0X50513GFI,120.243,30.3534,78518,0,110,0,14-3-28 0:0:53,1
0X50513GFI,120.243,30.3534,78518,0,110,0,14-3-28 0:2:53,1
0X50513GFI,120.243,30.3534,78518,0,110,0,14-3-28 0:4:52,1
0X50513GFI,120.243,30.3534,78518,0,110,0,14-3-28 0:6:52,1
0X50513GFI,120.243,30.3534,78518,0,110,0,14-3-28 0:8:52,1
0X50513GFI,120.243,30.3534,78518,0,110,0,14-3-28 0:10:52,1
0X50513GFI,120.243,30.3534,78518,0,110,0,14-3-28 0:12:52,1
0X50513GFI,120.243,30.3534,78518,0,110,0,14-3-28 0:14:52,1
0X50513GFI,120.243,30.3534,78518,0,110,0,14-3-28 0:16:52,1
0X50513GFI,120.243,30.3534,78518,0,110,0,14-3-28 0:18:52,1
0X50513GFI,120.243,30.3534,78518,0,110,0,14-3-28 0:20:52,1
0X50513GFI,120.243,30.3534,78518,0,110,0,14-3-28 0:22:52,1
0X50513GFI,120.243,30.3534,78518,0,110,0,14-3-28 0:24:52,1
0X50513GFI,120.243,30.3534,78518,0,110,0,14-3-28 0:26:52,1
0X50513GFI,120.243,30.3534,78518,0,110,0,14-3-28 0:28:52,1
0X50513GFI,120.243,30.3534,78518,0,110,0,14-3-28 0:30:52,1
0X50513GFI,120.243,30.3534,78518,0,110,0,14-3-28 0:32:52,1
0X50513GFI,120.243,30.3534,78518,0,110,0,14-3-28 0:34:52,1
0X50513GFI,120.243,30.3534,78518,0,110,0,14-3-28 0:36:52,1
0X50513GFI,120.243,30.3534,78518,0,110,0,14-3-28 0:38:52,1
0X50513GFI,120.243,30.3534,78518,0,110,0,14-3-28 0:40:52,1
0X50513GFI,120.243,30.3534,78518,0,110,0,14-3-28 0:42:52,1
0X50513GFI,120.243,30.3534,78518,0,110,0,14-3-28 0:44:52,1
0X50513GFI,120.243,30.3534,78518,0,110,0,14-3-28 0:46:52,1
0X50513GFI,120.243,30.3534,78518,0,110,0,14-3-28 0:48:52,1
0X50513GFI,120.243,30.3534,78518,0,110,0,14-3-28 0:50:52,1
0X50513GFI,120.243,30.3534,78518,0,110,0,14-3-28 0:52:52,1
0X50513GFI,120.243,30.3534,78518,0,110,0,14-3-28 0:54:52,1
0X50513GFI,120.243,30.3534,78518,0,110,0,14-3-28 0:56:52,1
0X50513GFI,120.243,30.3534,78518,0,110,0,14-3-28 0:58:52,1
0X50513GFI,120.243,30.3534,78518,0,110,0,14-3-28 1:0:52,1
0X50513GFI,120.243,30.3534,78518,0,110,0,14-3-28 1:2:52,1
0X50513GFI,120.243,30.3534,78518,0,110,0,14-3-28 1:4:52,1
0X50513GFI,120.243,30.3534,78518,0,110,0,14-3-28 1:6:52,1
0X50513GFI,120.243,30.3534,78518,0,110,0,14-3-28 1:8:52,1
0X50513GFI,120.243,30.3534,78518,0,110,0,14-3-28 1:10:52,1
0X50513GFI,120.243,30.3534,78518,0,110,0,14-3-28 1:12:52,1
0X50513GFI,120.243,30.3534,78518,0,110,0,14-3-28 1:14:52,1
0X50513GFI,120.243,30.3534,78518,0,110,0,14-3-28 1:16:52,1
0X50513GFI,120.243,30.3534,78518,0,110,0,14-3-28 1:18:52,1
0X50513GFI,120.243,30.3534,78518,0,110,0,14-3-28 1:20:52,1
0X50513GFI,120.243,30.3534,78518,0,110,0,14-3-28 1:22:52,1
0X50513GFI,120.243,30.3534,78518,0,110,0,14-3-28 1:24:52,1
0X50513GFI,120.243,30.3534,78518,0,110,0,14-3-28 1:26:52,1
0X50513GFI,120.243,30.3534,78518,0,110,0,14-3-28 1:28:52,1
0X50513GFI,120.243,30.3534,78518,0,110,0,14-3-28 1:30:52,1
0X50513GFI,120.243,30.3534,78518,0,110,0,14-3-28 1:32:52,1
0X50513GFI,120.243,30.3534,78518,0,110,0,14-3-28 1:34:52,1
0X50513GFI,120.243,30.3534,78518,0,110,0,14-3-28 1:36:52,1
0X50513GFI,120.243,30.3534,78518,0,110,0,14-3-28 1:38:52,1
0X50513GFI,120.243,30.3534,78518,0,110,0,14-3-28 1:40:52,1
0X50513GFI,120.243,30.3534,78518,0,110,0,14-3-28 1:42:52,1
0X50513GFI,120.243,30.3534,78518,0,110,0,14-3-28 1:44:52,1
0X50513GFI,120.243,30.3534,78518,0,110,0,14-3-28 1:46:52,1
0X50513GFI,120.243,30.3534,78518,0,110,0,14-3-28 1:48:52,1
0X50513GFI,120.243,30.3534,78518,0,110,0,14-3-28 1:50:52,1
0X50513GFI,120.243,30.3534,78518,0,110,0,14-3-28 1:52:52,1
0X50513GFI,120.243,30.3534,78518,0,110,0,14-3-28 1:54:52,1
0X50513GFI,120.243,30.3534,78518,0,110,0,14-3-28 1:56:52,1
0X50513GFI,120.243,30.3534,78518,0,110,0,14-3-28 1:58:52,1
0X50513GFI,120.243,30.3534,78518,0,110,0,14-3-28 2:0:53,1
0X50513GFI,120.243,30.3534,78518,0,110,0,14-3-28 2:2:52,1
0X50513GFI,120.243,30.3534,78518,0,110,0,14-3-28 2:4:52,1
0X50513GFI,120.243,30.3534,78518,0,110,0,14-3-28 2:6:52,1
0X50513GFI,120.243,30.3534,78518,0,110,0,14-3-28 2:8:52,1
0X50513GFI,120.243,30.3534,78518,0,110,0,14-3-28 2:10:52,1
0X50513GFI,120.243,30.3534,78518,0,110,0,14-3-28 2:12:52,1
0X50513GFI,120.243,30.3534,78518,0,110,0,14-3-28 2:14:52,1
0X50513GFI,120.243,30.3534,78518,0,110,0,14-3-28 2:16:52,1
0X50513GFI,120.243,30.3534,78518,0,110,0,14-3-28 2:18:51,1
0X50513GFI,120.243,30.3534,78518,0,110,0,14-3-28 2:20:52,1
0X50513GFI,120.243,30.3534,78518,0,110,0,14-3-28 2:22:51,1
0X50513GFI,120.243,30.3534,78518,0,110,0,14-3-28 2:24:52,1
0X50513GFI,120.243,30.3534,78518,0,110,0,14-3-28 2:26:53,1
0X50513GFI,120.243,30.3534,78518,0,110,0,14-3-28 2:28:53,1
0X50513GFI,120.243,30.3534,78518,0,110,0,14-3-28 2:30:53,1
0X50513GFI,120.243,30.3534,78518,0,110,0,14-3-28 2:32:53,1
0X50513GFI,120.243,30.3534,78518,0,110,0,14-3-28 2:34:53,1
0X50513GFI,120.243,30.3534,78518,0,110,0,14-3-28 2:36:52,1
0X50513GFI,120.243,30.3534,78518,0,110,0,14-3-28 2:38:52,1
0X50513GFI,120.243,30.3534,78518,0,110,0,14-3-28 2:40:52,1
0X50513GFI,120.243,30.3534,78518,0,110,0,14-3-28 2:42:52,1
0X50513GFI,120.243,30.3534,78518,0,110,0,14-3-28 2:44:52,1
0X50513GFI,120.243,30.3534,78518,0,110,0,14-3-28 2:46:52,1
0X50513GFI,120.243,30.3534,78518,0,110,0,14-3-28 2:48:52,1
0X50513GFI,120.243,30.3534,78518,0,110,0,14-3-28 2:50:52,1
0X50513GFI,120.243,30.3534,78518,0,110,0,14-3-28 2:52:52,1
0X50513GFI,120.243,30.3534,78518,0,110,0,14-3-28 2:54:52,1
0X50513GFI,120.243,30.3534,78518,0,110,0,14-3-28 2:56:53,1
0X50513GFI,120.243,30.3534,78518,0,110,0,14-3-28 2:58:53,1
0X50513GFI,120.243,30.3534,78518,0,110,0,14-3-28 3:0:53,1
0X50513GFI,120.243,30.3534,78518,0,110,0,14-3-28 3:2:53,1
0X50513GFI,120.243,30.3534,78518,0,110,0,14-3-28 3:4:53,1
0X50513GFI,120.243,30.3534,78518,0,110,0,14-3-28 3:6:52,1
0X50513GFI,120.243,30.3534,78518,0,110,0,14-3-28 3:8:52,1
0X50513GFI,120.243,30.3534,78518,0,110,0,14-3-28 3:10:52,1
0X50513GFI,120.243,30.3534,78518,0,110,0,14-3-28 3:12:52,1
0X50513GFI,120.243,30.3534,78518,0,110,0,14-3-28 3:14:52,1
0X50513GFI,120.243,30.3534,78518,0,110,0,14-3-28 3:16:52,1
0X50513GFI,120.243,30.3534,78518,0,110,0,14-3-28 3:18:52,1
0X50513GFI,120.243,30.3534,78518,0,110,0,14-3-28 3:20:52,1
0X50513GFI,120.243,30.3534,78518,0,110,0,14-3-28 3:22:52,1
0X50513GFI,120.243,30.3534,78518,0,110,0,14-3-28 3:24:52,1
0X50513GFI,120.243,30.3534,78518,0,110,0,14-3-28 3:26:53,1
0X50513GFI,120.243,30.3534,78518,0,110,0,14-3-28 3:28:53,1
0X50513GFI,120.243,30.3534,78518,0,110,0,14-3-28 3:30:53,1
0X50513GFI,120.243,30.3534,78518,0,110,0,14-3-28 3:32:53,1
0X50513GFI,120.243,30.3534,78518,0,110,0,14-3-28 3:34:53,1
0X50513GFI,120.243,30.3534,78518,0,110,0,14-3-28 3:36:52,1
0X50513GFI,120.243,30.3534,78518,0,110,0,14-3-28 3:38:52,1
0X50513GFI,120.243,30.3534,78518,0,110,0,14-3-28 3:40:52,1
0X50513GFI,120.243,30.3534,78518,0,110,0,14-3-28 3:42:52,1
0X50513GFI,120.243,30.3534,78518,0,110,0,14-3-28 3:44:52,1
0X50513GFI,120.243,30.3534,78518,0,110,0,14-3-28 3:46:52,1
0X50513GFI,120.243,30.3534,78518,0,110,0,14-3-28 3:48:52,1
0X50513GFI,120.243,30.3534,78518,0,110,0,14-3-28 3:50:52,1
0X50513GFI,120.243,30.3534,78518,0,110,0,14-3-28 3:52:52,1
0X50513GFI,120.243,30.3534,78518,0,110,0,14-3-28 3:54:52,1
0X50513GFI,120.243,30.3534,78518,0,110,0,14-3-28 3:56:52,1
0X50513GFI,120.243,30.3534,78518,0,110,0,14-3-28 3:58:52,1
0X50513GFI,120.243,30.3534,78518,0,110,0,14-3-28 4:0:52,1
0X50513GFI,120.243,30.3534,78518,0,110,0,14-3-28 4:2:52,1
0X50513GFI,120.243,30.3534,78518,0,110,0,14-3-28 4:4:52,1
0X50513GFI,120.243,30.3534,78518,0,110,0,14-3-28 4:6:52,1
0X50513GFI,120.243,30.3534,78518,0,110,0,14-3-28 4:8:52,1
0X50513GFI,120.243,30.3534,78518,0,110,0,14-3-28 4:10:52,1
0X50513GFI,120.243,30.3534,78518,0,110,0,14-3-28 4:12:52,1
0X50513GFI,120.243,30.3534,78518,0,110,0,14-3-28 4:14:52,1
0X50513GFI,120.243,30.3534,78518,0,110,0,14-3-28 4:16:52,1
0X50513GFI,120.243,30.3534,78518,0,110,0,14-3-28 4:18:52,1
0X50513GFI,120.243,30.3534,78518,0,110,0,14-3-28 4:20:52,1
0X50513GFI,120.243,30.3534,78518,0,110,0,14-3-28 4:22:52,1
0X50513GFI,120.243,30.3534,78518,0,110,0,14-3-28 4:24:52,1
0X50513GFI,120.243,30.3534,78518,0,110,0,14-3-28 4:26:52,1
0X50513GFI,120.243,30.3534,78518,0,110,0,14-3-28 4:28:52,1
0X50513GFI,120.243,30.3534,78518,0,110,0,14-3-28 4:30:52,1
0X50513GFI,120.243,30.3534,78518,0,110,0,14-3-28 4:32:52,1
0X50513GFI,120.243,30.3534,78518,0,110,0,14-3-28 4:34:52,1
0X50513GFI,120.243,30.3534,78518,0,110,0,14-3-28 4:36:52,1
0X50513GFI,120.243,30.3534,78518,0,110,0,14-3-28 4:38:52,1
0X50513GFI,120.243,30.3534,78518,0,110,0,14-3-28 4:40:52,1
0X50513GFI,120.243,30.3534,78518,0,110,0,14-3-28 4:42:52,1
0X50513GFI,120.243,30.3534,78518,0,110,0,14-3-28 4:44:52,1
0X50513GFI,120.243,30.3534,78518,0,110,0,14-3-28 4:46:52,1
0X50513GFI,120.243,30.3534,78518,0,110,0,14-3-28 4:48:52,1
0X50513GFI,120.243,30.3534,78518,0,110,0,14-3-28 4:50:52,1
0X50513GFI,120.243,30.3534,78518,0,110,0,14-3-28 4:52:52,1
0X50513GFI,120.243,30.3534,78518,0,110,0,14-3-28 4:54:52,1
0X50513GFI,120.243,30.3534,78518,0,110,0,14-3-28 4:56:52,1
0X50513GFI,120.243,30.3534,78518,0,110,0,14-3-28 4:58:52,1
0X50513GFI,120.243,30.3534,78518,0,110,0,14-3-28 5:0:53,1
0X50513GFI,120.243,30.3534,78518,0,110,0,14-3-28 5:2:53,1
0X50513GFI,120.243,30.3534,78518,0,110,0,14-3-28 5:4:52,1
0X50513GFI,120.243,30.3534,78518,0,110,0,14-3-28 5:6:53,1
0X50513GFI,120.243,30.3534,78518,0,110,0,14-3-28 5:8:53,1
0X50513GFI,120.243,30.3534,78518,0,110,0,14-3-28 5:10:53,1
0X50513GFI,120.243,30.3534,78518,0,110,0,14-3-28 5:12:52,1
0X50513GFI,120.243,30.3534,78518,0,110,0,14-3-28 5:14:52,1
0X50513GFI,120.243,30.3534,78518,0,110,0,14-3-28 5:16:52,1
0X50513GFI,120.243,30.3534,78518,0,110,0,14-3-28 5:18:52,1
0X50513GFI,120.243,30.3534,78518,0,110,0,14-3-28 5:20:52,1
0X50513GFI,120.243,30.3534,78518,0,110,0,14-3-28 5:22:52,1
0X50513GFI,120.243,30.3534,78518,0,110,0,14-3-28 5:24:52,1
0X50513GFI,120.243,30.3534,78518,0,110,0,14-3-28 5:26:53,1
0X50513GFI,120.243,30.3534,78518,0,110,0,14-3-28 5:28:53,1
0X50513GFI,120.243,30.3534,78518,0,110,0,14-3-28 5:30:53,1
0X50513GFI,120.243,30.3534,78518,0,110,0,14-3-28 5:32:53,1
0X50513GFI,120.243,30.3534,78518,0,110,0,14-3-28 5:34:53,1
0X50513GFI,120.243,30.3534,78518,0,110,0,14-3-28 5:36:52,1
0X50513GFI,120.243,30.3534,78518,0,110,0,14-3-28 5:38:52,1
0X50513GFI,120.243,30.3534,78518,0,110,0,14-3-28 5:40:52,1
0X50513GFI,120.243,30.3534,78518,0,110,0,14-3-28 5:42:52,1
0X50513GFI,120.243,30.3534,78518,0,110,0,14-3-28 5:44:52,1
0X50513GFI,120.243,30.3534,78518,0,110,0,14-3-28 5:46:52,1
0X50513GFI,120.243,30.3534,78518,0,110,0,14-3-28 5:48:52,1
0X50513GFI,120.243,30.3534,78518,0,110,0,14-3-28 5:50:52,1
0X50513GFI,120.243,30.3534,78518,0,110,0,14-3-28 5:52:52,1
0X50513GFI,120.243,30.3534,78518,0,110,0,14-3-28 5:54:52,1
0X50513GFI,120.243,30.3534,78518,0,110,0,14-3-28 5:56:53,1
0X50513GFI,120.243,30.3534,78518,0,110,0,14-3-28 5:58:53,1
0X50513GFI,120.243,30.3534,78518,0,110,0,14-3-28 6:0:53,1
0X50513GFI,120.243,30.3534,78518,0,110,0,14-3-28 6:2:53,1
0X50513GFI,120.243,30.3534,78518,0,110,0,14-3-28 6:4:53,1
0X50513GFI,120.243,30.3534,78518,0,110,0,14-3-28 6:6:52,1
0X50513GFI,120.243,30.3534,78518,0,110,0,14-3-28 6:8:52,1
0X50513GFI,120.243,30.3534,78518,0,110,0,14-3-28 6:10:52,1
0X50513GFI,120.243,30.3534,78518,0,110,0,14-3-28 6:12:52,1
0X50513GFI,120.243,30.3534,78518,0,110,0,14-3-28 6:14:52,1
0X50513GFI,120.243,30.3534,78518,0,110,0,14-3-28 6:16:52,1
0X50513GFI,120.243,30.3534,78518,0,110,0,14-3-28 6:18:52,1
0X50513GFI,120.243,30.3534,78518,0,110,0,14-3-28 6:20:52,1
0X50513GFI,120.243,30.3534,78518,0,110,0,14-3-28 6:22:52,1
0X50513GFI,120.243,30.3534,78518,0,110,0,14-3-28 6:24:52,1
0X50513GFI,120.243,30.3534,78518,0,110,0,14-3-28 6:26:53,1
0X50513GFI,120.243,30.3534,78518,0,110,0,14-3-28 6:28:53,1
0X50513GFI,120.243,30.3534,78518,0,110,0,14-3-28 6:30:53,1
0X50513GFI,120.243,30.3534,78518,0,110,0,14-3-28 6:32:53,1
0X50513GFI,120.243,30.3534,78518,0,110,0,14-3-28 6:34:53,1
0X50513GFI,120.243,30.3534,78518,0,110,0,14-3-28 6:36:52,1
0X50513GFI,120.243,30.3534,78518,0,110,0,14-3-28 6:38:52,1
0X50513GFI,120.243,30.3534,78518,0,110,0,14-3-28 6:40:52,1
0X50513GFI,120.243,30.3534,78518,0,110,0,14-3-28 6:42:52,1
0X50513GFI,120.243,30.3534,78518,0,110,0,14-3-28 6:44:52,1
0X50513GFI,120.243,30.3534,78518,0,110,0,14-3-28 6:46:52,1
0X50513GFI,120.243,30.3534,78518,0,110,0,14-3-28 6:48:52,1
0X50513GFI,120.243,30.3534,78518,0,110,0,14-3-28 6:50:52,1
0X50513GFI,120.243,30.3534,78518,0,110,0,14-3-28 6:52:52,1
0X50513GFI,120.243,30.3534,78518,0,110,0,14-3-28 6:54:52,1
0X50513GFI,120.243,30.3534,78518,0,110,0,14-3-28 6:56:53,1
0X50513GFI,120.243,30.3534,78518,0,110,0,14-3-28 6:58:53,1
0X50513GFI,120.243,30.3534,78518,0,110,0,14-3-28 7:0:53,1
0X50513GFI,120.243,30.3534,78518,0,110,0,14-3-28 7:2:53,1
0X50513GFI,120.243,30.3534,78518,0,110,0,14-3-28 7:4:53,1
0X50513GFI,120.243,30.3534,78518,0,110,0,14-3-28 7:6:52,1
0X50513GFI,120.243,30.3534,78518,0,110,0,14-3-28 7:8:52,1
0X50513GFI,120.243,30.3534,78518,0,110,0,14-3-28 7:10:52,1
0X50513GFI,120.243,30.3534,78518,0,110,0,14-3-28 7:12:52,1
0X50513GFI,120.243,30.3534,78518,0,110,0,14-3-28 7:14:52,1
0X50513GFI,120.243,30.3534,78518,0,110,0,14-3-28 7:16:52,1
0X50513GFI,120.243,30.3534,78518,0,110,0,14-3-28 7:18:52,1
0X50513GFI,120.243,30.3534,78518,0,110,0,14-3-28 7:20:52,1
0X50513GFI,120.243,30.3534,78518,0,110,0,14-3-28 7:22:52,1
0X50513GFI,120.243,30.3534,78518,0,110,0,14-3-28 7:24:52,1
0X50513GFI,120.243,30.3534,78518,0,110,0,14-3-28 7:26:52,1
0X50513GFI,120.243,30.3534,78518,0,110,0,14-3-28 7:28:52,1
0X50513GFI,120.243,30.3534,78518,0,110,0,14-3-28 7:30:52,1
0X50513GFI,120.243,30.3534,78518,0,110,0,14-3-28 7:32:52,1
0X50513GFI,120.243,30.3534,78518,0,110,0,14-3-28 7:34:52,1
0X50513GFI,120.243,30.3534,78518,0,110,0,14-3-28 7:36:52,1
0X50513GFI,120.243,30.3534,78518,0,110,0,14-3-28 7:38:52,1
0X50513GFI,120.243,30.3534,78518,0,110,0,14-3-28 7:40:52,1
0X50513GFI,120.243,30.3534,78518,0,110,0,14-3-28 7:42:52,1
0X50513GFI,120.243,30.3534,78518,0,110,0,14-3-28 7:44:52,1
0X50513GFI,120.243,30.3534,78518,0,110,0,14-3-28 7:46:52,1
0X50513GFI,120.243,30.3534,78518,0,110,0,14-3-28 7:48:52,1
0X50513GFI,120.243,30.3534,78518,0,110,0,14-3-28 7:50:52,1
0X50513GFI,120.243,30.3534,78518,0,110,0,14-3-28 7:52:52,1
0X50513GFI,120.243,30.3534,78518,0,110,0,14-3-28 7:54:52,1
0X50513GFI,120.243,30.3534,78518,0,110,0,14-3-28 7:56:52,1
0X50513GFI,120.243,30.3534,78518,0,110,0,14-3-28 7:58:53,1
0X50513GFI,120.243,30.3534,78518,0,110,0,14-3-28 8:0:52,1
0X50513GFI,120.243,30.3534,78518,0,110,0,14-3-28 8:2:52,1
0X50513GFI,120.243,30.3534,78518,0,110,0,14-3-28 8:4:53,1
0X50513GFI,120.243,30.3534,78518,0,110,0,14-3-28 8:6:51,1
0X50513GFI,120.243,30.3534,78518,0,110,0,14-3-28 8:8:52,1
0X50513GFI,120.243,30.3534,78518,0,110,0,14-3-28 8:10:52,1
0X50513GFI,120.243,30.3534,78518,0,110,0,14-3-28 8:12:51,1
0X50513GFI,120.243,30.3534,78518,0,110,0,14-3-28 8:14:51,1
0X50513GFI,120.243,30.3534,78518,0,110,0,14-3-28 8:16:53,1
0X50513GFI,120.243,30.3534,78518,0,110,0,14-3-28 8:18:53,1
0X50513GFI,120.243,30.3534,78518,0,110,0,14-3-28 8:20:53,1
0X50513GFI,120.243,30.3534,78518,0,110,0,14-3-28 8:22:53,1
0X50513GFI,120.243,30.3534,78518,0,110,0,14-3-28 8:24:53,1
0X50513GFI,120.243,30.3534,78518,0,110,0,14-3-28 8:26:53,1
0X50513GFI,120.243,30.3534,78518,0,110,0,14-3-28 8:28:53,1
0X50513GFI,120.243,30.3534,78518,0,110,0,14-3-28 8:30:53,1
0X50513GFI,120.243,30.3534,78518,0,110,0,14-3-28 8:32:53,1
0X50513GFI,120.243,30.3534,78518,0,110,0,14-3-28 8:34:53,1
0X50513GFI,120.243,30.3534,78518,0,110,0,14-3-28 8:36:52,1
0X50513GFI,120.243,30.3534,78518,0,110,0,14-3-28 8:38:52,1
0X50513GFI,120.243,30.3534,78518,0,110,0,14-3-28 8:40:52,1
0X50513GFI,120.243,30.3534,78518,0,110,0,14-3-28 8:42:52,1
0X50513GFI,120.243,30.3534,78518,0,110,0,14-3-28 8:44:52,1
0X50513GFI,120.243,30.3534,78518,0,110,0,14-3-28 8:46:52,1
0X50513GFI,120.243,30.3534,78518,0,110,0,14-3-28 8:48:52,1
0X50513GFI,120.243,30.3534,78518,0,110,0,14-3-28 8:50:52,1
0X50513GFI,120.243,30.3534,78518,0,110,0,14-3-28 8:52:52,1
0X50513GFI,120.243,30.3534,78518,0,110,0,14-3-28 8:54:52,1
0X50513GFI,120.243,30.3534,78518,0,110,0,14-3-28 8:56:53,1
0X50513GFI,120.243,30.3534,78518,0,110,0,14-3-28 8:58:53,1
0X50513GFI,120.243,30.3534,78518,0,110,0,14-3-28 9:0:53,1
0X50513GFI,120.243,30.3534,78518,0,110,0,14-3-28 9:2:53,1
0X50513GFI,120.243,30.3534,78518,0,110,0,14-3-28 9:4:53,1
0X50513GFI,120.243,30.3534,78518,0,110,0,14-3-28 9:6:52,1
0X50513GFI,120.243,30.3534,78518,0,110,0,14-3-28 9:8:52,1
0X50513GFI,120.243,30.3534,78518,0,110,0,14-3-28 9:10:52,1
0X50513GFI,120.243,30.3534,78518,0,110,0,14-3-28 9:12:52,1
0X50513GFI,120.243,30.3534,78518,0,110,0,14-3-28 9:14:52,1
0X50513GFI,120.243,30.3534,78518,0,110,0,14-3-28 9:16:52,1
0X50513GFI,120.243,30.3534,78518,0,110,0,14-3-28 9:18:52,1
0X50513GFI,120.243,30.3534,78518,0,110,0,14-3-28 9:20:52,1
0X50513GFI,120.243,30.3534,78518,0,110,0,14-3-28 9:22:52,1
0X50513GFI,120.243,30.3534,78518,0,110,0,14-3-28 9:24:52,1
0X50513GFI,120.243,30.3534,78518,0,110,0,14-3-28 9:26:52,1
0X50513GFI,120.243,30.3534,78518,0,110,0,14-3-28 9:28:52,1
0X50513GFI,120.243,30.3534,78518,0,110,0,14-3-28 9:30:52,1
0X50513GFI,120.243,30.3534,78518,0,110,0,14-3-28 9:32:52,1
0X50513GFI,120.243,30.3534,78518,0,110,0,14-3-28 9:34:52,1
0X50513GFI,120.243,30.3534,78518,0,110,0,14-3-28 9:36:53,1
0X50513GFI,120.243,30.3534,78518,0,110,0,14-3-28 9:38:53,1
0X50513GFI,120.243,30.3534,78518,0,110,0,14-3-28 9:40:53,1
0X50513GFI,120.243,30.3534,78518,0,110,0,14-3-28 9:42:53,1
0X50513GFI,120.243,30.3534,78518,0,110,0,14-3-28 9:44:53,1
0X50513GFI,120.243,30.3534,78518,0,110,0,14-3-28 9:46:52,1
0X50513GFI,120.243,30.3534,78518,0,110,0,14-3-28 9:48:52,1
0X50513GFI,120.243,30.3534,78518,0,110,0,14-3-28 9:50:51,1
0X50513GFI,120.243,30.3534,78518,0,110,0,14-3-28 9:52:51,1
0X50513GFI,120.243,30.3534,78518,0,110,0,14-3-28 9:54:51,1
0X50513GFI,120.243,30.3534,78518,0,110,0,14-3-28 9:56:52,1
0X50513GFI,120.243,30.3534,78518,0,110,0,14-3-28 9:58:52,1
0X50513GFI,120.243,30.3534,78518,0,110,0,14-3-28 10:0:52,1
0X50513GFI,120.243,30.3534,78518,0,110,0,14-3-28 10:2:52,1
0X50513GFI,120.243,30.3534,78518,0,110,0,14-3-28 10:4:52,1
0X50513GFI,120.243,30.3534,78518,0,110,0,14-3-28 10:5:55,1
0X50513GFI,120.243,30.3533,78518,0,80,0,14-3-28 10:6:24,1
0X50513GFI,120.243,30.3533,78518,0,35,0,14-3-28 10:6:54,1
0X50513GFI,120.243,30.3534,78518,0,60,0,14-3-28 10:7:24,1
0X50513GFI,120.243,30.3534,78518,0,75,0,14-3-28 10:7:54,1
0X50513GFI,120.243,30.3534,78518,0,50,0,14-3-28 10:8:24,1
0X50513GFI,120.243,30.3534,78518,0,45,0,14-3-28 10:8:54,1
0X50513GFI,120.243,30.3534,78518,0,75,0,14-3-28 10:9:24,1
0X50513GFI,120.243,30.3534,78518,0,45,0,14-3-28 10:9:54,1
0X50513GFI,120.243,30.3534,78518,0,60,0,14-3-28 10:11:54,1
0X50513GFI,120.243,30.3534,78518,0,60,0,14-3-28 10:13:54,1
0X50513GFI,120.243,30.3534,78518,0,60,0,14-3-28 10:15:54,1
0X50513GFI,120.243,30.3534,78518,0,60,0,14-3-28 10:17:54,1
0X50513GFI,120.243,30.3534,78518,0,60,0,14-3-28 10:19:54,1
0X50513GFI,120.243,30.3534,78518,0,60,0,14-3-28 10:21:54,1
0X50513GFI,120.243,30.3534,78518,0,60,0,14-3-28 10:23:54,1
0X50513GFI,120.243,30.3534,78518,0,60,0,14-3-28 10:25:54,1
0X50513GFI,120.243,30.3534,78518,0,60,0,14-3-28 10:27:54,1
0X50513GFI,120.243,30.3534,78518,0,60,0,14-3-28 10:29:54,1
0X50513GFI,120.243,30.3534,78518,0,60,0,14-3-28 10:31:54,1
0X50513GFI,120.243,30.3534,78518,0,60,0,14-3-28 10:33:54,1
0X50513GFI,120.243,30.3534,78518,0,60,0,14-3-28 10:35:54,1
0X50513GFI,120.243,30.3534,78518,0,60,0,14-3-28 10:37:54,1
0X50513GFI,120.243,30.3534,78518,0,60,0,14-3-28 10:39:54,1
0X50513GFI,120.243,30.3534,78518,0,60,0,14-3-28 10:41:54,1
0X50513GFI,120.243,30.3534,78518,0,60,0,14-3-28 10:43:54,1
0X50513GFI,120.243,30.3534,78518,0,60,0,14-3-28 10:45:54,1
0X50513GFI,120.243,30.3534,78518,0,60,0,14-3-28 10:47:54,1
0X50513GFI,120.243,30.3534,78518,0,60,0,14-3-28 10:49:54,1
0X50513GFI,120.243,30.3534,78518,0,60,0,14-3-28 10:51:54,1
0X50513GFI,120.243,30.3534,78518,0,60,0,14-3-28 10:53:54,1
0X50513GFI,120.243,30.3534,78518,0,60,0,14-3-28 10:55:54,1
0X50513GFI,120.243,30.3534,78518,0,60,0,14-3-28 10:57:54,1
0X50513GFI,120.243,30.3534,78518,0,60,0,14-3-28 10:59:54,1
0X50513GFI,120.243,30.3534,78518,0,60,0,14-3-28 11:1:54,1
0X50513GFI,120.243,30.3534,78518,0,60,0,14-3-28 11:3:54,1
0X50513GFI,120.243,30.3534,78518,0,60,0,14-3-28 11:5:54,1
0X50513GFI,120.243,30.3534,78518,0,60,0,14-3-28 11:7:54,1
0X50513GFI,120.243,30.3534,78518,0,60,0,14-3-28 11:9:54,1
0X50513GFI,120.243,30.3534,78518,0,60,0,14-3-28 11:11:54,1
0X50513GFI,120.243,30.3534,78518,0,60,0,14-3-28 11:13:54,1
0X50513GFI,120.243,30.3534,78518,0,60,0,14-3-28 11:15:54,1
0X50513GFI,120.243,30.3534,78518,0,60,0,14-3-28 11:17:54,1
0X50513GFI,120.243,30.3534,78518,0,60,0,14-3-28 11:19:54,1
0X50513GFI,120.243,30.3534,78518,0,60,0,14-3-28 11:21:54,1
0X50513GFI,120.243,30.3534,78518,0,60,0,14-3-28 11:23:54,1
0X50513GFI,120.243,30.3534,78518,0,60,0,14-3-28 11:25:54,1
0X50513GFI,120.243,30.3534,78518,0,60,0,14-3-28 11:27:55,1
0X50513GFI,120.243,30.3534,78518,0,60,0,14-3-28 11:29:54,1
0X50513GFI,120.243,30.3534,78518,0,60,0,14-3-28 11:31:54,1
0X50513GFI,120.243,30.3534,78518,0,60,0,14-3-28 11:33:55,1
0X50513GFI,120.243,30.3534,78518,0,60,0,14-3-28 11:35:55,1
0X50513GFI,120.243,30.3534,78518,0,60,0,14-3-28 11:37:55,1
0X50513GFI,120.243,30.3534,78518,0,60,0,14-3-28 11:39:55,1
0X50513GFI,120.243,30.3534,78518,0,60,0,14-3-28 11:41:55,1
0X50513GFI,120.243,30.3534,78518,0,60,0,14-3-28 11:43:55,1
0X50513GFI,120.243,30.3534,78518,0,60,0,14-3-28 11:45:55,1
0X50513GFI,120.243,30.3534,78518,0,60,0,14-3-28 11:47:54,1
0X50513GFI,120.243,30.3534,78518,0,60,0,14-3-28 11:49:54,1
0X50513GFI,120.243,30.3534,78518,0,60,0,14-3-28 11:51:54,1
0X50513GFI,120.243,30.3534,78518,0,60,0,14-3-28 11:53:54,1
0X50513GFI,120.243,30.3534,78518,0,60,0,14-3-28 11:55:54,1
0X50513GFI,120.243,30.3534,78518,0,60,0,14-3-28 11:57:54,1
0X50513GFI,120.243,30.3534,78518,0,60,0,14-3-28 11:59:54,1
0X50513GFI,120.243,30.3534,78518,0,60,0,14-3-28 12:1:54,1
0X50513GFI,120.243,30.3534,78518,0,60,0,14-3-28 12:3:54,1
0X50513GFI,120.243,30.3534,78518,0,60,0,14-3-28 12:5:44,1
0X50513GFI,120.243,30.3534,78518,0,45,0,14-3-28 12:6:14,1
0X50513GFI,120.243,30.3534,78518,0,90,0,14-3-28 12:6:44,1
0X50513GFI,120.243,30.3534,78518,0,50,0,14-3-28 12:8:44,1
0X50513GFI,120.243,30.3534,78518,0,50,0,14-3-28 12:10:44,1
0X50513GFI,120.243,30.3534,78518,0,50,0,14-3-28 12:12:44,1
0X50513GFI,120.243,30.3534,78518,0,50,0,14-3-28 12:14:44,1
0X50513GFI,120.243,30.3534,78518,0,50,0,14-3-28 12:16:45,1
0X50513GFI,120.243,30.3534,78518,0,50,0,14-3-28 12:18:45,1
0X50513GFI,120.243,30.3534,78518,0,50,0,14-3-28 12:19:33,1
0X50513GFI,120.243,30.3534,78518,0,55,0,14-3-28 12:20:1,1
0X50513GFI,120.243,30.3534,78518,0,50,0,14-3-28 12:20:31,1
0X50513GFI,120.243,30.3534,78518,0,45,0,14-3-28 12:21:1,1
0X50513GFI,120.243,30.3534,78518,0,165,0,14-3-28 12:21:31,1
0X50513GFI,120.243,30.3534,78518,0,50,0,14-3-28 12:22:1,1
0X50513GFI,120.243,30.3534,78518,0,30,0,14-3-28 12:22:31,1
0X50513GFI,120.243,30.3534,78518,0,25,0,14-3-28 12:23:1,1
0X50513GFI,120.243,30.3534,78518,0,30,0,14-3-28 12:23:31,1
0X50513GFI,120.243,30.3534,78518,0,25,0,14-3-28 12:24:1,1
0X50513GFI,120.243,30.3534,78518,0,0,0,14-3-28 12:24:31,1
0X50513GFI,120.243,30.3534,78518,0,50,0,14-3-28 12:25:1,1
0X50513GFI,120.243,30.3534,78518,0,0,0,14-3-28 12:25:31,1
0X50513GFI,120.243,30.3534,78518,0,10,0,14-3-28 12:27:31,1
0X50513GFI,120.243,30.3534,78518,0,10,0,14-3-28 12:29:31,1
0X50513GFI,120.243,30.3534,78518,0,10,0,14-3-28 12:31:32,1
0X50513GFI,120.243,30.3534,78518,0,10,0,14-3-28 12:33:32,1
0X50513GFI,120.243,30.3534,78518,0,10,0,14-3-28 12:35:32,1
0X50513GFI,120.243,30.3534,78518,0,10,0,14-3-28 12:37:32,1
0X50513GFI,120.243,30.3534,78518,0,10,0,14-3-28 12:39:32,1
0X50513GFI,120.243,30.3534,78518,0,10,0,14-3-28 12:41:31,1
0X50513GFI,120.243,30.3534,78518,0,10,0,14-3-28 12:43:31,1
0X50513GFI,120.243,30.3534,78518,0,10,0,14-3-28 12:45:31,1
0X50513GFI,120.243,30.3534,78518,0,10,0,14-3-28 12:47:31,1
0X50513GFI,120.243,30.3534,78518,0,10,0,14-3-28 12:49:31,1
0X50513GFI,120.243,30.3534,78518,0,10,0,14-3-28 12:51:31,1
0X50513GFI,120.243,30.3534,78518,0,10,0,14-3-28 12:53:31,1
0X50513GFI,120.243,30.3534,78518,0,10,0,14-3-28 12:55:31,1
0X50513GFI,120.243,30.3534,78518,0,10,0,14-3-28 12:57:31,1
0X50513GFI,120.243,30.3534,78518,0,10,0,14-3-28 12:59:31,1
0X50513GFI,120.243,30.3534,78518,0,10,0,14-3-28 13:1:31,1
0X50513GFI,120.243,30.3534,78518,0,10,0,14-3-28 13:3:31,1
0X50513GFI,120.243,30.3534,78518,0,10,0,14-3-28 13:5:31,1
0X50513GFI,120.243,30.3534,78518,0,10,0,14-3-28 13:7:31,1
0X50513GFI,120.243,30.3534,78518,0,10,0,14-3-28 13:9:31,1
0X50513GFI,120.243,30.3534,78518,0,10,0,14-3-28 13:11:31,1
0X50513GFI,120.243,30.3534,78518,0,10,0,14-3-28 13:13:31,1
0X50513GFI,120.243,30.3534,78518,0,10,0,14-3-28 13:15:31,1
0X50513GFI,120.243,30.3534,78518,0,10,0,14-3-28 13:17:31,1
0X50513GFI,120.243,30.3534,78518,0,10,0,14-3-28 13:19:31,1
0X50513GFI,120.243,30.3534,78518,0,10,0,14-3-28 13:21:31,1
0X50513GFI,120.243,30.3534,78518,0,10,0,14-3-28 13:23:31,1
0X50513GFI,120.243,30.3534,78518,0,10,0,14-3-28 13:25:31,1
0X50513GFI,120.243,30.3534,78518,0,10,0,14-3-28 13:27:31,1
0X50513GFI,120.243,30.3534,78518,0,10,0,14-3-28 13:29:31,1
0X50513GFI,120.243,30.3534,78518,0,10,0,14-3-28 13:31:31,1
0X50513GFI,120.243,30.3534,78518,0,10,0,14-3-28 13:33:31,1
0X50513GFI,120.243,30.3534,78518,0,10,0,14-3-28 13:35:31,1
0X50513GFI,120.243,30.3534,78518,0,10,0,14-3-28 13:37:31,1
0X50513GFI,120.243,30.3534,78518,0,10,0,14-3-28 13:39:31,1
0X50513GFI,120.243,30.3534,78518,0,10,0,14-3-28 13:41:31,1
0X50513GFI,120.243,30.3534,78518,0,10,0,14-3-28 13:43:31,1
0X50513GFI,120.243,30.3534,78518,0,10,0,14-3-28 13:45:31,1
0X50513GFI,120.243,30.3534,78518,0,10,0,14-3-28 13:47:31,1
0X50513GFI,120.243,30.3534,78518,0,10,0,14-3-28 13:49:31,1
0X50513GFI,120.243,30.3534,78518,0,10,0,14-3-28 13:51:31,1
0X50513GFI,120.243,30.3534,78518,0,10,0,14-3-28 13:53:31,1
0X50513GFI,120.243,30.3534,78518,0,10,0,14-3-28 13:55:31,1
0X50513GFI,120.243,30.3534,78518,0,10,0,14-3-28 13:57:31,1
0X50513GFI,120.243,30.3534,78518,0,10,0,14-3-28 13:59:31,1
0X50513GFI,120.243,30.3534,78518,0,10,0,14-3-28 14:1:31,1
0X50513GFI,120.243,30.3534,78518,0,10,0,14-3-28 14:3:31,1
0X50513GFI,120.243,30.3534,78518,0,10,0,14-3-28 14:5:31,1
0X50513GFI,120.243,30.3534,78518,0,10,0,14-3-28 14:7:31,1
0X50513GFI,120.243,30.3534,78518,0,10,0,14-3-28 14:9:31,1
0X50513GFI,120.243,30.3534,78518,0,10,0,14-3-28 14:11:31,1
0X50513GFI,120.243,30.3534,78518,0,10,0,14-3-28 14:13:31,1
0X50513GFI,120.243,30.3534,78518,0,10,0,14-3-28 14:15:31,1
0X50513GFI,120.243,30.3534,78518,0,10,0,14-3-28 14:17:31,1
0X50513GFI,120.243,30.3534,78518,0,10,0,14-3-28 14:19:31,1
0X50513GFI,120.243,30.3534,78518,0,10,0,14-3-28 14:21:31,1
0X50513GFI,120.243,30.3534,78518,0,10,0,14-3-28 14:23:31,1
0X50513GFI,120.243,30.3534,78518,0,10,0,14-3-28 14:25:31,1
0X50513GFI,120.243,30.3534,78518,0,10,0,14-3-28 14:27:32,1
0X50513GFI,120.243,30.3534,78518,0,10,0,14-3-28 14:29:32,1
0X50513GFI,120.243,30.3534,78518,0,10,0,14-3-28 14:31:32,1
0X50513GFI,120.243,30.3534,78518,0,10,0,14-3-28 14:33:32,1
0X50513GFI,120.243,30.3534,78518,0,10,0,14-3-28 14:35:32,1
0X50513GFI,120.243,30.3534,78518,0,10,0,14-3-28 14:37:32,1
0X50513GFI,120.243,30.3534,78518,0,10,0,14-3-28 14:39:32,1
0X50513GFI,120.243,30.3534,78518,0,10,0,14-3-28 14:41:31,1
0X50513GFI,120.243,30.3534,78518,0,10,0,14-3-28 14:43:31,1
0X50513GFI,120.243,30.3534,78518,0,10,0,14-3-28 14:45:31,1
0X50513GFI,120.243,30.3534,78518,0,10,0,14-3-28 14:47:31,1
0X50513GFI,120.243,30.3534,78518,0,10,0,14-3-28 14:49:31,1
0X50513GFI,120.243,30.3534,78518,0,10,0,14-3-28 14:51:31,1
0X50513GFI,120.243,30.3534,78518,0,10,0,14-3-28 14:53:31,1
0X50513GFI,120.243,30.3534,78518,0,10,0,14-3-28 14:55:31,1
0X50513GFI,120.243,30.3534,78518,0,10,0,14-3-28 14:57:31,1
0X50513GFI,120.243,30.3534,78518,0,10,0,14-3-28 14:59:31,1
0X50513GFI,120.243,30.3534,78518,0,10,0,14-3-28 15:1:32,1
0X50513GFI,120.243,30.3534,78518,0,10,0,14-3-28 15:3:32,1
0X50513GFI,120.243,30.3534,78518,0,10,0,14-3-28 15:5:32,1
0X50513GFI,120.243,30.3534,78518,0,10,0,14-3-28 15:7:32,1
0X50513GFI,120.243,30.3534,78518,0,10,0,14-3-28 15:9:32,1
0X50513GFI,120.243,30.3534,78518,0,10,0,14-3-28 15:11:31,1
0X50513GFI,120.243,30.3534,78518,0,10,0,14-3-28 15:13:31,1
0X50513GFI,120.243,30.3534,78518,0,10,0,14-3-28 15:15:31,1
0X50513GFI,120.243,30.3534,78518,0,10,0,14-3-28 15:17:31,1
0X50513GFI,120.243,30.3534,78518,0,10,0,14-3-28 15:19:31,1
0X50513GFI,120.243,30.3534,78518,0,10,0,14-3-28 15:21:31,1
0X50513GFI,120.243,30.3534,78518,0,10,0,14-3-28 15:23:31,1
0X50513GFI,120.243,30.3534,78518,0,10,0,14-3-28 15:25:31,1
0X50513GFI,120.243,30.3534,78518,0,10,0,14-3-28 15:27:31,1
0X50513GFI,120.243,30.3534,78518,0,10,0,14-3-28 15:29:31,1
0X50513GFI,120.243,30.3534,78518,0,10,0,14-3-28 15:31:32,1
0X50513GFI,120.243,30.3534,78518,0,10,0,14-3-28 15:33:32,1
0X50513GFI,120.243,30.3534,78518,0,10,0,14-3-28 15:35:32,1
0X50513GFI,120.243,30.3534,78518,0,10,0,14-3-28 15:37:32,1
0X50513GFI,120.243,30.3534,78518,0,10,0,14-3-28 15:39:32,1
0X50513GFI,120.243,30.3534,78518,0,10,0,14-3-28 15:41:31,1
0X50513GFI,120.243,30.3534,78518,0,10,0,14-3-28 15:43:31,1
0X50513GFI,120.243,30.3534,78518,0,10,0,14-3-28 15:45:31,1
0X50513GFI,120.243,30.3534,78518,0,10,0,14-3-28 15:47:31,1
0X50513GFI,120.243,30.3534,78518,0,10,0,14-3-28 15:49:31,1
0X50513GFI,120.243,30.3534,78518,0,10,0,14-3-28 15:51:31,1
0X50513GFI,120.243,30.3534,78518,0,10,0,14-3-28 15:53:31,1
0X50513GFI,120.243,30.3534,78518,0,10,0,14-3-28 15:55:31,1
0X50513GFI,120.243,30.3534,78518,0,10,0,14-3-28 15:57:31,1
0X50513GFI,120.243,30.3534,78518,0,10,0,14-3-28 15:59:31,1
0X50513GFI,120.243,30.3534,78518,0,10,0,14-3-28 16:1:32,1
0X50513GFI,120.243,30.3534,78518,0,10,0,14-3-28 16:3:32,1
0X50513GFI,120.243,30.3534,78518,0,10,0,14-3-28 16:5:32,1
0X50513GFI,120.243,30.3534,78518,0,10,0,14-3-28 16:7:32,1
0X50513GFI,120.243,30.3534,78518,0,10,0,14-3-28 16:9:32,1
0X50513GFI,120.243,30.3534,78518,0,10,0,14-3-28 16:11:31,1
0X50513GFI,120.243,30.3534,78518,0,10,0,14-3-28 16:13:31,1
0X50513GFI,120.243,30.3534,78518,0,10,0,14-3-28 16:15:31,1
0X50513GFI,120.243,30.3534,78518,0,10,0,14-3-28 16:19:31,1
0X50513GFI,120.243,30.3534,78518,0,10,0,14-3-28 16:21:31,1
0X50513GFI,120.243,30.3534,78518,0,10,0,14-3-28 16:23:31,1
0X50513GFI,120.243,30.3534,78518,0,10,0,14-3-28 16:25:31,1
0X50513GFI,120.243,30.3534,78518,0,10,0,14-3-28 16:27:31,1
0X50513GFI,120.243,30.3534,78518,0,10,0,14-3-28 16:29:31,1
0X50513GFI,120.243,30.3534,78518,0,10,0,14-3-28 16:31:31,1
0X50513GFI,120.243,30.3534,78518,0,10,0,14-3-28 16:33:31,1
0X50513GFI,120.243,30.3534,78518,0,10,0,14-3-28 16:35:31,1
0X50513GFI,120.243,30.3534,78518,0,10,0,14-3-28 16:37:31,1
0X50513GFI,120.243,30.3534,78518,0,10,0,14-3-28 16:39:31,1
0X50513GFI,120.243,30.3534,78518,0,10,0,14-3-28 16:41:31,1
0X50513GFI,120.243,30.3534,78518,0,10,0,14-3-28 16:43:31,1
0X50513GFI,120.243,30.3534,78518,0,10,0,14-3-28 16:45:31,1
0X50513GFI,120.243,30.3534,78518,0,10,0,14-3-28 16:47:31,1
0X50513GFI,120.243,30.3534,78518,0,10,0,14-3-28 16:49:31,1
0X50513GFI,120.243,30.3534,78518,0,10,0,14-3-28 16:51:31,1
0X50513GFI,120.243,30.3534,78518,0,10,0,14-3-28 16:53:31,1
0X50513GFI,120.243,30.3534,78518,0,10,0,14-3-28 16:55:31,1
0X50513GFI,120.243,30.3534,78518,0,10,0,14-3-28 16:57:31,1
0X50513GFI,120.243,30.3534,78518,0,10,0,14-3-28 16:59:31,1
0X50513GFI,120.243,30.3534,78518,0,10,0,14-3-28 17:1:31,1
0X50513GFI,120.243,30.3534,78518,0,10,0,14-3-28 17:3:31,1
0X50513GFI,120.243,30.3534,78518,0,10,0,14-3-28 17:5:31,1
0X50513GFI,120.243,30.3534,78518,0,10,0,14-3-28 17:7:32,1
0X50513GFI,120.243,30.3534,78518,0,10,0,14-3-28 17:9:32,1
0X50513GFI,120.243,30.3534,78518,0,10,0,14-3-28 17:11:31,1
0X50513GFI,120.243,30.3534,78518,0,10,0,14-3-28 17:13:32,1
0X50513GFI,120.243,30.3534,78518,0,10,0,14-3-28 17:15:32,1
0X50513GFI,120.243,30.3534,78518,0,10,0,14-3-28 17:17:32,1
0X50513GFI,120.243,30.3534,78518,0,10,0,14-3-28 17:19:32,1
0X50513GFI,120.243,30.3534,78518,0,10,0,14-3-28 17:21:31,1
0X50513GFI,120.243,30.3534,78518,0,10,0,14-3-28 17:23:31,1
