119GXUB7SI,116.679,39.8412,14315,0,4,0,14-3-29 11:5:54,0
119GXUB7SI,116.679,39.8412,14315,0,0,0,14-3-29 11:6:18,0
119GXUB7SI,124.487,46.8327,14315,0,40,0,14-3-29 11:8:17,1
119GXUB7SI,124.487,46.8327,14315,0,40,0,14-3-29 11:10:18,1
119GXUB7SI,124.487,46.8327,14315,0,40,0,14-3-29 11:12:19,1
119GXUB7SI,124.487,46.8327,14315,0,40,0,14-3-29 11:14:20,1
119GXUB7SI,124.487,46.8327,14315,0,40,0,14-3-29 11:16:21,1
119GXUB7SI,124.487,46.8327,14315,0,40,0,14-3-29 11:18:22,1
119GXUB7SI,124.487,46.8327,14315,0,40,0,14-3-29 11:20:24,1
119GXUB7SI,124.487,46.8327,14315,0,40,0,14-3-29 11:22:25,1
119GXUB7SI,124.487,46.8327,14315,0,40,0,14-3-29 11:24:27,1
119GXUB7SI,124.487,46.8327,14315,0,40,0,14-3-29 11:26:27,1
119GXUB7SI,124.487,46.8327,14315,0,40,0,14-3-29 11:28:28,1
119GXUB7SI,124.487,46.8327,14315,0,40,0,14-3-29 11:30:29,1
119GXUB7SI,124.487,46.8327,14315,0,40,0,14-3-29 11:32:31,1
119GXUB7SI,124.487,46.8327,14315,0,40,0,14-3-29 11:34:32,1
119GXUB7SI,124.487,46.8327,14315,0,40,0,14-3-29 11:36:33,1
119GXUB7SI,124.487,46.8327,14315,0,40,0,14-3-29 11:38:34,1
119GXUB7SI,124.487,46.8327,14315,0,40,0,14-3-29 11:40:35,1
119GXUB7SI,124.487,46.8327,14315,0,40,0,14-3-29 11:42:37,1
119GXUB7SI,124.487,46.8327,14315,0,40,0,14-3-29 11:44:38,1
119GXUB7SI,124.487,46.8327,14315,0,40,0,14-3-29 11:46:39,1
119GXUB7SI,124.487,46.8327,14315,0,40,0,14-3-29 11:48:40,1
119GXUB7SI,124.487,46.8327,14315,0,40,0,14-3-29 11:50:42,1
119GXUB7SI,124.487,46.8327,14315,0,40,0,14-3-29 11:52:43,1
119GXUB7SI,124.487,46.8327,14315,0,40,0,14-3-29 11:54:44,1
119GXUB7SI,124.487,46.8327,14315,0,40,0,14-3-29 11:56:45,1
119GXUB7SI,124.487,46.8327,14315,0,40,0,14-3-29 11:58:47,1
119GXUB7SI,124.487,46.8327,14315,0,40,0,14-3-29 12:0:48,1
119GXUB7SI,124.487,46.8327,14315,0,40,0,14-3-29 12:2:49,1
119GXUB7SI,124.487,46.8327,14315,0,40,0,14-3-29 12:4:50,1
119GXUB7SI,124.487,46.8327,14315,0,40,0,14-3-29 12:6:52,1
119GXUB7SI,124.487,46.8327,14315,0,40,0,14-3-29 12:8:53,1
119GXUB7SI,124.487,46.8327,14315,0,40,0,14-3-29 12:10:54,1
119GXUB7SI,124.487,46.8327,14315,0,40,0,14-3-29 12:12:56,1
119GXUB7SI,124.487,46.8327,14315,0,40,0,14-3-29 12:14:57,1
119GXUB7SI,124.487,46.8327,14315,0,40,0,14-3-29 12:16:58,1
119GXUB7SI,124.487,46.8327,14315,0,40,0,14-3-29 12:18:59,1
119GXUB7SI,124.487,46.8327,14315,0,40,0,14-3-29 12:21:1,1
119GXUB7SI,124.487,46.8327,14315,0,40,0,14-3-29 12:23:2,1
119GXUB7SI,124.487,46.8327,14315,0,40,0,14-3-29 12:25:3,1
119GXUB7SI,124.487,46.8327,14315,0,40,0,14-3-29 12:27:5,1
119GXUB7SI,124.487,46.8327,14315,0,40,0,14-3-29 12:29:6,1
119GXUB7SI,124.487,46.8327,14315,0,40,0,14-3-29 12:31:7,1
119GXUB7SI,124.487,46.8327,14315,0,40,0,14-3-29 12:33:9,1
119GXUB7SI,124.487,46.8327,14315,0,40,0,14-3-29 12:35:10,1
119GXUB7SI,124.487,46.8327,14315,0,40,0,14-3-29 12:37:11,1
119GXUB7SI,124.487,46.8327,14315,0,40,0,14-3-29 12:39:13,1
119GXUB7SI,124.487,46.8327,14315,0,40,0,14-3-29 12:41:14,1
119GXUB7SI,124.487,46.8327,14315,0,40,0,14-3-29 12:43:15,1
119GXUB7SI,124.487,46.8327,14315,0,40,0,14-3-29 12:45:17,1
119GXUB7SI,124.487,46.8327,14315,0,40,0,14-3-29 12:47:18,1
119GXUB7SI,124.487,46.8327,14315,0,40,0,14-3-29 12:49:19,1
119GXUB7SI,124.487,46.8327,14315,0,40,0,14-3-29 12:51:21,1
119GXUB7SI,124.487,46.8327,14315,0,40,0,14-3-29 12:53:22,1
119GXUB7SI,124.487,46.8327,14315,0,40,0,14-3-29 12:55:23,1
119GXUB7SI,124.487,46.8327,14315,0,40,0,14-3-29 12:57:25,1
119GXUB7SI,124.487,46.8327,14315,0,40,0,14-3-29 12:59:26,1
119GXUB7SI,124.487,46.8327,14315,0,40,0,14-3-29 13:1:28,1
119GXUB7SI,124.487,46.8327,14315,0,40,0,14-3-29 13:3:29,1
119GXUB7SI,124.529,46.8209,14315,0,0,0,14-3-29 13:4:35,1
119GXUB7SI,124.487,46.8327,14315,0,15,0,14-3-29 13:4:56,1
119GXUB7SI,124.487,46.8327,14315,0,15,0,14-3-29 13:5:7,1
119GXUB7SI,124.484,46.8337,14318,9,150,0,14-3-29 13:7:8,1
119GXUB7SI,124.483,46.8339,14319,0,125,0,14-3-29 13:9:9,1
119GXUB7SI,124.484,46.8348,14320,0,20,0,14-3-29 13:11:12,1
119GXUB7SI,124.484,46.8348,14320,0,20,0,14-3-29 13:13:12,1
119GXUB7SI,124.484,46.8348,14320,0,20,0,14-3-29 13:15:13,1
119GXUB7SI,124.484,46.8348,14320,0,20,0,14-3-29 13:17:15,1
119GXUB7SI,124.484,46.8348,14320,0,20,0,14-3-29 13:19:16,1
119GXUB7SI,124.484,46.8348,14320,0,20,0,14-3-29 13:21:17,1
119GXUB7SI,124.484,46.8348,14320,0,20,0,14-3-29 13:23:18,1
119GXUB7SI,124.484,46.8348,14320,0,20,0,14-3-29 13:25:20,1
119GXUB7SI,124.484,46.8348,14320,0,20,0,14-3-29 13:27:21,1
119GXUB7SI,124.484,46.8348,14320,0,20,0,14-3-29 13:29:22,1
119GXUB7SI,124.484,46.8348,14320,0,20,0,14-3-29 13:31:23,1
119GXUB7SI,124.484,46.8348,14320,0,20,0,14-3-29 13:33:26,1
119GXUB7SI,124.484,46.8348,14320,0,20,0,14-3-29 13:35:26,1
119GXUB7SI,124.484,46.8348,14320,0,20,0,14-3-29 13:37:27,1
119GXUB7SI,124.484,46.8348,14320,0,20,0,14-3-29 13:39:28,1
119GXUB7SI,124.484,46.8348,14320,0,20,0,14-3-29 13:41:29,1
119GXUB7SI,124.484,46.8348,14320,0,20,0,14-3-29 13:43:31,1
119GXUB7SI,124.484,46.8348,14320,0,20,0,14-3-29 13:45:32,1
119GXUB7SI,124.484,46.8348,14320,0,20,0,14-3-29 13:47:33,1
119GXUB7SI,124.484,46.8348,14320,0,20,0,14-3-29 13:49:34,1
119GXUB7SI,124.484,46.8348,14320,0,20,0,14-3-29 13:51:35,1
119GXUB7SI,124.484,46.8348,14320,0,20,0,14-3-29 13:53:38,1
119GXUB7SI,124.484,46.8348,14320,0,20,0,14-3-29 13:55:38,1
119GXUB7SI,124.484,46.8348,14320,0,20,0,14-3-29 13:57:39,1
119GXUB7SI,124.484,46.8348,14320,0,20,0,14-3-29 13:59:40,1
119GXUB7SI,124.484,46.8348,14320,0,20,0,14-3-29 14:1:42,1
119GXUB7SI,124.484,46.8348,14320,0,20,0,14-3-29 14:3:43,1
119GXUB7SI,124.484,46.8348,14320,0,20,0,14-3-29 14:5:44,1
119GXUB7SI,124.484,46.8348,14320,0,20,0,14-3-29 14:7:45,1
119GXUB7SI,124.484,46.8348,14320,0,20,0,14-3-29 14:9:46,1
119GXUB7SI,124.484,46.8348,14320,0,20,0,14-3-29 14:11:47,1
119GXUB7SI,124.484,46.8348,14320,0,20,0,14-3-29 14:13:49,1
119GXUB7SI,124.484,46.8348,14320,0,20,0,14-3-29 14:15:50,1
119GXUB7SI,124.484,46.8348,14320,0,20,0,14-3-29 14:17:51,1
119GXUB7SI,124.484,46.8348,14320,0,20,0,14-3-29 14:19:52,1
119GXUB7SI,124.484,46.8348,14320,0,20,0,14-3-29 14:21:53,1
119GXUB7SI,124.484,46.8348,14320,0,20,0,14-3-29 14:23:54,1
119GXUB7SI,124.484,46.8348,14320,0,20,0,14-3-29 14:25:56,1
119GXUB7SI,124.484,46.8348,14320,0,20,0,14-3-29 14:27:57,1
119GXUB7SI,124.484,46.8348,14320,0,20,0,14-3-29 14:29:58,1
119GXUB7SI,124.484,46.8348,14320,0,20,0,14-3-29 14:31:59,1
119GXUB7SI,124.484,46.8348,14320,0,20,0,14-3-29 14:34:0,1
119GXUB7SI,124.484,46.8348,14320,0,20,0,14-3-29 14:36:1,1
119GXUB7SI,124.484,46.8348,14320,0,20,0,14-3-29 14:38:2,1
119GXUB7SI,124.484,46.8348,14320,0,20,0,14-3-29 14:40:4,1
119GXUB7SI,124.484,46.8348,14320,0,20,0,14-3-29 14:44:7,1
119GXUB7SI,124.484,46.8348,14320,0,20,0,14-3-29 14:46:7,1
119GXUB7SI,124.484,46.8348,14320,0,20,0,14-3-29 14:48:8,1
119GXUB7SI,124.484,46.8348,14320,0,20,0,14-3-29 14:50:9,1
119GXUB7SI,124.484,46.8348,14320,0,20,0,14-3-29 14:52:10,1
119GXUB7SI,124.484,46.8348,14320,0,20,0,14-3-29 14:54:12,1
119GXUB7SI,124.484,46.8348,14320,0,20,0,14-3-29 14:56:13,1
119GXUB7SI,124.484,46.8348,14320,0,20,0,14-3-29 14:58:14,1
119GXUB7SI,124.484,46.8348,14320,0,20,0,14-3-29 15:0:16,1
119GXUB7SI,124.484,46.8348,14320,0,20,0,14-3-29 15:2:16,1
119GXUB7SI,124.484,46.8348,14320,0,20,0,14-3-29 15:4:17,1
119GXUB7SI,124.484,46.8348,14320,0,20,0,14-3-29 15:6:18,1
119GXUB7SI,124.484,46.8348,14320,0,20,0,14-3-29 15:8:19,1
119GXUB7SI,124.484,46.8348,14320,0,20,0,14-3-29 15:10:20,1
119GXUB7SI,124.484,46.8348,14320,0,20,0,14-3-29 15:12:21,1
119GXUB7SI,124.484,46.8348,14320,0,20,0,14-3-29 15:14:22,1
119GXUB7SI,124.484,46.8348,14320,0,20,0,14-3-29 15:16:24,1
119GXUB7SI,124.484,46.8348,14320,0,20,0,14-3-29 15:18:25,1
119GXUB7SI,124.484,46.8348,14320,0,20,0,14-3-29 15:20:26,1
119GXUB7SI,124.484,46.8348,14320,0,20,0,14-3-29 15:22:27,1
119GXUB7SI,124.484,46.8348,14320,0,20,0,14-3-29 15:24:29,1
119GXUB7SI,124.484,46.8348,14320,0,20,0,14-3-29 15:26:29,1
119GXUB7SI,124.484,46.8348,14320,0,20,0,14-3-29 15:28:30,1
119GXUB7SI,124.484,46.8348,14320,0,20,0,14-3-29 15:30:31,1
119GXUB7SI,124.484,46.8348,14320,0,20,0,14-3-29 15:32:32,1
119GXUB7SI,124.484,46.8348,14320,0,20,0,14-3-29 15:34:33,1
119GXUB7SI,124.484,46.8348,14320,0,20,0,14-3-29 15:36:34,1
119GXUB7SI,124.484,46.8348,14320,0,20,0,14-3-29 15:38:35,1
119GXUB7SI,124.484,46.8348,14320,0,20,0,14-3-29 15:40:36,1
119GXUB7SI,124.484,46.8348,14320,0,20,0,14-3-29 15:42:37,1
119GXUB7SI,124.484,46.8348,14320,0,20,0,14-3-29 15:44:38,1
119GXUB7SI,124.484,46.8348,14320,0,20,0,14-3-29 15:46:40,1
119GXUB7SI,124.484,46.8348,14320,0,20,0,14-3-29 15:48:41,1
119GXUB7SI,124.484,46.8348,14320,0,20,0,14-3-29 15:50:42,1
119GXUB7SI,124.484,46.8348,14320,0,20,0,14-3-29 15:52:43,1
119GXUB7SI,124.484,46.8348,14320,0,20,0,14-3-29 15:54:45,1
119GXUB7SI,124.484,46.8348,14320,0,20,0,14-3-29 15:56:46,1
119GXUB7SI,124.484,46.8348,14320,0,20,0,14-3-29 15:58:47,1
119GXUB7SI,124.484,46.8348,14320,0,20,0,14-3-29 16:0:48,1
119GXUB7SI,124.484,46.8348,14320,0,20,0,14-3-29 16:2:49,1
119GXUB7SI,124.484,46.8348,14320,0,20,0,14-3-29 16:4:50,1
119GXUB7SI,124.484,46.8348,14320,0,20,0,14-3-29 16:6:51,1
119GXUB7SI,124.484,46.8348,14320,0,20,0,14-3-29 16:8:52,1
119GXUB7SI,124.484,46.8348,14320,0,20,0,14-3-29 16:10:53,1
119GXUB7SI,124.484,46.8348,14320,0,20,0,14-3-29 16:12:54,1
119GXUB7SI,124.484,46.8348,14320,0,20,0,14-3-29 16:14:55,1
119GXUB7SI,124.484,46.8348,14320,0,20,0,14-3-29 16:15:21,1
119GXUB7SI,124.484,46.8348,14320,0,20,0,14-3-29 16:17:21,1
119GXUB7SI,124.484,46.8348,14320,0,20,0,14-3-29 16:19:22,1
119GXUB7SI,124.484,46.8348,14320,0,20,0,14-3-29 16:21:23,1
119GXUB7SI,124.484,46.8348,14320,0,20,0,14-3-29 16:23:24,1
119GXUB7SI,124.484,46.8348,14320,0,20,0,14-3-29 16:25:25,1
119GXUB7SI,124.484,46.8347,14320,0,90,0,14-3-29 16:27:26,1
119GXUB7SI,124.484,46.8347,14320,0,90,0,14-3-29 16:29:27,1
119GXUB7SI,124.484,46.8347,14320,0,90,0,14-3-29 16:31:28,1
119GXUB7SI,124.484,46.8347,14320,0,90,0,14-3-29 16:33:29,1
119GXUB7SI,124.484,46.8347,14320,0,90,0,14-3-29 16:35:30,1
119GXUB7SI,124.484,46.8347,14320,0,90,0,14-3-29 16:37:31,1
119GXUB7SI,124.484,46.8347,14320,0,90,0,14-3-29 16:39:32,1
119GXUB7SI,124.484,46.8347,14320,0,90,0,14-3-29 16:41:33,1
119GXUB7SI,124.484,46.8347,14320,0,90,0,14-3-29 16:43:34,1
119GXUB7SI,124.484,46.8347,14320,0,90,0,14-3-29 16:45:35,1
119GXUB7SI,124.484,46.8347,14320,0,90,0,14-3-29 16:47:36,1
119GXUB7SI,124.484,46.8347,14320,0,90,0,14-3-29 16:49:37,1
119GXUB7SI,124.484,46.8347,14320,0,90,0,14-3-29 16:51:38,1
119GXUB7SI,124.484,46.8347,14320,0,90,0,14-3-29 16:53:39,1
119GXUB7SI,124.484,46.8347,14320,0,90,0,14-3-29 16:55:41,1
119GXUB7SI,124.484,46.8347,14320,0,90,0,14-3-29 16:57:41,1
119GXUB7SI,124.484,46.8347,14320,0,90,0,14-3-29 16:59:43,1
119GXUB7SI,124.484,46.8347,14320,0,90,0,14-3-29 17:1:44,1
119GXUB7SI,124.5,46.8337,14320,0,4,0,14-3-29 17:3:56,1
119GXUB7SI,124.5,46.8337,14320,0,4,0,14-3-29 17:4:51,1
119GXUB7SI,124.5,46.8337,14320,0,0,0,14-3-29 17:5:2,1
119GXUB7SI,124.5,46.8337,14320,0,0,0,14-3-29 17:5:13,1
119GXUB7SI,124.484,46.8349,14320,0,0,0,14-3-29 17:7:14,1
119GXUB7SI,124.484,46.8349,14320,0,0,0,14-3-29 17:11:17,1
119GXUB7SI,124.484,46.8349,14320,0,0,0,14-3-29 17:13:17,1
119GXUB7SI,124.484,46.8349,14320,0,0,0,14-3-29 17:15:18,1
119GXUB7SI,124.484,46.8349,14320,0,0,0,14-3-29 17:17:19,1
119GXUB7SI,124.484,46.8349,14320,0,0,0,14-3-29 17:19:20,1
119GXUB7SI,124.484,46.8349,14320,0,0,0,14-3-29 17:21:21,1
119GXUB7SI,124.484,46.8349,14320,0,0,0,14-3-29 17:23:22,1
119GXUB7SI,124.484,46.8349,14320,0,0,0,14-3-29 17:25:23,1
119GXUB7SI,124.484,46.8349,14320,0,0,0,14-3-29 17:27:24,1
119GXUB7SI,124.484,46.8349,14320,0,0,0,14-3-29 17:29:25,1
119GXUB7SI,124.484,46.8349,14320,0,0,0,14-3-29 17:31:26,1
119GXUB7SI,124.484,46.8349,14320,0,0,0,14-3-29 17:33:27,1
119GXUB7SI,124.484,46.8349,14320,0,0,0,14-3-29 17:35:28,1
119GXUB7SI,124.484,46.8349,14320,0,0,0,14-3-29 17:37:29,1
119GXUB7SI,124.484,46.8349,14320,0,0,0,14-3-29 17:39:30,1
119GXUB7SI,124.484,46.8349,14320,0,0,0,14-3-29 17:41:31,1
119GXUB7SI,124.484,46.8349,14320,0,0,0,14-3-29 17:45:34,1
119GXUB7SI,124.484,46.8349,14320,0,0,0,14-3-29 17:47:34,1
119GXUB7SI,124.484,46.8349,14320,0,0,0,14-3-29 17:49:35,1
119GXUB7SI,124.484,46.8349,14320,0,0,0,14-3-29 17:51:36,1
119GXUB7SI,124.484,46.8349,14320,0,0,0,14-3-29 17:53:37,1
119GXUB7SI,124.484,46.8349,14320,0,0,0,14-3-29 17:55:38,1
119GXUB7SI,124.484,46.8349,14320,0,0,0,14-3-29 17:57:39,1
119GXUB7SI,124.484,46.8349,14320,0,0,0,14-3-29 17:59:40,1
119GXUB7SI,124.484,46.8349,14320,0,0,0,14-3-29 18:1:41,1
119GXUB7SI,124.484,46.8349,14320,0,0,0,14-3-29 18:3:42,1
119GXUB7SI,124.484,46.8349,14320,0,0,0,14-3-29 18:5:44,1
119GXUB7SI,124.484,46.8349,14320,0,0,0,14-3-29 18:7:44,1
119GXUB7SI,124.484,46.8349,14320,0,0,0,14-3-29 18:9:44,1
119GXUB7SI,124.484,46.8349,14320,0,0,0,14-3-29 18:11:45,1
119GXUB7SI,124.484,46.8349,14320,0,0,0,14-3-29 18:13:46,1
119GXUB7SI,124.484,46.8349,14320,0,0,0,14-3-29 18:15:49,1
119GXUB7SI,124.484,46.8349,14320,0,0,0,14-3-29 18:17:48,1
119GXUB7SI,124.484,46.8349,14320,0,0,0,14-3-29 18:19:49,1
119GXUB7SI,124.484,46.8349,14320,0,0,0,14-3-29 18:21:50,1
119GXUB7SI,124.484,46.8349,14320,0,0,0,14-3-29 18:23:51,1
119GXUB7SI,124.484,46.8349,14320,0,0,0,14-3-29 18:25:52,1
119GXUB7SI,124.484,46.8349,14320,0,0,0,14-3-29 18:27:53,1
119GXUB7SI,124.484,46.8349,14320,0,0,0,14-3-29 18:29:54,1
119GXUB7SI,124.484,46.8349,14320,0,0,0,14-3-29 18:31:55,1
119GXUB7SI,124.484,46.8349,14320,0,0,0,14-3-29 18:33:56,1
119GXUB7SI,124.484,46.8349,14320,0,0,0,14-3-29 18:35:57,1
119GXUB7SI,124.484,46.8349,14320,0,0,0,14-3-29 18:37:58,1
119GXUB7SI,124.484,46.8349,14320,0,0,0,14-3-29 18:39:59,1
119GXUB7SI,124.484,46.8349,14320,0,0,0,14-3-29 18:42:1,1
119GXUB7SI,124.484,46.8349,14320,0,0,0,14-3-29 18:44:1,1
119GXUB7SI,124.5,46.8337,14320,0,4,0,14-3-29 18:44:57,1
119GXUB7SI,124.5,46.8337,14320,0,0,0,14-3-29 18:45:7,1
119GXUB7SI,124.5,46.8337,14320,0,0,0,14-3-29 18:45:19,1
119GXUB7SI,124.484,46.8348,14320,0,165,0,14-3-29 18:47:20,1
119GXUB7SI,124.486,46.8369,14323,14,20,0,14-3-29 18:49:21,1
119GXUB7SI,124.497,46.8308,14333,42,65,0,14-3-29 18:51:22,1
119GXUB7SI,124.514,46.8208,14350,55,65,0,14-3-29 18:53:22,1
119GXUB7SI,124.534,46.8107,14368,55,55,0,14-3-29 18:55:23,1
119GXUB7SI,124.56,46.8049,14389,66,50,0,14-3-29 18:57:24,1
119GXUB7SI,124.573,46.8023,14398,12,50,0,14-3-29 18:59:25,1
119GXUB7SI,124.589,46.7961,14412,60,60,0,14-3-29 19:1:26,1
119GXUB7SI,124.613,46.7846,14434,66,60,0,14-3-29 19:3:27,1
119GXUB7SI,124.637,46.7723,14456,66,60,0,14-3-29 19:5:28,1
119GXUB7SI,124.661,46.7663,14476,47,55,0,14-3-29 19:7:29,1
119GXUB7SI,124.68,46.7545,14495,64,65,0,14-3-29 19:9:30,1
119GXUB7SI,124.702,46.741,14517,68,65,0,14-3-29 19:11:31,1
119GXUB7SI,124.727,46.7287,14540,66,60,0,14-3-29 19:13:32,1
119GXUB7SI,124.752,46.7171,14562,68,60,0,14-3-29 19:15:33,1
119GXUB7SI,124.778,46.7061,14585,66,60,0,14-3-29 19:17:34,1
119GXUB7SI,124.789,46.6992,14596,44,60,0,14-3-29 19:19:35,1
119GXUB7SI,124.801,46.6935,14607,49,60,0,14-3-29 19:21:36,1
119GXUB7SI,124.825,46.6823,14628,68,60,0,14-3-29 19:23:36,1
119GXUB7SI,124.84,46.6753,14641,11,60,0,14-3-29 19:25:37,1
119GXUB7SI,124.854,46.6692,14653,9,45,0,14-3-29 19:27:38,1
119GXUB7SI,124.862,46.6777,14664,31,15,0,14-3-29 19:29:39,1
119GXUB7SI,124.866,46.6809,14669,5,60,0,14-3-29 19:31:40,1
119GXUB7SI,124.866,46.6809,14669,0,60,0,14-3-29 19:33:41,1
119GXUB7SI,124.867,46.6808,14669,11,55,0,14-3-29 19:35:42,1
119GXUB7SI,124.879,46.6755,14681,47,55,0,14-3-29 19:37:43,1
119GXUB7SI,124.904,46.6703,14700,66,50,0,14-3-29 19:39:44,1
119GXUB7SI,124.931,46.6651,14721,64,45,0,14-3-29 19:41:45,1
119GXUB7SI,124.96,46.6603,14744,66,55,0,14-3-29 19:43:46,1
119GXUB7SI,124.988,46.6542,14766,68,50,0,14-3-29 19:45:47,1
119GXUB7SI,125.016,46.6486,14788,66,50,0,14-3-29 19:47:48,1
119GXUB7SI,125.045,46.6432,14811,69,50,0,14-3-29 19:49:49,1
119GXUB7SI,125.072,46.6356,14833,66,70,0,14-3-29 19:51:50,1
119GXUB7SI,125.092,46.6256,14852,22,45,0,14-3-29 19:53:51,1
119GXUB7SI,125.088,46.6148,14865,66,95,0,14-3-29 19:55:52,1
119GXUB7SI,125.077,46.5969,14887,49,115,0,14-3-29 19:57:55,1
119GXUB7SI,125.07,46.5791,14907,68,95,0,14-3-29 19:59:54,1
119GXUB7SI,124.937,46.0711,15486,0,0,0,14-3-29 20:57:26,1
119GXUB7SI,124.937,46.0711,15486,0,0,0,14-3-29 20:57:41,1
119GXUB7SI,124.922,46.0465,15486,0,80,0,14-3-29 20:57:50,1
119GXUB7SI,124.924,46.0396,15486,0,4,0,14-3-29 21:26:21,1
119GXUB7SI,124.924,46.0396,15486,0,0,0,14-3-29 21:27:6,1
119GXUB7SI,124.924,46.0396,15486,0,0,0,14-3-29 21:27:17,1
119GXUB7SI,124.924,46.0396,15486,0,0,0,14-3-29 21:27:28,1
119GXUB7SI,124.924,46.0331,15499,60,80,0,14-3-29 21:29:29,1
119GXUB7SI,124.931,46.0141,15520,66,80,0,14-3-29 21:31:30,1
119GXUB7SI,124.939,45.995,15542,66,75,0,14-3-29 21:33:32,1
119GXUB7SI,124.951,45.9764,15564,66,75,0,14-3-29 21:35:32,1
119GXUB7SI,124.962,45.9579,15585,64,80,0,14-3-29 21:37:33,1
119GXUB7SI,124.966,45.938,15607,64,85,0,14-3-29 21:39:34,1
119GXUB7SI,124.969,45.9181,15629,64,85,0,14-3-29 21:41:35,1
119GXUB7SI,124.997,45.8835,15673,69,65,0,14-3-29 21:45:38,1
119GXUB7SI,125.016,45.869,15695,66,65,0,14-3-29 21:47:37,1
119GXUB7SI,125.036,45.8539,15717,68,70,0,14-3-29 21:49:38,1
119GXUB7SI,125.05,45.8359,15739,66,80,0,14-3-29 21:51:39,1
119GXUB7SI,125.057,45.8155,15761,68,80,0,14-3-29 21:53:40,1
119GXUB7SI,125.062,45.7953,15784,66,85,0,14-3-29 21:55:41,1
119GXUB7SI,125.059,45.7744,15806,68,95,0,14-3-29 21:57:42,1
119GXUB7SI,125.056,45.7542,15828,71,90,0,14-3-29 21:59:43,1
119GXUB7SI,125.056,45.7325,15852,66,90,0,14-3-29 22:1:44,1
119GXUB7SI,125.055,45.711,15875,69,90,0,14-3-29 22:3:46,1
119GXUB7SI,125.061,45.6902,15898,69,80,0,14-3-29 22:5:47,1
119GXUB7SI,125.071,45.6706,15921,69,80,0,14-3-29 22:7:47,1
119GXUB7SI,125.078,45.651,15943,68,85,0,14-3-29 22:9:48,1
119GXUB7SI,125.071,45.6311,15965,62,100,0,14-3-29 22:11:49,1
119GXUB7SI,125.061,45.6123,15987,64,100,0,14-3-29 22:13:50,1
119GXUB7SI,125.051,45.5929,16010,66,95,0,14-3-29 22:15:51,1
119GXUB7SI,125.044,45.5735,16032,66,95,0,14-3-29 22:17:52,1
119GXUB7SI,125.033,45.5536,16055,69,100,0,14-3-29 22:19:53,1
119GXUB7SI,125.021,45.5338,16078,69,100,0,14-3-29 22:21:54,1
119GXUB7SI,125.006,45.5178,16099,23,110,0,14-3-29 22:23:55,1
119GXUB7SI,125.006,45.5174,16099,0,105,0,14-3-29 22:25:56,1
119GXUB7SI,125.006,45.5174,16092,0,0,0,14-3-29 22:27:10,0
119GXUB7SI,125.006,45.5174,16092,0,0,0,14-3-29 22:27:21,0
119GXUB7SI,125.006,45.5174,16093,0,0,0,14-3-29 22:27:33,0
119GXUB7SI,124.993,45.5024,16110,64,90,0,14-3-29 22:29:33,1
119GXUB7SI,124.991,45.4825,16132,68,90,0,14-3-29 22:31:33,1
119GXUB7SI,124.986,45.4623,16154,64,95,0,14-3-29 22:33:35,1
119GXUB7SI,124.974,45.4444,16176,66,100,0,14-3-29 22:35:35,1
119GXUB7SI,124.967,45.4293,16192,0,15,0,14-3-29 22:37:36,1
119GXUB7SI,124.964,45.4164,16207,62,90,0,14-3-29 22:39:37,1
119GXUB7SI,124.961,45.3963,16229,66,95,0,14-3-29 22:41:38,1
119GXUB7SI,124.959,45.3771,16250,60,85,0,14-3-29 22:43:39,1
119GXUB7SI,124.961,45.3565,16273,66,90,0,14-3-29 22:45:40,1
119GXUB7SI,124.955,45.3363,16295,64,95,0,14-3-29 22:47:43,1
119GXUB7SI,124.949,45.3166,16317,66,100,0,14-3-29 22:49:42,1
119GXUB7SI,124.939,45.3068,16330,0,115,0,14-3-29 22:51:43,1
119GXUB7SI,124.938,45.3062,16330,0,105,0,14-3-29 22:53:44,1
119GXUB7SI,124.938,45.3062,16330,0,105,0,14-3-29 22:55:45,1
119GXUB7SI,124.938,45.3062,16330,0,105,0,14-3-29 22:57:46,1
119GXUB7SI,124.931,45.3019,16330,0,0,0,14-3-29 22:59:40,1
119GXUB7SI,124.937,45.306,16330,0,0,0,14-3-29 22:59:52,1
119GXUB7SI,124.937,45.306,16330,0,0,0,14-3-29 23:0:3,1
119GXUB7SI,124.938,45.306,16330,0,85,0,14-3-29 23:2:4,1
119GXUB7SI,124.938,45.306,16330,0,85,0,14-3-29 23:4:5,1
119GXUB7SI,124.938,45.306,16330,0,85,0,14-3-29 23:6:5,1
119GXUB7SI,124.931,45.3019,16330,0,4,0,14-3-29 23:7:47,1
119GXUB7SI,124.931,45.3019,16330,0,0,0,14-3-29 23:7:58,1
119GXUB7SI,124.931,45.3019,16330,0,0,0,14-3-29 23:8:10,1
119GXUB7SI,124.938,45.3058,16330,0,0,0,14-3-29 23:10:10,1
119GXUB7SI,124.938,45.3058,16330,0,0,0,14-3-29 23:12:11,1
119GXUB7SI,124.938,45.3058,16330,0,0,0,14-3-29 23:14:12,1
119GXUB7SI,124.938,45.3058,16330,0,0,0,14-3-29 23:16:13,1
119GXUB7SI,124.931,45.3019,16330,0,0,0,14-3-29 23:18:20,1
119GXUB7SI,124.938,45.3055,16331,9,105,0,14-3-29 23:18:42,1
119GXUB7SI,124.927,45.2953,16345,66,105,0,14-3-29 23:20:43,1
119GXUB7SI,124.914,45.2772,16367,66,90,0,14-3-29 23:22:44,1
119GXUB7SI,124.909,45.2569,16389,66,95,0,14-3-29 23:24:45,1
119GXUB7SI,124.9,45.2367,16413,69,95,0,14-3-29 23:26:46,1
119GXUB7SI,124.893,45.2164,16435,68,90,0,14-3-29 23:28:47,1
119GXUB7SI,124.888,45.1959,16458,68,90,0,14-3-29 23:30:48,1
119GXUB7SI,124.89,45.1761,16480,68,80,0,14-3-29 23:32:48,1
119GXUB7SI,124.889,45.1553,16502,69,95,0,14-3-29 23:34:49,1
119GXUB7SI,124.875,45.1372,16524,62,100,0,14-3-29 23:36:50,1
119GXUB7SI,124.848,45.1013,16569,62,105,0,14-3-29 23:40:54,1
119GXUB7SI,124.831,45.0857,16590,64,105,0,14-3-29 23:42:53,1
119GXUB7SI,124.811,45.0782,16608,44,105,0,14-3-29 23:44:54,1
119GXUB7SI,124.831,45.0659,16630,69,60,0,14-3-29 23:46:55,1
119GXUB7SI,124.851,45.0506,16653,66,70,0,14-3-29 23:48:56,1
119GXUB7SI,124.862,45.0316,16676,66,80,0,14-3-29 23:50:57,1
119GXUB7SI,124.887,44.9939,16721,66,75,0,14-3-29 23:55:0,1
119GXUB7SI,124.903,44.9774,16743,66,65,0,14-3-29 23:57:0,1
119GXUB7SI,124.922,44.9626,16764,53,70,0,14-3-29 23:59:1,1
