137GXUB7SI,121.289,31.36,0,0,0,0,14-3-29 17:38:43,0
137GXUB7SI,121.289,31.36,0,0,0,0,14-3-29 17:38:54,0
137GXUB7SI,121.289,31.36,0,0,0,0,14-3-29 17:39:7,0
137GXUB7SI,121.289,31.36,0,0,0,0,14-3-29 17:41:4,0
137GXUB7SI,121.289,31.36,0,0,0,0,14-3-29 17:43:5,0
137GXUB7SI,121.289,31.36,0,0,0,0,14-3-29 17:45:6,0
137GXUB7SI,121.289,31.36,0,0,0,0,14-3-29 17:47:7,0
137GXUB7SI,121.289,31.36,0,0,0,0,14-3-29 17:49:8,0
137GXUB7SI,121.359,31.2869,0,0,0,0,14-3-29 17:51:9,1
137GXUB7SI,121.359,31.2869,0,0,0,0,14-3-29 17:53:10,0
137GXUB7SI,121.359,31.2869,0,0,0,0,14-3-29 17:55:11,0
137GXUB7SI,121.343,31.2888,0,0,0,0,14-3-29 17:57:12,1
137GXUB7SI,121.343,31.2888,0,0,0,0,14-3-29 17:59:13,0
137GXUB7SI,121.343,31.2888,0,0,0,0,14-3-29 18:1:14,0
137GXUB7SI,121.343,31.2888,0,0,0,0,14-3-29 18:3:15,0
137GXUB7SI,121.343,31.2888,0,0,0,0,14-3-29 18:5:16,0
137GXUB7SI,121.343,31.2888,0,0,0,0,14-3-29 18:5:42,0
137GXUB7SI,121.343,31.2888,0,0,0,0,14-3-29 18:5:51,0
137GXUB7SI,121.343,31.2888,0,0,0,0,14-3-29 18:6:0,0
137GXUB7SI,121.343,31.2888,0,0,0,0,14-3-29 18:14:2,0
137GXUB7SI,121.343,31.2888,0,0,0,0,14-3-29 18:14:13,0
137GXUB7SI,121.343,31.2888,0,0,0,0,14-3-29 18:14:26,0
137GXUB7SI,121.343,31.2888,0,0,0,0,14-3-29 18:16:27,0
137GXUB7SI,121.343,31.2888,0,0,0,0,14-3-29 18:18:28,0
137GXUB7SI,121.343,31.2302,0,0,0,0,14-3-29 18:20:29,1
137GXUB7SI,121.339,31.2255,0,0,0,0,14-3-29 18:22:30,1
137GXUB7SI,121.339,31.2255,0,0,0,0,14-3-29 18:24:31,1
137GXUB7SI,121.323,31.2233,0,0,0,0,14-3-29 18:26:32,1
137GXUB7SI,121.323,31.2233,0,0,0,0,14-3-29 18:28:33,1
137GXUB7SI,121.323,31.2233,0,0,0,0,14-3-29 18:30:34,0
137GXUB7SI,121.296,31.2239,0,0,0,0,14-3-29 18:32:35,1
137GXUB7SI,121.299,31.2274,0,0,0,0,14-3-29 18:34:36,1
137GXUB7SI,121.301,31.2222,0,0,0,0,14-3-29 18:36:37,1
137GXUB7SI,121.296,31.2239,0,0,0,0,14-3-29 18:38:38,1
137GXUB7SI,121.296,31.2239,0,0,0,0,14-3-29 18:40:39,0
137GXUB7SI,121.301,31.1996,0,0,0,0,14-3-29 18:42:40,1
137GXUB7SI,121.301,31.1996,0,0,0,0,14-3-29 18:44:41,1
137GXUB7SI,121.301,31.1996,0,0,0,0,14-3-29 18:46:42,0
137GXUB7SI,121.301,31.1996,0,0,0,0,14-3-29 18:48:43,0
137GXUB7SI,121.301,31.1996,0,0,0,0,14-3-29 18:50:44,0
137GXUB7SI,121.301,31.1996,0,0,0,0,14-3-29 18:52:45,0
137GXUB7SI,121.301,31.1996,0,0,0,0,14-3-29 18:54:46,0
137GXUB7SI,121.301,31.1996,0,0,0,0,14-3-29 18:56:47,0
137GXUB7SI,121.301,31.1996,0,0,0,0,14-3-29 18:58:48,0
137GXUB7SI,121.301,31.1996,0,0,0,0,14-3-29 19:0:49,0
137GXUB7SI,121.301,31.1996,0,0,0,0,14-3-29 19:2:50,0
137GXUB7SI,121.301,31.1996,0,0,0,0,14-3-29 19:4:51,0
137GXUB7SI,121.301,31.1996,0,0,0,0,14-3-29 19:6:52,0
137GXUB7SI,121.301,31.1996,0,0,0,0,14-3-29 19:8:53,0
137GXUB7SI,121.301,31.1996,0,0,0,0,14-3-29 19:10:54,0
137GXUB7SI,121.301,31.1996,0,0,0,0,14-3-29 19:12:55,0
137GXUB7SI,121.301,31.1996,0,0,0,0,14-3-29 19:14:54,0
137GXUB7SI,121.301,31.1996,0,0,0,0,14-3-29 19:16:55,0
137GXUB7SI,121.301,31.1996,0,0,0,0,14-3-29 19:18:56,0
137GXUB7SI,121.301,31.1996,0,0,0,0,14-3-29 19:20:58,0
137GXUB7SI,121.301,31.1996,0,0,0,0,14-3-29 19:22:58,0
137GXUB7SI,121.301,31.1996,0,0,0,0,14-3-29 19:24:59,0
137GXUB7SI,121.301,31.1996,0,0,0,0,14-3-29 19:27:0,0
137GXUB7SI,121.301,31.1996,0,0,0,0,14-3-29 19:29:1,0
137GXUB7SI,121.301,31.1996,0,0,0,0,14-3-29 19:31:2,0
137GXUB7SI,121.301,31.1996,0,0,0,0,14-3-29 19:33:3,0
137GXUB7SI,121.301,31.1996,0,0,0,0,14-3-29 19:35:4,0
137GXUB7SI,121.301,31.1996,0,0,0,0,14-3-29 19:37:5,0
137GXUB7SI,121.301,31.1996,0,0,0,0,14-3-29 19:39:6,0
137GXUB7SI,121.301,31.1996,0,0,0,0,14-3-29 19:41:7,0
137GXUB7SI,121.301,31.1996,0,0,0,0,14-3-29 19:43:8,0
137GXUB7SI,121.301,31.1996,0,0,0,0,14-3-29 19:45:9,0
137GXUB7SI,121.301,31.1996,0,0,0,0,14-3-29 19:47:10,0
137GXUB7SI,121.301,31.1996,0,0,0,0,14-3-29 19:49:11,0
137GXUB7SI,121.301,31.1996,0,0,0,0,14-3-29 19:51:12,0
137GXUB7SI,121.301,31.1996,0,0,0,0,14-3-29 19:53:13,0
137GXUB7SI,121.301,31.1996,0,0,0,0,14-3-29 19:55:14,0
137GXUB7SI,121.301,31.1996,0,0,0,0,14-3-29 19:57:15,0
137GXUB7SI,121.301,31.1996,0,0,0,0,14-3-29 19:59:16,0
137GXUB7SI,121.301,31.1996,0,0,0,0,14-3-29 20:1:17,0
137GXUB7SI,121.301,31.1996,0,0,0,0,14-3-29 20:3:18,0
137GXUB7SI,121.301,31.1996,0,0,0,0,14-3-29 20:5:19,0
137GXUB7SI,121.301,31.1996,0,0,0,0,14-3-29 20:7:20,0
137GXUB7SI,121.301,31.1996,0,0,0,0,14-3-29 20:9:21,0
137GXUB7SI,121.272,31.1804,0,0,0,0,14-3-29 20:11:22,1
137GXUB7SI,121.287,31.1561,0,0,0,0,14-3-29 20:13:23,1
137GXUB7SI,121.298,31.1266,0,0,0,0,14-3-29 20:17:26,1
137GXUB7SI,121.296,31.0966,0,0,0,0,14-3-29 20:19:26,1
137GXUB7SI,121.296,31.0966,0,0,0,0,14-3-29 20:21:27,0
137GXUB7SI,121.298,31.0624,0,0,0,0,14-3-29 20:23:28,1
137GXUB7SI,121.273,31.0445,0,0,0,0,14-3-29 20:25:29,1
137GXUB7SI,121.247,31.0307,0,0,0,0,14-3-29 20:27:30,1
137GXUB7SI,121.247,31.0307,0,0,0,0,14-3-29 20:29:31,0
137GXUB7SI,121.247,31.0307,0,0,0,0,14-3-29 20:31:32,0
137GXUB7SI,121.163,31.0192,0,0,0,0,14-3-29 20:33:33,1
137GXUB7SI,121.148,31.0134,0,0,0,0,14-3-29 20:35:34,1
137GXUB7SI,121.148,31.0134,0,0,0,0,14-3-29 20:37:35,0
137GXUB7SI,121.094,30.9635,0,0,0,0,14-3-29 20:41:38,1
137GXUB7SI,121.094,30.9635,0,0,0,0,14-3-29 20:43:38,0
137GXUB7SI,121.07,30.9237,0,0,0,0,14-3-29 20:45:39,1
137GXUB7SI,121.048,30.9073,0,0,0,0,14-3-29 20:47:40,1
137GXUB7SI,121.048,30.9073,0,0,0,0,14-3-29 20:49:41,0
137GXUB7SI,121.048,30.9073,0,0,0,0,14-3-29 20:51:42,0
137GXUB7SI,121.048,30.9073,0,0,0,0,14-3-29 20:53:43,0
137GXUB7SI,121.048,30.9073,0,0,0,0,14-3-29 20:55:44,0
137GXUB7SI,121.048,30.9073,0,0,0,0,14-3-29 20:57:45,0
137GXUB7SI,121.048,30.9073,0,0,0,0,14-3-29 20:59:46,0
137GXUB7SI,121.048,30.9073,0,0,0,0,14-3-29 21:1:47,0
137GXUB7SI,121.048,30.9073,0,0,0,0,14-3-29 21:3:48,0
137GXUB7SI,121.048,30.9073,0,0,0,0,14-3-29 21:5:49,0
137GXUB7SI,121.048,30.9073,0,0,0,0,14-3-29 21:7:50,0
137GXUB7SI,121.048,30.9073,0,0,0,0,14-3-29 21:9:51,0
137GXUB7SI,121.048,30.9073,0,0,0,0,14-3-29 21:11:52,0
137GXUB7SI,121.048,30.9073,0,0,0,0,14-3-29 21:13:51,0
137GXUB7SI,121.03,30.8916,0,0,0,0,14-3-29 21:15:52,1
137GXUB7SI,121.011,30.8741,0,0,0,0,14-3-29 21:17:53,1
137GXUB7SI,121.011,30.8741,0,0,0,0,14-3-29 21:19:54,0
137GXUB7SI,120.985,30.8472,0,0,0,0,14-3-29 21:21:55,1
137GXUB7SI,120.976,30.8319,0,0,0,0,14-3-29 21:23:56,1
137GXUB7SI,120.951,30.8045,0,0,0,0,14-3-29 21:25:57,1
137GXUB7SI,120.941,30.7945,0,0,0,0,14-3-29 21:27:58,1
137GXUB7SI,120.932,30.7882,0,0,0,0,14-3-29 21:29:59,1
137GXUB7SI,120.898,30.7665,0,0,0,0,14-3-29 21:32:0,1
137GXUB7SI,120.887,30.7401,0,0,0,0,14-3-29 21:34:1,1
137GXUB7SI,120.863,30.7403,0,0,0,0,14-3-29 21:36:2,1
137GXUB7SI,120.842,30.7204,0,0,0,0,14-3-29 21:38:3,1
137GXUB7SI,120.842,30.7204,0,0,0,0,14-3-29 21:40:4,1
137GXUB7SI,120.801,30.6858,0,0,0,0,14-3-29 21:42:5,1
137GXUB7SI,120.786,30.6778,0,0,0,0,14-3-29 21:44:7,1
137GXUB7SI,120.755,30.6659,0,0,0,0,14-3-29 21:46:7,1
137GXUB7SI,120.755,30.6659,0,0,0,0,14-3-29 21:50:10,0
137GXUB7SI,120.679,30.6275,0,0,0,0,14-3-29 21:52:10,1
137GXUB7SI,120.672,30.6226,0,0,0,0,14-3-29 21:56:13,1
137GXUB7SI,120.672,30.6226,0,0,0,0,14-3-29 21:58:13,1
137GXUB7SI,120.672,30.6226,0,0,0,0,14-3-29 22:0:14,1
137GXUB7SI,120.672,30.6226,0,0,0,0,14-3-29 22:4:17,1
137GXUB7SI,120.672,30.6226,0,0,0,0,14-3-29 22:6:17,1
137GXUB7SI,120.672,30.6226,0,0,0,0,14-3-29 22:10:20,1
137GXUB7SI,120.672,30.6226,0,0,0,0,14-3-29 22:12:20,1
137GXUB7SI,120.672,30.6226,0,0,0,0,14-3-29 22:14:19,1
137GXUB7SI,120.672,30.6226,0,0,0,0,14-3-29 22:16:20,1
137GXUB7SI,120.672,30.6226,0,0,0,0,14-3-29 22:18:21,1
137GXUB7SI,120.659,30.6128,0,0,0,0,14-3-29 22:20:22,1
137GXUB7SI,120.646,30.5999,0,0,0,0,14-3-29 22:22:23,1
137GXUB7SI,120.624,30.5754,0,0,0,0,14-3-29 22:24:26,1
137GXUB7SI,120.605,30.556,0,0,0,0,14-3-29 22:26:25,1
137GXUB7SI,120.555,30.5348,0,0,0,0,14-3-29 22:30:28,1
137GXUB7SI,120.524,30.5251,0,0,0,0,14-3-29 22:32:28,1
137GXUB7SI,120.495,30.5061,0,0,0,0,14-3-29 22:34:29,1
137GXUB7SI,120.502,30.5092,0,0,0,0,14-3-29 22:36:30,1
137GXUB7SI,120.454,30.4855,0,0,0,0,14-3-29 22:38:31,1
137GXUB7SI,120.425,30.4714,0,0,0,0,14-3-29 22:40:32,1
137GXUB7SI,120.405,30.4548,0,0,0,0,14-3-29 22:42:34,1
137GXUB7SI,120.393,30.437,0,0,0,0,14-3-29 22:44:34,1
137GXUB7SI,120.364,30.4214,0,0,0,0,14-3-29 22:46:35,1
137GXUB7SI,120.34,30.4045,0,0,0,0,14-3-29 22:48:36,1
137GXUB7SI,120.34,30.4045,0,0,0,0,14-3-29 22:50:37,0
137GXUB7SI,120.34,30.4045,0,0,0,0,14-3-29 22:54:41,0
137GXUB7SI,120.34,30.4045,0,0,0,0,14-3-29 22:56:41,0
137GXUB7SI,120.247,30.3587,0,0,0,0,14-3-29 22:58:42,1
137GXUB7SI,120.222,30.3678,0,0,0,0,14-3-29 23:0:43,1
137GXUB7SI,120.176,30.3922,0,0,0,0,14-3-29 23:4:47,1
137GXUB7SI,120.166,30.3913,0,0,0,0,14-3-29 23:6:46,1
137GXUB7SI,120.166,30.3913,0,0,0,0,14-3-29 23:8:47,0
137GXUB7SI,120.166,30.3913,0,0,0,0,14-3-29 23:10:48,0
137GXUB7SI,120.166,30.3913,0,0,0,0,14-3-29 23:14:51,0
137GXUB7SI,120.166,30.3913,0,0,0,0,14-3-29 23:16:49,0
137GXUB7SI,120.05,30.3188,0,0,0,0,14-3-29 23:18:50,1
137GXUB7SI,120.044,30.3069,0,0,0,0,14-3-29 23:20:51,1
137GXUB7SI,120.041,30.2754,0,0,0,0,14-3-29 23:22:52,1
137GXUB7SI,120.035,30.2558,0,0,0,0,14-3-29 23:24:53,1
137GXUB7SI,120.046,30.2346,0,0,0,0,14-3-29 23:26:54,1
137GXUB7SI,120.053,30.2265,0,0,0,0,14-3-29 23:28:55,1
137GXUB7SI,120.056,30.2137,0,0,0,0,14-3-29 23:30:56,1
137GXUB7SI,120.053,30.2081,0,0,0,0,14-3-29 23:32:57,1
137GXUB7SI,120.062,30.1784,0,0,0,0,14-3-29 23:34:58,1
137GXUB7SI,120.079,30.1586,0,0,0,0,14-3-29 23:36:59,1
137GXUB7SI,120.099,30.1437,0,0,0,0,14-3-29 23:39:0,1
137GXUB7SI,120.105,30.1252,0,0,0,0,14-3-29 23:41:1,1
137GXUB7SI,120.1,30.1098,0,0,0,0,14-3-29 23:43:2,1
137GXUB7SI,120.08,30.0863,0,0,0,0,14-3-29 23:45:3,1
137GXUB7SI,120.064,30.0746,0,0,0,0,14-3-29 23:47:5,1
137GXUB7SI,120.04,30.0471,0,0,0,0,14-3-29 23:49:5,1
137GXUB7SI,120.038,30.0335,0,0,0,0,14-3-29 23:51:6,1
137GXUB7SI,120.027,30.0156,0,0,0,0,14-3-29 23:53:7,1
137GXUB7SI,120.002,30.003,0,0,0,0,14-3-29 23:55:8,1
137GXUB7SI,119.985,30.0029,0,0,0,0,14-3-29 23:57:9,1
137GXUB7SI,119.953,30.0026,0,0,0,0,14-3-29 23:59:10,1
