15PGXUB7SI,113.149,23.2466,14219,0,4,0,14-3-29 21:33:50,1
15PGXUB7SI,113.149,23.2466,14219,0,4,0,14-3-29 21:34:1,1
15PGXUB7SI,113.149,23.2466,14219,0,0,0,14-3-29 21:34:14,1
15PGXUB7SI,113.154,23.245,14219,0,0,0,14-3-29 21:36:5,1
15PGXUB7SI,113.154,23.245,14219,0,0,0,14-3-29 21:38:6,1
15PGXUB7SI,113.154,23.245,14219,0,0,0,14-3-29 21:40:7,1
15PGXUB7SI,113.154,23.245,14219,0,0,0,14-3-29 21:42:8,1
15PGXUB7SI,113.154,23.245,14219,0,0,0,14-3-29 21:44:9,1
15PGXUB7SI,113.154,23.245,14219,0,0,0,14-3-29 21:46:10,1
15PGXUB7SI,113.154,23.245,14219,0,0,0,14-3-29 21:48:11,1
15PGXUB7SI,113.154,23.245,14219,0,0,0,14-3-29 21:50:13,1
15PGXUB7SI,113.154,23.245,14219,0,0,0,14-3-29 21:52:13,1
15PGXUB7SI,113.154,23.245,14219,0,0,0,14-3-29 21:54:14,1
15PGXUB7SI,113.154,23.245,14219,0,0,0,14-3-29 21:56:14,1
15PGXUB7SI,113.154,23.245,14219,0,0,0,14-3-29 21:58:15,1
15PGXUB7SI,113.154,23.245,14219,0,0,0,14-3-29 22:0:16,1
15PGXUB7SI,113.154,23.245,14219,0,0,0,14-3-29 22:2:17,1
15PGXUB7SI,113.154,23.245,14219,0,0,0,14-3-29 22:4:18,1
15PGXUB7SI,113.154,23.245,14219,0,0,0,14-3-29 22:6:19,1
15PGXUB7SI,113.154,23.245,14219,0,0,0,14-3-29 22:8:20,1
15PGXUB7SI,113.154,23.245,14219,0,0,0,14-3-29 22:10:21,1
15PGXUB7SI,113.154,23.245,14219,0,0,0,14-3-29 22:12:22,1
15PGXUB7SI,113.154,23.245,14219,0,0,0,14-3-29 22:14:23,1
15PGXUB7SI,113.154,23.245,14219,0,0,0,14-3-29 22:16:26,1
15PGXUB7SI,113.154,23.245,14219,0,0,0,14-3-29 22:18:25,1
15PGXUB7SI,113.154,23.245,14219,0,0,0,14-3-29 22:20:26,1
15PGXUB7SI,113.154,23.245,14219,0,0,0,14-3-29 22:22:27,1
15PGXUB7SI,113.154,23.245,14219,0,0,0,14-3-29 22:24:28,1
15PGXUB7SI,113.154,23.245,14219,0,0,0,14-3-29 22:26:29,1
15PGXUB7SI,113.154,23.245,14219,0,0,0,14-3-29 22:28:30,1
15PGXUB7SI,113.154,23.245,14219,0,0,0,14-3-29 22:30:31,1
15PGXUB7SI,113.154,23.245,14219,0,0,0,14-3-29 22:32:32,1
15PGXUB7SI,113.155,23.2432,14219,0,70,0,14-3-29 22:34:33,1
15PGXUB7SI,113.154,23.2416,14221,0,100,0,14-3-29 22:36:34,1
15PGXUB7SI,113.155,23.2403,14222,0,70,0,14-3-29 22:38:35,1
15PGXUB7SI,113.155,23.2403,14222,0,70,0,14-3-29 22:40:36,1
15PGXUB7SI,113.155,23.2403,14222,0,70,0,14-3-29 22:42:37,1
15PGXUB7SI,113.155,23.2403,14222,0,70,0,14-3-29 22:44:38,1
15PGXUB7SI,113.155,23.2403,14222,0,70,0,14-3-29 22:46:39,1
15PGXUB7SI,113.155,23.2403,14222,0,70,0,14-3-29 22:48:40,1
15PGXUB7SI,113.155,23.2403,14222,0,70,0,14-3-29 22:50:41,1
15PGXUB7SI,113.155,23.2398,14224,12,150,0,14-3-29 22:52:42,1
15PGXUB7SI,113.147,23.2467,14235,40,155,0,14-3-29 22:54:43,1
15PGXUB7SI,113.14,23.2613,14252,58,165,0,14-3-29 22:56:43,1
15PGXUB7SI,113.137,23.2766,14269,60,175,0,14-3-29 22:58:44,1
15PGXUB7SI,113.13,23.29,14285,51,170,0,14-3-29 23:0:45,1
15PGXUB7SI,113.129,23.3039,14301,38,15,0,14-3-29 23:2:46,1
15PGXUB7SI,113.132,23.309,14307,25,30,0,14-3-29 23:4:47,1
15PGXUB7SI,113.145,23.3086,14320,46,40,0,14-3-29 23:6:48,1
15PGXUB7SI,113.162,23.31,14338,55,40,0,14-3-29 23:8:49,1
15PGXUB7SI,113.181,23.3105,14357,58,45,0,14-3-29 23:10:50,1
15PGXUB7SI,113.2,23.3099,14376,53,40,0,14-3-29 23:12:51,1
15PGXUB7SI,113.219,23.3149,14395,68,35,0,14-3-29 23:14:52,1
15PGXUB7SI,113.241,23.3177,14418,66,50,0,14-3-29 23:16:53,1
15PGXUB7SI,113.259,23.3098,14438,57,55,0,14-3-29 23:18:54,1
15PGXUB7SI,113.27,23.3046,14452,20,165,0,14-3-29 23:20:55,1
15PGXUB7SI,113.271,23.3084,14456,11,0,0,14-3-29 23:22:56,1
15PGXUB7SI,113.269,23.3191,14469,55,0,0,14-3-29 23:24:57,1
15PGXUB7SI,113.27,23.3383,14489,58,0,0,14-3-29 23:26:58,1
15PGXUB7SI,113.273,23.3535,14506,62,0,0,14-3-29 23:28:59,1
15PGXUB7SI,113.271,23.3681,14522,51,175,0,14-3-29 23:31:0,1
15PGXUB7SI,113.273,23.3863,14542,60,175,0,14-3-29 23:33:1,1
15PGXUB7SI,113.275,23.404,14562,57,15,0,14-3-29 23:35:2,1
15PGXUB7SI,113.28,23.4212,14581,57,5,0,14-3-29 23:37:3,1
15PGXUB7SI,113.29,23.4371,14602,60,15,0,14-3-29 23:39:5,1
15PGXUB7SI,113.299,23.4526,14620,55,15,0,14-3-29 23:41:5,1
15PGXUB7SI,113.316,23.4576,14638,57,45,0,14-3-29 23:43:5,1
15PGXUB7SI,113.335,23.4607,14658,62,50,0,14-3-29 23:45:6,1
15PGXUB7SI,113.356,23.4566,14679,58,40,0,14-3-29 23:47:7,1
15PGXUB7SI,113.375,23.4583,14699,60,40,0,14-3-29 23:49:8,1
15PGXUB7SI,113.396,23.456,14720,66,40,0,14-3-29 23:51:9,1
15PGXUB7SI,113.417,23.4515,14743,49,55,0,14-3-29 23:53:10,1
15PGXUB7SI,113.42,23.45,14745,0,55,0,14-3-29 23:55:11,1
15PGXUB7SI,113.422,23.4489,14747,18,65,0,14-3-29 23:57:12,1
15PGXUB7SI,113.426,23.4527,14756,33,15,0,14-3-29 23:59:13,1
