163BG33PFI,115.431,28.1946,60227,0,30,0,14-3-28 13:51:52,1
163BG33PFI,115.431,28.1946,60227,0,5,0,14-3-28 13:52:22,1
163BG33PFI,115.431,28.1946,60227,0,40,0,14-3-28 13:52:52,1
163BG33PFI,115.431,28.1946,60227,0,95,0,14-3-28 13:53:22,1
163BG33PFI,115.431,28.1946,60227,0,95,0,14-3-28 13:53:52,1
163BG33PFI,115.431,28.1946,60227,0,95,0,14-3-28 13:54:23,1
163BG33PFI,115.431,28.1946,60227,0,95,0,14-3-28 13:54:53,1
163BG33PFI,115.431,28.1946,60227,0,95,0,14-3-28 13:55:23,1
163BG33PFI,115.431,28.1946,60227,0,95,0,14-3-28 13:55:52,1
163BG33PFI,115.431,28.1946,60227,0,95,0,14-3-28 13:56:23,1
163BG33PFI,115.431,28.1946,60227,0,95,0,14-3-28 13:56:53,1
163BG33PFI,115.431,28.1946,60227,0,95,0,14-3-28 13:57:23,1
163BG33PFI,115.431,28.1946,60227,0,95,0,14-3-28 13:57:53,1
163BG33PFI,115.431,28.1946,60227,0,95,0,14-3-28 13:58:23,1
163BG33PFI,115.431,28.1946,60227,0,95,0,14-3-28 13:58:53,1
163BG33PFI,115.431,28.1946,60227,0,95,0,14-3-28 13:59:23,1
163BG33PFI,115.431,28.1946,60227,0,95,0,14-3-28 13:59:53,1
163BG33PFI,115.431,28.1946,60227,0,95,0,14-3-28 14:0:23,1
163BG33PFI,115.431,28.1946,60227,0,95,0,14-3-28 14:0:53,1
163BG33PFI,115.431,28.1946,60227,0,95,0,14-3-28 14:1:23,1
163BG33PFI,115.431,28.1946,60227,0,95,0,14-3-28 14:1:52,1
163BG33PFI,115.431,28.1946,60227,0,95,0,14-3-28 14:2:22,1
163BG33PFI,115.431,28.1946,60227,0,95,0,14-3-28 14:2:52,1
163BG33PFI,115.431,28.1946,60227,0,95,0,14-3-28 14:3:22,1
163BG33PFI,115.431,28.1946,60227,0,95,0,14-3-28 14:3:52,1
163BG33PFI,115.431,28.1946,60227,0,95,0,14-3-28 14:4:22,1
163BG33PFI,115.431,28.1946,60227,0,95,0,14-3-28 14:4:52,1
163BG33PFI,115.431,28.1946,60227,0,95,0,14-3-28 14:5:22,1
163BG33PFI,115.431,28.1946,60227,0,95,0,14-3-28 14:5:52,1
163BG33PFI,115.431,28.1946,60227,0,95,0,14-3-28 14:6:22,1
163BG33PFI,115.431,28.1946,60227,0,95,0,14-3-28 14:6:52,1
163BG33PFI,115.431,28.1946,60227,0,95,0,14-3-28 14:7:22,1
163BG33PFI,115.431,28.1946,60227,0,95,0,14-3-28 14:7:52,1
163BG33PFI,115.431,28.1946,60227,0,95,0,14-3-28 14:8:22,1
163BG33PFI,115.431,28.1946,60227,0,95,0,14-3-28 14:8:52,1
163BG33PFI,115.431,28.1946,60227,0,95,0,14-3-28 14:9:22,1
163BG33PFI,115.431,28.1946,60227,0,95,0,14-3-28 14:9:52,1
163BG33PFI,115.431,28.1946,60227,0,95,0,14-3-28 14:10:22,1
163BG33PFI,115.431,28.1946,60227,0,95,0,14-3-28 14:10:52,1
163BG33PFI,115.431,28.1946,60227,0,95,0,14-3-28 14:11:22,1
163BG33PFI,115.431,28.1946,60227,0,95,0,14-3-28 14:11:52,1
163BG33PFI,115.431,28.1946,60227,0,95,0,14-3-28 14:12:22,1
163BG33PFI,115.431,28.1946,60227,0,95,0,14-3-28 14:12:52,1
163BG33PFI,115.431,28.1946,60227,0,95,0,14-3-28 14:13:22,1
163BG33PFI,115.431,28.1946,60227,0,95,0,14-3-28 14:13:52,1
163BG33PFI,115.431,28.1946,60227,0,95,0,14-3-28 14:14:22,1
163BG33PFI,115.431,28.1946,60227,0,95,0,14-3-28 14:14:52,1
163BG33PFI,115.431,28.1946,60227,0,95,0,14-3-28 14:15:22,1
163BG33PFI,115.431,28.1946,60227,0,95,0,14-3-28 14:15:52,1
163BG33PFI,115.431,28.1946,60227,0,95,0,14-3-28 14:16:22,1
163BG33PFI,115.431,28.1946,60227,0,95,0,14-3-28 14:16:52,1
163BG33PFI,115.431,28.1946,60227,0,95,0,14-3-28 14:17:22,1
163BG33PFI,115.431,28.1946,60227,0,95,0,14-3-28 14:17:52,1
163BG33PFI,115.431,28.1946,60227,0,95,0,14-3-28 14:18:22,1
163BG33PFI,115.431,28.1946,60227,0,95,0,14-3-28 14:18:52,1
163BG33PFI,115.431,28.1946,60227,0,95,0,14-3-28 14:19:22,1
163BG33PFI,115.431,28.1946,60227,0,95,0,14-3-28 14:19:52,1
163BG33PFI,115.431,28.1946,60227,0,95,0,14-3-28 14:20:22,1
163BG33PFI,115.431,28.1946,60227,0,95,0,14-3-28 14:20:52,1
163BG33PFI,115.431,28.1946,60227,0,95,0,14-3-28 14:21:22,1
163BG33PFI,115.431,28.1946,60227,0,95,0,14-3-28 14:21:53,1
163BG33PFI,115.431,28.1946,60227,0,95,0,14-3-28 14:22:23,1
163BG33PFI,115.431,28.1946,60227,0,95,0,14-3-28 14:22:53,1
163BG33PFI,115.431,28.1946,60227,0,95,0,14-3-28 14:23:23,1
163BG33PFI,115.431,28.1946,60227,0,95,0,14-3-28 14:23:53,1
163BG33PFI,115.431,28.1946,60227,0,95,0,14-3-28 14:24:23,1
163BG33PFI,115.431,28.1946,60227,0,95,0,14-3-28 14:24:53,1
163BG33PFI,115.431,28.1946,60227,0,95,0,14-3-28 14:25:23,1
163BG33PFI,115.431,28.1946,60227,0,95,0,14-3-28 14:25:53,1
163BG33PFI,115.431,28.1946,60227,0,95,0,14-3-28 14:26:23,1
163BG33PFI,115.431,28.1946,60227,0,95,0,14-3-28 14:26:53,1
163BG33PFI,115.431,28.1946,60227,0,95,0,14-3-28 14:27:23,1
163BG33PFI,115.431,28.1946,60227,0,95,0,14-3-28 14:27:53,1
163BG33PFI,115.431,28.1946,60227,0,95,0,14-3-28 14:28:23,1
163BG33PFI,115.431,28.1946,60227,0,95,0,14-3-28 14:28:53,1
163BG33PFI,115.431,28.1946,60227,0,95,0,14-3-28 14:29:23,1
163BG33PFI,115.431,28.1946,60227,0,95,0,14-3-28 14:29:53,1
163BG33PFI,115.431,28.1946,60227,0,95,0,14-3-28 14:30:23,1
163BG33PFI,115.431,28.1946,60227,0,95,0,14-3-28 14:30:53,1
163BG33PFI,115.431,28.1946,60227,0,95,0,14-3-28 14:31:23,1
163BG33PFI,115.431,28.1946,60227,0,95,0,14-3-28 14:31:52,1
163BG33PFI,115.431,28.1946,60227,0,95,0,14-3-28 14:32:22,1
163BG33PFI,115.431,28.1946,60227,0,95,0,14-3-28 14:32:52,1
163BG33PFI,115.431,28.1946,60227,0,95,0,14-3-28 14:33:22,1
163BG33PFI,115.431,28.1946,60227,0,95,0,14-3-28 14:33:52,1
163BG33PFI,115.431,28.1946,60227,0,95,0,14-3-28 14:34:22,1
163BG33PFI,115.431,28.1946,60227,0,95,0,14-3-28 14:34:52,1
163BG33PFI,115.431,28.1946,60227,0,95,0,14-3-28 14:35:22,1
163BG33PFI,115.431,28.1946,60227,0,95,0,14-3-28 14:35:52,1
163BG33PFI,115.431,28.1946,60227,0,95,0,14-3-28 14:36:22,1
163BG33PFI,115.431,28.1946,60227,0,95,0,14-3-28 14:36:52,1
163BG33PFI,115.431,28.1946,60227,0,95,0,14-3-28 14:37:22,1
163BG33PFI,115.431,28.1946,60227,0,95,0,14-3-28 14:37:52,1
163BG33PFI,115.431,28.1946,60227,0,95,0,14-3-28 14:38:22,1
163BG33PFI,115.431,28.1946,60227,0,95,0,14-3-28 14:38:52,1
163BG33PFI,115.431,28.1946,60227,0,95,0,14-3-28 14:39:22,1
163BG33PFI,115.431,28.1946,60227,0,95,0,14-3-28 14:39:52,1
163BG33PFI,115.431,28.1946,60227,0,95,0,14-3-28 14:40:22,1
163BG33PFI,115.431,28.1946,60227,0,95,0,14-3-28 14:40:52,1
163BG33PFI,115.431,28.1946,60227,0,95,0,14-3-28 14:41:22,1
163BG33PFI,115.431,28.1946,60227,0,95,0,14-3-28 14:41:52,1
163BG33PFI,115.431,28.1946,60227,0,95,0,14-3-28 14:42:22,1
163BG33PFI,115.431,28.1946,60227,0,95,0,14-3-28 14:42:52,1
163BG33PFI,115.431,28.1946,60227,0,95,0,14-3-28 14:43:22,1
163BG33PFI,115.431,28.1946,60227,0,95,0,14-3-28 14:43:52,1
163BG33PFI,115.431,28.1946,60227,0,95,0,14-3-28 14:44:22,1
163BG33PFI,115.431,28.1946,60227,0,95,0,14-3-28 14:44:52,1
163BG33PFI,115.431,28.1946,60227,0,95,0,14-3-28 14:45:22,1
163BG33PFI,115.431,28.1946,60227,0,95,0,14-3-28 14:45:52,1
163BG33PFI,115.431,28.1946,60227,0,95,0,14-3-28 14:46:22,1
163BG33PFI,115.431,28.1946,60227,0,95,0,14-3-28 14:46:52,1
163BG33PFI,115.431,28.1946,60227,0,95,0,14-3-28 14:47:22,1
163BG33PFI,115.431,28.1946,60227,0,95,0,14-3-28 14:47:52,1
163BG33PFI,115.431,28.1946,60227,0,95,0,14-3-28 14:48:22,1
163BG33PFI,115.431,28.1946,60227,0,95,0,14-3-28 14:48:52,1
163BG33PFI,115.431,28.1946,60227,0,95,0,14-3-28 14:49:22,1
163BG33PFI,115.431,28.1946,60227,0,95,0,14-3-28 14:49:52,1
163BG33PFI,115.431,28.1946,60227,0,95,0,14-3-28 14:50:22,1
163BG33PFI,115.431,28.1946,60227,0,95,0,14-3-28 14:50:52,1
163BG33PFI,115.431,28.1946,60227,0,95,0,14-3-28 14:51:22,1
163BG33PFI,115.431,28.1946,60227,0,95,0,14-3-28 14:51:53,1
163BG33PFI,115.431,28.1946,60227,0,95,0,14-3-28 14:52:23,1
163BG33PFI,115.431,28.1946,60227,0,95,0,14-3-28 14:52:53,1
163BG33PFI,115.431,28.1946,60227,0,95,0,14-3-28 14:53:23,1
163BG33PFI,115.431,28.1946,60227,0,95,0,14-3-28 14:53:53,1
163BG33PFI,115.431,28.1946,60227,0,95,0,14-3-28 14:54:23,1
163BG33PFI,115.431,28.1946,60227,0,95,0,14-3-28 14:54:53,1
163BG33PFI,115.431,28.1946,60227,0,95,0,14-3-28 14:55:23,1
163BG33PFI,115.431,28.1946,60227,0,95,0,14-3-28 14:55:53,1
163BG33PFI,115.431,28.1946,60227,0,95,0,14-3-28 14:56:23,1
163BG33PFI,115.431,28.1946,60227,0,95,0,14-3-28 14:56:53,1
163BG33PFI,115.431,28.1946,60227,0,95,0,14-3-28 14:57:23,1
163BG33PFI,115.431,28.1946,60227,0,95,0,14-3-28 14:57:53,1
163BG33PFI,115.431,28.1946,60227,0,95,0,14-3-28 14:58:23,1
163BG33PFI,115.431,28.1946,60227,0,95,0,14-3-28 14:58:53,1
163BG33PFI,115.431,28.1946,60227,0,95,0,14-3-28 14:59:23,1
163BG33PFI,115.431,28.1946,60227,0,95,0,14-3-28 14:59:53,1
163BG33PFI,115.431,28.1946,60227,0,95,0,14-3-28 15:0:23,1
163BG33PFI,115.431,28.1946,60227,0,95,0,14-3-28 15:0:53,1
163BG33PFI,115.431,28.1946,60227,0,95,0,14-3-28 15:1:23,1
163BG33PFI,115.431,28.1946,60227,0,95,0,14-3-28 15:1:52,1
163BG33PFI,115.431,28.1946,60228,9,120,0,14-3-28 15:2:22,1
163BG33PFI,115.43,28.1941,60229,20,120,0,14-3-28 15:2:52,1
163BG33PFI,115.428,28.1932,60231,16,120,0,14-3-28 15:3:22,1
163BG33PFI,115.427,28.1931,60232,9,145,0,14-3-28 15:3:52,1
163BG33PFI,115.427,28.1931,60232,0,130,0,14-3-28 15:4:22,1
163BG33PFI,115.426,28.1934,60232,14,165,0,14-3-28 15:4:52,1
163BG33PFI,115.425,28.1963,60235,57,165,0,14-3-28 15:5:22,1
163BG33PFI,115.423,28.199,60239,31,165,0,14-3-28 15:5:52,1
163BG33PFI,115.422,28.1999,60240,0,160,0,14-3-28 15:6:22,1
163BG33PFI,115.422,28.1999,60240,0,160,0,14-3-28 15:6:52,1
163BG33PFI,115.422,28.2005,60240,7,120,0,14-3-28 15:7:22,1
163BG33PFI,115.422,28.2005,60240,0,120,0,14-3-28 15:8:51,1
163BG33PFI,115.422,28.2005,60240,0,55,0,14-3-28 15:9:22,1
163BG33PFI,115.422,28.2005,60240,0,55,0,14-3-28 15:9:52,1
163BG33PFI,115.422,28.2005,60240,0,55,0,14-3-28 15:11:52,1
163BG33PFI,115.422,28.2005,60240,0,55,0,14-3-28 15:13:52,1
163BG33PFI,115.422,28.2005,60240,0,55,0,14-3-28 15:15:52,1
163BG33PFI,115.422,28.2005,60240,0,55,0,14-3-28 15:17:52,1
163BG33PFI,115.422,28.2005,60240,0,55,0,14-3-28 15:19:51,1
163BG33PFI,115.422,28.2005,60240,0,55,0,14-3-28 15:21:51,1
163BG33PFI,115.422,28.2005,60240,0,55,0,14-3-28 15:23:51,1
163BG33PFI,115.422,28.2005,60240,0,55,0,14-3-28 15:25:51,1
163BG33PFI,115.422,28.2005,60240,0,55,0,14-3-28 15:27:51,1
163BG33PFI,115.422,28.2005,60240,0,55,0,14-3-28 15:29:51,1
163BG33PFI,115.422,28.2005,60240,0,55,0,14-3-28 15:31:51,1
163BG33PFI,115.422,28.2005,60240,0,55,0,14-3-28 15:33:51,1
163BG33PFI,115.422,28.2005,60240,0,55,0,14-3-28 15:35:51,1
163BG33PFI,115.422,28.2005,60240,0,55,0,14-3-28 15:37:51,1
163BG33PFI,115.422,28.2005,60240,0,55,0,14-3-28 15:39:51,1
163BG33PFI,115.422,28.2005,60240,0,55,0,14-3-28 15:41:51,1
163BG33PFI,115.422,28.2005,60240,0,55,0,14-3-28 15:43:51,1
163BG33PFI,115.422,28.2005,60240,0,55,0,14-3-28 15:45:51,1
163BG33PFI,115.422,28.2005,60240,0,55,0,14-3-28 15:46:31,1
163BG33PFI,115.422,28.2005,60240,0,125,0,14-3-28 15:47:0,1
163BG33PFI,115.422,28.2007,60241,14,160,0,14-3-28 15:47:30,1
163BG33PFI,115.42,28.203,60244,38,160,0,14-3-28 15:48:0,1
163BG33PFI,115.418,28.2049,60246,27,160,0,14-3-28 15:48:30,1
163BG33PFI,115.417,28.2072,60249,44,160,0,14-3-28 15:49:0,1
163BG33PFI,115.415,28.2102,60253,44,165,0,14-3-28 15:49:30,1
163BG33PFI,115.414,28.2141,60257,50,5,0,14-3-28 15:50:0,1
163BG33PFI,115.415,28.2175,60261,46,5,0,14-3-28 15:50:30,1
163BG33PFI,115.416,28.222,60266,66,5,0,14-3-28 15:51:0,1
163BG33PFI,115.417,28.2257,60270,27,5,0,14-3-28 15:51:30,1
163BG33PFI,115.417,28.2262,60271,7,5,0,14-3-28 15:52:0,1
163BG33PFI,115.418,28.2289,60274,53,0,0,14-3-28 15:52:30,1
163BG33PFI,115.418,28.233,60278,59,175,0,14-3-28 15:53:0,1
163BG33PFI,115.416,28.2368,60282,29,165,0,14-3-28 15:53:30,1
163BG33PFI,115.415,28.2399,60286,66,165,0,14-3-28 15:54:0,1
163BG33PFI,115.412,28.2447,60292,72,165,0,14-3-28 15:54:30,1
163BG33PFI,115.41,28.2492,60297,55,165,0,14-3-28 15:55:0,1
163BG33PFI,115.407,28.253,60302,59,160,0,14-3-28 15:55:30,1
163BG33PFI,115.404,28.2563,60306,51,160,0,14-3-28 15:56:0,1
163BG33PFI,115.402,28.2593,60310,53,160,0,14-3-28 15:56:30,1
163BG33PFI,115.399,28.263,60315,62,160,0,14-3-28 15:57:0,1
163BG33PFI,115.395,28.2664,60320,61,155,0,14-3-28 15:57:30,1
163BG33PFI,115.391,28.2705,60326,79,155,0,14-3-28 15:58:0,1
163BG33PFI,115.386,28.2745,60333,87,150,0,14-3-28 15:58:30,1
163BG33PFI,115.381,28.2789,60340,79,160,0,14-3-28 15:59:0,1
163BG33PFI,115.379,28.2837,60345,61,175,0,14-3-28 15:59:30,1
163BG33PFI,115.38,28.2889,60351,77,175,0,14-3-28 16:0:0,1
163BG33PFI,115.377,28.2936,60356,61,165,0,14-3-28 16:0:30,1
163BG33PFI,115.375,28.2976,60361,57,165,0,14-3-28 16:1:0,1
163BG33PFI,115.373,28.3016,60366,62,170,0,14-3-28 16:1:30,1
163BG33PFI,115.373,28.3059,60371,50,0,0,14-3-28 16:2:0,1
163BG33PFI,115.373,28.3099,60375,62,0,0,14-3-28 16:2:30,1
163BG33PFI,115.374,28.3142,60380,51,0,0,14-3-28 16:3:0,1
163BG33PFI,115.373,28.3175,60383,25,170,0,14-3-28 16:3:30,1
163BG33PFI,115.372,28.3196,60386,48,165,0,14-3-28 16:4:0,1
163BG33PFI,115.37,28.324,60391,66,170,0,14-3-28 16:4:30,1
163BG33PFI,115.369,28.328,60395,46,170,0,14-3-28 16:5:0,1
163BG33PFI,115.369,28.3314,60399,46,170,0,14-3-28 16:5:30,1
163BG33PFI,115.368,28.335,60403,59,175,0,14-3-28 16:6:0,1
163BG33PFI,115.368,28.3404,60409,75,0,0,14-3-28 16:6:30,1
163BG33PFI,115.368,28.3466,60416,77,5,0,14-3-28 16:7:0,1
163BG33PFI,115.369,28.3518,60421,64,0,0,14-3-28 16:7:30,1
163BG33PFI,115.369,28.3563,60426,51,175,0,14-3-28 16:8:0,1
163BG33PFI,115.369,28.3597,60430,50,175,0,14-3-28 16:8:30,1
163BG33PFI,115.369,28.3639,60434,40,175,0,14-3-28 16:9:0,1
163BG33PFI,115.368,28.3662,60437,25,175,0,14-3-28 16:9:30,1
163BG33PFI,115.368,28.3685,60439,33,175,0,14-3-28 16:10:0,1
163BG33PFI,115.368,28.3696,60440,22,175,0,14-3-28 16:10:30,1
163BG33PFI,115.368,28.3724,60443,46,0,0,14-3-28 16:11:0,1
163BG33PFI,115.37,28.377,60449,68,15,0,14-3-28 16:11:30,1
163BG33PFI,115.372,28.3811,60454,59,5,0,14-3-28 16:12:0,1
163BG33PFI,115.373,28.3865,60459,79,0,0,14-3-28 16:12:30,1
163BG33PFI,115.374,28.3916,60465,59,5,0,14-3-28 16:13:0,1
163BG33PFI,115.375,28.3965,60471,77,5,0,14-3-28 16:13:30,1
163BG33PFI,115.377,28.4018,60477,53,5,0,14-3-28 16:14:0,1
163BG33PFI,115.378,28.4039,60479,35,35,0,14-3-28 16:14:30,1
163BG33PFI,115.384,28.4053,60485,24,35,0,14-3-28 16:15:30,1
163BG33PFI,115.386,28.4058,60487,29,35,0,14-3-28 16:16:0,1
163BG33PFI,115.389,28.4066,60490,38,35,0,14-3-28 16:16:30,1
163BG33PFI,115.392,28.4074,60493,38,30,0,14-3-28 16:17:0,1
163BG33PFI,115.395,28.4116,60499,33,10,0,14-3-28 16:18:0,1
163BG33PFI,115.399,28.4178,60506,16,170,0,14-3-28 16:19:30,1
163BG33PFI,115.399,28.4269,60517,42,160,0,14-3-28 16:22:0,1
163BG33PFI,115.394,28.4388,60534,0,170,0,14-3-28 16:28:1,1
163BG33PFI,115.394,28.4388,60534,0,170,0,14-3-28 16:28:31,1
163BG33PFI,115.394,28.4388,60534,0,170,0,14-3-28 16:29:1,1
163BG33PFI,115.394,28.4388,60534,0,170,0,14-3-28 16:29:31,1
163BG33PFI,115.394,28.4388,60534,0,170,0,14-3-28 16:30:1,1
163BG33PFI,115.394,28.4388,60534,0,170,0,14-3-28 16:30:31,1
163BG33PFI,115.394,28.4393,60534,0,175,0,14-3-28 16:31:1,1
163BG33PFI,115.394,28.4395,60534,0,175,0,14-3-28 16:31:31,1
163BG33PFI,115.394,28.4395,60534,0,175,0,14-3-28 16:33:31,1
163BG33PFI,115.394,28.4395,60534,0,175,0,14-3-28 16:34:47,1
163BG33PFI,115.394,28.4395,60534,0,175,0,14-3-28 16:36:45,1
163BG33PFI,115.394,28.4395,60534,0,175,0,14-3-28 16:38:45,1
163BG33PFI,115.394,28.4395,60534,0,175,0,14-3-28 16:40:45,1
163BG33PFI,115.394,28.4395,60534,0,175,0,14-3-28 16:42:45,1
163BG33PFI,115.394,28.4395,60534,0,175,0,14-3-28 16:44:45,1
163BG33PFI,115.394,28.4395,60534,0,175,0,14-3-28 16:46:45,1
163BG33PFI,115.394,28.4395,60534,0,175,0,14-3-28 16:48:45,1
163BG33PFI,115.394,28.4395,60534,0,175,0,14-3-28 16:50:45,1
163BG33PFI,115.394,28.4395,60534,0,175,0,14-3-28 16:51:38,1
163BG33PFI,115.394,28.44,60534,16,175,0,14-3-28 16:52:7,1
163BG33PFI,115.394,28.4408,60535,12,0,0,14-3-28 16:52:37,1
163BG33PFI,115.395,28.4418,60537,35,25,0,14-3-28 16:53:7,1
163BG33PFI,115.398,28.4422,60539,18,35,0,14-3-28 16:53:38,1
163BG33PFI,115.399,28.4425,60540,3,35,0,14-3-28 16:54:8,1
163BG33PFI,115.401,28.443,60543,22,35,0,14-3-28 16:54:38,1
163BG33PFI,115.404,28.4437,60545,38,35,0,14-3-28 16:55:7,1
163BG33PFI,115.408,28.4447,60550,42,35,0,14-3-28 16:55:38,1
163BG33PFI,115.413,28.4459,60554,55,30,0,14-3-28 16:56:7,1
163BG33PFI,115.416,28.4481,60559,57,15,0,14-3-28 16:56:38,1
163BG33PFI,115.419,28.4518,60564,50,15,0,14-3-28 16:57:7,1
163BG33PFI,115.421,28.4533,60566,20,15,0,14-3-28 16:57:38,1
163BG33PFI,115.421,28.4541,60567,12,165,0,14-3-28 16:58:8,1
163BG33PFI,115.421,28.4545,60567,0,20,0,14-3-28 16:58:38,1
163BG33PFI,115.421,28.4545,60567,0,20,0,14-3-28 16:59:8,1
163BG33PFI,115.422,28.4543,60568,5,30,0,14-3-28 16:59:38,1
163BG33PFI,115.422,28.4547,60568,3,15,0,14-3-28 17:0:7,1
163BG33PFI,115.422,28.4547,60568,0,15,0,14-3-28 17:0:38,1
163BG33PFI,115.422,28.4553,60568,0,145,0,14-3-28 17:1:8,1
163BG33PFI,115.421,28.4546,60570,7,130,0,14-3-28 17:2:8,1
163BG33PFI,115.42,28.4548,60570,11,145,0,14-3-28 17:2:38,1
163BG33PFI,115.42,28.455,60571,0,150,0,14-3-28 17:3:8,1
163BG33PFI,115.419,28.4556,60572,16,155,0,14-3-28 17:3:38,1
163BG33PFI,115.418,28.4566,60573,18,150,0,14-3-28 17:4:7,1
163BG33PFI,115.417,28.4575,60575,14,150,0,14-3-28 17:4:37,1
163BG33PFI,115.416,28.458,60575,9,155,0,14-3-28 17:5:7,1
163BG33PFI,115.416,28.4583,60576,5,150,0,14-3-28 17:5:37,1
163BG33PFI,115.415,28.4588,60576,9,150,0,14-3-28 17:6:7,1
163BG33PFI,115.414,28.4593,60577,9,155,0,14-3-28 17:6:38,1
163BG33PFI,115.414,28.4599,60578,7,155,0,14-3-28 17:7:8,1
163BG33PFI,115.413,28.4603,60578,9,15,0,14-3-28 17:7:37,1
163BG33PFI,115.414,28.461,60579,5,165,0,14-3-28 17:8:8,1
163BG33PFI,115.414,28.461,60579,0,160,0,14-3-28 17:8:38,1
163BG33PFI,115.414,28.461,60579,0,160,0,14-3-28 17:9:8,1
163BG33PFI,115.414,28.461,60579,0,160,0,14-3-28 17:9:38,1
163BG33PFI,115.413,28.4612,60579,0,170,0,14-3-28 17:10:8,1
163BG33PFI,115.414,28.4615,60579,9,20,0,14-3-28 17:10:38,1
163BG33PFI,115.415,28.4616,60582,64,75,0,14-3-28 17:11:8,1
163BG33PFI,115.416,28.458,60587,127,85,0,14-3-28 17:11:38,1
163BG33PFI,115.416,28.4639,60602,20,110,0,14-3-28 17:12:8,1
163BG33PFI,115.415,28.463,60603,1,105,0,14-3-28 17:12:38,1
163BG33PFI,115.415,28.463,60603,0,105,0,14-3-28 17:14:38,1
163BG33PFI,115.415,28.463,60603,0,105,0,14-3-28 17:16:38,1
163BG33PFI,115.415,28.463,60603,0,105,0,14-3-28 17:18:38,1
163BG33PFI,115.415,28.4629,60604,3,70,0,14-3-28 17:19:8,1
163BG33PFI,115.413,28.4615,60605,29,110,0,14-3-28 17:19:38,1
163BG33PFI,115.414,28.462,60607,22,15,0,14-3-28 17:20:8,1
163BG33PFI,115.416,28.464,60610,25,20,0,14-3-28 17:20:38,1
163BG33PFI,115.415,28.4647,60611,18,155,0,14-3-28 17:21:8,1
163BG33PFI,115.414,28.4656,60612,12,160,0,14-3-28 17:21:38,1
163BG33PFI,115.413,28.4665,60614,18,150,0,14-3-28 17:22:8,1
163BG33PFI,115.412,28.4658,60615,27,110,0,14-3-28 17:22:38,1
163BG33PFI,115.411,28.4649,60616,7,95,0,14-3-28 17:23:8,1
163BG33PFI,115.411,28.4646,60617,0,105,0,14-3-28 17:23:38,1
163BG33PFI,115.411,28.4646,60617,0,105,0,14-3-28 17:24:8,1
163BG33PFI,115.411,28.4648,60617,0,135,0,14-3-28 17:24:38,1
163BG33PFI,115.411,28.4649,60617,0,160,0,14-3-28 17:25:8,1
163BG33PFI,117.719,28.3608,63141,51,40,0,14-3-29 0:44:3,1
163BG33PFI,117.724,28.3613,63146,55,40,0,14-3-29 0:44:33,1
163BG33PFI,117.729,28.3624,63151,68,35,0,14-3-29 0:45:3,1
163BG33PFI,117.735,28.364,63156,61,35,0,14-3-29 0:45:33,1
163BG33PFI,117.748,28.3673,63170,61,35,0,14-3-29 0:47:3,1
163BG33PFI,117.765,28.3685,63185,74,40,0,14-3-29 0:48:32,1
163BG33PFI,117.776,28.3686,63196,51,40,0,14-3-29 0:49:32,1
163BG33PFI,117.785,28.3691,63205,50,40,0,14-3-29 0:50:32,1
163BG33PFI,117.789,28.3699,63209,50,35,0,14-3-29 0:51:2,1
163BG33PFI,117.794,28.3713,63214,68,30,0,14-3-29 0:51:32,1
163BG33PFI,117.799,28.3736,63220,59,25,0,14-3-29 0:52:2,1
163BG33PFI,117.821,28.3875,63246,68,30,0,14-3-29 0:54:32,1
163BG33PFI,117.832,28.393,63258,85,30,0,14-3-29 0:55:32,1
163BG33PFI,117.838,28.3961,63264,75,25,0,14-3-29 0:56:2,1
163BG33PFI,117.848,28.4021,63276,59,20,0,14-3-29 0:57:2,1
163BG33PFI,117.851,28.4044,63280,46,20,0,14-3-29 0:57:32,1
163BG33PFI,117.863,28.4173,63298,68,15,0,14-3-29 0:59:32,1
163BG33PFI,117.867,28.4214,63304,72,20,0,14-3-29 1:0:2,1
163BG33PFI,117.881,28.4323,63322,61,20,0,14-3-29 1:1:32,1
163BG33PFI,117.89,28.4445,63338,55,10,0,14-3-29 1:3:2,1
163BG33PFI,117.898,28.4584,63355,77,15,0,14-3-29 1:4:32,1
163BG33PFI,117.902,28.4624,63361,55,15,0,14-3-29 1:5:2,1
163BG33PFI,121.358,31.3107,68509,14,130,0,14-3-29 8:51:35,1
163BG33PFI,121.351,31.3113,68515,20,140,0,14-3-29 8:55:4,1
163BG33PFI,121.324,31.3107,68544,22,165,0,14-3-29 9:3:3,1
163BG33PFI,121.324,31.3134,68547,0,30,0,14-3-29 9:25:47,1
163BG33PFI,121.323,31.3135,68572,0,90,0,14-3-29 9:53:58,1
163BG33PFI,121.323,31.3135,68572,0,90,0,14-3-29 10:26:48,1
163BG33PFI,121.323,31.3135,68572,0,90,0,14-3-29 10:43:48,1
163BG33PFI,121.323,31.3135,68572,0,90,0,14-3-29 10:51:14,1
163BG33PFI,121.323,31.3135,68572,0,90,0,14-3-29 11:11:34,1
163BG33PFI,121.323,31.3135,68572,0,90,0,14-3-29 11:13:34,1
163BG33PFI,121.323,31.3135,68572,0,90,0,14-3-29 11:19:25,1
163BG33PFI,121.323,31.3135,68572,0,90,0,14-3-29 11:21:25,1
163BG33PFI,121.323,31.3135,68572,0,90,0,14-3-29 11:23:25,1
163BG33PFI,121.323,31.3135,68572,0,90,0,14-3-29 11:25:25,1
163BG33PFI,121.323,31.3135,68572,0,90,0,14-3-29 11:27:25,1
163BG33PFI,121.323,31.3135,68572,0,90,0,14-3-29 11:29:25,1
163BG33PFI,121.323,31.3135,68572,0,90,0,14-3-29 11:31:25,1
163BG33PFI,121.323,31.3135,68572,0,90,0,14-3-29 11:33:25,1
163BG33PFI,121.323,31.3135,68572,0,90,0,14-3-29 11:35:25,1
163BG33PFI,121.323,31.3135,68572,0,90,0,14-3-29 11:36:45,1
163BG33PFI,121.323,31.3135,68572,0,90,0,14-3-29 11:38:44,1
163BG33PFI,121.323,31.3135,68572,0,90,0,14-3-29 11:40:44,1
163BG33PFI,121.323,31.3135,68572,0,90,0,14-3-29 11:47:7,1
163BG33PFI,121.323,31.3135,68572,0,90,0,14-3-29 11:49:6,1
163BG33PFI,121.323,31.3135,68572,0,90,0,14-3-29 12:0:14,1
163BG33PFI,121.323,31.3135,68572,0,90,0,14-3-29 12:2:14,1
163BG33PFI,121.323,31.3135,68572,0,90,0,14-3-29 12:4:14,1
163BG33PFI,121.323,31.3135,68572,0,90,0,14-3-29 12:6:14,1
163BG33PFI,121.323,31.3135,68572,0,90,0,14-3-29 12:8:13,1
163BG33PFI,121.323,31.3135,68572,0,90,0,14-3-29 12:10:13,1
163BG33PFI,121.323,31.3135,68572,0,90,0,14-3-29 12:12:13,1
163BG33PFI,121.323,31.3135,68572,0,90,0,14-3-29 12:14:13,1
163BG33PFI,121.323,31.3135,68572,0,90,0,14-3-29 12:15:10,1
163BG33PFI,121.323,31.3135,68572,0,90,0,14-3-29 12:15:40,1
163BG33PFI,121.323,31.3135,68572,0,90,0,14-3-29 12:17:40,1
163BG33PFI,121.323,31.3135,68572,0,90,0,14-3-29 12:19:40,1
163BG33PFI,121.323,31.3135,68572,0,90,0,14-3-29 12:21:41,1
163BG33PFI,121.323,31.3135,68572,0,90,0,14-3-29 12:26:52,1
163BG33PFI,121.323,31.3135,68572,0,90,0,14-3-29 12:28:52,1
163BG33PFI,121.323,31.3135,68572,0,90,0,14-3-29 12:30:52,1
163BG33PFI,121.323,31.3135,68572,0,90,0,14-3-29 12:32:52,1
163BG33PFI,121.323,31.3135,68572,0,90,0,14-3-29 12:34:52,1
163BG33PFI,121.323,31.3135,68572,0,90,0,14-3-29 12:36:51,1
163BG33PFI,121.323,31.3135,68572,0,90,0,14-3-29 12:38:51,1
163BG33PFI,121.323,31.3135,68572,0,90,0,14-3-29 12:40:51,1
163BG33PFI,121.323,31.3135,68572,0,90,0,14-3-29 12:42:51,1
163BG33PFI,121.323,31.3135,68572,0,90,0,14-3-29 12:44:51,1
163BG33PFI,121.323,31.3135,68572,0,90,0,14-3-29 12:46:51,1
163BG33PFI,121.323,31.3135,68572,0,90,0,14-3-29 12:48:51,1
163BG33PFI,121.323,31.3135,68572,0,90,0,14-3-29 12:54:21,1
163BG33PFI,121.323,31.3135,68572,0,90,0,14-3-29 12:56:22,1
163BG33PFI,121.323,31.3132,68572,0,80,0,14-3-29 13:14:11,1
163BG33PFI,121.323,31.3132,68572,0,80,0,14-3-29 13:16:11,1
163BG33PFI,121.323,31.3132,68572,0,80,0,14-3-29 13:18:10,1
163BG33PFI,121.323,31.3132,68572,0,80,0,14-3-29 13:20:10,1
163BG33PFI,121.323,31.3132,68572,0,80,0,14-3-29 13:22:10,1
163BG33PFI,121.323,31.3132,68572,0,80,0,14-3-29 13:24:10,1
163BG33PFI,121.323,31.3132,68572,0,80,0,14-3-29 13:26:10,1
163BG33PFI,121.323,31.3132,68572,0,80,0,14-3-29 13:28:10,1
163BG33PFI,121.323,31.3132,68572,0,80,0,14-3-29 13:30:10,1
163BG33PFI,121.323,31.3132,68572,0,80,0,14-3-29 13:32:10,1
163BG33PFI,121.323,31.3132,68572,0,80,0,14-3-29 13:34:10,1
163BG33PFI,121.323,31.3132,68572,0,80,0,14-3-29 13:36:10,1
163BG33PFI,121.323,31.3132,68572,0,80,0,14-3-29 13:38:11,1
163BG33PFI,121.323,31.3132,68572,0,80,0,14-3-29 13:40:11,1
163BG33PFI,121.323,31.3132,68572,0,80,0,14-3-29 13:42:11,1
163BG33PFI,121.323,31.3132,68572,0,80,0,14-3-29 13:44:11,1
163BG33PFI,121.323,31.3132,68572,0,80,0,14-3-29 13:46:11,1
163BG33PFI,121.323,31.3132,68572,0,80,0,14-3-29 13:51:9,1
163BG33PFI,121.323,31.3132,68572,0,80,0,14-3-29 13:53:8,1
163BG33PFI,121.323,31.3132,68572,0,80,0,14-3-29 13:55:8,1
163BG33PFI,121.323,31.3132,68572,0,80,0,14-3-29 13:57:8,1
163BG33PFI,121.323,31.3132,68572,0,80,0,14-3-29 13:59:8,1
163BG33PFI,121.323,31.3132,68572,0,80,0,14-3-29 14:1:8,1
163BG33PFI,121.323,31.3132,68572,0,80,0,14-3-29 14:3:8,1
163BG33PFI,121.323,31.3132,68572,0,80,0,14-3-29 14:5:8,1
163BG33PFI,121.323,31.3132,68572,0,80,0,14-3-29 14:7:8,1
163BG33PFI,121.323,31.3132,68572,0,80,0,14-3-29 14:9:8,1
163BG33PFI,121.323,31.3132,68572,0,80,0,14-3-29 14:11:8,1
163BG33PFI,121.323,31.3132,68572,0,80,0,14-3-29 14:12:32,1
163BG33PFI,121.323,31.3132,68572,0,80,0,14-3-29 14:13:1,1
163BG33PFI,121.323,31.3132,68572,0,80,0,14-3-29 14:15:1,1
163BG33PFI,121.323,31.3132,68572,0,80,0,14-3-29 14:19:1,1
163BG33PFI,121.323,31.3132,68572,0,80,0,14-3-29 14:21:1,1
163BG33PFI,121.323,31.3132,68572,0,80,0,14-3-29 14:23:1,1
163BG33PFI,121.323,31.3132,68572,0,80,0,14-3-29 14:25:1,1
163BG33PFI,121.323,31.3132,68572,0,80,0,14-3-29 14:27:1,1
163BG33PFI,121.323,31.3132,68572,0,80,0,14-3-29 14:29:1,1
163BG33PFI,121.323,31.3132,68572,0,80,0,14-3-29 14:31:1,1
163BG33PFI,121.323,31.3132,68572,0,80,0,14-3-29 14:33:1,1
163BG33PFI,121.323,31.3132,68572,0,80,0,14-3-29 14:35:1,1
163BG33PFI,121.323,31.3132,68572,0,80,0,14-3-29 14:37:1,1
163BG33PFI,121.323,31.3132,68572,0,80,0,14-3-29 14:39:1,1
163BG33PFI,121.323,31.3132,68572,0,80,0,14-3-29 14:41:1,1
163BG33PFI,121.323,31.3132,68572,0,80,0,14-3-29 14:43:1,1
163BG33PFI,121.323,31.3132,68572,0,80,0,14-3-29 14:45:1,1
163BG33PFI,121.323,31.3132,68572,0,80,0,14-3-29 14:47:1,1
163BG33PFI,121.323,31.3132,68572,0,80,0,14-3-29 14:49:1,1
163BG33PFI,121.323,31.3132,68572,0,80,0,14-3-29 14:51:1,1
163BG33PFI,121.323,31.3132,68572,0,80,0,14-3-29 14:53:1,1
163BG33PFI,121.323,31.3132,68572,0,80,0,14-3-29 14:55:1,1
163BG33PFI,121.323,31.3132,68572,0,80,0,14-3-29 14:57:54,1
163BG33PFI,121.323,31.3132,68572,0,80,0,14-3-29 14:59:54,1
163BG33PFI,121.323,31.3132,68572,0,80,0,14-3-29 15:1:54,1
163BG33PFI,121.323,31.3132,68572,0,80,0,14-3-29 15:3:54,1
163BG33PFI,121.323,31.3132,68572,0,80,0,14-3-29 15:5:54,1
163BG33PFI,121.323,31.3132,68572,0,80,0,14-3-29 15:7:54,1
163BG33PFI,121.323,31.3132,68572,0,80,0,14-3-29 15:9:54,1
163BG33PFI,121.323,31.3132,68572,0,80,0,14-3-29 15:11:54,1
163BG33PFI,121.323,31.3132,68572,0,80,0,14-3-29 15:13:54,1
163BG33PFI,121.323,31.3132,68572,0,80,0,14-3-29 15:15:54,1
163BG33PFI,121.323,31.3132,68572,0,80,0,14-3-29 15:17:54,1
163BG33PFI,121.323,31.3132,68572,0,80,0,14-3-29 15:19:54,1
163BG33PFI,121.323,31.3132,68572,0,80,0,14-3-29 15:21:55,1
163BG33PFI,121.323,31.3132,68572,0,80,0,14-3-29 15:23:55,1
163BG33PFI,121.323,31.3132,68572,0,80,0,14-3-29 15:25:54,1
163BG33PFI,121.323,31.3132,68572,0,80,0,14-3-29 15:27:14,1
163BG33PFI,121.323,31.3132,68572,0,80,0,14-3-29 15:27:43,1
163BG33PFI,121.323,31.3132,68572,0,80,0,14-3-29 15:28:13,1
163BG33PFI,121.323,31.3132,68572,0,80,0,14-3-29 15:28:43,1
163BG33PFI,121.323,31.3134,68572,0,100,0,14-3-29 15:29:14,1
163BG33PFI,121.323,31.3134,68572,0,100,0,14-3-29 15:29:44,1
163BG33PFI,121.323,31.3134,68572,0,100,0,14-3-29 15:30:14,1
163BG33PFI,121.323,31.3134,68572,0,100,0,14-3-29 15:30:44,1
163BG33PFI,121.323,31.3134,68572,0,100,0,14-3-29 15:31:14,1
163BG33PFI,121.323,31.3134,68572,0,100,0,14-3-29 15:31:43,1
163BG33PFI,121.323,31.3134,68572,0,100,0,14-3-29 15:32:13,1
163BG33PFI,121.323,31.3134,68572,0,100,0,14-3-29 15:32:43,1
163BG33PFI,121.323,31.3134,68572,0,100,0,14-3-29 15:33:13,1
163BG33PFI,121.323,31.3134,68572,0,100,0,14-3-29 15:33:43,1
163BG33PFI,121.323,31.3134,68572,0,100,0,14-3-29 15:34:13,1
163BG33PFI,121.323,31.3134,68572,0,100,0,14-3-29 15:34:43,1
163BG33PFI,121.323,31.3134,68572,0,100,0,14-3-29 15:35:13,1
163BG33PFI,121.323,31.3134,68572,0,100,0,14-3-29 15:35:43,1
163BG33PFI,121.323,31.3134,68572,0,100,0,14-3-29 15:36:13,1
163BG33PFI,121.323,31.3134,68572,0,100,0,14-3-29 15:36:43,1
163BG33PFI,121.323,31.3134,68572,0,100,0,14-3-29 15:37:13,1
163BG33PFI,121.323,31.3134,68572,0,100,0,14-3-29 15:37:43,1
163BG33PFI,121.323,31.3134,68572,0,100,0,14-3-29 15:38:13,1
163BG33PFI,121.323,31.3134,68572,0,100,0,14-3-29 15:38:43,1
163BG33PFI,121.323,31.3134,68572,0,100,0,14-3-29 15:39:13,1
163BG33PFI,121.323,31.3134,68572,0,100,0,14-3-29 15:39:43,1
163BG33PFI,121.323,31.3134,68572,0,100,0,14-3-29 15:40:13,1
163BG33PFI,121.323,31.3134,68572,0,100,0,14-3-29 15:40:43,1
163BG33PFI,121.323,31.3134,68572,0,100,0,14-3-29 15:41:13,1
163BG33PFI,121.323,31.3134,68572,0,100,0,14-3-29 15:41:44,1
163BG33PFI,121.323,31.3134,68572,0,100,0,14-3-29 15:42:14,1
163BG33PFI,121.323,31.3134,68572,0,100,0,14-3-29 15:42:44,1
163BG33PFI,121.323,31.3134,68572,0,100,0,14-3-29 15:43:14,1
163BG33PFI,121.323,31.3134,68572,0,100,0,14-3-29 15:43:44,1
163BG33PFI,121.323,31.3134,68572,0,100,0,14-3-29 15:44:14,1
163BG33PFI,121.323,31.3134,68572,0,100,0,14-3-29 15:44:44,1
163BG33PFI,121.323,31.3134,68572,0,100,0,14-3-29 15:45:14,1
163BG33PFI,121.323,31.3134,68572,0,100,0,14-3-29 15:45:44,1
163BG33PFI,121.323,31.3134,68572,0,100,0,14-3-29 15:46:14,1
163BG33PFI,121.323,31.3134,68572,0,100,0,14-3-29 15:46:44,1
163BG33PFI,121.323,31.3134,68572,0,100,0,14-3-29 15:47:14,1
163BG33PFI,121.323,31.3134,68572,0,100,0,14-3-29 15:47:44,1
163BG33PFI,121.323,31.3134,68572,0,100,0,14-3-29 15:48:14,1
163BG33PFI,121.323,31.3134,68572,0,100,0,14-3-29 15:48:44,1
163BG33PFI,121.323,31.3134,68572,0,100,0,14-3-29 15:49:14,1
163BG33PFI,121.323,31.3134,68572,0,100,0,14-3-29 15:49:44,1
163BG33PFI,121.324,31.3136,68572,0,80,0,14-3-29 15:50:14,1
163BG33PFI,121.324,31.3132,68572,0,75,0,14-3-29 15:50:44,1
163BG33PFI,121.324,31.3132,68572,0,75,0,14-3-29 15:51:14,1
163BG33PFI,121.324,31.3129,68572,0,120,0,14-3-29 15:51:43,1
163BG33PFI,121.324,31.3129,68572,0,120,0,14-3-29 15:52:13,1
163BG33PFI,121.324,31.3129,68572,0,120,0,14-3-29 15:52:43,1
163BG33PFI,121.324,31.3127,68572,0,130,0,14-3-29 15:53:13,1
163BG33PFI,121.324,31.3127,68572,0,130,0,14-3-29 15:53:43,1
163BG33PFI,121.324,31.3127,68572,0,130,0,14-3-29 15:54:43,1
163BG33PFI,121.322,31.3135,68573,29,165,0,14-3-29 15:55:13,1
163BG33PFI,121.321,31.3152,68576,12,160,0,14-3-29 15:55:43,1
163BG33PFI,121.321,31.3155,68576,14,65,0,14-3-29 15:56:13,1
163BG33PFI,121.322,31.3133,68579,50,75,0,14-3-29 15:56:43,1
163BG33PFI,121.324,31.3104,68583,42,75,0,14-3-29 15:57:13,1
163BG33PFI,121.326,31.3076,68586,37,70,0,14-3-29 15:57:43,1
163BG33PFI,121.327,31.3056,68589,27,105,0,14-3-29 15:58:13,1
163BG33PFI,121.325,31.3041,68591,42,115,0,14-3-29 15:58:43,1
163BG33PFI,121.323,31.3026,68594,0,105,0,14-3-29 15:59:13,1
163BG33PFI,121.323,31.3025,68594,5,100,0,14-3-29 15:59:43,1
163BG33PFI,121.323,31.3023,68594,0,105,0,14-3-29 16:0:13,1
163BG33PFI,121.323,31.3023,68594,0,105,0,14-3-29 16:0:43,1
163BG33PFI,121.323,31.3023,68594,0,105,0,14-3-29 16:1:13,1
163BG33PFI,121.322,31.3011,68595,25,105,0,14-3-29 16:1:43,1
163BG33PFI,121.321,31.3,68596,0,110,0,14-3-29 16:2:13,1
163BG33PFI,121.321,31.2994,68597,12,95,0,14-3-29 16:2:43,1
163BG33PFI,121.32,31.2984,68598,7,95,0,14-3-29 16:3:13,1
163BG33PFI,121.32,31.2977,68599,20,95,0,14-3-29 16:3:43,1
163BG33PFI,121.32,31.2972,68599,0,100,0,14-3-29 16:4:13,1
163BG33PFI,121.32,31.2968,68600,12,70,0,14-3-29 16:4:43,1
163BG33PFI,121.323,31.2968,68602,44,40,0,14-3-29 16:5:13,1
163BG33PFI,121.326,31.2969,68605,31,40,0,14-3-29 16:5:43,1
163BG33PFI,121.33,31.2961,68609,50,50,0,14-3-29 16:6:13,1
163BG33PFI,121.334,31.2952,68613,42,50,0,14-3-29 16:6:43,1
163BG33PFI,121.338,31.2941,68617,48,50,0,14-3-29 16:7:13,1
163BG33PFI,121.341,31.2935,68619,25,50,0,14-3-29 16:7:43,1
163BG33PFI,121.343,31.2927,68622,35,50,0,14-3-29 16:8:13,1
163BG33PFI,121.344,31.2926,68623,0,40,0,14-3-29 16:8:43,1
163BG33PFI,121.344,31.2926,68623,0,40,0,14-3-29 16:9:13,1
163BG33PFI,121.345,31.2924,68623,16,55,0,14-3-29 16:9:43,1
163BG33PFI,121.346,31.2917,68625,27,55,0,14-3-29 16:10:13,1
163BG33PFI,121.348,31.2911,68626,9,50,0,14-3-29 16:10:43,1
163BG33PFI,121.349,31.291,68627,0,55,0,14-3-29 16:11:13,1
163BG33PFI,121.349,31.2909,68627,9,50,0,14-3-29 16:11:43,1
163BG33PFI,121.35,31.2906,68628,12,55,0,14-3-29 16:12:14,1
163BG33PFI,121.351,31.2902,68629,22,55,0,14-3-29 16:12:44,1
163BG33PFI,121.353,31.2895,68631,29,55,0,14-3-29 16:13:14,1
163BG33PFI,121.354,31.2887,68632,7,80,0,14-3-29 16:13:44,1
163BG33PFI,121.354,31.2871,68634,20,85,0,14-3-29 16:14:14,1
163BG33PFI,121.354,31.2863,68635,9,85,0,14-3-29 16:14:44,1
163BG33PFI,121.354,31.2852,68636,12,85,0,14-3-29 16:15:14,1
163BG33PFI,121.355,31.2839,68637,20,85,0,14-3-29 16:15:44,1
163BG33PFI,121.355,31.2817,68639,27,85,0,14-3-29 16:16:14,1
163BG33PFI,121.355,31.28,68641,22,85,0,14-3-29 16:16:44,1
163BG33PFI,121.355,31.2781,68643,25,85,0,14-3-29 16:17:14,1
163BG33PFI,121.355,31.2759,68645,25,85,0,14-3-29 16:17:44,1
163BG33PFI,121.355,31.273,68649,48,85,0,14-3-29 16:18:14,1
163BG33PFI,121.355,31.2694,68652,37,90,0,14-3-29 16:18:44,1
163BG33PFI,121.354,31.2663,68656,46,95,0,14-3-29 16:19:14,1
163BG33PFI,121.353,31.2633,68659,50,100,0,14-3-29 16:19:44,1
163BG33PFI,121.351,31.2593,68664,59,100,0,14-3-29 16:20:14,1
163BG33PFI,121.349,31.2558,68668,38,100,0,14-3-29 16:20:44,1
163BG33PFI,121.346,31.2541,68672,51,130,0,14-3-29 16:21:14,1
163BG33PFI,121.341,31.254,68676,59,130,0,14-3-29 16:21:44,1
163BG33PFI,121.321,31.2531,68695,62,130,0,14-3-29 16:24:31,1
163BG33PFI,121.315,31.2529,68700,70,130,0,14-3-29 16:25:1,1
163BG33PFI,121.308,31.2526,68707,72,130,0,14-3-29 16:25:31,1
163BG33PFI,121.302,31.2526,68713,75,135,0,14-3-29 16:26:1,1
163BG33PFI,121.295,31.2532,68719,72,140,0,14-3-29 16:26:31,1
163BG33PFI,121.29,31.2542,68724,66,140,0,14-3-29 16:27:1,1
163BG33PFI,121.285,31.2551,68729,48,140,0,14-3-29 16:27:31,1
163BG33PFI,121.28,31.256,68734,72,135,0,14-3-29 16:28:1,1
163BG33PFI,121.273,31.2563,68740,72,130,0,14-3-29 16:28:31,1
163BG33PFI,121.267,31.2558,68746,79,130,0,14-3-29 16:29:1,1
163BG33PFI,121.26,31.2545,68753,77,125,0,14-3-29 16:29:31,1
163BG33PFI,121.253,31.2531,68759,77,125,0,14-3-29 16:30:1,1
163BG33PFI,121.246,31.2521,68766,72,130,0,14-3-29 16:30:31,1
163BG33PFI,121.239,31.2518,68772,83,130,0,14-3-29 16:31:1,1
163BG33PFI,121.232,31.2519,68779,85,135,0,14-3-29 16:31:31,1
163BG33PFI,121.224,31.2521,68786,81,135,0,14-3-29 16:32:1,1
163BG33PFI,121.217,31.2522,68793,75,135,0,14-3-29 16:32:31,1
163BG33PFI,121.211,31.2524,68799,72,135,0,14-3-29 16:33:1,1
163BG33PFI,121.205,31.2529,68805,75,135,0,14-3-29 16:33:31,1
163BG33PFI,121.198,31.2534,68811,74,135,0,14-3-29 16:34:1,1
163BG33PFI,121.191,31.2538,68817,77,135,0,14-3-29 16:34:31,1
163BG33PFI,121.185,31.2547,68823,70,140,0,14-3-29 16:35:1,1
163BG33PFI,121.179,31.2563,68830,81,140,0,14-3-29 16:35:31,1
163BG33PFI,121.172,31.2591,68836,83,150,0,14-3-29 16:36:1,1
163BG33PFI,121.167,31.2626,68843,79,155,0,14-3-29 16:36:31,1
163BG33PFI,121.157,31.2721,68856,81,160,0,14-3-29 16:37:31,1
163BG33PFI,121.144,31.2861,68876,51,155,0,14-3-29 16:39:11,1
163BG33PFI,121.142,31.2883,68879,18,150,0,14-3-29 16:39:40,1
163BG33PFI,121.142,31.2886,68879,0,150,0,14-3-29 16:40:10,1
163BG33PFI,121.142,31.2886,68879,0,150,0,14-3-29 16:40:40,1
163BG33PFI,121.14,31.2897,68881,44,155,0,14-3-29 16:41:10,1
163BG33PFI,121.136,31.2928,68886,74,150,0,14-3-29 16:41:40,1
163BG33PFI,121.13,31.2961,68893,81,145,0,14-3-29 16:42:10,1
163BG33PFI,121.123,31.2985,68900,79,140,0,14-3-29 16:42:40,1
163BG33PFI,121.117,31.3002,68906,79,140,0,14-3-29 16:43:10,1
163BG33PFI,121.11,31.3019,68913,77,140,0,14-3-29 16:43:40,1
163BG33PFI,121.104,31.3045,68919,77,150,0,14-3-29 16:44:10,1
163BG33PFI,121.098,31.3081,68926,85,155,0,14-3-29 16:44:40,1
163BG33PFI,121.092,31.3126,68933,83,155,0,14-3-29 16:45:10,1
163BG33PFI,121.087,31.3167,68940,79,150,0,14-3-29 16:45:40,1
163BG33PFI,121.081,31.3198,68946,79,145,0,14-3-29 16:46:10,1
163BG33PFI,121.075,31.322,68953,77,140,0,14-3-29 16:46:40,1
163BG33PFI,121.068,31.3236,68959,77,140,0,14-3-29 16:47:10,1
163BG33PFI,121.062,31.3254,68965,57,145,0,14-3-29 16:47:40,1
163BG33PFI,121.058,31.3274,68970,55,145,0,14-3-29 16:48:10,1
163BG33PFI,121.056,31.3304,68974,42,0,0,14-3-29 16:48:40,1
163BG33PFI,121.056,31.3317,68975,0,170,0,14-3-29 16:49:10,1
163BG33PFI,121.056,31.3317,68975,0,170,0,14-3-29 16:49:40,1
163BG33PFI,121.056,31.3319,68975,0,170,0,14-3-29 16:50:10,1
163BG33PFI,121.055,31.3329,68976,24,155,0,14-3-29 16:50:40,1
163BG33PFI,121.054,31.3335,68978,9,150,0,14-3-29 16:51:10,1
163BG33PFI,121.053,31.3341,68978,20,160,0,14-3-29 16:51:40,1
163BG33PFI,121.053,31.3368,68981,24,0,0,14-3-29 16:52:10,1
163BG33PFI,121.054,31.3387,68984,33,40,0,14-3-29 16:52:40,1
163BG33PFI,121.053,31.338,68987,44,140,0,14-3-29 16:53:10,1
163BG33PFI,121.048,31.3391,68991,50,150,0,14-3-29 16:53:40,1
163BG33PFI,121.044,31.3398,68995,50,140,0,14-3-29 16:54:10,1
163BG33PFI,121.041,31.3404,68998,16,140,0,14-3-29 16:54:40,1
163BG33PFI,121.039,31.3407,69000,33,140,0,14-3-29 16:55:10,1
163BG33PFI,121.035,31.3412,69004,64,135,0,14-3-29 16:55:40,1
163BG33PFI,121.029,31.3417,69009,57,135,0,14-3-29 16:56:10,1
163BG33PFI,121.026,31.342,69012,5,135,0,14-3-29 16:56:40,1
163BG33PFI,121.026,31.342,69012,0,135,0,14-3-29 16:57:10,1
163BG33PFI,121.025,31.3421,69012,25,135,0,14-3-29 16:57:40,1
163BG33PFI,121.022,31.3424,69016,57,135,0,14-3-29 16:58:10,1
163BG33PFI,121.016,31.3429,69021,50,135,0,14-3-29 16:58:40,1
163BG33PFI,121.012,31.3433,69025,31,135,0,14-3-29 16:59:10,1
163BG33PFI,121.011,31.3434,69026,0,140,0,14-3-29 16:59:40,1
163BG33PFI,121.01,31.3435,69026,12,135,0,14-3-29 17:0:10,1
163BG33PFI,121.009,31.3436,69028,22,135,0,14-3-29 17:0:39,1
163BG33PFI,121.008,31.3438,69028,0,135,0,14-3-29 17:1:9,1
163BG33PFI,121.006,31.3438,69030,33,135,0,14-3-29 17:1:39,1
163BG33PFI,121.003,31.344,69033,14,140,0,14-3-29 17:2:10,1
163BG33PFI,121.003,31.3441,69033,7,120,0,14-3-29 17:2:40,1
163BG33PFI,121.002,31.345,69034,22,175,0,14-3-29 17:3:10,1
163BG33PFI,121.003,31.3463,69036,14,55,0,14-3-29 17:3:40,1
163BG33PFI,121.006,31.3461,69039,48,45,0,14-3-29 17:4:10,1
163BG33PFI,121.009,31.346,69042,11,40,0,14-3-29 17:4:40,1
163BG33PFI,121.009,31.3459,69042,0,80,0,14-3-29 17:5:10,1
163BG33PFI,121.009,31.346,69042,0,140,0,14-3-29 17:5:40,1
163BG33PFI,121.008,31.3462,69045,0,125,0,14-3-29 17:6:10,0
163BG33PFI,121.009,31.3461,69047,0,50,0,14-3-29 17:6:40,1
163BG33PFI,121.009,31.3461,69047,0,50,0,14-3-29 17:7:10,1
163BG33PFI,121.009,31.3461,69047,0,50,0,14-3-29 17:7:40,1
163BG33PFI,121.009,31.3461,69047,0,30,0,14-3-29 17:8:10,1
163BG33PFI,121.009,31.346,69047,0,100,0,14-3-29 17:8:40,1
163BG33PFI,121.009,31.346,69047,12,135,0,14-3-29 17:9:10,1
163BG33PFI,121.005,31.3461,69050,51,135,0,14-3-29 17:9:40,1
163BG33PFI,121.002,31.3461,69053,14,90,0,14-3-29 17:10:10,1
163BG33PFI,121.002,31.3442,69055,14,20,0,14-3-29 17:10:40,1
163BG33PFI,121.005,31.3438,69059,48,45,0,14-3-29 17:11:10,1
163BG33PFI,121.009,31.3435,69062,42,45,0,14-3-29 17:11:40,1
163BG33PFI,121.012,31.3432,69065,44,45,0,14-3-29 17:12:10,1
163BG33PFI,121.017,31.3428,69070,68,45,0,14-3-29 17:12:40,1
163BG33PFI,121.023,31.3422,69075,50,45,0,14-3-29 17:13:10,1
163BG33PFI,121.025,31.3421,69077,3,40,0,14-3-29 17:13:40,1
163BG33PFI,121.025,31.342,69077,12,35,0,14-3-29 17:14:10,1
163BG33PFI,121.026,31.344,69080,31,0,0,14-3-29 17:14:40,1
163BG33PFI,121.026,31.3454,69081,16,140,0,14-3-29 17:15:10,1
163BG33PFI,121.022,31.3457,69084,33,135,0,14-3-29 17:15:40,1
163BG33PFI,121.021,31.3458,69086,20,135,0,14-3-29 17:16:10,1
163BG33PFI,121.018,31.3461,69088,35,135,0,14-3-29 17:16:40,1
163BG33PFI,121.015,31.3464,69092,46,135,0,14-3-29 17:17:10,1
163BG33PFI,121.012,31.347,69094,14,0,0,14-3-29 17:17:40,1
163BG33PFI,121.012,31.3478,69095,0,0,0,14-3-29 17:18:10,1
163BG33PFI,121.012,31.3477,69095,0,70,0,14-3-29 17:18:40,1
163BG33PFI,121.012,31.3477,69095,0,70,0,14-3-29 17:19:10,1
163BG33PFI,121.012,31.3477,69095,0,70,0,14-3-29 17:19:40,1
163BG33PFI,121.012,31.3478,69095,0,30,0,14-3-29 17:20:10,1
163BG33PFI,121.012,31.3478,69095,0,30,0,14-3-29 17:20:40,1
163BG33PFI,121.012,31.3478,69095,0,30,0,14-3-29 17:21:10,1
163BG33PFI,121.012,31.3478,69095,0,30,0,14-3-29 17:21:40,1
163BG33PFI,121.012,31.3478,69095,0,30,0,14-3-29 17:22:32,1
163BG33PFI,121.012,31.3481,69095,7,175,0,14-3-29 17:23:1,1
163BG33PFI,121.012,31.3482,69095,0,0,0,14-3-29 17:23:31,1
163BG33PFI,121.012,31.3482,69095,0,0,0,14-3-29 17:24:1,1
163BG33PFI,121.012,31.3482,69095,0,0,0,14-3-29 17:24:31,1
163BG33PFI,121.012,31.3482,69095,0,0,0,14-3-29 17:25:1,1
163BG33PFI,121.013,31.3481,69095,0,45,0,14-3-29 17:25:31,1
163BG33PFI,121.013,31.3481,69095,0,45,0,14-3-29 17:26:1,1
163BG33PFI,121.013,31.3481,69095,0,45,0,14-3-29 17:26:31,1
163BG33PFI,121.013,31.3481,69095,0,45,0,14-3-29 17:27:1,1
163BG33PFI,121.013,31.3481,69095,0,45,0,14-3-29 17:27:31,1
163BG33PFI,121.013,31.3481,69095,0,45,0,14-3-29 17:28:1,1
163BG33PFI,121.013,31.3481,69095,0,45,0,14-3-29 17:28:31,1
163BG33PFI,121.013,31.3481,69095,0,45,0,14-3-29 17:29:1,1
163BG33PFI,121.013,31.3481,69095,0,45,0,14-3-29 17:29:31,1
163BG33PFI,121.013,31.3481,69095,0,45,0,14-3-29 17:30:1,1
163BG33PFI,121.013,31.3481,69095,0,40,0,14-3-29 17:30:31,1
163BG33PFI,121.013,31.3481,69095,0,40,0,14-3-29 17:31:1,1
163BG33PFI,121.013,31.3481,69095,0,40,0,14-3-29 17:31:31,1
163BG33PFI,121.013,31.3481,69095,0,145,0,14-3-29 17:32:1,1
163BG33PFI,121.014,31.3481,69095,0,35,0,14-3-29 17:32:31,1
163BG33PFI,121.014,31.3481,69095,0,140,0,14-3-29 17:34:31,1
163BG33PFI,121.014,31.3481,69095,0,140,0,14-3-29 17:36:31,1
163BG33PFI,121.014,31.3481,69095,0,140,0,14-3-29 17:38:31,1
163BG33PFI,121.014,31.3481,69095,0,140,0,14-3-29 17:39:11,1
163BG33PFI,121.014,31.348,69095,0,40,0,14-3-29 17:39:40,1
163BG33PFI,121.014,31.348,69095,0,40,0,14-3-29 17:40:10,1
163BG33PFI,121.014,31.348,69095,0,40,0,14-3-29 17:40:40,1
163BG33PFI,121.014,31.348,69095,0,40,0,14-3-29 17:41:10,1
163BG33PFI,121.014,31.348,69095,0,40,0,14-3-29 17:41:40,1
163BG33PFI,121.014,31.348,69095,0,140,0,14-3-29 17:42:10,1
163BG33PFI,121.014,31.348,69095,0,60,0,14-3-29 17:42:40,1
163BG33PFI,121.014,31.348,69095,0,125,0,14-3-29 17:43:10,1
163BG33PFI,121.014,31.348,69095,0,125,0,14-3-29 17:43:40,1
163BG33PFI,121.014,31.348,69095,0,140,0,14-3-29 17:44:10,1
163BG33PFI,121.014,31.348,69095,0,140,0,14-3-29 17:44:40,1
163BG33PFI,121.014,31.348,69095,0,140,0,14-3-29 17:46:40,1
163BG33PFI,121.014,31.348,69095,0,140,0,14-3-29 17:48:40,1
163BG33PFI,121.014,31.348,69095,0,140,0,14-3-29 17:50:40,1
163BG33PFI,121.014,31.348,69095,0,140,0,14-3-29 17:52:40,1
163BG33PFI,121.014,31.348,69095,0,140,0,14-3-29 17:54:40,1
163BG33PFI,121.014,31.348,69095,0,140,0,14-3-29 17:56:40,1
163BG33PFI,121.014,31.348,69095,0,140,0,14-3-29 17:58:40,1
163BG33PFI,121.014,31.348,69095,0,140,0,14-3-29 18:0:40,1
163BG33PFI,121.014,31.348,69095,0,140,0,14-3-29 18:2:40,1
163BG33PFI,121.014,31.348,69095,0,140,0,14-3-29 18:4:40,1
163BG33PFI,121.014,31.348,69095,0,140,0,14-3-29 18:6:40,1
163BG33PFI,121.014,31.348,69095,0,140,0,14-3-29 18:8:40,1
163BG33PFI,121.014,31.348,69095,0,140,0,14-3-29 18:10:40,1
163BG33PFI,121.014,31.348,69095,0,140,0,14-3-29 18:12:40,1
163BG33PFI,121.014,31.348,69095,0,140,0,14-3-29 18:14:40,1
163BG33PFI,121.014,31.348,69095,0,140,0,14-3-29 18:16:40,1
163BG33PFI,121.014,31.348,69095,0,140,0,14-3-29 18:18:40,1
163BG33PFI,121.014,31.348,69095,0,140,0,14-3-29 18:20:40,1
163BG33PFI,121.014,31.348,69095,0,140,0,14-3-29 18:22:40,1
163BG33PFI,121.014,31.348,69095,0,140,0,14-3-29 18:24:6,1
163BG33PFI,121.014,31.348,69095,0,140,0,14-3-29 18:26:5,1
163BG33PFI,121.014,31.348,69095,0,140,0,14-3-29 18:28:5,1
163BG33PFI,121.014,31.348,69095,0,140,0,14-3-29 18:30:5,1
163BG33PFI,121.014,31.348,69095,0,140,0,14-3-29 18:32:5,1
163BG33PFI,121.014,31.348,69095,0,140,0,14-3-29 18:34:5,1
163BG33PFI,121.014,31.348,69095,0,140,0,14-3-29 18:36:5,1
163BG33PFI,121.014,31.348,69095,0,140,0,14-3-29 18:38:5,1
163BG33PFI,121.014,31.348,69095,0,140,0,14-3-29 18:40:6,1
163BG33PFI,121.014,31.348,69095,0,140,0,14-3-29 18:42:5,1
163BG33PFI,121.014,31.348,69095,0,140,0,14-3-29 18:44:5,1
163BG33PFI,121.014,31.348,69095,0,140,0,14-3-29 18:46:4,1
163BG33PFI,121.014,31.348,69095,0,140,0,14-3-29 18:48:4,1
163BG33PFI,121.014,31.348,69095,0,140,0,14-3-29 18:50:4,1
163BG33PFI,121.014,31.348,69095,0,140,0,14-3-29 18:52:4,1
163BG33PFI,121.014,31.348,69095,0,140,0,14-3-29 18:54:4,1
163BG33PFI,121.014,31.348,69095,0,140,0,14-3-29 18:56:5,1
163BG33PFI,121.014,31.348,69095,0,140,0,14-3-29 18:58:5,1
163BG33PFI,121.014,31.348,69095,0,140,0,14-3-29 19:0:5,1
163BG33PFI,121.014,31.348,69095,0,140,0,14-3-29 19:2:5,1
163BG33PFI,121.014,31.348,69095,0,140,0,14-3-29 19:4:5,1
163BG33PFI,121.014,31.348,69095,0,140,0,14-3-29 19:6:6,1
163BG33PFI,121.014,31.348,69095,0,140,0,14-3-29 19:8:6,1
163BG33PFI,121.014,31.348,69095,0,140,0,14-3-29 19:10:6,1
163BG33PFI,121.014,31.348,69095,0,140,0,14-3-29 19:12:6,1
163BG33PFI,121.014,31.348,69095,0,140,0,14-3-29 19:14:6,1
163BG33PFI,121.014,31.348,69095,0,140,0,14-3-29 19:16:5,1
163BG33PFI,121.014,31.348,69095,0,140,0,14-3-29 19:18:5,1
163BG33PFI,121.014,31.348,69095,0,140,0,14-3-29 19:20:5,1
163BG33PFI,121.014,31.348,69095,0,140,0,14-3-29 19:22:5,1
163BG33PFI,121.014,31.348,69095,0,140,0,14-3-29 19:24:5,1
163BG33PFI,121.014,31.348,69095,0,140,0,14-3-29 19:26:5,1
163BG33PFI,121.014,31.348,69095,0,140,0,14-3-29 19:28:5,1
163BG33PFI,121.014,31.348,69095,0,140,0,14-3-29 19:30:5,1
163BG33PFI,121.014,31.348,69095,0,140,0,14-3-29 19:32:5,1
163BG33PFI,121.014,31.348,69095,0,140,0,14-3-29 19:34:5,1
163BG33PFI,121.014,31.348,69095,0,140,0,14-3-29 19:36:6,1
163BG33PFI,121.014,31.348,69095,0,140,0,14-3-29 19:38:6,1
163BG33PFI,121.014,31.348,69095,0,140,0,14-3-29 19:40:6,1
163BG33PFI,121.014,31.348,69095,0,140,0,14-3-29 19:42:6,1
163BG33PFI,121.014,31.348,69095,0,140,0,14-3-29 19:44:6,1
163BG33PFI,121.014,31.348,69095,0,140,0,14-3-29 19:46:5,1
163BG33PFI,121.014,31.348,69095,0,140,0,14-3-29 19:48:5,1
163BG33PFI,121.014,31.348,69095,0,140,0,14-3-29 19:50:5,1
163BG33PFI,121.014,31.348,69095,0,140,0,14-3-29 19:52:5,1
163BG33PFI,121.014,31.348,69095,0,140,0,14-3-29 19:54:5,1
163BG33PFI,121.014,31.348,69095,0,140,0,14-3-29 19:56:5,1
163BG33PFI,121.014,31.348,69095,0,140,0,14-3-29 19:58:5,1
163BG33PFI,121.014,31.348,69095,0,140,0,14-3-29 20:0:5,1
163BG33PFI,121.014,31.348,69095,0,140,0,14-3-29 20:2:5,1
163BG33PFI,121.014,31.348,69095,0,140,0,14-3-29 20:4:5,1
163BG33PFI,121.014,31.348,69095,0,140,0,14-3-29 20:6:6,1
163BG33PFI,121.014,31.348,69095,0,140,0,14-3-29 20:8:5,1
163BG33PFI,121.014,31.348,69095,0,140,0,14-3-29 20:10:5,1
163BG33PFI,121.014,31.348,69095,0,140,0,14-3-29 20:12:5,1
163BG33PFI,121.014,31.348,69095,0,140,0,14-3-29 20:14:5,1
163BG33PFI,121.014,31.348,69095,0,140,0,14-3-29 20:16:5,1
163BG33PFI,121.014,31.348,69095,0,140,0,14-3-29 20:18:5,1
163BG33PFI,121.014,31.348,69095,0,140,0,14-3-29 20:20:5,1
163BG33PFI,121.014,31.348,69095,0,140,0,14-3-29 20:22:5,1
163BG33PFI,121.014,31.348,69095,0,140,0,14-3-29 20:24:5,1
163BG33PFI,121.014,31.348,69095,0,140,0,14-3-29 20:26:5,1
163BG33PFI,121.014,31.348,69095,0,140,0,14-3-29 20:28:5,1
163BG33PFI,121.014,31.348,69095,0,140,0,14-3-29 20:30:5,1
163BG33PFI,121.014,31.348,69095,0,140,0,14-3-29 20:32:5,1
163BG33PFI,121.014,31.348,69095,0,140,0,14-3-29 20:34:5,1
163BG33PFI,121.014,31.348,69095,0,140,0,14-3-29 20:35:34,1
163BG33PFI,121.014,31.348,69095,0,140,0,14-3-29 20:37:34,1
163BG33PFI,121.014,31.348,69095,0,140,0,14-3-29 20:39:34,1
163BG33PFI,121.014,31.348,69095,0,140,0,14-3-29 20:41:34,1
163BG33PFI,121.014,31.348,69095,0,140,0,14-3-29 20:43:34,1
163BG33PFI,121.014,31.348,69095,0,140,0,14-3-29 20:45:34,1
163BG33PFI,121.014,31.348,69095,0,140,0,14-3-29 20:47:34,1
163BG33PFI,121.014,31.348,69095,0,140,0,14-3-29 20:49:34,1
163BG33PFI,121.014,31.348,69095,0,140,0,14-3-29 20:51:34,1
163BG33PFI,121.014,31.348,69095,0,140,0,14-3-29 20:53:34,1
163BG33PFI,121.014,31.348,69095,0,140,0,14-3-29 20:55:34,1
163BG33PFI,121.014,31.348,69095,0,140,0,14-3-29 20:57:34,1
163BG33PFI,121.014,31.348,69095,0,140,0,14-3-29 20:59:34,1
163BG33PFI,121.014,31.348,69095,0,140,0,14-3-29 21:1:2,1
163BG33PFI,121.014,31.348,69095,0,140,0,14-3-29 21:3:1,1
163BG33PFI,121.014,31.348,69095,0,140,0,14-3-29 21:5:1,1
163BG33PFI,121.014,31.348,69095,0,140,0,14-3-29 21:7:1,1
163BG33PFI,121.014,31.348,69095,0,140,0,14-3-29 21:9:1,1
163BG33PFI,121.014,31.348,69095,0,140,0,14-3-29 21:11:1,1
163BG33PFI,121.014,31.348,69095,0,140,0,14-3-29 21:13:1,1
163BG33PFI,121.014,31.348,69095,0,140,0,14-3-29 21:15:2,1
163BG33PFI,121.014,31.348,69095,0,140,0,14-3-29 21:17:2,1
163BG33PFI,121.014,31.348,69095,0,140,0,14-3-29 21:19:2,1
163BG33PFI,121.014,31.348,69095,0,140,0,14-3-29 21:21:2,1
163BG33PFI,121.014,31.348,69095,0,140,0,14-3-29 21:23:2,1
163BG33PFI,121.014,31.348,69095,0,140,0,14-3-29 21:25:2,1
163BG33PFI,121.014,31.348,69095,0,140,0,14-3-29 21:27:2,1
163BG33PFI,121.014,31.348,69095,0,140,0,14-3-29 21:29:2,1
163BG33PFI,121.014,31.348,69095,0,140,0,14-3-29 21:31:2,1
163BG33PFI,121.014,31.348,69095,0,140,0,14-3-29 21:33:2,1
163BG33PFI,121.014,31.348,69095,0,140,0,14-3-29 21:35:2,1
163BG33PFI,121.014,31.348,69095,0,140,0,14-3-29 21:37:1,1
163BG33PFI,121.014,31.348,69095,0,140,0,14-3-29 21:39:1,1
163BG33PFI,121.014,31.348,69095,0,140,0,14-3-29 21:41:1,1
163BG33PFI,121.014,31.348,69095,0,140,0,14-3-29 21:43:1,1
163BG33PFI,121.014,31.348,69095,0,140,0,14-3-29 21:45:1,1
163BG33PFI,121.014,31.348,69095,0,140,0,14-3-29 21:47:1,1
163BG33PFI,121.014,31.348,69095,0,140,0,14-3-29 21:49:1,1
163BG33PFI,121.014,31.348,69095,0,140,0,14-3-29 21:51:1,1
163BG33PFI,121.014,31.348,69095,0,140,0,14-3-29 21:53:1,1
163BG33PFI,121.014,31.348,69095,0,140,0,14-3-29 21:55:1,1
163BG33PFI,121.014,31.348,69095,0,140,0,14-3-29 21:57:2,1
163BG33PFI,121.014,31.348,69095,0,140,0,14-3-29 21:59:2,1
163BG33PFI,121.014,31.348,69095,0,140,0,14-3-29 22:1:2,1
163BG33PFI,121.014,31.348,69095,0,140,0,14-3-29 22:3:2,1
163BG33PFI,121.014,31.348,69095,0,140,0,14-3-29 22:5:2,1
163BG33PFI,121.014,31.348,69095,0,140,0,14-3-29 22:7:1,1
163BG33PFI,121.014,31.348,69095,0,140,0,14-3-29 22:9:1,1
163BG33PFI,121.014,31.348,69095,0,140,0,14-3-29 22:11:1,1
163BG33PFI,121.014,31.348,69095,0,140,0,14-3-29 22:13:1,1
163BG33PFI,121.014,31.348,69095,0,140,0,14-3-29 22:15:1,1
163BG33PFI,121.014,31.348,69095,0,140,0,14-3-29 22:17:1,1
163BG33PFI,121.014,31.348,69095,0,140,0,14-3-29 22:19:1,1
163BG33PFI,121.014,31.348,69095,0,140,0,14-3-29 22:21:1,1
163BG33PFI,121.014,31.348,69095,0,140,0,14-3-29 22:23:1,1
163BG33PFI,121.014,31.348,69095,0,140,0,14-3-29 22:25:1,1
163BG33PFI,121.014,31.348,69095,0,140,0,14-3-29 22:27:2,1
163BG33PFI,121.014,31.348,69095,0,140,0,14-3-29 22:29:2,1
163BG33PFI,121.014,31.348,69095,0,140,0,14-3-29 22:31:2,1
163BG33PFI,121.014,31.348,69095,0,140,0,14-3-29 22:33:2,1
163BG33PFI,121.014,31.348,69095,0,140,0,14-3-29 22:35:2,1
163BG33PFI,121.014,31.348,69095,0,140,0,14-3-29 22:37:1,1
163BG33PFI,121.014,31.348,69095,0,140,0,14-3-29 22:39:1,1
163BG33PFI,121.014,31.348,69095,0,140,0,14-3-29 22:41:1,1
163BG33PFI,121.014,31.348,69095,0,140,0,14-3-29 22:43:1,1
163BG33PFI,121.014,31.348,69095,0,140,0,14-3-29 22:45:1,1
163BG33PFI,121.014,31.348,69095,0,140,0,14-3-29 22:47:1,1
163BG33PFI,121.014,31.348,69095,0,140,0,14-3-29 22:49:1,1
163BG33PFI,121.014,31.348,69095,0,140,0,14-3-29 22:51:1,1
163BG33PFI,121.014,31.348,69095,0,140,0,14-3-29 22:53:1,1
163BG33PFI,121.014,31.348,69095,0,140,0,14-3-29 22:55:1,1
163BG33PFI,121.014,31.348,69095,0,140,0,14-3-29 22:57:1,1
163BG33PFI,121.014,31.348,69095,0,140,0,14-3-29 22:59:1,1
163BG33PFI,121.014,31.348,69095,0,140,0,14-3-29 23:1:1,1
163BG33PFI,121.014,31.348,69095,0,140,0,14-3-29 23:3:1,1
163BG33PFI,121.014,31.348,69095,0,140,0,14-3-29 23:5:1,1
163BG33PFI,121.014,31.348,69095,0,140,0,14-3-29 23:7:1,1
163BG33PFI,121.014,31.348,69095,0,140,0,14-3-29 23:9:1,1
163BG33PFI,121.014,31.348,69095,0,140,0,14-3-29 23:11:1,1
163BG33PFI,121.014,31.348,69095,0,140,0,14-3-29 23:13:1,1
163BG33PFI,121.014,31.348,69095,0,140,0,14-3-29 23:15:1,1
163BG33PFI,121.014,31.348,69095,0,140,0,14-3-29 23:17:1,1
163BG33PFI,121.014,31.348,69095,0,140,0,14-3-29 23:19:1,1
163BG33PFI,121.014,31.348,69095,0,140,0,14-3-29 23:21:1,1
163BG33PFI,121.014,31.348,69095,0,140,0,14-3-29 23:23:1,1
163BG33PFI,121.014,31.348,69095,0,140,0,14-3-29 23:25:1,1
163BG33PFI,121.014,31.348,69095,0,140,0,14-3-29 23:27:1,1
163BG33PFI,121.014,31.348,69095,0,140,0,14-3-29 23:29:1,1
163BG33PFI,121.014,31.348,69095,0,140,0,14-3-29 23:31:1,1
163BG33PFI,121.014,31.348,69095,0,140,0,14-3-29 23:33:1,1
163BG33PFI,121.014,31.348,69095,0,140,0,14-3-29 23:35:1,1
163BG33PFI,121.014,31.348,69095,0,140,0,14-3-29 23:37:1,1
163BG33PFI,121.014,31.348,69095,0,140,0,14-3-29 23:39:1,1
163BG33PFI,121.014,31.348,69095,0,140,0,14-3-29 23:41:1,1
163BG33PFI,121.014,31.348,69095,0,140,0,14-3-29 23:43:1,1
163BG33PFI,121.014,31.348,69095,0,140,0,14-3-29 23:45:1,1
163BG33PFI,121.014,31.348,69095,0,140,0,14-3-29 23:47:1,1
163BG33PFI,121.014,31.348,69095,0,140,0,14-3-29 23:49:1,1
163BG33PFI,121.014,31.348,69095,0,140,0,14-3-29 23:51:1,1
163BG33PFI,121.014,31.348,69095,0,140,0,14-3-29 23:51:31,1
163BG33PFI,121.014,31.348,69095,0,140,0,14-3-29 23:52:1,1
163BG33PFI,121.014,31.348,69095,0,140,0,14-3-29 23:54:1,1
163BG33PFI,121.014,31.348,69095,0,140,0,14-3-29 23:56:1,1
163BG33PFI,121.014,31.348,69095,0,140,0,14-3-29 23:58:1,1
163BG33PFI,121.014,31.348,69095,0,140,0,14-3-30 0:0:2,1
