17P4XUB7SI,106.622,29.6663,1373927,0,30,0,14-3-28 0:1:39,1
17P4XUB7SI,106.622,29.6663,1373927,0,30,0,14-3-28 0:3:40,1
17P4XUB7SI,106.622,29.6663,1373927,0,30,0,14-3-28 0:5:41,1
17P4XUB7SI,106.622,29.6663,1373927,0,30,0,14-3-28 0:7:42,1
17P4XUB7SI,106.622,29.6663,1373927,0,30,0,14-3-28 0:9:43,1
17P4XUB7SI,106.622,29.6663,1373927,0,30,0,14-3-28 0:11:45,1
17P4XUB7SI,106.622,29.6663,1373927,0,30,0,14-3-28 0:13:46,1
17P4XUB7SI,106.622,29.6663,1373927,0,30,0,14-3-28 0:15:53,1
17P4XUB7SI,106.622,29.6663,1373927,0,30,0,14-3-28 0:17:54,1
17P4XUB7SI,106.622,29.6663,1373927,0,30,0,14-3-28 0:19:55,1
17P4XUB7SI,106.622,29.6663,1373927,0,30,0,14-3-28 0:21:56,1
17P4XUB7SI,106.622,29.6663,1373927,0,30,0,14-3-28 0:23:57,1
17P4XUB7SI,106.622,29.6663,1373927,0,30,0,14-3-28 0:25:59,1
17P4XUB7SI,106.622,29.6663,1373927,0,30,0,14-3-28 0:28:0,1
17P4XUB7SI,106.622,29.6663,1373927,0,30,0,14-3-28 0:30:1,1
17P4XUB7SI,106.622,29.6663,1373927,0,30,0,14-3-28 0:32:2,1
17P4XUB7SI,106.622,29.6663,1373927,0,30,0,14-3-28 0:34:3,1
17P4XUB7SI,106.622,29.6663,1373927,0,30,0,14-3-28 0:36:4,1
17P4XUB7SI,106.622,29.6663,1373927,0,30,0,14-3-28 0:38:6,1
17P4XUB7SI,106.622,29.6663,1373927,0,30,0,14-3-28 0:40:7,1
17P4XUB7SI,106.622,29.6663,1373927,0,30,0,14-3-28 0:42:8,1
17P4XUB7SI,106.622,29.6659,1373927,9,70,0,14-3-28 0:44:9,1
17P4XUB7SI,106.623,29.6654,1373928,0,50,0,14-3-28 0:46:10,1
17P4XUB7SI,106.623,29.6654,1373928,0,50,0,14-3-28 0:48:11,1
17P4XUB7SI,106.623,29.6654,1373928,0,50,0,14-3-28 0:50:13,1
17P4XUB7SI,106.623,29.6654,1373928,0,50,0,14-3-28 0:52:14,1
17P4XUB7SI,106.623,29.6654,1373928,0,50,0,14-3-28 0:54:15,1
17P4XUB7SI,106.623,29.6655,1373928,0,130,0,14-3-28 0:56:16,1
17P4XUB7SI,106.623,29.6655,1373928,0,130,0,14-3-28 0:58:17,1
17P4XUB7SI,106.623,29.6655,1373928,0,130,0,14-3-28 1:0:18,1
17P4XUB7SI,106.623,29.6655,1373928,0,130,0,14-3-28 1:2:20,1
17P4XUB7SI,106.623,29.6655,1373928,0,130,0,14-3-28 1:4:21,1
17P4XUB7SI,106.62,29.6652,1373932,36,105,0,14-3-28 1:6:22,1
17P4XUB7SI,106.612,29.6588,1373947,60,95,0,14-3-28 1:8:23,1
17P4XUB7SI,106.598,29.6494,1373964,27,105,0,14-3-28 1:10:24,1
17P4XUB7SI,106.592,29.6396,1373977,62,105,0,14-3-28 1:12:25,1
17P4XUB7SI,106.599,29.6332,1373993,75,60,0,14-3-28 1:14:27,1
17P4XUB7SI,106.62,29.6314,1374013,60,20,0,14-3-28 1:16:28,1
17P4XUB7SI,106.632,29.6479,1374034,57,20,0,14-3-28 1:18:29,1
17P4XUB7SI,106.643,29.6658,1374058,82,0,0,14-3-28 1:20:30,1
17P4XUB7SI,106.654,29.6897,1374068,0,4,0,14-3-28 1:22:36,1
17P4XUB7SI,106.654,29.6897,1374068,0,0,0,14-3-28 1:23:7,1
17P4XUB7SI,106.665,29.7167,1374080,73,10,0,14-3-28 1:25:7,1
17P4XUB7SI,106.679,29.7361,1374105,80,20,0,14-3-28 1:27:8,1
17P4XUB7SI,106.687,29.7469,1374118,0,15,0,14-3-28 1:29:9,1
17P4XUB7SI,106.699,29.7642,1374141,80,10,0,14-3-28 1:31:10,1
17P4XUB7SI,106.713,29.7864,1374168,86,5,0,14-3-28 1:33:12,1
17P4XUB7SI,106.729,29.8085,1374198,86,15,0,14-3-28 1:35:13,1
17P4XUB7SI,106.732,29.8312,1374223,80,5,0,14-3-28 1:37:14,1
17P4XUB7SI,106.755,29.8433,1374249,84,25,0,14-3-28 1:39:15,1
17P4XUB7SI,106.767,29.8664,1374277,71,5,0,14-3-28 1:41:16,1
17P4XUB7SI,106.771,29.8909,1374305,84,15,0,14-3-28 1:43:17,1
17P4XUB7SI,106.791,29.908,1374331,64,25,0,14-3-28 1:45:19,1
17P4XUB7SI,106.807,29.9245,1374356,68,20,0,14-3-28 1:47:20,1
17P4XUB7SI,106.819,29.9458,1374382,75,5,0,14-3-28 1:49:21,1
17P4XUB7SI,106.829,29.9681,1374408,84,5,0,14-3-28 1:51:22,1
17P4XUB7SI,106.836,29.9921,1374435,80,175,0,14-3-28 1:53:23,1
17P4XUB7SI,106.837,30.0158,1374461,79,5,0,14-3-28 1:55:26,1
17P4XUB7SI,106.838,30.0248,1374470,0,5,0,14-3-28 1:57:26,1
17P4XUB7SI,106.838,30.0248,1374470,0,5,0,14-3-28 1:59:27,1
17P4XUB7SI,106.838,30.0248,1374470,0,5,0,14-3-28 2:1:28,1
17P4XUB7SI,106.838,30.0251,1374470,0,175,0,14-3-28 2:3:29,1
17P4XUB7SI,106.838,30.0295,1374475,71,0,0,14-3-28 2:5:30,1
17P4XUB7SI,106.842,30.052,1374499,66,5,0,14-3-28 2:7:32,1
17P4XUB7SI,106.845,30.0759,1374526,73,165,0,14-3-28 2:9:33,1
17P4XUB7SI,106.836,30.0944,1374548,68,160,0,14-3-28 2:11:34,1
17P4XUB7SI,106.829,30.1178,1374574,62,175,0,14-3-28 2:13:35,1
17P4XUB7SI,106.83,30.1396,1374599,80,170,0,14-3-28 2:15:36,1
17P4XUB7SI,106.835,30.1619,1374625,69,10,0,14-3-28 2:17:37,1
17P4XUB7SI,106.845,30.1817,1374650,73,10,0,14-3-28 2:19:39,1
17P4XUB7SI,106.854,30.2056,1374678,95,10,0,14-3-28 2:21:40,1
17P4XUB7SI,106.866,30.2276,1374705,88,10,0,14-3-28 2:23:41,1
17P4XUB7SI,106.882,30.2477,1374732,84,15,0,14-3-28 2:25:42,1
17P4XUB7SI,106.895,30.2702,1374760,88,10,0,14-3-28 2:27:43,1
17P4XUB7SI,106.911,30.2905,1374787,80,20,0,14-3-28 2:29:44,1
17P4XUB7SI,106.931,30.3075,1374813,80,20,0,14-3-28 2:31:46,1
17P4XUB7SI,106.954,30.3212,1374841,80,35,0,14-3-28 2:33:47,1
17P4XUB7SI,106.969,30.3398,1374866,80,10,0,14-3-28 2:35:48,1
17P4XUB7SI,106.982,30.3632,1374895,90,10,0,14-3-28 2:37:49,1
17P4XUB7SI,106.993,30.3876,1374924,80,15,0,14-3-28 2:39:50,1
17P4XUB7SI,107.013,30.4069,1374952,79,20,0,14-3-28 2:41:51,1
17P4XUB7SI,107.03,30.427,1374980,75,15,0,14-3-28 2:43:54,1
17P4XUB7SI,107.045,30.4483,1375007,79,20,0,14-3-28 2:45:54,1
17P4XUB7SI,107.059,30.4722,1375036,88,10,0,14-3-28 2:47:55,1
17P4XUB7SI,107.073,30.496,1375065,82,10,0,14-3-28 2:49:56,1
17P4XUB7SI,107.079,30.5213,1375094,88,0,0,14-3-28 2:51:57,1
17P4XUB7SI,107.085,30.5476,1375124,86,5,0,14-3-28 2:53:59,1
17P4XUB7SI,107.097,30.5718,1375153,84,10,0,14-3-28 2:56:0,1
17P4XUB7SI,107.104,30.5961,1375180,73,5,0,14-3-28 2:58:1,1
17P4XUB7SI,107.117,30.6165,1375205,62,10,0,14-3-28 3:0:2,1
17P4XUB7SI,107.13,30.6372,1375231,75,25,0,14-3-28 3:2:3,1
17P4XUB7SI,107.148,30.6564,1375259,71,5,0,14-3-28 3:4:4,1
17P4XUB7SI,107.154,30.681,1375286,80,10,0,14-3-28 3:6:6,1
17P4XUB7SI,107.167,30.7039,1375315,84,15,0,14-3-28 3:8:7,1
17P4XUB7SI,107.183,30.724,1375343,79,175,0,14-3-28 3:10:8,1
17P4XUB7SI,107.187,30.7498,1375371,90,10,0,14-3-28 3:12:10,1
17P4XUB7SI,107.203,30.771,1375398,80,20,0,14-3-28 3:14:11,1
17P4XUB7SI,107.223,30.7922,1375428,82,15,0,14-3-28 3:16:13,1
17P4XUB7SI,107.243,30.8094,1375456,88,25,0,14-3-28 3:18:14,1
17P4XUB7SI,107.261,30.826,1375480,86,10,0,14-3-28 3:20:15,1
17P4XUB7SI,107.276,30.8449,1375505,75,20,0,14-3-28 3:22:16,1
17P4XUB7SI,107.295,30.8616,1375531,93,25,0,14-3-28 3:24:17,1
17P4XUB7SI,107.317,30.8793,1375559,82,15,0,14-3-28 3:26:18,1
17P4XUB7SI,107.343,30.8941,1375589,90,25,0,14-3-28 3:28:20,1
17P4XUB7SI,107.365,30.9119,1375617,90,25,0,14-3-28 3:30:21,1
17P4XUB7SI,107.388,30.9268,1375644,79,35,0,14-3-28 3:32:22,1
17P4XUB7SI,107.408,30.9431,1375671,88,15,0,14-3-28 3:34:23,1
17P4XUB7SI,107.419,30.9677,1375701,86,15,0,14-3-28 3:36:24,1
17P4XUB7SI,107.435,30.9907,1375730,79,20,0,14-3-28 3:38:26,1
17P4XUB7SI,107.446,31.015,1375759,82,15,0,14-3-28 3:40:27,1
17P4XUB7SI,107.465,31.0335,1375787,69,30,0,14-3-28 3:42:28,1
17P4XUB7SI,107.484,31.049,1375812,86,10,0,14-3-28 3:44:29,1
17P4XUB7SI,107.49,31.0723,1375838,66,5,0,14-3-28 3:46:30,1
17P4XUB7SI,107.496,31.0962,1375865,93,5,0,14-3-28 3:48:32,1
17P4XUB7SI,107.5,31.1222,1375893,84,5,0,14-3-28 3:50:33,1
17P4XUB7SI,107.507,31.1476,1375922,79,5,0,14-3-28 3:52:34,1
17P4XUB7SI,107.514,31.1705,1375948,90,5,0,14-3-28 3:54:35,1
17P4XUB7SI,107.518,31.1957,1375975,86,175,0,14-3-28 3:56:36,1
17P4XUB7SI,107.527,31.2194,1376003,80,15,0,14-3-28 3:58:37,1
17P4XUB7SI,107.526,31.2436,1376030,77,175,0,14-3-28 4:0:39,1
17P4XUB7SI,107.522,31.2673,1376056,73,170,0,14-3-28 4:2:40,1
17P4XUB7SI,107.523,31.2878,1376078,0,175,0,14-3-28 4:4:41,1
17P4XUB7SI,107.523,31.2878,1376078,0,175,0,14-3-28 4:6:42,1
17P4XUB7SI,107.526,31.3005,1376093,46,5,0,14-3-28 4:8:43,1
17P4XUB7SI,107.527,31.32,1376115,55,5,0,14-3-28 4:10:44,1
17P4XUB7SI,107.538,31.3391,1376138,75,15,0,14-3-28 4:12:46,1
17P4XUB7SI,107.551,31.356,1376160,55,20,0,14-3-28 4:14:47,1
17P4XUB7SI,107.564,31.3642,1376176,60,30,0,14-3-28 4:16:48,1
17P4XUB7SI,107.588,31.3737,1376203,73,35,0,14-3-28 4:18:49,1
17P4XUB7SI,107.605,31.3867,1376224,53,30,0,14-3-28 4:20:50,1
17P4XUB7SI,107.619,31.4006,1376247,64,30,0,14-3-28 4:22:51,1
17P4XUB7SI,107.643,31.4099,1376271,69,35,0,14-3-28 4:24:53,1
17P4XUB7SI,107.655,31.4284,1376297,80,175,0,14-3-28 4:26:54,1
17P4XUB7SI,107.658,31.4535,1376326,95,10,0,14-3-28 4:28:55,1
17P4XUB7SI,107.658,31.4535,1376343,0,20,0,14-3-28 4:30:55,0
17P4XUB7SI,107.695,31.4842,1376378,73,5,0,14-3-28 4:32:57,1
17P4XUB7SI,107.708,31.5046,1376407,84,10,0,14-3-28 4:34:59,1
17P4XUB7SI,107.728,31.5204,1376432,75,20,0,14-3-28 4:37:0,1
17P4XUB7SI,107.742,31.5381,1376457,71,20,0,14-3-28 4:39:1,1
17P4XUB7SI,107.764,31.5494,1376482,71,30,0,14-3-28 4:41:2,1
17P4XUB7SI,107.784,31.5612,1376504,64,30,0,14-3-28 4:43:3,1
17P4XUB7SI,107.806,31.5728,1376529,71,35,0,14-3-28 4:45:4,1
17P4XUB7SI,107.827,31.5867,1376553,77,15,0,14-3-28 4:47:6,1
17P4XUB7SI,107.843,31.6049,1376578,69,20,0,14-3-28 4:49:7,1
17P4XUB7SI,107.859,31.6216,1376604,77,15,0,14-3-28 4:51:8,1
17P4XUB7SI,107.876,31.6372,1376628,68,10,0,14-3-28 4:53:9,1
17P4XUB7SI,107.894,31.6495,1376649,57,30,0,14-3-28 4:55:10,1
17P4XUB7SI,107.912,31.6593,1376669,64,15,0,14-3-28 4:57:12,1
17P4XUB7SI,107.924,31.6761,1376693,75,25,0,14-3-28 4:59:13,1
17P4XUB7SI,107.948,31.6842,1376718,68,20,0,14-3-28 5:1:14,1
17P4XUB7SI,107.966,31.7031,1376745,73,25,0,14-3-28 5:3:15,1
17P4XUB7SI,107.98,31.7229,1376771,77,15,0,14-3-28 5:5:16,1
17P4XUB7SI,107.987,31.7431,1376795,53,175,0,14-3-28 5:7:17,1
17P4XUB7SI,107.992,31.7618,1376818,62,175,0,14-3-28 5:9:19,1
17P4XUB7SI,107.996,31.7803,1376845,66,20,0,14-3-28 5:11:20,1
17P4XUB7SI,107.996,31.7803,1376862,0,25,0,14-3-28 5:13:16,0
17P4XUB7SI,107.996,31.7803,1376862,0,25,0,14-3-28 5:15:17,0
17P4XUB7SI,108.024,31.83,1376913,88,175,0,14-3-28 5:17:23,1
17P4XUB7SI,108.036,31.8384,1376936,0,35,0,14-3-28 5:19:19,1
17P4XUB7SI,108.07,31.8478,1376966,73,35,0,14-3-28 5:21:25,1
17P4XUB7SI,108.088,31.8638,1376991,77,5,0,14-3-28 5:23:27,1
17P4XUB7SI,108.102,31.885,1377018,75,20,0,14-3-28 5:25:28,1
17P4XUB7SI,108.125,31.8944,1377042,75,15,0,14-3-28 5:27:29,1
17P4XUB7SI,108.131,31.9137,1377064,60,5,0,14-3-28 5:29:30,1
17P4XUB7SI,108.135,31.9556,1377066,0,10,0,14-3-28 5:31:31,1
17P4XUB7SI,108.142,31.9558,1377114,77,0,0,14-3-28 5:33:33,1
17P4XUB7SI,108.134,31.9771,1377141,84,160,0,14-3-28 5:35:34,1
17P4XUB7SI,108.121,31.9962,1377165,66,165,0,14-3-28 5:37:35,1
17P4XUB7SI,108.11,32.0094,1377190,0,150,0,14-3-28 5:39:35,1
17P4XUB7SI,108.093,32.0307,1377218,69,160,0,14-3-28 5:41:37,1
17P4XUB7SI,108.075,32.0424,1377240,62,135,0,14-3-28 5:43:39,1
17P4XUB7SI,108.057,32.0562,1377263,69,170,0,14-3-28 5:45:40,1
17P4XUB7SI,108.045,32.0738,1377286,66,175,0,14-3-28 5:47:41,1
17P4XUB7SI,108.045,32.0738,1377306,0,5,0,14-3-28 5:49:40,0
17P4XUB7SI,108.045,32.0738,1377307,0,5,0,14-3-28 5:51:41,0
17P4XUB7SI,108.052,32.1354,1377359,66,175,0,14-3-28 5:53:45,1
17P4XUB7SI,108.056,32.1564,1377383,68,5,0,14-3-28 5:55:46,1
17P4XUB7SI,108.055,32.1645,1377391,0,5,0,14-3-28 5:57:47,1
17P4XUB7SI,108.056,32.1656,1377393,0,0,0,14-3-28 5:59:48,1
17P4XUB7SI,108.056,32.1656,1377393,0,0,0,14-3-28 6:1:49,1
17P4XUB7SI,108.056,32.1656,1377403,0,5,0,14-3-28 6:3:47,0
17P4XUB7SI,108.056,32.1656,1377416,0,0,0,14-3-28 6:5:48,0
17P4XUB7SI,108.056,32.1656,1377416,0,0,0,14-3-28 6:7:49,0
17P4XUB7SI,108.087,32.2107,1377456,57,175,0,14-3-28 6:9:54,1
17P4XUB7SI,108.087,32.2107,1377461,0,175,0,14-3-28 6:11:51,0
17P4XUB7SI,108.087,32.2107,1377461,0,175,0,14-3-28 6:13:52,0
17P4XUB7SI,108.087,32.2107,1377461,0,175,0,14-3-28 6:15:53,0
17P4XUB7SI,108.116,32.2764,1377474,53,20,0,14-3-28 6:17:59,1
17P4XUB7SI,108.133,32.2854,1377494,57,45,0,14-3-28 6:20:0,1
17P4XUB7SI,108.148,32.2787,1377510,0,45,0,14-3-28 6:22:1,1
17P4XUB7SI,108.159,32.2828,1377522,66,40,0,14-3-28 6:24:2,1
17P4XUB7SI,108.179,32.2843,1377545,68,55,0,14-3-28 6:26:4,1
17P4XUB7SI,108.2,32.2881,1377567,64,15,0,14-3-28 6:28:5,1
17P4XUB7SI,108.221,32.3024,1377579,0,30,0,14-3-28 6:30:6,1
17P4XUB7SI,108.221,32.3024,1377619,0,20,0,14-3-28 6:34:9,0
17P4XUB7SI,108.221,32.3024,1377619,0,20,0,14-3-28 6:36:9,0
17P4XUB7SI,108.278,32.355,1377678,66,30,0,14-3-28 6:38:11,1
17P4XUB7SI,108.293,32.3703,1377704,73,15,0,14-3-28 6:40:12,1
17P4XUB7SI,108.311,32.3876,1377730,80,5,0,14-3-28 6:42:13,1
17P4XUB7SI,108.325,32.4074,1377756,68,0,0,14-3-28 6:44:14,1
17P4XUB7SI,108.335,32.4231,1377776,69,15,0,14-3-28 6:46:15,1
17P4XUB7SI,108.358,32.4345,1377801,71,20,0,14-3-28 6:48:17,1
17P4XUB7SI,108.379,32.4474,1377827,55,20,0,14-3-28 6:50:18,1
17P4XUB7SI,108.4,32.4551,1377850,68,40,0,14-3-28 6:52:19,1
17P4XUB7SI,108.4,32.4551,1377857,0,40,0,14-3-28 6:54:18,0
17P4XUB7SI,108.441,32.4748,1377897,69,30,0,14-3-28 6:56:22,1
17P4XUB7SI,108.447,32.4948,1377923,80,170,0,14-3-28 6:58:23,1
17P4XUB7SI,108.454,32.5097,1377946,57,40,0,14-3-28 7:0:24,1
17P4XUB7SI,108.478,32.51,1377971,71,45,0,14-3-28 7:2:25,1
17P4XUB7SI,108.503,32.5165,1377996,90,55,0,14-3-28 7:4:26,1
17P4XUB7SI,108.527,32.5179,1378022,79,60,0,14-3-28 7:6:27,1
17P4XUB7SI,108.545,32.5219,1378041,0,30,0,14-3-28 7:8:25,1
17P4XUB7SI,108.565,32.5387,1378071,64,25,0,14-3-28 7:10:30,1
17P4XUB7SI,108.527,32.5245,1378074,0,25,0,14-3-28 7:12:28,1
17P4XUB7SI,108.527,32.5245,1378074,0,25,0,14-3-28 7:14:28,0
17P4XUB7SI,108.527,32.5245,1378074,0,25,0,14-3-28 7:16:29,0
17P4XUB7SI,108.635,32.5918,1378086,93,45,0,14-3-28 7:18:35,1
17P4XUB7SI,108.662,32.5813,1378114,69,50,0,14-3-28 7:20:36,1
17P4XUB7SI,108.662,32.5813,1378123,0,25,0,14-3-28 7:22:32,0
17P4XUB7SI,108.703,32.6024,1378164,80,35,0,14-3-28 7:24:38,1
17P4XUB7SI,108.722,32.6143,1378187,0,30,0,14-3-28 7:26:39,1
17P4XUB7SI,108.742,32.6274,1378218,57,15,0,14-3-28 7:28:41,1
17P4XUB7SI,108.752,32.6476,1378243,64,170,0,14-3-28 7:30:42,1
17P4XUB7SI,108.765,32.6971,1378259,0,170,0,14-3-28 7:32:42,1
17P4XUB7SI,108.765,32.6971,1378259,0,170,0,14-3-28 7:34:43,0
17P4XUB7SI,108.764,32.7,1378260,0,170,0,14-3-28 7:36:44,1
17P4XUB7SI,108.764,32.7,1378284,0,35,0,14-3-28 7:38:45,0
17P4XUB7SI,108.803,32.7214,1378315,79,45,0,14-3-28 7:40:48,1
17P4XUB7SI,108.832,32.7174,1378343,80,55,0,14-3-28 7:42:49,1
17P4XUB7SI,108.86,32.7129,1378370,93,40,0,14-3-28 7:44:50,1
17P4XUB7SI,108.889,32.7082,1378397,79,40,0,14-3-28 7:46:51,1
17P4XUB7SI,108.91,32.7203,1378420,40,15,0,14-3-28 7:48:52,1
17P4XUB7SI,108.911,32.7279,1378429,44,175,0,14-3-28 7:50:54,1
17P4XUB7SI,108.917,32.7478,1378451,79,5,0,14-3-28 7:52:55,1
17P4XUB7SI,108.921,32.7699,1378476,73,0,0,14-3-28 7:54:56,1
17P4XUB7SI,108.926,32.7898,1378498,66,10,0,14-3-28 7:56:57,1
17P4XUB7SI,108.928,32.8087,1378520,66,170,0,14-3-28 7:58:58,1
17P4XUB7SI,108.921,32.8272,1378541,62,0,0,14-3-28 8:1:0,1
17P4XUB7SI,108.921,32.8272,1378541,0,0,0,14-3-28 8:2:57,0
17P4XUB7SI,108.921,32.8272,1378582,0,10,0,14-3-28 8:4:58,0
17P4XUB7SI,108.956,32.8813,1378619,73,10,0,14-3-28 8:7:3,1
17P4XUB7SI,108.967,32.8999,1378644,66,5,0,14-3-28 8:9:4,1
17P4XUB7SI,108.96,32.9194,1378671,79,155,0,14-3-28 8:11:5,1
17P4XUB7SI,108.972,32.9361,1378696,68,25,0,14-3-28 8:13:7,1
17P4XUB7SI,108.988,32.9493,1378719,55,15,0,14-3-28 8:15:8,1
17P4XUB7SI,109.001,32.9646,1378740,62,20,0,14-3-28 8:17:9,1
17P4XUB7SI,109.005,32.9704,1378751,0,15,0,14-3-28 8:19:5,1
17P4XUB7SI,108.997,32.9598,1378751,0,15,0,14-3-28 8:21:6,1
17P4XUB7SI,108.997,32.9607,1378751,0,15,0,14-3-28 8:23:7,1
17P4XUB7SI,109.073,33.0605,1378751,0,15,0,14-3-28 8:25:8,1
17P4XUB7SI,109.073,33.0605,1378751,0,15,0,14-3-28 8:27:9,1
17P4XUB7SI,109.074,33.0691,1378764,95,5,0,14-3-28 8:29:16,1
17P4XUB7SI,109.097,33.0882,1378777,0,25,0,14-3-28 8:31:17,1
17P4XUB7SI,109.11,33.0966,1378777,0,25,0,14-3-28 8:33:18,1
17P4XUB7SI,109.118,33.1148,1378834,58,20,0,14-3-28 8:35:20,1
17P4XUB7SI,109.125,33.126,1378836,0,20,0,14-3-28 8:37:20,1
17P4XUB7SI,109.128,33.1538,1378893,69,155,0,14-3-28 8:39:48,1
17P4XUB7SI,109.126,33.1706,1378916,0,175,0,14-3-28 8:41:48,1
17P4XUB7SI,109.138,33.1939,1378924,0,10,0,14-3-28 8:43:51,1
17P4XUB7SI,109.147,33.2055,1378964,75,20,0,14-3-28 8:45:52,1
17P4XUB7SI,109.159,33.2153,1378988,0,20,0,14-3-28 8:47:53,1
17P4XUB7SI,109.165,33.2404,1379016,69,165,0,14-3-28 8:49:54,1
17P4XUB7SI,109.174,33.2576,1379041,84,25,0,14-3-28 8:51:55,1
17P4XUB7SI,109.171,33.278,1379069,79,160,0,14-3-28 8:53:56,1
17P4XUB7SI,109.165,33.2961,1379092,79,15,0,14-3-28 8:55:59,1
17P4XUB7SI,109.171,33.3161,1379117,80,5,0,14-3-28 8:57:59,1
17P4XUB7SI,109.171,33.3385,1379145,77,170,0,14-3-28 9:0:0,1
17P4XUB7SI,109.178,33.3511,1379168,0,0,0,14-3-28 9:2:0,1
17P4XUB7SI,109.177,33.3778,1379198,60,170,0,14-3-28 9:4:2,1
17P4XUB7SI,109.177,33.3778,1379225,0,175,0,14-3-28 9:6:2,0
17P4XUB7SI,109.171,33.4243,1379252,0,170,0,14-3-28 9:8:3,1
17P4XUB7SI,109.173,33.4406,1379283,73,10,0,14-3-28 9:10:6,1
17P4XUB7SI,109.171,33.4612,1379303,0,160,0,14-3-28 9:12:5,1
17P4XUB7SI,109.162,33.4798,1379334,68,170,0,14-3-28 9:14:8,1
17P4XUB7SI,109.164,33.5003,1379361,0,175,0,14-3-28 9:16:7,1
17P4XUB7SI,109.161,33.5239,1379388,77,0,0,14-3-28 9:18:11,1
17P4XUB7SI,109.16,33.5432,1379414,0,10,0,14-3-28 9:20:9,1
17P4XUB7SI,109.16,33.5432,1379406,0,4,0,14-3-28 9:22:31,0
17P4XUB7SI,109.16,33.5432,1379406,0,4,0,14-3-28 9:22:53,0
17P4XUB7SI,109.16,33.5432,1379421,0,165,0,14-3-28 9:24:55,0
17P4XUB7SI,109.16,33.5432,1379446,0,0,0,14-3-28 9:26:57,0
17P4XUB7SI,109.137,33.6476,1379507,77,140,0,14-3-28 9:30:58,1
17P4XUB7SI,109.117,33.6636,1379532,80,150,0,14-3-28 9:32:59,1
17P4XUB7SI,109.117,33.6636,1379544,0,175,0,14-3-28 9:35:0,0
17P4XUB7SI,109.117,33.6636,1379566,0,0,0,14-3-28 9:37:1,0
17P4XUB7SI,109.091,33.7145,1379605,73,155,0,14-3-28 9:39:3,1
17P4XUB7SI,109.075,33.7309,1379630,57,170,0,14-3-28 9:41:4,1
17P4XUB7SI,109.064,33.7479,1379655,75,150,0,14-3-28 9:43:5,1
17P4XUB7SI,109.035,33.7825,1379707,75,155,0,14-3-28 9:47:9,1
17P4XUB7SI,109.027,33.8039,1379732,64,165,0,14-3-28 9:49:9,1
17P4XUB7SI,109.027,33.8039,1379745,0,165,0,14-3-28 9:51:8,0
17P4XUB7SI,109.027,33.8039,1379745,0,165,0,14-3-28 9:53:10,0
17P4XUB7SI,109.027,33.8039,1379745,0,165,0,14-3-28 9:55:11,0
17P4XUB7SI,109.027,33.8039,1379745,0,165,0,14-3-28 9:57:12,0
17P4XUB7SI,109.027,33.8039,1379745,0,165,0,14-3-28 9:59:13,0
17P4XUB7SI,109.027,33.8039,1379745,0,169,0,14-3-28 10:1:14,0
17P4XUB7SI,109.027,33.8039,1379745,0,169,0,14-3-28 10:3:15,0
17P4XUB7SI,109.027,33.8039,1379745,0,169,0,14-3-28 10:5:16,0
17P4XUB7SI,109.027,33.8039,1379745,0,169,0,14-3-28 10:7:17,0
17P4XUB7SI,108.927,33.9723,1379745,0,165,0,14-3-28 10:9:18,1
17P4XUB7SI,108.927,33.9723,1379745,0,165,0,14-3-28 10:11:19,0
17P4XUB7SI,108.943,33.9885,1379762,0,10,0,14-3-28 10:13:20,1
17P4XUB7SI,108.968,34.0186,1379762,0,10,0,14-3-28 10:15:21,1
17P4XUB7SI,108.989,34.0273,1379811,36,30,0,14-3-28 10:17:26,1
17P4XUB7SI,108.991,34.0278,1379812,0,50,0,14-3-28 10:19:27,1
17P4XUB7SI,108.991,34.0278,1379812,0,50,0,14-3-28 10:21:29,1
17P4XUB7SI,108.991,34.0278,1379812,0,50,0,14-3-28 10:23:30,1
17P4XUB7SI,108.991,34.0278,1379812,0,50,0,14-3-28 10:25:31,1
17P4XUB7SI,108.991,34.0278,1379812,0,50,0,14-3-28 10:27:33,1
17P4XUB7SI,108.991,34.0278,1379812,0,50,0,14-3-28 10:29:33,1
17P4XUB7SI,108.991,34.0278,1379812,0,50,0,14-3-28 10:31:34,1
17P4XUB7SI,108.991,34.0278,1379812,0,50,0,14-3-28 10:33:36,1
17P4XUB7SI,108.991,34.0278,1379812,0,50,0,14-3-28 10:35:37,1
17P4XUB7SI,108.991,34.0278,1379812,0,50,0,14-3-28 10:37:38,1
17P4XUB7SI,108.991,34.0278,1379812,0,50,0,14-3-28 10:39:39,1
17P4XUB7SI,109.002,34.0332,1379825,68,25,0,14-3-28 10:41:40,1
17P4XUB7SI,109.019,34.0551,1379854,88,10,0,14-3-28 10:43:41,1
17P4XUB7SI,109.022,34.0795,1379881,82,0,0,14-3-28 10:45:42,1
17P4XUB7SI,109.018,34.1023,1379907,68,160,0,14-3-28 10:47:44,1
17P4XUB7SI,108.999,34.1194,1379932,75,160,0,14-3-28 10:49:45,1
17P4XUB7SI,108.998,34.1443,1379960,80,0,0,14-3-28 10:51:46,1
17P4XUB7SI,108.998,34.1675,1379985,75,175,0,14-3-28 10:53:47,1
17P4XUB7SI,109.001,34.1921,1380012,77,175,0,14-3-28 10:55:48,1
17P4XUB7SI,109.021,34.2045,1380038,84,35,0,14-3-28 10:57:49,1
17P4XUB7SI,109.049,34.2165,1380068,82,15,0,14-3-28 10:59:51,1
17P4XUB7SI,109.058,34.2401,1380095,88,5,0,14-3-28 11:1:52,1
17P4XUB7SI,109.07,34.2641,1380124,77,5,0,14-3-28 11:3:54,1
17P4XUB7SI,109.087,34.285,1380151,84,10,0,14-3-28 11:5:54,1
17P4XUB7SI,109.089,34.3102,1380179,82,175,0,14-3-28 11:7:55,1
17P4XUB7SI,109.078,34.3341,1380207,86,160,0,14-3-28 11:9:56,1
17P4XUB7SI,109.068,34.3568,1380235,90,15,0,14-3-28 11:11:57,1
17P4XUB7SI,109.092,34.3702,1380262,73,35,0,14-3-28 11:13:59,1
17P4XUB7SI,109.109,34.3894,1380290,90,5,0,14-3-28 11:16:0,1
17P4XUB7SI,109.11,34.4138,1380317,88,170,0,14-3-28 11:18:1,1
17P4XUB7SI,109.109,34.4413,1380348,80,175,0,14-3-28 11:20:4,1
17P4XUB7SI,109.109,34.4669,1380375,82,5,0,14-3-28 11:22:3,1
17P4XUB7SI,109.106,34.4897,1380401,77,170,0,14-3-28 11:24:5,1
17P4XUB7SI,109.111,34.5138,1380428,84,10,0,14-3-28 11:26:6,1
17P4XUB7SI,109.108,34.5388,1380456,92,170,0,14-3-28 11:28:7,1
17P4XUB7SI,109.109,34.564,1380484,90,0,0,14-3-28 11:30:8,1
17P4XUB7SI,109.125,34.585,1380511,80,20,0,14-3-28 11:32:9,1
17P4XUB7SI,109.151,34.6003,1380540,82,25,0,14-3-28 11:34:11,1
17P4XUB7SI,109.168,34.6215,1380568,77,10,0,14-3-28 11:36:12,1
17P4XUB7SI,109.175,34.6467,1380597,90,5,0,14-3-28 11:38:13,1
17P4XUB7SI,109.187,34.6705,1380625,82,15,0,14-3-28 11:40:14,1
17P4XUB7SI,109.2,34.6918,1380651,62,5,0,14-3-28 11:42:15,1
17P4XUB7SI,109.212,34.7149,1380678,73,10,0,14-3-28 11:44:16,1
17P4XUB7SI,109.235,34.7318,1380707,84,25,0,14-3-28 11:46:18,1
17P4XUB7SI,109.259,34.7463,1380733,84,25,0,14-3-28 11:48:19,1
17P4XUB7SI,109.277,34.7645,1380760,77,15,0,14-3-28 11:50:20,1
17P4XUB7SI,109.3,34.7812,1380787,79,30,0,14-3-28 11:52:22,1
17P4XUB7SI,109.329,34.7921,1380816,88,25,0,14-3-28 11:54:22,1
17P4XUB7SI,109.35,34.812,1380845,82,15,0,14-3-28 11:56:24,1
17P4XUB7SI,109.374,34.8271,1380873,84,25,0,14-3-28 11:58:25,1
17P4XUB7SI,109.402,34.8388,1380901,86,35,0,14-3-28 12:0:26,1
17P4XUB7SI,109.427,34.854,1380929,88,25,0,14-3-28 12:2:27,1
17P4XUB7SI,109.453,34.8682,1380957,88,20,0,14-3-28 12:4:28,1
17P4XUB7SI,109.476,34.8847,1380984,82,30,0,14-3-28 12:6:29,1
17P4XUB7SI,109.507,34.8882,1381013,80,35,0,14-3-28 12:8:31,1
17P4XUB7SI,109.538,34.8903,1381041,86,35,0,14-3-28 12:10:32,1
17P4XUB7SI,109.566,34.9016,1381069,79,30,0,14-3-28 12:12:33,1
17P4XUB7SI,109.6,34.9055,1381099,46,40,0,14-3-28 12:16:37,1
17P4XUB7SI,109.628,34.9094,1381125,79,35,0,14-3-28 12:18:36,1
17P4XUB7SI,109.655,34.9188,1381151,80,25,0,14-3-28 12:20:38,1
17P4XUB7SI,109.684,34.9285,1381179,77,35,0,14-3-28 12:22:40,1
17P4XUB7SI,109.714,34.9323,1381207,79,35,0,14-3-28 12:24:40,1
17P4XUB7SI,109.745,34.9362,1381235,80,40,0,14-3-28 12:26:41,1
17P4XUB7SI,109.776,34.9337,1381263,86,45,0,14-3-28 12:28:42,1
17P4XUB7SI,109.807,34.938,1381291,84,30,0,14-3-28 12:30:44,1
17P4XUB7SI,109.835,34.9509,1381320,82,25,0,14-3-28 12:32:45,1
17P4XUB7SI,109.858,34.9665,1381347,82,15,0,14-3-28 12:34:46,1
17P4XUB7SI,109.877,34.9865,1381374,82,20,0,14-3-28 12:36:47,1
17P4XUB7SI,109.897,35.0029,1381399,64,30,0,14-3-28 12:38:49,1
17P4XUB7SI,110.009,35.0802,1381542,88,25,0,14-3-28 12:49:42,1
17P4XUB7SI,110.038,35.0887,1381570,86,15,0,14-3-28 12:51:44,1
17P4XUB7SI,110.055,35.1119,1381599,86,20,0,14-3-28 12:53:45,1
17P4XUB7SI,110.073,35.1388,1381632,80,5,0,14-3-28 12:56:9,1
17P4XUB7SI,110.083,35.1624,1381660,88,15,0,14-3-28 12:58:9,1
17P4XUB7SI,110.126,35.1987,1381716,93,30,0,14-3-28 13:2:13,1
17P4XUB7SI,110.156,35.2087,1381745,80,20,0,14-3-28 13:4:13,1
17P4XUB7SI,110.171,35.2273,1381768,71,15,0,14-3-28 13:6:14,1
17P4XUB7SI,110.18,35.2498,1381795,73,0,0,14-3-28 13:8:15,1
17P4XUB7SI,110.202,35.267,1381823,80,35,0,14-3-28 13:10:17,1
17P4XUB7SI,110.23,35.2809,1381854,86,10,0,14-3-28 13:12:18,1
17P4XUB7SI,110.252,35.296,1381881,88,35,0,14-3-28 13:14:19,1
17P4XUB7SI,110.284,35.3009,1381910,90,45,0,14-3-28 13:16:21,1
17P4XUB7SI,110.317,35.2944,1381940,84,40,0,14-3-28 13:18:22,1
17P4XUB7SI,110.349,35.3127,1381976,80,20,0,14-3-28 13:21:3,1
17P4XUB7SI,110.369,35.331,1382003,79,20,0,14-3-28 13:23:4,1
17P4XUB7SI,110.389,35.3498,1382031,84,10,0,14-3-28 13:25:5,1
17P4XUB7SI,110.421,35.3777,1382074,82,20,0,14-3-28 13:28:10,1
17P4XUB7SI,110.439,35.3974,1382101,88,0,0,14-3-28 13:30:11,1
17P4XUB7SI,110.445,35.423,1382129,90,5,0,14-3-28 13:32:14,1
17P4XUB7SI,110.458,35.4466,1382157,82,15,0,14-3-28 13:34:14,1
17P4XUB7SI,110.471,35.4704,1382185,84,5,0,14-3-28 13:36:15,1
17P4XUB7SI,110.472,35.4967,1382214,82,5,0,14-3-28 13:38:18,1
17P4XUB7SI,110.49,35.5163,1382242,82,5,0,14-3-28 13:40:17,1
17P4XUB7SI,110.502,35.5394,1382269,79,10,0,14-3-28 13:42:19,1
17P4XUB7SI,110.513,35.5614,1382295,73,15,0,14-3-28 13:44:20,1
17P4XUB7SI,110.53,35.5769,1382317,5,25,0,14-3-28 13:46:21,1
17P4XUB7SI,110.539,35.5825,1382328,80,25,0,14-3-28 13:48:24,1
17P4XUB7SI,110.557,35.5922,1382346,34,25,0,14-3-28 13:50:23,1
17P4XUB7SI,110.582,35.597,1382370,73,45,0,14-3-28 13:52:25,1
17P4XUB7SI,110.61,35.5945,1382396,79,45,0,14-3-28 13:54:26,1
17P4XUB7SI,110.638,35.5946,1382421,64,35,0,14-3-28 13:56:27,1
17P4XUB7SI,110.649,35.5966,1382430,0,45,0,14-3-28 13:58:28,1
17P4XUB7SI,110.65,35.5971,1382431,0,35,0,14-3-28 14:0:29,1
17P4XUB7SI,110.655,35.5982,1382436,62,35,0,14-3-28 14:2:31,1
17P4XUB7SI,110.678,35.6072,1382459,68,25,0,14-3-28 14:4:32,1
17P4XUB7SI,110.695,35.6183,1382478,55,25,0,14-3-28 14:6:33,1
17P4XUB7SI,110.716,35.6258,1382498,60,35,0,14-3-28 14:8:35,1
17P4XUB7SI,110.74,35.632,1382521,71,30,0,14-3-28 14:10:35,1
17P4XUB7SI,110.764,35.6436,1382546,71,30,0,14-3-28 14:12:38,1
17P4XUB7SI,110.791,35.6502,1382571,73,35,0,14-3-28 14:14:38,1
17P4XUB7SI,110.819,35.6485,1382596,73,50,0,14-3-28 14:16:39,1
17P4XUB7SI,110.847,35.6473,1382621,66,40,0,14-3-28 14:18:40,1
17P4XUB7SI,110.872,35.6484,1382644,75,45,0,14-3-28 14:20:41,1
17P4XUB7SI,110.9,35.6459,1382669,75,45,0,14-3-28 14:22:42,1
17P4XUB7SI,110.929,35.646,1382694,75,45,0,14-3-28 14:24:45,1
17P4XUB7SI,110.957,35.6422,1382719,75,50,0,14-3-28 14:26:45,1
17P4XUB7SI,110.985,35.6412,1382744,69,40,0,14-3-28 14:28:46,1
17P4XUB7SI,111.013,35.6432,1382768,71,45,0,14-3-28 14:30:47,1
17P4XUB7SI,111.041,35.6463,1382793,71,35,0,14-3-28 14:32:48,1
17P4XUB7SI,111.068,35.6511,1382818,77,40,0,14-3-28 14:34:50,1
17P4XUB7SI,111.097,35.6502,1382844,73,50,0,14-3-28 14:36:51,1
17P4XUB7SI,111.125,35.6484,1382869,69,45,0,14-3-28 14:38:52,1
17P4XUB7SI,111.18,35.6468,1382919,73,35,0,14-3-28 14:42:56,1
17P4XUB7SI,111.205,35.6563,1382943,71,30,0,14-3-28 14:44:55,1
17P4XUB7SI,111.229,35.6683,1382968,75,25,0,14-3-28 14:46:57,1
17P4XUB7SI,111.252,35.6818,1382992,73,30,0,14-3-28 14:48:58,1
17P4XUB7SI,111.276,35.6896,1383016,68,20,0,14-3-28 14:50:59,1
17P4XUB7SI,111.278,35.7098,1383040,75,10,0,14-3-28 14:53:0,1
17P4XUB7SI,111.287,35.7317,1383065,73,0,0,14-3-28 14:55:2,1
17P4XUB7SI,111.295,35.7532,1383089,73,5,0,14-3-28 14:57:3,1
17P4XUB7SI,111.299,35.776,1383114,77,5,0,14-3-28 14:59:4,1
17P4XUB7SI,111.309,35.798,1383140,79,10,0,14-3-28 15:1:5,1
17P4XUB7SI,111.323,35.8178,1383165,71,5,0,14-3-28 15:3:6,1
17P4XUB7SI,111.329,35.8402,1383190,73,10,0,14-3-28 15:5:8,1
17P4XUB7SI,111.337,35.8623,1383215,75,5,0,14-3-28 15:7:10,1
17P4XUB7SI,111.349,35.883,1383239,73,15,0,14-3-28 15:9:10,1
17P4XUB7SI,111.361,35.904,1383264,71,10,0,14-3-28 15:11:11,1
17P4XUB7SI,111.374,35.924,1383289,77,10,0,14-3-28 15:13:12,1
17P4XUB7SI,111.384,35.9454,1383314,73,10,0,14-3-28 15:15:13,1
17P4XUB7SI,111.393,35.9672,1383339,71,0,0,14-3-28 15:17:15,1
17P4XUB7SI,111.4,35.9893,1383364,73,10,0,14-3-28 15:19:16,1
17P4XUB7SI,111.409,36.0112,1383389,73,5,0,14-3-28 15:21:17,1
17P4XUB7SI,111.422,36.0319,1383414,75,15,0,14-3-28 15:23:20,1
17P4XUB7SI,111.437,36.0512,1383439,71,5,0,14-3-28 15:25:20,1
17P4XUB7SI,111.449,36.0714,1383464,75,0,0,14-3-28 15:27:21,1
17P4XUB7SI,111.449,36.0941,1383489,75,0,0,14-3-28 15:29:22,1
17P4XUB7SI,111.458,36.1152,1383513,73,10,0,14-3-28 15:31:23,1
17P4XUB7SI,111.466,36.1369,1383537,75,5,0,14-3-28 15:33:24,1
17P4XUB7SI,111.475,36.1585,1383562,71,0,0,14-3-28 15:35:26,1
17P4XUB7SI,111.486,36.1787,1383587,71,20,0,14-3-28 15:37:27,1
17P4XUB7SI,111.498,36.199,1383612,77,10,0,14-3-28 15:39:28,1
17P4XUB7SI,111.51,36.2198,1383637,68,10,0,14-3-28 15:41:29,1
17P4XUB7SI,111.528,36.2369,1383661,73,15,0,14-3-28 15:43:30,1
17P4XUB7SI,111.548,36.2529,1383686,75,25,0,14-3-28 15:45:32,1
17P4XUB7SI,111.571,36.2669,1383711,75,25,0,14-3-28 15:47:33,1
17P4XUB7SI,111.594,36.2803,1383736,71,15,0,14-3-28 15:49:34,1
17P4XUB7SI,111.609,36.2995,1383760,75,20,0,14-3-28 15:51:35,1
17P4XUB7SI,111.625,36.318,1383786,79,20,0,14-3-28 15:53:36,1
17P4XUB7SI,111.652,36.3248,1383811,71,40,0,14-3-28 15:55:38,1
17P4XUB7SI,111.679,36.3276,1383834,73,35,0,14-3-28 15:57:39,1
17P4XUB7SI,111.705,36.3341,1383859,73,40,0,14-3-28 15:59:40,1
17P4XUB7SI,111.731,36.3404,1383883,69,25,0,14-3-28 16:1:41,1
17P4XUB7SI,111.746,36.3565,1383904,55,15,0,14-3-28 16:3:42,1
17P4XUB7SI,111.754,36.3743,1383926,68,175,0,14-3-28 16:5:44,1
17P4XUB7SI,111.756,36.3939,1383947,69,5,0,14-3-28 16:7:46,1
17P4XUB7SI,111.77,36.4105,1383969,73,20,0,14-3-28 16:9:46,1
17P4XUB7SI,111.781,36.4288,1383992,68,0,0,14-3-28 16:11:47,1
17P4XUB7SI,111.787,36.447,1384013,64,10,0,14-3-28 16:13:48,1
17P4XUB7SI,111.794,36.4676,1384036,73,5,0,14-3-28 16:15:50,1
17P4XUB7SI,111.804,36.4892,1384061,75,0,0,14-3-28 16:17:51,1
17P4XUB7SI,111.807,36.5125,1384087,73,5,0,14-3-28 16:19:52,1
17P4XUB7SI,111.806,36.5355,1384112,73,175,0,14-3-28 16:21:53,1
17P4XUB7SI,111.801,36.5789,1384160,68,0,0,14-3-28 16:25:56,1
17P4XUB7SI,111.801,36.5984,1384181,64,170,0,14-3-28 16:27:57,1
17P4XUB7SI,111.799,36.6384,1384225,55,10,0,14-3-28 16:32:1,1
17P4XUB7SI,111.802,36.6567,1384246,64,175,0,14-3-28 16:34:0,1
17P4XUB7SI,111.804,36.6763,1384267,53,175,0,14-3-28 16:36:2,1
17P4XUB7SI,111.805,36.6956,1384288,64,0,0,14-3-28 16:38:3,1
17P4XUB7SI,111.806,36.715,1384303,0,0,0,14-3-28 16:40:2,1
17P4XUB7SI,111.804,36.7336,1384324,0,175,0,14-3-28 16:42:3,1
17P4XUB7SI,111.799,36.7503,1384355,60,175,0,14-3-28 16:44:7,1
17P4XUB7SI,111.802,36.7632,1384368,29,10,0,14-3-28 16:46:7,1
17P4XUB7SI,111.81,36.7726,1384381,47,15,0,14-3-28 16:48:10,1
17P4XUB7SI,111.821,36.7832,1384395,0,20,0,14-3-28 16:50:7,1
17P4XUB7SI,111.828,36.8003,1384419,58,175,0,14-3-28 16:52:11,1
17P4XUB7SI,111.837,36.8147,1384434,0,25,0,14-3-28 16:54:9,1
17P4XUB7SI,111.854,36.8344,1384466,80,25,0,14-3-28 16:56:13,1
17P4XUB7SI,111.87,36.8479,1384487,75,5,0,14-3-28 16:58:15,1
17P4XUB7SI,111.885,36.8642,1384509,66,20,0,14-3-28 17:0:16,1
17P4XUB7SI,111.898,36.882,1384532,68,10,0,14-3-28 17:2:17,1
17P4XUB7SI,111.914,36.896,1384553,58,25,0,14-3-28 17:4:18,1
17P4XUB7SI,111.926,36.9136,1384575,73,0,0,14-3-28 17:6:19,1
17P4XUB7SI,111.927,36.9365,1384600,73,0,0,14-3-28 17:8:20,1
17P4XUB7SI,111.935,36.9578,1384624,66,5,0,14-3-28 17:10:22,1
17P4XUB7SI,111.933,36.9811,1384650,75,170,0,14-3-28 17:12:23,1
17P4XUB7SI,111.931,37.004,1384675,75,10,0,14-3-28 17:14:24,1
17P4XUB7SI,111.952,37.0192,1384700,71,25,0,14-3-28 17:16:25,1
17P4XUB7SI,111.97,37.0362,1384725,71,15,0,14-3-28 17:18:26,1
17P4XUB7SI,111.99,37.0524,1384749,73,25,0,14-3-28 17:20:28,1
17P4XUB7SI,112.033,37.0794,1384798,77,20,0,14-3-28 17:24:30,1
17P4XUB7SI,112.054,37.094,1384822,71,25,0,14-3-28 17:26:31,1
17P4XUB7SI,112.076,37.1079,1384847,75,20,0,14-3-28 17:28:32,1
17P4XUB7SI,112.095,37.1246,1384871,73,20,0,14-3-28 17:30:33,1
17P4XUB7SI,112.117,37.1386,1384896,75,30,0,14-3-28 17:32:35,1
17P4XUB7SI,112.143,37.146,1384920,69,30,0,14-3-28 17:34:36,1
17P4XUB7SI,112.167,37.1576,1384944,69,20,0,14-3-28 17:36:37,1
17P4XUB7SI,112.187,37.1728,1384968,73,25,0,14-3-28 17:38:38,1
17P4XUB7SI,112.212,37.1844,1384993,79,25,0,14-3-28 17:40:40,1
17P4XUB7SI,112.229,37.2025,1385018,75,10,0,14-3-28 17:42:41,1
17P4XUB7SI,112.246,37.2213,1385043,69,10,0,14-3-28 17:44:42,1
17P4XUB7SI,112.252,37.2433,1385068,71,0,0,14-3-28 17:46:43,1
17P4XUB7SI,112.258,37.2656,1385092,75,5,0,14-3-28 17:48:45,1
17P4XUB7SI,112.262,37.2877,1385117,75,175,0,14-3-28 17:50:45,1
17P4XUB7SI,112.259,37.3101,1385141,73,0,0,14-3-28 17:52:47,1
17P4XUB7SI,112.265,37.3321,1385166,73,0,0,14-3-28 17:54:48,1
17P4XUB7SI,112.27,37.3544,1385190,75,10,0,14-3-28 17:56:50,1
17P4XUB7SI,112.281,37.3753,1385215,75,5,0,14-3-28 17:58:50,1
17P4XUB7SI,112.279,37.3985,1385241,79,175,0,14-3-28 18:0:51,1
17P4XUB7SI,112.279,37.4208,1385265,64,165,0,14-3-28 18:2:53,1
17P4XUB7SI,112.265,37.4402,1385290,75,160,0,14-3-28 18:4:54,1
17P4XUB7SI,112.249,37.4592,1385315,75,165,0,14-3-28 18:6:55,1
17P4XUB7SI,112.242,37.4815,1385339,75,170,0,14-3-28 18:8:56,1
17P4XUB7SI,112.233,37.5034,1385364,71,170,0,14-3-28 18:10:57,1
17P4XUB7SI,112.231,37.5257,1385389,73,175,0,14-3-28 18:12:58,1
17P4XUB7SI,112.222,37.547,1385413,71,165,0,14-3-28 18:15:0,1
17P4XUB7SI,112.214,37.5653,1385436,68,15,0,14-3-28 18:17:1,1
17P4XUB7SI,112.228,37.5843,1385460,71,10,0,14-3-28 18:19:2,1
17P4XUB7SI,112.245,37.6022,1385484,71,15,0,14-3-28 18:21:3,1
17P4XUB7SI,112.259,37.6148,1385502,14,35,0,14-3-28 18:23:6,1
17P4XUB7SI,112.259,37.6148,1385502,0,35,0,14-3-28 18:25:7,1
17P4XUB7SI,112.259,37.6148,1385502,0,35,0,14-3-28 18:27:8,1
17P4XUB7SI,112.259,37.6148,1385502,0,35,0,14-3-28 18:29:9,1
17P4XUB7SI,112.259,37.6148,1385502,0,35,0,14-3-28 18:31:10,1
17P4XUB7SI,112.261,37.6153,1385505,0,165,0,14-3-28 18:33:11,1
17P4XUB7SI,112.261,37.6153,1385505,0,165,0,14-3-28 18:35:12,1
17P4XUB7SI,112.261,37.6153,1385505,0,165,0,14-3-28 18:37:14,1
17P4XUB7SI,112.261,37.6153,1385505,0,165,0,14-3-28 18:39:16,1
17P4XUB7SI,112.261,37.6153,1385505,0,165,0,14-3-28 18:41:16,1
17P4XUB7SI,112.261,37.6153,1385505,0,165,0,14-3-28 18:43:17,1
17P4XUB7SI,112.261,37.6153,1385505,0,165,0,14-3-28 18:45:18,1
17P4XUB7SI,112.26,37.6154,1385506,16,20,0,14-3-28 18:47:19,1
17P4XUB7SI,112.279,37.6202,1385524,69,35,0,14-3-28 18:49:21,1
17P4XUB7SI,112.306,37.6253,1385548,69,40,0,14-3-28 18:51:23,1
17P4XUB7SI,112.334,37.6306,1385572,75,30,0,14-3-28 18:53:23,1
17P4XUB7SI,112.355,37.6457,1385597,73,20,0,14-3-28 18:55:24,1
17P4XUB7SI,112.379,37.6573,1385621,71,30,0,14-3-28 18:57:25,1
17P4XUB7SI,112.403,37.6706,1385646,73,30,0,14-3-28 18:59:27,1
17P4XUB7SI,112.426,37.6832,1385671,79,25,0,14-3-28 19:1:28,1
17P4XUB7SI,112.449,37.6948,1385694,73,20,0,14-3-28 19:3:29,1
17P4XUB7SI,112.457,37.7171,1385720,73,5,0,14-3-28 19:5:30,1
17P4XUB7SI,112.468,37.7373,1385744,66,5,0,14-3-28 19:7:31,1
17P4XUB7SI,112.471,37.7497,1385763,49,150,0,14-3-28 19:9:33,1
17P4XUB7SI,112.461,37.7689,1385786,73,165,0,14-3-28 19:11:34,1
17P4XUB7SI,112.469,37.7872,1385809,60,15,0,14-3-28 19:13:35,1
17P4XUB7SI,112.471,37.8053,1385830,53,5,0,14-3-28 19:15:36,1
17P4XUB7SI,112.476,37.8245,1385851,71,10,0,14-3-28 19:17:37,1
17P4XUB7SI,112.47,37.8421,1385874,62,155,0,14-3-28 19:19:38,1
17P4XUB7SI,112.463,37.8603,1385895,69,0,0,14-3-28 19:21:40,1
17P4XUB7SI,112.463,37.8823,1385920,71,170,0,14-3-28 19:23:42,1
17P4XUB7SI,112.466,37.9038,1385944,66,0,0,14-3-28 19:25:42,1
17P4XUB7SI,112.469,37.9252,1385968,69,175,0,14-3-28 19:27:43,1
17P4XUB7SI,112.468,37.9476,1385993,71,160,0,14-3-28 19:29:44,1
17P4XUB7SI,112.467,37.9674,1386017,75,15,0,14-3-28 19:31:46,1
17P4XUB7SI,112.48,37.9875,1386042,73,10,0,14-3-28 19:33:48,1
17P4XUB7SI,112.487,38.0087,1386066,75,10,0,14-3-28 19:35:48,1
17P4XUB7SI,112.506,38.0248,1386090,71,30,0,14-3-28 19:37:49,1
17P4XUB7SI,112.533,38.0295,1386114,69,40,0,14-3-28 19:39:50,1
17P4XUB7SI,112.56,38.028,1386138,69,45,0,14-3-28 19:41:51,1
17P4XUB7SI,112.586,38.0243,1386161,79,60,0,14-3-28 19:43:53,1
17P4XUB7SI,112.605,38.0084,1386188,69,25,0,14-3-28 19:45:54,1
17P4XUB7SI,112.62,38.026,1386211,77,10,0,14-3-28 19:47:55,1
17P4XUB7SI,112.635,38.0458,1386236,75,15,0,14-3-28 19:49:56,1
17P4XUB7SI,112.652,38.0637,1386261,73,15,0,14-3-28 19:51:57,1
17P4XUB7SI,112.665,38.0842,1386285,69,15,0,14-3-28 19:53:59,1
17P4XUB7SI,112.685,38.1014,1386311,73,20,0,14-3-28 19:56:0,1
17P4XUB7SI,112.699,38.1177,1386332,66,10,0,14-3-28 19:58:1,1
17P4XUB7SI,112.715,38.1361,1386357,82,15,0,14-3-28 20:0:2,1
17P4XUB7SI,112.723,38.1568,1386380,73,5,0,14-3-28 20:2:3,1
17P4XUB7SI,112.731,38.1786,1386405,73,5,0,14-3-28 20:4:4,1
17P4XUB7SI,112.737,38.2004,1386430,71,0,0,14-3-28 20:6:6,1
17P4XUB7SI,112.742,38.2223,1386454,64,5,0,14-3-28 20:8:7,1
17P4XUB7SI,112.748,38.2428,1386477,66,0,0,14-3-28 20:10:8,1
17P4XUB7SI,112.74,38.2628,1386500,73,155,0,14-3-28 20:12:11,1
17P4XUB7SI,112.723,38.2798,1386524,71,165,0,14-3-28 20:14:10,1
17P4XUB7SI,112.721,38.3012,1386548,68,175,0,14-3-28 20:16:11,1
17P4XUB7SI,112.718,38.3231,1386572,73,175,0,14-3-28 20:18:13,1
17P4XUB7SI,112.705,38.3435,1386597,77,170,0,14-3-28 20:20:14,1
17P4XUB7SI,112.703,38.3666,1386622,75,175,0,14-3-28 20:22:15,1
17P4XUB7SI,112.691,38.3879,1386648,71,160,0,14-3-28 20:24:18,1
17P4XUB7SI,112.677,38.4077,1386672,75,175,0,14-3-28 20:26:18,1
17P4XUB7SI,112.677,38.4305,1386697,77,175,0,14-3-28 20:28:20,1
17P4XUB7SI,112.675,38.4535,1386722,75,0,0,14-3-28 20:30:21,1
17P4XUB7SI,112.681,38.4758,1386747,71,5,0,14-3-28 20:32:22,1
17P4XUB7SI,112.688,38.497,1386771,77,0,0,14-3-28 20:34:23,1
17P4XUB7SI,112.689,38.5204,1386796,77,0,0,14-3-28 20:36:24,1
17P4XUB7SI,112.712,38.5182,1386823,79,55,0,14-3-28 20:38:25,1
17P4XUB7SI,112.74,38.5121,1386848,75,55,0,14-3-28 20:40:27,1
17P4XUB7SI,112.768,38.5097,1386872,71,40,0,14-3-28 20:42:28,1
17P4XUB7SI,112.796,38.5118,1386896,75,40,0,14-3-28 20:44:29,1
17P4XUB7SI,112.823,38.5071,1386920,69,55,0,14-3-28 20:46:30,1
17P4XUB7SI,112.85,38.4978,1386946,75,45,0,14-3-28 20:48:31,1
17P4XUB7SI,112.911,38.4907,1386999,73,45,0,14-3-28 20:52:35,1
17P4XUB7SI,112.938,38.4961,1387023,79,30,0,14-3-28 20:54:35,1
17P4XUB7SI,112.965,38.5077,1387049,75,30,0,14-3-28 20:56:36,1
17P4XUB7SI,112.993,38.5153,1387075,79,25,0,14-3-28 20:58:37,1
17P4XUB7SI,113.01,38.5348,1387101,75,15,0,14-3-28 21:0:39,1
17P4XUB7SI,113.033,38.5489,1387126,73,15,0,14-3-28 21:2:40,1
17P4XUB7SI,113.052,38.5662,1387151,73,25,0,14-3-28 21:4:41,1
17P4XUB7SI,113.078,38.5754,1387176,71,35,0,14-3-28 21:6:42,1
17P4XUB7SI,113.104,38.5821,1387200,75,20,0,14-3-28 21:8:43,1
17P4XUB7SI,113.115,38.6027,1387224,71,10,0,14-3-28 21:10:44,1
17P4XUB7SI,113.14,38.613,1387251,82,35,0,14-3-28 21:12:46,1
17P4XUB7SI,113.175,38.6467,1387300,62,0,0,14-3-28 21:16:48,1
17P4XUB7SI,113.181,38.6636,1387320,66,25,0,14-3-28 21:18:49,1
17P4XUB7SI,113.201,38.6662,1387338,60,40,0,14-3-28 21:20:50,1
17P4XUB7SI,113.225,38.6725,1387360,69,10,0,14-3-28 21:22:51,1
17P4XUB7SI,113.244,38.6882,1387385,77,35,0,14-3-28 21:24:53,1
17P4XUB7SI,113.274,38.6916,1387410,82,45,0,14-3-28 21:26:54,1
17P4XUB7SI,113.297,38.6788,1387436,75,70,0,14-3-28 21:28:55,1
17P4XUB7SI,113.322,38.6657,1387462,77,55,0,14-3-28 21:30:56,1
17P4XUB7SI,113.316,38.6661,1387474,0,45,0,14-3-28 21:32:56,1
17P4XUB7SI,113.325,38.6678,1387474,0,45,0,14-3-28 21:34:57,1
17P4XUB7SI,113.425,38.6713,1387498,75,10,0,14-3-28 21:39:3,1
17P4XUB7SI,113.425,38.6713,1387509,0,30,0,14-3-28 21:41:0,0
17P4XUB7SI,113.472,38.6839,1387544,79,35,0,14-3-28 21:43:4,1
17P4XUB7SI,113.499,38.6806,1387569,80,25,0,14-3-28 21:45:5,1
17P4XUB7SI,113.521,38.6954,1387595,66,20,0,14-3-28 21:47:6,1
17P4XUB7SI,113.539,38.7131,1387620,79,20,0,14-3-28 21:49:7,1
17P4XUB7SI,113.564,38.7257,1387645,73,30,0,14-3-28 21:51:8,1
17P4XUB7SI,113.583,38.7416,1387670,75,20,0,14-3-28 21:53:11,1
17P4XUB7SI,113.607,38.7518,1387694,73,25,0,14-3-28 21:55:11,1
17P4XUB7SI,113.63,38.7629,1387718,64,30,0,14-3-28 21:57:12,1
17P4XUB7SI,113.652,38.7746,1387743,79,15,0,14-3-28 21:59:13,1
17P4XUB7SI,113.679,38.7797,1387768,73,40,0,14-3-28 22:1:14,1
17P4XUB7SI,113.689,38.7987,1387794,75,175,0,14-3-28 22:3:17,1
17P4XUB7SI,113.698,38.8187,1387818,80,20,0,14-3-28 22:5:17,1
17P4XUB7SI,113.706,38.8407,1387845,77,170,0,14-3-28 22:7:18,1
17P4XUB7SI,113.708,38.8614,1387868,64,175,0,14-3-28 22:9:19,1
17P4XUB7SI,113.72,38.8817,1387893,66,15,0,14-3-28 22:11:20,1
17P4XUB7SI,113.722,38.8841,1387896,0,15,0,14-3-28 22:13:21,1
17P4XUB7SI,113.723,38.8843,1387896,5,25,0,14-3-28 22:15:22,1
17P4XUB7SI,113.731,38.8999,1387915,57,5,0,14-3-28 22:17:23,1
17P4XUB7SI,113.731,38.8999,1387939,0,15,0,14-3-28 22:21:21,0
17P4XUB7SI,113.731,38.8999,1387939,0,15,0,14-3-28 22:23:21,0
17P4XUB7SI,113.924,38.9124,1388127,88,55,0,14-3-28 22:34:20,1
17P4XUB7SI,113.954,38.9059,1388154,88,50,0,14-3-28 22:36:21,1
17P4XUB7SI,113.984,38.8982,1388182,92,55,0,14-3-28 22:38:22,1
17P4XUB7SI,114.014,38.8866,1388211,90,50,0,14-3-28 22:40:24,1
17P4XUB7SI,114.041,38.8745,1388238,79,50,0,14-3-28 22:42:26,1
17P4XUB7SI,114.072,38.8779,1388266,80,40,0,14-3-28 22:44:26,1
17P4XUB7SI,114.105,38.8724,1388295,92,45,0,14-3-28 22:46:27,1
17P4XUB7SI,114.138,38.8636,1388325,90,45,0,14-3-28 22:48:28,1
17P4XUB7SI,114.17,38.8629,1388353,73,40,0,14-3-28 22:50:29,1
17P4XUB7SI,114.201,38.8704,1388381,80,30,0,14-3-28 22:52:31,1
17P4XUB7SI,114.232,38.8739,1388408,88,55,0,14-3-28 22:54:32,1
17P4XUB7SI,114.264,38.8657,1388437,80,60,0,14-3-28 22:56:33,1
17P4XUB7SI,114.293,38.8601,1388463,66,45,0,14-3-28 22:58:34,1
17P4XUB7SI,114.32,38.8624,1388488,86,40,0,14-3-28 23:0:35,1
17P4XUB7SI,114.352,38.859,1388517,80,50,0,14-3-28 23:2:36,1
17P4XUB7SI,114.378,38.8484,1388542,79,60,0,14-3-28 23:4:38,1
17P4XUB7SI,114.408,38.849,1388569,73,50,0,14-3-28 23:6:39,1
17P4XUB7SI,114.438,38.8408,1388599,92,55,0,14-3-28 23:8:40,1
17P4XUB7SI,114.471,38.8438,1388628,84,40,0,14-3-28 23:10:41,1
17P4XUB7SI,114.503,38.848,1388656,80,40,0,14-3-28 23:12:42,1
17P4XUB7SI,114.536,38.8514,1388684,82,45,0,14-3-28 23:14:44,1
17P4XUB7SI,114.568,38.8462,1388712,79,55,0,14-3-28 23:16:45,1
17P4XUB7SI,114.599,38.8455,1388739,86,35,0,14-3-28 23:18:46,1
17P4XUB7SI,114.629,38.8512,1388767,71,40,0,14-3-28 23:20:47,1
17P4XUB7SI,114.655,38.8534,1388789,60,30,0,14-3-28 23:22:48,1
17P4XUB7SI,114.682,38.8652,1388816,90,25,0,14-3-28 23:24:50,1
17P4XUB7SI,114.711,38.8715,1388842,75,30,0,14-3-28 23:26:51,1
17P4XUB7SI,114.736,38.877,1388865,60,30,0,14-3-28 23:28:52,1
17P4XUB7SI,114.763,38.8868,1388892,90,40,0,14-3-28 23:30:53,1
17P4XUB7SI,114.793,38.8744,1388921,77,50,0,14-3-28 23:32:54,1
17P4XUB7SI,114.793,38.8744,1388945,0,55,0,14-3-28 23:34:54,0
17P4XUB7SI,114.852,38.8688,1388977,79,30,0,14-3-28 23:36:57,1
17P4XUB7SI,114.881,38.8715,1389004,79,55,0,14-3-28 23:38:58,1
17P4XUB7SI,114.905,38.8598,1389030,68,50,0,14-3-28 23:40:59,1
17P4XUB7SI,114.933,38.8486,1389057,86,60,0,14-3-28 23:43:0,1
17P4XUB7SI,114.964,38.8451,1389085,69,40,0,14-3-28 23:45:1,1
17P4XUB7SI,114.997,38.845,1389113,82,45,0,14-3-28 23:47:3,1
17P4XUB7SI,115.029,38.8414,1389141,79,45,0,14-3-28 23:49:4,1
17P4XUB7SI,115.055,38.8332,1389167,80,35,0,14-3-28 23:51:5,1
17P4XUB7SI,115.081,38.8474,1389195,84,20,0,14-3-28 23:53:6,1
17P4XUB7SI,115.102,38.8679,1389224,79,15,0,14-3-28 23:55:7,1
17P4XUB7SI,115.125,38.8863,1389252,84,20,0,14-3-28 23:57:9,1
17P4XUB7SI,115.154,38.8976,1389280,79,40,0,14-3-28 23:59:10,1
17P4XUB7SI,115.167,38.8987,1389290,0,45,0,14-3-29 0:1:11,1
17P4XUB7SI,115.167,38.8987,1389290,0,45,0,14-3-29 0:3:12,1
17P4XUB7SI,115.182,38.9116,1389311,62,5,0,14-3-29 0:5:13,1
17P4XUB7SI,115.199,38.9276,1389335,62,30,0,14-3-29 0:7:15,1
17P4XUB7SI,115.227,38.9391,1389361,77,20,0,14-3-29 0:9:16,1
17P4XUB7SI,115.244,38.9573,1389386,79,10,0,14-3-29 0:11:17,1
17P4XUB7SI,115.253,38.9766,1389411,75,10,0,14-3-29 0:13:18,1
17P4XUB7SI,115.271,38.9978,1389438,80,25,0,14-3-29 0:15:19,1
17P4XUB7SI,115.301,39.0051,1389466,82,35,0,14-3-29 0:17:21,1
17P4XUB7SI,115.33,39.0151,1389493,86,35,0,14-3-29 0:19:22,1
17P4XUB7SI,115.361,39.0196,1389519,79,40,0,14-3-29 0:21:23,1
17P4XUB7SI,115.391,39.0241,1389545,86,30,0,14-3-29 0:23:24,1
17P4XUB7SI,115.411,39.041,1389571,68,5,0,14-3-29 0:25:25,1
17P4XUB7SI,115.419,39.0634,1389597,79,15,0,14-3-29 0:27:26,1
17P4XUB7SI,115.446,39.0777,1389625,80,20,0,14-3-29 0:29:27,1
17P4XUB7SI,115.462,39.0975,1389650,79,15,0,14-3-29 0:31:29,1
17P4XUB7SI,115.489,39.1079,1389677,86,40,0,14-3-29 0:33:30,1
17P4XUB7SI,115.519,39.1143,1389703,86,20,0,14-3-29 0:35:31,1
17P4XUB7SI,115.537,39.1338,1389730,75,30,0,14-3-29 0:37:32,1
17P4XUB7SI,115.558,39.1513,1389757,75,5,0,14-3-29 0:39:34,1
17P4XUB7SI,115.564,39.1754,1389784,86,5,0,14-3-29 0:41:35,1
17P4XUB7SI,115.567,39.2001,1389811,88,0,0,14-3-29 0:43:36,1
17P4XUB7SI,115.572,39.2254,1389839,77,5,0,14-3-29 0:45:37,1
17P4XUB7SI,115.581,39.2501,1389867,86,0,0,14-3-29 0:47:38,1
17P4XUB7SI,115.591,39.275,1389895,82,10,0,14-3-29 0:49:39,1
17P4XUB7SI,115.605,39.2973,1389922,84,5,0,14-3-29 0:51:41,1
17P4XUB7SI,115.612,39.322,1389950,84,0,0,14-3-29 0:53:42,1
17P4XUB7SI,115.629,39.329,1389972,84,45,0,14-3-29 0:55:43,1
17P4XUB7SI,115.661,39.3327,1390000,80,35,0,14-3-29 0:57:44,1
17P4XUB7SI,115.688,39.3469,1390027,86,35,0,14-3-29 0:59:45,1
17P4XUB7SI,115.72,39.3511,1390055,84,35,0,14-3-29 1:1:46,1
17P4XUB7SI,115.752,39.3541,1390082,77,35,0,14-3-29 1:3:48,1
17P4XUB7SI,115.778,39.3626,1390106,77,30,0,14-3-29 1:5:49,1
17P4XUB7SI,115.805,39.3772,1390134,88,30,0,14-3-29 1:7:50,1
17P4XUB7SI,115.832,39.3921,1390162,82,30,0,14-3-29 1:9:52,1
17P4XUB7SI,115.864,39.3966,1390190,79,35,0,14-3-29 1:11:53,1
17P4XUB7SI,115.896,39.3922,1390218,84,50,0,14-3-29 1:13:54,1
17P4XUB7SI,115.926,39.3975,1390244,75,30,0,14-3-29 1:15:55,1
17P4XUB7SI,115.959,39.3967,1390272,77,50,0,14-3-29 1:17:56,1
17P4XUB7SI,115.991,39.3933,1390300,88,45,0,14-3-29 1:19:57,1
17P4XUB7SI,116.023,39.3933,1390327,75,40,0,14-3-29 1:21:58,1
17P4XUB7SI,116.055,39.3993,1390355,79,35,0,14-3-29 1:24:0,1
17P4XUB7SI,116.087,39.3963,1390383,79,45,0,14-3-29 1:26:1,1
17P4XUB7SI,116.12,39.3992,1390410,82,45,0,14-3-29 1:28:2,1
17P4XUB7SI,116.27,39.382,1390543,42,0,0,14-3-29 1:38:53,1
17P4XUB7SI,116.271,39.4048,1390568,77,170,0,14-3-29 1:40:54,1
17P4XUB7SI,116.266,39.4297,1390596,82,0,0,14-3-29 1:42:55,1
17P4XUB7SI,116.274,39.4534,1390623,77,5,0,14-3-29 1:44:56,1
17P4XUB7SI,116.277,39.4639,1390633,0,5,0,14-3-29 1:46:58,1
17P4XUB7SI,116.277,39.4639,1390633,0,5,0,14-3-29 1:48:59,1
17P4XUB7SI,116.277,39.4639,1390633,0,5,0,14-3-29 1:51:0,1
17P4XUB7SI,116.277,39.4644,1390634,5,175,0,14-3-29 1:53:1,1
17P4XUB7SI,116.277,39.466,1390635,0,0,0,14-3-29 1:55:2,1
17P4XUB7SI,116.277,39.4662,1390635,0,0,0,14-3-29 1:57:4,1
17P4XUB7SI,116.277,39.4663,1390635,0,5,0,14-3-29 1:59:5,1
17P4XUB7SI,116.277,39.4665,1390635,0,175,0,14-3-29 2:1:6,1
17P4XUB7SI,116.277,39.4665,1390635,0,175,0,14-3-29 2:3:7,1
17P4XUB7SI,116.277,39.4665,1390635,0,175,0,14-3-29 2:5:8,1
17P4XUB7SI,116.277,39.4665,1390635,0,175,0,14-3-29 2:7:9,1
17P4XUB7SI,116.277,39.4665,1390635,0,175,0,14-3-29 2:9:10,1
17P4XUB7SI,116.277,39.4665,1390635,0,175,0,14-3-29 2:11:12,1
17P4XUB7SI,116.277,39.4665,1390635,0,175,0,14-3-29 2:13:13,1
17P4XUB7SI,116.277,39.4665,1390635,0,175,0,14-3-29 2:15:14,1
17P4XUB7SI,116.277,39.4665,1390635,0,175,0,14-3-29 2:17:15,1
17P4XUB7SI,116.277,39.4665,1390635,0,175,0,14-3-29 2:19:17,1
17P4XUB7SI,116.277,39.4665,1390635,0,175,0,14-3-29 2:21:18,1
17P4XUB7SI,116.277,39.4665,1390635,0,175,0,14-3-29 2:23:19,1
17P4XUB7SI,116.277,39.4665,1390635,0,175,0,14-3-29 2:25:20,1
17P4XUB7SI,116.277,39.4665,1390635,0,175,0,14-3-29 2:27:21,1
17P4XUB7SI,116.277,39.4679,1390636,11,0,0,14-3-29 2:29:22,1
17P4XUB7SI,116.277,39.4701,1390638,0,0,0,14-3-29 2:31:24,1
17P4XUB7SI,116.277,39.471,1390639,5,0,0,14-3-29 2:33:25,1
17P4XUB7SI,116.279,39.4772,1390645,0,5,0,14-3-29 2:35:26,1
17P4XUB7SI,116.28,39.4786,1390647,20,175,0,14-3-29 2:37:27,1
17P4XUB7SI,116.287,39.496,1390667,88,10,0,14-3-29 2:39:28,1
17P4XUB7SI,116.289,39.5204,1390694,80,0,0,14-3-29 2:41:30,1
17P4XUB7SI,116.306,39.5424,1390722,73,20,0,14-3-29 2:43:31,1
17P4XUB7SI,116.32,39.5633,1390749,80,0,0,14-3-29 2:45:32,1
17P4XUB7SI,116.321,39.5868,1390774,80,0,0,14-3-29 2:47:33,1
17P4XUB7SI,116.321,39.6105,1390800,69,175,0,14-3-29 2:49:34,1
17P4XUB7SI,116.319,39.6338,1390825,73,175,0,14-3-29 2:51:35,1
17P4XUB7SI,116.318,39.657,1390850,75,0,0,14-3-29 2:53:37,1
17P4XUB7SI,116.32,39.6809,1390876,75,5,0,14-3-29 2:55:38,1
17P4XUB7SI,116.326,39.7032,1390901,66,15,0,14-3-29 2:57:39,1
17P4XUB7SI,116.34,39.7232,1390926,73,5,0,14-3-29 2:59:40,1
17P4XUB7SI,116.338,39.7457,1390951,68,175,0,14-3-29 3:1:41,1
17P4XUB7SI,116.336,39.7685,1390976,73,175,0,14-3-29 3:3:43,1
17P4XUB7SI,116.34,39.7769,1390986,0,25,0,14-3-29 3:5:44,1
17P4XUB7SI,116.356,39.7762,1391001,68,45,0,14-3-29 3:7:45,1
17P4XUB7SI,116.37,39.7603,1391024,73,80,0,14-3-29 3:9:46,1
17P4XUB7SI,116.395,39.7608,1391048,68,35,0,14-3-29 3:11:47,1
17P4XUB7SI,116.417,39.7714,1391070,62,10,0,14-3-29 3:13:48,1
17P4XUB7SI,116.429,39.7875,1391091,68,30,0,14-3-29 3:15:50,1
17P4XUB7SI,116.456,39.7912,1391115,68,25,0,14-3-29 3:17:51,1
17P4XUB7SI,116.474,39.8083,1391138,60,20,0,14-3-29 3:19:52,1
17P4XUB7SI,116.497,39.8178,1391161,62,30,0,14-3-29 3:21:53,1
17P4XUB7SI,116.522,39.8322,1391187,80,20,0,14-3-29 3:24:6,1
17P4XUB7SI,116.542,39.8479,1391210,73,15,0,14-3-29 3:26:6,1
17P4XUB7SI,116.543,39.8696,1391234,73,0,0,14-3-29 3:28:8,1
17P4XUB7SI,116.542,39.8925,1391259,71,175,0,14-3-29 3:30:9,1
17P4XUB7SI,116.538,39.9148,1391284,68,175,0,14-3-29 3:32:10,1
17P4XUB7SI,116.537,39.9356,1391306,73,175,0,14-3-29 3:34:11,1
17P4XUB7SI,116.524,39.9559,1391331,77,170,0,14-3-29 3:36:12,1
17P4XUB7SI,116.511,39.9779,1391358,73,160,0,14-3-29 3:38:13,1
17P4XUB7SI,116.496,39.9963,1391381,58,160,0,14-3-29 3:40:15,1
17P4XUB7SI,116.503,40.0069,1391395,44,20,0,14-3-29 3:42:16,1
17P4XUB7SI,116.511,40.0142,1391406,53,15,0,14-3-29 3:44:17,1
17P4XUB7SI,116.52,40.0288,1391423,53,10,0,14-3-29 3:46:18,1
17P4XUB7SI,116.527,40.0388,1391435,14,10,0,14-3-29 3:48:19,1
17P4XUB7SI,116.533,40.0512,1391449,0,15,0,14-3-29 3:50:20,1
17P4XUB7SI,116.533,40.0512,1391449,0,15,0,14-3-29 3:52:22,1
17P4XUB7SI,116.533,40.0512,1391449,0,15,0,14-3-29 3:54:24,1
17P4XUB7SI,116.533,40.0512,1391449,0,15,0,14-3-29 3:56:24,1
17P4XUB7SI,116.533,40.0512,1391449,0,15,0,14-3-29 3:58:25,1
17P4XUB7SI,116.533,40.0512,1391449,0,15,0,14-3-29 4:0:26,1
17P4XUB7SI,116.533,40.0512,1391449,0,15,0,14-3-29 4:2:28,1
17P4XUB7SI,116.533,40.0512,1391449,0,15,0,14-3-29 4:4:29,1
17P4XUB7SI,116.533,40.0512,1391449,0,15,0,14-3-29 4:6:30,1
17P4XUB7SI,116.533,40.0512,1391449,0,15,0,14-3-29 4:8:31,1
17P4XUB7SI,116.533,40.0512,1391449,0,15,0,14-3-29 4:10:32,1
17P4XUB7SI,116.533,40.0512,1391449,0,15,0,14-3-29 4:12:33,1
17P4XUB7SI,116.533,40.0512,1391449,0,15,0,14-3-29 4:14:35,1
17P4XUB7SI,116.533,40.0512,1391449,0,15,0,14-3-29 4:16:36,1
17P4XUB7SI,116.533,40.0512,1391449,0,15,0,14-3-29 4:18:37,1
17P4XUB7SI,116.533,40.0512,1391449,0,15,0,14-3-29 4:20:38,1
17P4XUB7SI,116.533,40.0512,1391449,0,15,0,14-3-29 4:22:40,1
17P4XUB7SI,116.534,40.0518,1391450,29,10,0,14-3-29 4:24:40,1
17P4XUB7SI,116.542,40.0577,1391459,46,20,0,14-3-29 4:26:42,1
17P4XUB7SI,116.555,40.0549,1391483,0,45,0,14-3-29 4:30:45,1
17P4XUB7SI,116.557,40.0615,1391490,29,5,0,14-3-29 4:32:45,1
17P4XUB7SI,116.566,40.0641,1391501,36,50,0,14-3-29 4:34:46,1
17P4XUB7SI,116.582,40.0623,1391515,34,45,0,14-3-29 4:36:47,1
17P4XUB7SI,116.581,40.0675,1391521,9,135,0,14-3-29 4:38:48,1
17P4XUB7SI,116.581,40.0662,1391523,0,30,0,14-3-29 4:40:50,1
17P4XUB7SI,116.581,40.0662,1391523,0,30,0,14-3-29 4:42:51,1
17P4XUB7SI,116.581,40.0662,1391523,0,30,0,14-3-29 4:44:52,1
17P4XUB7SI,116.581,40.0662,1391523,0,30,0,14-3-29 4:46:53,1
17P4XUB7SI,116.581,40.0662,1391523,0,30,0,14-3-29 4:48:54,1
17P4XUB7SI,116.581,40.0662,1391523,0,30,0,14-3-29 4:50:56,1
17P4XUB7SI,116.581,40.0662,1391523,0,30,0,14-3-29 4:52:57,1
17P4XUB7SI,116.581,40.0662,1391523,0,30,0,14-3-29 4:54:58,1
17P4XUB7SI,116.581,40.0662,1391523,0,30,0,14-3-29 4:56:59,1
17P4XUB7SI,116.581,40.0662,1391523,0,30,0,14-3-29 4:59:0,1
17P4XUB7SI,116.581,40.0662,1391523,0,30,0,14-3-29 5:1:2,1
17P4XUB7SI,116.581,40.0662,1391523,0,30,0,14-3-29 5:3:3,1
17P4XUB7SI,116.581,40.0662,1391523,0,30,0,14-3-29 5:5:4,1
17P4XUB7SI,116.581,40.0662,1391523,0,30,0,14-3-29 5:7:5,1
17P4XUB7SI,116.581,40.0662,1391523,0,30,0,14-3-29 5:9:6,1
17P4XUB7SI,116.581,40.0662,1391523,0,30,0,14-3-29 5:11:7,1
17P4XUB7SI,116.581,40.0662,1391523,0,30,0,14-3-29 5:13:9,1
17P4XUB7SI,116.581,40.0662,1391523,0,30,0,14-3-29 5:15:10,1
17P4XUB7SI,116.581,40.0662,1391523,0,30,0,14-3-29 5:17:11,1
17P4XUB7SI,116.581,40.0662,1391523,0,30,0,14-3-29 5:19:12,1
17P4XUB7SI,116.581,40.0662,1391523,0,30,0,14-3-29 5:21:13,1
17P4XUB7SI,116.581,40.0662,1391523,0,30,0,14-3-29 5:23:14,1
17P4XUB7SI,116.581,40.0662,1391523,0,30,0,14-3-29 5:25:16,1
17P4XUB7SI,116.581,40.0662,1391523,0,30,0,14-3-29 5:27:17,1
17P4XUB7SI,116.581,40.0662,1391523,0,30,0,14-3-29 5:29:18,1
17P4XUB7SI,116.581,40.0662,1391523,0,30,0,14-3-29 5:31:19,1
17P4XUB7SI,116.581,40.0662,1391523,0,30,0,14-3-29 5:33:20,1
17P4XUB7SI,116.581,40.0662,1391523,0,30,0,14-3-29 5:35:21,1
17P4XUB7SI,116.581,40.0662,1391523,0,30,0,14-3-29 5:37:22,1
17P4XUB7SI,116.581,40.0662,1391523,0,30,0,14-3-29 5:39:24,1
17P4XUB7SI,116.581,40.0662,1391523,0,30,0,14-3-29 5:41:25,1
17P4XUB7SI,116.581,40.0662,1391523,0,30,0,14-3-29 5:43:26,1
17P4XUB7SI,116.581,40.0662,1391523,0,30,0,14-3-29 5:45:27,1
17P4XUB7SI,116.581,40.0662,1391523,0,30,0,14-3-29 5:47:28,1
17P4XUB7SI,116.581,40.0662,1391523,0,30,0,14-3-29 5:49:29,1
17P4XUB7SI,116.581,40.0662,1391523,0,30,0,14-3-29 5:51:31,1
17P4XUB7SI,116.581,40.0662,1391523,0,30,0,14-3-29 5:53:32,1
17P4XUB7SI,116.581,40.0662,1391523,0,30,0,14-3-29 5:55:33,1
17P4XUB7SI,116.581,40.0662,1391523,0,30,0,14-3-29 5:57:34,1
17P4XUB7SI,116.581,40.0662,1391523,0,30,0,14-3-29 5:59:35,1
17P4XUB7SI,116.581,40.0662,1391523,0,30,0,14-3-29 6:1:37,1
17P4XUB7SI,116.581,40.0658,1391523,0,80,0,14-3-29 6:3:38,1
17P4XUB7SI,116.581,40.0658,1391523,0,80,0,14-3-29 6:5:39,1
17P4XUB7SI,116.581,40.0658,1391523,0,80,0,14-3-29 6:7:40,1
17P4XUB7SI,116.581,40.0658,1391523,0,80,0,14-3-29 6:9:41,1
17P4XUB7SI,116.581,40.0658,1391523,0,80,0,14-3-29 6:11:42,1
17P4XUB7SI,116.581,40.0658,1391523,0,80,0,14-3-29 6:13:44,1
17P4XUB7SI,116.581,40.0658,1391523,0,80,0,14-3-29 6:15:45,1
17P4XUB7SI,116.581,40.0658,1391523,0,80,0,14-3-29 6:17:46,1
17P4XUB7SI,116.581,40.0658,1391523,0,80,0,14-3-29 6:19:47,1
17P4XUB7SI,116.581,40.0658,1391523,0,80,0,14-3-29 6:21:48,1
17P4XUB7SI,116.581,40.0658,1391523,0,80,0,14-3-29 6:23:49,1
17P4XUB7SI,116.581,40.0658,1391523,0,80,0,14-3-29 6:25:50,1
17P4XUB7SI,116.581,40.0658,1391523,0,80,0,14-3-29 6:27:52,1
17P4XUB7SI,116.581,40.0658,1391523,0,80,0,14-3-29 6:29:53,1
17P4XUB7SI,116.581,40.0658,1391523,0,80,0,14-3-29 6:31:54,1
17P4XUB7SI,116.581,40.0658,1391523,0,80,0,14-3-29 6:33:55,1
17P4XUB7SI,116.581,40.0658,1391523,0,80,0,14-3-29 6:35:56,1
17P4XUB7SI,116.581,40.0658,1391523,0,80,0,14-3-29 6:37:57,1
17P4XUB7SI,116.581,40.0658,1391523,0,80,0,14-3-29 6:39:59,1
17P4XUB7SI,116.581,40.0658,1391523,0,80,0,14-3-29 6:42:0,1
17P4XUB7SI,116.581,40.0658,1391523,0,80,0,14-3-29 6:44:1,1
17P4XUB7SI,116.581,40.0658,1391523,0,80,0,14-3-29 6:46:2,1
17P4XUB7SI,116.581,40.0658,1391523,0,80,0,14-3-29 6:48:3,1
17P4XUB7SI,116.581,40.0658,1391523,0,80,0,14-3-29 6:50:4,1
17P4XUB7SI,116.581,40.0658,1391523,0,80,0,14-3-29 6:52:6,1
17P4XUB7SI,116.581,40.0658,1391523,0,80,0,14-3-29 6:54:7,1
17P4XUB7SI,116.581,40.0658,1391523,0,80,0,14-3-29 6:56:8,1
17P4XUB7SI,116.581,40.0658,1391523,0,80,0,14-3-29 6:58:9,1
17P4XUB7SI,116.581,40.0658,1391523,0,80,0,14-3-29 7:0:10,1
17P4XUB7SI,116.581,40.0658,1391523,0,80,0,14-3-29 7:2:11,1
17P4XUB7SI,116.581,40.0658,1391523,0,80,0,14-3-29 7:4:12,1
17P4XUB7SI,116.581,40.0658,1391523,0,80,0,14-3-29 7:6:14,1
17P4XUB7SI,116.581,40.0658,1391523,0,80,0,14-3-29 7:8:15,1
17P4XUB7SI,116.581,40.0658,1391523,0,80,0,14-3-29 7:10:16,1
17P4XUB7SI,116.581,40.0658,1391523,0,80,0,14-3-29 7:12:17,1
17P4XUB7SI,116.581,40.0658,1391523,0,80,0,14-3-29 7:14:18,1
17P4XUB7SI,116.581,40.0658,1391523,0,80,0,14-3-29 7:16:19,1
17P4XUB7SI,116.581,40.0658,1391523,0,80,0,14-3-29 7:18:20,1
17P4XUB7SI,116.581,40.0658,1391523,0,80,0,14-3-29 7:20:22,1
17P4XUB7SI,116.581,40.0658,1391523,0,80,0,14-3-29 7:22:23,1
17P4XUB7SI,116.581,40.0658,1391523,0,80,0,14-3-29 7:24:24,1
17P4XUB7SI,116.581,40.0658,1391523,0,80,0,14-3-29 7:26:25,1
17P4XUB7SI,116.581,40.0658,1391523,0,80,0,14-3-29 7:28:26,1
17P4XUB7SI,116.581,40.0658,1391523,0,80,0,14-3-29 7:30:27,1
17P4XUB7SI,116.581,40.0658,1391523,0,80,0,14-3-29 7:32:28,1
17P4XUB7SI,116.581,40.0658,1391523,0,80,0,14-3-29 7:34:30,1
17P4XUB7SI,116.581,40.0658,1391523,0,80,0,14-3-29 7:36:31,1
17P4XUB7SI,116.581,40.0658,1391523,0,80,0,14-3-29 7:38:32,1
17P4XUB7SI,116.581,40.0658,1391523,0,80,0,14-3-29 7:40:33,1
17P4XUB7SI,116.581,40.0658,1391523,0,80,0,14-3-29 7:42:34,1
17P4XUB7SI,116.581,40.0658,1391523,0,80,0,14-3-29 7:44:35,1
17P4XUB7SI,116.581,40.0658,1391523,0,80,0,14-3-29 7:46:36,1
17P4XUB7SI,116.581,40.0658,1391523,0,80,0,14-3-29 7:48:38,1
17P4XUB7SI,116.581,40.0658,1391523,0,80,0,14-3-29 7:50:39,1
17P4XUB7SI,116.581,40.0658,1391523,0,80,0,14-3-29 7:52:40,1
17P4XUB7SI,116.581,40.0658,1391523,0,80,0,14-3-29 7:54:41,1
17P4XUB7SI,116.581,40.0658,1391523,0,80,0,14-3-29 7:56:42,1
17P4XUB7SI,116.581,40.0658,1391523,0,80,0,14-3-29 7:58:43,1
17P4XUB7SI,116.581,40.0658,1391523,0,80,0,14-3-29 8:0:45,1
17P4XUB7SI,116.581,40.0658,1391523,0,80,0,14-3-29 8:2:46,1
17P4XUB7SI,116.581,40.0658,1391523,0,80,0,14-3-29 8:4:47,1
17P4XUB7SI,116.581,40.0658,1391523,0,80,0,14-3-29 8:6:48,1
17P4XUB7SI,116.581,40.0658,1391523,0,80,0,14-3-29 8:8:49,1
17P4XUB7SI,116.581,40.0658,1391523,0,80,0,14-3-29 8:10:50,1
17P4XUB7SI,116.581,40.0658,1391523,0,80,0,14-3-29 8:12:52,1
17P4XUB7SI,116.581,40.0658,1391523,0,80,0,14-3-29 8:14:53,1
17P4XUB7SI,116.581,40.0658,1391523,0,80,0,14-3-29 8:16:54,1
17P4XUB7SI,116.581,40.0658,1391523,0,80,0,14-3-29 8:18:55,1
17P4XUB7SI,116.581,40.0658,1391523,0,80,0,14-3-29 8:20:56,1
17P4XUB7SI,116.582,40.0623,1391528,23,140,0,14-3-29 8:22:58,1
17P4XUB7SI,116.576,40.0629,1391533,27,135,0,14-3-29 8:24:59,1
17P4XUB7SI,116.565,40.0641,1391541,14,140,0,14-3-29 8:27:0,1
17P4XUB7SI,116.565,40.0643,1391542,0,145,0,14-3-29 8:29:1,1
17P4XUB7SI,116.564,40.0642,1391542,0,145,0,14-3-29 8:31:2,1
17P4XUB7SI,116.564,40.0642,1391542,0,145,0,14-3-29 8:33:3,1
17P4XUB7SI,116.564,40.0642,1391542,0,145,0,14-3-29 8:35:5,1
17P4XUB7SI,116.564,40.0642,1391542,0,145,0,14-3-29 8:37:6,1
17P4XUB7SI,116.564,40.0642,1391542,0,145,0,14-3-29 8:39:7,1
17P4XUB7SI,116.564,40.0642,1391542,0,145,0,14-3-29 8:41:8,1
17P4XUB7SI,116.564,40.0642,1391542,0,145,0,14-3-29 8:43:9,1
17P4XUB7SI,116.564,40.0642,1391542,0,145,0,14-3-29 8:45:11,1
17P4XUB7SI,116.564,40.0642,1391542,0,145,0,14-3-29 8:47:12,1
17P4XUB7SI,116.564,40.0642,1391542,0,145,0,14-3-29 8:49:13,1
17P4XUB7SI,116.564,40.0642,1391542,0,145,0,14-3-29 8:51:14,1
17P4XUB7SI,116.563,40.0686,1391547,33,170,0,14-3-29 8:53:15,1
17P4XUB7SI,116.563,40.07,1391549,0,40,0,14-3-29 8:55:16,1
17P4XUB7SI,116.563,40.07,1391549,0,40,0,14-3-29 8:57:17,1
17P4XUB7SI,116.563,40.07,1391549,0,40,0,14-3-29 8:59:19,1
17P4XUB7SI,116.563,40.07,1391549,0,40,0,14-3-29 9:1:20,1
17P4XUB7SI,116.563,40.07,1391549,0,40,0,14-3-29 9:3:21,1
17P4XUB7SI,116.563,40.07,1391549,0,40,0,14-3-29 9:5:22,1
17P4XUB7SI,116.563,40.07,1391549,0,40,0,14-3-29 9:7:24,1
17P4XUB7SI,116.563,40.07,1391549,0,40,0,14-3-29 9:9:25,1
17P4XUB7SI,116.563,40.07,1391549,0,40,0,14-3-29 9:11:26,1
17P4XUB7SI,116.563,40.07,1391549,0,40,0,14-3-29 9:13:27,1
17P4XUB7SI,116.563,40.07,1391549,0,40,0,14-3-29 9:15:28,1
17P4XUB7SI,116.563,40.07,1391549,0,40,0,14-3-29 9:17:29,1
17P4XUB7SI,116.563,40.07,1391549,0,40,0,14-3-29 9:19:31,1
17P4XUB7SI,116.563,40.07,1391549,0,40,0,14-3-29 9:21:32,1
17P4XUB7SI,116.563,40.07,1391549,0,40,0,14-3-29 9:23:33,1
17P4XUB7SI,116.563,40.07,1391549,0,40,0,14-3-29 9:25:34,1
17P4XUB7SI,116.563,40.07,1391549,0,40,0,14-3-29 9:27:35,1
17P4XUB7SI,116.563,40.07,1391549,0,40,0,14-3-29 9:29:36,1
17P4XUB7SI,116.563,40.07,1391549,0,40,0,14-3-29 9:31:38,1
17P4XUB7SI,116.563,40.07,1391549,0,40,0,14-3-29 9:33:39,1
17P4XUB7SI,116.563,40.07,1391549,0,40,0,14-3-29 9:35:40,1
17P4XUB7SI,116.563,40.07,1391549,0,40,0,14-3-29 9:37:41,1
17P4XUB7SI,116.563,40.07,1391549,0,40,0,14-3-29 9:39:43,1
17P4XUB7SI,116.563,40.07,1391549,0,40,0,14-3-29 9:41:44,1
17P4XUB7SI,116.563,40.07,1391549,0,40,0,14-3-29 9:43:45,1
17P4XUB7SI,116.563,40.07,1391549,0,40,0,14-3-29 9:45:46,1
17P4XUB7SI,116.563,40.07,1391549,0,40,0,14-3-29 9:47:47,1
17P4XUB7SI,116.563,40.07,1391549,0,40,0,14-3-29 9:49:48,1
17P4XUB7SI,116.563,40.07,1391549,0,40,0,14-3-29 9:51:50,1
17P4XUB7SI,116.563,40.07,1391549,0,40,0,14-3-29 9:53:51,1
17P4XUB7SI,116.563,40.07,1391549,0,40,0,14-3-29 9:55:52,1
17P4XUB7SI,116.563,40.07,1391549,0,40,0,14-3-29 9:57:53,1
17P4XUB7SI,116.563,40.07,1391549,0,40,0,14-3-29 9:59:55,1
17P4XUB7SI,116.563,40.07,1391549,0,40,0,14-3-29 10:1:56,1
17P4XUB7SI,116.563,40.0684,1391551,27,85,0,14-3-29 10:3:57,1
17P4XUB7SI,116.565,40.0641,1391555,0,50,0,14-3-29 10:5:58,1
17P4XUB7SI,116.565,40.0641,1391549,0,4,0,14-3-29 10:6:58,0
17P4XUB7SI,116.565,40.0641,1391549,0,0,0,14-3-29 10:7:8,0
17P4XUB7SI,116.565,40.0641,1391549,0,0,0,14-3-29 10:7:21,1
17P4XUB7SI,116.565,40.0641,1391549,0,0,0,14-3-29 10:9:21,1
17P4XUB7SI,116.565,40.0641,1391549,0,0,0,14-3-29 10:11:22,1
17P4XUB7SI,116.565,40.0641,1391549,0,0,0,14-3-29 10:13:23,1
17P4XUB7SI,116.565,40.0641,1391549,0,0,0,14-3-29 10:15:26,1
17P4XUB7SI,116.565,40.0641,1391549,0,0,0,14-3-29 10:17:25,1
17P4XUB7SI,116.565,40.0641,1391549,0,0,0,14-3-29 10:19:27,1
17P4XUB7SI,116.565,40.0641,1391549,0,0,0,14-3-29 10:21:28,1
17P4XUB7SI,116.565,40.0641,1391549,0,0,0,14-3-29 10:23:29,1
17P4XUB7SI,116.565,40.0641,1391549,0,0,0,14-3-29 10:25:30,1
17P4XUB7SI,116.565,40.0641,1391549,0,0,0,14-3-29 10:27:32,1
17P4XUB7SI,116.565,40.0641,1391549,0,0,0,14-3-29 10:29:33,1
17P4XUB7SI,116.565,40.0641,1391549,0,0,0,14-3-29 10:31:34,1
17P4XUB7SI,116.565,40.0641,1391549,0,0,0,14-3-29 10:33:35,1
17P4XUB7SI,116.565,40.0641,1391549,0,4,0,14-3-29 10:35:48,0
17P4XUB7SI,116.565,40.0641,1391549,0,0,0,14-3-29 10:36:10,0
17P4XUB7SI,116.565,40.0643,1391549,0,165,0,14-3-29 10:38:11,1
17P4XUB7SI,116.565,40.0643,1391549,0,165,0,14-3-29 10:40:12,1
17P4XUB7SI,116.565,40.0643,1391549,0,165,0,14-3-29 10:42:13,1
17P4XUB7SI,116.565,40.0643,1391549,0,165,0,14-3-29 10:44:15,1
17P4XUB7SI,116.564,40.0643,1391554,23,140,0,14-3-29 10:46:16,1
17P4XUB7SI,116.56,40.0739,1391549,0,4,0,14-3-29 10:49:0,1
17P4XUB7SI,116.56,40.0739,1391549,0,0,0,14-3-29 10:49:11,1
17P4XUB7SI,116.56,40.0739,1391549,0,0,0,14-3-29 10:49:22,1
17P4XUB7SI,116.564,40.0702,1391549,0,40,0,14-3-29 10:51:24,1
17P4XUB7SI,116.564,40.0702,1391549,0,40,0,14-3-29 10:53:25,1
17P4XUB7SI,116.564,40.0702,1391549,0,40,0,14-3-29 10:55:25,1
17P4XUB7SI,116.564,40.0702,1391549,0,40,0,14-3-29 10:57:27,1
17P4XUB7SI,116.564,40.0702,1391549,0,40,0,14-3-29 10:59:28,1
17P4XUB7SI,116.564,40.0702,1391549,0,40,0,14-3-29 11:1:29,1
17P4XUB7SI,116.564,40.0702,1391549,0,40,0,14-3-29 11:3:30,1
17P4XUB7SI,116.564,40.0702,1391549,0,40,0,14-3-29 11:5:31,1
17P4XUB7SI,116.564,40.0702,1391549,0,40,0,14-3-29 11:7:33,1
17P4XUB7SI,116.564,40.0702,1391549,0,40,0,14-3-29 11:9:34,1
17P4XUB7SI,116.564,40.0702,1391549,0,40,0,14-3-29 11:11:35,1
17P4XUB7SI,116.564,40.0702,1391549,0,40,0,14-3-29 11:13:36,1
17P4XUB7SI,116.564,40.0702,1391549,0,40,0,14-3-29 11:15:37,1
17P4XUB7SI,116.564,40.0702,1391549,0,40,0,14-3-29 11:17:38,1
17P4XUB7SI,116.564,40.0702,1391549,0,40,0,14-3-29 11:19:40,1
17P4XUB7SI,116.564,40.0702,1391549,0,40,0,14-3-29 11:21:41,1
17P4XUB7SI,116.564,40.0702,1391549,0,40,0,14-3-29 11:23:42,1
17P4XUB7SI,116.564,40.0702,1391549,0,40,0,14-3-29 11:25:43,1
17P4XUB7SI,116.564,40.0702,1391549,0,40,0,14-3-29 11:27:44,1
17P4XUB7SI,116.564,40.0702,1391549,0,40,0,14-3-29 11:29:45,1
17P4XUB7SI,116.564,40.0702,1391549,0,40,0,14-3-29 11:31:47,1
17P4XUB7SI,116.564,40.0702,1391549,0,40,0,14-3-29 11:33:48,1
17P4XUB7SI,116.564,40.0702,1391549,0,40,0,14-3-29 11:35:49,1
17P4XUB7SI,116.564,40.0702,1391549,0,40,0,14-3-29 11:37:50,1
17P4XUB7SI,116.564,40.0702,1391549,0,40,0,14-3-29 11:39:52,1
17P4XUB7SI,116.564,40.0702,1391549,0,40,0,14-3-29 11:41:53,1
17P4XUB7SI,116.564,40.0702,1391549,0,40,0,14-3-29 11:43:54,1
17P4XUB7SI,116.564,40.0702,1391549,0,40,0,14-3-29 11:45:55,1
17P4XUB7SI,116.564,40.0702,1391549,0,40,0,14-3-29 11:47:56,1
17P4XUB7SI,116.564,40.0702,1391549,0,40,0,14-3-29 11:49:57,1
17P4XUB7SI,116.564,40.0702,1391549,0,40,0,14-3-29 11:51:59,1
17P4XUB7SI,116.564,40.0702,1391549,0,40,0,14-3-29 11:54:0,1
17P4XUB7SI,116.564,40.0702,1391549,0,40,0,14-3-29 11:56:1,1
17P4XUB7SI,116.564,40.0702,1391549,0,40,0,14-3-29 11:58:2,1
17P4XUB7SI,116.564,40.0702,1391549,0,40,0,14-3-29 12:0:3,1
17P4XUB7SI,116.564,40.0702,1391549,0,40,0,14-3-29 12:2:5,1
17P4XUB7SI,116.564,40.0702,1391549,0,40,0,14-3-29 12:4:6,1
17P4XUB7SI,116.564,40.0702,1391549,0,40,0,14-3-29 12:6:7,1
17P4XUB7SI,116.564,40.0702,1391549,0,40,0,14-3-29 12:8:8,1
17P4XUB7SI,116.564,40.0702,1391549,0,40,0,14-3-29 12:10:9,1
17P4XUB7SI,116.564,40.0702,1391549,0,40,0,14-3-29 12:12:10,1
17P4XUB7SI,116.564,40.0702,1391549,0,40,0,14-3-29 12:14:12,1
17P4XUB7SI,116.564,40.0702,1391549,0,40,0,14-3-29 12:16:13,1
17P4XUB7SI,116.564,40.0702,1391549,0,40,0,14-3-29 12:18:14,1
17P4XUB7SI,116.564,40.0702,1391549,0,40,0,14-3-29 12:20:15,1
17P4XUB7SI,116.564,40.0702,1391549,0,40,0,14-3-29 12:22:16,1
17P4XUB7SI,116.564,40.0702,1391549,0,40,0,14-3-29 12:24:18,1
17P4XUB7SI,116.564,40.0702,1391549,0,40,0,14-3-29 12:26:19,1
17P4XUB7SI,116.564,40.0702,1391549,0,40,0,14-3-29 12:28:20,1
17P4XUB7SI,116.564,40.0702,1391549,0,40,0,14-3-29 12:30:21,1
17P4XUB7SI,116.564,40.0702,1391549,0,40,0,14-3-29 12:32:22,1
17P4XUB7SI,116.564,40.0702,1391549,0,40,0,14-3-29 12:34:24,1
17P4XUB7SI,116.564,40.0702,1391549,0,40,0,14-3-29 12:36:25,1
17P4XUB7SI,116.564,40.0702,1391549,0,40,0,14-3-29 12:38:26,1
17P4XUB7SI,116.564,40.0702,1391549,0,40,0,14-3-29 12:40:27,1
17P4XUB7SI,116.564,40.0702,1391549,0,40,0,14-3-29 12:42:29,1
17P4XUB7SI,116.564,40.0702,1391549,0,40,0,14-3-29 12:44:30,1
17P4XUB7SI,116.564,40.0702,1391549,0,40,0,14-3-29 12:46:31,1
17P4XUB7SI,116.564,40.0702,1391549,0,40,0,14-3-29 12:48:32,1
17P4XUB7SI,116.564,40.0702,1391549,0,40,0,14-3-29 12:50:35,1
17P4XUB7SI,116.564,40.0702,1391549,0,40,0,14-3-29 12:52:35,1
17P4XUB7SI,116.564,40.0702,1391549,0,40,0,14-3-29 12:54:36,1
17P4XUB7SI,116.564,40.0702,1391549,0,40,0,14-3-29 12:56:37,1
17P4XUB7SI,116.564,40.0702,1391549,0,40,0,14-3-29 12:58:39,1
17P4XUB7SI,116.564,40.0702,1391549,0,40,0,14-3-29 13:0:40,1
17P4XUB7SI,116.564,40.0702,1391549,0,40,0,14-3-29 13:2:41,1
17P4XUB7SI,116.564,40.0702,1391549,0,40,0,14-3-29 13:4:43,1
17P4XUB7SI,116.564,40.0702,1391549,0,40,0,14-3-29 13:6:44,1
17P4XUB7SI,116.564,40.0702,1391549,0,40,0,14-3-29 13:8:45,1
17P4XUB7SI,116.564,40.0702,1391549,0,40,0,14-3-29 13:10:46,1
17P4XUB7SI,116.564,40.0702,1391549,0,40,0,14-3-29 13:12:47,1
17P4XUB7SI,116.564,40.0702,1391549,0,40,0,14-3-29 13:14:49,1
17P4XUB7SI,116.564,40.0702,1391549,0,40,0,14-3-29 13:16:50,1
17P4XUB7SI,116.564,40.0702,1391549,0,40,0,14-3-29 13:18:51,1
17P4XUB7SI,116.564,40.0702,1391549,0,40,0,14-3-29 13:20:53,1
17P4XUB7SI,116.564,40.0702,1391549,0,40,0,14-3-29 13:22:54,1
17P4XUB7SI,116.564,40.0702,1391549,0,40,0,14-3-29 13:24:55,1
17P4XUB7SI,116.564,40.0702,1391549,0,40,0,14-3-29 13:26:56,1
17P4XUB7SI,116.564,40.0702,1391549,0,40,0,14-3-29 13:28:58,1
17P4XUB7SI,116.564,40.0702,1391549,0,40,0,14-3-29 13:30:59,1
17P4XUB7SI,116.564,40.0702,1391549,0,40,0,14-3-29 13:33:0,1
17P4XUB7SI,116.564,40.0702,1391549,0,40,0,14-3-29 13:35:1,1
17P4XUB7SI,116.564,40.0702,1391549,0,40,0,14-3-29 13:37:3,1
17P4XUB7SI,116.564,40.0701,1391549,0,120,0,14-3-29 13:39:4,1
17P4XUB7SI,116.564,40.0701,1391549,0,120,0,14-3-29 13:41:5,1
17P4XUB7SI,116.564,40.0701,1391549,0,120,0,14-3-29 13:43:7,1
17P4XUB7SI,116.564,40.0701,1391549,0,120,0,14-3-29 13:45:8,1
17P4XUB7SI,116.564,40.0701,1391549,0,120,0,14-3-29 13:47:9,1
17P4XUB7SI,116.564,40.0701,1391549,0,120,0,14-3-29 13:49:12,1
17P4XUB7SI,116.564,40.0701,1391549,0,120,0,14-3-29 13:51:14,1
17P4XUB7SI,116.564,40.0701,1391549,0,120,0,14-3-29 13:53:15,1
17P4XUB7SI,116.564,40.0701,1391549,0,120,0,14-3-29 13:55:16,1
17P4XUB7SI,116.564,40.0701,1391549,0,120,0,14-3-29 13:57:18,1
17P4XUB7SI,116.564,40.0701,1391549,0,120,0,14-3-29 13:59:19,1
17P4XUB7SI,116.564,40.0701,1391549,0,120,0,14-3-29 14:1:20,1
17P4XUB7SI,116.564,40.0701,1391549,0,120,0,14-3-29 14:3:21,1
17P4XUB7SI,116.564,40.0701,1391549,0,120,0,14-3-29 14:5:23,1
17P4XUB7SI,116.564,40.0701,1391549,0,120,0,14-3-29 14:7:24,1
17P4XUB7SI,116.564,40.0701,1391549,0,120,0,14-3-29 14:9:25,1
17P4XUB7SI,116.564,40.0701,1391549,0,120,0,14-3-29 14:11:27,1
17P4XUB7SI,116.564,40.0701,1391549,0,120,0,14-3-29 14:13:28,1
17P4XUB7SI,116.564,40.0701,1391549,0,120,0,14-3-29 14:15:29,1
17P4XUB7SI,116.564,40.0701,1391549,0,120,0,14-3-29 14:17:31,1
17P4XUB7SI,116.564,40.0701,1391549,0,120,0,14-3-29 14:19:32,1
17P4XUB7SI,116.564,40.0701,1391549,0,120,0,14-3-29 14:21:33,1
17P4XUB7SI,116.564,40.0701,1391549,0,120,0,14-3-29 14:23:34,1
17P4XUB7SI,116.564,40.0701,1391549,0,120,0,14-3-29 14:25:36,1
17P4XUB7SI,116.564,40.0701,1391549,0,120,0,14-3-29 14:27:37,1
17P4XUB7SI,116.564,40.0701,1391549,0,120,0,14-3-29 14:29:38,1
17P4XUB7SI,116.564,40.0701,1391549,0,120,0,14-3-29 14:31:40,1
17P4XUB7SI,116.564,40.0701,1391549,0,120,0,14-3-29 14:33:41,1
17P4XUB7SI,116.564,40.0701,1391549,0,120,0,14-3-29 14:35:42,1
17P4XUB7SI,116.564,40.0701,1391549,0,120,0,14-3-29 14:37:44,1
17P4XUB7SI,116.564,40.0701,1391549,0,120,0,14-3-29 14:39:45,1
17P4XUB7SI,116.564,40.0701,1391549,0,120,0,14-3-29 14:41:46,1
17P4XUB7SI,116.564,40.0701,1391549,0,120,0,14-3-29 14:43:47,1
17P4XUB7SI,116.564,40.0701,1391549,0,120,0,14-3-29 14:45:49,1
17P4XUB7SI,116.564,40.0701,1391549,0,120,0,14-3-29 14:47:50,1
17P4XUB7SI,116.564,40.0701,1391549,0,120,0,14-3-29 14:49:51,1
17P4XUB7SI,116.564,40.0701,1391549,0,120,0,14-3-29 14:51:53,1
17P4XUB7SI,116.564,40.0701,1391549,0,120,0,14-3-29 14:53:54,1
17P4XUB7SI,116.564,40.0701,1391549,0,120,0,14-3-29 14:55:55,1
17P4XUB7SI,116.564,40.0701,1391549,0,120,0,14-3-29 14:57:57,1
17P4XUB7SI,116.564,40.0701,1391549,0,120,0,14-3-29 14:59:58,1
17P4XUB7SI,116.564,40.0701,1391549,0,120,0,14-3-29 15:1:59,1
17P4XUB7SI,116.564,40.0701,1391549,0,120,0,14-3-29 15:4:1,1
17P4XUB7SI,116.564,40.0701,1391549,0,120,0,14-3-29 15:6:2,1
17P4XUB7SI,116.564,40.0701,1391549,0,120,0,14-3-29 15:8:3,1
17P4XUB7SI,116.564,40.0701,1391549,0,120,0,14-3-29 15:10:4,1
17P4XUB7SI,116.564,40.0701,1391549,0,120,0,14-3-29 15:12:6,1
17P4XUB7SI,116.564,40.0701,1391549,0,120,0,14-3-29 15:14:7,1
17P4XUB7SI,116.564,40.0701,1391549,0,120,0,14-3-29 15:16:8,1
17P4XUB7SI,116.564,40.0701,1391549,0,120,0,14-3-29 15:18:10,1
17P4XUB7SI,116.564,40.0701,1391549,0,120,0,14-3-29 15:20:11,1
17P4XUB7SI,116.564,40.0701,1391549,0,120,0,14-3-29 15:22:12,1
17P4XUB7SI,116.564,40.0701,1391549,0,120,0,14-3-29 15:24:14,1
17P4XUB7SI,116.564,40.0701,1391549,0,120,0,14-3-29 15:26:15,1
17P4XUB7SI,116.564,40.0701,1391549,0,120,0,14-3-29 15:28:16,1
17P4XUB7SI,116.564,40.0701,1391549,0,120,0,14-3-29 15:30:18,1
17P4XUB7SI,116.564,40.0701,1391549,0,120,0,14-3-29 15:32:19,1
17P4XUB7SI,116.564,40.0701,1391549,0,120,0,14-3-29 15:34:20,1
17P4XUB7SI,116.564,40.0701,1391549,0,120,0,14-3-29 15:36:22,1
17P4XUB7SI,116.564,40.0701,1391549,0,120,0,14-3-29 15:38:23,1
17P4XUB7SI,116.564,40.0701,1391549,0,120,0,14-3-29 15:40:24,1
17P4XUB7SI,116.564,40.0701,1391549,0,120,0,14-3-29 15:42:26,1
17P4XUB7SI,116.564,40.0701,1391549,0,120,0,14-3-29 15:44:27,1
17P4XUB7SI,116.564,40.0701,1391549,0,120,0,14-3-29 15:46:28,1
17P4XUB7SI,116.564,40.0701,1391549,0,120,0,14-3-29 15:48:29,1
17P4XUB7SI,116.564,40.0701,1391549,0,120,0,14-3-29 15:50:31,1
17P4XUB7SI,116.564,40.0701,1391549,0,120,0,14-3-29 15:52:32,1
17P4XUB7SI,116.564,40.0701,1391549,0,120,0,14-3-29 15:54:33,1
17P4XUB7SI,116.564,40.0701,1391549,0,120,0,14-3-29 15:56:35,1
17P4XUB7SI,116.564,40.0701,1391549,0,120,0,14-3-29 15:58:36,1
17P4XUB7SI,116.564,40.0701,1391549,0,120,0,14-3-29 16:0:37,1
17P4XUB7SI,116.564,40.0701,1391549,0,120,0,14-3-29 16:2:39,1
17P4XUB7SI,116.564,40.0701,1391549,0,120,0,14-3-29 16:4:40,1
17P4XUB7SI,116.564,40.0701,1391549,0,120,0,14-3-29 16:6:41,1
17P4XUB7SI,116.564,40.0701,1391549,0,120,0,14-3-29 16:8:43,1
17P4XUB7SI,116.564,40.0701,1391549,0,120,0,14-3-29 16:10:44,1
17P4XUB7SI,116.564,40.0701,1391549,0,120,0,14-3-29 16:12:45,1
17P4XUB7SI,116.564,40.0701,1391549,0,120,0,14-3-29 16:14:46,1
17P4XUB7SI,116.564,40.0701,1391549,0,120,0,14-3-29 16:16:48,1
17P4XUB7SI,116.564,40.0701,1391549,0,120,0,14-3-29 16:18:49,1
17P4XUB7SI,116.564,40.0701,1391549,0,120,0,14-3-29 16:20:50,1
17P4XUB7SI,116.564,40.0701,1391549,0,120,0,14-3-29 16:22:52,1
17P4XUB7SI,116.564,40.0701,1391549,0,120,0,14-3-29 16:24:53,1
17P4XUB7SI,116.564,40.0701,1391549,0,120,0,14-3-29 16:26:54,1
17P4XUB7SI,116.564,40.0701,1391549,0,120,0,14-3-29 16:28:55,1
17P4XUB7SI,116.564,40.0701,1391549,0,120,0,14-3-29 16:30:57,1
17P4XUB7SI,116.564,40.0701,1391549,0,120,0,14-3-29 16:32:58,1
17P4XUB7SI,116.564,40.0701,1391549,0,120,0,14-3-29 16:34:59,1
17P4XUB7SI,116.564,40.0701,1391549,0,120,0,14-3-29 16:37:1,1
17P4XUB7SI,116.564,40.0701,1391549,0,120,0,14-3-29 16:39:2,1
17P4XUB7SI,116.564,40.0701,1391549,0,120,0,14-3-29 16:41:3,1
17P4XUB7SI,116.564,40.0701,1391549,0,120,0,14-3-29 16:43:5,1
17P4XUB7SI,116.564,40.0701,1391549,0,120,0,14-3-29 16:45:6,1
17P4XUB7SI,116.564,40.0701,1391549,0,120,0,14-3-29 16:47:7,1
17P4XUB7SI,116.564,40.0701,1391549,0,120,0,14-3-29 16:49:8,1
17P4XUB7SI,116.564,40.0701,1391549,0,120,0,14-3-29 16:51:9,1
17P4XUB7SI,116.564,40.0701,1391549,0,120,0,14-3-29 16:53:11,1
17P4XUB7SI,116.564,40.0701,1391549,0,120,0,14-3-29 16:55:12,1
17P4XUB7SI,116.564,40.0701,1391549,0,120,0,14-3-29 16:57:13,1
17P4XUB7SI,116.564,40.0701,1391549,0,120,0,14-3-29 16:59:15,1
17P4XUB7SI,116.564,40.0701,1391549,0,120,0,14-3-29 17:1:16,1
17P4XUB7SI,116.564,40.0701,1391549,0,120,0,14-3-29 17:3:17,1
17P4XUB7SI,116.564,40.0701,1391549,0,120,0,14-3-29 17:5:18,1
17P4XUB7SI,116.564,40.0701,1391549,0,120,0,14-3-29 17:7:20,1
17P4XUB7SI,116.564,40.0701,1391549,0,120,0,14-3-29 17:9:21,1
17P4XUB7SI,116.564,40.0701,1391549,0,120,0,14-3-29 17:11:22,1
17P4XUB7SI,116.564,40.0701,1391549,0,120,0,14-3-29 17:13:23,1
17P4XUB7SI,116.564,40.0701,1391549,0,120,0,14-3-29 17:15:25,1
17P4XUB7SI,116.564,40.0701,1391549,0,120,0,14-3-29 17:17:26,1
17P4XUB7SI,116.564,40.0701,1391549,0,120,0,14-3-29 17:19:27,1
17P4XUB7SI,116.564,40.0701,1391549,0,120,0,14-3-29 17:21:28,1
17P4XUB7SI,116.564,40.0701,1391549,0,120,0,14-3-29 17:23:30,1
17P4XUB7SI,116.564,40.0701,1391549,0,120,0,14-3-29 17:25:31,1
17P4XUB7SI,116.564,40.0701,1391549,0,120,0,14-3-29 17:27:32,1
17P4XUB7SI,116.564,40.0701,1391549,0,120,0,14-3-29 17:29:33,1
17P4XUB7SI,116.564,40.0701,1391549,0,120,0,14-3-29 17:31:35,1
17P4XUB7SI,116.564,40.0701,1391549,0,120,0,14-3-29 17:33:36,1
17P4XUB7SI,116.564,40.0701,1391549,0,120,0,14-3-29 17:35:37,1
17P4XUB7SI,116.564,40.0701,1391549,0,120,0,14-3-29 17:37:38,1
17P4XUB7SI,116.564,40.0701,1391549,0,120,0,14-3-29 17:39:40,1
17P4XUB7SI,116.564,40.0701,1391549,0,120,0,14-3-29 17:41:41,1
17P4XUB7SI,116.564,40.0701,1391549,0,120,0,14-3-29 17:43:42,1
17P4XUB7SI,116.564,40.0701,1391549,0,120,0,14-3-29 17:45:43,1
17P4XUB7SI,116.564,40.0701,1391549,0,120,0,14-3-29 17:47:44,1
17P4XUB7SI,116.564,40.0701,1391549,0,120,0,14-3-29 17:49:46,1
17P4XUB7SI,116.564,40.0701,1391549,0,120,0,14-3-29 17:51:47,1
17P4XUB7SI,116.564,40.0701,1391549,0,120,0,14-3-29 17:53:48,1
17P4XUB7SI,116.564,40.0701,1391549,0,120,0,14-3-29 17:55:49,1
17P4XUB7SI,116.564,40.0701,1391549,0,120,0,14-3-29 17:57:51,1
17P4XUB7SI,116.564,40.0701,1391549,0,120,0,14-3-29 17:59:52,1
17P4XUB7SI,116.564,40.0701,1391549,0,120,0,14-3-29 18:1:53,1
17P4XUB7SI,116.564,40.0701,1391549,0,120,0,14-3-29 18:3:54,1
17P4XUB7SI,116.564,40.0701,1391549,0,120,0,14-3-29 18:5:55,1
17P4XUB7SI,116.564,40.0701,1391549,0,120,0,14-3-29 18:7:57,1
17P4XUB7SI,116.564,40.0701,1391549,0,120,0,14-3-29 18:9:58,1
17P4XUB7SI,116.564,40.0701,1391549,0,120,0,14-3-29 18:11:59,1
17P4XUB7SI,116.564,40.0701,1391549,0,120,0,14-3-29 18:14:0,1
17P4XUB7SI,116.564,40.0701,1391549,0,120,0,14-3-29 18:16:1,1
17P4XUB7SI,116.564,40.0701,1391549,0,120,0,14-3-29 18:18:3,1
17P4XUB7SI,116.564,40.0701,1391549,0,120,0,14-3-29 18:20:5,1
17P4XUB7SI,116.564,40.0701,1391549,0,120,0,14-3-29 18:22:5,1
17P4XUB7SI,116.564,40.0701,1391549,0,120,0,14-3-29 18:24:6,1
17P4XUB7SI,116.564,40.0701,1391549,0,120,0,14-3-29 18:26:7,1
17P4XUB7SI,116.564,40.0701,1391549,0,120,0,14-3-29 18:28:9,1
17P4XUB7SI,116.564,40.0701,1391549,0,120,0,14-3-29 18:30:10,1
17P4XUB7SI,116.564,40.0701,1391549,0,120,0,14-3-29 18:32:11,1
17P4XUB7SI,116.564,40.0701,1391549,0,120,0,14-3-29 18:34:12,1
17P4XUB7SI,116.564,40.0701,1391549,0,120,0,14-3-29 18:36:13,1
17P4XUB7SI,116.564,40.0701,1391549,0,120,0,14-3-29 18:38:15,1
17P4XUB7SI,116.564,40.0701,1391549,0,120,0,14-3-29 18:40:16,1
17P4XUB7SI,116.564,40.0701,1391549,0,120,0,14-3-29 18:42:17,1
17P4XUB7SI,116.564,40.0701,1391549,0,120,0,14-3-29 18:44:18,1
17P4XUB7SI,116.564,40.0701,1391549,0,120,0,14-3-29 18:46:19,1
17P4XUB7SI,116.564,40.0701,1391549,0,120,0,14-3-29 18:48:21,1
17P4XUB7SI,116.564,40.0701,1391549,0,120,0,14-3-29 18:50:22,1
17P4XUB7SI,116.564,40.0701,1391549,0,120,0,14-3-29 18:52:23,1
17P4XUB7SI,116.564,40.0701,1391549,0,120,0,14-3-29 18:54:24,1
17P4XUB7SI,116.564,40.0701,1391549,0,120,0,14-3-29 18:56:25,1
17P4XUB7SI,116.564,40.0701,1391549,0,120,0,14-3-29 18:58:26,1
17P4XUB7SI,116.564,40.0701,1391549,0,120,0,14-3-29 19:0:28,1
17P4XUB7SI,116.564,40.0701,1391549,0,120,0,14-3-29 19:2:29,1
17P4XUB7SI,116.564,40.0701,1391549,0,120,0,14-3-29 19:4:30,1
17P4XUB7SI,116.564,40.0701,1391549,0,120,0,14-3-29 19:6:31,1
17P4XUB7SI,116.564,40.0701,1391549,0,120,0,14-3-29 19:8:32,1
17P4XUB7SI,116.564,40.0701,1391549,0,120,0,14-3-29 19:10:34,1
17P4XUB7SI,116.564,40.0701,1391549,0,120,0,14-3-29 19:12:35,1
17P4XUB7SI,116.564,40.0701,1391549,0,120,0,14-3-29 19:14:36,1
17P4XUB7SI,116.564,40.0701,1391549,0,120,0,14-3-29 19:16:37,1
17P4XUB7SI,116.564,40.0701,1391549,0,120,0,14-3-29 19:18:38,1
17P4XUB7SI,116.564,40.0701,1391549,0,120,0,14-3-29 19:20:39,1
17P4XUB7SI,116.564,40.0701,1391549,0,120,0,14-3-29 19:22:41,1
17P4XUB7SI,116.564,40.0701,1391549,0,120,0,14-3-29 19:24:42,1
17P4XUB7SI,116.564,40.0701,1391549,0,120,0,14-3-29 19:26:43,1
17P4XUB7SI,116.564,40.0701,1391549,0,120,0,14-3-29 19:28:44,1
17P4XUB7SI,116.564,40.0701,1391549,0,120,0,14-3-29 19:30:45,1
17P4XUB7SI,116.564,40.0701,1391549,0,120,0,14-3-29 19:32:47,1
17P4XUB7SI,116.564,40.0701,1391549,0,120,0,14-3-29 19:34:48,1
17P4XUB7SI,116.564,40.0701,1391549,0,120,0,14-3-29 19:36:49,1
17P4XUB7SI,116.564,40.0701,1391549,0,120,0,14-3-29 19:38:50,1
17P4XUB7SI,116.564,40.0701,1391549,0,120,0,14-3-29 19:40:51,1
17P4XUB7SI,116.564,40.0701,1391549,0,120,0,14-3-29 19:42:52,1
17P4XUB7SI,116.564,40.0701,1391549,0,120,0,14-3-29 19:44:54,1
17P4XUB7SI,116.564,40.0701,1391549,0,120,0,14-3-29 19:46:55,1
17P4XUB7SI,116.564,40.0701,1391549,0,120,0,14-3-29 19:48:56,1
17P4XUB7SI,116.564,40.0701,1391549,0,120,0,14-3-29 19:50:57,1
17P4XUB7SI,116.564,40.0701,1391549,0,120,0,14-3-29 19:52:58,1
17P4XUB7SI,116.564,40.0701,1391549,0,120,0,14-3-29 19:55:0,1
17P4XUB7SI,116.564,40.0701,1391549,0,120,0,14-3-29 19:57:1,1
17P4XUB7SI,116.564,40.0701,1391549,0,120,0,14-3-29 19:59:2,1
17P4XUB7SI,116.564,40.0701,1391549,0,120,0,14-3-29 20:1:3,1
17P4XUB7SI,116.564,40.0701,1391549,0,120,0,14-3-29 20:3:4,1
17P4XUB7SI,116.564,40.0701,1391549,0,120,0,14-3-29 20:5:5,1
17P4XUB7SI,116.564,40.0701,1391549,0,120,0,14-3-29 20:7:7,1
17P4XUB7SI,116.564,40.0701,1391549,0,120,0,14-3-29 20:9:8,1
17P4XUB7SI,116.564,40.0701,1391549,0,120,0,14-3-29 20:11:9,1
17P4XUB7SI,116.564,40.0701,1391549,0,120,0,14-3-29 20:13:10,1
17P4XUB7SI,116.564,40.0701,1391549,0,120,0,14-3-29 20:15:11,1
17P4XUB7SI,116.564,40.0701,1391549,0,120,0,14-3-29 20:17:12,1
17P4XUB7SI,116.564,40.0701,1391549,0,120,0,14-3-29 20:19:14,1
17P4XUB7SI,116.564,40.0701,1391549,0,120,0,14-3-29 20:21:15,1
17P4XUB7SI,116.564,40.0701,1391549,0,120,0,14-3-29 20:23:16,1
17P4XUB7SI,116.564,40.0701,1391549,0,120,0,14-3-29 20:25:17,1
17P4XUB7SI,116.564,40.0701,1391549,0,120,0,14-3-29 20:27:18,1
17P4XUB7SI,116.564,40.0701,1391549,0,120,0,14-3-29 20:29:19,1
17P4XUB7SI,116.564,40.0701,1391549,0,120,0,14-3-29 20:31:21,1
17P4XUB7SI,116.564,40.0701,1391549,0,120,0,14-3-29 20:33:22,1
17P4XUB7SI,116.564,40.0701,1391549,0,120,0,14-3-29 20:35:23,1
17P4XUB7SI,116.564,40.0701,1391549,0,120,0,14-3-29 20:37:24,1
17P4XUB7SI,116.564,40.0701,1391549,0,120,0,14-3-29 20:39:25,1
17P4XUB7SI,116.564,40.0701,1391549,0,120,0,14-3-29 20:41:26,1
17P4XUB7SI,116.564,40.0701,1391549,0,120,0,14-3-29 20:43:28,1
17P4XUB7SI,116.564,40.0701,1391549,0,120,0,14-3-29 20:45:29,1
17P4XUB7SI,116.564,40.0701,1391549,0,120,0,14-3-29 20:47:30,1
17P4XUB7SI,116.564,40.0701,1391549,0,120,0,14-3-29 20:49:31,1
17P4XUB7SI,116.564,40.0701,1391549,0,120,0,14-3-29 20:51:32,1
17P4XUB7SI,116.564,40.0701,1391549,0,120,0,14-3-29 20:53:33,1
17P4XUB7SI,116.564,40.0701,1391549,0,120,0,14-3-29 20:55:35,1
17P4XUB7SI,116.564,40.0701,1391549,0,120,0,14-3-29 20:57:36,1
17P4XUB7SI,116.564,40.0701,1391549,0,120,0,14-3-29 20:59:37,1
17P4XUB7SI,116.564,40.0701,1391549,0,120,0,14-3-29 21:1:38,1
17P4XUB7SI,116.564,40.0701,1391549,0,120,0,14-3-29 21:3:39,1
17P4XUB7SI,116.563,40.066,1391554,31,80,0,14-3-29 21:5:41,1
17P4XUB7SI,116.572,40.0632,1391563,20,45,0,14-3-29 21:7:42,1
17P4XUB7SI,116.582,40.0621,1391571,0,45,0,14-3-29 21:9:43,1
17P4XUB7SI,116.581,40.0675,1391577,0,135,0,14-3-29 21:11:44,1
17P4XUB7SI,116.582,40.0653,1391579,14,75,0,14-3-29 21:13:45,1
17P4XUB7SI,116.579,40.0644,1391582,0,0,0,14-3-29 21:15:47,1
17P4XUB7SI,116.579,40.0642,1391582,0,90,0,14-3-29 21:17:48,1
17P4XUB7SI,116.579,40.0642,1391582,0,90,0,14-3-29 21:19:49,1
17P4XUB7SI,116.579,40.0642,1391582,0,90,0,14-3-29 21:21:50,1
17P4XUB7SI,116.579,40.0642,1391582,0,90,0,14-3-29 21:23:51,1
17P4XUB7SI,116.579,40.0642,1391582,0,90,0,14-3-29 21:25:52,1
17P4XUB7SI,116.579,40.0642,1391582,0,90,0,14-3-29 21:27:53,1
17P4XUB7SI,116.579,40.0642,1391582,0,90,0,14-3-29 21:29:55,1
17P4XUB7SI,116.579,40.0642,1391582,0,90,0,14-3-29 21:31:56,1
17P4XUB7SI,116.579,40.0642,1391582,0,90,0,14-3-29 21:33:57,1
17P4XUB7SI,116.579,40.0642,1391582,0,90,0,14-3-29 21:35:58,1
17P4XUB7SI,116.579,40.0642,1391582,0,90,0,14-3-29 21:37:59,1
17P4XUB7SI,116.579,40.0642,1391582,0,90,0,14-3-29 21:40:2,1
17P4XUB7SI,116.579,40.0642,1391582,0,90,0,14-3-29 21:42:2,1
17P4XUB7SI,116.579,40.0642,1391582,0,90,0,14-3-29 21:44:3,1
17P4XUB7SI,116.579,40.0642,1391582,0,90,0,14-3-29 21:46:4,1
17P4XUB7SI,116.579,40.0642,1391582,0,90,0,14-3-29 21:48:5,1
17P4XUB7SI,116.579,40.0642,1391582,0,90,0,14-3-29 21:50:6,1
17P4XUB7SI,116.579,40.0642,1391582,0,90,0,14-3-29 21:52:8,1
17P4XUB7SI,116.579,40.0642,1391582,0,90,0,14-3-29 21:54:9,1
17P4XUB7SI,116.579,40.0642,1391582,0,90,0,14-3-29 21:56:10,1
17P4XUB7SI,116.579,40.0642,1391582,0,90,0,14-3-29 21:58:11,1
17P4XUB7SI,116.579,40.0642,1391582,0,90,0,14-3-29 22:0:13,1
17P4XUB7SI,116.579,40.0642,1391582,0,90,0,14-3-29 22:2:14,1
17P4XUB7SI,116.579,40.0642,1391582,0,90,0,14-3-29 22:4:15,1
17P4XUB7SI,116.579,40.0642,1391582,0,90,0,14-3-29 22:6:16,1
17P4XUB7SI,116.579,40.0642,1391582,0,90,0,14-3-29 22:8:17,1
17P4XUB7SI,116.579,40.0642,1391582,0,90,0,14-3-29 22:10:18,1
17P4XUB7SI,116.579,40.0642,1391582,0,90,0,14-3-29 22:12:19,1
17P4XUB7SI,116.579,40.0642,1391582,0,90,0,14-3-29 22:14:20,1
17P4XUB7SI,116.579,40.0642,1391582,0,90,0,14-3-29 22:16:22,1
17P4XUB7SI,116.579,40.0642,1391582,0,90,0,14-3-29 22:18:23,1
17P4XUB7SI,116.579,40.0642,1391582,0,90,0,14-3-29 22:20:24,1
17P4XUB7SI,116.579,40.0642,1391582,0,90,0,14-3-29 22:22:27,1
17P4XUB7SI,116.579,40.0642,1391582,0,90,0,14-3-29 22:24:26,1
17P4XUB7SI,116.579,40.0642,1391582,0,90,0,14-3-29 22:26:28,1
17P4XUB7SI,116.579,40.0642,1391582,0,90,0,14-3-29 22:28:29,1
17P4XUB7SI,116.579,40.0642,1391582,0,90,0,14-3-29 22:30:30,1
17P4XUB7SI,116.579,40.0642,1391582,0,90,0,14-3-29 22:32:31,1
17P4XUB7SI,116.579,40.0642,1391582,0,90,0,14-3-29 22:34:32,1
17P4XUB7SI,116.579,40.0642,1391582,0,90,0,14-3-29 22:36:33,1
17P4XUB7SI,116.579,40.0642,1391582,0,90,0,14-3-29 22:38:35,1
17P4XUB7SI,116.579,40.0642,1391582,0,90,0,14-3-29 22:40:36,1
17P4XUB7SI,116.579,40.0642,1391582,0,90,0,14-3-29 22:44:40,1
17P4XUB7SI,116.579,40.0642,1391582,0,90,0,14-3-29 22:46:40,1
17P4XUB7SI,116.579,40.0642,1391582,0,90,0,14-3-29 22:48:41,1
17P4XUB7SI,116.579,40.0642,1391582,0,90,0,14-3-29 22:50:42,1
17P4XUB7SI,116.579,40.0642,1391582,0,90,0,14-3-29 22:52:43,1
17P4XUB7SI,116.579,40.0642,1391582,0,90,0,14-3-29 22:54:44,1
17P4XUB7SI,116.579,40.0642,1391582,0,90,0,14-3-29 22:56:45,1
17P4XUB7SI,116.579,40.0642,1391582,0,90,0,14-3-29 22:58:46,1
17P4XUB7SI,116.579,40.0642,1391582,0,90,0,14-3-29 23:0:48,1
17P4XUB7SI,116.579,40.0642,1391582,0,90,0,14-3-29 23:2:49,1
17P4XUB7SI,116.579,40.0642,1391582,0,90,0,14-3-29 23:4:50,1
17P4XUB7SI,116.579,40.0642,1391582,0,90,0,14-3-29 23:6:51,1
17P4XUB7SI,116.579,40.0642,1391582,0,90,0,14-3-29 23:10:53,1
17P4XUB7SI,116.579,40.0642,1391582,0,90,0,14-3-29 23:12:55,1
17P4XUB7SI,116.579,40.0642,1391582,0,90,0,14-3-29 23:14:56,1
17P4XUB7SI,116.579,40.0642,1391582,0,90,0,14-3-29 23:16:57,1
17P4XUB7SI,116.579,40.0642,1391582,0,90,0,14-3-29 23:18:58,1
17P4XUB7SI,116.579,40.0642,1391582,0,90,0,14-3-29 23:20:59,1
17P4XUB7SI,116.579,40.0642,1391582,0,90,0,14-3-29 23:23:0,1
17P4XUB7SI,116.579,40.0642,1391582,0,90,0,14-3-29 23:25:2,1
17P4XUB7SI,116.579,40.0642,1391582,0,90,0,14-3-29 23:27:3,1
17P4XUB7SI,116.579,40.0642,1391582,0,90,0,14-3-29 23:29:4,1
17P4XUB7SI,116.579,40.0642,1391582,0,90,0,14-3-29 23:31:5,1
17P4XUB7SI,116.579,40.0642,1391582,0,90,0,14-3-29 23:33:6,1
17P4XUB7SI,116.579,40.0642,1391582,0,90,0,14-3-29 23:35:8,1
17P4XUB7SI,116.579,40.0642,1391582,0,90,0,14-3-29 23:37:9,1
17P4XUB7SI,116.579,40.0642,1391582,0,90,0,14-3-29 23:39:10,1
17P4XUB7SI,116.579,40.0642,1391582,0,90,0,14-3-29 23:41:11,1
17P4XUB7SI,116.579,40.0642,1391582,0,90,0,14-3-29 23:43:12,1
17P4XUB7SI,116.579,40.0642,1391582,0,90,0,14-3-29 23:45:13,1
17P4XUB7SI,116.579,40.0642,1391582,0,90,0,14-3-29 23:47:14,1
17P4XUB7SI,116.579,40.0642,1391582,0,90,0,14-3-29 23:49:16,1
17P4XUB7SI,116.579,40.0642,1391582,0,90,0,14-3-29 23:51:17,1
17P4XUB7SI,116.579,40.0642,1391582,0,90,0,14-3-29 23:53:18,1
17P4XUB7SI,116.579,40.0642,1391582,0,90,0,14-3-29 23:55:19,1
17P4XUB7SI,116.579,40.0642,1391582,0,90,0,14-3-29 23:57:20,1
17P4XUB7SI,116.579,40.0642,1391582,0,90,0,14-3-29 23:59:22,1
