181X4BP4GU,114.195,30.6248,526103,0,0,0,14-3-28 0:0:12,1
181X4BP4GU,114.195,30.6248,526103,0,0,0,14-3-28 0:0:24,1
181X4BP4GU,114.195,30.6248,526103,0,0,0,14-3-28 0:0:48,1
181X4BP4GU,114.195,30.6248,526103,0,0,0,14-3-28 0:2:34,1
181X4BP4GU,114.195,30.6247,526103,0,0,0,14-3-28 0:4:34,1
181X4BP4GU,114.195,30.6247,526103,0,0,0,14-3-28 0:5:34,1
181X4BP4GU,114.195,30.6247,526103,0,0,0,14-3-28 0:7:34,1
181X4BP4GU,114.195,30.6247,526103,0,0,0,14-3-28 0:9:34,1
181X4BP4GU,114.195,30.6248,526103,0,0,0,14-3-28 0:11:34,1
181X4BP4GU,114.195,30.6247,526103,0,0,0,14-3-28 0:13:34,1
181X4BP4GU,114.195,30.6248,526103,0,0,0,14-3-28 0:15:34,1
181X4BP4GU,114.195,30.6247,526103,0,0,0,14-3-28 0:17:34,1
181X4BP4GU,114.195,30.6247,526103,0,0,0,14-3-28 0:19:34,1
181X4BP4GU,114.195,30.6247,526103,0,0,0,14-3-28 0:21:34,1
181X4BP4GU,114.195,30.6247,526103,0,0,0,14-3-28 0:23:34,1
181X4BP4GU,114.195,30.6247,526103,0,0,0,14-3-28 0:25:34,1
181X4BP4GU,114.195,30.6247,526103,0,0,0,14-3-28 0:27:34,1
181X4BP4GU,114.195,30.6246,526103,0,0,0,14-3-28 0:29:5,1
181X4BP4GU,114.195,30.6247,526103,0,0,0,14-3-28 0:31:5,1
181X4BP4GU,114.195,30.6247,526103,0,0,0,14-3-28 0:32:5,1
181X4BP4GU,114.195,30.6247,526103,0,0,0,14-3-28 0:34:5,1
181X4BP4GU,114.195,30.6247,526103,0,0,0,14-3-28 0:36:5,1
181X4BP4GU,114.195,30.6247,526103,0,0,0,14-3-28 0:38:5,1
181X4BP4GU,114.195,30.6248,526103,0,0,0,14-3-28 0:40:5,1
181X4BP4GU,114.195,30.6247,526103,0,0,0,14-3-28 0:42:5,1
181X4BP4GU,114.195,30.6247,526103,0,0,0,14-3-28 0:44:5,1
181X4BP4GU,114.195,30.6247,526103,0,0,0,14-3-28 0:46:5,1
181X4BP4GU,114.195,30.6247,526103,0,0,0,14-3-28 0:48:5,1
181X4BP4GU,114.194,30.6248,526103,0,0,0,14-3-28 0:50:5,1
181X4BP4GU,114.195,30.6247,526103,0,0,0,14-3-28 0:52:5,1
181X4BP4GU,114.195,30.6247,526103,0,0,0,14-3-28 0:54:5,1
181X4BP4GU,114.195,30.6247,526103,0,0,0,14-3-28 0:56:5,1
181X4BP4GU,114.195,30.6247,526103,0,0,0,14-3-28 0:58:5,1
181X4BP4GU,114.195,30.6247,526103,0,0,0,14-3-28 1:0:5,1
181X4BP4GU,114.195,30.6248,526103,0,0,0,14-3-28 1:2:5,1
181X4BP4GU,114.195,30.6247,526103,0,0,0,14-3-28 1:4:5,1
181X4BP4GU,114.195,30.6247,526103,0,0,0,14-3-28 1:6:5,1
181X4BP4GU,114.195,30.6247,526103,0,0,0,14-3-28 1:8:5,1
181X4BP4GU,114.195,30.6247,526103,0,0,0,14-3-28 1:10:5,1
181X4BP4GU,114.195,30.6247,526103,0,0,0,14-3-28 1:12:5,1
181X4BP4GU,114.195,30.6247,526103,0,0,0,14-3-28 1:14:5,1
181X4BP4GU,114.195,30.6247,526103,0,0,0,14-3-28 1:16:5,1
181X4BP4GU,114.195,30.6247,526103,0,0,0,14-3-28 1:18:5,1
181X4BP4GU,114.195,30.6247,526103,0,0,0,14-3-28 1:20:5,1
181X4BP4GU,114.195,30.6248,526103,0,0,0,14-3-28 1:22:5,1
181X4BP4GU,114.195,30.6247,526103,0,0,0,14-3-28 1:24:5,1
181X4BP4GU,114.195,30.6247,526103,0,0,0,14-3-28 1:26:5,1
181X4BP4GU,114.195,30.6247,526103,0,0,0,14-3-28 1:28:5,1
181X4BP4GU,114.194,30.6247,526103,0,0,0,14-3-28 1:30:5,1
181X4BP4GU,114.195,30.6248,526103,0,0,0,14-3-28 1:32:5,1
181X4BP4GU,114.195,30.6248,526103,0,0,0,14-3-28 1:34:5,1
181X4BP4GU,114.195,30.6248,526103,0,0,0,14-3-28 1:36:5,1
181X4BP4GU,114.195,30.6247,526103,0,0,0,14-3-28 1:38:5,1
181X4BP4GU,114.195,30.6248,526103,0,0,0,14-3-28 1:40:5,1
181X4BP4GU,114.195,30.6248,526103,0,0,0,14-3-28 1:42:5,1
181X4BP4GU,114.195,30.6248,526103,0,0,0,14-3-28 1:44:5,1
181X4BP4GU,114.195,30.6248,526103,0,0,0,14-3-28 1:46:5,1
181X4BP4GU,114.195,30.6248,526103,0,0,0,14-3-28 1:48:5,1
181X4BP4GU,114.195,30.6248,526103,0,0,0,14-3-28 1:50:5,1
181X4BP4GU,114.195,30.6248,526103,0,0,0,14-3-28 1:52:5,1
181X4BP4GU,114.195,30.6248,526103,0,0,0,14-3-28 1:54:5,1
181X4BP4GU,114.189,30.6242,526110,0,0,0,14-3-28 2:26:0,1
181X4BP4GU,114.189,30.6242,526110,0,0,0,14-3-28 3:12:10,1
181X4BP4GU,114.189,30.6242,526110,0,0,0,14-3-28 3:14:15,1
181X4BP4GU,114.189,30.6242,526110,0,0,0,14-3-28 3:16:15,1
181X4BP4GU,114.189,30.6242,526110,0,0,0,14-3-28 3:18:15,1
181X4BP4GU,114.189,30.6242,526110,0,0,0,14-3-28 3:20:15,1
181X4BP4GU,114.189,30.6242,526110,0,0,0,14-3-28 3:22:15,1
181X4BP4GU,114.189,30.6242,526110,0,0,0,14-3-28 3:24:15,1
181X4BP4GU,114.189,30.6244,526110,0,0,0,14-3-28 14:19:34,1
181X4BP4GU,114.189,30.6244,526110,0,0,0,14-3-28 14:20:9,1
181X4BP4GU,114.189,30.6243,526110,0,0,0,14-3-28 14:22:36,1
181X4BP4GU,114.189,30.6243,526110,0,0,0,14-3-28 14:23:9,1
181X4BP4GU,114.189,30.6242,526110,0,0,0,14-3-28 14:25:9,1
181X4BP4GU,114.189,30.6243,526110,0,0,0,14-3-28 14:27:9,1
181X4BP4GU,114.189,30.6243,526110,0,0,0,14-3-28 14:29:9,1
181X4BP4GU,114.189,30.6242,526110,0,0,0,14-3-28 14:31:9,1
181X4BP4GU,114.189,30.6243,526110,0,0,0,14-3-28 14:33:9,1
181X4BP4GU,114.189,30.6243,526110,0,0,0,14-3-28 14:35:9,1
181X4BP4GU,114.189,30.6243,526110,0,0,0,14-3-28 14:37:9,1
181X4BP4GU,114.189,30.6243,526110,0,0,0,14-3-28 14:37:34,1
181X4BP4GU,114.189,30.6242,526110,0,0,0,14-3-28 14:39:34,1
181X4BP4GU,114.189,30.6243,526110,0,0,0,14-3-28 14:41:34,1
181X4BP4GU,114.189,30.6243,526110,0,0,0,14-3-28 14:43:34,1
181X4BP4GU,114.189,30.6243,526110,0,0,0,14-3-28 14:44:42,1
181X4BP4GU,114.189,30.6243,526110,0,0,0,14-3-28 14:46:42,1
181X4BP4GU,114.189,30.6242,526110,0,0,0,14-3-28 14:47:42,1
181X4BP4GU,114.189,30.6243,526110,0,0,0,14-3-28 14:49:42,1
181X4BP4GU,114.189,30.6244,526110,0,0,0,14-3-28 14:51:42,1
181X4BP4GU,114.189,30.6244,526110,0,0,0,14-3-28 14:53:44,1
181X4BP4GU,114.189,30.6243,526110,0,0,0,14-3-28 14:55:44,1
181X4BP4GU,114.189,30.6243,526110,0,0,0,14-3-28 14:57:44,1
181X4BP4GU,114.189,30.6243,526110,0,0,0,14-3-28 14:59:44,1
181X4BP4GU,114.189,30.6244,526110,0,0,0,14-3-28 15:1:44,1
181X4BP4GU,114.189,30.6244,526110,0,0,0,14-3-28 15:3:44,1
181X4BP4GU,114.189,30.6244,526110,0,0,0,14-3-28 15:5:44,1
181X4BP4GU,114.189,30.6244,526110,0,0,0,14-3-28 15:7:44,1
181X4BP4GU,114.189,30.6244,526110,0,0,0,14-3-28 15:9:44,1
181X4BP4GU,114.189,30.6244,526110,0,0,0,14-3-28 15:11:44,1
181X4BP4GU,114.189,30.6244,526110,0,0,0,14-3-28 15:13:44,1
181X4BP4GU,114.189,30.6244,526110,0,0,0,14-3-28 15:15:44,1
181X4BP4GU,114.189,30.6244,526110,0,0,0,14-3-28 15:17:44,1
181X4BP4GU,114.189,30.6244,526110,0,0,0,14-3-28 15:19:44,1
181X4BP4GU,114.189,30.6244,526110,0,0,0,14-3-28 15:21:44,1
181X4BP4GU,114.189,30.6244,526110,0,0,0,14-3-28 15:23:44,1
181X4BP4GU,114.189,30.6244,526110,0,0,0,14-3-28 15:25:44,1
181X4BP4GU,114.189,30.6243,526110,0,0,0,14-3-28 15:27:44,1
181X4BP4GU,114.189,30.6244,526110,0,0,0,14-3-28 15:29:44,1
181X4BP4GU,114.189,30.6244,526110,0,0,0,14-3-28 15:31:44,1
181X4BP4GU,114.189,30.6243,526110,0,0,0,14-3-28 15:33:44,1
181X4BP4GU,114.189,30.6243,526110,0,0,0,14-3-28 15:35:44,1
181X4BP4GU,114.189,30.6244,526110,0,0,0,14-3-28 15:37:44,1
181X4BP4GU,114.189,30.6244,526110,0,0,0,14-3-28 15:39:44,1
181X4BP4GU,114.189,30.6243,526110,0,0,0,14-3-28 15:41:44,1
181X4BP4GU,114.189,30.6243,526110,0,0,0,14-3-28 15:43:44,1
181X4BP4GU,114.189,30.6243,526110,0,0,0,14-3-28 15:44:45,1
181X4BP4GU,114.189,30.6243,526110,0,0,0,14-3-28 15:45:0,1
181X4BP4GU,114.189,30.6243,526110,0,0,0,14-3-28 15:45:6,1
181X4BP4GU,114.189,30.6243,526110,0,0,0,14-3-28 15:47:6,1
181X4BP4GU,114.189,30.6243,526110,0,0,0,14-3-28 15:49:6,1
181X4BP4GU,114.189,30.6243,526110,0,0,0,14-3-28 15:51:6,1
181X4BP4GU,114.189,30.6244,526110,0,0,0,14-3-28 15:53:6,1
181X4BP4GU,114.189,30.6244,526110,0,0,0,14-3-28 15:55:6,1
181X4BP4GU,114.189,30.6244,526110,0,0,0,14-3-28 15:57:6,1
181X4BP4GU,114.189,30.6244,526110,0,0,0,14-3-28 15:59:6,1
181X4BP4GU,114.189,30.6243,526110,0,0,0,14-3-28 16:1:6,1
181X4BP4GU,114.189,30.6243,526110,0,0,0,14-3-28 16:3:6,1
181X4BP4GU,114.189,30.6243,526110,0,0,0,14-3-28 16:5:6,1
181X4BP4GU,114.189,30.6244,526110,0,0,0,14-3-28 16:7:6,1
181X4BP4GU,114.189,30.6244,526110,0,0,0,14-3-28 16:9:6,1
181X4BP4GU,114.189,30.6244,526110,0,0,0,14-3-28 16:11:6,1
181X4BP4GU,114.189,30.6244,526110,0,0,0,14-3-28 16:13:6,1
181X4BP4GU,114.189,30.6243,526110,0,0,0,14-3-28 16:15:6,1
181X4BP4GU,114.189,30.6244,526110,0,0,0,14-3-28 16:17:6,1
181X4BP4GU,114.189,30.6244,526110,0,0,0,14-3-28 16:19:6,1
181X4BP4GU,114.189,30.6244,526110,0,0,0,14-3-28 16:21:6,1
181X4BP4GU,114.189,30.6244,526110,0,0,0,14-3-28 16:23:6,1
181X4BP4GU,114.189,30.6244,526110,0,0,0,14-3-28 16:25:6,1
181X4BP4GU,114.189,30.6244,526110,0,0,0,14-3-28 16:27:6,1
181X4BP4GU,114.189,30.6244,526110,0,0,0,14-3-28 16:29:6,1
181X4BP4GU,114.189,30.6244,526110,0,0,0,14-3-28 16:31:6,1
181X4BP4GU,114.189,30.6244,526110,0,0,0,14-3-28 16:33:6,1
181X4BP4GU,114.189,30.6244,526110,0,0,0,14-3-28 16:35:6,1
181X4BP4GU,114.189,30.6244,526110,0,0,0,14-3-28 16:37:6,1
181X4BP4GU,114.189,30.6244,526110,0,0,0,14-3-28 16:39:6,1
181X4BP4GU,114.189,30.6244,526110,0,0,0,14-3-28 16:41:6,1
181X4BP4GU,114.189,30.6244,526110,0,0,0,14-3-28 16:43:6,1
181X4BP4GU,114.189,30.6243,526110,0,0,0,14-3-28 16:45:6,1
181X4BP4GU,114.189,30.6244,526110,0,0,0,14-3-28 16:47:6,1
181X4BP4GU,114.189,30.6244,526110,0,0,0,14-3-28 16:49:6,1
181X4BP4GU,114.189,30.6244,526110,0,0,0,14-3-28 16:51:6,1
181X4BP4GU,114.189,30.6244,526110,0,0,0,14-3-28 16:53:6,1
181X4BP4GU,114.189,30.6244,526110,0,0,0,14-3-28 16:55:6,1
181X4BP4GU,114.189,30.6244,526110,0,0,0,14-3-28 16:57:6,1
181X4BP4GU,114.189,30.6244,526110,0,0,0,14-3-28 16:59:6,1
181X4BP4GU,114.189,30.6244,526110,0,0,0,14-3-28 17:1:6,1
181X4BP4GU,114.189,30.6244,526110,0,0,0,14-3-28 17:3:6,1
181X4BP4GU,114.189,30.6244,526110,0,0,0,14-3-28 17:5:6,1
181X4BP4GU,114.189,30.6243,526110,0,0,0,14-3-28 17:7:6,1
181X4BP4GU,114.189,30.6243,526110,0,0,0,14-3-28 17:9:6,1
181X4BP4GU,114.189,30.6243,526110,0,0,0,14-3-28 17:11:6,1
181X4BP4GU,114.189,30.6244,526110,0,0,0,14-3-28 17:13:6,1
181X4BP4GU,114.189,30.6243,526110,0,0,0,14-3-28 17:15:6,1
181X4BP4GU,114.189,30.6243,526110,0,0,0,14-3-28 17:17:6,1
181X4BP4GU,114.19,30.6244,526110,0,0,0,14-3-28 17:19:6,1
181X4BP4GU,114.189,30.6243,526110,0,0,0,14-3-28 17:21:6,1
181X4BP4GU,114.189,30.6244,526110,0,0,0,14-3-28 17:23:6,1
181X4BP4GU,114.189,30.6243,526110,0,0,0,14-3-28 17:25:6,1
181X4BP4GU,114.189,30.6243,526110,0,0,0,14-3-28 17:27:6,1
181X4BP4GU,114.189,30.6243,526110,0,0,0,14-3-28 17:29:6,1
181X4BP4GU,114.19,30.6243,526110,0,0,0,14-3-28 17:33:6,1
181X4BP4GU,114.189,30.6243,526110,0,0,0,14-3-28 17:35:6,1
181X4BP4GU,114.189,30.6243,526110,0,0,0,14-3-28 17:37:6,1
181X4BP4GU,114.189,30.6243,526110,0,0,0,14-3-28 17:39:6,1
181X4BP4GU,114.189,30.6243,526110,0,0,0,14-3-28 17:41:6,1
181X4BP4GU,114.189,30.6243,526110,0,0,0,14-3-28 17:43:6,1
181X4BP4GU,114.19,30.6243,526110,0,0,0,14-3-28 17:45:6,1
181X4BP4GU,114.189,30.6243,526110,0,0,0,14-3-28 17:47:6,1
181X4BP4GU,114.19,30.6243,526110,0,0,0,14-3-28 17:49:6,1
181X4BP4GU,114.189,30.6243,526110,0,0,0,14-3-28 17:51:6,1
181X4BP4GU,114.189,30.6243,526110,0,0,0,14-3-28 17:53:6,1
181X4BP4GU,114.189,30.6243,526110,0,0,0,14-3-28 17:55:6,1
181X4BP4GU,114.189,30.6243,526110,0,0,0,14-3-28 17:57:6,1
181X4BP4GU,114.189,30.6243,526110,0,0,0,14-3-28 17:59:6,1
181X4BP4GU,114.189,30.6243,526110,0,0,0,14-3-28 18:1:6,1
181X4BP4GU,114.189,30.6243,526110,0,0,0,14-3-28 18:3:6,1
181X4BP4GU,114.189,30.6243,526110,0,0,0,14-3-28 18:5:6,1
181X4BP4GU,114.189,30.6243,526110,0,0,0,14-3-28 18:7:6,1
181X4BP4GU,114.189,30.6243,526110,0,0,0,14-3-28 18:9:6,1
181X4BP4GU,114.189,30.6243,526110,0,0,0,14-3-28 18:11:6,1
181X4BP4GU,114.189,30.6243,526110,0,0,0,14-3-28 18:13:6,1
181X4BP4GU,114.189,30.6243,526110,0,0,0,14-3-28 18:15:6,1
181X4BP4GU,114.189,30.6242,526110,0,0,0,14-3-28 18:17:6,1
181X4BP4GU,114.189,30.6243,526110,0,0,0,14-3-28 18:19:6,1
181X4BP4GU,114.189,30.6243,526110,0,0,0,14-3-28 18:21:6,1
181X4BP4GU,114.189,30.6243,526110,0,0,0,14-3-28 18:23:6,1
181X4BP4GU,114.189,30.6243,526110,0,0,0,14-3-28 18:25:6,1
181X4BP4GU,114.189,30.6243,526110,0,0,0,14-3-28 18:27:6,1
181X4BP4GU,114.189,30.6243,526110,0,0,0,14-3-28 18:29:6,1
181X4BP4GU,114.189,30.6243,526110,0,0,0,14-3-28 18:31:6,1
181X4BP4GU,114.189,30.6243,526110,0,0,0,14-3-28 18:33:6,1
181X4BP4GU,114.189,30.6243,526110,0,0,0,14-3-28 18:35:6,1
181X4BP4GU,114.189,30.6243,526110,0,0,0,14-3-28 18:37:6,1
181X4BP4GU,114.189,30.6243,526110,0,0,0,14-3-28 18:39:6,1
181X4BP4GU,114.189,30.6243,526110,0,0,0,14-3-28 18:41:6,1
181X4BP4GU,114.189,30.6243,526110,0,0,0,14-3-28 18:43:6,1
181X4BP4GU,114.189,30.6243,526110,0,0,0,14-3-28 18:45:6,1
181X4BP4GU,114.189,30.6243,526110,0,0,0,14-3-28 18:47:6,1
181X4BP4GU,114.189,30.6243,526110,0,0,0,14-3-28 18:49:6,1
181X4BP4GU,114.189,30.6244,526110,0,0,0,14-3-28 18:51:6,1
181X4BP4GU,114.189,30.6244,526110,0,0,0,14-3-28 18:53:6,1
181X4BP4GU,114.189,30.6244,526110,0,0,0,14-3-28 18:55:6,1
181X4BP4GU,114.189,30.6244,526110,0,0,0,14-3-28 18:57:6,1
181X4BP4GU,114.189,30.6244,526110,0,0,0,14-3-28 18:59:6,1
181X4BP4GU,114.189,30.6243,526110,0,0,0,14-3-28 19:1:6,1
181X4BP4GU,114.189,30.6244,526110,0,0,0,14-3-28 19:3:6,1
181X4BP4GU,114.189,30.6243,526110,0,0,0,14-3-28 19:5:6,1
181X4BP4GU,114.189,30.6244,526110,0,0,0,14-3-28 19:7:6,1
181X4BP4GU,114.189,30.6244,526110,0,0,0,14-3-28 19:9:6,1
181X4BP4GU,114.189,30.6243,526110,0,0,0,14-3-28 19:11:6,1
181X4BP4GU,114.189,30.6244,526110,0,0,0,14-3-28 19:13:6,1
181X4BP4GU,114.189,30.6244,526110,0,0,0,14-3-28 19:15:6,1
181X4BP4GU,114.189,30.6244,526110,0,0,0,14-3-28 19:17:6,1
181X4BP4GU,114.189,30.6244,526110,0,0,0,14-3-28 19:19:6,1
181X4BP4GU,114.189,30.6244,526110,0,0,0,14-3-28 19:21:6,1
181X4BP4GU,114.189,30.6244,526110,0,0,0,14-3-28 19:23:6,1
181X4BP4GU,114.189,30.6244,526110,0,0,0,14-3-28 19:25:6,1
181X4BP4GU,114.189,30.6244,526110,0,0,0,14-3-28 19:27:6,1
181X4BP4GU,114.189,30.6244,526110,0,0,0,14-3-28 19:29:6,1
181X4BP4GU,114.189,30.6244,526110,0,0,0,14-3-28 19:31:6,1
181X4BP4GU,114.189,30.6244,526110,0,0,0,14-3-28 19:33:6,1
181X4BP4GU,114.189,30.6244,526110,0,0,0,14-3-28 19:35:6,1
181X4BP4GU,114.189,30.6244,526110,0,0,0,14-3-28 19:37:6,1
181X4BP4GU,114.189,30.6244,526110,0,0,0,14-3-28 19:39:6,1
181X4BP4GU,114.189,30.6244,526110,0,0,0,14-3-28 19:41:6,1
181X4BP4GU,114.189,30.6244,526110,0,0,0,14-3-28 19:43:6,1
181X4BP4GU,114.189,30.6243,526110,0,0,0,14-3-28 19:45:6,1
181X4BP4GU,114.189,30.6243,526110,0,0,0,14-3-28 19:47:6,1
181X4BP4GU,114.189,30.6243,526110,0,0,0,14-3-28 19:49:6,1
181X4BP4GU,114.189,30.6244,526110,0,0,0,14-3-28 19:51:6,1
181X4BP4GU,114.189,30.6244,526110,0,0,0,14-3-28 19:53:6,1
181X4BP4GU,114.189,30.6244,526110,0,0,0,14-3-28 19:55:6,1
181X4BP4GU,114.189,30.6244,526110,0,0,0,14-3-28 19:57:6,1
181X4BP4GU,114.189,30.6244,526110,0,0,0,14-3-28 19:59:6,1
181X4BP4GU,114.189,30.6244,526110,0,0,0,14-3-28 20:1:6,1
181X4BP4GU,114.189,30.6244,526110,0,0,0,14-3-28 20:3:6,1
181X4BP4GU,114.189,30.6244,526110,0,0,0,14-3-28 20:5:6,1
181X4BP4GU,114.189,30.6244,526110,0,0,0,14-3-28 20:7:6,1
181X4BP4GU,114.189,30.6244,526110,0,0,0,14-3-28 20:9:6,1
181X4BP4GU,114.189,30.6244,526110,0,0,0,14-3-28 20:11:6,1
181X4BP4GU,114.189,30.6244,526110,0,0,0,14-3-28 20:12:49,1
181X4BP4GU,114.189,30.6244,526110,0,0,0,14-3-28 20:14:49,1
181X4BP4GU,114.19,30.624,526111,20,43,0,14-3-28 20:15:49,1
181X4BP4GU,114.19,30.624,526111,18,40,0,14-3-28 20:15:52,1
181X4BP4GU,114.191,30.624,526112,18,47,0,14-3-28 20:16:3,1
181X4BP4GU,114.193,30.624,526114,25,44,0,14-3-28 20:16:32,1
181X4BP4GU,114.195,30.6246,526116,7,1,0,14-3-28 20:17:41,1
181X4BP4GU,114.194,30.6252,526117,0,0,0,14-3-28 20:18:37,1
181X4BP4GU,114.194,30.6252,526117,0,0,0,14-3-28 20:19:33,1
181X4BP4GU,114.194,30.6252,526117,0,0,0,14-3-28 20:19:58,1
181X4BP4GU,114.194,30.6252,526117,0,0,0,14-3-28 20:20:46,1
181X4BP4GU,114.194,30.6252,526117,0,0,0,14-3-28 20:22:46,1
181X4BP4GU,114.194,30.6252,526117,0,0,0,14-3-28 20:24:46,1
181X4BP4GU,114.194,30.6252,526117,0,0,0,14-3-28 20:26:46,1
181X4BP4GU,114.194,30.6252,526117,0,0,0,14-3-28 20:28:46,1
181X4BP4GU,114.194,30.6252,526117,0,0,0,14-3-28 20:30:46,1
181X4BP4GU,114.194,30.6252,526117,0,0,0,14-3-28 20:32:46,1
181X4BP4GU,114.194,30.6252,526117,0,0,0,14-3-28 20:34:46,1
181X4BP4GU,114.194,30.6252,526117,0,0,0,14-3-28 20:36:46,1
181X4BP4GU,114.194,30.6252,526117,0,0,0,14-3-28 20:38:46,1
181X4BP4GU,114.194,30.6252,526117,0,0,0,14-3-28 20:40:46,1
181X4BP4GU,114.194,30.6252,526117,0,0,0,14-3-28 20:42:46,1
181X4BP4GU,114.194,30.6252,526117,0,0,0,14-3-28 20:44:46,1
181X4BP4GU,114.194,30.6252,526117,0,0,0,14-3-28 20:46:46,1
181X4BP4GU,114.194,30.6252,526117,0,0,0,14-3-28 20:48:46,1
181X4BP4GU,114.194,30.6252,526117,0,0,0,14-3-28 20:50:46,1
181X4BP4GU,114.194,30.6252,526117,0,0,0,14-3-28 20:52:46,1
181X4BP4GU,114.194,30.6252,526117,0,0,0,14-3-28 20:54:46,1
181X4BP4GU,114.194,30.6252,526117,0,0,0,14-3-28 20:56:46,1
181X4BP4GU,114.194,30.6252,526117,0,0,0,14-3-28 20:58:46,1
181X4BP4GU,114.194,30.6252,526117,0,0,0,14-3-28 21:0:46,1
181X4BP4GU,114.194,30.6252,526117,0,0,0,14-3-28 21:2:46,1
181X4BP4GU,114.194,30.6252,526117,0,0,0,14-3-28 21:4:46,1
181X4BP4GU,114.194,30.6252,526117,0,0,0,14-3-28 21:6:46,1
181X4BP4GU,114.194,30.6252,526117,0,0,0,14-3-28 21:8:46,1
181X4BP4GU,114.194,30.6252,526117,0,0,0,14-3-28 21:10:46,1
181X4BP4GU,114.194,30.6252,526117,0,0,0,14-3-28 21:12:46,1
181X4BP4GU,114.194,30.6252,526117,0,0,0,14-3-28 21:14:46,1
181X4BP4GU,114.194,30.6252,526117,0,0,0,14-3-28 21:16:46,1
181X4BP4GU,114.194,30.6252,526117,0,0,0,14-3-28 21:18:46,1
181X4BP4GU,114.194,30.6252,526117,0,0,0,14-3-28 21:20:46,1
181X4BP4GU,114.194,30.6252,526117,0,0,0,14-3-28 21:22:46,1
181X4BP4GU,114.194,30.6252,526117,0,0,0,14-3-28 21:24:46,1
181X4BP4GU,114.194,30.6252,526117,0,0,0,14-3-28 21:26:46,1
181X4BP4GU,114.194,30.6252,526117,0,0,0,14-3-28 21:28:46,1
181X4BP4GU,114.194,30.6252,526117,0,0,0,14-3-28 21:30:46,1
181X4BP4GU,114.194,30.6252,526117,0,0,0,14-3-28 21:32:46,1
181X4BP4GU,114.194,30.6252,526117,0,0,0,14-3-28 21:34:46,1
181X4BP4GU,114.194,30.6252,526117,0,0,0,14-3-28 21:36:46,1
181X4BP4GU,114.194,30.6252,526117,0,0,0,14-3-28 21:38:46,1
181X4BP4GU,114.194,30.6252,526117,0,0,0,14-3-28 21:40:46,1
181X4BP4GU,114.194,30.6252,526117,0,0,0,14-3-28 21:42:46,1
181X4BP4GU,114.194,30.6252,526117,0,0,0,14-3-28 21:44:46,1
181X4BP4GU,114.194,30.6252,526117,0,0,0,14-3-28 21:46:46,1
181X4BP4GU,114.194,30.6253,526117,0,0,0,14-3-28 21:48:46,1
181X4BP4GU,114.194,30.6253,526117,0,0,0,14-3-28 21:50:46,1
181X4BP4GU,114.194,30.6253,526117,0,0,0,14-3-28 21:52:46,1
181X4BP4GU,114.194,30.6252,526117,0,0,0,14-3-28 21:54:46,1
181X4BP4GU,114.194,30.6252,526117,0,0,0,14-3-28 21:56:46,1
181X4BP4GU,114.194,30.6251,526117,0,0,0,14-3-28 21:58:46,1
181X4BP4GU,114.194,30.6252,526117,0,0,0,14-3-28 22:0:46,1
181X4BP4GU,114.194,30.6252,526117,0,0,0,14-3-28 22:2:46,1
181X4BP4GU,114.194,30.6252,526117,0,0,0,14-3-28 22:4:46,1
181X4BP4GU,114.194,30.6252,526117,0,0,0,14-3-28 22:6:46,1
181X4BP4GU,114.194,30.6252,526117,0,0,0,14-3-28 22:8:46,1
181X4BP4GU,114.194,30.6252,526117,0,0,0,14-3-28 22:10:46,1
181X4BP4GU,114.194,30.6252,526117,0,0,0,14-3-28 22:12:46,1
181X4BP4GU,114.194,30.6252,526117,0,0,0,14-3-28 22:14:46,1
181X4BP4GU,114.194,30.6252,526117,0,0,0,14-3-28 22:16:46,1
181X4BP4GU,114.194,30.6252,526117,0,0,0,14-3-28 22:18:46,1
181X4BP4GU,114.194,30.6252,526117,0,0,0,14-3-28 22:20:46,1
181X4BP4GU,114.194,30.6252,526117,0,0,0,14-3-28 22:22:46,1
181X4BP4GU,114.194,30.6252,526117,0,0,0,14-3-28 22:24:46,1
181X4BP4GU,114.194,30.6252,526117,0,0,0,14-3-28 22:26:46,1
181X4BP4GU,114.194,30.6252,526117,0,0,0,14-3-28 22:28:46,1
181X4BP4GU,114.194,30.6252,526117,0,0,0,14-3-28 22:30:46,1
181X4BP4GU,114.194,30.6252,526117,0,0,0,14-3-28 22:32:46,1
181X4BP4GU,114.194,30.6252,526117,0,0,0,14-3-28 22:34:46,1
181X4BP4GU,114.194,30.6252,526117,0,0,0,14-3-28 22:36:46,1
181X4BP4GU,114.194,30.6252,526117,0,0,0,14-3-28 22:38:46,1
181X4BP4GU,114.194,30.6252,526117,0,0,0,14-3-28 22:40:46,1
181X4BP4GU,114.194,30.6252,526117,0,0,0,14-3-28 22:42:46,1
181X4BP4GU,114.194,30.6252,526117,0,0,0,14-3-28 22:44:46,1
181X4BP4GU,114.194,30.6252,526117,0,0,0,14-3-28 22:46:46,1
181X4BP4GU,114.194,30.6252,526117,0,0,0,14-3-28 22:48:46,1
181X4BP4GU,114.194,30.6252,526117,0,0,0,14-3-28 22:50:46,1
181X4BP4GU,114.194,30.6252,526117,0,0,0,14-3-28 22:52:46,1
181X4BP4GU,114.194,30.6252,526117,0,0,0,14-3-28 22:54:46,1
181X4BP4GU,114.194,30.6252,526117,0,0,0,14-3-28 22:56:46,1
181X4BP4GU,114.194,30.6252,526117,0,0,0,14-3-28 22:58:46,1
181X4BP4GU,114.194,30.6252,526117,0,0,0,14-3-28 23:0:46,1
181X4BP4GU,114.194,30.6252,526117,0,0,0,14-3-28 23:2:46,1
181X4BP4GU,114.194,30.6252,526117,0,0,0,14-3-28 23:4:46,1
181X4BP4GU,114.194,30.6252,526117,0,0,0,14-3-28 23:6:46,1
181X4BP4GU,114.194,30.6252,526117,0,0,0,14-3-28 23:8:46,1
181X4BP4GU,114.194,30.6252,526117,0,0,0,14-3-28 23:10:46,1
181X4BP4GU,114.194,30.6252,526117,0,0,0,14-3-28 23:12:46,1
181X4BP4GU,114.194,30.6252,526117,0,0,0,14-3-28 23:14:46,1
181X4BP4GU,114.194,30.6252,526117,0,0,0,14-3-28 23:16:46,1
181X4BP4GU,114.194,30.6252,526117,0,0,0,14-3-28 23:18:46,1
181X4BP4GU,114.194,30.6252,526117,0,0,0,14-3-28 23:20:46,1
181X4BP4GU,114.194,30.6252,526117,0,0,0,14-3-28 23:22:46,1
181X4BP4GU,114.194,30.6252,526117,0,0,0,14-3-28 23:24:46,1
181X4BP4GU,114.194,30.6252,526117,0,0,0,14-3-28 23:26:46,1
181X4BP4GU,114.194,30.6252,526117,0,0,0,14-3-28 23:28:46,1
181X4BP4GU,114.194,30.6252,526117,0,0,0,14-3-28 23:30:46,1
181X4BP4GU,114.194,30.6252,526117,0,0,0,14-3-28 23:32:46,1
181X4BP4GU,114.194,30.6252,526117,0,0,0,14-3-28 23:34:46,1
181X4BP4GU,114.194,30.6252,526117,0,0,0,14-3-28 23:36:46,1
181X4BP4GU,114.194,30.6252,526117,0,0,0,14-3-28 23:38:46,1
181X4BP4GU,114.194,30.6252,526117,0,0,0,14-3-28 23:40:46,1
181X4BP4GU,114.194,30.6252,526117,0,0,0,14-3-28 23:42:46,1
181X4BP4GU,114.194,30.6252,526117,0,0,0,14-3-28 23:44:46,1
181X4BP4GU,114.194,30.6252,526117,0,0,0,14-3-28 23:46:46,1
181X4BP4GU,114.194,30.6252,526117,0,0,0,14-3-28 23:48:46,1
181X4BP4GU,114.194,30.6252,526117,0,0,0,14-3-28 23:50:46,1
181X4BP4GU,114.194,30.6252,526117,0,0,0,14-3-28 23:52:46,1
181X4BP4GU,114.194,30.6252,526117,0,0,0,14-3-28 23:54:46,1
181X4BP4GU,114.194,30.6253,526117,0,0,0,14-3-28 23:56:46,1
181X4BP4GU,114.194,30.6253,526117,0,0,0,14-3-28 23:58:46,1
181X4BP4GU,114.194,30.6252,526117,0,0,0,14-3-29 0:0:46,1
181X4BP4GU,114.194,30.6252,526117,0,0,0,14-3-29 0:2:46,1
181X4BP4GU,114.194,30.6252,526117,0,0,0,14-3-29 0:4:46,1
181X4BP4GU,114.194,30.6252,526117,0,0,0,14-3-29 0:6:46,1
181X4BP4GU,114.194,30.6252,526117,0,0,0,14-3-29 0:8:46,1
181X4BP4GU,114.194,30.6252,526117,0,0,0,14-3-29 0:10:46,1
181X4BP4GU,114.194,30.6252,526117,0,0,0,14-3-29 0:12:46,1
181X4BP4GU,114.194,30.6252,526117,0,0,0,14-3-29 0:14:46,1
181X4BP4GU,114.194,30.6253,526117,0,0,0,14-3-29 0:16:46,1
181X4BP4GU,114.194,30.6253,526117,0,0,0,14-3-29 0:18:46,1
181X4BP4GU,114.194,30.6253,526117,0,0,0,14-3-29 0:20:46,1
181X4BP4GU,114.194,30.6252,526117,0,0,0,14-3-29 0:22:46,1
181X4BP4GU,114.194,30.6253,526117,0,0,0,14-3-29 0:24:46,1
181X4BP4GU,114.194,30.6253,526117,0,0,0,14-3-29 0:26:46,1
181X4BP4GU,114.194,30.6253,526117,0,0,0,14-3-29 0:28:46,1
181X4BP4GU,114.194,30.6252,526117,0,0,0,14-3-29 0:30:46,1
181X4BP4GU,114.194,30.6252,526117,0,0,0,14-3-29 0:32:46,1
181X4BP4GU,114.194,30.6253,526117,0,0,0,14-3-29 0:34:46,1
181X4BP4GU,114.194,30.6252,526117,0,0,0,14-3-29 0:36:46,1
181X4BP4GU,114.194,30.6252,526117,0,0,0,14-3-29 0:38:46,1
181X4BP4GU,114.194,30.6252,526117,0,0,0,14-3-29 0:40:46,1
181X4BP4GU,114.194,30.6253,526117,0,0,0,14-3-29 0:42:46,1
181X4BP4GU,114.194,30.6253,526117,0,0,0,14-3-29 0:44:46,1
181X4BP4GU,114.194,30.6252,526117,0,0,0,14-3-29 0:46:46,1
181X4BP4GU,114.194,30.6252,526117,0,0,0,14-3-29 0:48:46,1
181X4BP4GU,114.194,30.6253,526117,0,0,0,14-3-29 0:50:46,1
181X4BP4GU,114.194,30.6252,526117,0,0,0,14-3-29 0:52:46,1
181X4BP4GU,114.194,30.6252,526117,0,0,0,14-3-29 0:54:46,1
181X4BP4GU,114.194,30.6253,526117,0,0,0,14-3-29 0:56:46,1
181X4BP4GU,114.194,30.6253,526117,0,0,0,14-3-29 0:58:46,1
181X4BP4GU,114.194,30.6253,526117,0,0,0,14-3-29 1:0:46,1
181X4BP4GU,114.194,30.6253,526117,0,0,0,14-3-29 1:2:46,1
181X4BP4GU,114.194,30.6253,526117,0,0,0,14-3-29 1:4:46,1
181X4BP4GU,114.194,30.6253,526117,0,0,0,14-3-29 1:6:46,1
181X4BP4GU,114.194,30.6253,526117,0,0,0,14-3-29 1:8:46,1
181X4BP4GU,114.194,30.6252,526117,0,0,0,14-3-29 1:10:46,1
181X4BP4GU,114.194,30.6252,526117,0,0,0,14-3-29 1:12:46,1
181X4BP4GU,114.194,30.6253,526117,0,0,0,14-3-29 1:14:46,1
181X4BP4GU,114.194,30.6253,526117,0,0,0,14-3-29 1:16:46,1
181X4BP4GU,114.194,30.6252,526117,0,0,0,14-3-29 1:18:46,1
181X4BP4GU,114.194,30.6252,526117,0,0,0,14-3-29 1:20:46,1
181X4BP4GU,114.194,30.6252,526117,0,0,0,14-3-29 1:22:46,1
181X4BP4GU,114.194,30.6252,526117,0,0,0,14-3-29 1:24:46,1
181X4BP4GU,114.194,30.6252,526117,0,0,0,14-3-29 1:26:46,1
181X4BP4GU,114.194,30.6252,526117,0,0,0,14-3-29 1:28:46,1
181X4BP4GU,114.194,30.6252,526117,0,0,0,14-3-29 1:30:46,1
181X4BP4GU,114.194,30.6252,526117,0,0,0,14-3-29 1:32:46,1
181X4BP4GU,114.194,30.6251,526117,0,0,0,14-3-29 1:34:46,1
181X4BP4GU,114.194,30.6251,526117,0,0,0,14-3-29 1:36:46,1
181X4BP4GU,114.194,30.6252,526117,0,0,0,14-3-29 1:38:46,1
181X4BP4GU,114.194,30.6252,526117,0,0,0,14-3-29 1:40:46,1
181X4BP4GU,114.194,30.6252,526117,0,0,0,14-3-29 1:42:46,1
181X4BP4GU,114.194,30.6252,526117,0,0,0,14-3-29 1:44:46,1
181X4BP4GU,114.194,30.6252,526117,0,0,0,14-3-29 1:46:46,1
181X4BP4GU,114.194,30.6252,526117,0,0,0,14-3-29 1:48:46,1
181X4BP4GU,114.194,30.6252,526117,0,0,0,14-3-29 1:50:46,1
181X4BP4GU,114.194,30.6252,526117,0,0,0,14-3-29 1:52:46,1
181X4BP4GU,114.194,30.6252,526117,0,0,0,14-3-29 1:54:46,1
181X4BP4GU,114.194,30.6252,526117,0,0,0,14-3-29 1:56:46,1
181X4BP4GU,114.194,30.6252,526117,0,0,0,14-3-29 1:58:46,1
181X4BP4GU,114.194,30.6252,526117,0,0,0,14-3-29 2:0:46,1
181X4BP4GU,114.194,30.6252,526117,0,0,0,14-3-29 2:2:46,1
181X4BP4GU,114.194,30.6252,526117,0,0,0,14-3-29 2:4:46,1
181X4BP4GU,114.194,30.6252,526117,0,0,0,14-3-29 2:6:46,1
181X4BP4GU,114.194,30.6252,526117,0,0,0,14-3-29 2:8:46,1
181X4BP4GU,114.194,30.6252,526117,0,0,0,14-3-29 2:10:46,1
181X4BP4GU,114.194,30.6251,526117,0,0,0,14-3-29 2:12:46,1
181X4BP4GU,114.194,30.6252,526117,0,0,0,14-3-29 2:14:46,1
181X4BP4GU,114.194,30.6251,526117,0,0,0,14-3-29 2:16:46,1
181X4BP4GU,114.194,30.6251,526117,0,0,0,14-3-29 2:18:46,1
181X4BP4GU,114.194,30.6251,526117,0,0,0,14-3-29 2:20:46,1
181X4BP4GU,114.194,30.6251,526117,0,0,0,14-3-29 2:22:46,1
181X4BP4GU,114.194,30.6251,526117,0,0,0,14-3-29 2:24:46,1
181X4BP4GU,114.194,30.6251,526117,0,0,0,14-3-29 2:26:46,1
181X4BP4GU,114.194,30.6251,526117,0,0,0,14-3-29 2:28:46,1
181X4BP4GU,114.194,30.6252,526117,0,0,0,14-3-29 2:30:46,1
181X4BP4GU,114.194,30.6251,526117,0,0,0,14-3-29 2:32:46,1
181X4BP4GU,114.194,30.6252,526117,0,0,0,14-3-29 2:34:46,1
181X4BP4GU,114.194,30.6252,526117,0,0,0,14-3-29 2:36:46,1
181X4BP4GU,114.194,30.6252,526117,0,0,0,14-3-29 2:38:46,1
181X4BP4GU,114.194,30.6252,526117,0,0,0,14-3-29 2:40:46,1
181X4BP4GU,114.194,30.6252,526117,0,0,0,14-3-29 2:42:46,1
181X4BP4GU,114.194,30.6252,526117,0,0,0,14-3-29 2:44:46,1
181X4BP4GU,114.194,30.6251,526117,0,0,0,14-3-29 2:46:46,1
181X4BP4GU,114.194,30.6251,526117,0,0,0,14-3-29 2:48:46,1
181X4BP4GU,114.194,30.6252,526117,0,0,0,14-3-29 2:50:46,1
181X4BP4GU,114.194,30.6252,526117,0,0,0,14-3-29 2:52:46,1
181X4BP4GU,114.194,30.6252,526117,0,0,0,14-3-29 2:54:46,1
181X4BP4GU,114.194,30.6252,526117,0,0,0,14-3-29 2:56:46,1
181X4BP4GU,114.194,30.6252,526117,0,0,0,14-3-29 2:58:46,1
181X4BP4GU,114.194,30.6252,526117,0,0,0,14-3-29 3:0:46,1
181X4BP4GU,114.194,30.6252,526117,0,0,0,14-3-29 3:2:46,1
181X4BP4GU,114.194,30.6252,526117,0,0,0,14-3-29 3:4:46,1
181X4BP4GU,114.194,30.6251,526117,0,0,0,14-3-29 3:6:46,1
181X4BP4GU,114.194,30.6251,526117,0,0,0,14-3-29 3:8:46,1
181X4BP4GU,114.194,30.6252,526117,0,0,0,14-3-29 3:10:46,1
181X4BP4GU,114.194,30.6252,526117,0,0,0,14-3-29 3:12:46,1
181X4BP4GU,114.194,30.6253,526117,0,0,0,14-3-29 3:14:46,1
181X4BP4GU,114.194,30.6252,526117,0,0,0,14-3-29 3:16:46,1
181X4BP4GU,114.194,30.6251,526117,0,0,0,14-3-29 3:18:46,1
181X4BP4GU,114.194,30.6252,526117,0,0,0,14-3-29 3:20:46,1
181X4BP4GU,114.194,30.6252,526117,0,0,0,14-3-29 3:22:46,1
181X4BP4GU,114.194,30.6253,526117,0,0,0,14-3-29 3:24:46,1
181X4BP4GU,114.194,30.6253,526117,0,0,0,14-3-29 3:26:46,1
181X4BP4GU,114.194,30.6252,526117,0,0,0,14-3-29 3:28:46,1
181X4BP4GU,114.194,30.6252,526117,0,0,0,14-3-29 3:30:46,1
181X4BP4GU,114.194,30.6253,526117,0,0,0,14-3-29 3:32:46,1
181X4BP4GU,114.194,30.6252,526117,0,0,0,14-3-29 3:34:46,1
181X4BP4GU,114.194,30.6253,526117,0,0,0,14-3-29 3:36:46,1
181X4BP4GU,114.194,30.6252,526117,0,0,0,14-3-29 3:38:46,1
181X4BP4GU,114.194,30.6252,526117,0,0,0,14-3-29 3:40:46,1
181X4BP4GU,114.194,30.6252,526117,0,0,0,14-3-29 3:42:46,1
181X4BP4GU,114.194,30.6252,526117,0,0,0,14-3-29 3:44:46,1
181X4BP4GU,114.194,30.6252,526117,0,0,0,14-3-29 3:46:46,1
181X4BP4GU,114.194,30.6252,526117,0,0,0,14-3-29 3:48:46,1
181X4BP4GU,114.194,30.6252,526117,0,0,0,14-3-29 3:50:46,1
181X4BP4GU,114.194,30.6252,526117,0,0,0,14-3-29 3:52:46,1
181X4BP4GU,114.194,30.6252,526117,0,0,0,14-3-29 3:54:46,1
181X4BP4GU,114.194,30.6252,526117,0,0,0,14-3-29 3:56:46,1
181X4BP4GU,114.194,30.6252,526117,0,0,0,14-3-29 3:58:46,1
181X4BP4GU,114.194,30.6252,526117,0,0,0,14-3-29 4:0:46,1
181X4BP4GU,114.194,30.6251,526117,0,0,0,14-3-29 4:2:46,1
181X4BP4GU,114.194,30.6252,526117,0,0,0,14-3-29 4:4:46,1
181X4BP4GU,114.194,30.6251,526117,0,0,0,14-3-29 4:6:46,1
181X4BP4GU,114.194,30.6252,526117,0,0,0,14-3-29 4:8:46,1
181X4BP4GU,114.194,30.6252,526117,0,0,0,14-3-29 4:10:46,1
181X4BP4GU,114.194,30.6251,526117,0,0,0,14-3-29 4:12:46,1
181X4BP4GU,114.194,30.6251,526117,0,0,0,14-3-29 4:14:46,1
181X4BP4GU,114.194,30.6252,526117,0,0,0,14-3-29 4:16:46,1
181X4BP4GU,114.194,30.6252,526117,0,0,0,14-3-29 4:18:46,1
181X4BP4GU,114.194,30.6251,526117,0,0,0,14-3-29 4:20:46,1
181X4BP4GU,114.194,30.6251,526117,0,0,0,14-3-29 4:22:46,1
181X4BP4GU,114.194,30.6252,526117,0,0,0,14-3-29 4:24:46,1
181X4BP4GU,114.194,30.6252,526117,0,0,0,14-3-29 4:26:46,1
181X4BP4GU,114.194,30.6253,526117,0,0,0,14-3-29 4:28:46,1
181X4BP4GU,114.194,30.6251,526117,0,0,0,14-3-29 4:30:46,1
181X4BP4GU,114.194,30.6252,526117,0,0,0,14-3-29 4:32:46,1
181X4BP4GU,114.194,30.6252,526117,0,0,0,14-3-29 4:34:46,1
181X4BP4GU,114.194,30.6251,526117,0,0,0,14-3-29 4:36:46,1
181X4BP4GU,114.194,30.625,526117,0,0,0,14-3-29 4:38:46,1
181X4BP4GU,114.194,30.6251,526117,0,0,0,14-3-29 4:40:46,1
181X4BP4GU,114.194,30.6251,526117,0,0,0,14-3-29 4:42:46,1
181X4BP4GU,114.194,30.6253,526117,0,0,0,14-3-29 4:44:46,1
181X4BP4GU,114.194,30.6252,526117,0,0,0,14-3-29 4:46:46,1
181X4BP4GU,114.194,30.6252,526117,0,0,0,14-3-29 4:48:46,1
181X4BP4GU,114.194,30.6252,526117,0,0,0,14-3-29 4:50:46,1
181X4BP4GU,114.194,30.6252,526117,0,0,0,14-3-29 4:52:46,1
181X4BP4GU,114.194,30.6252,526117,0,0,0,14-3-29 4:54:46,1
181X4BP4GU,114.194,30.6252,526117,0,0,0,14-3-29 4:56:46,1
181X4BP4GU,114.194,30.6252,526117,0,0,0,14-3-29 4:58:46,1
181X4BP4GU,114.194,30.6252,526117,0,0,0,14-3-29 5:0:46,1
181X4BP4GU,114.194,30.6252,526117,0,0,0,14-3-29 5:2:46,1
181X4BP4GU,114.194,30.6252,526117,0,0,0,14-3-29 5:4:46,1
181X4BP4GU,114.194,30.6252,526117,0,0,0,14-3-29 5:6:46,1
181X4BP4GU,114.194,30.6252,526117,0,0,0,14-3-29 5:8:46,1
181X4BP4GU,114.194,30.6252,526117,0,0,0,14-3-29 5:10:46,1
181X4BP4GU,114.194,30.6252,526117,0,0,0,14-3-29 5:12:46,1
181X4BP4GU,114.194,30.6252,526117,0,0,0,14-3-29 5:14:46,1
181X4BP4GU,114.194,30.6252,526117,0,0,0,14-3-29 5:16:46,1
181X4BP4GU,114.194,30.6252,526117,0,0,0,14-3-29 5:18:46,1
181X4BP4GU,114.194,30.6252,526117,0,0,0,14-3-29 5:20:46,1
181X4BP4GU,114.194,30.6253,526117,0,0,0,14-3-29 5:22:46,1
181X4BP4GU,114.194,30.6253,526117,0,0,0,14-3-29 5:24:46,1
181X4BP4GU,114.194,30.6252,526117,0,0,0,14-3-29 5:26:46,1
181X4BP4GU,114.194,30.6252,526117,0,0,0,14-3-29 5:28:46,1
181X4BP4GU,114.194,30.6252,526117,0,0,0,14-3-29 5:30:46,1
181X4BP4GU,114.194,30.6253,526117,0,0,0,14-3-29 5:32:46,1
181X4BP4GU,114.194,30.6251,526117,0,0,0,14-3-29 5:34:46,1
181X4BP4GU,114.194,30.6251,526117,0,0,0,14-3-29 5:36:46,1
181X4BP4GU,114.194,30.6251,526117,0,0,0,14-3-29 5:38:46,1
181X4BP4GU,114.194,30.6252,526117,0,0,0,14-3-29 5:40:46,1
181X4BP4GU,114.194,30.6251,526117,0,0,0,14-3-29 5:42:46,1
181X4BP4GU,114.194,30.6252,526117,0,0,0,14-3-29 5:44:46,1
181X4BP4GU,114.194,30.6252,526117,0,0,0,14-3-29 5:46:46,1
181X4BP4GU,114.194,30.6251,526117,0,0,0,14-3-29 5:48:46,1
181X4BP4GU,114.194,30.6251,526117,0,0,0,14-3-29 5:50:46,1
181X4BP4GU,114.194,30.6251,526117,0,0,0,14-3-29 5:52:46,1
181X4BP4GU,114.194,30.6251,526117,0,0,0,14-3-29 5:54:46,1
181X4BP4GU,114.194,30.6252,526117,0,0,0,14-3-29 5:56:46,1
181X4BP4GU,114.194,30.6252,526117,0,0,0,14-3-29 5:58:46,1
181X4BP4GU,114.194,30.6252,526117,0,0,0,14-3-29 6:0:46,1
181X4BP4GU,114.194,30.6252,526117,0,0,0,14-3-29 6:2:46,1
181X4BP4GU,114.194,30.6252,526117,0,0,0,14-3-29 6:4:46,1
181X4BP4GU,114.194,30.6252,526117,0,0,0,14-3-29 6:6:46,1
181X4BP4GU,114.194,30.6252,526117,0,0,0,14-3-29 6:8:46,1
181X4BP4GU,114.194,30.6252,526117,0,0,0,14-3-29 6:10:46,1
181X4BP4GU,114.194,30.6252,526117,0,0,0,14-3-29 6:12:46,1
181X4BP4GU,114.194,30.6252,526117,0,0,0,14-3-29 6:14:46,1
181X4BP4GU,114.194,30.6252,526117,0,0,0,14-3-29 6:16:46,1
181X4BP4GU,114.194,30.6251,526117,0,0,0,14-3-29 6:18:46,1
181X4BP4GU,114.194,30.6252,526117,0,0,0,14-3-29 6:20:46,1
181X4BP4GU,114.194,30.6252,526117,0,0,0,14-3-29 6:22:46,1
181X4BP4GU,114.194,30.6252,526117,0,0,0,14-3-29 6:24:46,1
181X4BP4GU,114.194,30.6252,526117,0,0,0,14-3-29 6:26:46,1
181X4BP4GU,114.194,30.6251,526117,0,0,0,14-3-29 6:28:46,1
181X4BP4GU,114.194,30.6252,526117,0,0,0,14-3-29 6:30:46,1
181X4BP4GU,114.194,30.6251,526117,0,0,0,14-3-29 6:32:46,1
181X4BP4GU,114.194,30.6252,526117,0,0,0,14-3-29 6:34:46,1
181X4BP4GU,114.194,30.6252,526117,0,0,0,14-3-29 6:36:46,1
181X4BP4GU,114.194,30.6252,526117,0,0,0,14-3-29 6:38:46,1
181X4BP4GU,114.194,30.6251,526117,0,0,0,14-3-29 6:40:46,1
181X4BP4GU,114.194,30.6252,526117,0,0,0,14-3-29 6:42:46,1
181X4BP4GU,114.194,30.6251,526117,0,0,0,14-3-29 6:44:46,1
181X4BP4GU,114.194,30.6252,526117,0,0,0,14-3-29 6:46:46,1
181X4BP4GU,114.194,30.6252,526117,0,0,0,14-3-29 6:48:46,1
181X4BP4GU,114.194,30.6252,526117,0,0,0,14-3-29 6:50:46,1
181X4BP4GU,114.194,30.6252,526117,0,0,0,14-3-29 6:52:46,1
181X4BP4GU,114.194,30.6251,526117,0,0,0,14-3-29 6:54:46,1
181X4BP4GU,114.194,30.6251,526117,0,0,0,14-3-29 6:56:46,1
181X4BP4GU,114.194,30.6252,526117,0,0,0,14-3-29 6:58:46,1
181X4BP4GU,114.194,30.6252,526117,0,0,0,14-3-29 7:0:46,1
181X4BP4GU,114.194,30.6252,526117,0,0,0,14-3-29 7:2:46,1
181X4BP4GU,114.194,30.6252,526117,0,0,0,14-3-29 7:4:46,1
181X4BP4GU,114.194,30.6252,526117,0,0,0,14-3-29 7:6:46,1
181X4BP4GU,114.194,30.6252,526117,0,0,0,14-3-29 7:8:46,1
181X4BP4GU,114.194,30.6252,526117,0,0,0,14-3-29 7:10:46,1
181X4BP4GU,114.194,30.6251,526117,0,0,0,14-3-29 7:12:46,1
181X4BP4GU,114.194,30.6252,526117,0,0,0,14-3-29 7:14:46,1
181X4BP4GU,114.194,30.6252,526117,0,0,0,14-3-29 7:16:46,1
181X4BP4GU,114.194,30.6253,526117,0,0,0,14-3-29 7:18:46,1
181X4BP4GU,114.194,30.6253,526117,0,0,0,14-3-29 7:20:46,1
181X4BP4GU,114.194,30.6253,526117,0,0,0,14-3-29 7:22:46,1
181X4BP4GU,114.194,30.6251,526117,0,0,0,14-3-29 7:24:46,1
181X4BP4GU,114.194,30.6251,526117,0,0,0,14-3-29 7:26:46,1
181X4BP4GU,114.194,30.6251,526117,0,0,0,14-3-29 7:28:46,1
181X4BP4GU,114.194,30.6251,526117,0,0,0,14-3-29 7:30:46,1
181X4BP4GU,114.194,30.6251,526117,0,0,0,14-3-29 7:32:46,1
181X4BP4GU,114.194,30.6251,526117,0,0,0,14-3-29 7:34:46,1
181X4BP4GU,114.194,30.6253,526117,0,0,0,14-3-29 7:36:46,1
181X4BP4GU,114.194,30.6252,526117,0,0,0,14-3-29 7:38:46,1
181X4BP4GU,114.194,30.6252,526117,0,0,0,14-3-29 7:40:46,1
181X4BP4GU,114.194,30.6252,526117,0,0,0,14-3-29 7:42:46,1
181X4BP4GU,114.194,30.6252,526117,0,0,0,14-3-29 7:44:46,1
181X4BP4GU,114.194,30.6252,526117,0,0,0,14-3-29 7:46:46,1
181X4BP4GU,114.194,30.6252,526117,0,0,0,14-3-29 7:48:46,1
181X4BP4GU,114.194,30.6252,526117,0,0,0,14-3-29 7:50:46,1
181X4BP4GU,114.194,30.6252,526117,0,0,0,14-3-29 7:52:46,1
181X4BP4GU,114.194,30.6252,526117,0,0,0,14-3-29 7:54:46,1
181X4BP4GU,114.194,30.6253,526117,0,0,0,14-3-29 7:56:46,1
181X4BP4GU,114.194,30.6252,526117,0,0,0,14-3-29 7:58:46,1
181X4BP4GU,114.194,30.6252,526117,0,0,0,14-3-29 8:0:46,1
181X4BP4GU,114.194,30.6251,526117,0,0,0,14-3-29 8:2:46,1
181X4BP4GU,114.194,30.6251,526117,0,0,0,14-3-29 8:4:46,1
181X4BP4GU,114.194,30.6252,526117,0,0,0,14-3-29 8:6:46,1
181X4BP4GU,114.194,30.6252,526117,0,0,0,14-3-29 8:8:46,1
181X4BP4GU,114.194,30.6252,526117,0,0,0,14-3-29 8:10:46,1
181X4BP4GU,114.194,30.6252,526117,0,0,0,14-3-29 8:12:46,1
181X4BP4GU,114.194,30.6251,526117,0,0,0,14-3-29 8:14:46,1
181X4BP4GU,114.194,30.6252,526117,0,0,0,14-3-29 8:16:46,1
181X4BP4GU,114.194,30.6252,526117,0,0,0,14-3-29 8:18:46,1
181X4BP4GU,114.194,30.6252,526117,0,0,0,14-3-29 8:20:46,1
181X4BP4GU,114.194,30.6252,526117,0,0,0,14-3-29 8:22:46,1
181X4BP4GU,114.194,30.6252,526117,0,0,0,14-3-29 8:24:46,1
181X4BP4GU,114.194,30.6252,526117,0,0,0,14-3-29 8:26:46,1
181X4BP4GU,114.194,30.6252,526117,0,0,0,14-3-29 8:28:46,1
181X4BP4GU,114.194,30.6252,526117,0,0,0,14-3-29 8:30:46,1
181X4BP4GU,114.194,30.6251,526117,0,0,0,14-3-29 8:32:46,1
181X4BP4GU,114.194,30.6252,526117,0,0,0,14-3-29 8:34:46,1
181X4BP4GU,114.194,30.6252,526117,0,0,0,14-3-29 8:36:46,1
181X4BP4GU,114.194,30.6253,526117,0,0,0,14-3-29 8:38:46,1
181X4BP4GU,114.194,30.6253,526117,0,0,0,14-3-29 8:40:46,1
181X4BP4GU,114.194,30.6252,526117,0,0,0,14-3-29 8:42:46,1
181X4BP4GU,114.194,30.6252,526117,0,0,0,14-3-29 8:44:46,1
181X4BP4GU,114.194,30.6253,526117,0,0,0,14-3-29 8:46:46,1
181X4BP4GU,114.194,30.6253,526117,0,0,0,14-3-29 8:48:46,1
181X4BP4GU,114.194,30.6251,526117,0,0,0,14-3-29 8:50:46,1
181X4BP4GU,114.194,30.6252,526117,0,0,0,14-3-29 8:52:46,1
181X4BP4GU,114.194,30.6252,526117,0,0,0,14-3-29 8:54:46,1
181X4BP4GU,114.194,30.6252,526117,0,0,0,14-3-29 8:56:46,1
181X4BP4GU,114.194,30.6253,526117,0,0,0,14-3-29 8:58:46,1
181X4BP4GU,114.194,30.6252,526117,0,0,0,14-3-29 9:0:46,1
181X4BP4GU,114.194,30.6252,526117,0,0,0,14-3-29 9:2:46,1
181X4BP4GU,114.194,30.6252,526117,0,0,0,14-3-29 9:4:46,1
181X4BP4GU,114.194,30.6252,526117,0,0,0,14-3-29 9:6:46,1
181X4BP4GU,114.194,30.6252,526117,0,0,0,14-3-29 9:8:46,1
181X4BP4GU,114.194,30.6252,526117,0,0,0,14-3-29 9:10:46,1
181X4BP4GU,114.194,30.6253,526117,0,0,0,14-3-29 9:12:46,1
181X4BP4GU,114.194,30.6252,526117,0,0,0,14-3-29 9:14:46,1
181X4BP4GU,114.194,30.6252,526117,0,0,0,14-3-29 9:16:46,1
181X4BP4GU,114.194,30.6252,526117,0,0,0,14-3-29 9:18:46,1
181X4BP4GU,114.194,30.6252,526117,0,0,0,14-3-29 9:20:46,1
181X4BP4GU,114.194,30.6252,526117,0,0,0,14-3-29 9:22:46,1
181X4BP4GU,114.194,30.6253,526117,0,0,0,14-3-29 9:24:46,1
181X4BP4GU,114.194,30.6252,526117,0,0,0,14-3-29 9:26:46,1
181X4BP4GU,114.194,30.6252,526117,0,0,0,14-3-29 9:28:46,1
181X4BP4GU,114.194,30.6252,526117,0,0,0,14-3-29 9:30:46,1
181X4BP4GU,114.194,30.6252,526117,0,0,0,14-3-29 9:32:46,1
181X4BP4GU,114.194,30.6252,526117,0,0,0,14-3-29 9:34:46,1
181X4BP4GU,114.194,30.6253,526117,0,0,0,14-3-29 9:36:46,1
181X4BP4GU,114.194,30.6253,526117,0,0,0,14-3-29 9:38:46,1
181X4BP4GU,114.194,30.6253,526117,0,0,0,14-3-29 9:40:46,1
181X4BP4GU,114.194,30.6253,526117,0,0,0,14-3-29 9:42:46,1
181X4BP4GU,114.194,30.6253,526117,0,0,0,14-3-29 9:44:46,1
181X4BP4GU,114.194,30.6253,526117,0,0,0,14-3-29 9:46:46,1
181X4BP4GU,114.194,30.6253,526117,0,0,0,14-3-29 9:48:46,1
181X4BP4GU,114.194,30.6252,526117,0,0,0,14-3-29 9:50:46,1
181X4BP4GU,114.194,30.6252,526117,0,0,0,14-3-29 9:52:46,1
181X4BP4GU,114.194,30.6252,526117,0,0,0,14-3-29 9:54:46,1
181X4BP4GU,114.194,30.6252,526117,0,0,0,14-3-29 9:56:46,1
181X4BP4GU,114.194,30.6252,526117,0,0,0,14-3-29 9:58:46,1
181X4BP4GU,114.194,30.6252,526117,0,0,0,14-3-29 10:0:46,1
181X4BP4GU,114.194,30.6252,526117,0,0,0,14-3-29 10:2:46,1
181X4BP4GU,114.194,30.6252,526117,0,0,0,14-3-29 10:4:46,1
181X4BP4GU,114.194,30.6252,526117,0,0,0,14-3-29 10:6:46,1
181X4BP4GU,114.194,30.6253,526117,0,0,0,14-3-29 10:8:46,1
181X4BP4GU,114.194,30.6253,526117,0,0,0,14-3-29 10:10:46,1
181X4BP4GU,114.194,30.6252,526117,0,0,0,14-3-29 10:12:46,1
181X4BP4GU,114.194,30.6252,526117,0,0,0,14-3-29 10:14:46,1
181X4BP4GU,114.194,30.6253,526117,0,0,0,14-3-29 10:16:46,1
181X4BP4GU,114.194,30.6252,526117,0,0,0,14-3-29 10:18:46,1
181X4BP4GU,114.194,30.6253,526117,0,0,0,14-3-29 10:20:46,1
181X4BP4GU,114.194,30.6252,526117,0,0,0,14-3-29 10:22:46,1
181X4BP4GU,114.194,30.6253,526117,0,0,0,14-3-29 10:24:46,1
181X4BP4GU,114.194,30.6252,526117,0,0,0,14-3-29 10:26:46,1
181X4BP4GU,114.194,30.6252,526117,0,0,0,14-3-29 10:28:46,1
181X4BP4GU,114.194,30.6252,526117,0,0,0,14-3-29 10:30:46,1
181X4BP4GU,114.194,30.6253,526117,0,0,0,14-3-29 10:32:46,1
181X4BP4GU,114.194,30.6252,526117,0,0,0,14-3-29 10:34:46,1
181X4BP4GU,114.194,30.6252,526117,0,0,0,14-3-29 10:36:46,1
181X4BP4GU,114.194,30.6252,526117,0,0,0,14-3-29 10:38:46,1
181X4BP4GU,114.194,30.6252,526117,0,0,0,14-3-29 10:40:46,1
181X4BP4GU,114.194,30.6252,526117,0,0,0,14-3-29 10:42:46,1
181X4BP4GU,114.194,30.6252,526117,0,0,0,14-3-29 10:44:46,1
181X4BP4GU,114.194,30.6252,526117,0,0,0,14-3-29 10:46:46,1
181X4BP4GU,114.194,30.6252,526117,0,0,0,14-3-29 10:48:46,1
181X4BP4GU,114.194,30.6252,526117,0,0,0,14-3-29 10:50:46,1
181X4BP4GU,114.194,30.6252,526117,0,0,0,14-3-29 10:52:46,1
181X4BP4GU,114.194,30.6252,526117,0,0,0,14-3-29 10:54:46,1
181X4BP4GU,114.194,30.6252,526117,0,0,0,14-3-29 10:56:46,1
181X4BP4GU,114.194,30.6252,526117,0,0,0,14-3-29 10:58:46,1
181X4BP4GU,114.194,30.6252,526117,0,0,0,14-3-29 11:0:46,1
181X4BP4GU,114.194,30.6252,526117,0,0,0,14-3-29 11:2:46,1
181X4BP4GU,114.194,30.6252,526117,0,0,0,14-3-29 11:4:46,1
181X4BP4GU,114.194,30.6252,526117,0,0,0,14-3-29 11:6:46,1
181X4BP4GU,114.194,30.6252,526117,0,0,0,14-3-29 11:8:46,1
181X4BP4GU,114.194,30.6252,526117,0,0,0,14-3-29 11:10:46,1
181X4BP4GU,114.194,30.6252,526117,0,0,0,14-3-29 11:12:46,1
181X4BP4GU,114.194,30.6252,526117,0,0,0,14-3-29 11:14:46,1
181X4BP4GU,114.194,30.6252,526117,0,0,0,14-3-29 11:16:46,1
181X4BP4GU,114.194,30.6252,526117,0,0,0,14-3-29 11:18:46,1
181X4BP4GU,114.194,30.6252,526117,0,0,0,14-3-29 11:20:46,1
181X4BP4GU,114.194,30.6252,526117,0,0,0,14-3-29 11:22:46,1
181X4BP4GU,114.194,30.6252,526117,0,0,0,14-3-29 11:24:46,1
181X4BP4GU,114.194,30.6252,526117,0,0,0,14-3-29 11:26:46,1
181X4BP4GU,114.194,30.6252,526117,0,0,0,14-3-29 11:28:46,1
181X4BP4GU,114.194,30.6253,526117,0,0,0,14-3-29 11:30:46,1
181X4BP4GU,114.194,30.6252,526117,0,0,0,14-3-29 11:32:46,1
181X4BP4GU,114.194,30.6253,526117,0,0,0,14-3-29 11:34:46,1
181X4BP4GU,114.194,30.6253,526117,0,0,0,14-3-29 11:36:46,1
181X4BP4GU,114.194,30.6253,526117,0,0,0,14-3-29 11:38:46,1
181X4BP4GU,114.194,30.6253,526117,0,0,0,14-3-29 11:40:46,1
181X4BP4GU,114.194,30.6253,526117,0,0,0,14-3-29 11:42:46,1
181X4BP4GU,114.194,30.6253,526117,0,0,0,14-3-29 11:44:46,1
181X4BP4GU,114.194,30.6254,526117,0,0,0,14-3-29 11:46:46,1
181X4BP4GU,114.194,30.6254,526117,0,0,0,14-3-29 11:48:46,1
181X4BP4GU,114.194,30.6253,526117,0,0,0,14-3-29 11:50:46,1
181X4BP4GU,114.194,30.6253,526117,0,0,0,14-3-29 11:52:46,1
181X4BP4GU,114.194,30.6253,526117,0,0,0,14-3-29 11:54:46,1
181X4BP4GU,114.194,30.6253,526117,0,0,0,14-3-29 11:56:46,1
181X4BP4GU,114.194,30.6253,526117,0,0,0,14-3-29 11:58:46,1
181X4BP4GU,114.194,30.6253,526117,0,0,0,14-3-29 12:0:46,1
181X4BP4GU,114.194,30.6253,526117,0,0,0,14-3-29 12:2:46,1
181X4BP4GU,114.194,30.6253,526117,0,0,0,14-3-29 12:4:46,1
181X4BP4GU,114.194,30.6253,526117,0,0,0,14-3-29 12:6:46,1
181X4BP4GU,114.194,30.6253,526117,0,0,0,14-3-29 12:8:46,1
181X4BP4GU,114.194,30.6253,526117,0,0,0,14-3-29 12:10:46,1
181X4BP4GU,114.194,30.6253,526117,0,0,0,14-3-29 12:12:46,1
181X4BP4GU,114.194,30.6252,526117,0,0,0,14-3-29 12:14:46,1
181X4BP4GU,114.194,30.6252,526117,0,0,0,14-3-29 12:16:46,1
181X4BP4GU,114.194,30.6252,526117,0,0,0,14-3-29 12:18:46,1
181X4BP4GU,114.194,30.6252,526117,0,0,0,14-3-29 12:20:46,1
181X4BP4GU,114.194,30.6252,526117,0,0,0,14-3-29 12:22:46,1
181X4BP4GU,114.194,30.6252,526117,0,0,0,14-3-29 12:24:46,1
181X4BP4GU,114.194,30.6252,526117,0,0,0,14-3-29 12:26:46,1
181X4BP4GU,114.194,30.6253,526117,0,0,0,14-3-29 12:28:46,1
181X4BP4GU,114.194,30.6253,526117,0,0,0,14-3-29 12:30:46,1
181X4BP4GU,114.194,30.6252,526117,0,0,0,14-3-29 12:32:46,1
181X4BP4GU,114.194,30.6252,526117,0,0,0,14-3-29 12:34:46,1
181X4BP4GU,114.194,30.6252,526117,0,0,0,14-3-29 12:36:46,1
181X4BP4GU,114.194,30.6252,526117,0,0,0,14-3-29 12:38:46,1
181X4BP4GU,114.194,30.6252,526117,0,0,0,14-3-29 12:40:46,1
181X4BP4GU,114.194,30.6253,526117,0,0,0,14-3-29 12:42:46,1
181X4BP4GU,114.194,30.6253,526117,0,0,0,14-3-29 12:44:46,1
181X4BP4GU,114.194,30.6252,526117,0,0,0,14-3-29 12:46:46,1
181X4BP4GU,114.194,30.6252,526117,0,0,0,14-3-29 12:48:46,1
181X4BP4GU,114.194,30.6251,526117,0,0,0,14-3-29 12:50:46,1
181X4BP4GU,114.194,30.6251,526117,0,0,0,14-3-29 12:52:46,1
181X4BP4GU,114.194,30.6251,526117,0,0,0,14-3-29 12:54:46,1
181X4BP4GU,114.194,30.6252,526117,0,0,0,14-3-29 12:56:46,1
181X4BP4GU,114.194,30.6252,526117,0,0,0,14-3-29 12:58:46,1
181X4BP4GU,114.194,30.6253,526117,0,0,0,14-3-29 13:0:46,1
181X4BP4GU,114.194,30.6253,526117,0,0,0,14-3-29 13:2:46,1
181X4BP4GU,114.194,30.6252,526117,0,0,0,14-3-29 13:4:46,1
181X4BP4GU,114.194,30.6253,526117,0,0,0,14-3-29 13:6:46,1
181X4BP4GU,114.194,30.6253,526117,0,0,0,14-3-29 13:8:46,1
181X4BP4GU,114.194,30.6253,526117,0,0,0,14-3-29 13:10:46,1
181X4BP4GU,114.194,30.6252,526117,0,0,0,14-3-29 13:12:46,1
181X4BP4GU,114.194,30.6253,526117,0,0,0,14-3-29 13:14:46,1
181X4BP4GU,114.194,30.6252,526117,0,0,0,14-3-29 13:16:46,1
181X4BP4GU,114.194,30.6253,526117,0,0,0,14-3-29 13:18:46,1
181X4BP4GU,114.194,30.6252,526117,0,0,0,14-3-29 13:20:46,1
181X4BP4GU,114.194,30.6252,526117,0,0,0,14-3-29 13:22:46,1
181X4BP4GU,114.194,30.6252,526117,0,0,0,14-3-29 13:26:46,1
181X4BP4GU,114.194,30.6252,526117,0,0,0,14-3-29 13:28:46,1
181X4BP4GU,114.194,30.6252,526117,0,0,0,14-3-29 13:30:46,1
181X4BP4GU,114.194,30.6252,526117,0,0,0,14-3-29 13:32:46,1
181X4BP4GU,114.194,30.6253,526117,0,0,0,14-3-29 13:34:46,1
181X4BP4GU,114.194,30.6253,526117,0,0,0,14-3-29 13:36:46,1
181X4BP4GU,114.194,30.6253,526117,0,0,0,14-3-29 13:38:46,1
181X4BP4GU,114.194,30.6253,526117,0,0,0,14-3-29 13:40:46,1
181X4BP4GU,114.194,30.6254,526117,0,0,0,14-3-29 13:42:46,1
181X4BP4GU,114.194,30.6253,526117,0,0,0,14-3-29 13:44:46,1
181X4BP4GU,114.194,30.6252,526117,0,0,0,14-3-29 13:46:46,1
181X4BP4GU,114.194,30.6252,526117,0,0,0,14-3-29 13:48:46,1
181X4BP4GU,114.194,30.6252,526117,0,0,0,14-3-29 13:50:46,1
181X4BP4GU,114.194,30.6253,526117,0,0,0,14-3-29 13:52:46,1
181X4BP4GU,114.194,30.6253,526117,0,0,0,14-3-29 13:54:46,1
181X4BP4GU,114.194,30.6252,526117,0,0,0,14-3-29 13:56:46,1
181X4BP4GU,114.194,30.6252,526117,0,0,0,14-3-29 13:58:46,1
181X4BP4GU,114.194,30.6252,526117,0,0,0,14-3-29 14:0:46,1
181X4BP4GU,114.194,30.6253,526117,0,0,0,14-3-29 14:2:46,1
181X4BP4GU,114.194,30.6253,526117,0,0,0,14-3-29 14:4:46,1
181X4BP4GU,114.194,30.6253,526117,0,0,0,14-3-29 14:6:46,1
181X4BP4GU,114.194,30.6253,526117,0,0,0,14-3-29 14:8:46,1
181X4BP4GU,114.194,30.6253,526117,0,0,0,14-3-29 14:10:46,1
181X4BP4GU,114.194,30.6253,526117,0,0,0,14-3-29 14:12:46,1
181X4BP4GU,114.194,30.6253,526117,0,0,0,14-3-29 14:14:46,1
181X4BP4GU,114.194,30.6253,526117,0,0,0,14-3-29 14:16:46,1
181X4BP4GU,114.194,30.6253,526117,0,0,0,14-3-29 14:18:46,1
181X4BP4GU,114.194,30.6254,526117,0,0,0,14-3-29 14:20:46,1
181X4BP4GU,114.194,30.6254,526117,0,0,0,14-3-29 14:22:46,1
181X4BP4GU,114.194,30.6253,526117,0,0,0,14-3-29 14:24:46,1
181X4BP4GU,114.194,30.6253,526117,0,0,0,14-3-29 14:26:46,1
181X4BP4GU,114.194,30.6253,526117,0,0,0,14-3-29 14:28:46,1
181X4BP4GU,114.194,30.6254,526117,0,0,0,14-3-29 14:30:46,1
181X4BP4GU,114.194,30.6254,526117,0,0,0,14-3-29 14:32:46,1
181X4BP4GU,114.194,30.6254,526117,0,0,0,14-3-29 14:34:46,1
181X4BP4GU,114.194,30.6255,526117,0,0,0,14-3-29 14:36:46,1
181X4BP4GU,114.194,30.6254,526117,0,0,0,14-3-29 14:38:46,1
181X4BP4GU,114.194,30.6254,526117,0,0,0,14-3-29 14:40:46,1
181X4BP4GU,114.194,30.6255,526117,0,0,0,14-3-29 14:42:46,1
181X4BP4GU,114.194,30.6254,526117,0,0,0,14-3-29 14:44:46,1
181X4BP4GU,114.194,30.6254,526117,0,0,0,14-3-29 14:46:46,1
181X4BP4GU,114.194,30.6254,526117,0,0,0,14-3-29 14:48:46,1
181X4BP4GU,114.194,30.6254,526117,0,0,0,14-3-29 14:50:46,1
181X4BP4GU,114.194,30.6254,526117,0,0,0,14-3-29 14:52:46,1
181X4BP4GU,114.194,30.6253,526117,0,0,0,14-3-29 14:54:46,1
181X4BP4GU,114.194,30.6254,526117,0,0,0,14-3-29 14:56:46,1
181X4BP4GU,114.194,30.6254,526117,0,0,0,14-3-29 14:58:46,1
181X4BP4GU,114.194,30.6254,526117,0,0,0,14-3-29 15:0:46,1
181X4BP4GU,114.194,30.6254,526117,0,0,0,14-3-29 15:2:46,1
181X4BP4GU,114.194,30.6254,526117,0,0,0,14-3-29 15:4:46,1
181X4BP4GU,114.194,30.6254,526117,0,0,0,14-3-29 15:6:46,1
181X4BP4GU,114.194,30.6254,526117,0,0,0,14-3-29 15:8:46,1
181X4BP4GU,114.194,30.6253,526117,0,0,0,14-3-29 15:12:46,1
181X4BP4GU,114.194,30.6254,526117,0,0,0,14-3-29 15:14:46,1
181X4BP4GU,114.194,30.6254,526117,0,0,0,14-3-29 15:16:46,1
181X4BP4GU,114.194,30.6253,526117,0,0,0,14-3-29 15:18:46,1
181X4BP4GU,114.194,30.6252,526117,0,0,0,14-3-29 15:20:46,1
181X4BP4GU,114.194,30.6252,526117,0,0,0,14-3-29 15:22:46,1
181X4BP4GU,114.194,30.6252,526117,0,0,0,14-3-29 15:24:46,1
181X4BP4GU,114.194,30.6253,526117,0,0,0,14-3-29 15:26:46,1
181X4BP4GU,114.194,30.6253,526117,0,0,0,14-3-29 15:28:46,1
181X4BP4GU,114.194,30.6253,526117,0,0,0,14-3-29 15:30:46,1
181X4BP4GU,114.194,30.6252,526117,0,0,0,14-3-29 15:32:46,1
181X4BP4GU,114.194,30.6252,526117,0,0,0,14-3-29 15:34:46,1
181X4BP4GU,114.194,30.6252,526117,0,0,0,14-3-29 15:36:46,1
181X4BP4GU,114.194,30.6252,526117,0,0,0,14-3-29 15:38:46,1
181X4BP4GU,114.194,30.6252,526117,0,0,0,14-3-29 15:40:46,1
181X4BP4GU,114.194,30.6252,526117,0,0,0,14-3-29 15:42:46,1
181X4BP4GU,114.194,30.6252,526117,0,0,0,14-3-29 15:44:46,1
181X4BP4GU,114.194,30.6252,526117,0,0,0,14-3-29 15:46:46,1
181X4BP4GU,114.194,30.6252,526117,0,0,0,14-3-29 15:48:46,1
181X4BP4GU,114.194,30.6252,526117,0,0,0,14-3-29 15:50:46,1
181X4BP4GU,114.194,30.6252,526117,0,0,0,14-3-29 15:52:46,1
181X4BP4GU,114.194,30.6252,526117,0,0,0,14-3-29 15:54:46,1
181X4BP4GU,114.194,30.6252,526117,0,0,0,14-3-29 15:56:46,1
181X4BP4GU,114.194,30.6253,526117,0,0,0,14-3-29 15:58:46,1
181X4BP4GU,114.194,30.6253,526117,0,0,0,14-3-29 16:0:46,1
181X4BP4GU,114.194,30.6253,526117,0,0,0,14-3-29 16:2:46,1
181X4BP4GU,114.194,30.6253,526117,0,0,0,14-3-29 16:4:46,1
181X4BP4GU,114.194,30.6253,526117,0,0,0,14-3-29 16:6:46,1
181X4BP4GU,114.194,30.6252,526117,0,0,0,14-3-29 16:8:46,1
181X4BP4GU,114.194,30.6253,526117,0,0,0,14-3-29 16:10:46,1
181X4BP4GU,114.194,30.6253,526117,0,0,0,14-3-29 16:12:46,1
181X4BP4GU,114.194,30.6253,526117,0,0,0,14-3-29 16:14:46,1
181X4BP4GU,114.194,30.6253,526117,0,0,0,14-3-29 16:16:46,1
181X4BP4GU,114.194,30.6253,526117,0,0,0,14-3-29 16:18:46,1
181X4BP4GU,114.194,30.6252,526117,0,0,0,14-3-29 16:20:46,1
181X4BP4GU,114.194,30.6253,526117,0,0,0,14-3-29 16:22:46,1
181X4BP4GU,114.194,30.6253,526117,0,0,0,14-3-29 16:24:46,1
181X4BP4GU,114.194,30.6253,526117,0,0,0,14-3-29 16:26:46,1
181X4BP4GU,114.194,30.6253,526117,0,0,0,14-3-29 16:28:46,1
181X4BP4GU,114.194,30.6254,526117,0,0,0,14-3-29 16:30:46,1
181X4BP4GU,114.194,30.6253,526117,0,0,0,14-3-29 16:32:46,1
181X4BP4GU,114.194,30.6253,526117,0,0,0,14-3-29 16:34:46,1
181X4BP4GU,114.194,30.6253,526117,0,0,0,14-3-29 16:36:46,1
181X4BP4GU,114.194,30.6254,526117,0,0,0,14-3-29 16:38:46,1
181X4BP4GU,114.194,30.6253,526117,0,0,0,14-3-29 16:40:46,1
181X4BP4GU,114.194,30.6253,526117,0,0,0,14-3-29 16:42:46,1
181X4BP4GU,114.194,30.6253,526117,0,0,0,14-3-29 16:44:46,1
181X4BP4GU,114.194,30.6254,526117,0,0,0,14-3-29 16:46:46,1
181X4BP4GU,114.194,30.6254,526117,0,0,0,14-3-29 16:48:46,1
181X4BP4GU,114.194,30.6253,526117,0,0,0,14-3-29 16:50:46,1
181X4BP4GU,114.194,30.6254,526117,0,0,0,14-3-29 16:52:46,1
181X4BP4GU,114.194,30.6254,526117,0,0,0,14-3-29 16:54:46,1
181X4BP4GU,114.194,30.6253,526117,0,0,0,14-3-29 16:56:46,1
181X4BP4GU,114.194,30.6253,526117,0,0,0,14-3-29 16:58:46,1
181X4BP4GU,114.194,30.6253,526117,0,0,0,14-3-29 17:0:46,1
181X4BP4GU,114.194,30.6254,526117,0,0,0,14-3-29 17:2:46,1
181X4BP4GU,114.194,30.6253,526117,0,0,0,14-3-29 17:4:46,1
181X4BP4GU,114.194,30.6253,526117,0,0,0,14-3-29 17:6:46,1
181X4BP4GU,114.194,30.6253,526117,0,0,0,14-3-29 17:10:46,1
181X4BP4GU,114.194,30.6253,526117,0,0,0,14-3-29 17:12:46,1
181X4BP4GU,114.194,30.6252,526117,0,0,0,14-3-29 17:14:46,1
181X4BP4GU,114.194,30.6252,526117,0,0,0,14-3-29 17:16:46,1
181X4BP4GU,114.194,30.6253,526117,0,0,0,14-3-29 17:18:46,1
181X4BP4GU,114.194,30.6252,526117,0,0,0,14-3-29 17:20:46,1
181X4BP4GU,114.194,30.6253,526117,0,31,0,14-3-29 17:22:46,1
181X4BP4GU,114.194,30.6252,526117,0,0,0,14-3-29 17:24:46,1
181X4BP4GU,114.194,30.6252,526117,0,0,0,14-3-29 17:26:46,1
181X4BP4GU,114.194,30.6252,526117,0,0,0,14-3-29 17:30:46,1
181X4BP4GU,114.194,30.6252,526117,0,0,0,14-3-29 17:32:46,1
181X4BP4GU,114.194,30.6252,526117,0,0,0,14-3-29 17:34:46,1
181X4BP4GU,114.194,30.6253,526117,0,0,0,14-3-29 17:36:46,1
181X4BP4GU,114.194,30.6252,526117,0,0,0,14-3-29 17:38:46,1
181X4BP4GU,114.194,30.6252,526117,0,0,0,14-3-29 17:40:46,1
181X4BP4GU,114.194,30.6252,526117,0,0,0,14-3-29 17:42:46,1
181X4BP4GU,114.194,30.6252,526117,0,0,0,14-3-29 17:44:46,1
181X4BP4GU,114.194,30.6252,526117,0,0,0,14-3-29 17:46:46,1
181X4BP4GU,114.194,30.6252,526117,0,0,0,14-3-29 17:48:46,1
181X4BP4GU,114.194,30.6252,526117,0,0,0,14-3-29 17:50:46,1
181X4BP4GU,114.194,30.6252,526117,0,0,0,14-3-29 17:52:46,1
181X4BP4GU,114.194,30.6252,526117,0,0,0,14-3-29 17:54:46,1
181X4BP4GU,114.194,30.6252,526117,0,0,0,14-3-29 17:56:46,1
181X4BP4GU,114.194,30.6252,526117,0,0,0,14-3-29 17:58:46,1
181X4BP4GU,114.194,30.6252,526117,0,0,0,14-3-29 18:0:46,1
181X4BP4GU,114.194,30.6252,526117,0,0,0,14-3-29 18:2:46,1
181X4BP4GU,114.194,30.6252,526117,0,0,0,14-3-29 18:4:46,1
181X4BP4GU,114.194,30.6252,526117,0,0,0,14-3-29 18:6:46,1
181X4BP4GU,114.194,30.6252,526117,0,0,0,14-3-29 18:8:46,1
181X4BP4GU,114.194,30.6252,526117,0,0,0,14-3-29 18:10:46,1
181X4BP4GU,114.194,30.6252,526117,0,0,0,14-3-29 18:12:46,1
181X4BP4GU,114.194,30.6252,526117,0,0,0,14-3-29 18:14:46,1
181X4BP4GU,114.194,30.6252,526117,0,0,0,14-3-29 18:16:46,1
181X4BP4GU,114.194,30.6252,526117,0,0,0,14-3-29 18:18:46,1
181X4BP4GU,114.194,30.6252,526117,0,0,0,14-3-29 18:20:46,1
181X4BP4GU,114.194,30.6252,526117,0,0,0,14-3-29 18:22:46,1
181X4BP4GU,114.194,30.6252,526117,0,0,0,14-3-29 18:24:46,1
181X4BP4GU,114.194,30.6252,526117,0,0,0,14-3-29 18:26:46,1
181X4BP4GU,114.194,30.6252,526117,0,0,0,14-3-29 18:28:46,1
181X4BP4GU,114.194,30.6252,526117,0,0,0,14-3-29 18:30:46,1
181X4BP4GU,114.194,30.6252,526117,0,0,0,14-3-29 18:32:46,1
181X4BP4GU,114.194,30.6252,526117,0,0,0,14-3-29 18:34:46,1
181X4BP4GU,114.194,30.6252,526117,0,0,0,14-3-29 18:36:46,1
181X4BP4GU,114.194,30.6252,526117,0,0,0,14-3-29 18:38:46,1
181X4BP4GU,114.194,30.6252,526117,0,0,0,14-3-29 18:40:46,1
181X4BP4GU,114.194,30.6252,526117,0,0,0,14-3-29 18:42:46,1
181X4BP4GU,114.194,30.6252,526117,0,0,0,14-3-29 18:44:46,1
181X4BP4GU,114.194,30.6252,526117,0,0,0,14-3-29 18:46:46,1
181X4BP4GU,114.194,30.6252,526117,0,0,0,14-3-29 18:48:46,1
181X4BP4GU,114.194,30.6252,526117,0,0,0,14-3-29 18:50:46,1
181X4BP4GU,114.194,30.6252,526117,0,0,0,14-3-29 18:52:46,1
181X4BP4GU,114.194,30.6252,526117,0,0,0,14-3-29 18:54:46,1
181X4BP4GU,114.194,30.6252,526117,0,0,0,14-3-29 18:56:46,1
181X4BP4GU,114.194,30.6253,526117,0,0,0,14-3-29 18:58:46,1
181X4BP4GU,114.194,30.6253,526117,0,0,0,14-3-29 19:0:46,1
181X4BP4GU,114.194,30.6253,526117,0,0,0,14-3-29 19:2:46,1
181X4BP4GU,114.194,30.6253,526117,0,0,0,14-3-29 19:4:46,1
181X4BP4GU,114.194,30.6252,526117,0,0,0,14-3-29 19:6:46,1
181X4BP4GU,114.194,30.6252,526117,0,0,0,14-3-29 19:8:46,1
181X4BP4GU,114.194,30.6252,526117,0,0,0,14-3-29 19:10:46,1
181X4BP4GU,114.194,30.6251,526117,0,0,0,14-3-29 19:12:46,1
181X4BP4GU,114.194,30.6251,526117,0,0,0,14-3-29 19:14:46,1
181X4BP4GU,114.194,30.6252,526117,0,0,0,14-3-29 19:16:46,1
181X4BP4GU,114.194,30.6253,526117,0,0,0,14-3-29 19:18:46,1
181X4BP4GU,114.194,30.6253,526117,0,0,0,14-3-29 19:20:46,1
181X4BP4GU,114.194,30.6252,526117,0,0,0,14-3-29 19:22:46,1
181X4BP4GU,114.194,30.6252,526117,0,0,0,14-3-29 19:24:46,1
181X4BP4GU,114.194,30.6252,526117,0,0,0,14-3-29 19:26:46,1
181X4BP4GU,114.194,30.6252,526117,0,0,0,14-3-29 19:28:46,1
181X4BP4GU,114.194,30.6252,526117,0,0,0,14-3-29 19:30:46,1
181X4BP4GU,114.194,30.6252,526117,0,0,0,14-3-29 19:32:46,1
181X4BP4GU,114.194,30.6253,526117,0,0,0,14-3-29 19:34:46,1
181X4BP4GU,114.194,30.6252,526117,0,0,0,14-3-29 19:36:46,1
181X4BP4GU,114.194,30.6252,526117,0,0,0,14-3-29 19:38:46,1
181X4BP4GU,114.194,30.6252,526117,0,0,0,14-3-29 19:40:46,1
181X4BP4GU,114.194,30.6253,526117,0,0,0,14-3-29 19:42:46,1
181X4BP4GU,114.194,30.6253,526117,0,0,0,14-3-29 19:44:46,1
181X4BP4GU,114.194,30.6253,526117,0,0,0,14-3-29 19:46:46,1
181X4BP4GU,114.194,30.6253,526117,0,0,0,14-3-29 19:48:46,1
181X4BP4GU,114.194,30.6253,526117,0,0,0,14-3-29 19:50:46,1
181X4BP4GU,114.194,30.6253,526117,0,0,0,14-3-29 19:52:46,1
181X4BP4GU,114.194,30.6253,526117,0,0,0,14-3-29 19:54:46,1
181X4BP4GU,114.194,30.6253,526117,0,0,0,14-3-29 19:56:46,1
181X4BP4GU,114.194,30.6252,526117,0,0,0,14-3-29 19:58:46,1
181X4BP4GU,114.194,30.6252,526117,0,0,0,14-3-29 20:0:46,1
181X4BP4GU,114.194,30.6252,526117,0,0,0,14-3-29 20:2:46,1
181X4BP4GU,114.194,30.6252,526117,0,0,0,14-3-29 20:4:46,1
181X4BP4GU,114.194,30.6252,526117,0,0,0,14-3-29 20:6:46,1
181X4BP4GU,114.194,30.6252,526117,0,0,0,14-3-29 20:8:46,1
181X4BP4GU,114.194,30.6252,526117,0,0,0,14-3-29 20:10:46,1
181X4BP4GU,114.194,30.6252,526117,0,0,0,14-3-29 20:12:46,1
181X4BP4GU,114.194,30.6252,526117,0,0,0,14-3-29 20:14:46,1
181X4BP4GU,114.194,30.6252,526117,0,0,0,14-3-29 20:16:46,1
181X4BP4GU,114.194,30.6252,526117,0,0,0,14-3-29 20:18:46,1
181X4BP4GU,114.194,30.6252,526117,0,0,0,14-3-29 20:20:46,1
181X4BP4GU,114.194,30.6252,526117,0,0,0,14-3-29 20:22:46,1
181X4BP4GU,114.194,30.6252,526117,0,0,0,14-3-29 20:24:46,1
181X4BP4GU,114.194,30.6252,526117,0,0,0,14-3-29 20:26:46,1
181X4BP4GU,114.194,30.6252,526117,0,0,0,14-3-29 20:28:46,1
181X4BP4GU,114.194,30.6252,526117,0,0,0,14-3-29 20:30:46,1
181X4BP4GU,114.194,30.6252,526117,0,0,0,14-3-29 20:32:46,1
181X4BP4GU,114.194,30.6252,526117,0,0,0,14-3-29 20:34:46,1
181X4BP4GU,114.194,30.6252,526117,0,0,0,14-3-29 20:36:46,1
181X4BP4GU,114.194,30.6252,526117,0,0,0,14-3-29 20:38:46,1
181X4BP4GU,114.194,30.6252,526117,0,0,0,14-3-29 20:40:46,1
181X4BP4GU,114.194,30.6252,526117,0,0,0,14-3-29 20:42:46,1
181X4BP4GU,114.194,30.6252,526117,0,0,0,14-3-29 20:44:46,1
181X4BP4GU,114.194,30.6252,526117,0,0,0,14-3-29 20:46:46,1
181X4BP4GU,114.194,30.6252,526117,0,0,0,14-3-29 20:48:46,1
181X4BP4GU,114.194,30.6252,526117,0,0,0,14-3-29 20:50:46,1
181X4BP4GU,114.194,30.6251,526117,0,0,0,14-3-29 20:52:46,1
181X4BP4GU,114.194,30.6252,526117,0,0,0,14-3-29 20:54:46,1
181X4BP4GU,114.194,30.6252,526117,0,0,0,14-3-29 20:56:46,1
181X4BP4GU,114.194,30.6252,526117,0,0,0,14-3-29 20:58:46,1
181X4BP4GU,114.194,30.6252,526117,0,0,0,14-3-29 21:0:46,1
181X4BP4GU,114.194,30.6252,526117,0,0,0,14-3-29 21:2:46,1
181X4BP4GU,114.194,30.6252,526117,0,0,0,14-3-29 21:4:46,1
181X4BP4GU,114.194,30.6252,526117,0,0,0,14-3-29 21:6:46,1
181X4BP4GU,114.194,30.6252,526117,0,0,0,14-3-29 21:8:46,1
181X4BP4GU,114.194,30.6252,526117,0,0,0,14-3-29 21:10:46,1
181X4BP4GU,114.194,30.6252,526117,0,0,0,14-3-29 21:12:46,1
181X4BP4GU,114.194,30.6252,526117,0,0,0,14-3-29 21:14:46,1
181X4BP4GU,114.194,30.6252,526117,0,0,0,14-3-29 21:16:46,1
181X4BP4GU,114.194,30.6252,526117,0,0,0,14-3-29 21:18:46,1
181X4BP4GU,114.194,30.6252,526117,0,0,0,14-3-29 21:20:46,1
181X4BP4GU,114.194,30.6252,526117,0,0,0,14-3-29 21:22:46,1
181X4BP4GU,114.194,30.6252,526117,0,0,0,14-3-29 21:24:46,1
181X4BP4GU,114.194,30.6252,526117,0,0,0,14-3-29 21:26:46,1
181X4BP4GU,114.194,30.6252,526117,0,0,0,14-3-29 21:28:46,1
181X4BP4GU,114.194,30.6252,526117,0,0,0,14-3-29 21:30:46,1
181X4BP4GU,114.194,30.6252,526117,0,0,0,14-3-29 21:32:46,1
181X4BP4GU,114.194,30.6252,526117,0,0,0,14-3-29 21:34:46,1
181X4BP4GU,114.194,30.6252,526117,0,0,0,14-3-29 21:36:46,1
181X4BP4GU,114.194,30.6251,526117,0,0,0,14-3-29 21:38:46,1
181X4BP4GU,114.194,30.6251,526117,0,0,0,14-3-29 21:40:46,1
181X4BP4GU,114.194,30.6252,526117,0,0,0,14-3-29 21:42:46,1
181X4BP4GU,114.194,30.6252,526117,0,0,0,14-3-29 21:44:46,1
181X4BP4GU,114.194,30.6252,526117,0,0,0,14-3-29 21:46:46,1
181X4BP4GU,114.194,30.6252,526117,0,0,0,14-3-29 21:48:46,1
181X4BP4GU,114.194,30.6253,526117,0,0,0,14-3-29 21:50:46,1
181X4BP4GU,114.194,30.6252,526117,0,0,0,14-3-29 21:52:46,1
181X4BP4GU,114.194,30.6252,526117,0,0,0,14-3-29 21:54:46,1
181X4BP4GU,114.194,30.6253,526117,0,0,0,14-3-29 21:56:46,1
181X4BP4GU,114.194,30.6252,526117,0,0,0,14-3-29 21:58:46,1
181X4BP4GU,114.194,30.6252,526117,0,0,0,14-3-29 22:0:46,1
181X4BP4GU,114.194,30.6252,526117,0,0,0,14-3-29 22:2:46,1
181X4BP4GU,114.194,30.6252,526117,0,0,0,14-3-29 22:4:46,1
181X4BP4GU,114.194,30.6252,526117,0,0,0,14-3-29 22:6:46,1
181X4BP4GU,114.194,30.6252,526117,0,0,0,14-3-29 22:8:46,1
181X4BP4GU,114.194,30.6251,526117,0,0,0,14-3-29 22:10:46,1
181X4BP4GU,114.194,30.6252,526117,0,0,0,14-3-29 22:12:46,1
181X4BP4GU,114.194,30.6252,526117,0,0,0,14-3-29 22:14:46,1
181X4BP4GU,114.194,30.6252,526117,0,0,0,14-3-29 22:16:46,1
181X4BP4GU,114.194,30.6252,526117,0,0,0,14-3-29 22:18:46,1
181X4BP4GU,114.194,30.6252,526117,0,0,0,14-3-29 22:20:46,1
181X4BP4GU,114.194,30.6252,526117,0,0,0,14-3-29 22:22:46,1
181X4BP4GU,114.194,30.6252,526117,0,0,0,14-3-29 22:24:46,1
181X4BP4GU,114.194,30.6252,526117,0,0,0,14-3-29 22:26:46,1
181X4BP4GU,114.194,30.6251,526117,0,0,0,14-3-29 22:28:46,1
181X4BP4GU,114.194,30.6252,526117,0,0,0,14-3-29 22:30:46,1
181X4BP4GU,114.194,30.6252,526117,0,0,0,14-3-29 22:32:46,1
181X4BP4GU,114.194,30.6252,526117,0,0,0,14-3-29 22:34:46,1
181X4BP4GU,114.194,30.6252,526117,0,0,0,14-3-29 22:36:46,1
181X4BP4GU,114.194,30.6252,526117,0,0,0,14-3-29 22:38:46,1
181X4BP4GU,114.194,30.6252,526117,0,0,0,14-3-29 22:40:46,1
181X4BP4GU,114.194,30.6252,526117,0,0,0,14-3-29 22:42:46,1
181X4BP4GU,114.194,30.6252,526117,0,0,0,14-3-29 22:44:46,1
181X4BP4GU,114.194,30.6252,526117,0,0,0,14-3-29 22:46:46,1
181X4BP4GU,114.194,30.6252,526117,0,0,0,14-3-29 22:48:46,1
181X4BP4GU,114.194,30.6252,526117,0,0,0,14-3-29 22:50:0,1
181X4BP4GU,114.194,30.6252,526117,0,0,0,14-3-29 22:52:0,1
181X4BP4GU,114.194,30.6252,526117,0,0,0,14-3-29 22:53:0,1
181X4BP4GU,114.194,30.6252,526117,0,0,0,14-3-29 22:55:0,1
181X4BP4GU,114.194,30.6251,526117,0,0,0,14-3-29 22:57:0,1
181X4BP4GU,114.194,30.6248,526118,0,0,0,14-3-29 22:58:22,1
181X4BP4GU,114.194,30.6248,526118,0,0,0,14-3-29 22:59:25,1
181X4BP4GU,114.194,30.6248,526118,0,0,0,14-3-29 23:0:30,1
181X4BP4GU,114.194,30.6248,526118,0,0,0,14-3-29 23:2:30,1
181X4BP4GU,114.194,30.6248,526118,0,0,0,14-3-29 23:4:30,1
181X4BP4GU,114.194,30.6248,526118,0,0,0,14-3-29 23:6:30,1
181X4BP4GU,114.194,30.6248,526118,0,0,0,14-3-29 23:8:30,1
181X4BP4GU,114.194,30.6248,526118,0,0,0,14-3-29 23:10:30,1
181X4BP4GU,114.194,30.6248,526118,0,0,0,14-3-29 23:12:30,1
181X4BP4GU,114.194,30.6248,526118,0,0,0,14-3-29 23:14:30,1
181X4BP4GU,114.194,30.6248,526118,0,0,0,14-3-29 23:16:30,1
181X4BP4GU,114.194,30.6248,526118,0,0,0,14-3-29 23:18:30,1
181X4BP4GU,114.194,30.6248,526118,0,0,0,14-3-29 23:20:30,1
181X4BP4GU,114.194,30.6248,526118,0,0,0,14-3-29 23:22:30,1
181X4BP4GU,114.194,30.6248,526118,0,0,0,14-3-29 23:24:30,1
181X4BP4GU,114.194,30.6248,526118,0,0,0,14-3-29 23:26:30,1
181X4BP4GU,114.194,30.6248,526118,0,0,0,14-3-29 23:28:30,1
181X4BP4GU,114.194,30.6248,526118,0,0,0,14-3-29 23:30:30,1
181X4BP4GU,114.194,30.6248,526118,0,0,0,14-3-29 23:32:30,1
181X4BP4GU,114.194,30.6248,526118,0,0,0,14-3-29 23:34:30,1
181X4BP4GU,114.194,30.6248,526118,0,0,0,14-3-29 23:36:30,1
181X4BP4GU,114.194,30.6248,526118,0,0,0,14-3-29 23:38:30,1
181X4BP4GU,114.194,30.6248,526118,0,0,0,14-3-29 23:40:30,1
181X4BP4GU,114.194,30.6248,526118,0,0,0,14-3-29 23:42:30,1
181X4BP4GU,114.194,30.6248,526118,0,0,0,14-3-29 23:44:30,1
181X4BP4GU,114.194,30.6248,526118,0,0,0,14-3-29 23:46:30,1
181X4BP4GU,114.194,30.6248,526118,0,0,0,14-3-29 23:48:30,1
181X4BP4GU,114.194,30.6248,526118,0,0,0,14-3-29 23:50:30,1
181X4BP4GU,114.194,30.6248,526118,0,0,0,14-3-29 23:52:30,1
181X4BP4GU,114.194,30.6248,526118,0,0,0,14-3-29 23:54:30,1
181X4BP4GU,114.194,30.6248,526118,0,0,0,14-3-29 23:56:30,1
181X4BP4GU,114.194,30.6248,526118,0,0,0,14-3-29 23:58:30,1
