1I516BP4GU,114.075,22.6334,1718537,0,0,0,14-3-29 12:42:50,1
1I516BP4GU,114.075,22.6334,1718537,0,0,0,14-3-29 12:42:55,1
1I516BP4GU,114.075,22.6334,1718537,0,0,0,14-3-29 12:45:51,1
1I516BP4GU,114.075,22.6329,1718537,1,75,0,14-3-29 12:47:52,1
1I516BP4GU,114.075,22.6325,1718538,0,0,0,14-3-29 12:49:52,1
1I516BP4GU,114.075,22.6311,1718539,14,90,0,14-3-29 12:51:42,1
1I516BP4GU,114.075,22.6297,1718541,0,0,0,14-3-29 12:52:52,1
1I516BP4GU,114.075,22.6297,1718541,0,0,0,14-3-29 12:53:43,1
1I516BP4GU,114.076,22.6292,1718542,25,45,0,14-3-29 12:54:44,1
1I516BP4GU,114.077,22.6289,1718543,0,0,0,14-3-29 12:56:45,1
1I516BP4GU,114.077,22.6289,1718543,0,0,0,14-3-29 12:57:52,1
1I516BP4GU,114.077,22.6287,1718544,5,45,0,14-3-29 12:58:45,1
1I516BP4GU,114.077,22.6287,1718544,0,0,0,14-3-29 13:0:45,1
1I516BP4GU,114.077,22.6287,1718544,0,0,0,14-3-29 13:2:53,1
1I516BP4GU,114.078,22.6287,1718544,14,50,0,14-3-29 13:4:37,1
1I516BP4GU,114.08,22.6282,1718547,29,50,0,14-3-29 13:5:32,1
1I516BP4GU,114.082,22.6279,1718549,36,50,0,14-3-29 13:5:53,1
1I516BP4GU,114.085,22.6277,1718551,34,40,0,14-3-29 13:6:13,1
1I516BP4GU,114.087,22.6281,1718553,40,35,0,14-3-29 13:6:31,1
1I516BP4GU,114.088,22.628,1718556,40,15,0,14-3-29 13:6:49,1
1I516BP4GU,114.088,22.6297,1718558,44,160,0,14-3-29 13:7:6,1
1I516BP4GU,114.087,22.6312,1718560,29,170,0,14-3-29 13:7:24,1
1I516BP4GU,114.087,22.6322,1718561,5,175,0,14-3-29 13:7:54,1
1I516BP4GU,114.087,22.6332,1718562,25,5,0,14-3-29 13:8:13,1
1I516BP4GU,114.088,22.6343,1718564,0,35,0,14-3-29 13:8:38,0
1I516BP4GU,114.089,22.6332,1718568,36,130,0,14-3-29 13:9:2,1
1I516BP4GU,114.089,22.6347,1718570,46,175,0,14-3-29 13:9:20,1
1I516BP4GU,114.089,22.6366,1718572,51,0,0,14-3-29 13:9:36,1
1I516BP4GU,114.089,22.6386,1718574,62,0,0,14-3-29 13:9:49,1
1I516BP4GU,114.089,22.6411,1718577,64,5,0,14-3-29 13:10:5,1
1I516BP4GU,114.09,22.6431,1718580,64,10,0,14-3-29 13:10:18,1
1I516BP4GU,114.092,22.6464,1718584,62,10,0,14-3-29 13:10:39,1
1I516BP4GU,114.087,22.6679,1718618,53,145,0,14-3-29 13:14:9,1
1I516BP4GU,114.085,22.6687,1718620,62,145,0,14-3-29 13:14:22,1
1I516BP4GU,114.084,22.6689,1718623,68,145,0,14-3-29 13:14:25,1
1I516BP4GU,114.081,22.6711,1718625,68,155,0,14-3-29 13:14:47,1
1I516BP4GU,114.08,22.6724,1718627,68,150,0,14-3-29 13:14:59,1
1I516BP4GU,114.078,22.6733,1718629,68,145,0,14-3-29 13:15:9,1
1I516BP4GU,114.076,22.6739,1718631,68,140,0,14-3-29 13:15:21,1
1I516BP4GU,114.074,22.6742,1718634,71,135,0,14-3-29 13:15:32,1
1I516BP4GU,114.072,22.6745,1718636,71,135,0,14-3-29 13:15:42,1
1I516BP4GU,114.069,22.6751,1718638,68,140,0,14-3-29 13:15:55,1
1I516BP4GU,114.067,22.6757,1718641,66,145,0,14-3-29 13:16:6,1
1I516BP4GU,114.064,22.6778,1718645,58,150,0,14-3-29 13:16:30,1
1I516BP4GU,114.062,22.6789,1718647,62,150,0,14-3-29 13:16:42,1
1I516BP4GU,114.061,22.68,1718649,62,150,0,14-3-29 13:16:54,1
1I516BP4GU,114.057,22.6818,1718654,73,145,0,14-3-29 13:17:15,1
1I516BP4GU,114.056,22.6823,1718656,0,145,0,14-3-29 13:17:31,0
1I516BP4GU,114.049,22.6881,1718667,60,0,0,14-3-29 13:18:24,1
1I516BP4GU,114.05,22.69,1718670,62,0,0,14-3-29 13:18:36,1
1I516BP4GU,114.05,22.6919,1718672,62,0,0,14-3-29 13:18:48,1
1I516BP4GU,114.05,22.6957,1718676,68,0,0,14-3-29 13:19:11,1
1I516BP4GU,114.05,22.6985,1718679,69,175,0,14-3-29 13:19:26,1
1I516BP4GU,114.05,22.7001,1718681,71,170,0,14-3-29 13:19:36,1
1I516BP4GU,114.05,22.7018,1718683,73,170,0,14-3-29 13:19:46,1
1I516BP4GU,114.048,22.7074,1718690,75,170,0,14-3-29 13:20:16,1
1I516BP4GU,114.047,22.7094,1718693,75,170,0,14-3-29 13:20:28,1
1I516BP4GU,114.046,22.7113,1718695,75,170,0,14-3-29 13:20:38,1
1I516BP4GU,114.046,22.713,1718697,73,165,0,14-3-29 13:20:48,1
1I516BP4GU,114.045,22.7147,1718699,71,165,0,14-3-29 13:20:58,1
1I516BP4GU,114.044,22.7165,1718701,71,165,0,14-3-29 13:21:8,1
1I516BP4GU,114.042,22.7197,1718705,68,165,0,14-3-29 13:21:29,1
1I516BP4GU,114.04,22.7229,1718709,69,165,0,14-3-29 13:21:49,1
1I516BP4GU,114.025,22.7442,1718740,73,0,0,14-3-29 13:24:16,1
1I516BP4GU,114.025,22.7481,1718744,73,0,0,14-3-29 13:24:37,1
1I516BP4GU,114.028,22.7591,1718757,75,5,0,14-3-29 13:25:37,1
1I516BP4GU,114.029,22.7627,1718761,69,10,0,14-3-29 13:25:57,1
1I516BP4GU,114.031,22.7664,1718766,64,10,0,14-3-29 13:26:20,1
1I516BP4GU,114.033,22.7698,1718770,73,20,0,14-3-29 13:26:43,1
1I516BP4GU,114.035,22.771,1718773,75,20,0,14-3-29 13:26:53,1
1I516BP4GU,114.036,22.7724,1718775,69,15,0,14-3-29 13:27:3,1
1I516BP4GU,114.037,22.7748,1718778,71,5,0,14-3-29 13:27:17,1
1I516BP4GU,114.037,22.7806,1718784,75,175,0,14-3-29 13:27:47,1
1I516BP4GU,114.037,22.7827,1718787,73,0,0,14-3-29 13:27:58,1
1I516BP4GU,114.037,22.7844,1718789,71,175,0,14-3-29 13:28:8,1
1I516BP4GU,114.037,22.7862,1718791,69,0,0,14-3-29 13:28:18,1
1I516BP4GU,114.037,22.788,1718793,69,175,0,14-3-29 13:28:28,1
1I516BP4GU,114.037,22.7916,1718797,73,175,0,14-3-29 13:28:48,1
1I516BP4GU,114.037,22.7962,1718802,73,175,0,14-3-29 13:29:12,1
1I516BP4GU,114.037,22.7997,1718806,75,175,0,14-3-29 13:29:30,1
1I516BP4GU,114.037,22.8035,1718811,71,170,0,14-3-29 13:29:50,1
1I516BP4GU,114.036,22.8052,1718813,71,165,0,14-3-29 13:30:0,1
1I516BP4GU,114.036,22.8069,1718815,69,165,0,14-3-29 13:30:10,1
1I516BP4GU,114.035,22.8084,1718817,71,160,0,14-3-29 13:30:20,1
1I516BP4GU,114.033,22.8098,1718819,71,155,0,14-3-29 13:30:30,1
1I516BP4GU,114.031,22.8113,1718822,75,150,0,14-3-29 13:30:42,1
1I516BP4GU,114.028,22.8134,1718826,68,150,0,14-3-29 13:31:2,1
1I516BP4GU,114.026,22.8142,1718828,73,145,0,14-3-29 13:31:12,1
1I516BP4GU,114.024,22.8152,1718830,77,145,0,14-3-29 13:31:23,1
1I516BP4GU,114.022,22.8158,1718833,77,140,0,14-3-29 13:31:33,1
1I516BP4GU,114.018,22.8171,1718837,71,145,0,14-3-29 13:31:53,1
1I516BP4GU,114.017,22.8182,1718839,73,155,0,14-3-29 13:32:3,1
1I516BP4GU,114.015,22.8195,1718841,75,155,0,14-3-29 13:32:13,1
1I516BP4GU,114.012,22.8222,1718846,82,155,0,14-3-29 13:32:33,1
1I516BP4GU,114.011,22.8236,1718848,84,160,0,14-3-29 13:32:42,1
1I516BP4GU,114.008,22.828,1718854,79,165,0,14-3-29 13:33:4,1
1I516BP4GU,114.008,22.8293,1718856,79,160,0,14-3-29 13:33:13,1
1I516BP4GU,114.006,22.8309,1718858,82,160,0,14-3-29 13:33:22,1
1I516BP4GU,114.004,22.8339,1718863,86,160,0,14-3-29 13:33:40,1
1I516BP4GU,114.002,22.8354,1718864,82,160,0,14-3-29 13:33:49,1
1I516BP4GU,114.001,22.8368,1718867,79,160,0,14-3-29 13:33:58,1
1I516BP4GU,113.999,22.839,1718870,75,155,0,14-3-29 13:34:13,1
1I516BP4GU,113.997,22.8409,1718873,79,155,0,14-3-29 13:34:26,1
1I516BP4GU,113.996,22.842,1718875,77,155,0,14-3-29 13:34:35,1
1I516BP4GU,113.994,22.8436,1718878,82,150,0,14-3-29 13:34:46,1
1I516BP4GU,113.992,22.8447,1718880,84,150,0,14-3-29 13:34:55,1
1I516BP4GU,113.991,22.8459,1718882,82,150,0,14-3-29 13:35:4,1
1I516BP4GU,113.989,22.8474,1718885,79,150,0,14-3-29 13:35:15,1
1I516BP4GU,113.987,22.8486,1718887,62,150,0,14-3-29 13:35:24,1
1I516BP4GU,113.986,22.8498,1718889,64,155,0,14-3-29 13:35:36,1
1I516BP4GU,113.984,22.8516,1718892,77,160,0,14-3-29 13:35:48,1
1I516BP4GU,113.983,22.855,1718896,84,170,0,14-3-29 13:36:6,1
1I516BP4GU,113.982,22.857,1718898,88,175,0,14-3-29 13:36:15,1
1I516BP4GU,113.981,22.86,1718902,86,170,0,14-3-29 13:36:29,1
1I516BP4GU,113.981,22.8614,1718903,88,165,0,14-3-29 13:36:36,1
1I516BP4GU,113.979,22.8631,1718906,84,160,0,14-3-29 13:36:45,1
1I516BP4GU,113.978,22.865,1718909,82,160,0,14-3-29 13:36:57,1
1I516BP4GU,113.977,22.8665,1718911,80,160,0,14-3-29 13:37:5,1
1I516BP4GU,113.975,22.868,1718913,71,160,0,14-3-29 13:37:15,1
1I516BP4GU,113.973,22.8714,1718917,82,165,0,14-3-29 13:37:35,1
1I516BP4GU,113.972,22.8728,1718919,82,160,0,14-3-29 13:37:43,1
1I516BP4GU,113.969,22.8754,1718924,82,145,0,14-3-29 13:38:5,1
1I516BP4GU,113.965,22.8768,1718929,75,145,0,14-3-29 13:38:22,1
1I516BP4GU,113.963,22.8776,1718931,77,145,0,14-3-29 13:38:32,1
1I516BP4GU,113.961,22.8784,1718933,77,145,0,14-3-29 13:38:42,1
1I516BP4GU,113.959,22.8792,1718935,80,150,0,14-3-29 13:38:51,1
1I516BP4GU,113.958,22.8803,1718937,80,150,0,14-3-29 13:39:0,1
1I516BP4GU,113.956,22.882,1718940,79,150,0,14-3-29 13:39:13,1
1I516BP4GU,113.952,22.8844,1718944,82,150,0,14-3-29 13:39:31,1
1I516BP4GU,113.951,22.8854,1718946,84,150,0,14-3-29 13:39:39,1
1I516BP4GU,113.948,22.8868,1718950,84,145,0,14-3-29 13:39:53,1
1I516BP4GU,113.947,22.8877,1718952,80,145,0,14-3-29 13:40:1,1
1I516BP4GU,113.945,22.8887,1718954,80,145,0,14-3-29 13:40:10,1
1I516BP4GU,113.943,22.8896,1718957,82,145,0,14-3-29 13:40:20,1
1I516BP4GU,113.939,22.8908,1718961,79,140,0,14-3-29 13:40:38,1
1I516BP4GU,113.937,22.8911,1718963,80,140,0,14-3-29 13:40:47,1
1I516BP4GU,113.935,22.8915,1718965,80,140,0,14-3-29 13:40:56,1
1I516BP4GU,113.931,22.8923,1718969,77,140,0,14-3-29 13:41:14,1
1I516BP4GU,113.927,22.8942,1718974,73,150,0,14-3-29 13:41:38,1
1I516BP4GU,113.925,22.8953,1718977,77,150,0,14-3-29 13:41:47,1
1I516BP4GU,113.923,22.8966,1718979,69,150,0,14-3-29 13:41:58,1
1I516BP4GU,113.922,22.8979,1718981,66,150,0,14-3-29 13:42:9,1
1I516BP4GU,113.92,22.8991,1718983,66,155,0,14-3-29 13:42:20,1
1I516BP4GU,113.917,22.9014,1718987,71,150,0,14-3-29 13:42:40,1
1I516BP4GU,113.916,22.9026,1718990,64,155,0,14-3-29 13:42:51,1
1I516BP4GU,113.914,22.9039,1718992,46,160,0,14-3-29 13:43:4,1
1I516BP4GU,113.914,22.9057,1718994,40,170,0,14-3-29 13:43:22,1
1I516BP4GU,113.914,22.9074,1718996,20,20,0,14-3-29 13:43:44,1
1I516BP4GU,113.914,22.9078,1718997,11,45,0,14-3-29 13:44:14,1
1I516BP4GU,113.915,22.909,1718998,20,5,0,14-3-29 13:45:17,1
1I516BP4GU,113.914,22.9103,1719001,34,140,0,14-3-29 13:45:44,1
1I516BP4GU,113.912,22.9102,1719003,25,125,0,14-3-29 13:46:12,1
1I516BP4GU,113.91,22.9104,1719005,29,175,0,14-3-29 13:46:44,1
1I516BP4GU,113.91,22.9123,1719007,44,5,0,14-3-29 13:47:4,1
1I516BP4GU,113.91,22.9141,1719010,40,5,0,14-3-29 13:47:22,1
1I516BP4GU,113.911,22.9165,1719012,40,5,0,14-3-29 13:47:53,1
1I516BP4GU,113.911,22.919,1719015,42,170,0,14-3-29 13:48:19,1
1I516BP4GU,113.911,22.9209,1719017,38,15,0,14-3-29 13:48:41,1
1I516BP4GU,113.912,22.9224,1719020,51,20,0,14-3-29 13:48:57,1
1I516BP4GU,113.914,22.924,1719022,46,20,0,14-3-29 13:49:15,1
1I516BP4GU,113.915,22.9254,1719024,9,15,0,14-3-29 13:50:9,1
1I516BP4GU,113.916,22.9272,1719026,34,15,0,14-3-29 13:50:43,1
1I516BP4GU,113.917,22.9288,1719028,36,15,0,14-3-29 13:51:2,1
1I516BP4GU,113.918,22.9301,1719030,31,25,0,14-3-29 13:51:22,1
1I516BP4GU,113.92,22.9312,1719033,31,25,0,14-3-29 13:51:44,1
1I516BP4GU,113.922,22.9322,1719035,38,30,0,14-3-29 13:52:5,1
1I516BP4GU,113.923,22.9328,1719036,0,0,0,14-3-29 13:54:6,1
1I516BP4GU,113.923,22.9327,1719036,0,0,0,14-3-29 13:54:16,1
1I516BP4GU,113.924,22.9329,1719036,0,0,0,14-3-29 13:56:6,1
1I516BP4GU,113.924,22.933,1719036,0,0,0,14-3-29 13:58:6,1
1I516BP4GU,113.924,22.9334,1719037,12,160,0,14-3-29 13:58:33,1
1I516BP4GU,113.923,22.9345,1719038,0,0,0,14-3-29 13:59:17,1
1I516BP4GU,113.922,22.9353,1719039,27,160,0,14-3-29 13:59:52,1
1I516BP4GU,113.921,22.9369,1719042,33,155,0,14-3-29 14:0:14,1
1I516BP4GU,113.92,22.9385,1719044,36,160,0,14-3-29 14:0:37,1
1I516BP4GU,113.918,22.94,1719046,38,160,0,14-3-29 14:0:56,1
1I516BP4GU,113.917,22.9418,1719048,14,155,0,14-3-29 14:2:43,1
1I516BP4GU,113.916,22.9434,1719050,36,160,0,14-3-29 14:3:7,1
1I516BP4GU,113.914,22.9452,1719053,36,160,0,14-3-29 14:3:28,1
1I516BP4GU,113.913,22.9471,1719055,42,160,0,14-3-29 14:3:51,1
1I516BP4GU,113.912,22.9486,1719057,40,160,0,14-3-29 14:4:7,1
1I516BP4GU,113.911,22.9495,1719058,34,160,0,14-3-29 14:4:18,1
1I516BP4GU,113.911,22.9502,1719059,20,160,0,14-3-29 14:4:28,1
1I516BP4GU,113.91,22.9519,1719062,27,160,0,14-3-29 14:5:59,1
1I516BP4GU,113.908,22.9535,1719064,23,160,0,14-3-29 14:6:24,1
1I516BP4GU,113.907,22.9558,1719067,42,170,0,14-3-29 14:6:51,1
1I516BP4GU,113.907,22.9575,1719069,42,175,0,14-3-29 14:7:7,1
1I516BP4GU,113.907,22.9588,1719071,0,0,0,14-3-29 14:9:7,1
1I516BP4GU,113.907,22.9588,1719071,0,0,0,14-3-29 14:9:19,1
1I516BP4GU,113.907,22.9588,1719071,0,0,0,14-3-29 14:11:7,1
1I516BP4GU,113.907,22.9588,1719071,0,0,0,14-3-29 14:13:7,1
1I516BP4GU,113.907,22.9588,1719071,0,0,0,14-3-29 14:14:20,1
1I516BP4GU,113.907,22.9588,1719071,0,0,0,14-3-29 14:15:7,1
1I516BP4GU,113.907,22.9588,1719071,0,0,0,14-3-29 14:17:7,1
1I516BP4GU,113.907,22.9588,1719071,0,0,0,14-3-29 14:19:21,1
1I516BP4GU,113.907,22.9588,1719071,0,0,0,14-3-29 14:21:7,1
1I516BP4GU,113.907,22.9588,1719071,0,0,0,14-3-29 14:23:8,1
1I516BP4GU,113.907,22.9588,1719071,0,0,0,14-3-29 14:24:22,1
1I516BP4GU,113.907,22.9588,1719071,0,0,0,14-3-29 14:25:8,1
1I516BP4GU,113.907,22.9588,1719071,0,0,0,14-3-29 14:27:8,1
1I516BP4GU,113.907,22.9588,1719071,0,0,0,14-3-29 14:29:8,1
1I516BP4GU,113.907,22.9588,1719071,0,0,0,14-3-29 14:29:23,1
1I516BP4GU,113.907,22.9588,1719071,3,75,0,14-3-29 14:29:41,1
1I516BP4GU,113.909,22.9577,1719073,12,85,0,14-3-29 14:30:53,1
1I516BP4GU,113.91,22.9564,1719076,7,160,0,14-3-29 14:31:55,1
1I516BP4GU,113.909,22.9572,1719076,0,0,0,14-3-29 14:33:55,1
1I516BP4GU,113.909,22.9572,1719076,0,0,0,14-3-29 14:34:24,1
1I516BP4GU,113.909,22.9572,1719076,0,0,0,14-3-29 14:35:55,1
1I516BP4GU,113.909,22.9571,1719076,0,0,0,14-3-29 14:37:55,1
1I516BP4GU,113.909,22.9571,1719076,0,0,0,14-3-29 14:39:25,1
1I516BP4GU,113.909,22.9571,1719076,0,0,0,14-3-29 14:39:55,1
1I516BP4GU,113.909,22.9571,1719076,0,0,0,14-3-29 14:41:55,1
1I516BP4GU,113.909,22.9571,1719076,0,0,0,14-3-29 14:43:55,1
1I516BP4GU,113.909,22.9571,1719076,0,0,0,14-3-29 14:44:26,1
1I516BP4GU,113.909,22.9571,1719076,0,0,0,14-3-29 14:45:55,1
1I516BP4GU,113.909,22.9571,1719076,0,0,0,14-3-29 14:47:55,1
1I516BP4GU,113.909,22.9571,1719076,0,0,0,14-3-29 14:49:28,1
1I516BP4GU,113.909,22.9571,1719076,0,0,0,14-3-29 14:49:55,1
1I516BP4GU,113.909,22.9571,1719076,0,0,0,14-3-29 14:51:55,1
1I516BP4GU,113.909,22.9571,1719076,0,0,0,14-3-29 14:53:55,1
1I516BP4GU,113.909,22.9571,1719076,0,0,0,14-3-29 14:54:31,1
1I516BP4GU,113.909,22.9571,1719076,0,0,0,14-3-29 14:55:55,1
1I516BP4GU,113.909,22.9571,1719076,0,0,0,14-3-29 14:57:55,1
1I516BP4GU,113.909,22.9571,1719076,0,0,0,14-3-29 14:59:34,1
1I516BP4GU,113.909,22.9571,1719076,0,0,0,14-3-29 14:59:55,1
1I516BP4GU,113.909,22.9571,1719076,0,0,0,14-3-29 15:1:55,1
1I516BP4GU,113.909,22.9571,1719076,0,0,0,14-3-29 15:3:55,1
1I516BP4GU,113.909,22.9571,1719076,0,0,0,14-3-29 15:4:37,1
1I516BP4GU,113.909,22.9571,1719076,0,0,0,14-3-29 15:5:55,1
1I516BP4GU,113.909,22.9571,1719076,0,0,0,14-3-29 15:7:55,1
1I516BP4GU,113.909,22.9571,1719076,0,0,0,14-3-29 15:9:42,1
1I516BP4GU,113.909,22.9571,1719076,0,0,0,14-3-29 15:9:55,1
1I516BP4GU,113.909,22.9571,1719076,0,0,0,14-3-29 15:11:55,1
1I516BP4GU,113.909,22.9571,1719076,0,0,0,14-3-29 15:13:55,1
1I516BP4GU,113.909,22.9571,1719076,0,0,0,14-3-29 15:14:45,1
1I516BP4GU,113.909,22.9573,1719077,0,0,0,14-3-29 15:15:55,1
1I516BP4GU,113.909,22.9574,1719077,0,0,0,14-3-29 15:17:55,1
1I516BP4GU,113.909,22.9574,1719077,0,0,0,14-3-29 15:19:48,1
1I516BP4GU,113.909,22.9574,1719077,0,0,0,14-3-29 15:19:55,1
1I516BP4GU,113.909,22.9574,1719077,0,0,0,14-3-29 15:21:55,1
1I516BP4GU,113.909,22.9574,1719077,0,0,0,14-3-29 15:23:55,1
1I516BP4GU,113.909,22.9574,1719077,0,0,0,14-3-29 15:24:49,1
1I516BP4GU,113.909,22.9574,1719077,0,0,0,14-3-29 15:25:55,1
1I516BP4GU,113.909,22.9574,1719077,0,0,0,14-3-29 15:27:55,1
1I516BP4GU,113.909,22.9574,1719077,0,0,0,14-3-29 15:29:55,1
1I516BP4GU,113.909,22.9574,1719077,0,0,0,14-3-29 15:31:55,1
1I516BP4GU,113.909,22.9574,1719077,0,0,0,14-3-29 15:33:55,1
1I516BP4GU,113.909,22.9574,1719077,0,0,0,14-3-29 15:34:51,1
1I516BP4GU,113.909,22.9574,1719077,0,0,0,14-3-29 15:35:55,1
1I516BP4GU,113.909,22.9574,1719077,0,0,0,14-3-29 15:37:55,1
1I516BP4GU,113.909,22.9574,1719077,0,0,0,14-3-29 15:39:52,1
1I516BP4GU,113.909,22.9574,1719077,0,0,0,14-3-29 15:39:55,1
1I516BP4GU,113.909,22.9574,1719077,0,0,0,14-3-29 15:41:55,1
1I516BP4GU,113.909,22.9574,1719077,0,0,0,14-3-29 15:43:55,1
1I516BP4GU,113.909,22.9574,1719077,0,0,0,14-3-29 15:44:53,1
1I516BP4GU,113.909,22.9574,1719077,0,0,0,14-3-29 15:45:55,1
1I516BP4GU,113.909,22.9574,1719077,0,0,0,14-3-29 15:47:55,1
1I516BP4GU,113.909,22.9574,1719077,0,0,0,14-3-29 15:49:55,1
1I516BP4GU,113.909,22.9574,1719077,0,0,0,14-3-29 15:51:55,1
1I516BP4GU,113.909,22.9574,1719077,0,0,0,14-3-29 15:53:55,1
1I516BP4GU,113.909,22.9574,1719077,0,0,0,14-3-29 15:54:55,1
1I516BP4GU,113.909,22.9574,1719077,0,0,0,14-3-29 15:55:55,1
1I516BP4GU,113.909,22.9574,1719077,0,0,0,14-3-29 15:57:55,1
1I516BP4GU,113.909,22.9574,1719077,0,0,0,14-3-29 15:59:56,1
1I516BP4GU,113.909,22.9574,1719077,0,0,0,14-3-29 16:1:55,1
1I516BP4GU,113.909,22.9574,1719077,0,0,0,14-3-29 16:3:55,1
1I516BP4GU,113.909,22.9574,1719077,0,0,0,14-3-29 16:4:57,1
1I516BP4GU,113.909,22.9574,1719077,0,0,0,14-3-29 16:5:55,1
1I516BP4GU,113.909,22.9574,1719077,0,0,0,14-3-29 16:7:55,1
1I516BP4GU,113.909,22.9574,1719077,0,0,0,14-3-29 16:9:58,1
1I516BP4GU,113.909,22.9574,1719077,0,0,0,14-3-29 16:11:55,1
1I516BP4GU,113.909,22.9574,1719077,0,0,0,14-3-29 16:13:55,1
1I516BP4GU,113.909,22.9574,1719077,0,0,0,14-3-29 16:14:59,1
1I516BP4GU,113.909,22.9574,1719077,0,0,0,14-3-29 16:15:55,1
1I516BP4GU,113.909,22.9574,1719077,0,0,0,14-3-29 16:17:55,1
1I516BP4GU,113.909,22.9574,1719077,0,0,0,14-3-29 16:20:0,1
1I516BP4GU,113.909,22.9574,1719077,0,0,0,14-3-29 16:21:55,1
1I516BP4GU,113.909,22.9574,1719077,0,0,0,14-3-29 16:23:55,1
1I516BP4GU,113.909,22.9574,1719077,0,0,0,14-3-29 16:25:1,1
1I516BP4GU,113.909,22.9574,1719077,0,0,0,14-3-29 16:25:55,1
1I516BP4GU,113.909,22.9574,1719077,0,0,0,14-3-29 16:27:55,1
1I516BP4GU,113.909,22.9574,1719077,0,0,0,14-3-29 16:29:55,1
1I516BP4GU,113.909,22.9574,1719077,0,0,0,14-3-29 16:30:10,1
1I516BP4GU,113.909,22.9574,1719077,0,0,0,14-3-29 16:31:55,1
1I516BP4GU,113.909,22.9574,1719077,0,0,0,14-3-29 16:33:55,1
1I516BP4GU,113.909,22.9574,1719077,0,0,0,14-3-29 16:36:0,1
1I516BP4GU,113.909,22.9574,1719077,0,0,0,14-3-29 16:36:14,1
1I516BP4GU,113.909,22.9574,1719077,0,0,0,14-3-29 16:40:1,1
1I516BP4GU,113.909,22.9574,1719077,0,0,0,14-3-29 16:41:1,1
1I516BP4GU,113.909,22.9574,1719077,0,0,0,14-3-29 16:42:1,1
1I516BP4GU,113.909,22.9574,1719077,0,0,0,14-3-29 16:43:40,1
1I516BP4GU,113.909,22.9574,1719077,0,0,0,14-3-29 16:44:1,1
1I516BP4GU,113.909,22.9574,1719077,0,0,0,14-3-29 16:46:2,1
1I516BP4GU,113.909,22.9574,1719077,0,0,0,14-3-29 16:48:1,1
1I516BP4GU,113.909,22.9574,1719077,0,0,0,14-3-29 16:50:1,1
1I516BP4GU,113.909,22.9574,1719077,0,0,0,14-3-29 16:51:3,1
1I516BP4GU,113.909,22.9574,1719077,0,0,0,14-3-29 16:52:1,1
1I516BP4GU,113.909,22.9574,1719077,0,0,0,14-3-29 16:54:0,1
1I516BP4GU,113.909,22.9574,1719077,0,0,0,14-3-29 16:56:7,1
1I516BP4GU,113.909,22.9574,1719077,0,0,0,14-3-29 16:58:0,1
1I516BP4GU,113.909,22.9574,1719077,0,0,0,14-3-29 17:0:0,1
1I516BP4GU,113.909,22.9574,1719077,0,0,0,14-3-29 17:1:8,1
1I516BP4GU,113.909,22.9574,1719077,0,0,0,14-3-29 17:2:0,1
1I516BP4GU,113.909,22.9574,1719077,0,0,0,14-3-29 17:4:0,1
1I516BP4GU,113.909,22.9574,1719077,0,0,0,14-3-29 17:6:0,1
1I516BP4GU,113.909,22.9574,1719077,0,0,0,14-3-29 17:6:9,1
1I516BP4GU,113.909,22.9574,1719077,0,0,0,14-3-29 17:8:0,1
1I516BP4GU,113.909,22.9574,1719077,0,0,0,14-3-29 17:10:0,1
1I516BP4GU,113.909,22.9574,1719077,0,0,0,14-3-29 17:11:10,1
1I516BP4GU,113.909,22.9574,1719077,0,0,0,14-3-29 17:12:0,1
1I516BP4GU,113.909,22.9574,1719077,0,0,0,14-3-29 17:14:0,1
1I516BP4GU,113.909,22.9574,1719077,0,0,0,14-3-29 17:16:11,1
1I516BP4GU,113.909,22.9574,1719077,0,0,0,14-3-29 17:18:0,1
1I516BP4GU,113.909,22.9574,1719077,0,0,0,14-3-29 17:20:0,1
1I516BP4GU,113.909,22.9574,1719077,0,0,0,14-3-29 17:21:12,1
1I516BP4GU,113.909,22.9574,1719077,0,0,0,14-3-29 17:22:0,1
1I516BP4GU,113.909,22.9574,1719077,0,0,0,14-3-29 17:24:0,1
1I516BP4GU,113.909,22.9574,1719077,0,0,0,14-3-29 17:26:0,1
1I516BP4GU,113.909,22.9574,1719077,0,0,0,14-3-29 17:26:13,1
1I516BP4GU,113.909,22.9574,1719077,0,0,0,14-3-29 17:28:0,1
1I516BP4GU,113.909,22.9574,1719077,0,0,0,14-3-29 17:30:0,1
1I516BP4GU,113.909,22.9574,1719077,0,0,0,14-3-29 17:31:14,1
1I516BP4GU,113.909,22.9574,1719077,0,0,0,14-3-29 17:32:0,1
1I516BP4GU,113.909,22.9574,1719077,0,0,0,14-3-29 17:34:0,1
1I516BP4GU,113.909,22.9574,1719077,0,0,0,14-3-29 17:36:0,1
1I516BP4GU,113.909,22.9574,1719077,0,0,0,14-3-29 17:36:15,1
1I516BP4GU,113.909,22.9574,1719077,0,0,0,14-3-29 17:38:0,1
1I516BP4GU,113.909,22.9574,1719077,0,0,0,14-3-29 17:40:0,1
1I516BP4GU,113.909,22.9574,1719077,0,0,0,14-3-29 17:41:17,1
1I516BP4GU,113.909,22.9574,1719077,0,0,0,14-3-29 17:42:0,1
1I516BP4GU,113.909,22.9574,1719077,0,0,0,14-3-29 17:44:2,1
1I516BP4GU,113.909,22.9574,1719077,0,0,0,14-3-29 17:46:2,1
1I516BP4GU,113.909,22.9574,1719077,0,0,0,14-3-29 17:46:18,1
1I516BP4GU,113.909,22.9574,1719077,0,0,0,14-3-29 17:48:2,1
1I516BP4GU,113.909,22.9574,1719077,0,0,0,14-3-29 17:50:2,1
1I516BP4GU,113.909,22.9574,1719077,0,0,0,14-3-29 17:51:19,1
1I516BP4GU,113.909,22.9574,1719077,0,0,0,14-3-29 17:52:2,1
1I516BP4GU,113.909,22.9574,1719077,0,0,0,14-3-29 17:54:2,1
1I516BP4GU,113.909,22.9574,1719077,0,0,0,14-3-29 17:56:2,1
1I516BP4GU,113.909,22.9574,1719077,0,0,0,14-3-29 17:56:20,1
1I516BP4GU,113.909,22.9574,1719077,0,0,0,14-3-29 17:58:2,1
1I516BP4GU,113.909,22.9574,1719077,0,0,0,14-3-29 18:0:2,1
1I516BP4GU,113.909,22.9574,1719077,0,0,0,14-3-29 18:1:21,1
1I516BP4GU,113.909,22.9574,1719077,0,0,0,14-3-29 18:2:2,1
1I516BP4GU,113.909,22.9574,1719077,0,0,0,14-3-29 18:4:2,1
1I516BP4GU,113.909,22.9574,1719077,0,0,0,14-3-29 18:6:2,1
1I516BP4GU,113.909,22.9574,1719077,0,0,0,14-3-29 18:6:22,1
1I516BP4GU,113.909,22.9574,1719077,0,0,0,14-3-29 18:8:2,1
1I516BP4GU,113.909,22.9574,1719077,0,0,0,14-3-29 18:10:2,1
1I516BP4GU,113.909,22.9574,1719077,0,0,0,14-3-29 18:11:23,1
1I516BP4GU,113.909,22.9574,1719077,0,0,0,14-3-29 18:12:2,1
1I516BP4GU,113.909,22.9574,1719077,0,0,0,14-3-29 18:14:2,1
1I516BP4GU,113.909,22.9574,1719077,0,0,0,14-3-29 18:16:2,1
1I516BP4GU,113.909,22.9574,1719077,0,0,0,14-3-29 18:16:24,1
1I516BP4GU,113.909,22.9574,1719077,0,0,0,14-3-29 18:18:2,1
1I516BP4GU,113.909,22.9574,1719077,0,0,0,14-3-29 18:20:2,1
1I516BP4GU,113.909,22.9574,1719077,0,0,0,14-3-29 18:21:25,1
1I516BP4GU,113.909,22.9574,1719077,0,0,0,14-3-29 18:22:2,1
1I516BP4GU,113.909,22.9574,1719077,0,0,0,14-3-29 18:24:2,1
1I516BP4GU,113.909,22.9574,1719077,0,0,0,14-3-29 18:26:2,1
1I516BP4GU,113.909,22.9574,1719077,0,0,0,14-3-29 18:26:27,1
1I516BP4GU,113.909,22.9574,1719077,0,0,0,14-3-29 18:28:4,1
1I516BP4GU,113.909,22.9574,1719077,0,0,0,14-3-29 18:30:4,1
1I516BP4GU,113.909,22.9574,1719077,0,0,0,14-3-29 18:31:28,1
1I516BP4GU,113.909,22.9574,1719077,0,0,0,14-3-29 18:32:4,1
1I516BP4GU,113.909,22.9574,1719077,0,0,0,14-3-29 18:34:4,1
1I516BP4GU,113.909,22.9574,1719077,0,0,0,14-3-29 18:36:4,1
1I516BP4GU,113.909,22.9574,1719077,0,0,0,14-3-29 18:36:29,1
1I516BP4GU,113.909,22.9574,1719077,0,0,0,14-3-29 18:38:4,1
1I516BP4GU,113.909,22.9574,1719077,0,0,0,14-3-29 18:40:4,1
1I516BP4GU,113.909,22.9574,1719077,0,0,0,14-3-29 18:41:32,1
1I516BP4GU,113.909,22.9574,1719077,0,0,0,14-3-29 18:42:4,1
1I516BP4GU,113.909,22.9574,1719077,0,0,0,14-3-29 18:44:4,1
1I516BP4GU,113.909,22.9574,1719077,0,0,0,14-3-29 18:46:4,1
1I516BP4GU,113.909,22.9574,1719077,0,0,0,14-3-29 18:46:35,1
1I516BP4GU,113.909,22.9574,1719077,0,0,0,14-3-29 18:48:4,1
1I516BP4GU,113.909,22.9574,1719077,0,0,0,14-3-29 18:50:4,1
1I516BP4GU,113.909,22.9574,1719077,0,0,0,14-3-29 18:51:39,1
1I516BP4GU,113.909,22.9574,1719077,0,0,0,14-3-29 18:52:4,1
1I516BP4GU,113.909,22.9574,1719077,0,0,0,14-3-29 18:54:4,1
1I516BP4GU,113.909,22.9574,1719077,0,0,0,14-3-29 18:56:4,1
1I516BP4GU,113.909,22.9574,1719077,0,0,0,14-3-29 18:56:41,1
1I516BP4GU,113.909,22.9574,1719077,0,0,0,14-3-29 18:58:4,1
1I516BP4GU,113.909,22.9574,1719077,0,0,0,14-3-29 19:0:4,1
1I516BP4GU,113.909,22.9574,1719077,0,0,0,14-3-29 19:1:42,1
1I516BP4GU,113.909,22.9574,1719077,0,0,0,14-3-29 19:2:4,1
1I516BP4GU,113.909,22.9574,1719077,0,0,0,14-3-29 19:4:4,1
1I516BP4GU,113.909,22.9574,1719077,0,0,0,14-3-29 19:6:4,1
1I516BP4GU,113.909,22.9574,1719077,0,0,0,14-3-29 19:6:43,1
1I516BP4GU,113.909,22.9574,1719077,0,0,0,14-3-29 19:8:4,1
1I516BP4GU,113.909,22.9574,1719077,0,0,0,14-3-29 19:10:4,1
1I516BP4GU,113.909,22.9574,1719077,0,0,0,14-3-29 19:11:44,1
1I516BP4GU,113.909,22.9574,1719077,0,0,0,14-3-29 19:12:6,1
1I516BP4GU,113.909,22.9574,1719077,0,0,0,14-3-29 19:14:7,1
1I516BP4GU,113.909,22.9574,1719077,0,0,0,14-3-29 19:16:7,1
1I516BP4GU,113.909,22.9574,1719077,0,0,0,14-3-29 19:16:45,1
1I516BP4GU,113.909,22.9574,1719077,0,0,0,14-3-29 19:18:7,1
1I516BP4GU,113.909,22.9574,1719077,0,0,0,14-3-29 19:20:7,1
1I516BP4GU,113.909,22.9574,1719077,0,0,0,14-3-29 19:21:46,1
1I516BP4GU,113.909,22.9574,1719077,0,0,0,14-3-29 19:22:7,1
1I516BP4GU,113.909,22.9574,1719077,0,0,0,14-3-29 19:24:7,1
1I516BP4GU,113.909,22.9574,1719077,0,0,0,14-3-29 19:26:7,1
1I516BP4GU,113.909,22.9574,1719077,0,0,0,14-3-29 19:26:47,1
1I516BP4GU,113.909,22.9574,1719077,0,0,0,14-3-29 19:28:7,1
1I516BP4GU,113.909,22.9574,1719077,0,0,0,14-3-29 19:30:7,1
1I516BP4GU,113.909,22.9574,1719077,0,0,0,14-3-29 19:31:48,1
1I516BP4GU,113.909,22.9574,1719077,0,0,0,14-3-29 19:32:7,1
1I516BP4GU,113.909,22.9574,1719077,0,0,0,14-3-29 19:34:7,1
1I516BP4GU,113.909,22.9574,1719077,0,0,0,14-3-29 19:36:7,1
1I516BP4GU,113.909,22.9574,1719077,0,0,0,14-3-29 19:36:49,1
1I516BP4GU,113.909,22.9574,1719077,0,0,0,14-3-29 19:38:7,1
1I516BP4GU,113.909,22.9574,1719077,0,0,0,14-3-29 19:40:7,1
1I516BP4GU,113.909,22.9574,1719077,0,0,0,14-3-29 19:41:52,1
1I516BP4GU,113.909,22.9574,1719077,0,0,0,14-3-29 19:42:7,1
1I516BP4GU,113.909,22.9574,1719077,0,0,0,14-3-29 19:44:7,1
1I516BP4GU,113.909,22.9574,1719077,0,0,0,14-3-29 19:46:7,1
1I516BP4GU,113.909,22.9574,1719077,0,0,0,14-3-29 19:46:53,1
1I516BP4GU,113.909,22.9574,1719077,0,0,0,14-3-29 19:48:7,1
1I516BP4GU,113.909,22.9574,1719077,0,0,0,14-3-29 19:50:7,1
1I516BP4GU,113.909,22.9574,1719077,0,0,0,14-3-29 19:51:54,1
1I516BP4GU,113.909,22.9574,1719077,0,0,0,14-3-29 19:52:7,1
1I516BP4GU,113.909,22.9574,1719077,0,0,0,14-3-29 19:54:7,1
1I516BP4GU,113.909,22.9574,1719077,0,0,0,14-3-29 19:56:9,1
1I516BP4GU,113.909,22.9574,1719077,0,0,0,14-3-29 19:56:55,1
1I516BP4GU,113.909,22.9574,1719077,0,0,0,14-3-29 19:58:9,1
1I516BP4GU,113.909,22.9574,1719077,0,0,0,14-3-29 20:0:9,1
1I516BP4GU,113.909,22.9574,1719077,0,0,0,14-3-29 20:1:56,1
1I516BP4GU,113.909,22.9574,1719077,0,0,0,14-3-29 20:2:9,1
1I516BP4GU,113.909,22.9574,1719077,0,0,0,14-3-29 20:4:9,1
1I516BP4GU,113.909,22.9574,1719077,0,0,0,14-3-29 20:6:9,1
1I516BP4GU,113.909,22.9574,1719077,0,0,0,14-3-29 20:6:57,1
1I516BP4GU,113.909,22.9574,1719077,0,0,0,14-3-29 20:8:9,1
1I516BP4GU,113.909,22.9574,1719077,0,0,0,14-3-29 20:10:9,1
1I516BP4GU,113.909,22.9574,1719077,0,0,0,14-3-29 20:11:58,1
1I516BP4GU,113.909,22.9574,1719077,0,0,0,14-3-29 20:12:8,1
1I516BP4GU,113.909,22.9574,1719077,0,0,0,14-3-29 20:14:8,1
1I516BP4GU,113.909,22.9574,1719077,0,0,0,14-3-29 20:16:8,1
1I516BP4GU,113.909,22.9574,1719077,0,0,0,14-3-29 20:16:58,1
1I516BP4GU,113.909,22.9574,1719077,0,0,0,14-3-29 20:18:8,1
1I516BP4GU,113.909,22.9574,1719077,0,0,0,14-3-29 20:20:8,1
1I516BP4GU,113.909,22.9574,1719077,0,0,0,14-3-29 20:21:59,1
1I516BP4GU,113.909,22.9574,1719077,0,0,0,14-3-29 20:22:8,1
1I516BP4GU,113.91,22.9573,1719077,0,0,0,14-3-29 20:24:9,1
1I516BP4GU,113.91,22.9573,1719077,0,0,0,14-3-29 20:26:8,1
1I516BP4GU,113.91,22.9573,1719077,0,0,0,14-3-29 20:27:1,1
1I516BP4GU,113.91,22.9573,1719077,0,0,0,14-3-29 20:28:8,1
1I516BP4GU,113.91,22.9573,1719077,0,0,0,14-3-29 20:30:8,1
1I516BP4GU,113.91,22.9573,1719077,0,0,0,14-3-29 20:32:8,1
1I516BP4GU,113.91,22.9573,1719077,0,0,0,14-3-29 20:34:8,1
1I516BP4GU,113.91,22.9573,1719077,0,0,0,14-3-29 20:36:8,1
1I516BP4GU,113.91,22.9573,1719077,0,0,0,14-3-29 20:37:3,1
1I516BP4GU,113.91,22.9573,1719077,0,0,0,14-3-29 20:38:8,1
1I516BP4GU,113.91,22.9573,1719077,0,0,0,14-3-29 20:40:10,1
1I516BP4GU,113.91,22.9573,1719077,0,0,0,14-3-29 20:42:10,1
1I516BP4GU,113.91,22.9573,1719077,0,0,0,14-3-29 20:44:10,1
1I516BP4GU,113.91,22.9573,1719077,0,0,0,14-3-29 20:46:10,1
1I516BP4GU,113.91,22.9573,1719077,0,0,0,14-3-29 20:47:5,1
1I516BP4GU,113.91,22.9573,1719077,0,0,0,14-3-29 20:48:10,1
1I516BP4GU,113.91,22.9573,1719077,0,0,0,14-3-29 20:50:10,1
1I516BP4GU,113.91,22.9573,1719077,0,0,0,14-3-29 20:52:6,1
1I516BP4GU,113.91,22.9573,1719077,0,0,0,14-3-29 20:52:10,1
1I516BP4GU,113.91,22.9573,1719077,0,0,0,14-3-29 20:54:10,1
1I516BP4GU,113.91,22.9573,1719077,0,0,0,14-3-29 20:56:10,1
1I516BP4GU,113.91,22.9573,1719077,0,0,0,14-3-29 20:57:7,1
1I516BP4GU,113.91,22.9573,1719077,0,0,0,14-3-29 20:58:10,1
1I516BP4GU,113.91,22.9573,1719077,0,0,0,14-3-29 21:0:10,1
1I516BP4GU,113.91,22.9573,1719077,0,0,0,14-3-29 21:2:10,1
1I516BP4GU,113.91,22.9573,1719077,0,0,0,14-3-29 21:4:10,1
1I516BP4GU,113.91,22.9573,1719077,0,0,0,14-3-29 21:6:10,1
1I516BP4GU,113.91,22.9573,1719077,0,0,0,14-3-29 21:7:10,1
1I516BP4GU,113.91,22.9573,1719077,0,0,0,14-3-29 21:8:10,1
1I516BP4GU,113.91,22.9573,1719077,0,0,0,14-3-29 21:10:10,1
1I516BP4GU,113.91,22.9573,1719077,0,0,0,14-3-29 21:12:10,1
1I516BP4GU,113.91,22.9573,1719077,0,0,0,14-3-29 21:12:11,1
1I516BP4GU,113.91,22.9573,1719077,0,0,0,14-3-29 21:14:10,1
1I516BP4GU,113.91,22.9573,1719077,0,0,0,14-3-29 21:16:10,1
1I516BP4GU,113.91,22.9573,1719077,0,0,0,14-3-29 21:17:11,1
1I516BP4GU,113.91,22.9573,1719077,0,0,0,14-3-29 21:18:10,1
1I516BP4GU,113.91,22.9573,1719077,0,0,0,14-3-29 21:20:10,1
1I516BP4GU,113.91,22.9573,1719077,0,0,0,14-3-29 21:22:12,1
1I516BP4GU,113.91,22.9573,1719077,0,0,0,14-3-29 21:24:12,1
1I516BP4GU,113.91,22.9573,1719077,0,0,0,14-3-29 21:26:12,1
1I516BP4GU,113.91,22.9573,1719077,0,0,0,14-3-29 21:27:13,1
1I516BP4GU,113.91,22.9573,1719077,0,0,0,14-3-29 21:28:12,1
1I516BP4GU,113.91,22.9573,1719077,0,0,0,14-3-29 21:30:12,1
1I516BP4GU,113.91,22.9573,1719077,0,0,0,14-3-29 21:32:16,1
1I516BP4GU,113.91,22.9573,1719077,0,0,0,14-3-29 21:34:12,1
1I516BP4GU,113.91,22.9573,1719077,0,0,0,14-3-29 21:36:12,1
1I516BP4GU,113.91,22.9573,1719077,0,0,0,14-3-29 21:37:17,1
1I516BP4GU,113.91,22.9573,1719077,0,0,0,14-3-29 21:38:12,1
1I516BP4GU,113.91,22.9573,1719077,0,0,0,14-3-29 21:40:12,1
1I516BP4GU,113.91,22.9573,1719077,0,0,0,14-3-29 21:42:12,1
1I516BP4GU,113.91,22.9573,1719077,0,0,0,14-3-29 21:42:18,1
1I516BP4GU,113.91,22.9573,1719077,0,0,0,14-3-29 21:44:12,1
1I516BP4GU,113.91,22.9573,1719077,0,0,0,14-3-29 21:46:12,1
1I516BP4GU,113.91,22.9573,1719077,0,0,0,14-3-29 21:47:19,1
1I516BP4GU,113.91,22.9573,1719077,0,0,0,14-3-29 21:48:12,1
1I516BP4GU,113.91,22.9573,1719077,0,0,0,14-3-29 21:50:12,1
1I516BP4GU,113.91,22.9573,1719077,0,0,0,14-3-29 21:52:20,1
1I516BP4GU,113.91,22.9573,1719077,0,0,0,14-3-29 21:54:12,1
1I516BP4GU,113.91,22.9573,1719077,0,0,0,14-3-29 21:56:12,1
1I516BP4GU,113.91,22.9573,1719077,0,0,0,14-3-29 21:57:23,1
1I516BP4GU,113.91,22.9573,1719077,0,0,0,14-3-29 21:58:12,1
1I516BP4GU,113.91,22.9573,1719077,0,0,0,14-3-29 22:0:12,1
1I516BP4GU,113.91,22.9573,1719077,0,0,0,14-3-29 22:2:12,1
1I516BP4GU,113.91,22.9573,1719077,0,0,0,14-3-29 22:2:24,1
1I516BP4GU,113.91,22.9573,1719077,0,0,0,14-3-29 22:4:12,1
1I516BP4GU,113.91,22.9573,1719077,0,0,0,14-3-29 22:6:12,1
1I516BP4GU,113.91,22.9573,1719077,0,0,0,14-3-29 22:7:25,1
1I516BP4GU,113.91,22.9573,1719077,0,0,0,14-3-29 22:8:14,1
1I516BP4GU,113.91,22.9573,1719077,0,0,0,14-3-29 22:10:14,1
1I516BP4GU,113.91,22.9573,1719077,0,0,0,14-3-29 22:12:14,1
1I516BP4GU,113.91,22.9573,1719077,0,0,0,14-3-29 22:12:26,1
1I516BP4GU,113.91,22.9573,1719077,0,0,0,14-3-29 22:14:14,1
1I516BP4GU,113.91,22.9573,1719077,0,0,0,14-3-29 22:16:14,1
1I516BP4GU,113.91,22.9573,1719077,0,0,0,14-3-29 22:17:27,1
1I516BP4GU,113.91,22.9573,1719077,0,0,0,14-3-29 22:18:14,1
1I516BP4GU,113.91,22.9573,1719077,0,0,0,14-3-29 22:20:14,1
1I516BP4GU,113.91,22.9573,1719077,0,0,0,14-3-29 22:22:14,1
1I516BP4GU,113.91,22.9573,1719077,0,0,0,14-3-29 22:22:28,1
1I516BP4GU,113.91,22.9573,1719077,0,0,0,14-3-29 22:24:14,1
1I516BP4GU,113.91,22.9573,1719077,0,0,0,14-3-29 22:26:14,1
1I516BP4GU,113.91,22.9573,1719077,0,0,0,14-3-29 22:27:29,1
1I516BP4GU,113.91,22.9573,1719077,0,0,0,14-3-29 22:28:14,1
1I516BP4GU,113.91,22.9573,1719077,0,0,0,14-3-29 22:30:14,1
1I516BP4GU,113.91,22.9573,1719077,0,0,0,14-3-29 22:32:14,1
1I516BP4GU,113.91,22.9573,1719077,0,0,0,14-3-29 22:32:30,1
1I516BP4GU,113.91,22.9573,1719077,0,0,0,14-3-29 22:34:14,1
1I516BP4GU,113.91,22.9573,1719077,0,0,0,14-3-29 22:36:14,1
1I516BP4GU,113.91,22.9573,1719077,0,0,0,14-3-29 22:37:31,1
1I516BP4GU,113.91,22.9573,1719077,0,0,0,14-3-29 22:38:14,1
1I516BP4GU,113.91,22.9573,1719077,0,0,0,14-3-29 22:40:14,1
1I516BP4GU,113.91,22.9573,1719077,0,0,0,14-3-29 22:42:14,1
1I516BP4GU,113.91,22.9573,1719077,0,0,0,14-3-29 22:42:34,1
1I516BP4GU,113.91,22.9573,1719077,0,0,0,14-3-29 22:44:14,1
1I516BP4GU,113.91,22.9573,1719077,0,0,0,14-3-29 22:46:14,1
1I516BP4GU,113.91,22.9573,1719077,0,0,0,14-3-29 22:47:35,1
1I516BP4GU,113.91,22.9573,1719077,0,0,0,14-3-29 22:48:14,1
1I516BP4GU,113.91,22.9573,1719077,0,0,0,14-3-29 22:50:14,1
1I516BP4GU,113.91,22.9573,1719077,0,0,0,14-3-29 22:52:16,1
1I516BP4GU,113.91,22.9573,1719077,0,0,0,14-3-29 22:52:36,1
1I516BP4GU,113.91,22.9573,1719077,0,0,0,14-3-29 22:54:16,1
1I516BP4GU,113.91,22.9573,1719077,0,0,0,14-3-29 22:56:16,1
1I516BP4GU,113.91,22.9573,1719077,0,0,0,14-3-29 22:57:37,1
1I516BP4GU,113.91,22.9573,1719077,0,0,0,14-3-29 22:58:16,1
1I516BP4GU,113.91,22.9573,1719077,0,0,0,14-3-29 23:0:16,1
1I516BP4GU,113.91,22.9573,1719077,0,0,0,14-3-29 23:2:16,1
1I516BP4GU,113.91,22.9573,1719077,0,0,0,14-3-29 23:2:38,1
1I516BP4GU,113.91,22.9573,1719077,0,0,0,14-3-29 23:4:16,1
1I516BP4GU,113.91,22.9573,1719077,0,0,0,14-3-29 23:6:16,1
1I516BP4GU,113.909,22.9576,1719077,0,0,0,14-3-29 23:7:39,1
1I516BP4GU,113.909,22.9576,1719077,0,0,0,14-3-29 23:8:16,1
1I516BP4GU,113.909,22.9576,1719077,0,0,0,14-3-29 23:10:16,1
1I516BP4GU,113.909,22.9576,1719077,0,0,0,14-3-29 23:12:16,1
1I516BP4GU,113.909,22.9576,1719077,0,0,0,14-3-29 23:12:40,1
1I516BP4GU,113.909,22.9576,1719077,0,0,0,14-3-29 23:14:16,1
1I516BP4GU,113.91,22.9586,1719078,5,20,0,14-3-29 23:16:16,1
1I516BP4GU,113.91,22.9592,1719079,0,0,0,14-3-29 23:17:41,1
1I516BP4GU,113.91,22.9592,1719079,0,0,0,14-3-29 23:18:16,1
1I516BP4GU,113.91,22.9592,1719079,0,0,0,14-3-29 23:20:16,1
1I516BP4GU,113.91,22.9592,1719079,0,0,0,14-3-29 23:22:16,1
1I516BP4GU,113.91,22.9592,1719079,0,0,0,14-3-29 23:22:42,1
1I516BP4GU,113.91,22.9592,1719079,0,0,0,14-3-29 23:24:16,1
1I516BP4GU,113.91,22.9592,1719079,0,0,0,14-3-29 23:26:15,1
1I516BP4GU,113.91,22.9592,1719079,0,0,0,14-3-29 23:27:43,1
1I516BP4GU,113.91,22.9592,1719079,0,0,0,14-3-29 23:28:15,1
1I516BP4GU,113.91,22.9592,1719079,0,0,0,14-3-29 23:30:15,1
1I516BP4GU,113.91,22.9592,1719079,0,0,0,14-3-29 23:32:15,1
1I516BP4GU,113.91,22.9592,1719079,0,0,0,14-3-29 23:32:44,1
1I516BP4GU,113.91,22.9592,1719079,0,0,0,14-3-29 23:34:15,1
1I516BP4GU,113.91,22.9592,1719079,0,0,0,14-3-29 23:36:18,1
1I516BP4GU,113.91,22.9592,1719079,0,0,0,14-3-29 23:37:45,1
1I516BP4GU,113.91,22.9592,1719079,0,0,0,14-3-29 23:38:18,1
1I516BP4GU,113.91,22.9592,1719079,0,0,0,14-3-29 23:40:18,1
1I516BP4GU,113.91,22.9592,1719079,0,0,0,14-3-29 23:42:18,1
1I516BP4GU,113.91,22.9592,1719079,0,0,0,14-3-29 23:42:46,1
1I516BP4GU,113.91,22.9592,1719079,0,0,0,14-3-29 23:44:18,1
1I516BP4GU,113.91,22.9592,1719079,0,0,0,14-3-29 23:46:18,1
1I516BP4GU,113.91,22.9592,1719079,0,0,0,14-3-29 23:47:50,1
1I516BP4GU,113.91,22.9592,1719079,0,0,0,14-3-29 23:48:18,1
1I516BP4GU,113.91,22.9592,1719079,0,0,0,14-3-29 23:50:18,1
1I516BP4GU,113.91,22.9592,1719079,0,0,0,14-3-29 23:52:18,1
1I516BP4GU,113.91,22.9592,1719079,0,0,0,14-3-29 23:52:51,1
1I516BP4GU,113.91,22.9592,1719079,0,0,0,14-3-29 23:54:18,1
1I516BP4GU,113.91,22.9592,1719079,0,0,0,14-3-29 23:56:18,1
1I516BP4GU,113.91,22.9592,1719079,0,0,0,14-3-29 23:57:52,1
1I516BP4GU,113.91,22.9592,1719079,0,0,0,14-3-29 23:58:18,1
