1P5GX7B7SI,117.213,39.2281,76499,0,75,0,14-3-28 0:0:37,1
1P5GX7B7SI,117.213,39.2281,76499,0,75,0,14-3-28 0:2:39,1
1P5GX7B7SI,117.213,39.2281,76499,0,75,0,14-3-28 0:4:41,1
1P5GX7B7SI,117.213,39.2281,76499,0,75,0,14-3-28 0:6:42,1
1P5GX7B7SI,117.213,39.2281,76499,0,75,0,14-3-28 0:8:44,1
1P5GX7B7SI,117.213,39.2281,76499,0,75,0,14-3-28 0:10:45,1
1P5GX7B7SI,117.213,39.2281,76499,0,75,0,14-3-28 0:12:47,1
1P5GX7B7SI,117.213,39.2281,76499,0,75,0,14-3-28 0:14:48,1
1P5GX7B7SI,117.213,39.2281,76499,0,75,0,14-3-28 0:16:51,1
1P5GX7B7SI,117.213,39.2281,76499,0,75,0,14-3-28 0:18:51,1
1P5GX7B7SI,117.213,39.2281,76499,0,75,0,14-3-28 0:20:53,1
1P5GX7B7SI,117.213,39.2281,76499,0,75,0,14-3-28 0:22:54,1
1P5GX7B7SI,117.213,39.2281,76499,0,75,0,14-3-28 0:24:56,1
1P5GX7B7SI,117.213,39.2281,76499,0,75,0,14-3-28 0:26:57,1
1P5GX7B7SI,117.213,39.2281,76499,0,75,0,14-3-28 0:28:59,1
1P5GX7B7SI,117.213,39.2281,76499,0,75,0,14-3-28 0:31:0,1
1P5GX7B7SI,117.213,39.2281,76499,0,75,0,14-3-28 0:33:2,1
1P5GX7B7SI,117.213,39.2281,76499,0,75,0,14-3-28 0:35:4,1
1P5GX7B7SI,117.213,39.2281,76499,0,75,0,14-3-28 0:37:5,1
1P5GX7B7SI,117.213,39.2281,76499,0,75,0,14-3-28 0:39:7,1
1P5GX7B7SI,117.213,39.2281,76499,0,75,0,14-3-28 0:41:8,1
1P5GX7B7SI,117.213,39.2281,76499,0,75,0,14-3-28 0:43:10,1
1P5GX7B7SI,117.213,39.2281,76499,0,75,0,14-3-28 0:45:11,1
1P5GX7B7SI,117.213,39.2281,76499,0,75,0,14-3-28 0:47:13,1
1P5GX7B7SI,117.213,39.2281,76499,0,75,0,14-3-28 0:49:14,1
1P5GX7B7SI,117.213,39.2281,76499,0,75,0,14-3-28 0:51:16,1
1P5GX7B7SI,117.213,39.2281,76499,0,75,0,14-3-28 0:53:19,1
1P5GX7B7SI,117.213,39.2281,76499,0,75,0,14-3-28 0:55:19,1
1P5GX7B7SI,117.213,39.2281,76499,0,75,0,14-3-28 0:57:20,1
1P5GX7B7SI,117.213,39.2281,76499,0,75,0,14-3-28 0:59:22,1
1P5GX7B7SI,117.213,39.2281,76499,0,75,0,14-3-28 1:1:23,1
1P5GX7B7SI,117.213,39.2281,76499,0,75,0,14-3-28 1:3:25,1
1P5GX7B7SI,117.213,39.2281,76499,0,75,0,14-3-28 1:5:26,1
1P5GX7B7SI,117.213,39.2281,76499,0,75,0,14-3-28 1:7:28,1
1P5GX7B7SI,117.213,39.2281,76499,0,75,0,14-3-28 1:9:30,1
1P5GX7B7SI,117.213,39.2281,76499,0,75,0,14-3-28 1:11:31,1
1P5GX7B7SI,117.213,39.2281,76499,0,75,0,14-3-28 1:13:33,1
1P5GX7B7SI,117.213,39.2281,76499,0,75,0,14-3-28 1:15:34,1
1P5GX7B7SI,117.213,39.2281,76499,0,75,0,14-3-28 1:17:36,1
1P5GX7B7SI,117.213,39.2281,76499,0,75,0,14-3-28 1:19:37,1
1P5GX7B7SI,117.213,39.2281,76499,0,75,0,14-3-28 1:21:39,1
1P5GX7B7SI,117.213,39.2281,76499,0,75,0,14-3-28 1:23:40,1
1P5GX7B7SI,117.213,39.2281,76499,0,75,0,14-3-28 1:25:42,1
1P5GX7B7SI,117.213,39.2281,76499,0,75,0,14-3-28 1:27:43,1
1P5GX7B7SI,117.213,39.2281,76499,0,75,0,14-3-28 1:29:46,1
1P5GX7B7SI,117.213,39.2281,76499,0,75,0,14-3-28 1:31:46,1
1P5GX7B7SI,117.213,39.2281,76499,0,75,0,14-3-28 1:33:48,1
1P5GX7B7SI,117.213,39.2281,76499,0,75,0,14-3-28 1:35:49,1
1P5GX7B7SI,117.213,39.2281,76499,0,75,0,14-3-28 1:37:52,1
1P5GX7B7SI,117.213,39.2281,76499,0,75,0,14-3-28 1:39:53,1
1P5GX7B7SI,117.213,39.2281,76499,0,75,0,14-3-28 1:41:54,1
1P5GX7B7SI,117.213,39.2281,76499,0,75,0,14-3-28 1:43:55,1
1P5GX7B7SI,117.213,39.2281,76499,0,75,0,14-3-28 1:45:57,1
1P5GX7B7SI,117.213,39.2281,76499,0,75,0,14-3-28 1:47:59,1
1P5GX7B7SI,117.213,39.2281,76499,0,75,0,14-3-28 1:50:0,1
1P5GX7B7SI,117.213,39.2281,76499,0,75,0,14-3-28 1:52:2,1
1P5GX7B7SI,117.213,39.2281,76499,0,75,0,14-3-28 1:54:3,1
1P5GX7B7SI,117.213,39.2281,76499,0,75,0,14-3-28 1:56:5,1
1P5GX7B7SI,117.213,39.2281,76499,0,165,0,14-3-28 1:58:8,1
1P5GX7B7SI,117.213,39.2282,76499,0,175,0,14-3-28 2:0:8,1
1P5GX7B7SI,117.213,39.2281,76499,5,75,0,14-3-28 2:2:10,1
1P5GX7B7SI,117.213,39.2282,76499,0,165,0,14-3-28 2:4:11,1
1P5GX7B7SI,117.213,39.2282,76499,0,165,0,14-3-28 2:6:12,1
1P5GX7B7SI,117.213,39.2282,76499,0,165,0,14-3-28 2:8:14,1
1P5GX7B7SI,117.213,39.2282,76499,0,165,0,14-3-28 2:10:15,1
1P5GX7B7SI,117.213,39.2282,76499,0,165,0,14-3-28 2:12:17,1
1P5GX7B7SI,117.213,39.2282,76499,0,165,0,14-3-28 2:14:18,1
1P5GX7B7SI,117.213,39.2282,76499,0,165,0,14-3-28 2:16:20,1
1P5GX7B7SI,117.213,39.2282,76499,0,165,0,14-3-28 2:18:22,1
1P5GX7B7SI,117.213,39.2282,76499,0,165,0,14-3-28 2:20:23,1
1P5GX7B7SI,117.213,39.2282,76499,0,165,0,14-3-28 2:22:25,1
1P5GX7B7SI,117.213,39.2282,76499,0,165,0,14-3-28 2:24:27,1
1P5GX7B7SI,117.213,39.2282,76499,0,165,0,14-3-28 2:26:28,1
1P5GX7B7SI,117.213,39.2282,76499,0,165,0,14-3-28 2:28:29,1
1P5GX7B7SI,117.213,39.2282,76499,0,165,0,14-3-28 2:30:31,1
1P5GX7B7SI,117.213,39.2282,76499,0,165,0,14-3-28 2:32:34,1
1P5GX7B7SI,117.213,39.2282,76499,0,165,0,14-3-28 2:34:34,1
1P5GX7B7SI,117.213,39.2282,76499,0,165,0,14-3-28 2:36:35,1
1P5GX7B7SI,117.213,39.2282,76499,0,165,0,14-3-28 2:38:37,1
1P5GX7B7SI,117.213,39.2282,76499,0,165,0,14-3-28 2:40:38,1
1P5GX7B7SI,117.213,39.2282,76499,0,165,0,14-3-28 2:42:40,1
1P5GX7B7SI,117.213,39.2282,76499,0,165,0,14-3-28 2:44:42,1
1P5GX7B7SI,117.213,39.2282,76499,0,165,0,14-3-28 2:46:43,1
1P5GX7B7SI,117.213,39.2282,76499,0,165,0,14-3-28 2:48:44,1
1P5GX7B7SI,117.213,39.2282,76499,0,165,0,14-3-28 2:50:46,1
1P5GX7B7SI,117.213,39.2282,76499,0,165,0,14-3-28 2:52:48,1
1P5GX7B7SI,117.213,39.2282,76499,0,165,0,14-3-28 2:54:50,1
1P5GX7B7SI,117.213,39.2282,76499,0,165,0,14-3-28 2:56:51,1
1P5GX7B7SI,117.213,39.2282,76499,0,165,0,14-3-28 2:58:52,1
1P5GX7B7SI,117.213,39.2282,76499,0,165,0,14-3-28 3:0:54,1
1P5GX7B7SI,117.213,39.2279,76499,0,70,0,14-3-28 3:2:56,1
1P5GX7B7SI,117.213,39.2283,76499,0,10,0,14-3-28 3:4:57,1
1P5GX7B7SI,117.213,39.2283,76499,0,10,0,14-3-28 3:6:58,1
1P5GX7B7SI,117.213,39.2283,76499,0,10,0,14-3-28 3:9:0,1
1P5GX7B7SI,117.213,39.2283,76499,0,10,0,14-3-28 3:11:1,1
1P5GX7B7SI,117.213,39.2283,76499,0,10,0,14-3-28 3:13:3,1
1P5GX7B7SI,117.213,39.2283,76499,0,10,0,14-3-28 3:15:4,1
1P5GX7B7SI,117.213,39.2283,76499,0,10,0,14-3-28 3:17:6,1
1P5GX7B7SI,117.213,39.2283,76499,0,10,0,14-3-28 3:19:8,1
1P5GX7B7SI,117.213,39.2283,76499,0,10,0,14-3-28 3:21:9,1
1P5GX7B7SI,117.213,39.2283,76499,0,10,0,14-3-28 3:23:10,1
1P5GX7B7SI,117.213,39.2283,76499,0,10,0,14-3-28 3:25:12,1
1P5GX7B7SI,117.213,39.2283,76499,0,10,0,14-3-28 3:27:13,1
1P5GX7B7SI,117.213,39.2283,76499,0,10,0,14-3-28 3:29:15,1
1P5GX7B7SI,117.213,39.2283,76499,0,10,0,14-3-28 3:31:17,1
1P5GX7B7SI,117.213,39.2283,76499,0,10,0,14-3-28 3:33:18,1
1P5GX7B7SI,117.213,39.2283,76499,0,10,0,14-3-28 3:35:20,1
1P5GX7B7SI,117.213,39.2283,76499,0,10,0,14-3-28 3:37:22,1
1P5GX7B7SI,117.213,39.2283,76499,0,10,0,14-3-28 3:39:23,1
1P5GX7B7SI,117.213,39.2283,76499,0,10,0,14-3-28 3:41:24,1
1P5GX7B7SI,117.213,39.2283,76499,0,10,0,14-3-28 3:43:26,1
1P5GX7B7SI,117.213,39.2283,76499,0,10,0,14-3-28 3:45:27,1
1P5GX7B7SI,117.213,39.228,76499,0,90,0,14-3-28 3:47:29,1
1P5GX7B7SI,117.213,39.228,76499,0,90,0,14-3-28 3:49:30,1
1P5GX7B7SI,117.213,39.2277,76499,0,105,0,14-3-28 3:51:32,1
1P5GX7B7SI,117.213,39.2277,76499,0,105,0,14-3-28 3:53:33,1
1P5GX7B7SI,117.213,39.2277,76499,0,105,0,14-3-28 3:55:35,1
1P5GX7B7SI,117.213,39.2277,76500,9,80,0,14-3-28 3:57:38,1
1P5GX7B7SI,117.213,39.2277,76500,0,75,0,14-3-28 3:59:38,1
1P5GX7B7SI,117.213,39.2277,76500,0,75,0,14-3-28 4:1:39,1
1P5GX7B7SI,117.213,39.2277,76500,0,75,0,14-3-28 4:3:41,1
1P5GX7B7SI,117.213,39.2284,76500,0,20,0,14-3-28 4:5:42,1
1P5GX7B7SI,117.213,39.2283,76500,0,165,0,14-3-28 4:7:44,1
1P5GX7B7SI,117.213,39.2283,76500,0,165,0,14-3-28 4:9:46,1
1P5GX7B7SI,117.213,39.2283,76500,0,165,0,14-3-28 4:11:47,1
1P5GX7B7SI,117.213,39.2283,76500,0,165,0,14-3-28 4:13:49,1
1P5GX7B7SI,117.213,39.2283,76500,0,165,0,14-3-28 4:15:50,1
1P5GX7B7SI,117.213,39.2283,76500,0,165,0,14-3-28 4:17:52,1
1P5GX7B7SI,117.213,39.2282,76500,0,55,0,14-3-28 4:19:54,1
1P5GX7B7SI,117.213,39.2282,76500,0,55,0,14-3-28 4:21:55,1
1P5GX7B7SI,117.213,39.2282,76500,0,55,0,14-3-28 4:23:56,1
1P5GX7B7SI,117.213,39.2282,76500,0,55,0,14-3-28 4:25:58,1
1P5GX7B7SI,117.213,39.2282,76500,0,55,0,14-3-28 4:27:59,1
1P5GX7B7SI,117.213,39.2282,76500,0,55,0,14-3-28 4:30:1,1
1P5GX7B7SI,117.213,39.2282,76500,0,55,0,14-3-28 4:32:2,1
1P5GX7B7SI,117.213,39.2282,76500,0,55,0,14-3-28 4:34:4,1
1P5GX7B7SI,117.213,39.2282,76500,0,55,0,14-3-28 4:36:6,1
1P5GX7B7SI,117.213,39.2282,76500,0,55,0,14-3-28 4:38:7,1
1P5GX7B7SI,117.213,39.2282,76500,0,55,0,14-3-28 4:40:8,1
1P5GX7B7SI,117.213,39.2282,76500,0,55,0,14-3-28 4:42:10,1
1P5GX7B7SI,117.213,39.2279,76500,0,150,0,14-3-28 4:44:11,1
1P5GX7B7SI,117.213,39.2279,76500,0,150,0,14-3-28 4:46:13,1
1P5GX7B7SI,117.213,39.2279,76500,0,150,0,14-3-28 4:48:14,1
1P5GX7B7SI,117.213,39.2279,76500,0,150,0,14-3-28 4:50:16,1
1P5GX7B7SI,117.213,39.2279,76500,0,150,0,14-3-28 4:52:17,1
1P5GX7B7SI,117.213,39.2279,76500,0,150,0,14-3-28 4:54:19,1
1P5GX7B7SI,117.213,39.2279,76500,0,150,0,14-3-28 4:56:22,1
1P5GX7B7SI,117.213,39.2279,76500,0,150,0,14-3-28 4:58:22,1
1P5GX7B7SI,117.213,39.2279,76500,0,150,0,14-3-28 5:0:23,1
1P5GX7B7SI,117.213,39.2279,76500,0,150,0,14-3-28 5:2:25,1
1P5GX7B7SI,117.213,39.2279,76500,0,150,0,14-3-28 5:4:28,1
1P5GX7B7SI,117.213,39.2279,76500,0,150,0,14-3-28 5:6:28,1
1P5GX7B7SI,117.213,39.2279,76500,0,150,0,14-3-28 5:8:29,1
1P5GX7B7SI,117.213,39.2279,76500,0,150,0,14-3-28 5:10:31,1
1P5GX7B7SI,117.213,39.2279,76500,0,150,0,14-3-28 5:12:32,1
1P5GX7B7SI,117.213,39.2279,76500,0,150,0,14-3-28 5:14:34,1
1P5GX7B7SI,117.213,39.2279,76500,0,150,0,14-3-28 5:16:35,1
1P5GX7B7SI,117.213,39.2279,76500,0,150,0,14-3-28 5:18:37,1
1P5GX7B7SI,117.213,39.2279,76500,0,150,0,14-3-28 5:20:38,1
1P5GX7B7SI,117.213,39.2279,76500,0,150,0,14-3-28 5:22:40,1
1P5GX7B7SI,117.213,39.2279,76500,0,150,0,14-3-28 5:24:41,1
1P5GX7B7SI,117.213,39.2279,76500,0,150,0,14-3-28 5:26:43,1
1P5GX7B7SI,117.213,39.2279,76500,0,150,0,14-3-28 5:28:45,1
1P5GX7B7SI,117.213,39.2279,76500,0,150,0,14-3-28 5:30:46,1
1P5GX7B7SI,117.213,39.2279,76500,0,150,0,14-3-28 5:32:47,1
1P5GX7B7SI,117.213,39.2279,76500,0,150,0,14-3-28 5:34:49,1
1P5GX7B7SI,117.213,39.2279,76500,0,150,0,14-3-28 5:36:50,1
1P5GX7B7SI,117.213,39.2279,76500,0,150,0,14-3-28 5:38:53,1
1P5GX7B7SI,117.213,39.2282,76500,0,175,0,14-3-28 5:40:53,1
1P5GX7B7SI,117.213,39.2282,76500,0,175,0,14-3-28 5:42:55,1
1P5GX7B7SI,117.213,39.2282,76500,0,175,0,14-3-28 5:44:56,1
1P5GX7B7SI,117.213,39.2282,76500,0,175,0,14-3-28 5:46:59,1
1P5GX7B7SI,117.213,39.2282,76500,0,175,0,14-3-28 5:48:59,1
1P5GX7B7SI,117.213,39.2282,76500,0,175,0,14-3-28 5:51:1,1
1P5GX7B7SI,117.213,39.2282,76500,0,175,0,14-3-28 5:53:3,1
1P5GX7B7SI,117.213,39.2282,76500,0,175,0,14-3-28 5:55:4,1
1P5GX7B7SI,117.213,39.2282,76500,0,175,0,14-3-28 5:57:6,1
1P5GX7B7SI,117.213,39.2282,76500,0,175,0,14-3-28 5:59:8,1
1P5GX7B7SI,117.213,39.2282,76500,0,175,0,14-3-28 6:1:9,1
1P5GX7B7SI,117.213,39.2282,76500,0,175,0,14-3-28 6:3:10,1
1P5GX7B7SI,117.213,39.2282,76500,0,175,0,14-3-28 6:5:12,1
1P5GX7B7SI,117.213,39.2282,76500,0,175,0,14-3-28 6:7:13,1
1P5GX7B7SI,117.213,39.2282,76500,0,170,0,14-3-28 6:9:15,1
1P5GX7B7SI,117.213,39.2282,76500,0,170,0,14-3-28 6:11:16,1
1P5GX7B7SI,117.213,39.228,76500,0,80,0,14-3-28 6:13:18,1
1P5GX7B7SI,117.213,39.2283,76500,0,165,0,14-3-28 6:15:21,1
1P5GX7B7SI,117.213,39.2283,76500,0,165,0,14-3-28 6:17:21,1
1P5GX7B7SI,117.213,39.2283,76500,0,165,0,14-3-28 6:19:23,1
1P5GX7B7SI,117.213,39.2283,76500,0,165,0,14-3-28 6:21:24,1
1P5GX7B7SI,117.213,39.2283,76500,0,165,0,14-3-28 6:23:26,1
1P5GX7B7SI,117.213,39.2283,76500,0,165,0,14-3-28 6:25:27,1
1P5GX7B7SI,117.213,39.2283,76500,0,165,0,14-3-28 6:27:29,1
1P5GX7B7SI,117.213,39.2283,76500,0,165,0,14-3-28 6:29:30,1
1P5GX7B7SI,117.213,39.2283,76500,0,165,0,14-3-28 6:31:32,1
1P5GX7B7SI,117.213,39.2283,76500,0,165,0,14-3-28 6:33:34,1
1P5GX7B7SI,117.213,39.2283,76500,0,165,0,14-3-28 6:35:35,1
1P5GX7B7SI,117.213,39.2283,76500,0,165,0,14-3-28 6:37:36,1
1P5GX7B7SI,117.213,39.2283,76500,0,165,0,14-3-28 6:39:38,1
1P5GX7B7SI,117.213,39.2283,76500,0,165,0,14-3-28 6:41:41,1
1P5GX7B7SI,117.213,39.2283,76500,0,165,0,14-3-28 6:43:41,1
1P5GX7B7SI,117.213,39.2283,76500,0,165,0,14-3-28 6:45:42,1
1P5GX7B7SI,117.213,39.2283,76500,0,165,0,14-3-28 6:47:44,1
1P5GX7B7SI,117.213,39.2283,76500,0,165,0,14-3-28 6:49:46,1
1P5GX7B7SI,117.213,39.2283,76500,0,165,0,14-3-28 6:51:47,1
1P5GX7B7SI,117.213,39.2283,76500,0,165,0,14-3-28 6:53:48,1
1P5GX7B7SI,117.213,39.2283,76500,0,165,0,14-3-28 6:55:50,1
1P5GX7B7SI,117.213,39.2283,76500,0,165,0,14-3-28 6:57:52,1
1P5GX7B7SI,117.213,39.2283,76500,0,165,0,14-3-28 6:59:53,1
1P5GX7B7SI,117.213,39.2283,76500,0,165,0,14-3-28 7:1:55,1
1P5GX7B7SI,117.213,39.2283,76500,0,165,0,14-3-28 7:3:57,1
1P5GX7B7SI,117.213,39.2283,76500,0,165,0,14-3-28 7:5:58,1
1P5GX7B7SI,117.213,39.2283,76500,0,165,0,14-3-28 7:7:59,1
1P5GX7B7SI,117.213,39.2283,76500,0,165,0,14-3-28 7:10:1,1
1P5GX7B7SI,117.213,39.2283,76500,0,165,0,14-3-28 7:12:2,1
1P5GX7B7SI,117.213,39.2283,76500,0,165,0,14-3-28 7:14:4,1
1P5GX7B7SI,117.213,39.2283,76500,0,165,0,14-3-28 7:16:5,1
1P5GX7B7SI,117.213,39.2283,76500,0,165,0,14-3-28 7:18:7,1
1P5GX7B7SI,117.213,39.2283,76500,0,165,0,14-3-28 7:20:8,1
1P5GX7B7SI,117.213,39.2283,76500,0,165,0,14-3-28 7:22:10,1
1P5GX7B7SI,117.213,39.2283,76500,0,165,0,14-3-28 7:24:11,1
1P5GX7B7SI,117.213,39.2283,76500,0,165,0,14-3-28 7:26:13,1
1P5GX7B7SI,117.213,39.2283,76500,0,165,0,14-3-28 7:28:14,1
1P5GX7B7SI,117.213,39.2283,76500,0,165,0,14-3-28 7:30:16,1
1P5GX7B7SI,117.213,39.2283,76500,0,165,0,14-3-28 7:32:17,1
1P5GX7B7SI,117.213,39.2283,76500,0,165,0,14-3-28 7:34:19,1
1P5GX7B7SI,117.213,39.2283,76500,0,165,0,14-3-28 7:36:21,1
1P5GX7B7SI,117.213,39.2283,76500,0,165,0,14-3-28 7:38:22,1
1P5GX7B7SI,117.213,39.2283,76500,0,165,0,14-3-28 7:40:24,1
1P5GX7B7SI,117.213,39.2283,76500,0,165,0,14-3-28 7:42:25,1
1P5GX7B7SI,117.213,39.2283,76500,0,165,0,14-3-28 7:44:27,1
1P5GX7B7SI,117.213,39.2283,76500,0,165,0,14-3-28 7:46:28,1
1P5GX7B7SI,117.213,39.2283,76500,0,165,0,14-3-28 7:48:30,1
1P5GX7B7SI,117.213,39.2283,76500,0,165,0,14-3-28 7:50:33,1
1P5GX7B7SI,117.213,39.2283,76500,0,165,0,14-3-28 7:52:33,1
1P5GX7B7SI,117.213,39.2283,76500,0,165,0,14-3-28 7:54:34,1
1P5GX7B7SI,117.213,39.2283,76500,0,165,0,14-3-28 7:56:36,1
1P5GX7B7SI,117.213,39.2283,76500,0,165,0,14-3-28 7:58:37,1
1P5GX7B7SI,117.213,39.2283,76500,0,165,0,14-3-28 8:0:39,1
1P5GX7B7SI,117.213,39.2283,76500,0,165,0,14-3-28 8:2:41,1
1P5GX7B7SI,117.213,39.2283,76500,0,165,0,14-3-28 8:4:42,1
1P5GX7B7SI,117.213,39.2283,76500,0,165,0,14-3-28 8:6:44,1
1P5GX7B7SI,117.213,39.2283,76500,0,165,0,14-3-28 8:8:45,1
1P5GX7B7SI,117.213,39.2283,76500,0,165,0,14-3-28 8:10:47,1
1P5GX7B7SI,117.213,39.2283,76500,0,165,0,14-3-28 8:12:49,1
1P5GX7B7SI,117.213,39.2283,76500,0,165,0,14-3-28 8:14:50,1
1P5GX7B7SI,117.213,39.2295,76501,7,170,0,14-3-28 8:16:51,1
1P5GX7B7SI,117.213,39.2295,76501,0,160,0,14-3-28 8:19:9,0
1P5GX7B7SI,117.213,39.2295,76501,0,160,0,14-3-28 8:21:10,0
1P5GX7B7SI,117.213,39.2295,76501,0,160,0,14-3-28 8:23:11,0
1P5GX7B7SI,117.213,39.2295,76501,0,160,0,14-3-28 8:25:12,0
1P5GX7B7SI,117.213,39.2295,76501,0,160,0,14-3-28 8:27:13,0
1P5GX7B7SI,117.213,39.2295,76501,0,160,0,14-3-28 8:29:15,0
1P5GX7B7SI,117.213,39.2295,76501,0,160,0,14-3-28 8:31:15,0
1P5GX7B7SI,117.213,39.2295,76501,0,160,0,14-3-28 8:33:16,0
1P5GX7B7SI,117.213,39.2295,76501,0,160,0,14-3-28 8:35:17,0
1P5GX7B7SI,117.213,39.2295,76501,0,160,0,14-3-28 8:37:18,0
1P5GX7B7SI,117.213,39.2295,76501,0,160,0,14-3-28 8:39:20,0
1P5GX7B7SI,117.213,39.2295,76501,0,160,0,14-3-28 8:41:20,0
1P5GX7B7SI,117.213,39.2295,76501,0,160,0,14-3-28 8:43:21,0
1P5GX7B7SI,117.213,39.2295,76501,0,160,0,14-3-28 8:45:22,0
1P5GX7B7SI,117.213,39.2295,76501,0,160,0,14-3-28 8:47:25,0
1P5GX7B7SI,117.213,39.2295,76501,0,160,0,14-3-28 8:49:26,0
1P5GX7B7SI,117.213,39.2295,76501,0,160,0,14-3-28 8:51:28,0
1P5GX7B7SI,117.213,39.2295,76501,0,160,0,14-3-28 8:53:28,0
1P5GX7B7SI,117.213,39.2295,76501,0,160,0,14-3-28 8:55:29,0
1P5GX7B7SI,117.213,39.2295,76501,0,160,0,14-3-28 8:57:30,0
1P5GX7B7SI,117.213,39.2295,76501,0,160,0,14-3-28 8:59:32,0
1P5GX7B7SI,117.213,39.2295,76501,0,160,0,14-3-28 9:1:32,0
1P5GX7B7SI,117.213,39.2295,76501,0,160,0,14-3-28 9:3:33,0
1P5GX7B7SI,117.213,39.2295,76501,0,160,0,14-3-28 9:5:34,0
1P5GX7B7SI,117.213,39.2295,76501,0,160,0,14-3-28 9:7:35,0
1P5GX7B7SI,117.213,39.2295,76501,0,160,0,14-3-28 9:9:36,0
1P5GX7B7SI,117.213,39.2295,76501,0,160,0,14-3-28 9:11:37,0
1P5GX7B7SI,117.213,39.2295,76501,0,160,0,14-3-28 9:13:39,0
1P5GX7B7SI,117.213,39.2295,76501,0,160,0,14-3-28 9:15:39,0
1P5GX7B7SI,117.213,39.2295,76501,0,160,0,14-3-28 9:17:40,0
1P5GX7B7SI,117.213,39.2295,76501,0,160,0,14-3-28 9:19:41,0
1P5GX7B7SI,117.213,39.2295,76501,0,160,0,14-3-28 9:23:43,0
1P5GX7B7SI,117.213,39.2295,76501,0,160,0,14-3-28 9:25:44,0
1P5GX7B7SI,117.213,39.2295,76501,0,160,0,14-3-28 9:27:45,0
1P5GX7B7SI,117.213,39.2295,76501,0,160,0,14-3-28 9:29:47,0
1P5GX7B7SI,117.213,39.2295,76501,0,160,0,14-3-28 9:31:47,0
1P5GX7B7SI,117.213,39.2295,76501,0,160,0,14-3-28 9:33:11,0
1P5GX7B7SI,117.213,39.2295,76501,0,4,0,14-3-28 10:0:3,0
1P5GX7B7SI,117.213,39.2295,76501,0,4,0,14-3-28 10:0:46,0
1P5GX7B7SI,117.213,39.2295,76501,0,0,0,14-3-28 10:2:38,0
1P5GX7B7SI,117.213,39.2295,76501,0,85,0,14-3-28 10:5:14,0
1P5GX7B7SI,117.213,39.2295,76501,0,85,0,14-3-28 10:7:16,0
1P5GX7B7SI,117.213,39.2295,76501,0,85,0,14-3-28 10:9:16,0
1P5GX7B7SI,117.213,39.2295,76501,0,85,0,14-3-28 10:11:17,0
1P5GX7B7SI,117.213,39.2295,76501,0,85,0,14-3-28 10:13:18,0
1P5GX7B7SI,117.213,39.2295,76501,0,85,0,14-3-28 10:15:19,0
1P5GX7B7SI,117.213,39.2295,76501,0,85,0,14-3-28 10:17:20,0
1P5GX7B7SI,117.213,39.2295,76501,0,85,0,14-3-28 10:19:21,0
1P5GX7B7SI,117.213,39.2295,76501,0,85,0,14-3-28 10:21:22,0
1P5GX7B7SI,117.213,39.2295,76501,0,85,0,14-3-28 10:23:23,0
1P5GX7B7SI,117.213,39.2295,76501,0,85,0,14-3-28 10:25:24,0
1P5GX7B7SI,117.213,39.2295,76501,0,85,0,14-3-28 10:27:25,0
1P5GX7B7SI,117.213,39.2295,76501,0,85,0,14-3-28 10:29:26,0
1P5GX7B7SI,117.213,39.2295,76501,0,85,0,14-3-28 10:31:27,0
1P5GX7B7SI,117.213,39.2295,76501,0,85,0,14-3-28 10:33:28,0
1P5GX7B7SI,117.213,39.2295,76501,0,85,0,14-3-28 10:35:29,0
1P5GX7B7SI,117.213,39.2295,76501,0,85,0,14-3-28 10:37:30,0
1P5GX7B7SI,117.213,39.2295,76501,0,85,0,14-3-28 10:39:31,0
1P5GX7B7SI,117.213,39.2295,76501,0,85,0,14-3-28 10:41:32,0
1P5GX7B7SI,117.213,39.2295,76501,0,85,0,14-3-28 10:43:33,0
1P5GX7B7SI,117.213,39.2295,76501,0,85,0,14-3-28 10:45:34,0
1P5GX7B7SI,117.213,39.2295,76501,0,85,0,14-3-28 10:47:36,0
1P5GX7B7SI,117.213,39.2295,76501,0,85,0,14-3-28 10:49:36,0
1P5GX7B7SI,117.213,39.2295,76501,0,85,0,14-3-28 10:51:37,0
1P5GX7B7SI,117.213,39.2295,76501,0,85,0,14-3-28 10:53:39,0
1P5GX7B7SI,117.213,39.2295,76501,0,85,0,14-3-28 10:55:39,0
1P5GX7B7SI,117.213,39.2295,76501,0,85,0,14-3-28 10:57:40,0
1P5GX7B7SI,117.213,39.2295,76501,0,85,0,14-3-28 10:59:41,0
1P5GX7B7SI,117.213,39.2295,76501,0,85,0,14-3-28 11:1:42,0
1P5GX7B7SI,117.213,39.2295,76501,0,85,0,14-3-28 11:3:43,0
1P5GX7B7SI,117.213,39.2295,76501,0,85,0,14-3-28 11:5:44,0
1P5GX7B7SI,117.213,39.2295,76501,0,85,0,14-3-28 11:7:46,0
1P5GX7B7SI,117.213,39.2295,76501,0,85,0,14-3-28 11:9:46,0
1P5GX7B7SI,117.213,39.2295,76501,0,85,0,14-3-28 11:11:47,0
1P5GX7B7SI,117.213,39.2295,76501,0,85,0,14-3-28 11:13:49,0
1P5GX7B7SI,117.213,39.2295,76501,0,85,0,14-3-28 11:15:49,0
1P5GX7B7SI,117.213,39.2295,76501,0,85,0,14-3-28 11:17:51,0
1P5GX7B7SI,117.213,39.2295,76501,0,85,0,14-3-28 11:19:51,0
1P5GX7B7SI,117.213,39.2295,76501,0,85,0,14-3-28 11:21:52,0
1P5GX7B7SI,117.213,39.2295,76501,0,85,0,14-3-28 11:23:53,0
1P5GX7B7SI,117.213,39.2295,76501,0,85,0,14-3-28 11:25:54,0
1P5GX7B7SI,117.213,39.2295,76501,0,85,0,14-3-28 11:27:55,0
1P5GX7B7SI,117.213,39.2295,76501,0,85,0,14-3-28 11:29:57,0
1P5GX7B7SI,117.213,39.2295,76501,0,85,0,14-3-28 11:31:57,0
1P5GX7B7SI,117.213,39.2295,76501,0,85,0,14-3-28 11:33:58,0
1P5GX7B7SI,117.213,39.2295,76501,0,85,0,14-3-28 11:35:59,0
1P5GX7B7SI,117.213,39.2295,76501,0,85,0,14-3-28 11:38:1,0
1P5GX7B7SI,117.213,39.2295,76501,0,85,0,14-3-28 11:40:1,0
1P5GX7B7SI,117.213,39.2295,76501,0,85,0,14-3-28 11:42:2,0
1P5GX7B7SI,117.213,39.2295,76501,0,85,0,14-3-28 11:44:3,0
1P5GX7B7SI,117.213,39.2295,76501,0,85,0,14-3-28 11:46:4,0
1P5GX7B7SI,117.213,39.2295,76501,0,85,0,14-3-28 11:48:5,0
1P5GX7B7SI,117.213,39.2295,76501,0,85,0,14-3-28 11:50:7,0
1P5GX7B7SI,117.213,39.2295,76501,0,85,0,14-3-28 11:52:7,0
1P5GX7B7SI,117.213,39.2295,76501,0,85,0,14-3-28 11:54:8,0
1P5GX7B7SI,117.213,39.2295,76501,0,85,0,14-3-28 11:56:9,0
1P5GX7B7SI,117.213,39.2295,76501,0,85,0,14-3-28 11:58:10,0
1P5GX7B7SI,117.213,39.2295,76501,0,85,0,14-3-28 12:0:11,0
1P5GX7B7SI,117.213,39.2295,76501,0,85,0,14-3-28 12:2:13,0
1P5GX7B7SI,117.213,39.2295,76501,0,85,0,14-3-28 12:4:13,0
1P5GX7B7SI,117.213,39.2295,76501,0,85,0,14-3-28 12:6:14,0
1P5GX7B7SI,117.213,39.2295,76501,0,85,0,14-3-28 12:8:15,0
1P5GX7B7SI,117.213,39.2295,76501,0,85,0,14-3-28 12:10:16,0
1P5GX7B7SI,117.213,39.2295,76501,0,85,0,14-3-28 12:12:17,0
1P5GX7B7SI,117.213,39.2295,76501,0,85,0,14-3-28 12:14:18,0
1P5GX7B7SI,117.213,39.2295,76501,0,85,0,14-3-28 12:16:19,0
1P5GX7B7SI,117.213,39.2295,76501,0,85,0,14-3-28 12:18:20,0
1P5GX7B7SI,117.213,39.2295,76501,0,85,0,14-3-28 12:20:22,0
1P5GX7B7SI,117.213,39.2295,76501,0,85,0,14-3-28 12:22:22,0
1P5GX7B7SI,117.213,39.2295,76501,0,85,0,14-3-28 12:24:23,0
1P5GX7B7SI,117.213,39.2295,76501,0,85,0,14-3-28 12:26:25,0
1P5GX7B7SI,117.213,39.2295,76501,0,85,0,14-3-28 12:28:25,0
1P5GX7B7SI,117.213,39.2295,76501,0,85,0,14-3-28 12:30:27,0
1P5GX7B7SI,117.213,39.2295,76501,0,85,0,14-3-28 12:32:27,0
1P5GX7B7SI,117.213,39.2295,76501,0,85,0,14-3-28 12:34:28,0
1P5GX7B7SI,117.213,39.2295,76501,0,85,0,14-3-28 12:36:29,0
1P5GX7B7SI,117.213,39.2295,76501,0,85,0,14-3-28 12:38:30,0
1P5GX7B7SI,117.213,39.2295,76501,0,85,0,14-3-28 12:40:31,0
1P5GX7B7SI,117.213,39.2295,76501,0,85,0,14-3-28 12:42:32,0
1P5GX7B7SI,117.213,39.2295,76501,0,85,0,14-3-28 12:44:33,0
1P5GX7B7SI,117.213,39.2295,76501,0,85,0,14-3-28 12:46:34,0
1P5GX7B7SI,117.213,39.2295,76501,0,85,0,14-3-28 12:48:35,0
1P5GX7B7SI,117.213,39.2295,76501,0,85,0,14-3-28 12:50:36,0
1P5GX7B7SI,117.213,39.2295,76501,0,85,0,14-3-28 12:52:37,0
1P5GX7B7SI,117.213,39.2295,76501,0,85,0,14-3-28 12:54:38,0
1P5GX7B7SI,117.213,39.2295,76501,0,85,0,14-3-28 12:56:39,0
1P5GX7B7SI,117.213,39.2295,76501,0,85,0,14-3-28 12:58:40,0
1P5GX7B7SI,117.213,39.2295,76501,0,85,0,14-3-28 13:0:41,0
1P5GX7B7SI,117.213,39.2295,76501,0,85,0,14-3-28 13:2:42,0
1P5GX7B7SI,117.213,39.2295,76501,0,85,0,14-3-28 13:4:43,0
1P5GX7B7SI,117.213,39.2295,76501,0,85,0,14-3-28 13:6:44,0
1P5GX7B7SI,117.213,39.2295,76501,0,85,0,14-3-28 13:8:45,0
1P5GX7B7SI,117.213,39.2295,76501,0,85,0,14-3-28 13:10:46,0
1P5GX7B7SI,117.213,39.2295,76501,0,85,0,14-3-28 13:12:48,0
1P5GX7B7SI,117.213,39.2295,76501,0,85,0,14-3-28 13:14:48,0
1P5GX7B7SI,117.213,39.2295,76501,0,85,0,14-3-28 13:16:49,0
1P5GX7B7SI,117.213,39.2295,76501,0,85,0,14-3-28 13:18:50,0
1P5GX7B7SI,117.213,39.2295,76501,0,85,0,14-3-28 13:20:51,0
1P5GX7B7SI,117.213,39.2295,76501,0,85,0,14-3-28 13:22:52,0
1P5GX7B7SI,117.213,39.2295,76501,0,85,0,14-3-28 13:24:53,0
1P5GX7B7SI,117.213,39.2295,76501,0,85,0,14-3-28 13:26:55,0
1P5GX7B7SI,117.213,39.2295,76501,0,85,0,14-3-28 13:28:55,0
1P5GX7B7SI,117.213,39.2295,76501,0,85,0,14-3-28 13:30:56,0
1P5GX7B7SI,117.213,39.2295,76501,0,85,0,14-3-28 13:32:57,0
1P5GX7B7SI,117.213,39.2295,76501,0,85,0,14-3-28 13:35:0,0
1P5GX7B7SI,117.213,39.2295,76501,0,85,0,14-3-28 13:37:1,0
1P5GX7B7SI,117.213,39.2295,76501,0,85,0,14-3-28 13:39:2,0
1P5GX7B7SI,117.213,39.2295,76501,0,85,0,14-3-28 13:41:3,0
1P5GX7B7SI,117.213,39.2295,76501,0,85,0,14-3-28 13:43:4,0
1P5GX7B7SI,117.213,39.2295,76501,0,85,0,14-3-28 13:45:5,0
1P5GX7B7SI,117.213,39.2295,76501,0,85,0,14-3-28 13:47:6,0
1P5GX7B7SI,117.213,39.2295,76501,0,85,0,14-3-28 13:49:7,0
1P5GX7B7SI,117.213,39.2295,76501,0,85,0,14-3-28 13:53:10,0
1P5GX7B7SI,117.213,39.2295,76501,0,85,0,14-3-28 13:55:10,0
1P5GX7B7SI,117.213,39.2295,76501,0,85,0,14-3-28 13:57:11,0
1P5GX7B7SI,117.213,39.2295,76501,0,85,0,14-3-28 13:59:12,0
1P5GX7B7SI,117.213,39.2295,76501,0,85,0,14-3-28 14:1:13,0
1P5GX7B7SI,117.213,39.2295,76501,0,85,0,14-3-28 14:3:14,0
1P5GX7B7SI,117.213,39.2295,76501,0,85,0,14-3-28 14:5:15,0
1P5GX7B7SI,117.213,39.2295,76501,0,85,0,14-3-28 14:7:16,0
1P5GX7B7SI,117.213,39.2295,76501,0,85,0,14-3-28 14:9:17,0
1P5GX7B7SI,117.213,39.2295,76501,0,85,0,14-3-28 14:11:18,0
1P5GX7B7SI,117.213,39.2295,76501,0,85,0,14-3-28 14:13:19,0
1P5GX7B7SI,117.213,39.2295,76501,0,85,0,14-3-28 14:15:21,0
1P5GX7B7SI,117.213,39.2295,76501,0,85,0,14-3-28 14:17:22,0
1P5GX7B7SI,117.213,39.2295,76501,0,85,0,14-3-28 14:19:22,0
1P5GX7B7SI,117.213,39.2295,76501,0,85,0,14-3-28 14:21:23,0
1P5GX7B7SI,117.213,39.2295,76501,0,85,0,14-3-28 14:23:24,0
1P5GX7B7SI,117.213,39.2295,76501,0,85,0,14-3-28 14:25:25,0
1P5GX7B7SI,117.213,39.2295,76501,0,85,0,14-3-28 14:27:26,0
1P5GX7B7SI,117.213,39.2295,76501,0,85,0,14-3-28 14:29:27,0
1P5GX7B7SI,117.213,39.2295,76501,0,85,0,14-3-28 14:31:28,0
1P5GX7B7SI,117.213,39.2295,76501,0,85,0,14-3-28 14:33:29,0
1P5GX7B7SI,117.213,39.2295,76501,0,85,0,14-3-28 14:35:30,0
1P5GX7B7SI,117.213,39.2295,76501,0,85,0,14-3-28 14:37:31,0
1P5GX7B7SI,117.213,39.2295,76501,0,85,0,14-3-28 14:39:32,0
1P5GX7B7SI,117.213,39.2295,76501,0,85,0,14-3-28 14:41:33,0
1P5GX7B7SI,117.213,39.2295,76501,0,85,0,14-3-28 14:43:34,0
1P5GX7B7SI,117.213,39.2295,76501,0,85,0,14-3-28 14:45:35,0
1P5GX7B7SI,117.213,39.2295,76501,0,85,0,14-3-28 14:47:36,0
1P5GX7B7SI,117.213,39.2295,76501,0,85,0,14-3-28 14:49:37,0
1P5GX7B7SI,117.213,39.2295,76501,0,85,0,14-3-28 14:51:38,0
1P5GX7B7SI,117.213,39.2295,76501,0,85,0,14-3-28 14:53:39,0
1P5GX7B7SI,117.213,39.2295,76501,0,85,0,14-3-28 14:55:40,0
1P5GX7B7SI,117.213,39.2295,76501,0,85,0,14-3-28 14:57:41,0
1P5GX7B7SI,117.213,39.2295,76501,0,85,0,14-3-28 14:59:42,0
1P5GX7B7SI,117.213,39.2295,76501,0,85,0,14-3-28 15:1:43,0
1P5GX7B7SI,117.213,39.2295,76501,0,85,0,14-3-28 15:3:44,0
1P5GX7B7SI,117.213,39.2295,76501,0,85,0,14-3-28 15:5:46,0
1P5GX7B7SI,117.213,39.2295,76501,0,85,0,14-3-28 15:7:46,0
1P5GX7B7SI,117.213,39.2295,76501,0,85,0,14-3-28 15:9:47,0
1P5GX7B7SI,117.213,39.2295,76501,0,85,0,14-3-28 15:11:48,0
1P5GX7B7SI,117.213,39.2295,76501,0,85,0,14-3-28 15:13:49,0
1P5GX7B7SI,117.213,39.2295,76501,0,85,0,14-3-28 15:15:50,0
1P5GX7B7SI,117.213,39.2295,76501,0,85,0,14-3-28 15:17:51,0
1P5GX7B7SI,117.213,39.2295,76501,0,85,0,14-3-28 15:19:52,0
1P5GX7B7SI,117.213,39.2295,76501,0,85,0,14-3-28 15:21:53,0
1P5GX7B7SI,117.213,39.2295,76501,0,85,0,14-3-28 15:23:54,0
1P5GX7B7SI,117.213,39.2295,76501,0,85,0,14-3-28 15:25:56,0
1P5GX7B7SI,117.213,39.2295,76501,0,85,0,14-3-28 15:27:56,0
1P5GX7B7SI,117.213,39.2295,76501,0,85,0,14-3-28 15:29:57,0
1P5GX7B7SI,117.213,39.2295,76501,0,85,0,14-3-28 15:31:58,0
1P5GX7B7SI,117.213,39.2295,76501,0,85,0,14-3-28 15:33:59,0
1P5GX7B7SI,117.213,39.2295,76501,0,85,0,14-3-28 15:36:0,0
1P5GX7B7SI,117.213,39.2295,76501,0,85,0,14-3-28 15:38:1,0
1P5GX7B7SI,117.213,39.2295,76501,0,85,0,14-3-28 15:40:2,0
1P5GX7B7SI,117.213,39.2295,76501,0,85,0,14-3-28 15:42:3,0
1P5GX7B7SI,117.213,39.2295,76501,0,85,0,14-3-28 15:44:4,0
1P5GX7B7SI,117.213,39.2295,76501,0,85,0,14-3-28 15:46:5,0
1P5GX7B7SI,117.213,39.2295,76501,0,85,0,14-3-28 15:48:6,0
1P5GX7B7SI,117.213,39.2295,76501,0,85,0,14-3-28 15:50:7,0
1P5GX7B7SI,117.213,39.2295,76501,0,85,0,14-3-28 15:52:8,0
1P5GX7B7SI,117.213,39.2295,76501,0,85,0,14-3-28 15:54:10,0
1P5GX7B7SI,117.213,39.2295,76501,0,85,0,14-3-28 15:56:10,0
1P5GX7B7SI,117.213,39.2295,76501,0,85,0,14-3-28 15:58:11,0
1P5GX7B7SI,117.213,39.2295,76501,0,85,0,14-3-28 16:0:12,0
1P5GX7B7SI,117.213,39.2295,76501,0,85,0,14-3-28 16:2:13,0
1P5GX7B7SI,117.213,39.2295,76501,0,85,0,14-3-28 16:4:14,0
1P5GX7B7SI,117.213,39.2295,76501,0,85,0,14-3-28 16:6:15,0
1P5GX7B7SI,117.213,39.2295,76501,0,85,0,14-3-28 16:8:16,0
1P5GX7B7SI,117.213,39.2295,76501,0,85,0,14-3-28 16:10:17,0
1P5GX7B7SI,117.213,39.2295,76501,0,85,0,14-3-28 16:12:18,0
1P5GX7B7SI,117.213,39.2295,76501,0,85,0,14-3-28 16:14:19,0
1P5GX7B7SI,117.213,39.2295,76501,0,85,0,14-3-28 16:16:21,0
1P5GX7B7SI,117.213,39.2295,76501,0,85,0,14-3-28 16:18:21,0
1P5GX7B7SI,117.213,39.2295,76501,0,85,0,14-3-28 16:20:22,0
1P5GX7B7SI,117.213,39.2295,76501,0,85,0,14-3-28 16:22:23,0
1P5GX7B7SI,117.213,39.2295,76501,0,85,0,14-3-28 16:24:24,0
1P5GX7B7SI,117.213,39.2295,76501,0,85,0,14-3-28 16:26:26,0
1P5GX7B7SI,117.213,39.2295,76501,0,85,0,14-3-28 16:28:26,0
1P5GX7B7SI,117.213,39.2295,76501,0,85,0,14-3-28 16:30:27,0
1P5GX7B7SI,117.213,39.2295,76501,0,85,0,14-3-28 16:32:28,0
1P5GX7B7SI,117.213,39.2295,76501,0,85,0,14-3-28 16:34:29,0
1P5GX7B7SI,117.213,39.2295,76501,0,85,0,14-3-28 16:36:30,0
1P5GX7B7SI,117.213,39.2295,76501,0,85,0,14-3-28 16:38:31,0
1P5GX7B7SI,117.213,39.2295,76501,0,85,0,14-3-28 16:40:32,0
1P5GX7B7SI,117.213,39.2295,76501,0,85,0,14-3-28 16:42:34,0
1P5GX7B7SI,117.213,39.2295,76501,0,85,0,14-3-28 16:44:34,0
1P5GX7B7SI,117.213,39.2295,76501,0,85,0,14-3-28 16:46:35,0
1P5GX7B7SI,117.213,39.2295,76501,0,85,0,14-3-28 16:48:36,0
1P5GX7B7SI,117.213,39.2295,76501,0,85,0,14-3-28 16:50:38,0
1P5GX7B7SI,117.213,39.2295,76501,0,85,0,14-3-28 16:52:38,0
1P5GX7B7SI,117.213,39.2295,76501,0,85,0,14-3-28 16:54:39,0
1P5GX7B7SI,117.213,39.2295,76501,0,85,0,14-3-28 16:56:40,0
1P5GX7B7SI,117.213,39.2295,76501,0,85,0,14-3-28 16:58:41,0
1P5GX7B7SI,117.213,39.2295,76501,0,85,0,14-3-28 17:0:42,0
1P5GX7B7SI,117.213,39.2295,76501,0,85,0,14-3-28 17:2:44,0
1P5GX7B7SI,117.213,39.2295,76501,0,85,0,14-3-28 17:4:45,0
1P5GX7B7SI,117.213,39.2295,76501,0,85,0,14-3-28 17:6:45,0
1P5GX7B7SI,117.213,39.2295,76501,0,85,0,14-3-28 17:8:46,0
1P5GX7B7SI,117.213,39.2295,76501,0,85,0,14-3-28 17:10:47,0
1P5GX7B7SI,117.213,39.2295,76501,0,85,0,14-3-28 17:12:48,0
1P5GX7B7SI,117.213,39.2295,76501,0,85,0,14-3-28 17:14:50,0
1P5GX7B7SI,117.213,39.2295,76501,0,85,0,14-3-28 17:16:50,0
1P5GX7B7SI,117.213,39.2295,76501,0,85,0,14-3-28 17:18:51,0
1P5GX7B7SI,117.213,39.2295,76501,0,85,0,14-3-28 17:20:52,0
1P5GX7B7SI,117.213,39.2295,76501,0,85,0,14-3-28 17:22:54,0
1P5GX7B7SI,117.213,39.2295,76501,0,85,0,14-3-28 17:24:54,0
1P5GX7B7SI,117.213,39.2295,76501,0,85,0,14-3-28 17:26:56,0
1P5GX7B7SI,117.213,39.2295,76501,0,85,0,14-3-28 17:28:56,0
1P5GX7B7SI,117.213,39.2295,76501,0,85,0,14-3-28 17:30:57,0
1P5GX7B7SI,117.213,39.2295,76501,0,85,0,14-3-28 17:32:58,0
1P5GX7B7SI,117.213,39.2295,76501,0,85,0,14-3-28 17:34:59,0
1P5GX7B7SI,117.213,39.2295,76501,0,85,0,14-3-28 17:37:1,0
1P5GX7B7SI,117.213,39.2295,76501,0,85,0,14-3-28 17:39:1,0
1P5GX7B7SI,117.213,39.2295,76501,0,85,0,14-3-28 17:41:2,0
1P5GX7B7SI,117.213,39.2295,76501,0,85,0,14-3-28 17:43:3,0
1P5GX7B7SI,117.213,39.2295,76501,0,85,0,14-3-28 17:45:4,0
1P5GX7B7SI,117.213,39.2295,76501,0,85,0,14-3-28 17:47:5,0
1P5GX7B7SI,117.213,39.2295,76501,0,85,0,14-3-28 17:49:6,0
1P5GX7B7SI,117.213,39.2295,76501,0,85,0,14-3-28 17:51:7,0
1P5GX7B7SI,117.213,39.2295,76501,0,85,0,14-3-28 17:53:8,0
1P5GX7B7SI,117.213,39.2295,76501,0,85,0,14-3-28 17:55:9,0
1P5GX7B7SI,117.213,39.2295,76501,0,85,0,14-3-28 17:57:10,0
1P5GX7B7SI,117.213,39.2295,76501,0,85,0,14-3-28 17:59:11,0
1P5GX7B7SI,117.213,39.2295,76501,0,85,0,14-3-28 18:1:12,0
1P5GX7B7SI,117.213,39.2295,76501,0,85,0,14-3-28 18:3:13,0
1P5GX7B7SI,117.213,39.2295,76501,0,85,0,14-3-28 18:5:14,0
1P5GX7B7SI,117.213,39.2295,76501,0,85,0,14-3-28 18:7:16,0
1P5GX7B7SI,117.213,39.2295,76501,0,85,0,14-3-28 18:9:16,0
1P5GX7B7SI,117.213,39.2295,76501,0,85,0,14-3-28 18:11:18,0
1P5GX7B7SI,117.213,39.2295,76501,0,85,0,14-3-28 18:13:18,0
1P5GX7B7SI,117.213,39.2295,76501,0,85,0,14-3-28 18:15:19,0
1P5GX7B7SI,117.213,39.2295,76501,0,85,0,14-3-28 18:17:20,0
1P5GX7B7SI,117.213,39.2295,76501,0,85,0,14-3-28 18:19:21,0
1P5GX7B7SI,117.213,39.2295,76501,0,85,0,14-3-28 18:21:22,0
1P5GX7B7SI,117.213,39.2295,76501,0,85,0,14-3-28 18:23:23,0
1P5GX7B7SI,117.213,39.2295,76501,0,85,0,14-3-28 18:25:24,0
1P5GX7B7SI,117.213,39.2295,76501,0,85,0,14-3-28 18:27:25,0
1P5GX7B7SI,117.213,39.2295,76501,0,85,0,14-3-28 18:29:26,0
1P5GX7B7SI,117.213,39.2295,76501,0,85,0,14-3-28 18:31:27,0
1P5GX7B7SI,117.213,39.2295,76501,0,85,0,14-3-28 18:33:28,0
1P5GX7B7SI,117.213,39.2295,76501,0,85,0,14-3-28 18:35:29,0
1P5GX7B7SI,117.213,39.2295,76501,0,85,0,14-3-28 18:37:30,0
1P5GX7B7SI,117.213,39.2295,76501,0,85,0,14-3-28 18:39:31,0
1P5GX7B7SI,117.213,39.2295,76501,0,85,0,14-3-28 18:41:32,0
1P5GX7B7SI,117.213,39.2295,76501,0,85,0,14-3-28 18:43:33,0
1P5GX7B7SI,117.213,39.2295,76501,0,85,0,14-3-28 18:45:34,0
1P5GX7B7SI,117.213,39.2295,76501,0,85,0,14-3-28 18:47:35,0
1P5GX7B7SI,117.213,39.2295,76501,0,85,0,14-3-28 18:49:36,0
1P5GX7B7SI,117.213,39.2295,76501,0,85,0,14-3-28 18:51:37,0
1P5GX7B7SI,117.213,39.2295,76501,0,85,0,14-3-28 18:53:38,0
1P5GX7B7SI,117.213,39.2295,76501,0,85,0,14-3-28 18:55:39,0
1P5GX7B7SI,117.213,39.2295,76501,0,85,0,14-3-28 18:57:40,0
1P5GX7B7SI,117.213,39.2295,76501,0,85,0,14-3-28 18:59:41,0
1P5GX7B7SI,117.213,39.2295,76501,0,85,0,14-3-28 19:1:42,0
1P5GX7B7SI,117.213,39.2295,76501,0,85,0,14-3-28 19:3:43,0
1P5GX7B7SI,117.213,39.2295,76501,0,85,0,14-3-28 19:5:44,0
1P5GX7B7SI,117.213,39.2295,76501,0,85,0,14-3-28 19:7:45,0
1P5GX7B7SI,117.213,39.2295,76501,0,85,0,14-3-28 19:9:47,0
1P5GX7B7SI,117.213,39.2295,76501,0,85,0,14-3-28 19:11:47,0
1P5GX7B7SI,117.213,39.2295,76501,0,85,0,14-3-28 19:13:48,0
1P5GX7B7SI,117.213,39.2295,76501,0,85,0,14-3-28 19:15:51,0
1P5GX7B7SI,117.213,39.2295,76501,0,85,0,14-3-28 19:17:52,0
1P5GX7B7SI,117.213,39.2295,76501,0,85,0,14-3-28 19:19:54,0
1P5GX7B7SI,117.213,39.2295,76501,0,85,0,14-3-28 19:21:54,0
1P5GX7B7SI,117.213,39.2295,76501,0,85,0,14-3-28 19:23:55,0
1P5GX7B7SI,117.213,39.2295,76501,0,85,0,14-3-28 19:25:56,0
1P5GX7B7SI,117.213,39.2295,76501,0,85,0,14-3-28 19:27:57,0
1P5GX7B7SI,117.213,39.2295,76501,0,85,0,14-3-28 19:29:58,0
1P5GX7B7SI,117.213,39.2295,76501,0,85,0,14-3-28 19:31:59,0
1P5GX7B7SI,117.213,39.2295,76501,0,85,0,14-3-28 19:34:0,0
1P5GX7B7SI,117.213,39.2295,76501,0,85,0,14-3-28 19:36:1,0
1P5GX7B7SI,117.213,39.2295,76501,0,85,0,14-3-28 19:38:2,0
1P5GX7B7SI,117.213,39.2295,76501,0,85,0,14-3-28 19:40:3,0
1P5GX7B7SI,117.213,39.2295,76501,0,85,0,14-3-28 19:42:4,0
1P5GX7B7SI,117.213,39.2295,76501,0,85,0,14-3-28 19:44:6,0
1P5GX7B7SI,117.213,39.2295,76501,0,85,0,14-3-28 19:46:6,0
1P5GX7B7SI,117.213,39.2295,76501,0,85,0,14-3-28 19:48:7,0
1P5GX7B7SI,117.213,39.2295,76501,0,85,0,14-3-28 19:50:9,0
1P5GX7B7SI,117.213,39.2295,76501,0,85,0,14-3-28 19:52:9,0
1P5GX7B7SI,117.213,39.2295,76501,0,85,0,14-3-28 19:54:10,0
1P5GX7B7SI,117.213,39.2295,76501,0,85,0,14-3-28 19:56:11,0
1P5GX7B7SI,117.213,39.2295,76501,0,85,0,14-3-28 19:58:12,0
1P5GX7B7SI,117.213,39.2295,76501,0,85,0,14-3-28 20:0:13,0
1P5GX7B7SI,117.213,39.2295,76501,0,85,0,14-3-28 20:2:14,0
1P5GX7B7SI,117.213,39.2295,76501,0,85,0,14-3-28 20:4:15,0
1P5GX7B7SI,117.213,39.2295,76501,0,85,0,14-3-28 20:6:16,0
1P5GX7B7SI,117.213,39.2295,76501,0,85,0,14-3-28 20:8:17,0
1P5GX7B7SI,117.213,39.2295,76501,0,85,0,14-3-28 20:10:19,0
1P5GX7B7SI,117.213,39.2295,76501,0,85,0,14-3-28 20:12:19,0
1P5GX7B7SI,117.213,39.2295,76501,0,85,0,14-3-28 20:14:20,0
1P5GX7B7SI,117.213,39.2295,76501,0,85,0,14-3-28 20:16:21,0
1P5GX7B7SI,117.213,39.2295,76501,0,85,0,14-3-28 20:18:22,0
1P5GX7B7SI,117.213,39.2295,76501,0,85,0,14-3-28 20:20:23,0
1P5GX7B7SI,117.213,39.2295,76501,0,85,0,14-3-28 20:22:24,0
1P5GX7B7SI,117.213,39.2295,76501,0,85,0,14-3-28 20:24:25,0
1P5GX7B7SI,117.213,39.2295,76501,0,85,0,14-3-28 20:26:26,0
1P5GX7B7SI,117.213,39.2295,76501,0,85,0,14-3-28 20:28:27,0
1P5GX7B7SI,117.213,39.2295,76501,0,85,0,14-3-28 20:30:28,0
1P5GX7B7SI,117.213,39.2295,76501,0,85,0,14-3-28 20:32:29,0
1P5GX7B7SI,117.213,39.2295,76501,0,85,0,14-3-28 20:34:30,0
1P5GX7B7SI,117.213,39.2295,76501,0,85,0,14-3-28 20:36:31,0
1P5GX7B7SI,117.213,39.2295,76501,0,85,0,14-3-28 20:38:32,0
1P5GX7B7SI,117.213,39.2295,76501,0,85,0,14-3-28 20:40:33,0
1P5GX7B7SI,117.213,39.2295,76501,0,85,0,14-3-28 20:42:35,0
1P5GX7B7SI,117.213,39.2295,76501,0,85,0,14-3-28 20:44:35,0
1P5GX7B7SI,117.213,39.2295,76501,0,85,0,14-3-28 20:46:36,0
1P5GX7B7SI,117.213,39.2295,76501,0,85,0,14-3-28 20:48:37,0
1P5GX7B7SI,117.213,39.2295,76501,0,85,0,14-3-28 20:50:38,0
1P5GX7B7SI,117.213,39.2295,76501,0,85,0,14-3-28 20:52:39,0
1P5GX7B7SI,117.213,39.2295,76501,0,85,0,14-3-28 20:54:41,0
1P5GX7B7SI,117.213,39.2295,76501,0,85,0,14-3-28 20:56:41,0
1P5GX7B7SI,117.213,39.2295,76501,0,85,0,14-3-28 20:58:42,0
1P5GX7B7SI,117.213,39.2295,76501,0,85,0,14-3-28 21:0:43,0
1P5GX7B7SI,117.213,39.2295,76501,0,85,0,14-3-28 21:2:44,0
1P5GX7B7SI,117.213,39.2295,76501,0,85,0,14-3-28 21:4:45,0
1P5GX7B7SI,117.213,39.2295,76501,0,85,0,14-3-28 21:6:46,0
1P5GX7B7SI,117.213,39.2295,76501,0,85,0,14-3-28 21:8:47,0
1P5GX7B7SI,117.213,39.2295,76501,0,85,0,14-3-28 21:10:48,0
1P5GX7B7SI,117.213,39.2295,76501,0,85,0,14-3-28 21:14:50,0
1P5GX7B7SI,117.213,39.2295,76501,0,85,0,14-3-28 21:16:51,0
1P5GX7B7SI,117.213,39.2295,76501,0,85,0,14-3-28 21:18:53,0
1P5GX7B7SI,117.213,39.2295,76501,0,85,0,14-3-28 21:20:53,0
1P5GX7B7SI,117.213,39.2295,76501,0,85,0,14-3-28 21:22:54,0
1P5GX7B7SI,117.213,39.2295,76501,0,85,0,14-3-28 21:24:55,0
1P5GX7B7SI,117.213,39.2295,76501,0,85,0,14-3-28 21:26:56,0
1P5GX7B7SI,117.213,39.2295,76501,0,85,0,14-3-28 21:28:57,0
1P5GX7B7SI,117.213,39.2295,76501,0,85,0,14-3-28 21:30:58,0
1P5GX7B7SI,117.213,39.2295,76501,0,85,0,14-3-28 21:32:59,0
1P5GX7B7SI,117.213,39.2295,76501,0,85,0,14-3-28 21:35:0,0
1P5GX7B7SI,117.213,39.2295,76501,0,85,0,14-3-28 21:37:1,0
1P5GX7B7SI,117.213,39.2295,76501,0,85,0,14-3-28 21:39:2,0
1P5GX7B7SI,117.213,39.2295,76501,0,85,0,14-3-28 21:41:4,0
1P5GX7B7SI,117.213,39.2295,76501,0,85,0,14-3-28 21:43:4,0
1P5GX7B7SI,117.213,39.2295,76501,0,85,0,14-3-28 21:45:5,0
1P5GX7B7SI,117.213,39.2295,76501,0,85,0,14-3-28 21:47:6,0
1P5GX7B7SI,117.213,39.2295,76501,0,85,0,14-3-28 21:49:8,0
1P5GX7B7SI,117.213,39.2295,76501,0,85,0,14-3-28 21:51:8,0
1P5GX7B7SI,117.213,39.2295,76501,0,85,0,14-3-28 21:53:9,0
1P5GX7B7SI,117.213,39.2295,76501,0,85,0,14-3-28 21:55:10,0
1P5GX7B7SI,117.213,39.2295,76501,0,85,0,14-3-28 21:57:11,0
1P5GX7B7SI,117.213,39.2295,76501,0,85,0,14-3-28 21:59:12,0
1P5GX7B7SI,117.213,39.2295,76501,0,85,0,14-3-28 22:1:13,0
1P5GX7B7SI,117.213,39.2295,76501,0,85,0,14-3-28 22:3:15,0
1P5GX7B7SI,117.213,39.2295,76501,0,85,0,14-3-28 22:5:16,0
1P5GX7B7SI,117.213,39.2295,76501,0,85,0,14-3-28 22:9:32,0
1P5GX7B7SI,117.213,39.2295,76501,0,85,0,14-3-28 22:11:33,0
1P5GX7B7SI,117.213,39.2295,76501,0,85,0,14-3-28 22:13:34,0
1P5GX7B7SI,117.212,39.2279,76502,0,120,0,14-3-28 22:15:31,1
1P5GX7B7SI,117.211,39.2284,76502,0,170,0,14-3-28 22:17:32,1
1P5GX7B7SI,117.21,39.2284,76502,0,130,0,14-3-28 22:19:34,1
1P5GX7B7SI,117.21,39.2284,76502,0,130,0,14-3-28 22:21:35,1
1P5GX7B7SI,117.21,39.2284,76502,0,130,0,14-3-28 22:23:37,1
1P5GX7B7SI,117.21,39.2284,76502,0,130,0,14-3-28 22:26:16,0
1P5GX7B7SI,117.21,39.2284,76502,0,130,0,14-3-28 22:28:17,0
1P5GX7B7SI,117.21,39.2284,76502,0,130,0,14-3-28 22:30:18,0
1P5GX7B7SI,117.21,39.2284,76502,0,130,0,14-3-28 22:32:19,0
1P5GX7B7SI,117.21,39.2284,76502,0,130,0,14-3-28 22:34:20,0
1P5GX7B7SI,117.207,39.2255,76506,0,140,0,14-3-28 22:35:46,1
1P5GX7B7SI,117.207,39.2255,76506,0,140,0,14-3-28 22:38:22,0
1P5GX7B7SI,117.207,39.2255,76506,0,140,0,14-3-28 22:40:23,0
1P5GX7B7SI,117.207,39.2255,76506,0,140,0,14-3-28 22:42:24,0
1P5GX7B7SI,117.206,39.2278,76508,0,5,0,14-3-28 22:43:52,1
1P5GX7B7SI,117.206,39.2278,76508,0,5,0,14-3-28 22:46:26,0
1P5GX7B7SI,117.206,39.2277,76509,0,130,0,14-3-28 22:47:55,1
1P5GX7B7SI,117.206,39.2277,76509,0,130,0,14-3-28 22:49:57,1
1P5GX7B7SI,117.206,39.2277,76509,0,160,0,14-3-28 22:52:29,0
1P5GX7B7SI,117.206,39.228,76509,0,0,0,14-3-28 22:54:0,1
1P5GX7B7SI,117.206,39.228,76509,0,0,0,14-3-28 22:56:1,1
1P5GX7B7SI,117.206,39.228,76509,0,0,0,14-3-28 22:58:32,0
1P5GX7B7SI,117.206,39.228,76510,0,175,0,14-3-28 23:0:33,0
1P5GX7B7SI,117.206,39.2278,76510,0,0,0,14-3-28 23:2:6,1
1P5GX7B7SI,117.206,39.2278,76510,0,0,0,14-3-28 23:4:59,0
1P5GX7B7SI,117.206,39.2278,76510,0,0,0,14-3-28 23:6:9,1
1P5GX7B7SI,117.206,39.2278,76510,0,0,0,14-3-28 23:8:10,1
1P5GX7B7SI,117.206,39.2278,76510,0,0,0,14-3-28 23:10:12,1
1P5GX7B7SI,117.206,39.2278,76510,0,0,0,14-3-28 23:13:3,0
1P5GX7B7SI,117.206,39.2278,76511,0,25,0,14-3-28 23:15:4,0
1P5GX7B7SI,117.206,39.2278,76514,0,30,0,14-3-28 23:17:5,0
1P5GX7B7SI,117.206,39.2277,76517,0,10,0,14-3-28 23:18:18,1
1P5GX7B7SI,117.206,39.2277,76517,0,10,0,14-3-28 23:20:19,1
1P5GX7B7SI,117.206,39.2277,76517,0,10,0,14-3-28 23:22:21,1
1P5GX7B7SI,117.206,39.2277,76517,0,10,0,14-3-28 23:24:22,1
1P5GX7B7SI,117.206,39.2277,76517,0,10,0,14-3-28 23:26:24,1
1P5GX7B7SI,117.206,39.2277,76517,0,10,0,14-3-28 23:28:25,1
1P5GX7B7SI,117.206,39.2277,76517,0,10,0,14-3-28 23:31:12,0
1P5GX7B7SI,117.206,39.2277,76517,0,10,0,14-3-28 23:33:13,0
1P5GX7B7SI,117.206,39.2277,76517,0,10,0,14-3-28 23:34:30,1
1P5GX7B7SI,117.206,39.2277,76517,0,10,0,14-3-28 23:36:31,1
1P5GX7B7SI,117.206,39.2277,76517,0,10,0,14-3-28 23:39:16,0
1P5GX7B7SI,117.206,39.2277,76517,0,10,0,14-3-28 23:41:17,0
1P5GX7B7SI,117.206,39.2277,76518,0,150,0,14-3-28 23:43:18,0
1P5GX7B7SI,117.206,39.2277,76518,0,150,0,14-3-28 23:45:19,0
1P5GX7B7SI,117.206,39.2277,76518,0,150,0,14-3-28 23:47:20,0
1P5GX7B7SI,117.206,39.2277,76518,0,150,0,14-3-28 23:49:21,0
1P5GX7B7SI,117.206,39.2277,76518,0,150,0,14-3-28 23:51:22,0
1P5GX7B7SI,117.206,39.2277,76518,0,150,0,14-3-28 23:53:23,0
1P5GX7B7SI,117.206,39.2277,76518,0,150,0,14-3-28 23:55:24,0
1P5GX7B7SI,117.206,39.2277,76518,0,150,0,14-3-28 23:57:25,0
1P5GX7B7SI,117.206,39.2277,76518,0,150,0,14-3-28 23:59:26,0
1P5GX7B7SI,117.206,39.2277,76518,0,150,0,14-3-29 0:1:27,0
1P5GX7B7SI,117.206,39.2277,76518,0,150,0,14-3-29 0:3:28,0
1P5GX7B7SI,117.206,39.2277,76518,0,150,0,14-3-29 0:5:29,0
1P5GX7B7SI,117.206,39.2277,76518,0,150,0,14-3-29 0:7:30,0
1P5GX7B7SI,117.206,39.2277,76518,0,150,0,14-3-29 0:9:31,0
1P5GX7B7SI,117.206,39.2277,76518,0,150,0,14-3-29 0:11:32,0
1P5GX7B7SI,117.206,39.2277,76518,0,150,0,14-3-29 0:13:33,0
1P5GX7B7SI,117.206,39.2277,76518,0,150,0,14-3-29 0:15:34,0
1P5GX7B7SI,117.206,39.2277,76518,0,150,0,14-3-29 0:17:35,0
1P5GX7B7SI,117.206,39.2277,76518,0,150,0,14-3-29 0:19:36,0
1P5GX7B7SI,117.206,39.2277,76518,0,150,0,14-3-29 0:21:37,0
1P5GX7B7SI,117.206,39.2277,76518,0,150,0,14-3-29 0:23:38,0
1P5GX7B7SI,117.206,39.2277,76518,0,150,0,14-3-29 0:25:39,0
1P5GX7B7SI,117.206,39.2277,76518,0,150,0,14-3-29 0:27:40,0
1P5GX7B7SI,117.206,39.2277,76518,0,150,0,14-3-29 0:29:41,0
1P5GX7B7SI,117.206,39.2277,76518,0,150,0,14-3-29 0:31:42,0
1P5GX7B7SI,117.206,39.2277,76518,0,150,0,14-3-29 0:33:43,0
1P5GX7B7SI,117.206,39.2277,76518,0,150,0,14-3-29 0:35:44,0
1P5GX7B7SI,117.206,39.2277,76518,0,150,0,14-3-29 0:37:45,0
1P5GX7B7SI,117.206,39.2277,76518,0,150,0,14-3-29 0:39:46,0
1P5GX7B7SI,117.206,39.2277,76518,0,150,0,14-3-29 0:41:47,0
1P5GX7B7SI,117.206,39.2277,76518,0,150,0,14-3-29 0:43:48,0
1P5GX7B7SI,117.206,39.2277,76518,0,150,0,14-3-29 0:45:49,0
1P5GX7B7SI,117.206,39.2277,76518,0,150,0,14-3-29 0:47:50,0
1P5GX7B7SI,117.206,39.2277,76518,0,150,0,14-3-29 0:49:51,0
1P5GX7B7SI,117.206,39.2277,76518,0,150,0,14-3-29 0:51:52,0
1P5GX7B7SI,117.206,39.2277,76518,0,150,0,14-3-29 0:53:53,0
1P5GX7B7SI,117.206,39.2277,76518,0,150,0,14-3-29 0:55:54,0
1P5GX7B7SI,117.206,39.2277,76518,0,150,0,14-3-29 0:57:55,0
1P5GX7B7SI,117.206,39.2277,76518,0,150,0,14-3-29 0:59:56,0
1P5GX7B7SI,117.206,39.2277,76518,0,150,0,14-3-29 1:1:57,0
1P5GX7B7SI,117.206,39.2277,76518,0,150,0,14-3-29 1:3:58,0
1P5GX7B7SI,117.206,39.2277,76518,0,150,0,14-3-29 1:5:59,0
1P5GX7B7SI,117.206,39.2277,76518,0,150,0,14-3-29 1:8:0,0
1P5GX7B7SI,117.206,39.2277,76518,0,150,0,14-3-29 1:10:1,0
1P5GX7B7SI,117.206,39.2277,76518,0,150,0,14-3-29 1:12:2,0
1P5GX7B7SI,117.206,39.2277,76518,0,150,0,14-3-29 1:14:3,0
1P5GX7B7SI,117.206,39.2277,76518,0,150,0,14-3-29 1:16:4,0
1P5GX7B7SI,117.206,39.2277,76518,0,150,0,14-3-29 1:18:5,0
1P5GX7B7SI,117.206,39.2277,76518,0,150,0,14-3-29 1:20:6,0
1P5GX7B7SI,117.206,39.2277,76518,0,150,0,14-3-29 1:22:7,0
1P5GX7B7SI,117.206,39.2277,76518,0,150,0,14-3-29 1:24:8,0
1P5GX7B7SI,117.206,39.2277,76518,0,150,0,14-3-29 1:26:9,0
1P5GX7B7SI,117.206,39.2277,76518,0,150,0,14-3-29 1:28:10,0
1P5GX7B7SI,117.206,39.2277,76518,0,150,0,14-3-29 1:30:11,0
1P5GX7B7SI,117.206,39.2277,76518,0,150,0,14-3-29 1:32:12,0
1P5GX7B7SI,117.206,39.2277,76518,0,150,0,14-3-29 1:34:13,0
1P5GX7B7SI,117.206,39.2277,76518,0,150,0,14-3-29 1:36:14,0
1P5GX7B7SI,117.206,39.2277,76518,0,150,0,14-3-29 1:38:15,0
1P5GX7B7SI,117.206,39.2277,76518,0,150,0,14-3-29 1:40:16,0
1P5GX7B7SI,117.206,39.2277,76518,0,150,0,14-3-29 1:42:17,0
1P5GX7B7SI,117.206,39.2277,76518,0,150,0,14-3-29 1:44:18,0
1P5GX7B7SI,117.206,39.2277,76518,0,150,0,14-3-29 1:46:19,0
1P5GX7B7SI,117.206,39.2277,76518,0,150,0,14-3-29 1:48:20,0
1P5GX7B7SI,117.206,39.2277,76518,0,150,0,14-3-29 1:50:21,0
1P5GX7B7SI,117.206,39.2277,76518,0,150,0,14-3-29 1:52:22,0
1P5GX7B7SI,117.206,39.2277,76518,0,150,0,14-3-29 1:54:23,0
1P5GX7B7SI,117.206,39.2277,76518,0,150,0,14-3-29 1:56:24,0
1P5GX7B7SI,117.206,39.2277,76518,0,150,0,14-3-29 1:58:25,0
1P5GX7B7SI,117.206,39.2277,76518,0,150,0,14-3-29 2:0:26,0
1P5GX7B7SI,117.206,39.2277,76518,0,150,0,14-3-29 2:2:27,0
1P5GX7B7SI,117.206,39.2277,76518,0,150,0,14-3-29 2:4:28,0
1P5GX7B7SI,117.206,39.2277,76518,0,150,0,14-3-29 2:6:29,0
1P5GX7B7SI,117.206,39.2277,76518,0,150,0,14-3-29 2:8:30,0
1P5GX7B7SI,117.206,39.2277,76518,0,150,0,14-3-29 2:10:31,0
1P5GX7B7SI,117.206,39.2277,76518,0,150,0,14-3-29 2:12:32,0
1P5GX7B7SI,117.206,39.2277,76518,0,150,0,14-3-29 2:14:33,0
1P5GX7B7SI,117.206,39.2277,76518,0,150,0,14-3-29 2:16:34,0
1P5GX7B7SI,117.206,39.2277,76518,0,150,0,14-3-29 2:18:35,0
1P5GX7B7SI,117.206,39.2277,76518,0,150,0,14-3-29 2:20:36,0
1P5GX7B7SI,117.206,39.2277,76518,0,150,0,14-3-29 2:22:37,0
1P5GX7B7SI,117.206,39.2277,76518,0,150,0,14-3-29 2:24:38,0
1P5GX7B7SI,117.206,39.2277,76518,0,150,0,14-3-29 2:26:39,0
1P5GX7B7SI,117.206,39.2277,76518,0,150,0,14-3-29 2:28:40,0
1P5GX7B7SI,117.206,39.2277,76518,0,150,0,14-3-29 2:30:41,0
1P5GX7B7SI,117.206,39.2277,76518,0,150,0,14-3-29 2:32:43,0
1P5GX7B7SI,117.206,39.2277,76518,0,150,0,14-3-29 2:34:43,0
1P5GX7B7SI,117.206,39.2277,76518,0,150,0,14-3-29 2:36:44,0
1P5GX7B7SI,117.206,39.2277,76518,0,150,0,14-3-29 2:38:45,0
1P5GX7B7SI,117.206,39.2277,76518,0,150,0,14-3-29 2:40:46,0
1P5GX7B7SI,117.206,39.2277,76518,0,150,0,14-3-29 2:42:47,0
1P5GX7B7SI,117.206,39.2277,76518,0,150,0,14-3-29 2:44:48,0
1P5GX7B7SI,117.206,39.2277,76518,0,150,0,14-3-29 2:46:49,0
1P5GX7B7SI,117.206,39.2277,76518,0,150,0,14-3-29 2:48:50,0
1P5GX7B7SI,117.206,39.2277,76518,0,150,0,14-3-29 2:50:51,0
1P5GX7B7SI,117.206,39.2277,76518,0,150,0,14-3-29 2:52:52,0
1P5GX7B7SI,117.206,39.2277,76518,0,150,0,14-3-29 2:54:53,0
1P5GX7B7SI,117.206,39.2277,76518,0,150,0,14-3-29 2:56:54,0
1P5GX7B7SI,117.206,39.2277,76518,0,150,0,14-3-29 2:58:55,0
1P5GX7B7SI,117.206,39.2277,76518,0,150,0,14-3-29 3:0:56,0
1P5GX7B7SI,117.206,39.2277,76518,0,150,0,14-3-29 3:2:57,0
1P5GX7B7SI,117.206,39.2277,76518,0,150,0,14-3-29 3:4:58,0
1P5GX7B7SI,117.206,39.2277,76518,0,150,0,14-3-29 3:6:59,0
1P5GX7B7SI,117.206,39.2277,76518,0,150,0,14-3-29 3:9:0,0
1P5GX7B7SI,117.206,39.2277,76518,0,150,0,14-3-29 3:11:1,0
1P5GX7B7SI,117.206,39.2277,76518,0,150,0,14-3-29 3:13:2,0
1P5GX7B7SI,117.206,39.2277,76518,0,150,0,14-3-29 3:15:3,0
1P5GX7B7SI,117.206,39.2277,76518,0,150,0,14-3-29 3:17:4,0
1P5GX7B7SI,117.206,39.2277,76518,0,150,0,14-3-29 3:19:5,0
1P5GX7B7SI,117.206,39.2277,76518,0,150,0,14-3-29 3:21:6,0
1P5GX7B7SI,117.206,39.2277,76518,0,150,0,14-3-29 3:23:9,0
1P5GX7B7SI,117.206,39.2277,76518,0,150,0,14-3-29 3:25:10,0
1P5GX7B7SI,117.206,39.2277,76518,0,150,0,14-3-29 3:27:11,0
1P5GX7B7SI,117.206,39.2277,76518,0,150,0,14-3-29 3:29:12,0
1P5GX7B7SI,117.206,39.2277,76518,0,150,0,14-3-29 3:31:13,0
1P5GX7B7SI,117.206,39.2277,76518,0,150,0,14-3-29 3:33:14,0
1P5GX7B7SI,117.206,39.2277,76518,0,150,0,14-3-29 3:35:15,0
1P5GX7B7SI,117.206,39.2277,76518,0,150,0,14-3-29 3:37:16,0
1P5GX7B7SI,117.206,39.2277,76518,0,150,0,14-3-29 3:39:17,0
1P5GX7B7SI,117.206,39.2277,76518,0,150,0,14-3-29 3:41:18,0
1P5GX7B7SI,117.206,39.2277,76518,0,150,0,14-3-29 3:43:19,0
1P5GX7B7SI,117.206,39.2277,76518,0,150,0,14-3-29 3:45:20,0
1P5GX7B7SI,117.206,39.2277,76518,0,150,0,14-3-29 3:47:21,0
1P5GX7B7SI,117.206,39.2277,76518,0,150,0,14-3-29 3:49:22,0
1P5GX7B7SI,117.206,39.2277,76518,0,150,0,14-3-29 3:51:23,0
1P5GX7B7SI,117.206,39.2277,76518,0,150,0,14-3-29 3:53:24,0
1P5GX7B7SI,117.206,39.2277,76518,0,150,0,14-3-29 3:55:25,0
1P5GX7B7SI,117.206,39.2277,76518,0,150,0,14-3-29 3:57:26,0
1P5GX7B7SI,117.206,39.2277,76518,0,150,0,14-3-29 3:59:27,0
1P5GX7B7SI,117.206,39.2277,76518,0,150,0,14-3-29 4:1:28,0
1P5GX7B7SI,117.206,39.2277,76518,0,150,0,14-3-29 4:3:29,0
1P5GX7B7SI,117.206,39.2277,76518,0,150,0,14-3-29 4:5:30,0
1P5GX7B7SI,117.206,39.2277,76518,0,150,0,14-3-29 4:7:31,0
1P5GX7B7SI,117.206,39.2277,76518,0,150,0,14-3-29 4:9:32,0
1P5GX7B7SI,117.206,39.2277,76518,0,150,0,14-3-29 4:11:33,0
1P5GX7B7SI,117.206,39.2277,76518,0,150,0,14-3-29 4:13:35,0
1P5GX7B7SI,117.206,39.2277,76518,0,150,0,14-3-29 4:15:35,0
1P5GX7B7SI,117.206,39.2277,76518,0,150,0,14-3-29 4:17:36,0
1P5GX7B7SI,117.206,39.2277,76518,0,150,0,14-3-29 4:19:37,0
1P5GX7B7SI,117.206,39.2277,76518,0,150,0,14-3-29 4:21:38,0
1P5GX7B7SI,117.206,39.2277,76518,0,150,0,14-3-29 4:23:39,0
1P5GX7B7SI,117.206,39.2277,76518,0,150,0,14-3-29 4:25:40,0
1P5GX7B7SI,117.206,39.2277,76518,0,150,0,14-3-29 4:27:41,0
1P5GX7B7SI,117.206,39.2277,76518,0,150,0,14-3-29 4:29:42,0
1P5GX7B7SI,117.206,39.2277,76518,0,150,0,14-3-29 4:31:43,0
1P5GX7B7SI,117.206,39.2277,76518,0,150,0,14-3-29 4:33:44,0
1P5GX7B7SI,117.206,39.2277,76518,0,150,0,14-3-29 4:35:45,0
1P5GX7B7SI,117.206,39.2277,76518,0,150,0,14-3-29 4:37:46,0
1P5GX7B7SI,117.206,39.2277,76518,0,150,0,14-3-29 4:39:47,0
1P5GX7B7SI,117.206,39.2277,76518,0,150,0,14-3-29 4:41:48,0
1P5GX7B7SI,117.206,39.2277,76518,0,150,0,14-3-29 4:43:49,0
1P5GX7B7SI,117.206,39.2277,76518,0,150,0,14-3-29 4:45:50,0
1P5GX7B7SI,117.206,39.2277,76518,0,150,0,14-3-29 4:47:51,0
1P5GX7B7SI,117.206,39.2277,76518,0,150,0,14-3-29 4:49:52,0
1P5GX7B7SI,117.206,39.2277,76518,0,150,0,14-3-29 4:51:53,0
1P5GX7B7SI,117.206,39.2277,76518,0,150,0,14-3-29 4:53:54,0
1P5GX7B7SI,117.206,39.2277,76518,0,150,0,14-3-29 4:55:55,0
1P5GX7B7SI,117.206,39.2277,76518,0,150,0,14-3-29 4:57:56,0
1P5GX7B7SI,117.206,39.2277,76518,0,150,0,14-3-29 4:59:57,0
1P5GX7B7SI,117.206,39.2277,76518,0,150,0,14-3-29 5:1:58,0
1P5GX7B7SI,117.206,39.2277,76518,0,150,0,14-3-29 5:3:59,0
1P5GX7B7SI,117.206,39.2277,76518,0,150,0,14-3-29 5:6:1,0
1P5GX7B7SI,117.206,39.2277,76518,0,150,0,14-3-29 5:8:1,0
1P5GX7B7SI,117.206,39.2277,76518,0,150,0,14-3-29 5:10:2,0
1P5GX7B7SI,117.206,39.2277,76518,0,150,0,14-3-29 5:12:3,0
1P5GX7B7SI,117.206,39.2277,76518,0,150,0,14-3-29 5:14:4,0
1P5GX7B7SI,117.206,39.2277,76518,0,150,0,14-3-29 5:16:5,0
1P5GX7B7SI,117.206,39.2277,76518,0,150,0,14-3-29 5:18:6,0
1P5GX7B7SI,117.206,39.2277,76518,0,150,0,14-3-29 5:20:7,0
1P5GX7B7SI,117.206,39.2277,76518,0,150,0,14-3-29 5:22:8,0
1P5GX7B7SI,117.206,39.2277,76518,0,150,0,14-3-29 5:24:9,0
1P5GX7B7SI,117.206,39.2277,76518,0,150,0,14-3-29 5:26:10,0
1P5GX7B7SI,117.206,39.2277,76518,0,150,0,14-3-29 5:30:13,0
1P5GX7B7SI,117.206,39.2277,76518,0,150,0,14-3-29 5:32:13,0
1P5GX7B7SI,117.206,39.2277,76518,0,150,0,14-3-29 5:34:14,0
1P5GX7B7SI,117.206,39.2277,76518,0,150,0,14-3-29 5:36:15,0
1P5GX7B7SI,117.206,39.2277,76518,0,150,0,14-3-29 5:38:16,0
1P5GX7B7SI,117.206,39.2277,76518,0,150,0,14-3-29 5:40:17,0
1P5GX7B7SI,117.206,39.2277,76518,0,150,0,14-3-29 5:42:18,0
1P5GX7B7SI,117.206,39.2277,76518,0,150,0,14-3-29 5:44:19,0
1P5GX7B7SI,117.206,39.2277,76518,0,150,0,14-3-29 5:46:20,0
1P5GX7B7SI,117.206,39.2277,76518,0,150,0,14-3-29 5:48:21,0
1P5GX7B7SI,117.206,39.2277,76518,0,150,0,14-3-29 5:50:22,0
1P5GX7B7SI,117.206,39.2277,76518,0,150,0,14-3-29 5:52:23,0
1P5GX7B7SI,117.206,39.2277,76518,0,150,0,14-3-29 5:54:24,0
1P5GX7B7SI,117.206,39.2277,76518,0,150,0,14-3-29 5:56:25,0
1P5GX7B7SI,117.206,39.2277,76518,0,150,0,14-3-29 5:58:26,0
1P5GX7B7SI,117.206,39.2277,76518,0,150,0,14-3-29 6:0:27,0
1P5GX7B7SI,117.206,39.2277,76518,0,150,0,14-3-29 6:2:28,0
1P5GX7B7SI,117.206,39.2277,76518,0,150,0,14-3-29 6:4:29,0
1P5GX7B7SI,117.206,39.2277,76518,0,150,0,14-3-29 6:6:30,0
1P5GX7B7SI,117.206,39.2277,76518,0,150,0,14-3-29 6:8:31,0
1P5GX7B7SI,117.206,39.2277,76518,0,150,0,14-3-29 6:10:32,0
1P5GX7B7SI,117.206,39.2277,76518,0,150,0,14-3-29 6:12:33,0
1P5GX7B7SI,117.206,39.2277,76518,0,150,0,14-3-29 6:14:34,0
1P5GX7B7SI,117.206,39.2277,76518,0,150,0,14-3-29 6:16:35,0
1P5GX7B7SI,117.206,39.2277,76518,0,150,0,14-3-29 6:18:36,0
1P5GX7B7SI,117.206,39.2277,76518,0,150,0,14-3-29 6:20:37,0
1P5GX7B7SI,117.206,39.2277,76518,0,150,0,14-3-29 6:22:38,0
1P5GX7B7SI,117.206,39.2277,76518,0,150,0,14-3-29 6:24:39,0
1P5GX7B7SI,117.206,39.2277,76518,0,150,0,14-3-29 6:26:40,0
1P5GX7B7SI,117.206,39.2277,76518,0,150,0,14-3-29 6:28:41,0
1P5GX7B7SI,117.206,39.2277,76518,0,150,0,14-3-29 6:30:42,0
1P5GX7B7SI,117.206,39.2277,76518,0,150,0,14-3-29 6:32:43,0
1P5GX7B7SI,117.206,39.2277,76518,0,150,0,14-3-29 6:34:44,0
1P5GX7B7SI,117.206,39.2277,76518,0,150,0,14-3-29 6:36:46,0
1P5GX7B7SI,117.206,39.2277,76518,0,150,0,14-3-29 6:38:46,0
1P5GX7B7SI,117.206,39.2277,76518,0,150,0,14-3-29 6:40:47,0
1P5GX7B7SI,117.206,39.2277,76518,0,150,0,14-3-29 6:42:48,0
1P5GX7B7SI,117.206,39.2277,76518,0,150,0,14-3-29 6:44:49,0
1P5GX7B7SI,117.206,39.2277,76518,0,150,0,14-3-29 6:46:50,0
1P5GX7B7SI,117.206,39.2277,76518,0,150,0,14-3-29 6:48:51,0
1P5GX7B7SI,117.206,39.2277,76518,0,150,0,14-3-29 6:50:52,0
1P5GX7B7SI,117.206,39.2277,76518,0,150,0,14-3-29 6:52:53,0
1P5GX7B7SI,117.206,39.2277,76518,0,150,0,14-3-29 6:54:54,0
1P5GX7B7SI,117.206,39.2277,76518,0,150,0,14-3-29 6:56:55,0
1P5GX7B7SI,117.206,39.2277,76518,0,150,0,14-3-29 6:58:56,0
1P5GX7B7SI,117.206,39.2277,76518,0,150,0,14-3-29 7:0:57,0
1P5GX7B7SI,117.206,39.2277,76518,0,150,0,14-3-29 7:2:58,0
1P5GX7B7SI,117.206,39.2277,76518,0,150,0,14-3-29 7:4:59,0
1P5GX7B7SI,117.206,39.2277,76518,0,150,0,14-3-29 7:7:0,0
1P5GX7B7SI,117.206,39.2277,76518,0,150,0,14-3-29 7:9:1,0
1P5GX7B7SI,117.206,39.2277,76518,0,150,0,14-3-29 7:11:2,0
1P5GX7B7SI,117.206,39.2277,76518,0,150,0,14-3-29 7:13:3,0
1P5GX7B7SI,117.206,39.2277,76518,0,150,0,14-3-29 7:15:4,0
1P5GX7B7SI,117.206,39.2277,76518,0,150,0,14-3-29 7:17:5,0
1P5GX7B7SI,117.206,39.2277,76518,0,150,0,14-3-29 7:19:6,0
1P5GX7B7SI,117.206,39.2277,76518,0,150,0,14-3-29 7:21:7,0
1P5GX7B7SI,117.206,39.2277,76518,0,150,0,14-3-29 7:23:8,0
1P5GX7B7SI,117.206,39.2277,76518,0,150,0,14-3-29 7:25:10,0
1P5GX7B7SI,117.206,39.2277,76518,0,150,0,14-3-29 7:27:10,0
1P5GX7B7SI,117.206,39.2277,76518,0,150,0,14-3-29 7:29:11,0
1P5GX7B7SI,117.206,39.2277,76518,0,150,0,14-3-29 7:31:12,0
1P5GX7B7SI,117.206,39.2277,76518,0,150,0,14-3-29 7:33:13,0
1P5GX7B7SI,117.206,39.2277,76518,0,150,0,14-3-29 7:35:14,0
1P5GX7B7SI,117.206,39.2277,76518,0,150,0,14-3-29 7:37:15,0
1P5GX7B7SI,117.206,39.2277,76518,0,150,0,14-3-29 7:39:16,0
1P5GX7B7SI,117.206,39.2277,76518,0,150,0,14-3-29 7:41:17,0
1P5GX7B7SI,117.206,39.2277,76518,0,150,0,14-3-29 7:43:18,0
1P5GX7B7SI,117.206,39.2277,76518,0,150,0,14-3-29 7:45:19,0
1P5GX7B7SI,117.206,39.2277,76518,0,150,0,14-3-29 7:47:21,0
1P5GX7B7SI,117.206,39.2277,76518,0,150,0,14-3-29 7:49:21,0
1P5GX7B7SI,117.206,39.2277,76518,0,150,0,14-3-29 7:51:22,0
1P5GX7B7SI,117.206,39.2277,76518,0,150,0,14-3-29 7:53:23,0
1P5GX7B7SI,117.206,39.2277,76518,0,150,0,14-3-29 7:55:24,0
1P5GX7B7SI,117.206,39.2277,76518,0,150,0,14-3-29 7:57:25,0
1P5GX7B7SI,117.206,39.2277,76518,0,150,0,14-3-29 7:59:26,0
1P5GX7B7SI,117.206,39.2277,76518,0,150,0,14-3-29 8:1:28,0
1P5GX7B7SI,117.206,39.2277,76518,0,150,0,14-3-29 8:3:28,0
1P5GX7B7SI,117.206,39.2277,76518,0,150,0,14-3-29 8:5:29,0
1P5GX7B7SI,117.206,39.2277,76518,0,150,0,14-3-29 8:7:31,0
1P5GX7B7SI,117.206,39.2277,76518,0,150,0,14-3-29 8:9:31,0
1P5GX7B7SI,117.206,39.2277,76518,0,150,0,14-3-29 8:11:32,0
1P5GX7B7SI,117.206,39.2277,76518,0,150,0,14-3-29 8:13:33,0
1P5GX7B7SI,117.206,39.2277,76518,0,150,0,14-3-29 8:15:34,0
1P5GX7B7SI,117.206,39.2277,76518,0,150,0,14-3-29 8:17:35,0
1P5GX7B7SI,117.206,39.2277,76518,0,150,0,14-3-29 8:19:36,0
1P5GX7B7SI,117.206,39.2277,76518,0,150,0,14-3-29 8:21:37,0
1P5GX7B7SI,117.206,39.2277,76518,0,150,0,14-3-29 8:23:38,0
1P5GX7B7SI,117.206,39.2277,76518,0,150,0,14-3-29 8:25:39,0
1P5GX7B7SI,117.206,39.2277,76518,0,150,0,14-3-29 8:27:40,0
1P5GX7B7SI,117.206,39.2277,76518,0,150,0,14-3-29 8:29:41,0
1P5GX7B7SI,117.206,39.2277,76518,0,150,0,14-3-29 8:31:42,0
1P5GX7B7SI,117.206,39.2277,76518,0,150,0,14-3-29 8:33:43,0
1P5GX7B7SI,117.206,39.2277,76518,0,150,0,14-3-29 8:35:44,0
1P5GX7B7SI,117.206,39.2277,76518,0,150,0,14-3-29 8:37:45,0
1P5GX7B7SI,117.206,39.2277,76518,0,150,0,14-3-29 8:39:46,0
1P5GX7B7SI,117.206,39.2277,76518,0,150,0,14-3-29 8:41:47,0
1P5GX7B7SI,117.206,39.2277,76518,0,150,0,14-3-29 8:43:50,0
1P5GX7B7SI,117.206,39.2277,76518,0,150,0,14-3-29 8:45:51,0
1P5GX7B7SI,117.206,39.2277,76518,0,150,0,14-3-29 8:47:52,0
1P5GX7B7SI,117.206,39.2277,76518,0,150,0,14-3-29 8:49:54,0
1P5GX7B7SI,117.206,39.2277,76518,0,150,0,14-3-29 8:51:54,0
1P5GX7B7SI,117.206,39.2277,76518,0,150,0,14-3-29 8:53:55,0
1P5GX7B7SI,117.206,39.2277,76518,0,150,0,14-3-29 8:55:56,0
1P5GX7B7SI,117.206,39.2277,76518,0,150,0,14-3-29 8:57:57,0
1P5GX7B7SI,117.206,39.2277,76518,0,150,0,14-3-29 8:59:58,0
1P5GX7B7SI,117.206,39.2277,76518,0,150,0,14-3-29 9:1:59,0
1P5GX7B7SI,117.206,39.2277,76518,0,150,0,14-3-29 9:4:0,0
1P5GX7B7SI,117.206,39.2277,76518,0,150,0,14-3-29 9:6:1,0
1P5GX7B7SI,117.206,39.2277,76518,0,150,0,14-3-29 9:8:2,0
1P5GX7B7SI,117.206,39.2277,76518,0,150,0,14-3-29 9:10:3,0
1P5GX7B7SI,117.206,39.2277,76518,0,150,0,14-3-29 9:12:4,0
1P5GX7B7SI,117.206,39.2277,76518,0,150,0,14-3-29 9:14:5,0
1P5GX7B7SI,117.206,39.2277,76518,0,150,0,14-3-29 9:16:6,0
1P5GX7B7SI,117.206,39.2277,76518,0,150,0,14-3-29 9:18:7,0
1P5GX7B7SI,117.206,39.2277,76518,0,150,0,14-3-29 9:20:8,0
1P5GX7B7SI,117.206,39.2277,76518,0,150,0,14-3-29 9:22:9,0
1P5GX7B7SI,117.206,39.2277,76518,0,150,0,14-3-29 9:24:10,0
1P5GX7B7SI,117.206,39.2277,76518,0,150,0,14-3-29 9:26:11,0
1P5GX7B7SI,117.206,39.2277,76518,0,150,0,14-3-29 9:28:12,0
1P5GX7B7SI,117.206,39.2277,76518,0,150,0,14-3-29 9:30:13,0
1P5GX7B7SI,117.206,39.2277,76518,0,150,0,14-3-29 9:32:14,0
1P5GX7B7SI,117.206,39.2277,76518,0,150,0,14-3-29 9:34:15,0
1P5GX7B7SI,117.206,39.2277,76518,0,150,0,14-3-29 9:36:16,0
1P5GX7B7SI,117.206,39.2277,76518,0,150,0,14-3-29 9:38:18,0
1P5GX7B7SI,117.206,39.2277,76518,0,150,0,14-3-29 9:40:18,0
1P5GX7B7SI,117.206,39.2277,76518,0,150,0,14-3-29 9:42:19,0
1P5GX7B7SI,117.206,39.2277,76518,0,150,0,14-3-29 9:44:20,0
1P5GX7B7SI,117.206,39.2277,76518,0,150,0,14-3-29 9:46:21,0
1P5GX7B7SI,117.206,39.2277,76518,0,150,0,14-3-29 9:48:22,0
1P5GX7B7SI,117.206,39.2277,76518,0,150,0,14-3-29 9:50:24,0
1P5GX7B7SI,117.206,39.2277,76518,0,150,0,14-3-29 9:52:24,0
1P5GX7B7SI,117.206,39.2277,76518,0,150,0,14-3-29 9:54:25,0
1P5GX7B7SI,117.206,39.2277,76518,0,150,0,14-3-29 9:56:26,0
1P5GX7B7SI,117.206,39.2277,76518,0,150,0,14-3-29 9:58:28,0
1P5GX7B7SI,117.206,39.2277,76518,0,150,0,14-3-29 10:0:28,0
1P5GX7B7SI,117.206,39.2277,76518,0,150,0,14-3-29 10:2:29,0
1P5GX7B7SI,117.206,39.2277,76518,0,150,0,14-3-29 10:4:30,0
1P5GX7B7SI,117.206,39.2277,76518,0,150,0,14-3-29 10:6:31,0
1P5GX7B7SI,117.206,39.2277,76518,0,150,0,14-3-29 10:8:32,0
1P5GX7B7SI,117.206,39.2277,76518,0,150,0,14-3-29 10:10:33,0
1P5GX7B7SI,117.206,39.2277,76518,0,150,0,14-3-29 10:12:34,0
1P5GX7B7SI,117.206,39.2277,76518,0,150,0,14-3-29 10:14:35,0
1P5GX7B7SI,117.206,39.2277,76518,0,150,0,14-3-29 10:16:36,0
1P5GX7B7SI,117.206,39.2277,76518,0,150,0,14-3-29 10:18:37,0
1P5GX7B7SI,117.206,39.2277,76518,0,150,0,14-3-29 10:20:38,0
1P5GX7B7SI,117.206,39.2277,76518,0,150,0,14-3-29 10:22:39,0
1P5GX7B7SI,117.206,39.2277,76518,0,150,0,14-3-29 10:24:40,0
1P5GX7B7SI,117.206,39.2277,76518,0,150,0,14-3-29 10:26:41,0
1P5GX7B7SI,117.206,39.2277,76518,0,150,0,14-3-29 10:28:42,0
1P5GX7B7SI,117.206,39.2277,76518,0,150,0,14-3-29 10:30:43,0
1P5GX7B7SI,117.206,39.2277,76518,0,150,0,14-3-29 10:32:44,0
1P5GX7B7SI,117.206,39.2277,76518,0,150,0,14-3-29 10:34:45,0
1P5GX7B7SI,117.206,39.2277,76518,0,150,0,14-3-29 10:36:46,0
1P5GX7B7SI,117.206,39.2277,76518,0,150,0,14-3-29 10:38:47,0
1P5GX7B7SI,117.206,39.2277,76518,0,150,0,14-3-29 10:40:48,0
1P5GX7B7SI,117.206,39.2277,76518,0,150,0,14-3-29 10:42:49,0
1P5GX7B7SI,117.206,39.2277,76518,0,150,0,14-3-29 10:44:50,0
1P5GX7B7SI,117.206,39.2277,76518,0,150,0,14-3-29 10:46:51,0
1P5GX7B7SI,117.206,39.2277,76518,0,150,0,14-3-29 10:48:52,0
1P5GX7B7SI,117.206,39.2277,76518,0,150,0,14-3-29 10:50:53,0
1P5GX7B7SI,117.206,39.2277,76518,0,150,0,14-3-29 10:52:54,0
1P5GX7B7SI,117.206,39.2277,76518,0,150,0,14-3-29 10:54:55,0
1P5GX7B7SI,117.206,39.2277,76518,0,150,0,14-3-29 10:56:56,0
1P5GX7B7SI,117.206,39.2277,76518,0,150,0,14-3-29 10:58:57,0
1P5GX7B7SI,117.206,39.2277,76518,0,150,0,14-3-29 11:0:58,0
1P5GX7B7SI,117.206,39.2277,76518,0,150,0,14-3-29 11:2:59,0
1P5GX7B7SI,117.206,39.2277,76518,0,150,0,14-3-29 11:5:0,0
1P5GX7B7SI,117.205,39.2223,76518,0,150,0,14-3-29 11:7:1,1
1P5GX7B7SI,117.205,39.2223,76518,0,150,0,14-3-29 11:9:2,1
1P5GX7B7SI,117.205,39.2223,76518,0,150,0,14-3-29 11:11:3,1
1P5GX7B7SI,117.205,39.2223,76518,0,150,0,14-3-29 11:13:4,1
1P5GX7B7SI,117.205,39.2223,76518,0,150,0,14-3-29 11:15:5,1
1P5GX7B7SI,117.205,39.2223,76518,0,150,0,14-3-29 11:17:6,0
1P5GX7B7SI,117.205,39.2223,76518,0,150,0,14-3-29 11:19:7,1
1P5GX7B7SI,117.205,39.2223,76518,0,150,0,14-3-29 11:21:8,1
1P5GX7B7SI,117.205,39.2223,76518,0,150,0,14-3-29 11:23:9,1
1P5GX7B7SI,117.205,39.2223,76518,0,150,0,14-3-29 11:25:10,1
1P5GX7B7SI,117.205,39.2223,76518,0,150,0,14-3-29 11:27:11,1
1P5GX7B7SI,117.205,39.2223,76518,0,150,0,14-3-29 11:29:13,1
1P5GX7B7SI,117.205,39.2223,76518,0,150,0,14-3-29 11:31:13,1
1P5GX7B7SI,117.205,39.2223,76518,0,150,0,14-3-29 11:33:14,1
1P5GX7B7SI,117.205,39.2223,76518,0,150,0,14-3-29 11:35:15,1
1P5GX7B7SI,117.205,39.2223,76518,0,150,0,14-3-29 11:37:17,1
1P5GX7B7SI,117.205,39.2223,76518,0,150,0,14-3-29 11:39:17,1
1P5GX7B7SI,117.205,39.2223,76518,0,150,0,14-3-29 11:41:18,1
1P5GX7B7SI,117.205,39.2223,76518,0,150,0,14-3-29 11:43:19,1
1P5GX7B7SI,117.205,39.2223,76518,0,150,0,14-3-29 11:45:21,1
1P5GX7B7SI,117.205,39.2223,76518,0,150,0,14-3-29 11:47:21,1
1P5GX7B7SI,117.205,39.2223,76518,0,150,0,14-3-29 11:49:22,1
1P5GX7B7SI,117.205,39.2223,76518,0,150,0,14-3-29 11:51:23,1
1P5GX7B7SI,117.205,39.2223,76518,0,150,0,14-3-29 11:53:24,1
1P5GX7B7SI,117.205,39.2223,76518,0,150,0,14-3-29 11:55:25,1
1P5GX7B7SI,117.205,39.2223,76518,0,150,0,14-3-29 11:57:26,1
1P5GX7B7SI,117.205,39.2223,76518,0,150,0,14-3-29 11:59:28,1
1P5GX7B7SI,117.205,39.2223,76518,0,150,0,14-3-29 12:1:28,1
1P5GX7B7SI,117.205,39.2223,76518,0,150,0,14-3-29 12:3:29,1
1P5GX7B7SI,117.205,39.2223,76518,0,150,0,14-3-29 12:5:30,1
1P5GX7B7SI,117.205,39.2223,76518,0,150,0,14-3-29 12:7:31,1
1P5GX7B7SI,117.205,39.2223,76518,0,150,0,14-3-29 12:9:32,1
1P5GX7B7SI,117.205,39.2223,76518,0,150,0,14-3-29 12:11:34,1
1P5GX7B7SI,117.205,39.2223,76518,0,150,0,14-3-29 12:13:34,1
1P5GX7B7SI,117.205,39.2223,76518,0,150,0,14-3-29 12:15:35,1
1P5GX7B7SI,117.205,39.2223,76518,0,150,0,14-3-29 12:17:36,1
1P5GX7B7SI,117.205,39.2223,76518,0,150,0,14-3-29 12:21:39,1
1P5GX7B7SI,117.205,39.2223,76518,0,150,0,14-3-29 12:23:39,1
1P5GX7B7SI,117.205,39.2223,76518,0,150,0,14-3-29 12:25:40,1
1P5GX7B7SI,117.205,39.2223,76518,0,150,0,14-3-29 12:27:43,1
1P5GX7B7SI,117.205,39.2223,76518,0,150,0,14-3-29 12:29:42,1
1P5GX7B7SI,117.205,39.2223,76518,0,150,0,14-3-29 12:31:43,1
1P5GX7B7SI,117.205,39.2223,76518,0,150,0,14-3-29 12:33:44,1
1P5GX7B7SI,117.205,39.2223,76518,0,150,0,14-3-29 12:35:45,1
1P5GX7B7SI,117.205,39.2223,76518,0,150,0,14-3-29 12:37:46,1
1P5GX7B7SI,117.205,39.2223,76518,0,150,0,14-3-29 12:39:47,1
1P5GX7B7SI,117.205,39.2223,76518,0,150,0,14-3-29 12:41:48,1
1P5GX7B7SI,117.205,39.2223,76518,0,150,0,14-3-29 12:43:49,1
1P5GX7B7SI,117.205,39.2223,76518,0,150,0,14-3-29 12:45:50,1
1P5GX7B7SI,117.205,39.2223,76518,0,150,0,14-3-29 12:47:51,1
1P5GX7B7SI,117.205,39.2223,76518,0,150,0,14-3-29 12:49:52,1
1P5GX7B7SI,117.205,39.2223,76518,0,150,0,14-3-29 12:51:53,1
1P5GX7B7SI,117.205,39.2223,76518,0,150,0,14-3-29 12:53:54,1
1P5GX7B7SI,117.205,39.2223,76518,0,150,0,14-3-29 12:55:55,1
1P5GX7B7SI,117.205,39.2223,76518,0,150,0,14-3-29 12:57:56,1
1P5GX7B7SI,117.205,39.2223,76518,0,150,0,14-3-29 12:59:57,1
1P5GX7B7SI,117.205,39.2223,76518,0,150,0,14-3-29 13:1:58,1
1P5GX7B7SI,117.205,39.2223,76518,0,150,0,14-3-29 13:3:59,1
1P5GX7B7SI,117.205,39.2223,76518,0,150,0,14-3-29 13:6:0,1
1P5GX7B7SI,117.205,39.2223,76518,0,150,0,14-3-29 13:8:1,1
1P5GX7B7SI,117.205,39.2223,76518,0,150,0,14-3-29 13:10:2,1
1P5GX7B7SI,117.205,39.2223,76518,0,150,0,14-3-29 13:12:3,1
1P5GX7B7SI,117.205,39.2223,76518,0,150,0,14-3-29 13:14:4,1
1P5GX7B7SI,117.205,39.2223,76518,0,150,0,14-3-29 13:16:5,1
1P5GX7B7SI,117.205,39.2223,76518,0,150,0,14-3-29 13:18:6,1
1P5GX7B7SI,117.205,39.2223,76518,0,150,0,14-3-29 13:20:7,1
1P5GX7B7SI,117.205,39.2223,76518,0,150,0,14-3-29 13:22:8,1
1P5GX7B7SI,117.205,39.2223,76518,0,150,0,14-3-29 13:24:9,1
1P5GX7B7SI,117.205,39.2223,76518,0,150,0,14-3-29 13:26:10,1
1P5GX7B7SI,117.205,39.2223,76518,0,150,0,14-3-29 13:28:11,1
1P5GX7B7SI,117.205,39.2223,76518,0,150,0,14-3-29 13:30:12,1
1P5GX7B7SI,117.205,39.2223,76518,0,150,0,14-3-29 13:32:14,1
1P5GX7B7SI,117.205,39.2223,76518,0,150,0,14-3-29 13:34:14,1
1P5GX7B7SI,117.205,39.2223,76518,0,150,0,14-3-29 13:36:15,1
1P5GX7B7SI,117.205,39.2223,76518,0,150,0,14-3-29 13:38:16,1
1P5GX7B7SI,117.205,39.2223,76518,0,150,0,14-3-29 13:40:18,1
1P5GX7B7SI,117.205,39.2223,76518,0,150,0,14-3-29 13:42:18,1
1P5GX7B7SI,117.205,39.2223,76518,0,150,0,14-3-29 13:44:21,1
1P5GX7B7SI,117.205,39.2223,76518,0,150,0,14-3-29 13:46:22,1
1P5GX7B7SI,117.205,39.2223,76518,0,150,0,14-3-29 13:48:23,1
1P5GX7B7SI,117.205,39.2223,76518,0,150,0,14-3-29 13:50:24,1
1P5GX7B7SI,117.205,39.2223,76518,0,150,0,14-3-29 13:52:25,1
1P5GX7B7SI,117.205,39.2223,76518,0,150,0,14-3-29 13:54:26,1
1P5GX7B7SI,117.205,39.2223,76518,0,150,0,14-3-29 13:56:27,1
1P5GX7B7SI,117.205,39.2223,76518,0,150,0,14-3-29 13:58:28,1
1P5GX7B7SI,117.205,39.2223,76518,0,150,0,14-3-29 14:0:29,1
1P5GX7B7SI,117.205,39.2223,76518,0,150,0,14-3-29 14:2:30,1
1P5GX7B7SI,117.205,39.2223,76518,0,150,0,14-3-29 14:4:31,1
1P5GX7B7SI,117.205,39.2223,76518,0,150,0,14-3-29 14:6:32,1
1P5GX7B7SI,117.205,39.2223,76518,0,150,0,14-3-29 14:8:33,1
1P5GX7B7SI,117.205,39.2223,76518,0,150,0,14-3-29 14:10:34,1
1P5GX7B7SI,117.205,39.2223,76518,0,150,0,14-3-29 14:12:35,1
1P5GX7B7SI,117.205,39.2223,76518,0,150,0,14-3-29 14:14:36,1
1P5GX7B7SI,117.205,39.2223,76518,0,150,0,14-3-29 14:16:37,1
1P5GX7B7SI,117.205,39.2223,76518,0,150,0,14-3-29 14:18:38,1
1P5GX7B7SI,117.205,39.2223,76518,0,150,0,14-3-29 14:20:39,1
1P5GX7B7SI,117.205,39.2223,76518,0,150,0,14-3-29 14:22:40,1
1P5GX7B7SI,117.205,39.2223,76518,0,150,0,14-3-29 14:24:41,1
1P5GX7B7SI,117.205,39.2223,76518,0,150,0,14-3-29 14:26:42,1
1P5GX7B7SI,117.205,39.2223,76518,0,150,0,14-3-29 14:28:43,1
1P5GX7B7SI,117.205,39.2223,76518,0,150,0,14-3-29 14:30:44,1
1P5GX7B7SI,117.205,39.2223,76518,0,150,0,14-3-29 14:32:45,1
1P5GX7B7SI,117.205,39.2223,76518,0,150,0,14-3-29 14:34:46,1
1P5GX7B7SI,117.205,39.2223,76518,0,150,0,14-3-29 14:36:47,1
1P5GX7B7SI,117.205,39.2223,76518,0,150,0,14-3-29 14:38:48,1
1P5GX7B7SI,117.205,39.2223,76518,0,150,0,14-3-29 14:40:49,1
1P5GX7B7SI,117.205,39.2223,76518,0,150,0,14-3-29 14:42:50,1
1P5GX7B7SI,117.205,39.2223,76518,0,150,0,14-3-29 14:44:51,1
1P5GX7B7SI,117.205,39.2223,76518,0,150,0,14-3-29 14:46:52,1
1P5GX7B7SI,117.205,39.2223,76518,0,150,0,14-3-29 14:48:53,1
1P5GX7B7SI,117.205,39.2223,76518,0,150,0,14-3-29 14:50:54,1
1P5GX7B7SI,117.205,39.2223,76518,0,150,0,14-3-29 14:52:55,1
1P5GX7B7SI,117.205,39.2223,76518,0,150,0,14-3-29 14:54:56,1
1P5GX7B7SI,117.205,39.2223,76518,0,150,0,14-3-29 14:56:57,1
1P5GX7B7SI,117.205,39.2223,76518,0,150,0,14-3-29 14:58:58,1
1P5GX7B7SI,117.205,39.2223,76518,0,150,0,14-3-29 15:0:59,1
1P5GX7B7SI,117.205,39.2223,76518,0,150,0,14-3-29 15:3:0,1
1P5GX7B7SI,117.205,39.2223,76518,0,150,0,14-3-29 15:5:1,1
1P5GX7B7SI,117.205,39.2223,76518,0,150,0,14-3-29 15:7:2,1
1P5GX7B7SI,117.205,39.2223,76518,0,150,0,14-3-29 15:9:3,1
1P5GX7B7SI,117.205,39.2223,76518,0,150,0,14-3-29 15:11:5,1
1P5GX7B7SI,117.205,39.2223,76518,0,150,0,14-3-29 15:13:5,1
1P5GX7B7SI,117.205,39.2223,76518,0,150,0,14-3-29 15:15:6,1
1P5GX7B7SI,117.205,39.2223,76518,0,150,0,14-3-29 15:19:9,1
1P5GX7B7SI,117.205,39.2223,76518,0,150,0,14-3-29 15:21:9,1
1P5GX7B7SI,117.205,39.2223,76518,0,150,0,14-3-29 15:23:10,1
1P5GX7B7SI,117.205,39.2223,76518,0,150,0,14-3-29 15:25:11,1
1P5GX7B7SI,117.205,39.2223,76518,0,150,0,14-3-29 15:27:12,1
1P5GX7B7SI,117.205,39.2223,76518,0,150,0,14-3-29 15:29:13,1
1P5GX7B7SI,117.205,39.2223,76518,0,150,0,14-3-29 15:31:14,1
1P5GX7B7SI,117.205,39.2223,76518,0,150,0,14-3-29 15:33:15,1
1P5GX7B7SI,117.205,39.2223,76518,0,150,0,14-3-29 15:35:16,1
1P5GX7B7SI,117.205,39.2223,76518,0,150,0,14-3-29 15:37:17,1
1P5GX7B7SI,117.205,39.2223,76518,0,150,0,14-3-29 15:39:18,1
1P5GX7B7SI,117.205,39.2223,76518,0,150,0,14-3-29 15:41:19,1
1P5GX7B7SI,117.205,39.2223,76518,0,150,0,14-3-29 15:43:20,1
1P5GX7B7SI,117.205,39.2223,76518,0,150,0,14-3-29 15:45:21,1
1P5GX7B7SI,117.205,39.2223,76518,0,150,0,14-3-29 15:47:22,1
1P5GX7B7SI,117.205,39.2223,76518,0,150,0,14-3-29 15:49:23,1
1P5GX7B7SI,117.205,39.2223,76518,0,150,0,14-3-29 15:51:24,1
1P5GX7B7SI,117.205,39.2223,76518,0,150,0,14-3-29 15:53:25,1
1P5GX7B7SI,117.205,39.2223,76518,0,150,0,14-3-29 15:55:26,1
1P5GX7B7SI,117.205,39.2223,76518,0,150,0,14-3-29 15:57:27,1
1P5GX7B7SI,117.205,39.2223,76518,0,150,0,14-3-29 15:59:28,1
1P5GX7B7SI,117.205,39.2223,76518,0,150,0,14-3-29 16:1:29,1
1P5GX7B7SI,117.205,39.2223,76518,0,150,0,14-3-29 16:3:30,1
1P5GX7B7SI,117.205,39.2223,76518,0,150,0,14-3-29 16:5:31,1
1P5GX7B7SI,117.205,39.2223,76518,0,150,0,14-3-29 16:7:32,1
1P5GX7B7SI,117.205,39.2223,76518,0,150,0,14-3-29 16:9:33,1
1P5GX7B7SI,117.205,39.2223,76518,0,150,0,14-3-29 16:11:34,1
1P5GX7B7SI,117.205,39.2223,76518,0,150,0,14-3-29 16:13:36,1
1P5GX7B7SI,117.205,39.2223,76518,0,150,0,14-3-29 16:15:36,1
1P5GX7B7SI,117.205,39.2223,76518,0,150,0,14-3-29 16:17:37,1
1P5GX7B7SI,117.205,39.2223,76518,0,150,0,14-3-29 16:19:38,1
1P5GX7B7SI,117.205,39.2223,76518,0,150,0,14-3-29 16:21:39,1
1P5GX7B7SI,117.205,39.2223,76518,0,150,0,14-3-29 16:23:40,1
1P5GX7B7SI,117.205,39.2223,76518,0,150,0,14-3-29 16:25:41,1
1P5GX7B7SI,117.205,39.2223,76518,0,150,0,14-3-29 16:27:42,1
1P5GX7B7SI,117.205,39.2223,76518,0,150,0,14-3-29 16:29:43,1
1P5GX7B7SI,117.205,39.2223,76518,0,150,0,14-3-29 16:31:44,1
1P5GX7B7SI,117.205,39.2223,76518,0,150,0,14-3-29 16:33:46,1
1P5GX7B7SI,117.205,39.2223,76518,0,150,0,14-3-29 16:35:46,1
1P5GX7B7SI,117.205,39.2223,76518,0,150,0,14-3-29 16:37:47,1
1P5GX7B7SI,117.205,39.2223,76518,0,150,0,14-3-29 16:39:48,1
1P5GX7B7SI,117.205,39.2223,76518,0,150,0,14-3-29 16:41:49,1
1P5GX7B7SI,117.205,39.2223,76518,0,150,0,14-3-29 16:43:50,1
1P5GX7B7SI,117.205,39.2223,76518,0,150,0,14-3-29 16:45:51,1
1P5GX7B7SI,117.205,39.2223,76518,0,150,0,14-3-29 16:47:52,1
1P5GX7B7SI,117.205,39.2223,76518,0,150,0,14-3-29 16:49:53,1
1P5GX7B7SI,117.205,39.2223,76518,0,150,0,14-3-29 16:51:54,1
1P5GX7B7SI,117.205,39.2223,76518,0,150,0,14-3-29 16:53:55,1
1P5GX7B7SI,117.205,39.2223,76518,0,150,0,14-3-29 16:55:56,1
1P5GX7B7SI,117.205,39.2223,76518,0,150,0,14-3-29 16:57:57,1
1P5GX7B7SI,117.205,39.2223,76518,0,150,0,14-3-29 16:59:58,1
1P5GX7B7SI,117.205,39.2223,76518,0,150,0,14-3-29 17:1:59,1
1P5GX7B7SI,117.205,39.2223,76518,0,150,0,14-3-29 17:4:0,1
1P5GX7B7SI,117.205,39.2223,76518,0,150,0,14-3-29 17:6:1,1
1P5GX7B7SI,117.205,39.2223,76518,0,150,0,14-3-29 17:8:2,1
1P5GX7B7SI,117.205,39.2223,76518,0,150,0,14-3-29 17:10:3,1
1P5GX7B7SI,117.205,39.2223,76518,0,150,0,14-3-29 17:12:4,1
1P5GX7B7SI,117.205,39.2223,76518,0,150,0,14-3-29 17:14:5,1
1P5GX7B7SI,117.205,39.2223,76518,0,150,0,14-3-29 17:16:6,1
1P5GX7B7SI,117.205,39.2223,76518,0,150,0,14-3-29 17:18:7,1
1P5GX7B7SI,117.205,39.2223,76518,0,150,0,14-3-29 17:20:8,1
1P5GX7B7SI,117.205,39.2223,76518,0,150,0,14-3-29 17:22:9,1
1P5GX7B7SI,117.205,39.2223,76518,0,150,0,14-3-29 17:24:10,1
1P5GX7B7SI,117.205,39.2223,76518,0,150,0,14-3-29 17:26:11,1
1P5GX7B7SI,117.205,39.2223,76518,0,150,0,14-3-29 17:28:12,1
1P5GX7B7SI,117.205,39.2223,76518,0,150,0,14-3-29 17:30:13,1
1P5GX7B7SI,117.205,39.2223,76518,0,150,0,14-3-29 17:32:14,1
1P5GX7B7SI,117.205,39.2223,76518,0,150,0,14-3-29 17:34:15,1
1P5GX7B7SI,117.205,39.2223,76518,0,150,0,14-3-29 17:36:16,1
1P5GX7B7SI,117.205,39.2223,76518,0,150,0,14-3-29 17:38:17,1
1P5GX7B7SI,117.205,39.2223,76518,0,150,0,14-3-29 17:40:18,1
1P5GX7B7SI,117.205,39.2223,76518,0,150,0,14-3-29 17:42:19,1
1P5GX7B7SI,117.205,39.2223,76518,0,150,0,14-3-29 17:44:20,1
1P5GX7B7SI,117.205,39.2223,76518,0,150,0,14-3-29 17:46:21,1
1P5GX7B7SI,117.205,39.2223,76518,0,150,0,14-3-29 17:48:22,1
1P5GX7B7SI,117.205,39.2223,76518,0,150,0,14-3-29 17:50:24,1
1P5GX7B7SI,117.205,39.2223,76518,0,150,0,14-3-29 17:52:24,1
1P5GX7B7SI,117.205,39.2223,76518,0,150,0,14-3-29 17:54:25,1
1P5GX7B7SI,117.205,39.2223,76518,0,150,0,14-3-29 17:56:26,1
1P5GX7B7SI,117.205,39.2223,76518,0,150,0,14-3-29 17:58:27,1
1P5GX7B7SI,117.205,39.2223,76518,0,150,0,14-3-29 18:0:28,1
1P5GX7B7SI,117.205,39.2223,76518,0,150,0,14-3-29 18:2:29,1
1P5GX7B7SI,117.205,39.2223,76518,0,150,0,14-3-29 18:4:30,1
1P5GX7B7SI,117.205,39.2223,76518,0,150,0,14-3-29 18:6:31,1
1P5GX7B7SI,117.205,39.2223,76518,0,150,0,14-3-29 18:8:32,1
1P5GX7B7SI,117.205,39.2223,76518,0,150,0,14-3-29 18:10:33,1
1P5GX7B7SI,117.205,39.2223,76518,0,150,0,14-3-29 18:12:34,1
1P5GX7B7SI,117.205,39.2223,76518,0,150,0,14-3-29 18:14:35,1
1P5GX7B7SI,117.205,39.2223,76518,0,150,0,14-3-29 18:16:36,1
1P5GX7B7SI,117.205,39.2223,76518,0,150,0,14-3-29 18:18:37,1
1P5GX7B7SI,117.205,39.2223,76518,0,150,0,14-3-29 18:20:38,1
1P5GX7B7SI,117.205,39.2223,76518,0,150,0,14-3-29 18:22:39,1
1P5GX7B7SI,117.205,39.2223,76518,0,150,0,14-3-29 18:24:40,1
1P5GX7B7SI,117.205,39.2223,76518,0,150,0,14-3-29 18:26:41,1
1P5GX7B7SI,117.205,39.2223,76518,0,150,0,14-3-29 18:28:42,1
1P5GX7B7SI,117.205,39.2223,76518,0,150,0,14-3-29 18:30:43,1
1P5GX7B7SI,117.205,39.2223,76518,0,150,0,14-3-29 18:32:44,1
1P5GX7B7SI,117.205,39.2223,76518,0,150,0,14-3-29 18:34:45,1
1P5GX7B7SI,117.205,39.2223,76518,0,150,0,14-3-29 18:36:46,1
1P5GX7B7SI,117.205,39.2223,76518,0,150,0,14-3-29 18:38:47,1
1P5GX7B7SI,117.205,39.2223,76518,0,150,0,14-3-29 18:40:48,1
1P5GX7B7SI,117.205,39.2223,76518,0,150,0,14-3-29 18:42:49,1
1P5GX7B7SI,117.205,39.2223,76518,0,150,0,14-3-29 18:44:50,1
1P5GX7B7SI,117.205,39.2223,76518,0,150,0,14-3-29 18:46:51,1
1P5GX7B7SI,117.205,39.2223,76518,0,150,0,14-3-29 18:48:52,1
1P5GX7B7SI,117.205,39.2223,76518,0,150,0,14-3-29 18:50:53,1
1P5GX7B7SI,117.205,39.2223,76518,0,150,0,14-3-29 18:52:54,1
1P5GX7B7SI,117.205,39.2223,76518,0,150,0,14-3-29 18:54:55,1
1P5GX7B7SI,117.205,39.2223,76518,0,150,0,14-3-29 18:56:56,1
1P5GX7B7SI,117.205,39.2223,76518,0,150,0,14-3-29 18:58:57,1
1P5GX7B7SI,117.205,39.2223,76518,0,150,0,14-3-29 19:0:58,1
1P5GX7B7SI,117.205,39.2223,76518,0,150,0,14-3-29 19:2:59,1
1P5GX7B7SI,117.205,39.2223,76518,0,150,0,14-3-29 19:5:2,1
1P5GX7B7SI,117.205,39.2223,76518,0,150,0,14-3-29 19:7:3,1
1P5GX7B7SI,117.205,39.2223,76518,0,150,0,14-3-29 19:9:4,1
1P5GX7B7SI,117.205,39.2223,76518,0,150,0,14-3-29 19:11:5,1
1P5GX7B7SI,117.205,39.2223,76518,0,150,0,14-3-29 19:13:7,1
1P5GX7B7SI,117.205,39.2223,76518,0,150,0,14-3-29 19:15:7,1
1P5GX7B7SI,117.205,39.2223,76518,0,150,0,14-3-29 19:17:8,1
1P5GX7B7SI,117.205,39.2223,76518,0,150,0,14-3-29 19:19:9,1
1P5GX7B7SI,117.205,39.2223,76518,0,150,0,14-3-29 19:21:10,1
1P5GX7B7SI,117.205,39.2223,76518,0,150,0,14-3-29 19:23:11,1
1P5GX7B7SI,117.205,39.2223,76518,0,150,0,14-3-29 19:25:12,1
1P5GX7B7SI,117.205,39.2223,76518,0,150,0,14-3-29 19:27:13,1
1P5GX7B7SI,117.205,39.2223,76518,0,150,0,14-3-29 19:29:14,1
1P5GX7B7SI,117.205,39.2223,76518,0,150,0,14-3-29 19:31:15,1
1P5GX7B7SI,117.205,39.2223,76518,0,150,0,14-3-29 19:33:16,1
1P5GX7B7SI,117.205,39.2223,76518,0,150,0,14-3-29 19:35:18,1
1P5GX7B7SI,117.205,39.2223,76518,0,150,0,14-3-29 19:37:18,1
1P5GX7B7SI,117.205,39.2223,76518,0,150,0,14-3-29 19:39:19,1
1P5GX7B7SI,117.205,39.2223,76518,0,150,0,14-3-29 19:41:20,1
1P5GX7B7SI,117.205,39.2223,76518,0,150,0,14-3-29 19:43:21,1
1P5GX7B7SI,117.205,39.2223,76518,0,150,0,14-3-29 19:45:22,1
1P5GX7B7SI,117.205,39.2223,76518,0,150,0,14-3-29 19:47:23,1
1P5GX7B7SI,117.205,39.2223,76518,0,150,0,14-3-29 19:49:25,1
1P5GX7B7SI,117.205,39.2223,76518,0,150,0,14-3-29 19:51:25,1
1P5GX7B7SI,117.205,39.2223,76518,0,150,0,14-3-29 19:53:26,1
1P5GX7B7SI,117.205,39.2223,76518,0,150,0,14-3-29 19:55:27,1
1P5GX7B7SI,117.205,39.2223,76518,0,150,0,14-3-29 19:57:28,1
1P5GX7B7SI,117.205,39.2223,76518,0,150,0,14-3-29 19:59:29,1
1P5GX7B7SI,117.205,39.2223,76518,0,150,0,14-3-29 20:1:30,1
1P5GX7B7SI,117.205,39.2223,76518,0,150,0,14-3-29 20:3:31,1
1P5GX7B7SI,117.205,39.2223,76518,0,150,0,14-3-29 20:5:32,1
1P5GX7B7SI,117.205,39.2223,76518,0,150,0,14-3-29 20:7:33,1
1P5GX7B7SI,117.205,39.2223,76518,0,150,0,14-3-29 20:9:34,1
1P5GX7B7SI,117.205,39.2223,76518,0,150,0,14-3-29 20:11:35,1
1P5GX7B7SI,117.205,39.2223,76518,0,150,0,14-3-29 20:13:36,1
1P5GX7B7SI,117.205,39.2223,76518,0,150,0,14-3-29 20:15:38,1
1P5GX7B7SI,117.205,39.2223,76518,0,150,0,14-3-29 20:17:38,1
1P5GX7B7SI,117.205,39.2223,76518,0,150,0,14-3-29 20:19:40,1
1P5GX7B7SI,117.205,39.2223,76518,0,150,0,14-3-29 20:21:40,1
1P5GX7B7SI,117.205,39.2223,76518,0,150,0,14-3-29 20:23:41,1
1P5GX7B7SI,117.205,39.2223,76518,0,150,0,14-3-29 20:25:42,1
1P5GX7B7SI,117.205,39.2223,76518,0,150,0,14-3-29 20:27:43,1
1P5GX7B7SI,117.205,39.2223,76518,0,150,0,14-3-29 20:29:44,1
1P5GX7B7SI,117.205,39.2223,76518,0,150,0,14-3-29 20:31:45,1
1P5GX7B7SI,117.205,39.2223,76518,0,150,0,14-3-29 20:33:46,1
1P5GX7B7SI,117.205,39.2223,76518,0,150,0,14-3-29 20:35:47,1
1P5GX7B7SI,117.205,39.2223,76518,0,150,0,14-3-29 20:37:48,1
1P5GX7B7SI,117.205,39.2223,76518,0,150,0,14-3-29 20:39:49,1
1P5GX7B7SI,117.205,39.2223,76518,0,150,0,14-3-29 20:41:50,1
1P5GX7B7SI,117.205,39.2223,76518,0,150,0,14-3-29 20:43:51,1
1P5GX7B7SI,117.205,39.2223,76518,0,150,0,14-3-29 20:45:52,1
1P5GX7B7SI,117.205,39.2223,76518,0,150,0,14-3-29 20:47:53,1
1P5GX7B7SI,117.205,39.2223,76518,0,150,0,14-3-29 20:49:54,1
1P5GX7B7SI,117.205,39.2223,76518,0,150,0,14-3-29 20:51:55,1
1P5GX7B7SI,117.205,39.2223,76518,0,150,0,14-3-29 20:53:56,1
1P5GX7B7SI,117.205,39.2223,76518,0,150,0,14-3-29 20:55:57,1
1P5GX7B7SI,117.205,39.2223,76518,0,150,0,14-3-29 20:57:58,1
1P5GX7B7SI,117.205,39.2223,76518,0,150,0,14-3-29 20:59:59,1
1P5GX7B7SI,117.205,39.2223,76518,0,150,0,14-3-29 21:2:0,1
1P5GX7B7SI,117.205,39.2223,76518,0,150,0,14-3-29 21:4:1,1
1P5GX7B7SI,117.205,39.2223,76518,0,150,0,14-3-29 21:6:2,1
1P5GX7B7SI,117.205,39.2223,76518,0,150,0,14-3-29 21:8:3,1
1P5GX7B7SI,117.205,39.2223,76518,0,150,0,14-3-29 21:10:4,1
1P5GX7B7SI,117.205,39.2223,76518,0,150,0,14-3-29 21:12:5,1
1P5GX7B7SI,117.205,39.2223,76518,0,150,0,14-3-29 21:14:7,1
1P5GX7B7SI,117.206,39.2286,76518,0,150,0,14-3-29 21:17:43,1
1P5GX7B7SI,117.207,39.2274,76518,0,95,0,14-3-29 21:24:19,1
1P5GX7B7SI,117.207,39.2274,76518,0,95,0,14-3-29 21:26:20,1
1P5GX7B7SI,117.207,39.2274,76518,0,95,0,14-3-29 21:28:22,1
1P5GX7B7SI,117.205,39.2223,76518,0,95,0,14-3-29 21:30:28,1
1P5GX7B7SI,117.207,39.2274,76518,0,95,0,14-3-29 21:32:26,1
1P5GX7B7SI,117.207,39.2274,76518,0,95,0,14-3-29 21:34:26,1
1P5GX7B7SI,117.207,39.2274,76518,0,95,0,14-3-29 21:36:28,1
1P5GX7B7SI,117.207,39.2274,76518,0,95,0,14-3-29 21:38:29,1
1P5GX7B7SI,117.207,39.2274,76518,0,95,0,14-3-29 21:40:31,1
1P5GX7B7SI,117.207,39.2274,76518,0,95,0,14-3-29 21:42:32,1
1P5GX7B7SI,117.207,39.2274,76518,0,95,0,14-3-29 21:44:34,1
1P5GX7B7SI,117.207,39.2274,76518,0,95,0,14-3-29 21:46:35,1
1P5GX7B7SI,117.207,39.2274,76518,0,95,0,14-3-29 21:48:37,1
1P5GX7B7SI,117.207,39.2274,76518,0,95,0,14-3-29 21:50:39,1
1P5GX7B7SI,117.207,39.2274,76518,0,95,0,14-3-29 21:52:40,1
1P5GX7B7SI,117.207,39.2274,76518,0,95,0,14-3-29 21:54:41,1
1P5GX7B7SI,117.206,39.2279,76519,0,90,0,14-3-29 21:56:43,1
1P5GX7B7SI,117.206,39.2279,76519,0,90,0,14-3-29 21:58:44,1
1P5GX7B7SI,117.204,39.2218,76520,0,135,0,14-3-29 22:0:43,1
1P5GX7B7SI,117.206,39.2274,76520,0,135,0,14-3-29 22:2:47,1
1P5GX7B7SI,117.206,39.2274,76520,0,135,0,14-3-29 22:4:50,1
1P5GX7B7SI,117.206,39.2274,76520,0,135,0,14-3-29 22:6:50,1
1P5GX7B7SI,117.206,39.2274,76520,0,135,0,14-3-29 22:8:52,1
1P5GX7B7SI,117.206,39.2274,76520,0,135,0,14-3-29 22:10:53,1
1P5GX7B7SI,117.206,39.2274,76520,0,135,0,14-3-29 22:12:55,1
1P5GX7B7SI,117.206,39.2274,76520,0,135,0,14-3-29 22:14:56,1
1P5GX7B7SI,117.206,39.2274,76520,0,135,0,14-3-29 22:16:58,1
1P5GX7B7SI,117.206,39.2274,76520,0,135,0,14-3-29 22:18:59,1
1P5GX7B7SI,117.206,39.2274,76520,0,135,0,14-3-29 22:21:1,1
1P5GX7B7SI,117.204,39.2218,76520,0,135,0,14-3-29 22:23:3,1
1P5GX7B7SI,117.206,39.2278,76520,0,175,0,14-3-29 22:25:4,1
1P5GX7B7SI,117.206,39.2278,76520,0,175,0,14-3-29 22:27:5,1
1P5GX7B7SI,117.206,39.2276,76521,0,100,0,14-3-29 22:29:7,1
1P5GX7B7SI,117.206,39.2278,76521,0,145,0,14-3-29 22:31:8,1
1P5GX7B7SI,117.204,39.2218,76521,0,145,0,14-3-29 22:33:8,1
1P5GX7B7SI,117.206,39.2278,76521,0,145,0,14-3-29 22:35:11,1
1P5GX7B7SI,117.206,39.2278,76521,0,145,0,14-3-29 22:37:13,1
1P5GX7B7SI,117.206,39.2277,76521,0,5,0,14-3-29 22:39:14,1
1P5GX7B7SI,117.206,39.2277,76521,0,5,0,14-3-29 22:41:15,1
1P5GX7B7SI,117.206,39.2277,76521,0,5,0,14-3-29 22:43:17,1
1P5GX7B7SI,117.206,39.2277,76521,0,5,0,14-3-29 22:45:19,1
1P5GX7B7SI,117.206,39.2277,76521,0,5,0,14-3-29 22:47:20,1
1P5GX7B7SI,117.206,39.2277,76521,0,5,0,14-3-29 22:49:22,1
1P5GX7B7SI,117.206,39.2277,76521,0,5,0,14-3-29 22:51:23,1
1P5GX7B7SI,117.206,39.2277,76521,0,5,0,14-3-29 22:53:24,1
1P5GX7B7SI,117.206,39.2277,76521,0,5,0,14-3-29 22:55:26,1
1P5GX7B7SI,117.206,39.2277,76521,0,5,0,14-3-29 22:57:27,1
1P5GX7B7SI,117.206,39.2277,76521,0,5,0,14-3-29 22:59:29,1
1P5GX7B7SI,117.206,39.2277,76521,0,5,0,14-3-29 23:1:30,1
1P5GX7B7SI,117.205,39.2273,76521,0,105,0,14-3-29 23:3:32,1
1P5GX7B7SI,117.205,39.2273,76521,0,105,0,14-3-29 23:5:33,1
1P5GX7B7SI,117.205,39.2273,76521,0,105,0,14-3-29 23:7:35,1
1P5GX7B7SI,117.205,39.2273,76521,0,105,0,14-3-29 23:9:36,1
1P5GX7B7SI,117.205,39.2273,76521,0,105,0,14-3-29 23:11:38,1
1P5GX7B7SI,117.205,39.2273,76521,0,105,0,14-3-29 23:13:39,1
1P5GX7B7SI,117.205,39.2273,76521,0,105,0,14-3-29 23:15:41,1
1P5GX7B7SI,117.205,39.2273,76521,0,105,0,14-3-29 23:17:42,1
1P5GX7B7SI,117.206,39.2276,76522,0,175,0,14-3-29 23:19:44,1
1P5GX7B7SI,117.206,39.2276,76522,0,175,0,14-3-29 23:21:45,1
1P5GX7B7SI,117.206,39.2276,76522,0,175,0,14-3-29 23:23:47,1
1P5GX7B7SI,117.204,39.2218,76522,0,15,0,14-3-29 23:27:24,1
1P5GX7B7SI,117.206,39.2276,76523,0,100,0,14-3-29 23:27:50,1
1P5GX7B7SI,117.206,39.2276,76523,0,100,0,14-3-29 23:29:51,1
1P5GX7B7SI,117.206,39.2276,76523,0,100,0,14-3-29 23:31:53,1
1P5GX7B7SI,117.206,39.2276,76523,0,100,0,14-3-29 23:33:54,1
1P5GX7B7SI,117.206,39.2276,76523,0,100,0,14-3-29 23:35:56,1
1P5GX7B7SI,117.206,39.2276,76523,0,100,0,14-3-29 23:37:57,1
1P5GX7B7SI,117.206,39.2276,76523,0,100,0,14-3-29 23:39:59,1
1P5GX7B7SI,117.206,39.2276,76523,0,100,0,14-3-29 23:42:0,1
1P5GX7B7SI,117.206,39.2276,76523,0,100,0,14-3-29 23:44:2,1
1P5GX7B7SI,117.206,39.2276,76523,0,100,0,14-3-29 23:46:3,1
1P5GX7B7SI,117.206,39.2276,76523,0,160,0,14-3-29 23:48:5,1
1P5GX7B7SI,117.206,39.2276,76523,0,160,0,14-3-29 23:50:6,1
1P5GX7B7SI,117.206,39.2276,76523,0,160,0,14-3-29 23:52:8,1
1P5GX7B7SI,117.206,39.2276,76523,0,160,0,14-3-29 23:54:9,1
1P5GX7B7SI,117.206,39.2276,76523,0,160,0,14-3-29 23:56:11,1
1P5GX7B7SI,117.206,39.2276,76523,0,160,0,14-3-29 23:58:12,1
