1P47B7FSUI,121.377,31.3968,54075,0,50,0,14-3-27 23:59:53,1
1P47B7FSUI,121.377,31.3968,54075,0,50,0,14-3-28 0:2:53,1
1P47B7FSUI,121.377,31.3968,54075,0,50,0,14-3-28 0:5:53,1
1P47B7FSUI,121.377,31.3968,54075,0,50,0,14-3-28 0:8:53,1
1P47B7FSUI,121.377,31.3968,54075,0,50,0,14-3-28 0:11:53,1
1P47B7FSUI,121.377,31.3968,54075,0,50,0,14-3-28 0:14:53,1
1P47B7FSUI,121.377,31.3968,54075,0,50,0,14-3-28 0:17:53,1
1P47B7FSUI,121.377,31.3968,54075,0,50,0,14-3-28 0:20:53,1
1P47B7FSUI,121.377,31.3968,54075,0,50,0,14-3-28 0:23:53,1
1P47B7FSUI,121.377,31.3968,54075,0,50,0,14-3-28 0:26:53,1
1P47B7FSUI,121.377,31.3968,54075,0,50,0,14-3-28 0:29:53,1
1P47B7FSUI,121.377,31.3968,54075,0,50,0,14-3-28 0:32:53,1
1P47B7FSUI,121.377,31.3968,54075,0,50,0,14-3-28 0:35:53,1
1P47B7FSUI,121.377,31.3968,54075,0,50,0,14-3-28 0:38:53,1
1P47B7FSUI,121.377,31.3968,54075,0,50,0,14-3-28 0:41:53,1
1P47B7FSUI,121.377,31.3968,54075,0,50,0,14-3-28 0:44:54,1
1P47B7FSUI,121.377,31.3968,54075,0,50,0,14-3-28 0:47:53,1
1P47B7FSUI,121.377,31.3968,54075,0,50,0,14-3-28 0:50:53,1
1P47B7FSUI,121.377,31.3968,54075,0,50,0,14-3-28 0:53:53,1
1P47B7FSUI,121.377,31.3968,54075,0,50,0,14-3-28 0:56:53,1
1P47B7FSUI,121.377,31.3968,54075,0,50,0,14-3-28 0:59:54,1
1P47B7FSUI,121.377,31.3968,54075,0,50,0,14-3-28 1:2:54,1
1P47B7FSUI,121.377,31.3968,54075,0,50,0,14-3-28 1:5:54,1
1P47B7FSUI,121.377,31.3968,54075,0,50,0,14-3-28 1:8:54,1
1P47B7FSUI,121.377,31.3968,54075,0,50,0,14-3-28 1:11:54,1
1P47B7FSUI,121.377,31.3968,54075,0,50,0,14-3-28 1:14:54,1
1P47B7FSUI,121.377,31.3968,54075,0,50,0,14-3-28 1:17:54,1
1P47B7FSUI,121.377,31.3968,54075,0,50,0,14-3-28 1:20:54,1
1P47B7FSUI,121.377,31.3968,54075,0,50,0,14-3-28 1:23:54,1
1P47B7FSUI,121.377,31.3968,54075,0,50,0,14-3-28 1:26:53,1
1P47B7FSUI,121.377,31.3968,54075,0,50,0,14-3-28 1:29:54,1
1P47B7FSUI,121.377,31.3968,54075,0,50,0,14-3-28 1:32:54,1
1P47B7FSUI,121.377,31.3968,54075,0,50,0,14-3-28 1:35:54,1
1P47B7FSUI,121.377,31.3968,54075,0,50,0,14-3-28 1:38:54,1
1P47B7FSUI,121.377,31.3968,54075,0,50,0,14-3-28 1:41:54,1
1P47B7FSUI,121.377,31.3968,54075,0,50,0,14-3-28 1:44:54,1
1P47B7FSUI,121.377,31.3968,54075,0,50,0,14-3-28 1:47:54,1
1P47B7FSUI,121.377,31.3968,54075,0,50,0,14-3-28 1:50:54,1
1P47B7FSUI,121.377,31.3968,54075,0,50,0,14-3-28 1:53:54,1
1P47B7FSUI,121.377,31.3968,54075,0,50,0,14-3-28 1:56:54,1
1P47B7FSUI,121.377,31.3968,54075,0,50,0,14-3-28 1:59:54,1
1P47B7FSUI,121.377,31.3968,54075,0,50,0,14-3-28 2:2:54,1
1P47B7FSUI,121.377,31.3968,54075,0,50,0,14-3-28 2:5:53,1
1P47B7FSUI,121.377,31.3968,54075,0,50,0,14-3-28 2:8:53,1
1P47B7FSUI,121.377,31.3968,54075,0,50,0,14-3-28 2:11:53,1
1P47B7FSUI,121.377,31.3968,54075,0,50,0,14-3-28 2:14:53,1
1P47B7FSUI,121.377,31.3968,54075,0,50,0,14-3-28 2:17:53,1
1P47B7FSUI,121.377,31.3968,54075,0,50,0,14-3-28 2:20:53,1
1P47B7FSUI,121.377,31.3968,54075,0,50,0,14-3-28 2:23:53,1
1P47B7FSUI,121.377,31.3968,54075,0,50,0,14-3-28 2:26:53,1
1P47B7FSUI,121.377,31.3968,54075,0,50,0,14-3-28 2:29:53,1
1P47B7FSUI,121.377,31.3968,54075,0,50,0,14-3-28 2:32:53,1
1P47B7FSUI,121.377,31.3968,54075,0,50,0,14-3-28 2:35:53,1
1P47B7FSUI,121.377,31.3968,54075,0,50,0,14-3-28 2:38:53,1
1P47B7FSUI,121.377,31.3968,54075,0,50,0,14-3-28 2:41:53,1
1P47B7FSUI,121.377,31.3968,54075,0,50,0,14-3-28 2:44:53,1
1P47B7FSUI,121.377,31.3968,54075,0,50,0,14-3-28 2:47:53,1
1P47B7FSUI,121.377,31.3968,54075,0,50,0,14-3-28 2:50:53,1
1P47B7FSUI,121.377,31.3968,54075,0,50,0,14-3-28 2:53:53,1
1P47B7FSUI,121.377,31.3968,54075,0,50,0,14-3-28 2:56:53,1
1P47B7FSUI,121.377,31.3968,54075,0,50,0,14-3-28 2:59:53,1
1P47B7FSUI,121.377,31.3968,54075,0,50,0,14-3-28 3:2:53,1
1P47B7FSUI,121.377,31.3968,54075,0,50,0,14-3-28 3:5:53,1
1P47B7FSUI,121.377,31.3968,54075,0,50,0,14-3-28 3:8:53,1
1P47B7FSUI,121.377,31.3968,54075,0,50,0,14-3-28 3:11:53,1
1P47B7FSUI,121.377,31.3968,54075,0,50,0,14-3-28 3:14:53,1
1P47B7FSUI,121.377,31.3968,54075,0,50,0,14-3-28 3:17:53,1
1P47B7FSUI,121.377,31.3968,54075,0,50,0,14-3-28 3:20:53,1
1P47B7FSUI,121.377,31.3968,54075,0,50,0,14-3-28 3:23:53,1
1P47B7FSUI,121.377,31.3968,54075,0,50,0,14-3-28 3:26:53,1
1P47B7FSUI,121.377,31.3968,54075,0,50,0,14-3-28 3:29:53,1
1P47B7FSUI,121.377,31.3968,54075,0,50,0,14-3-28 3:32:53,1
1P47B7FSUI,121.377,31.3968,54075,0,50,0,14-3-28 3:35:53,1
1P47B7FSUI,121.377,31.3968,54075,0,50,0,14-3-28 3:38:53,1
1P47B7FSUI,121.377,31.3968,54075,0,50,0,14-3-28 3:41:53,1
1P47B7FSUI,121.377,31.3968,54075,0,50,0,14-3-28 3:44:52,1
1P47B7FSUI,121.377,31.3968,54075,0,50,0,14-3-28 3:47:52,1
1P47B7FSUI,121.377,31.3968,54075,0,50,0,14-3-28 3:50:52,1
1P47B7FSUI,121.377,31.3968,54075,0,50,0,14-3-28 3:53:52,1
1P47B7FSUI,121.377,31.3968,54075,0,50,0,14-3-28 3:56:52,1
1P47B7FSUI,121.377,31.3968,54075,0,50,0,14-3-28 3:59:52,1
1P47B7FSUI,121.377,31.3968,54075,0,50,0,14-3-28 4:2:52,1
1P47B7FSUI,121.377,31.3968,54075,0,50,0,14-3-28 4:5:52,1
1P47B7FSUI,121.377,31.3968,54075,0,50,0,14-3-28 4:8:52,1
1P47B7FSUI,121.377,31.3968,54075,0,50,0,14-3-28 4:11:52,1
1P47B7FSUI,121.377,31.3968,54075,0,50,0,14-3-28 4:14:52,1
1P47B7FSUI,121.377,31.3968,54075,0,50,0,14-3-28 4:17:52,1
1P47B7FSUI,121.377,31.3968,54075,0,50,0,14-3-28 4:20:52,1
1P47B7FSUI,121.377,31.3968,54075,0,50,0,14-3-28 4:23:53,1
1P47B7FSUI,121.377,31.3968,54075,0,50,0,14-3-28 4:26:52,1
1P47B7FSUI,121.377,31.3968,54075,0,50,0,14-3-28 4:29:53,1
1P47B7FSUI,121.377,31.3968,54075,0,50,0,14-3-28 4:32:53,1
1P47B7FSUI,121.377,31.3968,54075,0,50,0,14-3-28 4:35:53,1
1P47B7FSUI,121.377,31.3968,54075,0,50,0,14-3-28 4:38:53,1
1P47B7FSUI,121.377,31.3968,54075,0,50,0,14-3-28 4:41:53,1
1P47B7FSUI,121.377,31.3968,54075,0,50,0,14-3-28 4:44:53,1
1P47B7FSUI,121.377,31.3968,54075,0,50,0,14-3-28 4:47:53,1
1P47B7FSUI,121.377,31.3968,54075,0,50,0,14-3-28 4:50:53,1
1P47B7FSUI,121.377,31.3968,54075,0,50,0,14-3-28 4:53:53,1
1P47B7FSUI,121.377,31.3968,54075,0,50,0,14-3-28 4:56:53,1
1P47B7FSUI,121.377,31.3968,54075,0,50,0,14-3-28 4:59:53,1
1P47B7FSUI,121.377,31.3968,54075,0,50,0,14-3-28 5:2:53,1
1P47B7FSUI,121.377,31.3968,54075,0,50,0,14-3-28 5:5:53,1
1P47B7FSUI,121.377,31.3968,54075,0,50,0,14-3-28 5:8:53,1
1P47B7FSUI,121.377,31.3968,54075,0,50,0,14-3-28 5:11:53,1
1P47B7FSUI,121.377,31.3968,54075,0,50,0,14-3-28 5:14:53,1
1P47B7FSUI,121.377,31.3968,54075,0,50,0,14-3-28 5:17:53,1
1P47B7FSUI,121.377,31.3968,54075,0,50,0,14-3-28 5:20:53,1
1P47B7FSUI,121.377,31.3968,54075,0,50,0,14-3-28 5:23:53,1
1P47B7FSUI,121.377,31.3968,54075,0,50,0,14-3-28 5:26:53,1
1P47B7FSUI,121.377,31.3968,54075,0,50,0,14-3-28 5:29:53,1
1P47B7FSUI,121.377,31.3968,54075,0,50,0,14-3-28 5:32:53,1
1P47B7FSUI,121.377,31.3968,54075,0,50,0,14-3-28 5:35:53,1
1P47B7FSUI,121.377,31.3968,54075,0,50,0,14-3-28 5:38:53,1
1P47B7FSUI,121.377,31.3968,54075,0,50,0,14-3-28 5:41:53,1
1P47B7FSUI,121.377,31.3968,54075,0,50,0,14-3-28 5:44:53,1
1P47B7FSUI,121.377,31.3968,54075,0,50,0,14-3-28 5:47:53,1
1P47B7FSUI,121.377,31.3968,54075,0,50,0,14-3-28 5:50:53,1
1P47B7FSUI,121.377,31.3968,54075,0,50,0,14-3-28 5:53:53,1
1P47B7FSUI,121.377,31.3968,54075,0,50,0,14-3-28 5:56:53,1
1P47B7FSUI,121.377,31.3968,54075,0,50,0,14-3-28 5:59:53,1
1P47B7FSUI,121.377,31.3968,54075,0,50,0,14-3-28 6:2:53,1
1P47B7FSUI,121.377,31.3968,54075,0,50,0,14-3-28 6:5:53,1
1P47B7FSUI,121.377,31.3968,54075,0,50,0,14-3-28 6:8:53,1
1P47B7FSUI,121.377,31.3968,54075,0,50,0,14-3-28 6:11:53,1
1P47B7FSUI,121.377,31.3968,54075,0,50,0,14-3-28 6:14:53,1
1P47B7FSUI,121.377,31.3968,54075,0,50,0,14-3-28 6:17:53,1
1P47B7FSUI,121.377,31.3968,54075,0,50,0,14-3-28 6:20:53,1
1P47B7FSUI,121.377,31.3968,54075,0,50,0,14-3-28 6:23:53,1
1P47B7FSUI,121.377,31.3968,54075,0,50,0,14-3-28 6:26:53,1
1P47B7FSUI,121.377,31.3968,54075,0,50,0,14-3-28 6:29:53,1
1P47B7FSUI,121.377,31.3968,54075,0,50,0,14-3-28 6:32:53,1
1P47B7FSUI,121.377,31.3968,54075,0,50,0,14-3-28 6:35:53,1
1P47B7FSUI,121.377,31.3968,54075,0,50,0,14-3-28 6:38:53,1
1P47B7FSUI,121.377,31.3968,54075,0,50,0,14-3-28 6:41:53,1
1P47B7FSUI,121.377,31.3968,54075,0,50,0,14-3-28 6:44:53,1
1P47B7FSUI,121.377,31.3968,54075,0,50,0,14-3-28 6:47:53,1
1P47B7FSUI,121.377,31.3968,54075,0,50,0,14-3-28 6:50:53,1
1P47B7FSUI,121.377,31.3968,54075,0,50,0,14-3-28 6:53:53,1
1P47B7FSUI,121.377,31.3968,54075,0,50,0,14-3-28 6:56:53,1
1P47B7FSUI,121.377,31.3968,54075,0,50,0,14-3-28 6:59:53,1
1P47B7FSUI,121.377,31.3968,54075,0,50,0,14-3-28 7:2:53,1
1P47B7FSUI,121.377,31.3968,54075,0,50,0,14-3-28 7:5:53,1
1P47B7FSUI,121.377,31.3968,54075,0,50,0,14-3-28 7:8:53,1
1P47B7FSUI,121.377,31.3968,54075,0,50,0,14-3-28 7:11:53,1
1P47B7FSUI,121.377,31.3968,54075,0,50,0,14-3-28 7:14:54,1
1P47B7FSUI,121.377,31.3968,54075,0,50,0,14-3-28 7:17:54,1
1P47B7FSUI,121.377,31.3968,54075,0,50,0,14-3-28 7:20:54,1
1P47B7FSUI,121.377,31.3968,54075,0,50,0,14-3-28 7:23:53,1
1P47B7FSUI,121.377,31.3968,54075,0,50,0,14-3-28 7:26:54,1
1P47B7FSUI,121.377,31.3968,54075,0,50,0,14-3-28 7:29:54,1
1P47B7FSUI,121.377,31.3968,54075,0,50,0,14-3-28 7:32:54,1
1P47B7FSUI,121.377,31.3968,54075,0,50,0,14-3-28 7:35:54,1
1P47B7FSUI,121.377,31.3968,54075,0,50,0,14-3-28 7:38:54,1
1P47B7FSUI,121.377,31.3968,54075,0,50,0,14-3-28 7:41:54,1
1P47B7FSUI,121.377,31.3968,54075,0,50,0,14-3-28 7:44:54,1
1P47B7FSUI,121.377,31.3968,54075,0,50,0,14-3-28 7:47:54,1
1P47B7FSUI,121.377,31.3968,54075,0,50,0,14-3-28 7:50:54,1
1P47B7FSUI,121.377,31.3968,54075,0,50,0,14-3-28 7:53:54,1
1P47B7FSUI,121.377,31.3968,54075,0,50,0,14-3-28 7:56:54,1
1P47B7FSUI,121.377,31.3968,54075,0,50,0,14-3-28 7:59:54,1
1P47B7FSUI,121.377,31.3968,54075,0,50,0,14-3-28 8:2:54,1
1P47B7FSUI,121.377,31.3968,54075,0,50,0,14-3-28 8:5:54,1
1P47B7FSUI,121.377,31.3968,54075,0,50,0,14-3-28 8:8:54,1
1P47B7FSUI,121.377,31.3968,54075,0,50,0,14-3-28 8:11:54,1
1P47B7FSUI,121.377,31.3968,54075,0,50,0,14-3-28 8:14:54,1
1P47B7FSUI,121.377,31.3968,54075,0,50,0,14-3-28 8:17:54,1
1P47B7FSUI,121.377,31.3968,54075,0,50,0,14-3-28 8:20:54,1
1P47B7FSUI,121.377,31.3968,54075,0,50,0,14-3-28 8:23:53,1
1P47B7FSUI,121.377,31.3968,54075,0,50,0,14-3-28 8:26:53,1
1P47B7FSUI,121.377,31.3968,54075,0,50,0,14-3-28 8:29:53,1
1P47B7FSUI,121.377,31.3968,54075,0,50,0,14-3-28 8:32:53,1
1P47B7FSUI,121.377,31.3969,54075,0,25,0,14-3-28 8:34:23,1
1P47B7FSUI,121.377,31.3969,54075,0,25,0,14-3-28 8:35:53,1
1P47B7FSUI,121.377,31.3969,54075,0,25,0,14-3-28 8:37:23,1
1P47B7FSUI,121.378,31.3971,54075,9,75,0,14-3-28 8:38:53,1
1P47B7FSUI,121.381,31.3927,54080,42,70,0,14-3-28 8:40:23,1
1P47B7FSUI,121.376,31.391,54087,0,165,0,14-3-28 8:41:53,1
1P47B7FSUI,121.376,31.391,54087,0,165,0,14-3-28 8:43:23,1
1P47B7FSUI,121.376,31.391,54087,0,165,0,14-3-28 8:44:53,1
1P47B7FSUI,121.377,31.3913,54088,0,25,0,14-3-28 8:46:23,1
1P47B7FSUI,121.378,31.3913,54088,0,150,0,14-3-28 8:47:53,1
1P47B7FSUI,121.378,31.3913,54088,0,150,0,14-3-28 8:49:23,1
1P47B7FSUI,121.378,31.3913,54088,0,150,0,14-3-28 8:50:53,1
1P47B7FSUI,121.378,31.3913,54088,0,150,0,14-3-28 8:52:23,1
1P47B7FSUI,121.378,31.3913,54088,0,150,0,14-3-28 8:53:53,1
1P47B7FSUI,121.378,31.3913,54088,0,150,0,14-3-28 8:55:23,1
1P47B7FSUI,121.378,31.3913,54088,0,150,0,14-3-28 8:56:53,1
1P47B7FSUI,121.378,31.3913,54088,0,150,0,14-3-28 8:58:23,1
1P47B7FSUI,121.378,31.3913,54088,0,150,0,14-3-28 8:59:53,1
1P47B7FSUI,121.378,31.3913,54088,0,150,0,14-3-28 9:1:23,1
1P47B7FSUI,121.378,31.3913,54088,0,150,0,14-3-28 9:2:53,1
1P47B7FSUI,121.378,31.3913,54088,0,150,0,14-3-28 9:4:22,1
1P47B7FSUI,121.378,31.3913,54088,0,150,0,14-3-28 9:5:53,1
1P47B7FSUI,121.378,31.3913,54088,0,150,0,14-3-28 9:7:23,1
1P47B7FSUI,121.378,31.3913,54088,0,150,0,14-3-28 9:8:53,1
1P47B7FSUI,121.378,31.3913,54088,0,150,0,14-3-28 9:10:23,1
1P47B7FSUI,121.378,31.3913,54088,0,150,0,14-3-28 9:11:53,1
1P47B7FSUI,121.378,31.3913,54088,0,150,0,14-3-28 9:13:23,1
1P47B7FSUI,121.378,31.3913,54088,0,150,0,14-3-28 9:14:53,1
1P47B7FSUI,121.378,31.3913,54088,0,150,0,14-3-28 9:16:23,1
1P47B7FSUI,121.378,31.3913,54088,0,150,0,14-3-28 9:17:53,1
1P47B7FSUI,121.378,31.3913,54088,0,150,0,14-3-28 9:19:23,1
1P47B7FSUI,121.378,31.3913,54088,0,150,0,14-3-28 9:22:23,1
1P47B7FSUI,121.378,31.3913,54088,0,150,0,14-3-28 9:23:53,1
1P47B7FSUI,121.378,31.3913,54088,0,150,0,14-3-28 9:25:23,1
1P47B7FSUI,121.378,31.3913,54088,0,150,0,14-3-28 9:26:53,1
1P47B7FSUI,121.378,31.3913,54088,0,150,0,14-3-28 9:28:23,1
1P47B7FSUI,121.378,31.3913,54088,0,150,0,14-3-28 9:29:53,1
1P47B7FSUI,121.378,31.3913,54088,0,150,0,14-3-28 9:31:23,1
1P47B7FSUI,121.378,31.3913,54088,0,150,0,14-3-28 9:32:53,1
1P47B7FSUI,121.378,31.3913,54088,0,150,0,14-3-28 9:34:23,1
1P47B7FSUI,121.378,31.3913,54088,0,150,0,14-3-28 9:35:53,1
1P47B7FSUI,121.378,31.3913,54088,0,150,0,14-3-28 9:37:22,1
1P47B7FSUI,121.378,31.3913,54088,0,150,0,14-3-28 9:38:52,1
1P47B7FSUI,121.378,31.3913,54088,0,150,0,14-3-28 9:40:22,1
1P47B7FSUI,121.378,31.3913,54088,0,150,0,14-3-28 9:41:52,1
1P47B7FSUI,121.378,31.3913,54088,0,150,0,14-3-28 9:43:22,1
1P47B7FSUI,121.378,31.3913,54088,0,150,0,14-3-28 9:44:52,1
1P47B7FSUI,121.378,31.3913,54088,0,150,0,14-3-28 9:46:22,1
1P47B7FSUI,121.378,31.3913,54088,0,150,0,14-3-28 9:47:52,1
1P47B7FSUI,121.378,31.3913,54088,0,150,0,14-3-28 9:49:22,1
1P47B7FSUI,121.378,31.3913,54088,0,150,0,14-3-28 9:50:52,1
1P47B7FSUI,121.378,31.3913,54088,0,150,0,14-3-28 9:52:22,1
1P47B7FSUI,121.378,31.3913,54088,0,150,0,14-3-28 9:53:52,1
1P47B7FSUI,121.378,31.3913,54088,0,150,0,14-3-28 9:55:22,1
1P47B7FSUI,121.378,31.3913,54088,0,150,0,14-3-28 9:56:52,1
1P47B7FSUI,121.378,31.3913,54088,0,150,0,14-3-28 9:58:22,1
1P47B7FSUI,121.378,31.3913,54088,0,150,0,14-3-28 9:59:52,1
1P47B7FSUI,121.378,31.3913,54088,0,150,0,14-3-28 10:1:22,1
1P47B7FSUI,121.378,31.3913,54088,0,150,0,14-3-28 10:2:52,1
1P47B7FSUI,121.378,31.3913,54088,0,150,0,14-3-28 10:4:21,1
1P47B7FSUI,121.378,31.3913,54088,0,150,0,14-3-28 10:5:50,1
1P47B7FSUI,121.378,31.3913,54088,0,150,0,14-3-28 10:7:20,1
1P47B7FSUI,121.378,31.3913,54088,0,150,0,14-3-28 10:8:50,1
1P47B7FSUI,121.378,31.3913,54088,0,150,0,14-3-28 10:10:20,1
1P47B7FSUI,121.378,31.3913,54088,0,150,0,14-3-28 10:11:50,1
1P47B7FSUI,121.378,31.3913,54088,0,150,0,14-3-28 10:13:20,1
1P47B7FSUI,121.378,31.3913,54088,0,150,0,14-3-28 10:16:20,1
1P47B7FSUI,121.378,31.3913,54088,0,150,0,14-3-28 10:19:20,1
1P47B7FSUI,121.378,31.3913,54088,0,150,0,14-3-28 10:22:20,1
1P47B7FSUI,121.378,31.3913,54088,0,150,0,14-3-28 10:25:20,1
1P47B7FSUI,121.378,31.3913,54088,0,150,0,14-3-28 10:28:20,1
1P47B7FSUI,121.378,31.3913,54088,0,150,0,14-3-28 10:31:20,1
1P47B7FSUI,121.378,31.3913,54088,0,150,0,14-3-28 10:34:20,1
1P47B7FSUI,121.378,31.3913,54088,0,150,0,14-3-28 10:37:18,1
1P47B7FSUI,121.378,31.3913,54088,0,150,0,14-3-28 10:38:46,1
1P47B7FSUI,121.378,31.3913,54088,0,150,0,14-3-28 10:40:9,1
1P47B7FSUI,121.378,31.3913,54088,0,150,0,14-3-28 10:41:39,1
1P47B7FSUI,121.378,31.3913,54088,0,120,0,14-3-28 10:43:8,1
1P47B7FSUI,121.378,31.3913,54088,0,120,0,14-3-28 10:44:38,1
1P47B7FSUI,121.378,31.3913,54088,0,120,0,14-3-28 10:47:37,1
1P47B7FSUI,121.378,31.3913,54088,0,120,0,14-3-28 10:50:30,1
1P47B7FSUI,121.378,31.3913,54088,0,120,0,14-3-28 10:53:28,1
1P47B7FSUI,121.378,31.3913,54088,0,120,0,14-3-28 10:56:28,1
1P47B7FSUI,121.378,31.3913,54088,0,120,0,14-3-28 10:59:28,1
1P47B7FSUI,121.378,31.3913,54088,0,120,0,14-3-28 11:2:28,1
1P47B7FSUI,121.378,31.3913,54088,0,120,0,14-3-28 11:5:28,1
1P47B7FSUI,121.378,31.3913,54088,0,120,0,14-3-28 11:8:20,1
1P47B7FSUI,121.378,31.3913,54088,0,120,0,14-3-28 11:11:17,1
1P47B7FSUI,121.378,31.3913,54088,0,120,0,14-3-28 11:13:59,1
1P47B7FSUI,121.378,31.3913,54088,0,120,0,14-3-28 11:16:58,1
1P47B7FSUI,121.378,31.3913,54088,0,120,0,14-3-28 11:19:58,1
1P47B7FSUI,121.378,31.3913,54088,0,120,0,14-3-28 11:22:58,1
1P47B7FSUI,121.378,31.3913,54088,0,120,0,14-3-28 11:25:57,1
1P47B7FSUI,121.378,31.3913,54088,0,120,0,14-3-28 11:28:57,1
1P47B7FSUI,121.378,31.3913,54088,0,120,0,14-3-28 11:31:56,1
1P47B7FSUI,121.378,31.3913,54088,0,120,0,14-3-28 11:34:56,1
1P47B7FSUI,121.378,31.3913,54088,0,120,0,14-3-28 11:37:56,1
1P47B7FSUI,121.378,31.3913,54088,0,120,0,14-3-28 11:40:56,1
1P47B7FSUI,121.378,31.3913,54088,0,120,0,14-3-28 11:43:56,1
1P47B7FSUI,121.378,31.3913,54088,0,120,0,14-3-28 11:46:56,1
1P47B7FSUI,121.378,31.3913,54088,0,120,0,14-3-28 11:49:56,1
1P47B7FSUI,121.378,31.3913,54088,0,120,0,14-3-28 11:52:51,1
1P47B7FSUI,121.378,31.3913,54088,0,120,0,14-3-28 11:55:50,1
1P47B7FSUI,121.378,31.3913,54088,0,120,0,14-3-28 11:58:47,1
1P47B7FSUI,121.378,31.3913,54088,0,120,0,14-3-28 12:1:35,1
1P47B7FSUI,121.378,31.3913,54088,0,120,0,14-3-28 12:4:30,1
1P47B7FSUI,121.378,31.3913,54088,0,120,0,14-3-28 12:7:16,1
1P47B7FSUI,121.378,31.3913,54088,0,120,0,14-3-28 12:10:11,1
1P47B7FSUI,121.378,31.3913,54088,0,120,0,14-3-28 12:13:7,1
1P47B7FSUI,121.378,31.3913,54088,0,120,0,14-3-28 12:16:6,1
1P47B7FSUI,121.378,31.3913,54088,0,120,0,14-3-28 12:19:6,1
1P47B7FSUI,121.378,31.3913,54088,0,120,0,14-3-28 12:22:6,1
1P47B7FSUI,121.378,31.3913,54088,0,120,0,14-3-28 12:25:6,1
1P47B7FSUI,121.378,31.3913,54088,0,120,0,14-3-28 12:28:5,1
1P47B7FSUI,121.378,31.3913,54088,0,120,0,14-3-28 12:31:5,1
1P47B7FSUI,121.378,31.3913,54088,0,120,0,14-3-28 12:34:5,1
1P47B7FSUI,121.378,31.3913,54088,0,120,0,14-3-28 12:36:57,1
1P47B7FSUI,121.378,31.3913,54088,0,120,0,14-3-28 12:39:54,1
1P47B7FSUI,121.378,31.3913,54088,0,120,0,14-3-28 12:42:39,1
1P47B7FSUI,121.378,31.3913,54088,0,120,0,14-3-28 12:45:22,1
1P47B7FSUI,121.378,31.3913,54088,0,120,0,14-3-28 12:48:17,1
1P47B7FSUI,121.378,31.3913,54088,0,120,0,14-3-28 12:51:17,1
1P47B7FSUI,121.378,31.3913,54088,0,120,0,14-3-28 12:54:17,1
1P47B7FSUI,121.378,31.3913,54088,0,120,0,14-3-28 12:57:17,1
1P47B7FSUI,121.378,31.3913,54088,0,120,0,14-3-28 13:0:17,1
1P47B7FSUI,121.378,31.3913,54088,0,120,0,14-3-28 13:2:29,1
1P47B7FSUI,121.378,31.3913,54088,0,120,0,14-3-28 13:5:29,1
1P47B7FSUI,121.378,31.3913,54088,0,120,0,14-3-28 13:8:29,1
1P47B7FSUI,121.378,31.3913,54088,0,120,0,14-3-28 13:11:29,1
1P47B7FSUI,121.378,31.3913,54088,0,120,0,14-3-28 13:14:21,1
1P47B7FSUI,121.378,31.3913,54088,0,120,0,14-3-28 13:17:9,1
1P47B7FSUI,121.378,31.3913,54088,0,120,0,14-3-28 13:19:57,1
1P47B7FSUI,121.378,31.3913,54088,0,120,0,14-3-28 13:22:55,1
1P47B7FSUI,121.378,31.3913,54088,0,120,0,14-3-28 13:25:45,1
1P47B7FSUI,121.378,31.3913,54088,0,120,0,14-3-28 13:28:38,1
1P47B7FSUI,121.378,31.3913,54088,0,120,0,14-3-28 13:31:37,1
1P47B7FSUI,121.378,31.3913,54088,0,120,0,14-3-28 13:34:36,1
1P47B7FSUI,121.378,31.3913,54088,0,120,0,14-3-28 13:37:36,1
1P47B7FSUI,121.378,31.3913,54088,0,120,0,14-3-28 13:40:35,1
1P47B7FSUI,121.378,31.3913,54088,0,120,0,14-3-28 13:43:24,1
1P47B7FSUI,121.378,31.3913,54088,0,120,0,14-3-28 13:46:17,1
1P47B7FSUI,121.378,31.3913,54088,0,120,0,14-3-28 13:49:10,1
1P47B7FSUI,121.378,31.3917,54088,0,175,0,14-3-28 13:52:2,1
1P47B7FSUI,121.378,31.3917,54088,0,175,0,14-3-28 13:54:50,1
1P47B7FSUI,121.378,31.3917,54088,0,175,0,14-3-28 13:57:42,1
1P47B7FSUI,121.378,31.3917,54088,0,175,0,14-3-28 14:0:38,1
1P47B7FSUI,121.378,31.3917,54088,0,175,0,14-3-28 14:3:37,1
1P47B7FSUI,121.378,31.3917,54088,0,175,0,14-3-28 14:6:36,1
1P47B7FSUI,121.378,31.3917,54088,0,175,0,14-3-28 14:9:34,1
1P47B7FSUI,121.378,31.3917,54088,0,175,0,14-3-28 14:12:34,1
1P47B7FSUI,121.378,31.3917,54088,0,175,0,14-3-28 14:15:34,1
1P47B7FSUI,121.378,31.3917,54088,0,175,0,14-3-28 14:18:34,1
1P47B7FSUI,121.378,31.3917,54088,0,175,0,14-3-28 14:21:34,1
1P47B7FSUI,121.378,31.3917,54088,0,175,0,14-3-28 14:24:34,1
1P47B7FSUI,121.378,31.3917,54088,0,175,0,14-3-28 14:27:34,1
1P47B7FSUI,121.378,31.3917,54088,0,175,0,14-3-28 14:30:34,1
1P47B7FSUI,121.378,31.3917,54088,0,175,0,14-3-28 14:33:34,1
1P47B7FSUI,121.378,31.3917,54088,0,175,0,14-3-28 14:36:15,1
1P47B7FSUI,121.378,31.3917,54088,0,175,0,14-3-28 14:37:45,1
1P47B7FSUI,121.378,31.3917,54088,0,175,0,14-3-28 14:39:15,1
1P47B7FSUI,121.378,31.3917,54088,0,175,0,14-3-28 14:40:45,1
1P47B7FSUI,121.378,31.3917,54088,0,175,0,14-3-28 14:42:15,1
1P47B7FSUI,121.378,31.3917,54088,0,175,0,14-3-28 14:43:45,1
1P47B7FSUI,121.378,31.3917,54088,0,175,0,14-3-28 14:45:15,1
1P47B7FSUI,121.378,31.3917,54088,0,175,0,14-3-28 14:46:45,1
1P47B7FSUI,121.378,31.3917,54088,0,175,0,14-3-28 14:48:15,1
1P47B7FSUI,121.378,31.3917,54088,0,175,0,14-3-28 14:49:45,1
1P47B7FSUI,121.378,31.3917,54088,0,175,0,14-3-28 14:51:15,1
1P47B7FSUI,121.378,31.3917,54088,0,175,0,14-3-28 14:52:45,1
1P47B7FSUI,121.378,31.3917,54088,0,175,0,14-3-28 14:54:15,1
1P47B7FSUI,121.378,31.3917,54088,0,175,0,14-3-28 14:55:45,1
1P47B7FSUI,121.378,31.3917,54088,0,175,0,14-3-28 14:57:15,1
1P47B7FSUI,121.378,31.3917,54088,0,175,0,14-3-28 14:58:45,1
1P47B7FSUI,121.378,31.3917,54088,0,175,0,14-3-28 15:0:15,1
1P47B7FSUI,121.378,31.3917,54088,0,175,0,14-3-28 15:1:45,1
1P47B7FSUI,121.378,31.3917,54088,0,175,0,14-3-28 15:3:15,1
1P47B7FSUI,121.378,31.3917,54088,0,175,0,14-3-28 15:4:45,1
1P47B7FSUI,121.378,31.3917,54088,0,175,0,14-3-28 15:6:15,1
1P47B7FSUI,121.378,31.3917,54088,0,175,0,14-3-28 15:7:45,1
1P47B7FSUI,121.378,31.3917,54088,0,175,0,14-3-28 15:9:15,1
1P47B7FSUI,121.378,31.3917,54088,0,175,0,14-3-28 15:10:45,1
1P47B7FSUI,121.378,31.3917,54088,0,175,0,14-3-28 15:12:15,1
1P47B7FSUI,121.378,31.3917,54088,0,175,0,14-3-28 15:13:45,1
1P47B7FSUI,121.378,31.3917,54088,0,175,0,14-3-28 15:15:15,1
1P47B7FSUI,121.378,31.3917,54088,0,175,0,14-3-28 15:16:45,1
1P47B7FSUI,121.378,31.3917,54088,0,175,0,14-3-28 15:18:15,1
1P47B7FSUI,121.378,31.3917,54088,0,175,0,14-3-28 15:19:45,1
1P47B7FSUI,121.378,31.3917,54088,0,175,0,14-3-28 15:21:15,1
1P47B7FSUI,121.378,31.3917,54088,0,175,0,14-3-28 15:22:45,1
1P47B7FSUI,121.378,31.3917,54088,0,175,0,14-3-28 15:24:15,1
1P47B7FSUI,121.378,31.3917,54088,0,175,0,14-3-28 15:25:45,1
1P47B7FSUI,121.378,31.3917,54088,0,175,0,14-3-28 15:27:15,1
1P47B7FSUI,121.378,31.3917,54088,0,175,0,14-3-28 15:28:45,1
1P47B7FSUI,121.378,31.3917,54088,0,175,0,14-3-28 15:30:15,1
1P47B7FSUI,121.378,31.3917,54088,0,175,0,14-3-28 15:31:45,1
1P47B7FSUI,121.378,31.3917,54088,0,175,0,14-3-28 15:33:15,1
1P47B7FSUI,121.378,31.3917,54088,0,175,0,14-3-28 15:34:45,1
1P47B7FSUI,121.378,31.3917,54088,0,175,0,14-3-28 15:36:15,1
1P47B7FSUI,121.378,31.3917,54088,0,175,0,14-3-28 15:37:45,1
1P47B7FSUI,121.378,31.3917,54088,0,175,0,14-3-28 15:39:15,1
1P47B7FSUI,121.378,31.3917,54088,0,175,0,14-3-28 15:40:45,1
1P47B7FSUI,121.378,31.3917,54088,0,175,0,14-3-28 15:42:15,1
1P47B7FSUI,121.378,31.3917,54088,0,175,0,14-3-28 15:43:45,1
1P47B7FSUI,121.378,31.3917,54088,0,175,0,14-3-28 15:45:15,1
1P47B7FSUI,121.378,31.3917,54088,0,175,0,14-3-28 15:46:45,1
1P47B7FSUI,121.378,31.3917,54088,0,175,0,14-3-28 15:48:15,1
1P47B7FSUI,121.378,31.3917,54088,0,175,0,14-3-28 15:49:45,1
1P47B7FSUI,121.378,31.3917,54088,0,175,0,14-3-28 15:51:15,1
1P47B7FSUI,121.378,31.3917,54088,0,175,0,14-3-28 15:52:45,1
1P47B7FSUI,121.378,31.3917,54088,0,175,0,14-3-28 15:54:15,1
1P47B7FSUI,121.378,31.3917,54088,0,175,0,14-3-28 15:55:45,1
1P47B7FSUI,121.378,31.3917,54088,0,175,0,14-3-28 15:57:15,1
1P47B7FSUI,121.378,31.3917,54088,0,175,0,14-3-28 15:58:45,1
1P47B7FSUI,121.378,31.3917,54088,0,175,0,14-3-28 16:0:15,1
1P47B7FSUI,121.378,31.3917,54088,0,175,0,14-3-28 16:1:45,1
1P47B7FSUI,121.378,31.3917,54088,0,175,0,14-3-28 16:3:15,1
1P47B7FSUI,121.378,31.3917,54088,0,175,0,14-3-28 16:4:45,1
1P47B7FSUI,121.378,31.3917,54088,0,175,0,14-3-28 16:6:15,1
1P47B7FSUI,121.378,31.3917,54088,0,175,0,14-3-28 16:7:45,1
1P47B7FSUI,121.378,31.3917,54088,0,175,0,14-3-28 16:9:15,1
1P47B7FSUI,121.378,31.3917,54088,0,175,0,14-3-28 16:10:45,1
1P47B7FSUI,121.378,31.3917,54088,0,175,0,14-3-28 16:12:15,1
1P47B7FSUI,121.378,31.3917,54088,0,175,0,14-3-28 16:13:45,1
1P47B7FSUI,121.378,31.3917,54088,0,175,0,14-3-28 16:15:15,1
1P47B7FSUI,121.378,31.3917,54088,0,175,0,14-3-28 16:16:45,1
1P47B7FSUI,121.378,31.3917,54088,0,175,0,14-3-28 16:18:15,1
1P47B7FSUI,121.378,31.3917,54088,0,175,0,14-3-28 16:19:45,1
1P47B7FSUI,121.378,31.3917,54088,0,175,0,14-3-28 16:21:15,1
1P47B7FSUI,121.378,31.3917,54088,0,175,0,14-3-28 16:22:45,1
1P47B7FSUI,121.378,31.3917,54088,0,175,0,14-3-28 16:24:15,1
1P47B7FSUI,121.378,31.3917,54088,0,175,0,14-3-28 16:25:45,1
1P47B7FSUI,121.378,31.3917,54088,0,175,0,14-3-28 16:27:15,1
1P47B7FSUI,121.378,31.3917,54088,0,175,0,14-3-28 16:28:45,1
1P47B7FSUI,121.378,31.3917,54088,0,175,0,14-3-28 16:30:15,1
1P47B7FSUI,121.378,31.3917,54088,0,175,0,14-3-28 16:31:45,1
1P47B7FSUI,121.378,31.3917,54088,0,175,0,14-3-28 16:33:15,1
1P47B7FSUI,121.378,31.3917,54088,0,175,0,14-3-28 16:34:45,1
1P47B7FSUI,121.378,31.3917,54088,0,175,0,14-3-28 16:36:15,1
1P47B7FSUI,121.378,31.3917,54088,0,175,0,14-3-28 16:37:45,1
1P47B7FSUI,121.378,31.3916,54088,0,30,0,14-3-28 16:39:15,1
1P47B7FSUI,121.378,31.3916,54088,0,30,0,14-3-28 16:40:45,1
1P47B7FSUI,121.378,31.3916,54088,0,30,0,14-3-28 16:42:15,1
1P47B7FSUI,121.378,31.3916,54088,0,30,0,14-3-28 16:43:45,1
1P47B7FSUI,121.378,31.3916,54088,0,30,0,14-3-28 16:45:15,1
1P47B7FSUI,121.378,31.3916,54088,0,30,0,14-3-28 16:48:15,1
1P47B7FSUI,121.378,31.3916,54088,0,30,0,14-3-28 16:51:15,1
1P47B7FSUI,121.378,31.3916,54088,0,30,0,14-3-28 16:54:15,1
1P47B7FSUI,121.378,31.3916,54088,0,30,0,14-3-28 16:57:15,1
1P47B7FSUI,121.378,31.3917,54088,0,140,0,14-3-28 16:58:46,1
1P47B7FSUI,121.377,31.3905,54088,0,80,0,14-3-28 17:0:16,1
1P47B7FSUI,121.377,31.39,54089,14,125,0,14-3-28 17:1:46,1
1P47B7FSUI,121.365,31.3863,54100,50,120,0,14-3-28 17:3:16,1
1P47B7FSUI,121.358,31.385,54107,27,120,0,14-3-28 17:4:46,1
1P47B7FSUI,121.355,31.3847,54112,35,75,0,14-3-28 17:6:16,1
1P47B7FSUI,121.36,31.3759,54123,42,70,0,14-3-28 17:7:46,1
1P47B7FSUI,121.366,31.3694,54132,48,75,0,14-3-28 17:9:16,1
1P47B7FSUI,121.371,31.3622,54141,51,70,0,14-3-28 17:10:46,1
1P47B7FSUI,121.375,31.3554,54149,14,75,0,14-3-28 17:12:16,1
1P47B7FSUI,121.376,31.3543,54150,0,75,0,14-3-28 17:13:46,1
1P47B7FSUI,121.378,31.3519,54153,9,65,0,14-3-28 17:15:16,1
1P47B7FSUI,121.374,31.3587,54161,31,165,0,14-3-28 17:16:46,1
1P47B7FSUI,121.373,31.3608,54164,9,160,0,14-3-28 17:18:16,1
1P47B7FSUI,121.366,31.3595,54170,38,125,0,14-3-28 17:19:46,1
1P47B7FSUI,121.361,31.3575,54175,62,120,0,14-3-28 17:21:16,1
1P47B7FSUI,121.35,31.3531,54186,27,120,0,14-3-28 17:22:46,1
1P47B7FSUI,121.344,31.351,54192,24,125,0,14-3-28 17:24:16,1
1P47B7FSUI,121.338,31.3498,54198,11,130,0,14-3-28 17:25:46,1
1P47B7FSUI,121.332,31.3488,54203,22,130,0,14-3-28 17:27:16,1
1P47B7FSUI,121.316,31.3476,54219,59,120,0,14-3-28 17:29:52,1
1P47B7FSUI,121.311,31.3461,54223,18,170,0,14-3-28 17:31:21,1
1P47B7FSUI,121.311,31.3483,54226,0,35,0,14-3-28 17:32:51,1
1P47B7FSUI,121.312,31.3486,54227,0,25,0,14-3-28 17:34:21,1
1P47B7FSUI,121.312,31.3487,54227,0,10,0,14-3-28 17:35:51,1
1P47B7FSUI,121.312,31.3487,54227,0,10,0,14-3-28 17:38:50,1
1P47B7FSUI,121.312,31.3487,54227,0,10,0,14-3-28 17:41:50,1
1P47B7FSUI,121.312,31.3487,54227,0,10,0,14-3-28 17:43:23,1
1P47B7FSUI,121.312,31.3487,54227,0,10,0,14-3-28 17:44:53,1
1P47B7FSUI,121.312,31.3487,54227,0,10,0,14-3-28 17:47:53,1
1P47B7FSUI,121.312,31.3487,54227,0,10,0,14-3-28 17:50:53,1
1P47B7FSUI,121.312,31.3487,54227,0,10,0,14-3-28 17:53:53,1
1P47B7FSUI,121.312,31.3487,54227,0,10,0,14-3-28 17:56:53,1
1P47B7FSUI,121.312,31.3487,54227,0,10,0,14-3-28 17:59:53,1
1P47B7FSUI,121.312,31.3489,54227,0,175,0,14-3-28 18:2:53,1
1P47B7FSUI,121.312,31.3489,54227,0,175,0,14-3-28 18:4:30,1
1P47B7FSUI,121.311,31.3499,54226,0,40,0,14-3-29 11:16:4,1
1P47B7FSUI,121.311,31.3498,54226,0,70,0,14-3-29 11:17:34,1
1P47B7FSUI,121.312,31.349,54226,0,65,0,14-3-29 11:19:4,1
1P47B7FSUI,121.312,31.349,54226,0,65,0,14-3-29 11:20:34,1
1P47B7FSUI,121.312,31.349,54226,0,65,0,14-3-29 11:22:4,1
1P47B7FSUI,121.312,31.349,54226,0,65,0,14-3-29 11:23:34,1
1P47B7FSUI,121.312,31.349,54226,0,65,0,14-3-29 11:25:4,1
1P47B7FSUI,121.312,31.349,54226,0,65,0,14-3-29 11:26:34,1
1P47B7FSUI,121.312,31.349,54226,0,65,0,14-3-29 11:28:4,1
1P47B7FSUI,121.312,31.349,54226,0,65,0,14-3-29 11:29:34,1
1P47B7FSUI,121.312,31.349,54226,0,65,0,14-3-29 11:31:4,1
1P47B7FSUI,121.312,31.349,54226,0,65,0,14-3-29 11:32:34,1
1P47B7FSUI,121.312,31.349,54226,0,65,0,14-3-29 11:34:4,1
1P47B7FSUI,121.312,31.349,54226,0,65,0,14-3-29 11:35:34,1
1P47B7FSUI,121.312,31.349,54226,0,65,0,14-3-29 11:37:4,1
1P47B7FSUI,121.312,31.349,54226,0,65,0,14-3-29 11:38:34,1
1P47B7FSUI,121.312,31.349,54226,0,65,0,14-3-29 11:40:4,1
1P47B7FSUI,121.312,31.349,54226,0,65,0,14-3-29 11:41:34,1
1P47B7FSUI,121.312,31.349,54226,0,65,0,14-3-29 11:43:4,1
1P47B7FSUI,121.312,31.349,54226,0,65,0,14-3-29 11:44:34,1
1P47B7FSUI,121.312,31.349,54226,0,65,0,14-3-29 11:47:34,1
1P47B7FSUI,121.312,31.349,54226,0,65,0,14-3-29 11:50:34,1
1P47B7FSUI,121.312,31.349,54226,0,65,0,14-3-29 11:53:33,1
1P47B7FSUI,121.312,31.349,54226,0,65,0,14-3-29 11:56:27,1
1P47B7FSUI,121.312,31.349,54226,0,65,0,14-3-29 11:59:26,1
1P47B7FSUI,121.312,31.349,54226,0,65,0,14-3-29 12:2:26,1
1P47B7FSUI,121.312,31.349,54226,0,65,0,14-3-29 12:5:26,1
1P47B7FSUI,121.312,31.349,54226,0,65,0,14-3-29 12:8:26,1
1P47B7FSUI,121.312,31.349,54226,0,65,0,14-3-29 12:11:26,1
1P47B7FSUI,121.312,31.349,54226,0,65,0,14-3-29 12:14:26,1
1P47B7FSUI,121.312,31.349,54226,0,65,0,14-3-29 12:17:26,1
1P47B7FSUI,121.312,31.349,54226,0,65,0,14-3-29 12:20:26,1
1P47B7FSUI,121.312,31.349,54226,0,65,0,14-3-29 12:23:27,1
1P47B7FSUI,121.312,31.349,54226,0,65,0,14-3-29 12:26:27,1
1P47B7FSUI,121.312,31.349,54226,0,65,0,14-3-29 12:29:27,1
1P47B7FSUI,121.312,31.349,54226,0,65,0,14-3-29 12:32:27,1
1P47B7FSUI,121.312,31.349,54226,0,65,0,14-3-29 12:35:27,1
1P47B7FSUI,121.312,31.349,54226,0,65,0,14-3-29 12:38:27,1
1P47B7FSUI,121.312,31.349,54226,0,65,0,14-3-29 12:41:27,1
1P47B7FSUI,121.312,31.349,54226,0,65,0,14-3-29 12:44:27,1
1P47B7FSUI,121.312,31.349,54226,0,65,0,14-3-29 12:47:27,1
1P47B7FSUI,121.312,31.349,54226,0,65,0,14-3-29 12:50:27,1
1P47B7FSUI,121.312,31.349,54226,0,65,0,14-3-29 12:53:27,1
1P47B7FSUI,121.312,31.349,54226,0,65,0,14-3-29 12:56:27,1
1P47B7FSUI,121.312,31.349,54226,0,65,0,14-3-29 12:59:27,1
1P47B7FSUI,121.312,31.349,54226,0,65,0,14-3-29 13:2:27,1
1P47B7FSUI,121.312,31.349,54226,0,65,0,14-3-29 13:5:27,1
1P47B7FSUI,121.312,31.349,54226,0,65,0,14-3-29 13:8:27,1
1P47B7FSUI,121.312,31.349,54226,0,65,0,14-3-29 13:11:27,1
1P47B7FSUI,121.312,31.349,54226,0,65,0,14-3-29 13:14:27,1
1P47B7FSUI,121.312,31.349,54226,0,65,0,14-3-29 13:17:27,1
1P47B7FSUI,121.312,31.349,54226,0,65,0,14-3-29 13:20:27,1
1P47B7FSUI,121.312,31.349,54226,0,65,0,14-3-29 13:23:27,1
1P47B7FSUI,121.312,31.349,54226,0,65,0,14-3-29 13:26:27,1
1P47B7FSUI,121.312,31.349,54226,0,65,0,14-3-29 13:29:27,1
1P47B7FSUI,121.312,31.349,54226,0,65,0,14-3-29 13:32:27,1
1P47B7FSUI,121.312,31.349,54226,0,65,0,14-3-29 13:35:27,1
1P47B7FSUI,121.312,31.349,54226,0,65,0,14-3-29 13:38:27,1
1P47B7FSUI,121.312,31.349,54226,0,65,0,14-3-29 13:41:27,1
1P47B7FSUI,121.312,31.349,54226,0,65,0,14-3-29 13:44:27,1
1P47B7FSUI,121.312,31.349,54226,0,65,0,14-3-29 13:47:27,1
1P47B7FSUI,121.312,31.349,54226,0,65,0,14-3-29 13:50:27,1
1P47B7FSUI,121.312,31.349,54226,0,65,0,14-3-29 13:53:27,1
1P47B7FSUI,121.312,31.349,54226,0,65,0,14-3-29 13:56:27,1
1P47B7FSUI,121.312,31.349,54226,0,65,0,14-3-29 13:59:27,1
1P47B7FSUI,121.312,31.349,54226,0,65,0,14-3-29 14:2:27,1
1P47B7FSUI,121.312,31.349,54226,0,65,0,14-3-29 14:5:27,1
1P47B7FSUI,121.312,31.349,54226,0,65,0,14-3-29 14:8:27,1
1P47B7FSUI,121.312,31.349,54226,0,65,0,14-3-29 14:11:27,1
1P47B7FSUI,121.312,31.349,54226,0,65,0,14-3-29 14:14:27,1
1P47B7FSUI,121.312,31.349,54226,0,65,0,14-3-29 14:20:27,1
1P47B7FSUI,121.312,31.349,54226,0,65,0,14-3-29 14:23:27,1
1P47B7FSUI,121.312,31.349,54226,0,65,0,14-3-29 14:26:27,1
1P47B7FSUI,121.312,31.349,54226,0,65,0,14-3-29 14:29:27,1
1P47B7FSUI,121.312,31.349,54226,0,65,0,14-3-29 14:32:27,1
1P47B7FSUI,121.312,31.349,54226,0,65,0,14-3-29 14:35:27,1
1P47B7FSUI,121.312,31.349,54226,0,65,0,14-3-29 14:38:27,1
1P47B7FSUI,121.312,31.349,54226,0,65,0,14-3-29 14:41:27,1
1P47B7FSUI,121.312,31.349,54226,0,65,0,14-3-29 14:44:27,1
1P47B7FSUI,121.312,31.349,54226,0,65,0,14-3-29 14:47:27,1
1P47B7FSUI,121.312,31.349,54226,0,65,0,14-3-29 14:50:27,1
1P47B7FSUI,121.312,31.349,54226,0,65,0,14-3-29 14:53:27,1
1P47B7FSUI,121.312,31.349,54226,0,65,0,14-3-29 14:56:27,1
1P47B7FSUI,121.312,31.349,54226,0,65,0,14-3-29 14:59:27,1
1P47B7FSUI,121.312,31.349,54226,0,65,0,14-3-29 15:2:27,1
1P47B7FSUI,121.312,31.349,54226,0,65,0,14-3-29 15:5:27,1
1P47B7FSUI,121.312,31.349,54226,0,65,0,14-3-29 15:8:27,1
1P47B7FSUI,121.312,31.349,54226,0,65,0,14-3-29 15:11:27,1
1P47B7FSUI,121.312,31.349,54226,0,65,0,14-3-29 15:14:27,1
1P47B7FSUI,121.312,31.349,54226,0,65,0,14-3-29 15:17:27,1
1P47B7FSUI,121.312,31.349,54226,0,65,0,14-3-29 15:20:27,1
1P47B7FSUI,121.312,31.349,54226,0,65,0,14-3-29 15:23:27,1
1P47B7FSUI,121.312,31.349,54226,0,65,0,14-3-29 15:26:27,1
1P47B7FSUI,121.312,31.349,54226,0,65,0,14-3-29 15:29:27,1
1P47B7FSUI,121.312,31.349,54226,0,65,0,14-3-29 15:32:27,1
1P47B7FSUI,121.312,31.349,54226,0,65,0,14-3-29 15:35:28,1
1P47B7FSUI,121.312,31.349,54226,0,65,0,14-3-29 15:38:28,1
1P47B7FSUI,121.312,31.349,54226,0,65,0,14-3-29 15:41:28,1
1P47B7FSUI,121.312,31.349,54226,0,65,0,14-3-29 15:44:28,1
1P47B7FSUI,121.312,31.349,54226,0,65,0,14-3-29 15:47:28,1
1P47B7FSUI,121.312,31.349,54226,0,65,0,14-3-29 15:50:28,1
1P47B7FSUI,121.312,31.349,54226,0,65,0,14-3-29 15:53:28,1
1P47B7FSUI,121.312,31.349,54226,0,65,0,14-3-29 15:56:28,1
1P47B7FSUI,121.312,31.349,54226,0,65,0,14-3-29 15:59:28,1
1P47B7FSUI,121.312,31.349,54226,0,65,0,14-3-29 16:2:28,1
1P47B7FSUI,121.312,31.349,54226,0,65,0,14-3-29 16:5:28,1
1P47B7FSUI,121.312,31.349,54226,0,65,0,14-3-29 16:8:28,1
1P47B7FSUI,121.312,31.349,54226,0,65,0,14-3-29 16:11:28,1
1P47B7FSUI,121.312,31.349,54226,0,65,0,14-3-29 16:14:28,1
1P47B7FSUI,121.312,31.349,54226,0,65,0,14-3-29 16:17:28,1
1P47B7FSUI,121.312,31.349,54226,0,65,0,14-3-29 16:20:28,1
1P47B7FSUI,121.312,31.349,54226,0,65,0,14-3-29 16:23:28,1
1P47B7FSUI,121.312,31.349,54226,0,65,0,14-3-29 16:26:28,1
1P47B7FSUI,121.312,31.349,54226,0,65,0,14-3-29 16:29:28,1
1P47B7FSUI,121.312,31.349,54226,0,65,0,14-3-29 16:32:28,1
1P47B7FSUI,121.312,31.349,54226,0,65,0,14-3-29 16:35:28,1
1P47B7FSUI,121.312,31.349,54226,0,65,0,14-3-29 16:38:28,1
1P47B7FSUI,121.312,31.349,54226,0,65,0,14-3-29 16:41:28,1
1P47B7FSUI,121.312,31.349,54226,0,65,0,14-3-29 16:44:28,1
1P47B7FSUI,121.312,31.349,54226,0,65,0,14-3-29 16:47:28,1
1P47B7FSUI,121.312,31.349,54226,0,65,0,14-3-29 16:50:28,1
1P47B7FSUI,121.312,31.349,54226,0,65,0,14-3-29 16:53:28,1
1P47B7FSUI,121.312,31.349,54226,0,65,0,14-3-29 16:56:28,1
1P47B7FSUI,121.312,31.349,54226,0,65,0,14-3-29 16:59:28,1
1P47B7FSUI,121.312,31.349,54226,0,65,0,14-3-29 17:2:28,1
1P47B7FSUI,121.312,31.349,54226,0,65,0,14-3-29 17:5:28,1
1P47B7FSUI,121.312,31.349,54226,0,65,0,14-3-29 17:8:28,1
1P47B7FSUI,121.312,31.349,54226,0,65,0,14-3-29 17:11:28,1
1P47B7FSUI,121.312,31.349,54226,0,65,0,14-3-29 17:14:28,1
1P47B7FSUI,121.312,31.349,54226,0,65,0,14-3-29 17:17:28,1
1P47B7FSUI,121.312,31.349,54226,0,65,0,14-3-29 17:20:28,1
1P47B7FSUI,121.312,31.349,54226,0,65,0,14-3-29 17:23:28,1
1P47B7FSUI,121.312,31.349,54226,0,65,0,14-3-29 17:26:28,1
1P47B7FSUI,121.312,31.349,54226,0,65,0,14-3-29 17:29:28,1
1P47B7FSUI,121.312,31.349,54226,0,65,0,14-3-29 17:32:28,1
1P47B7FSUI,121.312,31.349,54226,0,65,0,14-3-29 17:35:28,1
1P47B7FSUI,121.312,31.349,54226,0,65,0,14-3-29 17:38:28,1
1P47B7FSUI,121.312,31.349,54226,0,65,0,14-3-29 17:41:28,1
1P47B7FSUI,121.312,31.349,54226,0,65,0,14-3-29 17:44:28,1
1P47B7FSUI,121.312,31.349,54226,0,65,0,14-3-29 17:47:28,1
1P47B7FSUI,121.312,31.349,54226,0,65,0,14-3-29 17:50:28,1
1P47B7FSUI,121.312,31.349,54226,0,65,0,14-3-29 17:53:28,1
1P47B7FSUI,121.312,31.349,54226,0,65,0,14-3-29 17:56:28,1
1P47B7FSUI,121.312,31.349,54226,0,65,0,14-3-29 17:59:28,1
1P47B7FSUI,121.312,31.349,54226,0,65,0,14-3-29 18:5:28,1
1P47B7FSUI,121.312,31.349,54226,0,65,0,14-3-29 18:8:28,1
1P47B7FSUI,121.312,31.349,54226,0,65,0,14-3-29 18:11:28,1
1P47B7FSUI,121.312,31.349,54226,0,65,0,14-3-29 18:14:28,1
1P47B7FSUI,121.312,31.349,54226,0,65,0,14-3-29 18:17:28,1
1P47B7FSUI,121.312,31.349,54226,0,65,0,14-3-29 18:20:28,1
1P47B7FSUI,121.312,31.349,54226,0,65,0,14-3-29 18:23:28,1
1P47B7FSUI,121.312,31.349,54226,0,65,0,14-3-29 18:26:28,1
1P47B7FSUI,121.312,31.349,54226,0,65,0,14-3-29 18:29:28,1
1P47B7FSUI,121.312,31.349,54226,0,65,0,14-3-29 18:32:28,1
1P47B7FSUI,121.312,31.349,54226,0,65,0,14-3-29 18:35:28,1
1P47B7FSUI,121.312,31.349,54226,0,65,0,14-3-29 18:38:28,1
1P47B7FSUI,121.312,31.349,54226,0,65,0,14-3-29 18:41:28,1
1P47B7FSUI,121.312,31.349,54226,0,65,0,14-3-29 18:44:28,1
1P47B7FSUI,121.312,31.349,54226,0,65,0,14-3-29 18:47:28,1
1P47B7FSUI,121.312,31.349,54226,0,65,0,14-3-29 18:50:29,1
1P47B7FSUI,121.312,31.349,54226,0,65,0,14-3-29 18:53:29,1
1P47B7FSUI,121.312,31.349,54226,0,65,0,14-3-29 18:56:29,1
1P47B7FSUI,121.312,31.349,54226,0,65,0,14-3-29 18:59:28,1
1P47B7FSUI,121.312,31.349,54226,0,65,0,14-3-29 19:2:28,1
1P47B7FSUI,121.312,31.349,54226,0,65,0,14-3-29 19:5:28,1
1P47B7FSUI,121.312,31.349,54226,0,65,0,14-3-29 19:8:28,1
1P47B7FSUI,121.312,31.349,54226,0,65,0,14-3-29 19:11:28,1
1P47B7FSUI,121.312,31.349,54226,0,65,0,14-3-29 19:14:28,1
1P47B7FSUI,121.312,31.349,54226,0,65,0,14-3-29 19:17:28,1
1P47B7FSUI,121.312,31.349,54226,0,65,0,14-3-29 19:20:28,1
1P47B7FSUI,121.312,31.349,54226,0,65,0,14-3-29 19:23:28,1
1P47B7FSUI,121.312,31.349,54226,0,65,0,14-3-29 19:26:28,1
1P47B7FSUI,121.312,31.349,54226,0,65,0,14-3-29 19:29:28,1
1P47B7FSUI,121.312,31.349,54226,0,65,0,14-3-29 19:32:28,1
1P47B7FSUI,121.312,31.349,54226,0,65,0,14-3-29 19:35:28,1
1P47B7FSUI,121.312,31.349,54226,0,65,0,14-3-29 19:38:28,1
1P47B7FSUI,121.312,31.349,54226,0,65,0,14-3-29 19:41:28,1
1P47B7FSUI,121.312,31.349,54226,0,65,0,14-3-29 19:44:28,1
1P47B7FSUI,121.312,31.349,54226,0,65,0,14-3-29 19:47:28,1
1P47B7FSUI,121.312,31.349,54226,0,65,0,14-3-29 19:50:28,1
1P47B7FSUI,121.312,31.349,54226,0,65,0,14-3-29 19:53:28,1
1P47B7FSUI,121.312,31.349,54226,0,65,0,14-3-29 19:56:27,1
1P47B7FSUI,121.312,31.349,54226,0,65,0,14-3-29 19:59:27,1
1P47B7FSUI,121.312,31.349,54226,0,65,0,14-3-29 20:2:27,1
1P47B7FSUI,121.312,31.349,54226,0,65,0,14-3-29 20:5:27,1
1P47B7FSUI,121.312,31.349,54226,0,65,0,14-3-29 20:8:27,1
1P47B7FSUI,121.312,31.349,54226,0,65,0,14-3-29 20:11:27,1
1P47B7FSUI,121.312,31.349,54226,0,65,0,14-3-29 20:14:27,1
1P47B7FSUI,121.312,31.349,54226,0,65,0,14-3-29 20:17:27,1
1P47B7FSUI,121.312,31.349,54226,0,65,0,14-3-29 20:20:27,1
1P47B7FSUI,121.312,31.349,54226,0,65,0,14-3-29 20:23:27,1
1P47B7FSUI,121.312,31.349,54226,0,65,0,14-3-29 20:26:27,1
1P47B7FSUI,121.312,31.349,54226,0,65,0,14-3-29 20:29:27,1
1P47B7FSUI,121.312,31.349,54226,0,65,0,14-3-29 20:32:27,1
1P47B7FSUI,121.312,31.349,54226,0,65,0,14-3-29 20:35:27,1
1P47B7FSUI,121.312,31.349,54226,0,65,0,14-3-29 20:38:27,1
1P47B7FSUI,121.312,31.349,54226,0,65,0,14-3-29 20:41:27,1
1P47B7FSUI,121.312,31.349,54226,0,65,0,14-3-29 20:44:27,1
1P47B7FSUI,121.312,31.349,54226,0,65,0,14-3-29 20:47:27,1
1P47B7FSUI,121.312,31.349,54226,0,65,0,14-3-29 20:50:27,1
1P47B7FSUI,121.312,31.349,54226,0,65,0,14-3-29 20:53:27,1
1P47B7FSUI,121.312,31.349,54226,0,65,0,14-3-29 20:56:27,1
1P47B7FSUI,121.312,31.349,54226,0,65,0,14-3-29 20:59:27,1
1P47B7FSUI,121.312,31.349,54226,0,65,0,14-3-29 21:2:27,1
1P47B7FSUI,121.312,31.349,54226,0,65,0,14-3-29 21:5:27,1
1P47B7FSUI,121.312,31.349,54226,0,65,0,14-3-29 21:8:27,1
1P47B7FSUI,121.312,31.349,54226,0,65,0,14-3-29 21:11:27,1
1P47B7FSUI,121.312,31.349,54226,0,65,0,14-3-29 21:14:27,1
1P47B7FSUI,121.312,31.349,54226,0,65,0,14-3-29 21:17:27,1
1P47B7FSUI,121.312,31.349,54226,0,65,0,14-3-29 21:20:27,1
1P47B7FSUI,121.312,31.349,54226,0,65,0,14-3-29 21:23:27,1
1P47B7FSUI,121.312,31.349,54226,0,65,0,14-3-29 21:26:27,1
1P47B7FSUI,121.312,31.349,54226,0,65,0,14-3-29 21:29:27,1
1P47B7FSUI,121.312,31.349,54226,0,65,0,14-3-29 21:32:27,1
1P47B7FSUI,121.312,31.349,54226,0,65,0,14-3-29 21:35:27,1
1P47B7FSUI,121.312,31.349,54226,0,65,0,14-3-29 21:38:28,1
1P47B7FSUI,121.312,31.349,54226,0,65,0,14-3-29 21:41:28,1
1P47B7FSUI,121.312,31.349,54226,0,65,0,14-3-29 21:44:28,1
1P47B7FSUI,121.312,31.349,54226,0,65,0,14-3-29 21:47:28,1
1P47B7FSUI,121.312,31.349,54226,0,65,0,14-3-29 21:50:28,1
1P47B7FSUI,121.312,31.349,54226,0,65,0,14-3-29 21:53:28,1
1P47B7FSUI,121.312,31.349,54226,0,65,0,14-3-29 21:56:28,1
1P47B7FSUI,121.312,31.349,54226,0,65,0,14-3-29 21:59:28,1
1P47B7FSUI,121.312,31.349,54226,0,65,0,14-3-29 22:2:28,1
1P47B7FSUI,121.312,31.349,54226,0,65,0,14-3-29 22:5:28,1
1P47B7FSUI,121.312,31.349,54226,0,65,0,14-3-29 22:8:28,1
1P47B7FSUI,121.312,31.349,54226,0,65,0,14-3-29 22:11:28,1
1P47B7FSUI,121.312,31.349,54226,0,65,0,14-3-29 22:14:27,1
1P47B7FSUI,121.312,31.349,54226,0,65,0,14-3-29 22:17:27,1
1P47B7FSUI,121.312,31.349,54226,0,65,0,14-3-29 22:20:27,1
1P47B7FSUI,121.312,31.349,54226,0,65,0,14-3-29 22:23:27,1
1P47B7FSUI,121.312,31.349,54226,0,65,0,14-3-29 22:26:27,1
1P47B7FSUI,121.312,31.349,54226,0,65,0,14-3-29 22:29:27,1
1P47B7FSUI,121.312,31.349,54226,0,65,0,14-3-29 22:32:27,1
1P47B7FSUI,121.312,31.349,54226,0,65,0,14-3-29 22:35:27,1
1P47B7FSUI,121.312,31.349,54226,0,65,0,14-3-29 22:38:27,1
1P47B7FSUI,121.312,31.349,54226,0,65,0,14-3-29 22:41:27,1
1P47B7FSUI,121.312,31.349,54226,0,65,0,14-3-29 22:44:27,1
1P47B7FSUI,121.312,31.349,54226,0,65,0,14-3-29 22:47:27,1
1P47B7FSUI,121.312,31.349,54226,0,65,0,14-3-29 22:50:27,1
1P47B7FSUI,121.312,31.349,54226,0,65,0,14-3-29 22:53:27,1
1P47B7FSUI,121.312,31.349,54226,0,65,0,14-3-29 22:56:27,1
1P47B7FSUI,121.312,31.349,54226,0,65,0,14-3-29 22:59:27,1
1P47B7FSUI,121.312,31.349,54226,0,65,0,14-3-29 23:2:27,1
1P47B7FSUI,121.312,31.349,54226,0,65,0,14-3-29 23:5:27,1
1P47B7FSUI,121.312,31.349,54226,0,65,0,14-3-29 23:8:27,1
1P47B7FSUI,121.312,31.349,54226,0,65,0,14-3-29 23:11:27,1
1P47B7FSUI,121.312,31.349,54226,0,65,0,14-3-29 23:14:27,1
1P47B7FSUI,121.312,31.349,54226,0,65,0,14-3-29 23:17:27,1
1P47B7FSUI,121.312,31.349,54226,0,65,0,14-3-29 23:20:27,1
1P47B7FSUI,121.312,31.349,54226,0,65,0,14-3-29 23:23:27,1
1P47B7FSUI,121.312,31.349,54226,0,65,0,14-3-29 23:26:27,1
1P47B7FSUI,121.312,31.349,54226,0,65,0,14-3-29 23:29:27,1
1P47B7FSUI,121.312,31.349,54226,0,65,0,14-3-29 23:32:27,1
1P47B7FSUI,121.312,31.349,54226,0,65,0,14-3-29 23:34:28,1
1P47B7FSUI,121.312,31.349,54226,0,65,0,14-3-29 23:35:58,1
1P47B7FSUI,121.312,31.349,54226,0,65,0,14-3-29 23:37:28,1
1P47B7FSUI,121.312,31.349,54226,0,65,0,14-3-29 23:38:58,1
1P47B7FSUI,121.312,31.349,54226,0,65,0,14-3-29 23:41:58,1
1P47B7FSUI,121.312,31.349,54226,0,65,0,14-3-29 23:44:58,1
1P47B7FSUI,121.312,31.349,54226,0,65,0,14-3-29 23:47:58,1
1P47B7FSUI,121.312,31.349,54226,0,65,0,14-3-29 23:50:58,1
1P47B7FSUI,121.312,31.349,54226,0,65,0,14-3-29 23:53:58,1
1P47B7FSUI,121.312,31.349,54226,0,65,0,14-3-29 23:56:58,1
1P47B7FSUI,121.312,31.349,54226,0,65,0,14-3-29 23:59:58,1
