2I27P7LXSU,105.764,30.1974,209247,0,155,0,14-3-28 0:1:17,1
2I27P7LXSU,105.764,30.1974,209247,0,155,0,14-3-28 0:4:17,1
2I27P7LXSU,105.764,30.1974,209247,0,155,0,14-3-28 0:7:17,1
2I27P7LXSU,105.764,30.1974,209247,0,155,0,14-3-28 0:10:17,1
2I27P7LXSU,105.764,30.1974,209247,0,155,0,14-3-28 0:13:17,1
2I27P7LXSU,105.764,30.1974,209247,0,155,0,14-3-28 0:16:17,1
2I27P7LXSU,105.764,30.1974,209247,0,155,0,14-3-28 0:19:17,1
2I27P7LXSU,105.764,30.1974,209247,0,155,0,14-3-28 0:22:17,1
2I27P7LXSU,105.764,30.1974,209247,0,155,0,14-3-28 0:25:17,1
2I27P7LXSU,105.764,30.1974,209247,0,155,0,14-3-28 0:28:16,1
2I27P7LXSU,105.764,30.1974,209247,0,155,0,14-3-28 0:31:16,1
2I27P7LXSU,105.764,30.1974,209247,0,155,0,14-3-28 0:34:16,1
2I27P7LXSU,105.764,30.1974,209247,0,155,0,14-3-28 0:37:16,1
2I27P7LXSU,105.764,30.1974,209247,0,155,0,14-3-28 0:40:15,1
2I27P7LXSU,105.764,30.1974,209247,0,155,0,14-3-28 0:43:15,1
2I27P7LXSU,105.764,30.1974,209247,0,155,0,14-3-28 0:46:15,1
2I27P7LXSU,105.764,30.1974,209247,0,155,0,14-3-28 0:49:15,1
2I27P7LXSU,105.764,30.1974,209247,0,155,0,14-3-28 0:52:15,1
2I27P7LXSU,105.764,30.1974,209247,0,155,0,14-3-28 0:55:15,1
2I27P7LXSU,105.764,30.1974,209247,0,155,0,14-3-28 0:58:15,1
2I27P7LXSU,105.764,30.1974,209247,0,155,0,14-3-28 1:1:15,1
2I27P7LXSU,105.764,30.1974,209247,0,155,0,14-3-28 1:4:16,1
2I27P7LXSU,105.764,30.1974,209247,0,155,0,14-3-28 1:7:16,1
2I27P7LXSU,105.764,30.1974,209247,0,155,0,14-3-28 1:10:15,1
2I27P7LXSU,105.764,30.1974,209247,0,155,0,14-3-28 1:13:15,1
2I27P7LXSU,105.764,30.1974,209247,0,155,0,14-3-28 1:16:15,1
2I27P7LXSU,105.764,30.1974,209247,0,155,0,14-3-28 1:19:16,1
2I27P7LXSU,105.764,30.1974,209247,0,155,0,14-3-28 1:22:16,1
2I27P7LXSU,105.764,30.1974,209247,0,155,0,14-3-28 1:25:15,1
2I27P7LXSU,105.764,30.1974,209247,0,155,0,14-3-28 1:28:16,1
2I27P7LXSU,105.764,30.1974,209247,0,155,0,14-3-28 1:31:15,1
2I27P7LXSU,105.764,30.1974,209247,0,155,0,14-3-28 1:34:15,1
2I27P7LXSU,105.764,30.1974,209247,0,155,0,14-3-28 1:37:15,1
2I27P7LXSU,105.764,30.1974,209247,0,155,0,14-3-28 1:40:16,1
2I27P7LXSU,105.764,30.1974,209247,0,155,0,14-3-28 1:43:15,1
2I27P7LXSU,105.764,30.1974,209247,0,155,0,14-3-28 1:46:16,1
2I27P7LXSU,105.764,30.1974,209247,0,155,0,14-3-28 1:49:16,1
2I27P7LXSU,105.764,30.1974,209247,0,155,0,14-3-28 1:52:16,1
2I27P7LXSU,105.764,30.1974,209247,0,155,0,14-3-28 1:55:16,1
2I27P7LXSU,105.764,30.1974,209247,0,155,0,14-3-28 1:58:16,1
2I27P7LXSU,105.764,30.1974,209247,0,155,0,14-3-28 2:1:16,1
2I27P7LXSU,105.764,30.1974,209247,0,155,0,14-3-28 2:4:15,1
2I27P7LXSU,105.764,30.1974,209247,0,155,0,14-3-28 2:7:15,1
2I27P7LXSU,105.764,30.1974,209247,0,155,0,14-3-28 2:10:15,1
2I27P7LXSU,105.764,30.1974,209247,0,155,0,14-3-28 2:13:15,1
2I27P7LXSU,105.764,30.1974,209247,0,155,0,14-3-28 2:16:15,1
2I27P7LXSU,105.764,30.1974,209247,0,155,0,14-3-28 2:19:15,1
2I27P7LXSU,105.764,30.1974,209247,0,155,0,14-3-28 2:22:15,1
2I27P7LXSU,105.764,30.1974,209247,0,155,0,14-3-28 2:25:15,1
2I27P7LXSU,105.764,30.1974,209247,0,155,0,14-3-28 2:28:15,1
2I27P7LXSU,105.764,30.1974,209247,0,155,0,14-3-28 2:31:15,1
2I27P7LXSU,105.764,30.1974,209247,0,155,0,14-3-28 2:34:15,1
2I27P7LXSU,105.764,30.1974,209247,0,155,0,14-3-28 2:37:15,1
2I27P7LXSU,105.764,30.1974,209247,0,155,0,14-3-28 2:40:15,1
2I27P7LXSU,105.764,30.1974,209247,0,155,0,14-3-28 2:43:15,1
2I27P7LXSU,105.764,30.1974,209247,0,155,0,14-3-28 2:46:15,1
2I27P7LXSU,105.764,30.1974,209247,0,155,0,14-3-28 2:49:15,1
2I27P7LXSU,105.764,30.1974,209247,0,155,0,14-3-28 2:52:15,1
2I27P7LXSU,105.764,30.1974,209247,0,155,0,14-3-28 2:55:15,1
2I27P7LXSU,105.764,30.1974,209247,0,155,0,14-3-28 2:58:15,1
2I27P7LXSU,105.764,30.1974,209247,0,155,0,14-3-28 3:1:15,1
2I27P7LXSU,105.764,30.1974,209247,0,155,0,14-3-28 3:3:30,1
2I27P7LXSU,105.764,30.1974,209247,0,155,0,14-3-28 3:4:59,1
2I27P7LXSU,105.764,30.1978,209247,0,150,0,14-3-28 3:7:59,1
2I27P7LXSU,105.764,30.1978,209247,0,150,0,14-3-28 3:10:24,1
2I27P7LXSU,105.758,30.2019,209254,70,150,0,14-3-28 3:11:53,1
2I27P7LXSU,105.74,30.2111,209274,75,150,0,14-3-28 3:13:23,1
2I27P7LXSU,105.729,30.225,209292,61,165,0,14-3-28 3:14:53,1
2I27P7LXSU,105.724,30.2411,209311,74,160,0,14-3-28 3:16:23,1
2I27P7LXSU,105.714,30.2572,209331,74,160,0,14-3-28 3:17:53,1
2I27P7LXSU,105.703,30.2697,209348,70,155,0,14-3-28 3:19:23,1
2I27P7LXSU,105.692,30.2827,209366,68,160,0,14-3-28 3:20:53,1
2I27P7LXSU,105.688,30.2863,209371,9,155,0,14-3-28 3:22:23,1
2I27P7LXSU,105.688,30.2868,209372,0,150,0,14-3-28 3:23:53,1
2I27P7LXSU,105.687,30.287,209372,5,160,0,14-3-28 3:25:23,1
2I27P7LXSU,105.687,30.2872,209372,0,160,0,14-3-28 3:26:53,1
2I27P7LXSU,105.687,30.2873,209372,0,155,0,14-3-28 3:28:23,1
2I27P7LXSU,105.687,30.2873,209372,0,155,0,14-3-28 3:29:53,1
2I27P7LXSU,105.687,30.2875,209372,5,155,0,14-3-28 3:31:23,1
2I27P7LXSU,105.686,30.2883,209373,25,150,0,14-3-28 3:32:53,1
2I27P7LXSU,105.677,30.2955,209385,62,150,0,14-3-28 3:34:23,1
2I27P7LXSU,105.661,30.3064,209403,77,160,0,14-3-28 3:35:53,1
2I27P7LXSU,105.65,30.3211,209423,79,170,0,14-3-28 3:37:23,1
2I27P7LXSU,105.645,30.3375,209442,72,165,0,14-3-28 3:38:53,1
2I27P7LXSU,105.636,30.3523,209460,77,155,0,14-3-28 3:40:23,1
2I27P7LXSU,105.626,30.3679,209479,75,165,0,14-3-28 3:41:53,1
2I27P7LXSU,105.619,30.3826,209497,62,160,0,14-3-28 3:43:23,1
2I27P7LXSU,105.608,30.3952,209514,74,155,0,14-3-28 3:44:53,1
2I27P7LXSU,105.595,30.4077,209533,79,160,0,14-3-28 3:46:23,1
2I27P7LXSU,105.588,30.425,209553,81,165,0,14-3-28 3:47:53,1
2I27P7LXSU,105.577,30.4395,209572,75,155,0,14-3-28 3:49:23,1
2I27P7LXSU,105.564,30.4526,209591,75,160,0,14-3-28 3:50:53,1
2I27P7LXSU,105.551,30.4656,209609,66,155,0,14-3-28 3:52:23,1
2I27P7LXSU,105.539,30.4757,209625,62,170,0,14-3-28 3:53:53,1
2I27P7LXSU,105.532,30.4917,209644,77,165,0,14-3-28 3:55:23,1
2I27P7LXSU,105.525,30.5086,209663,77,170,0,14-3-28 3:56:53,1
2I27P7LXSU,105.516,30.523,209681,68,155,0,14-3-28 3:58:23,1
2I27P7LXSU,105.502,30.5361,209701,79,155,0,14-3-28 3:59:53,1
2I27P7LXSU,105.487,30.5495,209721,77,150,0,14-3-28 4:1:23,1
2I27P7LXSU,105.473,30.5619,209740,77,170,0,14-3-28 4:2:53,1
2I27P7LXSU,105.463,30.5754,209758,62,155,0,14-3-28 4:4:23,1
2I27P7LXSU,105.455,30.5872,209774,66,175,0,14-3-28 4:5:53,1
2I27P7LXSU,105.441,30.5916,209790,70,135,0,14-3-28 4:7:23,1
2I27P7LXSU,105.423,30.5935,209807,57,140,0,14-3-28 4:8:53,1
2I27P7LXSU,105.405,30.6007,209826,81,140,0,14-3-28 4:10:23,1
2I27P7LXSU,105.387,30.6098,209846,74,150,0,14-3-28 4:11:53,1
2I27P7LXSU,105.368,30.6181,209866,79,140,0,14-3-28 4:13:23,1
2I27P7LXSU,105.348,30.618,209885,72,135,0,14-3-28 4:14:53,1
2I27P7LXSU,105.331,30.6132,209902,70,130,0,14-3-28 4:16:23,1
2I27P7LXSU,105.312,30.6127,209920,74,130,0,14-3-28 4:17:53,1
2I27P7LXSU,105.294,30.6081,209938,35,120,0,14-3-28 4:19:23,1
2I27P7LXSU,105.283,30.6064,209949,53,140,0,14-3-28 4:20:53,1
2I27P7LXSU,105.271,30.606,209961,38,125,0,14-3-28 4:22:23,1
2I27P7LXSU,105.262,30.6058,209969,48,140,0,14-3-28 4:23:53,1
2I27P7LXSU,105.245,30.6048,209986,29,140,0,14-3-28 4:25:23,1
2I27P7LXSU,105.244,30.6049,209986,0,140,0,14-3-28 4:26:53,1
2I27P7LXSU,105.244,30.6049,209986,0,140,0,14-3-28 4:29:54,1
2I27P7LXSU,105.244,30.6049,209986,0,140,0,14-3-28 4:32:54,1
2I27P7LXSU,105.244,30.6049,209986,0,140,0,14-3-28 4:35:54,1
2I27P7LXSU,105.244,30.6049,209986,0,140,0,14-3-28 4:38:54,1
2I27P7LXSU,105.244,30.6049,209986,0,140,0,14-3-28 4:41:54,1
2I27P7LXSU,105.244,30.6049,209986,0,140,0,14-3-28 4:44:54,1
2I27P7LXSU,105.244,30.6049,209986,0,140,0,14-3-28 4:47:54,1
2I27P7LXSU,105.244,30.6049,209986,0,140,0,14-3-28 4:50:54,1
2I27P7LXSU,105.244,30.6049,209986,0,140,0,14-3-28 4:53:54,1
2I27P7LXSU,105.244,30.6049,209986,0,140,0,14-3-28 4:56:54,1
2I27P7LXSU,105.244,30.6049,209986,0,140,0,14-3-28 4:59:53,1
2I27P7LXSU,105.244,30.6049,209986,0,140,0,14-3-28 5:2:53,1
2I27P7LXSU,105.244,30.6049,209986,0,140,0,14-3-28 5:5:53,1
2I27P7LXSU,105.244,30.6049,209986,0,140,0,14-3-28 5:8:53,1
2I27P7LXSU,105.244,30.6049,209986,0,140,0,14-3-28 5:11:53,1
2I27P7LXSU,105.244,30.6049,209986,0,140,0,14-3-28 5:14:53,1
2I27P7LXSU,105.244,30.6049,209986,0,140,0,14-3-28 5:16:23,1
2I27P7LXSU,105.241,30.6059,209989,37,140,0,14-3-28 5:17:53,1
2I27P7LXSU,105.235,30.6077,209995,18,140,0,14-3-28 5:19:23,1
2I27P7LXSU,105.23,30.6095,210000,5,145,0,14-3-28 5:20:53,1
2I27P7LXSU,105.228,30.6102,210001,5,145,0,14-3-28 5:22:23,1
2I27P7LXSU,105.227,30.611,210003,5,145,0,14-3-28 5:23:53,1
2I27P7LXSU,105.226,30.6116,210004,0,150,0,14-3-28 5:25:23,1
2I27P7LXSU,105.226,30.6116,210004,0,150,0,14-3-28 5:26:53,1
2I27P7LXSU,105.224,30.6127,210006,31,150,0,14-3-28 5:28:23,1
2I27P7LXSU,105.21,30.6168,210019,72,140,0,14-3-28 5:29:53,1
2I27P7LXSU,105.192,30.6197,210036,81,140,0,14-3-28 5:31:23,1
2I27P7LXSU,105.172,30.6237,210056,83,130,0,14-3-28 5:32:53,1
2I27P7LXSU,105.15,30.6271,210077,85,135,0,14-3-28 5:34:23,1
2I27P7LXSU,105.129,30.6305,210098,72,125,0,14-3-28 5:35:53,1
2I27P7LXSU,105.111,30.6276,210115,66,130,0,14-3-28 5:37:23,1
2I27P7LXSU,105.095,30.6263,210130,70,135,0,14-3-28 5:38:53,1
2I27P7LXSU,105.076,30.6209,210149,81,130,0,14-3-28 5:40:23,1
2I27P7LXSU,105.055,30.6187,210170,85,125,0,14-3-28 5:41:53,1
2I27P7LXSU,105.033,30.6183,210190,74,130,0,14-3-28 5:43:23,1
2I27P7LXSU,105.014,30.6131,210208,61,125,0,14-3-28 5:44:53,1
2I27P7LXSU,104.996,30.6122,210226,79,145,0,14-3-28 5:46:23,1
2I27P7LXSU,104.978,30.6176,210244,59,135,0,14-3-28 5:47:53,1
2I27P7LXSU,104.959,30.6206,210263,81,140,0,14-3-28 5:49:23,1
2I27P7LXSU,104.939,30.6267,210283,72,150,0,14-3-28 5:50:53,1
2I27P7LXSU,104.92,30.6341,210302,77,145,0,14-3-28 5:52:23,1
2I27P7LXSU,104.9,30.6401,210322,83,145,0,14-3-28 5:53:53,1
2I27P7LXSU,104.884,30.6431,210338,40,5,0,14-3-28 5:55:23,1
2I27P7LXSU,104.874,30.6474,210351,51,140,0,14-3-28 5:56:53,1
2I27P7LXSU,104.854,30.6463,210369,81,135,0,14-3-28 5:58:23,1
2I27P7LXSU,104.834,30.6427,210389,81,125,0,14-3-28 5:59:53,1
2I27P7LXSU,104.813,30.6424,210409,92,130,0,14-3-28 6:1:23,1
2I27P7LXSU,104.794,30.6483,210429,70,150,0,14-3-28 6:2:53,1
2I27P7LXSU,104.775,30.652,210447,81,140,0,14-3-28 6:4:23,1
2I27P7LXSU,104.752,30.6531,210469,74,135,0,14-3-28 6:5:53,1
2I27P7LXSU,104.733,30.651,210487,85,135,0,14-3-28 6:7:23,1
2I27P7LXSU,104.715,30.6577,210506,57,140,0,14-3-28 6:8:53,1
2I27P7LXSU,104.702,30.6625,210520,68,150,0,14-3-28 6:10:23,1
2I27P7LXSU,104.684,30.6695,210538,83,140,0,14-3-28 6:11:53,1
2I27P7LXSU,104.662,30.6723,210559,79,145,0,14-3-28 6:13:23,1
2I27P7LXSU,104.641,30.679,210580,92,140,0,14-3-28 6:14:53,1
2I27P7LXSU,104.619,30.685,210602,87,140,0,14-3-28 6:16:23,1
2I27P7LXSU,104.597,30.6866,210624,85,140,0,14-3-28 6:17:53,1
2I27P7LXSU,104.575,30.6877,210644,88,135,0,14-3-28 6:19:23,1
2I27P7LXSU,104.553,30.6891,210665,88,130,0,14-3-28 6:20:53,1
2I27P7LXSU,104.532,30.687,210686,77,125,0,14-3-28 6:22:23,1
2I27P7LXSU,104.516,30.6893,210701,40,140,0,14-3-28 6:23:53,1
2I27P7LXSU,104.506,30.6911,210710,31,135,0,14-3-28 6:25:23,1
2I27P7LXSU,104.498,30.6873,210719,35,110,0,14-3-28 6:26:53,1
2I27P7LXSU,104.484,30.6876,210734,87,140,0,14-3-28 6:28:23,1
2I27P7LXSU,104.471,30.7002,210755,79,165,0,14-3-28 6:29:53,1
2I27P7LXSU,104.454,30.7091,210774,68,145,0,14-3-28 6:31:23,1
2I27P7LXSU,104.438,30.7169,210792,64,165,0,14-3-28 6:32:53,1
2I27P7LXSU,104.437,30.7311,210807,72,170,0,14-3-28 6:34:23,1
2I27P7LXSU,104.421,30.7401,210826,64,145,0,14-3-28 6:35:53,1
2I27P7LXSU,104.4,30.7417,210846,94,140,0,14-3-28 6:37:23,1
2I27P7LXSU,104.379,30.7414,210867,83,130,0,14-3-28 6:38:53,1
2I27P7LXSU,104.357,30.7379,210887,83,125,0,14-3-28 6:40:23,1
2I27P7LXSU,104.339,30.7285,210908,79,105,0,14-3-28 6:41:53,1
2I27P7LXSU,104.325,30.7168,210927,62,120,0,14-3-28 6:43:23,1
2I27P7LXSU,104.307,30.7069,210946,87,115,0,14-3-28 6:44:53,1
2I27P7LXSU,104.288,30.6968,210967,83,120,0,14-3-28 6:46:23,1
2I27P7LXSU,104.269,30.6884,210988,77,120,0,14-3-28 6:47:53,1
2I27P7LXSU,104.248,30.6822,211008,85,120,0,14-3-28 6:49:23,1
2I27P7LXSU,104.23,30.6753,211027,81,125,0,14-3-28 6:50:53,1
2I27P7LXSU,104.209,30.6745,211047,59,135,0,14-3-28 6:52:23,1
2I27P7LXSU,104.203,30.6775,211054,29,175,0,14-3-28 6:53:53,1
2I27P7LXSU,104.203,30.6923,211070,70,175,0,14-3-28 6:55:23,1
2I27P7LXSU,104.201,30.7073,211086,70,175,0,14-3-28 6:56:53,1
2I27P7LXSU,104.199,30.7227,211103,62,175,0,14-3-28 6:58:23,1
2I27P7LXSU,104.191,30.7371,211121,72,155,0,14-3-28 6:59:53,1
2I27P7LXSU,104.178,30.7482,211138,66,155,0,14-3-28 7:1:23,1
2I27P7LXSU,104.166,30.7594,211154,77,155,0,14-3-28 7:2:53,1
2I27P7LXSU,104.15,30.7685,211172,72,145,0,14-3-28 7:4:23,1
2I27P7LXSU,104.132,30.7764,211191,77,145,0,14-3-28 7:5:53,1
2I27P7LXSU,104.116,30.7836,211209,61,145,0,14-3-28 7:7:23,1
2I27P7LXSU,104.098,30.7882,211227,70,130,0,14-3-28 7:8:53,1
2I27P7LXSU,104.079,30.7867,211244,68,130,0,14-3-28 7:10:23,1
2I27P7LXSU,104.06,30.7872,211262,72,135,0,14-3-28 7:11:53,1
2I27P7LXSU,104.043,30.7854,211278,70,125,0,14-3-28 7:13:23,1
2I27P7LXSU,104.023,30.7822,211297,77,130,0,14-3-28 7:14:53,1
2I27P7LXSU,104.003,30.7834,211316,79,135,0,14-3-28 7:16:23,1
2I27P7LXSU,103.983,30.7821,211335,74,130,0,14-3-28 7:17:53,1
2I27P7LXSU,103.964,30.7777,211353,72,115,0,14-3-28 7:19:23,1
2I27P7LXSU,103.951,30.7664,211371,68,110,0,14-3-28 7:20:53,1
2I27P7LXSU,103.945,30.7586,211381,0,105,0,14-3-28 7:22:23,1
2I27P7LXSU,103.944,30.7581,211382,20,105,0,14-3-28 7:23:54,1
2I27P7LXSU,103.938,30.757,211389,20,150,0,14-3-28 7:25:24,1
2I27P7LXSU,103.937,30.7574,211389,0,145,0,14-3-28 7:27:36,1
2I27P7LXSU,103.93,30.7626,211398,61,155,0,14-3-28 7:29:5,1
2I27P7LXSU,103.919,30.7712,211412,5,155,0,14-3-28 7:30:36,1
2I27P7LXSU,103.912,30.776,211420,61,155,0,14-3-28 7:32:6,1
2I27P7LXSU,103.897,30.7856,211437,70,140,0,14-3-28 7:33:36,1
2I27P7LXSU,103.877,30.7883,211457,83,150,0,14-3-28 7:35:6,1
2I27P7LXSU,103.86,30.7983,211477,79,150,0,14-3-28 7:36:36,1
2I27P7LXSU,103.845,30.8108,211496,74,165,0,14-3-28 7:38:6,1
2I27P7LXSU,103.843,30.8159,211503,3,40,0,14-3-28 7:39:36,1
2I27P7LXSU,103.847,30.8147,211507,0,40,0,14-3-28 7:41:6,1
2I27P7LXSU,103.851,30.8215,211515,48,10,0,14-3-28 7:42:36,1
2I27P7LXSU,103.856,30.8317,211527,50,10,0,14-3-28 7:44:6,1
2I27P7LXSU,103.858,30.8367,211533,0,10,0,14-3-28 7:47:6,1
2I27P7LXSU,103.858,30.8367,211533,0,10,0,14-3-28 7:50:6,1
2I27P7LXSU,103.858,30.8367,211533,0,10,0,14-3-28 7:53:6,1
2I27P7LXSU,103.858,30.8374,211533,11,5,0,14-3-28 7:54:36,1
2I27P7LXSU,103.86,30.8396,211537,7,55,0,14-3-28 7:56:6,1
2I27P7LXSU,103.861,30.8389,211538,0,60,0,14-3-28 7:57:36,1
2I27P7LXSU,103.862,30.8389,211538,5,50,0,14-3-28 7:59:6,1
2I27P7LXSU,103.862,30.8392,211539,0,15,0,14-3-28 8:2:6,1
2I27P7LXSU,103.862,30.8392,211539,0,15,0,14-3-28 8:5:6,1
2I27P7LXSU,103.862,30.8392,211539,0,15,0,14-3-28 8:8:6,1
2I27P7LXSU,103.862,30.8392,211539,0,15,0,14-3-28 8:11:6,1
2I27P7LXSU,103.862,30.8392,211539,0,15,0,14-3-28 8:14:6,1
2I27P7LXSU,103.862,30.8392,211539,0,15,0,14-3-28 8:17:6,1
2I27P7LXSU,103.862,30.8392,211539,0,15,0,14-3-28 8:20:6,1
2I27P7LXSU,103.862,30.8392,211539,0,15,0,14-3-28 8:23:6,1
2I27P7LXSU,103.862,30.8392,211539,0,15,0,14-3-28 8:26:6,1
2I27P7LXSU,103.862,30.8392,211539,0,15,0,14-3-28 8:29:6,1
2I27P7LXSU,103.862,30.8392,211539,0,15,0,14-3-28 8:32:6,1
2I27P7LXSU,103.862,30.8392,211539,0,15,0,14-3-28 8:35:6,1
2I27P7LXSU,103.862,30.8392,211539,0,15,0,14-3-28 8:38:6,1
2I27P7LXSU,103.862,30.8392,211539,0,15,0,14-3-28 8:41:6,1
2I27P7LXSU,103.862,30.8392,211539,0,15,0,14-3-28 8:44:6,1
2I27P7LXSU,103.862,30.8392,211539,0,15,0,14-3-28 8:47:6,1
2I27P7LXSU,103.862,30.8392,211539,0,15,0,14-3-28 8:50:6,1
2I27P7LXSU,103.862,30.8392,211539,0,15,0,14-3-28 8:53:6,1
2I27P7LXSU,103.862,30.8392,211539,0,15,0,14-3-28 8:56:6,1
2I27P7LXSU,103.862,30.8392,211539,0,15,0,14-3-28 8:59:6,1
2I27P7LXSU,103.862,30.8392,211539,0,15,0,14-3-28 9:2:6,1
2I27P7LXSU,103.862,30.8392,211539,0,15,0,14-3-28 9:5:6,1
2I27P7LXSU,103.862,30.8392,211539,0,15,0,14-3-28 9:8:6,1
2I27P7LXSU,103.862,30.8392,211539,0,15,0,14-3-28 9:11:6,1
2I27P7LXSU,103.862,30.8392,211539,0,15,0,14-3-28 9:14:6,1
2I27P7LXSU,103.862,30.8392,211539,0,15,0,14-3-28 9:17:6,1
2I27P7LXSU,103.862,30.8392,211539,0,15,0,14-3-28 9:20:6,1
2I27P7LXSU,103.862,30.8392,211539,0,15,0,14-3-28 9:23:6,1
2I27P7LXSU,103.862,30.8392,211539,0,15,0,14-3-28 9:26:6,1
2I27P7LXSU,103.862,30.8392,211539,0,15,0,14-3-28 9:29:6,1
2I27P7LXSU,103.862,30.8392,211539,0,15,0,14-3-28 9:32:6,1
2I27P7LXSU,103.862,30.8392,211539,0,15,0,14-3-28 9:35:6,1
2I27P7LXSU,103.862,30.8392,211539,0,15,0,14-3-28 9:38:6,1
2I27P7LXSU,103.862,30.8392,211539,0,15,0,14-3-28 9:41:6,1
2I27P7LXSU,103.862,30.8392,211539,0,15,0,14-3-28 9:44:6,1
2I27P7LXSU,103.862,30.8392,211539,0,15,0,14-3-28 9:47:6,1
2I27P7LXSU,103.862,30.8392,211539,0,15,0,14-3-28 9:50:6,1
2I27P7LXSU,103.862,30.8392,211539,0,15,0,14-3-28 9:53:6,1
2I27P7LXSU,103.862,30.8392,211539,0,15,0,14-3-28 9:56:6,1
2I27P7LXSU,103.862,30.8392,211539,0,15,0,14-3-28 9:59:6,1
2I27P7LXSU,103.862,30.8392,211539,0,15,0,14-3-28 10:2:6,1
2I27P7LXSU,103.862,30.8392,211539,0,15,0,14-3-28 10:5:6,1
2I27P7LXSU,103.862,30.8392,211539,0,15,0,14-3-28 10:8:6,1
2I27P7LXSU,103.862,30.8392,211539,0,15,0,14-3-28 10:11:6,1
2I27P7LXSU,103.862,30.8392,211539,0,15,0,14-3-28 10:14:6,1
2I27P7LXSU,103.862,30.8392,211539,0,15,0,14-3-28 10:17:6,1
2I27P7LXSU,103.862,30.8392,211539,0,15,0,14-3-28 10:20:6,1
2I27P7LXSU,103.862,30.8392,211539,0,15,0,14-3-28 10:23:6,1
2I27P7LXSU,103.862,30.8392,211539,0,15,0,14-3-28 10:26:6,1
2I27P7LXSU,103.862,30.8392,211539,0,15,0,14-3-28 10:29:6,1
2I27P7LXSU,103.862,30.8392,211539,0,15,0,14-3-28 10:32:6,1
2I27P7LXSU,103.862,30.8392,211539,0,15,0,14-3-28 10:35:7,1
2I27P7LXSU,103.862,30.8392,211539,0,15,0,14-3-28 10:38:7,1
2I27P7LXSU,103.862,30.8392,211539,0,15,0,14-3-28 10:41:7,1
2I27P7LXSU,103.862,30.8392,211539,0,15,0,14-3-28 10:44:7,1
2I27P7LXSU,103.862,30.8392,211539,0,15,0,14-3-28 10:47:7,1
2I27P7LXSU,103.862,30.8392,211539,0,15,0,14-3-28 10:50:7,1
2I27P7LXSU,103.862,30.8392,211539,0,15,0,14-3-28 10:53:7,1
2I27P7LXSU,103.862,30.8392,211539,0,15,0,14-3-28 10:56:7,1
2I27P7LXSU,103.862,30.8392,211539,0,15,0,14-3-28 10:59:7,1
2I27P7LXSU,103.862,30.8392,211539,0,15,0,14-3-28 11:2:7,1
2I27P7LXSU,103.862,30.8392,211539,0,15,0,14-3-28 11:5:7,1
2I27P7LXSU,103.862,30.8392,211539,0,15,0,14-3-28 11:8:7,1
2I27P7LXSU,103.862,30.8392,211539,0,15,0,14-3-28 11:11:7,1
2I27P7LXSU,103.862,30.8392,211539,0,15,0,14-3-28 11:14:7,1
2I27P7LXSU,103.862,30.8392,211539,0,15,0,14-3-28 11:17:7,1
2I27P7LXSU,103.862,30.8392,211539,0,15,0,14-3-28 11:20:7,1
2I27P7LXSU,103.862,30.8392,211539,0,15,0,14-3-28 11:23:7,1
2I27P7LXSU,103.862,30.8392,211539,0,15,0,14-3-28 11:26:7,1
2I27P7LXSU,103.862,30.8392,211539,0,15,0,14-3-28 11:29:7,1
2I27P7LXSU,103.862,30.8392,211539,0,15,0,14-3-28 11:32:7,1
2I27P7LXSU,103.862,30.8392,211539,0,15,0,14-3-28 11:35:7,1
2I27P7LXSU,103.862,30.8392,211539,0,15,0,14-3-28 11:38:7,1
2I27P7LXSU,103.862,30.8392,211539,0,15,0,14-3-28 11:41:7,1
2I27P7LXSU,103.862,30.8392,211539,0,15,0,14-3-28 11:44:7,1
2I27P7LXSU,103.862,30.8392,211539,0,15,0,14-3-28 11:47:7,1
2I27P7LXSU,103.862,30.8392,211539,0,15,0,14-3-28 11:50:7,1
2I27P7LXSU,103.862,30.8392,211539,0,15,0,14-3-28 11:53:7,1
2I27P7LXSU,103.862,30.8392,211539,0,15,0,14-3-28 11:56:7,1
2I27P7LXSU,103.862,30.8392,211539,0,15,0,14-3-28 11:59:7,1
2I27P7LXSU,103.862,30.8392,211539,0,15,0,14-3-28 12:2:7,1
2I27P7LXSU,103.862,30.8392,211539,0,15,0,14-3-28 12:5:7,1
2I27P7LXSU,103.862,30.8392,211539,0,15,0,14-3-28 12:8:7,1
2I27P7LXSU,103.862,30.8392,211539,0,15,0,14-3-28 12:11:7,1
2I27P7LXSU,103.862,30.8392,211539,0,15,0,14-3-28 12:14:7,1
2I27P7LXSU,103.862,30.8392,211539,0,15,0,14-3-28 12:17:7,1
2I27P7LXSU,103.862,30.8392,211539,0,15,0,14-3-28 12:20:7,1
2I27P7LXSU,103.862,30.8392,211539,0,15,0,14-3-28 12:23:7,1
2I27P7LXSU,103.862,30.8392,211539,0,15,0,14-3-28 12:26:7,1
2I27P7LXSU,103.862,30.8392,211539,0,15,0,14-3-28 12:29:7,1
2I27P7LXSU,103.862,30.8392,211539,0,15,0,14-3-28 12:32:7,1
2I27P7LXSU,103.862,30.8392,211539,0,15,0,14-3-28 12:35:7,1
2I27P7LXSU,103.862,30.8392,211539,0,15,0,14-3-28 12:38:7,1
2I27P7LXSU,103.862,30.8392,211539,0,15,0,14-3-28 12:41:7,1
2I27P7LXSU,103.862,30.8392,211539,0,15,0,14-3-28 12:44:7,1
2I27P7LXSU,103.862,30.8392,211539,0,15,0,14-3-28 12:47:7,1
2I27P7LXSU,103.862,30.8392,211539,0,15,0,14-3-28 12:48:56,1
2I27P7LXSU,103.862,30.8392,211539,0,15,0,14-3-28 12:50:26,1
2I27P7LXSU,103.862,30.8392,211539,0,15,0,14-3-28 12:51:56,1
2I27P7LXSU,103.862,30.8392,211539,0,5,0,14-3-28 12:53:26,1
2I27P7LXSU,103.862,30.8392,211539,0,15,0,14-3-28 12:54:56,1
2I27P7LXSU,103.862,30.839,211539,0,35,0,14-3-28 12:56:26,1
2I27P7LXSU,103.862,30.8389,211539,0,90,0,14-3-28 12:57:56,1
2I27P7LXSU,103.862,30.8389,211539,0,90,0,14-3-28 12:59:26,1
2I27P7LXSU,103.862,30.8389,211539,0,65,0,14-3-28 13:2:26,1
2I27P7LXSU,103.862,30.8389,211539,0,65,0,14-3-28 13:3:56,1
2I27P7LXSU,103.862,30.8389,211539,0,65,0,14-3-28 13:6:56,1
2I27P7LXSU,103.862,30.8389,211539,0,65,0,14-3-28 13:9:56,1
2I27P7LXSU,103.862,30.8389,211539,0,65,0,14-3-28 13:12:56,1
2I27P7LXSU,103.862,30.8389,211539,0,65,0,14-3-28 13:15:56,1
2I27P7LXSU,103.862,30.8389,211539,0,65,0,14-3-28 13:18:56,1
2I27P7LXSU,103.862,30.8389,211539,0,65,0,14-3-28 13:21:56,1
2I27P7LXSU,103.862,30.8389,211539,0,65,0,14-3-28 13:24:56,1
2I27P7LXSU,103.862,30.8389,211539,0,65,0,14-3-28 13:27:56,1
2I27P7LXSU,103.862,30.8389,211539,0,65,0,14-3-28 13:30:56,1
2I27P7LXSU,103.862,30.8389,211539,0,65,0,14-3-28 13:33:56,1
2I27P7LXSU,103.862,30.8389,211539,0,65,0,14-3-28 13:36:56,1
2I27P7LXSU,103.862,30.8389,211539,0,65,0,14-3-28 13:39:56,1
2I27P7LXSU,103.862,30.8389,211539,0,65,0,14-3-28 13:42:56,1
2I27P7LXSU,103.862,30.8389,211539,0,65,0,14-3-28 13:45:57,1
2I27P7LXSU,103.862,30.8389,211539,0,65,0,14-3-28 13:48:57,1
2I27P7LXSU,103.862,30.8389,211539,0,65,0,14-3-28 13:51:57,1
2I27P7LXSU,103.862,30.8389,211539,0,65,0,14-3-28 13:54:57,1
2I27P7LXSU,103.862,30.8389,211539,0,65,0,14-3-28 13:57:57,1
2I27P7LXSU,103.862,30.8389,211539,0,65,0,14-3-28 14:0:57,1
2I27P7LXSU,103.862,30.8389,211539,0,65,0,14-3-28 14:3:57,1
2I27P7LXSU,103.862,30.8389,211539,0,65,0,14-3-28 14:6:57,1
2I27P7LXSU,103.862,30.8389,211539,0,65,0,14-3-28 14:9:57,1
2I27P7LXSU,103.862,30.8389,211539,0,65,0,14-3-28 14:12:57,1
2I27P7LXSU,103.862,30.8389,211539,0,65,0,14-3-28 14:15:57,1
2I27P7LXSU,103.862,30.8389,211539,0,65,0,14-3-28 14:18:57,1
2I27P7LXSU,103.862,30.8389,211539,0,65,0,14-3-28 14:21:57,1
2I27P7LXSU,103.862,30.8389,211539,0,65,0,14-3-28 14:24:57,1
2I27P7LXSU,103.862,30.8389,211539,0,65,0,14-3-28 14:27:57,1
2I27P7LXSU,103.862,30.8389,211539,0,65,0,14-3-28 14:30:57,1
2I27P7LXSU,103.862,30.8389,211539,0,65,0,14-3-28 14:33:57,1
2I27P7LXSU,103.862,30.8389,211539,0,65,0,14-3-28 14:36:57,1
2I27P7LXSU,103.862,30.8389,211539,0,65,0,14-3-28 14:39:57,1
2I27P7LXSU,103.862,30.8389,211539,0,65,0,14-3-28 14:42:57,1
2I27P7LXSU,103.862,30.8389,211539,0,65,0,14-3-28 14:45:57,1
2I27P7LXSU,103.862,30.8389,211539,0,65,0,14-3-28 14:48:57,1
2I27P7LXSU,103.862,30.8389,211539,0,65,0,14-3-28 14:51:57,1
2I27P7LXSU,103.862,30.8389,211539,0,65,0,14-3-28 14:54:57,1
2I27P7LXSU,103.862,30.8389,211539,0,65,0,14-3-28 14:57:57,1
2I27P7LXSU,103.862,30.8389,211539,0,65,0,14-3-28 15:0:57,1
2I27P7LXSU,103.862,30.8389,211539,0,65,0,14-3-28 15:3:57,1
2I27P7LXSU,103.862,30.8389,211539,0,65,0,14-3-28 15:6:57,1
2I27P7LXSU,103.862,30.8389,211539,0,65,0,14-3-28 15:9:57,1
2I27P7LXSU,103.862,30.8389,211539,0,65,0,14-3-28 15:12:57,1
2I27P7LXSU,103.862,30.8389,211539,0,65,0,14-3-28 15:15:57,1
2I27P7LXSU,103.862,30.8389,211539,0,65,0,14-3-28 15:18:57,1
2I27P7LXSU,103.862,30.8389,211539,0,65,0,14-3-28 15:21:57,1
2I27P7LXSU,103.862,30.8389,211539,0,65,0,14-3-28 15:24:57,1
2I27P7LXSU,103.862,30.8389,211539,0,65,0,14-3-28 15:27:57,1
2I27P7LXSU,103.862,30.8389,211539,0,65,0,14-3-28 15:30:57,1
2I27P7LXSU,103.862,30.8389,211539,0,65,0,14-3-28 15:33:57,1
2I27P7LXSU,103.862,30.8389,211539,0,65,0,14-3-28 15:36:57,1
2I27P7LXSU,103.862,30.8389,211539,0,65,0,14-3-28 15:39:57,1
2I27P7LXSU,103.862,30.8389,211539,0,65,0,14-3-28 15:42:57,1
2I27P7LXSU,103.862,30.8389,211539,0,65,0,14-3-28 15:45:57,1
2I27P7LXSU,103.862,30.8389,211539,0,65,0,14-3-28 15:48:57,1
2I27P7LXSU,103.862,30.8389,211539,0,65,0,14-3-28 15:51:57,1
2I27P7LXSU,103.862,30.8389,211539,0,65,0,14-3-28 15:54:57,1
2I27P7LXSU,103.862,30.8389,211539,0,65,0,14-3-28 15:57:57,1
2I27P7LXSU,103.862,30.8389,211539,0,65,0,14-3-28 16:0:57,1
2I27P7LXSU,103.862,30.8389,211539,0,65,0,14-3-28 16:3:57,1
2I27P7LXSU,103.862,30.8389,211539,0,65,0,14-3-28 16:6:57,1
2I27P7LXSU,103.862,30.8389,211539,0,65,0,14-3-28 16:9:57,1
2I27P7LXSU,103.862,30.8389,211539,0,65,0,14-3-28 16:12:57,1
2I27P7LXSU,103.862,30.8389,211539,0,65,0,14-3-28 16:15:57,1
2I27P7LXSU,103.862,30.8389,211539,0,65,0,14-3-28 16:18:57,1
2I27P7LXSU,103.862,30.8389,211539,0,65,0,14-3-28 16:21:57,1
2I27P7LXSU,103.862,30.8389,211539,0,65,0,14-3-28 16:24:57,1
2I27P7LXSU,103.862,30.8389,211539,0,65,0,14-3-28 16:27:57,1
2I27P7LXSU,103.862,30.8389,211539,0,65,0,14-3-28 16:30:58,1
2I27P7LXSU,103.862,30.8389,211539,0,65,0,14-3-28 16:33:58,1
2I27P7LXSU,103.862,30.8389,211539,0,65,0,14-3-28 16:36:58,1
2I27P7LXSU,103.862,30.8389,211539,0,65,0,14-3-28 16:39:58,1
2I27P7LXSU,103.862,30.8389,211539,0,65,0,14-3-28 16:42:58,1
2I27P7LXSU,103.862,30.8389,211539,0,65,0,14-3-28 16:45:58,1
2I27P7LXSU,103.862,30.8389,211539,0,65,0,14-3-28 16:48:58,1
2I27P7LXSU,103.862,30.8389,211539,0,65,0,14-3-28 16:51:58,1
2I27P7LXSU,103.862,30.8389,211539,0,65,0,14-3-28 16:54:58,1
2I27P7LXSU,103.862,30.8389,211539,0,65,0,14-3-28 16:57:58,1
2I27P7LXSU,103.862,30.8389,211539,0,65,0,14-3-28 17:0:58,1
2I27P7LXSU,103.862,30.8389,211539,0,65,0,14-3-28 17:3:58,1
2I27P7LXSU,103.862,30.8389,211539,0,65,0,14-3-28 17:6:58,1
2I27P7LXSU,103.862,30.8389,211539,0,65,0,14-3-28 17:9:58,1
2I27P7LXSU,103.862,30.8389,211539,0,65,0,14-3-28 17:12:58,1
2I27P7LXSU,103.862,30.8389,211539,0,65,0,14-3-28 17:15:58,1
2I27P7LXSU,103.862,30.8389,211539,0,65,0,14-3-28 17:18:58,1
2I27P7LXSU,103.862,30.8389,211539,0,65,0,14-3-28 17:21:58,1
2I27P7LXSU,103.862,30.8389,211539,0,65,0,14-3-28 17:24:58,1
2I27P7LXSU,103.862,30.8389,211539,0,65,0,14-3-28 17:27:58,1
2I27P7LXSU,103.862,30.8389,211539,0,65,0,14-3-28 17:30:58,1
2I27P7LXSU,103.862,30.8389,211539,0,65,0,14-3-28 17:33:58,1
2I27P7LXSU,103.862,30.8389,211539,0,65,0,14-3-28 17:36:58,1
2I27P7LXSU,103.862,30.8389,211539,0,65,0,14-3-28 17:39:58,1
2I27P7LXSU,103.862,30.8389,211539,0,65,0,14-3-28 17:42:58,1
2I27P7LXSU,103.862,30.8389,211539,0,65,0,14-3-28 17:45:58,1
2I27P7LXSU,103.862,30.8389,211539,0,65,0,14-3-28 17:48:58,1
2I27P7LXSU,103.862,30.8389,211539,0,65,0,14-3-28 17:51:58,1
2I27P7LXSU,103.862,30.8389,211539,0,65,0,14-3-28 17:54:58,1
2I27P7LXSU,103.862,30.8389,211539,0,65,0,14-3-28 17:57:58,1
2I27P7LXSU,103.862,30.8389,211539,0,65,0,14-3-28 18:0:58,1
2I27P7LXSU,103.862,30.8389,211539,0,65,0,14-3-28 18:3:58,1
2I27P7LXSU,103.862,30.8389,211539,0,65,0,14-3-28 18:6:58,1
2I27P7LXSU,103.862,30.8389,211539,0,65,0,14-3-28 18:9:58,1
2I27P7LXSU,103.862,30.8389,211539,0,65,0,14-3-28 18:12:58,1
2I27P7LXSU,103.862,30.8389,211539,0,65,0,14-3-28 18:15:58,1
2I27P7LXSU,103.862,30.8389,211539,0,65,0,14-3-28 18:18:58,1
2I27P7LXSU,103.862,30.8389,211539,0,65,0,14-3-28 18:21:58,1
2I27P7LXSU,103.862,30.8389,211539,0,65,0,14-3-28 18:24:58,1
2I27P7LXSU,103.862,30.8389,211539,0,65,0,14-3-28 18:27:58,1
2I27P7LXSU,103.862,30.8389,211539,0,65,0,14-3-28 18:30:57,1
2I27P7LXSU,103.862,30.8389,211539,0,65,0,14-3-28 18:33:57,1
2I27P7LXSU,103.862,30.8389,211539,0,65,0,14-3-28 18:36:57,1
2I27P7LXSU,103.862,30.8389,211539,0,65,0,14-3-28 18:39:57,1
2I27P7LXSU,103.862,30.8389,211539,0,65,0,14-3-28 18:42:57,1
2I27P7LXSU,103.862,30.8389,211539,0,65,0,14-3-28 18:45:57,1
2I27P7LXSU,103.862,30.8389,211539,0,65,0,14-3-28 18:47:27,1
2I27P7LXSU,103.862,30.839,211539,0,120,0,14-3-28 18:48:57,1
2I27P7LXSU,103.861,30.8384,211540,9,145,0,14-3-28 18:50:27,1
2I27P7LXSU,103.859,30.8386,211542,16,90,0,14-3-28 18:51:57,1
2I27P7LXSU,103.85,30.8211,211563,50,100,0,14-3-28 18:54:57,1
2I27P7LXSU,103.844,30.8149,211573,38,135,0,14-3-28 18:56:27,1
2I27P7LXSU,103.842,30.8138,211580,37,50,0,14-3-28 18:57:57,1
2I27P7LXSU,103.855,30.801,211599,85,60,0,14-3-28 18:59:27,1
2I27P7LXSU,103.874,30.7902,211620,92,60,0,14-3-28 19:0:57,1
2I27P7LXSU,103.896,30.7859,211642,87,50,0,14-3-28 19:2:26,1
2I27P7LXSU,103.914,30.7744,211664,87,65,0,14-3-28 19:3:56,1
2I27P7LXSU,103.918,30.7709,211669,0,70,0,14-3-28 19:5:26,1
2I27P7LXSU,103.923,30.7673,211675,74,65,0,14-3-28 19:6:56,1
2I27P7LXSU,103.935,30.7584,211690,9,65,0,14-3-28 19:8:26,1
2I27P7LXSU,103.936,30.7583,211690,0,65,0,14-3-28 19:9:56,1
2I27P7LXSU,103.936,30.7579,211690,0,65,0,14-3-28 19:11:26,1
2I27P7LXSU,103.936,30.7579,211690,0,65,0,14-3-28 19:12:56,1
2I27P7LXSU,103.937,30.7572,211691,0,65,0,14-3-28 19:14:26,1
2I27P7LXSU,103.937,30.7569,211691,12,60,0,14-3-28 19:15:56,1
2I27P7LXSU,103.944,30.757,211704,66,10,0,14-3-28 19:17:26,1
2I27P7LXSU,103.955,30.7699,211721,75,20,0,14-3-28 19:18:56,1
2I27P7LXSU,103.972,30.7806,211742,79,35,0,14-3-28 19:20:26,1
2I27P7LXSU,103.993,30.783,211761,85,40,0,14-3-28 19:21:56,1
2I27P7LXSU,104.016,30.7825,211783,90,45,0,14-3-28 19:23:26,1
2I27P7LXSU,104.039,30.7845,211805,85,35,0,14-3-28 19:24:56,1
2I27P7LXSU,104.057,30.7871,211822,75,40,0,14-3-28 19:26:26,1
2I27P7LXSU,104.077,30.7866,211841,75,40,0,14-3-28 19:27:56,1
2I27P7LXSU,104.099,30.7881,211861,74,40,0,14-3-28 19:29:26,1
2I27P7LXSU,104.109,30.7894,211874,16,25,0,14-3-28 19:30:56,1
2I27P7LXSU,104.115,30.7896,211879,33,55,0,14-3-28 19:32:26,1
2I27P7LXSU,104.122,30.7885,211888,40,165,0,14-3-28 19:33:56,1
2I27P7LXSU,104.123,30.7927,211892,5,5,0,14-3-28 19:35:26,1
2I27P7LXSU,104.125,30.7953,211896,0,50,0,14-3-28 19:36:56,1
2I27P7LXSU,104.126,30.7954,211897,0,0,0,14-3-28 19:38:26,1
2I27P7LXSU,104.126,30.7962,211898,5,10,0,14-3-28 19:39:57,1
2I27P7LXSU,104.127,30.7967,211899,9,50,0,14-3-28 19:41:27,1
2I27P7LXSU,104.127,30.7954,211901,0,0,0,14-3-28 19:42:57,1
2I27P7LXSU,104.127,30.7954,211901,0,5,0,14-3-28 19:45:57,1
2I27P7LXSU,104.127,30.7954,211901,0,5,0,14-3-28 19:48:57,1
2I27P7LXSU,104.127,30.7954,211901,0,5,0,14-3-28 19:51:57,1
2I27P7LXSU,104.127,30.7954,211901,0,5,0,14-3-28 19:54:57,1
2I27P7LXSU,104.127,30.7954,211901,0,5,0,14-3-28 19:57:57,1
2I27P7LXSU,104.127,30.7954,211901,0,5,0,14-3-28 20:0:57,1
2I27P7LXSU,104.127,30.7954,211901,0,5,0,14-3-28 20:3:57,1
2I27P7LXSU,104.127,30.7954,211901,0,5,0,14-3-28 20:6:57,1
2I27P7LXSU,104.127,30.7954,211901,0,5,0,14-3-28 20:9:57,1
2I27P7LXSU,104.127,30.7954,211901,0,5,0,14-3-28 20:12:57,1
2I27P7LXSU,104.127,30.7954,211901,0,5,0,14-3-28 20:15:57,1
2I27P7LXSU,104.127,30.7954,211901,0,5,0,14-3-28 20:18:56,1
2I27P7LXSU,104.127,30.7954,211901,0,5,0,14-3-28 20:21:56,1
2I27P7LXSU,104.127,30.7954,211901,0,5,0,14-3-28 20:24:56,1
2I27P7LXSU,104.127,30.7954,211901,0,5,0,14-3-28 20:27:56,1
2I27P7LXSU,104.127,30.7954,211901,0,5,0,14-3-28 20:30:56,1
2I27P7LXSU,104.127,30.7954,211901,0,5,0,14-3-28 20:33:56,1
2I27P7LXSU,104.127,30.7954,211901,0,5,0,14-3-28 20:36:56,1
2I27P7LXSU,104.127,30.7954,211901,0,5,0,14-3-28 20:39:56,1
2I27P7LXSU,104.127,30.7954,211901,0,5,0,14-3-28 20:42:56,1
2I27P7LXSU,104.127,30.7954,211901,0,5,0,14-3-28 20:45:56,1
2I27P7LXSU,104.127,30.7954,211901,0,5,0,14-3-28 20:48:56,1
2I27P7LXSU,104.127,30.7954,211901,0,5,0,14-3-28 20:51:56,1
2I27P7LXSU,104.127,30.7954,211901,0,5,0,14-3-28 20:54:56,1
2I27P7LXSU,104.127,30.7954,211901,0,5,0,14-3-28 20:57:56,1
2I27P7LXSU,104.127,30.7954,211901,0,5,0,14-3-28 21:0:56,1
2I27P7LXSU,104.127,30.7954,211901,0,5,0,14-3-28 21:3:56,1
2I27P7LXSU,104.127,30.7954,211901,0,5,0,14-3-28 21:6:56,1
2I27P7LXSU,104.127,30.7954,211901,0,5,0,14-3-28 21:9:56,1
2I27P7LXSU,104.127,30.7954,211901,0,5,0,14-3-28 21:12:56,1
2I27P7LXSU,104.127,30.7954,211901,0,5,0,14-3-28 21:15:56,1
2I27P7LXSU,104.127,30.7954,211901,0,5,0,14-3-28 21:18:56,1
2I27P7LXSU,104.127,30.7954,211901,0,5,0,14-3-28 21:21:56,1
2I27P7LXSU,104.127,30.7954,211901,0,5,0,14-3-28 21:24:56,1
2I27P7LXSU,104.127,30.7954,211901,0,5,0,14-3-28 21:27:56,1
2I27P7LXSU,104.127,30.7954,211901,0,5,0,14-3-28 21:30:56,1
2I27P7LXSU,104.127,30.7954,211901,0,5,0,14-3-28 21:33:56,1
2I27P7LXSU,104.127,30.7954,211901,0,5,0,14-3-28 21:36:56,1
2I27P7LXSU,104.127,30.7954,211901,0,5,0,14-3-28 21:39:56,1
2I27P7LXSU,104.127,30.7954,211901,0,5,0,14-3-28 21:42:56,1
2I27P7LXSU,104.127,30.7954,211901,0,5,0,14-3-28 21:45:56,1
2I27P7LXSU,104.127,30.7954,211901,0,5,0,14-3-28 21:48:56,1
2I27P7LXSU,104.127,30.7954,211901,0,5,0,14-3-28 21:51:56,1
2I27P7LXSU,104.127,30.7954,211901,0,5,0,14-3-28 21:54:56,1
2I27P7LXSU,104.127,30.7954,211901,0,5,0,14-3-28 21:57:56,1
2I27P7LXSU,104.127,30.7954,211901,0,5,0,14-3-28 22:0:56,1
2I27P7LXSU,104.127,30.7954,211901,0,5,0,14-3-28 22:3:56,1
2I27P7LXSU,104.127,30.7954,211901,0,5,0,14-3-28 22:8:59,1
2I27P7LXSU,104.127,30.7954,211901,0,5,0,14-3-28 22:11:58,1
2I27P7LXSU,104.127,30.7954,211901,0,5,0,14-3-28 22:14:58,1
2I27P7LXSU,104.127,30.7954,211901,0,5,0,14-3-28 22:17:58,1
2I27P7LXSU,104.127,30.7954,211901,0,5,0,14-3-28 22:20:58,1
2I27P7LXSU,104.127,30.7954,211901,0,5,0,14-3-28 22:23:58,1
2I27P7LXSU,104.127,30.7954,211901,0,5,0,14-3-28 22:28:52,1
2I27P7LXSU,104.127,30.7954,211901,0,5,0,14-3-28 22:31:52,1
2I27P7LXSU,104.127,30.7954,211901,0,5,0,14-3-28 22:34:53,1
2I27P7LXSU,104.127,30.7954,211901,0,5,0,14-3-28 22:37:52,1
2I27P7LXSU,104.127,30.7954,211901,0,5,0,14-3-28 22:40:52,1
2I27P7LXSU,104.127,30.7954,211901,0,5,0,14-3-28 22:43:53,1
2I27P7LXSU,104.127,30.7954,211901,0,5,0,14-3-28 22:46:53,1
2I27P7LXSU,104.127,30.7954,211901,0,5,0,14-3-28 22:49:53,1
2I27P7LXSU,104.127,30.7954,211901,0,5,0,14-3-28 22:52:53,1
2I27P7LXSU,104.127,30.7954,211901,0,5,0,14-3-28 22:55:53,1
2I27P7LXSU,104.127,30.7954,211901,0,5,0,14-3-28 22:58:53,1
2I27P7LXSU,104.127,30.7954,211901,0,5,0,14-3-28 23:1:53,1
2I27P7LXSU,104.127,30.7954,211901,0,5,0,14-3-28 23:4:53,1
2I27P7LXSU,104.127,30.7954,211901,0,5,0,14-3-28 23:7:53,1
2I27P7LXSU,104.127,30.7954,211901,0,5,0,14-3-28 23:10:53,1
2I27P7LXSU,104.127,30.7954,211901,0,5,0,14-3-28 23:13:53,1
2I27P7LXSU,104.127,30.7954,211901,0,5,0,14-3-28 23:16:53,1
2I27P7LXSU,104.127,30.7954,211901,0,5,0,14-3-28 23:19:53,1
2I27P7LXSU,104.127,30.7954,211901,0,5,0,14-3-28 23:22:53,1
2I27P7LXSU,104.127,30.7954,211901,0,5,0,14-3-28 23:25:53,1
2I27P7LXSU,104.127,30.7954,211901,0,5,0,14-3-28 23:28:53,1
2I27P7LXSU,104.127,30.7954,211901,0,5,0,14-3-28 23:31:53,1
2I27P7LXSU,104.127,30.7954,211901,0,5,0,14-3-28 23:34:53,1
2I27P7LXSU,104.127,30.7954,211901,0,5,0,14-3-28 23:37:53,1
2I27P7LXSU,104.127,30.7954,211901,0,5,0,14-3-28 23:40:53,1
2I27P7LXSU,104.127,30.7954,211901,0,5,0,14-3-28 23:43:53,1
2I27P7LXSU,104.127,30.7954,211901,0,5,0,14-3-28 23:46:53,1
2I27P7LXSU,104.127,30.7954,211901,0,5,0,14-3-28 23:49:53,1
2I27P7LXSU,104.127,30.7954,211901,0,5,0,14-3-28 23:52:16,1
2I27P7LXSU,104.127,30.7954,211901,0,5,0,14-3-28 23:55:16,1
2I27P7LXSU,104.127,30.7954,211901,0,5,0,14-3-28 23:58:16,1
2I27P7LXSU,104.127,30.7954,211901,0,5,0,14-3-29 0:1:16,1
2I27P7LXSU,104.127,30.7954,211901,0,5,0,14-3-29 0:4:16,1
2I27P7LXSU,104.127,30.7954,211901,0,5,0,14-3-29 0:9:50,1
2I27P7LXSU,104.127,30.7954,211901,0,5,0,14-3-29 0:12:50,1
2I27P7LXSU,104.127,30.7954,211901,0,5,0,14-3-29 0:15:50,1
2I27P7LXSU,104.127,30.7954,211901,0,5,0,14-3-29 0:18:50,1
2I27P7LXSU,104.127,30.7954,211901,0,5,0,14-3-29 0:21:50,1
2I27P7LXSU,104.127,30.7954,211901,0,5,0,14-3-29 0:24:50,1
2I27P7LXSU,104.127,30.7954,211901,0,5,0,14-3-29 0:27:50,1
2I27P7LXSU,104.127,30.7954,211901,0,5,0,14-3-29 0:30:50,1
2I27P7LXSU,104.127,30.7954,211901,0,5,0,14-3-29 0:33:50,1
2I27P7LXSU,104.127,30.7954,211901,0,5,0,14-3-29 0:36:50,1
2I27P7LXSU,104.127,30.7954,211901,0,5,0,14-3-29 0:39:50,1
2I27P7LXSU,104.127,30.7954,211901,0,5,0,14-3-29 0:42:50,1
2I27P7LXSU,104.127,30.7954,211901,0,5,0,14-3-29 0:45:50,1
2I27P7LXSU,104.127,30.7954,211901,0,5,0,14-3-29 0:48:50,1
2I27P7LXSU,104.127,30.7954,211901,0,5,0,14-3-29 0:51:50,1
2I27P7LXSU,104.127,30.7954,211901,0,5,0,14-3-29 0:54:50,1
2I27P7LXSU,104.127,30.7954,211901,0,5,0,14-3-29 0:57:50,1
2I27P7LXSU,104.127,30.7954,211901,0,5,0,14-3-29 1:0:50,1
2I27P7LXSU,104.127,30.7954,211901,0,5,0,14-3-29 1:3:50,1
2I27P7LXSU,104.127,30.7954,211901,0,5,0,14-3-29 1:6:50,1
2I27P7LXSU,104.127,30.7954,211901,0,5,0,14-3-29 1:9:50,1
2I27P7LXSU,104.127,30.7954,211901,0,5,0,14-3-29 1:12:50,1
2I27P7LXSU,104.127,30.7954,211901,0,5,0,14-3-29 1:15:50,1
2I27P7LXSU,104.127,30.7954,211901,0,5,0,14-3-29 1:18:50,1
2I27P7LXSU,104.127,30.7954,211901,0,5,0,14-3-29 1:21:50,1
2I27P7LXSU,104.127,30.7954,211901,0,5,0,14-3-29 1:24:50,1
2I27P7LXSU,104.127,30.7954,211901,0,5,0,14-3-29 1:27:50,1
2I27P7LXSU,104.127,30.7954,211901,0,5,0,14-3-29 1:30:50,1
2I27P7LXSU,104.127,30.7954,211901,0,5,0,14-3-29 1:33:50,1
2I27P7LXSU,104.127,30.7954,211901,0,5,0,14-3-29 1:36:50,1
2I27P7LXSU,104.127,30.7954,211901,0,5,0,14-3-29 1:39:50,1
2I27P7LXSU,104.127,30.7954,211901,0,5,0,14-3-29 1:42:50,1
2I27P7LXSU,104.127,30.7954,211901,0,5,0,14-3-29 1:45:50,1
2I27P7LXSU,104.127,30.7954,211901,0,5,0,14-3-29 1:48:50,1
2I27P7LXSU,104.127,30.7954,211901,0,5,0,14-3-29 1:51:50,1
2I27P7LXSU,104.127,30.7954,211901,0,5,0,14-3-29 1:54:50,1
2I27P7LXSU,104.127,30.7954,211901,0,5,0,14-3-29 1:57:50,1
2I27P7LXSU,104.127,30.7954,211901,0,5,0,14-3-29 2:0:51,1
2I27P7LXSU,104.127,30.7954,211901,0,5,0,14-3-29 2:3:51,1
2I27P7LXSU,104.127,30.7954,211901,0,5,0,14-3-29 2:6:51,1
2I27P7LXSU,104.127,30.7954,211901,0,5,0,14-3-29 2:9:51,1
2I27P7LXSU,104.127,30.7954,211901,0,5,0,14-3-29 2:12:51,1
2I27P7LXSU,104.127,30.7954,211901,0,5,0,14-3-29 2:15:51,1
2I27P7LXSU,104.127,30.7954,211901,0,5,0,14-3-29 2:18:51,1
2I27P7LXSU,104.127,30.7954,211901,0,5,0,14-3-29 2:21:51,1
2I27P7LXSU,104.127,30.7954,211901,0,5,0,14-3-29 2:24:51,1
2I27P7LXSU,104.127,30.7954,211901,0,5,0,14-3-29 2:27:51,1
2I27P7LXSU,104.127,30.7954,211901,0,5,0,14-3-29 2:30:51,1
2I27P7LXSU,104.127,30.7954,211901,0,5,0,14-3-29 2:33:51,1
2I27P7LXSU,104.127,30.7954,211901,0,5,0,14-3-29 2:36:51,1
2I27P7LXSU,104.127,30.7954,211901,0,5,0,14-3-29 2:39:51,1
2I27P7LXSU,104.127,30.7954,211901,0,5,0,14-3-29 2:42:51,1
2I27P7LXSU,104.127,30.7954,211901,0,5,0,14-3-29 2:45:51,1
2I27P7LXSU,104.127,30.7954,211901,0,5,0,14-3-29 2:48:51,1
2I27P7LXSU,104.127,30.7954,211901,0,5,0,14-3-29 2:51:51,1
2I27P7LXSU,104.127,30.7954,211901,0,5,0,14-3-29 2:54:51,1
2I27P7LXSU,104.127,30.7954,211901,0,5,0,14-3-29 2:57:51,1
2I27P7LXSU,104.127,30.7954,211901,0,5,0,14-3-29 3:0:51,1
2I27P7LXSU,104.127,30.7954,211901,0,5,0,14-3-29 3:3:51,1
2I27P7LXSU,104.127,30.7954,211901,0,5,0,14-3-29 3:6:51,1
2I27P7LXSU,104.127,30.7954,211901,0,5,0,14-3-29 3:9:51,1
2I27P7LXSU,104.127,30.7954,211901,0,5,0,14-3-29 3:12:51,1
2I27P7LXSU,104.127,30.7954,211901,0,5,0,14-3-29 3:15:51,1
2I27P7LXSU,104.127,30.7954,211901,0,5,0,14-3-29 3:18:51,1
2I27P7LXSU,104.127,30.7954,211901,0,5,0,14-3-29 3:21:51,1
2I27P7LXSU,104.127,30.7954,211901,0,5,0,14-3-29 3:24:51,1
2I27P7LXSU,104.127,30.7954,211901,0,5,0,14-3-29 3:27:51,1
2I27P7LXSU,104.127,30.7954,211901,0,5,0,14-3-29 3:30:51,1
2I27P7LXSU,104.127,30.7954,211901,0,5,0,14-3-29 3:33:51,1
2I27P7LXSU,104.127,30.7954,211901,0,5,0,14-3-29 3:36:51,1
2I27P7LXSU,104.127,30.7954,211901,0,5,0,14-3-29 3:39:51,1
2I27P7LXSU,104.127,30.7954,211901,0,5,0,14-3-29 3:42:51,1
2I27P7LXSU,104.127,30.7954,211901,0,5,0,14-3-29 3:45:51,1
2I27P7LXSU,104.127,30.7954,211901,0,5,0,14-3-29 3:48:51,1
2I27P7LXSU,104.127,30.7954,211901,0,5,0,14-3-29 3:51:51,1
2I27P7LXSU,104.127,30.7954,211901,0,5,0,14-3-29 3:54:51,1
2I27P7LXSU,104.127,30.7954,211901,0,5,0,14-3-29 3:57:51,1
2I27P7LXSU,104.127,30.7954,211901,0,5,0,14-3-29 4:0:51,1
2I27P7LXSU,104.127,30.7954,211901,0,5,0,14-3-29 4:3:51,1
2I27P7LXSU,104.127,30.7954,211901,0,5,0,14-3-29 4:6:51,1
2I27P7LXSU,104.127,30.7954,211901,0,5,0,14-3-29 4:9:51,1
2I27P7LXSU,104.127,30.7954,211901,0,5,0,14-3-29 4:12:51,1
2I27P7LXSU,104.127,30.7954,211901,0,5,0,14-3-29 4:15:51,1
2I27P7LXSU,104.127,30.7954,211901,0,5,0,14-3-29 4:18:51,1
2I27P7LXSU,104.127,30.7954,211901,0,5,0,14-3-29 4:21:51,1
2I27P7LXSU,104.127,30.7954,211901,0,5,0,14-3-29 4:24:51,1
2I27P7LXSU,104.127,30.7954,211901,0,5,0,14-3-29 4:27:51,1
2I27P7LXSU,104.127,30.7954,211901,0,5,0,14-3-29 4:30:51,1
2I27P7LXSU,104.127,30.7954,211901,0,5,0,14-3-29 4:33:51,1
2I27P7LXSU,104.127,30.7954,211901,0,5,0,14-3-29 4:36:51,1
2I27P7LXSU,104.127,30.7954,211901,0,5,0,14-3-29 4:39:51,1
2I27P7LXSU,104.127,30.7954,211901,0,5,0,14-3-29 4:42:51,1
2I27P7LXSU,104.127,30.7954,211901,0,5,0,14-3-29 4:45:51,1
2I27P7LXSU,104.127,30.7954,211901,0,5,0,14-3-29 4:48:51,1
2I27P7LXSU,104.127,30.7954,211901,0,5,0,14-3-29 4:51:52,1
2I27P7LXSU,104.127,30.7954,211901,0,5,0,14-3-29 4:54:52,1
2I27P7LXSU,104.127,30.7954,211901,0,5,0,14-3-29 4:57:52,1
2I27P7LXSU,104.127,30.7954,211901,0,5,0,14-3-29 5:0:52,1
2I27P7LXSU,104.127,30.7954,211901,0,5,0,14-3-29 5:3:52,1
2I27P7LXSU,104.127,30.7954,211901,0,5,0,14-3-29 5:6:52,1
2I27P7LXSU,104.127,30.7954,211901,0,5,0,14-3-29 5:9:52,1
2I27P7LXSU,104.127,30.7954,211901,0,5,0,14-3-29 5:12:52,1
2I27P7LXSU,104.127,30.7954,211901,0,5,0,14-3-29 5:15:51,1
2I27P7LXSU,104.127,30.7954,211901,0,5,0,14-3-29 5:18:51,1
2I27P7LXSU,104.127,30.7954,211901,0,5,0,14-3-29 5:21:51,1
2I27P7LXSU,104.127,30.7954,211901,0,5,0,14-3-29 5:24:51,1
2I27P7LXSU,104.127,30.7954,211901,0,5,0,14-3-29 5:27:51,1
2I27P7LXSU,104.127,30.7954,211901,0,5,0,14-3-29 5:30:51,1
2I27P7LXSU,104.127,30.7954,211901,0,5,0,14-3-29 5:33:51,1
2I27P7LXSU,104.127,30.7954,211901,0,5,0,14-3-29 5:36:51,1
2I27P7LXSU,104.127,30.7954,211901,0,5,0,14-3-29 5:39:51,1
2I27P7LXSU,104.127,30.7954,211901,0,5,0,14-3-29 5:42:51,1
2I27P7LXSU,104.127,30.7954,211901,0,5,0,14-3-29 5:45:51,1
2I27P7LXSU,104.127,30.7954,211901,0,5,0,14-3-29 5:48:51,1
2I27P7LXSU,104.127,30.7954,211901,0,5,0,14-3-29 5:51:51,1
2I27P7LXSU,104.127,30.7954,211901,0,5,0,14-3-29 5:54:51,1
2I27P7LXSU,104.127,30.7954,211901,0,5,0,14-3-29 5:57:51,1
2I27P7LXSU,104.127,30.7954,211901,0,5,0,14-3-29 6:0:51,1
2I27P7LXSU,104.127,30.7954,211901,0,5,0,14-3-29 6:3:51,1
2I27P7LXSU,104.127,30.7954,211901,0,5,0,14-3-29 6:6:51,1
2I27P7LXSU,104.127,30.7954,211901,0,5,0,14-3-29 6:9:51,1
2I27P7LXSU,104.127,30.7954,211901,0,5,0,14-3-29 6:12:51,1
2I27P7LXSU,104.127,30.7954,211901,0,5,0,14-3-29 6:15:51,1
2I27P7LXSU,104.127,30.7954,211901,0,5,0,14-3-29 6:18:50,1
2I27P7LXSU,104.127,30.7954,211901,0,5,0,14-3-29 6:21:50,1
2I27P7LXSU,104.127,30.7954,211901,0,5,0,14-3-29 6:24:50,1
2I27P7LXSU,104.127,30.7954,211901,0,5,0,14-3-29 6:27:50,1
2I27P7LXSU,104.127,30.7954,211901,0,5,0,14-3-29 6:30:50,1
2I27P7LXSU,104.127,30.7954,211901,0,5,0,14-3-29 6:33:50,1
2I27P7LXSU,104.127,30.7954,211901,0,5,0,14-3-29 6:36:50,1
2I27P7LXSU,104.127,30.7954,211901,0,5,0,14-3-29 6:39:50,1
2I27P7LXSU,104.127,30.7954,211901,0,5,0,14-3-29 6:42:50,1
2I27P7LXSU,104.127,30.7954,211901,0,5,0,14-3-29 6:45:50,1
2I27P7LXSU,104.127,30.7954,211901,0,5,0,14-3-29 6:48:50,1
2I27P7LXSU,104.127,30.7954,211901,0,5,0,14-3-29 6:51:50,1
2I27P7LXSU,104.127,30.7954,211901,0,5,0,14-3-29 6:54:50,1
2I27P7LXSU,104.127,30.7954,211901,0,5,0,14-3-29 6:57:50,1
2I27P7LXSU,104.127,30.7954,211901,0,5,0,14-3-29 7:0:50,1
2I27P7LXSU,104.127,30.7954,211901,0,5,0,14-3-29 7:3:51,1
2I27P7LXSU,104.127,30.7954,211901,0,5,0,14-3-29 7:6:50,1
2I27P7LXSU,104.127,30.7954,211901,0,5,0,14-3-29 7:9:50,1
2I27P7LXSU,104.127,30.7954,211901,0,5,0,14-3-29 7:12:50,1
2I27P7LXSU,104.127,30.7954,211901,0,5,0,14-3-29 7:15:50,1
2I27P7LXSU,104.127,30.7954,211901,0,5,0,14-3-29 7:18:50,1
2I27P7LXSU,104.127,30.7954,211901,0,5,0,14-3-29 7:21:50,1
2I27P7LXSU,104.127,30.7954,211901,0,5,0,14-3-29 7:24:50,1
2I27P7LXSU,104.127,30.7954,211901,0,5,0,14-3-29 7:27:50,1
2I27P7LXSU,104.127,30.7954,211901,0,5,0,14-3-29 7:30:50,1
2I27P7LXSU,104.127,30.7954,211901,0,5,0,14-3-29 7:33:50,1
2I27P7LXSU,104.127,30.7954,211901,0,5,0,14-3-29 7:36:50,1
2I27P7LXSU,104.127,30.7954,211901,0,5,0,14-3-29 7:39:50,1
2I27P7LXSU,104.127,30.7954,211901,0,5,0,14-3-29 7:42:50,1
2I27P7LXSU,104.127,30.7954,211901,0,5,0,14-3-29 7:45:51,1
2I27P7LXSU,104.127,30.7954,211901,0,5,0,14-3-29 7:48:51,1
2I27P7LXSU,104.127,30.7954,211901,0,5,0,14-3-29 7:51:51,1
2I27P7LXSU,104.127,30.7954,211901,0,5,0,14-3-29 7:54:51,1
2I27P7LXSU,104.127,30.7954,211901,0,5,0,14-3-29 7:57:51,1
2I27P7LXSU,104.127,30.7954,211901,0,5,0,14-3-29 8:0:51,1
2I27P7LXSU,104.127,30.7954,211901,0,5,0,14-3-29 8:3:51,1
2I27P7LXSU,104.127,30.7954,211901,0,5,0,14-3-29 8:6:51,1
2I27P7LXSU,104.127,30.7954,211901,0,5,0,14-3-29 8:9:51,1
2I27P7LXSU,104.127,30.7954,211901,0,5,0,14-3-29 8:12:51,1
2I27P7LXSU,104.127,30.7954,211901,0,5,0,14-3-29 8:15:51,1
2I27P7LXSU,104.127,30.7954,211901,0,5,0,14-3-29 8:18:51,1
2I27P7LXSU,104.127,30.7954,211901,0,5,0,14-3-29 8:21:51,1
2I27P7LXSU,104.127,30.7954,211901,0,5,0,14-3-29 8:24:51,1
2I27P7LXSU,104.127,30.7954,211901,0,5,0,14-3-29 8:27:51,1
2I27P7LXSU,104.127,30.7954,211901,0,5,0,14-3-29 8:30:51,1
2I27P7LXSU,104.127,30.7954,211901,0,5,0,14-3-29 8:33:51,1
2I27P7LXSU,104.127,30.7954,211901,0,5,0,14-3-29 8:36:51,1
2I27P7LXSU,104.127,30.7954,211901,0,5,0,14-3-29 8:39:51,1
2I27P7LXSU,104.127,30.7954,211901,0,5,0,14-3-29 8:42:51,1
2I27P7LXSU,104.127,30.7954,211901,0,5,0,14-3-29 8:45:51,1
2I27P7LXSU,104.127,30.7954,211901,0,5,0,14-3-29 8:48:51,1
2I27P7LXSU,104.127,30.7954,211901,0,5,0,14-3-29 8:50:21,1
2I27P7LXSU,104.127,30.7954,211901,0,5,0,14-3-29 8:51:51,1
2I27P7LXSU,104.126,30.7961,211903,16,10,0,14-3-29 8:53:21,1
2I27P7LXSU,104.126,30.7967,211903,0,165,0,14-3-29 8:54:51,1
2I27P7LXSU,104.126,30.7968,211904,0,150,0,14-3-29 8:56:21,1
2I27P7LXSU,104.126,30.7968,211904,0,150,0,14-3-29 8:57:51,1
2I27P7LXSU,104.124,30.7948,211907,35,100,0,14-3-29 8:59:21,1
2I27P7LXSU,104.121,30.7885,211914,14,100,0,14-3-29 9:0:51,1
2I27P7LXSU,104.118,30.7882,211916,3,145,0,14-3-29 9:2:21,1
2I27P7LXSU,104.117,30.7886,211917,0,145,0,14-3-29 9:3:51,1
2I27P7LXSU,104.117,30.7886,211917,0,145,0,14-3-29 9:5:21,1
2I27P7LXSU,104.115,30.7893,211918,11,145,0,14-3-29 9:6:51,1
2I27P7LXSU,104.113,30.7902,211921,40,140,0,14-3-29 9:8:21,1
2I27P7LXSU,104.11,30.7901,211923,5,115,0,14-3-29 9:9:51,1
2I27P7LXSU,104.11,30.7901,211923,0,120,0,14-3-29 9:11:21,1
2I27P7LXSU,104.11,30.79,211923,0,115,0,14-3-29 9:12:51,1
2I27P7LXSU,104.11,30.79,211923,0,110,0,14-3-29 9:14:21,1
2I27P7LXSU,104.11,30.79,211923,0,110,0,14-3-29 9:15:51,1
2I27P7LXSU,104.106,30.7872,211932,59,50,0,14-3-29 9:17:21,1
2I27P7LXSU,104.125,30.7794,211951,85,55,0,14-3-29 9:18:51,1
2I27P7LXSU,104.144,30.7713,211971,74,55,0,14-3-29 9:20:21,1
2I27P7LXSU,104.162,30.7621,211991,81,60,0,14-3-29 9:21:51,1
2I27P7LXSU,104.178,30.7482,212012,77,65,0,14-3-29 9:23:21,1
2I27P7LXSU,104.192,30.7353,212032,66,65,0,14-3-29 9:24:51,1
2I27P7LXSU,104.199,30.7211,212049,79,85,0,14-3-29 9:26:21,1
2I27P7LXSU,104.201,30.7035,212068,66,85,0,14-3-29 9:27:51,1
2I27P7LXSU,104.203,30.6876,212086,64,85,0,14-3-29 9:29:21,1
2I27P7LXSU,104.204,30.672,212103,74,85,0,14-3-29 9:30:51,1
2I27P7LXSU,104.205,30.6536,212123,79,90,0,14-3-29 9:32:21,1
2I27P7LXSU,104.203,30.6379,212140,24,85,0,14-3-29 9:33:51,1
2I27P7LXSU,104.203,30.6361,212142,7,85,0,14-3-29 9:35:21,1
2I27P7LXSU,104.203,30.6348,212143,5,85,0,14-3-29 9:36:51,1
2I27P7LXSU,104.203,30.6334,212144,7,90,0,14-3-29 9:38:21,1
2I27P7LXSU,104.203,30.6236,212154,50,85,0,14-3-29 9:39:51,1
2I27P7LXSU,104.207,30.6176,212166,42,45,0,14-3-29 9:41:21,1
2I27P7LXSU,104.214,30.6158,212173,61,50,0,14-3-29 9:42:51,1
2I27P7LXSU,104.233,30.6115,212191,74,50,0,14-3-29 9:44:21,1
2I27P7LXSU,104.25,30.6036,212209,70,60,0,14-3-29 9:45:51,1
2I27P7LXSU,104.268,30.5998,212227,68,45,0,14-3-29 9:47:21,1
2I27P7LXSU,104.287,30.5979,212246,74,40,0,14-3-29 9:48:51,1
2I27P7LXSU,104.3,30.5963,212258,0,65,0,14-3-29 9:50:21,1
2I27P7LXSU,104.3,30.5963,212258,0,65,0,14-3-29 9:51:51,1
2I27P7LXSU,104.3,30.5963,212258,0,65,0,14-3-29 9:53:21,1
2I27P7LXSU,104.3,30.5963,212258,0,65,0,14-3-29 9:54:51,1
2I27P7LXSU,104.3,30.5963,212258,0,65,0,14-3-29 9:56:21,1
2I27P7LXSU,104.3,30.5963,212258,0,65,0,14-3-29 9:57:50,1
2I27P7LXSU,104.306,30.5932,212264,59,60,0,14-3-29 9:59:20,1
2I27P7LXSU,104.327,30.5807,212284,0,65,0,14-3-29 10:2:20,1
2I27P7LXSU,104.332,30.5677,212309,66,65,0,14-3-29 10:3:50,1
2I27P7LXSU,104.347,30.5583,212328,72,55,0,14-3-29 10:5:20,1
2I27P7LXSU,104.354,30.5471,212344,62,70,0,14-3-29 10:6:50,1
2I27P7LXSU,104.361,30.5353,212360,83,55,0,14-3-29 10:8:20,1
2I27P7LXSU,104.364,30.5206,212379,66,90,0,14-3-29 10:9:50,1
2I27P7LXSU,104.364,30.5126,212393,61,70,0,14-3-29 10:11:20,1
2I27P7LXSU,104.377,30.5034,212410,66,65,0,14-3-29 10:12:50,1
2I27P7LXSU,104.391,30.4906,212429,83,80,0,14-3-29 10:14:20,1
2I27P7LXSU,104.407,30.4787,212450,79,65,0,14-3-29 10:15:50,1
2I27P7LXSU,104.425,30.4689,212470,85,60,0,14-3-29 10:17:20,1
2I27P7LXSU,104.443,30.4577,212492,88,60,0,14-3-29 10:18:50,1
2I27P7LXSU,104.462,30.448,212513,85,50,0,14-3-29 10:20:20,1
2I27P7LXSU,104.48,30.4393,212533,75,60,0,14-3-29 10:21:50,1
2I27P7LXSU,104.492,30.429,212549,53,60,0,14-3-29 10:23:20,1
2I27P7LXSU,104.497,30.4246,212557,5,35,0,14-3-29 10:24:50,1
2I27P7LXSU,104.497,30.4247,212557,3,35,0,14-3-29 10:26:20,1
2I27P7LXSU,104.497,30.4248,212557,0,35,0,14-3-29 10:27:50,1
2I27P7LXSU,104.498,30.425,212557,12,35,0,14-3-29 10:29:20,1
2I27P7LXSU,104.497,30.4246,212560,37,125,0,14-3-29 10:30:50,1
2I27P7LXSU,104.491,30.4291,212568,35,160,0,14-3-29 10:32:20,1
2I27P7LXSU,104.482,30.4295,212576,0,120,0,14-3-29 10:35:20,1
2I27P7LXSU,104.482,30.4295,212576,0,120,0,14-3-29 10:37:52,1
2I27P7LXSU,104.482,30.4289,212577,0,95,0,14-3-29 10:39:33,1
2I27P7LXSU,104.482,30.4292,212577,0,10,0,14-3-29 10:41:32,1
2I27P7LXSU,104.489,30.4296,212584,40,45,0,14-3-29 10:43:1,1
2I27P7LXSU,104.495,30.4243,212593,33,45,0,14-3-29 10:44:31,1
2I27P7LXSU,104.502,30.4266,212599,46,20,0,14-3-29 10:46:2,1
2I27P7LXSU,104.505,30.4295,212604,40,20,0,14-3-29 10:47:31,1
2I27P7LXSU,104.517,30.4359,212618,68,55,0,14-3-29 10:49:1,1
2I27P7LXSU,104.523,30.432,212625,0,100,0,14-3-29 10:50:31,1
2I27P7LXSU,104.521,30.4319,212627,12,125,0,14-3-29 10:52:1,1
2I27P7LXSU,104.52,30.4365,212634,46,35,0,14-3-29 10:53:31,1
2I27P7LXSU,104.523,30.4405,212642,16,25,0,14-3-29 10:55:1,1
2I27P7LXSU,104.526,30.4421,212646,12,50,0,14-3-29 10:56:31,1
2I27P7LXSU,104.53,30.4465,212653,44,25,0,14-3-29 10:58:1,1
2I27P7LXSU,104.53,30.4553,212664,42,155,0,14-3-29 10:59:31,1
2I27P7LXSU,104.527,30.4614,212672,16,165,0,14-3-29 11:1:1,1
2I27P7LXSU,104.522,30.4685,212681,42,145,0,14-3-29 11:2:31,1
2I27P7LXSU,104.518,30.4767,212692,37,5,0,14-3-29 11:4:1,1
2I27P7LXSU,104.521,30.4839,212701,37,150,0,14-3-29 11:5:31,1
2I27P7LXSU,104.515,30.4883,212709,14,160,0,14-3-29 11:7:2,1
2I27P7LXSU,104.512,30.4902,212712,5,65,0,14-3-29 11:8:32,1
2I27P7LXSU,104.518,30.4902,212718,44,35,0,14-3-29 11:10:2,1
2I27P7LXSU,104.526,30.4923,212726,42,30,0,14-3-29 11:11:32,1
2I27P7LXSU,104.533,30.4976,212735,40,25,0,14-3-29 11:13:2,1
2I27P7LXSU,104.537,30.5014,212740,0,105,0,14-3-29 11:14:32,1
2I27P7LXSU,104.537,30.5016,212741,0,100,0,14-3-29 11:17:32,1
2I27P7LXSU,104.537,30.5016,212741,0,100,0,14-3-29 11:20:24,1
2I27P7LXSU,104.537,30.5016,212741,0,155,0,14-3-29 11:21:54,1
2I27P7LXSU,104.537,30.5016,212741,0,155,0,14-3-29 11:24:8,1
2I27P7LXSU,104.537,30.5016,212741,3,90,0,14-3-29 11:25:38,1
2I27P7LXSU,104.537,30.5015,212741,3,85,0,14-3-29 11:27:8,1
2I27P7LXSU,104.537,30.5015,212741,0,85,0,14-3-29 11:28:38,1
2I27P7LXSU,104.537,30.5014,212741,0,95,0,14-3-29 11:30:8,1
2I27P7LXSU,104.537,30.5015,212741,0,55,0,14-3-29 11:32:24,1
2I27P7LXSU,104.537,30.5016,212742,0,60,0,14-3-29 11:35:24,1
2I27P7LXSU,104.537,30.5016,212742,0,60,0,14-3-29 11:38:24,1
2I27P7LXSU,104.537,30.5016,212742,0,60,0,14-3-29 11:41:24,1
2I27P7LXSU,104.537,30.5016,212742,0,60,0,14-3-29 11:44:24,1
2I27P7LXSU,104.537,30.5016,212742,0,60,0,14-3-29 11:47:24,1
2I27P7LXSU,104.537,30.5016,212742,0,60,0,14-3-29 11:50:24,1
2I27P7LXSU,104.537,30.5016,212742,0,60,0,14-3-29 11:53:24,1
2I27P7LXSU,104.537,30.5016,212742,0,60,0,14-3-29 11:56:24,1
2I27P7LXSU,104.537,30.5016,212742,0,60,0,14-3-29 11:59:24,1
2I27P7LXSU,104.537,30.5016,212742,0,60,0,14-3-29 12:2:24,1
2I27P7LXSU,104.537,30.5016,212742,0,60,0,14-3-29 12:5:24,1
2I27P7LXSU,104.537,30.5016,212742,0,60,0,14-3-29 12:8:24,1
2I27P7LXSU,104.537,30.5016,212742,0,60,0,14-3-29 12:11:24,1
2I27P7LXSU,104.537,30.5016,212742,0,60,0,14-3-29 12:14:24,1
2I27P7LXSU,104.537,30.5016,212742,0,60,0,14-3-29 12:17:24,1
2I27P7LXSU,104.537,30.5016,212742,0,60,0,14-3-29 12:20:24,1
2I27P7LXSU,104.537,30.5016,212742,0,60,0,14-3-29 12:23:24,1
2I27P7LXSU,104.537,30.5016,212742,0,60,0,14-3-29 12:26:24,1
2I27P7LXSU,104.537,30.5016,212742,0,60,0,14-3-29 12:29:24,1
2I27P7LXSU,104.537,30.5016,212742,0,60,0,14-3-29 12:32:24,1
2I27P7LXSU,104.537,30.5016,212742,0,60,0,14-3-29 12:35:24,1
2I27P7LXSU,104.537,30.5016,212742,0,60,0,14-3-29 12:38:24,1
2I27P7LXSU,104.537,30.5016,212742,0,60,0,14-3-29 12:41:24,1
2I27P7LXSU,104.537,30.5016,212742,0,60,0,14-3-29 12:44:24,1
2I27P7LXSU,104.537,30.5016,212742,0,60,0,14-3-29 12:47:24,1
2I27P7LXSU,104.537,30.5016,212742,0,60,0,14-3-29 12:50:24,1
2I27P7LXSU,104.537,30.5016,212742,0,60,0,14-3-29 12:53:24,1
2I27P7LXSU,104.537,30.5016,212742,0,60,0,14-3-29 12:54:54,1
2I27P7LXSU,104.537,30.5016,212742,0,50,0,14-3-29 12:56:24,1
2I27P7LXSU,104.537,30.5016,212742,0,50,0,14-3-29 12:59:24,1
2I27P7LXSU,104.537,30.5016,212742,0,50,0,14-3-29 13:2:24,1
2I27P7LXSU,104.537,30.5016,212742,0,50,0,14-3-29 13:5:24,1
2I27P7LXSU,104.537,30.5016,212742,0,50,0,14-3-29 13:8:24,1
2I27P7LXSU,104.537,30.5016,212742,0,50,0,14-3-29 13:11:24,1
2I27P7LXSU,104.537,30.5016,212742,0,50,0,14-3-29 13:14:24,1
2I27P7LXSU,104.537,30.5016,212742,0,50,0,14-3-29 13:17:24,1
2I27P7LXSU,104.537,30.5016,212742,0,50,0,14-3-29 13:18:54,1
2I27P7LXSU,104.537,30.5016,212742,0,50,0,14-3-29 13:21:54,1
2I27P7LXSU,104.537,30.5016,212742,0,50,0,14-3-29 13:24:54,1
2I27P7LXSU,104.537,30.5016,212742,0,50,0,14-3-29 13:27:54,1
2I27P7LXSU,104.537,30.5016,212742,0,50,0,14-3-29 13:30:54,1
2I27P7LXSU,104.537,30.5016,212742,0,50,0,14-3-29 13:33:54,1
2I27P7LXSU,104.537,30.5016,212742,0,50,0,14-3-29 13:36:54,1
2I27P7LXSU,104.537,30.5016,212742,0,50,0,14-3-29 13:39:54,1
2I27P7LXSU,104.537,30.5016,212742,0,50,0,14-3-29 13:42:54,1
2I27P7LXSU,104.537,30.5016,212742,0,50,0,14-3-29 13:45:54,1
2I27P7LXSU,104.537,30.5016,212742,0,50,0,14-3-29 13:48:54,1
2I27P7LXSU,104.537,30.5016,212742,0,50,0,14-3-29 13:51:54,1
2I27P7LXSU,104.537,30.5016,212742,0,50,0,14-3-29 13:54:54,1
2I27P7LXSU,104.537,30.5016,212742,0,50,0,14-3-29 13:57:54,1
2I27P7LXSU,104.537,30.5016,212742,0,50,0,14-3-29 13:59:25,1
2I27P7LXSU,104.537,30.5016,212742,0,50,0,14-3-29 14:0:54,1
2I27P7LXSU,104.537,30.5016,212742,0,65,0,14-3-29 14:2:24,1
2I27P7LXSU,104.537,30.5016,212742,0,65,0,14-3-29 14:5:25,1
2I27P7LXSU,104.537,30.5016,212742,0,65,0,14-3-29 14:8:25,1
2I27P7LXSU,104.537,30.5016,212742,0,65,0,14-3-29 14:11:25,1
2I27P7LXSU,104.537,30.5016,212742,0,65,0,14-3-29 14:14:25,1
2I27P7LXSU,104.537,30.5016,212742,0,65,0,14-3-29 14:20:25,1
2I27P7LXSU,104.537,30.5016,212742,0,65,0,14-3-29 14:23:25,1
2I27P7LXSU,104.537,30.5016,212742,0,65,0,14-3-29 14:26:25,1
2I27P7LXSU,104.537,30.5016,212742,0,65,0,14-3-29 14:29:25,1
2I27P7LXSU,104.537,30.5016,212742,0,65,0,14-3-29 14:32:25,1
2I27P7LXSU,104.537,30.5016,212742,0,65,0,14-3-29 14:35:25,1
2I27P7LXSU,104.537,30.5016,212742,0,65,0,14-3-29 14:38:24,1
2I27P7LXSU,104.537,30.5016,212742,0,65,0,14-3-29 14:41:24,1
2I27P7LXSU,104.537,30.5016,212742,0,65,0,14-3-29 14:44:24,1
2I27P7LXSU,104.537,30.5016,212742,0,65,0,14-3-29 14:47:24,1
2I27P7LXSU,104.537,30.5016,212742,0,65,0,14-3-29 14:50:24,1
2I27P7LXSU,104.537,30.5016,212742,0,65,0,14-3-29 14:53:24,1
2I27P7LXSU,104.537,30.5016,212742,0,65,0,14-3-29 14:56:24,1
2I27P7LXSU,104.537,30.5016,212742,0,65,0,14-3-29 14:59:24,1
2I27P7LXSU,104.537,30.5016,212742,0,65,0,14-3-29 15:2:24,1
2I27P7LXSU,104.537,30.5016,212742,0,65,0,14-3-29 15:5:24,1
2I27P7LXSU,104.537,30.5016,212742,0,65,0,14-3-29 15:8:24,1
2I27P7LXSU,104.537,30.5016,212742,0,65,0,14-3-29 15:11:24,1
2I27P7LXSU,104.537,30.5016,212742,0,65,0,14-3-29 15:14:24,1
2I27P7LXSU,104.537,30.5016,212742,0,65,0,14-3-29 15:17:24,1
2I27P7LXSU,104.537,30.5016,212742,0,65,0,14-3-29 15:20:24,1
2I27P7LXSU,104.537,30.5016,212742,0,65,0,14-3-29 15:23:24,1
2I27P7LXSU,104.537,30.5016,212742,0,65,0,14-3-29 15:26:24,1
2I27P7LXSU,104.537,30.5016,212742,0,65,0,14-3-29 15:29:24,1
2I27P7LXSU,104.537,30.5016,212742,0,65,0,14-3-29 15:32:24,1
2I27P7LXSU,104.537,30.5016,212742,0,65,0,14-3-29 15:35:24,1
2I27P7LXSU,104.537,30.5016,212742,0,65,0,14-3-29 15:38:24,1
2I27P7LXSU,104.537,30.5016,212742,0,65,0,14-3-29 15:41:24,1
2I27P7LXSU,104.537,30.5016,212742,0,65,0,14-3-29 15:44:24,1
2I27P7LXSU,104.537,30.5016,212742,0,65,0,14-3-29 15:47:24,1
2I27P7LXSU,104.537,30.5016,212742,0,65,0,14-3-29 15:50:24,1
2I27P7LXSU,104.537,30.5016,212742,0,65,0,14-3-29 15:53:24,1
2I27P7LXSU,104.537,30.5016,212742,0,65,0,14-3-29 15:56:24,1
2I27P7LXSU,104.537,30.5016,212742,0,65,0,14-3-29 15:59:24,1
2I27P7LXSU,104.537,30.5016,212742,0,65,0,14-3-29 16:2:24,1
2I27P7LXSU,104.537,30.5016,212742,0,65,0,14-3-29 16:5:24,1
2I27P7LXSU,104.537,30.5016,212742,0,65,0,14-3-29 16:8:24,1
2I27P7LXSU,104.537,30.5016,212742,0,65,0,14-3-29 16:11:24,1
2I27P7LXSU,104.537,30.5016,212742,0,65,0,14-3-29 16:13:38,1
2I27P7LXSU,104.537,30.5016,212742,0,65,0,14-3-29 16:15:7,1
2I27P7LXSU,104.537,30.5016,212742,0,65,0,14-3-29 16:18:7,1
2I27P7LXSU,104.537,30.5016,212742,0,65,0,14-3-29 16:20:21,1
2I27P7LXSU,104.537,30.5016,212742,0,65,0,14-3-29 16:21:50,1
2I27P7LXSU,104.537,30.5017,212742,0,35,0,14-3-29 16:23:20,1
2I27P7LXSU,104.537,30.5017,212742,0,35,0,14-3-29 16:26:20,1
2I27P7LXSU,104.537,30.5017,212742,0,35,0,14-3-29 16:29:20,1
2I27P7LXSU,104.537,30.5017,212742,0,35,0,14-3-29 16:32:20,1
2I27P7LXSU,104.537,30.5017,212742,0,35,0,14-3-29 16:35:20,1
2I27P7LXSU,104.537,30.5017,212742,0,35,0,14-3-29 16:38:20,1
2I27P7LXSU,104.537,30.5017,212742,0,35,0,14-3-29 16:41:20,1
2I27P7LXSU,104.537,30.5017,212742,0,35,0,14-3-29 16:44:20,1
2I27P7LXSU,104.537,30.5017,212742,0,35,0,14-3-29 16:47:20,1
2I27P7LXSU,104.537,30.5017,212742,0,35,0,14-3-29 16:50:20,1
2I27P7LXSU,104.537,30.5017,212742,0,35,0,14-3-29 16:53:20,1
2I27P7LXSU,104.537,30.5017,212742,0,35,0,14-3-29 16:56:20,1
2I27P7LXSU,104.537,30.5017,212742,0,35,0,14-3-29 16:59:21,1
2I27P7LXSU,104.537,30.5017,212742,0,35,0,14-3-29 17:2:21,1
2I27P7LXSU,104.537,30.5017,212742,0,35,0,14-3-29 17:5:21,1
2I27P7LXSU,104.537,30.5017,212742,0,35,0,14-3-29 17:8:21,1
2I27P7LXSU,104.537,30.5017,212742,0,35,0,14-3-29 17:11:21,1
2I27P7LXSU,104.537,30.5017,212742,0,35,0,14-3-29 17:14:21,1
2I27P7LXSU,104.537,30.5017,212742,0,35,0,14-3-29 17:17:20,1
2I27P7LXSU,104.537,30.5017,212742,0,35,0,14-3-29 17:19:34,1
2I27P7LXSU,104.537,30.5017,212742,0,20,0,14-3-29 17:22:34,1
2I27P7LXSU,104.537,30.5017,212742,0,20,0,14-3-29 17:25:34,1
2I27P7LXSU,104.537,30.5017,212742,0,20,0,14-3-29 17:28:34,1
2I27P7LXSU,104.537,30.5017,212742,0,20,0,14-3-29 17:31:34,1
2I27P7LXSU,104.537,30.5017,212742,0,20,0,14-3-29 17:34:34,1
2I27P7LXSU,104.537,30.5017,212742,0,20,0,14-3-29 17:37:34,1
2I27P7LXSU,104.537,30.5017,212742,0,20,0,14-3-29 17:40:34,1
2I27P7LXSU,104.537,30.5017,212742,0,20,0,14-3-29 17:43:34,1
2I27P7LXSU,104.537,30.5017,212742,0,20,0,14-3-29 17:46:34,1
2I27P7LXSU,104.537,30.5017,212742,0,20,0,14-3-29 17:49:34,1
2I27P7LXSU,104.537,30.5017,212742,0,20,0,14-3-29 17:52:34,1
2I27P7LXSU,104.537,30.5017,212742,0,20,0,14-3-29 17:55:34,1
2I27P7LXSU,104.537,30.5017,212742,0,20,0,14-3-29 17:58:34,1
2I27P7LXSU,104.537,30.5017,212742,0,20,0,14-3-29 18:1:34,1
2I27P7LXSU,104.537,30.5017,212742,0,20,0,14-3-29 18:4:34,1
2I27P7LXSU,104.537,30.5017,212742,0,20,0,14-3-29 18:7:34,1
2I27P7LXSU,104.537,30.5017,212742,0,20,0,14-3-29 18:10:34,1
2I27P7LXSU,104.537,30.5017,212742,0,20,0,14-3-29 18:12:38,1
2I27P7LXSU,104.537,30.5016,212742,0,90,0,14-3-29 18:14:8,1
2I27P7LXSU,104.537,30.5011,212742,0,105,0,14-3-29 18:15:38,1
2I27P7LXSU,104.535,30.4988,212745,33,115,0,14-3-29 18:17:8,1
2I27P7LXSU,104.528,30.4946,212753,22,120,0,14-3-29 18:18:38,1
2I27P7LXSU,104.522,30.4912,212760,20,120,0,14-3-29 18:20:8,1
2I27P7LXSU,104.518,30.4904,212763,37,125,0,14-3-29 18:21:38,1
2I27P7LXSU,104.512,30.4903,212769,0,150,0,14-3-29 18:23:8,1
2I27P7LXSU,104.512,30.4903,212769,0,150,0,14-3-29 18:26:8,1
2I27P7LXSU,104.512,30.4903,212769,0,150,0,14-3-29 18:29:8,1
2I27P7LXSU,104.512,30.4903,212769,0,150,0,14-3-29 18:32:8,1
2I27P7LXSU,104.512,30.4903,212769,0,150,0,14-3-29 18:33:44,1
2I27P7LXSU,104.512,30.4903,212769,0,145,0,14-3-29 18:35:13,1
2I27P7LXSU,104.517,30.4875,212774,31,55,0,14-3-29 18:36:43,1
2I27P7LXSU,104.522,30.4833,212782,37,75,0,14-3-29 18:38:13,1
2I27P7LXSU,104.519,30.4782,212788,25,100,0,14-3-29 18:39:43,1
2I27P7LXSU,104.518,30.4758,212791,20,80,0,14-3-29 18:41:13,1
2I27P7LXSU,104.521,30.469,212799,35,65,0,14-3-29 18:42:43,1
2I27P7LXSU,104.526,30.4626,212808,38,65,0,14-3-29 18:44:13,1
2I27P7LXSU,104.529,30.4562,212816,20,55,0,14-3-29 18:45:43,1
2I27P7LXSU,104.532,30.4508,212823,22,85,0,14-3-29 18:47:13,1
2I27P7LXSU,104.528,30.4445,212831,22,90,0,14-3-29 18:48:43,1
2I27P7LXSU,104.524,30.4425,212836,31,120,0,14-3-29 18:50:13,1
2I27P7LXSU,104.523,30.4384,212843,27,95,0,14-3-29 18:51:43,1
2I27P7LXSU,104.519,30.4337,212850,37,75,0,14-3-29 18:53:13,1
2I27P7LXSU,104.522,30.4319,212854,16,65,0,14-3-29 18:54:43,1
2I27P7LXSU,104.523,30.433,212857,25,150,0,14-3-29 18:56:13,1
2I27P7LXSU,104.513,30.436,212867,46,120,0,14-3-29 18:57:43,1
2I27P7LXSU,104.505,30.4294,212878,24,110,0,14-3-29 18:59:13,1
2I27P7LXSU,104.499,30.4249,212885,18,90,0,14-3-29 19:0:43,1
2I27P7LXSU,104.494,30.4264,212891,33,155,0,14-3-29 19:2:13,1
2I27P7LXSU,104.487,30.4296,212898,38,130,0,14-3-29 19:3:43,1
2I27P7LXSU,104.482,30.4291,212904,0,95,0,14-3-29 19:5:13,1
2I27P7LXSU,104.482,30.4291,212904,0,95,0,14-3-29 19:8:13,1
2I27P7LXSU,104.482,30.4291,212904,0,95,0,14-3-29 19:11:13,1
2I27P7LXSU,104.482,30.429,212904,7,10,0,14-3-29 19:12:43,1
2I27P7LXSU,104.482,30.4294,212904,0,5,0,14-3-29 19:14:13,1
2I27P7LXSU,104.485,30.4296,212907,20,40,0,14-3-29 19:15:43,1
2I27P7LXSU,104.491,30.4282,212913,11,65,0,14-3-29 19:17:13,1
2I27P7LXSU,104.492,30.4279,212914,0,70,0,14-3-29 19:20:13,1
2I27P7LXSU,104.492,30.4279,212914,0,70,0,14-3-29 19:23:13,1
2I27P7LXSU,104.492,30.4279,212914,0,70,0,14-3-29 19:26:13,1
2I27P7LXSU,104.492,30.4279,212914,0,70,0,14-3-29 19:29:13,1
2I27P7LXSU,104.492,30.4279,212914,0,70,0,14-3-29 19:32:13,1
2I27P7LXSU,104.492,30.4279,212914,0,70,0,14-3-29 19:35:13,1
2I27P7LXSU,104.492,30.4279,212914,0,70,0,14-3-29 19:38:13,1
2I27P7LXSU,104.492,30.4279,212914,0,70,0,14-3-29 19:41:13,1
2I27P7LXSU,104.492,30.4279,212914,0,70,0,14-3-29 19:44:13,1
2I27P7LXSU,104.492,30.4279,212914,0,70,0,14-3-29 19:47:13,1
2I27P7LXSU,104.492,30.4276,212914,11,70,0,14-3-29 19:48:43,1
2I27P7LXSU,104.496,30.4245,212920,31,35,0,14-3-29 19:50:13,1
2I27P7LXSU,104.499,30.4246,212922,0,50,0,14-3-29 19:53:13,1
2I27P7LXSU,104.499,30.4246,212922,5,45,0,14-3-29 19:54:43,1
2I27P7LXSU,104.501,30.4265,212925,24,20,0,14-3-29 19:56:13,1
2I27P7LXSU,104.508,30.4321,212934,64,20,0,14-3-29 19:57:43,1
2I27P7LXSU,104.523,30.4327,212951,48,60,0,14-3-29 19:59:14,1
2I27P7LXSU,104.53,30.4267,212961,37,95,0,14-3-29 20:0:44,1
2I27P7LXSU,104.53,30.4198,212968,40,85,0,14-3-29 20:2:14,1
2I27P7LXSU,104.537,30.4121,212979,35,60,0,14-3-29 20:3:44,1
2I27P7LXSU,104.544,30.4068,212988,37,60,0,14-3-29 20:5:14,1
2I27P7LXSU,104.551,30.4024,212996,29,60,0,14-3-29 20:6:44,1
2I27P7LXSU,104.558,30.3959,213006,42,70,0,14-3-29 20:8:14,1
2I27P7LXSU,104.561,30.3899,213012,20,90,0,14-3-29 20:9:44,1
2I27P7LXSU,104.562,30.3825,213021,33,75,0,14-3-29 20:11:14,1
2I27P7LXSU,104.566,30.3766,213028,16,70,0,14-3-29 20:12:44,1
2I27P7LXSU,104.571,30.3692,213037,37,75,0,14-3-29 20:14:14,1
2I27P7LXSU,104.577,30.3601,213048,50,70,0,14-3-29 20:15:44,1
2I27P7LXSU,104.583,30.3543,213057,27,80,0,14-3-29 20:17:14,1
2I27P7LXSU,104.588,30.3484,213065,48,55,0,14-3-29 20:18:44,1
2I27P7LXSU,104.596,30.3453,213074,27,35,0,14-3-29 20:20:14,1
2I27P7LXSU,104.604,30.3509,213084,48,20,0,14-3-29 20:21:44,1
2I27P7LXSU,104.617,30.3522,213097,53,60,0,14-3-29 20:23:14,1
2I27P7LXSU,104.63,30.3484,213110,40,40,0,14-3-29 20:24:44,1
2I27P7LXSU,104.639,30.3456,213119,25,40,0,14-3-29 20:26:14,1
2I27P7LXSU,104.644,30.3459,213124,18,45,0,14-3-29 20:27:44,1
2I27P7LXSU,104.653,30.3454,213133,42,45,0,14-3-29 20:29:14,1
2I27P7LXSU,104.662,30.341,213142,20,55,0,14-3-29 20:30:44,1
2I27P7LXSU,104.668,30.3376,213150,38,75,0,14-3-29 20:32:14,1
2I27P7LXSU,104.676,30.3299,213161,55,50,0,14-3-29 20:33:44,1
2I27P7LXSU,104.688,30.3249,213174,53,55,0,14-3-29 20:35:14,1
2I27P7LXSU,104.699,30.3206,213186,51,50,0,14-3-29 20:36:44,1
2I27P7LXSU,104.71,30.3179,213197,46,55,0,14-3-29 20:38:14,1
2I27P7LXSU,104.718,30.3149,213209,42,5,0,14-3-29 20:39:44,1
2I27P7LXSU,104.72,30.3155,213211,12,50,0,14-3-29 20:41:14,1
2I27P7LXSU,104.727,30.3121,213220,50,60,0,14-3-29 20:42:44,1
2I27P7LXSU,104.738,30.3078,213231,50,40,0,14-3-29 20:44:14,1
2I27P7LXSU,104.749,30.3055,213242,37,55,0,14-3-29 20:45:44,1
2I27P7LXSU,104.762,30.304,213255,51,35,0,14-3-29 20:47:14,1
2I27P7LXSU,104.772,30.3081,213266,29,45,0,14-3-29 20:48:44,1
2I27P7LXSU,104.781,30.3051,213276,40,35,0,14-3-29 20:50:14,1
2I27P7LXSU,104.789,30.3028,213283,44,50,0,14-3-29 20:51:44,1
2I27P7LXSU,104.797,30.2998,213292,16,60,0,14-3-29 20:53:14,1
2I27P7LXSU,104.805,30.3016,213300,33,45,0,14-3-29 20:54:44,1
2I27P7LXSU,104.815,30.2987,213312,40,25,0,14-3-29 20:56:14,1
2I27P7LXSU,104.825,30.306,213325,51,40,0,14-3-29 20:57:44,1
2I27P7LXSU,104.835,30.3023,213336,37,40,0,14-3-29 20:59:14,1
2I27P7LXSU,104.844,30.3033,213348,46,80,0,14-3-29 21:0:44,1
2I27P7LXSU,104.851,30.3061,213359,51,5,0,14-3-29 21:2:14,1
2I27P7LXSU,104.859,30.3047,213370,25,55,0,14-3-29 21:3:44,1
2I27P7LXSU,104.864,30.3024,213375,22,70,0,14-3-29 21:5:14,1
2I27P7LXSU,104.869,30.2968,213383,48,45,0,14-3-29 21:6:44,1
2I27P7LXSU,104.873,30.2884,213394,51,95,0,14-3-29 21:8:14,1
2I27P7LXSU,104.875,30.2786,213405,44,75,0,14-3-29 21:9:44,1
2I27P7LXSU,104.884,30.2764,213415,46,50,0,14-3-29 21:11:14,1
2I27P7LXSU,104.894,30.2818,213426,44,40,0,14-3-29 21:12:44,1
2I27P7LXSU,104.904,30.2832,213437,42,30,0,14-3-29 21:14:14,1
2I27P7LXSU,104.915,30.2782,213449,50,55,0,14-3-29 21:15:44,1
2I27P7LXSU,104.926,30.2802,213460,46,35,0,14-3-29 21:17:14,1
2I27P7LXSU,104.936,30.2863,213472,48,40,0,14-3-29 21:18:44,1
2I27P7LXSU,104.947,30.2924,213485,53,45,0,14-3-29 21:20:14,1
2I27P7LXSU,104.955,30.2871,213496,40,40,0,14-3-29 21:21:44,1
2I27P7LXSU,104.966,30.2902,213506,35,15,0,14-3-29 21:23:14,1
2I27P7LXSU,104.975,30.2966,213520,27,175,0,14-3-29 21:26:6,1
2I27P7LXSU,104.975,30.3073,213532,51,175,0,14-3-29 21:27:35,1
2I27P7LXSU,104.974,30.3127,213538,0,165,0,14-3-29 21:29:5,1
2I27P7LXSU,104.974,30.3132,213538,16,165,0,14-3-29 21:30:35,1
2I27P7LXSU,104.972,30.3152,213540,0,170,0,14-3-29 21:31:53,1
2I27P7LXSU,104.972,30.3152,213540,0,170,0,14-3-29 21:34:52,1
2I27P7LXSU,104.972,30.3154,213541,7,170,0,14-3-29 21:36:22,1
2I27P7LXSU,104.972,30.3163,213541,7,165,0,14-3-29 21:37:52,1
2I27P7LXSU,104.975,30.3221,213549,59,20,0,14-3-29 21:39:22,1
2I27P7LXSU,104.991,30.3289,213566,68,40,0,14-3-29 21:40:52,1
2I27P7LXSU,105.007,30.3281,213582,68,35,0,14-3-29 21:42:22,1
2I27P7LXSU,105.053,30.3235,213626,72,45,0,14-3-29 21:46:25,1
2I27P7LXSU,105.069,30.3268,213643,75,35,0,14-3-29 21:47:54,1
2I27P7LXSU,105.088,30.3246,213661,75,50,0,14-3-29 21:49:24,1
2I27P7LXSU,105.11,30.3226,213682,77,40,0,14-3-29 21:50:54,1
2I27P7LXSU,105.129,30.3251,213701,74,30,0,14-3-29 21:52:24,1
2I27P7LXSU,105.146,30.3348,213720,77,30,0,14-3-29 21:53:54,1
2I27P7LXSU,105.165,30.3421,213740,74,30,0,14-3-29 21:55:25,1
2I27P7LXSU,105.181,30.3495,213758,74,30,0,14-3-29 21:56:55,1
2I27P7LXSU,105.197,30.3599,213776,77,30,0,14-3-29 21:58:25,1
2I27P7LXSU,105.214,30.3669,213795,72,40,0,14-3-29 21:59:55,1
2I27P7LXSU,105.232,30.3729,213813,68,30,0,14-3-29 22:1:25,1
2I27P7LXSU,105.249,30.3783,213830,74,25,0,14-3-29 22:2:55,1
2I27P7LXSU,105.264,30.388,213848,70,30,0,14-3-29 22:4:25,1
2I27P7LXSU,105.283,30.3923,213866,81,30,0,14-3-29 22:5:55,1
2I27P7LXSU,105.299,30.4036,213886,74,20,0,14-3-29 22:7:25,1
2I27P7LXSU,105.315,30.413,213905,72,30,0,14-3-29 22:8:55,1
2I27P7LXSU,105.332,30.4214,213924,77,10,0,14-3-29 22:10:25,1
2I27P7LXSU,105.347,30.4306,213942,77,35,0,14-3-29 22:11:55,1
2I27P7LXSU,105.362,30.4386,213960,61,35,0,14-3-29 22:13:24,1
2I27P7LXSU,105.379,30.4454,213977,72,30,0,14-3-29 22:14:54,1
2I27P7LXSU,105.393,30.4524,213993,48,35,0,14-3-29 22:16:24,1
2I27P7LXSU,105.407,30.4633,214011,85,25,0,14-3-29 22:17:54,1
2I27P7LXSU,105.419,30.4733,214027,68,20,0,14-3-29 22:19:24,1
2I27P7LXSU,105.433,30.4842,214045,77,15,0,14-3-29 22:20:54,1
2I27P7LXSU,105.45,30.4898,214062,77,30,0,14-3-29 22:22:24,1
2I27P7LXSU,105.467,30.492,214080,79,50,0,14-3-29 22:23:54,1
2I27P7LXSU,105.486,30.4889,214098,72,55,0,14-3-29 22:25:23,1
2I27P7LXSU,105.505,30.486,214116,75,45,0,14-3-29 22:26:53,1
2I27P7LXSU,105.524,30.4879,214134,72,40,0,14-3-29 22:28:23,1
2I27P7LXSU,105.529,30.4894,214139,0,30,0,14-3-29 22:29:53,1
2I27P7LXSU,105.532,30.4906,214146,31,160,0,14-3-29 22:31:23,1
2I27P7LXSU,105.527,30.5014,214158,62,170,0,14-3-29 22:32:53,1
2I27P7LXSU,105.521,30.516,214176,68,160,0,14-3-29 22:34:23,1
2I27P7LXSU,105.511,30.5274,214191,68,155,0,14-3-29 22:35:53,1
2I27P7LXSU,105.498,30.5405,214210,81,160,0,14-3-29 22:37:23,1
2I27P7LXSU,105.483,30.5523,214229,74,150,0,14-3-29 22:38:53,1
2I27P7LXSU,105.472,30.5656,214248,70,170,0,14-3-29 22:40:23,1
2I27P7LXSU,105.462,30.5768,214263,59,160,0,14-3-29 22:41:53,1
2I27P7LXSU,105.454,30.5889,214279,62,170,0,14-3-29 22:43:23,1
2I27P7LXSU,105.46,30.5996,214292,61,15,0,14-3-29 22:44:53,1
2I27P7LXSU,105.466,30.6139,214309,74,5,0,14-3-29 22:46:23,1
2I27P7LXSU,105.48,30.6244,214328,77,40,0,14-3-29 22:47:53,1
2I27P7LXSU,105.501,30.6252,214348,81,25,0,14-3-29 22:49:24,1
2I27P7LXSU,105.518,30.6295,214366,57,50,0,14-3-29 22:50:53,1
2I27P7LXSU,105.532,30.6228,214385,75,35,0,14-3-29 22:52:24,1
2I27P7LXSU,105.549,30.6291,214403,72,20,0,14-3-29 22:53:54,1
2I27P7LXSU,105.567,30.6355,214421,75,35,0,14-3-29 22:55:24,1
2I27P7LXSU,105.585,30.6395,214439,72,25,0,14-3-29 22:56:54,1
2I27P7LXSU,105.6,30.6458,214455,48,40,0,14-3-29 22:58:23,1
2I27P7LXSU,105.618,30.6498,214473,79,20,0,14-3-29 22:59:54,1
2I27P7LXSU,105.632,30.6608,214492,72,25,0,14-3-29 23:1:24,1
2I27P7LXSU,105.645,30.6716,214509,68,30,0,14-3-29 23:2:54,1
2I27P7LXSU,105.661,30.6744,214525,62,25,0,14-3-29 23:4:24,1
2I27P7LXSU,105.678,30.68,214542,70,40,0,14-3-29 23:5:54,1
2I27P7LXSU,105.694,30.6862,214559,66,35,0,14-3-29 23:7:24,1
2I27P7LXSU,105.711,30.6852,214576,68,60,0,14-3-29 23:8:54,1
2I27P7LXSU,105.728,30.6781,214594,59,25,0,14-3-29 23:10:24,1
2I27P7LXSU,105.745,30.6849,214613,74,35,0,14-3-29 23:11:54,1
2I27P7LXSU,105.76,30.6921,214630,68,35,0,14-3-29 23:13:24,1
2I27P7LXSU,105.776,30.7008,214648,74,25,0,14-3-29 23:14:54,1
2I27P7LXSU,105.787,30.7049,214660,35,20,0,14-3-29 23:16:24,1
2I27P7LXSU,105.795,30.7061,214668,27,45,0,14-3-29 23:17:54,1
2I27P7LXSU,105.805,30.7096,214678,62,30,0,14-3-29 23:19:24,1
2I27P7LXSU,105.822,30.7134,214695,83,40,0,14-3-29 23:20:54,1
2I27P7LXSU,105.844,30.7177,214716,77,30,0,14-3-29 23:22:24,1
2I27P7LXSU,105.862,30.722,214734,57,25,0,14-3-29 23:23:54,1
2I27P7LXSU,105.877,30.7258,214750,51,30,0,14-3-29 23:25:24,1
2I27P7LXSU,105.896,30.7283,214768,85,60,0,14-3-29 23:26:54,1
2I27P7LXSU,105.913,30.7218,214787,57,50,0,14-3-29 23:28:24,1
2I27P7LXSU,105.93,30.7237,214803,72,40,0,14-3-29 23:29:54,1
2I27P7LXSU,105.948,30.7264,214821,75,30,0,14-3-29 23:31:24,1
2I27P7LXSU,105.966,30.7334,214840,72,35,0,14-3-29 23:32:54,1
2I27P7LXSU,105.983,30.7386,214856,64,35,0,14-3-29 23:34:24,1
2I27P7LXSU,105.997,30.7418,214870,53,25,0,14-3-29 23:35:54,1
2I27P7LXSU,106.01,30.7494,214885,77,35,0,14-3-29 23:37:24,1
2I27P7LXSU,106.027,30.7578,214903,81,25,0,14-3-29 23:38:54,1
2I27P7LXSU,106.043,30.7612,214920,68,30,0,14-3-29 23:40:24,1
2I27P7LXSU,106.06,30.7686,214938,74,50,0,14-3-29 23:41:54,1
2I27P7LXSU,106.079,30.764,214957,77,50,0,14-3-29 23:43:24,1
2I27P7LXSU,106.099,30.7594,214976,74,50,0,14-3-29 23:44:54,1
2I27P7LXSU,106.114,30.7627,214992,51,25,0,14-3-29 23:46:24,1
2I27P7LXSU,106.124,30.7669,215002,55,40,0,14-3-29 23:47:54,1
2I27P7LXSU,106.142,30.7671,215019,70,40,0,14-3-29 23:49:24,1
2I27P7LXSU,106.161,30.766,215037,70,55,0,14-3-29 23:50:54,1
2I27P7LXSU,106.18,30.7657,215055,64,35,0,14-3-29 23:52:24,1
2I27P7LXSU,106.195,30.7705,215070,61,35,0,14-3-29 23:53:54,1
2I27P7LXSU,106.213,30.7712,215088,77,45,0,14-3-29 23:55:24,1
2I27P7LXSU,106.233,30.7704,215107,72,40,0,14-3-29 23:56:54,1
2I27P7LXSU,106.251,30.7701,215124,61,40,0,14-3-29 23:58:24,1
