2LPUX7B7SI,123.24,41.7639,7642,0,4,0,14-3-28 17:9:2,1
2LPUX7B7SI,123.24,41.7639,7642,0,4,0,14-3-28 17:9:13,1
2LPUX7B7SI,123.24,41.7639,7642,0,0,0,14-3-28 17:9:25,1
2LPUX7B7SI,123.241,41.7798,7642,0,0,0,14-3-28 17:11:16,1
2LPUX7B7SI,123.241,41.7798,7642,0,0,0,14-3-28 17:13:17,1
2LPUX7B7SI,123.241,41.7798,7642,0,0,0,14-3-28 17:15:19,0
2LPUX7B7SI,123.241,41.7798,7642,0,0,0,14-3-28 17:17:20,0
2LPUX7B7SI,123.241,41.7798,7642,0,0,0,14-3-28 17:19:21,0
2LPUX7B7SI,123.241,41.7798,7642,0,0,0,14-3-28 17:21:22,0
2LPUX7B7SI,123.241,41.7798,7642,0,0,0,14-3-28 17:23:24,0
2LPUX7B7SI,123.241,41.7798,7642,0,0,0,14-3-28 17:25:24,0
2LPUX7B7SI,123.241,41.7798,7642,0,4,0,14-3-28 17:28:12,1
2LPUX7B7SI,123.241,41.7798,7642,0,4,0,14-3-28 17:28:23,1
2LPUX7B7SI,123.241,41.7798,7642,0,4,0,14-3-28 17:28:35,1
2LPUX7B7SI,123.241,41.7798,7642,0,4,0,14-3-28 17:30:36,1
2LPUX7B7SI,123.241,41.7798,7642,0,0,0,14-3-28 17:32:37,1
2LPUX7B7SI,123.241,41.7878,7642,0,65,0,14-3-28 17:34:38,1
2LPUX7B7SI,123.241,41.7878,7642,0,65,0,14-3-28 17:36:39,1
2LPUX7B7SI,123.241,41.7878,7642,0,65,0,14-3-28 17:38:41,1
2LPUX7B7SI,123.242,41.7871,7643,0,45,0,14-3-28 17:40:42,1
2LPUX7B7SI,123.242,41.7871,7643,0,45,0,14-3-28 17:42:43,1
2LPUX7B7SI,123.242,41.7871,7643,0,45,0,14-3-28 17:44:44,1
2LPUX7B7SI,123.242,41.7871,7643,0,45,0,14-3-28 17:46:45,1
2LPUX7B7SI,123.242,41.7871,7643,0,45,0,14-3-28 17:48:46,1
2LPUX7B7SI,123.242,41.7871,7643,0,45,0,14-3-28 17:50:49,1
2LPUX7B7SI,123.242,41.7871,7643,0,45,0,14-3-28 17:52:49,1
2LPUX7B7SI,123.242,41.7871,7643,0,45,0,14-3-28 17:54:50,1
2LPUX7B7SI,123.242,41.7871,7643,0,45,0,14-3-28 17:56:51,1
2LPUX7B7SI,123.242,41.7871,7643,0,45,0,14-3-28 17:58:55,1
2LPUX7B7SI,123.242,41.7871,7643,0,45,0,14-3-28 18:0:56,1
2LPUX7B7SI,123.242,41.7871,7643,0,45,0,14-3-28 18:2:57,1
2LPUX7B7SI,123.242,41.7871,7643,0,45,0,14-3-28 18:4:58,1
2LPUX7B7SI,123.242,41.7871,7643,0,45,0,14-3-28 18:7:0,1
2LPUX7B7SI,123.242,41.7871,7643,0,45,0,14-3-28 18:9:2,1
2LPUX7B7SI,123.242,41.7871,7643,0,45,0,14-3-28 18:11:2,1
2LPUX7B7SI,123.242,41.7871,7643,0,45,0,14-3-28 18:13:3,1
2LPUX7B7SI,123.242,41.7871,7643,0,45,0,14-3-28 18:15:4,1
2LPUX7B7SI,123.242,41.7871,7643,0,45,0,14-3-28 18:17:6,1
2LPUX7B7SI,123.242,41.7871,7643,0,45,0,14-3-28 18:19:7,1
2LPUX7B7SI,123.242,41.7871,7643,0,105,0,14-3-28 18:21:9,1
2LPUX7B7SI,123.242,41.7872,7643,0,5,0,14-3-28 18:23:9,1
2LPUX7B7SI,123.242,41.7872,7643,0,5,0,14-3-28 18:25:11,1
2LPUX7B7SI,123.242,41.7873,7643,0,170,0,14-3-28 18:27:12,1
2LPUX7B7SI,123.242,41.7873,7643,0,170,0,14-3-28 18:29:13,1
2LPUX7B7SI,123.242,41.7873,7643,0,170,0,14-3-28 18:31:14,1
2LPUX7B7SI,123.242,41.7873,7643,0,170,0,14-3-28 18:33:16,1
2LPUX7B7SI,123.242,41.7873,7643,0,170,0,14-3-28 18:35:17,1
2LPUX7B7SI,123.242,41.7873,7643,0,170,0,14-3-28 18:37:18,1
2LPUX7B7SI,123.242,41.7873,7643,0,170,0,14-3-28 18:39:19,1
2LPUX7B7SI,123.242,41.7873,7643,0,0,0,14-3-28 18:41:18,1
2LPUX7B7SI,123.242,41.7873,7643,0,0,0,14-3-28 18:43:19,1
2LPUX7B7SI,123.243,41.7872,7643,0,60,0,14-3-28 18:47:14,1
2LPUX7B7SI,123.243,41.7872,7643,0,60,0,14-3-28 18:49:15,1
2LPUX7B7SI,123.243,41.7874,7644,0,30,0,14-3-28 18:51:17,1
2LPUX7B7SI,123.243,41.7859,7645,0,85,0,14-3-28 18:53:18,1
2LPUX7B7SI,123.243,41.7859,7645,0,85,0,14-3-28 18:55:19,1
2LPUX7B7SI,123.243,41.7859,7645,0,85,0,14-3-28 18:57:19,1
2LPUX7B7SI,123.243,41.7859,7645,0,85,0,14-3-28 18:57:37,1
2LPUX7B7SI,123.243,41.7859,7643,0,4,0,14-3-28 19:27:15,0
2LPUX7B7SI,123.243,41.7859,7643,0,0,0,14-3-28 19:27:37,0
2LPUX7B7SI,123.296,41.7805,7643,0,90,0,14-3-28 19:29:38,1
2LPUX7B7SI,123.296,41.7805,7643,0,90,0,14-3-28 19:31:39,1
2LPUX7B7SI,123.296,41.7805,7643,0,90,0,14-3-28 19:33:40,1
2LPUX7B7SI,123.296,41.7805,7643,0,90,0,14-3-28 19:35:42,1
2LPUX7B7SI,123.296,41.7805,7643,0,90,0,14-3-28 19:37:43,1
2LPUX7B7SI,123.296,41.7805,7643,0,90,0,14-3-28 19:39:44,1
2LPUX7B7SI,123.296,41.7805,7643,0,90,0,14-3-28 19:41:45,1
2LPUX7B7SI,123.296,41.7805,7643,0,90,0,14-3-28 19:43:48,1
2LPUX7B7SI,123.296,41.7805,7643,0,90,0,14-3-28 19:45:48,1
2LPUX7B7SI,123.296,41.7805,7643,0,90,0,14-3-28 19:47:49,1
2LPUX7B7SI,123.296,41.7805,7643,0,90,0,14-3-28 19:49:50,1
2LPUX7B7SI,123.296,41.7805,7643,0,90,0,14-3-28 19:51:51,1
2LPUX7B7SI,123.296,41.7805,7643,0,90,0,14-3-28 19:53:53,1
2LPUX7B7SI,123.296,41.7805,7643,0,90,0,14-3-28 19:55:54,1
2LPUX7B7SI,123.296,41.7805,7643,0,90,0,14-3-28 19:57:55,1
2LPUX7B7SI,123.296,41.7805,7643,0,90,0,14-3-28 19:59:56,1
2LPUX7B7SI,123.296,41.7805,7643,0,90,0,14-3-28 20:1:58,1
2LPUX7B7SI,123.296,41.7805,7643,0,90,0,14-3-28 20:3:59,1
2LPUX7B7SI,123.296,41.7805,7643,0,90,0,14-3-28 20:6:0,1
2LPUX7B7SI,123.296,41.7805,7643,0,90,0,14-3-28 20:8:1,1
2LPUX7B7SI,123.296,41.7805,7643,0,90,0,14-3-28 20:10:2,1
2LPUX7B7SI,123.296,41.7805,7643,0,90,0,14-3-28 20:12:4,1
2LPUX7B7SI,123.296,41.7805,7643,0,90,0,14-3-28 20:14:5,1
2LPUX7B7SI,123.296,41.7805,7643,0,90,0,14-3-28 20:16:6,1
2LPUX7B7SI,123.296,41.7805,7643,0,90,0,14-3-28 20:18:7,1
2LPUX7B7SI,123.296,41.7805,7643,0,90,0,14-3-28 20:20:9,1
2LPUX7B7SI,123.296,41.7805,7643,0,90,0,14-3-28 20:22:10,1
2LPUX7B7SI,123.296,41.7805,7643,0,90,0,14-3-28 20:24:11,1
2LPUX7B7SI,123.296,41.7805,7643,0,90,0,14-3-28 20:26:12,1
2LPUX7B7SI,123.296,41.7805,7643,0,90,0,14-3-28 20:28:14,1
2LPUX7B7SI,123.296,41.7805,7643,0,90,0,14-3-28 20:30:15,1
2LPUX7B7SI,123.296,41.7805,7643,0,90,0,14-3-28 20:32:16,1
2LPUX7B7SI,123.296,41.7805,7643,0,90,0,14-3-28 20:34:17,1
2LPUX7B7SI,123.296,41.7805,7643,0,90,0,14-3-28 20:36:19,1
2LPUX7B7SI,123.296,41.7805,7643,0,90,0,14-3-28 20:38:20,1
2LPUX7B7SI,123.296,41.7805,7643,0,90,0,14-3-28 20:40:21,1
2LPUX7B7SI,123.296,41.7805,7643,0,90,0,14-3-28 20:42:22,1
2LPUX7B7SI,123.296,41.7805,7643,0,90,0,14-3-28 20:44:24,1
2LPUX7B7SI,123.296,41.7805,7643,0,90,0,14-3-28 20:46:25,1
2LPUX7B7SI,123.296,41.7805,7643,0,90,0,14-3-28 20:48:26,1
2LPUX7B7SI,123.296,41.7805,7643,0,90,0,14-3-28 20:50:27,1
2LPUX7B7SI,123.296,41.7805,7643,0,90,0,14-3-28 20:52:29,1
2LPUX7B7SI,123.296,41.7805,7643,0,90,0,14-3-28 20:54:30,1
2LPUX7B7SI,123.296,41.7805,7643,0,90,0,14-3-28 20:56:31,1
2LPUX7B7SI,123.296,41.7805,7643,0,90,0,14-3-28 20:58:32,1
2LPUX7B7SI,123.296,41.7805,7643,0,90,0,14-3-28 21:0:34,1
2LPUX7B7SI,123.296,41.7805,7643,0,90,0,14-3-28 21:2:35,1
2LPUX7B7SI,123.296,41.7805,7643,0,90,0,14-3-28 21:4:36,1
2LPUX7B7SI,123.296,41.7805,7643,0,90,0,14-3-28 21:6:37,1
2LPUX7B7SI,123.296,41.7805,7643,0,90,0,14-3-28 21:8:39,1
2LPUX7B7SI,123.296,41.7805,7643,0,90,0,14-3-28 21:10:40,1
2LPUX7B7SI,123.296,41.7805,7643,0,90,0,14-3-28 21:12:41,1
2LPUX7B7SI,123.296,41.7805,7643,0,90,0,14-3-28 21:14:43,1
2LPUX7B7SI,123.296,41.7805,7643,0,90,0,14-3-28 21:16:44,1
2LPUX7B7SI,123.296,41.7805,7643,0,90,0,14-3-28 21:18:45,1
2LPUX7B7SI,123.296,41.7805,7643,0,90,0,14-3-28 21:20:46,1
2LPUX7B7SI,123.296,41.7805,7643,0,90,0,14-3-28 21:22:48,1
2LPUX7B7SI,123.296,41.7805,7643,0,90,0,14-3-28 21:24:49,1
2LPUX7B7SI,123.296,41.7805,7643,0,90,0,14-3-28 21:26:50,1
2LPUX7B7SI,123.296,41.7805,7643,0,90,0,14-3-28 21:28:51,1
2LPUX7B7SI,123.296,41.7805,7643,0,90,0,14-3-28 21:30:52,1
2LPUX7B7SI,123.296,41.7805,7643,0,90,0,14-3-28 21:32:54,1
2LPUX7B7SI,123.296,41.7805,7643,0,90,0,14-3-28 21:34:55,1
2LPUX7B7SI,123.296,41.7805,7643,0,90,0,14-3-28 21:36:56,1
2LPUX7B7SI,123.296,41.7805,7643,0,90,0,14-3-28 21:38:57,1
2LPUX7B7SI,123.296,41.7805,7643,0,90,0,14-3-28 21:40:59,1
2LPUX7B7SI,123.296,41.7805,7643,0,90,0,14-3-28 21:43:0,1
2LPUX7B7SI,123.296,41.7805,7643,0,90,0,14-3-28 21:45:1,1
2LPUX7B7SI,123.296,41.7805,7643,0,90,0,14-3-28 21:47:2,1
2LPUX7B7SI,123.296,41.7805,7643,0,90,0,14-3-28 21:49:4,1
2LPUX7B7SI,123.296,41.7805,7643,0,90,0,14-3-28 21:51:5,1
2LPUX7B7SI,123.296,41.7805,7643,0,90,0,14-3-28 21:53:6,1
2LPUX7B7SI,123.296,41.7805,7643,0,90,0,14-3-28 21:55:9,1
2LPUX7B7SI,123.296,41.7805,7643,0,90,0,14-3-28 21:57:9,1
2LPUX7B7SI,123.296,41.7805,7643,0,90,0,14-3-28 21:59:10,1
2LPUX7B7SI,123.296,41.7805,7643,0,90,0,14-3-28 22:1:11,1
2LPUX7B7SI,123.296,41.7805,7643,0,90,0,14-3-28 22:3:14,1
2LPUX7B7SI,123.296,41.7805,7643,0,90,0,14-3-28 22:5:14,1
2LPUX7B7SI,123.296,41.7805,7643,0,90,0,14-3-28 22:7:15,1
2LPUX7B7SI,123.296,41.7805,7643,0,90,0,14-3-28 22:9:16,1
2LPUX7B7SI,123.296,41.7805,7643,0,90,0,14-3-28 22:11:17,1
2LPUX7B7SI,123.296,41.7805,7643,0,90,0,14-3-28 22:13:19,1
2LPUX7B7SI,123.296,41.7805,7643,0,90,0,14-3-28 22:15:20,1
2LPUX7B7SI,123.296,41.7805,7643,0,90,0,14-3-28 22:17:21,1
2LPUX7B7SI,123.296,41.7805,7643,0,90,0,14-3-28 22:19:22,1
2LPUX7B7SI,123.296,41.7805,7643,0,90,0,14-3-28 22:21:24,1
2LPUX7B7SI,123.296,41.7805,7643,0,90,0,14-3-28 22:23:25,1
2LPUX7B7SI,123.296,41.7805,7643,0,90,0,14-3-28 22:25:26,1
2LPUX7B7SI,123.296,41.7805,7643,0,90,0,14-3-28 22:27:27,1
2LPUX7B7SI,123.296,41.7805,7643,0,90,0,14-3-28 22:29:29,1
2LPUX7B7SI,123.296,41.7805,7643,0,90,0,14-3-28 22:31:30,1
2LPUX7B7SI,123.296,41.7805,7643,0,90,0,14-3-28 22:33:31,1
2LPUX7B7SI,123.296,41.7805,7643,0,90,0,14-3-28 22:35:34,1
2LPUX7B7SI,123.296,41.7805,7643,0,90,0,14-3-28 22:37:34,1
2LPUX7B7SI,123.296,41.7805,7643,0,90,0,14-3-28 22:39:35,1
2LPUX7B7SI,123.296,41.7805,7643,0,90,0,14-3-28 22:41:36,1
2LPUX7B7SI,123.296,41.7805,7643,0,90,0,14-3-28 22:43:39,1
2LPUX7B7SI,123.296,41.7805,7643,0,90,0,14-3-28 22:45:39,1
2LPUX7B7SI,123.296,41.7805,7643,0,90,0,14-3-28 22:47:40,1
2LPUX7B7SI,123.296,41.7805,7643,0,90,0,14-3-28 22:49:41,1
2LPUX7B7SI,123.296,41.7805,7643,0,90,0,14-3-28 22:51:42,1
2LPUX7B7SI,123.296,41.7805,7643,0,90,0,14-3-28 22:53:44,1
2LPUX7B7SI,123.296,41.7805,7643,0,90,0,14-3-28 22:55:45,1
2LPUX7B7SI,123.296,41.7805,7643,0,90,0,14-3-28 22:57:46,1
2LPUX7B7SI,123.296,41.7805,7643,0,90,0,14-3-28 22:59:47,1
2LPUX7B7SI,123.296,41.7805,7643,0,90,0,14-3-28 23:1:49,1
2LPUX7B7SI,123.296,41.7805,7643,0,90,0,14-3-28 23:3:50,1
2LPUX7B7SI,123.296,41.7805,7643,0,90,0,14-3-28 23:5:51,1
2LPUX7B7SI,123.296,41.7805,7643,0,90,0,14-3-28 23:7:54,1
2LPUX7B7SI,123.296,41.7805,7643,0,90,0,14-3-28 23:9:54,1
2LPUX7B7SI,123.296,41.7805,7643,0,90,0,14-3-28 23:11:55,1
2LPUX7B7SI,123.296,41.7805,7643,0,90,0,14-3-28 23:13:56,1
2LPUX7B7SI,123.296,41.7805,7643,0,90,0,14-3-28 23:15:57,1
2LPUX7B7SI,123.296,41.7805,7643,0,90,0,14-3-28 23:17:59,1
2LPUX7B7SI,123.296,41.7805,7643,0,90,0,14-3-28 23:20:0,1
2LPUX7B7SI,123.296,41.7805,7643,0,90,0,14-3-28 23:22:1,1
2LPUX7B7SI,123.296,41.7805,7643,0,90,0,14-3-28 23:24:2,1
2LPUX7B7SI,123.296,41.7805,7643,0,90,0,14-3-28 23:26:5,1
2LPUX7B7SI,123.296,41.7805,7643,0,90,0,14-3-28 23:28:5,1
2LPUX7B7SI,123.296,41.7805,7643,0,90,0,14-3-28 23:30:6,1
2LPUX7B7SI,123.296,41.7805,7643,0,90,0,14-3-28 23:32:7,1
2LPUX7B7SI,123.296,41.7805,7643,0,90,0,14-3-28 23:34:8,1
2LPUX7B7SI,123.296,41.7805,7643,0,90,0,14-3-28 23:36:10,1
2LPUX7B7SI,123.296,41.7805,7643,0,90,0,14-3-28 23:38:11,1
2LPUX7B7SI,123.296,41.7805,7643,0,90,0,14-3-28 23:40:12,1
2LPUX7B7SI,123.296,41.7805,7643,0,90,0,14-3-28 23:42:15,1
2LPUX7B7SI,123.296,41.7805,7643,0,90,0,14-3-28 23:44:15,1
2LPUX7B7SI,123.296,41.7805,7643,0,90,0,14-3-28 23:46:16,1
2LPUX7B7SI,123.296,41.7805,7643,0,90,0,14-3-28 23:48:17,1
2LPUX7B7SI,123.296,41.7805,7643,0,90,0,14-3-28 23:50:18,1
2LPUX7B7SI,123.296,41.7805,7643,0,90,0,14-3-28 23:52:20,1
2LPUX7B7SI,123.296,41.7805,7643,0,90,0,14-3-28 23:54:21,1
2LPUX7B7SI,123.296,41.7805,7643,0,90,0,14-3-28 23:56:22,1
2LPUX7B7SI,123.296,41.7805,7643,0,90,0,14-3-28 23:58:23,1
2LPUX7B7SI,123.296,41.7805,7643,0,90,0,14-3-29 0:0:25,1
2LPUX7B7SI,123.296,41.7805,7643,0,90,0,14-3-29 0:2:26,1
2LPUX7B7SI,123.296,41.7805,7643,0,90,0,14-3-29 0:4:27,1
2LPUX7B7SI,123.296,41.7805,7643,0,90,0,14-3-29 0:6:28,1
2LPUX7B7SI,123.296,41.7805,7643,0,90,0,14-3-29 0:8:31,1
2LPUX7B7SI,123.296,41.7805,7643,0,90,0,14-3-29 0:10:31,1
2LPUX7B7SI,123.296,41.7805,7643,0,90,0,14-3-29 0:12:32,1
2LPUX7B7SI,123.296,41.7805,7643,0,90,0,14-3-29 0:14:33,1
2LPUX7B7SI,123.296,41.7805,7643,0,90,0,14-3-29 0:16:35,1
2LPUX7B7SI,123.296,41.7805,7643,0,90,0,14-3-29 0:18:36,1
2LPUX7B7SI,123.296,41.7805,7643,0,90,0,14-3-29 0:20:37,1
2LPUX7B7SI,123.296,41.7805,7643,0,90,0,14-3-29 0:22:38,1
2LPUX7B7SI,123.296,41.7805,7643,0,90,0,14-3-29 0:24:41,1
2LPUX7B7SI,123.296,41.7805,7643,0,90,0,14-3-29 0:26:41,1
2LPUX7B7SI,123.296,41.7805,7643,0,90,0,14-3-29 0:28:42,1
2LPUX7B7SI,123.296,41.7805,7643,0,90,0,14-3-29 0:30:43,1
2LPUX7B7SI,123.296,41.7805,7643,0,90,0,14-3-29 0:32:44,1
2LPUX7B7SI,123.296,41.7805,7643,0,90,0,14-3-29 0:34:46,1
2LPUX7B7SI,123.296,41.7805,7643,0,90,0,14-3-29 0:36:47,1
2LPUX7B7SI,123.296,41.7805,7643,0,90,0,14-3-29 0:38:48,1
2LPUX7B7SI,123.296,41.7805,7643,0,90,0,14-3-29 0:40:49,1
2LPUX7B7SI,123.296,41.7805,7643,0,90,0,14-3-29 0:42:51,1
2LPUX7B7SI,123.296,41.7805,7643,0,90,0,14-3-29 0:44:52,1
2LPUX7B7SI,123.296,41.7805,7643,0,90,0,14-3-29 0:46:53,1
2LPUX7B7SI,123.296,41.7805,7643,0,90,0,14-3-29 0:48:54,1
2LPUX7B7SI,123.296,41.7805,7643,0,90,0,14-3-29 0:50:56,1
2LPUX7B7SI,123.296,41.7805,7643,0,90,0,14-3-29 0:52:57,1
2LPUX7B7SI,123.296,41.7805,7643,0,90,0,14-3-29 0:54:58,1
2LPUX7B7SI,123.296,41.7805,7643,0,90,0,14-3-29 0:56:59,1
2LPUX7B7SI,123.296,41.7805,7643,0,90,0,14-3-29 0:59:1,1
2LPUX7B7SI,123.296,41.7805,7643,0,90,0,14-3-29 1:1:2,1
2LPUX7B7SI,123.296,41.7805,7643,0,90,0,14-3-29 1:3:3,1
2LPUX7B7SI,123.296,41.7805,7643,0,90,0,14-3-29 1:5:4,1
2LPUX7B7SI,123.296,41.7805,7643,0,90,0,14-3-29 1:7:5,1
2LPUX7B7SI,123.296,41.7805,7643,0,90,0,14-3-29 1:9:7,1
2LPUX7B7SI,123.296,41.7805,7643,0,90,0,14-3-29 1:11:8,1
2LPUX7B7SI,123.296,41.7805,7643,0,90,0,14-3-29 1:13:9,1
2LPUX7B7SI,123.296,41.7805,7643,0,90,0,14-3-29 1:15:10,1
2LPUX7B7SI,123.296,41.7805,7643,0,90,0,14-3-29 1:17:12,1
2LPUX7B7SI,123.296,41.7805,7643,0,90,0,14-3-29 1:19:13,1
2LPUX7B7SI,123.296,41.7805,7643,0,90,0,14-3-29 1:21:14,1
2LPUX7B7SI,123.296,41.7805,7643,0,90,0,14-3-29 1:23:15,1
2LPUX7B7SI,123.296,41.7805,7643,0,90,0,14-3-29 1:25:17,1
2LPUX7B7SI,123.296,41.7805,7643,0,90,0,14-3-29 1:27:18,1
2LPUX7B7SI,123.296,41.7805,7643,0,90,0,14-3-29 1:29:19,1
2LPUX7B7SI,123.296,41.7805,7643,0,90,0,14-3-29 1:31:20,1
2LPUX7B7SI,123.296,41.7805,7643,0,90,0,14-3-29 1:33:21,1
2LPUX7B7SI,123.296,41.7805,7643,0,90,0,14-3-29 1:35:23,1
2LPUX7B7SI,123.296,41.7805,7643,0,90,0,14-3-29 1:37:24,1
2LPUX7B7SI,123.296,41.7805,7643,0,90,0,14-3-29 1:39:25,1
2LPUX7B7SI,123.296,41.7805,7643,0,90,0,14-3-29 1:41:26,1
2LPUX7B7SI,123.296,41.7805,7643,0,90,0,14-3-29 1:43:28,1
2LPUX7B7SI,123.296,41.7805,7643,0,90,0,14-3-29 1:45:29,1
2LPUX7B7SI,123.296,41.7805,7643,0,90,0,14-3-29 1:47:30,1
2LPUX7B7SI,123.296,41.7805,7643,0,90,0,14-3-29 1:49:31,1
2LPUX7B7SI,123.296,41.7805,7643,0,90,0,14-3-29 1:51:33,1
2LPUX7B7SI,123.296,41.7805,7643,0,90,0,14-3-29 1:53:34,1
2LPUX7B7SI,123.296,41.7805,7643,0,90,0,14-3-29 1:55:35,1
2LPUX7B7SI,123.296,41.7805,7643,0,90,0,14-3-29 1:57:36,1
2LPUX7B7SI,123.296,41.7805,7643,0,90,0,14-3-29 1:59:38,1
2LPUX7B7SI,123.296,41.7805,7643,0,90,0,14-3-29 2:1:39,1
2LPUX7B7SI,123.296,41.7805,7643,0,90,0,14-3-29 2:3:40,1
2LPUX7B7SI,123.296,41.7805,7643,0,90,0,14-3-29 2:5:41,1
2LPUX7B7SI,123.296,41.7805,7643,0,90,0,14-3-29 2:7:42,1
2LPUX7B7SI,123.296,41.7805,7643,0,90,0,14-3-29 2:9:44,1
2LPUX7B7SI,123.296,41.7805,7643,0,90,0,14-3-29 2:11:45,1
2LPUX7B7SI,123.296,41.7805,7643,0,90,0,14-3-29 2:13:47,1
2LPUX7B7SI,123.296,41.7805,7643,0,90,0,14-3-29 2:15:47,1
2LPUX7B7SI,123.296,41.7805,7643,0,90,0,14-3-29 2:17:49,1
2LPUX7B7SI,123.296,41.7805,7643,0,90,0,14-3-29 2:19:50,1
2LPUX7B7SI,123.296,41.7805,7643,0,90,0,14-3-29 2:21:51,1
2LPUX7B7SI,123.296,41.7805,7643,0,90,0,14-3-29 2:23:52,1
2LPUX7B7SI,123.296,41.7805,7643,0,90,0,14-3-29 2:25:54,1
2LPUX7B7SI,123.296,41.7805,7643,0,90,0,14-3-29 2:27:55,1
2LPUX7B7SI,123.296,41.7805,7643,0,90,0,14-3-29 2:29:56,1
2LPUX7B7SI,123.296,41.7805,7643,0,90,0,14-3-29 2:31:57,1
2LPUX7B7SI,123.296,41.7805,7643,0,90,0,14-3-29 2:33:59,1
2LPUX7B7SI,123.296,41.7805,7643,0,90,0,14-3-29 2:36:1,1
2LPUX7B7SI,123.296,41.7805,7643,0,90,0,14-3-29 2:38:1,1
2LPUX7B7SI,123.296,41.7805,7643,0,90,0,14-3-29 2:40:2,1
2LPUX7B7SI,123.296,41.7805,7643,0,90,0,14-3-29 2:42:3,1
2LPUX7B7SI,123.296,41.7805,7643,0,90,0,14-3-29 2:44:6,1
2LPUX7B7SI,123.296,41.7805,7643,0,90,0,14-3-29 2:46:6,1
2LPUX7B7SI,123.296,41.7805,7643,0,90,0,14-3-29 2:48:7,1
2LPUX7B7SI,123.296,41.7805,7643,0,90,0,14-3-29 2:50:8,1
2LPUX7B7SI,123.296,41.7805,7643,0,90,0,14-3-29 2:52:11,1
2LPUX7B7SI,123.296,41.7805,7643,0,90,0,14-3-29 2:54:11,1
2LPUX7B7SI,123.296,41.7805,7643,0,90,0,14-3-29 2:56:12,1
2LPUX7B7SI,123.296,41.7805,7643,0,90,0,14-3-29 2:58:13,1
2LPUX7B7SI,123.296,41.7805,7643,0,90,0,14-3-29 3:0:15,1
2LPUX7B7SI,123.296,41.7805,7643,0,90,0,14-3-29 3:2:16,1
2LPUX7B7SI,123.296,41.7805,7643,0,90,0,14-3-29 3:4:17,1
2LPUX7B7SI,123.296,41.7805,7643,0,90,0,14-3-29 3:6:18,1
2LPUX7B7SI,123.296,41.7805,7643,0,90,0,14-3-29 3:8:19,1
2LPUX7B7SI,123.296,41.7805,7643,0,90,0,14-3-29 3:10:21,1
2LPUX7B7SI,123.296,41.7805,7643,0,90,0,14-3-29 3:12:22,1
2LPUX7B7SI,123.296,41.7805,7643,0,90,0,14-3-29 3:14:23,1
2LPUX7B7SI,123.296,41.7805,7643,0,90,0,14-3-29 3:16:24,1
2LPUX7B7SI,123.296,41.7805,7643,0,90,0,14-3-29 3:18:26,1
2LPUX7B7SI,123.296,41.7805,7643,0,90,0,14-3-29 3:20:28,1
2LPUX7B7SI,123.296,41.7805,7643,0,90,0,14-3-29 3:22:28,1
2LPUX7B7SI,123.296,41.7805,7643,0,90,0,14-3-29 3:24:29,1
2LPUX7B7SI,123.296,41.7805,7643,0,90,0,14-3-29 3:26:30,1
2LPUX7B7SI,123.296,41.7805,7643,0,90,0,14-3-29 3:28:32,1
2LPUX7B7SI,123.296,41.7805,7643,0,90,0,14-3-29 3:30:33,1
2LPUX7B7SI,123.296,41.7805,7643,0,90,0,14-3-29 3:32:34,1
2LPUX7B7SI,123.296,41.7805,7643,0,90,0,14-3-29 3:34:35,1
2LPUX7B7SI,123.296,41.7805,7643,0,90,0,14-3-29 3:36:36,1
2LPUX7B7SI,123.296,41.7805,7643,0,90,0,14-3-29 3:38:38,1
2LPUX7B7SI,123.296,41.7805,7643,0,90,0,14-3-29 3:40:39,1
2LPUX7B7SI,123.296,41.7805,7643,0,90,0,14-3-29 3:42:40,1
2LPUX7B7SI,123.296,41.7805,7643,0,90,0,14-3-29 3:44:41,1
2LPUX7B7SI,123.296,41.7805,7643,0,90,0,14-3-29 3:46:44,1
2LPUX7B7SI,123.296,41.7805,7643,0,90,0,14-3-29 3:48:44,1
2LPUX7B7SI,123.296,41.7805,7643,0,90,0,14-3-29 3:50:45,1
2LPUX7B7SI,123.296,41.7805,7643,0,90,0,14-3-29 3:52:46,1
2LPUX7B7SI,123.296,41.7805,7643,0,90,0,14-3-29 3:54:49,1
2LPUX7B7SI,123.296,41.7805,7643,0,90,0,14-3-29 3:56:49,1
2LPUX7B7SI,123.296,41.7805,7643,0,90,0,14-3-29 3:58:50,1
2LPUX7B7SI,123.296,41.7805,7643,0,90,0,14-3-29 4:0:52,1
2LPUX7B7SI,123.296,41.7805,7643,0,90,0,14-3-29 4:2:52,1
2LPUX7B7SI,123.296,41.7805,7643,0,90,0,14-3-29 4:4:54,1
2LPUX7B7SI,123.296,41.7805,7643,0,90,0,14-3-29 4:6:55,1
2LPUX7B7SI,123.296,41.7805,7643,0,90,0,14-3-29 4:8:56,1
2LPUX7B7SI,123.296,41.7805,7643,0,90,0,14-3-29 4:10:57,1
2LPUX7B7SI,123.296,41.7805,7643,0,90,0,14-3-29 4:12:59,1
2LPUX7B7SI,123.296,41.7805,7643,0,90,0,14-3-29 4:15:0,1
2LPUX7B7SI,123.296,41.7805,7643,0,90,0,14-3-29 4:17:1,1
2LPUX7B7SI,123.296,41.7805,7643,0,90,0,14-3-29 4:19:2,1
2LPUX7B7SI,123.296,41.7805,7643,0,90,0,14-3-29 4:21:3,1
2LPUX7B7SI,123.296,41.7805,7643,0,90,0,14-3-29 4:23:5,1
2LPUX7B7SI,123.296,41.7805,7643,0,90,0,14-3-29 4:25:6,1
2LPUX7B7SI,123.296,41.7805,7643,0,90,0,14-3-29 4:27:7,1
2LPUX7B7SI,123.296,41.7805,7643,0,90,0,14-3-29 4:29:8,1
2LPUX7B7SI,123.296,41.7805,7643,0,90,0,14-3-29 4:31:11,1
2LPUX7B7SI,123.296,41.7805,7643,0,90,0,14-3-29 4:33:11,1
2LPUX7B7SI,123.296,41.7805,7643,0,90,0,14-3-29 4:35:12,1
2LPUX7B7SI,123.296,41.7805,7643,0,90,0,14-3-29 4:37:13,1
2LPUX7B7SI,123.296,41.7805,7643,0,90,0,14-3-29 4:39:14,1
2LPUX7B7SI,123.296,41.7805,7643,0,90,0,14-3-29 4:41:17,1
2LPUX7B7SI,123.296,41.7805,7643,0,90,0,14-3-29 4:43:17,1
2LPUX7B7SI,123.296,41.7805,7643,0,90,0,14-3-29 4:45:18,1
2LPUX7B7SI,123.296,41.7805,7643,0,90,0,14-3-29 4:47:19,1
2LPUX7B7SI,123.296,41.7805,7643,0,90,0,14-3-29 4:49:22,1
2LPUX7B7SI,123.296,41.7805,7643,0,90,0,14-3-29 4:51:22,1
2LPUX7B7SI,123.296,41.7805,7643,0,90,0,14-3-29 4:53:23,1
2LPUX7B7SI,123.296,41.7805,7643,0,90,0,14-3-29 4:55:24,1
2LPUX7B7SI,123.296,41.7805,7643,0,90,0,14-3-29 4:57:25,1
2LPUX7B7SI,123.296,41.7805,7643,0,90,0,14-3-29 4:59:27,1
2LPUX7B7SI,123.296,41.7805,7643,0,90,0,14-3-29 5:1:28,1
2LPUX7B7SI,123.296,41.7805,7643,0,90,0,14-3-29 5:3:29,1
2LPUX7B7SI,123.296,41.7805,7643,0,90,0,14-3-29 5:5:30,1
2LPUX7B7SI,123.296,41.7805,7643,0,90,0,14-3-29 5:7:32,1
2LPUX7B7SI,123.296,41.7805,7643,0,90,0,14-3-29 5:9:33,1
2LPUX7B7SI,123.296,41.7805,7643,0,90,0,14-3-29 5:11:34,1
2LPUX7B7SI,123.296,41.7805,7643,0,90,0,14-3-29 5:13:35,1
2LPUX7B7SI,123.296,41.7805,7643,0,90,0,14-3-29 5:15:37,1
2LPUX7B7SI,123.296,41.7805,7643,0,90,0,14-3-29 5:17:38,1
2LPUX7B7SI,123.296,41.7805,7643,0,90,0,14-3-29 5:19:39,1
2LPUX7B7SI,123.296,41.7805,7643,0,90,0,14-3-29 5:21:40,1
2LPUX7B7SI,123.296,41.7805,7643,0,90,0,14-3-29 5:23:41,1
2LPUX7B7SI,123.296,41.7805,7643,0,90,0,14-3-29 5:25:43,1
2LPUX7B7SI,123.296,41.7805,7643,0,90,0,14-3-29 5:27:44,1
2LPUX7B7SI,123.296,41.7805,7643,0,90,0,14-3-29 5:29:45,1
2LPUX7B7SI,123.296,41.7805,7643,0,90,0,14-3-29 5:31:46,1
2LPUX7B7SI,123.296,41.7805,7643,0,90,0,14-3-29 5:33:47,1
2LPUX7B7SI,123.296,41.7805,7643,0,90,0,14-3-29 5:35:49,1
2LPUX7B7SI,123.296,41.7805,7643,0,90,0,14-3-29 5:37:50,1
2LPUX7B7SI,123.296,41.7805,7643,0,90,0,14-3-29 5:39:51,1
2LPUX7B7SI,123.296,41.7805,7643,0,90,0,14-3-29 5:41:52,1
2LPUX7B7SI,123.296,41.7805,7643,0,90,0,14-3-29 5:43:54,1
2LPUX7B7SI,123.296,41.7805,7643,0,90,0,14-3-29 5:45:55,1
2LPUX7B7SI,123.296,41.7805,7643,0,90,0,14-3-29 5:47:56,1
2LPUX7B7SI,123.296,41.7805,7643,0,90,0,14-3-29 5:49:57,1
2LPUX7B7SI,123.296,41.7805,7643,0,90,0,14-3-29 5:51:58,1
2LPUX7B7SI,123.296,41.7805,7643,0,90,0,14-3-29 5:54:0,1
2LPUX7B7SI,123.296,41.7805,7643,0,90,0,14-3-29 5:56:1,1
2LPUX7B7SI,123.296,41.7805,7643,0,90,0,14-3-29 5:58:2,1
2LPUX7B7SI,123.296,41.7805,7643,0,90,0,14-3-29 6:0:3,1
2LPUX7B7SI,123.296,41.7805,7643,0,90,0,14-3-29 6:2:5,1
2LPUX7B7SI,123.296,41.7805,7643,0,90,0,14-3-29 6:4:6,1
2LPUX7B7SI,123.296,41.7805,7643,0,90,0,14-3-29 6:6:7,1
2LPUX7B7SI,123.296,41.7805,7643,0,90,0,14-3-29 6:8:8,1
2LPUX7B7SI,123.296,41.7805,7643,0,90,0,14-3-29 6:10:10,1
2LPUX7B7SI,123.296,41.7805,7643,0,90,0,14-3-29 6:12:11,1
2LPUX7B7SI,123.296,41.7805,7643,0,90,0,14-3-29 6:14:12,1
2LPUX7B7SI,123.296,41.7805,7643,0,90,0,14-3-29 6:16:13,1
2LPUX7B7SI,123.296,41.7805,7643,0,90,0,14-3-29 6:18:14,1
2LPUX7B7SI,123.296,41.7805,7643,0,90,0,14-3-29 6:20:16,1
2LPUX7B7SI,123.296,41.7805,7643,0,90,0,14-3-29 6:22:17,1
2LPUX7B7SI,123.296,41.7805,7643,0,90,0,14-3-29 6:24:18,1
2LPUX7B7SI,123.296,41.7805,7643,0,90,0,14-3-29 6:26:19,1
2LPUX7B7SI,123.296,41.7805,7643,0,90,0,14-3-29 6:28:23,1
2LPUX7B7SI,123.296,41.7805,7643,0,90,0,14-3-29 6:30:25,1
2LPUX7B7SI,123.296,41.7805,7643,0,90,0,14-3-29 6:32:25,1
2LPUX7B7SI,123.296,41.7805,7643,0,90,0,14-3-29 6:34:26,1
2LPUX7B7SI,123.296,41.7805,7643,0,90,0,14-3-29 6:36:27,1
2LPUX7B7SI,123.296,41.7805,7643,0,90,0,14-3-29 6:38:30,1
2LPUX7B7SI,123.296,41.7805,7643,0,90,0,14-3-29 6:40:30,1
2LPUX7B7SI,123.296,41.7805,7643,0,90,0,14-3-29 6:42:31,1
2LPUX7B7SI,123.296,41.7805,7643,0,90,0,14-3-29 6:44:32,1
2LPUX7B7SI,123.296,41.7805,7643,0,90,0,14-3-29 6:46:33,1
2LPUX7B7SI,123.296,41.78,7644,0,75,0,14-3-29 6:49:41,1
2LPUX7B7SI,123.296,41.78,7644,0,75,0,14-3-29 6:49:50,1
2LPUX7B7SI,123.296,41.78,7643,0,4,0,14-3-29 7:21:39,0
2LPUX7B7SI,123.296,41.78,7643,0,4,0,14-3-29 7:21:50,0
2LPUX7B7SI,123.296,41.78,7643,0,0,0,14-3-29 7:22:6,0
2LPUX7B7SI,123.296,41.7805,7643,0,80,0,14-3-29 7:24:6,1
2LPUX7B7SI,123.296,41.7805,7643,0,80,0,14-3-29 7:26:8,1
2LPUX7B7SI,123.296,41.7805,7643,0,80,0,14-3-29 7:28:9,1
2LPUX7B7SI,123.296,41.7805,7643,0,80,0,14-3-29 7:30:10,1
2LPUX7B7SI,123.296,41.7805,7643,0,80,0,14-3-29 7:32:11,1
2LPUX7B7SI,123.296,41.7805,7643,0,80,0,14-3-29 7:34:14,1
2LPUX7B7SI,123.296,41.7805,7643,0,80,0,14-3-29 7:36:13,1
2LPUX7B7SI,123.296,41.7805,7643,0,80,0,14-3-29 7:38:15,1
2LPUX7B7SI,123.296,41.7805,7643,0,80,0,14-3-29 7:40:16,1
2LPUX7B7SI,123.296,41.7805,7643,0,80,0,14-3-29 7:42:17,1
2LPUX7B7SI,123.296,41.7805,7643,0,80,0,14-3-29 7:44:18,1
2LPUX7B7SI,123.296,41.7805,7643,0,80,0,14-3-29 7:46:21,1
2LPUX7B7SI,123.296,41.7805,7643,0,80,0,14-3-29 7:48:21,1
2LPUX7B7SI,123.296,41.7805,7643,0,80,0,14-3-29 7:50:22,1
2LPUX7B7SI,123.296,41.7805,7643,0,80,0,14-3-29 7:52:23,1
2LPUX7B7SI,123.296,41.7805,7643,0,80,0,14-3-29 7:54:24,1
2LPUX7B7SI,123.296,41.7805,7643,0,80,0,14-3-29 7:56:25,1
2LPUX7B7SI,123.296,41.7805,7643,0,80,0,14-3-29 7:58:27,1
2LPUX7B7SI,123.296,41.7805,7643,0,80,0,14-3-29 8:0:29,1
2LPUX7B7SI,123.296,41.7805,7643,0,80,0,14-3-29 8:2:29,1
2LPUX7B7SI,123.296,41.7805,7643,0,80,0,14-3-29 8:4:30,1
2LPUX7B7SI,123.296,41.7805,7643,0,80,0,14-3-29 8:6:32,1
2LPUX7B7SI,123.296,41.7805,7643,0,80,0,14-3-29 8:8:33,1
2LPUX7B7SI,123.296,41.7805,7643,0,80,0,14-3-29 8:10:34,1
2LPUX7B7SI,123.296,41.7805,7643,0,80,0,14-3-29 8:12:35,1
2LPUX7B7SI,123.296,41.7805,7643,0,80,0,14-3-29 8:14:36,1
2LPUX7B7SI,123.296,41.7805,7643,0,80,0,14-3-29 8:16:38,1
2LPUX7B7SI,123.296,41.7805,7643,0,80,0,14-3-29 8:18:39,1
2LPUX7B7SI,123.296,41.7805,7643,0,80,0,14-3-29 8:20:42,1
2LPUX7B7SI,123.296,41.7805,7643,0,80,0,14-3-29 8:22:41,1
2LPUX7B7SI,123.296,41.7805,7643,0,80,0,14-3-29 8:24:43,1
2LPUX7B7SI,123.296,41.7805,7643,0,80,0,14-3-29 8:26:44,1
2LPUX7B7SI,123.296,41.7805,7643,0,80,0,14-3-29 8:28:46,1
2LPUX7B7SI,123.289,41.7794,7649,31,135,0,14-3-29 8:30:46,1
2LPUX7B7SI,123.284,41.7796,7652,0,140,0,14-3-29 8:32:47,1
2LPUX7B7SI,123.277,41.7799,7658,31,135,0,14-3-29 8:34:49,1
2LPUX7B7SI,123.272,41.7811,7663,36,165,0,14-3-29 8:36:50,1
2LPUX7B7SI,123.267,41.7867,7669,0,10,0,14-3-29 8:38:52,1
2LPUX7B7SI,123.269,41.7872,7669,0,30,0,14-3-29 8:40:52,1
2LPUX7B7SI,123.27,41.7882,7669,0,30,0,14-3-29 8:42:54,1
2LPUX7B7SI,123.271,41.7884,7669,0,35,0,14-3-29 8:44:55,1
2LPUX7B7SI,123.271,41.7884,7669,0,35,0,14-3-29 8:46:56,1
2LPUX7B7SI,123.271,41.7884,7669,0,35,0,14-3-29 8:48:59,1
2LPUX7B7SI,123.271,41.7884,7669,0,35,0,14-3-29 8:50:58,1
2LPUX7B7SI,123.271,41.7884,7669,0,35,0,14-3-29 8:53:0,1
2LPUX7B7SI,123.271,41.7884,7669,0,35,0,14-3-29 8:55:1,1
2LPUX7B7SI,123.271,41.7884,7669,0,35,0,14-3-29 8:57:3,1
2LPUX7B7SI,123.271,41.7884,7669,0,35,0,14-3-29 8:59:3,1
2LPUX7B7SI,123.271,41.7884,7669,0,35,0,14-3-29 9:1:4,1
2LPUX7B7SI,123.271,41.7884,7669,0,35,0,14-3-29 9:3:6,1
2LPUX7B7SI,123.271,41.7884,7669,0,35,0,14-3-29 9:5:8,1
2LPUX7B7SI,123.271,41.7884,7669,0,35,0,14-3-29 9:7:8,1
2LPUX7B7SI,123.271,41.7884,7669,0,35,0,14-3-29 9:9:9,1
2LPUX7B7SI,123.271,41.7884,7669,0,35,0,14-3-29 9:11:11,1
2LPUX7B7SI,123.271,41.7884,7669,0,35,0,14-3-29 9:13:12,1
2LPUX7B7SI,123.271,41.7884,7669,0,35,0,14-3-29 9:15:13,1
2LPUX7B7SI,123.271,41.7884,7669,0,35,0,14-3-29 9:17:16,1
2LPUX7B7SI,123.271,41.7884,7669,0,35,0,14-3-29 9:19:15,1
2LPUX7B7SI,123.271,41.7884,7669,0,35,0,14-3-29 9:21:17,1
2LPUX7B7SI,123.271,41.7884,7669,0,35,0,14-3-29 9:23:18,1
2LPUX7B7SI,123.271,41.7884,7669,0,35,0,14-3-29 9:25:19,1
2LPUX7B7SI,123.271,41.7884,7669,0,35,0,14-3-29 9:27:22,1
2LPUX7B7SI,123.271,41.7884,7669,0,35,0,14-3-29 9:29:22,1
2LPUX7B7SI,123.271,41.7884,7669,0,35,0,14-3-29 9:31:23,1
2LPUX7B7SI,123.271,41.7884,7669,0,35,0,14-3-29 9:33:24,1
2LPUX7B7SI,123.271,41.7884,7669,0,35,0,14-3-29 9:35:27,1
2LPUX7B7SI,123.271,41.7884,7669,0,35,0,14-3-29 9:37:27,1
2LPUX7B7SI,123.271,41.7884,7669,0,35,0,14-3-29 9:39:28,1
2LPUX7B7SI,123.271,41.7884,7669,0,35,0,14-3-29 9:41:29,1
2LPUX7B7SI,123.271,41.7884,7669,0,35,0,14-3-29 9:43:30,1
2LPUX7B7SI,123.271,41.7884,7669,0,35,0,14-3-29 9:45:32,1
2LPUX7B7SI,123.271,41.7884,7669,0,35,0,14-3-29 9:47:34,1
2LPUX7B7SI,123.271,41.7884,7669,0,35,0,14-3-29 9:49:34,1
2LPUX7B7SI,123.271,41.7884,7669,0,35,0,14-3-29 9:51:35,1
2LPUX7B7SI,123.271,41.7884,7669,0,35,0,14-3-29 9:53:37,1
2LPUX7B7SI,123.271,41.7884,7669,0,35,0,14-3-29 9:55:38,1
2LPUX7B7SI,123.271,41.7884,7669,0,35,0,14-3-29 9:57:39,1
2LPUX7B7SI,123.271,41.7884,7669,0,35,0,14-3-29 9:59:42,1
2LPUX7B7SI,123.271,41.7884,7669,0,35,0,14-3-29 10:1:42,1
2LPUX7B7SI,123.271,41.7884,7669,0,35,0,14-3-29 10:3:44,1
2LPUX7B7SI,123.271,41.7884,7669,0,35,0,14-3-29 10:5:44,1
2LPUX7B7SI,123.271,41.7884,7669,0,35,0,14-3-29 10:7:45,1
2LPUX7B7SI,123.271,41.7884,7669,0,35,0,14-3-29 10:9:47,1
2LPUX7B7SI,123.271,41.7884,7669,0,35,0,14-3-29 10:11:49,1
2LPUX7B7SI,123.271,41.7884,7669,0,35,0,14-3-29 10:13:49,1
2LPUX7B7SI,123.271,41.7884,7669,0,35,0,14-3-29 10:15:50,1
2LPUX7B7SI,123.271,41.7884,7669,0,35,0,14-3-29 10:17:52,1
2LPUX7B7SI,123.269,41.7876,7670,5,70,0,14-3-29 10:19:53,1
2LPUX7B7SI,123.267,41.7867,7672,5,120,0,14-3-29 10:21:54,1
2LPUX7B7SI,123.268,41.7841,7674,0,70,0,14-3-29 10:23:57,1
2LPUX7B7SI,123.268,41.7841,7674,0,70,0,14-3-29 10:25:56,1
2LPUX7B7SI,123.268,41.7841,7674,0,70,0,14-3-29 10:27:58,1
2LPUX7B7SI,123.268,41.7841,7674,0,70,0,14-3-29 10:29:59,1
2LPUX7B7SI,123.268,41.7841,7674,0,70,0,14-3-29 10:32:2,1
2LPUX7B7SI,123.274,41.7797,7681,0,45,0,14-3-29 10:34:2,1
2LPUX7B7SI,123.284,41.7796,7689,20,40,0,14-3-29 10:36:4,1
2LPUX7B7SI,123.292,41.7792,7696,33,45,0,14-3-29 10:38:5,1
2LPUX7B7SI,123.295,41.779,7697,0,50,0,14-3-29 10:40:7,1
2LPUX7B7SI,123.295,41.7798,7698,0,45,0,14-3-29 10:42:8,1
2LPUX7B7SI,123.295,41.7798,7698,0,45,0,14-3-29 10:44:9,1
2LPUX7B7SI,123.295,41.7798,7698,0,45,0,14-3-29 10:46:11,1
2LPUX7B7SI,123.295,41.7798,7698,0,45,0,14-3-29 10:48:12,1
2LPUX7B7SI,123.295,41.7798,7698,0,45,0,14-3-29 10:50:13,1
2LPUX7B7SI,123.295,41.7798,7698,0,45,0,14-3-29 10:52:14,1
2LPUX7B7SI,123.295,41.7798,7698,0,45,0,14-3-29 10:54:16,1
2LPUX7B7SI,123.295,41.7798,7698,0,45,0,14-3-29 10:56:17,1
2LPUX7B7SI,123.295,41.7798,7698,0,45,0,14-3-29 10:56:47,1
2LPUX7B7SI,123.295,41.7798,7698,0,45,0,14-3-29 10:58:48,1
2LPUX7B7SI,123.295,41.7798,7698,0,45,0,14-3-29 11:0:49,1
2LPUX7B7SI,123.295,41.7798,7698,0,45,0,14-3-29 11:2:50,1
2LPUX7B7SI,123.295,41.7798,7698,0,45,0,14-3-29 11:4:51,1
2LPUX7B7SI,123.295,41.7798,7698,0,45,0,14-3-29 11:6:54,1
2LPUX7B7SI,123.295,41.7798,7698,0,45,0,14-3-29 11:8:54,1
2LPUX7B7SI,123.295,41.7798,7698,0,45,0,14-3-29 11:10:55,1
2LPUX7B7SI,123.295,41.7798,7698,0,45,0,14-3-29 11:12:58,1
2LPUX7B7SI,123.295,41.7798,7698,0,45,0,14-3-29 11:14:58,1
2LPUX7B7SI,123.295,41.7798,7698,0,45,0,14-3-29 11:16:59,1
2LPUX7B7SI,123.295,41.7798,7698,0,45,0,14-3-29 11:19:0,1
2LPUX7B7SI,123.295,41.7798,7698,0,45,0,14-3-29 11:21:3,1
2LPUX7B7SI,123.295,41.7798,7698,0,45,0,14-3-29 11:23:3,1
2LPUX7B7SI,123.295,41.7798,7698,0,45,0,14-3-29 11:25:4,1
2LPUX7B7SI,123.295,41.7798,7698,0,45,0,14-3-29 11:27:5,1
2LPUX7B7SI,123.295,41.7798,7698,0,45,0,14-3-29 11:29:6,1
2LPUX7B7SI,123.295,41.7798,7698,0,45,0,14-3-29 11:31:8,1
2LPUX7B7SI,123.295,41.7798,7698,0,45,0,14-3-29 11:33:10,1
2LPUX7B7SI,123.295,41.7798,7698,0,45,0,14-3-29 11:35:10,1
2LPUX7B7SI,123.295,41.7798,7698,0,45,0,14-3-29 11:37:11,1
2LPUX7B7SI,123.295,41.7798,7698,0,45,0,14-3-29 11:39:13,1
2LPUX7B7SI,123.295,41.7798,7698,0,45,0,14-3-29 11:41:14,1
2LPUX7B7SI,123.295,41.7798,7698,0,45,0,14-3-29 11:43:15,1
2LPUX7B7SI,123.295,41.7799,7698,0,135,0,14-3-29 11:45:16,1
2LPUX7B7SI,123.295,41.78,7698,0,130,0,14-3-29 11:47:19,1
2LPUX7B7SI,123.295,41.78,7698,0,130,0,14-3-29 11:49:19,1
2LPUX7B7SI,123.295,41.78,7698,0,130,0,14-3-29 11:51:20,1
2LPUX7B7SI,123.295,41.78,7698,0,130,0,14-3-29 11:53:21,1
2LPUX7B7SI,123.295,41.78,7698,0,130,0,14-3-29 11:55:23,1
2LPUX7B7SI,123.295,41.7795,7698,0,85,0,14-3-29 11:57:24,1
2LPUX7B7SI,123.295,41.7795,7698,0,85,0,14-3-29 11:59:25,1
2LPUX7B7SI,123.295,41.7795,7698,0,85,0,14-3-29 12:1:26,1
2LPUX7B7SI,123.295,41.7795,7698,0,85,0,14-3-29 12:3:28,1
2LPUX7B7SI,123.295,41.7795,7698,0,85,0,14-3-29 12:5:30,1
2LPUX7B7SI,123.295,41.7794,7698,0,60,0,14-3-29 12:7:30,1
2LPUX7B7SI,123.295,41.7794,7698,0,60,0,14-3-29 12:9:31,1
2LPUX7B7SI,123.295,41.7794,7698,0,60,0,14-3-29 12:11:32,1
2LPUX7B7SI,123.295,41.7794,7698,0,60,0,14-3-29 12:13:35,1
2LPUX7B7SI,123.295,41.7794,7698,0,60,0,14-3-29 12:15:35,1
2LPUX7B7SI,123.295,41.7794,7698,0,60,0,14-3-29 12:17:36,1
2LPUX7B7SI,123.295,41.7794,7698,0,60,0,14-3-29 12:19:37,1
2LPUX7B7SI,123.295,41.7794,7698,0,60,0,14-3-29 12:21:39,1
2LPUX7B7SI,123.295,41.7794,7698,0,60,0,14-3-29 12:23:40,1
2LPUX7B7SI,123.295,41.7794,7698,0,60,0,14-3-29 12:25:43,1
2LPUX7B7SI,123.295,41.7794,7698,0,60,0,14-3-29 12:27:42,1
2LPUX7B7SI,123.295,41.7794,7698,0,60,0,14-3-29 12:29:44,1
2LPUX7B7SI,123.295,41.7794,7698,0,60,0,14-3-29 12:31:45,1
2LPUX7B7SI,123.295,41.7794,7698,0,60,0,14-3-29 12:33:46,1
2LPUX7B7SI,123.295,41.7794,7698,0,60,0,14-3-29 12:35:47,1
2LPUX7B7SI,123.295,41.7794,7698,0,60,0,14-3-29 12:37:50,1
2LPUX7B7SI,123.295,41.7794,7698,0,60,0,14-3-29 12:39:50,1
2LPUX7B7SI,123.295,41.7794,7698,0,60,0,14-3-29 12:41:51,1
2LPUX7B7SI,123.295,41.7794,7698,0,60,0,14-3-29 12:43:52,1
2LPUX7B7SI,123.295,41.7794,7698,0,60,0,14-3-29 12:45:53,1
2LPUX7B7SI,123.295,41.7794,7698,0,60,0,14-3-29 12:47:56,1
2LPUX7B7SI,123.295,41.7794,7698,0,60,0,14-3-29 12:49:56,1
2LPUX7B7SI,123.295,41.7794,7698,0,60,0,14-3-29 12:51:57,1
2LPUX7B7SI,123.295,41.7794,7698,0,60,0,14-3-29 12:53:58,1
2LPUX7B7SI,123.295,41.7794,7698,0,60,0,14-3-29 12:56:1,1
2LPUX7B7SI,123.295,41.7794,7698,0,60,0,14-3-29 12:58:1,1
2LPUX7B7SI,123.295,41.7794,7698,0,60,0,14-3-29 13:0:2,1
2LPUX7B7SI,123.295,41.7794,7698,0,60,0,14-3-29 13:2:3,1
2LPUX7B7SI,123.295,41.7794,7698,0,60,0,14-3-29 13:4:6,1
2LPUX7B7SI,123.295,41.7794,7698,0,60,0,14-3-29 13:6:7,1
2LPUX7B7SI,123.295,41.7794,7698,0,60,0,14-3-29 13:8:9,1
2LPUX7B7SI,123.295,41.7794,7698,0,60,0,14-3-29 13:10:10,1
2LPUX7B7SI,123.295,41.7794,7698,0,60,0,14-3-29 13:12:11,1
2LPUX7B7SI,123.295,41.7794,7698,0,60,0,14-3-29 13:14:12,1
2LPUX7B7SI,123.295,41.7794,7698,0,60,0,14-3-29 13:16:14,1
2LPUX7B7SI,123.295,41.7794,7698,0,60,0,14-3-29 13:18:15,1
2LPUX7B7SI,123.295,41.7794,7698,0,60,0,14-3-29 13:20:16,1
2LPUX7B7SI,123.295,41.7794,7698,0,60,0,14-3-29 13:22:17,1
2LPUX7B7SI,123.295,41.7794,7698,0,60,0,14-3-29 13:24:19,1
2LPUX7B7SI,123.295,41.7794,7698,0,60,0,14-3-29 13:24:49,1
2LPUX7B7SI,123.295,41.7794,7698,0,60,0,14-3-29 13:26:49,1
2LPUX7B7SI,123.295,41.7794,7698,0,60,0,14-3-29 13:28:51,1
2LPUX7B7SI,123.295,41.7794,7698,0,60,0,14-3-29 13:30:52,1
2LPUX7B7SI,123.295,41.7794,7698,0,60,0,14-3-29 13:32:53,1
2LPUX7B7SI,123.295,41.7794,7698,0,60,0,14-3-29 13:34:54,1
2LPUX7B7SI,123.295,41.7794,7698,0,60,0,14-3-29 13:36:57,1
2LPUX7B7SI,123.295,41.7794,7698,0,60,0,14-3-29 13:38:57,1
2LPUX7B7SI,123.295,41.7794,7698,0,60,0,14-3-29 13:40:58,1
2LPUX7B7SI,123.295,41.7794,7698,0,60,0,14-3-29 13:42:59,1
2LPUX7B7SI,123.295,41.7794,7698,0,60,0,14-3-29 13:45:0,1
2LPUX7B7SI,123.295,41.7794,7698,0,60,0,14-3-29 13:47:2,1
2LPUX7B7SI,123.295,41.7794,7698,0,60,0,14-3-29 13:49:3,1
2LPUX7B7SI,123.295,41.7794,7698,0,60,0,14-3-29 13:51:6,1
2LPUX7B7SI,123.295,41.7794,7698,0,60,0,14-3-29 13:53:5,1
2LPUX7B7SI,123.295,41.7794,7698,0,60,0,14-3-29 13:55:7,1
2LPUX7B7SI,123.295,41.7794,7698,0,60,0,14-3-29 13:57:8,1
2LPUX7B7SI,123.295,41.7794,7698,0,60,0,14-3-29 13:59:9,1
2LPUX7B7SI,123.295,41.7794,7698,0,60,0,14-3-29 14:1:10,1
2LPUX7B7SI,123.295,41.7794,7698,0,60,0,14-3-29 14:3:13,1
2LPUX7B7SI,123.295,41.7794,7698,0,60,0,14-3-29 14:5:13,1
2LPUX7B7SI,123.295,41.7794,7698,0,60,0,14-3-29 14:7:14,1
2LPUX7B7SI,123.295,41.7794,7698,0,60,0,14-3-29 14:9:15,1
2LPUX7B7SI,123.295,41.7794,7698,0,60,0,14-3-29 14:11:17,1
2LPUX7B7SI,123.295,41.7794,7698,0,60,0,14-3-29 14:13:19,1
2LPUX7B7SI,123.295,41.7794,7698,0,60,0,14-3-29 14:15:19,1
2LPUX7B7SI,123.295,41.7794,7698,0,60,0,14-3-29 14:17:20,1
2LPUX7B7SI,123.295,41.7794,7698,0,60,0,14-3-29 14:19:21,1
2LPUX7B7SI,123.295,41.7794,7698,0,60,0,14-3-29 14:21:23,1
2LPUX7B7SI,123.295,41.7794,7698,0,60,0,14-3-29 14:23:24,1
2LPUX7B7SI,123.295,41.7794,7698,0,60,0,14-3-29 14:25:25,1
2LPUX7B7SI,123.295,41.7794,7698,0,60,0,14-3-29 14:27:27,1
2LPUX7B7SI,123.295,41.7794,7698,0,60,0,14-3-29 14:29:28,1
2LPUX7B7SI,123.295,41.7794,7698,0,60,0,14-3-29 14:31:29,1
2LPUX7B7SI,123.295,41.7794,7698,0,60,0,14-3-29 14:33:30,1
2LPUX7B7SI,123.295,41.7794,7698,0,60,0,14-3-29 14:35:33,1
2LPUX7B7SI,123.295,41.7794,7698,0,60,0,14-3-29 14:37:33,1
2LPUX7B7SI,123.295,41.7794,7698,0,60,0,14-3-29 14:39:34,1
2LPUX7B7SI,123.295,41.7794,7698,0,60,0,14-3-29 14:41:37,1
2LPUX7B7SI,123.295,41.7794,7698,0,60,0,14-3-29 14:43:37,1
2LPUX7B7SI,123.295,41.7794,7698,0,60,0,14-3-29 14:45:38,1
2LPUX7B7SI,123.295,41.7794,7698,0,60,0,14-3-29 14:47:39,1
2LPUX7B7SI,123.295,41.7794,7698,0,60,0,14-3-29 14:49:40,1
2LPUX7B7SI,123.295,41.7794,7698,0,60,0,14-3-29 14:51:42,1
2LPUX7B7SI,123.295,41.7794,7698,0,60,0,14-3-29 14:53:43,1
2LPUX7B7SI,123.295,41.7794,7698,0,60,0,14-3-29 14:55:44,1
2LPUX7B7SI,123.295,41.7794,7698,0,60,0,14-3-29 14:57:45,1
2LPUX7B7SI,123.295,41.7794,7698,0,60,0,14-3-29 14:59:48,1
2LPUX7B7SI,123.295,41.7794,7698,0,60,0,14-3-29 15:1:48,1
2LPUX7B7SI,123.295,41.7794,7698,0,60,0,14-3-29 15:3:49,1
2LPUX7B7SI,123.294,41.7794,7699,7,135,0,14-3-29 15:5:52,1
2LPUX7B7SI,123.289,41.7794,7703,23,135,0,14-3-29 15:7:52,1
2LPUX7B7SI,123.277,41.7798,7712,31,130,0,14-3-29 15:9:54,1
2LPUX7B7SI,123.271,41.7805,7716,18,155,0,14-3-29 15:11:56,1
2LPUX7B7SI,123.266,41.7875,7725,51,170,0,14-3-29 15:13:57,1
2LPUX7B7SI,123.272,41.8075,7748,77,0,0,14-3-29 15:15:58,1
2LPUX7B7SI,123.278,41.8306,7774,71,10,0,14-3-29 15:18:0,1
2LPUX7B7SI,123.296,41.8465,7797,73,35,0,14-3-29 15:20:1,1
2LPUX7B7SI,123.322,41.8518,7819,58,20,0,14-3-29 15:22:2,1
2LPUX7B7SI,123.341,41.8663,7842,73,20,0,14-3-29 15:24:3,1
2LPUX7B7SI,123.368,41.8771,7867,77,30,0,14-3-29 15:26:5,1
2LPUX7B7SI,123.397,41.8884,7893,82,30,0,14-3-29 15:28:6,1
2LPUX7B7SI,123.424,41.8991,7919,75,30,0,14-3-29 15:30:7,1
2LPUX7B7SI,123.435,41.9036,7929,71,30,0,14-3-29 15:30:57,1
2LPUX7B7SI,123.448,41.9031,7939,0,60,0,14-3-29 15:32:58,1
2LPUX7B7SI,123.45,41.9026,7940,0,55,0,14-3-29 15:34:59,1
2LPUX7B7SI,123.449,41.9075,7946,46,165,0,14-3-29 15:37:0,1
2LPUX7B7SI,123.452,41.9137,7956,27,30,0,14-3-29 15:39:2,1
2LPUX7B7SI,123.454,41.9158,7961,0,135,0,14-3-29 15:41:3,1
2LPUX7B7SI,123.455,41.9159,7961,0,40,0,14-3-29 15:43:4,1
2LPUX7B7SI,123.459,41.9168,7965,0,175,0,14-3-29 15:45:5,1
2LPUX7B7SI,123.459,41.9172,7965,0,175,0,14-3-29 15:47:7,1
2LPUX7B7SI,123.459,41.9172,7965,0,175,0,14-3-29 15:49:8,1
2LPUX7B7SI,123.459,41.9172,7965,0,175,0,14-3-29 15:51:9,1
2LPUX7B7SI,123.459,41.9172,7965,0,175,0,14-3-29 15:53:10,1
2LPUX7B7SI,123.459,41.9164,7965,0,115,0,14-3-29 15:55:12,1
2LPUX7B7SI,123.459,41.9164,7965,0,115,0,14-3-29 15:57:13,1
2LPUX7B7SI,123.459,41.9171,7966,0,170,0,14-3-29 15:59:14,1
2LPUX7B7SI,123.458,41.9182,7966,0,120,0,14-3-29 16:1:15,1
2LPUX7B7SI,123.458,41.9182,7966,0,120,0,14-3-29 16:3:18,1
2LPUX7B7SI,123.458,41.9182,7966,0,120,0,14-3-29 16:5:18,1
2LPUX7B7SI,123.458,41.9182,7966,0,120,0,14-3-29 16:7:19,1
2LPUX7B7SI,123.458,41.9182,7966,0,120,0,14-3-29 16:9:20,1
2LPUX7B7SI,123.458,41.9182,7966,0,120,0,14-3-29 16:11:23,1
2LPUX7B7SI,123.458,41.9182,7966,0,120,0,14-3-29 16:13:23,1
2LPUX7B7SI,123.458,41.9182,7966,0,120,0,14-3-29 16:15:24,1
2LPUX7B7SI,123.458,41.9182,7966,0,120,0,14-3-29 16:17:25,1
2LPUX7B7SI,123.458,41.9182,7966,0,120,0,14-3-29 16:19:27,1
2LPUX7B7SI,123.458,41.9182,7966,0,120,0,14-3-29 16:21:29,1
2LPUX7B7SI,123.458,41.9182,7966,0,120,0,14-3-29 16:23:29,1
2LPUX7B7SI,123.458,41.9182,7966,0,120,0,14-3-29 16:25:30,1
2LPUX7B7SI,123.458,41.9182,7966,0,120,0,14-3-29 16:27:33,1
2LPUX7B7SI,123.458,41.9182,7966,0,120,0,14-3-29 16:29:33,1
2LPUX7B7SI,123.458,41.9182,7966,0,120,0,14-3-29 16:31:36,1
2LPUX7B7SI,123.458,41.9182,7966,0,120,0,14-3-29 16:33:37,1
2LPUX7B7SI,123.458,41.9182,7966,0,120,0,14-3-29 16:35:36,1
2LPUX7B7SI,123.458,41.9182,7966,0,120,0,14-3-29 16:37:38,1
2LPUX7B7SI,123.458,41.9182,7966,0,120,0,14-3-29 16:39:41,1
2LPUX7B7SI,123.458,41.9182,7966,0,120,0,14-3-29 16:41:40,1
2LPUX7B7SI,123.458,41.9182,7966,0,120,0,14-3-29 16:43:41,1
2LPUX7B7SI,123.458,41.9182,7966,0,120,0,14-3-29 16:45:44,1
2LPUX7B7SI,123.458,41.9182,7966,0,120,0,14-3-29 16:47:44,1
2LPUX7B7SI,123.458,41.9182,7966,0,120,0,14-3-29 16:49:45,1
2LPUX7B7SI,123.458,41.9182,7966,0,120,0,14-3-29 16:51:46,1
2LPUX7B7SI,123.458,41.9182,7966,0,120,0,14-3-29 16:53:49,1
2LPUX7B7SI,123.458,41.9182,7966,0,120,0,14-3-29 16:55:49,1
2LPUX7B7SI,123.458,41.9182,7966,0,120,0,14-3-29 16:57:51,1
2LPUX7B7SI,123.458,41.9182,7967,0,35,0,14-3-29 16:59:51,1
2LPUX7B7SI,123.458,41.9182,7967,0,35,0,14-3-29 17:1:53,1
2LPUX7B7SI,123.458,41.9182,7967,0,35,0,14-3-29 17:3:54,1
2LPUX7B7SI,123.458,41.9182,7967,0,35,0,14-3-29 17:5:55,1
2LPUX7B7SI,123.458,41.9182,7967,0,35,0,14-3-29 17:7:56,1
2LPUX7B7SI,123.458,41.9182,7967,0,35,0,14-3-29 17:9:58,1
2LPUX7B7SI,123.458,41.9182,7967,0,35,0,14-3-29 17:11:59,1
2LPUX7B7SI,123.458,41.9182,7967,0,35,0,14-3-29 17:14:0,1
2LPUX7B7SI,123.458,41.9182,7967,0,35,0,14-3-29 17:16:3,1
2LPUX7B7SI,123.458,41.9182,7967,0,35,0,14-3-29 17:18:3,1
2LPUX7B7SI,123.458,41.9182,7967,0,35,0,14-3-29 17:20:4,1
2LPUX7B7SI,123.458,41.9182,7967,0,35,0,14-3-29 17:22:7,1
2LPUX7B7SI,123.458,41.9182,7967,0,35,0,14-3-29 17:24:8,1
2LPUX7B7SI,123.458,41.9182,7967,0,35,0,14-3-29 17:26:9,1
2LPUX7B7SI,123.458,41.9182,7967,0,35,0,14-3-29 17:28:11,1
2LPUX7B7SI,123.458,41.9182,7967,0,35,0,14-3-29 17:30:12,1
2LPUX7B7SI,123.458,41.9182,7967,0,35,0,14-3-29 17:32:13,1
2LPUX7B7SI,123.458,41.9182,7967,0,35,0,14-3-29 17:34:15,1
2LPUX7B7SI,123.458,41.9182,7967,0,35,0,14-3-29 17:36:16,1
2LPUX7B7SI,123.458,41.9182,7967,0,35,0,14-3-29 17:38:17,1
2LPUX7B7SI,123.458,41.9182,7967,0,35,0,14-3-29 17:40:18,1
2LPUX7B7SI,123.458,41.9182,7967,0,35,0,14-3-29 17:42:20,1
2LPUX7B7SI,123.458,41.9182,7967,0,35,0,14-3-29 17:43:10,1
2LPUX7B7SI,123.458,41.9182,7967,0,35,0,14-3-29 17:45:10,1
2LPUX7B7SI,123.458,41.9182,7967,0,35,0,14-3-29 17:47:12,1
2LPUX7B7SI,123.458,41.9182,7967,0,35,0,14-3-29 17:49:13,1
2LPUX7B7SI,123.458,41.9182,7967,0,35,0,14-3-29 17:51:14,1
2LPUX7B7SI,123.458,41.9182,7967,0,35,0,14-3-29 17:53:17,1
2LPUX7B7SI,123.458,41.9182,7967,0,35,0,14-3-29 17:55:17,1
2LPUX7B7SI,123.458,41.9182,7967,0,35,0,14-3-29 17:57:18,1
2LPUX7B7SI,123.458,41.9182,7967,0,35,0,14-3-29 17:59:19,1
2LPUX7B7SI,123.458,41.9182,7967,0,35,0,14-3-29 18:1:22,1
2LPUX7B7SI,123.458,41.9182,7967,0,35,0,14-3-29 18:3:22,1
2LPUX7B7SI,123.458,41.9182,7967,0,35,0,14-3-29 18:5:23,1
2LPUX7B7SI,123.458,41.9182,7967,0,35,0,14-3-29 18:7:24,1
2LPUX7B7SI,123.458,41.9182,7967,0,35,0,14-3-29 18:9:26,1
2LPUX7B7SI,123.458,41.9182,7967,0,35,0,14-3-29 18:11:27,1
2LPUX7B7SI,123.458,41.9182,7967,0,35,0,14-3-29 18:13:28,1
2LPUX7B7SI,123.458,41.9182,7967,0,35,0,14-3-29 18:15:29,1
2LPUX7B7SI,123.458,41.9182,7967,0,35,0,14-3-29 18:17:31,1
2LPUX7B7SI,123.458,41.9182,7967,0,35,0,14-3-29 18:19:34,1
2LPUX7B7SI,123.458,41.9182,7967,0,35,0,14-3-29 18:21:33,1
2LPUX7B7SI,123.458,41.9182,7967,0,35,0,14-3-29 18:23:35,1
2LPUX7B7SI,123.458,41.9182,7967,0,35,0,14-3-29 18:25:36,1
2LPUX7B7SI,123.458,41.9182,7967,0,35,0,14-3-29 18:27:37,1
2LPUX7B7SI,123.458,41.9182,7967,0,35,0,14-3-29 18:29:38,1
2LPUX7B7SI,123.458,41.9182,7967,0,35,0,14-3-29 18:31:41,1
2LPUX7B7SI,123.458,41.9182,7967,0,35,0,14-3-29 18:33:41,1
2LPUX7B7SI,123.458,41.9182,7967,0,35,0,14-3-29 18:35:42,1
2LPUX7B7SI,123.458,41.9182,7967,0,35,0,14-3-29 18:37:43,1
2LPUX7B7SI,123.458,41.9182,7967,0,35,0,14-3-29 18:39:45,1
2LPUX7B7SI,123.458,41.9182,7967,0,35,0,14-3-29 18:41:47,1
2LPUX7B7SI,123.458,41.9182,7967,0,35,0,14-3-29 18:43:47,1
2LPUX7B7SI,123.458,41.9182,7967,0,35,0,14-3-29 18:45:48,1
2LPUX7B7SI,123.458,41.9182,7967,0,35,0,14-3-29 18:47:49,1
2LPUX7B7SI,123.458,41.9182,7967,0,35,0,14-3-29 18:49:51,1
2LPUX7B7SI,123.458,41.9182,7967,0,35,0,14-3-29 18:51:54,1
2LPUX7B7SI,123.458,41.9182,7967,0,35,0,14-3-29 18:53:53,1
2LPUX7B7SI,123.458,41.9182,7967,0,35,0,14-3-29 18:55:54,1
2LPUX7B7SI,123.458,41.9182,7967,0,35,0,14-3-29 18:57:56,1
2LPUX7B7SI,123.458,41.9182,7967,0,35,0,14-3-29 18:59:57,1
2LPUX7B7SI,123.458,41.9182,7967,0,35,0,14-3-29 19:1:58,1
2LPUX7B7SI,123.458,41.9182,7967,0,35,0,14-3-29 19:3:59,1
2LPUX7B7SI,123.458,41.9182,7967,0,35,0,14-3-29 19:6:1,1
2LPUX7B7SI,123.458,41.9182,7967,0,35,0,14-3-29 19:8:3,1
2LPUX7B7SI,123.458,41.9182,7967,0,35,0,14-3-29 19:10:3,1
2LPUX7B7SI,123.458,41.9182,7967,0,35,0,14-3-29 19:12:4,1
2LPUX7B7SI,123.458,41.9182,7967,0,35,0,14-3-29 19:14:7,1
2LPUX7B7SI,123.458,41.9182,7967,0,35,0,14-3-29 19:16:7,1
2LPUX7B7SI,123.458,41.9182,7967,0,35,0,14-3-29 19:18:8,1
2LPUX7B7SI,123.458,41.9182,7967,0,35,0,14-3-29 19:20:9,1
2LPUX7B7SI,123.458,41.9182,7967,0,35,0,14-3-29 19:22:10,1
2LPUX7B7SI,123.458,41.9182,7967,0,35,0,14-3-29 19:24:11,1
2LPUX7B7SI,123.458,41.9182,7967,0,35,0,14-3-29 19:26:14,1
2LPUX7B7SI,123.458,41.9182,7967,0,35,0,14-3-29 19:28:14,1
2LPUX7B7SI,123.458,41.9182,7967,0,35,0,14-3-29 19:30:15,1
2LPUX7B7SI,123.458,41.9182,7967,0,35,0,14-3-29 19:32:16,1
2LPUX7B7SI,123.458,41.9182,7967,0,35,0,14-3-29 19:34:17,1
2LPUX7B7SI,123.458,41.9182,7967,0,35,0,14-3-29 19:36:20,1
2LPUX7B7SI,123.458,41.9182,7967,0,35,0,14-3-29 19:38:20,1
2LPUX7B7SI,123.458,41.9182,7967,0,35,0,14-3-29 19:40:21,1
2LPUX7B7SI,123.458,41.9182,7967,0,35,0,14-3-29 19:44:25,1
2LPUX7B7SI,123.458,41.9182,7967,0,35,0,14-3-29 19:46:25,1
2LPUX7B7SI,123.458,41.9182,7967,0,35,0,14-3-29 19:48:26,1
2LPUX7B7SI,123.458,41.9182,7967,0,35,0,14-3-29 19:50:28,1
2LPUX7B7SI,123.458,41.9182,7967,0,35,0,14-3-29 19:52:28,1
2LPUX7B7SI,123.458,41.9182,7967,0,35,0,14-3-29 19:54:29,1
2LPUX7B7SI,123.458,41.9182,7967,0,35,0,14-3-29 19:56:31,1
2LPUX7B7SI,123.458,41.9182,7967,0,35,0,14-3-29 19:58:32,1
2LPUX7B7SI,123.458,41.9182,7967,0,35,0,14-3-29 20:0:33,1
2LPUX7B7SI,123.458,41.9182,7967,0,35,0,14-3-29 20:2:34,1
2LPUX7B7SI,123.458,41.9182,7967,0,35,0,14-3-29 20:4:35,1
2LPUX7B7SI,123.458,41.9182,7967,0,35,0,14-3-29 20:6:37,1
2LPUX7B7SI,123.458,41.9182,7967,0,35,0,14-3-29 20:8:38,1
2LPUX7B7SI,123.458,41.9182,7967,0,35,0,14-3-29 20:10:39,1
2LPUX7B7SI,123.458,41.9182,7967,0,35,0,14-3-29 20:12:40,1
2LPUX7B7SI,123.458,41.9182,7967,0,35,0,14-3-29 20:14:42,1
2LPUX7B7SI,123.458,41.9182,7967,0,35,0,14-3-29 20:16:43,1
2LPUX7B7SI,123.458,41.9182,7967,0,35,0,14-3-29 20:18:44,1
2LPUX7B7SI,123.458,41.9182,7967,0,35,0,14-3-29 20:20:45,1
2LPUX7B7SI,123.458,41.9182,7967,0,35,0,14-3-29 20:22:46,1
2LPUX7B7SI,123.458,41.9182,7967,0,35,0,14-3-29 20:24:49,1
2LPUX7B7SI,123.458,41.9182,7967,0,35,0,14-3-29 20:26:49,1
2LPUX7B7SI,123.458,41.9182,7967,0,35,0,14-3-29 20:28:50,1
2LPUX7B7SI,123.458,41.9182,7967,0,35,0,14-3-29 20:30:51,1
2LPUX7B7SI,123.458,41.9182,7967,0,35,0,14-3-29 20:32:53,1
2LPUX7B7SI,123.458,41.9182,7967,0,35,0,14-3-29 20:34:53,1
2LPUX7B7SI,123.458,41.9182,7967,0,35,0,14-3-29 20:36:55,1
2LPUX7B7SI,123.458,41.9182,7967,0,35,0,14-3-29 20:38:56,1
2LPUX7B7SI,123.458,41.9182,7967,0,35,0,14-3-29 20:40:57,1
2LPUX7B7SI,123.458,41.9182,7967,0,35,0,14-3-29 20:42:59,1
2LPUX7B7SI,123.458,41.9182,7967,0,35,0,14-3-29 20:45:1,1
2LPUX7B7SI,123.458,41.9182,7967,0,35,0,14-3-29 20:47:2,1
2LPUX7B7SI,123.458,41.9182,7967,0,35,0,14-3-29 20:49:3,1
2LPUX7B7SI,123.458,41.9182,7967,0,35,0,14-3-29 20:51:5,1
2LPUX7B7SI,123.458,41.9182,7967,0,35,0,14-3-29 20:53:5,1
2LPUX7B7SI,123.458,41.9182,7967,0,35,0,14-3-29 20:55:7,1
2LPUX7B7SI,123.458,41.9182,7967,0,35,0,14-3-29 20:57:8,1
2LPUX7B7SI,123.458,41.9182,7967,0,35,0,14-3-29 20:59:9,1
2LPUX7B7SI,123.458,41.9182,7967,0,35,0,14-3-29 21:1:10,1
2LPUX7B7SI,123.458,41.9182,7967,0,35,0,14-3-29 21:3:11,1
2LPUX7B7SI,123.458,41.9182,7967,0,35,0,14-3-29 21:4:1,1
2LPUX7B7SI,123.458,41.9182,7967,0,35,0,14-3-29 21:6:2,1
2LPUX7B7SI,123.458,41.9182,7967,0,35,0,14-3-29 21:8:3,1
2LPUX7B7SI,123.458,41.9182,7967,0,35,0,14-3-29 21:10:4,1
2LPUX7B7SI,123.458,41.9182,7967,0,35,0,14-3-29 21:12:5,1
2LPUX7B7SI,123.458,41.9182,7967,0,35,0,14-3-29 21:14:6,1
2LPUX7B7SI,123.458,41.9182,7967,0,35,0,14-3-29 21:16:8,1
2LPUX7B7SI,123.458,41.9182,7967,0,35,0,14-3-29 21:18:9,1
2LPUX7B7SI,123.458,41.9182,7967,0,35,0,14-3-29 21:20:11,1
2LPUX7B7SI,123.458,41.9182,7967,0,35,0,14-3-29 21:22:12,1
2LPUX7B7SI,123.458,41.9182,7967,0,35,0,14-3-29 21:24:12,1
2LPUX7B7SI,123.458,41.9182,7967,0,35,0,14-3-29 21:26:15,1
2LPUX7B7SI,123.458,41.9182,7967,0,35,0,14-3-29 21:28:15,1
2LPUX7B7SI,123.458,41.9182,7967,0,35,0,14-3-29 21:30:16,1
2LPUX7B7SI,123.458,41.9182,7967,0,35,0,14-3-29 21:32:17,1
2LPUX7B7SI,123.458,41.9182,7967,0,35,0,14-3-29 21:34:19,1
2LPUX7B7SI,123.458,41.9182,7967,0,35,0,14-3-29 21:36:20,1
2LPUX7B7SI,123.458,41.9182,7967,0,35,0,14-3-29 21:38:21,1
2LPUX7B7SI,123.458,41.9182,7967,0,35,0,14-3-29 21:40:22,1
2LPUX7B7SI,123.458,41.9182,7967,0,35,0,14-3-29 21:42:24,1
2LPUX7B7SI,123.458,41.9182,7967,0,35,0,14-3-29 21:44:26,1
2LPUX7B7SI,123.458,41.9182,7967,0,35,0,14-3-29 21:46:27,1
2LPUX7B7SI,123.458,41.9182,7967,0,35,0,14-3-29 21:48:27,1
2LPUX7B7SI,123.458,41.9182,7967,0,35,0,14-3-29 21:50:28,1
2LPUX7B7SI,123.458,41.9182,7967,0,35,0,14-3-29 21:52:30,1
2LPUX7B7SI,123.458,41.9182,7967,0,35,0,14-3-29 21:54:30,1
2LPUX7B7SI,123.458,41.9182,7967,0,35,0,14-3-29 21:56:32,1
2LPUX7B7SI,123.458,41.9182,7967,0,35,0,14-3-29 21:58:33,1
2LPUX7B7SI,123.458,41.9182,7967,0,35,0,14-3-29 22:0:34,1
2LPUX7B7SI,123.458,41.9182,7967,0,35,0,14-3-29 22:2:36,1
2LPUX7B7SI,123.458,41.9182,7967,0,35,0,14-3-29 22:4:36,1
2LPUX7B7SI,123.458,41.9182,7967,0,35,0,14-3-29 22:6:38,1
2LPUX7B7SI,123.458,41.9182,7967,0,35,0,14-3-29 22:8:40,1
2LPUX7B7SI,123.458,41.9182,7967,0,35,0,14-3-29 22:10:40,1
2LPUX7B7SI,123.458,41.9182,7967,0,35,0,14-3-29 22:12:41,1
2LPUX7B7SI,123.458,41.9182,7967,0,35,0,14-3-29 22:14:42,1
2LPUX7B7SI,123.458,41.9182,7967,0,35,0,14-3-29 22:16:43,1
2LPUX7B7SI,123.458,41.9182,7967,0,35,0,14-3-29 22:18:46,1
2LPUX7B7SI,123.458,41.9182,7967,0,35,0,14-3-29 22:20:45,1
2LPUX7B7SI,123.458,41.9182,7967,0,35,0,14-3-29 22:22:47,1
2LPUX7B7SI,123.458,41.9188,7967,11,175,0,14-3-29 22:24:48,1
2LPUX7B7SI,123.458,41.9209,7969,0,170,0,14-3-29 22:26:49,1
2LPUX7B7SI,123.458,41.9209,7969,0,170,0,14-3-29 22:28:52,1
2LPUX7B7SI,123.454,41.9208,7972,16,90,0,14-3-29 22:30:52,1
2LPUX7B7SI,123.449,41.9128,7984,49,120,0,14-3-29 22:32:53,1
2LPUX7B7SI,123.449,41.9064,7993,46,75,0,14-3-29 22:34:54,1
2LPUX7B7SI,123.447,41.9036,7999,20,145,0,14-3-29 22:36:55,1
2LPUX7B7SI,123.46,41.9098,8016,66,35,0,14-3-29 22:38:58,1
2LPUX7B7SI,123.485,41.9053,8037,60,55,0,14-3-29 22:40:58,1
2LPUX7B7SI,123.511,41.8946,8062,73,60,0,14-3-29 22:42:59,1
2LPUX7B7SI,123.531,41.8829,8083,58,50,0,14-3-29 22:45:1,1
2LPUX7B7SI,123.549,41.885,8101,68,15,0,14-3-29 22:47:2,1
2LPUX7B7SI,123.563,41.9052,8126,73,10,0,14-3-29 22:49:4,1
2LPUX7B7SI,123.58,41.9263,8153,80,10,0,14-3-29 22:51:5,1
2LPUX7B7SI,123.594,41.9485,8180,80,10,0,14-3-29 22:53:6,1
2LPUX7B7SI,123.604,41.973,8208,77,5,0,14-3-29 22:55:7,1
2LPUX7B7SI,123.609,41.9968,8234,75,0,0,14-3-29 22:57:8,1
2LPUX7B7SI,123.62,42.0198,8261,77,15,0,14-3-29 22:59:10,1
2LPUX7B7SI,123.624,42.0407,8285,82,175,0,14-3-29 23:1:11,1
2LPUX7B7SI,123.628,42.0628,8309,58,10,0,14-3-29 23:3:12,1
2LPUX7B7SI,123.633,42.0856,8335,82,0,0,14-3-29 23:5:13,1
2LPUX7B7SI,123.64,42.1024,8353,79,10,0,14-3-29 23:6:38,1
2LPUX7B7SI,123.658,42.1234,8382,80,10,0,14-3-29 23:8:39,1
2LPUX7B7SI,123.672,42.1467,8410,84,15,0,14-3-29 23:10:40,1
2LPUX7B7SI,123.687,42.1591,8426,0,50,0,14-3-29 23:12:41,1
2LPUX7B7SI,123.687,42.1591,8426,0,50,0,14-3-29 23:14:42,1
2LPUX7B7SI,123.687,42.1591,8426,0,50,0,14-3-29 23:16:44,1
2LPUX7B7SI,123.687,42.1591,8426,0,50,0,14-3-29 23:18:46,1
2LPUX7B7SI,123.687,42.1591,8426,0,50,0,14-3-29 23:20:46,1
2LPUX7B7SI,123.687,42.1591,8426,0,50,0,14-3-29 23:22:47,1
2LPUX7B7SI,123.687,42.1591,8426,0,50,0,14-3-29 23:24:50,1
2LPUX7B7SI,123.687,42.1591,8426,0,50,0,14-3-29 23:26:50,1
2LPUX7B7SI,123.688,42.1596,8427,0,20,0,14-3-29 23:28:51,1
2LPUX7B7SI,123.688,42.1596,8427,0,20,0,14-3-29 23:30:52,1
2LPUX7B7SI,123.688,42.1596,8427,0,20,0,14-3-29 23:32:54,1
2LPUX7B7SI,123.688,42.1596,8427,0,20,0,14-3-29 23:34:55,1
2LPUX7B7SI,123.688,42.1596,8427,0,20,0,14-3-29 23:36:57,1
2LPUX7B7SI,123.688,42.1596,8427,0,20,0,14-3-29 23:38:57,1
2LPUX7B7SI,123.688,42.1596,8427,0,20,0,14-3-29 23:40:58,1
2LPUX7B7SI,123.688,42.1596,8427,0,20,0,14-3-29 23:43:1,1
2LPUX7B7SI,123.688,42.1596,8427,0,20,0,14-3-29 23:45:1,1
2LPUX7B7SI,123.688,42.1596,8427,0,20,0,14-3-29 23:47:2,1
2LPUX7B7SI,123.688,42.1596,8427,0,20,0,14-3-29 23:49:4,1
2LPUX7B7SI,123.688,42.1596,8427,0,20,0,14-3-29 23:51:4,1
2LPUX7B7SI,123.688,42.1596,8427,0,20,0,14-3-29 23:53:6,1
2LPUX7B7SI,123.688,42.1596,8427,0,20,0,14-3-29 23:55:8,1
2LPUX7B7SI,123.688,42.1596,8427,0,20,0,14-3-29 23:57:8,1
2LPUX7B7SI,123.688,42.16,8427,7,170,0,14-3-29 23:59:9,1
