37SX233LBI,114.154,22.6287,4467390,0,0,0,14-3-28 7:15:31,0
37SX233LBI,114.154,22.6287,4467390,0,0,0,14-3-28 7:15:35,0
37SX233LBI,114.154,22.6294,4467390,0,0,0,14-3-28 7:19:8,1
37SX233LBI,114.154,22.6294,4467390,0,0,0,14-3-28 7:21:8,1
37SX233LBI,114.154,22.6294,4467390,0,0,0,14-3-28 7:23:8,1
37SX233LBI,114.154,22.6294,4467390,1,0,0,14-3-28 7:25:8,1
37SX233LBI,114.154,22.6294,4467390,0,20,0,14-3-28 7:25:30,1
37SX233LBI,114.155,22.629,4467390,3,25,0,14-3-28 7:27:8,1
37SX233LBI,114.156,22.628,4467392,9,100,0,14-3-28 7:29:28,1
37SX233LBI,114.155,22.6264,4467394,20,105,0,14-3-28 7:30:17,1
37SX233LBI,114.154,22.6258,4467395,18,115,0,14-3-28 7:30:31,1
37SX233LBI,114.153,22.6262,4467397,18,165,0,14-3-28 7:30:58,1
37SX233LBI,114.152,22.6281,4467399,36,170,0,14-3-28 7:31:31,1
37SX233LBI,114.152,22.6301,4467401,42,175,0,14-3-28 7:31:51,1
37SX233LBI,114.152,22.6321,4467403,20,175,0,14-3-28 7:32:17,1
37SX233LBI,114.151,22.6342,4467406,29,175,0,14-3-28 7:32:51,1
37SX233LBI,114.151,22.6361,4467408,31,175,0,14-3-28 7:33:14,1
37SX233LBI,114.151,22.638,4467410,33,175,0,14-3-28 7:33:37,1
37SX233LBI,114.151,22.6399,4467412,33,175,0,14-3-28 7:34:0,1
37SX233LBI,114.152,22.6415,4467414,23,10,0,14-3-28 7:34:29,1
37SX233LBI,114.152,22.6436,4467417,16,0,0,14-3-28 7:35:34,1
37SX233LBI,114.154,22.645,4467419,25,25,0,14-3-28 7:36:6,1
37SX233LBI,114.155,22.6459,4467421,27,30,0,14-3-28 7:36:34,1
37SX233LBI,114.157,22.6464,4467423,36,35,0,14-3-28 7:36:58,1
37SX233LBI,114.159,22.6468,4467425,44,40,0,14-3-28 7:37:17,1
37SX233LBI,114.161,22.6471,4467427,47,40,0,14-3-28 7:37:33,1
37SX233LBI,114.163,22.6473,4467430,51,40,0,14-3-28 7:37:48,1
37SX233LBI,114.165,22.6477,4467432,60,35,0,14-3-28 7:38:1,1
37SX233LBI,114.167,22.6483,4467434,68,30,0,14-3-28 7:38:13,1
37SX233LBI,114.169,22.649,4467436,66,30,0,14-3-28 7:38:24,1
37SX233LBI,114.171,22.6501,4467439,66,25,0,14-3-28 7:38:37,1
37SX233LBI,114.173,22.6511,4467441,68,25,0,14-3-28 7:38:48,1
37SX233LBI,114.175,22.652,4467443,73,25,0,14-3-28 7:38:58,1
37SX233LBI,114.176,22.653,4467445,73,25,0,14-3-28 7:39:8,1
37SX233LBI,114.178,22.6539,4467447,71,25,0,14-3-28 7:39:18,1
37SX233LBI,114.18,22.6549,4467449,64,25,0,14-3-28 7:39:29,1
37SX233LBI,114.182,22.6559,4467452,66,25,0,14-3-28 7:39:41,1
37SX233LBI,114.183,22.6569,4467454,68,30,0,14-3-28 7:39:52,1
37SX233LBI,114.185,22.6578,4467456,68,30,0,14-3-28 7:40:3,1
37SX233LBI,114.188,22.6592,4467459,60,30,0,14-3-28 7:40:22,1
37SX233LBI,114.19,22.6601,4467462,60,30,0,14-3-28 7:40:34,1
37SX233LBI,114.192,22.6611,4467464,60,30,0,14-3-28 7:40:47,1
37SX233LBI,114.196,22.6627,4467468,73,30,0,14-3-28 7:41:9,1
37SX233LBI,114.2,22.6647,4467473,69,30,0,14-3-28 7:41:32,1
37SX233LBI,114.201,22.6658,4467476,64,20,0,14-3-28 7:41:43,1
37SX233LBI,114.203,22.6672,4467478,62,15,0,14-3-28 7:41:55,1
37SX233LBI,114.204,22.6689,4467480,60,5,0,14-3-28 7:42:7,1
37SX233LBI,114.204,22.6727,4467484,71,175,0,14-3-28 7:42:29,1
37SX233LBI,114.204,22.6745,4467486,68,0,0,14-3-28 7:42:39,1
37SX233LBI,114.204,22.6765,4467489,55,0,0,14-3-28 7:42:51,1
37SX233LBI,114.205,22.6778,4467491,25,40,0,14-3-28 7:43:9,1
37SX233LBI,114.207,22.678,4467493,34,35,0,14-3-28 7:43:37,1
37SX233LBI,114.209,22.6785,4467495,46,35,0,14-3-28 7:43:55,1
37SX233LBI,114.211,22.679,4467497,33,35,0,14-3-28 7:44:12,1
37SX233LBI,114.212,22.6793,4467499,1,35,0,14-3-28 7:45:34,1
37SX233LBI,114.212,22.6793,4467499,0,0,0,14-3-28 7:46:12,1
37SX233LBI,114.213,22.6794,4467499,0,0,0,14-3-28 7:48:12,1
37SX233LBI,114.214,22.6799,4467500,16,25,0,14-3-28 7:50:1,1
37SX233LBI,114.216,22.6812,4467503,40,35,0,14-3-28 7:50:35,1
37SX233LBI,114.218,22.6817,4467505,47,35,0,14-3-28 7:50:51,1
37SX233LBI,114.22,22.6822,4467507,53,35,0,14-3-28 7:51:5,1
37SX233LBI,114.222,22.6827,4467509,57,35,0,14-3-28 7:51:18,1
37SX233LBI,114.226,22.6843,4467514,58,25,0,14-3-28 7:51:46,1
37SX233LBI,114.228,22.6854,4467516,60,20,0,14-3-28 7:51:58,1
37SX233LBI,114.23,22.6871,4467519,69,20,0,14-3-28 7:52:13,1
37SX233LBI,114.231,22.6883,4467521,75,25,0,14-3-28 7:52:23,1
37SX233LBI,114.233,22.6898,4467524,75,20,0,14-3-28 7:52:35,1
37SX233LBI,114.234,22.6911,4467526,75,20,0,14-3-28 7:52:45,1
37SX233LBI,114.238,22.6935,4467530,71,20,0,14-3-28 7:53:5,1
37SX233LBI,114.239,22.6949,4467532,68,20,0,14-3-28 7:53:16,1
37SX233LBI,114.242,22.6978,4467537,71,15,0,14-3-28 7:53:37,1
37SX233LBI,114.243,22.6998,4467539,71,10,0,14-3-28 7:53:49,1
37SX233LBI,114.244,22.7031,4467543,68,10,0,14-3-28 7:54:9,1
37SX233LBI,114.245,22.7052,4467546,64,15,0,14-3-28 7:54:23,1
37SX233LBI,114.247,22.7068,4467548,64,20,0,14-3-28 7:54:35,1
37SX233LBI,114.248,22.7079,4467551,66,25,0,14-3-28 7:54:46,1
37SX233LBI,114.25,22.7088,4467553,68,30,0,14-3-28 7:54:57,1
37SX233LBI,114.254,22.7094,4467557,71,40,0,14-3-28 7:55:18,1
37SX233LBI,114.259,22.7094,4467562,66,40,0,14-3-28 7:55:42,1
37SX233LBI,114.261,22.7095,4467564,66,40,0,14-3-28 7:55:53,1
37SX233LBI,114.263,22.7095,4467566,64,40,0,14-3-28 7:56:5,1
37SX233LBI,114.265,22.7095,4467569,64,40,0,14-3-28 7:56:17,1
37SX233LBI,114.271,22.7096,4467575,69,40,0,14-3-28 7:56:52,1
37SX233LBI,114.273,22.7096,4467577,68,40,0,14-3-28 7:57:2,1
37SX233LBI,114.277,22.7097,4467582,68,40,0,14-3-28 7:57:24,1
37SX233LBI,114.282,22.7103,4467586,68,35,0,14-3-28 7:57:47,1
37SX233LBI,114.284,22.7109,4467589,64,30,0,14-3-28 7:57:58,1
37SX233LBI,114.286,22.7117,4467591,62,30,0,14-3-28 7:58:10,1
37SX233LBI,114.287,22.7125,4467593,68,25,0,14-3-28 7:58:21,1
37SX233LBI,114.289,22.7135,4467595,73,25,0,14-3-28 7:58:31,1
37SX233LBI,114.291,22.7146,4467597,73,25,0,14-3-28 7:58:41,1
37SX233LBI,114.294,22.7169,4467602,69,25,0,14-3-28 7:59:2,1
37SX233LBI,114.295,22.7178,4467603,69,25,0,14-3-28 7:59:11,1
37SX233LBI,114.3,22.721,4467610,71,25,0,14-3-28 7:59:42,1
37SX233LBI,114.302,22.7221,4467612,73,25,0,14-3-28 7:59:52,1
37SX233LBI,114.305,22.7243,4467616,71,25,0,14-3-28 8:0:13,1
37SX233LBI,114.307,22.7254,4467618,73,25,0,14-3-28 8:0:23,1
37SX233LBI,114.309,22.7264,4467621,71,30,0,14-3-28 8:0:33,1
37SX233LBI,114.313,22.7279,4467625,69,35,0,14-3-28 8:0:55,1
37SX233LBI,114.315,22.7284,4467627,68,35,0,14-3-28 8:1:6,1
37SX233LBI,114.317,22.7288,4467630,68,40,0,14-3-28 8:1:17,1
37SX233LBI,114.319,22.729,4467632,69,40,0,14-3-28 8:1:29,1
37SX233LBI,114.321,22.729,4467634,66,40,0,14-3-28 8:1:39,1
37SX233LBI,114.323,22.7291,4467636,66,40,0,14-3-28 8:1:50,1
37SX233LBI,114.325,22.7291,4467638,66,40,0,14-3-28 8:2:1,1
37SX233LBI,114.329,22.7293,4467643,58,40,0,14-3-28 8:2:25,1
37SX233LBI,114.331,22.7294,4467645,51,40,0,14-3-28 8:2:38,1
37SX233LBI,114.333,22.7294,4467647,46,40,0,14-3-28 8:2:54,1
37SX233LBI,114.335,22.7295,4467649,46,40,0,14-3-28 8:3:10,1
37SX233LBI,114.337,22.7296,4467652,51,40,0,14-3-28 8:3:27,1
37SX233LBI,114.339,22.7297,4467654,60,40,0,14-3-28 8:3:40,1
37SX233LBI,114.344,22.7304,4467659,66,35,0,14-3-28 8:4:8,1
37SX233LBI,114.346,22.7311,4467661,68,30,0,14-3-28 8:4:18,1
37SX233LBI,114.349,22.7334,4467665,71,20,0,14-3-28 8:4:38,1
37SX233LBI,114.35,22.7349,4467667,71,15,0,14-3-28 8:4:48,1
37SX233LBI,114.351,22.7366,4467670,66,10,0,14-3-28 8:4:59,1
37SX233LBI,114.352,22.7383,4467672,62,10,0,14-3-28 8:5:10,1
37SX233LBI,114.353,22.7401,4467674,66,10,0,14-3-28 8:5:22,1
37SX233LBI,114.354,22.7418,4467676,66,15,0,14-3-28 8:5:33,1
37SX233LBI,114.357,22.7443,4467681,51,45,0,14-3-28 8:6:2,1
37SX233LBI,114.359,22.7434,4467683,42,70,0,14-3-28 8:6:19,1
37SX233LBI,114.36,22.7417,4467686,20,75,0,14-3-28 8:6:39,1
37SX233LBI,114.361,22.7398,4467688,27,75,0,14-3-28 8:7:55,1
37SX233LBI,114.362,22.7381,4467690,47,75,0,14-3-28 8:8:14,1
37SX233LBI,114.364,22.7348,4467694,57,75,0,14-3-28 8:8:41,1
37SX233LBI,114.365,22.7331,4467696,51,75,0,14-3-28 8:8:54,1
37SX233LBI,114.365,22.7308,4467699,46,100,0,14-3-28 8:9:14,1
37SX233LBI,114.365,22.7291,4467701,38,55,0,14-3-28 8:9:31,1
37SX233LBI,114.37,22.7335,4467709,0,0,0,14-3-28 8:11:3,1
37SX233LBI,114.37,22.7336,4467709,11,10,0,14-3-28 8:12:15,1
37SX233LBI,114.37,22.7334,4467710,22,115,0,14-3-28 8:12:41,1
37SX233LBI,114.368,22.7319,4467712,40,105,0,14-3-28 8:13:8,1
37SX233LBI,114.367,22.7303,4467715,49,110,0,14-3-28 8:13:25,1
37SX233LBI,114.365,22.7293,4467717,55,120,0,14-3-28 8:13:39,1
37SX233LBI,114.363,22.7287,4467719,51,120,0,14-3-28 8:13:53,1
37SX233LBI,114.362,22.7278,4467721,47,115,0,14-3-28 8:14:7,1
37SX233LBI,114.36,22.7267,4467723,51,115,0,14-3-28 8:14:22,1
37SX233LBI,114.357,22.7244,4467727,55,115,0,14-3-28 8:14:49,1
37SX233LBI,114.355,22.7229,4467730,51,115,0,14-3-28 8:15:7,1
37SX233LBI,114.353,22.7216,4467733,46,115,0,14-3-28 8:15:24,1
37SX233LBI,114.351,22.7205,4467735,0,0,0,14-3-28 8:16:8,1
37SX233LBI,114.351,22.7204,4467735,7,115,0,14-3-28 8:16:58,1
37SX233LBI,114.35,22.7187,4467737,29,105,0,14-3-28 8:17:37,1
37SX233LBI,114.349,22.7171,4467739,42,105,0,14-3-28 8:17:58,1
37SX233LBI,114.348,22.7154,4467741,49,95,0,14-3-28 8:18:14,1
37SX233LBI,114.347,22.7118,4467745,40,95,0,14-3-28 8:18:42,1
37SX233LBI,114.347,22.7101,4467747,0,0,0,14-3-28 8:20:42,1
37SX233LBI,114.347,22.7101,4467747,0,0,0,14-3-28 8:21:12,1
37SX233LBI,114.347,22.7097,4467748,14,65,0,14-3-28 8:21:56,1
37SX233LBI,114.348,22.7095,4467750,1,0,0,14-3-28 8:23:56,1
37SX233LBI,114.348,22.7095,4467750,0,0,0,14-3-28 8:25:56,1
37SX233LBI,114.348,22.7095,4467750,0,0,0,14-3-28 8:26:13,1
37SX233LBI,114.348,22.7095,4467750,0,0,0,14-3-28 8:27:56,1
37SX233LBI,114.348,22.7095,4467750,0,0,0,14-3-28 8:31:56,1
37SX233LBI,114.348,22.7095,4467750,0,0,0,14-3-28 8:33:56,1
37SX233LBI,114.347,22.7095,4467750,7,170,0,14-3-28 8:36:1,1
37SX233LBI,114.347,22.7097,4467751,3,15,0,14-3-28 8:36:16,1
37SX233LBI,114.347,22.7098,4467751,0,0,0,14-3-28 8:38:1,1
37SX233LBI,114.347,22.7113,4467753,22,5,0,14-3-28 8:39:23,1
37SX233LBI,114.348,22.7132,4467755,38,5,0,14-3-28 8:39:50,1
37SX233LBI,114.348,22.715,4467757,42,5,0,14-3-28 8:40:8,1
37SX233LBI,114.349,22.7167,4467759,47,15,0,14-3-28 8:40:24,1
37SX233LBI,114.35,22.7183,4467761,47,15,0,14-3-28 8:40:39,1
37SX233LBI,114.35,22.7184,4467764,23,105,0,14-3-28 8:41:19,1
37SX233LBI,114.349,22.7165,4467766,44,100,0,14-3-28 8:41:45,1
37SX233LBI,114.348,22.7146,4467768,29,100,0,14-3-28 8:42:3,1
37SX233LBI,114.348,22.714,4467769,0,0,0,14-3-28 8:44:3,1
37SX233LBI,114.348,22.7127,4467771,31,95,0,14-3-28 8:45:3,1
37SX233LBI,114.347,22.7108,4467773,38,95,0,14-3-28 8:45:22,1
37SX233LBI,114.347,22.7101,4467774,0,0,0,14-3-28 8:46:18,1
37SX233LBI,114.348,22.7094,4467775,7,45,0,14-3-28 8:47:29,1
37SX233LBI,114.348,22.7088,4467777,3,85,0,14-3-28 8:49:29,1
37SX233LBI,114.349,22.7086,4467778,0,0,0,14-3-28 8:51:20,1
37SX233LBI,114.349,22.7086,4467778,0,0,0,14-3-28 8:51:29,1
37SX233LBI,114.349,22.7086,4467778,0,0,0,14-3-28 8:53:29,1
37SX233LBI,114.349,22.7086,4467778,0,0,0,14-3-28 8:55:29,1
37SX233LBI,114.349,22.7086,4467778,0,0,0,14-3-28 8:56:21,1
37SX233LBI,114.349,22.7086,4467778,0,0,0,14-3-28 8:57:29,1
37SX233LBI,114.349,22.7086,4467778,0,0,0,14-3-28 8:59:29,1
37SX233LBI,114.349,22.7086,4467778,0,0,0,14-3-28 9:1:22,1
37SX233LBI,114.349,22.7086,4467778,0,0,0,14-3-28 9:1:30,1
37SX233LBI,114.349,22.7086,4467778,0,0,0,14-3-28 9:3:31,1
37SX233LBI,114.349,22.7086,4467778,0,0,0,14-3-28 9:5:33,1
37SX233LBI,114.349,22.7086,4467778,0,0,0,14-3-28 9:6:23,1
37SX233LBI,114.349,22.7086,4467778,0,0,0,14-3-28 9:7:34,1
37SX233LBI,114.349,22.7086,4467778,0,0,0,14-3-28 9:9:34,1
37SX233LBI,114.349,22.7086,4467778,0,0,0,14-3-28 9:11:24,1
37SX233LBI,114.349,22.7086,4467778,0,0,0,14-3-28 9:11:34,1
37SX233LBI,114.349,22.7086,4467778,0,0,0,14-3-28 9:13:34,1
37SX233LBI,114.349,22.7086,4467778,0,0,0,14-3-28 9:15:34,1
37SX233LBI,114.349,22.7086,4467778,0,0,0,14-3-28 9:15:45,1
37SX233LBI,114.349,22.7086,4467778,0,0,0,14-3-28 9:16:25,1
37SX233LBI,114.349,22.7086,4467778,0,0,0,14-3-28 9:17:34,1
37SX233LBI,114.349,22.7086,4467778,0,0,0,14-3-28 9:19:34,1
37SX233LBI,114.349,22.7086,4467778,0,0,0,14-3-28 9:21:34,1
37SX233LBI,114.349,22.7086,4467778,0,0,0,14-3-28 9:23:34,1
37SX233LBI,114.349,22.7086,4467778,0,0,0,14-3-28 9:26:38,1
37SX233LBI,114.349,22.7086,4467778,0,0,0,14-3-28 9:27:34,1
37SX233LBI,114.349,22.7086,4467778,0,0,0,14-3-28 9:29:34,1
37SX233LBI,114.349,22.7086,4467778,0,0,0,14-3-28 9:31:34,1
37SX233LBI,114.349,22.7086,4467778,0,0,0,14-3-28 9:31:45,1
37SX233LBI,114.349,22.7086,4467778,0,0,0,14-3-28 9:33:34,1
37SX233LBI,114.349,22.7086,4467778,0,0,0,14-3-28 9:35:34,1
37SX233LBI,114.349,22.7086,4467778,0,0,0,14-3-28 9:36:46,1
37SX233LBI,114.349,22.7086,4467778,0,0,0,14-3-28 9:37:34,1
37SX233LBI,114.349,22.7086,4467778,0,0,0,14-3-28 9:39:34,1
37SX233LBI,114.349,22.7086,4467778,0,0,0,14-3-28 9:41:34,1
37SX233LBI,114.349,22.7086,4467778,0,0,0,14-3-28 9:41:47,1
37SX233LBI,114.348,22.7087,4467778,7,175,0,14-3-28 9:43:30,1
37SX233LBI,114.348,22.7095,4467779,0,0,0,14-3-28 9:45:30,1
37SX233LBI,114.348,22.7095,4467779,0,0,0,14-3-28 9:46:47,1
37SX233LBI,114.348,22.7095,4467779,0,0,0,14-3-28 9:47:30,1
37SX233LBI,114.348,22.7095,4467779,0,0,0,14-3-28 9:49:29,1
37SX233LBI,114.348,22.7095,4467779,0,0,0,14-3-28 9:51:29,1
37SX233LBI,114.348,22.7095,4467779,0,0,0,14-3-28 9:51:50,1
37SX233LBI,114.348,22.7096,4467779,0,0,0,14-3-28 9:53:29,1
37SX233LBI,114.348,22.7095,4467779,0,0,0,14-3-28 9:55:29,1
37SX233LBI,114.348,22.7095,4467779,0,0,0,14-3-28 9:56:50,1
37SX233LBI,114.348,22.7095,4467779,0,0,0,14-3-28 9:57:29,1
37SX233LBI,114.348,22.7095,4467779,5,140,0,14-3-28 9:59:29,1
37SX233LBI,114.347,22.7099,4467780,12,175,0,14-3-28 10:0:18,1
37SX233LBI,114.347,22.7119,4467783,29,5,0,14-3-28 10:1:9,1
37SX233LBI,114.348,22.7138,4467785,44,5,0,14-3-28 10:1:29,1
37SX233LBI,114.348,22.7156,4467787,53,5,0,14-3-28 10:1:44,1
37SX233LBI,114.349,22.7174,4467789,55,15,0,14-3-28 10:1:58,1
37SX233LBI,114.35,22.7189,4467791,23,15,0,14-3-28 10:2:14,1
37SX233LBI,114.35,22.7179,4467794,31,105,0,14-3-28 10:3:18,1
37SX233LBI,114.348,22.7162,4467796,44,100,0,14-3-28 10:3:37,1
37SX233LBI,114.348,22.7145,4467798,14,125,0,14-3-28 10:3:59,1
37SX233LBI,114.348,22.7141,4467799,0,0,0,14-3-28 10:5:59,1
37SX233LBI,114.348,22.7141,4467799,0,0,0,14-3-28 10:6:56,1
37SX233LBI,114.348,22.7141,4467799,0,0,0,14-3-28 10:7:59,1
37SX233LBI,114.348,22.7135,4467799,16,90,0,14-3-28 10:9:59,1
37SX233LBI,114.347,22.7123,4467801,31,95,0,14-3-28 10:10:18,1
37SX233LBI,114.347,22.7104,4467803,23,95,0,14-3-28 10:11:2,1
37SX233LBI,114.347,22.7101,4467803,0,0,0,14-3-28 10:11:56,1
37SX233LBI,114.347,22.7105,4467804,0,0,0,14-3-28 10:13:2,1
37SX233LBI,114.347,22.7113,4467805,23,5,0,14-3-28 10:13:24,1
37SX233LBI,114.348,22.7131,4467807,38,5,0,14-3-28 10:13:49,1
37SX233LBI,114.348,22.7149,4467810,46,5,0,14-3-28 10:14:6,1
37SX233LBI,114.349,22.7169,4467812,55,15,0,14-3-28 10:14:22,1
37SX233LBI,114.35,22.7184,4467814,55,15,0,14-3-28 10:14:35,1
37SX233LBI,114.351,22.7202,4467816,23,20,0,14-3-28 10:16:38,1
37SX233LBI,114.353,22.7214,4467818,49,25,0,14-3-28 10:16:57,1
37SX233LBI,114.353,22.7214,4467819,51,25,0,14-3-28 10:16:58,1
37SX233LBI,114.355,22.7225,4467821,58,25,0,14-3-28 10:17:11,1
37SX233LBI,114.356,22.7237,4467823,57,20,0,14-3-28 10:17:23,1
37SX233LBI,114.358,22.7248,4467825,60,25,0,14-3-28 10:17:35,1
37SX233LBI,114.359,22.726,4467827,62,25,0,14-3-28 10:17:47,1
37SX233LBI,114.361,22.7272,4467829,53,25,0,14-3-28 10:18:0,1
37SX233LBI,114.365,22.7289,4467834,57,35,0,14-3-28 10:18:27,1
37SX233LBI,114.367,22.7294,4467836,57,30,0,14-3-28 10:18:40,1
37SX233LBI,114.368,22.7309,4467838,53,15,0,14-3-28 10:18:53,1
37SX233LBI,114.368,22.7324,4467840,44,150,0,14-3-28 10:19:9,1
37SX233LBI,114.366,22.7326,4467842,42,145,0,14-3-28 10:19:23,1
37SX233LBI,114.365,22.7342,4467844,57,165,0,14-3-28 10:19:38,1
37SX233LBI,114.364,22.7358,4467847,66,165,0,14-3-28 10:19:50,1
37SX233LBI,114.363,22.7379,4467849,64,165,0,14-3-28 10:20:4,1
37SX233LBI,114.362,22.7395,4467852,62,165,0,14-3-28 10:20:15,1
37SX233LBI,114.361,22.7415,4467854,38,165,0,14-3-28 10:20:30,1
37SX233LBI,114.36,22.7432,4467856,33,165,0,14-3-28 10:21:23,1
37SX233LBI,114.358,22.7453,4467859,58,150,0,14-3-28 10:21:44,1
37SX233LBI,114.356,22.7461,4467861,57,135,0,14-3-28 10:21:58,1
37SX233LBI,114.354,22.7431,4467866,66,100,0,14-3-28 10:22:25,1
37SX233LBI,114.353,22.7414,4467868,68,100,0,14-3-28 10:22:36,1
37SX233LBI,114.352,22.7397,4467870,69,100,0,14-3-28 10:22:47,1
37SX233LBI,114.352,22.738,4467872,69,100,0,14-3-28 10:22:57,1
37SX233LBI,114.348,22.7329,4467879,69,110,0,14-3-28 10:23:30,1
37SX233LBI,114.347,22.7317,4467881,64,115,0,14-3-28 10:23:41,1
37SX233LBI,114.345,22.7307,4467883,57,125,0,14-3-28 10:23:54,1
37SX233LBI,114.343,22.7302,4467886,57,125,0,14-3-28 10:24:7,1
37SX233LBI,114.341,22.7299,4467888,58,130,0,14-3-28 10:24:20,1
37SX233LBI,114.335,22.7297,4467894,69,130,0,14-3-28 10:24:55,1
37SX233LBI,114.332,22.7296,4467897,77,130,0,14-3-28 10:25:10,1
37SX233LBI,114.328,22.7295,4467902,75,130,0,14-3-28 10:25:29,1
37SX233LBI,114.326,22.7295,4467904,75,130,0,14-3-28 10:25:39,1
37SX233LBI,114.323,22.7294,4467906,75,130,0,14-3-28 10:25:49,1
37SX233LBI,114.321,22.7293,4467908,71,130,0,14-3-28 10:25:59,1
37SX233LBI,114.317,22.7291,4467913,73,130,0,14-3-28 10:26:21,1
37SX233LBI,114.315,22.7288,4467915,73,125,0,14-3-28 10:26:31,1
37SX233LBI,114.31,22.7271,4467921,75,120,0,14-3-28 10:26:59,1
37SX233LBI,114.309,22.7266,4467922,75,120,0,14-3-28 10:27:4,1
37SX233LBI,114.307,22.7256,4467925,75,115,0,14-3-28 10:27:14,1
37SX233LBI,114.3,22.7213,4467933,71,115,0,14-3-28 10:27:54,1
37SX233LBI,114.299,22.7203,4467936,69,115,0,14-3-28 10:28:4,1
37SX233LBI,114.297,22.7193,4467937,71,115,0,14-3-28 10:28:14,1
37SX233LBI,114.295,22.718,4467940,71,115,0,14-3-28 10:28:26,1
37SX233LBI,114.29,22.7147,4467947,75,115,0,14-3-28 10:28:56,1
37SX233LBI,114.285,22.7118,4467953,71,120,0,14-3-28 10:29:26,1
37SX233LBI,114.283,22.711,4467955,75,120,0,14-3-28 10:29:36,1
37SX233LBI,114.281,22.7105,4467957,77,125,0,14-3-28 10:29:46,1
37SX233LBI,114.279,22.7101,4467959,73,130,0,14-3-28 10:29:56,1
37SX233LBI,114.275,22.7099,4467964,71,130,0,14-3-28 10:30:18,1
37SX233LBI,114.273,22.7099,4467966,75,130,0,14-3-28 10:30:28,1
37SX233LBI,114.271,22.7099,4467968,71,130,0,14-3-28 10:30:38,1
37SX233LBI,114.269,22.7099,4467970,71,130,0,14-3-28 10:30:48,1
37SX233LBI,114.267,22.7098,4467973,71,130,0,14-3-28 10:30:58,1
37SX233LBI,114.265,22.7098,4467975,73,130,0,14-3-28 10:31:8,1
37SX233LBI,114.263,22.7098,4467977,73,130,0,14-3-28 10:31:18,1
37SX233LBI,114.256,22.7097,4467984,75,130,0,14-3-28 10:31:50,1
37SX233LBI,114.248,22.7083,4467993,71,115,0,14-3-28 10:32:31,1
37SX233LBI,114.245,22.7057,4467997,75,105,0,14-3-28 10:32:50,1
37SX233LBI,114.23,22.688,4468023,44,110,0,14-3-28 10:34:52,1
37SX233LBI,114.229,22.687,4468024,1,105,0,14-3-28 10:36:52,1
37SX233LBI,114.229,22.687,4468024,1,100,0,14-3-28 10:37:26,1
37SX233LBI,114.229,22.6868,4468025,0,0,0,14-3-28 10:38:52,1
37SX233LBI,114.229,22.6867,4468025,0,0,0,14-3-28 10:40:52,1
37SX233LBI,114.228,22.6866,4468025,1,110,0,14-3-28 10:42:27,1
37SX233LBI,114.228,22.6864,4468025,1,105,0,14-3-28 10:42:52,1
37SX233LBI,114.228,22.6862,4468025,7,100,0,14-3-28 10:43:59,1
37SX233LBI,114.227,22.6851,4468028,38,115,0,14-3-28 10:44:32,1
37SX233LBI,114.223,22.6834,4468032,57,120,0,14-3-28 10:45:1,1
37SX233LBI,114.221,22.6828,4468034,60,125,0,14-3-28 10:45:13,1
37SX233LBI,114.219,22.6822,4468036,58,125,0,14-3-28 10:45:27,1
37SX233LBI,114.217,22.6817,4468039,64,125,0,14-3-28 10:45:39,1
37SX233LBI,114.215,22.6812,4468041,69,125,0,14-3-28 10:45:50,1
37SX233LBI,114.213,22.6808,4468043,64,125,0,14-3-28 10:46:1,1
37SX233LBI,114.21,22.6791,4468047,57,120,0,14-3-28 10:46:26,1
37SX233LBI,114.206,22.6781,4468051,68,130,0,14-3-28 10:46:50,1
37SX233LBI,114.204,22.678,4468054,73,130,0,14-3-28 10:47:0,1
37SX233LBI,114.198,22.6767,4468060,73,120,0,14-3-28 10:47:28,1
37SX233LBI,114.197,22.676,4468062,71,120,0,14-3-28 10:47:37,1
37SX233LBI,114.195,22.675,4468064,68,115,0,14-3-28 10:47:47,1
37SX233LBI,114.193,22.6738,4468066,68,110,0,14-3-28 10:47:58,1
37SX233LBI,114.192,22.6724,4468068,66,110,0,14-3-28 10:48:9,1
37SX233LBI,114.191,22.671,4468070,68,105,0,14-3-28 10:48:20,1
37SX233LBI,114.19,22.6694,4468072,73,105,0,14-3-28 10:48:31,1
37SX233LBI,114.188,22.6678,4468075,75,105,0,14-3-28 10:48:41,1
37SX233LBI,114.186,22.665,4468079,77,110,0,14-3-28 10:49:0,1
37SX233LBI,114.184,22.6636,4468081,75,110,0,14-3-28 10:49:10,1
37SX233LBI,114.183,22.6622,4468083,73,110,0,14-3-28 10:49:20,1
37SX233LBI,114.181,22.6609,4468085,75,110,0,14-3-28 10:49:30,1
37SX233LBI,114.18,22.6596,4468088,77,110,0,14-3-28 10:49:40,1
37SX233LBI,114.178,22.6584,4468090,77,115,0,14-3-28 10:49:50,1
37SX233LBI,114.174,22.6568,4468094,73,125,0,14-3-28 10:50:10,1
37SX233LBI,114.172,22.6564,4468096,71,130,0,14-3-28 10:50:20,1
37SX233LBI,114.17,22.6562,4468099,73,135,0,14-3-28 10:50:33,1
37SX233LBI,114.166,22.6569,4468103,73,140,0,14-3-28 10:50:53,1
37SX233LBI,114.162,22.6581,4468108,75,140,0,14-3-28 10:51:13,1
37SX233LBI,114.16,22.6588,4468110,77,140,0,14-3-28 10:51:23,1
37SX233LBI,114.158,22.6594,4468112,75,140,0,14-3-28 10:51:33,1
37SX233LBI,114.154,22.6607,4468117,75,140,0,14-3-28 10:51:53,1
37SX233LBI,114.152,22.6613,4468119,77,140,0,14-3-28 10:52:3,1
37SX233LBI,114.145,22.6616,4468126,73,130,0,14-3-28 10:52:35,1
37SX233LBI,114.143,22.6614,4468128,71,130,0,14-3-28 10:52:45,1
37SX233LBI,114.141,22.6613,4468130,69,130,0,14-3-28 10:52:55,1
37SX233LBI,114.139,22.6611,4468133,64,130,0,14-3-28 10:53:6,1
37SX233LBI,114.137,22.661,4468135,60,130,0,14-3-28 10:53:18,1
37SX233LBI,114.133,22.6616,4468139,71,140,0,14-3-28 10:53:43,1
37SX233LBI,114.131,22.6622,4468141,68,145,0,14-3-28 10:53:52,1
37SX233LBI,114.129,22.6628,4468143,66,140,0,14-3-28 10:54:3,1
37SX233LBI,114.127,22.6635,4468146,69,145,0,14-3-28 10:54:14,1
37SX233LBI,114.124,22.6647,4468150,73,140,0,14-3-28 10:54:34,1
37SX233LBI,114.122,22.6651,4468152,73,140,0,14-3-28 10:54:44,1
37SX233LBI,114.117,22.6654,4468156,71,135,0,14-3-28 10:55:5,1
37SX233LBI,114.115,22.6653,4468159,71,130,0,14-3-28 10:55:15,1
37SX233LBI,114.113,22.6652,4468161,71,130,0,14-3-28 10:55:25,1
37SX233LBI,114.109,22.665,4468165,68,130,0,14-3-28 10:55:47,1
37SX233LBI,114.107,22.6649,4468167,49,130,0,14-3-28 10:55:58,1
37SX233LBI,114.105,22.6648,4468169,31,130,0,14-3-28 10:56:20,1
37SX233LBI,114.103,22.6647,4468171,40,130,0,14-3-28 10:56:41,1
37SX233LBI,114.101,22.6647,4468174,49,135,0,14-3-28 10:56:57,1
37SX233LBI,114.095,22.6657,4468180,71,140,0,14-3-28 10:57:31,1
37SX233LBI,114.093,22.666,4468182,69,140,0,14-3-28 10:57:41,1
37SX233LBI,114.091,22.6665,4468185,64,140,0,14-3-28 10:57:55,1
37SX233LBI,114.089,22.667,4468187,57,140,0,14-3-28 10:58:7,1
37SX233LBI,114.087,22.6676,4468189,57,145,0,14-3-28 10:58:20,1
37SX233LBI,114.084,22.6694,4468193,68,150,0,14-3-28 10:58:43,1
37SX233LBI,114.08,22.6718,4468198,44,150,0,14-3-28 10:59:9,1
37SX233LBI,114.079,22.6729,4468200,55,150,0,14-3-28 10:59:24,1
37SX233LBI,114.077,22.6737,4468202,68,145,0,14-3-28 10:59:37,1
37SX233LBI,114.075,22.6742,4468204,69,135,0,14-3-28 10:59:49,1
37SX233LBI,114.073,22.6744,4468207,73,135,0,14-3-28 10:59:58,1
37SX233LBI,114.068,22.6755,4468211,77,145,0,14-3-28 11:0:21,1
37SX233LBI,114.064,22.6773,4468216,73,150,0,14-3-28 11:0:41,1
37SX233LBI,114.062,22.6788,4468219,71,150,0,14-3-28 11:0:54,1
37SX233LBI,114.061,22.6799,4468221,75,150,0,14-3-28 11:1:3,1
37SX233LBI,114.055,22.6825,4468227,73,140,0,14-3-28 11:1:32,1
37SX233LBI,114.053,22.6831,4468230,73,140,0,14-3-28 11:1:42,1
37SX233LBI,114.051,22.6843,4468232,71,155,0,14-3-28 11:1:55,1
37SX233LBI,114.05,22.6857,4468234,69,160,0,14-3-28 11:2:5,1
37SX233LBI,114.049,22.6875,4468236,66,175,0,14-3-28 11:2:16,1
37SX233LBI,114.05,22.6932,4468243,66,0,0,14-3-28 11:2:50,1
37SX233LBI,114.05,22.695,4468245,68,0,0,14-3-28 11:3:1,1
37SX233LBI,114.05,22.697,4468247,69,0,0,14-3-28 11:3:12,1
37SX233LBI,114.05,22.6988,4468250,73,175,0,14-3-28 11:3:22,1
37SX233LBI,114.05,22.7013,4468252,75,170,0,14-3-28 11:3:35,1
37SX233LBI,114.049,22.7031,4468254,75,170,0,14-3-28 11:3:45,1
37SX233LBI,114.048,22.7068,4468259,75,170,0,14-3-28 11:4:5,1
37SX233LBI,114.047,22.7087,4468261,77,170,0,14-3-28 11:4:16,1
37SX233LBI,114.047,22.7106,4468263,75,170,0,14-3-28 11:4:25,1
37SX233LBI,114.045,22.7142,4468268,75,165,0,14-3-28 11:4:45,1
37SX233LBI,114.044,22.7159,4468270,73,165,0,14-3-28 11:4:55,1
37SX233LBI,114.043,22.7176,4468272,73,165,0,14-3-28 11:5:5,1
37SX233LBI,114.041,22.7213,4468277,75,165,0,14-3-28 11:5:27,1
37SX233LBI,114.037,22.7279,4468286,71,160,0,14-3-28 11:6:8,1
37SX233LBI,114.036,22.7294,4468288,75,160,0,14-3-28 11:6:18,1
37SX233LBI,114.034,22.7308,4468290,73,155,0,14-3-28 11:6:28,1
37SX233LBI,114.032,22.7335,4468295,73,155,0,14-3-28 11:6:48,1
37SX233LBI,114.03,22.7351,4468297,73,155,0,14-3-28 11:7:1,1
37SX233LBI,114.028,22.7363,4468299,73,155,0,14-3-28 11:7:11,1
37SX233LBI,114.025,22.7415,4468306,77,170,0,14-3-28 11:7:43,1
37SX233LBI,114.025,22.7435,4468309,75,175,0,14-3-28 11:7:53,1
37SX233LBI,114.025,22.7473,4468313,75,0,0,14-3-28 11:8:13,1
37SX233LBI,114.025,22.7492,4468315,75,0,0,14-3-28 11:8:23,1
37SX233LBI,114.026,22.7511,4468317,77,0,0,14-3-28 11:8:33,1
37SX233LBI,114.026,22.753,4468320,71,0,0,14-3-28 11:8:43,1
37SX233LBI,114.026,22.7548,4468322,69,5,0,14-3-28 11:8:53,1
37SX233LBI,114.027,22.7567,4468324,69,5,0,14-3-28 11:9:4,1
37SX233LBI,114.029,22.7623,4468331,75,10,0,14-3-28 11:9:35,1
37SX233LBI,114.031,22.7658,4468335,73,10,0,14-3-28 11:9:55,1
37SX233LBI,114.031,22.7676,4468337,71,10,0,14-3-28 11:10:5,1
37SX233LBI,114.033,22.7691,4468339,73,15,0,14-3-28 11:10:15,1
37SX233LBI,114.037,22.7761,4468349,60,0,0,14-3-28 11:11:5,1
37SX233LBI,114.037,22.7779,4468351,71,0,0,14-3-28 11:11:15,1
37SX233LBI,114.037,22.7798,4468353,77,175,0,14-3-28 11:11:25,1
37SX233LBI,114.037,22.7818,4468356,75,175,0,14-3-28 11:11:35,1
37SX233LBI,114.037,22.7837,4468358,73,175,0,14-3-28 11:11:45,1
37SX233LBI,114.037,22.7856,4468360,73,0,0,14-3-28 11:11:55,1
37SX233LBI,114.037,22.788,4468363,75,175,0,14-3-28 11:12:7,1
37SX233LBI,114.037,22.7899,4468365,73,175,0,14-3-28 11:12:17,1
37SX233LBI,114.037,22.7996,4468376,75,0,0,14-3-28 11:13:9,1
37SX233LBI,114.026,22.8144,4468398,73,145,0,14-3-28 11:14:51,1
37SX233LBI,114.024,22.8152,4468400,75,145,0,14-3-28 11:15:1,1
37SX233LBI,114.023,22.8159,4468402,71,140,0,14-3-28 11:15:11,1
37SX233LBI,114.021,22.8164,4468404,68,140,0,14-3-28 11:15:21,1
37SX233LBI,114.017,22.8177,4468408,60,150,0,14-3-28 11:15:42,1
37SX233LBI,114.014,22.8206,4468413,73,155,0,14-3-28 11:16:7,1
37SX233LBI,114.011,22.8231,4468417,75,155,0,14-3-28 11:16:25,1
37SX233LBI,114.009,22.8257,4468421,77,165,0,14-3-28 11:16:41,1
37SX233LBI,114.008,22.8277,4468423,75,165,0,14-3-28 11:16:52,1
37SX233LBI,114.005,22.8323,4468429,79,160,0,14-3-28 11:17:20,1
37SX233LBI,114.004,22.8338,4468432,75,155,0,14-3-28 11:17:30,1
37SX233LBI,114.002,22.8352,4468434,73,160,0,14-3-28 11:17:40,1
37SX233LBI,114.001,22.8371,4468437,69,160,0,14-3-28 11:17:54,1
37SX233LBI,113.999,22.8386,4468439,68,155,0,14-3-28 11:18:4,1
37SX233LBI,113.998,22.84,4468441,69,155,0,14-3-28 11:18:15,1
37SX233LBI,113.993,22.8439,4468448,75,150,0,14-3-28 11:18:47,1
37SX233LBI,113.992,22.8452,4468450,77,150,0,14-3-28 11:18:57,1
37SX233LBI,113.988,22.8475,4468454,68,150,0,14-3-28 11:19:17,1
37SX233LBI,113.987,22.8487,4468457,62,150,0,14-3-28 11:19:28,1
37SX233LBI,113.984,22.8514,4468461,64,160,0,14-3-28 11:19:52,1
37SX233LBI,113.983,22.8531,4468463,68,165,0,14-3-28 11:20:3,1
37SX233LBI,113.982,22.8571,4468468,71,175,0,14-3-28 11:20:26,1
37SX233LBI,113.982,22.8589,4468470,64,170,0,14-3-28 11:20:36,1
37SX233LBI,113.981,22.8607,4468472,36,170,0,14-3-28 11:20:50,1
37SX233LBI,113.981,22.8635,4468475,31,0,0,14-3-28 11:22:54,1
37SX233LBI,113.98,22.8635,4468476,33,105,0,14-3-28 11:23:10,1
37SX233LBI,113.979,22.8618,4468479,42,95,0,14-3-28 11:23:29,1
37SX233LBI,113.978,22.8601,4468481,49,100,0,14-3-28 11:23:45,1
37SX233LBI,113.977,22.8585,4468483,58,105,0,14-3-28 11:23:58,1
37SX233LBI,113.976,22.8569,4468485,60,100,0,14-3-28 11:24:10,1
37SX233LBI,113.976,22.8551,4468487,34,90,0,14-3-28 11:24:25,1
37SX233LBI,113.977,22.8518,4468491,53,70,0,14-3-28 11:24:58,1
37SX233LBI,113.978,22.8503,4468493,57,70,0,14-3-28 11:25:11,1
37SX233LBI,113.979,22.8487,4468496,44,70,0,14-3-28 11:25:24,1
37SX233LBI,113.98,22.8468,4468498,29,85,0,14-3-28 11:26:12,1
37SX233LBI,113.98,22.845,4468500,47,90,0,14-3-28 11:26:30,1
37SX233LBI,113.98,22.8432,4468502,57,90,0,14-3-28 11:26:43,1
37SX233LBI,113.98,22.8413,4468504,53,100,0,14-3-28 11:26:57,1
37SX233LBI,113.979,22.8397,4468506,49,105,0,14-3-28 11:27:11,1
37SX233LBI,113.977,22.8365,4468511,58,105,0,14-3-28 11:27:40,1
37SX233LBI,113.975,22.8346,4468513,60,105,0,14-3-28 11:27:55,1
37SX233LBI,113.974,22.8334,4468515,14,105,0,14-3-28 11:28:8,1
37SX233LBI,113.973,22.8337,4468517,25,150,0,14-3-28 11:29:13,1
37SX233LBI,113.971,22.8349,4468519,31,155,0,14-3-28 11:29:38,1
37SX233LBI,113.969,22.8365,4468522,18,155,0,14-3-28 11:30:27,1
37SX233LBI,113.968,22.8381,4468524,23,160,0,14-3-28 11:31:1,1
37SX233LBI,113.967,22.8397,4468526,14,160,0,14-3-28 11:31:29,1
37SX233LBI,113.966,22.8414,4468528,31,160,0,14-3-28 11:32:26,1
37SX233LBI,113.965,22.8431,4468530,22,160,0,14-3-28 11:32:52,1
37SX233LBI,113.965,22.8432,4468531,11,140,0,14-3-28 11:32:56,1
37SX233LBI,113.966,22.8415,4468533,20,70,0,14-3-28 11:34:30,1
37SX233LBI,113.968,22.8382,4468537,25,70,0,14-3-28 11:35:53,1
37SX233LBI,113.969,22.8366,4468539,33,70,0,14-3-28 11:36:19,1
37SX233LBI,113.971,22.8353,4468542,25,65,0,14-3-28 11:36:42,1
37SX233LBI,113.972,22.834,4468544,38,65,0,14-3-28 11:37:4,1
37SX233LBI,113.974,22.8327,4468546,7,90,0,14-3-28 11:37:36,1
37SX233LBI,113.973,22.832,4468547,22,100,0,14-3-28 11:37:57,1
37SX233LBI,113.973,22.8315,4468548,7,5,0,14-3-28 11:39:7,1
37SX233LBI,113.973,22.8316,4468548,1,85,0,14-3-28 11:41:7,1
37SX233LBI,113.974,22.833,4468550,0,0,0,14-3-28 11:43:7,1
37SX233LBI,113.973,22.8334,4468551,20,155,0,14-3-28 11:43:36,1
37SX233LBI,113.972,22.8347,4468553,36,155,0,14-3-28 11:44:3,1
37SX233LBI,113.97,22.8361,4468555,22,155,0,14-3-28 11:44:46,1
37SX233LBI,113.969,22.8376,4468557,34,160,0,14-3-28 11:45:10,1
37SX233LBI,113.968,22.8391,4468559,31,160,0,14-3-28 11:45:34,1
37SX233LBI,113.966,22.8408,4468562,25,160,0,14-3-28 11:46:24,1
37SX233LBI,113.965,22.8423,4468564,18,160,0,14-3-28 11:46:50,1
37SX233LBI,113.965,22.8418,4468565,1,100,0,14-3-28 11:47:59,1
37SX233LBI,113.965,22.8418,4468565,1,120,0,14-3-28 11:48:50,1
37SX233LBI,113.964,22.8416,4468565,0,105,0,14-3-28 11:50:51,1
37SX233LBI,113.964,22.8416,4468565,0,105,0,14-3-28 11:53:1,1
37SX233LBI,113.964,22.8416,4468565,0,105,0,14-3-28 11:54:51,1
37SX233LBI,113.964,22.8416,4468565,0,105,0,14-3-28 11:56:51,1
37SX233LBI,113.964,22.8416,4468565,0,105,0,14-3-28 11:58:2,1
37SX233LBI,113.964,22.8416,4468565,0,105,0,14-3-28 11:58:51,1
37SX233LBI,113.964,22.8416,4468565,0,105,0,14-3-28 12:0:51,1
37SX233LBI,113.964,22.8416,4468565,0,105,0,14-3-28 12:2:51,1
37SX233LBI,113.964,22.8416,4468565,0,105,0,14-3-28 12:3:3,1
37SX233LBI,113.964,22.8416,4468565,0,105,0,14-3-28 12:4:51,1
37SX233LBI,113.964,22.8416,4468565,0,105,0,14-3-28 12:6:51,1
37SX233LBI,113.964,22.8416,4468565,0,105,0,14-3-28 12:8:4,1
37SX233LBI,113.964,22.8416,4468565,0,105,0,14-3-28 12:8:52,1
37SX233LBI,113.964,22.8416,4468565,0,105,0,14-3-28 12:10:52,1
37SX233LBI,113.964,22.8416,4468565,0,105,0,14-3-28 12:13:5,1
37SX233LBI,113.964,22.8416,4468565,0,105,0,14-3-28 12:14:53,1
37SX233LBI,113.964,22.8416,4468565,0,105,0,14-3-28 12:16:54,1
37SX233LBI,113.964,22.8416,4468565,0,105,0,14-3-28 12:18:6,1
37SX233LBI,113.964,22.8416,4468565,0,105,0,14-3-28 12:18:57,1
37SX233LBI,113.964,22.8416,4468565,0,105,0,14-3-28 12:20:57,1
37SX233LBI,113.964,22.8416,4468565,0,105,0,14-3-28 12:22:57,1
37SX233LBI,113.964,22.8416,4468565,0,105,0,14-3-28 12:23:7,1
37SX233LBI,113.964,22.8416,4468565,0,105,0,14-3-28 12:24:57,1
37SX233LBI,113.964,22.8416,4468565,0,105,0,14-3-28 12:26:57,1
37SX233LBI,113.964,22.8416,4468565,0,105,0,14-3-28 12:28:8,1
37SX233LBI,113.964,22.8416,4468565,0,105,0,14-3-28 12:28:57,1
37SX233LBI,113.964,22.8416,4468565,0,105,0,14-3-28 12:32:57,1
37SX233LBI,113.964,22.8416,4468565,0,105,0,14-3-28 12:33:8,1
37SX233LBI,113.964,22.8416,4468565,0,105,0,14-3-28 12:34:57,1
37SX233LBI,113.965,22.8421,4468566,5,5,0,14-3-28 12:36:56,1
37SX233LBI,113.965,22.8422,4468567,11,70,0,14-3-28 12:37:40,1
37SX233LBI,113.966,22.8405,4468569,33,70,0,14-3-28 12:38:12,1
37SX233LBI,113.968,22.8388,4468571,27,70,0,14-3-28 12:39:7,1
37SX233LBI,113.969,22.8372,4468573,27,70,0,14-3-28 12:39:31,1
37SX233LBI,113.97,22.8358,4468575,29,65,0,14-3-28 12:39:54,1
37SX233LBI,113.972,22.8345,4468577,31,65,0,14-3-28 12:40:24,1
37SX233LBI,113.973,22.8331,4468580,33,65,0,14-3-28 12:40:47,1
37SX233LBI,113.973,22.8314,4468582,16,100,0,14-3-28 12:41:33,1
37SX233LBI,113.973,22.8315,4468583,0,0,0,14-3-28 12:43:32,1
37SX233LBI,113.974,22.8324,4468584,18,10,0,14-3-28 12:45:32,1
37SX233LBI,113.974,22.8328,4468585,11,145,0,14-3-28 12:45:48,1
37SX233LBI,113.971,22.8354,4468589,16,155,0,14-3-28 12:46:43,1
37SX233LBI,113.969,22.8369,4468591,33,160,0,14-3-28 12:47:25,1
37SX233LBI,113.967,22.8398,4468595,5,160,0,14-3-28 12:48:14,1
37SX233LBI,113.967,22.8404,4468596,20,160,0,14-3-28 12:48:43,1
37SX233LBI,113.965,22.8421,4468598,22,160,0,14-3-28 12:49:17,1
37SX233LBI,113.965,22.8425,4468600,9,70,0,14-3-28 12:50:26,1
37SX233LBI,113.966,22.8413,4468602,5,70,0,14-3-28 12:52:26,1
37SX233LBI,113.966,22.8412,4468602,0,45,0,14-3-28 12:53:15,1
37SX233LBI,113.966,22.8412,4468602,0,45,0,14-3-28 12:54:26,1
37SX233LBI,113.966,22.8412,4468602,0,0,0,14-3-28 12:56:26,1
37SX233LBI,113.966,22.8411,4468602,0,0,0,14-3-28 12:58:26,1
37SX233LBI,113.966,22.8412,4468602,0,30,0,14-3-28 13:0:26,1
37SX233LBI,113.966,22.8411,4468602,0,0,0,14-3-28 13:2:26,1
37SX233LBI,113.966,22.8411,4468602,0,50,0,14-3-28 13:3:17,1
37SX233LBI,113.966,22.8411,4468602,0,50,0,14-3-28 13:4:26,1
37SX233LBI,113.966,22.8411,4468602,0,0,0,14-3-28 13:6:26,1
37SX233LBI,113.966,22.8412,4468602,0,0,0,14-3-28 13:8:18,1
37SX233LBI,113.966,22.8412,4468602,0,0,0,14-3-28 13:8:26,1
37SX233LBI,113.966,22.8413,4468602,0,0,0,14-3-28 13:10:26,1
37SX233LBI,113.967,22.8404,4468603,12,70,0,14-3-28 13:11:43,1
37SX233LBI,113.968,22.8382,4468606,12,70,0,14-3-28 13:13:19,1
37SX233LBI,113.969,22.8367,4468608,18,70,0,14-3-28 13:14:3,1
37SX233LBI,113.971,22.8353,4468610,5,60,0,14-3-28 13:14:47,1
37SX233LBI,113.973,22.8338,4468612,16,65,0,14-3-28 13:15:48,1
37SX233LBI,113.974,22.8321,4468615,20,100,0,14-3-28 13:16:38,1
37SX233LBI,113.973,22.8298,4468618,29,95,0,14-3-28 13:17:15,1
37SX233LBI,113.972,22.8263,4468622,40,95,0,14-3-28 13:17:55,1
37SX233LBI,113.971,22.8246,4468624,42,95,0,14-3-28 13:18:13,1
37SX233LBI,113.971,22.8238,4468625,44,95,0,14-3-28 13:18:20,1
37SX233LBI,113.97,22.8226,4468626,42,95,0,14-3-28 13:18:32,1
37SX233LBI,113.969,22.8209,4468628,20,95,0,14-3-28 13:18:51,1
37SX233LBI,113.969,22.8191,4468631,27,95,0,14-3-28 13:20:37,1
37SX233LBI,113.968,22.8172,4468633,42,95,0,14-3-28 13:20:59,1
37SX233LBI,113.968,22.8154,4468635,29,90,0,14-3-28 13:21:17,1
37SX233LBI,113.967,22.8136,4468637,36,100,0,14-3-28 13:21:44,1
37SX233LBI,113.965,22.8105,4468641,44,105,0,14-3-28 13:22:16,1
37SX233LBI,113.964,22.809,4468643,31,105,0,14-3-28 13:23:37,1
37SX233LBI,113.962,22.8072,4468646,22,110,0,14-3-28 13:24:5,1
37SX233LBI,113.961,22.8058,4468648,42,110,0,14-3-28 13:24:27,1
37SX233LBI,113.96,22.8046,4468650,53,115,0,14-3-28 13:24:42,1
37SX233LBI,113.958,22.8037,4468652,57,120,0,14-3-28 13:24:55,1
37SX233LBI,113.956,22.8027,4468654,47,120,0,14-3-28 13:25:8,1
37SX233LBI,113.951,22.8001,4468661,58,120,0,14-3-28 13:25:53,1
37SX233LBI,113.945,22.7984,4468667,47,125,0,14-3-28 13:26:29,1
37SX233LBI,113.941,22.7967,4468671,53,110,0,14-3-28 13:27:1,1
37SX233LBI,113.939,22.7937,4468676,27,105,0,14-3-28 13:28:10,1
37SX233LBI,113.936,22.7919,4468680,31,150,0,14-3-28 13:28:56,1
37SX233LBI,113.934,22.7931,4468682,29,150,0,14-3-28 13:29:19,1
37SX233LBI,113.933,22.7946,4468684,36,160,0,14-3-28 13:29:41,1
37SX233LBI,113.929,22.7991,4468691,0,0,0,14-3-28 13:32:25,1
37SX233LBI,113.929,22.7992,4468691,0,0,0,14-3-28 13:33:39,1
37SX233LBI,113.929,22.7994,4468691,12,160,0,14-3-28 13:34:21,1
37SX233LBI,113.929,22.8008,4468693,0,0,0,14-3-28 13:36:21,1
37SX233LBI,113.93,22.801,4468693,0,0,0,14-3-28 13:47:34,1
37SX233LBI,113.93,22.801,4468693,1,115,0,14-3-28 13:47:54,1
37SX233LBI,113.929,22.8011,4468694,0,0,0,14-3-28 13:49:34,1
37SX233LBI,113.929,22.8011,4468694,0,0,0,14-3-28 13:51:34,1
37SX233LBI,113.929,22.8011,4468694,0,0,0,14-3-28 13:52:51,1
37SX233LBI,113.929,22.8011,4468694,0,0,0,14-3-28 13:53:34,1
37SX233LBI,113.929,22.8011,4468694,0,0,0,14-3-28 13:55:34,1
37SX233LBI,113.929,22.8011,4468694,0,0,0,14-3-28 13:57:34,1
37SX233LBI,113.929,22.8011,4468694,0,0,0,14-3-28 13:57:53,1
37SX233LBI,113.929,22.8012,4468694,0,150,0,14-3-28 13:59:34,1
37SX233LBI,113.929,22.8012,4468694,0,0,0,14-3-28 14:1:34,1
37SX233LBI,113.929,22.8012,4468694,0,0,0,14-3-28 14:2:54,1
37SX233LBI,113.929,22.8012,4468694,0,0,0,14-3-28 14:3:34,1
37SX233LBI,113.929,22.8012,4468694,0,0,0,14-3-28 14:5:34,1
37SX233LBI,113.929,22.8012,4468694,0,0,0,14-3-28 14:9:34,1
37SX233LBI,113.929,22.8012,4468694,0,0,0,14-3-28 14:11:34,1
37SX233LBI,113.929,22.8012,4468694,0,0,0,14-3-28 14:12:56,1
37SX233LBI,113.929,22.8012,4468694,0,0,0,14-3-28 14:13:34,1
37SX233LBI,113.929,22.8012,4468694,0,0,0,14-3-28 14:15:34,1
37SX233LBI,113.929,22.8012,4468694,0,0,0,14-3-28 14:17:34,1
37SX233LBI,113.929,22.8012,4468694,0,0,0,14-3-28 14:17:57,1
37SX233LBI,113.929,22.8012,4468694,0,0,0,14-3-28 14:19:34,1
37SX233LBI,113.929,22.8012,4468694,0,0,0,14-3-28 14:21:34,1
37SX233LBI,113.929,22.8012,4468694,0,0,0,14-3-28 14:23:3,1
37SX233LBI,113.929,22.8012,4468694,0,0,0,14-3-28 14:23:34,1
37SX233LBI,113.929,22.8012,4468694,0,0,0,14-3-28 14:25:34,1
37SX233LBI,113.929,22.8012,4468694,0,0,0,14-3-28 14:27:34,1
37SX233LBI,113.929,22.8012,4468694,0,0,0,14-3-28 14:28:9,1
37SX233LBI,113.929,22.8012,4468694,0,0,0,14-3-28 14:29:34,1
37SX233LBI,113.929,22.8012,4468694,0,0,0,14-3-28 14:31:34,1
37SX233LBI,113.929,22.8012,4468694,0,0,0,14-3-28 14:33:15,1
37SX233LBI,113.929,22.8012,4468694,0,0,0,14-3-28 14:33:34,1
37SX233LBI,113.929,22.8012,4468694,0,0,0,14-3-28 14:35:34,1
37SX233LBI,113.929,22.8012,4468694,0,0,0,14-3-28 14:37:34,1
37SX233LBI,113.929,22.8012,4468694,0,0,0,14-3-28 14:38:21,1
37SX233LBI,113.929,22.8012,4468694,0,0,0,14-3-28 14:39:34,1
37SX233LBI,113.929,22.8012,4468694,0,0,0,14-3-28 14:41:34,1
37SX233LBI,113.929,22.8012,4468694,0,0,0,14-3-28 14:45:34,1
37SX233LBI,113.929,22.8012,4468694,0,0,0,14-3-28 14:47:34,1
37SX233LBI,113.929,22.8012,4468694,0,0,0,14-3-28 14:48:36,1
37SX233LBI,113.929,22.8012,4468694,0,0,0,14-3-28 14:49:34,1
37SX233LBI,113.929,22.8012,4468694,0,0,0,14-3-28 14:51:34,1
37SX233LBI,113.929,22.8012,4468694,0,0,0,14-3-28 14:53:37,1
37SX233LBI,113.929,22.8012,4468694,0,0,0,14-3-28 14:55:34,1
37SX233LBI,113.929,22.8009,4468694,3,120,0,14-3-28 14:57:34,1
37SX233LBI,113.929,22.8008,4468694,0,0,0,14-3-28 14:58:38,1
37SX233LBI,113.929,22.8008,4468694,0,0,0,14-3-28 15:1:34,1
37SX233LBI,113.929,22.8008,4468694,0,0,0,14-3-28 15:3:39,1
37SX233LBI,113.929,22.8008,4468694,0,0,0,14-3-28 15:5:34,1
37SX233LBI,113.929,22.8008,4468694,0,0,0,14-3-28 15:7:34,1
37SX233LBI,113.929,22.8008,4468694,0,0,0,14-3-28 15:8:40,1
37SX233LBI,113.929,22.8008,4468694,0,0,0,14-3-28 15:9:34,1
37SX233LBI,113.929,22.8008,4468694,0,0,0,14-3-28 15:11:34,1
37SX233LBI,113.929,22.8008,4468694,0,0,0,14-3-28 15:13:41,1
37SX233LBI,113.929,22.8008,4468694,0,0,0,14-3-28 15:15:34,1
37SX233LBI,113.929,22.8008,4468694,0,0,0,14-3-28 15:17:34,1
37SX233LBI,113.929,22.8008,4468694,0,0,0,14-3-28 15:18:52,1
37SX233LBI,113.929,22.8008,4468694,0,0,0,14-3-28 15:19:34,1
37SX233LBI,113.929,22.8009,4468695,1,35,0,14-3-28 15:21:34,1
37SX233LBI,113.93,22.8009,4468695,0,0,0,14-3-28 15:23:34,1
37SX233LBI,113.93,22.8009,4468695,0,0,0,14-3-28 15:23:54,1
37SX233LBI,113.929,22.8004,4468696,12,115,0,14-3-28 15:25:33,1
37SX233LBI,113.929,22.7996,4468697,16,70,0,14-3-28 15:26:0,1
37SX233LBI,113.93,22.7979,4468699,18,70,0,14-3-28 15:27:1,1
37SX233LBI,113.932,22.7962,4468701,36,70,0,14-3-28 15:27:32,1
37SX233LBI,113.933,22.7947,4468704,34,70,0,14-3-28 15:27:51,1
37SX233LBI,113.934,22.7932,4468706,18,65,0,14-3-28 15:28:10,1
37SX233LBI,113.936,22.7919,4468708,40,60,0,14-3-28 15:28:46,1
37SX233LBI,113.936,22.7914,4468709,23,75,0,14-3-28 15:28:54,1
37SX233LBI,113.935,22.79,4468711,44,110,0,14-3-28 15:29:16,1
37SX233LBI,113.934,22.7888,4468713,36,115,0,14-3-28 15:29:30,1
37SX233LBI,113.935,22.7893,4468715,36,20,0,14-3-28 15:30:8,1
37SX233LBI,113.936,22.7907,4468717,47,15,0,14-3-28 15:30:26,1
37SX233LBI,113.937,22.7921,4468720,51,15,0,14-3-28 15:30:40,1
37SX233LBI,113.939,22.7936,4468722,29,15,0,14-3-28 15:30:56,1
37SX233LBI,113.94,22.7952,4468724,38,15,0,14-3-28 15:31:47,1
37SX233LBI,113.942,22.7966,4468726,38,20,0,14-3-28 15:32:5,1
37SX233LBI,113.943,22.7978,4468728,29,30,0,14-3-28 15:33:1,1
37SX233LBI,113.945,22.7985,4468731,49,35,0,14-3-28 15:33:20,1
37SX233LBI,113.947,22.799,4468733,55,35,0,14-3-28 15:33:33,1
37SX233LBI,113.949,22.7995,4468735,51,35,0,14-3-28 15:33:46,1
37SX233LBI,113.95,22.7999,4468736,58,35,0,14-3-28 15:33:55,1
37SX233LBI,113.955,22.802,4468741,25,30,0,14-3-28 15:34:33,1
37SX233LBI,113.957,22.8029,4468743,44,30,0,14-3-28 15:34:54,1
37SX233LBI,113.958,22.8038,4468746,49,30,0,14-3-28 15:35:9,1
37SX233LBI,113.96,22.8048,4468748,57,25,0,14-3-28 15:35:24,1
37SX233LBI,113.963,22.8076,4468752,51,15,0,14-3-28 15:35:50,1
37SX233LBI,113.964,22.8091,4468754,53,15,0,14-3-28 15:36:3,1
37SX233LBI,113.965,22.8106,4468756,46,15,0,14-3-28 15:36:17,1
37SX233LBI,113.966,22.8121,4468758,46,15,0,14-3-28 15:36:32,1
37SX233LBI,113.968,22.8156,4468763,64,5,0,14-3-28 15:37:3,1
37SX233LBI,113.97,22.8228,4468771,57,5,0,14-3-28 15:38:6,1
37SX233LBI,113.971,22.8246,4468773,53,5,0,14-3-28 15:38:20,1
37SX233LBI,113.972,22.8282,4468778,53,5,0,14-3-28 15:38:48,1
37SX233LBI,113.974,22.8317,4468782,44,10,0,14-3-28 15:39:13,1
37SX233LBI,113.975,22.8333,4468784,42,15,0,14-3-28 15:40:12,1
37SX233LBI,113.976,22.8353,4468787,64,15,0,14-3-28 15:40:29,1
37SX233LBI,113.977,22.8368,4468789,51,15,0,14-3-28 15:40:40,1
37SX233LBI,113.978,22.8384,4468791,57,15,0,14-3-28 15:40:53,1
37SX233LBI,113.979,22.8401,4468793,55,15,0,14-3-28 15:41:7,1
37SX233LBI,113.98,22.8418,4468795,58,5,0,14-3-28 15:41:20,1
37SX233LBI,113.98,22.8439,4468798,40,0,0,14-3-28 15:41:35,1
37SX233LBI,113.98,22.8459,4468800,16,0,0,14-3-28 15:43:38,1
37SX233LBI,113.98,22.8482,4468803,42,165,0,14-3-28 15:44:5,1
37SX233LBI,113.979,22.8496,4468804,47,160,0,14-3-28 15:44:18,1
37SX233LBI,113.978,22.8511,4468807,53,160,0,14-3-28 15:44:33,1
37SX233LBI,113.977,22.8527,4468809,64,160,0,14-3-28 15:44:46,1
37SX233LBI,113.976,22.8548,4468812,55,175,0,14-3-28 15:45:0,1
37SX233LBI,113.976,22.8564,4468813,57,10,0,14-3-28 15:45:12,1
37SX233LBI,113.977,22.8581,4468815,53,10,0,14-3-28 15:45:25,1
37SX233LBI,113.978,22.8597,4468818,62,10,0,14-3-28 15:45:38,1
37SX233LBI,113.98,22.8613,4468820,12,20,0,14-3-28 15:45:59,1
37SX233LBI,113.981,22.8599,4468822,20,75,0,14-3-28 15:46:54,1
37SX233LBI,113.982,22.858,4468824,38,80,0,14-3-28 15:47:23,1
37SX233LBI,113.983,22.8544,4468828,53,80,0,14-3-28 15:47:56,1
37SX233LBI,113.983,22.8526,4468831,60,75,0,14-3-28 15:48:8,1
37SX233LBI,113.984,22.851,4468833,62,70,0,14-3-28 15:48:19,1
37SX233LBI,113.987,22.8483,4468837,75,60,0,14-3-28 15:48:41,1
37SX233LBI,113.989,22.8471,4468839,75,60,0,14-3-28 15:48:51,1
37SX233LBI,113.99,22.8458,4468841,73,60,0,14-3-28 15:49:1,1
37SX233LBI,113.991,22.8452,4468843,71,60,0,14-3-28 15:49:6,1
37SX233LBI,113.992,22.8447,4468844,71,60,0,14-3-28 15:49:12,1
37SX233LBI,113.996,22.8415,4468849,68,65,0,14-3-28 15:49:39,1
37SX233LBI,113.998,22.8401,4468852,73,65,0,14-3-28 15:49:50,1
37SX233LBI,114.002,22.836,4468858,75,65,0,14-3-28 15:50:19,1
37SX233LBI,114.004,22.8328,4468862,71,70,0,14-3-28 15:50:41,1
37SX233LBI,114.006,22.8315,4468865,69,65,0,14-3-28 15:50:50,1
37SX233LBI,114.007,22.8301,4468867,71,70,0,14-3-28 15:51:0,1
37SX233LBI,114.008,22.8279,4468870,73,75,0,14-3-28 15:51:14,1
37SX233LBI,114.009,22.8263,4468872,71,75,0,14-3-28 15:51:23,1
37SX233LBI,114.01,22.8247,4468874,69,75,0,14-3-28 15:51:33,1
37SX233LBI,114.011,22.8232,4468876,73,70,0,14-3-28 15:51:43,1
37SX233LBI,114.012,22.8218,4468878,73,65,0,14-3-28 15:51:53,1
37SX233LBI,114.015,22.8193,4468882,73,65,0,14-3-28 15:52:13,1
37SX233LBI,114.017,22.818,4468884,77,65,0,14-3-28 15:52:23,1
37SX233LBI,114.019,22.8169,4468887,77,55,0,14-3-28 15:52:33,1
37SX233LBI,114.021,22.8162,4468889,77,50,0,14-3-28 15:52:43,1
37SX233LBI,114.023,22.8155,4468892,79,55,0,14-3-28 15:52:55,1
37SX233LBI,114.025,22.8147,4468894,71,55,0,14-3-28 15:53:5,1
37SX233LBI,114.027,22.8139,4468896,73,55,0,14-3-28 15:53:15,1
37SX233LBI,114.03,22.8119,4468900,75,60,0,14-3-28 15:53:35,1
37SX233LBI,114.032,22.8108,4468903,73,60,0,14-3-28 15:53:45,1
37SX233LBI,114.033,22.8095,4468905,73,65,0,14-3-28 15:53:55,1
37SX233LBI,114.035,22.8077,4468907,73,70,0,14-3-28 15:54:7,1
37SX233LBI,114.036,22.8064,4468909,71,75,0,14-3-28 15:54:15,1
37SX233LBI,114.036,22.8046,4468911,73,80,0,14-3-28 15:54:25,1
37SX233LBI,114.037,22.8006,4468916,73,85,0,14-3-28 15:54:47,1
37SX233LBI,114.037,22.7987,4468918,73,85,0,14-3-28 15:54:57,1
37SX233LBI,114.037,22.7912,4468927,73,85,0,14-3-28 15:55:37,1
37SX233LBI,114.037,22.7893,4468929,73,90,0,14-3-28 15:55:47,1
37SX233LBI,114.037,22.7873,4468931,58,90,0,14-3-28 15:55:58,1
37SX233LBI,114.037,22.7854,4468933,62,85,0,14-3-28 15:56:11,1
37SX233LBI,114.037,22.7827,4468936,73,85,0,14-3-28 15:56:26,1
37SX233LBI,114.037,22.781,4468938,73,85,0,14-3-28 15:56:35,1
37SX233LBI,114.037,22.7785,4468941,71,85,0,14-3-28 15:56:48,1
37SX233LBI,114.037,22.7766,4468943,68,90,0,14-3-28 15:56:59,1
37SX233LBI,114.037,22.7746,4468946,69,95,0,14-3-28 15:57:10,1
37SX233LBI,114.032,22.7687,4468954,69,105,0,14-3-28 15:57:51,1
37SX233LBI,114.031,22.7663,4468957,69,100,0,14-3-28 15:58:7,1
37SX233LBI,114.03,22.7646,4468959,69,100,0,14-3-28 15:58:17,1
37SX233LBI,114.027,22.7577,4468968,73,95,0,14-3-28 15:58:57,1
37SX233LBI,114.026,22.7553,4468971,73,95,0,14-3-28 15:59:10,1
37SX233LBI,114.026,22.7537,4468973,73,95,0,14-3-28 15:59:19,1
37SX233LBI,114.026,22.7518,4468975,75,90,0,14-3-28 15:59:29,1
37SX233LBI,114.025,22.7499,4468977,73,90,0,14-3-28 15:59:39,1
37SX233LBI,114.025,22.7458,4468982,73,90,0,14-3-28 16:0:1,1
37SX233LBI,114.025,22.744,4468984,73,90,0,14-3-28 16:0:11,1
37SX233LBI,114.03,22.7343,4468997,73,65,0,14-3-28 16:1:12,1
37SX233LBI,114.032,22.7327,4469000,73,65,0,14-3-28 16:1:25,1
37SX233LBI,114.035,22.73,4469004,73,65,0,14-3-28 16:1:45,1
37SX233LBI,114.036,22.7285,4469006,73,70,0,14-3-28 16:1:55,1
37SX233LBI,114.039,22.7255,4469011,73,70,0,14-3-28 16:2:15,1
37SX233LBI,114.041,22.7222,4469015,73,75,0,14-3-28 16:2:35,1
37SX233LBI,114.042,22.7205,4469017,73,75,0,14-3-28 16:2:45,1
37SX233LBI,114.044,22.7168,4469022,73,75,0,14-3-28 16:3:7,1
37SX233LBI,114.044,22.7151,4469024,73,75,0,14-3-28 16:3:17,1
37SX233LBI,114.045,22.7134,4469026,73,75,0,14-3-28 16:3:27,1
37SX233LBI,114.047,22.7081,4469033,73,80,0,14-3-28 16:3:57,1
37SX233LBI,114.048,22.7058,4469035,73,80,0,14-3-28 16:4:10,1
37SX233LBI,114.049,22.7045,4469037,73,80,0,14-3-28 16:4:17,1
37SX233LBI,114.05,22.701,4469041,75,80,0,14-3-28 16:4:37,1
37SX233LBI,114.05,22.6965,4469046,75,90,0,14-3-28 16:5:0,1
37SX233LBI,114.05,22.6946,4469049,73,90,0,14-3-28 16:5:10,1
37SX233LBI,114.049,22.6909,4469053,57,90,0,14-3-28 16:5:31,1
37SX233LBI,114.049,22.6891,4469055,44,95,0,14-3-28 16:5:47,1
37SX233LBI,114.049,22.6872,4469057,57,95,0,14-3-28 16:6:1,1
37SX233LBI,114.048,22.6858,4469059,57,110,0,14-3-28 16:6:13,1
37SX233LBI,114.046,22.6825,4469063,55,75,0,14-3-28 16:6:39,1
37SX233LBI,114.05,22.6818,4469068,58,15,0,14-3-28 16:7:6,1
37SX233LBI,114.051,22.6828,4469070,49,45,0,14-3-28 16:7:19,1
37SX233LBI,114.053,22.6826,4469072,49,50,0,14-3-28 16:7:33,1
37SX233LBI,114.057,22.6816,4469076,55,50,0,14-3-28 16:8:0,1
37SX233LBI,114.059,22.6807,4469079,57,55,0,14-3-28 16:8:14,1
37SX233LBI,114.061,22.6798,4469081,60,60,0,14-3-28 16:8:26,1
37SX233LBI,114.064,22.6774,4469085,64,60,0,14-3-28 16:8:50,1
37SX233LBI,114.066,22.6763,4469087,64,55,0,14-3-28 16:9:2,1
37SX233LBI,114.07,22.6749,4469092,34,50,0,14-3-28 16:9:31,1
37SX233LBI,114.072,22.6744,4469094,46,50,0,14-3-28 16:9:49,1
37SX233LBI,114.074,22.6742,4469096,51,45,0,14-3-28 16:10:6,1
37SX233LBI,114.076,22.6739,4469098,58,50,0,14-3-28 16:10:18,1
37SX233LBI,114.079,22.6725,4469102,68,60,0,14-3-28 16:10:41,1
37SX233LBI,114.081,22.6712,4469105,71,65,0,14-3-28 16:10:52,1
37SX233LBI,114.085,22.6686,4469110,77,60,0,14-3-28 16:11:15,1
37SX233LBI,114.086,22.6677,4469112,79,55,0,14-3-28 16:11:24,1
37SX233LBI,114.088,22.667,4469114,69,50,0,14-3-28 16:11:34,1
37SX233LBI,114.091,22.6664,4469116,77,50,0,14-3-28 16:11:45,1
37SX233LBI,114.095,22.6656,4469121,75,50,0,14-3-28 16:12:6,1
37SX233LBI,114.097,22.6653,4469123,75,50,0,14-3-28 16:12:15,1
37SX233LBI,114.101,22.6646,4469127,71,45,0,14-3-28 16:12:35,1
37SX233LBI,114.107,22.6647,4469134,75,40,0,14-3-28 16:13:7,1
37SX233LBI,114.109,22.6649,4469136,77,40,0,14-3-28 16:13:16,1
37SX233LBI,114.115,22.6652,4469143,75,40,0,14-3-28 16:13:46,1
37SX233LBI,114.122,22.6649,4469150,75,45,0,14-3-28 16:14:16,1
37SX233LBI,114.124,22.6644,4469152,75,50,0,14-3-28 16:14:28,1
37SX233LBI,114.128,22.6632,4469157,71,55,0,14-3-28 16:14:48,1
37SX233LBI,114.13,22.6625,4469159,71,55,0,14-3-28 16:14:58,1
37SX233LBI,114.132,22.6618,4469161,62,55,0,14-3-28 16:15:10,1
37SX233LBI,114.134,22.6613,4469163,64,50,0,14-3-28 16:15:21,1
37SX233LBI,114.136,22.6609,4469165,69,45,0,14-3-28 16:15:32,1
37SX233LBI,114.138,22.6609,4469167,73,40,0,14-3-28 16:15:42,1
37SX233LBI,114.14,22.661,4469170,73,40,0,14-3-28 16:15:52,1
37SX233LBI,114.144,22.6613,4469174,75,40,0,14-3-28 16:16:12,1
37SX233LBI,114.149,22.6616,4469180,71,45,0,14-3-28 16:16:39,1
37SX233LBI,114.151,22.6613,4469182,71,50,0,14-3-28 16:16:51,1
37SX233LBI,114.157,22.6595,4469189,69,50,0,14-3-28 16:17:23,1
37SX233LBI,114.16,22.6588,4469191,69,55,0,14-3-28 16:17:36,1
37SX233LBI,114.163,22.6575,4469196,66,50,0,14-3-28 16:17:57,1
37SX233LBI,114.165,22.6568,4469198,68,55,0,14-3-28 16:18:8,1
37SX233LBI,114.167,22.6558,4469200,62,70,0,14-3-28 16:18:20,1
37SX233LBI,114.167,22.6539,4469202,62,100,0,14-3-28 16:18:32,1
37SX233LBI,114.166,22.6525,4469204,71,105,0,14-3-28 16:18:43,1
37SX233LBI,114.164,22.6491,4469209,69,100,0,14-3-28 16:19:5,1
37SX233LBI,114.163,22.6475,4469211,68,95,0,14-3-28 16:19:15,1
37SX233LBI,114.162,22.6434,4469216,73,90,0,14-3-28 16:19:39,1
37SX233LBI,114.162,22.6414,4469218,75,85,0,14-3-28 16:19:49,1
37SX233LBI,114.163,22.639,4469221,73,80,0,14-3-28 16:20:2,1
37SX233LBI,114.166,22.6337,4469228,53,70,0,14-3-28 16:20:36,1
37SX233LBI,114.166,22.632,4469230,7,120,0,14-3-28 16:21:3,1
37SX233LBI,114.165,22.6321,4469231,1,10,0,14-3-28 16:23:3,1
37SX233LBI,114.163,22.6328,4469232,38,155,0,14-3-28 16:23:48,1
37SX233LBI,114.162,22.6341,4469234,44,155,0,14-3-28 16:24:6,1
37SX233LBI,114.161,22.6332,4469237,46,95,0,14-3-28 16:24:24,1
37SX233LBI,114.159,22.6316,4469239,55,110,0,14-3-28 16:24:40,1
37SX233LBI,114.158,22.6303,4469241,58,110,0,14-3-28 16:24:53,1
37SX233LBI,114.156,22.6285,4469243,36,105,0,14-3-28 16:25:8,1
37SX233LBI,114.155,22.6288,4469246,5,130,0,14-3-28 16:27:8,1
37SX233LBI,114.154,22.629,4469246,0,0,0,14-3-28 16:29:16,1
37SX233LBI,114.154,22.629,4469246,0,0,0,14-3-28 16:31:8,1
37SX233LBI,114.154,22.629,4469246,0,0,0,14-3-28 16:33:8,1
37SX233LBI,114.154,22.629,4469246,0,0,0,14-3-28 16:34:17,1
37SX233LBI,114.154,22.629,4469246,0,0,0,14-3-28 16:35:8,1
37SX233LBI,114.154,22.629,4469246,0,0,0,14-3-28 16:37:8,1
37SX233LBI,114.154,22.629,4469246,0,0,0,14-3-28 16:39:20,1
37SX233LBI,114.154,22.629,4469246,0,0,0,14-3-28 16:41:8,1
37SX233LBI,114.154,22.629,4469246,0,0,0,14-3-28 16:43:8,1
37SX233LBI,114.154,22.629,4469246,0,0,0,14-3-28 16:44:21,1
37SX233LBI,114.154,22.629,4469246,0,0,0,14-3-28 16:45:8,1
37SX233LBI,114.154,22.629,4469246,0,0,0,14-3-28 16:47:8,1
37SX233LBI,114.154,22.629,4469246,0,0,0,14-3-28 16:49:8,1
37SX233LBI,114.154,22.629,4469246,0,0,0,14-3-28 16:49:22,1
37SX233LBI,114.154,22.629,4469246,0,0,0,14-3-28 16:51:8,1
37SX233LBI,114.154,22.629,4469246,0,0,0,14-3-28 16:53:8,1
37SX233LBI,114.154,22.6294,4469246,0,0,0,14-3-29 15:2:12,0
37SX233LBI,114.154,22.6294,4469247,0,0,0,14-3-29 15:5:41,1
37SX233LBI,114.154,22.6294,4469247,0,0,0,14-3-29 15:7:42,1
37SX233LBI,114.154,22.6294,4469247,0,0,0,14-3-29 15:9:41,1
37SX233LBI,114.154,22.6294,4469247,0,0,0,14-3-29 15:11:39,1
37SX233LBI,114.154,22.6294,4469247,0,0,0,14-3-29 15:13:39,1
37SX233LBI,114.154,22.6289,4469247,1,150,0,14-3-29 15:18:17,1
37SX233LBI,114.154,22.6288,4469248,0,0,0,14-3-29 15:21:22,1
37SX233LBI,114.154,22.6288,4469248,0,0,0,14-3-29 15:23:13,1
37SX233LBI,114.154,22.6288,4469248,0,0,0,14-3-29 15:23:23,1
37SX233LBI,114.154,22.6288,4469248,0,0,0,14-3-29 15:25:23,1
37SX233LBI,114.154,22.6288,4469248,0,0,0,14-3-29 15:27:24,1
37SX233LBI,114.154,22.6288,4469248,0,0,0,14-3-29 15:28:22,1
37SX233LBI,114.154,22.6288,4469248,0,0,0,14-3-29 15:29:24,1
37SX233LBI,114.154,22.6288,4469248,0,0,0,14-3-29 15:31:24,1
37SX233LBI,114.154,22.6288,4469248,0,0,0,14-3-29 15:33:25,1
37SX233LBI,114.154,22.6288,4469248,0,0,0,14-3-29 15:35:25,1
37SX233LBI,114.154,22.6288,4469248,0,0,0,14-3-29 15:37:25,1
37SX233LBI,114.154,22.6288,4469248,0,0,0,14-3-29 15:38:26,1
37SX233LBI,114.154,22.6288,4469248,0,0,0,14-3-29 15:39:25,1
37SX233LBI,114.154,22.6288,4469248,0,0,0,14-3-29 15:41:25,1
37SX233LBI,114.154,22.6288,4469248,0,0,0,14-3-29 15:43:30,1
37SX233LBI,114.154,22.6288,4469248,0,0,0,14-3-29 15:45:25,1
37SX233LBI,114.154,22.6288,4469248,0,0,0,14-3-29 15:47:25,1
37SX233LBI,114.154,22.6288,4469248,0,0,0,14-3-29 15:48:31,1
37SX233LBI,114.154,22.6288,4469248,0,0,0,14-3-29 15:49:25,1
37SX233LBI,114.154,22.6288,4469248,0,0,0,14-3-29 15:51:25,1
37SX233LBI,114.154,22.6288,4469248,0,0,0,14-3-29 15:53:25,1
37SX233LBI,114.154,22.6288,4469248,0,0,0,14-3-29 15:53:32,1
37SX233LBI,114.154,22.6288,4469248,0,0,0,14-3-29 15:55:25,1
37SX233LBI,114.154,22.6288,4469248,0,0,0,14-3-29 15:57:25,1
37SX233LBI,114.154,22.6288,4469248,0,0,0,14-3-29 15:58:33,1
37SX233LBI,114.154,22.6288,4469248,0,0,0,14-3-29 15:59:25,1
37SX233LBI,114.154,22.6288,4469248,0,0,0,14-3-29 16:1:25,1
37SX233LBI,114.154,22.6288,4469248,0,0,0,14-3-29 16:3:27,1
37SX233LBI,114.154,22.6288,4469248,0,0,0,14-3-29 16:3:34,1
37SX233LBI,114.154,22.6288,4469248,0,0,0,14-3-29 16:5:27,1
37SX233LBI,114.154,22.6288,4469248,0,0,0,14-3-29 16:7:27,1
37SX233LBI,114.154,22.6288,4469248,0,0,0,14-3-29 16:8:38,1
37SX233LBI,114.154,22.6288,4469248,0,0,0,14-3-29 16:9:27,1
37SX233LBI,114.154,22.6288,4469248,0,0,0,14-3-29 16:11:27,1
37SX233LBI,114.154,22.6288,4469248,0,0,0,14-3-29 16:13:27,1
37SX233LBI,114.154,22.6288,4469248,0,0,0,14-3-29 16:13:39,1
37SX233LBI,114.154,22.6288,4469248,0,0,0,14-3-29 16:15:27,1
37SX233LBI,114.154,22.6288,4469248,0,0,0,14-3-29 16:17:27,1
37SX233LBI,114.154,22.6288,4469248,0,0,0,14-3-29 16:18:40,1
37SX233LBI,114.154,22.6288,4469248,0,0,0,14-3-29 16:19:27,1
37SX233LBI,114.154,22.6288,4469248,0,0,0,14-3-29 16:21:27,1
37SX233LBI,114.154,22.6288,4469248,0,0,0,14-3-29 16:23:27,1
37SX233LBI,114.154,22.6288,4469248,0,0,0,14-3-29 16:23:41,1
37SX233LBI,114.154,22.6288,4469248,0,0,0,14-3-29 16:27:27,1
37SX233LBI,114.154,22.6288,4469248,0,0,0,14-3-29 16:28:42,1
37SX233LBI,114.154,22.6288,4469248,0,0,0,14-3-29 16:29:27,1
37SX233LBI,114.154,22.6288,4469248,0,0,0,14-3-29 16:33:27,1
37SX233LBI,114.154,22.6288,4469248,0,0,0,14-3-29 16:33:46,1
37SX233LBI,114.154,22.6288,4469248,0,0,0,14-3-29 16:35:27,1
37SX233LBI,114.154,22.6288,4469248,0,0,0,14-3-29 16:37:27,1
37SX233LBI,114.154,22.6288,4469248,0,0,0,14-3-29 16:38:47,1
37SX233LBI,114.154,22.6288,4469248,0,0,0,14-3-29 16:39:27,1
37SX233LBI,114.154,22.6288,4469248,0,0,0,14-3-29 16:41:26,1
37SX233LBI,114.154,22.6288,4469248,0,0,0,14-3-29 16:43:26,1
37SX233LBI,114.154,22.6288,4469248,0,0,0,14-3-29 16:43:55,1
37SX233LBI,114.154,22.6288,4469248,0,0,0,14-3-29 16:45:26,1
37SX233LBI,114.154,22.6288,4469248,0,0,0,14-3-29 16:47:26,1
37SX233LBI,114.154,22.6288,4469248,0,0,0,14-3-29 16:48:56,1
37SX233LBI,114.154,22.6288,4469248,0,0,0,14-3-29 16:49:26,1
37SX233LBI,114.154,22.6288,4469248,0,0,0,14-3-29 16:51:26,1
37SX233LBI,114.154,22.6288,4469248,0,0,0,14-3-29 16:53:26,1
37SX233LBI,114.154,22.6288,4469248,0,0,0,14-3-29 16:53:57,1
37SX233LBI,114.154,22.6288,4469248,0,0,0,14-3-29 16:55:26,1
37SX233LBI,114.154,22.6288,4469248,0,0,0,14-3-29 16:57:26,1
37SX233LBI,114.154,22.6288,4469248,0,0,0,14-3-29 16:58:58,1
37SX233LBI,114.154,22.6288,4469248,0,0,0,14-3-29 16:59:26,1
37SX233LBI,114.154,22.6288,4469248,0,0,0,14-3-29 17:1:26,1
37SX233LBI,114.154,22.6288,4469248,0,0,0,14-3-29 17:3:26,1
37SX233LBI,114.154,22.6288,4469248,0,0,0,14-3-29 17:3:59,1
37SX233LBI,114.154,22.6288,4469248,0,0,0,14-3-29 17:5:26,1
37SX233LBI,114.154,22.6288,4469248,0,0,0,14-3-29 17:7:26,1
37SX233LBI,114.154,22.6288,4469248,0,0,0,14-3-29 17:9:0,1
37SX233LBI,114.154,22.6288,4469248,0,0,0,14-3-29 17:9:26,1
37SX233LBI,114.154,22.6288,4469248,0,0,0,14-3-29 17:11:26,1
37SX233LBI,114.154,22.6288,4469248,0,0,0,14-3-29 17:13:26,1
37SX233LBI,114.154,22.6288,4469248,0,0,0,14-3-29 17:14:1,1
37SX233LBI,114.154,22.6288,4469248,0,0,0,14-3-29 17:15:26,1
37SX233LBI,114.154,22.6288,4469248,0,0,0,14-3-29 17:17:26,1
37SX233LBI,114.154,22.6288,4469248,0,0,0,14-3-29 17:19:10,1
37SX233LBI,114.154,22.6288,4469248,0,0,0,14-3-29 17:19:26,1
37SX233LBI,114.154,22.6288,4469248,0,0,0,14-3-29 17:21:26,1
37SX233LBI,114.154,22.6288,4469248,0,0,0,14-3-29 17:23:26,1
37SX233LBI,114.154,22.6288,4469248,0,0,0,14-3-29 17:24:11,1
37SX233LBI,114.154,22.6288,4469248,0,0,0,14-3-29 17:25:26,1
37SX233LBI,114.154,22.6288,4469248,0,0,0,14-3-29 17:27:26,1
37SX233LBI,114.154,22.6288,4469248,0,0,0,14-3-29 17:29:12,1
37SX233LBI,114.154,22.6288,4469248,0,0,0,14-3-29 17:29:26,1
37SX233LBI,114.154,22.6288,4469248,0,0,0,14-3-29 17:31:26,1
37SX233LBI,114.154,22.6288,4469248,0,0,0,14-3-29 17:33:26,1
37SX233LBI,114.154,22.6288,4469248,0,0,0,14-3-29 17:34:13,1
37SX233LBI,114.154,22.6288,4469248,0,0,0,14-3-29 17:35:26,1
37SX233LBI,114.154,22.6288,4469248,0,0,0,14-3-29 17:37:26,1
37SX233LBI,114.154,22.6288,4469248,0,0,0,14-3-29 17:39:18,1
37SX233LBI,114.154,22.6288,4469248,0,0,0,14-3-29 17:39:26,1
37SX233LBI,114.154,22.6288,4469248,0,0,0,14-3-29 17:41:26,1
37SX233LBI,114.154,22.6288,4469248,0,0,0,14-3-29 17:43:26,1
37SX233LBI,114.154,22.6288,4469248,0,0,0,14-3-29 17:44:19,1
37SX233LBI,114.154,22.6288,4469248,0,0,0,14-3-29 17:45:26,1
37SX233LBI,114.154,22.6288,4469248,0,0,0,14-3-29 17:47:26,1
37SX233LBI,114.154,22.6288,4469248,0,0,0,14-3-29 17:49:20,1
37SX233LBI,114.154,22.6288,4469248,0,0,0,14-3-29 17:49:26,1
37SX233LBI,114.154,22.6288,4469248,0,0,0,14-3-29 17:51:26,1
37SX233LBI,114.154,22.6288,4469248,0,0,0,14-3-29 17:53:26,1
37SX233LBI,114.154,22.6288,4469248,0,0,0,14-3-29 17:54:21,1
37SX233LBI,114.154,22.6288,4469248,0,0,0,14-3-29 17:55:26,1
37SX233LBI,114.154,22.6288,4469248,0,0,0,14-3-29 17:57:26,1
37SX233LBI,114.154,22.6288,4469248,0,0,0,14-3-29 17:59:26,1
37SX233LBI,114.154,22.6288,4469248,0,0,0,14-3-29 18:1:26,1
37SX233LBI,114.154,22.6288,4469248,0,0,0,14-3-29 18:3:26,1
37SX233LBI,114.154,22.6288,4469248,0,0,0,14-3-29 18:4:23,1
37SX233LBI,114.154,22.6288,4469248,0,0,0,14-3-29 18:5:26,1
37SX233LBI,114.154,22.6288,4469248,0,0,0,14-3-29 18:7:26,1
37SX233LBI,114.154,22.6288,4469248,0,0,0,14-3-29 18:9:24,1
37SX233LBI,114.154,22.6288,4469248,0,0,0,14-3-29 18:9:26,1
37SX233LBI,114.154,22.6288,4469248,0,0,0,14-3-29 18:11:26,1
37SX233LBI,114.154,22.6288,4469248,0,0,0,14-3-29 18:13:26,1
37SX233LBI,114.154,22.6288,4469248,0,0,0,14-3-29 18:14:25,1
37SX233LBI,114.154,22.6288,4469248,0,0,0,14-3-29 18:15:26,1
37SX233LBI,114.154,22.6288,4469248,0,0,0,14-3-29 18:17:26,1
37SX233LBI,114.154,22.6288,4469248,0,0,0,14-3-29 18:19:26,1
37SX233LBI,114.154,22.6288,4469248,0,0,0,14-3-29 18:21:26,1
37SX233LBI,114.154,22.6288,4469248,0,0,0,14-3-29 18:23:26,1
37SX233LBI,114.154,22.6288,4469248,0,0,0,14-3-29 18:24:27,1
37SX233LBI,114.154,22.6288,4469248,0,0,0,14-3-29 18:25:26,1
37SX233LBI,114.154,22.6288,4469248,0,0,0,14-3-29 18:27:26,1
37SX233LBI,114.154,22.6288,4469248,0,0,0,14-3-29 18:29:28,1
37SX233LBI,114.154,22.6288,4469248,0,0,0,14-3-29 18:31:26,1
37SX233LBI,114.154,22.6288,4469248,0,0,0,14-3-29 18:33:26,1
37SX233LBI,114.154,22.6288,4469248,0,0,0,14-3-29 18:34:29,1
37SX233LBI,114.154,22.6288,4469248,0,0,0,14-3-29 18:35:26,1
37SX233LBI,114.154,22.6288,4469248,0,0,0,14-3-29 18:37:26,1
37SX233LBI,114.154,22.6288,4469248,0,0,0,14-3-29 18:39:30,1
37SX233LBI,114.154,22.6288,4469248,0,0,0,14-3-29 18:41:26,1
37SX233LBI,114.154,22.6288,4469248,0,0,0,14-3-29 18:43:26,1
37SX233LBI,114.154,22.6288,4469248,0,0,0,14-3-29 18:44:31,1
37SX233LBI,114.154,22.6288,4469248,0,0,0,14-3-29 18:45:26,1
37SX233LBI,114.154,22.6288,4469248,0,0,0,14-3-29 18:47:26,1
37SX233LBI,114.154,22.6288,4469248,0,0,0,14-3-29 18:49:32,1
37SX233LBI,114.154,22.6288,4469248,0,0,0,14-3-29 18:51:26,1
37SX233LBI,114.154,22.6288,4469248,0,0,0,14-3-29 18:53:27,1
37SX233LBI,114.154,22.6288,4469248,0,0,0,14-3-29 18:54:33,1
37SX233LBI,114.154,22.6288,4469248,0,0,0,14-3-29 18:55:27,1
37SX233LBI,114.154,22.6288,4469248,0,0,0,14-3-29 18:57:27,1
37SX233LBI,114.154,22.6288,4469248,0,0,0,14-3-29 18:59:28,1
37SX233LBI,114.154,22.6288,4469248,0,0,0,14-3-29 18:59:42,1
37SX233LBI,114.154,22.6288,4469248,0,0,0,14-3-29 19:1:28,1
37SX233LBI,114.154,22.6288,4469248,0,0,0,14-3-29 19:2:19,1
37SX233LBI,114.154,22.6288,4469248,0,0,0,14-3-29 19:3:30,1
37SX233LBI,114.154,22.6288,4469248,0,0,0,14-3-29 19:4:43,1
37SX233LBI,114.154,22.6288,4469248,0,0,0,14-3-29 19:5:30,1
37SX233LBI,114.154,22.6288,4469248,0,0,0,14-3-29 19:7:30,1
37SX233LBI,114.154,22.6288,4469248,0,0,0,14-3-29 19:9:30,1
37SX233LBI,114.154,22.6288,4469248,0,0,0,14-3-29 19:9:44,1
37SX233LBI,114.154,22.6288,4469248,0,0,0,14-3-29 19:11:30,1
37SX233LBI,114.154,22.6288,4469248,0,0,0,14-3-29 19:13:30,1
37SX233LBI,114.154,22.6288,4469248,0,0,0,14-3-29 19:14:45,1
37SX233LBI,114.154,22.6288,4469248,0,0,0,14-3-29 19:15:30,1
37SX233LBI,114.154,22.6288,4469248,0,0,0,14-3-29 19:17:30,1
37SX233LBI,114.154,22.6288,4469248,0,0,0,14-3-29 19:19:30,1
37SX233LBI,114.154,22.6288,4469248,0,0,0,14-3-29 19:19:46,1
37SX233LBI,114.154,22.6288,4469248,0,0,0,14-3-29 19:21:30,1
37SX233LBI,114.154,22.6288,4469248,0,0,0,14-3-29 19:23:30,1
37SX233LBI,114.154,22.6288,4469248,0,0,0,14-3-29 19:25:29,1
37SX233LBI,114.154,22.6288,4469248,0,0,0,14-3-29 19:27:29,1
37SX233LBI,114.154,22.6288,4469248,0,0,0,14-3-29 19:29:29,1
37SX233LBI,114.154,22.6288,4469248,0,0,0,14-3-29 19:29:48,1
37SX233LBI,114.154,22.6288,4469248,0,0,0,14-3-29 19:31:29,1
37SX233LBI,114.154,22.6288,4469248,0,0,0,14-3-29 19:33:29,1
37SX233LBI,114.154,22.6288,4469248,0,0,0,14-3-29 19:34:49,1
37SX233LBI,114.154,22.6288,4469248,0,0,0,14-3-29 19:35:29,1
37SX233LBI,114.154,22.6288,4469248,0,0,0,14-3-29 19:37:29,1
37SX233LBI,114.154,22.6288,4469248,0,0,0,14-3-29 19:39:29,1
37SX233LBI,114.154,22.6288,4469248,0,0,0,14-3-29 19:39:50,1
37SX233LBI,114.154,22.6288,4469248,0,0,0,14-3-29 19:41:29,1
37SX233LBI,114.154,22.6288,4469248,0,0,0,14-3-29 19:43:29,1
37SX233LBI,114.154,22.6288,4469248,0,0,0,14-3-29 19:44:51,1
37SX233LBI,114.154,22.6288,4469248,0,0,0,14-3-29 19:45:29,1
37SX233LBI,114.154,22.6288,4469248,0,0,0,14-3-29 19:47:29,1
37SX233LBI,114.154,22.6288,4469248,0,0,0,14-3-29 19:49:29,1
37SX233LBI,114.154,22.6288,4469248,0,0,0,14-3-29 19:49:54,1
37SX233LBI,114.154,22.6288,4469248,0,0,0,14-3-29 19:51:29,1
37SX233LBI,114.154,22.6288,4469248,0,0,0,14-3-29 19:53:29,1
37SX233LBI,114.154,22.6288,4469248,0,0,0,14-3-29 19:54:56,1
37SX233LBI,114.154,22.6288,4469248,0,0,0,14-3-29 19:55:29,1
37SX233LBI,114.154,22.6288,4469248,0,0,0,14-3-29 19:57:29,1
37SX233LBI,114.154,22.6288,4469248,0,0,0,14-3-29 19:59:29,1
37SX233LBI,114.154,22.6288,4469248,0,0,0,14-3-29 19:59:57,1
37SX233LBI,114.154,22.6288,4469248,0,0,0,14-3-29 20:1:29,1
37SX233LBI,114.154,22.6288,4469248,0,0,0,14-3-29 20:3:29,1
37SX233LBI,114.154,22.6288,4469248,0,0,0,14-3-29 20:5:8,1
37SX233LBI,114.154,22.6288,4469248,0,0,0,14-3-29 20:5:29,1
37SX233LBI,114.154,22.6288,4469248,0,0,0,14-3-29 20:7:29,1
37SX233LBI,114.154,22.6288,4469248,0,0,0,14-3-29 20:9:29,1
37SX233LBI,114.154,22.6288,4469248,0,0,0,14-3-29 20:10:11,1
37SX233LBI,114.154,22.6288,4469248,0,0,0,14-3-29 20:11:29,1
37SX233LBI,114.154,22.6288,4469248,0,0,0,14-3-29 20:13:29,1
37SX233LBI,114.154,22.6288,4469248,0,0,0,14-3-29 20:15:16,1
37SX233LBI,114.154,22.6288,4469248,0,0,0,14-3-29 20:15:29,1
37SX233LBI,114.154,22.6288,4469248,0,0,0,14-3-29 20:17:29,1
37SX233LBI,114.154,22.6288,4469248,0,0,0,14-3-29 20:19:29,1
37SX233LBI,114.154,22.6288,4469248,0,0,0,14-3-29 20:20:20,1
37SX233LBI,114.154,22.6288,4469248,0,0,0,14-3-29 20:21:29,1
37SX233LBI,114.154,22.6288,4469248,0,0,0,14-3-29 20:23:29,1
37SX233LBI,114.154,22.6288,4469248,0,0,0,14-3-29 20:25:29,1
37SX233LBI,114.154,22.6288,4469248,0,0,0,14-3-29 20:27:29,1
37SX233LBI,114.154,22.6288,4469248,0,0,0,14-3-29 20:29:30,1
37SX233LBI,114.154,22.6288,4469248,0,0,0,14-3-29 20:30:22,1
37SX233LBI,114.154,22.6288,4469248,0,0,0,14-3-29 20:31:30,1
37SX233LBI,114.154,22.6288,4469248,0,0,0,14-3-29 20:33:30,1
37SX233LBI,114.154,22.6288,4469248,0,0,0,14-3-29 20:35:23,1
37SX233LBI,114.154,22.6288,4469248,0,0,0,14-3-29 20:35:30,1
37SX233LBI,114.154,22.6288,4469248,0,0,0,14-3-29 20:37:30,1
37SX233LBI,114.154,22.6288,4469248,0,0,0,14-3-29 20:39:30,1
37SX233LBI,114.154,22.6288,4469248,0,0,0,14-3-29 20:40:24,1
37SX233LBI,114.154,22.6288,4469248,0,0,0,14-3-29 20:41:30,1
37SX233LBI,114.154,22.6288,4469248,0,0,0,14-3-29 20:43:30,1
37SX233LBI,114.154,22.6288,4469248,0,0,0,14-3-29 20:45:30,1
37SX233LBI,114.154,22.6288,4469248,0,0,0,14-3-29 20:47:30,1
37SX233LBI,114.154,22.6288,4469248,0,0,0,14-3-29 20:49:30,1
37SX233LBI,114.154,22.6288,4469248,0,0,0,14-3-29 20:50:26,1
37SX233LBI,114.154,22.6288,4469248,0,0,0,14-3-29 20:51:30,1
37SX233LBI,114.154,22.6288,4469248,0,0,0,14-3-29 20:53:30,1
37SX233LBI,114.154,22.6288,4469248,0,0,0,14-3-29 20:55:27,1
37SX233LBI,114.154,22.6288,4469248,0,0,0,14-3-29 20:55:30,1
37SX233LBI,114.154,22.6288,4469248,0,0,0,14-3-29 20:57:30,1
37SX233LBI,114.154,22.6288,4469248,0,0,0,14-3-29 20:59:30,1
37SX233LBI,114.154,22.6288,4469248,0,0,0,14-3-29 21:0:28,1
37SX233LBI,114.154,22.6288,4469248,0,0,0,14-3-29 21:1:30,1
37SX233LBI,114.154,22.6288,4469248,0,0,0,14-3-29 21:3:30,1
37SX233LBI,114.154,22.6288,4469248,0,0,0,14-3-29 21:5:30,1
37SX233LBI,114.154,22.6288,4469248,0,0,0,14-3-29 21:7:30,1
37SX233LBI,114.154,22.6288,4469248,0,0,0,14-3-29 21:9:30,1
37SX233LBI,114.154,22.6288,4469248,0,0,0,14-3-29 21:10:30,1
37SX233LBI,114.154,22.6288,4469248,0,0,0,14-3-29 21:11:30,1
37SX233LBI,114.154,22.6288,4469248,0,0,0,14-3-29 21:13:30,1
37SX233LBI,114.154,22.6288,4469248,0,0,0,14-3-29 21:15:32,1
37SX233LBI,114.154,22.6288,4469248,0,0,0,14-3-29 21:17:32,1
37SX233LBI,114.154,22.6288,4469248,0,0,0,14-3-29 21:19:32,1
37SX233LBI,114.154,22.6288,4469248,0,0,0,14-3-29 21:20:33,1
37SX233LBI,114.154,22.6288,4469248,0,0,0,14-3-29 21:21:32,1
37SX233LBI,114.154,22.6288,4469248,0,0,0,14-3-29 21:23:32,1
37SX233LBI,114.154,22.6288,4469248,0,0,0,14-3-29 21:25:37,1
37SX233LBI,114.154,22.6288,4469248,0,0,0,14-3-29 21:27:32,1
37SX233LBI,114.154,22.6288,4469248,0,0,0,14-3-29 21:29:32,1
37SX233LBI,114.154,22.6288,4469248,0,0,0,14-3-29 21:30:38,1
37SX233LBI,114.154,22.6288,4469248,0,0,0,14-3-29 21:31:32,1
37SX233LBI,114.154,22.6288,4469248,0,0,0,14-3-29 21:33:32,1
37SX233LBI,114.154,22.6288,4469248,0,0,0,14-3-29 21:35:32,1
37SX233LBI,114.154,22.6288,4469248,0,0,0,14-3-29 21:35:39,1
37SX233LBI,114.154,22.6288,4469248,0,0,0,14-3-29 21:37:32,1
37SX233LBI,114.154,22.6288,4469248,0,0,0,14-3-29 21:39:32,1
37SX233LBI,114.154,22.6288,4469248,0,0,0,14-3-29 21:40:40,1
37SX233LBI,114.154,22.6288,4469248,0,0,0,14-3-29 21:41:32,1
37SX233LBI,114.154,22.6288,4469248,0,0,0,14-3-29 21:43:32,1
37SX233LBI,114.154,22.6288,4469248,0,0,0,14-3-29 21:45:32,1
37SX233LBI,114.154,22.6288,4469248,0,0,0,14-3-29 21:45:41,1
37SX233LBI,114.154,22.6288,4469248,0,0,0,14-3-29 21:47:32,1
37SX233LBI,114.154,22.6288,4469248,0,0,0,14-3-29 21:49:32,1
37SX233LBI,114.154,22.6288,4469248,0,0,0,14-3-29 21:50:42,1
37SX233LBI,114.154,22.6288,4469248,0,0,0,14-3-29 21:51:32,1
37SX233LBI,114.154,22.6288,4469248,0,0,0,14-3-29 21:55:44,1
37SX233LBI,114.154,22.6288,4469248,0,0,0,14-3-29 22:0:46,1
37SX233LBI,114.154,22.6288,4469248,0,0,0,14-3-29 22:5:47,1
37SX233LBI,114.154,22.6288,4469248,0,0,0,14-3-29 22:15:48,1
37SX233LBI,114.154,22.6288,4469248,0,0,0,14-3-29 22:20:54,1
37SX233LBI,114.154,22.6288,4469248,0,0,0,14-3-29 22:25:55,1
37SX233LBI,114.154,22.6288,4469248,0,0,0,14-3-29 22:30:56,1
37SX233LBI,114.154,22.6288,4469248,0,0,0,14-3-29 22:36:0,1
37SX233LBI,114.154,22.6288,4469248,0,0,0,14-3-29 22:41:0,1
37SX233LBI,114.154,22.6288,4469248,0,0,0,14-3-29 22:46:2,1
37SX233LBI,114.154,22.6288,4469248,0,0,0,14-3-29 22:51:3,1
37SX233LBI,114.154,22.6288,4469248,0,0,0,14-3-29 22:56:4,1
37SX233LBI,114.154,22.6288,4469248,0,0,0,14-3-29 23:1:5,1
37SX233LBI,114.154,22.6288,4469248,0,0,0,14-3-29 23:6:6,1
37SX233LBI,114.154,22.6288,4469248,0,0,0,14-3-29 23:7:58,1
37SX233LBI,114.154,22.6288,4469248,0,0,0,14-3-29 23:9:58,1
37SX233LBI,114.154,22.6288,4469248,0,0,0,14-3-29 23:11:7,1
37SX233LBI,114.154,22.6288,4469248,0,0,0,14-3-29 23:11:58,1
37SX233LBI,114.154,22.6288,4469248,0,0,0,14-3-29 23:13:58,1
37SX233LBI,114.154,22.6288,4469248,0,0,0,14-3-29 23:15:58,1
37SX233LBI,114.154,22.6288,4469248,0,0,0,14-3-29 23:16:8,1
37SX233LBI,114.154,22.6288,4469248,0,0,0,14-3-29 23:17:58,1
37SX233LBI,114.154,22.6288,4469248,0,0,0,14-3-29 23:19:58,1
37SX233LBI,114.154,22.6288,4469248,0,0,0,14-3-29 23:21:17,1
37SX233LBI,114.154,22.6288,4469248,0,0,0,14-3-29 23:21:58,1
37SX233LBI,114.154,22.6288,4469248,0,0,0,14-3-29 23:23:58,1
37SX233LBI,114.154,22.6288,4469248,0,0,0,14-3-29 23:25:58,1
37SX233LBI,114.154,22.6288,4469248,0,0,0,14-3-29 23:26:18,1
37SX233LBI,114.154,22.6288,4469248,0,0,0,14-3-29 23:27:58,1
37SX233LBI,114.154,22.6288,4469248,0,0,0,14-3-29 23:29:58,1
37SX233LBI,114.154,22.6288,4469248,0,0,0,14-3-29 23:31:35,1
37SX233LBI,114.154,22.6288,4469248,0,0,0,14-3-29 23:31:58,1
37SX233LBI,114.154,22.6288,4469248,0,0,0,14-3-29 23:33:58,1
37SX233LBI,114.154,22.6288,4469248,0,0,0,14-3-29 23:35:58,1
37SX233LBI,114.154,22.6288,4469248,0,0,0,14-3-29 23:36:36,1
37SX233LBI,114.154,22.6288,4469248,0,0,0,14-3-29 23:37:58,1
37SX233LBI,114.154,22.6288,4469248,0,0,0,14-3-29 23:39:58,1
37SX233LBI,114.154,22.6288,4469248,0,0,0,14-3-29 23:41:37,1
37SX233LBI,114.154,22.6288,4469248,0,0,0,14-3-29 23:41:58,1
37SX233LBI,114.154,22.6288,4469248,0,0,0,14-3-29 23:43:58,1
37SX233LBI,114.154,22.6288,4469248,0,0,0,14-3-29 23:45:58,1
37SX233LBI,114.154,22.6288,4469248,0,0,0,14-3-29 23:46:38,1
37SX233LBI,114.154,22.6288,4469248,0,0,0,14-3-29 23:47:58,1
37SX233LBI,114.154,22.6288,4469248,0,0,0,14-3-29 23:49:58,1
37SX233LBI,114.154,22.6288,4469248,0,0,0,14-3-29 23:51:39,1
37SX233LBI,114.154,22.6288,4469248,0,0,0,14-3-29 23:51:58,1
37SX233LBI,114.154,22.6288,4469248,0,0,0,14-3-29 23:53:58,1
37SX233LBI,114.154,22.6288,4469248,0,0,0,14-3-29 23:55:58,1
37SX233LBI,114.154,22.6288,4469248,0,0,0,14-3-29 23:56:40,1
37SX233LBI,114.154,22.6288,4469248,0,0,0,14-3-29 23:57:58,1
37SX233LBI,114.154,22.6288,4469248,0,0,0,14-3-29 23:59:58,1
