3XFUSP81BI,120.144,36.0071,1791952,0,0,0,14-3-28 6:13:12,0
3XFUSP81BI,120.144,36.0071,1791952,0,0,0,14-3-28 6:13:13,0
3XFUSP81BI,120.144,36.0071,1791952,0,0,0,14-3-28 6:18:8,1
3XFUSP81BI,120.143,36.008,1791954,14,175,0,14-3-28 6:21:48,1
3XFUSP81BI,120.13,36.0115,1791971,27,170,0,14-3-28 6:26:45,1
3XFUSP81BI,120.114,36.0163,1791990,12,135,0,14-3-28 6:31:45,1
3XFUSP81BI,120.114,36.0163,1791990,0,0,0,14-3-28 6:36:46,1
3XFUSP81BI,120.114,36.0163,1791990,0,0,0,14-3-28 6:41:47,1
3XFUSP81BI,120.114,36.0162,1791990,12,130,0,14-3-28 6:46:48,1
3XFUSP81BI,120.086,36.0234,1792021,40,155,0,14-3-28 6:52:46,1
3XFUSP81BI,120.084,36.026,1792024,42,170,0,14-3-28 6:53:14,1
3XFUSP81BI,120.071,36.0216,1792043,66,110,0,14-3-28 6:58:9,1
3XFUSP81BI,120.037,35.9925,1792088,33,100,0,14-3-28 7:3:10,1
3XFUSP81BI,120.028,35.9518,1792133,71,100,0,14-3-28 7:8:11,1
3XFUSP81BI,119.978,35.9205,1792192,62,130,0,14-3-28 7:13:12,1
3XFUSP81BI,119.938,35.899,1792242,66,105,0,14-3-28 7:18:13,1
3XFUSP81BI,119.902,35.863,1792292,7,130,0,14-3-28 7:23:53,1
3XFUSP81BI,119.902,35.863,1792292,7,125,0,14-3-28 7:23:57,1
3XFUSP81BI,119.902,35.8623,1792293,0,0,0,14-3-28 7:28:54,1
3XFUSP81BI,119.902,35.8623,1792293,0,0,0,14-3-28 7:33:55,1
3XFUSP81BI,119.902,35.8623,1792293,0,0,0,14-3-28 7:38:56,1
3XFUSP81BI,119.891,35.8523,1792307,58,110,0,14-3-28 7:43:57,1
3XFUSP81BI,119.848,35.8255,1792356,62,110,0,14-3-28 7:48:58,1
3XFUSP81BI,119.811,35.7682,1792427,66,105,0,14-3-28 7:55:1,1
3XFUSP81BI,119.804,35.7618,1792436,62,105,0,14-3-28 7:55:55,1
3XFUSP81BI,119.804,35.7611,1792437,62,105,0,14-3-28 7:55:59,1
3XFUSP81BI,119.792,35.7471,1792456,80,105,0,14-3-28 7:57:33,1
3XFUSP81BI,119.739,35.7091,1792519,60,120,0,14-3-28 8:2:28,1
3XFUSP81BI,119.687,35.672,1792582,86,120,0,14-3-28 8:7:30,1
3XFUSP81BI,119.627,35.6406,1792647,66,110,0,14-3-28 8:12:32,1
3XFUSP81BI,119.615,35.6325,1792661,66,115,0,14-3-28 8:13:43,1
3XFUSP81BI,119.55,35.5821,1792742,73,100,0,14-3-28 8:20:41,1
3XFUSP81BI,119.539,35.5639,1792764,77,105,0,14-3-28 8:22:22,1
3XFUSP81BI,119.538,35.5631,1792765,77,105,0,14-3-28 8:22:27,1
3XFUSP81BI,119.474,35.4982,1792857,64,95,0,14-3-28 8:30:26,1
3XFUSP81BI,119.474,35.4976,1792858,68,95,0,14-3-28 8:30:31,1
3XFUSP81BI,119.428,35.4417,1792932,58,115,0,14-3-28 8:36:21,1
3XFUSP81BI,119.428,35.4413,1792933,57,115,0,14-3-28 8:36:25,1
3XFUSP81BI,119.39,35.4151,1792983,73,150,0,14-3-28 8:41:22,1
3XFUSP81BI,119.373,35.4299,1793005,68,150,0,14-3-28 8:43:18,1
3XFUSP81BI,119.371,35.4308,1793007,68,150,0,14-3-28 8:43:27,1
3XFUSP81BI,119.293,35.4794,1793103,58,140,0,14-3-28 8:51:48,1
3XFUSP81BI,119.228,35.4917,1793165,84,125,0,14-3-28 8:56:45,1
3XFUSP81BI,119.152,35.4901,1793235,79,140,0,14-3-28 9:1:46,1
3XFUSP81BI,119.087,35.5011,1793296,57,140,0,14-3-28 9:6:48,1
3XFUSP81BI,119.045,35.4954,1793334,51,130,0,14-3-28 9:11:49,1
3XFUSP81BI,118.974,35.4903,1793399,79,125,0,14-3-28 9:16:50,1
3XFUSP81BI,118.838,35.4595,1793527,82,120,0,14-3-28 9:26:52,1
3XFUSP81BI,118.815,35.4537,1793548,49,130,0,14-3-28 9:31:53,1
3XFUSP81BI,118.746,35.4464,1793610,66,135,0,14-3-28 9:36:54,1
3XFUSP81BI,118.679,35.4382,1793671,68,125,0,14-3-28 9:41:55,1
3XFUSP81BI,118.618,35.4226,1793729,69,120,0,14-3-28 9:46:56,1
3XFUSP81BI,118.548,35.4071,1793794,84,120,0,14-3-28 9:51:57,1
3XFUSP81BI,118.486,35.3943,1793852,69,130,0,14-3-28 9:56:58,1
3XFUSP81BI,118.417,35.3876,1793916,47,135,0,14-3-28 10:1:59,1
3XFUSP81BI,118.364,35.3749,1793966,90,120,0,14-3-28 10:7:0,1
3XFUSP81BI,118.293,35.363,1794031,60,130,0,14-3-28 10:12:1,1
3XFUSP81BI,118.138,35.348,1794175,86,135,0,14-3-28 10:24:32,1
3XFUSP81BI,118.065,35.3646,1794244,80,150,0,14-3-28 10:29:33,1
3XFUSP81BI,117.992,35.3721,1794312,82,140,0,14-3-28 10:34:34,1
3XFUSP81BI,117.92,35.383,1794379,73,150,0,14-3-28 10:39:35,1
3XFUSP81BI,117.857,35.4044,1794441,77,145,0,14-3-28 10:44:36,1
3XFUSP81BI,117.789,35.4276,1794509,68,140,0,14-3-28 10:49:37,1
3XFUSP81BI,117.78,35.4296,1794517,66,140,0,14-3-28 10:50:23,1
3XFUSP81BI,117.726,35.4413,1794567,82,135,0,14-3-28 10:54:46,1
3XFUSP81BI,117.665,35.4441,1794622,51,130,0,14-3-28 10:59:47,1
3XFUSP81BI,117.604,35.4536,1794679,77,130,0,14-3-28 11:4:48,1
3XFUSP81BI,117.544,35.4699,1794737,51,145,0,14-3-28 11:9:48,1
3XFUSP81BI,117.489,35.4804,1794787,86,140,0,14-3-28 11:14:49,1
3XFUSP81BI,117.386,35.4918,1794882,3,145,0,14-3-28 11:25:0,1
3XFUSP81BI,117.355,35.5077,1794915,55,145,0,14-3-28 11:30:1,1
3XFUSP81BI,117.294,35.5262,1794973,53,145,0,14-3-28 11:35:2,1
3XFUSP81BI,117.261,35.5405,1795007,79,155,0,14-3-28 11:38:10,1
3XFUSP81BI,117.194,35.551,1795071,90,135,0,14-3-28 11:43:11,1
3XFUSP81BI,117.155,35.5465,1795106,99,130,0,14-3-28 11:45:41,1
3XFUSP81BI,117.113,35.5417,1795144,75,130,0,14-3-28 11:48:12,1
3XFUSP81BI,117.041,35.5398,1795209,75,130,0,14-3-28 11:53:13,1
3XFUSP81BI,116.97,35.5318,1795274,79,130,0,14-3-28 11:58:14,1
3XFUSP81BI,116.896,35.5288,1795341,73,140,0,14-3-28 12:3:15,1
3XFUSP81BI,116.826,35.5268,1795403,71,130,0,14-3-28 12:8:16,1
3XFUSP81BI,116.757,35.52,1795467,44,140,0,14-3-28 12:13:17,1
3XFUSP81BI,116.756,35.5204,1795468,34,140,0,14-3-28 12:13:29,1
3XFUSP81BI,116.755,35.5209,1795470,0,0,0,14-3-28 12:18:31,1
3XFUSP81BI,116.755,35.5209,1795470,0,0,0,14-3-28 12:23:32,1
3XFUSP81BI,116.755,35.5209,1795470,0,0,0,14-3-28 12:28:33,1
3XFUSP81BI,116.755,35.5209,1795470,0,0,0,14-3-28 12:33:34,1
3XFUSP81BI,116.755,35.5209,1795470,0,0,0,14-3-28 12:38:34,1
3XFUSP81BI,116.755,35.5209,1795470,0,0,0,14-3-28 12:43:35,1
3XFUSP81BI,116.755,35.5209,1795470,0,0,0,14-3-28 12:48:36,1
3XFUSP81BI,116.755,35.5209,1795470,0,0,0,14-3-28 12:53:37,1
3XFUSP81BI,116.755,35.5209,1795470,0,0,0,14-3-28 12:58:38,1
3XFUSP81BI,116.755,35.5209,1795470,0,0,0,14-3-28 13:3:39,1
3XFUSP81BI,116.755,35.5209,1795470,0,0,0,14-3-28 13:8:40,1
3XFUSP81BI,116.747,35.5219,1795477,38,135,0,14-3-28 13:13:41,1
3XFUSP81BI,116.686,35.5272,1795532,77,145,0,14-3-28 13:18:42,1
3XFUSP81BI,116.614,35.532,1795597,75,130,0,14-3-28 13:23:44,1
3XFUSP81BI,116.543,35.5335,1795661,71,135,0,14-3-28 13:28:45,1
3XFUSP81BI,116.474,35.5281,1795724,73,130,0,14-3-28 13:33:46,1
3XFUSP81BI,116.417,35.5001,1795784,60,115,0,14-3-28 13:38:47,1
3XFUSP81BI,116.353,35.4835,1795845,71,130,0,14-3-28 13:43:48,1
3XFUSP81BI,116.288,35.4713,1795907,77,120,0,14-3-28 13:48:49,1
3XFUSP81BI,116.22,35.4601,1795969,69,135,0,14-3-28 13:53:50,1
3XFUSP81BI,116.157,35.452,1796027,71,125,0,14-3-28 13:58:48,1
3XFUSP81BI,116.156,35.4519,1796028,71,125,0,14-3-28 13:58:53,1
3XFUSP81BI,115.983,35.4638,1796184,77,135,0,14-3-28 14:11:35,1
3XFUSP81BI,115.981,35.4639,1796185,77,135,0,14-3-28 14:11:41,1
3XFUSP81BI,115.914,35.4535,1796249,77,125,0,14-3-28 14:16:36,1
3XFUSP81BI,115.849,35.4246,1796315,79,115,0,14-3-28 14:21:37,1
3XFUSP81BI,115.796,35.3898,1796378,68,110,0,14-3-28 14:26:38,1
3XFUSP81BI,115.736,35.3585,1796442,69,115,0,14-3-28 14:31:39,1
3XFUSP81BI,115.685,35.3216,1796504,68,120,0,14-3-28 14:36:40,1
3XFUSP81BI,115.626,35.3032,1796560,69,120,0,14-3-28 14:41:41,1
3XFUSP81BI,115.598,35.2724,1796608,60,90,0,14-3-28 14:46:42,1
3XFUSP81BI,115.584,35.2207,1796667,53,100,0,14-3-28 14:51:43,1
3XFUSP81BI,115.543,35.1793,1796726,64,110,0,14-3-28 14:56:45,1
3XFUSP81BI,115.494,35.1445,1796784,71,115,0,14-3-28 15:1:46,1
3XFUSP81BI,115.428,35.1296,1796846,68,130,0,14-3-28 15:6:47,1
3XFUSP81BI,115.362,35.1156,1796909,77,115,0,14-3-28 15:11:48,1
3XFUSP81BI,115.3,35.087,1796974,75,120,0,14-3-28 15:16:49,1
3XFUSP81BI,115.245,35.0545,1797035,49,125,0,14-3-28 15:21:50,1
3XFUSP81BI,115.183,35.0339,1797096,77,115,0,14-3-28 15:26:52,1
3XFUSP81BI,115.119,35.0093,1797160,73,115,0,14-3-28 15:31:54,1
3XFUSP81BI,115.098,34.9966,1797183,0,0,0,14-3-28 15:36:55,1
3XFUSP81BI,115.096,34.9957,1797185,3,115,0,14-3-28 15:41:56,1
3XFUSP81BI,115.093,34.9934,1797188,20,115,0,14-3-28 15:46:57,1
3XFUSP81BI,115.042,34.9729,1797240,73,110,0,14-3-28 15:51:58,1
3XFUSP81BI,114.981,34.9461,1797302,71,120,0,14-3-28 15:56:59,1
3XFUSP81BI,114.917,34.9266,1797365,49,110,0,14-3-28 16:2:0,1
3XFUSP81BI,114.916,34.9259,1797366,33,115,0,14-3-28 16:2:9,1
3XFUSP81BI,114.914,34.925,1797368,0,0,0,14-3-28 16:7:10,1
3XFUSP81BI,114.913,34.9244,1797370,0,0,0,14-3-28 16:12:11,1
3XFUSP81BI,114.913,34.9244,1797370,0,0,0,14-3-28 16:17:12,1
3XFUSP81BI,114.883,34.904,1797405,68,120,0,14-3-28 16:22:13,1
3XFUSP81BI,114.823,34.8815,1797466,75,120,0,14-3-28 16:27:15,1
3XFUSP81BI,114.761,34.8529,1797531,77,125,0,14-3-28 16:32:16,1
3XFUSP81BI,114.698,34.8304,1797594,71,110,0,14-3-28 16:37:17,1
3XFUSP81BI,114.648,34.8268,1797646,68,155,0,14-3-28 16:42:18,1
3XFUSP81BI,114.585,34.8416,1797709,71,130,0,14-3-28 16:47:19,1
3XFUSP81BI,114.519,34.8381,1797769,75,130,0,14-3-28 16:52:20,1
3XFUSP81BI,114.456,34.8298,1797826,69,130,0,14-3-28 16:57:21,1
3XFUSP81BI,114.392,34.8442,1797887,71,145,0,14-3-28 17:2:22,1
3XFUSP81BI,114.322,34.845,1797951,75,135,0,14-3-28 17:7:23,1
3XFUSP81BI,114.252,34.8435,1798014,79,125,0,14-3-28 17:12:24,1
3XFUSP81BI,114.182,34.8366,1798078,75,135,0,14-3-28 17:17:25,1
3XFUSP81BI,114.111,34.8435,1798142,77,130,0,14-3-28 17:22:26,1
3XFUSP81BI,114.039,34.8354,1798209,73,130,0,14-3-28 17:27:27,1
3XFUSP81BI,113.974,34.8306,1798268,75,130,0,14-3-28 17:32:29,1
3XFUSP81BI,113.904,34.8278,1798331,77,130,0,14-3-28 17:37:30,1
3XFUSP81BI,113.834,34.8268,1798395,69,130,0,14-3-28 17:42:31,1
3XFUSP81BI,113.769,34.8272,1798453,79,135,0,14-3-28 17:47:32,1
3XFUSP81BI,113.704,34.847,1798517,73,135,0,14-3-28 17:52:33,1
3XFUSP81BI,113.638,34.8479,1798576,75,130,0,14-3-28 17:57:34,1
3XFUSP81BI,113.572,34.8376,1798637,77,135,0,14-3-28 18:2:35,1
3XFUSP81BI,113.505,34.8484,1798699,73,140,0,14-3-28 18:7:37,1
3XFUSP81BI,113.441,34.8633,1798759,75,135,0,14-3-28 18:12:38,1
3XFUSP81BI,113.375,34.8625,1798819,66,140,0,14-3-28 18:17:39,1
3XFUSP81BI,113.311,34.8603,1798879,71,120,0,14-3-28 18:22:40,1
3XFUSP81BI,113.248,34.8502,1798937,60,125,0,14-3-28 18:27:41,1
3XFUSP81BI,113.196,34.8345,1798988,60,140,0,14-3-28 18:32:42,1
3XFUSP81BI,113.149,34.8232,1799033,58,115,0,14-3-28 18:37:44,1
3XFUSP81BI,113.098,34.8133,1799066,58,125,0,14-3-28 18:42:45,1
3XFUSP81BI,113.036,34.7963,1799127,66,130,0,14-3-28 18:47:46,1
3XFUSP81BI,113.018,34.7965,1799143,3,115,0,14-3-28 18:52:47,1
3XFUSP81BI,113.018,34.7965,1799144,0,0,0,14-3-28 18:57:48,1
3XFUSP81BI,113.018,34.7965,1799144,0,0,0,14-3-28 19:2:49,1
3XFUSP81BI,113.018,34.7964,1799144,0,0,0,14-3-28 19:7:50,1
3XFUSP81BI,113.018,34.7964,1799144,0,0,0,14-3-28 19:12:51,1
3XFUSP81BI,113.018,34.7962,1799144,0,0,0,14-3-28 19:17:52,1
3XFUSP81BI,113.018,34.7962,1799144,0,0,0,14-3-28 19:22:53,1
3XFUSP81BI,113.018,34.7962,1799144,0,0,0,14-3-28 19:27:54,1
3XFUSP81BI,113.018,34.7962,1799144,0,0,0,14-3-28 19:32:55,1
3XFUSP81BI,113.018,34.7962,1799144,0,0,0,14-3-28 19:37:56,1
3XFUSP81BI,113.018,34.7962,1799144,0,0,0,14-3-28 19:42:57,1
3XFUSP81BI,113.018,34.7962,1799144,0,0,0,14-3-28 19:47:58,1
3XFUSP81BI,113.018,34.7962,1799144,0,0,0,14-3-28 19:52:59,1
3XFUSP81BI,113.018,34.7962,1799144,0,0,0,14-3-28 19:58:0,1
3XFUSP81BI,113.008,34.7919,1799154,34,115,0,14-3-28 20:3:1,1
3XFUSP81BI,112.963,34.7708,1799201,62,115,0,14-3-28 20:8:10,1
3XFUSP81BI,112.924,34.7686,1799232,34,130,0,14-3-28 20:13:12,1
3XFUSP81BI,112.9,34.765,1799255,22,145,0,14-3-28 20:18:13,1
3XFUSP81BI,112.863,34.7599,1799290,60,130,0,14-3-28 20:23:14,1
3XFUSP81BI,112.8,34.7648,1799347,68,130,0,14-3-28 20:28:15,1
3XFUSP81BI,112.731,34.7719,1799410,69,135,0,14-3-28 20:33:16,1
3XFUSP81BI,112.691,34.7766,1799448,53,145,0,14-3-28 20:38:17,1
3XFUSP81BI,112.624,34.7822,1799510,75,125,0,14-3-28 20:43:18,1
3XFUSP81BI,112.561,34.7739,1799568,75,135,0,14-3-28 20:48:27,1
3XFUSP81BI,112.499,34.7746,1799624,58,130,0,14-3-28 20:53:28,1
3XFUSP81BI,112.444,34.7653,1799675,93,120,0,14-3-28 20:58:29,1
3XFUSP81BI,112.383,34.7542,1799732,55,140,0,14-3-28 21:3:29,1
3XFUSP81BI,112.319,34.7487,1799792,68,125,0,14-3-28 21:8:30,1
3XFUSP81BI,112.285,34.7413,1799823,31,135,0,14-3-28 21:13:32,1
3XFUSP81BI,112.247,34.7495,1799858,66,145,0,14-3-28 21:18:33,1
3XFUSP81BI,112.195,34.7496,1799908,57,115,0,14-3-28 21:23:34,1
3XFUSP81BI,112.146,34.7371,1799956,38,130,0,14-3-28 21:28:35,1
3XFUSP81BI,112.106,34.7463,1799993,34,140,0,14-3-28 21:33:36,1
3XFUSP81BI,112.065,34.7602,1800034,42,130,0,14-3-28 21:38:37,1
3XFUSP81BI,112.013,34.7618,1800080,62,140,0,14-3-28 21:43:40,1
3XFUSP81BI,111.975,34.7551,1800116,25,120,0,14-3-28 21:48:41,1
3XFUSP81BI,111.933,34.7506,1800155,44,135,0,14-3-28 21:53:42,1
3XFUSP81BI,111.906,34.7604,1800181,29,145,0,14-3-28 21:58:43,1
3XFUSP81BI,111.882,34.7682,1800204,31,135,0,14-3-28 22:3:44,1
3XFUSP81BI,111.827,34.7734,1800254,58,140,0,14-3-28 22:8:45,1
3XFUSP81BI,111.776,34.7873,1800303,64,135,0,14-3-28 22:13:46,1
3XFUSP81BI,111.72,34.7737,1800356,73,120,0,14-3-28 22:18:47,1
3XFUSP81BI,111.673,34.7553,1800402,23,120,0,14-3-28 22:23:48,1
3XFUSP81BI,111.649,34.7425,1800428,40,115,0,14-3-28 22:28:49,1
3XFUSP81BI,111.626,34.718,1800462,44,100,0,14-3-28 22:33:51,1
3XFUSP81BI,111.595,34.7015,1800497,40,130,0,14-3-28 22:38:52,1
3XFUSP81BI,111.559,34.7,1800529,53,130,0,14-3-28 22:43:53,1
3XFUSP81BI,111.507,34.6974,1800577,31,140,0,14-3-28 22:48:54,1
3XFUSP81BI,111.458,34.7015,1800623,58,130,0,14-3-28 22:53:55,1
3XFUSP81BI,111.423,34.7116,1800656,42,135,0,14-3-28 22:58:56,1
3XFUSP81BI,111.371,34.7139,1800703,57,135,0,14-3-28 23:3:57,1
3XFUSP81BI,111.323,34.7161,1800748,79,120,0,14-3-28 23:8:58,1
3XFUSP81BI,111.263,34.7193,1800804,77,145,0,14-3-28 23:13:59,1
3XFUSP81BI,111.215,34.7475,1800857,62,140,0,14-3-28 23:19:0,1
3XFUSP81BI,111.182,34.7579,1800889,80,140,0,14-3-28 23:24:1,1
3XFUSP81BI,111.127,34.7548,1800940,51,120,0,14-3-28 23:29:2,1
3XFUSP81BI,111.077,34.7293,1800996,60,130,0,14-3-28 23:34:2,1
3XFUSP81BI,111.024,34.721,1801045,62,110,0,14-3-28 23:39:3,1
3XFUSP81BI,110.999,34.6868,1801088,46,105,0,14-3-28 23:44:4,1
3XFUSP81BI,110.961,34.6637,1801132,47,120,0,14-3-28 23:49:5,1
3XFUSP81BI,110.921,34.6535,1801171,33,130,0,14-3-28 23:54:6,1
3XFUSP81BI,110.9,34.6475,1801190,22,120,0,14-3-28 23:59:7,1
3XFUSP81BI,110.871,34.6295,1801224,80,100,0,14-3-29 0:4:8,1
3XFUSP81BI,110.838,34.5913,1801276,82,120,0,14-3-29 0:9:9,1
3XFUSP81BI,110.776,34.5783,1801334,66,120,0,14-3-29 0:14:10,1
3XFUSP81BI,110.751,34.5711,1801358,0,110,0,14-3-29 0:19:12,1
3XFUSP81BI,110.703,34.5739,1801402,62,140,0,14-3-29 0:24:13,1
3XFUSP81BI,110.645,34.5717,1801455,40,130,0,14-3-29 0:29:14,1
3XFUSP81BI,110.605,34.58,1801492,58,135,0,14-3-29 0:34:16,1
3XFUSP81BI,110.554,34.5788,1801539,60,125,0,14-3-29 0:39:17,1
3XFUSP81BI,110.499,34.5798,1801589,53,130,0,14-3-29 0:44:18,1
3XFUSP81BI,110.486,34.5793,1801601,0,0,0,14-3-29 0:49:19,1
3XFUSP81BI,110.485,34.5791,1801601,0,0,0,14-3-29 0:54:20,1
3XFUSP81BI,110.485,34.5788,1801601,1,85,0,14-3-29 0:59:21,1
3XFUSP81BI,110.446,34.581,1801637,47,130,0,14-3-29 1:4:22,1
3XFUSP81BI,110.395,34.5758,1801684,62,125,0,14-3-29 1:9:23,1
3XFUSP81BI,110.37,34.5727,1801706,0,0,0,14-3-29 1:14:46,1
3XFUSP81BI,110.37,34.5727,1801707,0,0,0,14-3-29 1:16:25,1
3XFUSP81BI,110.37,34.5727,1801707,0,0,0,14-3-29 1:16:29,1
3XFUSP81BI,110.369,34.5727,1801707,1,135,0,14-3-29 1:20:4,1
3XFUSP81BI,110.368,34.5728,1801707,0,0,0,14-3-29 1:22:30,1
3XFUSP81BI,110.368,34.5728,1801707,0,0,0,14-3-29 1:22:35,1
3XFUSP81BI,110.367,34.573,1801708,11,140,0,14-3-29 1:23:55,1
3XFUSP81BI,110.367,34.573,1801709,11,140,0,14-3-29 1:24:1,1
3XFUSP81BI,110.35,34.5855,1801730,11,160,0,14-3-29 1:28:56,1
3XFUSP81BI,110.349,34.5875,1801732,7,165,0,14-3-29 1:33:57,1
3XFUSP81BI,110.347,34.5899,1801734,0,165,0,14-3-29 1:38:59,1
3XFUSP81BI,110.316,34.6034,1801766,51,140,0,14-3-29 1:44:0,1
3XFUSP81BI,110.254,34.6078,1801823,71,145,0,14-3-29 1:49:1,1
3XFUSP81BI,110.186,34.6125,1801886,80,125,0,14-3-29 1:54:2,1
3XFUSP81BI,110.138,34.5878,1801941,68,120,0,14-3-29 1:59:3,1
3XFUSP81BI,110.086,34.5463,1802008,84,120,0,14-3-29 2:4:3,1
3XFUSP81BI,110.082,34.545,1802012,86,120,0,14-3-29 2:4:19,1
3XFUSP81BI,110.01,34.5356,1802078,77,135,0,14-3-29 2:9:20,1
3XFUSP81BI,109.936,34.5431,1802147,71,125,0,14-3-29 2:14:21,1
3XFUSP81BI,109.872,34.5345,1802207,77,135,0,14-3-29 2:19:22,1
3XFUSP81BI,109.804,34.515,1802274,80,120,0,14-3-29 2:24:23,1
3XFUSP81BI,109.733,34.5001,1802341,88,130,0,14-3-29 2:29:24,1
3XFUSP81BI,109.658,34.498,1802409,80,135,0,14-3-29 2:34:25,1
3XFUSP81BI,109.587,34.4984,1802475,82,130,0,14-3-29 2:39:28,1
3XFUSP81BI,109.524,34.4858,1802534,82,110,0,14-3-29 2:44:29,1
3XFUSP81BI,109.523,34.4844,1802536,84,105,0,14-3-29 2:44:37,1
3XFUSP81BI,109.465,34.4808,1802593,82,145,0,14-3-29 2:49:40,1
3XFUSP81BI,109.458,34.4823,1802600,97,135,0,14-3-29 2:50:7,1
3XFUSP81BI,109.382,34.4838,1802670,82,135,0,14-3-29 2:55:8,1
3XFUSP81BI,109.315,34.4648,1802734,82,120,0,14-3-29 3:0:9,1
3XFUSP81BI,109.253,34.4325,1802801,80,115,0,14-3-29 3:5:10,1
3XFUSP81BI,109.2,34.3956,1802865,73,105,0,14-3-29 3:10:11,1
3XFUSP81BI,109.163,34.3611,1802916,57,110,0,14-3-29 3:15:13,1
3XFUSP81BI,109.116,34.3282,1802971,71,110,0,14-3-29 3:20:15,1
3XFUSP81BI,109.075,34.3387,1803028,80,160,0,14-3-29 3:25:16,1
3XFUSP81BI,109.015,34.3606,1803091,71,140,0,14-3-29 3:30:17,1
3XFUSP81BI,108.948,34.3661,1803152,71,135,0,14-3-29 3:35:18,1
3XFUSP81BI,108.881,34.3536,1803215,71,125,0,14-3-29 3:40:19,1
3XFUSP81BI,108.787,34.2678,1803368,71,85,0,14-3-29 3:53:1,1
3XFUSP81BI,108.787,34.2664,1803370,71,85,0,14-3-29 3:53:8,1
3XFUSP81BI,108.785,34.2534,1803386,0,0,0,14-3-29 3:58:2,1
3XFUSP81BI,108.763,34.253,1803406,60,135,0,14-3-29 4:3:3,1
3XFUSP81BI,108.598,34.2688,1803565,77,140,0,14-3-29 4:15:39,1
3XFUSP81BI,108.53,34.2804,1803632,82,125,0,14-3-29 4:20:40,1
3XFUSP81BI,108.46,34.2718,1803698,77,125,0,14-3-29 4:25:40,1
3XFUSP81BI,108.394,34.2495,1803762,77,125,0,14-3-29 4:30:50,1
3XFUSP81BI,108.32,34.2457,1803830,79,135,0,14-3-29 4:35:51,1
3XFUSP81BI,108.249,34.2438,1803895,84,130,0,14-3-29 4:40:52,1
3XFUSP81BI,108.176,34.2472,1803963,75,135,0,14-3-29 4:45:53,1
3XFUSP81BI,108.107,34.2524,1804026,80,130,0,14-3-29 4:50:54,1
3XFUSP81BI,108.038,34.264,1804090,79,140,0,14-3-29 4:55:55,1
3XFUSP81BI,107.965,34.2662,1804157,79,125,0,14-3-29 5:0:56,1
3XFUSP81BI,107.894,34.2708,1804222,75,135,0,14-3-29 5:5:57,1
3XFUSP81BI,107.823,34.267,1804288,79,145,0,14-3-29 5:10:58,1
3XFUSP81BI,107.76,34.3016,1804357,84,140,0,14-3-29 5:15:59,1
3XFUSP81BI,107.686,34.3082,1804426,82,145,0,14-3-29 5:21:0,1
3XFUSP81BI,107.613,34.3064,1804493,75,130,0,14-3-29 5:26:1,1
3XFUSP81BI,107.542,34.3125,1804557,77,135,0,14-3-29 5:31:2,1
3XFUSP81BI,107.474,34.3334,1804625,80,145,0,14-3-29 5:36:3,1
3XFUSP81BI,107.404,34.3481,1804691,69,130,0,14-3-29 5:41:4,1
3XFUSP81BI,107.342,34.3489,1804748,77,140,0,14-3-29 5:46:5,1
3XFUSP81BI,107.282,34.3566,1804804,77,130,0,14-3-29 5:51:6,1
3XFUSP81BI,107.217,34.3603,1804863,73,130,0,14-3-29 5:56:7,1
3XFUSP81BI,107.084,34.3725,1805002,66,130,0,14-3-29 6:9:22,1
3XFUSP81BI,107.082,34.3723,1805003,64,130,0,14-3-29 6:9:31,1
3XFUSP81BI,107.043,34.369,1805040,3,115,0,14-3-29 6:14:23,1
3XFUSP81BI,107.042,34.369,1805040,0,0,0,14-3-29 6:19:24,1
3XFUSP81BI,107.042,34.369,1805040,0,0,0,14-3-29 6:24:25,1
3XFUSP81BI,107.042,34.369,1805040,0,0,0,14-3-29 6:29:26,1
3XFUSP81BI,107.042,34.369,1805040,0,0,0,14-3-29 6:34:27,1
3XFUSP81BI,107.042,34.369,1805040,0,0,0,14-3-29 6:39:28,1
3XFUSP81BI,107.042,34.369,1805040,0,0,0,14-3-29 6:44:29,1
3XFUSP81BI,107.042,34.369,1805040,0,0,0,14-3-29 6:49:29,1
3XFUSP81BI,107.042,34.369,1805040,0,0,0,14-3-29 6:54:30,1
3XFUSP81BI,107.042,34.369,1805040,0,0,0,14-3-29 6:59:31,1
3XFUSP81BI,107.042,34.369,1805040,0,0,0,14-3-29 7:4:32,1
3XFUSP81BI,107.042,34.369,1805040,0,0,0,14-3-29 7:9:33,1
3XFUSP81BI,107.042,34.369,1805040,0,0,0,14-3-29 7:14:34,1
3XFUSP81BI,107.042,34.369,1805040,0,0,0,14-3-29 7:19:35,1
3XFUSP81BI,107.042,34.369,1805040,0,0,0,14-3-29 7:24:36,1
3XFUSP81BI,107.042,34.369,1805040,0,0,0,14-3-29 7:29:37,1
3XFUSP81BI,107.042,34.369,1805040,0,0,0,14-3-29 7:34:38,1
3XFUSP81BI,107.042,34.369,1805040,0,0,0,14-3-29 7:39:39,1
3XFUSP81BI,107.042,34.369,1805040,0,0,0,14-3-29 7:44:40,1
3XFUSP81BI,107.042,34.369,1805040,0,0,0,14-3-29 7:49:41,1
3XFUSP81BI,107.042,34.369,1805040,0,0,0,14-3-29 7:54:42,1
3XFUSP81BI,107.042,34.369,1805040,0,0,0,14-3-29 7:59:43,1
3XFUSP81BI,107.042,34.369,1805040,0,0,0,14-3-29 8:4:44,1
3XFUSP81BI,107.042,34.369,1805040,0,0,0,14-3-29 8:9:45,1
3XFUSP81BI,107.042,34.369,1805040,0,0,0,14-3-29 8:14:46,1
3XFUSP81BI,107.042,34.369,1805040,0,0,0,14-3-29 8:19:47,1
3XFUSP81BI,107.042,34.369,1805040,0,0,0,14-3-29 8:24:48,1
3XFUSP81BI,107.042,34.369,1805040,0,0,0,14-3-29 8:29:49,1
3XFUSP81BI,107.042,34.369,1805040,0,0,0,14-3-29 8:34:50,1
3XFUSP81BI,107.042,34.369,1805040,0,0,0,14-3-29 8:39:51,1
3XFUSP81BI,107.042,34.369,1805040,0,0,0,14-3-29 8:44:52,1
3XFUSP81BI,107.042,34.369,1805040,0,0,0,14-3-29 8:49:53,1
3XFUSP81BI,107.042,34.369,1805040,0,0,0,14-3-29 8:54:54,1
3XFUSP81BI,107.042,34.369,1805040,0,0,0,14-3-29 8:59:55,1
3XFUSP81BI,107.042,34.369,1805040,0,0,0,14-3-29 9:4:55,1
3XFUSP81BI,107.042,34.369,1805040,0,0,0,14-3-29 9:9:56,1
3XFUSP81BI,107.042,34.369,1805040,0,0,0,14-3-29 9:14:57,1
3XFUSP81BI,107.042,34.369,1805040,0,0,0,14-3-29 9:19:59,1
3XFUSP81BI,107.042,34.369,1805040,0,0,0,14-3-29 9:24:59,1
3XFUSP81BI,107.042,34.369,1805040,0,0,0,14-3-29 9:30:0,1
3XFUSP81BI,107.042,34.3689,1805041,0,0,0,14-3-29 9:35:1,1
3XFUSP81BI,107.042,34.3689,1805041,0,0,0,14-3-29 9:40:2,1
3XFUSP81BI,107.042,34.3689,1805041,0,0,0,14-3-29 9:45:3,1
3XFUSP81BI,107.042,34.3689,1805041,0,0,0,14-3-29 9:50:4,1
3XFUSP81BI,107.042,34.3689,1805041,0,0,0,14-3-29 9:55:5,1
3XFUSP81BI,107.042,34.3689,1805041,0,0,0,14-3-29 10:0:6,1
3XFUSP81BI,107.042,34.3689,1805041,0,0,0,14-3-29 10:5:7,1
3XFUSP81BI,107.042,34.3689,1805041,0,0,0,14-3-29 10:10:8,1
3XFUSP81BI,107.042,34.3689,1805041,0,0,0,14-3-29 10:13:56,1
3XFUSP81BI,107.042,34.3689,1805041,0,0,0,14-3-29 10:15:9,1
3XFUSP81BI,107.042,34.3689,1805041,0,0,0,14-3-29 10:20:10,1
3XFUSP81BI,107.042,34.3689,1805041,0,0,0,14-3-29 10:25:11,1
3XFUSP81BI,107.042,34.3689,1805041,0,0,0,14-3-29 10:30:12,1
3XFUSP81BI,107.042,34.3687,1805041,0,0,0,14-3-29 10:35:13,1
3XFUSP81BI,107.042,34.3687,1805041,0,0,0,14-3-29 10:40:14,1
3XFUSP81BI,107.042,34.3687,1805041,0,0,0,14-3-29 10:45:15,1
3XFUSP81BI,107.042,34.3687,1805041,0,0,0,14-3-29 10:50:16,1
3XFUSP81BI,107.042,34.3687,1805041,0,0,0,14-3-29 10:55:17,1
3XFUSP81BI,107.041,34.3687,1805041,0,0,0,14-3-29 11:0:18,1
3XFUSP81BI,107.041,34.3687,1805041,3,115,0,14-3-29 11:5:19,1
3XFUSP81BI,107.041,34.3684,1805041,0,100,0,14-3-29 11:10:20,1
3XFUSP81BI,107.036,34.3686,1805046,0,140,0,14-3-29 11:15:21,0
3XFUSP81BI,106.988,34.3781,1805054,51,135,0,14-3-29 11:20:22,1
3XFUSP81BI,106.935,34.3964,1805092,69,140,0,14-3-29 11:25:22,1
3XFUSP81BI,106.885,34.3905,1805115,53,135,0,14-3-29 11:30:23,1
3XFUSP81BI,106.87,34.393,1805131,0,0,0,14-3-29 11:35:24,1
3XFUSP81BI,106.869,34.3927,1805131,0,0,0,14-3-29 11:40:25,1
3XFUSP81BI,106.869,34.3919,1805132,0,0,0,14-3-29 11:45:26,1
3XFUSP81BI,106.869,34.3919,1805132,0,0,0,14-3-29 11:50:27,1
3XFUSP81BI,106.833,34.3756,1805157,58,140,0,14-3-29 11:55:28,1
3XFUSP81BI,106.797,34.3745,1805168,0,130,0,14-3-29 12:0:29,0
3XFUSP81BI,106.692,34.3718,1805234,0,135,0,14-3-29 12:10:31,0
3XFUSP81BI,106.652,34.3577,1805260,27,110,0,14-3-29 12:15:32,1
3XFUSP81BI,106.641,34.3459,1805277,0,0,0,14-3-29 12:20:34,1
3XFUSP81BI,106.61,34.34,1805313,33,140,0,14-3-29 12:36:5,1
3XFUSP81BI,106.577,34.3349,1805342,34,115,0,14-3-29 12:41:1,1
3XFUSP81BI,106.514,34.3354,1805396,0,125,0,14-3-29 12:54:42,0
3XFUSP81BI,106.514,34.3354,1805396,0,125,0,14-3-29 12:54:52,0
3XFUSP81BI,106.514,34.3354,1805396,0,125,0,14-3-29 13:3:37,0
3XFUSP81BI,106.514,34.3354,1805396,0,125,0,14-3-29 13:8:33,0
3XFUSP81BI,106.514,34.3354,1805396,0,125,0,14-3-29 13:13:34,0
3XFUSP81BI,106.357,34.3105,1805421,46,140,0,14-3-29 13:18:37,1
3XFUSP81BI,106.312,34.3182,1805464,49,145,0,14-3-29 13:23:36,1
3XFUSP81BI,106.27,34.3246,1805505,0,125,0,14-3-29 13:35:26,0
3XFUSP81BI,106.27,34.3246,1805505,0,125,0,14-3-29 13:40:24,0
3XFUSP81BI,106.141,34.3308,1805518,55,140,0,14-3-29 13:46:55,1
3XFUSP81BI,106.139,34.3313,1805519,0,145,0,14-3-29 13:47:17,0
3XFUSP81BI,106.139,34.3313,1805520,0,145,0,14-3-29 13:47:21,0
3XFUSP81BI,106.127,34.3689,1805561,51,155,0,14-3-29 13:52:18,1
3XFUSP81BI,106.113,34.3887,1805577,0,150,0,14-3-29 13:57:19,0
3XFUSP81BI,106.113,34.3887,1805577,0,150,0,14-3-29 14:2:20,0
3XFUSP81BI,106.062,34.4516,1805599,0,145,0,14-3-29 14:8:44,0
3XFUSP81BI,106.062,34.4516,1805599,0,145,0,14-3-29 14:8:49,0
3XFUSP81BI,106.001,34.4542,1805636,42,145,0,14-3-29 14:13:46,1
3XFUSP81BI,105.959,34.4606,1805677,31,145,0,14-3-29 14:18:48,1
3XFUSP81BI,105.926,34.4717,1805695,71,150,0,14-3-29 14:23:49,1
3XFUSP81BI,105.913,34.4704,1805708,0,0,0,14-3-29 14:28:50,1
3XFUSP81BI,105.913,34.4704,1805708,0,0,0,14-3-29 14:42:0,1
3XFUSP81BI,105.913,34.4704,1805708,0,0,0,14-3-29 14:46:55,1
3XFUSP81BI,105.913,34.4704,1805708,0,0,0,14-3-29 14:51:57,1
3XFUSP81BI,105.913,34.4704,1805708,0,0,0,14-3-29 14:56:57,1
3XFUSP81BI,105.913,34.4705,1805708,0,0,0,14-3-29 15:1:58,1
3XFUSP81BI,105.901,34.4655,1805719,31,115,0,14-3-29 15:6:59,1
3XFUSP81BI,105.893,34.4623,1805728,0,140,0,14-3-29 15:12:0,0
3XFUSP81BI,105.845,34.4689,1805751,29,135,0,14-3-29 15:17:3,1
3XFUSP81BI,105.82,34.4594,1805775,29,120,0,14-3-29 15:22:4,1
3XFUSP81BI,105.797,34.4558,1805797,0,140,0,14-3-29 15:27:3,0
3XFUSP81BI,105.797,34.4558,1805797,0,140,0,14-3-29 15:32:4,0
3XFUSP81BI,105.771,34.4592,1805799,0,145,0,14-3-29 15:37:5,0
3XFUSP81BI,105.699,34.4902,1805839,84,155,0,14-3-29 15:42:8,1
3XFUSP81BI,105.677,34.548,1805907,75,0,0,14-3-29 15:47:9,1
3XFUSP81BI,105.643,34.5718,1805967,60,125,0,14-3-29 15:52:8,1
3XFUSP81BI,105.587,34.5699,1806019,62,140,0,14-3-29 15:57:9,1
3XFUSP81BI,105.534,34.5675,1806068,58,140,0,14-3-29 16:2:10,1
3XFUSP81BI,105.488,34.5696,1806114,62,165,0,14-3-29 16:7:11,1
3XFUSP81BI,105.45,34.598,1806162,62,160,0,14-3-29 16:12:12,1
3XFUSP81BI,105.419,34.6156,1806197,38,135,0,14-3-29 16:17:13,1
3XFUSP81BI,105.378,34.6245,1806236,51,140,0,14-3-29 16:22:14,1
3XFUSP81BI,105.351,34.6435,1806269,0,155,0,14-3-29 16:27:16,0
3XFUSP81BI,105.351,34.6435,1806269,0,155,0,14-3-29 16:32:17,0
3XFUSP81BI,105.323,34.7175,1806299,0,160,0,14-3-29 16:37:19,0
3XFUSP81BI,105.253,34.753,1806348,75,125,0,14-3-29 16:42:20,1
3XFUSP81BI,105.079,34.7701,1806521,75,145,0,14-3-29 16:55:54,1
3XFUSP81BI,105.078,34.7705,1806523,75,145,0,14-3-29 16:55:58,1
3XFUSP81BI,105.017,34.763,1806582,58,115,0,14-3-29 17:0:56,1
3XFUSP81BI,104.966,34.7336,1806639,66,125,0,14-3-29 17:5:57,1
3XFUSP81BI,104.907,34.7331,1806695,62,140,0,14-3-29 17:10:58,1
3XFUSP81BI,104.858,34.7549,1806724,55,160,0,14-3-29 17:16:0,1
3XFUSP81BI,104.809,34.7815,1806781,0,170,0,14-3-29 17:22:33,0
3XFUSP81BI,104.749,34.817,1806833,73,155,0,14-3-29 17:27:29,1
3XFUSP81BI,104.729,34.8643,1806889,73,160,0,14-3-29 17:32:31,1
3XFUSP81BI,104.735,34.91,1806947,68,5,0,14-3-29 17:37:33,1
3XFUSP81BI,104.737,34.9143,1806952,64,5,0,14-3-29 17:37:59,1
3XFUSP81BI,104.712,34.9608,1807009,69,160,0,14-3-29 17:43:1,1
3XFUSP81BI,104.697,35.0022,1807058,68,165,0,14-3-29 17:48:2,1
3XFUSP81BI,104.71,35.0444,1807108,60,10,0,14-3-29 17:53:4,1
3XFUSP81BI,104.723,35.119,1807192,69,0,0,14-3-29 18:0:10,1
3XFUSP81BI,104.723,35.1203,1807194,69,0,0,14-3-29 18:0:17,1
3XFUSP81BI,104.728,35.1681,1807248,42,5,0,14-3-29 18:5:11,1
3XFUSP81BI,104.719,35.2124,1807298,86,165,0,14-3-29 18:10:12,1
3XFUSP81BI,104.708,35.2651,1807358,66,175,0,14-3-29 18:15:13,1
3XFUSP81BI,104.685,35.3095,1807413,53,170,0,14-3-29 18:20:14,1
3XFUSP81BI,104.675,35.3423,1807454,33,20,0,14-3-29 18:25:15,1
3XFUSP81BI,104.682,35.3506,1807464,0,5,0,14-3-29 18:30:16,0
3XFUSP81BI,104.684,35.4009,1807493,82,0,0,14-3-29 18:35:19,1
3XFUSP81BI,104.684,35.4682,1807567,84,175,0,14-3-29 18:40:20,1
3XFUSP81BI,104.663,35.5234,1807634,82,160,0,14-3-29 18:45:19,1
3XFUSP81BI,104.635,35.5709,1807696,71,175,0,14-3-29 18:50:20,1
3XFUSP81BI,104.607,35.6119,1807751,7,155,0,14-3-29 18:57:35,1
3XFUSP81BI,104.607,35.6121,1807751,11,160,0,14-3-29 18:57:44,1
3XFUSP81BI,104.596,35.6392,1807782,51,5,0,14-3-29 19:2:35,1
3XFUSP81BI,104.594,35.6478,1807793,0,0,0,14-3-29 19:7:37,1
3XFUSP81BI,104.594,35.6478,1807793,0,0,0,14-3-29 19:12:38,1
3XFUSP81BI,104.594,35.6478,1807793,0,0,0,14-3-29 19:17:39,1
3XFUSP81BI,104.593,35.6478,1807793,0,0,0,14-3-29 19:22:40,1
3XFUSP81BI,104.593,35.6479,1807793,0,0,0,14-3-29 19:27:41,1
3XFUSP81BI,104.593,35.6479,1807793,0,0,0,14-3-29 19:32:42,1
3XFUSP81BI,104.593,35.6481,1807793,0,165,0,14-3-29 19:37:43,1
3XFUSP81BI,104.593,35.6481,1807793,0,165,0,14-3-29 19:42:44,1
3XFUSP81BI,104.593,35.6481,1807793,0,165,0,14-3-29 19:47:45,1
3XFUSP81BI,104.593,35.6481,1807793,0,165,0,14-3-29 19:52:46,1
3XFUSP81BI,104.593,35.6481,1807793,0,165,0,14-3-29 19:57:47,1
3XFUSP81BI,104.593,35.6481,1807793,0,165,0,14-3-29 20:2:48,1
3XFUSP81BI,104.593,35.6481,1807793,0,165,0,14-3-29 20:7:49,1
3XFUSP81BI,104.593,35.6481,1807793,0,165,0,14-3-29 20:21:22,1
3XFUSP81BI,104.593,35.6481,1807793,0,165,0,14-3-29 20:26:17,1
3XFUSP81BI,104.593,35.6481,1807793,0,165,0,14-3-29 20:31:18,1
3XFUSP81BI,104.593,35.6481,1807793,0,165,0,14-3-29 20:36:19,1
3XFUSP81BI,104.593,35.6481,1807793,0,165,0,14-3-29 20:49:45,1
3XFUSP81BI,104.593,35.6481,1807793,0,165,0,14-3-29 20:49:53,1
3XFUSP81BI,104.593,35.6481,1807793,0,165,0,14-3-29 20:54:47,1
3XFUSP81BI,104.593,35.6481,1807793,0,165,0,14-3-29 20:59:48,1
3XFUSP81BI,104.593,35.6481,1807793,0,165,0,14-3-29 21:4:49,1
3XFUSP81BI,104.593,35.6481,1807793,0,165,0,14-3-29 21:9:50,1
3XFUSP81BI,104.593,35.6481,1807793,0,165,0,14-3-29 21:14:51,1
3XFUSP81BI,104.593,35.6481,1807793,0,165,0,14-3-29 21:19:52,1
3XFUSP81BI,104.593,35.6481,1807793,0,165,0,14-3-29 21:24:52,1
3XFUSP81BI,104.593,35.6481,1807793,0,165,0,14-3-29 21:29:53,1
3XFUSP81BI,104.593,35.6481,1807793,0,165,0,14-3-29 21:34:54,1
3XFUSP81BI,104.593,35.6481,1807793,0,165,0,14-3-29 21:39:55,1
3XFUSP81BI,104.593,35.6481,1807793,0,165,0,14-3-29 21:44:56,1
3XFUSP81BI,104.593,35.6481,1807793,0,165,0,14-3-29 21:49:57,1
3XFUSP81BI,104.593,35.6481,1807793,0,165,0,14-3-29 22:3:29,1
3XFUSP81BI,104.593,35.6481,1807793,0,165,0,14-3-29 22:3:58,1
3XFUSP81BI,104.593,35.6481,1807793,0,165,0,14-3-29 22:8:29,1
3XFUSP81BI,104.593,35.6481,1807793,0,165,0,14-3-29 22:13:30,1
3XFUSP81BI,104.593,35.6481,1807793,0,165,0,14-3-29 22:18:31,1
3XFUSP81BI,104.593,35.6481,1807793,0,165,0,14-3-29 22:23:32,1
3XFUSP81BI,104.593,35.6481,1807793,0,165,0,14-3-29 22:28:33,1
3XFUSP81BI,104.593,35.6481,1807793,0,165,0,14-3-29 22:33:34,1
3XFUSP81BI,104.593,35.6481,1807793,0,165,0,14-3-29 22:38:35,1
3XFUSP81BI,104.593,35.6481,1807793,0,165,0,14-3-29 22:43:36,1
3XFUSP81BI,104.593,35.6481,1807793,0,165,0,14-3-29 22:48:37,1
3XFUSP81BI,104.593,35.6481,1807793,0,165,0,14-3-29 22:53:38,1
3XFUSP81BI,104.593,35.6481,1807793,0,165,0,14-3-29 22:58:39,1
3XFUSP81BI,104.593,35.6481,1807793,0,165,0,14-3-29 23:3:40,1
3XFUSP81BI,104.593,35.6481,1807793,0,165,0,14-3-29 23:8:41,1
3XFUSP81BI,104.593,35.6481,1807793,0,165,0,14-3-29 23:13:42,1
3XFUSP81BI,104.593,35.6481,1807793,0,165,0,14-3-29 23:18:43,1
3XFUSP81BI,104.593,35.6481,1807793,0,165,0,14-3-29 23:23:44,1
3XFUSP81BI,104.593,35.6481,1807793,0,165,0,14-3-29 23:28:45,1
3XFUSP81BI,104.593,35.6481,1807793,0,165,0,14-3-29 23:33:46,1
3XFUSP81BI,104.593,35.6481,1807793,0,165,0,14-3-29 23:38:47,1
3XFUSP81BI,104.593,35.6481,1807793,0,165,0,14-3-29 23:43:48,1
3XFUSP81BI,104.593,35.6481,1807793,0,165,0,14-3-29 23:48:48,1
3XFUSP81BI,104.593,35.6481,1807793,0,165,0,14-3-29 23:53:49,1
3XFUSP81BI,104.593,35.6481,1807793,0,165,0,14-3-29 23:58:50,1
