415F9IXLGU,116.945,28.0789,15217,0,0,0,14-3-28 21:16:6,0
415F9IXLGU,113.351,23.2688,15217,0,0,0,14-3-28 21:17:48,1
415F9IXLGU,113.351,23.2688,15217,0,0,0,14-3-28 21:19:48,1
415F9IXLGU,113.351,23.2688,15217,0,0,0,14-3-28 21:19:51,1
415F9IXLGU,113.351,23.2688,15217,0,0,0,14-3-28 21:21:48,1
415F9IXLGU,113.351,23.2688,15217,0,0,0,14-3-28 21:23:48,1
415F9IXLGU,113.351,23.2688,15217,0,0,0,14-3-28 21:24:52,1
415F9IXLGU,113.351,23.2688,15217,0,0,0,14-3-28 21:27:48,1
415F9IXLGU,113.351,23.2688,15217,0,0,0,14-3-28 21:29:48,1
415F9IXLGU,113.351,23.2688,15217,0,0,0,14-3-28 21:29:53,1
415F9IXLGU,113.351,23.2688,15217,0,0,0,14-3-28 21:31:48,1
415F9IXLGU,113.351,23.2688,15217,0,0,0,14-3-28 21:33:48,1
415F9IXLGU,113.351,23.2688,15217,0,0,0,14-3-28 21:34:54,1
415F9IXLGU,113.351,23.2688,15217,0,0,0,14-3-28 21:35:48,1
415F9IXLGU,113.351,23.2688,15217,0,0,0,14-3-28 21:37:48,1
415F9IXLGU,113.351,23.2688,15217,0,0,0,14-3-28 21:39:48,1
415F9IXLGU,113.351,23.2688,15217,0,0,0,14-3-28 21:39:55,1
415F9IXLGU,113.351,23.2688,15217,0,0,0,14-3-28 21:41:48,1
415F9IXLGU,113.351,23.2688,15217,0,0,0,14-3-28 21:43:48,1
415F9IXLGU,113.351,23.2688,15217,0,0,0,14-3-28 21:44:56,1
415F9IXLGU,113.351,23.2688,15217,0,0,0,14-3-28 21:45:48,1
415F9IXLGU,113.351,23.2688,15217,0,0,0,14-3-28 21:47:48,1
415F9IXLGU,113.351,23.2688,15217,0,0,0,14-3-28 21:49:48,1
415F9IXLGU,113.351,23.2688,15217,0,0,0,14-3-28 21:49:57,1
415F9IXLGU,113.351,23.2685,15217,0,0,0,14-3-28 21:51:48,1
415F9IXLGU,113.351,23.2686,15217,0,10,0,14-3-28 21:53:48,1
415F9IXLGU,113.351,23.2686,15217,0,10,0,14-3-28 21:54:58,1
415F9IXLGU,113.351,23.2686,15217,0,10,0,14-3-28 21:55:48,1
415F9IXLGU,113.351,23.2686,15217,0,10,0,14-3-28 21:57:48,1
415F9IXLGU,113.351,23.2686,15217,0,10,0,14-3-28 21:59:48,1
415F9IXLGU,113.351,23.2686,15217,0,10,0,14-3-28 22:3:48,1
415F9IXLGU,113.351,23.2686,15217,0,10,0,14-3-28 22:5:49,1
415F9IXLGU,113.351,23.2686,15217,0,10,0,14-3-28 22:7:42,1
415F9IXLGU,113.351,23.2686,15217,0,10,0,14-3-28 22:7:49,1
415F9IXLGU,113.351,23.2686,15217,0,10,0,14-3-28 22:7:54,1
415F9IXLGU,113.351,23.2686,15217,0,10,0,14-3-28 22:9:49,1
415F9IXLGU,113.351,23.2686,15217,0,10,0,14-3-28 22:11:49,1
415F9IXLGU,113.351,23.2686,15217,0,10,0,14-3-28 22:12:43,1
415F9IXLGU,113.351,23.2686,15217,0,10,0,14-3-28 22:13:58,1
415F9IXLGU,113.351,23.2686,15217,0,10,0,14-3-28 22:15:58,1
415F9IXLGU,113.351,23.2686,15217,0,10,0,14-3-28 22:17:44,1
415F9IXLGU,113.351,23.2686,15217,0,10,0,14-3-28 22:17:58,1
415F9IXLGU,113.351,23.2686,15217,0,10,0,14-3-28 22:19:58,1
415F9IXLGU,113.351,23.2686,15217,0,10,0,14-3-28 22:21:58,1
415F9IXLGU,113.351,23.2686,15217,0,10,0,14-3-28 22:22:45,1
415F9IXLGU,113.351,23.2686,15217,0,10,0,14-3-28 22:23:58,1
415F9IXLGU,113.351,23.2686,15217,0,10,0,14-3-28 22:25:58,1
415F9IXLGU,113.351,23.2686,15217,0,10,0,14-3-28 22:27:46,1
415F9IXLGU,113.351,23.2686,15217,0,10,0,14-3-28 22:27:58,1
415F9IXLGU,113.351,23.2686,15217,0,10,0,14-3-28 22:29:58,1
415F9IXLGU,113.351,23.2686,15217,0,10,0,14-3-28 22:31:58,1
415F9IXLGU,113.351,23.2686,15217,0,10,0,14-3-28 22:32:47,1
415F9IXLGU,113.351,23.2686,15217,0,10,0,14-3-28 22:33:58,1
415F9IXLGU,113.351,23.2686,15217,0,10,0,14-3-28 22:35:58,1
415F9IXLGU,113.351,23.2686,15217,0,10,0,14-3-28 22:37:48,1
415F9IXLGU,113.351,23.2686,15217,0,10,0,14-3-28 22:37:58,1
415F9IXLGU,113.351,23.2686,15217,0,10,0,14-3-28 22:39:58,1
415F9IXLGU,113.351,23.2686,15217,0,10,0,14-3-28 22:41:58,1
415F9IXLGU,113.351,23.2686,15217,0,10,0,14-3-28 22:43:58,1
415F9IXLGU,113.351,23.2686,15217,0,10,0,14-3-28 22:47:35,1
415F9IXLGU,113.351,23.2686,15217,0,10,0,14-3-28 22:57:20,1
415F9IXLGU,113.351,23.2686,15217,0,10,0,14-3-28 22:58:47,1
415F9IXLGU,113.351,23.2686,15217,0,10,0,14-3-28 23:0:48,1
415F9IXLGU,113.351,23.2686,15217,0,10,0,14-3-28 23:2:29,1
415F9IXLGU,113.351,23.2686,15217,0,10,0,14-3-28 23:2:48,1
415F9IXLGU,113.351,23.2686,15217,0,10,0,14-3-28 23:4:47,1
415F9IXLGU,113.351,23.2686,15217,0,10,0,14-3-28 23:6:47,1
415F9IXLGU,113.351,23.2686,15217,0,10,0,14-3-28 23:7:30,1
415F9IXLGU,113.351,23.2686,15217,0,10,0,14-3-28 23:8:47,1
415F9IXLGU,113.351,23.2686,15217,0,10,0,14-3-28 23:10:48,1
415F9IXLGU,113.351,23.2686,15217,0,10,0,14-3-28 23:12:31,1
415F9IXLGU,113.351,23.2686,15217,0,10,0,14-3-28 23:12:48,1
415F9IXLGU,113.351,23.2686,15217,0,10,0,14-3-28 23:14:47,1
415F9IXLGU,113.351,23.2686,15217,0,10,0,14-3-28 23:16:47,1
415F9IXLGU,113.351,23.2686,15217,0,10,0,14-3-28 23:17:32,1
415F9IXLGU,113.351,23.2686,15217,0,10,0,14-3-28 23:18:47,1
415F9IXLGU,113.351,23.2686,15217,0,10,0,14-3-28 23:20:47,1
415F9IXLGU,113.351,23.2686,15217,0,10,0,14-3-28 23:22:33,1
415F9IXLGU,113.351,23.2686,15217,0,10,0,14-3-28 23:22:47,1
415F9IXLGU,113.351,23.2686,15217,0,10,0,14-3-28 23:24:47,1
415F9IXLGU,113.351,23.2686,15217,0,10,0,14-3-28 23:26:47,1
415F9IXLGU,113.351,23.2686,15217,0,10,0,14-3-28 23:27:34,1
415F9IXLGU,113.351,23.2686,15217,0,10,0,14-3-28 23:28:47,1
415F9IXLGU,113.351,23.2686,15217,0,10,0,14-3-28 23:30:48,1
415F9IXLGU,113.351,23.2686,15217,0,10,0,14-3-28 23:32:35,1
415F9IXLGU,113.351,23.2686,15217,0,10,0,14-3-28 23:32:47,1
415F9IXLGU,113.351,23.2686,15217,0,10,0,14-3-28 23:34:47,1
415F9IXLGU,113.351,23.2686,15217,0,10,0,14-3-28 23:36:48,1
415F9IXLGU,113.351,23.2686,15217,0,10,0,14-3-28 23:37:36,1
415F9IXLGU,113.351,23.2686,15217,0,10,0,14-3-28 23:38:48,1
415F9IXLGU,113.351,23.2686,15217,0,10,0,14-3-28 23:40:47,1
415F9IXLGU,113.351,23.2686,15217,0,10,0,14-3-28 23:42:37,1
415F9IXLGU,113.351,23.2686,15217,0,10,0,14-3-28 23:42:47,1
415F9IXLGU,113.351,23.2686,15217,0,10,0,14-3-28 23:44:47,1
415F9IXLGU,113.351,23.2686,15217,0,10,0,14-3-28 23:46:47,1
415F9IXLGU,113.351,23.2686,15217,0,10,0,14-3-28 23:47:38,1
415F9IXLGU,113.351,23.2686,15217,0,10,0,14-3-28 23:48:47,1
415F9IXLGU,113.351,23.2686,15217,0,10,0,14-3-28 23:50:48,1
415F9IXLGU,113.351,23.2686,15217,0,10,0,14-3-28 23:52:39,1
415F9IXLGU,113.351,23.2686,15217,0,10,0,14-3-28 23:52:48,1
415F9IXLGU,113.351,23.2686,15217,0,10,0,14-3-28 23:54:48,1
415F9IXLGU,113.351,23.2686,15217,0,10,0,14-3-28 23:56:48,1
415F9IXLGU,113.351,23.2686,15217,0,10,0,14-3-28 23:57:40,1
415F9IXLGU,113.351,23.2686,15217,0,10,0,14-3-28 23:58:48,1
415F9IXLGU,113.351,23.2686,15217,0,10,0,14-3-29 0:0:50,1
415F9IXLGU,113.351,23.2686,15217,0,10,0,14-3-29 0:2:41,1
415F9IXLGU,113.351,23.2686,15217,0,10,0,14-3-29 0:2:50,1
415F9IXLGU,113.351,23.2686,15217,0,10,0,14-3-29 0:4:50,1
415F9IXLGU,113.351,23.2686,15217,0,10,0,14-3-29 0:6:50,1
415F9IXLGU,113.351,23.2686,15217,0,10,0,14-3-29 0:7:42,1
415F9IXLGU,113.351,23.2686,15217,0,10,0,14-3-29 0:8:50,1
415F9IXLGU,113.351,23.2686,15217,0,10,0,14-3-29 0:10:52,1
415F9IXLGU,113.351,23.2686,15217,0,10,0,14-3-29 0:12:43,1
415F9IXLGU,113.351,23.2686,15217,0,10,0,14-3-29 0:12:52,1
415F9IXLGU,113.351,23.2686,15217,0,10,0,14-3-29 0:14:52,1
415F9IXLGU,113.351,23.2686,15217,0,10,0,14-3-29 0:16:52,1
415F9IXLGU,113.351,23.2686,15217,0,10,0,14-3-29 0:17:44,1
415F9IXLGU,113.351,23.2686,15217,0,10,0,14-3-29 0:18:52,1
415F9IXLGU,113.351,23.2686,15217,0,10,0,14-3-29 0:20:54,1
415F9IXLGU,113.351,23.2686,15217,0,10,0,14-3-29 0:22:45,1
415F9IXLGU,113.351,23.2686,15217,0,10,0,14-3-29 0:22:54,1
415F9IXLGU,113.351,23.2686,15217,0,10,0,14-3-29 0:24:54,1
415F9IXLGU,113.351,23.2686,15217,0,10,0,14-3-29 0:26:54,1
415F9IXLGU,113.351,23.2686,15217,0,10,0,14-3-29 0:27:46,1
415F9IXLGU,113.351,23.2686,15217,0,10,0,14-3-29 0:28:54,1
415F9IXLGU,113.351,23.2686,15217,0,10,0,14-3-29 0:30:56,1
415F9IXLGU,113.351,23.2686,15217,0,10,0,14-3-29 0:32:47,1
415F9IXLGU,113.351,23.2686,15217,0,10,0,14-3-29 0:32:56,1
415F9IXLGU,113.351,23.2686,15217,0,10,0,14-3-29 0:34:56,1
415F9IXLGU,113.351,23.2686,15217,0,10,0,14-3-29 0:36:56,1
415F9IXLGU,113.351,23.2686,15217,0,10,0,14-3-29 0:38:56,1
415F9IXLGU,113.351,23.2686,15217,0,10,0,14-3-29 0:40:58,1
415F9IXLGU,113.351,23.2686,15217,0,10,0,14-3-29 0:42:49,1
415F9IXLGU,113.351,23.2686,15217,0,10,0,14-3-29 0:42:58,1
415F9IXLGU,113.351,23.2686,15217,0,10,0,14-3-29 0:44:58,1
415F9IXLGU,113.351,23.2686,15217,0,10,0,14-3-29 0:46:58,1
415F9IXLGU,113.351,23.2686,15217,0,10,0,14-3-29 0:47:50,1
415F9IXLGU,113.351,23.2686,15217,0,10,0,14-3-29 0:48:58,1
415F9IXLGU,113.351,23.2686,15217,0,10,0,14-3-29 0:51:0,1
415F9IXLGU,113.351,23.2686,15217,0,10,0,14-3-29 0:52:51,1
415F9IXLGU,113.351,23.2686,15217,0,10,0,14-3-29 0:53:0,1
415F9IXLGU,113.351,23.2686,15217,0,10,0,14-3-29 0:55:0,1
415F9IXLGU,113.351,23.2686,15217,0,10,0,14-3-29 0:57:0,1
415F9IXLGU,113.351,23.2686,15217,0,10,0,14-3-29 0:57:52,1
415F9IXLGU,113.351,23.2686,15217,0,10,0,14-3-29 0:59:0,1
415F9IXLGU,113.351,23.2686,15217,0,10,0,14-3-29 1:1:2,1
415F9IXLGU,113.351,23.2686,15217,0,10,0,14-3-29 1:2:53,1
415F9IXLGU,113.351,23.2686,15217,0,10,0,14-3-29 1:3:2,1
415F9IXLGU,113.351,23.2686,15217,0,10,0,14-3-29 1:5:2,1
415F9IXLGU,113.351,23.2686,15217,0,10,0,14-3-29 1:7:2,1
415F9IXLGU,113.351,23.2686,15217,0,10,0,14-3-29 1:7:54,1
415F9IXLGU,113.351,23.2686,15217,0,10,0,14-3-29 1:9:2,1
415F9IXLGU,113.351,23.2686,15217,0,10,0,14-3-29 1:11:4,1
415F9IXLGU,113.351,23.2686,15217,0,10,0,14-3-29 1:12:55,1
415F9IXLGU,113.351,23.2686,15217,0,10,0,14-3-29 1:13:4,1
415F9IXLGU,113.351,23.2686,15217,0,10,0,14-3-29 1:15:4,1
415F9IXLGU,113.351,23.2686,15217,0,10,0,14-3-29 1:17:4,1
415F9IXLGU,113.351,23.2686,15217,0,10,0,14-3-29 1:17:56,1
415F9IXLGU,113.351,23.2686,15217,0,10,0,14-3-29 1:19:4,1
415F9IXLGU,113.351,23.2686,15217,0,10,0,14-3-29 1:21:6,1
415F9IXLGU,113.351,23.2686,15217,0,10,0,14-3-29 1:22:57,1
415F9IXLGU,113.351,23.2686,15217,0,10,0,14-3-29 1:23:6,1
415F9IXLGU,113.351,23.2686,15217,0,10,0,14-3-29 1:25:6,1
415F9IXLGU,113.351,23.2685,15217,0,0,0,14-3-29 1:27:6,1
415F9IXLGU,113.351,23.2685,15217,0,0,0,14-3-29 1:27:58,1
415F9IXLGU,113.351,23.2685,15217,0,90,0,14-3-29 1:29:6,1
415F9IXLGU,113.351,23.2685,15217,0,0,0,14-3-29 1:31:8,1
415F9IXLGU,113.351,23.2686,15217,0,40,0,14-3-29 1:32:59,1
415F9IXLGU,113.351,23.2686,15217,0,45,0,14-3-29 1:33:8,1
415F9IXLGU,113.351,23.2686,15217,0,50,0,14-3-29 1:35:8,1
415F9IXLGU,113.351,23.2688,15217,1,165,0,14-3-29 1:37:8,1
415F9IXLGU,113.351,23.2688,15217,0,0,0,14-3-29 1:38:0,1
415F9IXLGU,113.351,23.2688,15217,0,20,0,14-3-29 1:39:8,1
415F9IXLGU,113.351,23.2689,15217,0,0,0,14-3-29 1:41:10,1
415F9IXLGU,113.352,23.2693,15218,7,60,0,14-3-29 1:43:1,1
415F9IXLGU,113.352,23.2692,15218,0,0,0,14-3-29 1:43:10,1
415F9IXLGU,113.352,23.2692,15218,0,10,0,14-3-29 1:45:10,1
415F9IXLGU,113.353,23.2666,15221,5,75,0,14-3-29 1:47:10,1
415F9IXLGU,113.353,23.2657,15222,7,120,0,14-3-29 1:48:1,1
415F9IXLGU,113.353,23.2656,15223,1,130,0,14-3-29 1:49:10,1
415F9IXLGU,113.349,23.2679,15227,36,150,0,14-3-29 1:51:12,1
415F9IXLGU,113.351,23.2776,15240,44,10,0,14-3-29 1:53:2,1
415F9IXLGU,113.351,23.2786,15241,53,5,0,14-3-29 1:53:12,1
415F9IXLGU,113.354,23.2871,15251,38,170,0,14-3-29 1:55:11,1
415F9IXLGU,113.349,23.297,15264,27,140,0,14-3-29 1:57:12,1
415F9IXLGU,113.344,23.298,15269,40,135,0,14-3-29 1:58:3,1
415F9IXLGU,113.339,23.2985,15273,0,135,0,14-3-29 1:59:12,1
415F9IXLGU,113.339,23.2985,15273,0,0,0,14-3-29 2:1:14,1
415F9IXLGU,113.336,23.2948,15279,34,105,0,14-3-29 2:3:4,1
415F9IXLGU,113.335,23.2942,15279,36,105,0,14-3-29 2:3:13,1
415F9IXLGU,113.328,23.2925,15288,22,165,0,14-3-29 2:5:13,1
415F9IXLGU,113.34,23.2924,15301,58,45,0,14-3-29 2:7:14,1
415F9IXLGU,113.347,23.2912,15308,49,55,0,14-3-29 2:8:5,1
415F9IXLGU,113.354,23.2847,15319,55,65,0,14-3-29 2:9:14,1
415F9IXLGU,113.363,23.2791,15332,36,0,0,14-3-29 2:11:16,1
415F9IXLGU,113.363,23.2963,15351,75,5,0,14-3-29 2:13:6,1
415F9IXLGU,113.364,23.2979,15353,71,10,0,14-3-29 2:13:15,1
415F9IXLGU,113.375,23.318,15378,64,10,0,14-3-29 2:15:15,1
415F9IXLGU,113.39,23.3371,15403,73,15,0,14-3-29 2:17:16,1
415F9IXLGU,113.398,23.3442,15415,75,25,0,14-3-29 2:18:7,1
415F9IXLGU,113.406,23.353,15428,31,20,0,14-3-29 2:21:18,1
415F9IXLGU,113.415,23.3697,15448,82,10,0,14-3-29 2:23:17,1
415F9IXLGU,113.417,23.3945,15476,88,0,0,14-3-29 2:25:17,1
415F9IXLGU,113.418,23.4213,15505,82,5,0,14-3-29 2:27:18,1
415F9IXLGU,113.422,23.4316,15518,82,10,0,14-3-29 2:28:11,1
415F9IXLGU,113.423,23.4455,15533,80,0,0,14-3-29 2:29:18,1
415F9IXLGU,113.43,23.4629,15554,58,10,0,14-3-29 2:31:20,1
415F9IXLGU,113.446,23.4775,15576,55,15,0,14-3-29 2:33:19,1
415F9IXLGU,113.448,23.4947,15595,79,0,0,14-3-29 2:35:19,1
415F9IXLGU,113.459,23.5177,15624,66,15,0,14-3-29 2:37:20,1
415F9IXLGU,113.463,23.5237,15631,47,15,0,14-3-29 2:38:13,1
415F9IXLGU,113.467,23.533,15642,82,0,0,14-3-29 2:39:20,1
415F9IXLGU,113.464,23.5542,15666,73,175,0,14-3-29 2:41:22,1
415F9IXLGU,113.464,23.5793,15693,84,0,0,14-3-29 2:43:21,1
415F9IXLGU,113.459,23.6044,15722,82,170,0,14-3-29 2:45:21,1
415F9IXLGU,113.456,23.6283,15748,80,170,0,14-3-29 2:47:22,1
415F9IXLGU,113.454,23.6396,15761,82,175,0,14-3-29 2:48:15,1
415F9IXLGU,113.453,23.6536,15777,84,0,0,14-3-29 2:49:22,1
415F9IXLGU,113.452,23.6798,15806,82,175,0,14-3-29 2:51:24,1
415F9IXLGU,113.451,23.7028,15831,60,5,0,14-3-29 2:53:23,1
415F9IXLGU,113.459,23.7151,15847,80,20,0,14-3-29 2:55:23,1
415F9IXLGU,113.474,23.7392,15879,82,35,0,14-3-29 2:57:23,1
415F9IXLGU,113.485,23.7414,15891,73,35,0,14-3-29 2:58:18,1
415F9IXLGU,113.494,23.7491,15904,64,5,0,14-3-29 2:59:24,1
415F9IXLGU,113.492,23.7522,15912,0,0,0,14-3-29 3:1:26,1
415F9IXLGU,113.492,23.7544,15916,31,15,0,14-3-29 3:3:19,1
415F9IXLGU,113.492,23.7548,15917,33,15,0,14-3-29 3:3:25,1
415F9IXLGU,113.5,23.7652,15931,46,10,0,14-3-29 3:5:25,1
415F9IXLGU,113.511,23.7788,15950,60,5,0,14-3-29 3:7:25,1
415F9IXLGU,113.509,23.7886,15961,79,170,0,14-3-29 3:8:21,1
415F9IXLGU,113.506,23.8009,15975,75,0,0,14-3-29 3:9:25,1
415F9IXLGU,113.505,23.8219,15999,68,170,0,14-3-29 3:11:27,1
415F9IXLGU,113.507,23.8401,16016,53,10,0,14-3-29 3:13:22,1
415F9IXLGU,113.507,23.8407,16016,51,10,0,14-3-29 3:13:27,1
415F9IXLGU,113.518,23.8549,16035,34,25,0,14-3-29 3:15:27,1
415F9IXLGU,113.529,23.8615,16049,0,0,0,14-3-29 3:17:27,1
415F9IXLGU,113.53,23.8618,16049,23,35,0,14-3-29 3:18:24,1
415F9IXLGU,113.536,23.8634,16056,49,35,0,14-3-29 3:19:27,1
415F9IXLGU,113.555,23.868,16076,58,35,0,14-3-29 3:21:29,1
415F9IXLGU,113.575,23.8702,16096,68,40,0,14-3-29 3:23:25,1
415F9IXLGU,113.576,23.8703,16097,68,40,0,14-3-29 3:23:29,1
415F9IXLGU,113.591,23.88,16118,57,5,0,14-3-29 3:25:29,1
415F9IXLGU,113.591,23.9009,16142,71,170,0,14-3-29 3:27:29,1
415F9IXLGU,113.588,23.9116,16154,73,175,0,14-3-29 3:28:28,1
415F9IXLGU,113.588,23.9235,16167,77,175,0,14-3-29 3:29:29,1
415F9IXLGU,113.6,23.9417,16191,51,15,0,14-3-29 3:31:31,1
415F9IXLGU,113.616,23.952,16211,58,30,0,14-3-29 3:33:32,1
415F9IXLGU,113.63,23.9613,16228,44,35,0,14-3-29 3:35:32,1
415F9IXLGU,113.648,23.9697,16250,75,10,0,14-3-29 3:37:32,1
415F9IXLGU,113.654,23.9796,16263,69,10,0,14-3-29 3:38:32,1
415F9IXLGU,113.659,23.9898,16275,75,10,0,14-3-29 3:39:32,1
415F9IXLGU,113.672,24.0106,16301,77,15,0,14-3-29 3:41:33,1
415F9IXLGU,113.694,24.025,16327,79,25,0,14-3-29 3:43:34,1
415F9IXLGU,113.717,24.0337,16352,77,25,0,14-3-29 3:45:34,1
415F9IXLGU,113.733,24.052,16379,75,5,0,14-3-29 3:47:34,1
415F9IXLGU,113.738,24.063,16392,75,15,0,14-3-29 3:48:34,1
415F9IXLGU,113.745,24.0731,16405,80,15,0,14-3-29 3:49:34,1
415F9IXLGU,113.763,24.0897,16432,69,15,0,14-3-29 3:51:35,1
415F9IXLGU,113.775,24.1102,16458,69,175,0,14-3-29 3:53:36,1
415F9IXLGU,113.775,24.1322,16483,73,5,0,14-3-29 3:55:36,1
415F9IXLGU,113.788,24.149,16506,73,25,0,14-3-29 3:57:36,1
415F9IXLGU,113.797,24.1566,16519,75,15,0,14-3-29 3:58:36,1
415F9IXLGU,113.806,24.1638,16532,77,25,0,14-3-29 3:59:36,1
415F9IXLGU,113.826,24.181,16560,86,10,0,14-3-29 4:1:37,1
415F9IXLGU,113.836,24.2041,16587,77,10,0,14-3-29 4:3:38,1
415F9IXLGU,113.843,24.2189,16605,69,10,0,14-3-29 4:5:38,1
415F9IXLGU,113.859,24.235,16629,77,20,0,14-3-29 4:7:38,1
415F9IXLGU,113.866,24.2432,16640,49,10,0,14-3-29 4:8:38,1
415F9IXLGU,113.869,24.2491,16648,42,10,0,14-3-29 4:9:38,1
415F9IXLGU,113.875,24.258,16659,0,10,0,14-3-29 4:11:39,1
415F9IXLGU,113.875,24.2581,16659,0,0,0,14-3-29 4:13:39,1
415F9IXLGU,113.875,24.2581,16659,0,0,0,14-3-29 4:15:39,1
415F9IXLGU,113.875,24.2581,16659,0,0,0,14-3-29 4:17:39,1
415F9IXLGU,113.875,24.2581,16659,0,0,0,14-3-29 4:18:40,1
415F9IXLGU,113.875,24.2581,16659,0,0,0,14-3-29 4:19:39,1
415F9IXLGU,113.875,24.2581,16659,0,0,0,14-3-29 4:21:41,1
415F9IXLGU,113.875,24.2581,16659,0,0,0,14-3-29 4:23:41,1
415F9IXLGU,113.875,24.2581,16659,0,0,0,14-3-29 4:25:41,1
415F9IXLGU,113.875,24.2581,16659,0,0,0,14-3-29 4:27:41,1
415F9IXLGU,113.875,24.2581,16659,0,0,0,14-3-29 4:28:42,1
415F9IXLGU,113.875,24.2581,16659,0,0,0,14-3-29 4:29:41,1
415F9IXLGU,113.875,24.2581,16659,0,0,0,14-3-29 4:31:43,1
415F9IXLGU,113.875,24.258,16659,5,5,0,14-3-29 4:33:43,1
415F9IXLGU,113.88,24.266,16670,60,10,0,14-3-29 4:35:43,1
415F9IXLGU,113.873,24.2814,16689,51,155,0,14-3-29 4:37:43,1
415F9IXLGU,113.866,24.2885,16700,64,155,0,14-3-29 4:38:44,1
415F9IXLGU,113.859,24.2929,16708,40,140,0,14-3-29 4:39:43,1
415F9IXLGU,113.846,24.3067,16729,44,170,0,14-3-29 4:43:0,1
415F9IXLGU,113.847,24.3117,16735,42,10,0,14-3-29 4:43:45,1
415F9IXLGU,113.855,24.3225,16750,60,10,0,14-3-29 4:45:45,1
415F9IXLGU,113.855,24.34,16769,58,0,0,14-3-29 4:47:45,1
415F9IXLGU,113.855,24.3417,16771,60,170,0,14-3-29 4:47:57,1
415F9IXLGU,113.843,24.358,16792,69,165,0,14-3-29 4:49:45,1
415F9IXLGU,113.831,24.3757,16815,64,160,0,14-3-29 4:51:47,1
415F9IXLGU,113.824,24.3858,16829,36,5,0,14-3-29 4:52:58,1
415F9IXLGU,113.82,24.3892,16834,60,150,0,14-3-29 4:53:47,1
415F9IXLGU,113.802,24.4044,16859,66,165,0,14-3-29 4:55:47,1
415F9IXLGU,113.793,24.4188,16877,31,155,0,14-3-29 4:57:47,1
415F9IXLGU,113.792,24.4195,16878,33,150,0,14-3-29 4:58:0,1
415F9IXLGU,113.784,24.4235,16887,23,140,0,14-3-29 4:59:47,1
415F9IXLGU,113.781,24.4277,16893,42,10,0,14-3-29 5:1:49,1
415F9IXLGU,113.787,24.4369,16905,66,10,0,14-3-29 5:3:1,1
415F9IXLGU,113.791,24.4447,16914,71,10,0,14-3-29 5:3:49,1
415F9IXLGU,113.794,24.4661,16938,64,175,0,14-3-29 5:5:49,1
415F9IXLGU,113.79,24.479,16954,0,155,0,14-3-29 5:7:49,0
415F9IXLGU,113.786,24.4816,16956,58,145,0,14-3-29 5:8:2,1
415F9IXLGU,113.769,24.4904,16976,69,145,0,14-3-29 5:9:49,1
415F9IXLGU,113.749,24.5014,17000,71,145,0,14-3-29 5:11:51,1
415F9IXLGU,113.737,24.5021,17012,47,135,0,14-3-29 5:13:3,1
415F9IXLGU,113.732,24.504,17017,42,150,0,14-3-29 5:13:50,1
415F9IXLGU,113.73,24.5056,17020,0,150,0,14-3-29 5:15:50,0
415F9IXLGU,113.73,24.5056,17020,0,150,0,14-3-29 5:17:50,0
415F9IXLGU,113.73,24.5056,17020,0,150,0,14-3-29 5:18:4,0
415F9IXLGU,113.73,24.5056,17020,0,150,0,14-3-29 5:19:50,0
415F9IXLGU,113.691,24.5354,17035,40,175,0,14-3-29 5:21:55,1
415F9IXLGU,113.691,24.5424,17042,38,175,0,14-3-29 5:23:7,1
415F9IXLGU,113.691,24.5444,17045,0,25,0,14-3-29 5:23:54,0
415F9IXLGU,113.687,24.565,17049,75,160,0,14-3-29 5:25:54,1
415F9IXLGU,113.668,24.5798,17074,66,160,0,14-3-29 5:27:55,1
415F9IXLGU,113.667,24.5818,17077,69,160,0,14-3-29 5:28:8,1
415F9IXLGU,113.655,24.5977,17098,64,170,0,14-3-29 5:29:55,1
415F9IXLGU,113.652,24.6104,17115,29,95,0,14-3-29 5:31:57,1
415F9IXLGU,113.649,24.6063,17120,14,80,0,14-3-29 5:33:9,1
415F9IXLGU,113.649,24.606,17121,0,90,0,14-3-29 5:33:57,0
415F9IXLGU,113.651,24.6046,17124,18,40,0,14-3-29 5:35:57,1
415F9IXLGU,113.655,24.6054,17127,18,30,0,14-3-29 5:37:57,1
415F9IXLGU,113.656,24.6057,17128,16,30,0,14-3-29 5:38:10,1
415F9IXLGU,113.662,24.6064,17134,38,30,0,14-3-29 5:39:57,1
415F9IXLGU,113.659,24.6205,17151,66,155,0,14-3-29 5:41:59,1
415F9IXLGU,113.65,24.6292,17164,62,155,0,14-3-29 5:43:11,1
415F9IXLGU,113.648,24.6345,17170,38,170,0,14-3-29 5:43:58,1
415F9IXLGU,113.629,24.6462,17194,75,145,0,14-3-29 5:45:58,1
415F9IXLGU,113.612,24.659,17218,23,10,0,14-3-29 5:47:59,1
415F9IXLGU,113.613,24.6597,17219,29,30,0,14-3-29 5:48:12,1
415F9IXLGU,113.626,24.6652,17233,58,35,0,14-3-29 5:49:57,1
415F9IXLGU,113.642,24.6766,17254,51,20,0,14-3-29 5:51:59,1
415F9IXLGU,113.653,24.6801,17266,64,25,0,14-3-29 5:53:11,1
415F9IXLGU,113.662,24.6844,17276,77,35,0,14-3-29 5:53:58,1
415F9IXLGU,113.683,24.6955,17301,75,15,0,14-3-29 5:55:58,1
415F9IXLGU,113.699,24.7142,17327,84,25,0,14-3-29 5:57:59,1
415F9IXLGU,113.702,24.7158,17330,80,25,0,14-3-29 5:58:12,1
415F9IXLGU,113.713,24.7286,17349,68,165,0,14-3-29 5:59:58,1
415F9IXLGU,113.705,24.7498,17376,53,0,0,14-3-29 6:2:1,1
415F9IXLGU,113.708,24.7608,17388,71,0,0,14-3-29 6:3:13,1
415F9IXLGU,113.711,24.7695,17398,77,5,0,14-3-29 6:4:0,1
415F9IXLGU,113.711,24.7767,17406,0,0,0,14-3-29 6:6:0,1
415F9IXLGU,113.711,24.7779,17407,27,0,0,14-3-29 6:8:1,1
415F9IXLGU,113.711,24.7791,17409,36,10,0,14-3-29 6:8:14,1
415F9IXLGU,113.716,24.7908,17422,55,0,0,14-3-29 6:10:0,1
415F9IXLGU,113.722,24.8034,17438,68,175,0,14-3-29 6:12:2,1
415F9IXLGU,113.724,24.8169,17454,77,170,0,14-3-29 6:13:16,1
415F9IXLGU,113.725,24.8239,17463,62,25,0,14-3-29 6:14:2,1
415F9IXLGU,113.739,24.834,17484,66,155,0,14-3-29 6:16:2,1
415F9IXLGU,113.726,24.854,17510,75,170,0,14-3-29 6:18:2,1
415F9IXLGU,113.727,24.8569,17513,73,5,0,14-3-29 6:18:17,1
415F9IXLGU,113.727,24.8743,17534,73,15,0,14-3-29 6:20:2,1
415F9IXLGU,113.739,24.8915,17555,68,15,0,14-3-29 6:22:4,1
415F9IXLGU,113.751,24.8956,17569,66,40,0,14-3-29 6:23:18,1
415F9IXLGU,113.758,24.8995,17578,60,10,0,14-3-29 6:24:4,1
415F9IXLGU,113.769,24.9181,17601,68,15,0,14-3-29 6:26:4,1
415F9IXLGU,113.783,24.9317,17621,53,20,0,14-3-29 6:28:4,1
415F9IXLGU,113.785,24.9331,17624,60,25,0,14-3-29 6:28:19,1
415F9IXLGU,113.795,24.9503,17646,68,25,0,14-3-29 6:30:4,1
415F9IXLGU,113.814,24.9637,17670,71,15,0,14-3-29 6:32:6,1
415F9IXLGU,113.823,24.973,17683,64,15,0,14-3-29 6:33:20,1
415F9IXLGU,113.831,24.9756,17692,69,45,0,14-3-29 6:34:6,1
415F9IXLGU,113.862,24.9776,17723,73,50,0,14-3-29 6:36:47,1
415F9IXLGU,113.865,24.9746,17728,75,70,0,14-3-29 6:37:9,1
415F9IXLGU,113.865,24.9738,17729,73,70,0,14-3-29 6:37:14,1
415F9IXLGU,113.88,24.9751,17744,55,40,0,14-3-29 6:38:26,1
415F9IXLGU,113.889,24.9681,17756,47,65,0,14-3-29 6:40:26,1
415F9IXLGU,113.905,24.9643,17775,77,15,0,14-3-29 6:42:10,1
415F9IXLGU,113.907,24.9673,17779,77,15,0,14-3-29 6:42:27,1
415F9IXLGU,113.928,24.9755,17804,71,50,0,14-3-29 6:44:27,1
415F9IXLGU,113.949,24.979,17826,71,30,0,14-3-29 6:46:27,1
415F9IXLGU,113.957,24.9791,17835,73,55,0,14-3-29 6:47:11,1
415F9IXLGU,113.972,24.9773,17850,75,30,0,14-3-29 6:48:27,1
415F9IXLGU,113.993,24.983,17871,71,40,0,14-3-29 6:50:27,1
415F9IXLGU,114.013,24.9855,17892,68,45,0,14-3-29 6:52:12,1
415F9IXLGU,114.016,24.9846,17895,73,55,0,14-3-29 6:52:27,1
415F9IXLGU,114.029,24.9703,17916,49,75,0,14-3-29 6:54:27,1
415F9IXLGU,114.045,24.9601,17939,77,55,0,14-3-29 6:56:27,1
415F9IXLGU,114.054,24.9564,17948,64,55,0,14-3-29 6:57:13,1
415F9IXLGU,114.064,24.9551,17958,0,30,0,14-3-29 6:58:27,1
415F9IXLGU,114.07,24.9576,17965,34,30,0,14-3-29 7:0:27,1
415F9IXLGU,114.079,24.9654,17978,55,5,0,14-3-29 7:2:14,1
415F9IXLGU,114.08,24.9674,17980,64,5,0,14-3-29 7:2:27,1
415F9IXLGU,114.085,24.9892,18005,66,10,0,14-3-29 7:4:27,1
415F9IXLGU,114.104,24.9993,18029,75,30,0,14-3-29 7:6:27,1
415F9IXLGU,114.114,25.0009,18039,71,40,0,14-3-29 7:7:15,1
415F9IXLGU,114.126,25.0058,18053,86,20,0,14-3-29 7:8:27,1
415F9IXLGU,114.143,25.0235,18079,71,20,0,14-3-29 7:10:27,1
415F9IXLGU,114.159,25.0298,18097,64,35,0,14-3-29 7:12:16,1
415F9IXLGU,114.161,25.0303,18099,68,35,0,14-3-29 7:12:27,1
415F9IXLGU,114.181,25.0428,18124,79,35,0,14-3-29 7:14:27,1
415F9IXLGU,114.204,25.0492,18148,82,40,0,14-3-29 7:16:27,1
415F9IXLGU,114.214,25.0513,18159,79,30,0,14-3-29 7:17:17,1
415F9IXLGU,114.229,25.0548,18174,68,35,0,14-3-29 7:18:27,1
415F9IXLGU,114.245,25.0657,18194,0,10,0,14-3-29 7:20:27,1
415F9IXLGU,114.246,25.0664,18195,0,0,0,14-3-29 7:22:18,1
415F9IXLGU,114.246,25.0664,18195,0,0,0,14-3-29 7:22:27,1
415F9IXLGU,114.254,25.0768,18209,64,15,0,14-3-29 7:24:27,1
415F9IXLGU,114.264,25.0941,18230,55,0,0,14-3-29 7:26:29,1
415F9IXLGU,114.264,25.1022,18239,66,175,0,14-3-29 7:27:19,1
415F9IXLGU,114.269,25.1148,18254,84,10,0,14-3-29 7:28:29,1
415F9IXLGU,114.287,25.1275,18278,69,30,0,14-3-29 7:30:29,1
415F9IXLGU,114.3,25.1328,18291,40,30,0,14-3-29 7:32:20,1
415F9IXLGU,114.301,25.1334,18293,47,30,0,14-3-29 7:32:31,1
415F9IXLGU,114.32,25.1419,18314,58,35,0,14-3-29 7:34:31,1
415F9IXLGU,114.333,25.1536,18335,55,10,0,14-3-29 7:36:31,1
415F9IXLGU,114.337,25.16,18343,58,10,0,14-3-29 7:37:21,1
415F9IXLGU,114.341,25.1717,18356,68,5,0,14-3-29 7:38:31,1
415F9IXLGU,114.346,25.1859,18372,0,5,0,14-3-29 7:40:31,1
415F9IXLGU,114.342,25.1884,18377,36,155,0,14-3-29 7:42:22,1
415F9IXLGU,114.342,25.1893,18378,42,170,0,14-3-29 7:42:31,1
415F9IXLGU,114.349,25.2077,18400,80,20,0,14-3-29 7:44:31,1
415F9IXLGU,114.363,25.2272,18426,69,10,0,14-3-29 7:46:31,1
415F9IXLGU,114.368,25.2361,18437,77,5,0,14-3-29 7:47:23,1
415F9IXLGU,114.373,25.2492,18452,82,20,0,14-3-29 7:48:31,1
415F9IXLGU,114.382,25.2698,18480,80,160,0,14-3-29 7:50:31,1
415F9IXLGU,114.371,25.2888,18504,73,155,0,14-3-29 7:52:24,1
415F9IXLGU,114.37,25.2898,18506,73,160,0,14-3-29 7:52:31,1
415F9IXLGU,114.357,25.3041,18526,0,160,0,14-3-29 7:54:31,1
415F9IXLGU,114.356,25.3072,18529,0,0,0,14-3-29 7:56:31,1
415F9IXLGU,114.356,25.3072,18530,0,0,0,14-3-29 7:57:25,1
415F9IXLGU,114.356,25.3072,18530,0,0,0,14-3-29 7:58:31,1
415F9IXLGU,114.356,25.3081,18530,5,170,0,14-3-29 8:0:31,1
415F9IXLGU,114.355,25.3087,18531,0,155,0,14-3-29 8:2:26,1
415F9IXLGU,114.355,25.3087,18531,0,155,0,14-3-29 8:2:31,1
415F9IXLGU,114.355,25.3087,18531,0,155,0,14-3-29 8:4:31,1
415F9IXLGU,114.354,25.3125,18536,40,170,0,14-3-29 8:6:31,1
415F9IXLGU,114.353,25.3194,18543,57,175,0,14-3-29 8:7:27,1
415F9IXLGU,114.352,25.3471,18548,88,0,0,14-3-29 8:9:55,1
415F9IXLGU,114.356,25.3547,18557,93,15,0,14-3-29 8:10:31,1
415F9IXLGU,114.374,25.3733,18585,80,20,0,14-3-29 8:12:31,1
415F9IXLGU,114.394,25.3893,18611,75,15,0,14-3-29 8:14:31,1
415F9IXLGU,114.398,25.3953,18619,73,10,0,14-3-29 8:15:7,1
415F9IXLGU,114.399,25.4025,18627,75,175,0,14-3-29 8:15:46,1
415F9IXLGU,114.399,25.404,18628,75,175,0,14-3-29 8:15:54,1
415F9IXLGU,114.399,25.4056,18630,75,175,0,14-3-29 8:16:2,1
415F9IXLGU,114.4,25.4109,18636,75,10,0,14-3-29 8:16:30,1
415F9IXLGU,114.418,25.4262,18656,77,35,0,14-3-29 8:18:30,1
415F9IXLGU,114.442,25.4354,18681,77,30,0,14-3-29 8:20:30,1
415F9IXLGU,114.449,25.4379,18689,80,35,0,14-3-29 8:21:3,1
415F9IXLGU,114.468,25.442,18709,82,35,0,14-3-29 8:22:30,1
415F9IXLGU,114.493,25.4516,18735,79,35,0,14-3-29 8:24:30,1
415F9IXLGU,114.513,25.452,18755,75,40,0,14-3-29 8:26:4,1
415F9IXLGU,114.519,25.4525,18761,82,40,0,14-3-29 8:26:30,1
415F9IXLGU,114.547,25.4534,18789,80,40,0,14-3-29 8:28:30,1
415F9IXLGU,114.569,25.4655,18815,82,15,0,14-3-29 8:30:30,1
415F9IXLGU,114.574,25.4713,18823,75,15,0,14-3-29 8:31:5,1
415F9IXLGU,114.591,25.479,18842,79,20,0,14-3-29 8:32:31,1
415F9IXLGU,114.609,25.497,18869,75,25,0,14-3-29 8:34:30,1
415F9IXLGU,114.627,25.5107,18892,86,20,0,14-3-29 8:36:6,1
415F9IXLGU,114.631,25.5141,18898,79,20,0,14-3-29 8:36:30,1
415F9IXLGU,114.654,25.5271,18925,80,25,0,14-3-29 8:38:31,1
415F9IXLGU,114.676,25.5418,18952,77,25,0,14-3-29 8:40:31,1
415F9IXLGU,114.681,25.5477,18960,80,15,0,14-3-29 8:41:7,1
415F9IXLGU,114.696,25.559,18979,82,20,0,14-3-29 8:42:33,1
415F9IXLGU,114.718,25.5704,19005,79,40,0,14-3-29 8:44:33,1
415F9IXLGU,114.74,25.5716,19027,82,35,0,14-3-29 8:46:8,1
415F9IXLGU,114.745,25.5738,19032,80,25,0,14-3-29 8:46:33,1
415F9IXLGU,114.769,25.5852,19059,79,25,0,14-3-29 8:48:33,1
415F9IXLGU,114.78,25.5923,19080,55,175,0,14-3-29 8:50:33,1
415F9IXLGU,114.779,25.5972,19086,55,175,0,14-3-29 8:51:9,1
415F9IXLGU,114.779,25.6097,19099,64,0,0,14-3-29 8:52:35,1
415F9IXLGU,114.776,25.6337,19126,80,175,0,14-3-29 8:54:34,1
415F9IXLGU,114.782,25.6547,19150,80,10,0,14-3-29 8:56:19,1
415F9IXLGU,114.783,25.6574,19153,80,15,0,14-3-29 8:56:34,1
415F9IXLGU,114.805,25.6706,19180,88,25,0,14-3-29 8:58:35,1
415F9IXLGU,114.827,25.7015,19222,93,15,0,14-3-29 9:1:28,1
415F9IXLGU,114.839,25.7115,19237,86,25,0,14-3-29 9:2:37,1
415F9IXLGU,114.861,25.7252,19264,82,30,0,14-3-29 9:4:36,1
415F9IXLGU,114.879,25.7408,19290,79,15,0,14-3-29 9:6:29,1
415F9IXLGU,114.88,25.7421,19291,80,10,0,14-3-29 9:6:36,1
415F9IXLGU,114.897,25.7608,19320,86,30,0,14-3-29 9:8:37,1
415F9IXLGU,114.921,25.7713,19346,79,35,0,14-3-29 9:10:39,1
415F9IXLGU,114.932,25.7748,19357,79,30,0,14-3-29 9:11:30,1
415F9IXLGU,114.945,25.783,19374,80,30,0,14-3-29 9:12:41,1
415F9IXLGU,114.964,25.8019,19402,80,25,0,14-3-29 9:14:40,1
415F9IXLGU,114.986,25.8125,19426,90,25,0,14-3-29 9:16:31,1
415F9IXLGU,114.988,25.8138,19429,93,20,0,14-3-29 9:16:40,1
415F9IXLGU,115.005,25.8324,19455,84,25,0,14-3-29 9:18:40,1
415F9IXLGU,115.033,25.8406,19485,79,40,0,14-3-29 9:20:40,1
415F9IXLGU,115.042,25.8448,19496,69,20,0,14-3-29 9:21:32,1
415F9IXLGU,115.049,25.8545,19508,66,5,0,14-3-29 9:22:41,1
415F9IXLGU,115.052,25.8774,19516,73,15,0,14-3-29 9:24:40,1
415F9IXLGU,115.057,25.8841,19531,20,150,0,14-3-29 9:26:33,1
415F9IXLGU,115.057,25.8843,19532,12,145,0,14-3-29 9:26:40,1
415F9IXLGU,115.056,25.8846,19532,0,170,0,14-3-29 9:28:41,1
415F9IXLGU,115.049,25.8873,19540,55,130,0,14-3-29 9:30:41,1
415F9IXLGU,115.04,25.8862,19549,55,130,0,14-3-29 9:31:36,1
415F9IXLGU,115.031,25.8858,19558,16,5,0,14-3-29 9:32:43,1
415F9IXLGU,115.036,25.8957,19570,36,5,0,14-3-29 9:34:42,1
415F9IXLGU,115.04,25.9052,19582,33,5,0,14-3-29 9:36:37,1
415F9IXLGU,115.04,25.9056,19582,36,5,0,14-3-29 9:36:42,1
415F9IXLGU,115.05,25.9125,19595,40,20,0,14-3-29 9:38:43,1
415F9IXLGU,115.061,25.9212,19610,40,15,0,14-3-29 9:40:43,1
415F9IXLGU,115.066,25.9264,19618,57,15,0,14-3-29 9:41:39,1
415F9IXLGU,115.071,25.9323,19626,49,20,0,14-3-29 9:42:44,1
415F9IXLGU,115.083,25.9402,19642,64,25,0,14-3-29 9:44:44,1
415F9IXLGU,115.097,25.9475,19657,55,35,0,14-3-29 9:46:40,1
415F9IXLGU,115.098,25.9477,19658,64,35,0,14-3-29 9:46:45,1
415F9IXLGU,115.113,25.951,19675,25,20,0,14-3-29 9:48:45,1
415F9IXLGU,115.122,25.9559,19686,49,45,0,14-3-29 9:50:45,1
415F9IXLGU,115.13,25.9534,19694,53,55,0,14-3-29 9:51:41,1
415F9IXLGU,115.14,25.949,19705,66,55,0,14-3-29 9:52:46,1
415F9IXLGU,115.156,25.9442,19721,53,45,0,14-3-29 9:54:47,1
415F9IXLGU,115.159,25.9289,19741,62,95,0,14-3-29 9:56:47,1
415F9IXLGU,115.176,25.9222,19763,68,40,0,14-3-29 9:58:47,1
415F9IXLGU,115.198,25.9227,19786,69,55,0,14-3-29 10:0:47,1
415F9IXLGU,115.206,25.9193,19794,49,55,0,14-3-29 10:1:43,1
415F9IXLGU,115.215,25.9149,19804,0,65,0,14-3-29 10:2:51,0
415F9IXLGU,115.233,25.9076,19825,68,35,0,14-3-29 10:4:50,1
415F9IXLGU,115.249,25.9161,19844,66,15,0,14-3-29 10:6:45,1
415F9IXLGU,115.25,25.9168,19845,62,15,0,14-3-29 10:6:50,1
415F9IXLGU,115.267,25.927,19865,66,25,0,14-3-29 10:8:50,1
415F9IXLGU,115.287,25.9356,19888,69,25,0,14-3-29 10:10:50,1
415F9IXLGU,115.296,25.939,19898,62,40,0,14-3-29 10:11:46,1
415F9IXLGU,115.307,25.9445,19911,71,20,0,14-3-29 10:12:52,1
415F9IXLGU,115.323,25.9574,19932,55,30,0,14-3-29 10:14:52,1
415F9IXLGU,115.338,25.9674,19951,58,25,0,14-3-29 10:16:52,1
415F9IXLGU,115.354,25.9702,19968,49,65,0,14-3-29 10:18:52,1
415F9IXLGU,115.37,25.9708,19988,58,10,0,14-3-29 10:20:52,1
415F9IXLGU,115.376,25.974,19995,40,40,0,14-3-29 10:21:49,1
415F9IXLGU,115.384,25.9722,20005,62,80,0,14-3-29 10:22:53,1
415F9IXLGU,115.395,25.9666,20018,5,0,0,14-3-29 10:24:53,1
415F9IXLGU,115.401,25.9652,20023,14,35,0,14-3-29 10:26:53,1
415F9IXLGU,115.406,25.9712,20032,22,15,0,14-3-29 10:28:53,1
415F9IXLGU,115.414,25.9763,20042,0,20,0,14-3-29 10:30:53,1
415F9IXLGU,115.414,25.9764,20042,0,0,0,14-3-29 10:31:51,1
415F9IXLGU,115.414,25.9764,20042,1,5,0,14-3-29 10:32:54,1
415F9IXLGU,115.412,25.9761,20045,22,125,0,14-3-29 10:34:54,1
415F9IXLGU,115.406,25.9714,20052,11,105,0,14-3-29 10:36:52,1
415F9IXLGU,115.406,25.9714,20052,11,105,0,14-3-29 10:36:54,1
415F9IXLGU,115.401,25.9652,20060,18,110,0,14-3-29 10:38:54,1
415F9IXLGU,115.4,25.9634,20062,0,135,0,14-3-29 10:40:55,1
415F9IXLGU,115.401,25.9636,20063,1,0,0,14-3-29 10:41:53,1
415F9IXLGU,115.401,25.9648,20064,0,5,0,14-3-29 10:42:56,1
415F9IXLGU,115.394,25.966,20071,16,95,0,14-3-29 10:44:56,1
415F9IXLGU,115.389,25.9594,20079,40,110,0,14-3-29 10:48:56,1
415F9IXLGU,115.386,25.9482,20093,53,90,0,14-3-29 10:50:57,1
415F9IXLGU,115.385,25.9311,20111,40,85,0,14-3-29 10:53:0,1
415F9IXLGU,115.383,25.9173,20127,58,95,0,14-3-29 10:54:48,1
415F9IXLGU,115.382,25.9155,20129,62,95,0,14-3-29 10:55:0,1
415F9IXLGU,115.374,25.8986,20149,42,105,0,14-3-29 10:57:1,1
415F9IXLGU,115.369,25.8936,20158,34,25,0,14-3-29 10:59:1,1
415F9IXLGU,115.376,25.8922,20165,58,55,0,14-3-29 10:59:49,1
415F9IXLGU,115.388,25.8871,20179,62,50,0,14-3-29 11:1:1,1
415F9IXLGU,115.408,25.8809,20200,64,55,0,14-3-29 11:3:2,1
415F9IXLGU,115.425,25.8777,20217,58,55,0,14-3-29 11:4:50,1
415F9IXLGU,115.427,25.8769,20219,62,55,0,14-3-29 11:5:2,1
415F9IXLGU,115.431,25.8751,20225,0,65,0,14-3-29 11:7:2,0
415F9IXLGU,115.469,25.8496,20253,80,55,0,14-3-29 11:9:2,1
415F9IXLGU,115.478,25.8453,20264,77,55,0,14-3-29 11:9:51,1
415F9IXLGU,115.49,25.8358,20280,82,65,0,14-3-29 11:11:2,1
415F9IXLGU,115.516,25.8264,20307,69,45,0,14-3-29 11:13:4,1
415F9IXLGU,115.523,25.8261,20314,0,45,0,14-3-29 11:14:52,0
415F9IXLGU,115.523,25.8261,20314,0,45,0,14-3-29 11:15:4,0
415F9IXLGU,115.523,25.8261,20314,0,45,0,14-3-29 11:17:4,0
415F9IXLGU,115.523,25.8261,20314,0,45,0,14-3-29 11:19:4,0
415F9IXLGU,115.523,25.8261,20314,0,45,0,14-3-29 11:19:53,0
415F9IXLGU,115.523,25.8261,20314,0,45,0,14-3-29 11:21:4,0
415F9IXLGU,115.523,25.8261,20314,0,45,0,14-3-29 11:23:4,0
415F9IXLGU,115.619,25.8244,20320,71,50,0,14-3-29 11:24:56,1
415F9IXLGU,115.621,25.8238,20322,64,55,0,14-3-29 11:25:6,1
415F9IXLGU,115.642,25.8191,20341,66,50,0,14-3-29 11:27:4,1
415F9IXLGU,115.657,25.8085,20361,68,55,0,14-3-29 11:29:4,1
415F9IXLGU,115.668,25.8043,20372,86,60,0,14-3-29 11:29:55,1
415F9IXLGU,115.683,25.798,20389,82,45,0,14-3-29 11:31:4,1
415F9IXLGU,115.711,25.7993,20416,77,45,0,14-3-29 11:33:6,1
415F9IXLGU,115.735,25.7981,20441,73,25,0,14-3-29 11:35:5,1
415F9IXLGU,115.757,25.8065,20465,68,30,0,14-3-29 11:37:5,1
415F9IXLGU,115.78,25.811,20488,92,35,0,14-3-29 11:39:6,1
415F9IXLGU,115.791,25.8173,20501,84,25,0,14-3-29 11:39:58,1
415F9IXLGU,115.805,25.824,20516,75,15,0,14-3-29 11:41:6,1
415F9IXLGU,115.823,25.8424,20544,73,20,0,14-3-29 11:43:10,1
415F9IXLGU,115.837,25.8524,20563,47,40,0,14-3-29 11:44:59,1
415F9IXLGU,115.838,25.8526,20564,18,35,0,14-3-29 11:45:9,1
415F9IXLGU,115.839,25.8528,20564,0,0,0,14-3-29 11:47:9,1
415F9IXLGU,115.839,25.8528,20564,0,0,0,14-3-29 11:49:9,1
415F9IXLGU,115.839,25.8528,20564,0,0,0,14-3-29 11:50:0,1
415F9IXLGU,115.839,25.8528,20564,0,0,0,14-3-29 11:51:9,1
415F9IXLGU,115.839,25.8528,20564,0,0,0,14-3-29 11:53:11,1
415F9IXLGU,115.839,25.8528,20564,0,0,0,14-3-29 11:55:11,1
415F9IXLGU,115.839,25.8528,20564,0,0,0,14-3-29 11:57:11,1
415F9IXLGU,115.839,25.8528,20564,0,0,0,14-3-29 11:59:11,1
415F9IXLGU,115.839,25.8528,20564,0,0,0,14-3-29 12:0:2,1
415F9IXLGU,115.839,25.8528,20564,0,0,0,14-3-29 12:1:11,1
415F9IXLGU,115.839,25.8528,20564,0,0,0,14-3-29 12:3:13,1
415F9IXLGU,115.839,25.8528,20564,0,0,0,14-3-29 12:5:3,1
415F9IXLGU,115.839,25.8528,20564,0,0,0,14-3-29 12:5:13,1
415F9IXLGU,115.839,25.8528,20564,0,0,0,14-3-29 12:7:13,1
415F9IXLGU,115.839,25.8528,20564,0,0,0,14-3-29 12:9:13,1
415F9IXLGU,115.839,25.8528,20564,0,0,0,14-3-29 12:10:4,1
415F9IXLGU,115.839,25.8528,20564,0,0,0,14-3-29 12:11:13,1
415F9IXLGU,115.839,25.8528,20564,0,0,0,14-3-29 12:13:15,1
415F9IXLGU,115.839,25.8528,20564,0,0,0,14-3-29 12:15:5,1
415F9IXLGU,115.839,25.8528,20564,0,10,0,14-3-29 12:15:15,1
415F9IXLGU,115.844,25.8555,20570,53,25,0,14-3-29 12:17:15,1
415F9IXLGU,115.858,25.8702,20591,62,20,0,14-3-29 12:19:15,1
415F9IXLGU,115.866,25.8752,20601,66,35,0,14-3-29 12:20:6,1
415F9IXLGU,115.879,25.8778,20614,68,30,0,14-3-29 12:21:15,1
415F9IXLGU,115.898,25.8775,20633,44,55,0,14-3-29 12:23:16,1
415F9IXLGU,115.916,25.8744,20651,71,35,0,14-3-29 12:25:7,1
415F9IXLGU,115.918,25.8747,20653,71,35,0,14-3-29 12:25:15,1
415F9IXLGU,115.937,25.8835,20674,58,35,0,14-3-29 12:27:15,1
415F9IXLGU,115.96,25.8913,20698,75,25,0,14-3-29 12:29:16,1
415F9IXLGU,115.964,25.9003,20709,75,175,0,14-3-29 12:30:9,1
415F9IXLGU,115.969,25.9124,20724,77,10,0,14-3-29 12:31:16,1
415F9IXLGU,115.983,25.931,20749,79,20,0,14-3-29 12:33:18,1
415F9IXLGU,115.995,25.9505,20773,77,20,0,14-3-29 12:35:10,1
415F9IXLGU,115.996,25.9517,20775,80,20,0,14-3-29 12:35:18,1
415F9IXLGU,116.008,25.9734,20801,69,15,0,14-3-29 12:37:18,1
415F9IXLGU,116.016,25.9793,20815,0,80,0,14-3-29 12:39:18,1
415F9IXLGU,116.016,25.9785,20816,20,85,0,14-3-29 12:40:11,1
415F9IXLGU,116.018,25.9778,20819,31,10,0,14-3-29 12:41:18,1
415F9IXLGU,116.027,25.9928,20838,57,0,0,14-3-29 12:43:21,1
415F9IXLGU,116.037,26.0047,20855,44,15,0,14-3-29 12:45:21,1
415F9IXLGU,116.037,26.0203,20876,62,165,0,14-3-29 12:47:21,1
415F9IXLGU,116.03,26.0369,20896,55,0,0,14-3-29 12:49:21,1
415F9IXLGU,116.03,26.0429,20904,36,5,0,14-3-29 12:50:13,1
415F9IXLGU,116.031,26.0497,20911,44,0,0,14-3-29 12:51:22,1
415F9IXLGU,116.035,26.0886,20958,51,5,0,14-3-29 12:58:48,1
415F9IXLGU,116.035,26.0891,20959,49,10,0,14-3-29 12:58:52,1
415F9IXLGU,116.041,26.0976,20970,75,0,0,14-3-29 13:0:8,1
415F9IXLGU,116.039,26.1123,20987,53,170,0,14-3-29 13:2:8,1
415F9IXLGU,116.037,26.1238,21001,49,145,0,14-3-29 13:3:48,1
415F9IXLGU,116.035,26.1253,21003,47,160,0,14-3-29 13:4:8,1
415F9IXLGU,116.034,26.1338,21012,38,175,0,14-3-29 13:6:8,1
415F9IXLGU,116.03,26.1415,21022,12,145,0,14-3-29 13:8:8,1
415F9IXLGU,116.029,26.142,21023,7,145,0,14-3-29 13:8:49,1
415F9IXLGU,116.026,26.143,21026,22,145,0,14-3-29 13:10:8,1
415F9IXLGU,116.022,26.1465,21031,9,165,0,14-3-29 13:12:9,1
415F9IXLGU,115.987,26.2013,21109,11,170,0,14-3-29 13:25:35,1
415F9IXLGU,115.986,26.2018,21109,20,170,0,14-3-29 13:25:47,1
415F9IXLGU,115.986,26.202,21109,14,165,0,14-3-29 13:25:51,1
415F9IXLGU,115.982,26.2057,21115,29,150,0,14-3-29 13:27:9,1
415F9IXLGU,115.98,26.2201,21131,38,5,0,14-3-29 13:29:9,1
415F9IXLGU,115.983,26.2303,21143,49,15,0,14-3-29 13:30:48,1
415F9IXLGU,115.985,26.2314,21146,22,35,0,14-3-29 13:31:9,1
415F9IXLGU,115.994,26.2396,21158,44,15,0,14-3-29 13:33:9,1
415F9IXLGU,116.004,26.2508,21176,62,175,0,14-3-29 13:35:10,1
415F9IXLGU,116.007,26.2563,21183,66,20,0,14-3-29 13:35:49,1
415F9IXLGU,116.015,26.2669,21197,64,10,0,14-3-29 13:37:9,1
415F9IXLGU,116.017,26.2856,21217,57,175,0,14-3-29 13:39:9,1
415F9IXLGU,116.016,26.3014,21234,57,0,0,14-3-29 13:40:50,1
415F9IXLGU,116.016,26.3025,21236,55,0,0,14-3-29 13:40:58,1
415F9IXLGU,116.017,26.3042,21237,53,5,0,14-3-29 13:41:10,1
415F9IXLGU,116.019,26.3223,21257,60,175,0,14-3-29 13:43:10,1
415F9IXLGU,116.022,26.3398,21276,62,175,0,14-3-29 13:45:10,1
415F9IXLGU,116.021,26.3472,21284,55,0,0,14-3-29 13:45:59,1
415F9IXLGU,116.019,26.3575,21296,46,175,0,14-3-29 13:47:10,1
415F9IXLGU,116.017,26.3715,21312,47,155,0,14-3-29 13:49:10,1
415F9IXLGU,116.01,26.3838,21328,51,0,0,14-3-29 13:51:0,1
415F9IXLGU,116.01,26.3851,21329,51,0,0,14-3-29 13:51:10,1
415F9IXLGU,116.014,26.4013,21347,49,5,0,14-3-29 13:53:10,1
415F9IXLGU,116.015,26.417,21365,51,165,0,14-3-29 13:55:10,1
415F9IXLGU,116.012,26.4224,21372,40,175,0,14-3-29 13:56:1,1
415F9IXLGU,116.012,26.4296,21380,40,175,0,14-3-29 13:57:10,1
415F9IXLGU,116.015,26.4449,21397,58,10,0,14-3-29 13:59:10,1
415F9IXLGU,116.022,26.4535,21408,33,10,0,14-3-29 14:1:2,1
415F9IXLGU,116.023,26.4541,21409,34,5,0,14-3-29 14:1:10,1
415F9IXLGU,116.019,26.4631,21420,20,165,0,14-3-29 14:3:10,1
415F9IXLGU,116.02,26.47,21427,33,5,0,14-3-29 14:5:10,1
415F9IXLGU,116.022,26.4785,21437,51,5,0,14-3-29 14:6:20,1
415F9IXLGU,116.025,26.4838,21443,38,10,0,14-3-29 14:7:10,1
415F9IXLGU,116.027,26.4912,21451,20,5,0,14-3-29 14:9:10,1
415F9IXLGU,116.033,26.5024,21465,58,10,0,14-3-29 14:11:10,1
415F9IXLGU,116.034,26.504,21467,62,5,0,14-3-29 14:11:21,1
415F9IXLGU,116.036,26.5203,21485,46,0,0,14-3-29 14:13:10,1
415F9IXLGU,116.043,26.5363,21503,57,10,0,14-3-29 14:15:10,1
415F9IXLGU,116.046,26.5471,21516,55,0,0,14-3-29 14:16:22,1
415F9IXLGU,116.047,26.5559,21525,77,0,0,14-3-29 14:17:10,1
415F9IXLGU,116.054,26.572,21543,27,5,0,14-3-29 14:19:10,1
415F9IXLGU,116.057,26.5877,21561,64,170,0,14-3-29 14:21:10,1
415F9IXLGU,116.056,26.5899,21563,71,170,0,14-3-29 14:21:23,1
415F9IXLGU,116.063,26.6056,21582,60,15,0,14-3-29 14:23:10,1
415F9IXLGU,116.072,26.621,21600,46,10,0,14-3-29 14:25:10,1
415F9IXLGU,116.078,26.6308,21613,64,20,0,14-3-29 14:26:24,1
415F9IXLGU,116.085,26.6359,21621,66,25,0,14-3-29 14:27:10,1
415F9IXLGU,116.103,26.6511,21645,66,15,0,14-3-29 14:29:10,1
415F9IXLGU,116.114,26.6671,21666,62,20,0,14-3-29 14:31:10,1
415F9IXLGU,116.116,26.6687,21668,64,25,0,14-3-29 14:31:25,1
415F9IXLGU,116.132,26.6767,21687,62,20,0,14-3-29 14:33:10,1
415F9IXLGU,116.143,26.6877,21703,55,20,0,14-3-29 14:35:10,1
415F9IXLGU,116.15,26.6957,21714,42,0,0,14-3-29 14:36:25,1
415F9IXLGU,116.162,26.7154,21739,27,30,0,14-3-29 14:39:9,1
415F9IXLGU,116.182,26.7253,21761,71,30,0,14-3-29 14:41:10,1
415F9IXLGU,116.185,26.7264,21764,73,30,0,14-3-29 14:41:26,1
415F9IXLGU,116.204,26.7331,21784,60,30,0,14-3-29 14:43:9,1
415F9IXLGU,116.224,26.737,21805,55,40,0,14-3-29 14:45:10,1
415F9IXLGU,116.236,26.7386,21816,53,35,0,14-3-29 14:46:27,1
415F9IXLGU,116.241,26.7413,21822,53,40,0,14-3-29 14:47:9,1
415F9IXLGU,116.257,26.7505,21844,57,20,0,14-3-29 14:49:10,1
415F9IXLGU,116.258,26.7524,21847,0,80,0,14-3-29 14:51:10,1
415F9IXLGU,116.258,26.7525,21847,0,75,0,14-3-29 14:51:28,1
415F9IXLGU,116.258,26.7525,21847,0,75,0,14-3-29 14:53:10,1
415F9IXLGU,116.258,26.7524,21847,0,75,0,14-3-29 14:55:9,1
415F9IXLGU,116.263,26.7572,21855,69,20,0,14-3-29 14:56:29,1
415F9IXLGU,116.269,26.7626,21862,71,20,0,14-3-29 14:57:9,1
415F9IXLGU,116.288,26.7735,21886,62,30,0,14-3-29 14:59:9,1
415F9IXLGU,116.303,26.7918,21912,75,5,0,14-3-29 15:1:9,1
415F9IXLGU,116.304,26.796,21916,80,5,0,14-3-29 15:1:30,1
415F9IXLGU,116.304,26.8151,21938,77,0,0,14-3-29 15:3:9,1
415F9IXLGU,116.307,26.8316,21956,44,5,0,14-3-29 15:5:10,1
415F9IXLGU,116.307,26.8429,21968,53,175,0,14-3-29 15:6:31,1
415F9IXLGU,116.308,26.847,21972,38,10,0,14-3-29 15:7:9,1
415F9IXLGU,116.317,26.8572,21986,55,10,0,14-3-29 15:9:9,1
415F9IXLGU,116.329,26.8715,22005,49,10,0,14-3-29 15:11:10,1
415F9IXLGU,116.331,26.8743,22009,53,15,0,14-3-29 15:11:32,1
415F9IXLGU,116.342,26.8868,22026,57,0,0,14-3-29 15:13:9,1
415F9IXLGU,116.345,26.9001,22041,51,0,0,14-3-29 15:15:10,1
415F9IXLGU,116.35,26.9127,22055,71,5,0,14-3-29 15:16:33,1
415F9IXLGU,116.352,26.9195,22063,75,5,0,14-3-29 15:17:10,1
415F9IXLGU,116.358,26.9412,22087,69,10,0,14-3-29 15:19:9,1
415F9IXLGU,116.36,26.958,22106,0,0,0,14-3-29 15:21:9,1
415F9IXLGU,116.36,26.9581,22106,0,15,0,14-3-29 15:21:34,1
415F9IXLGU,116.36,26.959,22107,5,175,0,14-3-29 15:23:9,1
415F9IXLGU,116.363,26.9675,22116,49,15,0,14-3-29 15:25:9,1
415F9IXLGU,116.37,26.9764,22127,42,15,0,14-3-29 15:26:36,1
415F9IXLGU,116.372,26.9795,22132,44,15,0,14-3-29 15:27:9,1
415F9IXLGU,116.382,26.9954,22151,58,15,0,14-3-29 15:29:9,1
415F9IXLGU,116.395,27.0092,22170,51,20,0,14-3-29 15:31:9,1
415F9IXLGU,116.398,27.0122,22174,58,20,0,14-3-29 15:31:38,1
415F9IXLGU,116.411,27.0235,22192,75,25,0,14-3-29 15:33:9,1
415F9IXLGU,116.428,27.0372,22215,64,5,0,14-3-29 15:35:10,1
415F9IXLGU,116.434,27.0507,22231,62,15,0,14-3-29 15:36:40,1
415F9IXLGU,116.437,27.0548,22236,66,15,0,14-3-29 15:37:10,1
415F9IXLGU,116.45,27.0701,22258,64,15,0,14-3-29 15:39:10,1
415F9IXLGU,116.467,27.0825,22280,82,20,0,14-3-29 15:41:10,1
415F9IXLGU,116.472,27.0879,22287,79,15,0,14-3-29 15:41:41,1
415F9IXLGU,116.484,27.1016,22306,77,20,0,14-3-29 15:43:9,1
415F9IXLGU,116.495,27.1206,22330,66,5,0,14-3-29 15:45:9,1
415F9IXLGU,116.494,27.1367,22348,75,170,0,14-3-29 15:46:42,1
415F9IXLGU,116.493,27.1415,22354,71,170,0,14-3-29 15:47:9,1
415F9IXLGU,116.482,27.1605,22377,69,175,0,14-3-29 15:49:9,1
415F9IXLGU,116.488,27.1818,22402,73,15,0,14-3-29 15:51:9,1
415F9IXLGU,116.494,27.19,22412,75,15,0,14-3-29 15:52:0,1
415F9IXLGU,116.499,27.1975,22421,46,10,0,14-3-29 15:53:9,1
415F9IXLGU,116.504,27.2089,22435,44,10,0,14-3-29 15:55:9,1
415F9IXLGU,116.508,27.2154,22443,0,0,0,14-3-29 15:57:1,1
415F9IXLGU,116.508,27.2154,22443,0,0,0,14-3-29 15:57:9,1
415F9IXLGU,116.509,27.2175,22445,0,0,0,14-3-29 15:59:9,1
415F9IXLGU,116.51,27.2194,22447,20,15,0,14-3-29 16:1:9,1
415F9IXLGU,116.512,27.2223,22451,22,15,0,14-3-29 16:2:2,1
415F9IXLGU,116.513,27.2237,22453,5,15,0,14-3-29 16:3:9,1
415F9IXLGU,116.515,27.2261,22455,7,15,0,14-3-29 16:5:10,1
415F9IXLGU,116.521,27.2327,22464,55,15,0,14-3-29 16:7:10,1
415F9IXLGU,116.529,27.2456,22481,49,5,0,14-3-29 16:9:9,1
415F9IXLGU,116.529,27.2586,22495,14,175,0,14-3-29 16:11:9,1
415F9IXLGU,116.529,27.2615,22498,22,175,0,14-3-29 16:12:4,1
415F9IXLGU,116.529,27.2657,22503,31,175,0,14-3-29 16:13:9,1
415F9IXLGU,116.531,27.2771,22516,57,5,0,14-3-29 16:15:9,1
415F9IXLGU,116.534,27.2885,22528,58,5,0,14-3-29 16:17:9,1
415F9IXLGU,116.536,27.3061,22548,60,175,0,14-3-29 16:19:10,1
415F9IXLGU,116.535,27.3223,22566,58,0,0,14-3-29 16:21:9,1
415F9IXLGU,116.537,27.3313,22576,71,0,0,14-3-29 16:22:6,1
415F9IXLGU,116.538,27.3421,22588,60,175,0,14-3-29 16:23:9,1
415F9IXLGU,116.538,27.3574,22605,51,0,0,14-3-29 16:25:11,1
415F9IXLGU,116.54,27.3739,22623,57,5,0,14-3-29 16:27:10,1
415F9IXLGU,116.553,27.3854,22641,55,20,0,14-3-29 16:29:10,1
415F9IXLGU,116.561,27.4002,22660,51,0,0,14-3-29 16:31:10,1
415F9IXLGU,116.565,27.4078,22669,53,15,0,14-3-29 16:32:9,1
415F9IXLGU,116.571,27.4155,22679,66,15,0,14-3-29 16:33:10,1
415F9IXLGU,116.578,27.4317,22698,38,5,0,14-3-29 16:35:11,1
415F9IXLGU,116.582,27.4434,22711,44,5,0,14-3-29 16:37:11,1
415F9IXLGU,116.587,27.4568,22727,36,10,0,14-3-29 16:39:12,1
415F9IXLGU,116.595,27.4687,22742,55,15,0,14-3-29 16:41:12,1
415F9IXLGU,116.602,27.4753,22752,33,15,0,14-3-29 16:42:12,1
415F9IXLGU,116.603,27.4774,22755,22,10,0,14-3-29 16:43:12,1
415F9IXLGU,116.606,27.4868,22765,25,175,0,14-3-29 16:45:13,1
415F9IXLGU,116.607,27.499,22779,47,10,0,14-3-29 16:47:13,1
415F9IXLGU,116.613,27.5155,22798,60,175,0,14-3-29 16:49:14,1
415F9IXLGU,116.617,27.5299,22815,46,5,0,14-3-29 16:51:14,1
415F9IXLGU,116.619,27.5336,22819,16,10,0,14-3-29 16:52:14,1
415F9IXLGU,116.621,27.5366,22823,29,45,0,14-3-29 16:53:14,1
415F9IXLGU,116.647,27.5364,22848,64,25,0,14-3-29 16:57:16,1
415F9IXLGU,116.655,27.5445,22861,34,30,0,14-3-29 16:59:17,1
415F9IXLGU,116.659,27.5617,22882,62,165,0,14-3-29 17:1:17,1
415F9IXLGU,116.655,27.5689,22891,38,5,0,14-3-29 17:2:17,1
415F9IXLGU,116.658,27.5771,22900,58,5,0,14-3-29 17:3:18,1
415F9IXLGU,116.662,27.5911,22916,22,5,0,14-3-29 17:5:19,1
415F9IXLGU,116.659,27.606,22933,60,0,0,14-3-29 17:7:19,1
415F9IXLGU,116.664,27.6215,22950,40,0,0,14-3-29 17:9:19,1
415F9IXLGU,116.666,27.6318,22961,38,5,0,14-3-29 17:11:19,1
415F9IXLGU,116.669,27.6384,22969,51,5,0,14-3-29 17:12:19,1
415F9IXLGU,116.675,27.6433,22978,42,30,0,14-3-29 17:13:20,1
415F9IXLGU,116.689,27.6504,22994,49,30,0,14-3-29 17:15:20,1
415F9IXLGU,116.704,27.6589,23011,51,25,0,14-3-29 17:17:20,1
415F9IXLGU,116.713,27.6629,23020,31,25,0,14-3-29 17:19:21,1
415F9IXLGU,116.719,27.6683,23029,51,10,0,14-3-29 17:21:21,1
415F9IXLGU,116.724,27.6759,23038,49,10,0,14-3-29 17:22:21,1
415F9IXLGU,116.727,27.6819,23045,49,10,0,14-3-29 17:23:22,1
415F9IXLGU,116.738,27.6949,23063,57,15,0,14-3-29 17:25:22,1
415F9IXLGU,116.752,27.7088,23084,64,25,0,14-3-29 17:27:22,1
415F9IXLGU,116.761,27.7207,23099,38,5,0,14-3-29 17:29:22,1
415F9IXLGU,116.766,27.7327,23113,38,170,0,14-3-29 17:31:22,1
415F9IXLGU,116.764,27.7387,23120,42,165,0,14-3-29 17:32:23,1
415F9IXLGU,116.763,27.7404,23122,7,165,0,14-3-29 17:33:22,1
415F9IXLGU,116.762,27.7436,23125,16,170,0,14-3-29 17:35:22,1
415F9IXLGU,116.758,27.7553,23139,53,170,0,14-3-29 17:37:23,1
415F9IXLGU,116.756,27.7706,23155,33,170,0,14-3-29 17:39:24,1
415F9IXLGU,116.754,27.7866,23173,51,175,0,14-3-29 17:41:23,1
415F9IXLGU,116.752,27.7936,23181,49,170,0,14-3-29 17:42:24,1
415F9IXLGU,116.753,27.801,23189,42,5,0,14-3-29 17:43:23,1
415F9IXLGU,116.756,27.8179,23208,60,0,0,14-3-29 17:45:24,1
415F9IXLGU,116.757,27.8336,23225,34,0,0,14-3-29 17:47:26,1
415F9IXLGU,116.758,27.848,23240,51,5,0,14-3-29 17:49:27,1
415F9IXLGU,116.762,27.8594,23254,20,10,0,14-3-29 17:51:27,1
415F9IXLGU,116.764,27.8632,23258,34,5,0,14-3-29 17:52:27,1
415F9IXLGU,116.765,27.8697,23265,40,0,0,14-3-29 17:53:28,1
415F9IXLGU,116.765,27.8771,23273,11,175,0,14-3-29 17:55:28,1
415F9IXLGU,116.763,27.8879,23285,47,165,0,14-3-29 17:57:28,1
415F9IXLGU,116.757,27.8999,23299,49,165,0,14-3-29 17:59:29,1
415F9IXLGU,116.753,27.9079,23309,22,165,0,14-3-29 18:1:29,1
415F9IXLGU,116.751,27.9128,23315,36,165,0,14-3-29 18:2:29,1
415F9IXLGU,116.751,27.9164,23319,18,15,0,14-3-29 18:3:29,1
415F9IXLGU,116.753,27.9181,23321,0,5,0,14-3-29 18:5:30,1
415F9IXLGU,116.757,27.9231,23327,16,15,0,14-3-29 18:7:30,1
415F9IXLGU,116.757,27.9236,23328,0,155,0,14-3-29 18:9:31,1
415F9IXLGU,116.757,27.9236,23328,0,155,0,14-3-29 18:11:30,1
415F9IXLGU,116.757,27.9236,23328,0,155,0,14-3-29 18:12:31,1
415F9IXLGU,116.757,27.9236,23328,0,155,0,14-3-29 18:13:30,1
415F9IXLGU,116.757,27.9236,23328,0,155,0,14-3-29 18:15:32,1
415F9IXLGU,116.757,27.9236,23328,0,155,0,14-3-29 18:17:32,1
415F9IXLGU,116.757,27.9236,23328,0,155,0,14-3-29 18:19:33,1
415F9IXLGU,116.757,27.9236,23328,0,155,0,14-3-29 18:21:32,1
415F9IXLGU,116.757,27.9236,23328,0,155,0,14-3-29 18:22:33,1
415F9IXLGU,116.757,27.9236,23328,0,155,0,14-3-29 18:32:22,1
415F9IXLGU,116.757,27.9236,23328,0,155,0,14-3-29 18:33:23,1
415F9IXLGU,116.757,27.9236,23328,0,155,0,14-3-29 18:35:22,1
415F9IXLGU,116.757,27.9236,23328,0,155,0,14-3-29 18:37:15,1
415F9IXLGU,116.757,27.9236,23328,0,155,0,14-3-29 18:37:22,1
415F9IXLGU,116.757,27.9236,23328,0,155,0,14-3-29 18:39:22,1
415F9IXLGU,116.757,27.9236,23328,0,155,0,14-3-29 18:41:22,1
415F9IXLGU,116.757,27.9238,23328,14,15,0,14-3-29 18:42:16,1
415F9IXLGU,116.811,27.9828,23413,58,10,0,14-3-29 18:51:29,1
415F9IXLGU,116.813,27.9869,23418,60,10,0,14-3-29 18:51:58,1
415F9IXLGU,116.819,27.9971,23430,60,10,0,14-3-29 18:53:9,1
415F9IXLGU,116.83,28.0083,23447,47,35,0,14-3-29 18:55:10,1
415F9IXLGU,116.839,28.0122,23456,11,35,0,14-3-29 18:56:53,1
415F9IXLGU,116.839,28.0124,23457,11,35,0,14-3-29 18:57:10,1
415F9IXLGU,116.849,28.0234,23473,58,15,0,14-3-29 18:59:10,1
415F9IXLGU,116.863,28.0348,23491,46,40,0,14-3-29 19:1:10,1
415F9IXLGU,116.868,28.0369,23497,51,30,0,14-3-29 19:1:54,1
415F9IXLGU,116.874,28.0401,23504,22,30,0,14-3-29 19:3:10,1
415F9IXLGU,116.887,28.0474,23518,46,40,0,14-3-29 19:5:10,1
415F9IXLGU,116.898,28.0516,23530,22,30,0,14-3-29 19:6:55,1
415F9IXLGU,116.899,28.0519,23531,14,25,0,14-3-29 19:7:10,1
415F9IXLGU,116.905,28.0605,23543,42,10,0,14-3-29 19:9:10,1
415F9IXLGU,116.916,28.0683,23556,38,30,0,14-3-29 19:11:10,1
415F9IXLGU,116.92,28.0706,23561,58,25,0,14-3-29 19:11:56,1
415F9IXLGU,116.927,28.0749,23570,23,30,0,14-3-29 19:13:10,1
415F9IXLGU,116.943,28.0781,23585,55,35,0,14-3-29 19:15:10,1
415F9IXLGU,116.952,28.0892,23601,58,20,0,14-3-29 19:16:57,1
415F9IXLGU,116.953,28.0906,23603,46,5,0,14-3-29 19:17:11,1
415F9IXLGU,116.956,28.1031,23617,49,170,0,14-3-29 19:19:11,1
415F9IXLGU,116.958,28.1156,23631,34,10,0,14-3-29 19:21:11,1
415F9IXLGU,116.961,28.12,23637,44,10,0,14-3-29 19:21:58,1
415F9IXLGU,116.967,28.1235,23645,44,45,0,14-3-29 19:23:10,1
415F9IXLGU,116.977,28.1257,23656,47,15,0,14-3-29 19:25:10,1
415F9IXLGU,116.99,28.1366,23674,68,25,0,14-3-29 19:27:10,1
415F9IXLGU,117.001,28.148,23692,58,25,0,14-3-29 19:29:10,1
415F9IXLGU,117.003,28.1602,23706,42,5,0,14-3-29 19:31:10,1
415F9IXLGU,117.003,28.1653,23712,22,170,0,14-3-29 19:32:10,1
415F9IXLGU,117.002,28.1692,23716,42,175,0,14-3-29 19:33:10,1
415F9IXLGU,117.016,28.1809,23736,57,10,0,14-3-29 19:35:10,1
415F9IXLGU,117.017,28.2008,23758,68,175,0,14-3-29 19:37:11,1
415F9IXLGU,117.019,28.2163,23776,36,40,0,14-3-29 19:39:10,1
415F9IXLGU,117.034,28.216,23790,44,50,0,14-3-29 19:41:10,1
415F9IXLGU,117.044,28.2175,23800,64,35,0,14-3-29 19:42:12,1
415F9IXLGU,117.05,28.219,23807,55,30,0,14-3-29 19:43:10,1
415F9IXLGU,117.063,28.2356,23829,68,10,0,14-3-29 19:45:10,1
415F9IXLGU,117.074,28.2475,23846,36,30,0,14-3-29 19:47:13,1
415F9IXLGU,117.088,28.2525,23861,38,40,0,14-3-29 19:49:12,1
415F9IXLGU,117.102,28.2521,23874,38,45,0,14-3-29 19:51:12,1
415F9IXLGU,117.109,28.2536,23881,38,30,0,14-3-29 19:52:14,1
415F9IXLGU,117.117,28.2571,23890,57,30,0,14-3-29 19:53:12,1
415F9IXLGU,117.132,28.2632,23905,31,30,0,14-3-29 19:55:12,1
415F9IXLGU,117.14,28.2664,23914,9,35,0,14-3-29 19:57:15,1
415F9IXLGU,117.146,28.2678,23919,14,35,0,14-3-29 19:59:14,1
415F9IXLGU,117.152,28.2695,23926,40,35,0,14-3-29 20:1:14,1
415F9IXLGU,117.162,28.2712,23935,57,35,0,14-3-29 20:2:16,1
415F9IXLGU,117.171,28.2726,23944,3,40,0,14-3-29 20:3:14,1
415F9IXLGU,117.184,28.2748,23956,53,35,0,14-3-29 20:5:14,1
415F9IXLGU,117.202,28.2772,23974,51,40,0,14-3-29 20:7:15,1
415F9IXLGU,117.203,28.2772,23974,49,40,0,14-3-29 20:7:17,1
415F9IXLGU,117.218,28.2769,23989,62,50,0,14-3-29 20:9:16,1
415F9IXLGU,117.232,28.2751,24003,51,45,0,14-3-29 20:11:16,1
415F9IXLGU,117.241,28.2773,24012,55,25,0,14-3-29 20:12:18,1
415F9IXLGU,117.25,28.278,24021,51,40,0,14-3-29 20:13:16,1
415F9IXLGU,117.266,28.282,24037,47,30,0,14-3-29 20:15:16,1
415F9IXLGU,117.281,28.2894,24053,34,25,0,14-3-29 20:17:19,1
415F9IXLGU,117.293,28.2976,24067,53,25,0,14-3-29 20:19:18,1
415F9IXLGU,117.308,28.3078,24085,57,25,0,14-3-29 20:21:18,1
415F9IXLGU,117.318,28.3118,24096,64,30,0,14-3-29 20:22:20,1
415F9IXLGU,117.327,28.3139,24104,49,35,0,14-3-29 20:23:18,1
415F9IXLGU,117.349,28.3213,24127,75,40,0,14-3-29 20:25:18,1
415F9IXLGU,117.367,28.3274,24145,29,35,0,14-3-29 20:27:21,1
415F9IXLGU,117.381,28.3336,24161,60,30,0,14-3-29 20:29:19,1
415F9IXLGU,117.398,28.3362,24177,60,30,0,14-3-29 20:31:20,1
415F9IXLGU,117.408,28.3413,24188,60,25,0,14-3-29 20:32:22,1
415F9IXLGU,117.418,28.3447,24199,69,35,0,14-3-29 20:33:20,1
415F9IXLGU,117.439,28.35,24221,69,30,0,14-3-29 20:35:20,1
415F9IXLGU,117.458,28.3571,24240,22,40,0,14-3-29 20:37:21,1
415F9IXLGU,117.458,28.3571,24240,23,40,0,14-3-29 20:37:23,1
415F9IXLGU,117.466,28.3505,24251,16,60,0,14-3-29 20:39:21,1
415F9IXLGU,117.468,28.3496,24253,1,60,0,14-3-29 20:41:22,1
415F9IXLGU,117.469,28.3489,24254,23,60,0,14-3-29 20:42:24,1
415F9IXLGU,117.471,28.3466,24258,20,80,0,14-3-29 20:43:22,1
415F9IXLGU,117.483,28.3407,24272,69,50,0,14-3-29 20:45:22,1
415F9IXLGU,117.509,28.3365,24298,84,45,0,14-3-29 20:47:23,1
415F9IXLGU,117.509,28.3365,24298,84,45,0,14-3-29 20:47:25,1
415F9IXLGU,117.535,28.3437,24325,73,25,0,14-3-29 20:49:23,1
415F9IXLGU,117.558,28.355,24351,68,35,0,14-3-29 20:51:23,1
415F9IXLGU,117.571,28.358,24364,75,35,0,14-3-29 20:52:25,1
415F9IXLGU,117.584,28.3596,24376,73,40,0,14-3-29 20:53:24,1
415F9IXLGU,117.61,28.3577,24401,80,50,0,14-3-29 20:55:24,1
415F9IXLGU,117.637,28.3517,24428,73,50,0,14-3-29 20:57:26,1
415F9IXLGU,117.663,28.3514,24454,82,40,0,14-3-29 20:59:25,1
415F9IXLGU,117.689,28.3573,24479,80,35,0,14-3-29 21:1:25,1
415F9IXLGU,117.702,28.3602,24493,79,40,0,14-3-29 21:2:27,1
415F9IXLGU,117.716,28.3607,24506,77,40,0,14-3-29 21:3:26,1
415F9IXLGU,117.742,28.3661,24532,69,35,0,14-3-29 21:5:26,1
415F9IXLGU,117.767,28.3686,24557,79,40,0,14-3-29 21:7:28,1
415F9IXLGU,117.792,28.3708,24581,71,35,0,14-3-29 21:9:27,1
415F9IXLGU,117.813,28.3831,24605,79,25,0,14-3-29 21:11:27,1
415F9IXLGU,117.82,28.3872,24614,7,30,0,14-3-29 21:12:29,1
415F9IXLGU,117.821,28.3877,24615,5,25,0,14-3-29 21:13:28,1
415F9IXLGU,117.823,28.3883,24616,3,30,0,14-3-29 21:15:28,1
415F9IXLGU,117.824,28.3891,24617,11,25,0,14-3-29 21:17:30,1
415F9IXLGU,117.837,28.3958,24632,68,25,0,14-3-29 21:19:29,1
415F9IXLGU,117.856,28.409,24655,53,15,0,14-3-29 21:21:29,1
415F9IXLGU,117.862,28.4163,24665,53,15,0,14-3-29 21:22:31,1
415F9IXLGU,117.869,28.423,24675,66,20,0,14-3-29 21:23:30,1
415F9IXLGU,117.887,28.4398,24700,69,10,0,14-3-29 21:25:30,1
415F9IXLGU,117.9,28.4604,24726,84,15,0,14-3-29 21:27:32,1
415F9IXLGU,117.912,28.4831,24753,73,15,0,14-3-29 21:29:31,1
415F9IXLGU,117.931,28.4946,24776,71,35,0,14-3-29 21:31:31,1
415F9IXLGU,117.946,28.4963,24790,82,35,0,14-3-29 21:32:33,1
415F9IXLGU,117.956,28.5017,24802,69,25,0,14-3-29 21:33:32,1
415F9IXLGU,117.981,28.5081,24827,77,35,0,14-3-29 21:35:31,1
415F9IXLGU,118.006,28.517,24853,80,25,0,14-3-29 21:37:34,1
415F9IXLGU,118.025,28.5331,24879,79,25,0,14-3-29 21:39:33,1
415F9IXLGU,118.046,28.5502,24907,77,25,0,14-3-29 21:41:33,1
415F9IXLGU,118.056,28.5571,24919,66,25,0,14-3-29 21:42:35,1
415F9IXLGU,118.065,28.565,24932,84,20,0,14-3-29 21:43:33,1
415F9IXLGU,118.086,28.5848,24961,95,25,0,14-3-29 21:45:33,1
415F9IXLGU,118.112,28.597,24990,86,30,0,14-3-29 21:47:36,1
415F9IXLGU,118.134,28.6115,25017,80,20,0,14-3-29 21:49:35,1
415F9IXLGU,118.154,28.6285,25043,75,15,0,14-3-29 21:51:35,1
415F9IXLGU,118.162,28.6382,25056,73,15,0,14-3-29 21:52:37,1
415F9IXLGU,118.168,28.6484,25069,79,10,0,14-3-29 21:53:35,1
415F9IXLGU,118.181,28.669,25095,82,10,0,14-3-29 21:55:35,1
415F9IXLGU,118.195,28.6889,25121,73,15,0,14-3-29 21:57:38,1
415F9IXLGU,118.212,28.7068,25147,73,15,0,14-3-29 21:59:37,1
415F9IXLGU,118.231,28.7232,25172,88,20,0,14-3-29 22:1:37,1
415F9IXLGU,118.243,28.7325,25187,84,25,0,14-3-29 22:2:39,1
415F9IXLGU,118.255,28.739,25201,86,30,0,14-3-29 22:3:37,1
415F9IXLGU,118.281,28.7476,25229,88,25,0,14-3-29 22:5:37,1
415F9IXLGU,118.298,28.7662,25255,88,20,0,14-3-29 22:7:40,1
415F9IXLGU,118.32,28.7815,25282,68,25,0,14-3-29 22:9:39,1
415F9IXLGU,118.334,28.7965,25304,75,10,0,14-3-29 22:11:39,1
415F9IXLGU,118.341,28.807,25317,84,15,0,14-3-29 22:12:41,1
415F9IXLGU,118.348,28.8151,25328,42,15,0,14-3-29 22:13:39,1
415F9IXLGU,118.349,28.8167,25330,0,0,0,14-3-29 22:16:40,1
415F9IXLGU,118.349,28.8168,25330,3,15,0,14-3-29 22:17:41,1
415F9IXLGU,118.349,28.817,25330,1,5,0,14-3-29 22:19:41,1
415F9IXLGU,118.351,28.8189,25333,16,10,0,14-3-29 22:21:41,1
415F9IXLGU,118.351,28.8195,25334,0,0,0,14-3-29 22:23:41,1
415F9IXLGU,118.351,28.8195,25334,0,0,0,14-3-29 22:25:41,1
415F9IXLGU,118.351,28.8195,25334,0,0,0,14-3-29 22:26:35,1
415F9IXLGU,118.351,28.8195,25334,0,0,0,14-3-29 22:27:41,1
415F9IXLGU,118.351,28.8195,25334,0,0,0,14-3-29 22:29:41,1
415F9IXLGU,118.351,28.8195,25334,0,0,0,14-3-29 22:31:36,1
415F9IXLGU,118.351,28.8195,25334,0,0,0,14-3-29 22:31:41,1
415F9IXLGU,118.351,28.8195,25334,0,0,0,14-3-29 22:33:41,1
415F9IXLGU,118.351,28.8195,25334,0,0,0,14-3-29 22:35:42,1
415F9IXLGU,118.351,28.8195,25334,0,0,0,14-3-29 22:36:37,1
415F9IXLGU,118.351,28.8195,25334,0,0,0,14-3-29 22:37:44,1
415F9IXLGU,118.351,28.8195,25334,0,0,0,14-3-29 22:39:45,1
415F9IXLGU,118.351,28.8195,25334,0,0,0,14-3-29 22:41:44,1
415F9IXLGU,118.351,28.8195,25334,0,0,0,14-3-29 22:43:45,1
415F9IXLGU,118.351,28.8195,25334,0,0,0,14-3-29 22:45:45,1
415F9IXLGU,118.351,28.8195,25334,0,0,0,14-3-29 22:46:39,1
415F9IXLGU,118.351,28.8195,25334,0,0,0,14-3-29 22:47:46,1
415F9IXLGU,118.351,28.8195,25334,0,0,0,14-3-29 22:49:46,1
415F9IXLGU,118.351,28.8195,25334,0,0,0,14-3-29 22:51:46,1
415F9IXLGU,118.351,28.8195,25334,0,0,0,14-3-29 22:53:47,1
415F9IXLGU,118.351,28.8195,25334,0,0,0,14-3-29 22:55:47,1
415F9IXLGU,118.351,28.8195,25334,0,0,0,14-3-29 22:56:41,1
415F9IXLGU,118.351,28.8195,25334,0,0,0,14-3-29 22:57:48,1
415F9IXLGU,118.351,28.8195,25334,0,0,0,14-3-29 22:59:48,1
415F9IXLGU,118.351,28.8195,25334,0,0,0,14-3-29 23:1:48,1
415F9IXLGU,118.351,28.8195,25334,0,0,0,14-3-29 23:3:49,1
415F9IXLGU,118.351,28.8195,25334,0,0,0,14-3-29 23:5:49,1
415F9IXLGU,118.351,28.8195,25334,0,0,0,14-3-29 23:6:43,1
415F9IXLGU,118.351,28.8195,25334,0,0,0,14-3-29 23:7:50,1
415F9IXLGU,118.351,28.8195,25334,0,0,0,14-3-29 23:9:50,1
415F9IXLGU,118.353,28.8213,25336,33,15,0,14-3-29 23:11:50,1
415F9IXLGU,118.366,28.8367,25358,79,20,0,14-3-29 23:13:51,1
415F9IXLGU,118.39,28.8525,25386,84,20,0,14-3-29 23:15:51,1
415F9IXLGU,118.399,28.8618,25400,92,15,0,14-3-29 23:16:45,1
415F9IXLGU,118.411,28.8735,25416,88,20,0,14-3-29 23:17:52,1
415F9IXLGU,118.433,28.8913,25445,92,20,0,14-3-29 23:19:53,1
415F9IXLGU,118.453,28.9113,25474,88,25,0,14-3-29 23:21:53,1
415F9IXLGU,118.478,28.924,25502,86,35,0,14-3-29 23:23:53,1
415F9IXLGU,118.506,28.9289,25530,75,30,0,14-3-29 23:25:54,1
415F9IXLGU,118.517,28.9348,25542,82,25,0,14-3-29 23:26:47,1
415F9IXLGU,118.53,28.9415,25557,80,30,0,14-3-29 23:27:54,1
415F9IXLGU,118.557,28.9497,25585,90,35,0,14-3-29 23:29:55,1
415F9IXLGU,118.584,28.9483,25611,73,45,0,14-3-29 23:31:48,1
415F9IXLGU,118.585,28.9483,25611,0,40,0,14-3-29 23:31:55,0
415F9IXLGU,118.612,28.9437,25637,73,50,0,14-3-29 23:33:55,1
415F9IXLGU,118.639,28.9422,25663,88,40,0,14-3-29 23:35:55,1
415F9IXLGU,118.651,28.9449,25675,64,35,0,14-3-29 23:36:49,1
415F9IXLGU,118.661,28.9474,25685,0,40,0,14-3-29 23:37:56,0
415F9IXLGU,118.69,28.9489,25704,77,40,0,14-3-29 23:39:57,1
415F9IXLGU,118.714,28.954,25729,80,30,0,14-3-29 23:41:50,1
415F9IXLGU,118.743,28.9648,25759,77,30,0,14-3-29 23:43:57,1
415F9IXLGU,118.771,28.9723,25787,86,40,0,14-3-29 23:45:58,1
415F9IXLGU,118.783,28.9743,25798,71,35,0,14-3-29 23:46:51,1
415F9IXLGU,118.795,28.9785,25811,80,30,0,14-3-29 23:47:58,1
415F9IXLGU,118.823,28.9869,25840,77,40,0,14-3-29 23:49:58,1
415F9IXLGU,118.849,28.9914,25866,77,35,0,14-3-29 23:51:59,1
415F9IXLGU,118.875,29,25892,77,30,0,14-3-29 23:53:59,1
415F9IXLGU,118.901,29.0068,25918,75,40,0,14-3-29 23:55:59,1
415F9IXLGU,118.913,29.0067,25930,80,45,0,14-3-29 23:56:52,1
415F9IXLGU,118.929,29.0058,25945,79,45,0,14-3-29 23:58:0,1
415F9IXLGU,118.957,29.0092,25972,88,35,0,14-3-30 0:0:0,1
