4L441XUPBI,114.049,22.6201,4066400,0,0,0,14-3-29 8:37:18,0
4L441XUPBI,114.049,22.6201,4066400,0,0,0,14-3-29 8:37:32,0
4L441XUPBI,114.049,22.6211,4066400,0,15,0,14-3-29 8:39:59,1
4L441XUPBI,114.049,22.6211,4066400,0,10,0,14-3-29 8:41:48,1
4L441XUPBI,114.049,22.6211,4066400,0,0,0,14-3-29 8:41:59,1
4L441XUPBI,114.049,22.6213,4066400,0,0,0,14-3-29 8:43:57,1
4L441XUPBI,114.049,22.6211,4066400,0,0,0,14-3-29 8:45:58,1
4L441XUPBI,114.049,22.6211,4066400,0,0,0,14-3-29 8:46:47,1
4L441XUPBI,114.049,22.6211,4066400,0,0,0,14-3-29 8:47:58,1
4L441XUPBI,114.049,22.6211,4066400,0,0,0,14-3-29 8:49:58,1
4L441XUPBI,114.049,22.6211,4066400,0,0,0,14-3-29 8:51:58,1
4L441XUPBI,114.049,22.6211,4066400,0,0,0,14-3-29 8:53:7,1
4L441XUPBI,114.049,22.6211,4066400,0,0,0,14-3-29 8:53:58,1
4L441XUPBI,114.049,22.6211,4066400,0,0,0,14-3-29 8:55:58,1
4L441XUPBI,114.049,22.6211,4066400,0,0,0,14-3-29 8:56:49,1
4L441XUPBI,114.049,22.6211,4066400,0,0,0,14-3-29 8:57:58,1
4L441XUPBI,114.049,22.6211,4066400,0,0,0,14-3-29 8:59:58,1
4L441XUPBI,114.049,22.6211,4066400,0,0,0,14-3-29 9:1:50,1
4L441XUPBI,114.049,22.6211,4066400,0,0,0,14-3-29 9:1:58,1
4L441XUPBI,114.049,22.6211,4066400,0,0,0,14-3-29 9:3:58,1
4L441XUPBI,114.049,22.6211,4066400,0,0,0,14-3-29 9:5:58,1
4L441XUPBI,114.049,22.6211,4066400,0,135,0,14-3-29 9:6:51,1
4L441XUPBI,114.049,22.6211,4066400,0,0,0,14-3-29 9:7:58,1
4L441XUPBI,114.049,22.6211,4066400,0,0,0,14-3-29 9:9:58,1
4L441XUPBI,114.049,22.6211,4066400,0,0,0,14-3-29 9:11:52,1
4L441XUPBI,114.049,22.6211,4066400,0,0,0,14-3-29 9:11:58,1
4L441XUPBI,114.049,22.6211,4066400,0,0,0,14-3-29 9:13:58,1
4L441XUPBI,114.049,22.6211,4066400,0,0,0,14-3-29 9:15:58,1
4L441XUPBI,114.049,22.6211,4066400,0,135,0,14-3-29 9:16:53,1
4L441XUPBI,114.049,22.6211,4066400,0,0,0,14-3-29 9:17:11,1
4L441XUPBI,114.049,22.6211,4066400,0,0,0,14-3-29 9:17:46,1
4L441XUPBI,114.049,22.6211,4066400,0,0,0,14-3-29 9:17:58,1
4L441XUPBI,114.049,22.6211,4066400,0,0,0,14-3-29 9:19:58,1
4L441XUPBI,114.049,22.6211,4066400,0,0,0,14-3-29 9:21:58,1
4L441XUPBI,114.049,22.6211,4066400,0,0,0,14-3-29 9:23:58,1
4L441XUPBI,114.049,22.621,4066400,0,0,0,14-3-29 9:25:58,1
4L441XUPBI,114.049,22.6211,4066400,0,0,0,14-3-29 9:26:55,1
4L441XUPBI,114.049,22.6211,4066400,0,0,0,14-3-29 9:27:58,1
4L441XUPBI,114.049,22.6211,4066400,0,0,0,14-3-29 9:29:58,1
4L441XUPBI,114.049,22.621,4066400,0,125,0,14-3-29 9:31:58,1
4L441XUPBI,114.049,22.621,4066400,0,0,0,14-3-29 9:33:58,1
4L441XUPBI,114.049,22.6211,4066400,0,0,0,14-3-29 9:35:58,1
4L441XUPBI,114.049,22.6211,4066400,0,0,0,14-3-29 9:37:0,1
4L441XUPBI,114.049,22.6211,4066400,0,0,0,14-3-29 9:37:58,1
4L441XUPBI,114.049,22.6211,4066400,0,0,0,14-3-29 9:39:58,1
4L441XUPBI,114.049,22.6211,4066400,0,0,0,14-3-29 9:42:1,1
4L441XUPBI,114.049,22.6211,4066400,0,0,0,14-3-29 9:43:58,1
4L441XUPBI,114.049,22.6211,4066400,0,0,0,14-3-29 9:45:58,1
4L441XUPBI,114.049,22.6211,4066400,0,0,0,14-3-29 9:47:2,1
4L441XUPBI,114.049,22.6211,4066400,0,0,0,14-3-29 9:47:58,1
4L441XUPBI,114.049,22.6211,4066400,0,0,0,14-3-29 9:49:58,1
4L441XUPBI,114.049,22.6211,4066400,0,0,0,14-3-29 9:52:3,1
4L441XUPBI,114.049,22.6211,4066400,0,0,0,14-3-29 9:53:58,1
4L441XUPBI,114.049,22.6211,4066400,0,0,0,14-3-29 9:55:58,1
4L441XUPBI,114.049,22.6211,4066400,0,0,0,14-3-29 9:57:4,1
4L441XUPBI,114.049,22.6211,4066400,0,0,0,14-3-29 9:57:58,1
4L441XUPBI,114.049,22.6211,4066400,0,0,0,14-3-29 10:2:5,1
4L441XUPBI,114.049,22.6211,4066400,0,0,0,14-3-29 10:3:58,1
4L441XUPBI,114.049,22.6211,4066400,0,0,0,14-3-29 10:5:58,1
4L441XUPBI,114.049,22.6211,4066400,0,0,0,14-3-29 10:7:6,1
4L441XUPBI,114.049,22.6211,4066400,0,0,0,14-3-29 10:7:58,1
4L441XUPBI,114.049,22.6211,4066400,0,0,0,14-3-29 10:9:58,1
4L441XUPBI,114.049,22.6211,4066400,0,0,0,14-3-29 10:11:58,1
4L441XUPBI,114.049,22.6211,4066400,0,0,0,14-3-29 10:12:7,1
4L441XUPBI,114.049,22.6211,4066400,0,0,0,14-3-29 10:13:58,1
4L441XUPBI,114.049,22.6211,4066400,0,0,0,14-3-29 10:15:58,1
4L441XUPBI,114.049,22.6211,4066400,0,0,0,14-3-29 10:17:8,1
4L441XUPBI,114.049,22.6211,4066400,0,0,0,14-3-29 10:17:58,1
4L441XUPBI,114.049,22.6211,4066400,0,0,0,14-3-29 10:19:58,1
4L441XUPBI,114.049,22.6211,4066400,0,0,0,14-3-29 10:21:58,1
4L441XUPBI,114.049,22.6211,4066400,0,0,0,14-3-29 10:22:9,1
4L441XUPBI,114.049,22.6211,4066400,0,0,0,14-3-29 10:23:58,1
4L441XUPBI,114.049,22.6211,4066400,0,0,0,14-3-29 10:25:58,1
4L441XUPBI,114.049,22.6211,4066400,0,0,0,14-3-29 10:27:10,1
4L441XUPBI,114.049,22.6211,4066400,0,0,0,14-3-29 10:27:58,1
4L441XUPBI,114.049,22.6211,4066400,0,0,0,14-3-29 10:29:58,1
4L441XUPBI,114.049,22.6211,4066400,0,0,0,14-3-29 10:31:58,1
4L441XUPBI,114.049,22.6211,4066400,0,0,0,14-3-29 10:32:11,1
4L441XUPBI,114.049,22.6211,4066400,0,0,0,14-3-29 10:33:58,1
4L441XUPBI,114.049,22.6211,4066400,0,0,0,14-3-29 10:35:58,1
4L441XUPBI,114.049,22.6211,4066400,0,0,0,14-3-29 10:37:5,1
4L441XUPBI,114.049,22.6211,4066400,0,0,0,14-3-29 10:37:12,1
4L441XUPBI,114.049,22.6211,4066400,0,0,0,14-3-29 10:37:58,1
4L441XUPBI,114.049,22.6211,4066400,0,0,0,14-3-29 10:39:58,1
4L441XUPBI,114.049,22.6211,4066400,0,0,0,14-3-29 10:42:13,1
4L441XUPBI,114.049,22.6211,4066400,0,0,0,14-3-29 10:43:58,1
4L441XUPBI,114.049,22.6211,4066400,0,0,0,14-3-29 10:45:58,1
4L441XUPBI,114.049,22.6211,4066400,0,0,0,14-3-29 10:47:22,1
4L441XUPBI,114.049,22.6211,4066400,0,0,0,14-3-29 10:47:58,1
4L441XUPBI,114.049,22.6211,4066400,0,0,0,14-3-29 10:49:58,1
4L441XUPBI,114.049,22.6211,4066400,0,0,0,14-3-29 10:51:58,1
4L441XUPBI,114.049,22.6211,4066400,0,0,0,14-3-29 10:52:23,1
4L441XUPBI,114.049,22.6211,4066400,0,0,0,14-3-29 10:53:58,1
4L441XUPBI,114.049,22.6211,4066400,0,0,0,14-3-29 10:55:58,1
4L441XUPBI,114.049,22.6211,4066400,0,0,0,14-3-29 10:57:24,1
4L441XUPBI,114.049,22.6211,4066400,0,0,0,14-3-29 10:57:58,1
4L441XUPBI,114.049,22.6211,4066400,0,0,0,14-3-29 10:59:58,1
4L441XUPBI,114.049,22.6211,4066400,0,0,0,14-3-29 11:1:58,1
4L441XUPBI,114.049,22.6211,4066400,0,0,0,14-3-29 11:2:25,1
4L441XUPBI,114.049,22.6211,4066400,0,0,0,14-3-29 11:3:58,1
4L441XUPBI,114.049,22.6211,4066400,0,0,0,14-3-29 11:5:58,1
4L441XUPBI,114.049,22.6211,4066400,0,0,0,14-3-29 11:7:34,1
4L441XUPBI,114.049,22.6211,4066400,0,0,0,14-3-29 11:7:58,1
4L441XUPBI,114.049,22.6211,4066400,0,0,0,14-3-29 11:9:58,1
4L441XUPBI,114.049,22.6211,4066400,0,0,0,14-3-29 11:11:58,1
4L441XUPBI,114.049,22.6211,4066400,0,0,0,14-3-29 11:12:35,1
4L441XUPBI,114.049,22.6211,4066400,0,0,0,14-3-29 11:13:58,1
4L441XUPBI,114.049,22.6211,4066400,0,0,0,14-3-29 11:15:58,1
4L441XUPBI,114.049,22.6211,4066400,0,0,0,14-3-29 11:17:35,1
4L441XUPBI,114.049,22.6211,4066400,0,0,0,14-3-29 11:17:57,1
4L441XUPBI,114.049,22.6211,4066400,0,0,0,14-3-29 11:19:57,1
4L441XUPBI,114.049,22.6211,4066400,0,0,0,14-3-29 11:21:57,1
4L441XUPBI,114.049,22.6211,4066400,0,0,0,14-3-29 11:22:36,1
4L441XUPBI,114.049,22.6211,4066400,0,0,0,14-3-29 11:23:57,1
4L441XUPBI,114.049,22.6211,4066400,0,0,0,14-3-29 11:25:57,1
4L441XUPBI,114.049,22.6211,4066400,0,0,0,14-3-29 11:27:37,1
4L441XUPBI,114.049,22.6211,4066400,0,0,0,14-3-29 11:27:57,1
4L441XUPBI,114.049,22.6211,4066400,0,0,0,14-3-29 11:29:57,1
4L441XUPBI,114.049,22.6211,4066400,0,0,0,14-3-29 11:31:57,1
4L441XUPBI,114.049,22.6211,4066400,0,0,0,14-3-29 11:32:38,1
4L441XUPBI,114.049,22.6211,4066400,0,0,0,14-3-29 11:33:57,1
4L441XUPBI,114.049,22.6211,4066400,0,0,0,14-3-29 11:35:57,1
4L441XUPBI,114.049,22.6211,4066400,0,0,0,14-3-29 11:37:39,1
4L441XUPBI,114.049,22.6211,4066400,0,0,0,14-3-29 11:37:58,1
4L441XUPBI,114.049,22.6211,4066400,0,0,0,14-3-29 11:39:58,1
4L441XUPBI,114.049,22.6211,4066400,0,0,0,14-3-29 11:41:58,1
4L441XUPBI,114.049,22.6211,4066400,0,0,0,14-3-29 11:42:40,1
4L441XUPBI,114.049,22.6211,4066400,0,0,0,14-3-29 11:43:58,1
4L441XUPBI,114.049,22.6211,4066400,0,0,0,14-3-29 11:45:59,1
4L441XUPBI,114.049,22.6211,4066400,0,0,0,14-3-29 11:47:59,1
4L441XUPBI,114.049,22.6211,4066400,0,0,0,14-3-29 11:49:59,1
4L441XUPBI,114.049,22.6211,4066400,0,65,0,14-3-29 11:51:59,1
4L441XUPBI,114.049,22.6211,4066400,0,0,0,14-3-29 11:52:59,1
4L441XUPBI,114.049,22.6211,4066400,0,0,0,14-3-29 11:55:59,1
4L441XUPBI,114.049,22.6211,4066400,0,0,0,14-3-29 11:57:59,1
4L441XUPBI,114.049,22.6211,4066400,0,0,0,14-3-29 12:2:25,1
4L441XUPBI,114.049,22.6211,4066400,0,0,0,14-3-29 12:2:34,1
4L441XUPBI,114.049,22.621,4066400,0,0,0,14-3-29 12:6:4,1
4L441XUPBI,114.049,22.621,4066400,0,0,0,14-3-29 12:7:25,1
4L441XUPBI,114.049,22.621,4066400,0,0,0,14-3-29 12:8:4,1
4L441XUPBI,114.049,22.621,4066400,0,0,0,14-3-29 12:10:4,1
4L441XUPBI,114.048,22.6208,4066400,0,20,0,14-3-29 12:12:4,1
4L441XUPBI,114.049,22.6209,4066400,0,20,0,14-3-29 12:12:26,1
4L441XUPBI,114.049,22.621,4066400,0,20,0,14-3-29 12:14:4,1
4L441XUPBI,114.049,22.621,4066400,0,15,0,14-3-29 12:16:4,1
4L441XUPBI,114.049,22.621,4066400,0,20,0,14-3-29 12:17:27,1
4L441XUPBI,114.049,22.621,4066400,0,25,0,14-3-29 12:18:4,1
4L441XUPBI,114.049,22.621,4066400,0,0,0,14-3-29 12:20:4,1
4L441XUPBI,114.049,22.621,4066400,0,0,0,14-3-29 12:22:4,1
4L441XUPBI,114.049,22.621,4066400,0,0,0,14-3-29 12:22:28,1
4L441XUPBI,114.049,22.621,4066400,0,0,0,14-3-29 12:24:4,1
4L441XUPBI,114.049,22.621,4066400,0,0,0,14-3-29 12:26:4,1
4L441XUPBI,114.049,22.621,4066400,0,0,0,14-3-29 12:27:29,1
4L441XUPBI,114.049,22.621,4066400,0,0,0,14-3-29 12:28:4,1
4L441XUPBI,114.049,22.621,4066400,0,0,0,14-3-29 12:30:4,1
4L441XUPBI,114.049,22.6209,4066400,0,0,0,14-3-29 12:32:4,1
4L441XUPBI,114.049,22.6209,4066400,0,0,0,14-3-29 12:32:30,1
4L441XUPBI,114.049,22.621,4066400,0,0,0,14-3-29 12:34:4,1
4L441XUPBI,114.049,22.621,4066400,0,0,0,14-3-29 12:36:4,1
4L441XUPBI,114.049,22.6209,4066400,0,0,0,14-3-29 12:37:31,1
4L441XUPBI,114.049,22.621,4066400,0,0,0,14-3-29 12:38:4,1
4L441XUPBI,114.049,22.621,4066400,0,0,0,14-3-29 12:40:4,1
4L441XUPBI,114.049,22.6211,4066400,0,0,0,14-3-29 12:42:4,1
4L441XUPBI,114.049,22.6211,4066400,0,0,0,14-3-29 12:42:32,1
4L441XUPBI,114.049,22.621,4066400,0,0,0,14-3-29 12:44:4,1
4L441XUPBI,114.049,22.6211,4066400,0,75,0,14-3-29 12:46:4,1
4L441XUPBI,114.049,22.621,4066400,0,0,0,14-3-29 12:47:33,1
4L441XUPBI,114.049,22.621,4066400,0,0,0,14-3-29 12:48:4,1
4L441XUPBI,114.049,22.621,4066400,0,0,0,14-3-29 12:50:4,1
4L441XUPBI,114.049,22.6211,4066400,0,0,0,14-3-29 12:52:4,1
4L441XUPBI,114.049,22.6211,4066400,0,0,0,14-3-29 12:52:34,1
4L441XUPBI,114.049,22.6211,4066400,0,0,0,14-3-29 12:54:4,1
4L441XUPBI,114.049,22.621,4066400,0,0,0,14-3-29 12:56:4,1
4L441XUPBI,114.049,22.621,4066400,0,0,0,14-3-29 12:57:35,1
4L441XUPBI,114.049,22.621,4066400,0,0,0,14-3-29 12:58:4,1
4L441XUPBI,114.049,22.6211,4066400,0,0,0,14-3-29 13:0:4,1
4L441XUPBI,114.049,22.6211,4066400,0,0,0,14-3-29 13:2:4,1
4L441XUPBI,114.049,22.6211,4066400,0,0,0,14-3-29 13:2:36,1
4L441XUPBI,114.049,22.6212,4066400,0,0,0,14-3-29 13:4:4,1
4L441XUPBI,114.049,22.6211,4066400,0,0,0,14-3-29 13:6:4,1
4L441XUPBI,114.049,22.6211,4066400,0,0,0,14-3-29 13:7:37,1
4L441XUPBI,114.049,22.6211,4066400,0,0,0,14-3-29 13:8:4,1
4L441XUPBI,114.049,22.6211,4066400,0,0,0,14-3-29 13:10:4,1
4L441XUPBI,114.049,22.6211,4066400,0,0,0,14-3-29 13:12:4,1
4L441XUPBI,114.049,22.6211,4066400,0,0,0,14-3-29 13:12:38,1
4L441XUPBI,114.049,22.6211,4066400,0,0,0,14-3-29 13:16:4,1
4L441XUPBI,114.049,22.6211,4066400,0,0,0,14-3-29 13:17:39,1
4L441XUPBI,114.049,22.6212,4066400,0,0,0,14-3-29 13:18:4,1
4L441XUPBI,114.049,22.6211,4066400,0,0,0,14-3-29 13:20:4,1
4L441XUPBI,114.049,22.6212,4066400,0,145,0,14-3-29 13:22:4,1
4L441XUPBI,114.049,22.6212,4066400,0,0,0,14-3-29 13:22:40,1
4L441XUPBI,114.049,22.6211,4066400,0,160,0,14-3-29 13:24:4,1
4L441XUPBI,114.049,22.621,4066400,0,150,0,14-3-29 13:26:4,1
4L441XUPBI,114.049,22.6211,4066400,0,150,0,14-3-29 13:27:41,1
4L441XUPBI,114.049,22.6211,4066400,0,0,0,14-3-29 13:28:4,1
4L441XUPBI,114.049,22.6211,4066400,0,150,0,14-3-29 13:30:4,1
4L441XUPBI,114.049,22.6211,4066400,0,0,0,14-3-29 13:32:4,1
4L441XUPBI,114.049,22.6211,4066400,0,0,0,14-3-29 13:32:42,1
4L441XUPBI,114.049,22.6211,4066400,0,0,0,14-3-29 13:34:4,1
4L441XUPBI,114.049,22.6211,4066400,0,0,0,14-3-29 13:36:4,1
4L441XUPBI,114.049,22.6211,4066400,0,0,0,14-3-29 13:37:43,1
4L441XUPBI,114.049,22.6211,4066400,0,0,0,14-3-29 13:38:4,1
4L441XUPBI,114.049,22.6211,4066400,0,0,0,14-3-29 13:40:4,1
4L441XUPBI,114.049,22.6211,4066400,0,0,0,14-3-29 13:42:4,1
4L441XUPBI,114.049,22.6211,4066400,0,0,0,14-3-29 13:42:44,1
4L441XUPBI,114.049,22.6211,4066400,0,0,0,14-3-29 13:44:4,1
4L441XUPBI,114.049,22.6211,4066400,0,0,0,14-3-29 13:46:4,1
4L441XUPBI,114.049,22.6211,4066400,0,0,0,14-3-29 13:47:45,1
4L441XUPBI,114.049,22.6211,4066400,0,0,0,14-3-29 13:48:4,1
4L441XUPBI,114.049,22.6211,4066400,0,0,0,14-3-29 13:50:4,1
4L441XUPBI,114.049,22.6211,4066400,0,0,0,14-3-29 13:52:4,1
4L441XUPBI,114.049,22.6211,4066400,0,0,0,14-3-29 13:52:46,1
4L441XUPBI,114.049,22.6211,4066400,0,105,0,14-3-29 13:54:4,1
4L441XUPBI,114.049,22.6211,4066400,0,0,0,14-3-29 13:56:4,1
4L441XUPBI,114.049,22.621,4066400,0,0,0,14-3-29 13:57:48,1
4L441XUPBI,114.049,22.621,4066400,0,0,0,14-3-29 13:58:4,1
4L441XUPBI,114.049,22.621,4066400,0,0,0,14-3-29 14:0:4,1
4L441XUPBI,114.049,22.621,4066400,0,0,0,14-3-29 14:2:4,1
4L441XUPBI,114.049,22.621,4066400,0,0,0,14-3-29 14:2:49,1
4L441XUPBI,114.049,22.6211,4066400,0,0,0,14-3-29 14:4:4,1
4L441XUPBI,114.049,22.6211,4066400,0,0,0,14-3-29 14:6:4,1
4L441XUPBI,114.049,22.6211,4066400,0,0,0,14-3-29 14:7:50,1
4L441XUPBI,114.049,22.621,4066400,0,0,0,14-3-29 14:8:4,1
4L441XUPBI,114.049,22.621,4066400,0,0,0,14-3-29 14:10:4,1
4L441XUPBI,114.049,22.6211,4066400,0,0,0,14-3-29 14:12:4,1
4L441XUPBI,114.049,22.6211,4066400,0,0,0,14-3-29 14:12:50,1
4L441XUPBI,114.049,22.621,4066400,0,0,0,14-3-29 14:14:4,1
4L441XUPBI,114.049,22.621,4066400,0,0,0,14-3-29 14:16:3,1
4L441XUPBI,114.049,22.621,4066400,0,0,0,14-3-29 14:17:51,1
4L441XUPBI,114.049,22.621,4066400,0,0,0,14-3-29 14:18:3,1
4L441XUPBI,114.049,22.6211,4066400,0,0,0,14-3-29 14:20:3,1
4L441XUPBI,114.049,22.6211,4066400,0,0,0,14-3-29 14:22:3,1
4L441XUPBI,114.049,22.6211,4066400,0,0,0,14-3-29 14:22:52,1
4L441XUPBI,114.049,22.6211,4066400,0,0,0,14-3-29 14:24:3,1
4L441XUPBI,114.049,22.6211,4066400,0,0,0,14-3-29 14:26:3,1
4L441XUPBI,114.049,22.6211,4066400,0,0,0,14-3-29 14:27:53,1
4L441XUPBI,114.049,22.6211,4066400,0,0,0,14-3-29 14:28:3,1
4L441XUPBI,114.049,22.621,4066400,0,0,0,14-3-29 14:30:3,1
4L441XUPBI,114.049,22.621,4066400,0,0,0,14-3-29 14:32:3,1
4L441XUPBI,114.049,22.6211,4066400,0,0,0,14-3-29 14:32:54,1
4L441XUPBI,114.049,22.6211,4066400,0,0,0,14-3-29 14:34:3,1
4L441XUPBI,114.049,22.6211,4066400,0,0,0,14-3-29 14:36:3,1
4L441XUPBI,114.049,22.621,4066400,0,0,0,14-3-29 14:37:55,1
4L441XUPBI,114.049,22.621,4066400,0,0,0,14-3-29 14:38:3,1
4L441XUPBI,114.049,22.621,4066400,0,0,0,14-3-29 14:40:3,1
4L441XUPBI,114.049,22.621,4066400,0,0,0,14-3-29 14:42:3,1
4L441XUPBI,114.049,22.6211,4066400,0,0,0,14-3-29 14:42:56,1
4L441XUPBI,114.049,22.6211,4066400,0,0,0,14-3-29 14:44:3,1
4L441XUPBI,114.049,22.6211,4066400,0,0,0,14-3-29 14:46:3,1
4L441XUPBI,114.049,22.6211,4066400,0,0,0,14-3-29 14:48:3,1
4L441XUPBI,114.049,22.6211,4066400,0,0,0,14-3-29 14:48:5,1
4L441XUPBI,114.049,22.6211,4066400,0,0,0,14-3-29 14:50:3,1
4L441XUPBI,114.049,22.6211,4066400,0,0,0,14-3-29 14:52:3,1
4L441XUPBI,114.049,22.6211,4066400,0,0,0,14-3-29 14:53:6,1
4L441XUPBI,114.049,22.6211,4066400,0,0,0,14-3-29 14:54:3,1
4L441XUPBI,114.049,22.6211,4066400,0,0,0,14-3-29 14:56:3,1
4L441XUPBI,114.049,22.621,4066400,0,0,0,14-3-29 14:58:7,1
4L441XUPBI,114.049,22.621,4066400,0,0,0,14-3-29 15:0:3,1
4L441XUPBI,114.049,22.6211,4066400,0,0,0,14-3-29 15:2:3,1
4L441XUPBI,114.049,22.621,4066400,0,0,0,14-3-29 15:3:8,1
4L441XUPBI,114.049,22.621,4066400,0,0,0,14-3-29 15:4:3,1
4L441XUPBI,114.049,22.621,4066400,0,0,0,14-3-29 15:6:3,1
4L441XUPBI,114.049,22.621,4066400,0,0,0,14-3-29 15:8:3,1
4L441XUPBI,114.049,22.6211,4066400,0,0,0,14-3-29 15:8:9,1
4L441XUPBI,114.049,22.6211,4066400,0,0,0,14-3-29 15:10:3,1
4L441XUPBI,114.049,22.621,4066400,0,0,0,14-3-29 15:12:3,1
4L441XUPBI,114.049,22.6211,4066400,0,0,0,14-3-29 15:13:19,1
4L441XUPBI,114.049,22.6211,4066400,0,0,0,14-3-29 15:14:3,1
4L441XUPBI,114.049,22.6211,4066400,0,95,0,14-3-29 15:16:3,1
4L441XUPBI,114.049,22.6211,4066400,0,80,0,14-3-29 15:18:3,1
4L441XUPBI,114.049,22.6211,4066400,0,70,0,14-3-29 15:18:20,1
4L441XUPBI,114.049,22.6211,4066400,0,70,0,14-3-29 15:20:3,1
4L441XUPBI,114.049,22.6211,4066400,0,0,0,14-3-29 15:21:15,1
4L441XUPBI,114.049,22.6211,4066400,0,0,0,14-3-29 15:21:32,1
4L441XUPBI,114.049,22.6211,4066400,0,0,0,14-3-29 15:22:3,1
4L441XUPBI,114.049,22.6211,4066400,0,65,0,14-3-29 15:22:15,1
4L441XUPBI,114.049,22.6211,4066400,0,75,0,14-3-29 15:23:6,1
4L441XUPBI,114.049,22.6211,4066400,0,0,0,14-3-29 15:23:21,1
4L441XUPBI,114.049,22.6211,4066400,0,85,0,14-3-29 15:24:3,1
4L441XUPBI,114.049,22.6214,4066401,7,0,0,14-3-29 15:25:13,1
4L441XUPBI,114.049,22.6205,4066402,16,80,0,14-3-29 15:26:2,1
4L441XUPBI,114.049,22.6183,4066405,18,90,0,14-3-29 15:26:43,1
4L441XUPBI,114.049,22.6179,4066405,0,50,0,14-3-29 15:26:59,1
4L441XUPBI,114.049,22.6179,4066405,0,0,0,14-3-29 15:27:4,1
4L441XUPBI,114.049,22.6179,4066405,0,0,0,14-3-29 15:28:22,1
4L441XUPBI,114.049,22.618,4066405,0,0,0,14-3-29 15:28:43,1
4L441XUPBI,114.049,22.6179,4066405,0,0,0,14-3-29 15:29:15,1
4L441XUPBI,114.049,22.6186,4066407,33,135,0,14-3-29 15:30:26,1
4L441XUPBI,114.046,22.6184,4066409,22,130,0,14-3-29 15:30:52,1
4L441XUPBI,114.045,22.6189,4066411,0,0,0,14-3-29 15:31:34,1
4L441XUPBI,114.045,22.619,4066411,0,0,0,14-3-29 15:32:52,1
4L441XUPBI,114.045,22.619,4066411,0,0,0,14-3-29 15:33:23,1
4L441XUPBI,114.045,22.619,4066411,0,165,0,14-3-29 15:34:52,1
4L441XUPBI,114.046,22.6189,4066411,0,0,0,14-3-29 15:36:52,1
4L441XUPBI,114.046,22.619,4066411,0,0,0,14-3-29 15:38:24,1
4L441XUPBI,114.046,22.619,4066411,0,175,0,14-3-29 15:38:52,1
4L441XUPBI,114.046,22.619,4066411,0,0,0,14-3-29 15:39:36,1
4L441XUPBI,114.046,22.619,4066411,0,0,0,14-3-29 15:40:9,1
4L441XUPBI,114.046,22.619,4066411,0,0,0,14-3-29 15:40:52,1
4L441XUPBI,114.046,22.619,4066411,0,0,0,14-3-29 15:41:52,1
4L441XUPBI,114.046,22.619,4066411,0,0,0,14-3-29 15:42:52,1
4L441XUPBI,114.046,22.619,4066411,0,0,0,14-3-29 15:43:25,1
4L441XUPBI,114.046,22.619,4066411,0,0,0,14-3-29 15:44:44,1
4L441XUPBI,114.046,22.619,4066411,0,0,0,14-3-29 15:44:50,1
4L441XUPBI,114.046,22.6191,4066411,0,0,0,14-3-29 15:46:52,1
4L441XUPBI,114.046,22.619,4066411,1,15,0,14-3-29 15:48:25,1
4L441XUPBI,114.046,22.6196,4066412,9,160,0,14-3-29 15:49:0,1
4L441XUPBI,114.047,22.6203,4066412,0,0,0,14-3-29 15:50:37,1
4L441XUPBI,114.047,22.6203,4066412,0,0,0,14-3-29 15:51:0,1
4L441XUPBI,114.047,22.6203,4066412,0,0,0,14-3-29 15:53:0,1
4L441XUPBI,114.047,22.6203,4066412,0,0,0,14-3-29 15:53:26,1
4L441XUPBI,114.047,22.6203,4066412,0,0,0,14-3-29 15:55:0,1
4L441XUPBI,114.047,22.6204,4066412,0,90,0,14-3-29 15:57:0,1
4L441XUPBI,114.047,22.6204,4066412,0,0,0,14-3-29 15:58:27,1
4L441XUPBI,114.047,22.6204,4066412,0,0,0,14-3-29 15:59:0,1
4L441XUPBI,114.047,22.6191,4066414,11,135,0,14-3-29 16:1:3,1
4L441XUPBI,114.046,22.619,4066415,0,0,0,14-3-29 16:3:3,1
4L441XUPBI,114.046,22.619,4066415,0,0,0,14-3-29 16:3:28,1
4L441XUPBI,114.046,22.6189,4066415,0,95,0,14-3-29 16:5:3,1
4L441XUPBI,114.047,22.6189,4066416,0,0,0,14-3-29 16:7:3,1
4L441XUPBI,114.047,22.619,4066416,0,115,0,14-3-29 16:8:29,1
4L441XUPBI,114.047,22.619,4066416,0,0,0,14-3-29 16:9:3,1
4L441XUPBI,114.047,22.619,4066416,5,35,0,14-3-29 16:11:3,1
4L441XUPBI,114.047,22.6191,4066417,9,10,0,14-3-29 16:11:11,1
4L441XUPBI,114.045,22.6195,4066419,22,125,0,14-3-29 16:11:56,1
4L441XUPBI,114.045,22.6187,4066420,0,0,0,14-3-29 16:12:19,1
4L441XUPBI,114.045,22.6188,4066420,0,145,0,14-3-29 16:13:30,0
4L441XUPBI,114.045,22.6187,4066420,0,0,0,14-3-29 16:14:3,1
4L441XUPBI,114.046,22.6183,4066421,38,25,0,14-3-29 16:15:10,1
4L441XUPBI,114.05,22.6177,4066423,7,40,0,14-3-29 16:16:25,1
4L441XUPBI,114.05,22.6181,4066425,0,10,0,14-3-29 16:18:18,1
4L441XUPBI,114.05,22.6181,4066425,0,0,0,14-3-29 16:18:31,1
4L441XUPBI,114.05,22.6181,4066425,0,0,0,14-3-29 16:20:25,1
4L441XUPBI,114.05,22.6181,4066425,0,175,0,14-3-29 16:21:26,1
4L441XUPBI,114.05,22.6181,4066425,0,0,0,14-3-29 16:22:25,1
4L441XUPBI,114.05,22.6181,4066425,0,0,0,14-3-29 16:22:57,1
4L441XUPBI,114.05,22.6181,4066425,0,0,0,14-3-29 16:23:1,1
4L441XUPBI,114.05,22.6181,4066425,0,175,0,14-3-29 16:23:32,1
4L441XUPBI,114.05,22.6181,4066425,0,20,0,14-3-29 16:24:25,1
4L441XUPBI,114.05,22.6181,4066425,0,0,0,14-3-29 16:26:25,1
4L441XUPBI,114.05,22.6181,4066425,0,0,0,14-3-29 16:28:25,1
4L441XUPBI,114.05,22.6181,4066425,0,25,0,14-3-29 16:28:33,1
4L441XUPBI,114.049,22.6183,4066426,0,170,0,14-3-29 16:29:21,0
4L441XUPBI,114.048,22.6178,4066427,3,175,0,14-3-29 16:31:21,1
4L441XUPBI,114.048,22.6176,4066428,0,0,0,14-3-29 16:33:21,1
4L441XUPBI,114.048,22.6176,4066428,0,75,0,14-3-29 16:33:34,1
4L441XUPBI,114.048,22.6176,4066428,0,35,0,14-3-29 16:35:21,1
4L441XUPBI,114.048,22.6177,4066428,0,45,0,14-3-29 16:37:21,1
4L441XUPBI,114.048,22.6177,4066428,0,0,0,14-3-29 16:38:43,1
4L441XUPBI,114.047,22.6176,4066428,0,0,0,14-3-29 16:39:21,1
4L441XUPBI,114.047,22.6176,4066428,0,170,0,14-3-29 16:41:21,1
4L441XUPBI,114.048,22.6177,4066428,0,165,0,14-3-29 16:43:21,1
4L441XUPBI,114.048,22.6177,4066428,1,80,0,14-3-29 16:43:44,1
4L441XUPBI,114.048,22.6176,4066429,0,105,0,14-3-29 16:45:21,1
4L441XUPBI,114.048,22.6176,4066429,0,0,0,14-3-29 16:47:21,1
4L441XUPBI,114.048,22.6176,4066429,0,0,0,14-3-29 16:48:45,1
4L441XUPBI,114.048,22.6176,4066429,0,0,0,14-3-29 16:49:21,1
4L441XUPBI,114.048,22.6176,4066429,0,0,0,14-3-29 16:51:21,1
4L441XUPBI,114.048,22.6177,4066429,5,135,0,14-3-29 16:53:21,1
4L441XUPBI,114.047,22.6177,4066429,0,0,0,14-3-29 16:53:47,1
4L441XUPBI,114.048,22.6177,4066429,0,145,0,14-3-29 16:54:19,1
4L441XUPBI,114.048,22.6177,4066429,0,160,0,14-3-29 16:54:25,1
4L441XUPBI,114.048,22.6177,4066429,0,0,0,14-3-29 16:55:21,1
4L441XUPBI,114.048,22.6177,4066429,0,0,0,14-3-29 16:57:21,1
4L441XUPBI,114.048,22.6176,4066429,0,0,0,14-3-29 16:58:48,1
4L441XUPBI,114.048,22.6176,4066429,0,95,0,14-3-29 16:59:21,1
4L441XUPBI,114.048,22.6177,4066429,0,100,0,14-3-29 17:0:48,1
4L441XUPBI,114.047,22.6177,4066429,0,75,0,14-3-29 17:1:21,1
4L441XUPBI,114.048,22.6177,4066429,0,0,0,14-3-29 17:3:21,1
4L441XUPBI,114.048,22.6177,4066429,0,0,0,14-3-29 17:3:49,1
4L441XUPBI,114.048,22.6177,4066429,0,0,0,14-3-29 17:4:56,1
4L441XUPBI,114.048,22.6177,4066429,0,0,0,14-3-29 17:5:5,1
4L441XUPBI,114.048,22.6177,4066429,0,0,0,14-3-29 17:5:21,1
4L441XUPBI,114.048,22.6177,4066429,0,0,0,14-3-29 17:7:21,1
4L441XUPBI,114.048,22.6177,4066429,0,0,0,14-3-29 17:9:6,1
4L441XUPBI,114.048,22.6178,4066429,0,0,0,14-3-29 17:9:21,1
4L441XUPBI,114.048,22.6178,4066429,0,0,0,14-3-29 17:11:21,1
4L441XUPBI,114.048,22.6178,4066429,0,155,0,14-3-29 17:13:20,1
4L441XUPBI,114.048,22.6178,4066429,0,0,0,14-3-29 17:14:6,1
4L441XUPBI,114.048,22.6178,4066429,0,0,0,14-3-29 17:15:20,1
4L441XUPBI,114.048,22.6178,4066429,0,0,0,14-3-29 17:17:20,1
4L441XUPBI,114.048,22.6178,4066429,0,0,0,14-3-29 17:19:7,1
4L441XUPBI,114.048,22.6178,4066429,0,0,0,14-3-29 17:19:20,1
4L441XUPBI,114.048,22.6177,4066429,0,0,0,14-3-29 17:21:20,1
4L441XUPBI,114.048,22.6177,4066429,0,0,0,14-3-29 17:23:20,1
4L441XUPBI,114.048,22.6178,4066429,0,0,0,14-3-29 17:24:8,1
4L441XUPBI,114.048,22.6178,4066429,0,0,0,14-3-29 17:25:20,1
4L441XUPBI,114.048,22.6178,4066429,0,35,0,14-3-29 17:27:20,1
4L441XUPBI,114.048,22.6178,4066429,0,0,0,14-3-29 17:27:56,1
4L441XUPBI,114.047,22.6179,4066429,14,135,0,14-3-29 17:28:15,1
4L441XUPBI,114.047,22.6184,4066430,11,60,0,14-3-29 17:29:9,1
4L441XUPBI,114.048,22.6183,4066431,0,105,0,14-3-29 17:30:15,1
4L441XUPBI,114.048,22.6183,4066431,0,0,0,14-3-29 17:32:15,1
4L441XUPBI,114.048,22.6182,4066431,0,90,0,14-3-29 17:32:44,1
4L441XUPBI,114.048,22.6183,4066431,0,0,0,14-3-29 17:32:54,1
4L441XUPBI,114.049,22.6183,4066432,3,45,0,14-3-29 17:33:47,1
4L441XUPBI,114.049,22.6184,4066432,5,125,0,14-3-29 17:34:10,1
4L441XUPBI,114.048,22.6183,4066433,0,0,0,14-3-29 17:35:47,1
4L441XUPBI,114.048,22.6183,4066433,0,0,0,14-3-29 17:37:47,1
4L441XUPBI,114.048,22.6183,4066433,0,175,0,14-3-29 17:39:11,1
4L441XUPBI,114.048,22.6183,4066433,0,0,0,14-3-29 17:39:47,1
4L441XUPBI,114.048,22.6183,4066433,0,0,0,14-3-29 17:41:16,1
4L441XUPBI,114.048,22.6183,4066433,0,150,0,14-3-29 17:41:19,1
4L441XUPBI,114.048,22.6183,4066433,0,0,0,14-3-29 17:41:47,1
4L441XUPBI,114.048,22.6183,4066433,0,0,0,14-3-29 17:43:47,1
4L441XUPBI,114.048,22.6183,4066433,0,0,0,14-3-29 17:44:12,1
4L441XUPBI,114.048,22.6183,4066433,0,0,0,14-3-29 17:45:47,1
4L441XUPBI,114.048,22.6183,4066433,0,0,0,14-3-29 17:47:47,1
4L441XUPBI,114.048,22.6183,4066433,0,0,0,14-3-29 17:49:13,1
4L441XUPBI,114.048,22.6183,4066433,0,0,0,14-3-29 17:49:47,1
4L441XUPBI,114.048,22.6183,4066433,0,0,0,14-3-29 17:51:47,1
4L441XUPBI,114.048,22.6183,4066433,0,0,0,14-3-29 17:53:47,1
4L441XUPBI,114.048,22.6183,4066433,0,0,0,14-3-29 17:54:14,1
4L441XUPBI,114.048,22.6183,4066433,0,0,0,14-3-29 17:55:47,1
4L441XUPBI,114.048,22.6183,4066433,0,0,0,14-3-29 17:57:47,1
4L441XUPBI,114.048,22.6183,4066433,0,0,0,14-3-29 17:59:15,1
4L441XUPBI,114.048,22.6183,4066433,0,0,0,14-3-29 17:59:47,1
4L441XUPBI,114.048,22.6183,4066433,0,15,0,14-3-29 18:1:47,1
4L441XUPBI,114.048,22.6183,4066433,0,0,0,14-3-29 18:3:47,1
4L441XUPBI,114.048,22.6183,4066433,0,0,0,14-3-29 18:4:16,1
4L441XUPBI,114.048,22.6183,4066433,0,0,0,14-3-29 18:5:47,1
4L441XUPBI,114.048,22.6183,4066433,0,0,0,14-3-29 18:7:47,1
4L441XUPBI,114.048,22.6184,4066433,0,10,0,14-3-29 18:9:59,1
4L441XUPBI,114.048,22.6184,4066433,0,0,0,14-3-29 18:10:5,1
4L441XUPBI,114.048,22.6184,4066433,0,0,0,14-3-29 18:13:59,1
4L441XUPBI,114.048,22.6183,4066433,0,0,0,14-3-29 18:14:59,1
4L441XUPBI,114.048,22.6184,4066433,0,0,0,14-3-29 18:15:59,1
4L441XUPBI,114.048,22.6184,4066433,0,0,0,14-3-29 18:17:6,1
4L441XUPBI,114.048,22.6185,4066433,0,0,0,14-3-29 18:17:59,1
4L441XUPBI,114.048,22.6184,4066433,0,0,0,14-3-29 18:20:0,1
4L441XUPBI,114.048,22.6184,4066433,0,0,0,14-3-29 18:21:59,1
4L441XUPBI,114.048,22.6185,4066433,0,0,0,14-3-29 18:23:59,1
4L441XUPBI,114.048,22.6185,4066433,0,0,0,14-3-29 18:25:1,1
4L441XUPBI,114.048,22.6185,4066433,0,0,0,14-3-29 18:25:59,1
4L441XUPBI,114.048,22.6184,4066433,0,0,0,14-3-29 18:27:59,1
4L441XUPBI,114.048,22.6184,4066433,0,160,0,14-3-29 18:29:59,1
4L441XUPBI,114.048,22.6184,4066433,0,165,0,14-3-29 18:30:2,1
4L441XUPBI,114.048,22.6183,4066433,0,0,0,14-3-29 18:31:49,1
4L441XUPBI,114.048,22.6183,4066433,0,0,0,14-3-29 18:32:0,1
4L441XUPBI,114.048,22.6183,4066433,0,0,0,14-3-29 18:33:10,1
4L441XUPBI,114.049,22.6184,4066434,7,40,0,14-3-29 18:33:59,1
4L441XUPBI,114.049,22.6178,4066435,0,0,0,14-3-29 18:34:27,1
4L441XUPBI,114.049,22.6178,4066435,0,0,0,14-3-29 18:34:31,1
4L441XUPBI,114.049,22.6178,4066435,0,0,0,14-3-29 18:35:3,1
4L441XUPBI,114.049,22.6178,4066435,0,0,0,14-3-29 18:36:0,1
4L441XUPBI,114.05,22.618,4066435,11,175,0,14-3-29 18:38:0,1
4L441XUPBI,114.05,22.6181,4066435,12,175,0,14-3-29 18:38:5,1
4L441XUPBI,114.05,22.6202,4066438,20,175,0,14-3-29 18:38:50,1
4L441XUPBI,114.049,22.6214,4066440,11,125,0,14-3-29 18:40:4,1
4L441XUPBI,114.048,22.6211,4066441,0,0,0,14-3-29 18:42:1,1
4L441XUPBI,114.048,22.6205,4066441,0,95,0,14-3-29 18:44:1,1
4L441XUPBI,114.048,22.6206,4066442,0,0,0,14-3-29 18:45:5,1
4L441XUPBI,114.048,22.6206,4066442,0,175,0,14-3-29 18:46:1,1
4L441XUPBI,114.049,22.6212,4066442,0,30,0,14-3-29 18:48:1,1
4L441XUPBI,114.051,22.6215,4066442,0,0,0,14-3-29 18:50:6,1
4L441XUPBI,114.05,22.6214,4066442,0,0,0,14-3-29 18:52:1,1
4L441XUPBI,114.049,22.621,4066442,0,125,0,14-3-29 18:54:1,1
4L441XUPBI,114.048,22.6206,4066442,0,0,0,14-3-29 18:55:7,1
4L441XUPBI,114.048,22.6206,4066442,0,0,0,14-3-29 18:56:1,1
4L441XUPBI,114.048,22.6206,4066442,0,0,0,14-3-29 18:58:1,1
4L441XUPBI,114.048,22.6206,4066442,0,0,0,14-3-29 19:0:1,1
4L441XUPBI,114.048,22.6206,4066442,0,0,0,14-3-29 19:0:8,1
4L441XUPBI,114.048,22.6206,4066442,0,0,0,14-3-29 19:2:1,1
4L441XUPBI,114.048,22.6206,4066442,0,0,0,14-3-29 19:4:1,1
4L441XUPBI,114.048,22.6206,4066442,0,0,0,14-3-29 19:4:23,1
4L441XUPBI,114.048,22.6206,4066442,0,0,0,14-3-29 19:5:9,1
4L441XUPBI,114.048,22.6206,4066442,0,0,0,14-3-29 19:6:1,1
4L441XUPBI,114.048,22.6206,4066442,0,0,0,14-3-29 19:6:42,1
4L441XUPBI,114.048,22.6206,4066442,0,0,0,14-3-29 19:7:5,1
4L441XUPBI,114.048,22.6206,4066442,0,115,0,14-3-29 19:7:21,1
4L441XUPBI,114.048,22.6208,4066442,9,0,0,14-3-29 19:8:1,1
4L441XUPBI,114.048,22.6214,4066443,12,35,0,14-3-29 19:8:23,1
4L441XUPBI,114.048,22.6216,4066445,31,125,0,14-3-29 19:9:37,1
4L441XUPBI,114.046,22.6211,4066447,0,120,0,14-3-29 19:10:10,1
4L441XUPBI,114.046,22.6211,4066447,12,120,0,14-3-29 19:10:17,1
4L441XUPBI,114.044,22.6205,4066449,36,130,0,14-3-29 19:10:42,1
4L441XUPBI,114.043,22.6213,4066452,29,20,0,14-3-29 19:11:4,1
4L441XUPBI,114.044,22.6203,4066454,40,80,0,14-3-29 19:11:25,1
4L441XUPBI,114.044,22.6184,4066456,51,80,0,14-3-29 19:11:41,1
4L441XUPBI,114.044,22.6165,4066458,64,85,0,14-3-29 19:11:54,1
4L441XUPBI,114.045,22.6146,4066460,66,85,0,14-3-29 19:12:5,1
4L441XUPBI,114.045,22.6128,4066462,64,85,0,14-3-29 19:12:16,1
4L441XUPBI,114.045,22.6109,4066464,58,90,0,14-3-29 19:12:28,1
4L441XUPBI,114.044,22.6091,4066467,51,95,0,14-3-29 19:12:41,1
4L441XUPBI,114.044,22.6071,4066469,23,85,0,14-3-29 19:13:32,1
4L441XUPBI,114.044,22.6052,4066471,42,90,0,14-3-29 19:13:54,1
4L441XUPBI,114.044,22.6034,4066473,49,95,0,14-3-29 19:14:9,1
4L441XUPBI,114.044,22.6015,4066475,31,85,0,14-3-29 19:14:26,1
4L441XUPBI,114.044,22.5982,4066479,38,90,0,14-3-29 19:15:11,1
4L441XUPBI,114.044,22.5978,4066479,40,80,0,14-3-29 19:15:15,1
4L441XUPBI,114.045,22.5963,4066482,44,55,0,14-3-29 19:15:32,1
4L441XUPBI,114.047,22.5951,4066484,11,75,0,14-3-29 19:16:29,1
4L441XUPBI,114.048,22.5933,4066486,27,75,0,14-3-29 19:17:6,1
4L441XUPBI,114.049,22.5921,4066488,44,45,0,14-3-29 19:17:30,1
4L441XUPBI,114.051,22.5922,4066490,47,40,0,14-3-29 19:17:48,1
4L441XUPBI,114.053,22.5925,4066493,0,40,0,14-3-29 19:18:33,0
4L441XUPBI,114.058,22.5976,4066495,57,5,0,14-3-29 19:18:46,1
4L441XUPBI,114.058,22.5994,4066497,36,5,0,14-3-29 19:19:0,1
4L441XUPBI,114.059,22.6011,4066499,29,5,0,14-3-29 19:19:23,1
4L441XUPBI,114.06,22.6028,4066501,42,15,0,14-3-29 19:19:42,1
4L441XUPBI,114.061,22.6043,4066503,55,20,0,14-3-29 19:19:57,1
4L441XUPBI,114.063,22.6053,4066505,62,30,0,14-3-29 19:20:9,1
4L441XUPBI,114.064,22.606,4066507,0,30,0,14-3-29 19:20:20,0
4L441XUPBI,114.074,22.6167,4066521,62,20,0,14-3-29 19:21:47,1
4L441XUPBI,114.075,22.6179,4066523,64,25,0,14-3-29 19:21:58,1
4L441XUPBI,114.077,22.619,4066526,64,20,0,14-3-29 19:22:10,1
4L441XUPBI,114.078,22.6205,4066528,58,10,0,14-3-29 19:22:22,1
4L441XUPBI,114.079,22.6222,4066530,47,5,0,14-3-29 19:22:35,1
4L441XUPBI,114.079,22.624,4066532,49,5,0,14-3-29 19:22:50,1
4L441XUPBI,114.08,22.6259,4066534,53,5,0,14-3-29 19:23:4,1
4L441XUPBI,114.081,22.6275,4066536,60,15,0,14-3-29 19:23:17,1
4L441XUPBI,114.082,22.6288,4066538,58,30,0,14-3-29 19:23:29,1
4L441XUPBI,114.086,22.6297,4066543,64,35,0,14-3-29 19:23:53,1
4L441XUPBI,114.088,22.6301,4066545,64,40,0,14-3-29 19:24:4,1
4L441XUPBI,114.09,22.6308,4066547,71,25,0,14-3-29 19:24:14,1
4L441XUPBI,114.1,22.6344,4066558,23,35,0,14-3-29 19:25:21,1
4L441XUPBI,114.115,22.6428,4066577,68,45,0,14-3-29 19:27:56,1
4L441XUPBI,114.127,22.6383,4066591,58,55,0,14-3-29 19:29:9,1
4L441XUPBI,114.128,22.6378,4066593,60,55,0,14-3-29 19:29:16,1
4L441XUPBI,114.132,22.6362,4066597,66,55,0,14-3-29 19:29:40,1
4L441XUPBI,114.134,22.6357,4066599,69,45,0,14-3-29 19:29:51,1
4L441XUPBI,114.136,22.6357,4066601,73,40,0,14-3-29 19:30:1,1
4L441XUPBI,114.138,22.6361,4066603,75,30,0,14-3-29 19:30:11,1
4L441XUPBI,114.14,22.637,4066605,68,25,0,14-3-29 19:30:21,1
4L441XUPBI,114.142,22.6382,4066608,69,25,0,14-3-29 19:30:32,1
4L441XUPBI,114.143,22.6393,4066610,68,25,0,14-3-29 19:30:43,1
4L441XUPBI,114.145,22.6405,4066612,69,25,0,14-3-29 19:30:54,1
4L441XUPBI,114.147,22.6415,4066614,64,25,0,14-3-29 19:31:5,1
4L441XUPBI,114.148,22.6425,4066616,66,25,0,14-3-29 19:31:16,1
4L441XUPBI,114.15,22.6435,4066619,68,30,0,14-3-29 19:31:27,1
4L441XUPBI,114.152,22.6444,4066621,64,30,0,14-3-29 19:31:38,1
4L441XUPBI,114.154,22.6453,4066623,60,30,0,14-3-29 19:31:50,1
4L441XUPBI,114.156,22.646,4066625,58,30,0,14-3-29 19:32:2,1
4L441XUPBI,114.158,22.6465,4066627,64,35,0,14-3-29 19:32:14,1
4L441XUPBI,114.159,22.6469,4066629,68,40,0,14-3-29 19:32:25,1
4L441XUPBI,114.161,22.6471,4066631,66,40,0,14-3-29 19:32:36,1
4L441XUPBI,114.163,22.6474,4066634,64,40,0,14-3-29 19:32:47,1
4L441XUPBI,114.165,22.6478,4066636,64,35,0,14-3-29 19:32:58,1
4L441XUPBI,114.167,22.6483,4066638,73,30,0,14-3-29 19:33:9,1
4L441XUPBI,114.169,22.6491,4066640,71,30,0,14-3-29 19:33:19,1
4L441XUPBI,114.171,22.65,4066642,73,25,0,14-3-29 19:33:29,1
4L441XUPBI,114.176,22.653,4066649,77,25,0,14-3-29 19:33:59,1
4L441XUPBI,114.178,22.6542,4066651,69,25,0,14-3-29 19:34:11,1
4L441XUPBI,114.18,22.655,4066653,68,25,0,14-3-29 19:34:20,1
4L441XUPBI,114.183,22.6569,4066657,69,25,0,14-3-29 19:34:41,1
4L441XUPBI,114.185,22.6578,4066660,68,30,0,14-3-29 19:34:52,1
4L441XUPBI,114.187,22.6587,4066662,66,30,0,14-3-29 19:35:3,1
4L441XUPBI,114.196,22.6632,4066673,77,30,0,14-3-29 19:36:0,1
4L441XUPBI,114.202,22.6663,4066680,68,20,0,14-3-29 19:36:34,1
4L441XUPBI,114.204,22.6755,4066691,73,0,0,14-3-29 19:37:30,1
4L441XUPBI,114.204,22.6773,4066693,73,0,0,14-3-29 19:37:40,1
4L441XUPBI,114.205,22.6811,4066697,12,150,0,14-3-29 19:38:29,1
4L441XUPBI,114.205,22.6815,4066698,22,0,0,14-3-29 19:39:13,1
4L441XUPBI,114.205,22.6829,4066700,40,175,0,14-3-29 19:39:27,1
4L441XUPBI,114.205,22.6848,4066702,42,160,0,14-3-29 19:39:45,1
4L441XUPBI,114.203,22.6863,4066704,49,165,0,14-3-29 19:40:0,1
4L441XUPBI,114.203,22.688,4066706,53,165,0,14-3-29 19:40:14,1
4L441XUPBI,114.198,22.6978,4066715,57,170,0,14-3-29 19:41:25,1
4L441XUPBI,114.198,22.6996,4066717,55,175,0,14-3-29 19:41:38,1
4L441XUPBI,114.198,22.7015,4066719,55,175,0,14-3-29 19:41:51,1
4L441XUPBI,114.198,22.7027,4066721,0,175,0,14-3-29 19:42:30,0
4L441XUPBI,114.199,22.7092,4066723,68,10,0,14-3-29 19:42:41,1
4L441XUPBI,114.2,22.711,4066725,69,10,0,14-3-29 19:42:52,1
4L441XUPBI,114.201,22.7126,4066728,69,15,0,14-3-29 19:43:2,1
4L441XUPBI,114.202,22.7142,4066730,69,15,0,14-3-29 19:43:13,1
4L441XUPBI,114.204,22.7158,4066732,64,15,0,14-3-29 19:43:24,1
4L441XUPBI,114.205,22.7174,4066734,55,10,0,14-3-29 19:43:36,1
4L441XUPBI,114.205,22.7191,4066736,49,10,0,14-3-29 19:43:50,1
4L441XUPBI,114.206,22.7224,4066740,60,5,0,14-3-29 19:44:14,1
4L441XUPBI,114.207,22.7248,4066743,68,0,0,14-3-29 19:44:28,1
4L441XUPBI,114.207,22.7266,4066745,58,0,0,14-3-29 19:44:39,1
4L441XUPBI,114.207,22.7284,4066747,51,0,0,14-3-29 19:44:52,1
4L441XUPBI,114.209,22.7318,4066751,60,20,0,14-3-29 19:45:17,1
4L441XUPBI,114.21,22.733,4066753,60,30,0,14-3-29 19:45:29,1
4L441XUPBI,114.212,22.7336,4066755,58,35,0,14-3-29 19:45:41,1
4L441XUPBI,114.216,22.7345,4066760,60,35,0,14-3-29 19:46:6,1
4L441XUPBI,114.218,22.7349,4066762,62,35,0,14-3-29 19:46:18,1
4L441XUPBI,114.22,22.7355,4066764,60,30,0,14-3-29 19:46:30,1
4L441XUPBI,114.222,22.7364,4066766,64,25,0,14-3-29 19:46:42,1
4L441XUPBI,114.224,22.7377,4066769,64,20,0,14-3-29 19:46:54,1
4L441XUPBI,114.227,22.7402,4066773,62,30,0,14-3-29 19:47:18,1
4L441XUPBI,114.229,22.7407,4066775,62,40,0,14-3-29 19:47:30,1
4L441XUPBI,114.233,22.7407,4066779,60,40,0,14-3-29 19:47:54,1
4L441XUPBI,114.235,22.7407,4066781,57,40,0,14-3-29 19:48:6,1
4L441XUPBI,114.237,22.7407,4066784,60,40,0,14-3-29 19:48:19,1
4L441XUPBI,114.239,22.7408,4066786,62,40,0,14-3-29 19:48:31,1
4L441XUPBI,114.241,22.7408,4066788,55,40,0,14-3-29 19:48:44,1
4L441XUPBI,114.243,22.7409,4066790,58,40,0,14-3-29 19:48:57,1
4L441XUPBI,114.247,22.7411,4066794,69,35,0,14-3-29 19:49:15,1
4L441XUPBI,114.25,22.744,4066799,68,15,0,14-3-29 19:49:39,1
4L441XUPBI,114.251,22.7455,4066801,60,15,0,14-3-29 19:49:50,1
4L441XUPBI,114.252,22.7469,4066803,53,25,0,14-3-29 19:50:3,1
4L441XUPBI,114.254,22.7477,4066805,53,30,0,14-3-29 19:50:16,1
4L441XUPBI,114.256,22.7483,4066807,58,30,0,14-3-29 19:50:29,1
4L441XUPBI,114.258,22.749,4066809,66,30,0,14-3-29 19:50:41,1
4L441XUPBI,114.266,22.7548,4066820,58,10,0,14-3-29 19:51:41,1
4L441XUPBI,114.266,22.7567,4066822,53,0,0,14-3-29 19:51:54,1
4L441XUPBI,114.266,22.7586,4066824,47,175,0,14-3-29 19:52:8,1
4L441XUPBI,114.266,22.7604,4066826,53,175,0,14-3-29 19:52:23,1
4L441XUPBI,114.267,22.7658,4066833,53,15,0,14-3-29 19:53:0,1
4L441XUPBI,114.269,22.7672,4066835,49,20,0,14-3-29 19:53:14,1
4L441XUPBI,114.27,22.7684,4066837,38,20,0,14-3-29 19:53:41,1
4L441XUPBI,114.272,22.7696,4066839,51,20,0,14-3-29 19:53:57,1
4L441XUPBI,114.274,22.7713,4066842,44,20,0,14-3-29 19:54:16,1
4L441XUPBI,114.275,22.7721,4066843,23,20,0,14-3-29 19:55:29,1
4L441XUPBI,114.276,22.7733,4066846,44,20,0,14-3-29 19:55:52,1
4L441XUPBI,114.278,22.7745,4066848,62,20,0,14-3-29 19:56:6,1
4L441XUPBI,114.28,22.7757,4066850,71,25,0,14-3-29 19:56:17,1
4L441XUPBI,114.281,22.7765,4066852,66,30,0,14-3-29 19:56:27,1
4L441XUPBI,114.283,22.7772,4066854,42,30,0,14-3-29 19:56:40,1
4L441XUPBI,114.287,22.7787,4066858,55,30,0,14-3-29 19:57:8,1
4L441XUPBI,114.289,22.7794,4066860,51,30,0,14-3-29 19:57:21,1
4L441XUPBI,114.291,22.7801,4066862,33,35,0,14-3-29 19:57:56,1
4L441XUPBI,114.293,22.7807,4066865,42,35,0,14-3-29 19:58:15,1
4L441XUPBI,114.297,22.7816,4066869,40,35,0,14-3-29 19:58:49,1
4L441XUPBI,114.299,22.7822,4066871,47,30,0,14-3-29 19:59:6,1
4L441XUPBI,114.3,22.7828,4066873,46,30,0,14-3-29 19:59:17,1
4L441XUPBI,114.3,22.783,4066873,25,30,0,14-3-29 19:59:22,1
4L441XUPBI,114.302,22.784,4066875,36,30,0,14-3-29 20:0:24,1
4L441XUPBI,114.304,22.7848,4066878,40,30,0,14-3-29 20:0:43,1
4L441XUPBI,114.318,22.793,4066895,55,25,0,14-3-29 20:2:23,1
4L441XUPBI,114.319,22.7939,4066897,47,30,0,14-3-29 20:2:37,1
4L441XUPBI,114.321,22.7941,4066899,53,45,0,14-3-29 20:2:52,1
4L441XUPBI,114.323,22.7936,4066901,55,50,0,14-3-29 20:3:5,1
4L441XUPBI,114.325,22.7934,4066903,22,15,0,14-3-29 20:3:34,1
4L441XUPBI,114.326,22.7951,4066906,47,5,0,14-3-29 20:3:54,1
4L441XUPBI,114.327,22.7969,4066908,53,0,0,14-3-29 20:4:8,1
4L441XUPBI,114.327,22.8044,4066916,55,175,0,14-3-29 20:5:4,1
4L441XUPBI,114.326,22.8063,4066918,47,0,0,14-3-29 20:5:18,1
4L441XUPBI,114.327,22.8081,4066921,49,5,0,14-3-29 20:5:33,1
4L441XUPBI,114.327,22.81,4066923,49,5,0,14-3-29 20:5:48,1
4L441XUPBI,114.328,22.8118,4066925,47,5,0,14-3-29 20:6:3,1
4L441XUPBI,114.328,22.8136,4066927,46,175,0,14-3-29 20:6:18,1
4L441XUPBI,114.327,22.8171,4066931,47,165,0,14-3-29 20:6:47,1
4L441XUPBI,114.326,22.8189,4066933,46,170,0,14-3-29 20:7:3,1
4L441XUPBI,114.326,22.8207,4066935,46,0,0,14-3-29 20:7:19,1
4L441XUPBI,114.326,22.8226,4066938,46,5,0,14-3-29 20:7:35,1
4L441XUPBI,114.327,22.8245,4066940,42,5,0,14-3-29 20:7:53,1
4L441XUPBI,114.327,22.8263,4066942,46,5,0,14-3-29 20:8:9,1
4L441XUPBI,114.327,22.8282,4066944,38,0,0,14-3-29 20:8:26,1
4L441XUPBI,114.327,22.83,4066946,36,175,0,14-3-29 20:8:53,1
4L441XUPBI,114.327,22.8319,4066948,38,175,0,14-3-29 20:9:14,1
4L441XUPBI,114.327,22.8337,4066951,40,175,0,14-3-29 20:9:32,1
4L441XUPBI,114.327,22.8366,4066954,40,175,0,14-3-29 20:10:0,1
4L441XUPBI,114.327,22.8376,4066955,44,175,0,14-3-29 20:10:9,1
4L441XUPBI,114.326,22.8395,4066957,42,165,0,14-3-29 20:10:27,1
4L441XUPBI,114.325,22.8411,4066959,47,165,0,14-3-29 20:10:42,1
4L441XUPBI,114.325,22.8428,4066961,38,170,0,14-3-29 20:10:59,1
4L441XUPBI,114.325,22.8447,4066963,51,175,0,14-3-29 20:11:15,1
4L441XUPBI,114.324,22.8465,4066965,46,165,0,14-3-29 20:11:30,1
4L441XUPBI,114.323,22.8481,4066968,36,165,0,14-3-29 20:11:49,1
4L441XUPBI,114.323,22.85,4066970,42,175,0,14-3-29 20:12:5,1
4L441XUPBI,114.323,22.8518,4066972,46,5,0,14-3-29 20:12:21,1
4L441XUPBI,114.324,22.8536,4066974,38,5,0,14-3-29 20:12:40,1
4L441XUPBI,114.324,22.8555,4066976,38,0,0,14-3-29 20:12:58,1
4L441XUPBI,114.324,22.8573,4066978,38,0,0,14-3-29 20:13:17,1
4L441XUPBI,114.325,22.8592,4066981,47,0,0,14-3-29 20:13:34,1
4L441XUPBI,114.325,22.861,4066983,40,10,0,14-3-29 20:13:50,1
4L441XUPBI,114.326,22.8627,4066985,25,5,0,14-3-29 20:14:14,1
4L441XUPBI,114.326,22.863,4066985,0,0,0,14-3-29 20:15:0,1
4L441XUPBI,114.326,22.8647,4066987,34,5,0,14-3-29 20:15:46,1
4L441XUPBI,114.327,22.8666,4066989,42,5,0,14-3-29 20:16:5,1
4L441XUPBI,114.327,22.8684,4066991,36,5,0,14-3-29 20:16:26,1
4L441XUPBI,114.328,22.8701,4066993,47,10,0,14-3-29 20:16:44,1
4L441XUPBI,114.329,22.8719,4066996,14,10,0,14-3-29 20:17:19,1
4L441XUPBI,114.33,22.8737,4066998,31,10,0,14-3-29 20:18:1,1
4L441XUPBI,114.331,22.8755,4067000,20,175,0,14-3-29 20:18:27,1
4L441XUPBI,114.33,22.8773,4067002,25,170,0,14-3-29 20:18:54,1
4L441XUPBI,114.33,22.8791,4067004,29,170,0,14-3-29 20:19:17,1
4L441XUPBI,114.329,22.8809,4067006,31,170,0,14-3-29 20:19:41,1
4L441XUPBI,114.329,22.8827,4067008,40,165,0,14-3-29 20:20:2,1
4L441XUPBI,114.328,22.8843,4067011,42,155,0,14-3-29 20:20:19,1
4L441XUPBI,114.326,22.8857,4067013,36,155,0,14-3-29 20:20:38,1
4L441XUPBI,114.324,22.8891,4067017,47,170,0,14-3-29 20:21:15,1
4L441XUPBI,114.324,22.891,4067019,49,175,0,14-3-29 20:21:31,1
4L441XUPBI,114.324,22.8928,4067021,44,165,0,14-3-29 20:21:46,1
4L441XUPBI,114.323,22.8945,4067024,40,160,0,14-3-29 20:22:5,1
4L441XUPBI,114.321,22.896,4067026,42,160,0,14-3-29 20:22:24,1
4L441XUPBI,114.321,22.8979,4067028,53,170,0,14-3-29 20:22:41,1
4L441XUPBI,114.32,22.8996,4067030,64,170,0,14-3-29 20:22:53,1
4L441XUPBI,114.319,22.9014,4067032,51,170,0,14-3-29 20:23:6,1
4L441XUPBI,114.319,22.9032,4067034,53,170,0,14-3-29 20:23:20,1
4L441XUPBI,114.318,22.905,4067036,53,165,0,14-3-29 20:23:34,1
4L441XUPBI,114.317,22.9068,4067039,44,165,0,14-3-29 20:23:49,1
4L441XUPBI,114.317,22.9085,4067041,49,175,0,14-3-29 20:24:4,1
4L441XUPBI,114.317,22.9103,4067043,42,0,0,14-3-29 20:24:19,1
4L441XUPBI,114.317,22.9123,4067045,33,175,0,14-3-29 20:24:38,1
4L441XUPBI,114.316,22.9149,4067048,53,165,0,14-3-29 20:25:2,1
4L441XUPBI,114.316,22.9157,4067049,46,160,0,14-3-29 20:25:9,1
4L441XUPBI,114.315,22.9174,4067052,47,165,0,14-3-29 20:25:26,1
4L441XUPBI,114.314,22.9193,4067054,47,170,0,14-3-29 20:25:41,1
4L441XUPBI,114.313,22.921,4067056,49,165,0,14-3-29 20:25:56,1
4L441XUPBI,114.312,22.9227,4067058,57,165,0,14-3-29 20:26:10,1
4L441XUPBI,114.312,22.9245,4067060,51,165,0,14-3-29 20:26:23,1
4L441XUPBI,114.311,22.9262,4067062,42,165,0,14-3-29 20:26:39,1
4L441XUPBI,114.31,22.928,4067064,49,155,0,14-3-29 20:26:58,1
4L441XUPBI,114.308,22.9296,4067067,53,155,0,14-3-29 20:27:14,1
4L441XUPBI,114.307,22.931,4067069,53,160,0,14-3-29 20:27:27,1
4L441XUPBI,114.306,22.9326,4067071,34,160,0,14-3-29 20:27:43,1
4L441XUPBI,114.305,22.9339,4067073,33,150,0,14-3-29 20:28:3,1
4L441XUPBI,114.305,22.9357,4067075,40,10,0,14-3-29 20:28:28,1
4L441XUPBI,114.306,22.9375,4067078,27,15,0,14-3-29 20:28:57,1
4L441XUPBI,114.307,22.9389,4067080,38,15,0,14-3-29 20:29:19,1
4L441XUPBI,114.308,22.9406,4067082,46,15,0,14-3-29 20:29:36,1
4L441XUPBI,114.31,22.9422,4067084,46,15,0,14-3-29 20:29:52,1
4L441XUPBI,114.31,22.9432,4067086,46,15,0,14-3-29 20:30:3,1
4L441XUPBI,114.311,22.9437,4067086,47,15,0,14-3-29 20:30:8,1
4L441XUPBI,114.312,22.9454,4067089,53,10,0,14-3-29 20:30:23,1
4L441XUPBI,114.312,22.9471,4067091,53,10,0,14-3-29 20:30:36,1
4L441XUPBI,114.313,22.9489,4067093,55,10,0,14-3-29 20:30:50,1
4L441XUPBI,114.314,22.9505,4067095,57,10,0,14-3-29 20:31:3,1
4L441XUPBI,114.315,22.9522,4067097,60,10,0,14-3-29 20:31:15,1
4L441XUPBI,114.316,22.9539,4067099,57,10,0,14-3-29 20:31:27,1
4L441XUPBI,114.316,22.9556,4067101,58,10,0,14-3-29 20:31:40,1
4L441XUPBI,114.318,22.9591,4067105,49,10,0,14-3-29 20:32:6,1
4L441XUPBI,114.319,22.9608,4067108,53,10,0,14-3-29 20:32:20,1
4L441XUPBI,114.319,22.9625,4067110,57,10,0,14-3-29 20:32:34,1
4L441XUPBI,114.32,22.9642,4067112,49,10,0,14-3-29 20:32:46,1
4L441XUPBI,114.321,22.9659,4067114,46,10,0,14-3-29 20:33:0,1
4L441XUPBI,114.321,22.9678,4067116,51,175,0,14-3-29 20:33:17,1
4L441XUPBI,114.321,22.9716,4067120,36,0,0,14-3-29 20:33:50,1
4L441XUPBI,114.321,22.9734,4067122,36,0,0,14-3-29 20:34:9,1
4L441XUPBI,114.321,22.9753,4067125,27,0,0,14-3-29 20:34:30,1
4L441XUPBI,114.322,22.9772,4067127,22,5,0,14-3-29 20:34:57,1
4L441XUPBI,114.322,22.9777,4067127,29,0,0,14-3-29 20:35:4,1
4L441XUPBI,114.323,22.9789,4067129,34,20,0,14-3-29 20:35:43,1
4L441XUPBI,114.324,22.9803,4067131,57,20,0,14-3-29 20:35:59,1
4L441XUPBI,114.326,22.9818,4067134,66,20,0,14-3-29 20:36:13,1
4L441XUPBI,114.33,22.9855,4067140,64,20,0,14-3-29 20:36:46,1
4L441XUPBI,114.332,22.9869,4067142,66,20,0,14-3-29 20:36:57,1
4L441XUPBI,114.334,22.9899,4067147,68,15,0,14-3-29 20:37:20,1
4L441XUPBI,114.335,22.9913,4067149,66,15,0,14-3-29 20:37:30,1
4L441XUPBI,114.337,22.9929,4067151,66,15,0,14-3-29 20:37:41,1
4L441XUPBI,114.337,22.9945,4067153,66,10,0,14-3-29 20:37:52,1
4L441XUPBI,114.338,22.9962,4067155,64,10,0,14-3-29 20:38:3,1
4L441XUPBI,114.339,22.998,4067157,62,10,0,14-3-29 20:38:15,1
4L441XUPBI,114.34,22.9998,4067160,60,10,0,14-3-29 20:38:27,1
4L441XUPBI,114.341,23.0015,4067162,60,10,0,14-3-29 20:38:39,1
4L441XUPBI,114.342,23.0031,4067164,62,10,0,14-3-29 20:38:51,1
4L441XUPBI,114.344,23.0063,4067168,68,20,0,14-3-29 20:39:14,1
4L441XUPBI,114.345,23.0079,4067171,64,10,0,14-3-29 20:39:26,1
4L441XUPBI,114.342,23.0133,4067178,75,155,0,14-3-29 20:40:5,1
4L441XUPBI,114.34,23.0149,4067181,69,155,0,14-3-29 20:40:18,1
4L441XUPBI,114.338,23.0162,4067183,66,155,0,14-3-29 20:40:29,1
4L441XUPBI,114.337,23.0175,4067185,66,155,0,14-3-29 20:40:40,1
4L441XUPBI,114.335,23.0187,4067187,66,155,0,14-3-29 20:40:51,1
4L441XUPBI,114.334,23.02,4067190,66,155,0,14-3-29 20:41:2,1
4L441XUPBI,114.332,23.0213,4067192,69,155,0,14-3-29 20:41:13,1
4L441XUPBI,114.331,23.0226,4067194,68,160,0,14-3-29 20:41:23,1
4L441XUPBI,114.33,23.0242,4067196,66,165,0,14-3-29 20:41:34,1
4L441XUPBI,114.329,23.0259,4067198,64,170,0,14-3-29 20:41:45,1
4L441XUPBI,114.329,23.0278,4067200,60,175,0,14-3-29 20:41:57,1
4L441XUPBI,114.329,23.0318,4067205,64,175,0,14-3-29 20:42:21,1
4L441XUPBI,114.329,23.0357,4067209,66,0,0,14-3-29 20:42:45,1
4L441XUPBI,114.329,23.0376,4067212,68,0,0,14-3-29 20:42:56,1
4L441XUPBI,114.329,23.0396,4067214,69,175,0,14-3-29 20:43:7,1
4L441XUPBI,114.329,23.0413,4067216,69,0,0,14-3-29 20:43:17,1
4L441XUPBI,114.329,23.0432,4067218,66,0,0,14-3-29 20:43:28,1
4L441XUPBI,114.329,23.0452,4067220,62,175,0,14-3-29 20:43:40,1
4L441XUPBI,114.329,23.0471,4067222,66,175,0,14-3-29 20:43:52,1
4L441XUPBI,114.329,23.049,4067225,68,175,0,14-3-29 20:44:3,1
4L441XUPBI,114.328,23.0607,4067238,51,5,0,14-3-29 20:45:14,1
4L441XUPBI,114.329,23.0622,4067240,46,5,0,14-3-29 20:45:27,1
4L441XUPBI,114.329,23.0642,4067242,49,0,0,14-3-29 20:45:44,1
4L441XUPBI,114.329,23.0661,4067244,49,0,0,14-3-29 20:45:59,1
4L441XUPBI,114.33,23.0697,4067248,57,5,0,14-3-29 20:46:27,1
4L441XUPBI,114.33,23.0715,4067251,62,10,0,14-3-29 20:46:39,1
4L441XUPBI,114.331,23.0732,4067253,66,10,0,14-3-29 20:46:51,1
4L441XUPBI,114.332,23.0749,4067255,66,10,0,14-3-29 20:47:2,1
4L441XUPBI,114.333,23.0768,4067257,68,5,0,14-3-29 20:47:14,1
4L441XUPBI,114.334,23.0786,4067260,64,5,0,14-3-29 20:47:25,1
4L441XUPBI,114.334,23.0806,4067262,64,0,0,14-3-29 20:47:37,1
4L441XUPBI,114.334,23.0826,4067264,62,0,0,14-3-29 20:47:49,1
4L441XUPBI,114.334,23.0845,4067266,64,0,0,14-3-29 20:48:1,1
4L441XUPBI,114.334,23.0864,4067268,68,0,0,14-3-29 20:48:12,1
4L441XUPBI,114.334,23.0883,4067271,68,0,0,14-3-29 20:48:23,1
4L441XUPBI,114.334,23.0902,4067273,64,175,0,14-3-29 20:48:34,1
4L441XUPBI,114.334,23.0922,4067275,62,170,0,14-3-29 20:48:46,1
4L441XUPBI,114.333,23.0939,4067277,66,170,0,14-3-29 20:48:57,1
4L441XUPBI,114.333,23.0956,4067279,62,165,0,14-3-29 20:49:8,1
4L441XUPBI,114.332,23.0973,4067281,60,165,0,14-3-29 20:49:20,1
4L441XUPBI,114.331,23.0989,4067283,64,160,0,14-3-29 20:49:32,1
4L441XUPBI,114.329,23.1005,4067286,69,160,0,14-3-29 20:49:43,1
4L441XUPBI,114.328,23.102,4067288,62,160,0,14-3-29 20:49:54,1
4L441XUPBI,114.326,23.1047,4067291,57,165,0,14-3-29 20:50:15,1
4L441XUPBI,114.326,23.1052,4067292,55,165,0,14-3-29 20:50:19,1
4L441XUPBI,114.325,23.107,4067294,55,170,0,14-3-29 20:50:32,1
4L441XUPBI,114.325,23.1089,4067296,57,175,0,14-3-29 20:50:45,1
4L441XUPBI,114.325,23.1126,4067301,58,0,0,14-3-29 20:51:9,1
4L441XUPBI,114.325,23.1145,4067303,55,0,0,14-3-29 20:51:22,1
4L441XUPBI,114.325,23.1163,4067305,47,175,0,14-3-29 20:51:36,1
4L441XUPBI,114.325,23.1182,4067307,49,175,0,14-3-29 20:51:51,1
4L441XUPBI,114.324,23.1199,4067309,58,170,0,14-3-29 20:52:4,1
4L441XUPBI,114.324,23.1218,4067311,68,170,0,14-3-29 20:52:16,1
4L441XUPBI,114.323,23.1236,4067313,71,175,0,14-3-29 20:52:26,1
4L441XUPBI,114.325,23.1288,4067320,79,15,0,14-3-29 20:52:54,1
4L441XUPBI,114.327,23.1314,4067324,79,20,0,14-3-29 20:53:12,1
4L441XUPBI,114.329,23.1328,4067326,79,15,0,14-3-29 20:53:21,1
4L441XUPBI,114.331,23.1359,4067330,73,10,0,14-3-29 20:53:39,1
4L441XUPBI,114.331,23.1377,4067332,71,5,0,14-3-29 20:53:49,1
4L441XUPBI,114.332,23.1395,4067334,68,0,0,14-3-29 20:53:59,1
4L441XUPBI,114.332,23.1413,4067336,62,0,0,14-3-29 20:54:10,1
4L441XUPBI,114.332,23.143,4067338,69,5,0,14-3-29 20:54:21,1
4L441XUPBI,114.333,23.1447,4067340,71,10,0,14-3-29 20:54:31,1
4L441XUPBI,114.334,23.1464,4067343,71,10,0,14-3-29 20:54:41,1
4L441XUPBI,114.335,23.1481,4067345,68,10,0,14-3-29 20:54:51,1
4L441XUPBI,114.336,23.1498,4067347,62,10,0,14-3-29 20:55:2,1
4L441XUPBI,114.336,23.1518,4067349,57,10,0,14-3-29 20:55:16,1
4L441XUPBI,114.337,23.1533,4067351,62,10,0,14-3-29 20:55:27,1
4L441XUPBI,114.338,23.1551,4067353,66,10,0,14-3-29 20:55:39,1
4L441XUPBI,114.339,23.1568,4067355,68,10,0,14-3-29 20:55:50,1
4L441XUPBI,114.34,23.1583,4067357,73,15,0,14-3-29 20:56:0,1
4L441XUPBI,114.343,23.1611,4067362,69,20,0,14-3-29 20:56:20,1
4L441XUPBI,114.344,23.1623,4067364,68,25,0,14-3-29 20:56:31,1
4L441XUPBI,114.346,23.1635,4067366,68,25,0,14-3-29 20:56:42,1
4L441XUPBI,114.348,23.1647,4067368,71,25,0,14-3-29 20:56:53,1
4L441XUPBI,114.349,23.1659,4067370,73,25,0,14-3-29 20:57:3,1
4L441XUPBI,114.352,23.1683,4067375,73,25,0,14-3-29 20:57:23,1
4L441XUPBI,114.354,23.1695,4067377,69,25,0,14-3-29 20:57:33,1
4L441XUPBI,114.355,23.1708,4067379,71,20,0,14-3-29 20:57:44,1
4L441XUPBI,114.357,23.172,4067381,73,20,0,14-3-29 20:57:54,1
4L441XUPBI,114.358,23.1734,4067383,69,20,0,14-3-29 20:58:4,1
4L441XUPBI,114.359,23.1747,4067385,69,15,0,14-3-29 20:58:14,1
4L441XUPBI,114.361,23.1761,4067388,71,15,0,14-3-29 20:58:24,1
4L441XUPBI,114.362,23.1776,4067390,71,15,0,14-3-29 20:58:34,1
4L441XUPBI,114.363,23.1791,4067392,71,15,0,14-3-29 20:58:44,1
4L441XUPBI,114.364,23.1807,4067394,71,15,0,14-3-29 20:58:54,1
4L441XUPBI,114.368,23.1849,4067400,71,20,0,14-3-29 20:59:24,1
4L441XUPBI,114.369,23.1862,4067402,71,20,0,14-3-29 20:59:34,1
4L441XUPBI,114.371,23.1874,4067404,69,20,0,14-3-29 20:59:44,1
4L441XUPBI,114.374,23.1898,4067409,71,25,0,14-3-29 21:0:6,1
4L441XUPBI,114.376,23.191,4067411,75,25,0,14-3-29 21:0:17,1
4L441XUPBI,114.38,23.1927,4067415,71,30,0,14-3-29 21:0:36,1
4L441XUPBI,114.384,23.1959,4067422,69,20,0,14-3-29 21:1:6,1
4L441XUPBI,114.386,23.1974,4067424,68,15,0,14-3-29 21:1:17,1
4L441XUPBI,114.387,23.1989,4067426,68,10,0,14-3-29 21:1:28,1
4L441XUPBI,114.388,23.2007,4067428,66,10,0,14-3-29 21:1:39,1
4L441XUPBI,114.388,23.2025,4067430,64,5,0,14-3-29 21:1:50,1
4L441XUPBI,114.389,23.2044,4067433,62,5,0,14-3-29 21:2:2,1
4L441XUPBI,114.389,23.2062,4067435,64,5,0,14-3-29 21:2:14,1
4L441XUPBI,114.39,23.208,4067437,69,5,0,14-3-29 21:2:25,1
4L441XUPBI,114.391,23.2097,4067439,68,10,0,14-3-29 21:2:35,1
4L441XUPBI,114.391,23.2115,4067441,69,10,0,14-3-29 21:2:46,1
4L441XUPBI,114.393,23.2131,4067443,68,15,0,14-3-29 21:2:57,1
4L441XUPBI,114.394,23.2146,4067446,66,20,0,14-3-29 21:3:8,1
4L441XUPBI,114.395,23.2159,4067448,64,20,0,14-3-29 21:3:19,1
4L441XUPBI,114.397,23.2171,4067450,66,25,0,14-3-29 21:3:30,1
4L441XUPBI,114.399,23.2181,4067452,64,30,0,14-3-29 21:3:41,1
4L441XUPBI,114.4,23.219,4067454,57,30,0,14-3-29 21:3:53,1
4L441XUPBI,114.402,23.2198,4067456,57,30,0,14-3-29 21:4:6,1
4L441XUPBI,114.404,23.2207,4067458,68,30,0,14-3-29 21:4:18,1
4L441XUPBI,114.413,23.2239,4067469,60,40,0,14-3-29 21:5:13,1
4L441XUPBI,114.416,23.2242,4067471,62,40,0,14-3-29 21:5:26,1
4L441XUPBI,114.418,23.2244,4067473,60,40,0,14-3-29 21:5:37,1
4L441XUPBI,114.42,23.2248,4067476,62,35,0,14-3-29 21:5:49,1
4L441XUPBI,114.421,23.2253,4067478,53,40,0,14-3-29 21:6:1,1
4L441XUPBI,114.423,23.2253,4067480,44,10,0,14-3-29 21:6:16,1
4L441XUPBI,114.423,23.2271,4067482,51,160,0,14-3-29 21:6:30,1
4L441XUPBI,114.421,23.228,4067484,22,140,0,14-3-29 21:7:35,1
4L441XUPBI,114.421,23.2297,4067486,44,10,0,14-3-29 21:7:58,1
4L441XUPBI,114.422,23.2313,4067488,49,10,0,14-3-29 21:8:13,1
4L441XUPBI,114.423,23.233,4067490,53,10,0,14-3-29 21:8:27,1
4L441XUPBI,114.424,23.2347,4067493,58,10,0,14-3-29 21:8:40,1
4L441XUPBI,114.425,23.2363,4067495,57,15,0,14-3-29 21:8:53,1
4L441XUPBI,114.426,23.2377,4067497,53,20,0,14-3-29 21:9:6,1
4L441XUPBI,114.428,23.2391,4067499,55,20,0,14-3-29 21:9:20,1
4L441XUPBI,114.429,23.2405,4067501,60,20,0,14-3-29 21:9:33,1
4L441XUPBI,114.431,23.2419,4067504,62,20,0,14-3-29 21:9:45,1
4L441XUPBI,114.432,23.2433,4067506,64,20,0,14-3-29 21:9:57,1
4L441XUPBI,114.434,23.2447,4067508,66,20,0,14-3-29 21:10:8,1
4L441XUPBI,114.436,23.247,4067511,62,20,0,14-3-29 21:10:27,1
4L441XUPBI,114.436,23.2475,4067512,62,20,0,14-3-29 21:10:31,1
4L441XUPBI,114.438,23.249,4067514,62,15,0,14-3-29 21:10:43,1
4L441XUPBI,114.439,23.2506,4067517,62,10,0,14-3-29 21:10:55,1
4L441XUPBI,114.44,23.2543,4067521,60,0,0,14-3-29 21:11:19,1
4L441XUPBI,114.44,23.2561,4067523,58,0,0,14-3-29 21:11:31,1
4L441XUPBI,114.44,23.258,4067525,62,0,0,14-3-29 21:11:43,1
4L441XUPBI,114.441,23.2599,4067527,60,5,0,14-3-29 21:11:55,1
4L441XUPBI,114.441,23.2616,4067529,58,10,0,14-3-29 21:12:7,1
4L441XUPBI,114.442,23.2632,4067532,64,15,0,14-3-29 21:12:19,1
4L441XUPBI,114.444,23.2646,4067534,60,25,0,14-3-29 21:12:31,1
4L441XUPBI,114.446,23.2657,4067536,64,25,0,14-3-29 21:12:43,1
4L441XUPBI,114.447,23.2667,4067538,69,25,0,14-3-29 21:12:54,1
4L441XUPBI,114.449,23.2677,4067540,71,25,0,14-3-29 21:13:4,1
4L441XUPBI,114.451,23.2688,4067543,64,25,0,14-3-29 21:13:15,1
4L441XUPBI,114.458,23.2778,4067555,60,15,0,14-3-29 21:14:25,1
4L441XUPBI,114.459,23.2794,4067558,60,15,0,14-3-29 21:14:37,1
4L441XUPBI,114.461,23.2826,4067562,68,15,0,14-3-29 21:15:0,1
4L441XUPBI,114.463,23.2843,4067564,60,15,0,14-3-29 21:15:12,1
4L441XUPBI,114.464,23.2864,4067567,66,15,0,14-3-29 21:15:28,1
4L441XUPBI,114.465,23.2874,4067569,66,15,0,14-3-29 21:15:35,1
4L441XUPBI,114.466,23.289,4067571,66,15,0,14-3-29 21:15:46,1
4L441XUPBI,114.467,23.2905,4067573,64,15,0,14-3-29 21:15:57,1
4L441XUPBI,114.468,23.2921,4067575,62,15,0,14-3-29 21:16:9,1
4L441XUPBI,114.469,23.2937,4067577,68,10,0,14-3-29 21:16:20,1
4L441XUPBI,114.47,23.2954,4067579,66,10,0,14-3-29 21:16:31,1
4L441XUPBI,114.471,23.2972,4067581,66,5,0,14-3-29 21:16:42,1
4L441XUPBI,114.471,23.299,4067584,64,5,0,14-3-29 21:16:53,1
4L441XUPBI,114.472,23.3009,4067586,64,0,0,14-3-29 21:17:5,1
4L441XUPBI,114.472,23.3029,4067588,64,0,0,14-3-29 21:17:17,1
4L441XUPBI,114.472,23.3047,4067590,66,175,0,14-3-29 21:17:28,1
4L441XUPBI,114.472,23.3067,4067592,62,175,0,14-3-29 21:17:40,1
4L441XUPBI,114.472,23.3086,4067595,58,175,0,14-3-29 21:17:52,1
4L441XUPBI,114.471,23.3104,4067597,51,175,0,14-3-29 21:18:5,1
4L441XUPBI,114.471,23.3123,4067599,25,175,0,14-3-29 21:18:21,1
4L441XUPBI,114.471,23.3144,4067601,38,175,0,14-3-29 21:19:42,1
4L441XUPBI,114.47,23.3162,4067603,51,170,0,14-3-29 21:19:59,1
4L441XUPBI,114.469,23.318,4067605,55,165,0,14-3-29 21:20:13,1
4L441XUPBI,114.468,23.3201,4067608,60,165,0,14-3-29 21:20:29,1
4L441XUPBI,114.467,23.3214,4067610,62,165,0,14-3-29 21:20:38,1
4L441XUPBI,114.466,23.323,4067612,57,165,0,14-3-29 21:20:50,1
4L441XUPBI,114.465,23.3248,4067614,57,165,0,14-3-29 21:21:3,1
4L441XUPBI,114.465,23.3265,4067616,60,165,0,14-3-29 21:21:16,1
4L441XUPBI,114.464,23.3283,4067618,62,165,0,14-3-29 21:21:28,1
4L441XUPBI,114.463,23.33,4067621,60,165,0,14-3-29 21:21:40,1
4L441XUPBI,114.462,23.3317,4067623,62,165,0,14-3-29 21:21:52,1
4L441XUPBI,114.461,23.3334,4067625,64,165,0,14-3-29 21:22:4,1
4L441XUPBI,114.46,23.3352,4067627,60,165,0,14-3-29 21:22:16,1
4L441XUPBI,114.459,23.3368,4067629,58,165,0,14-3-29 21:22:28,1
4L441XUPBI,114.458,23.3385,4067632,60,165,0,14-3-29 21:22:40,1
4L441XUPBI,114.457,23.3402,4067634,64,165,0,14-3-29 21:22:52,1
4L441XUPBI,114.456,23.3419,4067636,62,165,0,14-3-29 21:23:4,1
4L441XUPBI,114.454,23.3449,4067640,62,150,0,14-3-29 21:23:28,1
4L441XUPBI,114.452,23.346,4067643,62,150,0,14-3-29 21:23:40,1
4L441XUPBI,114.45,23.3473,4067645,60,155,0,14-3-29 21:23:52,1
4L441XUPBI,114.449,23.3489,4067647,60,165,0,14-3-29 21:24:4,1
4L441XUPBI,114.448,23.3506,4067649,60,165,0,14-3-29 21:24:16,1
4L441XUPBI,114.448,23.3524,4067651,57,165,0,14-3-29 21:24:28,1
4L441XUPBI,114.447,23.3541,4067653,53,165,0,14-3-29 21:24:41,1
4L441XUPBI,114.446,23.3558,4067655,53,165,0,14-3-29 21:24:54,1
4L441XUPBI,114.445,23.3575,4067658,51,165,0,14-3-29 21:25:8,1
4L441XUPBI,114.444,23.3605,4067661,66,165,0,14-3-29 21:25:30,1
4L441XUPBI,114.444,23.361,4067662,68,165,0,14-3-29 21:25:33,1
4L441XUPBI,114.443,23.3628,4067664,66,165,0,14-3-29 21:25:44,1
4L441XUPBI,114.442,23.3658,4067666,73,170,0,14-3-29 21:26:3,1
4L441XUPBI,114.442,23.3708,4067670,75,0,0,14-3-29 21:26:28,1
4L441XUPBI,114.442,23.3727,4067673,69,0,0,14-3-29 21:26:38,1
4L441XUPBI,114.442,23.3745,4067675,64,0,0,14-3-29 21:26:49,1
4L441XUPBI,114.442,23.3765,4067677,57,0,0,14-3-29 21:27:1,1
4L441XUPBI,114.442,23.3783,4067679,55,0,0,14-3-29 21:27:14,1
4L441XUPBI,114.442,23.3802,4067681,58,175,0,14-3-29 21:27:27,1
4L441XUPBI,114.442,23.382,4067683,64,170,0,14-3-29 21:27:39,1
4L441XUPBI,114.441,23.3839,4067686,66,165,0,14-3-29 21:27:51,1
4L441XUPBI,114.44,23.3855,4067688,62,165,0,14-3-29 21:28:2,1
4L441XUPBI,114.439,23.3873,4067690,57,165,0,14-3-29 21:28:15,1
4L441XUPBI,114.438,23.389,4067692,62,165,0,14-3-29 21:28:27,1
4L441XUPBI,114.437,23.3908,4067694,64,165,0,14-3-29 21:28:39,1
4L441XUPBI,114.437,23.3926,4067697,62,165,0,14-3-29 21:28:51,1
4L441XUPBI,114.436,23.3944,4067699,62,165,0,14-3-29 21:29:3,1
4L441XUPBI,114.435,23.3962,4067701,64,165,0,14-3-29 21:29:15,1
4L441XUPBI,114.434,23.398,4067704,64,165,0,14-3-29 21:29:27,1
4L441XUPBI,114.433,23.3997,4067705,64,165,0,14-3-29 21:29:38,1
4L441XUPBI,114.432,23.4015,4067708,60,165,0,14-3-29 21:29:50,1
4L441XUPBI,114.431,23.4031,4067710,57,165,0,14-3-29 21:30:2,1
4L441XUPBI,114.431,23.4049,4067712,60,175,0,14-3-29 21:30:15,1
4L441XUPBI,114.432,23.4069,4067715,62,25,0,14-3-29 21:30:31,1
4L441XUPBI,114.433,23.4076,4067716,64,25,0,14-3-29 21:30:39,1
4L441XUPBI,114.435,23.4089,4067719,64,20,0,14-3-29 21:30:51,1
4L441XUPBI,114.436,23.4103,4067721,64,15,0,14-3-29 21:31:2,1
4L441XUPBI,114.437,23.4119,4067723,64,15,0,14-3-29 21:31:13,1
4L441XUPBI,114.438,23.4135,4067725,66,15,0,14-3-29 21:31:25,1
4L441XUPBI,114.441,23.4163,4067729,68,20,0,14-3-29 21:31:47,1
4L441XUPBI,114.443,23.4177,4067732,68,20,0,14-3-29 21:31:58,1
4L441XUPBI,114.444,23.4191,4067734,68,15,0,14-3-29 21:32:9,1
4L441XUPBI,114.445,23.4208,4067736,66,10,0,14-3-29 21:32:20,1
4L441XUPBI,114.446,23.4225,4067738,57,15,0,14-3-29 21:32:32,1
4L441XUPBI,114.447,23.4236,4067740,57,30,0,14-3-29 21:32:45,1
4L441XUPBI,114.449,23.4245,4067742,57,25,0,14-3-29 21:32:58,1
4L441XUPBI,114.451,23.4257,4067744,58,25,0,14-3-29 21:33:10,1
4L441XUPBI,114.453,23.426,4067747,57,45,0,14-3-29 21:33:23,1
4L441XUPBI,114.455,23.4255,4067749,58,50,0,14-3-29 21:33:36,1
4L441XUPBI,114.457,23.4249,4067751,55,50,0,14-3-29 21:33:49,1
4L441XUPBI,114.459,23.4245,4067753,57,50,0,14-3-29 21:34:2,1
4L441XUPBI,114.461,23.4245,4067755,49,30,0,14-3-29 21:34:16,1
4L441XUPBI,114.462,23.4258,4067757,53,15,0,14-3-29 21:34:30,1
4L441XUPBI,114.463,23.4275,4067760,57,10,0,14-3-29 21:34:45,1
4L441XUPBI,114.464,23.4294,4067762,47,5,0,14-3-29 21:34:58,1
4L441XUPBI,114.464,23.4312,4067764,47,5,0,14-3-29 21:35:13,1
4L441XUPBI,114.465,23.433,4067766,40,35,0,14-3-29 21:35:32,1
4L441XUPBI,114.467,23.4335,4067768,36,35,0,14-3-29 21:35:50,1
4L441XUPBI,114.469,23.434,4067770,49,35,0,14-3-29 21:36:6,1
4L441XUPBI,114.471,23.4346,4067773,58,35,0,14-3-29 21:36:21,1
4L441XUPBI,114.473,23.4351,4067775,46,35,0,14-3-29 21:36:35,1
4L441XUPBI,114.475,23.4356,4067777,53,35,0,14-3-29 21:36:49,1
4L441XUPBI,114.477,23.4361,4067779,60,40,0,14-3-29 21:37:2,1
4L441XUPBI,114.479,23.4357,4067781,55,50,0,14-3-29 21:37:17,1
4L441XUPBI,114.481,23.4352,4067784,53,50,0,14-3-29 21:37:31,1
4L441XUPBI,114.483,23.4348,4067786,53,50,0,14-3-29 21:37:45,1
4L441XUPBI,114.485,23.4344,4067788,55,45,0,14-3-29 21:37:58,1
4L441XUPBI,114.489,23.4356,4067792,55,25,0,14-3-29 21:38:24,1
4L441XUPBI,114.491,23.4366,4067794,62,30,0,14-3-29 21:38:37,1
4L441XUPBI,114.492,23.4376,4067796,62,25,0,14-3-29 21:38:49,1
4L441XUPBI,114.494,23.4387,4067799,60,20,0,14-3-29 21:39:1,1
4L441XUPBI,114.495,23.4402,4067801,60,10,0,14-3-29 21:39:13,1
4L441XUPBI,114.496,23.4418,4067803,60,10,0,14-3-29 21:39:25,1
4L441XUPBI,114.497,23.4435,4067805,58,10,0,14-3-29 21:39:38,1
4L441XUPBI,114.498,23.4452,4067807,49,10,0,14-3-29 21:39:50,1
4L441XUPBI,114.499,23.4469,4067809,40,10,0,14-3-29 21:40:7,1
4L441XUPBI,114.5,23.4485,4067812,51,15,0,14-3-29 21:40:22,1
4L441XUPBI,114.501,23.4501,4067813,69,15,0,14-3-29 21:40:34,1
4L441XUPBI,114.502,23.4517,4067816,64,15,0,14-3-29 21:40:45,1
4L441XUPBI,114.503,23.4533,4067818,0,10,0,14-3-29 21:40:57,1
4L441XUPBI,114.505,23.4561,4067820,62,10,0,14-3-29 21:41:17,1
4L441XUPBI,114.505,23.4579,4067822,66,5,0,14-3-29 21:41:28,1
4L441XUPBI,114.506,23.4598,4067824,60,10,0,14-3-29 21:41:40,1
4L441XUPBI,114.507,23.4614,4067827,58,15,0,14-3-29 21:41:52,1
4L441XUPBI,114.508,23.4631,4067829,57,15,0,14-3-29 21:42:5,1
4L441XUPBI,114.509,23.4647,4067831,57,15,0,14-3-29 21:42:18,1
4L441XUPBI,114.51,23.4664,4067833,57,10,0,14-3-29 21:42:31,1
4L441XUPBI,114.511,23.4682,4067835,60,5,0,14-3-29 21:42:44,1
4L441XUPBI,114.511,23.4701,4067838,64,5,0,14-3-29 21:42:56,1
4L441XUPBI,114.512,23.4719,4067840,64,5,0,14-3-29 21:43:7,1
4L441XUPBI,114.512,23.4738,4067842,64,10,0,14-3-29 21:43:19,1
4L441XUPBI,114.513,23.4755,4067844,60,15,0,14-3-29 21:43:31,1
4L441XUPBI,114.514,23.4771,4067846,58,15,0,14-3-29 21:43:43,1
4L441XUPBI,114.516,23.4785,4067848,60,20,0,14-3-29 21:43:55,1
4L441XUPBI,114.517,23.4799,4067850,60,20,0,14-3-29 21:44:7,1
4L441XUPBI,114.518,23.4812,4067853,62,20,0,14-3-29 21:44:19,1
4L441XUPBI,114.522,23.4835,4067857,46,25,0,14-3-29 21:44:44,1
4L441XUPBI,114.524,23.4843,4067859,53,30,0,14-3-29 21:45:0,1
4L441XUPBI,114.526,23.4851,4067861,55,30,0,14-3-29 21:45:13,1
4L441XUPBI,114.527,23.4858,4067863,57,30,0,14-3-29 21:45:26,1
4L441XUPBI,114.529,23.4865,4067865,57,30,0,14-3-29 21:45:38,1
4L441XUPBI,114.531,23.4878,4067867,55,15,0,14-3-29 21:45:51,1
4L441XUPBI,114.532,23.4893,4067870,57,15,0,14-3-29 21:46:4,1
4L441XUPBI,114.533,23.4908,4067872,57,15,0,14-3-29 21:46:17,1
4L441XUPBI,114.535,23.4942,4067876,55,0,0,14-3-29 21:46:43,1
4L441XUPBI,114.535,23.4961,4067878,58,175,0,14-3-29 21:46:56,1
4L441XUPBI,114.535,23.4979,4067880,62,170,0,14-3-29 21:47:8,1
4L441XUPBI,114.534,23.5016,4067885,62,175,0,14-3-29 21:47:32,1
4L441XUPBI,114.534,23.5035,4067887,62,0,0,14-3-29 21:47:44,1
4L441XUPBI,114.534,23.5053,4067889,62,15,0,14-3-29 21:47:56,1
4L441XUPBI,114.536,23.5068,4067891,64,20,0,14-3-29 21:48:8,1
4L441XUPBI,114.539,23.5098,4067896,60,15,0,14-3-29 21:48:32,1
4L441XUPBI,114.541,23.5127,4067900,57,20,0,14-3-29 21:48:56,1
4L441XUPBI,114.543,23.5137,4067902,57,30,0,14-3-29 21:49:9,1
4L441XUPBI,114.545,23.5145,4067904,58,30,0,14-3-29 21:49:22,1
4L441XUPBI,114.547,23.5154,4067906,58,30,0,14-3-29 21:49:34,1
4L441XUPBI,114.548,23.5164,4067909,57,25,0,14-3-29 21:49:47,1
4L441XUPBI,114.55,23.5175,4067911,57,25,0,14-3-29 21:50:0,1
4L441XUPBI,114.552,23.5186,4067913,57,25,0,14-3-29 21:50:13,1
4L441XUPBI,114.554,23.5197,4067915,53,25,0,14-3-29 21:50:26,1
4L441XUPBI,114.555,23.5207,4067917,53,30,0,14-3-29 21:50:40,1
4L441XUPBI,114.557,23.5212,4067919,58,35,0,14-3-29 21:50:53,1
4L441XUPBI,114.559,23.5216,4067922,64,35,0,14-3-29 21:51:5,1
4L441XUPBI,114.561,23.5221,4067924,60,35,0,14-3-29 21:51:17,1
4L441XUPBI,114.563,23.5226,4067926,55,35,0,14-3-29 21:51:30,1
4L441XUPBI,114.565,23.5231,4067928,55,35,0,14-3-29 21:51:43,1
4L441XUPBI,114.567,23.5235,4067930,53,35,0,14-3-29 21:51:57,1
4L441XUPBI,114.571,23.5246,4067935,55,30,0,14-3-29 21:52:23,1
4L441XUPBI,114.573,23.5254,4067937,55,30,0,14-3-29 21:52:36,1
4L441XUPBI,114.575,23.5262,4067939,55,30,0,14-3-29 21:52:49,1
4L441XUPBI,114.577,23.5269,4067941,53,30,0,14-3-29 21:53:2,1
4L441XUPBI,114.578,23.528,4067943,51,15,0,14-3-29 21:53:16,1
4L441XUPBI,114.579,23.5298,4067945,55,5,0,14-3-29 21:53:29,1
4L441XUPBI,114.579,23.5315,4067947,51,5,0,14-3-29 21:53:42,1
4L441XUPBI,114.58,23.5333,4067949,57,5,0,14-3-29 21:53:55,1
4L441XUPBI,114.58,23.5351,4067951,62,5,0,14-3-29 21:54:7,1
4L441XUPBI,114.581,23.5388,4067956,55,5,0,14-3-29 21:54:30,1
4L441XUPBI,114.582,23.5404,4067958,53,15,0,14-3-29 21:54:44,1
4L441XUPBI,114.583,23.5418,4067960,60,20,0,14-3-29 21:54:57,1
4L441XUPBI,114.584,23.5432,4067962,60,20,0,14-3-29 21:55:9,1
4L441XUPBI,114.586,23.5447,4067964,62,20,0,14-3-29 21:55:21,1
4L441XUPBI,114.587,23.5462,4067966,66,20,0,14-3-29 21:55:33,1
4L441XUPBI,114.589,23.5476,4067968,62,20,0,14-3-29 21:55:44,1
4L441XUPBI,114.592,23.5502,4067973,69,20,0,14-3-29 21:56:7,1
4L441XUPBI,114.593,23.5515,4067975,62,20,0,14-3-29 21:56:18,1
4L441XUPBI,114.595,23.5529,4067977,60,20,0,14-3-29 21:56:30,1
4L441XUPBI,114.596,23.5541,4067979,57,25,0,14-3-29 21:56:42,1
4L441XUPBI,114.598,23.5552,4067981,51,25,0,14-3-29 21:56:56,1
4L441XUPBI,114.601,23.5578,4067986,64,20,0,14-3-29 21:57:21,1
4L441XUPBI,114.602,23.5592,4067988,60,20,0,14-3-29 21:57:33,1
4L441XUPBI,114.604,23.5606,4067990,55,20,0,14-3-29 21:57:46,1
4L441XUPBI,114.605,23.5623,4067992,58,10,0,14-3-29 21:57:59,1
4L441XUPBI,114.605,23.564,4067994,60,5,0,14-3-29 21:58:11,1
4L441XUPBI,114.606,23.5657,4067996,57,5,0,14-3-29 21:58:23,1
4L441XUPBI,114.607,23.5675,4067999,57,5,0,14-3-29 21:58:36,1
4L441XUPBI,114.607,23.5693,4068001,55,5,0,14-3-29 21:58:49,1
4L441XUPBI,114.608,23.5711,4068003,55,5,0,14-3-29 21:59:2,1
4L441XUPBI,114.609,23.5728,4068005,57,5,0,14-3-29 21:59:14,1
4L441XUPBI,114.609,23.5748,4068007,23,5,0,14-3-29 22:0:2,1
4L441XUPBI,114.61,23.5765,4068009,44,10,0,14-3-29 22:0:22,1
4L441XUPBI,114.611,23.5784,4068012,57,10,0,14-3-29 22:0:38,1
4L441XUPBI,114.612,23.5797,4068013,60,15,0,14-3-29 22:0:48,1
4L441XUPBI,114.613,23.5812,4068015,57,15,0,14-3-29 22:1:0,1
4L441XUPBI,114.614,23.5827,4068018,55,15,0,14-3-29 22:1:13,1
4L441XUPBI,114.616,23.5843,4068020,58,15,0,14-3-29 22:1:26,1
4L441XUPBI,114.617,23.5859,4068022,57,15,0,14-3-29 22:1:39,1
4L441XUPBI,114.618,23.5875,4068024,60,15,0,14-3-29 22:1:52,1
4L441XUPBI,114.619,23.5891,4068026,58,15,0,14-3-29 22:2:4,1
4L441XUPBI,114.62,23.5906,4068029,53,15,0,14-3-29 22:2:17,1
4L441XUPBI,114.621,23.5922,4068031,44,15,0,14-3-29 22:2:32,1
4L441XUPBI,114.623,23.5937,4068033,44,15,0,14-3-29 22:2:50,1
4L441XUPBI,114.624,23.5952,4068035,51,15,0,14-3-29 22:3:5,1
4L441XUPBI,114.625,23.5967,4068037,57,15,0,14-3-29 22:3:18,1
4L441XUPBI,114.626,23.5982,4068039,60,15,0,14-3-29 22:3:30,1
4L441XUPBI,114.627,23.5998,4068041,58,15,0,14-3-29 22:3:42,1
4L441XUPBI,114.628,23.6013,4068043,57,10,0,14-3-29 22:3:54,1
4L441XUPBI,114.629,23.603,4068045,51,10,0,14-3-29 22:4:7,1
4L441XUPBI,114.63,23.6049,4068048,44,5,0,14-3-29 22:4:23,1
4L441XUPBI,114.63,23.6067,4068050,57,5,0,14-3-29 22:4:37,1
4L441XUPBI,114.63,23.6085,4068052,60,0,0,14-3-29 22:4:49,1
4L441XUPBI,114.631,23.6104,4068054,58,0,0,14-3-29 22:5:1,1
4L441XUPBI,114.631,23.6122,4068056,60,0,0,14-3-29 22:5:13,1
4L441XUPBI,114.631,23.614,4068058,58,0,0,14-3-29 22:5:25,1
4L441XUPBI,114.632,23.6161,4068061,58,5,0,14-3-29 22:5:39,1
4L441XUPBI,114.632,23.6175,4068062,57,10,0,14-3-29 22:5:49,1
4L441XUPBI,114.633,23.6193,4068064,57,10,0,14-3-29 22:6:2,1
4L441XUPBI,114.634,23.621,4068067,58,10,0,14-3-29 22:6:14,1
4L441XUPBI,114.635,23.6225,4068069,58,15,0,14-3-29 22:6:26,1
4L441XUPBI,114.636,23.6241,4068071,57,15,0,14-3-29 22:6:39,1
4L441XUPBI,114.637,23.6257,4068073,53,15,0,14-3-29 22:6:53,1
4L441XUPBI,114.638,23.6272,4068075,57,15,0,14-3-29 22:7:6,1
4L441XUPBI,114.64,23.6287,4068077,57,15,0,14-3-29 22:7:19,1
4L441XUPBI,114.641,23.6301,4068079,62,15,0,14-3-29 22:7:31,1
4L441XUPBI,114.642,23.6316,4068082,58,15,0,14-3-29 22:7:43,1
4L441XUPBI,114.643,23.633,4068084,60,15,0,14-3-29 22:7:55,1
4L441XUPBI,114.645,23.6346,4068086,16,15,0,14-3-29 22:8:13,1
4L441XUPBI,114.646,23.6361,4068088,40,15,0,14-3-29 22:8:50,1
4L441XUPBI,114.647,23.6375,4068090,42,20,0,14-3-29 22:9:9,1
4L441XUPBI,114.648,23.639,4068092,53,15,0,14-3-29 22:9:24,1
4L441XUPBI,114.65,23.6405,4068094,58,15,0,14-3-29 22:9:37,1
4L441XUPBI,114.651,23.642,4068097,62,15,0,14-3-29 22:9:49,1
4L441XUPBI,114.652,23.6437,4068099,62,10,0,14-3-29 22:10:1,1
4L441XUPBI,114.653,23.6455,4068101,58,5,0,14-3-29 22:10:13,1
4L441XUPBI,114.653,23.6473,4068103,57,5,0,14-3-29 22:10:26,1
4L441XUPBI,114.654,23.6493,4068105,55,5,0,14-3-29 22:10:40,1
4L441XUPBI,114.654,23.6512,4068108,27,0,0,14-3-29 22:11:13,1
4L441XUPBI,114.654,23.653,4068110,42,5,0,14-3-29 22:11:32,1
4L441XUPBI,114.655,23.6548,4068112,49,5,0,14-3-29 22:11:47,1
4L441XUPBI,114.655,23.6566,4068114,55,10,0,14-3-29 22:12:1,1
4L441XUPBI,114.656,23.6584,4068116,55,10,0,14-3-29 22:12:14,1
4L441XUPBI,114.657,23.66,4068118,51,15,0,14-3-29 22:12:28,1
4L441XUPBI,114.659,23.6616,4068120,57,15,0,14-3-29 22:12:42,1
4L441XUPBI,114.66,23.6631,4068123,62,20,0,14-3-29 22:12:55,1
4L441XUPBI,114.661,23.6646,4068125,60,15,0,14-3-29 22:13:7,1
4L441XUPBI,114.662,23.6662,4068127,62,15,0,14-3-29 22:13:19,1
4L441XUPBI,114.664,23.6675,4068129,44,35,0,14-3-29 22:13:33,1
4L441XUPBI,114.666,23.6668,4068131,47,55,0,14-3-29 22:13:49,1
4L441XUPBI,114.668,23.6661,4068133,55,50,0,14-3-29 22:14:3,1
4L441XUPBI,114.67,23.6658,4068136,53,45,0,14-3-29 22:14:17,1
4L441XUPBI,114.672,23.6655,4068138,58,45,0,14-3-29 22:14:30,1
4L441XUPBI,114.674,23.6652,4068140,58,50,0,14-3-29 22:14:42,1
4L441XUPBI,114.676,23.6646,4068142,44,55,0,14-3-29 22:14:56,1
4L441XUPBI,114.677,23.6637,4068144,29,60,0,14-3-29 22:15:28,1
4L441XUPBI,114.679,23.6627,4068146,42,60,0,14-3-29 22:15:48,1
4L441XUPBI,114.681,23.6617,4068148,51,60,0,14-3-29 22:16:3,1
4L441XUPBI,114.683,23.6607,4068151,34,60,0,14-3-29 22:16:17,1
4L441XUPBI,114.684,23.6597,4068153,51,60,0,14-3-29 22:16:34,1
4L441XUPBI,114.686,23.6588,4068155,51,60,0,14-3-29 22:16:48,1
4L441XUPBI,114.69,23.6575,4068159,58,40,0,14-3-29 22:17:15,1
4L441XUPBI,114.692,23.658,4068161,60,35,0,14-3-29 22:17:27,1
4L441XUPBI,114.694,23.6586,4068163,62,30,0,14-3-29 22:17:39,1
4L441XUPBI,114.696,23.6594,4068166,62,30,0,14-3-29 22:17:51,1
4L441XUPBI,114.699,23.661,4068170,58,25,0,14-3-29 22:18:15,1
4L441XUPBI,114.701,23.6626,4068172,47,10,0,14-3-29 22:18:29,1
4L441XUPBI,114.701,23.6642,4068174,47,10,0,14-3-29 22:18:44,1
4L441XUPBI,114.702,23.6658,4068176,55,10,0,14-3-29 22:18:58,1
4L441XUPBI,114.703,23.6675,4068178,53,10,0,14-3-29 22:19:11,1
4L441XUPBI,114.704,23.6692,4068180,46,10,0,14-3-29 22:19:26,1
4L441XUPBI,114.705,23.6709,4068183,14,10,0,14-3-29 22:19:48,1
4L441XUPBI,114.706,23.6727,4068185,40,5,0,14-3-29 22:20:50,1
4L441XUPBI,114.706,23.6746,4068187,51,0,0,14-3-29 22:21:6,1
4L441XUPBI,114.706,23.6765,4068189,55,0,0,14-3-29 22:21:20,1
4L441XUPBI,114.707,23.6785,4068191,58,0,0,14-3-29 22:21:33,1
4L441XUPBI,114.707,23.6803,4068193,57,5,0,14-3-29 22:21:45,1
4L441XUPBI,114.708,23.6819,4068195,51,10,0,14-3-29 22:21:58,1
4L441XUPBI,114.709,23.6837,4068198,47,10,0,14-3-29 22:22:14,1
4L441XUPBI,114.712,23.6905,4068206,60,175,0,14-3-29 22:23:5,1
4L441XUPBI,114.712,23.6923,4068208,58,170,0,14-3-29 22:23:17,1
4L441XUPBI,114.711,23.6941,4068211,51,170,0,14-3-29 22:23:30,1
4L441XUPBI,114.711,23.6959,4068213,18,170,0,14-3-29 22:23:51,1
4L441XUPBI,114.71,23.6999,4068217,47,175,0,14-3-29 22:25:3,1
4L441XUPBI,114.71,23.7017,4068219,57,0,0,14-3-29 22:25:17,1
4L441XUPBI,114.71,23.7035,4068221,60,5,0,14-3-29 22:25:29,1
4L441XUPBI,114.71,23.7054,4068223,60,5,0,14-3-29 22:25:41,1
4L441XUPBI,114.711,23.7071,4068225,58,10,0,14-3-29 22:25:53,1
4L441XUPBI,114.712,23.7088,4068228,51,10,0,14-3-29 22:26:6,1
4L441XUPBI,114.713,23.7106,4068230,42,5,0,14-3-29 22:26:22,1
4L441XUPBI,114.713,23.7124,4068232,46,5,0,14-3-29 22:26:41,1
4L441XUPBI,114.714,23.7143,4068234,47,5,0,14-3-29 22:26:56,1
4L441XUPBI,114.714,23.7161,4068236,47,5,0,14-3-29 22:27:11,1
4L441XUPBI,114.715,23.7179,4068238,36,5,0,14-3-29 22:28:28,1
4L441XUPBI,114.715,23.7198,4068241,47,5,0,14-3-29 22:28:45,1
4L441XUPBI,114.716,23.7235,4068245,51,5,0,14-3-29 22:29:13,1
4L441XUPBI,114.717,23.7253,4068247,53,10,0,14-3-29 22:29:27,1
4L441XUPBI,114.718,23.727,4068249,55,10,0,14-3-29 22:29:40,1
4L441XUPBI,114.719,23.7304,4068253,60,10,0,14-3-29 22:30:6,1
4L441XUPBI,114.72,23.7321,4068256,62,10,0,14-3-29 22:30:18,1
4L441XUPBI,114.721,23.7338,4068258,60,10,0,14-3-29 22:30:30,1
4L441XUPBI,114.722,23.7359,4068260,60,10,0,14-3-29 22:30:45,1
4L441XUPBI,114.723,23.7371,4068262,58,10,0,14-3-29 22:30:54,1
4L441XUPBI,114.724,23.7387,4068264,58,15,0,14-3-29 22:31:7,1
4L441XUPBI,114.725,23.7401,4068266,60,20,0,14-3-29 22:31:19,1
4L441XUPBI,114.727,23.7416,4068268,55,20,0,14-3-29 22:31:32,1
4L441XUPBI,114.728,23.743,4068271,55,20,0,14-3-29 22:31:45,1
4L441XUPBI,114.729,23.7445,4068273,55,20,0,14-3-29 22:31:58,1
4L441XUPBI,114.731,23.746,4068275,31,15,0,14-3-29 22:33:6,1
4L441XUPBI,114.732,23.7475,4068277,44,20,0,14-3-29 22:33:25,1
4L441XUPBI,114.733,23.7489,4068279,53,15,0,14-3-29 22:33:40,1
4L441XUPBI,114.735,23.7504,4068281,53,15,0,14-3-29 22:33:53,1
4L441XUPBI,114.736,23.7521,4068284,42,15,0,14-3-29 22:34:13,1
4L441XUPBI,114.738,23.7553,4068288,49,15,0,14-3-29 22:34:47,1
4L441XUPBI,114.739,23.7569,4068290,51,10,0,14-3-29 22:35:1,1
4L441XUPBI,114.74,23.7586,4068292,55,10,0,14-3-29 22:35:15,1
4L441XUPBI,114.741,23.7602,4068294,60,15,0,14-3-29 22:35:28,1
4L441XUPBI,114.742,23.7618,4068297,58,15,0,14-3-29 22:35:40,1
4L441XUPBI,114.744,23.7634,4068299,55,15,0,14-3-29 22:35:54,1
4L441XUPBI,114.745,23.7649,4068301,49,15,0,14-3-29 22:36:7,1
4L441XUPBI,114.739,23.7803,4068321,53,165,0,14-3-29 22:38:26,1
4L441XUPBI,114.734,23.7897,4068333,55,165,0,14-3-29 22:39:40,1
4L441XUPBI,114.733,23.7926,4068337,44,170,0,14-3-29 22:40:3,1
4L441XUPBI,114.735,23.794,4068339,49,30,0,14-3-29 22:40:27,1
4L441XUPBI,114.738,23.7953,4068343,25,30,0,14-3-29 22:40:55,1
4L441XUPBI,114.74,23.7962,4068345,44,30,0,14-3-29 22:41:58,1
4L441XUPBI,114.742,23.7974,4068348,36,30,0,14-3-29 22:42:21,1
4L441XUPBI,114.742,23.799,4068351,38,165,0,14-3-29 22:42:46,1
4L441XUPBI,114.741,23.8008,4068353,47,165,0,14-3-29 22:43:2,1
4L441XUPBI,114.74,23.8025,4068355,53,165,0,14-3-29 22:43:16,1
4L441XUPBI,114.74,23.8042,4068357,49,165,0,14-3-29 22:43:30,1
4L441XUPBI,114.739,23.8059,4068359,34,165,0,14-3-29 22:43:47,1
4L441XUPBI,114.739,23.8075,4068361,23,35,0,14-3-29 22:45:38,1
4L441XUPBI,114.74,23.8079,4068363,36,35,0,14-3-29 22:45:56,1
4L441XUPBI,114.741,23.808,4068364,38,35,0,14-3-29 22:46:1,1
4L441XUPBI,114.743,23.8085,4068366,51,35,0,14-3-29 22:46:17,1
4L441XUPBI,114.745,23.809,4068368,57,35,0,14-3-29 22:46:31,1
4L441XUPBI,114.747,23.8095,4068370,64,35,0,14-3-29 22:46:43,1
4L441XUPBI,114.751,23.8106,4068374,55,35,0,14-3-29 22:47:8,1
4L441XUPBI,114.752,23.8114,4068376,53,20,0,14-3-29 22:47:21,1
4L441XUPBI,114.754,23.8129,4068379,60,15,0,14-3-29 22:47:34,1
4L441XUPBI,114.756,23.8157,4068383,51,15,0,14-3-29 22:47:59,1
4L441XUPBI,114.759,23.8187,4068387,53,15,0,14-3-29 22:48:27,1
4L441XUPBI,114.76,23.8202,4068389,53,15,0,14-3-29 22:48:41,1
4L441XUPBI,114.761,23.8216,4068391,57,15,0,14-3-29 22:48:54,1
4L441XUPBI,114.763,23.823,4068393,55,15,0,14-3-29 22:49:7,1
4L441XUPBI,114.764,23.8244,4068396,53,20,0,14-3-29 22:49:20,1
4L441XUPBI,114.765,23.8259,4068398,53,20,0,14-3-29 22:49:34,1
4L441XUPBI,114.767,23.8271,4068400,46,20,0,14-3-29 22:49:48,1
4L441XUPBI,114.768,23.8282,4068402,46,25,0,14-3-29 22:50:3,1
4L441XUPBI,114.77,23.8294,4068404,20,20,0,14-3-29 22:50:58,1
4L441XUPBI,114.772,23.8308,4068406,46,20,0,14-3-29 22:51:21,1
4L441XUPBI,114.773,23.8319,4068408,53,25,0,14-3-29 22:51:35,1
4L441XUPBI,114.775,23.8332,4068411,58,20,0,14-3-29 22:51:48,1
4L441XUPBI,114.776,23.8348,4068413,55,15,0,14-3-29 22:52:1,1
4L441XUPBI,114.777,23.8363,4068415,46,10,0,14-3-29 22:52:15,1
4L441XUPBI,114.778,23.8377,4068417,42,25,0,14-3-29 22:52:33,1
4L441XUPBI,114.781,23.8401,4068421,69,10,0,14-3-29 22:53:0,1
4L441XUPBI,114.782,23.8417,4068424,71,10,0,14-3-29 22:53:10,1
4L441XUPBI,114.783,23.8434,4068426,71,10,0,14-3-29 22:53:20,1
4L441XUPBI,114.785,23.8467,4068430,68,10,0,14-3-29 22:53:41,1
4L441XUPBI,114.786,23.8484,4068432,66,10,0,14-3-29 22:53:52,1
4L441XUPBI,114.788,23.8519,4068436,66,15,0,14-3-29 22:54:14,1
4L441XUPBI,114.789,23.8534,4068439,71,20,0,14-3-29 22:54:25,1
4L441XUPBI,114.79,23.8547,4068441,69,20,0,14-3-29 22:54:35,1
4L441XUPBI,114.792,23.8562,4068443,66,10,0,14-3-29 22:54:46,1
4L441XUPBI,114.792,23.8579,4068445,66,10,0,14-3-29 22:54:57,1
4L441XUPBI,114.793,23.8597,4068447,68,5,0,14-3-29 22:55:8,1
4L441XUPBI,114.794,23.8615,4068449,66,5,0,14-3-29 22:55:19,1
4L441XUPBI,114.794,23.8633,4068451,62,5,0,14-3-29 22:55:30,1
4L441XUPBI,114.795,23.8651,4068454,60,0,0,14-3-29 22:55:42,1
4L441XUPBI,114.795,23.8676,4068456,60,175,0,14-3-29 22:55:58,1
4L441XUPBI,114.794,23.8688,4068458,58,175,0,14-3-29 22:56:6,1
4L441XUPBI,114.794,23.8706,4068460,58,175,0,14-3-29 22:56:18,1
4L441XUPBI,114.794,23.8724,4068462,58,0,0,14-3-29 22:56:30,1
4L441XUPBI,114.794,23.8742,4068464,60,170,0,14-3-29 22:56:42,1
4L441XUPBI,114.793,23.8759,4068466,60,165,0,14-3-29 22:56:54,1
4L441XUPBI,114.792,23.8777,4068469,55,175,0,14-3-29 22:57:7,1
4L441XUPBI,114.793,23.8794,4068471,44,15,0,14-3-29 22:57:21,1
4L441XUPBI,114.795,23.8808,4068473,34,20,0,14-3-29 22:57:39,1
4L441XUPBI,114.796,23.8823,4068475,44,5,0,14-3-29 22:57:58,1
4L441XUPBI,114.796,23.884,4068477,58,5,0,14-3-29 22:58:12,1
4L441XUPBI,114.797,23.8857,4068479,69,15,0,14-3-29 22:58:23,1
4L441XUPBI,114.8,23.8881,4068483,80,20,0,14-3-29 22:58:42,1
4L441XUPBI,114.801,23.8899,4068485,86,5,0,14-3-29 22:58:51,1
4L441XUPBI,114.801,23.8918,4068488,82,5,0,14-3-29 22:59:0,1
4L441XUPBI,114.802,23.8935,4068490,73,10,0,14-3-29 22:59:9,1
4L441XUPBI,114.803,23.8951,4068492,60,20,0,14-3-29 22:59:20,1
4L441XUPBI,114.805,23.8964,4068494,62,20,0,14-3-29 22:59:32,1
4L441XUPBI,114.806,23.8978,4068496,68,20,0,14-3-29 22:59:43,1
4L441XUPBI,114.807,23.8992,4068498,68,15,0,14-3-29 22:59:54,1
4L441XUPBI,114.808,23.9008,4068500,64,15,0,14-3-29 23:0:5,1
4L441XUPBI,114.809,23.9025,4068503,57,10,0,14-3-29 23:0:17,1
4L441XUPBI,114.81,23.9042,4068505,58,10,0,14-3-29 23:0:29,1
4L441XUPBI,114.811,23.9058,4068507,60,10,0,14-3-29 23:0:41,1
4L441XUPBI,114.812,23.9073,4068509,60,15,0,14-3-29 23:0:53,1
4L441XUPBI,114.814,23.9087,4068511,51,20,0,14-3-29 23:1:6,1
4L441XUPBI,114.815,23.91,4068513,55,15,0,14-3-29 23:1:20,1
4L441XUPBI,114.815,23.9117,4068515,51,175,0,14-3-29 23:1:33,1
4L441XUPBI,114.815,23.9135,4068517,53,175,0,14-3-29 23:1:47,1
4L441XUPBI,114.814,23.9151,4068519,53,155,0,14-3-29 23:2:1,1
4L441XUPBI,114.813,23.9165,4068522,49,160,0,14-3-29 23:2:15,1
4L441XUPBI,114.812,23.9182,4068524,46,0,0,14-3-29 23:2:30,1
4L441XUPBI,114.813,23.9202,4068526,38,5,0,14-3-29 23:2:48,1
4L441XUPBI,114.814,23.9219,4068528,34,15,0,14-3-29 23:3:8,1
4L441XUPBI,114.815,23.9236,4068530,36,0,0,14-3-29 23:3:28,1
4L441XUPBI,114.815,23.9255,4068532,40,0,0,14-3-29 23:3:48,1
4L441XUPBI,114.815,23.9273,4068534,46,5,0,14-3-29 23:4:5,1
4L441XUPBI,114.816,23.9292,4068537,51,0,0,14-3-29 23:4:20,1
4L441XUPBI,114.815,23.9309,4068539,57,170,0,14-3-29 23:4:33,1
4L441XUPBI,114.815,23.9328,4068541,64,165,0,14-3-29 23:4:45,1
4L441XUPBI,114.814,23.9343,4068543,64,170,0,14-3-29 23:4:56,1
4L441XUPBI,114.814,23.9363,4068545,58,0,0,14-3-29 23:5:8,1
4L441XUPBI,114.814,23.938,4068547,44,15,0,14-3-29 23:5:22,1
4L441XUPBI,114.816,23.9397,4068549,34,10,0,14-3-29 23:5:41,1
4L441XUPBI,114.817,23.9416,4068552,38,10,0,14-3-29 23:6:2,1
4L441XUPBI,114.817,23.9435,4068554,46,170,0,14-3-29 23:6:20,1
4L441XUPBI,114.817,23.9452,4068556,51,170,0,14-3-29 23:6:35,1
4L441XUPBI,114.816,23.9468,4068558,57,155,0,14-3-29 23:6:49,1
4L441XUPBI,114.814,23.9477,4068560,71,135,0,14-3-29 23:7:1,1
4L441XUPBI,114.812,23.9479,4068563,79,135,0,14-3-29 23:7:11,1
4L441XUPBI,114.81,23.9487,4068565,69,155,0,14-3-29 23:7:20,1
4L441XUPBI,114.809,23.9504,4068567,60,170,0,14-3-29 23:7:32,1
4L441XUPBI,114.809,23.9522,4068569,69,170,0,14-3-29 23:7:43,1
4L441XUPBI,114.808,23.954,4068571,73,170,0,14-3-29 23:7:53,1
4L441XUPBI,114.808,23.9558,4068573,69,175,0,14-3-29 23:8:3,1
4L441XUPBI,114.807,23.9577,4068575,64,175,0,14-3-29 23:8:14,1
4L441XUPBI,114.807,23.9596,4068578,57,175,0,14-3-29 23:8:26,1
4L441XUPBI,114.808,23.9615,4068580,47,5,0,14-3-29 23:8:40,1
4L441XUPBI,114.807,23.9652,4068584,75,175,0,14-3-29 23:9:5,1
4L441XUPBI,114.807,23.9671,4068586,71,175,0,14-3-29 23:9:15,1
4L441XUPBI,114.807,23.9689,4068588,71,10,0,14-3-29 23:9:25,1
4L441XUPBI,114.808,23.9706,4068590,75,10,0,14-3-29 23:9:35,1
4L441XUPBI,114.809,23.9728,4068593,88,5,0,14-3-29 23:9:45,1
4L441XUPBI,114.81,23.9744,4068595,75,0,0,14-3-29 23:9:54,1
4L441XUPBI,114.807,23.9771,4068599,71,150,0,14-3-29 23:10:14,1
4L441XUPBI,114.806,23.9782,4068601,73,150,0,14-3-29 23:10:24,1
4L441XUPBI,114.801,23.9801,4068606,75,145,0,14-3-29 23:10:45,1
4L441XUPBI,114.8,23.9811,4068608,68,160,0,14-3-29 23:10:55,1
4L441XUPBI,114.799,23.9827,4068610,64,160,0,14-3-29 23:11:6,1
4L441XUPBI,114.798,23.9843,4068612,68,170,0,14-3-29 23:11:17,1
4L441XUPBI,114.798,23.9862,4068614,68,0,0,14-3-29 23:11:27,1
4L441XUPBI,114.798,23.9881,4068617,64,170,0,14-3-29 23:11:38,1
4L441XUPBI,114.797,23.9899,4068619,62,160,0,14-3-29 23:11:51,1
4L441XUPBI,114.796,23.9914,4068621,66,160,0,14-3-29 23:12:2,1
4L441XUPBI,114.795,23.993,4068623,51,165,0,14-3-29 23:12:14,1
4L441XUPBI,114.794,23.9947,4068625,62,165,0,14-3-29 23:12:27,1
4L441XUPBI,114.793,23.9964,4068627,66,175,0,14-3-29 23:12:38,1
4L441XUPBI,114.793,23.9983,4068629,69,175,0,14-3-29 23:12:49,1
4L441XUPBI,114.792,24.0002,4068632,68,165,0,14-3-29 23:13:0,1
4L441XUPBI,114.791,24.0019,4068634,69,165,0,14-3-29 23:13:11,1
4L441XUPBI,114.791,24.0037,4068636,64,0,0,14-3-29 23:13:22,1
4L441XUPBI,114.791,24.0055,4068638,68,0,0,14-3-29 23:13:33,1
4L441XUPBI,114.791,24.0075,4068640,62,0,0,14-3-29 23:13:45,1
4L441XUPBI,114.791,24.0093,4068643,58,0,0,14-3-29 23:13:56,1
4L441XUPBI,114.792,24.0112,4068645,58,0,0,14-3-29 23:14:9,1
4L441XUPBI,114.793,24.0126,4068647,62,20,0,14-3-29 23:14:21,1
4L441XUPBI,114.794,24.0138,4068649,55,20,0,14-3-29 23:14:33,1
4L441XUPBI,114.796,24.0147,4068651,47,35,0,14-3-29 23:14:47,1
4L441XUPBI,114.798,24.0152,4068653,47,30,0,14-3-29 23:15:2,1
4L441XUPBI,114.798,24.0165,4068655,31,155,0,14-3-29 23:15:35,1
4L441XUPBI,114.797,24.0179,4068658,44,155,0,14-3-29 23:15:54,1
4L441XUPBI,114.795,24.0193,4068660,53,155,0,14-3-29 23:16:10,1
4L441XUPBI,114.794,24.0205,4068662,55,145,0,14-3-29 23:16:23,1
4L441XUPBI,114.792,24.0213,4068664,42,150,0,14-3-29 23:16:40,1
4L441XUPBI,114.791,24.0229,4068666,51,170,0,14-3-29 23:16:55,1
4L441XUPBI,114.79,24.0247,4068668,51,165,0,14-3-29 23:17:9,1
4L441XUPBI,114.789,24.0263,4068670,53,160,0,14-3-29 23:17:23,1
4L441XUPBI,114.788,24.0279,4068673,51,160,0,14-3-29 23:17:37,1
4L441XUPBI,114.787,24.0294,4068675,49,165,0,14-3-29 23:17:51,1
4L441XUPBI,114.786,24.0312,4068677,57,175,0,14-3-29 23:18:5,1
4L441XUPBI,114.786,24.033,4068679,60,175,0,14-3-29 23:18:17,1
4L441XUPBI,114.786,24.0349,4068681,46,175,0,14-3-29 23:18:31,1
4L441XUPBI,114.786,24.0367,4068683,57,0,0,14-3-29 23:18:45,1
4L441XUPBI,114.786,24.0385,4068685,64,5,0,14-3-29 23:18:57,1
4L441XUPBI,114.787,24.0404,4068687,68,175,0,14-3-29 23:19:8,1
4L441XUPBI,114.787,24.0423,4068690,68,175,0,14-3-29 23:19:19,1
4L441XUPBI,114.786,24.0442,4068692,62,170,0,14-3-29 23:19:30,1
4L441XUPBI,114.785,24.0461,4068694,49,165,0,14-3-29 23:19:45,1
4L441XUPBI,114.785,24.0477,4068696,55,170,0,14-3-29 23:19:58,1
4L441XUPBI,114.785,24.0495,4068698,64,10,0,14-3-29 23:20:11,1
4L441XUPBI,114.785,24.0513,4068701,62,170,0,14-3-29 23:20:22,1
4L441XUPBI,114.785,24.0531,4068703,58,175,0,14-3-29 23:20:34,1
4L441XUPBI,114.785,24.0549,4068705,51,5,0,14-3-29 23:20:47,1
4L441XUPBI,114.785,24.0572,4068707,55,0,0,14-3-29 23:21:4,1
4L441XUPBI,114.785,24.0586,4068709,60,0,0,14-3-29 23:21:14,1
4L441XUPBI,114.786,24.0605,4068711,64,0,0,14-3-29 23:21:26,1
4L441XUPBI,114.786,24.0624,4068713,66,0,0,14-3-29 23:21:37,1
4L441XUPBI,114.786,24.0643,4068716,55,0,0,14-3-29 23:21:49,1
4L441XUPBI,114.786,24.0662,4068718,64,5,0,14-3-29 23:22:2,1
4L441XUPBI,114.787,24.068,4068720,73,5,0,14-3-29 23:22:13,1
4L441XUPBI,114.787,24.0699,4068722,75,5,0,14-3-29 23:22:23,1
4L441XUPBI,114.788,24.0717,4068724,69,170,0,14-3-29 23:22:33,1
4L441XUPBI,114.787,24.0737,4068727,62,170,0,14-3-29 23:22:45,1
4L441XUPBI,114.787,24.0754,4068729,58,5,0,14-3-29 23:22:56,1
4L441XUPBI,114.788,24.0773,4068731,58,10,0,14-3-29 23:23:10,1
4L441XUPBI,114.789,24.0789,4068733,58,0,0,14-3-29 23:23:21,1
4L441XUPBI,114.788,24.0806,4068735,58,170,0,14-3-29 23:23:33,1
4L441XUPBI,114.788,24.0824,4068737,58,170,0,14-3-29 23:23:45,1
4L441XUPBI,114.787,24.0842,4068739,58,165,0,14-3-29 23:23:57,1
4L441XUPBI,114.786,24.0857,4068741,51,160,0,14-3-29 23:24:9,1
4L441XUPBI,114.785,24.0874,4068743,11,160,0,14-3-29 23:24:31,1
4L441XUPBI,114.784,24.0892,4068746,18,165,0,14-3-29 23:25:28,1
4L441XUPBI,114.782,24.0917,4068749,47,155,0,14-3-29 23:26:5,1
4L441XUPBI,114.782,24.0923,4068750,53,155,0,14-3-29 23:26:11,1
4L441XUPBI,114.78,24.0938,4068752,60,160,0,14-3-29 23:26:24,1
4L441XUPBI,114.779,24.0952,4068754,62,160,0,14-3-29 23:26:36,1
4L441XUPBI,114.778,24.0967,4068756,71,160,0,14-3-29 23:26:47,1
4L441XUPBI,114.777,24.0983,4068758,68,165,0,14-3-29 23:26:57,1
4L441XUPBI,114.776,24.1002,4068761,57,165,0,14-3-29 23:27:9,1
4L441XUPBI,114.775,24.1019,4068763,49,170,0,14-3-29 23:27:23,1
4L441XUPBI,114.774,24.1036,4068765,60,160,0,14-3-29 23:27:37,1
4L441XUPBI,114.773,24.1053,4068767,64,160,0,14-3-29 23:27:49,1
4L441XUPBI,114.772,24.1069,4068769,57,155,0,14-3-29 23:28:1,1
4L441XUPBI,114.77,24.1077,4068771,53,140,0,14-3-29 23:28:14,1
4L441XUPBI,114.768,24.1082,4068774,40,140,0,14-3-29 23:28:29,1
4L441XUPBI,114.766,24.1088,4068776,42,140,0,14-3-29 23:28:47,1
4L441XUPBI,114.764,24.1095,4068778,44,150,0,14-3-29 23:29:4,1
4L441XUPBI,114.763,24.1111,4068780,51,175,0,14-3-29 23:29:19,1
4L441XUPBI,114.764,24.1129,4068782,53,0,0,14-3-29 23:29:33,1
4L441XUPBI,114.764,24.1148,4068784,53,0,0,14-3-29 23:29:47,1
4L441XUPBI,114.764,24.1167,4068787,60,175,0,14-3-29 23:30:0,1
4L441XUPBI,114.764,24.1186,4068789,64,170,0,14-3-29 23:30:12,1
4L441XUPBI,114.763,24.1223,4068793,69,170,0,14-3-29 23:30:33,1
4L441XUPBI,114.762,24.1243,4068795,62,170,0,14-3-29 23:30:45,1
4L441XUPBI,114.762,24.1274,4068799,58,170,0,14-3-29 23:31:6,1
4L441XUPBI,114.762,24.1277,4068799,58,170,0,14-3-29 23:31:8,1
4L441XUPBI,114.761,24.1294,4068802,62,165,0,14-3-29 23:31:20,1
4L441XUPBI,114.76,24.131,4068804,60,165,0,14-3-29 23:31:32,1
4L441XUPBI,114.757,24.1362,4068810,57,165,0,14-3-29 23:32:6,1
4L441XUPBI,114.756,24.1379,4068812,53,170,0,14-3-29 23:32:19,1
4L441XUPBI,114.756,24.1398,4068814,22,170,0,14-3-29 23:32:51,1
4L441XUPBI,114.755,24.1416,4068817,22,170,0,14-3-29 23:33:18,1
4L441XUPBI,114.755,24.1435,4068819,51,175,0,14-3-29 23:33:39,1
4L441XUPBI,114.755,24.1454,4068821,60,175,0,14-3-29 23:33:52,1
4L441XUPBI,114.755,24.1472,4068823,62,175,0,14-3-29 23:34:4,1
4L441XUPBI,114.755,24.1491,4068825,53,175,0,14-3-29 23:34:16,1
4L441XUPBI,114.755,24.1511,4068827,49,175,0,14-3-29 23:34:31,1
4L441XUPBI,114.754,24.1529,4068829,57,165,0,14-3-29 23:34:45,1
4L441XUPBI,114.753,24.1545,4068832,58,165,0,14-3-29 23:34:57,1
4L441XUPBI,114.752,24.158,4068836,62,170,0,14-3-29 23:35:21,1
4L441XUPBI,114.751,24.1598,4068838,60,170,0,14-3-29 23:35:33,1
4L441XUPBI,114.75,24.1616,4068840,60,170,0,14-3-29 23:35:45,1
4L441XUPBI,114.75,24.1634,4068842,64,170,0,14-3-29 23:35:57,1
4L441XUPBI,114.749,24.1651,4068845,66,170,0,14-3-29 23:36:8,1
4L441XUPBI,114.749,24.1671,4068847,66,0,0,14-3-29 23:36:20,1
4L441XUPBI,114.749,24.1691,4068849,64,5,0,14-3-29 23:36:32,1
4L441XUPBI,114.75,24.1725,4068853,64,0,0,14-3-29 23:36:53,1
4L441XUPBI,114.75,24.1744,4068855,60,170,0,14-3-29 23:37:5,1
4L441XUPBI,114.749,24.1761,4068858,58,160,0,14-3-29 23:37:17,1
4L441XUPBI,114.748,24.1776,4068860,57,160,0,14-3-29 23:37:30,1
4L441XUPBI,114.746,24.1795,4068862,55,160,0,14-3-29 23:37:46,1
4L441XUPBI,114.745,24.1811,4068865,55,160,0,14-3-29 23:38:0,1
4L441XUPBI,114.743,24.1824,4068867,62,145,0,14-3-29 23:38:13,1
4L441XUPBI,114.741,24.1832,4068870,66,140,0,14-3-29 23:38:28,1
4L441XUPBI,114.739,24.184,4068872,58,150,0,14-3-29 23:38:41,1
4L441XUPBI,114.737,24.1853,4068874,51,160,0,14-3-29 23:38:53,1
4L441XUPBI,114.736,24.1868,4068876,40,160,0,14-3-29 23:39:9,1
4L441XUPBI,114.735,24.1883,4068878,42,160,0,14-3-29 23:39:27,1
4L441XUPBI,114.733,24.1898,4068881,46,155,0,14-3-29 23:39:45,1
4L441XUPBI,114.732,24.1912,4068883,42,155,0,14-3-29 23:40:1,1
4L441XUPBI,114.731,24.1927,4068885,49,160,0,14-3-29 23:40:17,1
4L441XUPBI,114.729,24.1943,4068887,42,160,0,14-3-29 23:40:33,1
4L441XUPBI,114.728,24.1958,4068889,44,160,0,14-3-29 23:40:50,1
4L441XUPBI,114.727,24.1974,4068892,46,155,0,14-3-29 23:41:8,1
4L441XUPBI,114.726,24.1987,4068893,44,170,0,14-3-29 23:41:21,1
4L441XUPBI,114.725,24.2005,4068896,42,170,0,14-3-29 23:41:38,1
4L441XUPBI,114.726,24.2015,4068898,40,30,0,14-3-29 23:42:1,1
4L441XUPBI,114.728,24.2022,4068900,53,30,0,14-3-29 23:42:16,1
4L441XUPBI,114.732,24.2036,4068904,68,30,0,14-3-29 23:42:40,1
4L441XUPBI,114.736,24.2051,4068909,60,25,0,14-3-29 23:43:3,1
4L441XUPBI,114.737,24.2063,4068911,57,20,0,14-3-29 23:43:15,1
4L441XUPBI,114.739,24.2075,4068913,57,20,0,14-3-29 23:43:28,1
4L441XUPBI,114.74,24.2087,4068915,64,20,0,14-3-29 23:43:40,1
4L441XUPBI,114.742,24.2099,4068917,57,20,0,14-3-29 23:43:52,1
4L441XUPBI,114.744,24.2112,4068919,55,25,0,14-3-29 23:44:6,1
4L441XUPBI,114.745,24.2125,4068922,60,25,0,14-3-29 23:44:19,1
4L441XUPBI,114.747,24.2134,4068924,58,35,0,14-3-29 23:44:31,1
4L441XUPBI,114.749,24.2138,4068926,58,40,0,14-3-29 23:44:45,1
4L441XUPBI,114.751,24.2138,4068928,57,50,0,14-3-29 23:44:56,1
4L441XUPBI,114.753,24.2132,4068930,60,50,0,14-3-29 23:45:9,1
4L441XUPBI,114.755,24.2126,4068932,64,50,0,14-3-29 23:45:21,1
4L441XUPBI,114.757,24.212,4068935,60,50,0,14-3-29 23:45:33,1
4L441XUPBI,114.759,24.211,4068937,60,60,0,14-3-29 23:45:45,1
4L441XUPBI,114.763,24.2105,4068941,55,45,0,14-3-29 23:46:12,1
4L441XUPBI,114.765,24.2105,4068943,64,45,0,14-3-29 23:46:24,1
4L441XUPBI,114.767,24.2106,4068945,62,40,0,14-3-29 23:46:36,1
4L441XUPBI,114.769,24.2108,4068948,58,40,0,14-3-29 23:46:49,1
4L441XUPBI,114.771,24.211,4068950,58,40,0,14-3-29 23:47:0,1
4L441XUPBI,114.773,24.2115,4068952,58,35,0,14-3-29 23:47:12,1
4L441XUPBI,114.775,24.2121,4068954,57,35,0,14-3-29 23:47:24,1
4L441XUPBI,114.777,24.2123,4068956,58,40,0,14-3-29 23:47:36,1
4L441XUPBI,114.779,24.2127,4068958,58,30,0,14-3-29 23:47:48,1
4L441XUPBI,114.78,24.2136,4068960,57,25,0,14-3-29 23:48:0,1
4L441XUPBI,114.782,24.2146,4068962,58,30,0,14-3-29 23:48:13,1
4L441XUPBI,114.784,24.2153,4068964,62,30,0,14-3-29 23:48:25,1
4L441XUPBI,114.786,24.2166,4068967,60,20,0,14-3-29 23:48:37,1
4L441XUPBI,114.787,24.2177,4068969,57,25,0,14-3-29 23:48:49,1
4L441XUPBI,114.789,24.219,4068971,58,20,0,14-3-29 23:49:2,1
4L441XUPBI,114.79,24.2204,4068973,64,20,0,14-3-29 23:49:14,1
4L441XUPBI,114.791,24.2219,4068975,64,20,0,14-3-29 23:49:26,1
4L441XUPBI,114.793,24.2232,4068977,66,25,0,14-3-29 23:49:37,1
4L441XUPBI,114.795,24.2243,4068979,64,20,0,14-3-29 23:49:48,1
4L441XUPBI,114.796,24.2256,4068981,66,20,0,14-3-29 23:49:59,1
4L441XUPBI,114.798,24.2265,4068984,66,30,0,14-3-29 23:50:11,1
4L441XUPBI,114.8,24.2272,4068986,64,30,0,14-3-29 23:50:21,1
4L441XUPBI,114.801,24.2281,4068988,66,30,0,14-3-29 23:50:32,1
4L441XUPBI,114.804,24.2287,4068990,64,45,0,14-3-29 23:50:45,1
4L441XUPBI,114.806,24.2286,4068992,68,45,0,14-3-29 23:50:55,1
4L441XUPBI,114.81,24.2286,4068997,66,45,0,14-3-29 23:51:17,1
4L441XUPBI,114.812,24.229,4068999,64,30,0,14-3-29 23:51:29,1
4L441XUPBI,114.813,24.2303,4069001,66,15,0,14-3-29 23:51:41,1
4L441XUPBI,114.815,24.2319,4069003,66,15,0,14-3-29 23:51:52,1
4L441XUPBI,114.816,24.2334,4069005,62,20,0,14-3-29 23:52:3,1
4L441XUPBI,114.817,24.2347,4069008,60,20,0,14-3-29 23:52:15,1
4L441XUPBI,114.819,24.236,4069010,58,20,0,14-3-29 23:52:27,1
4L441XUPBI,114.82,24.2374,4069012,58,20,0,14-3-29 23:52:39,1
4L441XUPBI,114.822,24.2385,4069014,57,25,0,14-3-29 23:52:51,1
4L441XUPBI,114.823,24.2397,4069016,53,20,0,14-3-29 23:53:4,1
4L441XUPBI,114.825,24.2407,4069018,57,30,0,14-3-29 23:53:18,1
4L441XUPBI,114.828,24.2426,4069022,66,25,0,14-3-29 23:53:41,1
4L441XUPBI,114.83,24.2435,4069025,68,30,0,14-3-29 23:53:52,1
4L441XUPBI,114.832,24.2442,4069027,69,30,0,14-3-29 23:54:3,1
4L441XUPBI,114.834,24.2448,4069029,66,30,0,14-3-29 23:54:14,1
4L441XUPBI,114.836,24.2455,4069031,62,30,0,14-3-29 23:54:25,1
4L441XUPBI,114.838,24.2465,4069033,55,25,0,14-3-29 23:54:37,1
4L441XUPBI,114.839,24.2477,4069035,55,25,0,14-3-29 23:54:51,1
4L441XUPBI,114.841,24.2489,4069037,64,25,0,14-3-29 23:55:3,1
4L441XUPBI,114.843,24.2501,4069040,64,25,0,14-3-29 23:55:15,1
4L441XUPBI,114.844,24.2512,4069042,66,25,0,14-3-29 23:55:26,1
4L441XUPBI,114.846,24.2525,4069044,64,15,0,14-3-29 23:55:38,1
4L441XUPBI,114.847,24.2543,4069046,62,10,0,14-3-29 23:55:50,1
4L441XUPBI,114.847,24.2561,4069049,64,10,0,14-3-29 23:56:2,1
4L441XUPBI,114.848,24.258,4069051,58,0,0,14-3-29 23:56:14,1
4L441XUPBI,114.848,24.2598,4069053,53,10,0,14-3-29 23:56:27,1
4L441XUPBI,114.849,24.2612,4069055,58,30,0,14-3-29 23:56:40,1
4L441XUPBI,114.851,24.2614,4069057,58,45,0,14-3-29 23:56:52,1
4L441XUPBI,114.853,24.2615,4069059,60,35,0,14-3-29 23:57:4,1
4L441XUPBI,114.855,24.2625,4069061,55,20,0,14-3-29 23:57:16,1
4L441XUPBI,114.856,24.2639,4069063,62,20,0,14-3-29 23:57:28,1
4L441XUPBI,114.858,24.2651,4069066,62,30,0,14-3-29 23:57:40,1
4L441XUPBI,114.86,24.2654,4069068,68,35,0,14-3-29 23:57:51,1
4L441XUPBI,114.862,24.266,4069070,68,35,0,14-3-29 23:58:2,1
4L441XUPBI,114.864,24.2665,4069072,73,35,0,14-3-29 23:58:12,1
4L441XUPBI,114.866,24.2671,4069074,69,35,0,14-3-29 23:58:22,1
4L441XUPBI,114.867,24.2679,4069076,60,20,0,14-3-29 23:58:33,1
4L441XUPBI,114.869,24.2693,4069078,57,20,0,14-3-29 23:58:46,1
4L441XUPBI,114.87,24.2707,4069081,57,20,0,14-3-29 23:58:59,1
4L441XUPBI,114.871,24.2723,4069083,60,10,0,14-3-29 23:59:11,1
4L441XUPBI,114.872,24.2741,4069085,64,10,0,14-3-29 23:59:23,1
4L441XUPBI,114.873,24.2758,4069087,68,5,0,14-3-29 23:59:34,1
4L441XUPBI,114.873,24.2777,4069089,66,175,0,14-3-29 23:59:45,1
4L441XUPBI,114.873,24.2796,4069091,69,0,0,14-3-29 23:59:56,1
