4X6PS1B4GU,120.669,31.2788,38492,0,0,0,14-3-28 0:1:34,1
4X6PS1B4GU,120.669,31.2788,38492,0,0,0,14-3-28 0:3:34,1
4X6PS1B4GU,120.669,31.2788,38492,0,0,0,14-3-28 0:5:34,1
4X6PS1B4GU,120.669,31.2788,38492,0,0,0,14-3-28 0:7:34,1
4X6PS1B4GU,120.669,31.2789,38492,0,0,0,14-3-28 0:9:34,1
4X6PS1B4GU,120.669,31.2788,38492,0,0,0,14-3-28 0:11:34,1
4X6PS1B4GU,120.669,31.2789,38492,0,0,0,14-3-28 0:13:34,1
4X6PS1B4GU,120.669,31.2789,38492,0,0,0,14-3-28 0:15:34,1
4X6PS1B4GU,120.669,31.2789,38492,0,0,0,14-3-28 0:17:34,1
4X6PS1B4GU,120.669,31.2789,38492,0,0,0,14-3-28 0:19:34,1
4X6PS1B4GU,120.669,31.2788,38492,0,0,0,14-3-28 0:21:34,1
4X6PS1B4GU,120.669,31.2789,38492,0,0,0,14-3-28 0:23:34,1
4X6PS1B4GU,120.669,31.2789,38492,0,0,0,14-3-28 0:25:34,1
4X6PS1B4GU,120.669,31.2789,38492,0,0,0,14-3-28 0:27:34,1
4X6PS1B4GU,120.669,31.2788,38492,0,0,0,14-3-28 0:29:34,1
4X6PS1B4GU,120.669,31.2789,38492,0,0,0,14-3-28 0:31:34,1
4X6PS1B4GU,120.669,31.2789,38492,0,0,0,14-3-28 0:33:34,1
4X6PS1B4GU,120.669,31.2789,38492,0,0,0,14-3-28 0:35:34,1
4X6PS1B4GU,120.669,31.2788,38492,0,0,0,14-3-28 0:37:34,1
4X6PS1B4GU,120.669,31.2789,38492,0,0,0,14-3-28 0:39:34,1
4X6PS1B4GU,120.669,31.2789,38492,0,0,0,14-3-28 0:41:34,1
4X6PS1B4GU,120.669,31.2788,38492,0,0,0,14-3-28 0:43:34,1
4X6PS1B4GU,120.669,31.2788,38492,0,0,0,14-3-28 0:45:34,1
4X6PS1B4GU,120.669,31.2788,38492,0,0,0,14-3-28 0:47:34,1
4X6PS1B4GU,120.669,31.2789,38492,0,0,0,14-3-28 0:49:34,1
4X6PS1B4GU,120.669,31.2788,38492,0,0,0,14-3-28 0:51:34,1
4X6PS1B4GU,120.669,31.2788,38492,0,0,0,14-3-28 0:53:34,1
4X6PS1B4GU,120.669,31.2788,38492,0,0,0,14-3-28 0:55:34,1
4X6PS1B4GU,120.669,31.2788,38492,0,0,0,14-3-28 0:57:34,1
4X6PS1B4GU,120.669,31.2788,38492,0,0,0,14-3-28 0:59:34,1
4X6PS1B4GU,120.669,31.2788,38492,0,0,0,14-3-28 1:1:34,1
4X6PS1B4GU,120.669,31.2788,38492,0,0,0,14-3-28 1:3:34,1
4X6PS1B4GU,120.669,31.2787,38492,0,0,0,14-3-28 1:5:34,1
4X6PS1B4GU,120.669,31.2787,38492,0,0,0,14-3-28 1:7:34,1
4X6PS1B4GU,120.669,31.2788,38492,0,0,0,14-3-28 1:9:34,1
4X6PS1B4GU,120.669,31.2787,38492,0,0,0,14-3-28 1:11:34,1
4X6PS1B4GU,120.669,31.2788,38492,0,0,0,14-3-28 1:13:34,1
4X6PS1B4GU,120.669,31.2787,38492,0,0,0,14-3-28 1:15:34,1
4X6PS1B4GU,120.669,31.2788,38492,0,0,0,14-3-28 1:17:34,1
4X6PS1B4GU,120.669,31.2788,38492,0,0,0,14-3-28 1:19:34,1
4X6PS1B4GU,120.669,31.2788,38492,0,0,0,14-3-28 1:21:34,1
4X6PS1B4GU,120.669,31.2788,38492,0,0,0,14-3-28 1:23:34,1
4X6PS1B4GU,120.669,31.2787,38492,0,0,0,14-3-28 1:25:34,1
4X6PS1B4GU,120.669,31.2788,38492,0,0,0,14-3-28 1:27:34,1
4X6PS1B4GU,120.669,31.2789,38492,0,0,0,14-3-28 1:29:34,1
4X6PS1B4GU,120.669,31.2788,38492,0,0,0,14-3-28 1:31:34,1
4X6PS1B4GU,120.669,31.2788,38492,0,0,0,14-3-28 1:33:34,1
4X6PS1B4GU,120.669,31.2788,38492,0,0,0,14-3-28 1:35:34,1
4X6PS1B4GU,120.669,31.2788,38492,0,0,0,14-3-28 1:37:34,1
4X6PS1B4GU,120.669,31.2788,38492,0,0,0,14-3-28 1:39:34,1
4X6PS1B4GU,120.669,31.2788,38492,0,0,0,14-3-28 1:41:34,1
4X6PS1B4GU,120.669,31.2788,38492,0,0,0,14-3-28 1:43:34,1
4X6PS1B4GU,120.669,31.2788,38492,0,0,0,14-3-28 1:45:34,1
4X6PS1B4GU,120.669,31.2788,38492,0,0,0,14-3-28 1:47:34,1
4X6PS1B4GU,120.669,31.2788,38492,0,0,0,14-3-28 1:49:34,1
4X6PS1B4GU,120.669,31.2788,38492,0,0,0,14-3-28 1:51:34,1
4X6PS1B4GU,120.669,31.2788,38492,0,0,0,14-3-28 1:53:34,1
4X6PS1B4GU,120.669,31.2788,38492,0,0,0,14-3-28 1:55:34,1
4X6PS1B4GU,120.669,31.2788,38492,0,0,0,14-3-28 1:57:34,1
4X6PS1B4GU,120.669,31.2788,38492,0,0,0,14-3-28 1:59:34,1
4X6PS1B4GU,120.669,31.2788,38492,0,0,0,14-3-28 2:1:34,1
4X6PS1B4GU,120.669,31.2788,38492,0,0,0,14-3-28 2:3:34,1
4X6PS1B4GU,120.669,31.2788,38492,0,0,0,14-3-28 2:5:34,1
4X6PS1B4GU,120.669,31.2788,38492,0,0,0,14-3-28 2:7:34,1
4X6PS1B4GU,120.669,31.2788,38492,0,0,0,14-3-28 2:9:34,1
4X6PS1B4GU,120.669,31.2788,38492,0,0,0,14-3-28 2:11:34,1
4X6PS1B4GU,120.669,31.2789,38492,0,0,0,14-3-28 2:13:34,1
4X6PS1B4GU,120.669,31.2789,38492,0,0,0,14-3-28 2:15:34,1
4X6PS1B4GU,120.669,31.2788,38492,0,0,0,14-3-28 2:17:34,1
4X6PS1B4GU,120.669,31.2788,38492,0,0,0,14-3-28 2:19:34,1
4X6PS1B4GU,120.669,31.2788,38492,0,0,0,14-3-28 2:21:34,1
4X6PS1B4GU,120.669,31.2789,38492,0,0,0,14-3-28 2:23:34,1
4X6PS1B4GU,120.669,31.2789,38492,0,0,0,14-3-28 2:25:34,1
4X6PS1B4GU,120.669,31.2789,38492,0,0,0,14-3-28 2:27:34,1
4X6PS1B4GU,120.669,31.2789,38492,0,0,0,14-3-28 2:29:34,1
4X6PS1B4GU,120.669,31.2789,38492,0,0,0,14-3-28 2:31:34,1
4X6PS1B4GU,120.669,31.2789,38492,0,0,0,14-3-28 2:33:34,1
4X6PS1B4GU,120.669,31.2789,38492,0,0,0,14-3-28 2:35:34,1
4X6PS1B4GU,120.669,31.2789,38492,0,0,0,14-3-28 2:37:34,1
4X6PS1B4GU,120.669,31.2788,38492,0,0,0,14-3-28 4:2:37,1
4X6PS1B4GU,120.669,31.2788,38492,0,0,0,14-3-28 4:4:37,1
4X6PS1B4GU,120.669,31.2788,38492,0,0,0,14-3-28 4:6:37,1
4X6PS1B4GU,120.669,31.2788,38492,0,0,0,14-3-28 4:8:37,1
4X6PS1B4GU,120.669,31.2788,38492,0,0,0,14-3-28 4:10:37,1
4X6PS1B4GU,120.669,31.2788,38492,0,0,0,14-3-28 4:12:37,1
4X6PS1B4GU,120.669,31.2788,38492,0,0,0,14-3-28 4:14:37,1
4X6PS1B4GU,120.669,31.2788,38492,0,0,0,14-3-28 4:16:37,1
4X6PS1B4GU,120.669,31.2788,38492,0,0,0,14-3-28 4:18:37,1
4X6PS1B4GU,120.669,31.2788,38492,0,0,0,14-3-28 4:20:37,1
4X6PS1B4GU,120.669,31.2788,38492,0,0,0,14-3-28 4:22:37,1
4X6PS1B4GU,120.669,31.2788,38492,0,0,0,14-3-28 4:24:37,1
4X6PS1B4GU,120.669,31.2788,38492,0,0,0,14-3-28 4:26:37,1
4X6PS1B4GU,120.669,31.2788,38492,0,0,0,14-3-28 4:28:37,1
4X6PS1B4GU,120.669,31.2787,38492,0,0,0,14-3-28 4:30:37,1
4X6PS1B4GU,120.669,31.2787,38492,0,0,0,14-3-28 4:32:37,1
4X6PS1B4GU,120.669,31.2787,38492,0,0,0,14-3-28 4:34:37,1
4X6PS1B4GU,120.669,31.2788,38492,0,0,0,14-3-28 4:36:37,1
4X6PS1B4GU,120.669,31.2788,38492,0,0,0,14-3-28 4:38:37,1
4X6PS1B4GU,120.669,31.2787,38492,0,0,0,14-3-28 4:40:37,1
4X6PS1B4GU,120.669,31.2787,38492,0,0,0,14-3-28 4:42:37,1
4X6PS1B4GU,120.669,31.2787,38492,0,0,0,14-3-28 4:44:37,1
4X6PS1B4GU,120.669,31.2787,38492,0,0,0,14-3-28 4:46:37,1
4X6PS1B4GU,120.669,31.2787,38492,0,0,0,14-3-28 4:48:37,1
4X6PS1B4GU,120.669,31.2787,38492,0,0,0,14-3-28 4:50:37,1
4X6PS1B4GU,120.669,31.2787,38492,0,0,0,14-3-28 4:52:37,1
4X6PS1B4GU,120.669,31.2787,38492,0,0,0,14-3-28 4:54:37,1
4X6PS1B4GU,120.669,31.2787,38492,0,0,0,14-3-28 4:56:37,1
4X6PS1B4GU,120.669,31.2787,38492,0,0,0,14-3-28 4:58:37,1
4X6PS1B4GU,120.669,31.2787,38492,0,0,0,14-3-28 5:0:37,1
4X6PS1B4GU,120.669,31.2787,38492,0,0,0,14-3-28 5:2:37,1
4X6PS1B4GU,120.669,31.2787,38492,0,0,0,14-3-28 5:4:37,1
4X6PS1B4GU,120.669,31.2788,38492,0,0,0,14-3-28 5:6:37,1
4X6PS1B4GU,120.669,31.2786,38492,0,0,0,14-3-28 5:8:37,1
4X6PS1B4GU,120.669,31.2786,38492,0,0,0,14-3-28 5:10:37,1
4X6PS1B4GU,120.669,31.2788,38492,0,0,0,14-3-28 5:12:37,1
4X6PS1B4GU,120.669,31.2788,38492,0,0,0,14-3-28 5:14:37,1
4X6PS1B4GU,120.669,31.2787,38492,0,0,0,14-3-28 5:16:37,1
4X6PS1B4GU,120.669,31.2787,38492,0,0,0,14-3-28 5:18:37,1
4X6PS1B4GU,120.669,31.2788,38492,0,0,0,14-3-28 5:20:37,1
4X6PS1B4GU,120.669,31.2788,38492,0,0,0,14-3-28 5:22:37,1
4X6PS1B4GU,120.669,31.2788,38492,0,0,0,14-3-28 5:24:37,1
4X6PS1B4GU,120.669,31.2788,38492,0,0,0,14-3-28 5:26:37,1
4X6PS1B4GU,120.669,31.2788,38492,0,0,0,14-3-28 5:28:37,1
4X6PS1B4GU,120.669,31.2788,38492,0,0,0,14-3-28 5:30:37,1
4X6PS1B4GU,120.669,31.2788,38492,0,0,0,14-3-28 5:32:50,1
4X6PS1B4GU,120.669,31.2789,38492,0,0,0,14-3-28 5:33:46,1
4X6PS1B4GU,120.669,31.2789,38492,0,0,0,14-3-28 5:35:46,1
4X6PS1B4GU,120.669,31.2787,38492,0,0,0,14-3-28 5:37:46,1
4X6PS1B4GU,120.669,31.2789,38492,0,0,0,14-3-28 5:39:46,1
4X6PS1B4GU,120.669,31.2789,38492,0,0,0,14-3-28 5:41:46,1
4X6PS1B4GU,120.669,31.2789,38492,0,0,0,14-3-28 5:43:46,1
4X6PS1B4GU,120.669,31.2789,38492,0,0,0,14-3-28 5:45:46,1
4X6PS1B4GU,120.669,31.2789,38492,0,0,0,14-3-28 5:47:46,1
4X6PS1B4GU,120.669,31.2789,38492,0,0,0,14-3-28 5:49:46,1
4X6PS1B4GU,120.669,31.2788,38492,0,0,0,14-3-28 5:51:46,1
4X6PS1B4GU,120.669,31.2789,38492,0,0,0,14-3-28 5:53:46,1
4X6PS1B4GU,120.669,31.2789,38492,0,0,0,14-3-28 5:55:46,1
4X6PS1B4GU,120.669,31.2789,38492,0,0,0,14-3-28 5:57:46,1
4X6PS1B4GU,120.669,31.2789,38492,0,0,0,14-3-28 5:59:46,1
4X6PS1B4GU,120.669,31.2789,38492,0,0,0,14-3-28 6:1:46,1
4X6PS1B4GU,120.669,31.2789,38492,0,0,0,14-3-28 6:3:46,1
4X6PS1B4GU,120.669,31.2789,38492,0,0,0,14-3-28 6:5:46,1
4X6PS1B4GU,120.669,31.2789,38492,0,0,0,14-3-28 6:7:46,1
4X6PS1B4GU,120.669,31.2789,38492,0,0,0,14-3-28 6:9:46,1
4X6PS1B4GU,120.669,31.2788,38492,0,0,0,14-3-28 6:11:46,1
4X6PS1B4GU,120.669,31.2789,38492,0,0,0,14-3-28 6:13:46,1
4X6PS1B4GU,120.669,31.2788,38492,0,0,0,14-3-28 6:15:46,1
4X6PS1B4GU,120.669,31.2788,38492,0,0,0,14-3-28 6:17:46,1
4X6PS1B4GU,120.669,31.2788,38492,0,0,0,14-3-28 6:19:46,1
4X6PS1B4GU,120.669,31.2788,38492,0,0,0,14-3-28 6:21:46,1
4X6PS1B4GU,120.669,31.2787,38492,0,0,0,14-3-28 6:23:46,1
4X6PS1B4GU,120.669,31.2787,38492,0,0,0,14-3-28 6:25:46,1
4X6PS1B4GU,120.669,31.2788,38492,0,0,0,14-3-28 6:27:46,1
4X6PS1B4GU,120.669,31.2788,38492,0,0,0,14-3-28 6:29:46,1
4X6PS1B4GU,120.669,31.2788,38492,0,0,0,14-3-28 6:31:46,1
4X6PS1B4GU,120.669,31.2788,38492,0,0,0,14-3-28 6:33:46,1
4X6PS1B4GU,120.669,31.2788,38492,0,0,0,14-3-28 6:35:46,1
4X6PS1B4GU,120.669,31.2788,38492,0,0,0,14-3-28 6:37:46,1
4X6PS1B4GU,120.669,31.2789,38492,0,0,0,14-3-28 6:39:46,1
4X6PS1B4GU,120.669,31.2789,38492,0,0,0,14-3-28 6:41:46,1
4X6PS1B4GU,120.669,31.2788,38492,0,0,0,14-3-28 6:43:46,1
4X6PS1B4GU,120.669,31.2788,38492,0,0,0,14-3-28 6:45:46,1
4X6PS1B4GU,120.669,31.2788,38492,0,0,0,14-3-28 6:47:46,1
4X6PS1B4GU,120.669,31.2789,38492,0,0,0,14-3-28 8:16:7,1
4X6PS1B4GU,120.669,31.2789,38492,0,0,0,14-3-28 8:18:7,1
4X6PS1B4GU,120.669,31.2788,38492,0,0,0,14-3-28 8:20:7,1
4X6PS1B4GU,120.669,31.2789,38492,0,0,0,14-3-28 8:22:7,1
4X6PS1B4GU,120.669,31.2788,38492,0,0,0,14-3-28 8:24:7,1
4X6PS1B4GU,120.669,31.2788,38492,0,0,0,14-3-28 8:26:7,1
4X6PS1B4GU,120.669,31.2788,38492,0,0,0,14-3-28 8:28:7,1
4X6PS1B4GU,120.669,31.2788,38492,0,0,0,14-3-28 8:30:7,1
4X6PS1B4GU,120.669,31.2788,38492,0,0,0,14-3-28 8:32:7,1
4X6PS1B4GU,120.669,31.2788,38492,0,0,0,14-3-28 8:34:7,1
4X6PS1B4GU,120.669,31.2788,38492,0,0,0,14-3-28 8:36:7,1
4X6PS1B4GU,120.669,31.2788,38492,0,0,0,14-3-28 8:38:7,1
4X6PS1B4GU,120.669,31.2788,38492,0,0,0,14-3-28 8:40:7,1
4X6PS1B4GU,120.669,31.2789,38492,0,0,0,14-3-28 8:42:7,1
4X6PS1B4GU,120.669,31.2789,38492,0,0,0,14-3-28 8:44:7,1
4X6PS1B4GU,120.669,31.2789,38492,0,0,0,14-3-28 8:46:7,1
4X6PS1B4GU,120.669,31.2789,38492,0,0,0,14-3-28 8:48:7,1
4X6PS1B4GU,120.669,31.2788,38492,0,0,0,14-3-28 10:2:13,1
4X6PS1B4GU,120.669,31.2789,38492,0,0,0,14-3-28 10:4:13,1
4X6PS1B4GU,120.669,31.2788,38492,0,0,0,14-3-28 10:24:46,1
4X6PS1B4GU,120.669,31.2788,38492,0,0,0,14-3-28 10:26:46,1
4X6PS1B4GU,120.669,31.2788,38492,0,0,0,14-3-28 10:38:19,1
4X6PS1B4GU,120.669,31.2788,38492,0,0,0,14-3-28 10:46:10,1
4X6PS1B4GU,120.669,31.2789,38492,0,0,0,14-3-28 10:48:10,1
4X6PS1B4GU,120.669,31.2789,38492,0,0,0,14-3-28 10:50:10,1
4X6PS1B4GU,120.669,31.2788,38492,0,0,0,14-3-28 10:52:10,1
4X6PS1B4GU,120.669,31.2789,38492,0,0,0,14-3-28 11:4:13,1
4X6PS1B4GU,120.669,31.2789,38492,0,0,0,14-3-28 11:4:50,1
4X6PS1B4GU,120.669,31.2789,38492,0,0,0,14-3-28 11:6:50,1
4X6PS1B4GU,120.669,31.2789,38492,0,0,0,14-3-28 11:10:6,1
4X6PS1B4GU,120.669,31.2789,38492,0,0,0,14-3-28 11:12:6,1
4X6PS1B4GU,120.669,31.2789,38492,0,0,0,14-3-28 11:14:6,1
4X6PS1B4GU,120.669,31.2788,38492,0,0,0,14-3-28 11:16:6,1
4X6PS1B4GU,120.669,31.2788,38492,0,0,0,14-3-28 11:18:6,1
4X6PS1B4GU,120.669,31.2788,38492,0,0,0,14-3-28 11:20:6,1
4X6PS1B4GU,120.669,31.2788,38492,0,0,0,14-3-28 11:21:13,1
4X6PS1B4GU,120.669,31.2788,38492,0,0,0,14-3-28 11:23:13,1
4X6PS1B4GU,120.669,31.2788,38492,0,0,0,14-3-28 11:24:8,1
4X6PS1B4GU,120.669,31.2788,38492,0,0,0,14-3-28 11:26:8,1
4X6PS1B4GU,120.669,31.2789,38492,0,0,0,14-3-28 11:28:8,1
4X6PS1B4GU,120.669,31.2788,38492,0,0,0,14-3-28 11:30:8,1
4X6PS1B4GU,120.669,31.2788,38492,0,0,0,14-3-28 11:32:8,1
4X6PS1B4GU,120.669,31.2788,38492,0,0,0,14-3-28 11:34:8,1
4X6PS1B4GU,120.669,31.2788,38492,0,0,0,14-3-28 11:36:8,1
4X6PS1B4GU,120.669,31.2789,38492,0,0,0,14-3-28 11:38:8,1
4X6PS1B4GU,120.669,31.2788,38492,0,0,0,14-3-28 11:45:31,1
4X6PS1B4GU,120.669,31.2788,38492,0,0,0,14-3-28 11:47:31,1
4X6PS1B4GU,120.669,31.2788,38492,0,0,0,14-3-28 11:49:31,1
4X6PS1B4GU,120.669,31.2788,38492,0,0,0,14-3-28 11:51:31,1
4X6PS1B4GU,120.669,31.2788,38492,0,0,0,14-3-28 11:53:31,1
4X6PS1B4GU,120.669,31.2788,38492,0,0,0,14-3-28 11:55:31,1
4X6PS1B4GU,120.669,31.2788,38492,0,0,0,14-3-28 11:57:31,1
4X6PS1B4GU,120.669,31.2788,38492,0,0,0,14-3-28 11:59:31,1
4X6PS1B4GU,120.669,31.2788,38492,0,0,0,14-3-28 12:0:57,1
4X6PS1B4GU,120.669,31.2789,38492,0,0,0,14-3-28 12:2:57,1
4X6PS1B4GU,120.669,31.2788,38492,0,0,0,14-3-28 12:4:57,1
4X6PS1B4GU,120.669,31.2789,38492,0,0,0,14-3-28 12:6:57,1
4X6PS1B4GU,120.669,31.2789,38492,0,0,0,14-3-28 12:8:57,1
4X6PS1B4GU,120.669,31.2788,38492,0,0,0,14-3-28 12:10:57,1
4X6PS1B4GU,120.669,31.2788,38492,0,0,0,14-3-28 12:12:57,1
4X6PS1B4GU,120.669,31.2788,38492,0,0,0,14-3-28 12:14:57,1
4X6PS1B4GU,120.669,31.2788,38492,0,0,0,14-3-28 12:16:57,1
4X6PS1B4GU,120.669,31.2789,38492,0,0,0,14-3-28 12:18:57,1
4X6PS1B4GU,120.669,31.2788,38492,0,0,0,14-3-28 12:20:57,1
4X6PS1B4GU,120.669,31.2788,38492,0,0,0,14-3-28 12:22:33,1
4X6PS1B4GU,120.669,31.2788,38492,0,0,0,14-3-28 12:24:33,1
4X6PS1B4GU,120.669,31.2788,38492,0,0,0,14-3-28 12:26:33,1
4X6PS1B4GU,120.669,31.2788,38492,0,0,0,14-3-28 12:28:33,1
4X6PS1B4GU,120.669,31.2788,38492,0,0,0,14-3-28 12:30:33,1
4X6PS1B4GU,120.669,31.2788,38492,0,0,0,14-3-28 12:30:53,1
4X6PS1B4GU,120.669,31.2788,38492,0,0,0,14-3-28 12:32:53,1
4X6PS1B4GU,120.669,31.2789,38492,0,0,0,14-3-28 12:34:53,1
4X6PS1B4GU,120.669,31.2788,38492,0,0,0,14-3-28 12:36:53,1
4X6PS1B4GU,120.669,31.2788,38492,0,0,0,14-3-28 12:38:53,1
4X6PS1B4GU,120.669,31.2788,38492,0,0,0,14-3-28 12:40:53,1
4X6PS1B4GU,120.669,31.2788,38492,0,0,0,14-3-28 12:42:53,1
4X6PS1B4GU,120.669,31.2788,38492,0,0,0,14-3-28 12:44:53,1
4X6PS1B4GU,120.669,31.2788,38492,0,0,0,14-3-28 12:46:53,1
4X6PS1B4GU,120.669,31.2788,38492,0,0,0,14-3-28 12:48:53,1
4X6PS1B4GU,120.669,31.2789,38492,0,0,0,14-3-28 12:50:53,1
4X6PS1B4GU,120.669,31.2788,38492,0,0,0,14-3-28 12:52:53,1
4X6PS1B4GU,120.669,31.2788,38492,0,0,0,14-3-28 12:54:53,1
4X6PS1B4GU,120.669,31.2788,38492,0,0,0,14-3-28 12:56:53,1
4X6PS1B4GU,120.669,31.2788,38492,0,0,0,14-3-28 12:58:53,1
4X6PS1B4GU,120.669,31.2788,38492,0,0,0,14-3-28 13:0:53,1
4X6PS1B4GU,120.669,31.2788,38492,0,0,0,14-3-28 13:2:53,1
4X6PS1B4GU,120.669,31.2788,38492,0,0,0,14-3-28 13:4:53,1
4X6PS1B4GU,120.669,31.2789,38492,0,0,0,14-3-28 13:6:53,1
4X6PS1B4GU,120.669,31.2788,38492,0,0,0,14-3-28 13:8:53,1
4X6PS1B4GU,120.669,31.2788,38492,0,0,0,14-3-28 13:10:53,1
4X6PS1B4GU,120.669,31.2788,38492,0,0,0,14-3-28 13:12:39,1
4X6PS1B4GU,120.669,31.2788,38492,0,0,0,14-3-28 13:13:51,1
4X6PS1B4GU,120.669,31.2789,38492,0,0,0,14-3-28 13:15:51,1
4X6PS1B4GU,120.669,31.2788,38492,0,0,0,14-3-28 13:17:51,1
4X6PS1B4GU,120.669,31.2788,38492,0,0,0,14-3-28 13:19:51,1
4X6PS1B4GU,120.669,31.2788,38492,0,0,0,14-3-28 13:21:51,1
4X6PS1B4GU,120.669,31.2788,38492,0,0,0,14-3-28 13:23:51,1
4X6PS1B4GU,120.669,31.2788,38492,0,0,0,14-3-28 13:25:51,1
4X6PS1B4GU,120.669,31.2789,38492,0,0,0,14-3-28 13:27:51,1
4X6PS1B4GU,120.669,31.2789,38492,0,0,0,14-3-28 13:29:51,1
4X6PS1B4GU,120.669,31.2789,38492,0,0,0,14-3-28 13:31:51,1
4X6PS1B4GU,120.669,31.2789,38492,0,0,0,14-3-28 13:33:51,1
4X6PS1B4GU,120.669,31.2789,38492,0,0,0,14-3-28 13:35:51,1
4X6PS1B4GU,120.669,31.2789,38492,0,0,0,14-3-28 13:37:51,1
4X6PS1B4GU,120.669,31.2789,38492,0,0,0,14-3-28 13:39:51,1
4X6PS1B4GU,120.669,31.2788,38492,0,0,0,14-3-28 13:41:51,1
4X6PS1B4GU,120.669,31.2789,38492,0,0,0,14-3-28 13:43:51,1
4X6PS1B4GU,120.669,31.2788,38492,0,0,0,14-3-28 13:45:51,1
4X6PS1B4GU,120.669,31.2789,38492,0,0,0,14-3-28 13:47:51,1
4X6PS1B4GU,120.669,31.2789,38492,0,0,0,14-3-28 13:49:51,1
4X6PS1B4GU,120.669,31.2789,38492,0,0,0,14-3-28 13:51:51,1
4X6PS1B4GU,120.669,31.2788,38492,0,0,0,14-3-28 13:53:51,1
4X6PS1B4GU,120.669,31.2789,38492,0,0,0,14-3-28 13:55:51,1
4X6PS1B4GU,120.669,31.2789,38492,0,0,0,14-3-28 13:57:51,1
4X6PS1B4GU,120.669,31.2789,38492,0,0,0,14-3-28 13:59:51,1
4X6PS1B4GU,120.669,31.2788,38492,0,0,0,14-3-28 14:1:51,1
4X6PS1B4GU,120.669,31.2788,38492,0,0,0,14-3-28 14:3:51,1
4X6PS1B4GU,120.669,31.2788,38492,0,0,0,14-3-28 14:5:51,1
4X6PS1B4GU,120.669,31.2788,38492,0,0,0,14-3-28 14:7:51,1
4X6PS1B4GU,120.669,31.2788,38492,0,0,0,14-3-28 14:9:51,1
4X6PS1B4GU,120.669,31.2788,38492,0,0,0,14-3-28 14:11:51,1
4X6PS1B4GU,120.669,31.2789,38492,0,0,0,14-3-28 14:13:51,1
4X6PS1B4GU,120.669,31.2789,38492,0,0,0,14-3-28 14:15:51,1
4X6PS1B4GU,120.669,31.2788,38492,0,0,0,14-3-28 14:17:51,1
4X6PS1B4GU,120.669,31.2789,38492,0,0,0,14-3-28 14:19:51,1
4X6PS1B4GU,120.669,31.2789,38492,0,0,0,14-3-28 14:21:51,1
4X6PS1B4GU,120.669,31.2789,38492,0,0,0,14-3-28 14:23:10,1
4X6PS1B4GU,120.669,31.2789,38492,0,0,0,14-3-28 14:25:10,1
4X6PS1B4GU,120.669,31.2789,38492,0,0,0,14-3-28 14:27:10,1
4X6PS1B4GU,120.669,31.2789,38492,0,0,0,14-3-28 14:29:10,1
4X6PS1B4GU,120.669,31.2789,38492,0,0,0,14-3-28 14:31:10,1
4X6PS1B4GU,120.669,31.2789,38492,0,0,0,14-3-28 14:33:10,1
4X6PS1B4GU,120.669,31.2789,38492,0,0,0,14-3-28 14:35:10,1
4X6PS1B4GU,120.669,31.2789,38492,0,0,0,14-3-28 14:37:10,1
4X6PS1B4GU,120.669,31.2789,38492,0,0,0,14-3-28 14:39:10,1
4X6PS1B4GU,120.669,31.2789,38492,0,0,0,14-3-28 14:41:10,1
4X6PS1B4GU,120.669,31.279,38492,0,0,0,14-3-28 14:43:10,1
4X6PS1B4GU,120.669,31.279,38492,0,0,0,14-3-28 14:45:10,1
4X6PS1B4GU,120.669,31.279,38492,0,0,0,14-3-28 14:47:10,1
4X6PS1B4GU,120.669,31.2789,38492,0,0,0,14-3-28 14:49:10,1
4X6PS1B4GU,120.669,31.279,38492,0,0,0,14-3-28 14:51:10,1
4X6PS1B4GU,120.669,31.279,38492,0,0,0,14-3-28 14:53:10,1
4X6PS1B4GU,120.669,31.2789,38492,0,0,0,14-3-28 14:55:10,1
4X6PS1B4GU,120.669,31.2789,38492,0,0,0,14-3-28 14:57:10,1
4X6PS1B4GU,120.669,31.2789,38492,0,0,0,14-3-28 14:59:10,1
4X6PS1B4GU,120.669,31.2789,38492,0,0,0,14-3-28 15:1:10,1
4X6PS1B4GU,120.669,31.2789,38492,0,0,0,14-3-28 15:3:10,1
4X6PS1B4GU,120.669,31.2789,38492,0,0,0,14-3-28 15:5:10,1
4X6PS1B4GU,120.669,31.2789,38492,0,0,0,14-3-28 15:7:10,1
4X6PS1B4GU,120.669,31.2789,38492,0,0,0,14-3-28 15:9:10,1
4X6PS1B4GU,120.669,31.279,38492,0,0,0,14-3-28 15:11:10,1
4X6PS1B4GU,120.669,31.2789,38492,0,0,0,14-3-28 15:13:10,1
4X6PS1B4GU,120.669,31.2789,38492,0,0,0,14-3-28 15:15:10,1
4X6PS1B4GU,120.669,31.2789,38492,0,0,0,14-3-28 15:17:10,1
4X6PS1B4GU,120.669,31.2788,38492,0,0,0,14-3-28 15:19:10,1
4X6PS1B4GU,120.669,31.2788,38492,0,0,0,14-3-28 15:21:10,1
4X6PS1B4GU,120.669,31.2788,38492,0,0,0,14-3-28 15:23:10,1
4X6PS1B4GU,120.669,31.2788,38492,0,0,0,14-3-28 15:25:10,1
4X6PS1B4GU,120.669,31.2789,38492,0,0,0,14-3-28 15:27:10,1
4X6PS1B4GU,120.669,31.2789,38492,0,0,0,14-3-28 15:29:10,1
4X6PS1B4GU,120.669,31.2789,38492,0,0,0,14-3-28 15:31:10,1
4X6PS1B4GU,120.669,31.2789,38492,0,0,0,14-3-28 15:33:10,1
4X6PS1B4GU,120.669,31.2789,38492,0,0,0,14-3-28 15:35:10,1
4X6PS1B4GU,120.669,31.2789,38492,0,0,0,14-3-28 15:37:10,1
4X6PS1B4GU,120.669,31.2788,38492,0,0,0,14-3-28 15:39:10,1
4X6PS1B4GU,120.669,31.2788,38492,0,0,0,14-3-28 15:41:10,1
4X6PS1B4GU,120.669,31.2789,38492,0,0,0,14-3-28 15:43:10,1
4X6PS1B4GU,120.669,31.2789,38492,0,0,0,14-3-28 15:45:10,1
4X6PS1B4GU,120.669,31.2788,38492,0,0,0,14-3-28 15:47:10,1
4X6PS1B4GU,120.669,31.2789,38492,0,0,0,14-3-28 15:49:10,1
4X6PS1B4GU,120.669,31.2789,38492,0,0,0,14-3-28 15:51:10,1
4X6PS1B4GU,120.669,31.2789,38492,0,0,0,14-3-28 15:53:10,1
4X6PS1B4GU,120.669,31.2788,38492,0,0,0,14-3-28 15:55:10,1
4X6PS1B4GU,120.669,31.2788,38492,0,0,0,14-3-28 15:57:10,1
4X6PS1B4GU,120.669,31.2788,38492,0,0,0,14-3-28 15:59:10,1
4X6PS1B4GU,120.669,31.2788,38492,0,0,0,14-3-28 16:1:10,1
4X6PS1B4GU,120.669,31.2788,38492,0,0,0,14-3-28 16:3:10,1
4X6PS1B4GU,120.669,31.2788,38492,0,0,0,14-3-28 16:5:10,1
4X6PS1B4GU,120.669,31.2788,38492,0,0,0,14-3-28 16:7:10,1
4X6PS1B4GU,120.669,31.2788,38492,0,0,0,14-3-28 16:9:10,1
4X6PS1B4GU,120.669,31.2788,38492,0,0,0,14-3-28 16:11:10,1
4X6PS1B4GU,120.669,31.2788,38492,0,0,0,14-3-28 16:13:10,1
4X6PS1B4GU,120.669,31.2788,38492,0,0,0,14-3-28 16:15:10,1
4X6PS1B4GU,120.669,31.2789,38492,0,0,0,14-3-28 16:17:10,1
4X6PS1B4GU,120.669,31.2789,38492,0,0,0,14-3-28 16:19:10,1
4X6PS1B4GU,120.669,31.2789,38492,0,0,0,14-3-28 16:21:10,1
4X6PS1B4GU,120.669,31.2789,38492,0,0,0,14-3-28 16:23:10,1
4X6PS1B4GU,120.669,31.2789,38492,0,0,0,14-3-28 16:25:10,1
4X6PS1B4GU,120.669,31.2789,38492,0,0,0,14-3-28 16:27:10,1
4X6PS1B4GU,120.669,31.2789,38492,0,0,0,14-3-28 16:29:10,1
4X6PS1B4GU,120.669,31.2789,38492,0,0,0,14-3-28 16:31:10,1
4X6PS1B4GU,120.669,31.2789,38492,0,0,0,14-3-28 16:33:10,1
4X6PS1B4GU,120.669,31.2788,38492,0,0,0,14-3-28 16:35:10,1
4X6PS1B4GU,120.669,31.2788,38492,0,0,0,14-3-28 16:37:10,1
4X6PS1B4GU,120.669,31.2788,38492,0,0,0,14-3-28 16:39:10,1
4X6PS1B4GU,120.669,31.2788,38492,0,0,0,14-3-28 16:41:10,1
4X6PS1B4GU,120.669,31.2789,38492,0,0,0,14-3-28 16:43:10,1
4X6PS1B4GU,120.669,31.2789,38492,0,0,0,14-3-28 16:45:10,1
4X6PS1B4GU,120.669,31.2788,38492,0,0,0,14-3-28 16:47:10,1
4X6PS1B4GU,120.669,31.2788,38492,0,0,0,14-3-28 16:49:10,1
4X6PS1B4GU,120.669,31.2788,38492,0,0,0,14-3-28 16:51:10,1
4X6PS1B4GU,120.669,31.2788,38492,0,0,0,14-3-28 16:53:10,1
4X6PS1B4GU,120.669,31.2788,38492,0,0,0,14-3-28 16:55:10,1
4X6PS1B4GU,120.669,31.2788,38492,0,0,0,14-3-28 16:57:10,1
4X6PS1B4GU,120.669,31.2788,38492,0,0,0,14-3-28 16:59:10,1
4X6PS1B4GU,120.669,31.2788,38492,0,0,0,14-3-28 17:1:10,1
4X6PS1B4GU,120.669,31.2788,38492,0,0,0,14-3-28 17:3:10,1
4X6PS1B4GU,120.669,31.2788,38492,0,0,0,14-3-28 17:5:10,1
4X6PS1B4GU,120.669,31.2789,38492,0,0,0,14-3-28 17:7:10,1
4X6PS1B4GU,120.669,31.2788,38492,0,0,0,14-3-28 17:9:10,1
4X6PS1B4GU,120.669,31.2788,38492,0,0,0,14-3-28 17:11:10,1
4X6PS1B4GU,120.669,31.2788,38492,0,0,0,14-3-28 17:13:10,1
4X6PS1B4GU,120.669,31.2789,38492,0,0,0,14-3-28 17:15:10,1
4X6PS1B4GU,120.669,31.2789,38492,0,0,0,14-3-28 17:17:10,1
4X6PS1B4GU,120.669,31.2789,38492,0,0,0,14-3-28 17:19:10,1
4X6PS1B4GU,120.669,31.2789,38492,0,0,0,14-3-28 17:21:10,1
4X6PS1B4GU,120.669,31.2789,38492,0,0,0,14-3-28 17:23:10,1
4X6PS1B4GU,120.669,31.2789,38492,0,0,0,14-3-28 17:25:10,1
4X6PS1B4GU,120.669,31.2789,38492,0,0,0,14-3-28 17:27:10,1
4X6PS1B4GU,120.669,31.2789,38492,0,0,0,14-3-28 17:29:10,1
4X6PS1B4GU,120.669,31.2789,38492,0,0,0,14-3-28 17:31:10,1
4X6PS1B4GU,120.669,31.2789,38492,0,0,0,14-3-28 17:33:10,1
4X6PS1B4GU,120.669,31.2789,38492,0,0,0,14-3-28 17:35:10,1
4X6PS1B4GU,120.669,31.2789,38492,0,0,0,14-3-28 17:37:10,1
4X6PS1B4GU,120.669,31.2789,38492,0,0,0,14-3-28 17:39:10,1
4X6PS1B4GU,120.669,31.2789,38492,0,0,0,14-3-28 17:41:10,1
4X6PS1B4GU,120.669,31.279,38492,0,0,0,14-3-28 17:43:10,1
4X6PS1B4GU,120.669,31.2789,38492,0,0,0,14-3-28 17:45:10,1
4X6PS1B4GU,120.669,31.2789,38492,0,0,0,14-3-28 17:47:10,1
4X6PS1B4GU,120.669,31.2789,38492,0,0,0,14-3-28 17:49:10,1
4X6PS1B4GU,120.669,31.2789,38492,0,0,0,14-3-28 17:51:10,1
4X6PS1B4GU,120.669,31.2789,38492,0,0,0,14-3-28 17:53:10,1
4X6PS1B4GU,120.669,31.2789,38492,0,0,0,14-3-28 17:55:10,1
4X6PS1B4GU,120.669,31.2788,38492,0,0,0,14-3-28 17:57:10,1
4X6PS1B4GU,120.669,31.2788,38492,0,0,0,14-3-28 17:59:10,1
4X6PS1B4GU,120.669,31.2788,38492,0,0,0,14-3-28 18:1:10,1
4X6PS1B4GU,120.669,31.2789,38492,0,0,0,14-3-28 18:3:10,1
4X6PS1B4GU,120.669,31.2789,38492,0,0,0,14-3-28 18:5:10,1
4X6PS1B4GU,120.669,31.2789,38492,0,0,0,14-3-28 18:7:10,1
4X6PS1B4GU,120.669,31.2789,38492,0,0,0,14-3-28 18:9:10,1
4X6PS1B4GU,120.669,31.2789,38492,0,0,0,14-3-28 18:11:10,1
4X6PS1B4GU,120.669,31.2789,38492,0,0,0,14-3-28 18:13:10,1
4X6PS1B4GU,120.669,31.2789,38492,0,0,0,14-3-28 18:15:10,1
4X6PS1B4GU,120.669,31.2789,38492,0,0,0,14-3-28 18:17:10,1
4X6PS1B4GU,120.669,31.2788,38492,0,0,0,14-3-28 18:19:10,1
4X6PS1B4GU,120.669,31.2788,38492,0,0,0,14-3-28 18:21:10,1
4X6PS1B4GU,120.669,31.2788,38492,0,0,0,14-3-28 18:23:10,1
4X6PS1B4GU,120.669,31.2788,38492,0,0,0,14-3-28 18:25:10,1
4X6PS1B4GU,120.669,31.2789,38492,0,0,0,14-3-28 18:27:10,1
4X6PS1B4GU,120.669,31.2789,38492,0,0,0,14-3-28 18:29:10,1
4X6PS1B4GU,120.669,31.2788,38492,0,0,0,14-3-28 18:31:10,1
4X6PS1B4GU,120.669,31.2788,38492,0,0,0,14-3-28 18:33:10,1
4X6PS1B4GU,120.669,31.2788,38492,0,0,0,14-3-28 18:35:10,1
4X6PS1B4GU,120.669,31.2787,38492,0,0,0,14-3-28 18:37:10,1
4X6PS1B4GU,120.669,31.2788,38492,0,0,0,14-3-28 18:39:10,1
4X6PS1B4GU,120.669,31.2788,38492,0,0,0,14-3-28 18:41:10,1
4X6PS1B4GU,120.669,31.2789,38492,0,0,0,14-3-28 18:43:10,1
4X6PS1B4GU,120.669,31.2789,38492,0,0,0,14-3-28 18:45:10,1
4X6PS1B4GU,120.669,31.2788,38492,0,0,0,14-3-28 18:47:10,1
4X6PS1B4GU,120.669,31.2789,38492,0,0,0,14-3-28 18:49:10,1
4X6PS1B4GU,120.669,31.2789,38492,0,0,0,14-3-28 18:51:10,1
4X6PS1B4GU,120.669,31.2789,38492,0,0,0,14-3-28 18:53:10,1
4X6PS1B4GU,120.669,31.2789,38492,0,0,0,14-3-28 18:55:10,1
4X6PS1B4GU,120.669,31.2789,38492,0,0,0,14-3-28 18:57:10,1
4X6PS1B4GU,120.669,31.2788,38492,0,0,0,14-3-28 18:59:10,1
4X6PS1B4GU,120.669,31.2789,38492,0,0,0,14-3-28 19:1:10,1
4X6PS1B4GU,120.669,31.2789,38492,0,0,0,14-3-28 19:3:10,1
4X6PS1B4GU,120.669,31.2789,38492,0,0,0,14-3-28 19:5:10,1
4X6PS1B4GU,120.669,31.2789,38492,0,0,0,14-3-28 19:7:10,1
4X6PS1B4GU,120.669,31.2789,38492,0,0,0,14-3-28 19:9:10,1
4X6PS1B4GU,120.669,31.2788,38492,0,0,0,14-3-28 19:11:10,1
4X6PS1B4GU,120.669,31.2789,38492,0,0,0,14-3-28 19:13:10,1
4X6PS1B4GU,120.669,31.2788,38492,0,0,0,14-3-28 19:15:10,1
4X6PS1B4GU,120.669,31.2788,38492,0,0,0,14-3-28 19:17:10,1
4X6PS1B4GU,120.669,31.2789,38492,0,0,0,14-3-28 19:19:10,1
4X6PS1B4GU,120.669,31.2788,38492,0,0,0,14-3-28 19:21:10,1
4X6PS1B4GU,120.669,31.2788,38492,0,0,0,14-3-28 19:23:10,1
4X6PS1B4GU,120.669,31.2788,38492,0,0,0,14-3-28 19:25:10,1
4X6PS1B4GU,120.669,31.2788,38492,0,0,0,14-3-28 19:27:10,1
4X6PS1B4GU,120.669,31.2789,38492,0,0,0,14-3-28 19:29:10,1
4X6PS1B4GU,120.669,31.2788,38492,0,0,0,14-3-28 19:31:10,1
4X6PS1B4GU,120.669,31.2789,38492,0,0,0,14-3-28 19:33:10,1
4X6PS1B4GU,120.669,31.2788,38492,0,0,0,14-3-28 19:35:10,1
4X6PS1B4GU,120.669,31.2788,38492,0,0,0,14-3-28 19:37:10,1
4X6PS1B4GU,120.669,31.2788,38492,0,0,0,14-3-28 19:39:10,1
4X6PS1B4GU,120.669,31.2789,38492,0,0,0,14-3-28 19:41:10,1
4X6PS1B4GU,120.669,31.2789,38492,0,0,0,14-3-28 19:43:10,1
4X6PS1B4GU,120.669,31.2789,38492,0,0,0,14-3-28 19:45:10,1
4X6PS1B4GU,120.669,31.2789,38492,0,0,0,14-3-28 19:47:10,1
4X6PS1B4GU,120.669,31.2788,38492,0,0,0,14-3-28 19:49:10,1
4X6PS1B4GU,120.669,31.2788,38492,0,0,0,14-3-28 19:51:10,1
4X6PS1B4GU,120.669,31.2788,38492,0,0,0,14-3-28 19:53:10,1
4X6PS1B4GU,120.669,31.2788,38492,0,0,0,14-3-28 19:55:10,1
4X6PS1B4GU,120.669,31.2788,38492,0,0,0,14-3-28 19:57:10,1
4X6PS1B4GU,120.669,31.2788,38492,0,0,0,14-3-28 19:59:10,1
4X6PS1B4GU,120.669,31.2789,38492,0,0,0,14-3-28 20:1:10,1
4X6PS1B4GU,120.669,31.2788,38492,0,0,0,14-3-28 20:3:10,1
4X6PS1B4GU,120.669,31.2789,38492,0,0,0,14-3-28 20:5:10,1
4X6PS1B4GU,120.669,31.2789,38492,0,0,0,14-3-28 20:7:10,1
4X6PS1B4GU,120.669,31.2789,38492,0,0,0,14-3-28 20:9:10,1
4X6PS1B4GU,120.669,31.2789,38492,0,0,0,14-3-28 20:11:10,1
4X6PS1B4GU,120.669,31.2789,38492,0,0,0,14-3-28 20:13:10,1
4X6PS1B4GU,120.669,31.2789,38492,0,0,0,14-3-28 20:15:10,1
4X6PS1B4GU,120.669,31.2789,38492,0,0,0,14-3-28 20:17:10,1
4X6PS1B4GU,120.669,31.2788,38492,0,0,0,14-3-28 20:19:10,1
4X6PS1B4GU,120.669,31.2788,38492,0,0,0,14-3-28 20:21:10,1
4X6PS1B4GU,120.669,31.2788,38492,0,0,0,14-3-28 20:23:10,1
4X6PS1B4GU,120.669,31.2789,38492,0,0,0,14-3-28 20:25:10,1
4X6PS1B4GU,120.669,31.2789,38492,0,0,0,14-3-28 20:27:10,1
4X6PS1B4GU,120.669,31.2789,38492,0,0,0,14-3-28 20:29:10,1
4X6PS1B4GU,120.669,31.2788,38492,0,0,0,14-3-28 20:31:10,1
4X6PS1B4GU,120.669,31.2789,38492,0,0,0,14-3-28 20:33:10,1
4X6PS1B4GU,120.669,31.2789,38492,0,0,0,14-3-28 20:35:10,1
4X6PS1B4GU,120.669,31.2788,38492,0,0,0,14-3-28 20:37:10,1
4X6PS1B4GU,120.669,31.2789,38492,0,0,0,14-3-28 20:39:10,1
4X6PS1B4GU,120.669,31.2788,38492,0,0,0,14-3-28 20:41:10,1
4X6PS1B4GU,120.669,31.2788,38492,0,0,0,14-3-28 20:43:10,1
4X6PS1B4GU,120.669,31.2788,38492,0,0,0,14-3-28 20:45:10,1
4X6PS1B4GU,120.669,31.2788,38492,0,0,0,14-3-28 20:47:10,1
4X6PS1B4GU,120.669,31.2788,38492,0,0,0,14-3-28 20:49:10,1
4X6PS1B4GU,120.669,31.2788,38492,0,0,0,14-3-28 20:51:10,1
4X6PS1B4GU,120.669,31.2788,38492,0,0,0,14-3-28 20:53:10,1
4X6PS1B4GU,120.669,31.2788,38492,0,0,0,14-3-28 20:55:10,1
4X6PS1B4GU,120.669,31.2788,38492,0,0,0,14-3-28 20:57:10,1
4X6PS1B4GU,120.669,31.2788,38492,0,0,0,14-3-28 20:59:10,1
4X6PS1B4GU,120.669,31.2788,38492,0,0,0,14-3-28 21:1:10,1
4X6PS1B4GU,120.669,31.2788,38492,0,0,0,14-3-28 21:3:10,1
4X6PS1B4GU,120.669,31.2788,38492,0,0,0,14-3-28 21:5:10,1
4X6PS1B4GU,120.669,31.2789,38492,0,0,0,14-3-28 21:7:10,1
4X6PS1B4GU,120.669,31.2789,38492,0,0,0,14-3-28 21:9:10,1
4X6PS1B4GU,120.669,31.2789,38492,0,0,0,14-3-28 21:11:10,1
4X6PS1B4GU,120.669,31.2789,38492,0,0,0,14-3-28 21:13:10,1
4X6PS1B4GU,120.669,31.2789,38492,0,0,0,14-3-28 21:17:10,1
4X6PS1B4GU,120.669,31.2789,38492,0,0,0,14-3-28 21:19:10,1
4X6PS1B4GU,120.669,31.2788,38492,0,0,0,14-3-28 21:21:10,1
4X6PS1B4GU,120.669,31.2789,38492,0,0,0,14-3-28 21:23:10,1
4X6PS1B4GU,120.669,31.2789,38492,0,0,0,14-3-28 21:25:10,1
4X6PS1B4GU,120.669,31.2789,38492,0,0,0,14-3-28 21:27:10,1
4X6PS1B4GU,120.669,31.2788,38492,0,0,0,14-3-28 21:29:10,1
4X6PS1B4GU,120.669,31.2788,38492,0,0,0,14-3-28 21:31:10,1
4X6PS1B4GU,120.669,31.2788,38492,0,0,0,14-3-28 21:33:10,1
4X6PS1B4GU,120.669,31.2789,38492,0,0,0,14-3-28 21:35:10,1
4X6PS1B4GU,120.669,31.2788,38492,0,0,0,14-3-28 21:37:10,1
4X6PS1B4GU,120.669,31.2787,38492,0,0,0,14-3-28 21:39:10,1
4X6PS1B4GU,120.669,31.2788,38492,0,0,0,14-3-28 21:41:10,1
4X6PS1B4GU,120.669,31.2788,38492,0,0,0,14-3-28 21:43:10,1
4X6PS1B4GU,120.669,31.2788,38492,0,0,0,14-3-28 21:45:10,1
4X6PS1B4GU,120.669,31.2788,38492,0,0,0,14-3-28 21:47:10,1
4X6PS1B4GU,120.669,31.2788,38492,0,0,0,14-3-28 21:49:10,1
4X6PS1B4GU,120.669,31.2788,38492,0,0,0,14-3-28 21:51:10,1
4X6PS1B4GU,120.669,31.2788,38492,0,0,0,14-3-28 21:53:10,1
4X6PS1B4GU,120.669,31.2788,38492,0,0,0,14-3-28 21:55:10,1
4X6PS1B4GU,120.669,31.2788,38492,0,0,0,14-3-28 21:57:10,1
4X6PS1B4GU,120.669,31.2788,38492,0,0,0,14-3-28 21:59:10,1
4X6PS1B4GU,120.669,31.2788,38492,0,0,0,14-3-28 22:1:10,1
4X6PS1B4GU,120.669,31.2788,38492,0,0,0,14-3-28 22:3:10,1
4X6PS1B4GU,120.669,31.2788,38492,0,0,0,14-3-28 22:5:10,1
4X6PS1B4GU,120.669,31.2788,38492,0,0,0,14-3-28 22:7:10,1
4X6PS1B4GU,120.669,31.2788,38492,0,0,0,14-3-28 22:9:10,1
4X6PS1B4GU,120.669,31.2788,38492,0,0,0,14-3-28 22:11:10,1
4X6PS1B4GU,120.669,31.2788,38492,0,0,0,14-3-28 22:13:10,1
4X6PS1B4GU,120.669,31.2788,38492,0,0,0,14-3-28 22:15:10,1
4X6PS1B4GU,120.669,31.2788,38492,0,0,0,14-3-28 22:17:10,1
4X6PS1B4GU,120.669,31.2788,38492,0,0,0,14-3-28 22:19:10,1
4X6PS1B4GU,120.669,31.2788,38492,0,0,0,14-3-28 22:21:10,1
4X6PS1B4GU,120.669,31.2788,38492,0,0,0,14-3-28 22:23:10,1
4X6PS1B4GU,120.669,31.2788,38492,0,0,0,14-3-28 22:25:10,1
4X6PS1B4GU,120.669,31.2788,38492,0,0,0,14-3-28 22:27:10,1
4X6PS1B4GU,120.669,31.2788,38492,0,0,0,14-3-28 22:29:10,1
4X6PS1B4GU,120.669,31.2789,38492,0,0,0,14-3-28 22:31:10,1
4X6PS1B4GU,120.669,31.2789,38492,0,0,0,14-3-28 22:33:10,1
4X6PS1B4GU,120.669,31.2789,38492,0,0,0,14-3-28 22:35:10,1
4X6PS1B4GU,120.669,31.2788,38492,0,0,0,14-3-28 22:37:10,1
4X6PS1B4GU,120.669,31.2788,38492,0,0,0,14-3-28 22:39:10,1
4X6PS1B4GU,120.669,31.2788,38492,0,0,0,14-3-28 22:41:10,1
4X6PS1B4GU,120.669,31.2788,38492,0,0,0,14-3-28 22:43:10,1
4X6PS1B4GU,120.669,31.2787,38492,0,0,0,14-3-28 22:45:10,1
4X6PS1B4GU,120.669,31.2787,38492,0,0,0,14-3-28 22:47:10,1
4X6PS1B4GU,120.669,31.2788,38492,0,0,0,14-3-28 22:49:10,1
4X6PS1B4GU,120.669,31.2788,38492,0,0,0,14-3-28 22:51:10,1
4X6PS1B4GU,120.669,31.2788,38492,0,0,0,14-3-28 22:53:10,1
4X6PS1B4GU,120.669,31.2788,38492,0,0,0,14-3-28 22:55:10,1
4X6PS1B4GU,120.669,31.2788,38492,0,0,0,14-3-28 22:57:10,1
4X6PS1B4GU,120.669,31.2788,38492,0,0,0,14-3-28 22:59:10,1
4X6PS1B4GU,120.669,31.2788,38492,0,0,0,14-3-28 23:1:10,1
4X6PS1B4GU,120.669,31.2787,38492,0,0,0,14-3-28 23:3:10,1
4X6PS1B4GU,120.669,31.2787,38492,0,0,0,14-3-28 23:5:10,1
4X6PS1B4GU,120.669,31.2788,38492,0,0,0,14-3-28 23:7:10,1
4X6PS1B4GU,120.669,31.2788,38492,0,0,0,14-3-28 23:9:10,1
4X6PS1B4GU,120.669,31.2788,38492,0,0,0,14-3-28 23:11:10,1
4X6PS1B4GU,120.669,31.2788,38492,0,0,0,14-3-28 23:13:10,1
4X6PS1B4GU,120.669,31.2788,38492,0,0,0,14-3-28 23:15:10,1
4X6PS1B4GU,120.669,31.2788,38492,0,0,0,14-3-28 23:17:10,1
4X6PS1B4GU,120.669,31.2788,38492,0,0,0,14-3-28 23:19:10,1
4X6PS1B4GU,120.669,31.2788,38492,0,0,0,14-3-28 23:21:10,1
4X6PS1B4GU,120.669,31.2788,38492,0,0,0,14-3-28 23:23:10,1
4X6PS1B4GU,120.669,31.2788,38492,0,0,0,14-3-28 23:25:10,1
4X6PS1B4GU,120.669,31.2788,38492,0,0,0,14-3-28 23:27:10,1
4X6PS1B4GU,120.669,31.2788,38492,0,0,0,14-3-28 23:29:10,1
4X6PS1B4GU,120.669,31.2788,38492,0,0,0,14-3-28 23:31:10,1
4X6PS1B4GU,120.669,31.2788,38492,0,0,0,14-3-28 23:33:10,1
4X6PS1B4GU,120.669,31.2787,38492,0,0,0,14-3-28 23:35:10,1
4X6PS1B4GU,120.669,31.2787,38492,0,0,0,14-3-28 23:37:10,1
4X6PS1B4GU,120.669,31.2788,38492,0,0,0,14-3-28 23:39:10,1
4X6PS1B4GU,120.669,31.2788,38492,0,0,0,14-3-28 23:41:10,1
4X6PS1B4GU,120.669,31.2788,38492,0,0,0,14-3-28 23:43:10,1
4X6PS1B4GU,120.669,31.2788,38492,0,0,0,14-3-28 23:45:10,1
4X6PS1B4GU,120.669,31.2788,38492,0,0,0,14-3-28 23:47:10,1
4X6PS1B4GU,120.669,31.2788,38492,0,0,0,14-3-28 23:49:10,1
4X6PS1B4GU,120.669,31.2788,38492,0,0,0,14-3-28 23:51:10,1
4X6PS1B4GU,120.669,31.2788,38492,0,0,0,14-3-28 23:53:10,1
4X6PS1B4GU,120.669,31.2788,38492,0,0,0,14-3-28 23:55:10,1
4X6PS1B4GU,120.669,31.2788,38492,0,0,0,14-3-28 23:57:10,1
4X6PS1B4GU,120.669,31.2788,38492,0,0,0,14-3-28 23:59:10,1
4X6PS1B4GU,120.669,31.2788,38492,0,0,0,14-3-29 0:1:10,1
4X6PS1B4GU,120.669,31.2788,38492,0,0,0,14-3-29 0:3:10,1
4X6PS1B4GU,120.669,31.2788,38492,0,0,0,14-3-29 0:5:10,1
4X6PS1B4GU,120.669,31.2788,38492,0,0,0,14-3-29 0:7:10,1
4X6PS1B4GU,120.669,31.2788,38492,0,0,0,14-3-29 0:9:10,1
4X6PS1B4GU,120.669,31.2788,38492,0,0,0,14-3-29 0:11:10,1
4X6PS1B4GU,120.669,31.2788,38492,0,0,0,14-3-29 0:13:10,1
4X6PS1B4GU,120.669,31.2788,38492,0,0,0,14-3-29 0:15:10,1
4X6PS1B4GU,120.669,31.2787,38492,0,0,0,14-3-29 0:17:10,1
4X6PS1B4GU,120.669,31.2787,38492,0,0,0,14-3-29 0:19:10,1
4X6PS1B4GU,120.669,31.2788,38492,0,0,0,14-3-29 0:21:10,1
4X6PS1B4GU,120.669,31.2788,38492,0,0,0,14-3-29 0:23:10,1
4X6PS1B4GU,120.669,31.2788,38492,0,0,0,14-3-29 0:25:10,1
4X6PS1B4GU,120.669,31.2788,38492,0,0,0,14-3-29 0:27:10,1
4X6PS1B4GU,120.669,31.2788,38492,0,0,0,14-3-29 0:29:10,1
4X6PS1B4GU,120.669,31.2788,38492,0,0,0,14-3-29 0:31:10,1
4X6PS1B4GU,120.669,31.2788,38492,0,0,0,14-3-29 0:33:10,1
4X6PS1B4GU,120.669,31.2788,38492,0,0,0,14-3-29 0:35:10,1
4X6PS1B4GU,120.669,31.2788,38492,0,0,0,14-3-29 0:37:10,1
4X6PS1B4GU,120.669,31.2789,38492,0,0,0,14-3-29 0:39:10,1
4X6PS1B4GU,120.669,31.2788,38492,0,0,0,14-3-29 0:41:10,1
4X6PS1B4GU,120.669,31.2787,38492,0,0,0,14-3-29 0:43:10,1
4X6PS1B4GU,120.669,31.2788,38492,0,0,0,14-3-29 0:45:10,1
4X6PS1B4GU,120.669,31.2788,38492,0,0,0,14-3-29 0:47:10,1
4X6PS1B4GU,120.669,31.2789,38492,0,0,0,14-3-29 0:49:10,1
4X6PS1B4GU,120.669,31.2788,38492,0,0,0,14-3-29 0:51:10,1
4X6PS1B4GU,120.669,31.2788,38492,0,0,0,14-3-29 0:53:10,1
4X6PS1B4GU,120.669,31.2788,38492,0,0,0,14-3-29 0:55:10,1
4X6PS1B4GU,120.669,31.2788,38492,0,0,0,14-3-29 0:57:10,1
4X6PS1B4GU,120.669,31.2788,38492,0,0,0,14-3-29 0:59:10,1
4X6PS1B4GU,120.669,31.2788,38492,0,0,0,14-3-29 1:1:10,1
4X6PS1B4GU,120.669,31.2788,38492,0,0,0,14-3-29 1:3:10,1
4X6PS1B4GU,120.669,31.2788,38492,0,0,0,14-3-29 1:5:10,1
4X6PS1B4GU,120.669,31.2788,38492,0,0,0,14-3-29 1:7:10,1
4X6PS1B4GU,120.669,31.2788,38492,0,0,0,14-3-29 1:9:10,1
4X6PS1B4GU,120.669,31.2788,38492,0,0,0,14-3-29 1:11:10,1
4X6PS1B4GU,120.669,31.2788,38492,0,0,0,14-3-29 1:13:10,1
4X6PS1B4GU,120.669,31.2788,38492,0,0,0,14-3-29 1:15:10,1
4X6PS1B4GU,120.669,31.2788,38492,0,0,0,14-3-29 1:17:10,1
4X6PS1B4GU,120.669,31.2789,38492,0,0,0,14-3-29 1:19:10,1
4X6PS1B4GU,120.669,31.2789,38492,0,0,0,14-3-29 1:21:10,1
4X6PS1B4GU,120.669,31.2789,38492,0,0,0,14-3-29 1:23:10,1
4X6PS1B4GU,120.669,31.2788,38492,0,0,0,14-3-29 1:25:10,1
4X6PS1B4GU,120.669,31.2788,38492,0,0,0,14-3-29 1:27:10,1
4X6PS1B4GU,120.669,31.2788,38492,0,0,0,14-3-29 1:29:10,1
4X6PS1B4GU,120.669,31.2788,38492,0,0,0,14-3-29 1:31:10,1
4X6PS1B4GU,120.669,31.2789,38492,0,0,0,14-3-29 1:33:10,1
4X6PS1B4GU,120.669,31.2788,38492,0,0,0,14-3-29 1:35:10,1
4X6PS1B4GU,120.669,31.2788,38492,0,0,0,14-3-29 1:37:10,1
4X6PS1B4GU,120.669,31.2788,38492,0,0,0,14-3-29 1:39:10,1
4X6PS1B4GU,120.669,31.2788,38492,0,0,0,14-3-29 1:41:10,1
4X6PS1B4GU,120.669,31.2788,38492,0,0,0,14-3-29 1:43:10,1
4X6PS1B4GU,120.669,31.2788,38492,0,0,0,14-3-29 1:45:10,1
4X6PS1B4GU,120.669,31.2788,38492,0,0,0,14-3-29 1:47:10,1
4X6PS1B4GU,120.669,31.2788,38492,0,0,0,14-3-29 1:49:10,1
4X6PS1B4GU,120.669,31.2788,38492,0,0,0,14-3-29 1:51:10,1
4X6PS1B4GU,120.669,31.2788,38492,0,0,0,14-3-29 1:53:10,1
4X6PS1B4GU,120.669,31.2789,38492,0,0,0,14-3-29 1:55:10,1
4X6PS1B4GU,120.669,31.2788,38492,0,0,0,14-3-29 1:57:10,1
4X6PS1B4GU,120.669,31.2788,38492,0,0,0,14-3-29 1:59:10,1
4X6PS1B4GU,120.669,31.2788,38492,0,0,0,14-3-29 2:1:10,1
4X6PS1B4GU,120.669,31.2788,38492,0,0,0,14-3-29 2:3:10,1
4X6PS1B4GU,120.669,31.2788,38492,0,0,0,14-3-29 2:5:10,1
4X6PS1B4GU,120.669,31.2789,38492,0,0,0,14-3-29 2:7:10,1
4X6PS1B4GU,120.669,31.2789,38492,0,0,0,14-3-29 2:9:10,1
4X6PS1B4GU,120.669,31.2788,38492,0,0,0,14-3-29 2:11:10,1
4X6PS1B4GU,120.669,31.2788,38492,0,0,0,14-3-29 2:13:10,1
4X6PS1B4GU,120.669,31.2789,38492,0,0,0,14-3-29 2:15:10,1
4X6PS1B4GU,120.669,31.2789,38492,0,0,0,14-3-29 2:17:10,1
4X6PS1B4GU,120.669,31.2788,38492,0,0,0,14-3-29 2:19:10,1
4X6PS1B4GU,120.669,31.2789,38492,0,0,0,14-3-29 2:21:10,1
4X6PS1B4GU,120.669,31.2789,38492,0,0,0,14-3-29 2:23:10,1
4X6PS1B4GU,120.669,31.2789,38492,0,0,0,14-3-29 2:25:10,1
4X6PS1B4GU,120.669,31.2789,38492,0,0,0,14-3-29 2:27:10,1
4X6PS1B4GU,120.669,31.2789,38492,0,0,0,14-3-29 2:29:10,1
4X6PS1B4GU,120.669,31.2788,38492,0,0,0,14-3-29 2:31:10,1
4X6PS1B4GU,120.669,31.2788,38492,0,0,0,14-3-29 2:33:10,1
4X6PS1B4GU,120.669,31.2789,38492,0,0,0,14-3-29 2:35:10,1
4X6PS1B4GU,120.669,31.2788,38492,0,0,0,14-3-29 2:37:10,1
4X6PS1B4GU,120.669,31.2788,38492,0,0,0,14-3-29 2:39:10,1
4X6PS1B4GU,120.669,31.2788,38492,0,0,0,14-3-29 2:41:10,1
4X6PS1B4GU,120.669,31.2789,38492,0,0,0,14-3-29 2:43:10,1
4X6PS1B4GU,120.669,31.2788,38492,0,0,0,14-3-29 2:45:10,1
4X6PS1B4GU,120.669,31.2788,38492,0,0,0,14-3-29 2:47:10,1
4X6PS1B4GU,120.669,31.2788,38492,0,0,0,14-3-29 2:49:10,1
4X6PS1B4GU,120.669,31.2789,38492,0,0,0,14-3-29 2:51:10,1
4X6PS1B4GU,120.669,31.2788,38492,0,0,0,14-3-29 2:53:10,1
4X6PS1B4GU,120.669,31.2789,38492,0,0,0,14-3-29 2:55:10,1
4X6PS1B4GU,120.669,31.2789,38492,0,0,0,14-3-29 2:57:10,1
4X6PS1B4GU,120.669,31.2789,38492,0,0,0,14-3-29 2:59:10,1
4X6PS1B4GU,120.669,31.2788,38492,0,0,0,14-3-29 3:1:10,1
4X6PS1B4GU,120.669,31.2788,38492,0,0,0,14-3-29 3:3:10,1
4X6PS1B4GU,120.669,31.2788,38492,0,0,0,14-3-29 3:5:10,1
4X6PS1B4GU,120.669,31.2788,38492,0,0,0,14-3-29 3:7:10,1
4X6PS1B4GU,120.669,31.2788,38492,0,0,0,14-3-29 3:9:10,1
4X6PS1B4GU,120.669,31.2788,38492,0,0,0,14-3-29 3:11:10,1
4X6PS1B4GU,120.669,31.2788,38492,0,0,0,14-3-29 3:13:10,1
4X6PS1B4GU,120.669,31.2788,38492,0,0,0,14-3-29 3:15:10,1
4X6PS1B4GU,120.669,31.2788,38492,0,0,0,14-3-29 3:17:10,1
4X6PS1B4GU,120.669,31.2788,38492,0,0,0,14-3-29 3:19:10,1
4X6PS1B4GU,120.669,31.2788,38492,0,0,0,14-3-29 3:21:10,1
4X6PS1B4GU,120.669,31.2788,38492,0,0,0,14-3-29 3:23:10,1
4X6PS1B4GU,120.669,31.2788,38492,0,0,0,14-3-29 3:25:10,1
4X6PS1B4GU,120.669,31.2788,38492,0,0,0,14-3-29 3:27:10,1
4X6PS1B4GU,120.669,31.2788,38492,0,0,0,14-3-29 3:29:10,1
4X6PS1B4GU,120.669,31.2788,38492,0,0,0,14-3-29 3:31:10,1
4X6PS1B4GU,120.669,31.2788,38492,0,0,0,14-3-29 3:33:10,1
4X6PS1B4GU,120.669,31.2788,38492,0,0,0,14-3-29 3:35:10,1
4X6PS1B4GU,120.669,31.2788,38492,0,0,0,14-3-29 3:37:10,1
4X6PS1B4GU,120.669,31.2788,38492,0,0,0,14-3-29 3:39:10,1
4X6PS1B4GU,120.669,31.2788,38492,0,0,0,14-3-29 3:41:10,1
4X6PS1B4GU,120.669,31.2788,38492,0,0,0,14-3-29 3:43:10,1
4X6PS1B4GU,120.669,31.2788,38492,0,0,0,14-3-29 3:45:10,1
4X6PS1B4GU,120.669,31.2788,38492,0,0,0,14-3-29 3:47:10,1
4X6PS1B4GU,120.669,31.2788,38492,0,0,0,14-3-29 3:49:10,1
4X6PS1B4GU,120.669,31.2788,38492,0,0,0,14-3-29 3:51:10,1
4X6PS1B4GU,120.669,31.2788,38492,0,0,0,14-3-29 3:53:10,1
4X6PS1B4GU,120.669,31.2788,38492,0,0,0,14-3-29 3:55:10,1
4X6PS1B4GU,120.669,31.2788,38492,0,0,0,14-3-29 3:57:10,1
4X6PS1B4GU,120.669,31.2788,38492,0,0,0,14-3-29 3:59:10,1
4X6PS1B4GU,120.669,31.2787,38492,0,0,0,14-3-29 4:1:10,1
4X6PS1B4GU,120.669,31.2788,38492,0,0,0,14-3-29 4:3:10,1
4X6PS1B4GU,120.669,31.2788,38492,0,0,0,14-3-29 4:5:10,1
4X6PS1B4GU,120.669,31.2788,38492,0,0,0,14-3-29 4:7:10,1
4X6PS1B4GU,120.669,31.2788,38492,0,0,0,14-3-29 4:9:10,1
4X6PS1B4GU,120.669,31.2788,38492,0,0,0,14-3-29 4:11:10,1
4X6PS1B4GU,120.669,31.2788,38492,0,0,0,14-3-29 4:13:10,1
4X6PS1B4GU,120.669,31.2788,38492,0,0,0,14-3-29 4:15:10,1
4X6PS1B4GU,120.669,31.2788,38492,0,0,0,14-3-29 4:17:10,1
4X6PS1B4GU,120.669,31.2788,38492,0,0,0,14-3-29 4:19:10,1
4X6PS1B4GU,120.669,31.2788,38492,0,0,0,14-3-29 4:21:10,1
4X6PS1B4GU,120.669,31.2788,38492,0,0,0,14-3-29 4:23:10,1
4X6PS1B4GU,120.669,31.2788,38492,0,0,0,14-3-29 4:25:10,1
4X6PS1B4GU,120.669,31.2788,38492,0,0,0,14-3-29 4:27:10,1
4X6PS1B4GU,120.669,31.2787,38492,0,0,0,14-3-29 4:29:10,1
4X6PS1B4GU,120.669,31.2788,38492,0,0,0,14-3-29 4:31:10,1
4X6PS1B4GU,120.669,31.2788,38492,0,0,0,14-3-29 4:33:10,1
4X6PS1B4GU,120.669,31.2788,38492,0,0,0,14-3-29 4:35:10,1
4X6PS1B4GU,120.669,31.2788,38492,0,0,0,14-3-29 4:37:10,1
4X6PS1B4GU,120.669,31.2787,38492,0,0,0,14-3-29 4:39:10,1
4X6PS1B4GU,120.669,31.2787,38492,0,0,0,14-3-29 4:41:10,1
4X6PS1B4GU,120.669,31.2788,38492,0,0,0,14-3-29 4:43:10,1
4X6PS1B4GU,120.669,31.2788,38492,0,0,0,14-3-29 4:45:10,1
4X6PS1B4GU,120.669,31.2788,38492,0,0,0,14-3-29 4:47:10,1
4X6PS1B4GU,120.669,31.2788,38492,0,0,0,14-3-29 4:49:10,1
4X6PS1B4GU,120.669,31.2788,38492,0,0,0,14-3-29 4:51:10,1
4X6PS1B4GU,120.669,31.2788,38492,0,0,0,14-3-29 4:53:10,1
4X6PS1B4GU,120.669,31.2787,38492,0,0,0,14-3-29 4:55:10,1
4X6PS1B4GU,120.669,31.2788,38492,0,0,0,14-3-29 4:57:10,1
4X6PS1B4GU,120.669,31.2788,38492,0,0,0,14-3-29 4:59:10,1
4X6PS1B4GU,120.669,31.2788,38492,0,0,0,14-3-29 5:1:10,1
4X6PS1B4GU,120.669,31.2788,38492,0,0,0,14-3-29 5:3:10,1
4X6PS1B4GU,120.669,31.2788,38492,0,0,0,14-3-29 5:5:10,1
4X6PS1B4GU,120.669,31.2788,38492,0,0,0,14-3-29 5:7:10,1
4X6PS1B4GU,120.669,31.2788,38492,0,0,0,14-3-29 5:9:10,1
4X6PS1B4GU,120.669,31.2788,38492,0,0,0,14-3-29 5:11:10,1
4X6PS1B4GU,120.669,31.2788,38492,0,0,0,14-3-29 5:13:10,1
4X6PS1B4GU,120.669,31.2788,38492,0,0,0,14-3-29 5:15:10,1
4X6PS1B4GU,120.669,31.2788,38492,0,0,0,14-3-29 5:17:10,1
4X6PS1B4GU,120.669,31.2789,38492,0,0,0,14-3-29 5:19:10,1
4X6PS1B4GU,120.669,31.2788,38492,0,0,0,14-3-29 5:21:10,1
4X6PS1B4GU,120.669,31.2788,38492,0,0,0,14-3-29 5:23:10,1
4X6PS1B4GU,120.669,31.2788,38492,0,0,0,14-3-29 5:25:10,1
4X6PS1B4GU,120.669,31.2788,38492,0,0,0,14-3-29 5:27:10,1
4X6PS1B4GU,120.669,31.2788,38492,0,0,0,14-3-29 5:29:10,1
4X6PS1B4GU,120.669,31.2788,38492,0,0,0,14-3-29 5:31:10,1
4X6PS1B4GU,120.669,31.2788,38492,0,0,0,14-3-29 5:33:10,1
4X6PS1B4GU,120.669,31.2788,38492,0,0,0,14-3-29 5:35:10,1
4X6PS1B4GU,120.669,31.2788,38492,0,0,0,14-3-29 5:37:10,1
4X6PS1B4GU,120.669,31.2789,38492,0,0,0,14-3-29 5:39:10,1
4X6PS1B4GU,120.669,31.2788,38492,0,0,0,14-3-29 5:41:10,1
4X6PS1B4GU,120.669,31.2788,38492,0,0,0,14-3-29 5:43:10,1
4X6PS1B4GU,120.669,31.2788,38492,0,0,0,14-3-29 5:45:10,1
4X6PS1B4GU,120.669,31.2788,38492,0,0,0,14-3-29 5:47:10,1
4X6PS1B4GU,120.669,31.2789,38492,0,0,0,14-3-29 5:49:10,1
4X6PS1B4GU,120.669,31.2788,38492,0,0,0,14-3-29 5:51:10,1
4X6PS1B4GU,120.669,31.2788,38492,0,0,0,14-3-29 5:53:10,1
4X6PS1B4GU,120.669,31.2788,38492,0,0,0,14-3-29 5:55:10,1
4X6PS1B4GU,120.669,31.2788,38492,0,0,0,14-3-29 5:57:10,1
4X6PS1B4GU,120.669,31.2788,38492,0,0,0,14-3-29 5:59:10,1
4X6PS1B4GU,120.669,31.2788,38492,0,0,0,14-3-29 6:1:10,1
4X6PS1B4GU,120.669,31.2788,38492,0,0,0,14-3-29 6:3:10,1
4X6PS1B4GU,120.669,31.2788,38492,0,0,0,14-3-29 6:5:10,1
4X6PS1B4GU,120.669,31.2788,38492,0,0,0,14-3-29 6:7:10,1
4X6PS1B4GU,120.669,31.2789,38492,0,0,0,14-3-29 6:9:10,1
4X6PS1B4GU,120.669,31.2788,38492,0,0,0,14-3-29 6:11:10,1
4X6PS1B4GU,120.669,31.2789,38492,0,0,0,14-3-29 6:13:10,1
4X6PS1B4GU,120.669,31.2789,38492,0,0,0,14-3-29 6:15:10,1
4X6PS1B4GU,120.669,31.2789,38492,0,0,0,14-3-29 6:17:10,1
4X6PS1B4GU,120.669,31.2788,38492,0,0,0,14-3-29 6:19:10,1
4X6PS1B4GU,120.669,31.2788,38492,0,0,0,14-3-29 6:21:10,1
4X6PS1B4GU,120.669,31.2788,38492,0,0,0,14-3-29 6:23:10,1
4X6PS1B4GU,120.669,31.2788,38492,0,0,0,14-3-29 6:25:10,1
4X6PS1B4GU,120.669,31.2788,38492,0,0,0,14-3-29 6:27:10,1
4X6PS1B4GU,120.669,31.2788,38492,0,0,0,14-3-29 6:29:10,1
4X6PS1B4GU,120.669,31.2788,38492,0,0,0,14-3-29 6:31:10,1
4X6PS1B4GU,120.669,31.2788,38492,0,0,0,14-3-29 6:33:10,1
4X6PS1B4GU,120.669,31.2789,38492,0,0,0,14-3-29 6:35:10,1
4X6PS1B4GU,120.669,31.2789,38492,0,0,0,14-3-29 6:37:10,1
4X6PS1B4GU,120.669,31.2789,38492,0,0,0,14-3-29 6:39:10,1
4X6PS1B4GU,120.669,31.2789,38492,0,0,0,14-3-29 6:41:10,1
4X6PS1B4GU,120.669,31.2789,38492,0,0,0,14-3-29 6:43:10,1
4X6PS1B4GU,120.669,31.2789,38492,0,0,0,14-3-29 6:45:10,1
4X6PS1B4GU,120.669,31.2789,38492,0,0,0,14-3-29 6:47:10,1
4X6PS1B4GU,120.669,31.2789,38492,0,0,0,14-3-29 6:49:10,1
4X6PS1B4GU,120.669,31.2788,38492,0,0,0,14-3-29 6:51:10,1
4X6PS1B4GU,120.669,31.2788,38492,0,0,0,14-3-29 6:53:10,1
4X6PS1B4GU,120.669,31.2788,38492,0,0,0,14-3-29 6:55:10,1
4X6PS1B4GU,120.669,31.2788,38492,0,0,0,14-3-29 6:57:10,1
4X6PS1B4GU,120.669,31.2788,38492,0,0,0,14-3-29 6:59:10,1
4X6PS1B4GU,120.669,31.2788,38492,0,0,0,14-3-29 7:1:10,1
4X6PS1B4GU,120.669,31.2788,38492,0,0,0,14-3-29 7:3:10,1
4X6PS1B4GU,120.669,31.2788,38492,0,0,0,14-3-29 7:5:10,1
4X6PS1B4GU,120.669,31.2788,38492,0,0,0,14-3-29 7:7:10,1
4X6PS1B4GU,120.669,31.2788,38492,0,0,0,14-3-29 7:9:10,1
4X6PS1B4GU,120.669,31.2788,38492,0,0,0,14-3-29 7:11:10,1
4X6PS1B4GU,120.669,31.2788,38492,0,0,0,14-3-29 7:13:10,1
4X6PS1B4GU,120.669,31.2788,38492,0,0,0,14-3-29 7:15:10,1
4X6PS1B4GU,120.669,31.2788,38492,0,0,0,14-3-29 7:17:10,1
4X6PS1B4GU,120.669,31.2788,38492,0,0,0,14-3-29 7:19:10,1
4X6PS1B4GU,120.669,31.2788,38492,0,0,0,14-3-29 7:21:10,1
4X6PS1B4GU,120.669,31.2788,38492,0,0,0,14-3-29 7:23:10,1
4X6PS1B4GU,120.669,31.2788,38492,0,0,0,14-3-29 7:25:10,1
4X6PS1B4GU,120.669,31.2788,38492,0,0,0,14-3-29 7:27:10,1
4X6PS1B4GU,120.669,31.2788,38492,0,0,0,14-3-29 7:29:10,1
4X6PS1B4GU,120.669,31.2788,38492,0,0,0,14-3-29 7:31:10,1
4X6PS1B4GU,120.669,31.2788,38492,0,0,0,14-3-29 7:33:10,1
4X6PS1B4GU,120.669,31.2788,38492,0,0,0,14-3-29 7:35:10,1
4X6PS1B4GU,120.669,31.2788,38492,0,0,0,14-3-29 7:37:10,1
4X6PS1B4GU,120.669,31.2788,38492,0,0,0,14-3-29 7:39:10,1
4X6PS1B4GU,120.669,31.2788,38492,0,0,0,14-3-29 7:41:10,1
4X6PS1B4GU,120.669,31.2788,38492,0,0,0,14-3-29 7:43:10,1
4X6PS1B4GU,120.669,31.2789,38492,0,0,0,14-3-29 7:45:10,1
4X6PS1B4GU,120.669,31.2788,38492,0,0,0,14-3-29 7:47:10,1
4X6PS1B4GU,120.669,31.2788,38492,0,0,0,14-3-29 7:49:10,1
4X6PS1B4GU,120.669,31.2788,38492,0,0,0,14-3-29 7:51:10,1
4X6PS1B4GU,120.669,31.2788,38492,0,0,0,14-3-29 7:53:10,1
4X6PS1B4GU,120.669,31.2788,38492,0,0,0,14-3-29 7:55:10,1
4X6PS1B4GU,120.669,31.2788,38492,0,0,0,14-3-29 7:57:10,1
4X6PS1B4GU,120.669,31.2788,38492,0,0,0,14-3-29 7:59:10,1
4X6PS1B4GU,120.669,31.2788,38492,0,0,0,14-3-29 8:1:10,1
4X6PS1B4GU,120.669,31.2788,38492,0,0,0,14-3-29 8:3:10,1
4X6PS1B4GU,120.669,31.2788,38492,0,0,0,14-3-29 8:5:10,1
4X6PS1B4GU,120.669,31.2788,38492,0,0,0,14-3-29 8:7:10,1
4X6PS1B4GU,120.669,31.2788,38492,0,0,0,14-3-29 8:9:10,1
4X6PS1B4GU,120.669,31.2788,38492,0,0,0,14-3-29 8:11:10,1
4X6PS1B4GU,120.669,31.2788,38492,0,0,0,14-3-29 8:13:10,1
4X6PS1B4GU,120.669,31.2788,38492,0,0,0,14-3-29 8:15:10,1
4X6PS1B4GU,120.669,31.2788,38492,0,0,0,14-3-29 8:17:10,1
4X6PS1B4GU,120.669,31.2788,38492,0,0,0,14-3-29 8:19:10,1
4X6PS1B4GU,120.669,31.2788,38492,0,0,0,14-3-29 8:21:10,1
4X6PS1B4GU,120.669,31.2788,38492,0,0,0,14-3-29 8:23:10,1
4X6PS1B4GU,120.669,31.2788,38492,0,0,0,14-3-29 8:25:10,1
4X6PS1B4GU,120.669,31.2788,38492,0,0,0,14-3-29 8:27:10,1
4X6PS1B4GU,120.669,31.2788,38492,0,0,0,14-3-29 8:29:10,1
4X6PS1B4GU,120.669,31.2787,38492,0,0,0,14-3-29 8:31:10,1
4X6PS1B4GU,120.669,31.2788,38492,0,0,0,14-3-29 8:33:10,1
4X6PS1B4GU,120.669,31.2788,38492,0,0,0,14-3-29 8:35:10,1
4X6PS1B4GU,120.669,31.2788,38492,0,0,0,14-3-29 8:37:10,1
4X6PS1B4GU,120.669,31.2788,38492,0,0,0,14-3-29 8:39:10,1
4X6PS1B4GU,120.669,31.2788,38492,0,0,0,14-3-29 8:41:10,1
4X6PS1B4GU,120.669,31.2787,38492,0,0,0,14-3-29 8:43:10,1
4X6PS1B4GU,120.669,31.2788,38492,0,0,0,14-3-29 8:45:10,1
4X6PS1B4GU,120.669,31.2788,38492,0,0,0,14-3-29 8:47:10,1
4X6PS1B4GU,120.669,31.2788,38492,0,0,0,14-3-29 8:49:10,1
4X6PS1B4GU,120.669,31.2788,38492,0,0,0,14-3-29 8:51:10,1
4X6PS1B4GU,120.669,31.2788,38492,0,0,0,14-3-29 8:53:10,1
4X6PS1B4GU,120.669,31.2788,38492,0,0,0,14-3-29 8:55:10,1
4X6PS1B4GU,120.669,31.2788,38492,0,0,0,14-3-29 8:57:10,1
4X6PS1B4GU,120.669,31.2788,38492,0,0,0,14-3-29 8:59:10,1
4X6PS1B4GU,120.669,31.2788,38492,0,0,0,14-3-29 9:1:10,1
4X6PS1B4GU,120.669,31.2788,38492,0,0,0,14-3-29 9:3:10,1
4X6PS1B4GU,120.669,31.2788,38492,0,0,0,14-3-29 9:5:10,1
4X6PS1B4GU,120.669,31.2789,38492,0,0,0,14-3-29 9:7:10,1
4X6PS1B4GU,120.669,31.2788,38492,0,0,0,14-3-29 9:9:10,1
4X6PS1B4GU,120.669,31.2789,38492,0,0,0,14-3-29 9:11:10,1
4X6PS1B4GU,120.669,31.2788,38492,0,0,0,14-3-29 9:13:10,1
4X6PS1B4GU,120.669,31.2788,38492,0,0,0,14-3-29 9:15:10,1
4X6PS1B4GU,120.669,31.2788,38492,0,0,0,14-3-29 9:17:10,1
4X6PS1B4GU,120.669,31.2788,38492,0,0,0,14-3-29 9:19:10,1
4X6PS1B4GU,120.669,31.2788,38492,0,0,0,14-3-29 9:21:10,1
4X6PS1B4GU,120.669,31.2788,38492,0,0,0,14-3-29 9:23:10,1
4X6PS1B4GU,120.669,31.2788,38492,0,0,0,14-3-29 9:25:10,1
4X6PS1B4GU,120.669,31.2788,38492,0,0,0,14-3-29 9:27:10,1
4X6PS1B4GU,120.669,31.2788,38492,0,0,0,14-3-29 9:29:10,1
4X6PS1B4GU,120.669,31.2788,38492,0,0,0,14-3-29 9:31:10,1
4X6PS1B4GU,120.669,31.2788,38492,0,0,0,14-3-29 9:33:10,1
4X6PS1B4GU,120.669,31.2788,38492,0,0,0,14-3-29 9:35:10,1
4X6PS1B4GU,120.669,31.2788,38492,0,0,0,14-3-29 9:37:10,1
4X6PS1B4GU,120.669,31.2788,38492,0,0,0,14-3-29 9:39:10,1
4X6PS1B4GU,120.669,31.2788,38492,0,0,0,14-3-29 9:41:10,1
4X6PS1B4GU,120.669,31.2788,38492,0,0,0,14-3-29 9:43:10,1
4X6PS1B4GU,120.669,31.2787,38492,0,0,0,14-3-29 9:45:10,1
4X6PS1B4GU,120.669,31.2787,38492,0,0,0,14-3-29 9:47:10,1
4X6PS1B4GU,120.669,31.2787,38492,0,0,0,14-3-29 9:49:10,1
4X6PS1B4GU,120.669,31.2787,38492,0,0,0,14-3-29 9:51:10,1
4X6PS1B4GU,120.669,31.2787,38492,0,0,0,14-3-29 9:53:10,1
4X6PS1B4GU,120.669,31.2788,38492,0,0,0,14-3-29 9:55:10,1
4X6PS1B4GU,120.669,31.2788,38492,0,0,0,14-3-29 9:57:10,1
4X6PS1B4GU,120.669,31.2788,38492,0,0,0,14-3-29 9:59:10,1
4X6PS1B4GU,120.669,31.2788,38492,0,0,0,14-3-29 10:1:10,1
4X6PS1B4GU,120.669,31.2788,38492,0,0,0,14-3-29 10:3:10,1
4X6PS1B4GU,120.669,31.2789,38492,0,0,0,14-3-29 10:5:10,1
4X6PS1B4GU,120.669,31.2789,38492,0,0,0,14-3-29 10:7:10,1
4X6PS1B4GU,120.669,31.2788,38492,0,0,0,14-3-29 10:9:10,1
4X6PS1B4GU,120.669,31.2788,38492,0,0,0,14-3-29 10:11:10,1
4X6PS1B4GU,120.669,31.2788,38492,0,0,0,14-3-29 10:13:10,1
4X6PS1B4GU,120.669,31.2788,38492,0,0,0,14-3-29 10:15:10,1
4X6PS1B4GU,120.669,31.2788,38492,0,0,0,14-3-29 10:17:10,1
4X6PS1B4GU,120.669,31.2788,38492,0,0,0,14-3-29 10:19:10,1
4X6PS1B4GU,120.669,31.2789,38492,0,0,0,14-3-29 10:21:10,1
4X6PS1B4GU,120.669,31.2788,38492,0,0,0,14-3-29 10:23:10,1
4X6PS1B4GU,120.669,31.2788,38492,0,0,0,14-3-29 10:25:10,1
4X6PS1B4GU,120.669,31.2788,38492,0,0,0,14-3-29 10:27:10,1
4X6PS1B4GU,120.669,31.2788,38492,0,0,0,14-3-29 10:29:10,1
4X6PS1B4GU,120.669,31.2789,38492,0,0,0,14-3-29 10:31:10,1
4X6PS1B4GU,120.669,31.2789,38492,0,0,0,14-3-29 10:33:10,1
4X6PS1B4GU,120.669,31.2788,38492,0,0,0,14-3-29 10:35:10,1
4X6PS1B4GU,120.669,31.2788,38492,0,0,0,14-3-29 10:37:10,1
4X6PS1B4GU,120.669,31.2788,38492,0,0,0,14-3-29 10:39:10,1
4X6PS1B4GU,120.669,31.2789,38492,0,0,0,14-3-29 10:41:10,1
4X6PS1B4GU,120.669,31.2788,38492,0,0,0,14-3-29 10:43:10,1
4X6PS1B4GU,120.669,31.2788,38492,0,0,0,14-3-29 10:45:10,1
4X6PS1B4GU,120.669,31.2788,38492,0,0,0,14-3-29 10:47:10,1
4X6PS1B4GU,120.669,31.2788,38492,0,0,0,14-3-29 10:49:10,1
4X6PS1B4GU,120.669,31.2788,38492,0,0,0,14-3-29 10:51:10,1
4X6PS1B4GU,120.669,31.2788,38492,0,0,0,14-3-29 10:53:10,1
4X6PS1B4GU,120.669,31.2788,38492,0,0,0,14-3-29 10:55:10,1
4X6PS1B4GU,120.669,31.2788,38492,0,0,0,14-3-29 10:57:10,1
4X6PS1B4GU,120.669,31.2788,38492,0,0,0,14-3-29 10:59:10,1
4X6PS1B4GU,120.669,31.2788,38492,0,0,0,14-3-29 11:1:10,1
4X6PS1B4GU,120.669,31.2789,38492,0,0,0,14-3-29 11:3:10,1
4X6PS1B4GU,120.669,31.2789,38492,0,0,0,14-3-29 11:5:10,1
4X6PS1B4GU,120.669,31.2788,38492,0,0,0,14-3-29 11:7:10,1
4X6PS1B4GU,120.669,31.2788,38492,0,0,0,14-3-29 11:9:10,1
4X6PS1B4GU,120.669,31.2788,38492,0,0,0,14-3-29 11:11:10,1
4X6PS1B4GU,120.669,31.2788,38492,0,0,0,14-3-29 11:13:10,1
4X6PS1B4GU,120.669,31.2788,38492,0,0,0,14-3-29 11:15:10,1
4X6PS1B4GU,120.669,31.2788,38492,0,0,0,14-3-29 11:17:10,1
4X6PS1B4GU,120.669,31.2788,38492,0,0,0,14-3-29 11:19:10,1
4X6PS1B4GU,120.669,31.2788,38492,0,0,0,14-3-29 11:21:10,1
4X6PS1B4GU,120.669,31.2788,38492,0,0,0,14-3-29 11:23:10,1
4X6PS1B4GU,120.669,31.2788,38492,0,0,0,14-3-29 11:25:10,1
4X6PS1B4GU,120.669,31.2788,38492,0,0,0,14-3-29 11:27:10,1
4X6PS1B4GU,120.669,31.2788,38492,0,0,0,14-3-29 11:29:10,1
4X6PS1B4GU,120.669,31.2788,38492,0,0,0,14-3-29 11:31:10,1
4X6PS1B4GU,120.669,31.2788,38492,0,0,0,14-3-29 11:33:10,1
4X6PS1B4GU,120.669,31.2788,38492,0,0,0,14-3-29 11:35:10,1
4X6PS1B4GU,120.669,31.2788,38492,0,0,0,14-3-29 11:37:10,1
4X6PS1B4GU,120.669,31.2788,38492,0,0,0,14-3-29 11:39:10,1
4X6PS1B4GU,120.669,31.2789,38492,0,0,0,14-3-29 11:41:10,1
4X6PS1B4GU,120.669,31.2788,38492,0,0,0,14-3-29 11:43:10,1
4X6PS1B4GU,120.669,31.2788,38492,0,0,0,14-3-29 11:45:10,1
4X6PS1B4GU,120.669,31.2788,38492,0,0,0,14-3-29 11:47:10,1
4X6PS1B4GU,120.669,31.2789,38492,0,0,0,14-3-29 11:49:10,1
4X6PS1B4GU,120.669,31.2789,38492,0,0,0,14-3-29 11:51:10,1
4X6PS1B4GU,120.669,31.2789,38492,0,0,0,14-3-29 11:53:10,1
4X6PS1B4GU,120.669,31.2789,38492,0,0,0,14-3-29 11:55:10,1
4X6PS1B4GU,120.669,31.2789,38492,0,0,0,14-3-29 11:57:10,1
4X6PS1B4GU,120.669,31.2789,38492,0,0,0,14-3-29 11:59:10,1
4X6PS1B4GU,120.669,31.2789,38492,0,0,0,14-3-29 12:1:10,1
4X6PS1B4GU,120.669,31.2789,38492,0,0,0,14-3-29 12:3:10,1
4X6PS1B4GU,120.669,31.2789,38492,0,0,0,14-3-29 12:5:10,1
4X6PS1B4GU,120.669,31.2788,38492,0,0,0,14-3-29 12:7:10,1
4X6PS1B4GU,120.669,31.2788,38492,0,0,0,14-3-29 12:9:10,1
4X6PS1B4GU,120.669,31.2788,38492,0,0,0,14-3-29 12:11:10,1
4X6PS1B4GU,120.669,31.2788,38492,0,0,0,14-3-29 12:13:10,1
4X6PS1B4GU,120.669,31.2789,38492,0,0,0,14-3-29 12:15:10,1
4X6PS1B4GU,120.669,31.2788,38492,0,0,0,14-3-29 12:17:10,1
4X6PS1B4GU,120.669,31.2789,38492,0,0,0,14-3-29 12:19:10,1
4X6PS1B4GU,120.669,31.2788,38492,0,0,0,14-3-29 12:21:10,1
4X6PS1B4GU,120.669,31.2788,38492,0,0,0,14-3-29 12:23:10,1
4X6PS1B4GU,120.669,31.2789,38492,0,0,0,14-3-29 12:25:10,1
4X6PS1B4GU,120.669,31.2789,38492,0,0,0,14-3-29 12:27:10,1
4X6PS1B4GU,120.669,31.2789,38492,0,0,0,14-3-29 12:29:10,1
4X6PS1B4GU,120.669,31.2789,38492,0,0,0,14-3-29 12:31:10,1
4X6PS1B4GU,120.669,31.2789,38492,0,0,0,14-3-29 12:33:10,1
4X6PS1B4GU,120.669,31.2788,38492,0,0,0,14-3-29 12:35:10,1
4X6PS1B4GU,120.669,31.2788,38492,0,0,0,14-3-29 12:37:10,1
4X6PS1B4GU,120.669,31.2788,38492,0,0,0,14-3-29 12:39:10,1
4X6PS1B4GU,120.669,31.2788,38492,0,0,0,14-3-29 12:41:10,1
4X6PS1B4GU,120.669,31.2788,38492,0,0,0,14-3-29 12:43:10,1
4X6PS1B4GU,120.669,31.2788,38492,0,0,0,14-3-29 12:45:10,1
4X6PS1B4GU,120.669,31.2788,38492,0,0,0,14-3-29 12:47:10,1
4X6PS1B4GU,120.669,31.2789,38492,0,0,0,14-3-29 12:49:10,1
4X6PS1B4GU,120.669,31.2788,38492,0,0,0,14-3-29 12:51:10,1
4X6PS1B4GU,120.669,31.2788,38492,0,0,0,14-3-29 12:53:10,1
4X6PS1B4GU,120.669,31.2788,38492,0,0,0,14-3-29 12:55:10,1
4X6PS1B4GU,120.669,31.2788,38492,0,0,0,14-3-29 12:57:10,1
4X6PS1B4GU,120.669,31.2788,38492,0,0,0,14-3-29 12:59:10,1
4X6PS1B4GU,120.669,31.2788,38492,0,0,0,14-3-29 13:1:10,1
4X6PS1B4GU,120.669,31.2788,38492,0,0,0,14-3-29 13:3:10,1
4X6PS1B4GU,120.669,31.2788,38492,0,0,0,14-3-29 13:5:10,1
4X6PS1B4GU,120.669,31.2788,38492,0,0,0,14-3-29 13:7:10,1
4X6PS1B4GU,120.669,31.2788,38492,0,0,0,14-3-29 13:9:10,1
4X6PS1B4GU,120.669,31.2789,38492,0,0,0,14-3-29 13:11:10,1
4X6PS1B4GU,120.669,31.2788,38492,0,0,0,14-3-29 13:13:10,1
4X6PS1B4GU,120.669,31.2789,38492,0,0,0,14-3-29 13:15:10,1
4X6PS1B4GU,120.669,31.2788,38492,0,0,0,14-3-29 13:17:10,1
4X6PS1B4GU,120.669,31.2789,38492,0,0,0,14-3-29 13:19:10,1
4X6PS1B4GU,120.669,31.2789,38492,0,0,0,14-3-29 13:21:10,1
4X6PS1B4GU,120.669,31.2789,38492,0,0,0,14-3-29 13:23:10,1
4X6PS1B4GU,120.669,31.2789,38492,0,0,0,14-3-29 13:25:10,1
4X6PS1B4GU,120.669,31.2789,38492,0,0,0,14-3-29 13:27:10,1
4X6PS1B4GU,120.669,31.2789,38492,0,0,0,14-3-29 13:29:10,1
4X6PS1B4GU,120.669,31.2789,38492,0,0,0,14-3-29 13:31:10,1
4X6PS1B4GU,120.669,31.2789,38492,0,0,0,14-3-29 13:33:10,1
4X6PS1B4GU,120.669,31.2789,38492,0,0,0,14-3-29 13:35:10,1
4X6PS1B4GU,120.669,31.2788,38492,0,0,0,14-3-29 13:37:10,1
4X6PS1B4GU,120.669,31.2789,38492,0,0,0,14-3-29 13:39:10,1
4X6PS1B4GU,120.669,31.2788,38492,0,0,0,14-3-29 13:41:10,1
4X6PS1B4GU,120.669,31.2788,38492,0,0,0,14-3-29 13:43:10,1
4X6PS1B4GU,120.669,31.2788,38492,0,0,0,14-3-29 13:45:10,1
4X6PS1B4GU,120.669,31.2789,38492,0,0,0,14-3-29 13:47:10,1
4X6PS1B4GU,120.669,31.2788,38492,0,0,0,14-3-29 13:49:10,1
4X6PS1B4GU,120.669,31.2789,38492,0,0,0,14-3-29 13:51:10,1
4X6PS1B4GU,120.669,31.2789,38492,0,0,0,14-3-29 13:53:10,1
4X6PS1B4GU,120.669,31.2789,38492,0,0,0,14-3-29 13:55:10,1
4X6PS1B4GU,120.669,31.2788,38492,0,0,0,14-3-29 13:57:10,1
4X6PS1B4GU,120.669,31.2788,38492,0,0,0,14-3-29 13:59:10,1
4X6PS1B4GU,120.669,31.2788,38492,0,0,0,14-3-29 14:1:10,1
4X6PS1B4GU,120.669,31.2788,38492,0,0,0,14-3-29 14:3:10,1
4X6PS1B4GU,120.669,31.2788,38492,0,0,0,14-3-29 14:5:10,1
4X6PS1B4GU,120.669,31.2789,38492,0,0,0,14-3-29 14:7:10,1
4X6PS1B4GU,120.669,31.2788,38492,0,0,0,14-3-29 14:9:10,1
4X6PS1B4GU,120.669,31.2789,38492,0,0,0,14-3-29 14:11:10,1
4X6PS1B4GU,120.669,31.2789,38492,0,0,0,14-3-29 14:13:10,1
4X6PS1B4GU,120.669,31.2789,38492,0,0,0,14-3-29 14:15:10,1
4X6PS1B4GU,120.669,31.2789,38492,0,0,0,14-3-29 14:17:10,1
4X6PS1B4GU,120.669,31.2788,38492,0,0,0,14-3-29 14:19:10,1
4X6PS1B4GU,120.669,31.2788,38492,0,0,0,14-3-29 14:21:10,1
4X6PS1B4GU,120.669,31.2788,38492,0,0,0,14-3-29 14:23:10,1
4X6PS1B4GU,120.669,31.2789,38492,0,0,0,14-3-29 14:25:10,1
4X6PS1B4GU,120.669,31.2789,38492,0,0,0,14-3-29 14:27:10,1
4X6PS1B4GU,120.669,31.2788,38492,0,0,0,14-3-29 14:29:10,1
4X6PS1B4GU,120.669,31.2788,38492,0,0,0,14-3-29 14:31:10,1
4X6PS1B4GU,120.669,31.2788,38492,0,0,0,14-3-29 14:33:10,1
4X6PS1B4GU,120.669,31.2788,38492,0,0,0,14-3-29 14:35:10,1
4X6PS1B4GU,120.669,31.2788,38492,0,0,0,14-3-29 14:37:10,1
4X6PS1B4GU,120.669,31.2788,38492,0,0,0,14-3-29 14:39:10,1
4X6PS1B4GU,120.669,31.2789,38492,0,0,0,14-3-29 14:41:10,1
4X6PS1B4GU,120.669,31.2789,38492,0,0,0,14-3-29 14:43:10,1
4X6PS1B4GU,120.669,31.2789,38492,0,0,0,14-3-29 14:45:10,1
4X6PS1B4GU,120.669,31.2789,38492,0,0,0,14-3-29 14:47:10,1
4X6PS1B4GU,120.669,31.2789,38492,0,0,0,14-3-29 14:49:10,1
4X6PS1B4GU,120.669,31.2789,38492,0,0,0,14-3-29 14:51:10,1
4X6PS1B4GU,120.669,31.2789,38492,0,0,0,14-3-29 14:53:10,1
4X6PS1B4GU,120.669,31.2789,38492,0,0,0,14-3-29 14:55:10,1
4X6PS1B4GU,120.669,31.2789,38492,0,0,0,14-3-29 14:57:10,1
4X6PS1B4GU,120.669,31.2789,38492,0,0,0,14-3-29 14:59:10,1
4X6PS1B4GU,120.669,31.2789,38492,0,0,0,14-3-29 15:1:10,1
4X6PS1B4GU,120.669,31.2789,38492,0,0,0,14-3-29 15:3:10,1
4X6PS1B4GU,120.669,31.2789,38492,0,0,0,14-3-29 15:5:10,1
4X6PS1B4GU,120.669,31.2789,38492,0,0,0,14-3-29 15:7:10,1
4X6PS1B4GU,120.669,31.2789,38492,0,0,0,14-3-29 15:9:10,1
4X6PS1B4GU,120.669,31.2789,38492,0,0,0,14-3-29 15:11:10,1
4X6PS1B4GU,120.669,31.2789,38492,0,0,0,14-3-29 15:13:10,1
4X6PS1B4GU,120.669,31.2789,38492,0,0,0,14-3-29 15:15:10,1
4X6PS1B4GU,120.669,31.2789,38492,0,0,0,14-3-29 15:17:10,1
4X6PS1B4GU,120.669,31.2789,38492,0,0,0,14-3-29 15:19:10,1
4X6PS1B4GU,120.669,31.2788,38492,0,0,0,14-3-29 15:21:10,1
4X6PS1B4GU,120.669,31.2788,38492,0,0,0,14-3-29 15:23:10,1
4X6PS1B4GU,120.669,31.2788,38492,0,0,0,14-3-29 15:25:10,1
4X6PS1B4GU,120.669,31.2788,38492,0,0,0,14-3-29 15:27:10,1
4X6PS1B4GU,120.669,31.2788,38492,0,0,0,14-3-29 15:29:10,1
4X6PS1B4GU,120.669,31.2788,38492,0,0,0,14-3-29 15:31:10,1
4X6PS1B4GU,120.669,31.2788,38492,0,0,0,14-3-29 15:33:10,1
4X6PS1B4GU,120.669,31.2788,38492,0,0,0,14-3-29 15:35:10,1
4X6PS1B4GU,120.669,31.2788,38492,0,0,0,14-3-29 15:37:10,1
4X6PS1B4GU,120.669,31.2788,38492,0,0,0,14-3-29 15:39:10,1
4X6PS1B4GU,120.669,31.2788,38492,0,0,0,14-3-29 15:41:10,1
4X6PS1B4GU,120.669,31.2789,38492,0,0,0,14-3-29 15:43:10,1
4X6PS1B4GU,120.669,31.2788,38492,0,0,0,14-3-29 15:45:10,1
4X6PS1B4GU,120.669,31.2788,38492,0,0,0,14-3-29 15:47:10,1
4X6PS1B4GU,120.669,31.2788,38492,0,0,0,14-3-29 15:49:10,1
4X6PS1B4GU,120.669,31.2789,38492,0,0,0,14-3-29 15:51:10,1
4X6PS1B4GU,120.669,31.2788,38492,0,0,0,14-3-29 15:53:10,1
4X6PS1B4GU,120.669,31.2789,38492,0,0,0,14-3-29 15:55:10,1
4X6PS1B4GU,120.669,31.2788,38492,0,0,0,14-3-29 15:57:10,1
4X6PS1B4GU,120.669,31.2788,38492,0,0,0,14-3-29 15:59:10,1
4X6PS1B4GU,120.669,31.2788,38492,0,0,0,14-3-29 16:1:10,1
4X6PS1B4GU,120.669,31.2788,38492,0,0,0,14-3-29 16:3:10,1
4X6PS1B4GU,120.669,31.2788,38492,0,0,0,14-3-29 16:5:10,1
4X6PS1B4GU,120.669,31.2788,38492,0,0,0,14-3-29 16:7:10,1
4X6PS1B4GU,120.669,31.2788,38492,0,0,0,14-3-29 16:9:10,1
4X6PS1B4GU,120.669,31.2788,38492,0,0,0,14-3-29 16:11:10,1
4X6PS1B4GU,120.669,31.2789,38492,0,0,0,14-3-29 16:13:10,1
4X6PS1B4GU,120.669,31.2789,38492,0,0,0,14-3-29 16:15:10,1
4X6PS1B4GU,120.669,31.2789,38492,0,0,0,14-3-29 16:17:10,1
4X6PS1B4GU,120.669,31.2789,38492,0,0,0,14-3-29 16:19:10,1
4X6PS1B4GU,120.669,31.2788,38492,0,0,0,14-3-29 16:21:10,1
4X6PS1B4GU,120.669,31.2788,38492,0,0,0,14-3-29 16:23:10,1
4X6PS1B4GU,120.669,31.2789,38492,0,0,0,14-3-29 16:25:10,1
4X6PS1B4GU,120.669,31.2788,38492,0,0,0,14-3-29 16:27:10,1
4X6PS1B4GU,120.669,31.2789,38492,0,0,0,14-3-29 16:29:10,1
4X6PS1B4GU,120.669,31.2789,38492,0,0,0,14-3-29 16:31:10,1
4X6PS1B4GU,120.669,31.2788,38492,0,0,0,14-3-29 16:33:10,1
4X6PS1B4GU,120.669,31.2788,38492,0,0,0,14-3-29 16:35:10,1
4X6PS1B4GU,120.669,31.2788,38492,0,0,0,14-3-29 16:37:10,1
4X6PS1B4GU,120.669,31.2788,38492,0,0,0,14-3-29 16:39:10,1
4X6PS1B4GU,120.669,31.2788,38492,0,0,0,14-3-29 16:41:10,1
4X6PS1B4GU,120.669,31.2788,38492,0,0,0,14-3-29 16:43:10,1
4X6PS1B4GU,120.669,31.2788,38492,0,0,0,14-3-29 16:45:10,1
4X6PS1B4GU,120.669,31.2788,38492,0,0,0,14-3-29 16:47:10,1
4X6PS1B4GU,120.669,31.2788,38492,0,0,0,14-3-29 16:49:10,1
4X6PS1B4GU,120.669,31.2788,38492,0,0,0,14-3-29 16:51:10,1
4X6PS1B4GU,120.669,31.2788,38492,0,0,0,14-3-29 16:53:10,1
4X6PS1B4GU,120.669,31.2787,38492,0,0,0,14-3-29 16:55:10,1
4X6PS1B4GU,120.669,31.2788,38492,0,0,0,14-3-29 16:57:10,1
4X6PS1B4GU,120.669,31.2788,38492,0,0,0,14-3-29 16:59:10,1
4X6PS1B4GU,120.669,31.2788,38492,0,0,0,14-3-29 17:1:10,1
4X6PS1B4GU,120.669,31.2788,38492,0,0,0,14-3-29 17:3:10,1
4X6PS1B4GU,120.669,31.2788,38492,0,0,0,14-3-29 17:5:10,1
4X6PS1B4GU,120.669,31.2789,38492,0,0,0,14-3-29 17:7:10,1
4X6PS1B4GU,120.669,31.2788,38492,0,0,0,14-3-29 17:9:10,1
4X6PS1B4GU,120.669,31.2788,38492,0,0,0,14-3-29 17:11:10,1
4X6PS1B4GU,120.669,31.2789,38492,0,0,0,14-3-29 17:13:10,1
4X6PS1B4GU,120.669,31.2789,38492,0,0,0,14-3-29 17:15:10,1
4X6PS1B4GU,120.669,31.2789,38492,0,0,0,14-3-29 17:17:10,1
4X6PS1B4GU,120.669,31.2789,38492,0,0,0,14-3-29 17:19:10,1
4X6PS1B4GU,120.669,31.2789,38492,0,0,0,14-3-29 17:21:10,1
4X6PS1B4GU,120.669,31.2789,38492,0,0,0,14-3-29 17:23:10,1
4X6PS1B4GU,120.669,31.279,38492,0,0,0,14-3-29 17:25:10,1
4X6PS1B4GU,120.669,31.2789,38492,0,0,0,14-3-29 17:27:10,1
4X6PS1B4GU,120.669,31.2789,38492,0,0,0,14-3-29 17:29:10,1
4X6PS1B4GU,120.669,31.2789,38492,0,0,0,14-3-29 17:31:10,1
4X6PS1B4GU,120.669,31.2789,38492,0,0,0,14-3-29 17:33:10,1
4X6PS1B4GU,120.669,31.2789,38492,0,0,0,14-3-29 17:35:10,1
4X6PS1B4GU,120.669,31.2789,38492,0,0,0,14-3-29 17:37:10,1
4X6PS1B4GU,120.669,31.2789,38492,0,0,0,14-3-29 17:39:10,1
4X6PS1B4GU,120.669,31.2789,38492,0,0,0,14-3-29 17:41:10,1
4X6PS1B4GU,120.669,31.2789,38492,0,0,0,14-3-29 17:43:10,1
4X6PS1B4GU,120.669,31.2789,38492,0,0,0,14-3-29 17:45:10,1
4X6PS1B4GU,120.669,31.2788,38492,0,0,0,14-3-29 17:47:10,1
4X6PS1B4GU,120.669,31.2789,38492,0,0,0,14-3-29 17:49:10,1
4X6PS1B4GU,120.669,31.2789,38492,0,0,0,14-3-29 17:51:10,1
4X6PS1B4GU,120.669,31.2788,38492,0,0,0,14-3-29 17:53:10,1
4X6PS1B4GU,120.669,31.2788,38492,0,0,0,14-3-29 17:55:10,1
4X6PS1B4GU,120.669,31.2788,38492,0,0,0,14-3-29 17:57:10,1
4X6PS1B4GU,120.669,31.2788,38492,0,0,0,14-3-29 17:59:10,1
4X6PS1B4GU,120.669,31.2788,38492,0,0,0,14-3-29 18:1:10,1
4X6PS1B4GU,120.669,31.2788,38492,0,0,0,14-3-29 18:3:10,1
4X6PS1B4GU,120.669,31.2788,38492,0,0,0,14-3-29 18:5:10,1
4X6PS1B4GU,120.669,31.2788,38492,0,0,0,14-3-29 18:7:10,1
4X6PS1B4GU,120.669,31.2788,38492,0,0,0,14-3-29 18:9:10,1
4X6PS1B4GU,120.669,31.2789,38492,0,0,0,14-3-29 18:11:10,1
4X6PS1B4GU,120.669,31.2788,38492,0,0,0,14-3-29 18:13:10,1
4X6PS1B4GU,120.669,31.2788,38492,0,0,0,14-3-29 18:15:10,1
4X6PS1B4GU,120.669,31.2788,38492,0,0,0,14-3-29 18:17:10,1
4X6PS1B4GU,120.669,31.2788,38492,0,0,0,14-3-29 18:19:10,1
4X6PS1B4GU,120.669,31.2788,38492,0,0,0,14-3-29 18:21:10,1
4X6PS1B4GU,120.669,31.2788,38492,0,0,0,14-3-29 18:23:10,1
4X6PS1B4GU,120.669,31.2788,38492,0,0,0,14-3-29 18:25:10,1
4X6PS1B4GU,120.669,31.2788,38492,0,0,0,14-3-29 18:27:10,1
4X6PS1B4GU,120.669,31.2788,38492,0,0,0,14-3-29 18:29:10,1
4X6PS1B4GU,120.669,31.2788,38492,0,0,0,14-3-29 18:31:10,1
4X6PS1B4GU,120.669,31.2788,38492,0,0,0,14-3-29 18:33:10,1
4X6PS1B4GU,120.669,31.2788,38492,0,0,0,14-3-29 18:35:10,1
4X6PS1B4GU,120.669,31.2789,38492,0,0,0,14-3-29 18:37:10,1
4X6PS1B4GU,120.669,31.2789,38492,0,0,0,14-3-29 18:39:10,1
4X6PS1B4GU,120.669,31.2789,38492,0,0,0,14-3-29 18:41:10,1
4X6PS1B4GU,120.669,31.2789,38492,0,0,0,14-3-29 18:43:10,1
4X6PS1B4GU,120.669,31.2789,38492,0,0,0,14-3-29 18:45:10,1
4X6PS1B4GU,120.669,31.2789,38492,0,0,0,14-3-29 18:47:10,1
4X6PS1B4GU,120.669,31.2789,38492,0,0,0,14-3-29 18:49:10,1
4X6PS1B4GU,120.669,31.2789,38492,0,0,0,14-3-29 18:51:10,1
4X6PS1B4GU,120.669,31.2789,38492,0,0,0,14-3-29 18:53:10,1
4X6PS1B4GU,120.669,31.2789,38492,0,0,0,14-3-29 18:55:10,1
4X6PS1B4GU,120.669,31.2789,38492,0,0,0,14-3-29 18:57:10,1
4X6PS1B4GU,120.669,31.2789,38492,0,0,0,14-3-29 18:59:10,1
4X6PS1B4GU,120.669,31.2789,38492,0,0,0,14-3-29 19:1:10,1
4X6PS1B4GU,120.669,31.2789,38492,0,0,0,14-3-29 19:3:10,1
4X6PS1B4GU,120.669,31.2789,38492,0,0,0,14-3-29 19:5:10,1
4X6PS1B4GU,120.669,31.2789,38492,0,0,0,14-3-29 19:7:10,1
4X6PS1B4GU,120.669,31.2789,38492,0,0,0,14-3-29 19:9:10,1
4X6PS1B4GU,120.669,31.2789,38492,0,0,0,14-3-29 19:11:10,1
4X6PS1B4GU,120.669,31.2788,38492,0,0,0,14-3-29 19:13:10,1
4X6PS1B4GU,120.669,31.2788,38492,0,0,0,14-3-29 19:15:10,1
4X6PS1B4GU,120.669,31.2788,38492,0,0,0,14-3-29 19:17:10,1
4X6PS1B4GU,120.669,31.2788,38492,0,0,0,14-3-29 19:19:10,1
4X6PS1B4GU,120.669,31.2788,38492,0,0,0,14-3-29 19:21:10,1
4X6PS1B4GU,120.669,31.2788,38492,0,0,0,14-3-29 19:23:10,1
4X6PS1B4GU,120.669,31.2788,38492,0,0,0,14-3-29 19:25:10,1
4X6PS1B4GU,120.669,31.2788,38492,0,0,0,14-3-29 19:27:10,1
4X6PS1B4GU,120.669,31.2788,38492,0,0,0,14-3-29 19:29:10,1
4X6PS1B4GU,120.669,31.2788,38492,0,0,0,14-3-29 19:31:10,1
4X6PS1B4GU,120.669,31.2788,38492,0,0,0,14-3-29 19:33:10,1
4X6PS1B4GU,120.669,31.2788,38492,0,0,0,14-3-29 19:35:10,1
4X6PS1B4GU,120.669,31.2788,38492,0,0,0,14-3-29 19:37:10,1
4X6PS1B4GU,120.669,31.2788,38492,0,0,0,14-3-29 19:39:10,1
4X6PS1B4GU,120.669,31.2789,38492,0,0,0,14-3-29 19:41:10,1
4X6PS1B4GU,120.669,31.2789,38492,0,0,0,14-3-29 19:43:10,1
4X6PS1B4GU,120.669,31.2788,38492,0,0,0,14-3-29 19:45:10,1
4X6PS1B4GU,120.669,31.2788,38492,0,0,0,14-3-29 19:47:10,1
4X6PS1B4GU,120.669,31.2788,38492,0,0,0,14-3-29 19:49:10,1
4X6PS1B4GU,120.669,31.2788,38492,0,0,0,14-3-29 19:51:10,1
4X6PS1B4GU,120.669,31.2789,38492,0,0,0,14-3-29 19:53:10,1
4X6PS1B4GU,120.669,31.2788,38492,0,0,0,14-3-29 19:55:10,1
4X6PS1B4GU,120.669,31.2788,38492,0,0,0,14-3-29 19:57:10,1
4X6PS1B4GU,120.669,31.2788,38492,0,0,0,14-3-29 19:59:10,1
4X6PS1B4GU,120.669,31.2788,38492,0,0,0,14-3-29 20:1:10,1
4X6PS1B4GU,120.669,31.2788,38492,0,0,0,14-3-29 20:3:10,1
4X6PS1B4GU,120.669,31.2788,38492,0,0,0,14-3-29 20:5:10,1
4X6PS1B4GU,120.669,31.2788,38492,0,0,0,14-3-29 20:7:10,1
4X6PS1B4GU,120.669,31.2789,38492,0,0,0,14-3-29 20:9:10,1
4X6PS1B4GU,120.669,31.2789,38492,0,0,0,14-3-29 20:11:10,1
4X6PS1B4GU,120.669,31.2788,38492,0,0,0,14-3-29 20:13:10,1
4X6PS1B4GU,120.669,31.2788,38492,0,0,0,14-3-29 20:15:10,1
4X6PS1B4GU,120.669,31.2788,38492,0,0,0,14-3-29 20:17:10,1
4X6PS1B4GU,120.669,31.2788,38492,0,0,0,14-3-29 20:19:10,1
4X6PS1B4GU,120.669,31.2788,38492,0,0,0,14-3-29 20:21:10,1
4X6PS1B4GU,120.669,31.2788,38492,0,0,0,14-3-29 20:23:10,1
4X6PS1B4GU,120.669,31.2788,38492,0,0,0,14-3-29 20:25:10,1
4X6PS1B4GU,120.669,31.2788,38492,0,0,0,14-3-29 20:27:10,1
4X6PS1B4GU,120.669,31.2788,38492,0,0,0,14-3-29 20:29:10,1
4X6PS1B4GU,120.669,31.2788,38492,0,0,0,14-3-29 20:31:10,1
4X6PS1B4GU,120.669,31.2788,38492,0,0,0,14-3-29 20:33:10,1
4X6PS1B4GU,120.669,31.2789,38492,0,0,0,14-3-29 20:35:10,1
4X6PS1B4GU,120.669,31.2788,38492,0,0,0,14-3-29 20:37:10,1
4X6PS1B4GU,120.669,31.2788,38492,0,0,0,14-3-29 20:39:10,1
4X6PS1B4GU,120.669,31.2788,38492,0,0,0,14-3-29 20:41:10,1
4X6PS1B4GU,120.669,31.2788,38492,0,0,0,14-3-29 20:43:10,1
4X6PS1B4GU,120.669,31.2788,38492,0,0,0,14-3-29 20:45:10,1
4X6PS1B4GU,120.669,31.2788,38492,0,0,0,14-3-29 20:47:10,1
4X6PS1B4GU,120.669,31.2788,38492,0,0,0,14-3-29 20:49:10,1
4X6PS1B4GU,120.669,31.2789,38492,0,0,0,14-3-29 20:51:10,1
4X6PS1B4GU,120.669,31.2788,38492,0,0,0,14-3-29 20:53:10,1
4X6PS1B4GU,120.669,31.2788,38492,0,0,0,14-3-29 20:55:10,1
4X6PS1B4GU,120.669,31.2788,38492,0,0,0,14-3-29 20:57:10,1
4X6PS1B4GU,120.669,31.2788,38492,0,0,0,14-3-29 20:59:10,1
4X6PS1B4GU,120.669,31.2788,38492,0,0,0,14-3-29 21:1:10,1
4X6PS1B4GU,120.669,31.2788,38492,0,0,0,14-3-29 21:3:10,1
4X6PS1B4GU,120.669,31.2788,38492,0,0,0,14-3-29 21:5:10,1
4X6PS1B4GU,120.669,31.2788,38492,0,0,0,14-3-29 21:7:10,1
4X6PS1B4GU,120.669,31.2788,38492,0,0,0,14-3-29 21:9:10,1
4X6PS1B4GU,120.669,31.2789,38492,0,0,0,14-3-29 21:11:10,1
4X6PS1B4GU,120.669,31.2788,38492,0,0,0,14-3-29 21:13:10,1
4X6PS1B4GU,120.669,31.2788,38492,0,0,0,14-3-29 21:15:10,1
4X6PS1B4GU,120.669,31.2788,38492,0,0,0,14-3-29 21:17:10,1
4X6PS1B4GU,120.669,31.2788,38492,0,0,0,14-3-29 21:19:10,1
4X6PS1B4GU,120.669,31.2789,38492,0,0,0,14-3-29 21:21:10,1
4X6PS1B4GU,120.669,31.2788,38492,0,0,0,14-3-29 21:23:10,1
4X6PS1B4GU,120.669,31.2788,38492,0,0,0,14-3-29 21:25:10,1
4X6PS1B4GU,120.669,31.2789,38492,0,0,0,14-3-29 21:27:10,1
4X6PS1B4GU,120.669,31.2789,38492,0,0,0,14-3-29 21:29:10,1
4X6PS1B4GU,120.669,31.2789,38492,0,0,0,14-3-29 21:31:10,1
4X6PS1B4GU,120.669,31.279,38492,0,0,0,14-3-29 21:33:10,1
4X6PS1B4GU,120.669,31.279,38492,0,0,0,14-3-29 21:35:10,1
4X6PS1B4GU,120.669,31.2789,38492,0,0,0,14-3-29 21:37:10,1
4X6PS1B4GU,120.669,31.2789,38492,0,0,0,14-3-29 21:39:10,1
4X6PS1B4GU,120.669,31.2789,38492,0,0,0,14-3-29 21:41:10,1
4X6PS1B4GU,120.669,31.2789,38492,0,0,0,14-3-29 21:43:10,1
4X6PS1B4GU,120.669,31.2788,38492,0,0,0,14-3-29 21:45:10,1
4X6PS1B4GU,120.669,31.2788,38492,0,0,0,14-3-29 21:47:10,1
4X6PS1B4GU,120.669,31.2787,38492,0,0,0,14-3-29 21:49:10,1
4X6PS1B4GU,120.669,31.2787,38492,0,0,0,14-3-29 21:51:10,1
4X6PS1B4GU,120.669,31.2788,38492,0,0,0,14-3-29 21:53:10,1
4X6PS1B4GU,120.669,31.2787,38492,0,75,0,14-3-29 21:55:10,1
4X6PS1B4GU,120.669,31.2787,38492,0,0,0,14-3-29 21:57:10,1
4X6PS1B4GU,120.669,31.2788,38492,0,0,0,14-3-29 21:59:10,1
4X6PS1B4GU,120.669,31.2788,38492,0,0,0,14-3-29 22:1:10,1
4X6PS1B4GU,120.669,31.2788,38492,0,0,0,14-3-29 22:3:10,1
4X6PS1B4GU,120.669,31.2788,38492,0,0,0,14-3-29 22:5:10,1
4X6PS1B4GU,120.669,31.2788,38492,0,0,0,14-3-29 22:7:10,1
4X6PS1B4GU,120.669,31.2787,38492,0,0,0,14-3-29 22:9:10,1
4X6PS1B4GU,120.669,31.2787,38492,0,0,0,14-3-29 22:11:10,1
4X6PS1B4GU,120.669,31.2787,38492,0,0,0,14-3-29 22:13:10,1
4X6PS1B4GU,120.669,31.2787,38492,0,0,0,14-3-29 22:15:10,1
4X6PS1B4GU,120.669,31.2787,38492,0,0,0,14-3-29 22:17:10,1
4X6PS1B4GU,120.669,31.2787,38492,0,0,0,14-3-29 22:19:10,1
4X6PS1B4GU,120.669,31.2788,38492,0,0,0,14-3-29 22:21:10,1
4X6PS1B4GU,120.669,31.2788,38492,0,0,0,14-3-29 22:23:10,1
4X6PS1B4GU,120.669,31.2789,38492,0,0,0,14-3-29 22:25:10,1
4X6PS1B4GU,120.669,31.2789,38492,0,0,0,14-3-29 22:27:10,1
4X6PS1B4GU,120.669,31.2788,38492,0,0,0,14-3-29 22:29:10,1
4X6PS1B4GU,120.669,31.2788,38492,0,0,0,14-3-29 22:31:10,1
4X6PS1B4GU,120.669,31.2788,38492,0,0,0,14-3-29 22:33:10,1
4X6PS1B4GU,120.669,31.2788,38492,0,0,0,14-3-29 22:35:10,1
4X6PS1B4GU,120.669,31.2788,38492,0,0,0,14-3-29 22:37:10,1
4X6PS1B4GU,120.669,31.2788,38492,0,0,0,14-3-29 22:39:10,1
4X6PS1B4GU,120.669,31.2788,38492,0,0,0,14-3-29 22:41:10,1
4X6PS1B4GU,120.669,31.2788,38492,0,0,0,14-3-29 22:43:10,1
4X6PS1B4GU,120.669,31.2788,38492,0,0,0,14-3-29 22:45:10,1
4X6PS1B4GU,120.669,31.2788,38492,0,0,0,14-3-29 22:47:10,1
4X6PS1B4GU,120.669,31.2788,38492,0,0,0,14-3-29 22:49:10,1
4X6PS1B4GU,120.669,31.2788,38492,0,0,0,14-3-29 22:51:10,1
4X6PS1B4GU,120.669,31.2788,38492,0,0,0,14-3-29 22:53:10,1
4X6PS1B4GU,120.669,31.2788,38492,0,0,0,14-3-29 22:55:10,1
4X6PS1B4GU,120.669,31.2788,38492,0,0,0,14-3-29 22:57:10,1
4X6PS1B4GU,120.669,31.2788,38492,0,0,0,14-3-29 22:59:10,1
4X6PS1B4GU,120.669,31.2787,38492,0,0,0,14-3-29 23:1:10,1
4X6PS1B4GU,120.669,31.2788,38492,0,0,0,14-3-29 23:3:10,1
4X6PS1B4GU,120.669,31.2788,38492,0,0,0,14-3-29 23:5:10,1
4X6PS1B4GU,120.669,31.2788,38492,0,0,0,14-3-29 23:7:10,1
4X6PS1B4GU,120.669,31.2788,38492,0,0,0,14-3-29 23:9:10,1
4X6PS1B4GU,120.669,31.2789,38492,0,0,0,14-3-29 23:11:10,1
4X6PS1B4GU,120.669,31.2788,38492,0,0,0,14-3-29 23:13:10,1
4X6PS1B4GU,120.669,31.2788,38492,0,0,0,14-3-29 23:15:10,1
4X6PS1B4GU,120.669,31.2788,38492,0,0,0,14-3-29 23:17:10,1
4X6PS1B4GU,120.669,31.2788,38492,0,0,0,14-3-29 23:19:10,1
4X6PS1B4GU,120.669,31.2788,38492,0,0,0,14-3-29 23:21:10,1
4X6PS1B4GU,120.669,31.2787,38492,0,0,0,14-3-29 23:23:10,1
4X6PS1B4GU,120.669,31.2787,38492,0,0,0,14-3-29 23:25:10,1
4X6PS1B4GU,120.669,31.2787,38492,0,0,0,14-3-29 23:27:10,1
4X6PS1B4GU,120.669,31.2788,38492,0,0,0,14-3-29 23:29:10,1
4X6PS1B4GU,120.669,31.2788,38492,0,0,0,14-3-29 23:31:10,1
4X6PS1B4GU,120.669,31.2788,38492,0,0,0,14-3-29 23:33:10,1
4X6PS1B4GU,120.669,31.2788,38492,0,0,0,14-3-29 23:35:10,1
4X6PS1B4GU,120.669,31.2788,38492,0,0,0,14-3-29 23:37:10,1
4X6PS1B4GU,120.669,31.2788,38492,0,0,0,14-3-29 23:39:10,1
4X6PS1B4GU,120.669,31.2788,38492,0,0,0,14-3-29 23:41:10,1
4X6PS1B4GU,120.669,31.2788,38492,0,0,0,14-3-29 23:43:10,1
4X6PS1B4GU,120.669,31.2788,38492,0,0,0,14-3-29 23:45:10,1
4X6PS1B4GU,120.669,31.2788,38492,0,0,0,14-3-29 23:47:10,1
4X6PS1B4GU,120.669,31.2788,38492,0,0,0,14-3-29 23:49:10,1
4X6PS1B4GU,120.669,31.2788,38492,0,0,0,14-3-29 23:51:10,1
4X6PS1B4GU,120.669,31.2788,38492,0,0,0,14-3-29 23:53:10,1
4X6PS1B4GU,120.669,31.2788,38492,0,0,0,14-3-29 23:55:10,1
4X6PS1B4GU,120.669,31.2788,38492,0,0,0,14-3-29 23:57:10,1
4X6PS1B4GU,120.669,31.2788,38492,0,0,0,14-3-29 23:59:10,1
