59FGX7B7SI,121.289,31.36,0,0,0,0,14-3-29 10:59:10,1
59FGX7B7SI,121.289,31.36,0,0,0,0,14-3-29 10:59:21,1
59FGX7B7SI,121.289,31.36,0,0,0,0,14-3-29 11:0:46,1
59FGX7B7SI,121.289,31.36,0,0,0,0,14-3-29 11:0:55,1
59FGX7B7SI,121.289,31.36,0,0,0,0,14-3-29 11:1:4,1
59FGX7B7SI,120.724,30.6907,0,0,0,0,14-3-29 21:26:40,1
59FGX7B7SI,120.724,30.6907,0,0,0,0,14-3-29 21:27:3,1
59FGX7B7SI,120.724,30.6907,0,0,0,0,14-3-29 21:29:4,1
59FGX7B7SI,120.724,30.6907,0,0,0,0,14-3-29 21:31:5,1
59FGX7B7SI,120.724,30.6907,0,0,0,0,14-3-29 21:33:6,1
59FGX7B7SI,120.724,30.6907,0,0,0,0,14-3-29 21:35:7,1
59FGX7B7SI,120.724,30.6907,0,0,0,0,14-3-29 21:37:8,1
59FGX7B7SI,120.724,30.6907,0,0,0,0,14-3-29 21:39:9,1
59FGX7B7SI,120.724,30.6907,0,0,0,0,14-3-29 21:41:10,1
59FGX7B7SI,120.724,30.6907,0,0,0,0,14-3-29 21:43:11,1
59FGX7B7SI,120.724,30.6907,0,0,0,0,14-3-29 21:45:12,1
59FGX7B7SI,120.724,30.6907,0,0,0,0,14-3-29 21:49:15,1
59FGX7B7SI,120.724,30.6907,0,0,0,0,14-3-29 21:51:15,1
59FGX7B7SI,120.724,30.6907,0,0,0,0,14-3-29 21:53:17,1
59FGX7B7SI,120.724,30.6907,0,0,0,0,14-3-29 21:55:17,1
59FGX7B7SI,120.724,30.6907,0,0,0,0,14-3-29 21:57:18,1
59FGX7B7SI,120.724,30.6907,0,0,0,0,14-3-29 21:59:19,1
59FGX7B7SI,120.724,30.6907,0,0,0,0,14-3-29 22:1:20,1
59FGX7B7SI,120.724,30.6907,0,0,0,0,14-3-29 22:3:21,1
59FGX7B7SI,120.724,30.6907,0,0,0,0,14-3-29 22:5:23,1
59FGX7B7SI,120.724,30.6907,0,0,0,0,14-3-29 22:7:23,1
59FGX7B7SI,120.724,30.6907,0,0,0,0,14-3-29 22:9:24,1
59FGX7B7SI,120.724,30.6907,0,0,0,0,14-3-29 22:11:25,1
59FGX7B7SI,120.724,30.6907,0,0,0,0,14-3-29 22:13:26,1
59FGX7B7SI,120.724,30.6907,0,0,0,0,14-3-29 22:15:27,1
59FGX7B7SI,120.724,30.6907,0,0,0,0,14-3-29 22:17:29,1
59FGX7B7SI,120.724,30.6907,0,0,0,0,14-3-29 22:19:29,1
59FGX7B7SI,120.724,30.6907,0,0,0,0,14-3-29 22:21:30,1
59FGX7B7SI,120.724,30.6907,0,0,0,0,14-3-29 22:23:32,1
59FGX7B7SI,120.724,30.6907,0,0,0,0,14-3-29 22:25:32,1
59FGX7B7SI,120.724,30.6907,0,0,0,0,14-3-29 22:29:44,1
59FGX7B7SI,120.724,30.6907,0,0,0,0,14-3-29 22:31:44,1
59FGX7B7SI,120.725,30.7012,0,0,0,0,14-3-29 22:33:45,1
59FGX7B7SI,120.713,30.7041,0,0,0,0,14-3-29 22:35:46,1
59FGX7B7SI,120.706,30.7127,0,0,0,0,14-3-29 22:37:47,1
59FGX7B7SI,120.71,30.7195,0,0,0,0,14-3-29 22:41:50,1
59FGX7B7SI,120.71,30.7195,0,0,0,0,14-3-29 22:43:50,0
59FGX7B7SI,120.75,30.6866,0,0,0,0,14-3-29 22:45:52,1
59FGX7B7SI,120.761,30.6742,0,0,0,0,14-3-29 22:47:52,1
59FGX7B7SI,120.748,30.6624,0,0,0,0,14-3-29 22:49:53,1
59FGX7B7SI,120.748,30.6624,0,0,0,0,14-3-29 22:51:54,0
59FGX7B7SI,120.748,30.6624,0,0,0,0,14-3-29 22:53:55,0
59FGX7B7SI,120.672,30.6226,0,0,0,0,14-3-29 22:57:58,1
59FGX7B7SI,120.672,30.6226,0,0,0,0,14-3-29 22:59:58,1
59FGX7B7SI,120.672,30.6226,0,0,0,0,14-3-29 23:1:59,1
59FGX7B7SI,120.672,30.6226,0,0,0,0,14-3-29 23:4:1,1
59FGX7B7SI,120.672,30.6226,0,0,0,0,14-3-29 23:6:1,1
59FGX7B7SI,120.672,30.6226,0,0,0,0,14-3-29 23:8:2,1
59FGX7B7SI,120.672,30.6226,0,0,0,0,14-3-29 23:10:3,1
59FGX7B7SI,120.663,30.6159,0,0,0,0,14-3-29 23:12:4,1
59FGX7B7SI,120.646,30.5999,0,0,0,0,14-3-29 23:14:5,1
59FGX7B7SI,120.646,30.5999,0,0,0,0,14-3-29 23:16:6,1
59FGX7B7SI,120.616,30.5646,0,0,0,0,14-3-29 23:18:7,1
59FGX7B7SI,120.596,30.5497,0,0,0,0,14-3-29 23:20:8,1
59FGX7B7SI,120.573,30.5399,0,0,0,0,14-3-29 23:22:9,1
59FGX7B7SI,120.573,30.5399,0,0,0,0,14-3-29 23:24:10,0
59FGX7B7SI,120.529,30.5277,0,0,0,0,14-3-29 23:26:12,1
59FGX7B7SI,120.502,30.5092,0,0,0,0,14-3-29 23:28:13,1
59FGX7B7SI,120.502,30.5092,0,0,0,0,14-3-29 23:30:14,1
59FGX7B7SI,120.463,30.4896,0,0,0,0,14-3-29 23:32:15,1
59FGX7B7SI,120.438,30.4793,0,0,0,0,14-3-29 23:34:16,1
59FGX7B7SI,120.414,30.4636,0,0,0,0,14-3-29 23:36:17,1
59FGX7B7SI,120.396,30.443,0,0,0,0,14-3-29 23:38:18,1
59FGX7B7SI,120.394,30.4264,0,0,0,0,14-3-29 23:40:19,1
59FGX7B7SI,120.395,30.4093,0,0,0,0,14-3-29 23:42:20,1
59FGX7B7SI,120.393,30.3914,0,0,0,0,14-3-29 23:44:20,1
59FGX7B7SI,120.388,30.3794,0,0,0,0,14-3-29 23:46:33,1
59FGX7B7SI,120.373,30.3485,0,0,0,0,14-3-29 23:48:34,1
59FGX7B7SI,120.366,30.3253,0,0,0,0,14-3-29 23:50:35,1
59FGX7B7SI,120.36,30.3074,0,0,0,0,14-3-29 23:52:36,1
59FGX7B7SI,120.352,30.2837,0,0,0,0,14-3-29 23:54:37,1
59FGX7B7SI,120.354,30.2622,0,0,0,0,14-3-29 23:56:38,1
59FGX7B7SI,120.359,30.2481,0,0,0,0,14-3-29 23:58:39,1
