5B3I66P4GU,114.294,22.7394,2141330,0,0,0,14-3-28 0:2:25,1
5B3I66P4GU,114.294,22.7394,2141330,0,0,0,14-3-28 0:2:29,1
5B3I66P4GU,114.294,22.7394,2141280,44,0,0,14-3-28 0:2:46,1
5B3I66P4GU,114.294,22.7394,2141330,0,0,0,14-3-28 0:6:39,1
5B3I66P4GU,114.294,22.7394,2141330,0,0,0,14-3-28 0:8:41,1
5B3I66P4GU,114.294,22.7394,2141330,0,0,0,14-3-28 0:26:30,1
5B3I66P4GU,114.294,22.7394,2141330,0,0,0,14-3-28 0:26:42,1
5B3I66P4GU,114.294,22.7394,2141330,0,0,0,14-3-28 0:42:20,1
5B3I66P4GU,114.294,22.7394,2141330,0,0,0,14-3-28 0:42:29,1
5B3I66P4GU,114.288,22.7326,2141340,0,0,0,14-3-29 17:54:14,1
5B3I66P4GU,114.288,22.7326,2141340,0,0,0,14-3-29 17:54:22,1
5B3I66P4GU,114.287,22.7312,2141342,9,100,0,14-3-29 17:55:3,1
5B3I66P4GU,114.277,22.7413,2141367,0,0,0,14-3-29 18:3:44,1
5B3I66P4GU,114.277,22.7413,2141367,0,0,0,14-3-29 18:3:56,1
5B3I66P4GU,114.278,22.7436,2141370,47,0,0,14-3-29 18:5:4,1
5B3I66P4GU,114.278,22.7458,2141372,47,0,0,14-3-29 18:5:22,1
5B3I66P4GU,114.278,22.7477,2141375,53,0,0,14-3-29 18:5:37,1
5B3I66P4GU,114.278,22.7497,2141377,3,0,0,14-3-29 18:6:5,1
5B3I66P4GU,114.278,22.7505,2141377,0,0,0,14-3-29 18:8:6,1
5B3I66P4GU,114.278,22.7509,2141378,16,140,0,14-3-29 18:8:55,1
5B3I66P4GU,114.277,22.7509,2141379,38,130,0,14-3-29 18:9:4,1
5B3I66P4GU,114.277,22.7509,2141379,42,130,0,14-3-29 18:9:8,1
5B3I66P4GU,114.275,22.7508,2141381,18,130,0,14-3-29 18:9:55,1
5B3I66P4GU,114.273,22.7507,2141384,9,130,0,14-3-29 18:10:19,1
5B3I66P4GU,114.273,22.7507,2141384,0,0,0,14-3-29 18:12:20,1
5B3I66P4GU,114.266,22.7506,2141390,25,175,0,14-3-29 18:15:20,1
5B3I66P4GU,114.266,22.7525,2141393,40,165,0,14-3-29 18:15:41,1
5B3I66P4GU,114.265,22.7538,2141395,14,125,0,14-3-29 18:16:0,1
5B3I66P4GU,114.263,22.7523,2141397,38,110,0,14-3-29 18:16:31,1
5B3I66P4GU,114.261,22.7512,2141399,49,115,0,14-3-29 18:16:47,1
5B3I66P4GU,114.26,22.7502,2141401,47,115,0,14-3-29 18:17:2,1
5B3I66P4GU,114.258,22.7492,2141403,51,120,0,14-3-29 18:17:18,1
5B3I66P4GU,114.256,22.7483,2141406,57,120,0,14-3-29 18:17:33,1
5B3I66P4GU,114.254,22.7477,2141408,51,120,0,14-3-29 18:17:49,1
5B3I66P4GU,114.252,22.7466,2141411,60,110,0,14-3-29 18:18:4,1
5B3I66P4GU,114.251,22.7451,2141413,66,105,0,14-3-29 18:18:16,1
5B3I66P4GU,114.248,22.7419,2141417,60,110,0,14-3-29 18:18:39,1
5B3I66P4GU,114.244,22.741,2141422,62,130,0,14-3-29 18:19:3,1
5B3I66P4GU,114.242,22.741,2141424,60,130,0,14-3-29 18:19:15,1
5B3I66P4GU,114.24,22.7409,2141426,64,130,0,14-3-29 18:19:28,1
5B3I66P4GU,114.237,22.7409,2141429,66,130,0,14-3-29 18:19:41,1
5B3I66P4GU,114.231,22.7408,2141436,62,130,0,14-3-29 18:20:18,1
5B3I66P4GU,114.229,22.7407,2141438,64,130,0,14-3-29 18:20:30,1
5B3I66P4GU,114.227,22.7404,2141440,64,120,0,14-3-29 18:20:41,1
5B3I66P4GU,114.225,22.7392,2141442,68,110,0,14-3-29 18:20:54,1
5B3I66P4GU,114.224,22.7379,2141445,69,110,0,14-3-29 18:21:5,1
5B3I66P4GU,114.224,22.7379,2141445,69,110,0,14-3-29 18:21:6,1
5B3I66P4GU,114.207,22.7251,2141470,66,90,0,14-3-29 18:23:16,1
5B3I66P4GU,114.206,22.7229,2141473,66,90,0,14-3-29 18:23:28,1
5B3I66P4GU,114.206,22.7205,2141476,64,95,0,14-3-29 18:23:43,1
5B3I66P4GU,114.205,22.7186,2141478,58,100,0,14-3-29 18:23:56,1
5B3I66P4GU,114.204,22.7168,2141480,69,100,0,14-3-29 18:24:9,1
5B3I66P4GU,114.201,22.7132,2141485,69,105,0,14-3-29 18:24:33,1
5B3I66P4GU,114.2,22.7114,2141488,71,100,0,14-3-29 18:24:45,1
5B3I66P4GU,114.198,22.7075,2141493,68,95,0,14-3-29 18:25:8,1
5B3I66P4GU,114.198,22.6994,2141498,71,85,0,14-3-29 18:25:52,1
5B3I66P4GU,114.198,22.6975,2141500,68,80,0,14-3-29 18:26:4,1
5B3I66P4GU,114.199,22.6955,2141502,64,75,0,14-3-29 18:26:16,1
5B3I66P4GU,114.199,22.6937,2141505,60,75,0,14-3-29 18:26:28,1
5B3I66P4GU,114.2,22.6914,2141507,55,75,0,14-3-29 18:26:43,1
5B3I66P4GU,114.202,22.687,2141510,64,75,0,14-3-29 18:27:12,1
5B3I66P4GU,114.203,22.6852,2141512,60,75,0,14-3-29 18:27:24,1
5B3I66P4GU,114.204,22.6831,2141514,49,85,0,14-3-29 18:27:39,1
5B3I66P4GU,114.204,22.6814,2141516,18,90,0,14-3-29 18:27:57,1
5B3I66P4GU,114.204,22.6792,2141519,46,95,0,14-3-29 18:28:33,1
5B3I66P4GU,114.202,22.678,2141521,47,125,0,14-3-29 18:28:48,1
5B3I66P4GU,114.2,22.6774,2141524,62,125,0,14-3-29 18:29:5,1
5B3I66P4GU,114.196,22.6754,2141528,71,115,0,14-3-29 18:29:29,1
5B3I66P4GU,114.194,22.6742,2141531,71,110,0,14-3-29 18:29:41,1
5B3I66P4GU,114.192,22.6724,2141534,69,110,0,14-3-29 18:29:55,1
5B3I66P4GU,114.188,22.6673,2141541,62,105,0,14-3-29 18:30:31,1
5B3I66P4GU,114.185,22.664,2141546,77,110,0,14-3-29 18:30:56,1
5B3I66P4GU,114.183,22.6625,2141549,79,110,0,14-3-29 18:31:7,1
5B3I66P4GU,114.181,22.6608,2141551,77,110,0,14-3-29 18:31:19,1
5B3I66P4GU,114.181,22.6606,2141551,77,110,0,14-3-29 18:31:20,1
5B3I66P4GU,114.177,22.6579,2141557,73,120,0,14-3-29 18:31:44,1
5B3I66P4GU,114.174,22.6569,2141560,66,125,0,14-3-29 18:31:58,1
5B3I66P4GU,114.173,22.6564,2141562,69,130,0,14-3-29 18:32:10,1
5B3I66P4GU,114.17,22.6562,2141564,69,130,0,14-3-29 18:32:22,1
5B3I66P4GU,114.166,22.6569,2141569,69,140,0,14-3-29 18:32:46,1
5B3I66P4GU,114.163,22.6578,2141572,71,140,0,14-3-29 18:32:59,1
5B3I66P4GU,114.161,22.6584,2141575,71,140,0,14-3-29 18:33:10,1
5B3I66P4GU,114.159,22.6592,2141577,68,140,0,14-3-29 18:33:22,1
5B3I66P4GU,114.156,22.6599,2141580,73,140,0,14-3-29 18:33:34,1
5B3I66P4GU,114.156,22.6599,2141580,73,140,0,14-3-29 18:33:36,1
5B3I66P4GU,114.149,22.6618,2141588,68,135,0,14-3-29 18:34:14,1
5B3I66P4GU,114.146,22.6617,2141591,64,130,0,14-3-29 18:34:25,1
5B3I66P4GU,114.144,22.6615,2141593,68,130,0,14-3-29 18:34:37,1
5B3I66P4GU,114.142,22.6613,2141595,69,130,0,14-3-29 18:34:49,1
5B3I66P4GU,114.139,22.6611,2141598,68,130,0,14-3-29 18:35:3,1
5B3I66P4GU,114.128,22.6633,2141611,69,145,0,14-3-29 18:36:7,1
5B3I66P4GU,114.123,22.6647,2141616,79,140,0,14-3-29 18:36:30,1
5B3I66P4GU,114.121,22.6651,2141619,69,135,0,14-3-29 18:36:42,1
5B3I66P4GU,114.119,22.6653,2141621,58,135,0,14-3-29 18:36:54,1
5B3I66P4GU,114.116,22.6653,2141623,69,130,0,14-3-29 18:37:9,1
5B3I66P4GU,114.114,22.6652,2141626,71,130,0,14-3-29 18:37:21,1
5B3I66P4GU,114.112,22.6651,2141628,68,130,0,14-3-29 18:37:32,1
5B3I66P4GU,114.109,22.6649,2141631,68,130,0,14-3-29 18:37:44,1
5B3I66P4GU,114.107,22.6648,2141633,66,130,0,14-3-29 18:37:56,1
5B3I66P4GU,114.105,22.6647,2141636,68,130,0,14-3-29 18:38:11,1
5B3I66P4GU,114.103,22.6646,2141638,69,130,0,14-3-29 18:38:21,1
5B3I66P4GU,114.099,22.6649,2141641,75,135,0,14-3-29 18:38:38,1
5B3I66P4GU,114.095,22.6656,2141646,69,140,0,14-3-29 18:38:57,1
5B3I66P4GU,114.093,22.6661,2141649,66,140,0,14-3-29 18:39:11,1
5B3I66P4GU,114.091,22.6665,2141651,66,140,0,14-3-29 18:39:22,1
5B3I66P4GU,114.089,22.667,2141653,69,140,0,14-3-29 18:39:34,1
5B3I66P4GU,114.087,22.6678,2141656,71,145,0,14-3-29 18:39:46,1
5B3I66P4GU,114.084,22.6689,2141658,82,150,0,14-3-29 18:39:58,1
5B3I66P4GU,114.082,22.6706,2141661,77,155,0,14-3-29 18:40:13,1
5B3I66P4GU,114.08,22.6721,2141664,71,150,0,14-3-29 18:40:24,1
5B3I66P4GU,114.078,22.6732,2141666,66,145,0,14-3-29 18:40:36,1
5B3I66P4GU,114.076,22.6739,2141669,68,140,0,14-3-29 18:40:49,1
5B3I66P4GU,114.065,22.677,2141681,77,150,0,14-3-29 18:41:44,1
5B3I66P4GU,114.057,22.682,2141692,79,145,0,14-3-29 18:42:30,1
5B3I66P4GU,114.04,22.6842,2141709,66,135,0,14-3-29 18:44:2,1
5B3I66P4GU,114.036,22.6841,2141713,60,130,0,14-3-29 18:44:23,1
5B3I66P4GU,114.032,22.684,2141718,49,130,0,14-3-29 18:44:51,1
5B3I66P4GU,114.029,22.684,2141721,64,135,0,14-3-29 18:45:6,1
5B3I66P4GU,114.025,22.6846,2141725,64,140,0,14-3-29 18:45:30,1
5B3I66P4GU,114.023,22.6851,2141728,69,140,0,14-3-29 18:45:42,1
5B3I66P4GU,114.021,22.6856,2141730,66,140,0,14-3-29 18:45:55,1
5B3I66P4GU,114.014,22.6866,2141737,57,135,0,14-3-29 18:46:31,1
5B3I66P4GU,114.01,22.6866,2141742,64,135,0,14-3-29 18:46:55,1
5B3I66P4GU,114.008,22.6867,2141744,71,135,0,14-3-29 18:47:7,1
5B3I66P4GU,113.986,22.6904,2141768,64,125,0,14-3-29 18:49:8,1
5B3I66P4GU,113.984,22.6898,2141771,66,120,0,14-3-29 18:49:19,1
5B3I66P4GU,113.982,22.689,2141773,69,120,0,14-3-29 18:49:30,1
5B3I66P4GU,113.98,22.6883,2141775,60,120,0,14-3-29 18:49:41,1
5B3I66P4GU,113.978,22.6876,2141777,51,125,0,14-3-29 18:49:57,1
5B3I66P4GU,113.976,22.6873,2141779,69,130,0,14-3-29 18:50:9,1
5B3I66P4GU,113.972,22.6871,2141784,71,130,0,14-3-29 18:50:31,1
5B3I66P4GU,113.967,22.6863,2141789,71,125,0,14-3-29 18:50:55,1
5B3I66P4GU,113.965,22.6858,2141792,71,125,0,14-3-29 18:51:6,1
5B3I66P4GU,113.963,22.6852,2141794,69,125,0,14-3-29 18:51:18,1
5B3I66P4GU,113.955,22.6832,2141802,66,120,0,14-3-29 18:51:56,1
5B3I66P4GU,113.954,22.6824,2141804,66,120,0,14-3-29 18:52:8,1
5B3I66P4GU,113.952,22.6814,2141807,73,120,0,14-3-29 18:52:20,1
5B3I66P4GU,113.949,22.68,2141810,69,115,0,14-3-29 18:52:34,1
5B3I66P4GU,113.947,22.6788,2141812,75,115,0,14-3-29 18:52:45,1
5B3I66P4GU,113.945,22.6773,2141815,73,110,0,14-3-29 18:52:57,1
5B3I66P4GU,113.944,22.6759,2141817,66,110,0,14-3-29 18:53:9,1
5B3I66P4GU,113.942,22.6744,2141820,79,115,0,14-3-29 18:53:21,1
5B3I66P4GU,113.939,22.6729,2141823,75,120,0,14-3-29 18:53:35,1
5B3I66P4GU,113.937,22.672,2141825,66,120,0,14-3-29 18:53:46,1
5B3I66P4GU,113.935,22.6712,2141828,66,120,0,14-3-29 18:53:58,1
5B3I66P4GU,113.933,22.6703,2141830,68,120,0,14-3-29 18:54:10,1
5B3I66P4GU,113.931,22.6692,2141832,71,115,0,14-3-29 18:54:22,1
5B3I66P4GU,113.929,22.6675,2141835,73,110,0,14-3-29 18:54:36,1
5B3I66P4GU,113.928,22.6658,2141838,71,105,0,14-3-29 18:54:48,1
5B3I66P4GU,113.926,22.6639,2141840,73,105,0,14-3-29 18:55:1,1
5B3I66P4GU,113.924,22.6623,2141843,75,110,0,14-3-29 18:55:13,1
5B3I66P4GU,113.923,22.6612,2141845,75,115,0,14-3-29 18:55:22,1
5B3I66P4GU,113.907,22.6592,2141863,69,135,0,14-3-29 18:56:49,1
5B3I66P4GU,113.904,22.6592,2141865,71,135,0,14-3-29 18:57:1,1
5B3I66P4GU,113.902,22.6593,2141868,68,135,0,14-3-29 18:57:13,1
5B3I66P4GU,113.9,22.6593,2141870,62,135,0,14-3-29 18:57:25,1
5B3I66P4GU,113.898,22.6595,2141872,57,135,0,14-3-29 18:57:37,1
5B3I66P4GU,113.894,22.6611,2141877,55,160,0,14-3-29 18:58:6,1
5B3I66P4GU,113.892,22.6672,2141884,58,170,0,14-3-29 18:58:45,1
5B3I66P4GU,113.892,22.6694,2141887,53,170,0,14-3-29 18:59:0,1
5B3I66P4GU,113.891,22.6711,2141889,27,170,0,14-3-29 18:59:16,1
5B3I66P4GU,113.89,22.6729,2141891,14,120,0,14-3-29 19:0:29,1
5B3I66P4GU,113.875,22.6704,2141910,36,130,0,14-3-29 19:6:39,1
5B3I66P4GU,113.873,22.6701,2141912,47,130,0,14-3-29 19:6:56,1
5B3I66P4GU,113.871,22.6698,2141914,46,130,0,14-3-29 19:7:12,1
5B3I66P4GU,113.862,22.6642,2141926,18,110,0,14-3-29 19:8:49,1
5B3I66P4GU,113.862,22.6636,2141926,31,105,0,14-3-29 19:8:58,1
5B3I66P4GU,113.862,22.6629,2141927,36,105,0,14-3-29 19:9:7,1
5B3I66P4GU,113.86,22.6612,2141930,29,105,0,14-3-29 19:9:30,1
5B3I66P4GU,113.859,22.6551,2141937,36,80,0,14-3-29 19:12:10,1
5B3I66P4GU,113.859,22.6534,2141939,22,75,0,14-3-29 19:12:30,1
5B3I66P4GU,113.86,22.6512,2141941,40,85,0,14-3-29 19:13:23,1
5B3I66P4GU,113.86,22.6493,2141943,42,85,0,14-3-29 19:13:40,1
5B3I66P4GU,113.86,22.6474,2141946,34,85,0,14-3-29 19:14:0,1
5B3I66P4GU,113.86,22.6455,2141948,23,90,0,14-3-29 19:14:20,1
5B3I66P4GU,113.859,22.6463,2141950,22,140,0,14-3-29 19:15:33,1
5B3I66P4GU,113.856,22.6462,2141953,12,130,0,14-3-29 19:16:51,1
5B3I66P4GU,113.855,22.6489,2141956,3,0,0,14-3-29 19:19:11,1
5B3I66P4GU,113.855,22.6491,2141956,0,0,0,14-3-29 19:20:35,1
5B3I66P4GU,113.855,22.6491,2141956,0,0,0,14-3-29 19:22:35,1
5B3I66P4GU,113.855,22.6492,2141956,0,0,0,14-3-29 19:24:39,1
5B3I66P4GU,113.855,22.6492,2141956,0,0,0,14-3-29 19:26:41,1
5B3I66P4GU,113.855,22.6492,2141956,0,0,0,14-3-29 19:30:42,1
5B3I66P4GU,113.855,22.6492,2141956,0,0,0,14-3-29 19:36:46,1
5B3I66P4GU,113.855,22.6492,2141956,0,0,0,14-3-29 19:38:51,1
5B3I66P4GU,113.855,22.6492,2141956,0,0,0,14-3-29 19:39:1,1
5B3I66P4GU,113.855,22.6492,2141956,0,0,0,14-3-29 19:39:12,1
5B3I66P4GU,113.855,22.6492,2141956,0,0,0,14-3-29 19:40:52,1
5B3I66P4GU,113.855,22.6492,2141956,0,0,0,14-3-29 19:42:52,1
5B3I66P4GU,113.855,22.6492,2141956,0,0,0,14-3-29 19:44:2,1
5B3I66P4GU,113.855,22.6492,2141956,0,0,0,14-3-29 19:44:52,1
5B3I66P4GU,113.855,22.6492,2141956,0,0,0,14-3-29 19:46:53,1
5B3I66P4GU,113.855,22.6492,2141956,0,0,0,14-3-29 19:48:56,1
5B3I66P4GU,113.855,22.6492,2141956,0,0,0,14-3-29 19:51:0,1
5B3I66P4GU,113.855,22.6492,2141956,0,0,0,14-3-29 19:53:2,1
5B3I66P4GU,113.855,22.6492,2141956,0,0,0,14-3-29 19:55:5,1
5B3I66P4GU,113.855,22.6492,2141956,0,0,0,14-3-29 19:58:21,1
5B3I66P4GU,113.855,22.6492,2141956,0,0,0,14-3-29 19:59:0,1
5B3I66P4GU,113.855,22.6492,2141956,0,0,0,14-3-29 20:1:8,1
5B3I66P4GU,113.855,22.6492,2141956,0,0,0,14-3-29 20:3:11,1
5B3I66P4GU,113.855,22.6492,2141956,0,0,0,14-3-29 20:5:11,1
5B3I66P4GU,113.855,22.6492,2141956,0,0,0,14-3-29 20:7:14,1
5B3I66P4GU,113.855,22.6492,2141956,0,0,0,14-3-29 20:9:14,1
5B3I66P4GU,113.855,22.6492,2141956,0,0,0,14-3-29 20:10:48,1
5B3I66P4GU,113.855,22.6492,2141956,0,0,0,14-3-29 20:10:57,1
5B3I66P4GU,113.855,22.6492,2141956,0,0,0,14-3-29 20:11:4,1
5B3I66P4GU,113.855,22.6492,2141956,0,0,0,14-3-29 20:13:19,1
5B3I66P4GU,113.855,22.6492,2141956,0,0,0,14-3-29 20:19:23,1
5B3I66P4GU,113.855,22.6492,2141956,0,0,0,14-3-29 20:21:26,1
5B3I66P4GU,113.855,22.6492,2141956,0,0,0,14-3-29 20:27:7,1
5B3I66P4GU,113.855,22.6492,2141956,0,0,0,14-3-29 20:27:22,1
5B3I66P4GU,113.855,22.6492,2141956,0,0,0,14-3-29 20:29:43,1
5B3I66P4GU,113.855,22.6492,2141956,0,0,0,14-3-29 20:31:43,1
5B3I66P4GU,113.855,22.6492,2141956,0,0,0,14-3-29 20:32:10,1
5B3I66P4GU,113.855,22.6492,2141956,0,0,0,14-3-29 20:33:44,1
5B3I66P4GU,113.855,22.6492,2141956,0,0,0,14-3-29 20:35:45,1
5B3I66P4GU,113.855,22.6492,2141956,0,0,0,14-3-29 20:37:14,1
5B3I66P4GU,113.855,22.6492,2141956,0,0,0,14-3-29 20:37:48,1
5B3I66P4GU,113.855,22.6492,2141956,0,0,0,14-3-29 20:39:48,1
5B3I66P4GU,113.855,22.6492,2141956,0,0,0,14-3-29 20:41:50,1
5B3I66P4GU,113.855,22.6492,2141956,0,0,0,14-3-29 20:43:50,1
5B3I66P4GU,113.855,22.6492,2141956,0,0,0,14-3-29 20:45:53,1
5B3I66P4GU,113.855,22.6492,2141956,0,0,0,14-3-29 20:47:54,1
5B3I66P4GU,113.855,22.6492,2141956,0,0,0,14-3-29 20:48:52,1
5B3I66P4GU,113.855,22.6492,2141956,0,0,0,14-3-29 20:49:0,1
5B3I66P4GU,113.855,22.6492,2141956,0,0,0,14-3-29 20:49:57,1
5B3I66P4GU,113.855,22.6492,2141956,0,0,0,14-3-29 20:51:58,1
5B3I66P4GU,113.855,22.6492,2141956,0,0,0,14-3-29 20:54:2,1
5B3I66P4GU,113.855,22.6492,2141956,0,0,0,14-3-29 20:56:1,1
5B3I66P4GU,113.855,22.6492,2141956,0,0,0,14-3-29 20:58:4,1
5B3I66P4GU,113.855,22.6492,2141956,0,0,0,14-3-29 21:16:6,1
5B3I66P4GU,114.294,22.7394,2141956,0,0,0,14-3-29 21:39:5,0
5B3I66P4GU,114.294,22.7394,2141956,0,0,0,14-3-29 21:39:17,0
5B3I66P4GU,114.294,22.7394,2141956,0,0,0,14-3-29 21:41:41,0
5B3I66P4GU,114.294,22.7394,2141956,0,0,0,14-3-29 21:50:4,0
5B3I66P4GU,114.294,22.7394,2141956,0,0,0,14-3-29 21:50:17,0
5B3I66P4GU,114.294,22.7394,2141956,0,0,0,14-3-29 21:52:19,0
5B3I66P4GU,114.294,22.7394,2141956,0,0,0,14-3-29 21:54:24,0
5B3I66P4GU,114.294,22.7394,2141956,0,0,0,14-3-29 21:58:25,0
5B3I66P4GU,114.294,22.7394,2141956,0,0,0,14-3-29 22:2:25,0
5B3I66P4GU,114.294,22.7394,2141956,0,0,0,14-3-29 22:6:16,0
5B3I66P4GU,114.294,22.7394,2141956,0,0,0,14-3-29 22:6:30,0
5B3I66P4GU,114.294,22.7394,2141956,0,0,0,14-3-29 22:9:52,0
5B3I66P4GU,114.294,22.7394,2141956,0,0,0,14-3-29 22:11:55,0
5B3I66P4GU,114.294,22.7394,2141956,0,0,0,14-3-29 22:13:56,0
5B3I66P4GU,114.294,22.7394,2141956,0,0,0,14-3-29 22:18:1,0
5B3I66P4GU,114.294,22.7394,2141956,0,0,0,14-3-29 22:29:58,0
5B3I66P4GU,114.294,22.7394,2141956,0,0,0,14-3-29 22:31:39,0
5B3I66P4GU,114.294,22.7394,2141956,0,0,0,14-3-29 22:40:41,0
5B3I66P4GU,114.294,22.7394,2141956,0,0,0,14-3-29 22:49:59,0
5B3I66P4GU,114.294,22.7394,2141956,0,0,0,14-3-29 22:50:11,0
5B3I66P4GU,114.294,22.7394,2141956,0,0,0,14-3-29 22:55:38,0
5B3I66P4GU,114.294,22.7394,2141956,0,0,0,14-3-29 23:3:35,0
5B3I66P4GU,114.294,22.7394,2141956,0,0,0,14-3-29 23:7:45,0
5B3I66P4GU,114.294,22.7394,2141956,0,0,0,14-3-29 23:32:30,0
5B3I66P4GU,114.294,22.7394,2141956,0,0,0,14-3-29 23:35:53,0
5B3I66P4GU,114.294,22.7394,2141956,0,0,0,14-3-29 23:43:10,0
5B3I66P4GU,114.294,22.7394,2141956,0,0,0,14-3-29 23:45:36,0
5B3I66P4GU,114.294,22.7394,2141956,0,0,0,14-3-29 23:48:20,0
5B3I66P4GU,114.294,22.7394,2141956,0,0,0,14-3-29 23:51:49,0
5B3I66P4GU,114.294,22.7394,2141956,0,0,0,14-3-29 23:55:55,0
