5GFX4U6PSI,113.356,35.173,5793901,79,25,0,14-3-28 0:0:29,1
5GFX4U6PSI,113.399,35.1915,5793947,77,30,0,14-3-28 0:3:41,1
5GFX4U6PSI,113.414,35.1965,5793962,75,35,0,14-3-28 0:4:49,1
5GFX4U6PSI,113.442,35.1999,5793989,71,40,0,14-3-28 0:6:53,1
5GFX4U6PSI,113.507,35.2261,5794060,62,15,0,14-3-28 0:13:18,1
5GFX4U6PSI,113.523,35.2448,5794086,58,20,0,14-3-28 0:15:28,1
5GFX4U6PSI,113.53,35.2504,5794095,47,20,0,14-3-28 0:16:30,1
5GFX4U6PSI,113.571,35.269,5794139,69,25,0,14-3-28 0:20:38,1
5GFX4U6PSI,113.576,35.2717,5794173,88,25,0,14-3-28 0:21:5,1
5GFX4U6PSI,114.269,35.6714,5795085,75,20,0,14-3-28 1:44:17,1
5GFX4U6PSI,114.274,35.6759,5795092,73,20,0,14-3-28 1:44:48,1
5GFX4U6PSI,114.287,35.692,5795115,75,15,0,14-3-28 1:46:29,1
5GFX4U6PSI,114.31,35.7233,5795157,77,10,0,14-3-28 1:49:36,1
5GFX4U6PSI,114.311,35.7242,5795158,77,10,0,14-3-28 1:49:41,1
5GFX4U6PSI,114.319,35.7612,5795201,77,0,0,14-3-28 1:52:55,1
5GFX4U6PSI,114.323,35.7809,5795224,79,0,0,14-3-28 1:54:37,1
5GFX4U6PSI,114.328,35.798,5795244,77,10,0,14-3-28 1:56:6,1
5GFX4U6PSI,114.353,35.8296,5795288,77,15,0,14-3-28 1:59:18,1
5GFX4U6PSI,114.356,35.833,5795293,77,15,0,14-3-28 1:59:39,1
5GFX4U6PSI,114.373,35.8637,5795331,77,10,0,14-3-28 2:2:30,1
5GFX4U6PSI,114.384,35.8876,5795360,79,5,0,14-3-28 2:4:40,1
5GFX4U6PSI,114.386,35.9002,5795374,79,0,0,14-3-28 2:5:42,1
5GFX4U6PSI,114.393,35.9395,5795420,80,5,0,14-3-28 2:8:54,1
5GFX4U6PSI,114.396,35.9504,5795433,80,5,0,14-3-28 2:9:49,1
5GFX4U6PSI,114.408,35.9771,5795466,84,5,0,14-3-28 2:12:6,1
5GFX4U6PSI,114.417,36.0108,5795506,82,0,0,14-3-28 2:14:50,1
5GFX4U6PSI,114.418,36.0161,5795512,84,0,0,14-3-28 2:15:15,1
5GFX4U6PSI,114.453,36.0252,5795554,75,50,0,14-3-28 2:18:28,1
5GFX4U6PSI,114.473,36.0236,5795572,73,40,0,14-3-28 2:19:52,1
5GFX4U6PSI,114.498,36.0277,5795596,73,35,0,14-3-28 2:21:41,1
5GFX4U6PSI,114.538,36.0463,5795639,79,30,0,14-3-28 2:24:53,1
5GFX4U6PSI,114.585,36.0517,5795684,77,40,0,14-3-28 2:28:4,1
5GFX4U6PSI,114.612,36.0535,5795710,77,45,0,14-3-28 2:29:54,1
5GFX4U6PSI,114.633,36.0496,5795730,80,50,0,14-3-28 2:31:19,1
5GFX4U6PSI,114.679,36.0428,5795774,79,40,0,14-3-28 2:34:31,1
5GFX4U6PSI,114.685,36.0428,5795780,77,45,0,14-3-28 2:34:56,1
5GFX4U6PSI,114.725,36.0357,5795818,77,45,0,14-3-28 2:37:43,1
5GFX4U6PSI,114.761,36.0318,5795852,80,50,0,14-3-28 2:40:5,1
5GFX4U6PSI,114.774,36.0297,5795864,84,45,0,14-3-28 2:40:55,1
5GFX4U6PSI,114.822,36.0311,5795910,75,45,0,14-3-28 2:44:7,1
5GFX4U6PSI,114.837,36.0295,5795923,86,50,0,14-3-28 2:45:7,1
5GFX4U6PSI,114.844,36.0282,5795930,84,50,0,14-3-28 2:45:34,1
5GFX4U6PSI,114.891,36.0228,5795975,82,40,0,14-3-28 2:48:46,1
5GFX4U6PSI,114.912,36.0238,5795995,80,45,0,14-3-28 2:50:9,1
5GFX4U6PSI,114.939,36.0201,5796021,80,50,0,14-3-28 2:51:58,1
5GFX4U6PSI,114.986,36.0217,5796065,79,30,0,14-3-28 2:55:10,1
5GFX4U6PSI,115.032,36.0289,5796110,75,40,0,14-3-28 2:58:23,1
5GFX4U6PSI,115.057,36.0351,5796134,77,30,0,14-3-28 3:0:11,1
5GFX4U6PSI,115.076,36.0429,5796154,79,35,0,14-3-28 3:1:35,1
5GFX4U6PSI,115.104,36.0518,5796186,57,20,0,14-3-28 3:4:47,1
5GFX4U6PSI,115.107,36.0547,5796190,68,20,0,14-3-28 3:5:12,1
5GFX4U6PSI,115.128,36.0826,5796228,73,5,0,14-3-28 3:7:59,1
5GFX4U6PSI,115.134,36.1077,5796257,73,0,0,14-3-28 3:10:13,1
5GFX4U6PSI,115.135,36.1189,5796270,77,5,0,14-3-28 3:11:11,1
5GFX4U6PSI,115.149,36.1561,5796314,82,5,0,14-3-28 3:14:23,1
5GFX4U6PSI,115.152,36.1664,5796327,80,0,0,14-3-28 3:15:14,1
5GFX4U6PSI,115.15,36.1869,5796351,77,170,0,14-3-28 3:16:54,1
5GFX4U6PSI,115.142,36.2071,5796375,1,170,0,14-3-28 3:20:7,1
5GFX4U6PSI,115.142,36.2074,5796375,7,170,0,14-3-28 3:20:23,1
5GFX4U6PSI,115.142,36.208,5796376,0,0,0,14-3-28 3:23:31,1
5GFX4U6PSI,115.142,36.2079,5796376,0,170,0,14-3-28 3:23:42,1
5GFX4U6PSI,115.135,36.2166,5796387,68,160,0,14-3-28 3:26:46,1
5GFX4U6PSI,115.123,36.2351,5796412,84,170,0,14-3-28 3:28:33,1
5GFX4U6PSI,115.117,36.2533,5796433,82,170,0,14-3-28 3:30:0,1
5GFX4U6PSI,115.093,36.2939,5796486,80,170,0,14-3-28 3:33:34,1
5GFX4U6PSI,115.082,36.3299,5796528,88,175,0,14-3-28 3:36:24,1
5GFX4U6PSI,115.09,36.3564,5796560,77,10,0,14-3-28 3:38:34,1
5GFX4U6PSI,115.095,36.3684,5796575,79,5,0,14-3-28 3:39:36,1
5GFX4U6PSI,115.088,36.4072,5796620,86,170,0,14-3-28 3:42:48,1
5GFX4U6PSI,115.087,36.418,5796633,82,0,0,14-3-28 3:43:38,1
5GFX4U6PSI,115.096,36.4472,5796668,80,10,0,14-3-28 3:46:2,1
5GFX4U6PSI,115.103,36.4795,5796706,80,5,0,14-3-28 3:48:39,1
5GFX4U6PSI,115.106,36.4864,5796714,84,5,0,14-3-28 3:49:14,1
5GFX4U6PSI,115.113,36.5263,5796761,82,5,0,14-3-28 3:52:26,1
5GFX4U6PSI,115.115,36.5419,5796779,82,0,0,14-3-28 3:53:40,1
5GFX4U6PSI,115.117,36.5565,5796795,86,5,0,14-3-28 3:54:50,1
5GFX4U6PSI,115.124,36.5942,5796839,84,0,0,14-3-28 3:58:1,1
5GFX4U6PSI,115.126,36.6025,5796849,84,5,0,14-3-28 3:58:41,1
5GFX4U6PSI,115.156,36.6591,5796920,82,10,0,14-3-28 4:3:42,1
5GFX4U6PSI,115.16,36.6676,5796931,80,5,0,14-3-28 4:4:26,1
5GFX4U6PSI,115.174,36.7057,5796976,79,10,0,14-3-28 4:7:38,1
5GFX4U6PSI,115.184,36.7166,5796992,80,20,0,14-3-28 4:8:43,1
5GFX4U6PSI,115.196,36.7403,5797022,82,175,0,14-3-28 4:10:50,1
5GFX4U6PSI,115.203,36.7799,5797068,80,0,0,14-3-28 4:14:3,1
5GFX4U6PSI,115.214,36.8185,5797114,82,5,0,14-3-28 4:17:16,1
5GFX4U6PSI,115.224,36.839,5797140,77,10,0,14-3-28 4:19:4,1
5GFX4U6PSI,115.231,36.8552,5797159,79,5,0,14-3-28 4:20:29,1
5GFX4U6PSI,115.249,36.8923,5797206,80,15,0,14-3-28 4:23:41,1
5GFX4U6PSI,115.253,36.896,5797212,80,20,0,14-3-28 4:24:5,1
5GFX4U6PSI,115.255,36.8981,5797215,82,20,0,14-3-28 4:24:19,1
5GFX4U6PSI,115.295,36.9204,5797259,82,25,0,14-3-28 4:27:31,1
5GFX4U6PSI,115.311,36.9342,5797282,79,15,0,14-3-28 4:29:7,1
5GFX4U6PSI,115.322,36.9513,5797304,73,5,0,14-3-28 4:30:43,1
5GFX4U6PSI,115.341,36.9875,5797349,82,10,0,14-3-28 4:33:55,1
5GFX4U6PSI,115.342,36.9901,5797352,79,5,0,14-3-28 4:34:8,1
5GFX4U6PSI,115.361,37.0238,5797395,84,15,0,14-3-28 4:37:7,1
5GFX4U6PSI,115.384,37.0396,5797423,79,25,0,14-3-28 4:39:9,1
5GFX4U6PSI,115.397,37.0485,5797439,75,20,0,14-3-28 4:40:19,1
5GFX4U6PSI,115.42,37.0822,5797484,73,10,0,14-3-28 4:43:31,1
5GFX4U6PSI,115.424,37.0895,5797493,84,10,0,14-3-28 4:44:10,1
5GFX4U6PSI,115.444,37.1156,5797528,71,10,0,14-3-28 4:46:43,1
5GFX4U6PSI,115.466,37.1396,5797562,77,20,0,14-3-28 4:49:12,1
5GFX4U6PSI,115.472,37.1463,5797572,77,15,0,14-3-28 4:49:55,1
5GFX4U6PSI,115.489,37.1828,5797617,80,5,0,14-3-28 4:53:9,1
5GFX4U6PSI,115.495,37.1942,5797631,82,10,0,14-3-28 4:54:13,1
5GFX4U6PSI,115.496,37.1963,5797634,80,10,0,14-3-28 4:54:24,1
5GFX4U6PSI,115.51,37.234,5797679,80,0,0,14-3-28 4:57:36,1
5GFX4U6PSI,115.516,37.2546,5797704,77,10,0,14-3-28 4:59:18,1
5GFX4U6PSI,115.528,37.2711,5797726,82,15,0,14-3-28 5:0:48,1
5GFX4U6PSI,115.549,37.3063,5797771,75,5,0,14-3-28 5:4:0,1
5GFX4U6PSI,115.551,37.3105,5797776,73,10,0,14-3-28 5:4:24,1
5GFX4U6PSI,115.562,37.3438,5797816,80,0,0,14-3-28 5:7:12,1
5GFX4U6PSI,115.568,37.3716,5797849,80,10,0,14-3-28 5:9:29,1
5GFX4U6PSI,115.574,37.3816,5797862,75,10,0,14-3-28 5:10:25,1
5GFX4U6PSI,115.592,37.4152,5797904,75,5,0,14-3-28 5:13:37,1
5GFX4U6PSI,115.596,37.4248,5797915,71,10,0,14-3-28 5:14:30,1
5GFX4U6PSI,115.612,37.4484,5797946,71,10,0,14-3-28 5:16:49,1
5GFX4U6PSI,115.625,37.478,5797982,77,10,0,14-3-28 5:19:31,1
5GFX4U6PSI,115.628,37.4833,5797989,73,10,0,14-3-28 5:20:1,1
5GFX4U6PSI,115.65,37.5157,5798031,77,10,0,14-3-28 5:23:13,1
5GFX4U6PSI,115.659,37.5286,5798048,79,15,0,14-3-28 5:24:32,1
5GFX4U6PSI,115.661,37.5315,5798052,80,15,0,14-3-28 5:24:49,1
5GFX4U6PSI,115.689,37.5635,5798097,75,10,0,14-3-28 5:28:1,1
5GFX4U6PSI,115.702,37.5774,5798117,71,20,0,14-3-28 5:29:33,1
5GFX4U6PSI,115.72,37.5903,5798139,75,20,0,14-3-28 5:31:13,1
5GFX4U6PSI,115.743,37.6218,5798181,75,15,0,14-3-28 5:34:25,1
5GFX4U6PSI,115.744,37.6234,5798183,73,15,0,14-3-28 5:34:35,1
5GFX4U6PSI,115.771,37.6469,5798219,73,15,0,14-3-28 5:37:38,1
5GFX4U6PSI,115.783,37.6673,5798245,73,5,0,14-3-28 5:39:37,1
5GFX4U6PSI,115.786,37.6805,5798261,73,5,0,14-3-28 5:40:50,1
5GFX4U6PSI,115.799,37.7158,5798303,79,0,0,14-3-28 5:44:2,1
5GFX4U6PSI,115.798,37.7234,5798312,71,170,0,14-3-28 5:44:41,1
5GFX4U6PSI,115.771,37.741,5798345,75,155,0,14-3-28 5:47:14,1
5GFX4U6PSI,115.749,37.7617,5798376,49,160,0,14-3-28 5:49:44,1
5GFX4U6PSI,115.747,37.7634,5798379,11,155,0,14-3-28 5:50:26,1
5GFX4U6PSI,115.746,37.7642,5798380,0,0,0,14-3-28 5:53:38,1
5GFX4U6PSI,115.745,37.7647,5798381,23,150,0,14-3-28 5:54:49,1
5GFX4U6PSI,115.728,37.7737,5798399,66,150,0,14-3-28 5:56:50,1
5GFX4U6PSI,115.697,37.7929,5798436,64,170,0,14-3-28 5:59:58,1
5GFX4U6PSI,115.697,37.7937,5798437,64,170,0,14-3-28 6:0:2,1
5GFX4U6PSI,115.691,37.824,5798472,77,175,0,14-3-28 6:2:45,1
5GFX4U6PSI,115.699,37.8506,5798504,77,5,0,14-3-28 6:5:3,1
5GFX4U6PSI,115.701,37.8611,5798516,79,0,0,14-3-28 6:5:57,1
5GFX4U6PSI,115.7,37.8994,5798560,79,5,0,14-3-28 6:9:9,1
5GFX4U6PSI,115.7,37.9118,5798574,82,175,0,14-3-28 6:10:8,1
5GFX4U6PSI,115.696,37.9374,5798604,73,175,0,14-3-28 6:12:21,1
5GFX4U6PSI,115.69,37.9706,5798642,79,175,0,14-3-28 6:15:14,1
5GFX4U6PSI,115.69,37.9743,5798647,79,0,0,14-3-28 6:15:32,1
5GFX4U6PSI,115.69,38.0117,5798689,75,175,0,14-3-28 6:18:44,1
5GFX4U6PSI,115.686,38.0297,5798710,75,165,0,14-3-28 6:20:20,1
5GFX4U6PSI,115.676,38.0464,5798732,77,165,0,14-3-28 6:21:56,1
5GFX4U6PSI,115.656,38.0805,5798775,73,165,0,14-3-28 6:25:9,1
5GFX4U6PSI,115.654,38.0834,5798779,73,165,0,14-3-28 6:25:26,1
5GFX4U6PSI,115.637,38.113,5798816,75,170,0,14-3-28 6:28:21,1
5GFX4U6PSI,115.634,38.138,5798845,77,0,0,14-3-28 6:30:32,1
5GFX4U6PSI,115.636,38.1503,5798859,77,0,0,14-3-28 6:31:34,1
5GFX4U6PSI,115.639,38.178,5798891,77,0,0,14-3-28 6:33:56,1
5GFX4U6PSI,115.645,38.1969,5798913,77,10,0,14-3-28 6:35:38,1
5GFX4U6PSI,115.654,38.2132,5798934,75,10,0,14-3-28 6:37:8,1
5GFX4U6PSI,115.672,38.2472,5798976,73,10,0,14-3-28 6:40:20,1
5GFX4U6PSI,115.675,38.2512,5798981,73,10,0,14-3-28 6:40:43,1
5GFX4U6PSI,115.683,38.2811,5799016,73,0,0,14-3-28 6:43:32,1
5GFX4U6PSI,115.684,38.3075,5799046,79,0,0,14-3-28 6:45:45,1
5GFX4U6PSI,115.685,38.3193,5799060,79,5,0,14-3-28 6:46:44,1
5GFX4U6PSI,115.7,38.3553,5799104,77,10,0,14-3-28 6:49:56,1
5GFX4U6PSI,115.713,38.3712,5799125,77,15,0,14-3-28 6:51:32,1
5GFX4U6PSI,115.715,38.3734,5799147,73,15,0,14-3-28 6:51:47,1
5GFX4U6PSI,115.738,38.4212,5799188,66,5,0,14-3-28 6:56:21,1
5GFX4U6PSI,115.739,38.4231,5799190,68,5,0,14-3-28 6:56:33,1
5GFX4U6PSI,115.761,38.4503,5799228,73,10,0,14-3-28 6:59:33,1
5GFX4U6PSI,115.771,38.472,5799255,73,10,0,14-3-28 7:1:34,1
5GFX4U6PSI,115.78,38.4843,5799271,75,15,0,14-3-28 7:2:45,1
5GFX4U6PSI,115.807,38.516,5799314,77,20,0,14-3-28 7:5:57,1
5GFX4U6PSI,115.814,38.5215,5799323,80,20,0,14-3-28 7:6:36,1
5GFX4U6PSI,115.842,38.5418,5799358,77,15,0,14-3-28 7:9:9,1
5GFX4U6PSI,115.857,38.569,5799392,79,15,0,14-3-28 7:11:37,1
5GFX4U6PSI,115.864,38.5762,5799402,73,20,0,14-3-28 7:12:22,1
5GFX4U6PSI,115.9,38.6032,5799447,82,15,0,14-3-28 7:15:34,1
5GFX4U6PSI,115.913,38.6125,5799463,80,25,0,14-3-28 7:16:40,1
5GFX4U6PSI,115.943,38.624,5799494,82,25,0,14-3-28 7:18:49,1
5GFX4U6PSI,115.973,38.6498,5799535,82,10,0,14-3-28 7:21:41,1
5GFX4U6PSI,115.976,38.6537,5799540,84,10,0,14-3-28 7:22:1,1
5GFX4U6PSI,115.979,38.6594,5799547,82,10,0,14-3-28 7:22:31,1
5GFX4U6PSI,116.007,38.6929,5799593,84,15,0,14-3-28 7:25:44,1
5GFX4U6PSI,116.014,38.703,5799606,79,10,0,14-3-28 7:26:42,1
5GFX4U6PSI,116.033,38.7254,5799637,80,20,0,14-3-28 7:28:56,1
5GFX4U6PSI,116.053,38.7541,5799675,77,5,0,14-3-28 7:31:43,1
5GFX4U6PSI,116.055,38.7589,5799681,80,5,0,14-3-28 7:32:8,1
5GFX4U6PSI,116.074,38.7948,5799727,84,20,0,14-3-28 7:35:20,1
5GFX4U6PSI,116.092,38.8054,5799747,79,25,0,14-3-28 7:36:44,1
5GFX4U6PSI,116.116,38.8177,5799773,77,25,0,14-3-28 7:38:32,1
5GFX4U6PSI,116.155,38.8438,5799820,80,25,0,14-3-28 7:41:46,1
5GFX4U6PSI,116.19,38.8705,5799864,79,10,0,14-3-28 7:44:56,1
5GFX4U6PSI,116.199,38.8921,5799891,79,0,0,14-3-28 7:46:47,1
5GFX4U6PSI,116.201,38.9083,5799909,79,0,0,14-3-28 7:48:8,1
5GFX4U6PSI,116.218,38.9465,5799957,82,10,0,14-3-28 7:51:20,1
5GFX4U6PSI,116.222,38.9516,5799963,80,15,0,14-3-28 7:51:48,1
5GFX4U6PSI,116.224,38.9537,5799966,77,15,0,14-3-28 7:52:0,1
5GFX4U6PSI,116.238,38.9895,5800010,73,0,0,14-3-28 7:55:13,1
5GFX4U6PSI,116.238,39.0103,5800034,82,175,0,14-3-28 7:56:53,1
5GFX4U6PSI,116.239,39.0296,5800056,80,0,0,14-3-28 7:58:25,1
5GFX4U6PSI,116.249,39.0653,5800098,77,10,0,14-3-28 8:1:37,1
5GFX4U6PSI,116.251,39.0692,5800103,75,10,0,14-3-28 8:1:59,1
5GFX4U6PSI,116.269,39.0985,5800140,80,5,0,14-3-28 8:4:49,1
5GFX4U6PSI,116.277,39.1251,5800172,77,0,0,14-3-28 8:7:5,1
5GFX4U6PSI,116.278,39.1358,5800184,71,0,0,14-3-28 8:8:1,1
5GFX4U6PSI,116.288,39.1715,5800226,75,0,0,14-3-28 8:11:13,1
5GFX4U6PSI,116.287,39.1829,5800239,79,175,0,14-3-28 8:12:11,1
5GFX4U6PSI,116.292,39.2081,5800269,77,5,0,14-3-28 8:14:25,1
5GFX4U6PSI,116.288,39.2414,5800308,77,170,0,14-3-28 8:17:17,1
5GFX4U6PSI,116.287,39.2453,5800313,79,170,0,14-3-28 8:17:38,1
5GFX4U6PSI,116.285,39.2822,5800355,75,175,0,14-3-28 8:20:50,1
5GFX4U6PSI,116.28,39.3003,5800376,79,170,0,14-3-28 8:22:23,1
5GFX4U6PSI,116.278,39.3068,5800384,77,170,0,14-3-28 8:22:56,1
5GFX4U6PSI,116.273,39.3439,5800427,79,175,0,14-3-28 8:26:9,1
5GFX4U6PSI,116.27,39.3592,5800445,75,170,0,14-3-28 8:27:29,1
5GFX4U6PSI,116.269,39.3813,5800471,80,5,0,14-3-28 8:29:21,1
5GFX4U6PSI,116.267,39.4188,5800514,75,170,0,14-3-28 8:32:35,1
5GFX4U6PSI,116.275,39.4547,5800557,77,5,0,14-3-28 8:35:48,1
5GFX4U6PSI,116.279,39.4762,5800582,64,5,0,14-3-28 8:37:41,1
5GFX4U6PSI,116.279,39.4775,5800583,0,35,0,14-3-28 8:39:0,1
5GFX4U6PSI,116.28,39.4807,5800587,0,0,0,14-3-28 8:42:12,1
5GFX4U6PSI,116.28,39.4807,5800587,0,0,0,14-3-28 8:45:24,1
5GFX4U6PSI,116.28,39.4807,5800587,0,0,0,14-3-28 8:47:49,1
5GFX4U6PSI,116.28,39.4807,5800587,0,0,0,14-3-28 8:48:36,1
5GFX4U6PSI,116.28,39.4807,5800587,0,0,0,14-3-28 8:51:47,1
5GFX4U6PSI,116.28,39.4807,5800587,0,0,0,14-3-28 8:52:49,1
5GFX4U6PSI,116.28,39.4807,5800587,0,0,0,14-3-28 8:54:59,1
5GFX4U6PSI,116.28,39.4807,5800587,0,0,0,14-3-28 8:57:52,1
5GFX4U6PSI,116.28,39.4807,5800587,0,0,0,14-3-28 8:58:11,1
5GFX4U6PSI,116.281,39.4833,5800591,46,5,0,14-3-28 9:1:23,1
5GFX4U6PSI,116.287,39.4963,5800607,77,10,0,14-3-28 9:2:53,1
5GFX4U6PSI,116.289,39.5158,5800629,73,0,0,14-3-28 9:4:35,1
5GFX4U6PSI,116.312,39.548,5800673,71,15,0,14-3-28 9:7:54,1
5GFX4U6PSI,116.321,39.5826,5800714,75,0,0,14-3-28 9:10:59,1
5GFX4U6PSI,116.321,39.605,5800740,75,175,0,14-3-28 9:12:55,1
5GFX4U6PSI,116.319,39.6193,5800756,71,175,0,14-3-28 9:14:11,1
5GFX4U6PSI,116.318,39.6559,5800798,71,0,0,14-3-28 9:17:23,1
5GFX4U6PSI,116.318,39.6606,5800803,71,0,0,14-3-28 9:17:48,1
5GFX4U6PSI,116.323,39.6918,5800839,73,175,0,14-3-28 9:21:0,1
5GFX4U6PSI,116.34,39.7015,5800860,75,35,0,14-3-28 9:22:58,1
5GFX4U6PSI,116.359,39.7066,5800878,77,30,0,14-3-28 9:24:12,1
5GFX4U6PSI,116.403,39.7194,5800921,68,40,0,14-3-28 9:27:26,1
5GFX4U6PSI,116.411,39.7202,5800928,75,40,0,14-3-28 9:27:59,1
5GFX4U6PSI,116.45,39.7242,5800963,73,40,0,14-3-28 9:30:39,1
5GFX4U6PSI,116.485,39.7311,5800994,77,25,0,14-3-28 9:33:1,1
5GFX4U6PSI,116.495,39.7359,5801005,69,30,0,14-3-28 9:33:51,1
5GFX4U6PSI,116.541,39.7451,5801047,73,40,0,14-3-28 9:37:3,1
5GFX4U6PSI,116.556,39.7466,5801060,75,30,0,14-3-28 9:38:2,1
5GFX4U6PSI,116.585,39.7562,5801089,73,40,0,14-3-28 9:40:15,1
5GFX4U6PSI,116.614,39.7768,5801125,71,10,0,14-3-28 9:43:3,1
5GFX4U6PSI,116.616,39.7812,5801131,75,10,0,14-3-28 9:43:27,1
5GFX4U6PSI,116.612,39.8035,5801165,77,150,0,14-3-28 9:46:39,1
5GFX4U6PSI,116.595,39.8144,5801184,66,155,0,14-3-28 9:48:4,1
5GFX4U6PSI,116.593,39.8162,5801187,0,0,0,14-3-28 9:49:52,1
5GFX4U6PSI,116.577,39.8227,5801211,27,100,0,14-3-28 9:53:9,1
5GFX4U6PSI,116.579,39.8251,5801215,0,0,0,14-3-28 9:56:16,1
5GFX4U6PSI,116.58,39.8257,5801215,3,15,0,14-3-28 9:58:10,1
5GFX4U6PSI,116.58,39.826,5801215,0,170,0,14-3-28 9:59:28,1
5GFX4U6PSI,116.582,39.8276,5801217,3,40,0,14-3-28 10:2:40,1
5GFX4U6PSI,116.583,39.8276,5801218,16,40,0,14-3-28 10:3:11,1
5GFX4U6PSI,116.593,39.8266,5801228,1,135,0,14-3-28 10:8:12,1
5GFX4U6PSI,116.593,39.8266,5801228,0,0,0,14-3-28 10:8:55,1
5GFX4U6PSI,116.593,39.8266,5801228,0,0,0,14-3-28 10:12:7,1
5GFX4U6PSI,116.593,39.8266,5801228,0,0,0,14-3-28 10:13:13,1
5GFX4U6PSI,116.593,39.8266,5801228,0,0,0,14-3-28 10:15:19,1
5GFX4U6PSI,116.593,39.8264,5801228,0,0,0,14-3-28 10:27:34,1
5GFX4U6PSI,116.593,39.8264,5801228,0,0,0,14-3-28 10:27:46,1
5GFX4U6PSI,116.593,39.8264,5801228,0,0,0,14-3-28 10:29:53,1
5GFX4U6PSI,116.593,39.8264,5801228,0,0,0,14-3-28 10:32:36,1
5GFX4U6PSI,116.593,39.8264,5801228,0,0,0,14-3-28 10:33:5,1
5GFX4U6PSI,116.593,39.8265,5801228,0,0,0,14-3-28 10:37:37,1
5GFX4U6PSI,116.593,39.8267,5801229,5,0,0,14-3-28 10:39:29,1
5GFX4U6PSI,116.593,39.8283,5801230,0,170,0,14-3-28 10:42:41,1
5GFX4U6PSI,116.584,39.8277,5801238,0,0,0,14-3-28 10:45:53,1
5GFX4U6PSI,116.584,39.8278,5801238,0,0,0,14-3-28 10:47:39,1
5GFX4U6PSI,116.584,39.8278,5801238,0,0,0,14-3-28 10:49:5,1
5GFX4U6PSI,116.579,39.8247,5801244,38,105,0,14-3-28 10:52:17,1
5GFX4U6PSI,116.577,39.8228,5801246,25,100,0,14-3-28 10:52:40,1
5GFX4U6PSI,116.583,39.8231,5801253,38,65,0,14-3-28 10:55:29,1
5GFX4U6PSI,116.594,39.815,5801266,27,60,0,14-3-28 10:57:41,1
5GFX4U6PSI,116.6,39.8108,5801273,47,65,0,14-3-28 10:58:41,1
5GFX4U6PSI,116.623,39.7933,5801303,57,95,0,14-3-28 11:1:53,1
5GFX4U6PSI,116.608,39.767,5801335,62,105,0,14-3-28 11:5:5,1
5GFX4U6PSI,116.582,39.756,5801363,57,130,0,14-3-28 11:7:45,1
5GFX4U6PSI,116.576,39.7552,5801368,47,125,0,14-3-28 11:8:17,1
5GFX4U6PSI,116.543,39.7453,5801400,62,130,0,14-3-28 11:11:28,1
5GFX4U6PSI,116.527,39.7434,5801413,62,120,0,14-3-28 11:12:46,1
5GFX4U6PSI,116.506,39.738,5801434,60,130,0,14-3-28 11:14:42,1
5GFX4U6PSI,116.466,39.7263,5801472,66,125,0,14-3-28 11:17:54,1
5GFX4U6PSI,116.424,39.7215,5801509,71,135,0,14-3-28 11:21:6,1
5GFX4U6PSI,116.399,39.7195,5801531,68,135,0,14-3-28 11:22:56,1
5GFX4U6PSI,116.382,39.7184,5801546,60,115,0,14-3-28 11:24:19,1
5GFX4U6PSI,116.347,39.7029,5801582,51,125,0,14-3-28 11:27:30,1
5GFX4U6PSI,116.342,39.702,5801586,55,125,0,14-3-28 11:27:57,1
5GFX4U6PSI,116.323,39.6918,5801614,44,90,0,14-3-28 11:30:42,1
5GFX4U6PSI,116.319,39.6734,5801635,40,90,0,14-3-28 11:32:58,1
5GFX4U6PSI,116.318,39.6663,5801644,51,90,0,14-3-28 11:33:55,1
5GFX4U6PSI,116.318,39.6588,5801652,69,90,0,14-3-28 11:34:43,1
5GFX4U6PSI,116.319,39.6243,5801692,69,90,0,14-3-28 11:38:2,1
5GFX4U6PSI,116.321,39.5931,5801728,60,90,0,14-3-28 11:41:7,1
5GFX4U6PSI,116.32,39.5767,5801746,62,90,0,14-3-28 11:43:5,1
5GFX4U6PSI,116.319,39.5635,5801762,71,90,0,14-3-28 11:44:19,1
5GFX4U6PSI,116.297,39.5347,5801801,71,110,0,14-3-28 11:47:31,1
5GFX4U6PSI,116.292,39.53,5801808,69,105,0,14-3-28 11:48:5,1
5GFX4U6PSI,116.288,39.5034,5801839,23,95,0,14-3-28 11:50:43,1
5GFX4U6PSI,116.288,39.5028,5801840,0,0,0,14-3-28 11:53:6,1
5GFX4U6PSI,116.288,39.5026,5801840,3,90,0,14-3-28 11:53:55,1
5GFX4U6PSI,116.285,39.4936,5801850,51,100,0,14-3-28 11:57:7,1
5GFX4U6PSI,116.279,39.4781,5801869,80,95,0,14-3-28 11:58:40,1
5GFX4U6PSI,116.276,39.4611,5801889,69,90,0,14-3-28 12:0:9,1
5GFX4U6PSI,116.276,39.4584,5801892,66,90,0,14-3-28 12:0:26,1
5GFX4U6PSI,116.266,39.4336,5801921,75,90,0,14-3-28 12:2:53,1
5GFX4U6PSI,116.266,39.4325,5801923,75,90,0,14-3-28 12:2:59,1
5GFX4U6PSI,116.266,39.4263,5801930,77,85,0,14-3-28 12:3:31,1
5GFX4U6PSI,116.272,39.3921,5801970,71,90,0,14-3-28 12:6:43,1
5GFX4U6PSI,116.269,39.3788,5801985,73,95,0,14-3-28 12:7:54,1
5GFX4U6PSI,116.27,39.3566,5802011,75,80,0,14-3-28 12:9:55,1
5GFX4U6PSI,116.274,39.3222,5802051,73,85,0,14-3-28 12:12:55,1
5GFX4U6PSI,116.274,39.3199,5802053,79,85,0,14-3-28 12:13:7,1
5GFX4U6PSI,116.285,39.2841,5802096,66,85,0,14-3-28 12:16:19,1
5GFX4U6PSI,116.284,39.2734,5802108,0,0,0,14-3-28 12:19:31,1
5GFX4U6PSI,116.284,39.2734,5802108,0,0,0,14-3-28 12:22:43,1
5GFX4U6PSI,116.284,39.2734,5802108,0,0,0,14-3-28 12:26:5,1
5GFX4U6PSI,116.284,39.2734,5802108,0,0,0,14-3-28 12:26:9,1
5GFX4U6PSI,116.285,39.2691,5802113,40,90,0,14-3-28 12:29:10,1
5GFX4U6PSI,116.285,39.2519,5802132,68,85,0,14-3-28 12:31:7,1
5GFX4U6PSI,116.289,39.2388,5802148,71,80,0,14-3-28 12:32:22,1
5GFX4U6PSI,116.29,39.2041,5802189,73,95,0,14-3-28 12:35:34,1
5GFX4U6PSI,116.288,39.1976,5802197,69,95,0,14-3-28 12:36:10,1
5GFX4U6PSI,116.287,39.1687,5802230,77,90,0,14-3-28 12:38:46,1
5GFX4U6PSI,116.279,39.1406,5802263,79,95,0,14-3-28 12:41:13,1
5GFX4U6PSI,116.278,39.132,5802273,75,90,0,14-3-28 12:41:58,1
5GFX4U6PSI,116.267,39.0959,5802316,68,95,0,14-3-28 12:45:10,1
5GFX4U6PSI,116.261,39.0851,5802330,77,100,0,14-3-28 12:46:16,1
5GFX4U6PSI,116.249,39.064,5802356,71,95,0,14-3-28 12:48:23,1
5GFX4U6PSI,116.239,39.0328,5802393,69,95,0,14-3-28 12:51:19,1
5GFX4U6PSI,116.238,39.0298,5802397,73,90,0,14-3-28 12:51:36,1
5GFX4U6PSI,116.238,38.9931,5802439,73,90,0,14-3-28 12:54:48,1
5GFX4U6PSI,116.235,38.9748,5802460,75,95,0,14-3-28 12:56:28,1
5GFX4U6PSI,116.226,38.9577,5802481,73,100,0,14-3-28 12:58:3,1
5GFX4U6PSI,116.204,38.925,5802523,71,95,0,14-3-28 13:1:15,1
5GFX4U6PSI,116.204,38.9226,5802526,73,95,0,14-3-28 13:1:30,1
5GFX4U6PSI,116.198,38.8874,5802567,79,95,0,14-3-28 13:4:41,1
5GFX4U6PSI,116.188,38.8668,5802593,80,105,0,14-3-28 13:6:32,1
5GFX4U6PSI,116.175,38.8547,5802611,77,110,0,14-3-28 13:7:53,1
5GFX4U6PSI,116.137,38.8335,5802653,73,110,0,14-3-28 13:11:5,1
5GFX4U6PSI,116.131,38.8292,5802660,69,110,0,14-3-28 13:11:40,1
5GFX4U6PSI,116.102,38.8103,5802694,75,115,0,14-3-28 13:14:17,1
5GFX4U6PSI,116.072,38.7937,5802727,71,110,0,14-3-28 13:16:46,1
5GFX4U6PSI,116.066,38.7874,5802736,71,105,0,14-3-28 13:17:29,1
5GFX4U6PSI,116.053,38.7528,5802778,75,95,0,14-3-28 13:20:41,1
5GFX4U6PSI,116.046,38.7401,5802793,73,100,0,14-3-28 13:21:52,1
5GFX4U6PSI,116.029,38.7213,5802820,75,105,0,14-3-28 13:23:54,1
5GFX4U6PSI,116.004,38.6901,5802862,69,105,0,14-3-28 13:27:6,1
5GFX4U6PSI,115.979,38.6592,5802905,73,100,0,14-3-28 13:30:20,1
5GFX4U6PSI,115.966,38.6411,5802929,79,105,0,14-3-28 13:32:5,1
5GFX4U6PSI,115.955,38.631,5802944,75,110,0,14-3-28 13:33:14,1
5GFX4U6PSI,115.915,38.6137,5802986,75,115,0,14-3-28 13:36:26,1
5GFX4U6PSI,115.872,38.5823,5803039,75,115,0,14-3-28 13:40:24,1
5GFX4U6PSI,115.867,38.5788,5803045,71,110,0,14-3-28 13:40:52,1
5GFX4U6PSI,115.851,38.5599,5803071,71,100,0,14-3-28 13:42:50,1
5GFX4U6PSI,115.83,38.5324,5803109,77,110,0,14-3-28 13:45:40,1
5GFX4U6PSI,115.826,38.5296,5803114,77,115,0,14-3-28 13:46:3,1
5GFX4U6PSI,115.801,38.5107,5803145,77,105,0,14-3-28 13:48:19,1
5GFX4U6PSI,115.797,38.5067,5803151,75,105,0,14-3-28 13:48:44,1
5GFX4U6PSI,115.793,38.5016,5803158,77,100,0,14-3-28 13:49:15,1
5GFX4U6PSI,115.769,38.4686,5803201,77,100,0,14-3-28 13:52:27,1
5GFX4U6PSI,115.763,38.4558,5803217,75,95,0,14-3-28 13:53:35,1
5GFX4U6PSI,115.747,38.4359,5803245,79,110,0,14-3-28 13:55:40,1
5GFX4U6PSI,115.732,38.4038,5803285,71,95,0,14-3-28 13:58:35,1
5GFX4U6PSI,115.731,38.4007,5803288,73,95,0,14-3-28 13:58:52,1
5GFX4U6PSI,115.71,38.3686,5803330,75,105,0,14-3-28 14:2:4,1
5GFX4U6PSI,115.698,38.3521,5803352,71,100,0,14-3-28 14:3:45,1
5GFX4U6PSI,115.691,38.3355,5803372,79,95,0,14-3-28 14:5:16,1
5GFX4U6PSI,115.683,38.2957,5803419,69,90,0,14-3-28 14:8:46,1
5GFX4U6PSI,115.68,38.2627,5803457,75,95,0,14-3-28 14:11:40,1
5GFX4U6PSI,115.668,38.2394,5803486,77,100,0,14-3-28 14:13:47,1
5GFX4U6PSI,115.661,38.2277,5803501,73,100,0,14-3-28 14:14:52,1
5GFX4U6PSI,115.642,38.1917,5803546,77,95,0,14-3-28 14:18:6,1
5GFX4U6PSI,115.64,38.1833,5803556,80,95,0,14-3-28 14:18:48,1
5GFX4U6PSI,115.638,38.1717,5803569,80,90,0,14-3-28 14:19:44,1
5GFX4U6PSI,115.633,38.1333,5803614,73,90,0,14-3-28 14:22:56,1
5GFX4U6PSI,115.634,38.1227,5803626,73,85,0,14-3-28 14:23:53,1
5GFX4U6PSI,115.644,38.0995,5803654,58,75,0,14-3-28 14:26:8,1
5GFX4U6PSI,115.662,38.0703,5803691,73,75,0,14-3-28 14:28:58,1
5GFX4U6PSI,115.664,38.0665,5803696,77,75,0,14-3-28 14:29:20,1
5GFX4U6PSI,115.683,38.034,5803737,75,75,0,14-3-28 14:32:32,1
5GFX4U6PSI,115.689,38.0188,5803756,71,85,0,14-3-28 14:33:59,1
5GFX4U6PSI,115.69,37.9995,5803778,71,85,0,14-3-28 14:35:44,1
5GFX4U6PSI,115.69,37.9636,5803819,73,85,0,14-3-28 14:38:56,1
5GFX4U6PSI,115.691,37.9608,5803823,73,80,0,14-3-28 14:39:11,1
5GFX4U6PSI,115.698,37.9287,5803860,69,85,0,14-3-28 14:42:8,1
5GFX4U6PSI,115.701,37.9065,5803886,73,85,0,14-3-28 14:44:12,1
5GFX4U6PSI,115.699,37.8937,5803900,75,85,0,14-3-28 14:45:20,1
5GFX4U6PSI,115.701,37.8564,5803944,75,90,0,14-3-28 14:48:32,1
5GFX4U6PSI,115.69,37.8237,5803982,68,85,0,14-3-28 14:51:44,1
5GFX4U6PSI,115.691,37.8189,5803988,71,85,0,14-3-28 14:52:11,1
5GFX4U6PSI,115.696,37.796,5804015,69,85,0,14-3-28 14:54:14,1
5GFX4U6PSI,115.704,37.785,5804029,75,65,0,14-3-28 14:55:23,1
5GFX4U6PSI,115.743,37.7657,5804071,73,65,0,14-3-28 14:58:35,1
5GFX4U6PSI,115.75,37.7603,5804080,73,70,0,14-3-28 14:59:15,1
5GFX4U6PSI,115.77,37.7378,5804112,60,65,0,14-3-28 15:1:48,1
5GFX4U6PSI,115.794,37.7228,5804140,68,65,0,14-3-28 15:4:16,1
5GFX4U6PSI,115.786,37.6806,5804191,71,95,0,14-3-28 15:8:12,1
5GFX4U6PSI,115.783,37.6687,5804205,69,95,0,14-3-28 15:9:18,1
5GFX4U6PSI,115.771,37.647,5804232,73,105,0,14-3-28 15:11:24,1
5GFX4U6PSI,115.743,37.6227,5804270,80,105,0,14-3-28 15:14:19,1
5GFX4U6PSI,115.741,37.6198,5804274,79,100,0,14-3-28 15:14:36,1
5GFX4U6PSI,115.718,37.589,5804316,66,110,0,14-3-28 15:17:48,1
5GFX4U6PSI,115.702,37.5774,5804336,66,110,0,14-3-28 15:19:23,1
5GFX4U6PSI,115.691,37.5679,5804351,0,95,0,14-3-28 15:21:2,1
5GFX4U6PSI,115.691,37.5679,5804351,0,0,0,14-3-28 15:24:14,1
5GFX4U6PSI,115.691,37.5679,5804351,0,0,0,14-3-28 15:24:32,1
5GFX4U6PSI,115.691,37.5679,5804351,0,0,0,14-3-28 15:27:26,1
5GFX4U6PSI,115.69,37.5662,5804353,20,100,0,14-3-28 15:29:35,1
5GFX4U6PSI,115.687,37.5612,5804359,53,100,0,14-3-28 15:30:38,1
5GFX4U6PSI,115.664,37.5341,5804397,68,105,0,14-3-28 15:33:50,1
5GFX4U6PSI,115.657,37.5266,5804407,66,105,0,14-3-28 15:34:42,1
5GFX4U6PSI,115.638,37.4953,5804447,73,105,0,14-3-28 15:37:55,1
5GFX4U6PSI,115.626,37.4793,5804469,75,100,0,14-3-28 15:39:37,1
5GFX4U6PSI,115.619,37.4634,5804488,71,95,0,14-3-28 15:41:7,1
5GFX4U6PSI,115.6,37.4311,5804529,73,100,0,14-3-28 15:44:19,1
5GFX4U6PSI,115.598,37.428,5804533,71,100,0,14-3-28 15:44:38,1
5GFX4U6PSI,115.585,37.3975,5804570,71,100,0,14-3-28 15:47:32,1
5GFX4U6PSI,115.571,37.3766,5804598,73,100,0,14-3-28 15:49:39,1
5GFX4U6PSI,115.565,37.3653,5804611,71,95,0,14-3-28 15:50:44,1
5GFX4U6PSI,115.563,37.3554,5804623,71,90,0,14-3-28 15:51:41,1
5GFX4U6PSI,115.562,37.3524,5804627,71,90,0,14-3-28 15:51:56,1
5GFX4U6PSI,115.56,37.3307,5804652,71,95,0,14-3-28 15:53:56,1
5GFX4U6PSI,115.548,37.3028,5804685,71,95,0,14-3-28 15:56:42,1
5GFX4U6PSI,115.546,37.2981,5804691,71,95,0,14-3-28 15:57:8,1
5GFX4U6PSI,115.525,37.2671,5804732,71,105,0,14-3-28 16:0:20,1
5GFX4U6PSI,115.516,37.2543,5804749,62,100,0,14-3-28 16:1:43,1
5GFX4U6PSI,115.499,37.2011,5804812,71,100,0,14-3-28 16:6:46,1
5GFX4U6PSI,115.483,37.168,5804853,75,95,0,14-3-28 16:9:58,1
5GFX4U6PSI,115.474,37.1499,5804875,69,100,0,14-3-28 16:11:45,1
5GFX4U6PSI,115.463,37.137,5804894,73,110,0,14-3-28 16:13:10,1
5GFX4U6PSI,115.438,37.1072,5804935,75,105,0,14-3-28 16:16:22,1
5GFX4U6PSI,115.434,37.103,5804941,75,105,0,14-3-28 16:16:49,1
5GFX4U6PSI,115.417,37.0765,5804975,73,100,0,14-3-28 16:19:34,1
5GFX4U6PSI,115.403,37.0542,5805004,71,105,0,14-3-28 16:21:51,1
5GFX4U6PSI,115.394,37.0465,5805016,75,110,0,14-3-28 16:22:46,1
5GFX4U6PSI,115.369,37.0312,5805045,71,110,0,14-3-28 16:25:1,1
5GFX4U6PSI,115.346,37.0015,5805086,75,95,0,14-3-28 16:28:12,1
5GFX4U6PSI,115.328,36.968,5805128,75,100,0,14-3-28 16:31:24,1
5GFX4U6PSI,115.326,36.9628,5805134,75,95,0,14-3-28 16:31:52,1
5GFX4U6PSI,115.311,36.9342,5805170,73,105,0,14-3-28 16:34:37,1
5GFX4U6PSI,115.288,36.9173,5805199,69,115,0,14-3-28 16:36:53,1
5GFX4U6PSI,115.278,36.9117,5805211,73,115,0,14-3-28 16:37:49,1
5GFX4U6PSI,115.246,36.8893,5805250,71,105,0,14-3-28 16:41:2,1
5GFX4U6PSI,115.24,36.8811,5805261,71,100,0,14-3-28 16:41:54,1
5GFX4U6PSI,115.231,36.8567,5805290,69,95,0,14-3-28 16:44:14,1
5GFX4U6PSI,115.218,36.8294,5805324,73,100,0,14-3-28 16:46:55,1
5GFX4U6PSI,115.216,36.8242,5805330,69,95,0,14-3-28 16:47:26,1
5GFX4U6PSI,115.205,36.7899,5805371,71,95,0,14-3-28 16:50:38,1
5GFX4U6PSI,115.202,36.7747,5805389,71,90,0,14-3-28 16:52:4,1
5GFX4U6PSI,115.195,36.7565,5805410,69,95,0,14-3-28 16:53:50,1
5GFX4U6PSI,115.189,36.723,5805450,69,105,0,14-3-28 16:57:5,1
5GFX4U6PSI,115.18,36.7133,5805464,71,105,0,14-3-28 16:58:13,1
5GFX4U6PSI,115.164,36.6823,5805503,68,95,0,14-3-28 17:1:26,1
5GFX4U6PSI,115.162,36.6754,5805511,66,90,0,14-3-28 17:2:6,1
5GFX4U6PSI,115.152,36.6509,5805540,66,95,0,14-3-28 17:4:38,1
5GFX4U6PSI,115.141,36.6266,5805570,68,105,0,14-3-28 17:7:7,1
5GFX4U6PSI,115.136,36.6202,5805579,66,105,0,14-3-28 17:7:51,1
5GFX4U6PSI,115.123,36.5887,5805617,60,90,0,14-3-28 17:11:3,1
5GFX4U6PSI,115.123,36.5778,5805630,73,90,0,14-3-28 17:12:8,1
5GFX4U6PSI,115.117,36.556,5805655,69,95,0,14-3-28 17:14:15,1
5GFX4U6PSI,115.113,36.5266,5805689,69,95,0,14-3-28 17:17:9,1
5GFX4U6PSI,115.112,36.5235,5805693,68,95,0,14-3-28 17:17:27,1
5GFX4U6PSI,115.107,36.4902,5805731,64,95,0,14-3-28 17:20:39,1
5GFX4U6PSI,115.102,36.4757,5805749,66,95,0,14-3-28 17:22:10,1
5GFX4U6PSI,115.1,36.4587,5805768,64,90,0,14-3-28 17:23:51,1
5GFX4U6PSI,115.087,36.425,5805809,73,90,0,14-3-28 17:27:11,1
5GFX4U6PSI,115.093,36.3921,5805847,64,80,0,14-3-28 17:30:15,1
5GFX4U6PSI,115.096,36.371,5805872,69,95,0,14-3-28 17:32:16,1
5GFX4U6PSI,115.09,36.3584,5805887,66,100,0,14-3-28 17:33:30,1
5GFX4U6PSI,115.082,36.3248,5805927,68,85,0,14-3-28 17:36:43,1
5GFX4U6PSI,115.084,36.3181,5805934,62,80,0,14-3-28 17:37:21,1
5GFX4U6PSI,115.092,36.2951,5805962,66,80,0,14-3-28 17:39:55,1
5GFX4U6PSI,115.107,36.2707,5805993,68,70,0,14-3-28 17:42:27,1
5GFX4U6PSI,115.11,36.2656,5806000,38,75,0,14-3-28 17:43:7,1
5GFX4U6PSI,115.113,36.06,5806250,66,110,0,14-3-28 18:5:48,1
5GFX4U6PSI,115.113,36.0599,5806251,66,110,0,14-3-28 18:5:49,1
5GFX4U6PSI,115.107,36.055,5806258,68,110,0,14-3-28 18:6:28,1
5GFX4U6PSI,115.079,36.0438,5806289,69,125,0,14-3-28 18:9:1,1
5GFX4U6PSI,115.045,36.0312,5806323,71,125,0,14-3-28 18:11:46,1
5GFX4U6PSI,115.044,36.0308,5806325,71,125,0,14-3-28 18:11:53,1
5GFX4U6PSI,115.04,36.0299,5806329,69,125,0,14-3-28 18:12:13,1
5GFX4U6PSI,114.997,36.0256,5806369,73,125,0,14-3-28 18:15:25,1
5GFX4U6PSI,114.98,36.0202,5806386,66,125,0,14-3-28 18:16:47,1
5GFX4U6PSI,114.957,36.0177,5806407,69,135,0,14-3-28 18:18:37,1
5GFX4U6PSI,114.914,36.0239,5806449,73,135,0,14-3-28 18:21:56,1
5GFX4U6PSI,114.874,36.0227,5806486,62,135,0,14-3-28 18:25:1,1
5GFX4U6PSI,114.85,36.0271,5806509,69,140,0,14-3-28 18:26:58,1
5GFX4U6PSI,114.834,36.0301,5806524,62,140,0,14-3-28 18:28:13,1
5GFX4U6PSI,114.794,36.0304,5806561,69,130,0,14-3-28 18:31:25,1
5GFX4U6PSI,114.787,36.0299,5806568,64,130,0,14-3-28 18:31:59,1
5GFX4U6PSI,114.754,36.0335,5806599,68,140,0,14-3-28 18:34:37,1
5GFX4U6PSI,114.723,36.0362,5806628,62,140,0,14-3-28 18:37:4,1
5GFX4U6PSI,114.714,36.038,5806636,66,140,0,14-3-28 18:37:49,1
5GFX4U6PSI,114.676,36.043,5806673,66,130,0,14-3-28 18:41:1,1
5GFX4U6PSI,114.662,36.0432,5806686,66,135,0,14-3-28 18:42:10,1
5GFX4U6PSI,114.637,36.0488,5806710,68,140,0,14-3-28 18:44:13,1
5GFX4U6PSI,114.6,36.0537,5806745,64,130,0,14-3-28 18:47:16,1
5GFX4U6PSI,114.597,36.0535,5806748,64,130,0,14-3-28 18:47:33,1
5GFX4U6PSI,114.595,36.0533,5806750,64,130,0,14-3-28 18:47:40,1
5GFX4U6PSI,114.555,36.0505,5806787,66,130,0,14-3-28 18:50:53,1
5GFX4U6PSI,114.538,36.0463,5806804,66,120,0,14-3-28 18:52:19,1
5GFX4U6PSI,114.519,36.0373,5806825,64,115,0,14-3-28 18:54:5,1
5GFX4U6PSI,114.482,36.0248,5806862,66,125,0,14-3-28 18:57:23,1
5GFX4U6PSI,114.443,36.0275,5806899,68,135,0,14-3-28 19:0:29,1
5GFX4U6PSI,114.42,36.0275,5806920,44,135,0,14-3-28 19:2:25,1
5GFX4U6PSI,114.419,36.0248,5806930,51,90,0,14-3-28 19:3:40,1
5GFX4U6PSI,114.413,35.9925,5806967,71,95,0,14-3-28 19:6:52,1
5GFX4U6PSI,114.411,35.9862,5806974,69,95,0,14-3-28 19:7:28,1
5GFX4U6PSI,114.4,35.9603,5807006,66,95,0,14-3-28 19:10:4,1
5GFX4U6PSI,114.392,35.9369,5807034,64,90,0,14-3-28 19:12:31,1
5GFX4U6PSI,114.39,35.9296,5807042,62,90,0,14-3-28 19:13:16,1
5GFX4U6PSI,114.385,35.8969,5807080,68,90,0,14-3-28 19:16:28,1
5GFX4U6PSI,114.382,35.885,5807094,73,95,0,14-3-28 19:17:34,1
5GFX4U6PSI,114.372,35.8642,5807119,69,100,0,14-3-28 19:19:40,1
5GFX4U6PSI,114.357,35.8358,5807155,68,105,0,14-3-28 19:22:37,1
5GFX4U6PSI,114.356,35.8336,5807158,68,105,0,14-3-28 19:22:52,1
5GFX4U6PSI,114.346,35.8216,5807174,60,105,0,14-3-28 19:24:18,1
5GFX4U6PSI,114.325,35.7935,5807212,66,95,0,14-3-28 19:27:30,1
5GFX4U6PSI,114.325,35.7917,5807214,66,95,0,14-3-28 19:27:41,1
5GFX4U6PSI,114.319,35.7615,5807249,71,90,0,14-3-28 19:30:42,1
5GFX4U6PSI,114.315,35.7381,5807276,71,90,0,14-3-28 19:32:54,1
5GFX4U6PSI,114.312,35.7275,5807289,71,95,0,14-3-28 19:33:54,1
5GFX4U6PSI,114.291,35.6978,5807328,64,105,0,14-3-28 19:37:6,1
5GFX4U6PSI,114.286,35.6904,5807338,73,105,0,14-3-28 19:37:55,1
5GFX4U6PSI,114.265,35.6679,5807371,80,110,0,14-3-28 19:40:18,1
5GFX4U6PSI,114.239,35.6398,5807411,77,100,0,14-3-28 19:43:14,1
5GFX4U6PSI,114.237,35.637,5807415,77,100,0,14-3-28 19:43:30,1
5GFX4U6PSI,114.216,35.6041,5807457,73,100,0,14-3-28 19:46:42,1
5GFX4U6PSI,114.199,35.5885,5807481,73,115,0,14-3-28 19:48:35,1
5GFX4U6PSI,114.185,35.5795,5807499,75,115,0,14-3-28 19:49:54,1
5GFX4U6PSI,114.155,35.5534,5807540,71,100,0,14-3-28 19:53:6,1
5GFX4U6PSI,114.152,35.5484,5807546,71,100,0,14-3-28 19:53:36,1
5GFX4U6PSI,114.136,35.5211,5807581,77,100,0,14-3-28 19:56:19,1
5GFX4U6PSI,114.13,35.5111,5807594,77,100,0,14-3-28 19:57:15,1
5GFX4U6PSI,114.128,35.4954,5807613,77,80,0,14-3-28 19:58:37,1
5GFX4U6PSI,114.134,35.4743,5807637,75,80,0,14-3-28 20:0:28,1
5GFX4U6PSI,114.122,35.4406,5807680,73,105,0,14-3-28 20:3:40,1
5GFX4U6PSI,114.097,35.4119,5807721,69,105,0,14-3-28 20:6:52,1
5GFX4U6PSI,114.089,35.395,5807741,62,95,0,14-3-28 20:8:40,1
5GFX4U6PSI,114.083,35.3815,5807758,62,100,0,14-3-28 20:10:5,1
5GFX4U6PSI,114.053,35.3608,5807796,66,120,0,14-3-28 20:13:17,1
5GFX4U6PSI,114.042,35.3558,5807808,68,115,0,14-3-28 20:14:16,1
5GFX4U6PSI,114.019,35.3429,5807834,64,115,0,14-3-28 20:16:29,1
5GFX4U6PSI,113.989,35.3413,5807866,71,150,0,14-3-28 20:19:19,1
5GFX4U6PSI,113.985,35.3435,5807871,64,150,0,14-3-28 20:19:41,1
5GFX4U6PSI,113.87,35.3802,5807988,7,145,0,14-3-28 20:57:30,1
5GFX4U6PSI,113.869,35.3801,5807989,18,140,0,14-3-28 20:57:52,1
5GFX4U6PSI,113.862,35.382,5807996,44,140,0,14-3-28 20:59:13,1
5GFX4U6PSI,113.824,35.38,5808032,64,120,0,14-3-28 21:2:31,1
5GFX4U6PSI,113.788,35.3729,5808067,68,130,0,14-3-28 21:5:37,1
5GFX4U6PSI,113.765,35.3677,5808090,68,120,0,14-3-28 21:7:32,1
5GFX4U6PSI,113.752,35.3602,5808105,68,110,0,14-3-28 21:8:49,1
5GFX4U6PSI,113.722,35.3351,5808145,69,115,0,14-3-28 21:12:2,1
5GFX4U6PSI,113.716,35.3319,5808152,68,115,0,14-3-28 21:12:34,1
5GFX4U6PSI,113.683,35.3228,5808184,69,125,0,14-3-28 21:15:14,1
5GFX4U6PSI,113.652,35.3168,5808214,64,120,0,14-3-28 21:17:39,1
5GFX4U6PSI,113.643,35.3137,5808224,73,120,0,14-3-28 21:18:26,1
5GFX4U6PSI,113.605,35.2975,5808264,71,110,0,14-3-28 21:21:37,1
5GFX4U6PSI,113.595,35.2886,5808278,73,105,0,14-3-28 21:22:45,1
5GFX4U6PSI,113.577,35.2723,5808304,62,115,0,14-3-28 21:24:50,1
5GFX4U6PSI,113.543,35.258,5808339,62,120,0,14-3-28 21:27:54,1
5GFX4U6PSI,113.541,35.2574,5808341,68,120,0,14-3-28 21:28:1,1
5GFX4U6PSI,113.512,35.2311,5808383,71,105,0,14-3-28 21:31:15,1
5GFX4U6PSI,113.497,35.2173,5808404,75,110,0,14-3-28 21:32:57,1
5GFX4U6PSI,113.492,35.2142,5808410,71,115,0,14-3-28 21:33:23,1
5GFX4U6PSI,113.453,35.201,5808450,77,130,0,14-3-28 21:36:35,1
5GFX4U6PSI,113.434,35.1996,5808468,75,130,0,14-3-28 21:37:57,1
5GFX4U6PSI,113.41,35.1957,5808491,71,125,0,14-3-28 21:39:47,1
5GFX4U6PSI,113.371,35.1805,5808532,71,120,0,14-3-28 21:42:59,1
5GFX4U6PSI,113.336,35.1604,5808572,71,115,0,14-3-28 21:46:11,1
5GFX4U6PSI,113.315,35.1494,5808595,73,120,0,14-3-28 21:47:59,1
5GFX4U6PSI,113.298,35.1438,5808613,75,125,0,14-3-28 21:49:23,1
5GFX4U6PSI,113.254,35.1414,5808655,77,135,0,14-3-28 21:52:35,1
5GFX4U6PSI,113.248,35.1415,5808661,73,130,0,14-3-28 21:53:0,1
5GFX4U6PSI,113.211,35.1345,5808696,75,125,0,14-3-28 21:55:47,1
5GFX4U6PSI,113.181,35.1275,5808725,69,125,0,14-3-28 21:58:4,1
5GFX4U6PSI,113.17,35.1239,5808737,69,120,0,14-3-28 21:58:59,1
5GFX4U6PSI,113.126,35.1167,5808779,73,135,0,14-3-28 22:2:13,1
5GFX4U6PSI,113.115,35.1179,5808791,69,135,0,14-3-28 22:3:5,1
5GFX4U6PSI,113.084,35.1148,5808820,71,125,0,14-3-28 22:5:24,1
5GFX4U6PSI,113.076,35.1124,5808828,77,120,0,14-3-28 22:5:59,1
5GFX4U6PSI,113.034,35.1018,5808870,71,135,0,14-3-28 22:9:12,1
5GFX4U6PSI,112.995,35.0869,5808912,71,110,0,14-3-28 22:12:24,1
5GFX4U6PSI,112.989,35.0815,5808920,68,110,0,14-3-28 22:13:7,1
5GFX4U6PSI,112.964,35.0608,5808954,73,115,0,14-3-28 22:15:37,1
5GFX4U6PSI,112.931,35.0495,5808988,73,125,0,14-3-28 22:18:8,1
5GFX4U6PSI,112.921,35.0484,5808997,79,130,0,14-3-28 22:18:49,1
5GFX4U6PSI,112.875,35.0542,5809041,77,140,0,14-3-28 22:22:2,1
5GFX4U6PSI,112.859,35.0565,5809056,77,140,0,14-3-28 22:23:9,1
5GFX4U6PSI,112.831,35.0629,5809085,79,140,0,14-3-28 22:25:14,1
5GFX4U6PSI,112.789,35.0648,5809125,82,135,0,14-3-28 22:28:10,1
5GFX4U6PSI,112.785,35.065,5809128,80,135,0,14-3-28 22:28:26,1
5GFX4U6PSI,112.74,35.0685,5809171,69,135,0,14-3-28 22:31:38,1
5GFX4U6PSI,112.72,35.0702,5809190,73,135,0,14-3-28 22:33:11,1
5GFX4U6PSI,112.696,35.0714,5809212,71,130,0,14-3-28 22:34:51,1
5GFX4U6PSI,112.678,35.0579,5809246,79,95,0,14-3-28 22:37:55,1
5GFX4U6PSI,112.676,35.0517,5809253,77,100,0,14-3-28 22:38:28,1
5GFX4U6PSI,112.661,35.0269,5809285,58,100,0,14-3-28 22:41:7,1
5GFX4U6PSI,112.656,35.0054,5809310,53,85,0,14-3-28 22:43:29,1
5GFX4U6PSI,112.657,34.9992,5809317,49,80,0,14-3-28 22:44:19,1
5GFX4U6PSI,112.659,34.9695,5809352,68,90,0,14-3-28 22:47:31,1
5GFX4U6PSI,112.661,34.9567,5809367,95,80,0,14-3-28 22:48:33,1
5GFX4U6PSI,112.653,34.9307,5809399,90,105,0,14-3-28 22:50:43,1
5GFX4U6PSI,112.628,34.9019,5809440,77,90,0,14-3-28 22:53:34,1
5GFX4U6PSI,112.628,34.8972,5809445,82,85,0,14-3-28 22:53:57,1
5GFX4U6PSI,112.63,34.8608,5809487,71,85,0,14-3-28 22:57:8,1
5GFX4U6PSI,112.633,34.844,5809506,77,85,0,14-3-28 22:58:37,1
5GFX4U6PSI,112.63,34.824,5809530,73,95,0,14-3-28 23:0:20,1
5GFX4U6PSI,112.616,34.7981,5809562,58,95,0,14-3-28 23:3:38,1
5GFX4U6PSI,112.6,34.7762,5809594,62,125,0,14-3-28 23:6:45,1
5GFX4U6PSI,112.575,34.7734,5809618,71,130,0,14-3-28 23:8:39,1
5GFX4U6PSI,112.557,34.7742,5809635,73,135,0,14-3-28 23:9:57,1
5GFX4U6PSI,112.524,34.7758,5809667,64,130,0,14-3-28 23:12:22,1
5GFX4U6PSI,112.506,34.775,5809684,69,130,0,14-3-28 23:13:40,1
5GFX4U6PSI,112.48,34.7736,5809708,71,130,0,14-3-28 23:15:34,1
5GFX4U6PSI,112.442,34.7646,5809746,88,120,0,14-3-28 23:18:41,1
5GFX4U6PSI,112.44,34.7643,5809747,84,120,0,14-3-28 23:18:46,1
5GFX4U6PSI,112.399,34.7529,5809787,66,130,0,14-3-28 23:21:58,1
5GFX4U6PSI,112.38,34.7548,5809805,69,140,0,14-3-28 23:23:42,1
5GFX4U6PSI,112.361,34.7565,5809823,69,130,0,14-3-28 23:25:10,1
5GFX4U6PSI,112.316,34.7479,5809868,68,120,0,14-3-28 23:28:22,1
5GFX4U6PSI,112.312,34.7465,5809871,60,120,0,14-3-28 23:28:43,1
5GFX4U6PSI,112.29,34.7409,5809893,33,135,0,14-3-28 23:31:34,1
5GFX4U6PSI,112.272,34.7427,5809910,51,135,0,14-3-28 23:33:46,1
5GFX4U6PSI,112.261,34.745,5809921,71,140,0,14-3-28 23:34:46,1
5GFX4U6PSI,112.216,34.7547,5809964,36,135,0,14-3-28 23:37:58,1
5GFX4U6PSI,112.212,34.7549,5809968,25,135,0,14-3-28 23:38:47,1
5GFX4U6PSI,112.189,34.7457,5809993,90,115,0,14-3-28 23:41:10,1
5GFX4U6PSI,112.155,34.7376,5810027,93,130,0,14-3-28 23:43:48,1
5GFX4U6PSI,112.147,34.7371,5810036,60,130,0,14-3-28 23:44:22,1
5GFX4U6PSI,112.112,34.7449,5810069,80,140,0,14-3-28 23:47:35,1
5GFX4U6PSI,112.099,34.7487,5810082,71,145,0,14-3-28 23:48:49,1
5GFX4U6PSI,112.094,34.7505,5810087,75,145,0,14-3-28 23:49:11,1
5GFX4U6PSI,112.056,34.7599,5810126,73,130,0,14-3-28 23:52:24,1
5GFX4U6PSI,112.037,34.759,5810144,71,130,0,14-3-28 23:53:50,1
5GFX4U6PSI,112.011,34.7622,5810169,75,140,0,14-3-28 23:55:36,1
5GFX4U6PSI,111.975,34.7555,5810205,44,120,0,14-3-28 23:58:48,1
5GFX4U6PSI,111.94,34.7506,5810240,42,130,0,14-3-29 0:2:0,1
5GFX4U6PSI,111.922,34.7535,5810256,55,145,0,14-3-29 0:3:52,1
5GFX4U6PSI,111.911,34.7584,5810268,38,145,0,14-3-29 0:5:12,1
5GFX4U6PSI,111.886,34.7677,5810294,47,140,0,14-3-29 0:8:23,1
5GFX4U6PSI,111.883,34.7682,5810297,29,135,0,14-3-29 0:8:52,1
5GFX4U6PSI,111.85,34.7699,5810328,79,135,0,14-3-29 0:11:35,1
5GFX4U6PSI,111.821,34.7748,5810356,62,140,0,14-3-29 0:13:53,1
5GFX4U6PSI,111.811,34.7769,5810366,62,140,0,14-3-29 0:14:47,1
5GFX4U6PSI,111.772,34.7874,5810405,80,130,0,14-3-29 0:17:59,1
5GFX4U6PSI,111.759,34.7855,5810418,69,125,0,14-3-29 0:18:54,1
5GFX4U6PSI,111.73,34.7779,5810446,77,120,0,14-3-29 0:21:11,1
5GFX4U6PSI,111.695,34.7643,5810483,68,120,0,14-3-29 0:23:55,1
5GFX4U6PSI,111.69,34.7622,5810488,0,120,0,14-3-29 0:24:23,1
5GFX4U6PSI,111.671,34.7543,5810508,49,115,0,14-3-29 0:26:49,1
5GFX4U6PSI,111.657,34.7471,5810524,34,115,0,14-3-29 0:28:57,1
5GFX4U6PSI,111.649,34.7426,5810533,60,115,0,14-3-29 0:30:1,1
5GFX4U6PSI,111.628,34.7213,5810565,47,100,0,14-3-29 0:33:13,1
5GFX4U6PSI,111.625,34.715,5810572,75,100,0,14-3-29 0:33:58,1
5GFX4U6PSI,111.602,34.7028,5810599,49,125,0,14-3-29 0:36:25,1
5GFX4U6PSI,111.571,34.7006,5810628,55,130,0,14-3-29 0:39:37,1
5GFX4U6PSI,111.528,34.6937,5810670,69,135,0,14-3-29 0:42:49,1
5GFX4U6PSI,111.513,34.6964,5810685,49,140,0,14-3-29 0:44:0,1
5GFX4U6PSI,111.492,34.6992,5810705,73,130,0,14-3-29 0:46:3,1
5GFX4U6PSI,111.451,34.7023,5810743,80,145,0,14-3-29 0:49:1,1
5GFX4U6PSI,111.448,34.7037,5810746,79,145,0,14-3-29 0:49:15,1
5GFX4U6PSI,111.385,34.7141,5810808,79,135,0,14-3-29 0:54:27,1
5GFX4U6PSI,111.369,34.7142,5810823,79,140,0,14-3-29 0:55:38,1
5GFX4U6PSI,111.327,34.7174,5810864,75,120,0,14-3-29 0:58:50,1
5GFX4U6PSI,111.319,34.7149,5810872,0,125,0,14-3-29 0:59:29,1
5GFX4U6PSI,111.288,34.7155,5810901,66,140,0,14-3-29 1:2:2,1
5GFX4U6PSI,111.254,34.7235,5810935,69,150,0,14-3-29 1:4:30,1
5GFX4U6PSI,111.225,34.7433,5810970,55,145,0,14-3-29 1:7:17,1
5GFX4U6PSI,111.201,34.75,5810995,40,140,0,14-3-29 1:9:39,1
5GFX4U6PSI,111.194,34.7531,5811002,60,150,0,14-3-29 1:10:30,1
5GFX4U6PSI,111.148,34.757,5811048,77,130,0,14-3-29 1:13:42,1
5GFX4U6PSI,111.136,34.7561,5811059,47,130,0,14-3-29 1:14:40,1
5GFX4U6PSI,111.112,34.7419,5811089,82,105,0,14-3-29 1:16:55,1
5GFX4U6PSI,111.078,34.7295,5811124,75,130,0,14-3-29 1:19:41,1
5GFX4U6PSI,111.072,34.729,5811130,73,130,0,14-3-29 1:20:7,1
5GFX4U6PSI,111.03,34.7244,5811170,75,120,0,14-3-29 1:23:20,1
5GFX4U6PSI,111.017,34.7123,5811189,71,100,0,14-3-29 1:24:47,1
5GFX4U6PSI,111.008,34.6975,5811209,68,105,0,14-3-29 1:26:32,1
5GFX4U6PSI,110.982,34.6712,5811247,64,120,0,14-3-29 1:29:52,1
5GFX4U6PSI,110.948,34.657,5811284,75,120,0,14-3-29 1:32:56,1
5GFX4U6PSI,110.928,34.6542,5811303,36,130,0,14-3-29 1:34:57,1
5GFX4U6PSI,110.918,34.6532,5811313,53,130,0,14-3-29 1:36:8,1
5GFX4U6PSI,110.9,34.6478,5811330,31,120,0,14-3-29 1:39:20,1
5GFX4U6PSI,110.897,34.6464,5811334,31,120,0,14-3-29 1:40:4,1
5GFX4U6PSI,110.881,34.6394,5811351,77,115,0,14-3-29 1:42:0,1
5GFX4U6PSI,110.861,34.6136,5811386,55,100,0,14-3-29 1:45:11,1
5GFX4U6PSI,110.861,34.6133,5811387,55,100,0,14-3-29 1:45:12,1
5GFX4U6PSI,110.824,34.5883,5811434,80,130,0,14-3-29 1:48:24,1
5GFX4U6PSI,110.797,34.5845,5811460,53,125,0,14-3-29 1:50:16,1
5GFX4U6PSI,110.784,34.5814,5811473,58,120,0,14-3-29 1:51:36,1
5GFX4U6PSI,110.75,34.5709,5811508,62,125,0,14-3-29 1:54:48,1
5GFX4U6PSI,110.743,34.57,5811515,75,130,0,14-3-29 1:55:22,1
5GFX4U6PSI,110.709,34.5723,5811547,58,140,0,14-3-29 1:58:1,1
5GFX4U6PSI,110.681,34.576,5811574,71,130,0,14-3-29 2:0:26,1
5GFX4U6PSI,110.671,34.5748,5811583,64,130,0,14-3-29 2:1:13,1
5GFX4U6PSI,110.636,34.5726,5811617,46,140,0,14-3-29 2:4:26,1
5GFX4U6PSI,110.626,34.576,5811627,64,145,0,14-3-29 2:5:27,1
5GFX4U6PSI,110.602,34.5801,5811650,64,135,0,14-3-29 2:7:38,1
5GFX4U6PSI,110.571,34.5807,5811679,53,135,0,14-3-29 2:10:28,1
5GFX4U6PSI,110.567,34.5808,5811683,60,135,0,14-3-29 2:10:50,1
5GFX4U6PSI,110.516,34.5778,5811733,79,140,0,14-3-29 2:14:2,1
5GFX4U6PSI,110.496,34.5797,5811751,75,130,0,14-3-29 2:15:30,1
5GFX4U6PSI,110.474,34.5782,5811773,82,140,0,14-3-29 2:17:2,1
5GFX4U6PSI,110.432,34.5803,5811813,55,130,0,14-3-29 2:20:14,1
5GFX4U6PSI,110.429,34.5801,5811816,62,130,0,14-3-29 2:20:31,1
5GFX4U6PSI,110.388,34.5746,5811855,69,125,0,14-3-29 2:23:26,1
5GFX4U6PSI,110.374,34.5726,5811868,7,135,0,14-3-29 2:25:40,1
5GFX4U6PSI,110.373,34.5727,5811870,22,140,0,14-3-29 2:26:38,1
5GFX4U6PSI,110.37,34.5731,5811873,0,0,0,14-3-29 2:29:51,1
5GFX4U6PSI,110.37,34.5731,5811873,0,0,0,14-3-29 2:30:41,1
5GFX4U6PSI,110.369,34.5731,5811873,1,130,0,14-3-29 2:33:3,1
5GFX4U6PSI,110.369,34.5731,5811873,0,0,0,14-3-29 2:35:42,1
5GFX4U6PSI,110.369,34.5731,5811873,0,0,0,14-3-29 2:36:15,1
5GFX4U6PSI,110.369,34.5732,5811873,0,0,0,14-3-29 2:39:27,1
5GFX4U6PSI,110.368,34.5731,5811873,0,0,0,14-3-29 2:40:43,1
5GFX4U6PSI,110.368,34.5732,5811873,0,0,0,14-3-29 2:42:39,1
5GFX4U6PSI,110.368,34.5732,5811873,0,0,0,14-3-29 2:45:47,1
5GFX4U6PSI,110.368,34.5732,5811873,0,0,0,14-3-29 2:45:50,1
5GFX4U6PSI,110.368,34.5732,5811873,0,0,0,14-3-29 2:49:4,1
5GFX4U6PSI,110.368,34.5732,5811873,0,60,0,14-3-29 2:50:47,1
5GFX4U6PSI,110.369,34.5732,5811873,0,20,0,14-3-29 2:52:16,1
5GFX4U6PSI,110.369,34.5731,5811873,0,60,0,14-3-29 2:55:31,1
5GFX4U6PSI,110.369,34.5732,5811873,0,0,0,14-3-29 2:55:48,1
5GFX4U6PSI,110.366,34.5733,5811876,27,140,0,14-3-29 2:58:42,1
5GFX4U6PSI,110.354,34.5798,5811889,53,160,0,14-3-29 3:0:49,1
5GFX4U6PSI,110.349,34.5868,5811899,42,160,0,14-3-29 3:1:54,1
5GFX4U6PSI,110.347,34.5895,5811902,1,155,0,14-3-29 3:5:6,1
5GFX4U6PSI,110.347,34.5896,5811902,0,0,0,14-3-29 3:5:50,1
5GFX4U6PSI,110.343,34.5925,5811907,46,155,0,14-3-29 3:8:18,1
5GFX4U6PSI,110.316,34.6035,5811935,51,140,0,14-3-29 3:10:51,1
5GFX4U6PSI,110.311,34.604,5811940,22,135,0,14-3-29 3:11:30,1
5GFX4U6PSI,110.268,34.6051,5811982,77,130,0,14-3-29 3:14:42,1
5GFX4U6PSI,110.253,34.6083,5811997,69,145,0,14-3-29 3:15:52,1
5GFX4U6PSI,110.227,34.6111,5812022,73,135,0,14-3-29 3:17:54,1
5GFX4U6PSI,110.185,34.6124,5812063,84,125,0,14-3-29 3:20:53,1
5GFX4U6PSI,110.182,34.6118,5812066,86,125,0,14-3-29 3:21:6,1
5GFX4U6PSI,110.102,34.5538,5812172,75,110,0,14-3-29 3:29:17,1
5GFX4U6PSI,110.07,34.5416,5812206,73,125,0,14-3-29 3:31:41,1
5GFX4U6PSI,110.035,34.5385,5812239,80,125,0,14-3-29 3:34:8,1
5GFX4U6PSI,110.026,34.5367,5812249,68,125,0,14-3-29 3:34:53,1
5GFX4U6PSI,109.981,34.5383,5812291,86,140,0,14-3-29 3:38:6,1
5GFX4U6PSI,109.965,34.543,5812307,80,140,0,14-3-29 3:39:9,1
5GFX4U6PSI,109.935,34.5429,5812337,75,125,0,14-3-29 3:41:18,1
5GFX4U6PSI,109.902,34.5329,5812370,64,130,0,14-3-29 3:44:10,1
5GFX4U6PSI,109.897,34.5326,5812374,73,130,0,14-3-29 3:44:30,1
5GFX4U6PSI,109.849,34.5308,5812421,77,120,0,14-3-29 3:47:42,1
5GFX4U6PSI,109.829,34.5239,5812441,79,130,0,14-3-29 3:49:11,1
5GFX4U6PSI,109.806,34.5159,5812466,84,120,0,14-3-29 3:50:54,1
5GFX4U6PSI,109.762,34.5024,5812511,77,125,0,14-3-29 3:54:13,1
5GFX4U6PSI,109.717,34.4982,5812554,69,125,0,14-3-29 3:57:18,1
5GFX4U6PSI,109.691,34.498,5812579,82,135,0,14-3-29 3:59:14,1
5GFX4U6PSI,109.677,34.4981,5812593,92,130,0,14-3-29 4:0:8,1
5GFX4U6PSI,109.629,34.5014,5812638,79,135,0,14-3-29 4:3:21,1
5GFX4U6PSI,109.616,34.5021,5812650,71,135,0,14-3-29 4:4:16,1
5GFX4U6PSI,109.587,34.4984,5812679,73,130,0,14-3-29 4:6:33,1
5GFX4U6PSI,109.554,34.4945,5812711,66,125,0,14-3-29 4:9:17,1
5GFX4U6PSI,109.548,34.493,5812716,58,120,0,14-3-29 4:9:45,1
5GFX4U6PSI,109.514,34.4775,5812755,66,125,0,14-3-29 4:12:57,1
5GFX4U6PSI,109.5,34.4777,5812768,49,135,0,14-3-29 4:14:20,1
5GFX4U6PSI,109.477,34.4767,5812791,79,140,0,14-3-29 4:16:10,1
5GFX4U6PSI,109.432,34.4843,5812835,77,145,0,14-3-29 4:19:22,1
5GFX4U6PSI,109.385,34.4836,5812880,71,135,0,14-3-29 4:22:34,1
5GFX4U6PSI,109.363,34.4814,5812902,64,125,0,14-3-29 4:24:22,1
5GFX4U6PSI,109.348,34.4764,5812917,69,120,0,14-3-29 4:25:47,1
5GFX4U6PSI,109.31,34.4627,5812956,71,120,0,14-3-29 4:28:59,1
5GFX4U6PSI,109.305,34.4606,5812961,75,115,0,14-3-29 4:29:23,1
5GFX4U6PSI,109.272,34.4399,5813001,69,120,0,14-3-29 4:32:11,1
5GFX4U6PSI,109.261,34.4362,5813012,64,120,0,14-3-29 4:33:5,1
5GFX4U6PSI,109.243,34.4251,5813034,73,110,0,14-3-29 4:34:48,1
5GFX4U6PSI,109.23,34.4134,5813052,64,110,0,14-3-29 4:36:18,1
5GFX4U6PSI,109.197,34.3916,5813093,69,105,0,14-3-29 4:39:30,1
5GFX4U6PSI,109.195,34.3886,5813097,68,105,0,14-3-29 4:39:50,1
5GFX4U6PSI,109.173,34.3693,5813127,55,115,0,14-3-29 4:42:42,1
5GFX4U6PSI,109.158,34.357,5813147,60,110,0,14-3-29 4:44:51,1
5GFX4U6PSI,109.148,34.3486,5813160,79,115,0,14-3-29 4:45:54,1
5GFX4U6PSI,109.115,34.3269,5813201,84,110,0,14-3-29 4:49:6,1
5GFX4U6PSI,109.106,34.3214,5813211,77,115,0,14-3-29 4:49:52,1
5GFX4U6PSI,109.082,34.3284,5813244,86,160,0,14-3-29 4:52:18,1
5GFX4U6PSI,109.063,34.3516,5813277,31,175,0,14-3-29 4:54:53,1
5GFX4U6PSI,109.063,34.3497,5813282,44,115,0,14-3-29 4:55:30,1
5GFX4U6PSI,109.06,34.3494,5813285,0,0,0,14-3-29 4:58:42,1
5GFX4U6PSI,109.06,34.3495,5813285,0,0,0,14-3-29 4:59:54,1
5GFX4U6PSI,109.053,34.3524,5813295,47,0,0,14-3-29 5:1:54,1
5GFX4U6PSI,109.035,34.3576,5813315,60,135,0,14-3-29 5:5:0,1
5GFX4U6PSI,109.034,34.3577,5813316,62,135,0,14-3-29 5:5:6,1
5GFX4U6PSI,109,34.3635,5813349,66,135,0,14-3-29 5:8:19,1
5GFX4U6PSI,108.99,34.3669,5813361,11,135,0,14-3-29 5:10:8,1
5GFX4U6PSI,108.989,34.3669,5813362,0,135,0,14-3-29 5:11:32,1
5GFX4U6PSI,108.989,34.3669,5813362,0,170,0,14-3-29 5:14:44,1
5GFX4U6PSI,108.989,34.3671,5813362,3,175,0,14-3-29 5:15:12,1
5GFX4U6PSI,108.989,34.3674,5813362,0,175,0,14-3-29 5:17:56,1
5GFX4U6PSI,108.989,34.3674,5813362,0,175,0,14-3-29 5:20:18,1
5GFX4U6PSI,108.989,34.3674,5813362,0,175,0,14-3-29 5:21:7,1
5GFX4U6PSI,108.989,34.3674,5813362,0,175,0,14-3-29 5:24:19,1
5GFX4U6PSI,108.989,34.3674,5813362,0,175,0,14-3-29 5:25:24,1
5GFX4U6PSI,108.989,34.3674,5813362,0,175,0,14-3-29 5:27:31,1
5GFX4U6PSI,108.989,34.3674,5813362,0,175,0,14-3-29 5:30:33,1
5GFX4U6PSI,108.989,34.3674,5813362,0,175,0,14-3-29 5:30:43,1
5GFX4U6PSI,108.989,34.3674,5813362,0,175,0,14-3-29 5:33:55,1
5GFX4U6PSI,108.989,34.3674,5813362,0,175,0,14-3-29 5:35:37,1
5GFX4U6PSI,108.989,34.3674,5813362,0,175,0,14-3-29 5:37:7,1
5GFX4U6PSI,108.989,34.3674,5813362,0,175,0,14-3-29 5:40:19,1
5GFX4U6PSI,108.989,34.3674,5813362,0,175,0,14-3-29 5:40:43,1
5GFX4U6PSI,108.989,34.3674,5813362,0,175,0,14-3-29 5:43:31,1
5GFX4U6PSI,108.989,34.3674,5813362,0,175,0,14-3-29 5:45:50,1
5GFX4U6PSI,108.989,34.3674,5813362,0,175,0,14-3-29 5:46:43,1
5GFX4U6PSI,108.989,34.3674,5813362,0,175,0,14-3-29 5:49:55,1
5GFX4U6PSI,108.989,34.3674,5813362,0,175,0,14-3-29 5:50:54,1
5GFX4U6PSI,108.989,34.3674,5813362,0,175,0,14-3-29 5:53:7,1
5GFX4U6PSI,108.989,34.3674,5813362,0,175,0,14-3-29 5:56:0,1
5GFX4U6PSI,108.989,34.3674,5813362,0,175,0,14-3-29 5:56:19,1
5GFX4U6PSI,108.989,34.3674,5813362,0,175,0,14-3-29 5:59:31,1
5GFX4U6PSI,108.989,34.3674,5813362,0,175,0,14-3-29 6:1:1,1
5GFX4U6PSI,108.989,34.3674,5813362,0,175,0,14-3-29 6:2:43,1
5GFX4U6PSI,108.989,34.3674,5813362,0,175,0,14-3-29 6:6:2,1
5GFX4U6PSI,108.989,34.3674,5813362,0,175,0,14-3-29 6:9:7,1
5GFX4U6PSI,108.989,34.3674,5813362,0,175,0,14-3-29 6:11:3,1
5GFX4U6PSI,108.989,34.3674,5813362,0,175,0,14-3-29 6:12:19,1
5GFX4U6PSI,108.989,34.3674,5813362,0,175,0,14-3-29 6:15:31,1
5GFX4U6PSI,108.989,34.3674,5813362,0,175,0,14-3-29 6:16:4,1
5GFX4U6PSI,108.989,34.3674,5813362,0,175,0,14-3-29 6:18:43,1
5GFX4U6PSI,108.989,34.3674,5813362,0,175,0,14-3-29 6:21:5,1
5GFX4U6PSI,108.989,34.3674,5813362,0,175,0,14-3-29 6:21:55,1
5GFX4U6PSI,108.989,34.3674,5813362,0,175,0,14-3-29 6:25:7,1
5GFX4U6PSI,108.989,34.3674,5813362,0,175,0,14-3-29 6:26:6,1
5GFX4U6PSI,108.989,34.3674,5813362,0,175,0,14-3-29 6:28:19,1
5GFX4U6PSI,108.989,34.3674,5813362,0,175,0,14-3-29 6:31:7,1
5GFX4U6PSI,108.989,34.3674,5813362,0,175,0,14-3-29 6:31:31,1
5GFX4U6PSI,108.989,34.3674,5813362,0,175,0,14-3-29 6:34:43,1
5GFX4U6PSI,108.989,34.3674,5813362,0,175,0,14-3-29 6:36:11,1
5GFX4U6PSI,108.989,34.3674,5813362,0,175,0,14-3-29 6:37:55,1
5GFX4U6PSI,108.989,34.3674,5813362,0,175,0,14-3-29 6:41:12,1
5GFX4U6PSI,108.989,34.3674,5813362,0,175,0,14-3-29 6:44:19,1
5GFX4U6PSI,108.989,34.3674,5813362,0,175,0,14-3-29 6:46:13,1
5GFX4U6PSI,108.989,34.3674,5813362,0,175,0,14-3-29 6:47:31,1
5GFX4U6PSI,108.989,34.3674,5813362,0,175,0,14-3-29 6:50:43,1
5GFX4U6PSI,108.989,34.3674,5813362,0,175,0,14-3-29 6:51:14,1
5GFX4U6PSI,108.989,34.3674,5813362,0,175,0,14-3-29 6:53:55,1
5GFX4U6PSI,108.989,34.3674,5813362,0,175,0,14-3-29 6:56:15,1
5GFX4U6PSI,108.989,34.3674,5813362,0,175,0,14-3-29 6:57:7,1
5GFX4U6PSI,108.989,34.3674,5813362,0,175,0,14-3-29 7:0:19,1
5GFX4U6PSI,108.989,34.3674,5813362,0,175,0,14-3-29 7:1:16,1
5GFX4U6PSI,108.989,34.3674,5813362,0,175,0,14-3-29 7:3:31,1
5GFX4U6PSI,108.989,34.3674,5813362,0,175,0,14-3-29 7:6:17,1
5GFX4U6PSI,108.989,34.3674,5813362,0,175,0,14-3-29 7:6:43,1
5GFX4U6PSI,108.989,34.3674,5813362,0,175,0,14-3-29 7:9:55,1
5GFX4U6PSI,108.989,34.3674,5813362,0,175,0,14-3-29 7:11:21,1
5GFX4U6PSI,108.989,34.3674,5813362,0,175,0,14-3-29 7:13:7,1
5GFX4U6PSI,108.989,34.3674,5813362,0,175,0,14-3-29 7:16:22,1
5GFX4U6PSI,108.989,34.3674,5813362,0,175,0,14-3-29 7:19:31,1
5GFX4U6PSI,108.989,34.3674,5813362,0,175,0,14-3-29 7:21:23,1
5GFX4U6PSI,108.989,34.3674,5813362,0,175,0,14-3-29 7:22:43,1
5GFX4U6PSI,108.989,34.3674,5813362,0,175,0,14-3-29 7:25:55,1
5GFX4U6PSI,108.989,34.3674,5813362,0,175,0,14-3-29 7:26:24,1
5GFX4U6PSI,108.989,34.3674,5813362,0,175,0,14-3-29 7:29:7,1
5GFX4U6PSI,108.989,34.3674,5813362,0,175,0,14-3-29 7:31:25,1
5GFX4U6PSI,108.989,34.3674,5813362,0,175,0,14-3-29 7:32:19,1
5GFX4U6PSI,108.989,34.3674,5813362,0,175,0,14-3-29 7:35:31,1
5GFX4U6PSI,108.989,34.3674,5813362,0,175,0,14-3-29 7:36:26,1
5GFX4U6PSI,108.989,34.3674,5813362,0,175,0,14-3-29 7:38:43,1
5GFX4U6PSI,108.989,34.3674,5813362,0,175,0,14-3-29 7:45:6,1
5GFX4U6PSI,108.989,34.3674,5813362,0,175,0,14-3-29 7:48:19,1
5GFX4U6PSI,108.989,34.3674,5813362,0,175,0,14-3-29 7:50:3,1
5GFX4U6PSI,108.989,34.3674,5813362,0,175,0,14-3-29 7:51:32,1
5GFX4U6PSI,108.989,34.3674,5813362,0,175,0,14-3-29 7:54:44,1
5GFX4U6PSI,108.989,34.3674,5813362,0,175,0,14-3-29 7:55:3,1
5GFX4U6PSI,108.989,34.3674,5813362,0,175,0,14-3-29 7:57:55,1
5GFX4U6PSI,108.989,34.3674,5813362,0,175,0,14-3-29 8:0:5,1
5GFX4U6PSI,108.989,34.3674,5813362,0,175,0,14-3-29 8:1:7,1
5GFX4U6PSI,108.989,34.3674,5813362,0,175,0,14-3-29 8:4:19,1
5GFX4U6PSI,108.989,34.3674,5813362,0,175,0,14-3-29 8:5:6,1
5GFX4U6PSI,108.989,34.3674,5813362,0,175,0,14-3-29 8:7:31,1
5GFX4U6PSI,108.989,34.3674,5813362,0,175,0,14-3-29 8:10:7,1
5GFX4U6PSI,108.989,34.3674,5813362,0,175,0,14-3-29 8:10:43,1
5GFX4U6PSI,108.989,34.3674,5813362,0,175,0,14-3-29 8:13:55,1
5GFX4U6PSI,108.989,34.3674,5813362,0,175,0,14-3-29 8:15:8,1
5GFX4U6PSI,108.989,34.3674,5813362,0,175,0,14-3-29 8:17:7,1
5GFX4U6PSI,108.989,34.3674,5813362,0,175,0,14-3-29 8:20:19,1
5GFX4U6PSI,108.989,34.3674,5813362,0,175,0,14-3-29 8:23:31,1
5GFX4U6PSI,108.989,34.3674,5813362,0,175,0,14-3-29 8:25:12,1
5GFX4U6PSI,108.989,34.3674,5813362,0,175,0,14-3-29 8:26:43,1
5GFX4U6PSI,108.989,34.3674,5813362,0,175,0,14-3-29 8:29:55,1
5GFX4U6PSI,108.989,34.3674,5813362,0,175,0,14-3-29 8:30:13,1
5GFX4U6PSI,108.989,34.3674,5813362,0,175,0,14-3-29 8:33:7,1
5GFX4U6PSI,108.989,34.3674,5813362,0,175,0,14-3-29 8:35:14,1
5GFX4U6PSI,108.989,34.3674,5813362,0,175,0,14-3-29 8:36:19,1
5GFX4U6PSI,108.989,34.3674,5813362,0,175,0,14-3-29 8:39:31,1
5GFX4U6PSI,108.989,34.3674,5813362,0,175,0,14-3-29 8:40:15,1
5GFX4U6PSI,108.989,34.3674,5813362,0,175,0,14-3-29 8:42:43,1
5GFX4U6PSI,108.989,34.3674,5813362,0,175,0,14-3-29 8:45:16,1
5GFX4U6PSI,108.989,34.3674,5813362,0,175,0,14-3-29 8:45:55,1
5GFX4U6PSI,108.989,34.3674,5813362,0,175,0,14-3-29 8:49:7,1
5GFX4U6PSI,108.989,34.3674,5813362,0,175,0,14-3-29 8:52:19,1
5GFX4U6PSI,108.989,34.3674,5813362,0,175,0,14-3-29 8:55:18,1
5GFX4U6PSI,108.989,34.3674,5813362,0,175,0,14-3-29 8:55:31,1
5GFX4U6PSI,108.989,34.3674,5813362,0,175,0,14-3-29 8:58:43,1
5GFX4U6PSI,108.989,34.3674,5813362,0,175,0,14-3-29 9:0:19,1
5GFX4U6PSI,108.989,34.3674,5813362,0,175,0,14-3-29 9:1:55,1
5GFX4U6PSI,108.989,34.3674,5813362,0,175,0,14-3-29 9:5:20,1
5GFX4U6PSI,108.989,34.3674,5813362,0,175,0,14-3-29 9:10:21,1
5GFX4U6PSI,108.989,34.3674,5813362,0,175,0,14-3-29 9:11:31,1
5GFX4U6PSI,108.989,34.3674,5813362,0,175,0,14-3-29 9:14:43,1
5GFX4U6PSI,108.989,34.3674,5813362,0,175,0,14-3-29 9:15:22,1
5GFX4U6PSI,108.989,34.3674,5813362,0,175,0,14-3-29 9:17:55,1
5GFX4U6PSI,108.989,34.3674,5813362,0,175,0,14-3-29 9:20:23,1
5GFX4U6PSI,108.989,34.3674,5813362,0,175,0,14-3-29 9:21:7,1
5GFX4U6PSI,108.989,34.3674,5813362,0,175,0,14-3-29 9:24:20,1
5GFX4U6PSI,108.989,34.3674,5813362,0,175,0,14-3-29 9:25:24,1
5GFX4U6PSI,108.989,34.3674,5813362,0,175,0,14-3-29 9:27:32,1
5GFX4U6PSI,108.989,34.3674,5813362,0,175,0,14-3-29 9:30:28,1
5GFX4U6PSI,108.989,34.3674,5813362,0,175,0,14-3-29 9:30:44,1
5GFX4U6PSI,108.989,34.3674,5813362,0,175,0,14-3-29 9:33:56,1
5GFX4U6PSI,108.989,34.3674,5813362,0,175,0,14-3-29 9:37:8,1
5GFX4U6PSI,108.989,34.3674,5813362,0,175,0,14-3-29 9:40:20,1
5GFX4U6PSI,108.989,34.3674,5813362,0,175,0,14-3-29 9:40:30,1
5GFX4U6PSI,108.989,34.3672,5813362,0,70,0,14-3-29 9:43:32,1
5GFX4U6PSI,108.99,34.3667,5813362,3,45,0,14-3-29 9:45:31,1
5GFX4U6PSI,108.991,34.3672,5813363,3,25,0,14-3-29 9:46:44,1
5GFX4U6PSI,108.989,34.3686,5813366,3,125,0,14-3-29 9:49:56,1
5GFX4U6PSI,108.988,34.3685,5813366,0,115,0,14-3-29 9:50:32,1
5GFX4U6PSI,108.989,34.3687,5813367,0,45,0,14-3-29 9:55:33,1
5GFX4U6PSI,108.989,34.3688,5813367,0,175,0,14-3-29 9:56:20,1
5GFX4U6PSI,108.989,34.3687,5813367,0,25,0,14-3-29 9:59:32,1
5GFX4U6PSI,108.989,34.3687,5813367,0,25,0,14-3-29 10:0:34,1
5GFX4U6PSI,108.989,34.3687,5813367,0,25,0,14-3-29 10:2:44,1
5GFX4U6PSI,108.989,34.3687,5813367,0,25,0,14-3-29 10:5:35,1
5GFX4U6PSI,108.989,34.3687,5813367,0,25,0,14-3-29 10:5:56,1
5GFX4U6PSI,108.989,34.3687,5813367,0,25,0,14-3-29 10:9:8,1
5GFX4U6PSI,108.989,34.3687,5813367,0,25,0,14-3-29 10:10:36,1
5GFX4U6PSI,108.989,34.3687,5813367,0,25,0,14-3-29 10:12:20,1
5GFX4U6PSI,108.99,34.3682,5813367,0,115,0,14-3-29 10:15:37,1
5GFX4U6PSI,108.99,34.3682,5813367,0,115,0,14-3-29 10:18:44,1
5GFX4U6PSI,108.99,34.3682,5813367,0,115,0,14-3-29 10:20:38,1
5GFX4U6PSI,108.99,34.3686,5813367,0,20,0,14-3-29 10:21:56,1
5GFX4U6PSI,108.99,34.3686,5813367,0,20,0,14-3-29 10:25:8,1
5GFX4U6PSI,108.99,34.3686,5813367,0,20,0,14-3-29 10:25:39,1
5GFX4U6PSI,108.99,34.3686,5813367,0,20,0,14-3-29 10:28:20,1
5GFX4U6PSI,108.99,34.3686,5813367,0,20,0,14-3-29 10:30:44,1
5GFX4U6PSI,108.99,34.3686,5813367,0,20,0,14-3-29 10:31:31,1
5GFX4U6PSI,108.99,34.3686,5813367,0,20,0,14-3-29 10:34:43,1
5GFX4U6PSI,108.99,34.3686,5813367,0,20,0,14-3-29 10:35:48,1
5GFX4U6PSI,108.99,34.3686,5813367,0,20,0,14-3-29 10:37:55,1
5GFX4U6PSI,108.99,34.3686,5813367,0,20,0,14-3-29 10:40:49,1
5GFX4U6PSI,108.99,34.3686,5813367,0,20,0,14-3-29 10:41:7,1
5GFX4U6PSI,108.99,34.3686,5813367,0,20,0,14-3-29 10:44:19,1
5GFX4U6PSI,108.99,34.3686,5813367,0,20,0,14-3-29 10:45:50,1
5GFX4U6PSI,108.99,34.3686,5813367,0,20,0,14-3-29 10:47:31,1
5GFX4U6PSI,108.99,34.3686,5813367,0,20,0,14-3-29 10:50:43,1
5GFX4U6PSI,108.99,34.3686,5813367,0,20,0,14-3-29 10:50:51,1
5GFX4U6PSI,108.99,34.3686,5813367,0,20,0,14-3-29 10:53:55,1
5GFX4U6PSI,108.99,34.3686,5813367,0,20,0,14-3-29 10:55:52,1
5GFX4U6PSI,108.99,34.3686,5813367,0,20,0,14-3-29 10:57:7,1
5GFX4U6PSI,108.99,34.3686,5813367,0,20,0,14-3-29 11:0:19,1
5GFX4U6PSI,108.99,34.3686,5813367,0,20,0,14-3-29 11:0:54,1
5GFX4U6PSI,108.99,34.3686,5813367,0,20,0,14-3-29 11:3:31,1
5GFX4U6PSI,108.989,34.3687,5813367,0,0,0,14-3-29 11:5:59,1
5GFX4U6PSI,108.989,34.3687,5813367,0,0,0,14-3-29 11:6:43,1
5GFX4U6PSI,108.989,34.3688,5813367,0,145,0,14-3-29 11:9:55,1
5GFX4U6PSI,108.989,34.3688,5813367,0,145,0,14-3-29 11:13:7,1
5GFX4U6PSI,108.991,34.3654,5813372,29,90,0,14-3-29 11:16:12,1
5GFX4U6PSI,108.991,34.3648,5813372,31,85,0,14-3-29 11:16:19,1
5GFX4U6PSI,108.991,34.3563,5813382,0,100,0,14-3-29 11:19:31,1
5GFX4U6PSI,108.991,34.3562,5813382,7,90,0,14-3-29 11:21:19,1
5GFX4U6PSI,108.991,34.3558,5813382,0,0,0,14-3-29 11:22:43,1
5GFX4U6PSI,108.991,34.3578,5813385,0,30,0,14-3-29 11:25:55,1
5GFX4U6PSI,108.991,34.358,5813385,0,175,0,14-3-29 11:26:23,1
5GFX4U6PSI,108.991,34.358,5813385,0,175,0,14-3-29 11:29:7,1
5GFX4U6PSI,108.991,34.358,5813385,0,175,0,14-3-29 11:31:29,1
5GFX4U6PSI,108.991,34.358,5813385,0,175,0,14-3-29 11:32:19,1
5GFX4U6PSI,108.991,34.3587,5813386,12,170,0,14-3-29 11:35:31,1
5GFX4U6PSI,108.994,34.3621,5813391,31,35,0,14-3-29 11:36:36,1
5GFX4U6PSI,109.009,34.3613,5813405,49,50,0,14-3-29 11:38:43,1
5GFX4U6PSI,109.032,34.3565,5813428,55,45,0,14-3-29 11:41:39,1
5GFX4U6PSI,109.035,34.3563,5813430,57,45,0,14-3-29 11:41:56,1
5GFX4U6PSI,109.053,34.3479,5813455,25,60,0,14-3-29 11:45:8,1
5GFX4U6PSI,109.058,34.349,5813460,1,50,0,14-3-29 11:46:43,1
5GFX4U6PSI,109.058,34.3488,5813460,1,45,0,14-3-29 11:48:22,1
5GFX4U6PSI,109.064,34.3503,5813470,40,150,0,14-3-29 11:51:34,1
5GFX4U6PSI,109.063,34.3511,5813471,49,150,0,14-3-29 11:51:45,1
5GFX4U6PSI,109.024,34.3582,5813510,75,140,0,14-3-29 11:54:46,1
5GFX4U6PSI,108.997,34.363,5813536,62,135,0,14-3-29 11:56:49,1
5GFX4U6PSI,108.984,34.3639,5813549,71,140,0,14-3-29 11:57:58,1
5GFX4U6PSI,108.944,34.3662,5813587,77,135,0,14-3-29 12:1:10,1
5GFX4U6PSI,108.93,34.3662,5813600,75,130,0,14-3-29 12:2:9,1
5GFX4U6PSI,108.9,34.3583,5813630,73,120,0,14-3-29 12:4:22,1
5GFX4U6PSI,108.865,34.3513,5813665,69,125,0,14-3-29 12:7:10,1
5GFX4U6PSI,108.86,34.3504,5813669,66,125,0,14-3-29 12:7:34,1
5GFX4U6PSI,108.82,34.3421,5813709,73,125,0,14-3-29 12:10:46,1
5GFX4U6PSI,108.804,34.3334,5813727,71,105,0,14-3-29 12:12:11,1
5GFX4U6PSI,108.789,34.317,5813751,71,105,0,14-3-29 12:13:58,1
5GFX4U6PSI,108.763,34.3065,5813787,69,145,0,14-3-29 12:17:7,1
5GFX4U6PSI,108.762,34.3069,5813788,69,145,0,14-3-29 12:17:12,1
5GFX4U6PSI,108.722,34.3133,5813827,57,130,0,14-3-29 12:20:19,1
5GFX4U6PSI,108.7,34.3058,5813849,75,110,0,14-3-29 12:22:13,1
5GFX4U6PSI,108.687,34.2961,5813867,73,120,0,14-3-29 12:23:31,1
5GFX4U6PSI,108.642,34.2955,5813910,77,130,0,14-3-29 12:26:43,1
5GFX4U6PSI,108.631,34.2948,5813921,75,130,0,14-3-29 12:27:31,1
5GFX4U6PSI,108.597,34.2897,5813954,79,125,0,14-3-29 12:29:55,1
5GFX4U6PSI,108.561,34.2854,5813988,69,130,0,14-3-29 12:32:32,1
5GFX4U6PSI,108.553,34.2848,5813995,66,130,0,14-3-29 12:33:7,1
5GFX4U6PSI,108.535,34.2818,5814014,16,125,0,14-3-29 12:36:19,1
5GFX4U6PSI,108.526,34.2794,5814022,62,125,0,14-3-29 12:37:33,1
5GFX4U6PSI,108.502,34.2745,5814045,66,130,0,14-3-29 12:39:31,1
5GFX4U6PSI,108.463,34.2726,5814083,68,125,0,14-3-29 12:42:34,1
5GFX4U6PSI,108.461,34.2723,5814085,69,125,0,14-3-29 12:42:43,1
5GFX4U6PSI,108.423,34.2565,5814126,73,120,0,14-3-29 12:45:57,1
5GFX4U6PSI,108.401,34.2507,5814148,77,125,0,14-3-29 12:47:39,1
5GFX4U6PSI,108.38,34.2477,5814168,75,130,0,14-3-29 12:49:10,1
5GFX4U6PSI,108.341,34.2458,5814206,73,130,0,14-3-29 12:52:9,1
5GFX4U6PSI,108.332,34.2451,5814214,75,130,0,14-3-29 12:52:45,1
5GFX4U6PSI,108.296,34.2476,5814248,69,130,0,14-3-29 12:55:21,1
5GFX4U6PSI,108.26,34.2456,5814283,86,125,0,14-3-29 12:57:59,1
5GFX4U6PSI,108.252,34.244,5814291,79,130,0,14-3-29 12:58:33,1
5GFX4U6PSI,108.209,34.2471,5814332,75,130,0,14-3-29 13:1:44,1
5GFX4U6PSI,108.191,34.2462,5814350,77,135,0,14-3-29 13:3:1,1
5GFX4U6PSI,108.164,34.2479,5814375,73,135,0,14-3-29 13:4:56,1
5GFX4U6PSI,108.124,34.2515,5814415,68,140,0,14-3-29 13:8:2,1
5GFX4U6PSI,108.122,34.2517,5814416,64,140,0,14-3-29 13:8:8,1
5GFX4U6PSI,108.08,34.2543,5814456,75,140,0,14-3-29 13:11:20,1
5GFX4U6PSI,108.055,34.2602,5814480,66,140,0,14-3-29 13:13:20,1
5GFX4U6PSI,108.04,34.2637,5814496,75,140,0,14-3-29 13:14:32,1
5GFX4U6PSI,107.996,34.2664,5814537,77,135,0,14-3-29 13:17:45,1
5GFX4U6PSI,107.988,34.2673,5814546,75,135,0,14-3-29 13:18:21,1
5GFX4U6PSI,107.952,34.2645,5814580,73,130,0,14-3-29 13:20:56,1
5GFX4U6PSI,107.918,34.2684,5814612,73,140,0,14-3-29 13:23:22,1
5GFX4U6PSI,107.908,34.27,5814622,69,135,0,14-3-29 13:24:9,1
5GFX4U6PSI,107.906,34.2702,5814624,69,135,0,14-3-29 13:24:17,1
5GFX4U6PSI,107.864,34.2694,5814665,71,125,0,14-3-29 13:27:29,1
5GFX4U6PSI,107.852,34.2675,5814676,69,125,0,14-3-29 13:28:23,1
5GFX4U6PSI,107.822,34.2674,5814706,73,150,0,14-3-29 13:30:42,1
5GFX4U6PSI,107.785,34.287,5814748,71,150,0,14-3-29 13:33:54,1
5GFX4U6PSI,107.783,34.2882,5814750,71,150,0,14-3-29 13:34:5,1
5GFX4U6PSI,107.748,34.3029,5814789,71,135,0,14-3-29 13:37:6,1
5GFX4U6PSI,107.72,34.3033,5814815,75,135,0,14-3-29 13:39:6,1
5GFX4U6PSI,107.704,34.3035,5814831,75,135,0,14-3-29 13:40:18,1
5GFX4U6PSI,107.661,34.3099,5814873,75,130,0,14-3-29 13:43:30,1
5GFX4U6PSI,107.653,34.3093,5814881,73,130,0,14-3-29 13:44:7,1
5GFX4U6PSI,107.618,34.3068,5814914,71,130,0,14-3-29 13:46:42,1
5GFX4U6PSI,107.584,34.3076,5814947,79,135,0,14-3-29 13:49:8,1
5GFX4U6PSI,107.573,34.3088,5814957,77,140,0,14-3-29 13:49:55,1
5GFX4U6PSI,107.529,34.3136,5814999,73,140,0,14-3-29 13:53:7,1
5GFX4U6PSI,107.516,34.3195,5815013,75,150,0,14-3-29 13:54:12,1
5GFX4U6PSI,107.489,34.328,5815042,77,145,0,14-3-29 13:56:19,1
5GFX4U6PSI,107.449,34.3406,5815082,75,145,0,14-3-29 13:59:17,1
5GFX4U6PSI,107.445,34.3419,5815086,75,145,0,14-3-29 13:59:34,1
5GFX4U6PSI,107.403,34.3481,5815128,75,130,0,14-3-29 14:2:46,1
5GFX4U6PSI,107.382,34.3462,5815148,77,130,0,14-3-29 14:4:17,1
5GFX4U6PSI,107.358,34.3465,5815171,79,135,0,14-3-29 14:5:58,1
5GFX4U6PSI,107.309,34.3567,5815219,79,140,0,14-3-29 14:9:18,1
5GFX4U6PSI,107.266,34.3573,5815262,75,135,0,14-3-29 14:12:23,1
5GFX4U6PSI,107.238,34.3595,5815288,79,140,0,14-3-29 14:14:24,1
5GFX4U6PSI,107.221,34.3606,5815305,75,130,0,14-3-29 14:15:35,1
5GFX4U6PSI,107.19,34.3474,5815342,36,125,0,14-3-29 14:18:47,1
5GFX4U6PSI,107.185,34.346,5815347,51,125,0,14-3-29 14:19:29,1
5GFX4U6PSI,107.154,34.3438,5815376,58,135,0,14-3-29 14:21:59,1
5GFX4U6PSI,107.126,34.3562,5815408,80,155,0,14-3-29 14:24:30,1
5GFX4U6PSI,107.119,34.3601,5815416,69,150,0,14-3-29 14:25:11,1
5GFX4U6PSI,107.078,34.3722,5815460,73,130,0,14-3-29 14:28:23,1
5GFX4U6PSI,107.058,34.3704,5815480,75,135,0,14-3-29 14:29:55,1
5GFX4U6PSI,107.038,34.3682,5815499,57,135,0,14-3-29 14:31:44,1
5GFX4U6PSI,107.036,34.3686,5815501,0,140,0,14-3-29 14:34:56,0
5GFX4U6PSI,107.036,34.3686,5815501,0,140,0,14-3-29 14:38:8,0
5GFX4U6PSI,107.036,34.3686,5815501,0,140,0,14-3-29 14:39:57,0
5GFX4U6PSI,106.944,34.3961,5815506,69,145,0,14-3-29 14:41:22,1
5GFX4U6PSI,106.929,34.3964,5815523,0,135,0,14-3-29 14:44:34,0
5GFX4U6PSI,106.903,34.3965,5815525,0,120,0,14-3-29 14:45:2,0
5GFX4U6PSI,106.871,34.3936,5815544,1,110,0,14-3-29 14:47:44,1
5GFX4U6PSI,106.87,34.393,5815545,0,125,0,14-3-29 14:50:6,1
5GFX4U6PSI,106.87,34.393,5815545,0,0,0,14-3-29 14:50:56,1
5GFX4U6PSI,106.87,34.393,5815545,0,0,0,14-3-29 14:54:10,1
5GFX4U6PSI,106.87,34.3929,5815545,0,0,0,14-3-29 14:55:15,1
5GFX4U6PSI,106.87,34.3929,5815545,0,90,0,14-3-29 14:57:22,1
5GFX4U6PSI,106.87,34.3928,5815546,0,0,0,14-3-29 15:0:18,1
5GFX4U6PSI,106.87,34.3928,5815546,0,0,0,14-3-29 15:0:34,1
5GFX4U6PSI,106.869,34.3927,5815546,0,0,0,14-3-29 15:3:46,1
5GFX4U6PSI,106.869,34.3926,5815546,0,120,0,14-3-29 15:5:20,1
5GFX4U6PSI,106.869,34.3924,5815546,0,0,0,14-3-29 15:6:58,1
5GFX4U6PSI,106.855,34.3807,5815566,0,125,0,14-3-29 15:10:10,0
5GFX4U6PSI,106.855,34.3807,5815566,0,125,0,14-3-29 15:10:22,0
5GFX4U6PSI,106.831,34.3761,5815577,0,135,0,14-3-29 15:13:22,0
5GFX4U6PSI,106.796,34.3745,5815586,0,125,0,14-3-29 15:15:22,0
5GFX4U6PSI,106.772,34.3691,5815592,0,120,0,14-3-29 15:16:33,0
5GFX4U6PSI,106.731,34.3626,5815629,73,145,0,14-3-29 15:19:46,1
5GFX4U6PSI,106.723,34.3657,5815637,71,140,0,14-3-29 15:20:24,1
5GFX4U6PSI,106.692,34.3717,5815650,0,140,0,14-3-29 15:22:57,0
5GFX4U6PSI,106.662,34.374,5815663,86,110,0,14-3-29 15:25:28,1
5GFX4U6PSI,106.659,34.3718,5815668,0,110,0,14-3-29 15:26:9,0
5GFX4U6PSI,106.643,34.348,5815692,46,110,0,14-3-29 15:29:22,1
5GFX4U6PSI,106.633,34.3484,5815704,75,155,0,14-3-29 15:30:34,1
5GFX4U6PSI,106.618,34.3444,5815723,46,105,0,14-3-29 15:32:34,1
5GFX4U6PSI,106.596,34.3401,5815745,47,120,0,14-3-29 15:35:41,1
5GFX4U6PSI,106.595,34.3399,5815745,46,120,0,14-3-29 15:35:45,1
5GFX4U6PSI,106.576,34.3345,5815764,31,120,0,14-3-29 15:38:57,1
5GFX4U6PSI,106.566,34.336,5815775,31,140,0,14-3-29 15:40:46,1
5GFX4U6PSI,106.557,34.3372,5815780,33,135,0,14-3-29 15:42:9,1
5GFX4U6PSI,106.54,34.3402,5815796,29,135,0,14-3-29 15:45:22,1
5GFX4U6PSI,106.537,34.34,5815799,31,125,0,14-3-29 15:45:54,1
5GFX4U6PSI,106.521,34.3368,5815815,31,125,0,14-3-29 15:48:34,1
5GFX4U6PSI,106.514,34.3354,5815821,0,140,0,14-3-29 15:50:57,0
5GFX4U6PSI,106.514,34.3354,5815821,0,140,0,14-3-29 15:54:58,0
5GFX4U6PSI,106.514,34.3354,5815821,0,140,0,14-3-29 15:56:3,0
5GFX4U6PSI,106.514,34.3354,5815821,0,140,0,14-3-29 15:58:10,0
5GFX4U6PSI,106.514,34.3354,5815821,0,140,0,14-3-29 16:1:5,0
5GFX4U6PSI,106.514,34.3354,5815821,0,140,0,14-3-29 16:1:22,0
5GFX4U6PSI,106.514,34.3354,5815821,0,140,0,14-3-29 16:4:34,0
5GFX4U6PSI,106.514,34.3354,5815821,0,140,0,14-3-29 16:6:6,0
5GFX4U6PSI,106.514,34.3354,5815821,0,140,0,14-3-29 16:7:46,0
5GFX4U6PSI,106.333,34.3118,5815853,69,135,0,14-3-29 16:11:17,1
5GFX4U6PSI,106.301,34.3213,5815886,47,160,0,14-3-29 16:14:14,1
5GFX4U6PSI,106.287,34.3224,5815901,40,135,0,14-3-29 16:16:16,1
5GFX4U6PSI,106.279,34.3227,5815908,33,145,0,14-3-29 16:17:26,1
5GFX4U6PSI,106.27,34.3245,5815917,0,130,0,14-3-29 16:20:38,0
5GFX4U6PSI,106.27,34.3245,5815917,0,130,0,14-3-29 16:21:17,0
5GFX4U6PSI,106.27,34.3245,5815917,0,130,0,14-3-29 16:23:50,0
5GFX4U6PSI,106.27,34.3245,5815917,0,130,0,14-3-29 16:26:21,0
5GFX4U6PSI,106.27,34.3245,5815917,0,130,0,14-3-29 16:27:2,0
5GFX4U6PSI,106.27,34.3245,5815917,0,130,0,14-3-29 16:30:14,0
5GFX4U6PSI,106.27,34.3245,5815917,0,130,0,14-3-29 16:31:22,0
5GFX4U6PSI,106.27,34.3245,5815917,0,130,0,14-3-29 16:33:26,0
5GFX4U6PSI,106.27,34.3245,5815917,0,130,0,14-3-29 16:36:23,0
5GFX4U6PSI,106.27,34.3245,5815917,0,130,0,14-3-29 16:36:38,0
5GFX4U6PSI,106.27,34.3245,5815917,0,130,0,14-3-29 16:39:50,0
5GFX4U6PSI,106.27,34.3245,5815917,0,130,0,14-3-29 16:41:24,0
5GFX4U6PSI,106.066,34.4455,5815929,0,5,0,14-3-29 16:43:4,0
5GFX4U6PSI,106.031,34.4577,5815943,57,125,0,14-3-29 16:46:19,1
5GFX4U6PSI,106.03,34.4574,5815945,60,125,0,14-3-29 16:46:27,1
5GFX4U6PSI,105.992,34.4571,5815982,82,140,0,14-3-29 16:49:32,1
5GFX4U6PSI,105.97,34.4558,5816004,62,150,0,14-3-29 16:51:26,1
5GFX4U6PSI,105.957,34.4611,5816017,46,140,0,14-3-29 16:52:42,1
5GFX4U6PSI,105.93,34.4681,5816028,92,165,0,14-3-29 16:55:54,1
5GFX4U6PSI,105.923,34.4728,5816037,92,140,0,14-3-29 16:56:29,1
5GFX4U6PSI,105.912,34.4699,5816049,0,95,0,14-3-29 16:59:6,1
5GFX4U6PSI,105.912,34.4699,5816049,0,95,0,14-3-29 17:1:31,1
5GFX4U6PSI,105.912,34.4699,5816049,0,95,0,14-3-29 17:2:18,1
5GFX4U6PSI,105.912,34.4699,5816049,0,95,0,14-3-29 17:5:30,1
5GFX4U6PSI,105.91,34.4685,5816051,23,115,0,14-3-29 17:6:32,1
5GFX4U6PSI,105.893,34.4624,5816069,55,135,0,14-3-29 17:8:42,1
5GFX4U6PSI,105.868,34.4715,5816079,42,120,0,14-3-29 17:11:33,1
5GFX4U6PSI,105.865,34.4703,5816082,46,120,0,14-3-29 17:11:54,1
5GFX4U6PSI,105.841,34.4685,5816105,34,120,0,14-3-29 17:15:6,1
5GFX4U6PSI,105.829,34.465,5816117,49,120,0,14-3-29 17:16:36,1
5GFX4U6PSI,105.819,34.4591,5816129,33,125,0,14-3-29 17:18:19,1
5GFX4U6PSI,105.799,34.4556,5816149,34,135,0,14-3-29 17:21:37,1
5GFX4U6PSI,105.773,34.4599,5816159,58,130,0,14-3-29 17:24:43,1
5GFX4U6PSI,105.77,34.4591,5816162,0,120,0,14-3-29 17:26:38,0
5GFX4U6PSI,105.77,34.4591,5816162,0,120,0,14-3-29 17:27:55,0
5GFX4U6PSI,105.714,34.4619,5816167,0,160,0,14-3-29 17:31:9,0
5GFX4U6PSI,105.711,34.464,5816171,38,160,0,14-3-29 17:31:41,1
5GFX4U6PSI,105.704,34.4843,5816196,73,170,0,14-3-29 17:34:21,1
5GFX4U6PSI,105.686,34.5104,5816230,84,160,0,14-3-29 17:36:42,1
5GFX4U6PSI,105.683,34.5207,5816243,79,165,0,14-3-29 17:37:34,1
5GFX4U6PSI,105.679,34.5591,5816287,86,5,0,14-3-29 17:40:46,1
5GFX4U6PSI,105.679,34.5702,5816301,73,155,0,14-3-29 17:41:41,1
5GFX4U6PSI,105.67,34.5725,5816310,64,135,0,14-3-29 17:42:26,1
5GFX4U6PSI,105.631,34.5731,5816348,68,140,0,14-3-29 17:45:38,1
5GFX4U6PSI,105.618,34.5718,5816361,66,125,0,14-3-29 17:46:42,1
5GFX4U6PSI,105.592,34.569,5816386,66,140,0,14-3-29 17:48:50,1
5GFX4U6PSI,105.555,34.5702,5816422,66,125,0,14-3-29 17:51:43,1
5GFX4U6PSI,105.551,34.5693,5816426,60,125,0,14-3-29 17:52:2,1
5GFX4U6PSI,105.511,34.5675,5816465,68,120,0,14-3-29 17:55:14,1
5GFX4U6PSI,105.494,34.5639,5816483,68,145,0,14-3-29 17:56:44,1
5GFX4U6PSI,105.483,34.5788,5816503,60,150,0,14-3-29 17:58:27,1
5GFX4U6PSI,105.453,34.5954,5816538,68,155,0,14-3-29 18:1:39,1
5GFX4U6PSI,105.451,34.5976,5816541,68,160,0,14-3-29 18:1:54,1
5GFX4U6PSI,105.424,34.6149,5816574,64,145,0,14-3-29 18:4:51,1
5GFX4U6PSI,105.401,34.6237,5816598,66,145,0,14-3-29 18:6:56,1
5GFX4U6PSI,105.388,34.6251,5816611,60,125,0,14-3-29 18:8:3,1
5GFX4U6PSI,105.362,34.6378,5816643,60,150,0,14-3-29 18:11:15,1
5GFX4U6PSI,105.355,34.6409,5816650,57,145,0,14-3-29 18:11:56,1
5GFX4U6PSI,105.351,34.6436,5816655,0,155,0,14-3-29 18:14:27,0
5GFX4U6PSI,105.351,34.6436,5816655,0,155,0,14-3-29 18:17:5,0
5GFX4U6PSI,105.351,34.6436,5816655,0,155,0,14-3-29 18:17:39,0
5GFX4U6PSI,105.324,34.7174,5816667,0,165,0,14-3-29 18:20:54,0
5GFX4U6PSI,105.324,34.7174,5816667,0,165,0,14-3-29 18:22:8,0
5GFX4U6PSI,105.294,34.7416,5816673,75,170,0,14-3-29 18:24:6,1
5GFX4U6PSI,105.262,34.7541,5816710,62,130,0,14-3-29 18:27:9,1
5GFX4U6PSI,105.26,34.754,5816712,62,130,0,14-3-29 18:27:18,1
5GFX4U6PSI,105.239,34.7478,5816734,64,120,0,14-3-29 18:29:18,1
5GFX4U6PSI,105.204,34.7422,5816768,66,135,0,14-3-29 18:32:8,1
5GFX4U6PSI,105.2,34.7432,5816772,71,145,0,14-3-29 18:32:29,1
5GFX4U6PSI,105.168,34.7646,5816813,71,150,0,14-3-29 18:35:41,1
5GFX4U6PSI,105.149,34.7647,5816831,69,125,0,14-3-29 18:37:12,1
5GFX4U6PSI,105.128,34.7686,5816852,68,140,0,14-3-29 18:38:54,1
5GFX4U6PSI,105.082,34.769,5816898,77,145,0,14-3-29 18:42:13,1
5GFX4U6PSI,105.042,34.7742,5816938,73,120,0,14-3-29 18:45:18,1
5GFX4U6PSI,105.02,34.7649,5816961,64,110,0,14-3-29 18:47:15,1
5GFX4U6PSI,105.007,34.7577,5816976,68,110,0,14-3-29 18:48:30,1
5GFX4U6PSI,104.975,34.7368,5817015,69,120,0,14-3-29 18:51:43,1
5GFX4U6PSI,104.968,34.7343,5817022,71,120,0,14-3-29 18:52:16,1
5GFX4U6PSI,104.934,34.7366,5817056,73,120,0,14-3-29 18:54:56,1
5GFX4U6PSI,104.903,34.7346,5817086,64,150,0,14-3-29 18:57:17,1
5GFX4U6PSI,104.9,34.7363,5817090,0,150,0,14-3-29 18:58:8,0
5GFX4U6PSI,104.859,34.7525,5817110,80,165,0,14-3-29 19:1:20,1
5GFX4U6PSI,104.853,34.7606,5817121,53,155,0,14-3-29 19:2:21,1
5GFX4U6PSI,104.824,34.7664,5817150,68,135,0,14-3-29 19:4:32,1
5GFX4U6PSI,104.808,34.7814,5817173,0,160,0,14-3-29 19:7:27,0
5GFX4U6PSI,104.808,34.7814,5817174,0,160,0,14-3-29 19:8:0,0
5GFX4U6PSI,104.758,34.8092,5817215,68,160,0,14-3-29 19:11:12,1
5GFX4U6PSI,104.746,34.8202,5817231,71,165,0,14-3-29 19:12:33,1
5GFX4U6PSI,104.739,34.8395,5817254,69,165,0,14-3-29 19:14:25,1
5GFX4U6PSI,104.723,34.8709,5817295,71,175,0,14-3-29 19:17:40,1
5GFX4U6PSI,104.733,34.9001,5817334,77,175,0,14-3-29 19:20:52,1
5GFX4U6PSI,104.737,34.9214,5817359,79,175,0,14-3-29 19:22:45,1
5GFX4U6PSI,104.729,34.9359,5817377,77,160,0,14-3-29 19:24:4,1
5GFX4U6PSI,104.708,34.9695,5817421,68,165,0,14-3-29 19:27:16,1
5GFX4U6PSI,104.704,34.9743,5817428,66,155,0,14-3-29 19:27:51,1
5GFX4U6PSI,104.698,35.0003,5817459,77,165,0,14-3-29 19:30:28,1
5GFX4U6PSI,104.697,35.027,5817491,80,5,0,14-3-29 19:32:58,1
5GFX4U6PSI,104.701,35.0343,5817500,64,20,0,14-3-29 19:33:40,1
5GFX4U6PSI,104.713,35.059,5817530,77,0,0,14-3-29 19:36:52,1
5GFX4U6PSI,104.716,35.0728,5817547,80,10,0,14-3-29 19:38:3,1
5GFX4U6PSI,104.722,35.0947,5817573,80,175,0,14-3-29 19:39:57,1
5GFX4U6PSI,104.727,35.1322,5817617,69,0,0,14-3-29 19:43:10,1
5GFX4U6PSI,104.728,35.167,5817658,49,10,0,14-3-29 19:46:22,1
5GFX4U6PSI,104.729,35.1857,5817680,80,170,0,14-3-29 19:48:15,1
5GFX4U6PSI,104.725,35.1977,5817693,47,170,0,14-3-29 19:49:34,1
5GFX4U6PSI,104.711,35.2277,5817730,68,170,0,14-3-29 19:52:46,1
5GFX4U6PSI,104.708,35.2335,5817737,69,165,0,14-3-29 19:53:21,1
5GFX4U6PSI,104.707,35.2602,5817769,66,5,0,14-3-29 19:55:59,1
5GFX4U6PSI,104.706,35.2804,5817792,68,175,0,14-3-29 19:58:27,1
5GFX4U6PSI,104.704,35.2878,5817801,64,165,0,14-3-29 19:59:11,1
5GFX4U6PSI,104.684,35.3124,5817835,44,170,0,14-3-29 20:2:24,1
5GFX4U6PSI,104.681,35.3209,5817845,58,170,0,14-3-29 20:3:32,1
5GFX4U6PSI,104.67,35.3353,5817864,55,175,0,14-3-29 20:5:36,1
5GFX4U6PSI,104.682,35.3498,5817884,34,5,0,14-3-29 20:8:39,1
5GFX4U6PSI,104.682,35.3506,5817885,34,0,0,14-3-29 20:8:48,1
5GFX4U6PSI,104.683,35.4319,5817953,68,175,0,14-3-29 20:17:30,1
5GFX4U6PSI,104.682,35.4351,5817956,64,175,0,14-3-29 20:17:49,1
5GFX4U6PSI,104.682,35.4412,5817963,62,0,0,14-3-29 20:18:27,1
5GFX4U6PSI,104.683,35.4757,5818004,84,5,0,14-3-29 20:21:39,1
5GFX4U6PSI,104.687,35.4876,5818017,86,175,0,14-3-29 20:22:32,1
5GFX4U6PSI,104.674,35.5087,5818045,60,160,0,14-3-29 20:24:49,1
5GFX4U6PSI,104.653,35.532,5818078,62,145,0,14-3-29 20:27:31,1
5GFX4U6PSI,104.637,35.5621,5818118,73,175,0,14-3-29 20:31:13,1
5GFX4U6PSI,104.636,35.5759,5818135,69,10,0,14-3-29 20:32:32,1
5GFX4U6PSI,104.632,35.5885,5818151,29,165,0,14-3-29 20:34:24,1
5GFX4U6PSI,104.612,35.6072,5818180,42,155,0,14-3-29 20:37:37,1
5GFX4U6PSI,104.607,35.6117,5818186,11,160,0,14-3-29 20:38:52,1
5GFX4U6PSI,104.607,35.6123,5818187,18,160,0,14-3-29 20:39:11,1
5GFX4U6PSI,104.602,35.6195,5818197,64,170,0,14-3-29 20:40:50,1
5GFX4U6PSI,104.591,35.6497,5818233,68,160,0,14-3-29 20:43:52,1
5GFX4U6PSI,104.59,35.651,5818235,66,160,0,14-3-29 20:44:1,1
5GFX4U6PSI,104.565,35.6793,5818275,79,160,0,14-3-29 20:47:16,1
5GFX4U6PSI,104.552,35.6942,5818296,75,165,0,14-3-29 20:48:53,1
5GFX4U6PSI,104.543,35.7104,5818317,77,165,0,14-3-29 20:50:27,1
5GFX4U6PSI,104.507,35.7158,5818355,42,125,0,14-3-29 20:53:39,1
5GFX4U6PSI,104.5,35.7151,5818361,53,130,0,14-3-29 20:54:25,1
5GFX4U6PSI,104.472,35.7118,5818388,68,125,0,14-3-29 20:56:51,1
5GFX4U6PSI,104.443,35.7075,5818416,66,125,0,14-3-29 20:59:31,1
5GFX4U6PSI,104.436,35.7066,5818423,69,135,0,14-3-29 21:0:3,1
5GFX4U6PSI,104.399,35.7159,5818460,55,130,0,14-3-29 21:3:15,1
5GFX4U6PSI,104.382,35.7165,5818475,66,135,0,14-3-29 21:4:38,1
5GFX4U6PSI,104.366,35.7257,5818494,60,150,0,14-3-29 21:6:28,1
5GFX4U6PSI,104.347,35.735,5818516,0,165,0,14-3-29 21:9:43,0
5GFX4U6PSI,104.334,35.7587,5818532,88,160,0,14-3-29 21:12:55,1
5GFX4U6PSI,104.304,35.7759,5818568,77,155,0,14-3-29 21:15:18,1
5GFX4U6PSI,104.302,35.7843,5818578,71,0,0,14-3-29 21:16:7,1
5GFX4U6PSI,104.295,35.8103,5818609,80,170,0,14-3-29 21:18:32,1
5GFX4U6PSI,104.284,35.8285,5818632,69,160,0,14-3-29 21:20:21,1
5GFX4U6PSI,104.272,35.8418,5818651,82,160,0,14-3-29 21:21:44,1
5GFX4U6PSI,104.251,35.876,5818696,79,165,0,14-3-29 21:24:56,1
5GFX4U6PSI,104.248,35.8808,5818702,86,165,0,14-3-29 21:25:22,1
5GFX4U6PSI,104.215,35.8989,5818740,69,145,0,14-3-29 21:28:8,1
5GFX4U6PSI,104.186,35.8985,5818767,64,130,0,14-3-29 21:30:23,1
5GFX4U6PSI,104.175,35.8979,5818777,51,135,0,14-3-29 21:31:20,1
5GFX4U6PSI,104.141,35.9069,5818811,47,145,0,14-3-29 21:34:32,1
5GFX4U6PSI,104.133,35.9101,5818819,0,140,0,14-3-29 21:35:24,0
5GFX4U6PSI,104.117,35.9161,5818823,0,145,0,14-3-29 21:37:44,0
5GFX4U6PSI,104.08,35.9292,5818835,71,145,0,14-3-29 21:40:25,1
5GFX4U6PSI,104.074,35.9316,5818842,71,145,0,14-3-29 21:40:56,1
5GFX4U6PSI,104.037,35.9553,5818887,95,155,0,14-3-29 21:44:8,1
5GFX4U6PSI,104.018,35.9653,5818908,93,145,0,14-3-29 21:45:26,1
5GFX4U6PSI,103.998,35.9793,5818933,75,170,0,14-3-29 21:47:20,1
5GFX4U6PSI,103.978,36.0008,5818970,82,150,0,14-3-29 21:50:32,1
5GFX4U6PSI,103.955,36.0296,5819011,66,170,0,14-3-29 21:53:44,1
5GFX4U6PSI,103.942,36.0384,5819028,55,175,0,14-3-29 21:55:24,1
5GFX4U6PSI,103.942,36.0403,5819030,46,170,0,14-3-29 21:55:37,1
5GFX4U6PSI,103.924,36.0509,5819057,0,0,0,14-3-29 21:58:36,1
5GFX4U6PSI,103.925,36.0507,5819057,0,60,0,14-3-29 22:0:44,1
5GFX4U6PSI,103.925,36.0505,5819057,0,175,0,14-3-29 22:1:48,1
5GFX4U6PSI,103.925,36.0492,5819060,0,165,0,14-3-29 22:5:0,1
5GFX4U6PSI,103.925,36.0491,5819060,0,0,0,14-3-29 22:5:45,1
5GFX4U6PSI,103.925,36.0494,5819060,0,0,0,14-3-29 22:8:12,1
5GFX4U6PSI,103.925,36.0494,5819060,0,0,0,14-3-29 22:10:47,1
5GFX4U6PSI,103.925,36.0495,5819060,0,0,0,14-3-29 22:11:24,1
5GFX4U6PSI,103.923,36.0507,5819064,5,165,0,14-3-29 22:14:36,1
5GFX4U6PSI,103.923,36.0511,5819064,1,55,0,14-3-29 22:15:48,1
5GFX4U6PSI,103.923,36.051,5819064,0,0,0,14-3-29 22:17:48,1
5GFX4U6PSI,103.923,36.0511,5819065,3,75,0,14-3-29 22:20:49,1
5GFX4U6PSI,103.923,36.051,5819065,3,65,0,14-3-29 22:21:0,1
5GFX4U6PSI,103.923,36.0508,5819065,0,0,0,14-3-29 22:24:12,1
5GFX4U6PSI,103.923,36.0509,5819065,0,0,0,14-3-29 22:25:50,1
5GFX4U6PSI,103.923,36.0508,5819065,0,0,0,14-3-29 22:27:24,1
5GFX4U6PSI,103.923,36.0508,5819065,0,0,0,14-3-29 22:30:36,1
5GFX4U6PSI,103.923,36.0508,5819065,0,0,0,14-3-29 22:30:51,1
5GFX4U6PSI,103.923,36.0508,5819065,0,0,0,14-3-29 22:33:48,1
5GFX4U6PSI,103.923,36.0508,5819065,0,0,0,14-3-29 22:35:52,1
5GFX4U6PSI,103.923,36.0508,5819065,0,0,0,14-3-29 22:37:0,1
5GFX4U6PSI,103.923,36.0508,5819065,0,0,0,14-3-29 22:40:12,1
5GFX4U6PSI,103.923,36.0508,5819065,0,0,0,14-3-29 22:40:53,1
5GFX4U6PSI,103.923,36.0508,5819065,0,0,0,14-3-29 22:43:24,1
5GFX4U6PSI,103.923,36.0508,5819065,0,0,0,14-3-29 22:45:57,1
5GFX4U6PSI,103.923,36.0508,5819065,0,0,0,14-3-29 22:46:36,1
5GFX4U6PSI,103.923,36.0508,5819065,0,0,0,14-3-29 22:49:48,1
5GFX4U6PSI,103.923,36.0508,5819065,0,0,0,14-3-29 22:50:58,1
5GFX4U6PSI,103.923,36.0508,5819065,0,0,0,14-3-29 22:53:0,1
5GFX4U6PSI,103.923,36.0509,5819065,0,0,0,14-3-29 22:55:59,1
5GFX4U6PSI,103.923,36.0509,5819065,0,0,0,14-3-29 22:56:12,1
5GFX4U6PSI,103.923,36.0508,5819065,3,70,0,14-3-29 22:59:24,1
5GFX4U6PSI,103.923,36.05,5819066,0,30,0,14-3-29 23:1:0,1
5GFX4U6PSI,103.923,36.0491,5819067,9,80,0,14-3-29 23:2:36,1
5GFX4U6PSI,103.921,36.0494,5819071,5,65,0,14-3-29 23:5:48,1
5GFX4U6PSI,103.921,36.0497,5819071,7,170,0,14-3-29 23:6:4,1
5GFX4U6PSI,103.931,36.0445,5819084,38,60,0,14-3-29 23:9:0,1
5GFX4U6PSI,103.946,36.0344,5819105,46,50,0,14-3-29 23:12:12,1
5GFX4U6PSI,103.965,36.0163,5819134,25,85,0,14-3-29 23:15:24,1
5GFX4U6PSI,103.966,36.0135,5819137,34,70,0,14-3-29 23:16:5,1
5GFX4U6PSI,103.981,35.999,5819159,58,55,0,14-3-29 23:18:35,1
5GFX4U6PSI,103.997,35.9923,5819177,62,80,0,14-3-29 23:21:6,1
5GFX4U6PSI,103.998,35.9845,5819186,79,85,0,14-3-29 23:21:47,1
5GFX4U6PSI,104.026,35.9615,5819225,49,60,0,14-3-29 23:24:59,1
5GFX4U6PSI,104.035,35.9562,5819235,53,65,0,14-3-29 23:26:7,1
5GFX4U6PSI,104.048,35.9445,5819253,46,65,0,14-3-29 23:28:12,1
5GFX4U6PSI,104.078,35.9297,5819286,66,55,0,14-3-29 23:31:16,1
5GFX4U6PSI,104.08,35.9292,5819288,68,55,0,14-3-29 23:31:23,1
5GFX4U6PSI,104.107,35.9187,5819303,0,55,0,14-3-29 23:34:35,0
5GFX4U6PSI,104.136,35.9083,5819306,49,55,0,14-3-29 23:36:18,1
5GFX4U6PSI,104.153,35.9023,5819324,80,55,0,14-3-29 23:37:47,1
5GFX4U6PSI,104.198,35.8994,5819367,77,40,0,14-3-29 23:40:59,1
5GFX4U6PSI,104.203,35.8998,5819371,77,40,0,14-3-29 23:41:18,1
5GFX4U6PSI,104.239,35.8881,5819409,68,60,0,14-3-29 23:44:11,1
5GFX4U6PSI,104.251,35.8744,5819428,55,75,0,14-3-29 23:46:20,1
5GFX4U6PSI,104.257,35.8651,5819439,64,75,0,14-3-29 23:47:24,1
5GFX4U6PSI,104.261,35.853,5819454,69,75,0,14-3-29 23:48:36,1
5GFX4U6PSI,104.282,35.8306,5819486,64,70,0,14-3-29 23:51:21,1
5GFX4U6PSI,104.285,35.8268,5819491,64,70,0,14-3-29 23:51:49,1
5GFX4U6PSI,104.302,35.7872,5819540,69,90,0,14-3-29 23:56:22,1
5GFX4U6PSI,104.312,35.7727,5819562,60,50,0,14-3-29 23:58:13,1
