5L3GXUB7SI,120.651,31.224,409897,0,85,0,14-3-28 0:2:0,1
5L3GXUB7SI,120.651,31.224,409897,0,85,0,14-3-28 0:4:2,1
5L3GXUB7SI,120.651,31.224,409897,0,85,0,14-3-28 0:6:3,1
5L3GXUB7SI,120.651,31.224,409897,0,85,0,14-3-28 0:8:4,1
5L3GXUB7SI,120.651,31.224,409897,0,85,0,14-3-28 0:10:5,1
5L3GXUB7SI,120.651,31.224,409897,0,85,0,14-3-28 0:12:7,1
5L3GXUB7SI,120.651,31.224,409897,0,85,0,14-3-28 0:14:8,1
5L3GXUB7SI,120.651,31.224,409897,0,85,0,14-3-28 0:16:11,1
5L3GXUB7SI,120.651,31.224,409897,0,85,0,14-3-28 0:18:10,1
5L3GXUB7SI,120.651,31.224,409897,0,85,0,14-3-28 0:20:12,1
5L3GXUB7SI,120.651,31.224,409897,0,85,0,14-3-28 0:22:13,1
5L3GXUB7SI,120.651,31.224,409897,0,85,0,14-3-28 0:24:14,1
5L3GXUB7SI,120.651,31.224,409897,0,85,0,14-3-28 0:26:16,1
5L3GXUB7SI,120.651,31.224,409897,0,85,0,14-3-28 0:28:17,1
5L3GXUB7SI,120.651,31.224,409897,0,85,0,14-3-28 0:30:20,1
5L3GXUB7SI,120.651,31.224,409897,0,85,0,14-3-28 0:32:19,1
5L3GXUB7SI,120.651,31.224,409897,0,85,0,14-3-28 0:34:21,1
5L3GXUB7SI,120.651,31.224,409897,0,85,0,14-3-28 0:36:22,1
5L3GXUB7SI,120.651,31.224,409897,0,85,0,14-3-28 0:38:25,1
5L3GXUB7SI,120.651,31.224,409897,0,85,0,14-3-28 0:40:25,1
5L3GXUB7SI,120.651,31.224,409897,0,85,0,14-3-28 0:42:26,1
5L3GXUB7SI,120.651,31.224,409897,0,85,0,14-3-28 0:44:27,1
5L3GXUB7SI,120.651,31.224,409897,0,85,0,14-3-28 0:46:28,1
5L3GXUB7SI,120.651,31.224,409897,0,85,0,14-3-28 0:48:30,1
5L3GXUB7SI,120.651,31.224,409897,0,85,0,14-3-28 0:50:31,1
5L3GXUB7SI,120.651,31.224,409897,0,85,0,14-3-28 0:52:32,1
5L3GXUB7SI,120.652,31.2234,409898,9,95,0,14-3-28 0:54:34,1
5L3GXUB7SI,120.649,31.2258,409905,23,0,0,14-3-28 0:56:35,1
5L3GXUB7SI,120.657,31.2273,409914,36,175,0,14-3-28 0:58:36,1
5L3GXUB7SI,120.649,31.2374,409928,38,135,0,14-3-28 1:0:39,1
5L3GXUB7SI,120.657,31.2387,409941,44,75,0,14-3-28 1:2:39,1
5L3GXUB7SI,120.66,31.2353,409945,0,65,0,14-3-28 1:4:40,1
5L3GXUB7SI,120.668,31.2314,409955,40,50,0,14-3-28 1:6:43,1
5L3GXUB7SI,120.674,31.2293,409964,34,175,0,14-3-28 1:8:42,1
5L3GXUB7SI,120.668,31.2475,409984,71,165,0,14-3-28 1:10:44,1
5L3GXUB7SI,120.66,31.2676,410008,66,170,0,14-3-28 1:12:45,1
5L3GXUB7SI,120.655,31.2881,410030,58,175,0,14-3-28 1:14:46,1
5L3GXUB7SI,120.653,31.3095,410054,75,175,0,14-3-28 1:16:48,1
5L3GXUB7SI,120.649,31.3304,410077,71,170,0,14-3-28 1:18:49,1
5L3GXUB7SI,120.646,31.346,410094,34,10,0,14-3-28 1:20:50,1
5L3GXUB7SI,120.63,31.3504,410113,75,135,0,14-3-28 1:22:51,1
5L3GXUB7SI,120.604,31.3507,410137,75,130,0,14-3-28 1:24:53,1
5L3GXUB7SI,120.576,31.3521,410163,79,140,0,14-3-28 1:26:54,1
5L3GXUB7SI,120.552,31.3639,410189,77,155,0,14-3-28 1:28:55,1
5L3GXUB7SI,120.541,31.3853,410215,77,170,0,14-3-28 1:30:57,1
5L3GXUB7SI,120.53,31.4062,410240,73,160,0,14-3-28 1:32:58,1
5L3GXUB7SI,120.519,31.4267,410264,77,170,0,14-3-28 1:34:59,1
5L3GXUB7SI,120.507,31.4465,410289,66,160,0,14-3-28 1:37:2,1
5L3GXUB7SI,120.489,31.4625,410313,75,160,0,14-3-28 1:39:2,1
5L3GXUB7SI,120.475,31.482,410338,82,160,0,14-3-28 1:41:3,1
5L3GXUB7SI,120.46,31.5006,410362,71,165,0,14-3-28 1:43:4,1
5L3GXUB7SI,120.441,31.5166,410387,62,150,0,14-3-28 1:45:7,1
5L3GXUB7SI,120.42,31.5305,410412,90,155,0,14-3-28 1:47:7,1
5L3GXUB7SI,120.4,31.5456,410436,71,160,0,14-3-28 1:49:8,1
5L3GXUB7SI,120.39,31.5648,410459,71,170,0,14-3-28 1:51:9,1
5L3GXUB7SI,120.38,31.5859,410484,84,160,0,14-3-28 1:53:10,1
5L3GXUB7SI,120.363,31.6048,410510,73,155,0,14-3-28 1:55:12,1
5L3GXUB7SI,120.344,31.6172,410532,68,155,0,14-3-28 1:57:13,1
5L3GXUB7SI,120.331,31.6331,410554,64,170,0,14-3-28 1:59:14,1
5L3GXUB7SI,120.329,31.6546,410577,69,170,0,14-3-28 2:1:15,1
5L3GXUB7SI,120.327,31.6765,410601,73,0,0,14-3-28 2:3:16,1
5L3GXUB7SI,120.33,31.6992,410626,69,0,0,14-3-28 2:5:18,1
5L3GXUB7SI,120.329,31.7214,410650,69,170,0,14-3-28 2:7:19,1
5L3GXUB7SI,120.32,31.7416,410673,68,170,0,14-3-28 2:9:20,1
5L3GXUB7SI,120.319,31.7633,410697,66,175,0,14-3-28 2:11:21,1
5L3GXUB7SI,120.316,31.7847,410721,68,175,0,14-3-28 2:13:23,1
5L3GXUB7SI,120.317,31.8052,410743,71,175,0,14-3-28 2:15:24,1
5L3GXUB7SI,120.311,31.8266,410767,75,165,0,14-3-28 2:17:25,1
5L3GXUB7SI,120.302,31.8488,410792,71,170,0,14-3-28 2:19:27,1
5L3GXUB7SI,120.298,31.8711,410817,66,175,0,14-3-28 2:21:28,1
5L3GXUB7SI,120.296,31.8935,410841,73,175,0,14-3-28 2:23:29,1
5L3GXUB7SI,120.289,31.9144,410865,69,165,0,14-3-28 2:25:30,1
5L3GXUB7SI,120.277,31.9318,410887,60,165,0,14-3-28 2:27:31,1
5L3GXUB7SI,120.268,31.9492,410908,64,165,0,14-3-28 2:29:34,1
5L3GXUB7SI,120.258,31.9682,410930,27,170,0,14-3-28 2:31:34,1
5L3GXUB7SI,120.253,31.9767,410940,75,165,0,14-3-28 2:33:35,1
5L3GXUB7SI,120.243,31.9989,410966,73,170,0,14-3-28 2:35:36,1
5L3GXUB7SI,120.237,32.0209,410990,75,170,0,14-3-28 2:37:37,1
5L3GXUB7SI,120.232,32.0436,411016,80,175,0,14-3-28 2:39:38,1
5L3GXUB7SI,120.228,32.0669,411041,77,170,0,14-3-28 2:41:40,1
5L3GXUB7SI,120.224,32.0908,411067,79,175,0,14-3-28 2:43:41,1
5L3GXUB7SI,120.219,32.1138,411093,77,170,0,14-3-28 2:45:42,1
5L3GXUB7SI,120.206,32.1329,411118,73,145,0,14-3-28 2:47:43,1
5L3GXUB7SI,120.181,32.1428,411144,77,145,0,14-3-28 2:49:46,1
5L3GXUB7SI,120.154,32.1539,411172,79,150,0,14-3-28 2:51:47,1
5L3GXUB7SI,120.132,32.1671,411196,73,145,0,14-3-28 2:53:48,1
5L3GXUB7SI,120.107,32.1769,411222,68,155,0,14-3-28 2:55:58,1
5L3GXUB7SI,120.09,32.1933,411246,62,155,0,14-3-28 2:57:57,1
5L3GXUB7SI,120.067,32.2033,411270,79,145,0,14-3-28 2:59:59,1
5L3GXUB7SI,120.044,32.2171,411296,75,155,0,14-3-28 3:2:0,1
5L3GXUB7SI,120.026,32.2349,411321,73,155,0,14-3-28 3:4:1,1
5L3GXUB7SI,120.004,32.2478,411345,64,155,0,14-3-28 3:6:2,1
5L3GXUB7SI,119.993,32.2674,411369,69,165,0,14-3-28 3:8:3,1
5L3GXUB7SI,119.98,32.2867,411393,66,165,0,14-3-28 3:10:5,1
5L3GXUB7SI,119.968,32.3087,411420,80,155,0,14-3-28 3:12:6,1
5L3GXUB7SI,119.944,32.3203,411445,73,150,0,14-3-28 3:14:7,1
5L3GXUB7SI,119.926,32.3376,411470,73,155,0,14-3-28 3:16:8,1
5L3GXUB7SI,119.903,32.3492,411495,68,140,0,14-3-28 3:18:11,1
5L3GXUB7SI,119.879,32.3558,411519,79,140,0,14-3-28 3:20:12,1
5L3GXUB7SI,119.851,32.363,411545,79,140,0,14-3-28 3:22:13,1
5L3GXUB7SI,119.827,32.3688,411569,66,135,0,14-3-28 3:24:14,1
5L3GXUB7SI,119.798,32.3666,411596,80,125,0,14-3-28 3:26:15,1
5L3GXUB7SI,119.77,32.3657,411622,82,140,0,14-3-28 3:28:17,1
5L3GXUB7SI,119.744,32.3759,411649,68,150,0,14-3-28 3:30:18,1
5L3GXUB7SI,119.723,32.3901,411673,82,155,0,14-3-28 3:32:19,1
5L3GXUB7SI,119.699,32.4055,411700,80,145,0,14-3-28 3:34:20,1
5L3GXUB7SI,119.671,32.4111,411728,75,135,0,14-3-28 3:36:21,1
5L3GXUB7SI,119.649,32.4117,411747,0,130,0,14-3-28 3:38:23,1
5L3GXUB7SI,119.633,32.413,411762,68,145,0,14-3-28 3:40:24,1
5L3GXUB7SI,119.617,32.4308,411787,73,165,0,14-3-28 3:42:25,1
5L3GXUB7SI,119.607,32.4528,411812,73,165,0,14-3-28 3:44:26,1
5L3GXUB7SI,119.594,32.4751,411840,82,165,0,14-3-28 3:46:27,1
5L3GXUB7SI,119.589,32.4985,411865,82,175,0,14-3-28 3:48:29,1
5L3GXUB7SI,119.584,32.5237,411893,79,170,0,14-3-28 3:50:30,1
5L3GXUB7SI,119.577,32.5474,411920,79,170,0,14-3-28 3:52:31,1
5L3GXUB7SI,119.566,32.5696,411946,77,165,0,14-3-28 3:54:32,1
5L3GXUB7SI,119.558,32.5916,411971,69,175,0,14-3-28 3:56:34,1
5L3GXUB7SI,119.555,32.6158,411998,79,175,0,14-3-28 3:58:36,1
5L3GXUB7SI,119.555,32.6401,412024,79,175,0,14-3-28 4:0:36,1
5L3GXUB7SI,119.552,32.6642,412050,77,175,0,14-3-28 4:2:37,1
5L3GXUB7SI,119.544,32.6869,412076,79,170,0,14-3-28 4:4:38,1
5L3GXUB7SI,119.534,32.708,412101,73,165,0,14-3-28 4:6:40,1
5L3GXUB7SI,119.52,32.7292,412127,75,165,0,14-3-28 4:8:41,1
5L3GXUB7SI,119.512,32.7505,412151,64,170,0,14-3-28 4:10:42,1
5L3GXUB7SI,119.504,32.7719,412175,77,165,0,14-3-28 4:12:43,1
5L3GXUB7SI,119.496,32.7928,412200,64,170,0,14-3-28 4:14:44,1
5L3GXUB7SI,119.492,32.8135,412222,69,175,0,14-3-28 4:16:47,1
5L3GXUB7SI,119.491,32.837,412247,75,0,0,14-3-28 4:18:47,1
5L3GXUB7SI,119.491,32.8589,412271,77,175,0,14-3-28 4:20:48,1
5L3GXUB7SI,119.491,32.8823,412296,77,175,0,14-3-28 4:22:49,1
5L3GXUB7SI,119.483,32.9041,412322,71,165,0,14-3-28 4:24:50,1
5L3GXUB7SI,119.476,32.926,412346,69,170,0,14-3-28 4:26:53,1
5L3GXUB7SI,119.468,32.9462,412369,71,165,0,14-3-28 4:28:53,1
5L3GXUB7SI,119.462,32.9703,412396,82,170,0,14-3-28 4:30:54,1
5L3GXUB7SI,119.454,32.9921,412421,79,170,0,14-3-28 4:32:55,1
5L3GXUB7SI,119.452,33.0144,412445,77,175,0,14-3-28 4:34:58,1
5L3GXUB7SI,119.448,33.0373,412470,75,175,0,14-3-28 4:36:58,1
5L3GXUB7SI,119.443,33.0596,412495,80,170,0,14-3-28 4:38:59,1
5L3GXUB7SI,119.438,33.0837,412522,71,175,0,14-3-28 4:41:0,1
5L3GXUB7SI,119.432,33.1057,412546,77,170,0,14-3-28 4:43:1,1
5L3GXUB7SI,119.421,33.127,412572,77,165,0,14-3-28 4:45:3,1
5L3GXUB7SI,119.41,33.1495,412598,82,165,0,14-3-28 4:47:4,1
5L3GXUB7SI,119.402,33.1713,412623,66,170,0,14-3-28 4:49:5,1
5L3GXUB7SI,119.395,33.1936,412648,73,165,0,14-3-28 4:51:6,1
5L3GXUB7SI,119.385,33.2144,412672,68,170,0,14-3-28 4:53:7,1
5L3GXUB7SI,119.379,33.2349,412695,57,170,0,14-3-28 4:55:8,1
5L3GXUB7SI,119.369,33.2531,412717,75,160,0,14-3-28 4:57:10,1
5L3GXUB7SI,119.35,33.2717,412743,71,160,0,14-3-28 4:59:11,1
5L3GXUB7SI,119.337,33.291,412767,71,160,0,14-3-28 5:1:12,1
5L3GXUB7SI,119.319,33.308,412793,79,160,0,14-3-28 5:3:13,1
5L3GXUB7SI,119.306,33.3282,412817,69,165,0,14-3-28 5:5:15,1
5L3GXUB7SI,119.294,33.3469,412840,64,165,0,14-3-28 5:7:16,1
5L3GXUB7SI,119.282,33.3651,412863,71,165,0,14-3-28 5:9:17,1
5L3GXUB7SI,119.275,33.3838,412884,68,170,0,14-3-28 5:11:18,1
5L3GXUB7SI,119.267,33.4036,412907,73,165,0,14-3-28 5:13:20,1
5L3GXUB7SI,119.261,33.4236,412929,55,170,0,14-3-28 5:15:21,1
5L3GXUB7SI,119.26,33.4268,412932,0,170,0,14-3-28 5:17:22,1
5L3GXUB7SI,119.254,33.4372,412945,66,160,0,14-3-28 5:19:23,1
5L3GXUB7SI,119.241,33.4554,412968,69,165,0,14-3-28 5:21:24,1
5L3GXUB7SI,119.231,33.4772,412994,75,170,0,14-3-28 5:23:26,1
5L3GXUB7SI,119.221,33.4986,413019,75,165,0,14-3-28 5:25:27,1
5L3GXUB7SI,119.208,33.5174,413042,62,165,0,14-3-28 5:27:28,1
5L3GXUB7SI,119.201,33.5389,413067,71,170,0,14-3-28 5:29:29,1
5L3GXUB7SI,119.193,33.5607,413092,69,165,0,14-3-28 5:31:30,1
5L3GXUB7SI,119.18,33.5811,413117,73,165,0,14-3-28 5:33:32,1
5L3GXUB7SI,119.172,33.6022,413141,75,165,0,14-3-28 5:35:33,1
5L3GXUB7SI,119.16,33.6237,413167,71,170,0,14-3-28 5:37:34,1
5L3GXUB7SI,119.149,33.6456,413192,75,165,0,14-3-28 5:39:35,1
5L3GXUB7SI,119.137,33.6673,413218,80,170,0,14-3-28 5:41:36,1
5L3GXUB7SI,119.127,33.6906,413245,79,165,0,14-3-28 5:43:38,1
5L3GXUB7SI,119.112,33.7115,413272,79,160,0,14-3-28 5:45:39,1
5L3GXUB7SI,119.093,33.7308,413299,82,165,0,14-3-28 5:47:40,1
5L3GXUB7SI,119.076,33.7511,413326,82,160,0,14-3-28 5:49:41,1
5L3GXUB7SI,119.059,33.7721,413353,84,155,0,14-3-28 5:51:43,1
5L3GXUB7SI,119.044,33.7923,413379,77,160,0,14-3-28 5:53:45,1
5L3GXUB7SI,119.026,33.8126,413407,75,160,0,14-3-28 5:55:46,1
5L3GXUB7SI,119.012,33.8345,413434,79,160,0,14-3-28 5:57:47,1
5L3GXUB7SI,118.992,33.8516,413459,79,155,0,14-3-28 5:59:48,1
5L3GXUB7SI,118.977,33.8734,413487,80,165,0,14-3-28 6:1:50,1
5L3GXUB7SI,118.961,33.8936,413514,79,160,0,14-3-28 6:3:51,1
5L3GXUB7SI,118.947,33.9156,413540,80,165,0,14-3-28 6:5:52,1
5L3GXUB7SI,118.93,33.9353,413567,77,160,0,14-3-28 6:7:53,1
5L3GXUB7SI,118.918,33.958,413594,80,165,0,14-3-28 6:9:55,1
5L3GXUB7SI,118.905,33.9802,413621,79,165,0,14-3-28 6:11:56,1
5L3GXUB7SI,118.894,34.003,413647,79,165,0,14-3-28 6:13:57,1
5L3GXUB7SI,118.881,34.0255,413675,82,165,0,14-3-28 6:15:58,1
5L3GXUB7SI,118.864,34.0464,413702,80,160,0,14-3-28 6:18:0,1
5L3GXUB7SI,118.845,34.0664,413730,82,165,0,14-3-28 6:20:1,1
5L3GXUB7SI,118.83,34.0885,413757,84,165,0,14-3-28 6:22:2,1
5L3GXUB7SI,118.82,34.1117,413785,84,165,0,14-3-28 6:24:3,1
5L3GXUB7SI,118.801,34.1319,413812,80,155,0,14-3-28 6:26:5,1
5L3GXUB7SI,118.786,34.1521,413838,79,165,0,14-3-28 6:28:6,1
5L3GXUB7SI,118.77,34.1719,413864,79,155,0,14-3-28 6:30:7,1
5L3GXUB7SI,118.748,34.1894,413891,79,155,0,14-3-28 6:32:8,1
5L3GXUB7SI,118.73,34.2091,413919,79,155,0,14-3-28 6:34:9,1
5L3GXUB7SI,118.708,34.2264,413946,80,160,0,14-3-28 6:36:11,1
5L3GXUB7SI,118.689,34.2443,413972,79,155,0,14-3-28 6:38:12,1
5L3GXUB7SI,118.664,34.2583,413999,77,150,0,14-3-28 6:40:13,1
5L3GXUB7SI,118.642,34.2751,414026,80,150,0,14-3-28 6:42:14,1
5L3GXUB7SI,118.617,34.2884,414053,79,150,0,14-3-28 6:44:15,1
5L3GXUB7SI,118.593,34.304,414080,77,150,0,14-3-28 6:46:17,1
5L3GXUB7SI,118.566,34.3152,414108,79,150,0,14-3-28 6:48:18,1
5L3GXUB7SI,118.541,34.328,414134,75,145,0,14-3-28 6:50:19,1
5L3GXUB7SI,118.535,34.3315,414140,0,165,0,14-3-28 6:52:20,1
5L3GXUB7SI,118.535,34.3315,414140,0,165,0,14-3-28 6:54:23,1
5L3GXUB7SI,118.535,34.3315,414140,0,165,0,14-3-28 6:56:25,1
5L3GXUB7SI,118.535,34.3315,414140,0,165,0,14-3-28 6:58:26,1
5L3GXUB7SI,118.535,34.3315,414140,0,165,0,14-3-28 7:0:27,1
5L3GXUB7SI,118.535,34.3315,414140,0,165,0,14-3-28 7:2:28,1
5L3GXUB7SI,118.535,34.3315,414140,0,165,0,14-3-28 7:4:30,1
5L3GXUB7SI,118.516,34.3359,414158,73,145,0,14-3-28 7:6:31,1
5L3GXUB7SI,118.492,34.3481,414183,77,150,0,14-3-28 7:8:32,1
5L3GXUB7SI,118.467,34.3571,414208,73,140,0,14-3-28 7:10:33,1
5L3GXUB7SI,118.442,34.3689,414233,80,155,0,14-3-28 7:12:35,1
5L3GXUB7SI,118.424,34.3883,414261,77,160,0,14-3-28 7:14:36,1
5L3GXUB7SI,118.404,34.4072,414288,82,150,0,14-3-28 7:16:37,1
5L3GXUB7SI,118.379,34.4226,414316,79,150,0,14-3-28 7:18:40,1
5L3GXUB7SI,118.373,34.4265,414322,0,150,0,14-3-28 7:20:40,1
5L3GXUB7SI,118.373,34.4265,414322,0,150,0,14-3-28 7:22:41,1
5L3GXUB7SI,118.372,34.427,414323,0,150,0,14-3-28 7:24:42,1
5L3GXUB7SI,118.372,34.427,414323,0,150,0,14-3-28 7:26:43,1
5L3GXUB7SI,118.372,34.4273,414323,9,145,0,14-3-28 7:28:44,1
5L3GXUB7SI,118.371,34.4279,414324,0,130,0,14-3-28 7:30:46,1
5L3GXUB7SI,118.371,34.4279,414324,0,130,0,14-3-28 7:32:47,1
5L3GXUB7SI,118.371,34.4279,414324,0,130,0,14-3-28 7:34:48,1
5L3GXUB7SI,118.371,34.4279,414324,0,130,0,14-3-28 7:36:49,1
5L3GXUB7SI,118.371,34.4279,414324,0,130,0,14-3-28 7:38:51,1
5L3GXUB7SI,118.371,34.4279,414324,0,130,0,14-3-28 7:40:52,1
5L3GXUB7SI,118.371,34.4279,414324,0,130,0,14-3-28 7:42:53,1
5L3GXUB7SI,118.371,34.4279,414324,0,130,0,14-3-28 7:44:54,1
5L3GXUB7SI,118.371,34.4279,414324,0,130,0,14-3-28 7:46:56,1
5L3GXUB7SI,118.371,34.4279,414324,0,130,0,14-3-28 7:48:57,1
5L3GXUB7SI,118.371,34.4279,414324,0,130,0,14-3-28 7:50:58,1
5L3GXUB7SI,118.371,34.4279,414324,0,130,0,14-3-28 7:52:59,1
5L3GXUB7SI,118.371,34.4279,414324,0,130,0,14-3-28 7:55:1,1
5L3GXUB7SI,118.371,34.4279,414324,0,130,0,14-3-28 7:57:2,1
5L3GXUB7SI,118.371,34.4279,414324,0,130,0,14-3-28 7:59:3,1
5L3GXUB7SI,118.371,34.4279,414324,0,130,0,14-3-28 8:1:4,1
5L3GXUB7SI,118.371,34.4279,414324,0,130,0,14-3-28 8:3:5,1
5L3GXUB7SI,118.371,34.4279,414324,0,130,0,14-3-28 8:5:7,1
5L3GXUB7SI,118.371,34.4279,414324,0,130,0,14-3-28 8:7:8,1
5L3GXUB7SI,118.359,34.4334,414337,77,150,0,14-3-28 8:9:9,1
5L3GXUB7SI,118.334,34.4456,414363,75,150,0,14-3-28 8:11:10,1
5L3GXUB7SI,118.316,34.4631,414388,77,160,0,14-3-28 8:13:12,1
5L3GXUB7SI,118.299,34.4826,414414,73,160,0,14-3-28 8:15:13,1
5L3GXUB7SI,118.285,34.5041,414441,79,165,0,14-3-28 8:17:14,1
5L3GXUB7SI,118.275,34.5269,414467,69,165,0,14-3-28 8:19:15,1
5L3GXUB7SI,118.264,34.5476,414492,77,170,0,14-3-28 8:21:16,1
5L3GXUB7SI,118.259,34.5706,414518,71,175,0,14-3-28 8:23:18,1
5L3GXUB7SI,118.254,34.5947,414544,80,170,0,14-3-28 8:25:19,1
5L3GXUB7SI,118.245,34.6184,414571,69,170,0,14-3-28 8:27:20,1
5L3GXUB7SI,118.241,34.642,414597,71,175,0,14-3-28 8:29:21,1
5L3GXUB7SI,118.238,34.6638,414621,66,175,0,14-3-28 8:31:22,1
5L3GXUB7SI,118.233,34.6878,414647,77,170,0,14-3-28 8:33:24,1
5L3GXUB7SI,118.231,34.7116,414673,77,175,0,14-3-28 8:35:25,1
5L3GXUB7SI,118.224,34.7352,414700,80,165,0,14-3-28 8:37:26,1
5L3GXUB7SI,118.215,34.7572,414725,77,170,0,14-3-28 8:39:27,1
5L3GXUB7SI,118.208,34.7809,414752,80,175,0,14-3-28 8:41:28,1
5L3GXUB7SI,118.21,34.8054,414778,79,0,0,14-3-28 8:43:30,1
5L3GXUB7SI,118.209,34.8301,414805,77,0,0,14-3-28 8:45:31,1
5L3GXUB7SI,118.206,34.8547,414832,79,175,0,14-3-28 8:47:32,1
5L3GXUB7SI,118.205,34.8778,414857,69,0,0,14-3-28 8:49:33,1
5L3GXUB7SI,118.208,34.9007,414882,79,0,0,14-3-28 8:51:34,1
5L3GXUB7SI,118.205,34.9238,414907,73,175,0,14-3-28 8:53:36,1
5L3GXUB7SI,118.204,34.9462,414931,77,0,0,14-3-28 8:55:37,1
5L3GXUB7SI,118.207,34.9694,414957,79,0,0,14-3-28 8:57:38,1
5L3GXUB7SI,118.206,34.9935,414983,75,175,0,14-3-28 8:59:39,1
5L3GXUB7SI,118.212,35.0171,415009,75,5,0,14-3-28 9:1:41,1
5L3GXUB7SI,118.217,35.0402,415035,75,5,0,14-3-28 9:3:42,1
5L3GXUB7SI,118.226,35.0628,415061,79,5,0,14-3-28 9:5:43,1
5L3GXUB7SI,118.229,35.0866,415086,77,0,0,14-3-28 9:7:44,1
5L3GXUB7SI,118.236,35.1088,415111,73,10,0,14-3-28 9:9:45,1
5L3GXUB7SI,118.242,35.1191,415123,0,5,0,14-3-28 9:11:47,1
5L3GXUB7SI,118.242,35.1191,415123,0,5,0,14-3-28 9:13:48,1
5L3GXUB7SI,118.246,35.1292,415135,71,0,0,14-3-28 9:15:49,1
5L3GXUB7SI,118.248,35.1527,415161,71,175,0,14-3-28 9:17:52,1
5L3GXUB7SI,118.244,35.174,415184,69,175,0,14-3-28 9:19:51,1
5L3GXUB7SI,118.246,35.1965,415209,75,5,0,14-3-28 9:21:54,1
5L3GXUB7SI,118.25,35.2165,415231,58,0,0,14-3-28 9:23:54,1
5L3GXUB7SI,118.25,35.2392,415256,75,0,0,14-3-28 9:25:55,1
5L3GXUB7SI,118.252,35.2615,415280,55,175,0,14-3-28 9:27:56,1
5L3GXUB7SI,118.25,35.2799,415300,80,175,0,14-3-28 9:29:57,1
5L3GXUB7SI,118.251,35.2921,415312,0,175,0,14-3-28 9:31:58,1
5L3GXUB7SI,118.253,35.3047,415327,53,0,0,14-3-28 9:33:59,1
5L3GXUB7SI,118.253,35.3244,415348,55,175,0,14-3-28 9:36:1,1
5L3GXUB7SI,118.251,35.3441,415370,77,0,0,14-3-28 9:38:3,1
5L3GXUB7SI,118.253,35.3633,415390,55,175,0,14-3-28 9:40:4,1
5L3GXUB7SI,118.254,35.3847,415414,79,0,0,14-3-28 9:42:5,1
5L3GXUB7SI,118.253,35.4075,415439,62,170,0,14-3-28 9:44:6,1
5L3GXUB7SI,118.241,35.4264,415462,79,160,0,14-3-28 9:46:9,1
5L3GXUB7SI,118.231,35.4479,415487,71,170,0,14-3-28 9:48:9,1
5L3GXUB7SI,118.219,35.4691,415512,71,160,0,14-3-28 9:50:10,1
5L3GXUB7SI,118.203,35.4871,415536,60,160,0,14-3-28 9:52:11,1
5L3GXUB7SI,118.168,35.5156,415581,73,160,0,14-3-28 9:56:15,1
5L3GXUB7SI,118.151,35.5308,415603,51,160,0,14-3-28 9:58:14,1
5L3GXUB7SI,118.132,35.5461,415627,71,145,0,14-3-28 10:0:16,1
5L3GXUB7SI,118.112,35.5572,415649,75,145,0,14-3-28 10:2:17,1
5L3GXUB7SI,118.09,35.5668,415671,69,150,0,14-3-28 10:4:18,1
5L3GXUB7SI,118.072,35.5796,415692,66,145,0,14-3-28 10:6:19,1
5L3GXUB7SI,118.051,35.5939,415717,77,145,0,14-3-28 10:8:20,1
5L3GXUB7SI,118.029,35.6077,415743,66,155,0,14-3-28 10:10:21,1
5L3GXUB7SI,118.011,35.6247,415769,60,160,0,14-3-28 10:12:22,1
5L3GXUB7SI,117.993,35.6405,415792,51,145,0,14-3-28 10:14:23,1
5L3GXUB7SI,117.974,35.6564,415817,77,165,0,14-3-28 10:16:25,1
5L3GXUB7SI,117.964,35.6702,415835,62,150,0,14-3-28 10:18:26,1
5L3GXUB7SI,117.939,35.6803,415860,46,140,0,14-3-28 10:20:27,1
5L3GXUB7SI,117.919,35.6928,415883,77,165,0,14-3-28 10:22:28,1
5L3GXUB7SI,117.899,35.7092,415908,71,150,0,14-3-28 10:24:29,1
5L3GXUB7SI,117.879,35.7228,415932,49,150,0,14-3-28 10:26:30,1
5L3GXUB7SI,117.859,35.7297,415951,60,140,0,14-3-28 10:28:32,1
5L3GXUB7SI,117.834,35.741,415977,66,150,0,14-3-28 10:30:33,1
5L3GXUB7SI,117.814,35.758,416003,93,165,0,14-3-28 10:32:34,1
5L3GXUB7SI,117.798,35.7773,416028,66,165,0,14-3-28 10:34:37,1
5L3GXUB7SI,117.81,35.7957,416052,82,15,0,14-3-28 10:36:36,1
5L3GXUB7SI,117.82,35.8174,416077,69,5,0,14-3-28 10:38:37,1
5L3GXUB7SI,117.827,35.8369,416099,49,10,0,14-3-28 10:40:40,1
5L3GXUB7SI,117.833,35.8569,416122,68,0,0,14-3-28 10:42:40,1
5L3GXUB7SI,117.831,35.8774,416144,68,170,0,14-3-28 10:44:42,1
5L3GXUB7SI,117.829,35.901,416170,66,0,0,14-3-28 10:46:44,1
5L3GXUB7SI,117.827,35.9223,416193,64,165,0,14-3-28 10:48:44,1
5L3GXUB7SI,117.813,35.9373,416213,27,165,0,14-3-28 10:50:45,1
5L3GXUB7SI,117.812,35.9375,416213,0,65,0,14-3-28 10:52:48,1
5L3GXUB7SI,117.812,35.9375,416213,0,65,0,14-3-28 10:54:47,1
5L3GXUB7SI,117.81,35.9481,416226,97,0,0,14-3-28 10:56:50,1
5L3GXUB7SI,117.818,35.9748,416256,86,5,0,14-3-28 10:58:51,1
5L3GXUB7SI,117.812,35.9982,416282,66,175,0,14-3-28 11:0:52,1
5L3GXUB7SI,117.808,36.0212,416308,93,165,0,14-3-28 11:2:53,1
5L3GXUB7SI,117.791,36.0415,416334,68,160,0,14-3-28 11:4:54,1
5L3GXUB7SI,117.781,36.0662,416363,82,175,0,14-3-28 11:6:55,1
5L3GXUB7SI,117.777,36.0895,416389,84,165,0,14-3-28 11:8:57,1
5L3GXUB7SI,117.758,36.1069,416414,79,155,0,14-3-28 11:10:57,1
5L3GXUB7SI,117.734,36.1264,416444,77,160,0,14-3-28 11:13:0,1
5L3GXUB7SI,117.727,36.1514,416472,86,0,0,14-3-28 11:15:0,1
5L3GXUB7SI,117.732,36.1748,416499,80,10,0,14-3-28 11:17:1,1
5L3GXUB7SI,117.736,36.1996,416526,82,0,0,14-3-28 11:19:3,1
5L3GXUB7SI,117.744,36.2212,416551,77,10,0,14-3-28 11:21:3,1
5L3GXUB7SI,117.752,36.2439,416577,73,175,0,14-3-28 11:23:4,1
5L3GXUB7SI,117.748,36.2652,416600,73,175,0,14-3-28 11:25:5,1
5L3GXUB7SI,117.755,36.2841,416622,57,10,0,14-3-28 11:27:7,1
5L3GXUB7SI,117.759,36.3045,416645,77,0,0,14-3-28 11:29:8,1
5L3GXUB7SI,117.779,36.3242,416673,68,20,0,14-3-28 11:31:9,1
5L3GXUB7SI,117.794,36.3394,416694,62,5,0,14-3-28 11:33:10,1
5L3GXUB7SI,117.796,36.3555,416711,40,5,0,14-3-28 11:35:11,1
5L3GXUB7SI,117.803,36.3736,416732,60,175,0,14-3-28 11:37:12,1
5L3GXUB7SI,117.803,36.3929,416754,64,10,0,14-3-28 11:39:15,1
5L3GXUB7SI,117.816,36.4118,416778,71,0,0,14-3-28 11:41:16,1
5L3GXUB7SI,117.817,36.4302,416798,77,175,0,14-3-28 11:43:17,1
5L3GXUB7SI,117.814,36.4522,416824,82,5,0,14-3-28 11:45:18,1
5L3GXUB7SI,117.814,36.4522,416844,0,0,0,14-3-28 11:47:15,0
5L3GXUB7SI,117.817,36.4957,416875,75,0,0,14-3-28 11:49:21,1
5L3GXUB7SI,117.826,36.5196,416902,69,5,0,14-3-28 11:51:22,1
5L3GXUB7SI,117.826,36.5398,416924,68,0,0,14-3-28 11:53:25,1
5L3GXUB7SI,117.837,36.5615,416950,75,15,0,14-3-28 11:55:24,1
5L3GXUB7SI,117.839,36.5859,416977,77,0,0,14-3-28 11:57:26,1
5L3GXUB7SI,117.851,36.6062,417003,88,20,0,14-3-28 11:59:26,1
5L3GXUB7SI,117.865,36.6297,417031,80,0,0,14-3-28 12:1:29,1
5L3GXUB7SI,117.871,36.6541,417058,80,5,0,14-3-28 12:3:29,1
5L3GXUB7SI,117.871,36.6775,417084,77,0,0,14-3-28 12:5:31,1
5L3GXUB7SI,117.887,36.6975,417110,77,20,0,14-3-28 12:7:31,1
5L3GXUB7SI,117.911,36.7141,417138,82,20,0,14-3-28 12:9:33,1
5L3GXUB7SI,117.922,36.7362,417165,84,175,0,14-3-28 12:11:34,1
5L3GXUB7SI,117.93,36.7597,417192,86,15,0,14-3-28 12:13:35,1
5L3GXUB7SI,117.945,36.7814,417219,77,0,0,14-3-28 12:15:36,1
5L3GXUB7SI,117.945,36.8053,417245,71,175,0,14-3-28 12:17:37,1
5L3GXUB7SI,117.947,36.8296,417272,80,5,0,14-3-28 12:19:39,1
5L3GXUB7SI,117.955,36.8533,417299,82,5,0,14-3-28 12:21:40,1
5L3GXUB7SI,117.956,36.8757,417323,77,175,0,14-3-28 12:23:41,1
5L3GXUB7SI,117.957,36.901,417351,82,0,0,14-3-28 12:25:44,1
5L3GXUB7SI,117.962,36.9253,417377,86,5,0,14-3-28 12:27:44,1
5L3GXUB7SI,117.966,36.9512,417406,75,175,0,14-3-28 12:29:45,1
5L3GXUB7SI,117.968,36.9763,417433,88,5,0,14-3-28 12:31:46,1
5L3GXUB7SI,117.971,37.0007,417460,80,175,0,14-3-28 12:33:47,1
5L3GXUB7SI,117.964,37.0245,417486,79,170,0,14-3-28 12:35:48,1
5L3GXUB7SI,117.963,37.0489,417513,77,0,0,14-3-28 12:37:51,1
5L3GXUB7SI,117.969,37.0735,417540,84,0,0,14-3-28 12:39:51,1
5L3GXUB7SI,117.969,37.0984,417567,79,0,0,14-3-28 12:41:52,1
5L3GXUB7SI,117.967,37.1222,417593,75,170,0,14-3-28 12:43:53,1
5L3GXUB7SI,117.962,37.1463,417620,79,175,0,14-3-28 12:45:54,1
5L3GXUB7SI,117.962,37.1711,417647,79,0,0,14-3-28 12:47:56,1
5L3GXUB7SI,117.965,37.1956,417673,77,175,0,14-3-28 12:49:57,1
5L3GXUB7SI,117.958,37.2197,417700,80,170,0,14-3-28 12:51:58,1
5L3GXUB7SI,117.957,37.2433,417726,73,0,0,14-3-28 12:53:59,1
5L3GXUB7SI,117.958,37.2656,417750,68,170,0,14-3-28 12:56:1,1
5L3GXUB7SI,117.943,37.2823,417773,69,155,0,14-3-28 12:58:2,1
5L3GXUB7SI,117.922,37.2979,417798,73,155,0,14-3-28 13:0:3,1
5L3GXUB7SI,117.905,37.3132,417820,68,165,0,14-3-28 13:2:4,1
5L3GXUB7SI,117.9,37.3353,417845,77,0,0,14-3-28 13:4:5,1
5L3GXUB7SI,117.903,37.359,417871,77,0,0,14-3-28 13:6:7,1
5L3GXUB7SI,117.904,37.3822,417896,79,175,0,14-3-28 13:8:8,1
5L3GXUB7SI,117.898,37.4044,417921,69,175,0,14-3-28 13:10:9,1
5L3GXUB7SI,117.899,37.4268,417945,79,175,0,14-3-28 13:12:10,1
5L3GXUB7SI,117.899,37.4506,417971,73,0,0,14-3-28 13:14:12,1
5L3GXUB7SI,117.904,37.4737,417996,79,5,0,14-3-28 13:16:13,1
5L3GXUB7SI,117.907,37.4961,418021,68,175,0,14-3-28 13:18:16,1
5L3GXUB7SI,117.904,37.5194,418046,71,170,0,14-3-28 13:20:15,1
5L3GXUB7SI,117.892,37.5401,418071,82,160,0,14-3-28 13:22:17,1
5L3GXUB7SI,117.877,37.5539,418091,64,155,0,14-3-28 13:24:18,1
5L3GXUB7SI,117.861,37.5707,418114,86,165,0,14-3-28 13:26:19,1
5L3GXUB7SI,117.855,37.5968,418143,84,0,0,14-3-28 13:28:20,1
5L3GXUB7SI,117.857,37.6194,418168,90,0,0,14-3-28 13:30:21,1
5L3GXUB7SI,117.854,37.6461,418197,86,170,0,14-3-28 13:32:23,1
5L3GXUB7SI,117.846,37.6717,418226,90,165,0,14-3-28 13:34:24,1
5L3GXUB7SI,117.83,37.6944,418254,80,165,0,14-3-28 13:36:25,1
5L3GXUB7SI,117.818,37.7176,418281,84,170,0,14-3-28 13:38:26,1
5L3GXUB7SI,117.806,37.74,418308,79,165,0,14-3-28 13:40:29,1
5L3GXUB7SI,117.788,37.7609,418336,80,160,0,14-3-28 13:42:29,1
5L3GXUB7SI,117.771,37.7814,418362,71,165,0,14-3-28 13:44:30,1
5L3GXUB7SI,117.742,37.8239,418415,73,160,0,14-3-28 13:48:34,1
5L3GXUB7SI,117.723,37.8425,418441,80,160,0,14-3-28 13:50:34,1
5L3GXUB7SI,117.705,37.862,418467,79,160,0,14-3-28 13:52:35,1
5L3GXUB7SI,117.688,37.8815,418493,80,155,0,14-3-28 13:54:36,1
5L3GXUB7SI,117.667,37.8982,418519,79,155,0,14-3-28 13:56:37,1
5L3GXUB7SI,117.647,37.9164,418545,79,160,0,14-3-28 13:58:39,1
5L3GXUB7SI,117.629,37.9361,418572,80,155,0,14-3-28 14:0:39,1
5L3GXUB7SI,117.612,37.9577,418600,82,165,0,14-3-28 14:2:42,1
5L3GXUB7SI,117.601,37.9805,418626,79,170,0,14-3-28 14:4:42,1
5L3GXUB7SI,117.593,38.0036,418652,69,170,0,14-3-28 14:6:43,1
5L3GXUB7SI,117.582,38.0252,418677,69,165,0,14-3-28 14:8:44,1
5L3GXUB7SI,117.58,38.0309,418683,0,170,0,14-3-28 14:10:46,1
5L3GXUB7SI,117.58,38.0309,418683,0,170,0,14-3-28 14:12:47,1
5L3GXUB7SI,117.579,38.0325,418685,0,170,0,14-3-28 14:14:48,1
5L3GXUB7SI,117.577,38.0379,418691,60,170,0,14-3-28 14:16:49,1
5L3GXUB7SI,117.566,38.0598,418717,77,165,0,14-3-28 14:18:51,1
5L3GXUB7SI,117.545,38.0775,418743,80,150,0,14-3-28 14:20:52,1
5L3GXUB7SI,117.519,38.0885,418769,75,150,0,14-3-28 14:22:54,1
5L3GXUB7SI,117.498,38.1026,418793,73,150,0,14-3-28 14:24:55,1
5L3GXUB7SI,117.472,38.1153,418819,77,150,0,14-3-28 14:26:58,1
5L3GXUB7SI,117.453,38.1326,418844,75,160,0,14-3-28 14:28:57,1
5L3GXUB7SI,117.439,38.1526,418869,79,170,0,14-3-28 14:30:59,1
5L3GXUB7SI,117.431,38.1754,418895,79,165,0,14-3-28 14:33:0,1
5L3GXUB7SI,117.413,38.195,418921,77,160,0,14-3-28 14:35:1,1
5L3GXUB7SI,117.399,38.2165,418948,77,170,0,14-3-28 14:37:4,1
5L3GXUB7SI,117.388,38.2383,418973,75,165,0,14-3-28 14:39:3,1
5L3GXUB7SI,117.378,38.2602,418999,75,175,0,14-3-28 14:41:6,1
5L3GXUB7SI,117.385,38.283,419025,75,5,0,14-3-28 14:43:7,1
5L3GXUB7SI,117.389,38.3055,419049,77,0,0,14-3-28 14:45:8,1
5L3GXUB7SI,117.387,38.3291,419075,77,175,0,14-3-28 14:47:11,1
5L3GXUB7SI,117.387,38.3527,419101,79,0,0,14-3-28 14:49:10,1
5L3GXUB7SI,117.386,38.3766,419127,75,175,0,14-3-28 14:51:11,1
5L3GXUB7SI,117.376,38.3984,419153,73,160,0,14-3-28 14:53:13,1
5L3GXUB7SI,117.354,38.4143,419178,79,150,0,14-3-28 14:55:14,1
5L3GXUB7SI,117.336,38.4313,419202,38,165,0,14-3-28 14:57:17,1
5L3GXUB7SI,117.33,38.4399,419213,68,165,0,14-3-28 14:59:16,1
5L3GXUB7SI,117.323,38.464,419240,79,175,0,14-3-28 15:1:19,1
5L3GXUB7SI,117.316,38.4869,419266,75,165,0,14-3-28 15:3:20,1
5L3GXUB7SI,117.3,38.5057,419291,73,160,0,14-3-28 15:5:21,1
5L3GXUB7SI,117.287,38.5267,419316,77,165,0,14-3-28 15:7:22,1
5L3GXUB7SI,117.273,38.5464,419340,57,160,0,14-3-28 15:9:24,1
5L3GXUB7SI,117.272,38.5478,419341,0,165,0,14-3-28 15:11:25,1
5L3GXUB7SI,117.267,38.5534,419349,60,160,0,14-3-28 15:13:26,1
5L3GXUB7SI,117.266,38.5548,419350,0,160,0,14-3-28 15:15:27,1
5L3GXUB7SI,117.266,38.5555,419351,31,160,0,14-3-28 15:17:28,1
5L3GXUB7SI,117.252,38.5726,419374,77,160,0,14-3-28 15:19:29,1
5L3GXUB7SI,117.24,38.5941,419399,73,170,0,14-3-28 15:21:32,1
5L3GXUB7SI,117.231,38.6159,419424,77,170,0,14-3-28 15:23:32,1
5L3GXUB7SI,117.222,38.6382,419450,77,170,0,14-3-28 15:25:33,1
5L3GXUB7SI,117.218,38.6613,419475,73,175,0,14-3-28 15:27:35,1
5L3GXUB7SI,117.212,38.6835,419499,73,170,0,14-3-28 15:29:36,1
5L3GXUB7SI,117.204,38.7058,419525,77,165,0,14-3-28 15:31:37,1
5L3GXUB7SI,117.192,38.7276,419551,71,165,0,14-3-28 15:33:39,1
5L3GXUB7SI,117.186,38.749,419574,69,175,0,14-3-28 15:35:39,1
5L3GXUB7SI,117.184,38.7707,419598,68,175,0,14-3-28 15:37:40,1
5L3GXUB7SI,117.183,38.7938,419623,73,175,0,14-3-28 15:39:42,1
5L3GXUB7SI,117.179,38.8162,419648,71,170,0,14-3-28 15:41:44,1
5L3GXUB7SI,117.176,38.8388,419673,77,0,0,14-3-28 15:43:44,1
5L3GXUB7SI,117.187,38.8609,419699,79,15,0,14-3-28 15:45:45,1
5L3GXUB7SI,117.206,38.8793,419724,71,15,0,14-3-28 15:47:46,1
5L3GXUB7SI,117.213,38.9007,419749,80,170,0,14-3-28 15:49:47,1
5L3GXUB7SI,117.198,38.9217,419776,73,160,0,14-3-28 15:51:49,1
5L3GXUB7SI,117.183,38.941,419800,73,165,0,14-3-28 15:53:50,1
5L3GXUB7SI,117.182,38.9635,419825,71,5,0,14-3-28 15:55:51,1
5L3GXUB7SI,117.177,38.9784,419847,62,150,0,14-3-28 15:57:52,1
5L3GXUB7SI,117.154,38.9913,419871,75,145,0,14-3-28 15:59:54,1
5L3GXUB7SI,117.126,39.0003,419897,75,145,0,14-3-28 16:1:55,1
5L3GXUB7SI,117.1,39.0112,419923,79,150,0,14-3-28 16:3:56,1
5L3GXUB7SI,117.082,39.0293,419948,77,165,0,14-3-28 16:5:57,1
5L3GXUB7SI,117.072,39.0505,419972,69,165,0,14-3-28 16:7:58,1
5L3GXUB7SI,117.055,39.0686,419997,73,150,0,14-3-28 16:9:59,1
5L3GXUB7SI,117.031,39.0815,420021,69,145,0,14-3-28 16:12:0,1
5L3GXUB7SI,117.003,39.0874,420046,73,140,0,14-3-28 16:14:2,1
5L3GXUB7SI,116.977,39.0967,420070,71,145,0,14-3-28 16:16:3,1
5L3GXUB7SI,116.95,39.104,420094,73,140,0,14-3-28 16:18:4,1
5L3GXUB7SI,116.923,39.1107,420118,57,150,0,14-3-28 16:20:5,1
5L3GXUB7SI,116.917,39.1312,420142,75,170,0,14-3-28 16:22:6,1
5L3GXUB7SI,116.916,39.1544,420167,73,175,0,14-3-28 16:24:8,1
5L3GXUB7SI,116.913,39.1767,420191,73,175,0,14-3-28 16:26:9,1
5L3GXUB7SI,116.911,39.1996,420217,73,0,0,14-3-28 16:28:10,1
5L3GXUB7SI,116.918,39.2215,420241,68,5,0,14-3-28 16:30:11,1
5L3GXUB7SI,116.923,39.2432,420265,73,0,0,14-3-28 16:32:12,1
5L3GXUB7SI,116.927,39.2648,420289,75,5,0,14-3-28 16:34:13,1
5L3GXUB7SI,116.939,39.2856,420314,69,10,0,14-3-28 16:36:14,1
5L3GXUB7SI,116.946,39.3075,420338,71,0,0,14-3-28 16:38:16,1
5L3GXUB7SI,116.948,39.3299,420362,73,0,0,14-3-28 16:40:17,1
5L3GXUB7SI,116.955,39.3522,420387,73,5,0,14-3-28 16:42:19,1
5L3GXUB7SI,116.958,39.3745,420412,68,175,0,14-3-28 16:44:20,1
5L3GXUB7SI,116.953,39.3959,420436,79,170,0,14-3-28 16:46:20,1
5L3GXUB7SI,116.943,39.4168,420460,73,160,0,14-3-28 16:48:22,1
5L3GXUB7SI,116.928,39.4366,420485,75,165,0,14-3-28 16:50:23,1
5L3GXUB7SI,116.921,39.4588,420510,77,175,0,14-3-28 16:52:24,1
5L3GXUB7SI,116.919,39.4813,420534,71,175,0,14-3-28 16:54:25,1
5L3GXUB7SI,116.914,39.5037,420559,75,170,0,14-3-28 16:56:26,1
5L3GXUB7SI,116.914,39.5264,420584,71,5,0,14-3-28 16:58:28,1
5L3GXUB7SI,116.926,39.5455,420607,66,35,0,14-3-28 17:0:29,1
5L3GXUB7SI,116.915,39.5623,420630,75,165,0,14-3-28 17:2:30,1
5L3GXUB7SI,116.904,39.5816,420652,16,175,0,14-3-28 17:4:31,1
5L3GXUB7SI,116.898,39.5901,420664,71,165,0,14-3-28 17:6:32,1
5L3GXUB7SI,116.88,39.6084,420689,73,155,0,14-3-28 17:8:34,1
5L3GXUB7SI,116.855,39.6221,420715,79,145,0,14-3-28 17:10:36,1
5L3GXUB7SI,116.834,39.6291,420733,0,145,0,14-3-28 17:12:36,1
5L3GXUB7SI,116.833,39.6292,420733,0,145,0,14-3-28 17:14:37,1
5L3GXUB7SI,116.818,39.6349,420748,46,150,0,14-3-28 17:16:38,1
5L3GXUB7SI,116.809,39.6401,420757,18,155,0,14-3-28 17:18:40,1
5L3GXUB7SI,116.8,39.6461,420767,58,155,0,14-3-28 17:20:41,1
5L3GXUB7SI,116.779,39.6613,420792,73,155,0,14-3-28 17:22:42,1
5L3GXUB7SI,116.759,39.6782,420817,80,160,0,14-3-28 17:24:43,1
5L3GXUB7SI,116.74,39.6967,420843,75,160,0,14-3-28 17:26:44,1
5L3GXUB7SI,116.722,39.7146,420867,71,160,0,14-3-28 17:28:45,1
5L3GXUB7SI,116.702,39.7312,420892,73,155,0,14-3-28 17:30:46,1
5L3GXUB7SI,116.68,39.7476,420917,73,155,0,14-3-28 17:32:48,1
5L3GXUB7SI,116.658,39.7628,420942,73,150,0,14-3-28 17:34:49,1
5L3GXUB7SI,116.638,39.7788,420966,75,160,0,14-3-28 17:36:50,1
5L3GXUB7SI,116.621,39.7978,420992,75,150,0,14-3-28 17:38:51,1
5L3GXUB7SI,116.598,39.8125,421017,68,155,0,14-3-28 17:40:54,1
5L3GXUB7SI,116.586,39.821,421030,58,155,0,14-3-28 17:42:54,1
5L3GXUB7SI,116.541,39.8461,421078,62,5,0,14-3-28 17:46:57,1
5L3GXUB7SI,116.542,39.8629,421097,53,175,0,14-3-28 17:48:57,1
5L3GXUB7SI,116.543,39.871,421105,7,0,0,14-3-28 17:50:59,1
5L3GXUB7SI,116.543,39.8732,421107,7,175,0,14-3-28 17:53:0,1
5L3GXUB7SI,116.543,39.8783,421112,12,175,0,14-3-28 17:55:1,1
5L3GXUB7SI,116.543,39.8839,421118,25,175,0,14-3-28 17:57:2,1
5L3GXUB7SI,116.542,39.8896,421124,25,175,0,14-3-28 17:59:3,1
5L3GXUB7SI,116.541,39.8944,421129,16,175,0,14-3-28 18:1:5,1
5L3GXUB7SI,116.541,39.8974,421132,29,175,0,14-3-28 18:3:6,1
5L3GXUB7SI,116.539,39.9039,421138,23,175,0,14-3-28 18:5:7,1
5L3GXUB7SI,116.538,39.9093,421144,12,175,0,14-3-28 18:7:8,1
5L3GXUB7SI,116.538,39.9136,421149,20,175,0,14-3-28 18:9:9,1
5L3GXUB7SI,116.538,39.9205,421156,29,175,0,14-3-28 18:11:11,1
5L3GXUB7SI,116.537,39.9386,421175,18,5,0,14-3-28 18:15:14,1
5L3GXUB7SI,116.553,39.9399,421189,75,45,0,14-3-28 18:17:15,1
5L3GXUB7SI,116.582,39.9409,421214,55,0,0,14-3-28 18:19:15,1
5L3GXUB7SI,116.578,39.9628,421238,79,175,0,14-3-28 18:21:17,1
5L3GXUB7SI,116.59,40.0057,421289,75,10,0,14-3-28 18:25:19,1
5L3GXUB7SI,116.602,40.0255,421312,55,10,0,14-3-28 18:27:20,1
5L3GXUB7SI,116.587,40.0349,421333,71,135,0,14-3-28 18:29:22,1
5L3GXUB7SI,116.558,40.037,421358,86,145,0,14-3-28 18:31:23,1
5L3GXUB7SI,116.531,40.0394,421380,5,135,0,14-3-28 18:33:24,1
5L3GXUB7SI,116.528,40.0397,421382,0,140,0,14-3-28 18:35:25,1
5L3GXUB7SI,116.532,40.0484,421393,64,10,0,14-3-28 18:37:26,1
5L3GXUB7SI,116.543,40.0585,421407,53,20,0,14-3-28 18:39:28,1
5L3GXUB7SI,116.555,40.0626,421420,14,55,0,14-3-28 18:41:29,1
5L3GXUB7SI,116.563,40.0611,421427,44,45,0,14-3-28 18:43:30,1
5L3GXUB7SI,116.569,40.0635,421435,27,45,0,14-3-28 18:45:31,1
5L3GXUB7SI,116.582,40.0622,421446,0,45,0,14-3-28 18:47:33,1
5L3GXUB7SI,116.581,40.0675,421452,11,125,0,14-3-28 18:49:34,1
5L3GXUB7SI,116.581,40.0673,421453,0,90,0,14-3-28 18:51:35,1
5L3GXUB7SI,116.581,40.0671,421453,0,80,0,14-3-28 18:53:36,1
5L3GXUB7SI,116.581,40.0671,421453,0,80,0,14-3-28 18:55:37,1
5L3GXUB7SI,116.581,40.0671,421453,0,80,0,14-3-28 18:57:45,1
5L3GXUB7SI,116.581,40.0671,421453,0,80,0,14-3-28 18:59:46,1
5L3GXUB7SI,116.581,40.0671,421453,0,80,0,14-3-28 19:1:47,1
5L3GXUB7SI,116.581,40.0671,421453,0,80,0,14-3-28 19:3:48,1
5L3GXUB7SI,116.581,40.0671,421453,0,80,0,14-3-28 19:5:50,1
5L3GXUB7SI,116.581,40.0671,421453,0,80,0,14-3-28 19:7:51,1
5L3GXUB7SI,116.581,40.0671,421453,0,80,0,14-3-28 19:9:52,1
5L3GXUB7SI,116.581,40.0671,421453,0,80,0,14-3-28 19:11:53,1
5L3GXUB7SI,116.581,40.0671,421453,0,80,0,14-3-28 19:13:55,1
5L3GXUB7SI,116.581,40.0671,421453,0,80,0,14-3-28 19:15:57,1
5L3GXUB7SI,116.581,40.0671,421453,0,80,0,14-3-28 19:17:57,1
5L3GXUB7SI,116.581,40.0671,421453,0,80,0,14-3-28 19:19:58,1
5L3GXUB7SI,116.581,40.0671,421453,0,80,0,14-3-28 19:21:59,1
5L3GXUB7SI,116.581,40.0671,421453,0,80,0,14-3-28 19:24:1,1
5L3GXUB7SI,116.581,40.0671,421453,0,80,0,14-3-28 19:26:2,1
5L3GXUB7SI,116.581,40.0671,421453,0,80,0,14-3-28 19:28:3,1
5L3GXUB7SI,116.581,40.0671,421453,0,80,0,14-3-28 19:30:4,1
5L3GXUB7SI,116.581,40.0671,421453,0,80,0,14-3-28 19:32:6,1
5L3GXUB7SI,116.581,40.0671,421453,0,80,0,14-3-28 19:34:7,1
5L3GXUB7SI,116.581,40.0671,421453,0,80,0,14-3-28 19:36:9,1
5L3GXUB7SI,116.581,40.0671,421453,0,80,0,14-3-28 19:38:9,1
5L3GXUB7SI,116.581,40.0671,421453,0,80,0,14-3-28 19:40:11,1
5L3GXUB7SI,116.581,40.0671,421453,0,80,0,14-3-28 19:42:12,1
5L3GXUB7SI,116.581,40.0671,421453,0,80,0,14-3-28 19:44:13,1
5L3GXUB7SI,116.581,40.0671,421453,0,80,0,14-3-28 19:46:14,1
5L3GXUB7SI,116.581,40.0671,421453,0,80,0,14-3-28 19:48:16,1
5L3GXUB7SI,116.581,40.0671,421453,0,80,0,14-3-28 19:50:17,1
5L3GXUB7SI,116.581,40.0671,421453,0,80,0,14-3-28 19:52:18,1
5L3GXUB7SI,116.581,40.0671,421453,0,80,0,14-3-28 19:54:19,1
5L3GXUB7SI,116.581,40.0669,421453,0,35,0,14-3-28 19:56:21,1
5L3GXUB7SI,116.581,40.0669,421453,0,35,0,14-3-28 19:58:22,1
5L3GXUB7SI,116.581,40.0669,421453,0,35,0,14-3-28 20:0:23,1
5L3GXUB7SI,116.581,40.0669,421453,0,35,0,14-3-28 20:2:24,1
5L3GXUB7SI,116.581,40.0669,421453,0,35,0,14-3-28 20:4:27,1
5L3GXUB7SI,116.581,40.0669,421453,0,35,0,14-3-28 20:6:27,1
5L3GXUB7SI,116.581,40.0669,421453,0,35,0,14-3-28 20:8:28,1
5L3GXUB7SI,116.581,40.0669,421453,0,35,0,14-3-28 20:10:29,1
5L3GXUB7SI,116.581,40.0669,421453,0,35,0,14-3-28 20:12:31,1
5L3GXUB7SI,116.581,40.0669,421453,0,35,0,14-3-28 20:14:32,1
5L3GXUB7SI,116.581,40.0669,421453,0,35,0,14-3-28 20:16:33,1
5L3GXUB7SI,116.581,40.0669,421453,0,35,0,14-3-28 20:18:36,1
5L3GXUB7SI,116.581,40.0669,421453,0,35,0,14-3-28 20:20:36,1
5L3GXUB7SI,116.581,40.0669,421453,0,35,0,14-3-28 20:22:37,1
5L3GXUB7SI,116.581,40.0669,421453,0,35,0,14-3-28 20:24:38,1
5L3GXUB7SI,116.581,40.0669,421453,0,35,0,14-3-28 20:26:41,1
5L3GXUB7SI,116.581,40.0669,421453,0,35,0,14-3-28 20:28:41,1
5L3GXUB7SI,116.581,40.0669,421453,0,35,0,14-3-28 20:30:42,1
5L3GXUB7SI,116.581,40.0669,421453,0,35,0,14-3-28 20:32:43,1
5L3GXUB7SI,116.581,40.0669,421453,0,35,0,14-3-28 20:34:46,1
5L3GXUB7SI,116.581,40.0669,421453,0,35,0,14-3-28 20:36:46,1
5L3GXUB7SI,116.581,40.0669,421453,0,35,0,14-3-28 20:38:47,1
5L3GXUB7SI,116.581,40.0669,421453,0,35,0,14-3-28 20:40:48,1
5L3GXUB7SI,116.581,40.0669,421453,0,35,0,14-3-28 20:42:50,1
5L3GXUB7SI,116.581,40.0669,421453,0,35,0,14-3-28 20:44:51,1
5L3GXUB7SI,116.581,40.0669,421453,0,35,0,14-3-28 20:46:52,1
5L3GXUB7SI,116.581,40.0669,421453,0,35,0,14-3-28 20:48:54,1
5L3GXUB7SI,116.581,40.0669,421453,0,35,0,14-3-28 20:50:54,1
5L3GXUB7SI,116.581,40.0669,421453,0,35,0,14-3-28 20:52:56,1
5L3GXUB7SI,116.581,40.0669,421453,0,35,0,14-3-28 20:54:57,1
5L3GXUB7SI,116.581,40.0669,421453,0,35,0,14-3-28 20:56:59,1
5L3GXUB7SI,116.581,40.0669,421453,0,35,0,14-3-28 20:58:59,1
5L3GXUB7SI,116.581,40.0669,421453,0,35,0,14-3-28 21:1:1,1
5L3GXUB7SI,116.581,40.0669,421453,0,35,0,14-3-28 21:3:2,1
5L3GXUB7SI,116.581,40.0669,421453,0,35,0,14-3-28 21:5:3,1
5L3GXUB7SI,116.581,40.0669,421453,0,35,0,14-3-28 21:7:6,1
5L3GXUB7SI,116.581,40.0669,421453,0,35,0,14-3-28 21:9:6,1
5L3GXUB7SI,116.581,40.0669,421453,0,35,0,14-3-28 21:11:7,1
5L3GXUB7SI,116.581,40.0669,421453,0,35,0,14-3-28 21:17:11,1
5L3GXUB7SI,116.581,40.0669,421453,0,35,0,14-3-28 21:19:12,1
5L3GXUB7SI,116.583,40.0622,421458,14,100,0,14-3-28 21:21:14,1
5L3GXUB7SI,116.57,40.0634,421469,27,135,0,14-3-28 21:23:15,1
5L3GXUB7SI,116.559,40.0681,421485,12,45,0,14-3-28 21:27:18,1
5L3GXUB7SI,116.562,40.0707,421492,34,170,0,14-3-28 21:29:18,1
5L3GXUB7SI,116.562,40.0824,421504,20,0,0,14-3-28 21:31:19,1
5L3GXUB7SI,116.562,40.0881,421510,22,175,0,14-3-28 21:33:21,1
5L3GXUB7SI,116.563,40.0971,421519,16,0,0,14-3-28 21:35:23,1
5L3GXUB7SI,116.568,40.1005,421528,44,175,0,14-3-28 21:37:23,1
5L3GXUB7SI,116.565,40.1077,421538,12,135,0,14-3-28 21:39:24,1
5L3GXUB7SI,116.569,40.1096,421488,0,0,0,14-3-28 21:41:41,1
5L3GXUB7SI,116.564,40.1077,421488,0,0,0,14-3-28 21:42:2,1
5L3GXUB7SI,116.564,40.1077,421488,0,0,0,14-3-28 21:42:13,1
5L3GXUB7SI,116.564,40.1077,421488,0,0,0,14-3-28 21:44:14,1
5L3GXUB7SI,116.564,40.1077,421488,0,0,0,14-3-28 21:46:15,1
5L3GXUB7SI,116.564,40.1077,421488,0,0,0,14-3-28 21:48:17,1
5L3GXUB7SI,116.564,40.1077,421488,0,0,0,14-3-28 21:50:17,1
5L3GXUB7SI,116.564,40.1077,421488,0,0,0,14-3-28 21:52:18,1
5L3GXUB7SI,116.565,40.1076,421488,0,35,0,14-3-28 21:54:20,1
5L3GXUB7SI,116.565,40.1076,421488,0,35,0,14-3-28 21:56:22,1
5L3GXUB7SI,116.565,40.1076,421488,0,35,0,14-3-28 21:58:23,1
5L3GXUB7SI,116.565,40.1076,421488,0,35,0,14-3-28 22:0:24,1
5L3GXUB7SI,116.565,40.1076,421488,0,35,0,14-3-28 22:2:24,1
5L3GXUB7SI,116.565,40.1076,421488,0,35,0,14-3-28 22:4:26,1
5L3GXUB7SI,116.565,40.1076,421488,0,35,0,14-3-28 22:6:27,1
5L3GXUB7SI,116.565,40.1076,421488,0,35,0,14-3-28 22:8:29,1
5L3GXUB7SI,116.565,40.1076,421488,0,35,0,14-3-28 22:10:29,1
5L3GXUB7SI,116.565,40.1076,421488,0,35,0,14-3-28 22:12:31,1
5L3GXUB7SI,116.565,40.1076,421488,0,35,0,14-3-28 22:14:32,1
5L3GXUB7SI,116.565,40.1076,421488,0,35,0,14-3-28 22:16:33,1
5L3GXUB7SI,116.565,40.1076,421488,0,35,0,14-3-28 22:18:36,1
5L3GXUB7SI,116.565,40.1076,421488,0,35,0,14-3-28 22:20:36,1
5L3GXUB7SI,116.565,40.1076,421488,0,35,0,14-3-28 22:22:37,1
5L3GXUB7SI,116.565,40.1076,421488,0,35,0,14-3-28 22:24:39,1
5L3GXUB7SI,116.565,40.1076,421488,0,35,0,14-3-28 22:26:40,1
5L3GXUB7SI,116.565,40.1076,421488,0,35,0,14-3-28 22:28:41,1
5L3GXUB7SI,116.565,40.1076,421488,0,35,0,14-3-28 22:30:44,1
5L3GXUB7SI,116.565,40.1076,421488,0,35,0,14-3-28 22:32:44,1
5L3GXUB7SI,116.565,40.1076,421488,0,35,0,14-3-28 22:34:45,1
5L3GXUB7SI,116.565,40.1076,421488,0,35,0,14-3-28 22:36:46,1
5L3GXUB7SI,116.565,40.1076,421488,0,35,0,14-3-28 22:38:49,1
5L3GXUB7SI,116.565,40.1076,421488,0,35,0,14-3-28 22:40:49,1
5L3GXUB7SI,116.565,40.1076,421488,0,35,0,14-3-28 22:42:50,1
5L3GXUB7SI,116.565,40.1076,421488,0,35,0,14-3-28 22:44:51,1
5L3GXUB7SI,116.565,40.1076,421488,0,35,0,14-3-28 22:46:53,1
5L3GXUB7SI,116.565,40.1076,421488,0,35,0,14-3-28 22:48:54,1
5L3GXUB7SI,116.565,40.1076,421488,0,35,0,14-3-28 22:50:55,1
5L3GXUB7SI,116.565,40.1076,421488,0,35,0,14-3-28 22:52:57,1
5L3GXUB7SI,116.565,40.1076,421488,0,35,0,14-3-28 22:54:59,1
5L3GXUB7SI,116.565,40.1076,421488,0,35,0,14-3-28 22:56:59,1
5L3GXUB7SI,116.565,40.1076,421488,0,35,0,14-3-28 22:59:0,1
5L3GXUB7SI,116.565,40.1076,421488,0,35,0,14-3-28 23:1:2,1
5L3GXUB7SI,116.565,40.1076,421488,0,35,0,14-3-28 23:3:3,1
5L3GXUB7SI,116.565,40.1076,421488,0,35,0,14-3-28 23:5:4,1
5L3GXUB7SI,116.565,40.1076,421488,0,35,0,14-3-28 23:7:5,1
5L3GXUB7SI,116.565,40.1076,421488,0,35,0,14-3-28 23:9:6,1
5L3GXUB7SI,116.565,40.1076,421488,0,35,0,14-3-28 23:11:7,1
5L3GXUB7SI,116.565,40.1076,421488,0,35,0,14-3-28 23:13:9,1
5L3GXUB7SI,116.565,40.1076,421488,0,35,0,14-3-28 23:15:10,1
5L3GXUB7SI,116.565,40.1076,421488,0,35,0,14-3-28 23:17:11,1
5L3GXUB7SI,116.565,40.1076,421488,0,35,0,14-3-28 23:19:13,1
5L3GXUB7SI,116.565,40.1076,421488,0,35,0,14-3-28 23:21:14,1
5L3GXUB7SI,116.565,40.1076,421488,0,35,0,14-3-28 23:23:15,1
5L3GXUB7SI,116.565,40.1076,421488,0,35,0,14-3-28 23:25:16,1
5L3GXUB7SI,116.565,40.1076,421488,0,35,0,14-3-28 23:27:18,1
5L3GXUB7SI,116.565,40.1076,421488,0,35,0,14-3-28 23:29:19,1
5L3GXUB7SI,116.565,40.1076,421488,0,35,0,14-3-28 23:31:20,1
5L3GXUB7SI,116.565,40.1076,421488,0,35,0,14-3-28 23:33:21,1
5L3GXUB7SI,116.565,40.1076,421488,0,35,0,14-3-28 23:35:23,1
5L3GXUB7SI,116.565,40.1076,421488,0,35,0,14-3-28 23:37:24,1
5L3GXUB7SI,116.565,40.1076,421488,0,35,0,14-3-28 23:41:32,1
5L3GXUB7SI,116.565,40.1076,421488,0,35,0,14-3-28 23:43:34,1
5L3GXUB7SI,116.565,40.1076,421488,0,35,0,14-3-28 23:45:35,1
5L3GXUB7SI,116.565,40.1076,421488,0,35,0,14-3-28 23:47:36,1
5L3GXUB7SI,116.565,40.1076,421488,0,35,0,14-3-28 23:49:38,1
5L3GXUB7SI,116.565,40.1076,421488,0,35,0,14-3-28 23:51:39,1
5L3GXUB7SI,116.565,40.1076,421488,0,35,0,14-3-28 23:53:40,1
5L3GXUB7SI,116.565,40.1076,421488,0,35,0,14-3-28 23:55:41,1
5L3GXUB7SI,116.565,40.1076,421488,0,35,0,14-3-28 23:57:43,1
5L3GXUB7SI,116.565,40.1076,421488,0,35,0,14-3-28 23:59:44,1
5L3GXUB7SI,116.565,40.1076,421488,0,35,0,14-3-29 0:1:45,1
5L3GXUB7SI,116.565,40.1076,421488,0,35,0,14-3-29 0:3:46,1
5L3GXUB7SI,116.565,40.1076,421488,0,35,0,14-3-29 0:5:48,1
5L3GXUB7SI,116.565,40.1076,421488,0,35,0,14-3-29 0:7:49,1
5L3GXUB7SI,116.565,40.1076,421488,0,35,0,14-3-29 0:9:50,1
5L3GXUB7SI,116.565,40.1076,421488,0,35,0,14-3-29 0:11:51,1
5L3GXUB7SI,116.565,40.1076,421488,0,35,0,14-3-29 0:13:53,1
5L3GXUB7SI,116.565,40.1076,421488,0,35,0,14-3-29 0:15:54,1
5L3GXUB7SI,116.565,40.1076,421488,0,35,0,14-3-29 0:17:55,1
5L3GXUB7SI,116.565,40.1076,421488,0,35,0,14-3-29 0:19:57,1
5L3GXUB7SI,116.565,40.1076,421488,0,35,0,14-3-29 0:24:0,1
5L3GXUB7SI,116.565,40.1076,421488,0,35,0,14-3-29 0:26:0,1
5L3GXUB7SI,116.565,40.1076,421488,0,35,0,14-3-29 0:28:1,1
5L3GXUB7SI,116.565,40.1076,421488,0,35,0,14-3-29 0:30:3,1
5L3GXUB7SI,116.565,40.1076,421488,0,35,0,14-3-29 0:32:4,1
5L3GXUB7SI,116.565,40.1076,421488,0,35,0,14-3-29 0:34:5,1
5L3GXUB7SI,116.565,40.1076,421488,0,35,0,14-3-29 0:36:7,1
5L3GXUB7SI,116.565,40.1076,421488,0,35,0,14-3-29 0:38:8,1
5L3GXUB7SI,116.565,40.1076,421488,0,35,0,14-3-29 0:40:9,1
5L3GXUB7SI,116.565,40.1076,421488,0,35,0,14-3-29 0:42:11,1
5L3GXUB7SI,116.565,40.1076,421488,0,35,0,14-3-29 0:44:12,1
5L3GXUB7SI,116.565,40.1076,421488,0,35,0,14-3-29 0:46:13,1
5L3GXUB7SI,116.565,40.1076,421488,0,35,0,14-3-29 0:48:14,1
5L3GXUB7SI,116.565,40.1076,421488,0,35,0,14-3-29 0:50:16,1
5L3GXUB7SI,116.565,40.1076,421488,0,35,0,14-3-29 0:52:17,1
5L3GXUB7SI,116.565,40.1076,421488,0,35,0,14-3-29 0:54:18,1
5L3GXUB7SI,116.565,40.1076,421488,0,35,0,14-3-29 0:56:19,1
5L3GXUB7SI,116.565,40.1076,421488,0,35,0,14-3-29 0:58:21,1
5L3GXUB7SI,116.565,40.1076,421488,0,35,0,14-3-29 1:0:22,1
5L3GXUB7SI,116.565,40.1076,421488,0,35,0,14-3-29 1:2:24,1
5L3GXUB7SI,116.565,40.1076,421488,0,35,0,14-3-29 1:4:25,1
5L3GXUB7SI,116.565,40.1076,421488,0,35,0,14-3-29 1:6:26,1
5L3GXUB7SI,116.565,40.1076,421488,0,35,0,14-3-29 1:8:28,1
5L3GXUB7SI,116.565,40.1076,421488,0,35,0,14-3-29 1:10:29,1
5L3GXUB7SI,116.565,40.1076,421488,0,35,0,14-3-29 1:12:30,1
5L3GXUB7SI,116.565,40.1076,421488,0,35,0,14-3-29 1:14:31,1
5L3GXUB7SI,116.565,40.1076,421488,0,35,0,14-3-29 1:16:33,1
5L3GXUB7SI,116.565,40.1076,421488,0,35,0,14-3-29 1:18:34,1
5L3GXUB7SI,116.565,40.1076,421488,0,35,0,14-3-29 1:20:35,1
5L3GXUB7SI,116.565,40.1076,421488,0,35,0,14-3-29 1:22:36,1
5L3GXUB7SI,116.565,40.1076,421488,0,35,0,14-3-29 1:24:38,1
5L3GXUB7SI,116.565,40.1076,421488,0,35,0,14-3-29 1:26:39,1
5L3GXUB7SI,116.565,40.1076,421488,0,35,0,14-3-29 1:28:41,1
5L3GXUB7SI,116.565,40.1076,421488,0,35,0,14-3-29 1:30:41,1
5L3GXUB7SI,116.565,40.1076,421488,0,35,0,14-3-29 1:32:43,1
5L3GXUB7SI,116.565,40.1076,421488,0,35,0,14-3-29 1:34:45,1
5L3GXUB7SI,116.565,40.1076,421488,0,35,0,14-3-29 1:36:46,1
5L3GXUB7SI,116.565,40.1076,421488,0,35,0,14-3-29 1:38:47,1
5L3GXUB7SI,116.565,40.1076,421488,0,35,0,14-3-29 1:40:48,1
5L3GXUB7SI,116.565,40.1076,421488,0,35,0,14-3-29 1:42:49,1
5L3GXUB7SI,116.565,40.1076,421488,0,35,0,14-3-29 1:44:51,1
5L3GXUB7SI,116.565,40.1076,421488,0,35,0,14-3-29 1:46:52,1
5L3GXUB7SI,116.565,40.1076,421488,0,35,0,14-3-29 1:48:53,1
5L3GXUB7SI,116.565,40.1076,421488,0,35,0,14-3-29 1:50:55,1
5L3GXUB7SI,116.565,40.1076,421488,0,35,0,14-3-29 1:52:56,1
5L3GXUB7SI,116.565,40.1076,421488,0,35,0,14-3-29 1:54:57,1
5L3GXUB7SI,116.565,40.1076,421488,0,35,0,14-3-29 1:56:59,1
5L3GXUB7SI,116.565,40.1076,421488,0,35,0,14-3-29 1:59:0,1
5L3GXUB7SI,116.565,40.1076,421488,0,35,0,14-3-29 2:1:1,1
5L3GXUB7SI,116.565,40.1076,421488,0,35,0,14-3-29 2:3:3,1
5L3GXUB7SI,116.565,40.1076,421488,0,35,0,14-3-29 2:5:4,1
5L3GXUB7SI,116.565,40.1076,421488,0,35,0,14-3-29 2:7:5,1
5L3GXUB7SI,116.565,40.1076,421488,0,35,0,14-3-29 2:9:6,1
5L3GXUB7SI,116.565,40.1076,421488,0,35,0,14-3-29 2:11:8,1
5L3GXUB7SI,116.565,40.1076,421488,0,35,0,14-3-29 2:13:9,1
5L3GXUB7SI,116.565,40.1076,421488,0,35,0,14-3-29 2:15:11,1
5L3GXUB7SI,116.565,40.1076,421488,0,35,0,14-3-29 2:17:12,1
5L3GXUB7SI,116.565,40.1076,421488,0,35,0,14-3-29 2:19:13,1
5L3GXUB7SI,116.565,40.1076,421488,0,35,0,14-3-29 2:21:14,1
5L3GXUB7SI,116.565,40.1076,421488,0,35,0,14-3-29 2:23:16,1
5L3GXUB7SI,116.565,40.1076,421488,0,35,0,14-3-29 2:25:17,1
5L3GXUB7SI,116.565,40.1076,421488,0,35,0,14-3-29 2:27:18,1
5L3GXUB7SI,116.565,40.1076,421488,0,35,0,14-3-29 2:29:20,1
5L3GXUB7SI,116.565,40.1076,421488,0,35,0,14-3-29 2:31:21,1
5L3GXUB7SI,116.565,40.1076,421488,0,35,0,14-3-29 2:35:25,1
5L3GXUB7SI,116.565,40.1076,421488,0,35,0,14-3-29 2:37:25,1
5L3GXUB7SI,116.565,40.1076,421488,0,35,0,14-3-29 2:39:26,1
5L3GXUB7SI,116.565,40.1076,421488,0,35,0,14-3-29 2:41:28,1
5L3GXUB7SI,116.565,40.1076,421488,0,35,0,14-3-29 2:43:29,1
5L3GXUB7SI,116.565,40.1076,421488,0,35,0,14-3-29 2:45:30,1
5L3GXUB7SI,116.565,40.1076,421488,0,35,0,14-3-29 2:47:32,1
5L3GXUB7SI,116.565,40.1076,421488,0,35,0,14-3-29 2:49:33,1
5L3GXUB7SI,116.565,40.1076,421488,0,35,0,14-3-29 2:51:34,1
5L3GXUB7SI,116.565,40.1076,421488,0,35,0,14-3-29 2:53:36,1
5L3GXUB7SI,116.565,40.1076,421488,0,35,0,14-3-29 2:55:37,1
5L3GXUB7SI,116.565,40.1076,421488,0,35,0,14-3-29 2:57:38,1
5L3GXUB7SI,116.565,40.1076,421488,0,35,0,14-3-29 2:59:40,1
5L3GXUB7SI,116.565,40.1076,421488,0,35,0,14-3-29 3:1:41,1
5L3GXUB7SI,116.565,40.1076,421488,0,35,0,14-3-29 3:3:42,1
5L3GXUB7SI,116.565,40.1076,421488,0,35,0,14-3-29 3:5:44,1
5L3GXUB7SI,116.565,40.1076,421488,0,35,0,14-3-29 3:7:45,1
5L3GXUB7SI,116.565,40.1076,421488,0,35,0,14-3-29 3:9:46,1
5L3GXUB7SI,116.565,40.1076,421488,0,35,0,14-3-29 3:11:48,1
5L3GXUB7SI,116.565,40.1076,421488,0,35,0,14-3-29 3:13:49,1
5L3GXUB7SI,116.565,40.1076,421488,0,35,0,14-3-29 3:15:50,1
5L3GXUB7SI,116.565,40.1076,421488,0,35,0,14-3-29 3:17:52,1
5L3GXUB7SI,116.565,40.1076,421488,0,35,0,14-3-29 3:19:53,1
5L3GXUB7SI,116.565,40.1076,421488,0,35,0,14-3-29 3:21:54,1
5L3GXUB7SI,116.565,40.1076,421488,0,35,0,14-3-29 3:23:56,1
5L3GXUB7SI,116.565,40.1076,421488,0,35,0,14-3-29 3:25:57,1
5L3GXUB7SI,116.565,40.1076,421488,0,35,0,14-3-29 3:27:58,1
5L3GXUB7SI,116.565,40.1076,421488,0,35,0,14-3-29 3:30:0,1
5L3GXUB7SI,116.565,40.1076,421488,0,35,0,14-3-29 3:32:1,1
5L3GXUB7SI,116.565,40.1076,421488,0,35,0,14-3-29 3:34:2,1
5L3GXUB7SI,116.565,40.1076,421488,0,35,0,14-3-29 3:36:4,1
5L3GXUB7SI,116.565,40.1076,421488,0,35,0,14-3-29 3:38:5,1
5L3GXUB7SI,116.565,40.1076,421488,0,35,0,14-3-29 3:40:6,1
5L3GXUB7SI,116.565,40.1076,421488,0,35,0,14-3-29 3:42:14,1
5L3GXUB7SI,116.565,40.1076,421488,0,35,0,14-3-29 3:44:15,1
5L3GXUB7SI,116.565,40.1076,421488,0,35,0,14-3-29 3:46:16,1
5L3GXUB7SI,116.565,40.1076,421488,0,35,0,14-3-29 3:48:18,1
5L3GXUB7SI,116.565,40.1076,421488,0,35,0,14-3-29 3:50:19,1
5L3GXUB7SI,116.565,40.1076,421488,0,35,0,14-3-29 3:52:20,1
5L3GXUB7SI,116.565,40.1076,421488,0,35,0,14-3-29 3:54:22,1
5L3GXUB7SI,116.565,40.1076,421488,0,35,0,14-3-29 3:56:23,1
5L3GXUB7SI,116.565,40.1076,421488,0,35,0,14-3-29 3:58:25,1
5L3GXUB7SI,116.565,40.1076,421488,0,35,0,14-3-29 4:0:26,1
5L3GXUB7SI,116.565,40.1076,421488,0,35,0,14-3-29 4:2:27,1
5L3GXUB7SI,116.565,40.1076,421488,0,35,0,14-3-29 4:4:29,1
5L3GXUB7SI,116.565,40.1076,421488,0,35,0,14-3-29 4:6:30,1
5L3GXUB7SI,116.565,40.1076,421488,0,35,0,14-3-29 4:8:31,1
5L3GXUB7SI,116.565,40.1076,421488,0,35,0,14-3-29 4:10:33,1
5L3GXUB7SI,116.565,40.1076,421488,0,35,0,14-3-29 4:12:34,1
5L3GXUB7SI,116.565,40.1076,421488,0,35,0,14-3-29 4:14:35,1
5L3GXUB7SI,116.565,40.1076,421488,0,35,0,14-3-29 4:16:37,1
5L3GXUB7SI,116.565,40.1076,421488,0,35,0,14-3-29 4:18:38,1
5L3GXUB7SI,116.565,40.1076,421488,0,35,0,14-3-29 4:20:39,1
5L3GXUB7SI,116.565,40.1076,421488,0,35,0,14-3-29 4:22:41,1
5L3GXUB7SI,116.565,40.1076,421488,0,35,0,14-3-29 4:24:42,1
5L3GXUB7SI,116.565,40.1076,421488,0,35,0,14-3-29 4:26:43,1
5L3GXUB7SI,116.565,40.1076,421488,0,35,0,14-3-29 4:28:45,1
5L3GXUB7SI,116.565,40.1076,421488,0,35,0,14-3-29 4:30:46,1
5L3GXUB7SI,116.565,40.1076,421488,0,35,0,14-3-29 4:32:48,1
5L3GXUB7SI,116.565,40.1076,421488,0,35,0,14-3-29 4:34:49,1
5L3GXUB7SI,116.565,40.1076,421488,0,35,0,14-3-29 4:36:50,1
5L3GXUB7SI,116.565,40.1076,421488,0,35,0,14-3-29 4:38:51,1
5L3GXUB7SI,116.565,40.1076,421488,0,35,0,14-3-29 4:40:53,1
5L3GXUB7SI,116.565,40.1076,421488,0,35,0,14-3-29 4:42:54,1
5L3GXUB7SI,116.565,40.1076,421488,0,35,0,14-3-29 4:44:56,1
5L3GXUB7SI,116.565,40.1076,421488,0,35,0,14-3-29 4:46:57,1
5L3GXUB7SI,116.565,40.1076,421488,0,35,0,14-3-29 4:48:58,1
5L3GXUB7SI,116.565,40.1076,421488,0,35,0,14-3-29 4:51:0,1
5L3GXUB7SI,116.565,40.1076,421488,0,35,0,14-3-29 4:53:1,1
5L3GXUB7SI,116.565,40.1076,421488,0,35,0,14-3-29 4:55:2,1
5L3GXUB7SI,116.565,40.1076,421488,0,35,0,14-3-29 4:57:4,1
5L3GXUB7SI,116.565,40.1076,421488,0,35,0,14-3-29 4:59:5,1
5L3GXUB7SI,116.565,40.1076,421488,0,35,0,14-3-29 5:1:6,1
5L3GXUB7SI,116.565,40.1076,421488,0,35,0,14-3-29 5:3:8,1
5L3GXUB7SI,116.565,40.1076,421488,0,35,0,14-3-29 5:5:9,1
5L3GXUB7SI,116.565,40.1076,421488,0,35,0,14-3-29 5:7:10,1
5L3GXUB7SI,116.565,40.1076,421488,0,35,0,14-3-29 5:9:12,1
5L3GXUB7SI,116.565,40.1076,421488,0,35,0,14-3-29 5:11:13,1
5L3GXUB7SI,116.565,40.1076,421488,0,35,0,14-3-29 5:13:15,1
5L3GXUB7SI,116.565,40.1076,421488,0,35,0,14-3-29 5:15:16,1
5L3GXUB7SI,116.565,40.1076,421488,0,35,0,14-3-29 5:17:17,1
5L3GXUB7SI,116.565,40.1076,421488,0,35,0,14-3-29 5:19:18,1
5L3GXUB7SI,116.565,40.1076,421488,0,35,0,14-3-29 5:21:20,1
5L3GXUB7SI,116.565,40.1076,421488,0,35,0,14-3-29 5:23:21,1
5L3GXUB7SI,116.565,40.1076,421488,0,35,0,14-3-29 5:25:23,1
5L3GXUB7SI,116.565,40.1076,421488,0,35,0,14-3-29 5:27:24,1
5L3GXUB7SI,116.565,40.1076,421488,0,35,0,14-3-29 5:29:25,1
5L3GXUB7SI,116.565,40.1076,421488,0,35,0,14-3-29 5:31:27,1
5L3GXUB7SI,116.565,40.1076,421488,0,35,0,14-3-29 5:33:28,1
5L3GXUB7SI,116.565,40.1076,421488,0,35,0,14-3-29 5:35:29,1
5L3GXUB7SI,116.565,40.1076,421488,0,35,0,14-3-29 5:37:31,1
5L3GXUB7SI,116.565,40.1076,421488,0,35,0,14-3-29 5:39:32,1
5L3GXUB7SI,116.565,40.1076,421488,0,35,0,14-3-29 5:41:33,1
5L3GXUB7SI,116.565,40.1076,421488,0,35,0,14-3-29 5:43:35,1
5L3GXUB7SI,116.565,40.1076,421488,0,35,0,14-3-29 5:45:36,1
5L3GXUB7SI,116.565,40.1076,421488,0,35,0,14-3-29 5:47:38,1
5L3GXUB7SI,116.565,40.1076,421488,0,35,0,14-3-29 5:49:39,1
5L3GXUB7SI,116.565,40.1076,421488,0,35,0,14-3-29 5:51:40,1
5L3GXUB7SI,116.565,40.1076,421488,0,35,0,14-3-29 5:53:42,1
5L3GXUB7SI,116.565,40.1076,421488,0,35,0,14-3-29 5:55:43,1
5L3GXUB7SI,116.565,40.1076,421488,0,35,0,14-3-29 5:57:44,1
5L3GXUB7SI,116.565,40.1076,421488,0,35,0,14-3-29 5:59:46,1
5L3GXUB7SI,116.565,40.1076,421488,0,35,0,14-3-29 6:1:47,1
5L3GXUB7SI,116.565,40.1076,421488,0,35,0,14-3-29 6:3:48,1
5L3GXUB7SI,116.565,40.1076,421488,0,35,0,14-3-29 6:5:50,1
5L3GXUB7SI,116.565,40.1076,421488,0,35,0,14-3-29 6:7:51,1
5L3GXUB7SI,116.565,40.1076,421488,0,35,0,14-3-29 6:9:52,1
5L3GXUB7SI,116.565,40.1076,421488,0,35,0,14-3-29 6:11:54,1
5L3GXUB7SI,116.565,40.1076,421488,0,35,0,14-3-29 6:13:55,1
5L3GXUB7SI,116.565,40.1076,421488,0,35,0,14-3-29 6:15:56,1
5L3GXUB7SI,116.565,40.1076,421488,0,35,0,14-3-29 6:17:58,1
5L3GXUB7SI,116.565,40.1076,421488,0,35,0,14-3-29 6:19:59,1
5L3GXUB7SI,116.565,40.1076,421488,0,35,0,14-3-29 6:22:1,1
5L3GXUB7SI,116.565,40.1076,421488,0,35,0,14-3-29 6:24:2,1
5L3GXUB7SI,116.565,40.1076,421488,0,35,0,14-3-29 6:26:3,1
5L3GXUB7SI,116.565,40.1076,421488,0,35,0,14-3-29 6:28:5,1
5L3GXUB7SI,116.565,40.1076,421488,0,35,0,14-3-29 6:30:6,1
5L3GXUB7SI,116.569,40.1096,421488,0,4,0,14-3-29 6:31:18,1
5L3GXUB7SI,116.569,40.1096,421488,0,0,0,14-3-29 6:31:29,1
5L3GXUB7SI,116.565,40.1076,421488,0,0,0,14-3-29 6:31:41,1
5L3GXUB7SI,116.565,40.1076,421488,0,0,0,14-3-29 6:33:42,1
5L3GXUB7SI,116.565,40.1076,421488,0,0,0,14-3-29 6:35:43,1
5L3GXUB7SI,116.565,40.1076,421488,0,0,0,14-3-29 6:37:44,1
5L3GXUB7SI,116.565,40.1076,421488,0,0,0,14-3-29 6:39:45,1
5L3GXUB7SI,116.565,40.1076,421488,0,0,0,14-3-29 6:41:46,1
5L3GXUB7SI,116.565,40.1076,421488,0,0,0,14-3-29 6:43:48,1
5L3GXUB7SI,116.569,40.1096,421488,0,4,0,14-3-29 6:44:59,1
5L3GXUB7SI,116.565,40.1076,421488,0,0,0,14-3-29 6:45:22,1
5L3GXUB7SI,116.565,40.1076,421488,0,0,0,14-3-29 6:47:23,1
5L3GXUB7SI,116.565,40.1076,421488,0,0,0,14-3-29 6:49:24,1
5L3GXUB7SI,116.565,40.1076,421488,0,0,0,14-3-29 6:51:25,1
5L3GXUB7SI,116.565,40.1076,421488,0,0,0,14-3-29 6:53:26,1
5L3GXUB7SI,116.565,40.1076,421488,0,0,0,14-3-29 6:55:28,1
5L3GXUB7SI,116.565,40.1076,421488,0,0,0,14-3-29 6:57:29,1
5L3GXUB7SI,116.565,40.1076,421488,0,0,0,14-3-29 6:59:30,1
5L3GXUB7SI,116.565,40.1076,421488,0,0,0,14-3-29 7:1:32,1
5L3GXUB7SI,116.565,40.1076,421488,0,0,0,14-3-29 7:3:33,1
5L3GXUB7SI,116.565,40.1076,421488,0,0,0,14-3-29 7:5:34,1
5L3GXUB7SI,116.565,40.1076,421488,0,0,0,14-3-29 7:7:36,1
5L3GXUB7SI,116.565,40.1076,421488,0,0,0,14-3-29 7:9:37,1
5L3GXUB7SI,116.565,40.1076,421488,0,0,0,14-3-29 7:11:38,1
5L3GXUB7SI,116.565,40.1076,421488,0,0,0,14-3-29 7:13:40,1
5L3GXUB7SI,116.565,40.1076,421488,0,0,0,14-3-29 7:15:41,1
5L3GXUB7SI,116.565,40.1076,421488,0,0,0,14-3-29 7:17:43,1
5L3GXUB7SI,116.565,40.1076,421488,0,0,0,14-3-29 7:19:44,1
5L3GXUB7SI,116.565,40.1076,421488,0,0,0,14-3-29 7:21:45,1
5L3GXUB7SI,116.565,40.1076,421488,0,0,0,14-3-29 7:23:47,1
5L3GXUB7SI,116.565,40.1076,421488,0,0,0,14-3-29 7:25:48,1
5L3GXUB7SI,116.565,40.1076,421488,0,0,0,14-3-29 7:27:49,1
5L3GXUB7SI,116.565,40.1076,421488,0,0,0,14-3-29 7:29:51,1
5L3GXUB7SI,116.565,40.1076,421488,0,0,0,14-3-29 7:31:52,1
5L3GXUB7SI,116.565,40.1076,421488,0,0,0,14-3-29 7:33:53,1
5L3GXUB7SI,116.565,40.1076,421488,0,0,0,14-3-29 7:35:55,1
5L3GXUB7SI,116.565,40.1076,421488,0,0,0,14-3-29 7:37:56,1
5L3GXUB7SI,116.565,40.1076,421488,0,0,0,14-3-29 7:39:57,1
5L3GXUB7SI,116.565,40.1076,421488,0,0,0,14-3-29 7:41:59,1
5L3GXUB7SI,116.565,40.1076,421488,0,0,0,14-3-29 7:44:0,1
5L3GXUB7SI,116.565,40.1076,421488,0,0,0,14-3-29 7:46:1,1
5L3GXUB7SI,116.565,40.1076,421488,0,0,0,14-3-29 7:48:3,1
5L3GXUB7SI,116.565,40.1076,421488,0,0,0,14-3-29 7:50:4,1
5L3GXUB7SI,116.565,40.1076,421488,0,0,0,14-3-29 7:52:5,1
5L3GXUB7SI,116.565,40.1076,421488,0,0,0,14-3-29 7:54:7,1
5L3GXUB7SI,116.565,40.1076,421488,0,0,0,14-3-29 7:56:8,1
5L3GXUB7SI,116.565,40.1076,421488,0,0,0,14-3-29 7:58:9,1
5L3GXUB7SI,116.565,40.1076,421488,0,0,0,14-3-29 8:0:11,1
5L3GXUB7SI,116.565,40.1076,421488,0,0,0,14-3-29 8:2:12,1
5L3GXUB7SI,116.565,40.1076,421488,0,0,0,14-3-29 8:4:13,1
5L3GXUB7SI,116.565,40.1076,421488,0,0,0,14-3-29 8:6:15,1
5L3GXUB7SI,116.565,40.1076,421488,0,0,0,14-3-29 8:8:16,1
5L3GXUB7SI,116.565,40.1076,421488,0,0,0,14-3-29 8:10:17,1
5L3GXUB7SI,116.565,40.1076,421488,0,0,0,14-3-29 8:12:19,1
5L3GXUB7SI,116.565,40.1076,421488,0,0,0,14-3-29 8:14:20,1
5L3GXUB7SI,116.565,40.1076,421488,0,0,0,14-3-29 8:16:21,1
5L3GXUB7SI,116.565,40.1076,421488,0,0,0,14-3-29 8:18:22,1
5L3GXUB7SI,116.565,40.1076,421488,0,0,0,14-3-29 8:20:24,1
5L3GXUB7SI,116.565,40.1076,421488,0,0,0,14-3-29 8:24:26,1
5L3GXUB7SI,116.565,40.1076,421488,0,0,0,14-3-29 8:26:28,1
5L3GXUB7SI,116.565,40.1076,421488,0,0,0,14-3-29 8:28:29,1
5L3GXUB7SI,116.565,40.1076,421488,0,0,0,14-3-29 8:30:30,1
5L3GXUB7SI,116.565,40.1076,421488,0,0,0,14-3-29 8:32:32,1
5L3GXUB7SI,116.565,40.1076,421488,0,0,0,14-3-29 8:34:33,1
5L3GXUB7SI,116.565,40.1076,421488,0,0,0,14-3-29 8:36:34,1
5L3GXUB7SI,116.565,40.1076,421488,0,0,0,14-3-29 8:38:35,1
5L3GXUB7SI,116.565,40.1076,421488,0,0,0,14-3-29 8:40:37,1
5L3GXUB7SI,116.565,40.1076,421488,0,0,0,14-3-29 8:42:38,1
5L3GXUB7SI,116.565,40.1076,421488,0,0,0,14-3-29 8:44:39,1
5L3GXUB7SI,116.565,40.1076,421488,0,0,0,14-3-29 8:46:41,1
5L3GXUB7SI,116.565,40.1076,421488,0,0,0,14-3-29 8:48:42,1
5L3GXUB7SI,116.565,40.1076,421488,0,0,0,14-3-29 8:50:43,1
5L3GXUB7SI,116.565,40.1076,421488,0,0,0,14-3-29 8:54:46,1
5L3GXUB7SI,116.565,40.1076,421488,0,0,0,14-3-29 8:56:47,1
5L3GXUB7SI,116.565,40.1076,421488,0,0,0,14-3-29 8:58:48,1
5L3GXUB7SI,116.565,40.1076,421488,0,0,0,14-3-29 9:0:50,1
5L3GXUB7SI,116.565,40.1076,421488,0,0,0,14-3-29 9:2:51,1
5L3GXUB7SI,116.565,40.1076,421488,0,0,0,14-3-29 9:4:52,1
5L3GXUB7SI,116.565,40.1076,421488,0,0,0,14-3-29 9:6:53,1
5L3GXUB7SI,116.565,40.1076,421488,0,0,0,14-3-29 9:8:55,1
5L3GXUB7SI,116.565,40.1076,421488,0,0,0,14-3-29 9:10:57,1
5L3GXUB7SI,116.565,40.1076,421488,0,0,0,14-3-29 9:12:57,1
5L3GXUB7SI,116.565,40.1076,421488,0,0,0,14-3-29 9:14:59,1
5L3GXUB7SI,116.565,40.1076,421488,0,0,0,14-3-29 9:17:0,1
5L3GXUB7SI,116.565,40.1076,421488,0,0,0,14-3-29 9:19:1,1
5L3GXUB7SI,116.565,40.1076,421488,0,0,0,14-3-29 9:21:2,1
5L3GXUB7SI,116.565,40.1076,421488,0,0,0,14-3-29 9:23:4,1
5L3GXUB7SI,116.565,40.1076,421488,0,0,0,14-3-29 9:25:5,1
5L3GXUB7SI,116.565,40.1076,421488,0,0,0,14-3-29 9:27:6,1
5L3GXUB7SI,116.565,40.1076,421488,0,0,0,14-3-29 9:29:7,1
5L3GXUB7SI,116.565,40.1076,421488,0,0,0,14-3-29 9:31:9,1
5L3GXUB7SI,116.565,40.1076,421488,0,0,0,14-3-29 9:33:10,1
5L3GXUB7SI,116.565,40.1076,421488,0,0,0,14-3-29 9:35:11,1
5L3GXUB7SI,116.565,40.1076,421488,0,0,0,14-3-29 9:37:12,1
5L3GXUB7SI,116.565,40.1076,421488,0,0,0,14-3-29 9:39:14,1
5L3GXUB7SI,116.565,40.1076,421488,0,0,0,14-3-29 9:41:15,1
5L3GXUB7SI,116.565,40.1076,421488,0,0,0,14-3-29 9:43:16,1
5L3GXUB7SI,116.565,40.1076,421488,0,0,0,14-3-29 9:45:17,1
5L3GXUB7SI,116.565,40.1076,421488,0,90,0,14-3-29 9:47:19,1
5L3GXUB7SI,116.565,40.1076,421488,0,90,0,14-3-29 9:49:20,1
5L3GXUB7SI,116.565,40.1076,421488,0,90,0,14-3-29 9:51:21,1
5L3GXUB7SI,116.565,40.1076,421488,0,90,0,14-3-29 9:53:22,1
5L3GXUB7SI,116.565,40.1076,421488,0,90,0,14-3-29 9:55:24,1
5L3GXUB7SI,116.565,40.1076,421488,0,90,0,14-3-29 9:57:26,1
5L3GXUB7SI,116.565,40.1076,421488,0,90,0,14-3-29 9:59:26,1
5L3GXUB7SI,116.565,40.1076,421488,0,90,0,14-3-29 10:1:27,1
5L3GXUB7SI,116.565,40.1076,421488,0,90,0,14-3-29 10:3:29,1
5L3GXUB7SI,116.565,40.1076,421488,0,90,0,14-3-29 10:5:30,1
5L3GXUB7SI,116.565,40.1076,421488,0,90,0,14-3-29 10:7:31,1
5L3GXUB7SI,116.565,40.1076,421488,0,90,0,14-3-29 10:9:33,1
5L3GXUB7SI,116.565,40.1076,421488,0,90,0,14-3-29 10:11:34,1
5L3GXUB7SI,116.565,40.1076,421488,0,90,0,14-3-29 10:13:35,1
5L3GXUB7SI,116.565,40.1076,421488,0,90,0,14-3-29 10:15:36,1
5L3GXUB7SI,116.565,40.1076,421488,0,90,0,14-3-29 10:17:37,1
5L3GXUB7SI,116.565,40.1076,421488,0,90,0,14-3-29 10:19:38,1
5L3GXUB7SI,116.565,40.1076,421488,0,90,0,14-3-29 10:21:40,1
5L3GXUB7SI,116.565,40.1076,421488,0,90,0,14-3-29 10:23:41,1
5L3GXUB7SI,116.565,40.1076,421488,0,90,0,14-3-29 10:25:42,1
5L3GXUB7SI,116.565,40.1076,421488,0,90,0,14-3-29 10:27:43,1
5L3GXUB7SI,116.565,40.1076,421488,0,90,0,14-3-29 10:29:45,1
5L3GXUB7SI,116.565,40.1076,421488,0,90,0,14-3-29 10:31:46,1
5L3GXUB7SI,116.565,40.1076,421488,0,90,0,14-3-29 10:33:47,1
5L3GXUB7SI,116.565,40.1076,421488,0,90,0,14-3-29 10:35:48,1
5L3GXUB7SI,116.565,40.1076,421488,0,90,0,14-3-29 10:37:50,1
5L3GXUB7SI,116.565,40.1076,421488,0,90,0,14-3-29 10:39:51,1
5L3GXUB7SI,116.565,40.1076,421488,0,90,0,14-3-29 10:41:52,1
5L3GXUB7SI,116.565,40.1076,421488,0,90,0,14-3-29 10:43:53,1
5L3GXUB7SI,116.565,40.1076,421488,0,90,0,14-3-29 10:45:55,1
5L3GXUB7SI,116.565,40.1076,421488,0,90,0,14-3-29 10:47:56,1
5L3GXUB7SI,116.565,40.1076,421488,0,90,0,14-3-29 10:49:57,1
5L3GXUB7SI,116.565,40.1076,421488,0,90,0,14-3-29 10:51:58,1
5L3GXUB7SI,116.565,40.1076,421488,0,90,0,14-3-29 10:54:0,1
5L3GXUB7SI,116.565,40.1076,421488,0,90,0,14-3-29 10:56:1,1
5L3GXUB7SI,116.565,40.1076,421488,0,90,0,14-3-29 10:58:2,1
5L3GXUB7SI,116.565,40.1076,421488,0,90,0,14-3-29 11:0:3,1
5L3GXUB7SI,116.565,40.1076,421488,0,90,0,14-3-29 11:2:5,1
5L3GXUB7SI,116.565,40.1076,421488,0,90,0,14-3-29 11:4:6,1
5L3GXUB7SI,116.565,40.1076,421488,0,90,0,14-3-29 11:6:7,1
5L3GXUB7SI,116.565,40.1076,421488,0,90,0,14-3-29 11:8:8,1
5L3GXUB7SI,116.565,40.1076,421488,0,90,0,14-3-29 11:10:10,1
5L3GXUB7SI,116.565,40.1076,421488,0,90,0,14-3-29 11:12:11,1
5L3GXUB7SI,116.565,40.1076,421488,0,90,0,14-3-29 11:14:12,1
5L3GXUB7SI,116.565,40.1076,421488,0,90,0,14-3-29 11:16:13,1
5L3GXUB7SI,116.565,40.1075,421488,0,90,0,14-3-29 11:18:15,1
5L3GXUB7SI,116.565,40.1075,421488,0,90,0,14-3-29 11:20:16,1
5L3GXUB7SI,116.565,40.1075,421488,0,90,0,14-3-29 11:22:17,1
5L3GXUB7SI,116.565,40.1075,421488,0,90,0,14-3-29 11:24:18,1
5L3GXUB7SI,116.565,40.1075,421488,0,90,0,14-3-29 11:26:20,1
5L3GXUB7SI,116.565,40.1075,421488,0,90,0,14-3-29 11:28:22,1
5L3GXUB7SI,116.565,40.1075,421488,0,90,0,14-3-29 11:30:22,1
5L3GXUB7SI,116.567,40.1054,421493,25,80,0,14-3-29 11:32:23,1
5L3GXUB7SI,116.563,40.0936,421511,40,85,0,14-3-29 11:36:27,1
5L3GXUB7SI,116.562,40.0855,421520,44,90,0,14-3-29 11:38:27,1
5L3GXUB7SI,116.562,40.0767,421531,53,90,0,14-3-29 11:40:28,1
5L3GXUB7SI,116.564,40.0643,421544,16,65,0,14-3-29 11:42:29,1
5L3GXUB7SI,116.575,40.0629,421554,16,45,0,14-3-29 11:44:30,1
5L3GXUB7SI,116.576,40.0629,421554,0,45,0,14-3-29 11:46:31,1
5L3GXUB7SI,116.576,40.0629,421554,0,45,0,14-3-29 11:48:32,1
5L3GXUB7SI,116.576,40.0629,421554,0,45,0,14-3-29 11:50:34,1
5L3GXUB7SI,116.576,40.0629,421554,0,45,0,14-3-29 11:52:35,1
5L3GXUB7SI,116.576,40.0629,421554,0,45,0,14-3-29 11:54:36,1
5L3GXUB7SI,116.576,40.0629,421554,0,45,0,14-3-29 11:56:37,1
5L3GXUB7SI,116.576,40.0629,421554,0,45,0,14-3-29 11:58:38,1
5L3GXUB7SI,116.576,40.0629,421554,0,45,0,14-3-29 12:0:39,1
5L3GXUB7SI,116.576,40.0629,421554,0,45,0,14-3-29 12:2:40,1
5L3GXUB7SI,116.576,40.0629,421554,0,45,0,14-3-29 12:4:41,1
5L3GXUB7SI,116.576,40.0629,421554,0,45,0,14-3-29 12:6:43,1
5L3GXUB7SI,116.576,40.0629,421554,0,45,0,14-3-29 12:8:44,1
5L3GXUB7SI,116.576,40.0629,421554,0,45,0,14-3-29 12:10:45,1
5L3GXUB7SI,116.576,40.0629,421554,0,45,0,14-3-29 12:12:46,1
5L3GXUB7SI,116.576,40.0629,421554,0,45,0,14-3-29 12:14:47,1
5L3GXUB7SI,116.576,40.0629,421554,0,45,0,14-3-29 12:16:48,1
5L3GXUB7SI,116.576,40.0629,421554,0,45,0,14-3-29 12:20:51,1
5L3GXUB7SI,116.576,40.0629,421554,0,45,0,14-3-29 12:22:51,1
5L3GXUB7SI,116.576,40.0629,421554,0,45,0,14-3-29 12:24:52,1
5L3GXUB7SI,116.576,40.0629,421554,0,45,0,14-3-29 12:26:54,1
5L3GXUB7SI,116.576,40.0629,421554,0,45,0,14-3-29 12:30:57,1
5L3GXUB7SI,116.578,40.0626,421556,36,45,0,14-3-29 12:32:57,1
5L3GXUB7SI,116.582,40.0643,421562,0,0,0,14-3-29 12:37:1,1
5L3GXUB7SI,116.582,40.0643,421562,0,0,0,14-3-29 12:39:0,1
5L3GXUB7SI,116.582,40.0643,421562,0,0,0,14-3-29 12:41:2,1
5L3GXUB7SI,116.582,40.0643,421562,0,0,0,14-3-29 12:43:3,1
5L3GXUB7SI,116.582,40.0643,421562,0,0,0,14-3-29 12:45:4,1
5L3GXUB7SI,116.582,40.0643,421562,0,0,0,14-3-29 12:47:5,1
5L3GXUB7SI,116.582,40.0643,421562,0,0,0,14-3-29 12:49:6,1
5L3GXUB7SI,116.582,40.0643,421562,0,0,0,14-3-29 12:51:7,1
5L3GXUB7SI,116.582,40.0643,421562,0,0,0,14-3-29 12:53:9,1
5L3GXUB7SI,116.582,40.0643,421562,0,0,0,14-3-29 12:55:10,1
5L3GXUB7SI,116.582,40.0643,421562,0,0,0,14-3-29 12:57:11,1
5L3GXUB7SI,116.582,40.0643,421562,0,0,0,14-3-29 12:59:12,1
5L3GXUB7SI,116.582,40.0643,421562,0,0,0,14-3-29 13:1:13,1
5L3GXUB7SI,116.582,40.0643,421562,0,0,0,14-3-29 13:3:14,1
5L3GXUB7SI,116.582,40.0643,421562,0,0,0,14-3-29 13:5:16,1
5L3GXUB7SI,116.582,40.0643,421562,0,0,0,14-3-29 13:7:17,1
5L3GXUB7SI,116.582,40.0643,421562,0,0,0,14-3-29 13:9:18,1
5L3GXUB7SI,116.582,40.0643,421562,0,0,0,14-3-29 13:11:19,1
5L3GXUB7SI,116.582,40.0643,421562,0,0,0,14-3-29 13:13:20,1
5L3GXUB7SI,116.582,40.0643,421562,0,0,0,14-3-29 13:15:21,1
5L3GXUB7SI,116.582,40.0643,421562,0,0,0,14-3-29 13:17:22,1
5L3GXUB7SI,116.582,40.0643,421562,0,0,0,14-3-29 13:19:24,1
5L3GXUB7SI,116.582,40.0643,421562,0,0,0,14-3-29 13:21:25,1
5L3GXUB7SI,116.582,40.0643,421562,0,0,0,14-3-29 13:23:26,1
5L3GXUB7SI,116.582,40.0643,421562,0,0,0,14-3-29 13:25:27,1
5L3GXUB7SI,116.582,40.0643,421562,0,0,0,14-3-29 13:27:28,1
5L3GXUB7SI,116.582,40.0643,421562,0,0,0,14-3-29 13:29:29,1
5L3GXUB7SI,116.582,40.0643,421562,0,0,0,14-3-29 13:31:31,1
5L3GXUB7SI,116.582,40.0643,421562,0,0,0,14-3-29 13:33:32,1
5L3GXUB7SI,116.582,40.0643,421562,0,0,0,14-3-29 13:35:33,1
5L3GXUB7SI,116.582,40.0643,421562,0,0,0,14-3-29 13:37:34,1
5L3GXUB7SI,116.582,40.0643,421562,0,0,0,14-3-29 13:39:35,1
5L3GXUB7SI,116.582,40.0643,421562,0,0,0,14-3-29 13:41:36,1
5L3GXUB7SI,116.582,40.0643,421562,0,0,0,14-3-29 13:43:38,1
5L3GXUB7SI,116.582,40.0643,421562,0,0,0,14-3-29 13:45:39,1
5L3GXUB7SI,116.582,40.0643,421562,0,0,0,14-3-29 13:47:40,1
5L3GXUB7SI,116.582,40.0643,421562,0,0,0,14-3-29 13:49:41,1
5L3GXUB7SI,116.582,40.0643,421562,0,0,0,14-3-29 13:51:42,1
5L3GXUB7SI,116.582,40.0643,421562,0,0,0,14-3-29 13:53:44,1
5L3GXUB7SI,116.582,40.0643,421562,0,0,0,14-3-29 13:55:45,1
5L3GXUB7SI,116.582,40.0643,421562,0,0,0,14-3-29 13:57:46,1
5L3GXUB7SI,116.582,40.0643,421562,0,0,0,14-3-29 13:59:47,1
5L3GXUB7SI,116.582,40.0643,421562,0,0,0,14-3-29 14:1:48,1
5L3GXUB7SI,116.582,40.0643,421562,0,0,0,14-3-29 14:3:49,1
5L3GXUB7SI,116.582,40.0643,421562,0,0,0,14-3-29 14:5:51,1
5L3GXUB7SI,116.582,40.0643,421562,0,0,0,14-3-29 14:7:52,1
5L3GXUB7SI,116.582,40.0643,421562,0,0,0,14-3-29 14:9:53,1
5L3GXUB7SI,116.582,40.0643,421562,0,0,0,14-3-29 14:11:54,1
5L3GXUB7SI,116.582,40.0643,421562,0,0,0,14-3-29 14:13:55,1
5L3GXUB7SI,116.582,40.0643,421562,0,0,0,14-3-29 14:15:57,1
5L3GXUB7SI,116.582,40.0643,421562,0,0,0,14-3-29 14:17:58,1
5L3GXUB7SI,116.582,40.0643,421562,0,0,0,14-3-29 14:19:59,1
5L3GXUB7SI,116.582,40.0643,421562,0,0,0,14-3-29 14:22:0,1
5L3GXUB7SI,116.582,40.0643,421562,0,0,0,14-3-29 14:24:1,1
5L3GXUB7SI,116.582,40.0643,421562,0,0,0,14-3-29 14:26:3,1
5L3GXUB7SI,116.582,40.0643,421562,0,0,0,14-3-29 14:28:4,1
5L3GXUB7SI,116.582,40.0643,421562,0,0,0,14-3-29 14:30:5,1
5L3GXUB7SI,116.582,40.0643,421562,0,0,0,14-3-29 14:32:6,1
5L3GXUB7SI,116.582,40.0643,421562,0,0,0,14-3-29 14:34:9,1
5L3GXUB7SI,116.582,40.0643,421562,0,0,0,14-3-29 14:36:9,1
5L3GXUB7SI,116.582,40.0643,421562,0,0,0,14-3-29 14:38:10,1
5L3GXUB7SI,116.582,40.0643,421562,0,0,0,14-3-29 14:40:11,1
5L3GXUB7SI,116.582,40.0643,421562,0,0,0,14-3-29 14:42:12,1
5L3GXUB7SI,116.582,40.0643,421562,0,0,0,14-3-29 14:44:13,1
5L3GXUB7SI,116.582,40.0643,421562,0,0,0,14-3-29 14:46:15,1
5L3GXUB7SI,116.582,40.0643,421562,0,0,0,14-3-29 14:48:16,1
5L3GXUB7SI,116.582,40.0643,421562,0,0,0,14-3-29 14:50:17,1
5L3GXUB7SI,116.582,40.0643,421562,0,0,0,14-3-29 14:52:18,1
5L3GXUB7SI,116.582,40.0643,421562,0,0,0,14-3-29 14:54:19,1
5L3GXUB7SI,116.582,40.0643,421562,0,0,0,14-3-29 14:56:20,1
5L3GXUB7SI,116.582,40.0643,421562,0,0,0,14-3-29 14:58:22,1
5L3GXUB7SI,116.582,40.0643,421562,0,0,0,14-3-29 15:0:23,1
5L3GXUB7SI,116.582,40.0643,421562,0,0,0,14-3-29 15:2:24,1
5L3GXUB7SI,116.582,40.0643,421562,0,0,0,14-3-29 15:4:25,1
5L3GXUB7SI,116.582,40.0643,421562,0,0,0,14-3-29 15:6:26,1
5L3GXUB7SI,116.582,40.0643,421562,0,0,0,14-3-29 15:8:28,1
5L3GXUB7SI,116.582,40.0637,421562,0,70,0,14-3-29 15:10:29,1
5L3GXUB7SI,116.582,40.0636,421562,0,40,0,14-3-29 15:12:30,1
5L3GXUB7SI,116.582,40.0636,421562,0,40,0,14-3-29 15:14:31,1
5L3GXUB7SI,116.582,40.0631,421563,18,80,0,14-3-29 15:16:32,1
5L3GXUB7SI,116.571,40.0633,421573,22,135,0,14-3-29 15:18:33,1
5L3GXUB7SI,116.57,40.0635,421573,14,135,0,14-3-29 15:20:35,1
5L3GXUB7SI,116.562,40.0707,421586,38,170,0,14-3-29 15:22:36,1
5L3GXUB7SI,116.559,40.0795,421597,33,135,0,14-3-29 15:24:37,1
5L3GXUB7SI,116.555,40.0983,421622,36,0,0,14-3-29 15:28:41,1
5L3GXUB7SI,116.556,40.1065,421631,0,0,0,14-3-29 15:30:40,1
5L3GXUB7SI,116.563,40.1161,421643,33,20,0,14-3-29 15:32:42,1
5L3GXUB7SI,116.565,40.1181,421646,0,95,0,14-3-29 15:34:43,1
5L3GXUB7SI,116.564,40.1168,421648,22,90,0,14-3-29 15:36:44,1
5L3GXUB7SI,116.561,40.1178,421651,0,110,0,14-3-29 15:40:48,1
5L3GXUB7SI,116.561,40.1178,421651,0,110,0,14-3-29 15:42:48,1
5L3GXUB7SI,116.561,40.1178,421651,0,110,0,14-3-29 15:44:49,1
5L3GXUB7SI,116.564,40.1163,421656,42,40,0,14-3-29 15:46:50,1
5L3GXUB7SI,116.571,40.1164,421661,0,40,0,14-3-29 15:48:51,1
5L3GXUB7SI,116.571,40.1164,421661,0,40,0,14-3-29 15:50:52,1
5L3GXUB7SI,116.571,40.1164,421661,0,40,0,14-3-29 15:52:53,1
5L3GXUB7SI,116.572,40.1165,421662,23,40,0,14-3-29 15:54:54,1
5L3GXUB7SI,116.582,40.1168,421669,0,45,0,14-3-29 15:56:56,1
5L3GXUB7SI,116.586,40.1198,421677,25,175,0,14-3-29 15:58:57,1
5L3GXUB7SI,116.586,40.1219,421679,0,0,0,14-3-29 16:0:58,1
5L3GXUB7SI,116.586,40.1219,421679,0,90,0,14-3-29 16:2:59,1
5L3GXUB7SI,116.586,40.1219,421679,0,90,0,14-3-29 16:5:0,1
5L3GXUB7SI,116.586,40.1219,421679,0,90,0,14-3-29 16:7:1,1
5L3GXUB7SI,116.586,40.1219,421679,0,90,0,14-3-29 16:9:3,1
5L3GXUB7SI,116.586,40.1219,421679,0,90,0,14-3-29 16:11:4,1
5L3GXUB7SI,116.586,40.1219,421679,0,90,0,14-3-29 16:13:5,1
5L3GXUB7SI,116.586,40.1219,421679,0,90,0,14-3-29 16:15:6,1
5L3GXUB7SI,116.586,40.1219,421679,0,90,0,14-3-29 16:17:7,1
5L3GXUB7SI,116.586,40.1219,421679,0,90,0,14-3-29 16:19:8,1
5L3GXUB7SI,116.586,40.1219,421679,0,90,0,14-3-29 16:21:10,1
5L3GXUB7SI,116.586,40.1219,421679,0,90,0,14-3-29 16:23:11,1
5L3GXUB7SI,116.586,40.1219,421679,0,90,0,14-3-29 16:25:12,1
5L3GXUB7SI,116.586,40.1219,421679,0,90,0,14-3-29 16:27:13,1
5L3GXUB7SI,116.586,40.1219,421679,0,90,0,14-3-29 16:29:14,1
5L3GXUB7SI,116.586,40.1219,421679,0,90,0,14-3-29 16:31:15,1
5L3GXUB7SI,116.586,40.1219,421679,0,90,0,14-3-29 16:33:17,1
5L3GXUB7SI,116.586,40.1219,421679,0,90,0,14-3-29 16:35:18,1
5L3GXUB7SI,116.586,40.1219,421679,0,90,0,14-3-29 16:37:19,1
5L3GXUB7SI,116.586,40.1219,421679,0,90,0,14-3-29 16:39:20,1
5L3GXUB7SI,116.586,40.1219,421679,0,90,0,14-3-29 16:41:21,1
5L3GXUB7SI,116.586,40.1219,421679,0,90,0,14-3-29 16:43:23,1
5L3GXUB7SI,116.586,40.1219,421679,0,90,0,14-3-29 16:45:24,1
5L3GXUB7SI,116.586,40.1219,421679,0,90,0,14-3-29 16:47:25,1
5L3GXUB7SI,116.586,40.1219,421679,0,90,0,14-3-29 16:49:26,1
5L3GXUB7SI,116.586,40.1219,421679,0,90,0,14-3-29 16:51:27,1
5L3GXUB7SI,116.587,40.1222,421679,0,175,0,14-3-29 16:53:28,1
5L3GXUB7SI,116.587,40.1222,421679,0,175,0,14-3-29 16:55:29,1
5L3GXUB7SI,116.587,40.1222,421679,0,175,0,14-3-29 16:57:31,1
5L3GXUB7SI,116.587,40.1222,421679,0,175,0,14-3-29 16:59:32,1
5L3GXUB7SI,116.587,40.1222,421679,0,175,0,14-3-29 17:1:33,1
5L3GXUB7SI,116.587,40.1222,421679,0,175,0,14-3-29 17:3:34,1
5L3GXUB7SI,116.587,40.1222,421679,0,175,0,14-3-29 17:5:35,1
5L3GXUB7SI,116.587,40.1222,421679,0,175,0,14-3-29 17:7:37,1
5L3GXUB7SI,116.587,40.1222,421679,0,175,0,14-3-29 17:9:38,1
5L3GXUB7SI,116.587,40.1222,421679,0,175,0,14-3-29 17:11:39,1
5L3GXUB7SI,116.587,40.1222,421679,0,175,0,14-3-29 17:13:40,1
5L3GXUB7SI,116.587,40.1225,421679,0,40,0,14-3-29 17:15:41,1
5L3GXUB7SI,116.587,40.1225,421679,0,40,0,14-3-29 17:17:42,1
5L3GXUB7SI,116.587,40.1225,421679,0,40,0,14-3-29 17:19:44,1
5L3GXUB7SI,116.587,40.1225,421679,0,40,0,14-3-29 17:21:45,1
5L3GXUB7SI,116.587,40.1225,421679,0,40,0,14-3-29 17:23:46,1
5L3GXUB7SI,116.587,40.1225,421679,0,40,0,14-3-29 17:25:47,1
5L3GXUB7SI,116.587,40.1225,421679,0,40,0,14-3-29 17:27:48,1
5L3GXUB7SI,116.587,40.1225,421679,0,40,0,14-3-29 17:29:50,1
5L3GXUB7SI,116.587,40.1225,421679,0,40,0,14-3-29 17:31:51,1
5L3GXUB7SI,116.587,40.1225,421679,0,40,0,14-3-29 17:33:52,1
5L3GXUB7SI,116.587,40.1225,421679,0,40,0,14-3-29 17:35:53,1
5L3GXUB7SI,116.587,40.1225,421679,0,40,0,14-3-29 17:37:54,1
5L3GXUB7SI,116.587,40.1225,421679,0,40,0,14-3-29 17:39:55,1
5L3GXUB7SI,116.587,40.1225,421679,0,40,0,14-3-29 17:41:56,1
5L3GXUB7SI,116.587,40.1225,421679,0,40,0,14-3-29 17:43:58,1
5L3GXUB7SI,116.587,40.1225,421679,0,40,0,14-3-29 17:45:59,1
5L3GXUB7SI,116.587,40.1225,421679,0,40,0,14-3-29 17:48:0,1
5L3GXUB7SI,116.587,40.1225,421679,0,40,0,14-3-29 17:50:1,1
5L3GXUB7SI,116.587,40.1225,421679,0,40,0,14-3-29 17:52:2,1
5L3GXUB7SI,116.587,40.1225,421679,0,40,0,14-3-29 17:54:3,1
5L3GXUB7SI,116.587,40.1225,421679,0,40,0,14-3-29 17:56:5,1
5L3GXUB7SI,116.587,40.1225,421679,0,40,0,14-3-29 17:58:6,1
5L3GXUB7SI,116.587,40.1225,421679,0,40,0,14-3-29 18:0:7,1
5L3GXUB7SI,116.587,40.1225,421679,0,40,0,14-3-29 18:2:8,1
5L3GXUB7SI,116.587,40.1225,421679,0,40,0,14-3-29 18:4:9,1
5L3GXUB7SI,116.587,40.1225,421679,0,40,0,14-3-29 18:6:10,1
5L3GXUB7SI,116.587,40.1225,421679,0,40,0,14-3-29 18:8:12,1
5L3GXUB7SI,116.587,40.1225,421679,0,40,0,14-3-29 18:10:13,1
5L3GXUB7SI,116.587,40.1225,421679,0,40,0,14-3-29 18:12:14,1
5L3GXUB7SI,116.587,40.1225,421679,0,40,0,14-3-29 18:14:15,1
5L3GXUB7SI,116.587,40.1225,421679,0,40,0,14-3-29 18:16:16,1
5L3GXUB7SI,116.587,40.1225,421679,0,40,0,14-3-29 18:18:17,1
5L3GXUB7SI,116.587,40.1225,421679,0,40,0,14-3-29 18:20:18,1
5L3GXUB7SI,116.587,40.1225,421679,0,40,0,14-3-29 18:22:20,1
5L3GXUB7SI,116.587,40.1225,421679,0,40,0,14-3-29 18:24:21,1
5L3GXUB7SI,116.587,40.1225,421679,0,40,0,14-3-29 18:26:22,1
5L3GXUB7SI,116.587,40.1225,421679,0,40,0,14-3-29 18:28:23,1
5L3GXUB7SI,116.587,40.1225,421679,0,40,0,14-3-29 18:30:24,1
5L3GXUB7SI,116.587,40.1225,421679,0,40,0,14-3-29 18:32:26,1
5L3GXUB7SI,116.587,40.1225,421679,0,40,0,14-3-29 18:34:27,1
5L3GXUB7SI,116.587,40.1225,421679,0,40,0,14-3-29 18:36:28,1
5L3GXUB7SI,116.587,40.1225,421679,0,40,0,14-3-29 18:38:30,1
5L3GXUB7SI,116.587,40.1225,421679,0,40,0,14-3-29 18:40:30,1
5L3GXUB7SI,116.587,40.1225,421679,0,40,0,14-3-29 18:42:32,1
5L3GXUB7SI,116.587,40.1225,421679,0,40,0,14-3-29 18:44:33,1
5L3GXUB7SI,116.587,40.1225,421679,0,40,0,14-3-29 18:46:37,1
5L3GXUB7SI,116.587,40.1225,421679,0,40,0,14-3-29 18:48:38,1
5L3GXUB7SI,116.587,40.1225,421679,0,40,0,14-3-29 18:50:39,1
5L3GXUB7SI,116.587,40.1225,421679,0,40,0,14-3-29 18:52:40,1
5L3GXUB7SI,116.587,40.1225,421679,0,40,0,14-3-29 18:54:42,1
5L3GXUB7SI,116.587,40.1225,421679,0,40,0,14-3-29 18:56:43,1
5L3GXUB7SI,116.587,40.1225,421679,0,40,0,14-3-29 18:58:44,1
5L3GXUB7SI,116.587,40.1225,421679,0,40,0,14-3-29 19:0:45,1
5L3GXUB7SI,116.587,40.1225,421679,0,40,0,14-3-29 19:2:46,1
5L3GXUB7SI,116.587,40.1225,421679,0,40,0,14-3-29 19:4:48,1
5L3GXUB7SI,116.587,40.1225,421679,0,40,0,14-3-29 19:6:49,1
5L3GXUB7SI,116.587,40.1225,421679,0,40,0,14-3-29 19:8:50,1
5L3GXUB7SI,116.587,40.1225,421679,0,40,0,14-3-29 19:10:51,1
5L3GXUB7SI,116.587,40.1225,421679,0,40,0,14-3-29 19:12:52,1
5L3GXUB7SI,116.587,40.1225,421679,0,40,0,14-3-29 19:14:54,1
5L3GXUB7SI,116.587,40.1225,421679,0,40,0,14-3-29 19:16:55,1
5L3GXUB7SI,116.587,40.1225,421679,0,40,0,14-3-29 19:18:56,1
5L3GXUB7SI,116.587,40.1225,421679,0,40,0,14-3-29 19:20:57,1
5L3GXUB7SI,116.587,40.1225,421679,0,40,0,14-3-29 19:22:58,1
5L3GXUB7SI,116.587,40.1225,421679,0,40,0,14-3-29 19:24:59,1
5L3GXUB7SI,116.587,40.1225,421679,0,40,0,14-3-29 19:27:1,1
5L3GXUB7SI,116.587,40.1225,421679,0,40,0,14-3-29 19:29:2,1
5L3GXUB7SI,116.587,40.1225,421679,0,40,0,14-3-29 19:31:3,1
5L3GXUB7SI,116.587,40.1225,421679,0,40,0,14-3-29 19:33:5,1
5L3GXUB7SI,116.587,40.1225,421679,0,40,0,14-3-29 19:35:6,1
5L3GXUB7SI,116.587,40.1225,421679,0,40,0,14-3-29 19:37:7,1
5L3GXUB7SI,116.587,40.1225,421679,0,40,0,14-3-29 19:39:8,1
5L3GXUB7SI,116.587,40.1225,421679,0,40,0,14-3-29 19:41:9,1
5L3GXUB7SI,116.587,40.1225,421679,0,40,0,14-3-29 19:43:10,1
5L3GXUB7SI,116.587,40.1225,421679,0,40,0,14-3-29 19:45:11,1
5L3GXUB7SI,116.587,40.1225,421679,0,40,0,14-3-29 19:47:13,1
5L3GXUB7SI,116.587,40.1225,421679,0,40,0,14-3-29 19:49:14,1
5L3GXUB7SI,116.587,40.1225,421679,0,40,0,14-3-29 19:51:15,1
5L3GXUB7SI,116.587,40.1225,421679,0,40,0,14-3-29 19:53:16,1
5L3GXUB7SI,116.587,40.1225,421679,0,40,0,14-3-29 19:55:17,1
5L3GXUB7SI,116.587,40.1225,421679,0,40,0,14-3-29 19:57:19,1
5L3GXUB7SI,116.587,40.1225,421679,0,40,0,14-3-29 19:59:20,1
5L3GXUB7SI,116.587,40.1225,421679,0,40,0,14-3-29 20:1:21,1
5L3GXUB7SI,116.587,40.1225,421679,0,40,0,14-3-29 20:3:22,1
5L3GXUB7SI,116.587,40.1225,421679,0,40,0,14-3-29 20:5:23,1
5L3GXUB7SI,116.587,40.1225,421679,0,40,0,14-3-29 20:7:25,1
5L3GXUB7SI,116.587,40.1225,421679,0,40,0,14-3-29 20:9:26,1
5L3GXUB7SI,116.587,40.1225,421679,0,40,0,14-3-29 20:11:27,1
5L3GXUB7SI,116.587,40.1225,421679,0,40,0,14-3-29 20:13:28,1
5L3GXUB7SI,116.587,40.1225,421679,0,40,0,14-3-29 20:15:30,1
5L3GXUB7SI,116.587,40.1225,421679,0,40,0,14-3-29 20:17:31,1
5L3GXUB7SI,116.587,40.1225,421679,0,40,0,14-3-29 20:19:32,1
5L3GXUB7SI,116.587,40.1225,421679,0,40,0,14-3-29 20:21:33,1
5L3GXUB7SI,116.587,40.1225,421679,0,40,0,14-3-29 20:23:34,1
5L3GXUB7SI,116.587,40.1225,421679,0,40,0,14-3-29 20:25:36,1
5L3GXUB7SI,116.587,40.1225,421679,0,40,0,14-3-29 20:27:37,1
5L3GXUB7SI,116.587,40.1225,421679,0,40,0,14-3-29 20:29:38,1
5L3GXUB7SI,116.587,40.1225,421679,0,40,0,14-3-29 20:31:39,1
5L3GXUB7SI,116.587,40.1225,421679,0,40,0,14-3-29 20:33:40,1
5L3GXUB7SI,116.587,40.1225,421679,0,40,0,14-3-29 20:35:42,1
5L3GXUB7SI,116.587,40.1225,421679,0,40,0,14-3-29 20:37:43,1
5L3GXUB7SI,116.587,40.1225,421679,0,40,0,14-3-29 20:39:44,1
5L3GXUB7SI,116.587,40.1225,421679,0,40,0,14-3-29 20:41:45,1
5L3GXUB7SI,116.587,40.1225,421679,0,40,0,14-3-29 20:43:47,1
5L3GXUB7SI,116.587,40.1225,421679,0,40,0,14-3-29 20:45:48,1
5L3GXUB7SI,116.587,40.1225,421679,0,40,0,14-3-29 20:47:49,1
5L3GXUB7SI,116.587,40.1225,421679,0,40,0,14-3-29 20:49:50,1
5L3GXUB7SI,116.587,40.1225,421679,0,40,0,14-3-29 20:51:51,1
5L3GXUB7SI,116.587,40.1225,421679,0,40,0,14-3-29 20:53:53,1
5L3GXUB7SI,116.587,40.1225,421679,0,40,0,14-3-29 20:55:54,1
5L3GXUB7SI,116.587,40.1225,421679,0,40,0,14-3-29 20:57:55,1
5L3GXUB7SI,116.587,40.1225,421679,0,40,0,14-3-29 20:59:56,1
5L3GXUB7SI,116.587,40.1225,421679,0,40,0,14-3-29 21:1:57,1
5L3GXUB7SI,116.587,40.1225,421679,0,40,0,14-3-29 21:3:59,1
5L3GXUB7SI,116.587,40.1225,421679,0,40,0,14-3-29 21:6:0,1
5L3GXUB7SI,116.587,40.1225,421679,0,40,0,14-3-29 21:8:1,1
5L3GXUB7SI,116.587,40.1225,421679,0,40,0,14-3-29 21:10:3,1
5L3GXUB7SI,116.587,40.1225,421679,0,40,0,14-3-29 21:12:4,1
5L3GXUB7SI,116.587,40.1225,421679,0,40,0,14-3-29 21:14:5,1
5L3GXUB7SI,116.587,40.1225,421679,0,40,0,14-3-29 21:16:6,1
5L3GXUB7SI,116.587,40.1225,421679,0,40,0,14-3-29 21:18:8,1
5L3GXUB7SI,116.587,40.1225,421679,0,40,0,14-3-29 21:20:8,1
5L3GXUB7SI,116.587,40.1225,421679,0,40,0,14-3-29 21:22:10,1
5L3GXUB7SI,116.587,40.1225,421679,0,40,0,14-3-29 21:24:11,1
5L3GXUB7SI,116.587,40.1225,421679,0,40,0,14-3-29 21:26:12,1
5L3GXUB7SI,116.587,40.1225,421679,0,40,0,14-3-29 21:28:13,1
5L3GXUB7SI,116.587,40.1225,421679,0,40,0,14-3-29 21:30:14,1
5L3GXUB7SI,116.587,40.1225,421679,0,40,0,14-3-29 21:32:16,1
5L3GXUB7SI,116.587,40.1225,421679,0,40,0,14-3-29 21:34:17,1
5L3GXUB7SI,116.587,40.1225,421679,0,40,0,14-3-29 21:36:18,1
5L3GXUB7SI,116.587,40.1225,421679,0,40,0,14-3-29 21:38:19,1
5L3GXUB7SI,116.587,40.1225,421679,0,40,0,14-3-29 21:40:21,1
5L3GXUB7SI,116.587,40.1224,421679,0,175,0,14-3-29 21:42:22,1
5L3GXUB7SI,116.587,40.1224,421679,0,175,0,14-3-29 21:44:23,1
5L3GXUB7SI,116.587,40.1224,421679,0,175,0,14-3-29 21:46:30,1
5L3GXUB7SI,116.587,40.1224,421679,0,175,0,14-3-29 21:48:31,1
5L3GXUB7SI,116.587,40.1224,421679,0,175,0,14-3-29 21:50:33,1
5L3GXUB7SI,116.587,40.1224,421679,0,175,0,14-3-29 21:52:34,1
5L3GXUB7SI,116.587,40.1224,421679,0,175,0,14-3-29 21:54:35,1
5L3GXUB7SI,116.587,40.1224,421679,0,175,0,14-3-29 21:56:37,1
5L3GXUB7SI,116.587,40.1224,421679,0,50,0,14-3-29 21:58:38,1
5L3GXUB7SI,116.587,40.1224,421679,0,50,0,14-3-29 22:0:39,1
5L3GXUB7SI,116.587,40.1224,421679,0,50,0,14-3-29 22:2:41,1
5L3GXUB7SI,116.587,40.1224,421679,0,50,0,14-3-29 22:4:41,1
5L3GXUB7SI,116.587,40.1224,421679,0,50,0,14-3-29 22:6:42,1
5L3GXUB7SI,116.587,40.1224,421679,0,50,0,14-3-29 22:8:44,1
5L3GXUB7SI,116.587,40.1224,421679,0,50,0,14-3-29 22:10:45,1
5L3GXUB7SI,116.587,40.1224,421679,0,50,0,14-3-29 22:12:46,1
5L3GXUB7SI,116.587,40.1224,421679,0,50,0,14-3-29 22:14:47,1
5L3GXUB7SI,116.587,40.1224,421679,0,50,0,14-3-29 22:16:49,1
5L3GXUB7SI,116.587,40.1224,421679,0,50,0,14-3-29 22:18:50,1
5L3GXUB7SI,116.587,40.1224,421679,0,50,0,14-3-29 22:20:51,1
5L3GXUB7SI,116.587,40.1224,421679,0,50,0,14-3-29 22:22:52,1
5L3GXUB7SI,116.587,40.1224,421679,0,50,0,14-3-29 22:24:53,1
5L3GXUB7SI,116.587,40.1224,421679,0,50,0,14-3-29 22:26:55,1
5L3GXUB7SI,116.587,40.1224,421679,0,50,0,14-3-29 22:28:56,1
5L3GXUB7SI,116.587,40.1224,421679,0,50,0,14-3-29 22:30:57,1
5L3GXUB7SI,116.587,40.1224,421679,0,50,0,14-3-29 22:32:58,1
5L3GXUB7SI,116.587,40.1224,421679,0,50,0,14-3-29 22:35:0,1
5L3GXUB7SI,116.587,40.1224,421679,0,50,0,14-3-29 22:37:1,1
5L3GXUB7SI,116.587,40.1224,421679,0,50,0,14-3-29 22:39:2,1
5L3GXUB7SI,116.587,40.1224,421679,0,50,0,14-3-29 22:41:3,1
5L3GXUB7SI,116.587,40.1224,421679,0,50,0,14-3-29 22:43:5,1
5L3GXUB7SI,116.587,40.1224,421679,0,50,0,14-3-29 22:45:6,1
5L3GXUB7SI,116.587,40.1224,421679,0,50,0,14-3-29 22:47:7,1
5L3GXUB7SI,116.587,40.1224,421679,0,50,0,14-3-29 22:49:8,1
5L3GXUB7SI,116.587,40.1224,421679,0,50,0,14-3-29 22:51:9,1
5L3GXUB7SI,116.587,40.1224,421679,0,50,0,14-3-29 22:53:11,1
5L3GXUB7SI,116.587,40.1224,421679,0,50,0,14-3-29 22:55:12,1
5L3GXUB7SI,116.587,40.1224,421679,0,50,0,14-3-29 22:57:13,1
5L3GXUB7SI,116.587,40.1224,421679,0,50,0,14-3-29 22:59:15,1
5L3GXUB7SI,116.587,40.1224,421679,0,50,0,14-3-29 23:1:16,1
5L3GXUB7SI,116.587,40.1224,421679,0,50,0,14-3-29 23:3:17,1
5L3GXUB7SI,116.587,40.1224,421679,0,50,0,14-3-29 23:5:18,1
5L3GXUB7SI,116.587,40.1224,421679,0,50,0,14-3-29 23:7:19,1
5L3GXUB7SI,116.587,40.1224,421679,0,50,0,14-3-29 23:9:21,1
5L3GXUB7SI,116.587,40.1224,421679,0,50,0,14-3-29 23:11:22,1
5L3GXUB7SI,116.587,40.1224,421679,0,50,0,14-3-29 23:13:23,1
5L3GXUB7SI,116.587,40.1224,421679,0,50,0,14-3-29 23:15:24,1
5L3GXUB7SI,116.587,40.1224,421679,0,50,0,14-3-29 23:17:25,1
5L3GXUB7SI,116.587,40.1224,421679,0,50,0,14-3-29 23:19:27,1
5L3GXUB7SI,116.587,40.1224,421679,0,50,0,14-3-29 23:21:28,1
5L3GXUB7SI,116.587,40.1224,421679,0,50,0,14-3-29 23:23:29,1
5L3GXUB7SI,116.587,40.1224,421679,0,50,0,14-3-29 23:25:30,1
5L3GXUB7SI,116.587,40.1224,421679,0,50,0,14-3-29 23:27:32,1
5L3GXUB7SI,116.587,40.1224,421679,0,50,0,14-3-29 23:29:33,1
5L3GXUB7SI,116.587,40.1224,421679,0,50,0,14-3-29 23:31:34,1
5L3GXUB7SI,116.587,40.1224,421679,0,50,0,14-3-29 23:33:35,1
5L3GXUB7SI,116.587,40.1224,421679,0,50,0,14-3-29 23:35:36,1
5L3GXUB7SI,116.587,40.1224,421679,0,50,0,14-3-29 23:37:38,1
5L3GXUB7SI,116.587,40.1224,421679,0,50,0,14-3-29 23:39:39,1
5L3GXUB7SI,116.587,40.1224,421679,0,50,0,14-3-29 23:41:40,1
5L3GXUB7SI,116.587,40.1224,421679,0,50,0,14-3-29 23:43:42,1
5L3GXUB7SI,116.587,40.1224,421679,0,50,0,14-3-29 23:45:43,1
5L3GXUB7SI,116.587,40.1224,421679,0,50,0,14-3-29 23:47:44,1
5L3GXUB7SI,116.587,40.1224,421679,0,50,0,14-3-29 23:49:45,1
5L3GXUB7SI,116.587,40.1224,421679,0,50,0,14-3-29 23:51:47,1
5L3GXUB7SI,116.587,40.1224,421679,0,50,0,14-3-29 23:53:48,1
5L3GXUB7SI,116.587,40.1224,421679,0,50,0,14-3-29 23:55:49,1
5L3GXUB7SI,116.587,40.1224,421679,0,50,0,14-3-29 23:57:50,1
5L3GXUB7SI,116.587,40.1224,421679,0,50,0,14-3-29 23:59:52,1
