6GFX4U6PSI,116.593,39.8257,5315835,0,0,0,14-3-28 0:0:38,1
6GFX4U6PSI,116.593,39.8257,5315835,0,0,0,14-3-28 0:3:57,1
6GFX4U6PSI,116.593,39.8257,5315835,0,0,0,14-3-28 0:4:4,1
6GFX4U6PSI,116.593,39.8257,5315835,0,0,0,14-3-28 0:7:30,1
6GFX4U6PSI,116.593,39.8257,5315835,0,0,0,14-3-28 0:9:3,1
6GFX4U6PSI,116.593,39.8257,5315835,0,0,0,14-3-28 0:10:56,1
6GFX4U6PSI,116.593,39.8257,5315835,0,0,0,14-3-28 0:14:9,1
6GFX4U6PSI,116.593,39.8257,5315835,0,0,0,14-3-28 0:14:22,1
6GFX4U6PSI,116.593,39.8257,5315835,0,0,0,14-3-28 0:17:48,1
6GFX4U6PSI,116.593,39.8257,5315835,0,0,0,14-3-28 0:19:15,1
6GFX4U6PSI,116.593,39.8257,5315835,0,0,0,14-3-28 0:21:14,1
6GFX4U6PSI,116.593,39.8257,5315835,0,0,0,14-3-28 0:24:20,1
6GFX4U6PSI,116.593,39.8257,5315835,0,0,0,14-3-28 1:45:21,1
6GFX4U6PSI,116.593,39.8257,5315835,0,0,0,14-3-28 1:48:14,1
6GFX4U6PSI,116.593,39.8257,5315835,0,0,0,14-3-28 1:50:36,1
6GFX4U6PSI,116.593,39.8257,5315835,0,0,0,14-3-28 1:51:40,1
6GFX4U6PSI,116.593,39.8257,5315835,0,0,0,14-3-28 1:55:6,1
6GFX4U6PSI,116.593,39.8257,5315835,0,0,0,14-3-28 1:55:42,1
6GFX4U6PSI,116.593,39.8257,5315835,0,0,0,14-3-28 1:58:32,1
6GFX4U6PSI,116.593,39.8257,5315835,0,0,0,14-3-28 2:0:48,1
6GFX4U6PSI,116.593,39.8257,5315835,0,0,0,14-3-28 2:1:58,1
6GFX4U6PSI,116.593,39.8257,5315835,0,0,0,14-3-28 2:5:24,1
6GFX4U6PSI,116.593,39.8257,5315835,0,0,0,14-3-28 2:5:54,1
6GFX4U6PSI,116.593,39.8257,5315835,0,0,0,14-3-28 2:8:50,1
6GFX4U6PSI,116.593,39.8257,5315835,0,0,0,14-3-28 2:11:1,1
6GFX4U6PSI,116.593,39.8257,5315835,0,0,0,14-3-28 2:12:16,1
6GFX4U6PSI,116.593,39.8257,5315835,0,0,0,14-3-28 2:15:42,1
6GFX4U6PSI,116.593,39.8257,5315835,0,0,0,14-3-28 2:16:5,1
6GFX4U6PSI,116.593,39.8257,5315835,0,0,0,14-3-28 2:19:8,1
6GFX4U6PSI,116.593,39.8257,5315835,0,0,0,14-3-28 2:21:11,1
6GFX4U6PSI,116.593,39.8257,5315835,0,0,0,14-3-28 2:22:34,1
6GFX4U6PSI,116.593,39.8257,5315835,0,0,0,14-3-28 2:26:0,1
6GFX4U6PSI,116.593,39.8257,5315835,0,0,0,14-3-28 2:26:49,1
6GFX4U6PSI,116.593,39.8257,5315835,0,0,0,14-3-28 2:29:26,1
6GFX4U6PSI,116.593,39.8257,5315835,0,0,0,14-3-28 2:31:51,1
6GFX4U6PSI,116.593,39.8257,5315835,0,0,0,14-3-28 2:32:52,1
6GFX4U6PSI,116.593,39.8257,5315835,0,0,0,14-3-28 2:36:18,1
6GFX4U6PSI,116.593,39.8257,5315835,0,0,0,14-3-28 2:36:52,1
6GFX4U6PSI,116.593,39.8257,5315835,0,0,0,14-3-28 2:39:44,1
6GFX4U6PSI,116.593,39.8257,5315835,0,0,0,14-3-28 2:41:53,1
6GFX4U6PSI,116.593,39.8257,5315835,0,0,0,14-3-28 2:43:10,1
6GFX4U6PSI,116.593,39.8257,5315835,0,0,0,14-3-28 2:46:36,1
6GFX4U6PSI,116.593,39.8257,5315835,0,0,0,14-3-28 2:46:54,1
6GFX4U6PSI,116.593,39.8257,5315835,0,0,0,14-3-28 2:50:5,1
6GFX4U6PSI,116.593,39.8257,5315835,0,0,0,14-3-28 2:51:55,1
6GFX4U6PSI,116.593,39.8257,5315835,0,0,0,14-3-28 2:53:31,1
6GFX4U6PSI,116.593,39.8257,5315835,0,0,0,14-3-28 2:56:57,1
6GFX4U6PSI,116.593,39.8257,5315835,0,0,0,14-3-28 3:0:23,1
6GFX4U6PSI,116.593,39.8257,5315835,0,0,0,14-3-28 3:1:57,1
6GFX4U6PSI,116.593,39.8257,5315835,0,0,0,14-3-28 3:3:49,1
6GFX4U6PSI,116.593,39.8257,5315835,0,0,0,14-3-28 3:6:58,1
6GFX4U6PSI,116.593,39.8257,5315835,0,0,0,14-3-28 3:7:15,1
6GFX4U6PSI,116.593,39.8257,5315835,0,0,0,14-3-28 3:10:41,1
6GFX4U6PSI,116.593,39.8257,5315835,0,0,0,14-3-28 3:12:4,1
6GFX4U6PSI,116.593,39.8257,5315835,0,0,0,14-3-28 3:14:7,1
6GFX4U6PSI,116.593,39.8257,5315835,0,0,0,14-3-28 3:17:11,1
6GFX4U6PSI,116.593,39.8257,5315835,0,0,0,14-3-28 3:17:33,1
6GFX4U6PSI,116.593,39.8257,5315835,0,0,0,14-3-28 3:20:59,1
6GFX4U6PSI,116.593,39.8257,5315835,0,0,0,14-3-28 3:22:17,1
6GFX4U6PSI,116.593,39.8257,5315835,0,0,0,14-3-28 3:27:20,1
6GFX4U6PSI,116.593,39.8257,5315835,0,0,0,14-3-28 3:27:51,1
6GFX4U6PSI,116.593,39.8257,5315835,0,0,0,14-3-28 3:31:17,1
6GFX4U6PSI,116.593,39.8257,5315835,0,0,0,14-3-28 3:32:21,1
6GFX4U6PSI,116.593,39.8257,5315835,0,0,0,14-3-28 3:34:43,1
6GFX4U6PSI,116.593,39.8257,5315835,0,0,0,14-3-28 3:37:22,1
6GFX4U6PSI,116.593,39.8257,5315835,0,0,0,14-3-28 3:38:9,1
6GFX4U6PSI,116.593,39.8257,5315835,0,0,0,14-3-28 3:41:35,1
6GFX4U6PSI,116.593,39.8257,5315835,0,0,0,14-3-28 3:42:23,1
6GFX4U6PSI,116.593,39.8257,5315835,0,0,0,14-3-28 3:45:1,1
6GFX4U6PSI,116.593,39.8257,5315835,0,0,0,14-3-28 3:47:24,1
6GFX4U6PSI,116.593,39.8257,5315835,0,0,0,14-3-28 3:48:28,1
6GFX4U6PSI,116.593,39.8257,5315835,0,0,0,14-3-28 3:51:54,1
6GFX4U6PSI,116.593,39.8257,5315835,0,0,0,14-3-28 3:52:25,1
6GFX4U6PSI,116.593,39.8257,5315835,0,0,0,14-3-28 3:55:20,1
6GFX4U6PSI,116.593,39.8257,5315835,0,0,0,14-3-28 3:57:26,1
6GFX4U6PSI,116.593,39.8257,5315835,0,0,0,14-3-28 3:58:46,1
6GFX4U6PSI,116.593,39.8257,5315835,0,0,0,14-3-28 4:2:12,1
6GFX4U6PSI,116.593,39.8257,5315835,0,0,0,14-3-28 4:2:27,1
6GFX4U6PSI,116.593,39.8257,5315835,0,0,0,14-3-28 4:5:38,1
6GFX4U6PSI,116.593,39.8257,5315835,0,0,0,14-3-28 4:7:28,1
6GFX4U6PSI,116.593,39.8257,5315835,0,0,0,14-3-28 4:9:4,1
6GFX4U6PSI,116.593,39.8257,5315835,0,0,0,14-3-28 4:12:37,1
6GFX4U6PSI,116.593,39.8257,5315835,0,0,0,14-3-28 4:15:55,1
6GFX4U6PSI,116.593,39.8257,5315835,0,0,0,14-3-28 4:17:37,1
6GFX4U6PSI,116.593,39.8257,5315835,0,0,0,14-3-28 4:19:21,1
6GFX4U6PSI,116.593,39.8264,5315836,0,0,0,14-3-28 4:25:43,1
6GFX4U6PSI,116.593,39.8264,5315836,0,0,0,14-3-28 4:25:59,1
6GFX4U6PSI,116.593,39.8264,5315836,0,0,0,14-3-28 4:26:13,1
6GFX4U6PSI,116.593,39.8264,5315836,0,0,0,14-3-28 4:29:39,1
6GFX4U6PSI,116.593,39.8264,5315836,0,0,0,14-3-28 4:30:55,1
6GFX4U6PSI,116.593,39.8264,5315836,0,0,0,14-3-28 4:33:5,1
6GFX4U6PSI,116.593,39.8264,5315836,0,0,0,14-3-28 4:35:56,1
6GFX4U6PSI,116.593,39.8264,5315836,0,0,0,14-3-28 4:36:31,1
6GFX4U6PSI,116.593,39.8264,5315836,0,0,0,14-3-28 4:39:57,1
6GFX4U6PSI,116.593,39.8264,5315836,0,0,0,14-3-28 4:40:59,1
6GFX4U6PSI,116.593,39.8264,5315836,0,0,0,14-3-28 4:43:23,1
6GFX4U6PSI,116.593,39.8264,5315836,0,0,0,14-3-28 4:46:6,1
6GFX4U6PSI,116.593,39.8264,5315836,0,0,0,14-3-28 4:46:49,1
6GFX4U6PSI,116.593,39.8264,5315836,0,0,0,14-3-28 4:50:15,1
6GFX4U6PSI,116.593,39.8264,5315836,0,0,0,14-3-28 4:51:6,1
6GFX4U6PSI,116.593,39.8277,5315836,0,0,0,14-3-28 4:53:41,1
6GFX4U6PSI,116.593,39.8279,5315836,1,175,0,14-3-28 4:56:7,1
6GFX4U6PSI,116.591,39.8282,5315839,18,130,0,14-3-28 4:57:7,1
6GFX4U6PSI,116.583,39.8277,5315846,0,0,0,14-3-28 5:0:33,1
6GFX4U6PSI,116.583,39.8278,5315846,0,0,0,14-3-28 5:1:10,1
6GFX4U6PSI,116.582,39.8281,5315849,18,110,0,14-3-28 5:3:59,1
6GFX4U6PSI,116.571,39.8309,5315860,38,145,0,14-3-28 5:6:11,1
6GFX4U6PSI,116.562,39.8344,5315869,44,145,0,14-3-28 5:7:25,1
6GFX4U6PSI,116.534,39.8419,5315896,62,105,0,14-3-28 5:10:51,1
6GFX4U6PSI,116.531,39.8395,5315901,53,110,0,14-3-28 5:11:12,1
6GFX4U6PSI,116.505,39.8209,5315931,55,120,0,14-3-28 5:14:17,1
6GFX4U6PSI,116.485,39.8136,5315951,51,120,0,14-3-28 5:16:14,1
6GFX4U6PSI,116.471,39.8062,5315966,57,105,0,14-3-28 5:17:43,1
6GFX4U6PSI,116.439,39.7897,5316004,60,130,0,14-3-28 5:21:20,1
6GFX4U6PSI,116.415,39.7686,5316040,69,105,0,14-3-28 5:24:36,1
6GFX4U6PSI,116.394,39.7606,5316061,69,125,0,14-3-28 5:26:22,1
6GFX4U6PSI,116.372,39.7578,5316081,53,150,0,14-3-28 5:28:3,1
6GFX4U6PSI,116.348,39.7769,5316116,68,135,0,14-3-28 5:31:23,1
6GFX4U6PSI,116.346,39.777,5316119,66,135,0,14-3-28 5:31:29,1
6GFX4U6PSI,116.336,39.7655,5316143,71,85,0,14-3-28 5:34:56,1
6GFX4U6PSI,116.338,39.7499,5316161,69,85,0,14-3-28 5:36:24,1
6GFX4U6PSI,116.34,39.7298,5316184,68,85,0,14-3-28 5:38:22,1
6GFX4U6PSI,116.324,39.7008,5316221,68,95,0,14-3-28 5:41:25,1
6GFX4U6PSI,116.323,39.6968,5316226,68,90,0,14-3-28 5:41:48,1
6GFX4U6PSI,116.319,39.6775,5316249,69,90,0,14-3-28 5:43:41,1
6GFX4U6PSI,116.317,39.648,5316283,68,90,0,14-3-28 5:46:26,1
6GFX4U6PSI,116.317,39.641,5316291,69,85,0,14-3-28 5:47:7,1
6GFX4U6PSI,116.321,39.6069,5316330,66,85,0,14-3-28 5:50:33,1
6GFX4U6PSI,116.322,39.5972,5316341,66,90,0,14-3-28 5:51:31,1
6GFX4U6PSI,116.32,39.572,5316370,68,85,0,14-3-28 5:53:59,1
6GFX4U6PSI,116.312,39.5485,5316399,68,105,0,14-3-28 5:56:32,1
6GFX4U6PSI,116.304,39.5411,5316410,69,110,0,14-3-28 5:57:25,1
6GFX4U6PSI,116.289,39.5091,5316451,62,90,0,14-3-28 6:0:51,1
6GFX4U6PSI,116.288,39.5029,5316458,36,95,0,14-3-28 6:1:33,1
6GFX4U6PSI,116.274,39.454,5316516,71,95,0,14-3-28 6:7:43,1
6GFX4U6PSI,116.265,39.426,5316549,73,85,0,14-3-28 6:10:26,1
6GFX4U6PSI,116.266,39.423,5316553,68,85,0,14-3-28 6:10:43,1
6GFX4U6PSI,116.268,39.4158,5316561,66,80,0,14-3-28 6:11:26,1
6GFX4U6PSI,116.268,39.4152,5316561,66,80,0,14-3-28 6:11:30,1
6GFX4U6PSI,116.269,39.3824,5316600,68,95,0,14-3-28 6:14:37,1
6GFX4U6PSI,116.268,39.3632,5316621,68,80,0,14-3-28 6:16:27,1
6GFX4U6PSI,116.272,39.3473,5316641,60,85,0,14-3-28 6:18:3,1
6GFX4U6PSI,116.276,39.3124,5316681,69,80,0,14-3-28 6:21:31,1
6GFX4U6PSI,116.285,39.2784,5316721,57,90,0,14-3-28 6:24:57,1
6GFX4U6PSI,116.284,39.2736,5316726,0,0,0,14-3-28 6:26:29,1
6GFX4U6PSI,116.284,39.2736,5316726,0,0,0,14-3-28 6:28:23,1
6GFX4U6PSI,116.284,39.2733,5316726,0,80,0,14-3-28 6:31:30,1
6GFX4U6PSI,116.284,39.2733,5316726,0,80,0,14-3-28 6:31:49,1
6GFX4U6PSI,116.284,39.2733,5316726,0,80,0,14-3-28 6:35:15,1
6GFX4U6PSI,116.284,39.2733,5316726,0,80,0,14-3-28 6:36:31,1
6GFX4U6PSI,116.284,39.2733,5316726,0,0,0,14-3-28 6:38:41,1
6GFX4U6PSI,116.284,39.2554,5316746,58,85,0,14-3-28 6:41:31,1
6GFX4U6PSI,116.285,39.2499,5316754,62,85,0,14-3-28 6:42:7,1
6GFX4U6PSI,116.293,39.2155,5316794,64,90,0,14-3-28 6:45:32,1
6GFX4U6PSI,116.29,39.205,5316806,68,95,0,14-3-28 6:46:34,1
6GFX4U6PSI,116.287,39.1803,5316835,68,85,0,14-3-28 6:48:58,1
6GFX4U6PSI,116.284,39.154,5316866,66,95,0,14-3-28 6:51:34,1
6GFX4U6PSI,116.281,39.1457,5316876,68,95,0,14-3-28 6:52:24,1
6GFX4U6PSI,116.273,39.1097,5316918,68,95,0,14-3-28 6:55:50,1
6GFX4U6PSI,116.27,39.1022,5316926,66,95,0,14-3-28 6:56:35,1
6GFX4U6PSI,116.255,39.0754,5316960,71,100,0,14-3-28 6:59:16,1
6GFX4U6PSI,116.248,39.064,5316975,69,95,0,14-3-28 7:0:26,1
6GFX4U6PSI,116.244,39.0521,5316989,73,95,0,14-3-28 7:1:36,1
6GFX4U6PSI,116.238,39.0276,5317018,71,90,0,14-3-28 7:3:52,1
6GFX4U6PSI,116.238,38.998,5317051,68,85,0,14-3-28 7:6:37,1
6GFX4U6PSI,116.238,38.991,5317060,64,90,0,14-3-28 7:7:18,1
6GFX4U6PSI,116.225,38.9557,5317101,71,100,0,14-3-28 7:10:44,1
6GFX4U6PSI,116.218,38.947,5317114,71,105,0,14-3-28 7:11:39,1
6GFX4U6PSI,116.204,38.9226,5317145,69,95,0,14-3-28 7:14:10,1
6GFX4U6PSI,116.199,38.8952,5317176,68,90,0,14-3-28 7:16:45,1
6GFX4U6PSI,116.197,38.8861,5317186,69,95,0,14-3-28 7:17:36,1
6GFX4U6PSI,116.175,38.8549,5317229,71,110,0,14-3-28 7:21:2,1
6GFX4U6PSI,116.166,38.8494,5317239,71,115,0,14-3-28 7:21:51,1
6GFX4U6PSI,116.136,38.8333,5317271,69,110,0,14-3-28 7:24:28,1
6GFX4U6PSI,116.111,38.8152,5317303,75,115,0,14-3-28 7:26:57,1
6GFX4U6PSI,116.1,38.8097,5317314,69,115,0,14-3-28 7:27:54,1
6GFX4U6PSI,116.066,38.7871,5317355,62,105,0,14-3-28 7:31:20,1
6GFX4U6PSI,116.062,38.7811,5317363,64,100,0,14-3-28 7:32:3,1
6GFX4U6PSI,116.055,38.763,5317384,64,95,0,14-3-28 7:33:58,1
6GFX4U6PSI,116.041,38.7337,5317420,66,105,0,14-3-28 7:37:10,1
6GFX4U6PSI,116.04,38.7316,5317423,68,105,0,14-3-28 7:37:24,1
6GFX4U6PSI,116.013,38.7028,5317464,64,100,0,14-3-28 7:40:50,1
6GFX4U6PSI,116.005,38.6907,5317480,60,105,0,14-3-28 7:42:15,1
6GFX4U6PSI,115.989,38.6742,5317503,69,105,0,14-3-28 7:44:16,1
6GFX4U6PSI,115.971,38.6469,5317539,62,100,0,14-3-28 7:47:16,1
6GFX4U6PSI,115.968,38.6431,5317544,68,105,0,14-3-28 7:47:42,1
6GFX4U6PSI,115.936,38.6211,5317583,64,120,0,14-3-28 7:51:8,1
6GFX4U6PSI,115.922,38.6168,5317596,66,120,0,14-3-28 7:52:17,1
6GFX4U6PSI,115.905,38.6085,5317614,0,0,0,14-3-28 7:54:34,1
6GFX4U6PSI,115.905,38.6085,5317614,0,0,0,14-3-28 7:57:18,1
6GFX4U6PSI,115.905,38.6085,5317614,0,0,0,14-3-28 7:58:0,1
6GFX4U6PSI,115.905,38.6085,5317614,0,0,0,14-3-28 8:1:26,1
6GFX4U6PSI,115.905,38.6085,5317614,0,0,0,14-3-28 8:2:19,1
6GFX4U6PSI,115.898,38.602,5317624,49,105,0,14-3-28 8:4:52,1
6GFX4U6PSI,115.878,38.586,5317650,68,115,0,14-3-28 8:7:20,1
6GFX4U6PSI,115.868,38.58,5317661,62,110,0,14-3-28 8:8:18,1
6GFX4U6PSI,115.847,38.5498,5317701,68,100,0,14-3-28 8:11:44,1
6GFX4U6PSI,115.843,38.5441,5317708,64,100,0,14-3-28 8:12:22,1
6GFX4U6PSI,115.818,38.5247,5317740,66,115,0,14-3-28 8:15:10,1
6GFX4U6PSI,115.799,38.5087,5317765,62,105,0,14-3-28 8:17:23,1
6GFX4U6PSI,115.791,38.4984,5317779,64,105,0,14-3-28 8:18:36,1
6GFX4U6PSI,115.78,38.4844,5317798,62,105,0,14-3-28 8:20:15,1
6GFX4U6PSI,115.768,38.4654,5317821,64,95,0,14-3-28 8:22:24,1
6GFX4U6PSI,115.762,38.4535,5317836,58,95,0,14-3-28 8:23:42,1
6GFX4U6PSI,115.74,38.4269,5317874,69,95,0,14-3-28 8:27:8,1
6GFX4U6PSI,115.739,38.4239,5317878,69,95,0,14-3-28 8:27:25,1
6GFX4U6PSI,115.729,38.3937,5317913,64,95,0,14-3-28 8:30:34,1
6GFX4U6PSI,115.718,38.377,5317935,64,105,0,14-3-28 8:32:27,1
6GFX4U6PSI,115.706,38.3643,5317953,64,105,0,14-3-28 8:34:0,1
6GFX4U6PSI,115.69,38.333,5317991,64,95,0,14-3-28 8:37:30,1
6GFX4U6PSI,115.683,38.3014,5318029,66,90,0,14-3-28 8:40:52,1
6GFX4U6PSI,115.683,38.2849,5318048,69,90,0,14-3-28 8:42:31,1
6GFX4U6PSI,115.681,38.2663,5318069,68,95,0,14-3-28 8:44:18,1
6GFX4U6PSI,115.664,38.2322,5318111,68,100,0,14-3-28 8:47:44,1
6GFX4U6PSI,115.646,38.1998,5318151,66,100,0,14-3-28 8:51:11,1
6GFX4U6PSI,115.64,38.1851,5318169,68,95,0,14-3-28 8:52:43,1
6GFX4U6PSI,115.637,38.1657,5318191,64,90,0,14-3-28 8:54:37,1
6GFX4U6PSI,115.635,38.1488,5318211,66,90,0,14-3-28 8:56:17,1
6GFX4U6PSI,115.633,38.1334,5318229,64,90,0,14-3-28 8:57:49,1
6GFX4U6PSI,115.637,38.1132,5318253,68,80,0,14-3-28 8:59:54,1
6GFX4U6PSI,115.655,38.0819,5318291,71,75,0,14-3-28 9:3:20,1
6GFX4U6PSI,115.669,38.0587,5318321,64,75,0,14-3-28 9:5:48,1
6GFX4U6PSI,115.67,38.0569,5318324,64,75,0,14-3-28 9:6:0,1
6GFX4U6PSI,115.674,38.05,5318331,68,75,0,14-3-28 9:6:47,1
6GFX4U6PSI,115.69,38.0177,5318371,66,85,0,14-3-28 9:10:13,1
6GFX4U6PSI,115.69,38.0114,5318379,68,85,0,14-3-28 9:10:50,1
6GFX4U6PSI,115.69,37.9837,5318411,69,90,0,14-3-28 9:13:39,1
6GFX4U6PSI,115.691,37.9593,5318440,66,85,0,14-3-28 9:15:59,1
6GFX4U6PSI,115.694,37.9481,5318453,64,85,0,14-3-28 9:17:5,1
6GFX4U6PSI,115.7,37.9116,5318495,69,85,0,14-3-28 9:20:32,1
6GFX4U6PSI,115.701,37.9068,5318500,66,85,0,14-3-28 9:20:59,1
6GFX4U6PSI,115.702,37.8764,5318536,69,85,0,14-3-28 9:23:57,1
6GFX4U6PSI,115.7,37.8545,5318561,69,90,0,14-3-28 9:26:0,1
6GFX4U6PSI,115.695,37.8402,5318578,69,95,0,14-3-28 9:27:23,1
6GFX4U6PSI,115.694,37.8051,5318619,62,85,0,14-3-28 9:30:49,1
6GFX4U6PSI,115.694,37.8032,5318621,64,85,0,14-3-28 9:31:1,1
6GFX4U6PSI,115.717,37.7781,5318659,68,60,0,14-3-28 9:34:15,1
6GFX4U6PSI,115.746,37.7635,5318690,69,65,0,14-3-28 9:36:49,1
6GFX4U6PSI,115.753,37.7565,5318700,68,65,0,14-3-28 9:37:42,1
6GFX4U6PSI,115.777,37.732,5318736,62,60,0,14-3-28 9:40:54,1
6GFX4U6PSI,115.797,37.7053,5318776,55,95,0,14-3-28 9:44:21,1
6GFX4U6PSI,115.785,37.6767,5318811,66,95,0,14-3-28 9:47:20,1
6GFX4U6PSI,115.784,37.6721,5318816,66,95,0,14-3-28 9:47:48,1
6GFX4U6PSI,115.765,37.6422,5318855,60,110,0,14-3-28 9:51:13,1
6GFX4U6PSI,115.757,37.6357,5318866,62,110,0,14-3-28 9:52:22,1
6GFX4U6PSI,115.739,37.6172,5318891,62,100,0,14-3-28 9:54:39,1
6GFX4U6PSI,115.723,37.5937,5318923,68,105,0,14-3-28 9:57:25,1
6GFX4U6PSI,115.718,37.5889,5318931,58,110,0,14-3-28 9:58:5,1
6GFX4U6PSI,115.688,37.5635,5318971,62,100,0,14-3-28 10:1:31,1
6GFX4U6PSI,115.683,37.5554,5318981,62,100,0,14-3-28 10:2:26,1
6GFX4U6PSI,115.665,37.5349,5319010,60,105,0,14-3-28 10:4:57,1
6GFX4U6PSI,115.649,37.5137,5319038,68,100,0,14-3-28 10:7:27,1
6GFX4U6PSI,115.645,37.505,5319049,62,100,0,14-3-28 10:8:23,1
6GFX4U6PSI,115.623,37.475,5319089,64,95,0,14-3-28 10:11:49,1
6GFX4U6PSI,115.621,37.469,5319096,60,95,0,14-3-28 10:12:28,1
6GFX4U6PSI,115.608,37.4434,5319126,66,100,0,14-3-28 10:15:15,1
6GFX4U6PSI,115.561,37.3437,5319251,0,0,0,14-3-28 10:27:26,1
6GFX4U6PSI,115.561,37.3436,5319251,0,0,0,14-3-28 10:30:52,1
6GFX4U6PSI,115.561,37.3414,5319253,25,85,0,14-3-28 10:32:26,1
6GFX4U6PSI,115.559,37.3277,5319269,58,95,0,14-3-28 10:34:18,1
6GFX4U6PSI,115.547,37.3005,5319301,58,95,0,14-3-28 10:37:27,1
6GFX4U6PSI,115.546,37.2981,5319305,58,95,0,14-3-28 10:37:44,1
6GFX4U6PSI,115.527,37.2696,5319341,60,105,0,14-3-28 10:41:10,1
6GFX4U6PSI,115.519,37.2592,5319356,64,100,0,14-3-28 10:42:28,1
6GFX4U6PSI,115.505,37.2114,5319413,60,95,0,14-3-28 10:47:30,1
6GFX4U6PSI,115.502,37.2067,5319419,64,100,0,14-3-28 10:48:2,1
6GFX4U6PSI,115.485,37.1746,5319459,66,95,0,14-3-28 10:51:30,1
6GFX4U6PSI,115.482,37.1646,5319471,64,95,0,14-3-28 10:52:32,1
6GFX4U6PSI,115.469,37.1427,5319499,64,105,0,14-3-28 10:54:56,1
6GFX4U6PSI,115.456,37.1326,5319515,0,0,0,14-3-28 10:57:33,1
6GFX4U6PSI,115.456,37.1326,5319515,0,0,0,14-3-28 10:58:22,1
6GFX4U6PSI,115.456,37.1326,5319515,0,0,0,14-3-28 11:1:48,1
6GFX4U6PSI,115.456,37.1326,5319515,0,0,0,14-3-28 11:2:34,1
6GFX4U6PSI,115.457,37.1326,5319515,1,50,0,14-3-28 11:5:14,1
6GFX4U6PSI,115.445,37.1183,5319534,60,100,0,14-3-28 11:7:45,1
6GFX4U6PSI,115.44,37.1099,5319545,71,105,0,14-3-28 11:8:40,1
6GFX4U6PSI,115.418,37.0784,5319586,69,100,0,14-3-28 11:12:6,1
6GFX4U6PSI,115.415,37.0717,5319595,68,100,0,14-3-28 11:12:46,1
6GFX4U6PSI,115.396,37.0479,5319628,68,110,0,14-3-28 11:15:32,1
6GFX4U6PSI,115.372,37.0331,5319655,64,115,0,14-3-28 11:17:48,1
6GFX4U6PSI,115.365,37.028,5319664,69,110,0,14-3-28 11:18:31,1
6GFX4U6PSI,115.344,36.9975,5319705,68,95,0,14-3-28 11:21:57,1
6GFX4U6PSI,115.34,36.9876,5319716,68,100,0,14-3-28 11:22:57,1
6GFX4U6PSI,115.327,36.9644,5319746,68,95,0,14-3-28 11:25:25,1
6GFX4U6PSI,115.316,36.9404,5319775,71,100,0,14-3-28 11:27:58,1
6GFX4U6PSI,115.309,36.9324,5319786,66,105,0,14-3-28 11:28:52,1
6GFX4U6PSI,115.274,36.9099,5319828,66,115,0,14-3-28 11:32:18,1
6GFX4U6PSI,115.266,36.9059,5319836,73,115,0,14-3-28 11:32:59,1
6GFX4U6PSI,115.242,36.8846,5319870,69,100,0,14-3-28 11:35:44,1
6GFX4U6PSI,115.232,36.8619,5319898,68,95,0,14-3-28 11:38:0,1
6GFX4U6PSI,115.229,36.8495,5319911,71,95,0,14-3-28 11:39:10,1
6GFX4U6PSI,115.213,36.8149,5319954,69,90,0,14-3-28 11:42:36,1
6GFX4U6PSI,115.212,36.8108,5319959,66,90,0,14-3-28 11:43:1,1
6GFX4U6PSI,115.202,36.7784,5319998,66,90,0,14-3-28 11:46:2,1
6GFX4U6PSI,115.196,36.7582,5320021,66,95,0,14-3-28 11:48:2,1
6GFX4U6PSI,115.195,36.7426,5320040,75,85,0,14-3-28 11:49:29,1
6GFX4U6PSI,115.182,36.7149,5320075,79,105,0,14-3-28 11:52:7,1
6GFX4U6PSI,115.174,36.7058,5320086,77,100,0,14-3-28 11:53:3,1
6GFX4U6PSI,115.163,36.6783,5320121,71,90,0,14-3-28 11:55:33,1
6GFX4U6PSI,115.152,36.651,5320154,75,95,0,14-3-28 11:58:3,1
6GFX4U6PSI,115.149,36.6402,5320166,77,95,0,14-3-28 11:58:59,1
6GFX4U6PSI,115.127,36.6049,5320213,73,95,0,14-3-28 12:2:25,1
6GFX4U6PSI,115.125,36.5979,5320221,68,95,0,14-3-28 12:3:4,1
6GFX4U6PSI,115.066,36.5969,5320284,73,135,0,14-3-28 12:8:5,1
6GFX4U6PSI,115.048,36.5987,5320300,75,135,0,14-3-28 12:9:19,1
6GFX4U6PSI,114.995,36.6025,5320349,75,135,0,14-3-28 12:13:6,1
6GFX4U6PSI,114.952,36.6023,5320389,69,130,0,14-3-28 12:16:10,1
6GFX4U6PSI,114.925,36.5998,5320414,69,130,0,14-3-28 12:18:10,1
6GFX4U6PSI,114.905,36.6003,5320433,71,135,0,14-3-28 12:19:36,1
6GFX4U6PSI,114.859,36.6058,5320476,69,140,0,14-3-28 12:23:2,1
6GFX4U6PSI,114.857,36.606,5320478,71,135,0,14-3-28 12:23:11,1
6GFX4U6PSI,114.853,36.6065,5320481,69,135,0,14-3-28 12:23:30,1
6GFX4U6PSI,114.806,36.6087,5320525,71,140,0,14-3-28 12:26:56,1
6GFX4U6PSI,114.788,36.6113,5320541,69,135,0,14-3-28 12:28:13,1
6GFX4U6PSI,114.759,36.6129,5320569,66,135,0,14-3-28 12:30:22,1
6GFX4U6PSI,114.723,36.6168,5320603,69,135,0,14-3-28 12:33:14,1
6GFX4U6PSI,114.716,36.6169,5320610,68,135,0,14-3-28 12:33:49,1
6GFX4U6PSI,114.67,36.617,5320651,69,150,0,14-3-28 12:37:15,1
6GFX4U6PSI,114.66,36.6231,5320664,66,155,0,14-3-28 12:38:15,1
6GFX4U6PSI,114.647,36.6455,5320694,71,175,0,14-3-28 12:40:41,1
6GFX4U6PSI,114.639,36.6718,5320725,73,165,0,14-3-28 12:43:16,1
6GFX4U6PSI,114.584,36.696,5320786,68,140,0,14-3-28 12:48:19,1
6GFX4U6PSI,114.55,36.7026,5320818,64,135,0,14-3-28 12:51:3,1
6GFX4U6PSI,114.521,36.7034,5320845,66,135,0,14-3-28 12:53:20,1
6GFX4U6PSI,114.506,36.7029,5320859,62,135,0,14-3-28 12:54:29,1
6GFX4U6PSI,114.469,36.707,5320893,69,135,0,14-3-28 12:57:34,1
6GFX4U6PSI,114.46,36.7065,5320901,58,125,0,14-3-28 12:58:21,1
6GFX4U6PSI,114.436,36.6976,5320926,64,120,0,14-3-28 13:1:1,1
6GFX4U6PSI,114.411,36.6834,5320954,68,105,0,14-3-28 13:3:22,1
6GFX4U6PSI,114.403,36.6737,5320968,71,110,0,14-3-28 13:4:27,1
6GFX4U6PSI,114.37,36.6515,5321009,79,100,0,14-3-28 13:7:54,1
6GFX4U6PSI,114.367,36.6468,5321015,66,100,0,14-3-28 13:8:23,1
6GFX4U6PSI,114.348,36.6255,5321045,51,100,0,14-3-28 13:11:20,1
6GFX4U6PSI,114.345,36.6066,5321066,80,85,0,14-3-28 13:13:24,1
6GFX4U6PSI,114.321,36.5598,5321133,97,75,0,14-3-28 13:18:12,1
6GFX4U6PSI,114.323,36.5568,5321136,99,75,0,14-3-28 13:18:25,1
6GFX4U6PSI,114.337,36.5163,5321185,77,85,0,14-3-28 13:21:38,1
6GFX4U6PSI,114.343,36.4918,5321214,82,75,0,14-3-28 13:23:43,1
6GFX4U6PSI,114.351,36.4763,5321234,73,75,0,14-3-28 13:25:4,1
6GFX4U6PSI,114.371,36.4408,5321279,75,60,0,14-3-28 13:28:44,1
6GFX4U6PSI,114.394,36.435,5321301,75,45,0,14-3-28 13:30:29,1
6GFX4U6PSI,114.435,36.4264,5321341,64,60,0,14-3-28 13:33:45,1
6GFX4U6PSI,114.436,36.425,5321343,68,75,0,14-3-28 13:33:56,1
6GFX4U6PSI,114.425,36.3915,5321383,64,95,0,14-3-28 13:37:22,1
6GFX4U6PSI,114.422,36.3787,5321398,55,90,0,14-3-28 13:38:46,1
6GFX4U6PSI,114.422,36.3652,5321414,22,90,0,14-3-28 13:40:48,1
6GFX4U6PSI,114.42,36.3551,5321425,29,90,0,14-3-28 13:43:47,1
6GFX4U6PSI,114.42,36.353,5321426,31,90,0,14-3-28 13:44:14,1
6GFX4U6PSI,114.413,36.3295,5321455,38,100,0,14-3-28 13:47:48,1
6GFX4U6PSI,114.41,36.3237,5321461,44,100,0,14-3-28 13:48:48,1
6GFX4U6PSI,114.405,36.3061,5321483,49,95,0,14-3-28 13:51:15,1
6GFX4U6PSI,114.394,36.2815,5321513,49,100,0,14-3-28 13:54:41,1
6GFX4U6PSI,114.389,36.2582,5321540,57,85,0,14-3-28 13:58:7,1
6GFX4U6PSI,114.39,36.2491,5321551,55,85,0,14-3-28 13:59:7,1
6GFX4U6PSI,114.391,36.2267,5321576,58,85,0,14-3-28 14:1:33,1
6GFX4U6PSI,114.391,36.2228,5321581,0,0,0,14-3-28 14:4:9,1
6GFX4U6PSI,114.391,36.2228,5321581,1,85,0,14-3-28 14:4:59,1
6GFX4U6PSI,114.391,36.2221,5321581,0,0,0,14-3-28 14:8:25,1
6GFX4U6PSI,114.391,36.2222,5321581,0,0,0,14-3-28 14:9:10,1
6GFX4U6PSI,114.392,36.2212,5321581,22,75,0,14-3-28 14:11:51,1
6GFX4U6PSI,114.397,36.2111,5321595,0,0,0,14-3-28 14:14:16,1
6GFX4U6PSI,114.397,36.2108,5321595,12,65,0,14-3-28 14:15:17,1
6GFX4U6PSI,114.41,36.1786,5321635,64,90,0,14-3-28 14:19:21,1
6GFX4U6PSI,114.406,36.1508,5321666,68,90,0,14-3-28 14:22:9,1
6GFX4U6PSI,114.406,36.1279,5321693,66,80,0,14-3-28 14:24:21,1
6GFX4U6PSI,114.411,36.1162,5321706,66,75,0,14-3-28 14:25:34,1
6GFX4U6PSI,114.414,36.1087,5321716,66,75,0,14-3-28 14:26:21,1
6GFX4U6PSI,114.425,36.078,5321753,69,85,0,14-3-28 14:29:22,1
6GFX4U6PSI,114.425,36.0734,5321759,71,85,0,14-3-28 14:29:47,1
6GFX4U6PSI,114.421,36.0374,5321800,71,90,0,14-3-28 14:33:13,1
6GFX4U6PSI,114.419,36.0249,5321815,68,90,0,14-3-28 14:34:23,1
6GFX4U6PSI,114.415,36.0019,5321841,69,90,0,14-3-28 14:36:39,1
6GFX4U6PSI,114.406,35.9739,5321875,66,95,0,14-3-28 14:39:24,1
6GFX4U6PSI,114.403,35.9673,5321883,64,95,0,14-3-28 14:40:6,1
6GFX4U6PSI,114.391,35.9338,5321923,71,90,0,14-3-28 14:43:32,1
6GFX4U6PSI,114.39,35.9245,5321934,68,90,0,14-3-28 14:44:25,1
6GFX4U6PSI,114.385,35.8975,5321965,69,90,0,14-3-28 14:46:59,1
6GFX4U6PSI,114.377,35.8733,5321994,71,100,0,14-3-28 14:49:26,1
6GFX4U6PSI,114.372,35.8633,5322006,68,100,0,14-3-28 14:50:26,1
6GFX4U6PSI,114.354,35.8314,5322046,66,105,0,14-3-28 14:53:53,1
6GFX4U6PSI,114.35,35.8266,5322053,64,105,0,14-3-28 14:54:27,1
6GFX4U6PSI,114.33,35.8023,5322086,66,100,0,14-3-28 14:57:21,1
6GFX4U6PSI,114.322,35.7818,5322111,66,90,0,14-3-28 14:59:28,1
6GFX4U6PSI,114.32,35.7693,5322126,64,90,0,14-3-28 15:0:46,1
6GFX4U6PSI,114.32,35.7675,5322128,66,90,0,14-3-28 15:0:57,1
6GFX4U6PSI,114.313,35.7315,5322170,68,95,0,14-3-28 15:4:29,1
6GFX4U6PSI,114.294,35.7008,5322210,64,105,0,14-3-28 15:7:49,1
6GFX4U6PSI,114.282,35.6863,5322229,68,105,0,14-3-28 15:9:30,1
6GFX4U6PSI,114.269,35.6718,5322251,69,110,0,14-3-28 15:11:15,1
6GFX4U6PSI,114.242,35.6455,5322289,71,105,0,14-3-28 15:14:31,1
6GFX4U6PSI,114.241,35.6439,5322291,69,100,0,14-3-28 15:14:41,1
6GFX4U6PSI,114.221,35.6116,5322333,66,100,0,14-3-28 15:18:8,1
6GFX4U6PSI,114.212,35.5987,5322350,68,105,0,14-3-28 15:19:32,1
6GFX4U6PSI,114.193,35.5846,5322374,64,115,0,14-3-28 15:21:34,1
6GFX4U6PSI,114.16,35.561,5322415,66,105,0,14-3-28 15:25:2,1
6GFX4U6PSI,114.14,35.5291,5322456,69,100,0,14-3-28 15:28:27,1
6GFX4U6PSI,114.134,35.5185,5322470,69,100,0,14-3-28 15:29:34,1
6GFX4U6PSI,114.128,35.496,5322496,66,85,0,14-3-28 15:31:53,1
6GFX4U6PSI,114.135,35.4698,5322528,68,80,0,14-3-28 15:34:35,1
6GFX4U6PSI,114.136,35.4621,5322536,66,90,0,14-3-28 15:35:19,1
6GFX4U6PSI,114.135,35.4577,5322541,68,95,0,14-3-28 15:35:45,1
6GFX4U6PSI,114.111,35.4278,5322583,66,105,0,14-3-28 15:39:11,1
6GFX4U6PSI,114.108,35.4243,5322588,66,105,0,14-3-28 15:39:36,1
6GFX4U6PSI,114.091,35.3986,5322621,60,95,0,14-3-28 15:42:37,1
6GFX4U6PSI,114.083,35.3805,5322644,60,100,0,14-3-28 15:44:37,1
6GFX4U6PSI,114.072,35.3697,5322660,64,115,0,14-3-28 15:46:3,1
6GFX4U6PSI,114.034,35.3515,5322701,64,115,0,14-3-28 15:49:46,1
6GFX4U6PSI,114.002,35.3353,5322736,58,130,0,14-3-28 15:52:55,1
6GFX4U6PSI,113.984,35.3443,5322756,62,150,0,14-3-28 15:54:47,1
6GFX4U6PSI,113.966,35.3517,5322776,69,140,0,14-3-28 15:56:24,1
6GFX4U6PSI,113.925,35.3585,5322816,62,140,0,14-3-28 15:59:51,1
6GFX4U6PSI,113.888,35.3716,5322853,60,145,0,14-3-28 16:3:17,1
6GFX4U6PSI,113.871,35.3794,5322871,73,145,0,14-3-28 16:4:50,1
6GFX4U6PSI,113.849,35.3836,5322893,55,135,0,14-3-28 16:6:43,1
6GFX4U6PSI,113.814,35.3767,5322926,66,120,0,14-3-28 16:9:55,1
6GFX4U6PSI,113.812,35.3758,5322930,66,125,0,14-3-28 16:10:9,1
6GFX4U6PSI,113.786,35.3728,5322954,62,130,0,14-3-28 16:12:26,1
6GFX4U6PSI,113.758,35.3646,5322981,64,115,0,14-3-28 16:14:57,1
6GFX4U6PSI,113.75,35.3589,5322991,62,110,0,14-3-28 16:15:53,1
6GFX4U6PSI,113.72,35.3345,5323031,66,115,0,14-3-28 16:19:19,1
6GFX4U6PSI,113.713,35.3305,5323040,64,120,0,14-3-28 16:20:5,1
6GFX4U6PSI,113.682,35.3225,5323071,64,125,0,14-3-28 16:22:45,1
6GFX4U6PSI,113.654,35.3173,5323098,60,125,0,14-3-28 16:25:6,1
6GFX4U6PSI,113.642,35.3133,5323111,68,120,0,14-3-28 16:26:11,1
6GFX4U6PSI,113.605,35.2974,5323150,68,110,0,14-3-28 16:29:37,1
6GFX4U6PSI,113.601,35.294,5323155,64,110,0,14-3-28 16:30:7,1
6GFX4U6PSI,113.577,35.2722,5323189,62,115,0,14-3-28 16:33:3,1
6GFX4U6PSI,113.553,35.2621,5323214,68,120,0,14-3-28 16:35:8,1
6GFX4U6PSI,113.539,35.2563,5323229,69,115,0,14-3-28 16:36:30,1
6GFX4U6PSI,113.511,35.2302,5323270,68,105,0,14-3-28 16:39:56,1
6GFX4U6PSI,113.509,35.2285,5323271,69,105,0,14-3-28 16:40:9,1
6GFX4U6PSI,113.479,35.2076,5323310,69,120,0,14-3-28 16:43:22,1
6GFX4U6PSI,113.458,35.2016,5323331,62,125,0,14-3-28 16:45:11,1
6GFX4U6PSI,113.437,35.1998,5323350,66,130,0,14-3-28 16:46:48,1
6GFX4U6PSI,113.417,35.1975,5323369,64,125,0,14-3-28 16:48:21,1
6GFX4U6PSI,113.396,35.1906,5323391,66,120,0,14-3-28 16:50:12,1
6GFX4U6PSI,113.378,35.183,5323410,71,120,0,14-3-28 16:51:47,1
6GFX4U6PSI,113.341,35.1638,5323451,71,115,0,14-3-28 16:55:13,1
6GFX4U6PSI,113.305,35.1458,5323491,62,120,0,14-3-28 16:58:39,1
6GFX4U6PSI,113.286,35.1419,5323510,66,130,0,14-3-28 17:0:13,1
6GFX4U6PSI,113.264,35.1412,5323531,62,135,0,14-3-28 17:2:5,1
6GFX4U6PSI,113.227,35.1382,5323566,68,125,0,14-3-28 17:5:14,1
6GFX4U6PSI,113.223,35.1374,5323570,71,125,0,14-3-28 17:5:32,1
6GFX4U6PSI,113.183,35.128,5323610,66,125,0,14-3-28 17:8:57,1
6GFX4U6PSI,113.167,35.123,5323625,66,120,0,14-3-28 17:10:19,1
6GFX4U6PSI,113.141,35.1167,5323651,68,130,0,14-3-28 17:12:23,1
6GFX4U6PSI,113.105,35.118,5323685,60,130,0,14-3-28 17:15:20,1
6GFX4U6PSI,113.099,35.1177,5323691,66,130,0,14-3-28 17:15:49,1
6GFX4U6PSI,113.06,35.1055,5323730,66,120,0,14-3-28 17:19:15,1
6GFX4U6PSI,113.048,35.1025,5323743,64,125,0,14-3-28 17:20:21,1
6GFX4U6PSI,113.02,35.1007,5323768,62,125,0,14-3-28 17:22:41,1
6GFX4U6PSI,113.008,35.096,5323781,64,115,0,14-3-28 17:23:50,1
6GFX4U6PSI,112.994,35.0858,5323799,60,110,0,14-3-28 17:25:22,1
6GFX4U6PSI,112.979,35.072,5323820,68,110,0,14-3-28 17:27:17,1
6GFX4U6PSI,112.947,35.0541,5323856,64,125,0,14-3-28 17:30:23,1
6GFX4U6PSI,112.943,35.053,5323861,66,125,0,14-3-28 17:30:43,1
6GFX4U6PSI,112.901,35.0504,5323901,60,140,0,14-3-28 17:34:10,1
6GFX4U6PSI,112.892,35.0517,5323910,0,0,0,14-3-28 17:35:25,1
6GFX4U6PSI,112.89,35.052,5323911,31,135,0,14-3-28 17:37:36,1
6GFX4U6PSI,112.858,35.0567,5323941,68,140,0,14-3-28 17:40:26,1
6GFX4U6PSI,112.851,35.0578,5323950,69,140,0,14-3-28 17:41:2,1
6GFX4U6PSI,112.66,34.9901,5324213,34,80,0,14-3-28 18:5:53,1
6GFX4U6PSI,112.66,34.987,5324216,36,85,0,14-3-28 18:6:27,1
6GFX4U6PSI,112.66,34.9752,5324230,47,90,0,14-3-28 18:8:20,1
6GFX4U6PSI,112.657,34.9388,5324271,71,100,0,14-3-28 18:11:47,1
6GFX4U6PSI,112.655,34.934,5324278,79,100,0,14-3-28 18:12:14,1
6GFX4U6PSI,112.629,34.904,5324321,77,95,0,14-3-28 18:15:13,1
6GFX4U6PSI,112.629,34.8816,5324346,75,90,0,14-3-28 18:17:4,1
6GFX4U6PSI,112.63,34.8645,5324366,68,85,0,14-3-28 18:18:39,1
6GFX4U6PSI,112.631,34.8284,5324409,69,95,0,14-3-28 18:22:6,1
6GFX4U6PSI,112.618,34.802,5324441,44,105,0,14-3-28 18:25:32,1
6GFX4U6PSI,112.614,34.7926,5324453,42,90,0,14-3-28 18:27:6,1
6GFX4U6PSI,112.61,34.7797,5324468,38,100,0,14-3-28 18:28:58,1
6GFX4U6PSI,112.578,34.7735,5324500,64,130,0,14-3-28 18:32:7,1
6GFX4U6PSI,112.574,34.7734,5324503,66,135,0,14-3-28 18:32:24,1
6GFX4U6PSI,112.531,34.7756,5324544,57,135,0,14-3-28 18:35:50,1
6GFX4U6PSI,112.518,34.7757,5324556,62,130,0,14-3-28 18:37:8,1
6GFX4U6PSI,112.492,34.7743,5324581,71,130,0,14-3-28 18:39:16,1
6GFX4U6PSI,112.465,34.7718,5324606,44,125,0,14-3-28 18:42:10,1
6GFX4U6PSI,112.421,34.7582,5324651,60,120,0,14-3-28 18:46:9,1
6GFX4U6PSI,112.407,34.7542,5324665,75,125,0,14-3-28 18:47:11,1
6GFX4U6PSI,112.383,34.7543,5324688,55,140,0,14-3-28 18:49:35,1
6GFX4U6PSI,112.381,34.7547,5324690,55,140,0,14-3-28 18:49:48,1
6GFX4U6PSI,112.353,34.7554,5324716,71,125,0,14-3-28 18:52:12,1
6GFX4U6PSI,112.339,34.7529,5324730,77,125,0,14-3-28 18:53:14,1
6GFX4U6PSI,112.301,34.7428,5324768,42,120,0,14-3-28 18:56:40,1
6GFX4U6PSI,112.297,34.7416,5324771,40,125,0,14-3-28 18:57:13,1
6GFX4U6PSI,112.28,34.7419,5324789,34,135,0,14-3-28 19:0:6,1
6GFX4U6PSI,112.265,34.744,5324803,51,140,0,14-3-28 19:2:14,1
6GFX4U6PSI,112.25,34.7486,5324816,79,145,0,14-3-28 19:3:32,1
6GFX4U6PSI,112.209,34.7548,5324858,46,130,0,14-3-28 19:6:58,1
6GFX4U6PSI,112.202,34.753,5324865,66,120,0,14-3-28 19:7:41,1
6GFX4U6PSI,112.172,34.7384,5324898,47,130,0,14-3-28 19:10:24,1
6GFX4U6PSI,112.144,34.7371,5324924,46,135,0,14-3-28 19:12:43,1
6GFX4U6PSI,112.136,34.7386,5324931,42,140,0,14-3-28 19:13:50,1
6GFX4U6PSI,112.104,34.7471,5324964,46,140,0,14-3-28 19:17:16,1
6GFX4U6PSI,112.1,34.7483,5324968,57,145,0,14-3-28 19:17:44,1
6GFX4U6PSI,112.07,34.76,5324999,38,135,0,14-3-28 19:20:41,1
6GFX4U6PSI,112.05,34.7596,5325018,57,130,0,14-3-28 19:22:45,1
6GFX4U6PSI,112.036,34.759,5325031,55,130,0,14-3-28 19:24:8,1
6GFX4U6PSI,111.996,34.7625,5325070,68,130,0,14-3-28 19:27:34,1
6GFX4U6PSI,111.993,34.7621,5325071,64,125,0,14-3-28 19:27:46,1
6GFX4U6PSI,111.969,34.7532,5325096,47,120,0,14-3-28 19:31:0,1
6GFX4U6PSI,111.964,34.7519,5325101,62,125,0,14-3-28 19:31:30,1
6GFX4U6PSI,111.949,34.7507,5325116,51,130,0,14-3-28 19:32:53,1
6GFX4U6PSI,111.931,34.7511,5325134,46,140,0,14-3-28 19:34:55,1
6GFX4U6PSI,111.911,34.7584,5325154,27,145,0,14-3-28 19:37:58,1
6GFX4U6PSI,111.909,34.7591,5325156,29,145,0,14-3-28 19:38:21,1
6GFX4U6PSI,111.891,34.7664,5325174,29,145,0,14-3-28 19:41:47,1
6GFX4U6PSI,111.883,34.7682,5325181,31,140,0,14-3-28 19:43:6,1
6GFX4U6PSI,111.867,34.7692,5325198,66,135,0,14-3-28 19:45:13,1
6GFX4U6PSI,111.826,34.7739,5325236,64,140,0,14-3-28 19:48:15,1
6GFX4U6PSI,111.821,34.7747,5325241,62,140,0,14-3-28 19:48:39,1
6GFX4U6PSI,111.791,34.7844,5325271,53,145,0,14-3-28 19:52:5,1
6GFX4U6PSI,111.779,34.7872,5325285,64,135,0,14-3-28 19:53:16,1
6GFX4U6PSI,111.752,34.7841,5325310,64,125,0,14-3-28 19:55:31,1
6GFX4U6PSI,111.719,34.7737,5325343,71,120,0,14-3-28 19:58:18,1
6GFX4U6PSI,111.711,34.7707,5325351,66,120,0,14-3-28 19:58:57,1
6GFX4U6PSI,111.676,34.7569,5325388,36,120,0,14-3-28 20:2:23,1
6GFX4U6PSI,111.671,34.7546,5325393,33,115,0,14-3-28 20:3:19,1
6GFX4U6PSI,111.651,34.744,5325416,55,115,0,14-3-28 20:5:49,1
6GFX4U6PSI,111.633,34.7303,5325439,64,105,0,14-3-28 20:8:28,1
6GFX4U6PSI,111.629,34.7237,5325446,46,100,0,14-3-28 20:9:15,1
6GFX4U6PSI,111.608,34.7046,5325479,36,120,0,14-3-28 20:12:41,1
6GFX4U6PSI,111.602,34.7028,5325484,44,120,0,14-3-28 20:13:30,1
6GFX4U6PSI,111.578,34.701,5325506,34,130,0,14-3-28 20:16:8,1
6GFX4U6PSI,111.57,34.7006,5325515,46,130,0,14-3-28 20:17:12,1
6GFX4U6PSI,111.547,34.6972,5325536,69,120,0,14-3-28 20:19:12,1
6GFX4U6PSI,111.528,34.6937,5325556,71,135,0,14-3-28 20:20:38,1
6GFX4U6PSI,111.065,34.7284,5326026,79,130,0,14-3-28 20:57:2,1
6GFX4U6PSI,111.063,34.7281,5326029,79,130,0,14-3-28 20:57:12,1
6GFX4U6PSI,111.029,34.724,5326061,79,120,0,14-3-28 20:59:36,1
6GFX4U6PSI,111.004,34.6934,5326105,73,105,0,14-3-28 21:3:2,1
6GFX4U6PSI,110.969,34.667,5326151,73,120,0,14-3-28 21:6:41,1
6GFX4U6PSI,110.95,34.6581,5326173,82,115,0,14-3-28 21:8:11,1
6GFX4U6PSI,110.947,34.6568,5326176,80,120,0,14-3-28 21:8:25,1
6GFX4U6PSI,110.925,34.6539,5326196,49,130,0,14-3-28 21:10:8,1
6GFX4U6PSI,110.903,34.649,5326218,31,120,0,14-3-28 21:13:21,1
6GFX4U6PSI,110.902,34.6486,5326220,29,120,0,14-3-28 21:13:34,1
6GFX4U6PSI,110.878,34.6373,5326246,86,110,0,14-3-28 21:17:0,1
6GFX4U6PSI,110.866,34.6208,5326268,73,100,0,14-3-28 21:18:25,1
6GFX4U6PSI,110.851,34.601,5326295,92,105,0,14-3-28 21:20:26,1
6GFX4U6PSI,110.808,34.5862,5326341,86,130,0,14-3-28 21:23:27,1
6GFX4U6PSI,110.802,34.5853,5326346,75,130,0,14-3-28 21:23:52,1
6GFX4U6PSI,110.759,34.5727,5326391,77,125,0,14-3-28 21:27:18,1
6GFX4U6PSI,110.742,34.5699,5326406,79,130,0,14-3-28 21:28:33,1
6GFX4U6PSI,110.711,34.5719,5326436,73,140,0,14-3-28 21:30:45,1
6GFX4U6PSI,110.675,34.5752,5326471,79,130,0,14-3-28 21:33:36,1
6GFX4U6PSI,110.666,34.5742,5326480,86,130,0,14-3-28 21:34:11,1
6GFX4U6PSI,110.625,34.5764,5326520,62,145,0,14-3-28 21:37:37,1
6GFX4U6PSI,110.609,34.5798,5326536,57,135,0,14-3-28 21:39:15,1
6GFX4U6PSI,110.604,34.5801,5326541,64,135,0,14-3-28 21:39:41,1
6GFX4U6PSI,110.586,34.5804,5326558,73,135,0,14-3-28 21:41:3,1
6GFX4U6PSI,110.537,34.5768,5326605,95,130,0,14-3-28 21:44:32,1
6GFX4U6PSI,110.488,34.5795,5326651,7,125,0,14-3-28 21:47:55,1
6GFX4U6PSI,110.486,34.5791,5326654,0,0,0,14-3-28 21:49:34,1
6GFX4U6PSI,110.486,34.5789,5326654,0,0,0,14-3-28 21:51:22,1
6GFX4U6PSI,110.486,34.5789,5326655,0,0,0,14-3-28 21:54:35,1
6GFX4U6PSI,110.486,34.5789,5326655,0,0,0,14-3-28 21:54:49,1
6GFX4U6PSI,110.486,34.5788,5326655,0,95,0,14-3-28 21:58:15,1
6GFX4U6PSI,110.481,34.5777,5326659,38,130,0,14-3-28 21:59:44,1
6GFX4U6PSI,110.46,34.5811,5326680,57,135,0,14-3-28 22:1:41,1
6GFX4U6PSI,110.426,34.5799,5326711,71,130,0,14-3-28 22:4:45,1
6GFX4U6PSI,110.421,34.5797,5326716,77,130,0,14-3-28 22:5:7,1
6GFX4U6PSI,110.369,34.5733,5326766,1,135,0,14-3-28 22:10:27,1
6GFX4U6PSI,110.369,34.5733,5326766,1,135,0,14-3-28 22:10:36,1
6GFX4U6PSI,110.369,34.5733,5326766,5,135,0,14-3-28 22:11:58,1
6GFX4U6PSI,110.353,34.5809,5326785,64,160,0,14-3-28 22:15:28,1
6GFX4U6PSI,110.347,34.5894,5326796,0,160,0,14-3-28 22:18:50,1
6GFX4U6PSI,110.347,34.5897,5326796,7,155,0,14-3-28 22:20:29,1
6GFX4U6PSI,110.34,34.5942,5326804,57,150,0,14-3-28 22:22:16,1
6GFX4U6PSI,110.305,34.6039,5326840,75,130,0,14-3-28 22:25:30,1
6GFX4U6PSI,110.302,34.6041,5326843,82,135,0,14-3-28 22:25:42,1
6GFX4U6PSI,110.251,34.6089,5326893,75,145,0,14-3-28 22:29:8,1
6GFX4U6PSI,110.231,34.6106,5326913,77,140,0,14-3-28 22:30:39,1
6GFX4U6PSI,110.204,34.6121,5326939,79,140,0,14-3-28 22:32:34,1
6GFX4U6PSI,110.16,34.6086,5326981,79,110,0,14-3-28 22:35:40,1
6GFX4U6PSI,110.157,34.6052,5326986,68,105,0,14-3-28 22:36:2,1
6GFX4U6PSI,110.127,34.5816,5327026,79,110,0,14-3-28 22:39:28,1
6GFX4U6PSI,110.116,34.5694,5327044,77,100,0,14-3-28 22:40:43,1
6GFX4U6PSI,110.095,34.55,5327074,75,115,0,14-3-28 22:42:54,1
6GFX4U6PSI,110.055,34.5402,5327114,80,130,0,14-3-28 22:45:44,1
6GFX4U6PSI,110.046,34.54,5327123,75,130,0,14-3-28 22:46:20,1
6GFX4U6PSI,109.999,34.5362,5327168,75,135,0,14-3-28 22:49:46,1
6GFX4U6PSI,109.99,34.5368,5327176,77,135,0,14-3-28 22:50:23,1
6GFX4U6PSI,109.985,34.5375,5327181,79,140,0,14-3-28 22:50:45,1
6GFX4U6PSI,109.941,34.5437,5327221,79,130,0,14-3-28 22:53:50,1
6GFX4U6PSI,109.917,34.5364,5327246,69,120,0,14-3-28 22:55:46,1
6GFX4U6PSI,109.898,34.5326,5327265,75,130,0,14-3-28 22:57:16,1
6GFX4U6PSI,109.849,34.5308,5327311,73,115,0,14-3-28 23:0:42,1
6GFX4U6PSI,109.848,34.5303,5327313,73,115,0,14-3-28 23:0:47,1
6GFX4U6PSI,109.805,34.5155,5327359,77,120,0,14-3-28 23:4:8,1
6GFX4U6PSI,109.782,34.5099,5327381,66,120,0,14-3-28 23:5:56,1
6GFX4U6PSI,109.762,34.5024,5327401,77,125,0,14-3-28 23:7:34,1
6GFX4U6PSI,109.711,34.4971,5327451,71,125,0,14-3-28 23:11:0,1
6GFX4U6PSI,109.708,34.4967,5327454,73,130,0,14-3-28 23:11:16,1
6GFX4U6PSI,109.662,34.4977,5327498,80,135,0,14-3-28 23:14:26,1
6GFX4U6PSI,109.636,34.5011,5327523,75,135,0,14-3-28 23:16:17,1
6GFX4U6PSI,109.615,34.5022,5327543,66,135,0,14-3-28 23:17:52,1
6GFX4U6PSI,109.572,34.4985,5327584,66,130,0,14-3-28 23:21:7,1
6GFX4U6PSI,109.57,34.4982,5327586,62,130,0,14-3-28 23:21:18,1
6GFX4U6PSI,109.538,34.4896,5327618,64,130,0,14-3-28 23:24:33,1
6GFX4U6PSI,109.518,34.4791,5327641,79,115,0,14-3-28 23:26:19,1
6GFX4U6PSI,109.5,34.4778,5327659,47,130,0,14-3-28 23:27:59,1
6GFX4U6PSI,109.458,34.4825,5327701,88,135,0,14-3-28 23:31:25,1
6GFX4U6PSI,109.408,34.4831,5327750,75,130,0,14-3-28 23:34:51,1
6GFX4U6PSI,109.388,34.4836,5327769,73,135,0,14-3-28 23:36:21,1
6GFX4U6PSI,109.36,34.4808,5327796,75,125,0,14-3-28 23:38:17,1
6GFX4U6PSI,109.32,34.4666,5327836,75,120,0,14-3-28 23:41:22,1
6GFX4U6PSI,109.315,34.465,5327841,79,120,0,14-3-28 23:41:43,1
6GFX4U6PSI,109.274,34.4409,5327890,73,120,0,14-3-28 23:45:9,1
6GFX4U6PSI,109.258,34.4351,5327906,71,120,0,14-3-28 23:46:23,1
6GFX4U6PSI,109.235,34.4183,5327936,69,110,0,14-3-28 23:48:35,1
6GFX4U6PSI,109.205,34.3991,5327973,71,115,0,14-3-28 23:51:34,1
6GFX4U6PSI,109.2,34.3956,5327978,71,105,0,14-3-28 23:52:1,1
6GFX4U6PSI,109.192,34.3858,5327991,58,105,0,14-3-28 23:53:12,1
6GFX4U6PSI,109.166,34.3644,5328026,53,110,0,14-3-28 23:56:35,1
6GFX4U6PSI,109.166,34.3641,5328026,53,110,0,14-3-28 23:56:38,1
6GFX4U6PSI,109.133,34.3401,5328069,80,115,0,14-3-29 0:0:4,1
6GFX4U6PSI,109.116,34.3279,5328091,80,110,0,14-3-29 0:1:36,1
6GFX4U6PSI,109.095,34.3164,5328115,60,120,0,14-3-29 0:3:30,1
6GFX4U6PSI,109.089,34.3088,5328130,0,0,0,14-3-29 0:6:37,1
6GFX4U6PSI,109.089,34.3088,5328130,1,85,0,14-3-29 0:6:57,1
6GFX4U6PSI,109.088,34.2879,5328153,60,95,0,14-3-29 0:10:23,1
6GFX4U6PSI,109.081,34.2783,5328166,47,110,0,14-3-29 0:11:38,1
6GFX4U6PSI,109.071,34.2671,5328183,38,95,0,14-3-29 0:13:49,1
6GFX4U6PSI,109.06,34.2438,5328211,64,95,0,14-3-29 0:16:41,1
6GFX4U6PSI,109.058,34.2386,5328218,58,90,0,14-3-29 0:17:15,1
6GFX4U6PSI,109.047,34.2148,5328248,40,105,0,14-3-29 0:20:41,1
6GFX4U6PSI,109.041,34.21,5328255,36,115,0,14-3-29 0:21:47,1
6GFX4U6PSI,109.028,34.2058,5328269,31,125,0,14-3-29 0:24:6,1
6GFX4U6PSI,109.003,34.1994,5328294,77,120,0,14-3-29 0:26:53,1
6GFX4U6PSI,108.994,34.1957,5328303,71,120,0,14-3-29 0:27:33,1
6GFX4U6PSI,108.951,34.19,5328346,80,135,0,14-3-29 0:30:59,1
6GFX4U6PSI,108.937,34.1892,5328359,71,130,0,14-3-29 0:31:59,1
6GFX4U6PSI,108.906,34.191,5328389,68,135,0,14-3-29 0:34:25,1
6GFX4U6PSI,108.89,34.1909,5328404,60,135,0,14-3-29 0:35:45,1
6GFX4U6PSI,108.874,34.1909,5328420,71,130,0,14-3-29 0:37:5,1
6GFX4U6PSI,108.849,34.1883,5328444,62,130,0,14-3-29 0:39:10,1
6GFX4U6PSI,108.82,34.1924,5328471,55,125,0,14-3-29 0:42:11,1
6GFX4U6PSI,108.818,34.1904,5328476,42,95,0,14-3-29 0:42:36,1
6GFX4U6PSI,108.79,34.175,5328509,62,125,0,14-3-29 0:46:2,1
6GFX4U6PSI,108.776,34.1708,5328523,69,120,0,14-3-29 0:47:13,1
6GFX4U6PSI,108.754,34.1574,5328549,66,115,0,14-3-29 0:49:28,1
6GFX4U6PSI,108.724,34.1468,5328580,62,125,0,14-3-29 0:52:14,1
6GFX4U6PSI,108.716,34.1452,5328588,66,125,0,14-3-29 0:52:54,1
6GFX4U6PSI,108.684,34.1282,5328625,60,100,0,14-3-29 0:56:20,1
6GFX4U6PSI,108.679,34.1203,5328636,68,100,0,14-3-29 0:57:15,1
6GFX4U6PSI,108.664,34.1018,5328661,58,110,0,14-3-29 0:59:46,1
6GFX4U6PSI,108.64,34.0903,5328688,57,125,0,14-3-29 1:2:16,1
6GFX4U6PSI,108.63,34.0887,5328698,60,130,0,14-3-29 1:3:12,1
6GFX4U6PSI,108.595,34.0859,5328731,64,120,0,14-3-29 1:6:39,1
6GFX4U6PSI,108.587,34.0819,5328740,60,110,0,14-3-29 1:7:24,1
6GFX4U6PSI,108.571,34.0649,5328765,46,110,0,14-3-29 1:10:5,1
6GFX4U6PSI,108.558,34.0551,5328781,29,105,0,14-3-29 1:12:25,1
6GFX4U6PSI,108.555,34.0506,5328788,36,105,0,14-3-29 1:13:31,1
6GFX4U6PSI,108.54,34.0342,5328811,38,100,0,14-3-29 1:16:57,1
6GFX4U6PSI,108.539,34.0318,5328814,31,95,0,14-3-29 1:17:26,1
6GFX4U6PSI,108.538,34.0285,5328818,31,95,0,14-3-29 1:18:8,1
6GFX4U6PSI,108.533,34.0179,5328831,36,95,0,14-3-29 1:21:34,1
6GFX4U6PSI,108.534,34.0123,5328836,42,90,0,14-3-29 1:22:27,1
6GFX4U6PSI,108.536,34.0024,5328850,0,90,0,14-3-29 1:25:1,0
6GFX4U6PSI,108.528,33.9911,5328861,25,110,0,14-3-29 1:27:28,1
6GFX4U6PSI,108.526,33.9877,5328866,36,80,0,14-3-29 1:28:27,1
6GFX4U6PSI,108.519,33.9704,5328886,34,100,0,14-3-29 1:31:53,1
6GFX4U6PSI,108.519,33.9674,5328891,25,85,0,14-3-29 1:32:30,1
6GFX4U6PSI,108.523,33.9547,5328906,33,80,0,14-3-29 1:35:19,1
6GFX4U6PSI,108.525,33.9454,5328916,34,100,0,14-3-29 1:37:31,1
6GFX4U6PSI,108.52,33.9404,5328923,25,105,0,14-3-29 1:38:45,1
6GFX4U6PSI,108.516,33.9298,5328933,20,110,0,14-3-29 1:42:11,1
6GFX4U6PSI,108.516,33.9297,5328933,0,110,0,14-3-29 1:42:33,0
6GFX4U6PSI,108.514,33.9173,5328946,34,95,0,14-3-29 1:45:37,1
6GFX4U6PSI,108.513,33.9083,5328956,31,70,0,14-3-29 1:47:33,1
6GFX4U6PSI,108.513,33.9034,5328961,0,10,0,14-3-29 1:49:3,0
6GFX4U6PSI,108.506,33.8936,5328966,0,130,0,14-3-29 1:52:35,0
6GFX4U6PSI,108.501,33.8822,5328974,0,140,0,14-3-29 1:55:55,0
6GFX4U6PSI,108.501,33.8757,5328974,0,155,0,14-3-29 1:57:36,0
6GFX4U6PSI,108.501,33.8709,5328976,14,95,0,14-3-29 1:59:21,1
6GFX4U6PSI,108.498,33.8629,5328983,16,85,0,14-3-29 2:2:37,1
6GFX4U6PSI,108.498,33.8627,5328983,0,85,0,14-3-29 2:2:48,0
6GFX4U6PSI,108.501,33.8534,5328989,14,90,0,14-3-29 2:6:14,1
6GFX4U6PSI,108.503,33.8502,5328994,22,65,0,14-3-29 2:7:38,1
6GFX4U6PSI,108.507,33.8444,5329001,22,90,0,14-3-29 2:9:40,1
6GFX4U6PSI,108.511,33.836,5329011,20,90,0,14-3-29 2:12:40,1
6GFX4U6PSI,108.511,33.8345,5329014,20,85,0,14-3-29 2:13:6,1
6GFX4U6PSI,108.515,33.8251,5329023,0,90,0,14-3-29 2:16:32,0
6GFX4U6PSI,108.515,33.8251,5329023,0,90,0,14-3-29 2:17:41,0
6GFX4U6PSI,108.515,33.8251,5329023,0,90,0,14-3-29 2:19:58,0
6GFX4U6PSI,108.515,33.8251,5329023,0,90,0,14-3-29 2:22:42,0
6GFX4U6PSI,108.515,33.8251,5329023,0,90,0,14-3-29 2:23:24,0
6GFX4U6PSI,108.515,33.8251,5329023,0,90,0,14-3-29 2:26:50,0
6GFX4U6PSI,108.515,33.8251,5329023,0,90,0,14-3-29 2:27:45,0
6GFX4U6PSI,108.515,33.8251,5329023,0,90,0,14-3-29 2:30:16,0
6GFX4U6PSI,108.515,33.8251,5329023,0,90,0,14-3-29 2:32:46,0
6GFX4U6PSI,108.515,33.8251,5329023,0,90,0,14-3-29 2:33:42,0
6GFX4U6PSI,108.515,33.8251,5329023,0,90,0,14-3-29 2:37:8,0
6GFX4U6PSI,108.515,33.8251,5329023,0,90,0,14-3-29 2:37:47,0
6GFX4U6PSI,108.515,33.8251,5329023,0,90,0,14-3-29 2:40:34,0
6GFX4U6PSI,108.515,33.8251,5329023,0,90,0,14-3-29 2:42:48,0
6GFX4U6PSI,108.515,33.8251,5329023,0,90,0,14-3-29 2:44:0,0
6GFX4U6PSI,108.515,33.8251,5329023,0,90,0,14-3-29 2:47:26,0
6GFX4U6PSI,108.515,33.8251,5329023,0,90,0,14-3-29 2:47:49,0
6GFX4U6PSI,108.515,33.8251,5329023,0,90,0,14-3-29 2:50:52,0
6GFX4U6PSI,108.515,33.8251,5329023,0,90,0,14-3-29 2:52:50,0
6GFX4U6PSI,108.427,33.6562,5329030,51,75,0,14-3-29 2:54:18,1
6GFX4U6PSI,108.444,33.634,5329061,64,70,0,14-3-29 2:57:45,1
6GFX4U6PSI,108.445,33.6323,5329064,62,75,0,14-3-29 2:57:56,1
6GFX4U6PSI,108.431,33.6101,5329093,55,110,0,14-3-29 3:1:11,1
6GFX4U6PSI,108.418,33.6006,5329108,51,125,0,14-3-29 3:3:2,1
6GFX4U6PSI,108.406,33.5951,5329121,0,120,0,14-3-29 3:4:37,0
6GFX4U6PSI,108.381,33.5781,5329150,55,125,0,14-3-29 3:8:3,1
6GFX4U6PSI,108.366,33.5558,5329178,57,110,0,14-3-29 3:11:30,1
6GFX4U6PSI,108.356,33.5451,5329189,58,100,0,14-3-29 3:13:10,1
6GFX4U6PSI,108.346,33.5358,5329195,0,105,0,14-3-29 3:14:55,0
6GFX4U6PSI,108.33,33.5109,5329221,0,100,0,14-3-29 3:18:13,0
6GFX4U6PSI,108.33,33.5109,5329221,0,100,0,14-3-29 3:18:21,0
6GFX4U6PSI,108.312,33.5002,5329239,0,115,0,14-3-29 3:21:23,0
6GFX4U6PSI,108.294,33.4935,5329254,46,155,0,14-3-29 3:23:14,1
6GFX4U6PSI,108.284,33.4893,5329266,0,130,0,14-3-29 3:24:49,0
6GFX4U6PSI,108.258,33.4789,5329283,0,115,0,14-3-29 3:28:15,0
6GFX4U6PSI,108.235,33.4547,5329310,0,95,0,14-3-29 3:31:42,0
6GFX4U6PSI,108.237,33.4413,5329324,57,90,0,14-3-29 3:33:16,1
6GFX4U6PSI,108.236,33.4258,5329336,0,80,0,14-3-29 3:35:8,0
6GFX4U6PSI,108.227,33.3996,5329368,57,95,0,14-3-29 3:38:17,1
6GFX4U6PSI,108.226,33.3973,5329371,55,115,0,14-3-29 3:38:36,1
6GFX4U6PSI,108.195,33.3848,5329403,49,100,0,14-3-29 3:42:1,1
6GFX4U6PSI,108.186,33.3782,5329415,51,135,0,14-3-29 3:43:18,1
6GFX4U6PSI,108.169,33.3709,5329431,62,105,0,14-3-29 3:45:28,1
6GFX4U6PSI,108.151,33.3569,5329443,23,110,0,14-3-29 3:48:19,1
6GFX4U6PSI,108.15,33.3557,5329446,20,120,0,14-3-29 3:48:54,1
6GFX4U6PSI,108.137,33.3508,5329456,0,110,0,14-3-29 3:52:20,0
6GFX4U6PSI,108.137,33.3508,5329456,0,110,0,14-3-29 3:53:20,0
6GFX4U6PSI,108.116,33.3365,5329458,0,120,0,14-3-29 3:55:46,0
6GFX4U6PSI,108.116,33.3365,5329459,0,120,0,14-3-29 3:58:21,0
6GFX4U6PSI,108.116,33.3365,5329459,0,120,0,14-3-29 3:59:12,0
6GFX4U6PSI,108.116,33.3365,5329459,0,120,0,14-3-29 4:2:38,0
6GFX4U6PSI,108.05,33.3096,5329461,46,160,0,14-3-29 4:3:24,1
6GFX4U6PSI,108.039,33.2971,5329484,31,95,0,14-3-29 4:6:6,1
6GFX4U6PSI,108.032,33.2918,5329494,20,130,0,14-3-29 4:8:26,1
6GFX4U6PSI,108.028,33.293,5329498,20,150,0,14-3-29 4:9:31,1
6GFX4U6PSI,108.016,33.2981,5329510,18,135,0,14-3-29 4:12:57,1
6GFX4U6PSI,108.015,33.2982,5329511,14,140,0,14-3-29 4:13:25,1
6GFX4U6PSI,108.008,33.3031,5329520,16,145,0,14-3-29 4:16:24,1
6GFX4U6PSI,108,33.3046,5329528,20,145,0,14-3-29 4:18:42,1
6GFX4U6PSI,107.996,33.306,5329531,0,140,0,14-3-29 4:19:50,0
6GFX4U6PSI,107.996,33.306,5329531,0,140,0,14-3-29 4:23:16,0
6GFX4U6PSI,107.996,33.306,5329531,0,140,0,14-3-29 4:23:43,0
6GFX4U6PSI,107.996,33.306,5329531,0,140,0,14-3-29 4:26:42,0
6GFX4U6PSI,107.996,33.306,5329531,0,140,0,14-3-29 4:28:44,0
6GFX4U6PSI,107.996,33.306,5329531,0,140,0,14-3-29 4:30:8,0
6GFX4U6PSI,107.889,33.2833,5329540,42,125,0,14-3-29 4:33:36,1
6GFX4U6PSI,107.887,33.2829,5329541,51,120,0,14-3-29 4:33:45,1
6GFX4U6PSI,107.857,33.2804,5329561,55,145,0,14-3-29 4:37:2,1
6GFX4U6PSI,107.842,33.2775,5329576,25,120,0,14-3-29 4:38:47,1
6GFX4U6PSI,107.834,33.2761,5329584,27,130,0,14-3-29 4:40:27,1
6GFX4U6PSI,107.819,33.2763,5329598,22,140,0,14-3-29 4:43:48,1
6GFX4U6PSI,107.819,33.2764,5329599,22,140,0,14-3-29 4:43:54,1
6GFX4U6PSI,107.808,33.2722,5329611,0,95,0,14-3-29 4:47:20,0
6GFX4U6PSI,107.793,33.2706,5329614,46,125,0,14-3-29 4:49:7,1
6GFX4U6PSI,107.777,33.2639,5329631,0,130,0,14-3-29 4:50:46,0
6GFX4U6PSI,107.741,33.2635,5329649,44,125,0,14-3-29 4:54:9,1
6GFX4U6PSI,107.741,33.2634,5329650,46,125,0,14-3-29 4:54:12,1
6GFX4U6PSI,107.734,33.2603,5329658,53,125,0,14-3-29 4:55:7,1
6GFX4U6PSI,107.715,33.2479,5329680,42,115,0,14-3-29 4:58:33,1
6GFX4U6PSI,107.711,33.2458,5329685,46,115,0,14-3-29 4:59:10,1
6GFX4U6PSI,107.692,33.2257,5329715,82,110,0,14-3-29 5:1:59,1
6GFX4U6PSI,107.668,33.2089,5329746,86,115,0,14-3-29 5:4:11,1
6GFX4U6PSI,107.65,33.2039,5329764,71,130,0,14-3-29 5:5:25,1
6GFX4U6PSI,107.611,33.2097,5329801,49,130,0,14-3-29 5:8:51,1
6GFX4U6PSI,107.608,33.2094,5329805,47,130,0,14-3-29 5:9:12,1
6GFX4U6PSI,107.58,33.2067,5329831,49,130,0,14-3-29 5:12:17,1
6GFX4U6PSI,107.563,33.204,5329849,47,125,0,14-3-29 5:14:13,1
6GFX4U6PSI,107.549,33.2005,5329864,57,125,0,14-3-29 5:15:43,1
6GFX4U6PSI,107.514,33.1973,5329896,57,125,0,14-3-29 5:19:14,1
6GFX4U6PSI,107.481,33.1896,5329930,47,125,0,14-3-29 5:22:36,1
6GFX4U6PSI,107.468,33.1842,5329944,46,120,0,14-3-29 5:24:15,1
6GFX4U6PSI,107.454,33.1775,5329959,57,115,0,14-3-29 5:26:2,1
6GFX4U6PSI,107.423,33.158,5329996,71,115,0,14-3-29 5:29:17,1
6GFX4U6PSI,107.421,33.1568,5329999,69,115,0,14-3-29 5:29:28,1
6GFX4U6PSI,107.398,33.1401,5330028,73,110,0,14-3-29 5:32:54,1
6GFX4U6PSI,107.381,33.1322,5330046,77,125,0,14-3-29 5:34:18,1
6GFX4U6PSI,107.36,33.1252,5330069,58,120,0,14-3-29 5:36:7,1
6GFX4U6PSI,107.329,33.1152,5330101,66,110,0,14-3-29 5:39:19,1
6GFX4U6PSI,107.326,33.1133,5330105,62,110,0,14-3-29 5:39:34,1
6GFX4U6PSI,107.288,33.1078,5330144,66,125,0,14-3-29 5:43:0,1
6GFX4U6PSI,107.273,33.1014,5330160,69,115,0,14-3-29 5:44:22,1
6GFX4U6PSI,107.252,33.092,5330183,60,125,0,14-3-29 5:46:26,1
6GFX4U6PSI,107.223,33.0789,5330216,64,115,0,14-3-29 5:49:24,1
6GFX4U6PSI,107.218,33.0765,5330221,66,120,0,14-3-29 5:49:52,1
6GFX4U6PSI,107.183,33.0631,5330259,58,130,0,14-3-29 5:53:18,1
6GFX4U6PSI,107.17,33.0615,5330271,62,125,0,14-3-29 5:54:25,1
6GFX4U6PSI,107.145,33.0514,5330298,62,120,0,14-3-29 5:56:44,1
6GFX4U6PSI,107.115,33.0442,5330329,62,120,0,14-3-29 5:59:25,1
6GFX4U6PSI,107.108,33.0406,5330336,60,120,0,14-3-29 6:0:9,1
6GFX4U6PSI,107.073,33.0251,5330375,60,125,0,14-3-29 6:3:35,1
6GFX4U6PSI,107.063,33.0248,5330384,62,135,0,14-3-29 6:4:26,1
6GFX4U6PSI,107.038,33.0233,5330408,14,125,0,14-3-29 6:7:1,1
6GFX4U6PSI,107.038,33.0233,5330409,3,125,0,14-3-29 6:9:27,1
6GFX4U6PSI,107.034,33.0221,5330411,33,125,0,14-3-29 6:10:27,1
6GFX4U6PSI,107.003,33.0202,5330443,69,135,0,14-3-29 6:13:53,1
6GFX4U6PSI,106.993,33.0215,5330451,75,140,0,14-3-29 6:14:36,1
6GFX4U6PSI,106.966,33.0326,5330481,71,145,0,14-3-29 6:16:57,1
6GFX4U6PSI,106.933,33.0461,5330516,68,145,0,14-3-29 6:19:46,1
6GFX4U6PSI,106.926,33.0477,5330524,53,140,0,14-3-29 6:20:23,1
6GFX4U6PSI,106.887,33.0577,5330564,51,135,0,14-3-29 6:23:50,1
6GFX4U6PSI,106.876,33.058,5330574,68,130,0,14-3-29 6:24:51,1
6GFX4U6PSI,106.844,33.0549,5330606,75,130,0,14-3-29 6:27:15,1
6GFX4U6PSI,106.815,33.0534,5330634,71,125,0,14-3-29 6:29:52,1
6GFX4U6PSI,106.807,33.0573,5330644,62,170,0,14-3-29 6:30:41,1
6GFX4U6PSI,106.786,33.0676,5330671,66,130,0,14-3-29 6:34:7,1
6GFX4U6PSI,106.776,33.0656,5330681,69,125,0,14-3-29 6:34:53,1
6GFX4U6PSI,106.743,33.0786,5330703,88,140,0,14-3-29 6:37:34,1
6GFX4U6PSI,106.711,33.0727,5330736,73,130,0,14-3-29 6:39:56,1
6GFX4U6PSI,106.697,33.0706,5330749,55,125,0,14-3-29 6:41:0,1
6GFX4U6PSI,106.652,33.0598,5330795,73,120,0,14-3-29 6:44:27,1
6GFX4U6PSI,106.647,33.0572,5330800,62,115,0,14-3-29 6:44:57,1
6GFX4U6PSI,106.638,33.0322,5330825,73,90,0,14-3-29 6:47:55,1
6GFX4U6PSI,106.614,33.029,5330851,75,140,0,14-3-29 6:49:58,1
6GFX4U6PSI,106.597,33.0249,5330868,75,120,0,14-3-29 6:51:20,1
6GFX4U6PSI,106.573,33.0183,5330891,64,120,0,14-3-29 6:53:18,1
6GFX4U6PSI,106.555,33.0135,5330906,75,130,0,14-3-29 6:55:2,1
6GFX4U6PSI,106.534,33.007,5330929,69,125,0,14-3-29 6:56:45,1
6GFX4U6PSI,106.522,32.9798,5330961,51,95,0,14-3-29 7:0:4,1
6GFX4U6PSI,106.521,32.9788,5330964,44,90,0,14-3-29 7:0:12,1
6GFX4U6PSI,106.497,32.971,5330986,64,130,0,14-3-29 7:3:38,1
6GFX4U6PSI,106.48,32.9727,5331005,71,130,0,14-3-29 7:5:9,1
6GFX4U6PSI,106.463,32.9758,5331021,40,120,0,14-3-29 7:7:5,1
6GFX4U6PSI,106.442,32.9541,5331056,77,90,0,14-3-29 7:10:10,1
6GFX4U6PSI,106.444,32.9506,5331061,73,60,0,14-3-29 7:10:31,1
6GFX4U6PSI,106.434,32.9154,5331104,66,95,0,14-3-29 7:13:58,1
6GFX4U6PSI,106.427,32.9063,5331119,80,130,0,14-3-29 7:15:11,1
6GFX4U6PSI,106.416,32.8889,5331143,0,110,0,14-3-29 7:17:24,0
6GFX4U6PSI,106.405,32.862,5331176,75,110,0,14-3-29 7:20:12,1
6GFX4U6PSI,106.398,32.8583,5331185,75,140,0,14-3-29 7:20:50,1
6GFX4U6PSI,106.359,32.8512,5331230,73,125,0,14-3-29 7:24:16,1
6GFX4U6PSI,106.347,32.8475,5331241,75,115,0,14-3-29 7:25:13,1
6GFX4U6PSI,106.317,32.8391,5331276,80,105,0,14-3-29 7:27:42,1
6GFX4U6PSI,106.296,32.8321,5331299,0,0,0,14-3-29 7:30:14,1
6GFX4U6PSI,106.296,32.8321,5331299,0,0,0,14-3-29 7:31:8,1
6GFX4U6PSI,106.296,32.8321,5331299,0,0,0,14-3-29 7:34:34,1
6GFX4U6PSI,106.296,32.8321,5331299,0,0,0,14-3-29 7:35:15,1
6GFX4U6PSI,106.296,32.8321,5331299,0,0,0,14-3-29 7:38:0,1
6GFX4U6PSI,106.294,32.8312,5331301,33,120,0,14-3-29 7:39:47,1
6GFX4U6PSI,106.291,32.83,5331304,40,120,0,14-3-29 7:40:16,1
6GFX4U6PSI,106.258,32.8226,5331339,68,140,0,14-3-29 7:43:14,1
6GFX4U6PSI,106.25,32.823,5331346,0,0,0,14-3-29 7:45:17,1
6GFX4U6PSI,106.25,32.8229,5331346,0,0,0,14-3-29 7:46:40,1
6GFX4U6PSI,106.249,32.8228,5331348,1,120,0,14-3-29 7:50:6,1
6GFX4U6PSI,106.249,32.8226,5331348,18,120,0,14-3-29 7:50:19,1
6GFX4U6PSI,106.229,32.8057,5331376,53,120,0,14-3-29 7:53:32,1
6GFX4U6PSI,106.209,32.7944,5331399,73,125,0,14-3-29 7:55:23,1
6GFX4U6PSI,106.195,32.7861,5331413,60,95,0,14-3-29 7:56:58,1
6GFX4U6PSI,106.17,32.7728,5331441,51,130,0,14-3-29 8:0:24,1
6GFX4U6PSI,106.167,32.7726,5331444,0,130,0,14-3-29 8:3:51,0
6GFX4U6PSI,106.167,32.7726,5331444,0,130,0,14-3-29 8:5:25,0
6GFX4U6PSI,106.107,32.7235,5331464,0,130,0,14-3-29 8:8:35,0
6GFX4U6PSI,106.098,32.7212,5331471,73,130,0,14-3-29 8:9:8,1
6GFX4U6PSI,106.078,32.7201,5331491,71,105,0,14-3-29 8:10:45,1
6GFX4U6PSI,106.047,32.7066,5331526,79,120,0,14-3-29 8:13:52,1
6GFX4U6PSI,106.043,32.7051,5331529,58,120,0,14-3-29 8:14:11,1
6GFX4U6PSI,106.028,32.6987,5331546,64,125,0,14-3-29 8:17:37,1
6GFX4U6PSI,106.016,32.6924,5331561,55,105,0,14-3-29 8:18:51,1
6GFX4U6PSI,105.994,32.683,5331585,64,120,0,14-3-29 8:21:2,1
6GFX4U6PSI,105.954,32.6745,5331628,77,110,0,14-3-29 8:23:52,1
6GFX4U6PSI,105.95,32.6705,5331634,0,105,0,14-3-29 8:24:28,0
6GFX4U6PSI,105.907,32.6477,5331663,101,110,0,14-3-29 8:27:55,1
6GFX4U6PSI,105.895,32.6421,5331676,71,125,0,14-3-29 8:28:53,1
6GFX4U6PSI,105.889,32.6405,5331683,0,115,0,14-3-29 8:31:20,0
6GFX4U6PSI,105.872,32.5959,5331716,79,105,0,14-3-29 8:33:54,1
6GFX4U6PSI,105.86,32.5911,5331729,88,100,0,14-3-29 8:34:47,1
6GFX4U6PSI,105.846,32.5569,5331776,55,75,0,14-3-29 8:38:12,1
6GFX4U6PSI,105.84,32.5406,5331791,84,85,0,14-3-29 8:40:13,1
6GFX4U6PSI,105.837,32.5354,5331798,90,95,0,14-3-29 8:40:38,1
6GFX4U6PSI,105.844,32.5234,5331813,82,70,0,14-3-29 8:41:38,1
6GFX4U6PSI,105.849,32.4857,5331858,69,90,0,14-3-29 8:45:4,1
6GFX4U6PSI,105.847,32.4815,5331863,69,115,0,14-3-29 8:45:30,1
6GFX4U6PSI,105.818,32.4681,5331899,55,110,0,14-3-29 8:48:30,1
6GFX4U6PSI,105.81,32.4563,5331915,80,95,0,14-3-29 8:50:36,1
6GFX4U6PSI,105.794,32.4517,5331931,0,125,0,14-3-29 8:51:56,0
6GFX4U6PSI,105.761,32.4267,5331976,46,115,0,14-3-29 8:55:22,1
6GFX4U6PSI,105.76,32.4259,5331978,33,120,0,14-3-29 8:55:36,1
6GFX4U6PSI,105.759,32.4255,5331979,18,115,0,14-3-29 8:58:48,1
6GFX4U6PSI,105.749,32.4099,5331999,0,105,0,14-3-29 9:0:48,0
6GFX4U6PSI,105.742,32.3967,5332010,79,100,0,14-3-29 9:2:14,1
6GFX4U6PSI,105.722,32.3636,5332053,68,110,0,14-3-29 9:5:40,1
6GFX4U6PSI,105.719,32.362,5332056,64,115,0,14-3-29 9:5:54,1
6GFX4U6PSI,105.688,32.3589,5332088,64,140,0,14-3-29 9:9:6,1
6GFX4U6PSI,105.667,32.3568,5332109,68,125,0,14-3-29 9:10:56,1
6GFX4U6PSI,105.658,32.3548,5332118,22,125,0,14-3-29 9:12:32,1
6GFX4U6PSI,105.632,32.3494,5332140,71,115,0,14-3-29 9:15:59,1
6GFX4U6PSI,105.602,32.3358,5332174,82,105,0,14-3-29 9:19:25,1
6GFX4U6PSI,105.576,32.3143,5332209,46,115,0,14-3-29 9:22:33,1
6GFX4U6PSI,105.55,32.2992,5332240,38,115,0,14-3-29 9:26:0,1
6GFX4U6PSI,105.528,32.2781,5332275,77,105,0,14-3-29 9:29:25,1
6GFX4U6PSI,105.508,32.2794,5332295,55,135,0,14-3-29 9:31:1,1
6GFX4U6PSI,105.488,32.2783,5332315,58,135,0,14-3-29 9:32:51,1
6GFX4U6PSI,105.471,32.2734,5332334,29,125,0,14-3-29 9:36:2,1
6GFX4U6PSI,105.47,32.2731,5332336,25,125,0,14-3-29 9:36:17,1
6GFX4U6PSI,105.458,32.2643,5332351,25,115,0,14-3-29 9:39:43,1
6GFX4U6PSI,105.454,32.2595,5332358,29,100,0,14-3-29 9:41:3,1
6GFX4U6PSI,105.448,32.2569,5332365,0,125,0,14-3-29 9:43:9,0
6GFX4U6PSI,105.415,32.2391,5332391,25,120,0,14-3-29 9:46:4,1
6GFX4U6PSI,105.413,32.2381,5332394,27,115,0,14-3-29 9:46:35,1
6GFX4U6PSI,105.401,32.2315,5332409,22,125,0,14-3-29 9:50:1,1
6GFX4U6PSI,105.396,32.2304,5332413,25,125,0,14-3-29 9:51:5,1
6GFX4U6PSI,105.388,32.2245,5332424,18,100,0,14-3-29 9:53:27,1
6GFX4U6PSI,105.384,32.2202,5332430,0,105,0,14-3-29 9:56:6,0
6GFX4U6PSI,105.368,32.2099,5332436,79,115,0,14-3-29 9:56:53,1
6GFX4U6PSI,105.334,32.1859,5332481,71,115,0,14-3-29 10:0:19,1
6GFX4U6PSI,105.326,32.1809,5332491,73,115,0,14-3-29 10:1:7,1
6GFX4U6PSI,105.306,32.1705,5332513,25,115,0,14-3-29 10:3:45,1
6GFX4U6PSI,105.299,32.1652,5332523,20,110,0,14-3-29 10:6:8,1
6GFX4U6PSI,105.294,32.1623,5332529,46,115,0,14-3-29 10:7:11,1
6GFX4U6PSI,105.264,32.1458,5332565,33,120,0,14-3-29 10:10:37,1
6GFX4U6PSI,105.261,32.1445,5332568,31,120,0,14-3-29 10:11:10,1
6GFX4U6PSI,105.244,32.1313,5332590,40,110,0,14-3-29 10:14:3,1
6GFX4U6PSI,105.238,32.1261,5332599,0,115,0,14-3-29 10:16:11,0
6GFX4U6PSI,105.23,32.1223,5332601,29,105,0,14-3-29 10:17:29,1
6GFX4U6PSI,105.217,32.1069,5332623,71,105,0,14-3-29 10:19:38,1
6GFX4U6PSI,105.201,32.0938,5332645,84,120,0,14-3-29 10:21:12,1
6GFX4U6PSI,105.182,32.0775,5332671,75,115,0,14-3-29 10:23:5,1
6GFX4U6PSI,105.169,32.0702,5332686,0,90,0,14-3-29 10:26:13,0
6GFX4U6PSI,105.163,32.0649,5332688,47,115,0,14-3-29 10:26:31,1
6GFX4U6PSI,105.134,32.0409,5332728,86,115,0,14-3-29 10:29:57,1
6GFX4U6PSI,105.126,32.0286,5332745,66,85,0,14-3-29 10:31:14,1
6GFX4U6PSI,105.114,32.0087,5332771,60,110,0,14-3-29 10:33:24,1
6GFX4U6PSI,105.088,31.9883,5332806,84,115,0,14-3-29 10:36:15,1
6GFX4U6PSI,105.082,31.9823,5332815,82,100,0,14-3-29 10:36:51,1
6GFX4U6PSI,105.059,31.9528,5332856,66,95,0,14-3-29 10:40:17,1
6GFX4U6PSI,105.052,31.9441,5332869,77,110,0,14-3-29 10:41:16,1
6GFX4U6PSI,105.033,31.9221,5332901,69,105,0,14-3-29 10:43:43,1
6GFX4U6PSI,105.018,31.8995,5332931,57,100,0,14-3-29 10:46:17,1
6GFX4U6PSI,105.014,31.893,5332940,58,105,0,14-3-29 10:47:9,1
6GFX4U6PSI,104.981,31.882,5332976,64,115,0,14-3-29 10:50:35,1
6GFX4U6PSI,104.975,31.8777,5332984,64,105,0,14-3-29 10:51:18,1
6GFX4U6PSI,104.958,31.8615,5333009,34,120,0,14-3-29 10:54:1,1
6GFX4U6PSI,104.937,31.85,5333034,75,110,0,14-3-29 10:56:21,1
6GFX4U6PSI,104.906,31.8286,5333075,68,100,0,14-3-29 10:59:48,1
6GFX4U6PSI,104.894,31.8145,5333095,75,100,0,14-3-29 11:1:22,1
6GFX4U6PSI,104.882,31.7973,5333120,71,120,0,14-3-29 11:3:14,1
6GFX4U6PSI,104.862,31.766,5333161,93,100,0,14-3-29 11:6:33,1
6GFX4U6PSI,104.861,31.7647,5333164,82,100,0,14-3-29 11:6:40,1
6GFX4U6PSI,104.831,31.7353,5333210,75,110,0,14-3-29 11:10:6,1
6GFX4U6PSI,104.822,31.723,5333226,51,100,0,14-3-29 11:11:34,1
6GFX4U6PSI,104.812,31.7136,5333241,47,100,0,14-3-29 11:13:32,1
6GFX4U6PSI,104.801,31.6863,5333276,80,105,0,14-3-29 11:16:34,1
6GFX4U6PSI,104.798,31.6822,5333281,77,100,0,14-3-29 11:16:57,1
6GFX4U6PSI,104.783,31.6472,5333325,60,100,0,14-3-29 11:20:23,1
6GFX4U6PSI,104.778,31.6364,5333338,57,100,0,14-3-29 11:21:35,1
6GFX4U6PSI,104.77,31.6233,5333355,25,100,0,14-3-29 11:23:50,1
6GFX4U6PSI,104.756,31.5999,5333385,82,110,0,14-3-29 11:27:16,1
6GFX4U6PSI,104.728,31.565,5333435,71,130,0,14-3-29 11:30:42,1
6GFX4U6PSI,104.72,31.5642,5333443,90,130,0,14-3-29 11:31:15,1
6GFX4U6PSI,104.714,31.5635,5333449,80,130,0,14-3-29 11:31:37,1
6GFX4U6PSI,104.688,31.5533,5333478,20,100,0,14-3-29 11:34:41,1
6GFX4U6PSI,104.683,31.5447,5333489,66,100,0,14-3-29 11:36:38,1
6GFX4U6PSI,104.673,31.5305,5333508,64,110,0,14-3-29 11:38:7,1
6GFX4U6PSI,104.66,31.5208,5333525,40,105,0,14-3-29 11:41:33,1
6GFX4U6PSI,104.659,31.52,5333526,44,105,0,14-3-29 11:41:43,1
6GFX4U6PSI,104.637,31.491,5333568,93,90,0,14-3-29 11:44:59,1
6GFX4U6PSI,104.621,31.4754,5333593,69,115,0,14-3-29 11:46:44,1
6GFX4U6PSI,104.606,31.4643,5333611,64,100,0,14-3-29 11:48:25,1
6GFX4U6PSI,104.592,31.4355,5333649,55,100,0,14-3-29 11:51:45,1
6GFX4U6PSI,104.591,31.4348,5333650,53,100,0,14-3-29 11:51:51,1
6GFX4U6PSI,104.58,31.4134,5333676,53,95,0,14-3-29 11:55:17,1
6GFX4U6PSI,104.575,31.4074,5333685,27,110,0,14-3-29 11:56:46,1
6GFX4U6PSI,104.562,31.3953,5333705,62,110,0,14-3-29 11:58:43,1
6GFX4U6PSI,104.539,31.3672,5333744,71,110,0,14-3-29 12:1:47,1
6GFX4U6PSI,104.535,31.3646,5333749,66,110,0,14-3-29 12:2:9,1
6GFX4U6PSI,104.514,31.3377,5333786,75,115,0,14-3-29 12:5:35,1
6GFX4U6PSI,104.504,31.3276,5333801,69,100,0,14-3-29 12:6:48,1
6GFX4U6PSI,104.488,31.3157,5333824,31,110,0,14-3-29 12:9:2,1
6GFX4U6PSI,104.466,31.3057,5333849,64,120,0,14-3-29 12:11:49,1
6GFX4U6PSI,104.46,31.3036,5333855,55,120,0,14-3-29 12:12:24,1
6GFX4U6PSI,104.442,31.2776,5333895,80,70,0,14-3-29 12:15:50,1
6GFX4U6PSI,104.444,31.2673,5333906,68,95,0,14-3-29 12:16:51,1
6GFX4U6PSI,104.432,31.2432,5333938,68,90,0,14-3-29 12:19:16,1
6GFX4U6PSI,104.431,31.208,5333978,66,80,0,14-3-29 12:22:42,1
6GFX4U6PSI,104.428,31.175,5334016,64,95,0,14-3-29 12:26:8,1
6GFX4U6PSI,104.427,31.1675,5334025,68,85,0,14-3-29 12:26:53,1
6GFX4U6PSI,104.419,31.1399,5334058,68,90,0,14-3-29 12:29:35,1
6GFX4U6PSI,104.417,31.1156,5334086,69,85,0,14-3-29 12:31:55,1
6GFX4U6PSI,104.417,31.1044,5334099,69,85,0,14-3-29 12:33:1,1
6GFX4U6PSI,104.387,31.0814,5334144,64,125,0,14-3-29 12:36:28,1
6GFX4U6PSI,104.382,31.0789,5334150,66,110,0,14-3-29 12:36:58,1
6GFX4U6PSI,104.377,31.0472,5334186,69,90,0,14-3-29 12:39:54,1
6GFX4U6PSI,104.37,31.0252,5334214,71,105,0,14-3-29 12:42:1,1
6GFX4U6PSI,104.356,31.0187,5334229,69,120,0,14-3-29 12:43:20,1
6GFX4U6PSI,104.333,30.9948,5334265,69,105,0,14-3-29 12:46:16,1
6GFX4U6PSI,104.327,30.9864,5334276,68,105,0,14-3-29 12:47:12,1
6GFX4U6PSI,104.308,30.9674,5334306,66,115,0,14-3-29 12:49:42,1
6GFX4U6PSI,104.292,30.9454,5334336,68,105,0,14-3-29 12:52:13,1
6GFX4U6PSI,104.284,30.94,5334346,66,115,0,14-3-29 12:53:8,1
6GFX4U6PSI,104.258,30.9154,5334385,64,100,0,14-3-29 12:56:34,1
6GFX4U6PSI,104.254,30.9099,5334393,66,110,0,14-3-29 12:57:14,1
6GFX4U6PSI,104.227,30.895,5334424,62,115,0,14-3-29 13:0:1,1
6GFX4U6PSI,104.219,30.8754,5334449,71,95,0,14-3-29 13:2:15,1
6GFX4U6PSI,104.215,30.8634,5334464,57,85,0,14-3-29 13:3:27,1
6GFX4U6PSI,104.211,30.8585,5334471,0,115,0,14-3-29 13:6:54,1
6GFX4U6PSI,104.211,30.8585,5334471,0,0,0,14-3-29 13:7:16,1
6GFX4U6PSI,104.197,30.8614,5334486,7,145,0,14-3-29 13:10:20,1
6GFX4U6PSI,104.184,30.8658,5334499,57,145,0,14-3-29 13:12:27,1
6GFX4U6PSI,104.17,30.8681,5334514,62,125,0,14-3-29 13:13:46,1
6GFX4U6PSI,104.15,30.8461,5334546,11,100,0,14-3-29 13:17:13,1
6GFX4U6PSI,104.149,30.8453,5334548,31,100,0,14-3-29 13:17:28,1
6GFX4U6PSI,104.147,30.8331,5334568,29,10,0,14-3-29 13:20:39,1
6GFX4U6PSI,104.15,30.834,5334571,0,0,0,14-3-29 13:22:32,1
6GFX4U6PSI,104.15,30.8341,5334571,0,0,0,14-3-29 13:24:5,1
6GFX4U6PSI,104.15,30.8339,5334573,0,0,0,14-3-29 13:27:36,1
6GFX4U6PSI,104.15,30.8334,5334574,11,20,0,14-3-29 13:30:57,1
6GFX4U6PSI,104.15,30.8338,5334575,0,0,0,14-3-29 13:32:37,1
6GFX4U6PSI,104.15,30.8338,5334575,0,0,0,14-3-29 13:34:23,1
6GFX4U6PSI,104.15,30.8332,5334575,0,0,0,14-3-29 13:37:38,1
6GFX4U6PSI,104.15,30.8332,5334575,0,0,0,14-3-29 13:37:49,1
6GFX4U6PSI,104.145,30.8325,5334581,23,140,0,14-3-29 13:41:15,1
6GFX4U6PSI,104.145,30.8366,5334586,31,10,0,14-3-29 13:42:39,1
6GFX4U6PSI,104.148,30.8434,5334596,44,10,0,14-3-29 13:44:41,1
6GFX4U6PSI,104.156,30.8581,5334614,44,15,0,14-3-29 13:47:40,1
6GFX4U6PSI,104.158,30.8607,5334618,47,20,0,14-3-29 13:48:7,1
6GFX4U6PSI,104.178,30.8675,5334640,34,50,0,14-3-29 13:51:33,1
6GFX4U6PSI,104.186,30.8647,5334649,5,55,0,14-3-29 13:52:44,1
6GFX4U6PSI,104.192,30.8627,5334655,0,55,0,14-3-29 13:54:59,1
6GFX4U6PSI,104.205,30.8592,5334668,34,50,0,14-3-29 13:57:44,1
6GFX4U6PSI,104.207,30.8588,5334670,27,50,0,14-3-29 13:58:24,1
6GFX4U6PSI,104.209,30.8585,5334671,0,0,0,14-3-29 14:1:50,1
6GFX4U6PSI,104.209,30.8585,5334671,0,0,0,14-3-29 14:2:45,1
6GFX4U6PSI,104.209,30.8584,5334671,0,0,0,14-3-29 14:5:16,1
6GFX4U6PSI,104.21,30.8582,5334671,0,0,0,14-3-29 14:7:46,1
6GFX4U6PSI,104.21,30.8582,5334671,0,0,0,14-3-29 14:8:42,1
6GFX4U6PSI,104.218,30.8567,5334681,58,50,0,14-3-29 14:12:8,1
6GFX4U6PSI,104.221,30.8562,5334683,47,50,0,14-3-29 14:12:28,1
6GFX4U6PSI,104.223,30.8559,5334685,7,20,0,14-3-29 14:12:49,1
6GFX4U6PSI,104.215,30.8663,5334701,58,0,0,14-3-29 14:15:54,1
6GFX4U6PSI,104.221,30.8841,5334723,62,5,0,14-3-29 14:17:51,1
6GFX4U6PSI,104.229,30.8959,5334739,62,25,0,14-3-29 14:19:20,1
6GFX4U6PSI,104.26,30.918,5334780,57,10,0,14-3-29 14:22:53,1
6GFX4U6PSI,104.285,30.9402,5334816,62,25,0,14-3-29 14:26:12,1
6GFX4U6PSI,104.297,30.9526,5334835,62,10,0,14-3-29 14:27:54,1
6GFX4U6PSI,104.307,30.9666,5334854,68,25,0,14-3-29 14:29:38,1
6GFX4U6PSI,104.331,30.992,5334893,68,15,0,14-3-29 14:32:56,1
6GFX4U6PSI,104.332,30.9932,5334895,69,15,0,14-3-29 14:33:4,1
6GFX4U6PSI,104.36,31.02,5334936,64,30,0,14-3-29 14:36:30,1
6GFX4U6PSI,104.373,31.0291,5334954,68,10,0,14-3-29 14:37:57,1
6GFX4U6PSI,104.377,31.0488,5334976,68,0,0,14-3-29 14:39:56,1
6GFX4U6PSI,104.381,31.0644,5334996,1,170,0,14-3-29 14:42:58,1
6GFX4U6PSI,104.381,31.0645,5334996,0,0,0,14-3-29 14:43:22,1
6GFX4U6PSI,104.38,31.0724,5335006,53,0,0,14-3-29 14:46:48,1
6GFX4U6PSI,104.386,31.0811,5335019,62,30,0,14-3-29 14:47:59,1
6GFX4U6PSI,104.411,31.088,5335045,68,15,0,14-3-29 14:50:14,1
6GFX4U6PSI,104.417,31.1129,5335075,64,175,0,14-3-29 14:53:0,1
6GFX4U6PSI,104.417,31.12,5335083,68,0,0,14-3-29 14:53:41,1
6GFX4U6PSI,104.419,31.1331,5335098,66,0,0,14-3-29 14:55:1,1
6GFX4U6PSI,104.427,31.1616,5335131,58,0,0,14-3-29 14:58:1,1
6GFX4U6PSI,104.427,31.1654,5335136,60,0,0,14-3-29 14:58:27,1
6GFX4U6PSI,104.432,31.1992,5335176,64,0,0,14-3-29 15:1:53,1
6GFX4U6PSI,104.431,31.2112,5335190,71,175,0,14-3-29 15:3:2,1
6GFX4U6PSI,104.431,31.2352,5335216,68,0,0,14-3-29 15:5:19,1
6GFX4U6PSI,104.441,31.2609,5335248,64,10,0,14-3-29 15:8:4,1
6GFX4U6PSI,104.444,31.2668,5335256,58,10,0,14-3-29 15:8:45,1
6GFX4U6PSI,104.459,31.2939,5335290,46,5,0,14-3-29 15:12:11,1
6GFX4U6PSI,104.463,31.2982,5335296,53,30,0,14-3-29 15:13:5,1
6GFX4U6PSI,104.491,31.3147,5335331,80,25,0,14-3-29 15:15:37,1
6GFX4U6PSI,104.502,31.3244,5335346,25,20,0,14-3-29 15:18:6,1
6GFX4U6PSI,104.506,31.3298,5335354,53,10,0,14-3-29 15:19:3,1
6GFX4U6PSI,104.529,31.3548,5335391,71,10,0,14-3-29 15:22:29,1
6GFX4U6PSI,104.532,31.3615,5335399,66,15,0,14-3-29 15:23:10,1
6GFX4U6PSI,104.552,31.3816,5335429,57,10,0,14-3-29 15:25:55,1
6GFX4U6PSI,104.561,31.3941,5335446,38,20,0,14-3-29 15:28:11,1
6GFX4U6PSI,104.567,31.4022,5335456,47,25,0,14-3-29 15:29:21,1
6GFX4U6PSI,104.584,31.4226,5335486,66,5,0,14-3-29 15:32:47,1
6GFX4U6PSI,104.586,31.4266,5335491,79,15,0,14-3-29 15:33:12,1
6GFX4U6PSI,104.594,31.4411,5335511,69,0,0,14-3-29 15:34:38,1
6GFX4U6PSI,104.615,31.4717,5335553,69,25,0,14-3-29 15:38:13,1
6GFX4U6PSI,104.637,31.4961,5335591,58,0,0,14-3-29 15:41:31,1
6GFX4U6PSI,104.641,31.5045,5335601,29,20,0,14-3-29 15:43:14,1
6GFX4U6PSI,104.658,31.5173,5335623,11,15,0,14-3-29 15:48:15,1
6GFX4U6PSI,104.658,31.5177,5335624,14,10,0,14-3-29 15:48:24,1
6GFX4U6PSI,104.682,31.5439,5335663,57,10,0,14-3-29 15:51:50,1
6GFX4U6PSI,104.689,31.5556,5335678,77,15,0,14-3-29 15:53:21,1
6GFX4U6PSI,104.714,31.5634,5335705,69,40,0,14-3-29 15:55:16,1
6GFX4U6PSI,104.738,31.5773,5335736,55,10,0,14-3-29 15:58:28,1
6GFX4U6PSI,104.739,31.5792,5335739,55,15,0,14-3-29 15:58:42,1
6GFX4U6PSI,104.753,31.5961,5335761,27,20,0,14-3-29 16:2:8,1
6GFX4U6PSI,104.757,31.6011,5335769,29,15,0,14-3-29 16:3:33,1
6GFX4U6PSI,104.782,31.6435,5335824,73,5,0,14-3-29 16:8:39,1
6GFX4U6PSI,104.783,31.647,5335828,62,10,0,14-3-29 16:9:1,1
6GFX4U6PSI,104.794,31.6755,5335863,55,10,0,14-3-29 16:12:27,1
6GFX4U6PSI,104.801,31.686,5335876,62,15,0,14-3-29 16:13:44,1
6GFX4U6PSI,104.811,31.7029,5335899,64,0,0,14-3-29 16:15:54,1
6GFX4U6PSI,104.821,31.7213,5335923,84,15,0,14-3-29 16:17:56,1
6GFX4U6PSI,104.827,31.7312,5335936,95,15,0,14-3-29 16:18:45,1
6GFX4U6PSI,104.846,31.7535,5335968,55,15,0,14-3-29 16:21:23,1
6GFX4U6PSI,104.864,31.7697,5335995,58,10,0,14-3-29 16:23:46,1
6GFX4U6PSI,104.869,31.7765,5336004,36,15,0,14-3-29 16:24:49,1
6GFX4U6PSI,104.887,31.7996,5336038,69,25,0,14-3-29 16:28:15,1
6GFX4U6PSI,104.891,31.8041,5336045,69,10,0,14-3-29 16:28:47,1
6GFX4U6PSI,104.907,31.8312,5336080,68,10,0,14-3-29 16:31:41,1
6GFX4U6PSI,104.929,31.8454,5336108,73,30,0,14-3-29 16:33:48,1
6GFX4U6PSI,104.943,31.8545,5336126,71,25,0,14-3-29 16:35:8,1
6GFX4U6PSI,104.979,31.8805,5336173,75,25,0,14-3-29 16:38:33,1
6GFX4U6PSI,104.981,31.8824,5336176,82,25,0,14-3-29 16:38:48,1
6GFX4U6PSI,105.017,31.8967,5336218,71,10,0,14-3-29 16:41:59,1
6GFX4U6PSI,105.03,31.9153,5336243,71,10,0,14-3-29 16:43:49,1
6GFX4U6PSI,105.041,31.9292,5336263,73,5,0,14-3-29 16:45:25,1
6GFX4U6PSI,105.065,31.9619,5336308,71,15,0,14-3-29 16:48:51,1
6GFX4U6PSI,105.081,31.9788,5336331,75,10,0,14-3-29 16:50:49,1
6GFX4U6PSI,105.102,31.9983,5336363,51,25,0,14-3-29 16:53:51,1
6GFX4U6PSI,105.104,32.0007,5336366,62,15,0,14-3-29 16:54:15,1
6GFX4U6PSI,105.126,32.0298,5336408,66,175,0,14-3-29 16:57:41,1
6GFX4U6PSI,105.133,32.0406,5336423,69,20,0,14-3-29 16:58:53,1
6GFX4U6PSI,105.149,32.0529,5336443,29,25,0,14-3-29 17:1:7,1
6GFX4U6PSI,105.16,32.0621,5336458,29,15,0,14-3-29 17:3:54,1
6GFX4U6PSI,105.162,32.0642,5336461,31,25,0,14-3-29 17:4:33,1
6GFX4U6PSI,105.198,32.0925,5336501,53,30,0,14-3-29 17:9:3,1
6GFX4U6PSI,105.214,32.1044,5336523,40,25,0,14-3-29 17:11:25,1
6GFX4U6PSI,105.225,32.1154,5336540,31,20,0,14-3-29 17:14:4,1
6GFX4U6PSI,105.229,32.1183,5336544,29,15,0,14-3-29 17:14:52,1
6GFX4U6PSI,105.257,32.1401,5336576,80,15,0,14-3-29 17:18:18,1
6GFX4U6PSI,105.265,32.1462,5336586,82,25,0,14-3-29 17:19:5,1
6GFX4U6PSI,105.29,32.1591,5336616,36,20,0,14-3-29 17:21:45,1
6GFX4U6PSI,105.311,32.1727,5336641,90,25,0,14-3-29 17:24:17,1
6GFX4U6PSI,105.322,32.179,5336655,92,30,0,14-3-29 17:25:11,1
6GFX4U6PSI,105.352,32.1976,5336691,57,10,0,14-3-29 17:28:37,1
6GFX4U6PSI,105.355,32.2031,5336698,57,20,0,14-3-29 17:29:19,1
6GFX4U6PSI,105.373,32.2116,5336718,34,30,0,14-3-29 17:32:3,1
6GFX4U6PSI,105.388,32.224,5336726,68,10,0,14-3-29 17:34:22,1
6GFX4U6PSI,105.399,32.2309,5336740,79,35,0,14-3-29 17:35:29,1
6GFX4U6PSI,105.435,32.2564,5336788,47,40,0,14-3-29 17:39:9,1
6GFX4U6PSI,105.435,32.2565,5336788,0,30,0,14-3-29 17:39:23,0
6GFX4U6PSI,105.462,32.2661,5336806,60,30,0,14-3-29 17:42:35,1
6GFX4U6PSI,105.477,32.2777,5336826,66,20,0,14-3-29 17:44:24,1
6GFX4U6PSI,105.495,32.2777,5336846,66,45,0,14-3-29 17:46:1,1
6GFX4U6PSI,105.529,32.2828,5336884,42,0,0,14-3-29 17:49:34,1
6GFX4U6PSI,105.552,32.3007,5336916,77,25,0,14-3-29 17:52:53,1
6GFX4U6PSI,105.571,32.3115,5336938,68,25,0,14-3-29 17:54:35,1
6GFX4U6PSI,105.587,32.3252,5336961,82,25,0,14-3-29 17:56:19,1
6GFX4U6PSI,105.616,32.3416,5336996,62,30,0,14-3-29 17:59:36,1
6GFX4U6PSI,105.618,32.3422,5336998,69,35,0,14-3-29 17:59:45,1
6GFX4U6PSI,105.66,32.3553,5337039,86,35,0,14-3-29 18:3:13,1
6GFX4U6PSI,105.681,32.3592,5337060,73,40,0,14-3-29 18:4:37,1
6GFX4U6PSI,105.706,32.3578,5337085,77,30,0,14-3-29 18:6:39,1
6GFX4U6PSI,105.734,32.3787,5337123,69,10,0,14-3-29 18:9:38,1
6GFX4U6PSI,105.736,32.3829,5337128,68,10,0,14-3-29 18:10:5,1
6GFX4U6PSI,105.745,32.4043,5337154,47,10,0,14-3-29 18:12:23,1
6GFX4U6PSI,105.756,32.4222,5337171,49,5,0,14-3-29 18:14:40,1
6GFX4U6PSI,105.762,32.4267,5337179,44,25,0,14-3-29 18:15:49,1
6GFX4U6PSI,105.789,32.4495,5337220,44,15,0,14-3-29 18:19:15,1
6GFX4U6PSI,105.792,32.4507,5337223,0,40,0,14-3-29 18:19:49,0
6GFX4U6PSI,105.811,32.461,5337245,27,0,0,14-3-29 18:22:42,1
6GFX4U6PSI,105.824,32.4776,5337269,79,35,0,14-3-29 18:24:50,1
6GFX4U6PSI,105.838,32.4795,5337281,55,35,0,14-3-29 18:26:8,1
6GFX4U6PSI,105.85,32.5107,5337325,62,175,0,14-3-29 18:29:34,1
6GFX4U6PSI,105.849,32.5135,5337328,64,170,0,14-3-29 18:29:51,1
6GFX4U6PSI,105.84,32.5401,5337361,55,0,0,14-3-29 18:33:1,1
6GFX4U6PSI,105.847,32.5523,5337371,71,10,0,14-3-29 18:34:52,1
6GFX4U6PSI,105.844,32.5727,5337396,86,10,0,14-3-29 18:36:28,1
6GFX4U6PSI,105.873,32.5976,5337439,68,5,0,14-3-29 18:39:54,1
6GFX4U6PSI,105.874,32.6231,5337470,0,20,0,14-3-29 18:43:20,0
6GFX4U6PSI,105.874,32.6231,5337470,0,20,0,14-3-29 18:44:54,0
6GFX4U6PSI,105.902,32.6437,5337481,51,35,0,14-3-29 18:46:46,1
6GFX4U6PSI,105.92,32.6528,5337503,29,35,0,14-3-29 18:49:55,1
6GFX4U6PSI,105.922,32.6533,5337504,29,30,0,14-3-29 18:50:12,1
6GFX4U6PSI,105.934,32.6587,5337518,0,25,0,14-3-29 18:53:38,0
6GFX4U6PSI,105.934,32.6587,5337518,0,25,0,14-3-29 18:54:56,0
6GFX4U6PSI,105.968,32.6738,5337536,62,50,0,14-3-29 18:57:4,1
6GFX4U6PSI,105.994,32.6828,5337566,60,30,0,14-3-29 19:0:29,1
6GFX4U6PSI,106.028,32.6985,5337605,57,40,0,14-3-29 19:3:55,1
6GFX4U6PSI,106.037,32.7035,5337615,47,35,0,14-3-29 19:4:58,1
6GFX4U6PSI,106.04,32.7037,5337618,0,0,0,14-3-29 19:7:21,1
6GFX4U6PSI,106.047,32.7066,5337626,40,30,0,14-3-29 19:9:59,1
6GFX4U6PSI,106.052,32.7087,5337631,34,35,0,14-3-29 19:10:47,1
6GFX4U6PSI,106.08,32.7217,5337661,68,25,0,14-3-29 19:14:13,1
6GFX4U6PSI,106.089,32.7227,5337670,60,50,0,14-3-29 19:14:59,1
6GFX4U6PSI,106.118,32.7226,5337696,49,40,0,14-3-29 19:17:38,1
6GFX4U6PSI,106.129,32.7346,5337714,34,10,0,14-3-29 19:20:0,1
6GFX4U6PSI,106.131,32.738,5337719,0,10,0,14-3-29 19:21:4,0
6GFX4U6PSI,106.131,32.738,5337719,0,10,0,14-3-29 19:24:30,0
6GFX4U6PSI,106.131,32.738,5337719,0,10,0,14-3-29 19:25:10,0
6GFX4U6PSI,106.131,32.738,5337719,0,10,0,14-3-29 19:27:56,0
6GFX4U6PSI,106.131,32.738,5337719,0,10,0,14-3-29 19:30:11,0
6GFX4U6PSI,106.131,32.738,5337719,0,10,0,14-3-29 19:31:22,0
6GFX4U6PSI,106.207,32.7934,5337740,0,40,0,14-3-29 19:34:48,0
6GFX4U6PSI,106.207,32.7934,5337741,53,40,0,14-3-29 19:35:12,1
6GFX4U6PSI,106.233,32.8072,5337768,58,25,0,14-3-29 19:38:14,1
6GFX4U6PSI,106.245,32.8203,5337786,34,25,0,14-3-29 19:40:21,1
6GFX4U6PSI,106.248,32.822,5337791,27,30,0,14-3-29 19:41:40,1
6GFX4U6PSI,106.295,32.8308,5337836,0,0,0,14-3-29 19:49:19,1
6GFX4U6PSI,106.296,32.831,5337836,0,0,0,14-3-29 19:52:6,1
6GFX4U6PSI,106.296,32.831,5337836,0,0,0,14-3-29 19:54:11,1
6GFX4U6PSI,106.296,32.831,5337836,0,0,0,14-3-29 19:55:32,1
6GFX4U6PSI,106.296,32.8312,5337836,0,0,0,14-3-29 19:58:58,1
6GFX4U6PSI,106.296,32.8312,5337836,0,0,0,14-3-29 19:59:12,1
6GFX4U6PSI,106.309,32.8361,5337851,53,45,0,14-3-29 20:2:24,1
6GFX4U6PSI,106.326,32.8443,5337871,62,40,0,14-3-29 20:4:15,1
6GFX4U6PSI,106.342,32.846,5337889,64,40,0,14-3-29 20:5:50,1
6GFX4U6PSI,106.377,32.8582,5337928,57,30,0,14-3-29 20:9:20,1
6GFX4U6PSI,106.406,32.8658,5337964,55,165,0,14-3-29 20:12:42,1
6GFX4U6PSI,106.408,32.8802,5337981,66,10,0,14-3-29 20:14:21,1
6GFX4U6PSI,106.42,32.8936,5338001,71,10,0,14-3-29 20:16:8,1
6GFX4U6PSI,106.436,32.9188,5338036,60,10,0,14-3-29 20:19:22,1
6GFX4U6PSI,106.437,32.9206,5338039,62,175,0,14-3-29 20:19:34,1
6GFX4U6PSI,106.442,32.9526,5338079,68,165,0,14-3-29 20:23:0,1
6GFX4U6PSI,106.447,32.9621,5338093,57,30,0,14-3-29 20:24:23,1
6GFX4U6PSI,106.464,32.9759,5338116,62,30,0,14-3-29 20:26:26,1
6GFX4U6PSI,106.483,32.9733,5338135,25,40,0,14-3-29 20:29:24,1
6GFX4U6PSI,106.485,32.9732,5338136,20,50,0,14-3-29 20:29:52,1
6GFX4U6PSI,106.499,32.9713,5338151,27,30,0,14-3-29 20:33:19,1
6GFX4U6PSI,106.505,32.9734,5338156,33,40,0,14-3-29 20:34:25,1
6GFX4U6PSI,106.52,32.9745,5338166,51,25,0,14-3-29 20:36:45,1
6GFX4U6PSI,106.528,32.9978,5338195,0,5,0,14-3-29 20:39:42,0
6GFX4U6PSI,106.528,33.0023,5338198,51,175,0,14-3-29 20:40:11,1
6GFX4U6PSI,106.555,33.0135,5338230,58,40,0,14-3-29 20:43:37,1
6GFX4U6PSI,106.567,33.0156,5338241,55,40,0,14-3-29 20:44:43,1
6GFX4U6PSI,106.581,33.0201,5338250,60,35,0,14-3-29 20:46:4,1
6GFX4U6PSI,106.616,33.0284,5338286,55,50,0,14-3-29 20:49:30,1
6GFX4U6PSI,106.618,33.0283,5338289,47,40,0,14-3-29 20:49:44,1
6GFX4U6PSI,106.638,33.0359,5338316,0,155,0,14-3-29 20:52:56,0
6GFX4U6PSI,106.64,33.0508,5338326,47,175,0,14-3-29 20:54:45,1
6GFX4U6PSI,106.651,33.0589,5338341,60,25,0,14-3-29 20:56:22,1
6GFX4U6PSI,106.684,33.0685,5338375,23,40,0,14-3-29 20:59:48,1
6GFX4U6PSI,106.71,33.0725,5338400,57,40,0,14-3-29 21:3:14,1
6GFX4U6PSI,106.726,33.0766,5338416,69,30,0,14-3-29 21:4:47,1
6GFX4U6PSI,106.743,33.0785,5338433,60,50,0,14-3-29 21:6:40,1
6GFX4U6PSI,106.757,33.0733,5338448,0,55,0,14-3-29 21:12:1,0
6GFX4U6PSI,106.757,33.0733,5338448,0,55,0,14-3-29 21:12:15,0
6GFX4U6PSI,106.858,33.0548,5338541,64,40,0,14-3-29 21:20:55,1
6GFX4U6PSI,106.894,33.0562,5338575,44,50,0,14-3-29 21:24:14,1
6GFX4U6PSI,106.909,33.0506,5338591,58,50,0,14-3-29 21:25:49,1
6GFX4U6PSI,106.923,33.048,5338605,42,45,0,14-3-29 21:27:40,1
6GFX4U6PSI,106.958,33.0356,5338641,64,55,0,14-3-29 21:30:50,1
6GFX4U6PSI,106.961,33.0345,5338645,66,55,0,14-3-29 21:31:6,1
6GFX4U6PSI,106.997,33.0207,5338683,60,45,0,14-3-29 21:34:32,1
6GFX4U6PSI,107.009,33.0193,5338696,58,45,0,14-3-29 21:35:52,1
6GFX4U6PSI,107.034,33.022,5338720,62,35,0,14-3-29 21:37:58,1
6GFX4U6PSI,107.066,33.0246,5338751,60,45,0,14-3-29 21:40:58,1
6GFX4U6PSI,107.071,33.0247,5338756,55,40,0,14-3-29 21:41:24,1
6GFX4U6PSI,107.104,33.0389,5338791,57,30,0,14-3-29 21:44:50,1
6GFX4U6PSI,107.115,33.0443,5338805,62,30,0,14-3-29 21:46:1,1
6GFX4U6PSI,107.14,33.0497,5338829,60,35,0,14-3-29 21:48:15,1
6GFX4U6PSI,107.169,33.061,5338860,64,35,0,14-3-29 21:51:1,1
6GFX4U6PSI,107.176,33.0624,5338868,66,40,0,14-3-29 21:51:41,1
6GFX4U6PSI,107.214,33.0745,5338908,62,25,0,14-3-29 21:55:7,1
6GFX4U6PSI,107.223,33.079,5338918,64,25,0,14-3-29 21:56:2,1
6GFX4U6PSI,107.249,33.0912,5338946,62,35,0,14-3-29 21:58:33,1
6GFX4U6PSI,107.255,33.0926,5338953,66,35,0,14-3-29 21:59:5,1
6GFX4U6PSI,107.276,33.1028,5338976,68,25,0,14-3-29 22:1:4,1
6GFX4U6PSI,107.292,33.1082,5338994,66,40,0,14-3-29 22:2:31,1
6GFX4U6PSI,107.331,33.1166,5339034,60,25,0,14-3-29 22:6:5,1
6GFX4U6PSI,107.366,33.1274,5339071,60,30,0,14-3-29 22:9:23,1
6GFX4U6PSI,107.382,33.1323,5339086,58,35,0,14-3-29 22:11:6,1
6GFX4U6PSI,107.396,33.1375,5339101,33,20,0,14-3-29 22:12:49,1
6GFX4U6PSI,107.415,33.1534,5339128,79,25,0,14-3-29 22:16:7,1
6GFX4U6PSI,107.417,33.1543,5339130,82,25,0,14-3-29 22:16:15,1
6GFX4U6PSI,107.451,33.1754,5339171,62,20,0,14-3-29 22:19:41,1
6GFX4U6PSI,107.466,33.1833,5339188,68,30,0,14-3-29 22:21:9,1
6GFX4U6PSI,107.487,33.1913,5339210,60,30,0,14-3-29 22:23:7,1
6GFX4U6PSI,107.522,33.1984,5339245,62,40,0,14-3-29 22:26:10,1
6GFX4U6PSI,107.527,33.1986,5339249,64,40,0,14-3-29 22:26:33,1
6GFX4U6PSI,107.565,33.2045,5339286,62,35,0,14-3-29 22:29:59,1
6GFX4U6PSI,107.578,33.2065,5339300,60,40,0,14-3-29 22:31:11,1
6GFX4U6PSI,107.603,33.2083,5339324,64,35,0,14-3-29 22:33:25,1
6GFX4U6PSI,107.627,33.2081,5339348,11,50,0,14-3-29 22:36:12,1
6GFX4U6PSI,107.628,33.208,5339348,5,50,0,14-3-29 22:36:51,1
6GFX4U6PSI,107.629,33.2076,5339349,0,0,0,14-3-29 22:40:17,1
6GFX4U6PSI,107.629,33.2077,5339349,9,45,0,14-3-29 22:41:13,1
6GFX4U6PSI,107.641,33.205,5339361,44,50,0,14-3-29 22:43:43,1
6GFX4U6PSI,107.648,33.2038,5339366,47,45,0,14-3-29 22:44:30,1
6GFX4U6PSI,107.664,33.207,5339384,38,30,0,14-3-29 22:46:14,1
6GFX4U6PSI,107.672,33.2116,5339393,33,20,0,14-3-29 22:47:56,1
6GFX4U6PSI,107.686,33.2225,5339411,33,30,0,14-3-29 22:51:22,1
6GFX4U6PSI,107.699,33.2363,5339431,20,15,0,14-3-29 22:54:48,1
6GFX4U6PSI,107.703,33.2406,5339438,22,20,0,14-3-29 22:56:22,1
6GFX4U6PSI,107.713,33.2466,5339449,57,25,0,14-3-29 22:58:14,1
6GFX4U6PSI,107.74,33.263,5339481,55,30,0,14-3-29 23:1:29,1
6GFX4U6PSI,107.742,33.2635,5339484,58,40,0,14-3-29 23:1:40,1
6GFX4U6PSI,107.764,33.2637,5339500,0,45,0,14-3-29 23:5:6,0
6GFX4U6PSI,107.786,33.2665,5339510,36,25,0,14-3-29 23:6:34,1
6GFX4U6PSI,107.795,33.2706,5339520,36,40,0,14-3-29 23:8:32,1
6GFX4U6PSI,107.823,33.2758,5339536,64,45,0,14-3-29 23:11:36,1
6GFX4U6PSI,107.827,33.2754,5339540,58,45,0,14-3-29 23:11:58,1
6GFX4U6PSI,107.86,33.2785,5339573,27,60,0,14-3-29 23:15:24,1
6GFX4U6PSI,107.863,33.2775,5339576,0,40,0,14-3-29 23:16:37,0
6GFX4U6PSI,107.878,33.2795,5339581,23,30,0,14-3-29 23:18:50,1
6GFX4U6PSI,107.89,33.2833,5339591,20,35,0,14-3-29 23:21:38,1
6GFX4U6PSI,107.892,33.284,5339594,22,30,0,14-3-29 23:22:17,1
6GFX4U6PSI,107.903,33.2845,5339604,16,40,0,14-3-29 23:25:43,1
6GFX4U6PSI,107.905,33.2841,5339606,0,60,0,14-3-29 23:26:39,0
6GFX4U6PSI,107.905,33.2841,5339606,0,60,0,14-3-29 23:29:9,0
6GFX4U6PSI,107.905,33.2841,5339606,0,60,0,14-3-29 23:31:40,0
6GFX4U6PSI,107.905,33.2841,5339606,0,60,0,14-3-29 23:32:35,0
6GFX4U6PSI,107.955,33.2916,5339609,0,20,0,14-3-29 23:36:4,0
6GFX4U6PSI,107.96,33.2962,5339611,0,25,0,14-3-29 23:36:43,0
6GFX4U6PSI,107.96,33.2962,5339611,0,25,0,14-3-29 23:39:30,0
6GFX4U6PSI,108.008,33.3029,5339618,60,55,0,14-3-29 23:41:44,1
6GFX4U6PSI,108.019,33.2974,5339630,66,60,0,14-3-29 23:42:58,1
6GFX4U6PSI,108.039,33.3018,5339660,47,175,0,14-3-29 23:46:22,1
6GFX4U6PSI,108.039,33.3044,5339663,46,0,0,14-3-29 23:46:43,1
6GFX4U6PSI,108.057,33.3075,5339686,60,30,0,14-3-29 23:49:49,1
6GFX4U6PSI,108.065,33.3093,5339694,0,30,0,14-3-29 23:51:44,0
6GFX4U6PSI,108.065,33.3093,5339694,0,30,0,14-3-29 23:53:15,0
6GFX4U6PSI,108.065,33.3093,5339694,0,30,0,14-3-29 23:56:41,0
6GFX4U6PSI,108.065,33.3093,5339694,0,30,0,14-3-29 23:56:52,0
