6S68B6P4GU,114.058,22.6294,1602650,0,0,0,14-3-28 7:10:15,0
6S68B6P4GU,114.058,22.6294,1602650,0,0,0,14-3-28 7:10:20,0
6S68B6P4GU,114.074,22.633,1602650,0,0,0,14-3-28 7:10:54,1
6S68B6P4GU,114.075,22.6333,1602667,0,45,0,14-3-28 7:12:50,1
6S68B6P4GU,114.075,22.6333,1602667,0,30,0,14-3-28 7:14:50,1
6S68B6P4GU,114.075,22.6332,1602667,0,60,0,14-3-28 7:15:54,1
6S68B6P4GU,114.075,22.6331,1602667,0,0,0,14-3-28 7:16:51,1
6S68B6P4GU,114.075,22.6331,1602667,0,55,0,14-3-28 7:18:49,1
6S68B6P4GU,114.075,22.633,1602667,0,75,0,14-3-28 7:20:49,1
6S68B6P4GU,114.075,22.633,1602667,0,90,0,14-3-28 7:20:55,1
6S68B6P4GU,114.075,22.6331,1602667,0,90,0,14-3-28 7:22:49,1
6S68B6P4GU,114.075,22.6332,1602667,0,140,0,14-3-28 7:24:49,1
6S68B6P4GU,114.075,22.6331,1602667,0,155,0,14-3-28 7:25:56,1
6S68B6P4GU,114.075,22.6331,1602668,0,150,0,14-3-28 7:26:49,1
6S68B6P4GU,114.075,22.6331,1602668,0,0,0,14-3-28 7:28:49,1
6S68B6P4GU,114.075,22.6331,1602668,0,160,0,14-3-28 7:30:49,1
6S68B6P4GU,114.075,22.6331,1602668,0,145,0,14-3-28 7:30:57,1
6S68B6P4GU,114.075,22.6331,1602669,0,65,0,14-3-28 7:32:49,1
6S68B6P4GU,114.075,22.6331,1602669,0,100,0,14-3-28 7:34:49,1
6S68B6P4GU,114.075,22.6331,1602669,0,0,0,14-3-28 7:35:58,1
6S68B6P4GU,114.075,22.6331,1602669,0,0,0,14-3-28 7:36:49,1
6S68B6P4GU,114.075,22.6331,1602669,0,0,0,14-3-28 7:38:49,1
6S68B6P4GU,114.075,22.6331,1602669,0,0,0,14-3-28 7:40:49,1
6S68B6P4GU,114.075,22.6331,1602669,0,0,0,14-3-28 7:40:59,1
6S68B6P4GU,114.075,22.6331,1602669,0,70,0,14-3-28 7:42:49,1
6S68B6P4GU,114.075,22.6333,1602669,0,85,0,14-3-28 7:44:49,1
6S68B6P4GU,114.075,22.6332,1602669,0,95,0,14-3-28 7:46:0,1
6S68B6P4GU,114.075,22.6333,1602669,0,0,0,14-3-28 7:46:50,1
6S68B6P4GU,114.075,22.6332,1602669,0,0,0,14-3-28 7:48:50,1
6S68B6P4GU,114.075,22.6332,1602669,0,0,0,14-3-28 7:50:50,1
6S68B6P4GU,114.075,22.6332,1602669,0,0,0,14-3-28 7:51:2,1
6S68B6P4GU,114.075,22.6332,1602669,0,0,0,14-3-28 7:52:50,1
6S68B6P4GU,114.075,22.6332,1602669,0,0,0,14-3-28 7:54:50,1
6S68B6P4GU,114.075,22.6332,1602669,0,0,0,14-3-28 7:56:3,1
6S68B6P4GU,114.075,22.6332,1602669,0,0,0,14-3-28 7:56:50,1
6S68B6P4GU,114.075,22.6332,1602669,0,0,0,14-3-28 7:58:50,1
6S68B6P4GU,114.075,22.6332,1602669,0,0,0,14-3-28 8:0:50,1
6S68B6P4GU,114.075,22.6332,1602669,0,0,0,14-3-28 8:1:4,1
6S68B6P4GU,114.075,22.6332,1602669,0,0,0,14-3-28 8:2:50,1
6S68B6P4GU,114.075,22.6332,1602669,0,0,0,14-3-28 8:4:50,1
6S68B6P4GU,114.075,22.6332,1602669,0,0,0,14-3-28 8:6:5,1
6S68B6P4GU,114.075,22.6332,1602669,0,0,0,14-3-28 8:6:50,1
6S68B6P4GU,114.075,22.6332,1602669,0,0,0,14-3-28 8:8:50,1
6S68B6P4GU,114.075,22.6332,1602669,0,0,0,14-3-28 8:10:50,1
6S68B6P4GU,114.075,22.6332,1602669,0,0,0,14-3-28 8:11:7,1
6S68B6P4GU,114.075,22.6332,1602669,0,0,0,14-3-28 8:12:50,1
6S68B6P4GU,114.075,22.6332,1602669,0,0,0,14-3-28 8:14:50,1
6S68B6P4GU,114.075,22.6332,1602669,0,0,0,14-3-28 8:16:8,1
6S68B6P4GU,114.075,22.6332,1602669,0,0,0,14-3-28 8:16:51,1
6S68B6P4GU,114.075,22.6332,1602669,0,0,0,14-3-28 8:18:51,1
6S68B6P4GU,114.075,22.6332,1602669,0,0,0,14-3-28 8:20:51,1
6S68B6P4GU,114.075,22.6332,1602669,0,0,0,14-3-28 8:21:10,1
6S68B6P4GU,114.075,22.6332,1602669,0,0,0,14-3-28 8:22:51,1
6S68B6P4GU,114.075,22.6332,1602669,0,0,0,14-3-28 8:24:51,1
6S68B6P4GU,114.075,22.6332,1602669,0,0,0,14-3-28 8:26:11,1
6S68B6P4GU,114.075,22.6332,1602669,0,0,0,14-3-28 8:26:51,1
6S68B6P4GU,114.075,22.6332,1602669,0,0,0,14-3-28 8:28:51,1
6S68B6P4GU,114.075,22.6332,1602669,0,0,0,14-3-28 8:30:51,1
6S68B6P4GU,114.075,22.6332,1602669,0,0,0,14-3-28 8:31:12,1
6S68B6P4GU,114.075,22.6332,1602669,0,0,0,14-3-28 8:32:51,1
6S68B6P4GU,114.075,22.6332,1602669,0,0,0,14-3-28 8:34:51,1
6S68B6P4GU,114.075,22.6332,1602669,0,0,0,14-3-28 8:36:13,1
6S68B6P4GU,114.075,22.6332,1602669,0,0,0,14-3-28 8:36:51,1
6S68B6P4GU,114.075,22.6332,1602669,0,0,0,14-3-28 8:38:51,1
6S68B6P4GU,114.075,22.6332,1602669,0,0,0,14-3-28 8:40:51,1
6S68B6P4GU,114.075,22.6332,1602669,0,0,0,14-3-28 8:41:14,1
6S68B6P4GU,114.075,22.6332,1602669,0,0,0,14-3-28 8:42:51,1
6S68B6P4GU,114.075,22.6333,1602669,0,50,0,14-3-28 8:44:51,1
6S68B6P4GU,114.075,22.6332,1602669,0,0,0,14-3-28 8:46:15,1
6S68B6P4GU,114.075,22.6332,1602669,0,0,0,14-3-28 8:46:51,1
6S68B6P4GU,114.075,22.6332,1602669,0,0,0,14-3-28 8:48:52,1
6S68B6P4GU,114.075,22.6332,1602669,0,0,0,14-3-28 8:50:52,1
6S68B6P4GU,114.075,22.6332,1602669,0,0,0,14-3-28 8:51:17,1
6S68B6P4GU,114.075,22.6332,1602669,0,0,0,14-3-28 8:52:52,1
6S68B6P4GU,114.075,22.6332,1602669,0,70,0,14-3-28 8:54:52,1
6S68B6P4GU,114.075,22.6332,1602669,0,0,0,14-3-28 8:56:18,1
6S68B6P4GU,114.075,22.6332,1602669,0,0,0,14-3-28 8:56:52,1
6S68B6P4GU,114.075,22.6332,1602669,0,0,0,14-3-28 8:58:52,1
6S68B6P4GU,114.075,22.6332,1602669,0,155,0,14-3-28 9:0:52,1
6S68B6P4GU,114.075,22.6332,1602669,0,0,0,14-3-28 9:1:19,1
6S68B6P4GU,114.075,22.6331,1602669,0,0,0,14-3-28 9:2:52,1
6S68B6P4GU,114.075,22.6332,1602669,0,160,0,14-3-28 9:4:52,1
6S68B6P4GU,114.075,22.6332,1602669,0,0,0,14-3-28 9:6:20,1
6S68B6P4GU,114.075,22.6332,1602669,0,0,0,14-3-28 9:6:52,1
6S68B6P4GU,114.075,22.6332,1602669,0,0,0,14-3-28 9:8:52,1
6S68B6P4GU,114.075,22.6332,1602669,0,0,0,14-3-28 9:10:52,1
6S68B6P4GU,114.075,22.6332,1602669,0,0,0,14-3-28 9:11:21,1
6S68B6P4GU,114.075,22.6332,1602669,0,0,0,14-3-28 9:12:52,1
6S68B6P4GU,114.075,22.6332,1602669,0,0,0,14-3-28 9:14:52,1
6S68B6P4GU,114.075,22.6333,1602669,0,0,0,14-3-28 9:16:22,1
6S68B6P4GU,114.075,22.6333,1602669,0,0,0,14-3-28 9:16:52,1
6S68B6P4GU,114.075,22.6333,1602669,0,0,0,14-3-28 9:18:53,1
6S68B6P4GU,114.075,22.6333,1602669,0,0,0,14-3-28 9:20:53,1
6S68B6P4GU,114.075,22.6333,1602669,0,0,0,14-3-28 9:21:24,1
6S68B6P4GU,114.075,22.6333,1602669,0,0,0,14-3-28 9:22:53,1
6S68B6P4GU,114.075,22.6332,1602669,0,0,0,14-3-28 9:24:53,1
6S68B6P4GU,114.075,22.6332,1602669,0,0,0,14-3-28 9:26:25,1
6S68B6P4GU,114.075,22.6332,1602669,0,0,0,14-3-28 9:26:53,1
6S68B6P4GU,114.075,22.6332,1602669,0,0,0,14-3-28 9:28:53,1
6S68B6P4GU,114.075,22.6332,1602669,0,0,0,14-3-28 9:30:53,1
6S68B6P4GU,114.075,22.6332,1602669,0,0,0,14-3-28 9:31:26,1
6S68B6P4GU,114.075,22.6332,1602669,0,0,0,14-3-28 9:32:53,1
6S68B6P4GU,114.075,22.6332,1602669,0,0,0,14-3-28 9:34:53,1
6S68B6P4GU,114.075,22.6331,1602669,0,105,0,14-3-28 9:36:27,1
6S68B6P4GU,114.075,22.6331,1602669,0,105,0,14-3-28 9:36:53,1
6S68B6P4GU,114.075,22.6331,1602669,0,0,0,14-3-28 9:38:53,1
6S68B6P4GU,114.075,22.6332,1602669,0,0,0,14-3-28 9:40:53,1
6S68B6P4GU,114.075,22.6332,1602669,0,0,0,14-3-28 9:41:28,1
6S68B6P4GU,114.075,22.6332,1602669,0,0,0,14-3-28 9:42:53,1
6S68B6P4GU,114.075,22.6332,1602669,0,0,0,14-3-28 9:44:53,1
6S68B6P4GU,114.075,22.6333,1602669,0,0,0,14-3-28 9:46:29,1
6S68B6P4GU,114.075,22.6333,1602669,0,70,0,14-3-28 9:46:53,1
6S68B6P4GU,114.075,22.6333,1602669,0,0,0,14-3-28 9:48:54,1
6S68B6P4GU,114.075,22.6332,1602669,0,0,0,14-3-28 9:50:54,1
6S68B6P4GU,114.075,22.6333,1602669,0,50,0,14-3-28 9:51:31,1
6S68B6P4GU,114.075,22.6332,1602669,0,0,0,14-3-28 9:52:54,1
6S68B6P4GU,114.075,22.6332,1602670,0,85,0,14-3-28 9:54:54,1
6S68B6P4GU,114.075,22.6332,1602670,0,55,0,14-3-28 9:56:32,1
6S68B6P4GU,114.075,22.6332,1602670,0,50,0,14-3-28 9:56:54,1
6S68B6P4GU,114.075,22.6333,1602670,0,0,0,14-3-28 9:58:54,1
6S68B6P4GU,114.075,22.6332,1602670,0,0,0,14-3-28 10:0:54,1
6S68B6P4GU,114.075,22.6333,1602670,0,0,0,14-3-28 10:1:33,1
6S68B6P4GU,114.075,22.6333,1602670,0,0,0,14-3-28 10:2:54,1
6S68B6P4GU,114.075,22.6333,1602670,0,0,0,14-3-28 10:4:54,1
6S68B6P4GU,114.075,22.6333,1602670,0,0,0,14-3-28 10:6:34,1
6S68B6P4GU,114.075,22.6333,1602670,0,0,0,14-3-28 10:6:54,1
6S68B6P4GU,114.075,22.6333,1602670,0,0,0,14-3-28 10:8:54,1
6S68B6P4GU,114.075,22.6333,1602670,0,0,0,14-3-28 10:10:54,1
6S68B6P4GU,114.075,22.6333,1602670,0,0,0,14-3-28 10:11:35,1
6S68B6P4GU,114.075,22.6333,1602670,0,0,0,14-3-28 10:12:54,1
6S68B6P4GU,114.075,22.6333,1602670,0,0,0,14-3-28 10:14:54,1
6S68B6P4GU,114.075,22.6333,1602670,0,0,0,14-3-28 10:16:38,1
6S68B6P4GU,114.075,22.6333,1602670,0,0,0,14-3-28 10:16:54,1
6S68B6P4GU,114.075,22.6333,1602670,0,0,0,14-3-28 10:18:55,1
6S68B6P4GU,114.075,22.6333,1602670,0,0,0,14-3-28 10:20:55,1
6S68B6P4GU,114.075,22.6333,1602670,0,35,0,14-3-28 10:21:40,1
6S68B6P4GU,114.075,22.6333,1602670,0,0,0,14-3-28 10:22:55,1
6S68B6P4GU,114.075,22.6333,1602670,0,0,0,14-3-28 10:24:55,1
6S68B6P4GU,114.075,22.6333,1602670,0,0,0,14-3-28 10:26:41,1
6S68B6P4GU,114.075,22.6333,1602670,0,0,0,14-3-28 10:26:55,1
6S68B6P4GU,114.075,22.6333,1602670,0,0,0,14-3-28 10:28:55,1
6S68B6P4GU,114.075,22.6333,1602670,0,0,0,14-3-28 10:30:55,1
6S68B6P4GU,114.075,22.6333,1602670,0,0,0,14-3-28 10:31:42,1
6S68B6P4GU,114.075,22.6333,1602670,0,0,0,14-3-28 10:32:55,1
6S68B6P4GU,114.075,22.6333,1602670,0,0,0,14-3-28 10:34:55,1
6S68B6P4GU,114.075,22.6333,1602670,0,0,0,14-3-28 10:36:43,1
6S68B6P4GU,114.075,22.6333,1602670,0,0,0,14-3-28 10:36:55,1
6S68B6P4GU,114.075,22.6333,1602670,0,0,0,14-3-28 10:38:55,1
6S68B6P4GU,114.075,22.6333,1602670,0,0,0,14-3-28 10:40:55,1
6S68B6P4GU,114.075,22.6333,1602670,0,0,0,14-3-28 10:41:44,1
6S68B6P4GU,114.075,22.6333,1602670,0,0,0,14-3-28 10:42:55,1
6S68B6P4GU,114.075,22.6333,1602670,0,0,0,14-3-28 10:44:55,1
6S68B6P4GU,114.075,22.6333,1602670,0,0,0,14-3-28 10:46:45,1
6S68B6P4GU,114.075,22.6333,1602670,0,0,0,14-3-28 10:46:55,1
6S68B6P4GU,114.075,22.6333,1602670,0,0,0,14-3-28 10:48:56,1
6S68B6P4GU,114.075,22.6333,1602670,0,0,0,14-3-28 10:50:56,1
6S68B6P4GU,114.075,22.6333,1602670,0,0,0,14-3-28 10:51:47,1
6S68B6P4GU,114.075,22.6333,1602670,0,0,0,14-3-28 10:52:56,1
6S68B6P4GU,114.075,22.6333,1602670,0,0,0,14-3-28 10:54:56,1
6S68B6P4GU,114.075,22.6333,1602670,0,0,0,14-3-28 10:56:48,1
6S68B6P4GU,114.075,22.6333,1602670,0,0,0,14-3-28 10:56:56,1
6S68B6P4GU,114.075,22.6333,1602670,0,0,0,14-3-28 10:58:24,1
6S68B6P4GU,114.075,22.6333,1602670,0,0,0,14-3-28 10:58:31,1
6S68B6P4GU,114.075,22.6333,1602670,0,0,0,14-3-28 10:58:56,1
6S68B6P4GU,114.075,22.6333,1602670,0,0,0,14-3-28 11:0:56,1
6S68B6P4GU,114.075,22.6333,1602670,0,0,0,14-3-28 11:1:49,1
6S68B6P4GU,114.075,22.6333,1602670,0,0,0,14-3-28 11:2:56,1
6S68B6P4GU,114.075,22.6333,1602670,0,0,0,14-3-28 11:4:56,1
6S68B6P4GU,114.075,22.6333,1602670,0,0,0,14-3-28 11:6:56,1
6S68B6P4GU,114.075,22.6334,1602670,0,0,0,14-3-28 11:8:56,1
6S68B6P4GU,114.075,22.6333,1602670,0,0,0,14-3-28 11:10:56,1
6S68B6P4GU,114.075,22.6333,1602670,0,0,0,14-3-28 11:11:51,1
6S68B6P4GU,114.075,22.6333,1602670,0,0,0,14-3-28 11:12:56,1
6S68B6P4GU,114.075,22.6333,1602670,0,0,0,14-3-28 17:33:38,1
6S68B6P4GU,114.075,22.6333,1602670,0,0,0,14-3-28 17:35:35,1
6S68B6P4GU,114.075,22.6333,1602670,0,120,0,14-3-28 17:37:34,1
6S68B6P4GU,114.075,22.6326,1602670,4,45,0,14-3-28 17:38:38,1
6S68B6P4GU,114.075,22.6326,1602671,0,0,0,14-3-28 17:39:35,1
6S68B6P4GU,114.075,22.6327,1602671,0,0,0,14-3-28 17:41:35,1
6S68B6P4GU,114.075,22.6327,1602671,0,0,0,14-3-28 17:43:40,1
6S68B6P4GU,114.075,22.6327,1602671,0,0,0,14-3-28 17:45:33,1
6S68B6P4GU,114.075,22.6327,1602671,0,0,0,14-3-28 17:47:33,1
6S68B6P4GU,114.075,22.6326,1602671,0,0,0,14-3-28 17:48:39,1
6S68B6P4GU,114.075,22.6326,1602671,0,0,0,14-3-28 17:49:33,1
6S68B6P4GU,114.075,22.6326,1602671,0,0,0,14-3-28 17:51:33,1
6S68B6P4GU,114.075,22.6327,1602671,0,0,0,14-3-28 17:53:40,1
6S68B6P4GU,114.075,22.6327,1602671,0,0,0,14-3-28 17:55:33,1
6S68B6P4GU,114.075,22.6327,1602671,0,0,0,14-3-28 17:57:33,1
6S68B6P4GU,114.075,22.6327,1602671,0,0,0,14-3-28 17:58:41,1
6S68B6P4GU,114.075,22.6327,1602671,0,0,0,14-3-28 17:59:24,1
6S68B6P4GU,114.075,22.6327,1602671,0,0,0,14-3-28 17:59:33,1
6S68B6P4GU,114.075,22.6325,1602671,0,0,0,14-3-28 18:0:9,1
6S68B6P4GU,114.075,22.6325,1602671,0,0,0,14-3-28 18:1:9,1
6S68B6P4GU,114.075,22.6325,1602671,0,100,0,14-3-28 18:1:33,1
6S68B6P4GU,114.075,22.6327,1602671,0,0,0,14-3-28 18:2:21,1
6S68B6P4GU,114.075,22.6327,1602671,0,0,0,14-3-28 18:3:33,1
6S68B6P4GU,114.075,22.6327,1602671,0,0,0,14-3-28 18:3:42,1
6S68B6P4GU,114.075,22.6327,1602671,0,0,0,14-3-28 18:5:33,1
6S68B6P4GU,114.075,22.6327,1602671,0,0,0,14-3-28 18:7:33,1
6S68B6P4GU,114.075,22.6327,1602671,0,0,0,14-3-28 18:8:43,1
6S68B6P4GU,114.075,22.6327,1602671,0,0,0,14-3-28 18:9:33,1
6S68B6P4GU,114.075,22.6327,1602671,0,0,0,14-3-28 18:11:34,1
6S68B6P4GU,114.075,22.6327,1602671,0,0,0,14-3-28 18:13:34,1
6S68B6P4GU,114.075,22.6327,1602671,0,0,0,14-3-28 18:13:45,1
6S68B6P4GU,114.075,22.6327,1602671,0,0,0,14-3-28 18:15:34,1
6S68B6P4GU,114.075,22.6327,1602671,0,0,0,14-3-28 18:17:34,1
6S68B6P4GU,114.075,22.6327,1602671,0,0,0,14-3-28 18:18:46,1
6S68B6P4GU,114.075,22.6327,1602671,0,0,0,14-3-28 18:19:34,1
6S68B6P4GU,114.075,22.6328,1602671,0,0,0,14-3-28 18:21:34,1
6S68B6P4GU,114.075,22.6328,1602671,0,0,0,14-3-28 18:23:47,1
6S68B6P4GU,114.075,22.6328,1602671,0,0,0,14-3-28 18:25:34,1
6S68B6P4GU,114.075,22.6328,1602671,0,0,0,14-3-28 18:27:34,1
6S68B6P4GU,114.075,22.6328,1602671,0,0,0,14-3-28 18:28:48,1
6S68B6P4GU,114.075,22.6328,1602671,0,0,0,14-3-28 18:29:34,1
6S68B6P4GU,114.075,22.6327,1602671,0,0,0,14-3-28 18:31:34,1
6S68B6P4GU,114.075,22.6327,1602671,0,0,0,14-3-28 18:33:34,1
6S68B6P4GU,114.075,22.6327,1602671,0,0,0,14-3-28 18:33:49,1
6S68B6P4GU,114.075,22.6328,1602671,0,0,0,14-3-28 18:35:34,1
6S68B6P4GU,114.075,22.6327,1602673,0,30,0,14-3-28 18:45:42,1
6S68B6P4GU,114.075,22.6327,1602674,0,50,0,14-3-28 18:47:36,1
6S68B6P4GU,114.075,22.6327,1602674,0,0,0,14-3-28 18:48:45,1
6S68B6P4GU,114.075,22.6326,1602674,0,45,0,14-3-28 18:49:36,1
6S68B6P4GU,114.075,22.633,1602674,2,170,0,14-3-28 18:50:40,1
6S68B6P4GU,114.075,22.6335,1602674,4,170,0,14-3-28 18:51:36,1
6S68B6P4GU,114.076,22.6335,1602675,0,0,0,14-3-28 18:52:50,1
6S68B6P4GU,114.076,22.6335,1602675,0,0,0,14-3-28 18:53:37,1
6S68B6P4GU,114.076,22.6335,1602675,0,0,0,14-3-28 18:55:37,1
6S68B6P4GU,114.076,22.6335,1602675,0,0,0,14-3-28 18:55:42,1
6S68B6P4GU,114.076,22.6335,1602675,0,0,0,14-3-28 18:57:37,1
6S68B6P4GU,114.076,22.6335,1602675,0,0,0,14-3-28 18:59:37,1
6S68B6P4GU,114.076,22.6335,1602675,0,0,0,14-3-28 19:0:43,1
6S68B6P4GU,114.076,22.6335,1602675,0,0,0,14-3-28 19:1:37,1
6S68B6P4GU,114.076,22.6334,1602675,4,130,0,14-3-28 19:3:37,1
6S68B6P4GU,114.075,22.6332,1602676,49,120,0,14-3-28 19:4:6,1
6S68B6P4GU,114.076,22.6334,1602676,0,0,0,14-3-28 19:5:44,1
6S68B6P4GU,114.076,22.6335,1602676,0,0,0,14-3-28 19:6:5,1
6S68B6P4GU,114.076,22.6335,1602676,0,0,0,14-3-28 19:8:5,1
6S68B6P4GU,114.076,22.6335,1602676,0,0,0,14-3-28 19:10:5,1
6S68B6P4GU,114.076,22.6335,1602676,0,110,0,14-3-28 19:10:45,1
6S68B6P4GU,114.076,22.6334,1602676,0,0,0,14-3-28 19:12:5,1
6S68B6P4GU,114.076,22.6335,1602676,0,0,0,14-3-28 19:14:5,1
6S68B6P4GU,114.075,22.6334,1602676,0,35,0,14-3-28 20:59:27,1
6S68B6P4GU,114.075,22.6335,1602676,0,20,0,14-3-28 21:1:25,1
6S68B6P4GU,114.076,22.6335,1602676,0,0,0,14-3-28 21:3:25,1
6S68B6P4GU,114.076,22.6335,1602676,0,0,0,14-3-28 21:4:26,1
6S68B6P4GU,114.075,22.6335,1602676,0,110,0,14-3-28 21:5:23,1
6S68B6P4GU,114.075,22.6335,1602676,0,0,0,14-3-28 21:7:23,1
6S68B6P4GU,114.075,22.6335,1602676,0,0,0,14-3-28 21:9:27,1
6S68B6P4GU,114.075,22.6335,1602676,0,0,0,14-3-28 21:11:23,1
6S68B6P4GU,114.076,22.6335,1602676,0,0,0,14-3-28 21:13:23,1
6S68B6P4GU,114.076,22.6335,1602676,0,0,0,14-3-28 21:15:23,1
6S68B6P4GU,114.075,22.6335,1602676,0,0,0,14-3-28 21:17:23,1
6S68B6P4GU,114.076,22.6335,1602676,0,0,0,14-3-28 21:19:29,1
6S68B6P4GU,114.076,22.6335,1602676,0,0,0,14-3-28 21:21:23,1
6S68B6P4GU,114.076,22.6335,1602676,0,0,0,14-3-28 21:23:23,1
6S68B6P4GU,114.076,22.6335,1602676,0,0,0,14-3-28 21:24:30,1
6S68B6P4GU,114.076,22.6335,1602676,0,0,0,14-3-28 21:25:23,1
6S68B6P4GU,114.076,22.6335,1602676,0,0,0,14-3-28 21:27:23,1
6S68B6P4GU,114.075,22.6335,1602677,0,175,0,14-3-29 7:51:45,1
6S68B6P4GU,114.075,22.6335,1602677,0,20,0,14-3-29 7:53:40,1
6S68B6P4GU,114.075,22.6335,1602677,0,0,0,14-3-29 7:55:40,1
6S68B6P4GU,114.075,22.6335,1602677,0,0,0,14-3-29 7:56:43,1
6S68B6P4GU,114.075,22.6335,1602677,0,0,0,14-3-29 7:57:40,1
6S68B6P4GU,114.075,22.6335,1602677,0,0,0,14-3-29 7:59:13,1
6S68B6P4GU,114.075,22.6335,1602677,0,0,0,14-3-29 7:59:40,1
6S68B6P4GU,114.076,22.6334,1602677,0,0,0,14-3-29 8:1:44,1
6S68B6P4GU,114.076,22.6335,1602677,0,0,0,14-3-29 8:3:40,1
6S68B6P4GU,114.075,22.6335,1602677,0,0,0,14-3-29 8:5:41,1
6S68B6P4GU,114.075,22.6328,1602678,4,80,0,14-3-29 8:6:46,1
6S68B6P4GU,114.075,22.6326,1602678,0,0,0,14-3-29 8:7:41,1
6S68B6P4GU,114.075,22.6332,1602679,16,0,0,14-3-29 8:8:24,1
6S68B6P4GU,114.075,22.6327,1602681,19,85,0,14-3-29 8:9:19,1
6S68B6P4GU,114.075,22.6306,1602683,27,85,0,14-3-29 8:9:48,1
6S68B6P4GU,114.075,22.6298,1602684,0,0,0,14-3-29 8:10:36,1
6S68B6P4GU,114.074,22.6298,1602685,31,140,0,14-3-29 8:11:17,1
6S68B6P4GU,114.071,22.6303,1602688,37,135,0,14-3-29 8:11:47,1
6S68B6P4GU,114.07,22.6304,1602689,37,135,0,14-3-29 8:12:0,1
6S68B6P4GU,114.068,22.6307,1602691,0,0,0,14-3-29 8:15:59,1
6S68B6P4GU,114.068,22.6307,1602691,0,0,0,14-3-29 8:16:48,1
6S68B6P4GU,114.068,22.6307,1602691,0,0,0,14-3-29 8:17:59,1
6S68B6P4GU,114.068,22.6307,1602691,0,0,0,14-3-29 8:19:59,1
6S68B6P4GU,114.068,22.6307,1602691,0,0,0,14-3-29 8:21:59,1
6S68B6P4GU,114.066,22.6305,1602692,0,0,0,14-3-29 8:28:57,1
6S68B6P4GU,114.066,22.6305,1602701,2,130,0,14-3-29 8:29:39,1
6S68B6P4GU,114.066,22.6271,1602705,33,80,0,14-3-29 8:31:1,1
6S68B6P4GU,114.066,22.6252,1602707,35,80,0,14-3-29 8:31:24,1
6S68B6P4GU,114.067,22.6233,1602709,27,85,0,14-3-29 8:31:46,1
6S68B6P4GU,114.065,22.6228,1602711,37,130,0,14-3-29 8:32:16,1
6S68B6P4GU,114.063,22.6226,1602713,37,130,0,14-3-29 8:32:35,1
6S68B6P4GU,114.062,22.6226,1602714,0,150,0,14-3-29 8:32:57,1
6S68B6P4GU,114.061,22.6232,1602715,33,155,0,14-3-29 8:33:36,1
6S68B6P4GU,114.06,22.6244,1602717,35,155,0,14-3-29 8:33:57,1
6S68B6P4GU,114.058,22.6252,1602719,29,140,0,14-3-29 8:34:32,1
6S68B6P4GU,114.056,22.6251,1602720,25,135,0,14-3-29 8:34:47,1
6S68B6P4GU,114.056,22.6251,1602721,0,0,0,14-3-29 8:35:2,1
6S68B6P4GU,114.056,22.6251,1602721,6,140,0,14-3-29 8:36:32,1
6S68B6P4GU,114.056,22.6247,1602721,23,85,0,14-3-29 8:36:52,1
6S68B6P4GU,114.056,22.6227,1602723,27,85,0,14-3-29 8:37:20,1
6S68B6P4GU,114.056,22.6206,1602725,35,85,0,14-3-29 8:37:44,1
6S68B6P4GU,114.055,22.6193,1602727,25,130,0,14-3-29 8:38:15,1
6S68B6P4GU,114.053,22.6193,1602729,29,130,0,14-3-29 8:38:45,1
6S68B6P4GU,114.051,22.6192,1602731,2,135,0,14-3-29 8:39:24,1
6S68B6P4GU,114.051,22.6192,1602731,0,0,0,14-3-29 8:39:48,1
6S68B6P4GU,114.051,22.6197,1602731,23,5,0,14-3-29 8:40:11,1
6S68B6P4GU,114.051,22.6217,1602733,33,170,0,14-3-29 8:40:35,1
6S68B6P4GU,114.049,22.6221,1602735,21,115,0,14-3-29 8:41:37,1
6S68B6P4GU,114.049,22.62,1602737,23,90,0,14-3-29 8:42:20,1
6S68B6P4GU,114.049,22.6181,1602739,12,90,0,14-3-29 8:42:59,1
6S68B6P4GU,114.049,22.6179,1602739,0,0,0,14-3-29 8:43:18,1
6S68B6P4GU,114.049,22.6173,1602740,0,0,0,14-3-29 8:44:54,1
6S68B6P4GU,114.049,22.6173,1602740,6,90,0,14-3-29 8:44:58,1
6S68B6P4GU,114.049,22.6162,1602741,12,135,0,14-3-29 8:46:3,1
6S68B6P4GU,114.048,22.616,1602743,18,40,0,14-3-29 8:47:9,1
6S68B6P4GU,114.049,22.616,1602744,0,0,0,14-3-29 8:47:44,1
6S68B6P4GU,114.05,22.6166,1602745,10,175,0,14-3-29 8:48:40,1
6S68B6P4GU,114.05,22.6169,1602746,0,75,0,14-3-29 8:49:51,1
6S68B6P4GU,114.05,22.6169,1602746,0,85,0,14-3-29 8:49:55,1
6S68B6P4GU,114.049,22.6169,1602746,0,0,0,14-3-29 8:50:39,1
6S68B6P4GU,114.049,22.6169,1602746,0,0,0,14-3-29 8:52:39,1
6S68B6P4GU,114.049,22.6169,1602746,0,0,0,14-3-29 8:54:39,1
6S68B6P4GU,114.049,22.6169,1602746,0,0,0,14-3-29 8:54:56,1
6S68B6P4GU,114.049,22.6169,1602746,0,0,0,14-3-29 8:56:39,1
6S68B6P4GU,114.049,22.6169,1602746,0,0,0,14-3-29 8:58:39,1
6S68B6P4GU,114.049,22.6169,1602746,0,0,0,14-3-29 9:0:1,1
6S68B6P4GU,114.049,22.6169,1602746,0,0,0,14-3-29 9:0:39,1
6S68B6P4GU,114.049,22.6169,1602746,0,120,0,14-3-29 9:2:40,1
6S68B6P4GU,114.049,22.6169,1602746,0,0,0,14-3-29 9:4:40,1
6S68B6P4GU,114.049,22.6169,1602746,0,0,0,14-3-29 9:5:3,1
6S68B6P4GU,114.049,22.6169,1602746,0,0,0,14-3-29 9:6:40,1
6S68B6P4GU,114.049,22.6169,1602746,0,0,0,14-3-29 9:8:40,1
6S68B6P4GU,114.049,22.6169,1602746,0,0,0,14-3-29 9:10:4,1
6S68B6P4GU,114.049,22.6169,1602746,0,0,0,14-3-29 9:10:40,1
6S68B6P4GU,114.049,22.6169,1602746,0,0,0,14-3-29 9:12:40,1
6S68B6P4GU,114.049,22.6168,1602746,0,0,0,14-3-29 9:14:40,1
6S68B6P4GU,114.049,22.6168,1602746,0,0,0,14-3-29 9:15:5,1
6S68B6P4GU,114.049,22.6169,1602746,0,0,0,14-3-29 9:16:40,1
6S68B6P4GU,114.05,22.6169,1602746,0,0,0,14-3-29 9:18:40,1
6S68B6P4GU,114.049,22.6169,1602746,0,0,0,14-3-29 9:20:6,1
6S68B6P4GU,114.049,22.6169,1602746,0,0,0,14-3-29 9:20:40,1
6S68B6P4GU,114.049,22.6169,1602746,0,0,0,14-3-29 9:22:40,1
6S68B6P4GU,114.05,22.6169,1602746,0,130,0,14-3-29 9:24:40,1
6S68B6P4GU,114.05,22.6169,1602746,0,0,0,14-3-29 9:25:7,1
6S68B6P4GU,114.05,22.6169,1602746,0,0,0,14-3-29 9:26:40,1
6S68B6P4GU,114.05,22.6169,1602746,0,140,0,14-3-29 9:28:40,1
6S68B6P4GU,114.05,22.6169,1602746,0,0,0,14-3-29 9:30:8,1
6S68B6P4GU,114.05,22.6169,1602746,0,0,0,14-3-29 9:30:40,1
6S68B6P4GU,114.05,22.6169,1602746,0,0,0,14-3-29 9:32:41,1
6S68B6P4GU,114.05,22.6169,1602746,0,0,0,14-3-29 9:34:41,1
6S68B6P4GU,114.05,22.6169,1602746,0,0,0,14-3-29 9:35:10,1
6S68B6P4GU,114.049,22.6169,1602746,0,0,0,14-3-29 9:36:41,1
6S68B6P4GU,114.049,22.6169,1602746,0,0,0,14-3-29 9:38:41,1
6S68B6P4GU,114.049,22.6169,1602746,0,0,0,14-3-29 9:40:11,1
6S68B6P4GU,114.049,22.6169,1602746,0,0,0,14-3-29 9:40:41,1
6S68B6P4GU,114.049,22.6169,1602746,0,115,0,14-3-29 9:42:41,1
6S68B6P4GU,114.049,22.6169,1602746,0,0,0,14-3-29 9:44:41,1
6S68B6P4GU,114.049,22.6169,1602746,0,0,0,14-3-29 9:45:12,1
6S68B6P4GU,114.05,22.6169,1602746,0,0,0,14-3-29 9:46:41,1
6S68B6P4GU,114.05,22.6169,1602746,0,0,0,14-3-29 9:48:41,1
6S68B6P4GU,114.05,22.6169,1602746,0,0,0,14-3-29 9:50:13,1
6S68B6P4GU,114.05,22.617,1602746,0,0,0,14-3-29 9:50:41,1
6S68B6P4GU,114.049,22.617,1602746,0,0,0,14-3-29 9:52:41,1
6S68B6P4GU,114.049,22.617,1602746,0,135,0,14-3-29 9:54:41,1
6S68B6P4GU,114.05,22.6169,1602746,0,0,0,14-3-29 9:56:41,1
6S68B6P4GU,114.05,22.6169,1602746,0,0,0,14-3-29 9:56:49,1
6S68B6P4GU,114.05,22.6169,1602746,0,0,0,14-3-29 9:58:41,1
6S68B6P4GU,114.05,22.6169,1602746,0,0,0,14-3-29 10:0:41,1
6S68B6P4GU,114.05,22.6169,1602746,0,0,0,14-3-29 10:1:35,1
6S68B6P4GU,114.05,22.6169,1602746,0,0,0,14-3-29 10:2:46,1
6S68B6P4GU,114.049,22.6169,1602746,0,0,0,14-3-29 10:4:42,1
6S68B6P4GU,114.049,22.6169,1602746,0,0,0,14-3-29 10:6:42,1
6S68B6P4GU,114.049,22.6169,1602746,0,0,0,14-3-29 10:8:14,1
6S68B6P4GU,114.049,22.617,1602746,0,0,0,14-3-29 10:8:25,1
6S68B6P4GU,114.049,22.6169,1602746,0,0,0,14-3-29 10:8:42,1
6S68B6P4GU,114.049,22.6169,1602746,0,0,0,14-3-29 10:10:42,1
6S68B6P4GU,114.049,22.6169,1602746,0,0,0,14-3-29 10:11:39,1
6S68B6P4GU,114.049,22.6169,1602746,0,0,0,14-3-29 10:12:42,1
6S68B6P4GU,114.05,22.6169,1602746,0,0,0,14-3-29 10:14:42,1
6S68B6P4GU,114.05,22.6169,1602746,0,95,0,14-3-29 10:16:42,1
6S68B6P4GU,114.05,22.6169,1602746,0,0,0,14-3-29 10:16:50,1
6S68B6P4GU,114.05,22.6169,1602746,0,70,0,14-3-29 10:18:42,1
6S68B6P4GU,114.049,22.617,1602746,0,130,0,14-3-29 10:20:6,1
6S68B6P4GU,114.049,22.617,1602746,0,0,0,14-3-29 10:20:42,1
6S68B6P4GU,114.049,22.6169,1602746,0,0,0,14-3-29 10:21:58,1
6S68B6P4GU,114.049,22.6169,1602746,0,50,0,14-3-29 10:22:42,1
6S68B6P4GU,114.05,22.6169,1602746,0,175,0,14-3-29 10:24:42,1
6S68B6P4GU,114.05,22.6169,1602746,0,0,0,14-3-29 10:26:42,1
6S68B6P4GU,114.05,22.6169,1602746,0,0,0,14-3-29 10:26:59,1
6S68B6P4GU,114.05,22.6169,1602746,0,160,0,14-3-29 10:27:14,1
6S68B6P4GU,114.05,22.6169,1602746,0,170,0,14-3-29 10:28:42,1
6S68B6P4GU,114.05,22.6169,1602746,0,0,0,14-3-29 10:30:42,1
6S68B6P4GU,114.05,22.6169,1602746,0,0,0,14-3-29 10:32:0,1
6S68B6P4GU,114.05,22.6169,1602746,0,0,0,14-3-29 10:34:43,1
6S68B6P4GU,114.05,22.6169,1602746,0,0,0,14-3-29 10:36:43,1
6S68B6P4GU,114.05,22.6169,1602746,0,0,0,14-3-29 10:37:2,1
6S68B6P4GU,114.05,22.6169,1602746,0,0,0,14-3-29 10:38:43,1
6S68B6P4GU,114.05,22.6169,1602746,0,0,0,14-3-29 10:40:43,1
6S68B6P4GU,114.049,22.6169,1602746,0,0,0,14-3-29 10:42:3,1
6S68B6P4GU,114.05,22.6169,1602746,0,0,0,14-3-29 10:42:43,1
6S68B6P4GU,114.05,22.6169,1602746,0,0,0,14-3-29 10:44:43,1
6S68B6P4GU,114.049,22.6169,1602746,0,0,0,14-3-29 10:46:43,1
6S68B6P4GU,114.049,22.6169,1602746,0,0,0,14-3-29 10:47:5,1
6S68B6P4GU,114.049,22.6169,1602746,0,0,0,14-3-29 10:48:43,1
6S68B6P4GU,114.05,22.6169,1602746,0,0,0,14-3-29 10:50:43,1
6S68B6P4GU,114.05,22.6169,1602746,0,0,0,14-3-29 10:52:7,1
6S68B6P4GU,114.05,22.6169,1602746,0,0,0,14-3-29 10:52:43,1
6S68B6P4GU,114.049,22.6169,1602746,0,0,0,14-3-29 10:54:43,1
6S68B6P4GU,114.049,22.6169,1602746,0,0,0,14-3-29 10:56:43,1
6S68B6P4GU,114.049,22.6169,1602746,0,0,0,14-3-29 10:57:8,1
6S68B6P4GU,114.049,22.6169,1602746,0,0,0,14-3-29 10:58:43,1
6S68B6P4GU,114.049,22.617,1602746,0,0,0,14-3-29 11:0:43,1
6S68B6P4GU,114.049,22.6169,1602746,0,0,0,14-3-29 11:2:21,1
6S68B6P4GU,114.049,22.6169,1602746,0,0,0,14-3-29 11:2:44,1
6S68B6P4GU,114.049,22.6169,1602746,0,0,0,14-3-29 11:4:44,1
6S68B6P4GU,114.049,22.6169,1602746,0,0,0,14-3-29 11:6:44,1
6S68B6P4GU,114.049,22.6169,1602746,0,0,0,14-3-29 11:7:23,1
6S68B6P4GU,114.049,22.6169,1602746,0,0,0,14-3-29 11:8:44,1
6S68B6P4GU,114.049,22.6169,1602746,0,0,0,14-3-29 11:10:44,1
6S68B6P4GU,114.049,22.6169,1602746,0,0,0,14-3-29 11:12:24,1
6S68B6P4GU,114.049,22.6169,1602746,0,0,0,14-3-29 11:12:44,1
6S68B6P4GU,114.049,22.617,1602746,0,0,0,14-3-29 11:14:44,1
6S68B6P4GU,114.049,22.6169,1602746,0,0,0,14-3-29 11:16:44,1
6S68B6P4GU,114.049,22.6169,1602746,0,0,0,14-3-29 11:17:25,1
6S68B6P4GU,114.049,22.6169,1602746,0,0,0,14-3-29 11:18:44,1
6S68B6P4GU,114.049,22.6169,1602746,0,0,0,14-3-29 11:20:44,1
6S68B6P4GU,114.049,22.6169,1602746,0,0,0,14-3-29 11:22:26,1
6S68B6P4GU,114.049,22.6169,1602746,0,0,0,14-3-29 11:22:44,1
6S68B6P4GU,114.049,22.6169,1602746,0,0,0,14-3-29 11:24:44,1
6S68B6P4GU,114.049,22.6169,1602746,0,0,0,14-3-29 11:26:44,1
6S68B6P4GU,114.049,22.6169,1602746,0,0,0,14-3-29 11:27:27,1
6S68B6P4GU,114.049,22.6169,1602746,0,0,0,14-3-29 11:28:44,1
6S68B6P4GU,114.05,22.6169,1602746,0,0,0,14-3-29 11:30:44,1
6S68B6P4GU,114.05,22.6169,1602746,0,0,0,14-3-29 11:32:28,1
6S68B6P4GU,114.05,22.6169,1602746,0,0,0,14-3-29 11:32:45,1
6S68B6P4GU,114.049,22.6169,1602746,0,0,0,14-3-29 11:34:45,1
6S68B6P4GU,114.049,22.6169,1602746,0,0,0,14-3-29 11:36:45,1
6S68B6P4GU,114.049,22.6169,1602746,0,0,0,14-3-29 11:37:30,1
6S68B6P4GU,114.049,22.6169,1602746,0,0,0,14-3-29 11:38:45,1
6S68B6P4GU,114.049,22.6169,1602746,0,0,0,14-3-29 11:40:45,1
6S68B6P4GU,114.049,22.6169,1602746,0,0,0,14-3-29 11:42:31,1
6S68B6P4GU,114.049,22.6169,1602746,0,0,0,14-3-29 11:42:45,1
6S68B6P4GU,114.049,22.6169,1602746,0,0,0,14-3-29 11:44:45,1
6S68B6P4GU,114.05,22.6169,1602746,0,0,0,14-3-29 11:46:45,1
6S68B6P4GU,114.05,22.6169,1602746,0,0,0,14-3-29 11:47:53,1
6S68B6P4GU,114.05,22.6169,1602746,0,0,0,14-3-29 11:48:45,1
6S68B6P4GU,114.049,22.6169,1602746,0,0,0,14-3-29 11:50:45,1
6S68B6P4GU,114.049,22.6169,1602746,0,0,0,14-3-29 11:52:54,1
6S68B6P4GU,114.049,22.6168,1602746,0,0,0,14-3-29 11:54:45,1
6S68B6P4GU,114.049,22.6168,1602746,0,0,0,14-3-29 11:56:45,1
6S68B6P4GU,114.049,22.6168,1602746,0,0,0,14-3-29 11:57:55,1
6S68B6P4GU,114.049,22.6169,1602746,0,0,0,14-3-29 11:58:45,1
6S68B6P4GU,114.049,22.6168,1602746,0,0,0,14-3-29 12:0:45,1
6S68B6P4GU,114.049,22.6168,1602746,0,0,0,14-3-29 12:2:46,1
6S68B6P4GU,114.049,22.6168,1602746,0,0,0,14-3-29 12:2:56,1
6S68B6P4GU,114.049,22.6167,1602746,0,0,0,14-3-29 12:4:46,1
6S68B6P4GU,114.049,22.6167,1602746,0,0,0,14-3-29 12:6:46,1
6S68B6P4GU,114.049,22.6167,1602746,0,0,0,14-3-29 12:7:58,1
6S68B6P4GU,114.049,22.6167,1602746,0,0,0,14-3-29 12:8:46,1
6S68B6P4GU,114.049,22.6167,1602746,0,0,0,14-3-29 12:10:46,1
6S68B6P4GU,114.049,22.6167,1602746,0,0,0,14-3-29 12:12:46,1
6S68B6P4GU,114.049,22.6167,1602746,0,0,0,14-3-29 12:12:59,1
6S68B6P4GU,114.049,22.6167,1602746,0,0,0,14-3-29 12:14:46,1
6S68B6P4GU,114.049,22.6167,1602746,0,0,0,14-3-29 12:16:46,1
6S68B6P4GU,114.049,22.6167,1602746,0,0,0,14-3-29 12:18:0,1
6S68B6P4GU,114.049,22.6167,1602746,0,0,0,14-3-29 12:18:46,1
6S68B6P4GU,114.049,22.6168,1602746,0,0,0,14-3-29 12:20:46,1
6S68B6P4GU,114.049,22.6168,1602746,0,0,0,14-3-29 12:22:46,1
6S68B6P4GU,114.049,22.6168,1602746,0,0,0,14-3-29 12:23:1,1
6S68B6P4GU,114.049,22.6168,1602746,0,0,0,14-3-29 12:24:46,1
6S68B6P4GU,114.049,22.6167,1602746,0,0,0,14-3-29 12:26:46,1
6S68B6P4GU,114.049,22.6168,1602746,0,35,0,14-3-29 12:28:2,1
6S68B6P4GU,114.049,22.6168,1602746,0,45,0,14-3-29 12:28:46,1
6S68B6P4GU,114.049,22.6169,1602746,0,0,0,14-3-29 12:30:46,1
6S68B6P4GU,114.05,22.6168,1602746,0,0,0,14-3-29 12:32:47,1
6S68B6P4GU,114.05,22.6168,1602746,0,0,0,14-3-29 12:33:3,1
6S68B6P4GU,114.05,22.6169,1602746,0,0,0,14-3-29 12:36:47,1
6S68B6P4GU,114.049,22.6169,1602746,0,0,0,14-3-29 12:38:5,1
6S68B6P4GU,114.049,22.6169,1602746,0,0,0,14-3-29 12:38:47,1
6S68B6P4GU,114.05,22.6169,1602746,0,0,0,14-3-29 12:40:47,1
6S68B6P4GU,114.05,22.6169,1602746,0,0,0,14-3-29 12:42:47,1
6S68B6P4GU,114.049,22.6169,1602746,0,0,0,14-3-29 12:43:6,1
6S68B6P4GU,114.049,22.6169,1602746,0,0,0,14-3-29 12:44:47,1
6S68B6P4GU,114.05,22.6168,1602746,0,0,0,14-3-29 12:46:47,1
6S68B6P4GU,114.05,22.6169,1602746,0,0,0,14-3-29 12:48:7,1
6S68B6P4GU,114.05,22.6168,1602746,0,0,0,14-3-29 12:48:47,1
6S68B6P4GU,114.05,22.6168,1602746,0,0,0,14-3-29 12:50:47,1
6S68B6P4GU,114.05,22.6169,1602746,0,0,0,14-3-29 12:52:47,1
6S68B6P4GU,114.05,22.6169,1602746,0,0,0,14-3-29 12:53:8,1
6S68B6P4GU,114.05,22.6168,1602746,0,0,0,14-3-29 12:54:47,1
6S68B6P4GU,114.05,22.6169,1602746,0,0,0,14-3-29 12:56:47,1
6S68B6P4GU,114.05,22.6168,1602746,0,0,0,14-3-29 12:58:9,1
6S68B6P4GU,114.05,22.6168,1602746,0,0,0,14-3-29 12:58:47,1
6S68B6P4GU,114.05,22.6168,1602746,0,0,0,14-3-29 13:0:47,1
6S68B6P4GU,114.05,22.6168,1602746,0,0,0,14-3-29 13:2:48,1
6S68B6P4GU,114.05,22.6169,1602746,0,0,0,14-3-29 13:3:10,1
6S68B6P4GU,114.05,22.6169,1602746,0,0,0,14-3-29 13:4:48,1
6S68B6P4GU,114.049,22.6169,1602746,0,0,0,14-3-29 13:6:48,1
6S68B6P4GU,114.049,22.617,1602746,0,0,0,14-3-29 13:8:12,1
6S68B6P4GU,114.049,22.617,1602746,0,0,0,14-3-29 13:8:48,1
6S68B6P4GU,114.049,22.617,1602746,0,0,0,14-3-29 13:10:48,1
6S68B6P4GU,114.049,22.617,1602746,0,0,0,14-3-29 13:12:48,1
6S68B6P4GU,114.049,22.617,1602746,0,0,0,14-3-29 13:13:13,1
6S68B6P4GU,114.049,22.617,1602746,0,0,0,14-3-29 13:14:48,1
6S68B6P4GU,114.049,22.6171,1602746,0,0,0,14-3-29 13:16:48,1
6S68B6P4GU,114.049,22.6171,1602746,0,0,0,14-3-29 13:18:14,1
6S68B6P4GU,114.049,22.617,1602746,0,0,0,14-3-29 13:18:48,1
6S68B6P4GU,114.049,22.617,1602746,0,0,0,14-3-29 13:20:48,1
6S68B6P4GU,114.049,22.6169,1602746,0,0,0,14-3-29 13:22:48,1
6S68B6P4GU,114.049,22.6169,1602746,0,0,0,14-3-29 13:23:15,1
6S68B6P4GU,114.049,22.6169,1602746,0,0,0,14-3-29 13:24:48,1
6S68B6P4GU,114.049,22.6169,1602746,0,0,0,14-3-29 13:26:48,1
6S68B6P4GU,114.049,22.6169,1602746,0,0,0,14-3-29 13:28:16,1
6S68B6P4GU,114.049,22.6169,1602746,0,0,0,14-3-29 13:28:48,1
6S68B6P4GU,114.049,22.617,1602746,0,0,0,14-3-29 13:30:48,1
6S68B6P4GU,114.049,22.6169,1602746,0,0,0,14-3-29 13:32:49,1
6S68B6P4GU,114.049,22.6169,1602746,0,0,0,14-3-29 13:33:17,1
6S68B6P4GU,114.05,22.617,1602746,0,0,0,14-3-29 13:34:49,1
6S68B6P4GU,114.05,22.617,1602746,0,0,0,14-3-29 13:36:49,1
6S68B6P4GU,114.05,22.6169,1602746,0,0,0,14-3-29 13:38:19,1
6S68B6P4GU,114.05,22.6169,1602746,0,0,0,14-3-29 13:38:49,1
6S68B6P4GU,114.05,22.6169,1602746,0,0,0,14-3-29 13:40:49,1
6S68B6P4GU,114.05,22.6169,1602746,0,0,0,14-3-29 13:42:49,1
6S68B6P4GU,114.05,22.6169,1602746,0,0,0,14-3-29 13:43:20,1
6S68B6P4GU,114.049,22.617,1602746,0,0,0,14-3-29 13:44:49,1
6S68B6P4GU,114.049,22.6169,1602746,0,0,0,14-3-29 13:46:49,1
6S68B6P4GU,114.049,22.6169,1602746,0,0,0,14-3-29 13:48:21,1
6S68B6P4GU,114.049,22.617,1602746,0,0,0,14-3-29 13:48:49,1
6S68B6P4GU,114.049,22.6169,1602746,0,0,0,14-3-29 13:50:49,1
6S68B6P4GU,114.05,22.6169,1602746,0,0,0,14-3-29 13:52:49,1
6S68B6P4GU,114.05,22.6169,1602746,0,0,0,14-3-29 13:53:22,1
6S68B6P4GU,114.05,22.6169,1602746,0,0,0,14-3-29 13:54:49,1
6S68B6P4GU,114.05,22.6169,1602746,0,0,0,14-3-29 13:56:25,1
6S68B6P4GU,114.05,22.6169,1602746,0,0,0,14-3-29 13:56:33,1
6S68B6P4GU,114.05,22.6169,1602746,0,0,0,14-3-29 13:56:49,1
6S68B6P4GU,114.049,22.6169,1602746,0,0,0,14-3-29 13:58:23,1
6S68B6P4GU,114.049,22.6169,1602746,0,0,0,14-3-29 13:58:49,1
6S68B6P4GU,114.05,22.6169,1602746,0,0,0,14-3-29 14:0:49,1
6S68B6P4GU,114.05,22.6169,1602746,0,0,0,14-3-29 14:2:49,1
6S68B6P4GU,114.05,22.6169,1602746,0,0,0,14-3-29 14:3:24,1
6S68B6P4GU,114.05,22.6168,1602746,0,0,0,14-3-29 14:4:50,1
6S68B6P4GU,114.05,22.6168,1602746,0,0,0,14-3-29 14:6:50,1
6S68B6P4GU,114.05,22.6168,1602746,0,0,0,14-3-29 14:8:26,1
6S68B6P4GU,114.049,22.6168,1602746,0,150,0,14-3-29 14:8:50,1
6S68B6P4GU,114.05,22.6168,1602746,0,0,0,14-3-29 14:10:50,1
6S68B6P4GU,114.05,22.6168,1602746,0,0,0,14-3-29 14:12:50,1
6S68B6P4GU,114.05,22.6168,1602746,0,0,0,14-3-29 14:13:27,1
6S68B6P4GU,114.05,22.6168,1602746,0,0,0,14-3-29 14:14:50,1
6S68B6P4GU,114.05,22.6169,1602746,0,0,0,14-3-29 14:16:50,1
6S68B6P4GU,114.05,22.6169,1602746,0,0,0,14-3-29 14:18:28,1
6S68B6P4GU,114.05,22.6169,1602746,0,0,0,14-3-29 14:18:50,1
6S68B6P4GU,114.05,22.6169,1602746,0,0,0,14-3-29 14:20:50,1
6S68B6P4GU,114.05,22.6169,1602746,0,0,0,14-3-29 14:22:50,1
6S68B6P4GU,114.05,22.6169,1602746,0,0,0,14-3-29 14:23:29,1
6S68B6P4GU,114.05,22.6169,1602746,0,0,0,14-3-29 14:24:50,1
6S68B6P4GU,114.05,22.6169,1602746,0,0,0,14-3-29 14:26:50,1
6S68B6P4GU,114.05,22.6169,1602746,0,0,0,14-3-29 14:28:36,1
6S68B6P4GU,114.05,22.6168,1602746,0,0,0,14-3-29 14:28:50,1
6S68B6P4GU,114.049,22.6168,1602746,0,0,0,14-3-29 14:30:50,1
6S68B6P4GU,114.05,22.6169,1602746,0,0,0,14-3-29 14:32:50,1
6S68B6P4GU,114.05,22.6169,1602746,0,0,0,14-3-29 14:33:37,1
6S68B6P4GU,114.05,22.6169,1602746,0,0,0,14-3-29 14:34:51,1
6S68B6P4GU,114.049,22.6169,1602746,0,0,0,14-3-29 14:36:51,1
6S68B6P4GU,114.05,22.6169,1602746,0,0,0,14-3-29 14:38:39,1
6S68B6P4GU,114.05,22.6169,1602746,0,0,0,14-3-29 14:38:51,1
6S68B6P4GU,114.05,22.6169,1602746,0,0,0,14-3-29 14:40:51,1
6S68B6P4GU,114.05,22.6169,1602746,0,0,0,14-3-29 14:42:51,1
6S68B6P4GU,114.05,22.6169,1602746,0,0,0,14-3-29 14:43:40,1
6S68B6P4GU,114.05,22.6169,1602746,0,0,0,14-3-29 14:44:51,1
6S68B6P4GU,114.049,22.6169,1602746,0,0,0,14-3-29 14:46:51,1
6S68B6P4GU,114.05,22.6169,1602746,0,0,0,14-3-29 14:47:57,1
6S68B6P4GU,114.05,22.6169,1602746,0,0,0,14-3-29 14:48:51,1
6S68B6P4GU,114.05,22.6169,1602746,0,0,0,14-3-29 14:50:51,1
6S68B6P4GU,114.05,22.6169,1602746,0,0,0,14-3-29 14:52:51,1
6S68B6P4GU,114.05,22.6169,1602746,0,0,0,14-3-29 14:52:58,1
6S68B6P4GU,114.05,22.6169,1602746,0,0,0,14-3-29 14:54:51,1
6S68B6P4GU,114.05,22.6169,1602746,0,0,0,14-3-29 14:56:51,1
6S68B6P4GU,114.05,22.6169,1602746,0,0,0,14-3-29 14:57:59,1
6S68B6P4GU,114.049,22.6169,1602746,0,0,0,14-3-29 14:58:51,1
6S68B6P4GU,114.049,22.6169,1602746,0,0,0,14-3-29 15:0:51,1
6S68B6P4GU,114.049,22.6169,1602746,0,0,0,14-3-29 15:2:51,1
6S68B6P4GU,114.049,22.6169,1602746,0,0,0,14-3-29 15:3:0,1
6S68B6P4GU,114.049,22.6169,1602746,0,0,0,14-3-29 15:4:52,1
6S68B6P4GU,114.049,22.6169,1602746,0,135,0,14-3-29 15:6:52,1
6S68B6P4GU,114.05,22.6169,1602746,0,0,0,14-3-29 15:8:3,1
6S68B6P4GU,114.05,22.6169,1602746,0,135,0,14-3-29 15:8:52,1
6S68B6P4GU,114.05,22.6168,1602746,0,0,0,14-3-29 15:10:52,1
6S68B6P4GU,114.049,22.6169,1602746,0,40,0,14-3-29 15:12:52,1
6S68B6P4GU,114.049,22.6169,1602746,0,0,0,14-3-29 15:13:5,1
6S68B6P4GU,114.05,22.6169,1602747,0,35,0,14-3-29 15:14:52,1
6S68B6P4GU,114.049,22.6169,1602747,0,0,0,14-3-29 15:16:52,1
6S68B6P4GU,114.05,22.6169,1602747,2,45,0,14-3-29 15:18:6,1
6S68B6P4GU,114.049,22.6169,1602747,0,0,0,14-3-29 15:18:52,1
6S68B6P4GU,114.049,22.6169,1602747,0,0,0,14-3-29 15:20:52,1
6S68B6P4GU,114.05,22.6169,1602747,0,0,0,14-3-29 15:22:52,1
6S68B6P4GU,114.05,22.6169,1602747,0,0,0,14-3-29 15:23:7,1
6S68B6P4GU,114.049,22.6169,1602747,0,0,0,14-3-29 15:24:52,1
6S68B6P4GU,114.05,22.6169,1602747,0,0,0,14-3-29 15:26:52,1
6S68B6P4GU,114.05,22.6169,1602747,0,0,0,14-3-29 15:28:8,1
6S68B6P4GU,114.05,22.6169,1602747,0,0,0,14-3-29 15:28:52,1
6S68B6P4GU,114.05,22.6169,1602747,0,0,0,14-3-29 15:30:52,1
6S68B6P4GU,114.05,22.6169,1602747,0,40,0,14-3-29 15:32:52,1
6S68B6P4GU,114.05,22.6169,1602747,0,0,0,14-3-29 15:33:9,1
6S68B6P4GU,114.05,22.6169,1602747,0,0,0,14-3-29 15:34:53,1
6S68B6P4GU,114.05,22.6169,1602747,0,0,0,14-3-29 15:36:53,1
6S68B6P4GU,114.05,22.6169,1602747,0,0,0,14-3-29 15:38:11,1
6S68B6P4GU,114.05,22.6169,1602747,0,0,0,14-3-29 15:38:53,1
6S68B6P4GU,114.05,22.6169,1602747,0,0,0,14-3-29 15:40:53,1
6S68B6P4GU,114.049,22.6169,1602747,0,0,0,14-3-29 15:42:53,1
6S68B6P4GU,114.049,22.6169,1602747,0,0,0,14-3-29 15:43:12,1
6S68B6P4GU,114.05,22.6169,1602747,0,0,0,14-3-29 15:44:53,1
6S68B6P4GU,114.049,22.617,1602747,0,0,0,14-3-29 15:46:53,1
6S68B6P4GU,114.049,22.617,1602747,0,0,0,14-3-29 15:48:13,1
6S68B6P4GU,114.05,22.6169,1602747,0,55,0,14-3-29 15:48:53,1
6S68B6P4GU,114.05,22.6169,1602747,0,0,0,14-3-29 15:49:23,1
6S68B6P4GU,114.05,22.6169,1602747,0,0,0,14-3-29 15:50:53,1
6S68B6P4GU,114.05,22.6169,1602747,0,0,0,14-3-29 15:52:53,1
6S68B6P4GU,114.05,22.6169,1602747,0,0,0,14-3-29 15:53:14,1
6S68B6P4GU,114.049,22.6169,1602747,2,15,0,14-3-29 15:54:53,1
6S68B6P4GU,114.049,22.6175,1602747,12,0,0,14-3-29 15:56:1,1
6S68B6P4GU,114.048,22.6183,1602749,10,130,0,14-3-29 15:58:0,1
6S68B6P4GU,114.048,22.6183,1602749,14,135,0,14-3-29 15:58:15,1
6S68B6P4GU,114.048,22.6177,1602751,8,40,0,14-3-29 15:59:54,1
6S68B6P4GU,114.048,22.6178,1602752,0,0,0,14-3-29 16:1:53,1
6S68B6P4GU,114.048,22.6179,1602752,0,10,0,14-3-29 16:3:16,1
6S68B6P4GU,114.049,22.6178,1602752,0,35,0,14-3-29 16:3:54,1
6S68B6P4GU,114.049,22.6178,1602752,0,45,0,14-3-29 16:4:13,1
6S68B6P4GU,114.049,22.6178,1602752,0,0,0,14-3-29 16:5:54,1
6S68B6P4GU,114.049,22.6179,1602752,0,0,0,14-3-29 16:7:54,1
6S68B6P4GU,114.049,22.6179,1602752,0,0,0,14-3-29 16:8:18,1
6S68B6P4GU,114.049,22.6179,1602752,0,0,0,14-3-29 16:9:54,1
6S68B6P4GU,114.048,22.6179,1602752,0,0,0,14-3-29 16:11:54,1
6S68B6P4GU,114.048,22.6179,1602752,0,0,0,14-3-29 16:13:19,1
6S68B6P4GU,114.048,22.6179,1602752,0,0,0,14-3-29 16:13:54,1
6S68B6P4GU,114.048,22.6179,1602752,2,105,0,14-3-29 16:15:54,1
6S68B6P4GU,114.048,22.6178,1602753,0,70,0,14-3-29 16:17:54,1
6S68B6P4GU,114.049,22.6179,1602753,2,25,0,14-3-29 16:18:20,1
6S68B6P4GU,114.049,22.6179,1602753,0,100,0,14-3-29 16:18:36,0
6S68B6P4GU,114.049,22.6179,1602753,0,100,0,14-3-29 16:19:54,0
6S68B6P4GU,114.049,22.6179,1602753,0,100,0,14-3-29 16:21:54,0
6S68B6P4GU,114.049,22.6179,1602753,0,100,0,14-3-29 16:23:21,0
6S68B6P4GU,114.049,22.6179,1602753,0,100,0,14-3-29 16:23:54,0
6S68B6P4GU,114.049,22.6179,1602753,0,100,0,14-3-29 16:25:54,0
6S68B6P4GU,114.049,22.6179,1602753,0,100,0,14-3-29 16:27:54,0
6S68B6P4GU,114.049,22.6179,1602753,0,100,0,14-3-29 16:28:22,0
6S68B6P4GU,114.049,22.6179,1602753,0,100,0,14-3-29 16:28:35,0
6S68B6P4GU,114.049,22.6179,1602753,0,100,0,14-3-29 16:29:54,0
6S68B6P4GU,114.049,22.6179,1602753,0,30,0,14-3-29 16:31:44,1
6S68B6P4GU,114.049,22.6179,1602753,0,20,0,14-3-29 16:31:54,1
6S68B6P4GU,114.048,22.6179,1602753,0,115,0,14-3-29 16:33:23,1
6S68B6P4GU,114.049,22.6179,1602753,4,105,0,14-3-29 16:33:54,1
6S68B6P4GU,114.048,22.6179,1602753,2,160,0,14-3-29 16:34:42,1
6S68B6P4GU,114.048,22.6178,1602754,4,110,0,14-3-29 16:36:42,1
6S68B6P4GU,114.048,22.6178,1602754,0,10,0,14-3-29 16:38:25,1
6S68B6P4GU,114.049,22.6178,1602754,2,40,0,14-3-29 16:38:42,1
6S68B6P4GU,114.049,22.618,1602755,0,20,0,14-3-29 16:40:42,1
6S68B6P4GU,114.049,22.618,1602755,0,0,0,14-3-29 16:42:42,1
6S68B6P4GU,114.049,22.6179,1602755,0,70,0,14-3-29 16:43:26,1
6S68B6P4GU,114.049,22.6179,1602755,0,70,0,14-3-29 16:43:29,1
6S68B6P4GU,114.048,22.6178,1602755,8,140,0,14-3-29 16:43:53,1
6S68B6P4GU,114.048,22.6184,1602757,0,145,0,14-3-29 16:45:52,1
6S68B6P4GU,114.048,22.6184,1602757,10,50,0,14-3-29 16:46:25,1
6S68B6P4GU,114.049,22.6186,1602759,8,125,0,14-3-29 16:48:28,1
6S68B6P4GU,114.047,22.6185,1602761,23,130,0,14-3-29 16:49:18,1
6S68B6P4GU,114.045,22.6177,1602763,29,85,0,14-3-29 16:49:53,1
6S68B6P4GU,114.045,22.6158,1602765,0,0,0,14-3-29 16:50:33,1
6S68B6P4GU,114.045,22.6158,1602765,0,0,0,14-3-29 16:51:52,1
6S68B6P4GU,114.045,22.6157,1602765,0,0,0,14-3-29 16:53:29,1
6S68B6P4GU,114.045,22.6157,1602765,0,0,0,14-3-29 16:53:52,1
6S68B6P4GU,114.045,22.6158,1602765,0,0,0,14-3-29 16:55:52,1
6S68B6P4GU,114.045,22.6158,1602765,0,0,0,14-3-29 16:57:52,1
6S68B6P4GU,114.045,22.6157,1602765,0,0,0,14-3-29 16:58:29,1
6S68B6P4GU,114.045,22.6158,1602765,0,0,0,14-3-29 16:59:52,1
6S68B6P4GU,114.045,22.6158,1602765,0,0,0,14-3-29 17:1:52,1
6S68B6P4GU,114.045,22.6158,1602765,0,15,0,14-3-29 17:3:19,1
6S68B6P4GU,114.045,22.6158,1602765,0,5,0,14-3-29 17:3:30,1
6S68B6P4GU,114.045,22.6159,1602765,4,50,0,14-3-29 17:3:58,1
6S68B6P4GU,114.045,22.6181,1602767,14,175,0,14-3-29 17:5:25,1
6S68B6P4GU,114.047,22.6185,1602769,21,35,0,14-3-29 17:6:19,1
6S68B6P4GU,114.049,22.6187,1602771,8,5,0,14-3-29 17:7:24,1
6S68B6P4GU,114.049,22.6208,1602773,12,0,0,14-3-29 17:8:17,1
6S68B6P4GU,114.049,22.6212,1602774,4,175,0,14-3-29 17:8:32,1
6S68B6P4GU,114.048,22.6179,1602774,0,0,0,14-3-29 19:44:10,0
6S68B6P4GU,114.185,22.6579,1602776,68,30,0,14-3-29 19:44:45,1
6S68B6P4GU,114.187,22.6588,1602778,62,30,0,14-3-29 19:44:57,1
6S68B6P4GU,114.189,22.6597,1602780,58,30,0,14-3-29 19:45:10,1
6S68B6P4GU,114.193,22.6614,1602784,66,30,0,14-3-29 19:45:34,1
6S68B6P4GU,114.196,22.6633,1602788,76,30,0,14-3-29 19:45:57,1
6S68B6P4GU,114.2,22.6651,1602792,74,30,0,14-3-29 19:46:15,1
6S68B6P4GU,114.202,22.6661,1602794,74,20,0,14-3-29 19:46:25,1
6S68B6P4GU,114.203,22.6676,1602796,72,15,0,14-3-29 19:46:35,1
6S68B6P4GU,114.204,22.6713,1602801,80,175,0,14-3-29 19:46:56,1
6S68B6P4GU,114.204,22.6731,1602803,82,175,0,14-3-29 19:47:5,1
6S68B6P4GU,114.204,22.6749,1602805,78,0,0,14-3-29 19:47:14,1
6S68B6P4GU,114.204,22.6767,1602807,66,0,0,14-3-29 19:47:24,1
6S68B6P4GU,114.204,22.6786,1602809,62,0,0,14-3-29 19:47:36,1
6S68B6P4GU,114.205,22.6804,1602811,31,5,0,14-3-29 19:47:52,1
6S68B6P4GU,114.205,22.6811,1602811,0,0,0,14-3-29 19:48:24,1
6S68B6P4GU,114.205,22.6822,1602813,37,5,0,14-3-29 19:48:57,1
6S68B6P4GU,114.205,22.6835,1602814,45,175,0,14-3-29 19:49:9,1
6S68B6P4GU,114.205,22.6841,1602815,43,170,0,14-3-29 19:49:15,1
6S68B6P4GU,114.204,22.6859,1602817,47,165,0,14-3-29 19:49:33,1
6S68B6P4GU,114.203,22.6876,1602819,51,165,0,14-3-29 19:49:49,1
6S68B6P4GU,114.202,22.6892,1602821,0,160,0,14-3-29 19:50:14,0
6S68B6P4GU,114.2,22.6923,1602825,58,165,0,14-3-29 19:50:28,1
6S68B6P4GU,114.2,22.694,1602827,58,165,0,14-3-29 19:50:41,1
6S68B6P4GU,114.199,22.6958,1602829,58,170,0,14-3-29 19:50:54,1
6S68B6P4GU,114.198,22.6976,1602831,60,170,0,14-3-29 19:51:7,1
6S68B6P4GU,114.198,22.6996,1602833,60,175,0,14-3-29 19:51:20,1
6S68B6P4GU,114.198,22.7016,1602835,62,175,0,14-3-29 19:51:33,1
6S68B6P4GU,114.198,22.7025,1602836,0,0,0,14-3-29 19:51:50,0
6S68B6P4GU,114.199,22.7078,1602842,74,5,0,14-3-29 19:52:11,1
6S68B6P4GU,114.2,22.7096,1602844,78,10,0,14-3-29 19:52:21,1
6S68B6P4GU,114.201,22.7114,1602846,78,10,0,14-3-29 19:52:31,1
6S68B6P4GU,114.202,22.7131,1602848,80,15,0,14-3-29 19:52:41,1
6S68B6P4GU,114.203,22.7146,1602850,80,15,0,14-3-29 19:52:50,1
6S68B6P4GU,114.204,22.7162,1602852,74,15,0,14-3-29 19:53:0,1
6S68B6P4GU,114.205,22.7179,1602854,64,10,0,14-3-29 19:53:11,1
6S68B6P4GU,114.206,22.7197,1602857,60,5,0,14-3-29 19:53:24,1
6S68B6P4GU,114.206,22.7216,1602859,62,5,0,14-3-29 19:53:37,1
6S68B6P4GU,114.207,22.7254,1602863,72,0,0,14-3-29 19:54:0,1
6S68B6P4GU,114.207,22.7273,1602865,72,0,0,14-3-29 19:54:11,1
6S68B6P4GU,114.208,22.7291,1602867,72,0,0,14-3-29 19:54:21,1
6S68B6P4GU,114.208,22.7309,1602869,70,10,0,14-3-29 19:54:32,1
6S68B6P4GU,114.21,22.7325,1602871,74,20,0,14-3-29 19:54:43,1
6S68B6P4GU,114.211,22.7334,1602873,76,35,0,14-3-29 19:54:53,1
6S68B6P4GU,114.213,22.7339,1602875,72,35,0,14-3-29 19:55:3,1
6S68B6P4GU,114.215,22.7344,1602877,64,35,0,14-3-29 19:55:15,1
6S68B6P4GU,114.217,22.7348,1602879,68,35,0,14-3-29 19:55:26,1
6S68B6P4GU,114.219,22.7352,1602882,70,35,0,14-3-29 19:55:37,1
6S68B6P4GU,114.221,22.736,1602884,68,30,0,14-3-29 19:55:48,1
6S68B6P4GU,114.223,22.737,1602886,70,20,0,14-3-29 19:55:59,1
6S68B6P4GU,114.224,22.7384,1602888,66,20,0,14-3-29 19:56:10,1
6S68B6P4GU,114.226,22.7397,1602890,66,25,0,14-3-29 19:56:22,1
6S68B6P4GU,114.228,22.7405,1602892,70,35,0,14-3-29 19:56:33,1
6S68B6P4GU,114.229,22.7408,1602894,72,40,0,14-3-29 19:56:43,1
6S68B6P4GU,114.231,22.7408,1602896,74,40,0,14-3-29 19:56:53,1
6S68B6P4GU,114.234,22.7408,1602898,72,40,0,14-3-29 19:57:4,1
6S68B6P4GU,114.238,22.7408,1602902,74,40,0,14-3-29 19:57:25,1
6S68B6P4GU,114.24,22.7408,1602904,72,40,0,14-3-29 19:57:35,1
6S68B6P4GU,114.242,22.741,1602906,68,40,0,14-3-29 19:57:46,1
6S68B6P4GU,114.244,22.741,1602908,64,40,0,14-3-29 19:57:57,1
6S68B6P4GU,114.246,22.741,1602910,68,40,0,14-3-29 19:58:8,1
6S68B6P4GU,114.247,22.7415,1602912,70,25,0,14-3-29 19:58:19,1
6S68B6P4GU,114.249,22.7429,1602914,70,15,0,14-3-29 19:58:30,1
6S68B6P4GU,114.253,22.7473,1602921,70,25,0,14-3-29 19:59:3,1
6S68B6P4GU,114.255,22.748,1602923,70,35,0,14-3-29 19:59:14,1
6S68B6P4GU,114.257,22.7487,1602925,74,30,0,14-3-29 19:59:25,1
6S68B6P4GU,114.259,22.7494,1602927,74,30,0,14-3-29 19:59:35,1
6S68B6P4GU,114.261,22.7504,1602929,72,25,0,14-3-29 19:59:46,1
6S68B6P4GU,114.262,22.7514,1602931,70,25,0,14-3-29 19:59:56,1
6S68B6P4GU,114.264,22.7526,1602933,66,20,0,14-3-29 20:0:7,1
6S68B6P4GU,114.265,22.7539,1602935,68,15,0,14-3-29 20:0:18,1
6S68B6P4GU,114.266,22.7556,1602937,70,5,0,14-3-29 20:0:29,1
6S68B6P4GU,114.266,22.7574,1602939,66,0,0,14-3-29 20:0:40,1
6S68B6P4GU,114.266,22.7594,1602941,56,175,0,14-3-29 20:0:53,1
6S68B6P4GU,114.268,22.7666,1602949,64,20,0,14-3-29 20:1:41,1
6S68B6P4GU,114.27,22.7679,1602951,8,25,0,14-3-29 20:1:58,1
6S68B6P4GU,114.27,22.7679,1602952,0,0,0,14-3-29 20:2:16,1
6S68B6P4GU,114.271,22.7691,1602953,47,20,0,14-3-29 20:3:13,1
6S68B6P4GU,114.273,22.7704,1602955,58,20,0,14-3-29 20:3:27,1
6S68B6P4GU,114.274,22.7716,1602957,64,20,0,14-3-29 20:3:39,1
6S68B6P4GU,114.276,22.7729,1602959,62,20,0,14-3-29 20:3:51,1
6S68B6P4GU,114.277,22.774,1602961,68,20,0,14-3-29 20:4:2,1
6S68B6P4GU,114.279,22.7752,1602963,78,25,0,14-3-29 20:4:12,1
6S68B6P4GU,114.281,22.7762,1602965,80,30,0,14-3-29 20:4:21,1
6S68B6P4GU,114.282,22.777,1602968,74,30,0,14-3-29 20:4:31,1
6S68B6P4GU,114.284,22.7778,1602970,70,30,0,14-3-29 20:4:42,1
6S68B6P4GU,114.286,22.7785,1602972,68,30,0,14-3-29 20:4:53,1
6S68B6P4GU,114.288,22.7792,1602974,64,30,0,14-3-29 20:5:5,1
6S68B6P4GU,114.29,22.7797,1602975,0,30,0,14-3-29 20:5:33,1
6S68B6P4GU,114.29,22.7799,1602976,23,30,0,14-3-29 20:5:53,1
6S68B6P4GU,114.292,22.7806,1602978,45,35,0,14-3-29 20:6:14,1
6S68B6P4GU,114.298,22.7821,1602984,49,35,0,14-3-29 20:7:4,1
6S68B6P4GU,114.3,22.7828,1602986,41,30,0,14-3-29 20:7:21,1
6S68B6P4GU,114.302,22.7837,1602988,51,30,0,14-3-29 20:7:38,1
6S68B6P4GU,114.304,22.7846,1602990,49,30,0,14-3-29 20:7:53,1
6S68B6P4GU,114.305,22.7855,1602992,55,30,0,14-3-29 20:8:8,1
6S68B6P4GU,114.307,22.7864,1602994,60,30,0,14-3-29 20:8:21,1
6S68B6P4GU,114.309,22.7873,1602996,70,30,0,14-3-29 20:8:33,1
6S68B6P4GU,114.311,22.7882,1602998,74,30,0,14-3-29 20:8:43,1
6S68B6P4GU,114.313,22.7891,1603000,70,25,0,14-3-29 20:8:54,1
6S68B6P4GU,114.314,22.7903,1603002,68,20,0,14-3-29 20:9:5,1
6S68B6P4GU,114.316,22.7916,1603004,70,20,0,14-3-29 20:9:16,1
6S68B6P4GU,114.317,22.7929,1603006,70,25,0,14-3-29 20:9:27,1
6S68B6P4GU,114.319,22.7938,1603008,66,30,0,14-3-29 20:9:38,1
6S68B6P4GU,114.321,22.7942,1603010,72,45,0,14-3-29 20:9:49,1
6S68B6P4GU,114.323,22.7938,1603012,72,50,0,14-3-29 20:9:59,1
6S68B6P4GU,114.325,22.7932,1603014,12,50,0,14-3-29 20:11:2,1
6S68B6P4GU,114.326,22.7948,1603016,47,10,0,14-3-29 20:11:30,1
6S68B6P4GU,114.327,22.7966,1603018,56,0,0,14-3-29 20:11:45,1
6S68B6P4GU,114.326,22.8042,1603027,64,175,0,14-3-29 20:12:35,1
6S68B6P4GU,114.326,22.8061,1603029,19,175,0,14-3-29 20:13:12,1
6S68B6P4GU,114.327,22.8081,1603031,37,5,0,14-3-29 20:13:39,1
6S68B6P4GU,114.327,22.8099,1603033,39,5,0,14-3-29 20:13:58,1
6S68B6P4GU,114.328,22.8117,1603035,41,5,0,14-3-29 20:14:16,1
6S68B6P4GU,114.328,22.8136,1603037,51,175,0,14-3-29 20:14:32,1
6S68B6P4GU,114.327,22.8154,1603039,49,165,0,14-3-29 20:14:47,1
6S68B6P4GU,114.327,22.8172,1603041,31,165,0,14-3-29 20:15:7,1
6S68B6P4GU,114.326,22.8189,1603043,31,170,0,14-3-29 20:15:30,1
6S68B6P4GU,114.326,22.8208,1603045,37,0,0,14-3-29 20:15:54,1
6S68B6P4GU,114.326,22.8226,1603047,23,5,0,14-3-29 20:16:18,1
6S68B6P4GU,114.327,22.8245,1603049,33,5,0,14-3-29 20:17:3,1
6S68B6P4GU,114.327,22.8264,1603051,35,5,0,14-3-29 20:17:25,1
6S68B6P4GU,114.327,22.8282,1603053,41,0,0,14-3-29 20:17:44,1
6S68B6P4GU,114.328,22.8301,1603055,43,175,0,14-3-29 20:18:3,1
6S68B6P4GU,114.327,22.8321,1603057,45,175,0,14-3-29 20:18:21,1
6S68B6P4GU,114.327,22.834,1603059,45,175,0,14-3-29 20:18:38,1
6S68B6P4GU,114.327,22.8359,1603061,47,175,0,14-3-29 20:18:55,1
6S68B6P4GU,114.327,22.8379,1603063,37,175,0,14-3-29 20:19:16,1
6S68B6P4GU,114.326,22.8397,1603065,53,170,0,14-3-29 20:19:33,1
6S68B6P4GU,114.325,22.8414,1603067,56,160,0,14-3-29 20:19:47,1
6S68B6P4GU,114.325,22.8432,1603069,53,175,0,14-3-29 20:20:1,1
6S68B6P4GU,114.324,22.8451,1603071,60,175,0,14-3-29 20:20:15,1
6S68B6P4GU,114.324,22.8469,1603073,56,160,0,14-3-29 20:20:28,1
6S68B6P4GU,114.323,22.8486,1603075,53,170,0,14-3-29 20:20:42,1
6S68B6P4GU,114.323,22.8505,1603077,55,0,0,14-3-29 20:20:57,1
6S68B6P4GU,114.323,22.8523,1603079,58,10,0,14-3-29 20:21:10,1
6S68B6P4GU,114.324,22.8541,1603081,45,5,0,14-3-29 20:21:26,1
6S68B6P4GU,114.324,22.856,1603083,37,0,0,14-3-29 20:21:44,1
6S68B6P4GU,114.324,22.8579,1603085,45,5,0,14-3-29 20:22:2,1
6S68B6P4GU,114.325,22.8597,1603087,49,0,0,14-3-29 20:22:18,1
6S68B6P4GU,114.325,22.8616,1603089,43,15,0,14-3-29 20:22:33,1
6S68B6P4GU,114.326,22.8634,1603091,27,5,0,14-3-29 20:23:0,1
6S68B6P4GU,114.326,22.8653,1603093,41,5,0,14-3-29 20:23:22,1
6S68B6P4GU,114.327,22.8671,1603095,35,5,0,14-3-29 20:23:41,1
6S68B6P4GU,114.327,22.8689,1603097,31,10,0,14-3-29 20:24:6,1
6S68B6P4GU,114.328,22.8696,1603098,33,10,0,14-3-29 20:24:16,1
6S68B6P4GU,114.328,22.8707,1603099,37,10,0,14-3-29 20:24:29,1
6S68B6P4GU,114.329,22.8724,1603101,27,10,0,14-3-29 20:24:53,1
6S68B6P4GU,114.33,22.8741,1603103,35,10,0,14-3-29 20:25:18,1
6S68B6P4GU,114.331,22.8758,1603105,31,170,0,14-3-29 20:25:42,1
6S68B6P4GU,114.33,22.8777,1603107,33,170,0,14-3-29 20:26:6,1
6S68B6P4GU,114.329,22.8797,1603109,37,170,0,14-3-29 20:26:27,1
6S68B6P4GU,114.329,22.8814,1603111,37,170,0,14-3-29 20:26:47,1
6S68B6P4GU,114.324,22.8899,1603121,64,170,0,14-3-29 20:28:21,1
6S68B6P4GU,114.324,22.8918,1603123,60,175,0,14-3-29 20:28:33,1
6S68B6P4GU,114.323,22.8935,1603125,58,160,0,14-3-29 20:28:46,1
6S68B6P4GU,114.322,22.8952,1603127,60,160,0,14-3-29 20:28:59,1
6S68B6P4GU,114.321,22.8967,1603129,55,165,0,14-3-29 20:29:11,1
6S68B6P4GU,114.321,22.8974,1603130,55,170,0,14-3-29 20:29:17,1
6S68B6P4GU,114.32,22.8985,1603131,55,170,0,14-3-29 20:29:25,1
6S68B6P4GU,114.32,22.9002,1603133,60,170,0,14-3-29 20:29:38,1
6S68B6P4GU,114.319,22.9021,1603135,58,170,0,14-3-29 20:29:51,1
6S68B6P4GU,114.318,22.9039,1603137,55,165,0,14-3-29 20:30:4,1
6S68B6P4GU,114.318,22.9056,1603139,51,165,0,14-3-29 20:30:18,1
6S68B6P4GU,114.317,22.9073,1603141,55,165,0,14-3-29 20:30:32,1
6S68B6P4GU,114.317,22.9092,1603143,64,0,0,14-3-29 20:30:45,1
6S68B6P4GU,114.317,22.911,1603145,58,0,0,14-3-29 20:30:57,1
6S68B6P4GU,114.317,22.913,1603148,45,170,0,14-3-29 20:31:13,1
6S68B6P4GU,114.316,22.9149,1603150,47,165,0,14-3-29 20:31:30,1
6S68B6P4GU,114.315,22.9165,1603152,53,160,0,14-3-29 20:31:44,1
6S68B6P4GU,114.314,22.9183,1603154,49,170,0,14-3-29 20:32:0,1
6S68B6P4GU,114.314,22.9201,1603156,47,165,0,14-3-29 20:32:15,1
6S68B6P4GU,114.313,22.9218,1603158,47,165,0,14-3-29 20:32:31,1
6S68B6P4GU,114.312,22.9236,1603160,55,165,0,14-3-29 20:32:46,1
6S68B6P4GU,114.311,22.9254,1603162,55,165,0,14-3-29 20:33:0,1
6S68B6P4GU,114.311,22.9272,1603164,33,170,0,14-3-29 20:33:17,1
6S68B6P4GU,114.309,22.9287,1603166,43,155,0,14-3-29 20:33:36,1
6S68B6P4GU,114.308,22.9302,1603168,49,160,0,14-3-29 20:33:52,1
6S68B6P4GU,114.307,22.9317,1603170,55,160,0,14-3-29 20:34:6,1
6S68B6P4GU,114.306,22.9334,1603172,53,155,0,14-3-29 20:34:21,1
6S68B6P4GU,114.305,22.9348,1603174,37,5,0,14-3-29 20:34:38,1
6S68B6P4GU,114.305,22.9366,1603176,39,10,0,14-3-29 20:34:57,1
6S68B6P4GU,114.307,22.9382,1603178,37,20,0,14-3-29 20:35:29,1
6S68B6P4GU,114.308,22.9398,1603180,45,15,0,14-3-29 20:35:47,1
6S68B6P4GU,114.309,22.9414,1603182,55,15,0,14-3-29 20:36:2,1
6S68B6P4GU,114.31,22.9429,1603184,62,15,0,14-3-29 20:36:15,1
6S68B6P4GU,114.311,22.9445,1603186,56,10,0,14-3-29 20:36:28,1
6S68B6P4GU,114.312,22.9463,1603188,58,10,0,14-3-29 20:36:41,1
6S68B6P4GU,114.313,22.948,1603190,53,10,0,14-3-29 20:36:55,1
6S68B6P4GU,114.314,22.9498,1603192,56,10,0,14-3-29 20:37:9,1
6S68B6P4GU,114.315,22.9516,1603194,62,10,0,14-3-29 20:37:22,1
6S68B6P4GU,114.316,22.9534,1603196,60,10,0,14-3-29 20:37:35,1
6S68B6P4GU,114.316,22.9552,1603198,58,10,0,14-3-29 20:37:48,1
6S68B6P4GU,114.317,22.957,1603200,55,10,0,14-3-29 20:38:2,1
6S68B6P4GU,114.318,22.9588,1603202,53,10,0,14-3-29 20:38:16,1
6S68B6P4GU,114.319,22.9606,1603204,49,10,0,14-3-29 20:38:32,1
6S68B6P4GU,114.319,22.9624,1603206,49,10,0,14-3-29 20:38:48,1
6S68B6P4GU,114.32,22.9642,1603208,58,5,0,14-3-29 20:39:2,1
6S68B6P4GU,114.321,22.9659,1603210,49,10,0,14-3-29 20:39:16,1
6S68B6P4GU,114.321,22.9664,1603211,45,5,0,14-3-29 20:39:20,1
6S68B6P4GU,114.321,22.9679,1603212,49,175,0,14-3-29 20:39:33,1
6S68B6P4GU,114.321,22.9698,1603214,55,175,0,14-3-29 20:39:47,1
6S68B6P4GU,114.321,22.9718,1603216,45,0,0,14-3-29 20:40:3,1
6S68B6P4GU,114.321,22.9736,1603218,43,0,0,14-3-29 20:40:20,1
6S68B6P4GU,114.321,22.9755,1603220,25,0,0,14-3-29 20:40:40,1
6S68B6P4GU,114.323,22.9757,1603222,21,50,0,14-3-29 20:41:26,1
6S68B6P4GU,114.326,22.9762,1603224,33,35,0,14-3-29 20:41:58,1
6S68B6P4GU,114.327,22.9767,1603226,39,40,0,14-3-29 20:42:19,1
6S68B6P4GU,114.33,22.9768,1603228,39,40,0,14-3-29 20:42:37,1
6S68B6P4GU,114.331,22.9778,1603230,37,10,0,14-3-29 20:42:58,1
6S68B6P4GU,114.332,22.9793,1603232,39,15,0,14-3-29 20:43:17,1
6S68B6P4GU,114.334,22.9809,1603235,43,15,0,14-3-29 20:43:36,1
6S68B6P4GU,114.335,22.9823,1603237,45,25,0,14-3-29 20:43:53,1
6S68B6P4GU,114.337,22.9835,1603239,41,25,0,14-3-29 20:44:11,1
6S68B6P4GU,114.338,22.9844,1603241,47,30,0,14-3-29 20:44:29,1
6S68B6P4GU,114.34,22.9856,1603243,33,20,0,14-3-29 20:44:50,1
6S68B6P4GU,114.341,22.987,1603245,39,20,0,14-3-29 20:45:12,1
6S68B6P4GU,114.343,22.9883,1603247,37,20,0,14-3-29 20:45:32,1
6S68B6P4GU,114.344,22.9896,1603249,29,20,0,14-3-29 20:46:2,1
6S68B6P4GU,114.346,22.991,1603251,37,20,0,14-3-29 20:46:22,1
6S68B6P4GU,114.347,22.9923,1603253,39,20,0,14-3-29 20:46:42,1
6S68B6P4GU,114.349,22.9936,1603255,19,25,0,14-3-29 20:47:2,1
6S68B6P4GU,114.35,22.9949,1603257,35,20,0,14-3-29 20:47:28,1
6S68B6P4GU,114.352,22.9963,1603259,41,20,0,14-3-29 20:47:50,1
6S68B6P4GU,114.353,22.998,1603261,37,0,0,14-3-29 20:48:10,1
6S68B6P4GU,114.353,22.9998,1603263,45,0,0,14-3-29 20:48:27,1
6S68B6P4GU,114.353,23.0037,1603267,23,5,0,14-3-29 20:49:14,1
6S68B6P4GU,114.354,23.0043,1603267,29,0,0,14-3-29 20:49:23,1
6S68B6P4GU,114.354,23.0055,1603269,29,0,0,14-3-29 20:49:40,1
6S68B6P4GU,114.353,23.0075,1603270,0,0,0,14-3-29 20:50:36,1
6S68B6P4GU,114.353,23.0075,1603270,0,0,0,14-3-29 20:51:39,1
6S68B6P4GU,114.353,23.0075,1603270,0,0,0,14-3-29 20:53:39,1
6S68B6P4GU,114.354,23.0075,1603270,0,0,0,14-3-29 20:55:39,1
6S68B6P4GU,114.354,23.0075,1603270,0,0,0,14-3-29 20:57:39,1
6S68B6P4GU,114.354,23.0075,1603270,0,0,0,14-3-29 20:59:26,1
6S68B6P4GU,114.354,23.0075,1603270,0,170,0,14-3-29 20:59:39,1
6S68B6P4GU,114.353,23.0076,1603271,12,165,0,14-3-29 20:59:56,1
6S68B6P4GU,114.353,23.0095,1603273,31,170,0,14-3-29 21:0:32,1
6S68B6P4GU,114.353,23.0113,1603275,35,0,0,14-3-29 21:0:56,1
6S68B6P4GU,114.353,23.0132,1603277,47,5,0,14-3-29 21:1:15,1
6S68B6P4GU,114.354,23.0148,1603279,47,15,0,14-3-29 21:1:30,1
6S68B6P4GU,114.355,23.0163,1603281,37,15,0,14-3-29 21:1:50,1
6S68B6P4GU,114.356,23.0178,1603283,45,15,0,14-3-29 21:2:8,1
6S68B6P4GU,114.358,23.0194,1603285,39,15,0,14-3-29 21:2:28,1
6S68B6P4GU,114.359,23.0209,1603287,45,15,0,14-3-29 21:2:45,1
6S68B6P4GU,114.36,23.0223,1603289,47,20,0,14-3-29 21:3:3,1
6S68B6P4GU,114.362,23.0236,1603291,39,25,0,14-3-29 21:3:21,1
6S68B6P4GU,114.364,23.0248,1603293,49,25,0,14-3-29 21:3:38,1
6S68B6P4GU,114.365,23.026,1603295,47,25,0,14-3-29 21:3:54,1
6S68B6P4GU,114.367,23.0273,1603297,21,0,0,14-3-29 21:4:15,1
6S68B6P4GU,114.366,23.028,1603297,31,165,0,14-3-29 21:4:27,1
6S68B6P4GU,114.366,23.0291,1603299,0,10,0,14-3-29 21:4:58,1
6S68B6P4GU,114.366,23.0291,1603299,0,0,0,14-3-29 21:6:14,1
6S68B6P4GU,114.366,23.0291,1603299,0,0,0,14-3-29 21:8:15,1
6S68B6P4GU,114.366,23.0291,1603299,0,0,0,14-3-29 21:9:29,1
6S68B6P4GU,114.366,23.0291,1603299,0,0,0,14-3-29 21:10:15,1
6S68B6P4GU,114.366,23.0292,1603299,0,0,0,14-3-29 21:12:15,1
6S68B6P4GU,114.366,23.0291,1603299,0,0,0,14-3-29 21:14:15,1
6S68B6P4GU,114.366,23.0291,1603299,0,0,0,14-3-29 21:14:30,1
6S68B6P4GU,114.366,23.0291,1603299,0,0,0,14-3-29 21:16:15,1
6S68B6P4GU,114.366,23.0291,1603299,0,0,0,14-3-29 21:18:15,1
6S68B6P4GU,114.366,23.0291,1603299,0,0,0,14-3-29 21:19:31,1
6S68B6P4GU,114.366,23.0291,1603299,0,0,0,14-3-29 21:20:15,1
6S68B6P4GU,114.366,23.0291,1603299,0,0,0,14-3-29 21:22:15,1
6S68B6P4GU,114.366,23.0291,1603299,0,0,0,14-3-29 21:24:15,1
6S68B6P4GU,114.366,23.0291,1603299,0,55,0,14-3-29 21:24:32,1
6S68B6P4GU,114.366,23.0291,1603299,0,0,0,14-3-29 21:26:15,1
6S68B6P4GU,114.366,23.0291,1603299,0,0,0,14-3-29 21:28:15,1
6S68B6P4GU,114.366,23.0291,1603299,0,0,0,14-3-29 21:29:33,1
6S68B6P4GU,114.366,23.0291,1603299,0,0,0,14-3-29 21:30:15,1
6S68B6P4GU,114.366,23.0291,1603299,0,60,0,14-3-29 21:30:23,1
6S68B6P4GU,114.366,23.0292,1603299,6,0,0,14-3-29 21:31:21,1
6S68B6P4GU,114.366,23.0311,1603301,27,0,0,14-3-29 21:32:1,1
6S68B6P4GU,114.367,23.033,1603303,33,5,0,14-3-29 21:32:31,1
6S68B6P4GU,114.368,23.0347,1603305,23,5,0,14-3-29 21:32:54,1
6S68B6P4GU,114.367,23.0363,1603307,21,5,0,14-3-29 21:33:32,1
6S68B6P4GU,114.368,23.0377,1603309,31,20,0,14-3-29 21:34:2,1
6S68B6P4GU,114.37,23.0388,1603311,37,30,0,14-3-29 21:34:25,1
6S68B6P4GU,114.371,23.0392,1603312,51,35,0,14-3-29 21:34:34,1
6S68B6P4GU,114.372,23.0397,1603313,53,20,0,14-3-29 21:34:41,1
6S68B6P4GU,114.373,23.0412,1603315,55,15,0,14-3-29 21:34:56,1
6S68B6P4GU,114.374,23.0426,1603317,53,20,0,14-3-29 21:35:11,1
6S68B6P4GU,114.376,23.0438,1603319,55,25,0,14-3-29 21:35:25,1
6S68B6P4GU,114.378,23.0448,1603321,58,25,0,14-3-29 21:35:38,1
6S68B6P4GU,114.38,23.0457,1603323,60,30,0,14-3-29 21:35:51,1
6S68B6P4GU,114.382,23.0466,1603325,58,25,0,14-3-29 21:36:4,1
6S68B6P4GU,114.383,23.0478,1603327,56,20,0,14-3-29 21:36:17,1
6S68B6P4GU,114.385,23.0493,1603329,58,15,0,14-3-29 21:36:30,1
6S68B6P4GU,114.386,23.051,1603331,47,10,0,14-3-29 21:36:44,1
6S68B6P4GU,114.386,23.0527,1603333,29,10,0,14-3-29 21:37:6,1
6S68B6P4GU,114.387,23.0545,1603335,39,15,0,14-3-29 21:37:31,1
6S68B6P4GU,114.388,23.056,1603337,37,15,0,14-3-29 21:37:51,1
6S68B6P4GU,114.389,23.0573,1603339,2,15,0,14-3-29 21:38:24,1
6S68B6P4GU,114.39,23.0576,1603339,14,15,0,14-3-29 21:38:42,1
6S68B6P4GU,114.391,23.0589,1603341,43,45,0,14-3-29 21:39:10,1
6S68B6P4GU,114.393,23.0589,1603343,47,45,0,14-3-29 21:39:27,1
6S68B6P4GU,114.394,23.0589,1603344,49,35,0,14-3-29 21:39:36,1
6S68B6P4GU,114.395,23.0592,1603345,49,25,0,14-3-29 21:39:42,1
6S68B6P4GU,114.397,23.0605,1603347,33,25,0,14-3-29 21:39:58,1
6S68B6P4GU,114.399,23.0612,1603349,35,40,0,14-3-29 21:40:40,1
6S68B6P4GU,114.401,23.0615,1603351,37,40,0,14-3-29 21:41:3,1
6S68B6P4GU,114.403,23.0618,1603353,39,35,0,14-3-29 21:41:22,1
6S68B6P4GU,114.405,23.0619,1603355,39,45,0,14-3-29 21:41:40,1
6S68B6P4GU,114.407,23.0619,1603357,43,45,0,14-3-29 21:41:58,1
6S68B6P4GU,114.409,23.0618,1603359,51,45,0,14-3-29 21:42:14,1
6S68B6P4GU,114.411,23.0618,1603361,51,45,0,14-3-29 21:42:29,1
6S68B6P4GU,114.413,23.0617,1603363,47,45,0,14-3-29 21:42:44,1
6S68B6P4GU,114.415,23.0617,1603365,45,40,0,14-3-29 21:43:0,1
6S68B6P4GU,114.417,23.062,1603367,27,40,0,14-3-29 21:43:20,1
6S68B6P4GU,114.418,23.062,1603368,0,0,0,14-3-29 21:44:37,1
6S68B6P4GU,114.419,23.062,1603369,37,45,0,14-3-29 21:45:14,1
6S68B6P4GU,114.421,23.062,1603371,49,45,0,14-3-29 21:45:31,1
6S68B6P4GU,114.423,23.0619,1603373,49,45,0,14-3-29 21:45:46,1
6S68B6P4GU,114.425,23.0618,1603375,56,45,0,14-3-29 21:46:1,1
6S68B6P4GU,114.428,23.0617,1603377,62,45,0,14-3-29 21:46:14,1
6S68B6P4GU,114.43,23.0617,1603379,60,45,0,14-3-29 21:46:26,1
6S68B6P4GU,114.432,23.0616,1603381,56,45,0,14-3-29 21:46:39,1
6S68B6P4GU,114.434,23.0614,1603383,60,50,0,14-3-29 21:46:52,1
6S68B6P4GU,114.438,23.0605,1603387,66,50,0,14-3-29 21:47:15,1
6S68B6P4GU,114.444,23.0592,1603393,64,50,0,14-3-29 21:47:50,1
6S68B6P4GU,114.446,23.0588,1603395,62,50,0,14-3-29 21:48:3,1
6S68B6P4GU,114.448,23.0585,1603397,64,45,0,14-3-29 21:48:15,1
6S68B6P4GU,114.45,23.0586,1603399,62,35,0,14-3-29 21:48:27,1
6S68B6P4GU,114.452,23.0593,1603401,55,25,0,14-3-29 21:48:40,1
6S68B6P4GU,114.453,23.0607,1603404,58,10,0,14-3-29 21:48:54,1
6S68B6P4GU,114.452,23.0624,1603406,47,150,0,14-3-29 21:49:9,1
6S68B6P4GU,114.452,23.0641,1603408,53,0,0,14-3-29 21:49:25,1
6S68B6P4GU,114.452,23.0661,1603410,56,0,0,14-3-29 21:49:39,1
6S68B6P4GU,114.452,23.068,1603412,62,0,0,14-3-29 21:49:52,1
6S68B6P4GU,114.452,23.07,1603414,60,0,0,14-3-29 21:50:5,1
6S68B6P4GU,114.452,23.0719,1603416,56,0,0,14-3-29 21:50:18,1
6S68B6P4GU,114.452,23.0739,1603418,60,0,0,14-3-29 21:50:31,1
6S68B6P4GU,114.453,23.0778,1603422,56,0,0,14-3-29 21:51:1,1
6S68B6P4GU,114.453,23.0796,1603424,55,0,0,14-3-29 21:51:14,1
6S68B6P4GU,114.453,23.0816,1603426,60,0,0,14-3-29 21:51:28,1
6S68B6P4GU,114.453,23.0836,1603428,62,0,0,14-3-29 21:51:41,1
6S68B6P4GU,114.454,23.0855,1603430,68,0,0,14-3-29 21:51:53,1
6S68B6P4GU,114.454,23.0874,1603432,66,0,0,14-3-29 21:52:4,1
6S68B6P4GU,114.454,23.0892,1603434,70,0,0,14-3-29 21:52:15,1
6S68B6P4GU,114.454,23.0911,1603436,66,0,0,14-3-29 21:52:26,1
6S68B6P4GU,114.454,23.0929,1603438,66,0,0,14-3-29 21:52:37,1
6S68B6P4GU,114.454,23.0949,1603440,60,0,0,14-3-29 21:52:49,1
6S68B6P4GU,114.455,23.0968,1603442,56,0,0,14-3-29 21:53:2,1
6S68B6P4GU,114.455,23.0987,1603444,18,0,0,14-3-29 21:53:21,1
6S68B6P4GU,114.455,23.1006,1603446,37,5,0,14-3-29 21:54:5,1
6S68B6P4GU,114.456,23.1025,1603448,51,10,0,14-3-29 21:54:22,1
6S68B6P4GU,114.457,23.1042,1603450,35,10,0,14-3-29 21:54:38,1
6S68B6P4GU,114.457,23.1043,1603450,35,10,0,14-3-29 21:54:39,1
6S68B6P4GU,114.458,23.1058,1603452,33,15,0,14-3-29 21:55:10,1
6S68B6P4GU,114.459,23.1074,1603454,47,15,0,14-3-29 21:55:28,1
6S68B6P4GU,114.46,23.1091,1603456,49,10,0,14-3-29 21:55:44,1
6S68B6P4GU,114.461,23.1109,1603458,55,5,0,14-3-29 21:55:59,1
6S68B6P4GU,114.461,23.1129,1603460,56,175,0,14-3-29 21:56:13,1
6S68B6P4GU,114.46,23.1148,1603463,64,165,0,14-3-29 21:56:26,1
6S68B6P4GU,114.459,23.1164,1603465,66,160,0,14-3-29 21:56:38,1
6S68B6P4GU,114.458,23.1179,1603467,51,160,0,14-3-29 21:56:50,1
6S68B6P4GU,114.457,23.1195,1603469,33,155,0,14-3-29 21:57:10,1
6S68B6P4GU,114.455,23.1207,1603471,45,145,0,14-3-29 21:57:29,1
6S68B6P4GU,114.453,23.1214,1603473,55,140,0,14-3-29 21:57:44,1
6S68B6P4GU,114.451,23.1219,1603475,56,140,0,14-3-29 21:57:58,1
6S68B6P4GU,114.449,23.1227,1603477,55,145,0,14-3-29 21:58:12,1
6S68B6P4GU,114.448,23.1238,1603479,51,150,0,14-3-29 21:58:27,1
6S68B6P4GU,114.446,23.125,1603481,56,150,0,14-3-29 21:58:42,1
6S68B6P4GU,114.443,23.1274,1603485,62,150,0,14-3-29 21:59:7,1
6S68B6P4GU,114.441,23.1286,1603487,58,150,0,14-3-29 21:59:20,1
6S68B6P4GU,114.439,23.1298,1603489,19,155,0,14-3-29 21:59:41,1
6S68B6P4GU,114.438,23.1311,1603491,23,150,0,14-3-29 22:0:38,1
6S68B6P4GU,114.436,23.1322,1603493,41,145,0,14-3-29 22:1:1,1
6S68B6P4GU,114.434,23.1329,1603495,39,140,0,14-3-29 22:1:19,1
6S68B6P4GU,114.432,23.1332,1603497,39,130,0,14-3-29 22:1:47,1
6S68B6P4GU,114.43,23.1332,1603499,45,130,0,14-3-29 22:2:4,1
6S68B6P4GU,114.428,23.1332,1603501,43,135,0,14-3-29 22:2:22,1
6S68B6P4GU,114.426,23.1333,1603503,47,135,0,14-3-29 22:2:39,1
6S68B6P4GU,114.424,23.1337,1603505,29,170,0,14-3-29 22:3:2,1
6S68B6P4GU,114.424,23.1357,1603507,39,175,0,14-3-29 22:3:23,1
6S68B6P4GU,114.424,23.1376,1603509,45,175,0,14-3-29 22:3:43,1
6S68B6P4GU,114.424,23.1395,1603511,55,175,0,14-3-29 22:3:58,1
6S68B6P4GU,114.424,23.1414,1603513,53,175,0,14-3-29 22:4:12,1
6S68B6P4GU,114.424,23.1433,1603515,49,175,0,14-3-29 22:4:27,1
6S68B6P4GU,114.424,23.1453,1603517,47,175,0,14-3-29 22:4:43,1
6S68B6P4GU,114.423,23.1491,1603521,58,175,0,14-3-29 22:5:12,1
6S68B6P4GU,114.423,23.151,1603523,62,0,0,14-3-29 22:5:24,1
6S68B6P4GU,114.423,23.1529,1603525,64,175,0,14-3-29 22:5:36,1
6S68B6P4GU,114.423,23.1548,1603527,60,175,0,14-3-29 22:5:49,1
6S68B6P4GU,114.423,23.1567,1603529,58,175,0,14-3-29 22:6:2,1
6S68B6P4GU,114.423,23.1586,1603531,53,175,0,14-3-29 22:6:15,1
6S68B6P4GU,114.423,23.1605,1603533,60,175,0,14-3-29 22:6:28,1
6S68B6P4GU,114.423,23.1624,1603536,60,175,0,14-3-29 22:6:41,1
6S68B6P4GU,114.423,23.1644,1603538,58,175,0,14-3-29 22:6:54,1
6S68B6P4GU,114.423,23.1662,1603540,55,175,0,14-3-29 22:7:7,1
6S68B6P4GU,114.423,23.1682,1603542,41,175,0,14-3-29 22:7:22,1
6S68B6P4GU,114.422,23.1701,1603544,23,170,0,14-3-29 22:8:8,1
6S68B6P4GU,114.422,23.1718,1603546,43,160,0,14-3-29 22:8:31,1
6S68B6P4GU,114.42,23.1733,1603548,49,155,0,14-3-29 22:8:47,1
6S68B6P4GU,114.419,23.1747,1603550,58,155,0,14-3-29 22:9:1,1
6S68B6P4GU,114.418,23.1763,1603552,55,160,0,14-3-29 22:9:14,1
6S68B6P4GU,114.417,23.1781,1603554,43,175,0,14-3-29 22:9:32,1
6S68B6P4GU,114.417,23.1794,1603555,51,175,0,14-3-29 22:9:43,1
6S68B6P4GU,114.417,23.1801,1603556,49,175,0,14-3-29 22:9:48,1
6S68B6P4GU,114.416,23.182,1603558,18,165,0,14-3-29 22:10:9,1
6S68B6P4GU,114.416,23.1838,1603560,29,170,0,14-3-29 22:10:50,1
6S68B6P4GU,114.415,23.1856,1603562,45,170,0,14-3-29 22:11:10,1
6S68B6P4GU,114.415,23.1875,1603564,49,170,0,14-3-29 22:11:26,1
6S68B6P4GU,114.414,23.1894,1603566,51,170,0,14-3-29 22:11:41,1
6S68B6P4GU,114.413,23.195,1603572,58,170,0,14-3-29 22:12:29,1
6S68B6P4GU,114.412,23.1987,1603576,64,170,0,14-3-29 22:12:54,1
6S68B6P4GU,114.411,23.2006,1603578,68,170,0,14-3-29 22:13:6,1
6S68B6P4GU,114.41,23.2025,1603580,74,170,0,14-3-29 22:13:17,1
6S68B6P4GU,114.41,23.2044,1603582,74,170,0,14-3-29 22:13:27,1
6S68B6P4GU,114.409,23.2061,1603584,70,170,0,14-3-29 22:13:37,1
6S68B6P4GU,114.409,23.208,1603586,66,170,0,14-3-29 22:13:48,1
6S68B6P4GU,114.409,23.2097,1603588,68,175,0,14-3-29 22:13:59,1
6S68B6P4GU,114.409,23.2117,1603590,72,0,0,14-3-29 22:14:10,1
6S68B6P4GU,114.409,23.2135,1603592,66,5,0,14-3-29 22:14:20,1
6S68B6P4GU,114.41,23.2153,1603595,60,10,0,14-3-29 22:14:32,1
6S68B6P4GU,114.411,23.2169,1603597,64,15,0,14-3-29 22:14:44,1
6S68B6P4GU,114.412,23.2184,1603599,60,20,0,14-3-29 22:14:56,1
6S68B6P4GU,114.413,23.2197,1603601,56,20,0,14-3-29 22:15:9,1
6S68B6P4GU,114.415,23.221,1603603,45,20,0,14-3-29 22:15:25,1
6S68B6P4GU,114.417,23.2223,1603605,55,20,0,14-3-29 22:15:40,1
6S68B6P4GU,114.418,23.2237,1603607,51,15,0,14-3-29 22:15:54,1
6S68B6P4GU,114.419,23.2255,1603609,41,10,0,14-3-29 22:16:15,1
6S68B6P4GU,114.42,23.2273,1603611,43,10,0,14-3-29 22:16:32,1
6S68B6P4GU,114.421,23.229,1603613,49,10,0,14-3-29 22:16:49,1
6S68B6P4GU,114.422,23.2307,1603615,58,10,0,14-3-29 22:17:3,1
6S68B6P4GU,114.423,23.2324,1603617,58,10,0,14-3-29 22:17:16,1
6S68B6P4GU,114.424,23.2341,1603619,60,10,0,14-3-29 22:17:29,1
6S68B6P4GU,114.425,23.2359,1603621,62,15,0,14-3-29 22:17:42,1
6S68B6P4GU,114.426,23.2374,1603623,62,20,0,14-3-29 22:17:55,1
6S68B6P4GU,114.429,23.2401,1603627,66,20,0,14-3-29 22:18:18,1
6S68B6P4GU,114.43,23.2414,1603629,70,20,0,14-3-29 22:18:29,1
6S68B6P4GU,114.432,23.2427,1603631,72,20,0,14-3-29 22:18:39,1
6S68B6P4GU,114.433,23.2441,1603633,74,20,0,14-3-29 22:18:49,1
6S68B6P4GU,114.435,23.2455,1603635,72,20,0,14-3-29 22:19:0,1
6S68B6P4GU,114.437,23.2482,1603639,68,20,0,14-3-29 22:19:21,1
6S68B6P4GU,114.439,23.2497,1603641,68,15,0,14-3-29 22:19:32,1
6S68B6P4GU,114.44,23.2514,1603643,66,10,0,14-3-29 22:19:43,1
6S68B6P4GU,114.44,23.2532,1603645,68,5,0,14-3-29 22:19:54,1
6S68B6P4GU,114.44,23.2551,1603647,70,0,0,14-3-29 22:20:5,1
6S68B6P4GU,114.44,23.2569,1603649,72,0,0,14-3-29 22:20:15,1
6S68B6P4GU,114.44,23.2588,1603651,70,0,0,14-3-29 22:20:26,1
6S68B6P4GU,114.441,23.2606,1603653,68,5,0,14-3-29 22:20:37,1
6S68B6P4GU,114.442,23.2624,1603655,70,15,0,14-3-29 22:20:48,1
6S68B6P4GU,114.443,23.2639,1603657,68,20,0,14-3-29 22:20:59,1
6S68B6P4GU,114.445,23.2651,1603660,62,25,0,14-3-29 22:21:11,1
6S68B6P4GU,114.446,23.2661,1603662,70,25,0,14-3-29 22:21:23,1
6S68B6P4GU,114.448,23.2672,1603664,76,25,0,14-3-29 22:21:34,1
6S68B6P4GU,114.45,23.2683,1603666,74,25,0,14-3-29 22:21:44,1
6S68B6P4GU,114.451,23.2694,1603668,68,20,0,14-3-29 22:21:54,1
6S68B6P4GU,114.453,23.2708,1603670,74,15,0,14-3-29 22:22:5,1
6S68B6P4GU,114.454,23.2723,1603672,74,15,0,14-3-29 22:22:15,1
6S68B6P4GU,114.455,23.2738,1603674,74,15,0,14-3-29 22:22:25,1
6S68B6P4GU,114.456,23.2755,1603676,72,15,0,14-3-29 22:22:36,1
6S68B6P4GU,114.457,23.277,1603678,74,15,0,14-3-29 22:22:46,1
6S68B6P4GU,114.459,23.2786,1603680,74,15,0,14-3-29 22:22:56,1
6S68B6P4GU,114.46,23.2802,1603682,74,15,0,14-3-29 22:23:6,1
6S68B6P4GU,114.462,23.2833,1603686,74,15,0,14-3-29 22:23:26,1
6S68B6P4GU,114.463,23.2849,1603688,70,15,0,14-3-29 22:23:37,1
6S68B6P4GU,114.464,23.2864,1603690,70,15,0,14-3-29 22:23:47,1
6S68B6P4GU,114.465,23.288,1603692,72,15,0,14-3-29 22:23:58,1
6S68B6P4GU,114.466,23.2896,1603694,74,15,0,14-3-29 22:24:8,1
6S68B6P4GU,114.468,23.2912,1603697,70,15,0,14-3-29 22:24:19,1
6S68B6P4GU,114.469,23.2928,1603699,70,15,0,14-3-29 22:24:30,1
6S68B6P4GU,114.47,23.2943,1603701,70,10,0,14-3-29 22:24:40,1
6S68B6P4GU,114.471,23.2961,1603703,70,10,0,14-3-29 22:24:51,1
6S68B6P4GU,114.471,23.2978,1603705,66,5,0,14-3-29 22:25:2,1
6S68B6P4GU,114.472,23.2997,1603707,64,5,0,14-3-29 22:25:14,1
6S68B6P4GU,114.472,23.3016,1603709,70,0,0,14-3-29 22:25:25,1
6S68B6P4GU,114.472,23.3034,1603711,76,0,0,14-3-29 22:25:35,1
6S68B6P4GU,114.472,23.3054,1603713,76,175,0,14-3-29 22:25:45,1
6S68B6P4GU,114.472,23.3072,1603715,74,175,0,14-3-29 22:25:55,1
6S68B6P4GU,114.472,23.3091,1603717,62,175,0,14-3-29 22:26:6,1
6S68B6P4GU,114.471,23.311,1603719,45,175,0,14-3-29 22:26:21,1
6S68B6P4GU,114.471,23.3129,1603721,31,175,0,14-3-29 22:26:51,1
6S68B6P4GU,114.471,23.3148,1603723,45,170,0,14-3-29 22:27:11,1
6S68B6P4GU,114.47,23.3166,1603725,51,165,0,14-3-29 22:27:26,1
6S68B6P4GU,114.469,23.3184,1603727,58,165,0,14-3-29 22:27:41,1
6S68B6P4GU,114.468,23.32,1603729,62,165,0,14-3-29 22:27:53,1
6S68B6P4GU,114.467,23.3218,1603731,68,165,0,14-3-29 22:28:5,1
6S68B6P4GU,114.466,23.3235,1603733,68,165,0,14-3-29 22:28:16,1
6S68B6P4GU,114.465,23.3252,1603735,66,165,0,14-3-29 22:28:28,1
6S68B6P4GU,114.464,23.3269,1603737,70,165,0,14-3-29 22:28:39,1
6S68B6P4GU,114.463,23.3286,1603739,72,165,0,14-3-29 22:28:50,1
6S68B6P4GU,114.462,23.3304,1603742,68,165,0,14-3-29 22:29:1,1
6S68B6P4GU,114.462,23.3321,1603744,70,165,0,14-3-29 22:29:12,1
6S68B6P4GU,114.461,23.3338,1603746,70,165,0,14-3-29 22:29:23,1
6S68B6P4GU,114.46,23.3355,1603748,64,165,0,14-3-29 22:29:34,1
6S68B6P4GU,114.459,23.3372,1603750,66,165,0,14-3-29 22:29:46,1
6S68B6P4GU,114.458,23.3389,1603752,70,165,0,14-3-29 22:29:57,1
6S68B6P4GU,114.457,23.3407,1603754,74,165,0,14-3-29 22:30:8,1
6S68B6P4GU,114.456,23.3423,1603756,74,165,0,14-3-29 22:30:18,1
6S68B6P4GU,114.455,23.3439,1603758,72,160,0,14-3-29 22:30:28,1
6S68B6P4GU,114.453,23.3452,1603760,70,150,0,14-3-29 22:30:39,1
6S68B6P4GU,114.452,23.3462,1603762,70,150,0,14-3-29 22:30:49,1
6S68B6P4GU,114.45,23.3475,1603764,70,160,0,14-3-29 22:31:0,1
6S68B6P4GU,114.449,23.3491,1603766,70,165,0,14-3-29 22:31:11,1
6S68B6P4GU,114.448,23.3509,1603768,70,165,0,14-3-29 22:31:22,1
6S68B6P4GU,114.448,23.3527,1603770,70,165,0,14-3-29 22:31:33,1
6S68B6P4GU,114.447,23.3544,1603772,66,165,0,14-3-29 22:31:44,1
6S68B6P4GU,114.446,23.3561,1603774,62,165,0,14-3-29 22:31:55,1
6S68B6P4GU,114.445,23.3579,1603777,58,165,0,14-3-29 22:32:8,1
6S68B6P4GU,114.445,23.3595,1603779,66,165,0,14-3-29 22:32:20,1
6S68B6P4GU,114.444,23.3612,1603781,68,165,0,14-3-29 22:32:31,1
6S68B6P4GU,114.443,23.363,1603783,70,165,0,14-3-29 22:32:42,1
6S68B6P4GU,114.442,23.3647,1603785,74,165,0,14-3-29 22:32:52,1
6S68B6P4GU,114.442,23.3665,1603787,78,170,0,14-3-29 22:33:2,1
6S68B6P4GU,114.442,23.3703,1603791,74,0,0,14-3-29 22:33:22,1
6S68B6P4GU,114.442,23.3721,1603793,70,0,0,14-3-29 22:33:32,1
6S68B6P4GU,114.442,23.374,1603795,70,0,0,14-3-29 22:33:43,1
6S68B6P4GU,114.442,23.3758,1603797,74,0,0,14-3-29 22:33:53,1
6S68B6P4GU,114.442,23.3776,1603799,74,0,0,14-3-29 22:34:3,1
6S68B6P4GU,114.442,23.3796,1603801,70,175,0,14-3-29 22:34:14,1
6S68B6P4GU,114.442,23.3814,1603803,74,170,0,14-3-29 22:34:24,1
6S68B6P4GU,114.441,23.3832,1603805,80,165,0,14-3-29 22:34:34,1
6S68B6P4GU,114.44,23.3864,1603809,76,165,0,14-3-29 22:34:52,1
6S68B6P4GU,114.44,23.3867,1603809,76,165,0,14-3-29 22:34:54,1
6S68B6P4GU,114.438,23.3901,1603813,74,165,0,14-3-29 22:35:14,1
6S68B6P4GU,114.437,23.392,1603815,72,165,0,14-3-29 22:35:25,1
6S68B6P4GU,114.436,23.3936,1603817,70,165,0,14-3-29 22:35:35,1
6S68B6P4GU,114.435,23.3954,1603820,70,165,0,14-3-29 22:35:46,1
6S68B6P4GU,114.433,23.3988,1603824,74,165,0,14-3-29 22:36:7,1
6S68B6P4GU,114.433,23.4005,1603826,74,165,0,14-3-29 22:36:17,1
6S68B6P4GU,114.432,23.4022,1603828,74,165,0,14-3-29 22:36:27,1
6S68B6P4GU,114.431,23.4039,1603830,58,165,0,14-3-29 22:36:38,1
6S68B6P4GU,114.431,23.4058,1603832,60,10,0,14-3-29 22:36:51,1
6S68B6P4GU,114.432,23.407,1603834,68,25,0,14-3-29 22:37:3,1
6S68B6P4GU,114.434,23.4081,1603836,74,20,0,14-3-29 22:37:14,1
6S68B6P4GU,114.435,23.4095,1603838,78,15,0,14-3-29 22:37:24,1
6S68B6P4GU,114.436,23.4112,1603840,74,15,0,14-3-29 22:37:34,1
6S68B6P4GU,114.438,23.4127,1603842,72,15,0,14-3-29 22:37:44,1
6S68B6P4GU,114.439,23.4142,1603844,74,20,0,14-3-29 22:37:54,1
6S68B6P4GU,114.44,23.4155,1603846,58,20,0,14-3-29 22:38:5,1
6S68B6P4GU,114.442,23.4169,1603848,64,20,0,14-3-29 22:38:18,1
6S68B6P4GU,114.443,23.4183,1603850,72,20,0,14-3-29 22:38:29,1
6S68B6P4GU,114.444,23.4198,1603852,74,15,0,14-3-29 22:38:39,1
6S68B6P4GU,114.445,23.4215,1603854,72,10,0,14-3-29 22:38:50,1
6S68B6P4GU,114.448,23.4239,1603858,72,30,0,14-3-29 22:39:11,1
6S68B6P4GU,114.45,23.425,1603861,72,25,0,14-3-29 22:39:22,1
6S68B6P4GU,114.452,23.4259,1603863,70,35,0,14-3-29 22:39:32,1
6S68B6P4GU,114.454,23.4258,1603865,70,50,0,14-3-29 22:39:43,1
6S68B6P4GU,114.455,23.4253,1603867,64,50,0,14-3-29 22:39:54,1
6S68B6P4GU,114.457,23.4247,1603869,64,50,0,14-3-29 22:40:6,1
6S68B6P4GU,114.459,23.4243,1603871,68,45,0,14-3-29 22:40:17,1
6S68B6P4GU,114.461,23.4249,1603873,47,15,0,14-3-29 22:40:30,1
6S68B6P4GU,114.463,23.4264,1603875,37,15,0,14-3-29 22:40:47,1
6S68B6P4GU,114.463,23.4281,1603877,43,5,0,14-3-29 22:41:6,1
6S68B6P4GU,114.464,23.4301,1603879,51,5,0,14-3-29 22:41:23,1
6S68B6P4GU,114.464,23.4321,1603881,29,0,0,14-3-29 22:41:45,1
6S68B6P4GU,114.466,23.4332,1603883,43,35,0,14-3-29 22:42:5,1
6S68B6P4GU,114.468,23.4337,1603885,53,35,0,14-3-29 22:42:21,1
6S68B6P4GU,114.47,23.4342,1603887,49,35,0,14-3-29 22:42:36,1
6S68B6P4GU,114.472,23.4348,1603889,47,35,0,14-3-29 22:42:51,1
6S68B6P4GU,114.474,23.4353,1603891,39,35,0,14-3-29 22:43:19,1
6S68B6P4GU,114.476,23.4358,1603893,55,35,0,14-3-29 22:43:35,1
6S68B6P4GU,114.478,23.4359,1603895,53,50,0,14-3-29 22:43:49,1
6S68B6P4GU,114.48,23.4354,1603897,55,50,0,14-3-29 22:44:3,1
6S68B6P4GU,114.482,23.435,1603899,62,50,0,14-3-29 22:44:16,1
6S68B6P4GU,114.484,23.4345,1603901,60,50,0,14-3-29 22:44:29,1
6S68B6P4GU,114.486,23.4344,1603903,62,40,0,14-3-29 22:44:41,1
6S68B6P4GU,114.488,23.435,1603905,56,30,0,14-3-29 22:44:54,1
6S68B6P4GU,114.49,23.436,1603907,53,25,0,14-3-29 22:45:8,1
6S68B6P4GU,114.492,23.4369,1603909,56,30,0,14-3-29 22:45:22,1
6S68B6P4GU,114.493,23.4379,1603911,55,25,0,14-3-29 22:45:35,1
6S68B6P4GU,114.495,23.4393,1603913,49,15,0,14-3-29 22:45:51,1
6S68B6P4GU,114.496,23.441,1603915,55,10,0,14-3-29 22:46:5,1
6S68B6P4GU,114.497,23.4427,1603917,55,10,0,14-3-29 22:46:19,1
6S68B6P4GU,114.497,23.4443,1603919,55,10,0,14-3-29 22:46:32,1
6S68B6P4GU,114.498,23.4461,1603921,51,10,0,14-3-29 22:46:46,1
6S68B6P4GU,114.499,23.4479,1603923,58,10,0,14-3-29 22:47:0,1
6S68B6P4GU,114.501,23.4496,1603925,68,15,0,14-3-29 22:47:13,1
6S68B6P4GU,114.502,23.4511,1603927,70,15,0,14-3-29 22:47:24,1
6S68B6P4GU,114.504,23.4544,1603931,72,10,0,14-3-29 22:47:46,1
6S68B6P4GU,114.505,23.456,1603933,74,10,0,14-3-29 22:47:56,1
6S68B6P4GU,114.505,23.4579,1603936,74,5,0,14-3-29 22:48:6,1
6S68B6P4GU,114.506,23.4596,1603938,72,10,0,14-3-29 22:48:16,1
6S68B6P4GU,114.507,23.4613,1603940,72,15,0,14-3-29 22:48:27,1
6S68B6P4GU,114.508,23.463,1603942,72,15,0,14-3-29 22:48:38,1
6S68B6P4GU,114.509,23.4645,1603944,72,15,0,14-3-29 22:48:48,1
6S68B6P4GU,114.51,23.4662,1603946,72,10,0,14-3-29 22:48:59,1
6S68B6P4GU,114.511,23.4681,1603948,72,5,0,14-3-29 22:49:10,1
6S68B6P4GU,114.511,23.4699,1603950,74,5,0,14-3-29 22:49:20,1
6S68B6P4GU,114.512,23.4717,1603952,72,5,0,14-3-29 22:49:30,1
6S68B6P4GU,114.512,23.4735,1603954,68,10,0,14-3-29 22:49:41,1
6S68B6P4GU,114.513,23.4754,1603956,68,15,0,14-3-29 22:49:54,1
6S68B6P4GU,114.514,23.4768,1603958,72,15,0,14-3-29 22:50:3,1
6S68B6P4GU,114.516,23.4783,1603960,68,20,0,14-3-29 22:50:14,1
6S68B6P4GU,114.518,23.481,1603964,70,20,0,14-3-29 22:50:35,1
6S68B6P4GU,114.52,23.4823,1603966,70,25,0,14-3-29 22:50:46,1
6S68B6P4GU,114.522,23.4833,1603969,72,25,0,14-3-29 22:50:57,1
6S68B6P4GU,114.524,23.4843,1603971,72,30,0,14-3-29 22:51:8,1
6S68B6P4GU,114.526,23.485,1603973,68,30,0,14-3-29 22:51:19,1
6S68B6P4GU,114.527,23.4857,1603975,66,30,0,14-3-29 22:51:30,1
6S68B6P4GU,114.529,23.4865,1603977,70,25,0,14-3-29 22:51:41,1
6S68B6P4GU,114.531,23.4878,1603979,70,15,0,14-3-29 22:51:52,1
6S68B6P4GU,114.532,23.4892,1603981,74,15,0,14-3-29 22:52:2,1
6S68B6P4GU,114.533,23.4907,1603983,74,15,0,14-3-29 22:52:12,1
6S68B6P4GU,114.534,23.4922,1603985,74,15,0,14-3-29 22:52:22,1
6S68B6P4GU,114.535,23.494,1603987,74,5,0,14-3-29 22:52:32,1
6S68B6P4GU,114.535,23.4959,1603989,72,175,0,14-3-29 22:52:42,1
6S68B6P4GU,114.535,23.4976,1603991,72,170,0,14-3-29 22:52:52,1
6S68B6P4GU,114.534,23.4995,1603993,72,170,0,14-3-29 22:53:3,1
6S68B6P4GU,114.534,23.5014,1603995,70,170,0,14-3-29 22:53:14,1
6S68B6P4GU,114.534,23.505,1603999,74,15,0,14-3-29 22:53:35,1
6S68B6P4GU,114.536,23.5065,1604001,72,20,0,14-3-29 22:53:45,1
6S68B6P4GU,114.537,23.508,1604003,74,20,0,14-3-29 22:53:56,1
6S68B6P4GU,114.538,23.5094,1604005,74,15,0,14-3-29 22:54:6,1
6S68B6P4GU,114.54,23.5109,1604007,74,15,0,14-3-29 22:54:16,1
6S68B6P4GU,114.541,23.5124,1604010,68,20,0,14-3-29 22:54:27,1
6S68B6P4GU,114.543,23.5135,1604012,70,30,0,14-3-29 22:54:38,1
6S68B6P4GU,114.545,23.5143,1604014,72,30,0,14-3-29 22:54:49,1
6S68B6P4GU,114.546,23.5151,1604016,72,30,0,14-3-29 22:54:59,1
6S68B6P4GU,114.548,23.5161,1604018,70,25,0,14-3-29 22:55:10,1
6S68B6P4GU,114.55,23.5172,1604020,72,25,0,14-3-29 22:55:21,1
6S68B6P4GU,114.552,23.5183,1604022,72,25,0,14-3-29 22:55:32,1
6S68B6P4GU,114.553,23.5194,1604024,68,25,0,14-3-29 22:55:43,1
6S68B6P4GU,114.555,23.5205,1604026,49,30,0,14-3-29 22:55:56,1
6S68B6P4GU,114.557,23.521,1604028,58,35,0,14-3-29 22:56:11,1
6S68B6P4GU,114.559,23.5215,1604030,66,35,0,14-3-29 22:56:23,1
6S68B6P4GU,114.561,23.522,1604032,70,35,0,14-3-29 22:56:34,1
6S68B6P4GU,114.563,23.5224,1604034,74,35,0,14-3-29 22:56:44,1
6S68B6P4GU,114.565,23.5229,1604036,76,35,0,14-3-29 22:56:54,1
6S68B6P4GU,114.571,23.5244,1604043,86,30,0,14-3-29 22:57:22,1
6S68B6P4GU,114.575,23.5261,1604047,86,30,0,14-3-29 22:57:40,1
6S68B6P4GU,114.577,23.5268,1604049,78,30,0,14-3-29 22:57:49,1
6S68B6P4GU,114.578,23.5279,1604051,70,15,0,14-3-29 22:57:59,1
6S68B6P4GU,114.579,23.5297,1604053,64,5,0,14-3-29 22:58:11,1
6S68B6P4GU,114.579,23.5316,1604055,66,5,0,14-3-29 22:58:23,1
6S68B6P4GU,114.58,23.5334,1604057,70,5,0,14-3-29 22:58:34,1
6S68B6P4GU,114.58,23.5353,1604059,72,5,0,14-3-29 22:58:45,1
6S68B6P4GU,114.581,23.5371,1604061,74,5,0,14-3-29 22:58:55,1
6S68B6P4GU,114.581,23.5389,1604063,68,5,0,14-3-29 22:59:5,1
6S68B6P4GU,114.582,23.5405,1604065,70,15,0,14-3-29 22:59:16,1
6S68B6P4GU,114.583,23.5419,1604067,70,20,0,14-3-29 22:59:26,1
6S68B6P4GU,114.585,23.5433,1604069,72,20,0,14-3-29 22:59:37,1
6S68B6P4GU,114.586,23.5449,1604071,74,15,0,14-3-29 22:59:48,1
6S68B6P4GU,114.589,23.5478,1604075,72,20,0,14-3-29 23:0:8,1
6S68B6P4GU,114.59,23.549,1604077,74,20,0,14-3-29 23:0:18,1
6S68B6P4GU,114.592,23.5503,1604079,74,20,0,14-3-29 23:0:28,1
6S68B6P4GU,114.593,23.5515,1604081,74,20,0,14-3-29 23:0:38,1
6S68B6P4GU,114.595,23.5528,1604083,74,20,0,14-3-29 23:0:48,1
6S68B6P4GU,114.596,23.554,1604086,68,25,0,14-3-29 23:0:59,1
6S68B6P4GU,114.598,23.5552,1604088,58,25,0,14-3-29 23:1:11,1
6S68B6P4GU,114.6,23.5565,1604090,55,20,0,14-3-29 23:1:25,1
6S68B6P4GU,114.601,23.5579,1604092,55,20,0,14-3-29 23:1:39,1
6S68B6P4GU,114.602,23.5593,1604094,56,20,0,14-3-29 23:1:53,1
6S68B6P4GU,114.604,23.5607,1604096,60,15,0,14-3-29 23:2:6,1
6S68B6P4GU,114.605,23.5625,1604098,66,10,0,14-3-29 23:2:19,1
6S68B6P4GU,114.606,23.5642,1604100,66,10,0,14-3-29 23:2:30,1
6S68B6P4GU,114.606,23.566,1604102,62,5,0,14-3-29 23:2:42,1
6S68B6P4GU,114.607,23.5677,1604104,66,5,0,14-3-29 23:2:53,1
6S68B6P4GU,114.608,23.5694,1604106,68,5,0,14-3-29 23:3:4,1
6S68B6P4GU,114.608,23.5712,1604108,68,5,0,14-3-29 23:3:15,1
6S68B6P4GU,114.609,23.5729,1604110,60,5,0,14-3-29 23:3:26,1
6S68B6P4GU,114.609,23.5748,1604112,23,5,0,14-3-29 23:4:13,1
6S68B6P4GU,114.61,23.5765,1604114,39,10,0,14-3-29 23:4:37,1
6S68B6P4GU,114.611,23.5788,1604117,56,10,0,14-3-29 23:4:58,1
6S68B6P4GU,114.612,23.5798,1604118,62,15,0,14-3-29 23:5:6,1
6S68B6P4GU,114.613,23.5814,1604120,68,15,0,14-3-29 23:5:18,1
6S68B6P4GU,114.615,23.583,1604122,70,15,0,14-3-29 23:5:29,1
6S68B6P4GU,114.616,23.5845,1604124,66,15,0,14-3-29 23:5:40,1
6S68B6P4GU,114.617,23.5859,1604126,68,15,0,14-3-29 23:5:51,1
6S68B6P4GU,114.618,23.5875,1604128,72,15,0,14-3-29 23:6:2,1
6S68B6P4GU,114.619,23.589,1604130,72,15,0,14-3-29 23:6:12,1
6S68B6P4GU,114.62,23.5906,1604132,70,15,0,14-3-29 23:6:23,1
6S68B6P4GU,114.621,23.5921,1604134,58,15,0,14-3-29 23:6:34,1
6S68B6P4GU,114.622,23.5929,1604135,0,0,0,14-3-29 23:7:1,1
6S68B6P4GU,114.623,23.5937,1604136,29,15,0,14-3-29 23:7:24,1
6S68B6P4GU,114.624,23.5952,1604138,43,15,0,14-3-29 23:7:44,1
6S68B6P4GU,114.625,23.5968,1604140,56,15,0,14-3-29 23:7:59,1
6S68B6P4GU,114.626,23.5984,1604142,64,15,0,14-3-29 23:8:12,1
6S68B6P4GU,114.627,23.6,1604144,60,15,0,14-3-29 23:8:24,1
6S68B6P4GU,114.628,23.6016,1604146,56,10,0,14-3-29 23:8:37,1
6S68B6P4GU,114.629,23.6035,1604148,60,10,0,14-3-29 23:8:51,1
6S68B6P4GU,114.63,23.6053,1604150,56,5,0,14-3-29 23:9:4,1
6S68B6P4GU,114.63,23.6072,1604152,62,0,0,14-3-29 23:9:17,1
6S68B6P4GU,114.63,23.6092,1604155,64,0,0,14-3-29 23:9:30,1
6S68B6P4GU,114.631,23.6112,1604157,66,0,0,14-3-29 23:9:42,1
6S68B6P4GU,114.631,23.6139,1604160,62,0,0,14-3-29 23:9:59,1
6S68B6P4GU,114.631,23.6149,1604161,62,5,0,14-3-29 23:10:5,1
6S68B6P4GU,114.632,23.6167,1604163,68,5,0,14-3-29 23:10:17,1
6S68B6P4GU,114.633,23.6185,1604165,70,10,0,14-3-29 23:10:28,1
6S68B6P4GU,114.633,23.6202,1604167,72,10,0,14-3-29 23:10:38,1
6S68B6P4GU,114.635,23.6234,1604171,70,15,0,14-3-29 23:10:59,1
6S68B6P4GU,114.637,23.6249,1604173,70,15,0,14-3-29 23:11:10,1
6S68B6P4GU,114.639,23.6279,1604177,64,15,0,14-3-29 23:11:32,1
6S68B6P4GU,114.64,23.6294,1604179,66,15,0,14-3-29 23:11:44,1
6S68B6P4GU,114.642,23.6309,1604181,64,15,0,14-3-29 23:11:55,1
6S68B6P4GU,114.643,23.6324,1604183,64,15,0,14-3-29 23:12:7,1
6S68B6P4GU,114.644,23.6339,1604185,51,15,0,14-3-29 23:12:19,1
6S68B6P4GU,114.645,23.6354,1604187,35,15,0,14-3-29 23:13:0,1
6S68B6P4GU,114.647,23.637,1604189,31,15,0,14-3-29 23:13:23,1
6S68B6P4GU,114.647,23.6378,1604190,0,0,0,14-3-29 23:13:53,1
6S68B6P4GU,114.647,23.6378,1604190,0,0,0,14-3-29 23:15:0,1
6S68B6P4GU,114.647,23.6378,1604190,0,0,0,14-3-29 23:15:22,1
6S68B6P4GU,114.648,23.6385,1604191,23,15,0,14-3-29 23:15:47,1
6S68B6P4GU,114.649,23.64,1604193,47,15,0,14-3-29 23:16:8,1
6S68B6P4GU,114.65,23.6415,1604195,53,15,0,14-3-29 23:16:23,1
6S68B6P4GU,114.652,23.643,1604197,56,15,0,14-3-29 23:16:37,1
6S68B6P4GU,114.653,23.6448,1604199,53,10,0,14-3-29 23:16:51,1
6S68B6P4GU,114.653,23.6466,1604201,49,5,0,14-3-29 23:17:7,1
6S68B6P4GU,114.654,23.6485,1604203,51,5,0,14-3-29 23:17:23,1
6S68B6P4GU,114.654,23.6504,1604205,6,5,0,14-3-29 23:17:44,1
6S68B6P4GU,114.654,23.6523,1604207,35,5,0,14-3-29 23:18:26,1
6S68B6P4GU,114.655,23.6542,1604209,47,5,0,14-3-29 23:18:44,1
6S68B6P4GU,114.655,23.656,1604211,56,5,0,14-3-29 23:18:59,1
6S68B6P4GU,114.656,23.6579,1604213,66,10,0,14-3-29 23:19:12,1
6S68B6P4GU,114.657,23.6597,1604216,64,15,0,14-3-29 23:19:24,1
6S68B6P4GU,114.658,23.6612,1604218,62,15,0,14-3-29 23:19:36,1
6S68B6P4GU,114.66,23.6627,1604220,66,20,0,14-3-29 23:19:48,1
6S68B6P4GU,114.661,23.6643,1604222,62,15,0,14-3-29 23:20:1,1
6S68B6P4GU,114.662,23.6657,1604224,56,15,0,14-3-29 23:20:12,1
6S68B6P4GU,114.663,23.6672,1604226,16,20,0,14-3-29 23:20:33,1
6S68B6P4GU,114.665,23.667,1604228,49,55,0,14-3-29 23:20:59,1
6S68B6P4GU,114.667,23.6662,1604230,60,50,0,14-3-29 23:21:13,1
6S68B6P4GU,114.669,23.6658,1604232,51,45,0,14-3-29 23:21:27,1
6S68B6P4GU,114.671,23.6655,1604234,60,45,0,14-3-29 23:21:40,1
6S68B6P4GU,114.673,23.6652,1604236,64,50,0,14-3-29 23:21:53,1
6S68B6P4GU,114.675,23.6646,1604238,41,55,0,14-3-29 23:22:8,1
6S68B6P4GU,114.677,23.6637,1604240,33,60,0,14-3-29 23:22:41,1
6S68B6P4GU,114.679,23.6627,1604242,47,60,0,14-3-29 23:23:0,1
6S68B6P4GU,114.681,23.6618,1604244,53,60,0,14-3-29 23:23:15,1
6S68B6P4GU,114.683,23.6607,1604246,39,60,0,14-3-29 23:23:30,1
6S68B6P4GU,114.684,23.6597,1604248,53,60,0,14-3-29 23:23:46,1
6S68B6P4GU,114.686,23.6587,1604250,56,60,0,14-3-29 23:24:0,1
6S68B6P4GU,114.688,23.6578,1604252,55,55,0,14-3-29 23:24:14,1
6S68B6P4GU,114.69,23.6575,1604254,60,40,0,14-3-29 23:24:27,1
6S68B6P4GU,114.692,23.6581,1604256,66,30,0,14-3-29 23:24:40,1
6S68B6P4GU,114.694,23.6588,1604258,70,30,0,14-3-29 23:24:51,1
6S68B6P4GU,114.696,23.6595,1604260,72,30,0,14-3-29 23:25:2,1
6S68B6P4GU,114.698,23.6602,1604262,74,30,0,14-3-29 23:25:12,1
6S68B6P4GU,114.7,23.6612,1604265,70,20,0,14-3-29 23:25:23,1
6S68B6P4GU,114.701,23.6628,1604267,58,10,0,14-3-29 23:25:35,1
6S68B6P4GU,114.702,23.6646,1604269,58,10,0,14-3-29 23:25:49,1
6S68B6P4GU,114.702,23.6661,1604271,70,10,0,14-3-29 23:26:0,1
6S68B6P4GU,114.703,23.6679,1604273,66,10,0,14-3-29 23:26:11,1
6S68B6P4GU,114.704,23.6695,1604275,64,10,0,14-3-29 23:26:22,1
6S68B6P4GU,114.705,23.6712,1604277,58,10,0,14-3-29 23:26:35,1
6S68B6P4GU,114.706,23.673,1604279,62,5,0,14-3-29 23:26:48,1
6S68B6P4GU,114.706,23.6748,1604281,68,0,0,14-3-29 23:26:59,1
6S68B6P4GU,114.707,23.6767,1604283,74,0,0,14-3-29 23:27:10,1
6S68B6P4GU,114.707,23.6786,1604285,72,0,0,14-3-29 23:27:20,1
6S68B6P4GU,114.707,23.6804,1604287,72,5,0,14-3-29 23:27:31,1
6S68B6P4GU,114.708,23.6822,1604289,66,10,0,14-3-29 23:27:42,1
6S68B6P4GU,114.709,23.6839,1604291,56,10,0,14-3-29 23:27:55,1
6S68B6P4GU,114.71,23.6856,1604293,62,10,0,14-3-29 23:28:8,1
6S68B6P4GU,114.711,23.6873,1604295,66,10,0,14-3-29 23:28:20,1
6S68B6P4GU,114.711,23.6947,1604304,58,170,0,14-3-29 23:29:10,1
6S68B6P4GU,114.71,23.6966,1604306,58,170,0,14-3-29 23:29:24,1
6S68B6P4GU,114.71,23.6985,1604308,64,170,0,14-3-29 23:29:37,1
6S68B6P4GU,114.71,23.7004,1604310,60,175,0,14-3-29 23:29:49,1
6S68B6P4GU,114.71,23.7023,1604312,68,0,0,14-3-29 23:30:1,1
6S68B6P4GU,114.71,23.7042,1604314,72,5,0,14-3-29 23:30:12,1
6S68B6P4GU,114.711,23.706,1604316,72,5,0,14-3-29 23:30:22,1
6S68B6P4GU,114.711,23.7077,1604318,68,5,0,14-3-29 23:30:33,1
6S68B6P4GU,114.712,23.7095,1604320,66,10,0,14-3-29 23:30:44,1
6S68B6P4GU,114.713,23.7113,1604322,64,5,0,14-3-29 23:30:56,1
6S68B6P4GU,114.713,23.7132,1604324,68,5,0,14-3-29 23:31:8,1
6S68B6P4GU,114.714,23.7151,1604326,51,5,0,14-3-29 23:31:21,1
6S68B6P4GU,114.714,23.7169,1604328,23,5,0,14-3-29 23:31:58,1
6S68B6P4GU,114.715,23.7188,1604330,47,5,0,14-3-29 23:32:18,1
6S68B6P4GU,114.715,23.7206,1604332,56,5,0,14-3-29 23:32:32,1
6S68B6P4GU,114.716,23.7225,1604334,51,5,0,14-3-29 23:32:45,1
6S68B6P4GU,114.716,23.7244,1604336,53,5,0,14-3-29 23:33:0,1
6S68B6P4GU,114.717,23.7262,1604338,60,10,0,14-3-29 23:33:14,1
6S68B6P4GU,114.718,23.728,1604341,64,10,0,14-3-29 23:33:27,1
6S68B6P4GU,114.719,23.7296,1604343,66,10,0,14-3-29 23:33:38,1
6S68B6P4GU,114.72,23.7314,1604345,68,10,0,14-3-29 23:33:50,1
6S68B6P4GU,114.721,23.7331,1604347,74,10,0,14-3-29 23:34:1,1
6S68B6P4GU,114.722,23.7348,1604349,74,10,0,14-3-29 23:34:11,1
6S68B6P4GU,114.723,23.7365,1604351,74,10,0,14-3-29 23:34:21,1
6S68B6P4GU,114.725,23.7396,1604355,74,15,0,14-3-29 23:34:41,1
6S68B6P4GU,114.726,23.7411,1604357,74,15,0,14-3-29 23:34:51,1
6S68B6P4GU,114.729,23.7439,1604361,74,15,0,14-3-29 23:35:11,1
6S68B6P4GU,114.73,23.7453,1604363,0,5,0,14-3-29 23:35:37,1
6S68B6P4GU,114.73,23.7454,1604363,10,15,0,14-3-29 23:36:6,1
6S68B6P4GU,114.732,23.7469,1604365,37,20,0,14-3-29 23:36:34,1
6S68B6P4GU,114.733,23.7483,1604367,53,20,0,14-3-29 23:36:50,1
6S68B6P4GU,114.734,23.7498,1604369,60,15,0,14-3-29 23:37:3,1
6S68B6P4GU,114.735,23.7513,1604371,62,15,0,14-3-29 23:37:15,1
6S68B6P4GU,114.738,23.7545,1604375,66,10,0,14-3-29 23:37:39,1
6S68B6P4GU,114.739,23.7561,1604377,64,10,0,14-3-29 23:37:50,1
6S68B6P4GU,114.74,23.7577,1604379,56,15,0,14-3-29 23:38:2,1
6S68B6P4GU,114.741,23.7594,1604381,60,15,0,14-3-29 23:38:15,1
6S68B6P4GU,114.742,23.761,1604383,64,15,0,14-3-29 23:38:27,1
6S68B6P4GU,114.743,23.7626,1604385,53,15,0,14-3-29 23:38:40,1
6S68B6P4GU,114.744,23.7642,1604387,56,15,0,14-3-29 23:38:54,1
6S68B6P4GU,114.745,23.7658,1604389,27,5,0,14-3-29 23:39:10,1
6S68B6P4GU,114.744,23.7671,1604391,47,150,0,14-3-29 23:39:32,1
6S68B6P4GU,114.742,23.7682,1604393,58,155,0,14-3-29 23:39:46,1
6S68B6P4GU,114.741,23.771,1604397,58,175,0,14-3-29 23:40:8,1
6S68B6P4GU,114.741,23.7716,1604397,60,175,0,14-3-29 23:40:12,1
6S68B6P4GU,114.741,23.7734,1604399,62,0,0,14-3-29 23:40:24,1
6S68B6P4GU,114.74,23.7791,1604405,51,165,0,14-3-29 23:41:4,1
6S68B6P4GU,114.739,23.7808,1604408,51,165,0,14-3-29 23:41:20,1
6S68B6P4GU,114.738,23.7826,1604410,60,165,0,14-3-29 23:41:34,1
6S68B6P4GU,114.737,23.7843,1604412,62,165,0,14-3-29 23:41:46,1
6S68B6P4GU,114.736,23.786,1604414,55,165,0,14-3-29 23:41:59,1
6S68B6P4GU,114.735,23.7877,1604416,55,165,0,14-3-29 23:42:13,1
6S68B6P4GU,114.734,23.7894,1604418,56,165,0,14-3-29 23:42:26,1
6S68B6P4GU,114.734,23.7912,1604420,55,165,0,14-3-29 23:42:40,1
6S68B6P4GU,114.733,23.793,1604422,6,165,0,14-3-29 23:43:13,1
6S68B6P4GU,114.733,23.793,1604422,0,155,0,14-3-29 23:43:28,1
6S68B6P4GU,114.732,23.7947,1604424,41,165,0,14-3-29 23:44:22,1
6S68B6P4GU,114.731,23.7964,1604426,56,165,0,14-3-29 23:44:38,1
6S68B6P4GU,114.73,23.7982,1604428,62,165,0,14-3-29 23:44:51,1
6S68B6P4GU,114.729,23.8007,1604431,62,165,0,14-3-29 23:45:9,1
6S68B6P4GU,114.728,23.8018,1604432,64,165,0,14-3-29 23:45:17,1
6S68B6P4GU,114.727,23.8053,1604436,35,10,0,14-3-29 23:45:47,1
6S68B6P4GU,114.729,23.8058,1604438,43,40,0,14-3-29 23:46:8,1
6S68B6P4GU,114.731,23.806,1604440,55,40,0,14-3-29 23:46:24,1
6S68B6P4GU,114.733,23.8061,1604442,60,40,0,14-3-29 23:46:37,1
6S68B6P4GU,114.735,23.8065,1604444,68,35,0,14-3-29 23:46:49,1
6S68B6P4GU,114.737,23.807,1604446,39,35,0,14-3-29 23:47:3,1
6S68B6P4GU,114.738,23.8072,1604447,0,35,0,14-3-29 23:47:25,1
6S68B6P4GU,114.739,23.8075,1604448,37,35,0,14-3-29 23:47:49,1
6S68B6P4GU,114.741,23.808,1604450,51,35,0,14-3-29 23:48:5,1
6S68B6P4GU,114.743,23.8085,1604452,58,35,0,14-3-29 23:48:19,1
6S68B6P4GU,114.745,23.809,1604454,64,35,0,14-3-29 23:48:31,1
6S68B6P4GU,114.747,23.8096,1604456,66,35,0,14-3-29 23:48:43,1
6S68B6P4GU,114.749,23.8101,1604458,64,35,0,14-3-29 23:48:55,1
6S68B6P4GU,114.751,23.8106,1604460,68,30,0,14-3-29 23:49:6,1
6S68B6P4GU,114.753,23.8116,1604462,72,20,0,14-3-29 23:49:17,1
6S68B6P4GU,114.755,23.8146,1604466,74,15,0,14-3-29 23:49:38,1
6S68B6P4GU,114.757,23.8161,1604469,60,15,0,14-3-29 23:49:50,1
6S68B6P4GU,114.758,23.8176,1604471,60,15,0,14-3-29 23:50:3,1
6S68B6P4GU,114.759,23.8191,1604473,64,15,0,14-3-29 23:50:15,1
6S68B6P4GU,114.761,23.8206,1604475,58,15,0,14-3-29 23:50:28,1
6S68B6P4GU,114.762,23.8221,1604477,60,20,0,14-3-29 23:50:41,1
6S68B6P4GU,114.763,23.8236,1604479,60,20,0,14-3-29 23:50:54,1
6S68B6P4GU,114.765,23.8251,1604481,62,20,0,14-3-29 23:51:7,1
6S68B6P4GU,114.766,23.8265,1604483,68,20,0,14-3-29 23:51:19,1
6S68B6P4GU,114.768,23.8277,1604485,64,20,0,14-3-29 23:51:30,1
6S68B6P4GU,114.769,23.8289,1604487,58,20,0,14-3-29 23:51:43,1
6S68B6P4GU,114.772,23.8314,1604491,66,20,0,14-3-29 23:52:8,1
6S68B6P4GU,114.775,23.834,1604495,68,15,0,14-3-29 23:52:30,1
6S68B6P4GU,114.776,23.8355,1604497,55,10,0,14-3-29 23:52:41,1
6S68B6P4GU,114.777,23.8371,1604499,41,20,0,14-3-29 23:52:58,1
6S68B6P4GU,114.779,23.8381,1604501,49,30,0,14-3-29 23:53:14,1
6S68B6P4GU,114.781,23.8392,1604503,60,20,0,14-3-29 23:53:28,1
6S68B6P4GU,114.782,23.8408,1604505,68,10,0,14-3-29 23:53:40,1
6S68B6P4GU,114.783,23.8425,1604507,70,10,0,14-3-29 23:53:51,1
6S68B6P4GU,114.784,23.8443,1604509,74,10,0,14-3-29 23:54:2,1
6S68B6P4GU,114.785,23.8459,1604511,74,10,0,14-3-29 23:54:12,1
6S68B6P4GU,114.786,23.8477,1604513,70,10,0,14-3-29 23:54:23,1
6S68B6P4GU,114.787,23.8494,1604516,70,5,0,14-3-29 23:54:34,1
6S68B6P4GU,114.787,23.8513,1604518,74,10,0,14-3-29 23:54:45,1
6S68B6P4GU,114.79,23.8543,1604522,62,20,0,14-3-29 23:55:6,1
6S68B6P4GU,114.79,23.8548,1604523,62,20,0,14-3-29 23:55:11,1
6S68B6P4GU,114.791,23.8556,1604524,60,15,0,14-3-29 23:55:18,1
6S68B6P4GU,114.792,23.8573,1604526,66,10,0,14-3-29 23:55:30,1
6S68B6P4GU,114.793,23.8591,1604528,74,10,0,14-3-29 23:55:41,1
6S68B6P4GU,114.794,23.8626,1604532,72,5,0,14-3-29 23:56:1,1
6S68B6P4GU,114.794,23.8644,1604534,72,5,0,14-3-29 23:56:11,1
6S68B6P4GU,114.795,23.8663,1604536,68,175,0,14-3-29 23:56:22,1
6S68B6P4GU,114.795,23.8681,1604538,66,175,0,14-3-29 23:56:33,1
6S68B6P4GU,114.794,23.87,1604540,62,175,0,14-3-29 23:56:45,1
6S68B6P4GU,114.794,23.8719,1604542,60,0,0,14-3-29 23:56:58,1
6S68B6P4GU,114.794,23.8739,1604544,62,170,0,14-3-29 23:57:11,1
6S68B6P4GU,114.793,23.8757,1604546,56,165,0,14-3-29 23:57:24,1
6S68B6P4GU,114.793,23.8774,1604548,51,170,0,14-3-29 23:57:38,1
6S68B6P4GU,114.793,23.8792,1604550,47,15,0,14-3-29 23:57:54,1
6S68B6P4GU,114.794,23.8806,1604552,45,20,0,14-3-29 23:58:11,1
6S68B6P4GU,114.796,23.882,1604554,47,10,0,14-3-29 23:58:27,1
6S68B6P4GU,114.796,23.884,1604556,62,5,0,14-3-29 23:58:42,1
6S68B6P4GU,114.797,23.8858,1604558,66,15,0,14-3-29 23:58:54,1
6S68B6P4GU,114.798,23.887,1604561,70,25,0,14-3-29 23:59:5,1
6S68B6P4GU,114.8,23.8884,1604563,74,15,0,14-3-29 23:59:16,1
6S68B6P4GU,114.801,23.892,1604567,74,5,0,14-3-29 23:59:36,1
6S68B6P4GU,114.802,23.8938,1604569,68,10,0,14-3-29 23:59:47,1
6S68B6P4GU,114.803,23.8953,1604571,60,20,0,14-3-29 23:59:59,1
