76P4XUB7SI,106.615,29.6693,1110853,0,170,0,14-3-28 0:0:54,1
76P4XUB7SI,106.615,29.6693,1110853,0,170,0,14-3-28 0:2:55,1
76P4XUB7SI,106.615,29.6693,1110853,0,170,0,14-3-28 0:4:56,1
76P4XUB7SI,106.615,29.6693,1110853,0,170,0,14-3-28 0:6:57,1
76P4XUB7SI,106.615,29.6693,1110853,0,170,0,14-3-28 0:8:58,1
76P4XUB7SI,106.615,29.6693,1110853,0,170,0,14-3-28 0:10:59,1
76P4XUB7SI,106.615,29.6693,1110853,0,170,0,14-3-28 0:13:0,1
76P4XUB7SI,106.615,29.6693,1110853,0,170,0,14-3-28 0:15:1,1
76P4XUB7SI,106.615,29.6693,1110853,0,170,0,14-3-28 0:17:2,1
76P4XUB7SI,106.615,29.6693,1110853,0,170,0,14-3-28 0:19:3,1
76P4XUB7SI,106.615,29.6693,1110853,0,170,0,14-3-28 0:21:5,1
76P4XUB7SI,106.615,29.6693,1110853,0,170,0,14-3-28 0:23:6,1
76P4XUB7SI,106.615,29.6693,1110853,0,170,0,14-3-28 0:25:7,1
76P4XUB7SI,106.615,29.6693,1110853,0,170,0,14-3-28 0:27:8,1
76P4XUB7SI,106.615,29.6693,1110853,0,170,0,14-3-28 0:29:9,1
76P4XUB7SI,106.616,29.6688,1110854,9,45,0,14-3-28 0:31:10,1
76P4XUB7SI,106.623,29.6708,1110863,34,0,0,14-3-28 0:33:11,1
76P4XUB7SI,106.629,29.6779,1110874,0,10,0,14-3-28 0:35:12,1
76P4XUB7SI,106.629,29.6779,1110874,0,10,0,14-3-28 0:37:13,1
76P4XUB7SI,106.629,29.6779,1110874,0,10,0,14-3-28 0:39:14,1
76P4XUB7SI,106.629,29.6779,1110874,0,10,0,14-3-28 0:41:15,1
76P4XUB7SI,106.629,29.6778,1110874,12,110,0,14-3-28 0:43:16,1
76P4XUB7SI,106.623,29.6713,1110885,0,100,0,14-3-28 0:45:17,1
76P4XUB7SI,106.623,29.671,1110885,14,100,0,14-3-28 0:47:18,1
76P4XUB7SI,106.622,29.6665,1110891,0,105,0,14-3-28 0:49:19,1
76P4XUB7SI,106.622,29.6665,1110891,0,105,0,14-3-28 0:51:20,1
76P4XUB7SI,106.622,29.6665,1110891,0,105,0,14-3-28 0:53:21,1
76P4XUB7SI,106.622,29.6665,1110891,0,105,0,14-3-28 0:55:23,1
76P4XUB7SI,106.622,29.6665,1110891,0,105,0,14-3-28 0:57:23,1
76P4XUB7SI,106.622,29.6665,1110891,0,105,0,14-3-28 0:59:24,1
76P4XUB7SI,106.622,29.6665,1110891,0,105,0,14-3-28 1:1:25,1
76P4XUB7SI,106.622,29.6665,1110891,0,105,0,14-3-28 1:3:26,1
76P4XUB7SI,106.622,29.6665,1110891,0,105,0,14-3-28 1:5:28,1
76P4XUB7SI,106.623,29.6653,1110892,0,55,0,14-3-28 1:7:29,1
76P4XUB7SI,106.623,29.6653,1110892,0,55,0,14-3-28 1:9:30,1
76P4XUB7SI,106.623,29.6653,1110892,0,55,0,14-3-28 1:11:31,1
76P4XUB7SI,106.623,29.6653,1110892,0,55,0,14-3-28 1:13:32,1
76P4XUB7SI,106.623,29.6653,1110892,0,55,0,14-3-28 1:15:33,1
76P4XUB7SI,106.623,29.6653,1110892,0,55,0,14-3-28 1:17:34,1
76P4XUB7SI,106.623,29.6653,1110892,0,55,0,14-3-28 1:19:35,1
76P4XUB7SI,106.623,29.6653,1110892,0,55,0,14-3-28 1:21:36,1
76P4XUB7SI,106.623,29.6653,1110892,0,55,0,14-3-28 1:23:37,1
76P4XUB7SI,106.623,29.6653,1110892,0,55,0,14-3-28 1:25:38,1
76P4XUB7SI,106.623,29.6653,1110892,0,55,0,14-3-28 1:27:39,1
76P4XUB7SI,106.623,29.6653,1110892,0,55,0,14-3-28 1:29:40,1
76P4XUB7SI,106.623,29.6653,1110892,0,55,0,14-3-28 1:31:41,1
76P4XUB7SI,106.623,29.6653,1110892,0,55,0,14-3-28 1:33:42,1
76P4XUB7SI,106.623,29.6653,1110892,0,55,0,14-3-28 1:35:43,1
76P4XUB7SI,106.623,29.6653,1110892,0,55,0,14-3-28 1:37:44,1
76P4XUB7SI,106.62,29.6654,1110895,23,120,0,14-3-28 1:39:45,1
76P4XUB7SI,106.613,29.66,1110908,53,95,0,14-3-28 1:41:46,1
76P4XUB7SI,106.599,29.65,1110927,31,110,0,14-3-28 1:43:47,1
76P4XUB7SI,106.592,29.6385,1110941,64,100,0,14-3-28 1:45:48,1
76P4XUB7SI,106.601,29.6321,1110958,69,60,0,14-3-28 1:47:49,1
76P4XUB7SI,106.621,29.6336,1110979,66,10,0,14-3-28 1:49:51,1
76P4XUB7SI,106.636,29.6509,1111003,60,25,0,14-3-28 1:51:52,1
76P4XUB7SI,106.645,29.672,1111028,77,10,0,14-3-28 1:53:53,1
76P4XUB7SI,106.655,29.6944,1111054,73,15,0,14-3-28 1:55:54,1
76P4XUB7SI,106.664,29.7147,1111078,73,10,0,14-3-28 1:57:54,1
76P4XUB7SI,106.678,29.7349,1111104,75,20,0,14-3-28 1:59:56,1
76P4XUB7SI,106.687,29.7467,1111118,5,15,0,14-3-28 2:1:57,1
76P4XUB7SI,106.689,29.7493,1111122,62,20,0,14-3-28 2:3:58,1
76P4XUB7SI,106.704,29.7704,1111150,82,15,0,14-3-28 2:5:59,1
76P4XUB7SI,106.715,29.7922,1111176,80,15,0,14-3-28 2:8:0,1
76P4XUB7SI,106.731,29.8114,1111202,73,5,0,14-3-28 2:10:1,1
76P4XUB7SI,106.732,29.8305,1111223,80,0,0,14-3-28 2:12:2,1
76P4XUB7SI,106.754,29.8428,1111249,84,30,0,14-3-28 2:14:3,1
76P4XUB7SI,106.767,29.867,1111279,86,5,0,14-3-28 2:16:4,1
76P4XUB7SI,106.772,29.8911,1111306,77,15,0,14-3-28 2:18:5,1
76P4XUB7SI,106.791,29.9079,1111332,71,25,0,14-3-28 2:20:6,1
76P4XUB7SI,106.808,29.9254,1111357,79,20,0,14-3-28 2:22:7,1
76P4XUB7SI,106.82,29.9477,1111384,79,10,0,14-3-28 2:24:8,1
76P4XUB7SI,106.83,29.9701,1111410,84,5,0,14-3-28 2:26:9,1
76P4XUB7SI,106.836,29.9938,1111437,82,0,0,14-3-28 2:28:10,1
76P4XUB7SI,106.838,30.019,1111465,84,0,0,14-3-28 2:30:11,1
76P4XUB7SI,106.838,30.0248,1111470,0,0,0,14-3-28 2:32:12,1
76P4XUB7SI,106.838,30.025,1111470,0,170,0,14-3-28 2:34:13,1
76P4XUB7SI,106.838,30.025,1111470,0,170,0,14-3-28 2:36:14,1
76P4XUB7SI,106.84,30.0371,1111484,86,0,0,14-3-28 2:38:15,1
76P4XUB7SI,106.843,30.0547,1111503,60,5,0,14-3-28 2:40:16,1
76P4XUB7SI,106.843,30.0791,1111530,64,165,0,14-3-28 2:42:17,1
76P4XUB7SI,106.838,30.0927,1111546,58,160,0,14-3-28 2:44:18,1
76P4XUB7SI,106.829,30.1154,1111573,71,0,0,14-3-28 2:46:19,1
76P4XUB7SI,106.83,30.1388,1111599,92,170,0,14-3-28 2:48:20,1
76P4XUB7SI,106.835,30.1617,1111626,71,10,0,14-3-28 2:50:21,1
76P4XUB7SI,106.846,30.1828,1111652,80,15,0,14-3-28 2:52:23,1
76P4XUB7SI,106.855,30.208,1111681,88,10,0,14-3-28 2:54:24,1
76P4XUB7SI,106.867,30.2293,1111707,88,10,0,14-3-28 2:56:25,1
76P4XUB7SI,106.883,30.2482,1111732,69,15,0,14-3-28 2:58:26,1
76P4XUB7SI,106.895,30.2692,1111759,86,10,0,14-3-28 3:0:27,1
76P4XUB7SI,106.91,30.2891,1111785,75,20,0,14-3-28 3:2:28,1
76P4XUB7SI,106.929,30.3056,1111811,77,20,0,14-3-28 3:4:29,1
76P4XUB7SI,106.951,30.3206,1111839,84,35,0,14-3-28 3:6:30,1
76P4XUB7SI,106.968,30.3387,1111865,73,10,0,14-3-28 3:8:31,1
76P4XUB7SI,106.981,30.3602,1111892,75,10,0,14-3-28 3:10:32,1
76P4XUB7SI,106.99,30.3824,1111918,77,5,0,14-3-28 3:12:33,1
76P4XUB7SI,107.005,30.4017,1111943,73,20,0,14-3-28 3:14:34,1
76P4XUB7SI,107.023,30.4179,1111968,71,20,0,14-3-28 3:16:35,1
76P4XUB7SI,107.037,30.4375,1111993,79,10,0,14-3-28 3:18:36,1
76P4XUB7SI,107.051,30.4571,1112018,75,10,0,14-3-28 3:20:37,1
76P4XUB7SI,107.062,30.4779,1112043,77,10,0,14-3-28 3:22:38,1
76P4XUB7SI,107.074,30.499,1112068,73,5,0,14-3-28 3:24:39,1
76P4XUB7SI,107.079,30.5212,1112093,71,0,0,14-3-28 3:26:40,1
76P4XUB7SI,107.084,30.5438,1112118,71,5,0,14-3-28 3:28:41,1
76P4XUB7SI,107.094,30.5644,1112143,73,10,0,14-3-28 3:30:42,1
76P4XUB7SI,107.102,30.5876,1112170,71,5,0,14-3-28 3:32:43,1
76P4XUB7SI,107.112,30.6086,1112195,75,15,0,14-3-28 3:34:44,1
76P4XUB7SI,107.123,30.6284,1112219,99,15,0,14-3-28 3:36:46,1
76P4XUB7SI,107.142,30.6468,1112247,80,15,0,14-3-28 3:38:47,1
76P4XUB7SI,107.151,30.6686,1112272,73,0,0,14-3-28 3:40:47,1
76P4XUB7SI,107.157,30.6922,1112299,73,10,0,14-3-28 3:42:49,1
76P4XUB7SI,107.172,30.7105,1112323,77,20,0,14-3-28 3:44:50,1
76P4XUB7SI,107.183,30.7297,1112348,69,0,0,14-3-28 3:46:51,1
76P4XUB7SI,107.188,30.7519,1112373,71,10,0,14-3-28 3:48:52,1
76P4XUB7SI,107.203,30.7707,1112398,75,20,0,14-3-28 3:50:53,1
76P4XUB7SI,107.22,30.7885,1112423,77,15,0,14-3-28 3:52:54,1
76P4XUB7SI,107.238,30.8057,1112449,73,25,0,14-3-28 3:54:55,1
76P4XUB7SI,107.256,30.8182,1112470,60,15,0,14-3-28 3:56:56,1
76P4XUB7SI,107.269,30.8343,1112491,47,15,0,14-3-28 3:58:57,1
76P4XUB7SI,107.281,30.8494,1112512,75,20,0,14-3-28 4:0:58,1
76P4XUB7SI,107.301,30.8651,1112537,64,25,0,14-3-28 4:2:59,1
76P4XUB7SI,107.32,30.8822,1112563,82,15,0,14-3-28 4:5:0,1
76P4XUB7SI,107.344,30.8943,1112589,80,25,0,14-3-28 4:7:1,1
76P4XUB7SI,107.363,30.9105,1112614,71,25,0,14-3-28 4:9:2,1
76P4XUB7SI,107.382,30.9253,1112638,69,30,0,14-3-28 4:11:3,1
76P4XUB7SI,107.403,30.936,1112662,79,15,0,14-3-28 4:13:4,1
76P4XUB7SI,107.415,30.9567,1112688,82,5,0,14-3-28 4:15:6,1
76P4XUB7SI,107.425,30.9781,1112713,75,10,0,14-3-28 4:17:6,1
76P4XUB7SI,107.439,30.9975,1112738,71,0,0,14-3-28 4:19:7,1
76P4XUB7SI,107.449,31.0189,1112764,68,15,0,14-3-28 4:21:8,1
76P4XUB7SI,107.467,31.0345,1112788,53,30,0,14-3-28 4:23:9,1
76P4XUB7SI,107.485,31.049,1112812,73,5,0,14-3-28 4:25:10,1
76P4XUB7SI,107.49,31.0718,1112836,69,5,0,14-3-28 4:27:12,1
76P4XUB7SI,107.496,31.0952,1112863,80,5,0,14-3-28 4:29:13,1
76P4XUB7SI,107.498,31.1188,1112889,73,5,0,14-3-28 4:31:14,1
76P4XUB7SI,107.505,31.1412,1112914,73,5,0,14-3-28 4:33:15,1
76P4XUB7SI,107.511,31.1623,1112938,58,5,0,14-3-28 4:35:16,1
76P4XUB7SI,107.518,31.1849,1112963,75,0,0,14-3-28 4:37:17,1
76P4XUB7SI,107.522,31.2077,1112989,73,0,0,14-3-28 4:39:18,1
76P4XUB7SI,107.53,31.23,1113015,68,0,0,14-3-28 4:41:19,1
76P4XUB7SI,107.525,31.2528,1113040,79,170,0,14-3-28 4:43:20,1
76P4XUB7SI,107.523,31.2755,1113066,80,0,0,14-3-28 4:45:21,1
76P4XUB7SI,107.525,31.2978,1113090,60,5,0,14-3-28 4:47:22,1
76P4XUB7SI,107.526,31.3172,1113112,66,5,0,14-3-28 4:49:23,1
76P4XUB7SI,107.537,31.3372,1113136,80,15,0,14-3-28 4:51:24,1
76P4XUB7SI,107.549,31.3544,1113158,47,15,0,14-3-28 4:53:25,1
76P4XUB7SI,107.564,31.3644,1113177,60,30,0,14-3-28 4:55:26,1
76P4XUB7SI,107.588,31.3736,1113202,73,40,0,14-3-28 4:57:27,1
76P4XUB7SI,107.603,31.3862,1113222,51,30,0,14-3-28 4:59:28,1
76P4XUB7SI,107.603,31.3862,1113238,0,20,0,14-3-28 5:1:28,0
76P4XUB7SI,107.634,31.4073,1113262,79,25,0,14-3-28 5:3:30,1
76P4XUB7SI,107.654,31.419,1113286,69,10,0,14-3-28 5:5:31,1
76P4XUB7SI,107.654,31.4418,1113312,82,165,0,14-3-28 5:7:32,1
76P4XUB7SI,107.669,31.4651,1113342,73,15,0,14-3-28 5:9:35,1
76P4XUB7SI,107.69,31.4779,1113367,64,25,0,14-3-28 5:11:35,1
76P4XUB7SI,107.705,31.4979,1113397,79,15,0,14-3-28 5:13:35,1
76P4XUB7SI,107.722,31.5147,1113422,77,20,0,14-3-28 5:15:36,1
76P4XUB7SI,107.739,31.5324,1113447,69,0,0,14-3-28 5:17:37,1
76P4XUB7SI,107.757,31.5476,1113473,71,40,0,14-3-28 5:19:39,1
76P4XUB7SI,107.781,31.5596,1113498,68,30,0,14-3-28 5:21:40,1
76P4XUB7SI,107.802,31.5717,1113523,69,30,0,14-3-28 5:23:41,1
76P4XUB7SI,107.824,31.5839,1113548,77,20,0,14-3-28 5:25:42,1
76P4XUB7SI,107.84,31.6027,1113574,77,20,0,14-3-28 5:27:43,1
76P4XUB7SI,107.858,31.62,1113598,68,15,0,14-3-28 5:29:44,1
76P4XUB7SI,107.875,31.6353,1113622,68,15,0,14-3-28 5:31:45,1
76P4XUB7SI,107.894,31.6496,1113645,60,30,0,14-3-28 5:33:47,1
76P4XUB7SI,107.911,31.6586,1113664,49,15,0,14-3-28 5:35:54,1
76P4XUB7SI,107.911,31.6586,1113682,0,5,0,14-3-28 5:37:55,0
76P4XUB7SI,107.947,31.683,1113712,73,20,0,14-3-28 5:39:56,1
76P4XUB7SI,107.965,31.7028,1113741,82,30,0,14-3-28 5:41:57,1
76P4XUB7SI,107.98,31.7227,1113767,80,15,0,14-3-28 5:43:58,1
76P4XUB7SI,107.987,31.7435,1113792,58,0,0,14-3-28 5:45:59,1
76P4XUB7SI,107.993,31.7598,1113812,57,175,0,14-3-28 5:48:0,1
76P4XUB7SI,107.994,31.7781,1113833,69,10,0,14-3-28 5:50:2,1
76P4XUB7SI,108.006,31.7923,1113855,49,20,0,14-3-28 5:52:2,1
76P4XUB7SI,108.006,31.7923,1113855,0,20,0,14-3-28 5:54:3,0
76P4XUB7SI,108.027,31.8237,1113900,75,165,0,14-3-28 5:56:4,1
76P4XUB7SI,108.037,31.8398,1113925,69,40,0,14-3-28 5:58:5,1
76P4XUB7SI,108.061,31.8459,1113951,79,40,0,14-3-28 6:0:6,1
76P4XUB7SI,108.082,31.8582,1113977,69,20,0,14-3-28 6:2:7,1
76P4XUB7SI,108.095,31.876,1114000,68,0,0,14-3-28 6:4:8,1
76P4XUB7SI,108.113,31.8878,1114024,71,35,0,14-3-28 6:6:9,1
76P4XUB7SI,108.127,31.9026,1114047,60,0,0,14-3-28 6:8:10,1
76P4XUB7SI,108.135,31.9556,1114062,0,10,0,14-3-28 6:10:11,1
76P4XUB7SI,108.135,31.9556,1114062,0,10,0,14-3-28 6:12:12,1
76P4XUB7SI,108.142,31.9596,1114113,77,175,0,14-3-28 6:14:14,1
76P4XUB7SI,108.129,31.982,1114143,93,165,0,14-3-28 6:16:14,1
76P4XUB7SI,108.116,32.0032,1114172,71,155,0,14-3-28 6:18:16,1
76P4XUB7SI,108.102,32.0193,1114196,71,175,0,14-3-28 6:20:17,1
76P4XUB7SI,108.087,32.0371,1114222,58,155,0,14-3-28 6:22:18,1
76P4XUB7SI,108.066,32.0463,1114245,66,160,0,14-3-28 6:24:19,1
76P4XUB7SI,108.051,32.0641,1114269,79,165,0,14-3-28 6:26:20,1
76P4XUB7SI,108.044,32.085,1114295,69,0,0,14-3-28 6:28:21,1
76P4XUB7SI,108.044,32.085,1114302,0,0,0,14-3-28 6:30:21,0
76P4XUB7SI,108.052,32.1264,1114345,66,0,0,14-3-28 6:32:23,1
76P4XUB7SI,108.052,32.1457,1114368,73,0,0,14-3-28 6:34:24,1
76P4XUB7SI,108.055,32.1636,1114388,0,5,0,14-3-28 6:36:25,1
76P4XUB7SI,108.055,32.1638,1114388,0,5,0,14-3-28 6:38:26,1
76P4XUB7SI,108.055,32.1638,1114388,0,5,0,14-3-28 6:40:27,1
76P4XUB7SI,108.055,32.1641,1114388,0,10,0,14-3-28 6:42:28,1
76P4XUB7SI,108.055,32.1641,1114388,0,10,0,14-3-28 6:44:29,1
76P4XUB7SI,108.055,32.1641,1114388,0,10,0,14-3-28 6:46:30,1
76P4XUB7SI,108.055,32.1644,1114388,0,0,0,14-3-28 6:48:31,1
76P4XUB7SI,108.061,32.1688,1114395,51,25,0,14-3-28 6:50:32,1
76P4XUB7SI,108.061,32.1688,1114412,0,5,0,14-3-28 6:52:33,0
76P4XUB7SI,108.061,32.1688,1114412,0,5,0,14-3-28 6:54:34,0
76P4XUB7SI,108.087,32.2095,1114451,47,0,0,14-3-28 6:56:35,1
76P4XUB7SI,108.087,32.2095,1114458,0,175,0,14-3-28 6:58:36,0
76P4XUB7SI,108.087,32.2095,1114458,0,175,0,14-3-28 7:0:37,0
76P4XUB7SI,108.087,32.2095,1114458,0,175,0,14-3-28 7:2:38,0
76P4XUB7SI,108.119,32.2768,1114472,0,20,0,14-3-28 7:4:39,1
76P4XUB7SI,108.138,32.284,1114497,79,60,0,14-3-28 7:6:41,1
76P4XUB7SI,108.15,32.2791,1114510,34,35,0,14-3-28 7:8:41,1
76P4XUB7SI,108.171,32.2876,1114534,73,50,0,14-3-28 7:10:43,1
76P4XUB7SI,108.198,32.2845,1114560,79,20,0,14-3-28 7:12:44,1
76P4XUB7SI,108.198,32.2845,1114577,0,30,0,14-3-28 7:14:44,0
76P4XUB7SI,108.198,32.2845,1114594,0,25,0,14-3-28 7:16:45,0
76P4XUB7SI,108.198,32.2845,1114617,0,20,0,14-3-28 7:18:46,0
76P4XUB7SI,108.198,32.2845,1114617,0,20,0,14-3-28 7:20:47,0
76P4XUB7SI,108.277,32.3543,1114675,69,30,0,14-3-28 7:22:49,1
76P4XUB7SI,108.31,32.3866,1114728,79,10,0,14-3-28 7:26:52,1
76P4XUB7SI,108.325,32.4068,1114754,73,5,0,14-3-28 7:28:52,1
76P4XUB7SI,108.338,32.4275,1114780,79,20,0,14-3-28 7:30:53,1
76P4XUB7SI,108.362,32.4382,1114806,75,25,0,14-3-28 7:32:54,1
76P4XUB7SI,108.362,32.4382,1114827,0,15,0,14-3-28 7:34:54,0
76P4XUB7SI,108.408,32.455,1114856,58,40,0,14-3-28 7:36:56,1
76P4XUB7SI,108.408,32.455,1114856,0,40,0,14-3-28 7:38:57,0
76P4XUB7SI,108.445,32.4796,1114903,75,10,0,14-3-28 7:40:58,1
76P4XUB7SI,108.445,32.5005,1114929,75,165,0,14-3-28 7:42:59,1
76P4XUB7SI,108.464,32.5116,1114953,62,45,0,14-3-28 7:45:0,1
76P4XUB7SI,108.49,32.5134,1114980,75,25,0,14-3-28 7:47:1,1
76P4XUB7SI,108.516,32.5163,1115006,75,20,0,14-3-28 7:49:2,1
76P4XUB7SI,108.54,32.5169,1115033,79,35,0,14-3-28 7:51:3,1
76P4XUB7SI,108.559,32.53,1115057,77,15,0,14-3-28 7:53:4,1
76P4XUB7SI,108.559,32.53,1115070,0,25,0,14-3-28 7:55:5,0
76P4XUB7SI,108.559,32.53,1115070,0,25,0,14-3-28 7:57:6,0
76P4XUB7SI,108.559,32.53,1115070,0,25,0,14-3-28 7:59:7,0
76P4XUB7SI,108.559,32.53,1115070,0,25,0,14-3-28 8:1:8,0
76P4XUB7SI,108.559,32.53,1115070,0,25,0,14-3-28 8:3:9,0
76P4XUB7SI,108.559,32.53,1115070,0,29,0,14-3-28 8:5:10,0
76P4XUB7SI,108.621,32.5896,1115070,0,29,0,14-3-28 8:7:11,1
76P4XUB7SI,108.652,32.5834,1115087,82,50,0,14-3-28 8:9:13,1
76P4XUB7SI,108.665,32.5832,1115105,0,30,0,14-3-28 8:11:13,1
76P4XUB7SI,108.696,32.5988,1115136,60,30,0,14-3-28 8:13:15,1
76P4XUB7SI,108.717,32.6086,1115163,80,20,0,14-3-28 8:15:15,1
76P4XUB7SI,108.736,32.6209,1115190,75,15,0,14-3-28 8:17:16,1
76P4XUB7SI,108.746,32.6392,1115214,82,15,0,14-3-28 8:19:18,1
76P4XUB7SI,108.75,32.6594,1115239,64,175,0,14-3-28 8:21:18,1
76P4XUB7SI,108.765,32.6971,1115243,0,175,0,14-3-28 8:23:19,1
76P4XUB7SI,108.764,32.7,1115243,0,175,0,14-3-28 8:25:20,1
76P4XUB7SI,108.763,32.7161,1115305,71,5,0,14-3-28 8:27:21,1
76P4XUB7SI,108.787,32.722,1115333,80,45,0,14-3-28 8:29:23,1
76P4XUB7SI,108.816,32.722,1115361,79,50,0,14-3-28 8:31:23,1
76P4XUB7SI,108.843,32.7141,1115386,77,45,0,14-3-28 8:33:25,1
76P4XUB7SI,108.872,32.7104,1115413,79,50,0,14-3-28 8:35:26,1
76P4XUB7SI,108.899,32.7127,1115440,77,25,0,14-3-28 8:37:27,1
76P4XUB7SI,108.912,32.7242,1115457,0,5,0,14-3-28 8:39:29,1
76P4XUB7SI,108.912,32.7345,1115468,60,5,0,14-3-28 8:41:29,1
76P4XUB7SI,108.918,32.7555,1115492,73,5,0,14-3-28 8:43:31,1
76P4XUB7SI,108.925,32.7787,1115518,79,10,0,14-3-28 8:45:32,1
76P4XUB7SI,108.93,32.8012,1115544,73,5,0,14-3-28 8:47:33,1
76P4XUB7SI,108.922,32.8233,1115569,69,165,0,14-3-28 8:49:34,1
76P4XUB7SI,108.922,32.8233,1115574,0,175,0,14-3-28 8:51:34,0
76P4XUB7SI,108.922,32.8233,1115575,0,175,0,14-3-28 8:53:35,0
76P4XUB7SI,108.922,32.8233,1115636,0,20,0,14-3-28 8:55:36,0
76P4XUB7SI,108.961,32.8919,1115666,71,10,0,14-3-28 8:57:38,1
76P4XUB7SI,108.961,32.8919,1115687,0,175,0,14-3-28 8:59:38,0
76P4XUB7SI,108.962,32.9294,1115716,77,25,0,14-3-28 9:1:40,1
76P4XUB7SI,108.982,32.9439,1115740,66,25,0,14-3-28 9:3:41,1
76P4XUB7SI,108.996,32.9583,1115764,60,10,0,14-3-28 9:5:42,1
76P4XUB7SI,109.008,32.9736,1115784,58,15,0,14-3-28 9:7:43,1
76P4XUB7SI,108.997,32.9598,1115784,0,15,0,14-3-28 9:9:43,1
76P4XUB7SI,108.997,32.9607,1115784,0,15,0,14-3-28 9:11:44,1
76P4XUB7SI,108.997,32.9607,1115784,0,15,0,14-3-28 9:13:46,1
76P4XUB7SI,109.073,33.0593,1115784,0,15,0,14-3-28 9:15:46,1
76P4XUB7SI,109.073,33.0605,1115784,0,15,0,14-3-28 9:17:47,1
76P4XUB7SI,109.075,33.0693,1115784,0,15,0,14-3-28 9:19:48,1
76P4XUB7SI,109.097,33.0882,1115795,0,25,0,14-3-28 9:21:49,1
76P4XUB7SI,109.11,33.0966,1115795,0,25,0,14-3-28 9:23:50,1
76P4XUB7SI,109.117,33.1144,1115850,62,20,0,14-3-28 9:25:53,1
76P4XUB7SI,109.134,33.1319,1115852,0,20,0,14-3-28 9:27:52,1
76P4XUB7SI,109.131,33.1496,1115899,64,170,0,14-3-28 9:29:55,1
76P4XUB7SI,109.131,33.1496,1115917,0,10,0,14-3-28 9:31:54,0
76P4XUB7SI,109.138,33.1939,1115937,0,10,0,14-3-28 9:33:55,1
76P4XUB7SI,109.143,33.2018,1115970,79,35,0,14-3-28 9:35:57,1
76P4XUB7SI,109.161,33.2169,1115997,66,20,0,14-3-28 9:37:58,1
76P4XUB7SI,109.169,33.2559,1116048,77,25,0,14-3-28 9:42:0,1
76P4XUB7SI,109.175,33.2745,1116076,79,160,0,14-3-28 9:44:1,1
76P4XUB7SI,109.164,33.2933,1116100,69,170,0,14-3-28 9:46:4,1
76P4XUB7SI,109.17,33.3138,1116125,73,20,0,14-3-28 9:48:3,1
76P4XUB7SI,109.17,33.3349,1116150,75,5,0,14-3-28 9:50:4,1
76P4XUB7SI,109.178,33.3535,1116175,66,0,0,14-3-28 9:52:5,1
76P4XUB7SI,109.179,33.3744,1116203,71,170,0,14-3-28 9:54:6,1
76P4XUB7SI,109.181,33.3959,1116229,66,175,0,14-3-28 9:56:9,1
76P4XUB7SI,109.174,33.4138,1116254,75,175,0,14-3-28 9:58:8,1
76P4XUB7SI,109.168,33.4332,1116277,68,175,0,14-3-28 10:0:9,1
76P4XUB7SI,109.176,33.4549,1116302,73,170,0,14-3-28 10:2:10,1
76P4XUB7SI,109.168,33.4753,1116329,79,150,0,14-3-28 10:4:12,1
76P4XUB7SI,109.165,33.4944,1116356,71,10,0,14-3-28 10:6:13,1
76P4XUB7SI,109.163,33.516,1116382,71,175,0,14-3-28 10:8:14,1
76P4XUB7SI,109.156,33.5363,1116410,75,0,0,14-3-28 10:10:15,1
76P4XUB7SI,109.158,33.5566,1116437,62,170,0,14-3-28 10:12:17,1
76P4XUB7SI,109.164,33.5764,1116464,82,0,0,14-3-28 10:14:17,1
76P4XUB7SI,109.156,33.597,1116490,64,175,0,14-3-28 10:16:18,1
76P4XUB7SI,109.158,33.6174,1116515,73,5,0,14-3-28 10:18:19,1
76P4XUB7SI,109.159,33.6316,1116530,36,170,0,14-3-28 10:20:20,1
76P4XUB7SI,109.158,33.633,1116531,0,105,0,14-3-28 10:22:21,1
76P4XUB7SI,109.158,33.633,1116531,0,105,0,14-3-28 10:24:22,1
76P4XUB7SI,109.158,33.6332,1116532,12,175,0,14-3-28 10:26:23,1
76P4XUB7SI,109.157,33.6353,1116535,22,165,0,14-3-28 10:28:24,1
76P4XUB7SI,109.137,33.6477,1116558,79,145,0,14-3-28 10:30:25,1
76P4XUB7SI,109.118,33.6636,1116583,55,150,0,14-3-28 10:32:26,1
76P4XUB7SI,109.115,33.6654,1116585,0,160,0,14-3-28 10:34:27,1
76P4XUB7SI,109.115,33.6665,1116587,34,165,0,14-3-28 10:36:28,1
76P4XUB7SI,109.115,33.6665,1116594,0,175,0,14-3-28 10:38:29,0
76P4XUB7SI,109.106,33.7008,1116597,66,145,0,14-3-28 10:40:30,1
76P4XUB7SI,109.091,33.7146,1116652,71,155,0,14-3-28 10:42:32,1
76P4XUB7SI,109.075,33.7302,1116677,66,170,0,14-3-28 10:44:32,1
76P4XUB7SI,109.063,33.7488,1116704,77,160,0,14-3-28 10:46:33,1
76P4XUB7SI,109.048,33.766,1116732,62,145,0,14-3-28 10:48:34,1
76P4XUB7SI,109.035,33.7826,1116755,80,155,0,14-3-28 10:50:35,1
76P4XUB7SI,109.026,33.8053,1116782,77,160,0,14-3-28 10:52:37,1
76P4XUB7SI,109.026,33.8053,1116793,0,165,0,14-3-28 10:54:37,0
76P4XUB7SI,109.026,33.8053,1116793,0,165,0,14-3-28 10:56:38,0
76P4XUB7SI,109.026,33.8053,1116793,0,165,0,14-3-28 10:58:39,0
76P4XUB7SI,109.026,33.8053,1116793,0,165,0,14-3-28 11:0:40,0
76P4XUB7SI,109.026,33.8053,1116793,0,165,0,14-3-28 11:2:41,0
76P4XUB7SI,109.026,33.8053,1116793,0,169,0,14-3-28 11:4:42,0
76P4XUB7SI,109.026,33.8053,1116793,0,169,0,14-3-28 11:6:43,0
76P4XUB7SI,109.026,33.8053,1116793,0,169,0,14-3-28 11:8:44,0
76P4XUB7SI,108.93,33.9667,1116793,0,169,0,14-3-28 11:10:45,1
76P4XUB7SI,108.93,33.9667,1116793,0,165,0,14-3-28 11:12:47,0
76P4XUB7SI,108.943,33.9885,1116793,0,169,0,14-3-28 11:14:47,1
76P4XUB7SI,108.948,33.9943,1116810,66,0,0,14-3-28 11:16:49,1
76P4XUB7SI,108.943,33.9885,1116816,0,10,0,14-3-28 11:18:49,1
76P4XUB7SI,108.981,34.0234,1116859,77,30,0,14-3-28 11:20:51,1
76P4XUB7SI,109.005,34.0352,1116884,77,20,0,14-3-28 11:22:52,1
76P4XUB7SI,109.021,34.0594,1116914,84,5,0,14-3-28 11:24:52,1
76P4XUB7SI,109.023,34.0833,1116940,79,0,0,14-3-28 11:26:53,1
76P4XUB7SI,109.015,34.1057,1116967,77,160,0,14-3-28 11:28:54,1
76P4XUB7SI,108.997,34.1234,1116992,73,170,0,14-3-28 11:30:55,1
76P4XUB7SI,108.999,34.1478,1117019,71,0,0,14-3-28 11:32:56,1
76P4XUB7SI,108.997,34.1721,1117046,80,175,0,14-3-28 11:34:57,1
76P4XUB7SI,109.001,34.1952,1117071,47,0,0,14-3-28 11:36:58,1
76P4XUB7SI,109.019,34.204,1117091,77,35,0,14-3-28 11:38:59,1
76P4XUB7SI,109.045,34.2132,1117119,80,15,0,14-3-28 11:41:0,1
76P4XUB7SI,109.058,34.2351,1117146,77,0,0,14-3-28 11:43:1,1
76P4XUB7SI,109.067,34.2576,1117171,77,10,0,14-3-28 11:45:2,1
76P4XUB7SI,109.082,34.2785,1117199,80,20,0,14-3-28 11:47:3,1
76P4XUB7SI,109.09,34.3012,1117225,80,175,0,14-3-28 11:49:4,1
76P4XUB7SI,109.085,34.3247,1117252,79,165,0,14-3-28 11:51:5,1
76P4XUB7SI,109.074,34.3634,1117301,77,20,0,14-3-28 11:55:7,1
76P4XUB7SI,109.1,34.3735,1117327,82,25,0,14-3-28 11:57:8,1
76P4XUB7SI,109.11,34.3956,1117354,77,0,0,14-3-28 11:59:9,1
76P4XUB7SI,109.108,34.419,1117380,77,170,0,14-3-28 12:1:10,1
76P4XUB7SI,109.109,34.4434,1117406,77,175,0,14-3-28 12:3:12,1
76P4XUB7SI,109.109,34.4674,1117433,82,5,0,14-3-28 12:5:13,1
76P4XUB7SI,109.106,34.4905,1117458,77,170,0,14-3-28 12:7:13,1
76P4XUB7SI,109.11,34.5134,1117484,80,10,0,14-3-28 12:9:14,1
76P4XUB7SI,109.109,34.5375,1117511,77,165,0,14-3-28 12:11:17,1
76P4XUB7SI,109.108,34.5609,1117537,75,0,0,14-3-28 12:13:16,1
76P4XUB7SI,109.12,34.5814,1117562,73,20,0,14-3-28 12:15:18,1
76P4XUB7SI,109.143,34.5967,1117588,79,30,0,14-3-28 12:17:19,1
76P4XUB7SI,109.163,34.613,1117615,77,10,0,14-3-28 12:19:19,1
76P4XUB7SI,109.172,34.636,1117641,79,5,0,14-3-28 12:21:21,1
76P4XUB7SI,109.18,34.6584,1117666,77,10,0,14-3-28 12:23:21,1
76P4XUB7SI,109.195,34.6791,1117693,79,15,0,14-3-28 12:25:22,1
76P4XUB7SI,109.216,34.721,1117742,77,15,0,14-3-28 12:29:26,1
76P4XUB7SI,109.24,34.7348,1117768,77,25,0,14-3-28 12:31:26,1
76P4XUB7SI,109.263,34.7488,1117794,80,25,0,14-3-28 12:33:27,1
76P4XUB7SI,109.28,34.7678,1117819,77,15,0,14-3-28 12:35:28,1
76P4XUB7SI,109.33,34.7927,1117872,79,25,0,14-3-28 12:39:30,1
76P4XUB7SI,109.349,34.8117,1117899,79,15,0,14-3-28 12:41:32,1
76P4XUB7SI,109.373,34.8264,1117926,77,25,0,14-3-28 12:43:32,1
76P4XUB7SI,109.4,34.8383,1117954,79,35,0,14-3-28 12:45:33,1
76P4XUB7SI,109.424,34.8517,1117980,77,20,0,14-3-28 12:47:34,1
76P4XUB7SI,109.447,34.8646,1118006,79,25,0,14-3-28 12:49:35,1
76P4XUB7SI,109.468,34.8812,1118032,79,20,0,14-3-28 12:51:36,1
76P4XUB7SI,109.496,34.8865,1118058,77,40,0,14-3-28 12:53:37,1
76P4XUB7SI,109.526,34.8891,1118085,79,40,0,14-3-28 12:55:38,1
76P4XUB7SI,109.554,34.8953,1118111,75,30,0,14-3-28 12:57:39,1
76P4XUB7SI,109.58,34.9045,1118137,77,40,0,14-3-28 12:59:40,1
76P4XUB7SI,109.608,34.9061,1118163,77,40,0,14-3-28 13:1:41,1
76P4XUB7SI,109.634,34.9106,1118186,66,35,0,14-3-28 13:3:42,1
76P4XUB7SI,109.657,34.9197,1118209,79,25,0,14-3-28 13:5:43,1
76P4XUB7SI,109.685,34.9289,1118236,73,35,0,14-3-28 13:7:44,1
76P4XUB7SI,109.714,34.9324,1118263,77,35,0,14-3-28 13:9:45,1
76P4XUB7SI,109.744,34.9362,1118290,80,40,0,14-3-28 13:11:46,1
76P4XUB7SI,109.774,34.9338,1118317,88,45,0,14-3-28 13:13:47,1
76P4XUB7SI,109.804,34.9372,1118344,77,30,0,14-3-28 13:15:48,1
76P4XUB7SI,109.83,34.9487,1118371,86,25,0,14-3-28 13:17:49,1
76P4XUB7SI,109.854,34.9627,1118397,71,20,0,14-3-28 13:19:50,1
76P4XUB7SI,109.872,34.9818,1118423,79,20,0,14-3-28 13:21:51,1
76P4XUB7SI,109.888,34.9985,1118446,57,20,0,14-3-28 13:23:52,1
76P4XUB7SI,109.908,35.004,1118466,58,45,0,14-3-28 13:25:53,1
76P4XUB7SI,109.935,35.0085,1118490,80,25,0,14-3-28 13:27:54,1
76P4XUB7SI,109.959,35.0228,1118518,79,15,0,14-3-28 13:29:55,1
76P4XUB7SI,109.981,35.0393,1118544,75,20,0,14-3-28 13:31:56,1
76P4XUB7SI,109.998,35.0576,1118569,64,10,0,14-3-28 13:33:57,1
76P4XUB7SI,110.01,35.0804,1118597,80,25,0,14-3-28 13:36:5,1
76P4XUB7SI,110.037,35.0876,1118623,75,20,0,14-3-28 13:38:6,1
76P4XUB7SI,110.052,35.1091,1118649,82,15,0,14-3-28 13:40:8,1
76P4XUB7SI,110.069,35.1295,1118676,77,10,0,14-3-28 13:42:8,1
76P4XUB7SI,110.077,35.1519,1118701,71,5,0,14-3-28 13:44:9,1
76P4XUB7SI,110.092,35.172,1118727,77,20,0,14-3-28 13:46:10,1
76P4XUB7SI,110.111,35.1898,1118753,79,15,0,14-3-28 13:48:11,1
76P4XUB7SI,110.138,35.2017,1118780,80,35,0,14-3-28 13:50:12,1
76P4XUB7SI,110.161,35.215,1118807,75,10,0,14-3-28 13:52:13,1
76P4XUB7SI,110.175,35.2332,1118830,69,10,0,14-3-28 13:54:14,1
76P4XUB7SI,110.183,35.2561,1118856,75,10,0,14-3-28 13:56:15,1
76P4XUB7SI,110.207,35.2683,1118882,77,35,0,14-3-28 13:58:16,1
76P4XUB7SI,110.231,35.2837,1118910,80,10,0,14-3-28 14:0:17,1
76P4XUB7SI,110.255,35.2967,1118937,80,35,0,14-3-28 14:2:18,1
76P4XUB7SI,110.286,35.3007,1118965,80,45,0,14-3-28 14:4:19,1
76P4XUB7SI,110.343,35.3075,1119022,84,20,0,14-3-28 14:8:22,1
76P4XUB7SI,110.364,35.3262,1119049,80,15,0,14-3-28 14:10:22,1
76P4XUB7SI,110.385,35.3428,1119075,82,15,0,14-3-28 14:12:23,1
76P4XUB7SI,110.404,35.3607,1119103,80,30,0,14-3-28 14:14:24,1
76P4XUB7SI,110.64,35.595,1119474,69,35,0,14-3-28 14:53:28,1
76P4XUB7SI,110.675,35.6052,1119507,68,25,0,14-3-28 14:57:29,1
76P4XUB7SI,110.695,35.618,1119529,68,25,0,14-3-28 14:59:30,1
76P4XUB7SI,110.719,35.6265,1119553,77,35,0,14-3-28 15:1:31,1
76P4XUB7SI,110.745,35.6345,1119577,75,25,0,14-3-28 15:3:32,1
76P4XUB7SI,110.77,35.6454,1119602,75,35,0,14-3-28 15:5:33,1
76P4XUB7SI,110.798,35.651,1119628,75,40,0,14-3-28 15:7:35,1
76P4XUB7SI,110.826,35.6474,1119653,75,45,0,14-3-28 15:9:35,1
76P4XUB7SI,110.854,35.6483,1119678,73,40,0,14-3-28 15:11:37,1
76P4XUB7SI,110.882,35.6475,1119703,77,45,0,14-3-28 15:13:38,1
76P4XUB7SI,110.911,35.6462,1119728,73,40,0,14-3-28 15:15:39,1
76P4XUB7SI,110.94,35.6448,1119754,80,45,0,14-3-28 15:17:40,1
76P4XUB7SI,110.967,35.641,1119779,75,45,0,14-3-28 15:19:40,1
76P4XUB7SI,110.995,35.6425,1119804,75,35,0,14-3-28 15:21:42,1
76P4XUB7SI,111.024,35.6436,1119828,77,40,0,14-3-28 15:23:43,1
76P4XUB7SI,111.051,35.6483,1119853,71,35,0,14-3-28 15:25:44,1
76P4XUB7SI,111.079,35.6516,1119878,73,45,0,14-3-28 15:27:45,1
76P4XUB7SI,111.105,35.6491,1119902,73,45,0,14-3-28 15:29:46,1
76P4XUB7SI,111.132,35.6476,1119926,69,45,0,14-3-28 15:31:47,1
76P4XUB7SI,111.16,35.6439,1119950,75,45,0,14-3-28 15:33:48,1
76P4XUB7SI,111.187,35.6489,1119975,71,30,0,14-3-28 15:35:49,1
76P4XUB7SI,111.211,35.6585,1119998,71,30,0,14-3-28 15:37:50,1
76P4XUB7SI,111.233,35.6711,1120023,69,25,0,14-3-28 15:39:51,1
76P4XUB7SI,111.255,35.6833,1120046,69,30,0,14-3-28 15:41:52,1
76P4XUB7SI,111.276,35.6923,1120070,62,155,0,14-3-28 15:43:53,1
76P4XUB7SI,111.28,35.7131,1120094,71,10,0,14-3-28 15:45:54,1
76P4XUB7SI,111.287,35.734,1120118,71,0,0,14-3-28 15:47:55,1
76P4XUB7SI,111.299,35.7758,1120164,75,5,0,14-3-28 15:51:57,1
76P4XUB7SI,111.308,35.7965,1120188,73,10,0,14-3-28 15:53:58,1
76P4XUB7SI,111.322,35.8154,1120212,71,10,0,14-3-28 15:55:59,1
76P4XUB7SI,111.327,35.8368,1120236,68,5,0,14-3-28 15:58:0,1
76P4XUB7SI,111.336,35.8579,1120260,68,5,0,14-3-28 16:0:1,1
76P4XUB7SI,111.346,35.879,1120284,68,15,0,14-3-28 16:2:2,1
76P4XUB7SI,111.358,35.8992,1120309,73,5,0,14-3-28 16:4:3,1
76P4XUB7SI,111.371,35.9185,1120333,71,10,0,14-3-28 16:6:4,1
76P4XUB7SI,111.381,35.9399,1120357,71,10,0,14-3-28 16:8:5,1
76P4XUB7SI,111.392,35.9612,1120383,73,5,0,14-3-28 16:10:6,1
76P4XUB7SI,111.396,35.9834,1120407,71,10,0,14-3-28 16:12:7,1
76P4XUB7SI,111.407,36.0039,1120432,71,5,0,14-3-28 16:14:8,1
76P4XUB7SI,111.417,36.0245,1120455,71,10,0,14-3-28 16:16:9,1
76P4XUB7SI,111.432,36.0427,1120480,75,15,0,14-3-28 16:18:10,1
76P4XUB7SI,111.445,36.0632,1120505,73,15,0,14-3-28 16:20:11,1
76P4XUB7SI,111.448,36.0836,1120528,73,175,0,14-3-28 16:22:12,1
76P4XUB7SI,111.452,36.1053,1120552,73,10,0,14-3-28 16:24:13,1
76P4XUB7SI,111.463,36.1264,1120577,75,5,0,14-3-28 16:26:15,1
76P4XUB7SI,111.472,36.1467,1120600,71,10,0,14-3-28 16:28:15,1
76P4XUB7SI,111.477,36.1684,1120625,68,5,0,14-3-28 16:30:16,1
76P4XUB7SI,111.492,36.1865,1120648,68,10,0,14-3-28 16:32:17,1
76P4XUB7SI,111.504,36.2065,1120672,73,15,0,14-3-28 16:34:18,1
76P4XUB7SI,111.516,36.227,1120697,73,20,0,14-3-28 16:36:19,1
76P4XUB7SI,111.534,36.2438,1120722,73,20,0,14-3-28 16:38:20,1
76P4XUB7SI,111.556,36.2572,1120746,66,25,0,14-3-28 16:40:21,1
76P4XUB7SI,111.578,36.2708,1120770,69,25,0,14-3-28 16:42:23,1
76P4XUB7SI,111.598,36.2859,1120794,73,10,0,14-3-28 16:44:23,1
76P4XUB7SI,111.613,36.3033,1120818,73,20,0,14-3-28 16:46:24,1
76P4XUB7SI,111.631,36.3213,1120843,75,25,0,14-3-28 16:48:25,1
76P4XUB7SI,111.659,36.3254,1120868,75,40,0,14-3-28 16:50:26,1
76P4XUB7SI,111.686,36.3295,1120893,69,35,0,14-3-28 16:52:27,1
76P4XUB7SI,111.712,36.3349,1120917,68,40,0,14-3-28 16:54:28,1
76P4XUB7SI,111.737,36.3448,1120942,77,15,0,14-3-28 16:56:29,1
76P4XUB7SI,111.751,36.3637,1120966,68,10,0,14-3-28 16:58:30,1
76P4XUB7SI,111.753,36.3847,1120989,71,0,0,14-3-28 17:0:31,1
76P4XUB7SI,111.762,36.4042,1121012,66,15,0,14-3-28 17:2:32,1
76P4XUB7SI,111.78,36.4226,1121038,77,5,0,14-3-28 17:4:33,1
76P4XUB7SI,111.785,36.4436,1121061,49,10,0,14-3-28 17:6:34,1
76P4XUB7SI,111.792,36.4599,1121080,62,5,0,14-3-28 17:8:35,1
76P4XUB7SI,111.794,36.4666,1121086,0,5,0,14-3-28 17:10:36,1
76P4XUB7SI,111.794,36.4666,1121086,0,5,0,14-3-28 17:12:37,1
76P4XUB7SI,111.794,36.4666,1121086,0,5,0,14-3-28 17:14:38,1
76P4XUB7SI,111.794,36.4666,1121086,0,5,0,14-3-28 17:16:39,1
76P4XUB7SI,111.794,36.4666,1121086,0,5,0,14-3-28 17:18:40,1
76P4XUB7SI,111.794,36.4666,1121086,0,5,0,14-3-28 17:20:41,1
76P4XUB7SI,111.794,36.4666,1121086,0,5,0,14-3-28 17:22:42,1
76P4XUB7SI,111.794,36.4666,1121086,0,5,0,14-3-28 17:24:43,1
76P4XUB7SI,111.794,36.4666,1121086,0,5,0,14-3-28 17:26:44,1
76P4XUB7SI,111.794,36.4666,1121086,0,5,0,14-3-28 17:28:45,1
76P4XUB7SI,111.794,36.4666,1121086,0,5,0,14-3-28 17:30:46,1
76P4XUB7SI,111.794,36.4666,1121086,0,5,0,14-3-28 17:32:47,1
76P4XUB7SI,111.794,36.4666,1121086,0,5,0,14-3-28 17:34:48,1
76P4XUB7SI,111.794,36.4666,1121086,0,5,0,14-3-28 17:36:49,1
76P4XUB7SI,111.794,36.4666,1121086,0,5,0,14-3-28 17:38:50,1
76P4XUB7SI,111.794,36.4666,1121086,0,5,0,14-3-28 17:40:51,1
76P4XUB7SI,111.794,36.4666,1121086,0,0,0,14-3-28 17:43:50,0
76P4XUB7SI,111.804,36.5005,1121108,92,0,0,14-3-28 17:45:57,1
76P4XUB7SI,111.808,36.5254,1121135,73,175,0,14-3-28 17:47:58,1
76P4XUB7SI,111.807,36.552,1121164,75,175,0,14-3-28 17:49:59,1
76P4XUB7SI,111.801,36.5765,1121191,68,0,0,14-3-28 17:52:0,1
76P4XUB7SI,111.801,36.5973,1121213,64,175,0,14-3-28 17:54:1,1
76P4XUB7SI,111.799,36.6181,1121236,73,0,0,14-3-28 17:56:2,1
76P4XUB7SI,111.8,36.6403,1121261,66,10,0,14-3-28 17:58:2,1
76P4XUB7SI,111.802,36.6601,1121282,51,0,0,14-3-28 18:0:4,1
76P4XUB7SI,111.803,36.6812,1121306,71,0,0,14-3-28 18:2:6,1
76P4XUB7SI,111.807,36.7033,1121330,68,0,0,14-3-28 18:4:6,1
76P4XUB7SI,111.806,36.7227,1121354,49,175,0,14-3-28 18:6:7,1
76P4XUB7SI,111.803,36.7375,1121358,64,170,0,14-3-28 18:8:9,1
76P4XUB7SI,111.8,36.7568,1121395,38,5,0,14-3-28 18:10:9,1
76P4XUB7SI,111.807,36.7681,1121409,51,15,0,14-3-28 18:12:10,1
76P4XUB7SI,111.819,36.7804,1121426,51,20,0,14-3-28 18:14:11,1
76P4XUB7SI,111.829,36.7975,1121450,64,175,0,14-3-28 18:16:12,1
76P4XUB7SI,111.842,36.8199,1121469,0,25,0,14-3-28 18:18:13,1
76P4XUB7SI,111.853,36.8341,1121500,75,25,0,14-3-28 18:20:15,1
76P4XUB7SI,111.87,36.8471,1121521,69,5,0,14-3-28 18:22:15,1
76P4XUB7SI,111.899,36.8843,1121569,71,15,0,14-3-28 18:26:17,1
76P4XUB7SI,111.918,36.899,1121593,62,20,0,14-3-28 18:28:18,1
76P4XUB7SI,111.926,36.9181,1121615,80,175,0,14-3-28 18:30:19,1
76P4XUB7SI,111.928,36.9421,1121641,77,5,0,14-3-28 18:32:20,1
76P4XUB7SI,111.936,36.9642,1121666,86,0,0,14-3-28 18:34:21,1
76P4XUB7SI,111.929,36.9933,1121699,73,175,0,14-3-28 18:36:23,1
76P4XUB7SI,111.942,37.0143,1121725,69,25,0,14-3-28 18:38:25,1
76P4XUB7SI,111.963,37.0299,1121750,0,15,0,14-3-28 18:40:25,1
76P4XUB7SI,111.982,37.0481,1121779,77,20,0,14-3-28 18:42:26,1
76P4XUB7SI,112.006,37.0595,1121803,68,25,0,14-3-28 18:44:27,1
76P4XUB7SI,112.027,37.0738,1121827,71,20,0,14-3-28 18:46:28,1
76P4XUB7SI,112.048,37.0904,1121852,71,25,0,14-3-28 18:48:29,1
76P4XUB7SI,112.07,37.1035,1121876,73,25,0,14-3-28 18:50:30,1
76P4XUB7SI,112.09,37.1199,1121901,73,15,0,14-3-28 18:52:31,1
76P4XUB7SI,112.11,37.1353,1121926,71,25,0,14-3-28 18:54:33,1
76P4XUB7SI,112.136,37.1438,1121950,68,35,0,14-3-28 18:56:33,1
76P4XUB7SI,112.16,37.1532,1121974,75,25,0,14-3-28 18:58:34,1
76P4XUB7SI,112.182,37.1694,1122000,77,20,0,14-3-28 19:0:35,1
76P4XUB7SI,112.206,37.1817,1122025,73,30,0,14-3-28 19:2:36,1
76P4XUB7SI,112.226,37.1975,1122049,68,10,0,14-3-28 19:4:37,1
76P4XUB7SI,112.242,37.2161,1122074,75,15,0,14-3-28 19:6:38,1
76P4XUB7SI,112.251,37.237,1122098,69,0,0,14-3-28 19:8:40,1
76P4XUB7SI,112.255,37.2587,1122123,69,5,0,14-3-28 19:10:40,1
76P4XUB7SI,112.262,37.2807,1122147,71,0,0,14-3-28 19:12:41,1
76P4XUB7SI,112.258,37.3033,1122172,69,175,0,14-3-28 19:14:42,1
76P4XUB7SI,112.263,37.3259,1122197,69,5,0,14-3-28 19:16:43,1
76P4XUB7SI,112.267,37.3476,1122221,71,5,0,14-3-28 19:18:44,1
76P4XUB7SI,112.278,37.3684,1122246,73,10,0,14-3-28 19:20:45,1
76P4XUB7SI,112.281,37.3901,1122270,66,170,0,14-3-28 19:22:46,1
76P4XUB7SI,112.286,37.4097,1122293,80,35,0,14-3-28 19:24:48,1
76P4XUB7SI,112.315,37.4154,1122320,75,30,0,14-3-28 19:26:49,1
76P4XUB7SI,112.343,37.4224,1122345,75,35,0,14-3-28 19:28:50,1
76P4XUB7SI,112.367,37.4352,1122370,73,15,0,14-3-28 19:30:51,1
76P4XUB7SI,112.387,37.4524,1122396,75,25,0,14-3-28 19:32:52,1
76P4XUB7SI,112.415,37.4574,1122421,75,45,0,14-3-28 19:34:53,1
76P4XUB7SI,112.444,37.4571,1122446,73,40,0,14-3-28 19:36:54,1
76P4XUB7SI,112.47,37.4674,1122472,79,25,0,14-3-28 19:38:55,1
76P4XUB7SI,112.523,37.4855,1122521,75,25,0,14-3-28 19:42:59,1
76P4XUB7SI,112.549,37.4949,1122546,73,35,0,14-3-28 19:45:0,1
76P4XUB7SI,112.556,37.4961,1122552,75,35,0,14-3-28 19:45:30,1
76P4XUB7SI,112.584,37.497,1122577,73,40,0,14-3-28 19:47:31,1
76P4XUB7SI,112.611,37.5035,1122601,71,25,0,14-3-28 19:49:32,1
76P4XUB7SI,112.633,37.5184,1122626,80,30,0,14-3-28 19:51:33,1
76P4XUB7SI,112.662,37.5259,1122653,79,30,0,14-3-28 19:53:34,1
76P4XUB7SI,112.69,37.5313,1122678,75,40,0,14-3-28 19:55:35,1
76P4XUB7SI,112.714,37.5378,1122700,0,25,0,14-3-28 19:57:36,1
76P4XUB7SI,112.718,37.54,1122704,49,20,0,14-3-28 19:59:37,1
76P4XUB7SI,112.736,37.5577,1122729,73,20,0,14-3-28 20:1:38,1
76P4XUB7SI,112.752,37.5765,1122754,75,5,0,14-3-28 20:3:39,1
76P4XUB7SI,112.777,37.6181,1122805,75,5,0,14-3-28 20:7:41,1
76P4XUB7SI,112.793,37.638,1122831,79,15,0,14-3-28 20:9:42,1
76P4XUB7SI,112.809,37.6581,1122857,79,5,0,14-3-28 20:11:43,1
76P4XUB7SI,112.814,37.6841,1122886,73,5,0,14-3-28 20:13:44,1
76P4XUB7SI,112.817,37.7055,1122910,68,165,0,14-3-28 20:15:45,1
76P4XUB7SI,112.81,37.7256,1122933,71,0,0,14-3-28 20:17:46,1
76P4XUB7SI,112.808,37.747,1122956,71,175,0,14-3-28 20:19:47,1
76P4XUB7SI,112.803,37.7683,1122980,71,175,0,14-3-28 20:21:48,1
76P4XUB7SI,112.818,37.7827,1123003,66,30,0,14-3-28 20:23:49,1
76P4XUB7SI,112.844,37.7898,1123027,73,35,0,14-3-28 20:25:50,1
76P4XUB7SI,112.863,37.8036,1123050,68,10,0,14-3-28 20:27:51,1
76P4XUB7SI,112.871,37.8228,1123072,62,5,0,14-3-28 20:29:52,1
76P4XUB7SI,112.879,37.8389,1123091,64,5,0,14-3-28 20:31:53,1
76P4XUB7SI,112.884,37.8589,1123113,38,15,0,14-3-28 20:33:54,1
76P4XUB7SI,112.909,37.858,1123135,77,40,0,14-3-28 20:35:55,1
76P4XUB7SI,112.934,37.8675,1123158,66,20,0,14-3-28 20:37:56,1
76P4XUB7SI,112.946,37.8846,1123180,75,25,0,14-3-28 20:39:58,1
76P4XUB7SI,112.966,37.9,1123204,69,40,0,14-3-28 20:41:58,1
76P4XUB7SI,112.988,37.8958,1123224,58,55,0,14-3-28 20:43:59,1
76P4XUB7SI,113.011,37.8898,1123245,64,35,0,14-3-28 20:46:0,1
76P4XUB7SI,113.035,37.8946,1123267,69,30,0,14-3-28 20:48:1,1
76P4XUB7SI,113.059,37.905,1123290,73,35,0,14-3-28 20:50:3,1
76P4XUB7SI,113.082,37.9128,1123313,64,45,0,14-3-28 20:52:3,1
76P4XUB7SI,113.106,37.9059,1123334,64,55,0,14-3-28 20:54:4,1
76P4XUB7SI,113.129,37.8965,1123357,64,50,0,14-3-28 20:56:5,1
76P4XUB7SI,113.153,37.8878,1123379,64,60,0,14-3-28 20:58:6,1
76P4XUB7SI,113.168,37.873,1123402,68,45,0,14-3-28 21:0:7,1
76P4XUB7SI,113.191,37.8771,1123424,69,45,0,14-3-28 21:2:8,1
76P4XUB7SI,113.215,37.8718,1123446,66,50,0,14-3-28 21:4:9,1
76P4XUB7SI,113.24,37.8683,1123468,60,45,0,14-3-28 21:6:12,1
76P4XUB7SI,113.266,37.8662,1123491,69,40,0,14-3-28 21:8:11,1
76P4XUB7SI,113.293,37.8679,1123515,62,20,0,14-3-28 21:10:12,1
76P4XUB7SI,113.316,37.8678,1123537,69,60,0,14-3-28 21:12:14,1
76P4XUB7SI,113.341,37.8599,1123561,73,55,0,14-3-28 21:14:14,1
76P4XUB7SI,113.369,37.8631,1123586,64,30,0,14-3-28 21:16:15,1
76P4XUB7SI,113.394,37.8637,1123610,69,40,0,14-3-28 21:18:16,1
76P4XUB7SI,113.416,37.8529,1123633,62,50,0,14-3-28 21:20:17,1
76P4XUB7SI,113.44,37.8556,1123657,73,20,0,14-3-28 21:22:18,1
76P4XUB7SI,113.461,37.8482,1123681,73,85,0,14-3-28 21:24:19,1
76P4XUB7SI,113.468,37.8289,1123703,62,90,0,14-3-28 21:26:22,1
76P4XUB7SI,113.488,37.815,1123718,0,60,0,14-3-28 21:28:21,1
76P4XUB7SI,113.501,37.803,1123748,75,75,0,14-3-28 21:30:22,1
76P4XUB7SI,113.527,37.7994,1123774,79,40,0,14-3-28 21:32:23,1
76P4XUB7SI,113.548,37.7862,1123797,62,60,0,14-3-28 21:34:24,1
76P4XUB7SI,113.565,37.7694,1123823,80,35,0,14-3-28 21:36:25,1
76P4XUB7SI,113.593,37.7729,1123847,75,35,0,14-3-28 21:38:26,1
76P4XUB7SI,113.623,37.7766,1123874,80,30,0,14-3-28 21:40:27,1
76P4XUB7SI,113.653,37.7808,1123901,69,40,0,14-3-28 21:42:30,1
76P4XUB7SI,113.681,37.7815,1123925,73,35,0,14-3-28 21:44:29,1
76P4XUB7SI,113.706,37.7857,1123950,75,75,0,14-3-28 21:46:30,1
76P4XUB7SI,113.707,37.7824,1123953,0,75,0,14-3-28 21:48:33,1
76P4XUB7SI,113.707,37.7824,1123953,0,75,0,14-3-28 21:50:32,1
76P4XUB7SI,113.707,37.7822,1123953,0,75,0,14-3-28 21:52:35,1
76P4XUB7SI,113.707,37.7822,1123953,0,75,0,14-3-28 21:54:35,1
76P4XUB7SI,113.708,37.7819,1123953,0,70,0,14-3-28 21:56:35,1
76P4XUB7SI,113.708,37.7819,1123953,0,70,0,14-3-28 21:58:36,1
76P4XUB7SI,113.708,37.7816,1123953,0,65,0,14-3-28 22:0:37,1
76P4XUB7SI,113.708,37.7812,1123953,0,70,0,14-3-28 22:2:38,1
76P4XUB7SI,113.708,37.781,1123953,0,65,0,14-3-28 22:4:41,1
76P4XUB7SI,113.71,37.78,1123954,0,65,0,14-3-28 22:6:41,1
76P4XUB7SI,113.71,37.7796,1123955,0,65,0,14-3-28 22:8:42,1
76P4XUB7SI,113.71,37.7796,1123955,0,65,0,14-3-28 22:10:44,1
76P4XUB7SI,113.711,37.7792,1123955,0,60,0,14-3-28 22:12:44,1
76P4XUB7SI,113.711,37.7792,1123955,0,60,0,14-3-28 22:14:45,1
76P4XUB7SI,113.711,37.7791,1123955,0,60,0,14-3-28 22:16:46,1
76P4XUB7SI,113.712,37.779,1123955,0,40,0,14-3-28 22:18:47,1
76P4XUB7SI,113.72,37.7802,1123963,68,35,0,14-3-28 22:20:48,1
76P4XUB7SI,113.745,37.7821,1123985,73,40,0,14-3-28 22:22:49,1
76P4XUB7SI,113.76,37.7889,1124000,5,25,0,14-3-28 22:24:50,1
76P4XUB7SI,113.769,37.7959,1124011,64,10,0,14-3-28 22:26:52,1
76P4XUB7SI,113.785,37.8125,1124034,51,30,0,14-3-28 22:28:53,1
76P4XUB7SI,113.799,37.8192,1124048,42,45,0,14-3-28 22:30:54,1
76P4XUB7SI,113.816,37.8233,1124064,58,15,0,14-3-28 22:32:55,1
76P4XUB7SI,113.829,37.84,1124086,82,40,0,14-3-28 22:34:56,1
76P4XUB7SI,113.856,37.8482,1124115,80,20,0,14-3-28 22:36:57,1
76P4XUB7SI,113.871,37.8655,1124137,68,15,0,14-3-28 22:38:58,1
76P4XUB7SI,113.891,37.883,1124164,77,35,0,14-3-28 22:40:59,1
76P4XUB7SI,113.909,37.9006,1124190,55,15,0,14-3-28 22:43:7,1
76P4XUB7SI,113.914,37.9166,1124209,62,15,0,14-3-28 22:45:8,1
76P4XUB7SI,113.925,37.9342,1124232,66,175,0,14-3-28 22:47:9,1
76P4XUB7SI,113.928,37.938,1124238,66,40,0,14-3-28 22:47:38,1
76P4XUB7SI,113.945,37.9506,1124260,66,20,0,14-3-28 22:49:39,1
76P4XUB7SI,114.094,37.9768,1124402,60,45,0,14-3-28 23:7:35,1
76P4XUB7SI,114.109,37.9762,1124415,20,35,0,14-3-28 23:9:36,1
76P4XUB7SI,114.126,37.9777,1124431,44,40,0,14-3-28 23:11:37,1
76P4XUB7SI,114.148,37.9714,1124451,53,60,0,14-3-28 23:13:38,1
76P4XUB7SI,114.161,37.9721,1124465,62,15,0,14-3-28 23:15:39,1
76P4XUB7SI,114.181,37.9883,1124490,75,15,0,14-3-28 23:17:40,1
76P4XUB7SI,114.201,38.0018,1124515,71,55,0,14-3-28 23:19:41,1
76P4XUB7SI,114.223,38.001,1124534,53,50,0,14-3-28 23:21:42,1
76P4XUB7SI,114.24,38.0024,1124549,29,35,0,14-3-28 23:23:43,1
76P4XUB7SI,114.262,38.0123,1124572,71,25,0,14-3-28 23:25:44,1
76P4XUB7SI,114.27,38.0325,1124595,55,15,0,14-3-28 23:27:45,1
76P4XUB7SI,114.286,38.0422,1124613,64,25,0,14-3-28 23:29:46,1
76P4XUB7SI,114.309,38.0552,1124638,97,30,0,14-3-28 23:31:47,1
76P4XUB7SI,114.34,38.0626,1124667,79,10,0,14-3-28 23:33:50,1
76P4XUB7SI,114.349,38.0859,1124693,71,10,0,14-3-28 23:35:49,1
76P4XUB7SI,114.364,38.1053,1124718,71,5,0,14-3-28 23:37:50,1
76P4XUB7SI,114.367,38.1294,1124744,71,0,0,14-3-28 23:39:51,1
76P4XUB7SI,114.382,38.1488,1124770,77,25,0,14-3-28 23:41:52,1
76P4XUB7SI,114.409,38.1609,1124797,77,25,0,14-3-28 23:43:53,1
76P4XUB7SI,114.43,38.1779,1124822,77,20,0,14-3-28 23:45:54,1
76P4XUB7SI,114.45,38.1957,1124847,82,15,0,14-3-28 23:47:55,1
76P4XUB7SI,114.459,38.218,1124873,75,0,0,14-3-28 23:49:56,1
76P4XUB7SI,114.457,38.2417,1124899,77,175,0,14-3-28 23:51:57,1
76P4XUB7SI,114.45,38.2659,1124926,82,170,0,14-3-28 23:53:58,1
76P4XUB7SI,114.447,38.2899,1124951,77,0,0,14-3-28 23:56:0,1
76P4XUB7SI,114.449,38.3136,1124977,80,175,0,14-3-28 23:58:0,1
76P4XUB7SI,114.45,38.3385,1125004,77,0,0,14-3-29 0:0:1,1
76P4XUB7SI,114.457,38.3621,1125031,79,10,0,14-3-29 0:2:3,1
76P4XUB7SI,114.468,38.3839,1125056,71,5,0,14-3-29 0:4:3,1
76P4XUB7SI,114.469,38.4072,1125082,77,0,0,14-3-29 0:6:4,1
76P4XUB7SI,114.472,38.4318,1125109,77,5,0,14-3-29 0:8:5,1
76P4XUB7SI,114.487,38.4536,1125135,80,15,0,14-3-29 0:10:6,1
76P4XUB7SI,114.505,38.4739,1125162,79,15,0,14-3-29 0:12:7,1
76P4XUB7SI,114.521,38.495,1125189,79,10,0,14-3-29 0:14:8,1
76P4XUB7SI,114.535,38.517,1125216,79,15,0,14-3-29 0:16:9,1
76P4XUB7SI,114.557,38.5345,1125242,77,25,0,14-3-29 0:18:10,1
76P4XUB7SI,114.582,38.5496,1125269,80,25,0,14-3-29 0:20:11,1
76P4XUB7SI,114.609,38.5615,1125296,82,35,0,14-3-29 0:22:12,1
76P4XUB7SI,114.64,38.5673,1125323,79,35,0,14-3-29 0:24:13,1
76P4XUB7SI,114.671,38.5703,1125349,75,35,0,14-3-29 0:26:14,1
76P4XUB7SI,114.702,38.5758,1125377,77,45,0,14-3-29 0:28:15,1
76P4XUB7SI,114.731,38.5841,1125404,75,20,0,14-3-29 0:30:16,1
76P4XUB7SI,114.754,38.5988,1125430,79,20,0,14-3-29 0:32:19,1
76P4XUB7SI,114.774,38.6174,1125456,77,10,0,14-3-29 0:34:18,1
76P4XUB7SI,114.786,38.6379,1125481,75,25,0,14-3-29 0:36:19,1
76P4XUB7SI,114.811,38.6531,1125509,79,15,0,14-3-29 0:38:20,1
76P4XUB7SI,114.831,38.6713,1125535,73,15,0,14-3-29 0:40:21,1
76P4XUB7SI,114.847,38.6911,1125561,75,15,0,14-3-29 0:42:22,1
76P4XUB7SI,114.873,38.7044,1125588,82,35,0,14-3-29 0:44:23,1
76P4XUB7SI,114.905,38.709,1125616,84,35,0,14-3-29 0:46:24,1
76P4XUB7SI,114.927,38.7246,1125642,86,5,0,14-3-29 0:48:26,1
76P4XUB7SI,114.933,38.7484,1125669,79,10,0,14-3-29 0:50:26,1
76P4XUB7SI,114.956,38.7675,1125697,82,20,0,14-3-29 0:52:29,1
76P4XUB7SI,114.983,38.776,1125723,77,40,0,14-3-29 0:54:28,1
76P4XUB7SI,115.013,38.7831,1125750,79,20,0,14-3-29 0:56:29,1
76P4XUB7SI,115.024,38.8053,1125777,82,0,0,14-3-29 0:58:30,1
76P4XUB7SI,115.034,38.8267,1125802,71,20,0,14-3-29 1:0:31,1
76P4XUB7SI,115.061,38.8349,1125828,84,35,0,14-3-29 1:2:32,1
76P4XUB7SI,115.086,38.8509,1125855,82,20,0,14-3-29 1:4:33,1
76P4XUB7SI,115.104,38.8708,1125882,77,15,0,14-3-29 1:6:34,1
76P4XUB7SI,115.125,38.8861,1125906,71,25,0,14-3-29 1:8:36,1
76P4XUB7SI,115.151,38.8975,1125933,77,40,0,14-3-29 1:10:37,1
76P4XUB7SI,115.179,38.9059,1125959,80,15,0,14-3-29 1:12:37,1
76P4XUB7SI,115.194,38.9256,1125984,71,30,0,14-3-29 1:14:38,1
76P4XUB7SI,115.221,38.9358,1126010,84,25,0,14-3-29 1:16:39,1
76P4XUB7SI,115.241,38.9526,1126035,73,15,0,14-3-29 1:18:40,1
76P4XUB7SI,115.252,38.9732,1126058,0,10,0,14-3-29 1:20:41,1
76P4XUB7SI,115.267,38.9953,1126091,77,20,0,14-3-29 1:22:42,1
76P4XUB7SI,115.297,39.0042,1126119,86,35,0,14-3-29 1:24:43,1
76P4XUB7SI,115.326,39.0136,1126145,79,30,0,14-3-29 1:26:45,1
76P4XUB7SI,115.354,39.0187,1126169,80,40,0,14-3-29 1:28:46,1
76P4XUB7SI,115.382,39.0222,1126193,23,35,0,14-3-29 1:30:46,1
76P4XUB7SI,115.387,39.0231,1126198,55,35,0,14-3-29 1:32:47,1
76P4XUB7SI,115.409,39.0373,1126222,80,10,0,14-3-29 1:34:48,1
76P4XUB7SI,115.417,39.0611,1126249,73,15,0,14-3-29 1:36:50,1
76P4XUB7SI,115.439,39.0736,1126272,66,25,0,14-3-29 1:38:51,1
76P4XUB7SI,115.456,39.0901,1126296,77,10,0,14-3-29 1:40:52,1
76P4XUB7SI,115.478,39.1062,1126322,82,35,0,14-3-29 1:42:52,1
76P4XUB7SI,115.508,39.1095,1126348,79,35,0,14-3-29 1:44:54,1
76P4XUB7SI,115.527,39.1266,1126374,73,10,0,14-3-29 1:46:55,1
76P4XUB7SI,115.551,39.1409,1126400,80,20,0,14-3-29 1:48:56,1
76P4XUB7SI,115.561,39.163,1126426,73,5,0,14-3-29 1:50:57,1
76P4XUB7SI,115.567,39.1864,1126452,77,0,0,14-3-29 1:52:58,1
76P4XUB7SI,115.568,39.2102,1126478,75,0,0,14-3-29 1:55:0,1
76P4XUB7SI,115.575,39.2334,1126504,79,10,0,14-3-29 1:57:1,1
76P4XUB7SI,115.582,39.2563,1126529,75,5,0,14-3-29 1:59:2,1
76P4XUB7SI,115.593,39.2786,1126555,77,10,0,14-3-29 2:1:3,1
76P4XUB7SI,115.606,39.2993,1126581,73,5,0,14-3-29 2:3:4,1
76P4XUB7SI,115.612,39.3216,1126605,75,0,0,14-3-29 2:5:5,1
76P4XUB7SI,115.629,39.329,1126627,69,45,0,14-3-29 2:7:6,1
76P4XUB7SI,115.658,39.3319,1126652,79,35,0,14-3-29 2:9:7,1
76P4XUB7SI,115.683,39.3456,1126679,79,30,0,14-3-29 2:11:8,1
76P4XUB7SI,115.714,39.3496,1126706,79,35,0,14-3-29 2:13:11,1
76P4XUB7SI,115.744,39.3533,1126732,79,40,0,14-3-29 2:15:12,1
76P4XUB7SI,115.774,39.361,1126758,77,30,0,14-3-29 2:17:13,1
76P4XUB7SI,115.799,39.3745,1126784,77,25,0,14-3-29 2:19:14,1
76P4XUB7SI,115.825,39.3882,1126811,77,20,0,14-3-29 2:21:16,1
76P4XUB7SI,115.853,39.3947,1126836,77,40,0,14-3-29 2:23:16,1
76P4XUB7SI,115.883,39.395,1126862,79,50,0,14-3-29 2:25:17,1
76P4XUB7SI,115.913,39.3926,1126887,82,35,0,14-3-29 2:27:18,1
76P4XUB7SI,115.942,39.3996,1126913,77,45,0,14-3-29 2:29:19,1
76P4XUB7SI,115.971,39.3945,1126938,75,50,0,14-3-29 2:31:20,1
76P4XUB7SI,116.001,39.3932,1126964,77,45,0,14-3-29 2:33:21,1
76P4XUB7SI,116.03,39.3941,1126989,73,35,0,14-3-29 2:35:22,1
76P4XUB7SI,116.061,39.3999,1127015,80,40,0,14-3-29 2:37:23,1
76P4XUB7SI,116.092,39.3963,1127041,82,40,0,14-3-29 2:39:25,1
76P4XUB7SI,116.122,39.3992,1127067,77,45,0,14-3-29 2:41:25,1
76P4XUB7SI,116.27,39.3841,1127199,57,5,0,14-3-29 2:52:15,1
76P4XUB7SI,116.27,39.4064,1127224,79,170,0,14-3-29 2:54:16,1
76P4XUB7SI,116.266,39.4302,1127250,75,0,0,14-3-29 2:56:17,1
76P4XUB7SI,116.273,39.4498,1127272,20,5,0,14-3-29 2:58:18,1
76P4XUB7SI,116.274,39.4543,1127276,11,5,0,14-3-29 3:0:19,1
76P4XUB7SI,116.275,39.4555,1127278,14,5,0,14-3-29 3:2:20,1
76P4XUB7SI,116.275,39.4573,1127279,18,5,0,14-3-29 3:4:21,1
76P4XUB7SI,116.276,39.4599,1127281,0,5,0,14-3-29 3:6:22,1
76P4XUB7SI,116.276,39.4625,1127284,0,0,0,14-3-29 3:8:23,1
76P4XUB7SI,116.277,39.4645,1127286,0,0,0,14-3-29 3:10:24,1
76P4XUB7SI,116.277,39.4663,1127287,0,0,0,14-3-29 3:12:25,1
76P4XUB7SI,116.277,39.4672,1127288,0,0,0,14-3-29 3:14:26,1
76P4XUB7SI,116.277,39.4687,1127288,5,0,0,14-3-29 3:16:27,1
76P4XUB7SI,116.277,39.4694,1127288,0,0,0,14-3-29 3:18:28,1
76P4XUB7SI,116.278,39.4714,1127290,0,0,0,14-3-29 3:20:29,1
76P4XUB7SI,116.279,39.4762,1127295,34,5,0,14-3-29 3:22:30,1
76P4XUB7SI,116.279,39.4775,1127296,0,5,0,14-3-29 3:26:32,1
76P4XUB7SI,116.282,39.4853,1127305,68,5,0,14-3-29 3:28:33,1
76P4XUB7SI,116.289,39.5064,1127329,73,175,0,14-3-29 3:30:34,1
76P4XUB7SI,116.292,39.5294,1127354,75,10,0,14-3-29 3:32:35,1
76P4XUB7SI,116.312,39.5478,1127381,79,15,0,14-3-29 3:34:36,1
76P4XUB7SI,116.32,39.5708,1127407,79,175,0,14-3-29 3:36:37,1
76P4XUB7SI,116.322,39.5953,1127433,79,0,0,14-3-29 3:38:38,1
76P4XUB7SI,116.319,39.6187,1127458,64,175,0,14-3-29 3:40:40,1
76P4XUB7SI,116.317,39.6411,1127482,69,175,0,14-3-29 3:42:41,1
76P4XUB7SI,116.318,39.6626,1127505,58,0,0,14-3-29 3:44:42,1
76P4XUB7SI,116.322,39.6844,1127530,73,10,0,14-3-29 3:46:43,1
76P4XUB7SI,116.329,39.7064,1127555,75,15,0,14-3-29 3:48:44,1
76P4XUB7SI,116.34,39.727,1127580,79,175,0,14-3-29 3:50:45,1
76P4XUB7SI,116.338,39.7507,1127606,73,175,0,14-3-29 3:52:46,1
76P4XUB7SI,116.336,39.7741,1127632,71,0,0,14-3-29 3:54:47,1
76P4XUB7SI,116.342,39.7959,1127656,31,175,0,14-3-29 3:56:48,1
76P4XUB7SI,116.34,39.8015,1127663,60,175,0,14-3-29 3:58:49,1
76P4XUB7SI,116.339,39.8221,1127685,62,0,0,14-3-29 4:0:50,1
76P4XUB7SI,116.354,39.8296,1127703,71,45,0,14-3-29 4:2:51,1
76P4XUB7SI,116.383,39.8304,1127727,73,40,0,14-3-29 4:4:52,1
76P4XUB7SI,116.414,39.8308,1127753,77,40,0,14-3-29 4:6:53,1
76P4XUB7SI,116.444,39.8309,1127779,80,40,0,14-3-29 4:8:54,1
76P4XUB7SI,116.472,39.8404,1127805,77,20,0,14-3-29 4:10:55,1
76P4XUB7SI,116.481,39.8595,1127828,73,0,0,14-3-29 4:12:56,1
76P4XUB7SI,116.484,39.8816,1127852,73,0,0,14-3-29 4:14:57,1
76P4XUB7SI,116.484,39.9048,1127878,77,175,0,14-3-29 4:16:58,1
76P4XUB7SI,116.484,39.9273,1127902,79,0,0,14-3-29 4:18:59,1
76P4XUB7SI,116.484,39.9507,1127928,75,175,0,14-3-29 4:21:0,1
76P4XUB7SI,116.467,39.968,1127951,60,155,0,14-3-29 4:23:1,1
76P4XUB7SI,116.481,39.9855,1127976,75,20,0,14-3-29 4:25:2,1
76P4XUB7SI,116.501,40.0039,1128003,75,20,0,14-3-29 4:27:3,1
76P4XUB7SI,116.524,40.0188,1128028,75,30,0,14-3-29 4:29:4,1
76P4XUB7SI,116.552,40.0286,1128054,79,30,0,14-3-29 4:31:5,1
76P4XUB7SI,116.576,40.044,1128081,75,15,0,14-3-29 4:33:6,1
76P4XUB7SI,116.58,40.0472,1128084,11,20,0,14-3-29 4:35:7,1
76P4XUB7SI,116.588,40.0535,1128094,0,50,0,14-3-29 4:37:8,1
76P4XUB7SI,116.596,40.0473,1128105,60,70,0,14-3-29 4:39:9,1
76P4XUB7SI,116.613,40.0459,1128120,55,40,0,14-3-29 4:41:10,1
76P4XUB7SI,116.621,40.0463,1128126,18,85,0,14-3-29 4:43:13,1
76P4XUB7SI,116.633,40.0476,1128141,57,170,0,14-3-29 4:45:14,1
76P4XUB7SI,116.633,40.0562,1128153,0,45,0,14-3-29 4:47:15,1
76P4XUB7SI,116.633,40.0562,1128153,0,45,0,14-3-29 4:49:16,1
76P4XUB7SI,116.633,40.0562,1128153,0,45,0,14-3-29 4:51:17,1
76P4XUB7SI,116.633,40.0562,1128153,0,45,0,14-3-29 4:53:18,1
76P4XUB7SI,116.633,40.0562,1128153,0,45,0,14-3-29 4:55:19,1
76P4XUB7SI,116.633,40.0562,1128153,0,45,0,14-3-29 4:57:20,1
76P4XUB7SI,116.633,40.0562,1128153,0,45,0,14-3-29 4:59:21,1
76P4XUB7SI,116.634,40.0563,1128154,22,35,0,14-3-29 5:3:25,1
76P4XUB7SI,116.65,40.0598,1128168,44,35,0,14-3-29 5:5:24,1
76P4XUB7SI,116.645,40.059,1128174,64,125,0,14-3-29 5:7:25,1
76P4XUB7SI,116.63,40.0545,1128189,44,80,0,14-3-29 5:9:26,1
76P4XUB7SI,116.623,40.0439,1128208,34,130,0,14-3-29 5:11:27,1
76P4XUB7SI,116.613,40.043,1128216,0,130,0,14-3-29 5:13:28,1
76P4XUB7SI,116.599,40.0451,1128228,7,140,0,14-3-29 5:15:29,1
76P4XUB7SI,116.589,40.0531,1128240,51,155,0,14-3-29 5:17:30,1
76P4XUB7SI,116.585,40.0546,1128244,44,150,0,14-3-29 5:19:31,1
76P4XUB7SI,116.583,40.0622,1128253,18,175,0,14-3-29 5:21:32,1
76P4XUB7SI,116.581,40.0667,1128260,12,80,0,14-3-29 5:23:33,1
76P4XUB7SI,116.581,40.0662,1128260,0,40,0,14-3-29 5:25:34,1
76P4XUB7SI,116.581,40.0662,1128260,0,40,0,14-3-29 5:27:35,1
76P4XUB7SI,116.581,40.0662,1128260,0,40,0,14-3-29 5:29:36,1
76P4XUB7SI,116.581,40.0662,1128260,0,40,0,14-3-29 5:31:37,1
76P4XUB7SI,116.581,40.0662,1128260,0,40,0,14-3-29 5:33:38,1
76P4XUB7SI,116.581,40.0662,1128260,0,40,0,14-3-29 5:35:39,1
76P4XUB7SI,116.581,40.0662,1128260,0,40,0,14-3-29 5:37:41,1
76P4XUB7SI,116.581,40.0662,1128260,0,40,0,14-3-29 5:39:41,1
76P4XUB7SI,116.581,40.0662,1128260,0,40,0,14-3-29 5:41:42,1
76P4XUB7SI,116.581,40.0662,1128260,0,40,0,14-3-29 5:43:43,1
76P4XUB7SI,116.581,40.0662,1128260,0,40,0,14-3-29 5:45:44,1
76P4XUB7SI,116.581,40.0662,1128260,0,40,0,14-3-29 5:47:45,1
76P4XUB7SI,116.581,40.0662,1128260,0,40,0,14-3-29 5:49:46,1
76P4XUB7SI,116.581,40.066,1128260,0,75,0,14-3-29 5:51:47,1
76P4XUB7SI,116.581,40.066,1128260,0,65,0,14-3-29 5:53:48,1
76P4XUB7SI,116.581,40.066,1128260,0,65,0,14-3-29 5:55:49,1
76P4XUB7SI,116.581,40.066,1128260,0,65,0,14-3-29 5:57:50,1
76P4XUB7SI,116.581,40.066,1128260,0,65,0,14-3-29 5:59:51,1
76P4XUB7SI,116.581,40.066,1128260,0,65,0,14-3-29 6:1:52,1
76P4XUB7SI,116.581,40.066,1128260,0,65,0,14-3-29 6:3:53,1
76P4XUB7SI,116.581,40.066,1128260,0,65,0,14-3-29 6:5:54,1
76P4XUB7SI,116.581,40.066,1128260,0,65,0,14-3-29 6:7:55,1
76P4XUB7SI,116.581,40.066,1128260,0,65,0,14-3-29 6:9:56,1
76P4XUB7SI,116.581,40.066,1128260,0,65,0,14-3-29 6:11:57,1
76P4XUB7SI,116.581,40.066,1128260,0,65,0,14-3-29 6:13:58,1
76P4XUB7SI,116.581,40.066,1128260,0,65,0,14-3-29 6:15:59,1
76P4XUB7SI,116.581,40.066,1128260,0,65,0,14-3-29 6:18:0,1
76P4XUB7SI,116.581,40.066,1128260,0,65,0,14-3-29 6:20:1,1
76P4XUB7SI,116.581,40.066,1128260,0,65,0,14-3-29 6:22:2,1
76P4XUB7SI,116.581,40.066,1128260,0,65,0,14-3-29 6:24:4,1
76P4XUB7SI,116.581,40.066,1128260,0,65,0,14-3-29 6:26:4,1
76P4XUB7SI,116.581,40.066,1128260,0,65,0,14-3-29 6:28:6,1
76P4XUB7SI,116.581,40.066,1128260,0,65,0,14-3-29 6:30:7,1
76P4XUB7SI,116.581,40.066,1128260,0,65,0,14-3-29 6:32:8,1
76P4XUB7SI,116.581,40.066,1128260,0,65,0,14-3-29 6:34:9,1
76P4XUB7SI,116.581,40.066,1128260,0,65,0,14-3-29 6:36:10,1
76P4XUB7SI,116.581,40.066,1128260,0,65,0,14-3-29 6:38:11,1
76P4XUB7SI,116.581,40.066,1128260,0,65,0,14-3-29 6:40:12,1
76P4XUB7SI,116.581,40.066,1128260,0,65,0,14-3-29 6:42:13,1
76P4XUB7SI,116.581,40.066,1128260,0,65,0,14-3-29 6:44:14,1
76P4XUB7SI,116.581,40.066,1128260,0,65,0,14-3-29 6:46:15,1
76P4XUB7SI,116.581,40.066,1128260,0,65,0,14-3-29 6:48:16,1
76P4XUB7SI,116.581,40.066,1128260,0,65,0,14-3-29 6:50:17,1
76P4XUB7SI,116.581,40.066,1128260,0,65,0,14-3-29 6:52:18,1
76P4XUB7SI,116.581,40.066,1128260,0,65,0,14-3-29 6:54:19,1
76P4XUB7SI,116.581,40.066,1128260,0,65,0,14-3-29 6:56:20,1
76P4XUB7SI,116.581,40.066,1128260,0,65,0,14-3-29 6:58:21,1
76P4XUB7SI,116.581,40.066,1128260,0,65,0,14-3-29 7:0:22,1
76P4XUB7SI,116.581,40.066,1128260,0,65,0,14-3-29 7:2:23,1
76P4XUB7SI,116.581,40.066,1128260,0,65,0,14-3-29 7:4:24,1
76P4XUB7SI,116.581,40.066,1128260,0,65,0,14-3-29 7:6:25,1
76P4XUB7SI,116.581,40.066,1128260,0,65,0,14-3-29 7:8:26,1
76P4XUB7SI,116.581,40.066,1128260,0,65,0,14-3-29 7:10:27,1
76P4XUB7SI,116.581,40.066,1128260,0,65,0,14-3-29 7:12:28,1
76P4XUB7SI,116.581,40.066,1128260,0,65,0,14-3-29 7:14:29,1
76P4XUB7SI,116.581,40.066,1128260,0,65,0,14-3-29 7:16:30,1
76P4XUB7SI,116.581,40.066,1128260,0,65,0,14-3-29 7:18:31,1
76P4XUB7SI,116.581,40.066,1128260,0,65,0,14-3-29 7:20:32,1
76P4XUB7SI,116.581,40.066,1128260,0,65,0,14-3-29 7:22:33,1
76P4XUB7SI,116.581,40.066,1128260,0,65,0,14-3-29 7:24:34,1
76P4XUB7SI,116.581,40.066,1128260,0,65,0,14-3-29 7:26:35,1
76P4XUB7SI,116.581,40.066,1128260,0,65,0,14-3-29 7:28:36,1
76P4XUB7SI,116.581,40.066,1128260,0,65,0,14-3-29 7:30:37,1
76P4XUB7SI,116.581,40.066,1128260,0,65,0,14-3-29 7:32:38,1
76P4XUB7SI,116.581,40.066,1128260,0,65,0,14-3-29 7:34:39,1
76P4XUB7SI,116.581,40.066,1128260,0,65,0,14-3-29 7:36:40,1
76P4XUB7SI,116.581,40.066,1128260,0,65,0,14-3-29 7:38:41,1
76P4XUB7SI,116.581,40.066,1128260,0,65,0,14-3-29 7:40:42,1
76P4XUB7SI,116.581,40.066,1128260,0,65,0,14-3-29 7:42:43,1
76P4XUB7SI,116.581,40.066,1128260,0,65,0,14-3-29 7:44:44,1
76P4XUB7SI,116.581,40.066,1128260,0,65,0,14-3-29 7:48:46,1
76P4XUB7SI,116.581,40.066,1128260,0,65,0,14-3-29 7:50:47,1
76P4XUB7SI,116.581,40.066,1128260,0,65,0,14-3-29 7:52:48,1
76P4XUB7SI,116.581,40.066,1128260,0,65,0,14-3-29 7:54:49,1
76P4XUB7SI,116.581,40.066,1128260,0,65,0,14-3-29 7:56:50,1
76P4XUB7SI,116.581,40.066,1128260,0,65,0,14-3-29 7:58:51,1
76P4XUB7SI,116.581,40.066,1128260,0,65,0,14-3-29 8:0:53,1
76P4XUB7SI,116.581,40.066,1128260,0,65,0,14-3-29 8:2:53,1
76P4XUB7SI,116.581,40.066,1128260,0,65,0,14-3-29 8:4:54,1
76P4XUB7SI,116.581,40.066,1128260,0,65,0,14-3-29 8:6:55,1
76P4XUB7SI,116.581,40.066,1128260,0,65,0,14-3-29 8:8:56,1
76P4XUB7SI,116.581,40.066,1128260,0,65,0,14-3-29 8:10:58,1
76P4XUB7SI,116.581,40.066,1128260,0,65,0,14-3-29 8:12:58,1
76P4XUB7SI,116.581,40.066,1128260,0,65,0,14-3-29 8:14:59,1
76P4XUB7SI,116.582,40.0652,1128261,9,65,0,14-3-29 8:17:0,1
76P4XUB7SI,116.581,40.0636,1128264,0,30,0,14-3-29 8:19:1,1
76P4XUB7SI,116.581,40.0636,1128264,0,30,0,14-3-29 8:21:2,1
76P4XUB7SI,116.581,40.0636,1128264,0,30,0,14-3-29 8:23:3,1
76P4XUB7SI,116.581,40.0636,1128264,0,30,0,14-3-29 8:25:4,1
76P4XUB7SI,116.581,40.0636,1128264,0,30,0,14-3-29 8:27:5,1
76P4XUB7SI,116.578,40.0627,1128269,53,135,0,14-3-29 8:29:6,1
76P4XUB7SI,116.568,40.0637,1128276,9,145,0,14-3-29 8:31:7,1
76P4XUB7SI,116.567,40.064,1128277,0,5,0,14-3-29 8:33:8,1
76P4XUB7SI,116.579,40.0625,1128287,42,45,0,14-3-29 8:35:9,1
76P4XUB7SI,116.581,40.0636,1128292,0,140,0,14-3-29 8:37:10,1
76P4XUB7SI,116.581,40.0636,1128292,0,140,0,14-3-29 8:39:11,1
76P4XUB7SI,116.581,40.0636,1128292,0,140,0,14-3-29 8:41:12,1
76P4XUB7SI,116.581,40.0636,1128292,0,140,0,14-3-29 8:43:14,1
76P4XUB7SI,116.581,40.0636,1128292,0,140,0,14-3-29 8:45:14,1
76P4XUB7SI,116.581,40.0636,1128292,0,140,0,14-3-29 8:47:15,1
76P4XUB7SI,116.578,40.0627,1128298,64,135,0,14-3-29 8:49:17,1
76P4XUB7SI,116.563,40.0647,1128309,20,175,0,14-3-29 8:51:17,1
76P4XUB7SI,116.562,40.0762,1128321,0,35,0,14-3-29 8:55:21,1
76P4XUB7SI,116.562,40.0763,1128321,0,50,0,14-3-29 8:57:20,1
76P4XUB7SI,116.562,40.0763,1128321,0,50,0,14-3-29 8:59:21,1
76P4XUB7SI,116.563,40.076,1128321,0,70,0,14-3-29 9:1:22,1
76P4XUB7SI,116.563,40.076,1128321,0,70,0,14-3-29 9:3:23,1
76P4XUB7SI,116.563,40.076,1128321,0,70,0,14-3-29 9:7:27,1
76P4XUB7SI,116.563,40.076,1128321,0,70,0,14-3-29 9:9:26,1
76P4XUB7SI,116.563,40.076,1128321,0,70,0,14-3-29 9:11:27,1
76P4XUB7SI,116.563,40.076,1128321,0,70,0,14-3-29 9:13:28,1
76P4XUB7SI,116.563,40.076,1128321,0,70,0,14-3-29 9:15:29,1
76P4XUB7SI,116.563,40.076,1128321,0,70,0,14-3-29 9:17:30,1
76P4XUB7SI,116.563,40.076,1128321,0,70,0,14-3-29 9:19:32,1
76P4XUB7SI,116.563,40.076,1128321,0,70,0,14-3-29 9:21:33,1
76P4XUB7SI,116.575,40.076,1128321,0,0,0,14-3-29 9:23:36,1
76P4XUB7SI,116.563,40.0761,1128321,0,0,0,14-3-29 9:23:49,1
76P4XUB7SI,116.563,40.0761,1128321,0,0,0,14-3-29 9:24:0,1
76P4XUB7SI,116.563,40.0761,1128321,0,0,0,14-3-29 9:26:0,1
76P4XUB7SI,116.563,40.0761,1128321,0,0,0,14-3-29 9:28:1,1
76P4XUB7SI,116.563,40.0761,1128321,0,0,0,14-3-29 9:30:2,1
76P4XUB7SI,116.563,40.0761,1128321,0,0,0,14-3-29 9:32:3,1
76P4XUB7SI,116.563,40.0761,1128321,0,0,0,14-3-29 9:34:4,1
76P4XUB7SI,116.563,40.0761,1128321,0,0,0,14-3-29 9:36:5,1
76P4XUB7SI,116.563,40.0761,1128321,0,0,0,14-3-29 9:38:6,1
76P4XUB7SI,116.563,40.0761,1128321,0,0,0,14-3-29 9:40:7,1
76P4XUB7SI,116.563,40.0761,1128321,0,0,0,14-3-29 9:42:8,1
76P4XUB7SI,116.563,40.0761,1128321,0,0,0,14-3-29 9:44:9,1
76P4XUB7SI,116.563,40.0761,1128321,0,0,0,14-3-29 9:46:11,1
76P4XUB7SI,116.563,40.0761,1128321,0,0,0,14-3-29 9:48:11,1
76P4XUB7SI,116.563,40.0761,1128321,0,0,0,14-3-29 9:50:12,1
76P4XUB7SI,116.563,40.0761,1128321,0,0,0,14-3-29 9:52:13,1
76P4XUB7SI,116.563,40.0761,1128321,0,0,0,14-3-29 9:54:14,1
76P4XUB7SI,116.563,40.0761,1128321,0,0,0,14-3-29 9:56:15,1
76P4XUB7SI,116.563,40.0761,1128321,0,0,0,14-3-29 9:58:16,1
76P4XUB7SI,116.563,40.0761,1128321,0,0,0,14-3-29 10:0:17,1
76P4XUB7SI,116.563,40.0761,1128321,0,0,0,14-3-29 10:2:18,1
76P4XUB7SI,116.563,40.0761,1128321,0,0,0,14-3-29 10:4:19,1
76P4XUB7SI,116.563,40.0761,1128321,0,0,0,14-3-29 10:6:20,1
76P4XUB7SI,116.563,40.0761,1128321,0,0,0,14-3-29 10:8:21,1
76P4XUB7SI,116.563,40.0761,1128321,0,0,0,14-3-29 10:10:22,1
76P4XUB7SI,116.562,40.0762,1128321,0,5,0,14-3-29 10:12:23,1
76P4XUB7SI,116.562,40.0738,1128325,44,90,0,14-3-29 10:14:24,1
76P4XUB7SI,116.565,40.0702,1128330,0,45,0,14-3-29 10:16:25,1
76P4XUB7SI,116.565,40.0702,1128330,0,45,0,14-3-29 10:18:26,1
76P4XUB7SI,116.565,40.0702,1128330,0,45,0,14-3-29 10:20:27,1
76P4XUB7SI,116.565,40.0702,1128330,0,45,0,14-3-29 10:22:28,1
76P4XUB7SI,116.565,40.0702,1128330,0,45,0,14-3-29 10:24:29,1
76P4XUB7SI,116.565,40.0702,1128330,0,45,0,14-3-29 10:26:30,1
76P4XUB7SI,116.565,40.0702,1128330,0,45,0,14-3-29 10:28:31,1
76P4XUB7SI,116.565,40.0702,1128330,0,45,0,14-3-29 10:30:32,1
76P4XUB7SI,116.565,40.0702,1128330,0,45,0,14-3-29 10:32:33,1
76P4XUB7SI,116.565,40.0702,1128330,0,45,0,14-3-29 10:34:34,1
76P4XUB7SI,116.565,40.0702,1128330,0,45,0,14-3-29 10:36:35,1
76P4XUB7SI,116.565,40.0702,1128330,0,45,0,14-3-29 10:38:36,1
76P4XUB7SI,116.565,40.0702,1128330,0,45,0,14-3-29 10:40:37,1
76P4XUB7SI,116.565,40.0702,1128330,0,45,0,14-3-29 10:42:38,1
76P4XUB7SI,116.565,40.0702,1128330,0,45,0,14-3-29 10:44:40,1
76P4XUB7SI,116.565,40.0702,1128330,0,45,0,14-3-29 10:46:41,1
76P4XUB7SI,116.565,40.0702,1128330,0,45,0,14-3-29 10:48:42,1
76P4XUB7SI,116.565,40.0702,1128330,0,90,0,14-3-29 10:50:43,1
76P4XUB7SI,116.565,40.0702,1128330,0,90,0,14-3-29 10:54:45,1
76P4XUB7SI,116.565,40.0702,1128330,0,90,0,14-3-29 10:56:46,1
76P4XUB7SI,116.565,40.0702,1128330,0,90,0,14-3-29 10:58:47,1
76P4XUB7SI,116.565,40.0702,1128330,0,90,0,14-3-29 11:0:48,1
76P4XUB7SI,116.565,40.0702,1128330,0,90,0,14-3-29 11:2:49,1
76P4XUB7SI,116.565,40.0702,1128330,0,90,0,14-3-29 11:4:51,1
76P4XUB7SI,116.565,40.0702,1128330,0,90,0,14-3-29 11:6:51,1
76P4XUB7SI,116.565,40.0702,1128330,0,90,0,14-3-29 11:8:52,1
76P4XUB7SI,116.565,40.0702,1128330,0,90,0,14-3-29 11:10:53,1
76P4XUB7SI,116.565,40.0702,1128330,0,90,0,14-3-29 11:12:54,1
76P4XUB7SI,116.565,40.0702,1128330,0,90,0,14-3-29 11:14:55,1
76P4XUB7SI,116.565,40.0702,1128330,0,90,0,14-3-29 11:16:56,1
76P4XUB7SI,116.565,40.0702,1128330,0,90,0,14-3-29 11:18:57,1
76P4XUB7SI,116.565,40.0702,1128330,0,90,0,14-3-29 11:20:58,1
76P4XUB7SI,116.565,40.0702,1128330,0,90,0,14-3-29 11:22:59,1
76P4XUB7SI,116.565,40.0702,1128330,0,90,0,14-3-29 11:25:0,1
76P4XUB7SI,116.565,40.0702,1128330,0,90,0,14-3-29 11:27:1,1
76P4XUB7SI,116.565,40.0702,1128330,0,90,0,14-3-29 11:29:2,1
76P4XUB7SI,116.565,40.0702,1128330,0,90,0,14-3-29 11:31:3,1
76P4XUB7SI,116.565,40.0702,1128330,0,90,0,14-3-29 11:33:4,1
76P4XUB7SI,116.565,40.0702,1128330,0,90,0,14-3-29 11:35:5,1
76P4XUB7SI,116.565,40.0702,1128330,0,90,0,14-3-29 11:37:6,1
76P4XUB7SI,116.565,40.0702,1128330,0,90,0,14-3-29 11:39:7,1
76P4XUB7SI,116.565,40.0702,1128330,0,90,0,14-3-29 11:41:8,1
76P4XUB7SI,116.565,40.0702,1128330,0,90,0,14-3-29 11:43:9,1
76P4XUB7SI,116.565,40.0702,1128330,0,90,0,14-3-29 11:45:12,1
76P4XUB7SI,116.565,40.0702,1128330,0,90,0,14-3-29 11:47:11,1
76P4XUB7SI,116.565,40.0702,1128330,0,90,0,14-3-29 11:49:12,1
76P4XUB7SI,116.565,40.0702,1128330,0,90,0,14-3-29 11:51:13,1
76P4XUB7SI,116.565,40.0702,1128330,0,90,0,14-3-29 11:53:14,1
76P4XUB7SI,116.565,40.0702,1128330,0,90,0,14-3-29 11:55:15,1
76P4XUB7SI,116.565,40.0702,1128330,0,90,0,14-3-29 11:57:16,1
76P4XUB7SI,116.565,40.0702,1128330,0,90,0,14-3-29 11:59:17,1
76P4XUB7SI,116.565,40.0702,1128330,0,90,0,14-3-29 12:1:18,1
76P4XUB7SI,116.565,40.0702,1128330,0,90,0,14-3-29 12:3:19,1
76P4XUB7SI,116.565,40.0702,1128330,0,90,0,14-3-29 12:5:20,1
76P4XUB7SI,116.565,40.0702,1128330,0,90,0,14-3-29 12:7:21,1
76P4XUB7SI,116.565,40.0702,1128330,0,90,0,14-3-29 12:9:22,1
76P4XUB7SI,116.565,40.0702,1128330,0,90,0,14-3-29 12:11:23,1
76P4XUB7SI,116.565,40.0702,1128330,0,90,0,14-3-29 12:13:24,1
76P4XUB7SI,116.565,40.0702,1128330,0,90,0,14-3-29 12:15:25,1
76P4XUB7SI,116.565,40.0702,1128330,0,90,0,14-3-29 12:17:26,1
76P4XUB7SI,116.565,40.0702,1128330,0,90,0,14-3-29 12:19:27,1
76P4XUB7SI,116.565,40.0702,1128330,0,90,0,14-3-29 12:21:28,1
76P4XUB7SI,116.565,40.0702,1128330,0,140,0,14-3-29 12:23:29,1
76P4XUB7SI,116.565,40.0702,1128330,0,140,0,14-3-29 12:25:30,1
76P4XUB7SI,116.565,40.0702,1128330,0,140,0,14-3-29 12:27:31,1
76P4XUB7SI,116.565,40.0702,1128330,0,140,0,14-3-29 12:29:32,1
76P4XUB7SI,116.565,40.0702,1128330,0,140,0,14-3-29 12:31:33,1
76P4XUB7SI,116.565,40.0703,1128330,0,145,0,14-3-29 12:33:34,1
76P4XUB7SI,116.565,40.0703,1128330,0,145,0,14-3-29 12:35:36,1
76P4XUB7SI,116.565,40.0703,1128330,0,145,0,14-3-29 12:37:36,1
76P4XUB7SI,116.565,40.0703,1128330,0,145,0,14-3-29 12:39:38,1
76P4XUB7SI,116.565,40.0703,1128330,0,145,0,14-3-29 12:41:39,1
76P4XUB7SI,116.565,40.0703,1128330,0,145,0,14-3-29 12:43:40,1
76P4XUB7SI,116.565,40.0703,1128330,0,135,0,14-3-29 12:45:41,1
76P4XUB7SI,116.565,40.0703,1128330,0,135,0,14-3-29 12:47:42,1
76P4XUB7SI,116.565,40.0703,1128330,0,135,0,14-3-29 12:49:43,1
76P4XUB7SI,116.565,40.0703,1128330,0,135,0,14-3-29 12:51:44,1
76P4XUB7SI,116.565,40.0703,1128330,0,135,0,14-3-29 12:53:45,1
76P4XUB7SI,116.565,40.0703,1128330,0,135,0,14-3-29 12:55:47,1
76P4XUB7SI,116.565,40.0703,1128330,0,135,0,14-3-29 12:57:47,1
76P4XUB7SI,116.565,40.0703,1128330,0,135,0,14-3-29 12:59:48,1
76P4XUB7SI,116.565,40.0703,1128330,0,135,0,14-3-29 13:1:49,1
76P4XUB7SI,116.565,40.0703,1128330,0,135,0,14-3-29 13:3:50,1
76P4XUB7SI,116.565,40.0703,1128330,0,135,0,14-3-29 13:5:51,1
76P4XUB7SI,116.565,40.0703,1128330,0,135,0,14-3-29 13:7:52,1
76P4XUB7SI,116.565,40.0703,1128330,0,135,0,14-3-29 13:9:53,1
76P4XUB7SI,116.565,40.0703,1128330,0,135,0,14-3-29 13:11:54,1
76P4XUB7SI,116.565,40.0703,1128330,0,135,0,14-3-29 13:13:55,1
76P4XUB7SI,116.565,40.0703,1128330,0,135,0,14-3-29 13:15:56,1
76P4XUB7SI,116.565,40.0703,1128330,0,135,0,14-3-29 13:17:57,1
76P4XUB7SI,116.565,40.0703,1128330,0,135,0,14-3-29 13:19:58,1
76P4XUB7SI,116.565,40.0703,1128330,0,135,0,14-3-29 13:21:59,1
76P4XUB7SI,116.565,40.0703,1128330,0,135,0,14-3-29 13:24:0,1
76P4XUB7SI,116.565,40.0703,1128330,0,135,0,14-3-29 13:26:1,1
76P4XUB7SI,116.565,40.0703,1128330,0,135,0,14-3-29 13:28:2,1
76P4XUB7SI,116.565,40.0703,1128330,0,135,0,14-3-29 13:30:3,1
76P4XUB7SI,116.565,40.0703,1128330,0,135,0,14-3-29 13:32:4,1
76P4XUB7SI,116.565,40.0703,1128330,0,135,0,14-3-29 13:34:5,1
76P4XUB7SI,116.565,40.0703,1128330,0,135,0,14-3-29 13:36:6,1
76P4XUB7SI,116.565,40.0703,1128330,0,135,0,14-3-29 13:38:7,1
76P4XUB7SI,116.565,40.0703,1128330,0,135,0,14-3-29 13:40:8,1
76P4XUB7SI,116.565,40.0703,1128330,0,135,0,14-3-29 13:42:9,1
76P4XUB7SI,116.565,40.0703,1128330,0,135,0,14-3-29 13:44:10,1
76P4XUB7SI,116.565,40.0703,1128330,0,135,0,14-3-29 13:46:11,1
76P4XUB7SI,116.565,40.0703,1128330,0,135,0,14-3-29 13:48:12,1
76P4XUB7SI,116.565,40.0703,1128330,0,135,0,14-3-29 13:50:13,1
76P4XUB7SI,116.565,40.0703,1128330,0,85,0,14-3-29 13:52:14,1
76P4XUB7SI,116.565,40.0703,1128331,7,135,0,14-3-29 13:54:15,1
76P4XUB7SI,116.565,40.0703,1128331,0,135,0,14-3-29 13:56:16,1
76P4XUB7SI,116.565,40.0703,1128331,0,135,0,14-3-29 13:58:17,1
76P4XUB7SI,116.565,40.0703,1128331,0,135,0,14-3-29 14:0:19,1
76P4XUB7SI,116.565,40.0703,1128331,0,135,0,14-3-29 14:2:19,1
76P4XUB7SI,116.565,40.0703,1128331,0,135,0,14-3-29 14:4:20,1
76P4XUB7SI,116.565,40.0703,1128331,0,135,0,14-3-29 14:6:21,1
76P4XUB7SI,116.565,40.0703,1128331,0,135,0,14-3-29 14:8:22,1
76P4XUB7SI,116.565,40.0703,1128331,0,135,0,14-3-29 14:10:23,1
76P4XUB7SI,116.565,40.0703,1128331,0,135,0,14-3-29 14:12:24,1
76P4XUB7SI,116.565,40.0703,1128331,0,135,0,14-3-29 14:14:25,1
76P4XUB7SI,116.565,40.0703,1128331,0,135,0,14-3-29 14:16:26,1
76P4XUB7SI,116.565,40.0703,1128331,0,135,0,14-3-29 14:18:27,1
76P4XUB7SI,116.565,40.0703,1128331,0,135,0,14-3-29 14:20:28,1
76P4XUB7SI,116.565,40.0703,1128331,0,135,0,14-3-29 14:22:29,1
76P4XUB7SI,116.565,40.0703,1128331,0,135,0,14-3-29 14:24:30,1
76P4XUB7SI,116.565,40.0703,1128331,0,135,0,14-3-29 14:26:33,1
76P4XUB7SI,116.565,40.0703,1128331,0,135,0,14-3-29 14:28:32,1
76P4XUB7SI,116.565,40.0703,1128331,0,135,0,14-3-29 14:30:33,1
76P4XUB7SI,116.565,40.0703,1128331,0,135,0,14-3-29 14:32:34,1
76P4XUB7SI,116.565,40.0703,1128331,0,135,0,14-3-29 14:34:35,1
76P4XUB7SI,116.565,40.0703,1128331,0,135,0,14-3-29 14:36:36,1
76P4XUB7SI,116.565,40.0703,1128331,0,135,0,14-3-29 14:38:37,1
76P4XUB7SI,116.565,40.0703,1128331,0,135,0,14-3-29 14:40:38,1
76P4XUB7SI,116.565,40.0703,1128331,0,135,0,14-3-29 14:42:39,1
76P4XUB7SI,116.565,40.0703,1128331,0,135,0,14-3-29 14:44:40,1
76P4XUB7SI,116.565,40.0703,1128331,0,135,0,14-3-29 14:46:41,1
76P4XUB7SI,116.565,40.0703,1128331,0,135,0,14-3-29 14:48:42,1
76P4XUB7SI,116.565,40.0703,1128331,0,135,0,14-3-29 14:50:43,1
76P4XUB7SI,116.565,40.0703,1128331,0,135,0,14-3-29 14:52:44,1
76P4XUB7SI,116.565,40.0703,1128331,0,135,0,14-3-29 14:54:45,1
76P4XUB7SI,116.565,40.0703,1128331,0,135,0,14-3-29 14:56:48,1
76P4XUB7SI,116.565,40.0703,1128331,0,135,0,14-3-29 14:58:47,1
76P4XUB7SI,116.565,40.0703,1128331,0,135,0,14-3-29 15:0:48,1
76P4XUB7SI,116.565,40.0703,1128331,0,135,0,14-3-29 15:2:49,1
76P4XUB7SI,116.565,40.0703,1128331,0,135,0,14-3-29 15:4:50,1
76P4XUB7SI,116.565,40.0703,1128331,0,135,0,14-3-29 15:6:53,1
76P4XUB7SI,116.565,40.0703,1128331,0,135,0,14-3-29 15:8:52,1
76P4XUB7SI,116.565,40.0703,1128331,0,135,0,14-3-29 15:10:53,1
76P4XUB7SI,116.565,40.0703,1128331,0,135,0,14-3-29 15:12:54,1
76P4XUB7SI,116.565,40.0703,1128331,0,135,0,14-3-29 15:14:55,1
76P4XUB7SI,116.565,40.0703,1128331,0,140,0,14-3-29 15:16:56,1
76P4XUB7SI,116.565,40.0703,1128331,0,140,0,14-3-29 15:18:57,1
76P4XUB7SI,116.565,40.0703,1128331,0,140,0,14-3-29 15:20:58,1
76P4XUB7SI,116.565,40.0703,1128331,0,140,0,14-3-29 15:22:59,1
76P4XUB7SI,116.565,40.0703,1128331,0,140,0,14-3-29 15:25:0,1
76P4XUB7SI,116.565,40.0703,1128331,0,140,0,14-3-29 15:27:1,1
76P4XUB7SI,116.565,40.0703,1128331,0,140,0,14-3-29 15:29:2,1
76P4XUB7SI,116.565,40.0703,1128331,0,140,0,14-3-29 15:31:3,1
76P4XUB7SI,116.565,40.0703,1128331,0,140,0,14-3-29 15:33:4,1
76P4XUB7SI,116.565,40.0703,1128331,0,140,0,14-3-29 15:35:5,1
76P4XUB7SI,116.565,40.0703,1128331,0,140,0,14-3-29 15:37:6,1
76P4XUB7SI,116.565,40.0703,1128331,0,140,0,14-3-29 15:39:7,1
76P4XUB7SI,116.565,40.0703,1128331,0,140,0,14-3-29 15:41:8,1
76P4XUB7SI,116.565,40.0703,1128331,0,140,0,14-3-29 15:43:9,1
76P4XUB7SI,116.565,40.0703,1128331,0,140,0,14-3-29 15:45:10,1
76P4XUB7SI,116.565,40.0703,1128331,0,140,0,14-3-29 15:47:11,1
76P4XUB7SI,116.565,40.0703,1128331,0,140,0,14-3-29 15:49:13,1
76P4XUB7SI,116.565,40.0702,1128331,0,100,0,14-3-29 15:51:14,1
76P4XUB7SI,116.565,40.0702,1128331,0,100,0,14-3-29 15:53:15,1
76P4XUB7SI,116.565,40.0702,1128331,0,100,0,14-3-29 15:55:15,1
76P4XUB7SI,116.565,40.0702,1128331,0,100,0,14-3-29 15:57:17,1
76P4XUB7SI,116.565,40.0702,1128331,0,100,0,14-3-29 15:59:18,1
76P4XUB7SI,116.565,40.0702,1128331,0,100,0,14-3-29 16:1:19,1
76P4XUB7SI,116.565,40.0702,1128331,0,100,0,14-3-29 16:3:20,1
76P4XUB7SI,116.565,40.0702,1128331,0,100,0,14-3-29 16:5:21,1
76P4XUB7SI,116.565,40.0702,1128331,0,100,0,14-3-29 16:7:22,1
76P4XUB7SI,116.565,40.0702,1128331,0,100,0,14-3-29 16:9:23,1
76P4XUB7SI,116.565,40.0702,1128331,0,100,0,14-3-29 16:11:24,1
76P4XUB7SI,116.565,40.0702,1128331,0,100,0,14-3-29 16:13:25,1
76P4XUB7SI,116.565,40.0702,1128331,0,100,0,14-3-29 16:15:26,1
76P4XUB7SI,116.565,40.0702,1128331,0,100,0,14-3-29 16:17:27,1
76P4XUB7SI,116.565,40.0702,1128331,0,100,0,14-3-29 16:19:28,1
76P4XUB7SI,116.565,40.0702,1128331,0,100,0,14-3-29 16:21:29,1
76P4XUB7SI,116.565,40.0702,1128331,0,100,0,14-3-29 16:23:33,1
76P4XUB7SI,116.565,40.0702,1128331,0,100,0,14-3-29 16:25:34,1
76P4XUB7SI,116.565,40.0702,1128331,0,100,0,14-3-29 16:27:35,1
76P4XUB7SI,116.565,40.0702,1128331,0,100,0,14-3-29 16:29:36,1
76P4XUB7SI,116.565,40.0702,1128331,0,100,0,14-3-29 16:31:37,1
76P4XUB7SI,116.565,40.0702,1128331,0,100,0,14-3-29 16:33:38,1
76P4XUB7SI,116.565,40.0704,1128331,0,100,0,14-3-29 16:35:39,1
76P4XUB7SI,116.565,40.0704,1128331,0,100,0,14-3-29 16:37:40,1
76P4XUB7SI,116.565,40.0704,1128331,0,100,0,14-3-29 16:39:41,1
76P4XUB7SI,116.565,40.0704,1128331,0,100,0,14-3-29 16:41:42,1
76P4XUB7SI,116.565,40.0704,1128331,0,100,0,14-3-29 16:43:43,1
76P4XUB7SI,116.565,40.0704,1128331,0,100,0,14-3-29 16:45:44,1
76P4XUB7SI,116.565,40.0704,1128331,0,100,0,14-3-29 16:47:45,1
76P4XUB7SI,116.565,40.0704,1128331,0,100,0,14-3-29 16:49:46,1
76P4XUB7SI,116.565,40.0704,1128331,0,100,0,14-3-29 16:51:47,1
76P4XUB7SI,116.565,40.0704,1128331,0,100,0,14-3-29 16:53:48,1
76P4XUB7SI,116.565,40.0704,1128331,0,130,0,14-3-29 16:55:49,1
76P4XUB7SI,116.565,40.0704,1128331,0,130,0,14-3-29 16:57:50,1
76P4XUB7SI,116.565,40.0704,1128331,0,130,0,14-3-29 16:59:51,1
76P4XUB7SI,116.565,40.0704,1128331,0,130,0,14-3-29 17:1:52,1
76P4XUB7SI,116.565,40.0704,1128331,0,130,0,14-3-29 17:3:53,1
76P4XUB7SI,116.565,40.0704,1128331,0,130,0,14-3-29 17:5:54,1
76P4XUB7SI,116.565,40.0704,1128331,0,130,0,14-3-29 17:7:55,1
76P4XUB7SI,116.565,40.0704,1128331,0,130,0,14-3-29 17:9:56,1
76P4XUB7SI,116.565,40.0704,1128331,0,130,0,14-3-29 17:11:57,1
76P4XUB7SI,116.565,40.0704,1128331,0,130,0,14-3-29 17:13:58,1
76P4XUB7SI,116.565,40.0704,1128331,0,130,0,14-3-29 17:15:59,1
76P4XUB7SI,116.565,40.0704,1128331,0,130,0,14-3-29 17:18:0,1
76P4XUB7SI,116.565,40.0704,1128331,0,130,0,14-3-29 17:20:1,1
76P4XUB7SI,116.565,40.0704,1128331,0,130,0,14-3-29 17:22:2,1
76P4XUB7SI,116.565,40.0704,1128331,0,130,0,14-3-29 17:24:3,1
76P4XUB7SI,116.565,40.0704,1128331,0,130,0,14-3-29 17:26:4,1
76P4XUB7SI,116.565,40.0704,1128331,0,130,0,14-3-29 17:28:5,1
76P4XUB7SI,116.565,40.0704,1128331,0,130,0,14-3-29 17:30:6,1
76P4XUB7SI,116.565,40.0704,1128331,0,130,0,14-3-29 17:32:7,1
76P4XUB7SI,116.565,40.0704,1128331,0,130,0,14-3-29 17:34:8,1
76P4XUB7SI,116.565,40.0704,1128331,0,130,0,14-3-29 17:36:9,1
76P4XUB7SI,116.565,40.0704,1128331,0,130,0,14-3-29 17:38:10,1
76P4XUB7SI,116.565,40.0704,1128331,0,130,0,14-3-29 17:40:11,1
76P4XUB7SI,116.565,40.0704,1128331,0,130,0,14-3-29 17:42:12,1
76P4XUB7SI,116.565,40.0704,1128331,0,130,0,14-3-29 17:44:13,1
76P4XUB7SI,116.565,40.0704,1128331,0,130,0,14-3-29 17:46:14,1
76P4XUB7SI,116.565,40.0704,1128331,0,130,0,14-3-29 17:48:15,1
76P4XUB7SI,116.565,40.0704,1128331,0,130,0,14-3-29 17:50:16,1
76P4XUB7SI,116.565,40.0704,1128331,0,130,0,14-3-29 17:52:17,1
76P4XUB7SI,116.565,40.0704,1128331,0,130,0,14-3-29 17:54:18,1
76P4XUB7SI,116.565,40.0704,1128331,0,130,0,14-3-29 17:56:19,1
76P4XUB7SI,116.564,40.0703,1128331,5,125,0,14-3-29 17:58:20,1
76P4XUB7SI,116.563,40.0701,1128332,7,140,0,14-3-29 18:0:21,1
76P4XUB7SI,116.562,40.0791,1128342,0,0,0,14-3-29 18:2:22,1
76P4XUB7SI,116.562,40.0863,1128350,34,0,0,14-3-29 18:4:23,1
76P4XUB7SI,116.562,40.0921,1128355,0,175,0,14-3-29 18:8:25,1
76P4XUB7SI,116.563,40.0977,1128360,11,10,0,14-3-29 18:10:28,1
76P4XUB7SI,116.568,40.101,1128368,38,175,0,14-3-29 18:12:27,1
76P4XUB7SI,116.564,40.1077,1128378,22,130,0,14-3-29 18:14:28,1
76P4XUB7SI,116.564,40.1157,1128387,46,0,0,14-3-29 18:16:29,1
76P4XUB7SI,116.582,40.1169,1128401,33,40,0,14-3-29 18:18:30,1
76P4XUB7SI,116.587,40.1223,1128411,11,175,0,14-3-29 18:20:31,1
76P4XUB7SI,116.587,40.1225,1128411,0,0,0,14-3-29 18:22:32,1
76P4XUB7SI,116.587,40.1225,1128411,0,0,0,14-3-29 18:24:33,1
76P4XUB7SI,116.587,40.1225,1128411,0,0,0,14-3-29 18:26:34,1
76P4XUB7SI,116.587,40.1226,1128411,0,120,0,14-3-29 18:28:35,1
76P4XUB7SI,116.587,40.1226,1128411,0,120,0,14-3-29 18:30:36,1
76P4XUB7SI,116.587,40.1226,1128411,0,120,0,14-3-29 18:32:37,1
76P4XUB7SI,116.587,40.1226,1128411,0,120,0,14-3-29 18:34:38,1
76P4XUB7SI,116.587,40.1226,1128411,0,120,0,14-3-29 18:36:39,1
76P4XUB7SI,116.587,40.1226,1128411,0,120,0,14-3-29 18:38:40,1
76P4XUB7SI,116.587,40.1226,1128411,0,120,0,14-3-29 18:40:41,1
76P4XUB7SI,116.587,40.1226,1128411,0,120,0,14-3-29 18:42:42,1
76P4XUB7SI,116.587,40.1226,1128411,0,120,0,14-3-29 18:44:43,1
76P4XUB7SI,116.587,40.1226,1128411,0,5,0,14-3-29 18:46:44,1
76P4XUB7SI,116.586,40.1226,1128411,0,90,0,14-3-29 18:48:45,1
76P4XUB7SI,116.586,40.1226,1128411,0,90,0,14-3-29 18:50:46,1
76P4XUB7SI,116.586,40.1226,1128411,0,90,0,14-3-29 18:52:47,1
76P4XUB7SI,116.586,40.1226,1128411,0,90,0,14-3-29 18:54:48,1
76P4XUB7SI,116.586,40.1226,1128411,0,90,0,14-3-29 18:56:49,1
76P4XUB7SI,116.586,40.1226,1128411,0,90,0,14-3-29 18:58:50,1
76P4XUB7SI,116.586,40.1226,1128411,0,90,0,14-3-29 19:0:51,1
76P4XUB7SI,116.586,40.1226,1128411,0,90,0,14-3-29 19:2:52,1
76P4XUB7SI,116.586,40.1226,1128411,0,90,0,14-3-29 19:4:53,1
76P4XUB7SI,116.586,40.1226,1128411,0,90,0,14-3-29 19:6:54,1
76P4XUB7SI,116.586,40.1226,1128411,0,90,0,14-3-29 19:8:56,1
76P4XUB7SI,116.586,40.1226,1128411,0,90,0,14-3-29 19:10:56,1
76P4XUB7SI,116.586,40.1226,1128411,0,90,0,14-3-29 19:12:57,1
76P4XUB7SI,116.586,40.1226,1128411,0,90,0,14-3-29 19:14:58,1
76P4XUB7SI,116.586,40.1226,1128411,0,90,0,14-3-29 19:16:59,1
76P4XUB7SI,116.586,40.1226,1128411,0,90,0,14-3-29 19:19:0,1
76P4XUB7SI,116.586,40.1226,1128411,0,90,0,14-3-29 19:21:1,1
76P4XUB7SI,116.586,40.1226,1128411,0,90,0,14-3-29 19:23:2,1
76P4XUB7SI,116.586,40.1226,1128411,0,90,0,14-3-29 19:25:6,1
76P4XUB7SI,116.586,40.1226,1128411,0,90,0,14-3-29 19:27:7,1
76P4XUB7SI,116.586,40.1226,1128411,0,90,0,14-3-29 19:29:8,1
76P4XUB7SI,116.586,40.1226,1128411,0,90,0,14-3-29 19:31:9,1
76P4XUB7SI,116.586,40.1226,1128411,0,90,0,14-3-29 19:33:10,1
76P4XUB7SI,116.586,40.1226,1128411,0,90,0,14-3-29 19:35:12,1
76P4XUB7SI,116.586,40.1226,1128411,0,90,0,14-3-29 19:37:12,1
76P4XUB7SI,116.586,40.1226,1128411,0,90,0,14-3-29 19:39:14,1
76P4XUB7SI,116.586,40.1226,1128411,0,90,0,14-3-29 19:41:14,1
76P4XUB7SI,116.586,40.1226,1128411,0,90,0,14-3-29 19:43:15,1
76P4XUB7SI,116.586,40.1226,1128411,0,90,0,14-3-29 19:45:16,1
76P4XUB7SI,116.586,40.1226,1128411,0,90,0,14-3-29 19:47:17,1
76P4XUB7SI,116.586,40.1226,1128411,0,90,0,14-3-29 19:49:18,1
76P4XUB7SI,116.586,40.1226,1128411,0,90,0,14-3-29 19:51:19,1
76P4XUB7SI,116.586,40.1226,1128411,0,90,0,14-3-29 19:53:21,1
76P4XUB7SI,116.586,40.1226,1128411,0,90,0,14-3-29 19:55:22,1
76P4XUB7SI,116.586,40.1226,1128411,0,90,0,14-3-29 19:57:23,1
76P4XUB7SI,116.586,40.1226,1128411,0,90,0,14-3-29 19:59:24,1
76P4XUB7SI,116.586,40.1226,1128411,0,90,0,14-3-29 20:1:25,1
76P4XUB7SI,116.586,40.1226,1128411,0,90,0,14-3-29 20:3:26,1
76P4XUB7SI,116.586,40.1226,1128411,0,90,0,14-3-29 20:5:26,1
76P4XUB7SI,116.586,40.1226,1128411,0,90,0,14-3-29 20:7:28,1
76P4XUB7SI,116.586,40.1226,1128411,0,90,0,14-3-29 20:9:29,1
76P4XUB7SI,116.586,40.1226,1128411,0,90,0,14-3-29 20:11:30,1
76P4XUB7SI,116.586,40.1226,1128411,0,90,0,14-3-29 20:13:31,1
76P4XUB7SI,116.586,40.1226,1128411,0,90,0,14-3-29 20:15:32,1
76P4XUB7SI,116.586,40.1226,1128411,0,90,0,14-3-29 20:17:33,1
76P4XUB7SI,116.586,40.1226,1128411,0,90,0,14-3-29 20:19:34,1
76P4XUB7SI,116.586,40.1226,1128411,0,90,0,14-3-29 20:21:35,1
76P4XUB7SI,116.586,40.1226,1128411,0,90,0,14-3-29 20:23:36,1
76P4XUB7SI,116.586,40.1226,1128411,0,90,0,14-3-29 20:25:37,1
76P4XUB7SI,116.586,40.1226,1128411,0,90,0,14-3-29 20:27:38,1
76P4XUB7SI,116.586,40.1226,1128411,0,90,0,14-3-29 20:29:39,1
76P4XUB7SI,116.586,40.1226,1128411,0,90,0,14-3-29 20:31:40,1
76P4XUB7SI,116.586,40.1226,1128411,0,90,0,14-3-29 20:33:41,1
76P4XUB7SI,116.586,40.1226,1128411,0,90,0,14-3-29 20:35:42,1
76P4XUB7SI,116.586,40.1226,1128411,0,90,0,14-3-29 20:37:43,1
76P4XUB7SI,116.586,40.1226,1128411,0,90,0,14-3-29 20:39:44,1
76P4XUB7SI,116.586,40.1226,1128411,0,90,0,14-3-29 20:41:45,1
76P4XUB7SI,116.586,40.1226,1128411,0,90,0,14-3-29 20:43:46,1
76P4XUB7SI,116.586,40.1226,1128411,0,90,0,14-3-29 20:45:47,1
76P4XUB7SI,116.586,40.1226,1128411,0,90,0,14-3-29 20:47:48,1
76P4XUB7SI,116.586,40.1226,1128411,0,90,0,14-3-29 20:49:49,1
76P4XUB7SI,116.586,40.1226,1128411,0,90,0,14-3-29 20:51:50,1
76P4XUB7SI,116.586,40.1226,1128411,0,90,0,14-3-29 20:53:51,1
76P4XUB7SI,116.586,40.1226,1128411,0,90,0,14-3-29 20:55:52,1
76P4XUB7SI,116.586,40.1226,1128411,0,90,0,14-3-29 20:57:53,1
76P4XUB7SI,116.586,40.1226,1128411,0,90,0,14-3-29 20:59:54,1
76P4XUB7SI,116.586,40.1226,1128411,0,90,0,14-3-29 21:1:55,1
76P4XUB7SI,116.586,40.1226,1128411,0,90,0,14-3-29 21:3:56,1
76P4XUB7SI,116.586,40.1226,1128411,0,90,0,14-3-29 21:5:57,1
76P4XUB7SI,116.586,40.1226,1128411,0,90,0,14-3-29 21:7:58,1
76P4XUB7SI,116.586,40.1226,1128411,0,90,0,14-3-29 21:9:59,1
76P4XUB7SI,116.586,40.1226,1128411,0,90,0,14-3-29 21:12:0,1
76P4XUB7SI,116.586,40.1226,1128411,0,90,0,14-3-29 21:14:1,1
76P4XUB7SI,116.586,40.1226,1128411,0,90,0,14-3-29 21:16:2,1
76P4XUB7SI,116.586,40.1226,1128411,0,90,0,14-3-29 21:18:3,1
76P4XUB7SI,116.586,40.1226,1128411,0,140,0,14-3-29 21:20:4,1
76P4XUB7SI,116.586,40.1226,1128411,0,140,0,14-3-29 21:22:5,1
76P4XUB7SI,116.586,40.1226,1128411,0,140,0,14-3-29 21:24:6,1
76P4XUB7SI,116.586,40.1226,1128411,0,140,0,14-3-29 21:26:7,1
76P4XUB7SI,116.586,40.1226,1128411,0,140,0,14-3-29 21:28:8,1
76P4XUB7SI,116.586,40.1226,1128411,0,140,0,14-3-29 21:30:9,1
76P4XUB7SI,116.586,40.1226,1128411,0,140,0,14-3-29 21:32:10,1
76P4XUB7SI,116.586,40.1226,1128411,0,140,0,14-3-29 21:34:11,1
76P4XUB7SI,116.586,40.1226,1128411,0,140,0,14-3-29 21:36:12,1
76P4XUB7SI,116.586,40.1226,1128411,0,140,0,14-3-29 21:38:13,1
76P4XUB7SI,116.586,40.1226,1128411,0,140,0,14-3-29 21:40:14,1
76P4XUB7SI,116.586,40.1226,1128411,0,140,0,14-3-29 21:42:15,1
76P4XUB7SI,116.586,40.1226,1128411,0,140,0,14-3-29 21:44:16,1
76P4XUB7SI,116.586,40.1226,1128411,0,140,0,14-3-29 21:46:17,1
76P4XUB7SI,116.586,40.1226,1128411,0,140,0,14-3-29 21:48:18,1
76P4XUB7SI,116.586,40.1226,1128411,0,140,0,14-3-29 21:50:19,1
76P4XUB7SI,116.586,40.1226,1128411,0,140,0,14-3-29 21:52:20,1
76P4XUB7SI,116.586,40.1226,1128411,0,140,0,14-3-29 21:54:21,1
76P4XUB7SI,116.586,40.1226,1128411,0,140,0,14-3-29 21:56:22,1
76P4XUB7SI,116.587,40.1227,1128412,0,35,0,14-3-29 21:58:23,1
76P4XUB7SI,116.587,40.1227,1128412,0,35,0,14-3-29 22:0:24,1
76P4XUB7SI,116.587,40.1227,1128412,0,35,0,14-3-29 22:2:25,1
76P4XUB7SI,116.587,40.1227,1128412,0,35,0,14-3-29 22:4:26,1
76P4XUB7SI,116.587,40.1227,1128412,0,35,0,14-3-29 22:6:27,1
76P4XUB7SI,116.587,40.1227,1128412,0,35,0,14-3-29 22:8:28,1
76P4XUB7SI,116.587,40.1227,1128412,0,35,0,14-3-29 22:10:29,1
76P4XUB7SI,116.587,40.1227,1128412,0,35,0,14-3-29 22:12:30,1
76P4XUB7SI,116.587,40.1227,1128412,0,35,0,14-3-29 22:14:31,1
76P4XUB7SI,116.587,40.1227,1128412,0,35,0,14-3-29 22:16:32,1
76P4XUB7SI,116.587,40.1227,1128412,0,35,0,14-3-29 22:18:33,1
76P4XUB7SI,116.587,40.1227,1128412,0,35,0,14-3-29 22:20:34,1
76P4XUB7SI,116.587,40.1227,1128412,0,35,0,14-3-29 22:22:35,1
76P4XUB7SI,116.587,40.1227,1128412,0,35,0,14-3-29 22:24:36,1
76P4XUB7SI,116.587,40.1227,1128412,0,35,0,14-3-29 22:26:39,1
76P4XUB7SI,116.587,40.1227,1128412,0,35,0,14-3-29 22:28:38,1
76P4XUB7SI,116.587,40.1227,1128412,0,35,0,14-3-29 22:30:39,1
76P4XUB7SI,116.587,40.1227,1128412,0,35,0,14-3-29 22:32:41,1
76P4XUB7SI,116.587,40.1227,1128412,0,35,0,14-3-29 22:34:42,1
76P4XUB7SI,116.587,40.1227,1128412,0,35,0,14-3-29 22:36:43,1
76P4XUB7SI,116.587,40.1227,1128412,0,35,0,14-3-29 22:38:44,1
76P4XUB7SI,116.587,40.1227,1128412,0,35,0,14-3-29 22:40:45,1
76P4XUB7SI,116.587,40.1227,1128412,0,35,0,14-3-29 22:42:46,1
76P4XUB7SI,116.587,40.1227,1128412,0,35,0,14-3-29 22:44:47,1
76P4XUB7SI,116.587,40.1227,1128412,0,35,0,14-3-29 22:46:48,1
76P4XUB7SI,116.587,40.1227,1128412,0,35,0,14-3-29 22:48:49,1
76P4XUB7SI,116.587,40.1227,1128412,0,35,0,14-3-29 22:50:50,1
76P4XUB7SI,116.587,40.1227,1128412,0,35,0,14-3-29 22:52:51,1
76P4XUB7SI,116.587,40.1227,1128412,0,35,0,14-3-29 22:54:52,1
76P4XUB7SI,116.587,40.1227,1128412,0,35,0,14-3-29 22:56:53,1
76P4XUB7SI,116.587,40.1227,1128412,0,35,0,14-3-29 22:58:54,1
76P4XUB7SI,116.587,40.1227,1128412,0,35,0,14-3-29 23:0:55,1
76P4XUB7SI,116.587,40.1227,1128412,0,35,0,14-3-29 23:2:56,1
76P4XUB7SI,116.587,40.1227,1128412,0,35,0,14-3-29 23:4:57,1
76P4XUB7SI,116.587,40.1227,1128412,0,35,0,14-3-29 23:6:58,1
76P4XUB7SI,116.587,40.1227,1128412,0,35,0,14-3-29 23:8:59,1
76P4XUB7SI,116.587,40.1227,1128412,0,35,0,14-3-29 23:11:0,1
76P4XUB7SI,116.587,40.1227,1128412,0,35,0,14-3-29 23:13:1,1
76P4XUB7SI,116.587,40.1227,1128412,0,35,0,14-3-29 23:15:2,1
76P4XUB7SI,116.587,40.1227,1128412,0,35,0,14-3-29 23:17:3,1
76P4XUB7SI,116.587,40.1227,1128412,0,35,0,14-3-29 23:19:4,1
76P4XUB7SI,116.587,40.1227,1128412,0,35,0,14-3-29 23:21:5,1
76P4XUB7SI,116.587,40.1227,1128412,0,35,0,14-3-29 23:23:6,1
76P4XUB7SI,116.587,40.1227,1128412,0,35,0,14-3-29 23:25:7,1
76P4XUB7SI,116.587,40.1227,1128412,0,35,0,14-3-29 23:27:8,1
76P4XUB7SI,116.587,40.1227,1128412,0,35,0,14-3-29 23:29:9,1
76P4XUB7SI,116.587,40.1227,1128412,0,35,0,14-3-29 23:31:10,1
76P4XUB7SI,116.587,40.1227,1128412,0,35,0,14-3-29 23:33:11,1
76P4XUB7SI,116.587,40.1227,1128412,0,35,0,14-3-29 23:35:12,1
76P4XUB7SI,116.587,40.1227,1128412,0,35,0,14-3-29 23:37:13,1
76P4XUB7SI,116.587,40.1227,1128412,0,35,0,14-3-29 23:39:14,1
76P4XUB7SI,116.587,40.1227,1128412,0,35,0,14-3-29 23:41:15,1
76P4XUB7SI,116.587,40.1227,1128412,0,35,0,14-3-29 23:43:16,1
76P4XUB7SI,116.587,40.1227,1128412,0,35,0,14-3-29 23:45:17,1
76P4XUB7SI,116.587,40.1227,1128412,0,35,0,14-3-29 23:47:18,1
76P4XUB7SI,116.587,40.1227,1128412,0,35,0,14-3-29 23:49:19,1
76P4XUB7SI,116.587,40.1227,1128412,0,35,0,14-3-29 23:51:20,1
76P4XUB7SI,116.587,40.1227,1128412,0,35,0,14-3-29 23:53:21,1
76P4XUB7SI,116.587,40.1227,1128412,0,35,0,14-3-29 23:55:22,1
76P4XUB7SI,116.587,40.1227,1128412,0,35,0,14-3-29 23:57:24,1
76P4XUB7SI,116.587,40.1227,1128412,0,35,0,14-3-29 23:59:24,1
