7L7UX16PSI,116.52,39.9782,2033015,0,0,0,14-3-29 10:37:49,0
7L7UX16PSI,116.52,39.9782,2033015,0,0,0,14-3-29 10:37:54,0
7L7UX16PSI,116.586,39.9453,2033015,0,0,0,14-3-29 10:38:32,1
7L7UX16PSI,116.586,39.9453,2033015,0,0,0,14-3-29 10:40:33,1
7L7UX16PSI,116.586,39.9453,2033015,0,0,0,14-3-29 10:42:25,1
7L7UX16PSI,116.586,39.9453,2033015,0,0,0,14-3-29 10:42:33,1
7L7UX16PSI,116.586,39.9453,2033015,0,0,0,14-3-29 10:44:33,1
7L7UX16PSI,116.586,39.9453,2033015,0,0,0,14-3-29 10:46:33,1
7L7UX16PSI,116.586,39.9453,2033015,0,85,0,14-3-29 10:47:26,1
7L7UX16PSI,116.586,39.9453,2033015,0,0,0,14-3-29 10:48:33,1
7L7UX16PSI,116.586,39.9453,2033015,0,0,0,14-3-29 10:50:33,1
7L7UX16PSI,116.586,39.9453,2033015,0,0,0,14-3-29 10:52:28,1
7L7UX16PSI,116.586,39.9453,2033015,0,0,0,14-3-29 10:52:33,1
7L7UX16PSI,116.586,39.9453,2033015,0,0,0,14-3-29 10:54:33,1
7L7UX16PSI,116.586,39.9453,2033015,0,0,0,14-3-29 10:56:33,1
7L7UX16PSI,116.586,39.9453,2033015,0,0,0,14-3-29 10:57:29,1
7L7UX16PSI,116.586,39.9453,2033015,0,0,0,14-3-29 10:58:33,1
7L7UX16PSI,116.586,39.9453,2033015,0,0,0,14-3-29 11:0:33,1
7L7UX16PSI,116.586,39.9453,2033015,0,0,0,14-3-29 11:2:33,1
7L7UX16PSI,116.586,39.9453,2033015,0,0,0,14-3-29 11:4:33,1
7L7UX16PSI,116.586,39.9453,2033015,0,0,0,14-3-29 11:6:33,1
7L7UX16PSI,116.586,39.9453,2033015,0,0,0,14-3-29 11:7:31,1
7L7UX16PSI,116.586,39.9453,2033015,0,0,0,14-3-29 11:8:33,1
7L7UX16PSI,116.586,39.9453,2033015,0,0,0,14-3-29 11:10:33,1
7L7UX16PSI,116.586,39.9453,2033015,0,0,0,14-3-29 11:12:33,1
7L7UX16PSI,116.586,39.9453,2033015,0,0,0,14-3-29 11:14:33,1
7L7UX16PSI,116.586,39.9453,2033015,0,0,0,14-3-29 11:16:33,1
7L7UX16PSI,116.586,39.9453,2033015,0,0,0,14-3-29 11:17:34,1
7L7UX16PSI,116.586,39.9453,2033015,0,0,0,14-3-29 11:18:33,1
7L7UX16PSI,116.586,39.9453,2033015,0,0,0,14-3-29 11:20:33,1
7L7UX16PSI,116.586,39.9453,2033015,0,0,0,14-3-29 11:22:37,1
7L7UX16PSI,116.586,39.9453,2033015,0,0,0,14-3-29 11:24:33,1
7L7UX16PSI,116.586,39.9453,2033015,0,0,0,14-3-29 11:26:33,1
7L7UX16PSI,116.586,39.9453,2033015,0,0,0,14-3-29 11:27:37,1
7L7UX16PSI,116.586,39.9453,2033015,0,0,0,14-3-29 11:28:33,1
7L7UX16PSI,116.586,39.9453,2033015,0,0,0,14-3-29 11:30:33,1
7L7UX16PSI,116.586,39.9453,2033015,0,0,0,14-3-29 11:32:38,1
7L7UX16PSI,116.586,39.9453,2033015,0,0,0,14-3-29 11:34:33,1
7L7UX16PSI,116.586,39.9453,2033015,0,0,0,14-3-29 11:36:33,1
7L7UX16PSI,116.586,39.9453,2033015,0,0,0,14-3-29 11:37:39,1
7L7UX16PSI,116.586,39.9453,2033015,0,0,0,14-3-29 11:38:33,1
7L7UX16PSI,116.586,39.9453,2033015,0,0,0,14-3-29 11:40:33,1
7L7UX16PSI,116.586,39.9453,2033015,0,0,0,14-3-29 11:42:40,1
7L7UX16PSI,116.586,39.9453,2033015,0,0,0,14-3-29 11:44:33,1
7L7UX16PSI,116.586,39.9453,2033015,0,0,0,14-3-29 11:46:33,1
7L7UX16PSI,116.586,39.9453,2033015,0,0,0,14-3-29 11:47:41,1
7L7UX16PSI,116.586,39.9453,2033015,0,0,0,14-3-29 11:48:33,1
7L7UX16PSI,116.586,39.9453,2033015,0,0,0,14-3-29 11:50:33,1
7L7UX16PSI,116.586,39.9453,2033015,0,0,0,14-3-29 11:52:42,1
7L7UX16PSI,116.586,39.9453,2033015,0,0,0,14-3-29 11:54:33,1
7L7UX16PSI,116.586,39.9453,2033015,0,0,0,14-3-29 11:56:33,1
7L7UX16PSI,116.586,39.9453,2033015,0,0,0,14-3-29 11:57:43,1
7L7UX16PSI,116.586,39.9453,2033015,0,0,0,14-3-29 11:58:33,1
7L7UX16PSI,116.586,39.9453,2033015,0,0,0,14-3-29 12:0:33,1
7L7UX16PSI,116.586,39.9453,2033015,0,0,0,14-3-29 12:2:33,1
7L7UX16PSI,116.586,39.9453,2033015,0,0,0,14-3-29 12:2:44,1
7L7UX16PSI,116.586,39.9453,2033015,0,0,0,14-3-29 12:4:33,1
7L7UX16PSI,116.586,39.9453,2033015,0,0,0,14-3-29 12:6:33,1
7L7UX16PSI,116.586,39.9453,2033015,0,0,0,14-3-29 12:7:45,1
7L7UX16PSI,116.586,39.9453,2033015,0,0,0,14-3-29 12:8:33,1
7L7UX16PSI,116.586,39.9453,2033015,0,0,0,14-3-29 12:10:33,1
7L7UX16PSI,116.586,39.9453,2033015,0,0,0,14-3-29 12:12:33,1
7L7UX16PSI,116.586,39.9453,2033015,0,0,0,14-3-29 12:12:46,1
7L7UX16PSI,116.586,39.9453,2033015,0,0,0,14-3-29 12:14:33,1
7L7UX16PSI,116.586,39.9453,2033015,0,0,0,14-3-29 12:16:33,1
7L7UX16PSI,116.586,39.9453,2033015,0,0,0,14-3-29 12:17:47,1
7L7UX16PSI,116.586,39.9453,2033015,0,0,0,14-3-29 12:18:33,1
7L7UX16PSI,116.586,39.9453,2033015,0,0,0,14-3-29 12:20:33,1
7L7UX16PSI,116.586,39.9453,2033015,0,0,0,14-3-29 12:22:33,1
7L7UX16PSI,116.586,39.9453,2033015,0,0,0,14-3-29 12:22:48,1
7L7UX16PSI,116.586,39.9453,2033015,0,0,0,14-3-29 12:24:33,1
7L7UX16PSI,116.586,39.9453,2033015,0,0,0,14-3-29 12:26:33,1
7L7UX16PSI,116.586,39.9453,2033015,0,0,0,14-3-29 12:27:49,1
7L7UX16PSI,116.586,39.9453,2033015,0,0,0,14-3-29 12:28:33,1
7L7UX16PSI,116.586,39.9453,2033015,0,0,0,14-3-29 12:30:33,1
7L7UX16PSI,116.586,39.9453,2033015,0,0,0,14-3-29 12:32:33,1
7L7UX16PSI,116.586,39.9453,2033015,0,0,0,14-3-29 12:32:50,1
7L7UX16PSI,116.586,39.9453,2033015,0,0,0,14-3-29 12:34:33,1
7L7UX16PSI,116.586,39.9453,2033015,0,0,0,14-3-29 12:36:33,1
7L7UX16PSI,116.586,39.9453,2033015,0,0,0,14-3-29 12:37:51,1
7L7UX16PSI,116.586,39.9453,2033015,0,0,0,14-3-29 12:38:33,1
7L7UX16PSI,116.586,39.9453,2033015,0,0,0,14-3-29 12:40:33,1
7L7UX16PSI,116.586,39.9453,2033015,0,0,0,14-3-29 12:42:33,1
7L7UX16PSI,116.586,39.9453,2033015,0,0,0,14-3-29 12:42:52,1
7L7UX16PSI,116.586,39.9453,2033015,0,0,0,14-3-29 12:44:33,1
7L7UX16PSI,116.586,39.9453,2033015,0,0,0,14-3-29 12:46:33,1
7L7UX16PSI,116.586,39.9453,2033015,0,0,0,14-3-29 12:48:1,1
7L7UX16PSI,116.586,39.9453,2033015,0,0,0,14-3-29 12:48:33,1
7L7UX16PSI,116.586,39.9453,2033015,0,0,0,14-3-29 12:50:33,1
7L7UX16PSI,116.586,39.9453,2033015,0,0,0,14-3-29 12:52:33,1
7L7UX16PSI,116.586,39.9453,2033015,0,0,0,14-3-29 12:53:2,1
7L7UX16PSI,116.586,39.9453,2033015,0,0,0,14-3-29 12:54:33,1
7L7UX16PSI,116.586,39.9453,2033015,0,0,0,14-3-29 12:56:33,1
7L7UX16PSI,116.586,39.9453,2033015,0,0,0,14-3-29 12:58:3,1
7L7UX16PSI,116.586,39.9453,2033015,0,0,0,14-3-29 12:58:33,1
7L7UX16PSI,116.586,39.9453,2033015,0,0,0,14-3-29 13:0:33,1
7L7UX16PSI,116.586,39.9453,2033015,0,0,0,14-3-29 13:2:33,1
7L7UX16PSI,116.586,39.9453,2033015,0,0,0,14-3-29 13:3:4,1
7L7UX16PSI,116.586,39.9453,2033015,0,0,0,14-3-29 13:4:33,1
7L7UX16PSI,116.586,39.9453,2033015,0,0,0,14-3-29 13:6:33,1
7L7UX16PSI,116.586,39.9453,2033015,0,0,0,14-3-29 13:8:5,1
7L7UX16PSI,116.586,39.9453,2033015,0,0,0,14-3-29 13:8:33,1
7L7UX16PSI,116.586,39.9453,2033015,0,0,0,14-3-29 13:10:33,1
7L7UX16PSI,116.586,39.9453,2033015,0,0,0,14-3-29 13:12:33,1
7L7UX16PSI,116.586,39.9453,2033015,0,0,0,14-3-29 13:13:6,1
7L7UX16PSI,116.586,39.9453,2033015,0,0,0,14-3-29 13:14:33,1
7L7UX16PSI,116.586,39.9453,2033015,0,0,0,14-3-29 13:16:33,1
7L7UX16PSI,116.586,39.9453,2033015,0,0,0,14-3-29 13:18:6,1
7L7UX16PSI,116.586,39.9453,2033015,0,0,0,14-3-29 13:18:33,1
7L7UX16PSI,116.586,39.9453,2033015,0,0,0,14-3-29 13:20:33,1
7L7UX16PSI,116.586,39.9453,2033015,0,0,0,14-3-29 13:22:33,1
7L7UX16PSI,116.586,39.9453,2033015,0,0,0,14-3-29 13:23:9,1
7L7UX16PSI,116.586,39.9453,2033015,0,0,0,14-3-29 13:24:32,1
7L7UX16PSI,116.586,39.9453,2033015,0,0,0,14-3-29 13:26:32,1
7L7UX16PSI,116.586,39.9453,2033015,0,0,0,14-3-29 13:28:10,1
7L7UX16PSI,116.586,39.9453,2033015,0,0,0,14-3-29 13:28:32,1
7L7UX16PSI,116.586,39.9453,2033015,0,0,0,14-3-29 13:30:32,1
7L7UX16PSI,116.586,39.9453,2033015,0,0,0,14-3-29 13:32:32,1
7L7UX16PSI,116.586,39.9453,2033015,0,0,0,14-3-29 13:33:11,1
7L7UX16PSI,116.586,39.9453,2033015,0,0,0,14-3-29 13:34:32,1
7L7UX16PSI,116.586,39.9453,2033015,0,0,0,14-3-29 13:36:32,1
7L7UX16PSI,116.586,39.9453,2033015,0,0,0,14-3-29 13:38:12,1
7L7UX16PSI,116.586,39.9453,2033015,0,0,0,14-3-29 13:38:32,1
7L7UX16PSI,116.586,39.9453,2033015,0,0,0,14-3-29 13:40:32,1
7L7UX16PSI,116.586,39.9453,2033015,0,0,0,14-3-29 13:42:32,1
7L7UX16PSI,116.586,39.9453,2033015,0,0,0,14-3-29 13:43:16,1
7L7UX16PSI,116.586,39.9453,2033015,0,0,0,14-3-29 13:44:32,1
7L7UX16PSI,116.586,39.9453,2033015,0,0,0,14-3-29 13:46:32,1
7L7UX16PSI,116.586,39.9453,2033015,0,0,0,14-3-29 13:48:17,1
7L7UX16PSI,116.586,39.9453,2033015,0,0,0,14-3-29 13:48:32,1
7L7UX16PSI,116.586,39.9453,2033015,0,0,0,14-3-29 13:50:32,1
7L7UX16PSI,116.586,39.9453,2033015,0,0,0,14-3-29 13:52:32,1
7L7UX16PSI,116.586,39.9453,2033015,0,0,0,14-3-29 13:53:18,1
7L7UX16PSI,116.586,39.9453,2033015,0,0,0,14-3-29 13:54:32,1
7L7UX16PSI,116.586,39.9453,2033015,0,0,0,14-3-29 13:56:32,1
7L7UX16PSI,116.586,39.9453,2033015,0,0,0,14-3-29 13:58:19,1
7L7UX16PSI,116.586,39.9453,2033015,0,0,0,14-3-29 13:58:32,1
7L7UX16PSI,116.586,39.9453,2033015,0,0,0,14-3-29 14:0:32,1
7L7UX16PSI,116.586,39.9453,2033015,0,0,0,14-3-29 14:2:32,1
7L7UX16PSI,116.586,39.9453,2033015,0,0,0,14-3-29 14:3:20,1
7L7UX16PSI,116.586,39.9453,2033015,0,0,0,14-3-29 14:4:32,1
7L7UX16PSI,116.586,39.9453,2033015,0,0,0,14-3-29 14:6:32,1
7L7UX16PSI,116.586,39.9453,2033015,0,0,0,14-3-29 14:8:21,1
7L7UX16PSI,116.586,39.9453,2033015,0,0,0,14-3-29 14:8:32,1
7L7UX16PSI,116.586,39.9453,2033015,0,0,0,14-3-29 14:10:32,1
7L7UX16PSI,116.586,39.9453,2033015,0,0,0,14-3-29 14:12:32,1
7L7UX16PSI,116.586,39.9453,2033015,0,0,0,14-3-29 14:13:25,1
7L7UX16PSI,116.586,39.9453,2033015,0,0,0,14-3-29 14:14:32,1
7L7UX16PSI,116.586,39.9453,2033015,0,0,0,14-3-29 14:16:32,1
7L7UX16PSI,116.586,39.9453,2033015,0,0,0,14-3-29 14:18:26,1
7L7UX16PSI,116.586,39.9453,2033015,0,0,0,14-3-29 14:18:32,1
7L7UX16PSI,116.586,39.9453,2033015,0,0,0,14-3-29 14:20:32,1
7L7UX16PSI,116.586,39.9453,2033015,0,0,0,14-3-29 14:22:32,1
7L7UX16PSI,116.586,39.9453,2033015,0,0,0,14-3-29 14:23:27,1
7L7UX16PSI,116.586,39.9453,2033015,0,0,0,14-3-29 14:24:32,1
7L7UX16PSI,116.586,39.9453,2033015,0,0,0,14-3-29 14:26:32,1
7L7UX16PSI,116.586,39.9453,2033015,0,0,0,14-3-29 14:28:32,1
7L7UX16PSI,116.586,39.9453,2033015,0,0,0,14-3-29 14:30:32,1
7L7UX16PSI,116.586,39.9453,2033015,0,0,0,14-3-29 14:32:32,1
7L7UX16PSI,116.586,39.9453,2033015,0,0,0,14-3-29 14:33:29,1
7L7UX16PSI,116.586,39.9453,2033015,0,0,0,14-3-29 14:34:32,1
7L7UX16PSI,116.586,39.9453,2033015,0,0,0,14-3-29 14:36:32,1
7L7UX16PSI,116.586,39.9453,2033015,0,0,0,14-3-29 14:38:32,1
7L7UX16PSI,116.586,39.9453,2033015,0,0,0,14-3-29 14:40:33,1
7L7UX16PSI,116.586,39.9453,2033015,0,0,0,14-3-29 14:42:33,1
7L7UX16PSI,116.586,39.9453,2033015,0,0,0,14-3-29 14:43:31,1
7L7UX16PSI,116.586,39.9453,2033015,0,0,0,14-3-29 14:44:33,1
7L7UX16PSI,116.586,39.9453,2033015,0,0,0,14-3-29 14:46:33,1
7L7UX16PSI,116.586,39.9453,2033015,0,0,0,14-3-29 14:48:33,1
7L7UX16PSI,116.586,39.9453,2033015,0,0,0,14-3-29 14:50:33,1
7L7UX16PSI,116.586,39.9453,2033015,0,0,0,14-3-29 14:52:33,1
7L7UX16PSI,116.586,39.9453,2033015,0,0,0,14-3-29 14:53:33,1
7L7UX16PSI,116.586,39.9453,2033015,0,0,0,14-3-29 14:54:33,1
7L7UX16PSI,116.586,39.9453,2033015,0,0,0,14-3-29 14:56:33,1
7L7UX16PSI,116.586,39.9453,2033015,0,0,0,14-3-29 14:58:37,1
7L7UX16PSI,116.586,39.9453,2033015,0,0,0,14-3-29 15:0:33,1
7L7UX16PSI,116.586,39.9453,2033015,0,0,0,14-3-29 15:2:33,1
7L7UX16PSI,116.586,39.9453,2033015,0,0,0,14-3-29 15:3:38,1
7L7UX16PSI,116.586,39.9453,2033015,0,0,0,14-3-29 15:4:33,1
7L7UX16PSI,116.586,39.9453,2033015,0,0,0,14-3-29 15:6:33,1
7L7UX16PSI,116.586,39.9453,2033015,0,0,0,14-3-29 15:8:33,1
7L7UX16PSI,116.586,39.9453,2033015,0,0,0,14-3-29 15:8:39,1
7L7UX16PSI,116.586,39.9453,2033015,0,0,0,14-3-29 15:10:33,1
7L7UX16PSI,116.586,39.9453,2033015,0,0,0,14-3-29 15:12:33,1
7L7UX16PSI,116.586,39.9453,2033015,0,0,0,14-3-29 15:13:40,1
7L7UX16PSI,116.586,39.9453,2033015,0,0,0,14-3-29 15:14:33,1
7L7UX16PSI,116.586,39.9453,2033015,0,0,0,14-3-29 15:16:33,1
7L7UX16PSI,116.586,39.9453,2033015,0,0,0,14-3-29 15:18:41,1
7L7UX16PSI,116.586,39.9453,2033015,0,0,0,14-3-29 15:20:33,1
7L7UX16PSI,116.586,39.9453,2033015,0,0,0,14-3-29 15:22:33,1
7L7UX16PSI,116.586,39.9453,2033015,0,0,0,14-3-29 15:23:44,1
7L7UX16PSI,116.586,39.9453,2033015,0,0,0,14-3-29 15:24:33,1
7L7UX16PSI,116.586,39.9453,2033015,0,0,0,14-3-29 15:26:33,1
7L7UX16PSI,116.586,39.9453,2033015,0,0,0,14-3-29 15:28:33,1
7L7UX16PSI,116.586,39.9453,2033015,0,0,0,14-3-29 15:28:45,1
7L7UX16PSI,116.586,39.9453,2033015,0,0,0,14-3-29 15:30:33,1
7L7UX16PSI,116.586,39.9453,2033015,0,0,0,14-3-29 15:32:33,1
7L7UX16PSI,116.586,39.9453,2033015,0,0,0,14-3-29 15:33:46,1
7L7UX16PSI,116.586,39.9453,2033015,0,0,0,14-3-29 15:34:33,1
7L7UX16PSI,116.586,39.9453,2033015,0,0,0,14-3-29 15:36:33,1
7L7UX16PSI,116.586,39.9453,2033015,0,0,0,14-3-29 15:38:33,1
7L7UX16PSI,116.586,39.9453,2033015,0,0,0,14-3-29 15:38:47,1
7L7UX16PSI,116.586,39.9453,2033015,0,0,0,14-3-29 15:40:33,1
7L7UX16PSI,116.586,39.9453,2033015,0,0,0,14-3-29 15:42:33,1
7L7UX16PSI,116.586,39.9453,2033015,0,0,0,14-3-29 15:43:48,1
7L7UX16PSI,116.586,39.9453,2033015,0,0,0,14-3-29 15:44:33,1
7L7UX16PSI,116.586,39.9453,2033015,0,0,0,14-3-29 15:46:33,1
7L7UX16PSI,116.586,39.9453,2033015,0,0,0,14-3-29 15:48:33,1
7L7UX16PSI,116.586,39.9453,2033015,0,0,0,14-3-29 15:48:52,1
7L7UX16PSI,116.586,39.9453,2033015,0,0,0,14-3-29 15:50:33,1
7L7UX16PSI,116.586,39.9453,2033015,0,0,0,14-3-29 15:52:33,1
7L7UX16PSI,116.586,39.9453,2033015,0,0,0,14-3-29 15:53:53,1
7L7UX16PSI,116.586,39.9453,2033015,0,0,0,14-3-29 15:54:33,1
7L7UX16PSI,116.586,39.9453,2033015,0,0,0,14-3-29 15:56:33,1
7L7UX16PSI,116.586,39.9453,2033015,0,0,0,14-3-29 15:58:33,1
7L7UX16PSI,116.586,39.9453,2033015,0,0,0,14-3-29 15:58:54,1
7L7UX16PSI,116.586,39.9453,2033015,0,0,0,14-3-29 16:0:33,1
7L7UX16PSI,116.586,39.9453,2033015,0,0,0,14-3-29 16:2:33,1
7L7UX16PSI,116.586,39.9453,2033015,0,0,0,14-3-29 16:3:55,1
7L7UX16PSI,116.586,39.9453,2033015,0,0,0,14-3-29 16:4:33,1
7L7UX16PSI,116.586,39.9453,2033015,0,0,0,14-3-29 16:6:33,1
7L7UX16PSI,116.586,39.9453,2033015,0,0,0,14-3-29 16:8:33,1
7L7UX16PSI,116.586,39.9453,2033015,0,0,0,14-3-29 16:8:59,1
7L7UX16PSI,116.586,39.9453,2033015,0,0,0,14-3-29 16:10:33,1
7L7UX16PSI,116.586,39.9453,2033015,0,0,0,14-3-29 16:12:32,1
7L7UX16PSI,116.586,39.9453,2033015,0,0,0,14-3-29 16:13:59,1
7L7UX16PSI,116.586,39.9453,2033015,0,0,0,14-3-29 16:14:32,1
7L7UX16PSI,116.586,39.9453,2033015,0,0,0,14-3-29 16:16:32,1
7L7UX16PSI,116.586,39.9453,2033015,0,0,0,14-3-29 16:18:32,1
7L7UX16PSI,116.586,39.9453,2033015,0,0,0,14-3-29 16:19:0,1
7L7UX16PSI,116.586,39.9453,2033015,0,0,0,14-3-29 16:20:32,1
7L7UX16PSI,116.586,39.9453,2033015,0,0,0,14-3-29 16:22:32,1
7L7UX16PSI,116.586,39.9453,2033015,0,0,0,14-3-29 16:24:1,1
7L7UX16PSI,116.586,39.9453,2033015,0,0,0,14-3-29 16:24:32,1
7L7UX16PSI,116.586,39.9453,2033015,0,0,0,14-3-29 16:26:32,1
7L7UX16PSI,116.586,39.9453,2033015,0,0,0,14-3-29 16:28:32,1
7L7UX16PSI,116.586,39.9453,2033015,0,0,0,14-3-29 16:29:2,1
7L7UX16PSI,116.586,39.9453,2033015,0,0,0,14-3-29 16:30:32,1
7L7UX16PSI,116.586,39.9453,2033015,0,0,0,14-3-29 16:32:32,1
7L7UX16PSI,116.586,39.9453,2033015,0,0,0,14-3-29 16:34:3,1
7L7UX16PSI,116.586,39.9453,2033015,0,0,0,14-3-29 16:34:32,1
7L7UX16PSI,116.586,39.9453,2033015,0,0,0,14-3-29 16:36:32,1
7L7UX16PSI,116.586,39.9453,2033015,0,0,0,14-3-29 16:38:32,1
7L7UX16PSI,116.586,39.9453,2033015,0,0,0,14-3-29 16:39:4,1
7L7UX16PSI,116.586,39.9453,2033015,0,0,0,14-3-29 16:40:32,1
7L7UX16PSI,116.586,39.9453,2033015,0,0,0,14-3-29 16:42:32,1
7L7UX16PSI,116.586,39.9453,2033015,0,0,0,14-3-29 16:44:5,1
7L7UX16PSI,116.586,39.9453,2033015,0,0,0,14-3-29 16:44:32,1
7L7UX16PSI,116.586,39.9453,2033015,0,0,0,14-3-29 16:46:32,1
7L7UX16PSI,116.586,39.9453,2033015,0,0,0,14-3-29 16:48:32,1
7L7UX16PSI,116.586,39.9453,2033015,0,0,0,14-3-29 16:49:6,1
7L7UX16PSI,116.586,39.9453,2033015,0,0,0,14-3-29 16:50:32,1
7L7UX16PSI,116.586,39.9453,2033015,0,0,0,14-3-29 16:52:32,1
7L7UX16PSI,116.586,39.9453,2033015,0,0,0,14-3-29 16:54:7,1
7L7UX16PSI,116.586,39.9453,2033015,0,0,0,14-3-29 16:54:32,1
7L7UX16PSI,116.586,39.9453,2033015,0,0,0,14-3-29 16:56:32,1
7L7UX16PSI,116.586,39.9453,2033015,0,0,0,14-3-29 16:58:32,1
7L7UX16PSI,116.586,39.9453,2033015,0,0,0,14-3-29 16:59:10,1
7L7UX16PSI,116.586,39.9453,2033015,0,0,0,14-3-29 17:0:32,1
7L7UX16PSI,116.586,39.9453,2033015,0,0,0,14-3-29 17:2:32,1
7L7UX16PSI,116.586,39.9453,2033015,0,0,0,14-3-29 17:4:11,1
7L7UX16PSI,116.586,39.9453,2033015,0,0,0,14-3-29 17:4:32,1
7L7UX16PSI,116.586,39.9453,2033015,0,0,0,14-3-29 17:6:32,1
7L7UX16PSI,116.586,39.9453,2033015,0,0,0,14-3-29 17:8:32,1
7L7UX16PSI,116.586,39.9453,2033015,0,0,0,14-3-29 17:9:12,1
7L7UX16PSI,116.586,39.9453,2033015,0,0,0,14-3-29 17:10:32,1
7L7UX16PSI,116.586,39.9453,2033015,0,0,0,14-3-29 17:12:32,1
7L7UX16PSI,116.586,39.9453,2033015,0,0,0,14-3-29 17:14:13,1
7L7UX16PSI,116.586,39.9453,2033015,0,0,0,14-3-29 17:14:32,1
7L7UX16PSI,116.586,39.9453,2033015,0,0,0,14-3-29 17:16:32,1
7L7UX16PSI,116.586,39.9453,2033015,0,0,0,14-3-29 17:18:32,1
7L7UX16PSI,116.586,39.9453,2033015,0,0,0,14-3-29 17:19:14,1
7L7UX16PSI,116.586,39.9453,2033015,0,0,0,14-3-29 17:20:32,1
7L7UX16PSI,116.586,39.9453,2033015,0,0,0,14-3-29 17:22:32,1
7L7UX16PSI,116.586,39.9453,2033015,0,0,0,14-3-29 17:24:18,1
7L7UX16PSI,116.586,39.9453,2033015,0,0,0,14-3-29 17:24:32,1
7L7UX16PSI,116.586,39.9453,2033015,0,0,0,14-3-29 17:26:32,1
7L7UX16PSI,116.586,39.9453,2033015,0,0,0,14-3-29 17:28:32,1
7L7UX16PSI,116.586,39.9453,2033015,0,0,0,14-3-29 17:29:19,1
7L7UX16PSI,116.586,39.9453,2033015,0,0,0,14-3-29 17:30:32,1
7L7UX16PSI,116.586,39.9453,2033015,0,0,0,14-3-29 17:32:32,1
7L7UX16PSI,116.586,39.9453,2033015,0,0,0,14-3-29 17:34:20,1
7L7UX16PSI,116.586,39.9453,2033015,0,0,0,14-3-29 17:34:32,1
7L7UX16PSI,116.586,39.9453,2033015,0,0,0,14-3-29 17:36:32,1
7L7UX16PSI,116.586,39.9453,2033015,0,0,0,14-3-29 17:38:32,1
7L7UX16PSI,116.586,39.9453,2033015,0,0,0,14-3-29 17:39:21,1
7L7UX16PSI,116.586,39.9453,2033015,0,0,0,14-3-29 17:40:32,1
7L7UX16PSI,116.586,39.9453,2033015,0,0,0,14-3-29 17:42:32,1
7L7UX16PSI,116.586,39.9453,2033015,0,0,0,14-3-29 17:44:23,1
7L7UX16PSI,116.586,39.9453,2033015,0,0,0,14-3-29 17:44:32,1
7L7UX16PSI,116.586,39.9453,2033015,0,0,0,14-3-29 17:46:32,1
7L7UX16PSI,116.586,39.9453,2033015,0,0,0,14-3-29 17:48:32,1
7L7UX16PSI,116.586,39.9453,2033015,0,0,0,14-3-29 17:49:24,1
7L7UX16PSI,116.586,39.9453,2033015,0,0,0,14-3-29 17:50:32,1
7L7UX16PSI,116.586,39.9453,2033015,0,0,0,14-3-29 17:52:32,1
7L7UX16PSI,116.586,39.9453,2033015,0,0,0,14-3-29 17:54:32,1
7L7UX16PSI,116.586,39.9453,2033015,0,0,0,14-3-29 17:56:32,1
7L7UX16PSI,116.586,39.9453,2033015,0,0,0,14-3-29 17:58:32,1
7L7UX16PSI,116.586,39.9453,2033015,0,0,0,14-3-29 17:59:26,1
7L7UX16PSI,116.586,39.9453,2033015,0,0,0,14-3-29 18:0:32,1
7L7UX16PSI,116.586,39.9453,2033015,0,0,0,14-3-29 18:2:32,1
7L7UX16PSI,116.586,39.9453,2033015,0,0,0,14-3-29 18:4:27,1
7L7UX16PSI,116.586,39.9453,2033015,0,0,0,14-3-29 18:4:32,1
7L7UX16PSI,116.586,39.9453,2033015,0,0,0,14-3-29 18:6:32,1
7L7UX16PSI,116.586,39.9453,2033015,0,0,0,14-3-29 18:8:32,1
7L7UX16PSI,116.586,39.9453,2033015,0,0,0,14-3-29 18:9:28,1
7L7UX16PSI,116.586,39.9453,2033015,0,0,0,14-3-29 18:10:32,1
7L7UX16PSI,116.586,39.9453,2033015,0,0,0,14-3-29 18:12:32,1
7L7UX16PSI,116.586,39.9453,2033015,0,0,0,14-3-29 18:14:32,1
7L7UX16PSI,116.586,39.9453,2033015,0,0,0,14-3-29 18:16:32,1
7L7UX16PSI,116.586,39.9453,2033015,0,0,0,14-3-29 18:18:32,1
7L7UX16PSI,116.586,39.9453,2033015,0,0,0,14-3-29 18:19:30,1
7L7UX16PSI,116.586,39.9453,2033015,0,0,0,14-3-29 18:20:32,1
7L7UX16PSI,116.586,39.9453,2033015,0,0,0,14-3-29 18:22:32,1
7L7UX16PSI,116.586,39.9453,2033015,0,0,0,14-3-29 18:24:32,1
7L7UX16PSI,116.586,39.9453,2033015,0,0,0,14-3-29 18:26:32,1
7L7UX16PSI,116.586,39.9453,2033015,0,0,0,14-3-29 18:28:32,1
7L7UX16PSI,116.586,39.9453,2033015,0,0,0,14-3-29 18:29:32,1
7L7UX16PSI,116.586,39.9453,2033015,0,0,0,14-3-29 18:30:32,1
7L7UX16PSI,116.586,39.9453,2033015,0,0,0,14-3-29 18:32:32,1
7L7UX16PSI,116.586,39.9453,2033015,0,0,0,14-3-29 18:34:33,1
7L7UX16PSI,116.586,39.9453,2033015,0,0,0,14-3-29 18:36:32,1
7L7UX16PSI,116.586,39.9453,2033015,0,0,0,14-3-29 18:38:32,1
7L7UX16PSI,116.586,39.9453,2033015,0,0,0,14-3-29 18:39:34,1
7L7UX16PSI,116.586,39.9453,2033015,0,0,0,14-3-29 18:40:32,1
7L7UX16PSI,116.586,39.9453,2033015,0,0,0,14-3-29 18:42:32,1
7L7UX16PSI,116.586,39.9453,2033015,0,0,0,14-3-29 18:44:38,1
7L7UX16PSI,116.586,39.9453,2033015,0,0,0,14-3-29 18:46:32,1
7L7UX16PSI,116.586,39.9453,2033015,0,0,0,14-3-29 18:48:32,1
7L7UX16PSI,116.586,39.9453,2033015,0,0,0,14-3-29 18:49:41,1
7L7UX16PSI,116.586,39.9453,2033015,0,0,0,14-3-29 18:50:32,1
7L7UX16PSI,116.586,39.9453,2033015,0,0,0,14-3-29 18:52:32,1
7L7UX16PSI,116.586,39.9453,2033015,0,0,0,14-3-29 18:54:32,1
7L7UX16PSI,116.586,39.9453,2033015,0,0,0,14-3-29 18:54:44,1
7L7UX16PSI,116.586,39.9453,2033015,0,0,0,14-3-29 18:56:31,1
7L7UX16PSI,116.586,39.9453,2033015,0,0,0,14-3-29 18:58:31,1
7L7UX16PSI,116.586,39.9453,2033015,0,0,0,14-3-29 18:59:50,1
7L7UX16PSI,116.586,39.9453,2033015,0,0,0,14-3-29 19:0:31,1
7L7UX16PSI,116.586,39.9453,2033015,0,0,0,14-3-29 19:2:31,1
7L7UX16PSI,116.586,39.9453,2033015,0,0,0,14-3-29 19:4:31,1
7L7UX16PSI,116.586,39.9453,2033015,0,0,0,14-3-29 19:4:59,1
7L7UX16PSI,116.586,39.9453,2033015,0,0,0,14-3-29 19:6:31,1
7L7UX16PSI,116.586,39.9453,2033015,0,0,0,14-3-29 19:8:31,1
7L7UX16PSI,116.586,39.9453,2033015,0,0,0,14-3-29 19:12:31,1
7L7UX16PSI,116.586,39.9453,2033015,0,0,0,14-3-29 19:13:31,1
7L7UX16PSI,116.586,39.9453,0,0,0,0,14-3-29 19:14:32,1
7L7UX16PSI,116.586,39.9453,0,0,0,0,14-3-29 19:15:7,1
7L7UX16PSI,116.586,39.9453,0,0,0,0,14-3-29 19:16:31,1
7L7UX16PSI,116.586,39.9453,0,0,0,0,14-3-29 19:18:31,1
7L7UX16PSI,116.586,39.9453,0,0,0,0,14-3-29 19:20:10,1
7L7UX16PSI,116.586,39.9453,0,0,0,0,14-3-29 19:20:31,1
7L7UX16PSI,116.586,39.9453,0,0,0,0,14-3-29 19:22:31,1
7L7UX16PSI,116.586,39.9453,0,0,0,0,14-3-29 19:24:31,1
7L7UX16PSI,116.586,39.9453,0,0,0,0,14-3-29 19:25:13,1
7L7UX16PSI,116.586,39.9453,0,0,0,0,14-3-29 19:26:31,1
7L7UX16PSI,116.586,39.9453,0,0,0,0,14-3-29 19:28:31,1
7L7UX16PSI,116.586,39.9453,0,0,0,0,14-3-29 19:30:18,1
7L7UX16PSI,116.586,39.9453,0,0,0,0,14-3-29 19:30:31,1
7L7UX16PSI,116.586,39.9453,0,0,0,0,14-3-29 19:32:31,1
7L7UX16PSI,116.586,39.9453,0,0,0,0,14-3-29 19:34:31,1
7L7UX16PSI,116.586,39.9453,0,0,0,0,14-3-29 19:35:21,1
7L7UX16PSI,116.586,39.9453,0,0,0,0,14-3-29 19:36:31,1
7L7UX16PSI,116.586,39.9453,0,0,0,0,14-3-29 19:38:31,1
7L7UX16PSI,116.586,39.9453,0,0,0,0,14-3-29 19:40:32,1
7L7UX16PSI,116.586,39.9453,0,0,0,0,14-3-29 19:42:31,1
7L7UX16PSI,116.586,39.9453,0,0,0,0,14-3-29 19:44:31,1
7L7UX16PSI,116.586,39.9453,0,0,0,0,14-3-29 19:45:33,1
7L7UX16PSI,116.586,39.9453,0,0,0,0,14-3-29 19:46:31,1
7L7UX16PSI,116.586,39.9453,0,0,0,0,14-3-29 19:48:31,1
7L7UX16PSI,116.586,39.9453,0,0,0,0,14-3-29 19:50:35,1
7L7UX16PSI,116.586,39.9453,0,0,0,0,14-3-29 19:52:31,1
7L7UX16PSI,116.586,39.9453,0,0,0,0,14-3-29 19:54:31,1
7L7UX16PSI,116.586,39.9453,0,0,0,0,14-3-29 19:55:35,1
7L7UX16PSI,116.586,39.9453,0,0,0,0,14-3-29 19:56:31,1
7L7UX16PSI,116.586,39.9453,0,0,0,0,14-3-29 19:58:31,1
7L7UX16PSI,116.586,39.9453,0,0,0,0,14-3-29 20:0:31,1
7L7UX16PSI,116.586,39.9453,0,0,0,0,14-3-29 20:0:36,1
7L7UX16PSI,116.586,39.9453,0,0,0,0,14-3-29 20:2:31,1
7L7UX16PSI,116.586,39.9453,0,0,0,0,14-3-29 20:4:31,1
7L7UX16PSI,116.586,39.9453,0,0,0,0,14-3-29 20:5:37,1
7L7UX16PSI,116.586,39.9453,0,0,0,0,14-3-29 20:6:31,1
7L7UX16PSI,116.586,39.9453,0,0,0,0,14-3-29 20:8:31,1
7L7UX16PSI,116.586,39.9453,0,0,0,0,14-3-29 20:10:38,1
7L7UX16PSI,116.586,39.9453,0,0,0,0,14-3-29 20:12:31,1
7L7UX16PSI,116.586,39.9453,0,0,0,0,14-3-29 20:14:31,1
7L7UX16PSI,116.586,39.9453,0,0,0,0,14-3-29 20:15:42,1
7L7UX16PSI,116.586,39.9453,0,0,0,0,14-3-29 20:16:31,1
7L7UX16PSI,116.586,39.9453,0,0,0,0,14-3-29 20:18:31,1
7L7UX16PSI,116.586,39.9453,0,0,0,0,14-3-29 20:20:31,1
7L7UX16PSI,116.586,39.9453,0,0,0,0,14-3-29 20:20:43,1
7L7UX16PSI,116.586,39.9453,0,0,0,0,14-3-29 20:22:31,1
7L7UX16PSI,116.586,39.9453,0,0,0,0,14-3-29 20:24:31,1
7L7UX16PSI,116.586,39.9453,0,0,0,0,14-3-29 20:25:44,1
7L7UX16PSI,116.586,39.9453,0,0,0,0,14-3-29 20:26:31,1
7L7UX16PSI,116.586,39.9453,0,0,0,0,14-3-29 20:28:31,1
7L7UX16PSI,116.586,39.9453,0,0,0,0,14-3-29 20:30:31,1
7L7UX16PSI,116.586,39.9453,0,0,0,0,14-3-29 20:30:45,1
7L7UX16PSI,116.586,39.9453,0,0,0,0,14-3-29 20:32:31,1
7L7UX16PSI,116.586,39.9453,0,0,0,0,14-3-29 20:34:34,1
7L7UX16PSI,116.586,39.9453,0,0,0,0,14-3-29 20:35:48,1
7L7UX16PSI,116.586,39.9453,0,0,0,0,14-3-29 20:36:34,1
7L7UX16PSI,116.586,39.9453,0,0,0,0,14-3-29 20:38:34,1
7L7UX16PSI,116.586,39.9453,0,0,0,0,14-3-29 20:40:34,1
7L7UX16PSI,116.586,39.9453,0,0,0,0,14-3-29 20:40:57,1
7L7UX16PSI,116.586,39.9453,0,0,0,0,14-3-29 20:42:34,1
7L7UX16PSI,116.586,39.9453,0,0,0,0,14-3-29 20:44:34,1
7L7UX16PSI,116.586,39.9453,0,0,0,0,14-3-29 20:45:58,1
7L7UX16PSI,116.586,39.9453,0,0,0,0,14-3-29 20:46:34,1
7L7UX16PSI,116.586,39.9453,0,0,0,0,14-3-29 20:48:34,1
7L7UX16PSI,116.586,39.9453,0,0,0,0,14-3-29 20:50:34,1
7L7UX16PSI,116.586,39.9453,0,0,0,0,14-3-29 20:50:59,1
7L7UX16PSI,116.586,39.9453,0,0,0,0,14-3-29 20:52:34,1
7L7UX16PSI,116.586,39.9453,0,0,0,0,14-3-29 20:54:34,1
7L7UX16PSI,116.586,39.9453,0,0,0,0,14-3-29 20:56:0,1
7L7UX16PSI,116.586,39.9453,0,0,0,0,14-3-29 20:56:34,1
7L7UX16PSI,116.586,39.9453,0,0,0,0,14-3-29 20:58:34,1
7L7UX16PSI,116.586,39.9453,0,0,0,0,14-3-29 21:0:34,1
7L7UX16PSI,116.586,39.9453,0,0,0,0,14-3-29 21:1:1,1
7L7UX16PSI,116.586,39.9453,0,0,0,0,14-3-29 21:2:34,1
7L7UX16PSI,116.586,39.9453,0,0,0,0,14-3-29 21:4:34,1
7L7UX16PSI,116.586,39.9453,0,0,0,0,14-3-29 21:6:2,1
7L7UX16PSI,116.586,39.9453,0,0,0,0,14-3-29 21:6:34,1
7L7UX16PSI,116.586,39.9453,0,0,0,0,14-3-29 21:8:34,1
7L7UX16PSI,116.586,39.9453,0,0,0,0,14-3-29 21:10:34,1
7L7UX16PSI,116.586,39.9453,0,0,0,0,14-3-29 21:11:3,1
7L7UX16PSI,116.586,39.9453,0,0,0,0,14-3-29 21:12:34,1
7L7UX16PSI,116.586,39.9453,0,0,0,0,14-3-29 21:14:34,1
7L7UX16PSI,116.586,39.9453,0,0,0,0,14-3-29 21:16:4,1
7L7UX16PSI,116.586,39.9453,0,0,0,0,14-3-29 21:16:34,1
7L7UX16PSI,116.586,39.9453,0,0,0,0,14-3-29 21:18:34,1
7L7UX16PSI,116.586,39.9453,0,0,0,0,14-3-29 21:20:34,1
7L7UX16PSI,116.586,39.9453,0,0,0,0,14-3-29 21:21:5,1
7L7UX16PSI,116.586,39.9453,0,0,0,0,14-3-29 21:22:34,1
7L7UX16PSI,116.586,39.9453,0,0,0,0,14-3-29 21:24:34,1
7L7UX16PSI,116.586,39.9453,0,0,0,0,14-3-29 21:26:6,1
7L7UX16PSI,116.586,39.9453,0,0,0,0,14-3-29 21:26:34,1
7L7UX16PSI,116.586,39.9453,0,0,0,0,14-3-29 21:28:34,1
7L7UX16PSI,116.586,39.9453,0,0,0,0,14-3-29 21:30:34,1
7L7UX16PSI,116.586,39.9453,0,0,0,0,14-3-29 21:31:7,1
7L7UX16PSI,116.586,39.9453,0,0,0,0,14-3-29 21:32:34,1
7L7UX16PSI,116.586,39.9453,0,0,0,0,14-3-29 21:34:34,1
7L7UX16PSI,116.586,39.9453,0,0,0,0,14-3-29 21:36:7,1
7L7UX16PSI,116.586,39.9453,0,0,0,0,14-3-29 21:36:34,1
7L7UX16PSI,116.586,39.9453,0,0,0,0,14-3-29 21:38:33,1
7L7UX16PSI,116.586,39.9453,0,0,0,0,14-3-29 21:40:33,1
7L7UX16PSI,116.586,39.9453,0,0,0,0,14-3-29 21:41:8,1
7L7UX16PSI,116.586,39.9453,0,0,0,0,14-3-29 21:42:33,1
7L7UX16PSI,116.586,39.9453,0,0,0,0,14-3-29 21:44:33,1
7L7UX16PSI,116.586,39.9453,0,0,0,0,14-3-29 21:46:9,1
7L7UX16PSI,116.586,39.9453,0,0,0,0,14-3-29 21:46:33,1
7L7UX16PSI,116.586,39.9453,0,0,0,0,14-3-29 21:48:33,1
7L7UX16PSI,116.586,39.9453,0,0,0,0,14-3-29 21:50:33,1
7L7UX16PSI,116.586,39.9453,0,0,0,0,14-3-29 21:51:11,1
7L7UX16PSI,116.586,39.9453,0,0,0,0,14-3-29 21:52:33,1
7L7UX16PSI,116.586,39.9453,0,0,0,0,14-3-29 21:54:33,1
7L7UX16PSI,116.586,39.9453,0,0,0,0,14-3-29 21:56:12,1
7L7UX16PSI,116.586,39.9453,0,0,0,0,14-3-29 21:56:33,1
7L7UX16PSI,116.586,39.9453,0,0,0,0,14-3-29 21:58:33,1
7L7UX16PSI,116.586,39.9453,0,0,0,0,14-3-29 22:0:33,1
7L7UX16PSI,116.586,39.9453,0,0,0,0,14-3-29 22:1:12,1
7L7UX16PSI,116.586,39.9453,0,0,0,0,14-3-29 22:2:33,1
7L7UX16PSI,116.586,39.9453,0,0,0,0,14-3-29 22:4:33,1
7L7UX16PSI,116.586,39.9453,0,0,0,0,14-3-29 22:6:13,1
7L7UX16PSI,116.586,39.9453,0,0,0,0,14-3-29 22:6:33,1
7L7UX16PSI,116.586,39.9453,0,0,0,0,14-3-29 22:8:33,1
7L7UX16PSI,116.586,39.9453,0,0,0,0,14-3-29 22:10:33,1
7L7UX16PSI,116.586,39.9453,0,0,0,0,14-3-29 22:11:14,1
7L7UX16PSI,116.586,39.9453,0,0,0,0,14-3-29 22:12:33,1
7L7UX16PSI,116.586,39.9453,0,0,0,0,14-3-29 22:14:33,1
7L7UX16PSI,116.586,39.9453,0,0,0,0,14-3-29 22:16:18,1
7L7UX16PSI,116.586,39.9453,0,0,0,0,14-3-29 22:16:33,1
7L7UX16PSI,116.586,39.9453,0,0,0,0,14-3-29 22:18:33,1
7L7UX16PSI,116.586,39.9453,0,0,0,0,14-3-29 22:20:33,1
7L7UX16PSI,116.586,39.9453,0,0,0,0,14-3-29 22:21:19,1
7L7UX16PSI,116.586,39.9453,0,0,0,0,14-3-29 22:22:33,1
7L7UX16PSI,116.586,39.9453,0,0,0,0,14-3-29 22:24:33,1
7L7UX16PSI,116.586,39.9453,0,0,0,0,14-3-29 22:26:20,1
7L7UX16PSI,116.586,39.9453,0,0,0,0,14-3-29 22:26:33,1
7L7UX16PSI,116.586,39.9453,0,0,0,0,14-3-29 22:28:33,1
7L7UX16PSI,116.586,39.9453,0,0,0,0,14-3-29 22:30:33,1
7L7UX16PSI,116.586,39.9453,0,0,0,0,14-3-29 22:31:21,1
7L7UX16PSI,116.586,39.9453,0,0,0,0,14-3-29 22:32:33,1
7L7UX16PSI,116.586,39.9453,0,0,0,0,14-3-29 22:34:33,1
7L7UX16PSI,116.586,39.9453,0,0,0,0,14-3-29 22:36:24,1
7L7UX16PSI,116.586,39.9453,0,0,0,0,14-3-29 22:36:33,1
7L7UX16PSI,116.586,39.9453,0,0,0,0,14-3-29 22:38:33,1
7L7UX16PSI,116.586,39.9453,0,0,0,0,14-3-29 22:40:33,1
7L7UX16PSI,116.586,39.9453,0,0,0,0,14-3-29 22:41:28,1
7L7UX16PSI,116.586,39.9453,0,0,0,0,14-3-29 22:42:33,1
7L7UX16PSI,116.586,39.9453,0,0,0,0,14-3-29 22:44:33,1
7L7UX16PSI,116.586,39.9453,0,0,0,0,14-3-29 22:46:33,1
7L7UX16PSI,116.586,39.9453,0,0,0,0,14-3-29 22:48:33,1
7L7UX16PSI,116.586,39.9453,0,0,0,0,14-3-29 22:50:33,1
7L7UX16PSI,116.586,39.9453,0,0,0,0,14-3-29 22:51:34,1
7L7UX16PSI,116.586,39.9453,0,0,0,0,14-3-29 22:52:33,1
7L7UX16PSI,116.586,39.9453,0,0,0,0,14-3-29 22:54:33,1
7L7UX16PSI,116.586,39.9453,0,0,0,0,14-3-29 22:56:40,1
7L7UX16PSI,116.586,39.9453,0,0,0,0,14-3-29 22:58:33,1
7L7UX16PSI,116.586,39.9453,0,0,0,0,14-3-29 23:0:33,1
7L7UX16PSI,116.586,39.9453,0,0,0,0,14-3-29 23:1:42,1
7L7UX16PSI,116.586,39.9453,0,0,0,0,14-3-29 23:2:33,1
7L7UX16PSI,116.586,39.9453,0,0,0,0,14-3-29 23:4:33,1
7L7UX16PSI,116.586,39.9453,0,0,0,0,14-3-29 23:6:33,1
7L7UX16PSI,116.586,39.9453,0,0,0,0,14-3-29 23:6:45,1
7L7UX16PSI,116.586,39.9453,0,0,0,0,14-3-29 23:8:33,1
7L7UX16PSI,116.586,39.9453,0,0,0,0,14-3-29 23:10:33,1
7L7UX16PSI,116.586,39.9453,0,0,0,0,14-3-29 23:11:50,1
7L7UX16PSI,116.586,39.9453,0,0,0,0,14-3-29 23:12:33,1
7L7UX16PSI,116.586,39.9453,0,0,0,0,14-3-29 23:14:33,1
7L7UX16PSI,116.586,39.9453,0,0,0,0,14-3-29 23:16:33,1
7L7UX16PSI,116.586,39.9453,0,0,0,0,14-3-29 23:16:53,1
7L7UX16PSI,116.586,39.9453,0,0,0,0,14-3-29 23:18:33,1
7L7UX16PSI,116.586,39.9453,0,0,0,0,14-3-29 23:20:33,1
7L7UX16PSI,116.586,39.9453,0,0,0,0,14-3-29 23:21:54,1
7L7UX16PSI,116.586,39.9453,0,0,0,0,14-3-29 23:22:33,1
7L7UX16PSI,116.586,39.9453,0,0,0,0,14-3-29 23:24:33,1
7L7UX16PSI,116.586,39.9453,0,0,0,0,14-3-29 23:26:33,1
7L7UX16PSI,116.586,39.9453,0,0,0,0,14-3-29 23:26:55,1
7L7UX16PSI,116.586,39.9453,0,0,0,0,14-3-29 23:28:33,1
7L7UX16PSI,116.586,39.9453,0,0,0,0,14-3-29 23:30:33,1
7L7UX16PSI,116.586,39.9453,0,0,0,0,14-3-29 23:31:56,1
7L7UX16PSI,116.586,39.9453,0,0,0,0,14-3-29 23:32:33,1
7L7UX16PSI,116.586,39.9453,0,0,0,0,14-3-29 23:34:33,1
7L7UX16PSI,116.586,39.9453,0,0,0,0,14-3-29 23:36:33,1
7L7UX16PSI,116.586,39.9453,0,0,0,0,14-3-29 23:36:57,1
7L7UX16PSI,116.586,39.9453,0,0,0,0,14-3-29 23:38:33,1
7L7UX16PSI,116.586,39.9453,0,0,0,0,14-3-29 23:40:33,1
7L7UX16PSI,116.586,39.9453,0,0,0,0,14-3-29 23:42:1,1
7L7UX16PSI,116.586,39.9453,0,0,0,0,14-3-29 23:42:33,1
7L7UX16PSI,116.586,39.9453,0,0,0,0,14-3-29 23:44:33,1
7L7UX16PSI,116.586,39.9453,0,0,0,0,14-3-29 23:46:33,1
7L7UX16PSI,116.586,39.9453,0,0,0,0,14-3-29 23:47:2,1
7L7UX16PSI,116.586,39.9453,0,0,0,0,14-3-29 23:48:33,1
7L7UX16PSI,116.586,39.9453,0,0,0,0,14-3-29 23:50:33,1
7L7UX16PSI,116.586,39.9453,0,0,0,0,14-3-29 23:52:3,1
7L7UX16PSI,116.586,39.9453,0,0,0,0,14-3-29 23:52:33,1
7L7UX16PSI,116.586,39.9453,0,0,0,0,14-3-29 23:54:33,1
7L7UX16PSI,116.586,39.9453,0,0,0,0,14-3-29 23:56:33,1
7L7UX16PSI,116.586,39.9453,0,0,0,0,14-3-29 23:57:4,1
7L7UX16PSI,116.586,39.9453,0,0,0,0,14-3-29 23:58:33,1
