8P54S1B4GU,113.542,23.184,812780,0,0,0,14-3-28 15:56:26,0
8P54S1B4GU,113.542,23.184,812780,0,0,0,14-3-28 15:56:33,0
8P54S1B4GU,113.542,23.184,812780,0,0,0,14-3-28 15:58:26,0
8P54S1B4GU,113.593,23.1704,812780,0,170,0,14-3-28 16:0:26,1
8P54S1B4GU,113.593,23.1704,812780,0,0,0,14-3-28 16:2:5,1
8P54S1B4GU,113.593,23.1704,812780,0,0,0,14-3-28 16:2:26,1
8P54S1B4GU,113.593,23.1704,812780,0,0,0,14-3-28 16:4:24,1
8P54S1B4GU,113.593,23.1704,812780,0,0,0,14-3-28 16:6:24,1
8P54S1B4GU,113.593,23.1704,812780,0,0,0,14-3-28 16:7:3,1
8P54S1B4GU,113.593,23.1704,812780,0,0,0,14-3-28 16:8:24,1
8P54S1B4GU,113.593,23.1704,812780,0,0,0,14-3-28 16:10:24,1
8P54S1B4GU,113.593,23.1704,812780,0,0,0,14-3-28 16:12:4,1
8P54S1B4GU,113.593,23.1704,812780,0,0,0,14-3-28 16:12:24,1
8P54S1B4GU,113.593,23.1704,812780,0,0,0,14-3-28 16:14:24,1
8P54S1B4GU,113.593,23.1704,812780,0,0,0,14-3-28 16:16:24,1
8P54S1B4GU,113.593,23.1704,812780,0,0,0,14-3-28 16:17:4,1
8P54S1B4GU,113.593,23.1704,812780,0,0,0,14-3-28 16:18:24,1
8P54S1B4GU,113.593,23.1704,812780,0,0,0,14-3-28 16:20:24,1
8P54S1B4GU,113.593,23.1704,812780,0,0,0,14-3-28 16:22:6,1
8P54S1B4GU,113.593,23.1704,812780,0,0,0,14-3-28 16:22:25,1
8P54S1B4GU,113.593,23.1704,812780,0,0,0,14-3-28 16:24:25,1
8P54S1B4GU,113.593,23.1704,812780,0,0,0,14-3-28 16:26:25,1
8P54S1B4GU,113.593,23.1704,812780,0,0,0,14-3-28 16:27:12,1
8P54S1B4GU,113.593,23.1704,812780,0,0,0,14-3-28 16:28:25,1
8P54S1B4GU,113.593,23.1704,812780,0,0,0,14-3-28 16:30:25,1
8P54S1B4GU,113.593,23.1704,812780,0,0,0,14-3-28 16:32:12,1
8P54S1B4GU,113.593,23.1704,812780,0,0,0,14-3-28 16:32:25,1
8P54S1B4GU,113.593,23.1704,812780,0,0,0,14-3-28 16:34:25,1
8P54S1B4GU,113.593,23.1704,812780,0,0,0,14-3-28 16:36:25,1
8P54S1B4GU,113.593,23.1704,812780,0,0,0,14-3-28 16:37:12,1
8P54S1B4GU,113.593,23.1704,812780,0,0,0,14-3-28 16:38:25,1
8P54S1B4GU,113.593,23.1704,812780,0,0,0,14-3-28 16:40:25,1
8P54S1B4GU,113.593,23.1704,812780,0,0,0,14-3-28 16:41:50,1
8P54S1B4GU,113.593,23.1704,812780,0,0,0,14-3-28 16:42:12,1
8P54S1B4GU,113.593,23.1703,812780,0,0,0,14-3-28 17:46:0,1
8P54S1B4GU,113.593,23.17,812780,0,10,0,14-3-29 7:53:5,1
8P54S1B4GU,113.593,23.17,812780,0,10,0,14-3-29 7:54:55,1
8P54S1B4GU,113.593,23.17,812780,0,10,0,14-3-29 7:56:55,1
8P54S1B4GU,113.593,23.17,812780,0,10,0,14-3-29 7:58:4,1
8P54S1B4GU,113.593,23.17,812780,0,10,0,14-3-29 7:58:55,1
8P54S1B4GU,113.593,23.17,812780,0,10,0,14-3-29 8:0:55,1
8P54S1B4GU,113.593,23.17,812780,0,10,0,14-3-29 8:2:55,1
8P54S1B4GU,113.593,23.17,812780,0,10,0,14-3-29 8:3:5,1
8P54S1B4GU,113.593,23.17,812780,0,10,0,14-3-29 8:4:55,1
8P54S1B4GU,113.593,23.17,812780,0,10,0,14-3-29 8:6:55,1
8P54S1B4GU,113.593,23.17,812780,0,10,0,14-3-29 8:8:5,1
8P54S1B4GU,113.593,23.17,812780,0,10,0,14-3-29 8:8:55,1
8P54S1B4GU,113.593,23.17,812780,0,10,0,14-3-29 8:10:55,1
8P54S1B4GU,113.593,23.17,812780,0,10,0,14-3-29 8:12:55,1
8P54S1B4GU,113.593,23.17,812780,0,10,0,14-3-29 8:13:5,1
8P54S1B4GU,113.593,23.17,812780,0,10,0,14-3-29 8:14:55,1
8P54S1B4GU,113.593,23.17,812780,0,10,0,14-3-29 8:15:16,1
8P54S1B4GU,113.593,23.1704,812780,0,5,0,14-3-29 10:50:47,1
8P54S1B4GU,113.593,23.1704,812780,0,10,0,14-3-29 10:52:39,1
8P54S1B4GU,113.593,23.1704,812780,0,0,0,14-3-29 10:54:39,1
8P54S1B4GU,113.593,23.1702,812780,0,0,0,14-3-29 10:56:2,1
8P54S1B4GU,113.593,23.1703,812780,0,0,0,14-3-29 10:56:39,1
8P54S1B4GU,113.593,23.1703,812780,0,0,0,14-3-29 10:58:39,1
8P54S1B4GU,113.593,23.1703,812780,0,0,0,14-3-29 11:0:39,1
8P54S1B4GU,113.593,23.1703,812780,0,0,0,14-3-29 11:1:2,1
8P54S1B4GU,113.593,23.1703,812780,0,0,0,14-3-29 11:2:39,1
8P54S1B4GU,113.593,23.1701,812780,0,0,0,14-3-29 11:4:39,1
8P54S1B4GU,113.593,23.1701,812780,0,0,0,14-3-29 11:6:4,1
8P54S1B4GU,113.593,23.1701,812780,0,0,0,14-3-29 11:6:40,1
8P54S1B4GU,113.592,23.1701,812780,0,125,0,14-3-29 11:8:40,1
8P54S1B4GU,113.593,23.1701,812780,0,0,0,14-3-29 11:10:40,1
8P54S1B4GU,113.593,23.1701,812780,0,0,0,14-3-29 11:11:4,1
8P54S1B4GU,113.593,23.1701,812780,0,0,0,14-3-29 11:12:40,1
8P54S1B4GU,113.592,23.17,812781,0,0,0,14-3-29 11:14:40,1
8P54S1B4GU,113.592,23.17,812781,0,0,0,14-3-29 11:16:4,1
8P54S1B4GU,113.592,23.17,812781,0,0,0,14-3-29 11:16:40,1
8P54S1B4GU,113.592,23.17,812781,0,0,0,14-3-29 11:18:40,1
8P54S1B4GU,113.592,23.17,812781,0,0,0,14-3-29 11:20:40,1
8P54S1B4GU,113.592,23.17,812781,0,0,0,14-3-29 11:21:5,1
8P54S1B4GU,113.592,23.17,812781,0,0,0,14-3-29 11:22:40,1
8P54S1B4GU,113.592,23.17,812781,0,0,0,14-3-29 11:24:40,1
8P54S1B4GU,113.593,23.1701,812781,2,45,0,14-3-29 11:26:5,1
8P54S1B4GU,113.593,23.17,812781,2,105,0,14-3-29 11:26:40,1
8P54S1B4GU,113.593,23.17,812781,0,0,0,14-3-29 11:28:40,1
8P54S1B4GU,113.593,23.17,812781,0,0,0,14-3-29 11:30:40,1
8P54S1B4GU,113.593,23.17,812781,0,0,0,14-3-29 11:31:5,1
8P54S1B4GU,113.593,23.17,812781,0,0,0,14-3-29 11:32:41,1
8P54S1B4GU,113.593,23.17,812781,0,0,0,14-3-29 11:34:41,1
8P54S1B4GU,113.593,23.17,812781,0,0,0,14-3-29 11:36:6,1
8P54S1B4GU,113.593,23.17,812781,0,0,0,14-3-29 11:36:41,1
8P54S1B4GU,113.593,23.17,812781,0,0,0,14-3-29 11:38:41,1
8P54S1B4GU,113.593,23.17,812781,0,0,0,14-3-29 11:40:41,1
8P54S1B4GU,113.593,23.17,812781,0,0,0,14-3-29 11:41:6,1
8P54S1B4GU,113.593,23.17,812781,0,0,0,14-3-29 11:42:41,1
8P54S1B4GU,113.593,23.17,812781,0,0,0,14-3-29 11:44:41,1
8P54S1B4GU,113.593,23.17,812781,0,0,0,14-3-29 11:46:6,1
8P54S1B4GU,113.593,23.17,812781,0,0,0,14-3-29 11:46:41,1
8P54S1B4GU,113.593,23.17,812781,0,0,0,14-3-29 11:48:41,1
8P54S1B4GU,113.593,23.17,812781,0,0,0,14-3-29 11:50:41,1
8P54S1B4GU,113.593,23.17,812781,0,0,0,14-3-29 11:51:6,1
8P54S1B4GU,113.593,23.17,812781,0,0,0,14-3-29 11:52:41,1
8P54S1B4GU,113.593,23.17,812781,0,0,0,14-3-29 11:54:41,1
8P54S1B4GU,113.593,23.17,812781,0,0,0,14-3-29 11:56:6,1
8P54S1B4GU,113.593,23.17,812781,0,0,0,14-3-29 11:56:42,1
8P54S1B4GU,113.593,23.17,812781,0,0,0,14-3-29 11:58:42,1
8P54S1B4GU,113.593,23.17,812781,0,0,0,14-3-29 12:0:42,1
8P54S1B4GU,113.593,23.17,812781,0,0,0,14-3-29 12:1:8,1
8P54S1B4GU,113.593,23.17,812781,0,0,0,14-3-29 12:2:42,1
8P54S1B4GU,113.593,23.17,812781,0,0,0,14-3-29 12:4:42,1
8P54S1B4GU,113.593,23.17,812781,0,0,0,14-3-29 12:6:8,1
8P54S1B4GU,113.593,23.17,812781,0,0,0,14-3-29 12:6:42,1
8P54S1B4GU,113.593,23.17,812781,0,0,0,14-3-29 12:8:42,1
8P54S1B4GU,113.593,23.17,812781,0,0,0,14-3-29 12:10:42,1
8P54S1B4GU,113.593,23.17,812781,0,0,0,14-3-29 12:11:9,1
8P54S1B4GU,113.593,23.17,812781,0,0,0,14-3-29 12:12:42,1
8P54S1B4GU,113.593,23.17,812781,0,0,0,14-3-29 12:14:42,1
8P54S1B4GU,113.593,23.17,812781,0,0,0,14-3-29 12:16:9,1
8P54S1B4GU,113.593,23.17,812781,0,0,0,14-3-29 12:16:42,1
8P54S1B4GU,113.593,23.17,812781,0,0,0,14-3-29 12:18:42,1
8P54S1B4GU,113.593,23.17,812781,0,0,0,14-3-29 12:20:42,1
8P54S1B4GU,113.593,23.17,812781,0,0,0,14-3-29 12:21:10,1
8P54S1B4GU,113.593,23.17,812781,0,0,0,14-3-29 12:22:42,1
8P54S1B4GU,113.593,23.17,812781,0,0,0,14-3-29 12:24:43,1
8P54S1B4GU,113.593,23.17,812781,0,0,0,14-3-29 12:26:12,1
8P54S1B4GU,113.593,23.17,812781,0,0,0,14-3-29 12:26:43,1
8P54S1B4GU,113.593,23.17,812781,0,0,0,14-3-29 12:28:43,1
8P54S1B4GU,113.593,23.17,812781,0,0,0,14-3-29 12:30:43,1
8P54S1B4GU,113.593,23.17,812781,0,0,0,14-3-29 12:31:13,1
8P54S1B4GU,113.593,23.17,812781,0,0,0,14-3-29 12:32:43,1
8P54S1B4GU,113.593,23.17,812781,0,0,0,14-3-29 12:34:43,1
8P54S1B4GU,113.593,23.1701,812781,0,0,0,14-3-29 12:36:13,1
8P54S1B4GU,113.593,23.1701,812781,0,0,0,14-3-29 12:36:43,1
8P54S1B4GU,113.593,23.17,812781,0,0,0,14-3-29 12:38:43,1
8P54S1B4GU,113.593,23.17,812781,0,0,0,14-3-29 12:40:43,1
8P54S1B4GU,113.593,23.17,812781,0,0,0,14-3-29 12:41:13,1
8P54S1B4GU,113.593,23.17,812781,0,0,0,14-3-29 12:42:43,1
8P54S1B4GU,113.593,23.17,812781,0,0,0,14-3-29 12:44:43,1
8P54S1B4GU,113.593,23.17,812781,0,0,0,14-3-29 12:46:14,1
8P54S1B4GU,113.593,23.17,812781,0,0,0,14-3-29 12:46:43,1
8P54S1B4GU,113.593,23.17,812781,0,0,0,14-3-29 12:48:43,1
8P54S1B4GU,113.593,23.17,812781,0,0,0,14-3-29 12:50:44,1
8P54S1B4GU,113.593,23.17,812781,0,0,0,14-3-29 12:51:15,1
8P54S1B4GU,113.593,23.17,812781,0,0,0,14-3-29 12:52:44,1
8P54S1B4GU,113.593,23.17,812781,0,0,0,14-3-29 12:54:44,1
8P54S1B4GU,113.593,23.17,812781,0,0,0,14-3-29 12:56:16,1
8P54S1B4GU,113.593,23.17,812781,0,0,0,14-3-29 12:56:44,1
8P54S1B4GU,113.593,23.17,812781,0,0,0,14-3-29 12:58:44,1
8P54S1B4GU,113.593,23.17,812781,0,0,0,14-3-29 13:0:44,1
8P54S1B4GU,113.593,23.17,812781,0,0,0,14-3-29 13:1:17,1
8P54S1B4GU,113.593,23.17,812781,0,0,0,14-3-29 13:2:44,1
8P54S1B4GU,113.593,23.17,812781,0,0,0,14-3-29 13:4:44,1
8P54S1B4GU,113.593,23.17,812781,0,0,0,14-3-29 13:6:18,1
8P54S1B4GU,113.593,23.17,812781,0,0,0,14-3-29 13:6:44,1
8P54S1B4GU,113.593,23.17,812781,0,0,0,14-3-29 13:8:44,1
8P54S1B4GU,113.593,23.17,812781,0,0,0,14-3-29 13:10:45,1
8P54S1B4GU,113.593,23.17,812781,0,0,0,14-3-29 13:11:20,1
8P54S1B4GU,113.593,23.17,812781,0,0,0,14-3-29 13:12:45,1
8P54S1B4GU,113.593,23.17,812781,0,0,0,14-3-29 13:14:45,1
8P54S1B4GU,113.593,23.17,812781,0,0,0,14-3-29 13:16:20,1
8P54S1B4GU,113.593,23.17,812781,0,0,0,14-3-29 13:16:45,1
8P54S1B4GU,113.593,23.17,812781,0,0,0,14-3-29 13:18:45,1
8P54S1B4GU,113.593,23.17,812781,0,0,0,14-3-29 13:20:45,1
8P54S1B4GU,113.593,23.17,812781,0,0,0,14-3-29 13:21:20,1
8P54S1B4GU,113.593,23.17,812781,0,0,0,14-3-29 13:22:45,1
8P54S1B4GU,113.593,23.17,812781,0,0,0,14-3-29 13:24:45,1
8P54S1B4GU,113.593,23.17,812781,0,0,0,14-3-29 13:26:26,1
8P54S1B4GU,113.593,23.17,812781,0,0,0,14-3-29 13:26:45,1
8P54S1B4GU,113.593,23.17,812781,0,0,0,14-3-29 13:28:45,1
8P54S1B4GU,113.593,23.17,812781,0,0,0,14-3-29 13:30:45,1
8P54S1B4GU,113.593,23.17,812781,0,0,0,14-3-29 13:31:26,1
8P54S1B4GU,113.593,23.17,812781,0,0,0,14-3-29 13:32:45,1
8P54S1B4GU,113.593,23.17,812781,0,0,0,14-3-29 13:34:45,1
8P54S1B4GU,113.593,23.17,812781,0,0,0,14-3-29 13:36:27,1
8P54S1B4GU,113.593,23.17,812781,0,0,0,14-3-29 13:36:46,1
8P54S1B4GU,113.593,23.17,812781,0,0,0,14-3-29 13:38:46,1
8P54S1B4GU,113.593,23.17,812781,0,0,0,14-3-29 13:40:46,1
8P54S1B4GU,113.593,23.17,812781,0,0,0,14-3-29 13:41:28,1
8P54S1B4GU,113.593,23.17,812781,0,0,0,14-3-29 13:42:46,1
8P54S1B4GU,113.593,23.17,812781,0,0,0,14-3-29 13:44:46,1
8P54S1B4GU,113.593,23.17,812781,0,0,0,14-3-29 13:46:29,1
8P54S1B4GU,113.593,23.17,812781,0,0,0,14-3-29 13:46:46,1
8P54S1B4GU,113.593,23.17,812781,0,0,0,14-3-29 13:48:46,1
8P54S1B4GU,113.593,23.17,812781,0,0,0,14-3-29 13:50:46,1
8P54S1B4GU,113.593,23.17,812781,0,0,0,14-3-29 13:51:29,1
8P54S1B4GU,113.593,23.17,812781,0,0,0,14-3-29 13:52:46,1
8P54S1B4GU,113.593,23.17,812781,0,0,0,14-3-29 13:54:46,1
8P54S1B4GU,113.593,23.17,812781,0,0,0,14-3-29 13:56:29,1
8P54S1B4GU,113.593,23.17,812781,0,0,0,14-3-29 13:56:46,1
8P54S1B4GU,113.593,23.17,812781,0,0,0,14-3-29 13:58:46,1
8P54S1B4GU,113.593,23.17,812781,0,0,0,14-3-29 14:0:46,1
8P54S1B4GU,113.593,23.17,812781,0,0,0,14-3-29 14:1:31,1
8P54S1B4GU,113.593,23.17,812781,0,0,0,14-3-29 14:2:47,1
8P54S1B4GU,113.593,23.17,812781,0,0,0,14-3-29 14:4:47,1
8P54S1B4GU,113.593,23.17,812781,0,0,0,14-3-29 14:6:31,1
8P54S1B4GU,113.593,23.17,812781,0,0,0,14-3-29 14:6:47,1
8P54S1B4GU,113.593,23.17,812781,0,0,0,14-3-29 14:8:47,1
8P54S1B4GU,113.593,23.17,812781,0,0,0,14-3-29 14:10:47,1
8P54S1B4GU,113.593,23.17,812781,0,0,0,14-3-29 14:11:31,1
8P54S1B4GU,113.593,23.17,812781,0,0,0,14-3-29 14:12:47,1
8P54S1B4GU,113.593,23.17,812781,0,0,0,14-3-29 14:14:47,1
8P54S1B4GU,113.593,23.17,812781,0,0,0,14-3-29 14:16:32,1
8P54S1B4GU,113.593,23.17,812781,0,0,0,14-3-29 14:16:47,1
8P54S1B4GU,113.593,23.17,812781,0,0,0,14-3-29 14:18:47,1
8P54S1B4GU,113.593,23.17,812781,0,0,0,14-3-29 14:20:47,1
8P54S1B4GU,113.593,23.17,812781,0,0,0,14-3-29 14:21:32,1
8P54S1B4GU,113.593,23.17,812781,0,0,0,14-3-29 14:22:47,1
8P54S1B4GU,113.593,23.17,812781,0,0,0,14-3-29 14:24:47,1
8P54S1B4GU,113.593,23.17,812781,0,0,0,14-3-29 14:26:40,1
8P54S1B4GU,113.593,23.17,812781,0,0,0,14-3-29 14:26:48,1
8P54S1B4GU,113.593,23.17,812781,0,0,0,14-3-29 14:28:48,1
8P54S1B4GU,113.593,23.17,812781,0,0,0,14-3-29 14:30:48,1
8P54S1B4GU,113.593,23.17,812781,0,0,0,14-3-29 14:31:41,1
8P54S1B4GU,113.593,23.17,812781,0,0,0,14-3-29 14:32:48,1
8P54S1B4GU,113.593,23.17,812781,0,0,0,14-3-29 14:34:48,1
8P54S1B4GU,113.593,23.17,812781,0,0,0,14-3-29 14:36:41,1
8P54S1B4GU,113.593,23.17,812781,0,0,0,14-3-29 14:36:48,1
8P54S1B4GU,113.593,23.17,812781,0,0,0,14-3-29 14:38:48,1
8P54S1B4GU,113.593,23.17,812781,0,0,0,14-3-29 14:40:48,1
8P54S1B4GU,113.593,23.17,812781,0,0,0,14-3-29 14:41:42,1
8P54S1B4GU,113.593,23.17,812781,0,0,0,14-3-29 14:42:48,1
8P54S1B4GU,113.593,23.17,812781,0,0,0,14-3-29 14:44:48,1
8P54S1B4GU,113.593,23.17,812781,0,0,0,14-3-29 14:46:42,1
8P54S1B4GU,113.593,23.17,812781,0,0,0,14-3-29 14:46:48,1
8P54S1B4GU,113.593,23.17,812781,0,0,0,14-3-29 14:48:48,1
8P54S1B4GU,113.593,23.17,812781,0,0,0,14-3-29 14:50:48,1
8P54S1B4GU,113.593,23.17,812781,0,0,0,14-3-29 14:51:20,1
8P54S1B4GU,113.593,23.17,812781,0,0,0,14-3-29 14:51:43,1
8P54S1B4GU,113.593,23.17,812781,0,0,0,14-3-29 14:52:49,1
8P54S1B4GU,113.593,23.17,812781,0,0,0,14-3-29 14:54:49,1
8P54S1B4GU,113.593,23.17,812781,0,0,0,14-3-29 14:56:49,1
8P54S1B4GU,113.593,23.17,812781,0,0,0,14-3-29 14:58:49,1
8P54S1B4GU,113.593,23.17,812781,0,0,0,14-3-29 15:0:49,1
8P54S1B4GU,113.593,23.17,812781,0,0,0,14-3-29 15:1:43,1
8P54S1B4GU,113.593,23.17,812781,0,0,0,14-3-29 15:2:49,1
8P54S1B4GU,113.593,23.17,812781,0,0,0,14-3-29 15:4:49,1
8P54S1B4GU,113.593,23.17,812781,0,0,0,14-3-29 15:6:43,1
8P54S1B4GU,113.593,23.17,812781,0,0,0,14-3-29 15:6:49,1
8P54S1B4GU,113.593,23.17,812781,0,0,0,14-3-29 15:8:49,1
8P54S1B4GU,113.593,23.17,812781,0,0,0,14-3-29 15:10:49,1
8P54S1B4GU,113.593,23.17,812781,0,0,0,14-3-29 15:11:43,1
8P54S1B4GU,113.593,23.17,812781,0,0,0,14-3-29 15:12:49,1
8P54S1B4GU,113.593,23.17,812781,0,0,0,14-3-29 15:14:49,1
8P54S1B4GU,113.593,23.17,812781,0,0,0,14-3-29 15:16:50,1
8P54S1B4GU,113.593,23.17,812781,0,0,0,14-3-29 15:18:50,1
8P54S1B4GU,113.593,23.17,812781,0,0,0,14-3-29 15:20:50,1
8P54S1B4GU,113.593,23.17,812781,0,0,0,14-3-29 15:21:45,1
8P54S1B4GU,113.593,23.17,812781,0,0,0,14-3-29 15:22:50,1
8P54S1B4GU,113.593,23.17,812781,0,0,0,14-3-29 15:24:50,1
8P54S1B4GU,113.593,23.17,812781,0,0,0,14-3-29 15:26:50,1
8P54S1B4GU,113.593,23.17,812781,0,0,0,14-3-29 15:28:50,1
8P54S1B4GU,113.593,23.17,812781,0,0,0,14-3-29 15:30:50,1
8P54S1B4GU,113.593,23.17,812781,0,0,0,14-3-29 15:31:46,1
8P54S1B4GU,113.593,23.17,812781,0,0,0,14-3-29 15:32:50,1
8P54S1B4GU,113.593,23.17,812781,0,0,0,14-3-29 15:34:50,1
8P54S1B4GU,113.593,23.17,812781,0,0,0,14-3-29 15:36:50,1
8P54S1B4GU,113.593,23.17,812781,0,0,0,14-3-29 15:38:50,1
8P54S1B4GU,113.593,23.17,812781,0,0,0,14-3-29 15:40:50,1
8P54S1B4GU,113.593,23.17,812781,0,0,0,14-3-29 15:41:47,1
8P54S1B4GU,113.593,23.17,812781,0,0,0,14-3-29 15:42:51,1
8P54S1B4GU,113.593,23.17,812781,0,0,0,14-3-29 15:44:51,1
8P54S1B4GU,113.593,23.17,812781,0,0,0,14-3-29 15:46:51,1
8P54S1B4GU,113.593,23.17,812781,0,0,0,14-3-29 15:48:51,1
8P54S1B4GU,113.593,23.17,812781,0,0,0,14-3-29 15:50:51,1
8P54S1B4GU,113.593,23.17,812781,0,0,0,14-3-29 15:51:49,1
8P54S1B4GU,113.593,23.17,812781,0,0,0,14-3-29 15:52:51,1
8P54S1B4GU,113.593,23.17,812781,0,0,0,14-3-29 15:54:51,1
8P54S1B4GU,113.593,23.17,812781,0,0,0,14-3-29 15:56:51,1
8P54S1B4GU,113.593,23.17,812781,0,0,0,14-3-29 15:58:51,1
8P54S1B4GU,113.593,23.17,812781,0,0,0,14-3-29 16:0:51,1
8P54S1B4GU,113.593,23.17,812781,0,0,0,14-3-29 16:2:8,1
8P54S1B4GU,113.593,23.17,812781,0,0,0,14-3-29 16:2:51,1
8P54S1B4GU,113.593,23.17,812781,0,0,0,14-3-29 16:4:51,1
8P54S1B4GU,113.593,23.17,812781,0,0,0,14-3-29 16:6:51,1
8P54S1B4GU,113.593,23.17,812781,0,0,0,14-3-29 16:7:9,1
8P54S1B4GU,113.593,23.17,812781,0,0,0,14-3-29 16:8:52,1
8P54S1B4GU,113.593,23.17,812781,0,0,0,14-3-29 16:10:52,1
8P54S1B4GU,113.593,23.17,812781,0,0,0,14-3-29 16:12:10,1
8P54S1B4GU,113.593,23.17,812781,0,0,0,14-3-29 16:12:52,1
8P54S1B4GU,113.593,23.17,812781,0,0,0,14-3-29 16:14:52,1
8P54S1B4GU,113.593,23.17,812781,0,0,0,14-3-29 16:16:52,1
8P54S1B4GU,113.593,23.17,812781,0,0,0,14-3-29 16:17:10,1
8P54S1B4GU,113.593,23.17,812781,0,0,0,14-3-29 16:18:52,1
8P54S1B4GU,113.593,23.17,812781,0,0,0,14-3-29 16:20:52,1
8P54S1B4GU,113.593,23.17,812781,0,0,0,14-3-29 16:22:10,1
8P54S1B4GU,113.593,23.17,812781,0,0,0,14-3-29 16:22:52,1
8P54S1B4GU,113.593,23.17,812781,0,0,0,14-3-29 16:24:52,1
8P54S1B4GU,113.593,23.17,812781,0,0,0,14-3-29 16:26:52,1
8P54S1B4GU,113.593,23.17,812781,0,0,0,14-3-29 16:27:10,1
8P54S1B4GU,113.593,23.1701,812781,0,20,0,14-3-29 16:28:52,1
8P54S1B4GU,113.593,23.1701,812781,0,15,0,14-3-29 16:30:52,1
8P54S1B4GU,113.593,23.17,812781,0,0,0,14-3-29 16:32:10,1
8P54S1B4GU,113.593,23.17,812781,0,10,0,14-3-29 16:32:52,1
8P54S1B4GU,113.593,23.1701,812781,0,0,0,14-3-29 16:34:52,1
8P54S1B4GU,113.592,23.1701,812781,0,0,0,14-3-29 16:36:53,1
8P54S1B4GU,113.593,23.1701,812781,0,0,0,14-3-29 16:37:11,1
8P54S1B4GU,113.593,23.1701,812781,0,0,0,14-3-29 16:38:53,1
8P54S1B4GU,113.593,23.1701,812781,0,0,0,14-3-29 16:40:53,1
8P54S1B4GU,113.593,23.17,812781,0,0,0,14-3-29 16:42:11,1
8P54S1B4GU,113.593,23.17,812781,0,0,0,14-3-29 16:42:53,1
8P54S1B4GU,113.593,23.17,812781,0,0,0,14-3-29 16:44:53,1
8P54S1B4GU,113.593,23.17,812781,0,0,0,14-3-29 16:46:53,1
8P54S1B4GU,113.593,23.17,812781,0,0,0,14-3-29 16:47:11,1
8P54S1B4GU,113.593,23.17,812781,0,0,0,14-3-29 16:48:53,1
8P54S1B4GU,113.593,23.17,812781,0,0,0,14-3-29 16:50:53,1
8P54S1B4GU,113.593,23.17,812781,0,0,0,14-3-29 16:51:23,1
8P54S1B4GU,113.593,23.17,812781,0,0,0,14-3-29 16:52:11,1
8P54S1B4GU,113.593,23.17,812781,0,0,0,14-3-29 16:52:53,1
8P54S1B4GU,113.593,23.17,812781,0,0,0,14-3-29 16:54:54,1
8P54S1B4GU,113.593,23.17,812781,0,0,0,14-3-29 16:56:54,1
8P54S1B4GU,113.593,23.17,812781,0,0,0,14-3-29 16:57:13,1
8P54S1B4GU,113.593,23.17,812781,0,0,0,14-3-29 16:58:54,1
8P54S1B4GU,113.593,23.17,812781,0,0,0,14-3-29 17:0:54,1
8P54S1B4GU,113.593,23.17,812781,0,0,0,14-3-29 17:2:13,1
8P54S1B4GU,113.593,23.17,812781,0,0,0,14-3-29 17:2:54,1
8P54S1B4GU,113.593,23.17,812781,0,0,0,14-3-29 17:4:54,1
8P54S1B4GU,113.593,23.17,812781,0,0,0,14-3-29 17:6:54,1
8P54S1B4GU,113.593,23.17,812781,0,0,0,14-3-29 17:7:13,1
8P54S1B4GU,113.593,23.17,812781,0,0,0,14-3-29 17:8:54,1
8P54S1B4GU,113.593,23.17,812781,0,0,0,14-3-29 17:10:54,1
8P54S1B4GU,113.593,23.17,812781,0,0,0,14-3-29 17:12:13,1
8P54S1B4GU,113.593,23.17,812781,0,0,0,14-3-29 17:12:54,1
8P54S1B4GU,113.593,23.17,812781,0,0,0,14-3-29 17:14:54,1
8P54S1B4GU,113.593,23.17,812781,0,0,0,14-3-29 17:16:54,1
8P54S1B4GU,113.593,23.17,812781,0,0,0,14-3-29 17:17:13,1
8P54S1B4GU,113.593,23.17,812781,0,0,0,14-3-29 17:18:54,1
8P54S1B4GU,113.593,23.17,812781,0,0,0,14-3-29 17:20:55,1
8P54S1B4GU,113.593,23.17,812781,0,0,0,14-3-29 17:22:15,1
8P54S1B4GU,113.593,23.17,812781,0,0,0,14-3-29 17:22:55,1
8P54S1B4GU,113.593,23.17,812781,0,0,0,14-3-29 17:24:55,1
8P54S1B4GU,113.593,23.17,812781,0,0,0,14-3-29 17:26:55,1
8P54S1B4GU,113.593,23.17,812781,0,0,0,14-3-29 17:27:15,1
8P54S1B4GU,113.593,23.17,812781,0,0,0,14-3-29 17:28:55,1
8P54S1B4GU,113.593,23.17,812781,0,0,0,14-3-29 17:30:55,1
8P54S1B4GU,113.593,23.17,812781,0,0,0,14-3-29 17:32:16,1
8P54S1B4GU,113.593,23.17,812781,0,0,0,14-3-29 17:32:55,1
8P54S1B4GU,113.593,23.17,812781,0,0,0,14-3-29 17:34:55,1
8P54S1B4GU,113.593,23.17,812781,0,0,0,14-3-29 17:36:55,1
8P54S1B4GU,113.593,23.17,812781,0,0,0,14-3-29 17:37:16,1
8P54S1B4GU,113.593,23.17,812781,0,0,0,14-3-29 17:38:55,1
8P54S1B4GU,113.593,23.17,812781,0,0,0,14-3-29 17:40:55,1
8P54S1B4GU,113.593,23.17,812781,0,0,0,14-3-29 17:42:16,1
8P54S1B4GU,113.593,23.17,812781,0,0,0,14-3-29 17:42:55,1
8P54S1B4GU,113.593,23.17,812781,0,0,0,14-3-29 17:44:55,1
8P54S1B4GU,113.593,23.17,812781,0,0,0,14-3-29 17:46:56,1
8P54S1B4GU,113.593,23.17,812781,0,0,0,14-3-29 17:47:17,1
8P54S1B4GU,113.593,23.17,812781,0,0,0,14-3-29 17:48:56,1
8P54S1B4GU,113.593,23.17,812781,0,0,0,14-3-29 17:50:56,1
8P54S1B4GU,113.593,23.17,812781,0,0,0,14-3-29 17:52:17,1
8P54S1B4GU,113.593,23.17,812781,0,0,0,14-3-29 17:52:56,1
8P54S1B4GU,113.593,23.17,812781,0,0,0,14-3-29 17:54:56,1
8P54S1B4GU,113.592,23.17,812781,0,0,0,14-3-29 17:56:56,1
8P54S1B4GU,113.592,23.17,812781,0,0,0,14-3-29 17:57:18,1
8P54S1B4GU,113.592,23.17,812781,0,0,0,14-3-29 17:58:56,1
8P54S1B4GU,113.592,23.17,812781,0,0,0,14-3-29 18:0:56,1
8P54S1B4GU,113.592,23.17,812781,0,0,0,14-3-29 18:2:18,1
8P54S1B4GU,113.592,23.17,812781,0,0,0,14-3-29 18:2:56,1
8P54S1B4GU,113.592,23.17,812781,0,0,0,14-3-29 18:4:56,1
8P54S1B4GU,113.592,23.17,812781,0,0,0,14-3-29 18:6:56,1
8P54S1B4GU,113.592,23.17,812781,0,0,0,14-3-29 18:7:18,1
8P54S1B4GU,113.592,23.17,812781,0,0,0,14-3-29 18:8:56,1
8P54S1B4GU,113.592,23.17,812781,0,0,0,14-3-29 18:10:56,1
8P54S1B4GU,113.592,23.17,812781,0,0,0,14-3-29 18:12:19,1
8P54S1B4GU,113.592,23.17,812781,0,0,0,14-3-29 18:12:57,1
8P54S1B4GU,113.592,23.17,812781,0,0,0,14-3-29 18:14:57,1
8P54S1B4GU,113.592,23.17,812781,0,0,0,14-3-29 18:16:57,1
8P54S1B4GU,113.592,23.17,812781,0,0,0,14-3-29 18:17:19,1
8P54S1B4GU,113.592,23.17,812781,0,0,0,14-3-29 18:18:57,1
8P54S1B4GU,113.592,23.17,812781,0,0,0,14-3-29 18:20:57,1
8P54S1B4GU,113.592,23.17,812781,0,0,0,14-3-29 18:22:20,1
8P54S1B4GU,113.592,23.17,812781,0,0,0,14-3-29 18:22:57,1
8P54S1B4GU,113.592,23.17,812781,0,0,0,14-3-29 18:24:57,1
8P54S1B4GU,113.592,23.17,812781,0,0,0,14-3-29 18:26:57,1
8P54S1B4GU,113.592,23.17,812781,0,0,0,14-3-29 18:27:21,1
8P54S1B4GU,113.592,23.17,812781,0,0,0,14-3-29 18:28:57,1
8P54S1B4GU,113.592,23.17,812781,0,0,0,14-3-29 18:30:57,1
8P54S1B4GU,113.592,23.17,812781,0,0,0,14-3-29 18:32:21,1
8P54S1B4GU,113.592,23.17,812781,0,0,0,14-3-29 18:32:57,1
8P54S1B4GU,113.592,23.17,812781,0,0,0,14-3-29 18:34:57,1
8P54S1B4GU,113.592,23.17,812781,0,0,0,14-3-29 18:36:57,1
8P54S1B4GU,113.592,23.17,812781,0,0,0,14-3-29 18:37:22,1
8P54S1B4GU,113.592,23.17,812781,0,0,0,14-3-29 18:38:58,1
8P54S1B4GU,113.592,23.17,812781,0,0,0,14-3-29 18:40:58,1
8P54S1B4GU,113.593,23.1701,812781,0,0,0,14-3-29 18:42:23,1
8P54S1B4GU,113.593,23.1701,812781,2,30,0,14-3-29 18:42:58,1
8P54S1B4GU,113.593,23.1701,812782,2,25,0,14-3-29 18:44:58,1
8P54S1B4GU,113.593,23.1702,812782,0,0,0,14-3-29 18:46:58,1
8P54S1B4GU,113.593,23.1702,812782,0,0,0,14-3-29 18:47:23,1
8P54S1B4GU,113.593,23.1702,812782,0,0,0,14-3-29 18:48:58,1
8P54S1B4GU,113.593,23.1702,812782,0,0,0,14-3-29 18:50:58,1
8P54S1B4GU,113.593,23.1702,812782,0,0,0,14-3-29 18:51:37,1
8P54S1B4GU,113.593,23.1702,812782,0,0,0,14-3-29 18:52:29,1
8P54S1B4GU,113.593,23.1702,812782,0,0,0,14-3-29 18:52:58,1
8P54S1B4GU,113.593,23.1702,812782,0,0,0,14-3-29 18:54:58,1
8P54S1B4GU,113.593,23.1702,812782,0,0,0,14-3-29 18:57:0,1
8P54S1B4GU,113.593,23.1702,812782,0,0,0,14-3-29 18:57:30,1
8P54S1B4GU,113.593,23.1702,812782,0,0,0,14-3-29 18:58:59,1
8P54S1B4GU,113.593,23.1702,812782,0,0,0,14-3-29 19:0:59,1
8P54S1B4GU,113.593,23.1702,812782,0,0,0,14-3-29 19:2:31,1
8P54S1B4GU,113.593,23.1702,812782,0,0,0,14-3-29 19:2:59,1
8P54S1B4GU,113.593,23.1702,812782,0,0,0,14-3-29 19:4:59,1
8P54S1B4GU,113.593,23.1702,812782,0,0,0,14-3-29 19:6:59,1
8P54S1B4GU,113.593,23.1702,812782,8,120,0,14-3-29 20:3:55,1
8P54S1B4GU,113.593,23.1701,812782,0,0,0,14-3-29 20:5:46,1
8P54S1B4GU,113.593,23.1701,812782,0,0,0,14-3-29 20:7:46,1
8P54S1B4GU,113.593,23.1701,812782,0,0,0,14-3-29 20:8:5,1
8P54S1B4GU,113.593,23.1704,812782,0,0,0,14-3-29 21:52:54,1
8P54S1B4GU,113.593,23.1704,812782,0,0,0,14-3-29 21:53:1,1
8P54S1B4GU,113.593,23.1704,812782,0,0,0,14-3-29 21:54:54,1
8P54S1B4GU,113.593,23.1704,812782,0,0,0,14-3-29 21:56:54,1
8P54S1B4GU,113.593,23.1704,812782,0,0,0,14-3-29 21:58:12,1
8P54S1B4GU,113.593,23.1704,812782,0,0,0,14-3-29 21:58:54,1
8P54S1B4GU,113.593,23.1704,812782,0,0,0,14-3-29 22:0:54,1
8P54S1B4GU,113.593,23.1704,812782,0,0,0,14-3-29 22:2:54,1
8P54S1B4GU,113.593,23.1704,812782,0,0,0,14-3-29 22:3:13,1
8P54S1B4GU,113.593,23.1704,812782,0,0,0,14-3-29 22:4:54,1
8P54S1B4GU,113.593,23.1704,812782,0,0,0,14-3-29 22:6:54,1
8P54S1B4GU,113.593,23.1704,812782,0,0,0,14-3-29 22:8:14,1
8P54S1B4GU,113.593,23.1704,812782,0,0,0,14-3-29 22:8:54,1
8P54S1B4GU,113.593,23.1704,812782,0,0,0,14-3-29 22:10:54,1
8P54S1B4GU,113.593,23.1704,812782,0,0,0,14-3-29 22:12:54,1
8P54S1B4GU,113.593,23.1704,812782,0,0,0,14-3-29 22:13:14,1
8P54S1B4GU,113.593,23.1704,812782,0,0,0,14-3-29 22:14:54,1
8P54S1B4GU,113.593,23.1704,812782,0,0,0,14-3-29 22:16:54,1
8P54S1B4GU,113.593,23.1704,812782,0,0,0,14-3-29 22:18:14,1
8P54S1B4GU,113.593,23.1704,812782,0,0,0,14-3-29 22:18:54,1
8P54S1B4GU,113.593,23.1702,812782,0,0,0,14-3-29 22:20:55,1
8P54S1B4GU,113.593,23.1702,812782,0,0,0,14-3-29 22:22:55,1
8P54S1B4GU,113.593,23.1702,812782,0,0,0,14-3-29 22:23:16,1
8P54S1B4GU,113.593,23.1702,812782,0,0,0,14-3-29 22:24:55,1
8P54S1B4GU,113.593,23.1702,812782,0,0,0,14-3-29 22:26:55,1
8P54S1B4GU,113.593,23.1702,812782,0,0,0,14-3-29 22:28:16,1
8P54S1B4GU,113.593,23.1702,812782,0,0,0,14-3-29 22:28:55,1
8P54S1B4GU,113.593,23.1702,812782,0,0,0,14-3-29 22:30:55,1
8P54S1B4GU,113.593,23.1702,812782,0,0,0,14-3-29 22:32:55,1
8P54S1B4GU,113.593,23.1702,812782,0,0,0,14-3-29 22:33:16,1
8P54S1B4GU,113.593,23.1702,812782,0,0,0,14-3-29 22:34:55,1
8P54S1B4GU,113.593,23.1702,812782,0,0,0,14-3-29 22:36:55,1
8P54S1B4GU,113.593,23.1702,812782,0,0,0,14-3-29 22:38:16,1
8P54S1B4GU,113.593,23.1702,812782,0,0,0,14-3-29 22:38:55,1
8P54S1B4GU,113.593,23.1702,812782,0,0,0,14-3-29 22:40:55,1
8P54S1B4GU,113.593,23.1702,812782,0,0,0,14-3-29 22:42:55,1
8P54S1B4GU,113.593,23.1702,812782,0,0,0,14-3-29 22:43:17,1
8P54S1B4GU,113.593,23.1702,812782,0,0,0,14-3-29 22:44:55,1
8P54S1B4GU,113.593,23.1701,812782,0,0,0,14-3-29 22:46:56,1
8P54S1B4GU,113.592,23.17,812782,0,0,0,14-3-29 22:48:18,1
8P54S1B4GU,113.592,23.17,812782,0,0,0,14-3-29 22:48:56,1
8P54S1B4GU,113.592,23.17,812782,0,0,0,14-3-29 22:50:56,1
8P54S1B4GU,113.592,23.17,812782,0,0,0,14-3-29 22:52:56,1
8P54S1B4GU,113.592,23.17,812782,0,0,0,14-3-29 22:53:19,1
8P54S1B4GU,113.592,23.17,812782,0,0,0,14-3-29 22:54:56,1
8P54S1B4GU,113.592,23.17,812782,0,0,0,14-3-29 22:56:56,1
8P54S1B4GU,113.592,23.17,812782,0,0,0,14-3-29 22:58:19,1
8P54S1B4GU,113.592,23.17,812782,0,0,0,14-3-29 22:58:56,1
8P54S1B4GU,113.592,23.17,812782,0,0,0,14-3-29 23:0:56,1
8P54S1B4GU,113.592,23.17,812782,0,0,0,14-3-29 23:2:56,1
8P54S1B4GU,113.592,23.17,812782,0,0,0,14-3-29 23:3:19,1
8P54S1B4GU,113.592,23.17,812782,0,0,0,14-3-29 23:4:56,1
8P54S1B4GU,113.592,23.17,812782,0,0,0,14-3-29 23:6:56,1
8P54S1B4GU,113.593,23.1701,812782,0,0,0,14-3-29 23:8:19,1
8P54S1B4GU,113.593,23.1701,812782,0,0,0,14-3-29 23:8:56,1
8P54S1B4GU,113.593,23.1701,812782,0,0,0,14-3-29 23:10:57,1
8P54S1B4GU,113.593,23.1701,812782,0,0,0,14-3-29 23:12:57,1
8P54S1B4GU,113.593,23.1701,812782,0,0,0,14-3-29 23:13:21,1
8P54S1B4GU,113.593,23.1701,812782,0,0,0,14-3-29 23:14:57,1
8P54S1B4GU,113.593,23.1701,812782,0,0,0,14-3-29 23:16:57,1
8P54S1B4GU,113.593,23.1701,812782,0,0,0,14-3-29 23:18:22,1
8P54S1B4GU,113.593,23.1701,812782,0,0,0,14-3-29 23:18:57,1
8P54S1B4GU,113.593,23.1701,812782,0,0,0,14-3-29 23:20:57,1
8P54S1B4GU,113.593,23.1701,812782,0,0,0,14-3-29 23:22:57,1
8P54S1B4GU,113.593,23.1701,812782,0,0,0,14-3-29 23:23:23,1
8P54S1B4GU,113.593,23.1701,812782,0,0,0,14-3-29 23:24:10,1
8P54S1B4GU,113.593,23.1701,812782,0,0,0,14-3-29 23:24:57,1
