8X8IS1B4GU,121.311,37.5564,4739109,0,0,0,14-3-29 12:23:50,1
8X8IS1B4GU,121.311,37.5564,4739109,0,0,0,14-3-29 12:23:57,1
8X8IS1B4GU,121.311,37.5564,4739109,0,0,0,14-3-29 12:24:49,1
8X8IS1B4GU,121.311,37.5565,4739109,0,0,0,14-3-29 12:25:49,1
8X8IS1B4GU,121.311,37.5565,4739109,0,0,0,14-3-29 12:26:49,1
8X8IS1B4GU,121.311,37.5565,4739109,0,0,0,14-3-29 12:27:49,1
8X8IS1B4GU,121.311,37.5565,4739109,0,0,0,14-3-29 12:28:47,1
8X8IS1B4GU,121.311,37.5565,4739109,0,0,0,14-3-29 12:29:29,1
8X8IS1B4GU,121.311,37.5566,4739109,2,10,0,14-3-29 12:29:47,1
8X8IS1B4GU,121.311,37.5564,4739109,6,45,0,14-3-29 12:30:47,1
8X8IS1B4GU,121.311,37.5571,4739110,6,175,0,14-3-29 12:31:47,1
8X8IS1B4GU,121.311,37.5572,4739110,0,140,0,14-3-29 12:32:47,1
8X8IS1B4GU,121.31,37.5572,4739110,0,115,0,14-3-29 12:33:47,1
8X8IS1B4GU,121.31,37.5571,4739111,0,0,0,14-3-29 12:34:30,1
8X8IS1B4GU,121.31,37.5571,4739111,0,30,0,14-3-29 12:34:47,1
8X8IS1B4GU,121.31,37.5572,4739111,2,165,0,14-3-29 12:35:47,1
8X8IS1B4GU,121.31,37.5573,4739111,0,155,0,14-3-29 12:36:48,1
8X8IS1B4GU,121.31,37.5573,4739111,0,170,0,14-3-29 12:37:48,1
8X8IS1B4GU,121.31,37.5573,4739111,0,20,0,14-3-29 12:38:48,1
8X8IS1B4GU,121.31,37.5572,4739111,0,165,0,14-3-29 12:39:33,1
8X8IS1B4GU,121.31,37.5572,4739111,0,0,0,14-3-29 12:39:48,1
8X8IS1B4GU,121.31,37.5572,4739111,0,175,0,14-3-29 12:40:48,1
8X8IS1B4GU,121.31,37.5571,4739111,0,0,0,14-3-29 12:41:48,1
8X8IS1B4GU,121.31,37.5571,4739111,0,0,0,14-3-29 12:41:55,1
8X8IS1B4GU,121.31,37.5572,4739111,8,160,0,14-3-29 12:42:48,1
8X8IS1B4GU,121.31,37.5574,4739111,2,165,0,14-3-29 12:43:48,1
8X8IS1B4GU,121.308,37.5573,4739113,27,130,0,14-3-29 12:44:34,1
8X8IS1B4GU,121.307,37.5572,4739114,27,130,0,14-3-29 12:44:48,1
8X8IS1B4GU,121.304,37.5569,4739117,2,140,0,14-3-29 12:45:47,1
8X8IS1B4GU,121.304,37.5569,4739117,2,145,0,14-3-29 12:45:48,1
8X8IS1B4GU,121.304,37.5569,4739117,0,0,0,14-3-29 12:46:14,1
8X8IS1B4GU,121.303,37.557,4739117,0,0,0,14-3-29 12:46:48,1
8X8IS1B4GU,121.303,37.557,4739117,0,0,0,14-3-29 12:47:48,1
8X8IS1B4GU,121.303,37.557,4739117,0,0,0,14-3-29 12:48:48,1
8X8IS1B4GU,121.304,37.5569,4739117,0,0,0,14-3-29 12:49:35,1
8X8IS1B4GU,121.304,37.5569,4739117,0,0,0,14-3-29 12:49:48,1
8X8IS1B4GU,121.304,37.5569,4739117,0,0,0,14-3-29 12:50:48,1
8X8IS1B4GU,121.304,37.5569,4739117,0,0,0,14-3-29 12:51:24,1
8X8IS1B4GU,121.304,37.5569,4739117,4,120,0,14-3-29 12:51:48,1
8X8IS1B4GU,121.301,37.5566,4739119,16,130,0,14-3-29 12:52:48,1
8X8IS1B4GU,121.3,37.5557,4739121,19,90,0,14-3-29 12:53:48,1
8X8IS1B4GU,121.3,37.5524,4739124,37,85,0,14-3-29 12:54:36,1
8X8IS1B4GU,121.3,37.5512,4739125,43,90,0,14-3-29 12:54:48,1
8X8IS1B4GU,121.299,37.5439,4739133,55,95,0,14-3-29 12:55:48,1
8X8IS1B4GU,121.294,37.5369,4739142,53,110,0,14-3-29 12:56:48,1
8X8IS1B4GU,121.284,37.5351,4739151,62,130,0,14-3-29 12:57:48,1
8X8IS1B4GU,121.272,37.535,4739161,64,130,0,14-3-29 12:58:48,1
8X8IS1B4GU,121.261,37.5348,4739170,68,130,0,14-3-29 12:59:37,1
8X8IS1B4GU,121.259,37.5348,4739172,66,130,0,14-3-29 12:59:48,1
8X8IS1B4GU,121.248,37.5346,4739181,62,130,0,14-3-29 13:0:48,1
8X8IS1B4GU,121.235,37.5344,4739192,64,130,0,14-3-29 13:1:48,1
8X8IS1B4GU,121.225,37.5336,4739201,55,125,0,14-3-29 13:2:48,1
8X8IS1B4GU,121.216,37.5302,4739210,27,120,0,14-3-29 13:3:48,1
8X8IS1B4GU,121.213,37.5292,4739211,31,120,0,14-3-29 13:4:38,1
8X8IS1B4GU,121.213,37.5289,4739212,35,120,0,14-3-29 13:4:48,1
8X8IS1B4GU,121.205,37.526,4739220,53,125,0,14-3-29 13:5:49,1
8X8IS1B4GU,121.195,37.5258,4739228,56,135,0,14-3-29 13:6:49,1
8X8IS1B4GU,121.186,37.5261,4739236,37,125,0,14-3-29 13:7:49,1
8X8IS1B4GU,121.178,37.5234,4739243,43,120,0,14-3-29 13:8:49,1
8X8IS1B4GU,121.172,37.5211,4739248,39,120,0,14-3-29 13:9:40,1
8X8IS1B4GU,121.171,37.5207,4739249,39,120,0,14-3-29 13:9:49,1
8X8IS1B4GU,121.165,37.5182,4739255,31,120,0,14-3-29 13:10:49,1
8X8IS1B4GU,121.161,37.5163,4739259,29,120,0,14-3-29 13:11:49,1
8X8IS1B4GU,121.155,37.515,4739264,33,125,0,14-3-29 13:12:49,1
8X8IS1B4GU,121.147,37.5146,4739271,49,130,0,14-3-29 13:13:49,1
8X8IS1B4GU,121.138,37.5144,4739278,45,130,0,14-3-29 13:14:49,1
8X8IS1B4GU,121.127,37.5126,4739288,64,125,0,14-3-29 13:15:49,1
8X8IS1B4GU,121.115,37.5078,4739300,74,120,0,14-3-29 13:16:49,1
8X8IS1B4GU,121.1,37.5042,4739313,76,130,0,14-3-29 13:17:49,1
8X8IS1B4GU,121.086,37.5023,4739325,74,130,0,14-3-29 13:18:49,1
8X8IS1B4GU,121.075,37.5008,4739334,64,130,0,14-3-29 13:19:42,1
8X8IS1B4GU,121.074,37.5007,4739336,64,130,0,14-3-29 13:19:49,1
8X8IS1B4GU,121.062,37.4988,4739346,66,125,0,14-3-29 13:20:49,1
8X8IS1B4GU,121.05,37.4955,4739356,64,125,0,14-3-29 13:21:49,1
8X8IS1B4GU,121.038,37.4922,4739367,66,120,0,14-3-29 13:22:49,1
8X8IS1B4GU,121.027,37.489,4739378,66,125,0,14-3-29 13:23:49,1
8X8IS1B4GU,121.015,37.4858,4739388,66,125,0,14-3-29 13:24:49,1
8X8IS1B4GU,121.004,37.4826,4739398,64,125,0,14-3-29 13:25:49,1
8X8IS1B4GU,120.992,37.4805,4739409,66,130,0,14-3-29 13:26:49,1
8X8IS1B4GU,120.98,37.4774,4739420,68,120,0,14-3-29 13:27:49,1
8X8IS1B4GU,120.969,37.4743,4739429,55,120,0,14-3-29 13:28:49,1
8X8IS1B4GU,120.957,37.4708,4739440,68,120,0,14-3-29 13:29:49,1
8X8IS1B4GU,120.945,37.4672,4739450,64,120,0,14-3-29 13:30:49,1
8X8IS1B4GU,120.935,37.464,4739460,55,120,0,14-3-29 13:31:49,1
8X8IS1B4GU,120.924,37.4607,4739470,64,120,0,14-3-29 13:32:49,1
8X8IS1B4GU,120.913,37.4575,4739480,58,120,0,14-3-29 13:33:49,1
8X8IS1B4GU,120.906,37.4515,4739489,64,105,0,14-3-29 13:34:45,1
8X8IS1B4GU,120.905,37.451,4739490,62,105,0,14-3-29 13:34:49,1
8X8IS1B4GU,120.897,37.4434,4739500,74,110,0,14-3-29 13:35:50,1
8X8IS1B4GU,120.888,37.4366,4739511,62,110,0,14-3-29 13:36:50,1
8X8IS1B4GU,120.879,37.4301,4739521,64,110,0,14-3-29 13:37:50,1
8X8IS1B4GU,120.87,37.4235,4739531,66,110,0,14-3-29 13:38:50,1
8X8IS1B4GU,120.863,37.419,4739539,33,115,0,14-3-29 13:39:50,1
8X8IS1B4GU,120.857,37.4153,4739545,49,115,0,14-3-29 13:40:50,1
8X8IS1B4GU,120.85,37.4091,4739554,60,105,0,14-3-29 13:41:50,1
8X8IS1B4GU,120.846,37.4008,4739564,58,100,0,14-3-29 13:42:50,1
8X8IS1B4GU,120.841,37.3939,4739572,55,105,0,14-3-29 13:43:50,1
8X8IS1B4GU,120.834,37.3862,4739582,58,110,0,14-3-29 13:44:50,1
8X8IS1B4GU,120.827,37.3803,4739591,58,105,0,14-3-29 13:45:50,1
8X8IS1B4GU,120.821,37.3736,4739599,39,105,0,14-3-29 13:46:50,1
8X8IS1B4GU,120.818,37.3693,4739605,37,105,0,14-3-29 13:47:50,1
8X8IS1B4GU,120.813,37.3651,4739611,41,110,0,14-3-29 13:48:50,1
8X8IS1B4GU,120.807,37.3601,4739618,55,110,0,14-3-29 13:49:50,1
8X8IS1B4GU,120.799,37.3533,4739628,74,105,0,14-3-29 13:50:50,1
8X8IS1B4GU,120.79,37.344,4739641,72,110,0,14-3-29 13:51:50,1
8X8IS1B4GU,120.778,37.3359,4739654,37,115,0,14-3-29 13:53:47,1
8X8IS1B4GU,120.772,37.3329,4739660,37,115,0,14-3-29 13:54:47,1
8X8IS1B4GU,120.767,37.3299,4739665,29,110,0,14-3-29 13:55:47,1
8X8IS1B4GU,120.763,37.3257,4739670,45,100,0,14-3-29 13:56:47,1
8X8IS1B4GU,120.76,37.3174,4739679,53,95,0,14-3-29 13:57:48,1
8X8IS1B4GU,120.759,37.3157,4739681,19,95,0,14-3-29 13:58:7,1
8X8IS1B4GU,120.759,37.3156,4739681,0,0,0,14-3-29 13:58:13,1
8X8IS1B4GU,120.759,37.3156,4739681,0,0,0,14-3-29 13:59:6,1
8X8IS1B4GU,120.759,37.3138,4739683,31,95,0,14-3-29 14:0:6,1
8X8IS1B4GU,120.757,37.308,4739690,47,95,0,14-3-29 14:1:6,1
8X8IS1B4GU,120.756,37.2993,4739699,64,90,0,14-3-29 14:2:6,1
8X8IS1B4GU,120.751,37.2886,4739711,62,105,0,14-3-29 14:3:13,1
8X8IS1B4GU,120.745,37.2807,4739721,72,100,0,14-3-29 14:4:7,1
8X8IS1B4GU,120.74,37.2719,4739731,60,100,0,14-3-29 14:5:7,1
8X8IS1B4GU,120.733,37.263,4739742,70,105,0,14-3-29 14:6:7,1
8X8IS1B4GU,120.725,37.2546,4739754,80,105,0,14-3-29 14:7:7,1
8X8IS1B4GU,120.716,37.2432,4739768,103,100,0,14-3-29 14:8:7,1
8X8IS1B4GU,120.715,37.2413,4739770,103,100,0,14-3-29 14:8:15,1
8X8IS1B4GU,120.707,37.2308,4739783,80,105,0,14-3-29 14:9:7,1
8X8IS1B4GU,120.697,37.2216,4739796,92,105,0,14-3-29 14:10:7,1
8X8IS1B4GU,120.688,37.2105,4739810,74,105,0,14-3-29 14:11:7,1
8X8IS1B4GU,120.681,37.2022,4739821,66,105,0,14-3-29 14:12:7,1
8X8IS1B4GU,120.674,37.1945,4739831,68,105,0,14-3-29 14:13:7,1
8X8IS1B4GU,120.673,37.1932,4739833,74,105,0,14-3-29 14:13:16,1
8X8IS1B4GU,120.668,37.1852,4739842,60,100,0,14-3-29 14:14:7,1
8X8IS1B4GU,120.665,37.1782,4739850,37,100,0,14-3-29 14:15:7,1
8X8IS1B4GU,120.662,37.1732,4739856,45,100,0,14-3-29 14:16:7,1
8X8IS1B4GU,120.656,37.1661,4739865,64,105,0,14-3-29 14:17:7,1
8X8IS1B4GU,120.648,37.1582,4739876,80,110,0,14-3-29 14:18:7,1
8X8IS1B4GU,120.645,37.1559,4739880,82,110,0,14-3-29 14:18:23,1
8X8IS1B4GU,120.638,37.1506,4739888,47,110,0,14-3-29 14:19:7,1
8X8IS1B4GU,120.633,37.1462,4739894,39,110,0,14-3-29 14:20:7,1
8X8IS1B4GU,120.628,37.1416,4739900,37,105,0,14-3-29 14:21:7,1
8X8IS1B4GU,120.625,37.1374,4739906,37,105,0,14-3-29 14:22:7,1
8X8IS1B4GU,120.62,37.1298,4739915,56,100,0,14-3-29 14:23:24,1
8X8IS1B4GU,120.617,37.1236,4739922,66,100,0,14-3-29 14:24:7,1
8X8IS1B4GU,120.613,37.1144,4739932,66,100,0,14-3-29 14:25:7,1
8X8IS1B4GU,120.608,37.1037,4739945,74,100,0,14-3-29 14:26:7,1
8X8IS1B4GU,120.601,37.0949,4739956,74,105,0,14-3-29 14:27:7,1
8X8IS1B4GU,120.596,37.0854,4739967,58,100,0,14-3-29 14:28:7,1
8X8IS1B4GU,120.595,37.0832,4739969,53,100,0,14-3-29 14:28:25,1
8X8IS1B4GU,120.592,37.0786,4739975,43,100,0,14-3-29 14:29:7,1
8X8IS1B4GU,120.587,37.072,4739983,66,105,0,14-3-29 14:30:7,1
8X8IS1B4GU,120.578,37.0622,4739996,84,105,0,14-3-29 14:31:7,1
8X8IS1B4GU,120.571,37.0491,4740011,99,95,0,14-3-29 14:32:8,1
8X8IS1B4GU,120.565,37.036,4740026,82,100,0,14-3-29 14:33:8,1
8X8IS1B4GU,120.564,37.0326,4740030,70,100,0,14-3-29 14:33:27,1
8X8IS1B4GU,120.56,37.0274,4740037,56,105,0,14-3-29 14:34:8,1
8X8IS1B4GU,120.553,37.0196,4740047,74,110,0,14-3-29 14:35:8,1
8X8IS1B4GU,120.544,37.0117,4740058,62,105,0,14-3-29 14:36:8,1
8X8IS1B4GU,120.537,37.004,4740068,58,100,0,14-3-29 14:37:8,1
8X8IS1B4GU,120.532,36.997,4740077,64,105,0,14-3-29 14:38:8,1
8X8IS1B4GU,120.529,36.9944,4740081,70,105,0,14-3-29 14:38:28,1
8X8IS1B4GU,120.523,36.9888,4740089,76,110,0,14-3-29 14:39:8,1
8X8IS1B4GU,120.515,36.9812,4740100,55,105,0,14-3-29 14:40:8,1
8X8IS1B4GU,120.51,36.9742,4740108,55,100,0,14-3-29 14:41:8,1
8X8IS1B4GU,120.506,36.9669,4740117,53,100,0,14-3-29 14:42:8,1
8X8IS1B4GU,120.5,36.9594,4740127,70,105,0,14-3-29 14:43:8,1
8X8IS1B4GU,120.497,36.9565,4740131,74,110,0,14-3-29 14:43:29,1
8X8IS1B4GU,120.491,36.951,4740139,78,105,0,14-3-29 14:44:8,1
8X8IS1B4GU,120.483,36.9421,4740150,74,105,0,14-3-29 14:45:8,1
8X8IS1B4GU,120.474,36.933,4740162,66,110,0,14-3-29 14:46:8,1
8X8IS1B4GU,120.465,36.9266,4740173,70,110,0,14-3-29 14:47:8,1
8X8IS1B4GU,120.456,36.9197,4740183,62,110,0,14-3-29 14:48:8,1
8X8IS1B4GU,120.453,36.9168,4740187,60,105,0,14-3-29 14:48:33,1
8X8IS1B4GU,120.449,36.9128,4740193,58,110,0,14-3-29 14:49:8,1
8X8IS1B4GU,120.443,36.9054,4740203,66,100,0,14-3-29 14:50:8,1
8X8IS1B4GU,120.439,36.8963,4740213,62,95,0,14-3-29 14:51:8,1
8X8IS1B4GU,120.437,36.8882,4740222,58,95,0,14-3-29 14:52:8,1
8X8IS1B4GU,120.434,36.8782,4740233,74,95,0,14-3-29 14:53:8,1
8X8IS1B4GU,120.432,36.8734,4740238,70,95,0,14-3-29 14:53:35,1
8X8IS1B4GU,120.431,36.868,4740244,64,95,0,14-3-29 14:54:8,1
8X8IS1B4GU,120.427,36.8589,4740254,62,100,0,14-3-29 14:55:8,1
8X8IS1B4GU,120.422,36.8505,4740264,66,105,0,14-3-29 14:56:8,1
8X8IS1B4GU,120.415,36.8425,4740275,64,105,0,14-3-29 14:57:8,1
8X8IS1B4GU,120.407,36.8356,4740285,64,110,0,14-3-29 14:58:8,1
8X8IS1B4GU,120.403,36.8325,4740289,66,110,0,14-3-29 14:58:36,1
8X8IS1B4GU,120.399,36.8291,4740295,62,110,0,14-3-29 14:59:8,1
8X8IS1B4GU,120.391,36.8219,4740305,60,105,0,14-3-29 15:0:8,1
8X8IS1B4GU,120.385,36.8141,4740315,64,100,0,14-3-29 15:1:9,1
8X8IS1B4GU,120.379,36.8058,4740325,62,100,0,14-3-29 15:2:9,1
8X8IS1B4GU,120.374,36.7976,4740335,62,100,0,14-3-29 15:3:9,1
8X8IS1B4GU,120.371,36.7934,4740340,64,100,0,14-3-29 15:3:39,1
8X8IS1B4GU,120.368,36.7893,4740345,64,100,0,14-3-29 15:4:9,1
8X8IS1B4GU,120.362,36.7812,4740355,62,105,0,14-3-29 15:5:9,1
8X8IS1B4GU,120.355,36.774,4740365,60,110,0,14-3-29 15:6:9,1
8X8IS1B4GU,120.347,36.7672,4740375,64,110,0,14-3-29 15:7:9,1
8X8IS1B4GU,120.338,36.7608,4740385,60,115,0,14-3-29 15:8:9,1
8X8IS1B4GU,120.334,36.7579,4740390,64,115,0,14-3-29 15:8:40,1
8X8IS1B4GU,120.329,36.755,4740395,64,115,0,14-3-29 15:9:9,1
8X8IS1B4GU,120.321,36.7486,4740405,60,110,0,14-3-29 15:10:9,1
8X8IS1B4GU,120.313,36.7416,4740414,62,110,0,14-3-29 15:11:9,1
8X8IS1B4GU,120.306,36.7344,4740424,64,110,0,14-3-29 15:12:9,1
8X8IS1B4GU,120.298,36.7273,4740434,62,105,0,14-3-29 15:13:9,1
8X8IS1B4GU,120.295,36.7233,4740439,62,105,0,14-3-29 15:13:41,1
8X8IS1B4GU,120.292,36.7194,4740444,64,100,0,14-3-29 15:14:9,1
8X8IS1B4GU,120.287,36.7106,4740454,64,95,0,14-3-29 15:15:9,1
8X8IS1B4GU,120.283,36.7019,4740464,64,100,0,14-3-29 15:16:9,1
8X8IS1B4GU,120.277,36.6938,4740474,62,105,0,14-3-29 15:17:9,1
8X8IS1B4GU,120.27,36.6865,4740484,62,105,0,14-3-29 15:18:9,1
8X8IS1B4GU,120.266,36.6824,4740490,66,105,0,14-3-29 15:18:42,1
8X8IS1B4GU,120.263,36.679,4740494,62,105,0,14-3-29 15:19:9,1
8X8IS1B4GU,120.255,36.6718,4740504,64,110,0,14-3-29 15:20:9,1
8X8IS1B4GU,120.247,36.6651,4740514,64,110,0,14-3-29 15:21:9,1
8X8IS1B4GU,120.238,36.6591,4740524,62,115,0,14-3-29 15:22:9,1
8X8IS1B4GU,120.229,36.6532,4740535,64,110,0,14-3-29 15:23:9,1
8X8IS1B4GU,120.224,36.6489,4740541,64,110,0,14-3-29 15:23:47,1
8X8IS1B4GU,120.221,36.6461,4740545,64,105,0,14-3-29 15:24:9,1
8X8IS1B4GU,120.214,36.6385,4740555,64,105,0,14-3-29 15:25:9,1
8X8IS1B4GU,120.206,36.6316,4740565,64,110,0,14-3-29 15:26:9,1
8X8IS1B4GU,120.197,36.6258,4740575,64,115,0,14-3-29 15:27:9,1
8X8IS1B4GU,120.187,36.621,4740585,64,120,0,14-3-29 15:28:9,1
8X8IS1B4GU,120.181,36.6179,4740591,60,115,0,14-3-29 15:28:48,1
8X8IS1B4GU,120.177,36.616,4740595,60,115,0,14-3-29 15:29:10,1
8X8IS1B4GU,120.169,36.6098,4740604,62,110,0,14-3-29 15:30:10,1
8X8IS1B4GU,120.161,36.6026,4740614,62,105,0,14-3-29 15:31:10,1
8X8IS1B4GU,120.155,36.5947,4740624,62,105,0,14-3-29 15:32:10,1
8X8IS1B4GU,120.149,36.587,4740634,60,105,0,14-3-29 15:33:10,1
8X8IS1B4GU,120.144,36.5816,4740641,62,105,0,14-3-29 15:33:51,1
8X8IS1B4GU,120.142,36.5793,4740644,60,105,0,14-3-29 15:34:10,1
8X8IS1B4GU,120.134,36.5724,4740654,64,110,0,14-3-29 15:35:10,1
8X8IS1B4GU,120.126,36.5661,4740664,62,110,0,14-3-29 15:36:10,1
8X8IS1B4GU,120.117,36.5595,4740674,66,105,0,14-3-29 15:37:10,1
8X8IS1B4GU,120.111,36.5518,4740684,62,100,0,14-3-29 15:38:10,1
8X8IS1B4GU,120.107,36.5456,4740691,64,100,0,14-3-29 15:38:53,1
8X8IS1B4GU,120.106,36.5431,4740694,60,95,0,14-3-29 15:39:10,1
8X8IS1B4GU,120.102,36.5343,4740704,62,95,0,14-3-29 15:40:10,1
8X8IS1B4GU,120.099,36.5255,4740714,62,95,0,14-3-29 15:41:10,1
8X8IS1B4GU,120.095,36.5167,4740724,62,95,0,14-3-29 15:42:10,1
8X8IS1B4GU,120.091,36.5082,4740734,62,100,0,14-3-29 15:43:10,1
8X8IS1B4GU,120.086,36.502,4740741,62,105,0,14-3-29 15:43:54,1
8X8IS1B4GU,120.085,36.4998,4740744,62,105,0,14-3-29 15:44:10,1
8X8IS1B4GU,120.079,36.4919,4740754,62,105,0,14-3-29 15:45:10,1
8X8IS1B4GU,120.074,36.4835,4740764,62,100,0,14-3-29 15:46:10,1
8X8IS1B4GU,120.07,36.4746,4740774,62,95,0,14-3-29 15:47:10,1
8X8IS1B4GU,120.066,36.4656,4740784,62,95,0,14-3-29 15:48:10,1
8X8IS1B4GU,120.064,36.459,4740791,64,100,0,14-3-29 15:48:55,1
8X8IS1B4GU,120.062,36.4568,4740794,64,100,0,14-3-29 15:49:10,1
8X8IS1B4GU,120.057,36.4487,4740803,62,105,0,14-3-29 15:50:10,1
8X8IS1B4GU,120.051,36.4407,4740813,62,105,0,14-3-29 15:51:10,1
8X8IS1B4GU,120.046,36.4323,4740823,64,100,0,14-3-29 15:52:10,1
8X8IS1B4GU,120.042,36.4234,4740833,62,95,0,14-3-29 15:53:10,1
8X8IS1B4GU,120.04,36.4164,4740841,60,95,0,14-3-29 15:53:56,1
8X8IS1B4GU,120.039,36.4144,4740843,56,95,0,14-3-29 15:54:10,1
8X8IS1B4GU,120.035,36.4062,4740852,62,100,0,14-3-29 15:55:10,1
8X8IS1B4GU,120.019,36.3808,4740883,62,105,0,14-3-29 15:58:10,1
8X8IS1B4GU,120.013,36.3754,4740891,64,110,0,14-3-29 15:58:57,1
8X8IS1B4GU,120.011,36.374,4740893,62,110,0,14-3-29 15:59:11,1
8X8IS1B4GU,120.001,36.3688,4740903,58,115,0,14-3-29 16:0:11,1
8X8IS1B4GU,119.992,36.3644,4740912,58,115,0,14-3-29 16:1:11,1
8X8IS1B4GU,119.982,36.3595,4740921,60,115,0,14-3-29 16:2:11,1
8X8IS1B4GU,119.974,36.3535,4740931,58,110,0,14-3-29 16:3:11,1
8X8IS1B4GU,119.968,36.3481,4740939,60,105,0,14-3-29 16:3:59,1
8X8IS1B4GU,119.967,36.3465,4740940,62,105,0,14-3-29 16:4:11,1
8X8IS1B4GU,119.962,36.3381,4740951,62,100,0,14-3-29 16:5:11,1
8X8IS1B4GU,119.958,36.3293,4740960,62,95,0,14-3-29 16:6:11,1
8X8IS1B4GU,119.954,36.3203,4740971,66,95,0,14-3-29 16:7:11,1
8X8IS1B4GU,119.95,36.3109,4740981,64,95,0,14-3-29 16:8:11,1
8X8IS1B4GU,119.948,36.3036,4740989,56,95,0,14-3-29 16:9:0,1
8X8IS1B4GU,119.947,36.3021,4740991,53,95,0,14-3-29 16:9:11,1
8X8IS1B4GU,119.945,36.2927,4741001,66,90,0,14-3-29 16:10:11,1
8X8IS1B4GU,119.945,36.2835,4741011,62,85,0,14-3-29 16:11:11,1
8X8IS1B4GU,119.946,36.2745,4741020,60,85,0,14-3-29 16:12:11,1
8X8IS1B4GU,119.948,36.2657,4741030,55,85,0,14-3-29 16:13:11,1
8X8IS1B4GU,119.95,36.2581,4741038,62,80,0,14-3-29 16:14:2,1
8X8IS1B4GU,119.95,36.2568,4741039,58,85,0,14-3-29 16:14:11,1
8X8IS1B4GU,119.949,36.2207,4741077,60,85,0,14-3-29 16:19:4,1
8X8IS1B4GU,119.949,36.2196,4741079,60,85,0,14-3-29 16:19:11,1
8X8IS1B4GU,119.951,36.2105,4741088,62,80,0,14-3-29 16:20:11,1
8X8IS1B4GU,119.954,36.2013,4741098,60,75,0,14-3-29 16:21:11,1
8X8IS1B4GU,119.959,36.192,4741109,84,75,0,14-3-29 16:22:11,1
8X8IS1B4GU,119.965,36.1794,4741123,82,75,0,14-3-29 16:23:11,1
8X8IS1B4GU,119.97,36.167,4741137,93,80,0,14-3-29 16:24:11,1
8X8IS1B4GU,119.97,36.1666,4741138,95,80,0,14-3-29 16:24:13,1
8X8IS1B4GU,119.973,36.1536,4741152,90,85,0,14-3-29 16:25:11,1
8X8IS1B4GU,119.975,36.1408,4741165,78,85,0,14-3-29 16:26:11,1
8X8IS1B4GU,119.976,36.1303,4741177,62,85,0,14-3-29 16:27:11,1
8X8IS1B4GU,119.978,36.1217,4741186,53,80,0,14-3-29 16:28:12,1
8X8IS1B4GU,119.981,36.1133,4741195,58,80,0,14-3-29 16:29:12,1
8X8IS1B4GU,119.982,36.1109,4741198,58,80,0,14-3-29 16:29:29,1
8X8IS1B4GU,119.983,36.1043,4741205,68,85,0,14-3-29 16:30:12,1
8X8IS1B4GU,119.983,36.0931,4741217,74,90,0,14-3-29 16:31:12,1
8X8IS1B4GU,119.98,36.0827,4741228,62,90,0,14-3-29 16:32:12,1
8X8IS1B4GU,119.978,36.0736,4741237,62,90,0,14-3-29 16:33:12,1
8X8IS1B4GU,119.976,36.0648,4741247,55,95,0,14-3-29 16:34:12,1
8X8IS1B4GU,119.975,36.062,4741250,58,95,0,14-3-29 16:34:32,1
8X8IS1B4GU,119.973,36.0564,4741256,60,100,0,14-3-29 16:35:12,1
8X8IS1B4GU,119.97,36.0477,4741266,60,95,0,14-3-29 16:36:12,1
8X8IS1B4GU,119.968,36.0394,4741275,58,90,0,14-3-29 16:37:12,1
8X8IS1B4GU,119.969,36.0294,4741285,74,85,0,14-3-29 16:38:12,1
8X8IS1B4GU,119.971,36.0204,4741295,43,85,0,14-3-29 16:39:12,1
8X8IS1B4GU,119.971,36.0183,4741297,39,85,0,14-3-29 16:39:33,1
8X8IS1B4GU,119.972,36.014,4741302,53,85,0,14-3-29 16:40:12,1
8X8IS1B4GU,119.971,36.004,4741313,70,90,0,14-3-29 16:41:12,1
8X8IS1B4GU,119.968,35.9956,4741322,49,95,0,14-3-29 16:42:12,1
8X8IS1B4GU,119.966,35.9881,4741330,58,95,0,14-3-29 16:43:12,1
8X8IS1B4GU,119.964,35.979,4741339,55,95,0,14-3-29 16:44:12,1
8X8IS1B4GU,119.964,35.9761,4741343,47,90,0,14-3-29 16:44:35,1
8X8IS1B4GU,119.963,35.9716,4741347,56,90,0,14-3-29 16:45:12,1
8X8IS1B4GU,119.963,35.9606,4741359,90,85,0,14-3-29 16:46:12,1
8X8IS1B4GU,119.964,35.9498,4741371,60,85,0,14-3-29 16:47:12,1
8X8IS1B4GU,119.964,35.9393,4741382,74,90,0,14-3-29 16:48:12,1
8X8IS1B4GU,119.96,35.9297,4741392,55,100,0,14-3-29 16:49:12,1
8X8IS1B4GU,119.959,35.9265,4741396,58,100,0,14-3-29 16:49:37,1
8X8IS1B4GU,119.956,35.922,4741401,62,105,0,14-3-29 16:50:12,1
8X8IS1B4GU,119.948,35.913,4741413,72,105,0,14-3-29 16:51:12,1
8X8IS1B4GU,119.942,35.9049,4741423,66,105,0,14-3-29 16:52:12,1
8X8IS1B4GU,119.935,35.896,4741434,74,105,0,14-3-29 16:53:12,1
8X8IS1B4GU,119.927,35.8866,4741446,74,105,0,14-3-29 16:54:12,1
8X8IS1B4GU,119.923,35.8832,4741451,60,105,0,14-3-29 16:54:39,1
8X8IS1B4GU,119.919,35.8792,4741457,62,105,0,14-3-29 16:55:12,1
8X8IS1B4GU,119.912,35.8719,4741466,60,105,0,14-3-29 16:56:12,1
8X8IS1B4GU,119.905,35.8647,4741476,60,105,0,14-3-29 16:57:13,1
8X8IS1B4GU,119.898,35.8576,4741486,62,110,0,14-3-29 16:58:13,1
8X8IS1B4GU,119.89,35.8512,4741496,60,115,0,14-3-29 16:59:13,1
8X8IS1B4GU,119.885,35.8483,4741501,60,115,0,14-3-29 16:59:45,1
8X8IS1B4GU,119.881,35.846,4741505,58,115,0,14-3-29 17:0:13,1
8X8IS1B4GU,119.871,35.8409,4741515,64,115,0,14-3-29 17:1:13,1
8X8IS1B4GU,119.864,35.8367,4741523,37,115,0,14-3-29 17:2:13,1
8X8IS1B4GU,119.858,35.833,4741530,51,115,0,14-3-29 17:3:13,1
8X8IS1B4GU,119.85,35.8272,4741539,56,110,0,14-3-29 17:4:13,1
8X8IS1B4GU,119.846,35.8236,4741544,58,105,0,14-3-29 17:4:47,1
8X8IS1B4GU,119.843,35.8205,4741548,60,105,0,14-3-29 17:5:13,1
8X8IS1B4GU,119.836,35.8123,4741558,72,105,0,14-3-29 17:6:13,1
8X8IS1B4GU,119.83,35.804,4741569,62,105,0,14-3-29 17:7:13,1
8X8IS1B4GU,119.825,35.7952,4741579,66,100,0,14-3-29 17:8:13,1
8X8IS1B4GU,119.821,35.7865,4741589,62,95,0,14-3-29 17:9:13,1
8X8IS1B4GU,119.819,35.7812,4741595,62,95,0,14-3-29 17:9:48,1
8X8IS1B4GU,119.817,35.7776,4741599,62,100,0,14-3-29 17:10:13,1
8X8IS1B4GU,119.812,35.7696,4741609,58,105,0,14-3-29 17:11:13,1
8X8IS1B4GU,119.807,35.7641,4741616,43,110,0,14-3-29 17:12:13,1
8X8IS1B4GU,119.802,35.7589,4741623,43,105,0,14-3-29 17:13:13,1
8X8IS1B4GU,119.797,35.7524,4741631,60,105,0,14-3-29 17:14:13,1
8X8IS1B4GU,119.792,35.7476,4741638,70,105,0,14-3-29 17:14:50,1
8X8IS1B4GU,119.789,35.7443,4741642,76,110,0,14-3-29 17:15:13,1
8X8IS1B4GU,119.78,35.737,4741653,64,110,0,14-3-29 17:16:13,1
8X8IS1B4GU,119.772,35.7306,4741663,60,110,0,14-3-29 17:17:13,1
8X8IS1B4GU,119.763,35.7229,4741674,80,110,0,14-3-29 17:18:13,1
8X8IS1B4GU,119.753,35.7159,4741686,64,115,0,14-3-29 17:19:13,1
8X8IS1B4GU,119.747,35.7127,4741692,51,115,0,14-3-29 17:19:51,1
8X8IS1B4GU,119.744,35.7113,4741694,47,120,0,14-3-29 17:20:13,1
8X8IS1B4GU,119.737,35.7078,4741702,51,120,0,14-3-29 17:21:13,1
8X8IS1B4GU,119.728,35.7034,4741710,53,115,0,14-3-29 17:22:13,1
8X8IS1B4GU,119.721,35.6979,4741719,60,110,0,14-3-29 17:23:13,1
8X8IS1B4GU,119.714,35.6906,4741729,60,105,0,14-3-29 17:24:13,1
8X8IS1B4GU,119.709,35.6859,4741735,58,110,0,14-3-29 17:24:53,1
8X8IS1B4GU,119.707,35.6836,4741739,60,110,0,14-3-29 17:25:13,1
8X8IS1B4GU,119.698,35.6774,4741749,60,115,0,14-3-29 17:26:14,1
8X8IS1B4GU,119.688,35.6726,4741758,68,120,0,14-3-29 17:27:14,1
8X8IS1B4GU,119.676,35.6682,4741770,68,120,0,14-3-29 17:28:14,1
8X8IS1B4GU,119.665,35.6644,4741780,62,120,0,14-3-29 17:29:14,1
8X8IS1B4GU,119.659,35.6619,4741786,53,120,0,14-3-29 17:29:56,1
8X8IS1B4GU,119.656,35.6609,4741789,56,120,0,14-3-29 17:30:14,1
8X8IS1B4GU,119.646,35.6564,4741799,60,115,0,14-3-29 17:31:14,1
8X8IS1B4GU,119.637,35.6506,4741808,62,110,0,14-3-29 17:32:14,1
8X8IS1B4GU,119.63,35.6437,4741818,62,110,0,14-3-29 17:33:14,1
8X8IS1B4GU,119.622,35.6373,4741828,58,110,0,14-3-29 17:34:14,1
8X8IS1B4GU,119.616,35.6334,4741835,60,115,0,14-3-29 17:34:57,1
8X8IS1B4GU,119.613,35.6319,4741837,60,115,0,14-3-29 17:35:14,1
8X8IS1B4GU,119.604,35.6269,4741847,60,115,0,14-3-29 17:36:14,1
8X8IS1B4GU,119.596,35.6209,4741856,58,110,0,14-3-29 17:37:14,1
8X8IS1B4GU,119.588,35.6141,4741866,64,110,0,14-3-29 17:38:14,1
8X8IS1B4GU,119.579,35.6079,4741876,60,115,0,14-3-29 17:39:14,1
8X8IS1B4GU,119.573,35.6041,4741883,60,115,0,14-3-29 17:39:58,1
8X8IS1B4GU,119.57,35.6027,4741886,60,115,0,14-3-29 17:40:14,1
8X8IS1B4GU,119.562,35.5969,4741895,62,110,0,14-3-29 17:41:14,1
8X8IS1B4GU,119.555,35.5899,4741905,53,105,0,14-3-29 17:42:14,1
8X8IS1B4GU,119.545,35.5738,4741924,68,100,0,14-3-29 17:44:14,1
8X8IS1B4GU,119.542,35.5673,4741932,58,100,0,14-3-29 17:44:59,1
8X8IS1B4GU,119.54,35.5655,4741934,55,105,0,14-3-29 17:45:14,1
8X8IS1B4GU,119.534,35.5588,4741943,56,110,0,14-3-29 17:46:14,1
8X8IS1B4GU,119.528,35.5534,4741951,43,110,0,14-3-29 17:47:14,1
8X8IS1B4GU,119.521,35.5481,4741959,62,110,0,14-3-29 17:48:14,1
8X8IS1B4GU,119.513,35.5405,4741969,55,105,0,14-3-29 17:49:14,1
8X8IS1B4GU,119.509,35.5355,4741976,58,110,0,14-3-29 17:50:0,1
8X8IS1B4GU,119.507,35.534,4741978,60,110,0,14-3-29 17:50:14,1
8X8IS1B4GU,119.499,35.5278,4741988,62,110,0,14-3-29 17:51:14,1
8X8IS1B4GU,119.491,35.5208,4741998,56,105,0,14-3-29 17:52:14,1
8X8IS1B4GU,119.486,35.5143,4742006,53,105,0,14-3-29 17:53:14,1
8X8IS1B4GU,119.48,35.5076,4742015,45,105,0,14-3-29 17:54:15,1
8X8IS1B4GU,119.477,35.5035,4742020,39,100,0,14-3-29 17:55:2,1
8X8IS1B4GU,119.477,35.5022,4742021,43,100,0,14-3-29 17:55:15,1
8X8IS1B4GU,119.473,35.4939,4742031,76,95,0,14-3-29 17:56:15,1
8X8IS1B4GU,119.468,35.4822,4742044,78,100,0,14-3-29 17:57:15,1
8X8IS1B4GU,119.462,35.4733,4742055,64,105,0,14-3-29 17:58:15,1
8X8IS1B4GU,119.449,35.459,4742074,78,105,0,14-3-29 18:0:3,1
8X8IS1B4GU,119.447,35.4572,4742076,74,105,0,14-3-29 18:0:15,1
8X8IS1B4GU,119.44,35.4499,4742086,51,110,0,14-3-29 18:1:15,1
8X8IS1B4GU,119.432,35.4438,4742096,58,115,0,14-3-29 18:2:15,1
8X8IS1B4GU,119.425,35.4397,4742103,41,115,0,14-3-29 18:3:15,1
8X8IS1B4GU,119.417,35.4348,4742111,60,110,0,14-3-29 18:4:15,1
8X8IS1B4GU,119.412,35.4277,4742120,74,100,0,14-3-29 18:5:4,1
8X8IS1B4GU,119.411,35.4259,4742122,74,100,0,14-3-29 18:5:15,1
8X8IS1B4GU,119.405,35.4158,4742134,64,100,0,14-3-29 18:6:15,1
8X8IS1B4GU,119.4,35.4072,4742144,64,100,0,14-3-29 18:7:15,1
8X8IS1B4GU,119.394,35.3982,4742155,74,105,0,14-3-29 18:8:15,1
8X8IS1B4GU,119.388,35.3896,4742166,64,100,0,14-3-29 18:9:15,1
8X8IS1B4GU,119.383,35.3807,4742176,62,95,0,14-3-29 18:10:15,1
8X8IS1B4GU,119.38,35.3717,4742186,64,95,0,14-3-29 18:11:15,1
8X8IS1B4GU,119.376,35.3632,4742196,53,100,0,14-3-29 18:12:15,1
8X8IS1B4GU,119.374,35.3613,4742199,0,0,0,14-3-29 18:13:8,1
8X8IS1B4GU,119.374,35.3613,4742199,0,0,0,14-3-29 18:13:15,1
8X8IS1B4GU,119.374,35.3614,4742199,0,0,0,14-3-29 18:14:15,1
8X8IS1B4GU,119.374,35.3614,4742199,0,0,0,14-3-29 18:15:15,1
8X8IS1B4GU,119.374,35.3614,4742199,0,0,0,14-3-29 18:16:15,1
8X8IS1B4GU,119.374,35.3614,4742199,0,0,0,14-3-29 18:17:15,1
8X8IS1B4GU,119.374,35.3614,4742199,0,0,0,14-3-29 18:18:15,1
8X8IS1B4GU,119.374,35.3614,4742199,0,0,0,14-3-29 18:19:15,1
8X8IS1B4GU,119.374,35.3613,4742199,0,0,0,14-3-29 18:20:15,1
8X8IS1B4GU,119.374,35.3613,4742199,0,0,0,14-3-29 18:21:15,1
8X8IS1B4GU,119.373,35.3613,4742199,0,0,0,14-3-29 18:22:15,1
8X8IS1B4GU,119.373,35.3613,4742199,0,0,0,14-3-29 18:23:15,1
8X8IS1B4GU,119.374,35.3613,4742199,0,0,0,14-3-29 18:24:16,1
8X8IS1B4GU,119.373,35.3613,4742199,0,0,0,14-3-29 18:25:9,1
8X8IS1B4GU,119.373,35.3613,4742199,0,0,0,14-3-29 18:25:16,1
8X8IS1B4GU,119.373,35.3613,4742199,0,100,0,14-3-29 18:26:16,1
8X8IS1B4GU,119.373,35.3613,4742199,0,0,0,14-3-29 18:27:16,1
8X8IS1B4GU,119.373,35.3613,4742199,0,105,0,14-3-29 18:28:16,1
8X8IS1B4GU,119.374,35.3613,4742199,0,0,0,14-3-29 18:29:16,1
8X8IS1B4GU,119.374,35.3612,4742199,0,0,0,14-3-29 18:30:10,1
8X8IS1B4GU,119.374,35.3612,4742199,0,0,0,14-3-29 18:30:16,1
8X8IS1B4GU,119.374,35.3612,4742199,0,105,0,14-3-29 18:31:16,1
8X8IS1B4GU,119.373,35.3613,4742199,0,100,0,14-3-29 18:32:16,1
8X8IS1B4GU,119.373,35.3613,4742199,0,0,0,14-3-29 18:33:16,1
8X8IS1B4GU,119.373,35.3613,4742199,0,0,0,14-3-29 18:34:16,1
8X8IS1B4GU,119.373,35.3613,4742199,0,0,0,14-3-29 18:35:12,1
8X8IS1B4GU,119.373,35.3613,4742199,0,0,0,14-3-29 18:35:16,1
8X8IS1B4GU,119.373,35.3613,4742199,0,0,0,14-3-29 18:36:16,1
8X8IS1B4GU,119.373,35.3613,4742199,0,0,0,14-3-29 18:37:16,1
8X8IS1B4GU,119.373,35.3613,4742199,0,0,0,14-3-29 18:38:16,1
8X8IS1B4GU,119.373,35.3613,4742199,0,0,0,14-3-29 18:39:16,1
8X8IS1B4GU,119.373,35.3613,4742199,0,0,0,14-3-29 18:40:13,1
8X8IS1B4GU,119.373,35.3613,4742199,0,0,0,14-3-29 18:40:16,1
8X8IS1B4GU,119.374,35.3613,4742199,0,0,0,14-3-29 18:41:16,1
8X8IS1B4GU,119.374,35.3613,4742199,0,0,0,14-3-29 18:42:16,1
8X8IS1B4GU,119.374,35.3613,4742199,0,0,0,14-3-29 18:43:16,1
8X8IS1B4GU,119.374,35.3613,4742199,0,0,0,14-3-29 18:44:16,1
8X8IS1B4GU,119.374,35.3613,4742199,0,0,0,14-3-29 18:45:17,1
8X8IS1B4GU,119.374,35.3613,4742199,0,0,0,14-3-29 18:46:16,1
8X8IS1B4GU,119.373,35.3613,4742199,0,0,0,14-3-29 18:47:16,1
8X8IS1B4GU,119.373,35.3613,4742199,0,0,0,14-3-29 18:48:16,1
8X8IS1B4GU,119.373,35.3612,4742199,0,0,0,14-3-29 18:49:16,1
8X8IS1B4GU,119.373,35.3612,4742199,0,0,0,14-3-29 18:50:16,1
8X8IS1B4GU,119.373,35.3612,4742199,0,0,0,14-3-29 18:50:20,1
8X8IS1B4GU,119.373,35.3612,4742199,0,0,0,14-3-29 18:51:16,1
8X8IS1B4GU,119.373,35.3613,4742199,0,0,0,14-3-29 18:52:16,1
8X8IS1B4GU,119.373,35.3613,4742199,0,0,0,14-3-29 18:53:17,1
8X8IS1B4GU,119.374,35.3612,4742199,0,0,0,14-3-29 18:54:17,1
8X8IS1B4GU,119.374,35.3613,4742199,0,0,0,14-3-29 18:55:22,1
8X8IS1B4GU,119.373,35.3612,4742199,0,0,0,14-3-29 18:56:17,1
8X8IS1B4GU,119.373,35.3612,4742199,0,0,0,14-3-29 18:57:17,1
8X8IS1B4GU,119.373,35.3612,4742199,0,0,0,14-3-29 18:58:17,1
8X8IS1B4GU,119.373,35.3612,4742199,0,0,0,14-3-29 18:59:17,1
8X8IS1B4GU,119.373,35.3613,4742199,0,0,0,14-3-29 19:0:24,1
8X8IS1B4GU,119.373,35.3613,4742199,0,0,0,14-3-29 19:1:17,1
8X8IS1B4GU,119.373,35.3613,4742199,0,0,0,14-3-29 19:2:17,1
8X8IS1B4GU,119.373,35.3613,4742199,0,0,0,14-3-29 19:3:17,1
8X8IS1B4GU,119.373,35.3614,4742199,0,0,0,14-3-29 19:4:17,1
8X8IS1B4GU,119.373,35.3614,4742199,0,0,0,14-3-29 19:5:17,1
8X8IS1B4GU,119.373,35.3614,4742199,0,0,0,14-3-29 19:5:25,1
8X8IS1B4GU,119.373,35.3614,4742199,0,0,0,14-3-29 19:6:17,1
8X8IS1B4GU,119.373,35.3613,4742199,0,0,0,14-3-29 19:8:17,1
8X8IS1B4GU,119.373,35.3613,4742199,0,0,0,14-3-29 19:9:17,1
8X8IS1B4GU,119.373,35.3613,4742199,0,0,0,14-3-29 19:10:17,1
8X8IS1B4GU,119.373,35.3613,4742199,0,0,0,14-3-29 19:10:26,1
8X8IS1B4GU,119.373,35.3613,4742199,0,0,0,14-3-29 19:11:17,1
8X8IS1B4GU,119.373,35.3613,4742199,0,0,0,14-3-29 19:12:17,1
8X8IS1B4GU,119.373,35.3613,4742199,0,0,0,14-3-29 19:13:17,1
8X8IS1B4GU,119.373,35.3612,4742199,0,0,0,14-3-29 19:14:17,1
8X8IS1B4GU,119.373,35.3612,4742199,0,0,0,14-3-29 19:15:17,1
8X8IS1B4GU,119.373,35.3612,4742199,0,0,0,14-3-29 19:15:27,1
8X8IS1B4GU,119.373,35.3612,4742199,0,0,0,14-3-29 19:16:17,1
8X8IS1B4GU,119.373,35.3612,4742199,0,0,0,14-3-29 19:17:17,1
8X8IS1B4GU,119.373,35.3612,4742199,0,0,0,14-3-29 19:18:17,1
8X8IS1B4GU,119.373,35.3612,4742199,0,0,0,14-3-29 19:19:17,1
8X8IS1B4GU,119.373,35.3612,4742199,0,0,0,14-3-29 19:20:17,1
8X8IS1B4GU,119.373,35.3612,4742199,0,0,0,14-3-29 19:20:28,1
8X8IS1B4GU,119.373,35.3612,4742199,0,0,0,14-3-29 19:21:17,1
8X8IS1B4GU,119.373,35.3612,4742199,0,0,0,14-3-29 19:22:17,1
8X8IS1B4GU,119.373,35.3612,4742199,0,0,0,14-3-29 19:23:18,1
8X8IS1B4GU,119.373,35.3613,4742199,0,0,0,14-3-29 19:24:18,1
8X8IS1B4GU,119.373,35.3612,4742199,0,0,0,14-3-29 19:25:18,1
8X8IS1B4GU,119.373,35.3612,4742199,0,0,0,14-3-29 19:25:30,1
8X8IS1B4GU,119.373,35.3612,4742199,0,0,0,14-3-29 19:26:18,1
8X8IS1B4GU,119.373,35.3612,4742199,0,0,0,14-3-29 19:27:18,1
8X8IS1B4GU,119.373,35.3612,4742199,0,0,0,14-3-29 19:28:18,1
8X8IS1B4GU,119.373,35.3612,4742199,0,0,0,14-3-29 19:29:18,1
8X8IS1B4GU,119.373,35.3612,4742199,0,0,0,14-3-29 19:30:18,1
8X8IS1B4GU,119.373,35.3612,4742199,0,0,0,14-3-29 19:30:31,1
8X8IS1B4GU,119.373,35.3612,4742199,0,0,0,14-3-29 19:31:18,1
8X8IS1B4GU,119.373,35.3612,4742199,0,0,0,14-3-29 19:32:18,1
8X8IS1B4GU,119.373,35.3613,4742199,0,0,0,14-3-29 19:33:18,1
8X8IS1B4GU,119.373,35.3613,4742199,0,0,0,14-3-29 19:34:18,1
8X8IS1B4GU,119.373,35.3612,4742199,0,0,0,14-3-29 19:35:18,1
8X8IS1B4GU,119.373,35.3612,4742199,0,0,0,14-3-29 19:35:36,1
8X8IS1B4GU,119.373,35.3613,4742199,0,0,0,14-3-29 19:36:18,1
8X8IS1B4GU,119.373,35.3613,4742199,0,0,0,14-3-29 19:37:18,1
8X8IS1B4GU,119.373,35.3613,4742199,0,0,0,14-3-29 19:38:18,1
8X8IS1B4GU,119.373,35.3613,4742199,0,0,0,14-3-29 19:39:18,1
8X8IS1B4GU,119.373,35.3613,4742199,0,0,0,14-3-29 19:40:18,1
8X8IS1B4GU,119.373,35.3613,4742199,0,0,0,14-3-29 19:40:37,1
8X8IS1B4GU,119.373,35.3613,4742199,0,0,0,14-3-29 19:41:18,1
8X8IS1B4GU,119.373,35.3613,4742199,0,0,0,14-3-29 19:42:18,1
8X8IS1B4GU,119.373,35.3613,4742199,0,0,0,14-3-29 19:43:18,1
8X8IS1B4GU,119.373,35.3614,4742199,0,0,0,14-3-29 19:44:18,1
8X8IS1B4GU,119.373,35.3613,4742199,0,150,0,14-3-29 19:45:18,1
8X8IS1B4GU,119.373,35.3614,4742199,0,0,0,14-3-29 19:45:38,1
8X8IS1B4GU,119.373,35.3614,4742199,0,0,0,14-3-29 19:46:18,1
8X8IS1B4GU,119.373,35.3614,4742199,0,0,0,14-3-29 19:47:18,1
8X8IS1B4GU,119.373,35.3614,4742199,0,0,0,14-3-29 19:48:18,1
8X8IS1B4GU,119.373,35.3614,4742199,0,0,0,14-3-29 19:49:18,1
8X8IS1B4GU,119.373,35.3614,4742199,0,0,0,14-3-29 19:50:18,1
8X8IS1B4GU,119.374,35.3614,4742199,0,0,0,14-3-29 19:50:39,1
8X8IS1B4GU,119.374,35.3613,4742199,0,0,0,14-3-29 19:51:18,1
8X8IS1B4GU,119.373,35.3613,4742199,0,0,0,14-3-29 19:52:19,1
8X8IS1B4GU,119.373,35.3613,4742199,0,0,0,14-3-29 19:53:19,1
8X8IS1B4GU,119.374,35.3613,4742199,0,0,0,14-3-29 19:54:19,1
8X8IS1B4GU,119.373,35.3613,4742199,0,0,0,14-3-29 19:55:19,1
8X8IS1B4GU,119.373,35.3613,4742199,0,0,0,14-3-29 19:55:41,1
8X8IS1B4GU,119.374,35.3613,4742199,0,0,0,14-3-29 19:56:19,1
8X8IS1B4GU,119.373,35.3612,4742199,0,0,0,14-3-29 19:57:19,1
8X8IS1B4GU,119.374,35.3612,4742199,0,0,0,14-3-29 19:58:19,1
8X8IS1B4GU,119.374,35.3613,4742199,0,0,0,14-3-29 19:59:19,1
8X8IS1B4GU,119.373,35.3613,4742199,0,0,0,14-3-29 20:0:19,1
8X8IS1B4GU,119.373,35.3613,4742199,0,0,0,14-3-29 20:0:42,1
8X8IS1B4GU,119.373,35.3613,4742199,0,0,0,14-3-29 20:1:19,1
8X8IS1B4GU,119.373,35.3613,4742199,0,0,0,14-3-29 20:2:19,1
8X8IS1B4GU,119.373,35.3613,4742199,0,0,0,14-3-29 20:3:19,1
8X8IS1B4GU,119.373,35.3613,4742199,0,0,0,14-3-29 20:4:19,1
8X8IS1B4GU,119.373,35.3613,4742199,0,0,0,14-3-29 20:5:19,1
8X8IS1B4GU,119.373,35.3613,4742199,0,0,0,14-3-29 20:5:43,1
8X8IS1B4GU,119.373,35.3613,4742199,0,0,0,14-3-29 20:6:19,1
8X8IS1B4GU,119.373,35.3612,4742199,0,0,0,14-3-29 20:7:19,1
8X8IS1B4GU,119.373,35.3612,4742199,0,0,0,14-3-29 20:8:19,1
8X8IS1B4GU,119.373,35.3612,4742199,0,0,0,14-3-29 20:9:19,1
8X8IS1B4GU,119.373,35.3612,4742199,0,0,0,14-3-29 20:10:19,1
8X8IS1B4GU,119.373,35.3612,4742199,0,0,0,14-3-29 20:10:44,1
8X8IS1B4GU,119.373,35.3613,4742199,0,0,0,14-3-29 20:11:19,1
8X8IS1B4GU,119.373,35.3613,4742199,0,0,0,14-3-29 20:12:19,1
8X8IS1B4GU,119.373,35.3613,4742199,0,0,0,14-3-29 20:13:19,1
8X8IS1B4GU,119.373,35.3613,4742199,0,0,0,14-3-29 20:14:19,1
8X8IS1B4GU,119.373,35.3613,4742199,0,0,0,14-3-29 20:15:19,1
8X8IS1B4GU,119.373,35.3612,4742199,0,0,0,14-3-29 20:15:46,1
8X8IS1B4GU,119.373,35.3612,4742199,2,110,0,14-3-29 20:16:19,1
8X8IS1B4GU,119.373,35.3612,4742199,0,0,0,14-3-29 20:17:19,1
8X8IS1B4GU,119.374,35.3615,4742199,4,20,0,14-3-29 20:18:19,1
8X8IS1B4GU,119.374,35.3621,4742200,2,145,0,14-3-29 20:19:19,1
8X8IS1B4GU,119.374,35.3621,4742200,0,0,0,14-3-29 20:19:31,1
8X8IS1B4GU,119.374,35.3621,4742200,0,0,0,14-3-29 20:20:20,1
8X8IS1B4GU,119.374,35.3621,4742200,0,0,0,14-3-29 20:20:48,1
8X8IS1B4GU,119.374,35.362,4742200,0,140,0,14-3-29 20:21:20,1
8X8IS1B4GU,119.374,35.3621,4742200,0,0,0,14-3-29 20:22:23,1
8X8IS1B4GU,119.374,35.3621,4742200,0,0,0,14-3-29 20:23:23,1
8X8IS1B4GU,119.374,35.3621,4742200,0,0,0,14-3-29 20:24:23,1
8X8IS1B4GU,119.374,35.3621,4742200,0,0,0,14-3-29 20:25:23,1
8X8IS1B4GU,119.374,35.3621,4742200,0,0,0,14-3-29 20:25:49,1
8X8IS1B4GU,119.374,35.3621,4742200,0,0,0,14-3-29 20:26:23,1
8X8IS1B4GU,119.374,35.3621,4742200,0,0,0,14-3-29 20:27:23,1
8X8IS1B4GU,119.374,35.3622,4742200,0,0,0,14-3-29 20:28:23,1
8X8IS1B4GU,119.374,35.3621,4742200,0,0,0,14-3-29 20:29:23,1
8X8IS1B4GU,119.374,35.3621,4742200,0,0,0,14-3-29 20:30:23,1
8X8IS1B4GU,119.374,35.3622,4742200,0,0,0,14-3-29 20:30:50,1
8X8IS1B4GU,119.374,35.3621,4742200,0,0,0,14-3-29 20:31:23,1
8X8IS1B4GU,119.374,35.3621,4742200,0,0,0,14-3-29 20:32:23,1
8X8IS1B4GU,119.374,35.3621,4742200,0,0,0,14-3-29 20:33:23,1
8X8IS1B4GU,119.374,35.3621,4742200,0,0,0,14-3-29 20:34:23,1
8X8IS1B4GU,119.374,35.3621,4742200,0,0,0,14-3-29 20:35:23,1
8X8IS1B4GU,119.374,35.3621,4742200,0,0,0,14-3-29 20:35:51,1
8X8IS1B4GU,119.374,35.3621,4742200,0,55,0,14-3-29 20:36:23,1
8X8IS1B4GU,119.374,35.3621,4742200,0,0,0,14-3-29 20:37:23,1
8X8IS1B4GU,119.374,35.3621,4742200,0,0,0,14-3-29 20:38:23,1
8X8IS1B4GU,119.374,35.3621,4742200,0,0,0,14-3-29 20:39:23,1
8X8IS1B4GU,119.374,35.3621,4742200,0,0,0,14-3-29 20:40:23,1
8X8IS1B4GU,119.374,35.3621,4742200,0,0,0,14-3-29 20:40:52,1
8X8IS1B4GU,119.374,35.3621,4742200,0,0,0,14-3-29 20:41:23,1
8X8IS1B4GU,119.374,35.3621,4742200,0,0,0,14-3-29 20:42:23,1
8X8IS1B4GU,119.374,35.3621,4742200,0,0,0,14-3-29 20:43:23,1
8X8IS1B4GU,119.374,35.3621,4742200,0,0,0,14-3-29 20:44:23,1
8X8IS1B4GU,119.374,35.3621,4742200,0,0,0,14-3-29 20:45:23,1
8X8IS1B4GU,119.374,35.3621,4742200,0,0,0,14-3-29 20:45:53,1
8X8IS1B4GU,119.374,35.3621,4742200,0,0,0,14-3-29 20:46:23,1
8X8IS1B4GU,119.374,35.3621,4742200,0,0,0,14-3-29 20:47:23,1
8X8IS1B4GU,119.374,35.3621,4742200,0,0,0,14-3-29 20:48:24,1
8X8IS1B4GU,119.374,35.3621,4742200,0,0,0,14-3-29 20:49:24,1
8X8IS1B4GU,119.374,35.3621,4742200,0,0,0,14-3-29 20:50:24,1
8X8IS1B4GU,119.374,35.3621,4742200,0,0,0,14-3-29 20:50:55,1
8X8IS1B4GU,119.374,35.3621,4742200,0,0,0,14-3-29 20:51:24,1
8X8IS1B4GU,119.374,35.3621,4742200,0,0,0,14-3-29 20:52:24,1
8X8IS1B4GU,119.374,35.3621,4742200,0,0,0,14-3-29 20:53:24,1
8X8IS1B4GU,119.374,35.3621,4742200,0,0,0,14-3-29 20:54:24,1
8X8IS1B4GU,119.374,35.3621,4742200,0,0,0,14-3-29 20:55:24,1
8X8IS1B4GU,119.374,35.3621,4742200,0,0,0,14-3-29 20:55:56,1
8X8IS1B4GU,119.374,35.3621,4742200,0,0,0,14-3-29 20:56:24,1
8X8IS1B4GU,119.374,35.3621,4742200,0,0,0,14-3-29 20:57:24,1
8X8IS1B4GU,119.374,35.3621,4742200,0,0,0,14-3-29 20:58:24,1
8X8IS1B4GU,119.374,35.3621,4742200,0,0,0,14-3-29 20:59:24,1
8X8IS1B4GU,119.374,35.3621,4742200,0,0,0,14-3-29 21:0:24,1
8X8IS1B4GU,119.374,35.3621,4742200,0,0,0,14-3-29 21:0:57,1
8X8IS1B4GU,119.374,35.3621,4742200,0,0,0,14-3-29 21:1:24,1
8X8IS1B4GU,119.374,35.3621,4742200,0,0,0,14-3-29 21:2:24,1
8X8IS1B4GU,119.374,35.3621,4742200,0,0,0,14-3-29 21:3:24,1
8X8IS1B4GU,119.374,35.3622,4742200,0,0,0,14-3-29 21:4:24,1
8X8IS1B4GU,119.374,35.3621,4742200,0,0,0,14-3-29 21:5:24,1
8X8IS1B4GU,119.374,35.3621,4742200,0,0,0,14-3-29 21:5:58,1
8X8IS1B4GU,119.374,35.3621,4742200,0,0,0,14-3-29 21:6:24,1
8X8IS1B4GU,119.374,35.3621,4742200,0,0,0,14-3-29 21:7:24,1
8X8IS1B4GU,119.374,35.3621,4742200,0,0,0,14-3-29 21:8:24,1
8X8IS1B4GU,119.374,35.3621,4742200,0,45,0,14-3-29 21:9:24,1
8X8IS1B4GU,119.374,35.3621,4742200,0,0,0,14-3-29 21:10:24,1
8X8IS1B4GU,119.374,35.3621,4742200,0,0,0,14-3-29 21:10:59,1
8X8IS1B4GU,119.374,35.3621,4742200,0,0,0,14-3-29 21:11:24,1
8X8IS1B4GU,119.374,35.3621,4742200,0,0,0,14-3-29 21:12:24,1
8X8IS1B4GU,119.374,35.3621,4742200,0,0,0,14-3-29 21:13:24,1
8X8IS1B4GU,119.374,35.3621,4742200,0,0,0,14-3-29 21:14:24,1
8X8IS1B4GU,119.374,35.3621,4742200,0,0,0,14-3-29 21:15:24,1
8X8IS1B4GU,119.374,35.3621,4742200,0,0,0,14-3-29 21:16:0,1
8X8IS1B4GU,119.374,35.3621,4742200,0,0,0,14-3-29 21:16:24,1
8X8IS1B4GU,119.374,35.3621,4742200,0,0,0,14-3-29 21:17:25,1
8X8IS1B4GU,119.374,35.3621,4742200,0,0,0,14-3-29 21:18:25,1
8X8IS1B4GU,119.374,35.3621,4742200,0,0,0,14-3-29 21:19:25,1
8X8IS1B4GU,119.374,35.3621,4742200,0,0,0,14-3-29 21:20:25,1
8X8IS1B4GU,119.374,35.3621,4742200,0,0,0,14-3-29 21:21:2,1
8X8IS1B4GU,119.374,35.3621,4742200,0,0,0,14-3-29 21:21:25,1
8X8IS1B4GU,119.374,35.3621,4742200,0,0,0,14-3-29 21:22:25,1
8X8IS1B4GU,119.374,35.3622,4742200,0,0,0,14-3-29 21:23:25,1
8X8IS1B4GU,119.374,35.3622,4742200,0,0,0,14-3-29 21:24:25,1
8X8IS1B4GU,119.374,35.3622,4742200,0,0,0,14-3-29 21:25:25,1
8X8IS1B4GU,119.374,35.3622,4742200,0,0,0,14-3-29 21:26:3,1
8X8IS1B4GU,119.374,35.3621,4742200,0,50,0,14-3-29 21:26:25,1
8X8IS1B4GU,119.374,35.3621,4742200,0,0,0,14-3-29 21:27:25,1
8X8IS1B4GU,119.374,35.3621,4742200,0,0,0,14-3-29 21:28:25,1
8X8IS1B4GU,119.374,35.3621,4742200,0,0,0,14-3-29 21:29:25,1
8X8IS1B4GU,119.374,35.3621,4742200,0,0,0,14-3-29 21:30:25,1
8X8IS1B4GU,119.374,35.3621,4742200,0,0,0,14-3-29 21:31:10,1
8X8IS1B4GU,119.374,35.3621,4742200,0,0,0,14-3-29 21:31:25,1
8X8IS1B4GU,119.374,35.3621,4742200,0,0,0,14-3-29 21:32:25,1
8X8IS1B4GU,119.374,35.3621,4742200,0,0,0,14-3-29 21:33:25,1
8X8IS1B4GU,119.374,35.3621,4742200,0,0,0,14-3-29 21:34:25,1
8X8IS1B4GU,119.374,35.3621,4742200,0,0,0,14-3-29 21:35:25,1
8X8IS1B4GU,119.374,35.3621,4742200,0,0,0,14-3-29 21:36:11,1
8X8IS1B4GU,119.374,35.3621,4742200,0,0,0,14-3-29 21:36:25,1
8X8IS1B4GU,119.374,35.3621,4742200,0,0,0,14-3-29 21:37:25,1
8X8IS1B4GU,119.374,35.3621,4742200,0,0,0,14-3-29 21:38:25,1
8X8IS1B4GU,119.374,35.3621,4742200,0,0,0,14-3-29 21:39:25,1
8X8IS1B4GU,119.374,35.3621,4742200,0,0,0,14-3-29 21:40:25,1
8X8IS1B4GU,119.374,35.3621,4742200,0,80,0,14-3-29 21:41:12,1
8X8IS1B4GU,119.374,35.3621,4742200,0,80,0,14-3-29 21:41:25,1
8X8IS1B4GU,119.374,35.3621,4742200,0,80,0,14-3-29 21:42:25,1
8X8IS1B4GU,119.374,35.3621,4742200,0,85,0,14-3-29 21:43:25,1
8X8IS1B4GU,119.374,35.3621,4742200,0,85,0,14-3-29 21:44:25,1
8X8IS1B4GU,119.374,35.3622,4742200,0,85,0,14-3-29 21:45:25,1
8X8IS1B4GU,119.374,35.3622,4742200,0,0,0,14-3-29 21:46:13,1
8X8IS1B4GU,119.374,35.3622,4742200,0,90,0,14-3-29 21:46:26,1
8X8IS1B4GU,119.374,35.3622,4742200,0,0,0,14-3-29 21:47:26,1
8X8IS1B4GU,119.374,35.3622,4742200,0,0,0,14-3-29 21:48:26,1
8X8IS1B4GU,119.374,35.3622,4742200,0,0,0,14-3-29 21:49:26,1
8X8IS1B4GU,119.374,35.3621,4742200,0,0,0,14-3-29 21:50:26,1
8X8IS1B4GU,119.374,35.3621,4742200,0,75,0,14-3-29 21:51:15,1
8X8IS1B4GU,119.374,35.3621,4742200,0,0,0,14-3-29 21:51:26,1
8X8IS1B4GU,119.374,35.3621,4742200,0,50,0,14-3-29 21:52:26,1
8X8IS1B4GU,119.374,35.3621,4742200,0,0,0,14-3-29 21:53:26,1
8X8IS1B4GU,119.374,35.3621,4742200,0,0,0,14-3-29 21:54:26,1
8X8IS1B4GU,119.374,35.3621,4742200,0,0,0,14-3-29 21:55:26,1
8X8IS1B4GU,119.374,35.3621,4742200,0,0,0,14-3-29 21:56:16,1
8X8IS1B4GU,119.374,35.3621,4742200,0,0,0,14-3-29 21:56:26,1
8X8IS1B4GU,119.374,35.3621,4742200,0,30,0,14-3-29 21:57:26,1
8X8IS1B4GU,119.374,35.3622,4742200,0,0,0,14-3-29 21:58:26,1
8X8IS1B4GU,119.374,35.3622,4742200,0,0,0,14-3-29 21:59:26,1
8X8IS1B4GU,119.374,35.3622,4742200,0,0,0,14-3-29 22:0:26,1
8X8IS1B4GU,119.374,35.3622,4742200,0,0,0,14-3-29 22:1:17,1
8X8IS1B4GU,119.374,35.3621,4742200,0,0,0,14-3-29 22:1:26,1
8X8IS1B4GU,119.374,35.3622,4742200,0,0,0,14-3-29 22:2:26,1
8X8IS1B4GU,119.374,35.3621,4742200,0,175,0,14-3-29 22:3:26,1
8X8IS1B4GU,119.374,35.3622,4742200,0,175,0,14-3-29 22:4:26,1
8X8IS1B4GU,119.374,35.3622,4742200,0,0,0,14-3-29 22:5:26,1
8X8IS1B4GU,119.374,35.3622,4742200,0,0,0,14-3-29 22:6:18,1
8X8IS1B4GU,119.374,35.3622,4742200,0,0,0,14-3-29 22:6:26,1
8X8IS1B4GU,119.374,35.3623,4742200,0,0,0,14-3-29 22:7:26,1
8X8IS1B4GU,119.374,35.3622,4742200,0,0,0,14-3-29 22:8:26,1
8X8IS1B4GU,119.374,35.3622,4742200,0,20,0,14-3-29 22:9:26,1
8X8IS1B4GU,119.374,35.3623,4742200,0,0,0,14-3-29 22:10:26,1
8X8IS1B4GU,119.374,35.3623,4742200,0,35,0,14-3-29 22:11:19,1
8X8IS1B4GU,119.374,35.3623,4742200,0,0,0,14-3-29 22:11:26,1
8X8IS1B4GU,119.374,35.3623,4742200,0,0,0,14-3-29 22:12:26,1
8X8IS1B4GU,119.374,35.3622,4742200,0,0,0,14-3-29 22:13:26,1
8X8IS1B4GU,119.374,35.3621,4742200,0,55,0,14-3-29 22:14:26,1
8X8IS1B4GU,119.374,35.3622,4742200,0,0,0,14-3-29 22:15:27,1
8X8IS1B4GU,119.374,35.3622,4742200,0,0,0,14-3-29 22:16:21,1
8X8IS1B4GU,119.374,35.3622,4742200,0,0,0,14-3-29 22:16:27,1
8X8IS1B4GU,119.374,35.3622,4742200,0,0,0,14-3-29 22:17:27,1
8X8IS1B4GU,119.374,35.3622,4742200,0,0,0,14-3-29 22:18:27,1
8X8IS1B4GU,119.374,35.3622,4742200,0,0,0,14-3-29 22:19:27,1
8X8IS1B4GU,119.374,35.3621,4742200,0,0,0,14-3-29 22:20:27,1
8X8IS1B4GU,119.374,35.3621,4742200,0,0,0,14-3-29 22:21:22,1
8X8IS1B4GU,119.374,35.3621,4742200,0,0,0,14-3-29 22:21:27,1
8X8IS1B4GU,119.374,35.3621,4742200,0,0,0,14-3-29 22:22:27,1
8X8IS1B4GU,119.374,35.3622,4742200,0,0,0,14-3-29 22:23:27,1
8X8IS1B4GU,119.374,35.3622,4742200,0,0,0,14-3-29 22:24:27,1
8X8IS1B4GU,119.374,35.3622,4742200,0,0,0,14-3-29 22:25:27,1
8X8IS1B4GU,119.374,35.3621,4742200,0,0,0,14-3-29 22:26:23,1
8X8IS1B4GU,119.374,35.3621,4742200,0,0,0,14-3-29 22:26:27,1
8X8IS1B4GU,119.374,35.3622,4742200,0,0,0,14-3-29 22:27:27,1
8X8IS1B4GU,119.374,35.3622,4742200,0,0,0,14-3-29 22:28:27,1
8X8IS1B4GU,119.374,35.3621,4742200,0,0,0,14-3-29 22:29:27,1
8X8IS1B4GU,119.374,35.3621,4742200,0,0,0,14-3-29 22:30:27,1
8X8IS1B4GU,119.374,35.3621,4742200,0,0,0,14-3-29 22:31:30,1
8X8IS1B4GU,119.374,35.3621,4742200,0,0,0,14-3-29 22:32:27,1
8X8IS1B4GU,119.374,35.3621,4742200,0,0,0,14-3-29 22:33:27,1
8X8IS1B4GU,119.374,35.3621,4742200,0,0,0,14-3-29 22:34:27,1
8X8IS1B4GU,119.374,35.3621,4742200,0,0,0,14-3-29 22:35:27,1
8X8IS1B4GU,119.374,35.3621,4742200,0,0,0,14-3-29 22:36:31,1
8X8IS1B4GU,119.374,35.3621,4742200,0,85,0,14-3-29 22:37:27,1
8X8IS1B4GU,119.374,35.3621,4742200,0,0,0,14-3-29 22:38:27,1
8X8IS1B4GU,119.374,35.3621,4742200,0,0,0,14-3-29 22:39:27,1
8X8IS1B4GU,119.374,35.3621,4742200,0,0,0,14-3-29 22:40:27,1
8X8IS1B4GU,119.374,35.3621,4742200,0,0,0,14-3-29 22:41:32,1
8X8IS1B4GU,119.374,35.3621,4742200,0,0,0,14-3-29 22:42:27,1
8X8IS1B4GU,119.374,35.3621,4742200,0,0,0,14-3-29 22:43:27,1
8X8IS1B4GU,119.374,35.3621,4742200,0,0,0,14-3-29 22:44:28,1
8X8IS1B4GU,119.374,35.3621,4742200,0,0,0,14-3-29 22:45:28,1
8X8IS1B4GU,119.374,35.3621,4742200,0,0,0,14-3-29 22:46:34,1
8X8IS1B4GU,119.374,35.3621,4742200,0,0,0,14-3-29 22:47:28,1
8X8IS1B4GU,119.374,35.3621,4742200,0,0,0,14-3-29 22:48:28,1
8X8IS1B4GU,119.374,35.3621,4742200,0,0,0,14-3-29 22:49:28,1
8X8IS1B4GU,119.374,35.3621,4742200,0,0,0,14-3-29 22:50:28,1
8X8IS1B4GU,119.374,35.3621,4742200,0,0,0,14-3-29 22:51:35,1
8X8IS1B4GU,119.374,35.3621,4742200,0,0,0,14-3-29 22:52:28,1
8X8IS1B4GU,119.374,35.3621,4742200,0,0,0,14-3-29 22:53:28,1
8X8IS1B4GU,119.374,35.3621,4742200,0,0,0,14-3-29 22:54:28,1
8X8IS1B4GU,119.374,35.3621,4742200,0,0,0,14-3-29 22:55:28,1
8X8IS1B4GU,119.374,35.3621,4742200,0,0,0,14-3-29 22:56:28,1
8X8IS1B4GU,119.374,35.3621,4742200,0,40,0,14-3-29 22:56:36,1
8X8IS1B4GU,119.374,35.3621,4742200,0,40,0,14-3-29 22:57:28,1
8X8IS1B4GU,119.374,35.3621,4742200,0,40,0,14-3-29 22:58:28,1
8X8IS1B4GU,119.374,35.3622,4742200,0,0,0,14-3-29 22:59:12,1
8X8IS1B4GU,119.374,35.3622,4742200,0,0,0,14-3-29 22:59:28,1
8X8IS1B4GU,119.374,35.3621,4742200,0,0,0,14-3-29 23:0:28,1
8X8IS1B4GU,119.374,35.3621,4742200,0,0,0,14-3-29 23:1:28,1
8X8IS1B4GU,119.374,35.3621,4742200,0,0,0,14-3-29 23:1:37,1
8X8IS1B4GU,119.374,35.3621,4742200,0,0,0,14-3-29 23:2:28,1
8X8IS1B4GU,119.374,35.3621,4742200,0,0,0,14-3-29 23:3:28,1
8X8IS1B4GU,119.374,35.3621,4742200,0,0,0,14-3-29 23:4:28,1
8X8IS1B4GU,119.374,35.362,4742200,0,0,0,14-3-29 23:5:16,1
8X8IS1B4GU,119.374,35.3621,4742200,0,0,0,14-3-29 23:5:34,1
8X8IS1B4GU,119.374,35.3622,4742200,0,0,0,14-3-29 23:6:43,1
8X8IS1B4GU,119.374,35.3621,4742200,0,0,0,14-3-29 23:7:33,1
8X8IS1B4GU,119.374,35.3621,4742200,0,0,0,14-3-29 23:8:33,1
8X8IS1B4GU,119.374,35.3621,4742200,0,0,0,14-3-29 23:9:33,1
8X8IS1B4GU,119.374,35.3621,4742200,0,0,0,14-3-29 23:10:33,1
8X8IS1B4GU,119.374,35.3621,4742200,0,0,0,14-3-29 23:11:33,1
8X8IS1B4GU,119.374,35.3621,4742200,0,0,0,14-3-29 23:11:44,1
8X8IS1B4GU,119.374,35.3621,4742200,0,0,0,14-3-29 23:12:33,1
8X8IS1B4GU,119.374,35.3621,4742200,0,0,0,14-3-29 23:13:34,1
8X8IS1B4GU,119.374,35.3621,4742200,0,0,0,14-3-29 23:14:34,1
8X8IS1B4GU,119.374,35.3621,4742200,0,0,0,14-3-29 23:15:34,1
8X8IS1B4GU,119.374,35.3621,4742200,0,70,0,14-3-29 23:16:34,1
8X8IS1B4GU,119.374,35.3621,4742200,0,0,0,14-3-29 23:17:5,1
8X8IS1B4GU,119.374,35.3621,4742200,0,0,0,14-3-29 23:17:34,1
8X8IS1B4GU,119.374,35.3621,4742200,0,0,0,14-3-29 23:18:34,1
8X8IS1B4GU,119.374,35.3621,4742200,0,0,0,14-3-29 23:19:34,1
8X8IS1B4GU,119.374,35.3621,4742200,0,0,0,14-3-29 23:20:34,1
8X8IS1B4GU,119.374,35.3621,4742200,0,0,0,14-3-29 23:21:34,1
8X8IS1B4GU,119.374,35.3621,4742200,0,0,0,14-3-29 23:22:6,1
8X8IS1B4GU,119.374,35.3621,4742200,0,0,0,14-3-29 23:22:34,1
8X8IS1B4GU,119.374,35.3621,4742200,0,0,0,14-3-29 23:23:34,1
8X8IS1B4GU,119.374,35.3621,4742200,0,0,0,14-3-29 23:24:34,1
8X8IS1B4GU,119.374,35.3621,4742200,0,0,0,14-3-29 23:25:34,1
8X8IS1B4GU,119.374,35.3621,4742200,0,0,0,14-3-29 23:26:34,1
8X8IS1B4GU,119.374,35.3621,4742200,0,0,0,14-3-29 23:27:7,1
8X8IS1B4GU,119.374,35.3621,4742200,0,0,0,14-3-29 23:27:34,1
8X8IS1B4GU,119.374,35.3621,4742200,0,0,0,14-3-29 23:28:34,1
8X8IS1B4GU,119.374,35.3621,4742200,0,0,0,14-3-29 23:29:34,1
8X8IS1B4GU,119.374,35.3621,4742200,0,0,0,14-3-29 23:30:34,1
8X8IS1B4GU,119.374,35.3621,4742200,0,0,0,14-3-29 23:31:34,1
8X8IS1B4GU,119.374,35.3621,4742200,0,0,0,14-3-29 23:32:8,1
8X8IS1B4GU,119.374,35.3621,4742200,0,0,0,14-3-29 23:32:34,1
8X8IS1B4GU,119.374,35.3621,4742200,0,0,0,14-3-29 23:33:34,1
8X8IS1B4GU,119.374,35.3621,4742200,0,0,0,14-3-29 23:34:34,1
8X8IS1B4GU,119.374,35.3621,4742200,0,0,0,14-3-29 23:35:34,1
8X8IS1B4GU,119.374,35.3621,4742200,0,0,0,14-3-29 23:36:34,1
8X8IS1B4GU,119.374,35.362,4742200,0,0,0,14-3-29 23:37:9,1
8X8IS1B4GU,119.374,35.3621,4742200,0,0,0,14-3-29 23:37:34,1
8X8IS1B4GU,119.374,35.3621,4742200,0,0,0,14-3-29 23:38:34,1
8X8IS1B4GU,119.374,35.3621,4742200,0,0,0,14-3-29 23:39:34,1
8X8IS1B4GU,119.374,35.3621,4742200,0,0,0,14-3-29 23:40:34,1
8X8IS1B4GU,119.374,35.3621,4742200,0,0,0,14-3-29 23:41:34,1
8X8IS1B4GU,119.374,35.3621,4742200,0,0,0,14-3-29 23:42:11,1
8X8IS1B4GU,119.374,35.3621,4742200,0,0,0,14-3-29 23:42:35,1
8X8IS1B4GU,119.374,35.3621,4742200,0,0,0,14-3-29 23:43:35,1
8X8IS1B4GU,119.374,35.3621,4742200,0,0,0,14-3-29 23:44:35,1
8X8IS1B4GU,119.374,35.3621,4742200,0,0,0,14-3-29 23:45:35,1
8X8IS1B4GU,119.374,35.3621,4742200,0,0,0,14-3-29 23:46:35,1
8X8IS1B4GU,119.374,35.3621,4742200,0,0,0,14-3-29 23:47:12,1
8X8IS1B4GU,119.374,35.3622,4742200,0,0,0,14-3-29 23:47:35,1
8X8IS1B4GU,119.374,35.3622,4742200,0,0,0,14-3-29 23:48:35,1
8X8IS1B4GU,119.374,35.3622,4742200,0,0,0,14-3-29 23:49:35,1
8X8IS1B4GU,119.374,35.3622,4742200,0,0,0,14-3-29 23:50:35,1
8X8IS1B4GU,119.374,35.3621,4742200,0,0,0,14-3-29 23:51:35,1
8X8IS1B4GU,119.374,35.3621,4742200,0,0,0,14-3-29 23:52:13,1
8X8IS1B4GU,119.374,35.3621,4742200,0,0,0,14-3-29 23:52:35,1
8X8IS1B4GU,119.374,35.362,4742200,0,0,0,14-3-29 23:53:35,1
8X8IS1B4GU,119.374,35.3621,4742200,0,0,0,14-3-29 23:54:35,1
8X8IS1B4GU,119.374,35.3621,4742200,0,50,0,14-3-29 23:55:35,1
8X8IS1B4GU,119.374,35.3621,4742200,0,0,0,14-3-29 23:55:47,1
8X8IS1B4GU,119.374,35.3621,4742200,6,130,0,14-3-29 23:56:35,1
8X8IS1B4GU,119.373,35.3615,4742201,4,80,0,14-3-29 23:57:14,1
8X8IS1B4GU,119.373,35.3614,4742201,0,0,0,14-3-29 23:57:35,1
8X8IS1B4GU,119.373,35.3615,4742201,0,0,0,14-3-29 23:58:35,1
8X8IS1B4GU,119.373,35.3615,4742201,0,0,0,14-3-29 23:58:52,1
8X8IS1B4GU,119.373,35.3615,4742201,0,0,0,14-3-29 23:59:35,1
