96446PLXSU,114.998,25.8274,29167,70,110,0,14-3-28 0:0:10,1
96446PLXSU,114.987,25.8134,29186,59,110,0,14-3-28 0:1:40,1
96446PLXSU,114.977,25.8073,29197,55,115,0,14-3-28 0:3:10,1
96446PLXSU,114.961,25.7998,29215,77,105,0,14-3-28 0:4:40,1
96446PLXSU,114.951,25.7862,29232,75,115,0,14-3-28 0:6:10,1
96446PLXSU,114.937,25.7785,29249,72,115,0,14-3-28 0:7:40,1
96446PLXSU,114.92,25.7711,29267,72,125,0,14-3-28 0:9:10,1
96446PLXSU,114.904,25.7647,29285,61,115,0,14-3-28 0:10:40,1
96446PLXSU,114.892,25.7592,29298,59,120,0,14-3-28 0:12:10,1
96446PLXSU,114.882,25.7475,29315,74,95,0,14-3-28 0:13:40,1
96446PLXSU,114.873,25.7339,29333,72,105,0,14-3-28 0:15:10,1
96446PLXSU,114.858,25.7241,29351,72,120,0,14-3-28 0:16:40,1
96446PLXSU,114.843,25.7142,29369,75,115,0,14-3-28 0:18:10,1
96446PLXSU,114.829,25.704,29387,72,110,0,14-3-28 0:19:40,1
96446PLXSU,114.821,25.6907,29404,59,95,0,14-3-28 0:21:10,1
96446PLXSU,114.812,25.6776,29421,75,110,0,14-3-28 0:22:40,1
96446PLXSU,114.798,25.6688,29438,53,130,0,14-3-28 0:24:10,1
96446PLXSU,114.787,25.6645,29451,46,85,0,14-3-28 0:25:40,1
96446PLXSU,114.781,25.6534,29465,53,100,0,14-3-28 0:27:10,1
96446PLXSU,114.777,25.6401,29480,59,95,0,14-3-28 0:28:40,1
96446PLXSU,114.777,25.6285,29493,61,75,0,14-3-28 0:30:10,1
96446PLXSU,114.779,25.6163,29506,53,85,0,14-3-28 0:31:40,1
96446PLXSU,114.778,25.6025,29521,72,85,0,14-3-28 0:33:10,1
96446PLXSU,114.781,25.5869,29538,64,80,0,14-3-28 0:34:40,1
96446PLXSU,114.779,25.5722,29555,51,95,0,14-3-28 0:36:10,1
96446PLXSU,114.78,25.5586,29570,62,80,0,14-3-28 0:37:40,1
96446PLXSU,114.79,25.5474,29586,61,60,0,14-3-28 0:39:10,1
96446PLXSU,114.8,25.5375,29601,50,70,0,14-3-28 0:40:40,1
96446PLXSU,114.811,25.5249,29618,68,75,0,14-3-28 0:42:11,1
96446PLXSU,114.823,25.5162,29634,68,55,0,14-3-28 0:43:40,1
96446PLXSU,114.838,25.5162,29649,50,35,0,14-3-28 0:45:10,1
96446PLXSU,114.847,25.5164,29657,37,45,0,14-3-28 0:46:40,1
96446PLXSU,114.854,25.5157,29665,29,45,0,14-3-28 0:48:10,1
96446PLXSU,114.865,25.5086,29679,72,80,0,14-3-28 0:49:41,1
96446PLXSU,114.864,25.4916,29698,75,80,0,14-3-28 0:51:11,1
96446PLXSU,114.868,25.4752,29717,83,75,0,14-3-28 0:52:40,1
96446PLXSU,114.866,25.4597,29734,72,85,0,14-3-28 0:54:11,1
96446PLXSU,114.867,25.4437,29752,66,90,0,14-3-28 0:55:41,1
96446PLXSU,114.866,25.4273,29769,70,85,0,14-3-28 0:57:11,1
96446PLXSU,114.867,25.4107,29788,74,85,0,14-3-28 0:58:41,1
96446PLXSU,114.871,25.3935,29807,66,80,0,14-3-28 1:0:11,1
96446PLXSU,114.875,25.3832,29819,51,75,0,14-3-28 1:1:41,1
96446PLXSU,114.878,25.3778,29826,0,75,0,14-3-28 1:3:10,0
96446PLXSU,114.888,25.354,29856,85,90,0,14-3-28 1:5:5,1
96446PLXSU,114.885,25.3377,29874,68,95,0,14-3-28 1:6:34,1
96446PLXSU,114.883,25.3216,29892,70,90,0,14-3-28 1:8:4,1
96446PLXSU,114.878,25.3074,29908,66,100,0,14-3-28 1:9:34,1
96446PLXSU,114.874,25.293,29924,70,90,0,14-3-28 1:11:4,1
96446PLXSU,114.87,25.2775,29942,74,90,0,14-3-28 1:12:34,1
96446PLXSU,114.871,25.2611,29960,68,80,0,14-3-28 1:14:3,1
96446PLXSU,114.872,25.2461,29976,61,90,0,14-3-28 1:15:34,1
96446PLXSU,114.872,25.2301,29994,74,85,0,14-3-28 1:17:4,1
96446PLXSU,114.871,25.2142,30011,55,85,0,14-3-28 1:18:34,1
96446PLXSU,114.875,25.2015,30026,59,75,0,14-3-28 1:20:4,1
96446PLXSU,114.883,25.1892,30041,59,75,0,14-3-28 1:21:33,1
96446PLXSU,114.884,25.1751,30057,74,90,0,14-3-28 1:23:4,1
96446PLXSU,114.886,25.1577,30076,70,85,0,14-3-28 1:24:34,1
96446PLXSU,114.89,25.1435,30091,59,80,0,14-3-28 1:26:4,1
96446PLXSU,114.889,25.1302,30107,59,110,0,14-3-28 1:27:34,1
96446PLXSU,114.882,25.1204,30120,48,95,0,14-3-28 1:29:4,1
96446PLXSU,114.883,25.114,30130,0,80,0,14-3-28 1:30:33,0
96446PLXSU,114.885,25.1007,30146,44,90,0,14-3-28 1:32:4,1
96446PLXSU,114.885,25.091,30157,50,80,0,14-3-28 1:33:33,1
96446PLXSU,114.883,25.077,30176,79,105,0,14-3-28 1:35:4,1
96446PLXSU,114.879,25.0607,30194,55,80,0,14-3-28 1:36:34,1
96446PLXSU,114.881,25.0476,30209,48,85,0,14-3-28 1:38:4,1
96446PLXSU,114.877,25.0357,30222,61,85,0,14-3-28 1:39:33,1
96446PLXSU,114.884,25.0251,30236,59,70,0,14-3-28 1:41:4,1
96446PLXSU,114.888,25.0133,30250,59,95,0,14-3-28 1:42:34,1
96446PLXSU,114.887,25.0033,30261,33,80,0,14-3-28 1:44:3,1
96446PLXSU,114.889,24.9951,30272,33,75,0,14-3-28 1:45:34,1
96446PLXSU,114.897,24.986,30284,62,70,0,14-3-28 1:47:4,1
96446PLXSU,114.9,24.9737,30298,42,85,0,14-3-28 1:48:34,1
96446PLXSU,114.898,24.9615,30312,64,95,0,14-3-28 1:50:4,1
96446PLXSU,114.896,24.9483,30326,38,95,0,14-3-28 1:51:34,1
96446PLXSU,114.894,24.9357,30340,68,85,0,14-3-28 1:53:4,1
96446PLXSU,114.893,24.921,30357,72,110,0,14-3-28 1:54:34,1
96446PLXSU,114.885,24.9087,30373,61,90,0,14-3-28 1:56:4,1
96446PLXSU,114.886,24.8953,30387,50,80,0,14-3-28 1:57:34,1
96446PLXSU,114.886,24.895,30389,0,80,0,14-3-28 1:59:3,0
96446PLXSU,114.891,24.8774,30410,35,70,0,14-3-28 2:0:34,1
96446PLXSU,114.896,24.8719,30419,0,65,0,14-3-28 2:2:3,0
96446PLXSU,114.908,24.8591,30439,61,70,0,14-3-28 2:3:34,1
96446PLXSU,114.914,24.8508,30451,0,70,0,14-3-28 2:5:3,0
96446PLXSU,114.922,24.8403,30466,48,65,0,14-3-28 2:6:34,1
96446PLXSU,114.932,24.8293,30482,72,70,0,14-3-28 2:8:4,1
96446PLXSU,114.937,24.82,30493,38,75,0,14-3-28 2:9:34,1
96446PLXSU,114.945,24.8093,30507,50,70,0,14-3-28 2:11:4,1
96446PLXSU,114.948,24.8011,30516,44,90,0,14-3-28 2:12:34,1
96446PLXSU,114.948,24.795,30524,0,75,0,14-3-28 2:14:3,0
96446PLXSU,114.956,24.7814,30542,64,75,0,14-3-28 2:15:34,1
96446PLXSU,114.959,24.7748,30551,0,80,0,14-3-28 2:17:3,0
96446PLXSU,114.959,24.7748,30551,0,80,0,14-3-28 2:18:33,0
96446PLXSU,114.963,24.7556,30574,50,90,0,14-3-28 2:20:4,1
96446PLXSU,114.963,24.74,30592,57,95,0,14-3-28 2:21:56,1
96446PLXSU,114.964,24.7283,30603,0,85,0,14-3-28 2:23:25,1
96446PLXSU,114.964,24.7137,30623,66,95,0,14-3-28 2:24:55,1
96446PLXSU,114.964,24.7,30638,62,80,0,14-3-28 2:26:25,1
96446PLXSU,114.964,24.6875,30652,55,95,0,14-3-28 2:27:55,1
96446PLXSU,114.962,24.6806,30660,9,100,0,14-3-28 2:29:25,1
96446PLXSU,114.961,24.6802,30660,0,95,0,14-3-28 2:30:55,1
96446PLXSU,114.961,24.6802,30660,0,95,0,14-3-28 2:32:25,1
96446PLXSU,114.961,24.6802,30660,0,95,0,14-3-28 2:33:55,1
96446PLXSU,114.961,24.6784,30661,20,90,0,14-3-28 2:35:25,1
96446PLXSU,114.961,24.6759,30664,0,90,0,14-3-28 2:36:55,1
96446PLXSU,114.961,24.6759,30664,0,90,0,14-3-28 2:38:25,1
96446PLXSU,114.961,24.6759,30664,0,90,0,14-3-28 2:39:55,1
96446PLXSU,114.961,24.6759,30664,0,90,0,14-3-28 2:41:25,1
96446PLXSU,114.961,24.6759,30664,0,90,0,14-3-28 2:42:55,1
96446PLXSU,114.961,24.6759,30664,0,90,0,14-3-28 2:44:25,1
96446PLXSU,114.961,24.6759,30664,0,90,0,14-3-28 2:45:55,1
96446PLXSU,114.961,24.6759,30664,0,90,0,14-3-28 2:47:25,1
96446PLXSU,114.961,24.6749,30664,7,100,0,14-3-28 2:48:55,1
96446PLXSU,114.961,24.6697,30669,29,80,0,14-3-28 2:50:25,1
96446PLXSU,114.963,24.6603,30679,55,90,0,14-3-28 2:51:55,1
96446PLXSU,114.961,24.6468,30694,38,85,0,14-3-28 2:53:25,1
96446PLXSU,114.963,24.6384,30703,40,75,0,14-3-28 2:54:55,1
96446PLXSU,114.969,24.6287,30715,48,70,0,14-3-28 2:56:25,1
96446PLXSU,114.972,24.6179,30728,40,95,0,14-3-28 2:57:55,1
96446PLXSU,114.965,24.6102,30738,46,115,0,14-3-28 2:59:25,1
96446PLXSU,114.961,24.6013,30750,44,85,0,14-3-28 3:0:55,1
96446PLXSU,114.96,24.597,30754,0,90,0,14-3-28 3:2:25,1
96446PLXSU,114.96,24.5965,30754,0,100,0,14-3-28 3:3:55,1
96446PLXSU,114.96,24.5965,30754,0,100,0,14-3-28 3:5:25,1
96446PLXSU,114.96,24.5965,30754,0,100,0,14-3-28 3:6:55,1
96446PLXSU,114.96,24.5965,30754,0,100,0,14-3-28 3:8:25,1
96446PLXSU,114.96,24.5965,30754,0,100,0,14-3-28 3:9:55,1
96446PLXSU,114.96,24.5965,30754,0,100,0,14-3-28 3:11:25,1
96446PLXSU,114.96,24.5965,30754,0,100,0,14-3-28 3:12:55,1
96446PLXSU,114.96,24.5965,30754,0,100,0,14-3-28 3:14:25,1
96446PLXSU,114.96,24.5965,30754,0,100,0,14-3-28 3:15:55,1
96446PLXSU,114.96,24.5965,30754,0,100,0,14-3-28 3:17:25,1
96446PLXSU,114.96,24.5963,30754,0,80,0,14-3-28 3:19:39,1
96446PLXSU,114.959,24.5936,30756,31,105,0,14-3-28 3:21:8,1
96446PLXSU,114.952,24.5837,30773,70,105,0,14-3-28 3:22:38,1
96446PLXSU,114.942,24.572,30788,62,110,0,14-3-28 3:24:8,1
96446PLXSU,114.935,24.5582,30805,61,95,0,14-3-28 3:25:38,1
96446PLXSU,114.929,24.5422,30824,85,105,0,14-3-28 3:27:8,1
96446PLXSU,114.92,24.5291,30841,57,100,0,14-3-28 3:28:38,1
96446PLXSU,114.913,24.5148,30858,74,100,0,14-3-28 3:30:8,1
96446PLXSU,114.908,24.4974,30877,64,85,0,14-3-28 3:31:38,1
96446PLXSU,114.91,24.481,30895,77,90,0,14-3-28 3:33:8,1
96446PLXSU,114.906,24.4645,30914,70,85,0,14-3-28 3:34:38,1
96446PLXSU,114.914,24.4481,30934,79,65,0,14-3-28 3:36:8,1
96446PLXSU,114.926,24.4339,30953,70,75,0,14-3-28 3:37:38,1
96446PLXSU,114.927,24.419,30973,75,90,0,14-3-28 3:39:8,1
96446PLXSU,114.929,24.4021,30992,74,90,0,14-3-28 3:40:38,1
96446PLXSU,114.925,24.3895,31008,0,95,0,14-3-28 3:42:8,0
96446PLXSU,114.913,24.3719,31032,59,100,0,14-3-28 3:43:38,1
96446PLXSU,114.908,24.3563,31050,57,100,0,14-3-28 3:45:8,1
96446PLXSU,114.904,24.3442,31064,68,80,0,14-3-28 3:46:38,1
96446PLXSU,114.901,24.3311,31080,46,105,0,14-3-28 3:48:8,1
96446PLXSU,114.894,24.3212,31095,61,100,0,14-3-28 3:49:38,1
96446PLXSU,114.893,24.306,31112,74,85,0,14-3-28 3:51:8,1
96446PLXSU,114.89,24.2905,31129,70,100,0,14-3-28 3:52:38,1
96446PLXSU,114.878,24.2751,31150,90,110,0,14-3-28 3:54:8,1
96446PLXSU,114.862,24.2624,31171,81,110,0,14-3-28 3:55:38,1
96446PLXSU,114.851,24.2492,31189,62,105,0,14-3-28 3:57:8,1
96446PLXSU,114.843,24.2359,31205,74,100,0,14-3-28 3:58:38,1
96446PLXSU,114.834,24.2195,31225,87,105,0,14-3-28 4:0:8,1
96446PLXSU,114.821,24.205,31246,83,110,0,14-3-28 4:1:39,1
96446PLXSU,114.806,24.1928,31266,81,110,0,14-3-28 4:3:8,1
96446PLXSU,114.795,24.1787,31285,66,105,0,14-3-28 4:4:39,1
96446PLXSU,114.785,24.1649,31303,77,100,0,14-3-28 4:6:9,1
96446PLXSU,114.782,24.1481,31322,77,85,0,14-3-28 4:7:39,1
96446PLXSU,114.784,24.13,31342,83,85,0,14-3-28 4:9:9,1
96446PLXSU,114.789,24.1129,31361,64,75,0,14-3-28 4:10:39,1
96446PLXSU,114.794,24.0969,31379,77,80,0,14-3-28 4:12:9,1
96446PLXSU,114.799,24.0798,31399,87,85,0,14-3-28 4:13:39,1
96446PLXSU,114.799,24.0628,31417,70,90,0,14-3-28 4:15:9,1
96446PLXSU,114.799,24.0467,31435,66,85,0,14-3-28 4:16:39,1
96446PLXSU,114.802,24.0309,31452,74,80,0,14-3-28 4:18:9,1
96446PLXSU,114.805,24.0146,31470,77,85,0,14-3-28 4:19:39,1
96446PLXSU,114.804,23.9972,31489,75,90,0,14-3-28 4:21:9,1
96446PLXSU,114.807,23.9821,31506,55,75,0,14-3-28 4:22:39,1
96446PLXSU,114.813,23.97,31520,35,85,0,14-3-28 4:24:9,1
96446PLXSU,114.81,23.9632,31529,0,100,0,14-3-28 4:25:38,0
96446PLXSU,114.811,23.9526,31542,44,70,0,14-3-28 4:27:9,1
96446PLXSU,114.815,23.9434,31553,51,90,0,14-3-28 4:28:39,1
96446PLXSU,114.811,23.9293,31569,66,95,0,14-3-28 4:30:9,1
96446PLXSU,114.811,23.9153,31585,66,80,0,14-3-28 4:31:39,1
96446PLXSU,114.807,23.9018,31601,57,100,0,14-3-28 4:33:9,1
96446PLXSU,114.798,23.8889,31618,72,105,0,14-3-28 4:34:39,1
96446PLXSU,114.791,23.8697,31640,68,85,0,14-3-28 4:36:31,1
96446PLXSU,114.788,23.8536,31659,68,110,0,14-3-28 4:38:0,1
96446PLXSU,114.773,23.8459,31676,74,120,0,14-3-28 4:39:30,1
96446PLXSU,114.758,23.836,31695,70,110,0,14-3-28 4:41:0,1
96446PLXSU,114.744,23.8257,31713,62,115,0,14-3-28 4:42:30,1
96446PLXSU,114.731,23.8159,31729,55,120,0,14-3-28 4:44:0,1
96446PLXSU,114.715,23.8124,31746,68,120,0,14-3-28 4:45:30,1
96446PLXSU,114.702,23.8031,31763,72,120,0,14-3-28 4:47:0,1
96446PLXSU,114.687,23.7935,31781,74,110,0,14-3-28 4:48:30,1
96446PLXSU,114.674,23.783,31798,83,105,0,14-3-28 4:50:0,1
96446PLXSU,114.671,23.7654,31818,75,85,0,14-3-28 4:51:30,1
96446PLXSU,114.667,23.7491,31836,70,100,0,14-3-28 4:53:0,1
96446PLXSU,114.662,23.7348,31853,62,95,0,14-3-28 4:54:30,1
96446PLXSU,114.658,23.721,31868,72,95,0,14-3-28 4:56:0,1
96446PLXSU,114.662,23.7057,31885,72,85,0,14-3-28 4:57:30,1
96446PLXSU,114.665,23.6901,31902,77,85,0,14-3-28 4:59:0,1
96446PLXSU,114.663,23.673,31921,79,100,0,14-3-28 5:0:30,1
96446PLXSU,114.652,23.6605,31939,61,105,0,14-3-28 5:2:0,1
96446PLXSU,114.645,23.6475,31955,70,100,0,14-3-28 5:3:30,1
96446PLXSU,114.636,23.6341,31972,64,110,0,14-3-28 5:5:0,1
96446PLXSU,114.627,23.6241,31986,64,95,0,14-3-28 5:6:30,1
96446PLXSU,114.624,23.6074,32004,74,90,0,14-3-28 5:8:0,1
96446PLXSU,114.618,23.5922,32022,75,100,0,14-3-28 5:9:30,1
96446PLXSU,114.608,23.5773,32041,75,105,0,14-3-28 5:11:0,1
96446PLXSU,114.594,23.5676,32059,66,125,0,14-3-28 5:12:30,1
96446PLXSU,114.579,23.5631,32075,61,120,0,14-3-28 5:14:0,1
96446PLXSU,114.567,23.5543,32091,70,105,0,14-3-28 5:15:30,1
96446PLXSU,114.554,23.5444,32108,68,115,0,14-3-28 5:17:0,1
96446PLXSU,114.539,23.5353,32125,66,110,0,14-3-28 5:18:30,1
96446PLXSU,114.53,23.521,32144,77,95,0,14-3-28 5:20:0,1
96446PLXSU,114.522,23.5051,32163,77,105,0,14-3-28 5:21:30,1
96446PLXSU,114.514,23.4909,32180,64,90,0,14-3-28 5:23:0,1
96446PLXSU,114.511,23.4768,32196,64,100,0,14-3-28 5:24:30,1
96446PLXSU,114.509,23.4629,32212,59,75,0,14-3-28 5:26:0,1
96446PLXSU,114.498,23.3941,32289,79,95,0,14-3-28 5:32:51,1
96446PLXSU,114.489,23.3777,32309,79,105,0,14-3-28 5:34:21,1
96446PLXSU,114.485,23.3603,32329,81,85,0,14-3-28 5:35:51,1
96446PLXSU,114.483,23.3423,32349,83,95,0,14-3-28 5:37:21,1
96446PLXSU,114.484,23.324,32369,81,75,0,14-3-28 5:38:51,1
96446PLXSU,114.485,23.3057,32389,85,90,0,14-3-28 5:40:21,1
96446PLXSU,114.476,23.2909,32408,68,105,0,14-3-28 5:41:51,1
96446PLXSU,114.463,23.2807,32425,66,110,0,14-3-28 5:43:21,1
96446PLXSU,114.457,23.2667,32441,68,95,0,14-3-28 5:44:51,1
96446PLXSU,114.446,23.2546,32459,70,110,0,14-3-28 5:46:21,1
96446PLXSU,114.432,23.2347,32485,59,120,0,14-3-28 5:48:35,1
96446PLXSU,114.42,23.225,32502,64,120,0,14-3-28 5:50:4,1
96446PLXSU,114.403,23.2205,32519,59,120,0,14-3-28 5:51:34,1
96446PLXSU,114.391,23.2107,32536,68,100,0,14-3-28 5:53:4,1
96446PLXSU,114.384,23.1959,32554,79,110,0,14-3-28 5:54:34,1
96446PLXSU,114.369,23.1858,32573,77,110,0,14-3-28 5:56:4,1
96446PLXSU,114.357,23.1724,32591,70,110,0,14-3-28 5:57:34,1
96446PLXSU,114.344,23.1624,32609,70,115,0,14-3-28 5:59:4,1
96446PLXSU,114.335,23.1489,32626,74,100,0,14-3-28 6:0:34,1
96446PLXSU,114.329,23.1337,32644,62,105,0,14-3-28 6:2:4,1
96446PLXSU,114.323,23.1255,32655,33,90,0,14-3-28 6:3:34,1
96446PLXSU,114.325,23.115,32666,66,90,0,14-3-28 6:5:4,1
96446PLXSU,114.33,23.0997,32684,68,70,0,14-3-28 6:6:34,1
96446PLXSU,114.334,23.0877,32698,61,90,0,14-3-28 6:8:4,1
96446PLXSU,114.331,23.0735,32714,57,100,0,14-3-28 6:9:34,1
96446PLXSU,114.328,23.0597,32729,70,95,0,14-3-28 6:11:4,1
96446PLXSU,114.329,23.0425,32748,77,90,0,14-3-28 6:12:34,1
96446PLXSU,114.329,23.0258,32766,74,80,0,14-3-28 6:14:4,1
96446PLXSU,114.341,23.0136,32785,72,65,0,14-3-28 6:15:34,1
96446PLXSU,114.34,23.0001,32801,74,100,0,14-3-28 6:17:4,1
96446PLXSU,114.33,22.9853,32821,74,110,0,14-3-28 6:18:34,1
96446PLXSU,114.321,22.9783,32832,48,110,0,14-3-28 6:20:4,1
96446PLXSU,114.315,22.9718,32841,0,95,0,14-3-28 6:21:34,1
96446PLXSU,114.315,22.9718,32841,0,95,0,14-3-28 6:23:4,1
96446PLXSU,114.315,22.971,32842,0,95,0,14-3-28 6:24:34,1
96446PLXSU,114.315,22.971,32842,0,95,0,14-3-28 6:26:4,1
96446PLXSU,114.313,22.9687,32845,25,130,0,14-3-28 6:27:34,1
96446PLXSU,114.303,22.9728,32856,64,145,0,14-3-28 6:29:4,1
96446PLXSU,114.287,22.9764,32872,64,130,0,14-3-28 6:30:34,1
96446PLXSU,114.271,22.9701,32889,68,110,0,14-3-28 6:32:4,1
96446PLXSU,114.258,22.9605,32906,68,120,0,14-3-28 6:33:34,1
96446PLXSU,114.243,22.9588,32922,64,130,0,14-3-28 6:35:4,1
96446PLXSU,114.224,22.9571,32941,74,125,0,14-3-28 6:36:34,1
96446PLXSU,114.205,22.9544,32960,75,140,0,14-3-28 6:38:4,1
96446PLXSU,114.176,22.9502,32996,79,125,0,14-3-28 6:40:29,1
96446PLXSU,114.16,22.951,33011,55,135,0,14-3-28 6:41:58,1
96446PLXSU,114.143,22.9489,33030,74,120,0,14-3-28 6:43:28,1
96446PLXSU,114.127,22.9432,33046,83,135,0,14-3-28 6:44:58,1
96446PLXSU,114.093,22.9538,33084,83,135,0,14-3-28 6:47:42,1
96446PLXSU,114.073,22.9585,33105,83,135,0,14-3-28 6:49:11,1
96446PLXSU,114.047,22.9579,33131,64,115,0,14-3-28 6:51:29,1
96446PLXSU,114.037,22.9465,33147,66,110,0,14-3-28 6:52:58,1
96446PLXSU,114.022,22.9405,33164,79,125,0,14-3-28 6:54:28,1
96446PLXSU,114.005,22.9338,33182,66,115,0,14-3-28 6:55:58,1
96446PLXSU,113.991,22.9241,33200,70,115,0,14-3-28 6:57:28,1
96446PLXSU,113.984,22.9168,33211,25,150,0,14-3-28 6:58:58,1
96446PLXSU,113.984,22.9173,33211,0,175,0,14-3-28 7:0:28,1
96446PLXSU,113.983,22.9188,33212,18,175,0,14-3-28 7:1:58,1
96446PLXSU,113.986,22.9211,33216,24,55,0,14-3-28 7:3:28,1
96446PLXSU,113.994,22.9184,33225,37,45,0,14-3-28 7:4:58,1
96446PLXSU,113.999,22.9167,33231,20,100,0,14-3-28 7:6:29,1
96446PLXSU,113.998,22.9149,33233,0,80,0,14-3-28 7:7:58,1
96446PLXSU,113.997,22.9123,33235,5,95,0,14-3-28 7:9:29,1
96446PLXSU,113.995,22.9059,33242,31,90,0,14-3-28 7:10:58,1
96446PLXSU,113.995,22.9013,33247,7,95,0,14-3-28 7:12:29,1
96446PLXSU,113.994,22.9007,33247,0,115,0,14-3-28 7:13:58,1
96446PLXSU,113.994,22.8988,33249,27,100,0,14-3-28 7:15:28,1
96446PLXSU,113.992,22.8952,33253,3,155,0,14-3-28 7:16:59,1
96446PLXSU,113.991,22.895,33254,0,130,0,14-3-28 7:18:28,1
96446PLXSU,113.991,22.895,33254,0,175,0,14-3-28 7:19:58,1
96446PLXSU,113.99,22.8951,33254,0,140,0,14-3-28 7:21:29,1
96446PLXSU,113.99,22.8952,33253,0,80,0,14-3-28 8:23:5,1
96446PLXSU,113.99,22.8952,33253,0,80,0,14-3-28 8:24:35,1
96446PLXSU,113.99,22.8952,33253,0,80,0,14-3-28 8:26:5,1
96446PLXSU,113.99,22.8952,33253,0,80,0,14-3-28 8:27:35,1
96446PLXSU,113.99,22.8952,33253,0,80,0,14-3-28 8:29:5,1
96446PLXSU,113.99,22.8952,33253,0,80,0,14-3-28 8:30:35,1
96446PLXSU,113.99,22.8952,33253,0,80,0,14-3-28 8:32:5,1
96446PLXSU,113.99,22.8952,33253,0,80,0,14-3-28 8:33:35,1
96446PLXSU,113.99,22.8952,33253,0,80,0,14-3-28 8:35:6,1
96446PLXSU,113.99,22.8952,33253,0,80,0,14-3-28 8:36:36,1
96446PLXSU,113.99,22.8952,33253,0,80,0,14-3-28 8:38:6,1
96446PLXSU,113.99,22.8952,33253,0,80,0,14-3-28 8:39:36,1
96446PLXSU,113.99,22.8952,33253,0,80,0,14-3-28 8:41:6,1
96446PLXSU,113.99,22.8952,33253,0,80,0,14-3-28 8:42:35,1
96446PLXSU,113.99,22.8952,33253,0,80,0,14-3-28 8:44:6,1
96446PLXSU,113.99,22.8952,33253,0,80,0,14-3-28 8:45:35,1
96446PLXSU,113.99,22.8952,33253,0,80,0,14-3-28 8:47:6,1
96446PLXSU,113.99,22.8952,33253,0,80,0,14-3-28 8:48:36,1
96446PLXSU,113.99,22.8952,33253,0,80,0,14-3-28 8:50:6,1
96446PLXSU,113.99,22.8952,33253,0,80,0,14-3-28 8:51:36,1
96446PLXSU,113.99,22.8952,33253,0,80,0,14-3-28 8:53:6,1
96446PLXSU,113.99,22.8952,33253,0,80,0,14-3-28 8:54:36,1
96446PLXSU,113.99,22.8952,33253,0,80,0,14-3-28 8:56:6,1
96446PLXSU,113.99,22.8952,33253,0,80,0,14-3-28 8:57:36,1
96446PLXSU,113.99,22.8952,33253,0,80,0,14-3-28 8:59:6,1
96446PLXSU,113.99,22.8952,33253,0,80,0,14-3-28 9:0:36,1
96446PLXSU,113.99,22.8952,33253,0,80,0,14-3-28 9:2:6,1
96446PLXSU,113.99,22.8952,33253,0,80,0,14-3-28 9:3:36,1
96446PLXSU,113.99,22.8952,33253,0,80,0,14-3-28 9:5:6,1
96446PLXSU,113.99,22.8952,33253,0,80,0,14-3-28 9:6:36,1
96446PLXSU,113.99,22.8952,33253,0,80,0,14-3-28 9:8:6,1
96446PLXSU,113.99,22.8952,33253,0,80,0,14-3-28 9:9:36,1
96446PLXSU,113.99,22.8952,33253,0,80,0,14-3-28 9:11:6,1
96446PLXSU,113.99,22.8952,33253,0,80,0,14-3-28 9:12:36,1
96446PLXSU,113.99,22.8952,33253,0,80,0,14-3-28 9:14:6,1
96446PLXSU,113.99,22.8952,33253,0,80,0,14-3-28 9:15:36,1
96446PLXSU,113.99,22.8952,33253,0,80,0,14-3-28 9:17:6,1
96446PLXSU,113.99,22.8952,33253,0,80,0,14-3-28 9:18:36,1
96446PLXSU,113.99,22.8952,33253,0,80,0,14-3-28 9:20:6,1
96446PLXSU,113.99,22.8952,33253,0,80,0,14-3-28 9:21:36,1
96446PLXSU,113.99,22.8952,33253,0,80,0,14-3-28 9:23:6,1
96446PLXSU,113.99,22.8952,33253,0,80,0,14-3-28 9:24:36,1
96446PLXSU,113.99,22.8952,33253,0,80,0,14-3-28 9:26:6,1
96446PLXSU,113.99,22.8952,33253,0,80,0,14-3-28 9:27:36,1
96446PLXSU,113.99,22.8952,33253,0,80,0,14-3-28 9:29:6,1
96446PLXSU,113.99,22.8952,33253,0,80,0,14-3-28 9:30:36,1
96446PLXSU,113.99,22.8952,33253,0,80,0,14-3-28 9:32:6,1
96446PLXSU,113.99,22.8952,33253,0,80,0,14-3-28 9:33:36,1
96446PLXSU,113.99,22.8952,33253,0,80,0,14-3-28 9:35:6,1
96446PLXSU,113.99,22.8952,33253,0,80,0,14-3-28 9:36:55,1
96446PLXSU,113.99,22.8952,33253,0,80,0,14-3-28 9:38:24,1
96446PLXSU,113.99,22.8952,33253,0,80,0,14-3-28 9:39:54,1
96446PLXSU,113.99,22.8952,33253,0,80,0,14-3-28 9:41:24,1
96446PLXSU,113.99,22.8952,33253,0,80,0,14-3-28 9:42:54,1
96446PLXSU,113.99,22.8952,33253,0,80,0,14-3-28 9:44:24,1
96446PLXSU,113.99,22.8952,33253,0,80,0,14-3-28 9:45:54,1
96446PLXSU,113.99,22.8952,33253,0,80,0,14-3-28 9:47:24,1
96446PLXSU,113.99,22.8952,33253,0,80,0,14-3-28 9:48:54,1
96446PLXSU,113.99,22.8952,33253,0,80,0,14-3-28 9:50:24,1
96446PLXSU,113.99,22.8952,33253,0,80,0,14-3-28 9:51:54,1
96446PLXSU,113.99,22.8952,33253,0,80,0,14-3-28 9:53:24,1
96446PLXSU,113.99,22.8952,33253,0,80,0,14-3-28 9:54:54,1
96446PLXSU,113.99,22.8952,33253,0,80,0,14-3-28 9:56:24,1
96446PLXSU,113.99,22.8952,33253,0,80,0,14-3-28 9:57:54,1
96446PLXSU,113.99,22.8952,33253,0,80,0,14-3-28 9:59:24,1
96446PLXSU,113.99,22.8952,33253,0,80,0,14-3-28 10:0:54,1
96446PLXSU,113.99,22.8952,33253,0,80,0,14-3-28 10:2:24,1
96446PLXSU,113.99,22.8952,33253,0,80,0,14-3-28 10:3:54,1
96446PLXSU,113.99,22.8952,33253,0,80,0,14-3-28 10:5:24,1
96446PLXSU,113.99,22.8952,33253,0,80,0,14-3-28 10:6:54,1
96446PLXSU,113.99,22.8952,33253,0,80,0,14-3-28 10:8:24,1
96446PLXSU,113.99,22.8952,33253,0,80,0,14-3-28 10:9:54,1
96446PLXSU,113.99,22.8952,33253,0,80,0,14-3-28 10:11:24,1
96446PLXSU,113.99,22.8952,33253,0,80,0,14-3-28 10:12:54,1
96446PLXSU,113.99,22.8952,33253,0,80,0,14-3-28 10:14:24,1
96446PLXSU,113.99,22.8952,33253,0,80,0,14-3-28 10:15:54,1
96446PLXSU,113.99,22.8952,33253,0,80,0,14-3-28 10:17:24,1
96446PLXSU,113.99,22.8952,33253,0,80,0,14-3-28 10:18:54,1
96446PLXSU,113.99,22.8952,33253,0,80,0,14-3-28 10:20:24,1
96446PLXSU,113.99,22.8952,33253,0,80,0,14-3-28 10:21:54,1
96446PLXSU,113.99,22.8952,33253,0,80,0,14-3-28 10:23:24,1
96446PLXSU,113.99,22.8952,33253,0,80,0,14-3-28 10:24:54,1
96446PLXSU,113.99,22.8952,33253,0,80,0,14-3-28 10:26:24,1
96446PLXSU,113.99,22.8952,33253,0,80,0,14-3-28 10:27:54,1
96446PLXSU,113.99,22.8952,33253,0,80,0,14-3-28 10:29:24,1
96446PLXSU,113.99,22.8952,33253,0,80,0,14-3-28 10:30:54,1
96446PLXSU,113.99,22.8952,33253,0,80,0,14-3-28 10:32:24,1
96446PLXSU,113.99,22.8952,33253,0,80,0,14-3-28 10:33:54,1
96446PLXSU,113.99,22.8952,33253,0,80,0,14-3-28 10:35:24,1
96446PLXSU,113.99,22.8952,33253,0,80,0,14-3-28 10:36:54,1
96446PLXSU,113.99,22.8952,33253,0,80,0,14-3-28 10:38:24,1
96446PLXSU,113.99,22.8952,33253,0,80,0,14-3-28 10:39:54,1
96446PLXSU,113.99,22.8952,33253,0,80,0,14-3-28 10:41:24,1
96446PLXSU,113.99,22.8952,33253,0,80,0,14-3-28 10:42:54,1
96446PLXSU,113.99,22.8952,33253,0,80,0,14-3-28 10:44:24,1
96446PLXSU,113.99,22.8952,33253,0,80,0,14-3-28 10:45:54,1
96446PLXSU,113.99,22.8952,33253,0,80,0,14-3-28 10:47:24,1
96446PLXSU,113.99,22.8952,33253,0,80,0,14-3-28 10:48:54,1
96446PLXSU,113.99,22.8952,33253,0,80,0,14-3-28 10:50:24,1
96446PLXSU,113.99,22.8952,33253,0,80,0,14-3-28 10:51:54,1
96446PLXSU,113.991,22.8952,33253,0,70,0,14-3-28 10:55:4,1
96446PLXSU,113.99,22.8952,33253,0,70,0,14-3-28 10:56:34,1
96446PLXSU,113.99,22.8952,33253,0,70,0,14-3-28 10:58:4,1
96446PLXSU,113.992,22.8952,33254,14,40,0,14-3-28 10:59:34,1
96446PLXSU,113.993,22.8925,33258,0,60,0,14-3-28 11:1:4,1
96446PLXSU,113.993,22.8901,33260,35,80,0,14-3-28 11:2:34,1
96446PLXSU,113.993,22.8853,33265,0,35,0,14-3-28 11:4:4,1
96446PLXSU,113.993,22.8921,33272,44,175,0,14-3-28 11:5:34,1
96446PLXSU,113.995,22.9021,33283,35,0,0,14-3-28 11:7:4,1
96446PLXSU,113.996,22.9096,33291,35,10,0,14-3-28 11:8:34,1
96446PLXSU,113.998,22.9143,33296,14,10,0,14-3-28 11:10:4,1
96446PLXSU,113.999,22.917,33299,0,15,0,14-3-28 11:11:34,1
96446PLXSU,113.998,22.9179,33301,27,135,0,14-3-28 11:13:4,1
96446PLXSU,113.993,22.9187,33306,0,140,0,14-3-28 11:14:34,1
96446PLXSU,113.992,22.9189,33307,0,125,0,14-3-28 11:16:4,1
96446PLXSU,113.991,22.9189,33307,0,135,0,14-3-28 11:17:34,1
96446PLXSU,113.99,22.919,33307,0,125,0,14-3-28 11:19:4,1
96446PLXSU,113.99,22.9191,33307,0,130,0,14-3-28 11:20:34,1
96446PLXSU,113.99,22.9192,33307,0,135,0,14-3-28 11:22:4,1
96446PLXSU,113.989,22.9193,33307,0,145,0,14-3-28 11:23:34,1
96446PLXSU,113.989,22.9196,33308,0,155,0,14-3-28 11:25:4,1
96446PLXSU,113.988,22.9198,33308,0,150,0,14-3-28 11:26:34,1
96446PLXSU,113.988,22.9199,33308,0,150,0,14-3-28 11:28:4,1
96446PLXSU,113.987,22.9208,33308,0,150,0,14-3-28 11:29:34,1
96446PLXSU,113.987,22.9208,33308,0,150,0,14-3-28 11:31:4,1
96446PLXSU,113.985,22.9215,33310,0,155,0,14-3-28 11:32:34,1
96446PLXSU,113.985,22.9216,33310,12,135,0,14-3-28 11:34:4,1
96446PLXSU,113.983,22.9179,33315,0,80,0,14-3-28 11:35:34,1
96446PLXSU,113.984,22.9165,33316,25,75,0,14-3-28 11:37:4,1
96446PLXSU,113.977,22.9067,33329,70,115,0,14-3-28 11:38:34,1
96446PLXSU,113.959,22.9014,33348,66,130,0,14-3-28 11:40:4,1
96446PLXSU,113.944,22.8978,33364,59,120,0,14-3-28 11:41:34,1
96446PLXSU,113.936,22.8935,33373,31,115,0,14-3-28 11:43:4,1
96446PLXSU,113.927,22.884,33387,77,105,0,14-3-28 11:44:34,1
96446PLXSU,113.916,22.871,33404,66,115,0,14-3-28 11:46:4,1
96446PLXSU,113.9,22.8686,33421,57,140,0,14-3-28 11:47:34,1
96446PLXSU,113.884,22.8676,33438,70,120,0,14-3-28 11:49:4,1
96446PLXSU,113.868,22.8597,33456,70,125,0,14-3-28 11:50:34,1
96446PLXSU,113.85,22.8639,33475,81,150,0,14-3-28 11:52:4,1
96446PLXSU,113.821,22.8684,33507,74,120,0,14-3-28 11:54:38,1
96446PLXSU,113.804,22.8654,33525,68,130,0,14-3-28 11:56:7,1
96446PLXSU,113.79,22.8605,33540,53,115,0,14-3-28 11:57:37,1
96446PLXSU,113.78,22.8524,33553,61,105,0,14-3-28 11:59:7,1
96446PLXSU,113.765,22.8432,33572,81,105,0,14-3-28 12:0:37,1
96446PLXSU,113.756,22.825,33594,83,105,0,14-3-28 12:2:7,1
96446PLXSU,113.745,22.8139,33612,59,135,0,14-3-28 12:3:37,1
96446PLXSU,113.729,22.8188,33629,74,145,0,14-3-28 12:5:7,1
96446PLXSU,113.713,22.8249,33646,74,145,0,14-3-28 12:6:37,1
96446PLXSU,113.696,22.8325,33665,74,150,0,14-3-28 12:8:7,1
96446PLXSU,113.685,22.8464,33684,75,165,0,14-3-28 12:9:37,1
96446PLXSU,113.678,22.86,33700,62,165,0,14-3-28 12:11:7,1
96446PLXSU,113.672,22.8752,33717,74,170,0,14-3-28 12:12:37,1
96446PLXSU,113.669,22.8931,33737,79,175,0,14-3-28 12:14:7,1
96446PLXSU,113.67,22.9106,33756,75,5,0,14-3-28 12:15:37,1
96446PLXSU,113.679,22.9264,33776,79,20,0,14-3-28 12:17:7,1
96446PLXSU,113.691,22.9407,33796,77,5,0,14-3-28 12:18:37,1
96446PLXSU,113.695,22.9568,33814,77,5,0,14-3-28 12:20:7,1
96446PLXSU,113.699,22.9753,33835,79,0,0,14-3-28 12:21:37,1
96446PLXSU,113.697,22.9919,33853,66,170,0,14-3-28 12:23:7,1
96446PLXSU,113.688,23.0065,33871,66,155,0,14-3-28 12:24:37,1
96446PLXSU,113.675,23.0187,33890,81,155,0,14-3-28 12:26:7,1
96446PLXSU,113.662,23.0314,33909,81,155,0,14-3-28 12:27:37,1
96446PLXSU,113.646,23.0434,33929,83,150,0,14-3-28 12:29:7,1
96446PLXSU,113.629,23.0521,33949,79,145,0,14-3-28 12:30:37,1
96446PLXSU,113.615,23.0612,33966,74,150,0,14-3-28 12:32:7,1
96446PLXSU,113.602,23.0731,33985,74,160,0,14-3-28 12:33:37,1
96446PLXSU,113.592,23.0865,34002,68,160,0,14-3-28 12:35:7,1
96446PLXSU,113.573,23.1115,34036,75,155,0,14-3-28 12:38:8,1
96446PLXSU,113.562,23.1245,34054,70,160,0,14-3-28 12:39:37,1
96446PLXSU,113.548,23.1349,34072,70,150,0,14-3-28 12:41:7,1
96446PLXSU,113.535,23.1443,34089,66,150,0,14-3-28 12:42:37,1
96446PLXSU,113.522,23.1488,34102,42,135,0,14-3-28 12:44:7,1
96446PLXSU,113.519,23.1485,34105,0,130,0,14-3-28 12:45:37,1
96446PLXSU,113.52,23.1446,34110,38,45,0,14-3-28 12:47:7,1
96446PLXSU,113.524,23.143,34115,0,120,0,14-3-28 12:48:37,1
96446PLXSU,113.525,23.1432,34116,0,130,0,14-3-28 12:50:7,1
96446PLXSU,113.524,23.1447,34117,12,165,0,14-3-28 12:51:37,1
96446PLXSU,113.523,23.1464,34119,0,155,0,14-3-28 12:53:7,1
96446PLXSU,113.523,23.1464,34119,0,155,0,14-3-28 12:54:37,1
96446PLXSU,113.523,23.1464,34119,0,155,0,14-3-28 12:56:7,1
96446PLXSU,113.523,23.1464,34119,0,155,0,14-3-28 12:57:37,1
96446PLXSU,113.523,23.1464,34119,0,155,0,14-3-28 12:59:7,1
96446PLXSU,113.523,23.1464,34119,0,155,0,14-3-28 13:0:37,1
96446PLXSU,113.523,23.1464,34119,0,155,0,14-3-28 13:2:7,1
96446PLXSU,113.523,23.1464,34119,0,155,0,14-3-28 13:3:37,1
96446PLXSU,113.523,23.1464,34119,0,155,0,14-3-28 13:5:7,1
96446PLXSU,113.523,23.1464,34119,0,155,0,14-3-28 13:6:37,1
96446PLXSU,113.523,23.1464,34119,0,155,0,14-3-28 13:8:7,1
96446PLXSU,113.523,23.1464,34118,0,0,0,14-3-28 13:10:45,0
96446PLXSU,113.52,23.1585,34120,31,165,0,14-3-28 13:12:15,1
96446PLXSU,113.516,23.1641,34128,7,170,0,14-3-28 13:13:45,1
96446PLXSU,113.522,23.1675,34135,40,30,0,14-3-28 13:15:15,1
96446PLXSU,113.531,23.1711,34145,33,20,0,14-3-28 13:16:45,1
96446PLXSU,113.538,23.1771,34155,44,15,0,14-3-28 13:18:15,1
96446PLXSU,113.545,23.187,34170,53,15,0,14-3-28 13:19:45,1
96446PLXSU,113.547,23.193,34176,37,175,0,14-3-28 13:21:16,1
96446PLXSU,113.55,23.1963,34183,35,50,0,14-3-28 13:22:46,1
96446PLXSU,113.553,23.1973,34187,0,15,0,14-3-28 13:24:16,1
96446PLXSU,113.555,23.2028,34193,11,0,0,14-3-28 13:25:46,1
96446PLXSU,113.556,23.208,34198,24,5,0,14-3-28 13:27:16,1
96446PLXSU,113.56,23.2087,34202,0,30,0,14-3-28 13:28:46,1
96446PLXSU,113.56,23.2087,34202,0,30,0,14-3-28 13:30:16,1
96446PLXSU,113.56,23.2087,34202,0,30,0,14-3-28 13:31:46,1
96446PLXSU,113.56,23.2087,34202,0,30,0,14-3-28 13:33:16,1
96446PLXSU,113.56,23.2087,34202,0,30,0,14-3-28 13:34:46,1
96446PLXSU,113.56,23.2087,34202,0,30,0,14-3-28 13:36:16,1
96446PLXSU,113.56,23.2087,34202,0,30,0,14-3-28 13:37:46,1
96446PLXSU,113.56,23.2087,34202,0,30,0,14-3-28 13:39:16,1
96446PLXSU,113.56,23.2087,34202,0,30,0,14-3-28 13:40:46,1
96446PLXSU,113.56,23.2087,34202,0,30,0,14-3-28 13:42:16,1
96446PLXSU,113.56,23.2087,34202,0,30,0,14-3-28 13:43:46,1
96446PLXSU,113.56,23.2087,34202,0,30,0,14-3-28 13:45:16,1
96446PLXSU,113.56,23.2087,34202,0,30,0,14-3-28 13:46:46,1
96446PLXSU,113.56,23.2087,34202,0,30,0,14-3-28 13:48:16,1
96446PLXSU,113.56,23.2087,34202,0,30,0,14-3-28 13:49:46,1
96446PLXSU,113.56,23.2087,34202,0,30,0,14-3-28 13:51:16,1
96446PLXSU,113.56,23.2087,34202,0,30,0,14-3-28 13:52:46,1
96446PLXSU,113.56,23.2087,34202,0,30,0,14-3-28 13:54:16,1
96446PLXSU,113.56,23.2087,34202,0,30,0,14-3-28 13:55:46,1
96446PLXSU,113.56,23.2087,34202,0,30,0,14-3-28 13:57:16,1
96446PLXSU,113.56,23.2087,34202,0,30,0,14-3-28 13:58:46,1
96446PLXSU,113.56,23.2087,34202,0,30,0,14-3-28 14:0:16,1
96446PLXSU,113.56,23.2087,34202,0,30,0,14-3-28 14:1:46,1
96446PLXSU,113.56,23.2087,34202,0,30,0,14-3-28 14:3:16,1
96446PLXSU,113.56,23.2087,34202,0,30,0,14-3-28 14:4:46,1
96446PLXSU,113.56,23.2087,34202,0,30,0,14-3-28 14:6:16,1
96446PLXSU,113.56,23.2087,34202,0,30,0,14-3-28 14:7:46,1
96446PLXSU,113.56,23.2087,34202,0,30,0,14-3-28 14:9:16,1
96446PLXSU,113.56,23.2087,34202,0,30,0,14-3-28 14:10:46,1
96446PLXSU,113.56,23.2087,34202,0,30,0,14-3-28 14:12:16,1
96446PLXSU,113.56,23.2087,34202,0,30,0,14-3-28 14:13:46,1
96446PLXSU,113.56,23.2087,34202,0,30,0,14-3-28 14:15:16,1
96446PLXSU,113.56,23.2087,34202,0,30,0,14-3-28 14:16:46,1
96446PLXSU,113.56,23.2086,34202,0,70,0,14-3-28 14:18:47,1
96446PLXSU,113.561,23.2086,34202,0,55,0,14-3-28 14:20:16,1
96446PLXSU,113.56,23.2079,34202,0,85,0,14-3-28 14:21:46,1
96446PLXSU,113.56,23.2073,34202,0,30,0,14-3-28 14:23:16,1
96446PLXSU,113.56,23.2073,34202,0,40,0,14-3-28 14:32:32,1
96446PLXSU,113.56,23.2073,34202,0,40,0,14-3-28 14:34:2,1
96446PLXSU,113.56,23.2073,34202,0,40,0,14-3-28 14:35:32,1
96446PLXSU,113.56,23.2073,34202,0,40,0,14-3-28 14:37:2,1
96446PLXSU,113.56,23.2072,34202,0,50,0,14-3-28 16:41:13,1
96446PLXSU,113.56,23.2072,34202,0,50,0,14-3-28 16:42:43,1
96446PLXSU,113.56,23.2072,34202,0,50,0,14-3-28 16:44:13,1
96446PLXSU,113.56,23.2072,34202,0,50,0,14-3-28 16:45:43,1
96446PLXSU,113.56,23.2072,34202,0,50,0,14-3-28 16:47:13,1
96446PLXSU,113.56,23.2072,34202,0,50,0,14-3-28 16:48:43,1
96446PLXSU,113.56,23.2072,34202,0,50,0,14-3-28 16:50:13,1
96446PLXSU,113.56,23.2072,34202,0,50,0,14-3-28 16:51:43,1
96446PLXSU,113.56,23.2072,34202,0,50,0,14-3-28 16:53:13,1
96446PLXSU,113.56,23.2071,34202,0,25,0,14-3-28 16:56:16,1
96446PLXSU,113.56,23.2071,34202,0,30,0,14-3-28 16:57:46,1
96446PLXSU,113.56,23.2071,34202,0,30,0,14-3-28 16:59:16,1
96446PLXSU,113.56,23.2071,34202,0,30,0,14-3-28 17:0:46,1
96446PLXSU,113.56,23.2071,34202,0,30,0,14-3-28 17:2:16,1
96446PLXSU,113.56,23.2071,34202,0,30,0,14-3-28 17:3:46,1
96446PLXSU,113.559,23.2056,34202,0,20,0,14-3-28 17:5:38,1
96446PLXSU,113.561,23.2075,34202,0,45,0,14-3-28 17:7:8,1
96446PLXSU,113.561,23.2085,34202,0,0,0,14-3-28 17:8:38,1
96446PLXSU,113.561,23.2085,34202,0,0,0,14-3-28 17:10:8,1
96446PLXSU,113.56,23.2087,34202,0,130,0,14-3-28 17:11:38,1
96446PLXSU,113.56,23.2087,34202,0,130,0,14-3-28 17:13:8,1
96446PLXSU,113.552,23.207,34216,0,105,0,14-3-28 17:23:6,1
96446PLXSU,113.551,23.2041,34219,35,95,0,14-3-28 17:24:36,1
96446PLXSU,113.549,23.1992,34225,48,100,0,14-3-28 17:26:6,1
96446PLXSU,113.547,23.1932,34232,0,100,0,14-3-28 17:27:36,1
96446PLXSU,113.547,23.1925,34232,0,80,0,14-3-28 17:29:6,1
96446PLXSU,113.547,23.1916,34233,24,85,0,14-3-28 17:30:36,1
96446PLXSU,113.542,23.1839,34243,40,105,0,14-3-28 17:32:6,1
96446PLXSU,113.537,23.1766,34244,0,105,0,14-3-28 17:33:36,1
96446PLXSU,113.529,23.1702,34264,0,120,0,14-3-28 17:35:6,1
96446PLXSU,113.523,23.168,34270,37,120,0,14-3-28 17:36:36,1
96446PLXSU,113.517,23.165,34277,0,120,0,14-3-28 17:38:6,1
96446PLXSU,113.516,23.1648,34277,0,120,0,14-3-28 17:39:36,1
96446PLXSU,113.515,23.1645,34278,0,120,0,14-3-28 17:41:6,1
96446PLXSU,113.515,23.1645,34278,0,120,0,14-3-28 17:42:36,1
96446PLXSU,113.52,23.1595,34285,25,70,0,14-3-28 17:44:6,1
96446PLXSU,113.521,23.157,34288,48,80,0,14-3-28 17:45:36,1
96446PLXSU,113.519,23.1487,34297,3,115,0,14-3-28 17:47:6,1
96446PLXSU,113.52,23.1459,34300,25,40,0,14-3-28 17:48:36,1
96446PLXSU,113.523,23.1478,34305,9,165,0,14-3-28 17:50:6,1
96446PLXSU,113.522,23.1488,34305,0,130,0,14-3-28 17:51:36,1
96446PLXSU,113.522,23.1488,34306,0,120,0,14-3-28 17:53:6,1
96446PLXSU,113.515,23.1475,34313,50,130,0,14-3-28 17:54:36,1
96446PLXSU,113.502,23.1473,34325,48,130,0,14-3-28 17:56:6,1
96446PLXSU,113.489,23.1499,34338,51,145,0,14-3-28 17:57:36,1
96446PLXSU,113.476,23.1548,34353,64,145,0,14-3-28 17:59:6,1
96446PLXSU,113.46,23.1589,34369,68,135,0,14-3-28 18:0:36,1
96446PLXSU,113.443,23.1613,34386,64,135,0,14-3-28 18:2:6,1
96446PLXSU,113.429,23.1617,34400,59,135,0,14-3-28 18:3:36,1
96446PLXSU,113.415,23.1606,34414,55,125,0,14-3-28 18:5:6,1
96446PLXSU,113.402,23.1569,34428,50,125,0,14-3-28 18:6:36,1
96446PLXSU,113.399,23.1404,34458,50,80,0,14-3-28 18:13:47,1
96446PLXSU,113.388,23.0974,34508,18,105,0,14-3-28 18:20:5,1
96446PLXSU,113.387,23.0962,34509,0,90,0,14-3-28 18:21:34,1
96446PLXSU,113.387,23.0959,34509,0,110,0,14-3-28 18:23:4,1
96446PLXSU,113.386,23.0953,34510,3,110,0,14-3-28 18:24:34,1
96446PLXSU,113.386,23.0948,34510,0,105,0,14-3-28 18:26:4,1
96446PLXSU,113.385,23.0939,34510,7,105,0,14-3-28 18:27:34,1
96446PLXSU,113.385,23.0937,34510,0,100,0,14-3-28 18:29:4,1
96446PLXSU,113.384,23.0928,34511,0,105,0,14-3-28 18:30:34,1
96446PLXSU,113.383,23.0918,34512,7,115,0,14-3-28 18:32:4,1
96446PLXSU,113.382,23.0912,34513,0,100,0,14-3-28 18:33:34,1
96446PLXSU,113.381,23.0904,34514,12,110,0,14-3-28 18:35:4,1
96446PLXSU,113.38,23.0894,34515,16,115,0,14-3-28 18:36:34,1
96446PLXSU,113.379,23.0887,34515,0,115,0,14-3-28 18:38:4,1
96446PLXSU,113.378,23.088,34516,0,110,0,14-3-28 18:39:34,1
96446PLXSU,113.377,23.0874,34516,0,110,0,14-3-28 18:41:4,1
96446PLXSU,113.377,23.087,34516,0,115,0,14-3-28 18:42:34,1
96446PLXSU,113.377,23.087,34516,0,115,0,14-3-28 18:44:4,1
96446PLXSU,113.376,23.0865,34516,0,115,0,14-3-28 18:45:34,1
96446PLXSU,113.375,23.0857,34517,0,90,0,14-3-28 18:47:4,1
96446PLXSU,113.374,23.0852,34518,0,110,0,14-3-28 18:48:34,1
96446PLXSU,113.373,23.0842,34519,0,115,0,14-3-28 18:50:4,1
96446PLXSU,113.372,23.0835,34519,7,115,0,14-3-28 18:51:34,1
96446PLXSU,113.371,23.083,34520,0,115,0,14-3-28 18:53:4,1
96446PLXSU,113.37,23.0826,34520,0,110,0,14-3-28 18:54:34,1
96446PLXSU,113.369,23.0821,34520,0,120,0,14-3-28 18:56:4,1
96446PLXSU,113.369,23.0819,34520,0,120,0,14-3-28 18:57:34,1
96446PLXSU,113.368,23.0817,34520,0,110,0,14-3-28 18:59:4,1
96446PLXSU,113.365,23.0806,34520,0,120,0,14-3-28 19:5:45,1
96446PLXSU,113.358,23.0775,34521,0,120,0,14-3-28 19:21:27,1
96446PLXSU,113.357,23.077,34522,14,120,0,14-3-28 19:22:56,1
96446PLXSU,113.353,23.0753,34525,0,120,0,14-3-28 19:28:31,1
96446PLXSU,113.353,23.0751,34525,0,120,0,14-3-28 19:30:1,1
96446PLXSU,113.351,23.0745,34526,3,120,0,14-3-28 19:31:31,1
96446PLXSU,113.351,23.0745,34526,0,120,0,14-3-28 19:33:1,1
96446PLXSU,113.35,23.0738,34528,0,115,0,14-3-28 19:34:31,1
96446PLXSU,113.349,23.0734,34528,0,120,0,14-3-28 19:36:1,1
96446PLXSU,113.348,23.073,34529,1,125,0,14-3-28 19:37:31,1
96446PLXSU,113.347,23.0726,34529,7,120,0,14-3-28 19:39:1,1
96446PLXSU,113.346,23.0724,34529,0,125,0,14-3-28 19:40:31,1
96446PLXSU,113.346,23.0723,34530,0,120,0,14-3-28 19:42:1,1
96446PLXSU,113.345,23.0719,34530,9,115,0,14-3-28 19:43:31,1
96446PLXSU,113.343,23.0713,34531,5,120,0,14-3-28 19:45:1,1
96446PLXSU,113.342,23.0709,34532,0,120,0,14-3-28 19:46:31,1
96446PLXSU,113.341,23.0707,34532,0,125,0,14-3-28 19:48:1,1
96446PLXSU,113.341,23.0705,34532,0,125,0,14-3-28 19:49:31,1
96446PLXSU,113.34,23.0703,34532,0,125,0,14-3-28 19:51:1,1
96446PLXSU,113.339,23.07,34532,0,125,0,14-3-28 19:52:31,1
96446PLXSU,113.337,23.0696,34533,12,125,0,14-3-28 19:54:1,1
96446PLXSU,113.335,23.0692,34535,11,125,0,14-3-28 19:55:31,1
96446PLXSU,113.333,23.0687,34537,0,125,0,14-3-28 19:57:1,1
96446PLXSU,113.331,23.0682,34538,5,130,0,14-3-28 19:58:31,1
96446PLXSU,113.329,23.0677,34540,0,125,0,14-3-28 20:0:1,1
96446PLXSU,113.327,23.0671,34542,0,125,0,14-3-28 20:1:31,1
96446PLXSU,113.326,23.0669,34543,0,120,0,14-3-28 20:3:1,1
96446PLXSU,113.325,23.0668,34543,0,125,0,14-3-28 20:4:31,1
96446PLXSU,113.324,23.0666,34543,9,125,0,14-3-28 20:6:1,1
96446PLXSU,113.323,23.0665,34543,0,130,0,14-3-28 20:7:31,1
96446PLXSU,113.323,23.0664,34544,5,135,0,14-3-28 20:9:1,1
96446PLXSU,113.322,23.0662,34544,0,130,0,14-3-28 20:10:31,1
96446PLXSU,113.321,23.0661,34545,0,115,0,14-3-28 20:12:1,1
96446PLXSU,113.32,23.066,34545,0,130,0,14-3-28 20:13:31,1
96446PLXSU,113.318,23.0658,34545,14,130,0,14-3-28 20:15:1,1
96446PLXSU,113.316,23.0656,34547,11,125,0,14-3-28 20:16:31,1
96446PLXSU,113.314,23.0652,34549,0,125,0,14-3-28 20:18:1,1
96446PLXSU,113.31,23.0641,34553,0,125,0,14-3-28 20:19:31,1
96446PLXSU,113.308,23.0636,34554,0,120,0,14-3-28 20:21:1,1
96446PLXSU,113.303,23.063,34559,20,135,0,14-3-28 20:22:31,1
96446PLXSU,113.3,23.0633,34562,12,130,0,14-3-28 20:24:1,1
96446PLXSU,113.296,23.0638,34566,0,140,0,14-3-28 20:25:31,1
96446PLXSU,113.293,23.0643,34569,12,135,0,14-3-28 20:27:1,1
96446PLXSU,113.287,23.065,34574,42,135,0,14-3-28 20:28:31,1
96446PLXSU,113.276,23.0646,34586,46,120,0,14-3-28 20:30:1,1
96446PLXSU,113.265,23.0582,34598,51,115,0,14-3-28 20:31:31,1
96446PLXSU,113.252,23.056,34612,57,135,0,14-3-28 20:33:1,1
96446PLXSU,113.232,23.0559,34632,55,130,0,14-3-28 20:35:3,1
96446PLXSU,113.22,23.0534,34644,29,135,0,14-3-28 20:36:32,1
96446PLXSU,113.222,23.0517,34649,0,85,0,14-3-28 20:38:2,1
96446PLXSU,113.222,23.0492,34652,35,90,0,14-3-28 20:39:32,1
96446PLXSU,113.223,23.0367,34665,77,80,0,14-3-28 20:41:2,1
96446PLXSU,113.225,23.0205,34683,72,95,0,14-3-28 20:42:32,1
96446PLXSU,113.219,23.0044,34702,74,90,0,14-3-28 20:44:2,1
96446PLXSU,113.226,22.9885,34721,75,70,0,14-3-28 20:45:32,1
96446PLXSU,113.239,22.9772,34739,81,60,0,14-3-28 20:47:2,1
96446PLXSU,113.249,22.9639,34757,75,85,0,14-3-28 20:48:32,1
96446PLXSU,113.25,22.9479,34775,64,85,0,14-3-28 20:50:2,1
96446PLXSU,113.257,22.9319,34794,77,75,0,14-3-28 20:51:32,1
96446PLXSU,113.266,22.9158,34813,77,75,0,14-3-28 20:53:2,1
96446PLXSU,113.267,22.899,34832,68,90,0,14-3-28 20:54:32,1
96446PLXSU,113.27,22.8824,34851,79,75,0,14-3-28 20:56:2,1
96446PLXSU,113.281,22.8685,34870,77,60,0,14-3-28 20:57:32,1
96446PLXSU,113.293,22.8554,34889,79,75,0,14-3-28 20:59:2,1
96446PLXSU,113.3,22.8386,34909,79,75,0,14-3-28 21:0:32,1
96446PLXSU,113.315,22.8257,34929,70,55,0,14-3-28 21:2:2,1
96446PLXSU,113.328,22.8146,34948,79,75,0,14-3-28 21:3:32,1
96446PLXSU,113.331,22.7974,34967,77,85,0,14-3-28 21:5:2,1
96446PLXSU,113.327,22.779,34989,88,110,0,14-3-28 21:6:32,1
96446PLXSU,113.312,22.765,35009,81,100,0,14-3-28 21:8:2,1
96446PLXSU,113.306,22.747,35030,79,95,0,14-3-28 21:9:32,1
96446PLXSU,113.306,22.7295,35049,83,90,0,14-3-28 21:11:2,1
96446PLXSU,113.303,22.7109,35070,83,90,0,14-3-28 21:12:32,1
96446PLXSU,113.303,22.6912,35091,87,90,0,14-3-28 21:14:2,1
96446PLXSU,113.302,22.6717,35113,83,85,0,14-3-28 21:15:32,1
96446PLXSU,113.306,22.6537,35133,83,80,0,14-3-28 21:17:2,1
96446PLXSU,113.315,22.6366,35153,77,75,0,14-3-28 21:18:32,1
96446PLXSU,113.321,22.6198,35173,79,85,0,14-3-28 21:20:2,1
96446PLXSU,113.324,22.6073,35187,50,110,0,14-3-28 21:21:32,1
96446PLXSU,113.309,22.605,35203,74,125,0,14-3-28 21:23:2,1
96446PLXSU,113.294,22.5964,35221,75,115,0,14-3-28 21:24:32,1
96446PLXSU,113.277,22.5891,35239,75,120,0,14-3-28 21:26:2,1
96446PLXSU,113.259,22.5842,35258,77,130,0,14-3-28 21:27:32,1
96446PLXSU,113.242,22.5818,35276,68,130,0,14-3-28 21:29:2,1
96446PLXSU,113.226,22.5809,35292,62,135,0,14-3-28 21:30:32,1
96446PLXSU,113.218,22.5848,35303,14,10,0,14-3-28 21:32:2,1
96446PLXSU,113.218,22.5863,35305,12,10,0,14-3-28 21:33:32,1
96446PLXSU,113.219,22.5892,35309,40,25,0,14-3-28 21:35:2,1
96446PLXSU,113.224,22.5931,35316,7,145,0,14-3-28 21:36:32,1
96446PLXSU,113.217,22.5969,35324,53,145,0,14-3-28 21:38:2,1
96446PLXSU,113.214,22.6004,35330,18,5,0,14-3-28 21:39:32,1
96446PLXSU,113.213,22.6033,35333,5,165,0,14-3-28 21:41:2,1
96446PLXSU,113.213,22.6038,35334,0,100,0,14-3-28 21:42:32,1
96446PLXSU,113.213,22.604,35334,0,145,0,14-3-28 21:44:2,1
96446PLXSU,113.213,22.604,35333,0,0,0,14-3-28 21:53:15,0
96446PLXSU,113.213,22.604,35333,0,0,0,14-3-28 21:54:45,0
96446PLXSU,113.215,22.6034,35333,0,85,0,14-3-28 23:6:1,1
96446PLXSU,113.214,22.6035,35333,0,50,0,14-3-28 23:7:31,1
96446PLXSU,113.214,22.6035,35333,0,70,0,14-3-28 23:9:1,1
96446PLXSU,113.214,22.6035,35333,0,70,0,14-3-28 23:10:31,1
96446PLXSU,113.214,22.6035,35333,0,0,0,14-3-29 19:38:4,0
96446PLXSU,113.213,22.6043,35333,0,60,0,14-3-29 19:39:30,1
96446PLXSU,113.213,22.604,35333,0,170,0,14-3-29 19:41:0,1
96446PLXSU,113.213,22.604,35333,0,170,0,14-3-29 19:42:30,1
96446PLXSU,113.213,22.604,35333,0,170,0,14-3-29 19:44:0,1
96446PLXSU,113.213,22.604,35333,0,170,0,14-3-29 19:45:30,1
96446PLXSU,113.213,22.604,35333,0,170,0,14-3-29 19:47:0,1
96446PLXSU,113.213,22.604,35333,0,170,0,14-3-29 19:48:30,1
96446PLXSU,113.213,22.604,35333,0,170,0,14-3-29 19:50:0,1
96446PLXSU,113.213,22.604,35333,0,170,0,14-3-29 19:51:30,1
96446PLXSU,113.213,22.604,35333,0,170,0,14-3-29 19:53:0,1
96446PLXSU,113.213,22.604,35333,0,170,0,14-3-29 19:54:30,1
96446PLXSU,113.213,22.604,35333,0,170,0,14-3-29 19:56:0,1
96446PLXSU,113.213,22.604,35333,0,0,0,14-3-29 19:58:45,0
96446PLXSU,113.213,22.604,35333,0,0,0,14-3-29 20:0:14,0
96446PLXSU,113.213,22.604,35333,0,0,0,14-3-29 21:34:45,0
96446PLXSU,113.213,22.604,35333,0,0,0,14-3-29 21:36:15,0
96446PLXSU,113.213,22.604,35333,0,0,0,14-3-29 21:37:45,0
96446PLXSU,113.213,22.604,35333,0,0,0,14-3-29 21:39:15,0
96446PLXSU,113.214,22.6039,35333,0,80,0,14-3-29 21:41:16,1
96446PLXSU,113.213,22.6034,35333,0,75,0,14-3-29 22:20:53,1
96446PLXSU,113.213,22.603,35333,0,65,0,14-3-29 22:22:23,1
96446PLXSU,113.213,22.5996,35336,16,90,0,14-3-29 22:23:53,1
96446PLXSU,113.211,22.5982,35340,22,135,0,14-3-29 22:25:23,1
96446PLXSU,113.204,22.599,35346,20,135,0,14-3-29 22:26:53,1
96446PLXSU,113.204,22.599,35346,0,135,0,14-3-29 22:28:23,1
96446PLXSU,113.206,22.5983,35350,31,45,0,14-3-29 22:29:53,1
96446PLXSU,113.216,22.5968,35360,44,55,0,14-3-29 22:31:23,1
96446PLXSU,113.223,22.5928,35368,20,65,0,14-3-29 22:32:53,1
96446PLXSU,113.22,22.5897,35373,22,115,0,14-3-29 22:34:23,1
96446PLXSU,113.217,22.5876,35376,0,110,0,14-3-29 22:35:53,1
96446PLXSU,113.218,22.5853,35379,0,80,0,14-3-29 22:37:23,1
96446PLXSU,113.216,22.5816,35383,29,100,0,14-3-29 22:38:53,1
96446PLXSU,113.219,22.5816,35392,50,45,0,14-3-29 22:40:23,1
96446PLXSU,113.234,22.5806,35407,66,40,0,14-3-29 22:41:53,1
96446PLXSU,113.251,22.583,35425,72,40,0,14-3-29 22:43:23,1
96446PLXSU,113.269,22.586,35442,59,35,0,14-3-29 22:44:53,1
96446PLXSU,113.282,22.5909,35457,62,30,0,14-3-29 22:46:23,1
96446PLXSU,113.296,22.598,35473,66,25,0,14-3-29 22:47:53,1
96446PLXSU,113.31,22.6053,35489,68,35,0,14-3-29 22:49:23,1
96446PLXSU,113.323,22.6051,35503,46,55,0,14-3-29 22:50:53,1
96446PLXSU,113.326,22.6086,35514,46,165,0,14-3-29 22:52:23,1
96446PLXSU,113.321,22.6218,35528,64,175,0,14-3-29 22:53:53,1
96446PLXSU,113.317,22.6334,35542,55,165,0,14-3-29 22:55:23,1
96446PLXSU,113.309,22.6471,35559,70,165,0,14-3-29 22:56:53,1
96446PLXSU,113.303,22.6621,35576,70,170,0,14-3-29 22:58:23,1
96446PLXSU,113.303,22.678,35593,70,0,0,14-3-29 22:59:53,1
96446PLXSU,113.303,22.6939,35610,74,0,0,14-3-29 23:1:23,1
96446PLXSU,113.303,22.7111,35629,74,0,0,14-3-29 23:2:53,1
96446PLXSU,113.306,22.727,35646,74,0,0,14-3-29 23:4:23,1
96446PLXSU,113.305,22.7419,35663,59,0,0,14-3-29 23:5:53,1
96446PLXSU,113.309,22.7578,35680,72,5,0,14-3-29 23:7:23,1
96446PLXSU,113.318,22.7716,35698,70,20,0,14-3-29 23:8:53,1
96446PLXSU,113.33,22.7836,35716,75,10,0,14-3-29 23:10:23,1
96446PLXSU,113.331,22.7993,35733,57,175,0,14-3-29 23:11:53,1
96446PLXSU,113.329,22.8131,35748,72,170,0,14-3-29 23:13:23,1
96446PLXSU,113.31,22.8281,35774,72,150,0,14-3-29 23:15:35,1
96446PLXSU,113.3,22.8407,35792,74,165,0,14-3-29 23:17:4,1
96446PLXSU,113.293,22.8565,35810,72,160,0,14-3-29 23:18:34,1
96446PLXSU,113.281,22.8687,35828,72,150,0,14-3-29 23:20:4,1
96446PLXSU,113.271,22.8815,35846,74,165,0,14-3-29 23:21:34,1
96446PLXSU,113.267,22.8973,35864,62,0,0,14-3-29 23:23:4,1
96446PLXSU,113.267,22.9136,35882,70,165,0,14-3-29 23:24:34,1
96446PLXSU,113.26,22.9278,35899,70,165,0,14-3-29 23:26:4,1
96446PLXSU,113.252,22.9421,35916,68,165,0,14-3-29 23:27:34,1
96446PLXSU,113.25,22.9572,35933,66,175,0,14-3-29 23:29:4,1
96446PLXSU,113.245,22.9725,35950,74,155,0,14-3-29 23:30:34,1
96446PLXSU,113.231,22.9825,35968,66,150,0,14-3-29 23:32:4,1
96446PLXSU,113.221,22.9962,35986,74,165,0,14-3-29 23:33:34,1
96446PLXSU,113.221,23.0119,36004,64,10,0,14-3-29 23:35:4,1
96446PLXSU,113.225,23.0274,36022,72,175,0,14-3-29 23:36:34,1
96446PLXSU,113.222,23.0424,36038,57,175,0,14-3-29 23:38:4,1
96446PLXSU,113.223,23.051,36048,0,15,0,14-3-29 23:39:34,1
96446PLXSU,113.223,23.051,36048,0,15,0,14-3-29 23:41:4,1
96446PLXSU,113.223,23.051,36048,0,15,0,14-3-29 23:42:34,1
96446PLXSU,113.223,23.0517,36048,11,160,0,14-3-29 23:44:4,1
96446PLXSU,113.219,23.0539,36054,31,110,0,14-3-29 23:45:34,1
96446PLXSU,113.209,23.0566,36065,53,155,0,14-3-29 23:47:4,1
96446PLXSU,113.203,23.0687,36079,61,170,0,14-3-29 23:48:34,1
96446PLXSU,113.201,23.0833,36095,61,175,0,14-3-29 23:50:4,1
96446PLXSU,113.198,23.0967,36110,62,170,0,14-3-29 23:51:34,1
96446PLXSU,113.193,23.1086,36124,59,170,0,14-3-29 23:52:58,1
96446PLXSU,113.193,23.1092,36124,61,170,0,14-3-29 23:53:2,1
96446PLXSU,113.192,23.1229,36139,61,0,0,14-3-29 23:54:31,1
96446PLXSU,113.192,23.1368,36154,61,0,0,14-3-29 23:56:1,1
96446PLXSU,113.193,23.1482,36167,3,0,0,14-3-29 23:57:31,1
96446PLXSU,113.193,23.1484,36167,0,170,0,14-3-29 23:59:1,1
