9P3GXUB7SI,116.334,39.6929,0,0,0,0,14-3-29 17:33:26,0
9P3GXUB7SI,116.334,39.6929,0,0,0,0,14-3-29 17:35:27,0
9P3GXUB7SI,116.334,39.6929,0,0,0,0,14-3-29 17:37:28,0
9P3GXUB7SI,116.334,39.6929,0,0,0,0,14-3-29 17:39:29,0
9P3GXUB7SI,116.334,39.6929,0,0,0,0,14-3-29 17:41:30,0
9P3GXUB7SI,116.334,39.6929,0,0,0,0,14-3-29 17:43:31,0
9P3GXUB7SI,113.585,22.565,0,0,0,0,14-3-29 17:45:32,1
9P3GXUB7SI,113.585,22.565,0,0,0,0,14-3-29 17:47:33,1
9P3GXUB7SI,113.585,22.565,0,0,0,0,14-3-29 17:49:34,1
9P3GXUB7SI,113.585,22.565,0,0,0,0,14-3-29 17:51:35,1
9P3GXUB7SI,113.585,22.565,0,0,0,0,14-3-29 17:53:37,1
9P3GXUB7SI,113.585,22.565,0,0,0,0,14-3-29 17:55:37,1
9P3GXUB7SI,113.585,22.565,0,0,0,0,14-3-29 17:57:38,1
9P3GXUB7SI,113.585,22.565,0,0,0,0,14-3-29 17:59:39,1
9P3GXUB7SI,113.585,22.565,0,0,0,0,14-3-29 18:1:40,1
9P3GXUB7SI,113.585,22.565,0,0,0,0,14-3-29 18:3:41,1
9P3GXUB7SI,113.585,22.565,0,0,0,0,14-3-29 18:5:42,1
9P3GXUB7SI,113.585,22.565,0,0,0,0,14-3-29 18:7:43,1
9P3GXUB7SI,113.585,22.565,0,0,0,0,14-3-29 18:9:44,1
9P3GXUB7SI,113.585,22.565,0,0,0,0,14-3-29 18:11:45,1
9P3GXUB7SI,113.585,22.565,0,0,0,0,14-3-29 18:13:46,1
9P3GXUB7SI,113.585,22.565,0,0,0,0,14-3-29 18:15:47,1
9P3GXUB7SI,113.585,22.565,0,0,0,0,14-3-29 18:17:48,1
9P3GXUB7SI,113.585,22.565,0,0,0,0,14-3-29 18:19:49,1
9P3GXUB7SI,113.585,22.565,0,0,0,0,14-3-29 18:21:50,1
9P3GXUB7SI,113.585,22.565,0,0,0,0,14-3-29 18:23:51,1
9P3GXUB7SI,113.585,22.565,0,0,0,0,14-3-29 18:25:52,1
9P3GXUB7SI,113.585,22.565,0,0,0,0,14-3-29 18:27:53,1
9P3GXUB7SI,113.585,22.565,0,0,0,0,14-3-29 18:29:54,1
9P3GXUB7SI,113.585,22.565,0,0,0,0,14-3-29 18:32:2,1
9P3GXUB7SI,113.585,22.565,0,0,0,0,14-3-29 18:34:3,1
9P3GXUB7SI,113.585,22.565,0,0,0,0,14-3-29 18:36:4,1
9P3GXUB7SI,113.585,22.565,0,0,0,0,14-3-29 18:38:5,1
9P3GXUB7SI,113.585,22.565,0,0,0,0,14-3-29 18:40:6,1
9P3GXUB7SI,113.585,22.565,0,0,0,0,14-3-29 18:42:7,1
9P3GXUB7SI,113.585,22.565,0,0,0,0,14-3-29 18:44:8,1
9P3GXUB7SI,113.585,22.565,0,0,0,0,14-3-29 18:46:9,1
9P3GXUB7SI,113.585,22.565,0,0,0,0,14-3-29 18:48:10,0
9P3GXUB7SI,113.585,22.565,0,0,0,0,14-3-29 18:50:11,0
9P3GXUB7SI,113.572,22.5663,0,0,0,0,14-3-29 18:52:12,1
9P3GXUB7SI,113.572,22.5663,0,0,0,0,14-3-29 18:54:13,0
9P3GXUB7SI,113.572,22.5663,0,0,0,0,14-3-29 18:56:14,0
9P3GXUB7SI,113.572,22.5663,0,0,0,0,14-3-29 18:58:15,0
9P3GXUB7SI,113.572,22.5663,0,0,0,0,14-3-29 19:0:16,0
9P3GXUB7SI,113.572,22.5663,0,0,0,0,14-3-29 19:4:19,0
9P3GXUB7SI,113.572,22.5663,0,0,0,0,14-3-29 19:6:19,0
9P3GXUB7SI,113.572,22.5663,0,0,0,0,14-3-29 19:8:20,0
9P3GXUB7SI,113.572,22.5663,0,0,0,0,14-3-29 19:10:21,0
9P3GXUB7SI,113.572,22.5663,0,0,0,0,14-3-29 19:12:22,0
9P3GXUB7SI,113.572,22.5663,0,0,0,0,14-3-29 19:14:23,0
9P3GXUB7SI,113.572,22.5663,0,0,0,0,14-3-29 19:16:24,0
9P3GXUB7SI,113.456,22.5608,0,0,0,0,14-3-29 19:18:25,1
9P3GXUB7SI,113.467,22.5598,0,0,0,0,14-3-29 19:20:26,1
9P3GXUB7SI,113.465,22.554,0,0,0,0,14-3-29 19:22:27,1
9P3GXUB7SI,113.468,22.5475,0,0,0,0,14-3-29 19:24:28,1
9P3GXUB7SI,113.469,22.5423,0,0,0,0,14-3-29 19:26:29,1
9P3GXUB7SI,113.469,22.5423,0,0,0,0,14-3-29 19:28:30,1
9P3GXUB7SI,113.469,22.5423,0,0,0,0,14-3-29 19:30:31,1
9P3GXUB7SI,113.469,22.5423,0,0,0,0,14-3-29 19:32:38,1
9P3GXUB7SI,113.469,22.5423,0,0,0,0,14-3-29 19:34:39,1
9P3GXUB7SI,113.469,22.5423,0,0,0,0,14-3-29 19:36:40,1
9P3GXUB7SI,113.469,22.5423,0,0,0,0,14-3-29 19:38:41,1
9P3GXUB7SI,113.469,22.5423,0,0,0,0,14-3-29 19:40:42,1
9P3GXUB7SI,113.469,22.5423,0,0,0,0,14-3-29 19:42:43,1
9P3GXUB7SI,113.469,22.5423,0,0,0,0,14-3-29 19:44:44,1
9P3GXUB7SI,113.466,22.5479,0,0,0,0,14-3-29 19:46:45,1
9P3GXUB7SI,113.469,22.5423,0,0,0,0,14-3-29 19:48:46,1
9P3GXUB7SI,113.469,22.5423,0,0,0,0,14-3-29 19:50:47,1
9P3GXUB7SI,113.469,22.5423,0,0,0,0,14-3-29 19:52:48,1
9P3GXUB7SI,113.469,22.5423,0,0,0,0,14-3-29 19:54:49,1
9P3GXUB7SI,113.469,22.5423,0,0,0,0,14-3-29 19:56:50,1
9P3GXUB7SI,113.469,22.5423,0,0,0,0,14-3-29 19:58:51,1
9P3GXUB7SI,113.469,22.5423,0,0,0,0,14-3-29 20:0:52,1
9P3GXUB7SI,113.469,22.5423,0,0,0,0,14-3-29 20:2:53,1
9P3GXUB7SI,113.469,22.5423,0,0,0,0,14-3-29 20:4:54,1
9P3GXUB7SI,113.469,22.5423,0,0,0,0,14-3-29 20:6:55,1
9P3GXUB7SI,113.469,22.5423,0,0,0,0,14-3-29 20:8:56,1
9P3GXUB7SI,113.469,22.5423,0,0,0,0,14-3-29 20:10:57,1
9P3GXUB7SI,113.469,22.5423,0,0,0,0,14-3-29 20:12:58,1
9P3GXUB7SI,113.469,22.5423,0,0,0,0,14-3-29 20:14:59,1
9P3GXUB7SI,113.469,22.5423,0,0,0,0,14-3-29 20:17:0,1
9P3GXUB7SI,113.469,22.5423,0,0,0,0,14-3-29 20:19:1,1
9P3GXUB7SI,113.469,22.5423,0,0,0,0,14-3-29 20:21:2,1
9P3GXUB7SI,113.469,22.5423,0,0,0,0,14-3-29 20:23:3,1
9P3GXUB7SI,113.469,22.5423,0,0,0,0,14-3-29 20:25:4,1
9P3GXUB7SI,113.468,22.5369,0,0,0,0,14-3-29 20:27:5,1
9P3GXUB7SI,113.468,22.5369,0,0,0,0,14-3-29 20:29:6,1
9P3GXUB7SI,113.468,22.5369,0,0,0,0,14-3-29 20:31:13,1
9P3GXUB7SI,113.468,22.5369,0,0,0,0,14-3-29 20:33:14,1
9P3GXUB7SI,113.468,22.5369,0,0,0,0,14-3-29 20:35:15,1
9P3GXUB7SI,113.468,22.5369,0,0,0,0,14-3-29 20:37:16,0
9P3GXUB7SI,113.468,22.5369,0,0,0,0,14-3-29 20:39:17,0
9P3GXUB7SI,113.468,22.5369,0,0,0,0,14-3-29 20:41:18,0
9P3GXUB7SI,113.468,22.5369,0,0,0,0,14-3-29 20:43:19,0
9P3GXUB7SI,113.453,22.524,0,0,0,0,14-3-29 20:45:20,1
9P3GXUB7SI,113.441,22.5338,0,0,0,0,14-3-29 20:47:21,1
9P3GXUB7SI,113.441,22.5338,0,0,0,0,14-3-29 20:49:22,0
9P3GXUB7SI,113.42,22.5809,0,0,0,0,14-3-29 20:51:23,1
9P3GXUB7SI,113.431,22.611,0,0,0,0,14-3-29 20:53:24,1
9P3GXUB7SI,113.431,22.611,0,0,0,0,14-3-29 20:55:26,1
9P3GXUB7SI,113.443,22.6318,0,0,0,0,14-3-29 20:57:26,1
9P3GXUB7SI,113.445,22.6508,0,0,0,0,14-3-29 20:59:27,1
9P3GXUB7SI,113.445,22.6508,0,0,0,0,14-3-29 21:1:28,1
9P3GXUB7SI,113.448,22.6747,0,0,0,0,14-3-29 21:3:29,1
9P3GXUB7SI,113.455,22.6911,0,0,0,0,14-3-29 21:5:30,1
9P3GXUB7SI,113.482,22.6683,0,0,0,0,14-3-29 21:7:31,1
9P3GXUB7SI,113.471,22.7331,0,0,0,0,14-3-29 21:9:32,1
9P3GXUB7SI,113.49,22.7654,0,0,0,0,14-3-29 21:11:33,1
9P3GXUB7SI,113.49,22.7654,0,0,0,0,14-3-29 21:13:34,1
9P3GXUB7SI,113.509,22.7907,0,0,0,0,14-3-29 21:15:35,1
9P3GXUB7SI,113.49,22.8012,0,0,0,0,14-3-29 21:17:36,1
9P3GXUB7SI,113.485,22.8216,0,0,0,0,14-3-29 21:19:37,1
9P3GXUB7SI,113.484,22.8466,0,0,0,0,14-3-29 21:21:38,1
9P3GXUB7SI,113.484,22.8466,0,0,0,0,14-3-29 21:23:39,0
9P3GXUB7SI,113.476,22.8811,0,0,0,0,14-3-29 21:25:40,1
9P3GXUB7SI,113.476,22.8811,0,0,0,0,14-3-29 21:27:41,0
9P3GXUB7SI,113.476,22.8811,0,0,0,0,14-3-29 21:29:42,0
9P3GXUB7SI,113.472,22.9373,0,0,0,0,14-3-29 21:31:48,1
9P3GXUB7SI,113.462,22.9526,0,0,0,0,14-3-29 21:33:49,1
9P3GXUB7SI,113.456,22.9793,0,0,0,0,14-3-29 21:35:50,1
9P3GXUB7SI,113.45,22.9917,0,0,0,0,14-3-29 21:37:51,1
9P3GXUB7SI,113.445,23.0044,0,0,0,0,14-3-29 21:39:52,1
9P3GXUB7SI,113.439,23.0127,0,0,0,0,14-3-29 21:41:53,1
9P3GXUB7SI,113.455,23.0228,0,0,0,0,14-3-29 21:43:54,1
9P3GXUB7SI,113.466,23.0492,0,0,0,0,14-3-29 21:45:55,1
9P3GXUB7SI,113.467,23.0554,0,0,0,0,14-3-29 21:47:56,1
9P3GXUB7SI,113.478,23.075,0,0,0,0,14-3-29 21:51:59,1
9P3GXUB7SI,113.478,23.075,0,0,0,0,14-3-29 21:53:59,0
9P3GXUB7SI,113.478,23.075,0,0,0,0,14-3-29 21:56:0,0
9P3GXUB7SI,113.497,23.1331,0,0,0,0,14-3-29 21:58:1,1
9P3GXUB7SI,113.489,23.1503,0,0,0,0,14-3-29 22:0:2,1
9P3GXUB7SI,113.489,23.1714,0,0,0,0,14-3-29 22:2:3,1
9P3GXUB7SI,113.486,23.1885,0,0,0,0,14-3-29 22:4:4,1
9P3GXUB7SI,113.479,23.2109,0,0,0,0,14-3-29 22:6:5,1
9P3GXUB7SI,113.467,23.223,0,0,0,0,14-3-29 22:8:6,1
9P3GXUB7SI,113.459,23.2272,0,0,0,0,14-3-29 22:10:7,1
9P3GXUB7SI,113.442,23.2434,0,0,0,0,14-3-29 22:12:8,1
9P3GXUB7SI,113.447,23.2551,0,0,0,0,14-3-29 22:14:9,1
9P3GXUB7SI,113.429,23.2596,0,0,0,0,14-3-29 22:16:10,1
9P3GXUB7SI,113.411,23.2631,0,0,0,0,14-3-29 22:18:11,1
9P3GXUB7SI,113.382,23.2758,0,0,0,0,14-3-29 22:20:12,1
9P3GXUB7SI,113.365,23.2756,0,0,0,0,14-3-29 22:22:13,1
9P3GXUB7SI,113.365,23.2756,0,0,0,0,14-3-29 22:24:14,0
9P3GXUB7SI,113.375,23.3167,0,0,0,0,14-3-29 22:26:15,1
9P3GXUB7SI,113.388,23.3359,0,0,0,0,14-3-29 22:28:16,1
9P3GXUB7SI,113.388,23.3359,0,0,0,0,14-3-29 22:30:17,0
9P3GXUB7SI,113.388,23.3359,0,0,0,0,14-3-29 22:32:24,0
9P3GXUB7SI,113.388,23.3359,0,0,0,0,14-3-29 22:34:25,0
9P3GXUB7SI,113.388,23.3359,0,0,0,0,14-3-29 22:36:26,0
9P3GXUB7SI,113.41,23.3601,0,0,0,0,14-3-29 22:38:27,1
9P3GXUB7SI,113.41,23.3601,0,0,0,0,14-3-29 22:40:28,0
9P3GXUB7SI,113.41,23.3601,0,0,0,0,14-3-29 22:42:29,0
9P3GXUB7SI,113.42,23.4279,0,0,0,0,14-3-29 22:44:30,1
9P3GXUB7SI,113.425,23.447,0,0,0,0,14-3-29 22:46:31,1
9P3GXUB7SI,113.425,23.447,0,0,0,0,14-3-29 22:48:32,0
9P3GXUB7SI,113.414,23.4617,0,0,0,0,14-3-29 22:50:33,1
9P3GXUB7SI,113.447,23.489,0,0,0,0,14-3-29 22:52:34,1
9P3GXUB7SI,113.464,23.5597,0,0,0,0,14-3-29 23:0:18,1
9P3GXUB7SI,113.464,23.5597,0,0,0,0,14-3-29 23:2:19,1
9P3GXUB7SI,113.462,23.5955,0,0,0,0,14-3-29 23:4:22,1
9P3GXUB7SI,113.457,23.6147,0,0,0,0,14-3-29 23:6:23,1
9P3GXUB7SI,113.457,23.6147,0,0,0,0,14-3-29 23:8:25,0
9P3GXUB7SI,113.453,23.6583,0,0,0,0,14-3-29 23:10:25,1
9P3GXUB7SI,113.451,23.6898,0,0,0,0,14-3-29 23:12:26,1
9P3GXUB7SI,113.451,23.6898,0,0,0,0,14-3-29 23:14:27,1
9P3GXUB7SI,113.451,23.6898,0,0,0,0,14-3-29 23:16:28,1
9P3GXUB7SI,113.451,23.6898,0,0,0,0,14-3-29 23:18:29,0
9P3GXUB7SI,113.451,23.6898,0,0,0,0,14-3-29 23:20:30,0
9P3GXUB7SI,113.451,23.6898,0,0,0,0,14-3-29 23:22:31,0
9P3GXUB7SI,113.451,23.6898,0,0,0,0,14-3-29 23:26:34,0
9P3GXUB7SI,113.451,23.6898,0,0,0,0,14-3-29 23:28:34,0
9P3GXUB7SI,113.451,23.6898,0,0,0,0,14-3-29 23:30:35,0
9P3GXUB7SI,113.451,23.6898,0,0,0,0,14-3-29 23:32:36,0
9P3GXUB7SI,113.509,23.8366,0,0,0,0,14-3-29 23:34:37,1
9P3GXUB7SI,113.512,23.841,0,0,0,0,14-3-29 23:36:42,1
9P3GXUB7SI,113.527,23.8534,0,0,0,0,14-3-29 23:38:43,1
9P3GXUB7SI,113.539,23.8632,0,0,0,0,14-3-29 23:40:44,1
9P3GXUB7SI,113.564,23.8671,0,0,0,0,14-3-29 23:42:45,1
9P3GXUB7SI,113.587,23.8853,0,0,0,0,14-3-29 23:44:46,1
9P3GXUB7SI,113.587,23.8853,0,0,0,0,14-3-29 23:46:48,1
9P3GXUB7SI,113.587,23.9133,0,0,0,0,14-3-29 23:48:48,1
9P3GXUB7SI,113.586,23.92,0,0,0,0,14-3-29 23:50:49,1
9P3GXUB7SI,113.594,23.9368,0,0,0,0,14-3-29 23:52:50,1
9P3GXUB7SI,113.604,23.9477,0,0,0,0,14-3-29 23:54:51,1
9P3GXUB7SI,113.601,23.9671,0,0,0,0,14-3-29 23:56:52,1
9P3GXUB7SI,113.605,23.9672,0,0,0,0,14-3-29 23:58:53,1
