9X181FB4GU,121.308,31.0338,2036,0,0,0,14-3-28 18:16:52,1
9X181FB4GU,121.308,31.0338,2036,0,0,0,14-3-28 18:18:25,1
9X181FB4GU,121.308,31.0337,2036,0,0,0,14-3-28 18:20:25,1
9X181FB4GU,121.308,31.0338,2036,0,0,0,14-3-28 18:22:25,1
9X181FB4GU,121.308,31.0338,2036,0,0,0,14-3-28 18:23:27,1
9X181FB4GU,121.308,31.0337,2036,0,0,0,14-3-28 18:26:8,1
9X181FB4GU,121.308,31.0337,2036,0,0,0,14-3-28 18:28:8,1
9X181FB4GU,121.308,31.0337,2036,0,0,0,14-3-28 18:30:8,1
9X181FB4GU,121.308,31.0337,2036,1,126,0,14-3-28 18:32:47,1
9X181FB4GU,121.308,31.0342,2037,5,28,0,14-3-28 18:34:33,1
9X181FB4GU,121.309,31.0343,2037,0,0,0,14-3-28 18:34:52,1
9X181FB4GU,121.309,31.0343,2037,0,0,0,14-3-28 18:42:44,1
9X181FB4GU,121.309,31.0343,2037,0,0,0,14-3-28 18:44:44,1
9X181FB4GU,121.309,31.0343,2037,0,0,0,14-3-28 18:46:44,1
9X181FB4GU,121.309,31.0343,2037,0,0,0,14-3-28 18:48:44,1
9X181FB4GU,121.309,31.0343,2037,0,0,0,14-3-28 18:50:44,1
9X181FB4GU,121.309,31.0343,2037,0,0,0,14-3-28 18:52:44,1
9X181FB4GU,121.309,31.0343,2037,0,0,0,14-3-28 18:54:44,1
9X181FB4GU,121.309,31.0343,2037,0,0,0,14-3-28 18:56:44,1
9X181FB4GU,121.309,31.0343,2037,0,0,0,14-3-28 18:58:44,1
9X181FB4GU,121.309,31.0343,2037,0,0,0,14-3-28 19:0:44,1
9X181FB4GU,121.309,31.0343,2037,0,0,0,14-3-28 19:2:44,1
9X181FB4GU,121.309,31.0343,2037,0,0,0,14-3-28 19:4:44,1
9X181FB4GU,121.309,31.0343,2037,0,0,0,14-3-28 19:6:44,1
9X181FB4GU,121.309,31.0343,2037,0,0,0,14-3-28 19:8:44,1
9X181FB4GU,121.309,31.0343,2037,0,0,0,14-3-28 19:10:44,1
9X181FB4GU,121.309,31.0343,2037,0,0,0,14-3-28 19:12:44,1
9X181FB4GU,121.309,31.0342,2037,0,0,0,14-3-28 19:14:44,1
9X181FB4GU,121.309,31.0343,2037,0,0,0,14-3-28 19:16:44,1
9X181FB4GU,121.309,31.0343,2037,0,0,0,14-3-28 19:18:44,1
9X181FB4GU,121.309,31.0343,2037,0,0,0,14-3-28 19:20:44,1
9X181FB4GU,121.309,31.0343,2037,0,0,0,14-3-28 19:22:44,1
9X181FB4GU,121.309,31.0343,2037,0,0,0,14-3-28 19:31:14,1
9X181FB4GU,121.309,31.0343,2037,0,0,0,14-3-28 19:33:7,1
9X181FB4GU,121.309,31.0343,2037,0,0,0,14-3-28 19:35:7,1
9X181FB4GU,121.309,31.0343,2037,0,0,0,14-3-28 19:37:7,1
9X181FB4GU,121.309,31.0343,2037,0,0,0,14-3-28 19:39:7,1
9X181FB4GU,121.309,31.0343,2037,0,0,0,14-3-28 19:41:7,1
9X181FB4GU,121.309,31.0343,2037,0,0,0,14-3-28 19:43:7,1
9X181FB4GU,121.309,31.0343,2037,0,0,0,14-3-28 19:45:7,1
9X181FB4GU,121.309,31.0343,2037,0,0,0,14-3-28 19:49:12,1
9X181FB4GU,121.309,31.0343,2037,0,0,0,14-3-28 19:51:12,1
9X181FB4GU,121.309,31.0343,2037,0,0,0,14-3-28 19:53:12,1
9X181FB4GU,121.309,31.0343,2037,0,0,0,14-3-28 19:55:12,1
9X181FB4GU,121.309,31.0343,2037,0,0,0,14-3-28 19:57:12,1
9X181FB4GU,121.309,31.0343,2037,0,0,0,14-3-28 19:59:12,1
9X181FB4GU,121.309,31.0343,2037,0,0,0,14-3-28 20:1:12,1
9X181FB4GU,121.309,31.0343,2037,0,0,0,14-3-28 20:3:12,1
9X181FB4GU,121.309,31.0343,2037,0,0,0,14-3-28 20:5:12,1
9X181FB4GU,121.309,31.0343,2037,0,0,0,14-3-28 20:7:12,1
9X181FB4GU,121.309,31.0343,2037,0,0,0,14-3-28 20:9:12,1
9X181FB4GU,121.309,31.0342,2037,0,0,0,14-3-28 20:11:12,1
9X181FB4GU,121.309,31.0342,2037,0,0,0,14-3-28 20:13:12,1
9X181FB4GU,121.309,31.0342,2037,0,0,0,14-3-28 20:15:12,1
9X181FB4GU,121.309,31.0343,2037,0,0,0,14-3-28 20:17:12,1
9X181FB4GU,121.309,31.0343,2037,0,0,0,14-3-28 20:17:38,1
9X181FB4GU,121.309,31.0342,2037,0,0,0,14-3-28 20:19:46,1
9X181FB4GU,121.309,31.0342,2037,0,0,0,14-3-28 20:20:17,1
9X181FB4GU,121.309,31.0343,2037,0,0,0,14-3-28 20:22:17,1
9X181FB4GU,121.309,31.0343,2037,0,0,0,14-3-28 20:22:42,1
9X181FB4GU,121.309,31.0343,2037,0,0,0,14-3-28 20:24:42,1
9X181FB4GU,121.309,31.0343,2037,0,0,0,14-3-28 20:26:42,1
9X181FB4GU,121.309,31.0343,2037,0,0,0,14-3-28 20:28:32,1
9X181FB4GU,121.309,31.0343,2037,0,0,0,14-3-28 20:28:44,1
9X181FB4GU,121.309,31.0343,2037,0,0,0,14-3-28 20:30:44,1
9X181FB4GU,121.309,31.0343,2037,0,0,0,14-3-28 20:32:44,1
9X181FB4GU,121.309,31.0343,2037,0,0,0,14-3-28 20:34:43,1
9X181FB4GU,121.309,31.0343,2037,0,0,0,14-3-28 20:35:42,1
9X181FB4GU,121.309,31.0343,2037,0,0,0,14-3-28 20:37:42,1
9X181FB4GU,121.309,31.0343,2037,0,0,0,14-3-28 20:39:42,1
9X181FB4GU,121.309,31.0343,2037,0,0,0,14-3-28 20:55:41,1
9X181FB4GU,121.308,31.0349,2038,0,0,0,14-3-28 21:45:30,1
9X181FB4GU,121.308,31.0351,2038,5,2,0,14-3-28 21:45:46,1
9X181FB4GU,121.308,31.0355,2039,0,171,0,14-3-28 21:47:46,1
9X181FB4GU,121.308,31.0357,2039,0,0,0,14-3-28 21:49:44,1
9X181FB4GU,121.308,31.0358,2039,0,0,0,14-3-28 21:51:44,1
9X181FB4GU,121.308,31.0358,2039,0,0,0,14-3-28 21:53:44,1
9X181FB4GU,121.308,31.0357,2039,0,0,0,14-3-28 21:55:44,1
9X181FB4GU,121.308,31.0357,2039,0,0,0,14-3-28 21:57:32,1
9X181FB4GU,121.308,31.0357,2039,0,0,0,14-3-28 21:59:32,1
9X181FB4GU,121.308,31.0357,2039,0,0,0,14-3-28 22:0:32,1
9X181FB4GU,121.308,31.0358,2039,0,0,0,14-3-28 22:2:32,1
9X181FB4GU,121.307,31.0356,2039,1,0,0,14-3-28 22:3:39,1
9X181FB4GU,121.308,31.0345,2041,0,0,0,14-3-28 22:8:2,1
9X181FB4GU,121.308,31.0344,2041,0,0,0,14-3-28 22:9:4,1
9X181FB4GU,121.308,31.0347,2041,1,15,0,14-3-28 22:9:31,1
9X181FB4GU,121.308,31.0347,2042,0,0,0,14-3-28 22:11:31,1
9X181FB4GU,121.308,31.0347,2042,0,0,0,14-3-28 22:12:4,1
9X181FB4GU,121.308,31.0345,2042,0,0,0,14-3-28 22:16:27,1
9X181FB4GU,121.308,31.0346,2042,0,0,0,14-3-28 22:18:27,1
9X181FB4GU,121.308,31.0345,2042,0,0,0,14-3-28 22:20:27,1
9X181FB4GU,121.308,31.0345,2042,0,0,0,14-3-28 22:22:27,1
9X181FB4GU,121.308,31.0345,2042,0,0,0,14-3-28 22:24:27,1
9X181FB4GU,121.308,31.0345,2042,0,0,0,14-3-28 22:25:49,1
9X181FB4GU,121.308,31.0345,2042,0,0,0,14-3-28 22:27:49,1
9X181FB4GU,121.308,31.0344,2042,0,0,0,14-3-28 22:29:49,1
9X181FB4GU,121.308,31.0345,2042,0,0,0,14-3-28 22:31:49,1
9X181FB4GU,121.308,31.0345,2042,0,0,0,14-3-28 22:33:49,1
9X181FB4GU,121.308,31.0345,2042,0,0,0,14-3-28 22:35:49,1
9X181FB4GU,121.308,31.0345,2042,0,0,0,14-3-28 22:38:43,1
9X181FB4GU,121.308,31.0345,2042,0,0,0,14-3-28 22:40:43,1
9X181FB4GU,121.308,31.0345,2042,0,0,0,14-3-28 22:42:37,1
9X181FB4GU,121.308,31.0345,2042,0,0,0,14-3-28 22:48:0,1
9X181FB4GU,121.308,31.0345,2042,0,0,0,14-3-28 22:50:0,1
9X181FB4GU,121.308,31.0346,2042,0,0,0,14-3-28 22:52:0,1
9X181FB4GU,121.308,31.0345,2042,0,0,0,14-3-28 22:56:3,1
9X181FB4GU,121.308,31.0345,2042,0,0,0,14-3-28 22:58:3,1
9X181FB4GU,121.308,31.0344,2042,0,0,0,14-3-28 23:4:13,1
9X181FB4GU,121.308,31.0344,2042,0,0,0,14-3-28 23:6:13,1
9X181FB4GU,121.308,31.0345,2042,0,0,0,14-3-28 23:14:4,1
9X181FB4GU,121.308,31.0345,2042,0,0,0,14-3-28 23:16:4,1
9X181FB4GU,121.308,31.0345,2042,0,0,0,14-3-28 23:18:4,1
9X181FB4GU,121.308,31.0345,2042,0,0,0,14-3-28 23:20:4,1
9X181FB4GU,121.308,31.0345,2042,0,0,0,14-3-28 23:22:4,1
9X181FB4GU,121.308,31.0345,2042,0,0,0,14-3-28 23:24:4,1
9X181FB4GU,121.308,31.0345,2042,0,0,0,14-3-28 23:26:4,1
9X181FB4GU,121.308,31.0345,2042,0,0,0,14-3-28 23:28:4,1
9X181FB4GU,121.308,31.0345,2042,0,0,0,14-3-28 23:30:4,1
9X181FB4GU,121.308,31.0345,2042,0,0,0,14-3-28 23:32:4,1
9X181FB4GU,121.308,31.0345,2042,0,0,0,14-3-28 23:34:4,1
9X181FB4GU,121.308,31.0345,2042,0,0,0,14-3-28 23:36:4,1
9X181FB4GU,121.308,31.0344,2042,0,0,0,14-3-28 23:38:4,1
9X181FB4GU,121.308,31.0344,2042,0,0,0,14-3-28 23:40:4,1
9X181FB4GU,121.308,31.0345,2042,0,0,0,14-3-28 23:42:4,1
9X181FB4GU,121.308,31.0345,2042,0,0,0,14-3-28 23:44:4,1
9X181FB4GU,121.308,31.0345,2042,0,0,0,14-3-28 23:44:42,1
9X181FB4GU,121.308,31.0343,2042,0,0,0,14-3-28 23:46:42,1
9X181FB4GU,121.308,31.0343,2042,0,0,0,14-3-28 23:47:48,1
9X181FB4GU,121.308,31.0343,2042,0,0,0,14-3-28 23:49:1,1
9X181FB4GU,121.308,31.0343,2042,0,0,0,14-3-28 23:49:59,1
9X181FB4GU,121.308,31.0343,2042,0,0,0,14-3-28 23:50:46,1
9X181FB4GU,121.307,31.0338,2043,16,140,0,14-3-28 23:52:34,1
9X181FB4GU,121.307,31.0339,2044,14,140,0,14-3-28 23:52:38,1
9X181FB4GU,121.303,31.0441,2058,18,175,0,14-3-28 23:56:22,1
9X181FB4GU,121.303,31.0458,2059,31,173,0,14-3-28 23:56:48,1
9X181FB4GU,121.303,31.0475,2062,48,173,0,14-3-28 23:57:6,1
9X181FB4GU,121.302,31.0492,2063,57,173,0,14-3-28 23:57:19,1
9X181FB4GU,121.302,31.051,2066,61,173,0,14-3-28 23:57:31,1
9X181FB4GU,121.301,31.0527,2068,55,173,0,14-3-28 23:57:43,1
9X181FB4GU,121.301,31.0538,2069,0,0,0,14-3-28 23:59:43,1
9X181FB4GU,121.301,31.0544,2069,22,172,0,14-3-29 0:0:55,1
9X181FB4GU,121.301,31.0562,2071,33,178,0,14-3-29 0:1:17,1
9X181FB4GU,121.3,31.0581,2073,7,173,0,14-3-29 0:2:31,1
9X181FB4GU,121.3,31.0618,2077,14,164,0,14-3-29 0:4:26,1
9X181FB4GU,121.299,31.0635,2079,37,172,0,14-3-29 0:4:57,1
9X181FB4GU,121.299,31.0652,2081,46,179,0,14-3-29 0:5:12,1
9X181FB4GU,121.298,31.0669,2083,40,169,0,14-3-29 0:5:28,1
9X181FB4GU,121.298,31.0686,2085,20,172,0,14-3-29 0:5:49,1
9X181FB4GU,121.297,31.0704,2088,40,174,0,14-3-29 0:6:12,1
9X181FB4GU,121.297,31.0721,2090,51,175,0,14-3-29 0:6:27,1
9X181FB4GU,121.296,31.0738,2092,44,175,0,14-3-29 0:6:41,1
9X181FB4GU,121.296,31.0756,2094,49,177,0,14-3-29 0:6:56,1
9X181FB4GU,121.296,31.0773,2096,51,178,0,14-3-29 0:7:9,1
9X181FB4GU,121.296,31.0791,2098,53,177,0,14-3-29 0:7:22,1
9X181FB4GU,121.296,31.0808,2100,51,177,0,14-3-29 0:7:35,1
9X181FB4GU,121.296,31.0825,2101,61,178,0,14-3-29 0:7:47,1
9X181FB4GU,121.295,31.0842,2103,59,178,0,14-3-29 0:7:58,1
9X181FB4GU,121.295,31.086,2106,49,177,0,14-3-29 0:8:11,1
9X181FB4GU,121.295,31.0878,2108,57,178,0,14-3-29 0:8:24,1
9X181FB4GU,121.295,31.0894,2109,62,177,0,14-3-29 0:8:35,1
9X181FB4GU,121.295,31.0912,2111,59,178,0,14-3-29 0:8:46,1
9X181FB4GU,121.295,31.093,2113,48,178,0,14-3-29 0:8:59,1
9X181FB4GU,121.295,31.0948,2116,53,177,0,14-3-29 0:9:13,1
9X181FB4GU,121.294,31.0966,2118,62,178,0,14-3-29 0:9:25,1
9X181FB4GU,121.294,31.0982,2119,64,178,0,14-3-29 0:9:35,1
9X181FB4GU,121.294,31.1,2122,66,0,0,14-3-29 0:9:46,1
9X181FB4GU,121.294,31.1017,2124,66,2,0,14-3-29 0:9:56,1
9X181FB4GU,121.295,31.1035,2126,59,3,0,14-3-29 0:10:7,1
9X181FB4GU,121.295,31.1052,2128,53,5,0,14-3-29 0:10:19,1
9X181FB4GU,121.295,31.1069,2130,55,7,0,14-3-29 0:10:32,1
9X181FB4GU,121.296,31.1085,2131,59,8,0,14-3-29 0:10:43,1
9X181FB4GU,121.297,31.1103,2134,61,8,0,14-3-29 0:10:55,1
9X181FB4GU,121.297,31.112,2136,68,8,0,14-3-29 0:11:6,1
9X181FB4GU,121.298,31.1136,2137,72,6,0,14-3-29 0:11:15,1
9X181FB4GU,121.298,31.1153,2140,66,5,0,14-3-29 0:11:25,1
9X181FB4GU,121.298,31.117,2142,61,4,0,14-3-29 0:11:36,1
9X181FB4GU,121.299,31.1187,2144,55,2,0,14-3-29 0:11:48,1
9X181FB4GU,121.299,31.1205,2146,61,3,0,14-3-29 0:12:0,1
9X181FB4GU,121.299,31.1239,2149,64,3,0,14-3-29 0:12:21,1
9X181FB4GU,121.3,31.1274,2154,59,3,0,14-3-29 0:12:42,1
9X181FB4GU,121.3,31.1291,2156,49,2,0,14-3-29 0:12:55,1
9X181FB4GU,121.3,31.1325,2159,68,3,0,14-3-29 0:13:18,1
9X181FB4GU,121.301,31.1344,2162,61,179,0,14-3-29 0:13:29,1
9X181FB4GU,121.3,31.1361,2163,49,175,0,14-3-29 0:13:41,1
9X181FB4GU,121.3,31.1377,2165,57,170,0,14-3-29 0:13:54,1
9X181FB4GU,121.299,31.1393,2167,64,166,0,14-3-29 0:14:5,1
9X181FB4GU,121.298,31.1409,2170,66,162,0,14-3-29 0:14:16,1
9X181FB4GU,121.295,31.1437,2174,66,161,0,14-3-29 0:14:36,1
9X181FB4GU,121.294,31.1451,2176,59,161,0,14-3-29 0:14:47,1
9X181FB4GU,121.293,31.1464,2178,64,161,0,14-3-29 0:14:58,1
9X181FB4GU,121.292,31.1479,2180,62,161,0,14-3-29 0:15:9,1
9X181FB4GU,121.291,31.1492,2181,66,161,0,14-3-29 0:15:19,1
9X181FB4GU,121.289,31.1506,2183,70,161,0,14-3-29 0:15:29,1
9X181FB4GU,121.288,31.152,2186,72,161,0,14-3-29 0:15:39,1
9X181FB4GU,121.287,31.1534,2188,66,162,0,14-3-29 0:15:49,1
9X181FB4GU,121.286,31.1548,2190,66,163,0,14-3-29 0:15:59,1
9X181FB4GU,121.284,31.1579,2194,72,165,0,14-3-29 0:16:19,1
9X181FB4GU,121.283,31.1593,2196,70,166,0,14-3-29 0:16:28,1
9X181FB4GU,121.282,31.1609,2197,66,168,0,14-3-29 0:16:38,1
9X181FB4GU,121.281,31.1625,2199,57,168,0,14-3-29 0:16:49,1
9X181FB4GU,121.28,31.1641,2202,55,168,0,14-3-29 0:17:2,1
9X181FB4GU,121.28,31.1656,2203,62,167,0,14-3-29 0:17:13,1
9X181FB4GU,121.279,31.1672,2206,61,168,0,14-3-29 0:17:24,1
9X181FB4GU,121.278,31.1688,2207,61,168,0,14-3-29 0:17:35,1
9X181FB4GU,121.277,31.1704,2209,55,168,0,14-3-29 0:17:47,1
9X181FB4GU,121.276,31.172,2211,59,168,0,14-3-29 0:17:59,1
9X181FB4GU,121.275,31.1737,2214,62,168,0,14-3-29 0:18:11,1
9X181FB4GU,121.275,31.1752,2216,66,168,0,14-3-29 0:18:21,1
9X181FB4GU,121.274,31.1768,2217,66,167,0,14-3-29 0:18:31,1
9X181FB4GU,121.273,31.1785,2220,66,167,0,14-3-29 0:18:42,1
9X181FB4GU,121.272,31.18,2222,66,167,0,14-3-29 0:18:52,1
9X181FB4GU,121.271,31.1816,2223,66,168,0,14-3-29 0:19:2,1
9X181FB4GU,121.27,31.1833,2226,66,168,0,14-3-29 0:19:13,1
9X181FB4GU,121.269,31.1863,2229,66,168,0,14-3-29 0:19:33,1
9X181FB4GU,121.268,31.1879,2231,70,167,0,14-3-29 0:19:43,1
9X181FB4GU,121.267,31.1896,2234,72,167,0,14-3-29 0:19:53,1
9X181FB4GU,121.266,31.1912,2236,68,167,0,14-3-29 0:20:3,1
9X181FB4GU,121.266,31.1927,2238,62,167,0,14-3-29 0:20:13,1
9X181FB4GU,121.265,31.1942,2239,59,167,0,14-3-29 0:20:24,1
9X181FB4GU,121.264,31.1958,2241,64,167,0,14-3-29 0:20:35,1
9X181FB4GU,121.263,31.1975,2244,68,167,0,14-3-29 0:20:46,1
9X181FB4GU,121.261,31.2007,2248,70,167,0,14-3-29 0:21:6,1
9X181FB4GU,121.26,31.2038,2251,61,167,0,14-3-29 0:21:26,1
9X181FB4GU,121.258,31.207,2255,68,168,0,14-3-29 0:21:48,1
9X181FB4GU,121.257,31.2086,2258,68,167,0,14-3-29 0:21:58,1
9X181FB4GU,121.256,31.2102,2260,59,167,0,14-3-29 0:22:9,1
9X181FB4GU,121.255,31.2118,2262,55,167,0,14-3-29 0:22:21,1
9X181FB4GU,121.255,31.2133,2263,53,167,0,14-3-29 0:22:33,1
9X181FB4GU,121.254,31.215,2265,59,167,0,14-3-29 0:22:45,1
9X181FB4GU,121.252,31.2181,2270,66,165,0,14-3-29 0:23:7,1
9X181FB4GU,121.251,31.2196,2271,62,164,0,14-3-29 0:23:17,1
9X181FB4GU,121.25,31.2211,2273,59,163,0,14-3-29 0:23:28,1
9X181FB4GU,121.249,31.2225,2276,62,161,0,14-3-29 0:23:40,1
9X181FB4GU,121.248,31.2239,2277,64,161,0,14-3-29 0:23:50,1
9X181FB4GU,121.246,31.2253,2280,64,161,0,14-3-29 0:24:1,1
9X181FB4GU,121.245,31.2267,2282,59,161,0,14-3-29 0:24:12,1
9X181FB4GU,121.244,31.2282,2284,59,162,0,14-3-29 0:24:24,1
9X181FB4GU,121.243,31.2295,2286,59,161,0,14-3-29 0:24:35,1
9X181FB4GU,121.242,31.2309,2288,53,161,0,14-3-29 0:24:47,1
9X181FB4GU,121.24,31.2323,2289,53,161,0,14-3-29 0:25:0,1
9X181FB4GU,121.239,31.2337,2292,64,162,0,14-3-29 0:25:12,1
9X181FB4GU,121.238,31.2352,2294,68,165,0,14-3-29 0:25:22,1
9X181FB4GU,121.237,31.2368,2296,64,169,0,14-3-29 0:25:33,1
9X181FB4GU,121.237,31.2384,2298,70,173,0,14-3-29 0:25:43,1
9X181FB4GU,121.236,31.2402,2300,72,177,0,14-3-29 0:25:53,1
9X181FB4GU,121.236,31.242,2302,64,0,0,14-3-29 0:26:3,1
9X181FB4GU,121.237,31.2472,2308,53,4,0,14-3-29 0:26:38,1
9X181FB4GU,121.237,31.2489,2309,49,4,0,14-3-29 0:26:51,1
9X181FB4GU,121.238,31.2507,2312,49,5,0,14-3-29 0:27:5,1
9X181FB4GU,121.238,31.2523,2313,53,5,0,14-3-29 0:27:18,1
9X181FB4GU,121.239,31.2535,2315,35,48,0,14-3-29 0:27:34,1
9X181FB4GU,121.239,31.2521,2318,37,119,0,14-3-29 0:27:53,1
9X181FB4GU,121.237,31.2521,2319,51,137,0,14-3-29 0:28:9,1
9X181FB4GU,121.235,31.2521,2322,53,135,0,14-3-29 0:28:23,1
9X181FB4GU,121.233,31.2521,2324,51,135,0,14-3-29 0:28:36,1
9X181FB4GU,121.231,31.2521,2326,61,133,0,14-3-29 0:28:48,1
9X181FB4GU,121.229,31.2521,2328,66,135,0,14-3-29 0:28:59,1
9X181FB4GU,121.227,31.2521,2330,68,135,0,14-3-29 0:29:9,1
9X181FB4GU,121.225,31.2521,2332,62,135,0,14-3-29 0:29:19,1
9X181FB4GU,121.223,31.2522,2334,66,135,0,14-3-29 0:29:30,1
9X181FB4GU,121.221,31.2522,2336,68,135,0,14-3-29 0:29:40,1
9X181FB4GU,121.219,31.2523,2338,68,135,0,14-3-29 0:29:50,1
9X181FB4GU,121.217,31.2523,2340,68,135,0,14-3-29 0:30:0,1
9X181FB4GU,121.215,31.2523,2342,68,136,0,14-3-29 0:30:10,1
9X181FB4GU,121.213,31.2524,2344,70,136,0,14-3-29 0:30:20,1
9X181FB4GU,121.209,31.2527,2348,59,137,0,14-3-29 0:30:41,1
9X181FB4GU,121.205,31.253,2351,66,137,0,14-3-29 0:31:2,1
9X181FB4GU,121.203,31.2532,2354,64,137,0,14-3-29 0:31:13,1
9X181FB4GU,121.201,31.2533,2356,57,137,0,14-3-29 0:31:24,1
9X181FB4GU,121.199,31.2535,2358,62,137,0,14-3-29 0:31:36,1
9X181FB4GU,121.197,31.2536,2359,66,137,0,14-3-29 0:31:46,1
9X181FB4GU,121.195,31.2537,2361,68,137,0,14-3-29 0:31:56,1
9X181FB4GU,121.193,31.2539,2364,72,137,0,14-3-29 0:32:6,1
9X181FB4GU,121.191,31.254,2366,68,137,0,14-3-29 0:32:16,1
9X181FB4GU,121.189,31.2542,2367,62,138,0,14-3-29 0:32:26,1
9X181FB4GU,121.187,31.2545,2369,62,140,0,14-3-29 0:32:37,1
9X181FB4GU,121.183,31.2553,2374,70,142,0,14-3-29 0:32:58,1
9X181FB4GU,121.179,31.2564,2378,74,145,0,14-3-29 0:33:17,1
9X181FB4GU,121.174,31.2587,2384,75,149,0,14-3-29 0:33:44,1
9X181FB4GU,121.172,31.2596,2386,74,151,0,14-3-29 0:33:53,1
9X181FB4GU,121.17,31.2605,2387,70,152,0,14-3-29 0:34:2,1
9X181FB4GU,121.168,31.2616,2390,62,154,0,14-3-29 0:34:13,1
9X181FB4GU,121.167,31.2627,2391,55,155,0,14-3-29 0:34:24,1
9X181FB4GU,121.165,31.2639,2394,61,156,0,14-3-29 0:34:36,1
9X181FB4GU,121.164,31.2651,2396,68,158,0,14-3-29 0:34:47,1
9X181FB4GU,121.16,31.269,2401,66,162,0,14-3-29 0:35:15,1
9X181FB4GU,121.149,31.2815,2420,75,160,0,14-3-29 0:36:51,1
9X181FB4GU,121.148,31.2829,2421,74,158,0,14-3-29 0:37:0,1
9X181FB4GU,121.145,31.2855,2426,70,157,0,14-3-29 0:37:20,1
9X181FB4GU,121.144,31.2867,2427,59,160,0,14-3-29 0:37:30,1
9X181FB4GU,121.143,31.2882,2430,37,160,0,14-3-29 0:37:44,1
9X181FB4GU,121.142,31.2888,2430,0,0,0,14-3-29 0:39:44,1
9X181FB4GU,121.141,31.2892,2431,9,146,0,14-3-29 0:40:55,1
9X181FB4GU,121.141,31.2893,2431,0,148,0,14-3-29 0:41:0,1
9X181FB4GU,121.141,31.2892,2431,0,0,0,14-3-29 0:43:0,1
9X181FB4GU,121.141,31.2893,2431,0,0,0,14-3-29 0:45:0,1
9X181FB4GU,121.141,31.2893,2431,0,0,0,14-3-29 0:47:0,1
9X181FB4GU,121.141,31.2893,2431,0,0,0,14-3-29 0:49:0,1
9X181FB4GU,121.141,31.2893,2431,0,0,0,14-3-29 0:51:0,1
9X181FB4GU,121.141,31.2892,2431,0,0,0,14-3-29 0:51:59,1
9X181FB4GU,121.141,31.2894,2431,18,146,0,14-3-29 0:52:24,1
9X181FB4GU,121.14,31.2897,2432,22,151,0,14-3-29 0:52:38,1
9X181FB4GU,121.139,31.2906,2434,37,154,0,14-3-29 0:52:56,1
9X181FB4GU,121.137,31.2918,2436,42,154,0,14-3-29 0:53:15,1
9X181FB4GU,121.136,31.2929,2438,51,153,0,14-3-29 0:53:29,1
9X181FB4GU,121.134,31.2939,2440,55,152,0,14-3-29 0:53:42,1
9X181FB4GU,121.132,31.2949,2441,51,151,0,14-3-29 0:53:54,1
9X181FB4GU,121.131,31.2958,2443,55,149,0,14-3-29 0:54:7,1
9X181FB4GU,121.129,31.2966,2445,57,148,0,14-3-29 0:54:19,1
9X181FB4GU,121.127,31.2973,2448,61,146,0,14-3-29 0:54:31,1
9X181FB4GU,121.125,31.298,2450,61,144,0,14-3-29 0:54:42,1
9X181FB4GU,121.123,31.2985,2451,61,144,0,14-3-29 0:54:53,1
9X181FB4GU,121.121,31.2991,2453,61,143,0,14-3-29 0:55:4,1
9X181FB4GU,121.119,31.2996,2455,53,143,0,14-3-29 0:55:16,1
9X181FB4GU,121.117,31.3001,2458,51,142,0,14-3-29 0:55:29,1
9X181FB4GU,121.115,31.3006,2459,53,142,0,14-3-29 0:55:42,1
9X181FB4GU,121.113,31.3011,2462,57,142,0,14-3-29 0:55:55,1
9X181FB4GU,121.111,31.3016,2464,62,143,0,14-3-29 0:56:6,1
9X181FB4GU,121.108,31.3028,2468,64,147,0,14-3-29 0:56:28,1
9X181FB4GU,121.106,31.3036,2470,62,148,0,14-3-29 0:56:39,1
9X181FB4GU,121.104,31.3044,2471,62,149,0,14-3-29 0:56:49,1
9X181FB4GU,121.102,31.3053,2473,64,151,0,14-3-29 0:57:0,1
9X181FB4GU,121.101,31.3063,2476,68,153,0,14-3-29 0:57:11,1
9X181FB4GU,121.099,31.3073,2477,70,154,0,14-3-29 0:57:20,1
9X181FB4GU,121.097,31.3085,2480,68,155,0,14-3-29 0:57:30,1
9X181FB4GU,121.096,31.3097,2481,68,157,0,14-3-29 0:57:40,1
9X181FB4GU,121.093,31.3123,2486,68,157,0,14-3-29 0:58:1,1
9X181FB4GU,121.092,31.3135,2488,68,156,0,14-3-29 0:58:11,1
9X181FB4GU,121.09,31.3146,2489,72,155,0,14-3-29 0:58:20,1
9X181FB4GU,121.089,31.3158,2492,72,154,0,14-3-29 0:58:30,1
9X181FB4GU,121.087,31.3168,2494,72,153,0,14-3-29 0:58:39,1
9X181FB4GU,121.085,31.3178,2496,66,151,0,14-3-29 0:58:49,1
9X181FB4GU,121.084,31.3187,2498,61,150,0,14-3-29 0:59:0,1
9X181FB4GU,121.082,31.3195,2500,57,148,0,14-3-29 0:59:11,1
9X181FB4GU,121.08,31.3202,2501,62,147,0,14-3-29 0:59:22,1
9X181FB4GU,121.078,31.3209,2504,68,146,0,14-3-29 0:59:33,1
9X181FB4GU,121.076,31.3216,2506,68,144,0,14-3-29 0:59:43,1
9X181FB4GU,121.072,31.3226,2510,66,142,0,14-3-29 1:0:3,1
9X181FB4GU,121.07,31.323,2511,66,142,0,14-3-29 1:0:13,1
9X181FB4GU,121.068,31.3235,2514,62,143,0,14-3-29 1:0:24,1
9X181FB4GU,121.067,31.3241,2516,61,144,0,14-3-29 1:0:35,1
9X181FB4GU,121.065,31.3246,2517,59,145,0,14-3-29 1:0:46,1
9X181FB4GU,121.063,31.3253,2520,61,146,0,14-3-29 1:0:58,1
9X181FB4GU,121.061,31.326,2522,64,147,0,14-3-29 1:1:9,1
9X181FB4GU,121.059,31.3267,2524,66,147,0,14-3-29 1:1:19,1
9X181FB4GU,121.057,31.3274,2526,68,146,0,14-3-29 1:1:29,1
9X181FB4GU,121.055,31.3281,2528,68,146,0,14-3-29 1:1:39,1
9X181FB4GU,121.052,31.3294,2532,70,144,0,14-3-29 1:1:59,1
9X181FB4GU,121.05,31.33,2534,70,144,0,14-3-29 1:2:9,1
9X181FB4GU,121.048,31.3305,2535,72,143,0,14-3-29 1:2:18,1
9X181FB4GU,121.046,31.3311,2538,72,142,0,14-3-29 1:2:28,1
9X181FB4GU,121.044,31.3315,2539,74,142,0,14-3-29 1:2:37,1
9X181FB4GU,121.04,31.3322,2544,72,140,0,14-3-29 1:2:56,1
9X181FB4GU,121.038,31.3325,2546,64,139,0,14-3-29 1:3:6,1
9X181FB4GU,121.036,31.3328,2548,59,139,0,14-3-29 1:3:17,1
9X181FB4GU,121.034,31.333,2549,61,138,0,14-3-29 1:3:28,1
9X181FB4GU,121.032,31.3332,2552,66,138,0,14-3-29 1:3:39,1
9X181FB4GU,121.03,31.3334,2554,72,137,0,14-3-29 1:3:49,1
9X181FB4GU,121.028,31.3335,2555,74,136,0,14-3-29 1:3:58,1
9X181FB4GU,121.026,31.3336,2557,75,135,0,14-3-29 1:4:7,1
9X181FB4GU,121.022,31.3336,2562,68,134,0,14-3-29 1:4:26,1
9X181FB4GU,121.02,31.3335,2563,61,133,0,14-3-29 1:4:37,1
9X181FB4GU,121.018,31.3335,2566,62,134,0,14-3-29 1:4:48,1
9X181FB4GU,121.016,31.3334,2568,66,134,0,14-3-29 1:4:59,1
9X181FB4GU,121.014,31.3334,2570,72,135,0,14-3-29 1:5:9,1
9X181FB4GU,121.012,31.3334,2572,74,135,0,14-3-29 1:5:18,1
9X181FB4GU,121.01,31.3335,2573,70,136,0,14-3-29 1:5:27,1
9X181FB4GU,121.006,31.3338,2578,66,137,0,14-3-29 1:5:48,1
9X181FB4GU,121.002,31.3341,2582,70,138,0,14-3-29 1:6:8,1
9X181FB4GU,120.999,31.3344,2583,72,139,0,14-3-29 1:6:18,1
9X181FB4GU,120.998,31.3347,2585,74,139,0,14-3-29 1:6:27,1
9X181FB4GU,120.995,31.335,2588,74,140,0,14-3-29 1:6:37,1
9X181FB4GU,120.991,31.3357,2592,75,141,0,14-3-29 1:6:55,1
9X181FB4GU,120.99,31.3361,2593,72,141,0,14-3-29 1:7:4,1
9X181FB4GU,120.987,31.3365,2596,68,142,0,14-3-29 1:7:14,1
9X181FB4GU,120.986,31.3369,2598,64,143,0,14-3-29 1:7:24,1
9X181FB4GU,120.984,31.3375,2600,64,143,0,14-3-29 1:7:35,1
9X181FB4GU,120.982,31.338,2602,68,144,0,14-3-29 1:7:45,1
9X181FB4GU,120.98,31.3386,2603,72,144,0,14-3-29 1:7:55,1
9X181FB4GU,120.976,31.3398,2608,75,145,0,14-3-29 1:8:13,1
9X181FB4GU,120.974,31.3405,2610,77,146,0,14-3-29 1:8:22,1
9X181FB4GU,120.972,31.3411,2612,75,147,0,14-3-29 1:8:31,1
9X181FB4GU,120.971,31.3419,2613,72,147,0,14-3-29 1:8:40,1
9X181FB4GU,120.967,31.3433,2618,70,146,0,14-3-29 1:8:59,1
9X181FB4GU,120.965,31.344,2620,70,146,0,14-3-29 1:9:9,1
9X181FB4GU,120.963,31.3446,2622,64,145,0,14-3-29 1:9:19,1
9X181FB4GU,120.961,31.3452,2623,57,144,0,14-3-29 1:9:30,1
9X181FB4GU,120.959,31.3457,2626,62,143,0,14-3-29 1:9:42,1
9X181FB4GU,120.957,31.3461,2628,68,143,0,14-3-29 1:9:52,1
9X181FB4GU,120.955,31.3465,2630,74,141,0,14-3-29 1:10:2,1
9X181FB4GU,120.951,31.3472,2634,79,139,0,14-3-29 1:10:20,1
9X181FB4GU,120.949,31.3474,2635,79,138,0,14-3-29 1:10:28,1
9X181FB4GU,120.947,31.3476,2638,77,137,0,14-3-29 1:10:37,1
9X181FB4GU,120.945,31.3477,2639,72,136,0,14-3-29 1:10:46,1
9X181FB4GU,120.943,31.3477,2641,64,135,0,14-3-29 1:10:56,1
9X181FB4GU,120.941,31.3477,2644,61,134,0,14-3-29 1:11:8,1
9X181FB4GU,120.937,31.3475,2647,70,132,0,14-3-29 1:11:28,1
9X181FB4GU,120.935,31.3473,2649,68,132,0,14-3-29 1:11:38,1
9X181FB4GU,120.933,31.3472,2652,70,133,0,14-3-29 1:11:48,1
9X181FB4GU,120.931,31.3471,2654,72,134,0,14-3-29 1:11:58,1
9X181FB4GU,120.929,31.3471,2655,72,135,0,14-3-29 1:12:7,1
9X181FB4GU,120.927,31.3472,2658,74,136,0,14-3-29 1:12:17,1
9X181FB4GU,120.923,31.3476,2662,68,138,0,14-3-29 1:12:36,1
9X181FB4GU,120.921,31.3478,2664,61,139,0,14-3-29 1:12:46,1
9X181FB4GU,120.919,31.3481,2666,59,140,0,14-3-29 1:12:57,1
9X181FB4GU,120.917,31.3484,2667,61,140,0,14-3-29 1:13:8,1
9X181FB4GU,120.915,31.3488,2669,64,141,0,14-3-29 1:13:19,1
9X181FB4GU,120.911,31.3495,2674,72,141,0,14-3-29 1:13:39,1
9X181FB4GU,120.909,31.3499,2675,75,141,0,14-3-29 1:13:48,1
9X181FB4GU,120.907,31.3503,2677,74,141,0,14-3-29 1:13:57,1
9X181FB4GU,120.903,31.3511,2682,64,141,0,14-3-29 1:14:18,1
9X181FB4GU,120.901,31.3514,2684,68,140,0,14-3-29 1:14:28,1
9X181FB4GU,120.899,31.3517,2686,70,139,0,14-3-29 1:14:38,1
9X181FB4GU,120.897,31.352,2687,72,139,0,14-3-29 1:14:47,1
9X181FB4GU,120.895,31.3523,2690,74,138,0,14-3-29 1:14:57,1
9X181FB4GU,120.893,31.3525,2692,75,138,0,14-3-29 1:15:6,1
9X181FB4GU,120.889,31.3528,2696,77,136,0,14-3-29 1:15:24,1
9X181FB4GU,120.887,31.3528,2698,70,135,0,14-3-29 1:15:33,1
9X181FB4GU,120.885,31.3529,2700,64,135,0,14-3-29 1:15:43,1
9X181FB4GU,120.881,31.3528,2704,66,133,0,14-3-29 1:16:5,1
9X181FB4GU,120.879,31.3527,2706,70,133,0,14-3-29 1:16:15,1
9X181FB4GU,120.877,31.3526,2708,72,132,0,14-3-29 1:16:25,1
9X181FB4GU,120.873,31.3523,2712,77,133,0,14-3-29 1:16:43,1
9X181FB4GU,120.871,31.3522,2714,77,132,0,14-3-29 1:16:52,1
9X181FB4GU,120.869,31.352,2716,77,132,0,14-3-29 1:17:1,1
9X181FB4GU,120.865,31.3519,2720,68,134,0,14-3-29 1:17:19,1
9X181FB4GU,120.863,31.3518,2722,62,134,0,14-3-29 1:17:30,1
9X181FB4GU,120.861,31.3518,2723,68,135,0,14-3-29 1:17:40,1
9X181FB4GU,120.859,31.3518,2726,72,135,0,14-3-29 1:17:50,1
9X181FB4GU,120.855,31.352,2730,79,137,0,14-3-29 1:18:8,1
9X181FB4GU,120.851,31.3524,2733,68,138,0,14-3-29 1:18:26,1
9X181FB4GU,120.846,31.3529,2738,62,138,0,14-3-29 1:18:48,1
9X181FB4GU,120.845,31.3531,2739,68,138,0,14-3-29 1:18:58,1
9X181FB4GU,120.842,31.3533,2742,72,139,0,14-3-29 1:19:8,1
9X181FB4GU,120.84,31.3536,2744,68,138,0,14-3-29 1:19:18,1
9X181FB4GU,120.838,31.3538,2746,62,138,0,14-3-29 1:19:28,1
9X181FB4GU,120.837,31.354,2747,59,138,0,14-3-29 1:19:39,1
9X181FB4GU,120.834,31.3543,2750,62,138,0,14-3-29 1:19:51,1
9X181FB4GU,120.832,31.3545,2751,66,138,0,14-3-29 1:20:1,1
9X181FB4GU,120.828,31.355,2756,74,140,0,14-3-29 1:20:21,1
9X181FB4GU,120.826,31.3553,2758,74,140,0,14-3-29 1:20:30,1
9X181FB4GU,120.824,31.3557,2760,75,141,0,14-3-29 1:20:39,1
9X181FB4GU,120.823,31.3561,2761,75,142,0,14-3-29 1:20:48,1
9X181FB4GU,120.819,31.3572,2765,75,145,0,14-3-29 1:21:6,1
9X181FB4GU,120.817,31.3579,2767,75,146,0,14-3-29 1:21:15,1
9X181FB4GU,120.815,31.3586,2770,77,146,0,14-3-29 1:21:24,1
9X181FB4GU,120.813,31.3593,2772,75,148,0,14-3-29 1:21:33,1
9X181FB4GU,120.809,31.3609,2776,75,149,0,14-3-29 1:21:51,1
9X181FB4GU,120.808,31.3618,2778,77,151,0,14-3-29 1:22:0,1
9X181FB4GU,120.806,31.3627,2779,72,151,0,14-3-29 1:22:9,1
9X181FB4GU,120.804,31.3637,2782,64,151,0,14-3-29 1:22:20,1
9X181FB4GU,120.803,31.3647,2784,57,151,0,14-3-29 1:22:31,1
9X181FB4GU,120.801,31.3655,2785,59,150,0,14-3-29 1:22:42,1
9X181FB4GU,120.799,31.3664,2787,64,149,0,14-3-29 1:22:53,1
9X181FB4GU,120.797,31.3672,2790,70,148,0,14-3-29 1:23:4,1
9X181FB4GU,120.794,31.3687,2794,77,146,0,14-3-29 1:23:22,1
9X181FB4GU,120.792,31.3693,2796,74,144,0,14-3-29 1:23:31,1
9X181FB4GU,120.79,31.3698,2798,70,143,0,14-3-29 1:23:40,1
9X181FB4GU,120.788,31.3703,2799,64,142,0,14-3-29 1:23:50,1
9X181FB4GU,120.786,31.3707,2801,61,140,0,14-3-29 1:24:1,1
9X181FB4GU,120.784,31.371,2803,64,139,0,14-3-29 1:24:12,1
9X181FB4GU,120.782,31.3712,2806,70,138,0,14-3-29 1:24:23,1
9X181FB4GU,120.778,31.3714,2809,75,135,0,14-3-29 1:24:41,1
9X181FB4GU,120.776,31.3714,2811,75,134,0,14-3-29 1:24:50,1
9X181FB4GU,120.774,31.3713,2813,74,132,0,14-3-29 1:24:59,1
9X181FB4GU,120.772,31.3711,2816,74,131,0,14-3-29 1:25:9,1
9X181FB4GU,120.768,31.3706,2820,77,128,0,14-3-29 1:25:27,1
9X181FB4GU,120.766,31.3702,2822,72,127,0,14-3-29 1:25:36,1
9X181FB4GU,120.764,31.3697,2824,64,126,0,14-3-29 1:25:46,1
9X181FB4GU,120.762,31.3691,2826,59,124,0,14-3-29 1:25:57,1
9X181FB4GU,120.76,31.3685,2828,61,124,0,14-3-29 1:26:9,1
9X181FB4GU,120.758,31.3678,2830,66,123,0,14-3-29 1:26:20,1
9X181FB4GU,120.756,31.3671,2832,68,123,0,14-3-29 1:26:30,1
9X181FB4GU,120.754,31.3665,2833,72,123,0,14-3-29 1:26:39,1
9X181FB4GU,120.752,31.3658,2836,74,123,0,14-3-29 1:26:49,1
9X181FB4GU,120.749,31.3645,2840,62,123,0,14-3-29 1:27:9,1
9X181FB4GU,120.747,31.3639,2841,57,124,0,14-3-29 1:27:20,1
9X181FB4GU,120.747,31.3638,2842,57,123,0,14-3-29 1:27:21,1
9X181FB4GU,120.745,31.3631,2844,59,123,0,14-3-29 1:27:33,1
9X181FB4GU,120.743,31.3624,2846,62,123,0,14-3-29 1:27:44,1
9X181FB4GU,120.739,31.3611,2850,70,123,0,14-3-29 1:28:5,1
9X181FB4GU,120.737,31.3605,2852,72,123,0,14-3-29 1:28:14,1
9X181FB4GU,120.735,31.3598,2854,66,124,0,14-3-29 1:28:24,1
9X181FB4GU,120.734,31.3592,2855,62,124,0,14-3-29 1:28:34,1
9X181FB4GU,120.732,31.3586,2858,61,124,0,14-3-29 1:28:46,1
9X181FB4GU,120.73,31.358,2860,66,125,0,14-3-29 1:28:57,1
9X181FB4GU,120.728,31.3574,2862,68,126,0,14-3-29 1:29:7,1
9X181FB4GU,120.726,31.3569,2864,74,127,0,14-3-29 1:29:17,1
9X181FB4GU,120.722,31.356,2868,74,128,0,14-3-29 1:29:35,1
9X181FB4GU,120.72,31.3557,2869,68,128,0,14-3-29 1:29:44,1
9X181FB4GU,120.718,31.3553,2872,62,129,0,14-3-29 1:29:55,1
9X181FB4GU,120.716,31.355,2874,59,129,0,14-3-29 1:30:6,1
9X181FB4GU,120.714,31.3547,2876,62,130,0,14-3-29 1:30:17,1
9X181FB4GU,120.712,31.3544,2878,68,131,0,14-3-29 1:30:28,1
9X181FB4GU,120.71,31.3542,2879,70,131,0,14-3-29 1:30:37,1
9X181FB4GU,120.708,31.354,2882,74,132,0,14-3-29 1:30:47,1
9X181FB4GU,120.704,31.3537,2886,64,132,0,14-3-29 1:31:7,1
9X181FB4GU,120.702,31.3535,2888,59,132,0,14-3-29 1:31:18,1
9X181FB4GU,120.7,31.3534,2890,53,132,0,14-3-29 1:31:30,1
9X181FB4GU,120.698,31.3532,2891,25,131,0,14-3-29 1:33:20,1
9X181FB4GU,120.696,31.353,2893,40,131,0,14-3-29 1:33:40,1
9X181FB4GU,120.693,31.3528,2896,51,130,0,14-3-29 1:33:55,1
9X181FB4GU,120.691,31.3525,2898,57,129,0,14-3-29 1:34:8,1
9X181FB4GU,120.687,31.3518,2902,70,129,0,14-3-29 1:34:29,1
9X181FB4GU,120.686,31.3515,2903,74,128,0,14-3-29 1:34:38,1
9X181FB4GU,120.683,31.351,2906,74,127,0,14-3-29 1:34:48,1
9X181FB4GU,120.682,31.3506,2908,68,127,0,14-3-29 1:34:57,1
9X181FB4GU,120.68,31.3501,2910,62,126,0,14-3-29 1:35:8,1
9X181FB4GU,120.678,31.3496,2911,55,126,0,14-3-29 1:35:19,1
9X181FB4GU,120.676,31.3492,2913,59,127,0,14-3-29 1:35:31,1
9X181FB4GU,120.672,31.3484,2917,70,129,0,14-3-29 1:35:52,1
9X181FB4GU,120.67,31.3481,2920,74,130,0,14-3-29 1:36:2,1
9X181FB4GU,120.668,31.3478,2921,72,131,0,14-3-29 1:36:11,1
9X181FB4GU,120.666,31.3476,2923,64,132,0,14-3-29 1:36:21,1
9X181FB4GU,120.664,31.3474,2925,59,133,0,14-3-29 1:36:32,1
9X181FB4GU,120.662,31.3474,2928,62,134,0,14-3-29 1:36:44,1
9X181FB4GU,120.66,31.3473,2930,72,134,0,14-3-29 1:36:54,1
9X181FB4GU,120.658,31.3474,2932,74,135,0,14-3-29 1:37:3,1
9X181FB4GU,120.654,31.3475,2936,62,137,0,14-3-29 1:37:23,1
9X181FB4GU,120.652,31.3477,2938,66,138,0,14-3-29 1:37:34,1
9X181FB4GU,120.65,31.3479,2940,70,138,0,14-3-29 1:37:44,1
9X181FB4GU,120.648,31.3482,2941,70,138,0,14-3-29 1:37:53,1
9X181FB4GU,120.646,31.3484,2944,64,138,0,14-3-29 1:38:4,1
9X181FB4GU,120.644,31.3486,2946,62,138,0,14-3-29 1:38:15,1
9X181FB4GU,120.642,31.3489,2948,66,139,0,14-3-29 1:38:25,1
9X181FB4GU,120.64,31.3491,2950,74,138,0,14-3-29 1:38:35,1
9X181FB4GU,120.636,31.3496,2954,77,138,0,14-3-29 1:38:53,1
9X181FB4GU,120.633,31.3498,2956,79,138,0,14-3-29 1:39:2,1
9X181FB4GU,120.632,31.35,2957,79,138,0,14-3-29 1:39:10,1
9X181FB4GU,120.63,31.3503,2960,79,138,0,14-3-29 1:39:19,1
9X181FB4GU,120.625,31.3507,2964,74,137,0,14-3-29 1:39:37,1
9X181FB4GU,120.624,31.3509,2966,70,137,0,14-3-29 1:39:46,1
9X181FB4GU,120.621,31.351,2968,72,136,0,14-3-29 1:39:56,1
9X181FB4GU,120.62,31.351,2970,74,136,0,14-3-29 1:40:5,1
9X181FB4GU,120.615,31.3512,2974,79,135,0,14-3-29 1:40:23,1
9X181FB4GU,120.613,31.3512,2975,77,134,0,14-3-29 1:40:31,1
9X181FB4GU,120.611,31.3511,2977,74,134,0,14-3-29 1:40:40,1
9X181FB4GU,120.609,31.351,2980,68,133,0,14-3-29 1:40:50,1
9X181FB4GU,120.607,31.3509,2981,62,132,0,14-3-29 1:41:0,1
9X181FB4GU,120.605,31.3508,2984,57,132,0,14-3-29 1:41:12,1
9X181FB4GU,120.603,31.3505,2986,59,131,0,14-3-29 1:41:24,1
9X181FB4GU,120.599,31.3502,2990,68,132,0,14-3-29 1:41:45,1
9X181FB4GU,120.597,31.3501,2992,70,133,0,14-3-29 1:41:55,1
9X181FB4GU,120.595,31.35,2994,66,133,0,14-3-29 1:42:5,1
9X181FB4GU,120.593,31.3501,2996,61,135,0,14-3-29 1:42:16,1
9X181FB4GU,120.591,31.3501,2998,62,136,0,14-3-29 1:42:27,1
9X181FB4GU,120.587,31.3503,3001,68,137,0,14-3-29 1:42:47,1
9X181FB4GU,120.585,31.3505,3003,70,138,0,14-3-29 1:42:57,1
9X181FB4GU,120.583,31.3508,3006,74,139,0,14-3-29 1:43:7,1
9X181FB4GU,120.579,31.3514,3010,66,141,0,14-3-29 1:43:26,1
9X181FB4GU,120.577,31.3518,3012,61,142,0,14-3-29 1:43:37,1
9X181FB4GU,120.575,31.3523,3013,55,143,0,14-3-29 1:43:48,1
9X181FB4GU,120.573,31.3528,3016,55,143,0,14-3-29 1:44:1,1
9X181FB4GU,120.569,31.354,3019,66,145,0,14-3-29 1:44:23,1
9X181FB4GU,120.565,31.3554,3024,74,147,0,14-3-29 1:44:43,1
9X181FB4GU,120.564,31.3561,3026,75,148,0,14-3-29 1:44:52,1
9X181FB4GU,120.562,31.357,3028,75,150,0,14-3-29 1:45:1,1
9X181FB4GU,120.558,31.3589,3032,79,153,0,14-3-29 1:45:19,1
9X181FB4GU,120.557,31.3599,3034,77,154,0,14-3-29 1:45:27,1
9X181FB4GU,120.555,31.361,3035,72,156,0,14-3-29 1:45:36,1
9X181FB4GU,120.554,31.3622,3037,66,158,0,14-3-29 1:45:46,1
9X181FB4GU,120.553,31.3636,3039,61,159,0,14-3-29 1:45:57,1
9X181FB4GU,120.551,31.3649,3042,66,160,0,14-3-29 1:46:8,1
9X181FB4GU,120.549,31.3677,3045,74,164,0,14-3-29 1:46:27,1
9X181FB4GU,120.548,31.3694,3048,75,165,0,14-3-29 1:46:37,1
9X181FB4GU,120.547,31.3709,3050,74,167,0,14-3-29 1:46:46,1
9X181FB4GU,120.546,31.3724,3052,68,168,0,14-3-29 1:46:55,1
9X181FB4GU,120.545,31.374,3053,64,169,0,14-3-29 1:47:5,1
9X181FB4GU,120.545,31.3757,3056,68,170,0,14-3-29 1:47:16,1
9X181FB4GU,120.543,31.379,3060,72,171,0,14-3-29 1:47:35,1
9X181FB4GU,120.542,31.3824,3064,68,171,0,14-3-29 1:47:55,1
9X181FB4GU,120.542,31.3839,3065,72,171,0,14-3-29 1:48:4,1
9X181FB4GU,120.541,31.3857,3068,75,171,0,14-3-29 1:48:14,1
9X181FB4GU,120.54,31.389,3072,79,171,0,14-3-29 1:48:32,1
9X181FB4GU,120.539,31.3906,3073,75,170,0,14-3-29 1:48:40,1
9X181FB4GU,120.538,31.3923,3076,70,169,0,14-3-29 1:48:50,1
9X181FB4GU,120.537,31.3955,3079,64,168,0,14-3-29 1:49:10,1
9X181FB4GU,120.536,31.3971,3082,59,167,0,14-3-29 1:49:22,1
9X181FB4GU,120.535,31.3987,3084,64,166,0,14-3-29 1:49:33,1
9X181FB4GU,120.534,31.4002,3086,68,165,0,14-3-29 1:49:43,1
9X181FB4GU,120.532,31.4032,3090,75,164,0,14-3-29 1:50:2,1
9X181FB4GU,120.531,31.4047,3092,72,164,0,14-3-29 1:50:11,1
9X181FB4GU,120.53,31.4062,3094,68,163,0,14-3-29 1:50:21,1
9X181FB4GU,120.529,31.4076,3095,66,162,0,14-3-29 1:50:31,1
9X181FB4GU,120.528,31.409,3098,61,163,0,14-3-29 1:50:42,1
9X181FB4GU,120.527,31.4105,3100,62,164,0,14-3-29 1:50:53,1
9X181FB4GU,120.526,31.4121,3102,68,165,0,14-3-29 1:51:4,1
9X181FB4GU,120.524,31.4151,3105,64,168,0,14-3-29 1:51:23,1
9X181FB4GU,120.523,31.4168,3107,61,169,0,14-3-29 1:51:34,1
9X181FB4GU,120.523,31.4184,3109,64,169,0,14-3-29 1:51:45,1
9X181FB4GU,120.522,31.42,3111,70,170,0,14-3-29 1:51:55,1
9X181FB4GU,120.521,31.4217,3114,74,171,0,14-3-29 1:52:5,1
9X181FB4GU,120.521,31.4234,3116,77,171,0,14-3-29 1:52:14,1
9X181FB4GU,120.519,31.4266,3120,72,170,0,14-3-29 1:52:32,1
9X181FB4GU,120.519,31.4283,3122,66,169,0,14-3-29 1:52:42,1
9X181FB4GU,120.518,31.4298,3123,62,168,0,14-3-29 1:52:52,1
9X181FB4GU,120.517,31.4314,3125,62,168,0,14-3-29 1:53:3,1
9X181FB4GU,120.516,31.4331,3128,68,167,0,14-3-29 1:53:14,1
9X181FB4GU,120.515,31.4347,3130,72,166,0,14-3-29 1:53:24,1
9X181FB4GU,120.515,31.4362,3132,72,166,0,14-3-29 1:53:33,1
9X181FB4GU,120.514,31.4378,3134,68,165,0,14-3-29 1:53:43,1
9X181FB4GU,120.505,31.4479,3148,74,160,0,14-3-29 1:54:58,1
9X181FB4GU,120.504,31.4492,3150,75,159,0,14-3-29 1:55:7,1
9X181FB4GU,120.503,31.4505,3152,70,159,0,14-3-29 1:55:16,1
9X181FB4GU,120.502,31.4518,3154,66,158,0,14-3-29 1:55:26,1
9X181FB4GU,120.5,31.4531,3156,62,157,0,14-3-29 1:55:37,1
9X181FB4GU,120.499,31.4543,3158,62,156,0,14-3-29 1:55:48,1
9X181FB4GU,120.496,31.4566,3161,68,155,0,14-3-29 1:56:8,1
9X181FB4GU,120.494,31.4579,3164,66,156,0,14-3-29 1:56:19,1
9X181FB4GU,120.493,31.459,3165,72,157,0,14-3-29 1:56:28,1
9X181FB4GU,120.49,31.4616,3170,79,159,0,14-3-29 1:56:46,1
9X181FB4GU,120.488,31.4643,3173,79,161,0,14-3-29 1:57:3,1
9X181FB4GU,120.486,31.4657,3176,74,162,0,14-3-29 1:57:12,1
9X181FB4GU,120.485,31.4672,3178,68,163,0,14-3-29 1:57:22,1
9X181FB4GU,120.484,31.4687,3180,72,164,0,14-3-29 1:57:32,1
9X181FB4GU,120.483,31.4701,3181,70,164,0,14-3-29 1:57:41,1
9X181FB4GU,120.481,31.4733,3186,70,165,0,14-3-29 1:58:2,1
9X181FB4GU,120.48,31.4748,3188,74,165,0,14-3-29 1:58:11,1
9X181FB4GU,120.479,31.4763,3190,77,165,0,14-3-29 1:58:20,1
9X181FB4GU,120.478,31.4778,3192,74,165,0,14-3-29 1:58:29,1
9X181FB4GU,120.477,31.4794,3194,70,164,0,14-3-29 1:58:39,1
9X181FB4GU,120.475,31.4823,3197,72,163,0,14-3-29 1:58:58,1
9X181FB4GU,120.473,31.4853,3202,75,161,0,14-3-29 1:59:17,1
9X181FB4GU,120.472,31.4867,3204,75,161,0,14-3-29 1:59:26,1
9X181FB4GU,120.47,31.488,3206,70,160,0,14-3-29 1:59:35,1
9X181FB4GU,120.469,31.4893,3207,64,160,0,14-3-29 1:59:45,1
9X181FB4GU,120.468,31.4906,3209,59,160,0,14-3-29 1:59:56,1
9X181FB4GU,120.466,31.492,3212,61,160,0,14-3-29 2:0:8,1
9X181FB4GU,120.465,31.4934,3214,64,159,0,14-3-29 2:0:19,1
9X181FB4GU,120.463,31.4962,3218,74,163,0,14-3-29 2:0:38,1
9X181FB4GU,120.462,31.4977,3220,70,164,0,14-3-29 2:0:47,1
9X181FB4GU,120.461,31.4992,3222,66,165,0,14-3-29 2:0:57,1
9X181FB4GU,120.46,31.5007,3224,68,165,0,14-3-29 2:1:7,1
9X181FB4GU,120.458,31.5037,3227,72,163,0,14-3-29 2:1:26,1
9X181FB4GU,120.455,31.5065,3231,57,159,0,14-3-29 2:1:46,1
9X181FB4GU,120.454,31.5079,3233,64,159,0,14-3-29 2:1:57,1
9X181FB4GU,120.453,31.5091,3235,70,157,0,14-3-29 2:2:7,1
9X181FB4GU,120.451,31.5104,3238,72,155,0,14-3-29 2:2:17,1
9X181FB4GU,120.449,31.5115,3240,68,154,0,14-3-29 2:2:27,1
9X181FB4GU,120.448,31.5125,3241,72,152,0,14-3-29 2:2:36,1
9X181FB4GU,120.445,31.5146,3246,68,153,0,14-3-29 2:2:56,1
9X181FB4GU,120.443,31.5158,3248,59,165,0,14-3-29 2:3:7,1
9X181FB4GU,120.443,31.5175,3250,51,173,0,14-3-29 2:3:20,1
9X181FB4GU,120.442,31.5189,3251,42,159,0,14-3-29 2:3:33,1
9X181FB4GU,120.44,31.5201,3253,29,151,0,14-3-29 2:5:6,1
9X181FB4GU,120.438,31.521,3255,44,152,0,14-3-29 2:5:23,1
9X181FB4GU,120.436,31.5221,3257,49,153,0,14-3-29 2:5:38,1
9X181FB4GU,120.437,31.5231,3259,38,61,0,14-3-29 2:5:54,1
9X181FB4GU,120.437,31.5214,3262,42,103,0,14-3-29 2:6:12,1
9X181FB4GU,120.436,31.5199,3263,51,107,0,14-3-29 2:6:26,1
9X181FB4GU,120.434,31.5185,3266,57,109,0,14-3-29 2:6:39,1
9X181FB4GU,120.433,31.5172,3268,68,111,0,14-3-29 2:6:50,1
9X181FB4GU,120.431,31.5159,3270,68,111,0,14-3-29 2:7:0,1
9X181FB4GU,120.43,31.5146,3272,66,110,0,14-3-29 2:7:10,1
9X181FB4GU,120.429,31.5145,3273,25,158,0,14-3-29 2:7:29,1
9X181FB4GU,120.427,31.5157,3275,38,156,0,14-3-29 2:7:50,1
9X181FB4GU,120.426,31.5169,3277,49,156,0,14-3-29 2:8:5,1
9X181FB4GU,120.424,31.5181,3280,51,156,0,14-3-29 2:8:19,1
9X181FB4GU,120.422,31.5193,3281,38,156,0,14-3-29 2:8:36,1
9X181FB4GU,120.421,31.5205,3283,51,156,0,14-3-29 2:8:51,1
9X181FB4GU,120.419,31.5216,3285,48,156,0,14-3-29 2:9:4,1
9X181FB4GU,120.418,31.5228,3287,51,156,0,14-3-29 2:9:18,1
9X181FB4GU,120.416,31.524,3290,57,156,0,14-3-29 2:9:31,1
9X181FB4GU,120.415,31.5245,3291,14,107,0,14-3-29 2:9:52,1
9X181FB4GU,120.413,31.5232,3294,35,113,0,14-3-29 2:11:24,1
9X181FB4GU,120.412,31.522,3295,46,113,0,14-3-29 2:11:41,1
9X181FB4GU,120.41,31.5208,3298,53,114,0,14-3-29 2:11:55,1
9X181FB4GU,120.409,31.5196,3299,49,113,0,14-3-29 2:12:8,1
9X181FB4GU,120.407,31.5184,3301,29,113,0,14-3-29 2:12:26,1
9X181FB4GU,120.405,31.5172,3303,48,113,0,14-3-29 2:12:43,1
9X181FB4GU,120.404,31.516,3305,20,121,0,14-3-29 2:12:58,1
9X181FB4GU,120.402,31.5172,3308,37,157,0,14-3-29 2:13:25,1
9X181FB4GU,120.401,31.5184,3309,48,156,0,14-3-29 2:13:42,1
9X181FB4GU,120.399,31.5197,3312,48,157,0,14-3-29 2:13:56,1
9X181FB4GU,120.398,31.5209,3313,9,157,0,14-3-29 2:14:36,1
9X181FB4GU,120.396,31.5221,3315,40,156,0,14-3-29 2:15:4,1
9X181FB4GU,120.395,31.5234,3317,53,156,0,14-3-29 2:15:19,1
9X181FB4GU,120.393,31.5246,3320,51,156,0,14-3-29 2:15:32,1
9X181FB4GU,120.392,31.5258,3321,20,165,0,14-3-29 2:15:49,1
9X181FB4GU,120.392,31.5262,3322,0,0,0,14-3-29 2:17:40,1
9X181FB4GU,120.392,31.5261,3322,0,0,0,14-3-29 2:18:58,1
9X181FB4GU,120.393,31.5261,3322,0,0,0,14-3-29 2:20:58,1
9X181FB4GU,120.393,31.5262,3322,0,0,0,14-3-29 2:22:58,1
9X181FB4GU,120.392,31.5261,3322,0,0,0,14-3-29 2:24:58,1
9X181FB4GU,120.392,31.5262,3322,0,0,0,14-3-29 2:26:58,1
9X181FB4GU,120.392,31.5262,3322,0,0,0,14-3-29 2:28:58,1
9X181FB4GU,120.392,31.5262,3322,0,0,0,14-3-29 2:30:58,1
9X181FB4GU,120.392,31.5262,3322,0,0,0,14-3-29 2:32:58,1
9X181FB4GU,120.392,31.5262,3322,0,0,0,14-3-29 2:34:58,1
9X181FB4GU,120.392,31.5262,3322,0,0,0,14-3-29 2:36:58,1
9X181FB4GU,120.392,31.5262,3322,0,0,0,14-3-29 2:38:58,1
9X181FB4GU,120.392,31.5262,3322,0,0,0,14-3-29 2:40:58,1
9X181FB4GU,120.392,31.5262,3322,0,0,0,14-3-29 2:42:58,1
9X181FB4GU,120.392,31.5262,3322,0,0,0,14-3-29 2:44:58,1
9X181FB4GU,120.392,31.5262,3322,0,0,0,14-3-29 2:46:58,1
9X181FB4GU,120.392,31.5263,3322,0,0,0,14-3-29 2:48:58,1
9X181FB4GU,120.392,31.5262,3322,0,0,0,14-3-29 2:50:58,1
9X181FB4GU,120.392,31.5262,3322,0,0,0,14-3-29 2:52:58,1
9X181FB4GU,120.392,31.5262,3322,0,0,0,14-3-29 2:54:21,1
9X181FB4GU,120.393,31.5264,3322,0,0,0,14-3-29 2:55:6,1
9X181FB4GU,120.393,31.5264,3322,0,0,0,14-3-29 2:57:6,1
9X181FB4GU,120.393,31.5264,3322,0,0,0,14-3-29 2:59:6,1
9X181FB4GU,120.393,31.5264,3322,0,0,0,14-3-29 3:1:6,1
9X181FB4GU,120.393,31.5264,3322,0,0,0,14-3-29 3:3:6,1
9X181FB4GU,120.393,31.5264,3322,0,0,0,14-3-29 3:5:6,1
9X181FB4GU,120.393,31.5264,3322,0,0,0,14-3-29 3:9:6,1
9X181FB4GU,120.393,31.5264,3322,0,0,0,14-3-29 3:11:6,1
9X181FB4GU,120.393,31.5264,3322,0,0,0,14-3-29 3:13:6,1
9X181FB4GU,120.393,31.5264,3322,0,0,0,14-3-29 3:15:6,1
9X181FB4GU,120.393,31.5264,3322,0,0,0,14-3-29 3:15:59,1
9X181FB4GU,120.393,31.5262,3323,0,0,0,14-3-29 3:17:59,1
9X181FB4GU,120.393,31.5261,3323,0,0,0,14-3-29 3:18:59,1
9X181FB4GU,120.393,31.5261,3323,0,0,0,14-3-29 3:19:29,1
9X181FB4GU,120.393,31.5261,3323,0,0,0,14-3-29 3:21:29,1
9X181FB4GU,120.393,31.5262,3323,0,0,0,14-3-29 3:23:29,1
9X181FB4GU,120.393,31.5261,3323,0,0,0,14-3-29 3:25:29,1
9X181FB4GU,120.393,31.5261,3323,0,0,0,14-3-29 3:27:29,1
9X181FB4GU,120.393,31.5261,3323,0,0,0,14-3-29 3:29:29,1
9X181FB4GU,120.393,31.5262,3323,0,0,0,14-3-29 3:31:29,1
9X181FB4GU,120.393,31.5262,3323,0,0,0,14-3-29 3:33:29,1
9X181FB4GU,120.393,31.5261,3323,0,0,0,14-3-29 3:35:29,1
9X181FB4GU,120.393,31.5261,3323,0,0,0,14-3-29 3:37:29,1
9X181FB4GU,120.393,31.5261,3323,0,0,0,14-3-29 3:39:29,1
9X181FB4GU,120.393,31.5262,3323,0,0,0,14-3-29 3:41:29,1
9X181FB4GU,120.393,31.5262,3323,0,0,0,14-3-29 3:43:29,1
9X181FB4GU,120.393,31.5261,3323,0,0,0,14-3-29 3:45:29,1
9X181FB4GU,120.393,31.5261,3323,0,0,0,14-3-29 3:47:29,1
9X181FB4GU,120.393,31.5261,3323,0,0,0,14-3-29 3:49:29,1
9X181FB4GU,120.393,31.5261,3323,0,0,0,14-3-29 3:51:29,1
9X181FB4GU,120.393,31.5261,3323,0,0,0,14-3-29 3:52:34,1
9X181FB4GU,120.393,31.5264,3323,1,14,0,14-3-29 3:54:34,1
9X181FB4GU,120.393,31.5264,3323,0,0,0,14-3-29 3:54:52,1
9X181FB4GU,120.393,31.5264,3323,0,0,0,14-3-29 3:56:52,1
9X181FB4GU,120.393,31.5264,3323,0,0,0,14-3-29 3:58:52,1
9X181FB4GU,120.393,31.5264,3323,0,0,0,14-3-29 4:0:52,1
9X181FB4GU,120.393,31.5264,3323,0,0,0,14-3-29 4:2:52,1
9X181FB4GU,120.393,31.5264,3323,0,0,0,14-3-29 4:4:52,1
9X181FB4GU,120.393,31.5264,3323,0,0,0,14-3-29 4:6:52,1
9X181FB4GU,120.393,31.5265,3323,0,0,0,14-3-29 4:8:52,1
9X181FB4GU,120.393,31.5264,3323,0,0,0,14-3-29 4:10:52,1
9X181FB4GU,120.393,31.5264,3323,0,0,0,14-3-29 4:12:52,1
9X181FB4GU,120.393,31.5264,3323,0,0,0,14-3-29 4:14:52,1
9X181FB4GU,120.393,31.5264,3323,0,0,0,14-3-29 4:16:52,1
9X181FB4GU,120.393,31.5264,3323,0,0,0,14-3-29 4:18:52,1
9X181FB4GU,120.393,31.5264,3323,0,0,0,14-3-29 4:20:52,1
9X181FB4GU,120.393,31.5264,3323,0,0,0,14-3-29 4:22:52,1
9X181FB4GU,120.393,31.5264,3323,0,0,0,14-3-29 4:24:52,1
9X181FB4GU,120.393,31.5264,3323,0,0,0,14-3-29 4:26:52,1
9X181FB4GU,120.393,31.5264,3323,0,0,0,14-3-29 4:28:52,1
9X181FB4GU,120.393,31.5265,3323,0,0,0,14-3-29 4:30:52,1
9X181FB4GU,120.393,31.5265,3323,0,0,0,14-3-29 4:32:52,1
9X181FB4GU,120.393,31.5265,3323,0,0,0,14-3-29 4:34:52,1
9X181FB4GU,120.393,31.5264,3323,0,0,0,14-3-29 4:36:52,1
9X181FB4GU,120.393,31.5265,3323,0,0,0,14-3-29 4:38:52,1
9X181FB4GU,120.393,31.5265,3323,0,0,0,14-3-29 4:40:52,1
9X181FB4GU,120.393,31.5265,3323,0,0,0,14-3-29 4:42:52,1
9X181FB4GU,120.393,31.5265,3323,0,0,0,14-3-29 4:44:52,1
9X181FB4GU,120.393,31.5264,3323,0,0,0,14-3-29 4:46:52,1
9X181FB4GU,120.393,31.5265,3323,0,0,0,14-3-29 4:48:52,1
9X181FB4GU,120.393,31.5265,3323,0,0,0,14-3-29 4:50:52,1
9X181FB4GU,120.393,31.5265,3323,0,0,0,14-3-29 4:52:52,1
9X181FB4GU,120.393,31.5265,3323,0,0,0,14-3-29 4:54:52,1
9X181FB4GU,120.393,31.5265,3323,0,0,0,14-3-29 4:56:52,1
9X181FB4GU,120.393,31.5265,3323,0,0,0,14-3-29 4:58:52,1
9X181FB4GU,120.393,31.5265,3323,0,165,0,14-3-29 5:0:52,1
9X181FB4GU,120.393,31.5264,3323,0,0,0,14-3-29 5:2:52,1
9X181FB4GU,120.393,31.5264,3323,0,0,0,14-3-29 5:4:52,1
9X181FB4GU,120.393,31.5265,3323,0,0,0,14-3-29 5:6:52,1
9X181FB4GU,120.393,31.5265,3323,0,0,0,14-3-29 5:8:52,1
9X181FB4GU,120.393,31.5265,3323,0,0,0,14-3-29 5:10:52,1
9X181FB4GU,120.393,31.5264,3323,0,0,0,14-3-29 5:12:52,1
9X181FB4GU,120.393,31.5264,3323,0,0,0,14-3-29 5:14:52,1
9X181FB4GU,120.393,31.5264,3323,0,0,0,14-3-29 5:16:52,1
9X181FB4GU,120.393,31.5264,3323,0,0,0,14-3-29 5:18:52,1
9X181FB4GU,120.393,31.5264,3323,0,0,0,14-3-29 5:20:52,1
9X181FB4GU,120.393,31.5264,3323,0,0,0,14-3-29 5:22:52,1
9X181FB4GU,120.393,31.5264,3323,0,0,0,14-3-29 5:24:52,1
9X181FB4GU,120.393,31.5264,3323,0,0,0,14-3-29 5:26:52,1
9X181FB4GU,120.393,31.5264,3323,0,0,0,14-3-29 5:28:52,1
9X181FB4GU,120.393,31.5264,3323,0,0,0,14-3-29 5:30:52,1
9X181FB4GU,120.393,31.5264,3323,0,0,0,14-3-29 5:32:52,1
9X181FB4GU,120.393,31.5264,3323,0,0,0,14-3-29 5:34:52,1
9X181FB4GU,120.393,31.5263,3323,0,0,0,14-3-29 5:36:52,1
9X181FB4GU,120.393,31.5263,3323,0,0,0,14-3-29 5:38:52,1
9X181FB4GU,120.393,31.5264,3323,0,0,0,14-3-29 5:40:52,1
9X181FB4GU,120.393,31.5264,3323,0,0,0,14-3-29 5:42:52,1
9X181FB4GU,120.393,31.5264,3323,0,0,0,14-3-29 5:44:52,1
9X181FB4GU,120.393,31.5264,3323,0,0,0,14-3-29 5:46:52,1
9X181FB4GU,120.393,31.5264,3323,0,0,0,14-3-29 5:48:52,1
9X181FB4GU,120.393,31.5264,3323,0,0,0,14-3-29 5:50:52,1
9X181FB4GU,120.393,31.5264,3323,0,0,0,14-3-29 5:52:52,1
9X181FB4GU,120.393,31.5264,3323,0,0,0,14-3-29 5:54:52,1
9X181FB4GU,120.393,31.5264,3323,0,0,0,14-3-29 5:56:52,1
9X181FB4GU,120.393,31.5264,3323,0,0,0,14-3-29 5:58:52,1
9X181FB4GU,120.393,31.5264,3323,0,0,0,14-3-29 6:0:52,1
9X181FB4GU,120.393,31.5264,3323,0,0,0,14-3-29 6:2:52,1
9X181FB4GU,120.393,31.5264,3323,0,0,0,14-3-29 6:4:52,1
9X181FB4GU,120.393,31.5264,3323,0,0,0,14-3-29 6:6:52,1
9X181FB4GU,120.393,31.5264,3323,0,0,0,14-3-29 6:8:52,1
9X181FB4GU,120.393,31.5264,3323,0,0,0,14-3-29 6:10:52,1
9X181FB4GU,120.393,31.5264,3323,0,0,0,14-3-29 6:12:52,1
9X181FB4GU,120.393,31.5264,3323,0,0,0,14-3-29 6:14:52,1
9X181FB4GU,120.393,31.5264,3323,0,0,0,14-3-29 6:16:52,1
9X181FB4GU,120.393,31.5264,3323,0,0,0,14-3-29 6:18:52,1
9X181FB4GU,120.393,31.5264,3323,0,0,0,14-3-29 6:20:52,1
9X181FB4GU,120.393,31.5264,3323,0,0,0,14-3-29 6:22:52,1
9X181FB4GU,120.393,31.5264,3323,0,0,0,14-3-29 6:24:52,1
9X181FB4GU,120.393,31.5264,3323,0,0,0,14-3-29 6:26:52,1
9X181FB4GU,120.393,31.5264,3323,0,0,0,14-3-29 6:28:52,1
9X181FB4GU,120.393,31.5264,3323,0,0,0,14-3-29 6:30:52,1
9X181FB4GU,120.393,31.5264,3323,0,0,0,14-3-29 6:32:52,1
9X181FB4GU,120.393,31.5264,3323,0,0,0,14-3-29 6:34:52,1
9X181FB4GU,120.393,31.5264,3323,0,0,0,14-3-29 6:36:52,1
9X181FB4GU,120.393,31.5264,3323,0,0,0,14-3-29 6:38:52,1
9X181FB4GU,120.393,31.5264,3323,0,0,0,14-3-29 6:40:52,1
9X181FB4GU,120.393,31.5264,3323,0,0,0,14-3-29 6:42:52,1
9X181FB4GU,120.393,31.5264,3323,0,0,0,14-3-29 6:44:52,1
9X181FB4GU,120.393,31.5264,3323,0,0,0,14-3-29 6:46:52,1
9X181FB4GU,120.393,31.5264,3323,0,0,0,14-3-29 6:48:52,1
9X181FB4GU,120.393,31.5264,3323,0,0,0,14-3-29 6:50:52,1
9X181FB4GU,120.393,31.5265,3323,0,0,0,14-3-29 6:52:52,1
9X181FB4GU,120.393,31.5265,3323,0,0,0,14-3-29 6:54:52,1
9X181FB4GU,120.393,31.5264,3323,0,0,0,14-3-29 6:56:52,1
9X181FB4GU,120.393,31.5265,3323,0,0,0,14-3-29 6:58:52,1
9X181FB4GU,120.393,31.5264,3323,0,0,0,14-3-29 7:0:52,1
9X181FB4GU,120.393,31.5264,3323,0,0,0,14-3-29 7:2:52,1
9X181FB4GU,120.393,31.5264,3323,0,0,0,14-3-29 7:4:52,1
9X181FB4GU,120.393,31.5264,3323,0,0,0,14-3-29 7:6:52,1
9X181FB4GU,120.393,31.5264,3323,0,0,0,14-3-29 7:8:52,1
9X181FB4GU,120.393,31.5265,3323,0,0,0,14-3-29 7:10:52,1
9X181FB4GU,120.393,31.5264,3323,0,0,0,14-3-29 7:12:52,1
9X181FB4GU,120.393,31.5264,3323,0,0,0,14-3-29 7:14:52,1
9X181FB4GU,120.393,31.5264,3323,0,0,0,14-3-29 7:16:52,1
9X181FB4GU,120.393,31.5265,3323,0,0,0,14-3-29 7:18:52,1
9X181FB4GU,120.393,31.5265,3323,0,0,0,14-3-29 7:20:52,1
9X181FB4GU,120.393,31.5264,3323,0,0,0,14-3-29 7:22:52,1
9X181FB4GU,120.393,31.5264,3323,0,0,0,14-3-29 7:24:52,1
9X181FB4GU,120.393,31.5264,3323,0,0,0,14-3-29 7:26:52,1
9X181FB4GU,120.393,31.5264,3323,0,0,0,14-3-29 7:28:52,1
9X181FB4GU,120.393,31.5263,3323,0,0,0,14-3-29 7:30:52,1
9X181FB4GU,120.393,31.5263,3323,0,0,0,14-3-29 7:32:52,1
9X181FB4GU,120.393,31.5264,3323,0,0,0,14-3-29 7:34:52,1
9X181FB4GU,120.393,31.5264,3323,0,0,0,14-3-29 7:36:52,1
9X181FB4GU,120.393,31.5264,3323,0,0,0,14-3-29 7:38:52,1
9X181FB4GU,120.393,31.5265,3323,0,0,0,14-3-29 7:40:52,1
9X181FB4GU,120.393,31.5264,3323,0,0,0,14-3-29 7:42:52,1
9X181FB4GU,120.393,31.5264,3323,0,0,0,14-3-29 7:44:52,1
9X181FB4GU,120.393,31.5263,3323,0,0,0,14-3-29 7:46:52,1
9X181FB4GU,120.393,31.5264,3323,0,0,0,14-3-29 7:48:52,1
9X181FB4GU,120.393,31.5263,3323,0,0,0,14-3-29 7:50:52,1
9X181FB4GU,120.393,31.5264,3323,0,0,0,14-3-29 7:52:52,1
9X181FB4GU,120.393,31.5264,3323,0,0,0,14-3-29 7:54:52,1
9X181FB4GU,120.393,31.5264,3323,0,0,0,14-3-29 7:56:52,1
9X181FB4GU,120.393,31.5264,3323,0,0,0,14-3-29 7:58:52,1
9X181FB4GU,120.393,31.5264,3323,0,0,0,14-3-29 8:0:52,1
9X181FB4GU,120.393,31.5264,3323,0,0,0,14-3-29 8:2:52,1
9X181FB4GU,120.393,31.5264,3323,0,0,0,14-3-29 8:4:52,1
9X181FB4GU,120.393,31.5264,3323,0,0,0,14-3-29 8:6:52,1
9X181FB4GU,120.393,31.5264,3323,0,0,0,14-3-29 8:8:52,1
9X181FB4GU,120.393,31.5265,3323,0,0,0,14-3-29 8:10:52,1
9X181FB4GU,120.393,31.5264,3323,0,0,0,14-3-29 8:12:52,1
9X181FB4GU,120.393,31.5264,3323,0,0,0,14-3-29 8:14:52,1
9X181FB4GU,120.393,31.5264,3323,0,0,0,14-3-29 8:16:52,1
9X181FB4GU,120.393,31.5264,3323,0,0,0,14-3-29 8:18:52,1
9X181FB4GU,120.393,31.5264,3323,0,0,0,14-3-29 8:20:52,1
9X181FB4GU,120.393,31.5264,3323,0,0,0,14-3-29 8:22:52,1
9X181FB4GU,120.393,31.5264,3323,0,0,0,14-3-29 8:24:52,1
9X181FB4GU,120.393,31.5264,3323,0,0,0,14-3-29 8:26:52,1
9X181FB4GU,120.393,31.5264,3323,0,0,0,14-3-29 8:28:52,1
9X181FB4GU,120.393,31.5264,3323,0,0,0,14-3-29 8:30:52,1
9X181FB4GU,120.393,31.5264,3323,0,0,0,14-3-29 8:32:52,1
9X181FB4GU,120.393,31.5264,3323,0,0,0,14-3-29 8:34:52,1
9X181FB4GU,120.393,31.5264,3323,0,0,0,14-3-29 8:36:52,1
9X181FB4GU,120.393,31.5264,3323,0,0,0,14-3-29 8:38:52,1
9X181FB4GU,120.393,31.5264,3323,0,0,0,14-3-29 8:40:52,1
9X181FB4GU,120.393,31.5264,3323,0,0,0,14-3-29 8:42:52,1
9X181FB4GU,120.393,31.5264,3323,0,0,0,14-3-29 8:44:52,1
9X181FB4GU,120.393,31.5264,3323,0,0,0,14-3-29 8:46:52,1
9X181FB4GU,120.393,31.5264,3323,0,0,0,14-3-29 8:48:52,1
9X181FB4GU,120.393,31.5264,3323,0,0,0,14-3-29 8:50:52,1
9X181FB4GU,120.393,31.5265,3323,0,0,0,14-3-29 8:52:52,1
9X181FB4GU,120.393,31.5264,3323,0,0,0,14-3-29 8:54:52,1
9X181FB4GU,120.393,31.5264,3323,0,0,0,14-3-29 8:56:52,1
9X181FB4GU,120.393,31.5264,3323,0,0,0,14-3-29 8:58:52,1
9X181FB4GU,120.393,31.5264,3323,0,0,0,14-3-29 9:0:52,1
9X181FB4GU,120.393,31.5264,3323,0,0,0,14-3-29 9:2:52,1
9X181FB4GU,120.393,31.5264,3323,0,0,0,14-3-29 9:4:52,1
9X181FB4GU,120.393,31.5264,3323,0,0,0,14-3-29 9:6:52,1
9X181FB4GU,120.393,31.5264,3323,0,0,0,14-3-29 9:8:52,1
9X181FB4GU,120.393,31.5264,3323,0,0,0,14-3-29 9:10:52,1
9X181FB4GU,120.393,31.5264,3323,0,0,0,14-3-29 9:12:52,1
9X181FB4GU,120.393,31.5264,3323,0,0,0,14-3-29 9:14:52,1
9X181FB4GU,120.393,31.5264,3323,0,0,0,14-3-29 9:16:52,1
9X181FB4GU,120.393,31.5263,3323,0,0,0,14-3-29 9:18:52,1
9X181FB4GU,120.393,31.5263,3323,0,0,0,14-3-29 9:20:52,1
9X181FB4GU,120.393,31.5264,3323,0,0,0,14-3-29 9:22:52,1
9X181FB4GU,120.393,31.5264,3323,0,0,0,14-3-29 9:24:52,1
9X181FB4GU,120.393,31.5264,3323,0,0,0,14-3-29 9:26:52,1
9X181FB4GU,120.393,31.5264,3323,0,0,0,14-3-29 9:28:52,1
9X181FB4GU,120.393,31.5265,3323,0,0,0,14-3-29 9:30:52,1
9X181FB4GU,120.393,31.5265,3323,0,0,0,14-3-29 9:32:52,1
9X181FB4GU,120.393,31.5265,3323,0,0,0,14-3-29 9:34:52,1
9X181FB4GU,120.393,31.5264,3323,0,0,0,14-3-29 9:36:52,1
9X181FB4GU,120.393,31.5264,3323,0,0,0,14-3-29 9:38:52,1
9X181FB4GU,120.393,31.5264,3323,0,0,0,14-3-29 9:40:52,1
9X181FB4GU,120.393,31.5263,3323,0,0,0,14-3-29 9:42:52,1
9X181FB4GU,120.393,31.5264,3323,0,0,0,14-3-29 9:44:52,1
9X181FB4GU,120.393,31.5264,3323,0,0,0,14-3-29 9:46:52,1
9X181FB4GU,120.393,31.5264,3323,0,0,0,14-3-29 9:48:52,1
9X181FB4GU,120.393,31.5264,3323,0,0,0,14-3-29 9:50:52,1
9X181FB4GU,120.393,31.5264,3323,0,0,0,14-3-29 9:52:52,1
9X181FB4GU,120.393,31.5264,3323,0,0,0,14-3-29 9:54:52,1
9X181FB4GU,120.393,31.5264,3323,0,0,0,14-3-29 9:56:52,1
9X181FB4GU,120.393,31.5265,3323,0,0,0,14-3-29 9:58:52,1
9X181FB4GU,120.393,31.5265,3323,0,0,0,14-3-29 10:0:52,1
9X181FB4GU,120.393,31.5265,3323,0,0,0,14-3-29 10:2:52,1
9X181FB4GU,120.393,31.5265,3323,0,0,0,14-3-29 10:4:52,1
9X181FB4GU,120.393,31.5264,3323,0,0,0,14-3-29 10:6:52,1
9X181FB4GU,120.393,31.5264,3323,0,0,0,14-3-29 10:8:52,1
9X181FB4GU,120.393,31.5264,3323,0,0,0,14-3-29 10:10:52,1
9X181FB4GU,120.393,31.5264,3323,0,0,0,14-3-29 10:12:52,1
9X181FB4GU,120.393,31.5264,3323,0,0,0,14-3-29 10:14:52,1
9X181FB4GU,120.393,31.5265,3323,0,0,0,14-3-29 10:16:52,1
9X181FB4GU,120.393,31.5265,3323,0,0,0,14-3-29 10:18:52,1
9X181FB4GU,120.393,31.5264,3323,0,0,0,14-3-29 10:20:52,1
9X181FB4GU,120.393,31.5265,3323,0,0,0,14-3-29 10:22:52,1
9X181FB4GU,120.393,31.5265,3323,0,0,0,14-3-29 10:24:52,1
9X181FB4GU,120.393,31.5265,3323,0,0,0,14-3-29 10:26:52,1
9X181FB4GU,120.393,31.5265,3323,0,0,0,14-3-29 10:28:52,1
9X181FB4GU,120.393,31.5265,3323,0,0,0,14-3-29 10:30:52,1
9X181FB4GU,120.393,31.5264,3323,0,0,0,14-3-29 10:32:52,1
9X181FB4GU,120.393,31.5265,3323,0,0,0,14-3-29 10:34:52,1
9X181FB4GU,120.393,31.5264,3323,0,0,0,14-3-29 10:36:52,1
9X181FB4GU,120.393,31.5264,3323,0,0,0,14-3-29 10:38:52,1
9X181FB4GU,120.393,31.5263,3323,0,0,0,14-3-29 10:40:52,1
9X181FB4GU,120.393,31.5264,3323,0,0,0,14-3-29 10:42:52,1
9X181FB4GU,120.393,31.5264,3323,0,0,0,14-3-29 10:44:52,1
9X181FB4GU,120.393,31.5264,3323,0,0,0,14-3-29 10:46:52,1
9X181FB4GU,120.393,31.5264,3323,0,0,0,14-3-29 10:48:52,1
9X181FB4GU,120.393,31.5264,3323,0,0,0,14-3-29 10:50:52,1
9X181FB4GU,120.393,31.5264,3323,0,0,0,14-3-29 10:52:52,1
9X181FB4GU,120.393,31.5264,3323,0,0,0,14-3-29 10:54:52,1
9X181FB4GU,120.393,31.5264,3323,0,0,0,14-3-29 10:56:52,1
9X181FB4GU,120.393,31.5264,3323,0,0,0,14-3-29 10:58:52,1
9X181FB4GU,120.393,31.5265,3323,0,0,0,14-3-29 11:0:52,1
9X181FB4GU,120.393,31.5265,3323,0,0,0,14-3-29 11:2:52,1
9X181FB4GU,120.393,31.5264,3323,0,0,0,14-3-29 11:4:52,1
9X181FB4GU,120.393,31.5265,3323,0,0,0,14-3-29 11:6:52,1
9X181FB4GU,120.393,31.5265,3323,0,0,0,14-3-29 11:8:52,1
9X181FB4GU,120.393,31.5264,3323,0,0,0,14-3-29 11:10:52,1
9X181FB4GU,120.393,31.5264,3323,0,0,0,14-3-29 11:12:52,1
9X181FB4GU,120.393,31.5264,3323,0,0,0,14-3-29 11:14:52,1
9X181FB4GU,120.393,31.5264,3323,0,0,0,14-3-29 11:16:52,1
9X181FB4GU,120.393,31.5264,3323,0,0,0,14-3-29 11:18:52,1
9X181FB4GU,120.393,31.5264,3323,0,0,0,14-3-29 11:20:52,1
9X181FB4GU,120.393,31.5265,3323,0,0,0,14-3-29 11:22:52,1
9X181FB4GU,120.393,31.5265,3323,0,0,0,14-3-29 11:24:52,1
9X181FB4GU,120.393,31.5265,3323,0,0,0,14-3-29 11:26:52,1
9X181FB4GU,120.393,31.5265,3323,0,0,0,14-3-29 11:28:52,1
9X181FB4GU,120.393,31.5265,3323,0,0,0,14-3-29 11:30:52,1
9X181FB4GU,120.393,31.5264,3323,0,0,0,14-3-29 11:32:52,1
9X181FB4GU,120.393,31.5264,3323,0,0,0,14-3-29 11:34:52,1
9X181FB4GU,120.393,31.5264,3323,0,0,0,14-3-29 11:36:52,1
9X181FB4GU,120.393,31.5264,3323,0,0,0,14-3-29 11:38:52,1
9X181FB4GU,120.393,31.5264,3323,0,0,0,14-3-29 11:40:52,1
9X181FB4GU,120.393,31.5264,3323,0,0,0,14-3-29 11:42:52,1
9X181FB4GU,120.393,31.5264,3323,0,0,0,14-3-29 11:44:52,1
9X181FB4GU,120.393,31.5264,3323,0,0,0,14-3-29 11:46:52,1
9X181FB4GU,120.393,31.5264,3323,0,0,0,14-3-29 11:48:52,1
9X181FB4GU,120.393,31.5264,3323,0,0,0,14-3-29 11:50:52,1
9X181FB4GU,120.393,31.5265,3323,0,0,0,14-3-29 11:52:52,1
9X181FB4GU,120.393,31.5264,3323,0,0,0,14-3-29 11:54:52,1
9X181FB4GU,120.393,31.5264,3323,0,0,0,14-3-29 11:56:52,1
9X181FB4GU,120.393,31.5265,3323,0,0,0,14-3-29 11:58:52,1
9X181FB4GU,120.393,31.5265,3323,0,0,0,14-3-29 12:0:52,1
9X181FB4GU,120.393,31.5265,3323,0,0,0,14-3-29 12:2:52,1
9X181FB4GU,120.393,31.5265,3323,0,0,0,14-3-29 12:4:52,1
9X181FB4GU,120.393,31.5265,3323,0,0,0,14-3-29 12:6:52,1
9X181FB4GU,120.393,31.5265,3323,0,0,0,14-3-29 12:8:52,1
9X181FB4GU,120.393,31.5265,3323,0,0,0,14-3-29 12:10:52,1
9X181FB4GU,120.393,31.5265,3323,0,0,0,14-3-29 12:12:52,1
9X181FB4GU,120.393,31.5265,3323,0,0,0,14-3-29 12:14:52,1
9X181FB4GU,120.393,31.5265,3323,0,0,0,14-3-29 12:16:52,1
9X181FB4GU,120.393,31.5265,3323,0,0,0,14-3-29 12:18:52,1
9X181FB4GU,120.393,31.5265,3323,0,0,0,14-3-29 12:20:52,1
9X181FB4GU,120.393,31.5265,3323,0,0,0,14-3-29 12:22:52,1
9X181FB4GU,120.393,31.5265,3323,0,0,0,14-3-29 12:24:52,1
9X181FB4GU,120.393,31.5265,3323,0,0,0,14-3-29 12:26:52,1
9X181FB4GU,120.393,31.5265,3323,0,0,0,14-3-29 12:28:52,1
9X181FB4GU,120.393,31.5265,3323,0,0,0,14-3-29 12:30:52,1
9X181FB4GU,120.393,31.5264,3323,0,0,0,14-3-29 12:32:52,1
9X181FB4GU,120.393,31.5265,3323,0,0,0,14-3-29 12:34:52,1
9X181FB4GU,120.393,31.5265,3323,0,0,0,14-3-29 12:36:52,1
9X181FB4GU,120.393,31.5265,3323,0,0,0,14-3-29 12:38:52,1
9X181FB4GU,120.393,31.5265,3323,0,0,0,14-3-29 12:40:52,1
9X181FB4GU,120.393,31.5265,3323,0,0,0,14-3-29 12:42:52,1
9X181FB4GU,120.393,31.5265,3323,0,0,0,14-3-29 12:44:52,1
9X181FB4GU,120.393,31.5265,3323,0,0,0,14-3-29 12:46:52,1
9X181FB4GU,120.393,31.5265,3323,0,0,0,14-3-29 12:48:52,1
9X181FB4GU,120.393,31.5265,3323,0,0,0,14-3-29 12:50:52,1
9X181FB4GU,120.393,31.5265,3323,0,0,0,14-3-29 12:52:52,1
9X181FB4GU,120.393,31.5264,3323,0,0,0,14-3-29 12:54:52,1
9X181FB4GU,120.393,31.5264,3323,0,0,0,14-3-29 12:56:52,1
9X181FB4GU,120.393,31.5264,3323,0,0,0,14-3-29 12:58:52,1
9X181FB4GU,120.393,31.5265,3323,0,0,0,14-3-29 13:0:52,1
9X181FB4GU,120.393,31.5264,3323,0,0,0,14-3-29 13:2:52,1
9X181FB4GU,120.393,31.5264,3323,0,0,0,14-3-29 13:4:52,1
9X181FB4GU,120.393,31.5264,3323,0,0,0,14-3-29 13:6:52,1
9X181FB4GU,120.393,31.5264,3323,0,0,0,14-3-29 13:8:52,1
9X181FB4GU,120.393,31.5264,3323,0,0,0,14-3-29 13:10:52,1
9X181FB4GU,120.393,31.5264,3323,0,0,0,14-3-29 13:12:52,1
9X181FB4GU,120.393,31.5265,3323,0,0,0,14-3-29 13:14:52,1
9X181FB4GU,120.393,31.5265,3323,0,0,0,14-3-29 13:16:52,1
9X181FB4GU,120.393,31.5265,3323,0,0,0,14-3-29 13:18:52,1
9X181FB4GU,120.393,31.5264,3323,0,0,0,14-3-29 13:20:52,1
9X181FB4GU,120.393,31.5264,3323,0,0,0,14-3-29 13:22:52,1
9X181FB4GU,120.393,31.5264,3323,0,0,0,14-3-29 13:24:52,1
9X181FB4GU,120.393,31.5264,3323,0,0,0,14-3-29 13:26:52,1
9X181FB4GU,120.393,31.5264,3323,0,0,0,14-3-29 13:28:52,1
9X181FB4GU,120.393,31.5264,3323,0,0,0,14-3-29 13:30:52,1
9X181FB4GU,120.393,31.5264,3323,0,0,0,14-3-29 13:32:52,1
9X181FB4GU,120.393,31.5264,3323,0,0,0,14-3-29 13:34:52,1
9X181FB4GU,120.393,31.5264,3323,0,0,0,14-3-29 13:36:52,1
9X181FB4GU,120.393,31.5264,3323,0,0,0,14-3-29 13:38:52,1
9X181FB4GU,120.393,31.5264,3323,0,0,0,14-3-29 13:40:52,1
9X181FB4GU,120.393,31.5264,3323,0,0,0,14-3-29 13:42:52,1
9X181FB4GU,120.393,31.5264,3323,0,0,0,14-3-29 13:44:52,1
9X181FB4GU,120.393,31.5264,3323,0,0,0,14-3-29 13:46:52,1
9X181FB4GU,120.393,31.5264,3323,0,0,0,14-3-29 13:48:52,1
9X181FB4GU,120.393,31.5264,3323,0,0,0,14-3-29 13:50:52,1
9X181FB4GU,120.393,31.5264,3323,0,0,0,14-3-29 13:52:52,1
9X181FB4GU,120.393,31.5264,3323,0,0,0,14-3-29 13:54:52,1
9X181FB4GU,120.393,31.5264,3323,0,0,0,14-3-29 13:56:52,1
9X181FB4GU,120.393,31.5264,3323,0,0,0,14-3-29 13:58:52,1
9X181FB4GU,120.393,31.5264,3323,0,0,0,14-3-29 14:0:52,1
9X181FB4GU,120.393,31.5264,3323,0,0,0,14-3-29 14:2:52,1
9X181FB4GU,120.393,31.5264,3323,0,0,0,14-3-29 14:4:52,1
9X181FB4GU,120.393,31.5265,3323,0,0,0,14-3-29 14:6:52,1
9X181FB4GU,120.393,31.5264,3323,0,0,0,14-3-29 14:8:52,1
9X181FB4GU,120.393,31.5264,3323,0,0,0,14-3-29 14:10:52,1
9X181FB4GU,120.393,31.5265,3323,0,0,0,14-3-29 14:12:52,1
9X181FB4GU,120.393,31.5265,3323,0,0,0,14-3-29 14:14:52,1
9X181FB4GU,120.393,31.5265,3323,0,0,0,14-3-29 14:16:52,1
9X181FB4GU,120.393,31.5265,3323,0,0,0,14-3-29 14:18:52,1
9X181FB4GU,120.393,31.5265,3323,0,0,0,14-3-29 14:20:52,1
9X181FB4GU,120.393,31.5265,3323,0,0,0,14-3-29 14:22:52,1
9X181FB4GU,120.393,31.5265,3323,0,0,0,14-3-29 14:24:52,1
9X181FB4GU,120.393,31.5265,3323,0,0,0,14-3-29 14:26:52,1
9X181FB4GU,120.393,31.5265,3323,0,0,0,14-3-29 14:28:52,1
9X181FB4GU,120.393,31.5265,3323,0,0,0,14-3-29 14:30:52,1
9X181FB4GU,120.393,31.5264,3323,0,0,0,14-3-29 14:32:52,1
9X181FB4GU,120.393,31.5265,3323,0,0,0,14-3-29 14:34:52,1
9X181FB4GU,120.393,31.5265,3323,0,0,0,14-3-29 14:36:52,1
9X181FB4GU,120.393,31.5265,3323,0,0,0,14-3-29 14:38:52,1
9X181FB4GU,120.393,31.5265,3323,0,0,0,14-3-29 14:40:52,1
9X181FB4GU,120.393,31.5265,3323,0,0,0,14-3-29 14:42:52,1
9X181FB4GU,120.393,31.5264,3323,0,0,0,14-3-29 14:44:34,1
9X181FB4GU,120.393,31.5264,3323,0,0,0,14-3-29 14:46:34,1
9X181FB4GU,120.393,31.5264,3323,0,0,0,14-3-29 14:47:34,1
9X181FB4GU,120.393,31.5264,3323,0,0,0,14-3-29 14:49:34,1
9X181FB4GU,120.393,31.5263,3323,0,0,0,14-3-29 14:50:58,1
9X181FB4GU,120.393,31.5263,3323,0,0,0,14-3-29 14:52:58,1
9X181FB4GU,120.393,31.5262,3323,0,0,0,14-3-29 14:53:25,1
9X181FB4GU,120.393,31.5262,3323,0,0,0,14-3-29 14:55:25,1
9X181FB4GU,120.393,31.5262,3323,0,0,0,14-3-29 14:57:25,1
9X181FB4GU,120.393,31.5264,3323,0,0,0,14-3-29 14:59:25,1
9X181FB4GU,120.393,31.5265,3323,0,0,0,14-3-29 15:1:25,1
9X181FB4GU,120.393,31.5265,3323,0,0,0,14-3-29 15:1:54,1
9X181FB4GU,120.393,31.5265,3323,0,0,0,14-3-29 15:3:54,1
9X181FB4GU,120.393,31.5265,3323,0,0,0,14-3-29 15:4:24,1
9X181FB4GU,120.393,31.5266,3323,0,0,0,14-3-29 15:6:24,1
9X181FB4GU,120.393,31.5263,3323,0,0,0,14-3-29 15:8:24,1
9X181FB4GU,120.393,31.5263,3323,0,0,0,14-3-29 15:10:24,1
9X181FB4GU,120.393,31.5264,3323,0,0,0,14-3-29 15:12:24,1
9X181FB4GU,120.393,31.5265,3323,0,0,0,14-3-29 15:14:24,1
9X181FB4GU,120.393,31.5265,3323,0,0,0,14-3-29 15:16:24,1
9X181FB4GU,120.393,31.5265,3323,0,0,0,14-3-29 15:18:24,1
9X181FB4GU,120.393,31.5264,3323,0,0,0,14-3-29 15:20:24,1
9X181FB4GU,120.393,31.5264,3323,0,0,0,14-3-29 15:22:24,1
9X181FB4GU,120.393,31.5264,3323,0,0,0,14-3-29 15:24:24,1
9X181FB4GU,120.393,31.5264,3323,0,0,0,14-3-29 15:26:9,1
9X181FB4GU,120.393,31.5264,3323,0,0,0,14-3-29 15:26:44,1
9X181FB4GU,120.747,31.364,3323,0,0,0,14-3-29 15:26:56,0
9X181FB4GU,120.393,31.5265,3323,5,0,0,14-3-29 15:27:0,1
9X181FB4GU,120.392,31.5261,3324,0,0,0,14-3-29 15:28:23,1
9X181FB4GU,120.392,31.5261,3324,0,0,0,14-3-29 15:30:23,1
9X181FB4GU,120.392,31.5262,3324,0,0,0,14-3-29 15:32:23,1
9X181FB4GU,120.392,31.5261,3324,0,0,0,14-3-29 15:34:23,1
9X181FB4GU,120.392,31.5261,3324,0,0,0,14-3-29 15:36:23,1
9X181FB4GU,120.392,31.5261,3324,0,0,0,14-3-29 15:38:23,1
9X181FB4GU,120.392,31.5261,3324,0,0,0,14-3-29 15:39:11,1
9X181FB4GU,120.392,31.5259,3324,0,0,0,14-3-29 15:41:11,1
9X181FB4GU,120.392,31.526,3324,0,0,0,14-3-29 15:42:11,1
9X181FB4GU,120.392,31.526,3324,0,0,0,14-3-29 15:43:10,1
9X181FB4GU,120.392,31.526,3324,0,0,0,14-3-29 15:45:10,1
9X181FB4GU,120.392,31.526,3324,0,0,0,14-3-29 15:47:10,1
9X181FB4GU,120.392,31.5261,3324,0,0,0,14-3-29 15:49:10,1
9X181FB4GU,120.392,31.5261,3324,0,0,0,14-3-29 15:51:10,1
9X181FB4GU,120.392,31.5261,3324,0,0,0,14-3-29 15:53:10,1
9X181FB4GU,120.392,31.5261,3324,0,0,0,14-3-29 15:55:10,1
9X181FB4GU,120.392,31.5261,3324,0,0,0,14-3-29 15:57:10,1
9X181FB4GU,120.392,31.5261,3324,0,0,0,14-3-29 15:59:10,1
9X181FB4GU,120.392,31.5261,3324,0,0,0,14-3-29 16:1:10,1
9X181FB4GU,120.392,31.526,3324,0,0,0,14-3-29 16:3:10,1
9X181FB4GU,120.392,31.5259,3324,0,0,0,14-3-29 16:5:10,1
9X181FB4GU,120.392,31.5259,3324,0,0,0,14-3-29 16:7:10,1
9X181FB4GU,120.392,31.526,3324,0,0,0,14-3-29 16:9:10,1
9X181FB4GU,120.392,31.5261,3324,0,0,0,14-3-29 16:11:10,1
9X181FB4GU,120.392,31.526,3324,0,0,0,14-3-29 16:13:10,1
9X181FB4GU,120.392,31.526,3324,0,0,0,14-3-29 16:15:10,1
9X181FB4GU,120.392,31.5259,3324,0,0,0,14-3-29 16:17:10,1
9X181FB4GU,120.392,31.5259,3324,0,0,0,14-3-29 16:19:10,1
9X181FB4GU,120.392,31.526,3324,0,0,0,14-3-29 16:21:10,1
9X181FB4GU,120.392,31.526,3324,0,0,0,14-3-29 16:23:10,1
9X181FB4GU,120.392,31.526,3324,0,0,0,14-3-29 16:25:10,1
9X181FB4GU,120.392,31.526,3324,0,0,0,14-3-29 16:26:59,1
9X181FB4GU,120.392,31.526,3324,0,0,0,14-3-29 16:28:59,1
9X181FB4GU,120.392,31.526,3324,0,0,0,14-3-29 16:30:59,1
9X181FB4GU,120.392,31.526,3324,0,0,0,14-3-29 16:32:59,1
9X181FB4GU,120.392,31.526,3324,0,0,0,14-3-29 16:34:34,1
9X181FB4GU,120.392,31.5259,3324,0,0,0,14-3-29 16:36:34,1
9X181FB4GU,120.392,31.5259,3324,0,0,0,14-3-29 16:37:50,1
9X181FB4GU,120.392,31.5259,3325,0,0,0,14-3-29 16:38:45,1
9X181FB4GU,120.392,31.5259,3325,0,0,0,14-3-29 16:40:45,1
9X181FB4GU,120.392,31.5259,3325,0,0,0,14-3-29 16:42:45,1
9X181FB4GU,120.392,31.5259,3325,0,0,0,14-3-29 16:44:45,1
9X181FB4GU,120.392,31.5259,3325,0,0,0,14-3-29 16:46:45,1
9X181FB4GU,120.392,31.5259,3325,0,0,0,14-3-29 16:48:45,1
9X181FB4GU,120.392,31.5259,3325,0,0,0,14-3-29 16:50:45,1
9X181FB4GU,120.392,31.5259,3325,0,0,0,14-3-29 16:52:45,1
9X181FB4GU,120.392,31.5259,3325,0,0,0,14-3-29 16:54:14,1
9X181FB4GU,120.392,31.5259,3325,0,0,0,14-3-29 16:56:14,1
9X181FB4GU,120.392,31.5259,3325,0,0,0,14-3-29 16:57:14,1
9X181FB4GU,120.392,31.5259,3325,0,0,0,14-3-29 16:59:14,1
9X181FB4GU,120.392,31.5259,3325,0,0,0,14-3-29 17:1:14,1
9X181FB4GU,120.392,31.5259,3325,0,0,0,14-3-29 17:3:14,1
9X181FB4GU,120.392,31.526,3325,0,0,0,14-3-29 17:5:14,1
9X181FB4GU,120.392,31.526,3325,0,0,0,14-3-29 17:7:14,1
9X181FB4GU,120.392,31.526,3325,0,0,0,14-3-29 17:9:14,1
9X181FB4GU,120.392,31.526,3325,0,0,0,14-3-29 17:11:14,1
9X181FB4GU,120.393,31.5264,3325,14,31,0,14-3-29 17:12:28,1
9X181FB4GU,120.394,31.5265,3326,0,0,0,14-3-29 17:14:28,1
9X181FB4GU,120.395,31.5267,3327,25,21,0,14-3-29 17:15:58,1
9X181FB4GU,120.395,31.5271,3328,29,21,0,14-3-29 17:16:5,1
9X181FB4GU,120.396,31.528,3329,14,14,0,14-3-29 17:16:58,1
9X181FB4GU,120.395,31.5293,3331,38,156,0,14-3-29 17:17:22,1
9X181FB4GU,120.393,31.5305,3333,49,157,0,14-3-29 17:17:37,1
9X181FB4GU,120.392,31.532,3336,48,166,0,14-3-29 17:17:51,1
9X181FB4GU,120.391,31.5336,3337,29,169,0,14-3-29 17:18:26,1
9X181FB4GU,120.391,31.5353,3339,14,167,0,14-3-29 17:18:49,1
9X181FB4GU,120.392,31.5364,3341,44,30,0,14-3-29 17:19:14,1
9X181FB4GU,120.394,31.5372,3343,24,32,0,14-3-29 17:19:29,1
9X181FB4GU,120.396,31.538,3345,44,31,0,14-3-29 17:20:34,1
9X181FB4GU,120.398,31.5389,3347,11,32,0,14-3-29 17:21:33,1
9X181FB4GU,120.397,31.5405,3349,42,171,0,14-3-29 17:22:7,1
9X181FB4GU,120.397,31.5423,3352,59,175,0,14-3-29 17:22:20,1
9X181FB4GU,120.397,31.544,3353,49,175,0,14-3-29 17:22:33,1
9X181FB4GU,120.396,31.5458,3355,44,176,0,14-3-29 17:22:47,1
9X181FB4GU,120.396,31.5476,3357,16,19,0,14-3-29 17:23:10,1
9X181FB4GU,120.397,31.5479,3358,0,0,0,14-3-29 17:23:36,1
9X181FB4GU,120.397,31.548,3358,0,0,0,14-3-29 17:25:36,1
9X181FB4GU,120.397,31.548,3358,0,0,0,14-3-29 17:26:11,1
9X181FB4GU,120.397,31.5481,3358,0,0,0,14-3-29 17:26:25,1
9X181FB4GU,120.397,31.5481,3358,0,0,0,14-3-29 17:26:36,1
9X181FB4GU,120.396,31.5482,3358,0,0,0,14-3-29 17:28:36,1
9X181FB4GU,120.397,31.5483,3358,0,0,0,14-3-29 17:30:36,1
9X181FB4GU,120.397,31.5484,3358,0,0,0,14-3-29 17:32:36,1
9X181FB4GU,120.397,31.5483,3358,0,0,0,14-3-29 17:34:36,1
9X181FB4GU,120.397,31.5483,3358,0,0,0,14-3-29 17:36:36,1
9X181FB4GU,120.397,31.5483,3358,0,0,0,14-3-29 17:38:36,1
9X181FB4GU,120.396,31.5483,3358,0,0,0,14-3-29 17:40:36,1
9X181FB4GU,120.396,31.5482,3358,0,0,0,14-3-29 17:42:36,1
9X181FB4GU,120.396,31.5482,3358,0,0,0,14-3-29 17:43:25,1
9X181FB4GU,120.396,31.5489,3360,29,169,0,14-3-29 17:44:32,1
9X181FB4GU,120.395,31.5495,3360,35,169,0,14-3-29 17:44:39,1
9X181FB4GU,120.395,31.5505,3361,49,168,0,14-3-29 17:44:49,1
9X181FB4GU,120.394,31.5521,3363,55,169,0,14-3-29 17:45:2,1
9X181FB4GU,120.393,31.5538,3366,62,168,0,14-3-29 17:45:14,1
9X181FB4GU,120.393,31.5554,3368,57,168,0,14-3-29 17:45:25,1
9X181FB4GU,120.392,31.557,3370,57,168,0,14-3-29 17:45:37,1
9X181FB4GU,120.391,31.5586,3372,48,171,0,14-3-29 17:45:50,1
9X181FB4GU,120.391,31.5591,3372,0,0,0,14-3-29 17:46:23,1
9X181FB4GU,120.391,31.5591,3372,0,0,0,14-3-29 17:48:23,1
9X181FB4GU,120.391,31.5591,3372,0,0,0,14-3-29 17:48:58,1
9X181FB4GU,120.391,31.5591,3372,0,0,0,14-3-29 17:50:58,1
9X181FB4GU,120.391,31.5591,3372,0,0,0,14-3-29 17:52:58,1
9X181FB4GU,120.391,31.5591,3372,0,0,0,14-3-29 17:54:8,1
9X181FB4GU,120.391,31.5592,3372,0,0,0,14-3-29 17:54:35,1
9X181FB4GU,120.391,31.5591,3372,0,0,0,14-3-29 17:56:35,1
9X181FB4GU,120.391,31.5592,3372,0,0,0,14-3-29 17:58:35,1
9X181FB4GU,120.391,31.5592,3372,0,0,0,14-3-29 18:0:35,1
9X181FB4GU,120.391,31.5592,3372,0,0,0,14-3-29 18:2:35,1
9X181FB4GU,120.391,31.5591,3372,0,0,0,14-3-29 18:4:35,1
9X181FB4GU,120.391,31.5591,3372,0,0,0,14-3-29 18:6:35,1
9X181FB4GU,120.391,31.5592,3372,0,0,0,14-3-29 18:8:35,1
9X181FB4GU,120.391,31.5591,3372,0,0,0,14-3-29 18:10:35,1
9X181FB4GU,120.391,31.5591,3372,0,0,0,14-3-29 18:12:35,1
9X181FB4GU,120.391,31.5592,3372,0,0,0,14-3-29 18:14:35,1
9X181FB4GU,120.391,31.5592,3372,0,0,0,14-3-29 18:15:6,1
9X181FB4GU,120.39,31.5602,3373,33,167,0,14-3-29 18:16:35,1
9X181FB4GU,120.39,31.5606,3374,38,167,0,14-3-29 18:16:40,1
9X181FB4GU,120.389,31.5618,3376,53,166,0,14-3-29 18:16:51,1
9X181FB4GU,120.388,31.5634,3378,51,165,0,14-3-29 18:17:4,1
9X181FB4GU,120.387,31.5648,3379,40,164,0,14-3-29 18:17:18,1
9X181FB4GU,120.386,31.5657,3381,12,68,0,14-3-29 18:18:14,1
9X181FB4GU,120.388,31.5641,3383,46,74,0,14-3-29 18:18:36,1
9X181FB4GU,120.389,31.5626,3386,57,76,0,14-3-29 18:18:49,1
9X181FB4GU,120.39,31.561,3388,66,76,0,14-3-29 18:19:0,1
9X181FB4GU,120.39,31.5594,3390,74,77,0,14-3-29 18:19:10,1
9X181FB4GU,120.392,31.5563,3393,72,79,0,14-3-29 18:19:28,1
9X181FB4GU,120.393,31.5546,3395,79,79,0,14-3-29 18:19:37,1
9X181FB4GU,120.393,31.5529,3398,77,79,0,14-3-29 18:19:46,1
9X181FB4GU,120.394,31.5514,3400,70,79,0,14-3-29 18:19:55,1
9X181FB4GU,120.395,31.5497,3402,61,78,0,14-3-29 18:20:6,1
9X181FB4GU,120.396,31.5482,3403,66,81,0,14-3-29 18:20:16,1
9X181FB4GU,120.396,31.5463,3406,59,85,0,14-3-29 18:20:27,1
9X181FB4GU,120.396,31.5447,3407,49,86,0,14-3-29 18:20:39,1
9X181FB4GU,120.397,31.5429,3410,53,85,0,14-3-29 18:20:53,1
9X181FB4GU,120.397,31.5411,3412,53,84,0,14-3-29 18:21:6,1
9X181FB4GU,120.397,31.5394,3414,37,88,0,14-3-29 18:21:24,1
9X181FB4GU,120.396,31.5383,3416,49,122,0,14-3-29 18:21:39,1
9X181FB4GU,120.394,31.5376,3417,27,120,0,14-3-29 18:21:56,1
9X181FB4GU,120.392,31.5368,3420,53,121,0,14-3-29 18:22:14,1
9X181FB4GU,120.391,31.536,3421,27,119,0,14-3-29 18:22:28,1
9X181FB4GU,120.391,31.5344,3424,44,80,0,14-3-29 18:23:30,1
9X181FB4GU,120.392,31.5327,3425,25,81,0,14-3-29 18:24:8,1
9X181FB4GU,120.393,31.5312,3427,51,70,0,14-3-29 18:24:24,1
9X181FB4GU,120.394,31.5299,3429,62,67,0,14-3-29 18:24:36,1
9X181FB4GU,120.395,31.5285,3432,55,68,0,14-3-29 18:24:48,1
9X181FB4GU,120.395,31.5272,3434,33,111,0,14-3-29 18:25:11,1
9X181FB4GU,120.394,31.5264,3435,11,159,0,14-3-29 18:25:53,1
9X181FB4GU,120.393,31.5264,3437,0,0,0,14-3-29 18:27:53,1
9X181FB4GU,120.393,31.5264,3437,0,0,0,14-3-29 18:28:33,1
9X181FB4GU,120.393,31.5264,3437,0,0,0,14-3-29 18:29:43,1
9X181FB4GU,120.393,31.5265,3437,0,0,0,14-3-29 18:31:37,1
9X181FB4GU,120.393,31.5264,3437,0,0,0,14-3-29 18:33:37,1
9X181FB4GU,120.393,31.5264,3437,0,0,0,14-3-29 18:35:37,1
9X181FB4GU,120.393,31.5264,3437,0,0,0,14-3-29 18:37:37,1
9X181FB4GU,120.393,31.5264,3437,0,0,0,14-3-29 18:39:37,1
9X181FB4GU,120.393,31.5264,3437,0,0,0,14-3-29 18:41:37,1
9X181FB4GU,120.393,31.5264,3437,0,0,0,14-3-29 18:43:37,1
9X181FB4GU,120.393,31.5264,3437,0,0,0,14-3-29 18:45:37,1
9X181FB4GU,120.393,31.5264,3437,0,0,0,14-3-29 18:47:37,1
9X181FB4GU,120.393,31.5264,3437,0,0,0,14-3-29 18:49:37,1
9X181FB4GU,120.393,31.5264,3437,0,0,0,14-3-29 18:51:37,1
9X181FB4GU,120.393,31.5263,3437,0,0,0,14-3-29 18:53:37,1
9X181FB4GU,120.393,31.5263,3437,0,0,0,14-3-29 18:55:37,1
9X181FB4GU,120.393,31.5264,3437,0,0,0,14-3-29 18:57:37,1
9X181FB4GU,120.393,31.5265,3437,0,0,0,14-3-29 18:59:37,1
9X181FB4GU,120.393,31.5264,3437,0,0,0,14-3-29 19:1:37,1
9X181FB4GU,120.393,31.5264,3437,0,0,0,14-3-29 19:3:37,1
9X181FB4GU,120.393,31.5265,3437,0,0,0,14-3-29 19:5:37,1
9X181FB4GU,120.393,31.5265,3437,0,0,0,14-3-29 19:7:37,1
9X181FB4GU,120.393,31.5265,3437,0,0,0,14-3-29 19:9:37,1
9X181FB4GU,120.393,31.5265,3437,0,0,0,14-3-29 19:11:37,1
9X181FB4GU,120.393,31.5265,3437,0,0,0,14-3-29 19:13:37,1
9X181FB4GU,120.393,31.5264,3437,0,0,0,14-3-29 19:15:37,1
9X181FB4GU,120.393,31.5265,3437,0,0,0,14-3-29 19:17:37,1
9X181FB4GU,120.393,31.5264,3437,0,0,0,14-3-29 19:19:37,1
9X181FB4GU,120.393,31.5264,3437,0,0,0,14-3-29 19:21:37,1
9X181FB4GU,120.393,31.5264,3437,0,0,0,14-3-29 19:23:37,1
9X181FB4GU,120.393,31.5265,3437,0,0,0,14-3-29 19:25:37,1
9X181FB4GU,120.393,31.5264,3437,0,0,0,14-3-29 19:27:37,1
9X181FB4GU,120.393,31.5265,3437,0,0,0,14-3-29 19:29:37,1
9X181FB4GU,120.393,31.5264,3437,0,0,0,14-3-29 19:31:37,1
9X181FB4GU,120.393,31.5264,3437,0,0,0,14-3-29 19:33:37,1
9X181FB4GU,120.393,31.5264,3437,0,0,0,14-3-29 19:35:37,1
9X181FB4GU,120.393,31.5264,3437,0,0,0,14-3-29 19:37:37,1
9X181FB4GU,120.393,31.5264,3437,0,0,0,14-3-29 19:39:37,1
9X181FB4GU,120.393,31.5264,3437,0,0,0,14-3-29 19:41:37,1
9X181FB4GU,120.393,31.5265,3437,0,0,0,14-3-29 19:43:37,1
9X181FB4GU,120.393,31.5265,3437,0,0,0,14-3-29 19:45:37,1
9X181FB4GU,120.393,31.5264,3437,0,0,0,14-3-29 19:47:37,1
9X181FB4GU,120.393,31.5264,3437,0,0,0,14-3-29 19:49:37,1
9X181FB4GU,120.393,31.5264,3437,0,0,0,14-3-29 19:51:37,1
9X181FB4GU,120.393,31.5264,3437,0,0,0,14-3-29 19:53:37,1
9X181FB4GU,120.393,31.5264,3437,0,0,0,14-3-29 19:55:37,1
9X181FB4GU,120.393,31.5264,3437,0,0,0,14-3-29 19:57:37,1
9X181FB4GU,120.393,31.5265,3437,0,0,0,14-3-29 19:59:37,1
9X181FB4GU,120.393,31.5265,3437,0,0,0,14-3-29 20:1:37,1
9X181FB4GU,120.393,31.5265,3437,0,0,0,14-3-29 20:3:37,1
9X181FB4GU,120.393,31.5265,3437,0,0,0,14-3-29 20:5:37,1
9X181FB4GU,120.393,31.5264,3437,0,0,0,14-3-29 20:7:37,1
9X181FB4GU,120.393,31.5265,3437,0,0,0,14-3-29 20:9:37,1
9X181FB4GU,120.393,31.5265,3437,0,0,0,14-3-29 20:11:37,1
9X181FB4GU,120.393,31.5265,3437,0,0,0,14-3-29 20:13:37,1
9X181FB4GU,120.393,31.5265,3437,0,0,0,14-3-29 20:15:37,1
9X181FB4GU,120.393,31.5265,3437,0,0,0,14-3-29 20:17:37,1
9X181FB4GU,120.393,31.5265,3437,0,0,0,14-3-29 20:19:37,1
9X181FB4GU,120.393,31.5265,3437,0,0,0,14-3-29 20:21:37,1
9X181FB4GU,120.393,31.5265,3437,0,0,0,14-3-29 20:23:37,1
9X181FB4GU,120.393,31.5265,3437,0,0,0,14-3-29 20:25:37,1
9X181FB4GU,120.393,31.5265,3437,0,0,0,14-3-29 20:27:37,1
9X181FB4GU,120.393,31.5264,3437,0,0,0,14-3-29 20:29:37,1
9X181FB4GU,120.393,31.5266,3437,0,0,0,14-3-29 20:31:37,1
9X181FB4GU,120.393,31.5266,3437,0,0,0,14-3-29 20:33:37,1
9X181FB4GU,120.393,31.5265,3437,0,0,0,14-3-29 20:35:37,1
9X181FB4GU,120.393,31.5265,3437,0,0,0,14-3-29 20:37:37,1
9X181FB4GU,120.393,31.5265,3437,0,0,0,14-3-29 20:39:37,1
9X181FB4GU,120.393,31.5265,3437,0,0,0,14-3-29 20:41:37,1
9X181FB4GU,120.393,31.5265,3437,0,0,0,14-3-29 20:43:37,1
9X181FB4GU,120.393,31.5265,3437,0,0,0,14-3-29 20:45:37,1
9X181FB4GU,120.393,31.5265,3437,0,0,0,14-3-29 20:47:37,1
9X181FB4GU,120.393,31.5265,3437,0,0,0,14-3-29 20:49:37,1
9X181FB4GU,120.393,31.5264,3437,0,0,0,14-3-29 20:51:37,1
9X181FB4GU,120.393,31.5265,3437,0,0,0,14-3-29 20:53:37,1
9X181FB4GU,120.393,31.5265,3437,0,0,0,14-3-29 20:55:37,1
9X181FB4GU,120.393,31.5265,3437,0,0,0,14-3-29 20:57:37,1
9X181FB4GU,120.393,31.5264,3437,0,0,0,14-3-29 20:59:37,1
9X181FB4GU,120.393,31.5265,3437,0,0,0,14-3-29 21:1:37,1
9X181FB4GU,120.393,31.5265,3437,0,0,0,14-3-29 21:3:37,1
9X181FB4GU,120.393,31.5265,3437,0,0,0,14-3-29 21:5:37,1
9X181FB4GU,120.393,31.5265,3437,0,0,0,14-3-29 21:7:37,1
9X181FB4GU,120.393,31.5265,3437,0,0,0,14-3-29 21:9:37,1
9X181FB4GU,120.393,31.5264,3437,0,0,0,14-3-29 21:11:37,1
9X181FB4GU,120.393,31.5264,3437,0,0,0,14-3-29 21:13:37,1
9X181FB4GU,120.393,31.5265,3437,0,0,0,14-3-29 21:15:37,1
9X181FB4GU,120.393,31.5265,3437,0,0,0,14-3-29 21:17:37,1
9X181FB4GU,120.393,31.5264,3437,0,0,0,14-3-29 21:19:37,1
9X181FB4GU,120.393,31.5264,3437,0,0,0,14-3-29 21:21:37,1
9X181FB4GU,120.393,31.5264,3437,0,0,0,14-3-29 21:23:37,1
9X181FB4GU,120.393,31.5264,3437,0,0,0,14-3-29 21:25:37,1
9X181FB4GU,120.393,31.5264,3437,0,0,0,14-3-29 21:27:37,1
9X181FB4GU,120.393,31.5264,3437,0,0,0,14-3-29 21:29:37,1
9X181FB4GU,120.393,31.5264,3437,0,0,0,14-3-29 21:31:37,1
9X181FB4GU,120.393,31.5265,3437,0,0,0,14-3-29 21:33:37,1
9X181FB4GU,120.393,31.5265,3437,0,0,0,14-3-29 21:35:37,1
9X181FB4GU,120.393,31.5265,3437,0,0,0,14-3-29 21:37:37,1
9X181FB4GU,120.393,31.5264,3437,0,0,0,14-3-29 21:39:37,1
9X181FB4GU,120.393,31.5264,3437,0,0,0,14-3-29 21:41:37,1
9X181FB4GU,120.393,31.5264,3437,0,0,0,14-3-29 21:43:37,1
9X181FB4GU,120.393,31.5264,3437,0,0,0,14-3-29 21:45:37,1
9X181FB4GU,120.393,31.5264,3437,0,0,0,14-3-29 21:47:37,1
9X181FB4GU,120.393,31.5264,3437,0,0,0,14-3-29 21:49:37,1
9X181FB4GU,120.393,31.5265,3437,0,0,0,14-3-29 21:51:37,1
9X181FB4GU,120.393,31.5265,3437,0,0,0,14-3-29 21:53:37,1
9X181FB4GU,120.393,31.5265,3437,0,0,0,14-3-29 21:55:37,1
9X181FB4GU,120.393,31.5264,3437,0,0,0,14-3-29 21:57:37,1
9X181FB4GU,120.393,31.5264,3437,0,0,0,14-3-29 21:59:37,1
9X181FB4GU,120.393,31.5264,3437,0,0,0,14-3-29 22:1:37,1
9X181FB4GU,120.393,31.5264,3437,0,0,0,14-3-29 22:3:37,1
9X181FB4GU,120.393,31.5264,3437,0,0,0,14-3-29 22:5:37,1
9X181FB4GU,120.393,31.5264,3437,0,0,0,14-3-29 22:7:37,1
9X181FB4GU,120.393,31.5264,3437,0,0,0,14-3-29 22:9:37,1
9X181FB4GU,120.393,31.5264,3437,0,0,0,14-3-29 22:11:37,1
9X181FB4GU,120.393,31.5264,3437,0,0,0,14-3-29 22:13:37,1
9X181FB4GU,120.393,31.5264,3437,0,0,0,14-3-29 22:15:37,1
9X181FB4GU,120.393,31.5264,3437,0,0,0,14-3-29 22:17:37,1
9X181FB4GU,120.393,31.5264,3437,0,0,0,14-3-29 22:19:37,1
9X181FB4GU,120.393,31.5264,3437,0,0,0,14-3-29 22:21:37,1
9X181FB4GU,120.393,31.5265,3437,0,0,0,14-3-29 22:23:37,1
9X181FB4GU,120.393,31.5264,3437,0,0,0,14-3-29 22:25:37,1
9X181FB4GU,120.393,31.5264,3437,0,0,0,14-3-29 22:27:37,1
9X181FB4GU,120.393,31.5264,3437,0,0,0,14-3-29 22:29:37,1
9X181FB4GU,120.393,31.5264,3437,0,0,0,14-3-29 22:31:37,1
9X181FB4GU,120.393,31.5264,3437,0,0,0,14-3-29 22:33:37,1
9X181FB4GU,120.393,31.5264,3437,0,0,0,14-3-29 22:35:37,1
9X181FB4GU,120.393,31.5264,3437,0,0,0,14-3-29 22:37:37,1
9X181FB4GU,120.393,31.5264,3437,0,0,0,14-3-29 22:39:37,1
9X181FB4GU,120.393,31.5264,3437,0,0,0,14-3-29 22:41:37,1
9X181FB4GU,120.393,31.5264,3437,0,0,0,14-3-29 22:43:37,1
9X181FB4GU,120.393,31.5264,3437,0,0,0,14-3-29 22:45:37,1
9X181FB4GU,120.393,31.5264,3437,0,0,0,14-3-29 22:47:37,1
9X181FB4GU,120.393,31.5264,3437,0,0,0,14-3-29 22:49:37,1
9X181FB4GU,120.393,31.5264,3437,0,0,0,14-3-29 22:51:37,1
9X181FB4GU,120.393,31.5264,3437,0,0,0,14-3-29 22:53:37,1
9X181FB4GU,120.393,31.5264,3437,0,0,0,14-3-29 22:55:37,1
9X181FB4GU,120.393,31.5264,3437,0,0,0,14-3-29 22:57:37,1
9X181FB4GU,120.393,31.5264,3437,0,0,0,14-3-29 22:59:37,1
9X181FB4GU,120.393,31.5264,3437,0,0,0,14-3-29 23:1:37,1
9X181FB4GU,120.393,31.5264,3437,0,0,0,14-3-29 23:3:37,1
9X181FB4GU,120.393,31.5265,3437,0,0,0,14-3-29 23:5:37,1
9X181FB4GU,120.393,31.5264,3437,0,0,0,14-3-29 23:7:37,1
9X181FB4GU,120.393,31.5264,3437,0,0,0,14-3-29 23:9:37,1
9X181FB4GU,120.393,31.5264,3437,0,0,0,14-3-29 23:11:37,1
9X181FB4GU,120.393,31.5264,3437,0,0,0,14-3-29 23:13:37,1
9X181FB4GU,120.393,31.5264,3437,0,0,0,14-3-29 23:15:37,1
9X181FB4GU,120.393,31.5264,3437,0,0,0,14-3-29 23:17:37,1
9X181FB4GU,120.393,31.5264,3437,0,0,0,14-3-29 23:19:37,1
9X181FB4GU,120.393,31.5264,3437,0,0,0,14-3-29 23:21:37,1
9X181FB4GU,120.393,31.5264,3437,0,0,0,14-3-29 23:23:37,1
9X181FB4GU,120.393,31.5264,3437,0,0,0,14-3-29 23:25:37,1
9X181FB4GU,120.393,31.5264,3437,0,0,0,14-3-29 23:27:37,1
9X181FB4GU,120.393,31.5264,3437,0,0,0,14-3-29 23:29:37,1
9X181FB4GU,120.393,31.5264,3437,0,0,0,14-3-29 23:31:37,1
9X181FB4GU,120.393,31.5263,3437,0,0,0,14-3-29 23:33:37,1
9X181FB4GU,120.393,31.5264,3437,0,0,0,14-3-29 23:35:37,1
9X181FB4GU,120.393,31.5264,3437,0,0,0,14-3-29 23:37:37,1
9X181FB4GU,120.393,31.5264,3437,0,0,0,14-3-29 23:39:37,1
9X181FB4GU,120.393,31.5264,3437,0,0,0,14-3-29 23:41:37,1
9X181FB4GU,120.393,31.5264,3437,0,0,0,14-3-29 23:43:37,1
9X181FB4GU,120.393,31.5264,3437,0,0,0,14-3-29 23:45:37,1
9X181FB4GU,120.393,31.5264,3437,0,0,0,14-3-29 23:47:37,1
9X181FB4GU,120.393,31.5264,3437,0,0,0,14-3-29 23:49:37,1
9X181FB4GU,120.393,31.5264,3437,0,0,0,14-3-29 23:51:37,1
9X181FB4GU,120.393,31.5264,3437,0,0,0,14-3-29 23:53:37,1
9X181FB4GU,120.393,31.5264,3437,0,0,0,14-3-29 23:55:37,1
9X181FB4GU,120.393,31.5264,3437,0,0,0,14-3-29 23:57:37,1
9X181FB4GU,120.393,31.5264,3437,0,0,0,14-3-29 23:59:37,1
