B5G7P7LXSU,121.296,31.3343,213642,0,50,0,14-3-27 23:55:55,1
B5G7P7LXSU,121.296,31.3343,213642,0,50,0,14-3-27 23:58:55,1
B5G7P7LXSU,121.296,31.3343,213642,0,50,0,14-3-28 0:1:55,1
B5G7P7LXSU,121.296,31.3343,213642,0,50,0,14-3-28 0:4:55,1
B5G7P7LXSU,121.296,31.3343,213642,0,50,0,14-3-28 0:7:55,1
B5G7P7LXSU,121.296,31.3343,213642,0,50,0,14-3-28 0:10:55,1
B5G7P7LXSU,121.296,31.3343,213642,0,50,0,14-3-28 0:13:55,1
B5G7P7LXSU,121.296,31.3343,213642,0,50,0,14-3-28 0:16:56,1
B5G7P7LXSU,121.296,31.3343,213642,0,50,0,14-3-28 0:19:56,1
B5G7P7LXSU,121.296,31.3343,213642,0,50,0,14-3-28 0:22:55,1
B5G7P7LXSU,121.296,31.3343,213642,0,50,0,14-3-28 0:25:56,1
B5G7P7LXSU,121.296,31.3343,213642,0,50,0,14-3-28 0:28:55,1
B5G7P7LXSU,121.296,31.3343,213642,0,50,0,14-3-28 0:31:55,1
B5G7P7LXSU,121.296,31.3343,213642,0,50,0,14-3-28 0:34:55,1
B5G7P7LXSU,121.296,31.3343,213642,0,50,0,14-3-28 0:37:55,1
B5G7P7LXSU,121.296,31.3343,213642,0,50,0,14-3-28 0:40:56,1
B5G7P7LXSU,121.296,31.3343,213642,0,50,0,14-3-28 0:43:56,1
B5G7P7LXSU,121.296,31.3343,213642,0,50,0,14-3-28 0:46:56,1
B5G7P7LXSU,121.296,31.3343,213642,0,50,0,14-3-28 0:49:56,1
B5G7P7LXSU,121.296,31.3343,213642,0,50,0,14-3-28 0:52:56,1
B5G7P7LXSU,121.296,31.3343,213642,0,50,0,14-3-28 0:55:56,1
B5G7P7LXSU,121.296,31.3343,213642,0,50,0,14-3-28 0:58:56,1
B5G7P7LXSU,121.296,31.3343,213642,0,50,0,14-3-28 1:1:56,1
B5G7P7LXSU,121.296,31.3343,213642,0,50,0,14-3-28 1:4:56,1
B5G7P7LXSU,121.296,31.3343,213642,0,50,0,14-3-28 1:7:56,1
B5G7P7LXSU,121.296,31.3343,213642,0,50,0,14-3-28 1:10:56,1
B5G7P7LXSU,121.296,31.3343,213642,0,50,0,14-3-28 1:13:56,1
B5G7P7LXSU,121.296,31.3343,213642,0,50,0,14-3-28 1:16:56,1
B5G7P7LXSU,121.296,31.3343,213642,0,50,0,14-3-28 1:19:56,1
B5G7P7LXSU,121.296,31.3343,213642,0,50,0,14-3-28 1:22:56,1
B5G7P7LXSU,121.296,31.3343,213642,0,50,0,14-3-28 1:25:56,1
B5G7P7LXSU,121.296,31.3343,213642,0,50,0,14-3-28 1:28:56,1
B5G7P7LXSU,121.296,31.3343,213642,0,50,0,14-3-28 1:31:56,1
B5G7P7LXSU,121.296,31.3343,213642,0,50,0,14-3-28 1:34:56,1
B5G7P7LXSU,121.296,31.3343,213642,0,50,0,14-3-28 1:37:56,1
B5G7P7LXSU,121.296,31.3343,213642,0,50,0,14-3-28 1:40:56,1
B5G7P7LXSU,121.296,31.3343,213642,0,50,0,14-3-28 1:43:56,1
B5G7P7LXSU,121.296,31.3343,213642,0,50,0,14-3-28 1:46:56,1
B5G7P7LXSU,121.296,31.3343,213642,0,50,0,14-3-28 1:49:56,1
B5G7P7LXSU,121.296,31.3343,213642,0,50,0,14-3-28 1:52:56,1
B5G7P7LXSU,121.296,31.3343,213642,0,50,0,14-3-28 1:55:56,1
B5G7P7LXSU,121.296,31.3343,213642,0,50,0,14-3-28 1:58:56,1
B5G7P7LXSU,121.296,31.3343,213642,0,50,0,14-3-28 2:1:56,1
B5G7P7LXSU,121.296,31.3343,213642,0,50,0,14-3-28 2:4:56,1
B5G7P7LXSU,121.296,31.3343,213642,0,50,0,14-3-28 2:7:56,1
B5G7P7LXSU,121.296,31.3343,213642,0,50,0,14-3-28 2:10:56,1
B5G7P7LXSU,121.296,31.3343,213642,0,50,0,14-3-28 2:13:56,1
B5G7P7LXSU,121.296,31.3343,213642,0,50,0,14-3-28 2:16:56,1
B5G7P7LXSU,121.296,31.3343,213642,0,50,0,14-3-28 2:19:56,1
B5G7P7LXSU,121.296,31.3343,213642,0,50,0,14-3-28 2:22:56,1
B5G7P7LXSU,121.296,31.3343,213642,0,50,0,14-3-28 2:25:56,1
B5G7P7LXSU,121.296,31.3343,213642,0,50,0,14-3-28 2:28:56,1
B5G7P7LXSU,121.296,31.3343,213642,0,50,0,14-3-28 2:31:56,1
B5G7P7LXSU,121.296,31.3343,213642,0,50,0,14-3-28 2:34:56,1
B5G7P7LXSU,121.296,31.3343,213642,0,50,0,14-3-28 2:37:56,1
B5G7P7LXSU,121.296,31.3343,213642,0,50,0,14-3-28 2:40:56,1
B5G7P7LXSU,121.296,31.3343,213642,0,50,0,14-3-28 2:43:56,1
B5G7P7LXSU,121.296,31.3343,213642,0,50,0,14-3-28 2:46:56,1
B5G7P7LXSU,121.296,31.3343,213642,0,50,0,14-3-28 2:49:56,1
B5G7P7LXSU,121.296,31.3343,213642,0,50,0,14-3-28 2:52:56,1
B5G7P7LXSU,121.296,31.3343,213642,0,50,0,14-3-28 2:55:56,1
B5G7P7LXSU,121.296,31.3343,213642,0,50,0,14-3-28 2:58:56,1
B5G7P7LXSU,121.296,31.3343,213642,0,50,0,14-3-28 3:1:56,1
B5G7P7LXSU,121.296,31.3343,213642,0,50,0,14-3-28 3:4:56,1
B5G7P7LXSU,121.296,31.3343,213642,0,50,0,14-3-28 3:7:56,1
B5G7P7LXSU,121.296,31.3343,213642,0,50,0,14-3-28 3:10:56,1
B5G7P7LXSU,121.296,31.3343,213642,0,50,0,14-3-28 3:13:56,1
B5G7P7LXSU,121.296,31.3343,213642,0,50,0,14-3-28 3:16:56,1
B5G7P7LXSU,121.296,31.3343,213642,0,50,0,14-3-28 3:19:56,1
B5G7P7LXSU,121.296,31.3343,213642,0,50,0,14-3-28 3:22:56,1
B5G7P7LXSU,121.296,31.3343,213642,0,50,0,14-3-28 3:25:56,1
B5G7P7LXSU,121.296,31.3343,213642,0,50,0,14-3-28 3:28:56,1
B5G7P7LXSU,121.296,31.3343,213642,0,50,0,14-3-28 3:31:56,1
B5G7P7LXSU,121.296,31.3343,213642,0,50,0,14-3-28 3:34:56,1
B5G7P7LXSU,121.296,31.3343,213642,0,50,0,14-3-28 3:37:56,1
B5G7P7LXSU,121.296,31.3343,213642,0,50,0,14-3-28 3:40:56,1
B5G7P7LXSU,121.296,31.3343,213642,0,50,0,14-3-28 3:43:56,1
B5G7P7LXSU,121.296,31.3343,213642,0,50,0,14-3-28 3:46:56,1
B5G7P7LXSU,121.296,31.3343,213642,0,50,0,14-3-28 3:49:56,1
B5G7P7LXSU,121.296,31.3343,213642,0,50,0,14-3-28 3:52:57,1
B5G7P7LXSU,121.296,31.3343,213642,0,50,0,14-3-28 3:55:57,1
B5G7P7LXSU,121.296,31.3343,213642,0,50,0,14-3-28 3:58:57,1
B5G7P7LXSU,121.296,31.3343,213642,0,50,0,14-3-28 4:1:57,1
B5G7P7LXSU,121.296,31.3343,213642,0,50,0,14-3-28 4:4:57,1
B5G7P7LXSU,121.296,31.3343,213642,0,50,0,14-3-28 4:7:57,1
B5G7P7LXSU,121.296,31.3343,213642,0,50,0,14-3-28 4:10:57,1
B5G7P7LXSU,121.296,31.3343,213642,0,50,0,14-3-28 4:13:57,1
B5G7P7LXSU,121.296,31.3343,213642,0,50,0,14-3-28 4:16:57,1
B5G7P7LXSU,121.296,31.3343,213642,0,50,0,14-3-28 4:19:57,1
B5G7P7LXSU,121.296,31.3343,213642,0,50,0,14-3-28 4:22:57,1
B5G7P7LXSU,121.296,31.3343,213642,0,50,0,14-3-28 4:25:57,1
B5G7P7LXSU,121.296,31.3343,213642,0,50,0,14-3-28 4:28:57,1
B5G7P7LXSU,121.296,31.3343,213642,0,50,0,14-3-28 4:31:57,1
B5G7P7LXSU,121.296,31.3343,213642,0,50,0,14-3-28 4:34:57,1
B5G7P7LXSU,121.296,31.3343,213642,0,50,0,14-3-28 4:37:57,1
B5G7P7LXSU,121.296,31.3343,213642,0,50,0,14-3-28 4:40:57,1
B5G7P7LXSU,121.296,31.3343,213642,0,50,0,14-3-28 4:43:57,1
B5G7P7LXSU,121.296,31.3343,213642,0,50,0,14-3-28 4:46:57,1
B5G7P7LXSU,121.296,31.3343,213642,0,50,0,14-3-28 4:49:57,1
B5G7P7LXSU,121.296,31.3343,213642,0,50,0,14-3-28 4:52:57,1
B5G7P7LXSU,121.296,31.3343,213642,0,50,0,14-3-28 4:55:57,1
B5G7P7LXSU,121.296,31.3343,213642,0,50,0,14-3-28 4:58:57,1
B5G7P7LXSU,121.296,31.3343,213642,0,50,0,14-3-28 5:1:57,1
B5G7P7LXSU,121.296,31.3343,213642,0,50,0,14-3-28 5:4:57,1
B5G7P7LXSU,121.296,31.3343,213642,0,50,0,14-3-28 5:7:57,1
B5G7P7LXSU,121.296,31.3343,213642,0,50,0,14-3-28 5:10:57,1
B5G7P7LXSU,121.296,31.3343,213642,0,50,0,14-3-28 5:13:57,1
B5G7P7LXSU,121.296,31.3343,213642,0,50,0,14-3-28 5:16:57,1
B5G7P7LXSU,121.296,31.3343,213642,0,50,0,14-3-28 5:19:57,1
B5G7P7LXSU,121.296,31.3343,213642,0,50,0,14-3-28 5:22:57,1
B5G7P7LXSU,121.296,31.3343,213642,0,50,0,14-3-28 5:25:57,1
B5G7P7LXSU,121.296,31.3343,213642,0,50,0,14-3-28 5:28:57,1
B5G7P7LXSU,121.296,31.3343,213642,0,50,0,14-3-28 5:31:57,1
B5G7P7LXSU,121.296,31.3343,213642,0,50,0,14-3-28 5:34:57,1
B5G7P7LXSU,121.296,31.3343,213642,0,50,0,14-3-28 5:37:57,1
B5G7P7LXSU,121.296,31.3343,213642,0,50,0,14-3-28 5:40:57,1
B5G7P7LXSU,121.296,31.3343,213642,0,50,0,14-3-28 5:43:57,1
B5G7P7LXSU,121.296,31.3343,213642,0,50,0,14-3-28 5:46:57,1
B5G7P7LXSU,121.296,31.3343,213642,0,50,0,14-3-28 5:49:57,1
B5G7P7LXSU,121.296,31.3343,213642,0,50,0,14-3-28 5:52:57,1
B5G7P7LXSU,121.296,31.3343,213642,0,50,0,14-3-28 5:55:57,1
B5G7P7LXSU,121.296,31.3343,213642,0,50,0,14-3-28 5:58:57,1
B5G7P7LXSU,121.296,31.3343,213642,0,50,0,14-3-28 6:1:57,1
B5G7P7LXSU,121.296,31.3343,213642,0,50,0,14-3-28 6:4:56,1
B5G7P7LXSU,121.296,31.3343,213642,0,50,0,14-3-28 6:7:56,1
B5G7P7LXSU,121.296,31.3343,213642,0,50,0,14-3-28 6:10:56,1
B5G7P7LXSU,121.296,31.3343,213642,0,50,0,14-3-28 6:13:56,1
B5G7P7LXSU,121.296,31.3343,213642,0,50,0,14-3-28 6:16:56,1
B5G7P7LXSU,121.296,31.3343,213642,0,50,0,14-3-28 6:19:56,1
B5G7P7LXSU,121.296,31.3343,213642,0,50,0,14-3-28 6:22:56,1
B5G7P7LXSU,121.296,31.3343,213642,0,50,0,14-3-28 6:25:56,1
B5G7P7LXSU,121.296,31.3343,213642,0,50,0,14-3-28 6:28:56,1
B5G7P7LXSU,121.296,31.3343,213642,0,50,0,14-3-28 6:31:56,1
B5G7P7LXSU,121.296,31.3343,213642,0,50,0,14-3-28 6:34:56,1
B5G7P7LXSU,121.296,31.3343,213642,0,50,0,14-3-28 6:37:56,1
B5G7P7LXSU,121.296,31.3343,213642,0,50,0,14-3-28 6:40:56,1
B5G7P7LXSU,121.296,31.3343,213642,0,50,0,14-3-28 6:43:57,1
B5G7P7LXSU,121.296,31.3343,213642,0,50,0,14-3-28 6:46:57,1
B5G7P7LXSU,121.296,31.3343,213642,0,50,0,14-3-28 6:49:57,1
B5G7P7LXSU,121.296,31.3343,213642,0,50,0,14-3-28 6:52:57,1
B5G7P7LXSU,121.296,31.3343,213642,0,50,0,14-3-28 6:55:57,1
B5G7P7LXSU,121.296,31.3343,213642,0,50,0,14-3-28 6:58:57,1
B5G7P7LXSU,121.296,31.3343,213642,0,50,0,14-3-28 7:1:57,1
B5G7P7LXSU,121.296,31.3343,213642,0,50,0,14-3-28 7:4:56,1
B5G7P7LXSU,121.296,31.3343,213642,0,50,0,14-3-28 7:7:56,1
B5G7P7LXSU,121.296,31.3343,213642,0,50,0,14-3-28 7:10:56,1
B5G7P7LXSU,121.296,31.3343,213642,0,50,0,14-3-28 7:13:56,1
B5G7P7LXSU,121.296,31.3343,213642,0,50,0,14-3-28 7:16:56,1
B5G7P7LXSU,121.296,31.3343,213642,0,50,0,14-3-28 7:19:56,1
B5G7P7LXSU,121.296,31.3343,213642,0,50,0,14-3-28 7:22:55,1
B5G7P7LXSU,121.296,31.3343,213642,0,50,0,14-3-28 7:25:55,1
B5G7P7LXSU,121.296,31.3343,213642,0,50,0,14-3-28 7:28:55,1
B5G7P7LXSU,121.296,31.3343,213642,0,50,0,14-3-28 7:31:55,1
B5G7P7LXSU,121.296,31.3343,213642,0,50,0,14-3-28 7:34:55,1
B5G7P7LXSU,121.296,31.3343,213642,0,50,0,14-3-28 7:37:55,1
B5G7P7LXSU,121.296,31.3343,213642,0,50,0,14-3-28 7:40:55,1
B5G7P7LXSU,121.296,31.3343,213642,0,50,0,14-3-28 7:43:55,1
B5G7P7LXSU,121.296,31.3343,213642,0,50,0,14-3-28 7:46:55,1
B5G7P7LXSU,121.296,31.3343,213642,0,50,0,14-3-28 7:49:55,1
B5G7P7LXSU,121.296,31.3343,213642,0,50,0,14-3-28 7:52:55,1
B5G7P7LXSU,121.296,31.3343,213642,0,50,0,14-3-28 7:55:55,1
B5G7P7LXSU,121.296,31.3343,213642,0,50,0,14-3-28 7:58:55,1
B5G7P7LXSU,121.296,31.3343,213642,0,50,0,14-3-28 8:1:55,1
B5G7P7LXSU,121.296,31.3343,213642,0,50,0,14-3-28 8:4:55,1
B5G7P7LXSU,121.296,31.3343,213642,0,50,0,14-3-28 8:7:55,1
B5G7P7LXSU,121.296,31.3343,213642,0,50,0,14-3-28 8:10:55,1
B5G7P7LXSU,121.296,31.3343,213642,0,50,0,14-3-28 8:13:55,1
B5G7P7LXSU,121.296,31.3343,213642,0,50,0,14-3-28 8:16:55,1
B5G7P7LXSU,121.296,31.3343,213642,0,50,0,14-3-28 8:19:55,1
B5G7P7LXSU,121.296,31.3343,213642,0,50,0,14-3-28 8:22:55,1
B5G7P7LXSU,121.296,31.3343,213642,0,50,0,14-3-28 8:25:55,1
B5G7P7LXSU,121.296,31.3343,213642,0,50,0,14-3-28 8:28:55,1
B5G7P7LXSU,121.296,31.3343,213642,0,50,0,14-3-28 8:31:55,1
B5G7P7LXSU,121.296,31.3343,213642,0,50,0,14-3-28 8:34:55,1
B5G7P7LXSU,121.296,31.3343,213642,0,50,0,14-3-28 8:37:55,1
B5G7P7LXSU,121.296,31.3343,213642,0,50,0,14-3-28 8:40:55,1
B5G7P7LXSU,121.296,31.3343,213642,0,50,0,14-3-28 8:43:55,1
B5G7P7LXSU,121.296,31.3343,213642,0,50,0,14-3-28 8:46:55,1
B5G7P7LXSU,121.296,31.3343,213642,0,50,0,14-3-28 8:49:55,1
B5G7P7LXSU,121.296,31.3343,213642,0,50,0,14-3-28 8:52:55,1
B5G7P7LXSU,121.296,31.3343,213642,0,50,0,14-3-28 8:55:55,1
B5G7P7LXSU,121.296,31.3343,213642,0,50,0,14-3-28 8:58:55,1
B5G7P7LXSU,121.296,31.3343,213642,0,50,0,14-3-28 9:1:55,1
B5G7P7LXSU,121.296,31.3343,213642,0,50,0,14-3-28 9:4:55,1
B5G7P7LXSU,121.296,31.3343,213642,0,50,0,14-3-28 9:7:55,1
B5G7P7LXSU,121.296,31.3343,213642,0,50,0,14-3-28 9:10:55,1
B5G7P7LXSU,121.296,31.3343,213642,0,50,0,14-3-28 9:13:55,1
B5G7P7LXSU,121.296,31.3343,213642,0,50,0,14-3-28 9:16:55,1
B5G7P7LXSU,121.296,31.3343,213642,0,50,0,14-3-28 9:19:55,1
B5G7P7LXSU,121.296,31.3343,213642,0,50,0,14-3-28 9:22:55,1
B5G7P7LXSU,121.296,31.3343,213642,0,50,0,14-3-28 9:25:55,1
B5G7P7LXSU,121.296,31.3343,213642,0,50,0,14-3-28 9:28:55,1
B5G7P7LXSU,121.296,31.3343,213642,0,50,0,14-3-28 9:31:55,1
B5G7P7LXSU,121.296,31.3343,213642,0,50,0,14-3-28 9:34:55,1
B5G7P7LXSU,121.296,31.3343,213642,0,50,0,14-3-28 9:37:55,1
B5G7P7LXSU,121.296,31.3343,213642,0,50,0,14-3-28 9:40:55,1
B5G7P7LXSU,121.296,31.3343,213642,0,50,0,14-3-28 9:43:55,1
B5G7P7LXSU,121.296,31.3343,213642,0,50,0,14-3-28 9:46:55,1
B5G7P7LXSU,121.296,31.3343,213642,0,50,0,14-3-28 9:56:26,1
B5G7P7LXSU,121.296,31.3343,213642,0,50,0,14-3-28 9:59:27,1
B5G7P7LXSU,121.296,31.3343,213642,0,50,0,14-3-28 10:2:26,1
B5G7P7LXSU,121.296,31.3343,213642,0,50,0,14-3-28 10:5:26,1
B5G7P7LXSU,121.296,31.3343,213642,0,50,0,14-3-28 10:8:27,1
B5G7P7LXSU,121.296,31.3343,213642,0,50,0,14-3-28 10:11:27,1
B5G7P7LXSU,121.296,31.3343,213642,0,50,0,14-3-28 10:14:27,1
B5G7P7LXSU,121.296,31.3343,213642,0,50,0,14-3-28 10:17:27,1
B5G7P7LXSU,121.296,31.3343,213642,0,50,0,14-3-28 10:20:27,1
B5G7P7LXSU,121.296,31.3343,213642,0,50,0,14-3-28 10:23:27,1
B5G7P7LXSU,121.296,31.3343,213642,0,50,0,14-3-28 10:26:27,1
B5G7P7LXSU,121.296,31.3343,213642,0,50,0,14-3-28 10:29:27,1
B5G7P7LXSU,121.296,31.3343,213642,0,50,0,14-3-28 10:32:27,1
B5G7P7LXSU,121.296,31.3343,213642,0,50,0,14-3-28 10:35:9,1
B5G7P7LXSU,121.296,31.3343,213642,0,10,0,14-3-28 10:36:39,1
B5G7P7LXSU,121.296,31.3343,213642,0,85,0,14-3-28 10:38:9,1
B5G7P7LXSU,121.296,31.3336,213642,0,175,0,14-3-28 10:39:39,1
B5G7P7LXSU,121.296,31.3336,213642,0,175,0,14-3-28 10:41:9,1
B5G7P7LXSU,121.298,31.3329,213642,0,70,0,14-3-28 10:42:39,1
B5G7P7LXSU,121.298,31.3329,213642,0,70,0,14-3-28 10:44:9,1
B5G7P7LXSU,121.299,31.3333,213642,0,20,0,14-3-28 10:47:9,1
B5G7P7LXSU,121.299,31.3334,213642,7,20,0,14-3-28 10:48:39,1
B5G7P7LXSU,121.303,31.3352,213645,11,30,0,14-3-28 10:50:9,1
B5G7P7LXSU,121.309,31.337,213651,3,30,0,14-3-28 10:51:39,1
B5G7P7LXSU,121.313,31.3379,213654,14,35,0,14-3-28 10:53:9,1
B5G7P7LXSU,121.315,31.3333,213660,33,80,0,14-3-28 10:54:39,1
B5G7P7LXSU,121.317,31.3258,213669,22,80,0,14-3-28 10:56:9,1
B5G7P7LXSU,121.318,31.3197,213675,18,85,0,14-3-28 10:57:39,1
B5G7P7LXSU,121.319,31.3184,213677,9,75,0,14-3-28 10:59:9,1
B5G7P7LXSU,121.32,31.316,213679,9,75,0,14-3-28 11:0:39,1
B5G7P7LXSU,121.322,31.314,213682,31,70,0,14-3-28 11:2:9,1
B5G7P7LXSU,121.324,31.3107,213685,12,75,0,14-3-28 11:3:39,1
B5G7P7LXSU,121.326,31.3077,213689,25,70,0,14-3-28 11:5:9,1
B5G7P7LXSU,121.33,31.3068,213694,18,40,0,14-3-28 11:6:39,1
B5G7P7LXSU,121.333,31.3066,213696,9,45,0,14-3-28 11:8:9,1
B5G7P7LXSU,121.339,31.3096,213703,31,30,0,14-3-28 11:9:39,1
B5G7P7LXSU,121.345,31.3117,213709,12,40,0,14-3-28 11:11:9,1
B5G7P7LXSU,121.35,31.3116,213713,0,170,0,14-3-28 11:12:39,1
B5G7P7LXSU,121.352,31.3112,213715,16,50,0,14-3-28 11:14:9,1
B5G7P7LXSU,121.356,31.3104,213719,0,60,0,14-3-28 11:15:39,1
B5G7P7LXSU,121.359,31.3078,213724,42,90,0,14-3-28 11:17:9,1
B5G7P7LXSU,121.358,31.303,213729,29,90,0,14-3-28 11:18:39,1
B5G7P7LXSU,121.357,31.299,213733,16,95,0,14-3-28 11:20:9,1
B5G7P7LXSU,121.357,31.2973,213735,7,95,0,14-3-28 11:21:39,1
B5G7P7LXSU,121.356,31.2958,213736,0,130,0,14-3-28 11:23:9,1
B5G7P7LXSU,121.355,31.2941,213738,9,95,0,14-3-28 11:24:39,1
B5G7P7LXSU,121.355,31.2919,213740,12,95,0,14-3-28 11:26:9,1
B5G7P7LXSU,121.354,31.2899,213742,7,90,0,14-3-28 11:27:39,1
B5G7P7LXSU,121.354,31.2882,213743,11,90,0,14-3-28 11:29:9,1
B5G7P7LXSU,121.354,31.285,213746,14,90,0,14-3-28 11:30:39,1
B5G7P7LXSU,121.355,31.2806,213751,22,85,0,14-3-28 11:32:9,1
B5G7P7LXSU,121.355,31.2732,213759,35,85,0,14-3-28 11:33:39,1
B5G7P7LXSU,121.354,31.2651,213768,20,95,0,14-3-28 11:35:9,1
B5G7P7LXSU,121.353,31.2629,213770,16,100,0,14-3-28 11:36:39,1
B5G7P7LXSU,121.35,31.2581,213775,22,100,0,14-3-28 11:38:9,1
B5G7P7LXSU,121.348,31.2524,213782,29,100,0,14-3-28 11:39:39,1
B5G7P7LXSU,121.347,31.2514,213783,0,100,0,14-3-28 11:41:9,1
B5G7P7LXSU,121.347,31.251,213783,0,70,0,14-3-28 11:42:39,1
B5G7P7LXSU,121.346,31.2501,213783,3,95,0,14-3-28 11:44:9,1
B5G7P7LXSU,121.346,31.2488,213784,11,95,0,14-3-28 11:45:39,1
B5G7P7LXSU,121.344,31.2457,213787,14,95,0,14-3-28 11:47:9,1
B5G7P7LXSU,121.343,31.2383,213795,46,90,0,14-3-28 11:48:39,1
B5G7P7LXSU,121.343,31.2296,213804,0,75,0,14-3-28 11:50:9,1
B5G7P7LXSU,121.343,31.2268,213807,0,15,0,14-3-28 11:51:39,1
B5G7P7LXSU,121.344,31.2245,213809,9,80,0,14-3-28 11:53:9,1
B5G7P7LXSU,121.348,31.216,213818,24,80,0,14-3-28 11:56:29,1
B5G7P7LXSU,121.35,31.2055,213830,55,80,0,14-3-28 11:57:58,1
B5G7P7LXSU,121.352,31.1953,213841,40,85,0,14-3-28 11:59:28,1
B5G7P7LXSU,121.353,31.1888,213848,22,85,0,14-3-28 12:0:58,1
B5G7P7LXSU,121.354,31.1806,213857,25,80,0,14-3-28 12:2:28,1
B5G7P7LXSU,121.356,31.1754,213862,18,75,0,14-3-28 12:3:58,1
B5G7P7LXSU,121.357,31.1717,213866,24,80,0,14-3-28 12:5:28,1
B5G7P7LXSU,121.361,31.1636,213876,46,80,0,14-3-28 12:6:58,1
B5G7P7LXSU,121.364,31.1555,213885,25,75,0,14-3-28 12:8:28,1
B5G7P7LXSU,121.369,31.147,213895,48,75,0,14-3-28 12:9:58,1
B5G7P7LXSU,121.373,31.1387,213905,40,75,0,14-3-28 12:11:28,1
B5G7P7LXSU,121.378,31.1307,213914,25,70,0,14-3-28 12:12:58,1
B5G7P7LXSU,121.381,31.1252,213921,46,75,0,14-3-28 12:14:28,1
B5G7P7LXSU,121.392,31.1203,213933,44,40,0,14-3-28 12:15:58,1
B5G7P7LXSU,121.405,31.1205,213946,50,40,0,14-3-28 12:17:28,1
B5G7P7LXSU,121.417,31.1218,213957,46,40,0,14-3-28 12:18:58,1
B5G7P7LXSU,121.431,31.1237,213970,57,40,0,14-3-28 12:20:29,1
B5G7P7LXSU,121.445,31.1254,213983,44,40,0,14-3-28 12:21:58,1
B5G7P7LXSU,121.452,31.1256,213990,14,90,0,14-3-28 12:23:28,1
B5G7P7LXSU,121.452,31.1226,213993,29,85,0,14-3-28 12:24:58,1
B5G7P7LXSU,121.452,31.1181,213997,0,80,0,14-3-28 12:26:28,1
B5G7P7LXSU,121.452,31.1164,213999,7,85,0,14-3-28 12:27:58,1
B5G7P7LXSU,121.45,31.1112,214005,33,95,0,14-3-28 12:29:28,1
B5G7P7LXSU,121.45,31.1076,214008,18,90,0,14-3-28 12:30:58,1
B5G7P7LXSU,121.449,31.1068,214009,0,50,0,14-3-28 12:32:28,1
B5G7P7LXSU,121.449,31.1068,214009,0,5,0,14-3-28 12:33:58,1
B5G7P7LXSU,121.449,31.1068,214009,0,115,0,14-3-28 12:35:28,1
B5G7P7LXSU,121.448,31.1076,214009,0,110,0,14-3-28 12:38:28,1
B5G7P7LXSU,121.448,31.1076,214009,0,110,0,14-3-28 12:41:28,1
B5G7P7LXSU,121.448,31.1076,214009,0,110,0,14-3-28 12:44:28,1
B5G7P7LXSU,121.448,31.1076,214009,0,110,0,14-3-28 12:47:28,1
B5G7P7LXSU,121.448,31.1076,214009,0,110,0,14-3-28 12:50:28,1
B5G7P7LXSU,121.448,31.1076,214009,0,110,0,14-3-28 12:53:27,1
B5G7P7LXSU,121.448,31.1076,214009,0,110,0,14-3-28 12:56:27,1
B5G7P7LXSU,121.448,31.1076,214009,0,110,0,14-3-28 12:59:27,1
B5G7P7LXSU,121.448,31.1076,214009,0,110,0,14-3-28 13:2:27,1
B5G7P7LXSU,121.448,31.1076,214009,0,110,0,14-3-28 13:5:27,1
B5G7P7LXSU,121.448,31.1076,214009,0,110,0,14-3-28 13:8:28,1
B5G7P7LXSU,121.448,31.1076,214009,0,110,0,14-3-28 13:11:28,1
B5G7P7LXSU,121.448,31.1076,214009,0,110,0,14-3-28 13:14:28,1
B5G7P7LXSU,121.448,31.1076,214009,0,110,0,14-3-28 13:17:28,1
B5G7P7LXSU,121.448,31.1076,214009,0,110,0,14-3-28 13:20:28,1
B5G7P7LXSU,121.448,31.1076,214009,0,110,0,14-3-28 13:23:28,1
B5G7P7LXSU,121.448,31.1076,214009,0,110,0,14-3-28 13:26:28,1
B5G7P7LXSU,121.448,31.1076,214009,0,110,0,14-3-28 13:29:27,1
B5G7P7LXSU,121.448,31.1076,214009,0,110,0,14-3-28 13:32:27,1
B5G7P7LXSU,121.448,31.1076,214009,0,110,0,14-3-28 13:35:27,1
B5G7P7LXSU,121.448,31.1076,214009,0,110,0,14-3-28 13:38:27,1
B5G7P7LXSU,121.448,31.1076,214009,0,110,0,14-3-28 13:40:33,1
B5G7P7LXSU,121.448,31.1077,214009,0,150,0,14-3-28 13:43:33,1
B5G7P7LXSU,121.448,31.1077,214009,0,150,0,14-3-28 13:46:33,1
B5G7P7LXSU,121.448,31.1077,214009,0,150,0,14-3-28 13:49:33,1
B5G7P7LXSU,121.448,31.1077,214009,0,150,0,14-3-28 13:52:33,1
B5G7P7LXSU,121.448,31.1076,214009,0,145,0,14-3-28 13:54:3,1
B5G7P7LXSU,121.448,31.1076,214009,0,160,0,14-3-28 13:57:3,1
B5G7P7LXSU,121.448,31.1076,214009,0,160,0,14-3-28 14:0:3,1
B5G7P7LXSU,121.448,31.1076,214009,0,160,0,14-3-28 14:3:3,1
B5G7P7LXSU,121.448,31.1076,214009,0,160,0,14-3-28 14:6:3,1
B5G7P7LXSU,121.448,31.1076,214009,0,160,0,14-3-28 14:9:3,1
B5G7P7LXSU,121.448,31.1076,214009,0,160,0,14-3-28 14:12:3,1
B5G7P7LXSU,121.448,31.1076,214009,0,160,0,14-3-28 14:15:3,1
B5G7P7LXSU,121.448,31.1076,214009,0,160,0,14-3-28 14:18:3,1
B5G7P7LXSU,121.448,31.1076,214009,0,160,0,14-3-28 14:21:3,1
B5G7P7LXSU,121.448,31.1076,214009,0,160,0,14-3-28 14:24:3,1
B5G7P7LXSU,121.448,31.1076,214009,0,160,0,14-3-28 14:27:3,1
B5G7P7LXSU,121.448,31.1076,214009,0,160,0,14-3-28 14:30:3,1
B5G7P7LXSU,121.448,31.1076,214009,0,160,0,14-3-28 14:33:3,1
B5G7P7LXSU,121.448,31.1076,214009,0,160,0,14-3-28 14:36:3,1
B5G7P7LXSU,121.448,31.1076,214009,0,160,0,14-3-28 14:39:3,1
B5G7P7LXSU,121.448,31.1076,214009,0,160,0,14-3-28 14:42:3,1
B5G7P7LXSU,121.448,31.1076,214009,0,160,0,14-3-28 14:45:3,1
B5G7P7LXSU,121.448,31.1076,214009,0,160,0,14-3-28 14:48:3,1
B5G7P7LXSU,121.448,31.1076,214009,0,160,0,14-3-28 14:51:3,1
B5G7P7LXSU,121.448,31.1076,214009,0,160,0,14-3-28 14:54:3,1
B5G7P7LXSU,121.448,31.1076,214009,0,160,0,14-3-28 14:57:3,1
B5G7P7LXSU,121.448,31.1076,214009,0,160,0,14-3-28 15:0:3,1
B5G7P7LXSU,121.448,31.1076,214009,0,160,0,14-3-28 15:1:37,1
B5G7P7LXSU,121.449,31.1075,214009,1,35,0,14-3-28 15:3:7,1
B5G7P7LXSU,121.449,31.1073,214009,0,170,0,14-3-28 15:6:7,1
B5G7P7LXSU,121.449,31.1073,214009,0,170,0,14-3-28 15:9:7,1
B5G7P7LXSU,121.448,31.1073,214009,0,70,0,14-3-28 15:10:37,1
B5G7P7LXSU,121.449,31.1068,214009,0,90,0,14-3-28 15:12:7,1
B5G7P7LXSU,121.449,31.1068,214009,0,80,0,14-3-28 15:13:37,1
B5G7P7LXSU,121.45,31.1066,214009,0,95,0,14-3-28 15:15:7,1
B5G7P7LXSU,121.45,31.1041,214012,12,80,0,14-3-28 15:16:37,1
B5G7P7LXSU,121.451,31.1012,214015,11,80,0,14-3-28 15:18:7,1
B5G7P7LXSU,121.451,31.0977,214018,0,125,0,14-3-28 15:19:37,1
B5G7P7LXSU,121.449,31.0971,214020,11,130,0,14-3-28 15:21:7,1
B5G7P7LXSU,121.446,31.097,214022,5,130,0,14-3-28 15:22:37,1
B5G7P7LXSU,121.445,31.0968,214023,0,40,0,14-3-28 15:24:7,1
B5G7P7LXSU,121.442,31.0962,214025,12,125,0,14-3-28 15:25:37,1
B5G7P7LXSU,121.439,31.0957,214027,18,130,0,14-3-28 15:27:7,1
B5G7P7LXSU,121.434,31.0952,214031,20,130,0,14-3-28 15:28:37,1
B5G7P7LXSU,121.431,31.0948,214034,0,145,0,14-3-28 15:30:7,1
B5G7P7LXSU,121.427,31.0937,214038,24,120,0,14-3-28 15:31:37,1
B5G7P7LXSU,121.421,31.0919,214044,22,120,0,14-3-28 15:33:7,1
B5G7P7LXSU,121.415,31.0904,214049,3,130,0,14-3-28 15:34:37,1
B5G7P7LXSU,121.414,31.0901,214050,16,125,0,14-3-28 15:36:7,1
B5G7P7LXSU,121.409,31.0889,214054,0,175,0,14-3-28 15:37:37,1
B5G7P7LXSU,121.406,31.0888,214057,0,175,0,14-3-28 15:39:7,1
B5G7P7LXSU,121.404,31.0889,214059,25,135,0,14-3-28 15:40:37,1
B5G7P7LXSU,121.401,31.0887,214061,14,120,0,14-3-28 15:42:7,1
B5G7P7LXSU,121.4,31.09,214063,16,170,0,14-3-28 15:43:37,1
B5G7P7LXSU,121.399,31.0916,214065,0,100,0,14-3-28 15:45:7,1
B5G7P7LXSU,121.398,31.0939,214067,11,170,0,14-3-28 15:46:37,1
B5G7P7LXSU,121.397,31.0969,214070,16,170,0,14-3-28 15:48:7,1
B5G7P7LXSU,121.396,31.0992,214072,11,165,0,14-3-28 15:49:37,1
B5G7P7LXSU,121.395,31.1029,214076,29,165,0,14-3-28 15:51:7,1
B5G7P7LXSU,121.392,31.1079,214082,16,165,0,14-3-28 15:52:37,1
B5G7P7LXSU,121.39,31.1107,214085,20,165,0,14-3-28 15:54:7,1
B5G7P7LXSU,121.389,31.1131,214087,14,160,0,14-3-28 15:55:37,1
B5G7P7LXSU,121.386,31.1182,214094,27,165,0,14-3-28 15:57:7,1
B5G7P7LXSU,121.38,31.1207,214102,44,125,0,14-3-28 15:58:37,1
B5G7P7LXSU,121.369,31.1201,214111,35,130,0,14-3-28 16:0:7,1
B5G7P7LXSU,121.361,31.118,214119,31,125,0,14-3-28 16:1:37,1
B5G7P7LXSU,121.353,31.1152,214127,42,120,0,14-3-28 16:3:8,1
B5G7P7LXSU,121.342,31.1094,214139,46,110,0,14-3-28 16:4:38,1
B5G7P7LXSU,121.334,31.1012,214151,51,105,0,14-3-28 16:6:8,1
B5G7P7LXSU,121.325,31.0927,214163,46,105,0,14-3-28 16:7:38,1
B5G7P7LXSU,121.317,31.0835,214176,57,105,0,14-3-28 16:9:7,1
B5G7P7LXSU,121.31,31.0772,214185,0,75,0,14-3-28 16:10:37,1
B5G7P7LXSU,121.307,31.0719,214191,40,105,0,14-3-28 16:12:8,1
B5G7P7LXSU,121.298,31.0667,214203,50,165,0,14-3-28 16:13:38,1
B5G7P7LXSU,121.296,31.0759,214213,44,175,0,14-3-28 16:15:8,1
B5G7P7LXSU,121.295,31.0867,214225,46,175,0,14-3-28 16:16:38,1
B5G7P7LXSU,121.294,31.0973,214236,48,175,0,14-3-28 16:18:8,1
B5G7P7LXSU,121.296,31.1087,214249,50,5,0,14-3-28 16:19:38,1
B5G7P7LXSU,121.299,31.1197,214261,53,0,0,14-3-28 16:21:7,1
B5G7P7LXSU,121.3,31.1315,214274,51,0,0,14-3-28 16:22:38,1
B5G7P7LXSU,121.296,31.1426,214287,51,160,0,14-3-28 16:24:8,1
B5G7P7LXSU,121.288,31.1521,214300,53,160,0,14-3-28 16:25:38,1
B5G7P7LXSU,121.281,31.1624,214313,48,165,0,14-3-28 16:27:8,1
B5G7P7LXSU,121.277,31.1712,214323,37,165,0,14-3-28 16:28:38,1
B5G7P7LXSU,121.271,31.1815,214335,59,165,0,14-3-28 16:30:8,1
B5G7P7LXSU,121.265,31.1937,214350,55,165,0,14-3-28 16:31:38,1
B5G7P7LXSU,121.26,31.2033,214361,29,165,0,14-3-28 16:33:8,1
B5G7P7LXSU,121.256,31.21,214369,33,165,0,14-3-28 16:34:38,1
B5G7P7LXSU,121.252,31.2175,214378,31,165,0,14-3-28 16:36:8,1
B5G7P7LXSU,121.246,31.2258,214388,51,160,0,14-3-28 16:37:38,1
B5G7P7LXSU,121.238,31.2357,214402,53,165,0,14-3-28 16:39:8,1
B5G7P7LXSU,121.237,31.2474,214414,50,0,0,14-3-28 16:40:38,1
B5G7P7LXSU,121.24,31.2531,214422,24,70,0,14-3-28 16:42:8,1
B5G7P7LXSU,121.231,31.2521,214432,44,130,0,14-3-28 16:43:38,1
B5G7P7LXSU,121.216,31.2523,214446,62,135,0,14-3-28 16:45:8,1
B5G7P7LXSU,121.198,31.2534,214462,66,135,0,14-3-28 16:46:38,1
B5G7P7LXSU,121.181,31.2557,214478,53,140,0,14-3-28 16:48:8,1
B5G7P7LXSU,121.168,31.262,214492,61,150,0,14-3-28 16:49:38,1
B5G7P7LXSU,121.156,31.2735,214509,70,160,0,14-3-28 16:51:8,1
B5G7P7LXSU,121.147,31.2835,214522,48,155,0,14-3-28 16:52:38,1
B5G7P7LXSU,121.141,31.2896,214531,9,150,0,14-3-28 16:54:8,1
B5G7P7LXSU,121.141,31.2901,214531,0,10,0,14-3-28 16:55:38,1
B5G7P7LXSU,121.136,31.2929,214536,44,150,0,14-3-28 16:57:8,1
B5G7P7LXSU,121.124,31.2982,214549,59,140,0,14-3-28 16:58:38,1
B5G7P7LXSU,121.109,31.3026,214564,66,145,0,14-3-28 17:0:8,1
B5G7P7LXSU,121.094,31.311,214580,62,155,0,14-3-28 17:1:38,1
B5G7P7LXSU,121.08,31.3201,214597,66,145,0,14-3-28 17:3:8,1
B5G7P7LXSU,121.064,31.3247,214613,59,145,0,14-3-28 17:4:38,1
B5G7P7LXSU,121.049,31.3302,214628,57,140,0,14-3-28 17:6:8,1
B5G7P7LXSU,121.033,31.3331,214643,64,135,0,14-3-28 17:7:38,1
B5G7P7LXSU,121.015,31.3334,214660,68,130,0,14-3-28 17:9:8,1
B5G7P7LXSU,120.997,31.3346,214677,59,135,0,14-3-28 17:10:38,1
B5G7P7LXSU,120.982,31.338,214692,64,140,0,14-3-28 17:12:8,1
B5G7P7LXSU,120.966,31.3437,214708,66,145,0,14-3-28 17:13:38,1
B5G7P7LXSU,120.949,31.3474,214724,66,135,0,14-3-28 17:15:8,1
B5G7P7LXSU,120.932,31.3472,214740,64,130,0,14-3-28 17:16:38,1
B5G7P7LXSU,120.915,31.3488,214756,62,140,0,14-3-28 17:18:8,1
B5G7P7LXSU,120.898,31.3519,214772,64,135,0,14-3-28 17:19:38,1
B5G7P7LXSU,120.881,31.3528,214788,66,130,0,14-3-28 17:21:8,1
B5G7P7LXSU,120.865,31.3518,214803,59,130,0,14-3-28 17:22:38,1
B5G7P7LXSU,120.848,31.3527,214819,66,135,0,14-3-28 17:24:8,1
B5G7P7LXSU,120.832,31.3544,214833,61,135,0,14-3-28 17:25:38,1
B5G7P7LXSU,120.816,31.3582,214849,64,145,0,14-3-28 17:27:8,1
B5G7P7LXSU,120.8,31.3659,214866,62,150,0,14-3-28 17:28:38,1
B5G7P7LXSU,120.785,31.3709,214882,59,135,0,14-3-28 17:30:8,1
B5G7P7LXSU,120.77,31.3711,214895,31,130,0,14-3-28 17:31:38,1
B5G7P7LXSU,120.765,31.3706,214900,0,110,0,14-3-28 17:34:38,1
B5G7P7LXSU,120.765,31.3706,214900,0,110,0,14-3-28 17:37:38,1
B5G7P7LXSU,120.765,31.3706,214900,0,110,0,14-3-28 17:40:38,1
B5G7P7LXSU,120.765,31.3706,214900,0,110,0,14-3-28 17:43:38,1
B5G7P7LXSU,120.765,31.3706,214900,0,110,0,14-3-28 17:46:38,1
B5G7P7LXSU,120.765,31.3706,214900,0,110,0,14-3-28 17:49:38,1
B5G7P7LXSU,120.765,31.3706,214900,0,110,0,14-3-28 17:52:38,1
B5G7P7LXSU,120.765,31.3706,214900,0,110,0,14-3-28 17:55:38,1
B5G7P7LXSU,120.765,31.3706,214900,0,110,0,14-3-28 17:58:38,1
B5G7P7LXSU,120.765,31.3706,214900,0,110,0,14-3-28 18:1:38,1
B5G7P7LXSU,120.765,31.3706,214900,0,110,0,14-3-28 18:4:38,1
B5G7P7LXSU,120.765,31.3706,214900,0,110,0,14-3-28 18:7:38,1
B5G7P7LXSU,120.765,31.3706,214900,0,110,0,14-3-28 18:10:38,1
B5G7P7LXSU,120.765,31.3706,214900,0,110,0,14-3-28 18:13:38,1
B5G7P7LXSU,120.765,31.3706,214900,0,110,0,14-3-28 18:16:38,1
B5G7P7LXSU,120.765,31.3706,214900,0,110,0,14-3-28 18:19:38,1
B5G7P7LXSU,120.765,31.3706,214900,0,110,0,14-3-28 18:22:38,1
B5G7P7LXSU,120.765,31.3706,214900,0,110,0,14-3-28 18:25:37,1
B5G7P7LXSU,120.765,31.3706,214900,0,110,0,14-3-28 18:28:37,1
B5G7P7LXSU,120.765,31.3706,214900,0,110,0,14-3-28 18:31:37,1
B5G7P7LXSU,120.765,31.3706,214900,0,110,0,14-3-28 18:34:37,1
B5G7P7LXSU,120.765,31.3706,214900,0,110,0,14-3-28 18:37:37,1
B5G7P7LXSU,120.765,31.3706,214900,0,110,0,14-3-28 18:40:37,1
B5G7P7LXSU,120.765,31.3706,214900,0,110,0,14-3-28 18:43:37,1
B5G7P7LXSU,120.765,31.3706,214900,0,110,0,14-3-28 18:46:37,1
B5G7P7LXSU,120.765,31.3706,214900,0,110,0,14-3-28 18:49:36,1
B5G7P7LXSU,120.765,31.3706,214900,0,110,0,14-3-28 18:52:36,1
B5G7P7LXSU,120.765,31.3706,214900,0,110,0,14-3-28 18:55:36,1
B5G7P7LXSU,120.765,31.3706,214900,0,110,0,14-3-28 18:58:36,1
B5G7P7LXSU,120.765,31.3706,214900,0,110,0,14-3-28 19:1:36,1
B5G7P7LXSU,120.765,31.3706,214900,0,110,0,14-3-28 19:4:37,1
B5G7P7LXSU,120.765,31.3706,214900,0,110,0,14-3-28 19:7:36,1
B5G7P7LXSU,120.765,31.3706,214900,0,110,0,14-3-28 19:10:36,1
B5G7P7LXSU,120.765,31.3706,214900,0,110,0,14-3-28 19:13:36,1
B5G7P7LXSU,120.765,31.3706,214900,0,110,0,14-3-28 19:16:37,1
B5G7P7LXSU,120.765,31.3706,214900,0,110,0,14-3-28 19:19:37,1
B5G7P7LXSU,120.765,31.3706,214900,0,110,0,14-3-28 19:22:37,1
B5G7P7LXSU,120.765,31.3706,214900,0,110,0,14-3-28 19:25:37,1
B5G7P7LXSU,120.765,31.3706,214900,0,110,0,14-3-28 19:28:37,1
B5G7P7LXSU,120.765,31.3706,214900,0,110,0,14-3-28 19:31:37,1
B5G7P7LXSU,120.765,31.3706,214900,0,110,0,14-3-28 19:34:37,1
B5G7P7LXSU,120.765,31.3706,214900,0,110,0,14-3-28 19:37:37,1
B5G7P7LXSU,120.765,31.3706,214900,0,110,0,14-3-28 19:40:37,1
B5G7P7LXSU,120.765,31.3706,214900,0,110,0,14-3-28 19:43:37,1
B5G7P7LXSU,120.765,31.3706,214900,0,110,0,14-3-28 19:46:37,1
B5G7P7LXSU,120.765,31.3706,214900,0,110,0,14-3-28 19:49:37,1
B5G7P7LXSU,120.765,31.3706,214900,0,110,0,14-3-28 19:52:37,1
B5G7P7LXSU,120.765,31.3706,214900,0,110,0,14-3-28 19:55:37,1
B5G7P7LXSU,120.765,31.3706,214900,0,110,0,14-3-28 19:58:37,1
B5G7P7LXSU,120.765,31.3706,214900,0,110,0,14-3-28 20:1:37,1
B5G7P7LXSU,120.765,31.3706,214900,0,110,0,14-3-28 20:4:37,1
B5G7P7LXSU,120.765,31.3706,214900,0,110,0,14-3-28 20:7:37,1
B5G7P7LXSU,120.765,31.3706,214900,0,110,0,14-3-28 20:10:37,1
B5G7P7LXSU,120.765,31.3706,214900,0,110,0,14-3-28 20:13:37,1
B5G7P7LXSU,120.765,31.3706,214900,0,110,0,14-3-28 20:16:37,1
B5G7P7LXSU,120.765,31.3706,214900,0,110,0,14-3-28 20:19:37,1
B5G7P7LXSU,120.765,31.3706,214900,0,110,0,14-3-28 20:22:37,1
B5G7P7LXSU,120.765,31.3706,214900,0,110,0,14-3-28 20:25:37,1
B5G7P7LXSU,120.765,31.3706,214900,0,110,0,14-3-28 20:28:37,1
B5G7P7LXSU,120.765,31.3706,214900,0,110,0,14-3-28 20:31:37,1
B5G7P7LXSU,120.765,31.3706,214900,0,110,0,14-3-28 20:34:37,1
B5G7P7LXSU,120.765,31.3706,214900,0,110,0,14-3-28 20:37:37,1
B5G7P7LXSU,120.765,31.3706,214900,0,110,0,14-3-28 20:40:37,1
B5G7P7LXSU,120.765,31.3706,214900,0,110,0,14-3-28 20:43:37,1
B5G7P7LXSU,120.765,31.3706,214900,0,110,0,14-3-28 20:46:37,1
B5G7P7LXSU,120.765,31.3706,214900,0,110,0,14-3-28 20:49:7,1
B5G7P7LXSU,120.765,31.3706,214900,0,25,0,14-3-28 20:50:36,1
B5G7P7LXSU,120.766,31.3706,214900,0,105,0,14-3-28 20:52:6,1
B5G7P7LXSU,120.766,31.3704,214900,0,95,0,14-3-28 20:53:36,1
B5G7P7LXSU,120.765,31.3702,214900,0,50,0,14-3-28 20:55:6,1
B5G7P7LXSU,120.765,31.3703,214900,0,115,0,14-3-28 20:56:36,1
B5G7P7LXSU,120.762,31.3694,214903,20,120,0,14-3-28 20:58:6,1
B5G7P7LXSU,120.754,31.3663,214911,46,120,0,14-3-28 20:59:36,1
B5G7P7LXSU,120.74,31.3614,214925,61,120,0,14-3-28 21:1:6,1
B5G7P7LXSU,120.724,31.3565,214941,61,125,0,14-3-28 21:2:36,1
B5G7P7LXSU,120.708,31.354,214956,61,130,0,14-3-28 21:4:6,1
B5G7P7LXSU,120.691,31.3524,214972,66,125,0,14-3-28 21:5:36,1
B5G7P7LXSU,120.674,31.3487,214988,68,125,0,14-3-28 21:7:6,1
B5G7P7LXSU,120.656,31.3474,215005,68,135,0,14-3-28 21:8:36,1
B5G7P7LXSU,120.638,31.3493,215022,68,135,0,14-3-28 21:10:6,1
B5G7P7LXSU,120.62,31.3511,215039,66,135,0,14-3-28 21:11:36,1
B5G7P7LXSU,120.602,31.3505,215055,66,130,0,14-3-28 21:13:6,1
B5G7P7LXSU,120.584,31.3506,215072,68,135,0,14-3-28 21:14:36,1
B5G7P7LXSU,120.567,31.3548,215089,66,145,0,14-3-28 21:16:6,1
B5G7P7LXSU,120.552,31.3635,215105,64,155,0,14-3-28 21:17:36,1
B5G7P7LXSU,120.544,31.3771,215122,70,170,0,14-3-28 21:19:6,1
B5G7P7LXSU,120.538,31.3923,215139,68,165,0,14-3-28 21:20:36,1
B5G7P7LXSU,120.531,31.4051,215155,57,160,0,14-3-28 21:22:6,1
B5G7P7LXSU,120.523,31.4172,215170,61,165,0,14-3-28 21:23:36,1
B5G7P7LXSU,120.517,31.431,215186,66,165,0,14-3-28 21:25:6,1
B5G7P7LXSU,120.509,31.4442,215202,66,160,0,14-3-28 21:26:36,1
B5G7P7LXSU,120.497,31.4554,215218,62,155,0,14-3-28 21:28:6,1
B5G7P7LXSU,120.486,31.4667,215235,66,160,0,14-3-28 21:29:36,1
B5G7P7LXSU,120.477,31.4794,215250,64,165,0,14-3-28 21:31:6,1
B5G7P7LXSU,120.467,31.4911,215266,66,160,0,14-3-28 21:32:36,1
B5G7P7LXSU,120.457,31.5038,215283,68,160,0,14-3-28 21:34:6,1
B5G7P7LXSU,120.445,31.5144,215299,68,150,0,14-3-28 21:35:36,1
B5G7P7LXSU,120.43,31.5232,215316,66,150,0,14-3-28 21:37:6,1
B5G7P7LXSU,120.416,31.5331,215332,64,150,0,14-3-28 21:38:36,1
B5G7P7LXSU,120.403,31.543,215349,68,155,0,14-3-28 21:40:6,1
B5G7P7LXSU,120.393,31.5557,215366,64,165,0,14-3-28 21:41:36,1
B5G7P7LXSU,120.388,31.5707,215382,68,170,0,14-3-28 21:43:6,1
B5G7P7LXSU,120.381,31.5848,215399,68,160,0,14-3-28 21:44:36,1
B5G7P7LXSU,120.371,31.5979,215416,66,160,0,14-3-28 21:46:6,1
B5G7P7LXSU,120.357,31.6087,215433,68,150,0,14-3-28 21:47:36,1
B5G7P7LXSU,120.343,31.6182,215450,68,155,0,14-3-28 21:49:6,1
B5G7P7LXSU,120.332,31.6304,215467,66,160,0,14-3-28 21:50:36,1
B5G7P7LXSU,120.322,31.6433,215484,68,155,0,14-3-28 21:52:6,1
B5G7P7LXSU,120.307,31.6529,215501,68,150,0,14-3-28 21:53:36,1
B5G7P7LXSU,120.293,31.6612,215517,62,155,0,14-3-28 21:55:6,1
B5G7P7LXSU,120.281,31.673,215533,68,155,0,14-3-28 21:56:36,1
B5G7P7LXSU,120.15,31.7252,215671,66,155,0,14-3-28 22:8:49,1
B5G7P7LXSU,120.136,31.7343,215687,66,150,0,14-3-28 22:10:18,1
B5G7P7LXSU,120.12,31.7424,215704,68,150,0,14-3-28 22:11:48,1
B5G7P7LXSU,120.106,31.7523,215721,68,155,0,14-3-28 22:13:18,1
B5G7P7LXSU,120.095,31.7642,215738,68,160,0,14-3-28 22:14:48,1
B5G7P7LXSU,120.085,31.7772,215754,66,160,0,14-3-28 22:16:18,1
B5G7P7LXSU,120.074,31.7894,215771,62,155,0,14-3-28 22:17:48,1
B5G7P7LXSU,120.06,31.7994,215788,68,155,0,14-3-28 22:19:19,1
B5G7P7LXSU,120.046,31.8087,215805,66,150,0,14-3-28 22:20:48,1
B5G7P7LXSU,120.03,31.8162,215822,66,150,0,14-3-28 22:22:19,1
B5G7P7LXSU,120.016,31.8253,215838,68,150,0,14-3-28 22:23:49,1
B5G7P7LXSU,120.001,31.8349,215855,68,150,0,14-3-28 22:25:19,1
B5G7P7LXSU,119.986,31.8425,215872,66,145,0,14-3-28 22:26:49,1
B5G7P7LXSU,119.969,31.8479,215889,68,140,0,14-3-28 22:28:19,1
B5G7P7LXSU,119.951,31.8518,215905,68,140,0,14-3-28 22:29:48,1
B5G7P7LXSU,119.935,31.8589,215922,66,150,0,14-3-28 22:31:19,1
B5G7P7LXSU,119.92,31.8663,215939,68,145,0,14-3-28 22:32:49,1
B5G7P7LXSU,119.903,31.8727,215956,68,145,0,14-3-28 22:34:19,1
B5G7P7LXSU,119.887,31.8808,215973,66,150,0,14-3-28 22:35:49,1
B5G7P7LXSU,119.871,31.8881,215990,68,145,0,14-3-28 22:37:19,1
B5G7P7LXSU,119.855,31.8946,216006,68,150,0,14-3-28 22:38:49,1
B5G7P7LXSU,119.84,31.904,216024,70,150,0,14-3-28 22:40:19,1
B5G7P7LXSU,119.824,31.9105,216040,66,140,0,14-3-28 22:41:49,1
B5G7P7LXSU,119.807,31.9159,216057,66,145,0,14-3-28 22:43:19,1
B5G7P7LXSU,119.791,31.9238,216074,68,150,0,14-3-28 22:44:49,1
B5G7P7LXSU,119.776,31.9321,216091,66,145,0,14-3-28 22:46:19,1
B5G7P7LXSU,119.759,31.9384,216108,70,145,0,14-3-28 22:47:49,1
B5G7P7LXSU,119.742,31.9445,216125,68,145,0,14-3-28 22:49:19,1
B5G7P7LXSU,119.725,31.9507,216142,68,145,0,14-3-28 22:50:49,1
B5G7P7LXSU,119.71,31.9582,216158,64,150,0,14-3-28 22:52:19,1
B5G7P7LXSU,119.696,31.9674,216175,66,150,0,14-3-28 22:53:49,1
B5G7P7LXSU,119.682,31.977,216191,68,150,0,14-3-28 22:55:19,1
B5G7P7LXSU,119.67,31.9883,216207,64,160,0,14-3-28 22:56:49,1
B5G7P7LXSU,119.66,32.0006,216224,70,160,0,14-3-28 22:58:19,1
B5G7P7LXSU,119.648,32.0116,216240,66,155,0,14-3-28 22:59:49,1
B5G7P7LXSU,119.633,32.0212,216257,68,150,0,14-3-28 23:1:19,1
B5G7P7LXSU,119.619,32.0302,216274,68,150,0,14-3-28 23:2:49,1
B5G7P7LXSU,119.603,32.0372,216290,68,145,0,14-3-28 23:4:19,1
B5G7P7LXSU,119.585,32.0415,216307,68,140,0,14-3-28 23:5:49,1
B5G7P7LXSU,119.567,32.043,216324,70,130,0,14-3-28 23:7:19,1
B5G7P7LXSU,119.549,32.0438,216341,66,140,0,14-3-28 23:8:49,1
B5G7P7LXSU,119.531,32.0468,216358,64,135,0,14-3-28 23:10:19,1
B5G7P7LXSU,119.514,32.0476,216374,68,135,0,14-3-28 23:11:49,1
B5G7P7LXSU,119.496,32.0502,216390,66,140,0,14-3-28 23:13:19,1
B5G7P7LXSU,119.48,32.0553,216407,64,140,0,14-3-28 23:14:49,1
B5G7P7LXSU,119.462,32.0569,216423,64,130,0,14-3-28 23:16:19,1
B5G7P7LXSU,119.446,32.0551,216438,68,130,0,14-3-28 23:17:48,1
B5G7P7LXSU,119.427,32.0545,216455,70,130,0,14-3-28 23:19:18,1
B5G7P7LXSU,119.409,32.0521,216472,68,125,0,14-3-28 23:20:48,1
B5G7P7LXSU,119.393,32.0464,216489,61,125,0,14-3-28 23:22:18,1
B5G7P7LXSU,119.376,32.043,216505,66,130,0,14-3-28 23:23:48,1
B5G7P7LXSU,119.358,32.0411,216522,70,125,0,14-3-28 23:25:18,1
B5G7P7LXSU,119.34,32.0385,216539,66,130,0,14-3-28 23:26:48,1
B5G7P7LXSU,119.321,32.0391,216556,66,130,0,14-3-28 23:28:18,1
B5G7P7LXSU,119.301,32.0383,216574,66,135,0,14-3-28 23:29:48,1
B5G7P7LXSU,119.283,32.0397,216591,68,135,0,14-3-28 23:31:18,1
B5G7P7LXSU,119.266,32.0407,216608,62,140,0,14-3-28 23:32:48,1
B5G7P7LXSU,119.247,32.0415,216625,68,130,0,14-3-28 23:34:18,1
B5G7P7LXSU,119.231,32.0432,216640,68,140,0,14-3-28 23:35:48,1
B5G7P7LXSU,119.214,32.0454,216656,62,135,0,14-3-28 23:37:18,1
B5G7P7LXSU,119.196,32.0456,216673,68,135,0,14-3-28 23:38:48,1
B5G7P7LXSU,119.176,32.0474,216691,68,130,0,14-3-28 23:40:18,1
B5G7P7LXSU,119.158,32.0481,216708,64,135,0,14-3-28 23:41:48,1
B5G7P7LXSU,119.141,32.0481,216724,57,130,0,14-3-28 23:43:18,1
B5G7P7LXSU,119.124,32.0489,216739,64,140,0,14-3-28 23:44:48,1
B5G7P7LXSU,119.107,32.0505,216755,68,135,0,14-3-28 23:46:18,1
B5G7P7LXSU,119.088,32.0542,216773,66,145,0,14-3-28 23:47:48,1
B5G7P7LXSU,119.072,32.0614,216790,70,145,0,14-3-28 23:49:18,1
B5G7P7LXSU,119.055,32.0645,216807,64,135,0,14-3-28 23:50:48,1
B5G7P7LXSU,119.038,32.0631,216822,59,125,0,14-3-28 23:52:18,1
B5G7P7LXSU,119.023,32.059,216836,51,125,0,14-3-28 23:53:48,1
B5G7P7LXSU,119.008,32.0572,216850,57,130,0,14-3-28 23:55:18,1
B5G7P7LXSU,118.992,32.0605,216866,81,145,0,14-3-28 23:56:48,1
B5G7P7LXSU,118.972,32.0632,216885,72,135,0,14-3-28 23:58:18,1
B5G7P7LXSU,118.954,32.0662,216902,64,140,0,14-3-28 23:59:48,1
B5G7P7LXSU,118.937,32.0696,216918,62,135,0,14-3-29 0:1:18,1
B5G7P7LXSU,118.921,32.0684,216933,62,125,0,14-3-29 0:2:48,1
B5G7P7LXSU,118.908,32.0661,216945,22,130,0,14-3-29 0:4:18,1
B5G7P7LXSU,118.907,32.0662,216946,0,60,0,14-3-29 0:5:48,1
B5G7P7LXSU,118.908,32.0662,216946,0,120,0,14-3-29 0:7:18,1
B5G7P7LXSU,118.907,32.0662,216946,0,0,0,14-3-29 0:8:48,1
B5G7P7LXSU,118.906,32.0661,216946,0,75,0,14-3-29 0:10:18,1
B5G7P7LXSU,118.903,32.0654,216948,25,130,0,14-3-29 0:11:48,1
B5G7P7LXSU,118.893,32.0654,216958,50,140,0,14-3-29 0:13:18,1
B5G7P7LXSU,118.884,32.0727,216969,53,160,0,14-3-29 0:14:48,1
B5G7P7LXSU,118.876,32.0834,216983,61,165,0,14-3-29 0:16:18,1
B5G7P7LXSU,118.871,32.0944,216996,31,170,0,14-3-29 0:17:48,1
B5G7P7LXSU,118.868,32.1038,217006,61,170,0,14-3-29 0:19:18,1
B5G7P7LXSU,118.861,32.1179,217023,72,160,0,14-3-29 0:20:48,1
B5G7P7LXSU,118.851,32.1312,217040,55,165,0,14-3-29 0:22:18,1
B5G7P7LXSU,118.848,32.1387,217049,0,155,0,14-3-29 0:23:48,1
B5G7P7LXSU,118.848,32.1389,217049,0,0,0,14-3-29 0:25:18,1
B5G7P7LXSU,118.848,32.1393,217049,0,170,0,14-3-29 0:26:48,1
B5G7P7LXSU,118.847,32.1409,217050,16,165,0,14-3-29 0:28:18,1
B5G7P7LXSU,118.844,32.1491,217059,50,170,0,14-3-29 0:29:48,1
B5G7P7LXSU,118.838,32.1596,217072,40,165,0,14-3-29 0:31:18,1
B5G7P7LXSU,118.832,32.1701,217085,74,165,0,14-3-29 0:32:48,1
B5G7P7LXSU,118.821,32.1838,217102,62,160,0,14-3-29 0:34:18,1
B5G7P7LXSU,118.81,32.1958,217119,70,160,0,14-3-29 0:35:48,1
B5G7P7LXSU,118.802,32.2103,217137,70,170,0,14-3-29 0:37:18,1
B5G7P7LXSU,118.795,32.2237,217153,44,165,0,14-3-29 0:38:48,1
B5G7P7LXSU,118.787,32.2354,217167,79,160,0,14-3-29 0:40:18,1
B5G7P7LXSU,118.776,32.2461,217183,50,150,0,14-3-29 0:41:48,1
B5G7P7LXSU,118.765,32.252,217195,42,140,0,14-3-29 0:43:18,1
B5G7P7LXSU,118.752,32.2602,217210,66,150,0,14-3-29 0:44:48,1
B5G7P7LXSU,118.736,32.2691,217227,74,145,0,14-3-29 0:46:18,1
B5G7P7LXSU,118.718,32.2735,217245,74,135,0,14-3-29 0:47:48,1
B5G7P7LXSU,118.699,32.2751,217263,70,135,0,14-3-29 0:49:18,1
B5G7P7LXSU,118.68,32.2783,217281,70,140,0,14-3-29 0:50:48,1
B5G7P7LXSU,118.664,32.2848,217298,64,145,0,14-3-29 0:52:18,1
B5G7P7LXSU,118.646,32.291,217315,72,140,0,14-3-29 0:53:48,1
B5G7P7LXSU,118.628,32.2928,217333,66,130,0,14-3-29 0:55:18,1
B5G7P7LXSU,118.609,32.2923,217349,66,130,0,14-3-29 0:56:48,1
B5G7P7LXSU,118.593,32.2925,217365,50,135,0,14-3-29 0:58:18,1
B5G7P7LXSU,118.584,32.2942,217373,9,150,0,14-3-29 0:59:48,1
B5G7P7LXSU,118.584,32.2945,217373,0,115,0,14-3-29 1:2:48,1
B5G7P7LXSU,118.584,32.2945,217373,0,115,0,14-3-29 1:5:48,1
B5G7P7LXSU,118.584,32.2945,217373,0,115,0,14-3-29 1:8:48,1
B5G7P7LXSU,118.584,32.2945,217373,0,115,0,14-3-29 1:11:48,1
B5G7P7LXSU,118.584,32.2945,217373,0,115,0,14-3-29 1:14:48,1
B5G7P7LXSU,118.584,32.2945,217373,0,115,0,14-3-29 1:17:48,1
B5G7P7LXSU,118.584,32.2945,217373,0,115,0,14-3-29 1:20:48,1
B5G7P7LXSU,118.583,32.2948,217373,5,150,0,14-3-29 1:22:18,1
B5G7P7LXSU,118.582,32.2951,217374,0,135,0,14-3-29 1:23:48,1
B5G7P7LXSU,118.581,32.2955,217375,0,170,0,14-3-29 1:25:18,1
B5G7P7LXSU,118.581,32.2955,217375,0,25,0,14-3-29 1:26:48,1
B5G7P7LXSU,118.581,32.2956,217375,0,140,0,14-3-29 1:28:18,1
B5G7P7LXSU,118.577,32.2962,217378,35,145,0,14-3-29 1:29:49,1
B5G7P7LXSU,118.565,32.3009,217390,66,145,0,14-3-29 1:31:18,1
B5G7P7LXSU,118.551,32.3092,217405,62,155,0,14-3-29 1:32:49,1
B5G7P7LXSU,118.539,32.318,217420,61,155,0,14-3-29 1:34:18,1
B5G7P7LXSU,118.525,32.3263,217436,66,150,0,14-3-29 1:35:48,1
B5G7P7LXSU,118.51,32.334,217452,68,145,0,14-3-29 1:37:18,1
B5G7P7LXSU,118.494,32.3406,217469,72,145,0,14-3-29 1:38:48,1
B5G7P7LXSU,118.476,32.3454,217486,68,140,0,14-3-29 1:40:18,1
B5G7P7LXSU,118.459,32.3483,217502,64,140,0,14-3-29 1:41:48,1
B5G7P7LXSU,118.442,32.3527,217518,61,145,0,14-3-29 1:43:18,1
B5G7P7LXSU,118.425,32.3585,217535,75,145,0,14-3-29 1:44:48,1
B5G7P7LXSU,118.408,32.366,217553,74,145,0,14-3-29 1:46:19,1
B5G7P7LXSU,118.393,32.3749,217570,62,155,0,14-3-29 1:47:49,1
B5G7P7LXSU,118.381,32.3862,217586,70,155,0,14-3-29 1:49:18,1
B5G7P7LXSU,118.369,32.3983,217604,66,160,0,14-3-29 1:50:49,1
B5G7P7LXSU,118.36,32.4115,217620,72,165,0,14-3-29 1:52:19,1
B5G7P7LXSU,118.35,32.4253,217638,59,160,0,14-3-29 1:53:49,1
B5G7P7LXSU,118.337,32.4363,217655,70,150,0,14-3-29 1:55:19,1
B5G7P7LXSU,118.319,32.4462,217675,81,150,0,14-3-29 1:56:49,1
B5G7P7LXSU,118.306,32.4584,217693,72,160,0,14-3-29 1:58:19,1
B5G7P7LXSU,118.298,32.4693,217707,61,165,0,14-3-29 1:59:49,1
B5G7P7LXSU,118.289,32.4827,217723,68,165,0,14-3-29 2:1:19,1
B5G7P7LXSU,118.282,32.4975,217741,72,165,0,14-3-29 2:2:49,1
B5G7P7LXSU,118.273,32.5113,217758,70,160,0,14-3-29 2:4:19,1
B5G7P7LXSU,118.259,32.5223,217776,70,150,0,14-3-29 2:5:49,1
B5G7P7LXSU,118.246,32.5347,217794,70,160,0,14-3-29 2:7:19,1
B5G7P7LXSU,118.237,32.548,217810,62,160,0,14-3-29 2:8:49,1
B5G7P7LXSU,118.227,32.561,217827,68,160,0,14-3-29 2:10:19,1
B5G7P7LXSU,118.217,32.5759,217846,66,165,0,14-3-29 2:11:49,1
B5G7P7LXSU,118.211,32.5868,217859,51,165,0,14-3-29 2:13:19,1
B5G7P7LXSU,118.201,32.5997,217876,66,160,0,14-3-29 2:14:49,1
B5G7P7LXSU,118.19,32.6133,217894,75,160,0,14-3-29 2:16:19,1
B5G7P7LXSU,118.181,32.6278,217912,61,165,0,14-3-29 2:17:49,1
B5G7P7LXSU,118.175,32.6433,217929,77,170,0,14-3-29 2:19:19,1
B5G7P7LXSU,118.168,32.6594,217948,90,160,0,14-3-29 2:20:49,1
B5G7P7LXSU,118.156,32.6732,217967,66,155,0,14-3-29 2:22:19,1
B5G7P7LXSU,118.143,32.6841,217983,64,155,0,14-3-29 2:23:49,1
B5G7P7LXSU,118.129,32.6944,218001,74,150,0,14-3-29 2:25:19,1
B5G7P7LXSU,118.112,32.7065,218021,72,150,0,14-3-29 2:26:49,1
B5G7P7LXSU,118.097,32.7168,218039,77,155,0,14-3-29 2:28:19,1
B5G7P7LXSU,118.083,32.7302,218059,75,160,0,14-3-29 2:29:49,1
B5G7P7LXSU,118.073,32.7444,218077,74,165,0,14-3-29 2:31:19,1
B5G7P7LXSU,118.061,32.7581,218095,70,155,0,14-3-29 2:32:49,1
B5G7P7LXSU,118.05,32.7719,218114,74,160,0,14-3-29 2:34:19,1
B5G7P7LXSU,118.039,32.786,218132,70,160,0,14-3-29 2:35:49,1
B5G7P7LXSU,118.024,32.7972,218150,77,150,0,14-3-29 2:37:19,1
B5G7P7LXSU,118.006,32.8058,218169,75,145,0,14-3-29 2:38:50,1
B5G7P7LXSU,117.988,32.8109,218187,68,145,0,14-3-29 2:40:20,1
B5G7P7LXSU,117.971,32.8192,218205,70,150,0,14-3-29 2:41:50,1
B5G7P7LXSU,117.958,32.8304,218222,59,155,0,14-3-29 2:43:20,1
B5G7P7LXSU,117.944,32.8386,218238,61,145,0,14-3-29 2:44:50,1
B5G7P7LXSU,117.927,32.845,218255,72,145,0,14-3-29 2:46:20,1
B5G7P7LXSU,117.912,32.8493,218270,50,140,0,14-3-29 2:47:50,1
B5G7P7LXSU,117.896,32.8525,218284,72,140,0,14-3-29 2:49:20,1
B5G7P7LXSU,117.878,32.8575,218302,72,140,0,14-3-29 2:50:50,1
B5G7P7LXSU,117.858,32.8616,218321,81,140,0,14-3-29 2:52:20,1
B5G7P7LXSU,117.84,32.8689,218339,70,150,0,14-3-29 2:53:50,1
B5G7P7LXSU,117.826,32.8787,218356,64,155,0,14-3-29 2:55:20,1
B5G7P7LXSU,117.813,32.8874,218371,59,150,0,14-3-29 2:56:50,1
B5G7P7LXSU,117.797,32.8947,218388,68,145,0,14-3-29 2:58:20,1
B5G7P7LXSU,117.778,32.8995,218406,72,145,0,14-3-29 2:59:50,1
B5G7P7LXSU,117.761,32.9076,218424,75,150,0,14-3-29 3:1:20,1
B5G7P7LXSU,117.744,32.9185,218443,75,150,0,14-3-29 3:2:50,1
B5G7P7LXSU,117.726,32.9259,218462,68,145,0,14-3-29 3:4:20,1
B5G7P7LXSU,117.708,32.9306,218479,70,145,0,14-3-29 3:5:50,1
B5G7P7LXSU,117.689,32.9378,218498,79,145,0,14-3-29 3:7:20,1
B5G7P7LXSU,117.672,32.9451,218516,75,145,0,14-3-29 3:8:50,1
B5G7P7LXSU,117.653,32.9527,218536,75,145,0,14-3-29 3:10:20,1
B5G7P7LXSU,117.635,32.9595,218554,68,140,0,14-3-29 3:11:50,1
B5G7P7LXSU,117.615,32.9637,218572,74,140,0,14-3-29 3:13:20,1
B5G7P7LXSU,117.597,32.9679,218590,70,140,0,14-3-29 3:14:50,1
B5G7P7LXSU,117.579,32.9741,218607,70,145,0,14-3-29 3:16:20,1
B5G7P7LXSU,117.562,32.9823,218625,72,150,0,14-3-29 3:17:50,1
B5G7P7LXSU,117.547,32.9926,218643,72,150,0,14-3-29 3:19:20,1
B5G7P7LXSU,117.531,32.9999,218660,68,145,0,14-3-29 3:20:50,1
B5G7P7LXSU,117.512,33.0032,218677,70,135,0,14-3-29 3:22:20,1
B5G7P7LXSU,117.494,33.0032,218695,75,130,0,14-3-29 3:23:50,1
B5G7P7LXSU,117.474,33.0037,218712,70,135,0,14-3-29 3:25:19,1
B5G7P7LXSU,117.455,33.0056,218730,70,135,0,14-3-29 3:26:49,1
B5G7P7LXSU,117.436,33.0039,218748,68,125,0,14-3-29 3:28:19,1
B5G7P7LXSU,117.416,33.0019,218766,74,135,0,14-3-29 3:29:49,1
B5G7P7LXSU,117.396,33.003,218784,74,135,0,14-3-29 3:31:19,1
B5G7P7LXSU,117.381,33.0024,218799,68,130,0,14-3-29 3:32:49,1
B5G7P7LXSU,117.362,32.9998,218816,61,130,0,14-3-29 3:34:19,1
B5G7P7LXSU,117.343,33.0008,218834,70,135,0,14-3-29 3:35:49,1
B5G7P7LXSU,117.325,33.0031,218850,59,140,0,14-3-29 3:37:19,1
B5G7P7LXSU,117.307,33.0089,218868,74,145,0,14-3-29 3:38:49,1
B5G7P7LXSU,117.288,33.0135,218886,74,135,0,14-3-29 3:40:19,1
B5G7P7LXSU,117.268,33.0151,218905,72,130,0,14-3-29 3:41:49,1
B5G7P7LXSU,117.248,33.0141,218922,68,130,0,14-3-29 3:43:19,1
B5G7P7LXSU,117.23,33.013,218940,66,130,0,14-3-29 3:44:49,1
B5G7P7LXSU,117.209,33.014,218958,75,135,0,14-3-29 3:46:19,1
B5G7P7LXSU,117.19,33.0167,218977,74,140,0,14-3-29 3:47:49,1
B5G7P7LXSU,117.172,33.0222,218994,74,145,0,14-3-29 3:49:19,1
B5G7P7LXSU,117.153,33.0285,219012,75,140,0,14-3-29 3:50:49,1
B5G7P7LXSU,117.134,33.0316,219030,70,140,0,14-3-29 3:52:19,1
B5G7P7LXSU,117.116,33.0342,219048,72,135,0,14-3-29 3:53:49,1
B5G7P7LXSU,117.097,33.0345,219065,68,130,0,14-3-29 3:55:19,1
B5G7P7LXSU,117.078,33.0349,219082,72,135,0,14-3-29 3:56:49,1
B5G7P7LXSU,117.059,33.0395,219101,70,145,0,14-3-29 3:58:19,1
B5G7P7LXSU,117.042,33.0463,219118,68,145,0,14-3-29 3:59:49,1
B5G7P7LXSU,117.024,33.0505,219134,66,135,0,14-3-29 4:1:19,1
B5G7P7LXSU,117.006,33.0519,219151,72,135,0,14-3-29 4:2:49,1
B5G7P7LXSU,116.986,33.0535,219170,75,135,0,14-3-29 4:4:19,1
B5G7P7LXSU,116.969,33.057,219186,62,140,0,14-3-29 4:5:49,1
B5G7P7LXSU,116.952,33.0619,219202,64,145,0,14-3-29 4:7:19,1
B5G7P7LXSU,116.933,33.0664,219220,70,135,0,14-3-29 4:8:49,1
B5G7P7LXSU,116.915,33.0676,219237,66,135,0,14-3-29 4:10:19,1
B5G7P7LXSU,116.896,33.0694,219255,70,140,0,14-3-29 4:11:49,1
B5G7P7LXSU,116.877,33.0752,219273,72,145,0,14-3-29 4:13:19,1
B5G7P7LXSU,116.859,33.0823,219292,74,140,0,14-3-29 4:14:49,1
B5G7P7LXSU,116.841,33.0876,219309,70,145,0,14-3-29 4:16:19,1
B5G7P7LXSU,116.823,33.0951,219327,77,150,0,14-3-29 4:17:49,1
B5G7P7LXSU,116.806,33.1041,219346,72,150,0,14-3-29 4:19:19,1
B5G7P7LXSU,116.788,33.1109,219364,74,145,0,14-3-29 4:20:49,1
B5G7P7LXSU,116.769,33.1169,219383,77,145,0,14-3-29 4:22:19,1
B5G7P7LXSU,116.751,33.1256,219401,77,150,0,14-3-29 4:23:49,1
B5G7P7LXSU,116.734,33.1346,219420,74,145,0,14-3-29 4:25:19,1
B5G7P7LXSU,116.714,33.1397,219439,77,140,0,14-3-29 4:26:49,1
B5G7P7LXSU,116.694,33.1444,219458,75,145,0,14-3-29 4:28:19,1
B5G7P7LXSU,116.676,33.1512,219477,74,145,0,14-3-29 4:29:49,1
B5G7P7LXSU,116.656,33.1553,219495,72,135,0,14-3-29 4:31:19,1
B5G7P7LXSU,116.637,33.157,219513,74,135,0,14-3-29 4:32:49,1
B5G7P7LXSU,116.617,33.1611,219532,74,145,0,14-3-29 4:34:19,1
B5G7P7LXSU,116.599,33.1684,219550,70,145,0,14-3-29 4:35:49,1
B5G7P7LXSU,116.58,33.1742,219568,75,140,0,14-3-29 4:37:19,1
B5G7P7LXSU,116.56,33.1774,219587,75,140,0,14-3-29 4:38:49,1
B5G7P7LXSU,116.541,33.1802,219605,74,135,0,14-3-29 4:40:19,1
B5G7P7LXSU,116.521,33.1802,219624,75,130,0,14-3-29 4:41:49,1
B5G7P7LXSU,116.5,33.1779,219643,74,130,0,14-3-29 4:43:20,1
B5G7P7LXSU,116.48,33.1799,219661,74,140,0,14-3-29 4:44:49,1
B5G7P7LXSU,116.461,33.183,219679,75,135,0,14-3-29 4:46:19,1
B5G7P7LXSU,116.441,33.1809,219698,77,125,0,14-3-29 4:47:50,1
B5G7P7LXSU,116.42,33.1784,219717,77,130,0,14-3-29 4:49:20,1
B5G7P7LXSU,116.4,33.1804,219736,74,140,0,14-3-29 4:50:50,1
B5G7P7LXSU,116.38,33.1841,219755,77,135,0,14-3-29 4:52:20,1
B5G7P7LXSU,116.36,33.185,219773,74,135,0,14-3-29 4:53:50,1
B5G7P7LXSU,116.34,33.1852,219791,75,135,0,14-3-29 4:55:20,1
B5G7P7LXSU,116.32,33.1857,219810,72,135,0,14-3-29 4:56:50,1
B5G7P7LXSU,116.3,33.1888,219828,74,140,0,14-3-29 4:58:20,1
B5G7P7LXSU,116.28,33.1924,219847,75,135,0,14-3-29 4:59:50,1
B5G7P7LXSU,116.259,33.193,219866,74,130,0,14-3-29 5:1:20,1
B5G7P7LXSU,116.24,33.1907,219884,70,130,0,14-3-29 5:2:50,1
B5G7P7LXSU,116.221,33.189,219901,66,130,0,14-3-29 5:4:20,1
B5G7P7LXSU,116.202,33.1901,219919,68,140,0,14-3-29 5:5:50,1
B5G7P7LXSU,116.183,33.1935,219936,75,140,0,14-3-29 5:7:20,1
B5G7P7LXSU,116.163,33.1964,219955,77,135,0,14-3-29 5:8:50,1
B5G7P7LXSU,116.143,33.1927,219974,75,120,0,14-3-29 5:10:20,1
B5G7P7LXSU,116.126,33.1822,219994,72,115,0,14-3-29 5:11:50,1
B5G7P7LXSU,116.107,33.1776,220012,72,130,0,14-3-29 5:13:20,1
B5G7P7LXSU,116.086,33.1757,220031,74,125,0,14-3-29 5:14:50,1
B5G7P7LXSU,116.066,33.1745,220050,74,135,0,14-3-29 5:16:20,1
B5G7P7LXSU,116.045,33.1763,220069,74,135,0,14-3-29 5:17:50,1
B5G7P7LXSU,116.024,33.1755,220089,83,130,0,14-3-29 5:19:20,1
B5G7P7LXSU,116.002,33.1722,220109,79,125,0,14-3-29 5:20:50,1
B5G7P7LXSU,115.982,33.1685,220128,77,130,0,14-3-29 5:22:20,1
B5G7P7LXSU,115.962,33.172,220147,74,145,0,14-3-29 5:23:50,1
B5G7P7LXSU,115.943,33.1764,220165,77,135,0,14-3-29 5:25:20,1
B5G7P7LXSU,115.922,33.1769,220184,75,135,0,14-3-29 5:26:50,1
B5G7P7LXSU,115.902,33.1774,220203,74,135,0,14-3-29 5:28:20,1
B5G7P7LXSU,115.882,33.1812,220221,74,140,0,14-3-29 5:29:50,1
B5G7P7LXSU,115.863,33.1868,220240,75,140,0,14-3-29 5:31:20,1
B5G7P7LXSU,115.843,33.1903,220259,75,135,0,14-3-29 5:32:50,1
B5G7P7LXSU,115.823,33.191,220277,74,135,0,14-3-29 5:34:20,1
B5G7P7LXSU,115.803,33.1934,220296,74,140,0,14-3-29 5:35:50,1
B5G7P7LXSU,115.784,33.2,220314,75,145,0,14-3-29 5:37:20,1
B5G7P7LXSU,115.764,33.2059,220334,83,135,0,14-3-29 5:38:50,1
B5G7P7LXSU,115.743,33.207,220353,75,135,0,14-3-29 5:40:20,1
B5G7P7LXSU,115.723,33.212,220372,75,140,0,14-3-29 5:41:50,1
B5G7P7LXSU,115.702,33.2141,220391,75,135,0,14-3-29 5:43:20,1
B5G7P7LXSU,115.682,33.2149,220410,72,135,0,14-3-29 5:44:50,1
B5G7P7LXSU,115.663,33.2175,220428,70,140,0,14-3-29 5:46:20,1
B5G7P7LXSU,115.643,33.2191,220446,79,130,0,14-3-29 5:47:50,1
B5G7P7LXSU,115.623,33.2215,220465,81,145,0,14-3-29 5:49:20,1
B5G7P7LXSU,115.603,33.2268,220484,72,140,0,14-3-29 5:50:49,1
B5G7P7LXSU,115.59,33.2294,220496,24,5,0,14-3-29 5:52:19,1
B5G7P7LXSU,115.591,33.23,220497,0,45,0,14-3-29 5:53:49,1
B5G7P7LXSU,115.591,33.2301,220497,0,25,0,14-3-29 5:55:19,1
B5G7P7LXSU,115.592,33.2303,220497,0,110,0,14-3-29 5:56:49,1
B5G7P7LXSU,115.594,33.2303,220498,7,40,0,14-3-29 5:58:19,1
B5G7P7LXSU,115.594,33.2311,220499,0,20,0,14-3-29 5:59:49,1
B5G7P7LXSU,115.594,33.2318,220499,0,25,0,14-3-29 6:1:19,1
B5G7P7LXSU,115.594,33.2318,220499,0,15,0,14-3-29 6:2:49,1
B5G7P7LXSU,115.594,33.2318,220499,0,125,0,14-3-29 6:4:19,1
B5G7P7LXSU,115.594,33.2318,220499,0,25,0,14-3-29 6:5:49,1
B5G7P7LXSU,115.594,33.2318,220499,0,130,0,14-3-29 6:7:19,1
B5G7P7LXSU,115.594,33.2318,220499,0,75,0,14-3-29 6:8:49,1
B5G7P7LXSU,115.594,33.2318,220499,0,175,0,14-3-29 6:10:19,1
B5G7P7LXSU,115.593,33.234,220501,12,170,0,14-3-29 6:11:49,1
B5G7P7LXSU,115.591,33.2373,220505,16,170,0,14-3-29 6:13:19,1
B5G7P7LXSU,115.59,33.2416,220510,20,175,0,14-3-29 6:14:49,1
B5G7P7LXSU,115.589,33.2466,220515,24,175,0,14-3-29 6:16:19,1
B5G7P7LXSU,115.589,33.2507,220519,0,0,0,14-3-29 6:17:49,1
B5G7P7LXSU,115.588,33.2506,220519,0,120,0,14-3-29 6:19:19,1
B5G7P7LXSU,115.588,33.2503,220519,0,50,0,14-3-29 6:20:49,1
B5G7P7LXSU,115.588,33.25,220519,7,90,0,14-3-29 6:22:19,1
B5G7P7LXSU,115.588,33.2499,220519,0,0,0,14-3-29 6:23:49,1
B5G7P7LXSU,115.588,33.2499,220519,0,80,0,14-3-29 6:25:19,1
B5G7P7LXSU,115.588,33.2499,220519,0,60,0,14-3-29 6:26:49,1
B5G7P7LXSU,115.588,33.2499,220519,0,175,0,14-3-29 6:28:19,1
B5G7P7LXSU,115.588,33.2499,220519,0,20,0,14-3-29 6:29:49,1
B5G7P7LXSU,115.588,33.2499,220519,0,75,0,14-3-29 6:31:19,1
B5G7P7LXSU,115.588,33.2499,220519,0,70,0,14-3-29 6:32:49,1
B5G7P7LXSU,115.588,33.2499,220519,0,15,0,14-3-29 6:34:19,1
B5G7P7LXSU,115.588,33.2499,220519,0,85,0,14-3-29 6:35:49,1
B5G7P7LXSU,115.588,33.2499,220519,0,75,0,14-3-29 6:37:19,1
B5G7P7LXSU,115.588,33.2499,220519,0,10,0,14-3-29 6:38:49,1
B5G7P7LXSU,115.588,33.2499,220519,0,170,0,14-3-29 6:40:19,1
B5G7P7LXSU,115.588,33.2499,220519,0,90,0,14-3-29 6:41:49,1
B5G7P7LXSU,115.588,33.2499,220519,0,20,0,14-3-29 6:43:19,1
B5G7P7LXSU,115.588,33.2499,220519,0,140,0,14-3-29 6:44:49,1
B5G7P7LXSU,115.588,33.2499,220519,0,40,0,14-3-29 6:46:19,1
B5G7P7LXSU,115.588,33.2499,220519,0,10,0,14-3-29 6:47:49,1
B5G7P7LXSU,115.588,33.2499,220519,0,75,0,14-3-29 6:49:19,1
B5G7P7LXSU,115.588,33.2499,220519,0,100,0,14-3-29 6:50:49,1
B5G7P7LXSU,115.588,33.2499,220519,0,175,0,14-3-29 6:52:19,1
B5G7P7LXSU,115.588,33.2499,220519,0,60,0,14-3-29 6:53:49,1
B5G7P7LXSU,115.588,33.2499,220519,0,35,0,14-3-29 6:55:19,1
B5G7P7LXSU,115.588,33.2499,220519,0,70,0,14-3-29 6:56:49,1
B5G7P7LXSU,115.588,33.2499,220519,0,95,0,14-3-29 6:58:19,1
B5G7P7LXSU,115.588,33.2499,220519,0,35,0,14-3-29 6:59:49,1
B5G7P7LXSU,115.588,33.2499,220519,0,15,0,14-3-29 7:1:19,1
B5G7P7LXSU,115.588,33.2499,220519,0,35,0,14-3-29 7:2:49,1
B5G7P7LXSU,115.588,33.2499,220519,0,60,0,14-3-29 7:4:19,1
B5G7P7LXSU,115.588,33.2499,220519,0,15,0,14-3-29 7:5:49,1
B5G7P7LXSU,115.588,33.2499,220519,0,25,0,14-3-29 7:7:19,1
B5G7P7LXSU,115.588,33.2499,220519,0,85,0,14-3-29 7:8:49,1
B5G7P7LXSU,115.588,33.2499,220519,0,80,0,14-3-29 7:10:19,1
B5G7P7LXSU,115.588,33.2499,220519,0,45,0,14-3-29 7:11:49,1
B5G7P7LXSU,115.588,33.2499,220519,0,55,0,14-3-29 7:13:19,1
B5G7P7LXSU,115.588,33.2499,220519,0,55,0,14-3-29 7:14:49,1
B5G7P7LXSU,115.588,33.2499,220519,0,0,0,14-3-29 7:16:19,1
B5G7P7LXSU,115.588,33.2499,220519,0,170,0,14-3-29 7:17:49,1
B5G7P7LXSU,115.588,33.2499,220519,0,60,0,14-3-29 7:19:19,1
B5G7P7LXSU,115.588,33.2499,220519,0,30,0,14-3-29 7:20:49,1
B5G7P7LXSU,115.588,33.2499,220519,0,60,0,14-3-29 7:22:19,1
B5G7P7LXSU,115.588,33.2499,220519,0,5,0,14-3-29 7:23:49,1
B5G7P7LXSU,115.588,33.2499,220519,0,75,0,14-3-29 7:25:19,1
B5G7P7LXSU,115.588,33.2499,220519,0,80,0,14-3-29 7:26:49,1
B5G7P7LXSU,115.588,33.2499,220519,0,25,0,14-3-29 7:28:19,1
B5G7P7LXSU,115.588,33.2499,220519,0,30,0,14-3-29 7:29:49,1
B5G7P7LXSU,115.588,33.2499,220519,0,5,0,14-3-29 7:31:19,1
B5G7P7LXSU,115.588,33.2499,220519,0,25,0,14-3-29 7:32:49,1
B5G7P7LXSU,115.588,33.2499,220519,0,20,0,14-3-29 7:34:19,1
B5G7P7LXSU,115.588,33.2499,220519,0,25,0,14-3-29 7:35:49,1
B5G7P7LXSU,115.588,33.2499,220519,0,35,0,14-3-29 7:37:19,1
B5G7P7LXSU,115.588,33.2499,220519,0,60,0,14-3-29 7:38:49,1
B5G7P7LXSU,115.588,33.2499,220519,0,30,0,14-3-29 7:40:19,1
B5G7P7LXSU,115.588,33.2499,220519,0,75,0,14-3-29 7:41:49,1
B5G7P7LXSU,115.588,33.2499,220519,0,55,0,14-3-29 7:43:19,1
B5G7P7LXSU,115.588,33.2499,220519,0,45,0,14-3-29 7:44:49,1
B5G7P7LXSU,115.588,33.2499,220519,0,65,0,14-3-29 7:46:19,1
B5G7P7LXSU,115.588,33.2499,220519,0,100,0,14-3-29 7:49:19,1
B5G7P7LXSU,115.588,33.2499,220519,0,100,0,14-3-29 7:52:19,1
B5G7P7LXSU,115.588,33.2499,220519,0,100,0,14-3-29 7:55:19,1
B5G7P7LXSU,115.588,33.2499,220519,0,100,0,14-3-29 7:58:19,1
B5G7P7LXSU,115.588,33.2499,220519,0,100,0,14-3-29 8:1:20,1
B5G7P7LXSU,115.588,33.2499,220519,0,100,0,14-3-29 8:4:19,1
B5G7P7LXSU,115.588,33.2499,220519,0,100,0,14-3-29 8:7:19,1
B5G7P7LXSU,115.588,33.2499,220519,0,100,0,14-3-29 8:10:19,1
B5G7P7LXSU,115.588,33.2499,220519,0,100,0,14-3-29 8:13:20,1
B5G7P7LXSU,115.588,33.2499,220519,0,100,0,14-3-29 8:16:20,1
B5G7P7LXSU,115.588,33.2499,220519,0,100,0,14-3-29 8:19:20,1
B5G7P7LXSU,115.588,33.2499,220519,0,100,0,14-3-29 8:22:20,1
B5G7P7LXSU,115.588,33.2499,220519,0,100,0,14-3-29 8:25:20,1
B5G7P7LXSU,115.588,33.2499,220519,0,100,0,14-3-29 8:28:20,1
B5G7P7LXSU,115.588,33.2499,220519,0,100,0,14-3-29 8:31:20,1
B5G7P7LXSU,115.588,33.2499,220519,0,100,0,14-3-29 8:34:20,1
B5G7P7LXSU,115.588,33.2499,220519,0,100,0,14-3-29 8:37:20,1
B5G7P7LXSU,115.588,33.2499,220519,0,100,0,14-3-29 8:40:20,1
B5G7P7LXSU,115.588,33.2499,220519,0,100,0,14-3-29 8:43:20,1
B5G7P7LXSU,115.588,33.2499,220519,0,100,0,14-3-29 8:46:20,1
B5G7P7LXSU,115.588,33.2499,220519,0,100,0,14-3-29 8:49:20,1
B5G7P7LXSU,115.588,33.2499,220519,0,100,0,14-3-29 8:52:20,1
B5G7P7LXSU,115.588,33.2499,220519,0,100,0,14-3-29 8:55:20,1
B5G7P7LXSU,115.588,33.2499,220519,0,100,0,14-3-29 8:58:20,1
B5G7P7LXSU,115.588,33.2499,220519,0,100,0,14-3-29 9:1:20,1
B5G7P7LXSU,115.588,33.2499,220519,0,100,0,14-3-29 9:4:20,1
B5G7P7LXSU,115.588,33.2499,220519,0,100,0,14-3-29 9:7:20,1
B5G7P7LXSU,115.588,33.2499,220519,0,100,0,14-3-29 9:10:20,1
B5G7P7LXSU,115.588,33.2499,220519,0,100,0,14-3-29 9:13:20,1
B5G7P7LXSU,115.588,33.2499,220519,0,100,0,14-3-29 9:16:20,1
B5G7P7LXSU,115.588,33.2499,220519,0,100,0,14-3-29 9:19:20,1
B5G7P7LXSU,115.588,33.2499,220519,0,100,0,14-3-29 9:22:20,1
B5G7P7LXSU,115.588,33.2499,220519,0,100,0,14-3-29 9:25:20,1
B5G7P7LXSU,115.588,33.2499,220519,0,100,0,14-3-29 9:28:20,1
B5G7P7LXSU,115.588,33.2499,220519,0,100,0,14-3-29 9:31:20,1
B5G7P7LXSU,115.588,33.2499,220519,0,100,0,14-3-29 9:34:20,1
B5G7P7LXSU,115.588,33.2499,220519,0,100,0,14-3-29 9:37:20,1
B5G7P7LXSU,115.588,33.2499,220519,0,100,0,14-3-29 9:40:20,1
B5G7P7LXSU,115.588,33.2499,220519,0,100,0,14-3-29 9:43:20,1
B5G7P7LXSU,115.588,33.2499,220519,0,100,0,14-3-29 9:46:20,1
B5G7P7LXSU,115.588,33.2499,220519,0,100,0,14-3-29 9:49:20,1
B5G7P7LXSU,115.588,33.2499,220519,0,100,0,14-3-29 9:52:20,1
B5G7P7LXSU,115.588,33.2499,220519,0,100,0,14-3-29 9:55:20,1
B5G7P7LXSU,115.588,33.2499,220519,0,100,0,14-3-29 9:58:20,1
B5G7P7LXSU,115.588,33.2499,220519,0,100,0,14-3-29 10:1:20,1
B5G7P7LXSU,115.588,33.2499,220519,0,100,0,14-3-29 10:4:20,1
B5G7P7LXSU,115.588,33.2499,220519,0,100,0,14-3-29 10:7:20,1
B5G7P7LXSU,115.588,33.2499,220519,0,100,0,14-3-29 10:10:20,1
B5G7P7LXSU,115.588,33.2499,220519,0,100,0,14-3-29 10:13:20,1
B5G7P7LXSU,115.588,33.2499,220519,0,100,0,14-3-29 10:16:19,1
B5G7P7LXSU,115.588,33.2499,220519,0,100,0,14-3-29 10:19:19,1
B5G7P7LXSU,115.588,33.2499,220519,0,100,0,14-3-29 10:22:19,1
B5G7P7LXSU,115.588,33.2499,220519,0,100,0,14-3-29 10:25:19,1
B5G7P7LXSU,115.588,33.2499,220519,0,100,0,14-3-29 10:28:19,1
B5G7P7LXSU,115.588,33.2499,220519,0,100,0,14-3-29 10:31:19,1
B5G7P7LXSU,115.588,33.2499,220519,0,100,0,14-3-29 10:34:19,1
B5G7P7LXSU,115.588,33.2499,220519,0,100,0,14-3-29 10:37:19,1
B5G7P7LXSU,115.588,33.2499,220519,0,100,0,14-3-29 10:39:41,1
B5G7P7LXSU,115.587,33.2499,220519,0,55,0,14-3-29 10:42:41,1
B5G7P7LXSU,115.587,33.2499,220519,0,55,0,14-3-29 10:45:41,1
B5G7P7LXSU,115.587,33.2499,220519,0,55,0,14-3-29 10:48:41,1
B5G7P7LXSU,115.587,33.2499,220519,0,55,0,14-3-29 10:51:41,1
B5G7P7LXSU,115.588,33.2499,220519,0,85,0,14-3-29 10:53:11,1
B5G7P7LXSU,115.588,33.2499,220519,0,115,0,14-3-29 10:56:11,1
B5G7P7LXSU,115.588,33.2499,220519,0,115,0,14-3-29 10:59:11,1
B5G7P7LXSU,115.588,33.2499,220519,0,115,0,14-3-29 11:2:11,1
B5G7P7LXSU,115.588,33.2499,220519,0,115,0,14-3-29 11:5:11,1
B5G7P7LXSU,115.588,33.2499,220519,0,115,0,14-3-29 11:8:11,1
B5G7P7LXSU,115.588,33.2499,220519,0,115,0,14-3-29 11:11:11,1
B5G7P7LXSU,115.588,33.2499,220519,0,115,0,14-3-29 11:14:11,1
B5G7P7LXSU,115.588,33.2499,220519,0,115,0,14-3-29 11:17:11,1
B5G7P7LXSU,115.588,33.2499,220519,0,115,0,14-3-29 11:20:11,1
B5G7P7LXSU,115.588,33.2499,220519,0,115,0,14-3-29 11:23:11,1
B5G7P7LXSU,115.588,33.25,220519,0,155,0,14-3-29 11:24:41,1
B5G7P7LXSU,115.588,33.2503,220519,0,135,0,14-3-29 11:26:12,1
B5G7P7LXSU,115.588,33.2503,220519,0,130,0,14-3-29 11:29:12,1
B5G7P7LXSU,115.588,33.2503,220519,0,130,0,14-3-29 11:32:12,1
B5G7P7LXSU,115.588,33.2503,220519,0,130,0,14-3-29 11:35:12,1
B5G7P7LXSU,115.588,33.2503,220519,0,130,0,14-3-29 11:38:12,1
B5G7P7LXSU,115.588,33.2503,220519,0,130,0,14-3-29 11:41:12,1
B5G7P7LXSU,115.588,33.2503,220519,0,130,0,14-3-29 11:44:12,1
B5G7P7LXSU,115.588,33.2503,220519,0,130,0,14-3-29 11:47:12,1
B5G7P7LXSU,115.588,33.2503,220519,0,130,0,14-3-29 11:50:12,1
B5G7P7LXSU,115.588,33.2503,220519,0,130,0,14-3-29 11:53:12,1
B5G7P7LXSU,115.588,33.2503,220519,0,130,0,14-3-29 11:56:12,1
B5G7P7LXSU,115.588,33.2503,220519,0,130,0,14-3-29 11:59:12,1
B5G7P7LXSU,115.588,33.2503,220519,0,130,0,14-3-29 12:2:12,1
B5G7P7LXSU,115.588,33.2503,220519,0,130,0,14-3-29 12:5:12,1
B5G7P7LXSU,115.588,33.2503,220519,0,130,0,14-3-29 12:8:12,1
B5G7P7LXSU,115.588,33.2503,220519,0,130,0,14-3-29 12:11:12,1
B5G7P7LXSU,115.588,33.2503,220519,0,130,0,14-3-29 12:14:12,1
B5G7P7LXSU,115.588,33.2503,220519,0,130,0,14-3-29 12:17:12,1
B5G7P7LXSU,115.588,33.2503,220519,0,130,0,14-3-29 12:20:12,1
B5G7P7LXSU,115.588,33.2503,220519,0,130,0,14-3-29 12:23:12,1
B5G7P7LXSU,115.588,33.2503,220519,0,130,0,14-3-29 12:26:12,1
B5G7P7LXSU,115.588,33.2503,220519,0,130,0,14-3-29 12:29:12,1
B5G7P7LXSU,115.588,33.2503,220519,0,130,0,14-3-29 12:32:12,1
B5G7P7LXSU,115.588,33.2503,220519,0,130,0,14-3-29 12:35:12,1
B5G7P7LXSU,115.588,33.2503,220519,0,130,0,14-3-29 12:38:12,1
B5G7P7LXSU,115.588,33.2503,220519,0,130,0,14-3-29 12:41:12,1
B5G7P7LXSU,115.588,33.2503,220519,0,130,0,14-3-29 12:44:12,1
B5G7P7LXSU,115.588,33.2503,220519,0,130,0,14-3-29 12:47:12,1
B5G7P7LXSU,115.588,33.2503,220519,0,130,0,14-3-29 12:50:12,1
B5G7P7LXSU,115.588,33.2503,220519,0,130,0,14-3-29 12:53:12,1
B5G7P7LXSU,115.588,33.2503,220519,0,130,0,14-3-29 12:56:12,1
B5G7P7LXSU,115.588,33.2503,220519,0,130,0,14-3-29 12:59:12,1
B5G7P7LXSU,115.588,33.2503,220519,0,130,0,14-3-29 13:2:12,1
B5G7P7LXSU,115.588,33.2503,220519,0,130,0,14-3-29 13:5:12,1
B5G7P7LXSU,115.588,33.2503,220519,0,130,0,14-3-29 13:8:12,1
B5G7P7LXSU,115.588,33.2503,220519,0,130,0,14-3-29 13:11:12,1
B5G7P7LXSU,115.588,33.2503,220519,0,130,0,14-3-29 13:14:12,1
B5G7P7LXSU,115.588,33.2503,220519,0,130,0,14-3-29 13:17:12,1
B5G7P7LXSU,115.588,33.2503,220519,0,130,0,14-3-29 13:20:12,1
B5G7P7LXSU,115.588,33.2503,220519,0,130,0,14-3-29 13:23:12,1
B5G7P7LXSU,115.588,33.2503,220519,0,130,0,14-3-29 13:26:12,1
B5G7P7LXSU,115.588,33.2503,220519,0,130,0,14-3-29 13:29:12,1
B5G7P7LXSU,115.588,33.2503,220519,0,130,0,14-3-29 13:32:12,1
B5G7P7LXSU,115.588,33.2503,220519,0,130,0,14-3-29 13:35:12,1
B5G7P7LXSU,115.588,33.2503,220519,0,130,0,14-3-29 13:38:12,1
B5G7P7LXSU,115.588,33.2503,220519,0,130,0,14-3-29 13:41:12,1
B5G7P7LXSU,115.588,33.2503,220519,0,130,0,14-3-29 13:44:12,1
B5G7P7LXSU,115.588,33.2503,220519,0,130,0,14-3-29 13:47:12,1
B5G7P7LXSU,115.588,33.2503,220519,0,130,0,14-3-29 13:50:12,1
B5G7P7LXSU,115.588,33.2503,220519,0,130,0,14-3-29 13:53:12,1
B5G7P7LXSU,115.588,33.2503,220519,0,130,0,14-3-29 13:56:11,1
B5G7P7LXSU,115.588,33.2503,220519,0,130,0,14-3-29 13:59:11,1
B5G7P7LXSU,115.588,33.2503,220519,0,130,0,14-3-29 14:2:11,1
B5G7P7LXSU,115.588,33.2503,220519,0,130,0,14-3-29 14:5:11,1
B5G7P7LXSU,115.588,33.2503,220519,0,130,0,14-3-29 14:8:11,1
B5G7P7LXSU,115.588,33.2503,220519,0,10,0,14-3-29 14:11:11,1
B5G7P7LXSU,115.588,33.2503,220519,0,10,0,14-3-29 14:14:11,1
B5G7P7LXSU,115.588,33.2503,220519,0,10,0,14-3-29 14:17:11,1
B5G7P7LXSU,115.588,33.2503,220519,0,10,0,14-3-29 14:19:37,1
B5G7P7LXSU,115.588,33.2506,220519,0,10,0,14-3-29 14:21:6,1
B5G7P7LXSU,115.589,33.2502,220520,11,85,0,14-3-29 14:22:36,1
B5G7P7LXSU,115.59,33.2437,220527,38,85,0,14-3-29 14:24:6,1
B5G7P7LXSU,115.591,33.238,220533,5,40,0,14-3-29 14:25:36,1
B5G7P7LXSU,115.592,33.2381,220533,0,5,0,14-3-29 14:28:36,1
B5G7P7LXSU,115.592,33.2381,220533,0,5,0,14-3-29 14:31:36,1
B5G7P7LXSU,115.592,33.2381,220533,0,5,0,14-3-29 14:34:36,1
B5G7P7LXSU,115.592,33.2381,220533,0,5,0,14-3-29 14:37:36,1
B5G7P7LXSU,115.592,33.2381,220533,0,5,0,14-3-29 14:40:37,1
B5G7P7LXSU,115.592,33.2381,220533,0,5,0,14-3-29 14:43:37,1
B5G7P7LXSU,115.592,33.2381,220533,0,5,0,14-3-29 14:46:37,1
B5G7P7LXSU,115.592,33.2381,220533,0,5,0,14-3-29 14:49:37,1
B5G7P7LXSU,115.592,33.2381,220533,0,5,0,14-3-29 14:52:37,1
B5G7P7LXSU,115.592,33.2381,220533,0,5,0,14-3-29 14:55:37,1
B5G7P7LXSU,115.592,33.2381,220533,0,5,0,14-3-29 14:58:37,1
B5G7P7LXSU,115.592,33.2381,220533,0,5,0,14-3-29 15:1:37,1
B5G7P7LXSU,115.592,33.2381,220533,0,5,0,14-3-29 15:4:37,1
B5G7P7LXSU,115.592,33.2381,220533,0,5,0,14-3-29 15:7:37,1
B5G7P7LXSU,115.592,33.2381,220533,0,5,0,14-3-29 15:10:37,1
B5G7P7LXSU,115.592,33.2381,220533,0,5,0,14-3-29 15:13:37,1
B5G7P7LXSU,115.592,33.2381,220533,0,5,0,14-3-29 15:16:37,1
B5G7P7LXSU,115.592,33.2381,220533,0,5,0,14-3-29 15:19:36,1
B5G7P7LXSU,115.592,33.2381,220533,0,5,0,14-3-29 15:22:36,1
B5G7P7LXSU,115.592,33.2381,220533,0,5,0,14-3-29 15:25:36,1
B5G7P7LXSU,115.592,33.2381,220533,0,5,0,14-3-29 15:28:36,1
B5G7P7LXSU,115.592,33.2381,220533,0,5,0,14-3-29 15:31:36,1
B5G7P7LXSU,115.592,33.2381,220533,0,5,0,14-3-29 15:34:36,1
B5G7P7LXSU,115.592,33.2381,220533,0,5,0,14-3-29 15:37:36,1
B5G7P7LXSU,115.592,33.2381,220533,0,5,0,14-3-29 15:40:36,1
B5G7P7LXSU,115.592,33.2381,220533,0,5,0,14-3-29 15:43:36,1
B5G7P7LXSU,115.592,33.2381,220533,0,5,0,14-3-29 15:46:36,1
B5G7P7LXSU,115.592,33.2381,220533,0,5,0,14-3-29 15:49:36,1
B5G7P7LXSU,115.592,33.2381,220533,0,5,0,14-3-29 15:52:36,1
B5G7P7LXSU,115.592,33.2381,220533,0,5,0,14-3-29 15:55:36,1
B5G7P7LXSU,115.592,33.2381,220533,0,5,0,14-3-29 15:58:36,1
B5G7P7LXSU,115.592,33.2381,220533,0,5,0,14-3-29 16:1:36,1
B5G7P7LXSU,115.592,33.2381,220533,0,5,0,14-3-29 16:4:36,1
B5G7P7LXSU,115.592,33.2381,220533,0,5,0,14-3-29 16:6:54,1
B5G7P7LXSU,115.592,33.238,220533,0,125,0,14-3-29 16:8:24,1
B5G7P7LXSU,115.591,33.2379,220533,0,45,0,14-3-29 16:9:54,1
B5G7P7LXSU,115.592,33.235,220537,0,90,0,14-3-29 16:11:24,1
B5G7P7LXSU,115.592,33.2348,220537,7,75,0,14-3-29 16:12:54,1
B5G7P7LXSU,115.594,33.2309,220541,14,90,0,14-3-29 16:14:24,1
B5G7P7LXSU,115.591,33.2303,220543,12,125,0,14-3-29 16:15:54,1
B5G7P7LXSU,115.583,33.229,220551,50,135,0,14-3-29 16:17:24,1
B5G7P7LXSU,115.566,33.2308,220566,70,140,0,14-3-29 16:18:54,1
B5G7P7LXSU,115.548,33.2353,220584,68,145,0,14-3-29 16:20:24,1
B5G7P7LXSU,115.531,33.2426,220601,70,145,0,14-3-29 16:21:54,1
B5G7P7LXSU,115.514,33.249,220619,68,140,0,14-3-29 16:23:24,1
B5G7P7LXSU,115.496,33.2539,220636,70,145,0,14-3-29 16:24:54,1
B5G7P7LXSU,115.479,33.2609,220653,70,150,0,14-3-29 16:26:24,1
B5G7P7LXSU,115.462,33.2691,220671,70,145,0,14-3-29 16:27:54,1
B5G7P7LXSU,115.444,33.2748,220689,70,140,0,14-3-29 16:29:24,1
B5G7P7LXSU,115.432,33.2759,220700,0,80,0,14-3-29 16:30:54,1
B5G7P7LXSU,115.431,33.2759,220700,11,135,0,14-3-29 16:32:24,1
B5G7P7LXSU,115.43,33.2758,220701,16,125,0,14-3-29 16:33:54,1
B5G7P7LXSU,115.419,33.2751,220711,59,130,0,14-3-29 16:35:24,1
B5G7P7LXSU,115.401,33.2767,220727,70,140,0,14-3-29 16:36:54,1
B5G7P7LXSU,115.384,33.2826,220744,70,145,0,14-3-29 16:38:24,1
B5G7P7LXSU,115.366,33.2883,220762,72,140,0,14-3-29 16:39:54,1
B5G7P7LXSU,115.348,33.2918,220779,72,140,0,14-3-29 16:41:24,1
B5G7P7LXSU,115.329,33.2976,220798,68,145,0,14-3-29 16:42:54,1
B5G7P7LXSU,115.318,33.3035,220809,3,155,0,14-3-29 16:44:27,1
B5G7P7LXSU,115.317,33.304,220810,0,155,0,14-3-29 16:45:56,1
B5G7P7LXSU,115.313,33.3066,220814,44,155,0,14-3-29 16:47:26,1
B5G7P7LXSU,115.302,33.3164,220829,74,155,0,14-3-29 16:48:56,1
B5G7P7LXSU,115.288,33.3277,220847,72,150,0,14-3-29 16:50:26,1
B5G7P7LXSU,115.271,33.3358,220865,72,145,0,14-3-29 16:51:56,1
B5G7P7LXSU,115.252,33.3408,220883,75,140,0,14-3-29 16:53:26,1
B5G7P7LXSU,115.234,33.3478,220901,74,150,0,14-3-29 16:54:56,1
B5G7P7LXSU,115.218,33.3584,220920,72,150,0,14-3-29 16:56:26,1
B5G7P7LXSU,115.2,33.3649,220938,75,140,0,14-3-29 16:57:56,1
B5G7P7LXSU,115.182,33.3722,220956,74,150,0,14-3-29 16:59:26,1
B5G7P7LXSU,115.168,33.3827,220974,66,155,0,14-3-29 17:0:56,1
B5G7P7LXSU,115.152,33.3912,220991,68,145,0,14-3-29 17:2:26,1
B5G7P7LXSU,115.135,33.3974,221008,68,145,0,14-3-29 17:3:56,1
B5G7P7LXSU,115.118,33.4044,221025,72,150,0,14-3-29 17:5:26,1
B5G7P7LXSU,115.103,33.4142,221043,64,155,0,14-3-29 17:6:56,1
B5G7P7LXSU,115.09,33.4249,221060,66,155,0,14-3-29 17:8:26,1
B5G7P7LXSU,115.075,33.4344,221077,70,145,0,14-3-29 17:9:56,1
B5G7P7LXSU,115.057,33.4397,221094,72,145,0,14-3-29 17:11:26,1
B5G7P7LXSU,115.041,33.4476,221111,66,150,0,14-3-29 17:12:56,1
B5G7P7LXSU,115.013,33.4576,221139,70,140,0,14-3-29 17:15:19,1
B5G7P7LXSU,114.994,33.4624,221157,72,140,0,14-3-29 17:16:48,1
B5G7P7LXSU,114.975,33.4633,221175,70,130,0,14-3-29 17:18:18,1
B5G7P7LXSU,114.956,33.4631,221192,70,135,0,14-3-29 17:19:48,1
B5G7P7LXSU,114.938,33.4697,221210,72,155,0,14-3-29 17:21:18,1
B5G7P7LXSU,114.924,33.4795,221227,68,145,0,14-3-29 17:22:48,1
B5G7P7LXSU,114.906,33.4826,221244,64,135,0,14-3-29 17:24:19,1
B5G7P7LXSU,114.887,33.4842,221262,70,140,0,14-3-29 17:25:48,1
B5G7P7LXSU,114.869,33.4904,221279,72,150,0,14-3-29 17:27:19,1
B5G7P7LXSU,114.853,33.4988,221297,66,145,0,14-3-29 17:28:49,1
B5G7P7LXSU,114.835,33.505,221314,68,145,0,14-3-29 17:30:18,1
B5G7P7LXSU,114.819,33.5137,221332,72,155,0,14-3-29 17:31:49,1
B5G7P7LXSU,114.806,33.5257,221350,72,160,0,14-3-29 17:33:18,1
B5G7P7LXSU,114.792,33.5359,221367,66,145,0,14-3-29 17:34:48,1
B5G7P7LXSU,114.756,33.5457,221402,70,145,0,14-3-29 17:37:47,1
B5G7P7LXSU,114.738,33.5517,221419,74,135,0,14-3-29 17:39:18,1
B5G7P7LXSU,114.719,33.5521,221436,64,140,0,14-3-29 17:40:47,1
B5G7P7LXSU,114.703,33.561,221454,74,145,0,14-3-29 17:42:17,1
B5G7P7LXSU,114.684,33.5652,221472,75,140,0,14-3-29 17:43:47,1
B5G7P7LXSU,114.619,33.5813,221535,68,135,0,14-3-29 17:49:0,1
B5G7P7LXSU,114.6,33.5836,221553,68,135,0,14-3-29 17:50:30,1
B5G7P7LXSU,114.582,33.5874,221570,66,140,0,14-3-29 17:52:1,1
B5G7P7LXSU,114.563,33.5925,221587,70,140,0,14-3-29 17:53:31,1
B5G7P7LXSU,114.544,33.5973,221605,74,140,0,14-3-29 17:55:1,1
B5G7P7LXSU,114.525,33.5992,221623,68,135,0,14-3-29 17:56:30,1
B5G7P7LXSU,114.487,33.5979,221658,68,130,0,14-3-29 17:59:31,1
B5G7P7LXSU,114.469,33.5945,221675,72,125,0,14-3-29 18:1:1,1
B5G7P7LXSU,114.45,33.5904,221692,70,125,0,14-3-29 18:2:31,1
B5G7P7LXSU,114.431,33.5892,221710,70,135,0,14-3-29 18:4:1,1
B5G7P7LXSU,114.412,33.5913,221727,68,135,0,14-3-29 18:5:31,1
B5G7P7LXSU,114.394,33.5933,221744,66,135,0,14-3-29 18:7:1,1
B5G7P7LXSU,114.376,33.5919,221760,64,125,0,14-3-29 18:8:31,1
B5G7P7LXSU,114.36,33.5866,221776,64,120,0,14-3-29 18:10:1,1
B5G7P7LXSU,114.342,33.5814,221794,70,125,0,14-3-29 18:11:31,1
B5G7P7LXSU,114.323,33.5796,221811,70,130,0,14-3-29 18:13:1,1
B5G7P7LXSU,114.304,33.5782,221828,66,130,0,14-3-29 18:14:31,1
B5G7P7LXSU,114.286,33.5781,221844,62,135,0,14-3-29 18:16:1,1
B5G7P7LXSU,114.26,33.581,221869,64,135,0,14-3-29 18:18:22,1
B5G7P7LXSU,114.242,33.583,221885,66,135,0,14-3-29 18:19:52,1
B5G7P7LXSU,114.225,33.5829,221901,68,130,0,14-3-29 18:21:22,1
B5G7P7LXSU,114.206,33.5805,221918,68,130,0,14-3-29 18:22:52,1
B5G7P7LXSU,114.187,33.5779,221935,64,130,0,14-3-29 18:24:22,1
B5G7P7LXSU,114.17,33.5752,221951,70,125,0,14-3-29 18:25:52,1
B5G7P7LXSU,114.152,33.569,221970,68,120,0,14-3-29 18:27:22,1
B5G7P7LXSU,114.134,33.5615,221987,68,125,0,14-3-29 18:28:52,1
B5G7P7LXSU,114.117,33.5587,222004,66,130,0,14-3-29 18:30:22,1
B5G7P7LXSU,114.098,33.5573,222021,72,120,0,14-3-29 18:31:52,1
B5G7P7LXSU,114.083,33.55,222037,66,125,0,14-3-29 18:33:22,1
B5G7P7LXSU,114.064,33.5482,222054,70,125,0,14-3-29 18:34:52,1
B5G7P7LXSU,114.047,33.5426,222071,70,120,0,14-3-29 18:36:22,1
B5G7P7LXSU,114.029,33.5396,222088,61,130,0,14-3-29 18:37:52,1
B5G7P7LXSU,114.011,33.539,222104,70,135,0,14-3-29 18:39:22,1
B5G7P7LXSU,113.993,33.5382,222121,61,125,0,14-3-29 18:40:52,1
B5G7P7LXSU,113.977,33.5337,222136,64,120,0,14-3-29 18:42:22,1
B5G7P7LXSU,113.96,33.5296,222153,62,135,0,14-3-29 18:43:52,1
B5G7P7LXSU,113.941,33.5325,222170,74,135,0,14-3-29 18:45:22,1
B5G7P7LXSU,113.922,33.5304,222188,68,120,0,14-3-29 18:46:52,1
B5G7P7LXSU,113.872,33.5188,222235,66,125,0,14-3-29 18:51:4,1
B5G7P7LXSU,113.844,33.514,222262,64,140,0,14-3-29 18:53:29,1
B5G7P7LXSU,113.833,33.5162,222272,64,140,0,14-3-29 18:54:27,1
B5G7P7LXSU,113.816,33.5152,222288,68,125,0,14-3-29 18:55:57,1
B5G7P7LXSU,113.797,33.5109,222306,70,130,0,14-3-29 18:57:27,1
B5G7P7LXSU,113.778,33.5102,222324,75,135,0,14-3-29 18:58:57,1
B5G7P7LXSU,113.758,33.5126,222342,75,135,0,14-3-29 19:0:27,1
B5G7P7LXSU,113.739,33.5135,222360,70,130,0,14-3-29 19:1:57,1
B5G7P7LXSU,113.72,33.5122,222377,70,135,0,14-3-29 19:3:27,1
B5G7P7LXSU,113.701,33.5134,222394,74,135,0,14-3-29 19:4:57,1
B5G7P7LXSU,113.682,33.5136,222412,70,130,0,14-3-29 19:6:27,1
B5G7P7LXSU,113.663,33.5141,222429,64,135,0,14-3-29 19:7:57,1
B5G7P7LXSU,113.645,33.5174,222446,70,140,0,14-3-29 19:9:27,1
B5G7P7LXSU,113.627,33.5238,222464,66,145,0,14-3-29 19:10:57,1
B5G7P7LXSU,113.61,33.5315,222481,77,145,0,14-3-29 19:12:27,1
B5G7P7LXSU,113.594,33.5408,222499,66,155,0,14-3-29 19:13:57,1
B5G7P7LXSU,113.58,33.5507,222516,68,145,0,14-3-29 19:15:27,1
B5G7P7LXSU,113.563,33.5556,222533,68,140,0,14-3-29 19:16:57,1
B5G7P7LXSU,113.545,33.5619,222550,62,145,0,14-3-29 19:18:27,1
B5G7P7LXSU,113.529,33.5694,222568,72,145,0,14-3-29 19:19:57,1
B5G7P7LXSU,113.512,33.5783,222586,72,150,0,14-3-29 19:21:27,1
B5G7P7LXSU,113.497,33.5891,222604,70,150,0,14-3-29 19:22:57,1
B5G7P7LXSU,113.48,33.5951,222621,70,140,0,14-3-29 19:24:27,1
B5G7P7LXSU,113.463,33.6017,222638,74,150,0,14-3-29 19:25:57,1
B5G7P7LXSU,113.448,33.6127,222657,70,155,0,14-3-29 19:27:27,1
B5G7P7LXSU,113.434,33.6245,222675,68,155,0,14-3-29 19:28:57,1
B5G7P7LXSU,113.418,33.6334,222692,72,145,0,14-3-29 19:30:27,1
B5G7P7LXSU,113.401,33.6401,222709,59,145,0,14-3-29 19:31:57,1
B5G7P7LXSU,113.386,33.6452,222725,64,140,0,14-3-29 19:33:27,1
B5G7P7LXSU,113.37,33.651,222741,62,145,0,14-3-29 19:34:56,1
B5G7P7LXSU,113.353,33.6568,222757,59,145,0,14-3-29 19:36:26,1
B5G7P7LXSU,113.337,33.6623,222773,64,145,0,14-3-29 19:37:56,1
B5G7P7LXSU,113.323,33.6691,222788,68,150,0,14-3-29 19:39:26,1
B5G7P7LXSU,113.308,33.6776,222804,64,150,0,14-3-29 19:40:56,1
B5G7P7LXSU,113.293,33.6858,222820,64,150,0,14-3-29 19:42:26,1
B5G7P7LXSU,113.281,33.6966,222836,62,160,0,14-3-29 19:43:56,1
B5G7P7LXSU,113.273,33.7101,222853,68,170,0,14-3-29 19:45:26,1
B5G7P7LXSU,113.267,33.7231,222868,70,165,0,14-3-29 19:46:56,1
B5G7P7LXSU,113.257,33.7369,222885,70,155,0,14-3-29 19:48:26,1
B5G7P7LXSU,113.243,33.7467,222902,64,150,0,14-3-29 19:49:56,1
B5G7P7LXSU,113.228,33.7555,222919,70,155,0,14-3-29 19:51:26,1
B5G7P7LXSU,113.214,33.7658,222936,68,150,0,14-3-29 19:52:56,1
B5G7P7LXSU,113.2,33.7743,222951,66,150,0,14-3-29 19:54:26,1
B5G7P7LXSU,113.187,33.7843,222967,64,150,0,14-3-29 19:55:56,1
B5G7P7LXSU,113.172,33.7923,222984,64,145,0,14-3-29 19:57:26,1
B5G7P7LXSU,113.155,33.8002,223001,66,150,0,14-3-29 19:58:56,1
B5G7P7LXSU,113.142,33.8096,223016,68,155,0,14-3-29 20:0:26,1
B5G7P7LXSU,113.129,33.8201,223033,64,155,0,14-3-29 20:1:56,1
B5G7P7LXSU,113.119,33.8327,223049,68,170,0,14-3-29 20:3:26,1
B5G7P7LXSU,113.116,33.8471,223065,57,175,0,14-3-29 20:4:56,1
B5G7P7LXSU,113.111,33.8611,223081,62,165,0,14-3-29 20:6:26,1
B5G7P7LXSU,113.103,33.8744,223097,70,160,0,14-3-29 20:7:56,1
B5G7P7LXSU,113.093,33.8881,223115,68,160,0,14-3-29 20:9:26,1
B5G7P7LXSU,113.083,33.9011,223131,72,160,0,14-3-29 20:10:56,1
B5G7P7LXSU,113.071,33.914,223149,70,155,0,14-3-29 20:12:26,1
B5G7P7LXSU,113.057,33.9242,223166,75,155,0,14-3-29 20:13:56,1
B5G7P7LXSU,113.041,33.9348,223184,75,155,0,14-3-29 20:15:26,1
B5G7P7LXSU,113.027,33.9452,223202,68,155,0,14-3-29 20:16:56,1
B5G7P7LXSU,113.012,33.9551,223219,68,150,0,14-3-29 20:18:26,1
B5G7P7LXSU,112.999,33.966,223236,75,160,0,14-3-29 20:19:56,1
B5G7P7LXSU,112.988,33.9801,223254,66,165,0,14-3-29 20:21:26,1
B5G7P7LXSU,112.979,33.9937,223271,70,165,0,14-3-29 20:22:56,1
B5G7P7LXSU,112.967,34.0075,223289,77,155,0,14-3-29 20:24:26,1
B5G7P7LXSU,112.951,34.0162,223307,64,145,0,14-3-29 20:25:56,1
B5G7P7LXSU,112.938,34.0267,223324,77,165,0,14-3-29 20:27:26,1
B5G7P7LXSU,112.931,34.0435,223343,70,165,0,14-3-29 20:28:56,1
B5G7P7LXSU,112.923,34.058,223361,70,160,0,14-3-29 20:30:26,1
B5G7P7LXSU,112.909,34.0692,223378,68,155,0,14-3-29 20:31:56,1
B5G7P7LXSU,112.896,34.0793,223394,62,155,0,14-3-29 20:33:26,1
B5G7P7LXSU,112.881,34.0886,223412,66,150,0,14-3-29 20:34:57,1
B5G7P7LXSU,112.865,34.0976,223428,68,150,0,14-3-29 20:36:27,1
B5G7P7LXSU,112.837,34.1069,223456,61,140,0,14-3-29 20:39:5,1
B5G7P7LXSU,112.822,34.1101,223471,62,140,0,14-3-29 20:40:34,1
B5G7P7LXSU,112.806,34.1145,223486,59,145,0,14-3-29 20:42:4,1
B5G7P7LXSU,112.789,34.1204,223502,62,145,0,14-3-29 20:43:35,1
B5G7P7LXSU,112.773,34.1261,223518,59,145,0,14-3-29 20:45:5,1
B5G7P7LXSU,112.758,34.1334,223534,70,150,0,14-3-29 20:46:35,1
B5G7P7LXSU,112.743,34.1442,223551,79,155,0,14-3-29 20:48:5,1
B5G7P7LXSU,112.728,34.1526,223568,68,145,0,14-3-29 20:49:35,1
B5G7P7LXSU,112.712,34.1602,223585,62,145,0,14-3-29 20:51:5,1
B5G7P7LXSU,112.697,34.1687,223601,62,155,0,14-3-29 20:52:35,1
B5G7P7LXSU,112.685,34.18,223618,61,160,0,14-3-29 20:54:5,1
B5G7P7LXSU,112.677,34.194,223635,66,165,0,14-3-29 20:55:35,1
B5G7P7LXSU,112.666,34.2054,223650,61,155,0,14-3-29 20:57:5,1
B5G7P7LXSU,112.654,34.2163,223666,62,155,0,14-3-29 20:58:35,1
B5G7P7LXSU,112.643,34.2263,223681,59,155,0,14-3-29 21:0:5,1
B5G7P7LXSU,112.63,34.2344,223696,59,145,0,14-3-29 21:1:35,1
B5G7P7LXSU,112.614,34.2413,223712,66,145,0,14-3-29 21:3:5,1
B5G7P7LXSU,112.599,34.2481,223727,64,145,0,14-3-29 21:4:34,1
B5G7P7LXSU,112.582,34.2562,223745,74,150,0,14-3-29 21:6:5,1
B5G7P7LXSU,112.568,34.2665,223761,72,155,0,14-3-29 21:7:35,1
B5G7P7LXSU,112.557,34.2788,223778,64,160,0,14-3-29 21:9:5,1
B5G7P7LXSU,112.549,34.291,223793,25,165,0,14-3-29 21:10:35,1
B5G7P7LXSU,112.549,34.2924,223795,0,95,0,14-3-29 21:13:35,1
B5G7P7LXSU,112.549,34.2924,223795,0,95,0,14-3-29 21:16:35,1
B5G7P7LXSU,112.549,34.2924,223795,0,95,0,14-3-29 21:19:35,1
B5G7P7LXSU,112.549,34.2924,223795,0,95,0,14-3-29 21:21:10,1
B5G7P7LXSU,112.549,34.2924,223795,0,155,0,14-3-29 21:22:40,1
B5G7P7LXSU,112.548,34.293,223795,0,175,0,14-3-29 21:25:40,1
B5G7P7LXSU,112.548,34.293,223795,0,175,0,14-3-29 21:28:40,1
B5G7P7LXSU,112.548,34.293,223795,0,175,0,14-3-29 21:31:40,1
B5G7P7LXSU,112.548,34.293,223795,0,175,0,14-3-29 21:34:40,1
B5G7P7LXSU,112.548,34.293,223795,0,175,0,14-3-29 21:37:40,1
B5G7P7LXSU,112.548,34.293,223795,0,175,0,14-3-29 21:40:40,1
B5G7P7LXSU,112.548,34.293,223795,0,175,0,14-3-29 21:43:40,1
B5G7P7LXSU,112.548,34.293,223795,0,175,0,14-3-29 21:46:40,1
B5G7P7LXSU,112.548,34.293,223795,0,175,0,14-3-29 21:49:40,1
B5G7P7LXSU,112.548,34.293,223795,0,100,0,14-3-29 21:52:40,1
B5G7P7LXSU,112.548,34.293,223795,0,100,0,14-3-29 21:55:40,1
B5G7P7LXSU,112.548,34.293,223795,0,100,0,14-3-29 21:58:40,1
B5G7P7LXSU,112.548,34.293,223795,0,100,0,14-3-29 22:1:40,1
B5G7P7LXSU,112.548,34.293,223795,0,100,0,14-3-29 22:4:40,1
B5G7P7LXSU,112.548,34.293,223795,0,100,0,14-3-29 22:7:40,1
B5G7P7LXSU,112.548,34.293,223795,0,100,0,14-3-29 22:10:40,1
B5G7P7LXSU,112.548,34.293,223795,0,100,0,14-3-29 22:13:40,1
B5G7P7LXSU,112.548,34.293,223795,0,100,0,14-3-29 22:16:40,1
B5G7P7LXSU,112.548,34.293,223795,0,100,0,14-3-29 22:19:40,1
B5G7P7LXSU,112.548,34.293,223795,0,100,0,14-3-29 22:22:40,1
B5G7P7LXSU,112.548,34.293,223795,0,100,0,14-3-29 22:25:40,1
B5G7P7LXSU,112.548,34.293,223795,0,100,0,14-3-29 22:28:40,1
B5G7P7LXSU,112.548,34.293,223795,0,100,0,14-3-29 22:29:27,1
B5G7P7LXSU,112.548,34.293,223795,0,100,0,14-3-29 22:32:26,1
B5G7P7LXSU,112.548,34.293,223795,0,100,0,14-3-29 22:35:26,1
B5G7P7LXSU,112.548,34.293,223795,0,100,0,14-3-29 22:38:26,1
B5G7P7LXSU,112.548,34.293,223795,0,100,0,14-3-29 22:41:26,1
B5G7P7LXSU,112.548,34.293,223795,0,100,0,14-3-29 22:44:26,1
B5G7P7LXSU,112.548,34.293,223795,0,100,0,14-3-29 22:47:26,1
B5G7P7LXSU,112.548,34.293,223795,0,100,0,14-3-29 22:50:26,1
B5G7P7LXSU,112.548,34.293,223795,0,100,0,14-3-29 22:53:26,1
B5G7P7LXSU,112.548,34.293,223795,0,100,0,14-3-29 22:55:0,1
B5G7P7LXSU,112.548,34.2932,223795,7,165,0,14-3-29 22:56:30,1
B5G7P7LXSU,112.546,34.2968,223799,37,165,0,14-3-29 22:58:0,1
B5G7P7LXSU,112.539,34.3066,223811,50,165,0,14-3-29 22:59:30,1
B5G7P7LXSU,112.535,34.3163,223822,50,170,0,14-3-29 23:1:0,1
B5G7P7LXSU,112.531,34.3302,223837,64,175,0,14-3-29 23:2:30,1
B5G7P7LXSU,112.529,34.3461,223855,57,170,0,14-3-29 23:4:0,1
B5G7P7LXSU,112.527,34.3599,223870,61,5,0,14-3-29 23:5:30,1
B5G7P7LXSU,112.527,34.3713,223883,55,160,0,14-3-29 23:7:0,1
B5G7P7LXSU,112.517,34.3854,223901,83,0,0,14-3-29 23:8:30,1
B5G7P7LXSU,112.513,34.3988,223917,33,170,0,14-3-29 23:10:0,1
B5G7P7LXSU,112.513,34.4076,223926,46,175,0,14-3-29 23:11:30,1
B5G7P7LXSU,112.51,34.4182,223937,31,175,0,14-3-29 23:13:0,1
B5G7P7LXSU,112.512,34.4269,223947,44,5,0,14-3-29 23:14:30,1
B5G7P7LXSU,112.514,34.4371,223958,50,175,0,14-3-29 23:16:0,1
B5G7P7LXSU,112.511,34.4507,223973,62,170,0,14-3-29 23:17:30,1
B5G7P7LXSU,112.508,34.4656,223989,59,170,0,14-3-29 23:19:0,1
B5G7P7LXSU,112.501,34.478,224004,61,170,0,14-3-29 23:20:30,1
B5G7P7LXSU,112.499,34.4924,224020,68,0,0,14-3-29 23:22:0,1
B5G7P7LXSU,112.5,34.507,224036,51,175,0,14-3-29 23:23:30,1
B5G7P7LXSU,112.499,34.5088,224043,35,135,0,14-3-29 23:25:0,1
B5G7P7LXSU,112.482,34.5119,224059,68,140,0,14-3-29 23:26:30,1
B5G7P7LXSU,112.464,34.517,224075,68,140,0,14-3-29 23:28:0,1
B5G7P7LXSU,112.448,34.5207,224091,55,135,0,14-3-29 23:29:30,1
B5G7P7LXSU,112.437,34.522,224101,37,135,0,14-3-29 23:31:0,1
B5G7P7LXSU,112.427,34.5239,224110,37,140,0,14-3-29 23:32:30,1
B5G7P7LXSU,112.416,34.5273,224120,57,145,0,14-3-29 23:34:0,1
B5G7P7LXSU,112.399,34.5339,224137,55,150,0,14-3-29 23:35:30,1
B5G7P7LXSU,112.385,34.5437,224154,79,160,0,14-3-29 23:37:0,1
B5G7P7LXSU,112.376,34.5606,224174,72,165,0,14-3-29 23:38:30,1
B5G7P7LXSU,112.366,34.5749,224192,75,160,0,14-3-29 23:40:0,1
B5G7P7LXSU,112.353,34.5867,224209,66,160,0,14-3-29 23:41:30,1
B5G7P7LXSU,112.345,34.5992,224225,55,170,0,14-3-29 23:43:0,1
B5G7P7LXSU,112.345,34.6116,224238,37,5,0,14-3-29 23:44:30,1
B5G7P7LXSU,112.348,34.6199,224248,37,5,0,14-3-29 23:46:0,1
B5G7P7LXSU,112.348,34.6282,224257,37,170,0,14-3-29 23:47:30,1
B5G7P7LXSU,112.343,34.6358,224266,42,160,0,14-3-29 23:49:1,1
B5G7P7LXSU,112.335,34.6466,224279,51,165,0,14-3-29 23:50:30,1
B5G7P7LXSU,112.33,34.6611,224296,87,165,0,14-3-29 23:52:0,1
B5G7P7LXSU,112.319,34.6775,224316,85,165,0,14-3-29 23:53:31,1
B5G7P7LXSU,112.315,34.6942,224335,72,0,0,14-3-29 23:55:1,1
