B75X0SF11G,109.509,24.3077,203684,75,130,0,14-3-28 0:0:20,1
B75X0SF11G,109.495,24.3112,203699,57,130,0,14-3-28 0:1:50,1
B75X0SF11G,109.485,24.3025,203713,51,105,0,14-3-28 0:3:20,1
B75X0SF11G,109.481,24.3017,203717,3,155,0,14-3-28 0:4:50,1
B75X0SF11G,109.481,24.3017,203717,3,155,0,14-3-28 0:4:50,1
B75X0SF11G,109.481,24.3019,203717,0,65,0,14-3-28 0:6:20,1
B75X0SF11G,109.481,24.3021,203717,5,150,0,14-3-28 0:7:50,1
B75X0SF11G,109.481,24.3023,203718,0,65,0,14-3-28 0:9:20,1
B75X0SF11G,109.48,24.3025,203718,0,40,0,14-3-28 0:10:50,1
B75X0SF11G,109.476,24.3051,203723,33,150,0,14-3-28 0:12:20,1
B75X0SF11G,109.472,24.3073,203728,12,150,0,14-3-28 0:13:50,1
B75X0SF11G,109.467,24.3103,203733,37,150,0,14-3-28 0:15:20,1
B75X0SF11G,109.456,24.3137,203744,44,135,0,14-3-28 0:16:50,1
B75X0SF11G,109.451,24.3137,203749,20,130,0,14-3-28 0:18:20,1
B75X0SF11G,109.444,24.3099,203757,35,110,0,14-3-28 0:19:50,1
B75X0SF11G,109.438,24.3052,203766,29,125,0,14-3-28 0:21:20,1
B75X0SF11G,109.436,24.3049,203767,3,125,0,14-3-28 0:22:50,1
B75X0SF11G,109.428,24.3054,203774,38,140,0,14-3-28 0:24:20,1
B75X0SF11G,109.42,24.3062,203783,0,65,0,14-3-28 0:25:50,1
B75X0SF11G,109.416,24.3059,203787,0,105,0,14-3-28 0:27:20,1
B75X0SF11G,109.41,24.3054,203792,46,130,0,14-3-28 0:28:50,1
B75X0SF11G,109.4,24.3068,203804,31,145,0,14-3-28 0:30:20,1
B75X0SF11G,109.396,24.3074,203812,27,50,0,14-3-28 0:31:50,1
B75X0SF11G,109.4,24.3043,203818,29,95,0,14-3-28 0:33:20,1
B75X0SF11G,109.399,24.303,203819,7,80,0,14-3-28 0:34:50,1
B75X0SF11G,109.4,24.3031,203820,1,85,0,14-3-28 0:36:20,1
B75X0SF11G,109.4,24.3028,203820,0,90,0,14-3-28 0:37:50,1
B75X0SF11G,109.4,24.3028,203820,0,50,0,14-3-28 0:39:20,1
B75X0SF11G,109.4,24.3028,203820,0,45,0,14-3-28 0:40:50,1
B75X0SF11G,109.4,24.3028,203820,0,30,0,14-3-28 0:42:20,1
B75X0SF11G,109.4,24.3028,203820,0,40,0,14-3-28 0:43:51,1
B75X0SF11G,109.4,24.3028,203820,0,70,0,14-3-28 0:45:20,1
B75X0SF11G,109.4,24.3028,203820,0,60,0,14-3-28 0:46:51,1
B75X0SF11G,109.4,24.3028,203820,0,60,0,14-3-28 0:48:21,1
B75X0SF11G,109.4,24.3028,203820,0,65,0,14-3-28 0:49:49,1
B75X0SF11G,109.4,24.3028,203820,0,75,0,14-3-28 0:51:19,1
B75X0SF11G,109.4,24.3028,203820,0,70,0,14-3-28 0:52:49,1
B75X0SF11G,109.4,24.3028,203820,0,65,0,14-3-28 0:54:20,1
B75X0SF11G,109.4,24.3028,203820,0,70,0,14-3-28 0:55:50,1
B75X0SF11G,109.4,24.3028,203820,0,5,0,14-3-28 0:57:20,1
B75X0SF11G,109.4,24.3028,203820,0,65,0,14-3-28 0:58:50,1
B75X0SF11G,109.4,24.3028,203820,0,65,0,14-3-28 1:0:20,1
B75X0SF11G,109.4,24.3028,203820,0,5,0,14-3-28 1:1:50,1
B75X0SF11G,109.4,24.3028,203820,0,40,0,14-3-28 1:3:20,1
B75X0SF11G,109.4,24.3028,203820,0,65,0,14-3-28 1:4:50,1
B75X0SF11G,109.4,24.3028,203820,0,55,0,14-3-28 1:6:20,1
B75X0SF11G,109.4,24.3028,203820,0,10,0,14-3-28 1:7:50,1
B75X0SF11G,109.4,24.3028,203820,0,175,0,14-3-28 1:9:20,1
B75X0SF11G,109.4,24.3028,203820,0,30,0,14-3-28 1:10:50,1
B75X0SF11G,109.4,24.3028,203820,0,30,0,14-3-28 1:12:20,1
B75X0SF11G,109.4,24.3028,203820,0,50,0,14-3-28 1:13:50,1
B75X0SF11G,109.4,24.3028,203820,0,70,0,14-3-28 1:15:20,1
B75X0SF11G,109.4,24.3028,203820,0,45,0,14-3-28 1:16:50,1
B75X0SF11G,109.4,24.3028,203820,0,25,0,14-3-28 1:18:20,1
B75X0SF11G,109.4,24.3028,203820,0,5,0,14-3-28 1:19:50,1
B75X0SF11G,109.4,24.3028,203820,0,50,0,14-3-28 1:21:20,1
B75X0SF11G,109.4,24.3027,203820,0,85,0,14-3-28 1:22:50,1
B75X0SF11G,109.4,24.3027,203820,0,60,0,14-3-28 1:24:20,1
B75X0SF11G,109.4,24.3027,203820,0,80,0,14-3-28 1:25:50,1
B75X0SF11G,109.4,24.3027,203820,0,125,0,14-3-28 1:27:20,1
B75X0SF11G,109.4,24.3027,203820,0,90,0,14-3-28 1:28:50,1
B75X0SF11G,109.4,24.3027,203820,0,60,0,14-3-28 1:30:20,1
B75X0SF11G,109.4,24.3027,203820,0,15,0,14-3-28 1:31:50,1
B75X0SF11G,109.4,24.3027,203820,0,130,0,14-3-28 1:33:20,1
B75X0SF11G,109.4,24.3027,203820,0,25,0,14-3-28 1:34:50,1
B75X0SF11G,109.4,24.3027,203820,0,150,0,14-3-28 1:36:20,1
B75X0SF11G,109.4,24.3027,203820,0,70,0,14-3-28 1:37:50,1
B75X0SF11G,109.4,24.3027,203821,0,140,0,14-3-28 1:39:20,1
B75X0SF11G,109.4,24.3026,203821,0,155,0,14-3-28 1:40:50,1
B75X0SF11G,109.4,24.3026,203821,0,145,0,14-3-28 1:42:20,1
B75X0SF11G,109.4,24.3026,203821,0,70,0,14-3-28 1:43:50,1
B75X0SF11G,109.4,24.3026,203821,0,160,0,14-3-28 1:45:20,1
B75X0SF11G,109.4,24.3026,203821,0,55,0,14-3-28 1:46:50,1
B75X0SF11G,109.4,24.3026,203821,0,80,0,14-3-28 1:48:20,1
B75X0SF11G,109.4,24.3027,203821,0,70,0,14-3-28 1:49:50,1
B75X0SF11G,109.4,24.3027,203821,0,45,0,14-3-28 1:51:20,1
B75X0SF11G,109.4,24.3027,203821,0,140,0,14-3-28 1:52:50,1
B75X0SF11G,109.4,24.3026,203821,0,90,0,14-3-28 1:54:20,1
B75X0SF11G,109.4,24.3026,203821,0,20,0,14-3-28 1:55:50,1
B75X0SF11G,109.4,24.3026,203821,0,45,0,14-3-28 1:57:20,1
B75X0SF11G,109.4,24.3026,203821,0,160,0,14-3-28 1:58:50,1
B75X0SF11G,109.4,24.3026,203821,0,55,0,14-3-28 2:0:20,1
B75X0SF11G,109.4,24.3026,203821,0,70,0,14-3-28 2:1:50,1
B75X0SF11G,109.4,24.3026,203821,0,70,0,14-3-28 2:3:20,1
B75X0SF11G,109.4,24.3026,203821,0,60,0,14-3-28 2:4:50,1
B75X0SF11G,109.4,24.3026,203821,0,170,0,14-3-28 2:6:20,1
B75X0SF11G,109.4,24.3026,203821,0,75,0,14-3-28 2:7:50,1
B75X0SF11G,109.4,24.3026,203821,0,50,0,14-3-28 2:9:20,1
B75X0SF11G,109.4,24.3026,203821,0,175,0,14-3-28 2:10:50,1
B75X0SF11G,109.4,24.3027,203821,0,160,0,14-3-28 2:12:20,1
B75X0SF11G,109.4,24.3027,203821,0,160,0,14-3-28 2:13:50,1
B75X0SF11G,109.4,24.3027,203821,0,140,0,14-3-28 2:15:20,1
B75X0SF11G,109.4,24.3026,203821,0,155,0,14-3-28 2:16:50,1
B75X0SF11G,109.4,24.3026,203821,0,155,0,14-3-28 2:18:20,1
B75X0SF11G,109.4,24.3026,203821,0,0,0,14-3-28 2:19:50,1
B75X0SF11G,109.4,24.3027,203821,0,65,0,14-3-28 2:21:20,1
B75X0SF11G,109.4,24.3027,203821,0,165,0,14-3-28 2:22:50,1
B75X0SF11G,109.4,24.3027,203821,0,170,0,14-3-28 2:24:20,1
B75X0SF11G,109.4,24.3027,203821,0,80,0,14-3-28 2:25:50,1
B75X0SF11G,109.4,24.3026,203821,0,80,0,14-3-28 2:27:20,1
B75X0SF11G,109.4,24.3026,203821,0,45,0,14-3-28 2:28:50,1
B75X0SF11G,109.4,24.3026,203821,0,0,0,14-3-28 2:30:20,1
B75X0SF11G,109.4,24.3026,203821,0,5,0,14-3-28 2:31:50,1
B75X0SF11G,109.4,24.3026,203821,0,175,0,14-3-28 2:33:20,1
B75X0SF11G,109.4,24.3026,203821,0,175,0,14-3-28 2:34:50,1
B75X0SF11G,109.4,24.3026,203821,0,85,0,14-3-28 2:36:20,1
B75X0SF11G,109.4,24.3026,203821,0,85,0,14-3-28 2:37:50,1
B75X0SF11G,109.4,24.3026,203821,0,175,0,14-3-28 2:39:20,1
B75X0SF11G,109.4,24.3026,203821,0,70,0,14-3-28 2:40:50,1
B75X0SF11G,109.4,24.3026,203821,0,80,0,14-3-28 2:42:20,1
B75X0SF11G,109.4,24.3026,203821,0,70,0,14-3-28 2:43:50,1
B75X0SF11G,109.4,24.3026,203821,0,50,0,14-3-28 2:45:20,1
B75X0SF11G,109.4,24.3026,203821,0,0,0,14-3-28 2:46:50,1
B75X0SF11G,109.4,24.3026,203821,0,35,0,14-3-28 2:48:20,1
B75X0SF11G,109.4,24.3026,203821,0,10,0,14-3-28 2:49:50,1
B75X0SF11G,109.4,24.3026,203821,0,25,0,14-3-28 2:51:20,1
B75X0SF11G,109.4,24.3026,203821,0,45,0,14-3-28 2:52:50,1
B75X0SF11G,109.4,24.3026,203821,0,75,0,14-3-28 2:54:20,1
B75X0SF11G,109.4,24.3026,203821,0,55,0,14-3-28 2:55:50,1
B75X0SF11G,109.4,24.3026,203821,0,65,0,14-3-28 2:57:20,1
B75X0SF11G,109.4,24.3026,203821,0,15,0,14-3-28 2:58:50,1
B75X0SF11G,109.4,24.3026,203821,0,50,0,14-3-28 3:0:20,1
B75X0SF11G,109.4,24.3026,203821,0,45,0,14-3-28 3:1:50,1
B75X0SF11G,109.4,24.3026,203821,0,45,0,14-3-28 3:3:20,1
B75X0SF11G,109.4,24.3026,203821,0,70,0,14-3-28 3:4:50,1
B75X0SF11G,109.4,24.3026,203821,0,65,0,14-3-28 3:6:20,1
B75X0SF11G,109.4,24.3026,203821,0,35,0,14-3-28 3:7:50,1
B75X0SF11G,109.4,24.3026,203821,0,40,0,14-3-28 3:9:20,1
B75X0SF11G,109.4,24.3026,203821,0,50,0,14-3-28 3:10:50,1
B75X0SF11G,109.4,24.3026,203821,0,25,0,14-3-28 3:12:20,1
B75X0SF11G,109.4,24.3026,203821,0,90,0,14-3-28 3:13:50,1
B75X0SF11G,109.4,24.3026,203821,0,40,0,14-3-28 3:15:20,1
B75X0SF11G,109.4,24.3026,203821,0,85,0,14-3-28 3:16:50,1
B75X0SF11G,109.4,24.3026,203821,0,55,0,14-3-28 3:18:20,1
B75X0SF11G,109.4,24.3026,203821,0,15,0,14-3-28 3:19:50,1
B75X0SF11G,109.4,24.3026,203821,0,20,0,14-3-28 3:21:20,1
B75X0SF11G,109.4,24.3026,203821,0,30,0,14-3-28 3:22:50,1
B75X0SF11G,109.4,24.3026,203821,0,35,0,14-3-28 3:24:20,1
B75X0SF11G,109.4,24.3026,203821,0,30,0,14-3-28 3:25:50,1
B75X0SF11G,109.4,24.3026,203821,0,75,0,14-3-28 3:27:20,1
B75X0SF11G,109.4,24.3026,203821,0,20,0,14-3-28 3:28:50,1
B75X0SF11G,109.4,24.3026,203821,0,70,0,14-3-28 3:30:20,1
B75X0SF11G,109.4,24.3026,203821,0,10,0,14-3-28 3:31:50,1
B75X0SF11G,109.4,24.3026,203821,0,165,0,14-3-28 3:33:20,1
B75X0SF11G,109.4,24.3026,203821,0,90,0,14-3-28 3:34:50,1
B75X0SF11G,109.4,24.3026,203821,0,65,0,14-3-28 3:36:20,1
B75X0SF11G,109.4,24.3026,203821,0,35,0,14-3-28 3:37:50,1
B75X0SF11G,109.4,24.3026,203821,0,80,0,14-3-28 3:39:20,1
B75X0SF11G,109.4,24.3026,203821,0,140,0,14-3-28 3:40:50,1
B75X0SF11G,109.4,24.3026,203821,0,35,0,14-3-28 3:42:20,1
B75X0SF11G,109.4,24.3026,203821,0,70,0,14-3-28 3:43:50,1
B75X0SF11G,109.4,24.3026,203821,0,0,0,14-3-28 3:45:20,1
B75X0SF11G,109.4,24.3026,203821,0,70,0,14-3-28 3:46:50,1
B75X0SF11G,109.4,24.3026,203821,0,80,0,14-3-28 3:48:20,1
B75X0SF11G,109.4,24.3026,203821,0,170,0,14-3-28 3:49:50,1
B75X0SF11G,109.4,24.3026,203821,0,175,0,14-3-28 3:51:20,1
B75X0SF11G,109.4,24.3026,203821,0,175,0,14-3-28 3:52:50,1
B75X0SF11G,109.4,24.3026,203821,0,65,0,14-3-28 3:54:20,1
B75X0SF11G,109.4,24.3026,203821,0,175,0,14-3-28 3:55:50,1
B75X0SF11G,109.4,24.3026,203821,0,85,0,14-3-28 3:57:20,1
B75X0SF11G,109.4,24.3026,203821,0,75,0,14-3-28 3:58:50,1
B75X0SF11G,109.4,24.3026,203821,0,75,0,14-3-28 4:0:20,1
B75X0SF11G,109.4,24.3026,203821,0,165,0,14-3-28 4:1:50,1
B75X0SF11G,109.4,24.3026,203821,0,80,0,14-3-28 4:3:20,1
B75X0SF11G,109.4,24.3026,203821,0,160,0,14-3-28 4:4:50,1
B75X0SF11G,109.4,24.3026,203821,0,0,0,14-3-28 4:6:20,1
B75X0SF11G,109.4,24.3026,203821,0,70,0,14-3-28 4:7:50,1
B75X0SF11G,109.4,24.3026,203821,0,80,0,14-3-28 4:9:20,1
B75X0SF11G,109.4,24.3026,203821,0,80,0,14-3-28 4:10:50,1
B75X0SF11G,109.4,24.3026,203821,0,165,0,14-3-28 4:12:20,1
B75X0SF11G,109.4,24.3026,203821,0,150,0,14-3-28 4:13:50,1
B75X0SF11G,109.4,24.3026,203821,0,160,0,14-3-28 4:15:20,1
B75X0SF11G,109.4,24.3026,203821,0,80,0,14-3-28 4:16:50,1
B75X0SF11G,109.4,24.3026,203821,0,85,0,14-3-28 4:18:21,1
B75X0SF11G,109.4,24.3026,203821,0,160,0,14-3-28 4:19:50,1
B75X0SF11G,109.4,24.3026,203821,0,90,0,14-3-28 4:21:20,1
B75X0SF11G,109.4,24.3026,203821,0,155,0,14-3-28 4:22:51,1
B75X0SF11G,109.4,24.3026,203821,0,160,0,14-3-28 4:24:21,1
B75X0SF11G,109.4,24.3026,203821,0,85,0,14-3-28 4:25:51,1
B75X0SF11G,109.4,24.3026,203821,0,160,0,14-3-28 4:27:20,1
B75X0SF11G,109.4,24.3026,203821,0,125,0,14-3-28 4:28:51,1
B75X0SF11G,109.4,24.3026,203821,0,85,0,14-3-28 4:30:21,1
B75X0SF11G,109.4,24.3026,203821,0,80,0,14-3-28 4:31:51,1
B75X0SF11G,109.4,24.3026,203821,0,135,0,14-3-28 4:33:21,1
B75X0SF11G,109.4,24.3026,203821,0,165,0,14-3-28 4:34:51,1
B75X0SF11G,109.4,24.3026,203821,0,75,0,14-3-28 4:36:21,1
B75X0SF11G,109.4,24.3026,203821,0,85,0,14-3-28 4:37:51,1
B75X0SF11G,109.4,24.3026,203821,0,90,0,14-3-28 4:39:21,1
B75X0SF11G,109.4,24.3026,203821,0,95,0,14-3-28 4:40:51,1
B75X0SF11G,109.4,24.3026,203821,0,150,0,14-3-28 4:42:21,1
B75X0SF11G,109.4,24.3026,203821,0,100,0,14-3-28 4:43:51,1
B75X0SF11G,109.4,24.3026,203821,0,160,0,14-3-28 4:45:21,1
B75X0SF11G,109.4,24.3026,203821,0,30,0,14-3-28 4:46:51,1
B75X0SF11G,109.4,24.3026,203821,0,95,0,14-3-28 4:48:21,1
B75X0SF11G,109.4,24.3026,203821,0,130,0,14-3-28 4:49:51,1
B75X0SF11G,109.4,24.3026,203821,0,160,0,14-3-28 4:51:21,1
B75X0SF11G,109.4,24.3026,203821,0,165,0,14-3-28 4:52:51,1
B75X0SF11G,109.4,24.3026,203821,0,115,0,14-3-28 4:54:21,1
B75X0SF11G,109.4,24.3026,203821,0,80,0,14-3-28 4:55:51,1
B75X0SF11G,109.4,24.3026,203821,0,85,0,14-3-28 4:57:21,1
B75X0SF11G,109.4,24.3026,203821,0,165,0,14-3-28 4:58:51,1
B75X0SF11G,109.4,24.3026,203821,0,140,0,14-3-28 5:0:21,1
B75X0SF11G,109.4,24.3026,203821,0,75,0,14-3-28 5:1:51,1
B75X0SF11G,109.4,24.3026,203821,0,80,0,14-3-28 5:3:21,1
B75X0SF11G,109.4,24.3026,203821,0,160,0,14-3-28 5:4:51,1
B75X0SF11G,109.4,24.3026,203821,0,160,0,14-3-28 5:6:21,1
B75X0SF11G,109.4,24.3026,203821,0,155,0,14-3-28 5:7:51,1
B75X0SF11G,109.4,24.3026,203821,0,80,0,14-3-28 5:9:21,1
B75X0SF11G,109.4,24.3026,203821,0,135,0,14-3-28 5:10:51,1
B75X0SF11G,109.4,24.3026,203821,0,155,0,14-3-28 5:12:21,1
B75X0SF11G,109.4,24.3026,203821,0,75,0,14-3-28 5:13:51,1
B75X0SF11G,109.4,24.3026,203821,0,170,0,14-3-28 5:15:21,1
B75X0SF11G,109.4,24.3026,203821,0,170,0,14-3-28 5:16:51,1
B75X0SF11G,109.4,24.3026,203821,0,45,0,14-3-28 5:18:21,1
B75X0SF11G,109.4,24.3026,203821,0,85,0,14-3-28 5:19:51,1
B75X0SF11G,109.4,24.3026,203821,0,80,0,14-3-28 5:21:21,1
B75X0SF11G,109.4,24.3026,203821,0,170,0,14-3-28 5:22:51,1
B75X0SF11G,109.4,24.3026,203821,0,80,0,14-3-28 5:24:21,1
B75X0SF11G,109.4,24.3026,203821,0,160,0,14-3-28 5:25:51,1
B75X0SF11G,109.4,24.3026,203821,0,70,0,14-3-28 5:27:21,1
B75X0SF11G,109.4,24.3026,203821,0,75,0,14-3-28 5:28:51,1
B75X0SF11G,109.4,24.3026,203821,0,80,0,14-3-28 5:30:21,1
B75X0SF11G,109.4,24.3026,203821,0,85,0,14-3-28 5:31:51,1
B75X0SF11G,109.4,24.3026,203821,0,80,0,14-3-28 5:33:21,1
B75X0SF11G,109.4,24.3026,203821,0,85,0,14-3-28 5:34:51,1
B75X0SF11G,109.4,24.3026,203821,0,80,0,14-3-28 5:36:21,1
B75X0SF11G,109.4,24.3026,203821,0,80,0,14-3-28 5:37:51,1
B75X0SF11G,109.4,24.3026,203821,0,80,0,14-3-28 5:39:21,1
B75X0SF11G,109.4,24.3026,203821,0,85,0,14-3-28 5:40:51,1
B75X0SF11G,109.4,24.3026,203821,0,85,0,14-3-28 5:42:21,1
B75X0SF11G,109.4,24.3026,203821,0,85,0,14-3-28 5:43:51,1
B75X0SF11G,109.4,24.3026,203821,0,85,0,14-3-28 5:45:21,1
B75X0SF11G,109.4,24.3026,203821,0,30,0,14-3-28 5:46:51,1
B75X0SF11G,109.4,24.3026,203821,0,85,0,14-3-28 5:48:21,1
B75X0SF11G,109.4,24.3026,203821,0,80,0,14-3-28 5:49:51,1
B75X0SF11G,109.4,24.3026,203821,0,95,0,14-3-28 5:51:21,1
B75X0SF11G,109.4,24.3026,203821,0,80,0,14-3-28 5:52:51,1
B75X0SF11G,109.4,24.3026,203821,0,95,0,14-3-28 5:54:21,1
B75X0SF11G,109.4,24.3026,203821,0,120,0,14-3-28 5:55:51,1
B75X0SF11G,109.4,24.3026,203821,0,100,0,14-3-28 5:57:21,1
B75X0SF11G,109.4,24.3026,203821,0,85,0,14-3-28 5:58:51,1
B75X0SF11G,109.4,24.3026,203821,0,95,0,14-3-28 6:0:21,1
B75X0SF11G,109.4,24.3026,203821,0,80,0,14-3-28 6:1:51,1
B75X0SF11G,109.4,24.3026,203821,0,85,0,14-3-28 6:3:21,1
B75X0SF11G,109.4,24.3026,203821,0,45,0,14-3-28 6:4:51,1
B75X0SF11G,109.4,24.3026,203821,0,70,0,14-3-28 6:6:21,1
B75X0SF11G,109.4,24.3026,203821,0,60,0,14-3-28 6:7:51,1
B75X0SF11G,109.4,24.3026,203821,0,40,0,14-3-28 6:9:21,1
B75X0SF11G,109.4,24.3026,203821,0,65,0,14-3-28 6:10:51,1
B75X0SF11G,109.4,24.3026,203821,0,65,0,14-3-28 6:10:51,1
B75X0SF11G,109.4,24.3026,203821,0,70,0,14-3-28 6:12:21,1
B75X0SF11G,109.4,24.3026,203821,0,35,0,14-3-28 6:13:51,1
B75X0SF11G,109.4,24.3026,203821,0,20,0,14-3-28 6:15:21,1
B75X0SF11G,109.4,24.3026,203821,0,35,0,14-3-28 6:16:51,1
B75X0SF11G,109.4,24.3026,203821,0,90,0,14-3-28 6:18:21,1
B75X0SF11G,109.4,24.3026,203821,0,70,0,14-3-28 6:19:51,1
B75X0SF11G,109.4,24.3026,203821,0,0,0,14-3-28 6:21:21,1
B75X0SF11G,109.4,24.3026,203821,0,75,0,14-3-28 6:22:51,1
B75X0SF11G,109.4,24.3026,203821,0,95,0,14-3-28 6:24:21,1
B75X0SF11G,109.4,24.3026,203821,0,20,0,14-3-28 6:25:51,1
B75X0SF11G,109.4,24.3026,203821,0,85,0,14-3-28 6:27:21,1
B75X0SF11G,109.4,24.3026,203821,0,85,0,14-3-28 6:28:51,1
B75X0SF11G,109.4,24.3026,203821,0,40,0,14-3-28 6:30:21,1
B75X0SF11G,109.4,24.3026,203821,0,65,0,14-3-28 6:31:51,1
B75X0SF11G,109.4,24.3026,203821,0,65,0,14-3-28 6:31:51,1
B75X0SF11G,109.4,24.3026,203821,0,80,0,14-3-28 6:33:21,1
B75X0SF11G,109.4,24.3026,203821,0,55,0,14-3-28 6:34:51,1
B75X0SF11G,109.4,24.3026,203821,0,30,0,14-3-28 6:36:21,1
B75X0SF11G,109.4,24.3026,203821,0,90,0,14-3-28 6:37:51,1
B75X0SF11G,109.4,24.3026,203821,0,165,0,14-3-28 6:39:21,1
B75X0SF11G,109.4,24.3026,203821,0,10,0,14-3-28 6:40:51,1
B75X0SF11G,109.4,24.3026,203821,0,5,0,14-3-28 6:42:21,1
B75X0SF11G,109.4,24.3026,203821,0,10,0,14-3-28 6:43:51,1
B75X0SF11G,109.4,24.3026,203821,0,80,0,14-3-28 6:45:21,1
B75X0SF11G,109.4,24.3026,203821,0,75,0,14-3-28 6:46:51,1
B75X0SF11G,109.4,24.3026,203821,0,25,0,14-3-28 6:48:21,1
B75X0SF11G,109.4,24.3026,203821,0,95,0,14-3-28 6:49:51,1
B75X0SF11G,109.4,24.3026,203821,0,165,0,14-3-28 6:51:21,1
B75X0SF11G,109.4,24.3026,203821,0,85,0,14-3-28 6:52:51,1
B75X0SF11G,109.4,24.3026,203821,0,80,0,14-3-28 6:54:21,1
B75X0SF11G,109.4,24.3026,203821,0,170,0,14-3-28 6:55:51,1
B75X0SF11G,109.4,24.3028,203821,0,80,0,14-3-28 6:57:21,1
B75X0SF11G,109.4,24.3027,203821,0,120,0,14-3-28 6:58:51,1
B75X0SF11G,109.4,24.3027,203821,0,125,0,14-3-28 7:0:22,1
B75X0SF11G,109.4,24.3027,203821,0,90,0,14-3-28 7:1:52,1
B75X0SF11G,109.4,24.3027,203821,0,20,0,14-3-28 7:3:22,1
B75X0SF11G,109.4,24.3027,203821,0,0,0,14-3-28 7:4:52,1
B75X0SF11G,109.4,24.3027,203821,0,0,0,14-3-28 7:6:22,1
B75X0SF11G,109.4,24.3027,203821,0,15,0,14-3-28 7:7:52,1
B75X0SF11G,109.4,24.3028,203821,0,90,0,14-3-28 7:9:22,1
B75X0SF11G,109.4,24.3027,203821,0,80,0,14-3-28 7:10:52,1
B75X0SF11G,109.4,24.3027,203821,0,75,0,14-3-28 7:12:22,1
B75X0SF11G,109.4,24.3027,203821,0,80,0,14-3-28 7:13:52,1
B75X0SF11G,109.4,24.3027,203821,0,85,0,14-3-28 7:15:22,1
B75X0SF11G,109.4,24.3027,203821,0,75,0,14-3-28 7:16:52,1
B75X0SF11G,109.4,24.3027,203821,0,80,0,14-3-28 7:18:22,1
B75X0SF11G,109.4,24.3027,203821,0,85,0,14-3-28 7:19:52,1
B75X0SF11G,109.4,24.3027,203821,0,80,0,14-3-28 7:21:22,1
B75X0SF11G,109.4,24.3027,203821,0,40,0,14-3-28 7:22:52,1
B75X0SF11G,109.4,24.3027,203821,0,175,0,14-3-28 7:24:22,1
B75X0SF11G,109.4,24.3027,203821,0,70,0,14-3-28 7:25:52,1
B75X0SF11G,109.4,24.3027,203821,0,160,0,14-3-28 7:27:22,1
B75X0SF11G,109.4,24.3027,203821,0,0,0,14-3-28 7:28:52,1
B75X0SF11G,109.4,24.3027,203821,0,80,0,14-3-28 7:30:22,1
B75X0SF11G,109.4,24.3027,203821,0,80,0,14-3-28 7:31:52,1
B75X0SF11G,109.4,24.3027,203821,0,85,0,14-3-28 7:33:22,1
B75X0SF11G,109.4,24.3027,203821,0,155,0,14-3-28 7:34:52,1
B75X0SF11G,109.4,24.3028,203821,0,75,0,14-3-28 7:36:22,1
B75X0SF11G,109.4,24.3028,203821,0,0,0,14-3-28 7:37:52,1
B75X0SF11G,109.4,24.3028,203821,0,175,0,14-3-28 7:39:22,1
B75X0SF11G,109.4,24.3028,203821,0,75,0,14-3-28 7:40:52,1
B75X0SF11G,109.4,24.3028,203821,0,175,0,14-3-28 7:42:22,1
B75X0SF11G,109.4,24.3028,203821,0,70,0,14-3-28 7:43:52,1
B75X0SF11G,109.4,24.3028,203821,0,75,0,14-3-28 7:45:22,1
B75X0SF11G,109.4,24.3028,203821,0,65,0,14-3-28 7:46:52,1
B75X0SF11G,109.4,24.3028,203821,0,170,0,14-3-28 7:48:22,1
B75X0SF11G,109.4,24.3028,203821,0,170,0,14-3-28 7:49:52,1
B75X0SF11G,109.4,24.3028,203821,0,30,0,14-3-28 7:51:22,1
B75X0SF11G,109.4,24.3028,203821,0,75,0,14-3-28 7:52:52,1
B75X0SF11G,109.4,24.3028,203821,0,70,0,14-3-28 7:54:22,1
B75X0SF11G,109.4,24.3028,203821,0,85,0,14-3-28 7:55:52,1
B75X0SF11G,109.4,24.3027,203821,0,70,0,14-3-28 7:57:22,1
B75X0SF11G,109.4,24.3027,203821,0,75,0,14-3-28 7:58:52,1
B75X0SF11G,109.4,24.3027,203821,0,15,0,14-3-28 8:0:22,1
B75X0SF11G,109.4,24.3027,203821,0,70,0,14-3-28 8:1:52,1
B75X0SF11G,109.4,24.3027,203821,0,75,0,14-3-28 8:3:22,1
B75X0SF11G,109.4,24.3027,203821,0,75,0,14-3-28 8:4:52,1
B75X0SF11G,109.4,24.3027,203821,0,75,0,14-3-28 8:4:52,1
B75X0SF11G,109.4,24.3027,203821,0,55,0,14-3-28 8:6:22,1
B75X0SF11G,109.4,24.3027,203821,0,55,0,14-3-28 8:6:22,1
B75X0SF11G,109.4,24.3027,203821,0,30,0,14-3-28 8:7:52,1
B75X0SF11G,109.4,24.3027,203821,0,80,0,14-3-28 8:9:22,1
B75X0SF11G,109.4,24.3027,203821,0,60,0,14-3-28 8:10:52,1
B75X0SF11G,109.4,24.3027,203821,0,80,0,14-3-28 8:12:22,1
B75X0SF11G,109.4,24.3027,203821,0,65,0,14-3-28 8:13:52,1
B75X0SF11G,109.4,24.3027,203821,0,80,0,14-3-28 8:15:22,1
B75X0SF11G,109.4,24.3027,203821,0,75,0,14-3-28 8:16:52,1
B75X0SF11G,109.4,24.3027,203821,0,35,0,14-3-28 8:18:22,1
B75X0SF11G,109.4,24.3032,203821,0,75,0,14-3-28 8:19:52,1
B75X0SF11G,109.4,24.3032,203821,0,165,0,14-3-28 8:21:22,1
B75X0SF11G,109.4,24.3032,203821,0,155,0,14-3-28 8:22:52,1
B75X0SF11G,109.4,24.3032,203821,0,140,0,14-3-28 8:24:22,1
B75X0SF11G,109.4,24.3032,203821,0,80,0,14-3-28 8:25:52,1
B75X0SF11G,109.4,24.3032,203821,0,85,0,14-3-28 8:27:22,1
B75X0SF11G,109.4,24.3032,203821,0,15,0,14-3-28 8:28:52,1
B75X0SF11G,109.4,24.3032,203821,0,30,0,14-3-28 8:30:22,1
B75X0SF11G,109.4,24.3032,203821,0,30,0,14-3-28 8:30:22,1
B75X0SF11G,109.4,24.3032,203821,0,35,0,14-3-28 8:31:52,1
B75X0SF11G,109.4,24.3032,203821,0,80,0,14-3-28 8:33:22,1
B75X0SF11G,109.4,24.3032,203821,0,15,0,14-3-28 8:34:52,1
B75X0SF11G,109.4,24.3032,203821,0,140,0,14-3-28 8:36:22,1
B75X0SF11G,109.4,24.3032,203821,0,5,0,14-3-28 8:37:52,1
B75X0SF11G,109.4,24.3032,203821,0,170,0,14-3-28 8:39:22,1
B75X0SF11G,109.4,24.3032,203821,0,10,0,14-3-28 8:40:52,1
B75X0SF11G,109.4,24.3033,203821,0,110,0,14-3-28 8:42:22,1
B75X0SF11G,109.4,24.3033,203821,0,100,0,14-3-28 8:43:52,1
B75X0SF11G,109.4,24.3032,203821,0,140,0,14-3-28 8:45:22,1
B75X0SF11G,109.4,24.3032,203821,0,125,0,14-3-28 8:46:52,1
B75X0SF11G,109.4,24.3032,203821,0,100,0,14-3-28 8:48:22,1
B75X0SF11G,109.4,24.3032,203821,0,30,0,14-3-28 8:49:52,1
B75X0SF11G,109.4,24.3032,203821,0,95,0,14-3-28 8:51:22,1
B75X0SF11G,109.4,24.3032,203821,0,0,0,14-3-28 8:52:52,1
B75X0SF11G,109.4,24.3032,203821,0,175,0,14-3-28 8:54:22,1
B75X0SF11G,109.4,24.3032,203821,0,100,0,14-3-28 8:55:52,1
B75X0SF11G,109.4,24.3032,203821,0,15,0,14-3-28 8:57:22,1
B75X0SF11G,109.4,24.3032,203821,0,10,0,14-3-28 8:58:52,1
B75X0SF11G,109.4,24.3032,203821,0,105,0,14-3-28 9:0:22,1
B75X0SF11G,109.4,24.3032,203821,0,20,0,14-3-28 9:1:52,1
B75X0SF11G,109.4,24.3032,203821,0,0,0,14-3-28 9:3:22,1
B75X0SF11G,109.4,24.3032,203821,0,100,0,14-3-28 9:4:52,1
B75X0SF11G,109.4,24.3032,203821,0,155,0,14-3-28 9:6:22,1
B75X0SF11G,109.4,24.3032,203821,0,20,0,14-3-28 9:7:52,1
B75X0SF11G,109.4,24.3032,203821,0,10,0,14-3-28 9:9:22,1
B75X0SF11G,109.4,24.3032,203821,0,80,0,14-3-28 9:10:52,1
B75X0SF11G,109.4,24.3032,203821,0,50,0,14-3-28 9:12:22,1
B75X0SF11G,109.4,24.3032,203821,0,50,0,14-3-28 9:13:52,1
B75X0SF11G,109.4,24.3032,203821,0,100,0,14-3-28 9:15:22,1
B75X0SF11G,109.4,24.3032,203821,0,100,0,14-3-28 9:16:52,1
B75X0SF11G,109.4,24.3032,203821,0,0,0,14-3-28 9:18:22,1
B75X0SF11G,109.4,24.3032,203821,0,15,0,14-3-28 9:19:52,1
B75X0SF11G,109.4,24.3032,203821,0,95,0,14-3-28 9:21:22,1
B75X0SF11G,109.4,24.3032,203821,0,5,0,14-3-28 9:22:52,1
B75X0SF11G,109.4,24.3032,203821,0,170,0,14-3-28 9:24:22,1
B75X0SF11G,109.4,24.3032,203821,0,15,0,14-3-28 9:25:52,1
B75X0SF11G,109.4,24.3032,203821,0,100,0,14-3-28 9:27:22,1
B75X0SF11G,109.4,24.3032,203821,0,125,0,14-3-28 9:28:52,1
B75X0SF11G,109.4,24.3029,203821,1,70,0,14-3-28 9:30:22,1
B75X0SF11G,109.4,24.3027,203821,0,45,0,14-3-28 9:31:52,1
B75X0SF11G,109.4,24.3027,203821,0,60,0,14-3-28 9:33:22,1
B75X0SF11G,109.4,24.3027,203821,0,40,0,14-3-28 9:34:52,1
B75X0SF11G,109.4,24.3027,203821,0,120,0,14-3-28 9:36:22,1
B75X0SF11G,109.4,24.3027,203821,0,115,0,14-3-28 9:37:52,1
B75X0SF11G,109.4,24.3027,203821,0,120,0,14-3-28 9:39:22,1
B75X0SF11G,109.4,24.3027,203821,0,115,0,14-3-28 9:40:52,1
B75X0SF11G,109.4,24.3027,203821,0,55,0,14-3-28 9:42:22,1
B75X0SF11G,109.4,24.3027,203821,0,40,0,14-3-28 9:43:52,1
B75X0SF11G,109.4,24.3027,203821,0,110,0,14-3-28 9:45:22,1
B75X0SF11G,109.4,24.3027,203821,0,25,0,14-3-28 9:46:52,1
B75X0SF11G,109.4,24.3027,203821,0,55,0,14-3-28 9:48:22,1
B75X0SF11G,109.4,24.3027,203821,0,70,0,14-3-28 9:49:52,1
B75X0SF11G,109.4,24.3027,203821,0,55,0,14-3-28 9:51:22,1
B75X0SF11G,109.4,24.3027,203821,0,95,0,14-3-28 9:52:52,1
B75X0SF11G,109.4,24.3027,203821,0,65,0,14-3-28 9:54:22,1
B75X0SF11G,109.4,24.3027,203821,0,65,0,14-3-28 9:55:52,1
B75X0SF11G,109.4,24.3027,203821,0,25,0,14-3-28 9:57:22,1
B75X0SF11G,109.4,24.3027,203821,0,85,0,14-3-28 9:58:51,1
B75X0SF11G,109.4,24.3027,203821,0,0,0,14-3-28 10:0:21,1
B75X0SF11G,109.4,24.3027,203821,0,145,0,14-3-28 10:1:51,1
B75X0SF11G,109.4,24.3027,203821,0,60,0,14-3-28 10:3:22,1
B75X0SF11G,109.4,24.3028,203821,0,170,0,14-3-28 10:4:51,1
B75X0SF11G,109.4,24.3028,203821,0,125,0,14-3-28 10:6:21,1
B75X0SF11G,109.4,24.3028,203821,0,170,0,14-3-28 10:7:52,1
B75X0SF11G,109.4,24.3028,203821,0,105,0,14-3-28 10:9:21,1
B75X0SF11G,109.4,24.3028,203821,0,165,0,14-3-28 10:10:52,1
B75X0SF11G,109.4,24.3028,203821,0,55,0,14-3-28 10:12:22,1
B75X0SF11G,109.4,24.3028,203821,0,65,0,14-3-28 10:13:52,1
B75X0SF11G,109.4,24.3028,203821,0,140,0,14-3-28 10:15:22,1
B75X0SF11G,109.4,24.303,203822,5,170,0,14-3-28 10:16:51,1
B75X0SF11G,109.4,24.3046,203823,14,5,0,14-3-28 10:18:21,1
B75X0SF11G,109.4,24.3066,203825,1,30,0,14-3-28 10:19:51,1
B75X0SF11G,109.405,24.3051,203831,0,50,0,14-3-28 10:21:21,0
B75X0SF11G,109.414,24.3056,203840,29,40,0,14-3-28 10:22:52,1
B75X0SF11G,109.418,24.3059,203844,3,45,0,14-3-28 10:24:22,1
B75X0SF11G,109.419,24.3059,203844,0,125,0,14-3-28 10:25:52,1
B75X0SF11G,109.419,24.3059,203844,0,165,0,14-3-28 10:27:22,1
B75X0SF11G,109.42,24.3061,203845,0,10,0,14-3-28 10:28:52,1
B75X0SF11G,109.426,24.3064,203851,37,50,0,14-3-28 10:30:22,1
B75X0SF11G,109.43,24.3051,203855,11,45,0,14-3-28 10:31:52,1
B75X0SF11G,109.431,24.3049,203856,3,40,0,14-3-28 10:33:22,1
B75X0SF11G,109.431,24.305,203856,0,175,0,14-3-28 10:34:52,1
B75X0SF11G,109.431,24.305,203856,0,80,0,14-3-28 10:36:22,1
B75X0SF11G,109.431,24.305,203856,0,70,0,14-3-28 10:37:52,1
B75X0SF11G,109.431,24.305,203856,0,10,0,14-3-28 10:39:22,1
B75X0SF11G,109.431,24.305,203856,0,10,0,14-3-28 10:40:52,1
B75X0SF11G,109.431,24.3049,203856,0,65,0,14-3-28 10:42:22,1
B75X0SF11G,109.431,24.3048,203856,0,20,0,14-3-28 10:43:52,1
B75X0SF11G,109.431,24.3049,203856,0,55,0,14-3-28 10:45:22,1
B75X0SF11G,109.431,24.3049,203856,0,100,0,14-3-28 10:46:52,1
B75X0SF11G,109.431,24.3051,203856,0,100,0,14-3-28 10:48:22,1
B75X0SF11G,109.431,24.3049,203856,0,80,0,14-3-28 10:49:52,1
B75X0SF11G,109.431,24.3049,203856,0,100,0,14-3-28 10:51:22,1
B75X0SF11G,109.431,24.3049,203856,0,100,0,14-3-28 10:51:22,1
B75X0SF11G,109.433,24.305,203857,0,175,0,14-3-28 10:52:52,1
B75X0SF11G,109.436,24.3049,203860,0,175,0,14-3-28 10:54:22,1
B75X0SF11G,109.436,24.3049,203860,0,175,0,14-3-28 10:54:22,1
B75X0SF11G,109.437,24.305,203861,16,50,0,14-3-28 10:55:52,1
B75X0SF11G,109.443,24.3083,203868,33,20,0,14-3-28 10:57:22,1
B75X0SF11G,109.45,24.313,203877,31,30,0,14-3-28 10:58:52,1
B75X0SF11G,109.453,24.3136,203880,33,45,0,14-3-28 11:0:22,1
B75X0SF11G,109.453,24.3136,203880,33,45,0,14-3-28 11:0:22,1
B75X0SF11G,109.463,24.3122,203890,44,55,0,14-3-28 11:1:52,1
B75X0SF11G,109.463,24.3122,203890,44,55,0,14-3-28 11:1:52,1
B75X0SF11G,109.472,24.3071,203900,29,60,0,14-3-28 11:3:22,1
B75X0SF11G,109.472,24.3071,203900,29,60,0,14-3-28 11:3:22,1
B75X0SF11G,109.473,24.3007,203908,37,100,0,14-3-28 11:4:52,1
B75X0SF11G,109.473,24.3007,203908,37,100,0,14-3-28 11:4:52,1
B75X0SF11G,109.47,24.2975,203914,7,100,0,14-3-28 11:6:22,1
B75X0SF11G,109.47,24.2975,203914,7,100,0,14-3-28 11:6:22,1
B75X0SF11G,109.47,24.2961,203916,16,100,0,14-3-28 11:7:52,1
B75X0SF11G,109.469,24.2956,203916,0,60,0,14-3-28 11:9:22,1
B75X0SF11G,109.469,24.2956,203916,0,75,0,14-3-28 11:10:52,1
B75X0SF11G,109.469,24.2956,203916,0,85,0,14-3-28 11:12:22,1
B75X0SF11G,109.469,24.2956,203916,0,90,0,14-3-28 11:13:52,1
B75X0SF11G,109.469,24.2956,203916,0,105,0,14-3-28 11:15:22,1
B75X0SF11G,109.469,24.2956,203916,0,95,0,14-3-28 11:16:52,1
B75X0SF11G,109.469,24.2956,203916,0,75,0,14-3-28 11:18:22,1
B75X0SF11G,109.469,24.2956,203916,0,65,0,14-3-28 11:19:52,1
B75X0SF11G,109.469,24.2956,203916,0,100,0,14-3-28 11:21:22,1
B75X0SF11G,109.469,24.2956,203916,0,100,0,14-3-28 11:22:52,1
B75X0SF11G,109.469,24.2956,203916,0,100,0,14-3-28 11:24:22,1
B75X0SF11G,109.469,24.2956,203916,0,90,0,14-3-28 11:25:52,1
B75X0SF11G,109.469,24.2956,203916,0,75,0,14-3-28 11:27:22,1
B75X0SF11G,109.469,24.2956,203916,0,125,0,14-3-28 11:28:52,1
B75X0SF11G,109.469,24.2956,203916,0,90,0,14-3-28 11:30:22,1
B75X0SF11G,109.469,24.2956,203916,0,80,0,14-3-28 11:31:52,1
B75X0SF11G,109.469,24.2956,203916,0,75,0,14-3-28 11:33:22,1
B75X0SF11G,109.47,24.2959,203917,1,10,0,14-3-28 11:34:52,1
B75X0SF11G,109.47,24.2966,203917,1,10,0,14-3-28 11:36:22,1
B75X0SF11G,109.47,24.2965,203917,0,115,0,14-3-28 11:37:52,1
B75X0SF11G,109.47,24.2968,203917,0,10,0,14-3-28 11:39:22,1
B75X0SF11G,109.47,24.2976,203918,5,15,0,14-3-28 11:40:52,1
B75X0SF11G,109.47,24.2976,203919,0,155,0,14-3-28 11:42:22,1
B75X0SF11G,109.47,24.2976,203919,0,70,0,14-3-28 11:43:52,1
B75X0SF11G,109.47,24.2976,203919,0,135,0,14-3-28 11:45:22,1
B75X0SF11G,109.471,24.2974,203920,3,55,0,14-3-28 11:46:52,1
B75X0SF11G,109.473,24.2931,203926,40,100,0,14-3-28 11:48:22,1
B75X0SF11G,109.471,24.2829,203937,38,90,0,14-3-28 11:49:52,1
B75X0SF11G,109.47,24.2821,203938,0,80,0,14-3-28 11:51:22,1
B75X0SF11G,109.47,24.2821,203938,0,105,0,14-3-28 11:52:52,1
B75X0SF11G,109.47,24.2821,203938,0,90,0,14-3-28 11:54:22,1
B75X0SF11G,109.47,24.282,203938,0,95,0,14-3-28 11:55:52,1
B75X0SF11G,109.47,24.282,203938,0,30,0,14-3-28 11:57:22,1
B75X0SF11G,109.47,24.282,203938,0,125,0,14-3-28 11:58:52,1
B75X0SF11G,109.47,24.282,203938,0,20,0,14-3-28 12:0:22,1
B75X0SF11G,109.47,24.282,203938,0,125,0,14-3-28 12:1:52,1
B75X0SF11G,109.47,24.282,203938,0,10,0,14-3-28 12:3:22,1
B75X0SF11G,109.47,24.282,203938,0,100,0,14-3-28 12:4:52,1
B75X0SF11G,109.47,24.282,203938,0,115,0,14-3-28 12:6:22,1
B75X0SF11G,109.47,24.2821,203938,0,175,0,14-3-28 12:7:52,1
B75X0SF11G,109.47,24.2821,203938,0,150,0,14-3-28 12:9:22,1
B75X0SF11G,109.47,24.2821,203938,0,130,0,14-3-28 12:10:52,1
B75X0SF11G,109.47,24.2821,203938,0,50,0,14-3-28 12:12:22,1
B75X0SF11G,109.47,24.2821,203938,0,60,0,14-3-28 12:13:52,1
B75X0SF11G,109.47,24.277,203944,37,95,0,14-3-28 12:15:22,1
B75X0SF11G,109.469,24.2749,203946,0,10,0,14-3-28 12:16:52,1
B75X0SF11G,109.469,24.2747,203946,3,0,0,14-3-28 12:18:22,1
B75X0SF11G,109.47,24.2752,203947,5,90,0,14-3-28 12:19:52,1
B75X0SF11G,109.469,24.2751,203947,0,15,0,14-3-28 12:21:22,1
B75X0SF11G,109.47,24.2751,203947,0,55,0,14-3-28 12:22:52,1
B75X0SF11G,109.47,24.2751,203947,0,85,0,14-3-28 12:24:22,1
B75X0SF11G,109.47,24.2751,203947,0,85,0,14-3-28 12:24:22,1
B75X0SF11G,109.47,24.2751,203947,0,90,0,14-3-28 12:25:52,1
B75X0SF11G,109.47,24.2751,203947,0,90,0,14-3-28 12:25:52,1
B75X0SF11G,109.47,24.2751,203947,0,90,0,14-3-28 12:27:22,1
B75X0SF11G,109.47,24.2751,203947,0,90,0,14-3-28 12:27:22,1
B75X0SF11G,109.47,24.2751,203947,0,65,0,14-3-28 12:28:52,1
B75X0SF11G,109.47,24.2751,203947,0,10,0,14-3-28 12:30:22,1
B75X0SF11G,109.47,24.2751,203947,0,80,0,14-3-28 12:31:52,1
B75X0SF11G,109.47,24.2751,203947,0,10,0,14-3-28 12:33:22,1
B75X0SF11G,109.47,24.2751,203947,0,65,0,14-3-28 12:34:52,1
B75X0SF11G,109.47,24.2751,203947,0,140,0,14-3-28 12:36:22,1
B75X0SF11G,109.47,24.2751,203947,0,0,0,14-3-28 12:37:52,1
B75X0SF11G,109.47,24.2751,203947,0,0,0,14-3-28 12:37:52,1
B75X0SF11G,109.47,24.2751,203947,0,90,0,14-3-28 12:39:22,1
B75X0SF11G,109.47,24.2751,203947,0,90,0,14-3-28 12:39:22,1
B75X0SF11G,109.47,24.2751,203947,0,75,0,14-3-28 12:40:52,1
B75X0SF11G,109.47,24.2751,203947,0,60,0,14-3-28 12:42:22,1
B75X0SF11G,109.47,24.2751,203947,0,70,0,14-3-28 12:43:52,1
B75X0SF11G,109.47,24.2751,203947,0,85,0,14-3-28 12:45:22,1
B75X0SF11G,109.47,24.2751,203947,0,80,0,14-3-28 12:46:52,1
B75X0SF11G,109.47,24.2751,203947,0,65,0,14-3-28 12:48:22,1
B75X0SF11G,109.47,24.2751,203947,0,75,0,14-3-28 12:49:52,1
B75X0SF11G,109.47,24.2751,203947,0,75,0,14-3-28 12:51:22,1
B75X0SF11G,109.47,24.2751,203947,0,75,0,14-3-28 12:52:52,1
B75X0SF11G,109.47,24.2751,203947,0,70,0,14-3-28 12:54:22,1
B75X0SF11G,109.47,24.2751,203947,0,70,0,14-3-28 12:55:52,1
B75X0SF11G,109.47,24.2751,203947,0,65,0,14-3-28 12:57:22,1
B75X0SF11G,109.47,24.2751,203947,0,115,0,14-3-28 12:58:52,1
B75X0SF11G,109.47,24.2751,203947,0,25,0,14-3-28 13:0:22,1
B75X0SF11G,109.47,24.2751,203947,0,60,0,14-3-28 13:1:52,1
B75X0SF11G,109.47,24.2751,203947,0,5,0,14-3-28 13:3:22,1
B75X0SF11G,109.47,24.2751,203947,0,70,0,14-3-28 13:4:52,1
B75X0SF11G,109.47,24.2751,203947,0,85,0,14-3-28 13:6:22,1
B75X0SF11G,109.47,24.2751,203947,0,80,0,14-3-28 13:7:52,1
B75X0SF11G,109.47,24.2751,203947,0,0,0,14-3-28 13:9:22,1
B75X0SF11G,109.47,24.2751,203947,0,165,0,14-3-28 13:10:52,1
B75X0SF11G,109.47,24.2751,203947,0,65,0,14-3-28 13:12:22,1
B75X0SF11G,109.47,24.2751,203947,0,15,0,14-3-28 13:13:52,1
B75X0SF11G,109.47,24.2751,203947,0,85,0,14-3-28 13:15:22,1
B75X0SF11G,109.47,24.2751,203947,0,60,0,14-3-28 13:16:53,1
B75X0SF11G,109.47,24.2751,203947,0,15,0,14-3-28 13:18:23,1
B75X0SF11G,109.47,24.2751,203947,0,15,0,14-3-28 13:18:23,1
B75X0SF11G,109.47,24.2751,203947,0,10,0,14-3-28 13:19:53,1
B75X0SF11G,109.47,24.2751,203947,0,10,0,14-3-28 13:19:53,1
B75X0SF11G,109.469,24.2752,203947,0,65,0,14-3-28 13:21:23,1
B75X0SF11G,109.47,24.2752,203947,0,95,0,14-3-28 13:22:53,1
B75X0SF11G,109.469,24.275,203947,0,175,0,14-3-28 13:24:23,1
B75X0SF11G,109.469,24.2743,203948,5,150,0,14-3-28 13:25:53,1
B75X0SF11G,109.469,24.275,203949,5,140,0,14-3-28 13:27:22,1
B75X0SF11G,109.469,24.2746,203949,1,10,0,14-3-28 13:28:53,1
B75X0SF11G,109.469,24.2747,203949,0,50,0,14-3-28 13:30:23,1
B75X0SF11G,109.469,24.2735,203951,14,130,0,14-3-28 13:31:53,1
B75X0SF11G,109.464,24.2716,203958,31,95,0,14-3-28 13:33:23,1
B75X0SF11G,109.456,24.2699,203967,46,130,0,14-3-28 13:34:53,1
B75X0SF11G,109.443,24.27,203979,50,135,0,14-3-28 13:36:23,1
B75X0SF11G,109.431,24.27,203991,48,135,0,14-3-28 13:37:53,1
B75X0SF11G,109.42,24.2673,204004,50,135,0,14-3-28 13:39:23,1
B75X0SF11G,109.411,24.2651,204014,55,115,0,14-3-28 13:40:53,1
B75X0SF11G,109.411,24.2651,204014,55,115,0,14-3-28 13:40:53,1
B75X0SF11G,109.401,24.2615,204024,3,135,0,14-3-28 13:42:23,1
B75X0SF11G,109.4,24.2619,204025,0,50,0,14-3-28 13:43:53,1
B75X0SF11G,109.4,24.2626,204026,12,160,0,14-3-28 13:45:23,1
B75X0SF11G,109.398,24.2646,204028,12,155,0,14-3-28 13:46:53,1
B75X0SF11G,109.395,24.2651,204031,14,175,0,14-3-28 13:48:23,1
B75X0SF11G,109.395,24.2728,204039,40,175,0,14-3-28 13:49:53,1
B75X0SF11G,109.395,24.2748,204041,0,85,0,14-3-28 13:51:23,1
B75X0SF11G,109.395,24.2758,204043,1,85,0,14-3-28 13:52:53,1
B75X0SF11G,109.395,24.2754,204043,0,75,0,14-3-28 13:54:23,1
B75X0SF11G,109.395,24.2754,204043,0,30,0,14-3-28 13:55:53,1
B75X0SF11G,109.395,24.2754,204043,0,75,0,14-3-28 13:57:23,1
B75X0SF11G,109.395,24.2754,204043,0,25,0,14-3-28 13:58:53,1
B75X0SF11G,109.395,24.2754,204043,0,85,0,14-3-28 14:0:23,1
B75X0SF11G,109.395,24.2754,204043,0,85,0,14-3-28 14:1:53,1
B75X0SF11G,109.395,24.2754,204043,0,65,0,14-3-28 14:3:23,1
B75X0SF11G,109.395,24.2754,204043,0,80,0,14-3-28 14:4:53,1
B75X0SF11G,109.395,24.2754,204043,0,130,0,14-3-28 14:6:23,1
B75X0SF11G,109.395,24.2754,204043,0,120,0,14-3-28 14:7:53,1
B75X0SF11G,109.395,24.2754,204043,0,0,0,14-3-28 14:9:23,1
B75X0SF11G,109.395,24.2754,204043,0,90,0,14-3-28 14:10:53,1
B75X0SF11G,109.395,24.2754,204043,0,165,0,14-3-28 14:12:23,1
B75X0SF11G,109.395,24.2754,204043,0,45,0,14-3-28 14:13:53,1
B75X0SF11G,109.395,24.2754,204043,0,110,0,14-3-28 14:15:23,1
B75X0SF11G,109.395,24.2754,204043,0,0,0,14-3-28 14:16:53,1
B75X0SF11G,109.395,24.2754,204043,0,105,0,14-3-28 14:18:23,1
B75X0SF11G,109.395,24.2754,204043,0,35,0,14-3-28 14:19:53,1
B75X0SF11G,109.395,24.2754,204043,0,0,0,14-3-28 14:22:53,1
B75X0SF11G,109.395,24.2754,204043,0,0,0,14-3-28 14:25:53,1
B75X0SF11G,109.395,24.2754,204043,0,0,0,14-3-28 14:28:53,1
B75X0SF11G,109.395,24.2754,204043,0,0,0,14-3-28 14:31:53,1
B75X0SF11G,109.395,24.2754,204043,0,0,0,14-3-28 14:34:53,1
B75X0SF11G,109.395,24.2754,204043,0,0,0,14-3-28 14:37:53,1
B75X0SF11G,109.395,24.2754,204043,0,0,0,14-3-28 14:40:53,1
B75X0SF11G,109.395,24.2754,204043,0,0,0,14-3-28 14:43:52,1
B75X0SF11G,109.395,24.2754,204043,0,0,0,14-3-28 14:46:52,1
B75X0SF11G,109.395,24.2754,204043,0,0,0,14-3-28 14:49:52,1
B75X0SF11G,109.395,24.2754,204043,0,0,0,14-3-28 14:52:52,1
B75X0SF11G,109.395,24.2754,204043,0,0,0,14-3-28 14:55:51,1
B75X0SF11G,109.395,24.2754,204043,0,0,0,14-3-28 14:58:51,1
B75X0SF11G,109.395,24.2754,204043,0,0,0,14-3-28 15:1:51,1
B75X0SF11G,109.395,24.2754,204043,0,0,0,14-3-28 15:4:51,1
B75X0SF11G,109.395,24.2754,204043,0,0,0,14-3-28 15:7:51,1
B75X0SF11G,109.395,24.2754,204043,0,0,0,14-3-28 15:10:51,1
B75X0SF11G,109.395,24.2754,204043,0,0,0,14-3-28 15:13:51,1
B75X0SF11G,109.395,24.2754,204043,0,0,0,14-3-28 15:16:51,1
B75X0SF11G,109.395,24.2754,204043,0,0,0,14-3-28 15:19:51,1
B75X0SF11G,109.395,24.2754,204043,0,0,0,14-3-28 15:22:51,1
B75X0SF11G,109.395,24.2754,204043,0,0,0,14-3-28 15:25:51,1
B75X0SF11G,109.395,24.2754,204043,0,0,0,14-3-28 15:28:51,1
B75X0SF11G,109.395,24.2754,204043,0,0,0,14-3-28 15:31:51,1
B75X0SF11G,109.395,24.2754,204043,0,0,0,14-3-28 15:34:51,1
B75X0SF11G,109.395,24.2754,204043,0,0,0,14-3-28 15:37:51,1
B75X0SF11G,109.395,24.2754,204043,0,0,0,14-3-28 15:40:51,1
B75X0SF11G,109.395,24.2754,204043,0,0,0,14-3-28 15:43:51,1
B75X0SF11G,109.395,24.2754,204043,0,0,0,14-3-28 15:46:51,1
B75X0SF11G,109.395,24.2754,204043,0,0,0,14-3-28 15:49:51,1
B75X0SF11G,109.395,24.2754,204043,0,0,0,14-3-28 15:52:51,1
B75X0SF11G,109.395,24.2754,204043,0,0,0,14-3-28 15:55:51,1
B75X0SF11G,109.395,24.2754,204043,0,0,0,14-3-28 15:58:50,1
B75X0SF11G,109.395,24.2754,204043,0,0,0,14-3-28 16:1:50,1
B75X0SF11G,109.395,24.2754,204043,0,0,0,14-3-28 16:4:50,1
B75X0SF11G,109.395,24.2754,204043,0,0,0,14-3-28 16:7:50,1
B75X0SF11G,109.395,24.2754,204043,0,0,0,14-3-28 16:10:49,1
B75X0SF11G,109.395,24.2754,204043,0,0,0,14-3-28 16:13:49,1
B75X0SF11G,109.395,24.2754,204043,0,0,0,14-3-28 16:16:49,1
B75X0SF11G,109.395,24.2754,204043,0,0,0,14-3-28 16:19:49,1
B75X0SF11G,109.395,24.2754,204043,0,0,0,14-3-28 16:22:50,1
B75X0SF11G,109.395,24.2754,204043,0,0,0,14-3-28 16:25:50,1
B75X0SF11G,109.395,24.2754,204043,0,0,0,14-3-28 16:28:50,1
B75X0SF11G,109.395,24.2754,204043,0,0,0,14-3-28 16:31:50,1
B75X0SF11G,109.395,24.2754,204043,0,0,0,14-3-28 16:34:50,1
B75X0SF11G,109.395,24.2754,204043,0,0,0,14-3-28 16:37:50,1
B75X0SF11G,109.395,24.2754,204043,0,0,0,14-3-28 16:40:50,1
B75X0SF11G,109.395,24.2754,204043,0,0,0,14-3-28 16:43:50,1
B75X0SF11G,109.395,24.2754,204043,0,0,0,14-3-28 16:46:50,1
B75X0SF11G,109.395,24.2754,204043,0,0,0,14-3-28 16:49:50,1
B75X0SF11G,109.395,24.2754,204043,0,0,0,14-3-28 16:52:50,1
B75X0SF11G,109.395,24.2754,204043,0,0,0,14-3-28 16:55:50,1
B75X0SF11G,109.395,24.2754,204043,0,0,0,14-3-28 16:58:50,1
B75X0SF11G,109.395,24.2754,204043,0,0,0,14-3-28 17:1:50,1
B75X0SF11G,109.395,24.2754,204043,0,0,0,14-3-28 17:4:50,1
B75X0SF11G,109.395,24.2754,204043,0,0,0,14-3-28 17:7:50,1
B75X0SF11G,109.395,24.2754,204043,0,0,0,14-3-28 17:10:50,1
B75X0SF11G,109.395,24.2754,204043,0,0,0,14-3-28 17:13:50,1
B75X0SF11G,109.395,24.2754,204043,0,0,0,14-3-28 17:16:50,1
B75X0SF11G,109.395,24.2754,204043,0,0,0,14-3-28 17:19:50,1
B75X0SF11G,109.395,24.2754,204043,0,0,0,14-3-28 17:22:50,1
B75X0SF11G,109.395,24.2754,204043,0,0,0,14-3-28 17:25:50,1
B75X0SF11G,109.395,24.2754,204043,0,0,0,14-3-28 17:28:50,1
B75X0SF11G,109.395,24.2754,204043,0,0,0,14-3-28 17:31:50,1
B75X0SF11G,109.395,24.2754,204043,0,0,0,14-3-28 17:34:50,1
B75X0SF11G,109.395,24.2754,204043,0,0,0,14-3-28 17:37:50,1
B75X0SF11G,109.395,24.2754,204043,0,0,0,14-3-28 17:40:50,1
B75X0SF11G,109.395,24.2754,204043,0,0,0,14-3-28 17:43:50,1
B75X0SF11G,109.395,24.2754,204043,0,0,0,14-3-28 17:46:50,1
B75X0SF11G,109.395,24.2754,204043,0,0,0,14-3-28 17:49:50,1
B75X0SF11G,109.395,24.2754,204043,0,0,0,14-3-28 17:52:49,1
B75X0SF11G,109.395,24.2754,204043,0,0,0,14-3-28 17:55:49,1
B75X0SF11G,109.395,24.2754,204043,0,0,0,14-3-28 17:58:49,1
B75X0SF11G,109.395,24.2754,204043,0,0,0,14-3-28 18:1:48,1
B75X0SF11G,109.395,24.2754,204043,0,0,0,14-3-28 18:4:48,1
B75X0SF11G,109.395,24.2754,204043,0,0,0,14-3-28 18:7:48,1
B75X0SF11G,109.395,24.2754,204043,0,0,0,14-3-28 18:10:48,1
B75X0SF11G,109.395,24.2754,204043,0,0,0,14-3-28 18:13:48,1
B75X0SF11G,109.395,24.2754,204043,0,0,0,14-3-28 18:16:48,1
B75X0SF11G,109.395,24.2754,204043,0,0,0,14-3-28 18:19:48,1
B75X0SF11G,109.395,24.2754,204043,0,0,0,14-3-28 18:25:48,1
B75X0SF11G,109.395,24.2754,204043,0,0,0,14-3-28 18:28:48,1
B75X0SF11G,109.395,24.2754,204043,0,0,0,14-3-28 18:31:48,1
B75X0SF11G,109.395,24.2754,204043,0,0,0,14-3-28 18:34:48,1
B75X0SF11G,109.395,24.2754,204043,0,0,0,14-3-28 18:37:48,1
B75X0SF11G,109.395,24.2754,204043,0,0,0,14-3-28 18:40:48,1
B75X0SF11G,109.395,24.2754,204043,0,0,0,14-3-28 18:43:48,1
B75X0SF11G,109.395,24.2754,204043,0,0,0,14-3-28 18:46:48,1
B75X0SF11G,109.395,24.2754,204043,0,0,0,14-3-28 18:49:48,1
B75X0SF11G,109.395,24.2754,204043,0,0,0,14-3-28 18:52:48,1
B75X0SF11G,109.395,24.2754,204043,0,0,0,14-3-28 18:55:48,1
B75X0SF11G,109.395,24.2754,204043,0,0,0,14-3-28 18:58:48,1
B75X0SF11G,109.395,24.2754,204043,0,0,0,14-3-28 19:1:47,1
B75X0SF11G,109.395,24.2754,204043,0,0,0,14-3-28 19:4:48,1
B75X0SF11G,109.395,24.2754,204043,0,0,0,14-3-28 19:7:47,1
B75X0SF11G,109.395,24.2754,204043,0,0,0,14-3-28 19:10:47,1
B75X0SF11G,109.395,24.2754,204043,0,0,0,14-3-28 19:13:48,1
B75X0SF11G,109.395,24.2754,204043,0,0,0,14-3-28 19:16:48,1
B75X0SF11G,109.395,24.2754,204043,0,0,0,14-3-28 19:19:48,1
B75X0SF11G,109.395,24.2754,204043,0,0,0,14-3-28 19:22:48,1
B75X0SF11G,109.395,24.2754,204043,0,0,0,14-3-28 19:25:48,1
B75X0SF11G,109.395,24.2754,204043,0,0,0,14-3-28 19:28:48,1
B75X0SF11G,109.395,24.2754,204043,0,0,0,14-3-28 19:31:48,1
B75X0SF11G,109.395,24.2754,204043,0,0,0,14-3-28 19:34:48,1
B75X0SF11G,109.395,24.2754,204043,0,0,0,14-3-28 19:37:48,1
B75X0SF11G,109.395,24.2754,204043,0,0,0,14-3-28 19:40:48,1
B75X0SF11G,109.395,24.2754,204043,0,0,0,14-3-28 19:43:48,1
B75X0SF11G,109.395,24.2754,204043,0,0,0,14-3-28 19:46:48,1
B75X0SF11G,109.395,24.2754,204043,0,0,0,14-3-28 19:49:48,1
B75X0SF11G,109.395,24.2754,204043,0,0,0,14-3-28 19:52:48,1
B75X0SF11G,109.395,24.2754,204043,0,0,0,14-3-28 19:55:48,1
B75X0SF11G,109.395,24.2754,204043,0,0,0,14-3-28 19:58:48,1
B75X0SF11G,109.395,24.2754,204043,0,0,0,14-3-28 20:1:48,1
B75X0SF11G,109.395,24.2754,204043,0,0,0,14-3-28 20:4:48,1
B75X0SF11G,109.395,24.2754,204043,0,0,0,14-3-28 20:7:48,1
B75X0SF11G,109.395,24.2754,204043,0,0,0,14-3-28 20:10:48,1
B75X0SF11G,109.395,24.2754,204043,0,0,0,14-3-28 20:13:48,1
B75X0SF11G,109.395,24.2754,204043,0,0,0,14-3-28 20:16:48,1
B75X0SF11G,109.395,24.2754,204043,0,0,0,14-3-28 20:19:48,1
B75X0SF11G,109.395,24.2754,204043,0,0,0,14-3-28 20:22:48,1
B75X0SF11G,109.395,24.2754,204043,0,0,0,14-3-28 20:25:48,1
B75X0SF11G,109.395,24.2754,204043,0,0,0,14-3-28 20:28:48,1
B75X0SF11G,109.395,24.2754,204043,0,0,0,14-3-28 20:31:48,1
B75X0SF11G,109.395,24.2754,204043,0,0,0,14-3-28 20:34:48,1
B75X0SF11G,109.395,24.2754,204043,0,0,0,14-3-28 20:37:48,1
B75X0SF11G,109.395,24.2754,204043,0,0,0,14-3-28 20:40:48,1
B75X0SF11G,109.395,24.2754,204043,0,0,0,14-3-28 20:43:48,1
B75X0SF11G,109.395,24.2754,204043,0,0,0,14-3-28 20:46:48,1
B75X0SF11G,109.395,24.2754,204043,0,0,0,14-3-28 20:49:48,1
B75X0SF11G,109.395,24.2754,204043,0,0,0,14-3-28 20:52:48,1
B75X0SF11G,109.395,24.2754,204043,0,0,0,14-3-28 20:55:48,1
B75X0SF11G,109.395,24.2754,204043,0,0,0,14-3-28 20:58:48,1
B75X0SF11G,109.395,24.2754,204043,0,0,0,14-3-28 21:1:48,1
B75X0SF11G,109.395,24.2754,204043,0,0,0,14-3-28 21:4:48,1
B75X0SF11G,109.395,24.2754,204043,0,0,0,14-3-28 21:7:48,1
B75X0SF11G,109.395,24.2754,204043,0,0,0,14-3-28 21:10:48,1
B75X0SF11G,109.395,24.2754,204043,0,0,0,14-3-28 21:13:48,1
B75X0SF11G,109.395,24.2754,204043,0,0,0,14-3-28 21:16:48,1
B75X0SF11G,109.395,24.2754,204043,0,0,0,14-3-28 21:19:48,1
B75X0SF11G,109.395,24.2754,204043,0,0,0,14-3-28 21:22:48,1
B75X0SF11G,109.395,24.2754,204043,0,0,0,14-3-28 21:25:48,1
B75X0SF11G,109.395,24.2754,204043,0,0,0,14-3-28 21:28:48,1
B75X0SF11G,109.395,24.2754,204043,0,0,0,14-3-28 21:31:48,1
B75X0SF11G,109.395,24.2754,204043,0,0,0,14-3-28 21:34:48,1
B75X0SF11G,109.395,24.2754,204043,0,0,0,14-3-28 21:37:48,1
B75X0SF11G,109.395,24.2754,204043,0,0,0,14-3-28 21:40:48,1
B75X0SF11G,109.395,24.2754,204043,0,0,0,14-3-28 21:43:48,1
B75X0SF11G,109.395,24.2754,204043,0,0,0,14-3-28 21:46:48,1
B75X0SF11G,109.395,24.2754,204043,0,0,0,14-3-28 21:49:47,1
B75X0SF11G,109.395,24.2754,204043,0,0,0,14-3-28 21:52:47,1
B75X0SF11G,109.395,24.2754,204043,0,0,0,14-3-28 21:55:47,1
B75X0SF11G,109.395,24.2754,204043,0,0,0,14-3-28 21:58:47,1
B75X0SF11G,109.395,24.2754,204043,0,0,0,14-3-28 22:1:47,1
B75X0SF11G,109.395,24.2754,204043,0,0,0,14-3-28 22:4:47,1
B75X0SF11G,109.395,24.2754,204043,0,0,0,14-3-28 22:7:48,1
B75X0SF11G,109.395,24.2754,204043,0,0,0,14-3-28 22:10:47,1
B75X0SF11G,109.395,24.2754,204043,0,0,0,14-3-28 22:13:48,1
B75X0SF11G,109.395,24.2754,204043,0,0,0,14-3-28 22:16:48,1
B75X0SF11G,109.395,24.2754,204043,0,0,0,14-3-28 22:19:48,1
B75X0SF11G,109.395,24.2754,204043,0,0,0,14-3-28 22:22:48,1
B75X0SF11G,109.395,24.2754,204043,0,0,0,14-3-28 22:25:48,1
B75X0SF11G,109.395,24.2754,204043,0,0,0,14-3-28 22:42:25,1
B75X0SF11G,109.395,24.2754,204043,0,0,0,14-3-28 22:45:25,1
B75X0SF11G,109.395,24.2754,204043,0,0,0,14-3-28 22:48:25,1
B75X0SF11G,109.395,24.2754,204043,0,0,0,14-3-28 22:51:25,1
B75X0SF11G,109.395,24.2754,204043,0,0,0,14-3-28 22:54:25,1
B75X0SF11G,109.395,24.2754,204043,0,0,0,14-3-28 22:57:25,1
B75X0SF11G,109.395,24.2754,204043,0,0,0,14-3-28 23:0:25,1
B75X0SF11G,109.395,24.2754,204043,0,0,0,14-3-28 23:3:25,1
B75X0SF11G,109.395,24.2754,204043,0,0,0,14-3-28 23:6:25,1
B75X0SF11G,109.395,24.2754,204043,0,0,0,14-3-28 23:9:25,1
B75X0SF11G,109.395,24.2754,204043,0,0,0,14-3-28 23:12:25,1
B75X0SF11G,109.395,24.2754,204043,0,0,0,14-3-28 23:15:25,1
B75X0SF11G,109.395,24.2754,204043,0,0,0,14-3-28 23:18:25,1
B75X0SF11G,109.395,24.2754,204043,0,0,0,14-3-28 23:21:25,1
B75X0SF11G,109.395,24.2754,204043,0,0,0,14-3-28 23:24:25,1
B75X0SF11G,109.395,24.2754,204043,0,0,0,14-3-28 23:27:25,1
B75X0SF11G,109.395,24.2754,204043,0,0,0,14-3-28 23:30:25,1
B75X0SF11G,109.395,24.2754,204043,0,0,0,14-3-28 23:33:25,1
B75X0SF11G,109.395,24.2754,204043,0,0,0,14-3-28 23:36:25,1
B75X0SF11G,109.395,24.2754,204043,0,0,0,14-3-28 23:39:25,1
B75X0SF11G,109.395,24.2754,204043,0,0,0,14-3-28 23:42:25,1
B75X0SF11G,109.395,24.2754,204043,0,0,0,14-3-28 23:45:25,1
B75X0SF11G,109.395,24.2754,204043,0,0,0,14-3-28 23:48:25,1
B75X0SF11G,109.395,24.2754,204043,0,0,0,14-3-28 23:51:25,1
B75X0SF11G,109.395,24.2754,204043,0,0,0,14-3-28 23:54:25,1
B75X0SF11G,109.395,24.2754,204043,0,0,0,14-3-28 23:56:32,1
B75X0SF11G,109.395,24.2754,204043,0,0,0,14-3-28 23:59:31,1
B75X0SF11G,109.395,24.2754,204043,0,0,0,14-3-29 0:2:31,1
B75X0SF11G,109.395,24.2754,204043,0,0,0,14-3-29 0:4:39,1
B75X0SF11G,109.395,24.2754,204043,0,0,0,14-3-29 0:7:39,1
B75X0SF11G,109.395,24.2754,204043,0,0,0,14-3-29 0:10:39,1
B75X0SF11G,109.395,24.2754,204043,0,0,0,14-3-29 0:13:39,1
B75X0SF11G,109.395,24.2754,204043,0,0,0,14-3-29 0:16:39,1
B75X0SF11G,109.395,24.2754,204043,0,0,0,14-3-29 0:19:39,1
B75X0SF11G,109.395,24.2754,204043,0,0,0,14-3-29 0:19:39,1
B75X0SF11G,109.395,24.2754,204043,0,0,0,14-3-29 0:22:39,1
B75X0SF11G,109.395,24.2754,204043,0,0,0,14-3-29 0:25:39,1
B75X0SF11G,109.395,24.2754,204043,0,0,0,14-3-29 0:28:39,1
B75X0SF11G,109.395,24.2754,204043,0,0,0,14-3-29 0:28:39,1
B75X0SF11G,109.395,24.2754,204043,0,0,0,14-3-29 0:31:39,1
B75X0SF11G,109.395,24.2754,204043,0,0,0,14-3-29 0:34:39,1
B75X0SF11G,109.395,24.2754,204043,0,0,0,14-3-29 0:37:39,1
B75X0SF11G,109.395,24.2754,204043,0,0,0,14-3-29 0:40:39,1
B75X0SF11G,109.395,24.2754,204043,0,0,0,14-3-29 0:43:39,1
B75X0SF11G,109.395,24.2754,204043,0,0,0,14-3-29 0:46:39,1
B75X0SF11G,109.395,24.2754,204043,0,0,0,14-3-29 0:46:39,1
B75X0SF11G,109.395,24.2754,204043,0,0,0,14-3-29 0:49:39,1
B75X0SF11G,109.395,24.2754,204043,0,0,0,14-3-29 0:49:39,1
B75X0SF11G,109.395,24.2754,204043,0,0,0,14-3-29 0:52:39,1
B75X0SF11G,109.395,24.2754,204043,0,0,0,14-3-29 0:55:39,1
B75X0SF11G,109.395,24.2754,204043,0,0,0,14-3-29 0:58:39,1
B75X0SF11G,109.395,24.2754,204043,0,0,0,14-3-29 1:1:39,1
B75X0SF11G,109.395,24.2754,204043,0,0,0,14-3-29 1:4:40,1
B75X0SF11G,109.395,24.2754,204043,0,0,0,14-3-29 1:7:40,1
B75X0SF11G,109.395,24.2754,204043,0,0,0,14-3-29 1:10:40,1
B75X0SF11G,109.395,24.2754,204043,0,0,0,14-3-29 1:13:40,1
B75X0SF11G,109.395,24.2754,204043,0,0,0,14-3-29 1:16:39,1
B75X0SF11G,109.395,24.2754,204043,0,0,0,14-3-29 1:19:40,1
B75X0SF11G,109.395,24.2754,204043,0,0,0,14-3-29 1:22:40,1
B75X0SF11G,109.395,24.2754,204043,0,0,0,14-3-29 1:25:40,1
B75X0SF11G,109.395,24.2754,204043,0,0,0,14-3-29 1:28:40,1
B75X0SF11G,109.395,24.2754,204043,0,0,0,14-3-29 1:31:40,1
B75X0SF11G,109.395,24.2754,204043,0,0,0,14-3-29 1:34:40,1
B75X0SF11G,109.395,24.2754,204043,0,0,0,14-3-29 1:37:40,1
B75X0SF11G,109.395,24.2754,204043,0,0,0,14-3-29 1:40:40,1
B75X0SF11G,109.395,24.2754,204043,0,0,0,14-3-29 1:45:44,1
B75X0SF11G,109.395,24.2754,204043,0,0,0,14-3-29 1:48:44,1
B75X0SF11G,109.395,24.2754,204043,0,0,0,14-3-29 1:51:44,1
B75X0SF11G,109.395,24.2754,204043,0,0,0,14-3-29 1:54:44,1
B75X0SF11G,109.395,24.2754,204043,0,0,0,14-3-29 1:57:44,1
B75X0SF11G,109.395,24.2754,204043,0,0,0,14-3-29 2:0:44,1
B75X0SF11G,109.395,24.2754,204043,0,0,0,14-3-29 2:3:44,1
B75X0SF11G,109.395,24.2754,204043,0,0,0,14-3-29 2:6:44,1
B75X0SF11G,109.395,24.2754,204043,0,0,0,14-3-29 2:9:44,1
B75X0SF11G,109.395,24.2754,204043,0,0,0,14-3-29 2:12:44,1
B75X0SF11G,109.395,24.2754,204043,0,0,0,14-3-29 2:15:44,1
B75X0SF11G,109.395,24.2754,204043,0,0,0,14-3-29 2:18:44,1
B75X0SF11G,109.395,24.2754,204043,0,0,0,14-3-29 2:21:44,1
B75X0SF11G,109.395,24.2754,204043,0,0,0,14-3-29 2:24:44,1
B75X0SF11G,109.395,24.2754,204043,0,0,0,14-3-29 2:27:43,1
B75X0SF11G,109.395,24.2754,204043,0,0,0,14-3-29 2:30:43,1
B75X0SF11G,109.395,24.2754,204043,0,0,0,14-3-29 2:33:43,1
B75X0SF11G,109.395,24.2754,204043,0,0,0,14-3-29 2:36:43,1
B75X0SF11G,109.395,24.2754,204043,0,0,0,14-3-29 2:39:43,1
B75X0SF11G,109.395,24.2754,204043,0,0,0,14-3-29 2:42:43,1
B75X0SF11G,109.395,24.2754,204043,0,0,0,14-3-29 2:45:43,1
B75X0SF11G,109.395,24.2754,204043,0,0,0,14-3-29 2:48:43,1
B75X0SF11G,109.395,24.2754,204043,0,0,0,14-3-29 2:51:43,1
B75X0SF11G,109.395,24.2754,204043,0,0,0,14-3-29 2:54:43,1
B75X0SF11G,109.395,24.2754,204043,0,0,0,14-3-29 2:57:43,1
B75X0SF11G,109.395,24.2754,204043,0,0,0,14-3-29 3:0:43,1
B75X0SF11G,109.395,24.2754,204043,0,0,0,14-3-29 3:3:43,1
B75X0SF11G,109.395,24.2754,204043,0,0,0,14-3-29 3:6:43,1
B75X0SF11G,109.395,24.2754,204043,0,0,0,14-3-29 3:9:43,1
B75X0SF11G,109.395,24.2754,204043,0,0,0,14-3-29 3:12:43,1
B75X0SF11G,109.395,24.2754,204043,0,0,0,14-3-29 3:15:43,1
B75X0SF11G,109.395,24.2754,204043,0,0,0,14-3-29 3:18:43,1
B75X0SF11G,109.395,24.2754,204043,0,0,0,14-3-29 3:21:43,1
B75X0SF11G,109.395,24.2754,204043,0,0,0,14-3-29 3:24:43,1
B75X0SF11G,109.395,24.2754,204043,0,0,0,14-3-29 3:27:43,1
B75X0SF11G,109.395,24.2754,204043,0,0,0,14-3-29 3:30:43,1
B75X0SF11G,109.395,24.2754,204043,0,0,0,14-3-29 3:33:43,1
B75X0SF11G,109.395,24.2754,204043,0,0,0,14-3-29 3:36:43,1
B75X0SF11G,109.395,24.2754,204043,0,0,0,14-3-29 3:39:43,1
B75X0SF11G,109.395,24.2754,204043,0,0,0,14-3-29 3:42:43,1
B75X0SF11G,109.395,24.2754,204043,0,0,0,14-3-29 3:45:43,1
B75X0SF11G,109.395,24.2754,204043,0,0,0,14-3-29 3:48:43,1
B75X0SF11G,109.395,24.2754,204043,0,0,0,14-3-29 3:51:43,1
B75X0SF11G,109.395,24.2754,204043,0,0,0,14-3-29 3:54:43,1
B75X0SF11G,109.395,24.2754,204043,0,0,0,14-3-29 3:57:43,1
B75X0SF11G,109.395,24.2754,204043,0,0,0,14-3-29 4:0:43,1
B75X0SF11G,109.395,24.2754,204043,0,0,0,14-3-29 4:3:43,1
B75X0SF11G,109.395,24.2754,204043,0,0,0,14-3-29 4:6:43,1
B75X0SF11G,109.395,24.2754,204043,0,0,0,14-3-29 4:9:43,1
B75X0SF11G,109.395,24.2754,204043,0,0,0,14-3-29 4:12:43,1
B75X0SF11G,109.395,24.2754,204043,0,0,0,14-3-29 4:15:43,1
B75X0SF11G,109.395,24.2754,204043,0,0,0,14-3-29 4:18:43,1
B75X0SF11G,109.395,24.2754,204043,0,0,0,14-3-29 4:21:43,1
B75X0SF11G,109.395,24.2754,204043,0,0,0,14-3-29 4:24:43,1
B75X0SF11G,109.395,24.2754,204043,0,0,0,14-3-29 4:27:44,1
B75X0SF11G,109.395,24.2754,204043,0,0,0,14-3-29 4:30:44,1
B75X0SF11G,109.395,24.2754,204043,0,0,0,14-3-29 4:33:44,1
B75X0SF11G,109.395,24.2754,204043,0,0,0,14-3-29 4:36:44,1
B75X0SF11G,109.395,24.2754,204043,0,0,0,14-3-29 4:39:44,1
B75X0SF11G,109.395,24.2754,204043,0,0,0,14-3-29 4:42:44,1
B75X0SF11G,109.395,24.2754,204043,0,0,0,14-3-29 4:45:44,1
B75X0SF11G,109.395,24.2754,204043,0,0,0,14-3-29 4:48:44,1
B75X0SF11G,109.395,24.2754,204043,0,0,0,14-3-29 4:51:44,1
B75X0SF11G,109.395,24.2754,204043,0,0,0,14-3-29 4:54:44,1
B75X0SF11G,109.395,24.2754,204043,0,0,0,14-3-29 4:57:44,1
B75X0SF11G,109.395,24.2754,204043,0,0,0,14-3-29 5:0:44,1
B75X0SF11G,109.395,24.2754,204043,0,0,0,14-3-29 5:3:44,1
B75X0SF11G,109.395,24.2754,204043,0,0,0,14-3-29 5:6:44,1
B75X0SF11G,109.395,24.2754,204043,0,0,0,14-3-29 5:9:44,1
B75X0SF11G,109.395,24.2754,204043,0,0,0,14-3-29 5:12:43,1
B75X0SF11G,109.395,24.2754,204043,0,0,0,14-3-29 5:15:43,1
B75X0SF11G,109.395,24.2754,204043,0,0,0,14-3-29 5:18:43,1
B75X0SF11G,109.395,24.2754,204043,0,0,0,14-3-29 5:21:43,1
B75X0SF11G,109.395,24.2754,204043,0,0,0,14-3-29 5:24:43,1
B75X0SF11G,109.395,24.2754,204043,0,0,0,14-3-29 5:27:42,1
B75X0SF11G,109.395,24.2754,204043,0,0,0,14-3-29 5:30:42,1
B75X0SF11G,109.395,24.2754,204043,0,0,0,14-3-29 5:33:42,1
B75X0SF11G,109.395,24.2754,204043,0,0,0,14-3-29 5:36:42,1
B75X0SF11G,109.395,24.2754,204043,0,0,0,14-3-29 5:39:42,1
B75X0SF11G,109.395,24.2754,204043,0,0,0,14-3-29 5:42:42,1
B75X0SF11G,109.395,24.2754,204043,0,0,0,14-3-29 5:45:42,1
B75X0SF11G,109.395,24.2754,204043,0,0,0,14-3-29 5:48:42,1
B75X0SF11G,109.395,24.2754,204043,0,0,0,14-3-29 5:51:42,1
B75X0SF11G,109.395,24.2754,204043,0,0,0,14-3-29 5:54:42,1
B75X0SF11G,109.395,24.2754,204043,0,0,0,14-3-29 5:57:42,1
B75X0SF11G,109.395,24.2754,204043,0,0,0,14-3-29 6:0:42,1
B75X0SF11G,109.395,24.2754,204043,0,0,0,14-3-29 6:3:42,1
B75X0SF11G,109.395,24.2754,204043,0,0,0,14-3-29 6:6:42,1
B75X0SF11G,109.395,24.2754,204043,0,0,0,14-3-29 6:9:42,1
B75X0SF11G,109.395,24.2754,204043,0,0,0,14-3-29 6:12:42,1
B75X0SF11G,109.395,24.2754,204043,0,0,0,14-3-29 6:15:42,1
B75X0SF11G,109.395,24.2754,204043,0,0,0,14-3-29 6:18:42,1
B75X0SF11G,109.395,24.2754,204043,0,0,0,14-3-29 6:21:42,1
B75X0SF11G,109.395,24.2754,204043,0,0,0,14-3-29 6:24:42,1
B75X0SF11G,109.395,24.2754,204043,0,0,0,14-3-29 6:27:42,1
B75X0SF11G,109.395,24.2754,204043,0,0,0,14-3-29 6:30:42,1
B75X0SF11G,109.395,24.2754,204043,0,0,0,14-3-29 6:33:42,1
B75X0SF11G,109.395,24.2754,204043,0,0,0,14-3-29 6:36:42,1
B75X0SF11G,109.395,24.2754,204043,0,0,0,14-3-29 6:39:42,1
B75X0SF11G,109.395,24.2754,204043,0,0,0,14-3-29 6:42:42,1
B75X0SF11G,109.395,24.2754,204043,0,0,0,14-3-29 6:45:42,1
B75X0SF11G,109.395,24.2754,204043,0,0,0,14-3-29 6:48:42,1
B75X0SF11G,109.395,24.2754,204043,0,0,0,14-3-29 6:51:42,1
B75X0SF11G,109.395,24.2754,204043,0,0,0,14-3-29 6:54:42,1
B75X0SF11G,109.395,24.2754,204043,0,0,0,14-3-29 6:57:42,1
B75X0SF11G,109.395,24.2754,204043,0,0,0,14-3-29 7:0:43,1
B75X0SF11G,109.395,24.2754,204043,0,0,0,14-3-29 7:3:42,1
B75X0SF11G,109.395,24.2754,204043,0,0,0,14-3-29 7:6:41,1
B75X0SF11G,109.395,24.2754,204043,0,0,0,14-3-29 7:9:42,1
B75X0SF11G,109.395,24.2754,204043,0,0,0,14-3-29 7:12:42,1
B75X0SF11G,109.395,24.2754,204043,0,0,0,14-3-29 7:15:42,1
B75X0SF11G,109.395,24.2754,204043,0,0,0,14-3-29 7:18:42,1
B75X0SF11G,109.395,24.2754,204043,0,0,0,14-3-29 7:21:42,1
B75X0SF11G,109.395,24.2754,204043,0,0,0,14-3-29 7:24:42,1
B75X0SF11G,109.395,24.2754,204043,0,0,0,14-3-29 7:27:42,1
B75X0SF11G,109.395,24.2754,204043,0,0,0,14-3-29 7:30:42,1
B75X0SF11G,109.395,24.2754,204043,0,0,0,14-3-29 7:33:42,1
B75X0SF11G,109.395,24.2754,204043,0,0,0,14-3-29 7:36:42,1
B75X0SF11G,109.395,24.2754,204043,0,0,0,14-3-29 7:39:42,1
B75X0SF11G,109.395,24.2754,204043,0,0,0,14-3-29 7:42:42,1
B75X0SF11G,109.395,24.2754,204043,0,0,0,14-3-29 7:45:42,1
B75X0SF11G,109.395,24.2754,204043,0,0,0,14-3-29 7:48:42,1
B75X0SF11G,109.395,24.2754,204043,0,0,0,14-3-29 7:51:42,1
B75X0SF11G,109.395,24.2754,204043,0,0,0,14-3-29 7:54:42,1
B75X0SF11G,109.395,24.2754,204043,0,0,0,14-3-29 7:57:42,1
B75X0SF11G,109.395,24.2754,204043,0,0,0,14-3-29 8:0:42,1
B75X0SF11G,109.395,24.2754,204043,0,0,0,14-3-29 8:3:42,1
B75X0SF11G,109.395,24.2754,204043,0,0,0,14-3-29 8:6:42,1
B75X0SF11G,109.395,24.2754,204043,0,0,0,14-3-29 8:9:42,1
B75X0SF11G,109.395,24.2754,204043,0,0,0,14-3-29 8:12:42,1
B75X0SF11G,109.395,24.2754,204043,0,0,0,14-3-29 8:15:42,1
B75X0SF11G,109.395,24.2754,204043,0,0,0,14-3-29 8:18:42,1
B75X0SF11G,109.395,24.2754,204043,0,0,0,14-3-29 8:21:42,1
B75X0SF11G,109.395,24.2754,204043,0,0,0,14-3-29 8:24:42,1
B75X0SF11G,109.395,24.2754,204043,0,0,0,14-3-29 8:27:42,1
B75X0SF11G,109.395,24.2754,204043,0,0,0,14-3-29 8:30:42,1
B75X0SF11G,109.395,24.2754,204043,0,0,0,14-3-29 8:33:42,1
B75X0SF11G,109.395,24.2754,204043,0,0,0,14-3-29 8:36:42,1
B75X0SF11G,109.395,24.2754,204043,0,0,0,14-3-29 8:39:42,1
B75X0SF11G,109.395,24.2754,204043,0,0,0,14-3-29 8:42:42,1
B75X0SF11G,109.395,24.2754,204043,0,0,0,14-3-29 8:45:42,1
B75X0SF11G,109.395,24.2754,204043,0,0,0,14-3-29 8:48:42,1
B75X0SF11G,109.395,24.2754,204043,0,0,0,14-3-29 8:51:42,1
B75X0SF11G,109.395,24.2754,204043,0,0,0,14-3-29 8:54:42,1
B75X0SF11G,109.395,24.2754,204043,0,0,0,14-3-29 8:57:42,1
B75X0SF11G,109.395,24.2754,204043,0,0,0,14-3-29 9:0:42,1
B75X0SF11G,109.395,24.2754,204043,0,0,0,14-3-29 9:3:42,1
B75X0SF11G,109.395,24.2754,204043,0,0,0,14-3-29 9:6:42,1
B75X0SF11G,109.395,24.2754,204043,0,0,0,14-3-29 9:9:42,1
B75X0SF11G,109.395,24.2754,204043,0,0,0,14-3-29 9:12:42,1
B75X0SF11G,109.395,24.2754,204043,0,0,0,14-3-29 9:15:42,1
B75X0SF11G,109.395,24.2754,204043,0,0,0,14-3-29 9:18:42,1
B75X0SF11G,109.395,24.2754,204043,0,0,0,14-3-29 9:21:42,1
B75X0SF11G,109.395,24.2754,204043,0,0,0,14-3-29 9:24:42,1
B75X0SF11G,109.395,24.2754,204043,0,0,0,14-3-29 9:27:42,1
B75X0SF11G,109.395,24.2754,204043,0,0,0,14-3-29 9:30:42,1
B75X0SF11G,109.395,24.2754,204043,0,0,0,14-3-29 9:33:42,1
B75X0SF11G,109.395,24.2754,204043,0,0,0,14-3-29 9:36:41,1
B75X0SF11G,109.395,24.2754,204043,0,0,0,14-3-29 9:39:41,1
B75X0SF11G,109.395,24.2754,204043,0,0,0,14-3-29 9:42:41,1
B75X0SF11G,109.395,24.2754,204043,0,0,0,14-3-29 9:45:41,1
B75X0SF11G,109.395,24.2754,204043,0,0,0,14-3-29 9:48:41,1
B75X0SF11G,109.395,24.2754,204043,0,0,0,14-3-29 9:51:41,1
B75X0SF11G,109.395,24.2754,204043,0,0,0,14-3-29 9:54:41,1
B75X0SF11G,109.395,24.2754,204043,0,0,0,14-3-29 9:57:41,1
B75X0SF11G,109.395,24.2754,204043,0,0,0,14-3-29 10:0:41,1
B75X0SF11G,109.395,24.2754,204043,0,0,0,14-3-29 10:3:41,1
B75X0SF11G,109.395,24.2754,204043,0,0,0,14-3-29 10:6:41,1
B75X0SF11G,109.395,24.2754,204043,0,0,0,14-3-29 10:9:41,1
B75X0SF11G,109.395,24.2754,204043,0,0,0,14-3-29 10:12:41,1
B75X0SF11G,109.395,24.2754,204043,0,0,0,14-3-29 10:15:42,1
B75X0SF11G,109.395,24.2754,204043,0,0,0,14-3-29 10:18:42,1
B75X0SF11G,109.395,24.2754,204043,0,0,0,14-3-29 10:21:42,1
B75X0SF11G,109.395,24.2754,204043,0,0,0,14-3-29 10:24:42,1
B75X0SF11G,109.395,24.2754,204043,0,0,0,14-3-29 10:27:42,1
B75X0SF11G,109.395,24.2754,204043,0,0,0,14-3-29 10:30:42,1
B75X0SF11G,109.395,24.2754,204043,0,0,0,14-3-29 10:33:42,1
B75X0SF11G,109.395,24.2754,204043,0,0,0,14-3-29 10:36:42,1
B75X0SF11G,109.395,24.2754,204043,0,0,0,14-3-29 10:39:42,1
B75X0SF11G,109.395,24.2754,204043,0,0,0,14-3-29 10:42:42,1
B75X0SF11G,109.395,24.2754,204043,0,0,0,14-3-29 10:45:42,1
B75X0SF11G,109.395,24.2754,204043,0,0,0,14-3-29 10:48:42,1
B75X0SF11G,109.395,24.2754,204043,0,0,0,14-3-29 10:51:42,1
B75X0SF11G,109.395,24.2754,204043,0,0,0,14-3-29 10:54:42,1
B75X0SF11G,109.395,24.2754,204043,0,0,0,14-3-29 10:57:42,1
B75X0SF11G,109.395,24.2754,204043,0,0,0,14-3-29 11:0:42,1
B75X0SF11G,109.395,24.2754,204043,0,0,0,14-3-29 11:3:42,1
B75X0SF11G,109.395,24.2754,204043,0,0,0,14-3-29 11:6:42,1
B75X0SF11G,109.395,24.2754,204043,0,0,0,14-3-29 11:9:42,1
B75X0SF11G,109.395,24.2754,204043,0,0,0,14-3-29 11:12:42,1
B75X0SF11G,109.395,24.2754,204043,0,0,0,14-3-29 11:15:42,1
B75X0SF11G,109.395,24.2754,204043,0,0,0,14-3-29 11:18:42,1
B75X0SF11G,109.395,24.2754,204043,0,0,0,14-3-29 11:21:42,1
B75X0SF11G,109.395,24.2754,204043,0,0,0,14-3-29 11:24:42,1
B75X0SF11G,109.395,24.2754,204043,0,0,0,14-3-29 11:27:42,1
B75X0SF11G,109.395,24.2754,204043,0,0,0,14-3-29 11:30:42,1
B75X0SF11G,109.395,24.2754,204043,0,0,0,14-3-29 11:33:42,1
B75X0SF11G,109.395,24.2754,204043,0,0,0,14-3-29 11:36:42,1
B75X0SF11G,109.395,24.2754,204043,0,0,0,14-3-29 11:39:42,1
B75X0SF11G,109.395,24.2754,204043,0,0,0,14-3-29 11:42:42,1
B75X0SF11G,109.395,24.2754,204043,0,0,0,14-3-29 11:45:42,1
B75X0SF11G,109.395,24.2754,204043,0,0,0,14-3-29 11:45:42,1
B75X0SF11G,109.395,24.2754,204043,0,0,0,14-3-29 11:48:42,1
B75X0SF11G,109.395,24.2754,204043,0,0,0,14-3-29 11:48:42,1
B75X0SF11G,109.395,24.2754,204043,0,0,0,14-3-29 11:51:42,1
B75X0SF11G,109.395,24.2754,204043,0,0,0,14-3-29 11:54:42,1
B75X0SF11G,109.395,24.2754,204043,0,0,0,14-3-29 11:57:42,1
B75X0SF11G,109.395,24.2754,204043,0,0,0,14-3-29 12:0:42,1
B75X0SF11G,109.395,24.2754,204043,0,0,0,14-3-29 12:3:42,1
B75X0SF11G,109.395,24.2754,204043,0,0,0,14-3-29 12:6:42,1
B75X0SF11G,109.395,24.2754,204043,0,0,0,14-3-29 12:9:42,1
B75X0SF11G,109.395,24.2754,204043,0,0,0,14-3-29 12:12:42,1
B75X0SF11G,109.395,24.2754,204043,0,0,0,14-3-29 12:15:42,1
B75X0SF11G,109.395,24.2754,204043,0,0,0,14-3-29 12:18:42,1
B75X0SF11G,109.395,24.2754,204043,0,0,0,14-3-29 12:21:42,1
B75X0SF11G,109.395,24.2754,204043,0,0,0,14-3-29 12:24:42,1
B75X0SF11G,109.395,24.2754,204043,0,0,0,14-3-29 12:27:42,1
B75X0SF11G,109.395,24.2754,204043,0,0,0,14-3-29 12:30:42,1
B75X0SF11G,109.395,24.2754,204043,0,0,0,14-3-29 12:33:42,1
B75X0SF11G,109.395,24.2754,204043,0,0,0,14-3-29 12:36:42,1
B75X0SF11G,109.395,24.2754,204043,0,0,0,14-3-29 12:39:42,1
B75X0SF11G,109.395,24.2754,204043,0,0,0,14-3-29 12:42:42,1
B75X0SF11G,109.395,24.2754,204043,0,0,0,14-3-29 12:45:42,1
B75X0SF11G,109.395,24.2754,204043,0,0,0,14-3-29 12:48:42,1
B75X0SF11G,109.395,24.2754,204043,0,0,0,14-3-29 12:51:42,1
B75X0SF11G,109.395,24.2754,204043,0,0,0,14-3-29 12:54:42,1
B75X0SF11G,109.395,24.2754,204043,0,0,0,14-3-29 12:57:42,1
B75X0SF11G,109.395,24.2754,204043,0,0,0,14-3-29 13:0:42,1
B75X0SF11G,109.395,24.2754,204043,0,0,0,14-3-29 13:3:42,1
B75X0SF11G,109.395,24.2754,204043,0,0,0,14-3-29 13:6:42,1
B75X0SF11G,109.395,24.2754,204043,0,0,0,14-3-29 13:9:42,1
B75X0SF11G,109.395,24.2754,204043,0,0,0,14-3-29 13:9:42,1
B75X0SF11G,109.395,24.2754,204043,0,0,0,14-3-29 13:12:42,1
B75X0SF11G,109.395,24.2754,204043,0,0,0,14-3-29 13:12:42,1
B75X0SF11G,109.395,24.2754,204043,0,0,0,14-3-29 13:15:42,1
B75X0SF11G,109.395,24.2754,204043,0,0,0,14-3-29 13:18:42,1
B75X0SF11G,109.395,24.2754,204043,0,0,0,14-3-29 13:18:42,1
B75X0SF11G,109.395,24.2754,204043,0,0,0,14-3-29 13:21:42,1
B75X0SF11G,109.395,24.2754,204043,0,0,0,14-3-29 13:24:42,1
B75X0SF11G,109.395,24.2754,204043,0,0,0,14-3-29 13:27:42,1
B75X0SF11G,109.395,24.2754,204043,0,0,0,14-3-29 13:30:42,1
B75X0SF11G,109.395,24.2754,204043,0,0,0,14-3-29 13:33:42,1
B75X0SF11G,109.395,24.2754,204043,0,0,0,14-3-29 13:33:42,1
B75X0SF11G,109.395,24.2754,204043,0,0,0,14-3-29 13:36:42,1
B75X0SF11G,109.395,24.2754,204043,0,0,0,14-3-29 13:36:42,1
B75X0SF11G,109.395,24.2754,204043,0,0,0,14-3-29 13:39:42,1
B75X0SF11G,109.395,24.2754,204043,0,0,0,14-3-29 13:39:42,1
B75X0SF11G,109.395,24.2754,204043,0,0,0,14-3-29 13:42:42,1
B75X0SF11G,109.395,24.2754,204043,0,0,0,14-3-29 13:45:43,1
B75X0SF11G,109.395,24.2754,204043,0,0,0,14-3-29 13:45:43,1
B75X0SF11G,109.395,24.2754,204043,0,0,0,14-3-29 13:48:43,1
B75X0SF11G,109.395,24.2754,204043,0,0,0,14-3-29 13:48:43,1
B75X0SF11G,109.395,24.2754,204043,0,0,0,14-3-29 13:51:43,1
B75X0SF11G,109.395,24.2754,204043,0,0,0,14-3-29 13:51:43,1
B75X0SF11G,109.395,24.2754,204043,0,0,0,14-3-29 13:54:43,1
B75X0SF11G,109.395,24.2754,204043,0,0,0,14-3-29 13:54:43,1
B75X0SF11G,109.395,24.2754,204043,0,0,0,14-3-29 13:57:43,1
B75X0SF11G,109.395,24.2754,204043,0,0,0,14-3-29 13:57:43,1
B75X0SF11G,109.395,24.2754,204043,0,0,0,14-3-29 14:0:43,1
B75X0SF11G,109.395,24.2754,204043,0,0,0,14-3-29 14:0:43,1
B75X0SF11G,109.395,24.2754,204043,0,0,0,14-3-29 14:3:43,1
B75X0SF11G,109.395,24.2754,204043,0,0,0,14-3-29 14:6:43,1
B75X0SF11G,109.395,24.2754,204043,0,0,0,14-3-29 14:9:43,1
B75X0SF11G,109.395,24.2753,204043,0,85,0,14-3-29 14:11:13,1
B75X0SF11G,109.395,24.2753,204043,0,85,0,14-3-29 14:11:13,1
B75X0SF11G,109.395,24.2753,204043,0,80,0,14-3-29 14:12:43,1
B75X0SF11G,109.395,24.2753,204043,0,80,0,14-3-29 14:12:43,1
B75X0SF11G,109.395,24.2753,204043,0,5,0,14-3-29 14:14:13,1
B75X0SF11G,109.395,24.2753,204043,0,5,0,14-3-29 14:14:13,1
B75X0SF11G,109.395,24.2753,204043,0,0,0,14-3-29 14:15:43,1
B75X0SF11G,109.395,24.2753,204043,0,5,0,14-3-29 14:18:43,1
B75X0SF11G,109.395,24.2753,204043,0,135,0,14-3-29 14:20:13,1
B75X0SF11G,109.395,24.2753,204043,0,145,0,14-3-29 14:21:43,1
B75X0SF11G,109.395,24.2753,204043,0,80,0,14-3-29 14:23:13,1
B75X0SF11G,109.395,24.2748,204044,3,105,0,14-3-29 14:24:43,1
B75X0SF11G,109.395,24.2747,204044,0,20,0,14-3-29 14:26:13,1
B75X0SF11G,109.394,24.2727,204046,24,90,0,14-3-29 14:27:43,1
B75X0SF11G,109.394,24.2655,204054,35,90,0,14-3-29 14:29:13,1
B75X0SF11G,109.398,24.2646,204057,7,70,0,14-3-29 14:30:43,1
B75X0SF11G,109.399,24.2626,204060,3,65,0,14-3-29 14:32:13,1
B75X0SF11G,109.401,24.2613,204062,14,55,0,14-3-29 14:33:43,1
B75X0SF11G,109.411,24.2655,204073,64,25,0,14-3-29 14:35:13,1
B75X0SF11G,109.423,24.2675,204086,44,25,0,14-3-29 14:36:43,1
B75X0SF11G,109.431,24.2673,204096,33,90,0,14-3-29 14:38:13,1
B75X0SF11G,109.438,24.2591,204107,50,65,0,14-3-29 14:39:43,1
B75X0SF11G,109.438,24.2591,204107,50,65,0,14-3-29 14:39:43,1
B75X0SF11G,109.438,24.2547,204113,0,5,0,14-3-29 14:41:13,1
B75X0SF11G,109.436,24.2463,204122,55,95,0,14-3-29 14:42:43,1
B75X0SF11G,109.432,24.2338,204136,59,95,0,14-3-29 14:44:13,1
B75X0SF11G,109.431,24.2285,204142,35,95,0,14-3-29 14:45:43,1
B75X0SF11G,109.43,24.2164,204155,37,90,0,14-3-29 14:47:13,1
B75X0SF11G,109.429,24.207,204165,3,85,0,14-3-29 14:48:43,1
B75X0SF11G,109.429,24.2033,204169,48,90,0,14-3-29 14:50:13,1
B75X0SF11G,109.427,24.1925,204181,46,90,0,14-3-29 14:51:43,1
B75X0SF11G,109.427,24.1847,204189,29,95,0,14-3-29 14:53:13,1
B75X0SF11G,109.426,24.1796,204194,20,95,0,14-3-29 14:54:43,1
B75X0SF11G,109.426,24.173,204201,27,85,0,14-3-29 14:56:13,1
B75X0SF11G,109.426,24.1647,204210,38,75,0,14-3-29 14:57:43,1
B75X0SF11G,109.429,24.1531,204223,59,80,0,14-3-29 14:59:13,1
B75X0SF11G,109.425,24.1398,204238,51,95,0,14-3-29 15:0:43,1
B75X0SF11G,109.42,24.1262,204254,64,95,0,14-3-29 15:2:13,1
B75X0SF11G,109.417,24.112,204269,77,90,0,14-3-29 15:3:43,1
B75X0SF11G,109.416,24.0967,204286,62,90,0,14-3-29 15:5:13,1
B75X0SF11G,109.414,24.0841,204300,44,100,0,14-3-29 15:6:43,1
B75X0SF11G,109.411,24.0739,204311,59,90,0,14-3-29 15:8:13,1
B75X0SF11G,109.409,24.0612,204325,44,90,0,14-3-29 15:9:43,1
B75X0SF11G,109.408,24.0497,204338,46,95,0,14-3-29 15:11:13,1
B75X0SF11G,109.406,24.0407,204348,31,90,0,14-3-29 15:12:43,1
B75X0SF11G,109.406,24.0407,204348,31,90,0,14-3-29 15:12:43,1
B75X0SF11G,109.406,24.0311,204358,16,85,0,14-3-29 15:14:13,1
B75X0SF11G,109.406,24.0311,204358,16,85,0,14-3-29 15:14:13,1
B75X0SF11G,109.407,24.0231,204367,37,40,0,14-3-29 15:15:43,1
B75X0SF11G,109.407,24.0231,204367,37,40,0,14-3-29 15:15:43,1
B75X0SF11G,109.42,24.0226,204381,66,60,0,14-3-29 15:17:13,1
B75X0SF11G,109.42,24.0226,204381,66,60,0,14-3-29 15:17:13,1
B75X0SF11G,109.433,24.0108,204399,72,70,0,14-3-29 15:18:43,1
B75X0SF11G,109.433,24.0108,204399,72,70,0,14-3-29 15:18:43,1
B75X0SF11G,109.447,24.0017,204417,72,55,0,14-3-29 15:20:13,1
B75X0SF11G,109.447,24.0017,204417,72,55,0,14-3-29 15:20:13,1
B75X0SF11G,109.456,23.9951,204429,57,60,0,14-3-29 15:21:43,1
B75X0SF11G,109.471,23.9954,204446,75,35,0,14-3-29 15:23:13,1
B75X0SF11G,109.49,23.9963,204465,64,40,0,14-3-29 15:24:43,1
B75X0SF11G,109.501,23.9986,204476,35,40,0,14-3-29 15:26:13,1
B75X0SF11G,109.514,24.0013,204490,55,50,0,14-3-29 15:27:43,1
B75X0SF11G,109.527,24.0058,204504,62,35,0,14-3-29 15:29:13,1
B75X0SF11G,109.543,24.0048,204519,51,45,0,14-3-29 15:30:43,1
B75X0SF11G,109.554,24.0016,204531,40,55,0,14-3-29 15:32:13,1
B75X0SF11G,109.551,23.9908,204545,70,90,0,14-3-29 15:33:43,1
B75X0SF11G,109.547,23.9776,204561,53,60,0,14-3-29 15:35:13,1
B75X0SF11G,109.555,23.969,204573,31,70,0,14-3-29 15:36:43,1
B75X0SF11G,109.561,23.9602,204585,44,70,0,14-3-29 15:38:13,1
B75X0SF11G,109.565,23.9501,204597,55,65,0,14-3-29 15:39:43,1
B75X0SF11G,109.576,23.9461,204609,33,55,0,14-3-29 15:41:13,1
B75X0SF11G,109.588,23.9496,204622,57,50,0,14-3-29 15:42:43,1
B75X0SF11G,109.6,23.9539,204635,64,40,0,14-3-29 15:44:13,1
B75X0SF11G,109.612,23.9563,204650,48,30,0,14-3-29 15:45:43,1
B75X0SF11G,109.622,23.9577,204661,40,45,0,14-3-29 15:47:13,1
B75X0SF11G,109.632,23.96,204672,31,35,0,14-3-29 15:48:43,1
B75X0SF11G,109.641,23.9645,204682,68,20,0,14-3-29 15:50:13,1
B75X0SF11G,109.655,23.9718,204697,51,35,0,14-3-29 15:51:43,1
B75X0SF11G,109.659,23.9721,204702,33,50,0,14-3-29 15:53:13,1
B75X0SF11G,109.666,23.9636,204714,51,70,0,14-3-29 15:54:43,1
B75X0SF11G,109.675,23.9627,204724,48,40,0,14-3-29 15:56:13,1
B75X0SF11G,109.682,23.9645,204731,25,35,0,14-3-29 15:57:43,1
B75X0SF11G,109.688,23.967,204738,33,25,0,14-3-29 15:59:13,1
B75X0SF11G,109.692,23.9692,204743,35,30,0,14-3-29 16:0:43,1
B75X0SF11G,109.701,23.9734,204752,44,30,0,14-3-29 16:2:13,1
B75X0SF11G,109.707,23.9747,204758,48,35,0,14-3-29 16:3:43,1
B75X0SF11G,109.714,23.9771,204766,37,30,0,14-3-29 16:5:13,1
B75X0SF11G,109.717,23.9791,204771,9,155,0,14-3-29 16:6:43,1
B75X0SF11G,109.716,23.9803,204773,11,40,0,14-3-29 16:8:13,1
B75X0SF11G,109.717,23.9824,204776,11,165,0,14-3-29 16:9:43,1
B75X0SF11G,109.718,23.9833,204778,9,30,0,14-3-29 16:11:13,1
B75X0SF11G,109.72,23.9842,204780,0,70,0,14-3-29 16:12:43,1
B75X0SF11G,109.72,23.9846,204780,0,105,0,14-3-29 16:14:13,1
B75X0SF11G,109.72,23.9845,204781,0,45,0,14-3-29 16:15:43,1
B75X0SF11G,109.721,23.9844,204781,5,40,0,14-3-29 16:17:13,1
B75X0SF11G,109.721,23.9844,204781,3,50,0,14-3-29 16:18:43,1
B75X0SF11G,109.72,23.9844,204782,0,20,0,14-3-29 16:20:13,1
B75X0SF11G,109.72,23.9841,204782,1,125,0,14-3-29 16:21:43,1
B75X0SF11G,109.72,23.9842,204782,0,20,0,14-3-29 16:23:13,1
B75X0SF11G,109.72,23.9842,204782,1,50,0,14-3-29 16:24:43,1
B75X0SF11G,109.72,23.9842,204782,0,80,0,14-3-29 16:26:13,1
B75X0SF11G,109.72,23.9842,204782,0,95,0,14-3-29 16:27:43,1
B75X0SF11G,109.72,23.9842,204782,0,85,0,14-3-29 16:29:13,1
B75X0SF11G,109.72,23.9842,204782,0,165,0,14-3-29 16:30:43,1
B75X0SF11G,109.72,23.9842,204782,0,175,0,14-3-29 16:32:13,1
B75X0SF11G,109.72,23.9841,204782,0,160,0,14-3-29 16:33:43,1
B75X0SF11G,109.72,23.9843,204782,0,140,0,14-3-29 16:35:13,1
B75X0SF11G,109.72,23.9842,204782,0,175,0,14-3-29 16:36:43,1
B75X0SF11G,109.72,23.9842,204782,0,175,0,14-3-29 16:36:43,1
B75X0SF11G,109.72,23.9842,204782,0,100,0,14-3-29 16:38:13,1
B75X0SF11G,109.72,23.9843,204782,0,55,0,14-3-29 16:39:43,1
B75X0SF11G,109.72,23.9843,204782,0,55,0,14-3-29 16:39:43,1
B75X0SF11G,109.72,23.9843,204782,0,50,0,14-3-29 16:41:13,1
B75X0SF11G,109.72,23.9843,204782,0,50,0,14-3-29 16:41:13,1
B75X0SF11G,109.72,23.9843,204782,0,160,0,14-3-29 16:42:43,1
B75X0SF11G,109.72,23.9843,204782,0,160,0,14-3-29 16:42:43,1
B75X0SF11G,109.72,23.9843,204782,0,45,0,14-3-29 16:44:13,1
B75X0SF11G,109.72,23.9843,204782,0,45,0,14-3-29 16:44:13,1
B75X0SF11G,109.72,23.9842,204782,0,140,0,14-3-29 16:45:43,1
B75X0SF11G,109.72,23.9842,204782,0,140,0,14-3-29 16:45:43,1
B75X0SF11G,109.72,23.9842,204782,0,140,0,14-3-29 16:47:13,1
B75X0SF11G,109.72,23.9842,204782,0,60,0,14-3-29 16:48:43,1
B75X0SF11G,109.72,23.9842,204782,0,140,0,14-3-29 16:50:13,1
B75X0SF11G,109.72,23.9843,204782,0,85,0,14-3-29 16:51:43,1
B75X0SF11G,109.72,23.9843,204782,0,155,0,14-3-29 16:53:13,1
B75X0SF11G,109.72,23.9842,204782,0,155,0,14-3-29 16:54:43,1
B75X0SF11G,109.72,23.9844,204782,0,40,0,14-3-29 16:56:13,1
B75X0SF11G,109.72,23.9842,204782,0,75,0,14-3-29 16:57:43,1
B75X0SF11G,109.72,23.9842,204782,0,140,0,14-3-29 16:59:13,1
B75X0SF11G,109.72,23.9842,204782,1,100,0,14-3-29 17:0:43,1
B75X0SF11G,109.72,23.9841,204782,0,140,0,14-3-29 17:2:13,1
B75X0SF11G,109.72,23.9841,204782,0,65,0,14-3-29 17:3:43,1
B75X0SF11G,109.72,23.9842,204782,0,115,0,14-3-29 17:5:14,1
B75X0SF11G,109.72,23.9842,204782,0,100,0,14-3-29 17:6:43,1
B75X0SF11G,109.72,23.9842,204782,0,105,0,14-3-29 17:8:14,1
B75X0SF11G,109.72,23.9842,204782,0,125,0,14-3-29 17:9:43,1
B75X0SF11G,109.72,23.9843,204783,0,75,0,14-3-29 17:11:13,1
B75X0SF11G,109.72,23.9843,204783,0,40,0,14-3-29 17:12:43,1
B75X0SF11G,109.72,23.9843,204783,0,55,0,14-3-29 17:14:13,1
B75X0SF11G,109.72,23.9843,204783,0,90,0,14-3-29 17:15:44,1
B75X0SF11G,109.72,23.9843,204783,0,35,0,14-3-29 17:17:14,1
B75X0SF11G,109.72,23.9842,204783,0,125,0,14-3-29 17:18:44,1
B75X0SF11G,109.72,23.9843,204783,0,135,0,14-3-29 17:20:14,1
B75X0SF11G,109.72,23.9843,204783,0,45,0,14-3-29 17:21:44,1
B75X0SF11G,109.72,23.9843,204783,0,130,0,14-3-29 17:23:14,1
B75X0SF11G,109.72,23.9843,204783,0,35,0,14-3-29 17:24:44,1
B75X0SF11G,109.72,23.9844,204783,0,90,0,14-3-29 17:26:14,1
B75X0SF11G,109.72,23.9844,204783,0,105,0,14-3-29 17:27:44,1
B75X0SF11G,109.72,23.9843,204783,0,65,0,14-3-29 17:29:14,1
B75X0SF11G,109.72,23.9843,204783,0,40,0,14-3-29 17:30:44,1
B75X0SF11G,109.72,23.9843,204783,0,30,0,14-3-29 17:32:14,1
B75X0SF11G,109.72,23.9842,204783,1,115,0,14-3-29 17:33:44,1
B75X0SF11G,109.72,23.9842,204783,0,55,0,14-3-29 17:35:14,1
B75X0SF11G,109.72,23.9842,204783,0,60,0,14-3-29 17:36:44,1
B75X0SF11G,109.72,23.9842,204783,0,120,0,14-3-29 17:38:14,1
B75X0SF11G,109.72,23.9842,204783,0,120,0,14-3-29 17:39:44,1
B75X0SF11G,109.72,23.9843,204783,0,105,0,14-3-29 17:41:14,1
B75X0SF11G,109.72,23.9843,204783,0,105,0,14-3-29 17:41:14,1
B75X0SF11G,109.72,23.9843,204783,0,55,0,14-3-29 17:42:44,1
B75X0SF11G,109.72,23.9842,204783,0,145,0,14-3-29 17:44:14,1
B75X0SF11G,109.72,23.9842,204783,0,140,0,14-3-29 17:45:44,1
B75X0SF11G,109.72,23.9842,204783,0,60,0,14-3-29 17:47:14,1
B75X0SF11G,109.72,23.9842,204783,0,85,0,14-3-29 17:48:44,1
B75X0SF11G,109.72,23.9842,204783,0,150,0,14-3-29 17:50:14,1
B75X0SF11G,109.72,23.9842,204783,0,75,0,14-3-29 17:51:44,1
B75X0SF11G,109.72,23.9842,204783,0,135,0,14-3-29 17:53:14,1
B75X0SF11G,109.72,23.9843,204783,0,45,0,14-3-29 17:54:44,1
B75X0SF11G,109.72,23.9842,204783,0,165,0,14-3-29 17:56:14,1
B75X0SF11G,109.719,23.9841,204783,0,15,0,14-3-29 17:57:44,1
B75X0SF11G,109.72,23.9842,204783,0,50,0,14-3-29 17:59:14,1
B75X0SF11G,109.72,23.9843,204783,0,35,0,14-3-29 18:0:44,1
B75X0SF11G,109.72,23.9842,204783,0,140,0,14-3-29 18:2:14,1
B75X0SF11G,109.72,23.9842,204783,0,40,0,14-3-29 18:3:44,1
B75X0SF11G,109.72,23.9842,204783,0,115,0,14-3-29 18:5:14,1
B75X0SF11G,109.72,23.9842,204783,0,125,0,14-3-29 18:6:44,1
B75X0SF11G,109.72,23.9841,204783,0,135,0,14-3-29 18:8:14,1
B75X0SF11G,109.72,23.9844,204783,0,115,0,14-3-29 18:9:44,1
B75X0SF11G,109.72,23.9843,204783,0,40,0,14-3-29 18:11:14,1
B75X0SF11G,109.72,23.9842,204783,0,45,0,14-3-29 18:12:44,1
B75X0SF11G,109.72,23.9843,204783,0,75,0,14-3-29 18:14:14,1
B75X0SF11G,109.72,23.9843,204783,0,105,0,14-3-29 18:15:44,1
B75X0SF11G,109.72,23.9843,204783,0,100,0,14-3-29 18:17:14,1
B75X0SF11G,109.72,23.9843,204783,0,140,0,14-3-29 18:18:44,1
B75X0SF11G,109.72,23.9843,204783,0,65,0,14-3-29 18:20:14,1
B75X0SF11G,109.72,23.9843,204783,0,50,0,14-3-29 18:21:44,1
B75X0SF11G,109.72,23.9843,204783,0,35,0,14-3-29 18:23:14,1
B75X0SF11G,109.72,23.9843,204783,0,140,0,14-3-29 18:24:44,1
B75X0SF11G,109.72,23.9843,204783,0,125,0,14-3-29 18:26:14,1
B75X0SF11G,109.72,23.9843,204783,0,125,0,14-3-29 18:27:44,1
B75X0SF11G,109.72,23.9842,204783,0,130,0,14-3-29 18:29:14,1
B75X0SF11G,109.72,23.9843,204783,0,20,0,14-3-29 18:30:44,1
B75X0SF11G,109.72,23.9843,204783,0,135,0,14-3-29 18:32:14,1
B75X0SF11G,109.72,23.9843,204783,0,30,0,14-3-29 18:33:44,1
B75X0SF11G,109.72,23.9843,204783,0,105,0,14-3-29 18:35:14,1
B75X0SF11G,109.72,23.9843,204783,0,125,0,14-3-29 18:36:44,1
B75X0SF11G,109.72,23.9843,204783,0,30,0,14-3-29 18:38:14,1
B75X0SF11G,109.72,23.9843,204783,0,125,0,14-3-29 18:39:44,1
B75X0SF11G,109.72,23.9844,204783,0,45,0,14-3-29 18:41:14,1
B75X0SF11G,109.72,23.9843,204783,0,105,0,14-3-29 18:44:14,1
B75X0SF11G,109.72,23.9843,204783,0,105,0,14-3-29 18:45:44,1
B75X0SF11G,109.72,23.9843,204783,0,155,0,14-3-29 18:47:14,1
B75X0SF11G,109.72,23.9846,204783,0,10,0,14-3-29 18:48:44,1
B75X0SF11G,109.72,23.9846,204783,0,100,0,14-3-29 18:50:14,1
B75X0SF11G,109.72,23.9846,204783,0,45,0,14-3-29 18:51:44,1
B75X0SF11G,109.719,23.9845,204783,0,90,0,14-3-29 18:53:14,1
B75X0SF11G,109.719,23.9844,204783,0,10,0,14-3-29 18:54:44,1
B75X0SF11G,109.72,23.9843,204783,0,45,0,14-3-29 18:56:14,1
B75X0SF11G,109.72,23.9843,204783,0,130,0,14-3-29 18:57:44,1
B75X0SF11G,109.72,23.9842,204783,0,100,0,14-3-29 18:59:14,1
B75X0SF11G,109.719,23.9841,204783,0,150,0,14-3-29 19:0:43,1
B75X0SF11G,109.72,23.9842,204783,0,150,0,14-3-29 19:2:13,1
B75X0SF11G,109.72,23.9843,204783,0,30,0,14-3-29 19:3:43,1
B75X0SF11G,109.72,23.9843,204783,0,65,0,14-3-29 19:5:13,1
B75X0SF11G,109.72,23.9842,204783,0,70,0,14-3-29 19:6:43,1
B75X0SF11G,109.72,23.9842,204783,0,85,0,14-3-29 19:8:13,1
B75X0SF11G,109.72,23.9843,204783,0,95,0,14-3-29 19:9:43,1
B75X0SF11G,109.72,23.9842,204783,0,100,0,14-3-29 19:11:13,1
B75X0SF11G,109.72,23.9842,204783,0,120,0,14-3-29 19:12:43,1
B75X0SF11G,109.72,23.9842,204783,0,165,0,14-3-29 19:14:13,1
B75X0SF11G,109.72,23.9842,204783,0,60,0,14-3-29 19:15:43,1
B75X0SF11G,109.72,23.9843,204783,0,35,0,14-3-29 19:17:13,1
B75X0SF11G,109.72,23.9843,204783,0,75,0,14-3-29 19:18:43,1
B75X0SF11G,109.72,23.9842,204783,0,45,0,14-3-29 19:20:13,1
B75X0SF11G,109.72,23.9844,204783,0,5,0,14-3-29 19:21:43,1
B75X0SF11G,109.719,23.984,204783,5,120,0,14-3-29 19:23:13,1
B75X0SF11G,109.718,23.9832,204785,5,135,0,14-3-29 19:24:43,1
B75X0SF11G,109.717,23.9827,204786,7,95,0,14-3-29 19:26:13,1
B75X0SF11G,109.717,23.9811,204788,7,85,0,14-3-29 19:27:43,1
B75X0SF11G,109.716,23.9802,204789,9,105,0,14-3-29 19:29:13,1
B75X0SF11G,109.717,23.9788,204792,9,70,0,14-3-29 19:30:43,1
B75X0SF11G,109.716,23.9778,204794,9,130,0,14-3-29 19:32:13,1
B75X0SF11G,109.713,23.9769,204797,25,120,0,14-3-29 19:33:43,1
B75X0SF11G,109.703,23.974,204807,38,125,0,14-3-29 19:35:13,1
B75X0SF11G,109.697,23.9713,204814,24,115,0,14-3-29 19:36:43,1
B75X0SF11G,109.692,23.9693,204819,12,120,0,14-3-29 19:38:13,1
B75X0SF11G,109.688,23.9676,204823,20,115,0,14-3-29 19:39:43,1
B75X0SF11G,109.684,23.9646,204829,25,130,0,14-3-29 19:41:13,1
B75X0SF11G,109.678,23.9633,204834,35,120,0,14-3-29 19:42:43,1
B75X0SF11G,109.669,23.9616,204844,50,130,0,14-3-29 19:44:13,1
B75X0SF11G,109.664,23.9677,204852,18,165,0,14-3-29 19:45:43,1
B75X0SF11G,109.662,23.9712,204857,12,145,0,14-3-29 19:47:14,1
B75X0SF11G,109.662,23.9712,204857,12,145,0,14-3-29 19:47:14,1
B75X0SF11G,109.657,23.9723,204862,9,125,0,14-3-29 19:48:44,1
B75X0SF11G,109.656,23.9721,204863,16,125,0,14-3-29 19:50:13,1
B75X0SF11G,109.649,23.9696,204870,33,125,0,14-3-29 19:51:43,1
B75X0SF11G,109.643,23.9659,204877,33,120,0,14-3-29 19:53:13,1
B75X0SF11G,109.634,23.9609,204887,50,115,0,14-3-29 19:54:43,1
B75X0SF11G,109.621,23.9578,204901,37,135,0,14-3-29 19:56:14,1
B75X0SF11G,109.614,23.9564,204909,14,125,0,14-3-29 19:57:44,1
B75X0SF11G,109.609,23.9532,204916,46,120,0,14-3-29 19:59:14,1
B75X0SF11G,109.599,23.9539,204926,25,130,0,14-3-29 20:0:44,1
B75X0SF11G,109.591,23.9513,204935,42,115,0,14-3-29 20:2:14,1
B75X0SF11G,109.581,23.9466,204947,64,120,0,14-3-29 20:3:44,1
B75X0SF11G,109.572,23.9473,204956,25,140,0,14-3-29 20:5:14,1
B75X0SF11G,109.565,23.9497,204963,29,150,0,14-3-29 20:6:44,1
B75X0SF11G,109.562,23.9586,204974,53,170,0,14-3-29 20:8:14,1
B75X0SF11G,109.555,23.9682,204986,40,160,0,14-3-29 20:9:44,1
B75X0SF11G,109.548,23.9769,204998,55,150,0,14-3-29 20:11:14,1
B75X0SF11G,109.549,23.9864,205010,44,20,0,14-3-29 20:12:44,1
B75X0SF11G,109.554,23.9968,205023,46,15,0,14-3-29 20:14:14,1
B75X0SF11G,109.551,24.0031,205032,48,145,0,14-3-29 20:15:44,1
B75X0SF11G,109.539,24.0054,205045,51,135,0,14-3-29 20:17:14,1
B75X0SF11G,109.526,24.0054,205058,44,130,0,14-3-29 20:18:44,1
B75X0SF11G,109.513,24.0015,205072,61,135,0,14-3-29 20:20:14,1
B75X0SF11G,109.5,23.9983,205085,40,120,0,14-3-29 20:21:44,1
B75X0SF11G,109.491,23.9964,205095,48,130,0,14-3-29 20:23:14,1
B75X0SF11G,109.476,23.9963,205109,59,135,0,14-3-29 20:24:44,1
B75X0SF11G,109.463,23.9918,205123,59,125,0,14-3-29 20:26:14,1
B75X0SF11G,109.452,23.998,205137,33,145,0,14-3-29 20:27:44,1
B75X0SF11G,109.444,24.0034,205146,37,155,0,14-3-29 20:29:14,1
B75X0SF11G,109.433,24.0102,205159,53,155,0,14-3-29 20:30:44,1
B75X0SF11G,109.423,24.0206,205175,62,155,0,14-3-29 20:32:14,1
B75X0SF11G,109.409,24.0234,205190,55,130,0,14-3-29 20:33:44,1
B75X0SF11G,109.406,24.0221,205194,9,75,0,14-3-29 20:35:14,1
B75X0SF11G,109.407,24.0207,205195,0,25,0,14-3-29 20:36:44,1
B75X0SF11G,109.407,24.0207,205195,0,140,0,14-3-29 20:38:14,1
B75X0SF11G,109.407,24.0207,205195,0,30,0,14-3-29 20:39:44,1
B75X0SF11G,109.407,24.0207,205195,0,10,0,14-3-29 20:41:14,1
B75X0SF11G,109.407,24.0208,205195,0,175,0,14-3-29 20:42:44,1
B75X0SF11G,109.407,24.0208,205195,0,85,0,14-3-29 20:44:14,1
B75X0SF11G,109.407,24.0208,205195,0,140,0,14-3-29 20:45:44,1
B75X0SF11G,109.407,24.0208,205195,0,100,0,14-3-29 20:47:14,1
B75X0SF11G,109.407,24.0208,205195,0,90,0,14-3-29 20:48:44,1
B75X0SF11G,109.407,24.0208,205195,0,25,0,14-3-29 20:50:14,1
B75X0SF11G,109.407,24.0208,205195,0,85,0,14-3-29 20:51:44,1
B75X0SF11G,109.407,24.0208,205195,0,35,0,14-3-29 20:53:14,1
B75X0SF11G,109.407,24.0208,205195,0,40,0,14-3-29 20:54:44,1
B75X0SF11G,109.407,24.0208,205195,0,115,0,14-3-29 20:56:14,1
B75X0SF11G,109.407,24.0208,205195,0,20,0,14-3-29 20:57:44,1
B75X0SF11G,109.407,24.0208,205195,0,95,0,14-3-29 20:59:14,1
B75X0SF11G,109.407,24.0208,205195,0,170,0,14-3-29 21:0:44,1
B75X0SF11G,109.407,24.0208,205195,0,15,0,14-3-29 21:2:14,1
B75X0SF11G,109.407,24.0208,205195,0,155,0,14-3-29 21:3:44,1
B75X0SF11G,109.407,24.0208,205195,0,70,0,14-3-29 21:5:14,1
B75X0SF11G,109.407,24.0208,205195,0,25,0,14-3-29 21:6:44,1
B75X0SF11G,109.407,24.0208,205195,0,15,0,14-3-29 21:8:14,1
B75X0SF11G,109.407,24.0208,205195,0,45,0,14-3-29 21:9:43,1
B75X0SF11G,109.407,24.0208,205195,0,10,0,14-3-29 21:11:13,1
B75X0SF11G,109.407,24.0206,205195,0,95,0,14-3-29 21:12:43,1
B75X0SF11G,109.407,24.0206,205195,0,25,0,14-3-29 21:14:13,1
B75X0SF11G,109.407,24.0206,205195,0,25,0,14-3-29 21:15:43,1
B75X0SF11G,109.407,24.0206,205195,0,30,0,14-3-29 21:17:13,1
B75X0SF11G,109.407,24.0206,205195,0,60,0,14-3-29 21:18:43,1
B75X0SF11G,109.407,24.0207,205195,0,140,0,14-3-29 21:20:13,1
B75X0SF11G,109.407,24.0208,205195,0,155,0,14-3-29 21:21:43,1
B75X0SF11G,109.407,24.0207,205195,0,10,0,14-3-29 21:23:13,1
B75X0SF11G,109.407,24.0207,205195,0,140,0,14-3-29 21:24:43,1
B75X0SF11G,109.407,24.0207,205195,0,15,0,14-3-29 21:26:13,1
B75X0SF11G,109.407,24.0209,205195,0,30,0,14-3-29 21:27:43,1
B75X0SF11G,109.407,24.0209,205195,0,140,0,14-3-29 21:29:13,1
B75X0SF11G,109.407,24.0209,205195,0,35,0,14-3-29 21:30:42,1
B75X0SF11G,109.407,24.0209,205195,0,95,0,14-3-29 21:32:12,1
B75X0SF11G,109.407,24.0209,205195,0,95,0,14-3-29 21:33:42,1
B75X0SF11G,109.407,24.0209,205195,0,55,0,14-3-29 21:35:12,1
B75X0SF11G,109.407,24.0208,205195,0,30,0,14-3-29 21:36:42,1
B75X0SF11G,109.407,24.0208,205195,0,5,0,14-3-29 21:38:12,1
B75X0SF11G,109.407,24.0208,205195,0,165,0,14-3-29 21:39:42,1
B75X0SF11G,109.407,24.0208,205195,0,30,0,14-3-29 21:41:12,1
B75X0SF11G,109.407,24.0208,205195,0,130,0,14-3-29 21:42:42,1
B75X0SF11G,109.407,24.0208,205195,0,55,0,14-3-29 21:44:12,1
B75X0SF11G,109.407,24.0221,205197,11,160,0,14-3-29 21:45:42,1
B75X0SF11G,109.405,24.0252,205200,9,15,0,14-3-29 21:47:12,1
B75X0SF11G,109.405,24.0255,205200,0,65,0,14-3-29 21:48:42,1
B75X0SF11G,109.405,24.0255,205200,0,175,0,14-3-29 21:50:12,1
B75X0SF11G,109.405,24.0255,205200,0,75,0,14-3-29 21:51:42,1
B75X0SF11G,109.405,24.0255,205200,0,85,0,14-3-29 21:53:11,1
B75X0SF11G,109.405,24.0255,205200,0,65,0,14-3-29 21:54:41,1
B75X0SF11G,109.405,24.0255,205200,0,65,0,14-3-29 21:56:11,1
B75X0SF11G,109.405,24.0255,205200,0,15,0,14-3-29 21:57:41,1
B75X0SF11G,109.405,24.0255,205200,0,60,0,14-3-29 21:59:11,1
B75X0SF11G,109.405,24.0254,205200,0,70,0,14-3-29 22:0:41,1
B75X0SF11G,109.405,24.0254,205200,0,60,0,14-3-29 22:2:11,1
B75X0SF11G,109.405,24.0254,205200,0,85,0,14-3-29 22:3:41,1
B75X0SF11G,109.405,24.0255,205201,0,10,0,14-3-29 22:5:11,1
B75X0SF11G,109.405,24.0255,205201,7,150,0,14-3-29 22:6:41,1
B75X0SF11G,109.406,24.033,205209,44,0,0,14-3-29 22:8:11,1
B75X0SF11G,109.406,24.0446,205221,55,5,0,14-3-29 22:9:41,1
B75X0SF11G,109.409,24.0571,205235,57,175,0,14-3-29 22:11:11,1
B75X0SF11G,109.411,24.071,205251,62,0,0,14-3-29 22:12:41,1
B75X0SF11G,109.415,24.0849,205266,70,10,0,14-3-29 22:14:11,1
B75X0SF11G,109.416,24.099,205282,59,0,0,14-3-29 22:15:41,1
B75X0SF11G,109.417,24.1099,205294,35,5,0,14-3-29 22:17:11,1
B75X0SF11G,109.419,24.1198,205304,51,5,0,14-3-29 22:18:41,1
B75X0SF11G,109.422,24.1306,205316,42,5,0,14-3-29 22:20:11,1
B75X0SF11G,109.425,24.1403,205327,48,5,0,14-3-29 22:21:41,1
B75X0SF11G,109.429,24.1505,205339,35,10,0,14-3-29 22:23:12,1
B75X0SF11G,109.427,24.1602,205349,46,170,0,14-3-29 22:24:41,1
B75X0SF11G,109.426,24.1677,205357,38,0,0,14-3-29 22:26:11,1
B75X0SF11G,109.426,24.1677,205357,38,0,0,14-3-29 22:26:11,1
B75X0SF11G,109.426,24.1767,205367,46,175,0,14-3-29 22:27:41,1
B75X0SF11G,109.427,24.1835,205374,29,0,0,14-3-29 22:29:11,1
B75X0SF11G,109.427,24.1906,205382,31,0,0,14-3-29 22:30:41,1
B75X0SF11G,109.424,24.1906,205386,12,120,0,14-3-29 22:32:12,1
B75X0SF11G,109.42,24.189,205390,35,120,0,14-3-29 22:33:41,1
B75X0SF11G,109.418,24.1851,205398,40,75,0,14-3-29 22:35:12,1
B75X0SF11G,109.42,24.1778,205407,37,110,0,14-3-29 22:36:42,1
B75X0SF11G,109.423,24.1838,205416,48,15,0,14-3-29 22:38:12,1
B75X0SF11G,109.432,24.1926,205429,57,20,0,14-3-29 22:39:42,1
B75X0SF11G,109.442,24.2027,205444,61,15,0,14-3-29 22:41:12,1
B75X0SF11G,109.448,24.2188,205463,83,5,0,14-3-29 22:42:41,1
B75X0SF11G,109.457,24.2359,205484,83,15,0,14-3-29 22:44:12,1
B75X0SF11G,109.47,24.2493,205504,72,15,0,14-3-29 22:45:42,1
B75X0SF11G,109.476,24.2653,205522,75,0,0,14-3-29 22:47:12,1
B75X0SF11G,109.479,24.283,205542,79,0,0,14-3-29 22:48:42,1
B75X0SF11G,109.483,24.2989,205560,68,10,0,14-3-29 22:50:12,1
B75X0SF11G,109.494,24.3109,205577,75,35,0,14-3-29 22:51:42,1
B75X0SF11G,109.511,24.3079,205595,59,35,0,14-3-29 22:53:11,1
B75X0SF11G,109.521,24.3132,205606,24,25,0,14-3-29 22:54:42,1
B75X0SF11G,109.525,24.3169,205612,24,15,0,14-3-29 22:56:11,1
B75X0SF11G,109.525,24.3279,205624,72,175,0,14-3-29 22:57:42,1
B75X0SF11G,109.533,24.3456,205645,79,10,0,14-3-29 22:59:12,1
B75X0SF11G,109.549,24.3532,205664,57,35,0,14-3-29 23:0:42,1
B75X0SF11G,109.561,24.3621,205679,77,15,0,14-3-29 23:2:12,1
B75X0SF11G,109.576,24.371,205698,72,30,0,14-3-29 23:3:42,1
B75X0SF11G,109.592,24.3812,205717,85,25,0,14-3-29 23:5:11,1
B75X0SF11G,109.61,24.3899,205738,74,35,0,14-3-29 23:6:41,1
B75X0SF11G,109.627,24.396,205756,70,25,0,14-3-29 23:8:11,1
B75X0SF11G,109.627,24.396,205756,70,25,0,14-3-29 23:8:11,1
B75X0SF11G,109.639,24.4088,205775,74,20,0,14-3-29 23:9:41,1
B75X0SF11G,109.656,24.4156,205793,75,35,0,14-3-29 23:11:11,1
B75X0SF11G,109.673,24.4245,205813,75,20,0,14-3-29 23:12:41,1
B75X0SF11G,109.688,24.433,205831,75,35,0,14-3-29 23:14:11,1
B75X0SF11G,109.703,24.4406,205849,75,20,0,14-3-29 23:15:41,1
B75X0SF11G,109.718,24.4515,205868,77,30,0,14-3-29 23:17:11,1
B75X0SF11G,109.735,24.4578,205886,74,35,0,14-3-29 23:18:41,1
B75X0SF11G,109.753,24.4648,205905,77,30,0,14-3-29 23:20:11,1
B75X0SF11G,109.768,24.4724,205922,59,25,0,14-3-29 23:21:41,1
B75X0SF11G,109.779,24.481,205937,61,25,0,14-3-29 23:23:11,1
B75X0SF11G,109.793,24.4882,205953,61,30,0,14-3-29 23:24:41,1
B75X0SF11G,109.806,24.4959,205968,64,20,0,14-3-29 23:26:11,1
B75X0SF11G,109.815,24.5073,205984,59,15,0,14-3-29 23:27:41,1
B75X0SF11G,109.819,24.5137,205991,20,5,0,14-3-29 23:29:11,1
B75X0SF11G,109.819,24.5189,205997,22,170,0,14-3-29 23:30:41,1
B75X0SF11G,109.818,24.5243,206003,25,5,0,14-3-29 23:32:11,1
B75X0SF11G,109.825,24.5338,206015,75,25,0,14-3-29 23:33:41,1
B75X0SF11G,109.835,24.5465,206033,59,10,0,14-3-29 23:35:11,1
B75X0SF11G,109.837,24.5598,206048,64,175,0,14-3-29 23:36:41,1
B75X0SF11G,109.834,24.5737,206063,61,170,0,14-3-29 23:38:11,1
B75X0SF11G,109.836,24.5859,206077,31,5,0,14-3-29 23:39:41,1
B75X0SF11G,109.837,24.5948,206086,68,0,0,14-3-29 23:41:11,1
B75X0SF11G,109.84,24.6095,206103,53,15,0,14-3-29 23:42:41,1
B75X0SF11G,109.843,24.6182,206113,37,5,0,14-3-29 23:44:11,1
B75X0SF11G,109.849,24.6281,206126,66,30,0,14-3-29 23:45:41,1
B75X0SF11G,109.861,24.6381,206142,61,15,0,14-3-29 23:47:11,1
B75X0SF11G,109.863,24.6493,206155,44,175,0,14-3-29 23:48:41,1
B75X0SF11G,109.861,24.6591,206165,37,170,0,14-3-29 23:50:11,1
B75X0SF11G,109.858,24.6672,206175,33,0,0,14-3-29 23:51:41,1
B75X0SF11G,109.858,24.6725,206180,20,0,0,14-3-29 23:53:11,1
B75X0SF11G,109.86,24.6771,206185,20,20,0,14-3-29 23:54:41,1
B75X0SF11G,109.863,24.6806,206190,22,10,0,14-3-29 23:56:11,1
B75X0SF11G,109.864,24.6853,206195,22,5,0,14-3-29 23:57:41,1
B75X0SF11G,109.868,24.6933,206204,57,10,0,14-3-29 23:59:11,1
