B7S9X6P4GU,116.562,40.1077,1791044,0,0,0,14-3-29 12:6:33,1
B7S9X6P4GU,116.562,40.1077,1791044,0,0,0,14-3-29 12:7:48,1
B7S9X6P4GU,116.562,40.1077,1791044,0,0,0,14-3-29 12:8:57,1
B7S9X6P4GU,116.562,40.1077,1791044,0,0,0,14-3-29 12:11:1,1
B7S9X6P4GU,116.562,40.1077,1791044,0,0,0,14-3-29 12:12:4,1
B7S9X6P4GU,116.562,40.1077,1791044,0,0,0,14-3-29 12:12:16,1
B7S9X6P4GU,116.562,40.1077,1791044,0,0,0,14-3-29 12:13:27,1
B7S9X6P4GU,116.562,40.1077,1791044,0,0,0,14-3-29 12:13:55,1
B7S9X6P4GU,116.562,40.1077,1791044,0,0,0,14-3-29 12:15:19,1
B7S9X6P4GU,116.562,40.1077,1791044,0,0,0,14-3-29 12:16:22,1
B7S9X6P4GU,116.562,40.1077,1791044,0,0,0,14-3-29 12:17:35,1
B7S9X6P4GU,116.562,40.1077,1791044,0,0,0,14-3-29 12:17:47,1
B7S9X6P4GU,116.562,40.1077,1791044,0,0,0,14-3-29 12:19:55,1
B7S9X6P4GU,116.562,40.1077,1791044,0,0,0,14-3-29 12:21:27,1
B7S9X6P4GU,116.562,40.1077,1791044,0,0,0,14-3-29 12:22:29,1
B7S9X6P4GU,116.562,40.1077,1791044,0,0,0,14-3-29 12:22:53,1
B7S9X6P4GU,116.562,40.1077,1791044,0,0,0,14-3-29 12:23:17,1
B7S9X6P4GU,116.562,40.1077,1791044,0,0,0,14-3-29 12:23:52,1
B7S9X6P4GU,116.562,40.1077,1791044,0,0,0,14-3-29 12:24:37,1
B7S9X6P4GU,116.562,40.1077,1791044,0,0,0,14-3-29 12:24:51,1
B7S9X6P4GU,116.562,40.1077,1791044,0,0,0,14-3-29 12:25:9,1
B7S9X6P4GU,116.562,40.1077,1791044,0,0,0,14-3-29 12:25:42,1
B7S9X6P4GU,116.562,40.1077,1791044,0,0,0,14-3-29 12:27:15,1
B7S9X6P4GU,116.562,40.1077,1791044,0,0,0,14-3-29 12:27:30,1
B7S9X6P4GU,116.562,40.1077,1791044,0,0,0,14-3-29 12:28:43,1
B7S9X6P4GU,116.562,40.1077,1791044,0,0,0,14-3-29 12:29:53,1
B7S9X6P4GU,116.562,40.1077,1791044,0,0,0,14-3-29 12:31:2,1
B7S9X6P4GU,116.562,40.1077,1791044,0,0,0,14-3-29 12:31:12,1
B7S9X6P4GU,116.562,40.1077,1791044,0,0,0,14-3-29 12:32:26,1
B7S9X6P4GU,116.562,40.1077,1791044,0,0,0,14-3-29 12:32:27,1
B7S9X6P4GU,116.562,40.1077,1791044,0,0,0,14-3-29 12:33:47,1
B7S9X6P4GU,116.562,40.1077,1791044,0,0,0,14-3-29 12:34:53,1
B7S9X6P4GU,116.562,40.1077,1791044,0,0,0,14-3-29 12:35:58,1
B7S9X6P4GU,116.562,40.1077,1791044,0,0,0,14-3-29 12:36:13,1
B7S9X6P4GU,116.562,40.1077,1791044,0,0,0,14-3-29 12:36:32,1
B7S9X6P4GU,116.562,40.1077,1791044,0,0,0,14-3-29 12:38:18,1
B7S9X6P4GU,116.562,40.1077,1791044,0,0,0,14-3-29 12:38:27,1
B7S9X6P4GU,116.562,40.1077,1791044,0,0,0,14-3-29 12:39:59,1
B7S9X6P4GU,116.562,40.1077,1791044,0,0,0,14-3-29 12:40:35,1
B7S9X6P4GU,116.562,40.1077,1791044,0,0,0,14-3-29 12:41:49,1
B7S9X6P4GU,116.562,40.1077,1791044,0,0,0,14-3-29 12:42:50,1
B7S9X6P4GU,116.562,40.1077,1791044,0,0,0,14-3-29 12:43:3,1
B7S9X6P4GU,116.562,40.1077,1791044,0,0,0,14-3-29 12:44:14,1
B7S9X6P4GU,116.562,40.1077,1791044,0,0,0,14-3-29 12:44:41,1
B7S9X6P4GU,116.562,40.1077,1791044,0,0,0,14-3-29 12:45:26,1
B7S9X6P4GU,116.562,40.1077,1791044,0,0,0,14-3-29 12:45:36,1
B7S9X6P4GU,116.562,40.1077,1791044,0,0,0,14-3-29 12:46:44,1
B7S9X6P4GU,116.562,40.1077,1791044,0,0,0,14-3-29 12:48:0,1
B7S9X6P4GU,116.562,40.1077,1791044,0,0,0,14-3-29 12:49:3,1
B7S9X6P4GU,116.562,40.1077,1791044,0,0,0,14-3-29 12:50:7,1
B7S9X6P4GU,116.562,40.1077,1791044,0,0,0,14-3-29 12:51:6,1
B7S9X6P4GU,116.562,40.1077,1791044,0,0,0,14-3-29 12:51:40,1
B7S9X6P4GU,116.562,40.1077,1791044,0,0,0,14-3-29 12:52:13,1
B7S9X6P4GU,116.562,40.1077,1791044,0,0,0,14-3-29 12:53:12,1
B7S9X6P4GU,116.562,40.1077,1791044,0,0,0,14-3-29 12:54:35,1
B7S9X6P4GU,116.562,40.1077,1791044,0,0,0,14-3-29 12:54:46,1
B7S9X6P4GU,116.562,40.1077,1791044,0,0,0,14-3-29 12:55:54,1
B7S9X6P4GU,116.562,40.1077,1791044,0,0,0,14-3-29 12:57:1,1
B7S9X6P4GU,116.562,40.1077,1791044,0,0,0,14-3-29 12:57:12,1
B7S9X6P4GU,116.562,40.1077,1791044,0,0,0,14-3-29 12:59:0,1
B7S9X6P4GU,116.562,40.1077,1791044,0,0,0,14-3-29 13:0:0,1
B7S9X6P4GU,116.562,40.1077,1791044,0,0,0,14-3-29 13:0:10,1
B7S9X6P4GU,116.562,40.1077,1791044,0,0,0,14-3-29 13:1:19,1
B7S9X6P4GU,116.562,40.1077,1791044,0,0,0,14-3-29 13:2:28,1
B7S9X6P4GU,116.562,40.1077,1791044,0,0,0,14-3-29 13:2:41,1
B7S9X6P4GU,116.562,40.1077,1791044,0,0,0,14-3-29 13:3:36,1
B7S9X6P4GU,116.562,40.1077,1791044,0,0,0,14-3-29 13:3:46,1
B7S9X6P4GU,116.562,40.1077,1791044,0,0,0,14-3-29 13:4:54,1
B7S9X6P4GU,116.562,40.1077,1791044,0,0,0,14-3-29 13:6:1,1
B7S9X6P4GU,116.562,40.1077,1791044,0,0,0,14-3-29 13:6:13,1
B7S9X6P4GU,116.562,40.1077,1791044,0,0,0,14-3-29 13:7:11,1
B7S9X6P4GU,116.562,40.1077,1791044,0,0,0,14-3-29 13:8:22,1
B7S9X6P4GU,116.562,40.1077,1791044,0,0,0,14-3-29 13:9:29,1
B7S9X6P4GU,116.562,40.1077,1791044,0,0,0,14-3-29 13:9:42,1
B7S9X6P4GU,116.562,40.1077,1791044,0,0,0,14-3-29 13:11:29,1
B7S9X6P4GU,116.562,40.1077,1791044,0,0,0,14-3-29 13:12:34,1
B7S9X6P4GU,116.562,40.1077,1791044,0,0,0,14-3-29 13:13:43,1
B7S9X6P4GU,116.562,40.1077,1791044,0,0,0,14-3-29 13:14:53,1
B7S9X6P4GU,116.562,40.1077,1791044,0,0,0,14-3-29 13:15:59,1
B7S9X6P4GU,116.562,40.1077,1791044,0,0,0,14-3-29 13:16:17,1
B7S9X6P4GU,116.562,40.1077,1791044,0,0,0,14-3-29 13:17:34,1
B7S9X6P4GU,116.562,40.1077,1791044,0,0,0,14-3-29 13:18:40,1
B7S9X6P4GU,116.562,40.1077,1791044,0,0,0,14-3-29 13:20:34,1
B7S9X6P4GU,116.562,40.1077,1791044,0,0,0,14-3-29 13:20:57,1
B7S9X6P4GU,116.562,40.1077,1791044,0,0,0,14-3-29 13:22:15,1
B7S9X6P4GU,116.562,40.1077,1791044,0,0,0,14-3-29 13:23:44,1
B7S9X6P4GU,116.562,40.1077,1791044,0,0,0,14-3-29 13:24:1,1
B7S9X6P4GU,116.562,40.1077,1791044,0,0,0,14-3-29 13:24:31,1
B7S9X6P4GU,116.562,40.1077,1791044,0,0,0,14-3-29 13:24:41,1
B7S9X6P4GU,116.562,40.1077,1791044,0,0,0,14-3-29 13:25:0,1
B7S9X6P4GU,116.562,40.1077,1791044,0,0,0,14-3-29 13:25:10,1
B7S9X6P4GU,116.562,40.1077,1791044,0,0,0,14-3-29 13:25:20,1
B7S9X6P4GU,116.562,40.1077,1791044,0,0,0,14-3-29 13:26:41,1
B7S9X6P4GU,116.562,40.1077,1791044,0,0,0,14-3-29 13:28:20,1
B7S9X6P4GU,116.562,40.1077,1791044,0,0,0,14-3-29 13:28:41,1
B7S9X6P4GU,116.562,40.1077,1791044,0,0,0,14-3-29 13:30:41,1
B7S9X6P4GU,116.562,40.1077,1791044,0,0,0,14-3-29 13:31:20,1
B7S9X6P4GU,116.562,40.1077,1791044,0,0,0,14-3-29 13:32:41,1
B7S9X6P4GU,116.562,40.1077,1791044,0,0,0,14-3-29 13:34:20,1
B7S9X6P4GU,116.562,40.1077,1791044,0,0,0,14-3-29 13:34:41,1
B7S9X6P4GU,116.562,40.1077,1791044,0,0,0,14-3-29 13:36:41,1
B7S9X6P4GU,116.562,40.1077,1791044,0,0,0,14-3-29 13:37:20,1
B7S9X6P4GU,116.562,40.1077,1791044,0,0,0,14-3-29 13:38:41,1
B7S9X6P4GU,116.562,40.1077,1791044,0,0,0,14-3-29 13:40:20,1
B7S9X6P4GU,116.562,40.1077,1791044,0,0,0,14-3-29 13:40:41,1
B7S9X6P4GU,116.562,40.1077,1791044,0,0,0,14-3-29 13:42:41,1
B7S9X6P4GU,116.562,40.1077,1791044,0,0,0,14-3-29 13:43:20,1
B7S9X6P4GU,116.562,40.1077,1791044,0,0,0,14-3-29 13:44:41,1
B7S9X6P4GU,116.562,40.1077,1791044,0,0,0,14-3-29 13:46:20,1
B7S9X6P4GU,116.562,40.1077,1791044,0,0,0,14-3-29 13:46:41,1
B7S9X6P4GU,116.562,40.1077,1791044,0,0,0,14-3-29 13:48:41,1
B7S9X6P4GU,116.562,40.1077,1791044,0,0,0,14-3-29 13:49:20,1
B7S9X6P4GU,116.562,40.1077,1791044,0,0,0,14-3-29 13:50:41,1
B7S9X6P4GU,116.562,40.1077,1791044,0,0,0,14-3-29 13:52:20,1
B7S9X6P4GU,116.562,40.1077,1791044,0,0,0,14-3-29 13:52:41,1
B7S9X6P4GU,116.562,40.1077,1791044,0,0,0,14-3-29 13:54:41,1
B7S9X6P4GU,116.562,40.1077,1791044,0,0,0,14-3-29 13:55:20,1
B7S9X6P4GU,116.562,40.1077,1791044,0,0,0,14-3-29 13:56:41,1
B7S9X6P4GU,116.562,40.1077,1791044,0,0,0,14-3-29 13:58:20,1
B7S9X6P4GU,116.562,40.1077,1791044,0,0,0,14-3-29 13:58:41,1
B7S9X6P4GU,116.562,40.1077,1791044,0,0,0,14-3-29 14:0:41,1
B7S9X6P4GU,116.562,40.1077,1791044,0,0,0,14-3-29 14:1:20,1
B7S9X6P4GU,116.562,40.1077,1791044,0,0,0,14-3-29 14:2:41,1
B7S9X6P4GU,116.562,40.1077,1791044,0,0,0,14-3-29 14:4:20,1
B7S9X6P4GU,116.562,40.1077,1791044,0,0,0,14-3-29 14:4:41,1
B7S9X6P4GU,116.562,40.1077,1791044,0,0,0,14-3-29 14:6:41,1
B7S9X6P4GU,116.562,40.1077,1791044,0,0,0,14-3-29 14:7:57,1
B7S9X6P4GU,116.562,40.1077,1791044,0,0,0,14-3-29 14:10:41,1
B7S9X6P4GU,116.562,40.1077,1791044,0,0,0,14-3-29 14:14:35,1
B7S9X6P4GU,116.562,40.1077,1791044,0,0,0,14-3-29 14:14:41,1
B7S9X6P4GU,116.562,40.1077,1791044,0,0,0,14-3-29 14:16:41,1
B7S9X6P4GU,116.562,40.1077,1791044,0,0,0,14-3-29 14:17:35,1
B7S9X6P4GU,116.562,40.1077,1791044,0,0,0,14-3-29 14:18:41,1
B7S9X6P4GU,116.562,40.1077,1791044,0,0,0,14-3-29 14:20:36,1
B7S9X6P4GU,116.562,40.1077,1791044,0,0,0,14-3-29 14:20:41,1
B7S9X6P4GU,116.562,40.1077,1791044,0,0,0,14-3-29 14:22:41,1
B7S9X6P4GU,116.562,40.1077,1791044,0,0,0,14-3-29 14:23:36,1
B7S9X6P4GU,116.562,40.1077,1791044,0,0,0,14-3-29 14:24:41,1
B7S9X6P4GU,116.562,40.1077,1791044,0,0,0,14-3-29 14:26:36,1
B7S9X6P4GU,116.562,40.1077,1791044,0,0,0,14-3-29 14:26:41,1
B7S9X6P4GU,116.562,40.1077,1791044,0,0,0,14-3-29 14:28:41,1
B7S9X6P4GU,116.562,40.1077,1791044,0,0,0,14-3-29 14:29:36,1
B7S9X6P4GU,116.562,40.1077,1791044,0,0,0,14-3-29 14:30:41,1
B7S9X6P4GU,116.562,40.1077,1791044,0,0,0,14-3-29 14:32:36,1
B7S9X6P4GU,116.562,40.1077,1791044,0,0,0,14-3-29 14:32:41,1
B7S9X6P4GU,116.562,40.1077,1791044,0,0,0,14-3-29 14:34:42,1
B7S9X6P4GU,116.562,40.1077,1791044,0,0,0,14-3-29 14:35:36,1
B7S9X6P4GU,116.562,40.1077,1791044,0,0,0,14-3-29 14:36:42,1
B7S9X6P4GU,116.562,40.1077,1791044,0,0,0,14-3-29 14:38:37,1
B7S9X6P4GU,116.562,40.1077,1791044,0,0,0,14-3-29 14:38:42,1
B7S9X6P4GU,116.562,40.1077,1791044,0,0,0,14-3-29 14:40:41,1
B7S9X6P4GU,116.562,40.1077,1791044,0,0,0,14-3-29 14:41:37,1
B7S9X6P4GU,116.562,40.1077,1791044,0,0,0,14-3-29 14:42:42,1
B7S9X6P4GU,116.562,40.1077,1791044,0,0,0,14-3-29 14:44:37,1
B7S9X6P4GU,116.562,40.1077,1791044,0,0,0,14-3-29 14:44:42,1
B7S9X6P4GU,116.562,40.1077,1791044,0,0,0,14-3-29 14:46:42,1
B7S9X6P4GU,116.562,40.1077,1791044,0,0,0,14-3-29 14:47:37,1
B7S9X6P4GU,116.562,40.1077,1791044,0,0,0,14-3-29 14:48:42,1
B7S9X6P4GU,116.562,40.1077,1791044,0,0,0,14-3-29 14:50:37,1
B7S9X6P4GU,116.562,40.1077,1791044,0,0,0,14-3-29 14:50:42,1
B7S9X6P4GU,116.562,40.1077,1791044,0,0,0,14-3-29 14:52:42,1
B7S9X6P4GU,116.562,40.1077,1791044,0,0,0,14-3-29 14:53:37,1
B7S9X6P4GU,116.562,40.1077,1791044,0,0,0,14-3-29 14:54:42,1
B7S9X6P4GU,116.562,40.1077,1791044,0,0,0,14-3-29 14:56:37,1
B7S9X6P4GU,116.562,40.1077,1791044,0,0,0,14-3-29 14:56:42,1
B7S9X6P4GU,116.562,40.1077,1791044,0,0,0,14-3-29 14:58:42,1
B7S9X6P4GU,116.562,40.1077,1791044,0,0,0,14-3-29 14:59:37,1
B7S9X6P4GU,116.562,40.1077,1791044,0,0,0,14-3-29 15:0:42,1
B7S9X6P4GU,116.562,40.1077,1791044,0,0,0,14-3-29 15:2:37,1
B7S9X6P4GU,116.562,40.1077,1791044,0,0,0,14-3-29 15:2:42,1
B7S9X6P4GU,116.562,40.1077,1791044,0,0,0,14-3-29 15:4:42,1
B7S9X6P4GU,116.562,40.1077,1791044,0,0,0,14-3-29 15:5:37,1
B7S9X6P4GU,116.562,40.1077,1791044,0,0,0,14-3-29 15:6:42,1
B7S9X6P4GU,116.562,40.1077,1791044,0,0,0,14-3-29 15:8:37,1
B7S9X6P4GU,116.562,40.1077,1791044,0,0,0,14-3-29 15:8:42,1
B7S9X6P4GU,116.562,40.1077,1791044,0,0,0,14-3-29 15:10:42,1
B7S9X6P4GU,116.562,40.1077,1791044,0,0,0,14-3-29 15:11:37,1
B7S9X6P4GU,116.562,40.1077,1791044,0,0,0,14-3-29 15:12:42,1
B7S9X6P4GU,116.562,40.1077,1791044,0,0,0,14-3-29 15:14:37,1
B7S9X6P4GU,116.562,40.1077,1791044,0,0,0,14-3-29 15:14:42,1
B7S9X6P4GU,116.562,40.1077,1791044,0,0,0,14-3-29 15:16:42,1
B7S9X6P4GU,116.562,40.1077,1791044,0,0,0,14-3-29 15:17:37,1
B7S9X6P4GU,116.562,40.1077,1791044,0,0,0,14-3-29 15:18:42,1
B7S9X6P4GU,116.562,40.1077,1791044,0,0,0,14-3-29 15:20:37,1
B7S9X6P4GU,116.562,40.1077,1791044,0,0,0,14-3-29 15:20:42,1
B7S9X6P4GU,116.562,40.1077,1791044,0,0,0,14-3-29 15:22:42,1
B7S9X6P4GU,116.562,40.1077,1791044,0,0,0,14-3-29 15:23:37,1
B7S9X6P4GU,116.562,40.1077,1791044,0,0,0,14-3-29 15:24:42,1
B7S9X6P4GU,116.562,40.1077,1791044,0,0,0,14-3-29 15:26:37,1
B7S9X6P4GU,116.562,40.1077,1791044,0,0,0,14-3-29 15:26:42,1
B7S9X6P4GU,116.562,40.1077,1791044,0,0,0,14-3-29 15:28:42,1
B7S9X6P4GU,116.562,40.1077,1791044,0,0,0,14-3-29 15:29:37,1
B7S9X6P4GU,116.562,40.1077,1791044,0,0,0,14-3-29 15:30:42,1
B7S9X6P4GU,116.562,40.1077,1791044,0,0,0,14-3-29 15:32:37,1
B7S9X6P4GU,116.562,40.1077,1791044,0,0,0,14-3-29 15:32:42,1
B7S9X6P4GU,116.562,40.1077,1791044,0,0,0,14-3-29 15:34:42,1
B7S9X6P4GU,116.562,40.1077,1791044,0,0,0,14-3-29 15:35:37,1
B7S9X6P4GU,116.562,40.1077,1791044,0,0,0,14-3-29 15:36:42,1
B7S9X6P4GU,116.562,40.1077,1791044,0,0,0,14-3-29 15:38:37,1
B7S9X6P4GU,116.562,40.1077,1791044,0,0,0,14-3-29 15:38:42,1
B7S9X6P4GU,116.562,40.1077,1791044,0,0,0,14-3-29 15:40:42,1
B7S9X6P4GU,116.562,40.1077,1791044,0,0,0,14-3-29 15:41:37,1
B7S9X6P4GU,116.562,40.1077,1791044,0,0,0,14-3-29 15:42:42,1
B7S9X6P4GU,116.562,40.1077,1791044,0,0,0,14-3-29 15:44:37,1
B7S9X6P4GU,116.562,40.1077,1791044,0,0,0,14-3-29 15:44:42,1
B7S9X6P4GU,116.562,40.1077,1791044,0,0,0,14-3-29 15:46:42,1
B7S9X6P4GU,116.562,40.1077,1791044,0,0,0,14-3-29 15:47:37,1
B7S9X6P4GU,116.562,40.1077,1791044,0,0,0,14-3-29 15:48:42,1
B7S9X6P4GU,116.562,40.1077,1791044,0,0,0,14-3-29 15:50:37,1
B7S9X6P4GU,116.562,40.1077,1791044,0,0,0,14-3-29 15:50:42,1
B7S9X6P4GU,116.562,40.1077,1791044,0,0,0,14-3-29 15:52:42,1
B7S9X6P4GU,116.562,40.1077,1791044,0,0,0,14-3-29 15:53:37,1
B7S9X6P4GU,116.562,40.1077,1791044,0,0,0,14-3-29 15:54:42,1
B7S9X6P4GU,116.562,40.1077,1791044,0,0,0,14-3-29 15:56:37,1
B7S9X6P4GU,116.562,40.1077,1791044,0,0,0,14-3-29 15:56:42,1
B7S9X6P4GU,116.562,40.1077,1791044,0,0,0,14-3-29 15:58:42,1
B7S9X6P4GU,116.562,40.1077,1791044,0,0,0,14-3-29 15:59:37,1
B7S9X6P4GU,116.562,40.1077,1791044,0,0,0,14-3-29 16:0:42,1
B7S9X6P4GU,116.562,40.1077,1791044,0,0,0,14-3-29 16:2:37,1
B7S9X6P4GU,116.562,40.1077,1791044,0,0,0,14-3-29 16:2:42,1
B7S9X6P4GU,116.562,40.1077,1791044,0,0,0,14-3-29 16:4:42,1
B7S9X6P4GU,116.562,40.1077,1791044,0,0,0,14-3-29 16:5:37,1
B7S9X6P4GU,116.562,40.1077,1791044,0,0,0,14-3-29 16:6:42,1
B7S9X6P4GU,116.562,40.1077,1791044,0,0,0,14-3-29 16:8:32,1
B7S9X6P4GU,116.562,40.1077,1791044,0,0,0,14-3-29 16:9:29,1
B7S9X6P4GU,116.562,40.1077,1791044,0,0,0,14-3-29 16:10:42,1
B7S9X6P4GU,116.562,40.1077,1791044,0,0,0,14-3-29 16:12:29,1
B7S9X6P4GU,116.562,40.1077,1791044,0,0,0,14-3-29 16:12:42,1
B7S9X6P4GU,116.562,40.1077,1791044,0,0,0,14-3-29 16:14:42,1
B7S9X6P4GU,116.562,40.1077,1791044,0,0,0,14-3-29 16:15:29,1
B7S9X6P4GU,116.562,40.1077,1791044,0,0,0,14-3-29 16:16:42,1
B7S9X6P4GU,116.562,40.1077,1791044,0,0,0,14-3-29 16:18:29,1
B7S9X6P4GU,116.562,40.1077,1791044,0,0,0,14-3-29 16:18:42,1
B7S9X6P4GU,116.562,40.1077,1791044,0,0,0,14-3-29 16:20:42,1
B7S9X6P4GU,116.562,40.1077,1791044,0,0,0,14-3-29 16:21:29,1
B7S9X6P4GU,116.562,40.1077,1791044,0,0,0,14-3-29 16:22:42,1
B7S9X6P4GU,116.562,40.1077,1791044,0,0,0,14-3-29 16:24:29,1
B7S9X6P4GU,116.562,40.1077,1791044,0,0,0,14-3-29 16:24:42,1
B7S9X6P4GU,116.562,40.1077,1791044,0,0,0,14-3-29 16:26:42,1
B7S9X6P4GU,116.562,40.1077,1791044,0,0,0,14-3-29 16:27:29,1
B7S9X6P4GU,116.562,40.1077,1791044,0,0,0,14-3-29 16:28:42,1
B7S9X6P4GU,116.562,40.1077,1791044,0,0,0,14-3-29 16:30:29,1
B7S9X6P4GU,116.562,40.1077,1791044,0,0,0,14-3-29 16:30:42,1
B7S9X6P4GU,116.562,40.1077,1791044,0,0,0,14-3-29 16:32:42,1
B7S9X6P4GU,116.562,40.1077,1791044,0,0,0,14-3-29 16:33:29,1
B7S9X6P4GU,116.562,40.1077,1791044,0,0,0,14-3-29 16:34:42,1
B7S9X6P4GU,116.562,40.1077,1791044,0,0,0,14-3-29 16:36:29,1
B7S9X6P4GU,116.562,40.1077,1791044,0,0,0,14-3-29 16:36:42,1
B7S9X6P4GU,116.562,40.1077,1791044,0,0,0,14-3-29 16:38:42,1
B7S9X6P4GU,116.562,40.1077,1791044,0,0,0,14-3-29 16:39:29,1
B7S9X6P4GU,116.562,40.1077,1791044,0,0,0,14-3-29 16:40:42,1
B7S9X6P4GU,116.562,40.1077,1791044,0,0,0,14-3-29 16:42:29,1
B7S9X6P4GU,116.562,40.1077,1791044,0,0,0,14-3-29 16:42:42,1
B7S9X6P4GU,116.562,40.1077,1791044,0,0,0,14-3-29 16:44:42,1
B7S9X6P4GU,116.562,40.1077,1791044,0,0,0,14-3-29 16:45:29,1
B7S9X6P4GU,116.562,40.1077,1791044,0,0,0,14-3-29 16:46:42,1
B7S9X6P4GU,116.562,40.1077,1791044,0,0,0,14-3-29 16:48:29,1
B7S9X6P4GU,116.562,40.1077,1791044,0,0,0,14-3-29 16:48:42,1
B7S9X6P4GU,116.562,40.1077,1791044,0,0,0,14-3-29 16:50:42,1
B7S9X6P4GU,116.562,40.1077,1791044,0,0,0,14-3-29 16:51:29,1
B7S9X6P4GU,116.562,40.1077,1791044,0,0,0,14-3-29 16:52:42,1
B7S9X6P4GU,116.562,40.1077,1791044,0,0,0,14-3-29 16:54:30,1
B7S9X6P4GU,116.562,40.1077,1791044,0,0,0,14-3-29 16:54:42,1
B7S9X6P4GU,116.562,40.1077,1791044,0,0,0,14-3-29 16:56:42,1
B7S9X6P4GU,116.562,40.1077,1791044,0,0,0,14-3-29 16:57:30,1
B7S9X6P4GU,116.562,40.1077,1791044,0,0,0,14-3-29 16:58:42,1
B7S9X6P4GU,116.562,40.1077,1791044,0,0,0,14-3-29 17:0:30,1
B7S9X6P4GU,116.562,40.1077,1791044,0,0,0,14-3-29 17:0:42,1
B7S9X6P4GU,116.562,40.1077,1791044,0,0,0,14-3-29 17:2:42,1
B7S9X6P4GU,116.562,40.1077,1791044,0,0,0,14-3-29 17:3:30,1
B7S9X6P4GU,116.562,40.1077,1791044,0,0,0,14-3-29 17:4:42,1
B7S9X6P4GU,116.562,40.1077,1791044,0,0,0,14-3-29 17:6:42,1
B7S9X6P4GU,116.562,40.1077,1791044,0,0,0,14-3-29 17:8:42,1
B7S9X6P4GU,116.562,40.1077,1791044,0,0,0,14-3-29 17:9:40,1
B7S9X6P4GU,116.562,40.1077,1791044,0,0,0,14-3-29 17:10:42,1
B7S9X6P4GU,116.562,40.1077,1791044,0,0,0,14-3-29 17:12:40,1
B7S9X6P4GU,116.562,40.1077,1791044,0,0,0,14-3-29 17:12:42,1
B7S9X6P4GU,116.562,40.1077,1791044,0,0,0,14-3-29 17:14:42,1
B7S9X6P4GU,116.562,40.1077,1791044,0,0,0,14-3-29 17:15:40,1
B7S9X6P4GU,116.562,40.1077,1791044,0,0,0,14-3-29 17:16:42,1
B7S9X6P4GU,116.562,40.1077,1791044,0,0,0,14-3-29 17:18:40,1
B7S9X6P4GU,116.562,40.1077,1791044,0,0,0,14-3-29 17:18:42,1
B7S9X6P4GU,116.562,40.1077,1791044,0,0,0,14-3-29 17:20:42,1
B7S9X6P4GU,116.562,40.1077,1791044,0,0,0,14-3-29 17:21:40,1
B7S9X6P4GU,116.562,40.1077,1791044,0,0,0,14-3-29 17:21:50,1
B7S9X6P4GU,116.562,40.1077,1791044,0,0,0,14-3-29 17:22:1,1
B7S9X6P4GU,116.562,40.1077,1791044,0,0,0,14-3-29 17:22:17,1
B7S9X6P4GU,116.562,40.1077,1791044,0,0,0,14-3-29 17:22:27,1
B7S9X6P4GU,116.562,40.1077,1791044,0,0,0,14-3-29 17:22:42,1
B7S9X6P4GU,116.562,40.1077,1791044,0,0,0,14-3-29 17:24:42,1
B7S9X6P4GU,116.562,40.1077,1791044,0,0,0,14-3-29 17:25:27,1
B7S9X6P4GU,116.562,40.1077,1791044,0,0,0,14-3-29 17:25:49,1
B7S9X6P4GU,116.562,40.1077,1791044,0,0,0,14-3-29 17:26:0,1
B7S9X6P4GU,116.562,40.1077,1791044,0,0,0,14-3-29 17:26:10,1
B7S9X6P4GU,116.562,40.1077,1791044,0,0,0,14-3-29 17:26:42,1
B7S9X6P4GU,116.562,40.1077,1791044,0,0,0,14-3-29 17:28:42,1
B7S9X6P4GU,116.562,40.1077,1791044,0,0,0,14-3-29 17:29:10,1
B7S9X6P4GU,116.562,40.1077,1791044,0,0,0,14-3-29 17:29:23,1
B7S9X6P4GU,116.562,40.1077,1791044,0,0,0,14-3-29 17:29:57,1
B7S9X6P4GU,116.562,40.1077,1791044,0,0,0,14-3-29 17:30:18,1
B7S9X6P4GU,116.562,40.1077,1791044,0,0,0,14-3-29 17:30:42,1
B7S9X6P4GU,116.562,40.1077,1791044,0,0,0,14-3-29 17:32:42,1
B7S9X6P4GU,116.562,40.1077,1791044,0,0,0,14-3-29 17:33:18,1
B7S9X6P4GU,116.562,40.1077,1791044,0,0,0,14-3-29 17:33:30,1
B7S9X6P4GU,116.562,40.1077,1791044,0,0,0,14-3-29 17:33:53,1
B7S9X6P4GU,116.562,40.1077,1791044,0,0,0,14-3-29 17:34:16,1
B7S9X6P4GU,116.562,40.1077,1791044,0,0,0,14-3-29 17:34:42,1
B7S9X6P4GU,116.562,40.1077,1791044,0,0,0,14-3-29 17:36:42,1
B7S9X6P4GU,116.562,40.1077,1791044,0,0,0,14-3-29 17:37:16,1
B7S9X6P4GU,116.562,40.1077,1791044,0,0,0,14-3-29 17:37:26,1
B7S9X6P4GU,116.562,40.1077,1791044,0,0,0,14-3-29 17:38:42,1
B7S9X6P4GU,116.562,40.1077,1791044,0,0,0,14-3-29 17:40:27,1
B7S9X6P4GU,116.562,40.1077,1791044,0,0,0,14-3-29 17:40:42,1
B7S9X6P4GU,116.562,40.1077,1791044,0,0,0,14-3-29 17:42:42,1
B7S9X6P4GU,116.562,40.1077,1791044,0,0,0,14-3-29 17:43:27,1
B7S9X6P4GU,116.562,40.1077,1791044,0,0,0,14-3-29 17:44:42,1
B7S9X6P4GU,116.562,40.1077,1791044,0,0,0,14-3-29 17:46:27,1
B7S9X6P4GU,116.562,40.1077,1791044,0,0,0,14-3-29 17:46:42,1
B7S9X6P4GU,116.562,40.1077,1791044,0,0,0,14-3-29 17:48:42,1
B7S9X6P4GU,116.562,40.1077,1791044,0,0,0,14-3-29 17:49:27,1
B7S9X6P4GU,116.562,40.1077,1791044,0,0,0,14-3-29 17:50:41,1
B7S9X6P4GU,116.562,40.1077,1791044,0,0,0,14-3-29 17:52:27,1
B7S9X6P4GU,116.562,40.1077,1791044,0,0,0,14-3-29 17:52:41,1
B7S9X6P4GU,116.562,40.1077,1791044,0,0,0,14-3-29 17:54:41,1
B7S9X6P4GU,116.564,40.1077,1791046,7,4,0,14-3-29 17:55:27,1
B7S9X6P4GU,116.564,40.1081,1791046,24,0,0,14-3-29 17:55:39,1
B7S9X6P4GU,116.564,40.1096,1791048,9,178,0,14-3-29 17:56:35,1
B7S9X6P4GU,116.564,40.1117,1791050,38,0,0,14-3-29 17:57:1,1
B7S9X6P4GU,116.564,40.1135,1791052,38,0,0,14-3-29 17:57:18,1
B7S9X6P4GU,116.564,40.1152,1791054,0,0,0,14-3-29 17:58:27,1
B7S9X6P4GU,116.564,40.1152,1791054,0,0,0,14-3-29 17:59:18,1
B7S9X6P4GU,116.564,40.1152,1791054,7,11,0,14-3-29 17:59:31,1
B7S9X6P4GU,116.565,40.1164,1791056,35,44,0,14-3-29 18:0:5,1
B7S9X6P4GU,116.568,40.1164,1791058,53,43,0,14-3-29 18:0:20,1
B7S9X6P4GU,116.57,40.1165,1791060,53,43,0,14-3-29 18:0:32,1
B7S9X6P4GU,116.572,40.1165,1791062,31,43,0,14-3-29 18:1:3,1
B7S9X6P4GU,116.576,40.1166,1791065,53,42,0,14-3-29 18:1:27,1
B7S9X6P4GU,116.577,40.1167,1791066,53,43,0,14-3-29 18:1:33,1
B7S9X6P4GU,116.579,40.1167,1791068,51,43,0,14-3-29 18:1:46,1
B7S9X6P4GU,116.581,40.1168,1791070,9,43,0,14-3-29 18:2:9,1
B7S9X6P4GU,116.582,40.1168,1791070,0,0,0,14-3-29 18:4:9,1
B7S9X6P4GU,116.582,40.1168,1791070,0,0,0,14-3-29 18:4:27,1
B7S9X6P4GU,116.582,40.1183,1791072,29,176,0,14-3-29 18:5:1,1
B7S9X6P4GU,116.583,40.1191,1791074,35,44,0,14-3-29 18:5:25,1
B7S9X6P4GU,116.586,40.119,1791076,22,45,0,14-3-29 18:5:46,1
B7S9X6P4GU,116.586,40.1214,1791079,31,175,0,14-3-29 18:8:9,1
B7S9X6P4GU,116.587,40.1224,1791081,0,0,0,14-3-29 18:9:12,1
B7S9X6P4GU,116.587,40.1224,1791081,0,0,0,14-3-29 18:10:11,1
B7S9X6P4GU,116.587,40.1224,1791081,0,0,0,14-3-29 18:11:21,1
B7S9X6P4GU,116.587,40.1224,1791081,0,0,0,14-3-29 18:12:39,1
B7S9X6P4GU,116.587,40.1224,1791081,0,0,0,14-3-29 18:12:49,1
B7S9X6P4GU,116.587,40.1224,1791081,0,0,0,14-3-29 18:13:16,1
B7S9X6P4GU,116.587,40.1224,1791081,0,0,0,14-3-29 18:15:17,1
B7S9X6P4GU,116.587,40.1224,1791081,0,0,0,14-3-29 18:16:49,1
B7S9X6P4GU,116.587,40.1224,1791081,0,0,0,14-3-29 18:18:17,1
B7S9X6P4GU,116.587,40.1224,1791081,0,0,0,14-3-29 18:18:49,1
B7S9X6P4GU,116.587,40.1224,1791081,0,0,0,14-3-29 18:20:49,1
B7S9X6P4GU,116.587,40.1224,1791081,0,0,0,14-3-29 18:21:17,1
B7S9X6P4GU,116.587,40.1224,1791081,0,0,0,14-3-29 18:22:49,1
B7S9X6P4GU,116.587,40.1224,1791081,0,0,0,14-3-29 18:24:17,1
B7S9X6P4GU,116.587,40.1224,1791081,0,0,0,14-3-29 18:24:49,1
B7S9X6P4GU,116.587,40.1224,1791081,0,0,0,14-3-29 18:26:49,1
B7S9X6P4GU,116.587,40.1224,1791081,0,0,0,14-3-29 18:27:17,1
B7S9X6P4GU,116.587,40.1224,1791081,0,0,0,14-3-29 18:28:49,1
B7S9X6P4GU,116.587,40.1224,1791081,0,0,0,14-3-29 18:30:17,1
B7S9X6P4GU,116.587,40.1224,1791081,0,0,0,14-3-29 18:30:49,1
B7S9X6P4GU,116.587,40.1224,1791081,0,0,0,14-3-29 18:32:49,1
B7S9X6P4GU,116.587,40.1224,1791081,0,0,0,14-3-29 18:33:17,1
B7S9X6P4GU,116.587,40.1224,1791081,0,0,0,14-3-29 18:34:49,1
B7S9X6P4GU,116.587,40.1224,1791081,0,0,0,14-3-29 18:36:17,1
B7S9X6P4GU,116.587,40.1224,1791081,0,0,0,14-3-29 18:36:49,1
B7S9X6P4GU,116.587,40.1224,1791081,0,0,0,14-3-29 18:38:49,1
B7S9X6P4GU,116.587,40.1224,1791081,0,0,0,14-3-29 18:39:17,1
B7S9X6P4GU,116.587,40.1224,1791081,0,0,0,14-3-29 18:40:49,1
B7S9X6P4GU,116.587,40.1224,1791081,0,0,0,14-3-29 18:42:17,1
B7S9X6P4GU,116.587,40.1224,1791081,0,0,0,14-3-29 18:42:49,1
B7S9X6P4GU,116.587,40.1224,1791081,0,0,0,14-3-29 18:44:49,1
B7S9X6P4GU,116.587,40.1224,1791081,0,0,0,14-3-29 18:45:17,1
B7S9X6P4GU,116.587,40.1224,1791081,0,0,0,14-3-29 18:46:49,1
B7S9X6P4GU,116.587,40.1224,1791081,0,0,0,14-3-29 18:48:17,1
B7S9X6P4GU,116.587,40.1224,1791081,0,0,0,14-3-29 18:48:49,1
B7S9X6P4GU,116.587,40.1224,1791081,0,0,0,14-3-29 18:50:49,1
B7S9X6P4GU,116.587,40.1224,1791081,0,0,0,14-3-29 18:51:17,1
B7S9X6P4GU,116.587,40.1224,1791081,0,0,0,14-3-29 18:52:49,1
B7S9X6P4GU,116.587,40.1224,1791081,0,0,0,14-3-29 18:54:17,1
B7S9X6P4GU,116.587,40.1224,1791081,0,0,0,14-3-29 18:54:49,1
B7S9X6P4GU,116.587,40.1224,1791081,0,0,0,14-3-29 18:56:49,1
B7S9X6P4GU,116.587,40.1224,1791081,0,0,0,14-3-29 18:57:17,1
B7S9X6P4GU,116.587,40.1224,1791081,0,0,0,14-3-29 18:58:49,1
B7S9X6P4GU,116.587,40.1224,1791081,0,0,0,14-3-29 19:0:17,1
B7S9X6P4GU,116.587,40.1224,1791081,0,0,0,14-3-29 19:0:49,1
B7S9X6P4GU,116.587,40.1224,1791081,0,0,0,14-3-29 19:2:49,1
B7S9X6P4GU,116.587,40.1224,1791081,0,0,0,14-3-29 19:3:17,1
B7S9X6P4GU,116.587,40.1224,1791081,0,0,0,14-3-29 19:4:49,1
B7S9X6P4GU,116.587,40.1224,1791081,0,0,0,14-3-29 19:6:17,1
B7S9X6P4GU,116.587,40.1224,1791081,0,0,0,14-3-29 19:6:49,1
B7S9X6P4GU,116.587,40.1224,1791081,0,0,0,14-3-29 19:8:49,1
B7S9X6P4GU,116.587,40.1224,1791081,0,0,0,14-3-29 19:9:17,1
B7S9X6P4GU,116.587,40.1224,1791081,0,0,0,14-3-29 19:10:49,1
B7S9X6P4GU,116.587,40.1224,1791081,0,0,0,14-3-29 19:12:17,1
B7S9X6P4GU,116.587,40.1224,1791081,0,0,0,14-3-29 19:12:49,1
B7S9X6P4GU,116.587,40.1224,1791081,0,0,0,14-3-29 19:14:49,1
B7S9X6P4GU,116.587,40.1224,1791081,0,0,0,14-3-29 19:15:17,1
B7S9X6P4GU,116.587,40.1224,1791081,0,0,0,14-3-29 19:16:49,1
B7S9X6P4GU,116.587,40.1224,1791081,0,0,0,14-3-29 19:18:17,1
B7S9X6P4GU,116.587,40.1224,1791081,0,0,0,14-3-29 19:18:49,1
B7S9X6P4GU,116.587,40.1224,1791081,0,0,0,14-3-29 19:20:49,1
B7S9X6P4GU,116.587,40.1224,1791081,0,0,0,14-3-29 19:21:17,1
B7S9X6P4GU,116.587,40.1224,1791081,0,0,0,14-3-29 19:22:49,1
B7S9X6P4GU,116.587,40.1224,1791081,0,0,0,14-3-29 19:24:17,1
B7S9X6P4GU,116.587,40.1224,1791081,0,0,0,14-3-29 19:24:49,1
B7S9X6P4GU,116.587,40.1224,1791081,0,0,0,14-3-29 19:26:49,1
B7S9X6P4GU,116.587,40.1224,1791081,0,0,0,14-3-29 19:27:17,1
B7S9X6P4GU,116.587,40.1224,1791081,0,0,0,14-3-29 19:28:49,1
B7S9X6P4GU,116.587,40.1224,1791081,0,0,0,14-3-29 19:30:17,1
B7S9X6P4GU,116.587,40.1224,1791081,0,0,0,14-3-29 19:30:49,1
B7S9X6P4GU,116.587,40.1224,1791081,0,0,0,14-3-29 19:32:49,1
B7S9X6P4GU,116.587,40.1224,1791081,0,0,0,14-3-29 19:33:17,1
B7S9X6P4GU,116.587,40.1224,1791081,0,0,0,14-3-29 19:34:49,1
B7S9X6P4GU,116.587,40.1224,1791081,0,0,0,14-3-29 19:36:17,1
B7S9X6P4GU,116.587,40.1224,1791081,0,0,0,14-3-29 19:36:49,1
B7S9X6P4GU,116.587,40.1224,1791081,0,0,0,14-3-29 19:38:49,1
B7S9X6P4GU,116.587,40.1224,1791081,0,0,0,14-3-29 19:39:17,1
B7S9X6P4GU,116.587,40.1224,1791081,0,0,0,14-3-29 19:40:49,1
B7S9X6P4GU,116.587,40.1224,1791081,0,0,0,14-3-29 19:42:17,1
B7S9X6P4GU,116.587,40.1224,1791081,0,0,0,14-3-29 19:42:49,1
B7S9X6P4GU,116.587,40.1224,1791081,0,0,0,14-3-29 19:44:49,1
B7S9X6P4GU,116.587,40.1224,1791081,0,0,0,14-3-29 19:45:17,1
B7S9X6P4GU,116.587,40.1224,1791081,0,0,0,14-3-29 19:46:49,1
B7S9X6P4GU,116.587,40.1224,1791081,0,0,0,14-3-29 19:48:17,1
B7S9X6P4GU,116.587,40.1224,1791081,0,0,0,14-3-29 19:48:49,1
B7S9X6P4GU,116.587,40.1224,1791081,0,0,0,14-3-29 19:50:49,1
B7S9X6P4GU,116.587,40.1224,1791081,0,0,0,14-3-29 19:51:17,1
B7S9X6P4GU,116.587,40.1224,1791081,0,0,0,14-3-29 19:52:49,1
B7S9X6P4GU,116.587,40.1224,1791081,0,0,0,14-3-29 19:54:17,1
B7S9X6P4GU,116.587,40.1224,1791081,0,0,0,14-3-29 19:54:49,1
B7S9X6P4GU,116.587,40.1224,1791081,0,0,0,14-3-29 19:56:49,1
B7S9X6P4GU,116.587,40.1224,1791081,0,0,0,14-3-29 19:57:17,1
B7S9X6P4GU,116.587,40.1224,1791081,0,0,0,14-3-29 19:58:49,1
B7S9X6P4GU,116.587,40.1224,1791081,0,0,0,14-3-29 20:0:17,1
B7S9X6P4GU,116.587,40.1224,1791081,0,0,0,14-3-29 20:0:49,1
B7S9X6P4GU,116.587,40.1224,1791081,0,0,0,14-3-29 20:2:49,1
B7S9X6P4GU,116.587,40.1224,1791081,0,0,0,14-3-29 20:3:17,1
B7S9X6P4GU,116.587,40.1224,1791081,0,0,0,14-3-29 20:4:49,1
B7S9X6P4GU,116.587,40.1224,1791081,0,0,0,14-3-29 20:6:17,1
B7S9X6P4GU,116.587,40.1224,1791081,0,0,0,14-3-29 20:6:49,1
B7S9X6P4GU,116.587,40.1224,1791081,0,0,0,14-3-29 20:7:26,1
B7S9X6P4GU,116.587,40.1224,1791081,0,0,0,14-3-29 20:8:49,1
B7S9X6P4GU,116.587,40.1224,1791081,0,0,0,14-3-29 20:9:17,1
B7S9X6P4GU,116.587,40.1224,1791081,0,0,0,14-3-29 20:10:49,1
B7S9X6P4GU,116.587,40.1224,1791081,0,0,0,14-3-29 20:12:17,1
B7S9X6P4GU,116.587,40.1224,1791081,0,0,0,14-3-29 20:12:49,1
B7S9X6P4GU,116.587,40.1224,1791081,0,0,0,14-3-29 20:14:49,1
B7S9X6P4GU,116.587,40.1224,1791081,0,0,0,14-3-29 20:15:17,1
B7S9X6P4GU,116.587,40.1224,1791081,0,0,0,14-3-29 20:16:49,1
B7S9X6P4GU,116.587,40.1224,1791081,0,0,0,14-3-29 20:18:17,1
B7S9X6P4GU,116.587,40.1224,1791081,0,0,0,14-3-29 20:18:49,1
B7S9X6P4GU,116.587,40.1224,1791081,0,0,0,14-3-29 20:20:49,1
B7S9X6P4GU,116.587,40.1224,1791081,0,0,0,14-3-29 20:21:17,1
B7S9X6P4GU,116.587,40.1224,1791081,0,0,0,14-3-29 20:22:49,1
B7S9X6P4GU,116.587,40.1224,1791081,0,0,0,14-3-29 20:24:17,1
B7S9X6P4GU,116.587,40.1224,1791081,0,0,0,14-3-29 20:24:49,1
B7S9X6P4GU,116.587,40.1224,1791081,0,0,0,14-3-29 20:26:49,1
B7S9X6P4GU,116.587,40.1224,1791081,0,0,0,14-3-29 20:27:17,1
B7S9X6P4GU,116.587,40.1224,1791081,0,0,0,14-3-29 20:28:49,1
B7S9X6P4GU,116.587,40.1224,1791081,0,0,0,14-3-29 20:30:17,1
B7S9X6P4GU,116.587,40.1224,1791081,0,0,0,14-3-29 20:30:49,1
B7S9X6P4GU,116.587,40.1224,1791081,0,0,0,14-3-29 20:32:49,1
B7S9X6P4GU,116.587,40.1224,1791081,0,0,0,14-3-29 20:33:17,1
B7S9X6P4GU,116.587,40.1224,1791081,0,0,0,14-3-29 20:34:49,1
B7S9X6P4GU,116.587,40.1224,1791081,0,0,0,14-3-29 20:36:17,1
B7S9X6P4GU,116.587,40.1224,1791081,0,0,0,14-3-29 20:36:49,1
B7S9X6P4GU,116.587,40.1224,1791081,0,0,0,14-3-29 20:38:49,1
B7S9X6P4GU,116.587,40.1224,1791081,0,0,0,14-3-29 20:39:18,1
B7S9X6P4GU,116.587,40.1224,1791081,0,0,0,14-3-29 20:40:49,1
B7S9X6P4GU,116.587,40.1224,1791081,0,0,0,14-3-29 20:42:18,1
B7S9X6P4GU,116.587,40.1224,1791081,0,0,0,14-3-29 20:42:49,1
B7S9X6P4GU,116.587,40.1224,1791081,0,0,0,14-3-29 20:44:49,1
B7S9X6P4GU,116.587,40.1224,1791081,0,0,0,14-3-29 20:45:18,1
B7S9X6P4GU,116.587,40.1224,1791081,0,0,0,14-3-29 20:46:49,1
B7S9X6P4GU,116.587,40.1224,1791081,0,0,0,14-3-29 20:48:18,1
B7S9X6P4GU,116.587,40.1224,1791081,0,0,0,14-3-29 20:48:49,1
B7S9X6P4GU,116.587,40.1224,1791081,0,0,0,14-3-29 20:50:49,1
B7S9X6P4GU,116.587,40.1224,1791081,0,0,0,14-3-29 20:51:18,1
B7S9X6P4GU,116.587,40.1224,1791081,0,0,0,14-3-29 20:52:49,1
B7S9X6P4GU,116.587,40.1224,1791081,0,0,0,14-3-29 20:54:18,1
B7S9X6P4GU,116.587,40.1224,1791081,0,0,0,14-3-29 20:54:49,1
B7S9X6P4GU,116.587,40.1224,1791081,0,0,0,14-3-29 20:56:49,1
B7S9X6P4GU,116.587,40.1224,1791081,0,0,0,14-3-29 20:57:18,1
B7S9X6P4GU,116.587,40.1224,1791081,0,0,0,14-3-29 20:58:49,1
B7S9X6P4GU,116.587,40.1224,1791081,0,0,0,14-3-29 21:0:18,1
B7S9X6P4GU,116.587,40.1224,1791081,0,0,0,14-3-29 21:0:49,1
B7S9X6P4GU,116.587,40.1224,1791081,0,0,0,14-3-29 21:2:49,1
B7S9X6P4GU,116.587,40.1224,1791081,0,0,0,14-3-29 21:3:18,1
B7S9X6P4GU,116.587,40.1224,1791081,0,0,0,14-3-29 21:4:49,1
B7S9X6P4GU,116.587,40.1224,1791081,0,0,0,14-3-29 21:6:18,1
B7S9X6P4GU,116.587,40.1224,1791081,0,0,0,14-3-29 21:6:49,1
B7S9X6P4GU,116.587,40.1224,1791081,0,0,0,14-3-29 21:8:49,1
B7S9X6P4GU,116.587,40.1224,1791081,0,0,0,14-3-29 21:9:18,1
B7S9X6P4GU,116.587,40.1224,1791081,0,0,0,14-3-29 21:10:49,1
B7S9X6P4GU,116.587,40.1224,1791081,0,0,0,14-3-29 21:12:18,1
B7S9X6P4GU,116.587,40.1224,1791081,0,0,0,14-3-29 21:12:49,1
B7S9X6P4GU,116.587,40.1224,1791081,0,0,0,14-3-29 21:14:49,1
B7S9X6P4GU,116.587,40.1224,1791081,0,0,0,14-3-29 21:15:18,1
B7S9X6P4GU,116.587,40.1224,1791081,0,0,0,14-3-29 21:16:49,1
B7S9X6P4GU,116.587,40.1224,1791081,0,0,0,14-3-29 21:18:18,1
B7S9X6P4GU,116.587,40.1224,1791081,0,0,0,14-3-29 21:18:49,1
B7S9X6P4GU,116.587,40.1224,1791081,0,0,0,14-3-29 21:20:49,1
B7S9X6P4GU,116.587,40.1224,1791081,0,0,0,14-3-29 21:21:18,1
B7S9X6P4GU,116.587,40.1224,1791081,0,0,0,14-3-29 21:22:49,1
B7S9X6P4GU,116.587,40.1224,1791081,0,0,0,14-3-29 21:24:18,1
B7S9X6P4GU,116.587,40.1224,1791081,0,0,0,14-3-29 21:24:49,1
B7S9X6P4GU,116.587,40.1224,1791081,0,0,0,14-3-29 21:26:49,1
B7S9X6P4GU,116.587,40.1224,1791081,0,0,0,14-3-29 21:27:18,1
B7S9X6P4GU,116.587,40.1224,1791081,0,0,0,14-3-29 21:28:49,1
B7S9X6P4GU,116.587,40.1224,1791081,0,0,0,14-3-29 21:30:18,1
B7S9X6P4GU,116.587,40.1224,1791081,0,0,0,14-3-29 21:30:49,1
B7S9X6P4GU,116.587,40.1224,1791081,0,0,0,14-3-29 21:32:49,1
B7S9X6P4GU,116.587,40.1224,1791081,0,0,0,14-3-29 21:33:18,1
B7S9X6P4GU,116.587,40.1224,1791081,0,0,0,14-3-29 21:34:49,1
B7S9X6P4GU,116.587,40.1224,1791081,0,0,0,14-3-29 21:36:18,1
B7S9X6P4GU,116.587,40.1224,1791081,0,0,0,14-3-29 21:36:49,1
B7S9X6P4GU,116.587,40.1224,1791081,0,0,0,14-3-29 21:38:49,1
B7S9X6P4GU,116.587,40.1224,1791081,0,0,0,14-3-29 21:39:18,1
B7S9X6P4GU,116.587,40.1224,1791081,0,0,0,14-3-29 21:40:49,1
B7S9X6P4GU,116.587,40.1224,1791081,0,0,0,14-3-29 21:42:18,1
B7S9X6P4GU,116.587,40.1224,1791081,0,0,0,14-3-29 21:42:49,1
B7S9X6P4GU,116.587,40.1224,1791081,0,0,0,14-3-29 21:44:49,1
B7S9X6P4GU,116.587,40.1224,1791081,0,0,0,14-3-29 21:45:18,1
B7S9X6P4GU,116.587,40.1224,1791081,0,0,0,14-3-29 21:46:49,1
B7S9X6P4GU,116.587,40.1224,1791081,0,0,0,14-3-29 21:48:18,1
B7S9X6P4GU,116.587,40.1224,1791081,0,0,0,14-3-29 21:48:49,1
B7S9X6P4GU,116.587,40.1224,1791081,0,0,0,14-3-29 21:50:49,1
B7S9X6P4GU,116.587,40.1224,1791081,0,0,0,14-3-29 21:51:18,1
B7S9X6P4GU,116.587,40.1224,1791081,0,0,0,14-3-29 21:52:49,1
B7S9X6P4GU,116.587,40.1224,1791081,0,0,0,14-3-29 21:54:18,1
B7S9X6P4GU,116.587,40.1224,1791081,0,0,0,14-3-29 21:54:49,1
B7S9X6P4GU,116.587,40.1224,1791081,0,0,0,14-3-29 21:56:49,1
B7S9X6P4GU,116.587,40.1224,1791081,0,0,0,14-3-29 21:57:18,1
B7S9X6P4GU,116.587,40.1224,1791081,0,0,0,14-3-29 21:58:49,1
B7S9X6P4GU,116.587,40.1224,1791081,0,0,0,14-3-29 22:0:18,1
B7S9X6P4GU,116.587,40.1224,1791081,0,0,0,14-3-29 22:0:49,1
B7S9X6P4GU,116.587,40.1224,1791081,0,0,0,14-3-29 22:2:49,1
B7S9X6P4GU,116.587,40.1224,1791081,0,0,0,14-3-29 22:3:18,1
B7S9X6P4GU,116.587,40.1224,1791081,0,0,0,14-3-29 22:4:49,1
B7S9X6P4GU,116.587,40.1224,1791081,0,0,0,14-3-29 22:6:18,1
B7S9X6P4GU,116.587,40.1224,1791081,0,0,0,14-3-29 22:6:49,1
B7S9X6P4GU,116.587,40.1224,1791081,0,0,0,14-3-29 22:8:49,1
B7S9X6P4GU,116.587,40.1224,1791081,0,0,0,14-3-29 22:9:18,1
B7S9X6P4GU,116.587,40.1224,1791081,0,0,0,14-3-29 22:10:49,1
B7S9X6P4GU,116.587,40.1224,1791081,0,0,0,14-3-29 22:12:18,1
B7S9X6P4GU,116.587,40.1224,1791081,0,0,0,14-3-29 22:12:49,1
B7S9X6P4GU,116.587,40.1224,1791081,0,0,0,14-3-29 22:14:49,1
B7S9X6P4GU,116.587,40.1224,1791081,0,0,0,14-3-29 22:15:18,1
B7S9X6P4GU,116.587,40.1224,1791081,0,0,0,14-3-29 22:16:49,1
B7S9X6P4GU,116.587,40.1224,1791081,0,0,0,14-3-29 22:18:18,1
B7S9X6P4GU,116.587,40.1224,1791081,0,0,0,14-3-29 22:18:49,1
B7S9X6P4GU,116.587,40.1224,1791081,0,0,0,14-3-29 22:20:49,1
B7S9X6P4GU,116.587,40.1224,1791081,0,0,0,14-3-29 22:21:18,1
B7S9X6P4GU,116.587,40.1224,1791081,0,0,0,14-3-29 22:22:49,1
B7S9X6P4GU,116.587,40.1224,1791081,0,0,0,14-3-29 22:24:18,1
B7S9X6P4GU,116.587,40.1224,1791081,0,0,0,14-3-29 22:24:49,1
B7S9X6P4GU,116.587,40.1224,1791081,0,0,0,14-3-29 22:26:49,1
B7S9X6P4GU,116.587,40.1224,1791081,0,0,0,14-3-29 22:27:18,1
B7S9X6P4GU,116.587,40.1224,1791081,0,0,0,14-3-29 22:28:49,1
B7S9X6P4GU,116.587,40.1224,1791081,0,0,0,14-3-29 22:30:18,1
B7S9X6P4GU,116.587,40.1224,1791081,0,0,0,14-3-29 22:30:49,1
B7S9X6P4GU,116.587,40.1224,1791081,0,0,0,14-3-29 22:32:49,1
B7S9X6P4GU,116.587,40.1224,1791081,0,0,0,14-3-29 22:33:18,1
B7S9X6P4GU,116.587,40.1224,1791081,0,0,0,14-3-29 22:34:49,1
B7S9X6P4GU,116.587,40.1224,1791081,0,0,0,14-3-29 22:36:18,1
B7S9X6P4GU,116.587,40.1224,1791081,0,0,0,14-3-29 22:36:49,1
B7S9X6P4GU,116.587,40.1224,1791081,0,0,0,14-3-29 22:38:49,1
B7S9X6P4GU,116.587,40.1224,1791081,0,0,0,14-3-29 22:39:18,1
B7S9X6P4GU,116.587,40.1224,1791081,0,0,0,14-3-29 22:40:49,1
B7S9X6P4GU,116.587,40.1224,1791081,0,0,0,14-3-29 22:42:18,1
B7S9X6P4GU,116.587,40.1224,1791081,0,0,0,14-3-29 22:42:49,1
B7S9X6P4GU,116.587,40.1224,1791081,0,0,0,14-3-29 22:44:49,1
B7S9X6P4GU,116.587,40.1224,1791081,0,0,0,14-3-29 22:45:18,1
B7S9X6P4GU,116.587,40.1224,1791081,0,0,0,14-3-29 22:46:49,1
B7S9X6P4GU,116.587,40.1224,1791081,0,0,0,14-3-29 22:48:18,1
B7S9X6P4GU,116.587,40.1224,1791081,0,0,0,14-3-29 22:48:49,1
B7S9X6P4GU,116.587,40.1224,1791081,0,0,0,14-3-29 22:50:49,1
B7S9X6P4GU,116.587,40.1224,1791081,0,0,0,14-3-29 22:51:18,1
B7S9X6P4GU,116.587,40.1224,1791081,0,0,0,14-3-29 22:52:49,1
B7S9X6P4GU,116.587,40.1224,1791081,0,0,0,14-3-29 22:54:18,1
B7S9X6P4GU,116.587,40.1224,1791081,0,0,0,14-3-29 22:54:50,1
B7S9X6P4GU,116.587,40.1224,1791081,0,0,0,14-3-29 22:56:50,1
B7S9X6P4GU,116.587,40.1224,1791081,0,0,0,14-3-29 22:57:18,1
B7S9X6P4GU,116.587,40.1224,1791081,0,0,0,14-3-29 22:58:50,1
B7S9X6P4GU,116.587,40.1224,1791081,0,0,0,14-3-29 23:0:18,1
B7S9X6P4GU,116.587,40.1224,1791081,0,0,0,14-3-29 23:0:50,1
B7S9X6P4GU,116.587,40.1224,1791081,0,0,0,14-3-29 23:2:50,1
B7S9X6P4GU,116.587,40.1224,1791081,0,0,0,14-3-29 23:3:18,1
B7S9X6P4GU,116.587,40.1224,1791081,0,0,0,14-3-29 23:4:50,1
B7S9X6P4GU,116.587,40.1224,1791081,0,0,0,14-3-29 23:6:18,1
B7S9X6P4GU,116.587,40.1224,1791081,0,0,0,14-3-29 23:6:50,1
B7S9X6P4GU,116.587,40.1224,1791081,0,0,0,14-3-29 23:8:50,1
B7S9X6P4GU,116.587,40.1224,1791081,0,0,0,14-3-29 23:9:18,1
B7S9X6P4GU,116.587,40.1224,1791081,0,0,0,14-3-29 23:10:50,1
B7S9X6P4GU,116.587,40.1224,1791081,0,0,0,14-3-29 23:12:18,1
B7S9X6P4GU,116.587,40.1224,1791081,0,0,0,14-3-29 23:12:50,1
B7S9X6P4GU,116.587,40.1224,1791081,0,0,0,14-3-29 23:14:50,1
B7S9X6P4GU,116.587,40.1224,1791081,0,0,0,14-3-29 23:15:18,1
B7S9X6P4GU,116.587,40.1224,1791081,0,0,0,14-3-29 23:16:50,1
B7S9X6P4GU,116.587,40.1224,1791081,0,0,0,14-3-29 23:18:18,1
B7S9X6P4GU,116.587,40.1224,1791081,0,0,0,14-3-29 23:18:50,1
B7S9X6P4GU,116.587,40.1224,1791081,0,0,0,14-3-29 23:20:50,1
B7S9X6P4GU,116.587,40.1224,1791081,0,0,0,14-3-29 23:21:18,1
B7S9X6P4GU,116.587,40.1224,1791081,0,0,0,14-3-29 23:22:50,1
B7S9X6P4GU,116.587,40.1224,1791081,0,0,0,14-3-29 23:24:19,1
B7S9X6P4GU,116.587,40.1224,1791081,0,0,0,14-3-29 23:24:50,1
B7S9X6P4GU,116.587,40.1224,1791081,0,0,0,14-3-29 23:26:50,1
B7S9X6P4GU,116.587,40.1224,1791081,0,0,0,14-3-29 23:27:19,1
B7S9X6P4GU,116.587,40.1224,1791081,0,0,0,14-3-29 23:28:50,1
B7S9X6P4GU,116.587,40.1224,1791081,0,0,0,14-3-29 23:30:19,1
B7S9X6P4GU,116.587,40.1224,1791081,0,0,0,14-3-29 23:30:50,1
B7S9X6P4GU,116.587,40.1224,1791081,0,0,0,14-3-29 23:32:50,1
B7S9X6P4GU,116.587,40.1224,1791081,0,0,0,14-3-29 23:33:19,1
B7S9X6P4GU,116.587,40.1224,1791081,0,0,0,14-3-29 23:34:50,1
B7S9X6P4GU,116.587,40.1224,1791081,0,0,0,14-3-29 23:36:19,1
B7S9X6P4GU,116.587,40.1224,1791081,0,0,0,14-3-29 23:36:50,1
B7S9X6P4GU,116.587,40.1224,1791081,0,0,0,14-3-29 23:38:50,1
B7S9X6P4GU,116.587,40.1224,1791081,0,0,0,14-3-29 23:39:19,1
B7S9X6P4GU,116.587,40.1224,1791081,0,0,0,14-3-29 23:40:50,1
B7S9X6P4GU,116.587,40.1224,1791081,0,0,0,14-3-29 23:42:19,1
B7S9X6P4GU,116.587,40.1224,1791081,0,0,0,14-3-29 23:42:50,1
B7S9X6P4GU,116.587,40.1224,1791081,0,0,0,14-3-29 23:44:50,1
B7S9X6P4GU,116.587,40.1224,1791081,0,0,0,14-3-29 23:45:19,1
B7S9X6P4GU,116.587,40.1224,1791081,0,0,0,14-3-29 23:46:50,1
B7S9X6P4GU,116.587,40.1224,1791081,0,0,0,14-3-29 23:48:19,1
B7S9X6P4GU,116.587,40.1224,1791081,0,0,0,14-3-29 23:48:50,1
B7S9X6P4GU,116.587,40.1224,1791081,0,0,0,14-3-29 23:50:50,1
B7S9X6P4GU,116.587,40.1224,1791081,0,0,0,14-3-29 23:51:19,1
B7S9X6P4GU,116.587,40.1224,1791081,0,0,0,14-3-29 23:52:50,1
B7S9X6P4GU,116.587,40.1224,1791081,0,0,0,14-3-29 23:54:19,1
B7S9X6P4GU,116.587,40.1224,1791081,0,0,0,14-3-29 23:54:50,1
B7S9X6P4GU,116.587,40.1224,1791081,0,0,0,14-3-29 23:56:50,1
B7S9X6P4GU,116.587,40.1224,1791081,0,0,0,14-3-29 23:57:19,1
B7S9X6P4GU,116.587,40.1224,1791081,0,0,0,14-3-29 23:58:50,1
