F51IS1B4GU,121.328,30.7994,531287,0,0,0,14-3-28 0:1:20,1
F51IS1B4GU,121.328,30.7994,531287,0,0,0,14-3-28 0:3:20,1
F51IS1B4GU,121.328,30.7994,531287,0,0,0,14-3-28 0:5:20,1
F51IS1B4GU,121.328,30.7994,531287,0,0,0,14-3-28 0:7:20,1
F51IS1B4GU,121.328,30.7994,531287,0,0,0,14-3-28 0:9:20,1
F51IS1B4GU,121.328,30.7994,531287,0,0,0,14-3-28 0:11:20,1
F51IS1B4GU,121.328,30.7994,531287,0,0,0,14-3-28 0:13:20,1
F51IS1B4GU,121.328,30.7994,531287,0,0,0,14-3-28 0:15:20,1
F51IS1B4GU,121.328,30.7994,531287,0,0,0,14-3-28 0:17:20,1
F51IS1B4GU,121.328,30.7994,531287,0,0,0,14-3-28 0:19:20,1
F51IS1B4GU,121.328,30.7994,531287,0,0,0,14-3-28 0:21:20,1
F51IS1B4GU,121.328,30.7993,531287,0,0,0,14-3-28 0:23:20,1
F51IS1B4GU,121.328,30.7994,531287,0,0,0,14-3-28 0:25:20,1
F51IS1B4GU,121.328,30.7994,531287,0,0,0,14-3-28 0:27:20,1
F51IS1B4GU,121.328,30.7994,531287,0,0,0,14-3-28 0:29:20,1
F51IS1B4GU,121.328,30.7994,531287,0,0,0,14-3-28 0:31:20,1
F51IS1B4GU,121.328,30.7994,531287,0,0,0,14-3-28 0:33:20,1
F51IS1B4GU,121.328,30.7994,531287,0,0,0,14-3-28 0:35:20,1
F51IS1B4GU,121.328,30.7994,531287,0,0,0,14-3-28 0:37:20,1
F51IS1B4GU,121.328,30.7994,531287,0,0,0,14-3-28 0:39:20,1
F51IS1B4GU,121.328,30.7994,531287,0,0,0,14-3-28 0:41:20,1
F51IS1B4GU,121.328,30.7994,531287,0,0,0,14-3-28 0:43:20,1
F51IS1B4GU,121.328,30.7994,531287,0,0,0,14-3-28 0:45:20,1
F51IS1B4GU,121.328,30.7994,531287,0,0,0,14-3-28 0:47:20,1
F51IS1B4GU,121.328,30.7994,531287,0,0,0,14-3-28 0:49:20,1
F51IS1B4GU,121.328,30.7994,531287,0,0,0,14-3-28 0:51:20,1
F51IS1B4GU,121.328,30.7994,531287,0,0,0,14-3-28 0:53:20,1
F51IS1B4GU,121.328,30.7994,531287,0,0,0,14-3-28 0:55:20,1
F51IS1B4GU,121.328,30.7993,531287,0,0,0,14-3-28 0:57:20,1
F51IS1B4GU,121.328,30.7994,531287,0,0,0,14-3-28 0:59:20,1
F51IS1B4GU,121.328,30.7994,531287,0,0,0,14-3-28 1:1:20,1
F51IS1B4GU,121.328,30.7994,531287,0,0,0,14-3-28 1:3:20,1
F51IS1B4GU,121.328,30.7994,531287,0,0,0,14-3-28 1:5:20,1
F51IS1B4GU,121.328,30.7994,531287,0,0,0,14-3-28 1:7:20,1
F51IS1B4GU,121.328,30.7994,531287,0,0,0,14-3-28 1:9:20,1
F51IS1B4GU,121.328,30.7994,531287,0,0,0,14-3-28 1:11:20,1
F51IS1B4GU,121.328,30.7994,531287,0,0,0,14-3-28 1:13:20,1
F51IS1B4GU,121.328,30.7994,531287,0,0,0,14-3-28 1:15:20,1
F51IS1B4GU,121.328,30.7994,531287,0,0,0,14-3-28 1:17:20,1
F51IS1B4GU,121.328,30.7994,531287,0,0,0,14-3-28 1:19:20,1
F51IS1B4GU,121.328,30.7994,531287,0,0,0,14-3-28 1:21:20,1
F51IS1B4GU,121.328,30.7994,531287,0,0,0,14-3-28 1:23:20,1
F51IS1B4GU,121.328,30.7994,531287,0,0,0,14-3-28 1:30:13,1
F51IS1B4GU,121.328,30.7994,531287,0,0,0,14-3-28 1:32:13,1
F51IS1B4GU,121.328,30.7994,531287,0,0,0,14-3-28 1:34:13,1
F51IS1B4GU,121.328,30.7994,531287,0,0,0,14-3-28 1:36:13,1
F51IS1B4GU,121.328,30.7994,531287,0,0,0,14-3-28 1:38:13,1
F51IS1B4GU,121.328,30.7994,531287,0,0,0,14-3-28 1:40:13,1
F51IS1B4GU,121.328,30.7994,531287,0,0,0,14-3-28 1:42:13,1
F51IS1B4GU,121.328,30.7994,531287,0,0,0,14-3-28 1:44:13,1
F51IS1B4GU,121.328,30.7994,531287,0,0,0,14-3-28 1:46:13,1
F51IS1B4GU,121.328,30.7994,531287,0,0,0,14-3-28 1:48:13,1
F51IS1B4GU,121.328,30.7994,531287,0,0,0,14-3-28 1:50:13,1
F51IS1B4GU,121.328,30.7994,531287,0,0,0,14-3-28 1:52:13,1
F51IS1B4GU,121.328,30.7994,531287,0,0,0,14-3-28 1:54:13,1
F51IS1B4GU,121.328,30.7994,531287,0,0,0,14-3-28 1:56:13,1
F51IS1B4GU,121.328,30.7994,531287,0,0,0,14-3-28 1:58:13,1
F51IS1B4GU,121.328,30.7994,531287,0,0,0,14-3-28 2:0:13,1
F51IS1B4GU,121.328,30.7994,531287,0,0,0,14-3-28 2:2:13,1
F51IS1B4GU,121.328,30.7994,531287,0,0,0,14-3-28 2:4:13,1
F51IS1B4GU,121.328,30.7994,531287,0,0,0,14-3-28 2:6:13,1
F51IS1B4GU,121.328,30.7994,531287,0,0,0,14-3-28 2:8:13,1
F51IS1B4GU,121.328,30.7994,531287,0,0,0,14-3-28 2:10:13,1
F51IS1B4GU,121.328,30.7994,531287,0,0,0,14-3-28 2:12:13,1
F51IS1B4GU,121.328,30.7994,531287,0,0,0,14-3-28 2:14:13,1
F51IS1B4GU,121.328,30.7993,531287,0,0,0,14-3-28 2:16:13,1
F51IS1B4GU,121.328,30.7994,531287,0,0,0,14-3-28 2:18:13,1
F51IS1B4GU,121.328,30.7994,531287,0,0,0,14-3-28 2:20:13,1
F51IS1B4GU,121.328,30.7994,531287,0,0,0,14-3-28 2:22:13,1
F51IS1B4GU,121.328,30.7994,531287,0,0,0,14-3-28 2:24:13,1
F51IS1B4GU,121.328,30.7994,531287,0,0,0,14-3-28 2:26:13,1
F51IS1B4GU,121.328,30.7994,531287,0,0,0,14-3-28 2:28:13,1
F51IS1B4GU,121.328,30.7994,531287,0,0,0,14-3-28 2:30:13,1
F51IS1B4GU,121.328,30.7994,531287,0,0,0,14-3-28 2:32:13,1
F51IS1B4GU,121.328,30.7994,531287,0,0,0,14-3-28 2:34:13,1
F51IS1B4GU,121.328,30.7994,531287,0,0,0,14-3-28 2:36:13,1
F51IS1B4GU,121.328,30.7994,531287,0,0,0,14-3-28 2:38:13,1
F51IS1B4GU,121.328,30.7994,531287,0,0,0,14-3-28 2:54:46,1
F51IS1B4GU,121.328,30.7994,531287,0,0,0,14-3-28 2:56:46,1
F51IS1B4GU,121.328,30.7994,531287,0,0,0,14-3-28 2:58:46,1
F51IS1B4GU,121.328,30.7994,531287,0,0,0,14-3-28 3:0:46,1
F51IS1B4GU,121.328,30.7994,531287,0,0,0,14-3-28 3:2:46,1
F51IS1B4GU,121.328,30.7994,531287,0,0,0,14-3-28 3:4:46,1
F51IS1B4GU,121.328,30.7994,531287,0,0,0,14-3-28 3:6:46,1
F51IS1B4GU,121.328,30.7994,531287,0,0,0,14-3-28 3:8:46,1
F51IS1B4GU,121.328,30.7994,531287,0,0,0,14-3-28 3:10:46,1
F51IS1B4GU,121.328,30.7993,531287,0,0,0,14-3-28 3:12:46,1
F51IS1B4GU,121.328,30.7994,531287,0,0,0,14-3-28 3:14:46,1
F51IS1B4GU,121.328,30.7994,531287,0,0,0,14-3-28 3:16:46,1
F51IS1B4GU,121.328,30.7994,531287,0,0,0,14-3-28 3:18:46,1
F51IS1B4GU,121.328,30.7994,531287,0,0,0,14-3-28 3:20:46,1
F51IS1B4GU,121.328,30.7994,531287,0,0,0,14-3-28 3:22:46,1
F51IS1B4GU,121.328,30.7994,531287,0,0,0,14-3-28 3:24:46,1
F51IS1B4GU,121.328,30.7994,531287,0,0,0,14-3-28 3:26:46,1
F51IS1B4GU,121.351,30.8006,531327,7,89,0,14-3-28 3:46:50,1
F51IS1B4GU,121.351,30.7999,531328,22,85,0,14-3-28 3:47:7,1
F51IS1B4GU,121.351,30.7981,531330,25,85,0,14-3-28 3:47:35,1
F51IS1B4GU,121.352,30.7964,531331,9,81,0,14-3-28 3:49:17,1
F51IS1B4GU,121.352,30.7946,531333,16,84,0,14-3-28 3:51:10,1
F51IS1B4GU,121.352,30.7943,531335,0,0,0,14-3-28 3:58:12,1
F51IS1B4GU,121.352,30.7943,531335,0,0,0,14-3-28 4:0:12,1
F51IS1B4GU,121.352,30.7943,531335,0,0,0,14-3-28 4:2:12,1
F51IS1B4GU,121.352,30.7943,531335,0,0,0,14-3-28 4:4:12,1
F51IS1B4GU,121.352,30.7943,531335,0,0,0,14-3-28 4:6:12,1
F51IS1B4GU,121.352,30.7943,531335,0,0,0,14-3-28 4:8:12,1
F51IS1B4GU,121.352,30.7943,531335,0,0,0,14-3-28 4:10:12,1
F51IS1B4GU,121.352,30.7943,531335,0,0,0,14-3-28 4:12:12,1
F51IS1B4GU,121.352,30.7943,531335,0,0,0,14-3-28 4:14:12,1
F51IS1B4GU,121.352,30.7943,531335,0,0,0,14-3-28 4:16:12,1
F51IS1B4GU,121.352,30.7943,531335,0,0,0,14-3-28 4:18:12,1
F51IS1B4GU,121.352,30.7943,531335,0,0,0,14-3-28 4:20:12,1
F51IS1B4GU,121.352,30.7943,531335,0,0,0,14-3-28 4:22:12,1
F51IS1B4GU,121.352,30.7943,531335,0,0,0,14-3-28 4:24:12,1
F51IS1B4GU,121.352,30.7943,531335,0,0,0,14-3-28 4:26:12,1
F51IS1B4GU,121.352,30.7943,531335,0,0,0,14-3-28 4:28:12,1
F51IS1B4GU,121.352,30.7943,531335,0,0,0,14-3-28 4:30:12,1
F51IS1B4GU,121.352,30.7943,531335,0,0,0,14-3-28 4:32:12,1
F51IS1B4GU,121.352,30.7943,531335,0,0,0,14-3-28 4:34:12,1
F51IS1B4GU,121.352,30.7944,531335,0,0,0,14-3-28 4:36:12,1
F51IS1B4GU,121.352,30.7943,531335,0,0,0,14-3-28 4:38:12,1
F51IS1B4GU,121.352,30.7943,531335,0,0,0,14-3-28 4:40:12,1
F51IS1B4GU,121.352,30.7943,531335,0,0,0,14-3-28 4:42:12,1
F51IS1B4GU,121.352,30.7943,531335,0,0,0,14-3-28 4:44:12,1
F51IS1B4GU,121.352,30.7943,531335,0,0,0,14-3-28 4:46:12,1
F51IS1B4GU,121.352,30.7943,531335,0,0,0,14-3-28 4:48:12,1
F51IS1B4GU,121.352,30.7943,531335,0,0,0,14-3-28 4:50:12,1
F51IS1B4GU,121.352,30.7944,531335,0,0,0,14-3-28 4:52:12,1
F51IS1B4GU,121.352,30.7944,531335,0,0,0,14-3-28 4:54:12,1
F51IS1B4GU,121.352,30.7944,531335,0,0,0,14-3-28 4:56:12,1
F51IS1B4GU,121.352,30.7944,531335,0,0,0,14-3-28 4:58:12,1
F51IS1B4GU,121.352,30.7943,531335,0,0,0,14-3-28 5:0:12,1
F51IS1B4GU,121.352,30.7943,531335,0,0,0,14-3-28 5:2:12,1
F51IS1B4GU,121.352,30.7944,531335,0,0,0,14-3-28 5:4:12,1
F51IS1B4GU,121.352,30.7944,531335,0,0,0,14-3-28 5:6:12,1
F51IS1B4GU,121.352,30.7944,531335,0,0,0,14-3-28 5:8:12,1
F51IS1B4GU,121.352,30.7944,531335,0,0,0,14-3-28 5:10:12,1
F51IS1B4GU,121.352,30.7943,531335,0,0,0,14-3-28 5:12:12,1
F51IS1B4GU,121.352,30.7943,531335,0,0,0,14-3-28 5:14:12,1
F51IS1B4GU,121.352,30.7943,531335,0,0,0,14-3-28 5:16:12,1
F51IS1B4GU,121.352,30.7943,531335,0,0,0,14-3-28 5:18:12,1
F51IS1B4GU,121.352,30.7943,531335,0,0,0,14-3-28 5:20:12,1
F51IS1B4GU,121.352,30.7943,531335,0,0,0,14-3-28 5:22:12,1
F51IS1B4GU,121.352,30.7944,531335,0,0,0,14-3-28 5:24:12,1
F51IS1B4GU,121.352,30.7943,531335,0,0,0,14-3-28 5:26:12,1
F51IS1B4GU,121.352,30.7943,531335,0,0,0,14-3-28 5:28:12,1
F51IS1B4GU,121.352,30.7943,531335,0,0,0,14-3-28 5:30:12,1
F51IS1B4GU,121.352,30.7943,531335,0,0,0,14-3-28 5:32:12,1
F51IS1B4GU,121.352,30.7943,531335,0,0,0,14-3-28 5:34:12,1
F51IS1B4GU,121.352,30.7943,531335,0,0,0,14-3-28 5:36:12,1
F51IS1B4GU,121.352,30.7943,531335,0,0,0,14-3-28 5:38:12,1
F51IS1B4GU,121.352,30.7944,531335,0,0,0,14-3-28 5:40:12,1
F51IS1B4GU,121.352,30.7944,531335,0,0,0,14-3-28 5:42:12,1
F51IS1B4GU,121.352,30.7944,531335,0,0,0,14-3-28 5:44:12,1
F51IS1B4GU,121.352,30.7943,531335,0,0,0,14-3-28 5:46:12,1
F51IS1B4GU,121.352,30.7943,531335,0,0,0,14-3-28 5:48:12,1
F51IS1B4GU,121.352,30.7943,531335,0,0,0,14-3-28 5:50:12,1
F51IS1B4GU,121.352,30.7944,531335,0,0,0,14-3-28 5:52:12,1
F51IS1B4GU,121.352,30.7944,531335,0,0,0,14-3-28 5:54:12,1
F51IS1B4GU,121.352,30.7943,531335,0,0,0,14-3-28 5:56:12,1
F51IS1B4GU,121.352,30.7943,531335,0,0,0,14-3-28 5:58:12,1
F51IS1B4GU,121.352,30.7944,531335,0,0,0,14-3-28 6:0:12,1
F51IS1B4GU,121.352,30.7944,531335,0,0,0,14-3-28 6:2:12,1
F51IS1B4GU,121.352,30.7944,531335,0,0,0,14-3-28 6:4:12,1
F51IS1B4GU,121.352,30.7943,531335,0,0,0,14-3-28 6:6:12,1
F51IS1B4GU,121.352,30.7943,531335,0,0,0,14-3-28 6:8:12,1
F51IS1B4GU,121.352,30.7944,531335,0,0,0,14-3-28 6:10:12,1
F51IS1B4GU,121.352,30.7944,531335,0,0,0,14-3-28 6:12:12,1
F51IS1B4GU,121.352,30.7944,531335,0,0,0,14-3-28 6:14:12,1
F51IS1B4GU,121.328,30.7997,531365,1,67,0,14-3-28 7:45:5,1
F51IS1B4GU,121.328,30.8,531365,0,0,0,14-3-28 7:46:31,1
F51IS1B4GU,121.328,30.8,531365,0,0,0,14-3-28 7:48:31,1
F51IS1B4GU,121.328,30.8,531365,0,0,0,14-3-28 7:50:31,1
F51IS1B4GU,121.328,30.8,531365,0,0,0,14-3-28 7:52:31,1
F51IS1B4GU,121.328,30.8,531365,0,0,0,14-3-28 7:54:31,1
F51IS1B4GU,121.328,30.8,531365,0,0,0,14-3-28 7:56:31,1
F51IS1B4GU,121.328,30.8001,531365,0,0,0,14-3-28 7:58:31,1
F51IS1B4GU,121.328,30.8001,531365,0,0,0,14-3-28 8:0:11,1
F51IS1B4GU,121.329,30.8012,531367,3,21,0,14-3-28 8:2:5,1
F51IS1B4GU,121.329,30.8012,531367,0,0,0,14-3-28 8:3:11,1
F51IS1B4GU,121.329,30.8012,531367,0,0,0,14-3-28 8:5:11,1
F51IS1B4GU,121.329,30.8011,531367,0,0,0,14-3-28 8:7:11,1
F51IS1B4GU,121.329,30.8012,531367,0,0,0,14-3-28 8:9:11,1
F51IS1B4GU,121.329,30.8011,531367,0,0,0,14-3-28 8:9:49,1
F51IS1B4GU,121.329,30.8012,531367,0,0,0,14-3-28 8:11:45,1
F51IS1B4GU,121.329,30.8011,531367,0,0,0,14-3-28 8:12:8,1
F51IS1B4GU,121.329,30.8011,531367,0,0,0,14-3-28 8:14:8,1
F51IS1B4GU,121.329,30.8011,531367,0,0,0,14-3-28 8:16:8,1
F51IS1B4GU,121.329,30.8012,531367,0,0,0,14-3-28 8:18:8,1
F51IS1B4GU,121.329,30.8012,531367,0,0,0,14-3-28 8:20:8,1
F51IS1B4GU,121.329,30.8011,531367,0,0,0,14-3-28 8:22:8,1
F51IS1B4GU,121.329,30.8012,531367,0,0,0,14-3-28 8:24:8,1
F51IS1B4GU,121.329,30.8011,531367,0,0,0,14-3-28 8:26:8,1
F51IS1B4GU,121.329,30.8011,531367,0,0,0,14-3-28 8:28:8,1
F51IS1B4GU,121.329,30.8011,531367,0,0,0,14-3-28 8:30:8,1
F51IS1B4GU,121.329,30.8011,531367,0,0,0,14-3-28 8:32:8,1
F51IS1B4GU,121.329,30.8011,531367,0,0,0,14-3-28 8:34:8,1
F51IS1B4GU,121.329,30.8011,531367,0,0,0,14-3-28 8:36:8,1
F51IS1B4GU,121.329,30.8012,531367,0,0,0,14-3-28 8:38:8,1
F51IS1B4GU,121.329,30.8012,531367,0,0,0,14-3-28 8:40:8,1
F51IS1B4GU,121.329,30.8011,531367,0,0,0,14-3-28 8:42:8,1
F51IS1B4GU,121.329,30.8012,531367,0,0,0,14-3-28 8:44:8,1
F51IS1B4GU,121.329,30.8011,531367,0,0,0,14-3-28 8:46:8,1
F51IS1B4GU,121.329,30.8011,531367,0,0,0,14-3-28 8:46:34,1
F51IS1B4GU,121.329,30.8011,531367,0,0,0,14-3-28 8:46:37,1
F51IS1B4GU,121.329,30.8012,531367,0,0,0,14-3-28 8:47:46,1
F51IS1B4GU,121.329,30.8012,531367,0,0,0,14-3-28 8:47:51,1
F51IS1B4GU,121.329,30.8012,531367,0,0,0,14-3-28 9:47:29,1
F51IS1B4GU,121.329,30.8012,531367,0,0,0,14-3-28 9:49:29,1
F51IS1B4GU,121.329,30.8011,531367,0,0,0,14-3-28 9:51:29,1
F51IS1B4GU,121.329,30.8011,531367,0,0,0,14-3-28 9:53:29,1
F51IS1B4GU,121.329,30.8011,531367,0,0,0,14-3-28 10:2:11,1
F51IS1B4GU,121.329,30.801,531367,0,0,0,14-3-28 10:4:11,1
F51IS1B4GU,121.329,30.8012,531367,0,0,0,14-3-28 10:12:8,1
F51IS1B4GU,121.329,30.8011,531367,0,0,0,14-3-28 10:14:8,1
F51IS1B4GU,121.329,30.8011,531367,0,0,0,14-3-28 10:34:16,1
F51IS1B4GU,121.329,30.8011,531367,0,0,0,14-3-28 10:36:16,1
F51IS1B4GU,121.329,30.8011,531367,0,0,0,14-3-28 10:38:31,1
F51IS1B4GU,121.329,30.8013,531367,0,0,0,14-3-28 10:45:2,1
F51IS1B4GU,121.329,30.8012,531367,0,0,0,14-3-28 10:47:2,1
F51IS1B4GU,121.329,30.8011,531367,0,0,0,14-3-28 10:49:2,1
F51IS1B4GU,121.329,30.801,531367,0,0,0,14-3-28 10:51:2,1
F51IS1B4GU,121.329,30.8011,531367,0,0,0,14-3-28 10:54:52,1
F51IS1B4GU,121.329,30.8011,531367,0,0,0,14-3-28 11:3:24,1
F51IS1B4GU,121.329,30.8011,531367,0,0,0,14-3-28 11:4:52,1
F51IS1B4GU,121.329,30.8014,531367,0,0,0,14-3-28 11:6:5,1
F51IS1B4GU,121.329,30.8012,531367,0,0,0,14-3-28 11:7:36,1
F51IS1B4GU,121.329,30.8012,531367,0,0,0,14-3-28 11:7:51,1
F51IS1B4GU,121.329,30.8011,531367,0,0,0,14-3-28 11:7:57,1
F51IS1B4GU,121.329,30.8011,531367,0,0,0,14-3-28 11:8:2,1
F51IS1B4GU,121.329,30.8011,531367,0,0,0,14-3-28 11:8:7,1
F51IS1B4GU,121.329,30.8013,531367,0,0,0,14-3-28 11:11:12,1
F51IS1B4GU,121.329,30.8011,531367,0,0,0,14-3-28 11:15:32,1
F51IS1B4GU,121.329,30.8012,531367,0,0,0,14-3-28 11:23:29,1
F51IS1B4GU,121.329,30.8012,531367,0,0,0,14-3-28 11:25:10,1
F51IS1B4GU,121.329,30.8013,531367,0,0,0,14-3-28 11:27:10,1
F51IS1B4GU,121.329,30.8012,531367,0,0,0,14-3-28 11:29:10,1
F51IS1B4GU,121.329,30.8012,531367,0,0,0,14-3-28 11:31:10,1
F51IS1B4GU,121.329,30.8013,531367,0,0,0,14-3-28 11:33:10,1
F51IS1B4GU,121.329,30.8012,531367,0,0,0,14-3-28 11:35:10,1
F51IS1B4GU,121.329,30.8012,531367,0,0,0,14-3-28 11:37:10,1
F51IS1B4GU,121.329,30.8011,531367,0,0,0,14-3-28 11:44:38,1
F51IS1B4GU,121.329,30.8011,531367,0,0,0,14-3-28 11:46:38,1
F51IS1B4GU,121.329,30.8011,531367,0,0,0,14-3-28 11:48:38,1
F51IS1B4GU,121.329,30.8011,531367,0,0,0,14-3-28 11:50:38,1
F51IS1B4GU,121.329,30.8011,531367,0,0,0,14-3-28 11:52:38,1
F51IS1B4GU,121.329,30.8012,531367,0,0,0,14-3-28 11:54:38,1
F51IS1B4GU,121.329,30.8013,531367,0,0,0,14-3-28 11:56:38,1
F51IS1B4GU,121.329,30.8011,531367,0,0,0,14-3-28 11:58:38,1
F51IS1B4GU,121.329,30.8012,531367,0,0,0,14-3-28 12:0:51,1
F51IS1B4GU,121.329,30.8011,531367,0,0,0,14-3-28 12:2:51,1
F51IS1B4GU,121.329,30.8011,531367,0,0,0,14-3-28 12:4:51,1
F51IS1B4GU,121.329,30.8012,531367,0,0,0,14-3-28 12:6:51,1
F51IS1B4GU,121.329,30.801,531367,0,0,0,14-3-28 12:8:51,1
F51IS1B4GU,121.329,30.8011,531367,0,0,0,14-3-28 12:10:51,1
F51IS1B4GU,121.329,30.8012,531367,0,0,0,14-3-28 12:12:51,1
F51IS1B4GU,121.329,30.8012,531367,0,0,0,14-3-28 12:14:51,1
F51IS1B4GU,121.329,30.8012,531367,0,0,0,14-3-28 12:16:51,1
F51IS1B4GU,121.329,30.8011,531367,0,0,0,14-3-28 12:18:51,1
F51IS1B4GU,121.329,30.8011,531367,0,0,0,14-3-28 12:20:51,1
F51IS1B4GU,121.329,30.8011,531367,0,0,0,14-3-28 12:23:10,1
F51IS1B4GU,121.329,30.8011,531367,0,0,0,14-3-28 12:25:10,1
F51IS1B4GU,121.329,30.8012,531367,0,0,0,14-3-28 12:27:10,1
F51IS1B4GU,121.329,30.8011,531367,0,0,0,14-3-28 12:29:10,1
F51IS1B4GU,121.329,30.8012,531367,0,0,0,14-3-28 12:31:19,1
F51IS1B4GU,121.329,30.8012,531367,0,0,0,14-3-28 12:33:19,1
F51IS1B4GU,121.329,30.8012,531367,0,0,0,14-3-28 12:35:19,1
F51IS1B4GU,121.329,30.8012,531367,0,0,0,14-3-28 12:37:19,1
F51IS1B4GU,121.329,30.8011,531367,0,0,0,14-3-28 12:39:19,1
F51IS1B4GU,121.329,30.8011,531367,0,0,0,14-3-28 12:41:19,1
F51IS1B4GU,121.329,30.8011,531367,0,0,0,14-3-28 12:43:19,1
F51IS1B4GU,121.329,30.8012,531367,0,0,0,14-3-28 12:45:19,1
F51IS1B4GU,121.329,30.8012,531367,0,0,0,14-3-28 12:47:19,1
F51IS1B4GU,121.329,30.8011,531367,0,0,0,14-3-28 12:49:19,1
F51IS1B4GU,121.329,30.8012,531367,0,0,0,14-3-28 12:51:19,1
F51IS1B4GU,121.329,30.8011,531367,0,0,0,14-3-28 12:54:44,1
F51IS1B4GU,121.329,30.801,531367,0,0,0,14-3-28 12:56:44,1
F51IS1B4GU,121.329,30.8011,531367,0,0,0,14-3-28 12:58:44,1
F51IS1B4GU,121.329,30.8011,531367,0,0,0,14-3-28 13:0:44,1
F51IS1B4GU,121.329,30.8011,531367,0,0,0,14-3-28 13:2:44,1
F51IS1B4GU,121.329,30.8011,531367,0,0,0,14-3-28 13:4:44,1
F51IS1B4GU,121.329,30.801,531367,0,0,0,14-3-28 13:6:44,1
F51IS1B4GU,121.329,30.8011,531367,0,0,0,14-3-28 13:8:44,1
F51IS1B4GU,121.329,30.8011,531367,0,0,0,14-3-28 13:10:44,1
F51IS1B4GU,121.329,30.8011,531367,0,0,0,14-3-28 13:12:37,1
F51IS1B4GU,121.329,30.8011,531367,0,0,0,14-3-28 13:13:51,1
F51IS1B4GU,121.329,30.801,531367,0,0,0,14-3-28 13:15:51,1
F51IS1B4GU,121.329,30.801,531367,0,0,0,14-3-28 13:16:6,1
F51IS1B4GU,121.329,30.8011,531367,0,0,0,14-3-28 13:18:6,1
F51IS1B4GU,121.329,30.8011,531367,0,0,0,14-3-28 13:19:6,1
F51IS1B4GU,121.329,30.8011,531367,0,0,0,14-3-28 13:20:44,1
F51IS1B4GU,121.329,30.8011,531367,0,0,0,14-3-28 13:20:45,1
F51IS1B4GU,121.329,30.8011,531367,0,0,0,14-3-28 13:22:45,1
F51IS1B4GU,121.329,30.8011,531367,0,0,0,14-3-28 13:24:45,1
F51IS1B4GU,121.329,30.8011,531367,0,0,0,14-3-28 13:26:45,1
F51IS1B4GU,121.329,30.8011,531367,0,0,0,14-3-28 13:28:45,1
F51IS1B4GU,121.329,30.801,531367,0,0,0,14-3-28 13:30:45,1
F51IS1B4GU,121.329,30.801,531367,0,0,0,14-3-28 13:32:45,1
F51IS1B4GU,121.329,30.8012,531367,0,0,0,14-3-28 13:34:45,1
F51IS1B4GU,121.329,30.8011,531367,0,0,0,14-3-28 13:36:45,1
F51IS1B4GU,121.329,30.8012,531367,0,0,0,14-3-28 13:38:45,1
F51IS1B4GU,121.329,30.8013,531367,0,0,0,14-3-28 13:40:45,1
F51IS1B4GU,121.329,30.8012,531367,0,0,0,14-3-28 13:42:45,1
F51IS1B4GU,121.329,30.8012,531367,0,0,0,14-3-28 13:44:45,1
F51IS1B4GU,121.329,30.8012,531367,0,0,0,14-3-28 13:46:45,1
F51IS1B4GU,121.329,30.8012,531367,0,0,0,14-3-28 13:48:45,1
F51IS1B4GU,121.329,30.8013,531367,0,0,0,14-3-28 13:50:45,1
F51IS1B4GU,121.329,30.8013,531367,0,0,0,14-3-28 13:52:45,1
F51IS1B4GU,121.329,30.8012,531367,0,0,0,14-3-28 13:54:45,1
F51IS1B4GU,121.329,30.8012,531367,0,0,0,14-3-28 13:56:45,1
F51IS1B4GU,121.329,30.8012,531367,0,0,0,14-3-28 13:58:45,1
F51IS1B4GU,121.329,30.8011,531367,0,0,0,14-3-28 14:0:45,1
F51IS1B4GU,121.329,30.8012,531367,0,0,0,14-3-28 14:2:45,1
F51IS1B4GU,121.329,30.8012,531367,0,0,0,14-3-28 14:4:45,1
F51IS1B4GU,121.329,30.8012,531367,0,0,0,14-3-28 14:6:45,1
F51IS1B4GU,121.329,30.8012,531367,0,0,0,14-3-28 14:8:45,1
F51IS1B4GU,121.329,30.8012,531367,0,0,0,14-3-28 14:9:43,1
F51IS1B4GU,121.329,30.8012,531367,0,0,0,14-3-28 14:11:43,1
F51IS1B4GU,121.329,30.8012,531367,0,0,0,14-3-28 14:13:43,1
F51IS1B4GU,121.329,30.8013,531367,0,0,0,14-3-28 14:15:16,1
F51IS1B4GU,121.329,30.8013,531367,0,0,0,14-3-28 14:17:16,1
F51IS1B4GU,121.329,30.8012,531367,0,0,0,14-3-28 14:19:16,1
F51IS1B4GU,121.329,30.8012,531367,0,0,0,14-3-28 14:21:16,1
F51IS1B4GU,121.329,30.8011,531367,0,0,0,14-3-28 14:23:3,1
F51IS1B4GU,121.329,30.8011,531367,0,0,0,14-3-28 14:25:3,1
F51IS1B4GU,121.329,30.8012,531367,0,0,0,14-3-28 14:27:3,1
F51IS1B4GU,121.329,30.8011,531367,0,0,0,14-3-28 14:29:3,1
F51IS1B4GU,121.329,30.8011,531367,0,0,0,14-3-28 14:31:3,1
F51IS1B4GU,121.329,30.8011,531367,0,0,0,14-3-28 14:33:3,1
F51IS1B4GU,121.329,30.8011,531367,0,0,0,14-3-28 14:35:3,1
F51IS1B4GU,121.329,30.8011,531367,0,0,0,14-3-28 14:37:3,1
F51IS1B4GU,121.329,30.8011,531367,0,0,0,14-3-28 14:39:3,1
F51IS1B4GU,121.329,30.8012,531367,0,0,0,14-3-28 14:41:3,1
F51IS1B4GU,121.329,30.8011,531367,0,0,0,14-3-28 14:43:3,1
F51IS1B4GU,121.329,30.8012,531367,0,0,0,14-3-28 14:45:3,1
F51IS1B4GU,121.329,30.8011,531367,0,0,0,14-3-28 14:47:3,1
F51IS1B4GU,121.329,30.8011,531367,0,0,0,14-3-28 14:49:3,1
F51IS1B4GU,121.329,30.8012,531367,0,0,0,14-3-28 14:51:3,1
F51IS1B4GU,121.329,30.8013,531367,0,0,0,14-3-28 14:53:3,1
F51IS1B4GU,121.329,30.8011,531367,0,0,0,14-3-28 14:55:3,1
F51IS1B4GU,121.329,30.8012,531367,0,0,0,14-3-28 14:57:3,1
F51IS1B4GU,121.329,30.8012,531367,0,0,0,14-3-28 14:59:3,1
F51IS1B4GU,121.329,30.8012,531367,0,0,0,14-3-28 15:1:3,1
F51IS1B4GU,121.329,30.8011,531367,0,0,0,14-3-28 15:3:3,1
F51IS1B4GU,121.329,30.8011,531367,0,0,0,14-3-28 15:5:3,1
F51IS1B4GU,121.329,30.8012,531367,0,0,0,14-3-28 15:7:3,1
F51IS1B4GU,121.329,30.8012,531367,0,0,0,14-3-28 15:9:3,1
F51IS1B4GU,121.329,30.8012,531367,0,0,0,14-3-28 15:11:3,1
F51IS1B4GU,121.329,30.8013,531367,0,0,0,14-3-28 15:13:3,1
F51IS1B4GU,121.329,30.8012,531367,0,0,0,14-3-28 15:15:3,1
F51IS1B4GU,121.329,30.8011,531367,0,0,0,14-3-28 15:17:3,1
F51IS1B4GU,121.329,30.8012,531367,0,0,0,14-3-28 15:19:3,1
F51IS1B4GU,121.329,30.8011,531367,0,0,0,14-3-28 15:21:3,1
F51IS1B4GU,121.329,30.8011,531367,0,0,0,14-3-28 15:23:3,1
F51IS1B4GU,121.329,30.8011,531367,0,0,0,14-3-28 15:25:3,1
F51IS1B4GU,121.329,30.8011,531367,0,0,0,14-3-28 15:27:3,1
F51IS1B4GU,121.329,30.8011,531367,0,0,0,14-3-28 15:29:3,1
F51IS1B4GU,121.329,30.8013,531367,0,0,0,14-3-28 15:31:3,1
F51IS1B4GU,121.329,30.8011,531367,0,0,0,14-3-28 15:33:3,1
F51IS1B4GU,121.329,30.801,531367,0,0,0,14-3-28 15:35:3,1
F51IS1B4GU,121.329,30.8011,531367,0,0,0,14-3-28 15:37:3,1
F51IS1B4GU,121.329,30.8011,531367,0,0,0,14-3-28 15:39:3,1
F51IS1B4GU,121.329,30.8012,531367,0,0,0,14-3-28 15:41:3,1
F51IS1B4GU,121.329,30.8011,531367,0,0,0,14-3-28 15:43:3,1
F51IS1B4GU,121.329,30.8012,531367,0,0,0,14-3-28 15:45:3,1
F51IS1B4GU,121.329,30.8009,531367,0,0,0,14-3-28 15:47:3,1
F51IS1B4GU,121.329,30.8012,531367,0,0,0,14-3-28 15:49:3,1
F51IS1B4GU,121.329,30.8011,531367,0,0,0,14-3-28 15:51:3,1
F51IS1B4GU,121.329,30.8009,531367,0,0,0,14-3-28 15:53:57,1
F51IS1B4GU,121.329,30.8011,531367,0,0,0,14-3-28 15:55:57,1
F51IS1B4GU,121.329,30.801,531367,0,0,0,14-3-28 15:57:57,1
F51IS1B4GU,121.329,30.8011,531367,0,0,0,14-3-28 15:59:57,1
F51IS1B4GU,121.329,30.8011,531367,0,0,0,14-3-28 16:1:57,1
F51IS1B4GU,121.329,30.8013,531367,0,0,0,14-3-28 16:3:57,1
F51IS1B4GU,121.329,30.8012,531367,0,0,0,14-3-28 16:5:57,1
F51IS1B4GU,121.329,30.8012,531367,0,0,0,14-3-28 16:7:57,1
F51IS1B4GU,121.329,30.8011,531367,0,0,0,14-3-28 16:9:57,1
F51IS1B4GU,121.329,30.8011,531367,0,0,0,14-3-28 16:11:57,1
F51IS1B4GU,121.329,30.8012,531367,0,0,0,14-3-28 16:13:57,1
F51IS1B4GU,121.329,30.8011,531367,0,0,0,14-3-28 16:15:57,1
F51IS1B4GU,121.329,30.8011,531367,0,0,0,14-3-28 16:17:57,1
F51IS1B4GU,121.329,30.8011,531367,0,0,0,14-3-28 16:19:57,1
F51IS1B4GU,121.329,30.8011,531367,0,0,0,14-3-28 16:21:57,1
F51IS1B4GU,121.329,30.8011,531367,0,0,0,14-3-28 16:23:57,1
F51IS1B4GU,121.329,30.8011,531367,0,0,0,14-3-28 16:25:57,1
F51IS1B4GU,121.329,30.8012,531367,0,0,0,14-3-28 16:27:57,1
F51IS1B4GU,121.329,30.8013,531367,0,0,0,14-3-28 16:29:57,1
F51IS1B4GU,121.329,30.8012,531367,0,0,0,14-3-28 16:31:57,1
F51IS1B4GU,121.329,30.8012,531367,0,0,0,14-3-28 16:33:57,1
F51IS1B4GU,121.329,30.8011,531367,0,0,0,14-3-28 16:35:57,1
F51IS1B4GU,121.329,30.8013,531367,0,0,0,14-3-28 16:37:57,1
F51IS1B4GU,121.329,30.8014,531367,0,0,0,14-3-28 16:39:57,1
F51IS1B4GU,121.329,30.8012,531367,0,0,0,14-3-28 16:41:57,1
F51IS1B4GU,121.329,30.8011,531367,0,0,0,14-3-28 16:43:57,1
F51IS1B4GU,121.329,30.8012,531367,0,0,0,14-3-28 16:45:57,1
F51IS1B4GU,121.329,30.8013,531367,0,0,0,14-3-28 16:47:57,1
F51IS1B4GU,121.329,30.8013,531367,0,0,0,14-3-28 16:49:57,1
F51IS1B4GU,121.329,30.8013,531367,0,0,0,14-3-28 16:51:57,1
F51IS1B4GU,121.329,30.8013,531367,0,0,0,14-3-28 16:53:57,1
F51IS1B4GU,121.329,30.8012,531367,0,0,0,14-3-28 16:55:57,1
F51IS1B4GU,121.329,30.8011,531367,0,0,0,14-3-28 16:57:57,1
F51IS1B4GU,121.329,30.8013,531367,0,0,0,14-3-28 16:59:57,1
F51IS1B4GU,121.329,30.8013,531367,0,0,0,14-3-28 17:1:57,1
F51IS1B4GU,121.329,30.8012,531367,0,0,0,14-3-28 17:3:57,1
F51IS1B4GU,121.329,30.8013,531367,0,0,0,14-3-28 17:5:57,1
F51IS1B4GU,121.329,30.8012,531367,0,0,0,14-3-28 17:8:38,1
F51IS1B4GU,121.329,30.8012,531367,0,0,0,14-3-28 17:10:38,1
F51IS1B4GU,121.329,30.8011,531367,0,0,0,14-3-28 17:12:38,1
F51IS1B4GU,121.329,30.8011,531367,0,0,0,14-3-28 17:14:38,1
F51IS1B4GU,121.329,30.8012,531367,0,0,0,14-3-28 17:16:38,1
F51IS1B4GU,121.329,30.8012,531367,0,0,0,14-3-28 17:18:38,1
F51IS1B4GU,121.329,30.8012,531367,0,0,0,14-3-28 17:20:38,1
F51IS1B4GU,121.329,30.8012,531367,0,0,0,14-3-28 17:22:38,1
F51IS1B4GU,121.329,30.8012,531367,0,0,0,14-3-28 17:24:38,1
F51IS1B4GU,121.329,30.8012,531367,0,0,0,14-3-28 17:26:38,1
F51IS1B4GU,121.329,30.8011,531367,0,0,0,14-3-28 17:28:38,1
F51IS1B4GU,121.329,30.8012,531367,0,0,0,14-3-28 17:30:38,1
F51IS1B4GU,121.329,30.8012,531367,0,0,0,14-3-28 17:32:38,1
F51IS1B4GU,121.329,30.8013,531367,0,0,0,14-3-28 17:34:38,1
F51IS1B4GU,121.329,30.8012,531367,0,0,0,14-3-28 17:36:38,1
F51IS1B4GU,121.329,30.8011,531367,0,0,0,14-3-28 17:38:38,1
F51IS1B4GU,121.329,30.8012,531367,0,0,0,14-3-28 17:40:38,1
F51IS1B4GU,121.329,30.8014,531367,0,0,0,14-3-28 17:42:38,1
F51IS1B4GU,121.329,30.8013,531367,0,0,0,14-3-28 17:44:38,1
F51IS1B4GU,121.329,30.8013,531367,0,0,0,14-3-28 17:46:38,1
F51IS1B4GU,121.329,30.8012,531367,0,0,0,14-3-28 17:48:38,1
F51IS1B4GU,121.329,30.8013,531367,0,0,0,14-3-28 17:50:38,1
F51IS1B4GU,121.329,30.8012,531367,0,0,0,14-3-28 17:52:38,1
F51IS1B4GU,121.329,30.8012,531367,0,0,0,14-3-28 17:54:38,1
F51IS1B4GU,121.329,30.8012,531367,0,0,0,14-3-28 17:56:38,1
F51IS1B4GU,121.329,30.8012,531367,0,0,0,14-3-28 17:58:38,1
F51IS1B4GU,121.329,30.8013,531367,0,0,0,14-3-28 18:0:38,1
F51IS1B4GU,121.329,30.8013,531367,0,0,0,14-3-28 18:2:38,1
F51IS1B4GU,121.329,30.8011,531367,0,0,0,14-3-28 18:4:38,1
F51IS1B4GU,121.329,30.8012,531367,0,0,0,14-3-28 18:6:38,1
F51IS1B4GU,121.329,30.8013,531367,0,0,0,14-3-28 18:8:38,1
F51IS1B4GU,121.329,30.8012,531367,0,0,0,14-3-28 18:10:38,1
F51IS1B4GU,121.329,30.8012,531367,0,0,0,14-3-28 18:12:38,1
F51IS1B4GU,121.329,30.8012,531367,0,0,0,14-3-28 18:14:38,1
F51IS1B4GU,121.329,30.8011,531367,0,0,0,14-3-28 18:16:38,1
F51IS1B4GU,121.329,30.8012,531367,0,0,0,14-3-28 18:18:38,1
F51IS1B4GU,121.329,30.8012,531367,0,0,0,14-3-28 18:20:38,1
F51IS1B4GU,121.329,30.8011,531367,0,0,0,14-3-28 18:24:38,1
F51IS1B4GU,121.329,30.8013,531367,0,0,0,14-3-28 18:26:38,1
F51IS1B4GU,121.329,30.8011,531367,0,0,0,14-3-28 18:28:38,1
F51IS1B4GU,121.329,30.801,531367,0,0,0,14-3-28 18:30:38,1
F51IS1B4GU,121.329,30.8012,531367,0,0,0,14-3-28 18:32:38,1
F51IS1B4GU,121.329,30.8012,531367,0,0,0,14-3-28 18:34:38,1
F51IS1B4GU,121.329,30.8012,531367,0,0,0,14-3-28 18:36:38,1
F51IS1B4GU,121.329,30.8011,531367,0,0,0,14-3-28 18:38:38,1
F51IS1B4GU,121.329,30.8011,531367,0,0,0,14-3-28 18:40:38,1
F51IS1B4GU,121.329,30.8012,531367,0,0,0,14-3-28 18:42:38,1
F51IS1B4GU,121.329,30.8013,531367,0,0,0,14-3-28 18:44:38,1
F51IS1B4GU,121.329,30.8011,531367,0,0,0,14-3-28 18:46:38,1
F51IS1B4GU,121.329,30.8012,531367,0,0,0,14-3-28 18:48:38,1
F51IS1B4GU,121.329,30.8011,531367,0,0,0,14-3-28 18:50:38,1
F51IS1B4GU,121.329,30.8012,531367,0,0,0,14-3-28 18:52:38,1
F51IS1B4GU,121.329,30.8012,531367,0,0,0,14-3-28 18:54:38,1
F51IS1B4GU,121.329,30.8012,531367,0,0,0,14-3-28 18:56:38,1
F51IS1B4GU,121.329,30.8011,531367,0,0,0,14-3-28 18:58:38,1
F51IS1B4GU,121.329,30.8011,531367,0,0,0,14-3-28 19:0:38,1
F51IS1B4GU,121.329,30.8013,531367,0,0,0,14-3-28 19:2:38,1
F51IS1B4GU,121.329,30.8012,531367,0,0,0,14-3-28 19:4:38,1
F51IS1B4GU,121.329,30.8011,531367,0,0,0,14-3-28 19:6:38,1
F51IS1B4GU,121.329,30.8011,531367,0,0,0,14-3-28 19:8:38,1
F51IS1B4GU,121.329,30.8012,531367,0,0,0,14-3-28 19:10:38,1
F51IS1B4GU,121.329,30.8013,531367,0,0,0,14-3-28 19:12:38,1
F51IS1B4GU,121.329,30.8013,531367,0,0,0,14-3-28 19:14:38,1
F51IS1B4GU,121.329,30.8013,531367,0,0,0,14-3-28 19:16:38,1
F51IS1B4GU,121.329,30.8012,531367,0,0,0,14-3-28 19:18:38,1
F51IS1B4GU,121.329,30.8012,531367,0,0,0,14-3-28 19:20:38,1
F51IS1B4GU,121.329,30.8012,531367,0,0,0,14-3-28 19:22:38,1
F51IS1B4GU,121.329,30.8013,531367,0,0,0,14-3-28 19:24:38,1
F51IS1B4GU,121.329,30.8013,531367,0,0,0,14-3-28 19:26:38,1
F51IS1B4GU,121.329,30.8013,531367,0,0,0,14-3-28 19:30:57,1
F51IS1B4GU,121.329,30.8013,531367,0,0,0,14-3-28 19:32:57,1
F51IS1B4GU,121.329,30.8013,531367,0,0,0,14-3-28 19:34:57,1
F51IS1B4GU,121.329,30.8012,531367,0,0,0,14-3-28 19:36:57,1
F51IS1B4GU,121.329,30.8012,531367,0,0,0,14-3-28 19:38:57,1
F51IS1B4GU,121.329,30.8013,531367,0,0,0,14-3-28 19:40:57,1
F51IS1B4GU,121.329,30.8011,531367,0,0,0,14-3-28 19:42:57,1
F51IS1B4GU,121.329,30.8012,531367,0,0,0,14-3-28 19:44:57,1
F51IS1B4GU,121.329,30.8013,531367,0,0,0,14-3-28 19:46:57,1
F51IS1B4GU,121.329,30.8014,531367,0,0,0,14-3-28 19:48:57,1
F51IS1B4GU,121.329,30.8011,531367,0,0,0,14-3-28 19:50:57,1
F51IS1B4GU,121.329,30.8011,531367,0,0,0,14-3-28 19:52:57,1
F51IS1B4GU,121.329,30.8012,531367,0,0,0,14-3-28 19:54:57,1
F51IS1B4GU,121.329,30.8012,531367,0,0,0,14-3-28 19:56:57,1
F51IS1B4GU,121.329,30.8012,531367,0,0,0,14-3-28 19:58:57,1
F51IS1B4GU,121.329,30.8011,531367,0,0,0,14-3-28 20:0:57,1
F51IS1B4GU,121.329,30.8011,531367,0,0,0,14-3-28 20:2:57,1
F51IS1B4GU,121.329,30.8012,531367,0,0,0,14-3-28 20:4:57,1
F51IS1B4GU,121.329,30.8012,531367,0,0,0,14-3-28 20:6:57,1
F51IS1B4GU,121.329,30.8012,531367,0,0,0,14-3-28 20:8:57,1
F51IS1B4GU,121.329,30.8012,531367,0,0,0,14-3-28 20:10:57,1
F51IS1B4GU,121.329,30.8013,531367,0,0,0,14-3-28 20:12:57,1
F51IS1B4GU,121.329,30.8014,531367,0,0,0,14-3-28 20:14:57,1
F51IS1B4GU,121.329,30.8012,531367,0,0,0,14-3-28 20:16:57,1
F51IS1B4GU,121.329,30.8012,531367,0,0,0,14-3-28 20:18:57,1
F51IS1B4GU,121.329,30.8013,531367,0,0,0,14-3-28 20:20:57,1
F51IS1B4GU,121.329,30.8012,531367,0,0,0,14-3-28 20:22:57,1
F51IS1B4GU,121.329,30.8013,531367,0,0,0,14-3-28 20:24:57,1
F51IS1B4GU,121.329,30.8014,531367,0,0,0,14-3-28 20:26:57,1
F51IS1B4GU,121.329,30.8014,531367,0,0,0,14-3-28 20:28:57,1
F51IS1B4GU,121.329,30.8014,531367,0,0,0,14-3-28 20:30:57,1
F51IS1B4GU,121.329,30.8013,531367,0,0,0,14-3-28 20:32:57,1
F51IS1B4GU,121.329,30.8012,531367,0,0,0,14-3-28 20:34:57,1
F51IS1B4GU,121.329,30.8012,531367,0,0,0,14-3-28 20:36:57,1
F51IS1B4GU,121.329,30.8012,531367,0,0,0,14-3-28 20:38:57,1
F51IS1B4GU,121.329,30.8012,531367,0,0,0,14-3-28 20:40:57,1
F51IS1B4GU,121.329,30.8012,531367,0,0,0,14-3-28 20:42:57,1
F51IS1B4GU,121.329,30.8011,531367,0,0,0,14-3-28 20:44:57,1
F51IS1B4GU,121.329,30.8011,531367,0,0,0,14-3-28 20:46:57,1
F51IS1B4GU,121.329,30.8012,531367,0,0,0,14-3-28 20:48:57,1
F51IS1B4GU,121.329,30.8012,531367,0,0,0,14-3-28 20:50:57,1
F51IS1B4GU,121.329,30.8013,531367,0,0,0,14-3-28 20:52:57,1
F51IS1B4GU,121.329,30.8011,531367,0,0,0,14-3-28 20:54:57,1
F51IS1B4GU,121.329,30.8012,531367,0,0,0,14-3-28 20:56:57,1
F51IS1B4GU,121.329,30.8011,531367,0,0,0,14-3-28 20:58:57,1
F51IS1B4GU,121.329,30.8013,531367,0,0,0,14-3-28 21:0:57,1
F51IS1B4GU,121.329,30.8012,531367,0,0,0,14-3-28 21:2:57,1
F51IS1B4GU,121.329,30.8012,531367,0,0,0,14-3-28 21:4:57,1
F51IS1B4GU,121.329,30.8012,531367,0,0,0,14-3-28 21:6:57,1
F51IS1B4GU,121.329,30.8011,531367,0,0,0,14-3-28 21:8:57,1
F51IS1B4GU,121.329,30.8012,531367,0,0,0,14-3-28 21:10:57,1
F51IS1B4GU,121.329,30.8011,531367,0,0,0,14-3-28 21:12:57,1
F51IS1B4GU,121.329,30.8012,531367,0,0,0,14-3-28 21:16:57,1
F51IS1B4GU,121.329,30.8011,531367,0,0,0,14-3-28 21:18:57,1
F51IS1B4GU,121.329,30.8012,531367,0,0,0,14-3-28 21:20:57,1
F51IS1B4GU,121.329,30.8012,531367,0,0,0,14-3-28 21:22:57,1
F51IS1B4GU,121.329,30.801,531367,0,0,0,14-3-28 21:24:57,1
F51IS1B4GU,121.329,30.8012,531367,0,0,0,14-3-28 21:26:57,1
F51IS1B4GU,121.329,30.8012,531367,0,0,0,14-3-28 21:28:57,1
F51IS1B4GU,121.329,30.8012,531367,0,0,0,14-3-28 21:30:57,1
F51IS1B4GU,121.329,30.8011,531367,0,0,0,14-3-28 21:32:57,1
F51IS1B4GU,121.329,30.8011,531367,0,0,0,14-3-28 21:34:57,1
F51IS1B4GU,121.329,30.8012,531367,0,0,0,14-3-28 21:36:57,1
F51IS1B4GU,121.329,30.8011,531367,0,0,0,14-3-28 21:38:57,1
F51IS1B4GU,121.329,30.8011,531367,0,0,0,14-3-28 21:40:57,1
F51IS1B4GU,121.329,30.8011,531367,0,0,0,14-3-28 21:42:57,1
F51IS1B4GU,121.329,30.8011,531367,0,0,0,14-3-28 21:44:57,1
F51IS1B4GU,121.329,30.8011,531367,0,0,0,14-3-28 21:46:57,1
F51IS1B4GU,121.329,30.8011,531367,0,0,0,14-3-28 21:48:57,1
F51IS1B4GU,121.329,30.8011,531367,0,0,0,14-3-28 21:50:57,1
F51IS1B4GU,121.329,30.8011,531367,0,0,0,14-3-28 21:52:57,1
F51IS1B4GU,121.329,30.8011,531367,0,0,0,14-3-28 21:54:57,1
F51IS1B4GU,121.329,30.801,531367,0,0,0,14-3-28 21:56:57,1
F51IS1B4GU,121.329,30.801,531367,0,0,0,14-3-28 21:58:57,1
F51IS1B4GU,121.329,30.801,531367,0,0,0,14-3-28 22:0:57,1
F51IS1B4GU,121.329,30.8012,531367,0,0,0,14-3-28 22:2:57,1
F51IS1B4GU,121.329,30.8012,531367,0,0,0,14-3-28 22:4:57,1
F51IS1B4GU,121.329,30.8011,531367,0,0,0,14-3-28 22:6:57,1
F51IS1B4GU,121.329,30.8011,531367,0,0,0,14-3-28 22:8:57,1
F51IS1B4GU,121.329,30.8011,531367,0,0,0,14-3-28 22:10:57,1
F51IS1B4GU,121.329,30.8011,531367,0,0,0,14-3-28 22:12:57,1
F51IS1B4GU,121.329,30.8012,531367,0,0,0,14-3-28 22:14:57,1
F51IS1B4GU,121.329,30.801,531367,0,0,0,14-3-28 22:16:57,1
F51IS1B4GU,121.329,30.8011,531367,0,0,0,14-3-28 22:18:57,1
F51IS1B4GU,121.329,30.8011,531367,0,0,0,14-3-28 22:20:57,1
F51IS1B4GU,121.329,30.8012,531367,0,0,0,14-3-28 22:22:57,1
F51IS1B4GU,121.329,30.8011,531367,0,0,0,14-3-28 22:24:57,1
F51IS1B4GU,121.329,30.801,531367,0,0,0,14-3-28 22:26:57,1
F51IS1B4GU,121.329,30.8011,531367,0,0,0,14-3-28 22:28:57,1
F51IS1B4GU,121.329,30.8012,531367,0,0,0,14-3-28 22:30:57,1
F51IS1B4GU,121.329,30.8011,531367,0,0,0,14-3-28 22:32:57,1
F51IS1B4GU,121.329,30.8011,531367,0,0,0,14-3-28 22:34:57,1
F51IS1B4GU,121.329,30.8011,531367,0,0,0,14-3-28 22:36:57,1
F51IS1B4GU,121.329,30.8011,531367,0,0,0,14-3-28 22:38:57,1
F51IS1B4GU,121.329,30.8012,531367,0,0,0,14-3-28 22:40:57,1
F51IS1B4GU,121.329,30.8011,531367,0,0,0,14-3-28 22:42:57,1
F51IS1B4GU,121.329,30.8011,531367,0,0,0,14-3-28 22:44:57,1
F51IS1B4GU,121.329,30.8012,531367,0,0,0,14-3-28 22:46:57,1
F51IS1B4GU,121.329,30.8012,531367,0,0,0,14-3-28 22:48:57,1
F51IS1B4GU,121.329,30.8013,531367,0,0,0,14-3-28 22:50:57,1
F51IS1B4GU,121.329,30.801,531367,0,0,0,14-3-28 22:52:57,1
F51IS1B4GU,121.329,30.8012,531367,0,0,0,14-3-28 22:54:57,1
F51IS1B4GU,121.329,30.8012,531367,0,0,0,14-3-28 22:56:57,1
F51IS1B4GU,121.329,30.8011,531367,0,0,0,14-3-28 22:58:57,1
F51IS1B4GU,121.329,30.8012,531367,0,0,0,14-3-28 23:0:57,1
F51IS1B4GU,121.329,30.8011,531367,0,0,0,14-3-28 23:2:57,1
F51IS1B4GU,121.329,30.8011,531367,0,0,0,14-3-28 23:4:57,1
F51IS1B4GU,121.329,30.801,531367,0,0,0,14-3-28 23:6:57,1
F51IS1B4GU,121.329,30.8012,531367,0,0,0,14-3-28 23:8:57,1
F51IS1B4GU,121.329,30.801,531367,0,0,0,14-3-28 23:10:57,1
F51IS1B4GU,121.329,30.8011,531367,0,0,0,14-3-28 23:12:57,1
F51IS1B4GU,121.329,30.8012,531367,0,0,0,14-3-28 23:14:57,1
F51IS1B4GU,121.329,30.801,531367,0,0,0,14-3-28 23:16:57,1
F51IS1B4GU,121.329,30.8011,531367,0,0,0,14-3-28 23:18:57,1
F51IS1B4GU,121.329,30.8012,531367,0,0,0,14-3-28 23:20:57,1
F51IS1B4GU,121.329,30.8012,531367,0,0,0,14-3-28 23:22:57,1
F51IS1B4GU,121.329,30.8013,531367,0,0,0,14-3-28 23:24:57,1
F51IS1B4GU,121.329,30.8011,531367,0,0,0,14-3-28 23:26:57,1
F51IS1B4GU,121.329,30.8012,531367,0,0,0,14-3-28 23:28:57,1
F51IS1B4GU,121.329,30.8012,531367,0,0,0,14-3-28 23:30:57,1
F51IS1B4GU,121.329,30.8012,531367,0,0,0,14-3-28 23:32:57,1
F51IS1B4GU,121.329,30.8012,531367,0,0,0,14-3-28 23:34:57,1
F51IS1B4GU,121.329,30.8011,531367,0,0,0,14-3-28 23:36:57,1
F51IS1B4GU,121.329,30.8011,531367,0,0,0,14-3-28 23:38:57,1
F51IS1B4GU,121.329,30.8011,531367,0,0,0,14-3-28 23:40:57,1
F51IS1B4GU,121.329,30.8011,531367,0,0,0,14-3-28 23:42:57,1
F51IS1B4GU,121.329,30.8011,531367,0,0,0,14-3-28 23:44:57,1
F51IS1B4GU,121.329,30.8011,531367,0,0,0,14-3-28 23:46:57,1
F51IS1B4GU,121.329,30.8011,531367,0,0,0,14-3-28 23:48:57,1
F51IS1B4GU,121.329,30.8011,531367,0,0,0,14-3-28 23:50:57,1
F51IS1B4GU,121.329,30.801,531367,0,0,0,14-3-28 23:52:57,1
F51IS1B4GU,121.329,30.801,531367,0,0,0,14-3-28 23:54:57,1
F51IS1B4GU,121.329,30.8011,531367,0,0,0,14-3-28 23:56:57,1
F51IS1B4GU,121.329,30.8011,531367,0,0,0,14-3-28 23:58:57,1
F51IS1B4GU,121.329,30.8013,531367,0,0,0,14-3-29 0:0:57,1
F51IS1B4GU,121.329,30.8013,531367,0,0,0,14-3-29 0:2:57,1
F51IS1B4GU,121.329,30.8012,531367,0,0,0,14-3-29 0:4:57,1
F51IS1B4GU,121.329,30.8011,531367,0,0,0,14-3-29 0:6:57,1
F51IS1B4GU,121.329,30.8011,531367,0,0,0,14-3-29 0:8:57,1
F51IS1B4GU,121.329,30.8011,531367,0,0,0,14-3-29 0:10:57,1
F51IS1B4GU,121.329,30.8011,531367,0,0,0,14-3-29 0:12:57,1
F51IS1B4GU,121.329,30.8011,531367,0,0,0,14-3-29 0:14:57,1
F51IS1B4GU,121.329,30.8011,531367,0,0,0,14-3-29 0:16:57,1
F51IS1B4GU,121.329,30.801,531367,0,0,0,14-3-29 0:18:57,1
F51IS1B4GU,121.329,30.8011,531367,0,0,0,14-3-29 0:20:57,1
F51IS1B4GU,121.329,30.801,531367,0,0,0,14-3-29 0:22:57,1
F51IS1B4GU,121.329,30.8012,531367,0,0,0,14-3-29 0:24:57,1
F51IS1B4GU,121.329,30.8011,531367,0,0,0,14-3-29 0:26:57,1
F51IS1B4GU,121.329,30.8013,531367,0,0,0,14-3-29 0:28:57,1
F51IS1B4GU,121.329,30.8012,531367,0,0,0,14-3-29 0:30:57,1
F51IS1B4GU,121.329,30.8011,531367,0,0,0,14-3-29 0:32:57,1
F51IS1B4GU,121.329,30.8013,531367,0,0,0,14-3-29 0:34:57,1
F51IS1B4GU,121.329,30.8011,531367,0,0,0,14-3-29 0:36:57,1
F51IS1B4GU,121.329,30.8011,531367,0,0,0,14-3-29 0:38:57,1
F51IS1B4GU,121.329,30.801,531367,0,0,0,14-3-29 0:40:57,1
F51IS1B4GU,121.329,30.8011,531367,0,0,0,14-3-29 0:42:57,1
F51IS1B4GU,121.329,30.8011,531367,0,0,0,14-3-29 0:44:57,1
F51IS1B4GU,121.329,30.8011,531367,0,0,0,14-3-29 0:46:57,1
F51IS1B4GU,121.329,30.8012,531367,0,0,0,14-3-29 0:48:57,1
F51IS1B4GU,121.329,30.8011,531367,0,0,0,14-3-29 0:50:57,1
F51IS1B4GU,121.329,30.801,531367,0,0,0,14-3-29 0:52:57,1
F51IS1B4GU,121.329,30.801,531367,0,0,0,14-3-29 0:54:57,1
F51IS1B4GU,121.329,30.8011,531367,0,0,0,14-3-29 0:56:57,1
F51IS1B4GU,121.329,30.8011,531367,0,0,0,14-3-29 0:58:57,1
F51IS1B4GU,121.329,30.8012,531367,0,0,0,14-3-29 1:0:57,1
F51IS1B4GU,121.329,30.8011,531367,0,0,0,14-3-29 1:2:57,1
F51IS1B4GU,121.329,30.8011,531367,0,0,0,14-3-29 1:4:57,1
F51IS1B4GU,121.329,30.801,531367,0,0,0,14-3-29 1:6:57,1
F51IS1B4GU,121.329,30.8012,531367,0,0,0,14-3-29 1:8:57,1
F51IS1B4GU,121.329,30.8013,531367,0,0,0,14-3-29 1:10:57,1
F51IS1B4GU,121.329,30.8012,531367,0,0,0,14-3-29 1:12:57,1
F51IS1B4GU,121.329,30.8013,531367,0,0,0,14-3-29 1:14:57,1
F51IS1B4GU,121.329,30.8011,531367,0,0,0,14-3-29 1:16:57,1
F51IS1B4GU,121.329,30.801,531367,0,0,0,14-3-29 1:18:57,1
F51IS1B4GU,121.329,30.8011,531367,0,0,0,14-3-29 1:20:57,1
F51IS1B4GU,121.329,30.8011,531367,0,0,0,14-3-29 1:22:57,1
F51IS1B4GU,121.329,30.801,531367,0,0,0,14-3-29 1:24:57,1
F51IS1B4GU,121.329,30.801,531367,0,0,0,14-3-29 1:26:57,1
F51IS1B4GU,121.329,30.8012,531367,0,0,0,14-3-29 1:28:57,1
F51IS1B4GU,121.329,30.8011,531367,0,0,0,14-3-29 1:30:57,1
F51IS1B4GU,121.329,30.8011,531367,0,0,0,14-3-29 1:32:57,1
F51IS1B4GU,121.329,30.8012,531367,0,0,0,14-3-29 1:34:57,1
F51IS1B4GU,121.329,30.801,531367,0,0,0,14-3-29 1:36:57,1
F51IS1B4GU,121.329,30.8011,531367,0,0,0,14-3-29 1:38:57,1
F51IS1B4GU,121.329,30.8011,531367,0,0,0,14-3-29 1:40:57,1
F51IS1B4GU,121.329,30.8012,531367,0,0,0,14-3-29 1:42:57,1
F51IS1B4GU,121.329,30.8013,531367,0,0,0,14-3-29 1:44:57,1
F51IS1B4GU,121.329,30.8011,531367,0,0,0,14-3-29 1:46:57,1
F51IS1B4GU,121.329,30.8011,531367,0,0,0,14-3-29 1:48:57,1
F51IS1B4GU,121.329,30.8011,531367,0,0,0,14-3-29 1:50:57,1
F51IS1B4GU,121.329,30.8012,531367,0,0,0,14-3-29 1:52:57,1
F51IS1B4GU,121.329,30.8011,531367,0,0,0,14-3-29 1:54:57,1
F51IS1B4GU,121.329,30.8011,531367,0,0,0,14-3-29 1:56:57,1
F51IS1B4GU,121.329,30.8011,531367,0,0,0,14-3-29 1:58:57,1
F51IS1B4GU,121.329,30.8012,531367,0,0,0,14-3-29 2:0:57,1
F51IS1B4GU,121.329,30.8011,531367,0,0,0,14-3-29 2:2:57,1
F51IS1B4GU,121.329,30.8011,531367,0,0,0,14-3-29 2:4:57,1
F51IS1B4GU,121.329,30.8011,531367,0,0,0,14-3-29 2:6:57,1
F51IS1B4GU,121.329,30.8011,531367,0,0,0,14-3-29 2:8:57,1
F51IS1B4GU,121.329,30.8012,531367,0,0,0,14-3-29 2:10:57,1
F51IS1B4GU,121.329,30.8011,531367,0,0,0,14-3-29 2:12:57,1
F51IS1B4GU,121.329,30.8011,531367,0,0,0,14-3-29 2:14:57,1
F51IS1B4GU,121.329,30.801,531367,0,0,0,14-3-29 2:16:57,1
F51IS1B4GU,121.329,30.801,531367,0,0,0,14-3-29 2:18:57,1
F51IS1B4GU,121.329,30.8011,531367,0,0,0,14-3-29 2:20:57,1
F51IS1B4GU,121.329,30.8011,531367,0,0,0,14-3-29 2:22:57,1
F51IS1B4GU,121.329,30.8012,531367,0,0,0,14-3-29 2:24:57,1
F51IS1B4GU,121.329,30.8011,531367,0,0,0,14-3-29 2:26:57,1
F51IS1B4GU,121.329,30.8011,531367,0,0,0,14-3-29 2:28:57,1
F51IS1B4GU,121.329,30.8012,531367,0,0,0,14-3-29 2:30:57,1
F51IS1B4GU,121.329,30.8012,531367,0,0,0,14-3-29 2:32:57,1
F51IS1B4GU,121.329,30.8011,531367,0,0,0,14-3-29 2:34:57,1
F51IS1B4GU,121.329,30.8011,531367,0,0,0,14-3-29 2:36:57,1
F51IS1B4GU,121.329,30.8011,531367,0,0,0,14-3-29 2:38:57,1
F51IS1B4GU,121.329,30.8011,531367,0,0,0,14-3-29 2:40:57,1
F51IS1B4GU,121.329,30.8012,531367,0,0,0,14-3-29 2:42:57,1
F51IS1B4GU,121.329,30.8011,531367,0,0,0,14-3-29 2:44:57,1
F51IS1B4GU,121.329,30.8011,531367,0,0,0,14-3-29 2:46:57,1
F51IS1B4GU,121.329,30.8011,531367,0,0,0,14-3-29 2:48:57,1
F51IS1B4GU,121.329,30.8012,531367,0,0,0,14-3-29 2:50:57,1
F51IS1B4GU,121.329,30.8011,531367,0,0,0,14-3-29 2:52:57,1
F51IS1B4GU,121.329,30.801,531367,0,0,0,14-3-29 2:54:57,1
F51IS1B4GU,121.329,30.8012,531367,0,0,0,14-3-29 2:56:57,1
F51IS1B4GU,121.329,30.8011,531367,0,0,0,14-3-29 2:58:57,1
F51IS1B4GU,121.329,30.8011,531367,0,0,0,14-3-29 3:0:57,1
F51IS1B4GU,121.329,30.8011,531367,0,0,0,14-3-29 3:2:57,1
F51IS1B4GU,121.329,30.8011,531367,0,0,0,14-3-29 3:4:57,1
F51IS1B4GU,121.329,30.8011,531367,0,0,0,14-3-29 3:8:57,1
F51IS1B4GU,121.329,30.8011,531367,0,0,0,14-3-29 3:10:57,1
F51IS1B4GU,121.329,30.8011,531367,0,0,0,14-3-29 3:12:57,1
F51IS1B4GU,121.329,30.8011,531367,0,0,0,14-3-29 3:14:57,1
F51IS1B4GU,121.329,30.801,531367,0,0,0,14-3-29 3:16:57,1
F51IS1B4GU,121.329,30.8011,531367,0,0,0,14-3-29 3:18:57,1
F51IS1B4GU,121.329,30.8011,531367,0,0,0,14-3-29 3:20:57,1
F51IS1B4GU,121.329,30.8011,531367,0,0,0,14-3-29 3:22:57,1
F51IS1B4GU,121.329,30.8011,531367,0,0,0,14-3-29 3:24:57,1
F51IS1B4GU,121.329,30.8011,531367,0,0,0,14-3-29 3:26:57,1
F51IS1B4GU,121.329,30.8012,531367,0,0,0,14-3-29 3:28:57,1
F51IS1B4GU,121.329,30.8011,531367,0,0,0,14-3-29 3:30:57,1
F51IS1B4GU,121.329,30.8011,531367,0,0,0,14-3-29 3:32:57,1
F51IS1B4GU,121.329,30.8012,531367,0,0,0,14-3-29 3:34:57,1
F51IS1B4GU,121.329,30.8012,531367,0,0,0,14-3-29 3:36:57,1
F51IS1B4GU,121.329,30.8011,531367,0,0,0,14-3-29 3:38:57,1
F51IS1B4GU,121.329,30.8011,531367,0,0,0,14-3-29 3:40:57,1
F51IS1B4GU,121.329,30.8012,531367,0,0,0,14-3-29 3:42:57,1
F51IS1B4GU,121.329,30.8011,531367,0,0,0,14-3-29 3:44:57,1
F51IS1B4GU,121.329,30.8012,531367,0,0,0,14-3-29 3:46:57,1
F51IS1B4GU,121.329,30.8011,531367,0,0,0,14-3-29 3:48:57,1
F51IS1B4GU,121.329,30.801,531367,0,0,0,14-3-29 3:50:57,1
F51IS1B4GU,121.329,30.8011,531367,0,0,0,14-3-29 3:52:57,1
F51IS1B4GU,121.329,30.8012,531367,0,0,0,14-3-29 3:54:57,1
F51IS1B4GU,121.329,30.8011,531367,0,0,0,14-3-29 3:56:57,1
F51IS1B4GU,121.329,30.8011,531367,0,0,0,14-3-29 3:58:57,1
F51IS1B4GU,121.329,30.8011,531367,0,0,0,14-3-29 4:0:57,1
F51IS1B4GU,121.329,30.8015,531367,0,0,0,14-3-29 4:2:57,1
F51IS1B4GU,121.329,30.8011,531367,0,0,0,14-3-29 4:4:57,1
F51IS1B4GU,121.329,30.8011,531367,0,0,0,14-3-29 4:6:57,1
F51IS1B4GU,121.329,30.8012,531367,0,0,0,14-3-29 4:8:57,1
F51IS1B4GU,121.329,30.8012,531367,0,0,0,14-3-29 4:10:57,1
F51IS1B4GU,121.329,30.8011,531367,0,0,0,14-3-29 4:12:57,1
F51IS1B4GU,121.329,30.801,531367,0,0,0,14-3-29 4:14:57,1
F51IS1B4GU,121.329,30.8011,531367,0,0,0,14-3-29 4:16:57,1
F51IS1B4GU,121.329,30.8011,531367,0,0,0,14-3-29 4:18:57,1
F51IS1B4GU,121.329,30.8011,531367,0,0,0,14-3-29 4:20:57,1
F51IS1B4GU,121.329,30.8011,531367,0,0,0,14-3-29 4:22:57,1
F51IS1B4GU,121.329,30.8011,531367,0,0,0,14-3-29 4:24:57,1
F51IS1B4GU,121.329,30.8011,531367,0,0,0,14-3-29 4:26:57,1
F51IS1B4GU,121.329,30.8011,531367,0,0,0,14-3-29 4:28:57,1
F51IS1B4GU,121.329,30.8011,531367,0,0,0,14-3-29 4:30:57,1
F51IS1B4GU,121.329,30.8011,531367,0,0,0,14-3-29 4:32:57,1
F51IS1B4GU,121.329,30.801,531367,0,0,0,14-3-29 4:34:57,1
F51IS1B4GU,121.329,30.801,531367,0,0,0,14-3-29 4:36:57,1
F51IS1B4GU,121.329,30.8011,531367,0,0,0,14-3-29 4:38:57,1
F51IS1B4GU,121.329,30.801,531367,0,0,0,14-3-29 4:40:57,1
F51IS1B4GU,121.329,30.8011,531367,0,0,0,14-3-29 4:42:57,1
F51IS1B4GU,121.329,30.8011,531367,0,0,0,14-3-29 4:44:57,1
F51IS1B4GU,121.329,30.8011,531367,0,0,0,14-3-29 4:46:57,1
F51IS1B4GU,121.329,30.8011,531367,0,0,0,14-3-29 4:48:57,1
F51IS1B4GU,121.329,30.8011,531367,0,0,0,14-3-29 4:50:57,1
F51IS1B4GU,121.329,30.8011,531367,0,0,0,14-3-29 4:52:57,1
F51IS1B4GU,121.329,30.8011,531367,0,0,0,14-3-29 4:54:57,1
F51IS1B4GU,121.329,30.8011,531367,0,0,0,14-3-29 4:56:57,1
F51IS1B4GU,121.329,30.8012,531367,0,0,0,14-3-29 4:58:57,1
F51IS1B4GU,121.329,30.8011,531367,0,0,0,14-3-29 5:0:57,1
F51IS1B4GU,121.329,30.8011,531367,0,0,0,14-3-29 5:2:57,1
F51IS1B4GU,121.329,30.801,531367,0,0,0,14-3-29 5:4:57,1
F51IS1B4GU,121.329,30.801,531367,0,0,0,14-3-29 5:6:57,1
F51IS1B4GU,121.329,30.801,531367,0,0,0,14-3-29 5:8:57,1
F51IS1B4GU,121.329,30.801,531367,0,0,0,14-3-29 5:10:57,1
F51IS1B4GU,121.329,30.8011,531367,0,0,0,14-3-29 5:12:57,1
F51IS1B4GU,121.329,30.8011,531367,0,0,0,14-3-29 5:14:57,1
F51IS1B4GU,121.329,30.8011,531367,0,0,0,14-3-29 5:16:57,1
F51IS1B4GU,121.329,30.8011,531367,0,0,0,14-3-29 5:18:57,1
F51IS1B4GU,121.329,30.8011,531367,0,0,0,14-3-29 5:20:57,1
F51IS1B4GU,121.329,30.801,531367,0,0,0,14-3-29 5:22:57,1
F51IS1B4GU,121.329,30.801,531367,0,0,0,14-3-29 5:24:57,1
F51IS1B4GU,121.329,30.8011,531367,0,0,0,14-3-29 5:26:57,1
F51IS1B4GU,121.329,30.8011,531367,0,0,0,14-3-29 5:28:57,1
F51IS1B4GU,121.329,30.8011,531367,0,0,0,14-3-29 5:30:57,1
F51IS1B4GU,121.329,30.8011,531367,0,0,0,14-3-29 5:32:57,1
F51IS1B4GU,121.329,30.8012,531367,0,0,0,14-3-29 5:34:57,1
F51IS1B4GU,121.329,30.8011,531367,0,0,0,14-3-29 5:36:57,1
F51IS1B4GU,121.329,30.801,531367,0,0,0,14-3-29 5:38:57,1
F51IS1B4GU,121.329,30.8011,531367,0,0,0,14-3-29 5:40:57,1
F51IS1B4GU,121.329,30.8012,531367,0,0,0,14-3-29 5:42:57,1
F51IS1B4GU,121.329,30.8012,531367,0,0,0,14-3-29 5:44:57,1
F51IS1B4GU,121.329,30.8011,531367,0,0,0,14-3-29 5:46:57,1
F51IS1B4GU,121.329,30.8011,531367,0,0,0,14-3-29 5:48:57,1
F51IS1B4GU,121.329,30.8011,531367,0,0,0,14-3-29 5:50:57,1
F51IS1B4GU,121.329,30.8012,531367,0,0,0,14-3-29 5:52:57,1
F51IS1B4GU,121.329,30.8011,531367,0,0,0,14-3-29 5:54:57,1
F51IS1B4GU,121.329,30.8011,531367,0,0,0,14-3-29 5:56:57,1
F51IS1B4GU,121.329,30.8011,531367,0,0,0,14-3-29 5:58:57,1
F51IS1B4GU,121.329,30.8012,531367,0,0,0,14-3-29 6:0:57,1
F51IS1B4GU,121.329,30.8011,531367,0,0,0,14-3-29 6:2:57,1
F51IS1B4GU,121.329,30.8009,531367,0,0,0,14-3-29 6:4:57,1
F51IS1B4GU,121.329,30.8011,531367,0,0,0,14-3-29 6:6:57,1
F51IS1B4GU,121.329,30.801,531367,0,0,0,14-3-29 6:8:57,1
F51IS1B4GU,121.329,30.8011,531367,0,0,0,14-3-29 6:10:57,1
F51IS1B4GU,121.329,30.8011,531367,0,0,0,14-3-29 6:12:57,1
F51IS1B4GU,121.329,30.8011,531367,0,0,0,14-3-29 6:14:57,1
F51IS1B4GU,121.329,30.8011,531367,0,0,0,14-3-29 6:16:57,1
F51IS1B4GU,121.329,30.8011,531367,0,0,0,14-3-29 6:18:57,1
F51IS1B4GU,121.329,30.8011,531367,0,0,0,14-3-29 6:20:57,1
F51IS1B4GU,121.329,30.8011,531367,0,0,0,14-3-29 6:22:57,1
F51IS1B4GU,121.329,30.801,531367,0,0,0,14-3-29 6:24:57,1
F51IS1B4GU,121.329,30.801,531367,0,0,0,14-3-29 6:26:57,1
F51IS1B4GU,121.329,30.8009,531367,0,0,0,14-3-29 6:28:57,1
F51IS1B4GU,121.329,30.8011,531367,0,0,0,14-3-29 6:30:57,1
F51IS1B4GU,121.329,30.8012,531367,0,0,0,14-3-29 6:32:57,1
F51IS1B4GU,121.329,30.8011,531367,0,0,0,14-3-29 6:34:57,1
F51IS1B4GU,121.329,30.801,531367,0,0,0,14-3-29 6:36:57,1
F51IS1B4GU,121.329,30.801,531367,0,0,0,14-3-29 6:38:57,1
F51IS1B4GU,121.329,30.8011,531367,0,0,0,14-3-29 6:40:57,1
F51IS1B4GU,121.329,30.801,531367,0,0,0,14-3-29 6:42:57,1
F51IS1B4GU,121.329,30.8011,531367,0,0,0,14-3-29 6:44:57,1
F51IS1B4GU,121.329,30.801,531367,0,0,0,14-3-29 6:46:57,1
F51IS1B4GU,121.329,30.8011,531367,0,0,0,14-3-29 6:48:57,1
F51IS1B4GU,121.329,30.8011,531367,0,0,0,14-3-29 6:50:57,1
F51IS1B4GU,121.329,30.8011,531367,0,0,0,14-3-29 6:52:57,1
F51IS1B4GU,121.329,30.8011,531367,0,0,0,14-3-29 6:54:57,1
F51IS1B4GU,121.329,30.8012,531367,0,0,0,14-3-29 6:56:57,1
F51IS1B4GU,121.329,30.8012,531367,0,0,0,14-3-29 6:58:57,1
F51IS1B4GU,121.329,30.8011,531367,0,0,0,14-3-29 7:0:57,1
F51IS1B4GU,121.329,30.8011,531367,0,0,0,14-3-29 7:2:57,1
F51IS1B4GU,121.329,30.8011,531367,0,0,0,14-3-29 7:4:57,1
F51IS1B4GU,121.329,30.801,531367,0,0,0,14-3-29 7:6:57,1
F51IS1B4GU,121.329,30.8012,531367,0,0,0,14-3-29 7:8:57,1
F51IS1B4GU,121.329,30.8012,531367,0,0,0,14-3-29 7:10:57,1
F51IS1B4GU,121.329,30.8012,531367,0,0,0,14-3-29 7:12:57,1
F51IS1B4GU,121.329,30.8011,531367,0,0,0,14-3-29 7:14:57,1
F51IS1B4GU,121.329,30.8012,531367,0,0,0,14-3-29 7:16:57,1
F51IS1B4GU,121.329,30.801,531367,0,0,0,14-3-29 7:18:57,1
F51IS1B4GU,121.329,30.8011,531367,0,0,0,14-3-29 7:20:57,1
F51IS1B4GU,121.329,30.8011,531367,0,0,0,14-3-29 7:22:57,1
F51IS1B4GU,121.329,30.801,531367,0,0,0,14-3-29 7:24:57,1
F51IS1B4GU,121.329,30.8011,531367,0,0,0,14-3-29 7:26:57,1
F51IS1B4GU,121.329,30.8011,531367,0,0,0,14-3-29 7:28:57,1
F51IS1B4GU,121.329,30.801,531367,0,0,0,14-3-29 7:30:57,1
F51IS1B4GU,121.329,30.8011,531367,0,0,0,14-3-29 7:32:57,1
F51IS1B4GU,121.329,30.8011,531367,0,0,0,14-3-29 7:34:57,1
F51IS1B4GU,121.329,30.8012,531367,0,0,0,14-3-29 7:36:57,1
F51IS1B4GU,121.329,30.8011,531367,0,0,0,14-3-29 7:38:57,1
F51IS1B4GU,121.329,30.8011,531367,0,0,0,14-3-29 7:40:57,1
F51IS1B4GU,121.329,30.8011,531367,0,0,0,14-3-29 7:42:57,1
F51IS1B4GU,121.329,30.8011,531367,0,0,0,14-3-29 7:44:57,1
F51IS1B4GU,121.329,30.8011,531367,0,0,0,14-3-29 7:46:57,1
F51IS1B4GU,121.329,30.8012,531367,0,0,0,14-3-29 7:48:57,1
F51IS1B4GU,121.329,30.8012,531367,0,0,0,14-3-29 7:50:57,1
F51IS1B4GU,121.329,30.8011,531367,0,0,0,14-3-29 7:52:57,1
F51IS1B4GU,121.329,30.8011,531367,0,0,0,14-3-29 7:54:57,1
F51IS1B4GU,121.329,30.8011,531367,0,0,0,14-3-29 7:56:57,1
F51IS1B4GU,121.329,30.8011,531367,0,114,0,14-3-29 7:58:57,1
F51IS1B4GU,121.329,30.801,531367,0,0,0,14-3-29 8:0:57,1
F51IS1B4GU,121.329,30.8011,531367,0,0,0,14-3-29 8:2:57,1
F51IS1B4GU,121.329,30.8012,531367,0,0,0,14-3-29 8:4:57,1
F51IS1B4GU,121.329,30.8011,531367,0,0,0,14-3-29 8:6:57,1
F51IS1B4GU,121.329,30.8011,531367,0,0,0,14-3-29 8:8:57,1
F51IS1B4GU,121.329,30.8011,531367,0,0,0,14-3-29 8:10:57,1
F51IS1B4GU,121.329,30.8011,531367,0,0,0,14-3-29 8:12:57,1
F51IS1B4GU,121.329,30.8011,531367,0,0,0,14-3-29 8:14:57,1
F51IS1B4GU,121.329,30.801,531367,0,0,0,14-3-29 8:19:13,1
F51IS1B4GU,121.329,30.801,531367,0,0,0,14-3-29 8:21:13,1
F51IS1B4GU,121.329,30.8011,531367,0,0,0,14-3-29 8:23:13,1
F51IS1B4GU,121.329,30.8011,531367,0,0,0,14-3-29 8:25:13,1
F51IS1B4GU,121.329,30.8011,531367,0,0,0,14-3-29 8:27:13,1
F51IS1B4GU,121.329,30.8011,531367,0,0,0,14-3-29 8:29:13,1
F51IS1B4GU,121.329,30.8012,531367,0,0,0,14-3-29 8:31:13,1
F51IS1B4GU,121.329,30.8011,531367,0,0,0,14-3-29 8:33:13,1
F51IS1B4GU,121.329,30.8012,531367,0,0,0,14-3-29 8:35:13,1
F51IS1B4GU,121.329,30.8011,531367,0,0,0,14-3-29 8:37:13,1
F51IS1B4GU,121.329,30.8012,531367,0,0,0,14-3-29 8:39:13,1
F51IS1B4GU,121.329,30.8011,531367,0,0,0,14-3-29 8:41:13,1
F51IS1B4GU,121.329,30.8012,531367,0,0,0,14-3-29 8:43:13,1
F51IS1B4GU,121.329,30.8012,531367,0,0,0,14-3-29 8:45:13,1
F51IS1B4GU,121.329,30.8012,531367,0,0,0,14-3-29 8:47:13,1
F51IS1B4GU,121.329,30.8012,531367,0,0,0,14-3-29 8:49:13,1
F51IS1B4GU,121.329,30.801,531367,0,0,0,14-3-29 8:51:13,1
F51IS1B4GU,121.329,30.8011,531367,0,0,0,14-3-29 8:53:13,1
F51IS1B4GU,121.329,30.8012,531367,0,0,0,14-3-29 8:55:13,1
F51IS1B4GU,121.329,30.8011,531367,0,0,0,14-3-29 8:57:13,1
F51IS1B4GU,121.329,30.8011,531367,0,0,0,14-3-29 8:59:13,1
F51IS1B4GU,121.329,30.8011,531367,0,0,0,14-3-29 9:1:13,1
F51IS1B4GU,121.329,30.8012,531367,0,0,0,14-3-29 9:3:13,1
F51IS1B4GU,121.329,30.8013,531367,0,0,0,14-3-29 9:5:13,1
F51IS1B4GU,121.329,30.8012,531367,0,0,0,14-3-29 9:7:13,1
F51IS1B4GU,121.329,30.8011,531367,0,0,0,14-3-29 9:9:13,1
F51IS1B4GU,121.329,30.8011,531367,0,0,0,14-3-29 9:11:13,1
F51IS1B4GU,121.329,30.8011,531367,0,0,0,14-3-29 9:13:13,1
F51IS1B4GU,121.329,30.801,531367,0,0,0,14-3-29 9:15:13,1
F51IS1B4GU,121.329,30.801,531367,0,0,0,14-3-29 9:17:13,1
F51IS1B4GU,121.329,30.801,531367,0,0,0,14-3-29 9:19:13,1
F51IS1B4GU,121.329,30.8011,531367,0,0,0,14-3-29 9:21:13,1
F51IS1B4GU,121.329,30.801,531367,0,0,0,14-3-29 9:23:13,1
F51IS1B4GU,121.329,30.8009,531367,0,0,0,14-3-29 9:25:13,1
F51IS1B4GU,121.329,30.8011,531367,0,0,0,14-3-29 9:27:13,1
F51IS1B4GU,121.329,30.8011,531367,0,0,0,14-3-29 9:29:13,1
F51IS1B4GU,121.329,30.801,531367,0,0,0,14-3-29 9:31:13,1
F51IS1B4GU,121.329,30.8013,531367,0,0,0,14-3-29 9:33:13,1
F51IS1B4GU,121.329,30.8011,531367,0,0,0,14-3-29 9:35:13,1
F51IS1B4GU,121.329,30.8012,531367,0,0,0,14-3-29 9:37:13,1
F51IS1B4GU,121.329,30.801,531367,0,0,0,14-3-29 9:39:13,1
F51IS1B4GU,121.329,30.801,531367,0,0,0,14-3-29 9:41:13,1
F51IS1B4GU,121.329,30.8011,531367,0,0,0,14-3-29 9:43:13,1
F51IS1B4GU,121.329,30.801,531367,0,0,0,14-3-29 9:45:13,1
F51IS1B4GU,121.329,30.8011,531367,0,0,0,14-3-29 9:47:13,1
F51IS1B4GU,121.329,30.8011,531367,0,0,0,14-3-29 9:49:13,1
F51IS1B4GU,121.329,30.8011,531367,0,0,0,14-3-29 9:51:13,1
F51IS1B4GU,121.329,30.8011,531367,0,0,0,14-3-29 9:53:13,1
F51IS1B4GU,121.329,30.8011,531367,0,0,0,14-3-29 9:55:13,1
F51IS1B4GU,121.329,30.8009,531367,0,0,0,14-3-29 9:57:13,1
F51IS1B4GU,121.329,30.801,531367,0,0,0,14-3-29 9:59:13,1
F51IS1B4GU,121.329,30.801,531367,0,0,0,14-3-29 10:1:13,1
F51IS1B4GU,121.329,30.8011,531367,0,0,0,14-3-29 10:3:13,1
F51IS1B4GU,121.329,30.8011,531367,0,0,0,14-3-29 10:5:13,1
F51IS1B4GU,121.329,30.8009,531367,0,0,0,14-3-29 10:7:13,1
F51IS1B4GU,121.329,30.801,531367,0,0,0,14-3-29 10:9:13,1
F51IS1B4GU,121.329,30.8011,531367,0,0,0,14-3-29 10:11:13,1
F51IS1B4GU,121.329,30.8011,531367,0,0,0,14-3-29 10:13:13,1
F51IS1B4GU,121.329,30.8011,531367,0,0,0,14-3-29 10:15:13,1
F51IS1B4GU,121.329,30.8013,531367,0,0,0,14-3-29 10:17:13,1
F51IS1B4GU,121.329,30.8012,531367,0,0,0,14-3-29 10:19:13,1
F51IS1B4GU,121.329,30.8012,531367,0,0,0,14-3-29 10:21:13,1
F51IS1B4GU,121.329,30.8012,531367,0,0,0,14-3-29 10:23:13,1
F51IS1B4GU,121.329,30.8011,531367,0,0,0,14-3-29 10:25:13,1
F51IS1B4GU,121.329,30.8014,531367,0,0,0,14-3-29 10:27:13,1
F51IS1B4GU,121.329,30.8013,531367,0,0,0,14-3-29 10:29:13,1
F51IS1B4GU,121.329,30.8012,531367,0,0,0,14-3-29 10:31:13,1
F51IS1B4GU,121.329,30.8011,531367,0,0,0,14-3-29 10:33:13,1
F51IS1B4GU,121.329,30.8012,531367,0,0,0,14-3-29 10:35:13,1
F51IS1B4GU,121.329,30.8012,531367,0,0,0,14-3-29 10:37:13,1
F51IS1B4GU,121.329,30.8012,531367,0,0,0,14-3-29 10:39:13,1
F51IS1B4GU,121.329,30.8011,531367,0,0,0,14-3-29 10:41:13,1
F51IS1B4GU,121.329,30.8012,531367,0,0,0,14-3-29 10:43:13,1
F51IS1B4GU,121.329,30.8012,531367,0,0,0,14-3-29 10:45:13,1
F51IS1B4GU,121.329,30.8012,531367,0,0,0,14-3-29 10:47:13,1
F51IS1B4GU,121.329,30.8011,531367,0,0,0,14-3-29 10:49:13,1
F51IS1B4GU,121.329,30.8013,531367,0,0,0,14-3-29 10:51:13,1
F51IS1B4GU,121.329,30.8012,531367,0,0,0,14-3-29 10:54:30,1
F51IS1B4GU,121.329,30.8012,531367,0,0,0,14-3-29 10:56:30,1
F51IS1B4GU,121.329,30.8011,531367,0,0,0,14-3-29 10:58:30,1
F51IS1B4GU,121.329,30.8011,531367,0,0,0,14-3-29 11:0:30,1
F51IS1B4GU,121.329,30.8013,531367,0,0,0,14-3-29 11:2:30,1
F51IS1B4GU,121.329,30.8012,531367,0,0,0,14-3-29 11:4:30,1
F51IS1B4GU,121.329,30.8013,531367,0,0,0,14-3-29 11:6:30,1
F51IS1B4GU,121.329,30.8013,531367,0,0,0,14-3-29 11:8:30,1
F51IS1B4GU,121.329,30.8012,531367,0,0,0,14-3-29 11:10:30,1
F51IS1B4GU,121.329,30.8013,531367,0,0,0,14-3-29 11:12:30,1
F51IS1B4GU,121.329,30.8013,531367,0,0,0,14-3-29 11:14:30,1
F51IS1B4GU,121.329,30.8012,531367,0,0,0,14-3-29 11:16:30,1
F51IS1B4GU,121.329,30.8012,531367,0,0,0,14-3-29 11:18:30,1
F51IS1B4GU,121.329,30.8012,531367,0,0,0,14-3-29 11:20:30,1
F51IS1B4GU,121.329,30.8012,531367,0,0,0,14-3-29 11:20:38,1
F51IS1B4GU,121.329,30.8012,531367,0,0,0,14-3-29 11:20:42,1
F51IS1B4GU,121.329,30.8012,531367,0,0,0,14-3-29 11:22:42,1
F51IS1B4GU,121.329,30.8013,531367,0,0,0,14-3-29 11:24:42,1
F51IS1B4GU,121.329,30.8012,531367,0,0,0,14-3-29 11:26:42,1
F51IS1B4GU,121.329,30.8011,531367,0,0,0,14-3-29 11:28:42,1
F51IS1B4GU,121.329,30.8013,531367,0,0,0,14-3-29 11:39:55,1
F51IS1B4GU,121.329,30.8013,531367,0,0,0,14-3-29 11:41:41,1
F51IS1B4GU,121.329,30.8012,531367,0,0,0,14-3-29 11:43:41,1
F51IS1B4GU,121.329,30.8012,531367,0,0,0,14-3-29 11:45:41,1
F51IS1B4GU,121.329,30.8013,531367,0,0,0,14-3-29 11:47:41,1
F51IS1B4GU,121.329,30.8012,531367,0,0,0,14-3-29 11:49:41,1
F51IS1B4GU,121.329,30.8011,531367,0,0,0,14-3-29 11:51:41,1
F51IS1B4GU,121.329,30.8012,531367,0,0,0,14-3-29 11:53:41,1
F51IS1B4GU,121.329,30.8012,531367,0,0,0,14-3-29 11:55:41,1
F51IS1B4GU,121.329,30.8012,531367,0,0,0,14-3-29 11:57:41,1
F51IS1B4GU,121.329,30.8013,531367,0,0,0,14-3-29 11:59:41,1
F51IS1B4GU,121.329,30.8011,531367,0,0,0,14-3-29 12:1:41,1
F51IS1B4GU,121.329,30.8012,531367,0,0,0,14-3-29 12:3:41,1
F51IS1B4GU,121.329,30.8013,531367,0,0,0,14-3-29 12:5:41,1
F51IS1B4GU,121.329,30.8013,531367,0,0,0,14-3-29 12:7:41,1
F51IS1B4GU,121.329,30.8012,531367,0,0,0,14-3-29 12:9:41,1
F51IS1B4GU,121.329,30.8013,531367,0,0,0,14-3-29 12:11:41,1
F51IS1B4GU,121.329,30.8013,531367,0,0,0,14-3-29 12:13:41,1
F51IS1B4GU,121.329,30.8011,531367,0,0,0,14-3-29 12:15:41,1
F51IS1B4GU,121.329,30.8013,531367,0,0,0,14-3-29 12:17:41,1
F51IS1B4GU,121.329,30.8011,531367,0,0,0,14-3-29 12:19:41,1
F51IS1B4GU,121.329,30.8012,531367,0,0,0,14-3-29 12:21:41,1
F51IS1B4GU,121.329,30.8012,531367,0,0,0,14-3-29 12:23:41,1
F51IS1B4GU,121.329,30.8011,531367,0,0,0,14-3-29 12:25:41,1
F51IS1B4GU,121.329,30.8013,531367,0,0,0,14-3-29 12:27:41,1
F51IS1B4GU,121.329,30.8012,531367,0,0,0,14-3-29 12:29:41,1
F51IS1B4GU,121.329,30.8013,531367,0,0,0,14-3-29 12:31:41,1
F51IS1B4GU,121.329,30.8013,531367,0,0,0,14-3-29 12:33:41,1
F51IS1B4GU,121.329,30.8011,531367,0,0,0,14-3-29 12:35:41,1
F51IS1B4GU,121.329,30.8012,531367,0,0,0,14-3-29 12:37:41,1
F51IS1B4GU,121.329,30.8011,531367,0,0,0,14-3-29 12:39:41,1
F51IS1B4GU,121.329,30.8012,531367,0,0,0,14-3-29 12:41:41,1
F51IS1B4GU,121.329,30.8012,531367,0,0,0,14-3-29 12:43:41,1
F51IS1B4GU,121.329,30.8011,531367,0,0,0,14-3-29 12:45:41,1
F51IS1B4GU,121.329,30.8011,531367,0,0,0,14-3-29 12:47:41,1
F51IS1B4GU,121.329,30.8013,531367,0,0,0,14-3-29 12:49:41,1
F51IS1B4GU,121.329,30.8012,531367,0,0,0,14-3-29 12:51:41,1
F51IS1B4GU,121.329,30.8013,531367,0,0,0,14-3-29 12:53:41,1
F51IS1B4GU,121.329,30.8012,531367,0,0,0,14-3-29 12:55:41,1
F51IS1B4GU,121.329,30.8012,531367,0,0,0,14-3-29 12:57:41,1
F51IS1B4GU,121.329,30.8009,531367,0,0,0,14-3-29 12:59:41,1
F51IS1B4GU,121.329,30.801,531367,0,0,0,14-3-29 13:1:41,1
F51IS1B4GU,121.329,30.8012,531367,0,0,0,14-3-29 13:3:41,1
F51IS1B4GU,121.329,30.8011,531367,0,0,0,14-3-29 13:5:41,1
F51IS1B4GU,121.329,30.8011,531367,0,0,0,14-3-29 13:7:41,1
F51IS1B4GU,121.329,30.8012,531367,0,0,0,14-3-29 13:9:41,1
F51IS1B4GU,121.329,30.8012,531367,0,0,0,14-3-29 13:11:41,1
F51IS1B4GU,121.329,30.8012,531367,0,0,0,14-3-29 13:13:41,1
F51IS1B4GU,121.329,30.8012,531367,0,0,0,14-3-29 13:15:41,1
F51IS1B4GU,121.329,30.8011,531367,0,0,0,14-3-29 13:17:41,1
F51IS1B4GU,121.329,30.801,531367,0,0,0,14-3-29 13:19:41,1
F51IS1B4GU,121.329,30.8011,531367,0,0,0,14-3-29 13:21:41,1
F51IS1B4GU,121.329,30.8011,531367,0,0,0,14-3-29 13:23:41,1
F51IS1B4GU,121.329,30.8012,531367,0,0,0,14-3-29 13:25:41,1
F51IS1B4GU,121.329,30.8011,531367,0,0,0,14-3-29 13:27:41,1
F51IS1B4GU,121.329,30.8012,531367,0,0,0,14-3-29 13:29:41,1
F51IS1B4GU,121.329,30.8012,531367,0,0,0,14-3-29 13:31:41,1
F51IS1B4GU,121.329,30.8011,531367,0,0,0,14-3-29 13:33:41,1
F51IS1B4GU,121.329,30.8012,531367,0,0,0,14-3-29 13:35:41,1
F51IS1B4GU,121.329,30.8013,531367,0,0,0,14-3-29 13:37:41,1
F51IS1B4GU,121.329,30.8013,531367,0,0,0,14-3-29 13:39:41,1
F51IS1B4GU,121.329,30.8012,531367,0,0,0,14-3-29 13:41:41,1
F51IS1B4GU,121.329,30.8012,531367,0,0,0,14-3-29 13:43:41,1
F51IS1B4GU,121.329,30.8012,531367,0,0,0,14-3-29 13:45:41,1
F51IS1B4GU,121.329,30.8013,531367,0,0,0,14-3-29 13:47:41,1
F51IS1B4GU,121.329,30.8014,531367,0,0,0,14-3-29 13:49:41,1
F51IS1B4GU,121.329,30.8013,531367,0,0,0,14-3-29 13:51:41,1
F51IS1B4GU,121.329,30.8013,531367,0,0,0,14-3-29 13:53:41,1
F51IS1B4GU,121.329,30.8014,531367,0,0,0,14-3-29 13:55:41,1
F51IS1B4GU,121.329,30.8013,531367,0,0,0,14-3-29 13:57:41,1
F51IS1B4GU,121.329,30.8012,531367,0,0,0,14-3-29 13:59:41,1
F51IS1B4GU,121.329,30.801,531367,0,0,0,14-3-29 14:1:41,1
F51IS1B4GU,121.329,30.8014,531367,0,0,0,14-3-29 14:3:41,1
F51IS1B4GU,121.329,30.8013,531367,0,0,0,14-3-29 14:5:41,1
F51IS1B4GU,121.329,30.8012,531367,0,0,0,14-3-29 14:7:41,1
F51IS1B4GU,121.329,30.8012,531367,0,0,0,14-3-29 14:9:29,1
F51IS1B4GU,121.329,30.801,531367,0,0,0,14-3-29 14:11:29,1
F51IS1B4GU,121.329,30.8012,531367,0,0,0,14-3-29 14:12:29,1
F51IS1B4GU,121.329,30.8012,531367,0,0,0,14-3-29 14:14:29,1
F51IS1B4GU,121.329,30.8012,531367,0,0,0,14-3-29 14:16:29,1
F51IS1B4GU,121.329,30.8012,531367,0,0,0,14-3-29 14:18:29,1
F51IS1B4GU,121.329,30.8011,531367,0,0,0,14-3-29 14:20:29,1
F51IS1B4GU,121.329,30.8012,531367,0,0,0,14-3-29 14:22:29,1
F51IS1B4GU,121.329,30.8014,531367,0,0,0,14-3-29 14:24:29,1
F51IS1B4GU,121.328,30.8012,531368,0,0,0,14-3-29 14:26:29,1
F51IS1B4GU,121.328,30.8014,531368,0,0,0,14-3-29 14:28:24,1
F51IS1B4GU,121.328,30.8016,531368,0,0,0,14-3-29 14:30:24,1
F51IS1B4GU,121.329,30.8015,531368,0,0,0,14-3-29 14:32:24,1
F51IS1B4GU,121.328,30.8016,531368,0,0,0,14-3-29 14:34:24,1
F51IS1B4GU,121.328,30.8015,531368,0,0,0,14-3-29 14:36:24,1
F51IS1B4GU,121.328,30.8015,531368,0,0,0,14-3-29 14:38:24,1
F51IS1B4GU,121.328,30.8015,531368,0,0,0,14-3-29 14:40:24,1
F51IS1B4GU,121.329,30.8016,531368,0,0,0,14-3-29 14:42:24,1
F51IS1B4GU,121.328,30.8016,531368,0,0,0,14-3-29 14:44:24,1
F51IS1B4GU,121.328,30.8015,531368,0,0,0,14-3-29 14:46:24,1
F51IS1B4GU,121.328,30.8015,531368,0,0,0,14-3-29 14:48:2,1
F51IS1B4GU,121.328,30.8008,531369,7,83,0,14-3-29 14:49:42,1
F51IS1B4GU,121.328,30.8002,531370,0,86,0,14-3-29 14:51:2,1
F51IS1B4GU,121.327,30.8,531371,0,0,0,14-3-29 14:53:2,1
F51IS1B4GU,121.327,30.7998,531371,0,0,0,14-3-29 14:55:2,1
F51IS1B4GU,121.327,30.7998,531371,0,0,0,14-3-29 14:55:11,1
F51IS1B4GU,121.327,30.7998,531371,0,0,0,14-3-29 14:57:11,1
F51IS1B4GU,121.327,30.7998,531371,0,0,0,14-3-29 14:59:11,1
F51IS1B4GU,121.327,30.7998,531371,0,0,0,14-3-29 15:0:12,1
F51IS1B4GU,121.327,30.7999,531371,5,43,0,14-3-29 15:1:55,1
F51IS1B4GU,121.328,30.7999,531372,1,175,0,14-3-29 15:3:12,1
F51IS1B4GU,121.328,30.8,531372,0,0,0,14-3-29 15:5:12,1
F51IS1B4GU,121.328,30.7996,531373,0,0,0,14-3-29 15:7:12,1
F51IS1B4GU,121.328,30.7992,531373,11,108,0,14-3-29 15:7:46,1
F51IS1B4GU,121.327,30.7993,531374,29,138,0,14-3-29 15:8:4,1
F51IS1B4GU,121.326,30.7994,531375,0,0,0,14-3-29 15:10:4,1
F51IS1B4GU,121.326,30.7994,531375,0,0,0,14-3-29 15:11:19,1
F51IS1B4GU,121.326,30.7994,531375,5,113,0,14-3-29 15:12:23,1
F51IS1B4GU,121.325,30.7994,531376,24,136,0,14-3-29 15:12:48,1
F51IS1B4GU,121.324,30.7995,531377,22,137,0,14-3-29 15:12:58,1
F51IS1B4GU,121.322,30.7996,531379,46,137,0,14-3-29 15:13:19,1
F51IS1B4GU,121.32,30.7998,531381,24,137,0,14-3-29 15:13:37,1
F51IS1B4GU,121.321,30.7996,531383,31,47,0,14-3-29 15:14:21,1
F51IS1B4GU,121.323,30.7995,531385,46,47,0,14-3-29 15:14:38,1
F51IS1B4GU,121.325,30.7993,531387,55,47,0,14-3-29 15:14:51,1
F51IS1B4GU,121.327,30.7992,531389,64,47,0,14-3-29 15:15:3,1
F51IS1B4GU,121.331,30.799,531393,48,44,0,14-3-29 15:15:27,1
F51IS1B4GU,121.333,30.799,531395,42,43,0,14-3-29 15:15:42,1
F51IS1B4GU,121.335,30.7991,531397,42,41,0,14-3-29 15:15:59,1
F51IS1B4GU,121.337,30.7994,531399,22,41,0,14-3-29 15:16:59,1
F51IS1B4GU,121.34,30.7996,531401,44,41,0,14-3-29 15:17:18,1
F51IS1B4GU,121.342,30.7999,531403,42,41,0,14-3-29 15:17:33,1
F51IS1B4GU,121.344,30.8001,531405,35,41,0,14-3-29 15:18:40,1
F51IS1B4GU,121.346,30.8003,531407,49,41,0,14-3-29 15:18:55,1
F51IS1B4GU,121.348,30.8006,531409,59,41,0,14-3-29 15:19:8,1
F51IS1B4GU,121.351,30.7996,531413,35,85,0,14-3-29 15:20:37,1
F51IS1B4GU,121.351,30.7995,531414,38,85,0,14-3-29 15:20:39,1
F51IS1B4GU,121.351,30.7976,531416,42,85,0,14-3-29 15:20:57,1
F51IS1B4GU,121.352,30.7959,531418,46,85,0,14-3-29 15:21:12,1
F51IS1B4GU,121.352,30.7941,531420,20,74,0,14-3-29 15:21:37,1
F51IS1B4GU,121.354,30.7949,531422,40,29,0,14-3-29 15:22:1,1
F51IS1B4GU,121.355,30.7958,531424,29,29,0,14-3-29 15:22:37,1
F51IS1B4GU,121.357,30.7966,531426,38,28,0,14-3-29 15:22:54,1
F51IS1B4GU,121.358,30.7982,531428,42,25,0,14-3-29 15:23:12,1
F51IS1B4GU,121.36,30.7983,531430,49,45,0,14-3-29 15:23:27,1
F51IS1B4GU,121.362,30.7991,531432,44,17,0,14-3-29 15:23:43,1
F51IS1B4GU,121.362,30.8007,531434,49,177,0,14-3-29 15:23:57,1
F51IS1B4GU,121.362,30.8025,531436,62,175,0,14-3-29 15:24:10,1
F51IS1B4GU,121.36,30.8112,531446,66,175,0,14-3-29 15:25:0,1
F51IS1B4GU,121.36,30.8146,531450,72,176,0,14-3-29 15:25:20,1
F51IS1B4GU,121.359,30.8214,531458,68,176,0,14-3-29 15:25:59,1
F51IS1B4GU,121.358,30.8232,531460,70,176,0,14-3-29 15:26:9,1
F51IS1B4GU,121.358,30.8249,531462,70,175,0,14-3-29 15:26:19,1
F51IS1B4GU,121.358,30.8284,531466,64,175,0,14-3-29 15:26:39,1
F51IS1B4GU,121.357,30.83,531468,66,175,0,14-3-29 15:26:49,1
F51IS1B4GU,121.357,30.8318,531470,66,176,0,14-3-29 15:27:0,1
F51IS1B4GU,121.357,30.8335,531472,64,175,0,14-3-29 15:27:10,1
F51IS1B4GU,121.356,30.8353,531474,62,174,0,14-3-29 15:27:21,1
F51IS1B4GU,121.355,30.8386,531478,62,172,0,14-3-29 15:27:43,1
F51IS1B4GU,121.354,30.8419,531482,53,172,0,14-3-29 15:28:5,1
F51IS1B4GU,121.353,30.8453,531486,64,172,0,14-3-29 15:28:29,1
F51IS1B4GU,121.352,30.8486,531490,61,172,0,14-3-29 15:28:50,1
F51IS1B4GU,121.352,30.8503,531492,61,172,0,14-3-29 15:29:2,1
F51IS1B4GU,121.351,30.852,531494,59,172,0,14-3-29 15:29:13,1
F51IS1B4GU,121.35,30.8537,531496,61,171,0,14-3-29 15:29:25,1
F51IS1B4GU,121.35,30.8553,531498,68,173,0,14-3-29 15:29:35,1
F51IS1B4GU,121.349,30.8571,531500,66,171,0,14-3-29 15:29:46,1
F51IS1B4GU,121.349,30.8587,531502,66,172,0,14-3-29 15:29:56,1
F51IS1B4GU,121.348,30.8603,531504,64,172,0,14-3-29 15:30:6,1
F51IS1B4GU,121.348,30.862,531506,64,171,0,14-3-29 15:30:17,1
F51IS1B4GU,121.347,30.8637,531508,66,172,0,14-3-29 15:30:27,1
F51IS1B4GU,121.347,30.8654,531510,66,172,0,14-3-29 15:30:38,1
F51IS1B4GU,121.346,30.867,531512,64,171,0,14-3-29 15:30:48,1
F51IS1B4GU,121.346,30.8688,531514,66,172,0,14-3-29 15:30:59,1
F51IS1B4GU,121.345,30.8704,531516,66,172,0,14-3-29 15:31:9,1
F51IS1B4GU,121.344,30.8722,531518,62,172,0,14-3-29 15:31:20,1
F51IS1B4GU,121.343,30.8754,531522,61,172,0,14-3-29 15:31:42,1
F51IS1B4GU,121.342,30.8788,531526,57,172,0,14-3-29 15:32:5,1
F51IS1B4GU,121.342,30.8805,531528,61,172,0,14-3-29 15:32:17,1
F51IS1B4GU,121.341,30.8821,531530,59,172,0,14-3-29 15:32:28,1
F51IS1B4GU,121.34,30.8855,531534,70,171,0,14-3-29 15:32:50,1
F51IS1B4GU,121.34,30.8872,531536,66,172,0,14-3-29 15:33:0,1
F51IS1B4GU,121.339,30.8889,531538,70,172,0,14-3-29 15:33:10,1
F51IS1B4GU,121.338,30.8905,531540,64,172,0,14-3-29 15:33:20,1
F51IS1B4GU,121.338,30.8923,531542,68,172,0,14-3-29 15:33:31,1
F51IS1B4GU,121.337,30.8938,531544,70,172,0,14-3-29 15:33:40,1
F51IS1B4GU,121.337,30.8956,531546,72,172,0,14-3-29 15:33:50,1
F51IS1B4GU,121.336,30.8973,531548,72,171,0,14-3-29 15:34:0,1
F51IS1B4GU,121.334,30.902,531554,62,165,0,14-3-29 15:34:30,1
F51IS1B4GU,121.333,30.9035,531556,51,163,0,14-3-29 15:34:42,1
F51IS1B4GU,121.332,30.9048,531558,59,160,0,14-3-29 15:34:54,1
F51IS1B4GU,121.33,30.9062,531560,68,158,0,14-3-29 15:35:5,1
F51IS1B4GU,121.329,30.9074,531562,68,156,0,14-3-29 15:35:15,1
F51IS1B4GU,121.327,30.9086,531564,68,155,0,14-3-29 15:35:25,1
F51IS1B4GU,121.326,30.9096,531566,68,154,0,14-3-29 15:35:35,1
F51IS1B4GU,121.323,30.9118,531570,66,154,0,14-3-29 15:35:55,1
F51IS1B4GU,121.321,30.913,531572,68,153,0,14-3-29 15:36:6,1
F51IS1B4GU,121.319,30.9139,531574,72,154,0,14-3-29 15:36:15,1
F51IS1B4GU,121.318,30.9151,531576,66,153,0,14-3-29 15:36:26,1
F51IS1B4GU,121.316,30.9161,531578,64,154,0,14-3-29 15:36:36,1
F51IS1B4GU,121.315,30.9173,531580,68,157,0,14-3-29 15:36:46,1
F51IS1B4GU,121.313,30.9186,531582,68,159,0,14-3-29 15:36:56,1
F51IS1B4GU,121.312,30.9199,531584,66,160,0,14-3-29 15:37:6,1
F51IS1B4GU,121.311,30.9214,531586,62,163,0,14-3-29 15:37:17,1
F51IS1B4GU,121.309,30.9245,531590,62,168,0,14-3-29 15:37:39,1
F51IS1B4GU,121.308,30.926,531592,64,170,0,14-3-29 15:37:49,1
F51IS1B4GU,121.308,30.9277,531594,66,172,0,14-3-29 15:38:0,1
F51IS1B4GU,121.307,30.9294,531596,66,174,0,14-3-29 15:38:10,1
F51IS1B4GU,121.307,30.9311,531598,68,176,0,14-3-29 15:38:20,1
F51IS1B4GU,121.307,30.9328,531600,66,179,0,14-3-29 15:38:30,1
F51IS1B4GU,121.307,30.9347,531602,62,179,0,14-3-29 15:38:41,1
F51IS1B4GU,121.307,30.9365,531604,64,0,0,14-3-29 15:38:52,1
F51IS1B4GU,121.307,30.9382,531606,68,0,0,14-3-29 15:39:2,1
F51IS1B4GU,121.307,30.9399,531608,70,179,0,14-3-29 15:39:12,1
F51IS1B4GU,121.307,30.9415,531610,72,179,0,14-3-29 15:39:21,1
F51IS1B4GU,121.307,30.9452,531614,64,178,0,14-3-29 15:39:42,1
F51IS1B4GU,121.307,30.9468,531616,62,179,0,14-3-29 15:39:52,1
F51IS1B4GU,121.307,30.9486,531618,66,178,0,14-3-29 15:40:3,1
F51IS1B4GU,121.306,30.9503,531620,66,176,0,14-3-29 15:40:13,1
F51IS1B4GU,121.306,30.9521,531622,64,174,0,14-3-29 15:40:24,1
F51IS1B4GU,121.306,30.9538,531624,64,172,0,14-3-29 15:40:34,1
F51IS1B4GU,121.305,30.9555,531626,64,170,0,14-3-29 15:40:45,1
F51IS1B4GU,121.304,30.9571,531628,55,171,0,14-3-29 15:40:56,1
F51IS1B4GU,121.304,30.9587,531630,44,169,0,14-3-29 15:41:9,1
F51IS1B4GU,121.303,30.9602,531632,9,135,0,14-3-29 15:42:52,1
F51IS1B4GU,121.303,30.9601,531632,0,0,0,14-3-29 15:43:59,1
F51IS1B4GU,121.303,30.9601,531632,0,0,0,14-3-29 15:44:35,1
F51IS1B4GU,121.303,30.96,531632,0,0,0,14-3-29 15:46:35,1
F51IS1B4GU,121.303,30.96,531632,0,0,0,14-3-29 15:48:35,1
F51IS1B4GU,121.303,30.9601,531632,0,0,0,14-3-29 15:49:11,1
F51IS1B4GU,121.302,30.9612,531634,33,161,0,14-3-29 15:49:53,1
F51IS1B4GU,121.301,30.9626,531636,49,162,0,14-3-29 15:50:10,1
F51IS1B4GU,121.3,30.9641,531638,44,163,0,14-3-29 15:50:24,1
F51IS1B4GU,121.298,30.9656,531640,42,163,0,14-3-29 15:50:41,1
F51IS1B4GU,121.297,30.9671,531642,48,163,0,14-3-29 15:50:56,1
F51IS1B4GU,121.296,30.9684,531644,61,163,0,14-3-29 15:51:8,1
F51IS1B4GU,121.295,30.97,531646,70,163,0,14-3-29 15:51:19,1
F51IS1B4GU,121.294,30.9714,531648,74,163,0,14-3-29 15:51:28,1
F51IS1B4GU,121.293,30.9728,531650,74,165,0,14-3-29 15:51:37,1
F51IS1B4GU,121.292,30.9745,531652,75,168,0,14-3-29 15:51:47,1
F51IS1B4GU,121.291,30.9777,531656,66,173,0,14-3-29 15:52:5,1
F51IS1B4GU,121.29,30.9795,531658,66,176,0,14-3-29 15:52:16,1
F51IS1B4GU,121.29,30.9812,531660,64,179,0,14-3-29 15:52:26,1
F51IS1B4GU,121.29,30.9829,531662,57,2,0,14-3-29 15:52:37,1
F51IS1B4GU,121.291,30.9847,531664,59,4,0,14-3-29 15:52:49,1
F51IS1B4GU,121.291,30.9865,531666,62,7,0,14-3-29 15:53:1,1
F51IS1B4GU,121.292,30.9881,531668,62,10,0,14-3-29 15:53:12,1
F51IS1B4GU,121.293,30.9897,531670,59,13,0,14-3-29 15:53:23,1
F51IS1B4GU,121.295,30.9927,531674,55,15,0,14-3-29 15:53:47,1
F51IS1B4GU,121.296,30.9942,531676,55,15,0,14-3-29 15:53:59,1
F51IS1B4GU,121.297,30.9957,531678,57,14,0,14-3-29 15:54:11,1
F51IS1B4GU,121.298,30.9972,531680,59,14,0,14-3-29 15:54:23,1
F51IS1B4GU,121.3,31.0002,531684,61,13,0,14-3-29 15:54:46,1
F51IS1B4GU,121.301,31.0019,531686,59,10,0,14-3-29 15:54:58,1
F51IS1B4GU,121.301,31.0036,531688,55,7,0,14-3-29 15:55:10,1
F51IS1B4GU,121.302,31.0052,531690,57,5,0,14-3-29 15:55:22,1
F51IS1B4GU,121.302,31.0069,531692,53,2,0,14-3-29 15:55:34,1
F51IS1B4GU,121.302,31.0087,531694,57,179,0,14-3-29 15:55:47,1
F51IS1B4GU,121.302,31.0121,531698,55,179,0,14-3-29 15:56:11,1
F51IS1B4GU,121.302,31.0139,531700,55,179,0,14-3-29 15:56:24,1
F51IS1B4GU,121.302,31.0157,531702,40,179,0,14-3-29 15:56:38,1
F51IS1B4GU,121.302,31.0174,531704,51,0,0,14-3-29 15:56:54,1
F51IS1B4GU,121.302,31.0191,531706,57,179,0,14-3-29 15:57:6,1
F51IS1B4GU,121.302,31.0209,531708,64,1,0,14-3-29 15:57:18,1
F51IS1B4GU,121.302,31.0225,531710,62,1,0,14-3-29 15:57:28,1
F51IS1B4GU,121.302,31.0243,531712,64,1,0,14-3-29 15:57:39,1
F51IS1B4GU,121.302,31.0261,531714,64,1,0,14-3-29 15:57:50,1
F51IS1B4GU,121.302,31.0295,531718,68,1,0,14-3-29 15:58:10,1
F51IS1B4GU,121.302,31.0312,531720,66,1,0,14-3-29 15:58:20,1
F51IS1B4GU,121.303,31.033,531722,55,1,0,14-3-29 15:58:31,1
F51IS1B4GU,121.303,31.0348,531724,48,1,0,14-3-29 15:58:46,1
F51IS1B4GU,121.3,31.0563,531749,68,176,0,14-3-29 16:1:18,1
F51IS1B4GU,121.299,31.0641,531758,74,172,0,14-3-29 16:2:3,1
F51IS1B4GU,121.298,31.0674,531762,72,172,0,14-3-29 16:2:21,1
F51IS1B4GU,121.297,31.0692,531764,62,171,0,14-3-29 16:2:32,1
F51IS1B4GU,121.297,31.0709,531766,64,174,0,14-3-29 16:2:43,1
F51IS1B4GU,121.296,31.0726,531768,70,175,0,14-3-29 16:2:53,1
F51IS1B4GU,121.296,31.0742,531770,61,177,0,14-3-29 16:3:3,1
F51IS1B4GU,121.296,31.076,531772,55,178,0,14-3-29 16:3:15,1
F51IS1B4GU,121.296,31.0777,531774,57,177,0,14-3-29 16:3:27,1
F51IS1B4GU,121.296,31.0794,531776,53,177,0,14-3-29 16:3:39,1
F51IS1B4GU,121.296,31.0813,531778,57,178,0,14-3-29 16:3:52,1
F51IS1B4GU,121.295,31.0829,531780,59,177,0,14-3-29 16:4:3,1
F51IS1B4GU,121.295,31.0847,531782,61,178,0,14-3-29 16:4:15,1
F51IS1B4GU,121.295,31.0865,531784,55,178,0,14-3-29 16:4:27,1
F51IS1B4GU,121.295,31.0899,531788,57,178,0,14-3-29 16:4:51,1
F51IS1B4GU,121.295,31.0916,531790,49,177,0,14-3-29 16:5:3,1
F51IS1B4GU,121.295,31.0934,531792,53,177,0,14-3-29 16:5:17,1
F51IS1B4GU,121.295,31.0952,531794,57,178,0,14-3-29 16:5:29,1
F51IS1B4GU,121.294,31.0969,531796,57,178,0,14-3-29 16:5:41,1
F51IS1B4GU,121.294,31.0987,531798,53,178,0,14-3-29 16:5:53,1
F51IS1B4GU,121.294,31.1003,531800,57,0,0,14-3-29 16:6:5,1
F51IS1B4GU,121.294,31.1021,531802,57,2,0,14-3-29 16:6:17,1
F51IS1B4GU,121.295,31.1056,531806,59,6,0,14-3-29 16:6:41,1
F51IS1B4GU,121.296,31.1072,531808,59,7,0,14-3-29 16:6:52,1
F51IS1B4GU,121.296,31.1089,531810,55,8,0,14-3-29 16:7:4,1
F51IS1B4GU,121.297,31.1123,531814,57,7,0,14-3-29 16:7:29,1
F51IS1B4GU,121.298,31.1139,531816,57,6,0,14-3-29 16:7:40,1
F51IS1B4GU,121.298,31.1157,531818,55,5,0,14-3-29 16:7:53,1
F51IS1B4GU,121.298,31.1174,531820,55,3,0,14-3-29 16:8:5,1
F51IS1B4GU,121.299,31.1192,531822,57,3,0,14-3-29 16:8:17,1
F51IS1B4GU,121.299,31.1209,531824,55,2,0,14-3-29 16:8:29,1
F51IS1B4GU,121.299,31.1226,531826,57,2,0,14-3-29 16:8:41,1
F51IS1B4GU,121.299,31.1244,531828,57,1,0,14-3-29 16:8:53,1
F51IS1B4GU,121.299,31.126,531830,61,3,0,14-3-29 16:9:4,1
F51IS1B4GU,121.3,31.1279,531832,57,3,0,14-3-29 16:9:16,1
F51IS1B4GU,121.3,31.1296,531834,61,3,0,14-3-29 16:9:28,1
F51IS1B4GU,121.3,31.1314,531836,62,3,0,14-3-29 16:9:39,1
F51IS1B4GU,121.3,31.133,531838,62,2,0,14-3-29 16:9:49,1
F51IS1B4GU,121.3,31.1348,531840,59,178,0,14-3-29 16:10:1,1
F51IS1B4GU,121.3,31.1365,531842,53,174,0,14-3-29 16:10:13,1
F51IS1B4GU,121.3,31.1382,531844,59,169,0,14-3-29 16:10:25,1
F51IS1B4GU,121.299,31.1397,531846,55,164,0,14-3-29 16:10:37,1
F51IS1B4GU,121.298,31.1412,531848,59,161,0,14-3-29 16:10:50,1
F51IS1B4GU,121.296,31.1426,531850,62,161,0,14-3-29 16:11:1,1
F51IS1B4GU,121.295,31.144,531852,57,161,0,14-3-29 16:11:12,1
F51IS1B4GU,121.294,31.1454,531854,59,161,0,14-3-29 16:11:24,1
F51IS1B4GU,121.293,31.1468,531856,61,161,0,14-3-29 16:11:35,1
F51IS1B4GU,121.291,31.1482,531858,59,161,0,14-3-29 16:11:47,1
F51IS1B4GU,121.29,31.1496,531860,57,161,0,14-3-29 16:11:59,1
F51IS1B4GU,121.289,31.151,531862,64,161,0,14-3-29 16:12:10,1
F51IS1B4GU,121.288,31.1523,531864,64,161,0,14-3-29 16:12:20,1
F51IS1B4GU,121.287,31.1538,531866,62,163,0,14-3-29 16:12:31,1
F51IS1B4GU,121.285,31.1553,531868,64,163,0,14-3-29 16:12:42,1
F51IS1B4GU,121.284,31.1568,531870,62,165,0,14-3-29 16:12:53,1
F51IS1B4GU,121.283,31.1583,531872,62,164,0,14-3-29 16:13:4,1
F51IS1B4GU,121.282,31.1598,531874,61,167,0,14-3-29 16:13:15,1
F51IS1B4GU,121.282,31.1614,531876,62,168,0,14-3-29 16:13:26,1
F51IS1B4GU,121.281,31.163,531878,61,168,0,14-3-29 16:13:37,1
F51IS1B4GU,121.28,31.1646,531880,61,168,0,14-3-29 16:13:48,1
F51IS1B4GU,121.279,31.1662,531882,61,168,0,14-3-29 16:13:59,1
F51IS1B4GU,121.278,31.1678,531884,61,168,0,14-3-29 16:14:10,1
F51IS1B4GU,121.278,31.1695,531886,57,168,0,14-3-29 16:14:22,1
F51IS1B4GU,121.277,31.171,531888,55,167,0,14-3-29 16:14:34,1
F51IS1B4GU,121.276,31.1725,531890,53,167,0,14-3-29 16:14:46,1
F51IS1B4GU,121.275,31.1742,531892,55,168,0,14-3-29 16:14:59,1
F51IS1B4GU,121.274,31.1757,531894,55,168,0,14-3-29 16:15:11,1
F51IS1B4GU,121.274,31.1774,531896,55,167,0,14-3-29 16:15:24,1
F51IS1B4GU,121.273,31.1789,531898,55,168,0,14-3-29 16:15:36,1
F51IS1B4GU,121.272,31.1806,531900,55,168,0,14-3-29 16:15:49,1
F51IS1B4GU,121.271,31.1821,531902,53,168,0,14-3-29 16:16:1,1
F51IS1B4GU,121.27,31.1838,531904,55,169,0,14-3-29 16:16:14,1
F51IS1B4GU,121.27,31.1854,531906,59,169,0,14-3-29 16:16:26,1
F51IS1B4GU,121.269,31.187,531908,59,168,0,14-3-29 16:16:37,1
F51IS1B4GU,121.268,31.1887,531910,49,167,0,14-3-29 16:16:50,1
F51IS1B4GU,121.267,31.1901,531912,57,166,0,14-3-29 16:17:2,1
F51IS1B4GU,121.266,31.1918,531914,61,166,0,14-3-29 16:17:14,1
F51IS1B4GU,121.265,31.1933,531916,61,166,0,14-3-29 16:17:25,1
F51IS1B4GU,121.265,31.1949,531918,61,167,0,14-3-29 16:17:36,1
F51IS1B4GU,121.264,31.1964,531920,64,167,0,14-3-29 16:17:47,1
F51IS1B4GU,121.263,31.198,531922,59,167,0,14-3-29 16:17:58,1
F51IS1B4GU,121.262,31.1996,531924,55,167,0,14-3-29 16:18:10,1
F51IS1B4GU,121.261,31.2013,531926,29,173,0,14-3-29 16:18:25,1
F51IS1B4GU,121.26,31.203,531928,31,167,0,14-3-29 16:19:53,1
F51IS1B4GU,121.259,31.2046,531930,25,167,0,14-3-29 16:20:13,1
F51IS1B4GU,121.258,31.205,531932,37,123,0,14-3-29 16:21:6,1
F51IS1B4GU,121.256,31.2043,531934,46,126,0,14-3-29 16:21:23,1
F51IS1B4GU,121.254,31.2039,531936,46,130,0,14-3-29 16:21:37,1
F51IS1B4GU,121.253,31.2029,531938,29,80,0,14-3-29 16:22:12,1
F51IS1B4GU,121.253,31.2014,531939,0,0,0,14-3-29 16:23:16,1
F51IS1B4GU,121.253,31.2014,531939,0,0,0,14-3-29 16:25:16,1
F51IS1B4GU,121.253,31.2014,531939,0,0,0,14-3-29 16:25:36,1
F51IS1B4GU,121.253,31.2014,531939,0,0,0,14-3-29 16:27:36,1
F51IS1B4GU,121.253,31.2014,531939,0,0,0,14-3-29 16:29:36,1
F51IS1B4GU,121.253,31.2014,531939,0,0,0,14-3-29 16:31:36,1
F51IS1B4GU,121.253,31.2014,531939,0,0,0,14-3-29 16:32:19,1
F51IS1B4GU,121.254,31.2014,531940,1,0,0,14-3-29 16:34:20,1
F51IS1B4GU,121.253,31.2014,531940,0,0,0,14-3-29 16:35:1,1
F51IS1B4GU,121.253,31.2014,531940,0,0,0,14-3-29 16:37:1,1
F51IS1B4GU,121.253,31.2015,531940,0,0,0,14-3-29 16:39:1,1
F51IS1B4GU,121.253,31.2014,531940,0,0,0,14-3-29 16:41:1,1
F51IS1B4GU,121.253,31.2015,531940,0,0,0,14-3-29 16:43:1,1
F51IS1B4GU,121.253,31.2015,531940,0,0,0,14-3-29 16:45:1,1
F51IS1B4GU,121.253,31.2015,531940,0,0,0,14-3-29 16:47:1,1
F51IS1B4GU,121.253,31.2015,531940,0,0,0,14-3-29 16:49:1,1
F51IS1B4GU,121.253,31.2015,531940,0,0,0,14-3-29 16:51:1,1
F51IS1B4GU,121.253,31.2015,531940,0,0,0,14-3-29 16:53:1,1
F51IS1B4GU,121.253,31.2015,531940,0,0,0,14-3-29 16:55:1,1
F51IS1B4GU,121.253,31.2015,531940,0,0,0,14-3-29 16:56:17,1
F51IS1B4GU,121.254,31.2,531942,37,81,0,14-3-29 16:57:31,1
F51IS1B4GU,121.255,31.1983,531944,49,81,0,14-3-29 16:57:46,1
F51IS1B4GU,121.255,31.1966,531946,38,81,0,14-3-29 16:58:1,1
F51IS1B4GU,121.256,31.1949,531948,31,80,0,14-3-29 16:58:46,1
F51IS1B4GU,121.257,31.1916,531952,51,80,0,14-3-29 16:59:16,1
F51IS1B4GU,121.258,31.1906,531954,27,34,0,14-3-29 16:59:39,1
F51IS1B4GU,121.26,31.1912,531956,27,35,0,14-3-29 17:0:0,1
F51IS1B4GU,121.261,31.1913,531957,3,0,0,14-3-29 17:2:0,1
F51IS1B4GU,121.261,31.1913,531957,0,0,0,14-3-29 17:3:18,1
F51IS1B4GU,121.261,31.1913,531957,0,0,0,14-3-29 17:3:30,1
F51IS1B4GU,121.261,31.1913,531957,0,0,0,14-3-29 17:5:30,1
F51IS1B4GU,121.261,31.1913,531957,0,0,0,14-3-29 17:6:4,1
F51IS1B4GU,121.261,31.1913,531957,0,0,0,14-3-29 17:6:7,1
F51IS1B4GU,121.261,31.1913,531957,0,0,0,14-3-29 17:8:7,1
F51IS1B4GU,121.261,31.1913,531957,0,0,0,14-3-29 17:10:7,1
F51IS1B4GU,121.261,31.1913,531957,0,0,0,14-3-29 17:12:7,1
F51IS1B4GU,121.261,31.1913,531957,0,0,0,14-3-29 17:14:7,1
F51IS1B4GU,121.261,31.1913,531957,0,0,0,14-3-29 17:16:7,1
F51IS1B4GU,121.261,31.1913,531957,0,0,0,14-3-29 17:18:0,1
F51IS1B4GU,121.261,31.1913,531957,0,0,0,14-3-29 17:18:13,1
F51IS1B4GU,121.261,31.1913,531957,0,0,0,14-3-29 17:18:23,1
F51IS1B4GU,121.261,31.1913,531957,0,0,0,14-3-29 17:20:23,1
F51IS1B4GU,121.261,31.1913,531957,0,0,0,14-3-29 17:22:23,1
F51IS1B4GU,121.261,31.1913,531957,0,0,0,14-3-29 17:24:23,1
F51IS1B4GU,121.261,31.1913,531957,0,0,0,14-3-29 17:26:23,1
F51IS1B4GU,121.261,31.1913,531957,0,0,0,14-3-29 17:28:23,1
F51IS1B4GU,121.261,31.1913,531957,0,0,0,14-3-29 17:30:23,1
F51IS1B4GU,121.261,31.1913,531957,0,0,0,14-3-29 17:32:23,1
F51IS1B4GU,121.261,31.1913,531957,0,0,0,14-3-29 17:34:23,1
F51IS1B4GU,121.261,31.1913,531957,0,0,0,14-3-29 17:36:23,1
F51IS1B4GU,121.261,31.1913,531957,0,0,0,14-3-29 17:38:23,1
F51IS1B4GU,121.261,31.1913,531957,0,0,0,14-3-29 17:40:23,1
F51IS1B4GU,121.261,31.1913,531957,0,0,0,14-3-29 17:42:23,1
F51IS1B4GU,121.261,31.1913,531957,0,0,0,14-3-29 17:44:23,1
F51IS1B4GU,121.261,31.1913,531957,0,0,0,14-3-29 17:46:23,1
F51IS1B4GU,121.261,31.1913,531957,0,0,0,14-3-29 17:48:23,1
F51IS1B4GU,121.261,31.1914,531957,0,0,0,14-3-29 17:50:23,1
F51IS1B4GU,121.261,31.1913,531957,0,0,0,14-3-29 17:52:23,1
F51IS1B4GU,121.261,31.1913,531957,0,0,0,14-3-29 17:54:23,1
F51IS1B4GU,121.261,31.1913,531957,0,0,0,14-3-29 17:56:23,1
F51IS1B4GU,121.261,31.1912,531957,0,0,0,14-3-29 17:58:23,1
F51IS1B4GU,121.261,31.1912,531957,0,0,0,14-3-29 18:0:23,1
F51IS1B4GU,121.261,31.1912,531957,0,0,0,14-3-29 18:2:23,1
F51IS1B4GU,121.261,31.1912,531957,0,0,0,14-3-29 18:4:23,1
F51IS1B4GU,121.261,31.1912,531957,0,0,0,14-3-29 18:6:23,1
F51IS1B4GU,121.261,31.1912,531957,0,0,0,14-3-29 18:8:23,1
F51IS1B4GU,121.261,31.1912,531957,0,0,0,14-3-29 18:10:23,1
F51IS1B4GU,121.261,31.1912,531957,0,0,0,14-3-29 18:12:23,1
F51IS1B4GU,121.261,31.1912,531957,0,0,0,14-3-29 18:14:23,1
F51IS1B4GU,121.261,31.1912,531957,0,0,0,14-3-29 18:16:23,1
F51IS1B4GU,121.261,31.1912,531957,0,0,0,14-3-29 18:18:23,1
F51IS1B4GU,121.261,31.1912,531957,0,0,0,14-3-29 18:20:23,1
F51IS1B4GU,121.261,31.1912,531957,0,0,0,14-3-29 18:21:50,1
F51IS1B4GU,121.261,31.1912,531957,0,0,0,14-3-29 18:23:50,1
F51IS1B4GU,121.261,31.1912,531957,0,0,0,14-3-29 18:25:50,1
F51IS1B4GU,121.261,31.1912,531957,0,0,0,14-3-29 18:27:50,1
F51IS1B4GU,121.261,31.1912,531957,0,0,0,14-3-29 18:29:50,1
F51IS1B4GU,121.261,31.1913,531957,0,0,0,14-3-29 18:31:50,1
F51IS1B4GU,121.261,31.1913,531957,0,0,0,14-3-29 18:33:50,1
F51IS1B4GU,121.261,31.1913,531957,0,0,0,14-3-29 18:35:50,1
F51IS1B4GU,121.261,31.1913,531957,0,0,0,14-3-29 18:37:50,1
F51IS1B4GU,121.261,31.1913,531957,0,0,0,14-3-29 18:39:50,1
F51IS1B4GU,121.261,31.1913,531957,0,0,0,14-3-29 18:41:50,1
F51IS1B4GU,121.261,31.1913,531957,0,0,0,14-3-29 18:43:50,1
F51IS1B4GU,121.261,31.1913,531957,0,0,0,14-3-29 18:45:50,1
F51IS1B4GU,121.261,31.1913,531957,0,0,0,14-3-29 18:47:50,1
F51IS1B4GU,121.261,31.1913,531957,0,0,0,14-3-29 18:49:50,1
F51IS1B4GU,121.261,31.1913,531957,0,0,0,14-3-29 18:51:50,1
F51IS1B4GU,121.261,31.1913,531957,0,0,0,14-3-29 18:53:50,1
F51IS1B4GU,121.261,31.1913,531957,0,0,0,14-3-29 18:55:50,1
F51IS1B4GU,121.261,31.1913,531957,0,0,0,14-3-29 18:57:50,1
F51IS1B4GU,121.261,31.1913,531957,0,0,0,14-3-29 18:59:50,1
F51IS1B4GU,121.261,31.1913,531957,0,0,0,14-3-29 19:1:50,1
F51IS1B4GU,121.261,31.1913,531957,0,0,0,14-3-29 19:3:50,1
F51IS1B4GU,121.261,31.1913,531957,0,0,0,14-3-29 19:5:50,1
F51IS1B4GU,121.261,31.1913,531957,0,0,0,14-3-29 19:7:50,1
F51IS1B4GU,121.261,31.1913,531957,0,0,0,14-3-29 19:9:50,1
F51IS1B4GU,121.261,31.1913,531957,0,0,0,14-3-29 19:11:50,1
F51IS1B4GU,121.261,31.1913,531957,0,0,0,14-3-29 19:13:50,1
F51IS1B4GU,121.261,31.1913,531957,0,0,0,14-3-29 19:15:50,1
F51IS1B4GU,121.261,31.1913,531957,0,0,0,14-3-29 19:17:50,1
F51IS1B4GU,121.261,31.1913,531957,0,0,0,14-3-29 19:19:50,1
F51IS1B4GU,121.261,31.1913,531957,0,0,0,14-3-29 19:21:50,1
F51IS1B4GU,121.261,31.1913,531957,0,0,0,14-3-29 19:23:50,1
F51IS1B4GU,121.261,31.1913,531957,0,0,0,14-3-29 19:24:14,1
F51IS1B4GU,121.261,31.1913,531957,0,0,0,14-3-29 19:24:20,1
F51IS1B4GU,121.261,31.1913,531957,0,0,0,14-3-29 19:26:20,1
F51IS1B4GU,121.261,31.1912,531957,0,0,0,14-3-29 19:28:20,1
F51IS1B4GU,121.261,31.1912,531957,0,0,0,14-3-29 19:30:20,1
F51IS1B4GU,121.261,31.1912,531957,0,0,0,14-3-29 19:32:20,1
F51IS1B4GU,121.261,31.1912,531957,0,0,0,14-3-29 19:34:20,1
F51IS1B4GU,121.261,31.1912,531957,0,0,0,14-3-29 19:36:20,1
F51IS1B4GU,121.261,31.1912,531957,0,0,0,14-3-29 19:38:20,1
F51IS1B4GU,121.261,31.1912,531957,0,0,0,14-3-29 19:40:20,1
F51IS1B4GU,121.261,31.1912,531957,0,0,0,14-3-29 19:42:20,1
F51IS1B4GU,121.261,31.1912,531957,0,0,0,14-3-29 19:44:20,1
F51IS1B4GU,121.261,31.1912,531957,0,0,0,14-3-29 19:46:20,1
F51IS1B4GU,121.261,31.1912,531957,0,0,0,14-3-29 19:48:20,1
F51IS1B4GU,121.261,31.1912,531957,0,0,0,14-3-29 19:50:20,1
F51IS1B4GU,121.261,31.1913,531957,0,0,0,14-3-29 19:52:20,1
F51IS1B4GU,121.261,31.1913,531957,0,0,0,14-3-29 19:54:20,1
F51IS1B4GU,121.261,31.1913,531957,0,0,0,14-3-29 19:56:20,1
F51IS1B4GU,121.261,31.1912,531957,0,0,0,14-3-29 19:58:20,1
F51IS1B4GU,121.261,31.1913,531957,0,0,0,14-3-29 20:0:20,1
F51IS1B4GU,121.261,31.1913,531957,0,0,0,14-3-29 20:2:20,1
F51IS1B4GU,121.261,31.1913,531957,0,0,0,14-3-29 20:4:20,1
F51IS1B4GU,121.261,31.1913,531957,0,0,0,14-3-29 20:6:20,1
F51IS1B4GU,121.261,31.1913,531957,0,0,0,14-3-29 20:8:20,1
F51IS1B4GU,121.261,31.1913,531957,0,0,0,14-3-29 20:10:20,1
F51IS1B4GU,121.261,31.1913,531957,0,0,0,14-3-29 20:12:20,1
F51IS1B4GU,121.261,31.1913,531957,0,0,0,14-3-29 20:14:20,1
F51IS1B4GU,121.261,31.1912,531957,0,0,0,14-3-29 20:16:20,1
F51IS1B4GU,121.261,31.1912,531957,0,0,0,14-3-29 20:18:20,1
F51IS1B4GU,121.261,31.1912,531957,0,0,0,14-3-29 20:20:20,1
F51IS1B4GU,121.261,31.1912,531957,0,0,0,14-3-29 20:22:20,1
F51IS1B4GU,121.261,31.1913,531957,0,0,0,14-3-29 20:24:20,1
F51IS1B4GU,121.261,31.1913,531957,0,0,0,14-3-29 20:26:20,1
F51IS1B4GU,121.261,31.1913,531957,0,0,0,14-3-29 20:28:20,1
F51IS1B4GU,121.261,31.1913,531957,0,0,0,14-3-29 20:30:20,1
F51IS1B4GU,121.261,31.1913,531957,0,0,0,14-3-29 20:32:20,1
F51IS1B4GU,121.261,31.1913,531957,0,160,0,14-3-29 20:34:20,1
F51IS1B4GU,121.261,31.1913,531957,0,0,0,14-3-29 20:36:20,1
F51IS1B4GU,121.261,31.1913,531957,0,0,0,14-3-29 20:38:20,1
F51IS1B4GU,121.261,31.1913,531957,0,0,0,14-3-29 20:40:20,1
F51IS1B4GU,121.261,31.1913,531957,0,0,0,14-3-29 20:42:20,1
F51IS1B4GU,121.261,31.1913,531957,0,0,0,14-3-29 20:44:20,1
F51IS1B4GU,121.261,31.1913,531957,0,0,0,14-3-29 20:46:20,1
F51IS1B4GU,121.261,31.1913,531957,0,0,0,14-3-29 20:48:20,1
F51IS1B4GU,121.261,31.1912,531957,0,0,0,14-3-29 20:50:20,1
F51IS1B4GU,121.261,31.1913,531957,0,0,0,14-3-29 20:52:20,1
F51IS1B4GU,121.261,31.1913,531957,0,0,0,14-3-29 20:54:20,1
F51IS1B4GU,121.261,31.1913,531957,0,0,0,14-3-29 20:56:20,1
F51IS1B4GU,121.261,31.1912,531957,0,0,0,14-3-29 20:58:20,1
F51IS1B4GU,121.261,31.1912,531957,0,0,0,14-3-29 21:0:20,1
F51IS1B4GU,121.261,31.1913,531957,0,0,0,14-3-29 21:2:20,1
F51IS1B4GU,121.261,31.1913,531957,0,0,0,14-3-29 21:4:20,1
F51IS1B4GU,121.261,31.1913,531957,0,0,0,14-3-29 21:6:20,1
F51IS1B4GU,121.262,31.1913,531957,0,0,0,14-3-29 21:8:20,1
F51IS1B4GU,121.262,31.1913,531957,0,0,0,14-3-29 21:10:20,1
F51IS1B4GU,121.262,31.1913,531957,0,0,0,14-3-29 21:12:20,1
F51IS1B4GU,121.262,31.1913,531957,0,0,0,14-3-29 21:14:20,1
F51IS1B4GU,121.262,31.1913,531957,0,0,0,14-3-29 21:16:20,1
F51IS1B4GU,121.262,31.1913,531957,0,0,0,14-3-29 21:18:20,1
F51IS1B4GU,121.262,31.1914,531957,0,0,0,14-3-29 21:20:20,1
F51IS1B4GU,121.262,31.1914,531957,0,0,0,14-3-29 21:22:20,1
F51IS1B4GU,121.262,31.1914,531957,0,0,0,14-3-29 21:24:20,1
F51IS1B4GU,121.262,31.1914,531957,0,0,0,14-3-29 21:26:20,1
F51IS1B4GU,121.261,31.1914,531957,0,0,0,14-3-29 21:28:20,1
F51IS1B4GU,121.261,31.1914,531957,0,0,0,14-3-29 21:30:20,1
F51IS1B4GU,121.261,31.1914,531957,0,0,0,14-3-29 21:32:20,1
F51IS1B4GU,121.261,31.1913,531957,0,0,0,14-3-29 21:34:20,1
F51IS1B4GU,121.261,31.1913,531957,0,0,0,14-3-29 21:36:20,1
F51IS1B4GU,121.261,31.1913,531957,0,0,0,14-3-29 21:38:20,1
F51IS1B4GU,121.261,31.1913,531957,0,0,0,14-3-29 21:40:20,1
F51IS1B4GU,121.261,31.1913,531957,0,0,0,14-3-29 21:42:20,1
F51IS1B4GU,121.261,31.1913,531957,0,0,0,14-3-29 21:44:20,1
F51IS1B4GU,121.261,31.1913,531957,0,0,0,14-3-29 21:46:20,1
F51IS1B4GU,121.261,31.1913,531957,0,0,0,14-3-29 21:48:20,1
F51IS1B4GU,121.261,31.1913,531957,0,0,0,14-3-29 21:50:20,1
F51IS1B4GU,121.261,31.1913,531957,0,0,0,14-3-29 21:52:20,1
F51IS1B4GU,121.261,31.1913,531957,0,0,0,14-3-29 21:54:20,1
F51IS1B4GU,121.261,31.1913,531957,0,0,0,14-3-29 21:56:20,1
F51IS1B4GU,121.261,31.1913,531957,0,0,0,14-3-29 21:58:20,1
F51IS1B4GU,121.261,31.1913,531957,0,0,0,14-3-29 22:0:20,1
F51IS1B4GU,121.261,31.1913,531957,0,0,0,14-3-29 22:2:20,1
F51IS1B4GU,121.261,31.1913,531957,0,0,0,14-3-29 22:4:20,1
F51IS1B4GU,121.261,31.1913,531957,0,0,0,14-3-29 22:6:20,1
F51IS1B4GU,121.261,31.1913,531957,0,0,0,14-3-29 22:8:20,1
F51IS1B4GU,121.261,31.1913,531957,0,0,0,14-3-29 22:10:20,1
F51IS1B4GU,121.261,31.1913,531957,0,0,0,14-3-29 22:12:20,1
F51IS1B4GU,121.261,31.1913,531957,0,0,0,14-3-29 22:14:20,1
F51IS1B4GU,121.261,31.1913,531957,0,0,0,14-3-29 22:16:20,1
F51IS1B4GU,121.261,31.1912,531957,0,0,0,14-3-29 22:18:20,1
F51IS1B4GU,121.261,31.1913,531957,0,0,0,14-3-29 22:20:20,1
F51IS1B4GU,121.261,31.1913,531957,0,0,0,14-3-29 22:22:20,1
F51IS1B4GU,121.261,31.1913,531957,0,0,0,14-3-29 22:24:20,1
F51IS1B4GU,121.261,31.1913,531957,0,0,0,14-3-29 22:26:20,1
F51IS1B4GU,121.261,31.1913,531957,0,0,0,14-3-29 22:28:20,1
F51IS1B4GU,121.261,31.1913,531957,0,0,0,14-3-29 22:30:20,1
F51IS1B4GU,121.261,31.1912,531957,0,0,0,14-3-29 22:32:20,1
F51IS1B4GU,121.261,31.1912,531957,0,0,0,14-3-29 22:34:20,1
F51IS1B4GU,121.261,31.1912,531957,0,0,0,14-3-29 22:36:20,1
F51IS1B4GU,121.261,31.1912,531957,0,0,0,14-3-29 22:38:20,1
F51IS1B4GU,121.261,31.1912,531957,0,0,0,14-3-29 22:40:20,1
F51IS1B4GU,121.261,31.1912,531957,0,0,0,14-3-29 22:42:20,1
F51IS1B4GU,121.261,31.1912,531957,0,0,0,14-3-29 22:44:20,1
F51IS1B4GU,121.261,31.1913,531957,0,0,0,14-3-29 22:46:20,1
F51IS1B4GU,121.261,31.1912,531957,0,0,0,14-3-29 22:48:20,1
F51IS1B4GU,121.261,31.1913,531957,0,0,0,14-3-29 22:50:20,1
F51IS1B4GU,121.261,31.1913,531957,0,0,0,14-3-29 22:52:20,1
F51IS1B4GU,121.261,31.1912,531957,0,0,0,14-3-29 22:54:20,1
F51IS1B4GU,121.261,31.1912,531957,0,0,0,14-3-29 22:56:20,1
F51IS1B4GU,121.261,31.1913,531957,0,0,0,14-3-29 22:58:20,1
F51IS1B4GU,121.261,31.1912,531957,0,0,0,14-3-29 23:0:20,1
F51IS1B4GU,121.261,31.1913,531957,0,0,0,14-3-29 23:2:20,1
F51IS1B4GU,121.261,31.1913,531957,0,0,0,14-3-29 23:4:20,1
F51IS1B4GU,121.261,31.1913,531957,0,0,0,14-3-29 23:6:20,1
F51IS1B4GU,121.261,31.1913,531957,0,0,0,14-3-29 23:8:20,1
F51IS1B4GU,121.261,31.1913,531957,0,0,0,14-3-29 23:10:20,1
F51IS1B4GU,121.261,31.1913,531957,0,0,0,14-3-29 23:12:20,1
F51IS1B4GU,121.261,31.1912,531957,0,0,0,14-3-29 23:14:20,1
F51IS1B4GU,121.261,31.1912,531957,0,0,0,14-3-29 23:16:20,1
F51IS1B4GU,121.261,31.1912,531957,0,0,0,14-3-29 23:18:20,1
F51IS1B4GU,121.261,31.1912,531957,0,0,0,14-3-29 23:20:20,1
F51IS1B4GU,121.261,31.1912,531957,0,0,0,14-3-29 23:22:20,1
F51IS1B4GU,121.261,31.1912,531957,0,0,0,14-3-29 23:24:20,1
F51IS1B4GU,121.261,31.1912,531957,0,0,0,14-3-29 23:26:20,1
F51IS1B4GU,121.261,31.1912,531957,0,0,0,14-3-29 23:28:20,1
F51IS1B4GU,121.261,31.1912,531957,0,0,0,14-3-29 23:30:20,1
F51IS1B4GU,121.261,31.1912,531957,0,0,0,14-3-29 23:32:20,1
F51IS1B4GU,121.261,31.1912,531957,0,0,0,14-3-29 23:34:20,1
F51IS1B4GU,121.261,31.1912,531957,0,0,0,14-3-29 23:36:20,1
F51IS1B4GU,121.261,31.1912,531957,0,0,0,14-3-29 23:38:20,1
F51IS1B4GU,121.261,31.1912,531957,0,0,0,14-3-29 23:40:20,1
F51IS1B4GU,121.261,31.1912,531957,0,0,0,14-3-29 23:42:20,1
F51IS1B4GU,121.261,31.1912,531957,0,0,0,14-3-29 23:44:20,1
F51IS1B4GU,121.261,31.1911,531957,0,0,0,14-3-29 23:46:20,1
F51IS1B4GU,121.261,31.1912,531957,0,0,0,14-3-29 23:48:20,1
F51IS1B4GU,121.261,31.1912,531957,0,0,0,14-3-29 23:50:20,1
F51IS1B4GU,121.261,31.1913,531957,0,0,0,14-3-29 23:52:0,0
F51IS1B4GU,121.261,31.1913,531957,0,0,0,14-3-29 23:52:6,0
F51IS1B4GU,121.261,31.1913,531957,0,0,0,14-3-29 23:54:6,1
F51IS1B4GU,121.261,31.1912,531957,0,0,0,14-3-29 23:56:6,1
F51IS1B4GU,121.261,31.1913,531957,0,0,0,14-3-29 23:58:6,1
F51IS1B4GU,121.261,31.1913,531957,0,0,0,14-3-29 23:58:16,1
