F9PUX7B7SI,116.36,39.706,0,0,0,0,14-3-29 15:30:4,1
F9PUX7B7SI,116.36,39.706,0,0,0,0,14-3-29 15:30:14,1
F9PUX7B7SI,116.36,39.706,0,0,0,0,14-3-29 15:32:18,1
F9PUX7B7SI,116.36,39.706,0,0,0,0,14-3-29 15:34:19,1
F9PUX7B7SI,116.36,39.706,0,0,0,0,14-3-29 15:35:48,1
F9PUX7B7SI,116.36,39.706,0,0,0,0,14-3-29 15:35:57,1
F9PUX7B7SI,116.36,39.706,0,0,0,0,14-3-29 15:36:6,1
F9PUX7B7SI,116.369,39.7016,0,0,0,0,14-3-29 15:42:46,1
F9PUX7B7SI,116.369,39.7016,0,0,0,0,14-3-29 15:42:56,1
F9PUX7B7SI,116.369,39.7016,0,0,0,0,14-3-29 15:44:59,1
F9PUX7B7SI,116.369,39.7016,0,0,0,0,14-3-29 15:47:0,1
F9PUX7B7SI,116.369,39.7016,0,0,0,0,14-3-29 15:49:1,1
F9PUX7B7SI,116.369,39.7016,0,0,0,0,14-3-29 15:51:2,1
F9PUX7B7SI,116.369,39.7016,0,0,0,0,14-3-29 15:53:3,1
F9PUX7B7SI,116.369,39.7016,0,0,0,0,14-3-29 15:55:4,1
F9PUX7B7SI,116.369,39.7016,0,0,0,0,14-3-29 15:57:5,1
F9PUX7B7SI,116.369,39.7016,0,0,0,0,14-3-29 15:59:6,1
F9PUX7B7SI,116.369,39.7016,0,0,0,0,14-3-29 16:1:7,1
F9PUX7B7SI,116.369,39.7016,0,0,0,0,14-3-29 16:3:8,1
F9PUX7B7SI,116.369,39.7016,0,0,0,0,14-3-29 16:5:9,1
F9PUX7B7SI,116.369,39.7016,0,0,0,0,14-3-29 16:7:10,1
F9PUX7B7SI,116.369,39.7016,0,0,0,0,14-3-29 16:9:11,1
F9PUX7B7SI,116.369,39.7016,0,0,0,0,14-3-29 16:11:12,1
F9PUX7B7SI,116.369,39.7016,0,0,0,0,14-3-29 16:13:13,1
F9PUX7B7SI,116.369,39.7016,0,0,0,0,14-3-29 16:15:14,1
F9PUX7B7SI,116.369,39.7016,0,0,0,0,14-3-29 16:17:15,1
F9PUX7B7SI,116.369,39.7016,0,0,0,0,14-3-29 16:19:16,1
F9PUX7B7SI,116.369,39.7016,0,0,0,0,14-3-29 16:21:17,1
F9PUX7B7SI,116.369,39.7016,0,0,0,0,14-3-29 16:23:18,1
F9PUX7B7SI,116.369,39.7016,0,0,0,0,14-3-29 16:25:19,1
F9PUX7B7SI,116.369,39.7016,0,0,0,0,14-3-29 16:27:20,1
F9PUX7B7SI,116.369,39.7016,0,0,0,0,14-3-29 16:29:21,1
F9PUX7B7SI,116.369,39.7016,0,0,0,0,14-3-29 16:31:22,1
F9PUX7B7SI,116.369,39.7016,0,0,0,0,14-3-29 16:33:23,1
F9PUX7B7SI,116.369,39.7016,0,0,0,0,14-3-29 16:35:24,1
F9PUX7B7SI,116.369,39.7016,0,0,0,0,14-3-29 16:37:25,1
F9PUX7B7SI,116.369,39.7016,0,0,0,0,14-3-29 16:39:26,1
F9PUX7B7SI,116.369,39.7016,0,0,0,0,14-3-29 16:41:27,1
F9PUX7B7SI,116.369,39.7016,0,0,0,0,14-3-29 16:43:42,1
F9PUX7B7SI,116.36,39.706,0,0,0,0,14-3-29 16:45:43,1
F9PUX7B7SI,116.363,39.7092,0,0,0,0,14-3-29 16:47:44,1
F9PUX7B7SI,116.357,39.7226,0,0,0,0,14-3-29 16:49:45,1
F9PUX7B7SI,116.357,39.7226,0,0,0,0,14-3-29 16:51:46,1
F9PUX7B7SI,116.357,39.7226,0,0,0,0,14-3-29 16:53:47,0
F9PUX7B7SI,116.398,39.7204,0,0,0,0,14-3-29 16:55:48,1
F9PUX7B7SI,116.411,39.7199,0,0,0,0,14-3-29 16:57:49,1
F9PUX7B7SI,116.402,39.7148,0,0,0,0,14-3-29 16:59:50,1
F9PUX7B7SI,116.402,39.7148,0,0,0,0,14-3-29 17:1:51,1
F9PUX7B7SI,116.402,39.7148,0,0,0,0,14-3-29 17:3:52,0
F9PUX7B7SI,116.402,39.7148,0,0,0,0,14-3-29 17:5:53,0
F9PUX7B7SI,116.402,39.7148,0,0,0,0,14-3-29 17:7:54,0
F9PUX7B7SI,116.402,39.7148,0,0,0,0,14-3-29 17:9:55,0
F9PUX7B7SI,116.402,39.7148,0,0,0,0,14-3-29 17:11:56,0
F9PUX7B7SI,116.402,39.7148,0,0,0,0,14-3-29 17:13:58,0
F9PUX7B7SI,116.402,39.7148,0,0,0,0,14-3-29 17:15:58,0
F9PUX7B7SI,116.534,39.7452,0,0,0,0,14-3-29 17:17:59,1
F9PUX7B7SI,116.534,39.7452,0,0,0,0,14-3-29 17:20:0,0
F9PUX7B7SI,116.534,39.7452,0,0,0,0,14-3-29 17:22:1,0
F9PUX7B7SI,116.534,39.7452,0,0,0,0,14-3-29 17:24:2,0
F9PUX7B7SI,116.534,39.7452,0,0,0,0,14-3-29 17:26:3,0
F9PUX7B7SI,116.534,39.7452,0,0,0,0,14-3-29 17:28:4,0
F9PUX7B7SI,116.534,39.7452,0,0,0,0,14-3-29 17:30:5,0
F9PUX7B7SI,116.534,39.7452,0,0,0,0,14-3-29 17:32:6,0
F9PUX7B7SI,116.534,39.7452,0,0,0,0,14-3-29 17:34:7,0
F9PUX7B7SI,116.534,39.7452,0,0,0,0,14-3-29 17:36:8,0
F9PUX7B7SI,116.534,39.7452,0,0,0,0,14-3-29 17:38:9,0
F9PUX7B7SI,116.534,39.7452,0,0,0,0,14-3-29 17:40:10,0
F9PUX7B7SI,116.534,39.7452,0,0,0,0,14-3-29 17:42:11,0
F9PUX7B7SI,116.534,39.7452,0,0,0,0,14-3-29 17:44:24,0
F9PUX7B7SI,116.534,39.7452,0,0,0,0,14-3-29 17:46:25,0
F9PUX7B7SI,116.534,39.7452,0,0,0,0,14-3-29 17:48:26,0
F9PUX7B7SI,116.851,39.5537,0,0,0,0,14-3-29 17:59:17,1
F9PUX7B7SI,116.851,39.5537,0,0,0,0,14-3-29 18:1:18,1
F9PUX7B7SI,116.873,39.5395,0,0,0,0,14-3-29 18:3:24,1
F9PUX7B7SI,116.882,39.5318,0,0,0,0,14-3-29 18:5:25,1
F9PUX7B7SI,116.882,39.5318,0,0,0,0,14-3-29 18:7:26,1
F9PUX7B7SI,116.917,39.4859,0,0,0,0,14-3-29 18:9:27,1
F9PUX7B7SI,116.917,39.4859,0,0,0,0,14-3-29 18:11:28,1
F9PUX7B7SI,116.917,39.4859,0,0,0,0,14-3-29 18:13:29,0
F9PUX7B7SI,116.922,39.4637,0,0,0,0,14-3-29 18:15:31,1
F9PUX7B7SI,116.925,39.4519,0,0,0,0,14-3-29 18:17:31,1
F9PUX7B7SI,116.925,39.4519,0,0,0,0,14-3-29 18:19:32,1
F9PUX7B7SI,116.925,39.4519,0,0,0,0,14-3-29 18:21:33,1
F9PUX7B7SI,116.925,39.4519,0,0,0,0,14-3-29 18:23:34,1
F9PUX7B7SI,116.925,39.4519,0,0,0,0,14-3-29 18:25:35,1
F9PUX7B7SI,116.925,39.4519,0,0,0,0,14-3-29 18:27:36,1
F9PUX7B7SI,116.925,39.4519,0,0,0,0,14-3-29 18:29:37,1
F9PUX7B7SI,116.925,39.4519,0,0,0,0,14-3-29 18:31:38,1
F9PUX7B7SI,116.925,39.4519,0,0,0,0,14-3-29 18:33:39,1
F9PUX7B7SI,116.925,39.4519,0,0,0,0,14-3-29 18:35:41,1
F9PUX7B7SI,116.925,39.4519,0,0,0,0,14-3-29 18:37:41,1
F9PUX7B7SI,116.925,39.4519,0,0,0,0,14-3-29 18:39:42,1
F9PUX7B7SI,116.925,39.4519,0,0,0,0,14-3-29 18:41:43,1
F9PUX7B7SI,116.925,39.4519,0,0,0,0,14-3-29 18:43:54,1
F9PUX7B7SI,116.925,39.4519,0,0,0,0,14-3-29 18:45:55,1
F9PUX7B7SI,116.925,39.4519,0,0,0,0,14-3-29 18:47:56,1
F9PUX7B7SI,116.925,39.4519,0,0,0,0,14-3-29 18:49:57,1
F9PUX7B7SI,116.925,39.4519,0,0,0,0,14-3-29 18:51:58,1
F9PUX7B7SI,116.925,39.4519,0,0,0,0,14-3-29 18:53:59,1
F9PUX7B7SI,116.925,39.4519,0,0,0,0,14-3-29 18:56:0,1
F9PUX7B7SI,116.925,39.4519,0,0,0,0,14-3-29 18:58:1,1
F9PUX7B7SI,116.925,39.4519,0,0,0,0,14-3-29 19:0:2,1
F9PUX7B7SI,116.925,39.4519,0,0,0,0,14-3-29 19:2:3,1
F9PUX7B7SI,116.925,39.4519,0,0,0,0,14-3-29 19:4:4,1
F9PUX7B7SI,116.925,39.4519,0,0,0,0,14-3-29 19:6:5,1
F9PUX7B7SI,116.925,39.4519,0,0,0,0,14-3-29 19:8:6,1
F9PUX7B7SI,116.925,39.4519,0,0,0,0,14-3-29 19:10:7,1
F9PUX7B7SI,116.925,39.4519,0,0,0,0,14-3-29 19:12:8,1
F9PUX7B7SI,116.925,39.4519,0,0,0,0,14-3-29 19:14:9,1
F9PUX7B7SI,116.925,39.4519,0,0,0,0,14-3-29 19:16:10,1
F9PUX7B7SI,116.925,39.4519,0,0,0,0,14-3-29 19:18:11,1
F9PUX7B7SI,116.925,39.4519,0,0,0,0,14-3-29 19:20:12,1
F9PUX7B7SI,116.925,39.4519,0,0,0,0,14-3-29 19:22:13,1
F9PUX7B7SI,116.925,39.4519,0,0,0,0,14-3-29 19:24:14,1
F9PUX7B7SI,116.925,39.4519,0,0,0,0,14-3-29 19:26:15,1
F9PUX7B7SI,116.925,39.4519,0,0,0,0,14-3-29 19:28:16,1
F9PUX7B7SI,116.925,39.4519,0,0,0,0,14-3-29 19:30:17,1
F9PUX7B7SI,116.925,39.4519,0,0,0,0,14-3-29 19:32:18,1
F9PUX7B7SI,116.925,39.4519,0,0,0,0,14-3-29 19:34:19,1
F9PUX7B7SI,116.925,39.4519,0,0,0,0,14-3-29 19:36:20,1
F9PUX7B7SI,116.925,39.4519,0,0,0,0,14-3-29 19:38:21,1
F9PUX7B7SI,116.925,39.4519,0,0,0,0,14-3-29 19:40:22,1
F9PUX7B7SI,116.925,39.4519,0,0,0,0,14-3-29 19:42:23,1
F9PUX7B7SI,116.925,39.4519,0,0,0,0,14-3-29 19:44:38,1
F9PUX7B7SI,116.925,39.4519,0,0,0,0,14-3-29 19:46:39,1
F9PUX7B7SI,116.925,39.4519,0,0,0,0,14-3-29 19:48:40,1
F9PUX7B7SI,116.925,39.4519,0,0,0,0,14-3-29 19:50:41,1
F9PUX7B7SI,116.925,39.4519,0,0,0,0,14-3-29 19:52:42,1
F9PUX7B7SI,116.925,39.4519,0,0,0,0,14-3-29 19:54:43,1
F9PUX7B7SI,116.925,39.4519,0,0,0,0,14-3-29 19:56:44,1
F9PUX7B7SI,116.925,39.4519,0,0,0,0,14-3-29 19:58:45,1
F9PUX7B7SI,116.925,39.4519,0,0,0,0,14-3-29 20:0:47,1
F9PUX7B7SI,116.925,39.4519,0,0,0,0,14-3-29 20:2:47,1
F9PUX7B7SI,116.925,39.4519,0,0,0,0,14-3-29 20:4:48,1
F9PUX7B7SI,116.925,39.4519,0,0,0,0,14-3-29 20:6:49,1
F9PUX7B7SI,116.925,39.4519,0,0,0,0,14-3-29 20:8:50,1
F9PUX7B7SI,116.925,39.4519,0,0,0,0,14-3-29 20:10:51,1
F9PUX7B7SI,116.925,39.4519,0,0,0,0,14-3-29 20:12:52,1
F9PUX7B7SI,116.925,39.4519,0,0,0,0,14-3-29 20:14:53,1
F9PUX7B7SI,116.925,39.4519,0,0,0,0,14-3-29 20:16:54,1
F9PUX7B7SI,116.925,39.4519,0,0,0,0,14-3-29 20:18:55,1
F9PUX7B7SI,116.925,39.4519,0,0,0,0,14-3-29 20:20:56,1
F9PUX7B7SI,116.925,39.4519,0,0,0,0,14-3-29 20:22:57,1
F9PUX7B7SI,116.925,39.4519,0,0,0,0,14-3-29 20:24:58,1
F9PUX7B7SI,116.925,39.4519,0,0,0,0,14-3-29 20:26:59,1
F9PUX7B7SI,116.925,39.4519,0,0,0,0,14-3-29 20:29:0,1
F9PUX7B7SI,116.925,39.4519,0,0,0,0,14-3-29 20:31:1,1
F9PUX7B7SI,116.925,39.4519,0,0,0,0,14-3-29 20:33:2,1
F9PUX7B7SI,116.925,39.4519,0,0,0,0,14-3-29 20:35:3,1
F9PUX7B7SI,116.925,39.4519,0,0,0,0,14-3-29 20:37:4,1
F9PUX7B7SI,116.925,39.4519,0,0,0,0,14-3-29 20:39:5,1
F9PUX7B7SI,116.925,39.4519,0,0,0,0,14-3-29 20:41:6,1
F9PUX7B7SI,116.925,39.4519,0,0,0,0,14-3-29 20:43:7,1
F9PUX7B7SI,116.925,39.4519,0,0,0,0,14-3-29 20:45:23,1
F9PUX7B7SI,116.925,39.4519,0,0,0,0,14-3-29 20:47:24,1
F9PUX7B7SI,116.925,39.4519,0,0,0,0,14-3-29 20:49:25,1
F9PUX7B7SI,116.925,39.4519,0,0,0,0,14-3-29 20:51:26,1
F9PUX7B7SI,116.925,39.4519,0,0,0,0,14-3-29 20:53:27,1
F9PUX7B7SI,116.925,39.4519,0,0,0,0,14-3-29 20:55:28,1
F9PUX7B7SI,116.925,39.4519,0,0,0,0,14-3-29 20:57:29,1
F9PUX7B7SI,116.925,39.4519,0,0,0,0,14-3-29 20:59:30,1
F9PUX7B7SI,116.925,39.4519,0,0,0,0,14-3-29 21:1:31,1
F9PUX7B7SI,116.925,39.4519,0,0,0,0,14-3-29 21:3:32,1
F9PUX7B7SI,116.925,39.4519,0,0,0,0,14-3-29 21:5:33,1
F9PUX7B7SI,116.925,39.4519,0,0,0,0,14-3-29 21:7:34,1
F9PUX7B7SI,116.925,39.4519,0,0,0,0,14-3-29 21:9:35,1
F9PUX7B7SI,116.925,39.4519,0,0,0,0,14-3-29 21:11:36,1
F9PUX7B7SI,116.925,39.4519,0,0,0,0,14-3-29 21:13:37,1
F9PUX7B7SI,116.925,39.4519,0,0,0,0,14-3-29 21:15:38,1
F9PUX7B7SI,116.925,39.4519,0,0,0,0,14-3-29 21:17:39,1
F9PUX7B7SI,116.925,39.4519,0,0,0,0,14-3-29 21:19:40,1
F9PUX7B7SI,116.925,39.4519,0,0,0,0,14-3-29 21:21:41,1
F9PUX7B7SI,116.925,39.4519,0,0,0,0,14-3-29 21:23:42,1
F9PUX7B7SI,116.925,39.4519,0,0,0,0,14-3-29 21:25:43,1
F9PUX7B7SI,116.925,39.4519,0,0,0,0,14-3-29 21:27:44,1
F9PUX7B7SI,116.925,39.4519,0,0,0,0,14-3-29 21:29:45,1
F9PUX7B7SI,116.925,39.4519,0,0,0,0,14-3-29 21:31:46,1
F9PUX7B7SI,116.925,39.4519,0,0,0,0,14-3-29 21:33:47,1
F9PUX7B7SI,116.925,39.4519,0,0,0,0,14-3-29 21:35:48,1
F9PUX7B7SI,116.925,39.4519,0,0,0,0,14-3-29 21:37:49,1
F9PUX7B7SI,116.925,39.4519,0,0,0,0,14-3-29 21:39:50,1
F9PUX7B7SI,116.925,39.4519,0,0,0,0,14-3-29 21:41:51,1
F9PUX7B7SI,116.925,39.4519,0,0,0,0,14-3-29 21:44:7,1
F9PUX7B7SI,116.925,39.4519,0,0,0,0,14-3-29 21:46:8,1
F9PUX7B7SI,116.925,39.4519,0,0,0,0,14-3-29 21:48:9,1
F9PUX7B7SI,116.925,39.4519,0,0,0,0,14-3-29 21:50:10,1
F9PUX7B7SI,116.925,39.4519,0,0,0,0,14-3-29 21:52:11,1
F9PUX7B7SI,116.925,39.4519,0,0,0,0,14-3-29 21:54:12,1
F9PUX7B7SI,116.925,39.4519,0,0,0,0,14-3-29 21:56:13,1
F9PUX7B7SI,116.925,39.4519,0,0,0,0,14-3-29 21:58:14,1
F9PUX7B7SI,116.925,39.4519,0,0,0,0,14-3-29 22:0:15,1
F9PUX7B7SI,116.925,39.4519,0,0,0,0,14-3-29 22:2:16,1
F9PUX7B7SI,116.925,39.4519,0,0,0,0,14-3-29 22:4:17,1
F9PUX7B7SI,116.925,39.4519,0,0,0,0,14-3-29 22:6:18,1
F9PUX7B7SI,116.925,39.4519,0,0,0,0,14-3-29 22:8:19,1
F9PUX7B7SI,116.947,39.4082,0,0,0,0,14-3-29 22:10:20,1
F9PUX7B7SI,116.947,39.4082,0,0,0,0,14-3-29 22:12:21,1
F9PUX7B7SI,116.947,39.4082,0,0,0,0,14-3-29 22:14:22,1
F9PUX7B7SI,116.957,39.3723,0,0,0,0,14-3-29 22:16:23,1
F9PUX7B7SI,116.955,39.3555,0,0,0,0,14-3-29 22:18:24,1
F9PUX7B7SI,116.951,39.3398,0,0,0,0,14-3-29 22:20:25,1
F9PUX7B7SI,116.951,39.3398,0,0,0,0,14-3-29 22:22:26,0
F9PUX7B7SI,116.943,39.2921,0,0,0,0,14-3-29 22:24:27,1
F9PUX7B7SI,116.943,39.2921,0,0,0,0,14-3-29 22:26:28,1
F9PUX7B7SI,116.904,39.2679,0,0,0,0,14-3-29 22:28:29,1
F9PUX7B7SI,116.904,39.2679,0,0,0,0,14-3-29 22:30:30,0
F9PUX7B7SI,116.922,39.2385,0,0,0,0,14-3-29 22:32:31,1
F9PUX7B7SI,116.917,39.2212,0,0,0,0,14-3-29 22:34:32,1
F9PUX7B7SI,116.911,39.19,0,0,0,0,14-3-29 22:36:33,1
F9PUX7B7SI,116.911,39.19,0,0,0,0,14-3-29 22:38:34,1
F9PUX7B7SI,116.916,39.1626,0,0,0,0,14-3-29 22:40:35,1
F9PUX7B7SI,116.871,38.6624,0,0,0,0,14-3-29 23:46:1,1
F9PUX7B7SI,116.862,38.6521,0,0,0,0,14-3-29 23:48:29,1
F9PUX7B7SI,116.834,38.6238,0,0,0,0,14-3-29 23:50:31,1
F9PUX7B7SI,116.834,38.6238,0,0,0,0,14-3-29 23:52:32,1
F9PUX7B7SI,116.81,38.6041,0,0,0,0,14-3-29 23:54:34,1
F9PUX7B7SI,116.799,38.5872,0,0,0,0,14-3-29 23:56:35,1
F9PUX7B7SI,116.795,38.5713,0,0,0,0,14-3-29 23:58:36,1
