FLX6P1B4GU,120.419,36.2299,232222,0,0,0,14-3-28 0:0:56,1
FLX6P1B4GU,120.419,36.2299,232222,0,0,0,14-3-28 0:2:56,1
FLX6P1B4GU,120.419,36.2299,232222,0,0,0,14-3-28 0:4:56,1
FLX6P1B4GU,120.419,36.2298,232222,0,0,0,14-3-28 0:6:56,1
FLX6P1B4GU,120.419,36.2299,232222,0,0,0,14-3-28 0:8:56,1
FLX6P1B4GU,120.419,36.2299,232222,0,0,0,14-3-28 0:10:56,1
FLX6P1B4GU,120.419,36.2299,232222,0,0,0,14-3-28 0:12:56,1
FLX6P1B4GU,120.419,36.2299,232222,0,0,0,14-3-28 0:14:56,1
FLX6P1B4GU,120.419,36.2299,232222,0,0,0,14-3-28 0:16:56,1
FLX6P1B4GU,120.419,36.2299,232222,0,0,0,14-3-28 0:18:56,1
FLX6P1B4GU,120.419,36.2299,232222,0,0,0,14-3-28 0:20:56,1
FLX6P1B4GU,120.419,36.2299,232222,0,0,0,14-3-28 0:22:56,1
FLX6P1B4GU,120.419,36.2299,232222,0,0,0,14-3-28 0:24:56,1
FLX6P1B4GU,120.419,36.2299,232222,0,0,0,14-3-28 0:26:56,1
FLX6P1B4GU,120.419,36.2299,232222,0,0,0,14-3-28 0:28:56,1
FLX6P1B4GU,120.419,36.2299,232222,0,0,0,14-3-28 0:30:56,1
FLX6P1B4GU,120.419,36.2299,232222,0,0,0,14-3-28 0:32:56,1
FLX6P1B4GU,120.419,36.2299,232222,0,0,0,14-3-28 0:34:56,1
FLX6P1B4GU,120.419,36.2299,232222,0,0,0,14-3-28 0:36:56,1
FLX6P1B4GU,120.419,36.2299,232222,0,0,0,14-3-28 0:38:56,1
FLX6P1B4GU,120.419,36.2299,232222,0,0,0,14-3-28 0:40:56,1
FLX6P1B4GU,120.419,36.2299,232222,0,0,0,14-3-28 0:42:56,1
FLX6P1B4GU,120.419,36.2299,232222,0,0,0,14-3-28 0:44:56,1
FLX6P1B4GU,120.419,36.2299,232222,0,0,0,14-3-28 0:46:56,1
FLX6P1B4GU,120.419,36.2299,232222,0,0,0,14-3-28 0:48:56,1
FLX6P1B4GU,120.419,36.2299,232222,0,0,0,14-3-28 0:50:56,1
FLX6P1B4GU,120.419,36.2299,232222,0,0,0,14-3-28 0:52:56,1
FLX6P1B4GU,120.419,36.2299,232222,0,0,0,14-3-28 0:54:56,1
FLX6P1B4GU,120.419,36.2299,232222,0,0,0,14-3-28 0:56:56,1
FLX6P1B4GU,120.419,36.2298,232222,0,0,0,14-3-28 0:58:56,1
FLX6P1B4GU,120.419,36.2298,232222,0,0,0,14-3-28 1:0:56,1
FLX6P1B4GU,120.419,36.2298,232222,0,0,0,14-3-28 1:2:56,1
FLX6P1B4GU,120.419,36.2298,232222,0,0,0,14-3-28 1:4:56,1
FLX6P1B4GU,120.419,36.2298,232222,0,0,0,14-3-28 1:6:56,1
FLX6P1B4GU,120.419,36.2299,232222,0,0,0,14-3-28 1:8:56,1
FLX6P1B4GU,120.419,36.2299,232222,0,0,0,14-3-28 1:10:56,1
FLX6P1B4GU,120.419,36.2298,232222,0,0,0,14-3-28 1:12:56,1
FLX6P1B4GU,120.419,36.2298,232222,0,0,0,14-3-28 1:14:56,1
FLX6P1B4GU,120.419,36.2298,232222,0,0,0,14-3-28 1:16:56,1
FLX6P1B4GU,120.419,36.2298,232222,0,0,0,14-3-28 1:18:56,1
FLX6P1B4GU,120.419,36.2298,232222,0,0,0,14-3-28 1:20:56,1
FLX6P1B4GU,120.419,36.2298,232222,0,0,0,14-3-28 1:22:56,1
FLX6P1B4GU,120.419,36.2298,232222,0,0,0,14-3-28 1:24:56,1
FLX6P1B4GU,120.419,36.2298,232222,0,0,0,14-3-28 1:26:56,1
FLX6P1B4GU,120.419,36.2298,232222,0,0,0,14-3-28 1:28:56,1
FLX6P1B4GU,120.419,36.2298,232222,0,0,0,14-3-28 1:30:56,1
FLX6P1B4GU,120.419,36.2298,232222,0,0,0,14-3-28 1:32:56,1
FLX6P1B4GU,120.419,36.2298,232222,0,0,0,14-3-28 1:34:56,1
FLX6P1B4GU,120.419,36.2299,232222,0,0,0,14-3-28 1:36:56,1
FLX6P1B4GU,120.419,36.2299,232222,0,0,0,14-3-28 1:38:56,1
FLX6P1B4GU,120.419,36.2298,232222,0,0,0,14-3-28 1:40:56,1
FLX6P1B4GU,120.419,36.2299,232222,0,0,0,14-3-28 1:42:56,1
FLX6P1B4GU,120.419,36.2299,232222,0,0,0,14-3-28 1:44:56,1
FLX6P1B4GU,120.419,36.2299,232222,0,0,0,14-3-28 1:46:56,1
FLX6P1B4GU,120.419,36.2299,232222,0,0,0,14-3-28 1:48:56,1
FLX6P1B4GU,120.419,36.2299,232222,0,0,0,14-3-28 1:50:56,1
FLX6P1B4GU,120.419,36.2299,232222,0,0,0,14-3-28 1:52:56,1
FLX6P1B4GU,120.419,36.2299,232222,0,0,0,14-3-28 1:54:56,1
FLX6P1B4GU,120.419,36.2298,232222,0,0,0,14-3-28 1:56:56,1
FLX6P1B4GU,120.419,36.2298,232222,0,0,0,14-3-28 1:58:56,1
FLX6P1B4GU,120.419,36.2298,232222,0,0,0,14-3-28 2:0:56,1
FLX6P1B4GU,120.419,36.2298,232222,0,0,0,14-3-28 2:2:56,1
FLX6P1B4GU,120.419,36.2298,232222,0,0,0,14-3-28 2:4:56,1
FLX6P1B4GU,120.419,36.2299,232222,0,0,0,14-3-28 2:6:56,1
FLX6P1B4GU,120.419,36.2299,232222,0,0,0,14-3-28 2:8:56,1
FLX6P1B4GU,120.419,36.2298,232222,0,0,0,14-3-28 2:10:56,1
FLX6P1B4GU,120.419,36.2298,232222,0,0,0,14-3-28 2:12:56,1
FLX6P1B4GU,120.419,36.2299,232222,0,0,0,14-3-28 2:14:56,1
FLX6P1B4GU,120.419,36.2298,232222,0,0,0,14-3-28 2:16:56,1
FLX6P1B4GU,120.419,36.2299,232222,0,0,0,14-3-28 2:18:56,1
FLX6P1B4GU,120.419,36.2298,232222,0,0,0,14-3-28 2:20:56,1
FLX6P1B4GU,120.419,36.2298,232222,0,0,0,14-3-28 2:22:56,1
FLX6P1B4GU,120.419,36.2298,232222,0,0,0,14-3-28 2:24:56,1
FLX6P1B4GU,120.419,36.2299,232222,0,0,0,14-3-28 2:26:56,1
FLX6P1B4GU,120.419,36.2298,232222,0,0,0,14-3-28 2:28:56,1
FLX6P1B4GU,120.419,36.2299,232222,0,0,0,14-3-28 2:30:56,1
FLX6P1B4GU,120.419,36.2299,232222,0,0,0,14-3-28 2:32:56,1
FLX6P1B4GU,120.419,36.2299,232222,0,0,0,14-3-28 2:34:56,1
FLX6P1B4GU,120.419,36.2299,232222,0,0,0,14-3-28 2:36:56,1
FLX6P1B4GU,120.419,36.2299,232222,0,0,0,14-3-28 2:38:56,1
FLX6P1B4GU,120.419,36.2299,232222,0,0,0,14-3-28 2:40:56,1
FLX6P1B4GU,120.419,36.2298,232222,0,0,0,14-3-28 3:6:45,1
FLX6P1B4GU,120.419,36.2298,232222,0,0,0,14-3-28 3:8:45,1
FLX6P1B4GU,120.419,36.2298,232222,0,0,0,14-3-28 3:10:45,1
FLX6P1B4GU,120.419,36.2298,232222,0,0,0,14-3-28 3:12:45,1
FLX6P1B4GU,120.419,36.2298,232222,0,0,0,14-3-28 3:14:45,1
FLX6P1B4GU,120.419,36.2298,232222,0,0,0,14-3-28 3:16:45,1
FLX6P1B4GU,120.419,36.2299,232222,0,0,0,14-3-28 3:18:45,1
FLX6P1B4GU,120.419,36.2299,232222,0,0,0,14-3-28 3:20:45,1
FLX6P1B4GU,120.419,36.2299,232222,0,0,0,14-3-28 3:22:45,1
FLX6P1B4GU,120.419,36.2299,232222,0,0,0,14-3-28 3:24:45,1
FLX6P1B4GU,120.419,36.2299,232222,0,0,0,14-3-28 3:26:45,1
FLX6P1B4GU,120.419,36.23,232222,0,0,0,14-3-28 3:46:47,1
FLX6P1B4GU,120.419,36.2299,232222,0,0,0,14-3-28 3:48:47,1
FLX6P1B4GU,120.419,36.2299,232222,0,0,0,14-3-28 3:50:47,1
FLX6P1B4GU,120.419,36.2298,232222,0,0,0,14-3-28 3:57:10,1
FLX6P1B4GU,120.419,36.2298,232222,0,0,0,14-3-28 3:59:10,1
FLX6P1B4GU,120.419,36.2298,232222,0,0,0,14-3-28 4:1:10,1
FLX6P1B4GU,120.419,36.2298,232222,0,0,0,14-3-28 4:3:10,1
FLX6P1B4GU,120.419,36.2299,232222,0,0,0,14-3-28 4:5:10,1
FLX6P1B4GU,120.419,36.2299,232222,0,0,0,14-3-28 4:7:10,1
FLX6P1B4GU,120.419,36.2299,232222,0,0,0,14-3-28 4:9:10,1
FLX6P1B4GU,120.419,36.2298,232222,0,0,0,14-3-28 4:11:10,1
FLX6P1B4GU,120.419,36.2299,232222,0,0,0,14-3-28 4:13:10,1
FLX6P1B4GU,120.419,36.2299,232222,0,0,0,14-3-28 4:15:10,1
FLX6P1B4GU,120.419,36.2299,232222,0,0,0,14-3-28 4:17:10,1
FLX6P1B4GU,120.419,36.2299,232222,0,0,0,14-3-28 4:19:10,1
FLX6P1B4GU,120.419,36.2299,232222,0,0,0,14-3-28 4:21:10,1
FLX6P1B4GU,120.419,36.2299,232222,0,0,0,14-3-28 4:23:10,1
FLX6P1B4GU,120.419,36.2299,232222,0,0,0,14-3-28 4:25:10,1
FLX6P1B4GU,120.419,36.2299,232222,0,0,0,14-3-28 4:27:10,1
FLX6P1B4GU,120.419,36.2299,232222,0,0,0,14-3-28 4:29:10,1
FLX6P1B4GU,120.419,36.2299,232222,0,0,0,14-3-28 4:31:10,1
FLX6P1B4GU,120.419,36.2299,232222,0,0,0,14-3-28 4:33:10,1
FLX6P1B4GU,120.419,36.2299,232222,0,0,0,14-3-28 4:35:10,1
FLX6P1B4GU,120.419,36.2299,232222,0,0,0,14-3-28 4:37:10,1
FLX6P1B4GU,120.419,36.2298,232222,0,0,0,14-3-28 4:39:10,1
FLX6P1B4GU,120.419,36.2298,232222,0,0,0,14-3-28 4:41:10,1
FLX6P1B4GU,120.419,36.2298,232222,0,0,0,14-3-28 4:43:10,1
FLX6P1B4GU,120.419,36.2298,232222,0,0,0,14-3-28 4:45:10,1
FLX6P1B4GU,120.419,36.2298,232222,0,0,0,14-3-28 4:47:10,1
FLX6P1B4GU,120.419,36.2298,232222,0,0,0,14-3-28 4:49:10,1
FLX6P1B4GU,120.419,36.2298,232222,0,0,0,14-3-28 4:51:10,1
FLX6P1B4GU,120.419,36.2298,232222,0,0,0,14-3-28 4:53:10,1
FLX6P1B4GU,120.419,36.2298,232222,0,0,0,14-3-28 4:55:10,1
FLX6P1B4GU,120.419,36.2298,232222,0,0,0,14-3-28 4:57:10,1
FLX6P1B4GU,120.419,36.2298,232222,0,0,0,14-3-28 4:59:10,1
FLX6P1B4GU,120.419,36.2298,232222,0,0,0,14-3-28 5:1:10,1
FLX6P1B4GU,120.419,36.2298,232222,0,0,0,14-3-28 5:3:10,1
FLX6P1B4GU,120.419,36.2298,232222,0,0,0,14-3-28 5:5:10,1
FLX6P1B4GU,120.419,36.2298,232222,0,0,0,14-3-28 5:7:10,1
FLX6P1B4GU,120.419,36.2299,232222,0,0,0,14-3-28 5:9:10,1
FLX6P1B4GU,120.419,36.2299,232222,0,0,0,14-3-28 5:11:10,1
FLX6P1B4GU,120.419,36.2298,232222,0,0,0,14-3-28 5:13:10,1
FLX6P1B4GU,120.419,36.2298,232222,0,0,0,14-3-28 5:15:10,1
FLX6P1B4GU,120.419,36.2298,232222,0,0,0,14-3-28 5:17:10,1
FLX6P1B4GU,120.419,36.2298,232222,0,0,0,14-3-28 5:19:10,1
FLX6P1B4GU,120.419,36.2298,232222,0,0,0,14-3-28 5:21:10,1
FLX6P1B4GU,120.419,36.2298,232222,0,0,0,14-3-28 5:23:10,1
FLX6P1B4GU,120.419,36.2298,232222,0,0,0,14-3-28 5:25:10,1
FLX6P1B4GU,120.419,36.2298,232222,0,0,0,14-3-28 5:27:10,1
FLX6P1B4GU,120.419,36.2298,232222,0,0,0,14-3-28 5:29:10,1
FLX6P1B4GU,120.419,36.2298,232222,0,0,0,14-3-28 5:31:10,1
FLX6P1B4GU,120.419,36.2298,232222,0,0,0,14-3-28 5:33:10,1
FLX6P1B4GU,120.419,36.2298,232222,0,0,0,14-3-28 5:35:10,1
FLX6P1B4GU,120.419,36.2298,232222,0,0,0,14-3-28 5:37:10,1
FLX6P1B4GU,120.419,36.2298,232222,0,0,0,14-3-28 5:39:10,1
FLX6P1B4GU,120.419,36.2298,232222,0,0,0,14-3-28 5:41:10,1
FLX6P1B4GU,120.419,36.2298,232222,0,0,0,14-3-28 5:43:10,1
FLX6P1B4GU,120.419,36.2298,232222,0,0,0,14-3-28 5:45:10,1
FLX6P1B4GU,120.419,36.2298,232222,0,0,0,14-3-28 5:47:10,1
FLX6P1B4GU,120.419,36.2298,232222,0,0,0,14-3-28 5:49:10,1
FLX6P1B4GU,120.419,36.2299,232222,0,0,0,14-3-28 5:51:10,1
FLX6P1B4GU,120.419,36.2299,232222,0,0,0,14-3-28 5:53:10,1
FLX6P1B4GU,120.419,36.2299,232222,0,0,0,14-3-28 5:55:10,1
FLX6P1B4GU,120.419,36.2299,232222,0,0,0,14-3-28 5:57:10,1
FLX6P1B4GU,120.419,36.2299,232222,0,0,0,14-3-28 5:59:10,1
FLX6P1B4GU,120.419,36.2299,232222,0,0,0,14-3-28 6:1:10,1
FLX6P1B4GU,120.419,36.2299,232222,0,0,0,14-3-28 6:3:10,1
FLX6P1B4GU,120.419,36.2299,232222,0,0,0,14-3-28 6:5:11,1
FLX6P1B4GU,120.419,36.2299,232222,0,0,0,14-3-28 6:7:11,1
FLX6P1B4GU,120.419,36.23,232222,0,0,0,14-3-28 6:9:11,1
FLX6P1B4GU,120.419,36.23,232222,0,0,0,14-3-28 6:11:11,1
FLX6P1B4GU,120.419,36.23,232222,0,0,0,14-3-28 6:13:11,1
FLX6P1B4GU,120.419,36.2299,232222,0,0,0,14-3-28 6:15:11,1
FLX6P1B4GU,120.419,36.2299,232222,0,0,0,14-3-28 6:17:11,1
FLX6P1B4GU,120.419,36.2299,232222,0,0,0,14-3-28 6:19:11,1
FLX6P1B4GU,120.419,36.2299,232222,0,0,0,14-3-28 6:21:11,1
FLX6P1B4GU,120.419,36.23,232222,0,0,0,14-3-28 6:23:11,1
FLX6P1B4GU,120.419,36.2299,232222,0,0,0,14-3-28 6:25:11,1
FLX6P1B4GU,120.419,36.2299,232222,0,0,0,14-3-28 6:27:11,1
FLX6P1B4GU,120.419,36.2299,232222,0,0,0,14-3-28 6:29:11,1
FLX6P1B4GU,120.419,36.2299,232222,0,0,0,14-3-28 6:31:11,1
FLX6P1B4GU,120.419,36.2298,232222,0,0,0,14-3-28 6:33:11,1
FLX6P1B4GU,120.419,36.2299,232222,0,0,0,14-3-28 6:35:11,1
FLX6P1B4GU,120.419,36.2299,232222,0,0,0,14-3-28 6:37:11,1
FLX6P1B4GU,120.419,36.2299,232222,0,0,0,14-3-28 6:39:11,1
FLX6P1B4GU,120.419,36.2299,232222,0,0,0,14-3-28 6:41:11,1
FLX6P1B4GU,120.419,36.2299,232222,0,0,0,14-3-28 6:43:11,1
FLX6P1B4GU,120.419,36.2299,232222,0,0,0,14-3-28 6:45:11,1
FLX6P1B4GU,120.419,36.2299,232222,0,0,0,14-3-28 6:47:11,1
FLX6P1B4GU,120.419,36.2299,232222,0,0,0,14-3-28 6:49:11,1
FLX6P1B4GU,120.419,36.2299,232222,0,0,0,14-3-28 6:51:11,1
FLX6P1B4GU,120.419,36.2299,232222,0,0,0,14-3-28 6:53:11,1
FLX6P1B4GU,120.419,36.2299,232222,0,0,0,14-3-28 6:55:11,1
FLX6P1B4GU,120.419,36.2299,232222,0,0,0,14-3-28 6:57:11,1
FLX6P1B4GU,120.419,36.2298,232222,0,0,0,14-3-28 6:59:11,1
FLX6P1B4GU,120.419,36.2299,232222,0,0,0,14-3-28 7:1:11,1
FLX6P1B4GU,120.419,36.2299,232222,0,0,0,14-3-28 7:3:11,1
FLX6P1B4GU,120.419,36.2298,232222,0,0,0,14-3-28 7:5:11,1
FLX6P1B4GU,120.419,36.2299,232222,0,0,0,14-3-28 7:7:11,1
FLX6P1B4GU,120.419,36.2299,232222,0,0,0,14-3-28 7:9:11,1
FLX6P1B4GU,120.419,36.2298,232222,0,0,0,14-3-28 7:11:11,1
FLX6P1B4GU,120.419,36.2298,232222,0,0,0,14-3-28 7:13:11,1
FLX6P1B4GU,120.419,36.2299,232222,0,0,0,14-3-28 7:15:11,1
FLX6P1B4GU,120.419,36.2299,232222,0,0,0,14-3-28 7:17:11,1
FLX6P1B4GU,120.419,36.2299,232222,0,0,0,14-3-28 7:19:11,1
FLX6P1B4GU,120.419,36.2299,232222,0,0,0,14-3-28 7:21:11,1
FLX6P1B4GU,120.419,36.2299,232222,0,0,0,14-3-28 7:23:11,1
FLX6P1B4GU,120.419,36.2299,232222,0,0,0,14-3-28 7:25:11,1
FLX6P1B4GU,120.419,36.2298,232222,0,0,0,14-3-28 7:27:11,1
FLX6P1B4GU,120.419,36.2298,232222,0,0,0,14-3-28 7:29:11,1
FLX6P1B4GU,120.419,36.2299,232222,0,0,0,14-3-28 7:31:11,1
FLX6P1B4GU,120.419,36.2298,232222,0,0,0,14-3-28 7:33:11,1
FLX6P1B4GU,120.419,36.2298,232222,0,0,0,14-3-28 7:35:11,1
FLX6P1B4GU,120.419,36.2298,232222,0,0,0,14-3-28 7:37:11,1
FLX6P1B4GU,120.419,36.2298,232222,0,0,0,14-3-28 7:39:11,1
FLX6P1B4GU,120.419,36.2298,232222,0,0,0,14-3-28 7:41:11,1
FLX6P1B4GU,120.419,36.2299,232222,0,0,0,14-3-28 7:43:11,1
FLX6P1B4GU,120.419,36.2298,232222,0,0,0,14-3-28 7:45:11,1
FLX6P1B4GU,120.419,36.2298,232222,0,0,0,14-3-28 7:47:11,1
FLX6P1B4GU,120.419,36.2298,232222,0,0,0,14-3-28 7:49:11,1
FLX6P1B4GU,120.419,36.2298,232222,0,0,0,14-3-28 7:51:11,1
FLX6P1B4GU,120.419,36.2299,232222,0,0,0,14-3-28 7:53:11,1
FLX6P1B4GU,120.419,36.2299,232222,0,0,0,14-3-28 7:55:11,1
FLX6P1B4GU,120.419,36.2299,232222,0,0,0,14-3-28 7:57:11,1
FLX6P1B4GU,120.419,36.2298,232222,0,0,0,14-3-28 7:59:11,1
FLX6P1B4GU,120.419,36.2298,232222,0,0,0,14-3-28 8:1:11,1
FLX6P1B4GU,120.419,36.2299,232222,0,0,0,14-3-28 8:3:11,1
FLX6P1B4GU,120.419,36.2299,232222,0,0,0,14-3-28 8:5:11,1
FLX6P1B4GU,120.419,36.2299,232222,0,0,0,14-3-28 8:7:11,1
FLX6P1B4GU,120.419,36.2299,232222,0,0,0,14-3-28 8:9:11,1
FLX6P1B4GU,120.419,36.2298,232222,0,0,0,14-3-28 8:11:11,1
FLX6P1B4GU,120.419,36.2298,232222,0,0,0,14-3-28 8:13:11,1
FLX6P1B4GU,120.419,36.2299,232222,0,0,0,14-3-28 8:15:11,1
FLX6P1B4GU,120.419,36.2298,232222,0,0,0,14-3-28 8:17:11,1
FLX6P1B4GU,120.419,36.2299,232222,0,0,0,14-3-28 8:19:11,1
FLX6P1B4GU,120.419,36.2299,232222,0,0,0,14-3-28 8:21:11,1
FLX6P1B4GU,120.419,36.2298,232222,0,0,0,14-3-28 8:23:11,1
FLX6P1B4GU,120.419,36.2298,232222,0,0,0,14-3-28 8:25:11,1
FLX6P1B4GU,120.419,36.2298,232222,0,0,0,14-3-28 8:27:11,1
FLX6P1B4GU,120.419,36.2298,232222,0,0,0,14-3-28 8:29:11,1
FLX6P1B4GU,120.419,36.2298,232222,0,0,0,14-3-28 8:31:11,1
FLX6P1B4GU,120.419,36.2299,232222,0,0,0,14-3-28 8:33:11,1
FLX6P1B4GU,120.419,36.2298,232222,0,0,0,14-3-28 8:35:11,1
FLX6P1B4GU,120.419,36.2298,232222,0,0,0,14-3-28 8:37:11,1
FLX6P1B4GU,120.419,36.2298,232222,0,0,0,14-3-28 8:39:11,1
FLX6P1B4GU,120.419,36.2298,232222,0,0,0,14-3-28 8:41:11,1
FLX6P1B4GU,120.419,36.2298,232222,0,0,0,14-3-28 8:43:11,1
FLX6P1B4GU,120.419,36.2298,232222,0,0,0,14-3-28 8:45:11,1
FLX6P1B4GU,120.419,36.2298,232222,0,0,0,14-3-28 8:47:11,1
FLX6P1B4GU,120.42,36.2314,232225,0,0,0,14-3-28 9:36:57,1
FLX6P1B4GU,120.42,36.2314,232225,0,0,0,14-3-28 9:38:57,1
FLX6P1B4GU,120.42,36.2314,232225,0,0,0,14-3-28 9:40:57,1
FLX6P1B4GU,120.42,36.2313,232225,0,0,0,14-3-28 9:42:57,1
FLX6P1B4GU,120.42,36.2314,232225,0,0,0,14-3-28 9:44:57,1
FLX6P1B4GU,120.42,36.2314,232225,0,0,0,14-3-28 9:46:57,1
FLX6P1B4GU,120.42,36.2314,232225,0,0,0,14-3-28 9:48:57,1
FLX6P1B4GU,120.42,36.2313,232225,0,0,0,14-3-28 9:50:57,1
FLX6P1B4GU,120.42,36.2313,232225,0,0,0,14-3-28 9:52:57,1
FLX6P1B4GU,120.42,36.2314,232225,0,0,0,14-3-28 9:54:57,1
FLX6P1B4GU,120.42,36.2314,232225,0,0,0,14-3-28 10:38:38,1
FLX6P1B4GU,120.42,36.2314,232225,0,0,0,14-3-28 10:44:47,1
FLX6P1B4GU,120.42,36.2314,232225,0,0,0,14-3-28 10:46:47,1
FLX6P1B4GU,120.42,36.2314,232225,0,0,0,14-3-28 10:48:47,1
FLX6P1B4GU,120.42,36.2314,232225,0,0,0,14-3-28 10:50:47,1
FLX6P1B4GU,120.42,36.2314,232225,0,0,0,14-3-28 10:52:47,1
FLX6P1B4GU,120.42,36.2314,232225,0,0,0,14-3-28 10:54:52,1
FLX6P1B4GU,120.42,36.2313,232225,0,0,0,14-3-28 10:56:52,1
FLX6P1B4GU,120.42,36.2313,232225,0,0,0,14-3-28 10:57:21,1
FLX6P1B4GU,120.42,36.2313,232225,0,0,0,14-3-28 10:59:21,1
FLX6P1B4GU,120.42,36.2313,232225,0,0,0,14-3-28 11:1:21,1
FLX6P1B4GU,120.42,36.2313,232225,0,0,0,14-3-28 11:3:21,1
FLX6P1B4GU,120.42,36.2313,232225,0,0,0,14-3-28 11:5:21,1
FLX6P1B4GU,120.42,36.2314,232225,0,0,0,14-3-28 11:7:21,1
FLX6P1B4GU,120.42,36.2314,232225,0,0,0,14-3-28 11:9:21,1
FLX6P1B4GU,120.42,36.2314,232225,0,0,0,14-3-28 11:11:21,1
FLX6P1B4GU,120.42,36.2314,232225,0,0,0,14-3-28 11:13:21,1
FLX6P1B4GU,120.42,36.2314,232225,0,0,0,14-3-28 11:15:21,1
FLX6P1B4GU,120.42,36.2314,232225,0,0,0,14-3-28 11:17:21,1
FLX6P1B4GU,120.42,36.2313,232225,0,0,0,14-3-28 11:19:21,1
FLX6P1B4GU,120.42,36.2314,232225,0,0,0,14-3-28 11:21:21,1
FLX6P1B4GU,120.42,36.2314,232225,0,0,0,14-3-28 11:23:21,1
FLX6P1B4GU,120.42,36.2313,232225,0,0,0,14-3-28 11:25:21,1
FLX6P1B4GU,120.42,36.2313,232225,0,0,0,14-3-28 11:26:34,1
FLX6P1B4GU,120.42,36.2313,232225,0,0,0,14-3-28 11:28:34,1
FLX6P1B4GU,120.42,36.2313,232225,0,0,0,14-3-28 11:30:34,1
FLX6P1B4GU,120.42,36.2314,232225,0,0,0,14-3-28 11:32:34,1
FLX6P1B4GU,120.42,36.2314,232225,0,0,0,14-3-28 11:34:34,1
FLX6P1B4GU,120.42,36.2313,232225,0,0,0,14-3-28 11:36:34,1
FLX6P1B4GU,120.42,36.2313,232225,0,0,0,14-3-28 11:38:34,1
FLX6P1B4GU,120.42,36.2314,232225,0,0,0,14-3-28 11:45:18,1
FLX6P1B4GU,120.42,36.2313,232225,0,0,0,14-3-28 11:47:18,1
FLX6P1B4GU,120.42,36.2313,232225,0,0,0,14-3-28 11:49:18,1
FLX6P1B4GU,120.42,36.2313,232225,0,0,0,14-3-28 11:51:18,1
FLX6P1B4GU,120.42,36.2312,232225,0,0,0,14-3-28 11:53:18,1
FLX6P1B4GU,120.42,36.2313,232225,0,0,0,14-3-28 11:55:18,1
FLX6P1B4GU,120.42,36.2313,232225,0,0,0,14-3-28 11:57:18,1
FLX6P1B4GU,120.42,36.2313,232225,0,0,0,14-3-28 11:59:18,1
FLX6P1B4GU,120.42,36.2313,232225,0,0,0,14-3-28 12:0:50,1
FLX6P1B4GU,120.42,36.2313,232225,0,0,0,14-3-28 12:2:50,1
FLX6P1B4GU,120.42,36.2313,232225,0,0,0,14-3-28 12:4:50,1
FLX6P1B4GU,120.42,36.2312,232225,0,0,0,14-3-28 12:6:50,1
FLX6P1B4GU,120.42,36.2311,232225,0,0,0,14-3-28 12:8:50,1
FLX6P1B4GU,120.42,36.2312,232225,0,0,0,14-3-28 12:10:50,1
FLX6P1B4GU,120.42,36.2313,232225,0,0,0,14-3-28 12:12:50,1
FLX6P1B4GU,120.42,36.2313,232225,0,0,0,14-3-28 12:14:50,1
FLX6P1B4GU,120.42,36.2313,232225,0,0,0,14-3-28 12:16:50,1
FLX6P1B4GU,120.42,36.2313,232225,0,0,0,14-3-28 12:18:50,1
FLX6P1B4GU,120.42,36.2313,232225,0,0,0,14-3-28 12:20:50,1
FLX6P1B4GU,120.42,36.2313,232225,0,0,0,14-3-28 12:22:29,1
FLX6P1B4GU,120.42,36.2313,232225,0,0,0,14-3-28 12:24:29,1
FLX6P1B4GU,120.42,36.2313,232225,0,0,0,14-3-28 12:26:29,1
FLX6P1B4GU,120.42,36.2313,232225,0,0,0,14-3-28 12:28:29,1
FLX6P1B4GU,120.42,36.2313,232225,0,0,0,14-3-28 12:30:29,1
FLX6P1B4GU,120.42,36.2313,232225,0,0,0,14-3-28 12:30:48,1
FLX6P1B4GU,120.42,36.2313,232225,0,0,0,14-3-28 12:32:48,1
FLX6P1B4GU,120.42,36.2313,232225,0,0,0,14-3-28 12:34:48,1
FLX6P1B4GU,120.42,36.2313,232225,0,0,0,14-3-28 12:36:48,1
FLX6P1B4GU,120.42,36.2312,232225,0,0,0,14-3-28 12:38:48,1
FLX6P1B4GU,120.42,36.2313,232225,0,0,0,14-3-28 12:40:48,1
FLX6P1B4GU,120.42,36.2313,232225,0,0,0,14-3-28 12:42:48,1
FLX6P1B4GU,120.42,36.2314,232225,0,0,0,14-3-28 12:44:48,1
FLX6P1B4GU,120.42,36.2313,232225,0,0,0,14-3-28 12:46:48,1
FLX6P1B4GU,120.42,36.2313,232225,0,0,0,14-3-28 12:48:48,1
FLX6P1B4GU,120.42,36.2313,232225,0,0,0,14-3-28 12:50:48,1
FLX6P1B4GU,120.42,36.2313,232225,0,0,0,14-3-28 12:52:48,1
FLX6P1B4GU,120.42,36.2313,232225,0,0,0,14-3-28 12:54:48,1
FLX6P1B4GU,120.42,36.2313,232225,0,0,0,14-3-28 12:56:48,1
FLX6P1B4GU,120.42,36.2313,232225,0,0,0,14-3-28 12:58:48,1
FLX6P1B4GU,120.42,36.2313,232225,0,0,0,14-3-28 13:0:48,1
FLX6P1B4GU,120.42,36.2313,232225,0,0,0,14-3-28 13:2:48,1
FLX6P1B4GU,120.42,36.2313,232225,0,0,0,14-3-28 13:4:48,1
FLX6P1B4GU,120.42,36.2314,232225,0,0,0,14-3-28 13:6:48,1
FLX6P1B4GU,120.42,36.2314,232225,0,0,0,14-3-28 13:8:48,1
FLX6P1B4GU,120.42,36.2314,232225,0,0,0,14-3-28 13:10:48,1
FLX6P1B4GU,120.42,36.2313,232225,0,0,0,14-3-28 13:12:34,1
FLX6P1B4GU,120.42,36.2313,232225,0,0,0,14-3-28 13:13:49,1
FLX6P1B4GU,120.42,36.2313,232225,0,0,0,14-3-28 13:15:49,1
FLX6P1B4GU,120.42,36.2314,232225,0,0,0,14-3-28 13:17:49,1
FLX6P1B4GU,120.42,36.2314,232225,0,0,0,14-3-28 13:19:49,1
FLX6P1B4GU,120.42,36.2314,232225,0,0,0,14-3-28 13:21:49,1
FLX6P1B4GU,120.42,36.2314,232225,0,0,0,14-3-28 13:23:49,1
FLX6P1B4GU,120.42,36.2314,232225,0,0,0,14-3-28 13:25:49,1
FLX6P1B4GU,120.42,36.2314,232225,0,0,0,14-3-28 13:27:49,1
FLX6P1B4GU,120.42,36.2313,232225,0,0,0,14-3-28 13:29:49,1
FLX6P1B4GU,120.42,36.2314,232225,0,0,0,14-3-28 13:31:49,1
FLX6P1B4GU,120.42,36.2313,232225,0,0,0,14-3-28 13:33:49,1
FLX6P1B4GU,120.42,36.2313,232225,0,0,0,14-3-28 13:35:49,1
FLX6P1B4GU,120.42,36.2313,232225,0,0,0,14-3-28 13:37:49,1
FLX6P1B4GU,120.42,36.2313,232225,0,0,0,14-3-28 13:39:49,1
FLX6P1B4GU,120.42,36.2314,232225,0,0,0,14-3-28 13:41:49,1
FLX6P1B4GU,120.42,36.2313,232225,0,0,0,14-3-28 13:43:49,1
FLX6P1B4GU,120.42,36.2313,232225,0,0,0,14-3-28 13:45:49,1
FLX6P1B4GU,120.42,36.2314,232225,0,0,0,14-3-28 13:47:49,1
FLX6P1B4GU,120.42,36.2313,232225,0,0,0,14-3-28 13:49:49,1
FLX6P1B4GU,120.42,36.2313,232225,0,0,0,14-3-28 13:51:49,1
FLX6P1B4GU,120.42,36.2313,232225,0,0,0,14-3-28 13:53:49,1
FLX6P1B4GU,120.42,36.2313,232225,0,0,0,14-3-28 13:55:49,1
FLX6P1B4GU,120.42,36.2313,232225,0,0,0,14-3-28 13:57:49,1
FLX6P1B4GU,120.42,36.2313,232225,0,0,0,14-3-28 13:59:49,1
FLX6P1B4GU,120.42,36.2313,232225,0,0,0,14-3-28 14:1:49,1
FLX6P1B4GU,120.42,36.2313,232225,0,0,0,14-3-28 14:3:49,1
FLX6P1B4GU,120.42,36.2313,232225,0,0,0,14-3-28 14:5:49,1
FLX6P1B4GU,120.42,36.2313,232225,0,0,0,14-3-28 14:7:49,1
FLX6P1B4GU,120.42,36.2313,232225,0,0,0,14-3-28 14:9:49,1
FLX6P1B4GU,120.42,36.2313,232225,0,0,0,14-3-28 14:11:49,1
FLX6P1B4GU,120.42,36.2313,232225,0,0,0,14-3-28 14:13:49,1
FLX6P1B4GU,120.42,36.2312,232225,0,0,0,14-3-28 14:15:49,1
FLX6P1B4GU,120.42,36.2313,232225,0,0,0,14-3-28 14:17:49,1
FLX6P1B4GU,120.42,36.2313,232225,0,0,0,14-3-28 14:19:49,1
FLX6P1B4GU,120.42,36.2313,232225,0,0,0,14-3-28 14:21:49,1
FLX6P1B4GU,120.42,36.2312,232225,0,0,0,14-3-28 14:22:55,1
FLX6P1B4GU,120.42,36.2313,232225,0,0,0,14-3-28 14:24:55,1
FLX6P1B4GU,120.42,36.2313,232225,0,0,0,14-3-28 14:26:55,1
FLX6P1B4GU,120.42,36.2313,232225,0,0,0,14-3-28 14:28:55,1
FLX6P1B4GU,120.42,36.2313,232225,0,0,0,14-3-28 14:30:55,1
FLX6P1B4GU,120.42,36.2313,232225,0,0,0,14-3-28 14:32:55,1
FLX6P1B4GU,120.42,36.2313,232225,0,0,0,14-3-28 14:34:55,1
FLX6P1B4GU,120.42,36.2313,232225,0,0,0,14-3-28 14:36:55,1
FLX6P1B4GU,120.42,36.2313,232225,0,0,0,14-3-28 14:38:55,1
FLX6P1B4GU,120.42,36.2313,232225,0,0,0,14-3-28 14:40:55,1
FLX6P1B4GU,120.42,36.2313,232225,0,0,0,14-3-28 14:42:59,1
FLX6P1B4GU,120.419,36.2306,232227,0,0,0,14-3-28 14:44:59,1
FLX6P1B4GU,120.419,36.2305,232227,3,91,0,14-3-28 14:45:23,1
FLX6P1B4GU,120.419,36.2301,232227,0,0,0,14-3-28 14:45:59,1
FLX6P1B4GU,120.42,36.2302,232227,0,0,0,14-3-28 14:46:38,1
FLX6P1B4GU,120.42,36.2302,232227,0,0,0,14-3-28 14:48:38,1
FLX6P1B4GU,120.42,36.2303,232227,0,0,0,14-3-28 14:50:38,1
FLX6P1B4GU,120.42,36.2302,232227,0,0,0,14-3-28 14:52:38,1
FLX6P1B4GU,120.42,36.2302,232227,0,0,0,14-3-28 14:56:38,1
FLX6P1B4GU,120.42,36.2302,232227,0,0,0,14-3-28 14:58:38,1
FLX6P1B4GU,120.42,36.2302,232227,0,0,0,14-3-28 15:0:38,1
FLX6P1B4GU,120.42,36.2302,232227,0,0,0,14-3-28 15:2:38,1
FLX6P1B4GU,120.42,36.2302,232227,0,0,0,14-3-28 15:4:38,1
FLX6P1B4GU,120.42,36.2302,232227,0,0,0,14-3-28 15:6:38,1
FLX6P1B4GU,120.42,36.2302,232227,0,0,0,14-3-28 15:8:38,1
FLX6P1B4GU,120.42,36.2302,232227,0,0,0,14-3-28 15:10:38,1
FLX6P1B4GU,120.42,36.2302,232227,0,0,0,14-3-28 15:12:38,1
FLX6P1B4GU,120.42,36.2302,232227,0,0,0,14-3-28 15:14:38,1
FLX6P1B4GU,120.42,36.2302,232227,0,0,0,14-3-28 15:16:38,1
FLX6P1B4GU,120.42,36.2302,232227,0,0,0,14-3-28 15:18:38,1
FLX6P1B4GU,120.42,36.2302,232227,0,0,0,14-3-28 15:20:38,1
FLX6P1B4GU,120.42,36.2302,232227,0,0,0,14-3-28 15:24:38,1
FLX6P1B4GU,120.42,36.2302,232227,0,0,0,14-3-28 15:26:38,1
FLX6P1B4GU,120.42,36.2302,232227,0,0,0,14-3-28 15:28:38,1
FLX6P1B4GU,120.42,36.2302,232227,0,0,0,14-3-28 15:30:38,1
FLX6P1B4GU,120.42,36.2302,232227,0,0,0,14-3-28 15:32:38,1
FLX6P1B4GU,120.42,36.2302,232227,0,0,0,14-3-28 15:36:38,1
FLX6P1B4GU,120.42,36.2302,232227,0,0,0,14-3-28 15:38:38,1
FLX6P1B4GU,120.42,36.2302,232227,0,0,0,14-3-28 15:40:38,1
FLX6P1B4GU,120.42,36.2302,232227,0,0,0,14-3-28 15:42:38,1
FLX6P1B4GU,120.42,36.2302,232227,0,0,0,14-3-28 15:44:38,1
FLX6P1B4GU,120.42,36.2302,232227,0,0,0,14-3-28 15:46:38,1
FLX6P1B4GU,120.42,36.2302,232227,0,0,0,14-3-28 15:48:38,1
FLX6P1B4GU,120.42,36.2302,232227,0,0,0,14-3-28 15:50:38,1
FLX6P1B4GU,120.42,36.2302,232227,0,0,0,14-3-28 15:52:38,1
FLX6P1B4GU,120.42,36.2302,232227,0,0,0,14-3-28 15:54:38,1
FLX6P1B4GU,120.42,36.2302,232227,0,0,0,14-3-28 15:56:38,1
FLX6P1B4GU,120.42,36.2302,232227,0,0,0,14-3-28 15:58:38,1
FLX6P1B4GU,120.42,36.2302,232227,0,0,0,14-3-28 16:0:38,1
FLX6P1B4GU,120.42,36.2302,232227,0,0,0,14-3-28 16:2:38,1
FLX6P1B4GU,120.42,36.2302,232227,0,0,0,14-3-28 16:4:38,1
FLX6P1B4GU,120.42,36.2302,232227,0,0,0,14-3-28 16:6:38,1
FLX6P1B4GU,120.42,36.2302,232227,0,0,0,14-3-28 16:8:38,1
FLX6P1B4GU,120.42,36.2302,232227,0,0,0,14-3-28 16:10:38,1
FLX6P1B4GU,120.42,36.2302,232227,0,0,0,14-3-28 16:12:38,1
FLX6P1B4GU,120.42,36.2302,232227,0,0,0,14-3-28 16:14:38,1
FLX6P1B4GU,120.42,36.2302,232227,0,0,0,14-3-28 16:16:38,1
FLX6P1B4GU,120.42,36.2302,232227,0,0,0,14-3-28 16:18:38,1
FLX6P1B4GU,120.42,36.2302,232227,0,0,0,14-3-28 16:20:38,1
FLX6P1B4GU,120.42,36.2302,232227,0,0,0,14-3-28 16:22:38,1
FLX6P1B4GU,120.42,36.2302,232227,0,0,0,14-3-28 16:24:38,1
FLX6P1B4GU,120.42,36.2302,232227,0,0,0,14-3-28 16:26:38,1
FLX6P1B4GU,120.42,36.2302,232227,0,0,0,14-3-28 16:28:38,1
FLX6P1B4GU,120.42,36.2302,232227,0,0,0,14-3-28 16:30:38,1
FLX6P1B4GU,120.42,36.2302,232227,0,0,0,14-3-28 16:34:38,1
FLX6P1B4GU,120.42,36.2302,232227,0,0,0,14-3-28 16:36:38,1
FLX6P1B4GU,120.42,36.2302,232227,0,0,0,14-3-28 16:38:38,1
FLX6P1B4GU,120.42,36.2302,232227,0,0,0,14-3-28 16:40:38,1
FLX6P1B4GU,120.42,36.2302,232227,0,0,0,14-3-28 16:42:38,1
FLX6P1B4GU,120.42,36.2302,232227,0,0,0,14-3-28 16:44:38,1
FLX6P1B4GU,120.42,36.2302,232227,0,0,0,14-3-28 16:46:38,1
FLX6P1B4GU,120.42,36.2302,232227,0,0,0,14-3-28 16:48:38,1
FLX6P1B4GU,120.42,36.2302,232227,0,0,0,14-3-28 16:50:38,1
FLX6P1B4GU,120.42,36.2302,232227,0,0,0,14-3-28 16:52:38,1
FLX6P1B4GU,120.42,36.2302,232227,0,0,0,14-3-28 16:54:38,1
FLX6P1B4GU,120.42,36.2302,232227,0,0,0,14-3-28 16:56:38,1
FLX6P1B4GU,120.42,36.2302,232227,0,0,0,14-3-28 16:58:39,1
FLX6P1B4GU,120.42,36.2302,232227,0,0,0,14-3-28 17:0:39,1
FLX6P1B4GU,120.42,36.2302,232227,0,0,0,14-3-28 17:2:39,1
FLX6P1B4GU,120.42,36.2302,232227,0,0,0,14-3-28 17:4:39,1
FLX6P1B4GU,120.42,36.2302,232227,0,0,0,14-3-28 17:6:39,1
FLX6P1B4GU,120.42,36.2302,232227,0,0,0,14-3-28 17:8:39,1
FLX6P1B4GU,120.42,36.2303,232227,0,0,0,14-3-28 17:10:39,1
FLX6P1B4GU,120.42,36.2302,232227,0,0,0,14-3-28 17:12:39,1
FLX6P1B4GU,120.42,36.2302,232227,0,0,0,14-3-28 17:14:39,1
FLX6P1B4GU,120.42,36.2302,232227,0,0,0,14-3-28 17:16:39,1
FLX6P1B4GU,120.42,36.2302,232227,0,0,0,14-3-28 17:18:39,1
FLX6P1B4GU,120.42,36.2302,232227,0,0,0,14-3-28 17:20:39,1
FLX6P1B4GU,120.42,36.2302,232227,0,0,0,14-3-28 17:22:39,1
FLX6P1B4GU,120.42,36.2302,232227,0,0,0,14-3-28 17:28:39,1
FLX6P1B4GU,120.42,36.2302,232227,0,0,0,14-3-28 17:30:39,1
FLX6P1B4GU,120.42,36.2303,232227,0,0,0,14-3-28 17:34:39,1
FLX6P1B4GU,120.42,36.2302,232227,0,0,0,14-3-28 17:36:39,1
FLX6P1B4GU,120.42,36.2302,232227,0,0,0,14-3-28 17:38:39,1
FLX6P1B4GU,120.42,36.2302,232227,0,0,0,14-3-28 17:40:39,1
FLX6P1B4GU,120.42,36.2302,232227,0,0,0,14-3-28 17:42:39,1
FLX6P1B4GU,120.42,36.2301,232227,0,0,0,14-3-28 17:44:39,1
FLX6P1B4GU,120.42,36.2302,232227,0,0,0,14-3-28 17:50:39,1
FLX6P1B4GU,120.42,36.2302,232227,0,0,0,14-3-28 18:4:39,1
FLX6P1B4GU,120.42,36.2302,232227,0,0,0,14-3-28 18:6:39,1
FLX6P1B4GU,120.42,36.2302,232227,0,0,0,14-3-28 18:8:39,1
FLX6P1B4GU,120.42,36.2302,232227,0,0,0,14-3-28 18:10:39,1
FLX6P1B4GU,120.42,36.2302,232227,0,0,0,14-3-28 18:12:39,1
FLX6P1B4GU,120.42,36.2302,232227,0,0,0,14-3-28 18:14:39,1
FLX6P1B4GU,120.42,36.2302,232227,0,0,0,14-3-28 18:16:39,1
FLX6P1B4GU,120.42,36.2302,232227,0,0,0,14-3-28 18:18:39,1
FLX6P1B4GU,120.42,36.2302,232227,0,0,0,14-3-28 18:20:39,1
FLX6P1B4GU,120.42,36.2302,232227,0,0,0,14-3-28 18:24:39,1
FLX6P1B4GU,120.42,36.2302,232227,0,0,0,14-3-28 18:26:39,1
FLX6P1B4GU,120.42,36.2302,232227,0,0,0,14-3-28 18:28:39,1
FLX6P1B4GU,120.42,36.2302,232227,0,0,0,14-3-28 18:30:39,1
FLX6P1B4GU,120.42,36.2302,232227,0,0,0,14-3-28 18:32:39,1
FLX6P1B4GU,120.42,36.2302,232227,0,0,0,14-3-28 18:34:39,1
FLX6P1B4GU,120.42,36.2302,232227,0,0,0,14-3-28 18:36:39,1
FLX6P1B4GU,120.42,36.2302,232227,0,0,0,14-3-28 18:38:39,1
FLX6P1B4GU,120.42,36.2302,232227,0,0,0,14-3-28 18:40:39,1
FLX6P1B4GU,120.42,36.2302,232227,0,0,0,14-3-28 18:42:39,1
FLX6P1B4GU,120.42,36.2302,232227,0,0,0,14-3-28 18:44:39,1
FLX6P1B4GU,120.42,36.2302,232227,0,0,0,14-3-28 18:46:39,1
FLX6P1B4GU,120.42,36.2302,232227,0,0,0,14-3-28 18:48:39,1
FLX6P1B4GU,120.42,36.2302,232227,0,0,0,14-3-28 18:50:39,1
FLX6P1B4GU,120.42,36.2302,232227,0,0,0,14-3-28 18:52:39,1
FLX6P1B4GU,120.42,36.2302,232227,0,0,0,14-3-28 18:54:39,1
FLX6P1B4GU,120.42,36.2302,232227,0,0,0,14-3-28 18:56:39,1
FLX6P1B4GU,120.42,36.2302,232227,0,0,0,14-3-28 18:58:39,1
FLX6P1B4GU,120.42,36.2302,232227,0,0,0,14-3-28 19:0:39,1
FLX6P1B4GU,120.42,36.2302,232227,0,0,0,14-3-28 19:2:39,1
FLX6P1B4GU,120.42,36.2302,232227,0,0,0,14-3-28 19:4:39,1
FLX6P1B4GU,120.42,36.2302,232227,0,0,0,14-3-28 19:6:39,1
FLX6P1B4GU,120.42,36.2302,232227,0,0,0,14-3-28 19:8:39,1
FLX6P1B4GU,120.42,36.2302,232227,0,0,0,14-3-28 19:10:39,1
FLX6P1B4GU,120.42,36.2302,232227,0,0,0,14-3-28 19:12:39,1
FLX6P1B4GU,120.42,36.2302,232227,0,0,0,14-3-28 19:14:39,1
FLX6P1B4GU,120.42,36.2302,232227,0,0,0,14-3-28 19:16:39,1
FLX6P1B4GU,120.42,36.2302,232227,0,0,0,14-3-28 19:18:39,1
FLX6P1B4GU,120.42,36.2302,232227,0,0,0,14-3-28 19:20:39,1
FLX6P1B4GU,120.42,36.2302,232227,0,0,0,14-3-28 19:22:39,1
FLX6P1B4GU,120.42,36.2302,232227,0,0,0,14-3-28 19:24:39,1
FLX6P1B4GU,120.42,36.2302,232227,0,0,0,14-3-28 19:26:39,1
FLX6P1B4GU,120.42,36.2302,232227,0,0,0,14-3-28 19:28:39,1
FLX6P1B4GU,120.42,36.2302,232227,0,0,0,14-3-28 19:30:39,1
FLX6P1B4GU,120.42,36.2302,232227,0,0,0,14-3-28 19:32:39,1
FLX6P1B4GU,120.42,36.2302,232227,0,0,0,14-3-28 19:34:39,1
FLX6P1B4GU,120.42,36.2302,232227,0,0,0,14-3-28 19:36:39,1
FLX6P1B4GU,120.42,36.2302,232227,0,0,0,14-3-28 19:38:39,1
FLX6P1B4GU,120.42,36.2302,232227,0,0,0,14-3-28 19:40:39,1
FLX6P1B4GU,120.42,36.2302,232227,0,0,0,14-3-28 19:42:39,1
FLX6P1B4GU,120.42,36.2302,232227,0,0,0,14-3-28 19:44:39,1
FLX6P1B4GU,120.42,36.2302,232227,0,0,0,14-3-28 19:46:39,1
FLX6P1B4GU,120.42,36.2302,232227,0,0,0,14-3-28 19:48:39,1
FLX6P1B4GU,120.42,36.2302,232227,0,0,0,14-3-28 19:50:39,1
FLX6P1B4GU,120.42,36.2302,232227,0,0,0,14-3-28 19:52:39,1
FLX6P1B4GU,120.42,36.2303,232227,0,0,0,14-3-28 19:54:39,1
FLX6P1B4GU,120.42,36.2302,232227,0,0,0,14-3-28 19:56:39,1
FLX6P1B4GU,120.42,36.2302,232227,0,0,0,14-3-28 19:58:39,1
FLX6P1B4GU,120.42,36.2302,232227,0,0,0,14-3-28 20:0:39,1
FLX6P1B4GU,120.42,36.2302,232227,0,0,0,14-3-28 20:2:39,1
FLX6P1B4GU,120.42,36.2302,232227,0,0,0,14-3-28 20:4:39,1
FLX6P1B4GU,120.42,36.2302,232227,0,0,0,14-3-28 20:6:39,1
FLX6P1B4GU,120.42,36.2302,232227,0,0,0,14-3-28 20:8:39,1
FLX6P1B4GU,120.42,36.2302,232227,0,0,0,14-3-28 20:10:39,1
FLX6P1B4GU,120.42,36.2302,232227,0,0,0,14-3-28 20:12:39,1
FLX6P1B4GU,120.42,36.2302,232227,0,0,0,14-3-28 20:14:39,1
FLX6P1B4GU,120.42,36.2302,232227,0,0,0,14-3-28 20:16:39,1
FLX6P1B4GU,120.42,36.2302,232227,0,0,0,14-3-28 20:18:39,1
FLX6P1B4GU,120.42,36.2302,232227,0,0,0,14-3-28 20:20:39,1
FLX6P1B4GU,120.42,36.2302,232227,0,0,0,14-3-28 20:22:39,1
FLX6P1B4GU,120.42,36.2302,232227,0,0,0,14-3-28 20:24:39,1
FLX6P1B4GU,120.42,36.2302,232227,0,0,0,14-3-28 20:26:39,1
FLX6P1B4GU,120.42,36.2302,232227,0,0,0,14-3-28 20:28:39,1
FLX6P1B4GU,120.42,36.2302,232227,0,0,0,14-3-28 20:30:39,1
FLX6P1B4GU,120.42,36.2302,232227,0,0,0,14-3-28 20:32:39,1
FLX6P1B4GU,120.42,36.2302,232227,0,0,0,14-3-28 20:34:39,1
FLX6P1B4GU,120.42,36.2302,232227,0,0,0,14-3-28 20:36:39,1
FLX6P1B4GU,120.42,36.2302,232227,0,0,0,14-3-28 20:38:39,1
FLX6P1B4GU,120.42,36.2302,232227,0,0,0,14-3-28 20:40:39,1
FLX6P1B4GU,120.42,36.2302,232227,0,0,0,14-3-28 20:42:39,1
FLX6P1B4GU,120.42,36.2302,232227,0,0,0,14-3-28 20:44:39,1
FLX6P1B4GU,120.42,36.2302,232227,0,0,0,14-3-28 20:46:39,1
FLX6P1B4GU,120.42,36.2302,232227,0,0,0,14-3-28 20:48:39,1
FLX6P1B4GU,120.42,36.2302,232227,0,0,0,14-3-28 20:50:39,1
FLX6P1B4GU,120.42,36.2302,232227,0,0,0,14-3-28 20:52:39,1
FLX6P1B4GU,120.42,36.2302,232227,0,0,0,14-3-28 20:54:39,1
FLX6P1B4GU,120.42,36.2302,232227,0,0,0,14-3-28 20:56:39,1
FLX6P1B4GU,120.42,36.2302,232227,0,0,0,14-3-28 20:58:39,1
FLX6P1B4GU,120.42,36.2302,232227,0,0,0,14-3-28 21:0:39,1
FLX6P1B4GU,120.42,36.2302,232227,0,0,0,14-3-28 21:2:39,1
FLX6P1B4GU,120.42,36.2302,232227,0,0,0,14-3-28 21:4:39,1
FLX6P1B4GU,120.42,36.2302,232227,0,0,0,14-3-28 21:6:39,1
FLX6P1B4GU,120.42,36.2302,232227,0,0,0,14-3-28 21:8:39,1
FLX6P1B4GU,120.42,36.2302,232227,0,0,0,14-3-28 21:10:39,1
FLX6P1B4GU,120.42,36.2302,232227,0,0,0,14-3-28 21:12:39,1
FLX6P1B4GU,120.42,36.2302,232227,0,0,0,14-3-28 21:14:39,1
FLX6P1B4GU,120.42,36.2302,232227,0,0,0,14-3-28 21:16:39,1
FLX6P1B4GU,120.42,36.2302,232227,0,0,0,14-3-28 21:18:39,1
FLX6P1B4GU,120.42,36.2302,232227,0,0,0,14-3-28 21:20:39,1
FLX6P1B4GU,120.42,36.2302,232227,0,0,0,14-3-28 21:22:39,1
FLX6P1B4GU,120.42,36.2302,232227,0,0,0,14-3-28 21:24:39,1
FLX6P1B4GU,120.42,36.2302,232227,0,0,0,14-3-28 21:26:39,1
FLX6P1B4GU,120.42,36.2302,232227,0,0,0,14-3-28 21:28:39,1
FLX6P1B4GU,120.42,36.2302,232227,0,0,0,14-3-28 21:30:39,1
FLX6P1B4GU,120.42,36.2302,232227,0,0,0,14-3-28 21:32:39,1
FLX6P1B4GU,120.42,36.2302,232227,0,0,0,14-3-28 21:34:39,1
FLX6P1B4GU,120.42,36.2302,232227,0,0,0,14-3-28 21:36:39,1
FLX6P1B4GU,120.42,36.2302,232227,0,0,0,14-3-28 21:38:39,1
FLX6P1B4GU,120.42,36.2302,232227,0,0,0,14-3-28 21:40:39,1
FLX6P1B4GU,120.42,36.2302,232227,0,0,0,14-3-28 21:42:39,1
FLX6P1B4GU,120.42,36.2302,232227,0,0,0,14-3-28 21:44:39,1
FLX6P1B4GU,120.42,36.2302,232227,0,0,0,14-3-28 21:46:39,1
FLX6P1B4GU,120.42,36.2302,232227,0,0,0,14-3-28 21:48:39,1
FLX6P1B4GU,120.42,36.2302,232227,0,0,0,14-3-28 21:50:39,1
FLX6P1B4GU,120.42,36.2302,232227,0,0,0,14-3-28 21:52:39,1
FLX6P1B4GU,120.42,36.2302,232227,0,0,0,14-3-28 21:54:39,1
FLX6P1B4GU,120.42,36.2302,232227,0,0,0,14-3-28 21:56:39,1
FLX6P1B4GU,120.42,36.2302,232227,0,0,0,14-3-28 21:58:39,1
FLX6P1B4GU,120.42,36.2302,232227,0,0,0,14-3-28 22:0:39,1
FLX6P1B4GU,120.42,36.2302,232227,0,0,0,14-3-28 22:2:39,1
FLX6P1B4GU,120.42,36.2302,232227,0,0,0,14-3-28 22:4:39,1
FLX6P1B4GU,120.42,36.2302,232227,0,0,0,14-3-28 22:6:39,1
FLX6P1B4GU,120.42,36.2302,232227,0,0,0,14-3-28 22:8:39,1
FLX6P1B4GU,120.42,36.2302,232227,0,0,0,14-3-28 22:10:39,1
FLX6P1B4GU,120.42,36.2302,232227,0,0,0,14-3-28 22:12:39,1
FLX6P1B4GU,120.42,36.2302,232227,0,0,0,14-3-28 22:14:39,1
FLX6P1B4GU,120.42,36.2302,232227,0,0,0,14-3-28 22:16:39,1
FLX6P1B4GU,120.42,36.2302,232227,0,0,0,14-3-28 22:18:39,1
FLX6P1B4GU,120.42,36.2302,232227,0,0,0,14-3-28 22:20:39,1
FLX6P1B4GU,120.42,36.2302,232227,0,0,0,14-3-28 22:22:39,1
FLX6P1B4GU,120.42,36.2302,232227,0,0,0,14-3-28 22:24:39,1
FLX6P1B4GU,120.42,36.2302,232227,0,0,0,14-3-28 22:26:39,1
FLX6P1B4GU,120.42,36.2302,232227,0,0,0,14-3-28 22:28:39,1
FLX6P1B4GU,120.42,36.2302,232227,0,0,0,14-3-28 22:30:39,1
FLX6P1B4GU,120.42,36.2302,232227,0,0,0,14-3-28 22:32:39,1
FLX6P1B4GU,120.42,36.2302,232227,0,0,0,14-3-28 22:34:39,1
FLX6P1B4GU,120.42,36.2302,232227,0,0,0,14-3-28 22:36:39,1
FLX6P1B4GU,120.42,36.2302,232227,0,0,0,14-3-28 22:38:39,1
FLX6P1B4GU,120.42,36.2302,232227,0,0,0,14-3-28 22:40:39,1
FLX6P1B4GU,120.42,36.2302,232227,0,0,0,14-3-28 22:42:39,1
FLX6P1B4GU,120.42,36.2302,232227,0,0,0,14-3-28 22:44:39,1
FLX6P1B4GU,120.42,36.2302,232227,0,0,0,14-3-28 22:46:39,1
FLX6P1B4GU,120.42,36.2302,232227,0,0,0,14-3-28 22:48:39,1
FLX6P1B4GU,120.42,36.2302,232227,0,0,0,14-3-28 22:50:39,1
FLX6P1B4GU,120.42,36.2302,232227,0,0,0,14-3-28 22:52:39,1
FLX6P1B4GU,120.42,36.2302,232227,0,0,0,14-3-28 22:54:39,1
FLX6P1B4GU,120.42,36.2302,232227,0,0,0,14-3-28 22:56:39,1
FLX6P1B4GU,120.42,36.2302,232227,0,0,0,14-3-28 22:58:39,1
FLX6P1B4GU,120.42,36.2302,232227,0,0,0,14-3-28 23:0:39,1
FLX6P1B4GU,120.42,36.2302,232227,0,0,0,14-3-28 23:2:39,1
FLX6P1B4GU,120.42,36.2302,232227,0,0,0,14-3-28 23:4:39,1
FLX6P1B4GU,120.42,36.2302,232227,0,0,0,14-3-28 23:6:39,1
FLX6P1B4GU,120.42,36.2302,232227,0,0,0,14-3-28 23:8:39,1
FLX6P1B4GU,120.42,36.2302,232227,0,0,0,14-3-28 23:10:39,1
FLX6P1B4GU,120.42,36.2302,232227,0,0,0,14-3-28 23:12:39,1
FLX6P1B4GU,120.42,36.2302,232227,0,0,0,14-3-28 23:14:39,1
FLX6P1B4GU,120.42,36.2302,232227,0,0,0,14-3-28 23:16:39,1
FLX6P1B4GU,120.42,36.2302,232227,0,0,0,14-3-28 23:18:39,1
FLX6P1B4GU,120.42,36.2301,232227,0,0,0,14-3-28 23:20:39,1
FLX6P1B4GU,120.42,36.2302,232227,0,0,0,14-3-28 23:22:39,1
FLX6P1B4GU,120.42,36.2302,232227,0,0,0,14-3-28 23:24:39,1
FLX6P1B4GU,120.42,36.2302,232227,0,0,0,14-3-28 23:28:39,1
FLX6P1B4GU,120.42,36.2302,232227,0,0,0,14-3-28 23:30:39,1
FLX6P1B4GU,120.42,36.2302,232227,0,0,0,14-3-28 23:32:39,1
FLX6P1B4GU,120.42,36.2302,232227,0,0,0,14-3-28 23:34:39,1
FLX6P1B4GU,120.42,36.2302,232227,0,0,0,14-3-28 23:36:39,1
FLX6P1B4GU,120.42,36.2302,232227,0,0,0,14-3-28 23:38:39,1
FLX6P1B4GU,120.42,36.2302,232227,0,0,0,14-3-28 23:40:39,1
FLX6P1B4GU,120.42,36.2302,232227,0,0,0,14-3-28 23:42:39,1
FLX6P1B4GU,120.42,36.2302,232227,0,0,0,14-3-28 23:44:39,1
FLX6P1B4GU,120.42,36.2302,232227,0,0,0,14-3-28 23:46:39,1
FLX6P1B4GU,120.42,36.2302,232227,0,0,0,14-3-28 23:48:39,1
FLX6P1B4GU,120.42,36.2302,232227,0,0,0,14-3-28 23:50:39,1
FLX6P1B4GU,120.42,36.2302,232227,0,0,0,14-3-28 23:52:39,1
FLX6P1B4GU,120.42,36.2303,232227,0,0,0,14-3-28 23:54:39,1
FLX6P1B4GU,120.42,36.2302,232227,0,0,0,14-3-28 23:56:39,1
FLX6P1B4GU,120.42,36.2302,232227,0,0,0,14-3-28 23:58:39,1
FLX6P1B4GU,120.42,36.2302,232227,0,0,0,14-3-29 0:0:39,1
FLX6P1B4GU,120.42,36.2302,232227,0,0,0,14-3-29 0:2:39,1
FLX6P1B4GU,120.42,36.2302,232227,0,0,0,14-3-29 0:4:39,1
FLX6P1B4GU,120.42,36.2302,232227,0,0,0,14-3-29 0:6:39,1
FLX6P1B4GU,120.42,36.2302,232227,0,0,0,14-3-29 0:8:39,1
FLX6P1B4GU,120.42,36.2302,232227,0,0,0,14-3-29 0:10:39,1
FLX6P1B4GU,120.42,36.2303,232227,0,0,0,14-3-29 0:12:39,1
FLX6P1B4GU,120.42,36.2303,232227,0,0,0,14-3-29 0:14:39,1
FLX6P1B4GU,120.42,36.2302,232227,0,0,0,14-3-29 0:16:39,1
FLX6P1B4GU,120.42,36.2302,232227,0,0,0,14-3-29 0:18:39,1
FLX6P1B4GU,120.42,36.2302,232227,0,0,0,14-3-29 0:20:39,1
FLX6P1B4GU,120.42,36.2302,232227,0,0,0,14-3-29 0:22:39,1
FLX6P1B4GU,120.42,36.2302,232227,0,0,0,14-3-29 0:24:39,1
FLX6P1B4GU,120.42,36.2302,232227,0,0,0,14-3-29 0:26:39,1
FLX6P1B4GU,120.42,36.2302,232227,0,0,0,14-3-29 0:28:39,1
FLX6P1B4GU,120.42,36.2302,232227,0,0,0,14-3-29 0:30:39,1
FLX6P1B4GU,120.42,36.2302,232227,0,0,0,14-3-29 0:32:39,1
FLX6P1B4GU,120.42,36.2302,232227,0,0,0,14-3-29 0:34:39,1
FLX6P1B4GU,120.42,36.2302,232227,0,0,0,14-3-29 0:36:39,1
FLX6P1B4GU,120.42,36.2302,232227,0,0,0,14-3-29 0:38:39,1
FLX6P1B4GU,120.42,36.2302,232227,0,0,0,14-3-29 0:40:39,1
FLX6P1B4GU,120.42,36.2302,232227,0,0,0,14-3-29 0:42:39,1
FLX6P1B4GU,120.42,36.2302,232227,0,0,0,14-3-29 0:44:39,1
FLX6P1B4GU,120.42,36.2302,232227,0,0,0,14-3-29 0:46:39,1
FLX6P1B4GU,120.42,36.2302,232227,0,0,0,14-3-29 0:48:39,1
FLX6P1B4GU,120.42,36.2303,232227,0,0,0,14-3-29 0:50:39,1
FLX6P1B4GU,120.42,36.2303,232227,0,0,0,14-3-29 0:52:39,1
FLX6P1B4GU,120.42,36.2302,232227,0,0,0,14-3-29 0:54:39,1
FLX6P1B4GU,120.42,36.2302,232227,0,0,0,14-3-29 0:56:39,1
FLX6P1B4GU,120.42,36.2302,232227,0,0,0,14-3-29 0:58:39,1
FLX6P1B4GU,120.42,36.2302,232227,0,0,0,14-3-29 1:0:39,1
FLX6P1B4GU,120.42,36.2302,232227,0,0,0,14-3-29 1:2:39,1
FLX6P1B4GU,120.42,36.2302,232227,0,0,0,14-3-29 1:4:39,1
FLX6P1B4GU,120.42,36.2302,232227,0,0,0,14-3-29 1:6:39,1
FLX6P1B4GU,120.42,36.2302,232227,0,0,0,14-3-29 1:8:39,1
FLX6P1B4GU,120.42,36.2302,232227,0,0,0,14-3-29 1:10:39,1
FLX6P1B4GU,120.42,36.2302,232227,0,0,0,14-3-29 1:12:39,1
FLX6P1B4GU,120.42,36.2302,232227,0,0,0,14-3-29 1:14:39,1
FLX6P1B4GU,120.42,36.2302,232227,0,0,0,14-3-29 1:16:39,1
FLX6P1B4GU,120.42,36.2302,232227,0,0,0,14-3-29 1:18:39,1
FLX6P1B4GU,120.42,36.2302,232227,0,0,0,14-3-29 1:20:39,1
FLX6P1B4GU,120.42,36.2302,232227,0,0,0,14-3-29 1:22:39,1
FLX6P1B4GU,120.42,36.2302,232227,0,0,0,14-3-29 1:24:39,1
FLX6P1B4GU,120.42,36.2302,232227,0,0,0,14-3-29 1:26:39,1
FLX6P1B4GU,120.42,36.2302,232227,0,0,0,14-3-29 1:28:39,1
FLX6P1B4GU,120.42,36.2302,232227,0,0,0,14-3-29 1:30:39,1
FLX6P1B4GU,120.42,36.2302,232227,0,0,0,14-3-29 1:32:39,1
FLX6P1B4GU,120.42,36.2302,232227,0,0,0,14-3-29 1:34:39,1
FLX6P1B4GU,120.42,36.2302,232227,0,0,0,14-3-29 1:36:39,1
FLX6P1B4GU,120.42,36.2302,232227,0,0,0,14-3-29 1:38:39,1
FLX6P1B4GU,120.42,36.2302,232227,0,0,0,14-3-29 1:40:39,1
FLX6P1B4GU,120.42,36.2302,232227,0,0,0,14-3-29 1:42:39,1
FLX6P1B4GU,120.42,36.2302,232227,0,0,0,14-3-29 1:44:39,1
FLX6P1B4GU,120.42,36.2302,232227,0,0,0,14-3-29 1:46:39,1
FLX6P1B4GU,120.42,36.2302,232227,0,0,0,14-3-29 1:48:39,1
FLX6P1B4GU,120.42,36.2302,232227,0,0,0,14-3-29 1:50:39,1
FLX6P1B4GU,120.42,36.2302,232227,0,0,0,14-3-29 1:52:39,1
FLX6P1B4GU,120.42,36.2302,232227,0,0,0,14-3-29 1:54:39,1
FLX6P1B4GU,120.42,36.2302,232227,0,0,0,14-3-29 1:56:39,1
FLX6P1B4GU,120.42,36.2302,232227,0,0,0,14-3-29 1:58:39,1
FLX6P1B4GU,120.42,36.2302,232227,0,0,0,14-3-29 2:0:39,1
FLX6P1B4GU,120.42,36.2303,232227,0,0,0,14-3-29 2:2:39,1
FLX6P1B4GU,120.42,36.2302,232227,0,0,0,14-3-29 2:4:39,1
FLX6P1B4GU,120.42,36.2302,232227,0,0,0,14-3-29 2:6:39,1
FLX6P1B4GU,120.42,36.2302,232227,0,0,0,14-3-29 2:8:39,1
FLX6P1B4GU,120.42,36.2302,232227,0,0,0,14-3-29 2:10:39,1
FLX6P1B4GU,120.42,36.2302,232227,0,0,0,14-3-29 2:12:39,1
FLX6P1B4GU,120.42,36.2302,232227,0,0,0,14-3-29 2:14:39,1
FLX6P1B4GU,120.42,36.2302,232227,0,0,0,14-3-29 2:16:39,1
FLX6P1B4GU,120.42,36.2302,232227,0,0,0,14-3-29 2:18:39,1
FLX6P1B4GU,120.42,36.2302,232227,0,0,0,14-3-29 2:20:39,1
FLX6P1B4GU,120.42,36.2302,232227,0,0,0,14-3-29 2:22:39,1
FLX6P1B4GU,120.42,36.2302,232227,0,0,0,14-3-29 2:24:39,1
FLX6P1B4GU,120.42,36.2302,232227,0,0,0,14-3-29 2:26:39,1
FLX6P1B4GU,120.42,36.2302,232227,0,0,0,14-3-29 2:28:39,1
FLX6P1B4GU,120.42,36.2302,232227,0,0,0,14-3-29 2:30:39,1
FLX6P1B4GU,120.42,36.2302,232227,0,0,0,14-3-29 2:32:39,1
FLX6P1B4GU,120.42,36.2302,232227,0,0,0,14-3-29 2:34:39,1
FLX6P1B4GU,120.42,36.2302,232227,0,0,0,14-3-29 2:36:39,1
FLX6P1B4GU,120.42,36.2302,232227,0,0,0,14-3-29 2:38:39,1
FLX6P1B4GU,120.42,36.2302,232227,0,0,0,14-3-29 2:40:39,1
FLX6P1B4GU,120.42,36.2302,232227,0,0,0,14-3-29 2:42:39,1
FLX6P1B4GU,120.42,36.2302,232227,0,0,0,14-3-29 2:44:39,1
FLX6P1B4GU,120.42,36.2302,232227,0,0,0,14-3-29 2:46:39,1
FLX6P1B4GU,120.42,36.2302,232227,0,0,0,14-3-29 2:48:39,1
FLX6P1B4GU,120.42,36.2302,232227,0,0,0,14-3-29 2:50:39,1
FLX6P1B4GU,120.42,36.2302,232227,0,0,0,14-3-29 2:52:39,1
FLX6P1B4GU,120.42,36.2302,232227,0,0,0,14-3-29 2:54:39,1
FLX6P1B4GU,120.42,36.2302,232227,0,0,0,14-3-29 2:56:39,1
FLX6P1B4GU,120.42,36.2302,232227,0,0,0,14-3-29 2:58:39,1
FLX6P1B4GU,120.42,36.2302,232227,0,0,0,14-3-29 3:0:39,1
FLX6P1B4GU,120.42,36.2302,232227,0,0,0,14-3-29 3:2:39,1
FLX6P1B4GU,120.42,36.2302,232227,0,0,0,14-3-29 3:4:39,1
FLX6P1B4GU,120.42,36.2302,232227,0,0,0,14-3-29 3:6:39,1
FLX6P1B4GU,120.42,36.2302,232227,0,0,0,14-3-29 3:8:39,1
FLX6P1B4GU,120.42,36.2302,232227,0,0,0,14-3-29 3:10:39,1
FLX6P1B4GU,120.42,36.2302,232227,0,0,0,14-3-29 3:12:39,1
FLX6P1B4GU,120.42,36.2302,232227,0,0,0,14-3-29 3:14:39,1
FLX6P1B4GU,120.42,36.2302,232227,0,0,0,14-3-29 3:16:39,1
FLX6P1B4GU,120.42,36.2302,232227,0,0,0,14-3-29 3:18:39,1
FLX6P1B4GU,120.42,36.2302,232227,0,0,0,14-3-29 3:20:39,1
FLX6P1B4GU,120.42,36.2302,232227,0,0,0,14-3-29 3:22:39,1
FLX6P1B4GU,120.42,36.2302,232227,0,0,0,14-3-29 3:24:39,1
FLX6P1B4GU,120.42,36.2302,232227,0,0,0,14-3-29 3:26:39,1
FLX6P1B4GU,120.42,36.2303,232227,0,0,0,14-3-29 3:28:39,1
FLX6P1B4GU,120.42,36.2303,232227,0,0,0,14-3-29 3:30:39,1
FLX6P1B4GU,120.42,36.2303,232227,0,0,0,14-3-29 3:32:39,1
FLX6P1B4GU,120.42,36.2303,232227,0,0,0,14-3-29 3:34:39,1
FLX6P1B4GU,120.42,36.2302,232227,0,0,0,14-3-29 3:36:39,1
FLX6P1B4GU,120.42,36.2303,232227,0,0,0,14-3-29 3:38:39,1
FLX6P1B4GU,120.42,36.2303,232227,0,0,0,14-3-29 3:40:39,1
FLX6P1B4GU,120.42,36.2303,232227,0,0,0,14-3-29 3:42:39,1
FLX6P1B4GU,120.42,36.2303,232227,0,0,0,14-3-29 3:44:39,1
FLX6P1B4GU,120.42,36.2303,232227,0,0,0,14-3-29 3:46:39,1
FLX6P1B4GU,120.42,36.2303,232227,0,0,0,14-3-29 3:48:39,1
FLX6P1B4GU,120.42,36.2302,232227,0,0,0,14-3-29 3:50:39,1
FLX6P1B4GU,120.42,36.2302,232227,0,0,0,14-3-29 3:52:39,1
FLX6P1B4GU,120.42,36.2302,232227,0,0,0,14-3-29 3:54:39,1
FLX6P1B4GU,120.42,36.2302,232227,0,0,0,14-3-29 3:56:39,1
FLX6P1B4GU,120.42,36.2302,232227,0,0,0,14-3-29 3:58:39,1
FLX6P1B4GU,120.42,36.2302,232227,0,0,0,14-3-29 4:0:39,1
FLX6P1B4GU,120.42,36.2302,232227,0,0,0,14-3-29 4:2:39,1
FLX6P1B4GU,120.42,36.2302,232227,0,0,0,14-3-29 4:4:39,1
FLX6P1B4GU,120.42,36.2302,232227,0,0,0,14-3-29 4:6:39,1
FLX6P1B4GU,120.42,36.2302,232227,0,0,0,14-3-29 4:8:39,1
FLX6P1B4GU,120.42,36.2302,232227,0,0,0,14-3-29 4:10:39,1
FLX6P1B4GU,120.42,36.2302,232227,0,0,0,14-3-29 4:12:39,1
FLX6P1B4GU,120.42,36.2302,232227,0,0,0,14-3-29 4:14:39,1
FLX6P1B4GU,120.42,36.2302,232227,0,0,0,14-3-29 4:16:39,1
FLX6P1B4GU,120.42,36.2302,232227,0,0,0,14-3-29 4:18:39,1
FLX6P1B4GU,120.42,36.2302,232227,0,0,0,14-3-29 4:20:39,1
FLX6P1B4GU,120.42,36.2302,232227,0,0,0,14-3-29 4:22:39,1
FLX6P1B4GU,120.42,36.2302,232227,0,0,0,14-3-29 4:24:39,1
FLX6P1B4GU,120.42,36.2302,232227,0,0,0,14-3-29 4:26:39,1
FLX6P1B4GU,120.42,36.2302,232227,0,0,0,14-3-29 4:28:39,1
FLX6P1B4GU,120.42,36.2302,232227,0,0,0,14-3-29 4:30:39,1
FLX6P1B4GU,120.42,36.2302,232227,0,0,0,14-3-29 4:32:39,1
FLX6P1B4GU,120.42,36.2302,232227,0,0,0,14-3-29 4:34:39,1
FLX6P1B4GU,120.42,36.2302,232227,0,0,0,14-3-29 4:36:39,1
FLX6P1B4GU,120.42,36.2302,232227,0,0,0,14-3-29 4:38:39,1
FLX6P1B4GU,120.42,36.2303,232227,0,0,0,14-3-29 4:40:39,1
FLX6P1B4GU,120.42,36.2302,232227,0,0,0,14-3-29 4:42:39,1
FLX6P1B4GU,120.42,36.2303,232227,0,0,0,14-3-29 4:44:39,1
FLX6P1B4GU,120.42,36.2302,232227,0,0,0,14-3-29 4:46:39,1
FLX6P1B4GU,120.42,36.2303,232227,0,0,0,14-3-29 4:48:39,1
FLX6P1B4GU,120.42,36.2303,232227,0,0,0,14-3-29 4:50:39,1
FLX6P1B4GU,120.42,36.2303,232227,0,0,0,14-3-29 4:52:39,1
FLX6P1B4GU,120.42,36.2302,232227,0,0,0,14-3-29 4:54:39,1
FLX6P1B4GU,120.42,36.2302,232227,0,0,0,14-3-29 4:56:39,1
FLX6P1B4GU,120.42,36.2302,232227,0,0,0,14-3-29 4:58:39,1
FLX6P1B4GU,120.42,36.2302,232227,0,0,0,14-3-29 5:0:39,1
FLX6P1B4GU,120.42,36.2302,232227,0,0,0,14-3-29 5:2:39,1
FLX6P1B4GU,120.42,36.2302,232227,0,0,0,14-3-29 5:4:39,1
FLX6P1B4GU,120.42,36.2302,232227,0,0,0,14-3-29 5:6:39,1
FLX6P1B4GU,120.42,36.2303,232227,0,0,0,14-3-29 5:8:39,1
FLX6P1B4GU,120.42,36.2302,232227,0,0,0,14-3-29 5:10:39,1
FLX6P1B4GU,120.42,36.2303,232227,0,0,0,14-3-29 5:12:39,1
FLX6P1B4GU,120.42,36.2302,232227,0,0,0,14-3-29 5:14:39,1
FLX6P1B4GU,120.42,36.2302,232227,0,0,0,14-3-29 5:16:39,1
FLX6P1B4GU,120.42,36.2302,232227,0,0,0,14-3-29 5:20:39,1
FLX6P1B4GU,120.42,36.2302,232227,0,0,0,14-3-29 5:22:39,1
FLX6P1B4GU,120.42,36.2302,232227,0,0,0,14-3-29 5:24:39,1
FLX6P1B4GU,120.42,36.2302,232227,0,0,0,14-3-29 5:26:39,1
FLX6P1B4GU,120.42,36.2302,232227,0,0,0,14-3-29 5:28:39,1
FLX6P1B4GU,120.42,36.2302,232227,0,0,0,14-3-29 5:30:39,1
FLX6P1B4GU,120.42,36.2302,232227,0,0,0,14-3-29 5:32:39,1
FLX6P1B4GU,120.42,36.2302,232227,0,0,0,14-3-29 5:34:39,1
FLX6P1B4GU,120.42,36.2303,232227,0,0,0,14-3-29 5:36:39,1
FLX6P1B4GU,120.42,36.2302,232227,0,0,0,14-3-29 5:38:39,1
FLX6P1B4GU,120.42,36.2302,232227,0,0,0,14-3-29 5:40:39,1
FLX6P1B4GU,120.42,36.2302,232227,0,0,0,14-3-29 5:42:39,1
FLX6P1B4GU,120.42,36.2302,232227,0,0,0,14-3-29 5:44:39,1
FLX6P1B4GU,120.42,36.2302,232227,0,0,0,14-3-29 5:46:39,1
FLX6P1B4GU,120.42,36.2302,232227,0,0,0,14-3-29 5:48:39,1
FLX6P1B4GU,120.42,36.2302,232227,0,0,0,14-3-29 5:50:39,1
FLX6P1B4GU,120.42,36.2302,232227,0,0,0,14-3-29 5:52:39,1
FLX6P1B4GU,120.42,36.2302,232227,0,0,0,14-3-29 5:54:39,1
FLX6P1B4GU,120.42,36.2302,232227,0,0,0,14-3-29 5:56:39,1
FLX6P1B4GU,120.42,36.2302,232227,0,0,0,14-3-29 5:58:39,1
FLX6P1B4GU,120.42,36.2302,232227,0,0,0,14-3-29 6:0:39,1
FLX6P1B4GU,120.42,36.2302,232227,0,0,0,14-3-29 6:2:39,1
FLX6P1B4GU,120.42,36.2302,232227,0,0,0,14-3-29 6:4:39,1
FLX6P1B4GU,120.42,36.2302,232227,0,0,0,14-3-29 6:6:39,1
FLX6P1B4GU,120.42,36.2302,232227,0,0,0,14-3-29 6:8:39,1
FLX6P1B4GU,120.42,36.2302,232227,0,0,0,14-3-29 6:10:39,1
FLX6P1B4GU,120.42,36.2302,232227,0,0,0,14-3-29 6:12:39,1
FLX6P1B4GU,120.42,36.2302,232227,0,0,0,14-3-29 6:14:39,1
FLX6P1B4GU,120.42,36.2303,232227,0,0,0,14-3-29 6:16:39,1
FLX6P1B4GU,120.42,36.2302,232227,0,0,0,14-3-29 6:18:39,1
FLX6P1B4GU,120.42,36.2303,232227,0,0,0,14-3-29 6:20:39,1
FLX6P1B4GU,120.42,36.2302,232227,0,0,0,14-3-29 6:22:39,1
FLX6P1B4GU,120.42,36.2302,232227,0,0,0,14-3-29 6:24:39,1
FLX6P1B4GU,120.42,36.2303,232227,0,0,0,14-3-29 6:26:39,1
FLX6P1B4GU,120.42,36.2303,232227,0,0,0,14-3-29 6:28:39,1
FLX6P1B4GU,120.42,36.2302,232227,0,0,0,14-3-29 6:30:39,1
FLX6P1B4GU,120.42,36.2302,232227,0,0,0,14-3-29 6:32:39,1
FLX6P1B4GU,120.42,36.2303,232227,0,0,0,14-3-29 6:34:39,1
FLX6P1B4GU,120.42,36.2302,232227,0,0,0,14-3-29 6:36:39,1
FLX6P1B4GU,120.42,36.2302,232227,0,0,0,14-3-29 6:38:39,1
FLX6P1B4GU,120.42,36.2302,232227,0,0,0,14-3-29 6:40:39,1
FLX6P1B4GU,120.42,36.2302,232227,0,0,0,14-3-29 6:42:39,1
FLX6P1B4GU,120.42,36.2302,232227,0,0,0,14-3-29 6:44:39,1
FLX6P1B4GU,120.42,36.2302,232227,0,0,0,14-3-29 6:46:39,1
FLX6P1B4GU,120.42,36.2302,232227,0,0,0,14-3-29 6:48:39,1
FLX6P1B4GU,120.42,36.2302,232227,0,0,0,14-3-29 6:50:39,1
FLX6P1B4GU,120.42,36.2302,232227,0,0,0,14-3-29 6:52:39,1
FLX6P1B4GU,120.42,36.2302,232227,0,0,0,14-3-29 6:54:39,1
FLX6P1B4GU,120.42,36.2302,232227,0,0,0,14-3-29 6:56:39,1
FLX6P1B4GU,120.42,36.2302,232227,0,0,0,14-3-29 6:58:39,1
FLX6P1B4GU,120.42,36.2302,232227,0,0,0,14-3-29 7:0:39,1
FLX6P1B4GU,120.42,36.2302,232227,0,0,0,14-3-29 7:2:39,1
FLX6P1B4GU,120.42,36.2302,232227,0,0,0,14-3-29 7:4:39,1
FLX6P1B4GU,120.42,36.2303,232227,0,0,0,14-3-29 7:6:39,1
FLX6P1B4GU,120.42,36.2302,232227,0,0,0,14-3-29 7:8:39,1
FLX6P1B4GU,120.42,36.2302,232227,0,0,0,14-3-29 7:10:39,1
FLX6P1B4GU,120.42,36.2302,232227,0,0,0,14-3-29 7:12:39,1
FLX6P1B4GU,120.42,36.2302,232227,0,0,0,14-3-29 7:14:39,1
FLX6P1B4GU,120.42,36.2302,232227,0,0,0,14-3-29 7:16:39,1
FLX6P1B4GU,120.42,36.2302,232227,0,0,0,14-3-29 7:18:39,1
FLX6P1B4GU,120.42,36.2302,232227,0,0,0,14-3-29 7:20:39,1
FLX6P1B4GU,120.42,36.2302,232227,0,0,0,14-3-29 7:22:39,1
FLX6P1B4GU,120.42,36.2302,232227,0,0,0,14-3-29 7:24:39,1
FLX6P1B4GU,120.42,36.2302,232227,0,0,0,14-3-29 7:26:39,1
FLX6P1B4GU,120.42,36.2302,232227,0,0,0,14-3-29 7:28:39,1
FLX6P1B4GU,120.42,36.2302,232227,0,0,0,14-3-29 7:30:39,1
FLX6P1B4GU,120.42,36.2302,232227,0,0,0,14-3-29 7:32:39,1
FLX6P1B4GU,120.42,36.2302,232227,0,0,0,14-3-29 7:34:39,1
FLX6P1B4GU,120.42,36.2302,232227,0,0,0,14-3-29 7:36:39,1
FLX6P1B4GU,120.42,36.2302,232227,0,0,0,14-3-29 7:38:39,1
FLX6P1B4GU,120.42,36.2302,232227,0,0,0,14-3-29 7:38:50,1
FLX6P1B4GU,120.42,36.2302,232228,1,129,0,14-3-29 7:40:50,1
FLX6P1B4GU,120.419,36.23,232228,1,80,0,14-3-29 7:41:50,1
FLX6P1B4GU,120.419,36.2299,232229,1,42,0,14-3-29 7:43:25,1
FLX6P1B4GU,120.419,36.2299,232229,0,0,0,14-3-29 7:44:5,1
FLX6P1B4GU,120.419,36.2299,232229,0,0,0,14-3-29 7:46:5,1
FLX6P1B4GU,120.419,36.2299,232229,0,0,0,14-3-29 7:48:5,1
FLX6P1B4GU,120.419,36.2299,232229,0,0,0,14-3-29 7:50:5,1
FLX6P1B4GU,120.419,36.2299,232229,0,0,0,14-3-29 7:52:5,1
FLX6P1B4GU,120.419,36.2298,232229,0,0,0,14-3-29 7:54:5,1
FLX6P1B4GU,120.419,36.2298,232229,0,0,0,14-3-29 7:56:5,1
FLX6P1B4GU,120.419,36.2298,232229,0,0,0,14-3-29 7:58:5,1
FLX6P1B4GU,120.419,36.2299,232229,0,0,0,14-3-29 8:0:5,1
FLX6P1B4GU,120.419,36.2299,232229,0,0,0,14-3-29 8:2:5,1
FLX6P1B4GU,120.419,36.2299,232229,0,0,0,14-3-29 8:4:5,1
FLX6P1B4GU,120.419,36.2298,232229,0,0,0,14-3-29 8:6:5,1
FLX6P1B4GU,120.419,36.2299,232229,0,0,0,14-3-29 8:8:5,1
FLX6P1B4GU,120.419,36.2299,232229,0,0,0,14-3-29 8:10:5,1
FLX6P1B4GU,120.419,36.2298,232229,0,0,0,14-3-29 8:12:5,1
FLX6P1B4GU,120.419,36.2298,232229,0,0,0,14-3-29 8:14:5,1
FLX6P1B4GU,120.419,36.2298,232229,0,0,0,14-3-29 8:16:5,1
FLX6P1B4GU,120.419,36.2298,232229,0,0,0,14-3-29 8:18:5,1
FLX6P1B4GU,120.419,36.2299,232229,0,0,0,14-3-29 8:20:5,1
FLX6P1B4GU,120.419,36.2299,232229,0,0,0,14-3-29 8:22:5,1
FLX6P1B4GU,120.419,36.2299,232229,0,0,0,14-3-29 8:24:5,1
FLX6P1B4GU,120.419,36.2298,232229,0,0,0,14-3-29 8:26:5,1
FLX6P1B4GU,120.419,36.2298,232229,0,0,0,14-3-29 8:28:5,1
FLX6P1B4GU,120.419,36.2298,232229,0,0,0,14-3-29 8:30:5,1
FLX6P1B4GU,120.419,36.2298,232229,0,0,0,14-3-29 8:32:5,1
FLX6P1B4GU,120.419,36.2298,232229,0,0,0,14-3-29 8:34:5,1
FLX6P1B4GU,120.419,36.2298,232229,0,0,0,14-3-29 8:36:5,1
FLX6P1B4GU,120.419,36.2299,232229,0,0,0,14-3-29 8:38:5,1
FLX6P1B4GU,120.419,36.2298,232229,0,0,0,14-3-29 8:40:5,1
FLX6P1B4GU,120.419,36.2298,232229,0,0,0,14-3-29 8:42:5,1
FLX6P1B4GU,120.419,36.2298,232229,0,0,0,14-3-29 8:44:5,1
FLX6P1B4GU,120.419,36.2298,232229,0,0,0,14-3-29 8:46:5,1
FLX6P1B4GU,120.419,36.2298,232229,0,0,0,14-3-29 8:48:5,1
FLX6P1B4GU,120.419,36.2298,232229,0,0,0,14-3-29 8:50:5,1
FLX6P1B4GU,120.419,36.2298,232229,0,0,0,14-3-29 8:52:5,1
FLX6P1B4GU,120.419,36.2298,232229,0,0,0,14-3-29 8:54:5,1
FLX6P1B4GU,120.419,36.2298,232229,0,0,0,14-3-29 8:56:5,1
FLX6P1B4GU,120.419,36.2298,232229,0,0,0,14-3-29 8:58:5,1
FLX6P1B4GU,120.419,36.2298,232229,0,0,0,14-3-29 9:0:5,1
FLX6P1B4GU,120.419,36.2298,232229,0,0,0,14-3-29 9:2:5,1
FLX6P1B4GU,120.419,36.2299,232229,0,0,0,14-3-29 9:4:5,1
FLX6P1B4GU,120.419,36.2299,232229,0,0,0,14-3-29 9:6:5,1
FLX6P1B4GU,120.419,36.2298,232229,0,0,0,14-3-29 9:8:5,1
FLX6P1B4GU,120.419,36.2299,232229,0,0,0,14-3-29 9:10:5,1
FLX6P1B4GU,120.419,36.2299,232229,0,0,0,14-3-29 9:12:5,1
FLX6P1B4GU,120.419,36.2298,232229,0,0,0,14-3-29 9:14:5,1
FLX6P1B4GU,120.419,36.2298,232229,0,0,0,14-3-29 9:16:5,1
FLX6P1B4GU,120.419,36.2298,232229,0,0,0,14-3-29 9:18:5,1
FLX6P1B4GU,120.419,36.2298,232229,0,0,0,14-3-29 9:20:5,1
FLX6P1B4GU,120.419,36.2298,232229,0,0,0,14-3-29 9:22:5,1
FLX6P1B4GU,120.419,36.2298,232229,0,0,0,14-3-29 9:24:5,1
FLX6P1B4GU,120.419,36.2299,232229,0,0,0,14-3-29 9:26:5,1
FLX6P1B4GU,120.419,36.2299,232229,0,0,0,14-3-29 9:28:5,1
FLX6P1B4GU,120.419,36.2299,232229,0,0,0,14-3-29 9:30:5,1
FLX6P1B4GU,120.419,36.2299,232229,0,0,0,14-3-29 9:32:5,1
FLX6P1B4GU,120.419,36.2299,232229,0,0,0,14-3-29 9:34:5,1
FLX6P1B4GU,120.419,36.2298,232229,0,0,0,14-3-29 9:36:5,1
FLX6P1B4GU,120.419,36.2298,232229,0,0,0,14-3-29 9:38:5,1
FLX6P1B4GU,120.419,36.2298,232229,0,0,0,14-3-29 9:40:5,1
FLX6P1B4GU,120.419,36.2298,232229,0,0,0,14-3-29 9:42:5,1
FLX6P1B4GU,120.419,36.2299,232229,0,0,0,14-3-29 9:44:5,1
FLX6P1B4GU,120.419,36.2299,232229,0,0,0,14-3-29 9:46:5,1
FLX6P1B4GU,120.419,36.2298,232229,0,0,0,14-3-29 9:48:5,1
FLX6P1B4GU,120.419,36.2299,232229,0,0,0,14-3-29 9:50:5,1
FLX6P1B4GU,120.419,36.2299,232229,0,0,0,14-3-29 9:52:5,1
FLX6P1B4GU,120.419,36.2299,232229,0,0,0,14-3-29 9:54:5,1
FLX6P1B4GU,120.419,36.2299,232229,0,0,0,14-3-29 9:56:5,1
FLX6P1B4GU,120.419,36.2299,232229,0,0,0,14-3-29 9:58:5,1
FLX6P1B4GU,120.419,36.2299,232229,0,0,0,14-3-29 10:0:5,1
FLX6P1B4GU,120.419,36.2299,232229,0,0,0,14-3-29 10:2:5,1
FLX6P1B4GU,120.419,36.2299,232229,0,0,0,14-3-29 10:4:5,1
FLX6P1B4GU,120.419,36.2299,232229,0,0,0,14-3-29 10:6:5,1
FLX6P1B4GU,120.419,36.2299,232229,0,0,0,14-3-29 10:8:5,1
FLX6P1B4GU,120.419,36.2299,232229,0,0,0,14-3-29 10:10:5,1
FLX6P1B4GU,120.419,36.2299,232229,0,0,0,14-3-29 10:12:5,1
FLX6P1B4GU,120.419,36.2299,232229,0,0,0,14-3-29 10:14:5,1
FLX6P1B4GU,120.419,36.2299,232229,0,0,0,14-3-29 10:16:5,1
FLX6P1B4GU,120.419,36.2299,232229,0,0,0,14-3-29 10:18:5,1
FLX6P1B4GU,120.419,36.2299,232229,0,0,0,14-3-29 10:20:5,1
FLX6P1B4GU,120.419,36.2299,232229,0,0,0,14-3-29 10:22:5,1
FLX6P1B4GU,120.419,36.23,232229,0,0,0,14-3-29 10:24:5,1
FLX6P1B4GU,120.419,36.2299,232229,0,0,0,14-3-29 10:26:5,1
FLX6P1B4GU,120.419,36.2299,232229,0,0,0,14-3-29 10:28:5,1
FLX6P1B4GU,120.419,36.2299,232229,0,0,0,14-3-29 10:30:5,1
FLX6P1B4GU,120.419,36.2299,232229,0,0,0,14-3-29 10:32:5,1
FLX6P1B4GU,120.419,36.2299,232229,0,0,0,14-3-29 10:34:5,1
FLX6P1B4GU,120.419,36.2299,232229,0,0,0,14-3-29 10:36:5,1
FLX6P1B4GU,120.419,36.2299,232229,0,0,0,14-3-29 10:38:5,1
FLX6P1B4GU,120.419,36.2299,232229,0,0,0,14-3-29 10:40:5,1
FLX6P1B4GU,120.419,36.2299,232229,0,0,0,14-3-29 10:42:5,1
FLX6P1B4GU,120.419,36.2299,232229,0,0,0,14-3-29 10:44:5,1
FLX6P1B4GU,120.419,36.2299,232229,0,0,0,14-3-29 10:46:5,1
FLX6P1B4GU,120.419,36.2299,232229,0,0,0,14-3-29 10:48:5,1
FLX6P1B4GU,120.419,36.2299,232229,0,0,0,14-3-29 10:50:5,1
FLX6P1B4GU,120.419,36.2299,232229,0,0,0,14-3-29 10:52:5,1
FLX6P1B4GU,120.419,36.2299,232229,0,0,0,14-3-29 10:54:5,1
FLX6P1B4GU,120.419,36.2299,232229,0,0,0,14-3-29 10:56:5,1
FLX6P1B4GU,120.419,36.2299,232229,0,0,0,14-3-29 10:58:5,1
FLX6P1B4GU,120.419,36.2299,232229,0,0,0,14-3-29 11:0:5,1
FLX6P1B4GU,120.419,36.2299,232229,0,0,0,14-3-29 11:2:5,1
FLX6P1B4GU,120.419,36.2299,232229,0,0,0,14-3-29 11:4:5,1
FLX6P1B4GU,120.419,36.2298,232229,0,0,0,14-3-29 11:6:5,1
FLX6P1B4GU,120.419,36.2299,232229,0,0,0,14-3-29 11:8:5,1
FLX6P1B4GU,120.419,36.2299,232229,0,0,0,14-3-29 11:10:5,1
FLX6P1B4GU,120.419,36.2299,232229,0,0,0,14-3-29 11:12:5,1
FLX6P1B4GU,120.419,36.2298,232229,0,0,0,14-3-29 11:14:5,1
FLX6P1B4GU,120.419,36.2298,232229,0,0,0,14-3-29 11:16:5,1
FLX6P1B4GU,120.419,36.2299,232229,0,0,0,14-3-29 11:18:5,1
FLX6P1B4GU,120.419,36.2299,232229,0,0,0,14-3-29 11:20:5,1
FLX6P1B4GU,120.419,36.2299,232229,0,0,0,14-3-29 11:22:5,1
FLX6P1B4GU,120.419,36.2299,232229,0,0,0,14-3-29 11:24:5,1
FLX6P1B4GU,120.419,36.2298,232229,0,0,0,14-3-29 11:26:5,1
FLX6P1B4GU,120.419,36.2298,232229,0,0,0,14-3-29 11:28:5,1
FLX6P1B4GU,120.419,36.2299,232229,0,0,0,14-3-29 11:30:5,1
FLX6P1B4GU,120.419,36.2299,232229,0,0,0,14-3-29 11:32:5,1
FLX6P1B4GU,120.419,36.2298,232229,0,0,0,14-3-29 11:34:5,1
FLX6P1B4GU,120.419,36.2298,232229,0,0,0,14-3-29 11:36:5,1
FLX6P1B4GU,120.419,36.2298,232229,0,0,0,14-3-29 11:38:5,1
FLX6P1B4GU,120.419,36.2298,232229,0,0,0,14-3-29 11:40:5,1
FLX6P1B4GU,120.419,36.2298,232229,0,0,0,14-3-29 11:42:5,1
FLX6P1B4GU,120.419,36.2298,232229,0,0,0,14-3-29 11:44:5,1
FLX6P1B4GU,120.419,36.2298,232229,0,0,0,14-3-29 11:46:5,1
FLX6P1B4GU,120.419,36.2298,232229,0,0,0,14-3-29 11:48:5,1
FLX6P1B4GU,120.419,36.2299,232229,0,0,0,14-3-29 11:50:5,1
FLX6P1B4GU,120.419,36.2299,232229,0,0,0,14-3-29 11:52:5,1
FLX6P1B4GU,120.419,36.2298,232229,0,0,0,14-3-29 11:54:5,1
FLX6P1B4GU,120.419,36.2298,232229,0,0,0,14-3-29 11:56:5,1
FLX6P1B4GU,120.419,36.2299,232229,0,0,0,14-3-29 11:58:5,1
FLX6P1B4GU,120.419,36.2299,232229,0,0,0,14-3-29 12:0:5,1
FLX6P1B4GU,120.419,36.2299,232229,0,0,0,14-3-29 12:2:5,1
FLX6P1B4GU,120.419,36.23,232229,0,0,0,14-3-29 12:3:25,1
FLX6P1B4GU,120.419,36.2299,232229,1,45,0,14-3-29 12:5:25,1
FLX6P1B4GU,120.419,36.23,232229,1,171,0,14-3-29 12:6:25,1
FLX6P1B4GU,120.419,36.2314,232231,11,179,0,14-3-29 12:8:17,1
FLX6P1B4GU,120.419,36.2328,232232,3,140,0,14-3-29 12:10:17,1
FLX6P1B4GU,120.418,36.2329,232233,3,141,0,14-3-29 12:11:56,1
FLX6P1B4GU,120.416,36.2322,232235,7,85,0,14-3-29 12:13:41,1
FLX6P1B4GU,120.416,36.2302,232237,9,87,0,14-3-29 12:15:7,1
FLX6P1B4GU,120.417,36.2283,232239,7,75,0,14-3-29 12:16:22,1
FLX6P1B4GU,120.417,36.2288,232241,0,146,0,14-3-29 12:20:22,1
FLX6P1B4GU,120.418,36.2289,232241,3,44,0,14-3-29 12:20:43,1
FLX6P1B4GU,120.418,36.2288,232241,0,0,0,14-3-29 12:20:54,1
FLX6P1B4GU,120.417,36.2286,232241,0,0,0,14-3-29 12:22:54,1
FLX6P1B4GU,120.417,36.2286,232241,0,0,0,14-3-29 12:24:54,1
FLX6P1B4GU,120.417,36.2287,232241,0,0,0,14-3-29 12:26:54,1
FLX6P1B4GU,120.417,36.2288,232241,0,0,0,14-3-29 12:28:54,1
FLX6P1B4GU,120.417,36.2288,232241,0,0,0,14-3-29 12:30:54,1
FLX6P1B4GU,120.417,36.2287,232241,0,0,0,14-3-29 12:31:27,1
FLX6P1B4GU,120.417,36.2288,232241,0,0,0,14-3-29 12:33:27,1
FLX6P1B4GU,120.417,36.2289,232241,0,0,0,14-3-29 12:35:27,1
FLX6P1B4GU,120.417,36.2289,232241,0,0,0,14-3-29 12:37:27,1
FLX6P1B4GU,120.417,36.2289,232241,0,0,0,14-3-29 12:39:27,1
FLX6P1B4GU,120.417,36.2291,232241,0,0,0,14-3-29 12:41:27,1
FLX6P1B4GU,120.417,36.2289,232241,0,0,0,14-3-29 12:43:27,1
FLX6P1B4GU,120.417,36.2289,232241,0,0,0,14-3-29 12:45:27,1
FLX6P1B4GU,120.417,36.229,232241,0,0,0,14-3-29 12:47:27,1
FLX6P1B4GU,120.417,36.2289,232241,0,0,0,14-3-29 12:49:27,1
FLX6P1B4GU,120.417,36.2289,232241,0,0,0,14-3-29 12:51:27,1
FLX6P1B4GU,120.417,36.229,232241,0,0,0,14-3-29 12:53:27,1
FLX6P1B4GU,120.417,36.2291,232241,0,0,0,14-3-29 12:55:27,1
FLX6P1B4GU,120.417,36.2291,232241,0,0,0,14-3-29 12:57:27,1
FLX6P1B4GU,120.417,36.2291,232241,0,0,0,14-3-29 12:59:27,1
FLX6P1B4GU,120.417,36.2291,232241,0,0,0,14-3-29 13:1:27,1
FLX6P1B4GU,120.417,36.229,232241,0,0,0,14-3-29 13:3:27,1
FLX6P1B4GU,120.417,36.2293,232241,0,0,0,14-3-29 13:5:27,1
FLX6P1B4GU,120.417,36.229,232241,0,0,0,14-3-29 13:7:27,1
FLX6P1B4GU,120.417,36.2291,232241,0,0,0,14-3-29 13:9:27,1
FLX6P1B4GU,120.417,36.2291,232241,0,0,0,14-3-29 13:11:27,1
FLX6P1B4GU,120.417,36.2293,232241,0,0,0,14-3-29 13:13:27,1
FLX6P1B4GU,120.417,36.2291,232241,0,0,0,14-3-29 13:15:27,1
FLX6P1B4GU,120.417,36.229,232241,0,0,0,14-3-29 13:17:27,1
FLX6P1B4GU,120.417,36.2291,232241,0,0,0,14-3-29 13:19:27,1
FLX6P1B4GU,120.417,36.229,232241,0,0,0,14-3-29 13:21:27,1
FLX6P1B4GU,120.417,36.2292,232241,0,0,0,14-3-29 13:23:27,1
FLX6P1B4GU,120.417,36.2292,232241,0,0,0,14-3-29 13:25:27,1
FLX6P1B4GU,120.417,36.2291,232241,0,0,0,14-3-29 13:27:27,1
FLX6P1B4GU,120.417,36.229,232241,0,0,0,14-3-29 13:29:27,1
FLX6P1B4GU,120.417,36.2291,232241,0,0,0,14-3-29 13:31:27,1
FLX6P1B4GU,120.417,36.229,232241,0,0,0,14-3-29 13:33:27,1
FLX6P1B4GU,120.417,36.2291,232241,0,0,0,14-3-29 13:35:27,1
FLX6P1B4GU,120.417,36.229,232241,0,0,0,14-3-29 13:37:27,1
FLX6P1B4GU,120.417,36.2289,232241,0,0,0,14-3-29 13:39:27,1
FLX6P1B4GU,120.417,36.229,232241,0,0,0,14-3-29 13:41:27,1
FLX6P1B4GU,120.417,36.2291,232241,0,0,0,14-3-29 13:45:27,1
FLX6P1B4GU,120.417,36.2291,232241,0,0,0,14-3-29 13:47:27,1
FLX6P1B4GU,120.417,36.2289,232241,0,0,0,14-3-29 13:49:27,1
FLX6P1B4GU,120.417,36.2289,232241,0,0,0,14-3-29 13:51:27,1
FLX6P1B4GU,120.417,36.2288,232241,0,0,0,14-3-29 13:54:9,1
FLX6P1B4GU,120.417,36.2289,232241,0,0,0,14-3-29 13:56:9,1
FLX6P1B4GU,120.417,36.2289,232241,0,0,0,14-3-29 13:58:9,1
FLX6P1B4GU,120.417,36.2289,232241,0,0,0,14-3-29 14:0:9,1
FLX6P1B4GU,120.417,36.2288,232241,0,0,0,14-3-29 14:2:9,1
FLX6P1B4GU,120.417,36.2288,232241,0,0,0,14-3-29 14:4:9,1
FLX6P1B4GU,120.417,36.229,232241,0,0,0,14-3-29 14:6:9,1
FLX6P1B4GU,120.417,36.2291,232241,0,0,0,14-3-29 14:8:9,1
FLX6P1B4GU,120.417,36.2289,232241,0,0,0,14-3-29 14:10:9,1
FLX6P1B4GU,120.417,36.2293,232241,0,0,0,14-3-29 14:12:9,1
FLX6P1B4GU,120.417,36.2294,232241,0,0,0,14-3-29 14:14:9,1
FLX6P1B4GU,120.417,36.2293,232241,0,0,0,14-3-29 14:16:9,1
FLX6P1B4GU,120.417,36.2291,232241,0,0,0,14-3-29 14:18:9,1
FLX6P1B4GU,120.417,36.2291,232241,0,0,0,14-3-29 14:20:9,1
FLX6P1B4GU,120.417,36.2291,232241,0,0,0,14-3-29 14:22:9,1
FLX6P1B4GU,120.417,36.2294,232241,0,0,0,14-3-29 14:24:9,1
FLX6P1B4GU,120.417,36.2292,232241,0,0,0,14-3-29 14:26:9,1
FLX6P1B4GU,120.417,36.2292,232241,0,0,0,14-3-29 14:28:15,1
FLX6P1B4GU,120.417,36.2287,232241,3,91,0,14-3-29 14:30:15,1
FLX6P1B4GU,120.418,36.2283,232242,11,43,0,14-3-29 14:31:15,1
FLX6P1B4GU,120.419,36.2284,232243,14,43,0,14-3-29 14:31:35,1
FLX6P1B4GU,120.421,36.2285,232244,0,0,0,14-3-29 14:33:35,1
FLX6P1B4GU,120.421,36.2287,232245,7,171,0,14-3-29 14:34:30,1
FLX6P1B4GU,120.421,36.2297,232246,9,176,0,14-3-29 14:35:7,1
FLX6P1B4GU,120.42,36.2299,232247,3,125,0,14-3-29 14:36:51,1
FLX6P1B4GU,120.419,36.2298,232247,0,0,0,14-3-29 14:37:46,1
FLX6P1B4GU,120.419,36.2298,232247,0,0,0,14-3-29 14:39:46,1
FLX6P1B4GU,120.419,36.2298,232247,0,0,0,14-3-29 14:41:46,1
FLX6P1B4GU,120.419,36.2298,232247,0,0,0,14-3-29 14:43:46,1
FLX6P1B4GU,120.419,36.2299,232247,0,0,0,14-3-29 14:45:46,1
FLX6P1B4GU,120.419,36.2299,232247,0,0,0,14-3-29 14:47:46,1
FLX6P1B4GU,120.419,36.2299,232247,0,0,0,14-3-29 14:49:46,1
FLX6P1B4GU,120.419,36.2299,232247,0,0,0,14-3-29 14:51:46,1
FLX6P1B4GU,120.419,36.23,232247,0,0,0,14-3-29 14:53:46,1
FLX6P1B4GU,120.419,36.2299,232247,0,0,0,14-3-29 14:55:46,1
FLX6P1B4GU,120.419,36.2299,232247,0,0,0,14-3-29 14:57:46,1
FLX6P1B4GU,120.419,36.2299,232247,0,0,0,14-3-29 14:59:46,1
FLX6P1B4GU,120.419,36.2299,232247,0,0,0,14-3-29 15:1:46,1
FLX6P1B4GU,120.419,36.2299,232247,0,0,0,14-3-29 15:3:46,1
FLX6P1B4GU,120.419,36.2299,232247,0,0,0,14-3-29 15:5:46,1
FLX6P1B4GU,120.419,36.2299,232247,0,0,0,14-3-29 15:7:46,1
FLX6P1B4GU,120.419,36.2299,232247,0,0,0,14-3-29 15:9:46,1
FLX6P1B4GU,120.419,36.2299,232247,0,0,0,14-3-29 15:11:46,1
FLX6P1B4GU,120.419,36.23,232247,0,0,0,14-3-29 15:13:46,1
FLX6P1B4GU,120.419,36.2299,232247,0,0,0,14-3-29 15:15:46,1
FLX6P1B4GU,120.419,36.2299,232247,0,0,0,14-3-29 15:17:46,1
FLX6P1B4GU,120.419,36.2299,232247,0,0,0,14-3-29 15:19:46,1
FLX6P1B4GU,120.419,36.2299,232247,0,0,0,14-3-29 15:21:46,1
FLX6P1B4GU,120.419,36.2299,232247,0,0,0,14-3-29 15:23:46,1
FLX6P1B4GU,120.419,36.2299,232247,0,0,0,14-3-29 15:25:46,1
FLX6P1B4GU,120.419,36.2298,232247,0,0,0,14-3-29 15:27:46,1
FLX6P1B4GU,120.419,36.2298,232247,0,0,0,14-3-29 15:29:46,1
FLX6P1B4GU,120.419,36.2299,232247,0,0,0,14-3-29 15:31:46,1
FLX6P1B4GU,120.419,36.2299,232247,0,0,0,14-3-29 15:33:46,1
FLX6P1B4GU,120.419,36.2298,232247,0,0,0,14-3-29 15:35:46,1
FLX6P1B4GU,120.419,36.2298,232247,0,0,0,14-3-29 15:37:46,1
FLX6P1B4GU,120.419,36.2298,232247,0,0,0,14-3-29 15:39:46,1
FLX6P1B4GU,120.419,36.2298,232247,0,0,0,14-3-29 15:41:46,1
FLX6P1B4GU,120.419,36.2298,232247,0,0,0,14-3-29 15:43:46,1
FLX6P1B4GU,120.419,36.2298,232247,0,0,0,14-3-29 15:45:46,1
FLX6P1B4GU,120.419,36.2298,232247,0,0,0,14-3-29 15:47:46,1
FLX6P1B4GU,120.419,36.2298,232247,0,0,0,14-3-29 15:49:46,1
FLX6P1B4GU,120.419,36.2298,232247,0,0,0,14-3-29 15:51:46,1
FLX6P1B4GU,120.419,36.2299,232247,0,0,0,14-3-29 15:53:46,1
FLX6P1B4GU,120.419,36.2298,232247,0,0,0,14-3-29 15:55:46,1
FLX6P1B4GU,120.419,36.2298,232247,0,0,0,14-3-29 15:57:46,1
FLX6P1B4GU,120.419,36.2298,232247,0,0,0,14-3-29 15:59:46,1
FLX6P1B4GU,120.419,36.2298,232247,0,0,0,14-3-29 16:1:46,1
FLX6P1B4GU,120.419,36.2299,232247,0,0,0,14-3-29 16:3:46,1
FLX6P1B4GU,120.419,36.2299,232247,0,0,0,14-3-29 16:5:46,1
FLX6P1B4GU,120.419,36.2299,232247,0,0,0,14-3-29 16:7:46,1
FLX6P1B4GU,120.419,36.2299,232247,0,0,0,14-3-29 16:9:46,1
FLX6P1B4GU,120.419,36.2299,232247,0,0,0,14-3-29 16:11:46,1
FLX6P1B4GU,120.419,36.2299,232247,0,0,0,14-3-29 16:13:46,1
FLX6P1B4GU,120.419,36.2299,232247,0,0,0,14-3-29 16:15:46,1
FLX6P1B4GU,120.419,36.2299,232247,0,0,0,14-3-29 16:17:46,1
FLX6P1B4GU,120.419,36.2299,232247,0,0,0,14-3-29 16:19:46,1
FLX6P1B4GU,120.419,36.23,232247,0,0,0,14-3-29 16:21:46,1
FLX6P1B4GU,120.419,36.23,232247,0,0,0,14-3-29 16:23:46,1
FLX6P1B4GU,120.419,36.2299,232247,0,0,0,14-3-29 16:25:46,1
FLX6P1B4GU,120.419,36.2299,232247,0,0,0,14-3-29 16:27:46,1
FLX6P1B4GU,120.419,36.2299,232247,0,0,0,14-3-29 16:29:46,1
FLX6P1B4GU,120.419,36.2299,232247,0,0,0,14-3-29 16:31:46,1
FLX6P1B4GU,120.419,36.2299,232247,0,0,0,14-3-29 16:33:46,1
FLX6P1B4GU,120.419,36.2299,232247,0,0,0,14-3-29 16:35:46,1
FLX6P1B4GU,120.419,36.2299,232247,0,0,0,14-3-29 16:37:46,1
FLX6P1B4GU,120.419,36.2299,232247,0,0,0,14-3-29 16:39:46,1
FLX6P1B4GU,120.419,36.2299,232247,0,0,0,14-3-29 16:41:46,1
FLX6P1B4GU,120.419,36.2299,232247,0,0,0,14-3-29 16:43:46,1
FLX6P1B4GU,120.419,36.2299,232247,0,0,0,14-3-29 16:45:46,1
FLX6P1B4GU,120.419,36.2299,232247,0,0,0,14-3-29 16:47:46,1
FLX6P1B4GU,120.419,36.2299,232247,0,0,0,14-3-29 16:49:46,1
FLX6P1B4GU,120.419,36.2299,232247,0,0,0,14-3-29 16:51:46,1
FLX6P1B4GU,120.419,36.2299,232247,0,0,0,14-3-29 16:53:46,1
FLX6P1B4GU,120.419,36.2299,232247,0,0,0,14-3-29 16:55:46,1
FLX6P1B4GU,120.419,36.2299,232247,0,0,0,14-3-29 16:57:46,1
FLX6P1B4GU,120.419,36.2299,232247,0,0,0,14-3-29 16:59:46,1
FLX6P1B4GU,120.419,36.2298,232247,0,0,0,14-3-29 17:1:46,1
FLX6P1B4GU,120.419,36.2298,232247,0,0,0,14-3-29 17:3:46,1
FLX6P1B4GU,120.419,36.2298,232247,0,0,0,14-3-29 17:5:46,1
FLX6P1B4GU,120.419,36.2298,232247,0,0,0,14-3-29 17:7:46,1
FLX6P1B4GU,120.419,36.2298,232247,0,0,0,14-3-29 17:9:46,1
FLX6P1B4GU,120.419,36.2299,232247,0,0,0,14-3-29 17:11:46,1
FLX6P1B4GU,120.419,36.2299,232247,0,0,0,14-3-29 17:13:46,1
FLX6P1B4GU,120.419,36.2298,232247,0,0,0,14-3-29 17:15:46,1
FLX6P1B4GU,120.419,36.2298,232247,0,0,0,14-3-29 17:17:46,1
FLX6P1B4GU,120.419,36.2299,232247,0,0,0,14-3-29 17:19:46,1
FLX6P1B4GU,120.419,36.2299,232247,0,0,0,14-3-29 17:21:46,1
FLX6P1B4GU,120.419,36.2299,232247,0,0,0,14-3-29 17:23:46,1
FLX6P1B4GU,120.419,36.2299,232247,0,0,0,14-3-29 17:25:46,1
FLX6P1B4GU,120.419,36.2298,232247,0,0,0,14-3-29 17:27:46,1
FLX6P1B4GU,120.419,36.2299,232247,0,0,0,14-3-29 17:29:46,1
FLX6P1B4GU,120.419,36.2299,232247,0,0,0,14-3-29 17:31:46,1
FLX6P1B4GU,120.419,36.2299,232247,0,0,0,14-3-29 17:33:46,1
FLX6P1B4GU,120.419,36.2299,232247,0,0,0,14-3-29 17:35:46,1
FLX6P1B4GU,120.419,36.2299,232247,0,0,0,14-3-29 17:37:46,1
FLX6P1B4GU,120.419,36.2299,232247,0,0,0,14-3-29 17:39:46,1
FLX6P1B4GU,120.419,36.2299,232247,0,0,0,14-3-29 17:41:46,1
FLX6P1B4GU,120.419,36.2299,232247,0,0,0,14-3-29 17:43:46,1
FLX6P1B4GU,120.419,36.2299,232247,0,0,0,14-3-29 17:45:46,1
FLX6P1B4GU,120.419,36.2299,232247,0,0,0,14-3-29 17:47:46,1
FLX6P1B4GU,120.419,36.2299,232247,0,0,0,14-3-29 17:49:46,1
FLX6P1B4GU,120.419,36.2299,232247,0,0,0,14-3-29 17:51:46,1
FLX6P1B4GU,120.419,36.2299,232247,0,0,0,14-3-29 17:53:46,1
FLX6P1B4GU,120.419,36.2299,232247,0,0,0,14-3-29 17:55:46,1
FLX6P1B4GU,120.419,36.2299,232247,0,0,0,14-3-29 17:57:46,1
FLX6P1B4GU,120.419,36.2299,232247,0,0,0,14-3-29 17:59:46,1
FLX6P1B4GU,120.419,36.2299,232247,0,0,0,14-3-29 18:1:46,1
FLX6P1B4GU,120.419,36.2299,232247,0,0,0,14-3-29 18:3:46,1
FLX6P1B4GU,120.419,36.2299,232247,0,0,0,14-3-29 18:5:46,1
FLX6P1B4GU,120.419,36.2299,232247,0,0,0,14-3-29 18:7:46,1
FLX6P1B4GU,120.419,36.2299,232247,0,0,0,14-3-29 18:9:46,1
FLX6P1B4GU,120.419,36.2299,232247,0,0,0,14-3-29 18:11:46,1
FLX6P1B4GU,120.419,36.2299,232247,0,0,0,14-3-29 18:13:46,1
FLX6P1B4GU,120.419,36.2299,232247,0,0,0,14-3-29 18:15:46,1
FLX6P1B4GU,120.419,36.2299,232247,0,0,0,14-3-29 18:17:46,1
FLX6P1B4GU,120.419,36.2299,232247,0,0,0,14-3-29 18:19:46,1
FLX6P1B4GU,120.419,36.2299,232247,0,0,0,14-3-29 18:21:46,1
FLX6P1B4GU,120.419,36.2299,232247,0,0,0,14-3-29 18:23:46,1
FLX6P1B4GU,120.419,36.2299,232247,0,0,0,14-3-29 18:25:46,1
FLX6P1B4GU,120.419,36.2299,232247,0,0,0,14-3-29 18:27:46,1
FLX6P1B4GU,120.419,36.2298,232247,0,0,0,14-3-29 18:29:46,1
FLX6P1B4GU,120.419,36.2299,232247,0,0,0,14-3-29 18:31:46,1
FLX6P1B4GU,120.419,36.2299,232247,0,0,0,14-3-29 18:33:46,1
FLX6P1B4GU,120.419,36.2298,232247,0,0,0,14-3-29 18:35:46,1
FLX6P1B4GU,120.419,36.2298,232247,0,0,0,14-3-29 18:37:46,1
FLX6P1B4GU,120.419,36.2298,232247,0,0,0,14-3-29 18:39:46,1
FLX6P1B4GU,120.419,36.2298,232247,0,0,0,14-3-29 18:41:46,1
FLX6P1B4GU,120.419,36.2299,232247,0,0,0,14-3-29 18:43:46,1
FLX6P1B4GU,120.419,36.2299,232247,0,0,0,14-3-29 18:45:46,1
FLX6P1B4GU,120.419,36.2299,232247,0,0,0,14-3-29 18:47:46,1
FLX6P1B4GU,120.419,36.2299,232247,0,0,0,14-3-29 18:49:46,1
FLX6P1B4GU,120.419,36.2299,232247,0,0,0,14-3-29 18:51:46,1
FLX6P1B4GU,120.419,36.2299,232247,0,0,0,14-3-29 18:53:46,1
FLX6P1B4GU,120.419,36.2299,232247,0,0,0,14-3-29 18:55:46,1
FLX6P1B4GU,120.419,36.2299,232247,0,0,0,14-3-29 18:57:46,1
FLX6P1B4GU,120.419,36.2299,232247,0,0,0,14-3-29 18:59:46,1
FLX6P1B4GU,120.419,36.2299,232247,0,0,0,14-3-29 19:1:46,1
FLX6P1B4GU,120.419,36.2299,232247,0,0,0,14-3-29 19:3:46,1
FLX6P1B4GU,120.419,36.2299,232247,0,0,0,14-3-29 19:5:46,1
FLX6P1B4GU,120.419,36.2299,232247,0,0,0,14-3-29 19:7:46,1
FLX6P1B4GU,120.419,36.2299,232247,0,0,0,14-3-29 19:9:46,1
FLX6P1B4GU,120.419,36.2299,232247,0,0,0,14-3-29 19:11:46,1
FLX6P1B4GU,120.419,36.2299,232247,0,0,0,14-3-29 19:13:46,1
FLX6P1B4GU,120.419,36.2299,232247,0,0,0,14-3-29 19:15:46,1
FLX6P1B4GU,120.419,36.2299,232247,0,0,0,14-3-29 19:17:46,1
FLX6P1B4GU,120.419,36.2299,232247,0,0,0,14-3-29 19:19:46,1
FLX6P1B4GU,120.419,36.2299,232247,0,0,0,14-3-29 19:21:46,1
FLX6P1B4GU,120.419,36.2299,232247,0,0,0,14-3-29 19:23:46,1
FLX6P1B4GU,120.419,36.2299,232247,0,0,0,14-3-29 19:25:46,1
FLX6P1B4GU,120.419,36.2299,232247,0,0,0,14-3-29 19:27:46,1
FLX6P1B4GU,120.419,36.2299,232247,0,0,0,14-3-29 19:29:46,1
FLX6P1B4GU,120.419,36.2299,232247,0,0,0,14-3-29 19:31:46,1
FLX6P1B4GU,120.419,36.2299,232247,0,0,0,14-3-29 19:33:46,1
FLX6P1B4GU,120.419,36.2299,232247,0,0,0,14-3-29 19:35:46,1
FLX6P1B4GU,120.419,36.2299,232247,0,0,0,14-3-29 19:37:46,1
FLX6P1B4GU,120.419,36.2299,232247,0,0,0,14-3-29 19:39:46,1
FLX6P1B4GU,120.419,36.2299,232247,0,0,0,14-3-29 19:41:46,1
FLX6P1B4GU,120.419,36.2299,232247,0,0,0,14-3-29 19:43:46,1
FLX6P1B4GU,120.419,36.2299,232247,0,0,0,14-3-29 19:45:46,1
FLX6P1B4GU,120.419,36.2299,232247,0,0,0,14-3-29 19:47:46,1
FLX6P1B4GU,120.419,36.2299,232247,0,0,0,14-3-29 19:49:46,1
FLX6P1B4GU,120.419,36.2299,232247,0,0,0,14-3-29 19:51:46,1
FLX6P1B4GU,120.419,36.2299,232247,0,0,0,14-3-29 19:53:46,1
FLX6P1B4GU,120.419,36.2299,232247,0,0,0,14-3-29 19:55:46,1
FLX6P1B4GU,120.419,36.2299,232247,0,0,0,14-3-29 19:57:46,1
FLX6P1B4GU,120.419,36.2299,232247,0,0,0,14-3-29 19:59:46,1
FLX6P1B4GU,120.419,36.2299,232247,0,0,0,14-3-29 20:1:46,1
FLX6P1B4GU,120.419,36.2298,232247,0,0,0,14-3-29 20:3:46,1
FLX6P1B4GU,120.419,36.2299,232247,0,0,0,14-3-29 20:7:46,1
FLX6P1B4GU,120.419,36.2299,232247,0,0,0,14-3-29 20:9:46,1
FLX6P1B4GU,120.419,36.2299,232247,0,0,0,14-3-29 20:11:46,1
FLX6P1B4GU,120.419,36.2299,232247,0,0,0,14-3-29 20:13:46,1
FLX6P1B4GU,120.419,36.2299,232247,0,0,0,14-3-29 20:15:46,1
FLX6P1B4GU,120.419,36.2299,232247,0,0,0,14-3-29 20:17:46,1
FLX6P1B4GU,120.419,36.2299,232247,0,0,0,14-3-29 20:19:46,1
FLX6P1B4GU,120.419,36.2299,232247,0,0,0,14-3-29 20:21:46,1
FLX6P1B4GU,120.419,36.2299,232247,0,0,0,14-3-29 20:23:46,1
FLX6P1B4GU,120.419,36.2299,232247,0,0,0,14-3-29 20:25:46,1
FLX6P1B4GU,120.419,36.2299,232247,0,0,0,14-3-29 20:27:46,1
FLX6P1B4GU,120.419,36.2299,232247,0,0,0,14-3-29 20:29:46,1
FLX6P1B4GU,120.419,36.2299,232247,0,0,0,14-3-29 20:31:46,1
FLX6P1B4GU,120.419,36.2299,232247,0,0,0,14-3-29 20:33:46,1
FLX6P1B4GU,120.419,36.2299,232247,0,0,0,14-3-29 20:35:46,1
FLX6P1B4GU,120.419,36.2299,232247,0,0,0,14-3-29 20:37:46,1
FLX6P1B4GU,120.419,36.2299,232247,0,0,0,14-3-29 20:39:46,1
FLX6P1B4GU,120.419,36.2299,232247,0,0,0,14-3-29 20:41:46,1
FLX6P1B4GU,120.419,36.2299,232247,0,0,0,14-3-29 20:43:46,1
FLX6P1B4GU,120.419,36.2298,232247,0,0,0,14-3-29 20:45:46,1
FLX6P1B4GU,120.419,36.2299,232247,0,0,0,14-3-29 20:47:46,1
FLX6P1B4GU,120.419,36.2299,232247,0,0,0,14-3-29 20:49:46,1
FLX6P1B4GU,120.419,36.2299,232247,0,0,0,14-3-29 20:51:46,1
FLX6P1B4GU,120.419,36.2299,232247,0,0,0,14-3-29 20:53:46,1
FLX6P1B4GU,120.419,36.2299,232247,0,0,0,14-3-29 20:55:46,1
FLX6P1B4GU,120.419,36.2299,232247,0,0,0,14-3-29 20:57:46,1
FLX6P1B4GU,120.419,36.2299,232247,0,0,0,14-3-29 20:59:46,1
FLX6P1B4GU,120.419,36.2299,232247,0,0,0,14-3-29 21:1:46,1
FLX6P1B4GU,120.419,36.2298,232247,0,0,0,14-3-29 21:3:46,1
FLX6P1B4GU,120.419,36.2298,232247,0,0,0,14-3-29 21:5:46,1
FLX6P1B4GU,120.419,36.2299,232247,0,0,0,14-3-29 21:7:46,1
FLX6P1B4GU,120.419,36.2298,232247,0,0,0,14-3-29 21:9:46,1
FLX6P1B4GU,120.419,36.2299,232247,0,0,0,14-3-29 21:11:46,1
FLX6P1B4GU,120.419,36.2299,232247,0,0,0,14-3-29 21:13:46,1
FLX6P1B4GU,120.419,36.2299,232247,0,0,0,14-3-29 21:15:46,1
FLX6P1B4GU,120.419,36.2299,232247,0,0,0,14-3-29 21:17:46,1
FLX6P1B4GU,120.419,36.2299,232247,0,0,0,14-3-29 21:19:46,1
FLX6P1B4GU,120.419,36.2299,232247,0,0,0,14-3-29 21:21:46,1
FLX6P1B4GU,120.419,36.2299,232247,0,0,0,14-3-29 21:23:46,1
FLX6P1B4GU,120.419,36.2299,232247,0,0,0,14-3-29 21:25:46,1
FLX6P1B4GU,120.419,36.2299,232247,0,0,0,14-3-29 21:27:46,1
FLX6P1B4GU,120.419,36.2298,232247,0,0,0,14-3-29 21:29:46,1
FLX6P1B4GU,120.419,36.2298,232247,0,0,0,14-3-29 21:31:46,1
FLX6P1B4GU,120.419,36.2298,232247,0,0,0,14-3-29 21:33:46,1
FLX6P1B4GU,120.419,36.2299,232247,0,0,0,14-3-29 21:35:46,1
FLX6P1B4GU,120.419,36.23,232247,0,0,0,14-3-29 21:37:46,1
FLX6P1B4GU,120.419,36.23,232247,0,0,0,14-3-29 21:39:46,1
FLX6P1B4GU,120.419,36.2298,232247,0,0,0,14-3-29 21:41:46,1
FLX6P1B4GU,120.419,36.2299,232247,0,0,0,14-3-29 21:43:46,1
FLX6P1B4GU,120.419,36.23,232247,0,0,0,14-3-29 21:45:46,1
FLX6P1B4GU,120.419,36.23,232247,0,0,0,14-3-29 21:47:46,1
FLX6P1B4GU,120.419,36.2299,232247,0,0,0,14-3-29 21:49:46,1
FLX6P1B4GU,120.419,36.2299,232247,0,0,0,14-3-29 21:51:46,1
FLX6P1B4GU,120.419,36.2299,232247,0,0,0,14-3-29 21:53:46,1
FLX6P1B4GU,120.419,36.2299,232247,0,0,0,14-3-29 21:55:46,1
FLX6P1B4GU,120.419,36.2299,232247,0,0,0,14-3-29 21:57:46,1
FLX6P1B4GU,120.419,36.2299,232247,0,0,0,14-3-29 21:59:46,1
FLX6P1B4GU,120.419,36.2299,232247,0,0,0,14-3-29 22:1:46,1
FLX6P1B4GU,120.419,36.2299,232247,0,0,0,14-3-29 22:3:46,1
FLX6P1B4GU,120.419,36.2299,232247,0,0,0,14-3-29 22:5:46,1
FLX6P1B4GU,120.419,36.2299,232247,0,0,0,14-3-29 22:7:46,1
FLX6P1B4GU,120.419,36.2299,232247,0,0,0,14-3-29 22:9:46,1
FLX6P1B4GU,120.419,36.2299,232247,0,0,0,14-3-29 22:11:46,1
FLX6P1B4GU,120.419,36.2299,232247,0,0,0,14-3-29 22:13:46,1
FLX6P1B4GU,120.419,36.2299,232247,0,0,0,14-3-29 22:15:46,1
FLX6P1B4GU,120.419,36.2299,232247,0,0,0,14-3-29 22:16:12,1
FLX6P1B4GU,120.419,36.2299,232247,1,48,0,14-3-29 22:18:12,1
FLX6P1B4GU,120.419,36.2299,232247,0,0,0,14-3-29 22:18:27,1
FLX6P1B4GU,120.419,36.2299,232247,0,0,0,14-3-29 22:20:27,1
FLX6P1B4GU,120.419,36.2299,232247,0,0,0,14-3-29 22:22:27,1
FLX6P1B4GU,120.419,36.2299,232247,0,0,0,14-3-29 22:24:27,1
FLX6P1B4GU,120.419,36.2298,232247,0,0,0,14-3-29 22:26:27,1
FLX6P1B4GU,120.419,36.2298,232247,0,0,0,14-3-29 22:28:27,1
FLX6P1B4GU,120.419,36.2299,232247,0,0,0,14-3-29 22:30:27,1
FLX6P1B4GU,120.419,36.2299,232247,0,0,0,14-3-29 22:32:27,1
FLX6P1B4GU,120.419,36.2298,232247,0,0,0,14-3-29 22:34:27,1
FLX6P1B4GU,120.419,36.2299,232247,0,0,0,14-3-29 22:36:27,1
FLX6P1B4GU,120.419,36.2299,232247,0,0,0,14-3-29 22:38:27,1
FLX6P1B4GU,120.419,36.2298,232247,0,0,0,14-3-29 22:40:27,1
FLX6P1B4GU,120.419,36.2299,232247,0,0,0,14-3-29 22:42:27,1
FLX6P1B4GU,120.419,36.2298,232247,0,0,0,14-3-29 22:44:27,1
FLX6P1B4GU,120.419,36.2299,232247,0,0,0,14-3-29 22:46:27,1
FLX6P1B4GU,120.419,36.2299,232247,0,0,0,14-3-29 22:48:27,1
FLX6P1B4GU,120.419,36.2298,232247,0,0,0,14-3-29 22:50:27,1
FLX6P1B4GU,120.419,36.2298,232247,0,0,0,14-3-29 22:52:27,1
FLX6P1B4GU,120.419,36.2298,232247,0,0,0,14-3-29 22:54:27,1
FLX6P1B4GU,120.419,36.2299,232247,0,0,0,14-3-29 22:56:27,1
FLX6P1B4GU,120.419,36.2298,232247,0,0,0,14-3-29 22:58:27,1
FLX6P1B4GU,120.419,36.2299,232247,0,0,0,14-3-29 23:0:27,1
FLX6P1B4GU,120.419,36.2299,232247,0,0,0,14-3-29 23:2:27,1
FLX6P1B4GU,120.419,36.2299,232247,0,0,0,14-3-29 23:4:27,1
FLX6P1B4GU,120.419,36.2299,232247,0,0,0,14-3-29 23:6:27,1
FLX6P1B4GU,120.419,36.2299,232247,0,0,0,14-3-29 23:8:27,1
FLX6P1B4GU,120.419,36.2299,232247,0,0,0,14-3-29 23:10:27,1
FLX6P1B4GU,120.419,36.2298,232247,0,0,0,14-3-29 23:12:27,1
FLX6P1B4GU,120.419,36.2299,232247,0,0,0,14-3-29 23:14:27,1
FLX6P1B4GU,120.419,36.2299,232247,0,0,0,14-3-29 23:16:27,1
FLX6P1B4GU,120.419,36.2299,232247,0,0,0,14-3-29 23:18:27,1
FLX6P1B4GU,120.419,36.2299,232247,0,0,0,14-3-29 23:19:0,1
FLX6P1B4GU,120.419,36.2303,232248,1,0,0,14-3-29 23:21:0,1
FLX6P1B4GU,120.419,36.2303,232248,0,0,0,14-3-29 23:21:11,1
FLX6P1B4GU,120.419,36.2303,232248,0,0,0,14-3-29 23:23:11,1
FLX6P1B4GU,120.419,36.2304,232248,0,0,0,14-3-29 23:25:11,1
FLX6P1B4GU,120.419,36.2304,232248,0,0,0,14-3-29 23:27:11,1
FLX6P1B4GU,120.419,36.2303,232248,0,0,0,14-3-29 23:29:11,1
FLX6P1B4GU,120.419,36.2305,232248,0,0,0,14-3-29 23:31:11,1
FLX6P1B4GU,120.419,36.2304,232248,0,0,0,14-3-29 23:33:11,1
FLX6P1B4GU,120.419,36.2304,232248,0,0,0,14-3-29 23:35:11,1
FLX6P1B4GU,120.419,36.2304,232248,0,0,0,14-3-29 23:36:37,1
FLX6P1B4GU,120.419,36.2313,232249,11,179,0,14-3-29 23:38:3,1
FLX6P1B4GU,120.419,36.2327,232250,5,0,0,14-3-29 23:39:37,1
FLX6P1B4GU,120.42,36.2328,232251,7,43,0,14-3-29 23:40:28,1
FLX6P1B4GU,120.421,36.2336,232252,18,3,0,14-3-29 23:41:4,1
FLX6P1B4GU,120.421,36.2343,232253,27,4,0,14-3-29 23:41:16,1
FLX6P1B4GU,120.422,36.2361,232255,29,4,0,14-3-29 23:41:40,1
FLX6P1B4GU,120.422,36.2378,232257,29,4,0,14-3-29 23:42:3,1
FLX6P1B4GU,120.422,36.2396,232259,37,3,0,14-3-29 23:42:24,1
FLX6P1B4GU,120.423,36.2414,232261,44,3,0,14-3-29 23:42:41,1
FLX6P1B4GU,120.423,36.2431,232263,46,1,0,14-3-29 23:42:56,1
FLX6P1B4GU,120.423,36.245,232265,44,178,0,14-3-29 23:43:12,1
FLX6P1B4GU,120.422,36.2466,232267,46,175,0,14-3-29 23:43:26,1
FLX6P1B4GU,120.421,36.2501,232271,48,170,0,14-3-29 23:43:56,1
FLX6P1B4GU,120.421,36.2516,232272,0,0,0,14-3-29 23:44:49,1
FLX6P1B4GU,120.421,36.2516,232272,0,0,0,14-3-29 23:46:49,1
FLX6P1B4GU,120.421,36.2516,232272,0,0,0,14-3-29 23:47:15,1
FLX6P1B4GU,120.421,36.2517,232272,0,0,0,14-3-29 23:49:15,1
FLX6P1B4GU,120.421,36.2517,232272,0,0,0,14-3-29 23:51:15,1
FLX6P1B4GU,120.421,36.2517,232272,0,0,0,14-3-29 23:53:15,1
FLX6P1B4GU,120.421,36.2517,232272,0,0,0,14-3-29 23:55:15,1
FLX6P1B4GU,120.421,36.2517,232272,0,0,0,14-3-29 23:57:15,1
FLX6P1B4GU,120.421,36.2517,232272,0,0,0,14-3-29 23:59:15,1
FLX6P1B4GU,120.421,36.2517,232272,0,0,0,14-3-30 0:0:1,1
