FU7SX8P1BI,116.107,39.7187,164515,0,0,0,14-3-28 0:0:13,1
FU7SX8P1BI,116.107,39.7187,164515,0,0,0,14-3-28 0:2:13,1
FU7SX8P1BI,116.107,39.7187,164515,0,0,0,14-3-28 0:4:4,1
FU7SX8P1BI,116.107,39.7187,164515,0,0,0,14-3-28 0:6:13,1
FU7SX8P1BI,116.107,39.7187,164515,0,0,0,14-3-28 0:8:13,1
FU7SX8P1BI,116.107,39.7187,164515,0,0,0,14-3-28 0:9:7,1
FU7SX8P1BI,116.107,39.7187,164515,0,0,0,14-3-28 0:10:13,1
FU7SX8P1BI,116.107,39.7187,164515,0,0,0,14-3-28 0:12:13,1
FU7SX8P1BI,116.107,39.7187,164515,0,0,0,14-3-28 0:14:8,1
FU7SX8P1BI,116.107,39.7187,164515,0,0,0,14-3-28 0:14:13,1
FU7SX8P1BI,116.107,39.7187,164515,0,0,0,14-3-28 0:16:13,1
FU7SX8P1BI,116.107,39.7187,164515,0,0,0,14-3-28 0:18:13,1
FU7SX8P1BI,116.107,39.7187,164515,0,0,0,14-3-28 0:19:9,1
FU7SX8P1BI,116.107,39.7187,164515,0,0,0,14-3-28 0:20:13,1
FU7SX8P1BI,116.107,39.7187,164515,0,0,0,14-3-28 0:22:13,1
FU7SX8P1BI,116.107,39.7187,164515,0,0,0,14-3-28 0:24:10,1
FU7SX8P1BI,116.107,39.7187,164515,0,0,0,14-3-28 0:24:13,1
FU7SX8P1BI,116.107,39.7187,164515,0,0,0,14-3-28 0:26:13,1
FU7SX8P1BI,116.107,39.7187,164515,0,0,0,14-3-28 0:28:13,1
FU7SX8P1BI,116.107,39.7187,164515,0,0,0,14-3-28 0:29:11,1
FU7SX8P1BI,116.107,39.7187,164515,0,0,0,14-3-28 0:30:13,1
FU7SX8P1BI,116.107,39.7187,164515,0,0,0,14-3-28 0:32:13,1
FU7SX8P1BI,116.107,39.7187,164515,0,0,0,14-3-28 0:34:13,1
FU7SX8P1BI,116.107,39.7187,164515,0,0,0,14-3-28 0:36:13,1
FU7SX8P1BI,116.107,39.7187,164515,0,0,0,14-3-28 0:38:12,1
FU7SX8P1BI,116.107,39.7187,164515,0,0,0,14-3-28 0:39:13,1
FU7SX8P1BI,116.107,39.7187,164515,0,0,0,14-3-28 0:40:12,1
FU7SX8P1BI,116.107,39.7187,164515,0,0,0,14-3-28 0:42:12,1
FU7SX8P1BI,116.107,39.7187,164515,0,0,0,14-3-28 0:44:14,1
FU7SX8P1BI,116.107,39.7187,164515,0,0,0,14-3-28 0:46:12,1
FU7SX8P1BI,116.107,39.7187,164515,0,0,0,14-3-28 0:48:12,1
FU7SX8P1BI,116.107,39.7187,164515,0,0,0,14-3-28 0:49:14,1
FU7SX8P1BI,116.107,39.7187,164515,0,0,0,14-3-28 0:50:12,1
FU7SX8P1BI,116.107,39.7187,164515,0,0,0,14-3-28 0:52:12,1
FU7SX8P1BI,116.107,39.7187,164515,0,0,0,14-3-28 0:54:16,1
FU7SX8P1BI,116.107,39.7187,164515,0,0,0,14-3-28 0:56:12,1
FU7SX8P1BI,116.107,39.7187,164515,0,0,0,14-3-28 0:58:12,1
FU7SX8P1BI,116.107,39.7187,164515,0,0,0,14-3-28 0:59:16,1
FU7SX8P1BI,116.107,39.7187,164515,0,0,0,14-3-28 1:0:12,1
FU7SX8P1BI,116.107,39.7187,164515,0,0,0,14-3-28 1:2:12,1
FU7SX8P1BI,116.107,39.7187,164515,0,0,0,14-3-28 1:4:17,1
FU7SX8P1BI,116.107,39.7187,164515,0,0,0,14-3-28 1:6:12,1
FU7SX8P1BI,116.107,39.7187,164515,0,0,0,14-3-28 1:8:12,1
FU7SX8P1BI,116.107,39.7187,164515,0,0,0,14-3-28 1:9:18,1
FU7SX8P1BI,116.107,39.7187,164515,0,0,0,14-3-28 1:10:12,1
FU7SX8P1BI,116.107,39.7187,164515,0,0,0,14-3-28 1:12:12,1
FU7SX8P1BI,116.107,39.7187,164515,0,0,0,14-3-28 1:14:19,1
FU7SX8P1BI,116.107,39.7187,164515,0,0,0,14-3-28 1:16:12,1
FU7SX8P1BI,116.107,39.7187,164515,0,0,0,14-3-28 1:18:12,1
FU7SX8P1BI,116.107,39.7187,164515,0,0,0,14-3-28 1:19:20,1
FU7SX8P1BI,116.107,39.7188,164515,0,0,0,14-3-28 1:20:12,1
FU7SX8P1BI,116.107,39.7188,164515,0,175,0,14-3-28 1:22:12,1
FU7SX8P1BI,116.107,39.7188,164515,0,0,0,14-3-28 1:24:12,1
FU7SX8P1BI,116.107,39.7188,164515,0,0,0,14-3-28 1:24:21,1
FU7SX8P1BI,116.107,39.7189,164515,0,0,0,14-3-28 1:26:12,1
FU7SX8P1BI,116.108,39.7198,164519,23,175,0,14-3-28 1:28:1,1
FU7SX8P1BI,116.109,39.7219,164520,16,40,0,14-3-28 1:29:9,1
FU7SX8P1BI,116.11,39.7219,164522,29,45,0,14-3-28 1:29:22,1
FU7SX8P1BI,116.143,39.7086,164523,0,0,0,14-3-28 1:51:53,0
FU7SX8P1BI,116.143,39.7086,164523,0,0,0,14-3-28 2:12:53,0
FU7SX8P1BI,116.143,39.7086,164523,0,0,0,14-3-28 2:33:51,0
FU7SX8P1BI,116.143,39.7086,164523,0,0,0,14-3-28 2:33:57,0
FU7SX8P1BI,116.671,39.6585,164525,0,10,0,14-3-28 2:35:4,1
FU7SX8P1BI,116.671,39.6585,164525,0,0,0,14-3-28 3:13:57,0
FU7SX8P1BI,116.671,39.6585,164525,0,0,0,14-3-28 3:14:51,0
FU7SX8P1BI,116.671,39.6585,164525,0,0,0,14-3-28 3:16:51,0
FU7SX8P1BI,116.671,39.6585,164525,0,0,0,14-3-28 3:18:54,0
FU7SX8P1BI,117.07,39.4064,164525,0,10,0,14-3-28 3:20:52,1
FU7SX8P1BI,117.07,39.4064,164525,0,10,0,14-3-28 3:22:50,1
FU7SX8P1BI,117.07,39.4064,164525,0,10,0,14-3-28 3:23:54,1
FU7SX8P1BI,117.07,39.4046,164527,29,85,0,14-3-28 3:24:50,1
FU7SX8P1BI,117.07,39.4026,164529,38,90,0,14-3-28 3:25:14,1
FU7SX8P1BI,117.07,39.4007,164530,49,95,0,14-3-28 3:25:31,1
FU7SX8P1BI,117.069,39.399,164533,53,100,0,14-3-28 3:25:45,1
FU7SX8P1BI,117.07,39.4064,164535,0,0,0,14-3-28 3:54:6,0
FU7SX8P1BI,117.07,39.4064,164535,0,0,0,14-3-28 3:54:11,0
FU7SX8P1BI,117.094,39.2009,164535,14,130,0,14-3-28 3:55:25,1
FU7SX8P1BI,117.092,39.2002,164538,12,90,0,14-3-28 3:56:22,1
FU7SX8P1BI,117.093,39.1994,164539,0,145,0,14-3-28 3:58:22,1
FU7SX8P1BI,117.093,39.1994,164539,0,0,0,14-3-28 3:59:5,1
FU7SX8P1BI,117.092,39.1994,164539,0,0,0,14-3-28 4:0:20,1
FU7SX8P1BI,117.093,39.1994,164539,0,0,0,14-3-28 4:2:20,1
FU7SX8P1BI,117.092,39.1995,164539,0,0,0,14-3-28 4:4:6,1
FU7SX8P1BI,117.092,39.1995,164539,0,105,0,14-3-28 4:4:20,1
FU7SX8P1BI,117.092,39.1996,164539,0,0,0,14-3-28 4:6:20,1
FU7SX8P1BI,117.093,39.1995,164539,0,0,0,14-3-28 4:8:20,1
FU7SX8P1BI,117.092,39.1995,164539,0,0,0,14-3-28 4:9:8,1
FU7SX8P1BI,117.092,39.1995,164539,0,0,0,14-3-28 4:10:20,1
FU7SX8P1BI,117.093,39.1995,164539,0,110,0,14-3-28 4:12:20,1
FU7SX8P1BI,117.093,39.1995,164539,0,0,0,14-3-28 4:14:9,1
FU7SX8P1BI,117.093,39.1995,164539,0,0,0,14-3-28 4:14:20,1
FU7SX8P1BI,117.093,39.1995,164539,0,0,0,14-3-28 4:16:20,1
FU7SX8P1BI,117.093,39.1995,164539,0,0,0,14-3-28 4:18:20,1
FU7SX8P1BI,117.093,39.1995,164539,0,0,0,14-3-28 4:19:10,1
FU7SX8P1BI,117.093,39.1995,164539,0,0,0,14-3-28 4:20:20,1
FU7SX8P1BI,117.093,39.1995,164539,0,155,0,14-3-28 4:22:20,1
FU7SX8P1BI,117.092,39.1995,164539,0,0,0,14-3-28 4:24:11,1
FU7SX8P1BI,117.092,39.1995,164539,0,0,0,14-3-28 4:24:20,1
FU7SX8P1BI,117.093,39.1995,164539,0,0,0,14-3-28 4:26:20,1
FU7SX8P1BI,117.093,39.1995,164539,0,0,0,14-3-28 4:28:20,1
FU7SX8P1BI,117.093,39.1995,164539,0,0,0,14-3-28 4:29:12,1
FU7SX8P1BI,117.093,39.1995,164539,0,0,0,14-3-28 4:30:20,1
FU7SX8P1BI,117.093,39.1995,164539,0,0,0,14-3-28 4:32:20,1
FU7SX8P1BI,117.093,39.1995,164539,0,0,0,14-3-28 4:34:14,1
FU7SX8P1BI,117.093,39.1995,164539,0,0,0,14-3-28 4:34:20,1
FU7SX8P1BI,117.093,39.1995,164539,0,0,0,14-3-28 4:36:19,1
FU7SX8P1BI,117.093,39.1995,164539,0,0,0,14-3-28 4:38:19,1
FU7SX8P1BI,117.093,39.1995,164539,0,0,0,14-3-28 4:39:20,1
FU7SX8P1BI,117.093,39.1995,164539,0,0,0,14-3-28 4:40:20,1
FU7SX8P1BI,117.093,39.1995,164539,0,0,0,14-3-28 4:42:20,1
FU7SX8P1BI,117.093,39.1995,164539,0,0,0,14-3-28 4:44:23,1
FU7SX8P1BI,117.093,39.1995,164539,0,0,0,14-3-28 4:46:19,1
FU7SX8P1BI,117.093,39.1995,164539,0,0,0,14-3-28 4:48:19,1
FU7SX8P1BI,117.093,39.1995,164539,0,0,0,14-3-28 4:49:23,1
FU7SX8P1BI,117.093,39.1995,164539,0,0,0,14-3-28 4:50:19,1
FU7SX8P1BI,117.093,39.1995,164539,0,0,0,14-3-28 4:52:19,1
FU7SX8P1BI,117.093,39.1995,164539,0,0,0,14-3-28 4:54:24,1
FU7SX8P1BI,117.093,39.1995,164539,0,0,0,14-3-28 4:56:19,1
FU7SX8P1BI,117.093,39.1995,164539,0,0,0,14-3-28 4:58:19,1
FU7SX8P1BI,117.093,39.1995,164539,0,0,0,14-3-28 4:59:25,1
FU7SX8P1BI,117.093,39.1995,164539,0,0,0,14-3-28 5:0:19,1
FU7SX8P1BI,117.093,39.1995,164539,0,0,0,14-3-28 5:2:19,1
FU7SX8P1BI,117.093,39.1995,164539,0,0,0,14-3-28 5:4:19,1
FU7SX8P1BI,117.093,39.1995,164539,0,0,0,14-3-28 5:4:26,1
FU7SX8P1BI,117.093,39.1995,164539,0,0,0,14-3-28 5:6:19,1
FU7SX8P1BI,117.093,39.1995,164539,0,0,0,14-3-28 5:8:19,1
FU7SX8P1BI,117.093,39.1995,164539,0,0,0,14-3-28 5:9:30,1
FU7SX8P1BI,117.093,39.1995,164539,0,0,0,14-3-28 5:10:19,1
FU7SX8P1BI,117.093,39.1995,164539,0,0,0,14-3-28 5:12:19,1
FU7SX8P1BI,117.093,39.1995,164539,0,0,0,14-3-28 5:14:19,1
FU7SX8P1BI,117.093,39.1995,164539,0,0,0,14-3-28 5:14:31,1
FU7SX8P1BI,117.093,39.1994,164539,0,0,0,14-3-28 5:16:19,1
FU7SX8P1BI,117.093,39.1994,164539,0,0,0,14-3-28 5:18:19,1
FU7SX8P1BI,117.093,39.1994,164539,0,0,0,14-3-28 5:19:32,1
FU7SX8P1BI,117.093,39.1994,164539,0,0,0,14-3-28 5:22:19,1
FU7SX8P1BI,117.093,39.1994,164539,0,0,0,14-3-28 5:24:19,1
FU7SX8P1BI,117.093,39.1994,164539,0,0,0,14-3-28 5:24:33,1
FU7SX8P1BI,117.093,39.1994,164539,0,0,0,14-3-28 5:26:19,1
FU7SX8P1BI,117.093,39.1994,164539,0,0,0,14-3-28 5:28:19,1
FU7SX8P1BI,117.093,39.1994,164539,0,0,0,14-3-28 5:29:34,1
FU7SX8P1BI,117.093,39.1994,164539,0,0,0,14-3-28 5:30:19,1
FU7SX8P1BI,117.093,39.1994,164539,0,0,0,14-3-28 5:32:19,1
FU7SX8P1BI,117.093,39.1994,164539,0,0,0,14-3-28 5:34:19,1
FU7SX8P1BI,117.093,39.1994,164539,0,0,0,14-3-28 5:34:35,1
FU7SX8P1BI,117.093,39.1994,164539,0,0,0,14-3-28 5:36:19,1
FU7SX8P1BI,117.093,39.1994,164539,0,0,0,14-3-28 5:38:19,1
FU7SX8P1BI,117.093,39.1994,164539,0,0,0,14-3-28 5:39:36,1
FU7SX8P1BI,117.093,39.1994,164539,0,0,0,14-3-28 5:40:19,1
FU7SX8P1BI,117.093,39.1994,164539,0,0,0,14-3-28 5:42:19,1
FU7SX8P1BI,117.093,39.1994,164539,0,0,0,14-3-28 5:44:19,1
FU7SX8P1BI,117.093,39.1994,164539,0,0,0,14-3-28 5:44:37,1
FU7SX8P1BI,117.093,39.1994,164539,0,0,0,14-3-28 5:46:19,1
FU7SX8P1BI,117.093,39.1994,164539,0,0,0,14-3-28 5:48:19,1
FU7SX8P1BI,117.093,39.1994,164539,0,0,0,14-3-28 5:49:38,1
FU7SX8P1BI,117.093,39.1994,164539,0,0,0,14-3-28 5:50:19,1
FU7SX8P1BI,117.093,39.1994,164539,0,0,0,14-3-28 5:52:19,1
FU7SX8P1BI,117.093,39.1994,164539,0,0,0,14-3-28 5:54:19,1
FU7SX8P1BI,117.093,39.1994,164539,0,0,0,14-3-28 5:54:39,1
FU7SX8P1BI,117.093,39.1994,164539,0,0,0,14-3-28 5:56:19,1
FU7SX8P1BI,117.093,39.1994,164539,0,0,0,14-3-28 5:58:19,1
FU7SX8P1BI,117.093,39.1994,164539,0,0,0,14-3-28 5:59:40,1
FU7SX8P1BI,117.093,39.1994,164539,0,0,0,14-3-28 6:0:19,1
FU7SX8P1BI,117.093,39.1994,164539,0,0,0,14-3-28 6:2:19,1
FU7SX8P1BI,117.093,39.1994,164539,0,0,0,14-3-28 6:4:19,1
FU7SX8P1BI,117.093,39.1994,164539,0,0,0,14-3-28 6:4:41,1
FU7SX8P1BI,117.093,39.1994,164539,0,0,0,14-3-28 6:6:19,1
FU7SX8P1BI,117.093,39.1994,164539,0,0,0,14-3-28 6:8:19,1
FU7SX8P1BI,117.093,39.1994,164539,0,0,0,14-3-28 6:9:42,1
FU7SX8P1BI,117.093,39.1994,164539,0,0,0,14-3-28 6:10:19,1
FU7SX8P1BI,117.093,39.1994,164539,0,0,0,14-3-28 6:12:19,1
FU7SX8P1BI,117.093,39.1994,164539,0,0,0,14-3-28 6:14:19,1
FU7SX8P1BI,117.093,39.1994,164539,0,0,0,14-3-28 6:14:43,1
FU7SX8P1BI,117.093,39.1994,164539,0,0,0,14-3-28 6:16:19,1
FU7SX8P1BI,117.093,39.1994,164539,0,0,0,14-3-28 6:18:19,1
FU7SX8P1BI,117.093,39.1994,164539,0,0,0,14-3-28 6:19:44,1
FU7SX8P1BI,117.093,39.1994,164539,0,0,0,14-3-28 6:20:19,1
FU7SX8P1BI,117.093,39.1994,164539,0,0,0,14-3-28 6:22:19,1
FU7SX8P1BI,117.093,39.1994,164539,0,0,0,14-3-28 6:24:19,1
FU7SX8P1BI,117.093,39.1994,164539,0,0,0,14-3-28 6:24:45,1
FU7SX8P1BI,117.093,39.1994,164539,0,0,0,14-3-28 6:26:19,1
FU7SX8P1BI,117.093,39.1994,164539,0,0,0,14-3-28 6:28:19,1
FU7SX8P1BI,117.093,39.1994,164539,0,0,0,14-3-28 6:29:47,1
FU7SX8P1BI,117.093,39.1994,164539,0,0,0,14-3-28 6:30:19,1
FU7SX8P1BI,117.093,39.1994,164539,0,0,0,14-3-28 6:32:19,1
FU7SX8P1BI,117.093,39.1994,164539,0,0,0,14-3-28 6:34:19,1
FU7SX8P1BI,117.093,39.1994,164539,0,0,0,14-3-28 6:34:50,1
FU7SX8P1BI,117.093,39.1994,164539,0,0,0,14-3-28 6:36:19,1
FU7SX8P1BI,117.093,39.1994,164539,0,0,0,14-3-28 6:38:19,1
FU7SX8P1BI,117.093,39.1994,164539,0,0,0,14-3-28 6:39:53,1
FU7SX8P1BI,117.093,39.1994,164539,0,0,0,14-3-28 6:40:19,1
FU7SX8P1BI,117.093,39.1994,164539,0,0,0,14-3-28 6:42:19,1
FU7SX8P1BI,117.093,39.1994,164539,0,0,0,14-3-28 6:44:19,1
FU7SX8P1BI,117.093,39.1994,164539,0,0,0,14-3-28 6:44:56,1
FU7SX8P1BI,117.093,39.1994,164539,0,0,0,14-3-28 6:46:19,1
FU7SX8P1BI,117.093,39.1994,164539,0,0,0,14-3-28 6:48:19,1
FU7SX8P1BI,117.093,39.1994,164539,0,0,0,14-3-28 6:49:57,1
FU7SX8P1BI,117.093,39.1994,164539,0,0,0,14-3-28 6:50:19,1
FU7SX8P1BI,117.093,39.1994,164539,0,0,0,14-3-28 6:52:19,1
FU7SX8P1BI,117.093,39.1994,164539,0,0,0,14-3-28 6:54:19,1
FU7SX8P1BI,117.093,39.1994,164539,0,0,0,14-3-28 6:54:58,1
FU7SX8P1BI,117.093,39.1994,164539,0,0,0,14-3-28 6:56:19,1
FU7SX8P1BI,117.093,39.1994,164539,0,0,0,14-3-28 6:58:19,1
FU7SX8P1BI,117.093,39.1994,164539,0,0,0,14-3-28 6:59:59,1
FU7SX8P1BI,117.093,39.1994,164539,0,0,0,14-3-28 7:0:19,1
FU7SX8P1BI,117.093,39.1994,164539,0,0,0,14-3-28 7:2:19,1
FU7SX8P1BI,117.093,39.1994,164539,0,0,0,14-3-28 7:4:19,1
FU7SX8P1BI,117.093,39.1994,164539,0,0,0,14-3-28 7:5:0,1
FU7SX8P1BI,117.093,39.1994,164539,0,0,0,14-3-28 7:6:19,1
FU7SX8P1BI,117.093,39.1994,164539,0,0,0,14-3-28 7:8:18,1
FU7SX8P1BI,117.093,39.1994,164539,0,0,0,14-3-28 7:10:0,1
FU7SX8P1BI,117.093,39.1994,164539,0,0,0,14-3-28 7:10:19,1
FU7SX8P1BI,117.093,39.1994,164539,0,0,0,14-3-28 7:12:19,1
FU7SX8P1BI,117.093,39.1994,164539,0,0,0,14-3-28 7:14:18,1
FU7SX8P1BI,117.093,39.1994,164539,0,0,0,14-3-28 7:15:1,1
FU7SX8P1BI,117.093,39.1994,164539,0,0,0,14-3-28 7:16:18,1
FU7SX8P1BI,117.093,39.1994,164539,0,0,0,14-3-28 7:18:18,1
FU7SX8P1BI,117.093,39.1994,164539,0,0,0,14-3-28 7:20:2,1
FU7SX8P1BI,117.093,39.1994,164539,0,0,0,14-3-28 7:20:18,1
FU7SX8P1BI,117.093,39.1994,164539,0,0,0,14-3-28 7:22:18,1
FU7SX8P1BI,117.093,39.1994,164539,0,0,0,14-3-28 7:24:18,1
FU7SX8P1BI,117.093,39.1994,164539,0,0,0,14-3-28 7:25:12,1
FU7SX8P1BI,117.093,39.1994,164539,0,0,0,14-3-28 7:26:18,1
FU7SX8P1BI,117.093,39.1994,164539,0,0,0,14-3-28 7:28:18,1
FU7SX8P1BI,117.093,39.1994,164539,0,0,0,14-3-28 7:30:12,1
FU7SX8P1BI,117.093,39.1994,164539,0,0,0,14-3-28 7:30:18,1
FU7SX8P1BI,117.093,39.1994,164539,0,0,0,14-3-28 7:32:18,1
FU7SX8P1BI,117.093,39.1994,164539,0,0,0,14-3-28 7:34:18,1
FU7SX8P1BI,117.093,39.1994,164539,0,0,0,14-3-28 7:35:13,1
FU7SX8P1BI,117.093,39.1994,164539,0,0,0,14-3-28 7:36:18,1
FU7SX8P1BI,117.093,39.1994,164539,0,0,0,14-3-28 7:38:18,1
FU7SX8P1BI,117.093,39.1994,164539,0,0,0,14-3-28 7:40:14,1
FU7SX8P1BI,117.093,39.1994,164539,0,0,0,14-3-28 7:40:18,1
FU7SX8P1BI,117.093,39.1994,164539,0,0,0,14-3-28 7:42:18,1
FU7SX8P1BI,117.093,39.1994,164539,0,0,0,14-3-28 7:44:18,1
FU7SX8P1BI,117.093,39.1994,164539,0,0,0,14-3-28 7:45:15,1
FU7SX8P1BI,117.093,39.1994,164539,0,0,0,14-3-28 7:46:18,1
FU7SX8P1BI,117.093,39.1994,164539,0,0,0,14-3-28 7:48:18,1
FU7SX8P1BI,117.093,39.1994,164539,0,0,0,14-3-28 7:50:18,1
FU7SX8P1BI,117.093,39.1994,164539,0,0,0,14-3-28 7:52:18,1
FU7SX8P1BI,117.093,39.1994,164539,0,0,0,14-3-28 7:54:18,1
FU7SX8P1BI,117.093,39.1994,164539,0,0,0,14-3-28 7:55:17,1
FU7SX8P1BI,117.093,39.1994,164539,0,0,0,14-3-28 7:56:18,1
FU7SX8P1BI,117.093,39.1994,164539,0,0,0,14-3-28 7:58:18,1
FU7SX8P1BI,117.093,39.1994,164539,0,0,0,14-3-28 8:0:21,1
FU7SX8P1BI,117.093,39.1994,164539,0,0,0,14-3-28 8:2:18,1
FU7SX8P1BI,117.093,39.1994,164539,0,0,0,14-3-28 8:4:18,1
FU7SX8P1BI,117.093,39.1994,164539,0,0,0,14-3-28 8:5:22,1
FU7SX8P1BI,117.093,39.1994,164539,0,0,0,14-3-28 8:6:18,1
FU7SX8P1BI,117.093,39.1994,164539,0,0,0,14-3-28 8:8:18,1
FU7SX8P1BI,117.093,39.1994,164539,0,0,0,14-3-28 8:10:31,1
FU7SX8P1BI,117.093,39.1994,164539,0,0,0,14-3-28 8:12:18,1
FU7SX8P1BI,117.093,39.1994,164539,0,0,0,14-3-28 8:14:18,1
FU7SX8P1BI,117.093,39.1994,164539,0,0,0,14-3-28 8:15:32,1
FU7SX8P1BI,117.093,39.1994,164539,0,0,0,14-3-28 8:16:18,1
FU7SX8P1BI,117.093,39.1994,164539,0,0,0,14-3-28 8:18:18,1
FU7SX8P1BI,117.093,39.1994,164539,0,0,0,14-3-28 8:20:18,1
FU7SX8P1BI,117.093,39.1994,164539,0,0,0,14-3-28 8:20:33,1
FU7SX8P1BI,117.093,39.1994,164539,0,0,0,14-3-28 8:22:18,1
FU7SX8P1BI,117.093,39.1994,164539,0,0,0,14-3-28 8:24:18,1
FU7SX8P1BI,117.093,39.1994,164539,0,0,0,14-3-28 8:25:34,1
FU7SX8P1BI,117.093,39.1994,164539,0,0,0,14-3-28 8:26:18,1
FU7SX8P1BI,117.093,39.1994,164539,0,0,0,14-3-28 8:28:18,1
FU7SX8P1BI,117.093,39.1994,164539,0,0,0,14-3-28 8:30:18,1
FU7SX8P1BI,117.093,39.1994,164539,0,0,0,14-3-28 8:30:35,1
FU7SX8P1BI,117.093,39.1994,164539,0,0,0,14-3-28 8:32:18,1
FU7SX8P1BI,117.093,39.1994,164539,0,0,0,14-3-28 8:34:18,1
FU7SX8P1BI,117.093,39.1994,164539,0,0,0,14-3-28 8:35:36,1
FU7SX8P1BI,117.093,39.1994,164539,0,0,0,14-3-28 8:36:18,1
FU7SX8P1BI,117.093,39.1994,164539,0,0,0,14-3-28 8:38:18,1
FU7SX8P1BI,117.093,39.1994,164539,0,0,0,14-3-28 8:40:37,1
FU7SX8P1BI,117.093,39.1994,164539,0,0,0,14-3-28 8:42:18,1
FU7SX8P1BI,117.093,39.1994,164539,0,0,0,14-3-28 8:44:18,1
FU7SX8P1BI,117.093,39.1994,164539,0,0,0,14-3-28 8:45:38,1
FU7SX8P1BI,117.093,39.1994,164539,0,0,0,14-3-28 8:46:18,1
FU7SX8P1BI,117.093,39.1994,164539,0,0,0,14-3-28 8:48:18,1
FU7SX8P1BI,117.093,39.1994,164539,0,0,0,14-3-28 8:50:18,1
FU7SX8P1BI,117.093,39.1994,164539,0,0,0,14-3-28 8:50:39,1
FU7SX8P1BI,117.093,39.1994,164539,0,0,0,14-3-28 8:52:18,1
FU7SX8P1BI,117.093,39.1994,164539,0,0,0,14-3-28 8:54:24,1
FU7SX8P1BI,117.093,39.1994,164539,0,0,0,14-3-28 8:55:40,1
FU7SX8P1BI,117.093,39.1994,164539,0,0,0,14-3-28 8:56:23,1
FU7SX8P1BI,117.093,39.1994,164539,0,0,0,14-3-28 8:58:23,1
FU7SX8P1BI,117.093,39.1994,164539,0,0,0,14-3-28 9:0:23,1
FU7SX8P1BI,117.093,39.1994,164539,0,0,0,14-3-28 9:0:41,1
FU7SX8P1BI,117.093,39.1994,164539,0,0,0,14-3-28 9:2:23,1
FU7SX8P1BI,117.093,39.1994,164539,0,0,0,14-3-28 9:4:23,1
FU7SX8P1BI,117.093,39.1994,164539,0,0,0,14-3-28 9:5:42,1
FU7SX8P1BI,117.093,39.1994,164539,0,0,0,14-3-28 9:6:23,1
FU7SX8P1BI,117.093,39.1994,164539,0,0,0,14-3-28 9:8:23,1
FU7SX8P1BI,117.093,39.1994,164539,0,0,0,14-3-28 9:10:23,1
FU7SX8P1BI,117.093,39.1994,164539,0,0,0,14-3-28 9:10:43,1
FU7SX8P1BI,117.093,39.1994,164539,0,0,0,14-3-28 9:12:23,1
FU7SX8P1BI,117.092,39.1995,164539,0,0,0,14-3-28 9:14:23,1
FU7SX8P1BI,117.092,39.1995,164539,0,0,0,14-3-28 9:15:44,1
FU7SX8P1BI,117.092,39.1995,164539,0,0,0,14-3-28 9:16:23,1
FU7SX8P1BI,117.092,39.1995,164539,0,0,0,14-3-28 9:18:23,1
FU7SX8P1BI,117.092,39.1995,164539,0,0,0,14-3-28 9:20:23,1
FU7SX8P1BI,117.092,39.1995,164539,0,0,0,14-3-28 9:20:45,1
FU7SX8P1BI,117.093,39.1995,164539,0,0,0,14-3-28 9:22:23,1
FU7SX8P1BI,117.093,39.1994,164539,0,0,0,14-3-28 9:24:23,1
FU7SX8P1BI,117.093,39.1994,164539,0,15,0,14-3-28 9:26:23,1
FU7SX8P1BI,117.092,39.1988,164540,5,100,0,14-3-28 9:28:23,1
FU7SX8P1BI,117.092,39.1987,164540,0,0,0,14-3-28 9:30:23,1
FU7SX8P1BI,117.091,39.1987,164540,3,155,0,14-3-28 9:30:47,1
FU7SX8P1BI,117.091,39.2006,164543,16,25,0,14-3-28 9:31:42,1
FU7SX8P1BI,117.094,39.2009,164545,12,0,0,14-3-28 9:32:18,1
FU7SX8P1BI,117.094,39.2029,164547,25,175,0,14-3-28 9:32:53,1
FU7SX8P1BI,117.096,39.2035,164550,11,25,0,14-3-28 9:34:46,1
FU7SX8P1BI,117.095,39.2038,164552,31,130,0,14-3-28 9:35:48,1
FU7SX8P1BI,117.093,39.2036,164554,40,130,0,14-3-28 9:36:5,1
FU7SX8P1BI,117.09,39.2034,164555,53,130,0,14-3-28 9:36:21,1
FU7SX8P1BI,117.088,39.2032,164558,58,130,0,14-3-28 9:36:34,1
FU7SX8P1BI,117.083,39.2028,164563,44,130,0,14-3-28 9:37:4,1
FU7SX8P1BI,117.08,39.2027,164565,47,135,0,14-3-28 9:37:20,1
FU7SX8P1BI,117.078,39.2029,164567,51,135,0,14-3-28 9:37:35,1
FU7SX8P1BI,117.073,39.2038,164570,60,140,0,14-3-28 9:38:2,1
FU7SX8P1BI,117.068,39.2047,164575,64,140,0,14-3-28 9:38:26,1
FU7SX8P1BI,117.066,39.2049,164578,66,135,0,14-3-28 9:38:37,1
FU7SX8P1BI,117.064,39.205,164580,58,130,0,14-3-28 9:38:48,1
FU7SX8P1BI,117.054,39.2031,164589,60,120,0,14-3-28 9:39:46,1
FU7SX8P1BI,117.052,39.2024,164590,66,125,0,14-3-28 9:39:58,1
FU7SX8P1BI,117.05,39.2019,164593,66,125,0,14-3-28 9:40:9,1
FU7SX8P1BI,117.047,39.2017,164595,66,130,0,14-3-28 9:40:20,1
FU7SX8P1BI,117.045,39.2016,164597,64,135,0,14-3-28 9:40:31,1
FU7SX8P1BI,117.04,39.202,164600,68,140,0,14-3-28 9:40:53,1
FU7SX8P1BI,117.038,39.2025,164604,69,140,0,14-3-28 9:41:4,1
FU7SX8P1BI,117.035,39.2032,164605,71,145,0,14-3-28 9:41:14,1
FU7SX8P1BI,117.033,39.204,164608,68,145,0,14-3-28 9:41:25,1
FU7SX8P1BI,117.031,39.2047,164610,47,145,0,14-3-28 9:41:37,1
FU7SX8P1BI,117.031,39.2062,164612,38,5,0,14-3-28 9:42:2,1
FU7SX8P1BI,117.031,39.2081,164614,42,175,0,14-3-28 9:42:21,1
FU7SX8P1BI,117.031,39.2101,164617,47,175,0,14-3-28 9:42:36,1
FU7SX8P1BI,117.031,39.212,164619,38,175,0,14-3-28 9:42:53,1
FU7SX8P1BI,117.031,39.2139,164620,42,175,0,14-3-28 9:43:10,1
FU7SX8P1BI,117.031,39.2159,164623,42,175,0,14-3-28 9:43:28,1
FU7SX8P1BI,117.031,39.218,164625,31,175,0,14-3-28 9:44:7,1
FU7SX8P1BI,117.031,39.2199,164627,46,175,0,14-3-28 9:44:26,1
FU7SX8P1BI,117.031,39.2218,164629,33,170,0,14-3-28 9:44:44,1
FU7SX8P1BI,117.03,39.2233,164630,9,170,0,14-3-28 9:45:50,1
FU7SX8P1BI,117.03,39.2239,164632,11,170,0,14-3-28 9:46:8,1
FU7SX8P1BI,117.03,39.2259,164634,9,40,0,14-3-28 9:47:41,1
FU7SX8P1BI,117.032,39.2262,164635,38,40,0,14-3-28 9:48:10,1
FU7SX8P1BI,117.035,39.2266,164638,29,35,0,14-3-28 9:48:39,1
FU7SX8P1BI,117.037,39.2271,164640,44,35,0,14-3-28 9:48:59,1
FU7SX8P1BI,117.039,39.2277,164643,51,35,0,14-3-28 9:49:14,1
FU7SX8P1BI,117.041,39.2283,164645,42,30,0,14-3-28 9:49:28,1
FU7SX8P1BI,117.051,39.231,164653,33,35,0,14-3-28 9:51:1,1
FU7SX8P1BI,117.053,39.2316,164655,46,35,0,14-3-28 9:51:18,1
FU7SX8P1BI,117.056,39.2323,164658,23,30,0,14-3-28 9:52:10,1
FU7SX8P1BI,117.058,39.2328,164660,42,40,0,14-3-28 9:52:31,1
FU7SX8P1BI,117.061,39.2328,164662,49,45,0,14-3-28 9:52:46,1
FU7SX8P1BI,117.062,39.2319,164664,12,100,0,14-3-28 9:53:27,1
FU7SX8P1BI,117.06,39.2311,164665,33,125,0,14-3-28 9:54:0,1
FU7SX8P1BI,117.058,39.2311,164669,49,130,0,14-3-28 9:54:17,1
FU7SX8P1BI,117.055,39.2311,164670,53,130,0,14-3-28 9:54:33,1
FU7SX8P1BI,117.051,39.2307,164675,64,125,0,14-3-28 9:54:57,1
FU7SX8P1BI,117.048,39.23,164677,64,120,0,14-3-28 9:55:9,1
FU7SX8P1BI,117.046,39.2294,164679,42,125,0,14-3-28 9:55:22,1
FU7SX8P1BI,117.045,39.2291,164680,0,0,0,14-3-28 9:55:54,1
FU7SX8P1BI,117.043,39.2286,164682,31,120,0,14-3-28 9:57:14,1
FU7SX8P1BI,117.041,39.2279,164684,47,120,0,14-3-28 9:57:33,1
FU7SX8P1BI,117.039,39.2272,164685,55,125,0,14-3-28 9:57:48,1
FU7SX8P1BI,117.036,39.2267,164688,64,125,0,14-3-28 9:58:0,1
FU7SX8P1BI,117.034,39.2262,164690,66,125,0,14-3-28 9:58:11,1
FU7SX8P1BI,117.032,39.2259,164692,68,130,0,14-3-28 9:58:22,1
FU7SX8P1BI,117.029,39.2256,164695,68,130,0,14-3-28 9:58:33,1
FU7SX8P1BI,117.027,39.2254,164697,69,130,0,14-3-28 9:58:44,1
FU7SX8P1BI,117.024,39.2254,164699,73,130,0,14-3-28 9:58:54,1
FU7SX8P1BI,117.02,39.2256,164703,75,135,0,14-3-28 9:59:14,1
FU7SX8P1BI,117.017,39.2258,164705,77,135,0,14-3-28 9:59:24,1
FU7SX8P1BI,117.015,39.2261,164708,75,135,0,14-3-28 9:59:34,1
FU7SX8P1BI,117.01,39.2267,164712,79,135,0,14-3-28 9:59:53,1
FU7SX8P1BI,117.008,39.2269,164714,80,135,0,14-3-28 10:0:2,1
FU7SX8P1BI,117.003,39.2275,164718,77,135,0,14-3-28 10:0:20,1
FU7SX8P1BI,117.001,39.2277,164720,79,135,0,14-3-28 10:0:29,1
FU7SX8P1BI,116.998,39.2276,164723,79,130,0,14-3-28 10:0:38,1
FU7SX8P1BI,116.996,39.2274,164725,80,130,0,14-3-28 10:0:47,1
FU7SX8P1BI,116.992,39.2266,164728,79,125,0,14-3-28 10:1:3,1
FU7SX8P1BI,116.991,39.2264,164729,79,120,0,14-3-28 10:1:5,1
FU7SX8P1BI,116.987,39.2248,164733,80,115,0,14-3-28 10:1:23,1
FU7SX8P1BI,116.985,39.2237,164735,80,115,0,14-3-28 10:1:32,1
FU7SX8P1BI,116.982,39.2211,164739,77,105,0,14-3-28 10:1:50,1
FU7SX8P1BI,116.979,39.2179,164744,79,100,0,14-3-28 10:2:9,1
FU7SX8P1BI,116.978,39.2163,164745,80,100,0,14-3-28 10:2:18,1
FU7SX8P1BI,116.977,39.2145,164748,80,95,0,14-3-28 10:2:27,1
FU7SX8P1BI,116.977,39.2127,164750,80,95,0,14-3-28 10:2:36,1
FU7SX8P1BI,116.975,39.2091,164754,80,95,0,14-3-28 10:2:54,1
FU7SX8P1BI,116.974,39.2074,164755,77,100,0,14-3-28 10:3:3,1
FU7SX8P1BI,116.973,39.2056,164759,77,100,0,14-3-28 10:3:13,1
FU7SX8P1BI,116.969,39.201,164765,79,105,0,14-3-28 10:3:41,1
FU7SX8P1BI,116.968,39.1996,164767,77,110,0,14-3-28 10:3:50,1
FU7SX8P1BI,116.966,39.1983,164769,77,110,0,14-3-28 10:4:0,1
FU7SX8P1BI,117.096,39.201,164769,0,0,0,14-3-29 8:47:13,0
FU7SX8P1BI,117.096,39.201,164770,0,0,0,14-3-29 8:47:20,0
FU7SX8P1BI,121.293,31.2179,164772,44,30,0,14-3-29 8:47:33,1
FU7SX8P1BI,121.295,31.2188,164774,44,30,0,14-3-29 8:47:49,1
FU7SX8P1BI,121.297,31.2196,164775,34,35,0,14-3-29 8:48:10,1
FU7SX8P1BI,121.298,31.2187,164779,31,90,0,14-3-29 8:48:52,1
FU7SX8P1BI,121.298,31.2166,164780,44,85,0,14-3-29 8:49:12,1
FU7SX8P1BI,121.298,31.2146,164783,47,85,0,14-3-29 8:49:29,1
FU7SX8P1BI,121.298,31.2126,164785,57,85,0,14-3-29 8:49:43,1
FU7SX8P1BI,121.299,31.2106,164787,20,85,0,14-3-29 8:50:50,1
FU7SX8P1BI,121.299,31.2087,164789,38,85,0,14-3-29 8:51:11,1
FU7SX8P1BI,121.299,31.2067,164792,34,85,0,14-3-29 8:51:31,1
FU7SX8P1BI,121.299,31.2063,164792,7,170,0,14-3-29 8:52:6,1
FU7SX8P1BI,121.298,31.2068,164793,0,125,0,14-3-29 8:53:31,1
FU7SX8P1BI,121.297,31.2075,164795,7,40,0,14-3-29 8:54:47,1
FU7SX8P1BI,121.297,31.2076,164795,0,0,0,14-3-29 8:56:45,1
FU7SX8P1BI,121.297,31.2076,164795,0,0,0,14-3-29 8:57:5,1
FU7SX8P1BI,121.297,31.2076,164795,1,125,0,14-3-29 8:58:45,1
FU7SX8P1BI,121.297,31.2075,164797,0,0,0,14-3-29 9:0:45,1
FU7SX8P1BI,121.297,31.2075,164797,0,0,0,14-3-29 9:2:9,1
FU7SX8P1BI,121.297,31.2075,164797,0,0,0,14-3-29 9:2:45,1
FU7SX8P1BI,121.297,31.2075,164797,0,0,0,14-3-29 9:4:45,1
FU7SX8P1BI,121.297,31.2075,164797,0,0,0,14-3-29 9:6:45,1
FU7SX8P1BI,121.297,31.2075,164797,0,0,0,14-3-29 9:7:9,1
FU7SX8P1BI,121.297,31.2075,164797,0,0,0,14-3-29 9:8:45,1
FU7SX8P1BI,121.297,31.2075,164797,0,0,0,14-3-29 9:10:44,1
FU7SX8P1BI,121.297,31.2075,164797,0,0,0,14-3-29 9:12:10,1
FU7SX8P1BI,121.297,31.2075,164797,0,0,0,14-3-29 9:12:44,1
FU7SX8P1BI,121.297,31.2075,164797,0,0,0,14-3-29 9:14:45,1
FU7SX8P1BI,121.297,31.2075,164797,0,0,0,14-3-29 9:16:44,1
FU7SX8P1BI,121.297,31.2075,164797,0,0,0,14-3-29 9:17:19,1
FU7SX8P1BI,121.297,31.2075,164797,0,0,0,14-3-29 9:18:44,1
FU7SX8P1BI,121.297,31.2075,164797,0,0,0,14-3-29 9:20:44,1
FU7SX8P1BI,121.297,31.2075,164797,0,0,0,14-3-29 9:22:20,1
FU7SX8P1BI,121.297,31.2075,164797,0,0,0,14-3-29 9:22:45,1
FU7SX8P1BI,121.297,31.2075,164797,0,0,0,14-3-29 9:24:44,1
FU7SX8P1BI,121.297,31.2075,164797,0,0,0,14-3-29 9:26:44,1
FU7SX8P1BI,121.297,31.2075,164797,0,0,0,14-3-29 9:27:29,1
FU7SX8P1BI,121.297,31.2075,164797,0,0,0,14-3-29 9:28:44,1
FU7SX8P1BI,121.297,31.2075,164797,0,0,0,14-3-29 9:30:44,1
FU7SX8P1BI,121.297,31.2075,164797,0,0,0,14-3-29 9:32:30,1
FU7SX8P1BI,121.297,31.2075,164797,0,0,0,14-3-29 9:32:44,1
FU7SX8P1BI,121.297,31.2075,164797,0,0,0,14-3-29 9:34:44,1
FU7SX8P1BI,121.297,31.2075,164797,0,0,0,14-3-29 9:36:44,1
FU7SX8P1BI,121.297,31.2075,164797,0,0,0,14-3-29 9:37:31,1
FU7SX8P1BI,121.297,31.2075,164797,0,0,0,14-3-29 9:38:44,1
FU7SX8P1BI,121.297,31.2075,164797,0,0,0,14-3-29 9:40:44,1
FU7SX8P1BI,121.297,31.2075,164797,0,0,0,14-3-29 9:42:35,1
FU7SX8P1BI,121.297,31.2075,164797,0,0,0,14-3-29 9:42:44,1
FU7SX8P1BI,121.297,31.2075,164797,0,0,0,14-3-29 9:44:44,1
FU7SX8P1BI,121.297,31.2075,164797,0,0,0,14-3-29 9:46:44,1
FU7SX8P1BI,121.297,31.2075,164797,0,0,0,14-3-29 9:47:38,1
FU7SX8P1BI,121.297,31.2075,164797,0,0,0,14-3-29 9:48:44,1
FU7SX8P1BI,121.297,31.2075,164797,0,0,0,14-3-29 9:50:44,1
FU7SX8P1BI,121.297,31.2075,164797,0,0,0,14-3-29 9:52:39,1
FU7SX8P1BI,121.297,31.2075,164797,0,0,0,14-3-29 9:52:44,1
FU7SX8P1BI,121.297,31.2075,164797,0,0,0,14-3-29 9:54:44,1
FU7SX8P1BI,121.297,31.2075,164797,0,0,0,14-3-29 9:56:44,1
FU7SX8P1BI,121.297,31.2075,164797,0,0,0,14-3-29 9:57:40,1
FU7SX8P1BI,121.297,31.2075,164797,0,0,0,14-3-29 9:58:44,1
FU7SX8P1BI,121.297,31.2075,164797,0,0,0,14-3-29 10:0:44,1
FU7SX8P1BI,121.297,31.2075,164797,0,0,0,14-3-29 10:2:44,1
FU7SX8P1BI,121.297,31.2075,164797,0,0,0,14-3-29 10:4:44,1
FU7SX8P1BI,121.297,31.2075,164797,0,0,0,14-3-29 10:6:44,1
FU7SX8P1BI,121.297,31.2075,164797,0,0,0,14-3-29 10:7:42,1
FU7SX8P1BI,121.297,31.2075,164797,0,0,0,14-3-29 10:8:44,1
FU7SX8P1BI,121.297,31.2075,164797,0,0,0,14-3-29 10:10:44,1
FU7SX8P1BI,121.297,31.2075,164797,0,0,0,14-3-29 10:12:44,1
FU7SX8P1BI,121.297,31.2075,164797,0,0,0,14-3-29 10:14:44,1
FU7SX8P1BI,121.297,31.2075,164797,0,0,0,14-3-29 10:16:44,1
FU7SX8P1BI,121.297,31.2075,164797,0,0,0,14-3-29 10:17:44,1
FU7SX8P1BI,121.297,31.2075,164797,0,0,0,14-3-29 10:18:44,1
FU7SX8P1BI,121.297,31.2075,164797,0,0,0,14-3-29 10:20:44,1
FU7SX8P1BI,121.297,31.2075,164797,0,0,0,14-3-29 10:22:45,1
FU7SX8P1BI,121.297,31.2075,164797,0,0,0,14-3-29 10:24:44,1
FU7SX8P1BI,121.297,31.2076,164797,0,0,0,14-3-29 10:26:44,1
FU7SX8P1BI,121.297,31.2076,164797,0,165,0,14-3-29 10:27:46,1
FU7SX8P1BI,121.297,31.2077,164797,0,0,0,14-3-29 10:28:44,1
FU7SX8P1BI,121.297,31.2077,164797,0,0,0,14-3-29 10:30:44,1
FU7SX8P1BI,121.297,31.2076,164797,0,0,0,14-3-29 10:32:47,1
FU7SX8P1BI,121.297,31.2075,164797,0,0,0,14-3-29 10:34:44,1
FU7SX8P1BI,121.297,31.2076,164797,0,50,0,14-3-29 10:36:44,1
FU7SX8P1BI,121.297,31.2075,164797,0,0,0,14-3-29 10:37:56,1
FU7SX8P1BI,121.297,31.2075,164797,0,0,0,14-3-29 10:38:44,1
FU7SX8P1BI,121.297,31.2075,164797,0,0,0,14-3-29 10:40:44,1
FU7SX8P1BI,121.297,31.2075,164797,0,0,0,14-3-29 10:42:44,1
FU7SX8P1BI,121.297,31.2075,164797,0,0,0,14-3-29 10:42:57,1
FU7SX8P1BI,121.297,31.2075,164797,0,0,0,14-3-29 10:44:44,1
FU7SX8P1BI,121.297,31.2075,164797,0,0,0,14-3-29 10:46:52,1
FU7SX8P1BI,121.297,31.2075,164797,0,0,0,14-3-29 10:47:24,1
FU7SX8P1BI,121.297,31.2075,164797,0,0,0,14-3-29 10:47:58,1
FU7SX8P1BI,121.297,31.2075,164797,0,0,0,14-3-29 10:48:52,1
FU7SX8P1BI,121.297,31.2075,164797,0,0,0,14-3-29 10:50:52,1
FU7SX8P1BI,121.297,31.2075,164797,0,0,0,14-3-29 10:52:59,1
FU7SX8P1BI,121.297,31.2075,164797,0,0,0,14-3-29 10:54:52,1
FU7SX8P1BI,121.297,31.2075,164797,0,0,0,14-3-29 10:56:52,1
FU7SX8P1BI,121.297,31.2075,164797,0,0,0,14-3-29 10:58:0,1
FU7SX8P1BI,121.297,31.2075,164797,0,0,0,14-3-29 10:58:52,1
FU7SX8P1BI,121.297,31.2075,164797,0,0,0,14-3-29 11:0:52,1
FU7SX8P1BI,121.297,31.2075,164797,0,0,0,14-3-29 11:2:52,1
FU7SX8P1BI,121.297,31.2075,164797,0,0,0,14-3-29 11:3:4,1
FU7SX8P1BI,121.297,31.2075,164797,0,0,0,14-3-29 11:4:52,1
FU7SX8P1BI,121.297,31.2075,164797,0,0,0,14-3-29 11:6:52,1
FU7SX8P1BI,121.297,31.2075,164797,0,0,0,14-3-29 11:8:5,1
FU7SX8P1BI,121.297,31.2075,164797,0,0,0,14-3-29 11:8:52,1
FU7SX8P1BI,121.297,31.2075,164797,0,0,0,14-3-29 11:10:52,1
FU7SX8P1BI,121.297,31.2075,164797,0,0,0,14-3-29 11:12:52,1
FU7SX8P1BI,121.297,31.2075,164797,0,0,0,14-3-29 11:13:6,1
FU7SX8P1BI,121.297,31.2075,164797,0,0,0,14-3-29 11:14:52,1
FU7SX8P1BI,121.297,31.2075,164797,0,0,0,14-3-29 11:16:52,1
FU7SX8P1BI,121.297,31.2075,164797,0,0,0,14-3-29 11:18:7,1
FU7SX8P1BI,121.297,31.2075,164797,0,0,0,14-3-29 11:18:52,1
FU7SX8P1BI,121.297,31.2075,164797,0,0,0,14-3-29 11:20:52,1
FU7SX8P1BI,121.297,31.2077,164797,0,0,0,14-3-29 11:22:52,1
FU7SX8P1BI,121.297,31.2077,164797,0,0,0,14-3-29 11:23:8,1
FU7SX8P1BI,121.297,31.2077,164797,0,0,0,14-3-29 11:24:52,1
FU7SX8P1BI,121.297,31.2077,164797,0,95,0,14-3-29 11:26:52,1
FU7SX8P1BI,121.297,31.2077,164797,0,0,0,14-3-29 11:28:9,1
FU7SX8P1BI,121.297,31.2076,164797,0,0,0,14-3-29 11:28:52,1
FU7SX8P1BI,121.297,31.2076,164797,0,0,0,14-3-29 11:30:52,1
FU7SX8P1BI,121.297,31.2076,164797,0,165,0,14-3-29 11:32:52,1
FU7SX8P1BI,121.297,31.2077,164797,0,0,0,14-3-29 11:33:12,1
FU7SX8P1BI,121.297,31.2078,164797,0,0,0,14-3-29 11:34:52,1
FU7SX8P1BI,121.297,31.2076,164797,0,0,0,14-3-29 11:36:52,1
FU7SX8P1BI,121.297,31.2076,164797,0,0,0,14-3-29 11:38:13,1
FU7SX8P1BI,121.297,31.2076,164797,0,0,0,14-3-29 11:38:52,1
FU7SX8P1BI,121.297,31.2076,164797,0,0,0,14-3-29 11:40:52,1
FU7SX8P1BI,121.297,31.2076,164797,0,0,0,14-3-29 11:42:52,1
FU7SX8P1BI,121.297,31.2077,164797,0,160,0,14-3-29 11:43:14,1
FU7SX8P1BI,121.297,31.2078,164797,0,0,0,14-3-29 11:44:51,1
FU7SX8P1BI,121.297,31.2076,164797,0,0,0,14-3-29 11:46:52,1
FU7SX8P1BI,121.297,31.2075,164797,0,0,0,14-3-29 11:48:14,1
FU7SX8P1BI,121.297,31.2075,164797,0,0,0,14-3-29 11:48:51,1
FU7SX8P1BI,121.297,31.2075,164797,0,0,0,14-3-29 11:50:51,1
FU7SX8P1BI,121.297,31.2075,164797,0,0,0,14-3-29 11:52:51,1
FU7SX8P1BI,121.297,31.2075,164797,0,0,0,14-3-29 11:53:15,1
FU7SX8P1BI,121.297,31.2075,164797,0,0,0,14-3-29 11:54:51,1
FU7SX8P1BI,121.297,31.2075,164797,0,0,0,14-3-29 11:56:51,1
FU7SX8P1BI,121.297,31.2076,164797,0,0,0,14-3-29 11:58:16,1
FU7SX8P1BI,121.297,31.2076,164797,0,0,0,14-3-29 11:58:51,1
FU7SX8P1BI,121.297,31.2076,164797,0,0,0,14-3-29 12:0:51,1
FU7SX8P1BI,121.297,31.2076,164797,0,0,0,14-3-29 12:2:51,1
FU7SX8P1BI,121.297,31.2076,164797,0,0,0,14-3-29 12:3:17,1
FU7SX8P1BI,121.297,31.2076,164797,0,0,0,14-3-29 12:4:51,1
FU7SX8P1BI,121.297,31.2076,164797,0,0,0,14-3-29 12:6:51,1
FU7SX8P1BI,121.297,31.2076,164797,0,0,0,14-3-29 12:8:18,1
FU7SX8P1BI,121.297,31.2077,164797,0,0,0,14-3-29 12:8:51,1
FU7SX8P1BI,121.297,31.2077,164797,0,0,0,14-3-29 12:10:51,1
FU7SX8P1BI,121.297,31.2077,164797,0,115,0,14-3-29 12:12:51,1
FU7SX8P1BI,121.297,31.2077,164797,0,0,0,14-3-29 12:13:19,1
FU7SX8P1BI,121.297,31.2076,164797,0,0,0,14-3-29 12:14:51,1
FU7SX8P1BI,121.297,31.2077,164797,0,0,0,14-3-29 12:16:51,1
FU7SX8P1BI,121.297,31.2076,164797,0,0,0,14-3-29 12:18:41,1
FU7SX8P1BI,121.297,31.2076,164797,0,0,0,14-3-29 12:18:51,1
FU7SX8P1BI,121.297,31.2077,164797,0,0,0,14-3-29 12:20:51,1
FU7SX8P1BI,121.297,31.2076,164797,0,0,0,14-3-29 12:22:51,1
FU7SX8P1BI,121.297,31.2077,164797,0,0,0,14-3-29 12:23:42,1
FU7SX8P1BI,121.297,31.2077,164797,0,0,0,14-3-29 12:24:51,1
FU7SX8P1BI,121.297,31.2077,164797,0,105,0,14-3-29 12:26:51,1
FU7SX8P1BI,121.297,31.2076,164797,0,0,0,14-3-29 12:28:43,1
FU7SX8P1BI,121.297,31.2076,164797,0,0,0,14-3-29 12:28:51,1
FU7SX8P1BI,121.297,31.2077,164797,0,0,0,14-3-29 12:30:51,1
FU7SX8P1BI,121.297,31.2077,164797,0,0,0,14-3-29 12:32:51,1
FU7SX8P1BI,121.297,31.2077,164797,0,0,0,14-3-29 12:33:47,1
FU7SX8P1BI,121.297,31.2076,164797,0,0,0,14-3-29 12:34:51,1
FU7SX8P1BI,121.297,31.2077,164797,0,0,0,14-3-29 12:36:51,1
FU7SX8P1BI,121.297,31.2078,164797,0,0,0,14-3-29 12:38:51,1
FU7SX8P1BI,121.297,31.2077,164797,0,0,0,14-3-29 12:40:51,1
FU7SX8P1BI,121.297,31.2077,164797,0,0,0,14-3-29 12:42:51,1
FU7SX8P1BI,121.297,31.2076,164797,0,0,0,14-3-29 12:43:49,1
FU7SX8P1BI,121.297,31.2076,164797,0,100,0,14-3-29 12:44:51,1
FU7SX8P1BI,121.297,31.2076,164797,0,0,0,14-3-29 12:46:51,1
FU7SX8P1BI,121.297,31.2076,164797,0,110,0,14-3-29 12:48:51,1
FU7SX8P1BI,121.297,31.206,164799,14,85,0,14-3-29 12:50:47,1
FU7SX8P1BI,121.297,31.2054,164800,0,0,0,14-3-29 12:52:47,1
FU7SX8P1BI,121.297,31.2054,164800,0,0,0,14-3-29 12:53:51,1
FU7SX8P1BI,121.297,31.2054,164800,0,0,0,14-3-29 12:54:47,1
FU7SX8P1BI,121.297,31.2052,164800,0,0,0,14-3-29 12:56:47,1
FU7SX8P1BI,121.297,31.2052,164800,0,0,0,14-3-29 12:58:57,1
FU7SX8P1BI,121.297,31.2052,164800,0,0,0,14-3-29 13:0:47,1
FU7SX8P1BI,121.297,31.2052,164800,0,0,0,14-3-29 13:2:47,1
FU7SX8P1BI,121.297,31.2052,164800,0,0,0,14-3-29 13:3:58,1
FU7SX8P1BI,121.297,31.2053,164800,0,0,0,14-3-29 13:4:47,1
FU7SX8P1BI,121.297,31.2053,164800,0,0,0,14-3-29 13:6:47,1
FU7SX8P1BI,121.297,31.2053,164800,0,0,0,14-3-29 13:8:47,1
FU7SX8P1BI,121.297,31.2053,164800,0,0,0,14-3-29 13:8:59,1
FU7SX8P1BI,121.297,31.2053,164800,0,0,0,14-3-29 13:10:47,1
FU7SX8P1BI,121.297,31.2053,164800,0,0,0,14-3-29 13:12:47,1
FU7SX8P1BI,121.297,31.2053,164800,0,0,0,14-3-29 13:14:0,1
FU7SX8P1BI,121.297,31.2053,164800,0,0,0,14-3-29 13:14:47,1
FU7SX8P1BI,121.297,31.2053,164800,0,0,0,14-3-29 13:16:47,1
FU7SX8P1BI,121.297,31.2053,164800,0,0,0,14-3-29 13:18:47,1
FU7SX8P1BI,121.297,31.2053,164800,0,0,0,14-3-29 13:19:1,1
FU7SX8P1BI,121.297,31.2053,164800,0,0,0,14-3-29 13:20:47,1
FU7SX8P1BI,121.297,31.2053,164800,0,0,0,14-3-29 13:22:47,1
FU7SX8P1BI,121.297,31.2053,164800,0,0,0,14-3-29 13:24:2,1
FU7SX8P1BI,121.297,31.2053,164800,0,0,0,14-3-29 13:24:47,1
FU7SX8P1BI,121.297,31.2053,164800,0,0,0,14-3-29 13:26:47,1
FU7SX8P1BI,121.297,31.2055,164800,1,0,0,14-3-29 13:28:47,1
FU7SX8P1BI,121.297,31.2055,164800,0,175,0,14-3-29 13:29:3,1
FU7SX8P1BI,121.297,31.2056,164800,0,0,0,14-3-29 13:30:47,1
FU7SX8P1BI,121.297,31.2056,164800,0,0,0,14-3-29 13:32:47,1
FU7SX8P1BI,121.297,31.2056,164800,0,0,0,14-3-29 13:34:4,1
FU7SX8P1BI,121.297,31.2056,164800,0,0,0,14-3-29 13:34:47,1
FU7SX8P1BI,121.297,31.2056,164800,0,0,0,14-3-29 13:36:47,1
FU7SX8P1BI,121.297,31.2056,164800,0,0,0,14-3-29 13:38:47,1
FU7SX8P1BI,121.297,31.2056,164800,0,0,0,14-3-29 13:39:5,1
FU7SX8P1BI,121.297,31.2056,164800,0,0,0,14-3-29 13:40:47,1
FU7SX8P1BI,121.297,31.2056,164800,0,0,0,14-3-29 13:42:47,1
FU7SX8P1BI,121.297,31.2056,164800,0,0,0,14-3-29 13:44:6,1
FU7SX8P1BI,121.297,31.2056,164800,0,0,0,14-3-29 13:44:47,1
FU7SX8P1BI,121.297,31.2056,164800,0,0,0,14-3-29 13:46:47,1
FU7SX8P1BI,121.297,31.2056,164800,0,0,0,14-3-29 13:48:47,1
FU7SX8P1BI,121.297,31.2056,164800,0,0,0,14-3-29 13:49:7,1
FU7SX8P1BI,121.297,31.2056,164800,0,0,0,14-3-29 13:50:47,1
FU7SX8P1BI,121.297,31.2056,164800,0,0,0,14-3-29 13:52:47,1
FU7SX8P1BI,121.297,31.2056,164800,0,0,0,14-3-29 13:54:8,1
FU7SX8P1BI,121.297,31.2056,164800,0,0,0,14-3-29 13:54:47,1
FU7SX8P1BI,121.297,31.2056,164800,0,0,0,14-3-29 13:56:47,1
FU7SX8P1BI,121.297,31.2056,164800,0,0,0,14-3-29 13:58:47,1
FU7SX8P1BI,121.297,31.2056,164800,0,0,0,14-3-29 13:59:9,1
FU7SX8P1BI,121.297,31.2056,164800,0,0,0,14-3-29 14:0:47,1
FU7SX8P1BI,121.297,31.2054,164800,1,30,0,14-3-29 14:2:47,1
FU7SX8P1BI,121.297,31.2055,164800,0,165,0,14-3-29 14:4:10,1
FU7SX8P1BI,121.297,31.2055,164800,0,0,0,14-3-29 14:4:47,1
FU7SX8P1BI,121.297,31.2055,164800,0,0,0,14-3-29 14:6:47,1
FU7SX8P1BI,121.297,31.2055,164800,0,0,0,14-3-29 14:8:47,1
FU7SX8P1BI,121.297,31.2055,164800,0,0,0,14-3-29 14:9:11,1
FU7SX8P1BI,121.297,31.2055,164800,0,0,0,14-3-29 14:10:47,1
FU7SX8P1BI,121.297,31.2055,164800,0,0,0,14-3-29 14:12:47,1
FU7SX8P1BI,121.297,31.2055,164800,0,0,0,14-3-29 14:14:14,1
FU7SX8P1BI,121.297,31.2055,164800,0,0,0,14-3-29 14:14:47,1
FU7SX8P1BI,121.297,31.2055,164800,0,0,0,14-3-29 14:16:47,1
FU7SX8P1BI,121.297,31.2055,164800,0,0,0,14-3-29 14:18:47,1
FU7SX8P1BI,121.297,31.2055,164800,0,0,0,14-3-29 14:19:15,1
FU7SX8P1BI,121.297,31.2055,164800,0,0,0,14-3-29 14:20:47,1
FU7SX8P1BI,121.297,31.2055,164800,0,0,0,14-3-29 14:22:46,1
FU7SX8P1BI,121.297,31.2055,164800,0,0,0,14-3-29 14:24:15,1
FU7SX8P1BI,121.297,31.2055,164800,0,0,0,14-3-29 14:24:47,1
FU7SX8P1BI,121.297,31.2055,164800,0,0,0,14-3-29 14:26:46,1
FU7SX8P1BI,121.297,31.2055,164800,0,0,0,14-3-29 14:28:46,1
FU7SX8P1BI,121.297,31.2055,164800,0,0,0,14-3-29 14:29:16,1
FU7SX8P1BI,121.297,31.2055,164800,0,0,0,14-3-29 14:30:47,1
FU7SX8P1BI,121.297,31.2055,164800,0,0,0,14-3-29 14:32:46,1
FU7SX8P1BI,121.297,31.2055,164800,0,0,0,14-3-29 14:34:17,1
FU7SX8P1BI,121.297,31.2055,164800,0,0,0,14-3-29 14:34:46,1
FU7SX8P1BI,121.297,31.2055,164800,0,0,0,14-3-29 14:36:46,1
FU7SX8P1BI,121.297,31.2055,164800,0,0,0,14-3-29 14:38:46,1
FU7SX8P1BI,121.297,31.2055,164800,0,0,0,14-3-29 14:39:18,1
FU7SX8P1BI,121.297,31.2055,164800,0,0,0,14-3-29 14:40:46,1
FU7SX8P1BI,121.297,31.2055,164800,0,0,0,14-3-29 14:42:46,1
FU7SX8P1BI,121.297,31.2055,164800,0,0,0,14-3-29 14:44:19,1
FU7SX8P1BI,121.297,31.2055,164800,0,0,0,14-3-29 14:44:46,1
FU7SX8P1BI,121.297,31.2055,164800,0,0,0,14-3-29 14:46:46,1
FU7SX8P1BI,121.297,31.2055,164800,0,0,0,14-3-29 14:50:46,1
FU7SX8P1BI,121.297,31.2055,164800,0,0,0,14-3-29 14:52:46,1
FU7SX8P1BI,121.297,31.2055,164800,0,0,0,14-3-29 14:54:21,1
FU7SX8P1BI,121.297,31.2055,164800,0,0,0,14-3-29 14:54:46,1
FU7SX8P1BI,121.297,31.2055,164800,0,0,0,14-3-29 14:56:46,1
FU7SX8P1BI,121.297,31.2055,164800,0,0,0,14-3-29 14:58:46,1
FU7SX8P1BI,121.297,31.2055,164800,0,0,0,14-3-29 14:59:23,1
FU7SX8P1BI,121.297,31.2055,164800,0,0,0,14-3-29 15:0:46,1
FU7SX8P1BI,121.297,31.2055,164800,0,0,0,14-3-29 15:2:46,1
FU7SX8P1BI,121.297,31.2055,164800,0,0,0,14-3-29 15:4:24,1
FU7SX8P1BI,121.297,31.2055,164800,0,0,0,14-3-29 15:4:46,1
FU7SX8P1BI,121.297,31.2055,164800,0,0,0,14-3-29 15:6:46,1
FU7SX8P1BI,121.297,31.2055,164800,0,0,0,14-3-29 15:8:46,1
FU7SX8P1BI,121.297,31.2055,164800,0,0,0,14-3-29 15:9:25,1
FU7SX8P1BI,121.297,31.2055,164800,0,0,0,14-3-29 15:10:46,1
FU7SX8P1BI,121.297,31.2055,164800,0,0,0,14-3-29 15:12:47,1
FU7SX8P1BI,121.297,31.2055,164800,0,0,0,14-3-29 15:14:26,1
FU7SX8P1BI,121.297,31.2055,164800,0,0,0,14-3-29 15:14:46,1
FU7SX8P1BI,121.297,31.2055,164800,0,0,0,14-3-29 15:16:46,1
FU7SX8P1BI,121.297,31.2055,164800,0,0,0,14-3-29 15:18:46,1
FU7SX8P1BI,121.297,31.2055,164800,0,0,0,14-3-29 15:19:29,1
FU7SX8P1BI,121.297,31.2055,164800,0,0,0,14-3-29 15:20:46,1
FU7SX8P1BI,121.297,31.2055,164800,0,0,0,14-3-29 15:22:46,1
FU7SX8P1BI,121.297,31.2055,164800,0,0,0,14-3-29 15:24:30,1
FU7SX8P1BI,121.297,31.2055,164800,0,0,0,14-3-29 15:24:46,1
FU7SX8P1BI,121.297,31.2055,164800,0,0,0,14-3-29 15:26:46,1
FU7SX8P1BI,121.297,31.2055,164800,0,0,0,14-3-29 15:28:46,1
FU7SX8P1BI,121.297,31.2055,164800,0,0,0,14-3-29 15:29:32,1
FU7SX8P1BI,121.297,31.2055,164800,0,0,0,14-3-29 15:30:46,1
FU7SX8P1BI,121.297,31.2055,164800,0,0,0,14-3-29 15:32:46,1
FU7SX8P1BI,121.297,31.2055,164800,0,0,0,14-3-29 15:34:35,1
FU7SX8P1BI,121.297,31.2055,164800,0,0,0,14-3-29 15:34:46,1
FU7SX8P1BI,121.297,31.2055,164800,0,0,0,14-3-29 15:36:46,1
FU7SX8P1BI,121.297,31.2055,164800,0,0,0,14-3-29 15:38:46,1
FU7SX8P1BI,121.297,31.2055,164800,0,0,0,14-3-29 15:39:38,1
FU7SX8P1BI,121.297,31.2055,164800,0,0,0,14-3-29 15:40:46,1
FU7SX8P1BI,121.297,31.2055,164800,0,0,0,14-3-29 15:42:46,1
FU7SX8P1BI,121.297,31.2055,164800,0,0,0,14-3-29 15:44:46,1
FU7SX8P1BI,121.297,31.2055,164800,0,0,0,14-3-29 15:46:46,1
FU7SX8P1BI,121.297,31.2055,164800,0,0,0,14-3-29 15:48:46,1
FU7SX8P1BI,121.297,31.2055,164800,0,0,0,14-3-29 15:49:45,1
FU7SX8P1BI,121.297,31.2055,164800,0,0,0,14-3-29 15:50:46,1
FU7SX8P1BI,121.297,31.2055,164800,0,0,0,14-3-29 15:52:46,1
FU7SX8P1BI,121.297,31.2055,164800,0,0,0,14-3-29 15:54:49,1
FU7SX8P1BI,121.297,31.2055,164800,0,0,0,14-3-29 15:56:46,1
FU7SX8P1BI,121.297,31.2055,164800,0,0,0,14-3-29 15:58:46,1
FU7SX8P1BI,121.297,31.2055,164800,0,0,0,14-3-29 15:59:50,1
FU7SX8P1BI,121.297,31.2055,164800,0,0,0,14-3-29 16:0:46,1
FU7SX8P1BI,121.297,31.2055,164800,0,0,0,14-3-29 16:2:46,1
FU7SX8P1BI,121.297,31.2055,164800,0,0,0,14-3-29 16:4:46,1
FU7SX8P1BI,121.297,31.2055,164800,0,0,0,14-3-29 16:4:51,1
FU7SX8P1BI,121.297,31.2055,164800,0,0,0,14-3-29 16:6:46,1
FU7SX8P1BI,121.297,31.2055,164800,0,0,0,14-3-29 16:8:46,1
FU7SX8P1BI,121.297,31.2055,164800,0,0,0,14-3-29 16:9:52,1
FU7SX8P1BI,121.297,31.2055,164800,0,0,0,14-3-29 16:10:46,1
FU7SX8P1BI,121.297,31.2055,164800,0,0,0,14-3-29 16:12:46,1
FU7SX8P1BI,121.297,31.2055,164800,0,0,0,14-3-29 16:14:53,1
FU7SX8P1BI,121.297,31.2055,164800,0,0,0,14-3-29 16:16:46,1
FU7SX8P1BI,121.297,31.2055,164800,0,0,0,14-3-29 16:18:46,1
FU7SX8P1BI,121.297,31.2055,164800,0,0,0,14-3-29 16:19:57,1
FU7SX8P1BI,121.297,31.2055,164800,0,0,0,14-3-29 16:20:46,1
FU7SX8P1BI,121.297,31.2055,164800,0,0,0,14-3-29 16:22:46,1
FU7SX8P1BI,121.297,31.2055,164800,0,0,0,14-3-29 16:24:46,1
FU7SX8P1BI,121.297,31.2055,164800,0,0,0,14-3-29 16:24:58,1
FU7SX8P1BI,121.297,31.2055,164800,0,0,0,14-3-29 16:26:46,1
FU7SX8P1BI,121.297,31.2055,164800,0,0,0,14-3-29 16:28:46,1
FU7SX8P1BI,121.297,31.2055,164800,0,0,0,14-3-29 16:30:7,1
FU7SX8P1BI,121.297,31.2055,164800,0,0,0,14-3-29 16:30:46,1
FU7SX8P1BI,121.297,31.2055,164800,0,0,0,14-3-29 16:32:46,1
FU7SX8P1BI,121.297,31.2055,164800,0,0,0,14-3-29 16:34:46,1
FU7SX8P1BI,121.297,31.2055,164800,0,0,0,14-3-29 16:35:8,1
FU7SX8P1BI,121.297,31.2055,164800,0,0,0,14-3-29 16:36:46,1
FU7SX8P1BI,121.297,31.2055,164800,0,0,0,14-3-29 16:38:46,1
FU7SX8P1BI,121.297,31.2055,164800,0,0,0,14-3-29 16:40:9,1
FU7SX8P1BI,121.297,31.2055,164800,0,0,0,14-3-29 16:40:46,1
FU7SX8P1BI,121.297,31.2055,164800,0,0,0,14-3-29 16:42:46,1
FU7SX8P1BI,121.297,31.2055,164800,0,0,0,14-3-29 16:44:46,1
FU7SX8P1BI,121.297,31.2055,164800,0,0,0,14-3-29 16:45:10,1
FU7SX8P1BI,121.297,31.2055,164800,0,0,0,14-3-29 16:46:46,1
FU7SX8P1BI,121.297,31.2055,164800,0,0,0,14-3-29 16:48:46,1
FU7SX8P1BI,121.297,31.2055,164800,0,0,0,14-3-29 16:50:11,1
FU7SX8P1BI,121.297,31.2055,164800,0,0,0,14-3-29 16:50:46,1
FU7SX8P1BI,121.297,31.2055,164800,0,0,0,14-3-29 16:52:46,1
FU7SX8P1BI,121.297,31.2055,164800,0,0,0,14-3-29 16:54:46,1
FU7SX8P1BI,121.297,31.2055,164800,0,0,0,14-3-29 16:55:11,1
FU7SX8P1BI,121.297,31.2055,164800,0,0,0,14-3-29 16:56:46,1
FU7SX8P1BI,121.297,31.2055,164800,0,0,0,14-3-29 16:58:45,1
FU7SX8P1BI,121.297,31.2055,164800,0,0,0,14-3-29 17:0:13,1
FU7SX8P1BI,121.297,31.2055,164800,0,0,0,14-3-29 17:0:45,1
FU7SX8P1BI,121.297,31.2055,164800,0,0,0,14-3-29 17:2:45,1
FU7SX8P1BI,121.297,31.2055,164800,0,0,0,14-3-29 17:4:46,1
FU7SX8P1BI,121.297,31.2055,164800,0,0,0,14-3-29 17:5:13,1
FU7SX8P1BI,121.297,31.2055,164800,0,0,0,14-3-29 17:6:45,1
FU7SX8P1BI,121.297,31.2055,164800,0,0,0,14-3-29 17:8:45,1
FU7SX8P1BI,121.297,31.2055,164800,0,0,0,14-3-29 17:10:14,1
FU7SX8P1BI,121.297,31.2055,164800,0,0,0,14-3-29 17:10:45,1
FU7SX8P1BI,121.297,31.2055,164800,0,0,0,14-3-29 17:12:45,1
FU7SX8P1BI,121.297,31.2055,164800,0,0,0,14-3-29 17:14:45,1
FU7SX8P1BI,121.297,31.2055,164800,0,0,0,14-3-29 17:15:15,1
FU7SX8P1BI,121.297,31.2055,164800,0,0,0,14-3-29 17:16:45,1
FU7SX8P1BI,121.297,31.2055,164800,0,0,0,14-3-29 17:18:45,1
FU7SX8P1BI,121.297,31.2055,164800,0,0,0,14-3-29 17:20:16,1
FU7SX8P1BI,121.297,31.2055,164800,0,0,0,14-3-29 17:20:45,1
FU7SX8P1BI,121.297,31.2055,164800,0,0,0,14-3-29 17:22:45,1
FU7SX8P1BI,121.297,31.2055,164800,0,0,0,14-3-29 17:24:45,1
FU7SX8P1BI,121.297,31.2055,164800,0,0,0,14-3-29 17:25:17,1
FU7SX8P1BI,121.297,31.2055,164800,0,0,0,14-3-29 17:26:45,1
FU7SX8P1BI,121.297,31.2055,164800,0,0,0,14-3-29 17:28:45,1
FU7SX8P1BI,121.297,31.2055,164800,0,0,0,14-3-29 17:30:18,1
FU7SX8P1BI,121.297,31.2055,164800,0,0,0,14-3-29 17:30:45,1
FU7SX8P1BI,121.297,31.2055,164800,0,0,0,14-3-29 17:32:45,1
FU7SX8P1BI,121.297,31.2055,164800,0,0,0,14-3-29 17:34:45,1
FU7SX8P1BI,121.297,31.2055,164800,0,0,0,14-3-29 17:35:19,1
FU7SX8P1BI,121.297,31.2055,164800,0,0,0,14-3-29 17:36:45,1
FU7SX8P1BI,121.297,31.2055,164800,0,0,0,14-3-29 17:38:45,1
FU7SX8P1BI,121.297,31.2055,164800,0,0,0,14-3-29 17:40:20,1
FU7SX8P1BI,121.297,31.2055,164800,0,0,0,14-3-29 17:40:45,1
FU7SX8P1BI,121.297,31.2055,164800,0,0,0,14-3-29 17:42:45,1
FU7SX8P1BI,121.297,31.2055,164800,0,0,0,14-3-29 17:44:45,1
FU7SX8P1BI,121.297,31.2055,164800,0,0,0,14-3-29 17:45:21,1
FU7SX8P1BI,121.297,31.2055,164800,0,0,0,14-3-29 17:46:45,1
FU7SX8P1BI,121.297,31.2055,164800,0,0,0,14-3-29 17:48:45,1
FU7SX8P1BI,121.297,31.2055,164800,0,0,0,14-3-29 17:50:22,1
FU7SX8P1BI,121.297,31.2055,164800,0,0,0,14-3-29 17:50:45,1
FU7SX8P1BI,121.297,31.2055,164800,0,0,0,14-3-29 17:52:45,1
FU7SX8P1BI,121.297,31.2055,164800,0,0,0,14-3-29 17:54:45,1
FU7SX8P1BI,121.297,31.2055,164800,0,0,0,14-3-29 17:55:23,1
FU7SX8P1BI,121.297,31.2055,164800,0,0,0,14-3-29 17:56:45,1
FU7SX8P1BI,121.297,31.2055,164800,0,0,0,14-3-29 17:58:45,1
FU7SX8P1BI,121.297,31.2055,164800,0,0,0,14-3-29 18:0:24,1
FU7SX8P1BI,121.297,31.2055,164800,0,0,0,14-3-29 18:0:45,1
FU7SX8P1BI,121.297,31.2055,164800,0,0,0,14-3-29 18:2:45,1
FU7SX8P1BI,121.297,31.2055,164800,0,0,0,14-3-29 18:4:45,1
FU7SX8P1BI,121.297,31.2055,164800,0,0,0,14-3-29 18:5:25,1
FU7SX8P1BI,121.297,31.2055,164800,0,0,0,14-3-29 18:6:45,1
FU7SX8P1BI,121.297,31.2055,164800,0,0,0,14-3-29 18:8:45,1
FU7SX8P1BI,121.297,31.2055,164800,0,0,0,14-3-29 18:10:26,1
FU7SX8P1BI,121.297,31.2055,164800,0,0,0,14-3-29 18:10:45,1
FU7SX8P1BI,121.297,31.2055,164800,0,0,0,14-3-29 18:12:45,1
FU7SX8P1BI,121.297,31.2055,164800,0,0,0,14-3-29 18:14:45,1
FU7SX8P1BI,121.297,31.2055,164800,0,0,0,14-3-29 18:15:28,1
FU7SX8P1BI,121.297,31.2055,164800,0,0,0,14-3-29 18:16:45,1
FU7SX8P1BI,121.297,31.2055,164800,0,0,0,14-3-29 18:18:45,1
FU7SX8P1BI,121.297,31.2055,164800,0,0,0,14-3-29 18:20:29,1
FU7SX8P1BI,121.297,31.2055,164800,0,0,0,14-3-29 18:20:45,1
FU7SX8P1BI,121.297,31.2055,164800,0,0,0,14-3-29 18:22:45,1
FU7SX8P1BI,121.297,31.2055,164800,0,0,0,14-3-29 18:24:45,1
FU7SX8P1BI,121.297,31.2055,164800,0,0,0,14-3-29 18:25:31,1
FU7SX8P1BI,121.297,31.2055,164800,0,0,0,14-3-29 18:26:45,1
FU7SX8P1BI,121.297,31.2055,164800,0,0,0,14-3-29 18:28:45,1
FU7SX8P1BI,121.297,31.2055,164800,0,0,0,14-3-29 18:30:34,1
FU7SX8P1BI,121.297,31.2055,164800,0,0,0,14-3-29 18:30:45,1
FU7SX8P1BI,121.297,31.2055,164800,0,0,0,14-3-29 18:32:45,1
FU7SX8P1BI,121.297,31.2055,164800,0,0,0,14-3-29 18:34:45,1
FU7SX8P1BI,121.297,31.2055,164800,0,0,0,14-3-29 18:35:37,1
FU7SX8P1BI,121.297,31.2055,164800,0,0,0,14-3-29 18:36:45,1
FU7SX8P1BI,121.297,31.2055,164800,0,0,0,14-3-29 18:38:45,1
FU7SX8P1BI,121.297,31.2055,164800,0,0,0,14-3-29 18:40:40,1
FU7SX8P1BI,121.297,31.2055,164800,0,0,0,14-3-29 18:40:45,1
FU7SX8P1BI,121.297,31.2055,164800,0,0,0,14-3-29 18:42:45,1
FU7SX8P1BI,121.297,31.2055,164800,0,0,0,14-3-29 18:44:45,1
FU7SX8P1BI,121.297,31.2055,164800,0,0,0,14-3-29 18:45:44,1
FU7SX8P1BI,121.297,31.2055,164800,0,0,0,14-3-29 18:46:45,1
FU7SX8P1BI,121.297,31.2055,164800,0,0,0,14-3-29 18:48:45,1
FU7SX8P1BI,121.297,31.2055,164800,0,0,0,14-3-29 18:50:48,1
FU7SX8P1BI,121.297,31.2055,164800,0,0,0,14-3-29 18:52:45,1
FU7SX8P1BI,121.297,31.2055,164800,0,0,0,14-3-29 18:54:45,1
FU7SX8P1BI,121.297,31.2055,164800,0,0,0,14-3-29 18:55:49,1
FU7SX8P1BI,121.297,31.2055,164800,0,0,0,14-3-29 18:56:45,1
FU7SX8P1BI,121.297,31.2055,164800,0,0,0,14-3-29 18:58:45,1
FU7SX8P1BI,121.297,31.2055,164800,0,0,0,14-3-29 19:0:50,1
FU7SX8P1BI,121.297,31.2055,164800,0,0,0,14-3-29 19:2:45,1
FU7SX8P1BI,121.297,31.2055,164800,0,0,0,14-3-29 19:4:45,1
FU7SX8P1BI,121.297,31.2055,164800,0,0,0,14-3-29 19:5:51,1
FU7SX8P1BI,121.297,31.2055,164800,0,0,0,14-3-29 19:6:45,1
FU7SX8P1BI,121.297,31.2055,164800,0,0,0,14-3-29 19:8:45,1
FU7SX8P1BI,121.297,31.2055,164800,0,0,0,14-3-29 19:10:45,1
FU7SX8P1BI,121.297,31.2055,164800,0,0,0,14-3-29 19:11:0,1
FU7SX8P1BI,121.297,31.2055,164800,0,0,0,14-3-29 19:12:45,1
FU7SX8P1BI,121.297,31.2055,164800,0,0,0,14-3-29 19:14:45,1
FU7SX8P1BI,121.297,31.2055,164800,0,0,0,14-3-29 19:16:1,1
FU7SX8P1BI,121.297,31.2055,164800,0,0,0,14-3-29 19:16:45,1
FU7SX8P1BI,121.297,31.2055,164800,0,0,0,14-3-29 19:18:45,1
FU7SX8P1BI,121.297,31.2055,164800,0,0,0,14-3-29 19:20:45,1
FU7SX8P1BI,121.297,31.2055,164800,0,0,0,14-3-29 19:21:4,1
FU7SX8P1BI,121.297,31.2055,164800,0,0,0,14-3-29 19:22:45,1
FU7SX8P1BI,121.297,31.2055,164800,0,0,0,14-3-29 19:24:45,1
FU7SX8P1BI,121.297,31.2055,164800,0,0,0,14-3-29 19:26:5,1
FU7SX8P1BI,121.297,31.2055,164800,0,0,0,14-3-29 19:26:45,1
FU7SX8P1BI,121.297,31.2055,164800,0,0,0,14-3-29 19:28:45,1
FU7SX8P1BI,121.297,31.2055,164800,0,0,0,14-3-29 19:30:44,1
FU7SX8P1BI,121.297,31.2055,164800,0,0,0,14-3-29 19:31:6,1
FU7SX8P1BI,121.297,31.2055,164800,0,0,0,14-3-29 19:32:44,1
FU7SX8P1BI,121.297,31.2055,164800,0,0,0,14-3-29 19:34:45,1
FU7SX8P1BI,121.297,31.2055,164800,0,0,0,14-3-29 19:36:6,1
FU7SX8P1BI,121.297,31.2055,164800,0,0,0,14-3-29 19:36:44,1
FU7SX8P1BI,121.297,31.2055,164800,0,0,0,14-3-29 19:38:44,1
FU7SX8P1BI,121.297,31.2055,164800,0,0,0,14-3-29 19:40:44,1
FU7SX8P1BI,121.297,31.2055,164800,0,0,0,14-3-29 19:41:7,1
FU7SX8P1BI,121.297,31.2055,164800,0,0,0,14-3-29 19:42:44,1
FU7SX8P1BI,121.297,31.2055,164800,0,0,0,14-3-29 19:44:45,1
FU7SX8P1BI,121.297,31.2055,164800,0,0,0,14-3-29 19:46:8,1
FU7SX8P1BI,121.297,31.2055,164800,0,0,0,14-3-29 19:46:44,1
FU7SX8P1BI,121.297,31.2055,164800,0,0,0,14-3-29 19:48:44,1
FU7SX8P1BI,121.297,31.2055,164800,0,0,0,14-3-29 19:50:44,1
FU7SX8P1BI,121.297,31.2055,164800,0,0,0,14-3-29 19:51:9,1
FU7SX8P1BI,121.297,31.2055,164800,0,0,0,14-3-29 19:52:44,1
FU7SX8P1BI,121.297,31.2055,164800,0,0,0,14-3-29 19:54:44,1
FU7SX8P1BI,121.297,31.2055,164800,0,0,0,14-3-29 19:56:10,1
FU7SX8P1BI,121.297,31.2055,164800,0,0,0,14-3-29 19:56:44,1
FU7SX8P1BI,121.297,31.2055,164800,0,0,0,14-3-29 19:58:44,1
FU7SX8P1BI,121.297,31.2055,164800,0,0,0,14-3-29 20:1:11,1
FU7SX8P1BI,121.297,31.2055,164800,0,0,0,14-3-29 20:2:44,1
FU7SX8P1BI,121.297,31.2055,164800,0,0,0,14-3-29 20:4:44,1
FU7SX8P1BI,121.297,31.2055,164800,0,0,0,14-3-29 20:6:12,1
FU7SX8P1BI,121.297,31.2055,164800,0,0,0,14-3-29 20:6:44,1
FU7SX8P1BI,121.297,31.2055,164800,0,0,0,14-3-29 20:8:44,1
FU7SX8P1BI,121.297,31.2055,164800,0,0,0,14-3-29 20:10:44,1
FU7SX8P1BI,121.297,31.2055,164800,0,0,0,14-3-29 20:11:13,1
FU7SX8P1BI,121.297,31.2055,164800,0,0,0,14-3-29 20:12:44,1
FU7SX8P1BI,121.297,31.2055,164800,0,0,0,14-3-29 20:14:44,1
FU7SX8P1BI,121.297,31.2055,164800,0,0,0,14-3-29 20:16:14,1
FU7SX8P1BI,121.297,31.2055,164800,0,0,0,14-3-29 20:16:44,1
FU7SX8P1BI,121.297,31.2055,164800,0,0,0,14-3-29 20:18:44,1
FU7SX8P1BI,121.297,31.2055,164800,0,0,0,14-3-29 20:20:44,1
FU7SX8P1BI,121.297,31.2055,164800,0,0,0,14-3-29 20:21:15,1
FU7SX8P1BI,121.297,31.2055,164800,0,0,0,14-3-29 20:22:44,1
FU7SX8P1BI,121.297,31.2055,164800,0,0,0,14-3-29 20:24:44,1
FU7SX8P1BI,121.297,31.2055,164800,0,0,0,14-3-29 20:26:16,1
FU7SX8P1BI,121.297,31.2055,164800,0,0,0,14-3-29 20:28:44,1
FU7SX8P1BI,121.297,31.2055,164800,0,0,0,14-3-29 20:30:44,1
FU7SX8P1BI,121.297,31.2055,164800,0,0,0,14-3-29 20:31:17,1
FU7SX8P1BI,121.297,31.2055,164800,0,0,0,14-3-29 20:32:44,1
FU7SX8P1BI,121.297,31.2055,164800,0,0,0,14-3-29 20:34:44,1
FU7SX8P1BI,121.297,31.2055,164800,0,0,0,14-3-29 20:36:18,1
FU7SX8P1BI,121.297,31.2055,164800,0,0,0,14-3-29 20:36:44,1
FU7SX8P1BI,121.297,31.2055,164800,0,0,0,14-3-29 20:38:44,1
FU7SX8P1BI,121.297,31.2055,164800,0,0,0,14-3-29 20:40:44,1
FU7SX8P1BI,121.297,31.2055,164800,0,0,0,14-3-29 20:41:27,1
FU7SX8P1BI,121.297,31.2055,164800,0,0,0,14-3-29 20:42:44,1
FU7SX8P1BI,121.297,31.2055,164800,0,0,0,14-3-29 20:44:44,1
FU7SX8P1BI,121.297,31.2055,164800,0,0,0,14-3-29 20:46:28,1
FU7SX8P1BI,121.297,31.2055,164800,0,0,0,14-3-29 20:46:44,1
FU7SX8P1BI,121.297,31.2055,164800,0,0,0,14-3-29 20:48:44,1
FU7SX8P1BI,121.297,31.2055,164800,0,0,0,14-3-29 20:50:44,1
FU7SX8P1BI,121.297,31.2055,164800,0,0,0,14-3-29 20:51:29,1
FU7SX8P1BI,121.297,31.2055,164800,0,0,0,14-3-29 20:52:44,1
FU7SX8P1BI,121.297,31.2055,164800,0,0,0,14-3-29 20:54:44,1
FU7SX8P1BI,121.297,31.2055,164800,0,0,0,14-3-29 20:56:30,1
FU7SX8P1BI,121.297,31.2055,164800,0,0,0,14-3-29 20:56:44,1
FU7SX8P1BI,121.297,31.2055,164800,0,0,0,14-3-29 20:58:44,1
FU7SX8P1BI,121.297,31.2055,164800,0,0,0,14-3-29 21:0:44,1
FU7SX8P1BI,121.297,31.2055,164800,0,0,0,14-3-29 21:1:31,1
FU7SX8P1BI,121.297,31.2055,164800,0,0,0,14-3-29 21:2:44,1
FU7SX8P1BI,121.297,31.2055,164800,0,0,0,14-3-29 21:4:44,1
FU7SX8P1BI,121.297,31.2055,164800,0,0,0,14-3-29 21:6:32,1
FU7SX8P1BI,121.297,31.2055,164800,0,0,0,14-3-29 21:6:44,1
FU7SX8P1BI,121.297,31.2055,164800,0,0,0,14-3-29 21:8:44,1
FU7SX8P1BI,121.297,31.2055,164800,0,0,0,14-3-29 21:10:44,1
FU7SX8P1BI,121.297,31.2055,164800,0,0,0,14-3-29 21:11:33,1
FU7SX8P1BI,121.297,31.2055,164800,0,0,0,14-3-29 21:12:44,1
FU7SX8P1BI,121.297,31.2055,164800,0,0,0,14-3-29 21:14:44,1
FU7SX8P1BI,121.297,31.2055,164800,0,0,0,14-3-29 21:16:35,1
FU7SX8P1BI,121.297,31.2055,164800,0,0,0,14-3-29 21:16:44,1
FU7SX8P1BI,121.297,31.2055,164800,0,0,0,14-3-29 21:18:44,1
FU7SX8P1BI,121.297,31.2055,164800,0,0,0,14-3-29 21:20:44,1
FU7SX8P1BI,121.297,31.2055,164800,0,0,0,14-3-29 21:21:37,1
FU7SX8P1BI,121.297,31.2055,164800,0,0,0,14-3-29 21:22:44,1
FU7SX8P1BI,121.297,31.2055,164800,0,0,0,14-3-29 21:24:44,1
FU7SX8P1BI,121.297,31.2055,164800,0,0,0,14-3-29 21:26:38,1
FU7SX8P1BI,121.297,31.2055,164800,0,0,0,14-3-29 21:26:44,1
FU7SX8P1BI,121.297,31.2055,164800,0,0,0,14-3-29 21:28:44,1
FU7SX8P1BI,121.297,31.2055,164800,0,0,0,14-3-29 21:30:44,1
FU7SX8P1BI,121.297,31.2055,164800,0,0,0,14-3-29 21:31:39,1
FU7SX8P1BI,121.297,31.2055,164800,0,0,0,14-3-29 21:32:44,1
FU7SX8P1BI,121.297,31.2055,164800,0,0,0,14-3-29 21:34:44,1
FU7SX8P1BI,121.297,31.2055,164800,0,0,0,14-3-29 21:36:40,1
FU7SX8P1BI,121.297,31.2055,164800,0,0,0,14-3-29 21:36:44,1
FU7SX8P1BI,121.297,31.2055,164800,0,0,0,14-3-29 21:38:44,1
FU7SX8P1BI,121.297,31.2055,164800,0,0,0,14-3-29 21:40:44,1
FU7SX8P1BI,121.297,31.2055,164800,0,0,0,14-3-29 21:41:49,1
FU7SX8P1BI,121.297,31.2055,164800,0,0,0,14-3-29 21:42:44,1
FU7SX8P1BI,121.297,31.2055,164800,0,0,0,14-3-29 21:44:44,1
FU7SX8P1BI,121.297,31.2055,164800,0,0,0,14-3-29 21:46:50,1
FU7SX8P1BI,121.297,31.2055,164800,0,0,0,14-3-29 21:48:45,1
FU7SX8P1BI,121.297,31.2055,164800,0,0,0,14-3-29 21:50:45,1
FU7SX8P1BI,121.297,31.2055,164800,0,0,0,14-3-29 21:51:51,1
FU7SX8P1BI,121.297,31.2055,164800,0,0,0,14-3-29 21:52:45,1
FU7SX8P1BI,121.297,31.2055,164800,0,0,0,14-3-29 21:54:45,1
FU7SX8P1BI,121.297,31.2055,164800,0,0,0,14-3-29 21:56:45,1
FU7SX8P1BI,121.297,31.2055,164800,0,0,0,14-3-29 21:56:52,1
FU7SX8P1BI,121.297,31.2055,164800,0,0,0,14-3-29 21:58:45,1
FU7SX8P1BI,121.297,31.2055,164800,0,0,0,14-3-29 22:0:45,1
FU7SX8P1BI,121.297,31.2055,164800,0,0,0,14-3-29 22:1:52,1
FU7SX8P1BI,121.297,31.2055,164800,0,0,0,14-3-29 22:2:44,1
FU7SX8P1BI,121.297,31.2055,164800,0,0,0,14-3-29 22:4:44,1
FU7SX8P1BI,121.297,31.2055,164800,0,0,0,14-3-29 22:6:45,1
FU7SX8P1BI,121.297,31.2055,164800,0,0,0,14-3-29 22:6:54,1
FU7SX8P1BI,121.297,31.2055,164800,0,0,0,14-3-29 22:8:44,1
FU7SX8P1BI,121.297,31.2055,164800,0,0,0,14-3-29 22:10:44,1
FU7SX8P1BI,121.297,31.2055,164800,0,0,0,14-3-29 22:11:55,1
FU7SX8P1BI,121.297,31.2055,164800,0,0,0,14-3-29 22:12:44,1
FU7SX8P1BI,121.297,31.2055,164800,0,0,0,14-3-29 22:14:44,1
FU7SX8P1BI,121.297,31.2055,164800,0,0,0,14-3-29 22:16:44,1
FU7SX8P1BI,121.297,31.2055,164800,0,0,0,14-3-29 22:16:56,1
FU7SX8P1BI,121.297,31.2055,164800,0,0,0,14-3-29 22:18:44,1
FU7SX8P1BI,121.297,31.2055,164800,0,0,0,14-3-29 22:20:44,1
FU7SX8P1BI,121.297,31.2055,164800,0,0,0,14-3-29 22:21:57,1
FU7SX8P1BI,121.297,31.2055,164800,0,0,0,14-3-29 22:22:44,1
FU7SX8P1BI,121.297,31.2055,164800,0,0,0,14-3-29 22:24:44,1
FU7SX8P1BI,121.297,31.2055,164800,0,0,0,14-3-29 22:26:58,1
FU7SX8P1BI,121.297,31.2055,164800,0,0,0,14-3-29 22:28:44,1
FU7SX8P1BI,121.297,31.2055,164800,0,0,0,14-3-29 22:30:44,1
FU7SX8P1BI,121.297,31.2055,164800,0,0,0,14-3-29 22:31:59,1
FU7SX8P1BI,121.297,31.2055,164800,0,0,0,14-3-29 22:32:44,1
FU7SX8P1BI,121.297,31.2055,164800,0,0,0,14-3-29 22:34:44,1
FU7SX8P1BI,121.297,31.2055,164800,0,0,0,14-3-29 22:36:44,1
FU7SX8P1BI,121.297,31.2055,164800,0,0,0,14-3-29 22:37:3,1
FU7SX8P1BI,121.297,31.2055,164800,0,0,0,14-3-29 22:38:44,1
FU7SX8P1BI,121.297,31.2055,164800,0,0,0,14-3-29 22:40:44,1
FU7SX8P1BI,121.297,31.2054,164800,0,0,0,14-3-29 22:42:12,1
FU7SX8P1BI,121.297,31.2054,164800,0,0,0,14-3-29 22:42:44,1
FU7SX8P1BI,121.297,31.2055,164800,0,0,0,14-3-29 22:44:44,1
FU7SX8P1BI,121.297,31.2054,164800,0,0,0,14-3-29 22:46:44,1
FU7SX8P1BI,121.297,31.2054,164800,0,0,0,14-3-29 22:47:13,1
FU7SX8P1BI,121.297,31.2055,164800,0,0,0,14-3-29 22:48:55,1
FU7SX8P1BI,121.297,31.2055,164800,0,0,0,14-3-29 22:50:54,1
FU7SX8P1BI,121.297,31.2055,164800,0,0,0,14-3-29 22:52:54,1
FU7SX8P1BI,121.297,31.2055,164800,0,0,0,14-3-29 22:54:54,1
FU7SX8P1BI,121.297,31.2055,164800,0,0,0,14-3-29 22:56:54,1
FU7SX8P1BI,121.297,31.2055,164800,0,0,0,14-3-29 22:57:15,1
FU7SX8P1BI,121.297,31.2055,164800,0,0,0,14-3-29 22:58:54,1
FU7SX8P1BI,121.297,31.2055,164800,0,0,0,14-3-29 23:0:54,1
FU7SX8P1BI,121.297,31.2055,164800,0,0,0,14-3-29 23:2:16,1
FU7SX8P1BI,121.297,31.2055,164800,0,0,0,14-3-29 23:2:54,1
FU7SX8P1BI,121.297,31.2055,164800,0,0,0,14-3-29 23:4:54,1
FU7SX8P1BI,121.297,31.2055,164800,0,0,0,14-3-29 23:6:54,1
FU7SX8P1BI,121.297,31.2055,164800,0,0,0,14-3-29 23:7:17,1
FU7SX8P1BI,121.297,31.2055,164800,0,0,0,14-3-29 23:8:54,1
FU7SX8P1BI,121.297,31.2055,164800,0,0,0,14-3-29 23:10:54,1
FU7SX8P1BI,121.297,31.2055,164800,0,0,0,14-3-29 23:12:18,1
FU7SX8P1BI,121.297,31.2055,164800,0,0,0,14-3-29 23:12:54,1
FU7SX8P1BI,121.297,31.2055,164800,0,0,0,14-3-29 23:14:54,1
FU7SX8P1BI,121.297,31.2055,164800,0,0,0,14-3-29 23:16:54,1
FU7SX8P1BI,121.297,31.2055,164800,0,0,0,14-3-29 23:17:19,1
FU7SX8P1BI,121.297,31.2055,164800,0,0,0,14-3-29 23:18:54,1
FU7SX8P1BI,121.297,31.2055,164800,0,0,0,14-3-29 23:20:54,1
FU7SX8P1BI,121.297,31.2055,164800,0,0,0,14-3-29 23:22:20,1
FU7SX8P1BI,121.297,31.2055,164800,0,0,0,14-3-29 23:22:54,1
FU7SX8P1BI,121.297,31.2055,164800,0,0,0,14-3-29 23:24:54,1
FU7SX8P1BI,121.297,31.2055,164800,0,0,0,14-3-29 23:26:54,1
FU7SX8P1BI,121.297,31.2055,164800,0,0,0,14-3-29 23:27:21,1
FU7SX8P1BI,121.297,31.2055,164800,0,0,0,14-3-29 23:28:54,1
FU7SX8P1BI,121.297,31.2055,164800,0,0,0,14-3-29 23:30:54,1
FU7SX8P1BI,121.297,31.2055,164800,0,0,0,14-3-29 23:32:22,1
FU7SX8P1BI,121.297,31.2055,164800,0,0,0,14-3-29 23:32:54,1
FU7SX8P1BI,121.297,31.2055,164800,0,0,0,14-3-29 23:34:54,1
FU7SX8P1BI,121.297,31.2055,164800,0,0,0,14-3-29 23:36:54,1
FU7SX8P1BI,121.297,31.2055,164800,0,0,0,14-3-29 23:37:23,1
FU7SX8P1BI,121.297,31.2055,164800,0,0,0,14-3-29 23:38:54,1
FU7SX8P1BI,121.297,31.2055,164800,0,0,0,14-3-29 23:40:54,1
FU7SX8P1BI,121.297,31.2055,164800,0,0,0,14-3-29 23:42:24,1
FU7SX8P1BI,121.297,31.2055,164800,0,0,0,14-3-29 23:42:54,1
FU7SX8P1BI,121.297,31.2055,164800,0,0,0,14-3-29 23:44:54,1
FU7SX8P1BI,121.297,31.2055,164800,0,0,0,14-3-29 23:46:54,1
FU7SX8P1BI,121.297,31.2055,164800,0,0,0,14-3-29 23:47:25,1
FU7SX8P1BI,121.297,31.2055,164800,0,0,0,14-3-29 23:48:54,1
FU7SX8P1BI,121.297,31.2055,164800,0,0,0,14-3-29 23:50:54,1
FU7SX8P1BI,121.297,31.2055,164800,0,0,0,14-3-29 23:52:26,1
FU7SX8P1BI,121.297,31.2055,164800,0,0,0,14-3-29 23:52:54,1
FU7SX8P1BI,121.297,31.2055,164800,0,0,0,14-3-29 23:54:54,1
FU7SX8P1BI,121.297,31.2055,164800,0,0,0,14-3-29 23:56:54,1
FU7SX8P1BI,121.297,31.2055,164800,0,0,0,14-3-29 23:57:27,1
FU7SX8P1BI,121.297,31.2055,164800,0,0,0,14-3-29 23:58:54,1
