G34UX16PSI,114.051,22.6148,1694281,0,0,0,14-3-29 15:24:58,0
G34UX16PSI,114.075,22.6315,1694281,0,0,0,14-3-29 15:26:38,1
G34UX16PSI,114.075,22.6315,1694281,0,0,0,14-3-29 15:28:39,1
G34UX16PSI,114.075,22.6315,1694281,0,0,0,14-3-29 15:30:20,1
G34UX16PSI,114.075,22.6323,1694282,9,175,0,14-3-29 15:32:39,1
G34UX16PSI,114.075,22.6326,1694283,5,160,0,14-3-29 15:34:39,1
G34UX16PSI,114.075,22.6316,1694284,27,85,0,14-3-29 15:35:18,1
G34UX16PSI,114.075,22.6296,1694286,22,135,0,14-3-29 15:36:3,1
G34UX16PSI,114.071,22.6303,1694290,51,135,0,14-3-29 15:36:39,1
G34UX16PSI,114.069,22.6305,1694292,46,135,0,14-3-29 15:36:53,1
G34UX16PSI,114.066,22.6304,1694295,22,130,0,14-3-29 15:38:14,1
G34UX16PSI,114.064,22.6301,1694297,44,125,0,14-3-29 15:38:39,1
G34UX16PSI,114.06,22.6296,1694301,36,130,0,14-3-29 15:39:15,1
G34UX16PSI,114.058,22.6296,1694303,31,135,0,14-3-29 15:39:44,1
G34UX16PSI,114.056,22.6298,1694305,49,135,0,14-3-29 15:40:3,1
G34UX16PSI,114.053,22.6302,1694308,42,140,0,14-3-29 15:40:20,1
G34UX16PSI,114.051,22.6307,1694310,51,140,0,14-3-29 15:40:39,1
G34UX16PSI,114.049,22.6313,1694312,51,140,0,14-3-29 15:40:53,1
G34UX16PSI,114.048,22.6328,1694314,42,155,0,14-3-29 15:41:11,1
G34UX16PSI,114.046,22.6306,1694318,40,95,0,14-3-29 15:41:42,1
G34UX16PSI,114.045,22.6286,1694320,31,110,0,14-3-29 15:43:4,1
G34UX16PSI,114.043,22.629,1694322,47,165,0,14-3-29 15:43:23,1
G34UX16PSI,114.044,22.6318,1694325,58,5,0,14-3-29 15:43:43,1
G34UX16PSI,114.044,22.6336,1694327,58,5,0,14-3-29 15:43:56,1
G34UX16PSI,114.045,22.6354,1694330,62,10,0,14-3-29 15:44:8,1
G34UX16PSI,114.049,22.6419,1694338,62,10,0,14-3-29 15:44:55,1
G34UX16PSI,114.05,22.6457,1694342,60,0,0,14-3-29 15:45:20,1
G34UX16PSI,114.05,22.6516,1694348,66,175,0,14-3-29 15:45:56,1
G34UX16PSI,114.049,22.6597,1694357,60,175,0,14-3-29 15:46:45,1
G34UX16PSI,114.049,22.6616,1694359,64,175,0,14-3-29 15:46:57,1
G34UX16PSI,114.049,22.6635,1694361,58,175,0,14-3-29 15:47:9,1
G34UX16PSI,114.049,22.6654,1694363,62,175,0,14-3-29 15:47:22,1
G34UX16PSI,114.049,22.6726,1694371,64,175,0,14-3-29 15:48:8,1
G34UX16PSI,114.049,22.6744,1694373,62,175,0,14-3-29 15:48:18,1
G34UX16PSI,114.049,22.6763,1694375,62,175,0,14-3-29 15:48:30,1
G34UX16PSI,114.048,22.6787,1694378,62,175,0,14-3-29 15:48:45,1
G34UX16PSI,114.048,22.6805,1694380,62,175,0,14-3-29 15:48:56,1
G34UX16PSI,114.049,22.6826,1694382,64,0,0,14-3-29 15:49:9,1
G34UX16PSI,114.049,22.6844,1694384,60,0,0,14-3-29 15:49:20,1
G34UX16PSI,114.049,22.6883,1694388,64,0,0,14-3-29 15:49:45,1
G34UX16PSI,114.049,22.6901,1694390,62,0,0,14-3-29 15:49:56,1
G34UX16PSI,114.05,22.692,1694393,62,0,0,14-3-29 15:50:8,1
G34UX16PSI,114.05,22.6942,1694395,62,0,0,14-3-29 15:50:22,1
G34UX16PSI,114.05,22.6982,1694399,64,175,0,14-3-29 15:50:46,1
G34UX16PSI,114.05,22.6999,1694401,62,170,0,14-3-29 15:50:57,1
G34UX16PSI,114.05,22.7018,1694403,64,170,0,14-3-29 15:51:9,1
G34UX16PSI,114.049,22.7037,1694406,66,170,0,14-3-29 15:51:21,1
G34UX16PSI,114.047,22.7082,1694411,66,170,0,14-3-29 15:51:48,1
G34UX16PSI,114.047,22.7099,1694413,66,170,0,14-3-29 15:51:59,1
G34UX16PSI,114.046,22.712,1694415,62,165,0,14-3-29 15:52:12,1
G34UX16PSI,114.045,22.7136,1694417,60,165,0,14-3-29 15:52:23,1
G34UX16PSI,114.042,22.7201,1694425,60,165,0,14-3-29 15:53:11,1
G34UX16PSI,114.041,22.7219,1694427,58,165,0,14-3-29 15:53:23,1
G34UX16PSI,114.039,22.7255,1694431,58,160,0,14-3-29 15:53:49,1
G34UX16PSI,114.038,22.7271,1694434,58,160,0,14-3-29 15:54:2,1
G34UX16PSI,114.036,22.7286,1694436,60,160,0,14-3-29 15:54:14,1
G34UX16PSI,114.035,22.7302,1694438,62,155,0,14-3-29 15:54:27,1
G34UX16PSI,114.032,22.7327,1694441,62,155,0,14-3-29 15:54:49,1
G34UX16PSI,114.031,22.7339,1694444,60,155,0,14-3-29 15:55:0,1
G34UX16PSI,114.029,22.7354,1694446,58,155,0,14-3-29 15:55:14,1
G34UX16PSI,114.028,22.7366,1694448,64,155,0,14-3-29 15:55:26,1
G34UX16PSI,114.025,22.7453,1694458,64,0,0,14-3-29 15:56:25,1
G34UX16PSI,114.026,22.7496,1694463,62,0,0,14-3-29 15:56:51,1
G34UX16PSI,114.026,22.7514,1694465,66,0,0,14-3-29 15:57:2,1
G34UX16PSI,114.026,22.7535,1694467,64,5,0,14-3-29 15:57:15,1
G34UX16PSI,114.027,22.7553,1694469,64,5,0,14-3-29 15:57:26,1
G34UX16PSI,114.027,22.7571,1694471,68,5,0,14-3-29 15:57:37,1
G34UX16PSI,114.029,22.7625,1694478,64,10,0,14-3-29 15:58:13,1
G34UX16PSI,114.031,22.7661,1694482,58,10,0,14-3-29 15:58:37,1
G34UX16PSI,114.032,22.7681,1694484,60,10,0,14-3-29 15:58:51,1
G34UX16PSI,114.033,22.7696,1694486,62,20,0,14-3-29 15:59:3,1
G34UX16PSI,114.034,22.771,1694489,64,20,0,14-3-29 15:59:15,1
G34UX16PSI,114.036,22.7724,1694491,62,15,0,14-3-29 15:59:27,1
G34UX16PSI,114.037,22.7819,1694501,62,175,0,14-3-29 16:0:26,1
G34UX16PSI,114.037,22.786,1694506,66,175,0,14-3-29 16:0:52,1
G34UX16PSI,114.037,22.7879,1694508,68,175,0,14-3-29 16:1:2,1
G34UX16PSI,114.037,22.7898,1694510,66,0,0,14-3-29 16:1:13,1
G34UX16PSI,114.037,22.7918,1694512,66,175,0,14-3-29 16:1:25,1
G34UX16PSI,114.037,22.7968,1694517,64,175,0,14-3-29 16:1:55,1
G34UX16PSI,114.037,22.7985,1694519,64,0,0,14-3-29 16:2:5,1
G34UX16PSI,114.037,22.8007,1694522,64,175,0,14-3-29 16:2:18,1
G34UX16PSI,114.037,22.8025,1694524,62,175,0,14-3-29 16:2:29,1
G34UX16PSI,114.034,22.8092,1694532,64,155,0,14-3-29 16:3:16,1
G34UX16PSI,114.033,22.8105,1694534,64,155,0,14-3-29 16:3:27,1
G34UX16PSI,114.031,22.8117,1694536,62,150,0,14-3-29 16:3:39,1
G34UX16PSI,114.029,22.8132,1694539,64,150,0,14-3-29 16:3:55,1
G34UX16PSI,114.027,22.8141,1694541,64,145,0,14-3-29 16:4:6,1
G34UX16PSI,114.025,22.815,1694543,64,145,0,14-3-29 16:4:18,1
G34UX16PSI,114.023,22.8157,1694545,64,140,0,14-3-29 16:4:30,1
G34UX16PSI,114.019,22.817,1694549,62,145,0,14-3-29 16:4:55,1
G34UX16PSI,114.017,22.818,1694552,62,155,0,14-3-29 16:5:6,1
G34UX16PSI,114.016,22.8193,1694554,60,155,0,14-3-29 16:5:18,1
G34UX16PSI,114.014,22.8206,1694556,66,155,0,14-3-29 16:5:30,1
G34UX16PSI,114.011,22.8237,1694561,71,160,0,14-3-29 16:5:55,1
G34UX16PSI,114.01,22.8253,1694563,69,165,0,14-3-29 16:6:5,1
G34UX16PSI,114.008,22.8289,1694567,66,165,0,14-3-29 16:6:29,1
G34UX16PSI,114.005,22.8328,1694572,69,160,0,14-3-29 16:6:57,1
G34UX16PSI,114.003,22.8342,1694575,68,155,0,14-3-29 16:7:7,1
G34UX16PSI,114.002,22.8357,1694577,69,160,0,14-3-29 16:7:18,1
G34UX16PSI,114.001,22.8372,1694579,66,160,0,14-3-29 16:7:29,1
G34UX16PSI,113.999,22.8387,1694581,66,155,0,14-3-29 16:7:41,1
G34UX16PSI,113.994,22.8432,1694588,68,150,0,14-3-29 16:8:19,1
G34UX16PSI,113.993,22.8444,1694590,71,150,0,14-3-29 16:8:29,1
G34UX16PSI,113.991,22.8456,1694592,68,150,0,14-3-29 16:8:40,1
G34UX16PSI,113.989,22.8475,1694595,66,150,0,14-3-29 16:8:57,1
G34UX16PSI,113.987,22.8487,1694597,66,150,0,14-3-29 16:9:8,1
G34UX16PSI,113.985,22.8502,1694600,68,155,0,14-3-29 16:9:21,1
G34UX16PSI,113.984,22.8515,1694602,68,160,0,14-3-29 16:9:31,1
G34UX16PSI,113.982,22.8557,1694607,71,175,0,14-3-29 16:9:57,1
G34UX16PSI,113.982,22.8578,1694609,73,170,0,14-3-29 16:10:8,1
G34UX16PSI,113.981,22.8609,1694613,69,165,0,14-3-29 16:10:26,1
G34UX16PSI,113.981,22.8613,1694613,69,165,0,14-3-29 16:10:28,1
G34UX16PSI,113.98,22.8629,1694615,66,160,0,14-3-29 16:10:39,1
G34UX16PSI,113.978,22.8653,1694618,64,160,0,14-3-29 16:10:57,1
G34UX16PSI,113.976,22.8668,1694620,66,160,0,14-3-29 16:11:8,1
G34UX16PSI,113.975,22.8685,1694623,66,160,0,14-3-29 16:11:21,1
G34UX16PSI,113.974,22.87,1694625,69,165,0,14-3-29 16:11:31,1
G34UX16PSI,113.973,22.8718,1694627,66,165,0,14-3-29 16:11:42,1
G34UX16PSI,113.971,22.8741,1694630,71,150,0,14-3-29 16:12:0,1
G34UX16PSI,113.969,22.8751,1694632,69,145,0,14-3-29 16:12:10,1
G34UX16PSI,113.967,22.8759,1694634,64,145,0,14-3-29 16:12:22,1
G34UX16PSI,113.965,22.8767,1694636,64,145,0,14-3-29 16:12:34,1
G34UX16PSI,113.963,22.8775,1694639,66,145,0,14-3-29 16:12:46,1
G34UX16PSI,113.958,22.8804,1694645,64,150,0,14-3-29 16:13:22,1
G34UX16PSI,113.956,22.8818,1694648,66,150,0,14-3-29 16:13:35,1
G34UX16PSI,113.951,22.8857,1694655,73,150,0,14-3-29 16:14:11,1
G34UX16PSI,113.947,22.8876,1694659,64,145,0,14-3-29 16:14:32,1
G34UX16PSI,113.945,22.8885,1694661,66,145,0,14-3-29 16:14:44,1
G34UX16PSI,113.942,22.8899,1694664,68,145,0,14-3-29 16:15:1,1
G34UX16PSI,113.941,22.8905,1694666,66,140,0,14-3-29 16:15:11,1
G34UX16PSI,113.938,22.891,1694669,68,140,0,14-3-29 16:15:27,1
G34UX16PSI,113.936,22.8913,1694671,68,140,0,14-3-29 16:15:34,1
G34UX16PSI,113.934,22.8917,1694673,68,140,0,14-3-29 16:15:46,1
G34UX16PSI,113.931,22.8923,1694675,68,140,0,14-3-29 16:16:1,1
G34UX16PSI,113.93,22.8929,1694677,66,145,0,14-3-29 16:16:11,1
G34UX16PSI,113.927,22.8939,1694680,68,145,0,14-3-29 16:16:24,1
G34UX16PSI,113.926,22.8948,1694682,66,150,0,14-3-29 16:16:34,1
G34UX16PSI,113.922,22.898,1694687,66,150,0,14-3-29 16:17:3,1
G34UX16PSI,113.92,22.8992,1694689,68,150,0,14-3-29 16:17:14,1
G34UX16PSI,113.919,22.9004,1694691,66,150,0,14-3-29 16:17:25,1
G34UX16PSI,113.917,22.9017,1694694,64,155,0,14-3-29 16:17:37,1
G34UX16PSI,113.915,22.903,1694696,66,150,0,14-3-29 16:17:49,1
G34UX16PSI,113.91,22.9068,1694702,64,155,0,14-3-29 16:18:25,1
G34UX16PSI,113.909,22.9081,1694704,64,155,0,14-3-29 16:18:36,1
G34UX16PSI,113.908,22.9095,1694706,66,155,0,14-3-29 16:18:48,1
G34UX16PSI,113.905,22.9128,1694711,66,160,0,14-3-29 16:19:13,1
G34UX16PSI,113.903,22.9145,1694713,66,160,0,14-3-29 16:19:25,1
G34UX16PSI,113.902,22.9161,1694715,66,160,0,14-3-29 16:19:37,1
G34UX16PSI,113.9,22.9198,1694720,62,160,0,14-3-29 16:20:3,1
G34UX16PSI,113.899,22.9214,1694722,68,160,0,14-3-29 16:20:14,1
G34UX16PSI,113.897,22.9235,1694725,62,160,0,14-3-29 16:20:29,1
G34UX16PSI,113.896,22.9248,1694727,62,160,0,14-3-29 16:20:39,1
G34UX16PSI,113.894,22.9281,1694731,64,160,0,14-3-29 16:21:3,1
G34UX16PSI,113.893,22.9298,1694733,64,160,0,14-3-29 16:21:15,1
G34UX16PSI,113.891,22.9329,1694737,64,160,0,14-3-29 16:21:38,1
G34UX16PSI,113.888,22.937,1694742,62,160,0,14-3-29 16:22:7,1
G34UX16PSI,113.887,22.9385,1694744,66,160,0,14-3-29 16:22:18,1
G34UX16PSI,113.885,22.9401,1694747,66,160,0,14-3-29 16:22:30,1
G34UX16PSI,113.884,22.9418,1694749,64,155,0,14-3-29 16:22:43,1
G34UX16PSI,113.878,22.9474,1694757,69,155,0,14-3-29 16:23:28,1
G34UX16PSI,113.877,22.9485,1694759,69,150,0,14-3-29 16:23:38,1
G34UX16PSI,113.875,22.9498,1694762,69,150,0,14-3-29 16:23:49,1
G34UX16PSI,113.871,22.9527,1694767,62,150,0,14-3-29 16:24:18,1
G34UX16PSI,113.869,22.9538,1694769,64,150,0,14-3-29 16:24:30,1
G34UX16PSI,113.867,22.955,1694771,64,150,0,14-3-29 16:24:42,1
G34UX16PSI,113.864,22.9575,1694775,66,150,0,14-3-29 16:25:7,1
G34UX16PSI,113.86,22.9597,1694780,68,150,0,14-3-29 16:25:29,1
G34UX16PSI,113.859,22.9606,1694782,62,150,0,14-3-29 16:25:39,1
G34UX16PSI,113.857,22.9618,1694784,68,150,0,14-3-29 16:25:52,1
G34UX16PSI,113.855,22.9631,1694787,64,150,0,14-3-29 16:26:6,1
G34UX16PSI,113.853,22.9643,1694789,58,150,0,14-3-29 16:26:20,1
G34UX16PSI,113.851,22.9652,1694791,64,150,0,14-3-29 16:26:31,1
G34UX16PSI,113.849,22.9662,1694793,68,150,0,14-3-29 16:26:42,1
G34UX16PSI,113.845,22.9686,1694798,62,150,0,14-3-29 16:27:9,1
G34UX16PSI,113.844,22.9696,1694800,66,150,0,14-3-29 16:27:20,1
G34UX16PSI,113.842,22.9708,1694802,64,150,0,14-3-29 16:27:33,1
G34UX16PSI,113.84,22.9717,1694804,64,150,0,14-3-29 16:27:44,1
G34UX16PSI,113.838,22.973,1694806,64,155,0,14-3-29 16:27:57,1
G34UX16PSI,113.837,22.9744,1694809,66,155,0,14-3-29 16:28:10,1
G34UX16PSI,113.833,22.9793,1694815,64,165,0,14-3-29 16:28:44,1
G34UX16PSI,113.832,22.9809,1694817,62,165,0,14-3-29 16:28:55,1
G34UX16PSI,113.831,22.9832,1694820,66,165,0,14-3-29 16:29:10,1
G34UX16PSI,113.83,22.9847,1694822,68,165,0,14-3-29 16:29:20,1
G34UX16PSI,113.829,22.9884,1694826,68,165,0,14-3-29 16:29:43,1
G34UX16PSI,113.828,22.99,1694828,66,165,0,14-3-29 16:29:53,1
G34UX16PSI,113.827,22.9924,1694831,64,165,0,14-3-29 16:30:9,1
G34UX16PSI,113.825,22.9956,1694835,64,165,0,14-3-29 16:30:30,1
G34UX16PSI,113.825,22.9959,1694835,62,165,0,14-3-29 16:30:32,1
G34UX16PSI,113.824,22.9978,1694837,66,165,0,14-3-29 16:30:45,1
G34UX16PSI,113.822,23.0018,1694842,66,165,0,14-3-29 16:31:10,1
G34UX16PSI,113.821,23.0035,1694844,66,165,0,14-3-29 16:31:21,1
G34UX16PSI,113.821,23.0053,1694846,66,165,0,14-3-29 16:31:33,1
G34UX16PSI,113.82,23.0069,1694848,68,165,0,14-3-29 16:31:43,1
G34UX16PSI,113.819,23.0088,1694850,62,165,0,14-3-29 16:31:56,1
G34UX16PSI,113.816,23.0147,1694858,64,165,0,14-3-29 16:32:36,1
G34UX16PSI,113.815,23.0164,1694859,62,165,0,14-3-29 16:32:47,1
G34UX16PSI,113.815,23.0165,1694859,62,165,0,14-3-29 16:32:48,1
G34UX16PSI,113.812,23.0239,1694868,64,175,0,14-3-29 16:33:35,1
G34UX16PSI,113.812,23.0259,1694870,60,175,0,14-3-29 16:33:47,1
G34UX16PSI,113.812,23.0291,1694874,34,0,0,14-3-29 16:34:11,1
G34UX16PSI,113.812,23.0315,1694877,29,35,0,14-3-29 16:35:31,1
G34UX16PSI,113.814,23.0311,1694878,49,50,0,14-3-29 16:35:45,1
G34UX16PSI,113.817,23.0294,1694882,51,65,0,14-3-29 16:36:11,1
G34UX16PSI,113.818,23.0281,1694884,49,65,0,14-3-29 16:36:27,1
G34UX16PSI,113.82,23.0267,1694886,47,65,0,14-3-29 16:36:42,1
G34UX16PSI,113.823,23.0242,1694890,49,55,0,14-3-29 16:37:16,1
G34UX16PSI,113.825,23.0235,1694892,46,55,0,14-3-29 16:37:30,1
G34UX16PSI,113.825,23.0183,1694899,29,100,0,14-3-29 16:38:55,1
G34UX16PSI,113.824,23.0163,1694902,38,95,0,14-3-29 16:39:31,1
G34UX16PSI,113.823,23.0144,1694904,47,100,0,14-3-29 16:39:49,1
G34UX16PSI,113.822,23.0121,1694907,22,120,0,14-3-29 16:40:15,1
G34UX16PSI,113.82,23.0128,1694909,38,145,0,14-3-29 16:40:37,1
G34UX16PSI,113.818,23.0145,1694911,31,165,0,14-3-29 16:41:15,1
G34UX16PSI,113.817,23.0159,1694913,22,125,0,14-3-29 16:41:57,1
G34UX16PSI,113.817,23.0157,1694914,0,0,0,14-3-29 16:43:58,1
G34UX16PSI,113.817,23.0157,1694914,0,0,0,14-3-29 16:45:34,1
G34UX16PSI,113.817,23.0157,1694914,0,0,0,14-3-29 16:45:59,1
G34UX16PSI,113.817,23.0157,1694914,0,0,0,14-3-29 16:47:58,1
G34UX16PSI,113.816,23.0157,1694914,9,115,0,14-3-29 16:49:58,1
G34UX16PSI,113.816,23.0155,1694915,5,30,0,14-3-29 16:50:34,1
G34UX16PSI,113.816,23.0157,1694915,0,0,0,14-3-29 16:51:58,1
G34UX16PSI,113.816,23.0157,1694915,0,0,0,14-3-29 16:53:59,1
G34UX16PSI,113.816,23.0157,1694915,0,0,0,14-3-29 16:56:0,1
G34UX16PSI,113.816,23.0157,1694915,0,0,0,14-3-29 16:58:1,1
G34UX16PSI,113.816,23.0157,1694915,0,0,0,14-3-29 17:0:1,1
G34UX16PSI,113.816,23.0157,1694915,0,0,0,14-3-29 17:2:1,1
G34UX16PSI,113.816,23.0157,1694915,0,0,0,14-3-29 17:3:11,1
G34UX16PSI,113.816,23.0157,1694915,0,0,0,14-3-29 17:6:1,1
G34UX16PSI,113.816,23.0157,1694915,0,0,0,14-3-29 17:8:1,1
G34UX16PSI,113.816,23.0157,1694915,0,0,0,14-3-29 17:8:8,1
G34UX16PSI,113.816,23.0157,1694915,0,0,0,14-3-29 17:10:1,1
G34UX16PSI,113.816,23.0157,1694915,0,0,0,14-3-29 17:12:1,1
G34UX16PSI,113.816,23.0157,1694915,0,0,0,14-3-29 17:13:9,1
G34UX16PSI,113.816,23.0157,1694915,0,0,0,14-3-29 17:14:6,1
G34UX16PSI,113.816,23.0157,1694915,0,0,0,14-3-29 17:16:6,1
G34UX16PSI,113.816,23.0157,1694915,0,0,0,14-3-29 17:18:10,1
G34UX16PSI,113.816,23.0157,1694915,0,0,0,14-3-29 17:20:8,1
G34UX16PSI,113.816,23.0157,1694915,0,0,0,14-3-29 17:22:8,1
G34UX16PSI,113.816,23.0157,1694915,0,0,0,14-3-29 17:24:11,1
G34UX16PSI,113.816,23.0157,1694915,0,0,0,14-3-29 17:26:12,1
G34UX16PSI,113.816,23.0157,1694915,0,0,0,14-3-29 17:28:13,1
G34UX16PSI,113.816,23.0157,1694915,0,0,0,14-3-29 17:30:13,1
G34UX16PSI,113.816,23.0157,1694915,0,0,0,14-3-29 17:31:20,1
G34UX16PSI,113.816,23.0157,1694915,0,0,0,14-3-29 17:32:13,1
G34UX16PSI,113.816,23.0157,1694915,0,0,0,14-3-29 17:34:17,1
G34UX16PSI,113.816,23.0157,1694915,0,0,0,14-3-29 17:36:18,1
G34UX16PSI,113.816,23.0157,1694915,0,0,0,14-3-29 17:38:19,1
G34UX16PSI,113.816,23.0157,1694915,0,0,0,14-3-29 17:39:24,1
G34UX16PSI,113.816,23.0157,1694915,0,0,0,14-3-29 17:39:33,1
G34UX16PSI,113.816,23.0157,1694915,0,0,0,14-3-29 17:42:20,1
G34UX16PSI,113.816,23.0157,1694915,0,0,0,14-3-29 17:44:25,1
G34UX16PSI,113.816,23.0157,1694915,0,0,0,14-3-29 17:46:20,1
G34UX16PSI,113.816,23.0157,1694915,0,0,0,14-3-29 17:48:20,1
G34UX16PSI,113.816,23.0157,1694915,0,0,0,14-3-29 17:50:20,1
G34UX16PSI,113.816,23.0157,1694915,0,0,0,14-3-29 17:52:20,1
G34UX16PSI,113.816,23.0157,1694915,0,0,0,14-3-29 17:54:20,1
G34UX16PSI,113.816,23.0157,1694915,0,0,0,14-3-29 17:56:48,1
G34UX16PSI,113.816,23.0157,1694915,0,0,0,14-3-29 17:57:1,1
G34UX16PSI,113.816,23.0157,1694915,0,0,0,14-3-29 17:58:23,1
G34UX16PSI,113.816,23.0157,1694915,0,0,0,14-3-29 18:0:23,1
G34UX16PSI,113.816,23.0157,1694915,0,0,0,14-3-29 18:2:2,1
G34UX16PSI,113.816,23.0157,1694915,0,0,0,14-3-29 18:2:23,1
G34UX16PSI,113.816,23.0157,1694915,0,0,0,14-3-29 18:4:23,1
G34UX16PSI,113.816,23.0157,1694915,0,0,0,14-3-29 18:6:23,1
G34UX16PSI,113.816,23.0157,1694915,0,0,0,14-3-29 18:7:2,1
G34UX16PSI,113.816,23.0157,1694915,0,0,0,14-3-29 18:8:22,1
G34UX16PSI,113.816,23.0157,1694915,0,0,0,14-3-29 18:10:22,1
G34UX16PSI,113.816,23.0157,1694915,0,0,0,14-3-29 18:12:3,1
G34UX16PSI,113.816,23.0157,1694915,0,0,0,14-3-29 18:12:22,1
G34UX16PSI,113.816,23.0157,1694915,0,0,0,14-3-29 18:14:25,1
G34UX16PSI,113.816,23.0157,1694915,0,0,0,14-3-29 18:16:25,1
G34UX16PSI,113.816,23.0157,1694915,0,0,0,14-3-29 18:17:6,1
G34UX16PSI,113.816,23.0157,1694915,0,0,0,14-3-29 18:18:25,1
G34UX16PSI,113.816,23.0157,1694915,0,0,0,14-3-29 18:20:25,1
G34UX16PSI,113.816,23.0156,1694915,0,0,0,14-3-29 18:22:9,1
G34UX16PSI,113.816,23.0156,1694915,0,0,0,14-3-29 18:22:25,1
G34UX16PSI,113.816,23.0155,1694915,0,0,0,14-3-29 18:24:34,1
G34UX16PSI,113.816,23.0157,1694915,0,0,0,14-3-29 18:26:35,1
G34UX16PSI,113.816,23.0156,1694915,0,0,0,14-3-29 18:27:12,1
G34UX16PSI,113.816,23.0156,1694915,0,0,0,14-3-29 18:28:35,1
G34UX16PSI,113.816,23.0156,1694915,0,0,0,14-3-29 18:30:35,1
G34UX16PSI,113.816,23.0156,1694915,0,0,0,14-3-29 18:32:14,1
G34UX16PSI,113.816,23.0156,1694915,0,0,0,14-3-29 18:32:35,1
G34UX16PSI,113.816,23.0156,1694915,0,0,0,14-3-29 18:34:36,1
G34UX16PSI,113.816,23.0156,1694915,0,0,0,14-3-29 18:36:37,1
G34UX16PSI,113.816,23.0156,1694915,0,0,0,14-3-29 18:37:17,1
G34UX16PSI,113.817,23.0156,1694915,0,0,0,14-3-29 18:38:37,1
G34UX16PSI,113.817,23.0156,1694915,0,0,0,14-3-29 18:40:37,1
G34UX16PSI,113.817,23.0156,1694915,0,0,0,14-3-29 18:42:20,1
G34UX16PSI,113.817,23.0156,1694915,0,0,0,14-3-29 18:42:37,1
G34UX16PSI,113.817,23.0156,1694915,0,0,0,14-3-29 18:44:42,1
G34UX16PSI,113.817,23.0156,1694915,0,0,0,14-3-29 18:46:43,1
G34UX16PSI,113.817,23.0156,1694915,0,0,0,14-3-29 18:47:23,1
G34UX16PSI,113.817,23.0156,1694915,0,0,0,14-3-29 18:48:42,1
G34UX16PSI,113.817,23.0156,1694915,0,0,0,14-3-29 18:50:42,1
G34UX16PSI,113.817,23.0156,1694915,0,0,0,14-3-29 18:52:26,1
G34UX16PSI,113.817,23.0156,1694915,0,0,0,14-3-29 18:52:42,1
G34UX16PSI,113.817,23.0156,1694915,0,0,0,14-3-29 18:54:48,1
G34UX16PSI,113.817,23.0156,1694915,0,0,0,14-3-29 18:56:49,1
G34UX16PSI,113.817,23.0156,1694915,0,0,0,14-3-29 18:57:29,1
G34UX16PSI,113.817,23.0156,1694915,0,0,0,14-3-29 18:58:49,1
G34UX16PSI,113.817,23.0156,1694915,0,0,0,14-3-29 19:0:49,1
G34UX16PSI,113.817,23.0156,1694915,0,0,0,14-3-29 19:2:32,1
G34UX16PSI,113.817,23.0156,1694915,0,0,0,14-3-29 19:2:49,1
G34UX16PSI,113.817,23.0156,1694915,0,0,0,14-3-29 19:4:54,1
G34UX16PSI,113.817,23.0156,1694915,0,0,0,14-3-29 19:6:55,1
G34UX16PSI,113.817,23.0156,1694915,0,0,0,14-3-29 19:7:35,1
G34UX16PSI,113.817,23.0156,1694915,0,0,0,14-3-29 19:8:54,1
G34UX16PSI,113.817,23.0156,1694915,0,0,0,14-3-29 19:10:54,1
G34UX16PSI,113.817,23.0156,1694915,0,0,0,14-3-29 19:12:38,1
G34UX16PSI,113.817,23.0156,1694915,0,0,0,14-3-29 19:12:54,1
G34UX16PSI,113.817,23.0156,1694915,0,0,0,14-3-29 19:15:0,1
G34UX16PSI,113.816,23.0156,1694915,0,0,0,14-3-29 19:17:1,1
G34UX16PSI,113.817,23.0154,1694916,5,110,0,14-3-29 19:17:41,1
G34UX16PSI,113.816,23.0153,1694916,0,0,0,14-3-29 19:19:1,1
G34UX16PSI,113.816,23.0153,1694916,0,0,0,14-3-29 19:21:2,1
G34UX16PSI,113.817,23.0152,1694916,0,0,0,14-3-29 19:22:44,1
G34UX16PSI,113.817,23.0152,1694916,0,0,0,14-3-29 19:23:12,1
G34UX16PSI,113.817,23.0151,1694916,0,0,0,14-3-29 19:25:12,1
G34UX16PSI,113.817,23.0151,1694916,0,0,0,14-3-29 19:27:13,1
G34UX16PSI,113.817,23.0151,1694916,0,0,0,14-3-29 19:27:47,1
G34UX16PSI,113.817,23.0151,1694916,0,0,0,14-3-29 19:29:14,1
G34UX16PSI,113.817,23.0151,1694916,0,0,0,14-3-29 19:31:15,1
G34UX16PSI,113.817,23.0151,1694916,0,0,0,14-3-29 19:32:50,1
G34UX16PSI,113.817,23.0151,1694916,0,0,0,14-3-29 19:33:15,1
G34UX16PSI,113.817,23.0151,1694916,0,0,0,14-3-29 19:35:16,1
G34UX16PSI,113.817,23.0151,1694916,0,0,0,14-3-29 19:37:15,1
G34UX16PSI,113.817,23.0151,1694916,0,0,0,14-3-29 19:37:53,1
G34UX16PSI,113.817,23.0151,1694916,0,0,0,14-3-29 19:39:15,1
G34UX16PSI,113.817,23.0151,1694916,0,0,0,14-3-29 19:41:15,1
G34UX16PSI,113.817,23.0151,1694916,0,0,0,14-3-29 19:42:55,1
G34UX16PSI,113.817,23.0151,1694916,0,0,0,14-3-29 19:43:15,1
G34UX16PSI,113.817,23.0151,1694916,0,0,0,14-3-29 19:45:18,1
G34UX16PSI,113.817,23.0151,1694916,0,0,0,14-3-29 19:47:18,1
G34UX16PSI,113.817,23.0151,1694916,0,0,0,14-3-29 19:47:58,1
G34UX16PSI,113.817,23.0152,1694916,0,0,0,14-3-29 19:49:19,1
G34UX16PSI,113.816,23.0153,1694917,0,0,0,14-3-29 19:51:19,1
G34UX16PSI,113.816,23.0153,1694917,0,0,0,14-3-29 19:53:1,1
G34UX16PSI,113.816,23.0153,1694917,0,0,0,14-3-29 19:53:19,1
G34UX16PSI,113.817,23.0159,1694918,12,35,0,14-3-29 19:55:26,1
G34UX16PSI,113.818,23.0146,1694920,18,75,0,14-3-29 19:56:18,1
G34UX16PSI,113.82,23.013,1694922,16,55,0,14-3-29 19:57:6,1
G34UX16PSI,113.822,23.0123,1694925,14,55,0,14-3-29 19:57:51,1
G34UX16PSI,113.822,23.0122,1694925,0,0,0,14-3-29 19:58:4,1
G34UX16PSI,113.823,23.0138,1694927,25,10,0,14-3-29 19:58:49,1
G34UX16PSI,113.824,23.0157,1694929,18,10,0,14-3-29 19:59:27,1
G34UX16PSI,113.825,23.0177,1694931,29,10,0,14-3-29 20:0:50,1
G34UX16PSI,113.825,23.0195,1694933,33,10,0,14-3-29 20:1:14,1
G34UX16PSI,113.826,23.0214,1694935,29,10,0,14-3-29 20:1:37,1
G34UX16PSI,113.821,23.0254,1694943,46,150,0,14-3-29 20:3:49,1
G34UX16PSI,113.812,23.0299,1694959,9,90,0,14-3-29 20:6:20,1
G34UX16PSI,113.812,23.0298,1694959,20,85,0,14-3-29 20:6:24,1
G34UX16PSI,113.812,23.0296,1694961,44,85,0,14-3-29 20:6:28,1
G34UX16PSI,113.812,23.0254,1694964,53,85,0,14-3-29 20:7:7,1
G34UX16PSI,113.812,23.0234,1694966,58,85,0,14-3-29 20:7:21,1
