G6X2PU12LB,112.522,37.6007,244974,0,0,0,14-3-28 0:0:51,0
G6X2PU12LB,112.522,37.6007,244974,0,0,0,14-3-28 0:2:51,0
G6X2PU12LB,112.522,37.6007,244974,0,0,0,14-3-28 0:4:51,0
G6X2PU12LB,112.522,37.6007,244974,0,0,0,14-3-28 0:6:51,0
G6X2PU12LB,112.522,37.6007,244974,0,0,0,14-3-28 0:8:51,0
G6X2PU12LB,112.522,37.6007,244974,0,0,0,14-3-28 0:9:20,0
G6X2PU12LB,112.522,37.6007,244974,0,0,0,14-3-28 0:11:20,0
G6X2PU12LB,112.522,37.6007,244974,0,0,0,14-3-28 0:13:20,0
G6X2PU12LB,112.522,37.6007,244974,0,0,0,14-3-28 0:15:20,0
G6X2PU12LB,112.522,37.6007,244974,0,0,0,14-3-28 0:17:20,0
G6X2PU12LB,112.522,37.6007,244974,0,0,0,14-3-28 0:19:5,0
G6X2PU12LB,112.522,37.6007,244974,0,0,0,14-3-28 0:21:5,0
G6X2PU12LB,112.522,37.6007,244974,0,0,0,14-3-28 0:23:5,0
G6X2PU12LB,112.522,37.6007,244974,0,0,0,14-3-28 0:25:5,0
G6X2PU12LB,112.522,37.6007,244974,0,0,0,14-3-28 0:27:5,0
G6X2PU12LB,112.522,37.6007,244974,0,0,0,14-3-28 0:29:5,0
G6X2PU12LB,112.522,37.6007,244974,0,0,0,14-3-28 0:29:23,0
G6X2PU12LB,112.522,37.6007,244974,0,0,0,14-3-28 0:31:23,0
G6X2PU12LB,112.522,37.6007,244974,0,0,0,14-3-28 0:33:23,0
G6X2PU12LB,112.522,37.6007,244974,0,0,0,14-3-28 0:35:23,0
G6X2PU12LB,112.522,37.6007,244974,0,0,0,14-3-28 0:37:23,0
G6X2PU12LB,112.522,37.6007,244974,0,0,0,14-3-28 0:39:19,0
G6X2PU12LB,112.522,37.6007,244974,0,0,0,14-3-28 0:41:19,0
G6X2PU12LB,112.522,37.6007,244974,0,0,0,14-3-28 0:43:19,0
G6X2PU12LB,112.522,37.6007,244974,0,0,0,14-3-28 0:45:19,0
G6X2PU12LB,112.522,37.6007,244974,0,0,0,14-3-28 0:47:19,0
G6X2PU12LB,112.522,37.6007,244974,0,0,0,14-3-28 0:49:26,0
G6X2PU12LB,112.522,37.6007,244974,0,0,0,14-3-28 0:51:26,0
G6X2PU12LB,112.522,37.6007,244974,0,0,0,14-3-28 0:53:26,0
G6X2PU12LB,112.522,37.6007,244974,0,0,0,14-3-28 0:55:26,0
G6X2PU12LB,112.522,37.6007,244974,0,0,0,14-3-28 0:57:26,0
G6X2PU12LB,112.522,37.6007,244974,0,0,0,14-3-28 0:59:26,0
G6X2PU12LB,112.522,37.6007,244974,0,0,0,14-3-28 0:59:35,0
G6X2PU12LB,112.522,37.6007,244974,0,0,0,14-3-28 1:0:21,0
G6X2PU12LB,112.522,37.6007,244974,0,0,0,14-3-28 1:2:21,0
G6X2PU12LB,112.522,37.6007,244974,0,0,0,14-3-28 1:4:21,0
G6X2PU12LB,112.522,37.6007,244974,0,0,0,14-3-28 1:6:21,0
G6X2PU12LB,112.522,37.6007,244974,0,0,0,14-3-28 1:8:21,0
G6X2PU12LB,112.522,37.6007,244974,0,0,0,14-3-28 1:10:29,0
G6X2PU12LB,112.522,37.6007,244974,0,0,0,14-3-28 1:12:29,0
G6X2PU12LB,112.522,37.6007,244974,0,0,0,14-3-28 1:14:29,0
G6X2PU12LB,112.522,37.6007,244974,0,0,0,14-3-28 1:16:29,0
G6X2PU12LB,112.522,37.6007,244974,0,0,0,14-3-28 1:18:29,0
G6X2PU12LB,112.522,37.6007,244974,0,0,0,14-3-28 1:20:33,0
G6X2PU12LB,112.522,37.6007,244974,0,0,0,14-3-28 1:22:33,0
G6X2PU12LB,112.522,37.6007,244974,0,0,0,14-3-28 1:24:33,0
G6X2PU12LB,112.522,37.6007,244974,0,0,0,14-3-28 1:26:33,0
G6X2PU12LB,112.522,37.6007,244974,0,0,0,14-3-28 1:28:33,0
G6X2PU12LB,112.522,37.6007,244974,0,0,0,14-3-28 1:30:33,0
G6X2PU12LB,112.522,37.6007,244974,0,0,0,14-3-28 1:30:42,0
G6X2PU12LB,112.522,37.6007,244974,0,0,0,14-3-28 1:32:42,0
G6X2PU12LB,112.522,37.6007,244974,0,0,0,14-3-28 1:34:42,0
G6X2PU12LB,112.522,37.6007,244974,0,0,0,14-3-28 1:37:5,0
G6X2PU12LB,112.522,37.6007,244974,0,0,0,14-3-28 1:39:5,0
G6X2PU12LB,112.522,37.6007,244974,0,0,0,14-3-28 1:41:5,0
G6X2PU12LB,112.522,37.6007,244974,0,0,0,14-3-28 1:43:5,0
G6X2PU12LB,112.522,37.6007,244974,0,0,0,14-3-28 1:45:5,0
G6X2PU12LB,112.522,37.6007,244974,0,0,0,14-3-28 1:47:5,0
G6X2PU12LB,112.522,37.6007,244974,0,0,0,14-3-28 1:47:11,0
G6X2PU12LB,112.522,37.6007,244974,0,0,0,14-3-28 1:49:11,0
G6X2PU12LB,112.522,37.6007,244974,0,0,0,14-3-28 1:51:11,0
G6X2PU12LB,112.522,37.6007,244974,0,0,0,14-3-28 1:53:11,0
G6X2PU12LB,112.522,37.6007,244974,0,0,0,14-3-28 1:55:11,0
G6X2PU12LB,112.522,37.6007,244974,0,0,0,14-3-28 1:57:19,0
G6X2PU12LB,112.522,37.6007,244974,0,0,0,14-3-28 1:59:19,0
G6X2PU12LB,112.522,37.6007,244974,0,0,0,14-3-28 2:1:19,0
G6X2PU12LB,112.522,37.6007,244974,0,0,0,14-3-28 2:3:19,0
G6X2PU12LB,112.522,37.6007,244974,0,0,0,14-3-28 2:5:19,0
G6X2PU12LB,112.522,37.6007,244974,0,0,0,14-3-28 2:7:19,0
G6X2PU12LB,112.522,37.6007,244974,0,0,0,14-3-28 2:7:31,0
G6X2PU12LB,112.522,37.6007,244974,0,0,0,14-3-28 2:9:31,0
G6X2PU12LB,112.522,37.6007,244974,0,0,0,14-3-28 2:11:31,0
G6X2PU12LB,112.522,37.6007,244974,0,0,0,14-3-28 2:13:31,0
G6X2PU12LB,112.522,37.6007,244974,0,0,0,14-3-28 2:15:31,0
G6X2PU12LB,112.522,37.6007,244974,0,0,0,14-3-28 2:17:31,0
G6X2PU12LB,112.522,37.6007,244974,0,0,0,14-3-28 2:17:39,0
G6X2PU12LB,112.522,37.6007,244974,0,0,0,14-3-28 2:19:39,0
G6X2PU12LB,112.522,37.6007,244974,0,0,0,14-3-28 2:21:39,0
G6X2PU12LB,112.522,37.6007,244974,0,0,0,14-3-28 2:23:39,0
G6X2PU12LB,112.522,37.6007,244974,0,0,0,14-3-28 2:25:39,0
G6X2PU12LB,112.522,37.6007,244974,0,0,0,14-3-28 2:27:42,0
G6X2PU12LB,112.522,37.6007,244974,0,0,0,14-3-28 2:29:42,0
G6X2PU12LB,112.522,37.6007,244974,0,0,0,14-3-28 2:31:42,0
G6X2PU12LB,112.522,37.6007,244974,0,0,0,14-3-28 2:33:42,0
G6X2PU12LB,112.522,37.6007,244974,0,0,0,14-3-28 2:35:42,0
G6X2PU12LB,112.522,37.6007,244974,0,0,0,14-3-28 2:37:42,0
G6X2PU12LB,112.522,37.6007,244974,0,0,0,14-3-28 2:37:50,0
G6X2PU12LB,112.522,37.6007,244974,0,0,0,14-3-28 2:39:50,0
G6X2PU12LB,112.522,37.6007,244974,0,0,0,14-3-28 2:41:50,0
G6X2PU12LB,112.522,37.6007,244974,0,0,0,14-3-28 2:43:50,0
G6X2PU12LB,112.522,37.6007,244974,0,0,0,14-3-28 2:45:50,0
G6X2PU12LB,112.522,37.6007,244974,0,0,0,14-3-28 2:47:56,0
G6X2PU12LB,112.522,37.6007,244974,0,0,0,14-3-28 2:58:1,0
G6X2PU12LB,112.522,37.6007,244974,0,0,0,14-3-28 3:0:1,0
G6X2PU12LB,112.522,37.6007,244974,0,0,0,14-3-28 3:2:1,0
G6X2PU12LB,112.522,37.6007,244974,0,0,0,14-3-28 3:4:1,0
G6X2PU12LB,112.522,37.6007,244974,0,0,0,14-3-28 3:6:1,0
G6X2PU12LB,112.522,37.6007,244974,0,0,0,14-3-28 3:8:1,0
G6X2PU12LB,112.522,37.6007,244974,0,0,0,14-3-28 3:9:8,0
G6X2PU12LB,112.522,37.6007,244974,0,0,0,14-3-28 3:11:8,0
G6X2PU12LB,112.522,37.6007,244974,0,0,0,14-3-28 3:15:8,0
G6X2PU12LB,112.522,37.6007,244974,0,0,0,14-3-28 3:17:8,0
G6X2PU12LB,112.522,37.6007,244974,0,0,0,14-3-28 3:19:8,0
G6X2PU12LB,112.522,37.6007,244974,0,0,0,14-3-28 3:19:15,0
G6X2PU12LB,112.522,37.6007,244974,0,0,0,14-3-28 3:21:15,0
G6X2PU12LB,112.522,37.6007,244974,0,0,0,14-3-28 3:23:15,0
G6X2PU12LB,112.522,37.6007,244974,0,0,0,14-3-28 3:25:15,0
G6X2PU12LB,112.522,37.6007,244974,0,0,0,14-3-28 3:27:15,0
G6X2PU12LB,112.522,37.6007,244974,0,0,0,14-3-28 3:29:17,0
G6X2PU12LB,112.522,37.6007,244974,0,0,0,14-3-28 3:31:17,0
G6X2PU12LB,112.522,37.6007,244974,0,0,0,14-3-28 3:33:17,0
G6X2PU12LB,112.522,37.6007,244974,0,0,0,14-3-28 3:35:17,0
G6X2PU12LB,112.522,37.6007,244974,0,0,0,14-3-28 3:37:17,0
G6X2PU12LB,112.522,37.6007,244974,0,0,0,14-3-28 3:39:17,0
G6X2PU12LB,112.522,37.6007,244974,0,0,0,14-3-28 3:39:24,0
G6X2PU12LB,112.522,37.6007,244974,0,0,0,14-3-28 3:41:24,0
G6X2PU12LB,112.522,37.6007,244974,0,0,0,14-3-28 3:43:24,0
G6X2PU12LB,112.522,37.6007,244974,0,0,0,14-3-28 3:47:24,0
G6X2PU12LB,112.522,37.6007,244974,0,0,0,14-3-28 3:49:28,0
G6X2PU12LB,112.522,37.6007,244974,0,0,0,14-3-28 4:1:35,0
G6X2PU12LB,112.522,37.6007,244974,0,0,0,14-3-28 4:3:35,0
G6X2PU12LB,112.522,37.6007,244974,0,0,0,14-3-28 4:5:35,0
G6X2PU12LB,112.522,37.6007,244974,0,0,0,14-3-28 4:7:35,0
G6X2PU12LB,112.522,37.6007,244974,0,0,0,14-3-28 4:9:35,0
G6X2PU12LB,112.522,37.6007,244974,0,0,0,14-3-28 4:9:43,0
G6X2PU12LB,112.522,37.6007,244974,0,0,0,14-3-28 4:11:43,0
G6X2PU12LB,112.522,37.6007,244974,0,0,0,14-3-28 4:13:43,0
G6X2PU12LB,112.522,37.6007,244974,0,0,0,14-3-28 4:15:43,0
G6X2PU12LB,112.522,37.6007,244974,0,0,0,14-3-28 4:17:43,0
G6X2PU12LB,112.522,37.6007,244974,0,0,0,14-3-28 4:19:46,0
G6X2PU12LB,112.522,37.6007,244974,0,0,0,14-3-28 4:21:46,0
G6X2PU12LB,112.522,37.6007,244974,0,0,0,14-3-28 4:23:46,0
G6X2PU12LB,112.522,37.6007,244974,0,0,0,14-3-28 4:25:46,0
G6X2PU12LB,112.522,37.6007,244974,0,0,0,14-3-28 4:27:46,0
G6X2PU12LB,112.522,37.6007,244974,0,0,0,14-3-28 4:29:46,0
G6X2PU12LB,112.522,37.6007,244974,0,0,0,14-3-28 4:29:55,0
G6X2PU12LB,112.522,37.6007,244974,0,0,0,14-3-28 4:31:55,0
G6X2PU12LB,112.522,37.6007,244974,0,0,0,14-3-28 4:33:55,0
G6X2PU12LB,112.522,37.6007,244974,0,0,0,14-3-28 4:35:55,0
G6X2PU12LB,112.522,37.6007,244974,0,0,0,14-3-28 4:37:55,0
G6X2PU12LB,112.522,37.6007,244974,0,0,0,14-3-28 4:39:55,0
G6X2PU12LB,112.522,37.6007,244974,0,0,0,14-3-28 4:40:10,0
G6X2PU12LB,112.522,37.6007,244974,0,0,0,14-3-28 4:42:10,0
G6X2PU12LB,112.522,37.6007,244974,0,0,0,14-3-28 4:44:10,0
G6X2PU12LB,117.14,39.2852,245441,0,0,0,14-3-28 7:32:0,1
G6X2PU12LB,117.14,39.2852,245441,0,0,0,14-3-28 7:34:0,1
G6X2PU12LB,117.14,39.2852,245441,0,0,0,14-3-28 7:36:0,1
G6X2PU12LB,117.14,39.2852,245441,0,0,0,14-3-28 7:37:59,1
G6X2PU12LB,117.14,39.2843,245443,0,0,0,14-3-28 7:39:59,1
G6X2PU12LB,117.14,39.2842,245443,0,0,0,14-3-28 7:40:6,1
G6X2PU12LB,117.14,39.2842,245443,0,0,0,14-3-28 7:40:25,1
G6X2PU12LB,117.14,39.2841,245443,0,0,0,14-3-28 7:42:25,1
G6X2PU12LB,117.14,39.2842,245443,0,0,0,14-3-28 7:42:41,1
G6X2PU12LB,117.14,39.284,245443,0,0,0,14-3-28 7:44:9,1
G6X2PU12LB,117.14,39.2842,245443,0,0,0,14-3-28 7:44:46,1
G6X2PU12LB,117.14,39.2841,245443,0,0,0,14-3-28 7:44:57,0
G6X2PU12LB,117.14,39.2842,245443,0,0,0,14-3-28 7:45:6,0
G6X2PU12LB,117.139,39.2848,245443,0,0,0,14-3-28 7:45:29,1
G6X2PU12LB,117.14,39.2838,245443,0,89,0,14-3-28 7:47:29,1
G6X2PU12LB,117.14,39.284,245443,0,0,0,14-3-28 7:48:22,0
G6X2PU12LB,117.14,39.2831,245443,0,0,0,14-3-28 7:48:41,0
G6X2PU12LB,117.14,39.2838,245443,0,0,0,14-3-28 7:48:51,1
G6X2PU12LB,117.14,39.2835,245443,0,0,0,14-3-28 7:49:14,0
G6X2PU12LB,117.14,39.2835,245443,0,0,0,14-3-28 7:50:10,0
G6X2PU12LB,117.14,39.2835,245443,0,0,0,14-3-28 7:52:10,0
G6X2PU12LB,117.14,39.2835,245443,0,0,0,14-3-28 7:54:10,0
G6X2PU12LB,117.14,39.2835,245443,0,0,0,14-3-28 7:54:13,0
G6X2PU12LB,117.14,39.2835,245443,0,0,0,14-3-28 7:56:13,0
G6X2PU12LB,117.14,39.2835,245443,0,0,0,14-3-28 7:57:13,0
G6X2PU12LB,117.14,39.2835,245443,0,0,0,14-3-28 7:59:13,0
G6X2PU12LB,117.14,39.2835,245443,0,0,0,14-3-28 8:0:15,0
G6X2PU12LB,117.14,39.2835,245443,0,0,0,14-3-28 8:2:15,0
G6X2PU12LB,117.14,39.2835,245443,0,0,0,14-3-28 8:4:15,0
G6X2PU12LB,117.14,39.2835,245443,0,0,0,14-3-28 8:6:15,0
G6X2PU12LB,117.14,39.2835,245443,0,0,0,14-3-28 8:8:15,0
G6X2PU12LB,117.14,39.2835,245443,0,0,0,14-3-28 8:10:15,0
G6X2PU12LB,117.14,39.2835,245443,0,0,0,14-3-28 8:10:23,0
G6X2PU12LB,117.14,39.2835,245443,0,0,0,14-3-28 8:12:23,0
G6X2PU12LB,117.14,39.2835,245443,0,0,0,14-3-28 8:14:23,0
G6X2PU12LB,117.14,39.2835,245443,0,0,0,14-3-28 8:14:28,0
G6X2PU12LB,117.14,39.2835,245443,0,0,0,14-3-28 8:16:28,0
G6X2PU12LB,117.14,39.2835,245443,0,0,0,14-3-28 8:18:28,0
G6X2PU12LB,117.14,39.2835,245443,0,0,0,14-3-28 8:20:26,0
G6X2PU12LB,117.14,39.2835,245443,0,0,0,14-3-28 8:22:26,0
G6X2PU12LB,117.14,39.2835,245443,0,0,0,14-3-28 8:24:26,0
G6X2PU12LB,117.14,39.2835,245443,0,0,0,14-3-28 8:26:26,0
G6X2PU12LB,117.14,39.2835,245443,0,0,0,14-3-28 8:28:26,0
G6X2PU12LB,117.14,39.2835,245443,0,0,0,14-3-28 8:30:26,0
G6X2PU12LB,117.14,39.2835,245443,0,0,0,14-3-28 8:30:34,0
G6X2PU12LB,117.14,39.2835,245443,0,0,0,14-3-28 8:32:34,0
G6X2PU12LB,117.14,39.2835,245443,0,0,0,14-3-28 8:34:34,0
G6X2PU12LB,117.14,39.2835,245443,0,0,0,14-3-28 8:36:19,0
G6X2PU12LB,117.14,39.2835,245443,0,0,0,14-3-28 8:38:19,0
G6X2PU12LB,117.14,39.2835,245443,0,0,0,14-3-28 8:39:19,0
G6X2PU12LB,117.14,39.2835,245443,0,0,0,14-3-28 8:39:53,0
G6X2PU12LB,117.14,39.2835,245443,0,0,0,14-3-28 8:40:38,0
G6X2PU12LB,117.14,39.2835,245443,0,0,0,14-3-28 8:42:7,0
G6X2PU12LB,117.14,39.2835,245443,0,0,0,14-3-28 8:44:7,0
G6X2PU12LB,117.14,39.2835,245443,0,0,0,14-3-28 8:44:33,0
G6X2PU12LB,117.14,39.2835,245443,0,0,0,14-3-28 8:46:33,0
G6X2PU12LB,117.14,39.2835,245443,0,0,0,14-3-28 8:48:33,0
G6X2PU12LB,117.14,39.2835,245443,0,0,0,14-3-28 9:8:45,0
G6X2PU12LB,117.14,39.2835,245443,0,0,0,14-3-28 9:30:18,0
G6X2PU12LB,117.14,39.2835,245443,0,0,0,14-3-28 9:31:15,0
G6X2PU12LB,117.14,39.2835,245443,0,0,0,14-3-28 9:31:20,0
G6X2PU12LB,117.14,39.2835,245443,0,0,0,14-3-28 9:33:20,0
G6X2PU12LB,117.14,39.2835,245443,0,0,0,14-3-28 9:35:20,0
G6X2PU12LB,117.14,39.2835,245443,0,0,0,14-3-28 9:37:20,0
G6X2PU12LB,117.14,39.2835,245443,0,0,0,14-3-28 9:39:20,0
G6X2PU12LB,117.14,39.2835,245443,0,0,0,14-3-28 9:41:19,0
G6X2PU12LB,117.14,39.2835,245443,0,0,0,14-3-28 9:43:19,0
G6X2PU12LB,117.14,39.2835,245443,0,0,0,14-3-28 9:45:19,0
G6X2PU12LB,117.14,39.2835,245443,0,0,0,14-3-28 9:47:19,0
G6X2PU12LB,117.14,39.2835,245443,0,0,0,14-3-28 9:49:19,0
G6X2PU12LB,117.14,39.2835,245443,0,0,0,14-3-28 9:51:27,0
G6X2PU12LB,117.14,39.2835,245443,0,0,0,14-3-28 9:53:27,0
G6X2PU12LB,117.14,39.2835,245443,0,0,0,14-3-28 9:59:27,0
G6X2PU12LB,117.14,39.2835,245443,0,0,0,14-3-28 10:1:30,0
G6X2PU12LB,117.14,39.2835,245443,0,0,0,14-3-28 10:5:30,0
G6X2PU12LB,117.14,39.2835,245443,0,0,0,14-3-28 10:24:52,0
G6X2PU12LB,117.14,39.2835,245443,0,0,0,14-3-28 10:26:52,0
G6X2PU12LB,117.14,39.2835,245443,0,0,0,14-3-28 10:30:29,0
G6X2PU12LB,117.14,39.2835,245443,0,0,0,14-3-28 10:30:40,0
G6X2PU12LB,117.14,39.2835,245443,0,0,0,14-3-28 10:32:40,0
G6X2PU12LB,117.14,39.2835,245443,0,0,0,14-3-28 10:38:40,0
G6X2PU12LB,117.14,39.2835,245443,0,0,0,14-3-28 10:44:41,0
G6X2PU12LB,117.14,39.2835,245443,0,0,0,14-3-28 10:46:41,0
G6X2PU12LB,117.14,39.2835,245443,0,0,0,14-3-28 10:48:41,0
G6X2PU12LB,117.14,39.2835,245443,0,0,0,14-3-28 10:50:45,0
G6X2PU12LB,117.14,39.2835,245443,0,0,0,14-3-28 10:52:45,0
G6X2PU12LB,117.14,39.2835,245443,0,0,0,14-3-28 10:56:45,0
G6X2PU12LB,117.14,39.2835,245443,0,0,0,14-3-28 10:58:45,0
G6X2PU12LB,117.14,39.2835,245443,0,0,0,14-3-28 11:0:45,0
G6X2PU12LB,117.14,39.2835,245443,0,0,0,14-3-28 11:0:52,0
G6X2PU12LB,117.14,39.2835,245443,0,0,0,14-3-28 11:2:52,0
G6X2PU12LB,117.14,39.2835,245443,0,0,0,14-3-28 11:4:52,0
G6X2PU12LB,117.14,39.2835,245443,0,0,0,14-3-28 11:6:52,0
G6X2PU12LB,117.14,39.2835,245443,0,0,0,14-3-28 11:8:52,0
G6X2PU12LB,117.14,39.2835,245443,0,0,0,14-3-28 11:10:56,0
G6X2PU12LB,117.14,39.2835,245443,0,0,0,14-3-28 11:12:56,0
G6X2PU12LB,117.14,39.2835,245443,0,0,0,14-3-28 11:14:56,0
G6X2PU12LB,117.14,39.2835,245443,0,0,0,14-3-28 11:16:56,0
G6X2PU12LB,117.14,39.2835,245443,0,0,0,14-3-28 11:18:56,0
G6X2PU12LB,117.14,39.2835,245443,0,0,0,14-3-28 11:21:3,0
G6X2PU12LB,117.14,39.2835,245443,0,0,0,14-3-28 11:23:3,0
G6X2PU12LB,117.14,39.2835,245443,0,0,0,14-3-28 11:25:3,0
G6X2PU12LB,117.14,39.2835,245443,0,0,0,14-3-28 11:27:3,0
G6X2PU12LB,117.14,39.2835,245443,0,0,0,14-3-28 11:29:3,0
G6X2PU12LB,117.14,39.2835,245443,0,0,0,14-3-28 11:31:3,0
G6X2PU12LB,117.14,39.2835,245443,0,0,0,14-3-28 11:31:11,0
G6X2PU12LB,117.14,39.2835,245443,0,0,0,14-3-28 11:33:11,0
G6X2PU12LB,117.14,39.2835,245443,0,0,0,14-3-28 11:35:11,0
G6X2PU12LB,117.14,39.2835,245443,0,0,0,14-3-28 11:37:11,0
G6X2PU12LB,117.14,39.2835,245443,0,0,0,14-3-28 11:39:11,0
G6X2PU12LB,117.14,39.2835,245443,0,0,0,14-3-28 12:1:25,0
G6X2PU12LB,117.14,39.2835,245443,0,0,0,14-3-28 12:3:25,0
G6X2PU12LB,117.14,39.2835,245443,0,0,0,14-3-28 12:5:25,0
G6X2PU12LB,117.14,39.2835,245443,0,0,0,14-3-28 12:7:25,0
G6X2PU12LB,117.14,39.2835,245443,0,0,0,14-3-28 12:9:25,0
G6X2PU12LB,117.14,39.2835,245443,0,0,0,14-3-28 12:11:25,0
G6X2PU12LB,117.14,39.2835,245443,0,0,0,14-3-28 12:11:34,0
G6X2PU12LB,117.14,39.2835,245443,0,0,0,14-3-28 12:13:34,0
G6X2PU12LB,117.14,39.2835,245443,0,0,0,14-3-28 12:15:34,0
G6X2PU12LB,117.14,39.2835,245443,0,0,0,14-3-28 12:17:34,0
G6X2PU12LB,117.14,39.2835,245443,0,0,0,14-3-28 12:19:34,0
G6X2PU12LB,117.14,39.2835,245443,0,0,0,14-3-28 12:21:36,0
G6X2PU12LB,117.14,39.2835,245443,0,0,0,14-3-28 12:23:36,0
G6X2PU12LB,117.14,39.2835,245443,0,0,0,14-3-28 12:25:36,0
G6X2PU12LB,117.14,39.2835,245443,0,0,0,14-3-28 12:27:36,0
G6X2PU12LB,117.14,39.2835,245443,0,0,0,14-3-28 12:29:36,0
G6X2PU12LB,117.14,39.2835,245443,0,0,0,14-3-28 12:31:43,0
G6X2PU12LB,117.14,39.2835,245443,0,0,0,14-3-28 12:33:43,0
G6X2PU12LB,117.14,39.2835,245443,0,0,0,14-3-28 12:35:43,0
G6X2PU12LB,117.14,39.2835,245443,0,0,0,14-3-28 12:37:43,0
G6X2PU12LB,117.14,39.2835,245443,0,0,0,14-3-28 12:39:43,0
G6X2PU12LB,117.14,39.2835,245443,0,0,0,14-3-28 12:41:46,0
G6X2PU12LB,117.14,39.2835,245443,0,0,0,14-3-28 12:43:46,0
G6X2PU12LB,117.14,39.2835,245443,0,0,0,14-3-28 12:45:46,0
G6X2PU12LB,117.14,39.2835,245443,0,0,0,14-3-28 12:47:46,0
G6X2PU12LB,117.14,39.2835,245443,0,0,0,14-3-28 12:49:46,0
G6X2PU12LB,117.14,39.2835,245443,0,0,0,14-3-28 12:52:31,0
G6X2PU12LB,117.14,39.2835,245443,0,0,0,14-3-28 12:54:31,0
G6X2PU12LB,117.14,39.2835,245443,0,0,0,14-3-28 12:56:31,0
G6X2PU12LB,117.14,39.2835,245443,0,0,0,14-3-28 12:58:31,0
G6X2PU12LB,117.14,39.2835,245443,0,0,0,14-3-28 13:0:31,0
G6X2PU12LB,117.14,39.2835,245443,0,0,0,14-3-28 13:2:31,0
G6X2PU12LB,117.14,39.2835,245443,0,0,0,14-3-28 13:2:39,0
G6X2PU12LB,117.14,39.2835,245443,0,0,0,14-3-28 13:4:39,0
G6X2PU12LB,117.14,39.2835,245443,0,0,0,14-3-28 13:6:39,0
G6X2PU12LB,117.14,39.2835,245443,0,0,0,14-3-28 13:8:39,0
G6X2PU12LB,117.14,39.2835,245443,0,0,0,14-3-28 13:10:39,0
G6X2PU12LB,117.14,39.2835,245443,0,0,0,14-3-28 13:12:43,0
G6X2PU12LB,117.14,39.2835,245443,0,0,0,14-3-28 13:14:43,0
G6X2PU12LB,117.14,39.2835,245443,0,0,0,14-3-28 13:16:43,0
G6X2PU12LB,117.14,39.2835,245443,0,0,0,14-3-28 13:18:43,0
G6X2PU12LB,117.14,39.2835,245443,0,0,0,14-3-28 13:20:43,0
G6X2PU12LB,117.14,39.2835,245443,0,0,0,14-3-28 13:22:50,0
G6X2PU12LB,117.14,39.2835,245443,0,0,0,14-3-28 13:24:50,0
G6X2PU12LB,117.14,39.2835,245443,0,0,0,14-3-28 13:26:50,0
G6X2PU12LB,117.14,39.2835,245443,0,0,0,14-3-28 13:28:50,0
G6X2PU12LB,117.14,39.2835,245443,0,0,0,14-3-28 13:30:50,0
G6X2PU12LB,117.14,39.2835,245443,0,0,0,14-3-28 13:32:50,0
G6X2PU12LB,117.14,39.2835,245443,0,0,0,14-3-28 13:32:54,0
G6X2PU12LB,117.14,39.2835,245443,0,0,0,14-3-28 13:34:54,0
G6X2PU12LB,117.14,39.2835,245443,0,0,0,14-3-28 13:36:54,0
G6X2PU12LB,117.14,39.2835,245443,0,0,0,14-3-28 13:38:54,0
G6X2PU12LB,117.14,39.2835,245443,0,0,0,14-3-28 13:40:54,0
G6X2PU12LB,117.14,39.2835,245443,0,0,0,14-3-28 13:42:54,0
G6X2PU12LB,117.14,39.2835,245443,0,0,0,14-3-28 13:43:1,0
G6X2PU12LB,117.14,39.2835,245443,0,0,0,14-3-28 13:45:1,0
G6X2PU12LB,117.14,39.2835,245443,0,0,0,14-3-28 13:47:1,0
G6X2PU12LB,117.14,39.2835,245443,0,0,0,14-3-28 13:49:1,0
G6X2PU12LB,117.14,39.2835,245443,0,0,0,14-3-28 13:51:1,0
G6X2PU12LB,117.14,39.2835,245443,0,0,0,14-3-28 13:53:6,0
G6X2PU12LB,117.14,39.2835,245443,0,0,0,14-3-28 13:55:6,0
G6X2PU12LB,117.14,39.2835,245443,0,0,0,14-3-28 13:57:6,0
G6X2PU12LB,117.14,39.2835,245443,0,0,0,14-3-28 13:59:6,0
G6X2PU12LB,117.14,39.2835,245443,0,0,0,14-3-28 14:1:6,0
G6X2PU12LB,117.14,39.2835,245443,0,0,0,14-3-28 14:3:15,0
G6X2PU12LB,117.14,39.2835,245443,0,0,0,14-3-28 14:5:15,0
G6X2PU12LB,117.14,39.2835,245443,0,0,0,14-3-28 14:7:15,0
G6X2PU12LB,117.14,39.2835,245443,0,0,0,14-3-28 14:9:15,0
G6X2PU12LB,117.14,39.2835,245443,0,0,0,14-3-28 14:11:15,0
G6X2PU12LB,117.14,39.2835,245443,0,0,0,14-3-28 14:13:14,0
G6X2PU12LB,117.14,39.2835,245443,0,0,0,14-3-28 14:15:14,0
G6X2PU12LB,117.14,39.2835,245443,0,0,0,14-3-28 14:17:14,0
G6X2PU12LB,117.14,39.2835,245443,0,0,0,14-3-28 14:19:14,0
G6X2PU12LB,117.14,39.2835,245443,0,0,0,14-3-28 14:21:14,0
G6X2PU12LB,117.14,39.2835,245443,0,0,0,14-3-28 14:23:14,0
G6X2PU12LB,117.14,39.2835,245443,0,0,0,14-3-28 14:23:22,0
G6X2PU12LB,117.14,39.2835,245443,0,0,0,14-3-28 14:25:22,0
G6X2PU12LB,117.14,39.2835,245443,0,0,0,14-3-28 14:27:22,0
G6X2PU12LB,117.14,39.2835,245443,0,0,0,14-3-28 14:29:22,0
G6X2PU12LB,117.14,39.2835,245443,0,0,0,14-3-28 14:31:22,0
G6X2PU12LB,117.14,39.2835,245443,0,0,0,14-3-28 14:33:24,0
G6X2PU12LB,117.14,39.2835,245443,0,0,0,14-3-28 14:35:24,0
G6X2PU12LB,117.14,39.2835,245443,0,0,0,14-3-28 14:37:24,0
G6X2PU12LB,117.14,39.2835,245443,0,0,0,14-3-28 14:39:24,0
G6X2PU12LB,117.14,39.2835,245443,0,0,0,14-3-28 14:41:24,0
G6X2PU12LB,117.14,39.2835,245443,0,0,0,14-3-28 14:43:24,0
G6X2PU12LB,117.14,39.2835,245443,0,0,0,14-3-28 14:43:35,0
G6X2PU12LB,117.14,39.2835,245443,0,0,0,14-3-28 14:45:35,0
G6X2PU12LB,117.14,39.2835,245443,0,0,0,14-3-28 14:47:35,0
G6X2PU12LB,117.14,39.2835,245443,0,0,0,14-3-28 14:49:35,0
G6X2PU12LB,117.14,39.2835,245443,0,0,0,14-3-28 14:51:35,0
G6X2PU12LB,117.14,39.2835,245443,0,0,0,14-3-28 14:53:35,0
G6X2PU12LB,117.14,39.2835,245443,0,0,0,14-3-28 14:55:35,0
G6X2PU12LB,117.14,39.2835,245443,0,0,0,14-3-28 14:57:35,0
G6X2PU12LB,117.14,39.2835,245443,0,0,0,14-3-28 14:59:35,0
G6X2PU12LB,117.14,39.2835,245443,0,0,0,14-3-28 15:1:35,0
G6X2PU12LB,117.14,39.2835,245443,0,0,0,14-3-28 15:3:42,0
G6X2PU12LB,117.14,39.2835,245443,0,0,0,14-3-28 15:5:42,0
G6X2PU12LB,117.14,39.2835,245443,0,0,0,14-3-28 15:7:42,0
G6X2PU12LB,117.14,39.2835,245443,0,0,0,14-3-28 15:9:42,0
G6X2PU12LB,117.14,39.2835,245443,0,0,0,14-3-28 15:11:42,0
G6X2PU12LB,117.14,39.2835,245443,0,0,0,14-3-28 15:13:52,0
G6X2PU12LB,117.14,39.2835,245443,0,0,0,14-3-28 15:15:52,0
G6X2PU12LB,117.14,39.2835,245443,0,0,0,14-3-28 15:17:52,0
G6X2PU12LB,117.14,39.2835,245443,0,0,0,14-3-28 15:19:52,0
G6X2PU12LB,117.14,39.2835,245443,0,0,0,14-3-28 15:21:52,0
G6X2PU12LB,117.14,39.2835,245443,0,0,0,14-3-28 15:23:51,0
G6X2PU12LB,117.14,39.2835,245443,0,0,0,14-3-28 15:25:51,0
G6X2PU12LB,117.14,39.2835,245443,0,0,0,14-3-28 15:27:51,0
G6X2PU12LB,117.14,39.2835,245443,0,0,0,14-3-28 15:29:51,0
G6X2PU12LB,117.14,39.2835,245443,0,0,0,14-3-28 15:31:51,0
G6X2PU12LB,117.14,39.2835,245443,0,0,0,14-3-28 15:33:59,0
G6X2PU12LB,117.14,39.2835,245443,0,0,0,14-3-28 15:35:59,0
G6X2PU12LB,117.14,39.2835,245443,0,0,0,14-3-28 15:37:59,0
G6X2PU12LB,117.14,39.2835,245443,0,0,0,14-3-28 15:39:59,0
G6X2PU12LB,117.14,39.2835,245443,0,0,0,14-3-28 15:41:59,0
G6X2PU12LB,117.14,39.2835,245443,0,0,0,14-3-28 15:44:2,0
G6X2PU12LB,117.14,39.2835,245443,0,0,0,14-3-28 15:46:2,0
G6X2PU12LB,117.14,39.2835,245443,0,0,0,14-3-28 15:48:2,0
G6X2PU12LB,117.14,39.2835,245443,0,0,0,14-3-28 15:50:2,0
G6X2PU12LB,117.14,39.2835,245443,0,0,0,14-3-28 15:52:2,0
G6X2PU12LB,117.14,39.2835,245443,0,0,0,14-3-28 15:54:2,0
G6X2PU12LB,117.14,39.2835,245443,0,0,0,14-3-28 15:54:10,0
G6X2PU12LB,117.14,39.2835,245443,0,0,0,14-3-28 15:56:10,0
G6X2PU12LB,117.14,39.2835,245443,0,0,0,14-3-28 15:58:10,0
G6X2PU12LB,117.14,39.2835,245443,0,0,0,14-3-28 16:0:10,0
G6X2PU12LB,117.14,39.2835,245443,0,0,0,14-3-28 16:2:10,0
G6X2PU12LB,117.14,39.2835,245443,0,0,0,14-3-28 16:4:13,0
G6X2PU12LB,117.14,39.2835,245443,0,0,0,14-3-28 16:6:13,0
G6X2PU12LB,117.14,39.2835,245443,0,0,0,14-3-28 16:8:13,0
G6X2PU12LB,117.14,39.2835,245443,0,0,0,14-3-28 16:10:13,0
G6X2PU12LB,117.14,39.2835,245443,0,0,0,14-3-28 16:12:13,0
G6X2PU12LB,117.14,39.2835,245443,0,0,0,14-3-28 16:14:20,0
G6X2PU12LB,117.14,39.2835,245443,0,0,0,14-3-28 16:16:20,0
G6X2PU12LB,117.14,39.2835,245443,0,0,0,14-3-28 16:18:20,0
G6X2PU12LB,117.14,39.2835,245443,0,0,0,14-3-28 16:19:6,0
G6X2PU12LB,117.14,39.2835,245443,0,0,0,14-3-28 16:19:17,0
G6X2PU12LB,117.14,39.2835,245443,0,0,0,14-3-28 16:21:17,0
G6X2PU12LB,117.14,39.2835,245443,0,0,0,14-3-28 16:23:17,0
G6X2PU12LB,117.14,39.2835,245443,0,0,0,14-3-28 16:24:25,0
G6X2PU12LB,117.14,39.2835,245443,0,0,0,14-3-28 16:26:25,0
G6X2PU12LB,117.14,39.2835,245443,0,0,0,14-3-28 16:28:25,0
G6X2PU12LB,117.14,39.2835,245443,0,0,0,14-3-28 16:30:25,0
G6X2PU12LB,117.14,39.2835,245443,0,0,0,14-3-28 16:32:25,0
G6X2PU12LB,117.14,39.2835,245443,0,0,0,14-3-28 16:34:25,0
G6X2PU12LB,117.14,39.2835,245443,0,0,0,14-3-28 16:34:32,0
G6X2PU12LB,117.14,39.2835,245443,0,0,0,14-3-28 16:36:32,0
G6X2PU12LB,117.14,39.2835,245443,0,0,0,14-3-28 16:38:32,0
G6X2PU12LB,117.14,39.2835,245443,0,0,0,14-3-28 16:40:32,0
G6X2PU12LB,117.14,39.2835,245443,0,0,0,14-3-28 16:42:32,0
G6X2PU12LB,117.14,39.2835,245443,0,0,0,14-3-28 16:44:32,0
G6X2PU12LB,117.14,39.2835,245443,0,0,0,14-3-28 16:44:50,0
G6X2PU12LB,117.14,39.2835,245443,0,0,0,14-3-28 16:46:50,0
G6X2PU12LB,117.14,39.2835,245443,0,0,0,14-3-28 16:48:50,0
G6X2PU12LB,117.14,39.2835,245443,0,0,0,14-3-28 16:50:50,0
G6X2PU12LB,117.14,39.2835,245443,0,0,0,14-3-28 16:52:50,0
G6X2PU12LB,117.14,39.2835,245443,0,0,0,14-3-28 16:54:43,0
G6X2PU12LB,117.14,39.2835,245443,0,0,0,14-3-28 16:56:43,0
G6X2PU12LB,117.14,39.2835,245443,0,0,0,14-3-28 16:56:51,0
G6X2PU12LB,117.14,39.2835,245443,0,0,0,14-3-28 16:57:3,0
G6X2PU12LB,117.14,39.2835,245443,0,0,0,14-3-28 16:59:3,0
G6X2PU12LB,117.14,39.2835,245443,0,0,0,14-3-28 17:1:3,0
G6X2PU12LB,117.14,39.2835,245443,0,0,0,14-3-28 17:3:3,0
G6X2PU12LB,117.14,39.2835,245443,0,0,0,14-3-28 17:4:47,0
G6X2PU12LB,117.14,39.2835,245443,0,0,0,14-3-28 17:6:47,0
G6X2PU12LB,117.14,39.2835,245443,0,0,0,14-3-28 17:8:47,0
G6X2PU12LB,117.14,39.2835,245443,0,0,0,14-3-28 17:10:47,0
G6X2PU12LB,117.14,39.2835,245443,0,0,0,14-3-28 17:12:47,0
G6X2PU12LB,117.14,39.2835,245443,0,0,0,14-3-28 17:14:47,0
G6X2PU12LB,117.14,39.2835,245443,0,0,0,14-3-28 17:14:54,0
G6X2PU12LB,117.14,39.2835,245443,0,0,0,14-3-28 17:16:54,0
G6X2PU12LB,117.14,39.2835,245443,0,0,0,14-3-28 17:18:54,0
G6X2PU12LB,117.14,39.2835,245443,0,0,0,14-3-28 17:20:54,0
G6X2PU12LB,117.14,39.2835,245443,0,0,0,14-3-28 17:22:54,0
G6X2PU12LB,117.14,39.2835,245443,0,0,0,14-3-28 17:25:5,0
G6X2PU12LB,117.14,39.2835,245443,0,0,0,14-3-28 17:27:5,0
G6X2PU12LB,117.14,39.2835,245443,0,0,0,14-3-28 17:29:5,0
G6X2PU12LB,117.14,39.2835,245443,0,0,0,14-3-28 17:29:28,0
G6X2PU12LB,117.14,39.2835,245443,0,0,0,14-3-28 17:33:28,0
G6X2PU12LB,117.14,39.2835,245443,0,0,0,14-3-28 17:35:28,0
G6X2PU12LB,117.14,39.2835,245443,0,0,0,14-3-28 17:37:28,0
G6X2PU12LB,117.14,39.2835,245443,0,0,0,14-3-28 17:39:28,0
G6X2PU12LB,117.14,39.2835,245443,0,0,0,14-3-28 17:41:28,0
G6X2PU12LB,117.14,39.2835,245443,0,0,0,14-3-28 17:43:28,0
G6X2PU12LB,117.14,39.2835,245443,0,0,0,14-3-28 17:45:28,0
G6X2PU12LB,117.14,39.2835,245443,0,0,0,14-3-28 17:47:28,0
G6X2PU12LB,117.14,39.2835,245443,0,0,0,14-3-28 17:49:28,0
G6X2PU12LB,117.14,39.2835,245443,0,0,0,14-3-28 17:51:28,0
G6X2PU12LB,117.14,39.2835,245443,0,0,0,14-3-28 17:53:28,0
G6X2PU12LB,117.14,39.2835,245443,0,0,0,14-3-28 17:55:28,0
G6X2PU12LB,117.14,39.2835,245443,0,0,0,14-3-28 17:57:28,0
G6X2PU12LB,117.14,39.2835,245443,0,0,0,14-3-28 17:59:28,0
G6X2PU12LB,117.14,39.2835,245443,0,0,0,14-3-28 18:1:28,0
G6X2PU12LB,117.14,39.2835,245443,0,0,0,14-3-28 18:3:28,0
G6X2PU12LB,117.14,39.2835,245443,0,0,0,14-3-28 18:5:28,0
G6X2PU12LB,117.14,39.2835,245443,0,0,0,14-3-28 18:7:28,0
G6X2PU12LB,117.14,39.2835,245443,0,0,0,14-3-28 18:9:28,0
G6X2PU12LB,117.14,39.2835,245443,0,0,0,14-3-28 18:11:28,0
G6X2PU12LB,117.14,39.2835,245443,0,0,0,14-3-28 18:13:28,0
G6X2PU12LB,117.14,39.2835,245443,0,0,0,14-3-28 18:15:28,0
G6X2PU12LB,117.14,39.2835,245443,0,0,0,14-3-28 18:17:28,0
G6X2PU12LB,117.14,39.2835,245443,0,0,0,14-3-28 18:19:28,0
G6X2PU12LB,117.14,39.2835,245443,0,0,0,14-3-28 18:21:28,0
G6X2PU12LB,117.14,39.2835,245443,0,0,0,14-3-28 18:25:28,0
G6X2PU12LB,117.14,39.2835,245443,0,0,0,14-3-28 18:27:28,0
G6X2PU12LB,117.14,39.2835,245443,0,0,0,14-3-28 18:29:28,0
G6X2PU12LB,117.14,39.2835,245443,0,0,0,14-3-28 18:31:28,0
G6X2PU12LB,117.14,39.2835,245443,0,0,0,14-3-28 18:33:28,0
G6X2PU12LB,117.14,39.2835,245443,0,0,0,14-3-28 18:35:28,0
G6X2PU12LB,117.14,39.2835,245443,0,0,0,14-3-28 18:37:28,0
G6X2PU12LB,117.14,39.2835,245443,0,0,0,14-3-28 18:39:28,0
G6X2PU12LB,117.14,39.2835,245443,0,0,0,14-3-28 18:41:28,0
G6X2PU12LB,117.14,39.2835,245443,0,0,0,14-3-28 18:43:28,0
G6X2PU12LB,117.14,39.2835,245443,0,0,0,14-3-28 18:45:28,0
G6X2PU12LB,117.14,39.2835,245443,0,0,0,14-3-28 18:47:28,0
G6X2PU12LB,117.14,39.2835,245443,0,0,0,14-3-28 18:49:28,0
G6X2PU12LB,117.14,39.2835,245443,0,0,0,14-3-28 18:51:28,0
G6X2PU12LB,117.14,39.2835,245443,0,0,0,14-3-28 18:53:28,0
G6X2PU12LB,117.14,39.2835,245443,0,0,0,14-3-28 18:55:28,0
G6X2PU12LB,117.14,39.2835,245443,0,0,0,14-3-28 18:57:28,0
G6X2PU12LB,117.14,39.2835,245443,0,0,0,14-3-28 18:59:28,0
G6X2PU12LB,117.14,39.2835,245443,0,0,0,14-3-28 19:1:28,0
G6X2PU12LB,117.14,39.2835,245443,0,0,0,14-3-28 19:3:28,0
G6X2PU12LB,117.14,39.2835,245443,0,0,0,14-3-28 19:5:28,0
G6X2PU12LB,117.14,39.2835,245443,0,0,0,14-3-28 19:7:28,0
G6X2PU12LB,117.14,39.2835,245443,0,0,0,14-3-28 19:9:28,0
G6X2PU12LB,117.14,39.2835,245443,0,0,0,14-3-28 19:11:28,0
G6X2PU12LB,117.14,39.2835,245443,0,0,0,14-3-28 19:13:28,0
G6X2PU12LB,117.14,39.2835,245443,0,0,0,14-3-28 19:15:28,0
G6X2PU12LB,117.14,39.2835,245443,0,0,0,14-3-28 19:17:28,0
G6X2PU12LB,117.14,39.2835,245443,0,0,0,14-3-28 19:19:28,0
G6X2PU12LB,117.14,39.2835,245443,0,0,0,14-3-28 19:21:28,0
G6X2PU12LB,117.14,39.2835,245443,0,0,0,14-3-28 19:23:28,0
G6X2PU12LB,117.14,39.2835,245443,0,0,0,14-3-28 19:25:28,0
G6X2PU12LB,117.14,39.2835,245443,0,0,0,14-3-28 19:27:28,0
G6X2PU12LB,117.14,39.2835,245443,0,0,0,14-3-28 19:29:28,0
G6X2PU12LB,117.14,39.2835,245443,0,0,0,14-3-28 19:31:28,0
G6X2PU12LB,117.14,39.2835,245443,0,0,0,14-3-28 19:33:28,0
G6X2PU12LB,117.14,39.2835,245443,0,0,0,14-3-28 19:35:28,0
G6X2PU12LB,117.14,39.2835,245443,0,0,0,14-3-28 19:37:28,0
G6X2PU12LB,117.14,39.2835,245443,0,0,0,14-3-28 19:39:28,0
G6X2PU12LB,117.14,39.2835,245443,0,0,0,14-3-28 19:41:28,0
G6X2PU12LB,117.14,39.2835,245443,0,0,0,14-3-28 19:43:28,0
G6X2PU12LB,117.14,39.2835,245443,0,0,0,14-3-28 19:45:28,0
G6X2PU12LB,117.14,39.2835,245443,0,0,0,14-3-28 19:47:28,0
G6X2PU12LB,117.14,39.2835,245443,0,0,0,14-3-28 19:49:28,0
G6X2PU12LB,117.14,39.2835,245443,0,0,0,14-3-28 19:51:28,0
G6X2PU12LB,117.14,39.2835,245443,0,0,0,14-3-28 19:53:28,0
G6X2PU12LB,117.14,39.2835,245443,0,0,0,14-3-28 19:55:28,0
G6X2PU12LB,117.14,39.2835,245443,0,0,0,14-3-28 19:57:28,0
G6X2PU12LB,117.14,39.2835,245443,0,0,0,14-3-28 19:59:28,0
G6X2PU12LB,117.14,39.2835,245443,0,0,0,14-3-28 20:1:28,0
G6X2PU12LB,117.14,39.2835,245443,0,0,0,14-3-28 20:3:28,0
G6X2PU12LB,117.14,39.2835,245443,0,0,0,14-3-28 20:5:28,0
G6X2PU12LB,117.14,39.2835,245443,0,0,0,14-3-28 20:7:28,0
G6X2PU12LB,117.14,39.2835,245443,0,0,0,14-3-28 20:9:28,0
G6X2PU12LB,117.14,39.2835,245443,0,0,0,14-3-28 20:11:28,0
G6X2PU12LB,117.14,39.2835,245443,0,0,0,14-3-28 20:13:28,0
G6X2PU12LB,117.14,39.2835,245443,0,0,0,14-3-28 20:15:28,0
G6X2PU12LB,117.14,39.2835,245443,0,0,0,14-3-28 20:17:28,0
G6X2PU12LB,117.14,39.2835,245443,0,0,0,14-3-28 20:19:28,0
G6X2PU12LB,117.14,39.2835,245443,0,0,0,14-3-28 20:21:28,0
G6X2PU12LB,117.14,39.2835,245443,0,0,0,14-3-28 20:23:28,0
G6X2PU12LB,117.14,39.2835,245443,0,0,0,14-3-28 20:25:28,0
G6X2PU12LB,117.14,39.2835,245443,0,0,0,14-3-28 20:27:28,0
G6X2PU12LB,117.14,39.2835,245443,0,0,0,14-3-28 20:29:28,0
G6X2PU12LB,117.14,39.2835,245443,0,0,0,14-3-28 20:31:28,0
G6X2PU12LB,117.14,39.2835,245443,0,0,0,14-3-28 20:33:28,0
G6X2PU12LB,117.14,39.2835,245443,0,0,0,14-3-28 20:35:28,0
G6X2PU12LB,117.14,39.2835,245443,0,0,0,14-3-28 20:37:28,0
G6X2PU12LB,117.14,39.2835,245443,0,0,0,14-3-28 20:39:28,0
G6X2PU12LB,117.14,39.2835,245443,0,0,0,14-3-28 20:41:28,0
G6X2PU12LB,117.14,39.2835,245443,0,0,0,14-3-28 20:43:28,0
G6X2PU12LB,117.14,39.2835,245443,0,0,0,14-3-28 20:45:28,0
G6X2PU12LB,117.14,39.2835,245443,0,0,0,14-3-28 20:47:28,0
G6X2PU12LB,117.14,39.2835,245443,0,0,0,14-3-28 20:49:28,0
G6X2PU12LB,117.14,39.2835,245443,0,0,0,14-3-28 20:51:28,0
G6X2PU12LB,117.14,39.2835,245443,0,0,0,14-3-28 20:53:28,0
G6X2PU12LB,117.14,39.2835,245443,0,0,0,14-3-28 20:55:28,0
G6X2PU12LB,117.14,39.2835,245443,0,0,0,14-3-28 20:57:28,0
G6X2PU12LB,117.14,39.2835,245443,0,0,0,14-3-28 20:59:28,0
G6X2PU12LB,117.14,39.2835,245443,0,0,0,14-3-28 21:1:28,0
G6X2PU12LB,117.14,39.2835,245443,0,0,0,14-3-28 21:3:28,0
G6X2PU12LB,117.14,39.2835,245443,0,0,0,14-3-28 21:5:28,0
G6X2PU12LB,117.14,39.2835,245443,0,0,0,14-3-28 21:7:28,0
G6X2PU12LB,117.14,39.2835,245443,0,0,0,14-3-28 21:9:28,0
G6X2PU12LB,117.14,39.2835,245443,0,0,0,14-3-28 21:11:28,0
G6X2PU12LB,117.14,39.2835,245443,0,0,0,14-3-28 21:13:28,0
G6X2PU12LB,117.14,39.2835,245443,0,0,0,14-3-28 21:15:28,0
G6X2PU12LB,117.14,39.2835,245443,0,0,0,14-3-28 21:17:28,0
G6X2PU12LB,117.14,39.2835,245443,0,0,0,14-3-28 21:19:28,0
G6X2PU12LB,117.14,39.2835,245443,0,0,0,14-3-28 21:21:28,0
G6X2PU12LB,117.14,39.2835,245443,0,0,0,14-3-28 21:23:28,0
G6X2PU12LB,117.14,39.2835,245443,0,0,0,14-3-28 21:25:28,0
G6X2PU12LB,117.14,39.2835,245443,0,0,0,14-3-28 21:27:28,0
G6X2PU12LB,117.14,39.2835,245443,0,0,0,14-3-28 21:29:28,0
G6X2PU12LB,117.14,39.2835,245443,0,0,0,14-3-28 21:31:28,0
G6X2PU12LB,117.14,39.2835,245443,0,0,0,14-3-28 21:33:28,0
G6X2PU12LB,117.14,39.2835,245443,0,0,0,14-3-28 21:35:28,0
G6X2PU12LB,117.14,39.2835,245443,0,0,0,14-3-28 21:37:28,0
G6X2PU12LB,117.14,39.2835,245443,0,0,0,14-3-28 21:39:28,0
G6X2PU12LB,117.14,39.2835,245443,0,0,0,14-3-28 21:41:28,0
G6X2PU12LB,117.14,39.2835,245443,0,0,0,14-3-28 21:43:28,0
G6X2PU12LB,117.14,39.2835,245443,0,0,0,14-3-28 21:45:28,0
G6X2PU12LB,117.14,39.2835,245443,0,0,0,14-3-28 21:47:28,0
G6X2PU12LB,117.14,39.2835,245443,0,0,0,14-3-28 21:49:28,0
G6X2PU12LB,117.14,39.2835,245443,0,0,0,14-3-28 21:51:28,0
G6X2PU12LB,117.14,39.2835,245443,0,0,0,14-3-28 21:53:28,0
G6X2PU12LB,117.14,39.2835,245443,0,0,0,14-3-28 21:55:28,0
G6X2PU12LB,117.14,39.2835,245443,0,0,0,14-3-28 21:57:28,0
G6X2PU12LB,117.14,39.2835,245443,0,0,0,14-3-28 21:59:28,0
G6X2PU12LB,117.14,39.2835,245443,0,0,0,14-3-28 22:1:28,0
G6X2PU12LB,117.14,39.2835,245443,0,0,0,14-3-28 22:3:28,0
G6X2PU12LB,117.14,39.2835,245443,0,0,0,14-3-28 22:5:28,0
G6X2PU12LB,117.14,39.2835,245443,0,0,0,14-3-28 22:7:28,0
G6X2PU12LB,117.14,39.2835,245443,0,0,0,14-3-28 22:9:28,0
G6X2PU12LB,117.14,39.2835,245443,0,0,0,14-3-28 22:11:28,0
G6X2PU12LB,117.14,39.2835,245443,0,0,0,14-3-28 22:13:28,0
G6X2PU12LB,117.14,39.2835,245443,0,0,0,14-3-28 22:15:28,0
G6X2PU12LB,117.14,39.2835,245443,0,0,0,14-3-28 22:17:28,0
G6X2PU12LB,117.14,39.2835,245443,0,0,0,14-3-28 22:19:28,0
G6X2PU12LB,117.14,39.2835,245443,0,0,0,14-3-28 22:21:28,0
G6X2PU12LB,117.14,39.2835,245443,0,0,0,14-3-28 22:23:28,0
G6X2PU12LB,117.14,39.2835,245443,0,0,0,14-3-28 22:25:28,0
G6X2PU12LB,117.14,39.2835,245443,0,0,0,14-3-28 22:27:28,0
G6X2PU12LB,117.14,39.2835,245443,0,0,0,14-3-28 22:29:28,0
G6X2PU12LB,117.14,39.2835,245443,0,0,0,14-3-28 22:31:28,0
G6X2PU12LB,117.14,39.2835,245443,0,0,0,14-3-28 22:33:28,0
G6X2PU12LB,117.14,39.2835,245443,0,0,0,14-3-28 22:35:28,0
G6X2PU12LB,117.14,39.2835,245443,0,0,0,14-3-28 22:37:28,0
G6X2PU12LB,117.14,39.2835,245443,0,0,0,14-3-28 22:39:28,0
G6X2PU12LB,117.14,39.2835,245443,0,0,0,14-3-28 22:41:28,0
G6X2PU12LB,117.14,39.2835,245443,0,0,0,14-3-28 22:43:28,0
G6X2PU12LB,117.14,39.2835,245443,0,0,0,14-3-28 22:45:28,0
G6X2PU12LB,117.14,39.2835,245443,0,0,0,14-3-28 22:47:28,0
G6X2PU12LB,117.14,39.2835,245443,0,0,0,14-3-28 22:49:28,0
G6X2PU12LB,117.14,39.2835,245443,0,0,0,14-3-28 22:51:28,0
G6X2PU12LB,117.14,39.2835,245443,0,0,0,14-3-28 22:53:28,0
G6X2PU12LB,117.14,39.2835,245443,0,0,0,14-3-28 22:55:28,0
G6X2PU12LB,117.14,39.2835,245443,0,0,0,14-3-28 22:57:28,0
G6X2PU12LB,117.14,39.2835,245443,0,0,0,14-3-28 22:59:28,0
G6X2PU12LB,117.14,39.2835,245443,0,0,0,14-3-28 23:1:28,0
G6X2PU12LB,117.14,39.2835,245443,0,0,0,14-3-28 23:3:28,0
G6X2PU12LB,117.14,39.2835,245443,0,0,0,14-3-28 23:5:28,0
G6X2PU12LB,117.14,39.2835,245443,0,0,0,14-3-28 23:7:28,0
G6X2PU12LB,117.14,39.2835,245443,0,0,0,14-3-28 23:9:28,0
G6X2PU12LB,117.14,39.2835,245443,0,0,0,14-3-28 23:11:28,0
G6X2PU12LB,117.14,39.2835,245443,0,0,0,14-3-28 23:13:28,0
G6X2PU12LB,117.14,39.2835,245443,0,0,0,14-3-28 23:15:28,0
G6X2PU12LB,117.14,39.2835,245443,0,0,0,14-3-28 23:17:28,0
G6X2PU12LB,117.14,39.2835,245443,0,0,0,14-3-28 23:19:28,0
G6X2PU12LB,117.14,39.2835,245443,0,0,0,14-3-28 23:21:28,0
G6X2PU12LB,117.14,39.2835,245443,0,0,0,14-3-28 23:23:28,0
G6X2PU12LB,117.14,39.2835,245443,0,0,0,14-3-28 23:25:28,0
G6X2PU12LB,117.14,39.2835,245443,0,0,0,14-3-28 23:27:28,0
G6X2PU12LB,117.14,39.2835,245443,0,0,0,14-3-28 23:29:9,0
G6X2PU12LB,117.14,39.2835,245443,0,0,0,14-3-28 23:31:9,0
G6X2PU12LB,117.14,39.2835,245443,0,0,0,14-3-28 23:32:9,0
G6X2PU12LB,117.14,39.2835,245443,0,0,0,14-3-28 23:34:9,0
G6X2PU12LB,117.14,39.2835,245443,0,0,0,14-3-28 23:34:43,0
G6X2PU12LB,117.14,39.2835,245443,0,0,0,14-3-28 23:36:43,0
G6X2PU12LB,117.14,39.2835,245443,0,0,0,14-3-28 23:38:43,0
G6X2PU12LB,117.14,39.2835,245443,0,0,0,14-3-28 23:39:47,0
G6X2PU12LB,117.14,39.2835,245443,0,0,0,14-3-28 23:41:47,0
G6X2PU12LB,117.14,39.2835,245443,0,0,0,14-3-28 23:42:47,0
G6X2PU12LB,117.14,39.2835,245443,0,0,0,14-3-28 23:44:47,0
G6X2PU12LB,117.14,39.2835,245443,0,0,0,14-3-28 23:46:47,0
G6X2PU12LB,117.14,39.2835,245443,0,0,0,14-3-28 23:48:34,0
G6X2PU12LB,117.14,39.2835,245443,0,0,0,14-3-28 23:50:34,0
G6X2PU12LB,117.14,39.2835,245443,0,0,0,14-3-28 23:52:34,0
G6X2PU12LB,117.14,39.2835,245443,0,0,0,14-3-28 23:54:34,0
G6X2PU12LB,117.14,39.2835,245443,0,0,0,14-3-28 23:56:34,0
G6X2PU12LB,117.14,39.2835,245443,0,0,0,14-3-28 23:58:34,0
G6X2PU12LB,117.14,39.2835,245443,0,0,0,14-3-28 23:59:9,0
G6X2PU12LB,117.14,39.2835,245443,0,0,0,14-3-29 0:1:9,0
G6X2PU12LB,117.14,39.2835,245443,0,0,0,14-3-29 0:1:46,0
G6X2PU12LB,117.14,39.2835,245443,0,0,0,14-3-29 0:3:46,0
G6X2PU12LB,117.14,39.2835,245443,0,0,0,14-3-29 0:5:46,0
G6X2PU12LB,117.14,39.2835,245443,0,0,0,14-3-29 0:7:46,0
G6X2PU12LB,117.14,39.2835,245443,0,0,0,14-3-29 0:9:46,0
G6X2PU12LB,117.14,39.2835,245443,0,0,0,14-3-29 0:11:46,0
G6X2PU12LB,117.14,39.2835,245443,0,0,0,14-3-29 0:13:46,0
G6X2PU12LB,117.14,39.2835,245443,0,0,0,14-3-29 0:15:46,0
G6X2PU12LB,117.14,39.2835,245443,0,0,0,14-3-29 0:17:46,0
G6X2PU12LB,117.14,39.2835,245443,0,0,0,14-3-29 0:19:46,0
G6X2PU12LB,117.14,39.2835,245443,0,0,0,14-3-29 0:21:46,0
G6X2PU12LB,117.14,39.2835,245443,0,0,0,14-3-29 0:23:46,0
G6X2PU12LB,117.14,39.2835,245443,0,0,0,14-3-29 0:25:46,0
G6X2PU12LB,117.14,39.2835,245443,0,0,0,14-3-29 0:27:46,0
G6X2PU12LB,117.14,39.2835,245443,0,0,0,14-3-29 0:29:46,0
G6X2PU12LB,117.14,39.2835,245443,0,0,0,14-3-29 0:31:46,0
G6X2PU12LB,117.14,39.2835,245443,0,0,0,14-3-29 0:33:46,0
G6X2PU12LB,117.14,39.2835,245443,0,0,0,14-3-29 0:35:46,0
G6X2PU12LB,117.14,39.2835,245443,0,0,0,14-3-29 0:37:46,0
G6X2PU12LB,117.14,39.2835,245443,0,0,0,14-3-29 0:39:46,0
G6X2PU12LB,117.14,39.2835,245443,0,0,0,14-3-29 0:41:46,0
G6X2PU12LB,117.14,39.2835,245443,0,0,0,14-3-29 0:43:46,0
G6X2PU12LB,117.14,39.2835,245443,0,0,0,14-3-29 0:45:46,0
G6X2PU12LB,117.14,39.2835,245443,0,0,0,14-3-29 0:47:46,0
G6X2PU12LB,117.14,39.2835,245443,0,0,0,14-3-29 0:49:46,0
G6X2PU12LB,117.14,39.2835,245443,0,0,0,14-3-29 0:51:46,0
G6X2PU12LB,117.14,39.2835,245443,0,0,0,14-3-29 0:53:46,0
G6X2PU12LB,117.14,39.2835,245443,0,0,0,14-3-29 0:55:46,0
G6X2PU12LB,117.14,39.2835,245443,0,0,0,14-3-29 0:57:46,0
G6X2PU12LB,117.14,39.2835,245443,0,0,0,14-3-29 0:59:46,0
G6X2PU12LB,117.14,39.2835,245443,0,0,0,14-3-29 1:1:46,0
G6X2PU12LB,117.14,39.2835,245443,0,0,0,14-3-29 1:3:46,0
G6X2PU12LB,117.14,39.2835,245443,0,0,0,14-3-29 1:5:46,0
G6X2PU12LB,117.14,39.2835,245443,0,0,0,14-3-29 1:7:46,0
G6X2PU12LB,117.14,39.2835,245443,0,0,0,14-3-29 1:9:46,0
G6X2PU12LB,117.14,39.2835,245443,0,0,0,14-3-29 1:11:46,0
G6X2PU12LB,117.14,39.2835,245443,0,0,0,14-3-29 1:13:46,0
G6X2PU12LB,117.14,39.2835,245443,0,0,0,14-3-29 1:15:46,0
G6X2PU12LB,117.14,39.2835,245443,0,0,0,14-3-29 1:17:46,0
G6X2PU12LB,117.14,39.2835,245443,0,0,0,14-3-29 1:19:46,0
G6X2PU12LB,117.14,39.2835,245443,0,0,0,14-3-29 1:21:46,0
G6X2PU12LB,117.14,39.2835,245443,0,0,0,14-3-29 1:23:46,0
G6X2PU12LB,117.14,39.2835,245443,0,0,0,14-3-29 1:25:46,0
G6X2PU12LB,117.14,39.2835,245443,0,0,0,14-3-29 1:27:46,0
G6X2PU12LB,117.14,39.2835,245443,0,0,0,14-3-29 1:29:46,0
G6X2PU12LB,117.14,39.2835,245443,0,0,0,14-3-29 1:31:46,0
G6X2PU12LB,117.14,39.2835,245443,0,0,0,14-3-29 1:33:46,0
G6X2PU12LB,117.14,39.2835,245443,0,0,0,14-3-29 1:35:46,0
G6X2PU12LB,117.14,39.2835,245443,0,0,0,14-3-29 1:37:46,0
G6X2PU12LB,117.14,39.2835,245443,0,0,0,14-3-29 1:39:46,0
G6X2PU12LB,117.14,39.2835,245443,0,0,0,14-3-29 1:41:46,0
G6X2PU12LB,117.14,39.2835,245443,0,0,0,14-3-29 1:43:46,0
G6X2PU12LB,117.14,39.2835,245443,0,0,0,14-3-29 1:45:46,0
G6X2PU12LB,117.14,39.2835,245443,0,0,0,14-3-29 1:47:46,0
G6X2PU12LB,117.14,39.2835,245443,0,0,0,14-3-29 1:49:46,0
G6X2PU12LB,117.14,39.2835,245443,0,0,0,14-3-29 1:51:46,0
G6X2PU12LB,117.14,39.2835,245443,0,0,0,14-3-29 1:53:46,0
G6X2PU12LB,117.14,39.2835,245443,0,0,0,14-3-29 1:55:46,0
G6X2PU12LB,117.14,39.2835,245443,0,0,0,14-3-29 1:57:46,0
G6X2PU12LB,117.14,39.2835,245443,0,0,0,14-3-29 1:59:46,0
G6X2PU12LB,117.14,39.2835,245443,0,0,0,14-3-29 2:1:46,0
G6X2PU12LB,117.14,39.2835,245443,0,0,0,14-3-29 2:3:46,0
G6X2PU12LB,117.14,39.2835,245443,0,0,0,14-3-29 2:5:46,0
G6X2PU12LB,117.14,39.2835,245443,0,0,0,14-3-29 2:7:46,0
G6X2PU12LB,117.14,39.2835,245443,0,0,0,14-3-29 2:9:46,0
G6X2PU12LB,117.14,39.2835,245443,0,0,0,14-3-29 2:11:46,0
G6X2PU12LB,117.14,39.2835,245443,0,0,0,14-3-29 2:13:46,0
G6X2PU12LB,117.14,39.2835,245443,0,0,0,14-3-29 2:15:46,0
G6X2PU12LB,117.14,39.2835,245443,0,0,0,14-3-29 2:17:46,0
G6X2PU12LB,117.14,39.2835,245443,0,0,0,14-3-29 2:19:46,0
G6X2PU12LB,117.14,39.2835,245443,0,0,0,14-3-29 2:21:46,0
G6X2PU12LB,117.14,39.2835,245443,0,0,0,14-3-29 2:23:46,0
G6X2PU12LB,117.14,39.2835,245443,0,0,0,14-3-29 2:25:46,0
G6X2PU12LB,117.14,39.2835,245443,0,0,0,14-3-29 2:27:46,0
G6X2PU12LB,117.14,39.2835,245443,0,0,0,14-3-29 2:29:46,0
G6X2PU12LB,117.14,39.2835,245443,0,0,0,14-3-29 2:31:46,0
G6X2PU12LB,117.14,39.2835,245443,0,0,0,14-3-29 2:33:46,0
G6X2PU12LB,117.14,39.2835,245443,0,0,0,14-3-29 2:35:46,0
G6X2PU12LB,117.14,39.2835,245443,0,0,0,14-3-29 2:37:46,0
G6X2PU12LB,117.14,39.2835,245443,0,0,0,14-3-29 2:39:46,0
G6X2PU12LB,117.14,39.2835,245443,0,0,0,14-3-29 2:41:46,0
G6X2PU12LB,117.14,39.2835,245443,0,0,0,14-3-29 2:43:46,0
G6X2PU12LB,117.14,39.2835,245443,0,0,0,14-3-29 2:45:46,0
G6X2PU12LB,117.14,39.2835,245443,0,0,0,14-3-29 2:47:46,0
G6X2PU12LB,117.14,39.2835,245443,0,0,0,14-3-29 2:49:46,0
G6X2PU12LB,117.14,39.2835,245443,0,0,0,14-3-29 2:51:46,0
G6X2PU12LB,117.14,39.2835,245443,0,0,0,14-3-29 2:53:46,0
G6X2PU12LB,117.14,39.2835,245443,0,0,0,14-3-29 2:55:46,0
G6X2PU12LB,117.14,39.2835,245443,0,0,0,14-3-29 2:57:46,0
G6X2PU12LB,117.14,39.2835,245443,0,0,0,14-3-29 2:59:46,0
G6X2PU12LB,117.14,39.2835,245443,0,0,0,14-3-29 3:1:46,0
G6X2PU12LB,117.14,39.2835,245443,0,0,0,14-3-29 3:3:46,0
G6X2PU12LB,117.14,39.2835,245443,0,0,0,14-3-29 3:7:46,0
G6X2PU12LB,117.14,39.2835,245443,0,0,0,14-3-29 3:9:46,0
G6X2PU12LB,117.14,39.2835,245443,0,0,0,14-3-29 3:11:46,0
G6X2PU12LB,117.14,39.2835,245443,0,0,0,14-3-29 3:13:46,0
G6X2PU12LB,117.14,39.2835,245443,0,0,0,14-3-29 3:15:46,0
G6X2PU12LB,117.14,39.2835,245443,0,0,0,14-3-29 3:17:46,0
G6X2PU12LB,117.14,39.2835,245443,0,0,0,14-3-29 3:19:46,0
G6X2PU12LB,117.14,39.2835,245443,0,0,0,14-3-29 3:21:46,0
G6X2PU12LB,117.14,39.2835,245443,0,0,0,14-3-29 3:23:46,0
G6X2PU12LB,117.14,39.2835,245443,0,0,0,14-3-29 3:25:46,0
G6X2PU12LB,117.14,39.2835,245443,0,0,0,14-3-29 3:27:46,0
G6X2PU12LB,117.14,39.2835,245443,0,0,0,14-3-29 3:29:46,0
G6X2PU12LB,117.14,39.2835,245443,0,0,0,14-3-29 3:31:46,0
G6X2PU12LB,117.14,39.2835,245443,0,0,0,14-3-29 3:33:46,0
G6X2PU12LB,117.14,39.2835,245443,0,0,0,14-3-29 3:35:46,0
G6X2PU12LB,117.14,39.2835,245443,0,0,0,14-3-29 3:37:46,0
G6X2PU12LB,117.14,39.2835,245443,0,0,0,14-3-29 3:39:46,0
G6X2PU12LB,117.14,39.2835,245443,0,0,0,14-3-29 3:41:46,0
G6X2PU12LB,117.14,39.2835,245443,0,0,0,14-3-29 3:43:46,0
G6X2PU12LB,117.14,39.2835,245443,0,0,0,14-3-29 3:45:46,0
G6X2PU12LB,117.14,39.2835,245443,0,0,0,14-3-29 3:47:46,0
G6X2PU12LB,117.14,39.2835,245443,0,0,0,14-3-29 3:49:46,0
G6X2PU12LB,117.14,39.2835,245443,0,0,0,14-3-29 3:51:46,0
G6X2PU12LB,117.14,39.2835,245443,0,0,0,14-3-29 3:53:46,0
G6X2PU12LB,117.14,39.2835,245443,0,0,0,14-3-29 3:55:46,0
G6X2PU12LB,117.14,39.2835,245443,0,0,0,14-3-29 3:57:46,0
G6X2PU12LB,117.14,39.2835,245443,0,0,0,14-3-29 3:59:46,0
G6X2PU12LB,117.14,39.2835,245443,0,0,0,14-3-29 4:1:46,0
G6X2PU12LB,117.14,39.2835,245443,0,0,0,14-3-29 4:3:46,0
G6X2PU12LB,117.14,39.2835,245443,0,0,0,14-3-29 4:5:46,0
G6X2PU12LB,117.14,39.2835,245443,0,0,0,14-3-29 4:7:46,0
G6X2PU12LB,117.14,39.2835,245443,0,0,0,14-3-29 4:9:46,0
G6X2PU12LB,117.14,39.2835,245443,0,0,0,14-3-29 4:11:46,0
G6X2PU12LB,117.14,39.2835,245443,0,0,0,14-3-29 4:13:46,0
G6X2PU12LB,117.14,39.2835,245443,0,0,0,14-3-29 4:15:46,0
G6X2PU12LB,117.14,39.2835,245443,0,0,0,14-3-29 4:17:46,0
G6X2PU12LB,117.14,39.2835,245443,0,0,0,14-3-29 4:19:46,0
G6X2PU12LB,117.14,39.2835,245443,0,0,0,14-3-29 4:21:46,0
G6X2PU12LB,117.14,39.2835,245443,0,0,0,14-3-29 4:23:46,0
G6X2PU12LB,117.14,39.2835,245443,0,0,0,14-3-29 4:25:46,0
G6X2PU12LB,117.14,39.2835,245443,0,0,0,14-3-29 4:27:46,0
G6X2PU12LB,117.14,39.2835,245443,0,0,0,14-3-29 4:29:46,0
G6X2PU12LB,117.14,39.2835,245443,0,0,0,14-3-29 4:31:46,0
G6X2PU12LB,117.14,39.2835,245443,0,0,0,14-3-29 4:33:46,0
G6X2PU12LB,117.14,39.2835,245443,0,0,0,14-3-29 4:35:46,0
G6X2PU12LB,117.14,39.2835,245443,0,0,0,14-3-29 4:37:46,0
G6X2PU12LB,117.14,39.2835,245443,0,0,0,14-3-29 4:39:46,0
G6X2PU12LB,117.14,39.2835,245443,0,0,0,14-3-29 4:41:46,0
G6X2PU12LB,117.14,39.2835,245443,0,0,0,14-3-29 4:43:46,0
G6X2PU12LB,117.14,39.2835,245443,0,0,0,14-3-29 4:45:46,0
G6X2PU12LB,117.14,39.2835,245443,0,0,0,14-3-29 4:47:46,0
G6X2PU12LB,117.14,39.2835,245443,0,0,0,14-3-29 4:49:46,0
G6X2PU12LB,117.14,39.2835,245443,0,0,0,14-3-29 4:51:46,0
G6X2PU12LB,117.14,39.2835,245443,0,0,0,14-3-29 4:53:46,0
G6X2PU12LB,117.14,39.2835,245443,0,0,0,14-3-29 4:55:46,0
G6X2PU12LB,117.14,39.2835,245443,0,0,0,14-3-29 4:57:46,0
G6X2PU12LB,117.14,39.2835,245443,0,0,0,14-3-29 4:59:46,0
G6X2PU12LB,117.14,39.2835,245443,0,0,0,14-3-29 5:1:46,0
G6X2PU12LB,117.14,39.2835,245443,0,0,0,14-3-29 5:3:46,0
G6X2PU12LB,117.14,39.2835,245443,0,0,0,14-3-29 5:5:46,0
G6X2PU12LB,117.14,39.2835,245443,0,0,0,14-3-29 5:7:46,0
G6X2PU12LB,117.14,39.2835,245443,0,0,0,14-3-29 5:9:46,0
G6X2PU12LB,117.14,39.2835,245443,0,0,0,14-3-29 5:11:46,0
G6X2PU12LB,117.14,39.2835,245443,0,0,0,14-3-29 5:13:46,0
G6X2PU12LB,117.14,39.2835,245443,0,0,0,14-3-29 5:15:46,0
G6X2PU12LB,117.14,39.2835,245443,0,0,0,14-3-29 5:17:46,0
G6X2PU12LB,117.14,39.2835,245443,0,0,0,14-3-29 5:19:46,0
G6X2PU12LB,117.14,39.2835,245443,0,0,0,14-3-29 5:21:46,0
G6X2PU12LB,117.14,39.2835,245443,0,0,0,14-3-29 5:23:46,0
G6X2PU12LB,117.14,39.2835,245443,0,0,0,14-3-29 5:25:46,0
G6X2PU12LB,117.14,39.2835,245443,0,0,0,14-3-29 5:27:46,0
G6X2PU12LB,117.14,39.2835,245443,0,0,0,14-3-29 5:29:46,0
G6X2PU12LB,117.14,39.2835,245443,0,0,0,14-3-29 5:31:46,0
G6X2PU12LB,117.14,39.2835,245443,0,0,0,14-3-29 5:33:46,0
G6X2PU12LB,117.14,39.2835,245443,0,0,0,14-3-29 5:35:46,0
G6X2PU12LB,117.14,39.2835,245443,0,0,0,14-3-29 5:37:46,0
G6X2PU12LB,117.14,39.2835,245443,0,0,0,14-3-29 5:39:46,0
G6X2PU12LB,117.14,39.2835,245443,0,0,0,14-3-29 5:41:46,0
G6X2PU12LB,117.14,39.2835,245443,0,0,0,14-3-29 5:43:46,0
G6X2PU12LB,117.14,39.2835,245443,0,0,0,14-3-29 5:45:46,0
G6X2PU12LB,117.14,39.2835,245443,0,0,0,14-3-29 5:47:46,0
G6X2PU12LB,117.14,39.2835,245443,0,0,0,14-3-29 5:49:46,0
G6X2PU12LB,117.14,39.2835,245443,0,0,0,14-3-29 5:51:46,0
G6X2PU12LB,117.14,39.2835,245443,0,0,0,14-3-29 5:53:46,0
G6X2PU12LB,117.14,39.2835,245443,0,0,0,14-3-29 5:55:46,0
G6X2PU12LB,117.14,39.2835,245443,0,0,0,14-3-29 5:57:46,0
G6X2PU12LB,117.14,39.2835,245443,0,0,0,14-3-29 5:59:46,0
G6X2PU12LB,117.14,39.2835,245443,0,0,0,14-3-29 6:1:46,0
G6X2PU12LB,117.14,39.2835,245443,0,0,0,14-3-29 6:3:46,0
G6X2PU12LB,117.14,39.2835,245443,0,0,0,14-3-29 6:5:46,0
G6X2PU12LB,117.14,39.2835,245443,0,0,0,14-3-29 6:7:46,0
G6X2PU12LB,117.14,39.2835,245443,0,0,0,14-3-29 6:9:46,0
G6X2PU12LB,117.14,39.2835,245443,0,0,0,14-3-29 6:11:46,0
G6X2PU12LB,117.14,39.2835,245443,0,0,0,14-3-29 6:13:46,0
G6X2PU12LB,117.14,39.2835,245443,0,0,0,14-3-29 6:15:46,0
G6X2PU12LB,117.14,39.2835,245443,0,0,0,14-3-29 6:17:46,0
G6X2PU12LB,117.14,39.2835,245443,0,0,0,14-3-29 6:19:46,0
G6X2PU12LB,117.14,39.2835,245443,0,0,0,14-3-29 6:21:46,0
G6X2PU12LB,117.14,39.2835,245443,0,0,0,14-3-29 6:23:46,0
G6X2PU12LB,117.14,39.2835,245443,0,0,0,14-3-29 6:25:46,0
G6X2PU12LB,117.14,39.2835,245443,0,0,0,14-3-29 6:27:46,0
G6X2PU12LB,117.14,39.2835,245443,0,0,0,14-3-29 6:29:46,0
G6X2PU12LB,117.14,39.2835,245443,0,0,0,14-3-29 6:31:46,0
G6X2PU12LB,117.14,39.2835,245443,0,0,0,14-3-29 6:33:46,0
G6X2PU12LB,117.14,39.2835,245443,0,0,0,14-3-29 6:35:46,0
G6X2PU12LB,117.14,39.2835,245443,0,0,0,14-3-29 6:37:46,0
G6X2PU12LB,117.14,39.2835,245443,0,0,0,14-3-29 6:39:46,0
G6X2PU12LB,117.14,39.2835,245443,0,0,0,14-3-29 6:41:46,0
G6X2PU12LB,117.14,39.2835,245443,0,0,0,14-3-29 6:43:46,0
G6X2PU12LB,117.14,39.2835,245443,0,0,0,14-3-29 6:45:46,0
G6X2PU12LB,117.14,39.2835,245443,0,0,0,14-3-29 6:47:46,0
G6X2PU12LB,117.14,39.2835,245443,0,0,0,14-3-29 6:49:46,0
G6X2PU12LB,117.14,39.2835,245443,0,0,0,14-3-29 6:51:46,0
G6X2PU12LB,117.14,39.2835,245443,0,0,0,14-3-29 6:53:46,0
G6X2PU12LB,117.14,39.2835,245443,0,0,0,14-3-29 6:55:46,0
G6X2PU12LB,117.14,39.2835,245443,0,0,0,14-3-29 6:57:46,0
G6X2PU12LB,117.14,39.2835,245443,0,0,0,14-3-29 6:59:46,0
G6X2PU12LB,117.14,39.2835,245443,0,0,0,14-3-29 7:1:46,0
G6X2PU12LB,117.14,39.2835,245443,0,0,0,14-3-29 7:3:46,0
G6X2PU12LB,117.14,39.2835,245443,0,0,0,14-3-29 7:5:46,0
G6X2PU12LB,117.14,39.2835,245443,0,0,0,14-3-29 7:7:46,0
G6X2PU12LB,117.14,39.2835,245443,0,0,0,14-3-29 7:9:46,0
G6X2PU12LB,117.14,39.2835,245443,0,0,0,14-3-29 7:11:46,0
G6X2PU12LB,117.14,39.2835,245443,0,0,0,14-3-29 7:13:46,0
G6X2PU12LB,117.14,39.2835,245443,0,0,0,14-3-29 7:15:46,0
G6X2PU12LB,117.14,39.2835,245443,0,0,0,14-3-29 7:17:46,0
G6X2PU12LB,117.14,39.2835,245443,0,0,0,14-3-29 7:19:46,0
G6X2PU12LB,117.14,39.2835,245443,0,0,0,14-3-29 7:21:46,0
G6X2PU12LB,117.14,39.2835,245443,0,0,0,14-3-29 7:23:46,0
G6X2PU12LB,117.14,39.2835,245443,0,0,0,14-3-29 7:25:46,0
G6X2PU12LB,117.14,39.2835,245443,0,0,0,14-3-29 7:27:46,0
G6X2PU12LB,117.14,39.2835,245443,0,0,0,14-3-29 7:29:46,0
G6X2PU12LB,117.14,39.2835,245443,0,0,0,14-3-29 7:31:46,0
G6X2PU12LB,117.14,39.2835,245443,0,0,0,14-3-29 7:33:46,0
G6X2PU12LB,117.14,39.2835,245443,0,0,0,14-3-29 7:35:46,0
G6X2PU12LB,117.14,39.2835,245443,0,0,0,14-3-29 7:37:46,0
G6X2PU12LB,117.14,39.2835,245443,0,0,0,14-3-29 7:39:46,0
G6X2PU12LB,117.14,39.2835,245443,0,0,0,14-3-29 7:41:46,0
G6X2PU12LB,117.14,39.2835,245443,0,0,0,14-3-29 7:43:46,0
G6X2PU12LB,117.14,39.2835,245443,0,0,0,14-3-29 7:45:46,0
G6X2PU12LB,117.14,39.2835,245443,0,0,0,14-3-29 7:47:46,0
G6X2PU12LB,117.14,39.2835,245443,0,0,0,14-3-29 7:49:46,0
G6X2PU12LB,117.14,39.2835,245443,0,0,0,14-3-29 7:51:46,0
G6X2PU12LB,117.14,39.2835,245443,0,0,0,14-3-29 7:53:46,0
G6X2PU12LB,117.14,39.2835,245443,0,0,0,14-3-29 7:55:46,0
G6X2PU12LB,117.14,39.2835,245443,0,0,0,14-3-29 7:57:46,0
G6X2PU12LB,117.14,39.2835,245443,0,0,0,14-3-29 7:59:46,0
G6X2PU12LB,117.14,39.2835,245443,0,0,0,14-3-29 8:1:46,0
G6X2PU12LB,117.14,39.2835,245443,0,0,0,14-3-29 8:3:46,0
G6X2PU12LB,117.14,39.2835,245443,0,0,0,14-3-29 8:5:46,0
G6X2PU12LB,117.14,39.2835,245443,0,0,0,14-3-29 8:7:46,0
G6X2PU12LB,117.14,39.2835,245443,0,0,0,14-3-29 8:9:46,0
G6X2PU12LB,117.14,39.2835,245443,0,0,0,14-3-29 8:11:46,0
G6X2PU12LB,117.14,39.2835,245443,0,0,0,14-3-29 8:13:46,0
G6X2PU12LB,117.14,39.2835,245443,0,0,0,14-3-29 8:15:46,0
G6X2PU12LB,117.14,39.2835,245443,0,0,0,14-3-29 8:17:46,0
G6X2PU12LB,117.14,39.2835,245443,0,0,0,14-3-29 8:19:46,0
G6X2PU12LB,117.14,39.2835,245443,0,0,0,14-3-29 8:21:46,0
G6X2PU12LB,117.14,39.2835,245443,0,0,0,14-3-29 8:23:46,0
G6X2PU12LB,117.14,39.2835,245443,0,0,0,14-3-29 8:25:46,0
G6X2PU12LB,117.14,39.2835,245443,0,0,0,14-3-29 8:27:46,0
G6X2PU12LB,117.14,39.2835,245443,0,0,0,14-3-29 8:29:46,0
G6X2PU12LB,117.14,39.2835,245443,0,0,0,14-3-29 8:31:46,0
G6X2PU12LB,117.14,39.2835,245443,0,0,0,14-3-29 8:33:46,0
G6X2PU12LB,117.14,39.2835,245443,0,0,0,14-3-29 8:35:46,0
G6X2PU12LB,117.14,39.2835,245443,0,0,0,14-3-29 8:37:46,0
G6X2PU12LB,117.14,39.2835,245443,0,0,0,14-3-29 8:39:46,0
G6X2PU12LB,117.14,39.2835,245443,0,0,0,14-3-29 8:41:46,0
G6X2PU12LB,117.14,39.2835,245443,0,0,0,14-3-29 8:43:46,0
G6X2PU12LB,117.14,39.2835,245443,0,0,0,14-3-29 8:45:46,0
G6X2PU12LB,117.14,39.2835,245443,0,0,0,14-3-29 8:47:46,0
G6X2PU12LB,117.14,39.2835,245443,0,0,0,14-3-29 8:49:46,0
G6X2PU12LB,117.14,39.2835,245443,0,0,0,14-3-29 8:51:46,0
G6X2PU12LB,117.14,39.2835,245443,0,0,0,14-3-29 8:53:46,0
G6X2PU12LB,117.14,39.2835,245443,0,0,0,14-3-29 8:55:46,0
G6X2PU12LB,117.14,39.2835,245443,0,0,0,14-3-29 8:57:46,0
G6X2PU12LB,117.14,39.2835,245443,0,0,0,14-3-29 8:59:46,0
G6X2PU12LB,117.14,39.2835,245443,0,0,0,14-3-29 9:1:46,0
G6X2PU12LB,117.14,39.2835,245443,0,0,0,14-3-29 9:3:46,0
G6X2PU12LB,117.14,39.2835,245443,0,0,0,14-3-29 9:5:46,0
G6X2PU12LB,117.14,39.2835,245443,0,0,0,14-3-29 9:7:46,0
G6X2PU12LB,117.14,39.2835,245443,0,0,0,14-3-29 9:9:46,0
G6X2PU12LB,117.14,39.2835,245443,0,0,0,14-3-29 9:11:46,0
G6X2PU12LB,117.14,39.2835,245443,0,0,0,14-3-29 9:13:46,0
G6X2PU12LB,117.14,39.2835,245443,0,0,0,14-3-29 9:15:46,0
G6X2PU12LB,117.14,39.2835,245443,0,0,0,14-3-29 9:17:46,0
G6X2PU12LB,117.14,39.2835,245443,0,0,0,14-3-29 9:19:11,0
G6X2PU12LB,117.14,39.2835,245443,0,0,0,14-3-29 9:21:11,0
G6X2PU12LB,117.14,39.2835,245443,0,0,0,14-3-29 9:22:11,0
G6X2PU12LB,117.14,39.2835,245443,0,0,0,14-3-29 9:24:11,0
G6X2PU12LB,117.14,39.2835,245443,0,0,0,14-3-29 9:26:11,0
G6X2PU12LB,117.14,39.2835,245443,0,0,0,14-3-29 9:28:11,0
G6X2PU12LB,117.14,39.2835,245443,0,0,0,14-3-29 9:30:11,0
G6X2PU12LB,117.14,39.2835,245443,0,0,0,14-3-29 9:32:7,0
G6X2PU12LB,117.14,39.2835,245443,0,0,0,14-3-29 9:34:7,0
G6X2PU12LB,117.14,39.2835,245443,0,0,0,14-3-29 9:35:10,0
G6X2PU12LB,117.14,39.2835,245443,0,0,0,14-3-29 9:37:10,0
G6X2PU12LB,117.14,39.2835,245443,0,0,0,14-3-29 9:39:10,0
G6X2PU12LB,117.14,39.2835,245443,0,0,0,14-3-29 9:41:10,0
G6X2PU12LB,117.14,39.2835,245443,0,0,0,14-3-29 9:43:10,0
G6X2PU12LB,117.14,39.2835,245443,0,0,0,14-3-29 9:43:22,0
G6X2PU12LB,117.14,39.2835,245443,0,0,0,14-3-29 9:45:22,0
G6X2PU12LB,117.14,39.2835,245443,0,0,0,14-3-29 9:46:22,0
G6X2PU12LB,117.14,39.2835,245443,0,0,0,14-3-29 9:48:22,0
G6X2PU12LB,117.14,39.2835,245443,0,0,0,14-3-29 9:50:25,0
G6X2PU12LB,117.14,39.2835,245443,0,0,0,14-3-29 9:53:0,0
G6X2PU12LB,117.14,39.2835,245443,0,0,0,14-3-29 9:53:25,0
G6X2PU12LB,117.14,39.2835,245443,0,0,0,14-3-29 9:55:25,0
G6X2PU12LB,117.14,39.2835,245443,0,0,0,14-3-29 9:57:25,0
G6X2PU12LB,117.14,39.2835,245443,0,0,0,14-3-29 9:59:25,0
G6X2PU12LB,117.14,39.2835,245443,0,0,0,14-3-29 10:1:25,0
G6X2PU12LB,117.14,39.2835,245443,0,0,0,14-3-29 10:3:25,0
G6X2PU12LB,117.14,39.2835,245443,0,0,0,14-3-29 10:5:25,0
G6X2PU12LB,117.14,39.2835,245443,0,0,0,14-3-29 10:5:26,0
G6X2PU12LB,117.14,39.2835,245443,0,0,0,14-3-29 10:7:26,0
G6X2PU12LB,117.14,39.2835,245443,0,0,0,14-3-29 10:9:27,0
G6X2PU12LB,117.14,39.2835,245443,0,0,0,14-3-29 10:11:27,0
G6X2PU12LB,117.14,39.2835,245443,0,0,0,14-3-29 10:11:45,0
G6X2PU12LB,117.14,39.2835,245443,0,0,0,14-3-29 10:12:41,0
G6X2PU12LB,117.14,39.2835,245443,0,0,0,14-3-29 10:14:45,0
G6X2PU12LB,117.14,39.2835,245443,0,0,0,14-3-29 10:16:45,0
G6X2PU12LB,117.14,39.2835,245443,0,0,0,14-3-29 10:18:45,0
G6X2PU12LB,117.14,39.2835,245443,0,0,0,14-3-29 10:19:16,0
G6X2PU12LB,117.14,39.2835,245443,0,0,0,14-3-29 10:21:16,0
G6X2PU12LB,117.14,39.2835,245443,0,0,0,14-3-29 10:23:16,0
G6X2PU12LB,117.14,39.2835,245443,0,0,0,14-3-29 10:23:35,0
G6X2PU12LB,117.14,39.2835,245443,0,0,0,14-3-29 10:25:35,0
G6X2PU12LB,117.14,39.2835,245443,0,0,0,14-3-29 10:27:35,0
G6X2PU12LB,117.14,39.2835,245443,0,0,0,14-3-29 10:29:35,0
G6X2PU12LB,117.14,39.2835,245443,0,0,0,14-3-29 10:31:35,0
G6X2PU12LB,117.14,39.2835,245443,0,0,0,14-3-29 10:33:35,0
G6X2PU12LB,117.14,39.2835,245443,0,0,0,14-3-29 10:35:35,0
G6X2PU12LB,117.14,39.2835,245443,0,0,0,14-3-29 10:37:35,0
G6X2PU12LB,117.14,39.2835,245443,0,0,0,14-3-29 10:39:35,0
G6X2PU12LB,117.14,39.2835,245443,0,0,0,14-3-29 10:41:35,0
G6X2PU12LB,117.14,39.2835,245443,0,0,0,14-3-29 10:43:35,0
G6X2PU12LB,117.14,39.2835,245443,0,0,0,14-3-29 10:45:35,0
G6X2PU12LB,117.14,39.2835,245443,0,0,0,14-3-29 10:47:35,0
G6X2PU12LB,117.14,39.2835,245443,0,0,0,14-3-29 10:49:35,0
G6X2PU12LB,117.14,39.2835,245443,0,0,0,14-3-29 10:51:35,0
G6X2PU12LB,117.14,39.2835,245443,0,0,0,14-3-29 10:53:35,0
G6X2PU12LB,117.14,39.2835,245443,0,0,0,14-3-29 10:55:35,0
G6X2PU12LB,117.14,39.2835,245443,0,0,0,14-3-29 10:57:35,0
G6X2PU12LB,117.14,39.2835,245443,0,0,0,14-3-29 10:59:35,0
G6X2PU12LB,117.14,39.2835,245443,0,0,0,14-3-29 11:1:35,0
G6X2PU12LB,117.14,39.2835,245443,0,0,0,14-3-29 11:3:35,0
G6X2PU12LB,117.14,39.2835,245443,0,0,0,14-3-29 11:5:35,0
G6X2PU12LB,117.14,39.2835,245443,0,0,0,14-3-29 11:7:35,0
G6X2PU12LB,117.14,39.2835,245443,0,0,0,14-3-29 11:9:35,0
G6X2PU12LB,117.14,39.2835,245443,0,0,0,14-3-29 11:11:35,0
G6X2PU12LB,117.14,39.2835,245443,0,0,0,14-3-29 11:13:35,0
G6X2PU12LB,117.14,39.2835,245443,0,0,0,14-3-29 11:15:35,0
G6X2PU12LB,117.14,39.2835,245443,0,0,0,14-3-29 11:17:35,0
G6X2PU12LB,117.14,39.2835,245443,0,0,0,14-3-29 11:19:35,0
G6X2PU12LB,117.14,39.2835,245443,0,0,0,14-3-29 11:21:35,0
G6X2PU12LB,117.14,39.2835,245443,0,0,0,14-3-29 11:23:35,0
G6X2PU12LB,117.14,39.2835,245443,0,0,0,14-3-29 11:25:35,0
G6X2PU12LB,117.14,39.2835,245443,0,0,0,14-3-29 11:27:35,0
G6X2PU12LB,117.14,39.2835,245443,0,0,0,14-3-29 11:29:16,0
G6X2PU12LB,117.14,39.2835,245443,0,0,0,14-3-29 11:31:16,0
G6X2PU12LB,117.14,39.2835,245443,0,0,0,14-3-29 11:32:16,0
G6X2PU12LB,117.14,39.2835,245443,0,0,0,14-3-29 11:34:16,0
G6X2PU12LB,117.14,39.2835,245443,0,0,0,14-3-29 11:34:37,0
G6X2PU12LB,117.14,39.2835,245443,0,0,0,14-3-29 11:34:39,0
G6X2PU12LB,117.14,39.2835,245443,0,0,0,14-3-29 11:36:39,0
G6X2PU12LB,117.14,39.2835,245443,0,0,0,14-3-29 11:37:39,0
G6X2PU12LB,117.14,39.2835,245443,0,0,0,14-3-29 11:39:39,0
G6X2PU12LB,117.14,39.2835,245443,0,0,0,14-3-29 11:41:39,0
G6X2PU12LB,117.14,39.2835,245443,0,0,0,14-3-29 11:43:39,0
G6X2PU12LB,117.14,39.2835,245443,0,0,0,14-3-29 11:45:39,0
G6X2PU12LB,117.14,39.2835,245443,0,0,0,14-3-29 11:47:39,0
G6X2PU12LB,117.14,39.2835,245443,0,0,0,14-3-29 11:49:39,0
G6X2PU12LB,117.14,39.2835,245443,0,0,0,14-3-29 11:51:39,0
G6X2PU12LB,117.14,39.2835,245443,0,0,0,14-3-29 11:53:39,0
G6X2PU12LB,117.14,39.2835,245443,0,0,0,14-3-29 11:55:39,0
G6X2PU12LB,117.14,39.2835,245443,0,0,0,14-3-29 11:57:39,0
G6X2PU12LB,117.14,39.2835,245443,0,0,0,14-3-29 11:59:39,0
G6X2PU12LB,117.14,39.2835,245443,0,0,0,14-3-29 12:1:39,0
G6X2PU12LB,117.14,39.2835,245443,0,0,0,14-3-29 12:3:39,0
G6X2PU12LB,117.14,39.2835,245443,0,0,0,14-3-29 12:5:39,0
G6X2PU12LB,117.14,39.2835,245443,0,0,0,14-3-29 12:7:39,0
G6X2PU12LB,117.14,39.2835,245443,0,0,0,14-3-29 12:9:39,0
G6X2PU12LB,117.14,39.2835,245443,0,0,0,14-3-29 12:11:39,0
G6X2PU12LB,117.14,39.2835,245443,0,0,0,14-3-29 12:13:39,0
G6X2PU12LB,117.14,39.2835,245443,0,0,0,14-3-29 12:15:39,0
G6X2PU12LB,117.14,39.2835,245443,0,0,0,14-3-29 12:17:39,0
G6X2PU12LB,117.14,39.2835,245443,0,0,0,14-3-29 12:19:39,0
G6X2PU12LB,117.14,39.2835,245443,0,0,0,14-3-29 12:21:39,0
G6X2PU12LB,117.14,39.2835,245443,0,0,0,14-3-29 12:23:39,0
G6X2PU12LB,117.14,39.2835,245443,0,0,0,14-3-29 12:25:47,0
G6X2PU12LB,117.14,39.2835,245443,0,0,0,14-3-29 12:27:47,0
G6X2PU12LB,117.14,39.2835,245443,0,0,0,14-3-29 12:29:47,0
G6X2PU12LB,117.14,39.2835,245443,0,0,0,14-3-29 12:31:47,0
G6X2PU12LB,117.14,39.2835,245443,0,0,0,14-3-29 12:33:47,0
G6X2PU12LB,117.14,39.2835,245443,0,0,0,14-3-29 12:35:47,0
G6X2PU12LB,117.14,39.2835,245443,0,0,0,14-3-29 12:37:47,0
G6X2PU12LB,117.14,39.2835,245443,0,0,0,14-3-29 12:39:47,0
G6X2PU12LB,117.14,39.2835,245443,0,0,0,14-3-29 12:41:47,0
G6X2PU12LB,117.14,39.2835,245443,0,0,0,14-3-29 12:43:47,0
G6X2PU12LB,117.14,39.2835,245443,0,0,0,14-3-29 12:44:31,0
G6X2PU12LB,117.14,39.2835,245443,0,0,0,14-3-29 12:46:31,0
G6X2PU12LB,117.14,39.2835,245443,0,0,0,14-3-29 12:47:31,0
G6X2PU12LB,117.14,39.2835,245443,0,0,0,14-3-29 12:49:31,0
G6X2PU12LB,117.14,39.2835,245443,0,0,0,14-3-29 12:51:31,0
G6X2PU12LB,117.14,39.2835,245443,0,0,0,14-3-29 12:53:31,0
G6X2PU12LB,117.14,39.2835,245443,0,0,0,14-3-29 12:55:31,0
G6X2PU12LB,117.14,39.2835,245443,0,0,0,14-3-29 12:57:31,0
G6X2PU12LB,117.14,39.2835,245443,0,0,0,14-3-29 12:59:31,0
G6X2PU12LB,117.14,39.2835,245443,0,0,0,14-3-29 13:1:31,0
G6X2PU12LB,117.14,39.2835,245443,0,0,0,14-3-29 13:3:31,0
G6X2PU12LB,117.14,39.2835,245443,0,0,0,14-3-29 13:4:37,0
G6X2PU12LB,117.14,39.2835,245443,0,0,0,14-3-29 13:4:41,0
G6X2PU12LB,117.14,39.2835,245443,0,0,0,14-3-29 13:6:41,0
G6X2PU12LB,117.14,39.2835,245443,0,0,0,14-3-29 13:7:41,0
G6X2PU12LB,117.14,39.2835,245443,0,0,0,14-3-29 13:9:41,0
G6X2PU12LB,117.14,39.2835,245443,0,0,0,14-3-29 13:11:41,0
G6X2PU12LB,117.14,39.2835,245443,0,0,0,14-3-29 13:15:59,0
G6X2PU12LB,117.14,39.2835,245443,0,0,0,14-3-29 13:17:59,0
G6X2PU12LB,117.14,39.2835,245443,0,0,0,14-3-29 13:19:59,0
G6X2PU12LB,117.14,39.2835,245443,0,0,0,14-3-29 13:21:59,0
G6X2PU12LB,117.14,39.2835,245443,0,0,0,14-3-29 13:23:59,0
G6X2PU12LB,117.14,39.2835,245443,0,0,0,14-3-29 13:25:59,0
G6X2PU12LB,117.14,39.2835,245443,0,0,0,14-3-29 13:27:59,0
G6X2PU12LB,117.14,39.2835,245443,0,0,0,14-3-29 13:29:59,0
G6X2PU12LB,117.14,39.2835,245443,0,0,0,14-3-29 13:31:59,0
G6X2PU12LB,117.093,39.3076,245443,5,64,0,14-3-29 13:33:29,1
G6X2PU12LB,117.093,39.3071,245443,0,0,0,14-3-29 13:35:29,1
G6X2PU12LB,117.093,39.3068,245443,0,0,0,14-3-29 13:37:29,1
G6X2PU12LB,117.094,39.3059,245445,25,68,0,14-3-29 13:38:58,1
G6X2PU12LB,117.095,39.3055,245445,35,69,0,14-3-29 13:39:5,1
G6X2PU12LB,117.096,39.3045,245447,38,84,0,14-3-29 13:39:18,1
G6X2PU12LB,117.095,39.3029,245449,40,112,0,14-3-29 13:39:35,1
G6X2PU12LB,117.093,39.3019,245451,55,120,0,14-3-29 13:39:50,1
G6X2PU12LB,117.089,39.3004,245455,75,121,0,14-3-29 13:40:10,1
G6X2PU12LB,117.087,39.2996,245457,77,121,0,14-3-29 13:40:19,1
G6X2PU12LB,117.085,39.2988,245459,83,121,0,14-3-29 13:40:27,1
G6X2PU12LB,117.081,39.2972,245463,86,121,0,14-3-29 13:40:44,1
G6X2PU12LB,117.079,39.2964,245465,86,123,0,14-3-29 13:40:52,1
G6X2PU12LB,117.077,39.2958,245467,79,123,0,14-3-29 13:41:0,1
G6X2PU12LB,117.07,39.2942,245473,81,128,0,14-3-29 13:41:26,1
G6X2PU12LB,117.068,39.2939,245475,81,128,0,14-3-29 13:41:34,1
G6X2PU12LB,117.057,39.293,245485,81,134,0,14-3-29 13:42:17,1
G6X2PU12LB,117.055,39.2929,245487,79,133,0,14-3-29 13:42:26,1
G6X2PU12LB,117.053,39.2927,245489,79,132,0,14-3-29 13:42:34,1
G6X2PU12LB,117.05,39.2927,245491,79,132,0,14-3-29 13:42:43,1
G6X2PU12LB,117.046,39.2924,245495,81,133,0,14-3-29 13:43:0,1
G6X2PU12LB,117.028,39.2902,245511,68,128,0,14-3-29 13:44:29,1
G6X2PU12LB,117.026,39.2898,245513,77,127,0,14-3-29 13:44:38,1
G6X2PU12LB,117.022,39.2888,245517,79,127,0,14-3-29 13:44:55,1
G6X2PU12LB,117.02,39.2884,245519,77,127,0,14-3-29 13:45:4,1
G6X2PU12LB,117.004,39.2852,245533,81,127,0,14-3-29 13:46:4,1
G6X2PU12LB,117,39.2843,245537,81,127,0,14-3-29 13:46:21,1
G6X2PU12LB,116.996,39.2833,245541,75,125,0,14-3-29 13:46:39,1
G6X2PU12LB,116.994,39.2828,245543,79,124,0,14-3-29 13:46:47,1
G6X2PU12LB,116.987,39.2807,245549,77,123,0,14-3-29 13:47:14,1
G6X2PU12LB,116.985,39.28,245551,77,123,0,14-3-29 13:47:22,1
G6X2PU12LB,116.983,39.2792,245553,83,122,0,14-3-29 13:47:31,1
G6X2PU12LB,116.979,39.2779,245557,79,122,0,14-3-29 13:47:47,1
G6X2PU12LB,116.977,39.2773,245559,77,124,0,14-3-29 13:47:56,1
G6X2PU12LB,116.975,39.2768,245561,77,127,0,14-3-29 13:48:5,1
G6X2PU12LB,116.971,39.2762,245565,85,131,0,14-3-29 13:48:21,1
G6X2PU12LB,116.969,39.276,245567,85,132,0,14-3-29 13:48:29,1
G6X2PU12LB,116.964,39.2758,245569,86,133,0,14-3-29 13:48:44,1
G6X2PU12LB,116.962,39.2758,245571,77,133,0,14-3-29 13:48:52,1
G6X2PU12LB,116.96,39.2757,245573,70,133,0,14-3-29 13:49:1,1
G6X2PU12LB,116.958,39.2756,245575,64,133,0,14-3-29 13:49:12,1
G6X2PU12LB,116.956,39.2756,245577,66,135,0,14-3-29 13:49:22,1
G6X2PU12LB,116.954,39.2756,245579,61,133,0,14-3-29 13:49:33,1
G6X2PU12LB,116.952,39.2755,245581,61,133,0,14-3-29 13:49:44,1
G6X2PU12LB,116.945,39.2753,245587,68,134,0,14-3-29 13:50:17,1
G6X2PU12LB,116.943,39.2752,245589,64,134,0,14-3-29 13:50:27,1
G6X2PU12LB,116.94,39.2752,245591,59,134,0,14-3-29 13:50:38,1
G6X2PU12LB,116.938,39.2752,245593,53,135,0,14-3-29 13:50:50,1
G6X2PU12LB,116.936,39.2756,245595,51,143,0,14-3-29 13:51:4,1
G6X2PU12LB,116.934,39.2762,245597,46,142,0,14-3-29 13:51:18,1
G6X2PU12LB,116.931,39.2758,245599,49,122,0,14-3-29 13:51:33,1
G6X2PU12LB,116.93,39.2742,245601,53,99,0,14-3-29 13:51:48,1
G6X2PU12LB,116.93,39.2725,245603,53,88,0,14-3-29 13:52:0,1
G6X2PU12LB,116.93,39.2706,245605,53,95,0,14-3-29 13:52:13,1
G6X2PU12LB,116.929,39.269,245607,57,99,0,14-3-29 13:52:25,1
G6X2PU12LB,116.928,39.2673,245609,61,98,0,14-3-29 13:52:37,1
G6X2PU12LB,116.927,39.2636,245613,79,99,0,14-3-29 13:52:57,1
G6X2PU12LB,116.926,39.2625,245614,79,98,0,14-3-29 13:53:3,1
G6X2PU12LB,116.926,39.262,245614,79,98,0,14-3-29 13:53:5,1
G6X2PU12LB,116.925,39.2581,245619,68,95,0,14-3-29 13:53:27,1
G6X2PU12LB,116.924,39.2552,245620,75,95,0,14-3-29 13:53:43,1
G6X2PU12LB,116.924,39.2544,245621,0,0,0,14-3-29 13:53:49,0
G6X2PU12LB,116.924,39.2544,245621,0,0,0,14-3-29 13:55:49,0
G6X2PU12LB,116.918,39.2225,245621,81,96,0,14-3-29 13:56:31,1
G6X2PU12LB,116.918,39.2221,245622,85,96,0,14-3-29 13:56:33,1
G6X2PU12LB,116.917,39.2204,245669,81,97,0,14-3-29 13:56:42,1
G6X2PU12LB,116.917,39.2192,245671,0,0,0,14-3-29 13:56:53,0
G6X2PU12LB,116.917,39.2192,245671,0,0,0,14-3-29 13:58:53,0
G6X2PU12LB,116.917,39.2192,245671,0,0,0,14-3-29 14:0:30,0
G6X2PU12LB,116.917,39.2192,245671,0,0,0,14-3-29 14:0:34,0
G6X2PU12LB,116.917,39.2192,245671,0,0,0,14-3-29 14:2:34,0
G6X2PU12LB,116.911,39.1855,245671,1,0,0,14-3-29 14:3:10,1
G6X2PU12LB,116.911,39.1855,245691,5,90,0,14-3-29 14:3:25,1
G6X2PU12LB,116.911,39.1855,245692,0,0,0,14-3-29 14:3:34,0
G6X2PU12LB,116.911,39.1849,245692,11,81,0,14-3-29 14:3:41,1
G6X2PU12LB,116.911,39.1844,245692,5,83,0,14-3-29 14:3:56,1
G6X2PU12LB,116.911,39.1847,245692,0,0,0,14-3-29 14:4:27,0
G6X2PU12LB,116.911,39.184,245692,7,0,0,14-3-29 14:4:53,1
G6X2PU12LB,116.911,39.1842,245692,0,0,0,14-3-29 14:5:8,0
G6X2PU12LB,116.911,39.1841,245692,3,0,0,14-3-29 14:5:16,1
G6X2PU12LB,116.911,39.1842,245692,0,0,0,14-3-29 14:5:23,0
G6X2PU12LB,116.911,39.184,245692,1,0,0,14-3-29 14:5:35,1
G6X2PU12LB,116.911,39.1838,245693,0,0,0,14-3-29 14:7:21,0
G6X2PU12LB,116.911,39.1838,245693,0,0,0,14-3-29 14:8:25,0
G6X2PU12LB,116.911,39.184,245693,0,0,0,14-3-29 14:9:11,1
G6X2PU12LB,116.911,39.1838,245693,0,0,0,14-3-29 14:9:31,1
G6X2PU12LB,116.911,39.1838,245693,0,0,0,14-3-29 14:9:43,0
G6X2PU12LB,116.911,39.1837,245693,0,0,0,14-3-29 14:10:6,1
G6X2PU12LB,116.911,39.1837,245693,0,0,0,14-3-29 14:10:17,1
G6X2PU12LB,116.911,39.1838,245693,0,0,0,14-3-29 14:10:28,0
G6X2PU12LB,116.911,39.1837,245693,1,0,0,14-3-29 14:10:41,1
G6X2PU12LB,116.911,39.1836,245693,0,0,0,14-3-29 14:11:0,1
G6X2PU12LB,116.911,39.1837,245693,0,0,0,14-3-29 14:11:25,1
G6X2PU12LB,116.911,39.1836,245693,0,0,0,14-3-29 14:11:49,1
G6X2PU12LB,116.911,39.1836,245693,0,0,0,14-3-29 14:11:51,1
G6X2PU12LB,116.911,39.1836,245693,0,0,0,14-3-29 14:12:31,1
G6X2PU12LB,116.911,39.1836,245693,0,0,0,14-3-29 14:12:46,0
G6X2PU12LB,116.912,39.1843,245693,53,3,0,14-3-29 14:12:54,1
G6X2PU12LB,116.911,39.1836,245693,0,0,0,14-3-29 14:14:54,1
G6X2PU12LB,116.911,39.1836,245693,0,0,0,14-3-29 14:15:31,1
G6X2PU12LB,116.911,39.1837,245693,0,0,0,14-3-29 14:16:1,0
G6X2PU12LB,116.91,39.1842,245694,0,0,0,14-3-29 14:16:10,0
G6X2PU12LB,116.909,39.1847,245694,31,164,0,14-3-29 14:16:20,1
G6X2PU12LB,116.911,39.1838,245694,1,0,0,14-3-29 14:16:52,1
G6X2PU12LB,116.911,39.1836,245694,0,0,0,14-3-29 14:18:52,1
G6X2PU12LB,116.911,39.1838,245694,0,0,0,14-3-29 14:19:27,0
G6X2PU12LB,116.911,39.1836,245694,0,0,0,14-3-29 14:19:32,1
G6X2PU12LB,116.911,39.1836,245694,0,0,0,14-3-29 14:20:19,1
G6X2PU12LB,116.911,39.1834,245694,0,0,0,14-3-29 14:22:19,1
G6X2PU12LB,116.912,39.1836,245694,20,20,0,14-3-29 14:22:49,1
G6X2PU12LB,116.911,39.1836,245695,14,0,0,14-3-29 14:23:2,1
G6X2PU12LB,116.911,39.1834,245695,0,0,0,14-3-29 14:23:21,1
G6X2PU12LB,116.911,39.1834,245695,1,0,0,14-3-29 14:23:54,1
G6X2PU12LB,116.911,39.1834,245695,0,0,0,14-3-29 14:24:22,1
G6X2PU12LB,116.911,39.1834,245695,0,0,0,14-3-29 14:26:22,1
G6X2PU12LB,116.911,39.1833,245695,0,0,0,14-3-29 14:26:32,1
G6X2PU12LB,116.911,39.1834,245695,0,0,0,14-3-29 14:27:22,1
G6X2PU12LB,116.911,39.1834,245695,0,0,0,14-3-29 14:29:22,1
G6X2PU12LB,116.911,39.1833,245695,0,0,0,14-3-29 14:31:22,1
G6X2PU12LB,116.911,39.1833,245695,0,0,0,14-3-29 14:33:22,1
G6X2PU12LB,116.911,39.1834,245695,0,0,0,14-3-29 14:35:22,1
G6X2PU12LB,116.911,39.1834,245695,0,0,0,14-3-29 14:37:22,1
G6X2PU12LB,116.911,39.1834,245695,0,0,0,14-3-29 14:39:22,1
G6X2PU12LB,116.911,39.1834,245695,0,0,0,14-3-29 14:41:22,1
G6X2PU12LB,116.911,39.1833,245695,0,0,0,14-3-29 14:43:22,1
G6X2PU12LB,116.911,39.1834,245695,0,0,0,14-3-29 14:45:5,0
G6X2PU12LB,116.911,39.1834,245695,0,0,0,14-3-29 14:45:7,0
G6X2PU12LB,116.912,39.1835,245695,1,0,0,14-3-29 14:45:9,1
G6X2PU12LB,116.911,39.1834,245695,0,0,0,14-3-29 14:47:29,1
G6X2PU12LB,116.911,39.1834,245695,0,0,0,14-3-29 14:48:12,0
G6X2PU12LB,116.911,39.1838,245695,22,3,0,14-3-29 14:48:24,1
G6X2PU12LB,116.911,39.1835,245695,0,0,0,14-3-29 14:48:47,0
G6X2PU12LB,116.911,39.1835,245695,0,0,0,14-3-29 14:50:47,0
G6X2PU12LB,116.911,39.1835,245695,0,0,0,14-3-29 14:52:47,0
G6X2PU12LB,116.911,39.1835,245695,0,0,0,14-3-29 14:54:47,0
G6X2PU12LB,116.911,39.1835,245695,0,0,0,14-3-29 14:56:47,0
G6X2PU12LB,116.911,39.1835,245695,0,0,0,14-3-29 14:58:47,0
G6X2PU12LB,116.911,39.1827,245695,18,86,0,14-3-29 15:0:48,1
G6X2PU12LB,116.912,39.1833,245695,0,0,0,14-3-29 15:1:19,0
G6X2PU12LB,116.912,39.1828,245695,12,33,0,14-3-29 15:1:37,1
G6X2PU12LB,116.912,39.183,245696,3,0,0,14-3-29 15:1:57,1
G6X2PU12LB,116.912,39.1829,245696,5,0,0,14-3-29 15:2:10,1
G6X2PU12LB,116.912,39.1833,245696,3,0,0,14-3-29 15:2:21,1
G6X2PU12LB,116.911,39.1832,245696,0,0,0,14-3-29 15:2:38,0
G6X2PU12LB,116.911,39.1833,245696,3,0,0,14-3-29 15:4:5,1
G6X2PU12LB,116.911,39.1834,245696,0,0,0,14-3-29 15:4:23,0
G6X2PU12LB,116.911,39.1834,245696,0,0,0,14-3-29 15:6:23,0
G6X2PU12LB,116.911,39.1834,245696,0,0,0,14-3-29 15:8:23,0
G6X2PU12LB,116.911,39.1834,245696,0,0,0,14-3-29 15:10:23,0
G6X2PU12LB,116.911,39.1837,245696,1,96,0,14-3-29 15:12:11,1
G6X2PU12LB,116.911,39.1834,245696,0,0,0,14-3-29 15:12:18,0
G6X2PU12LB,116.911,39.1833,245696,0,0,0,14-3-29 15:12:42,1
G6X2PU12LB,116.911,39.1834,245696,0,0,0,14-3-29 15:13:12,1
G6X2PU12LB,116.911,39.1834,245696,0,0,0,14-3-29 15:13:32,0
G6X2PU12LB,116.911,39.1835,245696,1,0,0,14-3-29 15:13:39,1
G6X2PU12LB,116.911,39.1834,245696,0,0,0,14-3-29 15:13:56,0
G6X2PU12LB,116.911,39.1832,245696,0,0,0,14-3-29 15:14:22,1
G6X2PU12LB,116.911,39.1834,245696,0,0,0,14-3-29 15:15:13,1
G6X2PU12LB,116.911,39.1834,245696,0,0,0,14-3-29 15:17:13,1
G6X2PU12LB,116.911,39.1833,245696,0,0,0,14-3-29 15:18:13,1
G6X2PU12LB,116.911,39.1834,245696,0,0,0,14-3-29 15:20:13,1
G6X2PU12LB,116.911,39.1833,245696,0,0,0,14-3-29 15:22:13,1
G6X2PU12LB,116.911,39.1833,245696,0,0,0,14-3-29 15:24:13,1
G6X2PU12LB,116.911,39.1833,245696,0,0,0,14-3-29 15:26:13,1
G6X2PU12LB,116.911,39.1833,245696,0,0,0,14-3-29 15:28:13,1
G6X2PU12LB,116.911,39.1833,245696,0,0,0,14-3-29 15:30:13,1
G6X2PU12LB,116.911,39.1833,245696,0,0,0,14-3-29 15:32:13,1
G6X2PU12LB,116.911,39.1833,245696,0,0,0,14-3-29 15:34:13,1
G6X2PU12LB,116.911,39.1833,245696,0,0,0,14-3-29 15:36:13,1
G6X2PU12LB,116.911,39.1833,245696,0,0,0,14-3-29 15:38:13,1
G6X2PU12LB,116.911,39.1833,245696,0,0,0,14-3-29 15:40:13,1
G6X2PU12LB,116.911,39.1833,245696,0,0,0,14-3-29 15:42:13,1
G6X2PU12LB,116.911,39.1833,245696,0,0,0,14-3-29 15:44:13,1
G6X2PU12LB,116.912,39.1825,245697,0,0,0,14-3-29 15:46:13,1
G6X2PU12LB,116.912,39.1821,245697,0,85,0,14-3-29 15:48:13,1
G6X2PU12LB,116.912,39.182,245697,3,84,0,14-3-29 15:48:59,1
G6X2PU12LB,116.912,39.1814,245698,0,0,0,14-3-29 15:50:59,1
G6X2PU12LB,116.912,39.1805,245699,16,86,0,14-3-29 15:52:59,1
G6X2PU12LB,116.912,39.18,245699,18,90,0,14-3-29 15:53:10,1
G6X2PU12LB,116.912,39.1799,245699,18,90,0,14-3-29 15:53:11,1
G6X2PU12LB,116.911,39.1782,245701,35,100,0,14-3-29 15:53:38,1
G6X2PU12LB,116.911,39.1766,245703,29,100,0,14-3-29 15:54:0,1
G6X2PU12LB,116.909,39.175,245705,9,118,0,14-3-29 15:54:53,1
G6X2PU12LB,116.907,39.1742,245707,24,122,0,14-3-29 15:55:30,1
G6X2PU12LB,116.905,39.1735,245709,20,125,0,14-3-29 15:55:59,1
G6X2PU12LB,116.903,39.1728,245711,25,118,0,14-3-29 15:56:29,1
G6X2PU12LB,116.901,39.1719,245713,46,122,0,14-3-29 15:56:50,1
G6X2PU12LB,116.899,39.1712,245715,59,123,0,14-3-29 15:57:3,1
G6X2PU12LB,116.897,39.1705,245718,59,123,0,14-3-29 15:57:15,1
G6X2PU12LB,116.892,39.1692,245722,72,123,0,14-3-29 15:57:36,1
G6X2PU12LB,116.89,39.1686,245724,77,123,0,14-3-29 15:57:45,1
G6X2PU12LB,116.888,39.1679,245726,79,125,0,14-3-29 15:57:54,1
G6X2PU12LB,116.884,39.1666,245730,79,122,0,14-3-29 15:58:11,1
G6X2PU12LB,116.882,39.1658,245732,77,122,0,14-3-29 15:58:20,1
G6X2PU12LB,116.88,39.1651,245733,77,121,0,14-3-29 15:58:28,1
G6X2PU12LB,116.866,39.1584,245748,77,121,0,14-3-29 15:59:36,1
G6X2PU12LB,116.861,39.1566,245753,77,122,0,14-3-29 15:59:59,1
G6X2PU12LB,116.86,39.1562,245754,75,122,0,14-3-29 16:0:3,1
G6X2PU12LB,116.856,39.1547,245758,72,122,0,14-3-29 16:0:22,1
G6X2PU12LB,116.854,39.1541,245759,64,123,0,14-3-29 16:0:31,1
G6X2PU12LB,116.852,39.1534,245762,24,124,0,14-3-29 16:0:48,1
G6X2PU12LB,116.851,39.1531,245762,3,120,0,14-3-29 16:2:48,1
G6X2PU12LB,116.851,39.153,245762,0,0,0,14-3-29 16:3:55,1
G6X2PU12LB,116.85,39.1528,245763,0,0,0,14-3-29 16:5:56,1
G6X2PU12LB,116.85,39.1527,245763,0,0,0,14-3-29 16:7:56,1
G6X2PU12LB,116.849,39.1522,245764,33,117,0,14-3-29 16:8:25,1
G6X2PU12LB,116.848,39.1516,245765,46,118,0,14-3-29 16:8:35,1
G6X2PU12LB,116.847,39.1512,245766,46,119,0,14-3-29 16:8:41,1
G6X2PU12LB,116.845,39.1503,245768,53,118,0,14-3-29 16:8:55,1
G6X2PU12LB,116.843,39.1493,245770,61,117,0,14-3-29 16:9:7,1
G6X2PU12LB,116.842,39.1482,245772,66,116,0,14-3-29 16:9:18,1
G6X2PU12LB,116.84,39.1472,245773,72,115,0,14-3-29 16:9:27,1
G6X2PU12LB,116.836,39.1449,245778,79,113,0,14-3-29 16:9:45,1
G6X2PU12LB,116.835,39.1437,245780,83,113,0,14-3-29 16:9:54,1
G6X2PU12LB,116.831,39.1414,245784,83,115,0,14-3-29 16:10:10,1
G6X2PU12LB,116.83,39.1403,245786,83,116,0,14-3-29 16:10:18,1
G6X2PU12LB,116.828,39.1392,245788,81,117,0,14-3-29 16:10:27,1
G6X2PU12LB,116.824,39.1373,245792,81,119,0,14-3-29 16:10:44,1
G6X2PU12LB,116.82,39.1357,245796,81,122,0,14-3-29 16:11:1,1
G6X2PU12LB,116.816,39.1345,245800,81,124,0,14-3-29 16:11:17,1
G6X2PU12LB,116.814,39.1338,245802,83,126,0,14-3-29 16:11:26,1
G6X2PU12LB,116.812,39.1334,245804,85,127,0,14-3-29 16:11:34,1
G6X2PU12LB,116.808,39.1326,245808,81,129,0,14-3-29 16:11:50,1
G6X2PU12LB,116.805,39.1323,245810,81,130,0,14-3-29 16:11:59,1
G6X2PU12LB,116.803,39.1321,245812,79,132,0,14-3-29 16:12:7,1
G6X2PU12LB,116.799,39.1319,245816,79,134,0,14-3-29 16:12:25,1
G6X2PU12LB,116.796,39.1319,245818,79,135,0,14-3-29 16:12:33,1
G6X2PU12LB,116.792,39.132,245822,81,136,0,14-3-29 16:12:50,1
G6X2PU12LB,116.787,39.1321,245826,81,135,0,14-3-29 16:13:7,1
G6X2PU12LB,116.783,39.1323,245830,81,135,0,14-3-29 16:13:24,1
G6X2PU12LB,116.781,39.1324,245832,83,135,0,14-3-29 16:13:32,1
G6X2PU12LB,116.779,39.1324,245833,83,136,0,14-3-29 16:13:40,1
G6X2PU12LB,116.774,39.1325,245838,83,136,0,14-3-29 16:13:57,1
G6X2PU12LB,116.767,39.1327,245844,83,135,0,14-3-29 16:14:22,1
G6X2PU12LB,116.765,39.1328,245846,83,135,0,14-3-29 16:14:30,1
G6X2PU12LB,116.763,39.1327,245847,81,134,0,14-3-29 16:14:38,1
G6X2PU12LB,116.759,39.1325,245852,81,132,0,14-3-29 16:14:55,1
G6X2PU12LB,116.756,39.1323,245854,81,131,0,14-3-29 16:15:4,1
G6X2PU12LB,116.754,39.132,245856,83,129,0,14-3-29 16:15:12,1
G6X2PU12LB,116.75,39.1313,245860,81,127,0,14-3-29 16:15:29,1
G6X2PU12LB,116.748,39.1308,245862,83,127,0,14-3-29 16:15:37,1
G6X2PU12LB,116.746,39.1304,245863,79,126,0,14-3-29 16:15:45,1
G6X2PU12LB,116.737,39.128,245872,81,124,0,14-3-29 16:16:19,1
G6X2PU12LB,116.733,39.1268,245876,81,124,0,14-3-29 16:16:36,1
G6X2PU12LB,116.731,39.1262,245878,81,125,0,14-3-29 16:16:44,1
G6X2PU12LB,116.727,39.125,245882,77,124,0,14-3-29 16:17:1,1
G6X2PU12LB,116.725,39.1246,245883,0,0,0,14-3-29 16:17:8,0
G6X2PU12LB,116.722,39.1237,245886,74,124,0,14-3-29 16:17:21,1
G6X2PU12LB,116.72,39.1232,245888,79,127,0,14-3-29 16:17:30,1
G6X2PU12LB,116.716,39.1222,245892,83,127,0,14-3-29 16:17:47,1
G6X2PU12LB,116.714,39.1218,245894,79,128,0,14-3-29 16:17:55,1
G6X2PU12LB,116.709,39.1212,245898,85,130,0,14-3-29 16:18:12,1
G6X2PU12LB,116.707,39.121,245900,85,131,0,14-3-29 16:18:20,1
G6X2PU12LB,116.705,39.1208,245902,85,133,0,14-3-29 16:18:28,1
G6X2PU12LB,116.701,39.1206,245905,81,132,0,14-3-29 16:18:44,1
G6X2PU12LB,116.698,39.1204,245908,77,132,0,14-3-29 16:18:53,1
G6X2PU12LB,116.696,39.1203,245910,75,132,0,14-3-29 16:19:2,1
G6X2PU12LB,116.692,39.1201,245914,79,132,0,14-3-29 16:19:19,1
G6X2PU12LB,116.689,39.1199,245916,83,132,0,14-3-29 16:19:28,1
G6X2PU12LB,116.687,39.1198,245918,83,132,0,14-3-29 16:19:36,1
G6X2PU12LB,116.683,39.1195,245921,81,132,0,14-3-29 16:19:52,1
G6X2PU12LB,116.68,39.1193,245924,79,131,0,14-3-29 16:20:1,1
G6X2PU12LB,116.676,39.1188,245928,83,129,0,14-3-29 16:20:17,1
G6X2PU12LB,116.674,39.1184,245930,83,128,0,14-3-29 16:20:26,1
G6X2PU12LB,116.672,39.118,245932,77,127,0,14-3-29 16:20:34,1
G6X2PU12LB,116.725,39.1246,245935,0,0,0,14-3-29 16:20:49,0
G6X2PU12LB,116.668,39.1171,245935,75,126,0,14-3-29 16:20:51,1
G6X2PU12LB,116.725,39.1246,245936,0,0,0,14-3-29 16:20:58,0
G6X2PU12LB,116.661,39.1149,245979,88,122,0,14-3-29 16:21:19,1
G6X2PU12LB,116.657,39.1134,245983,88,122,0,14-3-29 16:21:34,1
G6X2PU12LB,116.656,39.113,245984,0,0,0,14-3-29 16:21:39,0
G6X2PU12LB,116.646,39.1104,245985,83,126,0,14-3-29 16:22:19,1
G6X2PU12LB,116.644,39.1101,245986,0,0,0,14-3-29 16:22:27,0
G6X2PU12LB,116.642,39.1098,245987,0,0,0,14-3-29 16:22:36,0
G6X2PU12LB,116.637,39.1091,245987,0,0,0,14-3-29 16:22:54,0
G6X2PU12LB,116.637,39.1091,245987,0,0,0,14-3-29 16:24:39,0
G6X2PU12LB,116.637,39.1091,245987,0,0,0,14-3-29 16:26:40,0
G6X2PU12LB,116.548,39.0928,245989,75,132,0,14-3-29 16:28:39,1
G6X2PU12LB,116.547,39.0926,246056,0,0,0,14-3-29 16:28:48,0
G6X2PU12LB,116.547,39.0926,246057,0,0,0,14-3-29 16:28:56,0
G6X2PU12LB,116.547,39.0926,246057,0,0,0,14-3-29 16:30:56,0
G6X2PU12LB,116.497,39.0832,246058,0,0,0,14-3-29 16:32:3,0
G6X2PU12LB,116.497,39.0832,246058,0,0,0,14-3-29 16:34:3,0
G6X2PU12LB,116.497,39.0832,246058,0,0,0,14-3-29 16:36:3,0
G6X2PU12LB,116.497,39.0832,246058,0,0,0,14-3-29 16:38:3,0
G6X2PU12LB,116.372,39.0829,246166,77,144,0,14-3-29 16:40:3,1
G6X2PU12LB,116.372,39.0829,246166,0,0,0,14-3-29 16:40:4,0
G6X2PU12LB,116.372,39.0831,246166,79,144,0,14-3-29 16:40:5,1
G6X2PU12LB,116.365,39.0843,246172,79,140,0,14-3-29 16:40:31,1
G6X2PU12LB,116.363,39.0846,246174,75,140,0,14-3-29 16:40:39,1
G6X2PU12LB,116.372,39.0829,246175,0,0,0,14-3-29 16:40:43,0
G6X2PU12LB,116.372,39.0829,246175,0,0,0,14-3-29 16:42:43,0
G6X2PU12LB,116.372,39.0829,246175,0,0,0,14-3-29 16:43:28,0
G6X2PU12LB,116.283,39.0847,246232,77,148,0,14-3-29 16:45:43,1
G6X2PU12LB,116.27,39.0903,246246,62,149,0,14-3-29 16:46:47,1
G6X2PU12LB,116.274,39.0883,246248,0,0,0,14-3-29 16:47:0,0
G6X2PU12LB,116.266,39.0914,246248,77,145,0,14-3-29 16:47:1,1
G6X2PU12LB,116.26,39.0929,246254,79,141,0,14-3-29 16:47:24,1
G6X2PU12LB,116.258,39.0932,246256,81,139,0,14-3-29 16:47:33,1
G6X2PU12LB,116.253,39.0935,246260,83,137,0,14-3-29 16:47:49,1
G6X2PU12LB,116.251,39.0936,246262,83,135,0,14-3-29 16:47:58,1
G6X2PU12LB,116.247,39.0934,246266,81,133,0,14-3-29 16:48:14,1
G6X2PU12LB,116.244,39.0932,246267,83,132,0,14-3-29 16:48:26,1
G6X2PU12LB,116.241,39.0929,246268,85,130,0,14-3-29 16:48:35,1
G6X2PU12LB,116.239,39.0926,246270,0,0,0,14-3-29 16:48:45,0
G6X2PU12LB,116.237,39.0922,246270,0,0,0,14-3-29 16:48:51,0
G6X2PU12LB,116.22,39.089,246270,62,134,0,14-3-29 16:49:58,1
G6X2PU12LB,116.219,39.0887,246272,77,127,0,14-3-29 16:50:5,1
G6X2PU12LB,116.218,39.0885,246307,74,128,0,14-3-29 16:50:9,1
G6X2PU12LB,116.217,39.0884,246310,0,0,0,14-3-29 16:50:35,0
G6X2PU12LB,116.21,39.0872,246311,81,129,0,14-3-29 16:50:38,1
G6X2PU12LB,116.217,39.0884,246311,0,0,0,14-3-29 16:50:41,0
G6X2PU12LB,116.202,39.0864,246313,0,0,0,14-3-29 16:51:18,0
G6X2PU12LB,116.202,39.0864,246313,0,0,0,14-3-29 16:53:19,0
G6X2PU12LB,116.202,39.0864,246313,0,0,0,14-3-29 16:55:19,0
G6X2PU12LB,116.202,39.0864,246313,0,0,0,14-3-29 16:57:19,0
G6X2PU12LB,116.202,39.0864,246313,0,0,0,14-3-29 16:59:19,0
G6X2PU12LB,116.202,39.0864,246313,0,0,0,14-3-29 17:1:19,0
G6X2PU12LB,116.202,39.0864,246313,0,0,0,14-3-29 17:3:19,0
G6X2PU12LB,116.202,39.0864,246313,0,0,0,14-3-29 17:5:19,0
G6X2PU12LB,116.202,39.0864,246313,0,0,0,14-3-29 17:7:19,0
G6X2PU12LB,116.202,39.0864,246313,0,0,0,14-3-29 17:9:19,0
G6X2PU12LB,116.202,39.0864,246313,0,0,0,14-3-29 17:11:19,0
G6X2PU12LB,116.202,39.0864,246313,0,0,0,14-3-29 17:13:19,0
G6X2PU12LB,116.202,39.0864,246313,0,0,0,14-3-29 17:15:19,0
G6X2PU12LB,116.202,39.0864,246313,0,0,0,14-3-29 17:17:19,0
G6X2PU12LB,116.202,39.0864,246313,0,0,0,14-3-29 17:19:19,0
G6X2PU12LB,116.202,39.0864,246313,0,0,0,14-3-29 17:21:19,0
G6X2PU12LB,116.202,39.0864,246313,0,0,0,14-3-29 17:23:19,0
G6X2PU12LB,116.202,39.0864,246313,0,0,0,14-3-29 17:25:19,0
G6X2PU12LB,116.202,39.0864,246313,0,0,0,14-3-29 17:27:19,0
G6X2PU12LB,115.64,39.0595,246314,77,141,0,14-3-29 17:29:16,1
G6X2PU12LB,115.639,39.0596,246315,77,141,0,14-3-29 17:29:20,1
G6X2PU12LB,115.639,39.0596,246315,0,0,0,14-3-29 17:29:21,0
G6X2PU12LB,115.639,39.0596,246315,0,0,0,14-3-29 17:31:21,0
G6X2PU12LB,115.639,39.0596,246315,0,0,0,14-3-29 17:33:21,0
G6X2PU12LB,115.639,39.0596,246315,0,0,0,14-3-29 17:35:21,0
G6X2PU12LB,115.639,39.0596,246315,0,0,0,14-3-29 17:37:21,0
G6X2PU12LB,115.639,39.0596,246315,0,0,0,14-3-29 17:39:21,0
G6X2PU12LB,115.639,39.0596,246315,0,0,0,14-3-29 17:41:21,0
G6X2PU12LB,115.639,39.0596,246315,0,0,0,14-3-29 17:43:21,0
G6X2PU12LB,115.639,39.0596,246315,0,0,0,14-3-29 17:45:21,0
G6X2PU12LB,115.639,39.0596,246315,0,0,0,14-3-29 17:47:21,0
G6X2PU12LB,115.639,39.0596,246315,0,0,0,14-3-29 17:49:21,0
G6X2PU12LB,115.639,39.0596,246315,0,0,0,14-3-29 17:51:21,0
G6X2PU12LB,115.639,39.0596,246315,0,0,0,14-3-29 17:53:21,0
G6X2PU12LB,115.639,39.0596,246315,0,0,0,14-3-29 17:55:21,0
G6X2PU12LB,115.639,39.0596,246315,0,0,0,14-3-29 17:57:21,0
G6X2PU12LB,115.639,39.0596,246315,0,0,0,14-3-29 17:59:21,0
G6X2PU12LB,115.639,39.0596,246315,0,0,0,14-3-29 18:1:21,0
G6X2PU12LB,115.639,39.0596,246315,0,0,0,14-3-29 18:3:21,0
G6X2PU12LB,115.639,39.0596,246315,0,0,0,14-3-29 18:5:21,0
G6X2PU12LB,115.639,39.0596,246315,0,0,0,14-3-29 18:7:21,0
G6X2PU12LB,115.639,39.0596,246315,0,0,0,14-3-29 18:9:21,0
G6X2PU12LB,115.639,39.0596,246315,0,0,0,14-3-29 18:11:21,0
G6X2PU12LB,115.639,39.0596,246315,0,0,0,14-3-29 18:13:21,0
G6X2PU12LB,115.639,39.0596,246315,0,0,0,14-3-29 18:15:21,0
G6X2PU12LB,115.639,39.0596,246315,0,0,0,14-3-29 18:17:21,0
G6X2PU12LB,115.639,39.0596,246315,0,0,0,14-3-29 18:19:21,0
G6X2PU12LB,115.639,39.0596,246315,0,0,0,14-3-29 18:21:21,0
G6X2PU12LB,115.639,39.0596,246315,0,0,0,14-3-29 18:23:21,0
G6X2PU12LB,115.639,39.0596,246315,0,0,0,14-3-29 18:25:21,0
G6X2PU12LB,115.639,39.0596,246315,0,0,0,14-3-29 18:27:21,0
G6X2PU12LB,115.639,39.0596,246315,0,0,0,14-3-29 18:29:21,0
G6X2PU12LB,115.639,39.0596,246315,0,0,0,14-3-29 18:31:21,0
G6X2PU12LB,115.639,39.0596,246315,0,0,0,14-3-29 18:33:21,0
G6X2PU12LB,115.639,39.0596,246315,0,0,0,14-3-29 18:35:21,0
G6X2PU12LB,115.639,39.0596,246315,0,0,0,14-3-29 18:37:21,0
G6X2PU12LB,115.639,39.0596,246315,0,0,0,14-3-29 18:39:21,0
G6X2PU12LB,115.639,39.0596,246315,0,0,0,14-3-29 18:41:21,0
G6X2PU12LB,115.639,39.0596,246315,0,0,0,14-3-29 18:43:21,0
G6X2PU12LB,115.639,39.0596,246315,0,0,0,14-3-29 18:45:21,0
G6X2PU12LB,115.639,39.0596,246315,0,0,0,14-3-29 18:47:21,0
G6X2PU12LB,115.639,39.0596,246315,0,0,0,14-3-29 18:49:21,0
G6X2PU12LB,115.639,39.0596,246315,0,0,0,14-3-29 18:51:21,0
G6X2PU12LB,115.639,39.0596,246315,0,0,0,14-3-29 18:53:21,0
G6X2PU12LB,115.639,39.0596,246315,0,0,0,14-3-29 18:55:21,0
G6X2PU12LB,115.639,39.0596,246315,0,0,0,14-3-29 18:57:21,0
G6X2PU12LB,115.639,39.0596,246315,0,0,0,14-3-29 18:59:21,0
G6X2PU12LB,115.639,39.0596,246315,0,0,0,14-3-29 19:1:21,0
G6X2PU12LB,115.639,39.0596,246315,0,0,0,14-3-29 19:3:21,0
G6X2PU12LB,115.639,39.0596,246315,0,0,0,14-3-29 19:5:21,0
G6X2PU12LB,115.639,39.0596,246315,0,0,0,14-3-29 19:7:21,0
G6X2PU12LB,115.639,39.0596,246315,0,0,0,14-3-29 19:9:21,0
G6X2PU12LB,115.639,39.0596,246315,0,0,0,14-3-29 19:9:53,0
G6X2PU12LB,115.639,39.0596,246315,0,0,0,14-3-29 19:11:53,0
G6X2PU12LB,115.639,39.0596,246315,0,0,0,14-3-29 19:13:53,0
G6X2PU12LB,115.639,39.0596,246315,0,0,0,14-3-29 19:15:53,0
G6X2PU12LB,115.639,39.0596,246315,0,0,0,14-3-29 19:17:53,0
G6X2PU12LB,115.639,39.0596,246315,0,0,0,14-3-29 19:19:53,0
G6X2PU12LB,115.639,39.0596,246315,0,0,0,14-3-29 19:21:53,0
G6X2PU12LB,115.639,39.0596,246315,0,0,0,14-3-29 19:23:53,0
G6X2PU12LB,115.639,39.0596,246315,0,0,0,14-3-29 19:25:53,0
G6X2PU12LB,115.639,39.0596,246315,0,0,0,14-3-29 19:27:53,0
G6X2PU12LB,115.639,39.0596,246315,0,0,0,14-3-29 19:29:53,0
G6X2PU12LB,115.639,39.0596,246315,0,0,0,14-3-29 19:31:53,0
G6X2PU12LB,115.639,39.0596,246315,0,0,0,14-3-29 19:33:53,0
G6X2PU12LB,115.639,39.0596,246315,0,0,0,14-3-29 19:35:53,0
G6X2PU12LB,115.639,39.0596,246315,0,0,0,14-3-29 19:37:53,0
G6X2PU12LB,115.639,39.0596,246315,0,0,0,14-3-29 19:39:53,0
G6X2PU12LB,115.639,39.0596,246315,0,0,0,14-3-29 19:41:53,0
G6X2PU12LB,115.639,39.0596,246315,0,0,0,14-3-29 19:43:53,0
G6X2PU12LB,115.639,39.0596,246315,0,0,0,14-3-29 19:45:53,0
G6X2PU12LB,115.639,39.0596,246315,0,0,0,14-3-29 19:47:53,0
G6X2PU12LB,115.639,39.0596,246315,0,0,0,14-3-29 19:49:53,0
G6X2PU12LB,115.639,39.0596,246315,0,0,0,14-3-29 19:51:53,0
G6X2PU12LB,115.639,39.0596,246315,0,0,0,14-3-29 19:53:53,0
G6X2PU12LB,115.639,39.0596,246315,0,0,0,14-3-29 19:55:53,0
G6X2PU12LB,115.639,39.0596,246315,0,0,0,14-3-29 19:57:53,0
G6X2PU12LB,115.639,39.0596,246315,0,0,0,14-3-29 19:59:53,0
G6X2PU12LB,115.639,39.0596,246315,0,0,0,14-3-29 20:1:53,0
G6X2PU12LB,115.639,39.0596,246315,0,0,0,14-3-29 20:3:53,0
G6X2PU12LB,115.639,39.0596,246315,0,0,0,14-3-29 20:5:53,0
G6X2PU12LB,115.639,39.0596,246315,0,0,0,14-3-29 20:7:53,0
G6X2PU12LB,115.639,39.0596,246315,0,0,0,14-3-29 20:9:53,0
G6X2PU12LB,115.639,39.0596,246315,0,0,0,14-3-29 20:11:53,0
G6X2PU12LB,115.639,39.0596,246315,0,0,0,14-3-29 20:13:53,0
G6X2PU12LB,115.639,39.0596,246315,0,0,0,14-3-29 20:15:53,0
G6X2PU12LB,115.639,39.0596,246315,0,0,0,14-3-29 20:17:53,0
G6X2PU12LB,115.639,39.0596,246315,0,0,0,14-3-29 20:19:53,0
G6X2PU12LB,115.639,39.0596,246315,0,0,0,14-3-29 20:21:53,0
G6X2PU12LB,115.639,39.0596,246315,0,0,0,14-3-29 20:23:53,0
G6X2PU12LB,115.639,39.0596,246315,0,0,0,14-3-29 20:25:53,0
G6X2PU12LB,115.639,39.0596,246315,0,0,0,14-3-29 20:27:53,0
G6X2PU12LB,115.639,39.0596,246315,0,0,0,14-3-29 20:29:53,0
G6X2PU12LB,115.639,39.0596,246315,0,0,0,14-3-29 20:31:53,0
G6X2PU12LB,115.639,39.0596,246315,0,0,0,14-3-29 20:33:53,0
G6X2PU12LB,115.639,39.0596,246315,0,0,0,14-3-29 20:35:53,0
G6X2PU12LB,115.639,39.0596,246315,0,0,0,14-3-29 20:37:53,0
G6X2PU12LB,115.639,39.0596,246315,0,0,0,14-3-29 20:39:53,0
G6X2PU12LB,115.639,39.0596,246315,0,0,0,14-3-29 20:41:53,0
G6X2PU12LB,115.639,39.0596,246315,0,0,0,14-3-29 20:43:53,0
G6X2PU12LB,115.639,39.0596,246315,0,0,0,14-3-29 20:45:53,0
G6X2PU12LB,115.639,39.0596,246315,0,0,0,14-3-29 20:47:53,0
G6X2PU12LB,115.639,39.0596,246315,0,0,0,14-3-29 20:49:53,0
G6X2PU12LB,115.639,39.0596,246315,0,0,0,14-3-29 20:51:53,0
G6X2PU12LB,115.639,39.0596,246315,0,0,0,14-3-29 20:53:53,0
G6X2PU12LB,115.639,39.0596,246315,0,0,0,14-3-29 20:55:53,0
G6X2PU12LB,115.639,39.0596,246315,0,0,0,14-3-29 20:57:53,0
G6X2PU12LB,115.639,39.0596,246315,0,0,0,14-3-29 20:59:53,0
G6X2PU12LB,115.639,39.0596,246315,0,0,0,14-3-29 21:1:53,0
G6X2PU12LB,115.639,39.0596,246315,0,0,0,14-3-29 21:2:23,0
G6X2PU12LB,115.639,39.0596,246315,0,0,0,14-3-29 21:4:23,0
G6X2PU12LB,115.639,39.0596,246315,0,0,0,14-3-29 21:6:23,0
G6X2PU12LB,115.639,39.0596,246315,0,0,0,14-3-29 21:8:23,0
G6X2PU12LB,115.639,39.0596,246315,0,0,0,14-3-29 21:10:23,0
G6X2PU12LB,115.639,39.0596,246315,0,0,0,14-3-29 21:12:23,0
G6X2PU12LB,115.639,39.0596,246315,0,0,0,14-3-29 21:14:23,0
G6X2PU12LB,115.639,39.0596,246315,0,0,0,14-3-29 21:16:23,0
G6X2PU12LB,115.639,39.0596,246315,0,0,0,14-3-29 21:16:36,0
G6X2PU12LB,115.639,39.0596,246315,0,0,0,14-3-29 21:18:36,0
G6X2PU12LB,115.639,39.0596,246315,0,0,0,14-3-29 21:20:36,0
G6X2PU12LB,115.639,39.0596,246315,0,0,0,14-3-29 21:22:36,0
G6X2PU12LB,115.639,39.0596,246315,0,0,0,14-3-29 21:24:36,0
G6X2PU12LB,115.639,39.0596,246315,0,0,0,14-3-29 21:26:36,0
G6X2PU12LB,115.639,39.0596,246315,0,0,0,14-3-29 21:28:9,0
G6X2PU12LB,115.639,39.0596,246315,0,0,0,14-3-29 21:30:9,0
G6X2PU12LB,115.639,39.0596,246315,0,0,0,14-3-29 21:31:9,0
G6X2PU12LB,115.639,39.0596,246315,0,0,0,14-3-29 21:33:9,0
G6X2PU12LB,115.639,39.0596,246315,0,0,0,14-3-29 21:35:9,0
G6X2PU12LB,115.639,39.0596,246315,0,0,0,14-3-29 21:37:9,0
G6X2PU12LB,115.639,39.0596,246315,0,0,0,14-3-29 21:39:9,0
G6X2PU12LB,115.639,39.0596,246315,0,0,0,14-3-29 21:41:9,0
G6X2PU12LB,115.639,39.0596,246315,0,0,0,14-3-29 21:43:9,0
G6X2PU12LB,115.639,39.0596,246315,0,0,0,14-3-29 21:45:9,0
G6X2PU12LB,115.639,39.0596,246315,0,0,0,14-3-29 21:47:9,0
G6X2PU12LB,115.639,39.0596,246315,0,0,0,14-3-29 21:49:9,0
G6X2PU12LB,115.639,39.0596,246315,0,0,0,14-3-29 21:51:9,0
G6X2PU12LB,115.639,39.0596,246315,0,0,0,14-3-29 21:53:9,0
G6X2PU12LB,115.639,39.0596,246315,0,0,0,14-3-29 21:55:9,0
G6X2PU12LB,115.639,39.0596,246315,0,0,0,14-3-29 21:57:9,0
G6X2PU12LB,115.639,39.0596,246315,0,0,0,14-3-29 21:59:9,0
G6X2PU12LB,115.639,39.0596,246315,0,0,0,14-3-29 22:1:9,0
G6X2PU12LB,115.639,39.0596,246315,0,0,0,14-3-29 22:3:9,0
G6X2PU12LB,115.639,39.0596,246315,0,0,0,14-3-29 22:5:9,0
G6X2PU12LB,115.639,39.0596,246315,0,0,0,14-3-29 22:7:9,0
G6X2PU12LB,115.639,39.0596,246315,0,0,0,14-3-29 22:9:9,0
G6X2PU12LB,115.639,39.0596,246315,0,0,0,14-3-29 22:11:9,0
G6X2PU12LB,115.639,39.0596,246315,0,0,0,14-3-29 22:13:9,0
G6X2PU12LB,115.639,39.0596,246315,0,0,0,14-3-29 22:15:9,0
G6X2PU12LB,115.639,39.0596,246315,0,0,0,14-3-29 22:17:9,0
G6X2PU12LB,115.639,39.0596,246315,0,0,0,14-3-29 22:19:9,0
G6X2PU12LB,115.639,39.0596,246315,0,0,0,14-3-29 22:21:9,0
G6X2PU12LB,115.639,39.0596,246315,0,0,0,14-3-29 22:21:34,0
G6X2PU12LB,115.639,39.0596,246315,0,0,0,14-3-29 22:23:34,0
G6X2PU12LB,115.639,39.0596,246315,0,0,0,14-3-29 22:25:34,0
G6X2PU12LB,115.639,39.0596,246315,0,0,0,14-3-29 22:27:34,0
G6X2PU12LB,115.639,39.0596,246315,0,0,0,14-3-29 22:29:34,0
G6X2PU12LB,115.639,39.0596,246315,0,0,0,14-3-29 22:31:34,0
G6X2PU12LB,115.639,39.0596,246315,0,0,0,14-3-29 22:33:34,0
G6X2PU12LB,115.639,39.0596,246315,0,0,0,14-3-29 22:35:34,0
G6X2PU12LB,115.639,39.0596,246315,0,0,0,14-3-29 22:37:34,0
G6X2PU12LB,115.639,39.0596,246315,0,0,0,14-3-29 22:39:34,0
G6X2PU12LB,115.639,39.0596,246315,0,0,0,14-3-29 22:41:34,0
G6X2PU12LB,115.639,39.0596,246315,0,0,0,14-3-29 22:43:34,0
G6X2PU12LB,115.639,39.0596,246315,0,0,0,14-3-29 22:45:34,0
G6X2PU12LB,115.639,39.0596,246315,0,0,0,14-3-29 22:47:34,0
G6X2PU12LB,115.639,39.0596,246315,0,0,0,14-3-29 22:49:34,0
G6X2PU12LB,115.639,39.0596,246315,0,0,0,14-3-29 22:51:34,0
G6X2PU12LB,115.639,39.0596,246315,0,0,0,14-3-29 22:53:34,0
G6X2PU12LB,115.639,39.0596,246315,0,0,0,14-3-29 22:55:34,0
G6X2PU12LB,115.639,39.0596,246315,0,0,0,14-3-29 22:57:34,0
G6X2PU12LB,115.639,39.0596,246315,0,0,0,14-3-29 22:59:34,0
G6X2PU12LB,115.639,39.0596,246315,0,0,0,14-3-29 23:1:34,0
G6X2PU12LB,115.639,39.0596,246315,0,0,0,14-3-29 23:3:34,0
G6X2PU12LB,115.639,39.0596,246315,0,0,0,14-3-29 23:5:34,0
G6X2PU12LB,115.639,39.0596,246315,0,0,0,14-3-29 23:7:34,0
G6X2PU12LB,115.639,39.0596,246315,0,0,0,14-3-29 23:9:34,0
G6X2PU12LB,115.639,39.0596,246315,0,0,0,14-3-29 23:11:34,0
G6X2PU12LB,115.639,39.0596,246315,0,0,0,14-3-29 23:13:34,0
G6X2PU12LB,115.639,39.0596,246315,0,0,0,14-3-29 23:15:34,0
G6X2PU12LB,115.639,39.0596,246315,0,0,0,14-3-29 23:17:34,0
G6X2PU12LB,115.639,39.0596,246315,0,0,0,14-3-29 23:19:34,0
G6X2PU12LB,115.639,39.0596,246315,0,0,0,14-3-29 23:21:34,0
G6X2PU12LB,115.639,39.0596,246315,0,0,0,14-3-29 23:23:34,0
G6X2PU12LB,115.639,39.0596,246315,0,0,0,14-3-29 23:25:34,0
G6X2PU12LB,115.639,39.0596,246315,0,0,0,14-3-29 23:27:34,0
G6X2PU12LB,115.639,39.0596,246315,0,0,0,14-3-29 23:29:34,0
G6X2PU12LB,115.639,39.0596,246315,0,0,0,14-3-29 23:31:34,0
G6X2PU12LB,115.639,39.0596,246315,0,0,0,14-3-29 23:33:34,0
G6X2PU12LB,115.639,39.0596,246315,0,0,0,14-3-29 23:35:34,0
G6X2PU12LB,115.639,39.0596,246315,0,0,0,14-3-29 23:37:34,0
G6X2PU12LB,115.639,39.0596,246315,0,0,0,14-3-29 23:39:34,0
G6X2PU12LB,115.639,39.0596,246315,0,0,0,14-3-29 23:40:51,0
G6X2PU12LB,115.639,39.0596,246315,0,0,0,14-3-29 23:42:51,0
G6X2PU12LB,115.639,39.0596,246315,0,0,0,14-3-29 23:44:30,0
G6X2PU12LB,115.639,39.0596,246315,0,0,0,14-3-29 23:46:30,0
G6X2PU12LB,115.639,39.0596,246315,0,0,0,14-3-29 23:47:4,0
G6X2PU12LB,115.639,39.0596,246315,0,0,0,14-3-29 23:49:4,0
G6X2PU12LB,115.639,39.0596,246315,0,0,0,14-3-29 23:51:4,0
G6X2PU12LB,115.639,39.0596,246315,0,0,0,14-3-29 23:53:4,0
G6X2PU12LB,115.639,39.0596,246315,0,0,0,14-3-29 23:55:4,0
G6X2PU12LB,115.639,39.0596,246315,0,0,0,14-3-29 23:56:7,0
G6X2PU12LB,115.639,39.0596,246315,0,0,0,14-3-29 23:58:7,0
G6X2PU12LB,115.639,39.0596,246315,0,0,0,14-3-29 23:59:7,0
