G63I4PLXSU,106.305,29.2894,217193,48,175,0,14-3-28 0:2:48,1
G63I4PLXSU,106.305,29.3034,217209,64,170,0,14-3-28 0:4:18,1
G63I4PLXSU,106.296,29.315,217224,64,165,0,14-3-28 0:5:48,1
G63I4PLXSU,106.288,29.3309,217243,81,160,0,14-3-28 0:7:18,1
G63I4PLXSU,106.278,29.3466,217263,83,175,0,14-3-28 0:8:48,1
G63I4PLXSU,106.279,29.3632,217281,64,175,0,14-3-28 0:10:18,1
G63I4PLXSU,106.281,29.378,217297,68,5,0,14-3-28 0:11:48,1
G63I4PLXSU,106.286,29.3908,217312,55,5,0,14-3-28 0:13:18,1
G63I4PLXSU,106.29,29.4058,217328,75,5,0,14-3-28 0:14:48,1
G63I4PLXSU,106.293,29.4234,217348,75,0,0,14-3-28 0:16:18,1
G63I4PLXSU,106.297,29.4362,217362,27,5,0,14-3-28 0:17:48,1
G63I4PLXSU,106.299,29.4469,217374,53,0,0,14-3-28 0:19:18,1
G63I4PLXSU,106.301,29.4565,217384,48,175,0,14-3-28 0:20:48,1
G63I4PLXSU,106.296,29.471,217401,74,170,0,14-3-28 0:22:18,1
G63I4PLXSU,106.294,29.489,217420,81,175,0,14-3-28 0:23:48,1
G63I4PLXSU,106.291,29.5072,217440,79,170,0,14-3-28 0:25:18,1
G63I4PLXSU,106.286,29.5244,217459,75,170,0,14-3-28 0:26:48,1
G63I4PLXSU,106.284,29.5371,217473,33,175,0,14-3-28 0:28:18,1
G63I4PLXSU,106.284,29.5391,217475,0,170,0,14-3-28 0:31:18,1
G63I4PLXSU,106.284,29.5391,217475,0,170,0,14-3-28 0:34:18,1
G63I4PLXSU,106.284,29.5391,217475,0,170,0,14-3-28 0:37:18,1
G63I4PLXSU,106.284,29.5391,217475,0,170,0,14-3-28 0:40:19,1
G63I4PLXSU,106.284,29.5391,217475,0,170,0,14-3-28 0:43:19,1
G63I4PLXSU,106.283,29.5396,217476,5,165,0,14-3-28 0:44:49,1
G63I4PLXSU,106.283,29.5451,217481,53,175,0,14-3-28 0:46:19,1
G63I4PLXSU,106.281,29.5594,217496,66,175,0,14-3-28 0:47:48,1
G63I4PLXSU,106.277,29.5762,217515,79,170,0,14-3-28 0:49:19,1
G63I4PLXSU,106.275,29.5938,217534,77,5,0,14-3-28 0:50:48,1
G63I4PLXSU,106.283,29.6106,217554,77,10,0,14-3-28 0:52:19,1
G63I4PLXSU,106.293,29.6256,217572,74,15,0,14-3-28 0:53:48,1
G63I4PLXSU,106.301,29.6412,217591,81,15,0,14-3-28 0:55:19,1
G63I4PLXSU,106.312,29.6566,217611,77,5,0,14-3-28 0:56:49,1
G63I4PLXSU,106.318,29.6733,217630,62,5,0,14-3-28 0:58:19,1
G63I4PLXSU,106.312,29.6791,217640,40,145,0,14-3-28 0:59:49,1
G63I4PLXSU,106.303,29.6811,217649,0,135,0,14-3-28 1:1:18,0
G63I4PLXSU,106.291,29.6811,217663,44,130,0,14-3-28 1:2:49,1
G63I4PLXSU,106.277,29.6828,217676,64,135,0,14-3-28 1:4:19,1
G63I4PLXSU,106.261,29.6906,217693,59,155,0,14-3-28 1:5:48,1
G63I4PLXSU,106.249,29.7004,217709,79,150,0,14-3-28 1:7:19,1
G63I4PLXSU,106.235,29.7122,217727,79,160,0,14-3-28 1:8:49,1
G63I4PLXSU,106.228,29.7293,217747,77,170,0,14-3-28 1:10:19,1
G63I4PLXSU,106.219,29.7437,217765,79,155,0,14-3-28 1:11:49,1
G63I4PLXSU,106.21,29.7577,217782,62,160,0,14-3-28 1:13:19,1
G63I4PLXSU,106.198,29.7674,217798,57,155,0,14-3-28 1:14:49,1
G63I4PLXSU,106.193,29.7717,217806,0,150,0,14-3-28 1:16:18,0
G63I4PLXSU,106.193,29.7717,217806,0,150,0,14-3-28 1:17:48,0
G63I4PLXSU,106.157,29.7994,217855,72,165,0,14-3-28 1:19:19,1
G63I4PLXSU,106.148,29.8141,217873,72,160,0,14-3-28 1:20:49,1
G63I4PLXSU,106.138,29.8252,217888,48,160,0,14-3-28 1:22:19,1
G63I4PLXSU,106.127,29.8352,217904,77,150,0,14-3-28 1:23:49,1
G63I4PLXSU,106.109,29.8455,217924,75,155,0,14-3-28 1:25:19,1
G63I4PLXSU,106.098,29.8581,217941,66,165,0,14-3-28 1:26:49,1
G63I4PLXSU,106.088,29.8709,217958,50,160,0,14-3-28 1:28:19,1
G63I4PLXSU,106.084,29.8763,217965,37,160,0,14-3-28 1:29:49,1
G63I4PLXSU,106.077,29.8834,217975,55,155,0,14-3-28 1:31:19,1
G63I4PLXSU,106.063,29.8929,217992,61,150,0,14-3-28 1:32:49,1
G63I4PLXSU,106.054,29.9023,218005,35,160,0,14-3-28 1:34:19,1
G63I4PLXSU,106.045,29.9117,218018,66,150,0,14-3-28 1:35:49,1
G63I4PLXSU,106.032,29.9206,218034,74,160,0,14-3-28 1:37:19,1
G63I4PLXSU,106.019,29.9322,218053,70,135,0,14-3-28 1:38:49,1
G63I4PLXSU,106.006,29.9412,218070,66,165,0,14-3-28 1:40:19,1
G63I4PLXSU,105.993,29.9508,218087,75,135,0,14-3-28 1:41:49,1
G63I4PLXSU,105.975,29.9585,218106,75,155,0,14-3-28 1:43:19,1
G63I4PLXSU,105.96,29.9699,218126,77,145,0,14-3-28 1:44:49,1
G63I4PLXSU,105.942,29.9784,218146,92,155,0,14-3-28 1:46:19,1
G63I4PLXSU,105.931,29.9916,218164,61,155,0,14-3-28 1:47:49,1
G63I4PLXSU,105.924,30.0034,218178,59,170,0,14-3-28 1:49:19,1
G63I4PLXSU,105.914,30.0175,218196,72,160,0,14-3-28 1:50:49,1
G63I4PLXSU,105.908,30.0333,218214,72,175,0,14-3-28 1:52:19,1
G63I4PLXSU,105.901,30.0487,218233,75,160,0,14-3-28 1:53:49,1
G63I4PLXSU,105.891,30.0622,218250,61,165,0,14-3-28 1:55:19,1
G63I4PLXSU,105.882,30.0771,218269,75,155,0,14-3-28 1:56:49,1
G63I4PLXSU,105.869,30.0906,218287,68,155,0,14-3-28 1:58:19,1
G63I4PLXSU,105.854,30.1016,218306,74,160,0,14-3-28 1:59:49,1
G63I4PLXSU,105.844,30.1126,218322,64,160,0,14-3-28 2:1:19,1
G63I4PLXSU,105.835,30.1273,218340,68,160,0,14-3-28 2:2:49,1
G63I4PLXSU,105.824,30.1376,218355,50,160,0,14-3-28 2:4:19,1
G63I4PLXSU,105.811,30.1485,218372,68,150,0,14-3-28 2:5:49,1
G63I4PLXSU,105.799,30.1611,218390,77,165,0,14-3-28 2:7:19,1
G63I4PLXSU,105.788,30.1747,218409,77,155,0,14-3-28 2:8:49,1
G63I4PLXSU,105.774,30.1876,218428,79,150,0,14-3-28 2:10:19,1
G63I4PLXSU,105.761,30.1993,218446,75,155,0,14-3-28 2:11:49,1
G63I4PLXSU,105.745,30.2085,218464,61,145,0,14-3-28 2:13:19,1
G63I4PLXSU,105.732,30.2198,218482,72,165,0,14-3-28 2:14:49,1
G63I4PLXSU,105.727,30.2343,218498,70,170,0,14-3-28 2:16:19,1
G63I4PLXSU,105.719,30.2477,218515,70,165,0,14-3-28 2:17:49,1
G63I4PLXSU,105.711,30.2612,218532,62,160,0,14-3-28 2:19:19,1
G63I4PLXSU,105.7,30.2725,218548,61,155,0,14-3-28 2:20:49,1
G63I4PLXSU,105.691,30.2836,218563,18,160,0,14-3-28 2:22:19,1
G63I4PLXSU,105.691,30.2841,218563,0,160,0,14-3-28 2:23:49,1
G63I4PLXSU,105.69,30.2847,218563,0,150,0,14-3-28 2:25:19,1
G63I4PLXSU,105.69,30.2847,218563,0,150,0,14-3-28 2:26:49,1
G63I4PLXSU,105.689,30.2853,218564,0,145,0,14-3-28 2:28:19,1
G63I4PLXSU,105.688,30.2863,218565,5,175,0,14-3-28 2:29:49,1
G63I4PLXSU,105.688,30.2865,218565,0,155,0,14-3-28 2:31:19,1
G63I4PLXSU,105.688,30.2865,218565,0,155,0,14-3-28 2:32:49,1
G63I4PLXSU,105.688,30.2865,218565,0,155,0,14-3-28 2:34:19,1
G63I4PLXSU,105.688,30.2865,218565,0,155,0,14-3-28 2:35:49,1
G63I4PLXSU,105.688,30.2868,218565,0,165,0,14-3-28 2:37:19,1
G63I4PLXSU,105.688,30.2868,218565,0,165,0,14-3-28 2:38:49,1
G63I4PLXSU,105.688,30.2869,218565,0,165,0,14-3-28 2:40:19,1
G63I4PLXSU,105.688,30.2869,218565,0,165,0,14-3-28 2:41:49,1
G63I4PLXSU,105.688,30.2869,218565,0,165,0,14-3-28 2:43:19,1
G63I4PLXSU,105.688,30.2869,218565,0,165,0,14-3-28 2:44:49,1
G63I4PLXSU,105.688,30.2869,218565,0,165,0,14-3-28 2:46:19,1
G63I4PLXSU,105.683,30.291,218570,38,155,0,14-3-28 2:47:49,1
G63I4PLXSU,105.672,30.298,218582,66,145,0,14-3-28 2:49:19,1
G63I4PLXSU,105.659,30.3097,218600,77,160,0,14-3-28 2:50:49,1
G63I4PLXSU,105.65,30.3246,218619,74,170,0,14-3-28 2:52:19,1
G63I4PLXSU,105.644,30.3405,218637,74,165,0,14-3-28 2:53:49,1
G63I4PLXSU,105.633,30.355,218656,74,155,0,14-3-28 2:55:19,1
G63I4PLXSU,105.625,30.3703,218675,62,165,0,14-3-28 2:56:49,1
G63I4PLXSU,105.618,30.3844,218692,68,160,0,14-3-28 2:58:19,1
G63I4PLXSU,105.606,30.3969,218709,68,155,0,14-3-28 2:59:49,1
G63I4PLXSU,105.594,30.4093,218727,74,165,0,14-3-28 3:1:19,1
G63I4PLXSU,105.587,30.4263,218747,81,165,0,14-3-28 3:2:49,1
G63I4PLXSU,105.575,30.4408,218766,83,155,0,14-3-28 3:4:19,1
G63I4PLXSU,105.562,30.4547,218786,79,160,0,14-3-28 3:5:49,1
G63I4PLXSU,105.547,30.4686,218806,79,150,0,14-3-28 3:7:19,1
G63I4PLXSU,105.537,30.4826,218825,81,170,0,14-3-28 3:8:49,1
G63I4PLXSU,105.528,30.4989,218845,75,170,0,14-3-28 3:10:19,1
G63I4PLXSU,105.522,30.5143,218863,72,160,0,14-3-28 3:11:49,1
G63I4PLXSU,105.511,30.5273,218880,72,155,0,14-3-28 3:13:19,1
G63I4PLXSU,105.498,30.5405,218899,81,160,0,14-3-28 3:14:49,1
G63I4PLXSU,105.483,30.5525,218919,75,150,0,14-3-28 3:16:19,1
G63I4PLXSU,105.472,30.5662,218938,75,170,0,14-3-28 3:17:49,1
G63I4PLXSU,105.46,30.5787,218956,70,160,0,14-3-28 3:19:19,1
G63I4PLXSU,105.451,30.5927,218974,72,140,0,14-3-28 3:20:49,1
G63I4PLXSU,105.431,30.5925,218993,66,135,0,14-3-28 3:22:19,1
G63I4PLXSU,105.417,30.5962,219007,77,145,0,14-3-28 3:23:49,1
G63I4PLXSU,105.396,30.604,219029,90,150,0,14-3-28 3:25:19,1
G63I4PLXSU,105.377,30.615,219050,90,145,0,14-3-28 3:26:49,1
G63I4PLXSU,105.355,30.6169,219072,85,135,0,14-3-28 3:28:19,1
G63I4PLXSU,105.335,30.6137,219092,81,125,0,14-3-28 3:29:49,1
G63I4PLXSU,105.314,30.6128,219112,77,130,0,14-3-28 3:31:19,1
G63I4PLXSU,105.295,30.6084,219130,38,120,0,14-3-28 3:32:49,1
G63I4PLXSU,105.285,30.6061,219140,55,140,0,14-3-28 3:34:19,1
G63I4PLXSU,105.272,30.6064,219152,27,125,0,14-3-28 3:35:49,1
G63I4PLXSU,105.264,30.6054,219160,55,140,0,14-3-28 3:37:19,1
G63I4PLXSU,105.244,30.6049,219179,87,140,0,14-3-28 3:38:49,1
G63I4PLXSU,105.227,30.6109,219196,44,150,0,14-3-28 3:40:19,1
G63I4PLXSU,105.215,30.6156,219208,72,140,0,14-3-28 3:41:49,1
G63I4PLXSU,105.198,30.6186,219225,77,135,0,14-3-28 3:43:19,1
G63I4PLXSU,105.177,30.6239,219246,81,130,0,14-3-28 3:44:49,1
G63I4PLXSU,105.155,30.6266,219267,83,135,0,14-3-28 3:46:19,1
G63I4PLXSU,105.133,30.6309,219289,85,135,0,14-3-28 3:47:49,1
G63I4PLXSU,105.112,30.6278,219309,77,130,0,14-3-28 3:49:19,1
G63I4PLXSU,105.093,30.6262,219327,79,130,0,14-3-28 3:50:49,1
G63I4PLXSU,105.072,30.6207,219347,81,130,0,14-3-28 3:52:19,1
G63I4PLXSU,105.05,30.618,219368,87,130,0,14-3-28 3:53:49,1
G63I4PLXSU,105.029,30.6171,219389,87,120,0,14-3-28 3:55:19,1
G63I4PLXSU,105.009,30.6122,219408,77,130,0,14-3-28 3:56:49,1
G63I4PLXSU,104.988,30.615,219429,81,145,0,14-3-28 3:58:19,1
G63I4PLXSU,104.968,30.6178,219448,81,140,0,14-3-28 3:59:49,1
G63I4PLXSU,104.947,30.6233,219469,87,140,0,14-3-28 4:1:19,1
G63I4PLXSU,104.927,30.6306,219490,85,150,0,14-3-28 4:2:49,1
G63I4PLXSU,104.908,30.6375,219510,79,140,0,14-3-28 4:4:19,1
G63I4PLXSU,104.888,30.6419,219528,62,135,0,14-3-28 4:5:49,1
G63I4PLXSU,104.876,30.6466,219544,37,145,0,14-3-28 4:7:19,1
G63I4PLXSU,104.86,30.6464,219559,77,130,0,14-3-28 4:8:49,1
G63I4PLXSU,104.839,30.6444,219579,83,120,0,14-3-28 4:10:19,1
G63I4PLXSU,104.818,30.6427,219600,85,135,0,14-3-28 4:11:49,1
G63I4PLXSU,104.797,30.646,219620,85,150,0,14-3-28 4:13:20,1
G63I4PLXSU,104.779,30.6505,219639,77,145,0,14-3-28 4:14:49,1
G63I4PLXSU,104.759,30.6526,219659,77,135,0,14-3-28 4:16:20,1
G63I4PLXSU,104.741,30.6522,219675,64,125,0,14-3-28 4:17:50,1
G63I4PLXSU,104.723,30.6545,219693,74,145,0,14-3-28 4:19:20,1
G63I4PLXSU,104.709,30.659,219707,55,145,0,14-3-28 4:20:50,1
G63I4PLXSU,104.693,30.6661,219725,74,145,0,14-3-28 4:22:20,1
G63I4PLXSU,104.672,30.6708,219744,87,135,0,14-3-28 4:23:50,1
G63I4PLXSU,104.653,30.677,219765,75,145,0,14-3-28 4:25:20,1
G63I4PLXSU,104.631,30.6825,219786,83,145,0,14-3-28 4:26:50,1
G63I4PLXSU,104.61,30.6864,219807,77,135,0,14-3-28 4:28:20,1
G63I4PLXSU,104.589,30.6879,219826,79,140,0,14-3-28 4:29:50,1
G63I4PLXSU,104.568,30.6894,219846,77,140,0,14-3-28 4:31:20,1
G63I4PLXSU,104.564,30.6903,219850,0,160,0,14-3-28 4:32:50,1
G63I4PLXSU,104.562,30.6902,219851,0,125,0,14-3-28 4:34:20,1
G63I4PLXSU,104.557,30.6894,219856,59,130,0,14-3-28 4:35:50,1
G63I4PLXSU,104.54,30.6895,219872,61,130,0,14-3-28 4:37:20,1
G63I4PLXSU,104.525,30.6873,219887,57,140,0,14-3-28 4:38:50,1
G63I4PLXSU,104.512,30.6901,219899,48,140,0,14-3-28 4:40:20,1
G63I4PLXSU,104.502,30.69,219909,38,115,0,14-3-28 4:41:50,1
G63I4PLXSU,104.491,30.6853,219921,68,140,0,14-3-28 4:43:20,1
G63I4PLXSU,104.472,30.6932,219942,85,170,0,14-3-28 4:44:50,1
G63I4PLXSU,104.46,30.7066,219962,74,145,0,14-3-28 4:46:20,1
G63I4PLXSU,104.442,30.7139,219981,74,145,0,14-3-28 4:47:50,1
G63I4PLXSU,104.437,30.7272,219997,64,0,0,14-3-28 4:49:20,1
G63I4PLXSU,104.425,30.7385,220016,72,145,0,14-3-28 4:50:50,1
G63I4PLXSU,104.403,30.7409,220037,92,140,0,14-3-28 4:52:20,1
G63I4PLXSU,104.38,30.7417,220059,81,125,0,14-3-28 4:53:50,1
G63I4PLXSU,104.361,30.7388,220078,79,125,0,14-3-28 4:55:20,1
G63I4PLXSU,104.343,30.7321,220097,74,110,0,14-3-28 4:56:50,1
G63I4PLXSU,104.329,30.7194,220115,68,115,0,14-3-28 4:58:20,1
G63I4PLXSU,104.315,30.7122,220131,66,115,0,14-3-28 4:59:50,1
G63I4PLXSU,104.301,30.7029,220148,62,115,0,14-3-28 5:1:20,1
G63I4PLXSU,104.286,30.6958,220164,66,120,0,14-3-28 5:2:50,1
G63I4PLXSU,104.27,30.689,220180,68,120,0,14-3-28 5:4:20,1
G63I4PLXSU,104.251,30.6832,220199,87,125,0,14-3-28 5:5:50,1
G63I4PLXSU,104.231,30.6757,220220,85,125,0,14-3-28 5:7:20,1
G63I4PLXSU,104.209,30.6745,220240,79,135,0,14-3-28 5:8:50,1
G63I4PLXSU,104.204,30.672,220253,62,85,0,14-3-28 5:10:20,1
G63I4PLXSU,104.205,30.6558,220270,70,90,0,14-3-28 5:11:50,1
G63I4PLXSU,104.203,30.641,220287,61,90,0,14-3-28 5:13:20,1
G63I4PLXSU,104.203,30.6264,220302,61,85,0,14-3-28 5:14:50,1
G63I4PLXSU,104.201,30.6117,220319,66,105,0,14-3-28 5:16:20,1
G63I4PLXSU,104.187,30.6024,220335,62,115,0,14-3-28 5:17:50,1
G63I4PLXSU,104.176,30.591,220351,70,100,0,14-3-28 5:19:20,1
G63I4PLXSU,104.164,30.5788,220369,66,120,0,14-3-28 5:20:50,1
G63I4PLXSU,104.148,30.5737,220386,64,125,0,14-3-28 5:22:20,1
G63I4PLXSU,104.129,30.5717,220403,70,130,0,14-3-28 5:23:50,1
G63I4PLXSU,104.109,30.5705,220422,79,135,0,14-3-28 5:25:20,1
G63I4PLXSU,104.089,30.5708,220442,72,130,0,14-3-28 5:26:50,1
G63I4PLXSU,104.072,30.5684,220458,57,130,0,14-3-28 5:28:20,1
G63I4PLXSU,104.057,30.5685,220472,62,140,0,14-3-28 5:29:50,1
G63I4PLXSU,104.041,30.5728,220488,61,140,0,14-3-28 5:31:20,1
G63I4PLXSU,104.027,30.5766,220502,33,125,0,14-3-28 5:32:50,1
G63I4PLXSU,104.023,30.5688,220511,48,100,0,14-3-28 5:34:20,1
G63I4PLXSU,104.015,30.5546,220528,74,100,0,14-3-28 5:35:50,1
G63I4PLXSU,104.002,30.5414,220548,75,115,0,14-3-28 5:37:20,1
G63I4PLXSU,103.989,30.5304,220564,62,110,0,14-3-28 5:38:50,1
G63I4PLXSU,103.986,30.5294,220569,0,155,0,14-3-28 5:40:20,1
G63I4PLXSU,103.985,30.5306,220570,0,170,0,14-3-28 5:41:50,1
G63I4PLXSU,103.985,30.5312,220570,18,10,0,14-3-28 5:43:20,1
G63I4PLXSU,103.991,30.5408,220582,62,175,0,14-3-28 5:44:50,1
G63I4PLXSU,103.989,30.5507,220593,0,145,0,14-3-28 5:46:20,1
G63I4PLXSU,103.989,30.551,220593,0,175,0,14-3-28 5:49:20,1
G63I4PLXSU,103.989,30.551,220593,0,175,0,14-3-28 5:52:20,1
G63I4PLXSU,103.989,30.551,220593,0,175,0,14-3-28 5:55:20,1
G63I4PLXSU,103.989,30.551,220593,0,175,0,14-3-28 5:58:20,1
G63I4PLXSU,103.989,30.551,220593,0,175,0,14-3-28 6:1:20,1
G63I4PLXSU,103.989,30.551,220593,0,175,0,14-3-28 6:2:50,1
G63I4PLXSU,103.988,30.5532,220596,18,130,0,14-3-28 6:4:20,1
G63I4PLXSU,103.987,30.5533,220596,0,135,0,14-3-28 6:7:20,1
G63I4PLXSU,103.987,30.5533,220596,0,135,0,14-3-28 6:8:50,1
G63I4PLXSU,103.981,30.5531,220602,35,130,0,14-3-28 6:10:20,1
G63I4PLXSU,103.977,30.5546,220606,18,170,0,14-3-28 6:11:50,1
G63I4PLXSU,103.977,30.5556,220607,0,170,0,14-3-28 6:14:50,1
G63I4PLXSU,103.977,30.5556,220607,0,170,0,14-3-28 6:17:50,1
G63I4PLXSU,103.977,30.5556,220607,0,170,0,14-3-28 6:20:50,1
G63I4PLXSU,103.977,30.5556,220607,0,170,0,14-3-28 6:23:50,1
G63I4PLXSU,103.977,30.5556,220607,0,170,0,14-3-28 6:26:50,1
G63I4PLXSU,103.977,30.5556,220607,0,170,0,14-3-28 6:28:45,1
G63I4PLXSU,103.977,30.5556,220607,0,170,0,14-3-28 6:30:14,1
G63I4PLXSU,103.976,30.5558,220607,0,5,0,14-3-28 6:31:44,1
G63I4PLXSU,103.977,30.556,220608,0,45,0,14-3-28 6:33:14,1
G63I4PLXSU,103.977,30.556,220608,0,45,0,14-3-28 6:36:14,1
G63I4PLXSU,103.977,30.556,220608,0,45,0,14-3-28 6:39:14,1
G63I4PLXSU,103.977,30.556,220608,0,45,0,14-3-28 6:42:14,1
G63I4PLXSU,103.977,30.556,220608,0,45,0,14-3-28 6:45:14,1
G63I4PLXSU,103.977,30.556,220608,0,45,0,14-3-28 6:48:14,1
G63I4PLXSU,103.977,30.556,220608,0,45,0,14-3-28 6:51:14,1
G63I4PLXSU,103.977,30.556,220608,0,45,0,14-3-28 6:54:14,1
G63I4PLXSU,103.977,30.556,220608,0,45,0,14-3-28 6:57:14,1
G63I4PLXSU,103.977,30.556,220608,0,45,0,14-3-28 7:0:14,1
G63I4PLXSU,103.977,30.556,220608,0,45,0,14-3-28 7:3:14,1
G63I4PLXSU,103.977,30.556,220608,0,45,0,14-3-28 7:6:14,1
G63I4PLXSU,103.977,30.556,220608,0,45,0,14-3-28 7:9:14,1
G63I4PLXSU,103.977,30.556,220608,0,45,0,14-3-28 7:12:14,1
G63I4PLXSU,103.977,30.556,220608,0,45,0,14-3-28 7:15:14,1
G63I4PLXSU,103.977,30.556,220608,0,45,0,14-3-28 7:18:14,1
G63I4PLXSU,103.977,30.556,220608,0,45,0,14-3-28 7:21:14,1
G63I4PLXSU,103.977,30.556,220608,0,45,0,14-3-28 7:24:15,1
G63I4PLXSU,103.977,30.556,220608,0,45,0,14-3-28 7:27:15,1
G63I4PLXSU,103.977,30.556,220608,0,45,0,14-3-28 7:30:15,1
G63I4PLXSU,103.977,30.556,220608,0,45,0,14-3-28 7:33:14,1
G63I4PLXSU,103.977,30.556,220608,0,45,0,14-3-28 7:36:14,1
G63I4PLXSU,103.977,30.556,220608,0,45,0,14-3-28 7:39:15,1
G63I4PLXSU,103.977,30.556,220608,0,45,0,14-3-28 7:42:15,1
G63I4PLXSU,103.977,30.556,220608,0,45,0,14-3-28 7:45:15,1
G63I4PLXSU,103.977,30.556,220608,0,45,0,14-3-28 7:48:15,1
G63I4PLXSU,103.977,30.556,220608,0,45,0,14-3-28 7:51:15,1
G63I4PLXSU,103.977,30.556,220608,0,45,0,14-3-28 7:54:15,1
G63I4PLXSU,103.977,30.556,220608,0,45,0,14-3-28 7:57:15,1
G63I4PLXSU,103.977,30.556,220608,0,45,0,14-3-28 8:0:15,1
G63I4PLXSU,103.977,30.556,220608,0,45,0,14-3-28 8:3:15,1
G63I4PLXSU,103.977,30.556,220608,0,45,0,14-3-28 8:6:15,1
G63I4PLXSU,103.977,30.556,220608,0,45,0,14-3-28 8:9:15,1
G63I4PLXSU,103.977,30.556,220608,0,45,0,14-3-28 8:12:15,1
G63I4PLXSU,103.977,30.556,220608,0,45,0,14-3-28 8:15:15,1
G63I4PLXSU,103.977,30.556,220608,0,45,0,14-3-28 8:18:15,1
G63I4PLXSU,103.977,30.556,220608,0,45,0,14-3-28 8:21:14,1
G63I4PLXSU,103.977,30.556,220608,0,45,0,14-3-28 8:24:14,1
G63I4PLXSU,103.977,30.556,220608,0,45,0,14-3-28 8:27:14,1
G63I4PLXSU,103.977,30.556,220608,0,45,0,14-3-28 8:30:14,1
G63I4PLXSU,103.977,30.556,220608,0,45,0,14-3-28 8:33:14,1
G63I4PLXSU,103.977,30.556,220608,0,45,0,14-3-28 8:36:14,1
G63I4PLXSU,103.977,30.556,220608,0,45,0,14-3-28 8:39:14,1
G63I4PLXSU,103.977,30.556,220608,0,45,0,14-3-28 8:42:14,1
G63I4PLXSU,103.977,30.556,220608,0,45,0,14-3-28 8:45:14,1
G63I4PLXSU,103.977,30.556,220608,0,45,0,14-3-28 8:48:14,1
G63I4PLXSU,103.977,30.556,220608,0,45,0,14-3-28 8:51:14,1
G63I4PLXSU,103.977,30.556,220608,0,45,0,14-3-28 8:54:14,1
G63I4PLXSU,103.977,30.556,220608,0,45,0,14-3-28 8:57:14,1
G63I4PLXSU,103.977,30.556,220608,0,45,0,14-3-28 9:0:14,1
G63I4PLXSU,103.977,30.556,220608,0,45,0,14-3-28 9:3:14,1
G63I4PLXSU,103.977,30.556,220608,0,45,0,14-3-28 9:6:14,1
G63I4PLXSU,103.977,30.556,220608,0,45,0,14-3-28 9:9:14,1
G63I4PLXSU,103.977,30.556,220608,0,45,0,14-3-28 9:12:14,1
G63I4PLXSU,103.977,30.556,220608,0,45,0,14-3-28 9:15:14,1
G63I4PLXSU,103.977,30.556,220608,0,45,0,14-3-28 9:18:14,1
G63I4PLXSU,103.977,30.556,220608,0,45,0,14-3-28 9:21:14,1
G63I4PLXSU,103.98,30.5564,220610,0,45,0,14-3-28 9:25:44,1
G63I4PLXSU,103.98,30.5564,220610,0,45,0,14-3-28 9:28:44,1
G63I4PLXSU,103.98,30.5564,220610,0,45,0,14-3-28 9:31:44,1
G63I4PLXSU,103.98,30.5564,220610,0,45,0,14-3-28 9:34:44,1
G63I4PLXSU,103.98,30.5564,220610,0,45,0,14-3-28 9:37:44,1
G63I4PLXSU,103.98,30.5564,220610,0,45,0,14-3-28 9:39:14,1
G63I4PLXSU,103.98,30.5564,220610,0,45,0,14-3-28 9:40:44,1
G63I4PLXSU,103.98,30.5565,220611,9,5,0,14-3-28 9:42:14,1
G63I4PLXSU,103.977,30.5558,220614,0,120,0,14-3-28 9:43:44,1
G63I4PLXSU,103.977,30.5541,220616,9,85,0,14-3-28 9:45:14,1
G63I4PLXSU,103.977,30.548,220622,31,100,0,14-3-28 9:46:44,1
G63I4PLXSU,103.976,30.5459,220624,11,100,0,14-3-28 9:48:14,1
G63I4PLXSU,103.973,30.5407,220630,33,100,0,14-3-28 9:49:44,1
G63I4PLXSU,103.973,30.5395,220631,9,55,0,14-3-28 9:51:14,1
G63I4PLXSU,103.974,30.5392,220632,0,25,0,14-3-28 9:54:14,1
G63I4PLXSU,103.974,30.5392,220632,0,25,0,14-3-28 9:57:14,1
G63I4PLXSU,103.974,30.5392,220632,0,25,0,14-3-28 10:0:14,1
G63I4PLXSU,103.974,30.5392,220632,0,25,0,14-3-28 10:3:14,1
G63I4PLXSU,103.974,30.5392,220632,0,25,0,14-3-28 10:6:14,1
G63I4PLXSU,103.974,30.5392,220632,0,25,0,14-3-28 10:9:14,1
G63I4PLXSU,103.974,30.5392,220632,0,25,0,14-3-28 10:12:14,1
G63I4PLXSU,103.974,30.5392,220632,0,25,0,14-3-28 10:15:14,1
G63I4PLXSU,103.974,30.5392,220632,0,25,0,14-3-28 10:16:44,1
G63I4PLXSU,103.974,30.5392,220632,0,25,0,14-3-28 10:19:44,1
G63I4PLXSU,103.974,30.5392,220632,0,25,0,14-3-28 10:22:44,1
G63I4PLXSU,103.974,30.5392,220632,0,25,0,14-3-28 10:25:44,1
G63I4PLXSU,103.974,30.5392,220632,0,25,0,14-3-28 10:28:44,1
G63I4PLXSU,103.974,30.5392,220632,0,25,0,14-3-28 10:31:44,1
G63I4PLXSU,103.974,30.5392,220632,0,25,0,14-3-28 10:34:44,1
G63I4PLXSU,103.974,30.5392,220632,0,25,0,14-3-28 10:37:44,1
G63I4PLXSU,103.974,30.5392,220632,0,25,0,14-3-28 10:40:44,1
G63I4PLXSU,103.974,30.5392,220632,0,25,0,14-3-28 10:43:45,1
G63I4PLXSU,103.974,30.5392,220632,0,25,0,14-3-28 10:46:44,1
G63I4PLXSU,103.974,30.5392,220632,0,25,0,14-3-28 10:49:45,1
G63I4PLXSU,103.974,30.5392,220632,0,25,0,14-3-28 10:52:45,1
G63I4PLXSU,103.974,30.5392,220632,0,25,0,14-3-28 10:55:45,1
G63I4PLXSU,103.974,30.5392,220632,0,25,0,14-3-28 10:58:45,1
G63I4PLXSU,103.974,30.5392,220632,0,25,0,14-3-28 11:1:45,1
G63I4PLXSU,103.974,30.5392,220632,0,25,0,14-3-28 11:3:15,1
G63I4PLXSU,103.974,30.5392,220632,0,25,0,14-3-28 11:6:15,1
G63I4PLXSU,103.974,30.5392,220632,0,25,0,14-3-28 11:9:15,1
G63I4PLXSU,103.974,30.5392,220632,0,25,0,14-3-28 11:12:15,1
G63I4PLXSU,103.974,30.5392,220632,0,25,0,14-3-28 11:15:15,1
G63I4PLXSU,103.974,30.5392,220632,0,25,0,14-3-28 11:18:15,1
G63I4PLXSU,103.974,30.5392,220632,0,25,0,14-3-28 11:21:15,1
G63I4PLXSU,103.974,30.5392,220632,0,25,0,14-3-28 11:24:15,1
G63I4PLXSU,103.974,30.5392,220632,0,25,0,14-3-28 11:27:15,1
G63I4PLXSU,103.974,30.5392,220632,0,25,0,14-3-28 11:30:15,1
G63I4PLXSU,103.974,30.5392,220632,0,25,0,14-3-28 11:33:15,1
G63I4PLXSU,103.974,30.5392,220632,0,25,0,14-3-28 11:36:15,1
G63I4PLXSU,103.974,30.5392,220632,0,25,0,14-3-28 11:39:15,1
G63I4PLXSU,103.974,30.5392,220632,0,25,0,14-3-28 11:42:15,1
G63I4PLXSU,103.974,30.5392,220632,0,25,0,14-3-28 11:45:15,1
G63I4PLXSU,103.974,30.5392,220632,0,25,0,14-3-28 11:48:9,1
G63I4PLXSU,103.974,30.5392,220632,0,25,0,14-3-28 11:49:39,1
G63I4PLXSU,103.974,30.5392,220632,9,155,0,14-3-28 11:51:9,1
G63I4PLXSU,103.973,30.5407,220633,22,10,0,14-3-28 11:52:39,1
G63I4PLXSU,103.975,30.5453,220639,0,10,0,14-3-28 11:54:9,1
G63I4PLXSU,103.977,30.5486,220642,0,0,0,14-3-28 11:55:39,1
G63I4PLXSU,103.977,30.5521,220646,16,175,0,14-3-28 11:57:9,1
G63I4PLXSU,103.977,30.5559,220650,5,50,0,14-3-28 11:58:39,1
G63I4PLXSU,103.978,30.5561,220650,0,40,0,14-3-28 12:1:39,1
G63I4PLXSU,103.978,30.5561,220650,0,40,0,14-3-28 12:4:39,1
G63I4PLXSU,103.978,30.5561,220650,0,40,0,14-3-28 12:7:39,1
G63I4PLXSU,103.978,30.5561,220650,0,40,0,14-3-28 12:10:39,1
G63I4PLXSU,103.978,30.5561,220650,0,40,0,14-3-28 12:13:39,1
G63I4PLXSU,103.978,30.5561,220650,0,40,0,14-3-28 12:16:12,1
G63I4PLXSU,103.98,30.5564,220652,16,35,0,14-3-28 12:17:42,1
G63I4PLXSU,103.98,30.5564,220653,0,40,0,14-3-28 12:19:12,1
G63I4PLXSU,103.98,30.5564,220653,0,40,0,14-3-28 12:20:42,1
G63I4PLXSU,103.98,30.5564,220653,0,40,0,14-3-28 12:22:12,1
G63I4PLXSU,103.98,30.5564,220653,0,40,0,14-3-28 12:23:42,1
G63I4PLXSU,103.98,30.5564,220653,0,40,0,14-3-28 12:25:12,1
G63I4PLXSU,103.98,30.5564,220653,0,40,0,14-3-28 12:26:42,1
G63I4PLXSU,103.98,30.5564,220653,0,40,0,14-3-28 12:28:12,1
G63I4PLXSU,103.98,30.5564,220653,0,40,0,14-3-28 12:29:42,1
G63I4PLXSU,103.98,30.5564,220653,0,40,0,14-3-28 12:31:12,1
G63I4PLXSU,103.98,30.5564,220653,0,40,0,14-3-28 12:32:42,1
G63I4PLXSU,103.98,30.5564,220653,0,40,0,14-3-28 12:34:12,1
G63I4PLXSU,103.98,30.5564,220653,0,40,0,14-3-28 12:35:42,1
G63I4PLXSU,103.98,30.5564,220653,0,40,0,14-3-28 12:37:12,1
G63I4PLXSU,103.98,30.5564,220653,0,40,0,14-3-28 12:38:42,1
G63I4PLXSU,103.98,30.5564,220653,0,40,0,14-3-28 12:40:12,1
G63I4PLXSU,103.98,30.5564,220653,0,40,0,14-3-28 12:41:42,1
G63I4PLXSU,103.98,30.5564,220653,0,40,0,14-3-28 12:43:12,1
G63I4PLXSU,103.98,30.5564,220653,0,40,0,14-3-28 12:44:42,1
G63I4PLXSU,103.98,30.5564,220653,0,40,0,14-3-28 12:46:12,1
G63I4PLXSU,103.98,30.5564,220653,0,40,0,14-3-28 12:47:42,1
G63I4PLXSU,103.98,30.5564,220653,0,40,0,14-3-28 12:49:12,1
G63I4PLXSU,103.98,30.5564,220653,0,40,0,14-3-28 12:50:42,1
G63I4PLXSU,103.98,30.5564,220653,0,40,0,14-3-28 12:52:12,1
G63I4PLXSU,103.98,30.5564,220653,0,40,0,14-3-28 12:53:42,1
G63I4PLXSU,103.98,30.5564,220653,0,40,0,14-3-28 12:55:12,1
G63I4PLXSU,103.98,30.5564,220653,0,40,0,14-3-28 12:56:42,1
G63I4PLXSU,103.98,30.5564,220653,0,40,0,14-3-28 12:58:12,1
G63I4PLXSU,103.98,30.5564,220653,0,40,0,14-3-28 12:59:42,1
G63I4PLXSU,103.98,30.5564,220653,0,40,0,14-3-28 13:1:12,1
G63I4PLXSU,103.98,30.5564,220653,0,40,0,14-3-28 13:2:42,1
G63I4PLXSU,103.98,30.5564,220653,0,40,0,14-3-28 13:4:12,1
G63I4PLXSU,103.98,30.5564,220653,0,40,0,14-3-28 13:5:42,1
G63I4PLXSU,103.98,30.5564,220653,0,40,0,14-3-28 13:7:12,1
G63I4PLXSU,103.98,30.5564,220653,0,40,0,14-3-28 13:8:42,1
G63I4PLXSU,103.98,30.5564,220653,0,40,0,14-3-28 13:10:12,1
G63I4PLXSU,103.98,30.5564,220653,0,40,0,14-3-28 13:11:42,1
G63I4PLXSU,103.98,30.5564,220653,0,40,0,14-3-28 13:13:12,1
G63I4PLXSU,103.98,30.5564,220653,0,40,0,14-3-28 13:14:42,1
G63I4PLXSU,103.98,30.5564,220653,0,40,0,14-3-28 13:16:12,1
G63I4PLXSU,103.98,30.5564,220653,0,40,0,14-3-28 13:17:42,1
G63I4PLXSU,103.98,30.5564,220653,0,40,0,14-3-28 13:19:12,1
G63I4PLXSU,103.98,30.5564,220653,0,40,0,14-3-28 13:20:42,1
G63I4PLXSU,103.98,30.5564,220653,0,40,0,14-3-28 13:22:11,1
G63I4PLXSU,103.98,30.5564,220653,0,40,0,14-3-28 13:23:41,1
G63I4PLXSU,103.98,30.5564,220653,0,40,0,14-3-28 13:25:11,1
G63I4PLXSU,103.98,30.5564,220653,0,40,0,14-3-28 13:26:41,1
G63I4PLXSU,103.98,30.5564,220653,0,40,0,14-3-28 13:28:11,1
G63I4PLXSU,103.98,30.5564,220653,0,40,0,14-3-28 13:29:41,1
G63I4PLXSU,103.98,30.5564,220653,0,40,0,14-3-28 13:31:11,1
G63I4PLXSU,103.98,30.5564,220653,0,40,0,14-3-28 13:32:41,1
G63I4PLXSU,103.98,30.5564,220653,0,40,0,14-3-28 13:34:11,1
G63I4PLXSU,103.98,30.5564,220653,0,40,0,14-3-28 13:35:41,1
G63I4PLXSU,103.98,30.5564,220653,0,40,0,14-3-28 13:37:11,1
G63I4PLXSU,103.98,30.5564,220653,0,40,0,14-3-28 13:38:41,1
G63I4PLXSU,103.98,30.5564,220653,0,40,0,14-3-28 13:40:11,1
G63I4PLXSU,103.98,30.5564,220653,0,40,0,14-3-28 13:41:41,1
G63I4PLXSU,103.98,30.5564,220653,0,40,0,14-3-28 13:43:11,1
G63I4PLXSU,103.98,30.5564,220653,0,40,0,14-3-28 13:44:41,1
G63I4PLXSU,103.98,30.5564,220653,0,40,0,14-3-28 13:46:11,1
G63I4PLXSU,103.98,30.5564,220653,0,40,0,14-3-28 13:47:41,1
G63I4PLXSU,103.98,30.5564,220653,0,40,0,14-3-28 13:49:11,1
G63I4PLXSU,103.98,30.5564,220653,0,40,0,14-3-28 13:50:41,1
G63I4PLXSU,103.98,30.5564,220653,0,40,0,14-3-28 13:52:11,1
G63I4PLXSU,103.98,30.5564,220653,0,40,0,14-3-28 13:53:41,1
G63I4PLXSU,103.98,30.5564,220653,0,40,0,14-3-28 13:55:11,1
G63I4PLXSU,103.98,30.5564,220653,0,40,0,14-3-28 13:56:41,1
G63I4PLXSU,103.98,30.5564,220653,0,40,0,14-3-28 13:58:11,1
G63I4PLXSU,103.98,30.5564,220653,0,40,0,14-3-28 13:59:41,1
G63I4PLXSU,103.98,30.5564,220653,0,40,0,14-3-28 14:1:11,1
G63I4PLXSU,103.98,30.5564,220653,0,40,0,14-3-28 14:2:41,1
G63I4PLXSU,103.98,30.5564,220653,0,40,0,14-3-28 14:4:11,1
G63I4PLXSU,103.98,30.5564,220653,0,40,0,14-3-28 14:5:41,1
G63I4PLXSU,103.98,30.5564,220653,0,40,0,14-3-28 14:7:11,1
G63I4PLXSU,103.98,30.5564,220653,0,40,0,14-3-28 14:8:41,1
G63I4PLXSU,103.98,30.5564,220653,0,40,0,14-3-28 14:10:12,1
G63I4PLXSU,103.98,30.5564,220653,0,40,0,14-3-28 14:11:41,1
G63I4PLXSU,103.98,30.5564,220653,0,40,0,14-3-28 14:13:12,1
G63I4PLXSU,103.98,30.5564,220653,0,40,0,14-3-28 14:14:42,1
G63I4PLXSU,103.98,30.5564,220653,0,40,0,14-3-28 14:16:12,1
G63I4PLXSU,103.98,30.5564,220653,0,40,0,14-3-28 14:17:41,1
G63I4PLXSU,103.981,30.5565,220653,0,40,0,14-3-28 14:19:12,1
G63I4PLXSU,103.981,30.5565,220653,0,40,0,14-3-28 14:20:42,1
G63I4PLXSU,103.981,30.5565,220653,0,40,0,14-3-28 14:23:42,1
G63I4PLXSU,103.981,30.5565,220653,0,40,0,14-3-28 14:26:42,1
G63I4PLXSU,103.981,30.5565,220653,0,40,0,14-3-28 14:29:39,1
G63I4PLXSU,103.981,30.5565,220653,0,40,0,14-3-28 14:31:9,1
G63I4PLXSU,103.981,30.5565,220653,0,40,0,14-3-28 14:34:9,1
G63I4PLXSU,103.981,30.5565,220653,0,40,0,14-3-28 14:37:9,1
G63I4PLXSU,103.981,30.5565,220653,0,40,0,14-3-28 14:40:9,1
G63I4PLXSU,103.981,30.5565,220653,0,40,0,14-3-28 14:43:9,1
G63I4PLXSU,103.981,30.5565,220653,0,40,0,14-3-28 14:44:39,1
G63I4PLXSU,103.981,30.5565,220653,0,40,0,14-3-28 14:46:9,1
G63I4PLXSU,103.981,30.5565,220653,0,40,0,14-3-28 14:47:39,1
G63I4PLXSU,103.981,30.5565,220653,0,40,0,14-3-28 14:49:9,1
G63I4PLXSU,103.981,30.5565,220653,0,40,0,14-3-28 14:50:39,1
G63I4PLXSU,103.981,30.5565,220653,0,40,0,14-3-28 14:52:9,1
G63I4PLXSU,103.981,30.5565,220653,0,40,0,14-3-28 14:53:39,1
G63I4PLXSU,103.981,30.5565,220653,0,40,0,14-3-28 14:55:9,1
G63I4PLXSU,103.981,30.5565,220653,0,40,0,14-3-28 14:56:39,1
G63I4PLXSU,103.981,30.5565,220653,0,40,0,14-3-28 14:58:9,1
G63I4PLXSU,103.981,30.5565,220653,0,40,0,14-3-28 14:59:39,1
G63I4PLXSU,103.981,30.5565,220653,0,40,0,14-3-28 15:1:9,1
G63I4PLXSU,103.981,30.5565,220653,0,40,0,14-3-28 15:2:39,1
G63I4PLXSU,103.981,30.5565,220653,0,40,0,14-3-28 15:4:9,1
G63I4PLXSU,103.981,30.5565,220653,0,40,0,14-3-28 15:5:39,1
G63I4PLXSU,103.981,30.5565,220653,0,40,0,14-3-28 15:7:9,1
G63I4PLXSU,103.981,30.5565,220653,0,40,0,14-3-28 15:8:39,1
G63I4PLXSU,103.981,30.5565,220653,0,40,0,14-3-28 15:10:9,1
G63I4PLXSU,103.981,30.5565,220653,0,40,0,14-3-28 15:11:39,1
G63I4PLXSU,103.981,30.5565,220653,0,40,0,14-3-28 15:13:9,1
G63I4PLXSU,103.981,30.5565,220653,0,40,0,14-3-28 15:14:39,1
G63I4PLXSU,103.981,30.5565,220653,0,40,0,14-3-28 15:16:9,1
G63I4PLXSU,103.981,30.5565,220653,0,40,0,14-3-28 15:17:39,1
G63I4PLXSU,103.981,30.5565,220653,0,40,0,14-3-28 15:19:9,1
G63I4PLXSU,103.981,30.5565,220653,0,40,0,14-3-28 15:20:39,1
G63I4PLXSU,103.981,30.5565,220653,0,40,0,14-3-28 15:22:9,1
G63I4PLXSU,103.981,30.5565,220653,0,40,0,14-3-28 15:25:9,1
G63I4PLXSU,103.981,30.5565,220653,0,40,0,14-3-28 15:28:9,1
G63I4PLXSU,103.981,30.5565,220653,0,40,0,14-3-28 15:31:9,1
G63I4PLXSU,103.981,30.5565,220653,0,40,0,14-3-28 15:34:9,1
G63I4PLXSU,103.981,30.5565,220653,0,40,0,14-3-28 15:37:9,1
G63I4PLXSU,103.981,30.5565,220653,0,40,0,14-3-28 15:40:9,1
G63I4PLXSU,103.981,30.5565,220653,0,40,0,14-3-28 15:43:9,1
G63I4PLXSU,103.981,30.5565,220653,0,40,0,14-3-28 15:46:9,1
G63I4PLXSU,103.981,30.5565,220653,0,40,0,14-3-28 15:49:9,1
G63I4PLXSU,103.981,30.5565,220653,0,40,0,14-3-28 15:52:9,1
G63I4PLXSU,103.981,30.5565,220653,0,40,0,14-3-28 15:55:9,1
G63I4PLXSU,103.981,30.5565,220653,0,40,0,14-3-28 15:58:9,1
G63I4PLXSU,103.981,30.5565,220653,0,40,0,14-3-28 16:1:9,1
G63I4PLXSU,103.981,30.5565,220653,0,40,0,14-3-28 16:4:9,1
G63I4PLXSU,103.981,30.5565,220653,0,40,0,14-3-28 16:7:9,1
G63I4PLXSU,103.981,30.5565,220653,0,40,0,14-3-28 16:10:9,1
G63I4PLXSU,103.981,30.5575,220653,0,170,0,14-3-28 16:13:9,1
G63I4PLXSU,103.981,30.5575,220653,0,170,0,14-3-28 16:16:9,1
G63I4PLXSU,103.981,30.5575,220653,0,170,0,14-3-28 16:19:9,1
G63I4PLXSU,103.981,30.5575,220653,0,170,0,14-3-28 16:22:9,1
G63I4PLXSU,103.981,30.5575,220653,0,170,0,14-3-28 16:25:9,1
G63I4PLXSU,103.981,30.5575,220653,0,170,0,14-3-28 16:28:9,1
G63I4PLXSU,103.981,30.5575,220653,0,170,0,14-3-28 16:30:2,1
G63I4PLXSU,103.981,30.5576,220653,0,80,0,14-3-28 16:33:2,1
G63I4PLXSU,103.981,30.5576,220653,0,80,0,14-3-28 16:36:2,1
G63I4PLXSU,103.981,30.5576,220653,0,80,0,14-3-28 16:39:2,1
G63I4PLXSU,103.981,30.5576,220653,0,80,0,14-3-28 16:42:2,1
G63I4PLXSU,103.981,30.5576,220653,0,80,0,14-3-28 16:45:2,1
G63I4PLXSU,103.981,30.5576,220653,0,80,0,14-3-28 16:46:43,1
G63I4PLXSU,103.981,30.5576,220653,0,80,0,14-3-28 16:49:0,1
G63I4PLXSU,103.981,30.5576,220653,0,80,0,14-3-28 16:50:29,1
G63I4PLXSU,103.981,30.5576,220653,0,80,0,14-3-28 16:51:59,1
G63I4PLXSU,103.981,30.5576,220653,0,80,0,14-3-28 16:53:29,1
G63I4PLXSU,103.981,30.5576,220653,0,80,0,14-3-28 16:54:59,1
G63I4PLXSU,103.981,30.5576,220653,0,80,0,14-3-28 16:56:29,1
G63I4PLXSU,103.981,30.5576,220653,0,80,0,14-3-28 16:59:29,1
G63I4PLXSU,103.981,30.5576,220653,0,80,0,14-3-28 17:2:29,1
G63I4PLXSU,103.981,30.5576,220653,0,80,0,14-3-28 17:5:29,1
G63I4PLXSU,103.981,30.5576,220653,0,80,0,14-3-28 17:8:29,1
G63I4PLXSU,103.981,30.5576,220653,0,80,0,14-3-28 17:11:29,1
G63I4PLXSU,103.981,30.5576,220653,0,80,0,14-3-28 17:14:29,1
G63I4PLXSU,103.981,30.5576,220653,0,80,0,14-3-28 17:17:29,1
G63I4PLXSU,103.981,30.5576,220653,0,80,0,14-3-28 17:20:29,1
G63I4PLXSU,103.981,30.5576,220653,0,80,0,14-3-28 17:23:29,1
G63I4PLXSU,103.981,30.5576,220653,0,80,0,14-3-28 17:26:30,1
G63I4PLXSU,103.981,30.5576,220653,0,80,0,14-3-28 17:29:30,1
G63I4PLXSU,103.981,30.5576,220653,0,80,0,14-3-28 17:32:30,1
G63I4PLXSU,103.981,30.5576,220653,0,80,0,14-3-28 17:35:30,1
G63I4PLXSU,103.981,30.5576,220653,0,80,0,14-3-28 17:38:30,1
G63I4PLXSU,103.981,30.5576,220653,0,80,0,14-3-28 17:41:30,1
G63I4PLXSU,103.981,30.5576,220653,0,80,0,14-3-28 17:44:30,1
G63I4PLXSU,103.981,30.5574,220653,0,45,0,14-3-28 17:46:0,1
G63I4PLXSU,103.981,30.5569,220653,0,145,0,14-3-28 17:47:30,1
G63I4PLXSU,103.981,30.5567,220653,0,45,0,14-3-28 17:50:30,1
G63I4PLXSU,103.981,30.5567,220653,0,45,0,14-3-28 17:53:30,1
G63I4PLXSU,103.981,30.5567,220653,0,45,0,14-3-28 17:56:30,1
G63I4PLXSU,103.981,30.5567,220653,0,45,0,14-3-28 17:59:30,1
G63I4PLXSU,103.981,30.5567,220653,0,45,0,14-3-28 18:2:30,1
G63I4PLXSU,103.981,30.5567,220653,0,45,0,14-3-28 18:5:30,1
G63I4PLXSU,103.981,30.5567,220653,0,45,0,14-3-28 18:8:30,1
G63I4PLXSU,103.981,30.5567,220653,0,45,0,14-3-28 18:11:30,1
G63I4PLXSU,103.981,30.5567,220653,0,45,0,14-3-28 18:14:30,1
G63I4PLXSU,103.981,30.5567,220653,0,45,0,14-3-28 18:17:30,1
G63I4PLXSU,103.981,30.5567,220653,0,45,0,14-3-28 18:20:30,1
G63I4PLXSU,103.981,30.5567,220653,0,45,0,14-3-28 18:22:0,1
G63I4PLXSU,103.981,30.5566,220653,0,140,0,14-3-28 18:23:30,1
G63I4PLXSU,103.977,30.5538,220658,20,80,0,14-3-28 18:26:30,1
G63I4PLXSU,103.977,30.5497,220663,24,90,0,14-3-28 18:28:0,1
G63I4PLXSU,103.976,30.5461,220667,0,95,0,14-3-28 18:29:30,1
G63I4PLXSU,103.972,30.5388,220675,5,95,0,14-3-28 18:31:0,1
G63I4PLXSU,103.973,30.5377,220676,27,60,0,14-3-28 18:32:30,1
G63I4PLXSU,103.978,30.5348,220682,22,60,0,14-3-28 18:34:0,1
G63I4PLXSU,103.983,30.5318,220688,0,55,0,14-3-28 18:35:30,1
G63I4PLXSU,103.984,30.5315,220688,0,65,0,14-3-28 18:37:0,1
G63I4PLXSU,103.984,30.5313,220688,0,60,0,14-3-28 18:38:30,1
G63I4PLXSU,103.984,30.5313,220688,0,60,0,14-3-28 18:40:0,1
G63I4PLXSU,103.985,30.5309,220689,0,75,0,14-3-28 18:41:30,1
G63I4PLXSU,103.985,30.5304,220689,9,70,0,14-3-28 18:43:0,1
G63I4PLXSU,103.987,30.5281,220692,48,70,0,14-3-28 18:44:30,1
G63I4PLXSU,103.994,30.5348,220706,81,20,0,14-3-28 18:46:0,1
G63I4PLXSU,104.01,30.5473,220727,75,20,0,14-3-28 18:47:30,1
G63I4PLXSU,104.02,30.563,220746,81,10,0,14-3-28 18:49:0,1
G63I4PLXSU,104.024,30.5705,220755,5,15,0,14-3-28 18:50:30,1
G63I4PLXSU,104.025,30.571,220755,0,10,0,14-3-28 18:52:0,1
G63I4PLXSU,104.026,30.5747,220759,37,10,0,14-3-28 18:53:30,1
G63I4PLXSU,104.041,30.5725,220775,77,50,0,14-3-28 18:55:0,1
G63I4PLXSU,104.063,30.568,220796,79,40,0,14-3-28 18:56:30,1
G63I4PLXSU,104.082,30.5695,220814,83,35,0,14-3-28 18:58:0,1
G63I4PLXSU,104.102,30.5709,220833,79,45,0,14-3-28 18:59:30,1
G63I4PLXSU,104.122,30.571,220852,74,40,0,14-3-28 19:1:0,1
G63I4PLXSU,104.144,30.5729,220872,81,40,0,14-3-28 19:2:30,1
G63I4PLXSU,104.163,30.5785,220892,79,30,0,14-3-28 19:4:0,1
G63I4PLXSU,104.177,30.5926,220913,83,15,0,14-3-28 19:5:30,1
G63I4PLXSU,104.193,30.606,220934,85,25,0,14-3-28 19:7:0,1
G63I4PLXSU,104.204,30.621,220954,75,175,0,14-3-28 19:8:30,1
G63I4PLXSU,104.203,30.6377,220973,74,175,0,14-3-28 19:10:0,1
G63I4PLXSU,104.205,30.6565,220993,85,0,0,14-3-28 19:11:30,1
G63I4PLXSU,104.203,30.6748,221013,75,175,0,14-3-28 19:13:0,1
G63I4PLXSU,104.203,30.691,221031,83,175,0,14-3-28 19:14:30,1
G63I4PLXSU,104.2,30.7094,221051,85,175,0,14-3-28 19:16:0,1
G63I4PLXSU,104.198,30.7272,221070,70,175,0,14-3-28 19:17:30,1
G63I4PLXSU,104.186,30.7416,221090,81,155,0,14-3-28 19:19:0,1
G63I4PLXSU,104.171,30.7548,221110,64,155,0,14-3-28 19:20:30,1
G63I4PLXSU,104.172,30.7664,221124,42,0,0,14-3-28 19:22:0,1
G63I4PLXSU,104.178,30.7794,221139,72,10,0,14-3-28 19:23:30,1
G63I4PLXSU,104.186,30.793,221156,61,15,0,14-3-28 19:25:0,1
G63I4PLXSU,104.196,30.8033,221170,29,20,0,14-3-28 19:26:30,1
G63I4PLXSU,104.203,30.8115,221181,35,10,0,14-3-28 19:28:0,1
G63I4PLXSU,104.206,30.8233,221195,70,5,0,14-3-28 19:29:30,1
G63I4PLXSU,104.212,30.8397,221213,87,5,0,14-3-28 19:31:0,1
G63I4PLXSU,104.215,30.8567,221232,55,175,0,14-3-28 19:32:30,1
G63I4PLXSU,104.211,30.8584,221242,1,135,0,14-3-28 19:34:0,1
G63I4PLXSU,104.211,30.8584,221242,0,135,0,14-3-28 19:35:30,1
G63I4PLXSU,104.211,30.8584,221242,3,135,0,14-3-28 19:37:0,1
G63I4PLXSU,104.203,30.8597,221249,64,140,0,14-3-28 19:38:30,1
G63I4PLXSU,104.194,30.8621,221258,40,145,0,14-3-28 19:40:0,1
G63I4PLXSU,104.196,30.8692,221267,37,10,0,14-3-28 19:41:30,1
G63I4PLXSU,104.2,30.8767,221276,51,10,0,14-3-28 19:43:0,1
G63I4PLXSU,104.206,30.8866,221287,0,15,0,14-3-28 19:44:30,1
G63I4PLXSU,104.208,30.8891,221290,5,15,0,14-3-28 19:46:0,1
G63I4PLXSU,104.212,30.8935,221297,25,20,0,14-3-28 19:47:30,1
G63I4PLXSU,104.214,30.8943,221299,0,40,0,14-3-28 19:49:0,1
G63I4PLXSU,104.215,30.8936,221300,12,55,0,14-3-28 19:50:30,1
G63I4PLXSU,104.216,30.893,221301,0,125,0,14-3-28 19:52:0,1
G63I4PLXSU,104.217,30.893,221301,0,25,0,14-3-28 19:53:30,1
G63I4PLXSU,104.218,30.892,221303,0,80,0,14-3-28 19:55:0,1
G63I4PLXSU,104.219,30.8913,221304,7,45,0,14-3-28 19:56:30,1
G63I4PLXSU,104.219,30.8913,221304,0,60,0,14-3-28 19:58:0,1
G63I4PLXSU,104.219,30.8913,221304,0,60,0,14-3-28 20:1:0,1
G63I4PLXSU,104.219,30.8913,221304,0,60,0,14-3-28 20:4:0,1
G63I4PLXSU,104.219,30.8913,221304,0,60,0,14-3-28 20:7:0,1
G63I4PLXSU,104.219,30.8913,221304,0,60,0,14-3-28 20:10:0,1
G63I4PLXSU,104.219,30.8913,221304,0,60,0,14-3-28 20:13:0,1
G63I4PLXSU,104.219,30.8913,221304,0,60,0,14-3-28 20:16:0,1
G63I4PLXSU,104.219,30.8913,221304,0,60,0,14-3-28 20:19:0,1
G63I4PLXSU,104.219,30.8913,221304,0,60,0,14-3-28 20:22:0,1
G63I4PLXSU,104.219,30.8913,221304,0,60,0,14-3-28 20:25:0,1
G63I4PLXSU,104.219,30.8913,221304,0,60,0,14-3-28 20:28:1,1
G63I4PLXSU,104.219,30.8913,221304,0,60,0,14-3-28 20:31:1,1
G63I4PLXSU,104.219,30.8913,221304,0,60,0,14-3-28 20:34:0,1
G63I4PLXSU,104.219,30.8913,221304,0,60,0,14-3-28 20:37:1,1
G63I4PLXSU,104.219,30.8913,221304,0,60,0,14-3-28 20:40:1,1
G63I4PLXSU,104.219,30.8913,221304,0,60,0,14-3-28 20:43:1,1
G63I4PLXSU,104.219,30.8913,221304,0,60,0,14-3-28 20:46:1,1
G63I4PLXSU,104.219,30.8913,221304,0,60,0,14-3-28 20:49:1,1
G63I4PLXSU,104.219,30.8913,221304,0,60,0,14-3-28 20:52:1,1
G63I4PLXSU,104.219,30.8913,221304,0,60,0,14-3-28 20:55:1,1
G63I4PLXSU,104.219,30.8913,221304,0,60,0,14-3-28 20:58:1,1
G63I4PLXSU,104.219,30.8913,221304,0,60,0,14-3-28 21:1:1,1
G63I4PLXSU,104.219,30.8913,221304,0,60,0,14-3-28 21:4:1,1
G63I4PLXSU,104.219,30.8913,221304,0,60,0,14-3-28 21:7:1,1
G63I4PLXSU,104.219,30.8913,221304,0,60,0,14-3-28 21:10:1,1
G63I4PLXSU,104.219,30.8913,221304,0,60,0,14-3-28 21:13:1,1
G63I4PLXSU,104.219,30.8913,221304,0,60,0,14-3-28 21:16:1,1
G63I4PLXSU,104.219,30.8913,221304,0,60,0,14-3-28 21:19:1,1
G63I4PLXSU,104.219,30.8913,221304,0,60,0,14-3-28 21:22:1,1
G63I4PLXSU,104.219,30.8913,221304,0,60,0,14-3-28 21:25:1,1
G63I4PLXSU,104.219,30.8913,221304,0,60,0,14-3-28 21:28:1,1
G63I4PLXSU,104.219,30.8913,221304,0,60,0,14-3-28 21:31:1,1
G63I4PLXSU,104.219,30.8913,221304,0,60,0,14-3-28 21:34:1,1
G63I4PLXSU,104.219,30.8913,221304,0,60,0,14-3-28 21:37:1,1
G63I4PLXSU,104.219,30.8913,221304,0,60,0,14-3-28 21:40:1,1
G63I4PLXSU,104.219,30.8913,221304,0,60,0,14-3-28 21:43:1,1
G63I4PLXSU,104.219,30.8913,221304,0,60,0,14-3-28 21:46:1,1
G63I4PLXSU,104.219,30.8913,221304,0,60,0,14-3-28 21:49:1,1
G63I4PLXSU,104.219,30.8913,221304,0,60,0,14-3-28 21:52:1,1
G63I4PLXSU,104.219,30.8913,221304,0,60,0,14-3-28 21:55:1,1
G63I4PLXSU,104.219,30.8913,221304,0,60,0,14-3-28 21:58:1,1
G63I4PLXSU,104.219,30.8913,221304,0,60,0,14-3-28 22:1:1,1
G63I4PLXSU,104.219,30.8913,221304,0,60,0,14-3-28 22:4:1,1
G63I4PLXSU,104.219,30.8913,221304,0,60,0,14-3-28 22:7:1,1
G63I4PLXSU,104.219,30.8913,221304,0,60,0,14-3-28 22:10:1,1
G63I4PLXSU,104.219,30.8913,221304,0,60,0,14-3-28 22:13:1,1
G63I4PLXSU,104.219,30.8913,221304,0,60,0,14-3-28 22:16:1,1
G63I4PLXSU,104.219,30.8913,221304,0,60,0,14-3-28 22:19:1,1
G63I4PLXSU,104.219,30.8913,221304,0,60,0,14-3-28 22:22:1,1
G63I4PLXSU,104.219,30.8913,221304,0,60,0,14-3-28 22:25:1,1
G63I4PLXSU,104.219,30.8913,221304,0,60,0,14-3-28 22:28:1,1
G63I4PLXSU,104.219,30.8913,221304,0,60,0,14-3-28 22:35:4,1
G63I4PLXSU,104.219,30.8913,221304,0,60,0,14-3-28 22:38:4,1
G63I4PLXSU,104.219,30.8913,221304,0,60,0,14-3-28 22:41:4,1
G63I4PLXSU,104.219,30.8913,221304,0,60,0,14-3-28 22:44:4,1
G63I4PLXSU,104.219,30.8913,221304,0,60,0,14-3-28 22:47:4,1
G63I4PLXSU,104.219,30.8913,221304,0,60,0,14-3-28 22:50:4,1
G63I4PLXSU,104.219,30.8913,221304,0,60,0,14-3-28 22:53:4,1
G63I4PLXSU,104.219,30.8913,221304,0,60,0,14-3-28 22:56:4,1
G63I4PLXSU,104.219,30.8913,221304,0,60,0,14-3-28 22:59:4,1
G63I4PLXSU,104.219,30.8913,221304,0,60,0,14-3-28 23:2:4,1
G63I4PLXSU,104.219,30.8913,221304,0,60,0,14-3-28 23:5:4,1
G63I4PLXSU,104.219,30.8913,221304,0,60,0,14-3-28 23:8:4,1
G63I4PLXSU,104.219,30.8913,221304,0,60,0,14-3-28 23:11:4,1
G63I4PLXSU,104.219,30.8913,221304,0,60,0,14-3-28 23:14:4,1
G63I4PLXSU,104.219,30.8913,221304,0,60,0,14-3-28 23:17:4,1
G63I4PLXSU,104.219,30.8913,221304,0,60,0,14-3-28 23:20:4,1
G63I4PLXSU,104.219,30.8913,221304,0,60,0,14-3-28 23:23:4,1
G63I4PLXSU,104.219,30.8913,221304,0,60,0,14-3-28 23:26:4,1
G63I4PLXSU,104.219,30.8913,221304,0,60,0,14-3-28 23:29:4,1
G63I4PLXSU,104.219,30.8913,221304,0,60,0,14-3-28 23:32:4,1
G63I4PLXSU,104.219,30.8913,221304,0,60,0,14-3-28 23:35:4,1
G63I4PLXSU,104.219,30.8913,221304,0,60,0,14-3-28 23:38:4,1
G63I4PLXSU,104.219,30.8913,221304,0,60,0,14-3-28 23:41:4,1
G63I4PLXSU,104.219,30.8913,221304,0,60,0,14-3-28 23:44:4,1
G63I4PLXSU,104.219,30.8913,221304,0,60,0,14-3-28 23:47:4,1
G63I4PLXSU,104.219,30.8913,221304,0,60,0,14-3-28 23:50:4,1
G63I4PLXSU,104.219,30.8913,221304,0,60,0,14-3-28 23:53:4,1
G63I4PLXSU,104.219,30.8913,221304,0,60,0,14-3-28 23:54:27,1
G63I4PLXSU,104.219,30.8913,221304,0,60,0,14-3-28 23:57:26,1
G63I4PLXSU,104.219,30.8913,221304,0,60,0,14-3-29 0:0:27,1
G63I4PLXSU,104.219,30.8913,221304,0,60,0,14-3-29 0:3:27,1
G63I4PLXSU,104.219,30.8913,221304,0,60,0,14-3-29 0:6:27,1
G63I4PLXSU,104.219,30.8913,221304,0,60,0,14-3-29 0:23:16,1
G63I4PLXSU,104.219,30.8913,221304,0,60,0,14-3-29 0:26:16,1
G63I4PLXSU,104.219,30.8913,221304,0,60,0,14-3-29 0:29:16,1
G63I4PLXSU,104.219,30.8913,221304,0,60,0,14-3-29 0:32:16,1
G63I4PLXSU,104.219,30.8913,221304,0,60,0,14-3-29 0:35:16,1
G63I4PLXSU,104.219,30.8913,221304,0,60,0,14-3-29 0:38:16,1
G63I4PLXSU,104.219,30.8913,221304,0,60,0,14-3-29 0:41:16,1
G63I4PLXSU,104.219,30.8913,221304,0,60,0,14-3-29 0:44:16,1
G63I4PLXSU,104.219,30.8913,221304,0,60,0,14-3-29 0:47:16,1
G63I4PLXSU,104.219,30.8913,221304,0,60,0,14-3-29 0:50:16,1
G63I4PLXSU,104.219,30.8913,221304,0,60,0,14-3-29 0:53:16,1
G63I4PLXSU,104.219,30.8913,221304,0,60,0,14-3-29 0:56:16,1
G63I4PLXSU,104.219,30.8913,221304,0,60,0,14-3-29 0:59:16,1
G63I4PLXSU,104.219,30.8913,221304,0,60,0,14-3-29 1:2:16,1
G63I4PLXSU,104.219,30.8913,221304,0,60,0,14-3-29 1:5:16,1
G63I4PLXSU,104.219,30.8913,221304,0,60,0,14-3-29 1:8:16,1
G63I4PLXSU,104.219,30.8913,221304,0,60,0,14-3-29 1:11:16,1
G63I4PLXSU,104.219,30.8913,221304,0,60,0,14-3-29 1:14:16,1
G63I4PLXSU,104.219,30.8913,221304,0,60,0,14-3-29 1:17:16,1
G63I4PLXSU,104.219,30.8913,221304,0,60,0,14-3-29 1:20:16,1
G63I4PLXSU,104.219,30.8913,221304,0,60,0,14-3-29 1:23:16,1
G63I4PLXSU,104.219,30.8913,221304,0,60,0,14-3-29 1:26:16,1
G63I4PLXSU,104.219,30.8913,221304,0,60,0,14-3-29 1:29:16,1
G63I4PLXSU,104.219,30.8913,221304,0,60,0,14-3-29 1:32:16,1
G63I4PLXSU,104.219,30.8913,221304,0,60,0,14-3-29 1:35:16,1
G63I4PLXSU,104.219,30.8913,221304,0,60,0,14-3-29 1:38:16,1
G63I4PLXSU,104.219,30.8913,221304,0,60,0,14-3-29 1:41:16,1
G63I4PLXSU,104.219,30.8913,221304,0,60,0,14-3-29 1:44:16,1
G63I4PLXSU,104.219,30.8913,221304,0,60,0,14-3-29 1:48:9,1
G63I4PLXSU,104.219,30.8913,221304,0,60,0,14-3-29 1:51:9,1
G63I4PLXSU,104.219,30.8913,221304,0,60,0,14-3-29 1:54:9,1
G63I4PLXSU,104.219,30.8913,221304,0,60,0,14-3-29 1:57:9,1
G63I4PLXSU,104.219,30.8913,221304,0,60,0,14-3-29 2:0:9,1
G63I4PLXSU,104.219,30.8913,221304,0,60,0,14-3-29 2:3:9,1
G63I4PLXSU,104.219,30.8913,221304,0,60,0,14-3-29 2:6:9,1
G63I4PLXSU,104.219,30.8913,221304,0,60,0,14-3-29 2:9:9,1
G63I4PLXSU,104.219,30.8913,221304,0,60,0,14-3-29 2:12:9,1
G63I4PLXSU,104.219,30.8913,221304,0,60,0,14-3-29 2:15:9,1
G63I4PLXSU,104.219,30.8913,221304,0,60,0,14-3-29 2:18:9,1
G63I4PLXSU,104.219,30.8913,221304,0,60,0,14-3-29 2:21:9,1
G63I4PLXSU,104.219,30.8913,221304,0,60,0,14-3-29 2:24:9,1
G63I4PLXSU,104.219,30.8913,221304,0,60,0,14-3-29 2:27:9,1
G63I4PLXSU,104.219,30.8913,221304,0,60,0,14-3-29 2:30:9,1
G63I4PLXSU,104.219,30.8913,221304,0,60,0,14-3-29 2:33:9,1
G63I4PLXSU,104.219,30.8913,221304,0,60,0,14-3-29 2:36:9,1
G63I4PLXSU,104.219,30.8913,221304,0,60,0,14-3-29 2:39:9,1
G63I4PLXSU,104.219,30.8913,221304,0,60,0,14-3-29 2:42:9,1
G63I4PLXSU,104.219,30.8913,221304,0,60,0,14-3-29 2:45:9,1
G63I4PLXSU,104.219,30.8913,221304,0,60,0,14-3-29 2:48:9,1
G63I4PLXSU,104.219,30.8913,221304,0,60,0,14-3-29 2:51:9,1
G63I4PLXSU,104.219,30.8913,221304,0,60,0,14-3-29 2:54:9,1
G63I4PLXSU,104.219,30.8913,221304,0,60,0,14-3-29 2:57:9,1
G63I4PLXSU,104.219,30.8913,221304,0,60,0,14-3-29 3:0:9,1
G63I4PLXSU,104.219,30.8913,221304,0,60,0,14-3-29 3:3:9,1
G63I4PLXSU,104.219,30.8913,221304,0,60,0,14-3-29 3:6:9,1
G63I4PLXSU,104.219,30.8913,221304,0,60,0,14-3-29 3:9:9,1
G63I4PLXSU,104.219,30.8913,221304,0,60,0,14-3-29 3:12:9,1
G63I4PLXSU,104.219,30.8913,221304,0,60,0,14-3-29 3:15:10,1
G63I4PLXSU,104.219,30.8913,221304,0,60,0,14-3-29 3:18:10,1
G63I4PLXSU,104.219,30.8913,221304,0,60,0,14-3-29 3:21:10,1
G63I4PLXSU,104.219,30.8913,221304,0,60,0,14-3-29 3:24:10,1
G63I4PLXSU,104.219,30.8913,221304,0,60,0,14-3-29 3:27:10,1
G63I4PLXSU,104.219,30.8913,221304,0,60,0,14-3-29 3:30:10,1
G63I4PLXSU,104.219,30.8913,221304,0,60,0,14-3-29 3:33:10,1
G63I4PLXSU,104.219,30.8913,221304,0,60,0,14-3-29 3:36:10,1
G63I4PLXSU,104.219,30.8913,221304,0,60,0,14-3-29 3:39:10,1
G63I4PLXSU,104.219,30.8913,221304,0,60,0,14-3-29 3:42:10,1
G63I4PLXSU,104.219,30.8913,221304,0,60,0,14-3-29 3:45:10,1
G63I4PLXSU,104.219,30.8913,221304,0,60,0,14-3-29 3:48:10,1
G63I4PLXSU,104.219,30.8913,221304,0,60,0,14-3-29 3:51:10,1
G63I4PLXSU,104.219,30.8913,221304,0,60,0,14-3-29 3:54:10,1
G63I4PLXSU,104.219,30.8913,221304,0,60,0,14-3-29 3:57:10,1
G63I4PLXSU,104.219,30.8913,221304,0,60,0,14-3-29 4:0:10,1
G63I4PLXSU,104.219,30.8913,221304,0,60,0,14-3-29 4:3:10,1
G63I4PLXSU,104.219,30.8913,221304,0,60,0,14-3-29 4:6:10,1
G63I4PLXSU,104.219,30.8913,221304,0,60,0,14-3-29 4:9:10,1
G63I4PLXSU,104.219,30.8913,221304,0,60,0,14-3-29 4:12:10,1
G63I4PLXSU,104.219,30.8913,221304,0,60,0,14-3-29 4:15:10,1
G63I4PLXSU,104.219,30.8913,221304,0,60,0,14-3-29 4:18:10,1
G63I4PLXSU,104.219,30.8913,221304,0,60,0,14-3-29 4:21:10,1
G63I4PLXSU,104.219,30.8913,221304,0,60,0,14-3-29 4:24:10,1
G63I4PLXSU,104.219,30.8913,221304,0,60,0,14-3-29 4:27:10,1
G63I4PLXSU,104.219,30.8913,221304,0,60,0,14-3-29 4:30:10,1
G63I4PLXSU,104.219,30.8913,221304,0,60,0,14-3-29 4:33:10,1
G63I4PLXSU,104.219,30.8913,221304,0,60,0,14-3-29 4:36:10,1
G63I4PLXSU,104.219,30.8913,221304,0,60,0,14-3-29 4:39:10,1
G63I4PLXSU,104.219,30.8913,221304,0,60,0,14-3-29 4:42:10,1
G63I4PLXSU,104.219,30.8913,221304,0,60,0,14-3-29 4:45:10,1
G63I4PLXSU,104.219,30.8913,221304,0,60,0,14-3-29 4:48:10,1
G63I4PLXSU,104.219,30.8913,221304,0,60,0,14-3-29 4:51:10,1
G63I4PLXSU,104.219,30.8913,221304,0,60,0,14-3-29 4:54:10,1
G63I4PLXSU,104.219,30.8913,221304,0,60,0,14-3-29 4:57:10,1
G63I4PLXSU,104.219,30.8913,221304,0,60,0,14-3-29 5:0:10,1
G63I4PLXSU,104.219,30.8913,221304,0,60,0,14-3-29 5:3:10,1
G63I4PLXSU,104.219,30.8913,221304,0,60,0,14-3-29 5:6:10,1
G63I4PLXSU,104.219,30.8913,221304,0,60,0,14-3-29 5:9:10,1
G63I4PLXSU,104.219,30.8913,221304,0,60,0,14-3-29 5:12:10,1
G63I4PLXSU,104.219,30.8913,221304,0,60,0,14-3-29 5:15:10,1
G63I4PLXSU,104.219,30.8913,221304,0,60,0,14-3-29 5:18:10,1
G63I4PLXSU,104.219,30.8913,221304,0,60,0,14-3-29 5:21:10,1
G63I4PLXSU,104.219,30.8913,221304,0,60,0,14-3-29 5:24:10,1
G63I4PLXSU,104.219,30.8913,221304,0,60,0,14-3-29 5:27:10,1
G63I4PLXSU,104.219,30.8913,221304,0,60,0,14-3-29 5:30:10,1
G63I4PLXSU,104.219,30.8913,221304,0,60,0,14-3-29 5:33:10,1
G63I4PLXSU,104.219,30.8913,221304,0,60,0,14-3-29 5:36:10,1
G63I4PLXSU,104.219,30.8913,221304,0,60,0,14-3-29 5:39:10,1
G63I4PLXSU,104.219,30.8913,221304,0,60,0,14-3-29 5:42:10,1
G63I4PLXSU,104.219,30.8913,221304,0,60,0,14-3-29 5:45:10,1
G63I4PLXSU,104.219,30.8913,221304,0,60,0,14-3-29 5:48:10,1
G63I4PLXSU,104.219,30.8913,221304,0,60,0,14-3-29 5:51:10,1
G63I4PLXSU,104.219,30.8913,221304,0,60,0,14-3-29 5:54:10,1
G63I4PLXSU,104.219,30.8913,221304,0,60,0,14-3-29 5:57:10,1
G63I4PLXSU,104.219,30.8913,221304,0,60,0,14-3-29 6:0:10,1
G63I4PLXSU,104.219,30.8913,221304,0,60,0,14-3-29 6:3:10,1
G63I4PLXSU,104.219,30.8913,221304,0,60,0,14-3-29 6:6:10,1
G63I4PLXSU,104.219,30.8913,221304,0,60,0,14-3-29 6:9:10,1
G63I4PLXSU,104.219,30.8913,221304,0,60,0,14-3-29 6:12:11,1
G63I4PLXSU,104.219,30.8913,221304,0,60,0,14-3-29 6:15:11,1
G63I4PLXSU,104.219,30.8913,221304,0,60,0,14-3-29 6:18:11,1
G63I4PLXSU,104.219,30.8913,221304,0,60,0,14-3-29 6:21:11,1
G63I4PLXSU,104.219,30.8913,221304,0,60,0,14-3-29 6:24:11,1
G63I4PLXSU,104.219,30.8913,221304,0,60,0,14-3-29 6:27:11,1
G63I4PLXSU,104.219,30.8913,221304,0,60,0,14-3-29 6:30:11,1
G63I4PLXSU,104.219,30.8913,221304,0,60,0,14-3-29 6:33:11,1
G63I4PLXSU,104.219,30.8913,221304,0,60,0,14-3-29 6:36:11,1
G63I4PLXSU,104.219,30.8913,221304,0,60,0,14-3-29 6:39:11,1
G63I4PLXSU,104.219,30.8913,221304,0,60,0,14-3-29 6:42:11,1
G63I4PLXSU,104.219,30.8913,221304,0,60,0,14-3-29 6:45:11,1
G63I4PLXSU,104.219,30.8913,221304,0,60,0,14-3-29 6:48:11,1
G63I4PLXSU,104.219,30.8913,221304,0,60,0,14-3-29 6:51:11,1
G63I4PLXSU,104.219,30.8913,221304,0,60,0,14-3-29 6:54:11,1
G63I4PLXSU,104.219,30.8913,221304,0,60,0,14-3-29 6:57:11,1
G63I4PLXSU,104.219,30.8913,221304,0,60,0,14-3-29 7:0:11,1
G63I4PLXSU,104.219,30.8913,221304,0,60,0,14-3-29 7:3:11,1
G63I4PLXSU,104.219,30.8913,221304,0,60,0,14-3-29 7:6:11,1
G63I4PLXSU,104.219,30.8913,221304,0,60,0,14-3-29 7:9:11,1
G63I4PLXSU,104.219,30.8913,221304,0,60,0,14-3-29 7:12:11,1
G63I4PLXSU,104.219,30.8913,221304,0,60,0,14-3-29 7:15:11,1
G63I4PLXSU,104.219,30.8913,221304,0,60,0,14-3-29 7:18:11,1
G63I4PLXSU,104.219,30.8913,221304,0,60,0,14-3-29 7:21:11,1
G63I4PLXSU,104.219,30.8913,221304,0,60,0,14-3-29 7:24:11,1
G63I4PLXSU,104.219,30.8913,221304,0,60,0,14-3-29 7:27:11,1
G63I4PLXSU,104.219,30.8913,221304,0,60,0,14-3-29 7:30:11,1
G63I4PLXSU,104.219,30.8913,221304,0,60,0,14-3-29 7:33:11,1
G63I4PLXSU,104.219,30.8913,221304,0,60,0,14-3-29 7:36:11,1
G63I4PLXSU,104.219,30.8913,221304,0,60,0,14-3-29 7:39:11,1
G63I4PLXSU,104.219,30.8913,221304,0,60,0,14-3-29 7:42:11,1
G63I4PLXSU,104.219,30.8913,221304,0,60,0,14-3-29 7:45:11,1
G63I4PLXSU,104.219,30.8913,221304,0,60,0,14-3-29 7:48:11,1
G63I4PLXSU,104.219,30.8913,221304,0,60,0,14-3-29 7:51:11,1
G63I4PLXSU,104.219,30.8913,221304,0,60,0,14-3-29 7:54:11,1
G63I4PLXSU,104.219,30.8913,221304,0,60,0,14-3-29 7:57:11,1
G63I4PLXSU,104.219,30.8913,221304,0,60,0,14-3-29 8:0:11,1
G63I4PLXSU,104.219,30.8913,221304,0,60,0,14-3-29 8:3:11,1
G63I4PLXSU,104.219,30.8913,221304,0,60,0,14-3-29 8:6:11,1
G63I4PLXSU,104.219,30.8913,221304,0,60,0,14-3-29 8:9:11,1
G63I4PLXSU,104.219,30.8913,221304,0,60,0,14-3-29 8:12:11,1
G63I4PLXSU,104.219,30.8913,221304,0,60,0,14-3-29 8:15:11,1
G63I4PLXSU,104.219,30.8913,221304,0,60,0,14-3-29 8:18:11,1
G63I4PLXSU,104.219,30.8913,221304,0,60,0,14-3-29 8:21:11,1
G63I4PLXSU,104.219,30.8913,221304,0,60,0,14-3-29 8:24:11,1
G63I4PLXSU,104.219,30.8913,221304,0,60,0,14-3-29 8:27:11,1
G63I4PLXSU,104.219,30.8913,221304,0,60,0,14-3-29 8:30:11,1
G63I4PLXSU,104.219,30.8913,221304,0,60,0,14-3-29 8:33:11,1
G63I4PLXSU,104.219,30.8913,221304,0,60,0,14-3-29 8:36:11,1
G63I4PLXSU,104.219,30.8913,221304,0,60,0,14-3-29 8:39:11,1
G63I4PLXSU,104.219,30.8913,221304,0,60,0,14-3-29 8:42:11,1
G63I4PLXSU,104.219,30.8913,221304,0,60,0,14-3-29 8:45:11,1
G63I4PLXSU,104.219,30.8913,221304,0,60,0,14-3-29 8:48:11,1
G63I4PLXSU,104.219,30.8913,221304,0,60,0,14-3-29 8:51:11,1
G63I4PLXSU,104.219,30.8913,221304,0,60,0,14-3-29 8:54:11,1
G63I4PLXSU,104.219,30.8913,221304,0,60,0,14-3-29 8:57:12,1
G63I4PLXSU,104.219,30.8913,221304,0,60,0,14-3-29 9:0:11,1
G63I4PLXSU,104.219,30.8913,221304,0,60,0,14-3-29 9:3:11,1
G63I4PLXSU,104.219,30.8913,221304,0,60,0,14-3-29 9:6:11,1
G63I4PLXSU,104.219,30.8913,221304,0,60,0,14-3-29 9:9:11,1
G63I4PLXSU,104.219,30.8913,221304,0,60,0,14-3-29 9:12:11,1
G63I4PLXSU,104.219,30.8913,221304,0,60,0,14-3-29 9:15:11,1
G63I4PLXSU,104.219,30.8913,221304,0,60,0,14-3-29 9:18:11,1
G63I4PLXSU,104.219,30.8913,221304,0,60,0,14-3-29 9:21:11,1
G63I4PLXSU,104.219,30.8913,221304,0,60,0,14-3-29 9:24:11,1
G63I4PLXSU,104.219,30.8913,221304,0,60,0,14-3-29 9:27:12,1
G63I4PLXSU,104.219,30.8913,221304,0,60,0,14-3-29 9:30:11,1
G63I4PLXSU,104.219,30.8913,221304,0,60,0,14-3-29 9:33:11,1
G63I4PLXSU,104.219,30.8913,221304,0,60,0,14-3-29 9:34:42,1
G63I4PLXSU,104.219,30.8913,221304,9,40,0,14-3-29 9:36:12,1
G63I4PLXSU,104.219,30.8921,221306,0,15,0,14-3-29 9:39:12,1
G63I4PLXSU,104.219,30.8921,221306,0,15,0,14-3-29 9:42:12,1
G63I4PLXSU,104.219,30.8921,221306,0,15,0,14-3-29 9:45:11,1
G63I4PLXSU,104.219,30.8921,221306,0,15,0,14-3-29 9:48:11,1
G63I4PLXSU,104.219,30.8921,221306,0,15,0,14-3-29 9:51:12,1
G63I4PLXSU,104.219,30.8921,221306,0,15,0,14-3-29 9:54:12,1
G63I4PLXSU,104.219,30.8921,221306,0,15,0,14-3-29 9:57:12,1
G63I4PLXSU,104.219,30.8921,221306,0,15,0,14-3-29 10:0:12,1
G63I4PLXSU,104.219,30.8921,221306,0,15,0,14-3-29 10:6:12,1
G63I4PLXSU,104.219,30.8921,221306,0,15,0,14-3-29 10:9:12,1
G63I4PLXSU,104.219,30.8921,221306,0,15,0,14-3-29 10:10:42,1
G63I4PLXSU,104.219,30.8921,221306,0,15,0,14-3-29 10:13:42,1
G63I4PLXSU,104.219,30.8921,221306,0,15,0,14-3-29 10:16:42,1
G63I4PLXSU,104.219,30.8921,221306,0,15,0,14-3-29 10:19:42,1
G63I4PLXSU,104.219,30.8921,221306,0,15,0,14-3-29 10:22:42,1
G63I4PLXSU,104.219,30.8921,221306,0,15,0,14-3-29 10:25:42,1
G63I4PLXSU,104.219,30.8921,221306,0,85,0,14-3-29 10:27:12,1
G63I4PLXSU,104.215,30.8938,221310,7,145,0,14-3-29 10:28:42,1
G63I4PLXSU,104.215,30.8939,221310,0,145,0,14-3-29 10:30:12,1
G63I4PLXSU,104.212,30.893,221314,42,110,0,14-3-29 10:31:42,1
G63I4PLXSU,104.207,30.8878,221321,9,105,0,14-3-29 10:33:12,1
G63I4PLXSU,104.204,30.8832,221326,27,100,0,14-3-29 10:34:42,1
G63I4PLXSU,104.2,30.8754,221335,37,100,0,14-3-29 10:36:12,1
G63I4PLXSU,104.196,30.8686,221343,37,100,0,14-3-29 10:37:42,1
G63I4PLXSU,104.193,30.8634,221349,12,100,0,14-3-29 10:39:12,1
G63I4PLXSU,104.201,30.8602,221357,57,50,0,14-3-29 10:40:42,1
G63I4PLXSU,104.211,30.858,221367,3,50,0,14-3-29 10:42:12,1
G63I4PLXSU,104.215,30.8504,221377,72,90,0,14-3-29 10:43:42,1
G63I4PLXSU,104.209,30.8338,221396,75,95,0,14-3-29 10:45:12,1
G63I4PLXSU,104.205,30.817,221415,74,95,0,14-3-29 10:46:42,1
G63I4PLXSU,104.204,30.8106,221427,51,65,0,14-3-29 10:52:3,1
G63I4PLXSU,104.21,30.8062,221434,53,60,0,14-3-29 10:53:32,1
G63I4PLXSU,104.215,30.8128,221444,50,5,0,14-3-29 10:55:2,1
G63I4PLXSU,104.223,30.8142,221455,62,50,0,14-3-29 10:56:32,1
G63I4PLXSU,104.228,30.8119,221461,0,40,0,14-3-29 10:58:2,1
G63I4PLXSU,104.228,30.81,221463,40,105,0,14-3-29 10:59:32,1
G63I4PLXSU,104.221,30.8084,221472,1,100,0,14-3-29 11:1:2,1
G63I4PLXSU,104.217,30.8061,221477,40,135,0,14-3-29 11:2:32,1
G63I4PLXSU,104.217,30.8062,221478,0,75,0,14-3-29 11:5:32,1
G63I4PLXSU,104.217,30.8062,221478,0,75,0,14-3-29 11:8:32,1
G63I4PLXSU,104.217,30.8062,221478,0,75,0,14-3-29 11:11:32,1
G63I4PLXSU,104.217,30.8062,221478,0,75,0,14-3-29 11:14:32,1
G63I4PLXSU,104.217,30.8062,221478,0,75,0,14-3-29 11:17:32,1
G63I4PLXSU,104.217,30.8062,221478,0,75,0,14-3-29 11:20:32,1
G63I4PLXSU,104.217,30.8062,221478,0,75,0,14-3-29 11:23:32,1
G63I4PLXSU,104.217,30.8062,221478,0,85,0,14-3-29 11:25:38,1
G63I4PLXSU,104.218,30.8097,221482,18,5,0,14-3-29 11:27:8,1
G63I4PLXSU,104.22,30.8153,221488,20,35,0,14-3-29 11:28:38,1
G63I4PLXSU,104.228,30.8119,221496,0,155,0,14-3-29 11:31:38,1
G63I4PLXSU,104.228,30.8119,221496,0,155,0,14-3-29 11:34:38,1
G63I4PLXSU,104.228,30.8119,221496,0,155,0,14-3-29 11:37:38,1
G63I4PLXSU,104.228,30.8119,221496,0,155,0,14-3-29 11:40:38,1
G63I4PLXSU,104.228,30.8119,221496,0,155,0,14-3-29 11:43:38,1
G63I4PLXSU,104.228,30.8119,221496,0,155,0,14-3-29 11:46:38,1
G63I4PLXSU,104.228,30.8119,221496,0,155,0,14-3-29 11:49:38,1
G63I4PLXSU,104.228,30.8119,221496,0,155,0,14-3-29 11:52:38,1
G63I4PLXSU,104.228,30.8119,221496,0,155,0,14-3-29 11:55:38,1
G63I4PLXSU,104.228,30.8119,221496,0,155,0,14-3-29 11:58:38,1
G63I4PLXSU,104.228,30.8119,221496,0,155,0,14-3-29 12:1:38,1
G63I4PLXSU,104.228,30.8119,221496,0,155,0,14-3-29 12:4:38,1
G63I4PLXSU,104.228,30.8119,221496,0,155,0,14-3-29 12:7:38,1
G63I4PLXSU,104.228,30.8119,221496,0,155,0,14-3-29 12:10:38,1
G63I4PLXSU,104.228,30.8119,221496,0,155,0,14-3-29 12:13:38,1
G63I4PLXSU,104.228,30.8119,221496,0,155,0,14-3-29 12:16:38,1
G63I4PLXSU,104.228,30.8119,221496,0,155,0,14-3-29 12:19:38,1
G63I4PLXSU,104.228,30.8119,221496,0,155,0,14-3-29 12:22:38,1
G63I4PLXSU,104.228,30.812,221496,0,50,0,14-3-29 12:24:8,1
G63I4PLXSU,104.228,30.812,221496,0,45,0,14-3-29 12:25:38,1
G63I4PLXSU,104.228,30.812,221496,0,170,0,14-3-29 12:27:8,1
G63I4PLXSU,104.228,30.812,221496,0,60,0,14-3-29 12:28:38,1
G63I4PLXSU,104.228,30.812,221496,0,40,0,14-3-29 12:30:8,1
G63I4PLXSU,104.228,30.812,221496,0,30,0,14-3-29 12:31:38,1
G63I4PLXSU,104.228,30.812,221496,0,60,0,14-3-29 12:33:9,1
G63I4PLXSU,104.228,30.812,221496,0,75,0,14-3-29 12:34:39,1
G63I4PLXSU,104.228,30.812,221496,0,75,0,14-3-29 12:36:9,1
G63I4PLXSU,104.228,30.812,221496,0,65,0,14-3-29 12:37:39,1
G63I4PLXSU,104.228,30.812,221496,0,65,0,14-3-29 12:39:8,1
G63I4PLXSU,104.228,30.812,221496,0,45,0,14-3-29 12:40:39,1
G63I4PLXSU,104.228,30.812,221496,0,170,0,14-3-29 12:42:9,1
G63I4PLXSU,104.228,30.812,221496,0,65,0,14-3-29 12:43:39,1
G63I4PLXSU,104.228,30.812,221496,0,150,0,14-3-29 12:45:9,1
G63I4PLXSU,104.228,30.812,221496,0,15,0,14-3-29 12:46:39,1
G63I4PLXSU,104.228,30.8119,221496,0,35,0,14-3-29 12:48:9,1
G63I4PLXSU,104.228,30.8119,221496,0,100,0,14-3-29 12:49:39,1
G63I4PLXSU,104.228,30.8119,221496,0,130,0,14-3-29 12:51:9,1
G63I4PLXSU,104.228,30.8119,221496,0,65,0,14-3-29 12:52:39,1
G63I4PLXSU,104.228,30.8119,221496,0,70,0,14-3-29 12:54:9,1
G63I4PLXSU,104.228,30.8119,221496,0,115,0,14-3-29 12:55:39,1
G63I4PLXSU,104.228,30.8119,221496,0,55,0,14-3-29 12:57:9,1
G63I4PLXSU,104.228,30.8119,221496,0,80,0,14-3-29 12:58:39,1
G63I4PLXSU,104.228,30.8119,221496,0,65,0,14-3-29 13:0:9,1
G63I4PLXSU,104.228,30.812,221496,0,40,0,14-3-29 13:1:39,1
G63I4PLXSU,104.228,30.812,221496,0,75,0,14-3-29 13:3:9,1
G63I4PLXSU,104.228,30.812,221496,0,35,0,14-3-29 13:4:39,1
G63I4PLXSU,104.228,30.812,221496,0,10,0,14-3-29 13:6:9,1
G63I4PLXSU,104.228,30.812,221496,0,60,0,14-3-29 13:7:39,1
G63I4PLXSU,104.228,30.812,221496,0,75,0,14-3-29 13:9:9,1
G63I4PLXSU,104.228,30.812,221496,0,40,0,14-3-29 13:10:39,1
G63I4PLXSU,104.228,30.812,221496,0,65,0,14-3-29 13:12:9,1
G63I4PLXSU,104.228,30.812,221496,0,60,0,14-3-29 13:13:39,1
G63I4PLXSU,104.228,30.812,221496,0,120,0,14-3-29 13:15:9,1
G63I4PLXSU,104.228,30.812,221496,0,55,0,14-3-29 13:16:39,1
G63I4PLXSU,104.228,30.812,221496,0,65,0,14-3-29 13:18:9,1
G63I4PLXSU,104.228,30.812,221496,0,145,0,14-3-29 13:19:39,1
G63I4PLXSU,104.228,30.812,221496,0,60,0,14-3-29 13:21:9,1
G63I4PLXSU,104.228,30.812,221496,0,135,0,14-3-29 13:22:39,1
G63I4PLXSU,104.228,30.812,221496,0,0,0,14-3-29 13:24:9,1
G63I4PLXSU,104.228,30.812,221496,0,45,0,14-3-29 13:25:39,1
G63I4PLXSU,104.228,30.812,221496,0,135,0,14-3-29 13:27:9,1
G63I4PLXSU,104.228,30.812,221496,0,65,0,14-3-29 13:28:39,1
G63I4PLXSU,104.228,30.812,221496,0,55,0,14-3-29 13:30:9,1
G63I4PLXSU,104.228,30.812,221496,0,55,0,14-3-29 13:31:39,1
G63I4PLXSU,104.228,30.812,221496,0,60,0,14-3-29 13:33:9,1
G63I4PLXSU,104.228,30.812,221496,0,55,0,14-3-29 13:34:39,1
G63I4PLXSU,104.228,30.812,221496,0,55,0,14-3-29 13:36:9,1
G63I4PLXSU,104.228,30.812,221496,0,60,0,14-3-29 13:37:39,1
G63I4PLXSU,104.228,30.812,221496,0,30,0,14-3-29 13:39:9,1
G63I4PLXSU,104.228,30.812,221496,0,55,0,14-3-29 13:40:39,1
G63I4PLXSU,104.228,30.812,221496,0,55,0,14-3-29 13:42:9,1
G63I4PLXSU,104.228,30.812,221496,0,90,0,14-3-29 13:43:39,1
G63I4PLXSU,104.228,30.812,221496,0,135,0,14-3-29 13:45:9,1
G63I4PLXSU,104.228,30.812,221496,0,165,0,14-3-29 13:46:39,1
G63I4PLXSU,104.228,30.812,221496,0,50,0,14-3-29 13:48:9,1
G63I4PLXSU,104.228,30.812,221496,0,45,0,14-3-29 13:49:39,1
G63I4PLXSU,104.228,30.812,221496,0,55,0,14-3-29 13:51:9,1
G63I4PLXSU,104.228,30.8118,221496,5,90,0,14-3-29 13:52:39,1
G63I4PLXSU,104.227,30.8116,221497,0,160,0,14-3-29 13:55:39,1
G63I4PLXSU,104.227,30.8116,221497,0,160,0,14-3-29 13:58:39,1
G63I4PLXSU,104.227,30.8116,221497,0,160,0,14-3-29 14:1:39,1
G63I4PLXSU,104.227,30.8116,221497,0,160,0,14-3-29 14:4:39,1
G63I4PLXSU,104.227,30.8116,221497,0,95,0,14-3-29 14:6:9,1
G63I4PLXSU,104.227,30.8116,221497,0,55,0,14-3-29 14:7:39,1
G63I4PLXSU,104.227,30.8117,221497,0,110,0,14-3-29 14:9:9,1
G63I4PLXSU,104.227,30.8117,221497,1,175,0,14-3-29 14:10:39,1
G63I4PLXSU,104.227,30.8117,221497,0,165,0,14-3-29 14:12:9,1
G63I4PLXSU,104.227,30.8117,221497,0,75,0,14-3-29 14:13:39,1
G63I4PLXSU,104.227,30.8118,221497,0,100,0,14-3-29 14:15:9,1
G63I4PLXSU,104.227,30.8117,221497,0,50,0,14-3-29 14:16:39,1
G63I4PLXSU,104.227,30.8117,221497,0,25,0,14-3-29 14:18:9,1
G63I4PLXSU,104.227,30.8117,221497,0,50,0,14-3-29 14:19:39,1
G63I4PLXSU,104.227,30.8117,221497,0,10,0,14-3-29 14:21:9,1
G63I4PLXSU,104.227,30.8119,221497,0,160,0,14-3-29 14:22:39,1
G63I4PLXSU,104.227,30.8119,221497,0,10,0,14-3-29 14:24:9,1
G63I4PLXSU,104.227,30.812,221497,0,170,0,14-3-29 14:27:9,1
G63I4PLXSU,104.227,30.812,221497,0,170,0,14-3-29 14:30:9,1
G63I4PLXSU,104.227,30.812,221497,0,170,0,14-3-29 14:33:9,1
G63I4PLXSU,104.227,30.812,221497,0,170,0,14-3-29 14:36:9,1
G63I4PLXSU,104.227,30.812,221497,0,170,0,14-3-29 14:39:9,1
G63I4PLXSU,104.227,30.8121,221498,0,140,0,14-3-29 14:42:9,1
G63I4PLXSU,104.227,30.8121,221498,0,140,0,14-3-29 14:45:9,1
G63I4PLXSU,104.226,30.8121,221498,0,80,0,14-3-29 14:48:9,1
G63I4PLXSU,104.226,30.8121,221498,0,80,0,14-3-29 14:49:39,1
G63I4PLXSU,104.226,30.812,221498,0,145,0,14-3-29 14:51:9,1
G63I4PLXSU,104.226,30.812,221498,0,55,0,14-3-29 14:53:4,1
G63I4PLXSU,104.226,30.8121,221498,0,95,0,14-3-29 14:56:4,1
G63I4PLXSU,104.226,30.8121,221498,0,40,0,14-3-29 14:59:4,1
G63I4PLXSU,104.226,30.8121,221498,0,40,0,14-3-29 15:2:4,1
G63I4PLXSU,104.226,30.8123,221498,0,10,0,14-3-29 15:5:4,1
G63I4PLXSU,104.226,30.8124,221498,1,40,0,14-3-29 15:6:34,1
G63I4PLXSU,104.226,30.8123,221498,0,85,0,14-3-29 15:8:4,1
G63I4PLXSU,104.226,30.8122,221498,1,140,0,14-3-29 15:9:34,1
G63I4PLXSU,104.226,30.8124,221498,0,40,0,14-3-29 15:11:4,1
G63I4PLXSU,104.226,30.8123,221498,0,115,0,14-3-29 15:12:34,1
G63I4PLXSU,104.226,30.8124,221498,0,5,0,14-3-29 15:14:4,1
G63I4PLXSU,104.226,30.8122,221498,0,0,0,14-3-29 15:15:34,1
G63I4PLXSU,104.226,30.8123,221498,0,10,0,14-3-29 15:17:3,1
G63I4PLXSU,104.226,30.8123,221498,0,25,0,14-3-29 15:18:33,1
G63I4PLXSU,104.226,30.8123,221498,0,55,0,14-3-29 15:20:3,1
G63I4PLXSU,104.226,30.8123,221498,0,35,0,14-3-29 15:21:33,1
G63I4PLXSU,104.226,30.8123,221498,0,75,0,14-3-29 15:24:33,1
G63I4PLXSU,104.226,30.8122,221498,0,15,0,14-3-29 15:26:3,1
G63I4PLXSU,104.226,30.8125,221499,1,10,0,14-3-29 15:27:33,1
G63I4PLXSU,104.226,30.8126,221499,0,35,0,14-3-29 15:30:33,1
G63I4PLXSU,104.226,30.8126,221499,0,35,0,14-3-29 15:33:33,1
G63I4PLXSU,104.226,30.8126,221499,0,35,0,14-3-29 15:36:33,1
G63I4PLXSU,104.226,30.8126,221499,0,35,0,14-3-29 15:39:33,1
G63I4PLXSU,104.226,30.8126,221499,0,35,0,14-3-29 15:42:33,1
G63I4PLXSU,104.226,30.8126,221499,0,35,0,14-3-29 15:45:33,1
G63I4PLXSU,104.226,30.8126,221499,0,35,0,14-3-29 15:48:33,1
G63I4PLXSU,104.226,30.8126,221499,0,35,0,14-3-29 15:51:33,1
G63I4PLXSU,104.226,30.8126,221499,0,35,0,14-3-29 15:57:33,1
G63I4PLXSU,104.226,30.8126,221499,0,35,0,14-3-29 16:0:33,1
G63I4PLXSU,104.226,30.8126,221499,0,35,0,14-3-29 16:3:33,1
G63I4PLXSU,104.226,30.8126,221499,0,35,0,14-3-29 16:6:33,1
G63I4PLXSU,104.226,30.8126,221499,0,35,0,14-3-29 16:9:33,1
G63I4PLXSU,104.226,30.8126,221499,0,35,0,14-3-29 16:12:33,1
G63I4PLXSU,104.226,30.8126,221499,0,35,0,14-3-29 16:15:34,1
G63I4PLXSU,104.226,30.8126,221499,0,35,0,14-3-29 16:18:34,1
G63I4PLXSU,104.226,30.8126,221499,0,35,0,14-3-29 16:21:34,1
G63I4PLXSU,104.226,30.8126,221499,0,35,0,14-3-29 16:24:34,1
G63I4PLXSU,104.226,30.8126,221499,0,35,0,14-3-29 16:27:34,1
G63I4PLXSU,104.226,30.8126,221499,0,35,0,14-3-29 16:30:34,1
G63I4PLXSU,104.226,30.8126,221499,0,35,0,14-3-29 16:33:34,1
G63I4PLXSU,104.226,30.8126,221499,0,35,0,14-3-29 16:36:34,1
G63I4PLXSU,104.226,30.8126,221499,0,35,0,14-3-29 16:39:34,1
G63I4PLXSU,104.226,30.8126,221499,0,35,0,14-3-29 16:42:29,1
G63I4PLXSU,104.227,30.8123,221499,3,65,0,14-3-29 16:43:58,1
G63I4PLXSU,104.228,30.8119,221500,1,80,0,14-3-29 16:45:28,1
G63I4PLXSU,104.228,30.8118,221500,0,50,0,14-3-29 16:46:58,1
G63I4PLXSU,104.228,30.812,221500,3,140,0,14-3-29 16:48:28,1
G63I4PLXSU,104.228,30.8123,221500,0,135,0,14-3-29 16:51:28,1
G63I4PLXSU,104.227,30.8124,221500,7,150,0,14-3-29 16:52:58,1
G63I4PLXSU,104.225,30.8138,221504,3,55,0,14-3-29 16:54:28,1
G63I4PLXSU,104.225,30.8136,221504,0,50,0,14-3-29 16:57:28,1
G63I4PLXSU,104.225,30.8136,221504,0,50,0,14-3-29 17:0:28,1
G63I4PLXSU,104.225,30.8136,221504,0,50,0,14-3-29 17:3:28,1
G63I4PLXSU,104.225,30.8136,221504,0,50,0,14-3-29 17:6:28,1
G63I4PLXSU,104.225,30.8136,221504,0,50,0,14-3-29 17:9:28,1
G63I4PLXSU,104.225,30.8136,221504,0,50,0,14-3-29 17:12:28,1
G63I4PLXSU,104.225,30.8136,221504,0,50,0,14-3-29 17:15:28,1
G63I4PLXSU,104.225,30.8136,221504,0,50,0,14-3-29 17:18:28,1
G63I4PLXSU,104.225,30.8136,221504,0,50,0,14-3-29 17:21:28,1
G63I4PLXSU,104.225,30.8136,221504,0,50,0,14-3-29 17:24:28,1
G63I4PLXSU,104.225,30.8136,221504,0,50,0,14-3-29 17:27:28,1
G63I4PLXSU,104.225,30.8136,221504,0,50,0,14-3-29 17:30:28,1
G63I4PLXSU,104.225,30.8136,221504,0,50,0,14-3-29 17:33:28,1
G63I4PLXSU,104.225,30.8136,221504,0,50,0,14-3-29 17:36:28,1
G63I4PLXSU,104.225,30.8136,221504,0,50,0,14-3-29 17:39:28,1
G63I4PLXSU,104.225,30.8136,221504,0,50,0,14-3-29 17:42:28,1
G63I4PLXSU,104.225,30.8136,221504,0,175,0,14-3-29 17:43:58,1
G63I4PLXSU,104.225,30.8136,221504,0,125,0,14-3-29 17:45:28,1
G63I4PLXSU,104.225,30.8136,221504,0,80,0,14-3-29 17:46:58,1
G63I4PLXSU,104.225,30.8136,221504,0,70,0,14-3-29 17:48:28,1
G63I4PLXSU,104.225,30.8136,221504,0,170,0,14-3-29 17:49:58,1
G63I4PLXSU,104.225,30.8136,221504,0,90,0,14-3-29 17:51:28,1
G63I4PLXSU,104.225,30.8136,221504,0,65,0,14-3-29 17:52:58,1
G63I4PLXSU,104.225,30.8136,221504,0,0,0,14-3-29 17:54:28,1
G63I4PLXSU,104.225,30.8136,221504,0,165,0,14-3-29 17:55:58,1
G63I4PLXSU,104.225,30.8136,221504,0,35,0,14-3-29 17:57:28,1
G63I4PLXSU,104.225,30.8136,221504,0,50,0,14-3-29 17:58:58,1
G63I4PLXSU,104.225,30.8136,221504,0,60,0,14-3-29 18:0:28,1
G63I4PLXSU,104.225,30.8136,221504,0,10,0,14-3-29 18:1:58,1
G63I4PLXSU,104.225,30.8136,221504,0,5,0,14-3-29 18:3:28,1
G63I4PLXSU,104.225,30.8136,221504,0,35,0,14-3-29 18:4:58,1
G63I4PLXSU,104.225,30.8136,221504,0,70,0,14-3-29 18:6:27,1
G63I4PLXSU,104.225,30.8136,221504,0,0,0,14-3-29 18:7:57,1
G63I4PLXSU,104.225,30.8136,221504,0,40,0,14-3-29 18:9:27,1
G63I4PLXSU,104.225,30.8136,221504,0,20,0,14-3-29 18:10:57,1
G63I4PLXSU,104.225,30.8136,221504,0,10,0,14-3-29 18:12:27,1
G63I4PLXSU,104.225,30.8136,221504,0,125,0,14-3-29 18:13:57,1
G63I4PLXSU,104.225,30.8136,221504,0,80,0,14-3-29 18:15:27,1
G63I4PLXSU,104.225,30.8136,221504,0,75,0,14-3-29 18:16:57,1
G63I4PLXSU,104.225,30.8136,221504,0,10,0,14-3-29 18:18:27,1
G63I4PLXSU,104.225,30.8136,221504,0,25,0,14-3-29 18:19:57,1
G63I4PLXSU,104.225,30.8136,221504,0,60,0,14-3-29 18:21:27,1
G63I4PLXSU,104.225,30.8136,221504,0,100,0,14-3-29 18:22:57,1
G63I4PLXSU,104.225,30.8136,221504,0,30,0,14-3-29 18:24:27,1
G63I4PLXSU,104.225,30.8136,221504,0,90,0,14-3-29 18:25:57,1
G63I4PLXSU,104.225,30.8136,221504,0,110,0,14-3-29 18:27:27,1
G63I4PLXSU,104.225,30.8136,221504,0,130,0,14-3-29 18:28:57,1
G63I4PLXSU,104.225,30.8136,221504,0,100,0,14-3-29 18:30:27,1
G63I4PLXSU,104.225,30.8136,221504,0,110,0,14-3-29 18:31:57,1
G63I4PLXSU,104.225,30.8135,221504,0,55,0,14-3-29 18:33:27,1
G63I4PLXSU,104.225,30.8135,221504,0,45,0,14-3-29 18:34:57,1
G63I4PLXSU,104.225,30.8135,221504,0,15,0,14-3-29 18:36:27,1
G63I4PLXSU,104.225,30.8135,221504,0,70,0,14-3-29 18:37:57,1
G63I4PLXSU,104.225,30.8135,221504,0,10,0,14-3-29 18:39:27,1
G63I4PLXSU,104.225,30.8135,221504,0,90,0,14-3-29 18:40:57,1
G63I4PLXSU,104.225,30.8135,221504,0,45,0,14-3-29 18:42:27,1
G63I4PLXSU,104.225,30.8135,221504,0,85,0,14-3-29 18:43:57,1
G63I4PLXSU,104.225,30.8135,221504,0,15,0,14-3-29 18:45:27,1
G63I4PLXSU,104.225,30.8135,221504,0,40,0,14-3-29 18:46:57,1
G63I4PLXSU,104.225,30.8135,221504,0,70,0,14-3-29 18:48:27,1
G63I4PLXSU,104.225,30.8135,221504,0,165,0,14-3-29 18:49:57,1
G63I4PLXSU,104.225,30.8135,221504,0,110,0,14-3-29 18:51:27,1
G63I4PLXSU,104.225,30.8135,221504,0,10,0,14-3-29 18:52:57,1
G63I4PLXSU,104.225,30.8135,221504,0,70,0,14-3-29 18:54:27,1
G63I4PLXSU,104.225,30.8134,221504,0,85,0,14-3-29 18:55:57,1
G63I4PLXSU,104.225,30.8135,221504,0,75,0,14-3-29 18:57:27,1
G63I4PLXSU,104.225,30.8135,221504,0,5,0,14-3-29 18:58:57,1
G63I4PLXSU,104.225,30.8135,221504,0,80,0,14-3-29 19:0:27,1
G63I4PLXSU,104.225,30.8137,221504,7,150,0,14-3-29 19:1:57,1
G63I4PLXSU,104.219,30.8132,221511,37,100,0,14-3-29 19:3:27,1
G63I4PLXSU,104.216,30.807,221518,12,95,0,14-3-29 19:4:57,1
G63I4PLXSU,104.216,30.8049,221520,7,95,0,14-3-29 19:6:27,1
G63I4PLXSU,104.215,30.8044,221520,0,140,0,14-3-29 19:7:57,1
G63I4PLXSU,104.216,30.8044,221520,0,10,0,14-3-29 19:10:57,1
G63I4PLXSU,104.216,30.8044,221520,0,10,0,14-3-29 19:13:57,1
G63I4PLXSU,104.216,30.8044,221520,0,10,0,14-3-29 19:16:57,1
G63I4PLXSU,104.216,30.8044,221520,0,10,0,14-3-29 19:19:57,1
G63I4PLXSU,104.216,30.8044,221520,0,10,0,14-3-29 19:22:57,1
G63I4PLXSU,104.216,30.8044,221520,0,10,0,14-3-29 19:25:57,1
G63I4PLXSU,104.216,30.8044,221520,0,10,0,14-3-29 19:28:58,1
G63I4PLXSU,104.216,30.8044,221520,0,10,0,14-3-29 19:31:58,1
G63I4PLXSU,104.216,30.8044,221520,0,10,0,14-3-29 19:34:48,1
G63I4PLXSU,104.217,30.8031,221522,22,65,0,14-3-29 19:36:18,1
G63I4PLXSU,104.222,30.7973,221530,29,60,0,14-3-29 19:37:48,1
G63I4PLXSU,104.229,30.7928,221538,20,60,0,14-3-29 19:39:18,1
G63I4PLXSU,104.224,30.7897,221544,33,115,0,14-3-29 19:40:48,1
G63I4PLXSU,104.216,30.7843,221553,37,100,0,14-3-29 19:42:18,1
G63I4PLXSU,104.213,30.7758,221562,42,100,0,14-3-29 19:43:48,1
G63I4PLXSU,104.21,30.7691,221570,0,100,0,14-3-29 19:45:18,1
G63I4PLXSU,104.21,30.7691,221570,0,105,0,14-3-29 19:47:8,1
G63I4PLXSU,104.21,30.7691,221570,0,110,0,14-3-29 19:48:38,1
G63I4PLXSU,104.209,30.7691,221570,0,140,0,14-3-29 19:50:8,1
G63I4PLXSU,104.21,30.7691,221570,0,120,0,14-3-29 19:51:38,1
G63I4PLXSU,104.21,30.7691,221570,0,95,0,14-3-29 19:53:8,1
G63I4PLXSU,104.21,30.7691,221570,0,80,0,14-3-29 19:54:38,1
G63I4PLXSU,104.21,30.7691,221570,0,60,0,14-3-29 19:56:8,1
G63I4PLXSU,104.21,30.7691,221570,0,80,0,14-3-29 19:57:38,1
G63I4PLXSU,104.208,30.7656,221574,35,100,0,14-3-29 19:59:8,1
G63I4PLXSU,104.205,30.7584,221582,38,100,0,14-3-29 20:0:38,1
G63I4PLXSU,104.202,30.7517,221590,25,100,0,14-3-29 20:2:8,1
G63I4PLXSU,104.201,30.7491,221592,24,100,0,14-3-29 20:3:38,1
G63I4PLXSU,104.198,30.7437,221599,29,105,0,14-3-29 20:5:8,1
G63I4PLXSU,104.195,30.741,221603,0,115,0,14-3-29 20:6:38,1
G63I4PLXSU,104.195,30.7408,221603,0,100,0,14-3-29 20:8:8,1
G63I4PLXSU,104.195,30.7407,221603,0,140,0,14-3-29 20:9:38,1
G63I4PLXSU,104.195,30.7408,221603,0,145,0,14-3-29 20:11:8,1
G63I4PLXSU,104.195,30.7408,221603,0,170,0,14-3-29 20:12:38,1
G63I4PLXSU,104.195,30.7408,221603,0,140,0,14-3-29 20:14:8,1
G63I4PLXSU,104.194,30.7405,221603,0,125,0,14-3-29 20:15:38,1
G63I4PLXSU,104.191,30.7398,221606,3,130,0,14-3-29 20:17:8,1
G63I4PLXSU,104.19,30.7398,221607,0,60,0,14-3-29 20:18:38,1
G63I4PLXSU,104.19,30.7397,221607,3,110,0,14-3-29 20:20:8,1
G63I4PLXSU,104.192,30.7356,221615,51,65,0,14-3-29 20:21:38,1
G63I4PLXSU,104.198,30.7219,221631,77,85,0,14-3-29 20:23:8,1
G63I4PLXSU,104.201,30.703,221652,77,85,0,14-3-29 20:24:38,1
G63I4PLXSU,104.203,30.6837,221673,87,85,0,14-3-29 20:26:8,1
G63I4PLXSU,104.205,30.6747,221688,51,45,0,14-3-29 20:27:38,1
G63I4PLXSU,104.224,30.6743,221706,87,40,0,14-3-29 20:29:8,1
G63I4PLXSU,104.245,30.681,221727,87,30,0,14-3-29 20:30:38,1
G63I4PLXSU,104.266,30.6873,221748,81,30,0,14-3-29 20:32:8,1
G63I4PLXSU,104.339,30.7289,221832,87,15,0,14-3-29 20:38:16,1
G63I4PLXSU,104.358,30.7381,221853,83,35,0,14-3-29 20:39:46,1
G63I4PLXSU,104.38,30.7416,221874,77,35,0,14-3-29 20:41:16,1
G63I4PLXSU,104.397,30.7427,221890,70,50,0,14-3-29 20:42:46,1
G63I4PLXSU,104.413,30.7409,221905,57,40,0,14-3-29 20:44:16,1
G63I4PLXSU,104.426,30.7382,221918,75,55,0,14-3-29 20:45:46,1
G63I4PLXSU,104.437,30.7239,221939,85,90,0,14-3-29 20:47:16,1
G63I4PLXSU,104.45,30.7104,221961,85,55,0,14-3-29 20:48:46,1
G63I4PLXSU,104.47,30.7011,221983,87,70,0,14-3-29 20:50:16,1
G63I4PLXSU,104.481,30.6879,222003,64,45,0,14-3-29 20:51:46,1
G63I4PLXSU,104.498,30.6867,222019,72,25,0,14-3-29 20:53:16,1
G63I4PLXSU,104.517,30.6891,222039,88,50,0,14-3-29 20:54:46,1
G63I4PLXSU,104.54,30.6893,222062,87,35,0,14-3-29 20:56:16,1
G63I4PLXSU,104.56,30.6896,222081,59,40,0,14-3-29 20:57:46,1
G63I4PLXSU,104.579,30.6876,222099,79,40,0,14-3-29 20:59:16,1
G63I4PLXSU,104.6,30.6862,222119,83,45,0,14-3-29 21:0:46,1
G63I4PLXSU,104.622,30.6843,222140,81,50,0,14-3-29 21:2:16,1
G63I4PLXSU,104.642,30.6787,222160,79,50,0,14-3-29 21:3:46,1
G63I4PLXSU,104.662,30.6725,222180,79,55,0,14-3-29 21:5:16,1
G63I4PLXSU,104.684,30.6694,222201,88,50,0,14-3-29 21:6:46,1
G63I4PLXSU,104.704,30.6612,222222,81,60,0,14-3-29 21:8:16,1
G63I4PLXSU,104.725,30.6535,222245,92,55,0,14-3-29 21:9:46,1
G63I4PLXSU,104.746,30.6531,222265,81,40,0,14-3-29 21:11:16,1
G63I4PLXSU,104.768,30.6526,222286,77,40,0,14-3-29 21:12:46,1
G63I4PLXSU,104.788,30.6496,222305,81,40,0,14-3-29 21:14:16,1
G63I4PLXSU,104.807,30.6421,222325,72,45,0,14-3-29 21:15:46,1
G63I4PLXSU,104.827,30.6421,222345,85,45,0,14-3-29 21:17:16,1
G63I4PLXSU,104.849,30.6466,222366,88,40,0,14-3-29 21:18:46,1
G63I4PLXSU,104.872,30.6474,222388,81,45,0,14-3-29 21:20:16,1
G63I4PLXSU,104.93,30.6292,222482,83,55,0,14-3-29 21:24:23,1
G63I4PLXSU,104.95,30.6225,222503,83,50,0,14-3-29 21:25:52,1
G63I4PLXSU,104.972,30.6173,222524,88,40,0,14-3-29 21:27:22,1
G63I4PLXSU,104.994,30.613,222546,88,55,0,14-3-29 21:28:52,1
G63I4PLXSU,105.015,30.6132,222567,90,35,0,14-3-29 21:30:22,1
G63I4PLXSU,105.038,30.6182,222589,83,45,0,14-3-29 21:31:52,1
G63I4PLXSU,105.059,30.6194,222609,72,40,0,14-3-29 21:33:22,1
G63I4PLXSU,105.078,30.6211,222627,87,40,0,14-3-29 21:34:52,1
G63I4PLXSU,105.099,30.626,222649,83,45,0,14-3-29 21:36:22,1
G63I4PLXSU,105.122,30.6288,222671,88,35,0,14-3-29 21:37:52,1
G63I4PLXSU,105.143,30.6286,222690,79,50,0,14-3-29 21:39:22,1
G63I4PLXSU,105.164,30.6249,222710,79,50,0,14-3-29 21:40:52,1
G63I4PLXSU,105.184,30.6224,222730,85,55,0,14-3-29 21:42:22,1
G63I4PLXSU,105.205,30.6177,222751,83,50,0,14-3-29 21:43:51,1
G63I4PLXSU,105.226,30.6114,222772,85,60,0,14-3-29 21:45:21,1
G63I4PLXSU,105.248,30.6047,222794,87,40,0,14-3-29 21:46:51,1
G63I4PLXSU,105.262,30.6058,222808,42,50,0,14-3-29 21:48:21,1
G63I4PLXSU,105.273,30.6065,222818,53,35,0,14-3-29 21:49:51,1
G63I4PLXSU,105.285,30.606,222830,42,50,0,14-3-29 21:51:21,1
G63I4PLXSU,105.291,30.6065,222835,22,30,0,14-3-29 21:52:51,1
G63I4PLXSU,105.299,30.61,222843,50,35,0,14-3-29 21:54:21,1
G63I4PLXSU,105.315,30.6127,222858,57,45,0,14-3-29 21:55:51,1
G63I4PLXSU,105.333,30.6134,222876,79,40,0,14-3-29 21:57:21,1
G63I4PLXSU,105.353,30.617,222896,88,45,0,14-3-29 21:58:51,1
G63I4PLXSU,105.374,30.6161,222916,81,55,0,14-3-29 22:0:21,1
G63I4PLXSU,105.391,30.6069,222936,83,65,0,14-3-29 22:1:51,1
G63I4PLXSU,105.41,30.5994,222955,72,55,0,14-3-29 22:3:21,1
G63I4PLXSU,105.429,30.5926,222975,85,45,0,14-3-29 22:4:51,1
G63I4PLXSU,105.449,30.5918,222993,68,45,0,14-3-29 22:6:21,1
G63I4PLXSU,105.459,30.5798,223010,70,70,0,14-3-29 22:7:51,1
G63I4PLXSU,105.472,30.5652,223031,85,80,0,14-3-29 22:9:21,1
G63I4PLXSU,105.486,30.5507,223052,85,60,0,14-3-29 22:10:51,1
G63I4PLXSU,105.5,30.5373,223072,81,70,0,14-3-29 22:12:21,1
G63I4PLXSU,105.515,30.5239,223092,74,65,0,14-3-29 22:13:51,1
G63I4PLXSU,105.525,30.5079,223113,87,80,0,14-3-29 22:15:21,1
G63I4PLXSU,105.533,30.4897,223134,81,75,0,14-3-29 22:16:51,1
G63I4PLXSU,105.541,30.4733,223153,81,70,0,14-3-29 22:18:21,1
G63I4PLXSU,105.556,30.4602,223174,83,65,0,14-3-29 22:19:52,1
G63I4PLXSU,105.57,30.4459,223194,75,65,0,14-3-29 22:21:22,1
G63I4PLXSU,105.584,30.4313,223215,90,70,0,14-3-29 22:22:51,1
G63I4PLXSU,105.592,30.4139,223235,83,80,0,14-3-29 22:24:22,1
G63I4PLXSU,105.603,30.3997,223255,75,70,0,14-3-29 22:25:52,1
G63I4PLXSU,105.617,30.3854,223275,81,70,0,14-3-29 22:27:22,1
G63I4PLXSU,105.626,30.3684,223296,87,75,0,14-3-29 22:28:51,1
G63I4PLXSU,105.636,30.352,223316,83,65,0,14-3-29 22:30:22,1
G63I4PLXSU,105.646,30.3353,223337,79,75,0,14-3-29 22:31:51,1
G63I4PLXSU,105.651,30.317,223358,85,75,0,14-3-29 22:33:22,1
G63I4PLXSU,105.665,30.3021,223378,87,65,0,14-3-29 22:34:52,1
G63I4PLXSU,105.682,30.2913,223399,85,65,0,14-3-29 22:36:22,1
G63I4PLXSU,105.686,30.2873,223404,0,165,0,14-3-29 22:37:52,1
G63I4PLXSU,105.687,30.2871,223404,11,65,0,14-3-29 22:39:22,1
G63I4PLXSU,105.694,30.2782,223417,72,75,0,14-3-29 22:40:52,1
G63I4PLXSU,105.708,30.2637,223437,90,70,0,14-3-29 22:42:22,1
G63I4PLXSU,105.72,30.2459,223460,90,70,0,14-3-29 22:43:52,1
G63I4PLXSU,105.728,30.2281,223481,83,85,0,14-3-29 22:45:22,1
G63I4PLXSU,105.766,30.1949,223534,83,70,0,14-3-29 22:49:7,1
G63I4PLXSU,105.782,30.1809,223556,85,70,0,14-3-29 22:50:36,1
G63I4PLXSU,105.796,30.167,223576,85,70,0,14-3-29 22:52:6,1
G63I4PLXSU,105.808,30.1505,223598,83,60,0,14-3-29 22:53:36,1
G63I4PLXSU,105.823,30.1377,223618,74,70,0,14-3-29 22:55:6,1
G63I4PLXSU,105.838,30.1234,223639,75,75,0,14-3-29 22:56:36,1
G63I4PLXSU,105.848,30.108,223658,83,65,0,14-3-29 22:58:6,1
G63I4PLXSU,105.862,30.0947,223678,66,55,0,14-3-29 22:59:36,1
G63I4PLXSU,105.875,30.0833,223696,72,70,0,14-3-29 23:1:6,1
G63I4PLXSU,105.887,30.0708,223714,74,75,0,14-3-29 23:2:36,1
G63I4PLXSU,105.896,30.0553,223733,83,70,0,14-3-29 23:4:6,1
G63I4PLXSU,105.905,30.0418,223750,68,75,0,14-3-29 23:5:36,1
G63I4PLXSU,105.91,30.0246,223769,72,80,0,14-3-29 23:7:6,1
G63I4PLXSU,105.919,30.0111,223787,75,70,0,14-3-29 23:8:36,1
G63I4PLXSU,105.928,29.9942,223807,88,70,0,14-3-29 23:10:6,1
G63I4PLXSU,105.942,29.9778,223829,87,65,0,14-3-29 23:11:36,1
G63I4PLXSU,105.957,29.9709,223845,72,50,0,14-3-29 23:13:6,1
G63I4PLXSU,105.972,29.9608,223864,68,65,0,14-3-29 23:14:36,1
G63I4PLXSU,105.987,29.9513,223882,77,50,0,14-3-29 23:16:6,1
G63I4PLXSU,106.004,29.9452,223899,66,70,0,14-3-29 23:17:36,1
G63I4PLXSU,106.016,29.9324,223918,77,50,0,14-3-29 23:19:6,1
G63I4PLXSU,106.031,29.9221,223938,74,75,0,14-3-29 23:20:36,1
G63I4PLXSU,106.041,29.9136,223952,18,50,0,14-3-29 23:22:6,1
G63I4PLXSU,106.041,29.9135,223952,0,150,0,14-3-29 23:23:36,1
G63I4PLXSU,106.041,29.9136,223952,0,165,0,14-3-29 23:25:6,1
G63I4PLXSU,106.041,29.9136,223952,0,5,0,14-3-29 23:26:36,1
G63I4PLXSU,106.042,29.9136,223952,7,50,0,14-3-29 23:28:6,1
G63I4PLXSU,106.049,29.9082,223961,57,70,0,14-3-29 23:29:36,1
G63I4PLXSU,106.06,29.8947,223979,79,65,0,14-3-29 23:31:6,1
G63I4PLXSU,106.076,29.8842,223998,62,65,0,14-3-29 23:32:36,1
G63I4PLXSU,106.083,29.8764,224009,38,70,0,14-3-29 23:34:6,1
G63I4PLXSU,106.092,29.866,224023,66,70,0,14-3-29 23:35:36,1
G63I4PLXSU,106.102,29.8527,224040,77,70,0,14-3-29 23:37:6,1
G63I4PLXSU,106.116,29.8408,224059,70,60,0,14-3-29 23:38:36,1
G63I4PLXSU,106.129,29.8335,224074,66,60,0,14-3-29 23:40:6,1
G63I4PLXSU,106.141,29.8217,224091,77,70,0,14-3-29 23:41:36,1
G63I4PLXSU,106.152,29.8085,224109,72,75,0,14-3-29 23:43:6,1
G63I4PLXSU,106.159,29.7955,224124,57,75,0,14-3-29 23:44:36,1
G63I4PLXSU,106.163,29.7904,224132,0,70,0,14-3-29 23:46:5,0
G63I4PLXSU,106.163,29.7904,224132,0,70,0,14-3-29 23:47:35,0
G63I4PLXSU,106.163,29.7904,224132,0,70,0,14-3-29 23:49:5,0
G63I4PLXSU,106.201,29.7656,224179,72,65,0,14-3-29 23:50:36,1
G63I4PLXSU,106.213,29.7527,224198,77,75,0,14-3-29 23:52:6,1
G63I4PLXSU,106.223,29.7395,224215,61,70,0,14-3-29 23:53:36,1
G63I4PLXSU,106.229,29.7249,224232,70,80,0,14-3-29 23:55:6,1
G63I4PLXSU,106.237,29.7098,224250,75,70,0,14-3-29 23:56:36,1
G63I4PLXSU,106.251,29.6986,224269,70,60,0,14-3-29 23:58:6,1
G63I4PLXSU,106.266,29.6876,224287,79,55,0,14-3-29 23:59:36,1
