G67UX16PSI,117.009,39.9743,0,0,0,0,14-3-29 11:25:26,1
G67UX16PSI,117.009,39.9743,0,0,0,0,14-3-29 11:25:37,1
G67UX16PSI,117.009,39.9743,0,0,0,0,14-3-29 11:26:7,1
G67UX16PSI,117.016,39.981,0,0,0,0,14-3-29 11:26:38,1
G67UX16PSI,117.016,39.981,0,0,0,0,14-3-29 11:27:9,1
G67UX16PSI,117.016,39.981,0,0,0,0,14-3-29 11:27:40,1
G67UX16PSI,117.016,39.981,0,0,0,0,14-3-29 11:28:11,1
G67UX16PSI,117.016,39.981,0,0,0,0,14-3-29 11:28:42,1
G67UX16PSI,117.016,39.981,0,0,0,0,14-3-29 11:29:13,1
G67UX16PSI,117.016,39.981,0,0,0,0,14-3-29 11:29:44,1
G67UX16PSI,117.016,39.981,0,0,0,0,14-3-29 11:30:15,1
G67UX16PSI,117.016,39.981,0,0,0,0,14-3-29 11:30:46,1
G67UX16PSI,117.016,39.981,0,0,0,0,14-3-29 11:31:17,1
G67UX16PSI,117.016,39.981,0,0,0,0,14-3-29 11:31:48,1
G67UX16PSI,117.016,39.981,0,0,0,0,14-3-29 11:32:19,1
G67UX16PSI,117.016,39.981,0,0,0,0,14-3-29 11:32:50,1
G67UX16PSI,117.016,39.981,0,0,0,0,14-3-29 11:33:21,1
G67UX16PSI,117.016,39.981,0,0,0,0,14-3-29 11:33:52,1
G67UX16PSI,117.016,39.981,0,0,0,0,14-3-29 11:34:23,1
G67UX16PSI,117.016,39.981,0,0,0,0,14-3-29 11:34:54,1
G67UX16PSI,117.016,39.981,0,0,0,0,14-3-29 11:35:25,1
G67UX16PSI,117.016,39.981,0,0,0,0,14-3-29 11:35:56,1
G67UX16PSI,117.016,39.981,0,0,0,0,14-3-29 11:36:27,1
G67UX16PSI,117.016,39.981,0,0,0,0,14-3-29 11:36:58,1
G67UX16PSI,117.018,39.9782,0,0,0,0,14-3-29 11:37:29,1
G67UX16PSI,117.018,39.9782,0,0,0,0,14-3-29 11:38:0,1
G67UX16PSI,117.018,39.9782,0,0,0,0,14-3-29 11:38:31,1
G67UX16PSI,117.016,39.981,0,0,0,0,14-3-29 11:39:2,1
G67UX16PSI,117.016,39.981,0,0,0,0,14-3-29 11:39:33,1
G67UX16PSI,117.016,39.981,0,0,0,0,14-3-29 11:40:4,1
G67UX16PSI,117.016,39.981,0,0,0,0,14-3-29 11:40:35,1
G67UX16PSI,117.016,39.981,0,0,0,0,14-3-29 11:41:6,1
G67UX16PSI,117.016,39.981,0,0,0,0,14-3-29 11:41:37,1
G67UX16PSI,117.016,39.981,0,0,0,0,14-3-29 11:42:8,1
G67UX16PSI,117.016,39.981,0,0,0,0,14-3-29 11:42:39,1
G67UX16PSI,117.016,39.981,0,0,0,0,14-3-29 11:43:10,1
G67UX16PSI,117.016,39.981,0,0,0,0,14-3-29 11:43:41,1
G67UX16PSI,117.016,39.981,0,0,0,0,14-3-29 11:44:12,1
G67UX16PSI,117.016,39.981,0,0,0,0,14-3-29 11:44:43,1
G67UX16PSI,117.016,39.981,0,0,0,0,14-3-29 11:45:14,1
G67UX16PSI,117.016,39.981,0,0,0,0,14-3-29 11:45:45,1
G67UX16PSI,117.016,39.981,0,0,0,0,14-3-29 11:46:16,1
G67UX16PSI,117.016,39.981,0,0,0,0,14-3-29 11:46:47,1
G67UX16PSI,117.016,39.981,0,0,0,0,14-3-29 11:47:18,1
G67UX16PSI,117.016,39.981,0,0,0,0,14-3-29 11:47:49,1
G67UX16PSI,117.016,39.981,0,0,0,0,14-3-29 11:48:20,1
G67UX16PSI,117.016,39.981,0,0,0,0,14-3-29 11:48:51,1
G67UX16PSI,117.016,39.981,0,0,0,0,14-3-29 11:49:22,1
G67UX16PSI,117.016,39.981,0,0,0,0,14-3-29 11:49:53,1
G67UX16PSI,117.016,39.981,0,0,0,0,14-3-29 11:50:24,1
G67UX16PSI,117.016,39.981,0,0,0,0,14-3-29 11:50:55,1
G67UX16PSI,117.016,39.981,0,0,0,0,14-3-29 11:51:26,1
G67UX16PSI,117.016,39.981,0,0,0,0,14-3-29 11:51:57,1
G67UX16PSI,117.016,39.981,0,0,0,0,14-3-29 11:52:28,1
G67UX16PSI,117.018,39.9782,0,0,0,0,14-3-29 11:52:59,1
G67UX16PSI,117.018,39.9782,0,0,0,0,14-3-29 11:53:30,1
G67UX16PSI,117.018,39.9782,0,0,0,0,14-3-29 11:54:1,1
G67UX16PSI,116.996,39.9681,0,0,0,0,14-3-29 11:54:32,1
G67UX16PSI,116.996,39.9681,0,0,0,0,14-3-29 11:55:3,1
G67UX16PSI,116.998,39.9695,0,0,0,0,14-3-29 11:55:34,1
G67UX16PSI,116.998,39.9695,0,0,0,0,14-3-29 11:56:5,1
G67UX16PSI,116.984,39.9672,0,0,0,0,14-3-29 11:56:36,1
G67UX16PSI,116.984,39.9672,0,0,0,0,14-3-29 11:57:7,1
G67UX16PSI,116.981,39.9661,0,0,0,0,14-3-29 11:57:38,1
G67UX16PSI,116.981,39.9661,0,0,0,0,14-3-29 11:58:9,1
G67UX16PSI,116.981,39.9661,0,0,0,0,14-3-29 11:58:40,1
G67UX16PSI,116.981,39.9661,0,0,0,0,14-3-29 11:59:11,1
G67UX16PSI,116.978,39.9654,0,0,0,0,14-3-29 11:59:42,1
G67UX16PSI,116.975,39.9649,0,0,0,0,14-3-29 12:0:13,1
G67UX16PSI,116.969,39.9628,0,0,0,0,14-3-29 12:0:44,1
G67UX16PSI,116.958,39.9599,0,0,0,0,14-3-29 12:1:15,1
G67UX16PSI,116.958,39.9599,0,0,0,0,14-3-29 12:1:46,1
G67UX16PSI,116.958,39.9599,0,0,0,0,14-3-29 12:2:17,1
G67UX16PSI,116.958,39.9599,0,0,0,0,14-3-29 12:2:48,1
G67UX16PSI,116.947,39.9581,0,0,0,0,14-3-29 12:3:20,1
G67UX16PSI,116.947,39.9581,0,0,0,0,14-3-29 12:3:50,1
G67UX16PSI,116.947,39.9581,0,0,0,0,14-3-29 12:4:21,1
G67UX16PSI,116.947,39.9581,0,0,0,0,14-3-29 12:4:52,1
G67UX16PSI,116.947,39.9581,0,0,0,0,14-3-29 12:5:23,1
G67UX16PSI,116.947,39.9581,0,0,0,0,14-3-29 12:5:54,1
G67UX16PSI,116.947,39.9581,0,0,0,0,14-3-29 12:6:25,1
G67UX16PSI,116.947,39.9581,0,0,0,0,14-3-29 12:6:56,1
G67UX16PSI,116.947,39.9581,0,0,0,0,14-3-29 12:7:27,1
G67UX16PSI,116.947,39.9581,0,0,0,0,14-3-29 12:7:58,1
G67UX16PSI,116.947,39.9581,0,0,0,0,14-3-29 12:8:29,1
G67UX16PSI,116.947,39.9581,0,0,0,0,14-3-29 12:9:0,1
G67UX16PSI,116.947,39.9581,0,0,0,0,14-3-29 12:9:31,1
G67UX16PSI,116.947,39.9581,0,0,0,0,14-3-29 12:10:2,1
G67UX16PSI,116.947,39.9581,0,0,0,0,14-3-29 12:10:33,1
G67UX16PSI,116.947,39.9581,0,0,0,0,14-3-29 12:11:4,1
G67UX16PSI,116.947,39.9581,0,0,0,0,14-3-29 12:11:35,1
G67UX16PSI,116.947,39.9581,0,0,0,0,14-3-29 12:12:6,1
G67UX16PSI,116.947,39.9581,0,0,0,0,14-3-29 12:12:37,1
G67UX16PSI,116.947,39.9581,0,0,0,0,14-3-29 12:13:8,1
G67UX16PSI,116.947,39.9581,0,0,0,0,14-3-29 12:13:39,1
G67UX16PSI,116.947,39.9581,0,0,0,0,14-3-29 12:14:10,1
G67UX16PSI,116.947,39.9581,0,0,0,0,14-3-29 12:14:41,1
G67UX16PSI,116.947,39.9581,0,0,0,0,14-3-29 12:15:12,1
G67UX16PSI,116.947,39.9581,0,0,0,0,14-3-29 12:15:43,1
G67UX16PSI,116.947,39.9581,0,0,0,0,14-3-29 12:16:14,1
G67UX16PSI,116.947,39.9581,0,0,0,0,14-3-29 12:16:45,1
G67UX16PSI,116.947,39.9581,0,0,0,0,14-3-29 12:17:16,1
G67UX16PSI,116.947,39.9581,0,0,0,0,14-3-29 12:17:47,1
G67UX16PSI,116.947,39.9581,0,0,0,0,14-3-29 12:18:18,1
G67UX16PSI,116.947,39.9581,0,0,0,0,14-3-29 12:18:49,1
G67UX16PSI,116.947,39.9581,0,0,0,0,14-3-29 12:19:20,1
G67UX16PSI,116.947,39.9581,0,0,0,0,14-3-29 12:19:51,1
G67UX16PSI,116.947,39.9581,0,0,0,0,14-3-29 12:20:22,1
G67UX16PSI,116.947,39.9581,0,0,0,0,14-3-29 12:20:53,1
G67UX16PSI,116.947,39.9581,0,0,0,0,14-3-29 12:21:24,1
G67UX16PSI,116.947,39.9581,0,0,0,0,14-3-29 12:21:55,1
G67UX16PSI,116.947,39.9581,0,0,0,0,14-3-29 12:22:26,1
G67UX16PSI,116.947,39.9581,0,0,0,0,14-3-29 12:22:57,1
G67UX16PSI,116.947,39.9581,0,0,0,0,14-3-29 12:23:28,1
G67UX16PSI,116.947,39.9581,0,0,0,0,14-3-29 12:23:59,1
G67UX16PSI,116.947,39.9581,0,0,0,0,14-3-29 12:24:46,1
G67UX16PSI,116.947,39.9581,0,0,0,0,14-3-29 12:25:17,1
G67UX16PSI,116.947,39.9581,0,0,0,0,14-3-29 12:25:48,1
G67UX16PSI,116.947,39.9581,0,0,0,0,14-3-29 12:26:19,1
G67UX16PSI,116.947,39.9581,0,0,0,0,14-3-29 12:26:51,1
G67UX16PSI,116.947,39.9581,0,0,0,0,14-3-29 12:27:21,1
G67UX16PSI,116.947,39.9581,0,0,0,0,14-3-29 12:27:52,1
G67UX16PSI,116.947,39.9581,0,0,0,0,14-3-29 12:28:23,1
G67UX16PSI,116.947,39.9581,0,0,0,0,14-3-29 12:28:54,1
G67UX16PSI,116.947,39.9581,0,0,0,0,14-3-29 12:29:25,1
G67UX16PSI,116.947,39.9581,0,0,0,0,14-3-29 12:29:56,1
G67UX16PSI,116.947,39.9581,0,0,0,0,14-3-29 12:30:27,1
G67UX16PSI,116.947,39.9581,0,0,0,0,14-3-29 12:30:58,1
G67UX16PSI,116.947,39.9581,0,0,0,0,14-3-29 12:31:29,1
G67UX16PSI,116.943,39.9574,0,0,0,0,14-3-29 12:32:0,1
G67UX16PSI,116.926,39.9559,0,0,0,0,14-3-29 12:32:31,1
G67UX16PSI,116.943,39.9574,0,0,0,0,14-3-29 12:33:2,1
G67UX16PSI,116.943,39.9574,0,0,0,0,14-3-29 12:33:33,1
G67UX16PSI,116.943,39.9574,0,0,0,0,14-3-29 12:34:4,1
G67UX16PSI,116.943,39.9574,0,0,0,0,14-3-29 12:34:35,1
G67UX16PSI,116.943,39.9574,0,0,0,0,14-3-29 12:35:6,1
G67UX16PSI,116.926,39.9552,0,0,0,0,14-3-29 12:35:37,1
G67UX16PSI,116.926,39.9552,0,0,0,0,14-3-29 12:36:8,1
G67UX16PSI,116.923,39.9557,0,0,0,0,14-3-29 12:36:39,1
G67UX16PSI,116.911,39.9518,0,0,0,0,14-3-29 12:37:10,1
G67UX16PSI,116.911,39.9518,0,0,0,0,14-3-29 12:37:41,1
G67UX16PSI,116.911,39.9518,0,0,0,0,14-3-29 12:38:12,1
G67UX16PSI,116.901,39.9511,0,0,0,0,14-3-29 12:38:43,1
G67UX16PSI,116.901,39.9511,0,0,0,0,14-3-29 12:39:14,1
G67UX16PSI,116.892,39.9551,0,0,0,0,14-3-29 12:39:45,1
G67UX16PSI,116.892,39.9489,0,0,0,0,14-3-29 12:40:16,1
G67UX16PSI,116.9,39.95,0,0,0,0,14-3-29 12:40:47,1
G67UX16PSI,116.9,39.95,0,0,0,0,14-3-29 12:41:18,1
G67UX16PSI,116.9,39.95,0,0,0,0,14-3-29 12:41:49,1
G67UX16PSI,116.873,39.9486,0,0,0,0,14-3-29 12:42:20,1
G67UX16PSI,116.873,39.9486,0,0,0,0,14-3-29 12:42:51,1
G67UX16PSI,116.861,39.9471,0,0,0,0,14-3-29 12:43:22,1
G67UX16PSI,116.861,39.9471,0,0,0,0,14-3-29 12:43:53,1
G67UX16PSI,116.861,39.9471,0,0,0,0,14-3-29 12:44:24,1
G67UX16PSI,116.861,39.9471,0,0,0,0,14-3-29 12:44:55,1
G67UX16PSI,116.871,39.9469,0,0,0,0,14-3-29 12:45:26,1
G67UX16PSI,116.871,39.9469,0,0,0,0,14-3-29 12:45:58,0
G67UX16PSI,116.871,39.9469,0,0,0,0,14-3-29 12:46:28,0
G67UX16PSI,116.871,39.9469,0,0,0,0,14-3-29 12:46:59,0
G67UX16PSI,116.839,39.9464,0,0,0,0,14-3-29 12:47:30,1
G67UX16PSI,116.839,39.9464,0,0,0,0,14-3-29 12:48:1,1
G67UX16PSI,116.836,39.9447,0,0,0,0,14-3-29 12:48:32,1
G67UX16PSI,116.836,39.9447,0,0,0,0,14-3-29 12:49:3,1
G67UX16PSI,116.836,39.9447,0,0,0,0,14-3-29 12:49:34,1
G67UX16PSI,116.836,39.9447,0,0,0,0,14-3-29 12:50:5,1
G67UX16PSI,116.839,39.9464,0,0,0,0,14-3-29 12:50:36,1
G67UX16PSI,116.839,39.9464,0,0,0,0,14-3-29 12:51:7,1
G67UX16PSI,116.827,39.9444,0,0,0,0,14-3-29 12:51:38,1
G67UX16PSI,116.827,39.9444,0,0,0,0,14-3-29 12:52:9,0
G67UX16PSI,116.827,39.9444,0,0,0,0,14-3-29 12:52:40,0
G67UX16PSI,116.827,39.9444,0,0,0,0,14-3-29 12:53:11,0
G67UX16PSI,116.827,39.9444,0,0,0,0,14-3-29 12:53:42,0
G67UX16PSI,116.827,39.9444,0,0,0,0,14-3-29 12:54:13,0
G67UX16PSI,116.827,39.9444,0,0,0,0,14-3-29 12:54:44,0
G67UX16PSI,116.827,39.9444,0,0,0,0,14-3-29 12:55:15,0
G67UX16PSI,116.827,39.9444,0,0,0,0,14-3-29 12:55:46,0
G67UX16PSI,116.812,39.942,0,0,0,0,14-3-29 12:56:17,1
G67UX16PSI,116.812,39.942,0,0,0,0,14-3-29 12:56:48,1
G67UX16PSI,116.812,39.942,0,0,0,0,14-3-29 12:57:19,1
G67UX16PSI,116.812,39.942,0,0,0,0,14-3-29 12:57:50,1
G67UX16PSI,116.812,39.942,0,0,0,0,14-3-29 12:58:21,1
G67UX16PSI,114.5,37.1647,0,0,0,0,14-3-29 12:58:52,1
G67UX16PSI,116.8,39.9417,0,0,0,0,14-3-29 12:59:23,1
G67UX16PSI,116.8,39.9417,0,0,0,0,14-3-29 12:59:54,1
G67UX16PSI,116.793,39.9422,0,0,0,0,14-3-29 13:0:25,1
G67UX16PSI,116.793,39.9422,0,0,0,0,14-3-29 13:0:56,1
G67UX16PSI,116.793,39.9422,0,0,0,0,14-3-29 13:1:27,1
G67UX16PSI,116.793,39.9422,0,0,0,0,14-3-29 13:1:58,1
G67UX16PSI,116.793,39.9422,0,0,0,0,14-3-29 13:2:29,0
G67UX16PSI,116.783,39.9412,0,0,0,0,14-3-29 13:3:0,1
G67UX16PSI,116.786,39.9465,0,0,0,0,14-3-29 13:3:31,1
G67UX16PSI,116.786,39.9465,0,0,0,0,14-3-29 13:4:2,1
G67UX16PSI,116.786,39.9465,0,0,0,0,14-3-29 13:4:33,1
G67UX16PSI,116.767,39.9378,0,0,0,0,14-3-29 13:5:4,1
G67UX16PSI,116.767,39.9375,0,0,0,0,14-3-29 13:5:35,1
G67UX16PSI,116.767,39.9375,0,0,0,0,14-3-29 13:6:6,1
G67UX16PSI,116.767,39.9375,0,0,0,0,14-3-29 13:6:37,1
G67UX16PSI,116.767,39.9375,0,0,0,0,14-3-29 13:7:8,1
G67UX16PSI,116.767,39.9375,0,0,0,0,14-3-29 13:7:39,1
G67UX16PSI,116.767,39.9375,0,0,0,0,14-3-29 13:8:10,1
G67UX16PSI,116.767,39.9375,0,0,0,0,14-3-29 13:8:41,1
G67UX16PSI,116.767,39.9375,0,0,0,0,14-3-29 13:9:12,1
G67UX16PSI,116.767,39.9375,0,0,0,0,14-3-29 13:9:44,1
G67UX16PSI,116.767,39.9375,0,0,0,0,14-3-29 13:10:14,1
G67UX16PSI,116.767,39.9375,0,0,0,0,14-3-29 13:11:47,1
G67UX16PSI,116.767,39.9378,0,0,0,0,14-3-29 13:12:18,1
G67UX16PSI,116.767,39.9378,0,0,0,0,14-3-29 13:12:49,1
G67UX16PSI,116.767,39.9378,0,0,0,0,14-3-29 13:13:20,1
G67UX16PSI,116.767,39.9378,0,0,0,0,14-3-29 13:13:51,1
G67UX16PSI,116.758,39.9338,0,0,0,0,14-3-29 13:14:54,1
G67UX16PSI,116.758,39.9338,0,0,0,0,14-3-29 13:15:24,1
G67UX16PSI,116.758,39.9338,0,0,0,0,14-3-29 13:15:55,1
G67UX16PSI,116.744,39.9316,0,0,0,0,14-3-29 13:16:26,1
G67UX16PSI,116.744,39.9316,0,0,0,0,14-3-29 13:16:57,1
G67UX16PSI,116.733,39.9271,0,0,0,0,14-3-29 13:17:28,1
G67UX16PSI,116.733,39.9271,0,0,0,0,14-3-29 13:17:59,1
G67UX16PSI,116.72,39.9248,0,0,0,0,14-3-29 13:18:30,1
G67UX16PSI,116.72,39.9248,0,0,0,0,14-3-29 13:19:1,1
G67UX16PSI,116.708,39.923,0,0,0,0,14-3-29 13:19:32,1
G67UX16PSI,116.708,39.923,0,0,0,0,14-3-29 13:20:3,1
G67UX16PSI,116.699,39.9275,0,0,0,0,14-3-29 13:20:34,1
G67UX16PSI,116.699,39.9275,0,0,0,0,14-3-29 13:21:5,0
G67UX16PSI,116.699,39.9275,0,0,0,0,14-3-29 13:21:36,0
G67UX16PSI,116.699,39.9275,0,0,0,0,14-3-29 13:22:7,0
G67UX16PSI,116.699,39.9275,0,0,0,0,14-3-29 13:22:38,0
G67UX16PSI,116.699,39.9275,0,0,0,0,14-3-29 13:23:41,0
G67UX16PSI,116.703,39.9118,0,0,0,0,14-3-29 13:24:54,1
G67UX16PSI,116.703,39.9118,0,0,0,0,14-3-29 13:25:24,1
G67UX16PSI,116.706,39.9034,0,0,0,0,14-3-29 13:25:55,1
G67UX16PSI,116.706,39.9012,0,0,0,0,14-3-29 13:26:26,1
G67UX16PSI,116.706,39.8957,0,0,0,0,14-3-29 13:27:29,1
G67UX16PSI,116.704,39.8903,0,0,0,0,14-3-29 13:27:59,1
G67UX16PSI,116.703,39.8864,0,0,0,0,14-3-29 13:28:30,1
G67UX16PSI,116.703,39.8864,0,0,0,0,14-3-29 13:29:1,0
G67UX16PSI,116.703,39.8864,0,0,0,0,14-3-29 13:29:32,0
G67UX16PSI,116.701,39.8743,0,0,0,0,14-3-29 13:30:3,1
G67UX16PSI,116.696,39.8645,0,0,0,0,14-3-29 13:30:34,1
G67UX16PSI,116.694,39.861,0,0,0,0,14-3-29 13:31:5,1
G67UX16PSI,116.694,39.861,0,0,0,0,14-3-29 13:31:36,1
G67UX16PSI,116.694,39.861,0,0,0,0,14-3-29 13:32:7,0
G67UX16PSI,116.685,39.8476,0,0,0,0,14-3-29 13:32:38,1
G67UX16PSI,116.685,39.8476,0,0,0,0,14-3-29 13:33:9,1
G67UX16PSI,116.682,39.8446,0,0,0,0,14-3-29 13:33:40,1
G67UX16PSI,116.677,39.8381,0,0,0,0,14-3-29 13:34:11,1
G67UX16PSI,116.68,39.8376,0,0,0,0,14-3-29 13:34:42,1
G67UX16PSI,116.677,39.8377,0,0,0,0,14-3-29 13:35:13,1
G67UX16PSI,116.663,39.8282,0,0,0,0,14-3-29 13:35:44,1
G67UX16PSI,116.663,39.8282,0,0,0,0,14-3-29 13:36:15,1
G67UX16PSI,116.663,39.8282,0,0,0,0,14-3-29 13:36:46,1
G67UX16PSI,116.663,39.8282,0,0,0,0,14-3-29 13:37:17,1
G67UX16PSI,116.652,39.8164,0,0,0,0,14-3-29 13:38:50,1
G67UX16PSI,116.632,39.8057,0,0,0,0,14-3-29 13:39:21,1
G67UX16PSI,116.632,39.8057,0,0,0,0,14-3-29 13:39:52,1
G67UX16PSI,116.632,39.8057,0,0,0,0,14-3-29 13:40:23,0
G67UX16PSI,116.632,39.8057,0,0,0,0,14-3-29 13:40:54,0
G67UX16PSI,116.624,39.7937,0,0,0,0,14-3-29 13:41:25,1
G67UX16PSI,116.624,39.7937,0,0,0,0,14-3-29 13:41:56,1
G67UX16PSI,116.624,39.7937,0,0,0,0,14-3-29 13:42:27,1
G67UX16PSI,116.624,39.7937,0,0,0,0,14-3-29 13:44:0,0
G67UX16PSI,116.624,39.7937,0,0,0,0,14-3-29 13:52:11,0
G67UX16PSI,116.624,39.7937,0,0,0,0,14-3-29 13:52:42,0
G67UX16PSI,116.624,39.7937,0,0,0,0,14-3-29 13:53:3,0
G67UX16PSI,116.624,39.7937,0,0,0,0,14-3-29 13:53:34,0
G67UX16PSI,116.624,39.7937,0,0,0,0,14-3-29 13:54:5,0
G67UX16PSI,116.624,39.7937,0,0,0,0,14-3-29 13:54:36,0
G67UX16PSI,116.624,39.7937,0,0,0,0,14-3-29 13:55:7,0
G67UX16PSI,116.624,39.7937,0,0,0,0,14-3-29 13:55:38,0
G67UX16PSI,116.624,39.7937,0,0,0,0,14-3-29 13:56:9,0
G67UX16PSI,116.624,39.7937,0,0,0,0,14-3-29 13:56:40,0
G67UX16PSI,116.624,39.7937,0,0,0,0,14-3-29 13:57:11,0
G67UX16PSI,116.624,39.7937,0,0,0,0,14-3-29 13:57:42,0
G67UX16PSI,116.624,39.7937,0,0,0,0,14-3-29 13:58:13,0
G67UX16PSI,116.624,39.7937,0,0,0,0,14-3-29 13:58:44,0
G67UX16PSI,116.624,39.7937,0,0,0,0,14-3-29 13:59:15,0
G67UX16PSI,116.624,39.7937,0,0,0,0,14-3-29 13:59:46,0
G67UX16PSI,116.624,39.7937,0,0,0,0,14-3-29 14:0:17,0
G67UX16PSI,116.624,39.7937,0,0,0,0,14-3-29 14:1:20,0
G67UX16PSI,116.624,39.7937,0,0,0,0,14-3-29 14:1:50,0
G67UX16PSI,116.624,39.7937,0,0,0,0,14-3-29 14:2:21,0
G67UX16PSI,116.624,39.7937,0,0,0,0,14-3-29 14:2:52,0
G67UX16PSI,116.624,39.7937,0,0,0,0,14-3-29 14:3:23,0
G67UX16PSI,116.624,39.7937,0,0,0,0,14-3-29 14:3:54,0
G67UX16PSI,116.624,39.7937,0,0,0,0,14-3-29 14:4:25,0
G67UX16PSI,116.624,39.7937,0,0,0,0,14-3-29 14:4:56,0
G67UX16PSI,116.624,39.7937,0,0,0,0,14-3-29 14:5:27,0
G67UX16PSI,116.624,39.7937,0,0,0,0,14-3-29 14:5:58,0
G67UX16PSI,116.534,39.7452,0,0,0,0,14-3-29 14:6:29,1
G67UX16PSI,116.525,39.7418,0,0,0,0,14-3-29 14:7:0,1
G67UX16PSI,116.518,39.7404,0,0,0,0,14-3-29 14:7:31,1
G67UX16PSI,116.518,39.7404,0,0,0,0,14-3-29 14:8:2,1
G67UX16PSI,116.518,39.7404,0,0,0,0,14-3-29 14:8:33,1
G67UX16PSI,116.518,39.7404,0,0,0,0,14-3-29 14:9:4,0
G67UX16PSI,116.518,39.7404,0,0,0,0,14-3-29 14:9:35,0
G67UX16PSI,116.518,39.7404,0,0,0,0,14-3-29 14:10:6,0
G67UX16PSI,116.518,39.7404,0,0,0,0,14-3-29 14:10:37,0
G67UX16PSI,116.518,39.7404,0,0,0,0,14-3-29 14:11:40,0
G67UX16PSI,116.518,39.7404,0,0,0,0,14-3-29 14:12:10,0
G67UX16PSI,116.518,39.7404,0,0,0,0,14-3-29 14:12:41,0
G67UX16PSI,116.518,39.7404,0,0,0,0,14-3-29 14:13:12,0
G67UX16PSI,116.41,39.7202,0,0,0,0,14-3-29 14:16:50,1
G67UX16PSI,116.41,39.7202,0,0,0,0,14-3-29 14:17:20,1
G67UX16PSI,116.41,39.7202,0,0,0,0,14-3-29 14:17:51,1
G67UX16PSI,116.41,39.7202,0,0,0,0,14-3-29 14:18:22,1
G67UX16PSI,116.41,39.7202,0,0,0,0,14-3-29 14:18:53,1
G67UX16PSI,116.41,39.7202,0,0,0,0,14-3-29 14:19:24,1
G67UX16PSI,116.41,39.7202,0,0,0,0,14-3-29 14:19:55,1
G67UX16PSI,116.41,39.7202,0,0,0,0,14-3-29 14:20:26,1
G67UX16PSI,116.41,39.7202,0,0,0,0,14-3-29 14:20:57,1
G67UX16PSI,116.41,39.7202,0,0,0,0,14-3-29 14:21:28,1
G67UX16PSI,116.41,39.7202,0,0,0,0,14-3-29 14:21:59,1
G67UX16PSI,116.41,39.7202,0,0,0,0,14-3-29 14:22:30,1
G67UX16PSI,116.41,39.7202,0,0,0,0,14-3-29 14:23:1,1
G67UX16PSI,116.41,39.7202,0,0,0,0,14-3-29 14:23:32,1
G67UX16PSI,116.41,39.7202,0,0,0,0,14-3-29 14:24:3,1
G67UX16PSI,116.41,39.7202,0,0,0,0,14-3-29 14:25:0,1
G67UX16PSI,116.41,39.7202,0,0,0,0,14-3-29 14:25:31,1
G67UX16PSI,116.41,39.7202,0,0,0,0,14-3-29 14:26:2,1
G67UX16PSI,116.41,39.7202,0,0,0,0,14-3-29 14:26:33,1
G67UX16PSI,116.41,39.7202,0,0,0,0,14-3-29 14:27:4,1
G67UX16PSI,116.41,39.7202,0,0,0,0,14-3-29 14:27:35,1
G67UX16PSI,116.41,39.7202,0,0,0,0,14-3-29 14:28:6,1
G67UX16PSI,116.41,39.7202,0,0,0,0,14-3-29 14:28:37,1
G67UX16PSI,116.41,39.7202,0,0,0,0,14-3-29 14:29:8,1
G67UX16PSI,116.41,39.7202,0,0,0,0,14-3-29 14:29:39,1
G67UX16PSI,116.41,39.7202,0,0,0,0,14-3-29 14:30:10,1
G67UX16PSI,116.41,39.7202,0,0,0,0,14-3-29 14:30:41,1
G67UX16PSI,116.41,39.7202,0,0,0,0,14-3-29 14:31:12,1
G67UX16PSI,116.41,39.7202,0,0,0,0,14-3-29 14:31:43,1
G67UX16PSI,116.41,39.7202,0,0,0,0,14-3-29 14:32:14,1
G67UX16PSI,116.41,39.7202,0,0,0,0,14-3-29 14:32:45,1
G67UX16PSI,116.41,39.7202,0,0,0,0,14-3-29 14:33:16,1
G67UX16PSI,116.41,39.7202,0,0,0,0,14-3-29 14:33:47,1
G67UX16PSI,116.411,39.7199,0,0,0,0,14-3-29 14:34:18,1
G67UX16PSI,116.411,39.7199,0,0,0,0,14-3-29 14:35:51,1
G67UX16PSI,116.411,39.7199,0,0,0,0,14-3-29 14:36:23,1
G67UX16PSI,116.411,39.7199,0,0,0,0,14-3-29 14:36:53,1
G67UX16PSI,116.411,39.7199,0,0,0,0,14-3-29 14:37:25,1
G67UX16PSI,116.411,39.7199,0,0,0,0,14-3-29 14:38:57,1
G67UX16PSI,116.406,39.7191,0,0,0,0,14-3-29 14:41:33,1
G67UX16PSI,116.411,39.7199,0,0,0,0,14-3-29 14:42:3,1
G67UX16PSI,116.411,39.7199,0,0,0,0,14-3-29 14:42:34,1
G67UX16PSI,116.411,39.7199,0,0,0,0,14-3-29 14:43:5,0
G67UX16PSI,116.411,39.7199,0,0,0,0,14-3-29 14:43:36,0
G67UX16PSI,116.402,39.7318,0,0,0,0,14-3-29 14:44:38,1
G67UX16PSI,116.402,39.7318,0,0,0,0,14-3-29 14:45:9,1
G67UX16PSI,116.402,39.7318,0,0,0,0,14-3-29 14:45:40,1
G67UX16PSI,116.402,39.7318,0,0,0,0,14-3-29 14:46:11,1
G67UX16PSI,116.402,39.7318,0,0,0,0,14-3-29 14:46:42,1
G67UX16PSI,116.402,39.7318,0,0,0,0,14-3-29 14:47:13,1
G67UX16PSI,116.402,39.7318,0,0,0,0,14-3-29 14:47:44,1
G67UX16PSI,116.402,39.7318,0,0,0,0,14-3-29 14:48:15,1
G67UX16PSI,116.398,39.7396,0,0,0,0,14-3-29 14:48:46,1
G67UX16PSI,116.398,39.7396,0,0,0,0,14-3-29 14:49:17,1
G67UX16PSI,116.398,39.7396,0,0,0,0,14-3-29 14:49:48,1
G67UX16PSI,116.398,39.7396,0,0,0,0,14-3-29 14:50:19,1
G67UX16PSI,116.398,39.7396,0,0,0,0,14-3-29 14:50:50,1
G67UX16PSI,116.398,39.7396,0,0,0,0,14-3-29 14:51:21,1
G67UX16PSI,116.398,39.7396,0,0,0,0,14-3-29 14:51:52,1
G67UX16PSI,116.398,39.7396,0,0,0,0,14-3-29 14:52:23,1
G67UX16PSI,116.398,39.7396,0,0,0,0,14-3-29 14:52:54,1
G67UX16PSI,116.398,39.7396,0,0,0,0,14-3-29 14:53:25,1
G67UX16PSI,116.398,39.7396,0,0,0,0,14-3-29 14:53:56,1
G67UX16PSI,116.398,39.7396,0,0,0,0,14-3-29 14:54:27,1
G67UX16PSI,116.398,39.7396,0,0,0,0,14-3-29 14:56:0,1
G67UX16PSI,116.398,39.7396,0,0,0,0,14-3-29 14:57:33,1
G67UX16PSI,116.399,39.7485,0,0,0,0,14-3-29 15:10:25,1
G67UX16PSI,116.399,39.7485,0,0,0,0,14-3-29 15:10:56,1
G67UX16PSI,116.399,39.7485,0,0,0,0,14-3-29 15:11:14,1
G67UX16PSI,116.399,39.7485,0,0,0,0,14-3-29 15:11:45,1
G67UX16PSI,116.399,39.7485,0,0,0,0,14-3-29 15:12:16,1
G67UX16PSI,116.399,39.7485,0,0,0,0,14-3-29 15:12:47,1
G67UX16PSI,116.399,39.7485,0,0,0,0,14-3-29 15:13:18,1
G67UX16PSI,116.399,39.7485,0,0,0,0,14-3-29 15:13:49,1
G67UX16PSI,116.399,39.7485,0,0,0,0,14-3-29 15:14:20,1
G67UX16PSI,116.399,39.7485,0,0,0,0,14-3-29 15:14:51,1
G67UX16PSI,116.399,39.7485,0,0,0,0,14-3-29 15:15:22,1
G67UX16PSI,116.399,39.7485,0,0,0,0,14-3-29 15:15:53,1
G67UX16PSI,116.399,39.7485,0,0,0,0,14-3-29 15:16:24,1
G67UX16PSI,116.399,39.7485,0,0,0,0,14-3-29 15:16:55,1
G67UX16PSI,116.399,39.7485,0,0,0,0,14-3-29 15:17:26,1
G67UX16PSI,116.399,39.7485,0,0,0,0,14-3-29 15:17:57,1
G67UX16PSI,116.399,39.7485,0,0,0,0,14-3-29 15:18:28,1
G67UX16PSI,116.399,39.7485,0,0,0,0,14-3-29 15:18:59,1
G67UX16PSI,116.399,39.7485,0,0,0,0,14-3-29 15:19:30,1
G67UX16PSI,116.399,39.7485,0,0,0,0,14-3-29 15:20:1,1
G67UX16PSI,116.399,39.7485,0,0,0,0,14-3-29 15:20:32,1
G67UX16PSI,116.399,39.7485,0,0,0,0,14-3-29 15:21:3,1
G67UX16PSI,116.399,39.7485,0,0,0,0,14-3-29 15:21:34,1
G67UX16PSI,116.399,39.7485,0,0,0,0,14-3-29 15:22:5,1
G67UX16PSI,116.399,39.7485,0,0,0,0,14-3-29 15:22:36,1
G67UX16PSI,116.399,39.7485,0,0,0,0,14-3-29 15:23:7,1
G67UX16PSI,116.399,39.7485,0,0,0,0,14-3-29 15:23:38,1
G67UX16PSI,116.399,39.7485,0,0,0,0,14-3-29 15:24:9,1
G67UX16PSI,116.399,39.7485,0,0,0,0,14-3-29 15:24:40,1
G67UX16PSI,116.399,39.7485,0,0,0,0,14-3-29 15:26:12,1
G67UX16PSI,116.399,39.7485,0,0,0,0,14-3-29 15:26:43,1
G67UX16PSI,116.399,39.7485,0,0,0,0,14-3-29 15:27:14,1
G67UX16PSI,116.399,39.7485,0,0,0,0,14-3-29 15:27:45,1
G67UX16PSI,116.399,39.7485,0,0,0,0,14-3-29 15:28:16,1
G67UX16PSI,116.399,39.7485,0,0,0,0,14-3-29 15:28:47,1
G67UX16PSI,116.399,39.7485,0,0,0,0,14-3-29 15:29:49,1
G67UX16PSI,116.399,39.7485,0,0,0,0,14-3-29 15:30:51,1
G67UX16PSI,116.399,39.7485,0,0,0,0,14-3-29 15:31:54,1
G67UX16PSI,116.399,39.7485,0,0,0,0,14-3-29 15:32:24,1
G67UX16PSI,116.399,39.7485,0,0,0,0,14-3-29 15:32:55,1
G67UX16PSI,116.399,39.7485,0,0,0,0,14-3-29 15:33:26,1
G67UX16PSI,116.399,39.7485,0,0,0,0,14-3-29 15:33:57,1
G67UX16PSI,116.399,39.7485,0,0,0,0,14-3-29 15:34:28,1
G67UX16PSI,116.399,39.7485,0,0,0,0,14-3-29 15:34:59,1
G67UX16PSI,116.399,39.7485,0,0,0,0,14-3-29 15:35:30,1
G67UX16PSI,116.399,39.7485,0,0,0,0,14-3-29 15:36:1,1
G67UX16PSI,116.399,39.7485,0,0,0,0,14-3-29 15:36:32,1
G67UX16PSI,116.399,39.7485,0,0,0,0,14-3-29 15:37:3,1
G67UX16PSI,116.399,39.7485,0,0,0,0,14-3-29 15:37:34,1
G67UX16PSI,116.399,39.7485,0,0,0,0,14-3-29 15:38:5,1
G67UX16PSI,116.399,39.7485,0,0,0,0,14-3-29 15:38:36,1
G67UX16PSI,116.399,39.7485,0,0,0,0,14-3-29 15:39:7,1
G67UX16PSI,116.399,39.7485,0,0,0,0,14-3-29 15:39:38,1
G67UX16PSI,116.399,39.7485,0,0,0,0,14-3-29 15:40:9,1
G67UX16PSI,116.399,39.7485,0,0,0,0,14-3-29 15:40:40,1
G67UX16PSI,116.399,39.7485,0,0,0,0,14-3-29 15:41:11,1
G67UX16PSI,116.399,39.7485,0,0,0,0,14-3-29 15:41:42,1
G67UX16PSI,116.399,39.7485,0,0,0,0,14-3-29 15:42:13,1
G67UX16PSI,116.399,39.7485,0,0,0,0,14-3-29 15:42:44,1
G67UX16PSI,116.399,39.7485,0,0,0,0,14-3-29 15:43:15,1
G67UX16PSI,116.399,39.7485,0,0,0,0,14-3-29 15:43:46,1
G67UX16PSI,116.399,39.7485,0,0,0,0,14-3-29 15:44:17,1
G67UX16PSI,116.399,39.7485,0,0,0,0,14-3-29 15:44:48,1
G67UX16PSI,116.399,39.7485,0,0,0,0,14-3-29 15:45:19,1
G67UX16PSI,116.399,39.7485,0,0,0,0,14-3-29 15:45:50,1
G67UX16PSI,116.399,39.7485,0,0,0,0,14-3-29 15:46:21,1
G67UX16PSI,116.399,39.7485,0,0,0,0,14-3-29 15:46:52,1
G67UX16PSI,116.399,39.7485,0,0,0,0,14-3-29 15:47:23,1
G67UX16PSI,116.399,39.7485,0,0,0,0,14-3-29 15:47:54,1
G67UX16PSI,116.401,39.7456,0,0,0,0,14-3-29 15:49:27,1
G67UX16PSI,116.399,39.7485,0,0,0,0,14-3-29 15:49:58,1
G67UX16PSI,116.399,39.7485,0,0,0,0,14-3-29 15:50:29,1
G67UX16PSI,116.399,39.7485,0,0,0,0,14-3-29 15:51:32,1
G67UX16PSI,116.399,39.7485,0,0,0,0,14-3-29 15:52:2,1
G67UX16PSI,116.399,39.7485,0,0,0,0,14-3-29 15:54:6,1
G67UX16PSI,116.399,39.7485,0,0,0,0,14-3-29 15:54:37,1
G67UX16PSI,116.399,39.7485,0,0,0,0,14-3-29 15:56:41,1
G67UX16PSI,116.399,39.7485,0,0,0,0,14-3-29 15:57:12,1
G67UX16PSI,116.399,39.7485,0,0,0,0,14-3-29 15:57:43,1
G67UX16PSI,116.399,39.7485,0,0,0,0,14-3-29 15:58:14,1
G67UX16PSI,116.399,39.7485,0,0,0,0,14-3-29 15:59:17,1
G67UX16PSI,116.399,39.7485,0,0,0,0,14-3-29 15:59:48,1
G67UX16PSI,116.399,39.7485,0,0,0,0,14-3-29 16:0:18,1
G67UX16PSI,116.399,39.7485,0,0,0,0,14-3-29 16:0:49,1
G67UX16PSI,116.399,39.7485,0,0,0,0,14-3-29 16:1:20,1
G67UX16PSI,116.399,39.7485,0,0,0,0,14-3-29 16:1:51,1
G67UX16PSI,116.399,39.7485,0,0,0,0,14-3-29 16:2:22,1
G67UX16PSI,116.399,39.7485,0,0,0,0,14-3-29 16:2:53,1
G67UX16PSI,116.399,39.7485,0,0,0,0,14-3-29 16:3:24,1
G67UX16PSI,116.399,39.7485,0,0,0,0,14-3-29 16:3:55,1
G67UX16PSI,116.399,39.7485,0,0,0,0,14-3-29 16:4:26,1
G67UX16PSI,116.399,39.7485,0,0,0,0,14-3-29 16:4:57,1
G67UX16PSI,116.399,39.7485,0,0,0,0,14-3-29 16:5:28,1
G67UX16PSI,116.399,39.7485,0,0,0,0,14-3-29 16:5:59,1
G67UX16PSI,116.399,39.7485,0,0,0,0,14-3-29 16:6:30,1
G67UX16PSI,116.399,39.7485,0,0,0,0,14-3-29 16:7:1,1
G67UX16PSI,116.399,39.7485,0,0,0,0,14-3-29 16:7:32,1
G67UX16PSI,116.399,39.7485,0,0,0,0,14-3-29 16:8:3,1
G67UX16PSI,116.399,39.7485,0,0,0,0,14-3-29 16:9:6,1
G67UX16PSI,116.399,39.7485,0,0,0,0,14-3-29 16:10:7,1
G67UX16PSI,116.399,39.7485,0,0,0,0,14-3-29 16:10:38,1
G67UX16PSI,116.399,39.7485,0,0,0,0,14-3-29 16:11:9,1
G67UX16PSI,116.399,39.7485,0,0,0,0,14-3-29 16:11:40,1
G67UX16PSI,116.399,39.7485,0,0,0,0,14-3-29 16:12:11,1
G67UX16PSI,116.399,39.7485,0,0,0,0,14-3-29 16:13:14,1
G67UX16PSI,116.399,39.7485,0,0,0,0,14-3-29 16:13:44,1
G67UX16PSI,116.399,39.7485,0,0,0,0,14-3-29 16:14:15,1
G67UX16PSI,116.399,39.7485,0,0,0,0,14-3-29 16:14:46,1
G67UX16PSI,116.399,39.7485,0,0,0,0,14-3-29 16:15:17,1
G67UX16PSI,116.399,39.7485,0,0,0,0,14-3-29 16:15:48,1
G67UX16PSI,116.399,39.7485,0,0,0,0,14-3-29 16:16:19,1
G67UX16PSI,116.399,39.7485,0,0,0,0,14-3-29 16:16:50,1
G67UX16PSI,116.399,39.7485,0,0,0,0,14-3-29 16:17:22,1
G67UX16PSI,116.399,39.7485,0,0,0,0,14-3-29 16:17:52,1
G67UX16PSI,116.399,39.7485,0,0,0,0,14-3-29 16:18:23,1
G67UX16PSI,116.399,39.7485,0,0,0,0,14-3-29 16:18:54,1
G67UX16PSI,116.399,39.7485,0,0,0,0,14-3-29 16:19:25,1
G67UX16PSI,116.399,39.7485,0,0,0,0,14-3-29 16:19:56,1
G67UX16PSI,116.399,39.7485,0,0,0,0,14-3-29 16:20:27,1
G67UX16PSI,116.399,39.7485,0,0,0,0,14-3-29 16:20:58,1
G67UX16PSI,116.399,39.7485,0,0,0,0,14-3-29 16:21:29,1
G67UX16PSI,116.399,39.7485,0,0,0,0,14-3-29 16:22:0,1
G67UX16PSI,116.399,39.7485,0,0,0,0,14-3-29 16:22:31,1
G67UX16PSI,116.399,39.7485,0,0,0,0,14-3-29 16:23:2,1
G67UX16PSI,116.399,39.7485,0,0,0,0,14-3-29 16:23:33,1
G67UX16PSI,116.399,39.7485,0,0,0,0,14-3-29 16:24:5,1
G67UX16PSI,116.399,39.7485,0,0,0,0,14-3-29 16:24:35,1
G67UX16PSI,116.399,39.7485,0,0,0,0,14-3-29 16:25:17,1
G67UX16PSI,116.399,39.7485,0,0,0,0,14-3-29 16:25:48,1
G67UX16PSI,116.399,39.7485,0,0,0,0,14-3-29 16:26:19,1
G67UX16PSI,116.399,39.7485,0,0,0,0,14-3-29 16:26:50,1
G67UX16PSI,116.399,39.7485,0,0,0,0,14-3-29 16:27:21,1
G67UX16PSI,116.399,39.7485,0,0,0,0,14-3-29 16:27:52,1
G67UX16PSI,116.399,39.7485,0,0,0,0,14-3-29 16:28:23,1
G67UX16PSI,116.399,39.7485,0,0,0,0,14-3-29 16:28:55,1
G67UX16PSI,116.399,39.7485,0,0,0,0,14-3-29 16:29:25,1
G67UX16PSI,116.399,39.7485,0,0,0,0,14-3-29 16:29:56,1
G67UX16PSI,116.399,39.7485,0,0,0,0,14-3-29 16:30:27,1
G67UX16PSI,116.399,39.7485,0,0,0,0,14-3-29 16:30:59,1
G67UX16PSI,116.399,39.7485,0,0,0,0,14-3-29 16:31:29,1
G67UX16PSI,116.399,39.7485,0,0,0,0,14-3-29 16:32:0,1
G67UX16PSI,116.399,39.7485,0,0,0,0,14-3-29 16:32:31,1
G67UX16PSI,116.399,39.7485,0,0,0,0,14-3-29 16:33:2,1
G67UX16PSI,116.399,39.7485,0,0,0,0,14-3-29 16:33:33,1
G67UX16PSI,116.399,39.7485,0,0,0,0,14-3-29 16:34:4,1
G67UX16PSI,116.399,39.7485,0,0,0,0,14-3-29 16:34:35,1
G67UX16PSI,116.399,39.7485,0,0,0,0,14-3-29 16:35:6,1
G67UX16PSI,116.399,39.7485,0,0,0,0,14-3-29 16:35:37,1
G67UX16PSI,116.399,39.7485,0,0,0,0,14-3-29 16:36:8,1
G67UX16PSI,116.399,39.7485,0,0,0,0,14-3-29 16:36:39,1
G67UX16PSI,116.399,39.7485,0,0,0,0,14-3-29 16:37:10,1
G67UX16PSI,116.399,39.7485,0,0,0,0,14-3-29 16:37:41,1
G67UX16PSI,116.399,39.7485,0,0,0,0,14-3-29 16:38:12,1
G67UX16PSI,116.399,39.7485,0,0,0,0,14-3-29 16:38:43,1
G67UX16PSI,116.399,39.7485,0,0,0,0,14-3-29 16:39:14,1
G67UX16PSI,116.399,39.7485,0,0,0,0,14-3-29 16:39:45,1
G67UX16PSI,116.399,39.7485,0,0,0,0,14-3-29 16:40:16,1
G67UX16PSI,116.399,39.7485,0,0,0,0,14-3-29 16:40:47,1
G67UX16PSI,116.399,39.7485,0,0,0,0,14-3-29 16:41:18,1
G67UX16PSI,116.399,39.7485,0,0,0,0,14-3-29 16:41:49,1
G67UX16PSI,116.399,39.7485,0,0,0,0,14-3-29 16:42:20,1
G67UX16PSI,116.399,39.7485,0,0,0,0,14-3-29 16:42:51,1
G67UX16PSI,116.399,39.7485,0,0,0,0,14-3-29 16:43:22,1
G67UX16PSI,116.399,39.7485,0,0,0,0,14-3-29 16:43:53,1
G67UX16PSI,116.399,39.7485,0,0,0,0,14-3-29 16:44:24,1
G67UX16PSI,116.399,39.7485,0,0,0,0,14-3-29 16:44:55,1
G67UX16PSI,116.399,39.7485,0,0,0,0,14-3-29 16:45:26,1
G67UX16PSI,116.399,39.7485,0,0,0,0,14-3-29 16:45:57,1
G67UX16PSI,116.399,39.7485,0,0,0,0,14-3-29 16:46:28,1
G67UX16PSI,116.399,39.7485,0,0,0,0,14-3-29 16:46:59,1
G67UX16PSI,116.399,39.7485,0,0,0,0,14-3-29 16:47:30,1
G67UX16PSI,116.399,39.7485,0,0,0,0,14-3-29 16:48:1,1
G67UX16PSI,116.399,39.7485,0,0,0,0,14-3-29 16:48:32,1
G67UX16PSI,116.399,39.7485,0,0,0,0,14-3-29 16:49:3,1
G67UX16PSI,116.399,39.7485,0,0,0,0,14-3-29 16:49:34,1
G67UX16PSI,116.399,39.7485,0,0,0,0,14-3-29 16:50:5,1
G67UX16PSI,116.399,39.7485,0,0,0,0,14-3-29 16:50:36,1
G67UX16PSI,116.399,39.7485,0,0,0,0,14-3-29 16:51:7,1
G67UX16PSI,116.399,39.7485,0,0,0,0,14-3-29 16:51:38,1
G67UX16PSI,116.399,39.7485,0,0,0,0,14-3-29 16:52:9,1
G67UX16PSI,116.399,39.7485,0,0,0,0,14-3-29 16:52:40,1
G67UX16PSI,116.399,39.7485,0,0,0,0,14-3-29 16:53:11,1
G67UX16PSI,116.399,39.7485,0,0,0,0,14-3-29 16:53:42,1
G67UX16PSI,116.399,39.7485,0,0,0,0,14-3-29 16:54:13,1
G67UX16PSI,116.399,39.7485,0,0,0,0,14-3-29 16:54:44,1
G67UX16PSI,116.399,39.7485,0,0,0,0,14-3-29 16:55:15,1
G67UX16PSI,116.399,39.7485,0,0,0,0,14-3-29 16:55:46,1
G67UX16PSI,116.399,39.7485,0,0,0,0,14-3-29 16:56:17,1
G67UX16PSI,116.399,39.7485,0,0,0,0,14-3-29 16:56:48,1
G67UX16PSI,116.399,39.7485,0,0,0,0,14-3-29 16:57:19,1
G67UX16PSI,116.399,39.7485,0,0,0,0,14-3-29 16:58:52,1
G67UX16PSI,116.399,39.7485,0,0,0,0,14-3-29 16:59:23,1
G67UX16PSI,116.401,39.7456,0,0,0,0,14-3-29 16:59:54,1
G67UX16PSI,116.401,39.7456,0,0,0,0,14-3-29 17:0:25,1
G67UX16PSI,116.401,39.7456,0,0,0,0,14-3-29 17:0:56,1
G67UX16PSI,116.399,39.7485,0,0,0,0,14-3-29 17:2:30,1
G67UX16PSI,116.398,39.7396,0,0,0,0,14-3-29 17:4:2,1
G67UX16PSI,116.398,39.7396,0,0,0,0,14-3-29 17:4:34,1
G67UX16PSI,116.398,39.7396,0,0,0,0,14-3-29 17:5:4,1
G67UX16PSI,116.402,39.7318,0,0,0,0,14-3-29 17:5:35,1
G67UX16PSI,116.402,39.7318,0,0,0,0,14-3-29 17:6:6,1
G67UX16PSI,116.402,39.7318,0,0,0,0,14-3-29 17:6:37,1
G67UX16PSI,116.402,39.7318,0,0,0,0,14-3-29 17:7:8,1
G67UX16PSI,116.402,39.7318,0,0,0,0,14-3-29 17:7:39,1
G67UX16PSI,116.402,39.7318,0,0,0,0,14-3-29 17:8:10,0
G67UX16PSI,116.402,39.7318,0,0,0,0,14-3-29 17:8:41,0
G67UX16PSI,116.411,39.7199,0,0,0,0,14-3-29 17:9:12,1
G67UX16PSI,116.411,39.7199,0,0,0,0,14-3-29 17:10:15,1
G67UX16PSI,116.411,39.7199,0,0,0,0,14-3-29 17:10:45,0
G67UX16PSI,116.41,39.7202,0,0,0,0,14-3-29 17:11:16,1
G67UX16PSI,116.41,39.7202,0,0,0,0,14-3-29 17:11:47,1
G67UX16PSI,116.41,39.7202,0,0,0,0,14-3-29 17:12:18,1
G67UX16PSI,116.41,39.7202,0,0,0,0,14-3-29 17:12:49,1
G67UX16PSI,116.41,39.7202,0,0,0,0,14-3-29 17:13:20,1
G67UX16PSI,116.41,39.7202,0,0,0,0,14-3-29 17:13:51,1
G67UX16PSI,116.41,39.7202,0,0,0,0,14-3-29 17:14:22,1
G67UX16PSI,116.41,39.7202,0,0,0,0,14-3-29 17:14:53,1
G67UX16PSI,116.41,39.7202,0,0,0,0,14-3-29 17:15:24,1
G67UX16PSI,116.41,39.7202,0,0,0,0,14-3-29 17:15:55,1
G67UX16PSI,116.41,39.7202,0,0,0,0,14-3-29 17:16:26,1
G67UX16PSI,116.41,39.7202,0,0,0,0,14-3-29 17:16:57,1
G67UX16PSI,116.41,39.7202,0,0,0,0,14-3-29 17:17:28,1
G67UX16PSI,116.41,39.7202,0,0,0,0,14-3-29 17:19:1,0
G67UX16PSI,116.424,39.7211,0,0,0,0,14-3-29 17:19:32,1
G67UX16PSI,116.534,39.7452,0,0,0,0,14-3-29 17:32:42,1
G67UX16PSI,116.544,39.747,0,0,0,0,14-3-29 17:33:10,1
G67UX16PSI,116.544,39.747,0,0,0,0,14-3-29 17:33:41,1
G67UX16PSI,116.544,39.747,0,0,0,0,14-3-29 17:34:12,0
G67UX16PSI,116.544,39.747,0,0,0,0,14-3-29 17:34:43,0
G67UX16PSI,116.534,39.7452,0,0,0,0,14-3-29 17:35:14,1
G67UX16PSI,116.534,39.7452,0,0,0,0,14-3-29 17:35:45,1
G67UX16PSI,116.534,39.7452,0,0,0,0,14-3-29 17:36:16,1
G67UX16PSI,116.534,39.7452,0,0,0,0,14-3-29 17:36:47,1
G67UX16PSI,116.534,39.7452,0,0,0,0,14-3-29 17:37:18,1
G67UX16PSI,116.534,39.7452,0,0,0,0,14-3-29 17:37:49,1
G67UX16PSI,116.534,39.7452,0,0,0,0,14-3-29 17:38:20,1
G67UX16PSI,116.534,39.7452,0,0,0,0,14-3-29 17:38:51,1
G67UX16PSI,116.534,39.7452,0,0,0,0,14-3-29 17:39:22,0
G67UX16PSI,116.534,39.7452,0,0,0,0,14-3-29 17:39:53,0
G67UX16PSI,116.534,39.7452,0,0,0,0,14-3-29 17:40:24,0
G67UX16PSI,116.534,39.7452,0,0,0,0,14-3-29 17:41:26,0
G67UX16PSI,116.534,39.7452,0,0,0,0,14-3-29 17:41:57,0
G67UX16PSI,116.534,39.7452,0,0,0,0,14-3-29 17:44:1,0
G67UX16PSI,116.534,39.7452,0,0,0,0,14-3-29 17:44:32,0
G67UX16PSI,116.534,39.7452,0,0,0,0,14-3-29 17:45:3,0
G67UX16PSI,116.534,39.7452,0,0,0,0,14-3-29 17:45:34,0
G67UX16PSI,116.534,39.7452,0,0,0,0,14-3-29 17:46:5,0
G67UX16PSI,116.534,39.7452,0,0,0,0,14-3-29 17:47:8,0
G67UX16PSI,116.534,39.7452,0,0,0,0,14-3-29 17:47:38,0
G67UX16PSI,116.534,39.7452,0,0,0,0,14-3-29 17:48:9,0
G67UX16PSI,116.534,39.7452,0,0,0,0,14-3-29 17:49:12,0
G67UX16PSI,116.534,39.7452,0,0,0,0,14-3-29 17:49:42,0
G67UX16PSI,116.534,39.7452,0,0,0,0,14-3-29 17:51:15,0
G67UX16PSI,116.534,39.7452,0,0,0,0,14-3-29 17:51:46,0
G67UX16PSI,116.534,39.7452,0,0,0,0,14-3-29 17:52:17,0
G67UX16PSI,116.534,39.7452,0,0,0,0,14-3-29 17:52:48,0
G67UX16PSI,116.534,39.7452,0,0,0,0,14-3-29 17:53:19,0
G67UX16PSI,116.534,39.7452,0,0,0,0,14-3-29 17:54:22,0
G67UX16PSI,116.534,39.7452,0,0,0,0,14-3-29 17:54:52,0
G67UX16PSI,116.534,39.7452,0,0,0,0,14-3-29 17:55:23,0
G67UX16PSI,116.534,39.7452,0,0,0,0,14-3-29 17:55:54,0
G67UX16PSI,116.534,39.7452,0,0,0,0,14-3-29 17:56:25,0
G67UX16PSI,116.534,39.7452,0,0,0,0,14-3-29 17:56:56,0
G67UX16PSI,116.534,39.7452,0,0,0,0,14-3-29 17:57:27,0
G67UX16PSI,116.534,39.7452,0,0,0,0,14-3-29 17:57:58,0
G67UX16PSI,116.534,39.7452,0,0,0,0,14-3-29 17:58:29,0
G67UX16PSI,116.534,39.7452,0,0,0,0,14-3-29 17:59:0,0
G67UX16PSI,116.534,39.7452,0,0,0,0,14-3-29 17:59:31,0
G67UX16PSI,116.534,39.7452,0,0,0,0,14-3-29 18:0:2,0
G67UX16PSI,116.534,39.7452,0,0,0,0,14-3-29 18:0:33,0
G67UX16PSI,116.534,39.7452,0,0,0,0,14-3-29 18:1:4,0
G67UX16PSI,116.534,39.7452,0,0,0,0,14-3-29 18:1:36,0
G67UX16PSI,116.534,39.7452,0,0,0,0,14-3-29 18:2:6,0
G67UX16PSI,116.534,39.7452,0,0,0,0,14-3-29 18:2:37,0
G67UX16PSI,116.534,39.7452,0,0,0,0,14-3-29 18:3:8,0
G67UX16PSI,116.534,39.7452,0,0,0,0,14-3-29 18:3:39,0
G67UX16PSI,116.534,39.7452,0,0,0,0,14-3-29 18:4:10,0
G67UX16PSI,116.534,39.7452,0,0,0,0,14-3-29 18:4:42,0
G67UX16PSI,116.534,39.7452,0,0,0,0,14-3-29 18:5:12,0
G67UX16PSI,116.534,39.7452,0,0,0,0,14-3-29 18:5:43,0
G67UX16PSI,116.534,39.7452,0,0,0,0,14-3-29 18:6:14,0
G67UX16PSI,116.534,39.7452,0,0,0,0,14-3-29 18:6:45,0
G67UX16PSI,116.534,39.7452,0,0,0,0,14-3-29 18:7:16,0
G67UX16PSI,116.534,39.7452,0,0,0,0,14-3-29 18:7:47,0
G67UX16PSI,116.534,39.7452,0,0,0,0,14-3-29 18:8:18,0
G67UX16PSI,116.534,39.7452,0,0,0,0,14-3-29 18:8:49,0
G67UX16PSI,116.534,39.7452,0,0,0,0,14-3-29 18:9:20,0
G67UX16PSI,116.534,39.7452,0,0,0,0,14-3-29 18:9:51,0
G67UX16PSI,116.534,39.7452,0,0,0,0,14-3-29 18:10:22,0
G67UX16PSI,116.534,39.7452,0,0,0,0,14-3-29 18:10:53,0
G67UX16PSI,116.534,39.7452,0,0,0,0,14-3-29 18:11:24,0
G67UX16PSI,116.534,39.7452,0,0,0,0,14-3-29 18:11:55,0
G67UX16PSI,116.534,39.7452,0,0,0,0,14-3-29 18:12:26,0
G67UX16PSI,116.534,39.7452,0,0,0,0,14-3-29 18:12:57,0
G67UX16PSI,116.534,39.7452,0,0,0,0,14-3-29 18:13:28,0
G67UX16PSI,116.534,39.7452,0,0,0,0,14-3-29 18:13:59,0
G67UX16PSI,116.534,39.7452,0,0,0,0,14-3-29 18:14:30,0
G67UX16PSI,116.534,39.7452,0,0,0,0,14-3-29 18:15:1,0
G67UX16PSI,116.829,39.5617,0,0,0,0,14-3-29 18:24:12,1
G67UX16PSI,116.829,39.5617,0,0,0,0,14-3-29 18:24:43,1
G67UX16PSI,116.824,39.5631,0,0,0,0,14-3-29 18:25:26,1
G67UX16PSI,116.851,39.5537,0,0,0,0,14-3-29 18:25:57,1
G67UX16PSI,116.851,39.5537,0,0,0,0,14-3-29 18:26:28,1
G67UX16PSI,116.851,39.5537,0,0,0,0,14-3-29 18:26:59,1
G67UX16PSI,116.851,39.5537,0,0,0,0,14-3-29 18:27:30,1
G67UX16PSI,116.851,39.5537,0,0,0,0,14-3-29 18:28:1,1
G67UX16PSI,116.873,39.5395,0,0,0,0,14-3-29 18:28:32,1
G67UX16PSI,116.873,39.5395,0,0,0,0,14-3-29 18:29:3,1
G67UX16PSI,116.873,39.5395,0,0,0,0,14-3-29 18:29:34,1
G67UX16PSI,116.873,39.5395,0,0,0,0,14-3-29 18:30:5,1
G67UX16PSI,116.873,39.5395,0,0,0,0,14-3-29 18:30:36,1
G67UX16PSI,116.873,39.5395,0,0,0,0,14-3-29 18:31:7,1
G67UX16PSI,116.873,39.5395,0,0,0,0,14-3-29 18:31:38,1
G67UX16PSI,116.89,39.5257,0,0,0,0,14-3-29 18:32:10,1
G67UX16PSI,116.89,39.5257,0,0,0,0,14-3-29 18:32:40,1
G67UX16PSI,116.89,39.5257,0,0,0,0,14-3-29 18:33:11,1
G67UX16PSI,116.89,39.5257,0,0,0,0,14-3-29 18:33:43,1
G67UX16PSI,116.882,39.5318,0,0,0,0,14-3-29 18:34:14,1
G67UX16PSI,116.897,39.5081,0,0,0,0,14-3-29 18:34:45,1
G67UX16PSI,116.897,39.5081,0,0,0,0,14-3-29 18:35:16,1
G67UX16PSI,116.917,39.4859,0,0,0,0,14-3-29 18:35:47,1
G67UX16PSI,116.917,39.4859,0,0,0,0,14-3-29 18:36:18,1
G67UX16PSI,116.917,39.4859,0,0,0,0,14-3-29 18:36:49,1
G67UX16PSI,116.917,39.4859,0,0,0,0,14-3-29 18:37:20,1
G67UX16PSI,116.917,39.4859,0,0,0,0,14-3-29 18:37:51,1
G67UX16PSI,116.917,39.4859,0,0,0,0,14-3-29 18:38:22,1
G67UX16PSI,116.917,39.4859,0,0,0,0,14-3-29 18:38:53,1
G67UX16PSI,116.917,39.4859,0,0,0,0,14-3-29 18:39:24,1
G67UX16PSI,116.917,39.4859,0,0,0,0,14-3-29 18:39:55,1
G67UX16PSI,116.917,39.4859,0,0,0,0,14-3-29 18:40:26,1
G67UX16PSI,116.917,39.4859,0,0,0,0,14-3-29 18:40:57,1
G67UX16PSI,116.919,39.4786,0,0,0,0,14-3-29 18:41:28,1
G67UX16PSI,116.919,39.4786,0,0,0,0,14-3-29 18:41:59,1
G67UX16PSI,116.919,39.4786,0,0,0,0,14-3-29 18:42:30,0
G67UX16PSI,116.919,39.4786,0,0,0,0,14-3-29 18:43:1,0
G67UX16PSI,116.922,39.4637,0,0,0,0,14-3-29 18:43:32,1
G67UX16PSI,116.924,39.4614,0,0,0,0,14-3-29 18:44:3,1
G67UX16PSI,116.924,39.4614,0,0,0,0,14-3-29 18:44:34,1
G67UX16PSI,116.925,39.4519,0,0,0,0,14-3-29 18:45:5,1
G67UX16PSI,116.924,39.4614,0,0,0,0,14-3-29 18:46:8,1
G67UX16PSI,116.924,39.4614,0,0,0,0,14-3-29 18:46:38,1
G67UX16PSI,116.924,39.4614,0,0,0,0,14-3-29 18:47:9,1
G67UX16PSI,116.924,39.4614,0,0,0,0,14-3-29 18:47:40,1
G67UX16PSI,116.924,39.4614,0,0,0,0,14-3-29 18:48:11,1
G67UX16PSI,116.924,39.4614,0,0,0,0,14-3-29 18:48:42,1
G67UX16PSI,116.924,39.4614,0,0,0,0,14-3-29 18:49:13,1
G67UX16PSI,116.924,39.4614,0,0,0,0,14-3-29 18:49:44,1
G67UX16PSI,116.924,39.4614,0,0,0,0,14-3-29 18:50:15,1
G67UX16PSI,116.924,39.4614,0,0,0,0,14-3-29 18:50:46,1
G67UX16PSI,116.924,39.4614,0,0,0,0,14-3-29 18:51:17,1
G67UX16PSI,116.924,39.4614,0,0,0,0,14-3-29 18:51:48,1
G67UX16PSI,116.924,39.4614,0,0,0,0,14-3-29 18:52:19,1
G67UX16PSI,116.924,39.4614,0,0,0,0,14-3-29 18:52:50,1
G67UX16PSI,116.924,39.4614,0,0,0,0,14-3-29 18:53:21,1
G67UX16PSI,116.924,39.4614,0,0,0,0,14-3-29 18:53:52,1
G67UX16PSI,116.924,39.4614,0,0,0,0,14-3-29 18:54:23,1
G67UX16PSI,116.924,39.4614,0,0,0,0,14-3-29 18:54:54,0
G67UX16PSI,116.924,39.4614,0,0,0,0,14-3-29 18:55:25,0
G67UX16PSI,116.924,39.4614,0,0,0,0,14-3-29 18:55:56,0
G67UX16PSI,116.924,39.4614,0,0,0,0,14-3-29 18:56:27,0
G67UX16PSI,116.924,39.4614,0,0,0,0,14-3-29 18:56:58,0
G67UX16PSI,116.924,39.4614,0,0,0,0,14-3-29 18:57:29,0
G67UX16PSI,116.924,39.4614,0,0,0,0,14-3-29 18:58:0,0
G67UX16PSI,116.924,39.4614,0,0,0,0,14-3-29 18:58:31,0
G67UX16PSI,116.924,39.4614,0,0,0,0,14-3-29 18:59:2,0
G67UX16PSI,116.924,39.4614,0,0,0,0,14-3-29 18:59:33,0
G67UX16PSI,116.924,39.4614,0,0,0,0,14-3-29 19:0:4,0
G67UX16PSI,116.924,39.4614,0,0,0,0,14-3-29 19:0:35,0
G67UX16PSI,116.924,39.4614,0,0,0,0,14-3-29 19:1:6,0
G67UX16PSI,116.924,39.4614,0,0,0,0,14-3-29 19:1:37,0
G67UX16PSI,116.924,39.4614,0,0,0,0,14-3-29 19:2:8,0
G67UX16PSI,116.924,39.4614,0,0,0,0,14-3-29 19:2:39,0
G67UX16PSI,116.924,39.4614,0,0,0,0,14-3-29 19:3:42,1
G67UX16PSI,116.924,39.4614,0,0,0,0,14-3-29 19:4:12,0
G67UX16PSI,116.924,39.4614,0,0,0,0,14-3-29 19:4:43,0
G67UX16PSI,116.924,39.4614,0,0,0,0,14-3-29 19:5:14,0
G67UX16PSI,116.924,39.4614,0,0,0,0,14-3-29 19:5:45,0
G67UX16PSI,116.924,39.4614,0,0,0,0,14-3-29 19:6:16,0
G67UX16PSI,116.924,39.4614,0,0,0,0,14-3-29 19:6:47,0
G67UX16PSI,116.924,39.4614,0,0,0,0,14-3-29 19:7:18,0
G67UX16PSI,116.965,39.3917,0,0,0,0,14-3-29 19:7:49,1
G67UX16PSI,116.965,39.3917,0,0,0,0,14-3-29 19:8:20,1
G67UX16PSI,116.965,39.3917,0,0,0,0,14-3-29 19:8:51,1
G67UX16PSI,116.965,39.3917,0,0,0,0,14-3-29 19:9:22,1
G67UX16PSI,116.965,39.3917,0,0,0,0,14-3-29 19:9:53,1
G67UX16PSI,116.965,39.3917,0,0,0,0,14-3-29 19:10:24,1
G67UX16PSI,116.965,39.3917,0,0,0,0,14-3-29 19:10:55,1
G67UX16PSI,116.965,39.3917,0,0,0,0,14-3-29 19:11:26,1
G67UX16PSI,116.965,39.3917,0,0,0,0,14-3-29 19:11:57,1
G67UX16PSI,116.965,39.3917,0,0,0,0,14-3-29 19:12:28,1
G67UX16PSI,116.954,39.3927,0,0,0,0,14-3-29 19:12:59,1
G67UX16PSI,116.957,39.3723,0,0,0,0,14-3-29 19:13:30,1
G67UX16PSI,116.957,39.3723,0,0,0,0,14-3-29 19:14:1,1
G67UX16PSI,116.957,39.3723,0,0,0,0,14-3-29 19:14:32,1
G67UX16PSI,116.955,39.3555,0,0,0,0,14-3-29 19:15:3,1
G67UX16PSI,116.955,39.3555,0,0,0,0,14-3-29 19:15:34,1
G67UX16PSI,116.955,39.354,0,0,0,0,14-3-29 19:16:5,1
G67UX16PSI,116.955,39.354,0,0,0,0,14-3-29 19:16:36,0
G67UX16PSI,107.14,34.371,0,0,0,0,14-3-29 19:17:7,1
G67UX16PSI,107.14,34.371,0,0,0,0,14-3-29 19:17:38,1
G67UX16PSI,107.14,34.371,0,0,0,0,14-3-29 19:18:9,0
G67UX16PSI,116.947,39.3235,0,0,0,0,14-3-29 19:18:40,1
G67UX16PSI,116.947,39.3235,0,0,0,0,14-3-29 19:19:11,1
G67UX16PSI,116.947,39.3235,0,0,0,0,14-3-29 19:19:42,1
G67UX16PSI,116.944,39.3114,0,0,0,0,14-3-29 19:20:13,1
G67UX16PSI,116.944,39.3114,0,0,0,0,14-3-29 19:20:44,1
G67UX16PSI,116.944,39.3114,0,0,0,0,14-3-29 19:21:15,1
G67UX16PSI,116.944,39.3114,0,0,0,0,14-3-29 19:21:46,1
G67UX16PSI,116.943,39.2921,0,0,0,0,14-3-29 19:22:17,1
G67UX16PSI,116.943,39.2921,0,0,0,0,14-3-29 19:22:48,1
G67UX16PSI,116.943,39.2921,0,0,0,0,14-3-29 19:23:19,1
G67UX16PSI,116.943,39.2921,0,0,0,0,14-3-29 19:23:50,1
G67UX16PSI,116.943,39.2921,0,0,0,0,14-3-29 19:24:21,1
G67UX16PSI,116.943,39.2921,0,0,0,0,14-3-29 19:24:52,1
G67UX16PSI,116.936,39.2759,0,0,0,0,14-3-29 19:25:33,1
G67UX16PSI,116.942,39.2622,0,0,0,0,14-3-29 19:26:34,1
G67UX16PSI,116.942,39.2622,0,0,0,0,14-3-29 19:27:5,1
G67UX16PSI,116.942,39.2622,0,0,0,0,14-3-29 19:27:36,0
G67UX16PSI,116.942,39.2622,0,0,0,0,14-3-29 19:28:7,0
G67UX16PSI,116.942,39.2622,0,0,0,0,14-3-29 19:28:38,0
G67UX16PSI,116.922,39.2385,0,0,0,0,14-3-29 19:29:9,1
G67UX16PSI,116.922,39.2385,0,0,0,0,14-3-29 19:29:40,1
G67UX16PSI,116.922,39.2385,0,0,0,0,14-3-29 19:30:11,1
G67UX16PSI,116.922,39.2385,0,0,0,0,14-3-29 19:30:42,1
G67UX16PSI,116.929,39.2396,0,0,0,0,14-3-29 19:31:13,1
G67UX16PSI,116.918,39.2238,0,0,0,0,14-3-29 19:31:44,1
G67UX16PSI,116.917,39.2212,0,0,0,0,14-3-29 19:32:15,1
G67UX16PSI,116.917,39.2212,0,0,0,0,14-3-29 19:32:46,1
G67UX16PSI,116.917,39.2212,0,0,0,0,14-3-29 19:33:17,1
G67UX16PSI,116.915,39.213,0,0,0,0,14-3-29 19:33:48,1
G67UX16PSI,116.914,39.2103,0,0,0,0,14-3-29 19:34:19,1
G67UX16PSI,116.914,39.2103,0,0,0,0,14-3-29 19:34:50,1
G67UX16PSI,116.911,39.19,0,0,0,0,14-3-29 19:35:21,1
G67UX16PSI,116.914,39.2097,0,0,0,0,14-3-29 19:35:52,1
G67UX16PSI,116.914,39.2097,0,0,0,0,14-3-29 19:36:23,0
G67UX16PSI,116.914,39.1775,0,0,0,0,14-3-29 19:36:54,1
G67UX16PSI,116.914,39.1775,0,0,0,0,14-3-29 19:37:25,1
G67UX16PSI,116.914,39.1775,0,0,0,0,14-3-29 19:37:56,1
G67UX16PSI,116.914,39.1775,0,0,0,0,14-3-29 19:38:27,1
G67UX16PSI,116.916,39.1626,0,0,0,0,14-3-29 19:38:58,1
G67UX16PSI,116.916,39.1626,0,0,0,0,14-3-29 19:39:29,1
G67UX16PSI,116.916,39.1626,0,0,0,0,14-3-29 19:40:0,1
G67UX16PSI,116.916,39.1626,0,0,0,0,14-3-29 19:40:31,1
G67UX16PSI,116.916,39.1626,0,0,0,0,14-3-29 19:41:2,1
G67UX16PSI,116.907,39.1836,0,0,0,0,14-3-29 19:41:34,1
G67UX16PSI,116.917,39.1342,0,0,0,0,14-3-29 19:44:8,1
G67UX16PSI,116.917,39.1342,0,0,0,0,14-3-29 19:44:39,1
G67UX16PSI,116.917,39.1342,0,0,0,0,14-3-29 19:45:10,1
G67UX16PSI,116.917,39.1342,0,0,0,0,14-3-29 19:45:41,1
G67UX16PSI,116.918,39.1036,0,0,0,0,14-3-29 19:46:12,1
G67UX16PSI,116.918,39.1036,0,0,0,0,14-3-29 19:46:43,1
G67UX16PSI,116.918,39.1036,0,0,0,0,14-3-29 19:47:14,1
G67UX16PSI,116.918,39.1036,0,0,0,0,14-3-29 19:47:45,1
G67UX16PSI,116.948,39.1046,0,0,0,0,14-3-29 19:48:16,1
G67UX16PSI,116.948,39.1046,0,0,0,0,14-3-29 19:48:47,1
G67UX16PSI,116.948,39.1046,0,0,0,0,14-3-29 19:49:18,1
G67UX16PSI,116.948,39.1046,0,0,0,0,14-3-29 19:49:49,1
G67UX16PSI,116.948,39.1046,0,0,0,0,14-3-29 19:50:20,1
G67UX16PSI,116.984,39.0915,0,0,0,0,14-3-29 19:50:51,1
G67UX16PSI,116.984,39.0915,0,0,0,0,14-3-29 19:51:22,1
G67UX16PSI,116.984,39.0915,0,0,0,0,14-3-29 19:51:53,1
G67UX16PSI,116.984,39.0915,0,0,0,0,14-3-29 19:52:24,1
G67UX16PSI,116.984,39.0915,0,0,0,0,14-3-29 19:52:55,1
G67UX16PSI,116.984,39.0915,0,0,0,0,14-3-29 19:53:26,1
G67UX16PSI,116.998,39.0885,0,0,0,0,14-3-29 19:53:57,1
G67UX16PSI,116.998,39.0885,0,0,0,0,14-3-29 19:54:28,1
G67UX16PSI,116.998,39.0885,0,0,0,0,14-3-29 19:54:59,1
G67UX16PSI,117.006,39.0831,0,0,0,0,14-3-29 19:55:30,1
G67UX16PSI,117.006,39.0831,0,0,0,0,14-3-29 19:56:1,0
G67UX16PSI,117.006,39.0831,0,0,0,0,14-3-29 19:56:32,0
G67UX16PSI,117.025,39.0831,0,0,0,0,14-3-29 19:57:3,1
G67UX16PSI,117.039,39.08,0,0,0,0,14-3-29 19:57:34,1
G67UX16PSI,117.039,39.08,0,0,0,0,14-3-29 19:58:5,1
G67UX16PSI,117.039,39.08,0,0,0,0,14-3-29 19:58:37,1
G67UX16PSI,117.046,39.0725,0,0,0,0,14-3-29 19:59:7,1
G67UX16PSI,117.047,39.0731,0,0,0,0,14-3-29 19:59:38,1
G67UX16PSI,117.059,39.0618,0,0,0,0,14-3-29 20:0:9,1
G67UX16PSI,117.059,39.0618,0,0,0,0,14-3-29 20:0:40,0
G67UX16PSI,117.059,39.0618,0,0,0,0,14-3-29 20:1:11,0
G67UX16PSI,117.059,39.0618,0,0,0,0,14-3-29 20:1:42,0
G67UX16PSI,117.059,39.0618,0,0,0,0,14-3-29 20:2:13,0
G67UX16PSI,117.059,39.0618,0,0,0,0,14-3-29 20:2:44,0
G67UX16PSI,117.073,39.0507,0,0,0,0,14-3-29 20:3:15,1
G67UX16PSI,117.073,39.0507,0,0,0,0,14-3-29 20:3:46,1
G67UX16PSI,117.073,39.0507,0,0,0,0,14-3-29 20:4:17,1
G67UX16PSI,117.073,39.0507,0,0,0,0,14-3-29 20:4:48,1
G67UX16PSI,117.073,39.0507,0,0,0,0,14-3-29 20:5:19,1
G67UX16PSI,117.079,39.0368,0,0,0,0,14-3-29 20:5:50,1
G67UX16PSI,117.079,39.0368,0,0,0,0,14-3-29 20:6:21,1
G67UX16PSI,117.079,39.0368,0,0,0,0,14-3-29 20:6:52,1
G67UX16PSI,117.079,39.0368,0,0,0,0,14-3-29 20:7:23,1
G67UX16PSI,117.079,39.0368,0,0,0,0,14-3-29 20:7:54,1
G67UX16PSI,117.092,39.0188,0,0,0,0,14-3-29 20:8:25,1
G67UX16PSI,117.092,39.0188,0,0,0,0,14-3-29 20:8:56,0
G67UX16PSI,117.092,39.0188,0,0,0,0,14-3-29 20:9:27,1
G67UX16PSI,117.092,39.0188,0,0,0,0,14-3-29 20:9:58,1
G67UX16PSI,117.1,39.011,0,0,0,0,14-3-29 20:10:29,1
G67UX16PSI,117.102,39.0101,0,0,0,0,14-3-29 20:11:0,1
G67UX16PSI,117.122,39.0024,0,0,0,0,14-3-29 20:11:31,1
G67UX16PSI,117.122,39.0024,0,0,0,0,14-3-29 20:12:2,1
G67UX16PSI,117.122,39.0024,0,0,0,0,14-3-29 20:12:33,1
G67UX16PSI,117.122,39.0024,0,0,0,0,14-3-29 20:13:4,1
G67UX16PSI,117.122,39.0024,0,0,0,0,14-3-29 20:13:35,1
G67UX16PSI,117.122,39.0024,0,0,0,0,14-3-29 20:14:6,1
G67UX16PSI,117.122,39.0024,0,0,0,0,14-3-29 20:14:37,1
G67UX16PSI,117.122,39.0024,0,0,0,0,14-3-29 20:15:8,1
G67UX16PSI,117.122,39.0024,0,0,0,0,14-3-29 20:15:39,1
G67UX16PSI,117.122,39.0024,0,0,0,0,14-3-29 20:16:10,1
G67UX16PSI,117.167,38.983,0,0,0,0,14-3-29 20:16:41,1
G67UX16PSI,117.167,38.983,0,0,0,0,14-3-29 20:17:12,1
G67UX16PSI,117.168,38.9868,0,0,0,0,14-3-29 20:17:43,1
G67UX16PSI,117.168,38.9868,0,0,0,0,14-3-29 20:18:14,1
G67UX16PSI,117.18,38.9635,0,0,0,0,14-3-29 20:18:45,1
G67UX16PSI,117.185,38.9805,0,0,0,0,14-3-29 20:19:16,1
G67UX16PSI,117.185,38.9805,0,0,0,0,14-3-29 20:19:47,1
G67UX16PSI,117.182,38.9521,0,0,0,0,14-3-29 20:21:51,1
G67UX16PSI,117.182,38.9521,0,0,0,0,14-3-29 20:22:22,1
G67UX16PSI,117.19,38.9356,0,0,0,0,14-3-29 20:22:53,1
G67UX16PSI,117.19,38.9356,0,0,0,0,14-3-29 20:23:24,1
G67UX16PSI,117.19,38.9356,0,0,0,0,14-3-29 20:23:55,1
G67UX16PSI,117.19,38.9356,0,0,0,0,14-3-29 20:24:26,1
G67UX16PSI,117.19,38.9356,0,0,0,0,14-3-29 20:24:57,1
G67UX16PSI,117.19,38.9356,0,0,0,0,14-3-29 20:25:40,1
G67UX16PSI,117.193,38.9314,0,0,0,0,14-3-29 20:26:11,1
G67UX16PSI,117.193,38.9314,0,0,0,0,14-3-29 20:26:42,1
G67UX16PSI,117.193,38.9314,0,0,0,0,14-3-29 20:27:13,1
G67UX16PSI,117.193,38.9314,0,0,0,0,14-3-29 20:27:44,0
G67UX16PSI,117.193,38.9314,0,0,0,0,14-3-29 20:28:15,0
G67UX16PSI,117.193,38.9314,0,0,0,0,14-3-29 20:28:46,0
G67UX16PSI,117.193,38.9314,0,0,0,0,14-3-29 20:29:17,0
G67UX16PSI,117.205,38.9068,0,0,0,0,14-3-29 20:29:48,1
G67UX16PSI,117.239,38.9029,0,0,0,0,14-3-29 20:30:19,1
G67UX16PSI,117.205,38.8831,0,0,0,0,14-3-29 20:30:50,1
G67UX16PSI,117.205,38.8831,0,0,0,0,14-3-29 20:31:21,1
G67UX16PSI,117.205,38.8831,0,0,0,0,14-3-29 20:31:52,1
G67UX16PSI,117.205,38.8831,0,0,0,0,14-3-29 20:32:23,1
G67UX16PSI,117.205,38.8831,0,0,0,0,14-3-29 20:32:54,1
G67UX16PSI,117.205,38.8831,0,0,0,0,14-3-29 20:33:25,1
G67UX16PSI,117.205,38.8831,0,0,0,0,14-3-29 20:34:58,1
G67UX16PSI,117.205,38.8831,0,0,0,0,14-3-29 20:35:29,0
G67UX16PSI,117.205,38.8831,0,0,0,0,14-3-29 20:36:0,1
G67UX16PSI,117.205,38.8831,0,0,0,0,14-3-29 20:36:31,1
G67UX16PSI,117.205,38.8831,0,0,0,0,14-3-29 20:37:3,0
G67UX16PSI,117.205,38.8831,0,0,0,0,14-3-29 20:37:33,0
G67UX16PSI,117.205,38.8831,0,0,0,0,14-3-29 20:38:4,0
G67UX16PSI,117.205,38.8831,0,0,0,0,14-3-29 20:38:35,0
G67UX16PSI,117.205,38.8831,0,0,0,0,14-3-29 20:39:6,0
G67UX16PSI,117.205,38.8831,0,0,0,0,14-3-29 20:39:37,0
G67UX16PSI,117.205,38.8831,0,0,0,0,14-3-29 20:40:8,0
G67UX16PSI,117.173,38.8151,0,0,0,0,14-3-29 20:40:39,1
G67UX16PSI,117.184,38.8114,0,0,0,0,14-3-29 20:41:10,1
G67UX16PSI,117.184,38.8114,0,0,0,0,14-3-29 20:41:41,1
G67UX16PSI,117.184,38.8114,0,0,0,0,14-3-29 20:42:12,1
G67UX16PSI,117.182,38.7955,0,0,0,0,14-3-29 20:42:43,1
G67UX16PSI,117.182,38.7955,0,0,0,0,14-3-29 20:43:14,1
G67UX16PSI,117.187,38.774,0,0,0,0,14-3-29 20:43:45,1
G67UX16PSI,117.187,38.774,0,0,0,0,14-3-29 20:44:16,1
G67UX16PSI,117.187,38.774,0,0,0,0,14-3-29 20:44:47,1
G67UX16PSI,117.187,38.774,0,0,0,0,14-3-29 20:45:18,1
G67UX16PSI,117.187,38.774,0,0,0,0,14-3-29 20:45:49,1
G67UX16PSI,117.183,38.7741,0,0,0,0,14-3-29 20:46:20,1
G67UX16PSI,117.183,38.7741,0,0,0,0,14-3-29 20:46:51,1
G67UX16PSI,117.185,38.7612,0,0,0,0,14-3-29 20:47:22,1
G67UX16PSI,117.185,38.7612,0,0,0,0,14-3-29 20:47:53,1
G67UX16PSI,117.185,38.7612,0,0,0,0,14-3-29 20:48:24,1
G67UX16PSI,117.185,38.7612,0,0,0,0,14-3-29 20:48:55,1
G67UX16PSI,117.185,38.7612,0,0,0,0,14-3-29 20:49:26,1
G67UX16PSI,117.185,38.7612,0,0,0,0,14-3-29 20:49:57,1
G67UX16PSI,117.194,38.725,0,0,0,0,14-3-29 20:50:28,1
G67UX16PSI,117.194,38.725,0,0,0,0,14-3-29 20:50:59,1
G67UX16PSI,117.194,38.725,0,0,0,0,14-3-29 20:51:30,1
G67UX16PSI,117.194,38.725,0,0,0,0,14-3-29 20:52:1,1
G67UX16PSI,117.191,38.7318,0,0,0,0,14-3-29 20:52:32,1
G67UX16PSI,117.194,38.725,0,0,0,0,14-3-29 20:53:3,1
G67UX16PSI,117.195,38.7157,0,0,0,0,14-3-29 20:53:34,1
G67UX16PSI,117.203,38.7024,0,0,0,0,14-3-29 20:54:5,1
G67UX16PSI,117.191,38.7318,0,0,0,0,14-3-29 20:54:36,1
G67UX16PSI,117.191,38.7318,0,0,0,0,14-3-29 20:55:7,1
G67UX16PSI,117.191,38.7318,0,0,0,0,14-3-29 20:55:38,0
G67UX16PSI,117.208,38.6959,0,0,0,0,14-3-29 20:56:9,1
G67UX16PSI,117.208,38.6959,0,0,0,0,14-3-29 20:56:40,1
G67UX16PSI,117.208,38.6959,0,0,0,0,14-3-29 20:57:11,1
G67UX16PSI,117.208,38.6959,0,0,0,0,14-3-29 20:57:42,0
G67UX16PSI,117.208,38.6959,0,0,0,0,14-3-29 20:58:13,0
G67UX16PSI,117.208,38.6959,0,0,0,0,14-3-29 20:58:44,0
G67UX16PSI,117.215,38.6719,0,0,0,0,14-3-29 20:59:15,1
G67UX16PSI,117.216,38.6701,0,0,0,0,14-3-29 20:59:46,1
G67UX16PSI,117.216,38.6701,0,0,0,0,14-3-29 21:0:17,1
G67UX16PSI,117.22,38.6464,0,0,0,0,14-3-29 21:0:48,1
G67UX16PSI,117.22,38.6464,0,0,0,0,14-3-29 21:1:19,1
G67UX16PSI,117.22,38.6464,0,0,0,0,14-3-29 21:1:50,1
G67UX16PSI,117.21,38.689,0,0,0,0,14-3-29 21:2:22,1
G67UX16PSI,117.21,38.689,0,0,0,0,14-3-29 21:2:52,0
G67UX16PSI,117.21,38.689,0,0,0,0,14-3-29 21:3:24,0
G67UX16PSI,117.21,38.689,0,0,0,0,14-3-29 21:3:54,0
G67UX16PSI,117.21,38.689,0,0,0,0,14-3-29 21:4:25,0
G67UX16PSI,117.23,38.6185,0,0,0,0,14-3-29 21:4:56,1
G67UX16PSI,117.23,38.6185,0,0,0,0,14-3-29 21:5:27,1
G67UX16PSI,117.23,38.6185,0,0,0,0,14-3-29 21:5:58,1
G67UX16PSI,117.23,38.6185,0,0,0,0,14-3-29 21:6:29,1
G67UX16PSI,117.23,38.6185,0,0,0,0,14-3-29 21:7:0,1
G67UX16PSI,117.238,38.6274,0,0,0,0,14-3-29 21:7:31,1
G67UX16PSI,117.239,38.6109,0,0,0,0,14-3-29 21:8:2,1
G67UX16PSI,117.23,38.6185,0,0,0,0,14-3-29 21:8:33,1
G67UX16PSI,117.23,38.6185,0,0,0,0,14-3-29 21:9:4,1
G67UX16PSI,117.23,38.6185,0,0,0,0,14-3-29 21:9:35,1
G67UX16PSI,117.238,38.6274,0,0,0,0,14-3-29 21:10:6,1
G67UX16PSI,117.253,38.5714,0,0,0,0,14-3-29 21:11:9,1
G67UX16PSI,117.253,38.5714,0,0,0,0,14-3-29 21:11:39,1
G67UX16PSI,117.253,38.5714,0,0,0,0,14-3-29 21:12:10,1
G67UX16PSI,117.273,38.5462,0,0,0,0,14-3-29 21:12:41,1
G67UX16PSI,117.273,38.5462,0,0,0,0,14-3-29 21:13:12,1
G67UX16PSI,117.273,38.5462,0,0,0,0,14-3-29 21:13:43,1
G67UX16PSI,117.273,38.5462,0,0,0,0,14-3-29 21:22:50,0
G67UX16PSI,117.273,38.5462,0,0,0,0,14-3-29 21:23:21,0
G67UX16PSI,117.273,38.5462,0,0,0,0,14-3-29 21:23:41,0
G67UX16PSI,117.273,38.5462,0,0,0,0,14-3-29 21:24:12,0
G67UX16PSI,117.273,38.5462,0,0,0,0,14-3-29 21:24:43,0
G67UX16PSI,117.273,38.5462,0,0,0,0,14-3-29 21:25:14,0
G67UX16PSI,117.273,38.5462,0,0,0,0,14-3-29 21:25:46,0
G67UX16PSI,117.273,38.5462,0,0,0,0,14-3-29 21:26:17,0
G67UX16PSI,117.273,38.5462,0,0,0,0,14-3-29 21:26:48,0
G67UX16PSI,117.273,38.5462,0,0,0,0,14-3-29 21:27:19,0
G67UX16PSI,117.273,38.5462,0,0,0,0,14-3-29 21:27:50,0
G67UX16PSI,117.273,38.5462,0,0,0,0,14-3-29 21:28:21,0
G67UX16PSI,117.273,38.5462,0,0,0,0,14-3-29 21:28:52,0
G67UX16PSI,117.273,38.5462,0,0,0,0,14-3-29 21:29:23,0
G67UX16PSI,117.273,38.5462,0,0,0,0,14-3-29 21:29:54,0
G67UX16PSI,117.273,38.5462,0,0,0,0,14-3-29 21:30:25,0
G67UX16PSI,117.273,38.5462,0,0,0,0,14-3-29 21:30:56,0
G67UX16PSI,117.273,38.5462,0,0,0,0,14-3-29 21:31:27,0
G67UX16PSI,117.273,38.5462,0,0,0,0,14-3-29 21:31:58,0
G67UX16PSI,117.273,38.5462,0,0,0,0,14-3-29 21:32:29,0
G67UX16PSI,117.273,38.5462,0,0,0,0,14-3-29 21:33:0,0
G67UX16PSI,117.273,38.5462,0,0,0,0,14-3-29 21:33:31,0
G67UX16PSI,117.273,38.5462,0,0,0,0,14-3-29 21:34:2,0
G67UX16PSI,117.273,38.5462,0,0,0,0,14-3-29 21:34:33,0
G67UX16PSI,117.273,38.5462,0,0,0,0,14-3-29 21:35:4,0
G67UX16PSI,117.273,38.5462,0,0,0,0,14-3-29 21:35:35,0
G67UX16PSI,117.273,38.5462,0,0,0,0,14-3-29 21:36:6,0
G67UX16PSI,117.273,38.5462,0,0,0,0,14-3-29 21:36:37,0
G67UX16PSI,117.273,38.5462,0,0,0,0,14-3-29 21:37:8,0
G67UX16PSI,117.273,38.5462,0,0,0,0,14-3-29 21:37:39,0
G67UX16PSI,117.273,38.5462,0,0,0,0,14-3-29 21:38:10,0
G67UX16PSI,117.273,38.5462,0,0,0,0,14-3-29 21:38:41,0
G67UX16PSI,117.327,38.4236,0,0,0,0,14-3-29 21:39:12,1
G67UX16PSI,117.327,38.4236,0,0,0,0,14-3-29 21:39:43,1
G67UX16PSI,117.327,38.4236,0,0,0,0,14-3-29 21:40:14,1
G67UX16PSI,117.327,38.4236,0,0,0,0,14-3-29 21:40:45,0
G67UX16PSI,117.351,38.4253,0,0,0,0,14-3-29 21:41:16,1
G67UX16PSI,117.351,38.4253,0,0,0,0,14-3-29 21:41:47,1
G67UX16PSI,117.351,38.4253,0,0,0,0,14-3-29 21:42:18,1
G67UX16PSI,117.351,38.4253,0,0,0,0,14-3-29 21:42:49,1
G67UX16PSI,117.351,38.4253,0,0,0,0,14-3-29 21:43:20,1
G67UX16PSI,117.361,38.4097,0,0,0,0,14-3-29 21:43:51,1
G67UX16PSI,117.361,38.4097,0,0,0,0,14-3-29 21:44:22,1
G67UX16PSI,117.361,38.4097,0,0,0,0,14-3-29 21:44:53,1
G67UX16PSI,117.361,38.4097,0,0,0,0,14-3-29 21:45:24,1
G67UX16PSI,117.374,38.3881,0,0,0,0,14-3-29 21:45:55,1
G67UX16PSI,117.361,38.4097,0,0,0,0,14-3-29 21:46:26,1
G67UX16PSI,117.361,38.4097,0,0,0,0,14-3-29 21:46:57,1
G67UX16PSI,117.361,38.4097,0,0,0,0,14-3-29 21:47:28,1
G67UX16PSI,117.388,38.3675,0,0,0,0,14-3-29 21:47:59,1
G67UX16PSI,117.388,38.3675,0,0,0,0,14-3-29 21:48:30,1
G67UX16PSI,117.388,38.3675,0,0,0,0,14-3-29 21:49:1,1
G67UX16PSI,117.387,38.3687,0,0,0,0,14-3-29 21:49:32,1
G67UX16PSI,117.393,38.3486,0,0,0,0,14-3-29 21:50:3,1
G67UX16PSI,117.393,38.3486,0,0,0,0,14-3-29 21:50:34,1
G67UX16PSI,117.393,38.3486,0,0,0,0,14-3-29 21:51:5,1
G67UX16PSI,117.393,38.3486,0,0,0,0,14-3-29 21:51:36,1
G67UX16PSI,117.393,38.3248,0,0,0,0,14-3-29 21:52:7,1
G67UX16PSI,117.393,38.3248,0,0,0,0,14-3-29 21:52:38,1
G67UX16PSI,117.393,38.3248,0,0,0,0,14-3-29 21:53:9,1
G67UX16PSI,117.393,38.3248,0,0,0,0,14-3-29 21:53:40,1
G67UX16PSI,117.393,38.3248,0,0,0,0,14-3-29 21:54:11,1
G67UX16PSI,117.366,38.3648,0,0,0,0,14-3-29 21:55:44,1
G67UX16PSI,117.388,38.3061,0,0,0,0,14-3-29 21:56:15,1
G67UX16PSI,117.388,38.3061,0,0,0,0,14-3-29 21:56:46,1
G67UX16PSI,117.387,38.2861,0,0,0,0,14-3-29 21:57:17,1
G67UX16PSI,117.387,38.2861,0,0,0,0,14-3-29 21:57:48,1
G67UX16PSI,117.387,38.2861,0,0,0,0,14-3-29 21:58:19,1
G67UX16PSI,117.387,38.2861,0,0,0,0,14-3-29 21:58:50,1
G67UX16PSI,117.387,38.2861,0,0,0,0,14-3-29 21:59:21,1
G67UX16PSI,117.381,38.2641,0,0,0,0,14-3-29 21:59:52,1
G67UX16PSI,117.381,38.2641,0,0,0,0,14-3-29 22:0:23,1
G67UX16PSI,117.381,38.2641,0,0,0,0,14-3-29 22:0:54,0
G67UX16PSI,117.381,38.2641,0,0,0,0,14-3-29 22:1:25,0
G67UX16PSI,117.381,38.2641,0,0,0,0,14-3-29 22:1:56,0
G67UX16PSI,117.381,38.2641,0,0,0,0,14-3-29 22:2:27,0
G67UX16PSI,117.381,38.2641,0,0,0,0,14-3-29 22:2:58,0
G67UX16PSI,117.394,38.2332,0,0,0,0,14-3-29 22:3:29,1
G67UX16PSI,117.394,38.2332,0,0,0,0,14-3-29 22:4:0,1
G67UX16PSI,117.394,38.2332,0,0,0,0,14-3-29 22:5:2,1
G67UX16PSI,117.394,38.2332,0,0,0,0,14-3-29 22:5:33,1
G67UX16PSI,117.394,38.2332,0,0,0,0,14-3-29 22:6:4,1
G67UX16PSI,117.394,38.2332,0,0,0,0,14-3-29 22:6:35,1
G67UX16PSI,117.394,38.2332,0,0,0,0,14-3-29 22:7:6,1
G67UX16PSI,117.406,38.2035,0,0,0,0,14-3-29 22:7:37,1
G67UX16PSI,117.406,38.2035,0,0,0,0,14-3-29 22:8:8,1
G67UX16PSI,117.394,38.2332,0,0,0,0,14-3-29 22:8:39,1
G67UX16PSI,117.394,38.2332,0,0,0,0,14-3-29 22:9:10,1
G67UX16PSI,117.406,38.2035,0,0,0,0,14-3-29 22:9:41,1
G67UX16PSI,117.428,38.1801,0,0,0,0,14-3-29 22:10:12,1
G67UX16PSI,117.428,38.1801,0,0,0,0,14-3-29 22:10:43,1
G67UX16PSI,117.428,38.1801,0,0,0,0,14-3-29 22:11:14,1
G67UX16PSI,117.428,38.1801,0,0,0,0,14-3-29 22:11:45,1
G67UX16PSI,117.436,38.1616,0,0,0,0,14-3-29 22:12:16,1
G67UX16PSI,117.436,38.1616,0,0,0,0,14-3-29 22:12:47,1
G67UX16PSI,117.428,38.1801,0,0,0,0,14-3-29 22:13:18,1
G67UX16PSI,117.428,38.1801,0,0,0,0,14-3-29 22:13:49,0
G67UX16PSI,117.428,38.1801,0,0,0,0,14-3-29 22:14:20,0
G67UX16PSI,117.428,38.1801,0,0,0,0,14-3-29 22:14:51,0
G67UX16PSI,117.428,38.1801,0,0,0,0,14-3-29 22:15:22,0
G67UX16PSI,117.428,38.1801,0,0,0,0,14-3-29 22:15:53,0
G67UX16PSI,117.428,38.1801,0,0,0,0,14-3-29 22:16:24,0
G67UX16PSI,117.428,38.1801,0,0,0,0,14-3-29 22:16:55,0
G67UX16PSI,117.456,38.1288,0,0,0,0,14-3-29 22:17:26,1
G67UX16PSI,117.456,38.1288,0,0,0,0,14-3-29 22:17:57,1
G67UX16PSI,117.456,38.1288,0,0,0,0,14-3-29 22:18:28,1
G67UX16PSI,117.456,38.1288,0,0,0,0,14-3-29 22:18:59,1
G67UX16PSI,117.472,38.1128,0,0,0,0,14-3-29 22:19:30,1
G67UX16PSI,117.477,38.1303,0,0,0,0,14-3-29 22:20:1,1
G67UX16PSI,117.477,38.1303,0,0,0,0,14-3-29 22:20:32,1
G67UX16PSI,117.472,38.1128,0,0,0,0,14-3-29 22:21:3,1
G67UX16PSI,117.501,38.1,0,0,0,0,14-3-29 22:21:34,1
G67UX16PSI,117.501,38.1,0,0,0,0,14-3-29 22:22:5,1
G67UX16PSI,117.501,38.1,0,0,0,0,14-3-29 22:22:36,1
G67UX16PSI,117.501,38.1,0,0,0,0,14-3-29 22:23:7,1
G67UX16PSI,117.501,38.1,0,0,0,0,14-3-29 22:23:38,1
G67UX16PSI,117.501,38.1,0,0,0,0,14-3-29 22:24:9,1
G67UX16PSI,117.472,38.1128,0,0,0,0,14-3-29 22:24:40,1
G67UX16PSI,117.472,38.1128,0,0,0,0,14-3-29 22:25:11,1
G67UX16PSI,117.472,38.1128,0,0,0,0,14-3-29 22:25:54,1
G67UX16PSI,117.472,38.1128,0,0,0,0,14-3-29 22:26:25,1
G67UX16PSI,117.472,38.1128,0,0,0,0,14-3-29 22:26:56,1
G67UX16PSI,117.472,38.1128,0,0,0,0,14-3-29 22:27:27,1
G67UX16PSI,117.501,38.1,0,0,0,0,14-3-29 22:27:58,1
G67UX16PSI,117.501,38.1,0,0,0,0,14-3-29 22:28:29,1
G67UX16PSI,117.501,38.1,0,0,0,0,14-3-29 22:29:0,1
G67UX16PSI,117.501,38.1,0,0,0,0,14-3-29 22:29:31,1
G67UX16PSI,117.501,38.1,0,0,0,0,14-3-29 22:30:2,1
G67UX16PSI,117.501,38.1,0,0,0,0,14-3-29 22:30:33,1
G67UX16PSI,117.501,38.1,0,0,0,0,14-3-29 22:31:4,1
G67UX16PSI,117.501,38.1,0,0,0,0,14-3-29 22:31:36,1
G67UX16PSI,117.501,38.1,0,0,0,0,14-3-29 22:32:6,1
G67UX16PSI,117.501,38.1,0,0,0,0,14-3-29 22:32:37,1
G67UX16PSI,117.501,38.1,0,0,0,0,14-3-29 22:33:8,1
G67UX16PSI,117.501,38.1,0,0,0,0,14-3-29 22:33:39,1
G67UX16PSI,117.493,38.1359,0,0,0,0,14-3-29 22:34:10,1
G67UX16PSI,117.493,38.1359,0,0,0,0,14-3-29 22:34:41,1
G67UX16PSI,117.493,38.1359,0,0,0,0,14-3-29 22:35:12,1
G67UX16PSI,117.493,38.1359,0,0,0,0,14-3-29 22:35:43,1
G67UX16PSI,117.472,38.1128,0,0,0,0,14-3-29 22:36:14,1
G67UX16PSI,117.472,38.1128,0,0,0,0,14-3-29 22:36:45,1
G67UX16PSI,117.472,38.1128,0,0,0,0,14-3-29 22:37:16,1
G67UX16PSI,117.472,38.1128,0,0,0,0,14-3-29 22:37:47,1
G67UX16PSI,117.472,38.1128,0,0,0,0,14-3-29 22:38:18,1
G67UX16PSI,117.472,38.1128,0,0,0,0,14-3-29 22:38:49,1
G67UX16PSI,117.472,38.1128,0,0,0,0,14-3-29 22:39:20,1
G67UX16PSI,117.472,38.1128,0,0,0,0,14-3-29 22:39:51,1
G67UX16PSI,117.472,38.1128,0,0,0,0,14-3-29 22:40:22,1
G67UX16PSI,117.472,38.1128,0,0,0,0,14-3-29 22:40:53,1
G67UX16PSI,117.472,38.1128,0,0,0,0,14-3-29 22:41:24,1
G67UX16PSI,117.472,38.1128,0,0,0,0,14-3-29 22:41:55,1
G67UX16PSI,117.472,38.1128,0,0,0,0,14-3-29 22:42:26,1
G67UX16PSI,117.472,38.1128,0,0,0,0,14-3-29 22:42:57,1
G67UX16PSI,117.472,38.1128,0,0,0,0,14-3-29 22:43:28,1
G67UX16PSI,117.472,38.1128,0,0,0,0,14-3-29 22:43:59,1
G67UX16PSI,117.472,38.1128,0,0,0,0,14-3-29 22:44:30,1
G67UX16PSI,117.472,38.1128,0,0,0,0,14-3-29 22:45:1,1
G67UX16PSI,117.472,38.1128,0,0,0,0,14-3-29 22:45:32,1
G67UX16PSI,117.472,38.1128,0,0,0,0,14-3-29 22:46:3,1
G67UX16PSI,117.472,38.1128,0,0,0,0,14-3-29 22:46:34,1
G67UX16PSI,117.472,38.1128,0,0,0,0,14-3-29 22:47:5,1
G67UX16PSI,117.472,38.1128,0,0,0,0,14-3-29 22:47:36,1
G67UX16PSI,117.503,38.0989,0,0,0,0,14-3-29 22:48:7,1
G67UX16PSI,117.503,38.0989,0,0,0,0,14-3-29 22:48:38,1
G67UX16PSI,117.503,38.0989,0,0,0,0,14-3-29 22:49:9,1
G67UX16PSI,117.472,38.1128,0,0,0,0,14-3-29 22:49:40,1
G67UX16PSI,117.472,38.1128,0,0,0,0,14-3-29 22:50:11,1
G67UX16PSI,117.472,38.1128,0,0,0,0,14-3-29 22:50:42,1
G67UX16PSI,117.472,38.1128,0,0,0,0,14-3-29 22:51:13,1
G67UX16PSI,117.472,38.1128,0,0,0,0,14-3-29 22:51:44,1
G67UX16PSI,117.472,38.1128,0,0,0,0,14-3-29 22:52:15,1
G67UX16PSI,117.472,38.1128,0,0,0,0,14-3-29 22:52:46,1
G67UX16PSI,117.472,38.1128,0,0,0,0,14-3-29 22:53:17,1
G67UX16PSI,117.472,38.1128,0,0,0,0,14-3-29 22:53:48,1
G67UX16PSI,117.472,38.1128,0,0,0,0,14-3-29 22:54:19,1
G67UX16PSI,117.472,38.1128,0,0,0,0,14-3-29 22:54:50,1
G67UX16PSI,117.503,38.0989,0,0,0,0,14-3-29 22:55:21,1
G67UX16PSI,117.503,38.0989,0,0,0,0,14-3-29 22:55:52,1
G67UX16PSI,117.503,38.0989,0,0,0,0,14-3-29 22:56:23,1
G67UX16PSI,117.503,38.0989,0,0,0,0,14-3-29 22:56:54,1
G67UX16PSI,117.503,38.0989,0,0,0,0,14-3-29 22:57:25,1
G67UX16PSI,117.503,38.0989,0,0,0,0,14-3-29 22:57:56,1
G67UX16PSI,117.503,38.0989,0,0,0,0,14-3-29 22:58:27,1
G67UX16PSI,117.503,38.0989,0,0,0,0,14-3-29 22:58:58,1
G67UX16PSI,117.503,38.0989,0,0,0,0,14-3-29 22:59:29,1
G67UX16PSI,117.503,38.0989,0,0,0,0,14-3-29 23:0:0,1
G67UX16PSI,117.503,38.0989,0,0,0,0,14-3-29 23:0:31,1
G67UX16PSI,117.503,38.0989,0,0,0,0,14-3-29 23:1:2,1
G67UX16PSI,117.503,38.0989,0,0,0,0,14-3-29 23:1:33,1
G67UX16PSI,117.501,38.1,0,0,0,0,14-3-29 23:2:4,1
G67UX16PSI,117.501,38.1,0,0,0,0,14-3-29 23:2:35,1
G67UX16PSI,117.501,38.1,0,0,0,0,14-3-29 23:3:6,1
G67UX16PSI,117.501,38.1,0,0,0,0,14-3-29 23:3:37,1
G67UX16PSI,117.501,38.1,0,0,0,0,14-3-29 23:4:8,1
G67UX16PSI,117.501,38.1,0,0,0,0,14-3-29 23:4:39,1
G67UX16PSI,117.501,38.1,0,0,0,0,14-3-29 23:5:10,1
G67UX16PSI,117.501,38.1,0,0,0,0,14-3-29 23:5:42,1
G67UX16PSI,117.501,38.1,0,0,0,0,14-3-29 23:6:13,1
G67UX16PSI,117.501,38.1,0,0,0,0,14-3-29 23:6:44,1
G67UX16PSI,117.501,38.1,0,0,0,0,14-3-29 23:7:15,1
G67UX16PSI,117.501,38.1,0,0,0,0,14-3-29 23:7:47,1
G67UX16PSI,117.501,38.1,0,0,0,0,14-3-29 23:8:17,1
G67UX16PSI,117.501,38.1,0,0,0,0,14-3-29 23:8:48,1
G67UX16PSI,117.501,38.1,0,0,0,0,14-3-29 23:9:19,1
G67UX16PSI,117.501,38.1,0,0,0,0,14-3-29 23:9:50,1
G67UX16PSI,117.501,38.1,0,0,0,0,14-3-29 23:10:21,1
G67UX16PSI,117.501,38.1,0,0,0,0,14-3-29 23:10:52,1
G67UX16PSI,117.501,38.1,0,0,0,0,14-3-29 23:11:23,1
G67UX16PSI,117.501,38.1,0,0,0,0,14-3-29 23:11:54,1
G67UX16PSI,117.501,38.1,0,0,0,0,14-3-29 23:12:25,1
G67UX16PSI,117.503,38.0989,0,0,0,0,14-3-29 23:12:56,1
G67UX16PSI,117.503,38.0989,0,0,0,0,14-3-29 23:13:27,1
G67UX16PSI,117.503,38.0989,0,0,0,0,14-3-29 23:13:58,1
G67UX16PSI,117.503,38.0989,0,0,0,0,14-3-29 23:14:29,1
G67UX16PSI,117.501,38.1,0,0,0,0,14-3-29 23:15:0,1
G67UX16PSI,117.501,38.1,0,0,0,0,14-3-29 23:15:31,1
G67UX16PSI,117.501,38.1,0,0,0,0,14-3-29 23:16:2,1
G67UX16PSI,117.501,38.1,0,0,0,0,14-3-29 23:16:33,1
G67UX16PSI,117.501,38.1,0,0,0,0,14-3-29 23:17:4,1
G67UX16PSI,117.501,38.1,0,0,0,0,14-3-29 23:17:35,1
G67UX16PSI,117.503,38.0989,0,0,0,0,14-3-29 23:18:6,1
G67UX16PSI,117.503,38.0989,0,0,0,0,14-3-29 23:18:37,1
G67UX16PSI,117.503,38.0989,0,0,0,0,14-3-29 23:19:8,1
G67UX16PSI,117.503,38.0989,0,0,0,0,14-3-29 23:19:39,1
G67UX16PSI,117.503,38.0989,0,0,0,0,14-3-29 23:20:10,1
G67UX16PSI,117.513,38.0925,0,0,0,0,14-3-29 23:20:41,1
G67UX16PSI,117.513,38.0925,0,0,0,0,14-3-29 23:21:12,1
G67UX16PSI,117.513,38.0925,0,0,0,0,14-3-29 23:21:43,1
G67UX16PSI,117.525,38.0858,0,0,0,0,14-3-29 23:22:14,1
G67UX16PSI,117.525,38.0858,0,0,0,0,14-3-29 23:22:45,1
G67UX16PSI,117.525,38.0858,0,0,0,0,14-3-29 23:23:16,1
G67UX16PSI,117.501,38.1,0,0,0,0,14-3-29 23:23:47,1
G67UX16PSI,117.53,38.0762,0,0,0,0,14-3-29 23:24:18,1
G67UX16PSI,117.53,38.0762,0,0,0,0,14-3-29 23:24:49,1
G67UX16PSI,117.501,38.1,0,0,0,0,14-3-29 23:25:20,1
G67UX16PSI,117.545,38.0765,0,0,0,0,14-3-29 23:26:3,1
G67UX16PSI,117.563,38.0626,0,0,0,0,14-3-29 23:26:34,1
G67UX16PSI,117.563,38.0626,0,0,0,0,14-3-29 23:27:5,1
G67UX16PSI,117.557,38.0728,0,0,0,0,14-3-29 23:27:37,1
G67UX16PSI,117.57,38.0525,0,0,0,0,14-3-29 23:28:40,1
G67UX16PSI,117.572,38.0476,0,0,0,0,14-3-29 23:29:10,1
G67UX16PSI,117.572,38.0476,0,0,0,0,14-3-29 23:29:41,1
G67UX16PSI,117.572,38.0476,0,0,0,0,14-3-29 23:30:12,1
G67UX16PSI,117.572,38.0476,0,0,0,0,14-3-29 23:30:43,1
G67UX16PSI,117.58,38.0302,0,0,0,0,14-3-29 23:31:14,1
G67UX16PSI,117.58,38.0302,0,0,0,0,14-3-29 23:31:45,1
G67UX16PSI,117.577,38.0365,0,0,0,0,14-3-29 23:32:16,1
G67UX16PSI,117.581,38.0231,0,0,0,0,14-3-29 23:32:47,1
G67UX16PSI,117.59,38.0107,0,0,0,0,14-3-29 23:33:18,1
G67UX16PSI,117.59,38.0107,0,0,0,0,14-3-29 23:33:49,1
G67UX16PSI,117.59,38.0107,0,0,0,0,14-3-29 23:34:20,1
G67UX16PSI,117.592,38.0048,0,0,0,0,14-3-29 23:34:51,1
G67UX16PSI,117.592,38.0048,0,0,0,0,14-3-29 23:35:22,1
G67UX16PSI,117.597,37.9915,0,0,0,0,14-3-29 23:35:53,1
G67UX16PSI,117.58,37.9942,0,0,0,0,14-3-29 23:36:56,1
G67UX16PSI,117.58,37.9942,0,0,0,0,14-3-29 23:37:26,1
G67UX16PSI,117.58,37.9942,0,0,0,0,14-3-29 23:37:57,1
G67UX16PSI,117.58,37.9942,0,0,0,0,14-3-29 23:38:28,0
G67UX16PSI,117.58,37.9942,0,0,0,0,14-3-29 23:38:59,0
G67UX16PSI,117.58,37.9942,0,0,0,0,14-3-29 23:39:30,0
G67UX16PSI,117.58,37.9942,0,0,0,0,14-3-29 23:40:1,0
G67UX16PSI,117.58,37.9942,0,0,0,0,14-3-29 23:40:32,0
G67UX16PSI,117.58,37.9942,0,0,0,0,14-3-29 23:41:3,0
G67UX16PSI,117.58,37.9942,0,0,0,0,14-3-29 23:41:34,0
G67UX16PSI,117.58,37.9942,0,0,0,0,14-3-29 23:42:5,0
G67UX16PSI,117.613,37.9561,0,0,0,0,14-3-29 23:42:36,1
G67UX16PSI,117.613,37.9561,0,0,0,0,14-3-29 23:43:7,1
G67UX16PSI,117.613,37.9561,0,0,0,0,14-3-29 23:43:38,1
G67UX16PSI,117.636,37.9293,0,0,0,0,14-3-29 23:44:9,1
G67UX16PSI,117.636,37.9293,0,0,0,0,14-3-29 23:44:40,1
G67UX16PSI,117.636,37.9293,0,0,0,0,14-3-29 23:45:11,1
G67UX16PSI,117.636,37.9293,0,0,0,0,14-3-29 23:45:42,0
G67UX16PSI,117.646,37.9169,0,0,0,0,14-3-29 23:46:14,1
G67UX16PSI,117.646,37.9169,0,0,0,0,14-3-29 23:46:44,0
G67UX16PSI,117.636,37.9293,0,0,0,0,14-3-29 23:47:15,1
G67UX16PSI,117.654,37.9123,0,0,0,0,14-3-29 23:47:46,1
G67UX16PSI,117.654,37.9123,0,0,0,0,14-3-29 23:48:17,1
G67UX16PSI,117.667,37.8961,0,0,0,0,14-3-29 23:48:49,1
G67UX16PSI,117.667,37.8961,0,0,0,0,14-3-29 23:49:19,1
G67UX16PSI,117.667,37.8961,0,0,0,0,14-3-29 23:49:50,1
G67UX16PSI,117.667,37.8961,0,0,0,0,14-3-29 23:50:21,1
G67UX16PSI,117.664,37.9318,0,0,0,0,14-3-29 23:50:52,1
G67UX16PSI,117.664,37.9318,0,0,0,0,14-3-29 23:51:23,1
G67UX16PSI,117.667,37.8961,0,0,0,0,14-3-29 23:51:54,1
G67UX16PSI,117.667,37.8961,0,0,0,0,14-3-29 23:52:25,0
G67UX16PSI,117.667,37.8961,0,0,0,0,14-3-29 23:52:56,1
G67UX16PSI,117.696,37.873,0,0,0,0,14-3-29 23:53:27,1
G67UX16PSI,117.667,37.8961,0,0,0,0,14-3-29 23:53:59,1
G67UX16PSI,117.696,37.873,0,0,0,0,14-3-29 23:54:29,1
G67UX16PSI,117.696,37.873,0,0,0,0,14-3-29 23:55:0,1
G67UX16PSI,117.696,37.873,0,0,0,0,14-3-29 23:55:31,1
G67UX16PSI,117.696,37.873,0,0,0,0,14-3-29 23:56:2,1
G67UX16PSI,117.696,37.873,0,0,0,0,14-3-29 23:56:33,1
G67UX16PSI,117.696,37.873,0,0,0,0,14-3-29 23:57:4,1
G67UX16PSI,117.713,37.8523,0,0,0,0,14-3-29 23:57:35,1
G67UX16PSI,117.713,37.8523,0,0,0,0,14-3-29 23:58:6,1
G67UX16PSI,117.713,37.8523,0,0,0,0,14-3-29 23:58:37,1
G67UX16PSI,117.718,37.847,0,0,0,0,14-3-29 23:59:8,1
G67UX16PSI,117.732,37.8329,0,0,0,0,14-3-29 23:59:39,1
G67UX16PSI,117.732,37.8329,0,0,0,0,14-3-30 0:0:10,1
