GF7UX7B7SI,116.674,40.3722,0,0,0,0,14-3-29 17:5:57,1
GF7UX7B7SI,116.674,40.3722,0,0,0,0,14-3-29 17:6:8,1
GF7UX7B7SI,116.676,40.3656,0,0,0,0,14-3-29 17:6:17,1
GF7UX7B7SI,116.676,40.3656,0,0,0,0,14-3-29 17:8:18,1
GF7UX7B7SI,116.676,40.3656,0,0,0,0,14-3-29 17:10:19,1
GF7UX7B7SI,116.676,40.3656,0,0,0,0,14-3-29 17:12:20,1
GF7UX7B7SI,116.676,40.3656,0,0,0,0,14-3-29 17:14:21,1
GF7UX7B7SI,116.676,40.3656,0,0,0,0,14-3-29 17:16:22,1
GF7UX7B7SI,116.676,40.3656,0,0,0,0,14-3-29 17:18:23,1
GF7UX7B7SI,116.676,40.3656,0,0,0,0,14-3-29 17:20:24,1
GF7UX7B7SI,116.676,40.3656,0,0,0,0,14-3-29 17:22:25,1
GF7UX7B7SI,116.676,40.3656,0,0,0,0,14-3-29 17:24:26,1
GF7UX7B7SI,116.676,40.3656,0,0,0,0,14-3-29 17:26:27,1
GF7UX7B7SI,116.676,40.3656,0,0,0,0,14-3-29 17:28:28,1
GF7UX7B7SI,116.676,40.3656,0,0,0,0,14-3-29 17:30:29,1
GF7UX7B7SI,116.676,40.3656,0,0,0,0,14-3-29 17:32:30,1
GF7UX7B7SI,116.676,40.3656,0,0,0,0,14-3-29 17:34:31,1
GF7UX7B7SI,116.676,40.3656,0,0,0,0,14-3-29 17:36:32,1
GF7UX7B7SI,116.676,40.3656,0,0,0,0,14-3-29 17:38:33,1
GF7UX7B7SI,116.666,40.3659,0,0,0,0,14-3-29 17:40:34,1
GF7UX7B7SI,116.676,40.3656,0,0,0,0,14-3-29 17:42:36,1
GF7UX7B7SI,116.678,40.3592,0,0,0,0,14-3-29 17:44:36,1
GF7UX7B7SI,116.678,40.3494,0,0,0,0,14-3-29 17:46:37,1
GF7UX7B7SI,116.679,40.3505,0,0,0,0,14-3-29 17:48:38,1
GF7UX7B7SI,116.678,40.3254,0,0,0,0,14-3-29 17:50:39,1
GF7UX7B7SI,116.676,40.3125,0,0,0,0,14-3-29 17:52:40,1
GF7UX7B7SI,116.676,40.3125,0,0,0,0,14-3-29 17:54:41,1
GF7UX7B7SI,116.667,40.2949,0,0,0,0,14-3-29 17:56:42,1
GF7UX7B7SI,116.667,40.2949,0,0,0,0,14-3-29 17:58:43,0
GF7UX7B7SI,116.667,40.2949,0,0,0,0,14-3-29 18:0:44,0
GF7UX7B7SI,116.681,40.2336,0,0,0,0,14-3-29 18:2:45,1
GF7UX7B7SI,116.681,40.2336,0,0,0,0,14-3-29 18:4:46,1
GF7UX7B7SI,116.627,40.2718,0,0,0,0,14-3-29 18:6:56,1
GF7UX7B7SI,116.627,40.2718,0,0,0,0,14-3-29 18:8:57,0
GF7UX7B7SI,116.592,40.2648,0,0,0,0,14-3-29 18:10:58,1
GF7UX7B7SI,116.56,40.2552,0,0,0,0,14-3-29 18:12:59,1
GF7UX7B7SI,116.545,40.2496,0,0,0,0,14-3-29 18:15:0,1
GF7UX7B7SI,116.534,40.2443,0,0,0,0,14-3-29 18:17:1,1
GF7UX7B7SI,116.534,40.2443,0,0,0,0,14-3-29 18:19:2,0
GF7UX7B7SI,116.498,40.2136,0,0,0,0,14-3-29 18:21:3,1
GF7UX7B7SI,116.485,40.183,0,0,0,0,14-3-29 18:25:6,1
GF7UX7B7SI,116.48,40.162,0,0,0,0,14-3-29 18:27:7,1
GF7UX7B7SI,116.479,40.1522,0,0,0,0,14-3-29 18:29:7,1
GF7UX7B7SI,116.5,40.1498,0,0,0,0,14-3-29 18:31:8,1
GF7UX7B7SI,116.527,40.1455,0,0,0,0,14-3-29 18:33:9,1
GF7UX7B7SI,116.549,40.1434,0,0,0,0,14-3-29 18:35:10,1
GF7UX7B7SI,116.569,40.1433,0,0,0,0,14-3-29 18:37:11,1
GF7UX7B7SI,116.618,40.1078,0,0,0,0,14-3-29 18:45:3,1
GF7UX7B7SI,116.619,40.0924,0,0,0,0,14-3-29 18:47:4,1
GF7UX7B7SI,116.634,40.079,0,0,0,0,14-3-29 18:49:5,1
GF7UX7B7SI,116.671,40.0163,0,0,0,0,14-3-29 18:56:35,1
GF7UX7B7SI,116.671,40.0163,0,0,0,0,14-3-29 18:58:42,0
GF7UX7B7SI,116.671,40.0163,0,0,0,0,14-3-29 19:0:44,0
GF7UX7B7SI,116.671,40.0163,0,0,0,0,14-3-29 19:2:45,0
GF7UX7B7SI,116.712,39.9562,0,0,0,0,14-3-29 19:4:54,1
GF7UX7B7SI,116.699,39.9448,0,0,0,0,14-3-29 19:6:55,1
GF7UX7B7SI,116.704,39.8903,0,0,0,0,14-3-29 19:13:36,1
GF7UX7B7SI,116.704,39.8903,0,0,0,0,14-3-29 19:15:36,0
GF7UX7B7SI,116.685,39.8476,0,0,0,0,14-3-29 19:17:41,1
GF7UX7B7SI,116.681,39.8375,0,0,0,0,14-3-29 19:19:42,1
GF7UX7B7SI,116.663,39.8282,0,0,0,0,14-3-29 19:21:43,1
GF7UX7B7SI,116.652,39.8164,0,0,0,0,14-3-29 19:23:44,1
GF7UX7B7SI,116.652,39.8164,0,0,0,0,14-3-29 19:25:45,0
GF7UX7B7SI,116.635,39.7834,0,0,0,0,14-3-29 19:27:46,1
GF7UX7B7SI,116.635,39.7834,0,0,0,0,14-3-29 19:29:47,0
GF7UX7B7SI,116.635,39.7834,0,0,0,0,14-3-29 19:31:48,0
GF7UX7B7SI,116.679,39.7543,0,0,0,0,14-3-29 19:33:49,1
GF7UX7B7SI,116.679,39.7543,0,0,0,0,14-3-29 19:35:50,0
GF7UX7B7SI,116.679,39.7543,0,0,0,0,14-3-29 19:37:51,0
GF7UX7B7SI,116.679,39.7543,0,0,0,0,14-3-29 19:39:52,0
GF7UX7B7SI,116.74,39.6965,0,0,0,0,14-3-29 19:41:53,1
GF7UX7B7SI,116.763,39.677,0,0,0,0,14-3-29 19:43:54,1
GF7UX7B7SI,116.763,39.677,0,0,0,0,14-3-29 19:45:55,0
GF7UX7B7SI,116.763,39.677,0,0,0,0,14-3-29 19:47:56,0
GF7UX7B7SI,116.763,39.677,0,0,0,0,14-3-29 19:49:57,0
GF7UX7B7SI,116.763,39.677,0,0,0,0,14-3-29 19:51:58,0
GF7UX7B7SI,116.813,39.6378,0,0,0,0,14-3-29 19:53:59,1
GF7UX7B7SI,116.842,39.626,0,0,0,0,14-3-29 19:58:2,1
GF7UX7B7SI,116.878,39.6086,0,0,0,0,14-3-29 20:0:2,1
GF7UX7B7SI,116.882,39.6091,0,0,0,0,14-3-29 20:2:3,1
GF7UX7B7SI,116.892,39.5976,0,0,0,0,14-3-29 20:4:4,1
GF7UX7B7SI,116.915,39.5628,0,0,0,0,14-3-29 20:6:10,1
GF7UX7B7SI,116.915,39.5628,0,0,0,0,14-3-29 20:8:11,1
GF7UX7B7SI,116.925,39.5481,0,0,0,0,14-3-29 20:10:12,1
GF7UX7B7SI,116.89,39.5257,0,0,0,0,14-3-29 20:12:13,1
GF7UX7B7SI,116.916,39.4906,0,0,0,0,14-3-29 20:14:15,1
GF7UX7B7SI,116.897,39.5081,0,0,0,0,14-3-29 20:16:16,1
GF7UX7B7SI,116.897,39.5081,0,0,0,0,14-3-29 20:18:17,0
GF7UX7B7SI,116.897,39.5081,0,0,0,0,14-3-29 20:20:18,0
GF7UX7B7SI,116.925,39.4519,0,0,0,0,14-3-29 20:22:19,1
GF7UX7B7SI,116.924,39.4614,0,0,0,0,14-3-29 20:24:20,1
GF7UX7B7SI,116.924,39.4614,0,0,0,0,14-3-29 20:26:21,1
GF7UX7B7SI,116.924,39.4614,0,0,0,0,14-3-29 20:28:22,1
GF7UX7B7SI,116.925,39.4519,0,0,0,0,14-3-29 20:30:23,1
GF7UX7B7SI,116.925,39.4519,0,0,0,0,14-3-29 20:32:24,0
GF7UX7B7SI,116.925,39.4519,0,0,0,0,14-3-29 20:34:25,1
GF7UX7B7SI,116.925,39.4519,0,0,0,0,14-3-29 20:36:26,0
GF7UX7B7SI,116.947,39.4099,0,0,0,0,14-3-29 20:38:27,1
GF7UX7B7SI,116.947,39.4082,0,0,0,0,14-3-29 20:40:28,1
GF7UX7B7SI,116.947,39.4082,0,0,0,0,14-3-29 20:42:29,1
GF7UX7B7SI,116.955,39.3555,0,0,0,0,14-3-29 20:44:30,1
GF7UX7B7SI,116.955,39.354,0,0,0,0,14-3-29 20:46:31,1
GF7UX7B7SI,116.951,39.3398,0,0,0,0,14-3-29 20:48:32,1
GF7UX7B7SI,116.944,39.3114,0,0,0,0,14-3-29 20:50:33,1
GF7UX7B7SI,116.943,39.2921,0,0,0,0,14-3-29 20:52:34,1
GF7UX7B7SI,116.936,39.2759,0,0,0,0,14-3-29 20:54:35,1
GF7UX7B7SI,116.936,39.2759,0,0,0,0,14-3-29 20:56:36,0
GF7UX7B7SI,116.922,39.2385,0,0,0,0,14-3-29 20:58:37,1
GF7UX7B7SI,116.943,39.2355,0,0,0,0,14-3-29 21:0:38,1
GF7UX7B7SI,116.915,39.213,0,0,0,0,14-3-29 21:2:39,1
GF7UX7B7SI,116.911,39.19,0,0,0,0,14-3-29 21:4:40,1
GF7UX7B7SI,116.914,39.1775,0,0,0,0,14-3-29 21:6:48,1
GF7UX7B7SI,116.934,39.1705,0,0,0,0,14-3-29 21:8:49,1
GF7UX7B7SI,116.917,39.1342,0,0,0,0,14-3-29 21:10:50,1
GF7UX7B7SI,116.917,39.1342,0,0,0,0,14-3-29 21:12:51,1
GF7UX7B7SI,116.917,39.1342,0,0,0,0,14-3-29 21:14:52,1
GF7UX7B7SI,116.918,39.1036,0,0,0,0,14-3-29 21:16:53,1
GF7UX7B7SI,116.899,39.0816,0,0,0,0,14-3-29 21:18:54,1
GF7UX7B7SI,116.926,39.0799,0,0,0,0,14-3-29 21:20:55,1
GF7UX7B7SI,116.889,39.067,0,0,0,0,14-3-29 21:22:56,1
GF7UX7B7SI,116.876,39.0365,0,0,0,0,14-3-29 21:24:58,1
GF7UX7B7SI,116.883,39.0099,0,0,0,0,14-3-29 21:26:58,1
GF7UX7B7SI,116.848,39.0167,0,0,0,0,14-3-29 21:28:59,1
GF7UX7B7SI,116.881,38.9738,0,0,0,0,14-3-29 21:31:0,1
GF7UX7B7SI,116.885,38.973,0,0,0,0,14-3-29 21:33:1,1
GF7UX7B7SI,116.881,38.9454,0,0,0,0,14-3-29 21:35:2,1
GF7UX7B7SI,116.873,38.9292,0,0,0,0,14-3-29 21:37:3,1
GF7UX7B7SI,116.871,38.9084,0,0,0,0,14-3-29 21:39:4,1
GF7UX7B7SI,116.871,38.9084,0,0,0,0,14-3-29 21:41:5,0
GF7UX7B7SI,116.868,38.879,0,0,0,0,14-3-29 21:43:6,1
GF7UX7B7SI,116.868,38.879,0,0,0,0,14-3-29 21:45:7,1
GF7UX7B7SI,116.873,38.8353,0,0,0,0,14-3-29 21:47:8,1
GF7UX7B7SI,116.873,38.8353,0,0,0,0,14-3-29 21:49:9,0
GF7UX7B7SI,116.873,38.812,0,0,0,0,14-3-29 21:51:10,1
GF7UX7B7SI,116.873,38.7843,0,0,0,0,14-3-29 21:53:11,1
GF7UX7B7SI,116.877,38.7975,0,0,0,0,14-3-29 21:55:12,1
GF7UX7B7SI,116.877,38.7975,0,0,0,0,14-3-29 21:57:13,0
GF7UX7B7SI,116.877,38.757,0,0,0,0,14-3-29 21:59:14,1
GF7UX7B7SI,116.875,38.7092,0,0,0,0,14-3-29 22:1:15,1
GF7UX7B7SI,116.877,38.7142,0,0,0,0,14-3-29 22:3:16,1
GF7UX7B7SI,116.877,38.684,0,0,0,0,14-3-29 22:5:17,1
GF7UX7B7SI,116.877,38.684,0,0,0,0,14-3-29 22:7:25,1
GF7UX7B7SI,116.877,38.684,0,0,0,0,14-3-29 22:9:26,1
GF7UX7B7SI,116.877,38.684,0,0,0,0,14-3-29 22:11:27,1
GF7UX7B7SI,116.849,38.6385,0,0,0,0,14-3-29 22:20:57,1
GF7UX7B7SI,116.816,38.6097,0,0,0,0,14-3-29 22:22:58,1
GF7UX7B7SI,116.81,38.6041,0,0,0,0,14-3-29 22:25:0,1
GF7UX7B7SI,116.799,38.5872,0,0,0,0,14-3-29 22:27:1,1
GF7UX7B7SI,116.799,38.5872,0,0,0,0,14-3-29 22:29:2,0
GF7UX7B7SI,116.8,38.5499,0,0,0,0,14-3-29 22:31:4,1
GF7UX7B7SI,116.808,38.5304,0,0,0,0,14-3-29 22:33:4,1
GF7UX7B7SI,116.808,38.5304,0,0,0,0,14-3-29 22:35:5,0
GF7UX7B7SI,116.81,38.4981,0,0,0,0,14-3-29 22:37:6,1
GF7UX7B7SI,116.793,38.4934,0,0,0,0,14-3-29 22:39:7,1
GF7UX7B7SI,116.81,38.4623,0,0,0,0,14-3-29 22:41:8,1
GF7UX7B7SI,116.81,38.4623,0,0,0,0,14-3-29 22:43:9,1
GF7UX7B7SI,116.805,38.4369,0,0,0,0,14-3-29 22:45:10,1
GF7UX7B7SI,116.792,38.4135,0,0,0,0,14-3-29 22:47:11,1
GF7UX7B7SI,116.776,38.3944,0,0,0,0,14-3-29 22:49:12,1
GF7UX7B7SI,116.769,38.3796,0,0,0,0,14-3-29 22:51:13,1
GF7UX7B7SI,116.758,38.3538,0,0,0,0,14-3-29 22:53:14,1
GF7UX7B7SI,116.756,38.3506,0,0,0,0,14-3-29 22:55:15,1
GF7UX7B7SI,116.747,38.3228,0,0,0,0,14-3-29 22:57:16,1
GF7UX7B7SI,116.757,38.3424,0,0,0,0,14-3-29 22:59:18,1
GF7UX7B7SI,116.746,38.2926,0,0,0,0,14-3-29 23:1:18,1
GF7UX7B7SI,116.746,38.2926,0,0,0,0,14-3-29 23:3:19,1
GF7UX7B7SI,116.748,38.2748,0,0,0,0,14-3-29 23:5:20,1
GF7UX7B7SI,116.726,38.2374,0,0,0,0,14-3-29 23:7:27,1
GF7UX7B7SI,116.718,38.268,0,0,0,0,14-3-29 23:9:28,1
GF7UX7B7SI,116.74,38.215,0,0,0,0,14-3-29 23:11:29,1
GF7UX7B7SI,116.703,38.1966,0,0,0,0,14-3-29 23:13:30,1
GF7UX7B7SI,116.703,38.1966,0,0,0,0,14-3-29 23:15:31,1
GF7UX7B7SI,116.696,38.165,0,0,0,0,14-3-29 23:17:32,1
GF7UX7B7SI,116.692,38.15,0,0,0,0,14-3-29 23:19:33,1
GF7UX7B7SI,116.692,38.1324,0,0,0,0,14-3-29 23:21:34,1
GF7UX7B7SI,116.683,38.1033,0,0,0,0,14-3-29 23:23:35,1
GF7UX7B7SI,116.677,38.0926,0,0,0,0,14-3-29 23:25:36,1
GF7UX7B7SI,116.664,38.0747,0,0,0,0,14-3-29 23:27:37,1
GF7UX7B7SI,116.659,38.0649,0,0,0,0,14-3-29 23:29:38,1
GF7UX7B7SI,116.655,38.0385,0,0,0,0,14-3-29 23:31:39,1
GF7UX7B7SI,116.653,38.0516,0,0,0,0,14-3-29 23:33:40,1
GF7UX7B7SI,116.647,38.0171,0,0,0,0,14-3-29 23:35:41,1
GF7UX7B7SI,116.631,37.9925,0,0,0,0,14-3-29 23:37:42,1
GF7UX7B7SI,116.631,37.9888,0,0,0,0,14-3-29 23:39:43,1
GF7UX7B7SI,116.614,37.9753,0,0,0,0,14-3-29 23:41:44,1
GF7UX7B7SI,116.604,37.9522,0,0,0,0,14-3-29 23:43:45,1
GF7UX7B7SI,116.585,37.9373,0,0,0,0,14-3-29 23:45:46,1
GF7UX7B7SI,116.584,37.929,0,0,0,0,14-3-29 23:47:47,1
GF7UX7B7SI,116.583,37.9085,0,0,0,0,14-3-29 23:49:48,1
GF7UX7B7SI,116.586,37.9005,0,0,0,0,14-3-29 23:51:49,1
GF7UX7B7SI,116.586,37.8777,0,0,0,0,14-3-29 23:53:50,1
GF7UX7B7SI,116.563,37.8496,0,0,0,0,14-3-29 23:55:51,1
GF7UX7B7SI,116.556,37.8423,0,0,0,0,14-3-29 23:57:52,1
GF7UX7B7SI,116.554,37.8309,0,0,0,0,14-3-29 23:59:53,1
