I5FX6BP4GU,106.774,22.0889,421852,0,35,0,14-3-28 0:1:53,1
I5FX6BP4GU,106.774,22.0889,421852,0,35,0,14-3-28 0:3:53,1
I5FX6BP4GU,106.774,22.0889,421852,0,35,0,14-3-28 0:4:46,1
I5FX6BP4GU,106.774,22.0889,421852,0,35,0,14-3-28 0:5:54,1
I5FX6BP4GU,106.774,22.0889,421852,0,35,0,14-3-28 0:7:55,1
I5FX6BP4GU,106.774,22.0889,421852,0,35,0,14-3-28 0:9:56,1
I5FX6BP4GU,106.774,22.0889,421852,0,35,0,14-3-28 0:11:59,1
I5FX6BP4GU,106.774,22.0889,421852,0,35,0,14-3-28 0:13:59,1
I5FX6BP4GU,106.774,22.0889,421852,0,35,0,14-3-28 0:14:48,1
I5FX6BP4GU,106.774,22.0889,421852,0,35,0,14-3-28 0:16:0,1
I5FX6BP4GU,106.774,22.0889,421852,0,35,0,14-3-28 0:18:1,1
I5FX6BP4GU,106.774,22.0889,421852,0,35,0,14-3-28 0:19:51,1
I5FX6BP4GU,106.774,22.0889,421852,0,35,0,14-3-28 0:20:2,1
I5FX6BP4GU,106.774,22.0889,421852,0,35,0,14-3-28 0:22:5,1
I5FX6BP4GU,106.774,22.0889,421852,0,35,0,14-3-28 0:24:5,1
I5FX6BP4GU,106.774,22.0889,421852,0,35,0,14-3-28 0:24:54,1
I5FX6BP4GU,106.774,22.0889,421852,0,35,0,14-3-28 0:26:6,1
I5FX6BP4GU,106.774,22.0889,421852,0,35,0,14-3-28 0:28:7,1
I5FX6BP4GU,106.774,22.0889,421852,0,35,0,14-3-28 0:29:57,1
I5FX6BP4GU,106.774,22.0889,421852,0,35,0,14-3-28 0:30:8,1
I5FX6BP4GU,106.774,22.0889,421852,0,35,0,14-3-28 0:32:11,1
I5FX6BP4GU,106.774,22.0889,421852,0,35,0,14-3-28 0:34:11,1
I5FX6BP4GU,106.774,22.0889,421852,0,35,0,14-3-28 0:35:0,1
I5FX6BP4GU,106.774,22.0889,421852,0,35,0,14-3-28 0:36:12,1
I5FX6BP4GU,106.774,22.0889,421852,0,35,0,14-3-28 0:38:12,1
I5FX6BP4GU,106.774,22.0889,421852,0,35,0,14-3-28 0:40:3,1
I5FX6BP4GU,106.774,22.0889,421852,0,35,0,14-3-28 0:40:13,1
I5FX6BP4GU,106.774,22.0889,421852,0,35,0,14-3-28 0:42:17,1
I5FX6BP4GU,106.774,22.0889,421852,0,35,0,14-3-28 0:44:17,1
I5FX6BP4GU,106.774,22.0889,421852,0,35,0,14-3-28 0:45:6,1
I5FX6BP4GU,106.774,22.0889,421852,0,35,0,14-3-28 0:46:17,1
I5FX6BP4GU,106.774,22.0889,421852,0,35,0,14-3-28 0:48:19,1
I5FX6BP4GU,106.774,22.0889,421852,0,35,0,14-3-28 0:50:9,1
I5FX6BP4GU,106.774,22.0889,421852,0,35,0,14-3-28 0:50:19,1
I5FX6BP4GU,106.774,22.0889,421852,0,35,0,14-3-28 0:52:23,1
I5FX6BP4GU,106.774,22.0889,421852,0,35,0,14-3-28 0:54:23,1
I5FX6BP4GU,106.774,22.0889,421852,0,35,0,14-3-28 0:55:12,1
I5FX6BP4GU,106.774,22.0889,421852,0,35,0,14-3-28 0:56:23,1
I5FX6BP4GU,106.774,22.0889,421852,0,35,0,14-3-28 0:58:25,1
I5FX6BP4GU,106.774,22.0889,421852,0,35,0,14-3-28 1:0:15,1
I5FX6BP4GU,106.774,22.0889,421852,0,35,0,14-3-28 1:0:25,1
I5FX6BP4GU,106.774,22.0889,421852,0,35,0,14-3-28 1:2:29,1
I5FX6BP4GU,106.774,22.0889,421852,0,35,0,14-3-28 1:4:29,1
I5FX6BP4GU,106.774,22.0889,421852,0,35,0,14-3-28 1:5:18,1
I5FX6BP4GU,106.774,22.0889,421852,0,35,0,14-3-28 1:6:29,1
I5FX6BP4GU,106.774,22.0889,421852,0,35,0,14-3-28 1:8:31,1
I5FX6BP4GU,106.774,22.0889,421852,0,35,0,14-3-28 1:10:21,1
I5FX6BP4GU,106.774,22.0889,421852,0,35,0,14-3-28 1:10:31,1
I5FX6BP4GU,106.774,22.0889,421852,0,35,0,14-3-28 1:12:35,1
I5FX6BP4GU,106.774,22.0889,421852,0,35,0,14-3-28 1:14:35,1
I5FX6BP4GU,106.774,22.0889,421852,0,35,0,14-3-28 1:15:24,1
I5FX6BP4GU,106.774,22.0889,421852,0,35,0,14-3-28 1:16:35,1
I5FX6BP4GU,106.774,22.0889,421852,0,35,0,14-3-28 1:18:37,1
I5FX6BP4GU,106.774,22.0889,421852,0,35,0,14-3-28 1:20:27,1
I5FX6BP4GU,106.774,22.0889,421852,0,35,0,14-3-28 1:20:37,1
I5FX6BP4GU,106.774,22.0889,421852,0,35,0,14-3-28 1:22:41,1
I5FX6BP4GU,106.774,22.0889,421852,0,35,0,14-3-28 1:24:41,1
I5FX6BP4GU,106.774,22.0889,421852,0,35,0,14-3-28 1:25:30,1
I5FX6BP4GU,106.774,22.0889,421852,0,35,0,14-3-28 1:26:41,1
I5FX6BP4GU,106.774,22.0889,421852,0,35,0,14-3-28 1:28:43,1
I5FX6BP4GU,106.774,22.0889,421852,0,35,0,14-3-28 1:30:33,1
I5FX6BP4GU,106.774,22.0889,421852,0,35,0,14-3-28 1:30:43,1
I5FX6BP4GU,106.774,22.0889,421852,0,35,0,14-3-28 1:32:47,1
I5FX6BP4GU,106.774,22.0889,421852,0,35,0,14-3-28 1:35:36,1
I5FX6BP4GU,106.774,22.0889,421852,0,35,0,14-3-28 1:36:47,1
I5FX6BP4GU,106.774,22.0889,421852,0,35,0,14-3-28 1:38:49,1
I5FX6BP4GU,106.774,22.0889,421852,0,35,0,14-3-28 1:42:53,1
I5FX6BP4GU,106.774,22.0889,421852,0,35,0,14-3-28 1:44:53,1
I5FX6BP4GU,106.774,22.0889,421852,0,35,0,14-3-28 1:46:53,1
I5FX6BP4GU,106.774,22.0889,421852,0,35,0,14-3-28 1:49:2,1
I5FX6BP4GU,106.774,22.0889,421852,0,35,0,14-3-28 1:49:8,1
I5FX6BP4GU,106.774,22.0889,421852,0,35,0,14-3-28 1:52:59,1
I5FX6BP4GU,106.774,22.0889,421852,0,35,0,14-3-28 1:54:4,1
I5FX6BP4GU,106.774,22.0889,421852,0,35,0,14-3-28 1:54:59,1
I5FX6BP4GU,106.774,22.0889,421852,0,35,0,14-3-28 1:56:59,1
I5FX6BP4GU,106.774,22.0889,421852,0,35,0,14-3-28 1:59:5,1
I5FX6BP4GU,106.774,22.0889,421852,0,35,0,14-3-28 2:1:0,1
I5FX6BP4GU,106.774,22.0889,421852,0,35,0,14-3-28 2:3:3,1
I5FX6BP4GU,106.774,22.0889,421852,0,35,0,14-3-28 2:4:7,1
I5FX6BP4GU,106.774,22.0889,421852,0,35,0,14-3-28 2:5:6,1
I5FX6BP4GU,106.774,22.0889,421852,0,35,0,14-3-28 2:7:5,1
I5FX6BP4GU,106.774,22.0889,421852,0,35,0,14-3-28 2:9:7,1
I5FX6BP4GU,106.774,22.0889,421852,0,35,0,14-3-28 2:11:7,1
I5FX6BP4GU,106.774,22.0889,421852,0,35,0,14-3-28 2:13:11,1
I5FX6BP4GU,106.774,22.0889,421852,0,35,0,14-3-28 2:14:9,1
I5FX6BP4GU,106.774,22.0889,421852,0,35,0,14-3-28 2:15:11,1
I5FX6BP4GU,106.774,22.0889,421852,0,35,0,14-3-28 2:17:11,1
I5FX6BP4GU,106.774,22.0889,421852,0,35,0,14-3-28 2:19:11,1
I5FX6BP4GU,106.774,22.0889,421852,0,35,0,14-3-28 2:19:12,1
I5FX6BP4GU,106.774,22.0889,421852,0,35,0,14-3-28 2:21:13,1
I5FX6BP4GU,106.774,22.0889,421852,0,35,0,14-3-28 2:23:17,1
I5FX6BP4GU,106.774,22.0889,421852,0,35,0,14-3-28 2:24:11,1
I5FX6BP4GU,106.774,22.0889,421852,0,35,0,14-3-28 2:25:17,1
I5FX6BP4GU,106.774,22.0889,421852,0,35,0,14-3-28 2:27:17,1
I5FX6BP4GU,106.774,22.0889,421852,0,35,0,14-3-28 2:29:12,1
I5FX6BP4GU,106.774,22.0889,421852,0,35,0,14-3-28 2:29:18,1
I5FX6BP4GU,106.774,22.0889,421852,0,35,0,14-3-28 2:33:23,1
I5FX6BP4GU,106.774,22.0889,421852,0,35,0,14-3-28 2:34:13,1
I5FX6BP4GU,106.774,22.0889,421852,0,35,0,14-3-28 2:35:22,1
I5FX6BP4GU,106.774,22.0889,421852,0,35,0,14-3-28 2:37:23,1
I5FX6BP4GU,106.774,22.0889,421852,0,35,0,14-3-28 2:39:14,1
I5FX6BP4GU,106.774,22.0889,421852,0,35,0,14-3-28 2:39:24,1
I5FX6BP4GU,106.774,22.0889,421852,0,35,0,14-3-28 2:41:25,1
I5FX6BP4GU,106.774,22.0889,421852,0,35,0,14-3-28 2:43:29,1
I5FX6BP4GU,106.774,22.0889,421852,0,35,0,14-3-28 2:44:16,1
I5FX6BP4GU,106.774,22.0889,421852,0,35,0,14-3-28 2:45:28,1
I5FX6BP4GU,106.774,22.0889,421852,0,35,0,14-3-28 2:47:28,1
I5FX6BP4GU,106.774,22.0889,421852,0,35,0,14-3-28 2:49:16,1
I5FX6BP4GU,106.774,22.0889,421852,0,35,0,14-3-28 2:49:28,1
I5FX6BP4GU,106.774,22.0889,421852,0,35,0,14-3-28 2:51:29,1
I5FX6BP4GU,106.774,22.0889,421852,0,35,0,14-3-28 2:53:34,1
I5FX6BP4GU,106.774,22.0889,421852,0,35,0,14-3-28 2:54:18,1
I5FX6BP4GU,106.774,22.0889,421852,0,35,0,14-3-28 2:55:34,1
I5FX6BP4GU,106.774,22.0889,421852,0,35,0,14-3-28 2:57:35,1
I5FX6BP4GU,106.774,22.0889,421852,0,35,0,14-3-28 2:59:18,1
I5FX6BP4GU,106.774,22.0889,421852,0,35,0,14-3-28 2:59:36,1
I5FX6BP4GU,106.774,22.0889,421852,0,35,0,14-3-28 3:1:37,1
I5FX6BP4GU,106.774,22.0889,421852,0,35,0,14-3-28 3:3:40,1
I5FX6BP4GU,106.774,22.0889,421852,0,35,0,14-3-28 3:4:19,1
I5FX6BP4GU,106.774,22.0889,421852,0,35,0,14-3-28 3:5:40,1
I5FX6BP4GU,106.774,22.0889,421852,0,35,0,14-3-28 3:7:41,1
I5FX6BP4GU,106.774,22.0889,421852,0,35,0,14-3-28 3:9:21,1
I5FX6BP4GU,106.774,22.0889,421852,0,35,0,14-3-28 3:9:42,1
I5FX6BP4GU,106.774,22.0889,421852,0,35,0,14-3-28 3:11:43,1
I5FX6BP4GU,106.774,22.0889,421852,0,35,0,14-3-28 3:13:46,1
I5FX6BP4GU,106.774,22.0889,421852,0,35,0,14-3-28 3:14:21,1
I5FX6BP4GU,106.774,22.0889,421852,0,35,0,14-3-28 3:15:46,1
I5FX6BP4GU,106.774,22.0889,421852,0,35,0,14-3-28 3:17:47,1
I5FX6BP4GU,106.774,22.0889,421852,0,35,0,14-3-28 3:19:22,1
I5FX6BP4GU,106.774,22.0889,421852,0,35,0,14-3-28 3:19:48,1
I5FX6BP4GU,106.774,22.0889,421852,0,35,0,14-3-28 3:21:49,1
I5FX6BP4GU,106.774,22.0889,421852,0,35,0,14-3-28 3:23:52,1
I5FX6BP4GU,106.774,22.0889,421852,0,35,0,14-3-28 3:24:23,1
I5FX6BP4GU,106.774,22.0889,421852,0,35,0,14-3-28 3:25:52,1
I5FX6BP4GU,106.774,22.0889,421852,0,35,0,14-3-28 3:27:53,1
I5FX6BP4GU,106.774,22.0889,421852,0,35,0,14-3-28 3:29:24,1
I5FX6BP4GU,106.774,22.0889,421852,0,35,0,14-3-28 3:29:54,1
I5FX6BP4GU,106.774,22.0889,421852,0,35,0,14-3-28 3:31:54,1
I5FX6BP4GU,106.774,22.0889,421852,0,35,0,14-3-28 3:33:58,1
I5FX6BP4GU,106.774,22.0889,421852,0,35,0,14-3-28 3:34:25,1
I5FX6BP4GU,106.774,22.0889,421852,0,35,0,14-3-28 3:35:58,1
I5FX6BP4GU,106.774,22.0889,421852,0,35,0,14-3-28 3:37:58,1
I5FX6BP4GU,106.774,22.0889,421852,0,35,0,14-3-28 3:39:28,1
I5FX6BP4GU,106.774,22.0889,421852,0,35,0,14-3-28 3:40:0,1
I5FX6BP4GU,106.774,22.0889,421852,0,35,0,14-3-28 3:42:0,1
I5FX6BP4GU,106.774,22.0889,421852,0,35,0,14-3-28 3:44:4,1
I5FX6BP4GU,106.774,22.0889,421852,0,35,0,14-3-28 3:44:31,1
I5FX6BP4GU,106.774,22.0889,421852,0,35,0,14-3-28 3:46:4,1
I5FX6BP4GU,106.774,22.0889,421852,0,35,0,14-3-28 3:48:4,1
I5FX6BP4GU,106.774,22.0889,421852,0,35,0,14-3-28 3:49:34,1
I5FX6BP4GU,106.774,22.0889,421852,0,35,0,14-3-28 3:50:6,1
I5FX6BP4GU,106.774,22.0889,421852,0,35,0,14-3-28 3:52:6,1
I5FX6BP4GU,106.774,22.0889,421852,0,35,0,14-3-28 3:54:10,1
I5FX6BP4GU,106.774,22.0889,421852,0,35,0,14-3-28 3:54:37,1
I5FX6BP4GU,106.774,22.0889,421852,0,35,0,14-3-28 3:56:10,1
I5FX6BP4GU,106.774,22.0889,421852,0,35,0,14-3-28 3:58:10,1
I5FX6BP4GU,106.774,22.0889,421852,0,35,0,14-3-28 3:59:40,1
I5FX6BP4GU,106.774,22.0889,421852,0,35,0,14-3-28 4:0:12,1
I5FX6BP4GU,106.774,22.0889,421852,0,35,0,14-3-28 4:2:12,1
I5FX6BP4GU,106.774,22.0889,421852,0,35,0,14-3-28 4:4:16,1
I5FX6BP4GU,106.774,22.0889,421852,0,35,0,14-3-28 4:4:43,1
I5FX6BP4GU,106.774,22.0889,421852,0,35,0,14-3-28 4:6:16,1
I5FX6BP4GU,106.774,22.0889,421852,0,35,0,14-3-28 4:8:16,1
I5FX6BP4GU,106.774,22.0889,421852,0,35,0,14-3-28 4:9:46,1
I5FX6BP4GU,106.774,22.0889,421852,0,35,0,14-3-28 4:10:16,1
I5FX6BP4GU,106.774,22.0889,421852,0,35,0,14-3-28 4:12:18,1
I5FX6BP4GU,106.774,22.0889,421852,0,35,0,14-3-28 4:14:22,1
I5FX6BP4GU,106.774,22.0889,421852,0,35,0,14-3-28 4:14:49,1
I5FX6BP4GU,106.774,22.0889,421852,0,35,0,14-3-28 4:16:22,1
I5FX6BP4GU,106.774,22.0889,421852,0,35,0,14-3-28 4:18:22,1
I5FX6BP4GU,106.774,22.0889,421852,0,35,0,14-3-28 4:19:52,1
I5FX6BP4GU,106.774,22.0889,421852,0,35,0,14-3-28 4:20:24,1
I5FX6BP4GU,106.774,22.0889,421852,0,35,0,14-3-28 4:22:24,1
I5FX6BP4GU,106.774,22.0889,421852,0,35,0,14-3-28 4:24:28,1
I5FX6BP4GU,106.774,22.0889,421852,0,35,0,14-3-28 4:24:55,1
I5FX6BP4GU,106.774,22.0889,421852,0,35,0,14-3-28 4:26:28,1
I5FX6BP4GU,106.774,22.0889,421852,0,35,0,14-3-28 4:28:27,1
I5FX6BP4GU,106.774,22.0889,421852,0,35,0,14-3-28 4:29:58,1
I5FX6BP4GU,106.774,22.0889,421852,0,35,0,14-3-28 4:30:27,1
I5FX6BP4GU,106.774,22.0889,421852,0,35,0,14-3-28 4:32:27,1
I5FX6BP4GU,106.774,22.0889,421852,0,35,0,14-3-28 4:34:34,1
I5FX6BP4GU,106.774,22.0889,421852,0,35,0,14-3-28 4:35:1,1
I5FX6BP4GU,106.774,22.0889,421852,0,35,0,14-3-28 4:36:34,1
I5FX6BP4GU,106.774,22.0889,421852,0,35,0,14-3-28 4:38:34,1
I5FX6BP4GU,106.774,22.0889,421852,0,35,0,14-3-28 4:40:4,1
I5FX6BP4GU,106.774,22.0889,421852,0,35,0,14-3-28 4:40:36,1
I5FX6BP4GU,106.774,22.0889,421852,0,35,0,14-3-28 4:42:36,1
I5FX6BP4GU,106.774,22.0889,421852,0,35,0,14-3-28 4:44:40,1
I5FX6BP4GU,106.774,22.0889,421852,0,35,0,14-3-28 4:45:17,1
I5FX6BP4GU,106.774,22.0889,421852,0,35,0,14-3-28 4:46:40,1
I5FX6BP4GU,106.774,22.0889,421852,0,35,0,14-3-28 4:50:18,1
I5FX6BP4GU,106.774,22.0889,421852,0,35,0,14-3-28 4:52:42,1
I5FX6BP4GU,106.774,22.0889,421852,0,35,0,14-3-28 4:54:46,1
I5FX6BP4GU,106.774,22.0889,421852,0,35,0,14-3-28 4:56:46,1
I5FX6BP4GU,106.774,22.0889,421852,0,35,0,14-3-28 4:58:46,1
I5FX6BP4GU,106.774,22.0889,421852,0,35,0,14-3-28 5:0:47,1
I5FX6BP4GU,106.774,22.0889,421852,0,35,0,14-3-28 5:1:48,1
I5FX6BP4GU,106.774,22.0889,421852,0,35,0,14-3-28 5:2:48,1
I5FX6BP4GU,106.774,22.0889,421852,0,35,0,14-3-28 5:4:52,1
I5FX6BP4GU,106.774,22.0889,421852,0,35,0,14-3-28 5:6:52,1
I5FX6BP4GU,106.774,22.0889,421852,0,35,0,14-3-28 5:12:7,1
I5FX6BP4GU,106.774,22.0889,421852,0,35,0,14-3-28 5:12:54,1
I5FX6BP4GU,106.774,22.0889,421852,0,35,0,14-3-28 5:14:58,1
I5FX6BP4GU,106.774,22.0889,421852,0,35,0,14-3-28 5:16:57,1
I5FX6BP4GU,106.774,22.0889,421852,0,35,0,14-3-28 5:17:8,1
I5FX6BP4GU,106.774,22.0889,421852,0,35,0,14-3-28 5:18:58,1
I5FX6BP4GU,106.774,22.0889,421852,0,35,0,14-3-28 5:20:59,1
I5FX6BP4GU,106.774,22.0889,421852,0,35,0,14-3-28 5:22:10,1
I5FX6BP4GU,106.774,22.0889,421852,0,35,0,14-3-28 5:23:0,1
I5FX6BP4GU,106.774,22.0889,421852,0,35,0,14-3-28 5:25:4,1
I5FX6BP4GU,106.774,22.0889,421852,0,35,0,14-3-28 5:27:3,1
I5FX6BP4GU,106.774,22.0889,421852,0,35,0,14-3-28 5:27:10,1
I5FX6BP4GU,106.774,22.0889,421852,0,35,0,14-3-28 5:29:4,1
I5FX6BP4GU,106.774,22.0889,421852,0,35,0,14-3-28 5:31:5,1
I5FX6BP4GU,106.774,22.0889,421852,0,35,0,14-3-28 5:32:11,1
I5FX6BP4GU,106.774,22.0889,421852,0,35,0,14-3-28 5:33:6,1
I5FX6BP4GU,106.774,22.0889,421852,0,35,0,14-3-28 5:35:10,1
I5FX6BP4GU,106.774,22.0889,421852,0,35,0,14-3-28 5:37:12,1
I5FX6BP4GU,106.774,22.0889,421852,0,35,0,14-3-28 5:39:10,1
I5FX6BP4GU,106.774,22.0889,421852,0,35,0,14-3-28 5:41:11,1
I5FX6BP4GU,106.774,22.0889,421852,0,35,0,14-3-28 5:42:13,1
I5FX6BP4GU,106.774,22.0889,421852,0,35,0,14-3-28 5:43:12,1
I5FX6BP4GU,106.774,22.0889,421852,0,35,0,14-3-28 5:45:15,1
I5FX6BP4GU,106.774,22.0889,421852,0,35,0,14-3-28 5:47:16,1
I5FX6BP4GU,106.774,22.0889,421852,0,35,0,14-3-28 5:49:16,1
I5FX6BP4GU,106.774,22.0889,421852,0,35,0,14-3-28 5:51:17,1
I5FX6BP4GU,106.774,22.0889,421852,0,35,0,14-3-28 5:52:15,1
I5FX6BP4GU,106.774,22.0889,421852,0,35,0,14-3-28 5:53:18,1
I5FX6BP4GU,106.774,22.0889,421852,0,35,0,14-3-28 5:55:21,1
I5FX6BP4GU,106.774,22.0889,421852,0,35,0,14-3-28 5:57:21,1
I5FX6BP4GU,106.774,22.0889,421852,0,35,0,14-3-28 5:59:22,1
I5FX6BP4GU,106.774,22.0889,421852,0,35,0,14-3-28 6:1:23,1
I5FX6BP4GU,106.774,22.0889,421852,0,35,0,14-3-28 6:2:17,1
I5FX6BP4GU,106.774,22.0889,421852,0,35,0,14-3-28 6:3:23,1
I5FX6BP4GU,106.774,22.0889,421852,0,35,0,14-3-28 6:5:27,1
I5FX6BP4GU,106.774,22.0889,421852,0,35,0,14-3-28 6:7:18,1
I5FX6BP4GU,106.774,22.0889,421852,0,35,0,14-3-28 6:7:27,1
I5FX6BP4GU,106.774,22.0889,421852,0,35,0,14-3-28 6:9:28,1
I5FX6BP4GU,106.774,22.0889,421852,0,35,0,14-3-28 6:11:29,1
I5FX6BP4GU,106.774,22.0889,421852,0,35,0,14-3-28 6:12:19,1
I5FX6BP4GU,106.774,22.0889,421852,0,35,0,14-3-28 6:13:30,1
I5FX6BP4GU,106.774,22.0889,421852,0,35,0,14-3-28 6:15:33,1
I5FX6BP4GU,106.774,22.0889,421852,0,35,0,14-3-28 6:17:20,1
I5FX6BP4GU,106.774,22.0889,421852,0,35,0,14-3-28 6:17:33,1
I5FX6BP4GU,106.774,22.0889,421852,0,35,0,14-3-28 6:19:34,1
I5FX6BP4GU,106.774,22.0889,421852,0,35,0,14-3-28 6:21:34,1
I5FX6BP4GU,106.774,22.0889,421852,0,35,0,14-3-28 6:22:21,1
I5FX6BP4GU,106.774,22.0889,421852,0,35,0,14-3-28 6:23:35,1
I5FX6BP4GU,106.774,22.0889,421852,0,35,0,14-3-28 6:25:39,1
I5FX6BP4GU,106.774,22.0889,421852,0,35,0,14-3-28 6:27:22,1
I5FX6BP4GU,106.774,22.0889,421852,0,35,0,14-3-28 6:27:39,1
I5FX6BP4GU,106.774,22.0889,421852,0,35,0,14-3-28 6:29:39,1
I5FX6BP4GU,106.774,22.0889,421852,0,35,0,14-3-28 6:31:41,1
I5FX6BP4GU,106.774,22.0889,421852,0,35,0,14-3-28 6:32:23,1
I5FX6BP4GU,106.774,22.0889,421852,0,35,0,14-3-28 6:33:41,1
I5FX6BP4GU,106.774,22.0889,421852,0,35,0,14-3-28 6:35:45,1
I5FX6BP4GU,106.774,22.0889,421852,0,35,0,14-3-28 6:37:24,1
I5FX6BP4GU,106.774,22.0889,421852,0,35,0,14-3-28 6:37:45,1
I5FX6BP4GU,106.774,22.0889,421852,0,35,0,14-3-28 6:39:45,1
I5FX6BP4GU,106.774,22.0889,421852,0,35,0,14-3-28 6:41:47,1
I5FX6BP4GU,106.774,22.0889,421852,0,35,0,14-3-28 6:42:27,1
I5FX6BP4GU,106.774,22.0889,421852,0,35,0,14-3-28 6:43:47,1
I5FX6BP4GU,106.774,22.0889,421852,0,35,0,14-3-28 6:45:51,1
I5FX6BP4GU,106.774,22.0889,421852,0,35,0,14-3-28 6:47:30,1
I5FX6BP4GU,106.774,22.0889,421852,0,35,0,14-3-28 6:47:51,1
I5FX6BP4GU,106.774,22.0889,421852,0,35,0,14-3-28 6:49:51,1
I5FX6BP4GU,106.774,22.0889,421852,0,35,0,14-3-28 6:51:53,1
I5FX6BP4GU,106.774,22.0889,421852,0,35,0,14-3-28 6:52:33,1
I5FX6BP4GU,106.774,22.0889,421852,0,35,0,14-3-28 6:53:53,1
I5FX6BP4GU,106.774,22.0889,421852,0,35,0,14-3-28 6:55:57,1
I5FX6BP4GU,106.774,22.0889,421852,0,35,0,14-3-28 6:57:36,1
I5FX6BP4GU,106.774,22.0889,421852,0,35,0,14-3-28 6:57:57,1
I5FX6BP4GU,106.774,22.0889,421852,0,35,0,14-3-28 6:59:57,1
I5FX6BP4GU,106.774,22.0889,421852,0,35,0,14-3-28 7:1:59,1
I5FX6BP4GU,106.774,22.0889,421852,0,35,0,14-3-28 7:2:39,1
I5FX6BP4GU,106.774,22.0889,421852,0,35,0,14-3-28 7:3:59,1
I5FX6BP4GU,106.774,22.0889,421852,0,35,0,14-3-28 7:6:3,1
I5FX6BP4GU,106.774,22.0889,421852,0,35,0,14-3-28 7:7:42,1
I5FX6BP4GU,106.774,22.0889,421852,0,35,0,14-3-28 7:8:3,1
I5FX6BP4GU,106.774,22.0889,421852,0,35,0,14-3-28 7:10:3,1
I5FX6BP4GU,106.774,22.0889,421852,0,35,0,14-3-28 7:12:5,1
I5FX6BP4GU,106.774,22.0889,421852,0,35,0,14-3-28 7:12:45,1
I5FX6BP4GU,106.774,22.0889,421852,0,35,0,14-3-28 7:14:5,1
I5FX6BP4GU,106.774,22.0889,421852,0,35,0,14-3-28 7:16:9,1
I5FX6BP4GU,106.774,22.0889,421852,0,35,0,14-3-28 7:17:48,1
I5FX6BP4GU,106.774,22.0889,421852,0,35,0,14-3-28 7:18:9,1
I5FX6BP4GU,106.774,22.0889,421852,0,35,0,14-3-28 7:20:9,1
I5FX6BP4GU,106.774,22.0889,421852,0,35,0,14-3-28 7:22:11,1
I5FX6BP4GU,106.774,22.0889,421852,0,35,0,14-3-28 7:22:51,1
I5FX6BP4GU,106.774,22.0889,421852,0,35,0,14-3-28 7:24:11,1
I5FX6BP4GU,106.774,22.0889,421852,0,35,0,14-3-28 7:26:15,1
I5FX6BP4GU,106.774,22.0889,421852,0,35,0,14-3-28 7:27:54,1
I5FX6BP4GU,106.774,22.0889,421852,0,35,0,14-3-28 7:28:15,1
I5FX6BP4GU,106.774,22.0889,421852,0,35,0,14-3-28 7:30:15,1
I5FX6BP4GU,106.774,22.0889,421852,0,35,0,14-3-28 7:32:17,1
I5FX6BP4GU,106.774,22.0889,421852,0,35,0,14-3-28 7:32:57,1
I5FX6BP4GU,106.774,22.0889,421852,0,35,0,14-3-28 7:34:17,1
I5FX6BP4GU,106.774,22.0889,421852,0,35,0,14-3-28 7:36:21,1
I5FX6BP4GU,106.774,22.0889,421852,0,35,0,14-3-28 7:38:0,1
I5FX6BP4GU,106.774,22.0889,421852,0,35,0,14-3-28 7:38:21,1
I5FX6BP4GU,106.774,22.0889,421852,0,35,0,14-3-28 7:40:21,1
I5FX6BP4GU,106.774,22.0889,421852,0,35,0,14-3-28 7:42:21,1
I5FX6BP4GU,106.774,22.0889,421852,0,35,0,14-3-28 7:43:3,1
I5FX6BP4GU,106.774,22.0889,421852,0,35,0,14-3-28 7:44:23,1
I5FX6BP4GU,106.774,22.0889,421852,0,35,0,14-3-28 7:46:27,1
I5FX6BP4GU,106.774,22.0889,421852,0,35,0,14-3-28 7:48:6,1
I5FX6BP4GU,106.774,22.0889,421852,0,35,0,14-3-28 7:48:26,1
I5FX6BP4GU,106.774,22.0889,421852,0,35,0,14-3-28 7:50:27,1
I5FX6BP4GU,106.774,22.0889,421852,0,35,0,14-3-28 7:52:28,1
I5FX6BP4GU,106.774,22.0889,421852,0,35,0,14-3-28 7:53:9,1
I5FX6BP4GU,106.774,22.0889,421852,0,35,0,14-3-28 7:54:29,1
I5FX6BP4GU,106.774,22.0889,421852,0,35,0,14-3-28 7:56:33,1
I5FX6BP4GU,106.774,22.0889,421852,0,35,0,14-3-28 7:58:12,1
I5FX6BP4GU,106.774,22.0889,421852,0,35,0,14-3-28 7:58:33,1
I5FX6BP4GU,106.774,22.0889,421852,0,35,0,14-3-28 8:0:33,1
I5FX6BP4GU,106.774,22.0889,421852,0,35,0,14-3-28 8:2:34,1
I5FX6BP4GU,106.774,22.0889,421852,0,35,0,14-3-28 8:3:15,1
I5FX6BP4GU,106.774,22.0889,421852,0,35,0,14-3-28 8:4:35,1
I5FX6BP4GU,106.774,22.0889,421852,0,35,0,14-3-28 8:6:39,1
I5FX6BP4GU,106.774,22.0889,421852,0,35,0,14-3-28 8:8:18,1
I5FX6BP4GU,106.774,22.0889,421852,0,35,0,14-3-28 8:8:38,1
I5FX6BP4GU,106.774,22.0889,421852,0,35,0,14-3-28 8:10:39,1
I5FX6BP4GU,106.774,22.0889,421852,0,35,0,14-3-28 8:12:40,1
I5FX6BP4GU,106.774,22.0889,421852,0,35,0,14-3-28 8:13:21,1
I5FX6BP4GU,106.774,22.0889,421852,0,35,0,14-3-28 8:14:41,1
I5FX6BP4GU,106.774,22.0889,421852,0,35,0,14-3-28 8:16:45,1
I5FX6BP4GU,106.774,22.0889,421852,0,35,0,14-3-28 8:18:24,1
I5FX6BP4GU,106.774,22.0889,421852,0,35,0,14-3-28 8:18:44,1
I5FX6BP4GU,106.774,22.0889,421852,0,35,0,14-3-28 8:20:45,1
I5FX6BP4GU,106.774,22.0889,421852,0,35,0,14-3-28 8:22:46,1
I5FX6BP4GU,106.774,22.0889,421852,0,35,0,14-3-28 8:23:27,1
I5FX6BP4GU,106.774,22.0889,421852,0,35,0,14-3-28 8:24:47,1
I5FX6BP4GU,106.774,22.0889,421852,0,35,0,14-3-28 8:26:50,1
I5FX6BP4GU,106.774,22.0889,421852,0,35,0,14-3-28 8:28:30,1
I5FX6BP4GU,106.774,22.0889,421852,0,35,0,14-3-28 8:28:50,1
I5FX6BP4GU,106.774,22.0889,421852,0,35,0,14-3-28 8:30:51,1
I5FX6BP4GU,106.774,22.0889,421852,0,35,0,14-3-28 8:32:52,1
I5FX6BP4GU,106.774,22.0889,421852,0,35,0,14-3-28 8:33:33,1
I5FX6BP4GU,106.774,22.0889,421852,0,35,0,14-3-28 8:34:53,1
I5FX6BP4GU,106.774,22.0889,421852,0,35,0,14-3-28 8:36:56,1
I5FX6BP4GU,106.774,22.0889,421852,0,35,0,14-3-28 8:38:36,1
I5FX6BP4GU,106.774,22.0889,421852,0,35,0,14-3-28 8:38:56,1
I5FX6BP4GU,106.774,22.0889,421852,0,35,0,14-3-28 8:40:56,1
I5FX6BP4GU,106.774,22.0889,421852,0,35,0,14-3-28 8:42:57,1
I5FX6BP4GU,106.774,22.0889,421852,0,35,0,14-3-28 8:43:39,1
I5FX6BP4GU,106.774,22.0889,421852,0,35,0,14-3-28 8:44:59,1
I5FX6BP4GU,106.774,22.0889,421852,0,35,0,14-3-28 8:47:2,1
I5FX6BP4GU,106.774,22.0889,421852,0,35,0,14-3-28 8:48:42,1
I5FX6BP4GU,106.774,22.0889,421852,0,35,0,14-3-28 8:49:2,1
I5FX6BP4GU,106.774,22.0889,421852,0,35,0,14-3-28 8:51:3,1
I5FX6BP4GU,106.774,22.0889,421852,0,35,0,14-3-28 8:53:4,1
I5FX6BP4GU,106.774,22.0889,421852,0,35,0,14-3-28 8:53:45,1
I5FX6BP4GU,106.774,22.0889,421852,0,35,0,14-3-28 8:55:5,1
I5FX6BP4GU,106.774,22.0889,421852,0,35,0,14-3-28 8:57:8,1
I5FX6BP4GU,106.774,22.0889,421852,0,35,0,14-3-28 8:58:48,1
I5FX6BP4GU,106.774,22.0889,421852,0,35,0,14-3-28 8:59:8,1
I5FX6BP4GU,106.774,22.0889,421852,0,35,0,14-3-28 9:1:9,1
I5FX6BP4GU,106.774,22.0889,421852,0,35,0,14-3-28 9:3:9,1
I5FX6BP4GU,106.774,22.0889,421852,0,35,0,14-3-28 9:3:50,1
I5FX6BP4GU,106.774,22.0889,421852,0,35,0,14-3-28 9:5:11,1
I5FX6BP4GU,106.774,22.0889,421852,0,35,0,14-3-28 9:7:14,1
I5FX6BP4GU,106.774,22.0889,421852,0,35,0,14-3-28 9:8:53,1
I5FX6BP4GU,106.774,22.0889,421852,0,35,0,14-3-28 9:9:14,1
I5FX6BP4GU,106.774,22.0889,421852,0,35,0,14-3-28 9:11:14,1
I5FX6BP4GU,106.774,22.0889,421852,0,35,0,14-3-28 9:13:15,1
I5FX6BP4GU,106.774,22.0889,421852,0,35,0,14-3-28 9:13:56,1
I5FX6BP4GU,106.774,22.0889,421852,0,35,0,14-3-28 9:15:16,1
I5FX6BP4GU,106.774,22.0889,421852,0,35,0,14-3-28 9:17:20,1
I5FX6BP4GU,106.774,22.0889,421852,0,35,0,14-3-28 9:18:59,1
I5FX6BP4GU,106.774,22.0889,421852,0,35,0,14-3-28 9:19:20,1
I5FX6BP4GU,106.774,22.0889,421852,0,35,0,14-3-28 9:21:20,1
I5FX6BP4GU,106.774,22.0889,421852,0,35,0,14-3-28 9:23:22,1
I5FX6BP4GU,106.774,22.0889,421852,0,35,0,14-3-28 9:24:2,1
I5FX6BP4GU,106.774,22.0889,421852,0,35,0,14-3-28 9:25:22,1
I5FX6BP4GU,106.774,22.0889,421852,0,35,0,14-3-28 9:27:26,1
I5FX6BP4GU,106.774,22.0889,421852,0,35,0,14-3-28 9:29:5,1
I5FX6BP4GU,106.774,22.0889,421852,0,35,0,14-3-28 9:29:26,1
I5FX6BP4GU,106.774,22.0889,421852,0,35,0,14-3-28 9:31:26,1
I5FX6BP4GU,106.774,22.0889,421852,0,35,0,14-3-28 9:33:28,1
I5FX6BP4GU,106.774,22.0889,421852,0,35,0,14-3-28 9:34:8,1
I5FX6BP4GU,106.774,22.0889,421852,0,35,0,14-3-28 9:37:32,1
I5FX6BP4GU,106.774,22.0889,421852,0,35,0,14-3-28 9:41:32,1
I5FX6BP4GU,106.774,22.0889,421852,0,35,0,14-3-28 9:43:33,1
I5FX6BP4GU,106.774,22.0889,421852,0,35,0,14-3-28 9:45:34,1
I5FX6BP4GU,106.774,22.0889,421852,0,35,0,14-3-28 9:47:38,1
I5FX6BP4GU,106.774,22.0889,421852,0,35,0,14-3-28 9:48:25,1
I5FX6BP4GU,106.774,22.0889,421852,0,35,0,14-3-28 9:48:31,1
I5FX6BP4GU,106.774,22.0889,421852,0,35,0,14-3-28 9:51:39,1
I5FX6BP4GU,106.774,22.0889,421852,0,35,0,14-3-28 9:53:26,1
I5FX6BP4GU,106.774,22.0889,421852,0,35,0,14-3-28 9:53:40,1
I5FX6BP4GU,106.774,22.0889,421852,0,35,0,14-3-28 9:55:40,1
I5FX6BP4GU,106.774,22.0889,421852,0,35,0,14-3-28 9:57:44,1
I5FX6BP4GU,106.774,22.0889,421852,0,35,0,14-3-28 9:58:27,1
I5FX6BP4GU,106.774,22.0889,421852,0,35,0,14-3-28 9:59:44,1
I5FX6BP4GU,106.774,22.0889,421852,0,35,0,14-3-28 10:1:44,1
I5FX6BP4GU,106.774,22.0889,421852,0,35,0,14-3-28 10:3:27,1
I5FX6BP4GU,106.774,22.0889,421852,0,35,0,14-3-28 10:3:46,1
I5FX6BP4GU,106.774,22.0889,421852,0,35,0,14-3-28 10:5:46,1
I5FX6BP4GU,106.774,22.0889,421852,0,35,0,14-3-28 10:7:50,1
I5FX6BP4GU,106.774,22.0889,421852,0,35,0,14-3-28 10:8:28,1
I5FX6BP4GU,106.774,22.0889,421852,0,35,0,14-3-28 10:9:50,1
I5FX6BP4GU,106.774,22.0889,421852,0,35,0,14-3-28 10:11:50,1
I5FX6BP4GU,106.774,22.0889,421852,0,35,0,14-3-28 10:13:30,1
I5FX6BP4GU,106.774,22.0889,421852,0,35,0,14-3-28 10:13:52,1
I5FX6BP4GU,106.774,22.0889,421852,0,35,0,14-3-28 10:15:52,1
I5FX6BP4GU,106.774,22.0889,421852,0,35,0,14-3-28 10:17:56,1
I5FX6BP4GU,106.774,22.0889,421852,0,35,0,14-3-28 10:18:30,1
I5FX6BP4GU,106.774,22.0889,421852,0,35,0,14-3-28 10:19:56,1
I5FX6BP4GU,106.774,22.0889,421852,0,35,0,14-3-28 10:21:56,1
I5FX6BP4GU,106.774,22.0889,421852,0,35,0,14-3-28 10:23:31,1
I5FX6BP4GU,106.774,22.0889,421852,0,35,0,14-3-28 10:23:58,1
I5FX6BP4GU,106.774,22.0889,421852,0,35,0,14-3-28 10:25:58,1
I5FX6BP4GU,106.774,22.0889,421852,0,35,0,14-3-28 10:28:2,1
I5FX6BP4GU,106.774,22.0889,421852,0,35,0,14-3-28 10:28:32,1
I5FX6BP4GU,106.774,22.0889,421852,0,35,0,14-3-28 10:30:2,1
I5FX6BP4GU,106.774,22.0889,421852,0,35,0,14-3-28 10:32:2,1
I5FX6BP4GU,106.774,22.0889,421852,0,35,0,14-3-28 10:33:33,1
I5FX6BP4GU,106.774,22.0889,421852,0,35,0,14-3-28 10:34:3,1
I5FX6BP4GU,106.774,22.0889,421852,0,35,0,14-3-28 10:36:4,1
I5FX6BP4GU,106.774,22.0889,421852,0,35,0,14-3-28 10:38:8,1
I5FX6BP4GU,106.774,22.0889,421852,0,35,0,14-3-28 10:38:35,1
I5FX6BP4GU,106.774,22.0889,421852,0,35,0,14-3-28 10:40:8,1
I5FX6BP4GU,106.774,22.0889,421852,0,35,0,14-3-28 10:42:8,1
I5FX6BP4GU,106.774,22.0889,421852,0,35,0,14-3-28 10:43:38,1
I5FX6BP4GU,106.774,22.0889,421852,0,35,0,14-3-28 10:44:9,1
I5FX6BP4GU,106.774,22.0889,421852,0,35,0,14-3-28 10:46:10,1
I5FX6BP4GU,106.774,22.0889,421852,0,35,0,14-3-28 10:48:14,1
I5FX6BP4GU,106.774,22.0889,421852,0,35,0,14-3-28 10:48:41,1
I5FX6BP4GU,106.774,22.0889,421852,0,35,0,14-3-28 10:50:13,1
I5FX6BP4GU,106.774,22.0889,421852,0,35,0,14-3-28 10:52:14,1
I5FX6BP4GU,106.774,22.0889,421852,0,35,0,14-3-28 10:53:44,1
I5FX6BP4GU,106.774,22.0889,421852,0,35,0,14-3-28 10:54:15,1
I5FX6BP4GU,106.774,22.0889,421852,0,35,0,14-3-28 10:56:16,1
I5FX6BP4GU,106.774,22.0889,421852,0,35,0,14-3-28 10:58:20,1
I5FX6BP4GU,106.774,22.0889,421852,0,35,0,14-3-28 10:58:47,1
I5FX6BP4GU,106.774,22.0889,421852,0,35,0,14-3-28 11:0:19,1
I5FX6BP4GU,106.774,22.0889,421852,0,35,0,14-3-28 11:2:20,1
I5FX6BP4GU,106.774,22.0889,421852,0,35,0,14-3-28 11:3:50,1
I5FX6BP4GU,106.774,22.0889,421852,0,35,0,14-3-28 11:4:21,1
I5FX6BP4GU,106.774,22.0889,421852,0,35,0,14-3-28 11:6:22,1
I5FX6BP4GU,106.774,22.0889,421852,0,35,0,14-3-28 11:8:25,0
I5FX6BP4GU,106.774,22.0889,421852,0,35,0,14-3-28 11:8:52,0
I5FX6BP4GU,107.828,24.7309,421852,0,145,0,14-3-28 11:12:25,1
I5FX6BP4GU,107.828,24.7309,421852,0,145,0,14-3-28 11:13:56,1
I5FX6BP4GU,107.828,24.7309,421852,0,145,0,14-3-28 11:14:26,1
I5FX6BP4GU,107.828,24.7309,421852,0,145,0,14-3-28 11:16:28,1
I5FX6BP4GU,107.828,24.7309,421852,0,145,0,14-3-28 11:18:31,0
I5FX6BP4GU,107.828,24.7309,421852,0,145,0,14-3-28 11:18:58,0
I5FX6BP4GU,107.771,24.7823,421852,0,0,0,14-3-28 11:20:31,1
I5FX6BP4GU,107.771,24.7823,421852,0,0,0,14-3-28 11:22:32,1
I5FX6BP4GU,107.771,24.7823,421852,0,0,0,14-3-28 11:24:2,1
I5FX6BP4GU,107.771,24.7823,421852,0,0,0,14-3-28 11:24:33,1
I5FX6BP4GU,107.771,24.7823,421852,0,0,0,14-3-28 11:26:34,0
I5FX6BP4GU,107.778,24.8162,421852,0,175,0,14-3-28 11:28:37,1
I5FX6BP4GU,107.778,24.8162,421852,0,175,0,14-3-28 11:29:5,1
I5FX6BP4GU,107.778,24.8162,421852,0,175,0,14-3-28 11:30:37,1
I5FX6BP4GU,107.778,24.8162,421852,0,175,0,14-3-28 11:32:38,1
I5FX6BP4GU,107.778,24.8162,421852,0,175,0,14-3-28 11:34:8,1
I5FX6BP4GU,107.778,24.8162,421852,0,175,0,14-3-28 11:34:39,1
I5FX6BP4GU,107.778,24.8162,421852,0,175,0,14-3-28 11:36:40,1
I5FX6BP4GU,107.778,24.8162,421852,0,175,0,14-3-28 11:38:43,1
I5FX6BP4GU,107.778,24.8162,421852,0,175,0,14-3-28 11:39:11,1
I5FX6BP4GU,107.778,24.8162,421852,0,175,0,14-3-28 11:40:43,1
I5FX6BP4GU,107.778,24.8162,421852,0,175,0,14-3-28 11:42:44,1
I5FX6BP4GU,107.778,24.8162,421852,0,175,0,14-3-28 11:44:14,1
I5FX6BP4GU,107.778,24.8162,421852,0,175,0,14-3-28 11:44:45,1
I5FX6BP4GU,107.778,24.8162,421852,0,175,0,14-3-28 11:46:46,1
I5FX6BP4GU,107.778,24.8162,421852,0,175,0,14-3-28 11:48:49,1
I5FX6BP4GU,107.778,24.8162,421852,0,175,0,14-3-28 11:49:16,1
I5FX6BP4GU,107.778,24.8162,421852,0,175,0,14-3-28 11:50:49,1
I5FX6BP4GU,107.778,24.8162,421852,0,175,0,14-3-28 11:52:49,1
I5FX6BP4GU,107.778,24.8162,421852,0,175,0,14-3-28 11:54:19,1
I5FX6BP4GU,107.778,24.8162,421852,0,175,0,14-3-28 11:54:51,1
I5FX6BP4GU,107.778,24.8162,421852,0,175,0,14-3-28 11:56:51,1
I5FX6BP4GU,107.778,24.8162,421852,0,175,0,14-3-28 11:58:55,1
I5FX6BP4GU,107.778,24.8162,421852,0,175,0,14-3-28 11:59:22,1
I5FX6BP4GU,107.778,24.8162,421852,0,175,0,14-3-28 12:0:56,1
I5FX6BP4GU,107.778,24.8162,421852,0,175,0,14-3-28 12:4:57,0
I5FX6BP4GU,107.625,24.9937,421852,0,150,0,14-3-28 12:6:57,1
I5FX6BP4GU,107.625,24.9937,421852,0,150,0,14-3-28 12:9:1,0
I5FX6BP4GU,107.625,24.9937,421852,0,150,0,14-3-28 12:10:6,0
I5FX6BP4GU,107.595,25.012,421852,0,165,0,14-3-28 12:11:1,1
I5FX6BP4GU,107.595,25.012,421852,0,165,0,14-3-28 12:13:1,1
I5FX6BP4GU,107.595,25.012,421852,0,165,0,14-3-28 12:15:7,0
I5FX6BP4GU,107.553,25.0419,421852,0,140,0,14-3-28 12:17:3,0
I5FX6BP4GU,107.54,25.0568,421852,0,160,0,14-3-28 12:19:7,1
I5FX6BP4GU,107.54,25.0568,421852,0,160,0,14-3-28 12:20:8,1
I5FX6BP4GU,107.54,25.0568,421852,0,160,0,14-3-28 12:21:7,0
I5FX6BP4GU,107.525,25.0866,421852,0,165,0,14-3-28 12:23:7,1
I5FX6BP4GU,107.525,25.0866,421852,0,165,0,14-3-28 12:25:9,1
I5FX6BP4GU,107.519,25.1197,421852,0,10,0,14-3-28 12:27:9,1
I5FX6BP4GU,107.519,25.1197,421852,0,10,0,14-3-28 12:29:13,1
I5FX6BP4GU,107.519,25.1197,421852,0,10,0,14-3-28 12:30:10,1
I5FX6BP4GU,107.519,25.1197,421852,0,10,0,14-3-28 12:31:13,1
I5FX6BP4GU,107.519,25.1197,421852,0,10,0,14-3-28 12:33:13,1
I5FX6BP4GU,107.519,25.1197,421852,0,10,0,14-3-28 12:35:15,1
I5FX6BP4GU,107.519,25.1197,421852,0,10,0,14-3-28 12:37:15,1
I5FX6BP4GU,107.519,25.1197,421852,0,10,0,14-3-28 12:39:19,1
I5FX6BP4GU,107.519,25.1197,421852,0,10,0,14-3-28 12:40:12,1
I5FX6BP4GU,107.519,25.1197,421852,0,10,0,14-3-28 12:41:19,1
I5FX6BP4GU,107.519,25.1197,421852,0,10,0,14-3-28 12:43:19,1
I5FX6BP4GU,107.454,25.224,421852,0,165,0,14-3-28 12:45:37,1
I5FX6BP4GU,107.454,25.224,421852,0,165,0,14-3-28 12:45:49,1
I5FX6BP4GU,107.454,25.224,421852,0,165,0,14-3-28 12:47:22,1
I5FX6BP4GU,107.454,25.224,421852,0,165,0,14-3-28 12:49:25,1
I5FX6BP4GU,107.454,25.224,421852,0,165,0,14-3-28 12:50:52,1
I5FX6BP4GU,107.454,25.224,421852,0,165,0,14-3-28 12:51:25,1
I5FX6BP4GU,107.454,25.224,421852,0,165,0,14-3-28 12:53:25,1
I5FX6BP4GU,107.454,25.224,421852,0,165,0,14-3-28 12:55:27,0
I5FX6BP4GU,107.424,25.2705,421852,0,170,0,14-3-28 12:55:55,1
I5FX6BP4GU,107.425,25.2913,421852,0,10,0,14-3-28 13:2:42,1
I5FX6BP4GU,107.425,25.2913,421852,0,10,0,14-3-28 13:2:52,1
I5FX6BP4GU,107.425,25.2913,421852,0,10,0,14-3-28 13:5:33,1
I5FX6BP4GU,107.425,25.2913,421852,0,10,0,14-3-28 13:7:32,1
I5FX6BP4GU,107.425,25.2913,421852,0,10,0,14-3-28 13:7:43,1
I5FX6BP4GU,107.425,25.2913,421852,0,10,0,14-3-28 13:9:33,1
I5FX6BP4GU,107.425,25.2913,421852,0,10,0,14-3-28 13:11:34,1
I5FX6BP4GU,107.425,25.2913,421852,0,10,0,14-3-28 13:12:44,1
I5FX6BP4GU,107.425,25.2913,421852,0,10,0,14-3-28 13:13:35,1
I5FX6BP4GU,107.437,25.4365,421852,0,170,0,14-3-28 13:15:35,1
I5FX6BP4GU,107.437,25.4365,421852,0,170,0,14-3-28 13:17:35,1
I5FX6BP4GU,107.437,25.4365,421852,0,170,0,14-3-28 13:17:45,1
I5FX6BP4GU,107.437,25.4365,421852,0,170,0,14-3-28 13:19:35,1
I5FX6BP4GU,107.437,25.4365,421852,0,170,0,14-3-28 13:21:35,1
I5FX6BP4GU,107.437,25.4365,421852,0,170,0,14-3-28 13:22:46,1
I5FX6BP4GU,107.437,25.4365,421852,0,170,0,14-3-28 13:23:35,1
I5FX6BP4GU,107.437,25.4365,421852,0,170,0,14-3-28 13:25:35,1
I5FX6BP4GU,107.48,25.5531,421852,0,20,0,14-3-28 13:27:47,1
I5FX6BP4GU,107.48,25.5531,421852,0,20,0,14-3-28 13:29:39,1
I5FX6BP4GU,107.48,25.5531,421852,0,20,0,14-3-28 13:31:39,1
I5FX6BP4GU,107.48,25.5531,421852,0,20,0,14-3-28 13:32:48,1
I5FX6BP4GU,107.48,25.5531,421852,0,20,0,14-3-28 13:33:39,1
I5FX6BP4GU,107.48,25.5531,421852,0,20,0,14-3-28 13:35:39,1
I5FX6BP4GU,107.48,25.5531,421852,0,20,0,14-3-28 13:37:49,1
I5FX6BP4GU,107.48,25.5531,421852,0,20,0,14-3-28 13:39:45,1
I5FX6BP4GU,107.48,25.5531,421852,0,20,0,14-3-28 13:41:45,1
I5FX6BP4GU,107.48,25.5531,421852,0,20,0,14-3-28 13:42:51,1
I5FX6BP4GU,107.48,25.5531,421852,0,20,0,14-3-28 13:43:45,1
I5FX6BP4GU,107.48,25.5531,421852,0,20,0,14-3-28 13:45:45,1
I5FX6BP4GU,107.48,25.5531,421852,0,20,0,14-3-28 13:47:51,1
I5FX6BP4GU,107.48,25.5531,421852,0,20,0,14-3-28 13:49:51,1
I5FX6BP4GU,107.48,25.5531,421852,0,20,0,14-3-28 13:51:51,1
I5FX6BP4GU,107.48,25.5531,421852,0,20,0,14-3-28 13:52:53,1
I5FX6BP4GU,107.48,25.5531,421852,0,20,0,14-3-28 13:53:51,1
I5FX6BP4GU,107.48,25.5531,421852,0,20,0,14-3-28 13:55:51,1
I5FX6BP4GU,107.48,25.5531,421852,0,20,0,14-3-28 13:57:57,1
I5FX6BP4GU,107.48,25.5531,421852,0,20,0,14-3-28 13:59:57,1
I5FX6BP4GU,107.48,25.5531,421852,0,20,0,14-3-28 14:1:57,1
I5FX6BP4GU,107.48,25.5531,421852,0,20,0,14-3-28 14:2:59,1
I5FX6BP4GU,107.48,25.5531,421852,0,20,0,14-3-28 14:3:57,1
I5FX6BP4GU,107.48,25.5531,421852,0,20,0,14-3-28 14:5:58,1
I5FX6BP4GU,107.48,25.5531,421852,0,20,0,14-3-28 14:8:3,1
I5FX6BP4GU,107.48,25.5531,421852,0,20,0,14-3-28 14:10:3,1
I5FX6BP4GU,107.553,25.9312,421852,0,0,0,14-3-28 14:12:3,1
I5FX6BP4GU,107.553,25.9312,421852,0,0,0,14-3-28 14:13:5,1
I5FX6BP4GU,107.553,25.9312,421852,0,0,0,14-3-28 14:14:3,1
I5FX6BP4GU,107.553,25.9312,421852,0,0,0,14-3-28 14:16:3,1
I5FX6BP4GU,107.553,25.9312,421852,0,0,0,14-3-28 14:18:8,1
I5FX6BP4GU,107.555,25.9823,421852,0,175,0,14-3-28 14:20:9,1
I5FX6BP4GU,107.537,25.9977,421852,0,145,0,14-3-28 14:22:9,1
I5FX6BP4GU,107.537,25.9977,421852,0,145,0,14-3-28 14:23:11,1
I5FX6BP4GU,107.537,25.9977,421852,0,145,0,14-3-28 14:24:10,1
I5FX6BP4GU,107.537,25.9977,421852,0,145,0,14-3-28 14:26:10,1
I5FX6BP4GU,107.537,25.9977,421852,0,145,0,14-3-28 14:28:23,1
I5FX6BP4GU,107.537,25.9977,421852,0,145,0,14-3-28 14:30:14,1
I5FX6BP4GU,107.537,25.9977,421852,0,145,0,14-3-28 14:32:14,1
I5FX6BP4GU,107.537,25.9977,421852,0,145,0,14-3-28 14:33:23,1
I5FX6BP4GU,107.537,25.9977,421852,0,145,0,14-3-28 14:36:14,1
I5FX6BP4GU,107.537,25.9977,421852,0,145,0,14-3-28 14:38:24,1
I5FX6BP4GU,107.537,25.9977,421852,0,145,0,14-3-28 14:40:21,1
I5FX6BP4GU,107.537,25.9977,421852,0,145,0,14-3-28 14:42:21,1
I5FX6BP4GU,107.537,25.9977,421852,0,145,0,14-3-28 14:43:25,1
I5FX6BP4GU,107.537,25.9977,421852,0,145,0,14-3-28 14:44:21,1
I5FX6BP4GU,107.537,25.9977,421852,0,145,0,14-3-28 14:46:21,1
I5FX6BP4GU,107.537,25.9977,421852,0,145,0,14-3-28 14:48:26,1
I5FX6BP4GU,107.537,25.9977,421852,0,145,0,14-3-28 14:50:27,1
I5FX6BP4GU,107.537,25.9977,421852,0,145,0,14-3-28 14:52:31,1
I5FX6BP4GU,107.537,25.9977,421852,0,145,0,14-3-28 14:53:27,1
I5FX6BP4GU,107.537,25.9977,421852,0,145,0,14-3-28 14:54:31,1
I5FX6BP4GU,107.537,25.9977,421852,0,145,0,14-3-28 14:56:31,1
I5FX6BP4GU,107.537,25.9977,421852,0,145,0,14-3-28 14:58:31,1
I5FX6BP4GU,107.537,25.9977,421852,0,145,0,14-3-28 15:0:31,1
I5FX6BP4GU,107.537,25.9977,421852,0,145,0,14-3-28 15:2:37,1
I5FX6BP4GU,107.537,25.9977,421852,0,145,0,14-3-28 15:3:29,1
I5FX6BP4GU,107.537,25.9977,421852,0,145,0,14-3-28 15:4:37,1
I5FX6BP4GU,107.537,25.9977,421852,0,145,0,14-3-28 15:6:37,1
I5FX6BP4GU,107.537,25.9977,421852,0,145,0,14-3-28 15:8:30,1
I5FX6BP4GU,107.537,25.9977,421852,0,145,0,14-3-28 15:8:39,1
I5FX6BP4GU,107.537,25.9977,421852,0,145,0,14-3-28 15:10:40,1
I5FX6BP4GU,107.537,25.9977,421852,0,145,0,14-3-28 15:12:43,1
I5FX6BP4GU,107.537,25.9977,421852,0,145,0,14-3-28 15:13:32,1
I5FX6BP4GU,107.537,25.9977,421852,0,145,0,14-3-28 15:14:43,1
I5FX6BP4GU,107.537,25.9977,421852,0,145,0,14-3-28 15:16:43,1
I5FX6BP4GU,107.537,25.9977,421852,0,145,0,14-3-28 15:18:35,1
I5FX6BP4GU,107.537,25.9977,421852,0,145,0,14-3-28 15:18:45,1
I5FX6BP4GU,107.537,25.9977,421852,0,145,0,14-3-28 15:20:46,1
I5FX6BP4GU,107.537,25.9977,421852,0,145,0,14-3-28 15:22:49,1
I5FX6BP4GU,107.537,25.9977,421852,0,145,0,14-3-28 15:23:38,1
I5FX6BP4GU,107.537,25.9977,421852,0,145,0,14-3-28 15:24:49,1
I5FX6BP4GU,107.537,25.9977,421852,0,145,0,14-3-28 15:26:49,1
I5FX6BP4GU,107.537,25.9977,421852,0,145,0,14-3-28 15:28:41,1
I5FX6BP4GU,107.537,25.9977,421852,0,145,0,14-3-28 15:28:51,1
I5FX6BP4GU,107.537,25.9977,421852,0,145,0,14-3-28 15:30:52,1
I5FX6BP4GU,107.537,25.9977,421852,0,145,0,14-3-28 15:32:55,1
I5FX6BP4GU,107.537,25.9977,421852,0,145,0,14-3-28 15:33:44,0
I5FX6BP4GU,107.537,25.9977,421852,0,145,0,14-3-28 15:34:55,0
I5FX6BP4GU,107.537,25.9977,421852,0,145,0,14-3-28 15:36:55,0
I5FX6BP4GU,107.461,26.2528,421852,0,155,0,14-3-28 15:38:48,0
I5FX6BP4GU,107.461,26.2528,421852,0,155,0,14-3-28 15:38:56,0
I5FX6BP4GU,107.445,26.2672,421852,0,150,0,14-3-28 15:40:56,0
I5FX6BP4GU,107.43,26.2736,421852,0,145,0,14-3-28 15:42:56,0
I5FX6BP4GU,107.43,26.2736,421852,0,145,0,14-3-28 15:43:52,0
I5FX6BP4GU,107.43,26.2736,421852,0,145,0,14-3-28 15:44:56,0
I5FX6BP4GU,107.43,26.2736,421852,0,145,0,14-3-28 15:46:56,0
I5FX6BP4GU,107.391,26.2856,421852,0,135,0,14-3-28 15:49:2,1
I5FX6BP4GU,107.391,26.2856,421852,0,135,0,14-3-28 15:51:3,1
I5FX6BP4GU,107.391,26.2856,421852,0,135,0,14-3-28 15:53:8,1
I5FX6BP4GU,107.391,26.2856,421852,0,135,0,14-3-28 15:54:2,0
I5FX6BP4GU,107.391,26.2856,421852,0,135,0,14-3-28 15:55:8,0
I5FX6BP4GU,107.391,26.2856,421852,0,135,0,14-3-28 15:57:8,0
I5FX6BP4GU,107.391,26.2856,421852,0,135,0,14-3-28 15:59:8,0
I5FX6BP4GU,107.391,26.2856,421852,0,135,0,14-3-28 16:1:8,0
I5FX6BP4GU,107.292,26.2983,421852,0,145,0,14-3-28 16:3:15,1
I5FX6BP4GU,107.292,26.2983,421852,0,145,0,14-3-28 16:4:4,0
I5FX6BP4GU,107.26,26.3103,421852,0,140,0,14-3-28 16:5:13,0
I5FX6BP4GU,107.249,26.3155,421852,0,150,0,14-3-28 16:7:13,1
I5FX6BP4GU,107.226,26.3241,421852,0,140,0,14-3-28 16:9:5,1
I5FX6BP4GU,107.226,26.3241,421852,0,140,0,14-3-28 16:9:14,1
I5FX6BP4GU,107.208,26.3312,421852,0,135,0,14-3-28 16:11:13,1
I5FX6BP4GU,107.188,26.3329,421852,0,135,0,14-3-28 16:13:13,1
I5FX6BP4GU,107.188,26.3329,421852,0,135,0,14-3-28 16:14:6,1
I5FX6BP4GU,107.188,26.3329,421852,0,135,0,14-3-28 16:15:14,1
I5FX6BP4GU,107.188,26.3329,421852,0,135,0,14-3-28 16:17:14,0
I5FX6BP4GU,107.144,26.3766,421852,0,145,0,14-3-28 16:19:9,1
I5FX6BP4GU,107.144,26.3766,421852,0,145,0,14-3-28 16:19:14,1
I5FX6BP4GU,107.144,26.3766,421852,0,145,0,14-3-28 16:21:14,1
I5FX6BP4GU,107.144,26.3766,421852,0,145,0,14-3-28 16:23:14,1
I5FX6BP4GU,107.144,26.3766,421852,0,145,0,14-3-28 16:25:15,1
I5FX6BP4GU,107.144,26.3766,421852,0,145,0,14-3-28 16:27:15,1
I5FX6BP4GU,107.092,26.4055,421852,0,145,0,14-3-28 16:29:15,1
I5FX6BP4GU,107.092,26.4055,421852,0,145,0,14-3-28 16:31:18,1
I5FX6BP4GU,107.092,26.4055,421852,0,145,0,14-3-28 16:32:18,1
I5FX6BP4GU,107.092,26.4055,421852,0,145,0,14-3-28 16:32:30,1
I5FX6BP4GU,107.092,26.4055,421852,0,145,0,14-3-28 16:32:36,1
I5FX6BP4GU,107.092,26.4055,421852,0,145,0,14-3-28 16:35:29,1
I5FX6BP4GU,107.092,26.4055,421852,0,145,0,14-3-28 16:37:30,0
I5FX6BP4GU,107.092,26.4055,421852,0,145,0,14-3-28 16:39:29,0
I5FX6BP4GU,107.038,26.4251,421852,0,145,0,14-3-28 16:41:29,1
I5FX6BP4GU,107.038,26.4251,421852,0,145,0,14-3-28 16:42:31,0
I5FX6BP4GU,107.038,26.4251,421852,0,145,0,14-3-28 16:42:53,0
I5FX6BP4GU,107.038,26.4251,421852,0,145,0,14-3-28 16:43:29,0
I5FX6BP4GU,106.995,26.4404,421852,0,140,0,14-3-28 16:45:30,0
I5FX6BP4GU,106.964,26.4369,421852,0,140,0,14-3-28 16:47:43,1
I5FX6BP4GU,106.964,26.4369,421852,0,140,0,14-3-28 16:49:43,1
I5FX6BP4GU,106.964,26.4369,421852,0,140,0,14-3-28 16:51:44,1
I5FX6BP4GU,106.964,26.4369,421852,0,140,0,14-3-28 16:52:43,1
I5FX6BP4GU,106.964,26.4369,421852,0,140,0,14-3-28 16:53:47,0
I5FX6BP4GU,106.964,26.4369,421852,0,140,0,14-3-28 16:55:47,0
I5FX6BP4GU,106.964,26.4369,421852,0,140,0,14-3-28 16:57:44,0
I5FX6BP4GU,106.964,26.4369,421852,0,140,0,14-3-28 16:57:47,0
I5FX6BP4GU,106.88,26.4564,421852,0,135,0,14-3-28 16:59:48,1
I5FX6BP4GU,106.88,26.4564,421852,0,135,0,14-3-28 17:1:48,1
I5FX6BP4GU,106.88,26.4564,421852,0,135,0,14-3-28 17:2:54,1
I5FX6BP4GU,106.88,26.4564,421852,0,135,0,14-3-28 17:3:54,1
I5FX6BP4GU,106.88,26.4564,421852,0,135,0,14-3-28 17:7:30,1
I5FX6BP4GU,106.772,26.4931,421852,0,125,0,14-3-28 17:9:53,1
I5FX6BP4GU,106.772,26.4931,421852,0,125,0,14-3-28 17:11:53,1
I5FX6BP4GU,106.746,26.4742,421852,0,105,0,14-3-28 17:12:27,1
I5FX6BP4GU,106.746,26.4742,421852,0,105,0,14-3-28 17:13:59,1
I5FX6BP4GU,106.746,26.4742,421852,0,105,0,14-3-28 17:16:0,1
I5FX6BP4GU,106.746,26.4742,421852,0,105,0,14-3-28 17:17:35,0
I5FX6BP4GU,106.746,26.4742,421852,0,105,0,14-3-28 17:17:49,0
I5FX6BP4GU,106.674,26.463,421852,0,130,0,14-3-28 17:18:0,1
I5FX6BP4GU,106.661,26.4629,421852,0,135,0,14-3-28 17:20:1,1
I5FX6BP4GU,106.661,26.4629,421852,0,135,0,14-3-28 17:22:2,1
I5FX6BP4GU,106.661,26.4629,421852,0,135,0,14-3-28 17:22:52,1
I5FX6BP4GU,106.661,26.4629,421852,0,135,0,14-3-28 17:24:5,1
I5FX6BP4GU,106.661,26.4629,421852,0,135,0,14-3-28 17:26:5,1
I5FX6BP4GU,106.661,26.4629,421852,0,135,0,14-3-28 17:27:55,1
I5FX6BP4GU,106.661,26.4629,421852,0,135,0,14-3-28 17:28:5,1
I5FX6BP4GU,106.661,26.4629,421852,0,135,0,14-3-28 17:30:5,1
I5FX6BP4GU,106.601,26.5443,421852,0,155,0,14-3-28 17:32:5,1
I5FX6BP4GU,106.601,26.5443,421852,0,155,0,14-3-28 17:32:58,1
I5FX6BP4GU,106.601,26.5443,421852,0,155,0,14-3-28 17:34:11,1
I5FX6BP4GU,106.601,26.5443,421852,0,155,0,14-3-28 17:36:11,1
I5FX6BP4GU,106.601,26.5443,421852,0,155,0,14-3-28 17:38:1,1
I5FX6BP4GU,106.601,26.5443,421852,0,155,0,14-3-28 17:38:11,1
I5FX6BP4GU,106.601,26.5443,421852,0,155,0,14-3-28 17:40:11,1
I5FX6BP4GU,106.601,26.5443,421852,0,155,0,14-3-28 17:42:11,1
I5FX6BP4GU,106.601,26.5443,421852,0,155,0,14-3-28 17:43:3,1
I5FX6BP4GU,106.601,26.5443,421852,0,155,0,14-3-28 17:44:17,1
I5FX6BP4GU,106.601,26.5443,421852,0,155,0,14-3-28 17:46:17,1
I5FX6BP4GU,106.601,26.5443,421852,0,155,0,14-3-28 17:48:6,1
I5FX6BP4GU,106.601,26.5443,421852,0,155,0,14-3-28 17:48:17,1
I5FX6BP4GU,106.601,26.5443,421852,0,155,0,14-3-28 17:50:17,1
I5FX6BP4GU,106.601,26.5443,421852,0,155,0,14-3-28 17:52:17,1
I5FX6BP4GU,106.601,26.5443,421852,0,155,0,14-3-28 17:53:9,1
I5FX6BP4GU,106.601,26.5443,421852,0,155,0,14-3-28 17:54:23,1
I5FX6BP4GU,106.601,26.5443,421852,0,155,0,14-3-28 17:56:23,1
I5FX6BP4GU,106.601,26.5443,421852,0,155,0,14-3-28 17:58:12,1
I5FX6BP4GU,106.601,26.5443,421852,0,155,0,14-3-28 17:58:23,1
I5FX6BP4GU,106.601,26.5443,421852,0,155,0,14-3-28 18:0:23,1
I5FX6BP4GU,106.601,26.5443,421852,0,155,0,14-3-28 18:2:23,1
I5FX6BP4GU,106.601,26.5443,421852,0,155,0,14-3-28 18:3:15,1
I5FX6BP4GU,106.601,26.5443,421852,0,155,0,14-3-28 18:4:29,1
I5FX6BP4GU,106.692,26.7757,421852,0,30,0,14-3-28 18:6:29,1
I5FX6BP4GU,106.692,26.7757,421852,0,30,0,14-3-28 18:8:29,1
I5FX6BP4GU,106.692,26.7757,421852,0,30,0,14-3-28 18:10:29,1
I5FX6BP4GU,106.692,26.7757,421852,0,30,0,14-3-28 18:12:29,1
I5FX6BP4GU,106.703,26.8395,421852,0,10,0,14-3-28 18:14:35,1
I5FX6BP4GU,106.703,26.8395,421852,0,10,0,14-3-28 18:17:4,1
I5FX6BP4GU,106.703,26.8395,421852,0,10,0,14-3-28 18:17:9,1
I5FX6BP4GU,106.703,26.8395,421852,0,10,0,14-3-28 18:20:35,1
I5FX6BP4GU,106.703,26.8395,421852,0,10,0,14-3-28 18:22:5,1
I5FX6BP4GU,106.703,26.8395,421852,0,10,0,14-3-28 18:22:35,1
I5FX6BP4GU,106.703,26.8395,421852,0,10,0,14-3-28 18:24:41,1
I5FX6BP4GU,106.703,26.8395,421852,0,10,0,14-3-28 18:26:41,1
I5FX6BP4GU,106.703,26.8395,421852,0,10,0,14-3-28 18:27:6,1
I5FX6BP4GU,106.69,26.9791,421852,0,5,0,14-3-28 18:28:41,1
I5FX6BP4GU,106.691,26.9848,421852,0,170,0,14-3-28 18:30:41,1
I5FX6BP4GU,106.691,26.9848,421852,0,170,0,14-3-28 18:32:7,1
I5FX6BP4GU,106.691,26.9848,421852,0,170,0,14-3-28 18:32:41,1
I5FX6BP4GU,106.691,26.9848,421852,0,170,0,14-3-28 18:34:47,1
I5FX6BP4GU,106.691,26.9848,421852,0,170,0,14-3-28 18:37:8,1
I5FX6BP4GU,106.691,26.9848,421852,0,170,0,14-3-28 18:38:47,0
I5FX6BP4GU,106.708,27.0697,421852,0,160,0,14-3-28 18:40:47,1
I5FX6BP4GU,106.708,27.0697,421852,0,160,0,14-3-28 18:42:9,1
I5FX6BP4GU,106.708,27.0697,421852,0,160,0,14-3-28 18:42:47,1
I5FX6BP4GU,106.708,27.0697,421852,0,160,0,14-3-28 18:44:53,1
I5FX6BP4GU,106.708,27.0697,421852,0,160,0,14-3-28 18:47:50,1
I5FX6BP4GU,106.708,27.0697,421852,0,160,0,14-3-28 18:48:53,1
I5FX6BP4GU,106.708,27.0697,421852,0,160,0,14-3-28 18:50:52,1
I5FX6BP4GU,106.708,27.0697,421852,0,160,0,14-3-28 18:53:6,1
I5FX6BP4GU,106.708,27.0697,421852,0,160,0,14-3-28 18:53:18,1
I5FX6BP4GU,106.708,27.0697,421852,0,160,0,14-3-28 18:54:57,1
I5FX6BP4GU,106.745,27.2299,421852,0,25,0,14-3-28 18:58:58,1
I5FX6BP4GU,106.745,27.2299,421852,0,25,0,14-3-28 19:0:58,0
I5FX6BP4GU,106.76,27.2489,421852,0,175,0,14-3-28 19:2:58,1
I5FX6BP4GU,106.76,27.2489,421852,0,175,0,14-3-28 19:5:3,1
I5FX6BP4GU,106.76,27.2489,421852,0,175,0,14-3-28 19:7:12,1
I5FX6BP4GU,106.76,27.2489,421852,0,175,0,14-3-28 19:7:18,1
I5FX6BP4GU,106.76,27.2489,421852,0,175,0,14-3-28 19:11:9,1
I5FX6BP4GU,106.76,27.2489,421852,0,175,0,14-3-28 19:12:12,1
I5FX6BP4GU,106.76,27.2489,421852,0,175,0,14-3-28 19:13:9,1
I5FX6BP4GU,106.76,27.2489,421852,0,175,0,14-3-28 19:15:32,1
I5FX6BP4GU,106.76,27.2489,421852,0,175,0,14-3-28 19:17:13,1
I5FX6BP4GU,106.76,27.2489,421852,0,175,0,14-3-28 19:17:32,1
I5FX6BP4GU,106.76,27.2489,421852,0,175,0,14-3-28 19:19:32,1
I5FX6BP4GU,106.76,27.2489,421852,0,175,0,14-3-28 19:21:32,1
I5FX6BP4GU,106.76,27.2489,421852,0,175,0,14-3-28 19:22:14,1
I5FX6BP4GU,106.76,27.2489,421852,0,175,0,14-3-28 19:23:36,1
I5FX6BP4GU,106.76,27.2489,421852,0,175,0,14-3-28 19:25:39,1
I5FX6BP4GU,106.76,27.2489,421852,0,175,0,14-3-28 19:27:16,1
I5FX6BP4GU,106.76,27.2489,421852,0,175,0,14-3-28 19:27:38,1
I5FX6BP4GU,106.76,27.2489,421852,0,175,0,14-3-28 19:29:38,1
I5FX6BP4GU,106.76,27.2489,421852,0,175,0,14-3-28 19:31:38,1
I5FX6BP4GU,106.76,27.2489,421852,0,175,0,14-3-28 19:32:16,1
I5FX6BP4GU,106.76,27.2489,421852,0,175,0,14-3-28 19:33:42,1
I5FX6BP4GU,106.76,27.2489,421852,0,175,0,14-3-28 19:35:44,1
I5FX6BP4GU,106.76,27.2489,421852,0,175,0,14-3-28 19:37:25,1
I5FX6BP4GU,106.76,27.2489,421852,0,175,0,14-3-28 19:37:44,1
I5FX6BP4GU,106.76,27.2489,421852,0,175,0,14-3-28 19:39:44,1
I5FX6BP4GU,106.76,27.2489,421852,0,175,0,14-3-28 19:41:44,1
I5FX6BP4GU,106.76,27.2489,421852,0,175,0,14-3-28 19:42:35,1
I5FX6BP4GU,106.76,27.2489,421852,0,175,0,14-3-28 19:43:48,1
I5FX6BP4GU,106.76,27.2489,421852,0,175,0,14-3-28 19:45:50,1
I5FX6BP4GU,106.76,27.2489,421852,0,175,0,14-3-28 19:47:35,1
I5FX6BP4GU,106.76,27.2489,421852,0,175,0,14-3-28 19:47:50,1
I5FX6BP4GU,106.76,27.2489,421852,0,175,0,14-3-28 19:49:51,1
I5FX6BP4GU,106.76,27.2489,421852,0,175,0,14-3-28 19:51:52,1
I5FX6BP4GU,106.76,27.2489,421852,0,175,0,14-3-28 19:52:36,1
I5FX6BP4GU,106.76,27.2489,421852,0,175,0,14-3-28 19:53:54,1
I5FX6BP4GU,106.76,27.2489,421852,0,175,0,14-3-28 19:55:56,1
I5FX6BP4GU,106.76,27.2489,421852,0,175,0,14-3-28 19:57:37,1
I5FX6BP4GU,106.76,27.2489,421852,0,175,0,14-3-28 19:57:56,1
I5FX6BP4GU,106.76,27.2489,421852,0,175,0,14-3-28 19:59:56,1
I5FX6BP4GU,106.76,27.2489,421852,0,175,0,14-3-28 20:1:56,1
I5FX6BP4GU,106.76,27.2489,421852,0,175,0,14-3-28 20:2:38,1
I5FX6BP4GU,106.76,27.2489,421852,0,175,0,14-3-28 20:3:59,1
I5FX6BP4GU,106.76,27.2489,421852,0,175,0,14-3-28 20:6:2,1
I5FX6BP4GU,106.76,27.2489,421852,0,175,0,14-3-28 20:7:40,1
I5FX6BP4GU,106.76,27.2489,421852,0,175,0,14-3-28 20:8:2,1
I5FX6BP4GU,106.76,27.2489,421852,0,175,0,14-3-28 20:10:2,1
I5FX6BP4GU,106.76,27.2489,421852,0,175,0,14-3-28 20:12:3,1
I5FX6BP4GU,106.76,27.2489,421852,0,175,0,14-3-28 20:13:4,1
I5FX6BP4GU,106.76,27.2489,421852,0,175,0,14-3-28 20:14:5,1
I5FX6BP4GU,106.76,27.2489,421852,0,175,0,14-3-28 20:16:8,1
I5FX6BP4GU,106.76,27.2489,421852,0,175,0,14-3-28 20:18:8,1
I5FX6BP4GU,106.76,27.2489,421852,0,175,0,14-3-28 20:20:8,1
I5FX6BP4GU,106.76,27.2489,421852,0,175,0,14-3-28 20:22:9,1
I5FX6BP4GU,106.76,27.2489,421852,0,175,0,14-3-28 20:23:6,1
I5FX6BP4GU,106.76,27.2489,421852,0,175,0,14-3-28 20:24:11,1
I5FX6BP4GU,106.76,27.2489,421852,0,175,0,14-3-28 20:26:14,1
I5FX6BP4GU,106.76,27.2489,421852,0,175,0,14-3-28 20:28:7,1
I5FX6BP4GU,106.76,27.2489,421852,0,175,0,14-3-28 20:28:14,1
I5FX6BP4GU,106.76,27.2489,421852,0,175,0,14-3-28 20:30:14,1
I5FX6BP4GU,106.76,27.2489,421852,0,175,0,14-3-28 20:32:15,1
I5FX6BP4GU,106.76,27.2489,421852,0,175,0,14-3-28 20:33:8,1
I5FX6BP4GU,106.76,27.2489,421852,0,175,0,14-3-28 20:34:17,1
I5FX6BP4GU,106.76,27.2489,421852,0,175,0,14-3-28 20:36:19,0
I5FX6BP4GU,106.89,27.6939,421852,0,10,0,14-3-28 20:38:9,1
I5FX6BP4GU,106.89,27.6939,421852,0,10,0,14-3-28 20:38:20,1
I5FX6BP4GU,106.89,27.6939,421852,0,10,0,14-3-28 20:40:20,1
I5FX6BP4GU,106.89,27.6939,421852,0,10,0,14-3-28 20:42:21,1
I5FX6BP4GU,106.89,27.6939,421852,0,10,0,14-3-28 20:43:10,1
I5FX6BP4GU,106.89,27.6939,421852,0,10,0,14-3-28 20:44:23,1
I5FX6BP4GU,106.89,27.6939,421852,0,10,0,14-3-28 20:46:26,1
I5FX6BP4GU,106.89,27.6939,421852,0,10,0,14-3-28 20:48:26,1
I5FX6BP4GU,106.89,27.6939,421852,0,10,0,14-3-28 20:50:26,1
I5FX6BP4GU,106.89,27.6939,421852,0,10,0,14-3-28 20:52:27,1
I5FX6BP4GU,106.89,27.6939,421852,0,10,0,14-3-28 20:53:21,1
I5FX6BP4GU,106.89,27.6939,421852,0,10,0,14-3-28 20:54:29,1
I5FX6BP4GU,106.89,27.6939,421852,0,10,0,14-3-28 20:56:31,1
I5FX6BP4GU,106.89,27.6939,421852,0,10,0,14-3-28 20:58:22,0
I5FX6BP4GU,106.89,27.6939,421852,0,10,0,14-3-28 20:58:32,0
I5FX6BP4GU,106.906,27.8751,421852,0,175,0,14-3-28 21:0:32,1
I5FX6BP4GU,106.906,27.8751,421852,0,175,0,14-3-28 21:2:32,1
I5FX6BP4GU,106.906,27.8751,421852,0,175,0,14-3-28 21:3:23,1
I5FX6BP4GU,106.906,27.8751,421852,0,175,0,14-3-28 21:4:35,1
I5FX6BP4GU,106.906,27.8751,421852,0,175,0,14-3-28 21:6:38,1
I5FX6BP4GU,106.906,27.8751,421852,0,175,0,14-3-28 21:8:24,1
I5FX6BP4GU,106.884,27.9618,421852,0,165,0,14-3-28 21:10:38,1
I5FX6BP4GU,106.884,27.9618,421852,0,165,0,14-3-28 21:12:38,1
I5FX6BP4GU,106.884,27.9618,421852,0,165,0,14-3-28 21:13:25,0
I5FX6BP4GU,106.876,27.9864,421852,0,160,0,14-3-28 21:14:41,1
I5FX6BP4GU,106.876,27.9864,421852,0,160,0,14-3-28 21:16:43,1
I5FX6BP4GU,106.876,27.9864,421852,0,160,0,14-3-28 21:18:26,1
I5FX6BP4GU,106.876,27.9864,421852,0,160,0,14-3-28 21:18:44,1
I5FX6BP4GU,106.876,27.9864,421852,0,160,0,14-3-28 21:20:44,0
I5FX6BP4GU,106.853,28.0374,421852,0,170,0,14-3-28 21:22:45,1
I5FX6BP4GU,106.853,28.0374,421852,0,170,0,14-3-28 21:23:27,1
I5FX6BP4GU,106.853,28.0374,421852,0,170,0,14-3-28 21:24:47,1
I5FX6BP4GU,106.853,28.0374,421852,0,170,0,14-3-28 21:26:50,1
I5FX6BP4GU,106.853,28.0374,421852,0,170,0,14-3-28 21:28:28,1
I5FX6BP4GU,106.853,28.0374,421852,0,170,0,14-3-28 21:28:50,1
I5FX6BP4GU,106.853,28.0374,421852,0,170,0,14-3-28 21:33:36,1
I5FX6BP4GU,106.853,28.0374,421852,0,170,0,14-3-28 21:33:52,1
I5FX6BP4GU,106.853,28.0374,421852,0,170,0,14-3-28 21:34:53,1
I5FX6BP4GU,106.853,28.0374,421852,0,170,0,14-3-28 21:36:55,1
I5FX6BP4GU,106.853,28.0374,421852,0,170,0,14-3-28 21:38:55,1
I5FX6BP4GU,106.853,28.0374,421852,0,170,0,14-3-28 21:40:55,1
I5FX6BP4GU,106.853,28.0374,421852,0,170,0,14-3-28 21:42:55,1
I5FX6BP4GU,106.853,28.0374,421852,0,170,0,14-3-28 21:43:56,1
I5FX6BP4GU,106.853,28.0374,421852,0,170,0,14-3-28 21:44:59,1
I5FX6BP4GU,106.853,28.0374,421852,0,170,0,14-3-28 21:47:2,1
I5FX6BP4GU,106.853,28.0374,421852,0,170,0,14-3-28 21:49:12,0
I5FX6BP4GU,106.853,28.0374,421852,0,170,0,14-3-28 21:49:28,0
I5FX6BP4GU,106.853,28.0374,421852,0,170,0,14-3-28 21:51:1,0
I5FX6BP4GU,106.853,28.0374,421852,0,170,0,14-3-28 21:53:1,0
I5FX6BP4GU,106.843,28.2923,421852,0,0,0,14-3-28 21:54:32,1
I5FX6BP4GU,106.843,28.2923,421852,0,0,0,14-3-28 21:55:5,1
I5FX6BP4GU,106.849,28.3036,421852,0,50,0,14-3-28 21:57:7,1
I5FX6BP4GU,106.852,28.3148,421852,0,15,0,14-3-28 21:59:7,1
I5FX6BP4GU,106.852,28.3148,421852,0,15,0,14-3-28 21:59:42,1
I5FX6BP4GU,106.852,28.3148,421852,0,15,0,14-3-28 22:1:7,0
I5FX6BP4GU,106.85,28.3408,421852,0,160,0,14-3-28 22:3:7,1
I5FX6BP4GU,106.85,28.3408,421852,0,160,0,14-3-28 22:4:43,1
I5FX6BP4GU,106.85,28.3408,421852,0,160,0,14-3-28 22:5:11,1
I5FX6BP4GU,106.85,28.3408,421852,0,160,0,14-3-28 22:7:14,1
I5FX6BP4GU,106.85,28.3408,421852,0,160,0,14-3-28 22:9:13,1
I5FX6BP4GU,106.85,28.3408,421852,0,160,0,14-3-28 22:9:44,1
I5FX6BP4GU,106.85,28.3408,421852,0,160,0,14-3-28 22:11:13,1
I5FX6BP4GU,106.85,28.3408,421852,0,160,0,14-3-28 22:13:13,1
I5FX6BP4GU,106.85,28.3408,421852,0,160,0,14-3-28 22:14:45,0
I5FX6BP4GU,106.85,28.3408,421852,0,160,0,14-3-28 22:15:16,0
I5FX6BP4GU,106.85,28.3408,421852,0,160,0,14-3-28 22:17:18,0
I5FX6BP4GU,106.829,28.4837,421852,0,0,0,14-3-28 22:19:19,1
I5FX6BP4GU,106.829,28.4837,421852,0,0,0,14-3-28 22:19:47,1
I5FX6BP4GU,106.829,28.4837,421852,0,0,0,14-3-28 22:28:43,1
I5FX6BP4GU,106.829,28.4837,421852,0,0,0,14-3-28 22:31:46,0
I5FX6BP4GU,106.835,28.5009,421852,0,0,0,14-3-28 22:33:38,1
I5FX6BP4GU,106.835,28.5009,421852,0,0,0,14-3-28 22:33:46,1
I5FX6BP4GU,106.835,28.5009,421852,0,0,0,14-3-28 22:35:46,1
I5FX6BP4GU,106.835,28.5009,421852,0,0,0,14-3-28 22:37:46,1
I5FX6BP4GU,106.835,28.5009,421852,0,0,0,14-3-28 22:38:39,1
I5FX6BP4GU,106.835,28.5009,421852,0,0,0,14-3-28 22:45:46,1
I5FX6BP4GU,106.835,28.5009,421852,0,0,0,14-3-28 22:47:47,1
I5FX6BP4GU,106.835,28.5009,421852,0,0,0,14-3-28 22:49:46,1
I5FX6BP4GU,106.835,28.5009,421852,0,0,0,14-3-28 22:51:6,1
I5FX6BP4GU,106.835,28.5009,421852,0,0,0,14-3-28 22:51:13,1
I5FX6BP4GU,106.835,28.5009,421852,0,0,0,14-3-28 22:53:47,1
I5FX6BP4GU,106.835,28.5009,421852,0,0,0,14-3-28 22:55:47,1
I5FX6BP4GU,106.835,28.5009,421852,0,0,0,14-3-28 22:56:7,1
I5FX6BP4GU,106.835,28.5009,421852,0,0,0,14-3-28 22:57:47,1
I5FX6BP4GU,106.835,28.5009,421852,0,0,0,14-3-28 22:59:47,1
I5FX6BP4GU,106.835,28.5009,421852,0,0,0,14-3-28 23:1:8,1
I5FX6BP4GU,106.835,28.5009,421852,0,0,0,14-3-28 23:1:47,1
I5FX6BP4GU,106.835,28.5009,421852,0,0,0,14-3-28 23:3:48,1
I5FX6BP4GU,106.835,28.5009,421852,0,0,0,14-3-28 23:5:48,1
I5FX6BP4GU,106.835,28.5009,421852,0,0,0,14-3-28 23:6:9,1
I5FX6BP4GU,106.835,28.5009,421852,0,0,0,14-3-28 23:13:46,1
I5FX6BP4GU,106.835,28.5009,421852,0,0,0,14-3-28 23:14:4,1
I5FX6BP4GU,106.835,28.5009,421852,0,0,0,14-3-28 23:14:11,1
I5FX6BP4GU,106.848,28.5278,421852,0,5,0,14-3-28 23:18:23,1
I5FX6BP4GU,106.849,28.5354,421852,0,0,0,14-3-28 23:19:4,1
I5FX6BP4GU,106.849,28.5354,421852,0,0,0,14-3-28 23:20:23,1
I5FX6BP4GU,106.849,28.5354,421852,0,0,0,14-3-28 23:22:24,0
I5FX6BP4GU,106.845,28.5531,421852,0,150,0,14-3-28 23:24:6,0
I5FX6BP4GU,106.84,28.5555,421852,0,145,0,14-3-28 23:24:24,1
I5FX6BP4GU,106.84,28.5555,421852,0,145,0,14-3-28 23:26:24,1
I5FX6BP4GU,106.84,28.5555,421852,0,145,0,14-3-28 23:28:29,0
I5FX6BP4GU,106.84,28.5555,421852,0,145,0,14-3-28 23:29:9,0
I5FX6BP4GU,106.804,28.5983,421852,0,165,0,14-3-28 23:32:23,1
I5FX6BP4GU,106.804,28.5983,421852,0,165,0,14-3-28 23:32:30,1
I5FX6BP4GU,106.804,28.5983,421852,0,165,0,14-3-28 23:32:32,1
I5FX6BP4GU,106.804,28.5983,421852,0,165,0,14-3-28 23:36:30,1
I5FX6BP4GU,106.804,28.5983,421852,0,165,0,14-3-28 23:37:24,1
I5FX6BP4GU,106.804,28.5983,421852,0,165,0,14-3-28 23:38:31,1
I5FX6BP4GU,106.804,28.5983,421852,0,165,0,14-3-28 23:40:31,1
I5FX6BP4GU,106.804,28.5983,421852,0,165,0,14-3-28 23:42:31,1
I5FX6BP4GU,106.804,28.5983,421852,0,165,0,14-3-28 23:44:31,0
I5FX6BP4GU,106.744,28.6879,421852,0,145,0,14-3-28 23:46:31,1
I5FX6BP4GU,106.744,28.6879,421852,0,145,0,14-3-28 23:47:26,1
I5FX6BP4GU,106.744,28.6879,421852,0,145,0,14-3-28 23:48:33,0
I5FX6BP4GU,106.744,28.6879,421852,0,145,0,14-3-28 23:50:33,0
I5FX6BP4GU,106.72,28.7259,421852,0,160,0,14-3-28 23:52:27,1
I5FX6BP4GU,106.72,28.7259,421852,0,160,0,14-3-28 23:52:33,1
I5FX6BP4GU,106.72,28.7259,421852,0,160,0,14-3-28 23:54:35,0
I5FX6BP4GU,106.68,28.7589,421852,0,145,0,14-3-28 23:56:34,1
I5FX6BP4GU,106.68,28.7589,421852,0,145,0,14-3-28 23:57:28,1
I5FX6BP4GU,106.68,28.7589,421852,0,145,0,14-3-28 23:58:38,0
I5FX6BP4GU,106.651,28.7834,421852,0,155,0,14-3-29 0:0:38,1
I5FX6BP4GU,106.651,28.7834,421852,0,155,0,14-3-29 0:2:29,1
I5FX6BP4GU,106.651,28.7834,421852,0,155,0,14-3-29 0:2:38,1
I5FX6BP4GU,106.651,28.7834,421852,0,155,0,14-3-29 0:4:38,1
I5FX6BP4GU,106.651,28.7834,421852,0,155,0,14-3-29 0:6:38,1
I5FX6BP4GU,106.651,28.7834,421852,0,155,0,14-3-29 0:7:30,1
I5FX6BP4GU,106.651,28.7834,421852,0,155,0,14-3-29 0:8:44,1
I5FX6BP4GU,106.651,28.7834,421852,0,155,0,14-3-29 0:10:44,0
I5FX6BP4GU,106.653,28.8536,421852,0,165,0,14-3-29 0:12:31,1
I5FX6BP4GU,106.653,28.8536,421852,0,165,0,14-3-29 0:12:44,1
I5FX6BP4GU,106.653,28.8536,421852,0,165,0,14-3-29 0:14:44,1
I5FX6BP4GU,106.657,28.888,421852,0,20,0,14-3-29 0:16:43,1
I5FX6BP4GU,106.657,28.888,421852,0,20,0,14-3-29 0:17:31,1
I5FX6BP4GU,106.657,28.888,421852,0,20,0,14-3-29 0:18:50,1
I5FX6BP4GU,106.657,28.888,421852,0,20,0,14-3-29 0:20:49,1
I5FX6BP4GU,106.657,28.888,421852,0,20,0,14-3-29 0:22:32,1
I5FX6BP4GU,106.657,28.888,421852,0,20,0,14-3-29 0:22:49,1
I5FX6BP4GU,106.657,28.888,421852,0,20,0,14-3-29 0:24:49,1
I5FX6BP4GU,106.657,28.888,421852,0,20,0,14-3-29 0:26:49,1
I5FX6BP4GU,106.657,28.888,421852,0,20,0,14-3-29 0:27:34,1
I5FX6BP4GU,106.657,28.888,421852,0,20,0,14-3-29 0:28:56,1
I5FX6BP4GU,106.657,28.888,421852,0,20,0,14-3-29 0:30:55,1
I5FX6BP4GU,106.657,28.888,421852,0,20,0,14-3-29 0:32:37,1
I5FX6BP4GU,106.657,28.888,421852,0,20,0,14-3-29 0:32:55,1
I5FX6BP4GU,106.657,28.888,421852,0,20,0,14-3-29 0:34:55,1
I5FX6BP4GU,106.657,28.888,421852,0,20,0,14-3-29 0:36:55,1
I5FX6BP4GU,106.657,28.888,421852,0,20,0,14-3-29 0:37:40,1
I5FX6BP4GU,106.657,28.888,421852,0,20,0,14-3-29 0:39:1,1
I5FX6BP4GU,106.657,28.888,421852,0,20,0,14-3-29 0:41:1,1
I5FX6BP4GU,106.657,28.888,421852,0,20,0,14-3-29 0:42:43,1
I5FX6BP4GU,106.657,28.888,421852,0,20,0,14-3-29 0:43:1,1
I5FX6BP4GU,106.657,28.888,421852,0,20,0,14-3-29 0:45:1,1
I5FX6BP4GU,106.657,28.888,421852,0,20,0,14-3-29 0:47:1,1
I5FX6BP4GU,106.657,28.888,421852,0,20,0,14-3-29 0:47:46,1
I5FX6BP4GU,106.657,28.888,421852,0,20,0,14-3-29 0:49:19,1
I5FX6BP4GU,106.594,29.1221,421852,0,165,0,14-3-29 0:51:18,1
I5FX6BP4GU,106.594,29.1221,421852,0,165,0,14-3-29 0:52:49,1
I5FX6BP4GU,106.594,29.1221,421852,0,165,0,14-3-29 0:53:21,1
I5FX6BP4GU,106.594,29.1221,421852,0,165,0,14-3-29 0:55:22,1
I5FX6BP4GU,106.594,29.1221,421852,0,165,0,14-3-29 0:57:22,1
I5FX6BP4GU,106.594,29.1221,421852,0,165,0,14-3-29 0:57:52,1
I5FX6BP4GU,106.594,29.1221,421852,0,165,0,14-3-29 0:59:24,1
I5FX6BP4GU,106.594,29.1221,421852,0,165,0,14-3-29 1:1:24,1
I5FX6BP4GU,106.594,29.1221,421852,0,165,0,14-3-29 1:2:55,1
I5FX6BP4GU,106.594,29.1221,421852,0,165,0,14-3-29 1:3:27,1
I5FX6BP4GU,106.594,29.1221,421852,0,165,0,14-3-29 1:5:28,1
I5FX6BP4GU,106.594,29.1221,421852,0,165,0,14-3-29 1:7:28,1
I5FX6BP4GU,106.594,29.1221,421852,0,165,0,14-3-29 1:7:58,1
I5FX6BP4GU,106.594,29.1221,421852,0,165,0,14-3-29 1:9:29,1
I5FX6BP4GU,106.594,29.1221,421852,0,165,0,14-3-29 1:11:29,1
I5FX6BP4GU,106.594,29.1221,421852,0,165,0,14-3-29 1:13:1,1
I5FX6BP4GU,106.594,29.1221,421852,0,165,0,14-3-29 1:13:33,1
I5FX6BP4GU,106.594,29.1221,421852,0,165,0,14-3-29 1:15:33,0
I5FX6BP4GU,106.536,29.2898,421852,0,145,0,14-3-29 1:17:34,1
I5FX6BP4GU,106.514,29.2914,421852,0,135,0,14-3-29 1:18:4,1
I5FX6BP4GU,106.514,29.2914,421852,0,135,0,14-3-29 1:19:36,1
I5FX6BP4GU,106.514,29.2914,421852,0,135,0,14-3-29 1:21:36,1
I5FX6BP4GU,106.514,29.2914,421852,0,135,0,14-3-29 1:23:7,1
I5FX6BP4GU,106.514,29.2914,421852,0,135,0,14-3-29 1:23:39,1
I5FX6BP4GU,106.514,29.2914,421852,0,135,0,14-3-29 1:25:39,1
I5FX6BP4GU,106.514,29.2914,421852,0,135,0,14-3-29 1:27:40,1
I5FX6BP4GU,106.514,29.2914,421852,0,135,0,14-3-29 1:28:10,1
I5FX6BP4GU,106.514,29.2914,421852,0,135,0,14-3-29 1:29:40,0
I5FX6BP4GU,106.402,29.2569,421852,0,130,0,14-3-29 1:31:40,1
I5FX6BP4GU,106.402,29.2569,421852,0,130,0,14-3-29 1:33:13,1
I5FX6BP4GU,106.402,29.2569,421852,0,130,0,14-3-29 1:33:45,1
I5FX6BP4GU,106.402,29.2569,421852,0,130,0,14-3-29 1:35:45,1
I5FX6BP4GU,106.402,29.2569,421852,0,130,0,14-3-29 1:37:45,1
I5FX6BP4GU,106.402,29.2569,421852,0,130,0,14-3-29 1:38:23,1
I5FX6BP4GU,106.402,29.2569,421852,0,130,0,14-3-29 1:41:46,1
I5FX6BP4GU,106.402,29.2569,421852,0,130,0,14-3-29 1:43:24,1
I5FX6BP4GU,106.402,29.2569,421852,0,130,0,14-3-29 1:43:51,1
I5FX6BP4GU,106.402,29.2569,421852,0,130,0,14-3-29 1:45:51,1
I5FX6BP4GU,106.402,29.2569,421852,0,130,0,14-3-29 1:47:52,1
I5FX6BP4GU,106.402,29.2569,421852,0,130,0,14-3-29 1:48:25,1
I5FX6BP4GU,106.402,29.2569,421852,0,130,0,14-3-29 1:49:54,1
I5FX6BP4GU,106.402,29.2569,421852,0,130,0,14-3-29 1:51:54,1
I5FX6BP4GU,106.402,29.2569,421852,0,130,0,14-3-29 1:53:26,1
I5FX6BP4GU,106.402,29.2569,421852,0,130,0,14-3-29 1:53:57,1
I5FX6BP4GU,106.402,29.2569,421852,0,130,0,14-3-29 1:55:57,1
I5FX6BP4GU,106.402,29.2569,421852,0,130,0,14-3-29 1:57:58,1
I5FX6BP4GU,106.402,29.2569,421852,0,130,0,14-3-29 1:58:27,1
I5FX6BP4GU,106.402,29.2569,421852,0,130,0,14-3-29 1:59:59,1
I5FX6BP4GU,106.402,29.2569,421852,0,130,0,14-3-29 2:1:59,1
I5FX6BP4GU,106.402,29.2569,421852,0,130,0,14-3-29 2:3:30,1
I5FX6BP4GU,106.402,29.2569,421852,0,130,0,14-3-29 2:4:3,1
I5FX6BP4GU,106.402,29.2569,421852,0,130,0,14-3-29 2:6:3,1
I5FX6BP4GU,106.402,29.2569,421852,0,130,0,14-3-29 2:8:3,1
I5FX6BP4GU,106.402,29.2569,421852,0,130,0,14-3-29 2:8:33,1
I5FX6BP4GU,106.402,29.2569,421852,0,130,0,14-3-29 2:10:5,1
I5FX6BP4GU,106.402,29.2569,421852,0,130,0,14-3-29 2:12:5,1
I5FX6BP4GU,106.402,29.2569,421852,0,130,0,14-3-29 2:13:36,1
I5FX6BP4GU,106.402,29.2569,421852,0,130,0,14-3-29 2:14:8,1
I5FX6BP4GU,106.402,29.2569,421852,0,130,0,14-3-29 2:16:9,1
I5FX6BP4GU,106.402,29.2569,421852,0,130,0,14-3-29 2:18:9,1
I5FX6BP4GU,106.402,29.2569,421852,0,130,0,14-3-29 2:18:39,1
I5FX6BP4GU,106.402,29.2569,421852,0,130,0,14-3-29 2:20:11,1
I5FX6BP4GU,106.402,29.2569,421852,0,130,0,14-3-29 2:22:12,1
I5FX6BP4GU,106.402,29.2569,421852,0,130,0,14-3-29 2:23:42,1
I5FX6BP4GU,106.402,29.2569,421852,0,130,0,14-3-29 2:24:14,1
I5FX6BP4GU,106.402,29.2569,421852,0,130,0,14-3-29 2:26:15,1
I5FX6BP4GU,106.402,29.2569,421852,0,130,0,14-3-29 2:28:15,1
I5FX6BP4GU,106.402,29.2569,421852,0,130,0,14-3-29 2:28:45,1
I5FX6BP4GU,106.402,29.2569,421852,0,130,0,14-3-29 2:30:17,1
I5FX6BP4GU,106.402,29.2569,421852,0,130,0,14-3-29 2:32:18,1
I5FX6BP4GU,106.402,29.2569,421852,0,130,0,14-3-29 2:33:48,1
I5FX6BP4GU,106.402,29.2569,421852,0,130,0,14-3-29 2:34:20,1
I5FX6BP4GU,106.402,29.2569,421852,0,130,0,14-3-29 2:36:21,1
I5FX6BP4GU,106.402,29.2569,421852,0,130,0,14-3-29 2:38:21,1
I5FX6BP4GU,106.402,29.2569,421852,0,130,0,14-3-29 2:38:51,1
I5FX6BP4GU,106.402,29.2569,421852,0,130,0,14-3-29 2:40:23,1
I5FX6BP4GU,106.402,29.2569,421852,0,130,0,14-3-29 2:42:24,1
I5FX6BP4GU,106.402,29.2569,421852,0,130,0,14-3-29 2:43:54,1
I5FX6BP4GU,106.402,29.2569,421852,0,130,0,14-3-29 2:44:26,1
I5FX6BP4GU,106.402,29.2569,421852,0,130,0,14-3-29 2:46:27,1
I5FX6BP4GU,106.402,29.2569,421852,0,130,0,14-3-29 2:48:27,1
I5FX6BP4GU,106.402,29.2569,421852,0,130,0,14-3-29 2:48:57,1
I5FX6BP4GU,106.402,29.2569,421852,0,130,0,14-3-29 2:50:29,1
I5FX6BP4GU,106.402,29.2569,421852,0,130,0,14-3-29 2:52:30,1
I5FX6BP4GU,106.402,29.2569,421852,0,130,0,14-3-29 2:54:0,1
I5FX6BP4GU,106.402,29.2569,421852,0,130,0,14-3-29 2:54:32,1
I5FX6BP4GU,106.402,29.2569,421852,0,130,0,14-3-29 2:56:33,1
I5FX6BP4GU,106.402,29.2569,421852,0,130,0,14-3-29 2:58:33,1
I5FX6BP4GU,106.402,29.2569,421852,0,130,0,14-3-29 2:59:3,1
I5FX6BP4GU,106.402,29.2569,421852,0,130,0,14-3-29 3:0:35,1
I5FX6BP4GU,106.402,29.2569,421852,0,130,0,14-3-29 3:2:36,1
I5FX6BP4GU,106.402,29.2569,421852,0,130,0,14-3-29 3:4:6,1
I5FX6BP4GU,106.402,29.2569,421852,0,130,0,14-3-29 3:4:38,1
I5FX6BP4GU,106.402,29.2569,421852,0,130,0,14-3-29 3:6:39,1
I5FX6BP4GU,106.402,29.2569,421852,0,130,0,14-3-29 3:8:39,1
I5FX6BP4GU,106.402,29.2569,421852,0,130,0,14-3-29 3:9:9,1
I5FX6BP4GU,106.402,29.2569,421852,0,130,0,14-3-29 3:10:41,1
I5FX6BP4GU,106.402,29.2569,421852,0,130,0,14-3-29 3:12:41,1
I5FX6BP4GU,106.402,29.2569,421852,0,130,0,14-3-29 3:14:12,1
I5FX6BP4GU,106.402,29.2569,421852,0,130,0,14-3-29 3:14:44,1
I5FX6BP4GU,106.402,29.2569,421852,0,130,0,14-3-29 3:16:45,1
I5FX6BP4GU,106.402,29.2569,421852,0,130,0,14-3-29 3:18:45,1
I5FX6BP4GU,106.402,29.2569,421852,0,130,0,14-3-29 3:19:15,1
I5FX6BP4GU,106.402,29.2569,421852,0,130,0,14-3-29 3:20:47,1
I5FX6BP4GU,106.402,29.2569,421852,0,130,0,14-3-29 3:22:47,1
I5FX6BP4GU,106.402,29.2569,421852,0,130,0,14-3-29 3:24:18,1
I5FX6BP4GU,106.402,29.2569,421852,0,130,0,14-3-29 3:24:50,1
I5FX6BP4GU,106.402,29.2569,421852,0,130,0,14-3-29 3:26:51,1
I5FX6BP4GU,106.402,29.2569,421852,0,130,0,14-3-29 3:28:51,1
I5FX6BP4GU,106.402,29.2569,421852,0,130,0,14-3-29 3:29:21,1
I5FX6BP4GU,106.402,29.2569,421852,0,130,0,14-3-29 3:30:53,1
I5FX6BP4GU,106.402,29.2569,421852,0,130,0,14-3-29 3:32:53,1
I5FX6BP4GU,106.402,29.2569,421852,0,130,0,14-3-29 3:34:24,1
I5FX6BP4GU,106.402,29.2569,421852,0,130,0,14-3-29 3:34:56,1
I5FX6BP4GU,106.402,29.2569,421852,0,130,0,14-3-29 3:36:57,1
I5FX6BP4GU,106.402,29.2569,421852,0,130,0,14-3-29 3:38:57,1
I5FX6BP4GU,106.402,29.2569,421852,0,130,0,14-3-29 3:39:27,1
I5FX6BP4GU,106.402,29.2569,421852,0,130,0,14-3-29 3:40:59,1
I5FX6BP4GU,106.402,29.2569,421852,0,130,0,14-3-29 3:42:59,1
I5FX6BP4GU,106.402,29.2569,421852,0,130,0,14-3-29 3:44:30,1
I5FX6BP4GU,106.402,29.2569,421852,0,130,0,14-3-29 3:45:2,1
I5FX6BP4GU,106.402,29.2569,421852,0,130,0,14-3-29 3:47:3,1
I5FX6BP4GU,106.402,29.2569,421852,0,130,0,14-3-29 3:49:3,1
I5FX6BP4GU,106.402,29.2569,421852,0,130,0,14-3-29 3:49:40,1
I5FX6BP4GU,106.402,29.2569,421852,0,130,0,14-3-29 3:51:5,1
I5FX6BP4GU,106.402,29.2569,421852,0,130,0,14-3-29 3:53:5,1
I5FX6BP4GU,106.402,29.2569,421852,0,130,0,14-3-29 3:54:52,1
I5FX6BP4GU,106.402,29.2569,421852,0,130,0,14-3-29 3:55:8,1
I5FX6BP4GU,106.402,29.2569,421852,0,130,0,14-3-29 3:57:9,1
I5FX6BP4GU,106.402,29.2569,421852,0,130,0,14-3-29 3:59:9,1
I5FX6BP4GU,106.402,29.2569,421852,0,130,0,14-3-29 3:59:54,1
I5FX6BP4GU,106.402,29.2569,421852,0,130,0,14-3-29 4:1:11,1
I5FX6BP4GU,106.402,29.2569,421852,0,130,0,14-3-29 4:3:11,1
I5FX6BP4GU,106.402,29.2569,421852,0,130,0,14-3-29 4:4:54,1
I5FX6BP4GU,106.402,29.2569,421852,0,130,0,14-3-29 4:5:14,1
I5FX6BP4GU,106.402,29.2569,421852,0,130,0,14-3-29 4:7:15,1
I5FX6BP4GU,106.402,29.2569,421852,0,130,0,14-3-29 4:9:15,1
I5FX6BP4GU,106.402,29.2569,421852,0,130,0,14-3-29 4:9:55,1
I5FX6BP4GU,106.402,29.2569,421852,0,130,0,14-3-29 4:11:17,1
I5FX6BP4GU,106.402,29.2569,421852,0,130,0,14-3-29 4:13:17,1
I5FX6BP4GU,106.402,29.2569,421852,0,130,0,14-3-29 4:14:56,1
I5FX6BP4GU,106.402,29.2569,421852,0,130,0,14-3-29 4:15:20,1
I5FX6BP4GU,106.402,29.2569,421852,0,130,0,14-3-29 4:17:21,1
I5FX6BP4GU,106.402,29.2569,421852,0,130,0,14-3-29 4:19:21,1
I5FX6BP4GU,106.402,29.2569,421852,0,130,0,14-3-29 4:19:57,1
I5FX6BP4GU,106.402,29.2569,421852,0,130,0,14-3-29 4:21:23,1
I5FX6BP4GU,106.402,29.2569,421852,0,130,0,14-3-29 4:23:23,1
I5FX6BP4GU,106.402,29.2569,421852,0,130,0,14-3-29 4:24:59,1
I5FX6BP4GU,106.402,29.2569,421852,0,130,0,14-3-29 4:25:26,1
I5FX6BP4GU,106.402,29.2569,421852,0,130,0,14-3-29 4:27:26,1
I5FX6BP4GU,106.402,29.2569,421852,0,130,0,14-3-29 4:29:27,1
I5FX6BP4GU,106.402,29.2569,421852,0,130,0,14-3-29 4:29:59,1
I5FX6BP4GU,106.402,29.2569,421852,0,130,0,14-3-29 4:31:29,1
I5FX6BP4GU,106.402,29.2569,421852,0,130,0,14-3-29 4:33:29,1
I5FX6BP4GU,106.402,29.2569,421852,0,130,0,14-3-29 4:35:0,1
I5FX6BP4GU,106.402,29.2569,421852,0,130,0,14-3-29 4:35:32,1
I5FX6BP4GU,106.402,29.2569,421852,0,130,0,14-3-29 4:37:32,1
I5FX6BP4GU,106.402,29.2569,421852,0,130,0,14-3-29 4:39:33,1
I5FX6BP4GU,106.402,29.2569,421852,0,130,0,14-3-29 4:40:3,1
I5FX6BP4GU,106.402,29.2569,421852,0,130,0,14-3-29 4:41:35,1
I5FX6BP4GU,106.402,29.2569,421852,0,130,0,14-3-29 4:43:35,1
I5FX6BP4GU,106.402,29.2569,421852,0,130,0,14-3-29 4:45:5,1
I5FX6BP4GU,106.402,29.2569,421852,0,130,0,14-3-29 4:45:38,1
I5FX6BP4GU,106.402,29.2569,421852,0,130,0,14-3-29 4:47:38,1
I5FX6BP4GU,106.402,29.2569,421852,0,130,0,14-3-29 4:49:39,1
I5FX6BP4GU,106.402,29.2569,421852,0,130,0,14-3-29 4:50:12,1
I5FX6BP4GU,106.402,29.2569,421852,0,130,0,14-3-29 4:51:40,1
I5FX6BP4GU,106.402,29.2569,421852,0,130,0,14-3-29 4:53:40,1
I5FX6BP4GU,106.402,29.2569,421852,0,130,0,14-3-29 4:55:13,1
I5FX6BP4GU,106.402,29.2569,421852,0,130,0,14-3-29 4:55:44,1
I5FX6BP4GU,106.402,29.2569,421852,0,130,0,14-3-29 4:57:44,1
I5FX6BP4GU,106.402,29.2569,421852,0,130,0,14-3-29 4:59:44,1
I5FX6BP4GU,106.402,29.2569,421852,0,130,0,14-3-29 5:0:14,1
I5FX6BP4GU,106.402,29.2569,421852,0,130,0,14-3-29 5:1:46,1
I5FX6BP4GU,106.402,29.2569,421852,0,130,0,14-3-29 5:3:47,1
I5FX6BP4GU,106.402,29.2569,421852,0,130,0,14-3-29 5:5:17,1
I5FX6BP4GU,106.402,29.2569,421852,0,130,0,14-3-29 5:5:49,1
I5FX6BP4GU,106.402,29.2569,421852,0,130,0,14-3-29 5:7:50,1
I5FX6BP4GU,106.402,29.2569,421852,0,130,0,14-3-29 5:9:50,1
I5FX6BP4GU,106.402,29.2569,421852,0,130,0,14-3-29 5:10:20,1
I5FX6BP4GU,106.402,29.2569,421852,0,130,0,14-3-29 5:11:52,1
I5FX6BP4GU,106.402,29.2569,421852,0,130,0,14-3-29 5:13:53,1
I5FX6BP4GU,106.402,29.2569,421852,0,130,0,14-3-29 5:15:23,1
I5FX6BP4GU,106.402,29.2569,421852,0,130,0,14-3-29 5:15:55,1
I5FX6BP4GU,106.402,29.2569,421852,0,130,0,14-3-29 5:17:56,1
I5FX6BP4GU,106.402,29.2569,421852,0,130,0,14-3-29 5:19:56,1
I5FX6BP4GU,106.402,29.2569,421852,0,130,0,14-3-29 5:20:26,1
I5FX6BP4GU,106.402,29.2569,421852,0,130,0,14-3-29 5:21:58,1
I5FX6BP4GU,106.402,29.2569,421852,0,130,0,14-3-29 5:23:59,1
I5FX6BP4GU,106.402,29.2569,421852,0,130,0,14-3-29 5:25:29,1
I5FX6BP4GU,106.402,29.2569,421852,0,130,0,14-3-29 5:26:1,1
I5FX6BP4GU,106.402,29.2569,421852,0,130,0,14-3-29 5:28:2,1
I5FX6BP4GU,106.402,29.2569,421852,0,130,0,14-3-29 5:30:2,1
I5FX6BP4GU,106.402,29.2569,421852,0,130,0,14-3-29 5:30:32,1
I5FX6BP4GU,106.402,29.2569,421852,0,130,0,14-3-29 5:32:2,1
I5FX6BP4GU,106.402,29.2569,421852,0,130,0,14-3-29 5:34:2,1
I5FX6BP4GU,106.402,29.2569,421852,0,130,0,14-3-29 5:35:35,1
I5FX6BP4GU,106.402,29.2569,421852,0,130,0,14-3-29 5:36:7,1
I5FX6BP4GU,106.402,29.2569,421852,0,130,0,14-3-29 5:38:8,1
I5FX6BP4GU,106.402,29.2569,421852,0,130,0,14-3-29 5:40:8,1
I5FX6BP4GU,106.402,29.2569,421852,0,130,0,14-3-29 5:40:38,1
I5FX6BP4GU,106.402,29.2569,421852,0,130,0,14-3-29 5:42:10,1
I5FX6BP4GU,106.402,29.2569,421852,0,130,0,14-3-29 5:44:11,1
I5FX6BP4GU,106.402,29.2569,421852,0,130,0,14-3-29 5:46:13,1
I5FX6BP4GU,106.402,29.2569,421852,0,130,0,14-3-29 5:48:14,1
I5FX6BP4GU,106.402,29.2569,421852,0,130,0,14-3-29 5:50:14,1
I5FX6BP4GU,106.402,29.2569,421852,0,130,0,14-3-29 5:53:1,1
I5FX6BP4GU,106.402,29.2569,421852,0,130,0,14-3-29 5:53:13,1
I5FX6BP4GU,106.402,29.2569,421852,0,130,0,14-3-29 5:56:15,1
I5FX6BP4GU,106.402,29.2569,421852,0,130,0,14-3-29 5:58:1,1
I5FX6BP4GU,106.402,29.2569,421852,0,130,0,14-3-29 5:58:17,1
I5FX6BP4GU,106.402,29.2569,421852,0,130,0,14-3-29 6:0:16,1
I5FX6BP4GU,106.402,29.2569,421852,0,130,0,14-3-29 6:2:16,1
I5FX6BP4GU,106.402,29.2569,421852,0,130,0,14-3-29 6:3:2,1
I5FX6BP4GU,106.402,29.2569,421852,0,130,0,14-3-29 6:4:16,1
I5FX6BP4GU,106.402,29.2569,421852,0,130,0,14-3-29 6:6:16,1
I5FX6BP4GU,106.402,29.2569,421852,0,130,0,14-3-29 6:8:3,1
I5FX6BP4GU,106.402,29.2569,421852,0,130,0,14-3-29 6:8:18,1
I5FX6BP4GU,106.402,29.2569,421852,0,130,0,14-3-29 6:10:17,1
I5FX6BP4GU,106.402,29.2569,421852,0,130,0,14-3-29 6:12:17,1
I5FX6BP4GU,106.402,29.2569,421852,0,130,0,14-3-29 6:13:4,1
I5FX6BP4GU,106.402,29.2569,421852,0,130,0,14-3-29 6:14:18,1
I5FX6BP4GU,106.402,29.2569,421852,0,130,0,14-3-29 6:16:19,1
I5FX6BP4GU,106.402,29.2569,421852,0,130,0,14-3-29 6:18:6,1
I5FX6BP4GU,106.402,29.2569,421852,0,130,0,14-3-29 6:18:24,1
I5FX6BP4GU,106.402,29.2569,421852,0,130,0,14-3-29 6:20:23,1
I5FX6BP4GU,106.402,29.2569,421852,0,130,0,14-3-29 6:22:23,1
I5FX6BP4GU,106.402,29.2569,421852,0,130,0,14-3-29 6:23:6,1
I5FX6BP4GU,106.402,29.2569,421852,0,130,0,14-3-29 6:24:24,1
I5FX6BP4GU,106.402,29.2569,421852,0,130,0,14-3-29 6:26:25,1
I5FX6BP4GU,106.402,29.2569,421852,0,130,0,14-3-29 6:28:7,1
I5FX6BP4GU,106.402,29.2569,421852,0,130,0,14-3-29 6:28:30,1
I5FX6BP4GU,106.402,29.2569,421852,0,130,0,14-3-29 6:30:29,1
I5FX6BP4GU,106.402,29.2569,421852,0,130,0,14-3-29 6:32:29,1
I5FX6BP4GU,106.402,29.2569,421852,0,130,0,14-3-29 6:33:8,1
I5FX6BP4GU,106.402,29.2569,421852,0,130,0,14-3-29 6:34:30,1
I5FX6BP4GU,106.402,29.2569,421852,0,130,0,14-3-29 6:36:31,1
I5FX6BP4GU,106.402,29.2569,421852,0,130,0,14-3-29 6:38:9,1
I5FX6BP4GU,106.402,29.2569,421852,0,130,0,14-3-29 6:38:36,1
I5FX6BP4GU,106.402,29.2569,421852,0,130,0,14-3-29 6:40:35,1
I5FX6BP4GU,106.402,29.2569,421852,0,130,0,14-3-29 6:42:35,1
I5FX6BP4GU,106.402,29.2569,421852,0,130,0,14-3-29 6:43:11,1
I5FX6BP4GU,106.402,29.2569,421852,0,130,0,14-3-29 6:44:36,1
I5FX6BP4GU,106.402,29.2569,421852,0,130,0,14-3-29 6:46:37,1
I5FX6BP4GU,106.402,29.2569,421852,0,130,0,14-3-29 6:48:11,1
I5FX6BP4GU,106.402,29.2569,421852,0,130,0,14-3-29 6:48:41,1
I5FX6BP4GU,106.402,29.2569,421852,0,130,0,14-3-29 6:50:41,1
I5FX6BP4GU,106.402,29.2569,421852,0,130,0,14-3-29 6:52:41,1
I5FX6BP4GU,106.402,29.2569,421852,0,130,0,14-3-29 6:53:12,1
I5FX6BP4GU,106.402,29.2569,421852,0,130,0,14-3-29 6:54:41,1
I5FX6BP4GU,106.402,29.2569,421852,0,130,0,14-3-29 6:56:41,1
I5FX6BP4GU,106.402,29.2569,421852,0,130,0,14-3-29 6:58:14,1
I5FX6BP4GU,106.402,29.2569,421852,0,130,0,14-3-29 6:58:41,1
I5FX6BP4GU,106.402,29.2569,421852,0,130,0,14-3-29 7:0:41,1
I5FX6BP4GU,106.402,29.2569,421852,0,130,0,14-3-29 7:3:22,1
I5FX6BP4GU,106.402,29.2569,421852,0,130,0,14-3-29 7:4:41,1
I5FX6BP4GU,106.402,29.2569,421852,0,130,0,14-3-29 7:6:41,1
I5FX6BP4GU,106.402,29.2569,421852,0,130,0,14-3-29 7:8:23,1
I5FX6BP4GU,106.402,29.2569,421852,0,130,0,14-3-29 7:8:41,1
I5FX6BP4GU,106.402,29.2569,421852,0,130,0,14-3-29 7:10:45,1
I5FX6BP4GU,106.402,29.2569,421852,0,130,0,14-3-29 7:12:47,1
I5FX6BP4GU,106.402,29.2569,421852,0,130,0,14-3-29 7:13:24,1
I5FX6BP4GU,106.402,29.2569,421852,0,130,0,14-3-29 7:14:47,1
I5FX6BP4GU,106.402,29.2569,421852,0,130,0,14-3-29 7:16:47,1
I5FX6BP4GU,106.402,29.2569,421852,0,130,0,14-3-29 7:18:25,1
I5FX6BP4GU,106.402,29.2569,421852,0,130,0,14-3-29 7:18:47,1
I5FX6BP4GU,106.402,29.2569,421852,0,130,0,14-3-29 7:20:51,1
I5FX6BP4GU,106.402,29.2569,421852,0,130,0,14-3-29 7:22:53,1
I5FX6BP4GU,106.402,29.2569,421852,0,130,0,14-3-29 7:23:26,1
I5FX6BP4GU,106.402,29.2569,421852,0,130,0,14-3-29 7:24:53,1
I5FX6BP4GU,106.402,29.2569,421852,0,130,0,14-3-29 7:26:53,1
I5FX6BP4GU,106.402,29.2569,421852,0,130,0,14-3-29 7:28:27,1
I5FX6BP4GU,106.402,29.2569,421852,0,130,0,14-3-29 7:28:53,1
I5FX6BP4GU,106.402,29.2569,421852,0,130,0,14-3-29 7:30:57,1
I5FX6BP4GU,106.402,29.2569,421852,0,130,0,14-3-29 7:32:59,1
I5FX6BP4GU,106.402,29.2569,421852,0,130,0,14-3-29 7:33:28,1
I5FX6BP4GU,106.402,29.2569,421852,0,130,0,14-3-29 7:34:59,1
I5FX6BP4GU,106.402,29.2569,421852,0,130,0,14-3-29 7:36:59,1
I5FX6BP4GU,106.402,29.2569,421852,0,130,0,14-3-29 7:38:29,1
I5FX6BP4GU,106.402,29.2569,421852,0,130,0,14-3-29 7:38:59,1
I5FX6BP4GU,106.402,29.2569,421852,0,130,0,14-3-29 7:41:3,1
I5FX6BP4GU,106.402,29.2569,421852,0,130,0,14-3-29 7:43:5,1
I5FX6BP4GU,106.402,29.2569,421852,0,130,0,14-3-29 7:43:30,1
I5FX6BP4GU,106.402,29.2569,421852,0,130,0,14-3-29 7:45:5,1
I5FX6BP4GU,106.402,29.2569,421852,0,130,0,14-3-29 7:47:5,1
I5FX6BP4GU,106.402,29.2569,421852,0,130,0,14-3-29 7:48:33,1
I5FX6BP4GU,106.402,29.2569,421852,0,130,0,14-3-29 7:49:5,1
I5FX6BP4GU,106.402,29.2569,421852,0,130,0,14-3-29 7:51:8,1
I5FX6BP4GU,106.402,29.2569,421852,0,130,0,14-3-29 7:53:11,1
I5FX6BP4GU,106.402,29.2569,421852,0,130,0,14-3-29 7:53:40,1
I5FX6BP4GU,106.402,29.2569,421852,0,130,0,14-3-29 7:55:11,1
I5FX6BP4GU,106.402,29.2569,421852,0,130,0,14-3-29 7:57:11,1
I5FX6BP4GU,106.402,29.2569,421852,0,130,0,14-3-29 7:58:41,1
I5FX6BP4GU,106.402,29.2569,421852,0,130,0,14-3-29 7:59:12,1
I5FX6BP4GU,106.402,29.2569,421852,0,130,0,14-3-29 8:1:14,1
I5FX6BP4GU,106.295,29.6817,421852,0,130,0,14-3-29 8:3:17,1
I5FX6BP4GU,106.295,29.6817,421852,0,130,0,14-3-29 8:3:42,1
I5FX6BP4GU,106.295,29.6817,421852,0,130,0,14-3-29 8:5:17,1
I5FX6BP4GU,106.295,29.6817,421852,0,130,0,14-3-29 8:7:17,1
I5FX6BP4GU,106.295,29.6817,421852,0,130,0,14-3-29 8:8:45,1
I5FX6BP4GU,106.295,29.6817,421852,0,130,0,14-3-29 8:9:17,1
I5FX6BP4GU,106.295,29.6817,421852,0,130,0,14-3-29 8:11:20,1
I5FX6BP4GU,106.295,29.6817,421852,0,130,0,14-3-29 8:13:48,1
I5FX6BP4GU,106.295,29.6817,421852,0,130,0,14-3-29 8:15:23,1
I5FX6BP4GU,106.295,29.6817,421852,0,130,0,14-3-29 8:17:23,0
I5FX6BP4GU,106.295,29.6817,421852,0,130,0,14-3-29 8:19:0,0
I5FX6BP4GU,106.295,29.6817,421852,0,130,0,14-3-29 8:19:23,0
I5FX6BP4GU,106.154,29.8044,421852,0,165,0,14-3-29 8:21:27,1
I5FX6BP4GU,106.154,29.8044,421852,0,165,0,14-3-29 8:23:30,1
I5FX6BP4GU,106.154,29.8044,421852,0,165,0,14-3-29 8:24:10,1
I5FX6BP4GU,106.154,29.8044,421852,0,165,0,14-3-29 8:25:30,1
I5FX6BP4GU,106.154,29.8044,421852,0,165,0,14-3-29 8:27:30,1
I5FX6BP4GU,106.154,29.8044,421852,0,165,0,14-3-29 8:29:34,1
I5FX6BP4GU,106.154,29.8044,421852,0,165,0,14-3-29 8:31:32,1
I5FX6BP4GU,106.154,29.8044,421852,0,165,0,14-3-29 8:33:35,1
I5FX6BP4GU,106.154,29.8044,421852,0,165,0,14-3-29 8:34:35,1
I5FX6BP4GU,106.154,29.8044,421852,0,165,0,14-3-29 8:35:34,1
I5FX6BP4GU,106.154,29.8044,421852,0,165,0,14-3-29 8:37:35,1
I5FX6BP4GU,106.154,29.8044,421852,0,165,0,14-3-29 8:39:35,1
I5FX6BP4GU,106.154,29.8044,421852,0,165,0,14-3-29 8:41:38,1
I5FX6BP4GU,106.154,29.8044,421852,0,165,0,14-3-29 8:43:40,1
I5FX6BP4GU,106.154,29.8044,421852,0,165,0,14-3-29 8:44:36,1
I5FX6BP4GU,106.154,29.8044,421852,0,165,0,14-3-29 8:45:40,1
I5FX6BP4GU,106.154,29.8044,421852,0,165,0,14-3-29 8:47:40,1
I5FX6BP4GU,106.154,29.8044,421852,0,165,0,14-3-29 8:49:40,1
I5FX6BP4GU,106.154,29.8044,421852,0,165,0,14-3-29 8:51:44,1
I5FX6BP4GU,106.154,29.8044,421852,0,165,0,14-3-29 8:53:46,1
I5FX6BP4GU,106.154,29.8044,421852,0,165,0,14-3-29 8:54:38,1
I5FX6BP4GU,106.154,29.8044,421852,0,165,0,14-3-29 8:55:46,1
I5FX6BP4GU,106.154,29.8044,421852,0,165,0,14-3-29 8:57:46,1
I5FX6BP4GU,106.154,29.8044,421852,0,165,0,14-3-29 8:59:40,1
I5FX6BP4GU,106.154,29.8044,421852,0,165,0,14-3-29 8:59:46,1
I5FX6BP4GU,106.154,29.8044,421852,0,165,0,14-3-29 9:1:50,1
I5FX6BP4GU,106.154,29.8044,421852,0,165,0,14-3-29 9:3:52,1
I5FX6BP4GU,106.154,29.8044,421852,0,165,0,14-3-29 9:4:40,1
I5FX6BP4GU,106.154,29.8044,421852,0,165,0,14-3-29 9:5:52,1
I5FX6BP4GU,106.154,29.8044,421852,0,165,0,14-3-29 9:7:52,1
I5FX6BP4GU,106.154,29.8044,421852,0,165,0,14-3-29 9:9:41,1
I5FX6BP4GU,106.154,29.8044,421852,0,165,0,14-3-29 9:9:52,1
I5FX6BP4GU,106.154,29.8044,421852,0,165,0,14-3-29 9:11:56,1
I5FX6BP4GU,106.154,29.8044,421852,0,165,0,14-3-29 9:13:58,1
I5FX6BP4GU,106.154,29.8044,421852,0,165,0,14-3-29 9:14:42,1
I5FX6BP4GU,106.154,29.8044,421852,0,165,0,14-3-29 9:15:58,1
I5FX6BP4GU,106.154,29.8044,421852,0,165,0,14-3-29 9:17:58,1
I5FX6BP4GU,106.154,29.8044,421852,0,165,0,14-3-29 9:22:46,1
I5FX6BP4GU,106.154,29.8044,421852,0,165,0,14-3-29 9:26:4,1
I5FX6BP4GU,106.154,29.8044,421852,0,165,0,14-3-29 9:27:43,1
I5FX6BP4GU,106.154,29.8044,421852,0,165,0,14-3-29 9:28:4,1
I5FX6BP4GU,106.154,29.8044,421852,0,165,0,14-3-29 9:30:4,1
I5FX6BP4GU,106.154,29.8044,421852,0,165,0,14-3-29 9:32:8,1
I5FX6BP4GU,106.154,29.8044,421852,0,165,0,14-3-29 9:32:51,1
I5FX6BP4GU,106.154,29.8044,421852,0,165,0,14-3-29 9:34:10,1
I5FX6BP4GU,106.154,29.8044,421852,0,165,0,14-3-29 9:36:10,1
I5FX6BP4GU,106.154,29.8044,421852,0,165,0,14-3-29 9:37:52,1
I5FX6BP4GU,106.154,29.8044,421852,0,165,0,14-3-29 9:38:10,1
I5FX6BP4GU,106.154,29.8044,421852,0,165,0,14-3-29 9:40:10,1
I5FX6BP4GU,106.154,29.8044,421852,0,165,0,14-3-29 9:42:14,1
I5FX6BP4GU,106.154,29.8044,421852,0,165,0,14-3-29 9:42:53,1
I5FX6BP4GU,106.154,29.8044,421852,0,165,0,14-3-29 9:44:16,1
I5FX6BP4GU,106.154,29.8044,421852,0,165,0,14-3-29 9:46:16,1
I5FX6BP4GU,106.154,29.8044,421852,0,165,0,14-3-29 9:47:54,1
I5FX6BP4GU,106.154,29.8044,421852,0,165,0,14-3-29 9:48:16,1
I5FX6BP4GU,106.154,29.8044,421852,0,165,0,14-3-29 9:50:16,1
I5FX6BP4GU,106.154,29.8044,421852,0,165,0,14-3-29 9:52:20,1
I5FX6BP4GU,106.154,29.8044,421852,0,165,0,14-3-29 9:53:3,1
I5FX6BP4GU,106.154,29.8044,421852,0,165,0,14-3-29 9:54:22,1
I5FX6BP4GU,106.154,29.8044,421852,0,165,0,14-3-29 9:56:22,1
I5FX6BP4GU,106.154,29.8044,421852,0,165,0,14-3-29 9:58:4,1
I5FX6BP4GU,106.154,29.8044,421852,0,165,0,14-3-29 9:58:22,1
I5FX6BP4GU,106.154,29.8044,421852,0,165,0,14-3-29 10:0:22,1
I5FX6BP4GU,106.154,29.8044,421852,0,165,0,14-3-29 10:2:26,1
I5FX6BP4GU,106.154,29.8044,421852,0,165,0,14-3-29 10:3:5,1
I5FX6BP4GU,106.154,29.8044,421852,0,165,0,14-3-29 10:4:28,1
I5FX6BP4GU,106.154,29.8044,421852,0,165,0,14-3-29 10:6:28,1
I5FX6BP4GU,106.154,29.8044,421852,0,165,0,14-3-29 10:8:6,1
I5FX6BP4GU,106.154,29.8044,421852,0,165,0,14-3-29 10:8:28,1
I5FX6BP4GU,106.154,29.8044,421852,0,165,0,14-3-29 10:10:28,1
I5FX6BP4GU,106.154,29.8044,421852,0,165,0,14-3-29 10:12:32,1
I5FX6BP4GU,106.154,29.8044,421852,0,165,0,14-3-29 10:13:7,1
I5FX6BP4GU,106.154,29.8044,421852,0,165,0,14-3-29 10:14:34,1
I5FX6BP4GU,106.154,29.8044,421852,0,165,0,14-3-29 10:16:34,1
I5FX6BP4GU,106.154,29.8044,421852,0,165,0,14-3-29 10:18:8,1
I5FX6BP4GU,106.154,29.8044,421852,0,165,0,14-3-29 10:18:34,1
I5FX6BP4GU,106.154,29.8044,421852,0,165,0,14-3-29 10:20:34,1
I5FX6BP4GU,106.154,29.8044,421852,0,165,0,14-3-29 10:22:37,1
I5FX6BP4GU,106.154,29.8044,421852,0,165,0,14-3-29 10:23:9,1
I5FX6BP4GU,106.154,29.8044,421852,0,165,0,14-3-29 10:24:40,1
I5FX6BP4GU,106.154,29.8044,421852,0,165,0,14-3-29 10:26:40,1
I5FX6BP4GU,106.154,29.8044,421852,0,165,0,14-3-29 10:28:10,1
I5FX6BP4GU,106.154,29.8044,421852,0,165,0,14-3-29 10:28:40,1
I5FX6BP4GU,106.154,29.8044,421852,0,165,0,14-3-29 10:30:40,1
I5FX6BP4GU,106.154,29.8044,421852,0,165,0,14-3-29 10:32:43,1
I5FX6BP4GU,106.154,29.8044,421852,0,165,0,14-3-29 10:33:11,1
I5FX6BP4GU,106.154,29.8044,421852,0,165,0,14-3-29 10:34:46,1
I5FX6BP4GU,106.154,29.8044,421852,0,165,0,14-3-29 10:36:46,1
I5FX6BP4GU,106.154,29.8044,421852,0,165,0,14-3-29 10:38:14,1
I5FX6BP4GU,106.154,29.8044,421852,0,165,0,14-3-29 10:38:46,1
I5FX6BP4GU,106.154,29.8044,421852,0,165,0,14-3-29 10:40:46,1
I5FX6BP4GU,106.154,29.8044,421852,0,165,0,14-3-29 10:42:49,1
I5FX6BP4GU,106.154,29.8044,421852,0,165,0,14-3-29 10:43:17,1
I5FX6BP4GU,106.154,29.8044,421852,0,165,0,14-3-29 10:44:52,1
I5FX6BP4GU,106.154,29.8044,421852,0,165,0,14-3-29 10:46:52,1
I5FX6BP4GU,106.154,29.8044,421852,0,165,0,14-3-29 10:48:20,1
I5FX6BP4GU,106.154,29.8044,421852,0,165,0,14-3-29 10:48:52,1
I5FX6BP4GU,106.154,29.8044,421852,0,165,0,14-3-29 10:50:52,1
I5FX6BP4GU,106.154,29.8044,421852,0,165,0,14-3-29 10:52:55,1
I5FX6BP4GU,106.154,29.8044,421852,0,165,0,14-3-29 10:53:23,1
I5FX6BP4GU,106.154,29.8044,421852,0,165,0,14-3-29 10:54:58,1
I5FX6BP4GU,106.154,29.8044,421852,0,165,0,14-3-29 10:56:58,1
I5FX6BP4GU,106.154,29.8044,421852,0,165,0,14-3-29 10:58:26,1
I5FX6BP4GU,106.154,29.8044,421852,0,165,0,14-3-29 10:58:58,1
I5FX6BP4GU,106.154,29.8044,421852,0,165,0,14-3-29 11:0:58,1
I5FX6BP4GU,106.154,29.8044,421852,0,165,0,14-3-29 11:3:1,1
I5FX6BP4GU,106.154,29.8044,421852,0,165,0,14-3-29 11:3:29,1
I5FX6BP4GU,106.154,29.8044,421852,0,165,0,14-3-29 11:5:4,1
I5FX6BP4GU,106.154,29.8044,421852,0,165,0,14-3-29 11:7:4,1
I5FX6BP4GU,106.154,29.8044,421852,0,165,0,14-3-29 11:8:32,1
I5FX6BP4GU,106.154,29.8044,421852,0,165,0,14-3-29 11:9:4,1
I5FX6BP4GU,106.154,29.8044,421852,0,165,0,14-3-29 11:11:3,1
I5FX6BP4GU,106.154,29.8044,421852,0,165,0,14-3-29 11:13:7,1
I5FX6BP4GU,106.154,29.8044,421852,0,165,0,14-3-29 11:13:35,1
I5FX6BP4GU,106.154,29.8044,421852,0,165,0,14-3-29 11:15:10,1
I5FX6BP4GU,106.154,29.8044,421852,0,165,0,14-3-29 11:17:9,1
I5FX6BP4GU,106.154,29.8044,421852,0,165,0,14-3-29 11:18:38,1
I5FX6BP4GU,106.154,29.8044,421852,0,165,0,14-3-29 11:19:10,1
I5FX6BP4GU,106.154,29.8044,421852,0,165,0,14-3-29 11:21:9,1
I5FX6BP4GU,106.154,29.8044,421852,0,165,0,14-3-29 11:23:13,1
I5FX6BP4GU,106.154,29.8044,421852,0,165,0,14-3-29 11:23:41,1
I5FX6BP4GU,106.154,29.8044,421852,0,165,0,14-3-29 11:25:15,1
I5FX6BP4GU,106.154,29.8044,421852,0,165,0,14-3-29 11:27:15,1
I5FX6BP4GU,106.154,29.8044,421852,0,165,0,14-3-29 11:28:44,1
I5FX6BP4GU,106.154,29.8044,421852,0,165,0,14-3-29 11:29:15,1
I5FX6BP4GU,106.154,29.8044,421852,0,165,0,14-3-29 11:31:15,1
I5FX6BP4GU,106.154,29.8044,421852,0,165,0,14-3-29 11:33:19,1
I5FX6BP4GU,106.154,29.8044,421852,0,165,0,14-3-29 11:33:47,1
I5FX6BP4GU,106.154,29.8044,421852,0,165,0,14-3-29 11:35:21,1
I5FX6BP4GU,106.154,29.8044,421852,0,165,0,14-3-29 11:37:21,1
I5FX6BP4GU,106.154,29.8044,421852,0,165,0,14-3-29 11:38:50,1
I5FX6BP4GU,106.154,29.8044,421852,0,165,0,14-3-29 11:39:21,1
I5FX6BP4GU,106.154,29.8044,421852,0,165,0,14-3-29 11:41:21,1
I5FX6BP4GU,106.154,29.8044,421852,0,165,0,14-3-29 11:43:25,1
I5FX6BP4GU,106.154,29.8044,421852,0,165,0,14-3-29 11:43:53,1
I5FX6BP4GU,106.154,29.8044,421852,0,165,0,14-3-29 11:45:27,1
I5FX6BP4GU,106.154,29.8044,421852,0,165,0,14-3-29 11:47:27,1
I5FX6BP4GU,106.154,29.8044,421852,0,165,0,14-3-29 11:48:56,1
I5FX6BP4GU,106.154,29.8044,421852,0,165,0,14-3-29 11:49:27,1
I5FX6BP4GU,106.154,29.8044,421852,0,165,0,14-3-29 11:51:28,1
I5FX6BP4GU,106.154,29.8044,421852,0,165,0,14-3-29 11:53:59,1
I5FX6BP4GU,106.154,29.8044,421852,0,165,0,14-3-29 11:55:33,1
I5FX6BP4GU,106.154,29.8044,421852,0,165,0,14-3-29 11:57:33,1
I5FX6BP4GU,106.154,29.8044,421852,0,165,0,14-3-29 11:59:2,1
I5FX6BP4GU,106.154,29.8044,421852,0,165,0,14-3-29 11:59:33,1
I5FX6BP4GU,106.154,29.8044,421852,0,165,0,14-3-29 12:1:33,1
I5FX6BP4GU,106.154,29.8044,421852,0,165,0,14-3-29 12:3:37,1
I5FX6BP4GU,106.154,29.8044,421852,0,165,0,14-3-29 12:4:5,1
I5FX6BP4GU,106.154,29.8044,421852,0,165,0,14-3-29 12:5:39,1
I5FX6BP4GU,106.154,29.8044,421852,0,165,0,14-3-29 12:7:39,1
I5FX6BP4GU,106.154,29.8044,421852,0,165,0,14-3-29 12:9:8,1
I5FX6BP4GU,106.154,29.8044,421852,0,165,0,14-3-29 12:9:39,1
I5FX6BP4GU,106.154,29.8044,421852,0,165,0,14-3-29 12:11:39,1
I5FX6BP4GU,106.154,29.8044,421852,0,165,0,14-3-29 12:13:43,1
I5FX6BP4GU,106.154,29.8044,421852,0,165,0,14-3-29 12:14:11,1
I5FX6BP4GU,106.154,29.8044,421852,0,165,0,14-3-29 12:15:45,1
I5FX6BP4GU,106.154,29.8044,421852,0,165,0,14-3-29 12:17:45,1
I5FX6BP4GU,106.154,29.8044,421852,0,165,0,14-3-29 12:19:14,1
I5FX6BP4GU,106.154,29.8044,421852,0,165,0,14-3-29 12:19:45,1
I5FX6BP4GU,106.154,29.8044,421852,0,165,0,14-3-29 12:21:45,1
I5FX6BP4GU,106.154,29.8044,421852,0,165,0,14-3-29 12:23:49,1
I5FX6BP4GU,106.154,29.8044,421852,0,165,0,14-3-29 12:24:17,1
I5FX6BP4GU,105.224,30.6125,421852,0,0,0,14-3-29 12:25:51,1
I5FX6BP4GU,105.224,30.6125,421852,0,0,0,14-3-29 12:27:51,1
I5FX6BP4GU,105.224,30.6125,421852,0,0,0,14-3-29 12:29:20,1
I5FX6BP4GU,105.224,30.6125,421852,0,0,0,14-3-29 12:29:51,1
I5FX6BP4GU,105.224,30.6125,421852,0,0,0,14-3-29 12:31:51,1
I5FX6BP4GU,105.224,30.6125,421852,0,0,0,14-3-29 12:33:55,1
I5FX6BP4GU,105.224,30.6125,421852,0,0,0,14-3-29 12:34:23,1
I5FX6BP4GU,105.224,30.6125,421852,0,0,0,14-3-29 12:35:57,1
I5FX6BP4GU,105.224,30.6125,421852,0,0,0,14-3-29 12:37:57,1
I5FX6BP4GU,105.224,30.6125,421852,0,0,0,14-3-29 12:39:26,1
I5FX6BP4GU,105.224,30.6125,421852,0,0,0,14-3-29 12:39:57,1
I5FX6BP4GU,105.224,30.6125,421852,0,0,0,14-3-29 12:41:57,1
I5FX6BP4GU,105.224,30.6125,421852,0,0,0,14-3-29 12:44:1,1
I5FX6BP4GU,105.224,30.6125,421852,0,0,0,14-3-29 12:44:29,1
I5FX6BP4GU,105.224,30.6125,421852,0,0,0,14-3-29 12:46:3,1
I5FX6BP4GU,105.224,30.6126,421852,0,0,0,14-3-29 12:48:3,1
I5FX6BP4GU,105.224,30.6126,421852,0,0,0,14-3-29 12:49:31,1
I5FX6BP4GU,105.224,30.6126,421852,0,0,0,14-3-29 12:50:3,1
I5FX6BP4GU,105.224,30.6126,421852,0,0,0,14-3-29 12:52:3,1
I5FX6BP4GU,105.224,30.6126,421852,0,0,0,14-3-29 12:54:7,1
I5FX6BP4GU,105.224,30.6126,421852,0,0,0,14-3-29 12:54:37,1
I5FX6BP4GU,105.224,30.6126,421852,0,0,0,14-3-29 12:56:9,1
I5FX6BP4GU,105.224,30.6126,421852,0,0,0,14-3-29 12:58:9,1
I5FX6BP4GU,105.224,30.6126,421852,0,0,0,14-3-29 12:59:46,1
I5FX6BP4GU,105.224,30.6126,421852,0,0,0,14-3-29 13:0:9,1
I5FX6BP4GU,105.224,30.6126,421852,0,0,0,14-3-29 13:2:9,1
I5FX6BP4GU,105.224,30.6126,421852,0,0,0,14-3-29 13:4:13,1
I5FX6BP4GU,105.224,30.6126,421852,0,0,0,14-3-29 13:4:47,1
I5FX6BP4GU,105.224,30.6126,421852,0,0,0,14-3-29 13:6:15,1
I5FX6BP4GU,105.224,30.6126,421852,0,0,0,14-3-29 13:8:15,1
I5FX6BP4GU,105.224,30.6126,421852,0,0,0,14-3-29 13:9:48,1
I5FX6BP4GU,105.224,30.6126,421852,0,0,0,14-3-29 13:10:15,1
I5FX6BP4GU,105.224,30.6126,421852,0,0,0,14-3-29 13:12:15,1
I5FX6BP4GU,105.224,30.6126,421852,0,0,0,14-3-29 13:14:18,1
I5FX6BP4GU,105.224,30.6126,421852,0,0,0,14-3-29 13:14:49,1
I5FX6BP4GU,105.224,30.6126,421852,0,0,0,14-3-29 13:16:21,1
I5FX6BP4GU,105.224,30.6126,421852,0,0,0,14-3-29 13:18:21,1
I5FX6BP4GU,105.224,30.6126,421852,0,0,0,14-3-29 13:19:50,1
I5FX6BP4GU,105.224,30.6126,421852,0,0,0,14-3-29 13:20:21,1
I5FX6BP4GU,105.224,30.6126,421852,0,0,0,14-3-29 13:22:21,1
I5FX6BP4GU,105.224,30.6126,421852,0,0,0,14-3-29 13:24:24,1
I5FX6BP4GU,105.224,30.6126,421852,0,0,0,14-3-29 13:24:52,1
I5FX6BP4GU,105.224,30.6126,421852,0,0,0,14-3-29 13:26:27,1
I5FX6BP4GU,105.224,30.6126,421852,0,0,0,14-3-29 13:28:27,1
I5FX6BP4GU,105.224,30.6126,421852,0,0,0,14-3-29 13:29:55,1
I5FX6BP4GU,105.224,30.6126,421852,0,0,0,14-3-29 13:30:27,1
I5FX6BP4GU,105.224,30.6126,421852,0,0,0,14-3-29 13:32:27,1
I5FX6BP4GU,105.224,30.6126,421852,0,0,0,14-3-29 13:34:30,1
I5FX6BP4GU,105.224,30.6126,421852,0,0,0,14-3-29 13:34:58,1
I5FX6BP4GU,105.224,30.6126,421852,0,0,0,14-3-29 13:36:33,1
I5FX6BP4GU,105.224,30.6126,421852,0,0,0,14-3-29 13:38:33,1
I5FX6BP4GU,105.224,30.6126,421852,0,0,0,14-3-29 13:40:1,1
I5FX6BP4GU,105.224,30.6126,421852,0,0,0,14-3-29 13:40:33,1
I5FX6BP4GU,105.224,30.6126,421852,0,0,0,14-3-29 13:42:33,1
I5FX6BP4GU,105.224,30.6126,421852,0,0,0,14-3-29 13:44:36,1
I5FX6BP4GU,105.224,30.6126,421852,0,0,0,14-3-29 13:45:4,1
I5FX6BP4GU,105.224,30.6126,421852,0,0,0,14-3-29 13:46:39,1
I5FX6BP4GU,105.224,30.6126,421852,0,0,0,14-3-29 13:48:39,1
I5FX6BP4GU,105.224,30.6126,421852,0,0,0,14-3-29 13:50:7,1
I5FX6BP4GU,105.224,30.6126,421852,0,0,0,14-3-29 13:50:39,1
I5FX6BP4GU,105.224,30.6126,421852,0,0,0,14-3-29 13:52:39,1
I5FX6BP4GU,105.224,30.6126,421852,0,0,0,14-3-29 13:54:41,1
I5FX6BP4GU,105.224,30.6126,421852,0,0,0,14-3-29 13:55:10,1
I5FX6BP4GU,105.224,30.6126,421852,0,0,0,14-3-29 13:56:44,1
I5FX6BP4GU,105.224,30.6126,421852,0,0,0,14-3-29 13:58:43,1
I5FX6BP4GU,105.224,30.6126,421852,0,0,0,14-3-29 14:0:13,1
I5FX6BP4GU,105.224,30.6126,421852,0,0,0,14-3-29 14:0:44,0
I5FX6BP4GU,104.879,30.6456,421852,0,145,0,14-3-29 14:2:43,1
I5FX6BP4GU,104.879,30.6456,421852,0,145,0,14-3-29 14:4:47,1
I5FX6BP4GU,104.879,30.6456,421852,0,145,0,14-3-29 14:5:16,1
I5FX6BP4GU,104.879,30.6456,421852,0,145,0,14-3-29 14:6:50,1
I5FX6BP4GU,104.879,30.6456,421852,0,145,0,14-3-29 14:8:49,1
I5FX6BP4GU,104.879,30.6456,421852,0,145,0,14-3-29 14:10:19,1
I5FX6BP4GU,104.879,30.6456,421852,0,145,0,14-3-29 14:10:49,1
I5FX6BP4GU,104.879,30.6456,421852,0,145,0,14-3-29 14:12:49,1
I5FX6BP4GU,104.879,30.6456,421852,0,145,0,14-3-29 14:14:54,1
I5FX6BP4GU,104.879,30.6456,421852,0,145,0,14-3-29 14:15:22,1
I5FX6BP4GU,104.879,30.6456,421852,0,145,0,14-3-29 14:16:56,1
I5FX6BP4GU,104.879,30.6456,421852,0,145,0,14-3-29 14:18:56,1
I5FX6BP4GU,104.879,30.6456,421852,0,145,0,14-3-29 14:20:25,1
I5FX6BP4GU,104.879,30.6456,421852,0,145,0,14-3-29 14:20:32,1
I5FX6BP4GU,104.879,30.6456,421852,0,145,0,14-3-29 14:20:56,1
I5FX6BP4GU,104.879,30.6456,421852,0,145,0,14-3-29 14:22:56,1
I5FX6BP4GU,104.879,30.6456,421852,0,145,0,14-3-29 14:25:0,1
I5FX6BP4GU,104.879,30.6456,421852,0,145,0,14-3-29 14:25:33,1
I5FX6BP4GU,104.879,30.6456,421852,0,145,0,14-3-29 14:27:2,1
I5FX6BP4GU,104.879,30.6456,421852,0,145,0,14-3-29 14:29:2,1
I5FX6BP4GU,104.879,30.6456,421852,0,145,0,14-3-29 14:30:34,1
I5FX6BP4GU,104.879,30.6456,421852,0,145,0,14-3-29 14:31:2,1
I5FX6BP4GU,104.484,30.6877,421852,0,140,0,14-3-29 14:33:2,0
I5FX6BP4GU,104.477,30.689,421852,0,140,0,14-3-29 14:35:6,1
I5FX6BP4GU,104.477,30.689,421852,0,140,0,14-3-29 14:35:35,1
I5FX6BP4GU,104.477,30.689,421852,0,140,0,14-3-29 14:37:8,1
I5FX6BP4GU,104.477,30.689,421852,0,140,0,14-3-29 14:39:8,1
I5FX6BP4GU,104.477,30.689,421852,0,140,0,14-3-29 14:40:37,1
I5FX6BP4GU,104.477,30.689,421852,0,140,0,14-3-29 14:41:8,1
I5FX6BP4GU,104.477,30.689,421852,0,140,0,14-3-29 14:43:8,1
I5FX6BP4GU,104.477,30.689,421852,0,140,0,14-3-29 14:45:12,1
I5FX6BP4GU,104.477,30.689,421852,0,140,0,14-3-29 14:45:40,1
I5FX6BP4GU,104.477,30.689,421852,0,140,0,14-3-29 14:47:14,1
I5FX6BP4GU,104.477,30.689,421852,0,140,0,14-3-29 14:49:14,1
I5FX6BP4GU,104.477,30.689,421852,0,140,0,14-3-29 14:50:43,1
I5FX6BP4GU,104.477,30.689,421852,0,140,0,14-3-29 14:51:14,1
I5FX6BP4GU,104.477,30.689,421852,0,140,0,14-3-29 14:53:14,1
I5FX6BP4GU,104.477,30.689,421852,0,140,0,14-3-29 14:55:17,1
I5FX6BP4GU,104.477,30.689,421852,0,140,0,14-3-29 14:55:46,1
I5FX6BP4GU,104.477,30.689,421852,0,140,0,14-3-29 14:57:29,1
I5FX6BP4GU,104.477,30.689,421852,0,140,0,14-3-29 14:59:29,1
I5FX6BP4GU,104.477,30.689,421852,0,140,0,14-3-29 15:0:49,1
I5FX6BP4GU,104.477,30.689,421852,0,140,0,14-3-29 15:1:29,1
I5FX6BP4GU,104.477,30.689,421852,0,140,0,14-3-29 15:3:30,1
I5FX6BP4GU,104.477,30.689,421852,0,140,0,14-3-29 15:5:52,1
I5FX6BP4GU,104.477,30.689,421852,0,140,0,14-3-29 15:7:31,1
I5FX6BP4GU,104.477,30.689,421852,0,140,0,14-3-29 15:9:31,1
I5FX6BP4GU,104.477,30.689,421852,0,140,0,14-3-29 15:10:55,1
I5FX6BP4GU,104.477,30.689,421852,0,140,0,14-3-29 15:11:31,1
I5FX6BP4GU,104.477,30.689,421852,0,140,0,14-3-29 15:13:32,1
I5FX6BP4GU,104.477,30.689,421852,0,140,0,14-3-29 15:15:32,1
I5FX6BP4GU,104.477,30.689,421852,0,140,0,14-3-29 15:15:58,1
I5FX6BP4GU,104.477,30.689,421852,0,140,0,14-3-29 15:17:32,1
I5FX6BP4GU,104.477,30.689,421852,0,140,0,14-3-29 15:19:32,1
I5FX6BP4GU,104.477,30.689,421852,0,140,0,14-3-29 15:21:1,1
I5FX6BP4GU,104.477,30.689,421852,0,140,0,14-3-29 15:21:32,1
I5FX6BP4GU,104.477,30.689,421852,0,140,0,14-3-29 15:23:32,1
I5FX6BP4GU,104.477,30.689,421852,0,140,0,14-3-29 15:25:36,1
I5FX6BP4GU,104.477,30.689,421852,0,140,0,14-3-29 15:26:4,1
I5FX6BP4GU,104.477,30.689,421852,0,140,0,14-3-29 15:27:38,1
I5FX6BP4GU,104.477,30.689,421852,0,140,0,14-3-29 15:29:38,1
I5FX6BP4GU,104.477,30.689,421852,0,140,0,14-3-29 15:31:7,1
I5FX6BP4GU,104.477,30.689,421852,0,140,0,14-3-29 15:31:38,1
I5FX6BP4GU,104.477,30.689,421852,0,140,0,14-3-29 15:33:38,1
I5FX6BP4GU,104.477,30.689,421852,0,140,0,14-3-29 15:35:42,1
I5FX6BP4GU,104.477,30.689,421852,0,140,0,14-3-29 15:36:10,1
I5FX6BP4GU,104.477,30.689,421852,0,140,0,14-3-29 15:37:44,1
I5FX6BP4GU,104.477,30.689,421852,0,140,0,14-3-29 15:39:44,1
I5FX6BP4GU,104.477,30.689,421852,0,140,0,14-3-29 15:41:12,1
I5FX6BP4GU,104.477,30.689,421852,0,140,0,14-3-29 15:41:44,1
I5FX6BP4GU,104.477,30.689,421852,0,140,0,14-3-29 15:43:44,1
I5FX6BP4GU,104.477,30.689,421852,0,140,0,14-3-29 15:45:48,1
I5FX6BP4GU,104.477,30.689,421852,0,140,0,14-3-29 15:46:15,1
I5FX6BP4GU,104.477,30.689,421852,0,140,0,14-3-29 15:47:50,1
I5FX6BP4GU,104.477,30.689,421852,0,140,0,14-3-29 15:49:50,1
I5FX6BP4GU,104.477,30.689,421852,0,140,0,14-3-29 15:51:18,1
I5FX6BP4GU,104.477,30.689,421852,0,140,0,14-3-29 15:51:50,1
I5FX6BP4GU,104.477,30.689,421852,0,140,0,14-3-29 15:53:50,1
I5FX6BP4GU,104.477,30.689,421852,0,140,0,14-3-29 15:55:54,1
I5FX6BP4GU,104.477,30.689,421852,0,140,0,14-3-29 15:56:25,1
I5FX6BP4GU,104.477,30.689,421852,0,140,0,14-3-29 15:57:56,1
I5FX6BP4GU,104.477,30.689,421852,0,140,0,14-3-29 15:59:56,1
I5FX6BP4GU,104.477,30.689,421852,0,140,0,14-3-29 16:1:26,1
I5FX6BP4GU,104.477,30.689,421852,0,140,0,14-3-29 16:1:56,1
I5FX6BP4GU,104.477,30.689,421852,0,140,0,14-3-29 16:3:57,1
I5FX6BP4GU,104.477,30.689,421852,0,140,0,14-3-29 16:5:59,1
I5FX6BP4GU,104.477,30.689,421852,0,140,0,14-3-29 16:6:27,1
I5FX6BP4GU,104.477,30.689,421852,0,140,0,14-3-29 16:8:2,1
I5FX6BP4GU,104.477,30.689,421852,0,140,0,14-3-29 16:10:2,1
I5FX6BP4GU,104.477,30.689,421852,0,140,0,14-3-29 16:11:30,1
I5FX6BP4GU,104.477,30.689,421852,0,140,0,14-3-29 16:12:2,1
I5FX6BP4GU,104.477,30.689,421852,0,140,0,14-3-29 16:14:2,1
I5FX6BP4GU,104.477,30.689,421852,0,140,0,14-3-29 16:16:5,1
I5FX6BP4GU,104.477,30.689,421852,0,140,0,14-3-29 16:16:41,1
I5FX6BP4GU,104.477,30.689,421852,0,140,0,14-3-29 16:18:8,1
I5FX6BP4GU,104.477,30.689,421852,0,140,0,14-3-29 16:20:8,1
I5FX6BP4GU,104.477,30.689,421852,0,140,0,14-3-29 16:21:42,1
I5FX6BP4GU,104.477,30.689,421852,0,140,0,14-3-29 16:22:8,1
I5FX6BP4GU,104.477,30.689,421852,0,140,0,14-3-29 16:24:8,1
I5FX6BP4GU,104.477,30.689,421852,0,140,0,14-3-29 16:26:11,1
I5FX6BP4GU,104.477,30.689,421852,0,140,0,14-3-29 16:26:43,1
I5FX6BP4GU,104.477,30.689,421852,0,140,0,14-3-29 16:28:14,1
I5FX6BP4GU,104.477,30.689,421852,0,140,0,14-3-29 16:30:14,1
I5FX6BP4GU,104.477,30.689,421852,0,140,0,14-3-29 16:31:44,1
I5FX6BP4GU,104.477,30.689,421852,0,140,0,14-3-29 16:32:14,1
I5FX6BP4GU,104.477,30.689,421852,0,140,0,14-3-29 16:34:14,1
I5FX6BP4GU,104.477,30.689,421852,0,140,0,14-3-29 16:36:17,1
I5FX6BP4GU,104.477,30.689,421852,0,140,0,14-3-29 16:36:45,1
I5FX6BP4GU,104.477,30.689,421852,0,140,0,14-3-29 16:38:20,1
I5FX6BP4GU,104.477,30.689,421852,0,140,0,14-3-29 16:40:20,1
I5FX6BP4GU,104.477,30.689,421852,0,140,0,14-3-29 16:41:48,1
I5FX6BP4GU,104.477,30.689,421852,0,140,0,14-3-29 16:42:20,1
I5FX6BP4GU,104.477,30.689,421852,0,140,0,14-3-29 16:44:20,1
I5FX6BP4GU,104.477,30.689,421852,0,140,0,14-3-29 16:46:23,1
I5FX6BP4GU,104.477,30.689,421852,0,140,0,14-3-29 16:46:51,1
I5FX6BP4GU,104.477,30.689,421852,0,140,0,14-3-29 16:48:26,1
I5FX6BP4GU,104.477,30.689,421852,0,140,0,14-3-29 16:50:25,1
I5FX6BP4GU,104.477,30.689,421852,0,140,0,14-3-29 16:51:54,1
I5FX6BP4GU,104.477,30.689,421852,0,140,0,14-3-29 16:52:26,1
I5FX6BP4GU,104.477,30.689,421852,0,140,0,14-3-29 16:54:25,1
I5FX6BP4GU,104.477,30.689,421852,0,140,0,14-3-29 16:56:29,1
I5FX6BP4GU,104.477,30.689,421852,0,140,0,14-3-29 16:56:57,1
I5FX6BP4GU,104.477,30.689,421852,0,140,0,14-3-29 16:58:32,1
I5FX6BP4GU,104.477,30.689,421852,0,140,0,14-3-29 17:0:31,1
I5FX6BP4GU,104.477,30.689,421852,0,140,0,14-3-29 17:2:0,1
I5FX6BP4GU,104.477,30.689,421852,0,140,0,14-3-29 17:2:31,1
I5FX6BP4GU,104.477,30.689,421852,0,140,0,14-3-29 17:4:31,1
I5FX6BP4GU,104.477,30.689,421852,0,140,0,14-3-29 17:6:35,1
I5FX6BP4GU,104.477,30.689,421852,0,140,0,14-3-29 17:7:3,1
I5FX6BP4GU,104.477,30.689,421852,0,140,0,14-3-29 17:8:37,1
I5FX6BP4GU,104.477,30.689,421852,0,140,0,14-3-29 17:10:37,1
I5FX6BP4GU,104.477,30.689,421852,0,140,0,14-3-29 17:12:6,1
