I9BF4GLXSU,113.726,24.3033,177659,83,15,0,14-3-28 0:0:40,1
I9BF4GLXSU,113.735,24.3209,177681,83,15,0,14-3-28 0:2:10,1
I9BF4GLXSU,113.743,24.3383,177702,81,175,0,14-3-28 0:3:40,1
I9BF4GLXSU,113.742,24.3566,177722,75,0,0,14-3-28 0:5:10,1
I9BF4GLXSU,113.75,24.3724,177741,81,15,0,14-3-28 0:6:40,1
I9BF4GLXSU,113.758,24.3901,177762,79,5,0,14-3-28 0:8:10,1
I9BF4GLXSU,113.768,24.4063,177782,74,15,0,14-3-28 0:9:40,1
I9BF4GLXSU,113.778,24.4217,177802,81,10,0,14-3-28 0:11:10,1
I9BF4GLXSU,113.787,24.4368,177820,88,10,0,14-3-28 0:12:40,1
I9BF4GLXSU,113.795,24.4559,177843,87,5,0,14-3-28 0:14:10,1
I9BF4GLXSU,113.793,24.4746,177863,64,170,0,14-3-28 0:15:40,1
I9BF4GLXSU,113.786,24.4816,177876,55,145,0,14-3-28 0:17:10,1
I9BF4GLXSU,113.77,24.4901,177895,83,150,0,14-3-28 0:18:40,1
I9BF4GLXSU,113.752,24.4989,177915,74,155,0,14-3-28 0:20:10,1
I9BF4GLXSU,113.737,24.502,177931,48,135,0,14-3-28 0:21:40,1
I9BF4GLXSU,113.73,24.5057,177941,0,150,0,14-3-28 0:23:10,0
I9BF4GLXSU,113.73,24.5057,177941,0,150,0,14-3-28 0:24:40,0
I9BF4GLXSU,113.73,24.5057,177942,0,150,0,14-3-28 0:26:10,0
I9BF4GLXSU,113.694,24.5298,177987,62,160,0,14-3-28 0:27:41,1
I9BF4GLXSU,113.691,24.5417,178001,59,175,0,14-3-28 0:29:10,1
I9BF4GLXSU,113.691,24.5444,178005,0,0,0,14-3-28 0:30:40,0
I9BF4GLXSU,113.678,24.5703,178041,92,150,0,14-3-28 0:32:10,1
I9BF4GLXSU,113.664,24.5851,178063,98,155,0,14-3-28 0:33:40,1
I9BF4GLXSU,113.652,24.6035,178086,92,170,0,14-3-28 0:35:11,1
I9BF4GLXSU,113.652,24.6224,178107,79,165,0,14-3-28 0:36:41,1
I9BF4GLXSU,113.639,24.6316,178127,77,150,0,14-3-28 0:38:10,1
I9BF4GLXSU,113.621,24.6403,178148,72,140,0,14-3-28 0:39:41,1
I9BF4GLXSU,113.601,24.6381,178168,79,135,0,14-3-28 0:41:10,1
I9BF4GLXSU,113.593,24.6417,178177,12,165,0,14-3-28 0:42:41,1
I9BF4GLXSU,113.592,24.6426,178178,0,145,0,14-3-28 0:45:40,1
I9BF4GLXSU,113.592,24.6426,178178,0,145,0,14-3-28 0:47:15,1
I9BF4GLXSU,113.592,24.6424,178178,0,130,0,14-3-28 0:50:16,1
I9BF4GLXSU,113.592,24.6424,178178,0,130,0,14-3-28 0:53:16,1
I9BF4GLXSU,113.592,24.6424,178178,0,130,0,14-3-28 0:56:16,1
I9BF4GLXSU,113.592,24.6425,178178,0,140,0,14-3-28 0:57:46,1
I9BF4GLXSU,113.586,24.6464,178184,51,155,0,14-3-28 0:59:16,1
I9BF4GLXSU,113.576,24.6577,178200,70,160,0,14-3-28 1:0:46,1
I9BF4GLXSU,113.567,24.6703,178217,64,155,0,14-3-28 1:2:16,1
I9BF4GLXSU,113.553,24.6792,178234,75,160,0,14-3-28 1:3:46,1
I9BF4GLXSU,113.556,24.6926,178251,72,20,0,14-3-28 1:5:16,1
I9BF4GLXSU,113.57,24.7008,178269,68,35,0,14-3-28 1:6:46,1
I9BF4GLXSU,113.58,24.709,178282,59,20,0,14-3-28 1:8:15,1
I9BF4GLXSU,113.591,24.7176,178301,70,25,0,14-3-28 1:9:45,1
I9BF4GLXSU,113.591,24.7176,178303,0,25,0,14-3-28 1:11:16,0
I9BF4GLXSU,113.614,24.7423,178339,74,10,0,14-3-28 1:12:46,1
I9BF4GLXSU,113.618,24.7596,178359,77,10,0,14-3-28 1:14:16,1
I9BF4GLXSU,113.631,24.7735,178378,77,20,0,14-3-28 1:15:46,1
I9BF4GLXSU,113.64,24.7895,178398,79,15,0,14-3-28 1:17:16,1
I9BF4GLXSU,113.654,24.8013,178417,74,20,0,14-3-28 1:18:46,1
I9BF4GLXSU,113.668,24.8128,178436,81,25,0,14-3-28 1:20:16,1
I9BF4GLXSU,113.681,24.8266,178456,85,5,0,14-3-28 1:21:46,1
I9BF4GLXSU,113.691,24.8424,178477,79,30,0,14-3-28 1:23:16,1
I9BF4GLXSU,113.709,24.8518,178498,79,20,0,14-3-28 1:24:46,1
I9BF4GLXSU,113.725,24.8615,178517,72,30,0,14-3-28 1:26:16,1
I9BF4GLXSU,113.741,24.8679,178535,66,25,0,14-3-28 1:27:46,1
I9BF4GLXSU,113.753,24.88,178552,85,20,0,14-3-28 1:29:16,1
I9BF4GLXSU,113.767,24.894,178573,70,10,0,14-3-28 1:30:46,1
I9BF4GLXSU,113.774,24.9072,178589,72,5,0,14-3-28 1:32:16,1
I9BF4GLXSU,113.782,24.9245,178610,72,15,0,14-3-28 1:33:46,1
I9BF4GLXSU,113.792,24.9374,178627,74,10,0,14-3-28 1:35:16,1
I9BF4GLXSU,113.804,24.9525,178648,81,20,0,14-3-28 1:36:46,1
I9BF4GLXSU,113.82,24.9647,178668,81,25,0,14-3-28 1:38:16,1
I9BF4GLXSU,113.837,24.9754,178689,81,30,0,14-3-28 1:39:46,1
I9BF4GLXSU,113.856,24.9833,178710,79,25,0,14-3-28 1:41:16,1
I9BF4GLXSU,113.875,24.9872,178730,77,45,0,14-3-28 1:42:46,1
I9BF4GLXSU,113.893,24.9872,178749,66,40,0,14-3-28 1:44:16,1
I9BF4GLXSU,113.913,24.9856,178769,85,40,0,14-3-28 1:45:46,1
I9BF4GLXSU,113.932,24.9912,178789,77,25,0,14-3-28 1:47:16,1
I9BF4GLXSU,113.952,24.9956,178809,81,40,0,14-3-28 1:48:46,1
I9BF4GLXSU,113.97,24.9951,178828,72,35,0,14-3-28 1:50:16,1
I9BF4GLXSU,113.988,24.9965,178846,85,55,0,14-3-28 1:51:46,1
I9BF4GLXSU,114.009,24.9933,178868,83,40,0,14-3-28 1:53:16,1
I9BF4GLXSU,114.026,24.9878,178886,66,55,0,14-3-28 1:54:46,1
I9BF4GLXSU,114.04,24.9784,178903,74,65,0,14-3-28 1:56:16,1
I9BF4GLXSU,114.057,24.9733,178921,72,45,0,14-3-28 1:57:46,1
I9BF4GLXSU,114.075,24.9765,178940,72,45,0,14-3-28 1:59:16,1
I9BF4GLXSU,114.093,24.9818,178959,79,30,0,14-3-28 2:0:46,1
I9BF4GLXSU,114.11,24.9879,178977,72,25,0,14-3-28 2:2:16,1
I9BF4GLXSU,114.127,24.9961,178997,81,15,0,14-3-28 2:3:46,1
I9BF4GLXSU,114.144,25.0057,179017,74,20,0,14-3-28 2:5:16,1
I9BF4GLXSU,114.156,25.0195,179036,72,15,0,14-3-28 2:6:46,1
I9BF4GLXSU,114.17,25.0319,179056,77,30,0,14-3-28 2:8:16,1
I9BF4GLXSU,114.185,25.0435,179076,75,10,0,14-3-28 2:9:46,1
I9BF4GLXSU,114.193,25.0605,179096,81,15,0,14-3-28 2:11:16,1
I9BF4GLXSU,114.203,25.0764,179117,83,5,0,14-3-28 2:12:46,1
I9BF4GLXSU,114.212,25.0926,179136,81,10,0,14-3-28 2:14:16,1
I9BF4GLXSU,114.226,25.1046,179156,83,30,0,14-3-28 2:15:46,1
I9BF4GLXSU,114.24,25.1179,179176,79,20,0,14-3-28 2:17:16,1
I9BF4GLXSU,114.252,25.1319,179196,77,30,0,14-3-28 2:18:46,1
I9BF4GLXSU,114.27,25.1391,179216,81,30,0,14-3-28 2:20:16,1
I9BF4GLXSU,114.286,25.1492,179235,81,25,0,14-3-28 2:21:46,1
I9BF4GLXSU,114.303,25.157,179254,74,30,0,14-3-28 2:23:16,1
I9BF4GLXSU,114.318,25.169,179274,83,20,0,14-3-28 2:24:46,1
I9BF4GLXSU,114.332,25.1794,179292,70,25,0,14-3-28 2:26:16,1
I9BF4GLXSU,114.342,25.194,179311,81,5,0,14-3-28 2:27:46,1
I9BF4GLXSU,114.353,25.2105,179332,83,20,0,14-3-28 2:29:16,1
I9BF4GLXSU,114.363,25.2267,179353,77,10,0,14-3-28 2:30:46,1
I9BF4GLXSU,114.37,25.2442,179373,85,5,0,14-3-28 2:32:16,1
I9BF4GLXSU,114.384,25.2581,179394,83,15,0,14-3-28 2:33:46,1
I9BF4GLXSU,114.38,25.2765,179416,81,175,0,14-3-28 2:35:16,1
I9BF4GLXSU,114.37,25.2905,179434,57,160,0,14-3-28 2:36:46,1
I9BF4GLXSU,114.359,25.3013,179450,57,160,0,14-3-28 2:38:16,1
I9BF4GLXSU,114.357,25.3032,179453,0,90,0,14-3-28 2:39:46,1
I9BF4GLXSU,114.357,25.3033,179453,0,60,0,14-3-28 2:41:16,1
I9BF4GLXSU,114.357,25.3039,179453,0,100,0,14-3-28 2:42:46,1
I9BF4GLXSU,114.357,25.3041,179453,0,80,0,14-3-28 2:44:16,1
I9BF4GLXSU,114.357,25.3041,179453,0,175,0,14-3-28 2:45:46,1
I9BF4GLXSU,114.357,25.3041,179453,0,65,0,14-3-28 2:47:16,1
I9BF4GLXSU,114.357,25.3043,179453,0,55,0,14-3-28 2:48:46,1
I9BF4GLXSU,114.357,25.3044,179453,0,65,0,14-3-28 2:50:16,1
I9BF4GLXSU,114.357,25.3044,179453,0,40,0,14-3-28 2:51:46,1
I9BF4GLXSU,114.357,25.3044,179453,0,5,0,14-3-28 2:53:16,1
I9BF4GLXSU,114.357,25.3045,179453,0,40,0,14-3-28 2:54:46,1
I9BF4GLXSU,114.357,25.3046,179453,0,0,0,14-3-28 2:56:16,1
I9BF4GLXSU,114.356,25.3051,179453,0,50,0,14-3-28 2:57:46,1
I9BF4GLXSU,114.356,25.3053,179453,0,170,0,14-3-28 2:59:16,1
I9BF4GLXSU,114.356,25.3053,179453,0,165,0,14-3-28 3:0:46,1
I9BF4GLXSU,114.356,25.3057,179453,0,15,0,14-3-28 3:2:15,1
I9BF4GLXSU,114.356,25.3059,179453,0,45,0,14-3-28 3:3:45,1
I9BF4GLXSU,114.356,25.3059,179453,0,55,0,14-3-28 3:5:15,1
I9BF4GLXSU,114.356,25.3064,179453,0,35,0,14-3-28 3:8:15,1
I9BF4GLXSU,114.356,25.3068,179453,0,30,0,14-3-28 3:11:0,1
I9BF4GLXSU,114.356,25.3071,179453,0,25,0,14-3-28 3:13:21,1
I9BF4GLXSU,114.356,25.3074,179453,0,0,0,14-3-28 3:14:51,1
I9BF4GLXSU,114.355,25.3084,179454,20,160,0,14-3-28 3:16:21,1
I9BF4GLXSU,114.352,25.3186,179465,62,175,0,14-3-28 3:17:51,1
I9BF4GLXSU,114.352,25.3201,179468,0,175,0,14-3-28 3:19:21,0
I9BF4GLXSU,114.353,25.3508,179505,79,10,0,14-3-28 3:20:51,1
I9BF4GLXSU,114.366,25.3636,179524,74,20,0,14-3-28 3:22:21,1
I9BF4GLXSU,114.379,25.3765,179543,75,25,0,14-3-28 3:23:51,1
I9BF4GLXSU,114.393,25.3879,179562,75,15,0,14-3-28 3:25:21,1
I9BF4GLXSU,114.399,25.4034,179580,74,175,0,14-3-28 3:26:51,1
I9BF4GLXSU,114.403,25.4145,179595,0,15,0,14-3-28 3:28:21,0
I9BF4GLXSU,114.421,25.427,179621,75,35,0,14-3-28 3:29:51,1
I9BF4GLXSU,114.438,25.4333,179639,70,25,0,14-3-28 3:31:21,1
I9BF4GLXSU,114.456,25.439,179658,77,40,0,14-3-28 3:32:51,1
I9BF4GLXSU,114.474,25.4438,179676,70,30,0,14-3-28 3:34:21,1
I9BF4GLXSU,114.492,25.451,179695,75,30,0,14-3-28 3:35:51,1
I9BF4GLXSU,114.51,25.4517,179714,74,40,0,14-3-28 3:37:21,1
I9BF4GLXSU,114.529,25.4536,179733,75,35,0,14-3-28 3:38:51,1
I9BF4GLXSU,114.548,25.4534,179751,74,40,0,14-3-28 3:40:21,1
I9BF4GLXSU,114.564,25.4603,179769,72,25,0,14-3-28 3:41:51,1
I9BF4GLXSU,114.575,25.4728,179787,70,20,0,14-3-28 3:43:21,1
I9BF4GLXSU,114.592,25.4799,179805,72,20,0,14-3-28 3:44:51,1
I9BF4GLXSU,114.602,25.4926,179823,68,25,0,14-3-28 3:46:21,1
I9BF4GLXSU,114.616,25.5017,179840,72,25,0,14-3-28 3:47:51,1
I9BF4GLXSU,114.63,25.5133,179859,75,20,0,14-3-28 3:49:21,1
I9BF4GLXSU,114.646,25.5226,179877,72,30,0,14-3-28 3:50:51,1
I9BF4GLXSU,114.661,25.532,179896,77,25,0,14-3-28 3:52:21,1
I9BF4GLXSU,114.676,25.5416,179914,72,25,0,14-3-28 3:53:51,1
I9BF4GLXSU,114.689,25.553,179932,72,25,0,14-3-28 3:55:21,1
I9BF4GLXSU,114.702,25.5641,179949,66,20,0,14-3-28 3:56:51,1
I9BF4GLXSU,114.718,25.5703,179968,77,40,0,14-3-28 3:58:21,1
I9BF4GLXSU,114.738,25.571,179987,75,35,0,14-3-28 3:59:51,1
I9BF4GLXSU,114.754,25.5789,180005,74,30,0,14-3-28 4:1:21,1
I9BF4GLXSU,114.771,25.5862,180024,68,30,0,14-3-28 4:2:51,1
I9BF4GLXSU,114.782,25.5868,180036,44,0,0,14-3-28 4:4:22,1
I9BF4GLXSU,114.779,25.5982,180049,51,175,0,14-3-28 4:5:51,1
I9BF4GLXSU,114.779,25.6114,180063,64,0,0,14-3-28 4:7:22,1
I9BF4GLXSU,114.778,25.6285,180082,79,165,0,14-3-28 4:8:51,1
I9BF4GLXSU,114.778,25.646,180101,77,5,0,14-3-28 4:10:22,1
I9BF4GLXSU,114.786,25.6612,180119,70,15,0,14-3-28 4:11:52,1
I9BF4GLXSU,114.8,25.669,180137,75,35,0,14-3-28 4:13:22,1
I9BF4GLXSU,114.815,25.6802,180156,72,20,0,14-3-28 4:14:52,1
I9BF4GLXSU,114.824,25.6967,180176,90,10,0,14-3-28 4:16:22,1
I9BF4GLXSU,114.837,25.7104,180196,81,25,0,14-3-28 4:17:52,1
I9BF4GLXSU,114.852,25.7213,180216,75,25,0,14-3-28 4:19:22,1
I9BF4GLXSU,114.87,25.7301,180235,79,20,0,14-3-28 4:20:52,1
I9BF4GLXSU,114.881,25.7433,180253,75,10,0,14-3-28 4:22:22,1
I9BF4GLXSU,114.889,25.7574,180271,62,25,0,14-3-28 4:23:52,1
I9BF4GLXSU,114.893,25.7592,180275,0,15,0,14-3-28 4:26:52,1
I9BF4GLXSU,114.893,25.7592,180275,0,15,0,14-3-28 4:29:52,1
I9BF4GLXSU,114.893,25.7592,180275,0,15,0,14-3-28 4:32:21,1
I9BF4GLXSU,114.897,25.7606,180279,37,30,0,14-3-28 4:33:51,1
I9BF4GLXSU,114.911,25.768,180295,75,30,0,14-3-28 4:35:21,1
I9BF4GLXSU,114.929,25.7739,180314,79,30,0,14-3-28 4:36:51,1
I9BF4GLXSU,114.946,25.7833,180334,83,30,0,14-3-28 4:38:21,1
I9BF4GLXSU,114.96,25.7976,180355,87,10,0,14-3-28 4:39:51,1
I9BF4GLXSU,114.976,25.8066,180375,66,30,0,14-3-28 4:41:21,1
I9BF4GLXSU,114.992,25.8186,180395,85,15,0,14-3-28 4:42:51,1
I9BF4GLXSU,115.003,25.8312,180413,72,25,0,14-3-28 4:44:21,1
I9BF4GLXSU,115.022,25.8387,180434,88,30,0,14-3-28 4:45:51,1
I9BF4GLXSU,115.041,25.8435,180453,66,25,0,14-3-28 4:47:21,1
I9BF4GLXSU,115.049,25.8548,180468,57,5,0,14-3-28 4:48:51,1
I9BF4GLXSU,115.049,25.8548,180471,0,5,0,14-3-28 4:50:21,0
I9BF4GLXSU,115.062,25.8858,180510,79,15,0,14-3-28 4:51:51,1
I9BF4GLXSU,115.07,25.9024,180530,75,15,0,14-3-28 4:53:21,1
I9BF4GLXSU,115.077,25.9183,180549,74,5,0,14-3-28 4:54:51,1
I9BF4GLXSU,115.09,25.9223,180567,85,50,0,14-3-28 4:56:21,1
I9BF4GLXSU,115.111,25.9203,180588,81,40,0,14-3-28 4:57:51,1
I9BF4GLXSU,115.13,25.9257,180608,83,30,0,14-3-28 4:59:21,1
I9BF4GLXSU,115.15,25.93,180628,79,45,0,14-3-28 5:0:51,1
I9BF4GLXSU,115.17,25.9256,180649,72,50,0,14-3-28 5:2:21,1
I9BF4GLXSU,115.19,25.9272,180669,88,45,0,14-3-28 5:3:51,1
I9BF4GLXSU,115.21,25.9266,180689,79,30,0,14-3-28 5:5:21,1
I9BF4GLXSU,115.224,25.931,180705,0,35,0,14-3-28 5:6:50,0
I9BF4GLXSU,115.224,25.931,180706,0,35,0,14-3-28 5:8:21,0
I9BF4GLXSU,115.262,25.9184,180749,66,50,0,14-3-28 5:9:51,1
I9BF4GLXSU,115.279,25.9153,180766,77,55,0,14-3-28 5:11:21,1
I9BF4GLXSU,115.297,25.9042,180787,85,60,0,14-3-28 5:12:51,1
I9BF4GLXSU,115.316,25.8997,180808,83,40,0,14-3-28 5:14:21,1
I9BF4GLXSU,115.338,25.9033,180830,87,45,0,14-3-28 5:15:51,1
I9BF4GLXSU,115.358,25.8979,180851,88,60,0,14-3-28 5:17:21,1
I9BF4GLXSU,115.379,25.8912,180872,81,55,0,14-3-28 5:18:51,1
I9BF4GLXSU,115.396,25.8856,180891,70,45,0,14-3-28 5:20:21,1
I9BF4GLXSU,115.413,25.8795,180908,72,50,0,14-3-28 5:21:51,1
I9BF4GLXSU,115.429,25.8759,180925,70,55,0,14-3-28 5:23:21,1
I9BF4GLXSU,115.431,25.8751,180929,0,55,0,14-3-28 5:24:50,0
I9BF4GLXSU,115.462,25.8575,180968,87,80,0,14-3-28 5:26:21,1
I9BF4GLXSU,115.478,25.8451,180990,83,55,0,14-3-28 5:27:51,1
I9BF4GLXSU,115.494,25.8332,181011,79,55,0,14-3-28 5:29:21,1
I9BF4GLXSU,115.514,25.8266,181031,74,50,0,14-3-28 5:30:51,1
I9BF4GLXSU,115.523,25.8261,181042,0,40,0,14-3-28 5:32:20,0
I9BF4GLXSU,115.523,25.8261,181042,0,40,0,14-3-28 5:33:50,0
I9BF4GLXSU,115.523,25.8261,181042,0,40,0,14-3-28 5:35:20,0
I9BF4GLXSU,115.578,25.8309,181102,0,40,0,14-3-28 5:36:51,0
I9BF4GLXSU,115.603,25.8251,181130,81,45,0,14-3-28 5:38:21,1
I9BF4GLXSU,115.624,25.8227,181151,72,55,0,14-3-28 5:39:51,1
I9BF4GLXSU,115.641,25.8193,181172,75,50,0,14-3-28 5:41:21,1
I9BF4GLXSU,115.654,25.8103,181189,59,60,0,14-3-28 5:42:51,1
I9BF4GLXSU,115.671,25.8017,181208,81,60,0,14-3-28 5:44:21,1
I9BF4GLXSU,115.693,25.7973,181231,92,40,0,14-3-28 5:45:51,1
I9BF4GLXSU,115.714,25.7985,181252,74,50,0,14-3-28 5:47:21,1
I9BF4GLXSU,115.733,25.7968,181271,79,30,0,14-3-28 5:48:51,1
I9BF4GLXSU,115.751,25.804,181292,77,35,0,14-3-28 5:50:21,1
I9BF4GLXSU,115.769,25.8099,181310,70,40,0,14-3-28 5:51:51,1
I9BF4GLXSU,115.789,25.8157,181331,85,25,0,14-3-28 5:53:21,1
I9BF4GLXSU,115.806,25.8258,181352,79,10,0,14-3-28 5:54:51,1
I9BF4GLXSU,115.82,25.8401,181374,87,20,0,14-3-28 5:56:21,1
I9BF4GLXSU,115.836,25.852,181394,83,30,0,14-3-28 5:57:51,1
I9BF4GLXSU,115.853,25.8639,181416,88,20,0,14-3-28 5:59:21,1
I9BF4GLXSU,115.869,25.8757,181437,85,40,0,14-3-28 6:0:51,1
I9BF4GLXSU,115.889,25.8795,181458,79,45,0,14-3-28 6:2:21,1
I9BF4GLXSU,115.907,25.8745,181476,70,50,0,14-3-28 6:3:51,1
I9BF4GLXSU,115.927,25.8791,181497,87,25,0,14-3-28 6:5:21,1
I9BF4GLXSU,115.947,25.8861,181518,90,35,0,14-3-28 6:6:51,1
I9BF4GLXSU,115.964,25.8968,181540,88,0,0,14-3-28 6:8:21,1
I9BF4GLXSU,115.971,25.9152,181562,85,10,0,14-3-28 6:9:51,1
I9BF4GLXSU,115.983,25.9306,181583,87,20,0,14-3-28 6:11:21,1
I9BF4GLXSU,115.992,25.9482,181604,79,15,0,14-3-28 6:12:51,1
I9BF4GLXSU,116.002,25.9655,181626,90,10,0,14-3-28 6:14:21,1
I9BF4GLXSU,116.014,25.9805,181646,77,10,0,14-3-28 6:15:51,1
I9BF4GLXSU,116.025,25.9966,181667,81,25,0,14-3-28 6:17:21,1
I9BF4GLXSU,116.04,26.0091,181687,88,10,0,14-3-28 6:18:51,1
I9BF4GLXSU,116.043,26.0272,181707,74,5,0,14-3-28 6:20:21,1
I9BF4GLXSU,116.051,26.043,181726,83,10,0,14-3-28 6:21:51,1
I9BF4GLXSU,116.059,26.0574,181744,79,175,0,14-3-28 6:23:21,1
I9BF4GLXSU,116.065,26.0758,181766,85,15,0,14-3-28 6:24:51,1
I9BF4GLXSU,116.072,26.093,181786,79,15,0,14-3-28 6:26:21,1
I9BF4GLXSU,116.084,26.1009,181802,0,35,0,14-3-28 6:27:51,0
I9BF4GLXSU,116.094,26.1155,181824,88,0,0,14-3-28 6:29:21,1
I9BF4GLXSU,116.1,26.1348,181846,92,175,0,14-3-28 6:30:51,1
I9BF4GLXSU,116.108,26.1518,181867,81,20,0,14-3-28 6:32:21,1
I9BF4GLXSU,116.115,26.1695,181892,87,15,0,14-3-28 6:33:51,1
I9BF4GLXSU,116.122,26.188,181914,92,5,0,14-3-28 6:35:21,1
I9BF4GLXSU,116.126,26.2073,181936,74,175,0,14-3-28 6:36:51,1
I9BF4GLXSU,116.132,26.2255,181957,87,175,0,14-3-28 6:38:21,1
I9BF4GLXSU,116.134,26.2458,181979,90,5,0,14-3-28 6:39:51,1
I9BF4GLXSU,116.133,26.264,182000,81,170,0,14-3-28 6:41:21,1
I9BF4GLXSU,116.137,26.2822,182021,81,20,0,14-3-28 6:42:51,1
I9BF4GLXSU,116.147,26.2965,182040,68,10,0,14-3-28 6:44:21,1
I9BF4GLXSU,116.153,26.309,182054,37,5,0,14-3-28 6:45:51,1
I9BF4GLXSU,116.154,26.3199,182066,53,0,0,14-3-28 6:47:21,1
I9BF4GLXSU,116.154,26.3345,182082,87,175,0,14-3-28 6:48:51,1
I9BF4GLXSU,116.161,26.3528,182104,83,5,0,14-3-28 6:50:21,1
I9BF4GLXSU,116.174,26.3659,182125,77,35,0,14-3-28 6:51:51,1
I9BF4GLXSU,116.191,26.3737,182144,75,25,0,14-3-28 6:53:21,1
I9BF4GLXSU,116.211,26.3818,182166,90,15,0,14-3-28 6:54:51,1
I9BF4GLXSU,116.225,26.3965,182187,83,15,0,14-3-28 6:56:21,1
I9BF4GLXSU,116.239,26.406,182205,66,30,0,14-3-28 6:57:51,1
I9BF4GLXSU,116.253,26.4126,182220,46,30,0,14-3-28 6:59:21,1
I9BF4GLXSU,116.263,26.4206,182233,70,25,0,14-3-28 7:0:51,1
I9BF4GLXSU,116.28,26.4325,182255,92,20,0,14-3-28 7:2:22,1
I9BF4GLXSU,116.295,26.4475,182277,88,15,0,14-3-28 7:3:52,1
I9BF4GLXSU,116.302,26.4646,182297,83,10,0,14-3-28 7:5:21,1
I9BF4GLXSU,116.31,26.4815,182317,79,0,0,14-3-28 7:6:52,1
I9BF4GLXSU,116.318,26.4977,182337,79,0,0,14-3-28 7:8:22,1
I9BF4GLXSU,116.318,26.5041,182345,0,0,0,14-3-28 7:9:51,0
I9BF4GLXSU,116.326,26.5316,182379,90,175,0,14-3-28 7:11:21,1
I9BF4GLXSU,116.328,26.5506,182401,83,15,0,14-3-28 7:12:52,1
I9BF4GLXSU,116.338,26.5669,182421,81,175,0,14-3-28 7:14:22,1
I9BF4GLXSU,116.338,26.5741,182429,0,110,0,14-3-28 7:15:52,1
I9BF4GLXSU,116.34,26.581,182437,68,10,0,14-3-28 7:17:22,1
I9BF4GLXSU,116.343,26.5981,182456,85,165,0,14-3-28 7:18:52,1
I9BF4GLXSU,116.34,26.6116,182472,66,5,0,14-3-28 7:20:22,1
I9BF4GLXSU,116.335,26.6306,182494,88,0,0,14-3-28 7:21:52,1
I9BF4GLXSU,116.335,26.6509,182516,85,10,0,14-3-28 7:23:21,1
I9BF4GLXSU,116.337,26.6705,182538,88,15,0,14-3-28 7:24:52,1
I9BF4GLXSU,116.346,26.6847,182561,72,5,0,14-3-28 7:26:22,1
I9BF4GLXSU,116.348,26.702,182580,68,170,0,14-3-28 7:27:52,1
I9BF4GLXSU,116.347,26.7203,182600,83,0,0,14-3-28 7:29:22,1
I9BF4GLXSU,116.345,26.74,182622,88,170,0,14-3-28 7:30:52,1
I9BF4GLXSU,116.343,26.7589,182643,83,10,0,14-3-28 7:32:22,1
I9BF4GLXSU,116.347,26.7767,182664,83,175,0,14-3-28 7:33:52,1
I9BF4GLXSU,116.341,26.7941,182683,62,175,0,14-3-28 7:35:22,1
I9BF4GLXSU,116.342,26.8122,182703,85,175,0,14-3-28 7:36:52,1
I9BF4GLXSU,116.344,26.8308,182724,79,5,0,14-3-28 7:38:22,1
I9BF4GLXSU,116.351,26.8488,182745,81,15,0,14-3-28 7:39:52,1
I9BF4GLXSU,116.359,26.8642,182763,79,10,0,14-3-28 7:41:22,1
I9BF4GLXSU,116.367,26.8812,182783,85,0,0,14-3-28 7:42:52,1
I9BF4GLXSU,116.375,26.8993,182805,83,10,0,14-3-28 7:44:22,1
I9BF4GLXSU,116.383,26.9167,182826,77,15,0,14-3-28 7:45:52,1
I9BF4GLXSU,116.389,26.9347,182846,83,0,0,14-3-28 7:47:22,1
I9BF4GLXSU,116.396,26.95,182864,51,5,0,14-3-28 7:48:52,1
I9BF4GLXSU,116.401,26.9653,182882,83,15,0,14-3-28 7:50:22,1
I9BF4GLXSU,116.412,26.9822,182903,83,20,0,14-3-28 7:51:52,1
I9BF4GLXSU,116.426,26.9963,182924,79,5,0,14-3-28 7:53:22,1
I9BF4GLXSU,116.435,27.0105,182943,83,20,0,14-3-28 7:54:52,1
I9BF4GLXSU,116.45,27.0248,182964,79,25,0,14-3-28 7:56:22,1
I9BF4GLXSU,116.466,27.0379,182985,81,25,0,14-3-28 7:57:52,1
I9BF4GLXSU,116.481,27.0492,183005,85,10,0,14-3-28 7:59:22,1
I9BF4GLXSU,116.492,27.0668,183027,87,25,0,14-3-28 8:0:52,1
I9BF4GLXSU,116.508,27.0791,183048,77,10,0,14-3-28 8:2:22,1
I9BF4GLXSU,116.512,27.0989,183070,85,175,0,14-3-28 8:3:52,1
I9BF4GLXSU,116.515,27.1176,183091,75,0,0,14-3-28 8:5:22,1
I9BF4GLXSU,116.517,27.1366,183113,87,15,0,14-3-28 8:6:52,1
I9BF4GLXSU,116.525,27.1541,183134,81,5,0,14-3-28 8:8:22,1
I9BF4GLXSU,116.532,27.1716,183155,85,15,0,14-3-28 8:9:52,1
I9BF4GLXSU,116.543,27.1863,183175,77,30,0,14-3-28 8:11:22,1
I9BF4GLXSU,116.56,27.1949,183193,62,20,0,14-3-28 8:12:52,1
I9BF4GLXSU,116.566,27.2122,183213,83,0,0,14-3-28 8:14:22,1
I9BF4GLXSU,116.571,27.231,183235,83,15,0,14-3-28 8:15:52,1
I9BF4GLXSU,116.58,27.2472,183254,77,5,0,14-3-28 8:17:21,1
I9BF4GLXSU,116.58,27.2656,183275,81,5,0,14-3-28 8:18:51,1
I9BF4GLXSU,116.583,27.2831,183294,79,170,0,14-3-28 8:20:21,1
I9BF4GLXSU,116.585,27.3014,183315,83,10,0,14-3-28 8:21:51,1
I9BF4GLXSU,116.6,27.3135,183335,79,20,0,14-3-28 8:23:21,1
I9BF4GLXSU,116.605,27.3309,183355,77,175,0,14-3-28 8:24:51,1
I9BF4GLXSU,116.603,27.3485,183374,83,0,0,14-3-28 8:26:21,1
I9BF4GLXSU,116.608,27.366,183394,79,10,0,14-3-28 8:27:51,1
I9BF4GLXSU,116.617,27.3819,183413,77,0,0,14-3-28 8:29:21,1
I9BF4GLXSU,116.615,27.4005,183434,70,170,0,14-3-28 8:30:51,1
I9BF4GLXSU,116.617,27.4187,183454,83,0,0,14-3-28 8:32:21,1
I9BF4GLXSU,116.626,27.4356,183475,81,15,0,14-3-28 8:33:51,1
I9BF4GLXSU,116.63,27.4523,183495,83,5,0,14-3-28 8:35:21,1
I9BF4GLXSU,116.639,27.4675,183513,72,10,0,14-3-28 8:36:51,1
I9BF4GLXSU,116.643,27.476,183523,0,40,0,14-3-28 8:39:51,1
I9BF4GLXSU,116.643,27.476,183523,0,40,0,14-3-28 8:42:51,1
I9BF4GLXSU,116.643,27.476,183523,0,40,0,14-3-28 8:45:51,1
I9BF4GLXSU,116.643,27.476,183523,0,40,0,14-3-28 8:48:51,1
I9BF4GLXSU,116.643,27.476,183523,0,40,0,14-3-28 8:51:40,1
I9BF4GLXSU,116.643,27.4793,183527,35,0,0,14-3-28 8:53:10,1
I9BF4GLXSU,116.645,27.4917,183540,74,5,0,14-3-28 8:54:40,1
I9BF4GLXSU,116.655,27.508,183561,79,20,0,14-3-28 8:56:10,1
I9BF4GLXSU,116.66,27.5261,183582,83,0,0,14-3-28 8:57:40,1
I9BF4GLXSU,116.66,27.5449,183602,81,5,0,14-3-28 8:59:10,1
I9BF4GLXSU,116.66,27.5617,183622,87,165,0,14-3-28 9:0:40,1
I9BF4GLXSU,116.665,27.5796,183643,74,5,0,14-3-28 9:2:10,1
I9BF4GLXSU,116.662,27.594,183659,81,170,0,14-3-28 9:3:40,1
I9BF4GLXSU,116.667,27.6125,183680,83,0,0,14-3-28 9:5:10,1
I9BF4GLXSU,116.674,27.6283,183699,68,30,0,14-3-28 9:6:40,1
I9BF4GLXSU,116.687,27.6406,183719,85,10,0,14-3-28 9:8:10,1
I9BF4GLXSU,116.704,27.6496,183738,74,35,0,14-3-28 9:9:40,1
I9BF4GLXSU,116.722,27.6551,183757,77,30,0,14-3-28 9:11:10,1
I9BF4GLXSU,116.731,27.6694,183776,85,0,0,14-3-28 9:12:40,1
I9BF4GLXSU,116.734,27.6882,183797,77,10,0,14-3-28 9:14:10,1
I9BF4GLXSU,116.747,27.7034,183817,85,20,0,14-3-28 9:15:40,1
I9BF4GLXSU,116.763,27.7161,183838,81,20,0,14-3-28 9:17:10,1
I9BF4GLXSU,116.775,27.731,183858,83,15,0,14-3-28 9:18:40,1
I9BF4GLXSU,116.79,27.7437,183879,77,10,0,14-3-28 9:20:10,1
I9BF4GLXSU,116.801,27.7742,183915,79,170,0,14-3-28 9:23:10,1
I9BF4GLXSU,116.796,27.7919,183935,77,175,0,14-3-28 9:24:40,1
I9BF4GLXSU,116.792,27.8088,183953,81,0,0,14-3-28 9:26:10,1
I9BF4GLXSU,116.792,27.8247,183972,68,155,0,14-3-28 9:27:40,1
I9BF4GLXSU,116.777,27.832,183993,81,155,0,14-3-28 9:29:10,1
I9BF4GLXSU,116.777,27.8494,184014,68,10,0,14-3-28 9:30:40,1
I9BF4GLXSU,116.777,27.8673,184034,92,0,0,14-3-28 9:32:10,1
I9BF4GLXSU,116.772,27.8864,184055,83,0,0,14-3-28 9:33:40,1
I9BF4GLXSU,116.786,27.899,184076,83,20,0,14-3-28 9:35:10,1
I9BF4GLXSU,116.789,27.9151,184095,85,170,0,14-3-28 9:36:40,1
I9BF4GLXSU,116.791,27.9331,184115,81,5,0,14-3-28 9:38:10,1
I9BF4GLXSU,116.792,27.9514,184135,81,5,0,14-3-28 9:39:40,1
I9BF4GLXSU,116.803,27.9662,184154,79,20,0,14-3-28 9:41:10,1
I9BF4GLXSU,116.815,27.9827,184176,85,15,0,14-3-28 9:42:40,1
I9BF4GLXSU,116.829,27.9971,184197,72,15,0,14-3-28 9:44:10,1
I9BF4GLXSU,116.836,28.0136,184216,83,0,0,14-3-28 9:45:40,1
I9BF4GLXSU,116.84,28.032,184237,85,15,0,14-3-28 9:47:10,1
I9BF4GLXSU,116.854,28.0454,184257,75,15,0,14-3-28 9:48:40,1
I9BF4GLXSU,116.86,28.0617,184275,64,10,0,14-3-28 9:50:10,1
I9BF4GLXSU,116.871,28.0752,184294,79,15,0,14-3-28 9:51:40,1
I9BF4GLXSU,116.877,28.0919,184314,79,0,0,14-3-28 9:53:10,1
I9BF4GLXSU,116.881,28.1101,184334,83,15,0,14-3-28 9:54:40,1
I9BF4GLXSU,116.896,28.1221,184354,87,5,0,14-3-28 9:56:10,1
I9BF4GLXSU,116.907,28.1374,184375,81,15,0,14-3-28 9:57:40,1
I9BF4GLXSU,116.915,28.1553,184396,83,5,0,14-3-28 9:59:10,1
I9BF4GLXSU,116.924,28.171,184415,77,10,0,14-3-28 10:0:40,1
I9BF4GLXSU,116.932,28.1873,184434,83,10,0,14-3-28 10:2:10,1
I9BF4GLXSU,116.931,28.2056,184455,81,170,0,14-3-28 10:3:40,1
I9BF4GLXSU,116.928,28.2225,184474,70,170,0,14-3-28 10:5:10,1
I9BF4GLXSU,116.926,28.2403,184493,81,175,0,14-3-28 10:6:40,1
I9BF4GLXSU,116.922,28.2576,184512,75,170,0,14-3-28 10:8:10,1
I9BF4GLXSU,116.92,28.2758,184532,81,170,0,14-3-28 10:9:40,1
I9BF4GLXSU,116.926,28.288,184550,68,25,0,14-3-28 10:11:10,1
I9BF4GLXSU,116.943,28.2955,184568,77,30,0,14-3-28 10:12:40,1
I9BF4GLXSU,116.961,28.3042,184587,77,30,0,14-3-28 10:14:10,1
I9BF4GLXSU,116.979,28.3102,184606,74,35,0,14-3-28 10:15:40,1
I9BF4GLXSU,116.998,28.316,184625,74,30,0,14-3-28 10:17:10,1
I9BF4GLXSU,117.015,28.3249,184644,83,25,0,14-3-28 10:18:40,1
I9BF4GLXSU,117.031,28.3344,184663,81,30,0,14-3-28 10:20:10,1
I9BF4GLXSU,117.051,28.339,184683,75,35,0,14-3-28 10:21:40,1
I9BF4GLXSU,117.07,28.3427,184702,81,40,0,14-3-28 10:23:10,1
I9BF4GLXSU,117.09,28.3436,184722,79,40,0,14-3-28 10:24:41,1
I9BF4GLXSU,117.109,28.3489,184740,77,30,0,14-3-28 10:26:11,1
I9BF4GLXSU,117.128,28.3544,184760,81,40,0,14-3-28 10:27:41,1
I9BF4GLXSU,117.148,28.3556,184779,77,40,0,14-3-28 10:29:10,1
I9BF4GLXSU,117.167,28.3582,184798,79,40,0,14-3-28 10:30:40,1
I9BF4GLXSU,117.187,28.3594,184817,75,45,0,14-3-28 10:32:11,1
I9BF4GLXSU,117.207,28.3578,184836,75,45,0,14-3-28 10:33:41,1
I9BF4GLXSU,117.227,28.3579,184856,77,40,0,14-3-28 10:35:11,1
I9BF4GLXSU,117.247,28.36,184875,75,40,0,14-3-28 10:36:40,1
I9BF4GLXSU,117.267,28.361,184895,74,45,0,14-3-28 10:38:11,1
I9BF4GLXSU,117.285,28.3587,184912,61,50,0,14-3-28 10:39:40,1
I9BF4GLXSU,117.303,28.3545,184930,64,50,0,14-3-28 10:41:11,1
I9BF4GLXSU,117.323,28.3538,184949,79,40,0,14-3-28 10:42:41,1
I9BF4GLXSU,117.343,28.3527,184968,74,45,0,14-3-28 10:44:11,1
I9BF4GLXSU,117.384,28.3573,185009,85,40,0,14-3-28 10:47:11,1
I9BF4GLXSU,117.404,28.3564,185028,75,50,0,14-3-28 10:48:41,1
I9BF4GLXSU,117.422,28.3496,185047,79,55,0,14-3-28 10:50:11,1
I9BF4GLXSU,117.437,28.3445,185063,53,45,0,14-3-28 10:51:41,1
I9BF4GLXSU,117.455,28.346,185080,70,40,0,14-3-28 10:53:11,1
I9BF4GLXSU,117.474,28.3429,185099,70,50,0,14-3-28 10:54:41,1
I9BF4GLXSU,117.493,28.3386,185117,74,50,0,14-3-28 10:56:11,1
I9BF4GLXSU,117.511,28.3365,185135,77,40,0,14-3-28 10:57:41,1
I9BF4GLXSU,117.531,28.3415,185155,77,25,0,14-3-28 10:59:11,1
I9BF4GLXSU,117.548,28.3511,185175,83,30,0,14-3-28 11:0:41,1
I9BF4GLXSU,117.566,28.3569,185194,79,35,0,14-3-28 11:2:11,1
I9BF4GLXSU,117.585,28.3596,185212,68,40,0,14-3-28 11:3:41,1
I9BF4GLXSU,117.603,28.3589,185229,68,45,0,14-3-28 11:5:11,1
I9BF4GLXSU,117.62,28.3554,185246,74,50,0,14-3-28 11:6:41,1
I9BF4GLXSU,117.638,28.3514,185264,70,50,0,14-3-28 11:8:11,1
I9BF4GLXSU,117.656,28.3505,185281,74,40,0,14-3-28 11:9:41,1
I9BF4GLXSU,117.673,28.3531,185298,66,35,0,14-3-28 11:11:11,1
I9BF4GLXSU,117.677,28.3539,185302,0,25,0,14-3-28 11:14:11,1
I9BF4GLXSU,117.677,28.3539,185302,0,25,0,14-3-28 11:16:37,1
I9BF4GLXSU,117.677,28.3539,185302,0,85,0,14-3-28 11:18:7,1
I9BF4GLXSU,117.678,28.3538,185302,0,20,0,14-3-28 11:19:37,1
I9BF4GLXSU,117.682,28.3553,185306,42,35,0,14-3-28 11:21:7,1
I9BF4GLXSU,117.698,28.3597,185323,79,35,0,14-3-28 11:22:37,1
I9BF4GLXSU,117.718,28.3607,185342,72,40,0,14-3-28 11:24:7,1
I9BF4GLXSU,117.737,28.3646,185361,66,35,0,14-3-28 11:25:37,1
I9BF4GLXSU,117.755,28.3682,185379,68,40,0,14-3-28 11:27:7,1
I9BF4GLXSU,117.774,28.3686,185397,79,40,0,14-3-28 11:28:37,1
I9BF4GLXSU,117.794,28.3715,185417,79,30,0,14-3-28 11:30:7,1
I9BF4GLXSU,117.812,28.3819,185437,85,25,0,14-3-28 11:31:37,1
I9BF4GLXSU,117.829,28.3916,185457,77,25,0,14-3-28 11:33:7,1
I9BF4GLXSU,117.845,28.4003,185475,70,25,0,14-3-28 11:34:37,1
I9BF4GLXSU,117.857,28.4102,185491,59,15,0,14-3-28 11:36:7,1
I9BF4GLXSU,117.869,28.4229,185509,77,20,0,14-3-28 11:37:37,1
I9BF4GLXSU,117.884,28.4355,185529,81,15,0,14-3-28 11:39:7,1
I9BF4GLXSU,117.894,28.4507,185548,79,10,0,14-3-28 11:40:37,1
I9BF4GLXSU,117.905,28.4662,185568,81,10,0,14-3-28 11:42:7,1
I9BF4GLXSU,117.913,28.4837,185589,81,15,0,14-3-28 11:43:37,1
I9BF4GLXSU,117.928,28.4937,185608,68,30,0,14-3-28 11:45:7,1
I9BF4GLXSU,117.948,28.4972,185627,81,30,0,14-3-28 11:46:37,1
I9BF4GLXSU,117.965,28.5054,185646,77,35,0,14-3-28 11:48:7,1
I9BF4GLXSU,117.986,28.5093,185666,72,35,0,14-3-28 11:49:37,1
I9BF4GLXSU,118.005,28.5164,185686,87,30,0,14-3-28 11:51:7,1
I9BF4GLXSU,118.02,28.5298,185707,81,25,0,14-3-28 11:52:37,1
I9BF4GLXSU,118.036,28.5412,185728,81,15,0,14-3-28 11:54:7,1
I9BF4GLXSU,118.051,28.5538,185748,74,25,0,14-3-28 11:55:37,1
I9BF4GLXSU,118.065,28.5644,185765,77,20,0,14-3-28 11:57:7,1
I9BF4GLXSU,118.079,28.5792,185786,79,20,0,14-3-28 11:58:37,1
I9BF4GLXSU,118.096,28.5897,185807,83,30,0,14-3-28 12:0:7,1
I9BF4GLXSU,118.114,28.5977,185826,87,30,0,14-3-28 12:1:37,1
I9BF4GLXSU,118.13,28.6074,185845,70,20,0,14-3-28 12:3:7,1
I9BF4GLXSU,118.144,28.6198,185864,79,20,0,14-3-28 12:4:37,1
I9BF4GLXSU,118.157,28.632,185882,74,15,0,14-3-28 12:6:7,1
I9BF4GLXSU,118.166,28.6456,185899,64,10,0,14-3-28 12:7:37,1
I9BF4GLXSU,118.174,28.6601,185917,64,15,0,14-3-28 12:9:7,1
I9BF4GLXSU,118.184,28.6748,185936,81,10,0,14-3-28 12:10:37,1
I9BF4GLXSU,118.196,28.6897,185955,77,15,0,14-3-28 12:12:7,1
I9BF4GLXSU,118.209,28.7027,185974,70,15,0,14-3-28 12:13:37,1
I9BF4GLXSU,118.221,28.7153,185992,77,20,0,14-3-28 12:15:7,1
I9BF4GLXSU,118.236,28.7269,186011,83,20,0,14-3-28 12:16:37,1
I9BF4GLXSU,118.253,28.7382,186032,87,30,0,14-3-28 12:18:7,1
I9BF4GLXSU,118.273,28.7447,186053,79,35,0,14-3-28 12:19:37,1
I9BF4GLXSU,118.29,28.7553,186073,77,15,0,14-3-28 12:21:7,1
I9BF4GLXSU,118.303,28.7697,186093,75,20,0,14-3-28 12:22:37,1
I9BF4GLXSU,118.319,28.7803,186112,77,25,0,14-3-28 12:24:7,1
I9BF4GLXSU,118.33,28.7895,186127,66,15,0,14-3-28 12:25:37,1
I9BF4GLXSU,118.34,28.8054,186147,81,15,0,14-3-28 12:27:7,1
I9BF4GLXSU,118.349,28.8164,186162,11,20,0,14-3-28 12:28:37,1
I9BF4GLXSU,118.35,28.8169,186162,0,100,0,14-3-28 12:30:7,1
I9BF4GLXSU,118.35,28.8173,186162,11,0,0,14-3-28 12:31:37,1
I9BF4GLXSU,118.355,28.8245,186171,55,15,0,14-3-28 12:33:7,1
I9BF4GLXSU,118.366,28.8362,186188,70,20,0,14-3-28 12:34:37,1
I9BF4GLXSU,118.382,28.8466,186207,79,25,0,14-3-28 12:36:7,1
I9BF4GLXSU,118.397,28.8587,186226,79,15,0,14-3-28 12:37:37,1
I9BF4GLXSU,118.41,28.873,186247,83,20,0,14-3-28 12:39:7,1
I9BF4GLXSU,118.426,28.8852,186267,79,20,0,14-3-28 12:40:37,1
I9BF4GLXSU,118.44,28.8991,186287,81,15,0,14-3-28 12:42:7,1
I9BF4GLXSU,118.453,28.9116,186306,42,25,0,14-3-28 12:43:37,1
I9BF4GLXSU,118.456,28.9126,186309,12,25,0,14-3-28 12:45:7,1
I9BF4GLXSU,118.457,28.9131,186310,0,50,0,14-3-28 12:48:7,1
I9BF4GLXSU,118.457,28.9131,186310,0,50,0,14-3-28 12:51:7,1
I9BF4GLXSU,118.457,28.9131,186310,0,50,0,14-3-28 12:54:7,1
I9BF4GLXSU,118.457,28.9131,186310,0,50,0,14-3-28 12:57:7,1
I9BF4GLXSU,118.457,28.9131,186310,0,50,0,14-3-28 13:0:7,1
I9BF4GLXSU,118.457,28.9131,186310,0,50,0,14-3-28 13:3:7,1
I9BF4GLXSU,118.457,28.9131,186310,0,50,0,14-3-28 13:6:7,1
I9BF4GLXSU,118.457,28.9131,186310,0,165,0,14-3-28 13:7:37,1
I9BF4GLXSU,118.457,28.9129,186310,0,20,0,14-3-28 13:9:7,1
I9BF4GLXSU,118.457,28.9136,186310,7,25,0,14-3-28 13:10:37,1
I9BF4GLXSU,118.464,28.9177,186318,51,25,0,14-3-28 13:12:7,1
I9BF4GLXSU,118.478,28.9241,186333,61,35,0,14-3-28 13:13:37,1
I9BF4GLXSU,118.495,28.9263,186350,72,40,0,14-3-28 13:15:7,1
I9BF4GLXSU,118.513,28.9325,186368,72,25,0,14-3-28 13:16:37,1
I9BF4GLXSU,118.528,28.9408,186385,70,30,0,14-3-28 13:18:7,1
I9BF4GLXSU,118.546,28.9465,186404,75,35,0,14-3-28 13:19:37,1
I9BF4GLXSU,118.565,28.9506,186423,74,40,0,14-3-28 13:21:7,1
I9BF4GLXSU,118.584,28.9484,186441,75,45,0,14-3-28 13:22:37,1
I9BF4GLXSU,118.603,28.9452,186460,74,50,0,14-3-28 13:24:7,1
I9BF4GLXSU,118.623,28.9422,186479,77,45,0,14-3-28 13:25:37,1
I9BF4GLXSU,118.643,28.9426,186498,79,35,0,14-3-28 13:27:7,1
I9BF4GLXSU,118.661,28.9474,186517,62,35,0,14-3-28 13:28:37,1
I9BF4GLXSU,118.679,28.9485,186541,79,40,0,14-3-28 13:30:7,1
I9BF4GLXSU,118.701,28.9501,186562,79,35,0,14-3-28 13:31:37,1
I9BF4GLXSU,118.72,28.9563,186581,81,30,0,14-3-28 13:33:7,1
I9BF4GLXSU,118.739,28.9632,186601,87,30,0,14-3-28 13:34:38,1
I9BF4GLXSU,118.76,28.9704,186623,90,35,0,14-3-28 13:36:7,1
I9BF4GLXSU,118.78,28.9738,186643,79,35,0,14-3-28 13:37:37,1
I9BF4GLXSU,118.799,28.9803,186662,83,30,0,14-3-28 13:39:7,1
I9BF4GLXSU,118.819,28.9866,186683,81,40,0,14-3-28 13:40:37,1
I9BF4GLXSU,118.839,28.989,186702,77,35,0,14-3-28 13:42:7,1
I9BF4GLXSU,118.86,28.9951,186724,83,30,0,14-3-28 13:43:37,1
I9BF4GLXSU,118.88,29.002,186745,83,30,0,14-3-28 13:45:7,1
I9BF4GLXSU,118.901,29.007,186766,83,40,0,14-3-28 13:46:37,1
I9BF4GLXSU,118.923,29.0061,186786,83,45,0,14-3-28 13:48:8,1
I9BF4GLXSU,118.946,29.0076,186809,88,35,0,14-3-28 13:49:38,1
I9BF4GLXSU,118.968,29.0112,186830,87,35,0,14-3-28 13:51:7,1
I9BF4GLXSU,118.989,29.0177,186852,87,35,0,14-3-28 13:52:37,1
I9BF4GLXSU,119.01,29.0222,186873,87,40,0,14-3-28 13:54:8,1
I9BF4GLXSU,119.03,29.0307,186894,83,25,0,14-3-28 13:55:38,1
I9BF4GLXSU,119.049,29.0389,186914,77,35,0,14-3-28 13:57:8,1
I9BF4GLXSU,119.068,29.043,186934,85,40,0,14-3-28 13:58:38,1
I9BF4GLXSU,119.09,29.0439,186955,81,40,0,14-3-28 14:0:8,1
I9BF4GLXSU,119.111,29.0477,186975,85,35,0,14-3-28 14:1:38,1
I9BF4GLXSU,119.131,29.0558,186996,85,25,0,14-3-28 14:3:8,1
I9BF4GLXSU,119.15,29.0657,187018,75,25,0,14-3-28 14:4:38,1
I9BF4GLXSU,119.169,29.073,187037,68,30,0,14-3-28 14:6:8,1
I9BF4GLXSU,119.188,29.0792,187057,81,35,0,14-3-28 14:7:38,1
I9BF4GLXSU,119.208,29.0826,187077,83,40,0,14-3-28 14:9:8,1
I9BF4GLXSU,119.23,29.0843,187098,81,35,0,14-3-28 14:10:38,1
I9BF4GLXSU,119.25,29.0902,187118,85,30,0,14-3-28 14:12:8,1
I9BF4GLXSU,119.271,29.0958,187139,81,40,0,14-3-28 14:13:38,1
I9BF4GLXSU,119.291,29.0999,187159,81,30,0,14-3-28 14:15:8,1
I9BF4GLXSU,119.352,29.095,187220,85,45,0,14-3-28 14:19:30,1
I9BF4GLXSU,119.374,29.0968,187241,81,35,0,14-3-28 14:20:59,1
I9BF4GLXSU,119.392,29.0986,187259,68,40,0,14-3-28 14:22:29,1
I9BF4GLXSU,119.412,29.1017,187279,87,30,0,14-3-28 14:23:59,1
I9BF4GLXSU,119.431,29.114,187301,85,25,0,14-3-28 14:25:29,1
I9BF4GLXSU,119.451,29.1247,187324,94,25,0,14-3-28 14:26:59,1
I9BF4GLXSU,119.469,29.1349,187344,88,30,0,14-3-28 14:28:29,1
I9BF4GLXSU,119.492,29.1353,187367,87,45,0,14-3-28 14:29:59,1
I9BF4GLXSU,119.514,29.1359,187388,83,40,0,14-3-28 14:31:29,1
I9BF4GLXSU,119.536,29.1338,187409,83,50,0,14-3-28 14:32:59,1
I9BF4GLXSU,119.559,29.1311,187431,83,45,0,14-3-28 14:34:29,1
I9BF4GLXSU,119.58,29.1313,187452,83,40,0,14-3-28 14:35:59,1
I9BF4GLXSU,119.601,29.1349,187472,87,35,0,14-3-28 14:37:29,1
I9BF4GLXSU,119.623,29.1391,187494,83,35,0,14-3-28 14:38:59,1
I9BF4GLXSU,119.644,29.1439,187514,75,35,0,14-3-28 14:40:29,1
I9BF4GLXSU,119.664,29.1464,187534,83,40,0,14-3-28 14:41:59,1
I9BF4GLXSU,119.686,29.151,187555,87,30,0,14-3-28 14:43:29,1
I9BF4GLXSU,119.705,29.1603,187576,77,25,0,14-3-28 14:44:59,1
I9BF4GLXSU,119.722,29.1723,187597,81,20,0,14-3-28 14:46:29,1
I9BF4GLXSU,119.74,29.1829,187619,87,30,0,14-3-28 14:47:59,1
I9BF4GLXSU,119.761,29.1892,187640,85,30,0,14-3-28 14:49:29,1
I9BF4GLXSU,119.781,29.1993,187662,85,30,0,14-3-28 14:50:59,1
I9BF4GLXSU,119.802,29.2079,187683,83,25,0,14-3-28 14:52:29,1
I9BF4GLXSU,119.82,29.2179,187704,75,30,0,14-3-28 14:53:59,1
I9BF4GLXSU,119.84,29.2272,187725,83,30,0,14-3-28 14:55:29,1
I9BF4GLXSU,119.858,29.2345,187745,74,25,0,14-3-28 14:56:59,1
I9BF4GLXSU,119.874,29.2445,187763,75,25,0,14-3-28 14:58:29,1
I9BF4GLXSU,119.882,29.2484,187773,0,15,0,14-3-28 15:1:29,1
I9BF4GLXSU,119.882,29.2484,187773,0,15,0,14-3-28 15:4:29,1
I9BF4GLXSU,119.882,29.2484,187773,0,15,0,14-3-28 15:7:29,1
I9BF4GLXSU,119.882,29.2484,187773,0,15,0,14-3-28 15:9:42,1
I9BF4GLXSU,119.889,29.2518,187780,55,30,0,14-3-28 15:11:11,1
I9BF4GLXSU,119.901,29.2608,187795,64,15,0,14-3-28 15:12:41,1
I9BF4GLXSU,119.912,29.2732,187812,68,20,0,14-3-28 15:14:11,1
I9BF4GLXSU,119.923,29.2843,187828,64,20,0,14-3-28 15:15:41,1
I9BF4GLXSU,119.936,29.2937,187844,64,25,0,14-3-28 15:17:11,1
I9BF4GLXSU,119.949,29.3027,187860,62,25,0,14-3-28 15:18:41,1
I9BF4GLXSU,119.963,29.3123,187876,64,20,0,14-3-28 15:20:11,1
I9BF4GLXSU,119.974,29.3236,187892,64,15,0,14-3-28 15:21:41,1
I9BF4GLXSU,119.983,29.3361,187908,68,15,0,14-3-28 15:23:11,1
I9BF4GLXSU,119.994,29.3476,187925,72,20,0,14-3-28 15:24:41,1
I9BF4GLXSU,120.011,29.3592,187945,96,25,0,14-3-28 15:26:11,1
I9BF4GLXSU,120.023,29.3755,187967,70,5,0,14-3-28 15:27:41,1
I9BF4GLXSU,120.028,29.3905,187984,68,10,0,14-3-28 15:29:11,1
I9BF4GLXSU,120.035,29.4051,188001,66,0,0,14-3-28 15:30:41,1
I9BF4GLXSU,120.027,29.4191,188019,79,150,0,14-3-28 15:32:11,1
I9BF4GLXSU,120.02,29.4348,188039,72,5,0,14-3-28 15:33:41,1
I9BF4GLXSU,120.027,29.4503,188057,68,0,0,14-3-28 15:35:11,1
I9BF4GLXSU,120.034,29.4645,188074,72,10,0,14-3-28 15:36:41,1
I9BF4GLXSU,120.041,29.4786,188090,66,10,0,14-3-28 15:38:11,1
I9BF4GLXSU,120.052,29.4912,188108,66,30,0,14-3-28 15:39:41,1
I9BF4GLXSU,120.07,29.4963,188126,74,30,0,14-3-28 15:41:11,1
I9BF4GLXSU,120.081,29.5094,188144,72,5,0,14-3-28 15:42:41,1
I9BF4GLXSU,120.088,29.5249,188163,70,10,0,14-3-28 15:44:11,1
I9BF4GLXSU,120.1,29.5378,188180,72,20,0,14-3-28 15:45:41,1
I9BF4GLXSU,120.11,29.5512,188198,72,0,0,14-3-28 15:47:11,1
I9BF4GLXSU,120.115,29.5672,188217,74,5,0,14-3-28 15:48:41,1
I9BF4GLXSU,120.116,29.5835,188235,68,0,0,14-3-28 15:50:11,1
I9BF4GLXSU,120.122,29.5989,188252,68,10,0,14-3-28 15:51:41,1
I9BF4GLXSU,120.131,29.6126,188270,68,20,0,14-3-28 15:53:11,1
I9BF4GLXSU,120.143,29.6239,188287,68,20,0,14-3-28 15:54:41,1
I9BF4GLXSU,120.156,29.6358,188304,72,20,0,14-3-28 15:56:11,1
I9BF4GLXSU,120.164,29.6504,188322,68,0,0,14-3-28 15:57:41,1
I9BF4GLXSU,120.165,29.6665,188340,62,0,0,14-3-28 15:59:11,1
I9BF4GLXSU,120.169,29.6826,188358,72,5,0,14-3-28 16:0:41,1
I9BF4GLXSU,120.173,29.6994,188377,70,0,0,14-3-28 16:2:11,1
I9BF4GLXSU,120.175,29.7153,188394,66,5,0,14-3-28 16:3:41,1
I9BF4GLXSU,120.178,29.7305,188411,68,0,0,14-3-28 16:5:11,1
I9BF4GLXSU,120.18,29.7458,188428,64,5,0,14-3-28 16:6:41,1
I9BF4GLXSU,120.185,29.7612,188445,68,5,0,14-3-28 16:8:11,1
I9BF4GLXSU,120.189,29.7773,188463,74,10,0,14-3-28 16:9:41,1
I9BF4GLXSU,120.201,29.7896,188481,70,10,0,14-3-28 16:11:11,1
I9BF4GLXSU,120.207,29.8046,188498,72,15,0,14-3-28 16:12:41,1
I9BF4GLXSU,120.217,29.8186,188516,72,10,0,14-3-28 16:14:11,1
I9BF4GLXSU,120.22,29.8333,188532,40,0,0,14-3-28 16:15:41,1
I9BF4GLXSU,120.217,29.8425,188542,11,5,0,14-3-28 16:17:11,1
I9BF4GLXSU,120.217,29.8429,188543,0,170,0,14-3-28 16:18:41,0
I9BF4GLXSU,120.211,29.8594,188563,66,170,0,14-3-28 16:20:11,1
I9BF4GLXSU,120.21,29.8757,188582,64,5,0,14-3-28 16:21:41,1
I9BF4GLXSU,120.209,29.8903,188598,62,165,0,14-3-28 16:23:11,1
I9BF4GLXSU,120.204,29.9041,188613,64,175,0,14-3-28 16:24:41,1
I9BF4GLXSU,120.209,29.9182,188630,72,15,0,14-3-28 16:26:11,1
I9BF4GLXSU,120.218,29.9318,188647,55,10,0,14-3-28 16:27:41,1
I9BF4GLXSU,120.225,29.9426,188660,48,15,0,14-3-28 16:29:11,1
I9BF4GLXSU,120.231,29.9514,188671,59,10,0,14-3-28 16:30:41,1
I9BF4GLXSU,120.237,29.9644,188687,70,5,0,14-3-28 16:32:11,1
I9BF4GLXSU,120.244,29.9798,188704,68,10,0,14-3-28 16:33:41,1
I9BF4GLXSU,120.255,29.9915,188721,61,15,0,14-3-28 16:35:11,1
I9BF4GLXSU,120.259,30.0076,188740,81,175,0,14-3-28 16:36:41,1
I9BF4GLXSU,120.257,30.0258,188759,81,175,0,14-3-28 16:38:11,1
I9BF4GLXSU,120.259,30.0437,188779,68,5,0,14-3-28 16:39:41,1
I9BF4GLXSU,120.265,30.0572,188795,66,10,0,14-3-28 16:41:11,1
I9BF4GLXSU,120.275,30.0692,188811,64,20,0,14-3-28 16:42:41,1
I9BF4GLXSU,120.285,30.0799,188826,55,15,0,14-3-28 16:44:11,1
I9BF4GLXSU,120.29,30.0936,188842,64,0,0,14-3-28 16:45:41,1
I9BF4GLXSU,120.293,30.1075,188857,55,5,0,14-3-28 16:47:11,1
I9BF4GLXSU,120.298,30.1196,188871,64,10,0,14-3-28 16:48:42,1
I9BF4GLXSU,120.304,30.1285,188883,40,165,0,14-3-28 16:50:11,1
I9BF4GLXSU,120.306,30.1314,188888,0,25,0,14-3-28 16:51:42,1
I9BF4GLXSU,120.312,30.131,188894,44,80,0,14-3-28 16:53:12,1
I9BF4GLXSU,120.319,30.1227,188906,55,55,0,14-3-28 16:54:42,1
I9BF4GLXSU,120.328,30.119,188915,35,55,0,14-3-28 16:56:12,1
I9BF4GLXSU,120.338,30.1151,188926,33,55,0,14-3-28 16:57:42,1
I9BF4GLXSU,120.347,30.111,188935,55,60,0,14-3-28 16:59:12,1
I9BF4GLXSU,120.36,30.1032,188950,59,60,0,14-3-28 17:0:42,1
I9BF4GLXSU,120.37,30.0973,188962,0,55,0,14-3-28 17:2:11,0
I9BF4GLXSU,120.384,30.0923,188978,53,45,0,14-3-28 17:3:42,1
I9BF4GLXSU,120.398,30.0879,188993,61,50,0,14-3-28 17:5:12,1
I9BF4GLXSU,120.412,30.0852,189006,57,45,0,14-3-28 17:6:42,1
I9BF4GLXSU,120.423,30.0917,189019,57,15,0,14-3-28 17:8:12,1
I9BF4GLXSU,120.434,30.0925,189031,48,60,0,14-3-28 17:9:42,1
I9BF4GLXSU,120.439,30.0892,189037,42,60,0,14-3-28 17:11:12,1
I9BF4GLXSU,120.45,30.0826,189050,62,60,0,14-3-28 17:12:42,1
I9BF4GLXSU,120.46,30.0764,189061,29,65,0,14-3-28 17:14:12,1
I9BF4GLXSU,120.463,30.0741,189065,18,65,0,14-3-28 17:15:42,1
I9BF4GLXSU,120.467,30.0714,189069,0,25,0,14-3-28 17:17:12,1
I9BF4GLXSU,120.469,30.0698,189072,20,65,0,14-3-28 17:18:42,1
I9BF4GLXSU,120.472,30.0677,189075,0,60,0,14-3-28 17:20:12,1
I9BF4GLXSU,120.477,30.0651,189080,1,40,0,14-3-28 17:21:42,1
I9BF4GLXSU,120.477,30.065,189080,0,5,0,14-3-28 17:23:12,1
I9BF4GLXSU,120.479,30.0643,189081,0,50,0,14-3-28 17:24:42,1
I9BF4GLXSU,120.48,30.0636,189082,0,175,0,14-3-28 17:26:12,1
I9BF4GLXSU,120.482,30.0624,189084,7,55,0,14-3-28 17:27:42,1
I9BF4GLXSU,120.483,30.0621,189084,0,10,0,14-3-28 17:29:12,1
I9BF4GLXSU,120.484,30.0616,189085,0,35,0,14-3-28 17:30:42,1
I9BF4GLXSU,120.485,30.0609,189085,0,60,0,14-3-28 17:32:12,1
I9BF4GLXSU,120.486,30.0603,189086,0,40,0,14-3-28 17:33:42,1
I9BF4GLXSU,120.487,30.06,189086,0,45,0,14-3-28 17:35:12,1
I9BF4GLXSU,120.489,30.0591,189088,18,55,0,14-3-28 17:36:42,1
I9BF4GLXSU,120.491,30.0579,189090,0,45,0,14-3-28 17:38:12,1
I9BF4GLXSU,120.493,30.0567,189092,0,25,0,14-3-28 17:39:42,1
I9BF4GLXSU,120.498,30.0541,189097,0,55,0,14-3-28 17:41:12,1
I9BF4GLXSU,120.506,30.0498,189106,48,60,0,14-3-28 17:42:42,1
I9BF4GLXSU,120.52,30.0429,189120,66,60,0,14-3-28 17:44:12,1
I9BF4GLXSU,120.533,30.034,189136,55,60,0,14-3-28 17:45:42,1
I9BF4GLXSU,120.545,30.0308,189149,61,25,0,14-3-28 17:47:12,1
I9BF4GLXSU,120.555,30.0291,189160,16,90,0,14-3-28 17:48:42,1
I9BF4GLXSU,120.555,30.0248,189164,0,30,0,14-3-28 17:50:12,1
I9BF4GLXSU,120.555,30.0246,189164,0,5,0,14-3-28 17:51:42,1
I9BF4GLXSU,120.555,30.0247,189164,0,25,0,14-3-28 17:53:12,1
I9BF4GLXSU,120.555,30.0247,189164,0,75,0,14-3-28 17:56:12,1
I9BF4GLXSU,120.555,30.0247,189164,0,75,0,14-3-28 17:59:12,1
I9BF4GLXSU,120.555,30.0247,189164,0,75,0,14-3-28 18:2:12,1
I9BF4GLXSU,120.555,30.0246,189164,0,165,0,14-3-28 18:5:12,1
I9BF4GLXSU,120.555,30.0246,189164,0,165,0,14-3-28 18:8:12,1
I9BF4GLXSU,120.555,30.0246,189164,0,165,0,14-3-28 18:11:12,1
I9BF4GLXSU,120.555,30.0246,189164,0,165,0,14-3-28 18:14:12,1
I9BF4GLXSU,120.555,30.0246,189164,0,165,0,14-3-28 18:17:12,1
I9BF4GLXSU,120.555,30.0246,189164,0,165,0,14-3-28 18:20:12,1
I9BF4GLXSU,120.555,30.0246,189164,0,165,0,14-3-28 18:23:12,1
I9BF4GLXSU,120.555,30.0246,189164,0,165,0,14-3-28 18:26:12,1
I9BF4GLXSU,120.555,30.0246,189164,0,165,0,14-3-28 18:29:12,1
I9BF4GLXSU,120.555,30.0246,189164,0,165,0,14-3-28 18:32:12,1
I9BF4GLXSU,120.555,30.0246,189164,0,165,0,14-3-28 18:35:12,1
I9BF4GLXSU,120.555,30.0246,189164,0,165,0,14-3-28 18:38:12,1
I9BF4GLXSU,120.555,30.0246,189164,0,165,0,14-3-28 18:41:12,1
I9BF4GLXSU,120.555,30.0247,189164,0,50,0,14-3-28 18:43:44,1
I9BF4GLXSU,120.555,30.0247,189164,0,65,0,14-3-28 18:46:44,1
I9BF4GLXSU,120.555,30.0247,189164,0,65,0,14-3-28 18:49:44,1
I9BF4GLXSU,120.555,30.0247,189164,0,65,0,14-3-28 18:52:44,1
I9BF4GLXSU,120.555,30.0247,189164,0,65,0,14-3-28 18:55:44,1
I9BF4GLXSU,120.555,30.0247,189164,0,65,0,14-3-28 18:58:44,1
I9BF4GLXSU,120.555,30.0247,189164,0,65,0,14-3-28 19:1:44,1
I9BF4GLXSU,120.555,30.0247,189164,0,65,0,14-3-28 19:4:44,1
I9BF4GLXSU,120.555,30.0247,189164,0,65,0,14-3-28 19:7:44,1
I9BF4GLXSU,120.555,30.0247,189164,0,65,0,14-3-28 19:10:44,1
I9BF4GLXSU,120.555,30.0247,189164,0,65,0,14-3-28 19:13:44,1
I9BF4GLXSU,120.555,30.0247,189164,0,65,0,14-3-28 19:16:44,1
I9BF4GLXSU,120.555,30.0247,189164,0,65,0,14-3-28 19:19:44,1
I9BF4GLXSU,120.555,30.0247,189164,0,65,0,14-3-28 19:22:44,1
I9BF4GLXSU,120.555,30.0247,189164,0,65,0,14-3-28 19:25:44,1
I9BF4GLXSU,120.555,30.0247,189164,0,65,0,14-3-28 19:28:44,1
I9BF4GLXSU,120.555,30.0247,189164,0,65,0,14-3-28 19:31:44,1
I9BF4GLXSU,120.555,30.0247,189164,0,65,0,14-3-28 19:34:44,1
I9BF4GLXSU,120.555,30.0247,189164,0,65,0,14-3-28 19:37:44,1
I9BF4GLXSU,120.555,30.0247,189164,0,65,0,14-3-28 19:40:44,1
I9BF4GLXSU,120.555,30.0247,189164,0,65,0,14-3-28 19:43:44,1
I9BF4GLXSU,120.555,30.0247,189164,0,65,0,14-3-28 19:46:44,1
I9BF4GLXSU,120.555,30.0247,189164,0,65,0,14-3-28 19:49:44,1
I9BF4GLXSU,120.555,30.0247,189164,0,65,0,14-3-28 19:52:44,1
I9BF4GLXSU,120.555,30.0247,189164,0,65,0,14-3-28 19:55:44,1
I9BF4GLXSU,120.555,30.0247,189164,0,65,0,14-3-28 19:58:44,1
I9BF4GLXSU,120.555,30.0247,189164,0,65,0,14-3-28 20:1:45,1
I9BF4GLXSU,120.555,30.0247,189164,0,65,0,14-3-28 20:4:45,1
I9BF4GLXSU,120.555,30.0247,189164,0,65,0,14-3-28 20:7:45,1
I9BF4GLXSU,120.555,30.0247,189164,0,65,0,14-3-28 20:10:45,1
I9BF4GLXSU,120.555,30.0247,189164,0,65,0,14-3-28 20:13:45,1
I9BF4GLXSU,120.555,30.0247,189164,0,65,0,14-3-28 20:16:45,1
I9BF4GLXSU,120.555,30.0247,189164,0,65,0,14-3-28 20:19:45,1
I9BF4GLXSU,120.555,30.0247,189164,0,65,0,14-3-28 20:22:45,1
I9BF4GLXSU,120.555,30.0247,189164,0,65,0,14-3-28 20:25:45,1
I9BF4GLXSU,120.555,30.0247,189164,0,65,0,14-3-28 20:28:45,1
I9BF4GLXSU,120.555,30.0247,189164,0,65,0,14-3-28 20:31:45,1
I9BF4GLXSU,120.555,30.0247,189164,0,65,0,14-3-28 20:34:45,1
I9BF4GLXSU,120.555,30.0247,189164,0,65,0,14-3-28 20:37:45,1
I9BF4GLXSU,120.555,30.0247,189164,0,65,0,14-3-28 20:40:45,1
I9BF4GLXSU,120.555,30.0247,189164,0,155,0,14-3-28 20:42:15,1
I9BF4GLXSU,120.555,30.0247,189164,0,140,0,14-3-28 20:43:45,1
I9BF4GLXSU,120.555,30.0247,189164,0,170,0,14-3-28 20:45:15,1
I9BF4GLXSU,120.555,30.025,189164,0,150,0,14-3-28 20:46:45,1
I9BF4GLXSU,120.555,30.0255,189164,0,10,0,14-3-28 20:48:15,1
I9BF4GLXSU,120.555,30.0259,189164,0,165,0,14-3-28 20:49:45,1
I9BF4GLXSU,120.555,30.0261,189164,0,5,0,14-3-28 20:51:15,1
I9BF4GLXSU,120.555,30.0275,189165,16,0,0,14-3-28 20:52:45,1
I9BF4GLXSU,120.554,30.0302,189168,18,150,0,14-3-28 20:54:15,1
I9BF4GLXSU,120.546,30.0316,189175,38,125,0,14-3-28 20:55:45,1
I9BF4GLXSU,120.535,30.0328,189187,55,145,0,14-3-28 20:57:15,1
I9BF4GLXSU,120.524,30.0397,189200,51,150,0,14-3-28 20:58:45,1
I9BF4GLXSU,120.512,30.047,189214,61,145,0,14-3-28 21:0:15,1
I9BF4GLXSU,120.498,30.0542,189229,61,150,0,14-3-28 21:1:45,1
I9BF4GLXSU,120.488,30.0595,189240,22,150,0,14-3-28 21:3:15,1
I9BF4GLXSU,120.481,30.063,189247,7,145,0,14-3-28 21:4:45,1
I9BF4GLXSU,120.475,30.0662,189253,40,145,0,14-3-28 21:6:15,1
I9BF4GLXSU,120.468,30.0705,189261,11,155,0,14-3-28 21:7:45,1
I9BF4GLXSU,120.464,30.0739,189267,44,155,0,14-3-28 21:9:15,1
I9BF4GLXSU,120.453,30.0808,189279,51,150,0,14-3-28 21:10:45,1
I9BF4GLXSU,120.442,30.0875,189292,55,150,0,14-3-28 21:12:15,1
I9BF4GLXSU,120.428,30.096,189307,50,150,0,14-3-28 21:15:15,1
I9BF4GLXSU,120.419,30.1012,189317,12,150,0,14-3-28 21:16:45,1
I9BF4GLXSU,120.41,30.1069,189328,57,150,0,14-3-28 21:18:15,1
I9BF4GLXSU,120.403,30.1165,189341,57,0,0,14-3-28 21:19:45,1
I9BF4GLXSU,120.403,30.1278,189354,46,15,0,14-3-28 21:21:15,1
I9BF4GLXSU,120.406,30.1349,189362,40,0,0,14-3-28 21:22:45,1
I9BF4GLXSU,120.406,30.142,189370,0,0,0,14-3-28 21:24:15,1
I9BF4GLXSU,120.403,30.1499,189379,48,165,0,14-3-28 21:25:45,1
I9BF4GLXSU,120.397,30.1598,189391,59,165,0,14-3-28 21:27:15,1
I9BF4GLXSU,120.389,30.1715,189406,62,150,0,14-3-28 21:28:45,1
I9BF4GLXSU,120.382,30.1745,189413,27,140,0,14-3-28 21:30:15,1
I9BF4GLXSU,120.371,30.1746,189423,24,130,0,14-3-28 21:31:45,1
I9BF4GLXSU,120.358,30.173,189435,57,130,0,14-3-28 21:33:15,1
I9BF4GLXSU,120.345,30.1745,189448,53,140,0,14-3-28 21:34:45,1
I9BF4GLXSU,120.337,30.1784,189458,33,25,0,14-3-28 21:36:15,1
I9BF4GLXSU,120.341,30.1776,189462,31,50,0,14-3-28 21:37:45,1
I9BF4GLXSU,120.344,30.1809,189471,55,5,0,14-3-28 21:39:15,1
I9BF4GLXSU,120.348,30.1947,189487,68,5,0,14-3-28 21:40:45,1
I9BF4GLXSU,120.355,30.2091,189504,62,10,0,14-3-28 21:42:15,1
I9BF4GLXSU,120.36,30.2243,189521,74,0,0,14-3-28 21:43:45,1
I9BF4GLXSU,120.359,30.2416,189540,59,170,0,14-3-28 21:45:15,1
I9BF4GLXSU,120.357,30.2523,189552,44,170,0,14-3-28 21:46:45,1
I9BF4GLXSU,120.353,30.267,189568,72,170,0,14-3-28 21:48:15,1
I9BF4GLXSU,120.352,30.2803,189582,55,0,0,14-3-28 21:49:45,1
I9BF4GLXSU,120.354,30.2948,189598,68,5,0,14-3-28 21:51:15,1
I9BF4GLXSU,120.361,30.3077,189613,68,10,0,14-3-28 21:52:45,1
I9BF4GLXSU,120.366,30.3207,189628,46,5,0,14-3-28 21:54:15,1
I9BF4GLXSU,120.358,30.3268,189643,68,135,0,14-3-28 21:55:45,1
I9BF4GLXSU,120.341,30.3263,189658,62,130,0,14-3-28 21:57:15,1
I9BF4GLXSU,120.326,30.3242,189673,61,130,0,14-3-28 21:58:45,1
I9BF4GLXSU,120.308,30.3245,189690,70,145,0,14-3-28 22:0:15,1
I9BF4GLXSU,120.296,30.3342,189706,72,160,0,14-3-28 22:1:45,1
I9BF4GLXSU,120.281,30.3434,189723,68,140,0,14-3-28 22:3:15,1
I9BF4GLXSU,120.266,30.3505,189739,66,150,0,14-3-28 22:4:45,1
I9BF4GLXSU,120.255,30.3549,189751,42,125,0,14-3-28 22:6:15,1
I9BF4GLXSU,120.247,30.353,189760,0,140,0,14-3-28 22:7:49,1
I9BF4GLXSU,120.246,30.3529,189760,0,85,0,14-3-28 22:9:19,1
I9BF4GLXSU,120.243,30.3513,189763,33,120,0,14-3-28 22:12:19,1
I9BF4GLXSU,120.231,30.3455,189776,62,115,0,14-3-28 22:13:49,1
I9BF4GLXSU,120.217,30.337,189792,61,125,0,14-3-28 22:15:19,1
I9BF4GLXSU,120.208,30.3363,189801,1,120,0,14-3-28 22:16:49,1
I9BF4GLXSU,120.2,30.3356,189808,48,125,0,14-3-28 22:18:19,1
I9BF4GLXSU,120.198,30.3354,189809,14,130,0,14-3-28 22:19:49,1
I9BF4GLXSU,120.197,30.3354,189810,0,35,0,14-3-28 22:22:49,1
I9BF4GLXSU,120.197,30.3354,189810,0,35,0,14-3-28 22:25:18,1
I9BF4GLXSU,120.193,30.3343,189812,11,130,0,14-3-28 22:26:47,1
I9BF4GLXSU,120.189,30.3333,189815,0,45,0,14-3-28 22:28:17,1
I9BF4GLXSU,120.188,30.3327,189816,12,125,0,14-3-28 22:29:47,1
I9BF4GLXSU,120.181,30.3314,189820,3,165,0,14-3-28 22:31:17,1
I9BF4GLXSU,120.177,30.3305,189822,20,125,0,14-3-28 22:32:47,1
I9BF4GLXSU,120.167,30.3285,189831,38,140,0,14-3-28 22:34:17,1
I9BF4GLXSU,120.165,30.3295,189833,0,50,0,14-3-28 22:35:47,1
I9BF4GLXSU,120.164,30.3287,189834,24,110,0,14-3-28 22:36:29,1
I9BF4GLXSU,120.157,30.3231,189843,0,150,0,14-3-28 22:40:40,1
I9BF4GLXSU,120.157,30.3231,189843,0,50,0,14-3-28 22:42:9,1
I9BF4GLXSU,120.157,30.3231,189843,0,105,0,14-3-28 22:43:39,1
I9BF4GLXSU,120.158,30.3231,189843,0,130,0,14-3-28 22:46:39,1
I9BF4GLXSU,120.158,30.3231,189843,0,130,0,14-3-28 22:49:39,1
I9BF4GLXSU,120.158,30.3231,189843,0,130,0,14-3-28 22:51:49,1
I9BF4GLXSU,120.157,30.3231,189843,0,50,0,14-3-28 22:53:57,1
I9BF4GLXSU,120.158,30.3229,189843,0,145,0,14-3-28 22:56:56,1
I9BF4GLXSU,120.158,30.3229,189843,0,145,0,14-3-28 22:59:56,1
I9BF4GLXSU,120.158,30.3229,189843,0,145,0,14-3-28 23:2:56,1
I9BF4GLXSU,120.158,30.3229,189843,0,145,0,14-3-28 23:5:56,1
I9BF4GLXSU,120.158,30.3229,189843,0,145,0,14-3-28 23:8:56,1
I9BF4GLXSU,120.158,30.3229,189843,0,145,0,14-3-28 23:11:56,1
I9BF4GLXSU,120.158,30.3229,189843,0,145,0,14-3-28 23:25:52,1
I9BF4GLXSU,120.158,30.3229,189843,0,145,0,14-3-28 23:28:51,1
I9BF4GLXSU,120.158,30.3229,189843,0,145,0,14-3-28 23:31:51,1
I9BF4GLXSU,120.158,30.3229,189843,0,145,0,14-3-28 23:34:51,1
I9BF4GLXSU,120.158,30.3229,189843,0,145,0,14-3-28 23:37:51,1
I9BF4GLXSU,120.158,30.3229,189843,0,145,0,14-3-28 23:40:51,1
I9BF4GLXSU,120.158,30.3229,189843,0,145,0,14-3-28 23:43:52,1
I9BF4GLXSU,120.158,30.3229,189843,0,145,0,14-3-28 23:46:51,1
I9BF4GLXSU,120.158,30.3229,189843,0,145,0,14-3-28 23:49:52,1
I9BF4GLXSU,120.158,30.3229,189843,0,145,0,14-3-28 23:53:20,1
I9BF4GLXSU,120.158,30.3229,189843,0,145,0,14-3-28 23:56:20,1
I9BF4GLXSU,120.158,30.3229,189843,0,145,0,14-3-28 23:59:20,1
I9BF4GLXSU,120.158,30.3229,189843,0,145,0,14-3-29 0:2:20,1
I9BF4GLXSU,120.158,30.3229,189843,0,145,0,14-3-29 0:5:23,1
I9BF4GLXSU,120.158,30.3229,189843,0,145,0,14-3-29 0:8:23,1
I9BF4GLXSU,120.158,30.3229,189843,0,145,0,14-3-29 0:11:23,1
I9BF4GLXSU,120.158,30.3229,189843,0,145,0,14-3-29 0:14:22,1
I9BF4GLXSU,120.158,30.3229,189843,0,145,0,14-3-29 0:17:22,1
I9BF4GLXSU,120.158,30.3229,189843,0,145,0,14-3-29 0:20:22,1
I9BF4GLXSU,120.158,30.3229,189843,0,145,0,14-3-29 0:23:22,1
I9BF4GLXSU,120.158,30.3229,189843,0,145,0,14-3-29 0:26:22,1
I9BF4GLXSU,120.158,30.3229,189843,0,145,0,14-3-29 0:29:22,1
I9BF4GLXSU,120.158,30.3229,189843,0,145,0,14-3-29 0:35:22,1
I9BF4GLXSU,120.158,30.3229,189843,0,145,0,14-3-29 0:38:22,1
I9BF4GLXSU,120.158,30.3229,189843,0,145,0,14-3-29 0:41:22,1
I9BF4GLXSU,120.158,30.3229,189843,0,145,0,14-3-29 0:44:22,1
I9BF4GLXSU,120.158,30.3229,189843,0,145,0,14-3-29 0:47:22,1
I9BF4GLXSU,120.158,30.3229,189843,0,145,0,14-3-29 0:50:22,1
I9BF4GLXSU,120.158,30.3229,189843,0,145,0,14-3-29 0:53:22,1
I9BF4GLXSU,120.158,30.3229,189843,0,145,0,14-3-29 0:56:22,1
I9BF4GLXSU,120.158,30.3229,189843,0,145,0,14-3-29 0:59:22,1
I9BF4GLXSU,120.158,30.3229,189843,0,145,0,14-3-29 1:2:22,1
I9BF4GLXSU,120.158,30.3229,189843,0,145,0,14-3-29 1:5:22,1
I9BF4GLXSU,120.158,30.3229,189843,0,145,0,14-3-29 1:8:22,1
I9BF4GLXSU,120.158,30.3229,189843,0,145,0,14-3-29 1:11:22,1
I9BF4GLXSU,120.158,30.3229,189843,0,145,0,14-3-29 1:14:22,1
I9BF4GLXSU,120.158,30.3234,189843,0,10,0,14-3-29 1:17:22,1
I9BF4GLXSU,120.158,30.3234,189843,0,10,0,14-3-29 1:20:22,0
I9BF4GLXSU,120.158,30.3232,189843,0,175,0,14-3-29 1:23:22,1
I9BF4GLXSU,120.158,30.3232,189843,0,175,0,14-3-29 1:26:22,1
I9BF4GLXSU,120.158,30.3232,189843,0,175,0,14-3-29 1:29:22,1
I9BF4GLXSU,120.158,30.3232,189843,0,175,0,14-3-29 1:32:22,1
I9BF4GLXSU,120.158,30.3232,189843,0,175,0,14-3-29 1:35:22,0
I9BF4GLXSU,120.159,30.3241,189843,0,70,0,14-3-29 1:38:22,1
I9BF4GLXSU,120.158,30.3231,189843,0,110,0,14-3-29 1:41:22,1
I9BF4GLXSU,120.158,30.3233,189843,0,20,0,14-3-29 1:46:20,1
I9BF4GLXSU,120.157,30.323,189843,0,20,0,14-3-29 1:49:20,1
I9BF4GLXSU,120.157,30.323,189843,0,50,0,14-3-29 1:52:20,1
I9BF4GLXSU,120.157,30.323,189843,0,50,0,14-3-29 1:55:20,1
I9BF4GLXSU,120.157,30.323,189843,0,50,0,14-3-29 1:58:20,1
I9BF4GLXSU,120.157,30.323,189843,0,50,0,14-3-29 2:1:20,1
I9BF4GLXSU,120.157,30.323,189843,0,50,0,14-3-29 2:4:20,1
I9BF4GLXSU,120.157,30.323,189843,0,50,0,14-3-29 2:7:20,1
I9BF4GLXSU,120.157,30.323,189843,0,50,0,14-3-29 2:10:20,1
I9BF4GLXSU,120.157,30.323,189843,0,50,0,14-3-29 2:13:20,1
I9BF4GLXSU,120.157,30.323,189843,0,50,0,14-3-29 2:16:20,1
I9BF4GLXSU,120.157,30.323,189843,0,50,0,14-3-29 2:19:20,1
I9BF4GLXSU,120.157,30.323,189843,0,50,0,14-3-29 2:22:20,1
I9BF4GLXSU,120.157,30.323,189843,0,50,0,14-3-29 2:25:20,1
I9BF4GLXSU,120.157,30.323,189843,0,50,0,14-3-29 2:28:20,1
I9BF4GLXSU,120.157,30.323,189843,0,50,0,14-3-29 2:31:20,1
I9BF4GLXSU,120.157,30.323,189843,0,50,0,14-3-29 2:34:20,1
I9BF4GLXSU,120.157,30.323,189843,0,50,0,14-3-29 2:37:20,1
I9BF4GLXSU,120.157,30.323,189843,0,50,0,14-3-29 2:40:20,1
I9BF4GLXSU,120.157,30.323,189843,0,50,0,14-3-29 2:43:20,1
I9BF4GLXSU,120.157,30.323,189843,0,50,0,14-3-29 2:46:20,1
I9BF4GLXSU,120.157,30.323,189843,0,50,0,14-3-29 2:49:20,1
I9BF4GLXSU,120.157,30.323,189843,0,50,0,14-3-29 2:52:20,1
I9BF4GLXSU,120.157,30.323,189843,0,50,0,14-3-29 2:55:20,1
I9BF4GLXSU,120.157,30.323,189843,0,50,0,14-3-29 2:58:20,1
I9BF4GLXSU,120.157,30.3228,189843,0,120,0,14-3-29 3:1:20,1
I9BF4GLXSU,120.157,30.3228,189843,0,120,0,14-3-29 3:4:19,1
I9BF4GLXSU,120.157,30.3228,189843,0,120,0,14-3-29 3:7:19,1
I9BF4GLXSU,120.157,30.3228,189843,0,120,0,14-3-29 3:10:19,1
I9BF4GLXSU,120.158,30.3236,189843,0,30,0,14-3-29 3:13:19,1
I9BF4GLXSU,120.158,30.3236,189843,0,30,0,14-3-29 3:16:19,1
I9BF4GLXSU,120.158,30.3236,189843,0,30,0,14-3-29 3:19:19,1
I9BF4GLXSU,120.158,30.3236,189843,0,30,0,14-3-29 3:22:20,1
I9BF4GLXSU,120.158,30.3236,189843,0,30,0,14-3-29 3:25:19,1
I9BF4GLXSU,120.157,30.3231,189843,0,130,0,14-3-29 3:28:19,1
I9BF4GLXSU,120.157,30.3231,189843,0,130,0,14-3-29 3:31:18,1
I9BF4GLXSU,120.157,30.3231,189843,0,130,0,14-3-29 3:34:18,1
I9BF4GLXSU,120.157,30.3231,189843,0,130,0,14-3-29 3:37:18,1
I9BF4GLXSU,120.157,30.3231,189843,0,130,0,14-3-29 3:40:18,1
I9BF4GLXSU,120.157,30.3231,189843,0,130,0,14-3-29 3:43:18,1
I9BF4GLXSU,120.157,30.3231,189843,0,130,0,14-3-29 3:46:18,1
I9BF4GLXSU,120.157,30.3231,189843,0,130,0,14-3-29 3:49:18,1
I9BF4GLXSU,120.157,30.3231,189843,0,130,0,14-3-29 3:52:18,1
I9BF4GLXSU,120.157,30.3231,189843,0,130,0,14-3-29 3:55:18,1
I9BF4GLXSU,120.157,30.3231,189843,0,130,0,14-3-29 3:58:18,1
I9BF4GLXSU,120.157,30.3231,189843,0,130,0,14-3-29 4:1:18,1
I9BF4GLXSU,120.157,30.3231,189843,0,130,0,14-3-29 4:4:18,1
I9BF4GLXSU,120.157,30.3231,189843,0,130,0,14-3-29 4:7:18,1
I9BF4GLXSU,120.157,30.3231,189843,0,130,0,14-3-29 4:10:18,1
I9BF4GLXSU,120.157,30.3231,189843,0,130,0,14-3-29 4:13:18,1
I9BF4GLXSU,120.157,30.3231,189843,0,130,0,14-3-29 4:16:18,1
I9BF4GLXSU,120.157,30.3231,189843,0,130,0,14-3-29 4:19:18,1
I9BF4GLXSU,120.157,30.3231,189843,0,130,0,14-3-29 4:22:18,1
I9BF4GLXSU,120.157,30.3231,189843,0,130,0,14-3-29 4:25:18,1
I9BF4GLXSU,120.157,30.3231,189843,0,130,0,14-3-29 4:28:18,1
I9BF4GLXSU,120.157,30.3231,189843,0,130,0,14-3-29 4:30:50,1
I9BF4GLXSU,120.158,30.323,189843,0,65,0,14-3-29 4:32:20,1
I9BF4GLXSU,120.157,30.3225,189843,0,125,0,14-3-29 4:33:50,1
I9BF4GLXSU,120.157,30.3225,189843,0,175,0,14-3-29 4:35:20,1
I9BF4GLXSU,120.158,30.3228,189844,0,100,0,14-3-29 4:36:50,1
I9BF4GLXSU,120.158,30.3239,189844,0,55,0,14-3-29 4:39:50,1
I9BF4GLXSU,120.158,30.3239,189844,0,55,0,14-3-29 4:42:50,1
I9BF4GLXSU,120.158,30.3239,189844,0,55,0,14-3-29 4:45:50,1
I9BF4GLXSU,120.158,30.3239,189844,0,55,0,14-3-29 4:48:50,1
I9BF4GLXSU,120.158,30.3239,189844,0,55,0,14-3-29 4:51:50,1
I9BF4GLXSU,120.157,30.3228,189844,0,55,0,14-3-29 4:54:50,1
I9BF4GLXSU,120.157,30.3228,189844,0,55,0,14-3-29 4:57:50,1
I9BF4GLXSU,120.157,30.3228,189844,0,55,0,14-3-29 5:0:50,1
I9BF4GLXSU,120.157,30.3228,189844,0,55,0,14-3-29 5:3:50,1
I9BF4GLXSU,120.157,30.3228,189844,0,55,0,14-3-29 5:6:50,1
I9BF4GLXSU,120.157,30.3228,189844,0,55,0,14-3-29 5:9:50,1
I9BF4GLXSU,120.157,30.3228,189844,0,55,0,14-3-29 5:12:50,1
I9BF4GLXSU,120.157,30.3228,189844,0,55,0,14-3-29 5:15:50,1
I9BF4GLXSU,120.157,30.3228,189844,0,55,0,14-3-29 5:18:50,1
I9BF4GLXSU,120.157,30.3228,189844,0,55,0,14-3-29 5:21:50,1
I9BF4GLXSU,120.157,30.3228,189844,0,55,0,14-3-29 5:24:50,1
I9BF4GLXSU,120.157,30.3228,189844,0,55,0,14-3-29 5:27:50,1
I9BF4GLXSU,120.157,30.3228,189844,0,55,0,14-3-29 5:30:50,1
I9BF4GLXSU,120.157,30.3228,189844,0,55,0,14-3-29 5:33:50,1
I9BF4GLXSU,120.157,30.3228,189844,0,55,0,14-3-29 5:36:50,1
I9BF4GLXSU,120.157,30.3228,189844,0,55,0,14-3-29 5:39:50,1
I9BF4GLXSU,120.157,30.3228,189844,0,55,0,14-3-29 5:42:50,1
I9BF4GLXSU,120.157,30.3228,189844,0,55,0,14-3-29 5:45:50,1
I9BF4GLXSU,120.157,30.3228,189844,0,55,0,14-3-29 5:48:50,1
I9BF4GLXSU,120.157,30.3228,189844,0,55,0,14-3-29 5:51:50,1
I9BF4GLXSU,120.157,30.3228,189844,0,55,0,14-3-29 5:54:50,1
I9BF4GLXSU,120.157,30.3228,189844,0,55,0,14-3-29 5:57:50,1
I9BF4GLXSU,120.157,30.3228,189844,0,55,0,14-3-29 6:0:50,1
I9BF4GLXSU,120.157,30.3228,189844,0,55,0,14-3-29 6:3:50,1
I9BF4GLXSU,120.157,30.3228,189844,0,55,0,14-3-29 6:6:50,1
I9BF4GLXSU,120.157,30.3228,189844,0,55,0,14-3-29 6:9:50,1
I9BF4GLXSU,120.157,30.3228,189844,0,55,0,14-3-29 6:12:50,1
I9BF4GLXSU,120.157,30.3228,189844,0,55,0,14-3-29 6:15:50,1
I9BF4GLXSU,120.157,30.3228,189844,0,55,0,14-3-29 6:18:50,1
I9BF4GLXSU,120.157,30.3228,189844,0,55,0,14-3-29 6:21:50,1
I9BF4GLXSU,120.157,30.3228,189844,0,55,0,14-3-29 6:24:50,1
I9BF4GLXSU,120.157,30.3228,189844,0,55,0,14-3-29 6:27:50,1
I9BF4GLXSU,120.158,30.3234,189844,0,130,0,14-3-29 6:30:50,1
I9BF4GLXSU,120.157,30.3232,189844,0,120,0,14-3-29 6:33:50,1
I9BF4GLXSU,120.157,30.3232,189844,0,120,0,14-3-29 6:36:51,1
I9BF4GLXSU,120.157,30.3232,189844,0,120,0,14-3-29 6:39:50,1
I9BF4GLXSU,120.157,30.3232,189844,0,120,0,14-3-29 6:42:51,1
I9BF4GLXSU,120.157,30.3232,189844,0,120,0,14-3-29 6:45:51,1
I9BF4GLXSU,120.157,30.3232,189844,0,120,0,14-3-29 6:48:51,1
I9BF4GLXSU,120.157,30.3232,189844,0,120,0,14-3-29 6:51:51,1
I9BF4GLXSU,120.157,30.3232,189844,0,120,0,14-3-29 6:54:51,1
I9BF4GLXSU,120.157,30.3232,189844,0,120,0,14-3-29 6:57:51,1
I9BF4GLXSU,120.157,30.3232,189844,0,120,0,14-3-29 7:0:51,1
I9BF4GLXSU,120.157,30.3232,189844,0,120,0,14-3-29 7:3:32,1
I9BF4GLXSU,120.157,30.3231,189844,0,30,0,14-3-29 7:5:2,1
I9BF4GLXSU,120.157,30.3228,189844,0,80,0,14-3-29 7:6:32,1
I9BF4GLXSU,120.157,30.323,189844,0,90,0,14-3-29 7:9:32,1
I9BF4GLXSU,120.157,30.323,189844,0,90,0,14-3-29 7:12:32,1
I9BF4GLXSU,120.157,30.323,189844,0,90,0,14-3-29 7:15:32,1
I9BF4GLXSU,120.157,30.323,189844,0,90,0,14-3-29 7:18:32,1
I9BF4GLXSU,120.157,30.323,189844,0,90,0,14-3-29 7:21:32,0
I9BF4GLXSU,120.157,30.323,189844,0,105,0,14-3-29 7:24:32,1
I9BF4GLXSU,120.157,30.323,189844,0,105,0,14-3-29 7:27:32,1
I9BF4GLXSU,120.157,30.323,189844,0,105,0,14-3-29 7:30:32,1
I9BF4GLXSU,120.157,30.323,189844,0,105,0,14-3-29 7:33:32,1
I9BF4GLXSU,120.157,30.323,189844,0,105,0,14-3-29 7:36:32,1
I9BF4GLXSU,120.157,30.323,189844,0,105,0,14-3-29 7:39:32,1
I9BF4GLXSU,120.157,30.323,189844,0,105,0,14-3-29 7:42:32,1
I9BF4GLXSU,120.157,30.323,189844,0,105,0,14-3-29 7:45:32,1
I9BF4GLXSU,120.157,30.323,189844,0,105,0,14-3-29 7:48:12,1
I9BF4GLXSU,120.158,30.3231,189844,0,125,0,14-3-29 7:51:11,1
I9BF4GLXSU,120.158,30.3231,189844,0,125,0,14-3-29 7:54:11,1
I9BF4GLXSU,120.158,30.3231,189844,0,125,0,14-3-29 7:57:11,1
I9BF4GLXSU,120.157,30.3229,189844,0,75,0,14-3-29 7:58:41,1
I9BF4GLXSU,120.157,30.3231,189844,0,85,0,14-3-29 8:0:11,1
I9BF4GLXSU,120.158,30.3225,189844,0,55,0,14-3-29 8:1:41,1
I9BF4GLXSU,120.158,30.3224,189844,0,85,0,14-3-29 8:3:11,1
I9BF4GLXSU,120.158,30.3218,189845,0,110,0,14-3-29 8:4:41,1
I9BF4GLXSU,120.16,30.3188,189849,14,60,0,14-3-29 8:6:11,1
I9BF4GLXSU,120.164,30.3184,189852,44,45,0,14-3-29 8:7:41,1
I9BF4GLXSU,120.169,30.3183,189856,0,30,0,14-3-29 8:9:11,1
I9BF4GLXSU,120.169,30.3188,189857,18,170,0,14-3-29 8:10:41,1
I9BF4GLXSU,120.168,30.3238,189862,35,170,0,14-3-29 8:12:11,1
I9BF4GLXSU,120.167,30.3276,189866,0,15,0,14-3-29 8:13:41,1
I9BF4GLXSU,120.17,30.3285,189869,40,35,0,14-3-29 8:15:11,1
I9BF4GLXSU,120.173,30.329,189871,0,120,0,14-3-29 8:16:41,1
I9BF4GLXSU,120.18,30.3308,189878,37,35,0,14-3-29 8:18:11,1
I9BF4GLXSU,120.19,30.3331,189887,37,35,0,14-3-29 8:19:41,1
I9BF4GLXSU,120.197,30.3349,189893,0,30,0,14-3-29 8:21:11,1
I9BF4GLXSU,120.197,30.3349,189893,5,25,0,14-3-29 8:22:41,1
I9BF4GLXSU,120.206,30.3359,189901,0,20,0,14-3-29 8:24:11,1
I9BF4GLXSU,120.207,30.3359,189902,25,40,0,14-3-29 8:25:41,1
I9BF4GLXSU,120.218,30.3371,189912,50,30,0,14-3-29 8:27:11,1
I9BF4GLXSU,120.231,30.3452,189926,72,25,0,14-3-29 8:28:41,1
I9BF4GLXSU,120.246,30.3518,189943,25,40,0,14-3-29 8:30:11,1
I9BF4GLXSU,120.252,30.3544,189949,62,35,0,14-3-29 8:31:41,1
I9BF4GLXSU,120.268,30.3492,189965,66,55,0,14-3-29 8:33:11,1
I9BF4GLXSU,120.273,30.3486,189979,64,10,0,14-3-29 8:34:41,1
I9BF4GLXSU,120.28,30.3665,189999,90,5,0,14-3-29 8:36:11,1
I9BF4GLXSU,120.295,30.3818,190022,90,25,0,14-3-29 8:37:41,1
I9BF4GLXSU,120.315,30.3921,190044,90,35,0,14-3-29 8:39:11,1
I9BF4GLXSU,120.337,30.4016,190067,96,25,0,14-3-29 8:40:41,1
I9BF4GLXSU,120.356,30.415,190090,92,25,0,14-3-29 8:42:11,1
I9BF4GLXSU,120.377,30.4261,190113,88,30,0,14-3-29 8:43:41,1
I9BF4GLXSU,120.394,30.4405,190136,92,15,0,14-3-29 8:45:11,1
I9BF4GLXSU,120.408,30.458,190159,90,15,0,14-3-29 8:46:41,1
I9BF4GLXSU,120.426,30.4718,190183,94,25,0,14-3-29 8:48:11,1
I9BF4GLXSU,120.446,30.4829,190205,96,30,0,14-3-29 8:49:41,1
I9BF4GLXSU,120.469,30.4915,190229,94,30,0,14-3-29 8:51:11,1
I9BF4GLXSU,120.489,30.5036,190253,94,30,0,14-3-29 8:52:41,1
I9BF4GLXSU,120.51,30.5152,190276,92,20,0,14-3-29 8:54:11,1
I9BF4GLXSU,120.527,30.527,190297,87,25,0,14-3-29 8:55:41,1
I9BF4GLXSU,120.549,30.5337,190319,90,40,0,14-3-29 8:57:11,1
I9BF4GLXSU,120.572,30.5392,190341,87,30,0,14-3-29 8:58:41,1
I9BF4GLXSU,120.592,30.5474,190363,92,30,0,14-3-29 9:0:11,1
I9BF4GLXSU,120.612,30.5603,190386,96,20,0,14-3-29 9:1:41,1
I9BF4GLXSU,120.628,30.5749,190408,51,15,0,14-3-29 9:3:11,1
I9BF4GLXSU,120.634,30.5794,190417,0,70,0,14-3-29 9:4:41,1
I9BF4GLXSU,120.635,30.578,190419,18,45,0,14-3-29 9:6:11,1
I9BF4GLXSU,120.646,30.5785,190429,51,40,0,14-3-29 9:7:41,1
I9BF4GLXSU,120.661,30.5764,190443,51,50,0,14-3-29 9:9:11,1
I9BF4GLXSU,120.665,30.5764,190447,11,160,0,14-3-29 9:10:41,1
I9BF4GLXSU,120.666,30.5768,190448,0,40,0,14-3-29 9:13:42,1
I9BF4GLXSU,120.666,30.5768,190448,0,40,0,14-3-29 9:16:41,1
I9BF4GLXSU,120.666,30.5768,190448,0,40,0,14-3-29 9:19:42,1
I9BF4GLXSU,120.666,30.5768,190448,0,40,0,14-3-29 9:22:42,1
I9BF4GLXSU,120.666,30.5768,190448,0,40,0,14-3-29 9:25:42,1
I9BF4GLXSU,120.666,30.5768,190448,0,40,0,14-3-29 9:28:42,1
I9BF4GLXSU,120.666,30.5768,190448,0,40,0,14-3-29 9:31:42,1
I9BF4GLXSU,120.666,30.5768,190448,0,40,0,14-3-29 9:34:42,1
I9BF4GLXSU,120.666,30.5768,190448,0,40,0,14-3-29 9:37:42,1
I9BF4GLXSU,120.666,30.5768,190448,0,40,0,14-3-29 9:40:42,1
I9BF4GLXSU,120.666,30.5768,190448,0,40,0,14-3-29 9:42:47,1
I9BF4GLXSU,120.666,30.5769,190448,0,15,0,14-3-29 9:44:17,1
I9BF4GLXSU,120.666,30.577,190448,0,45,0,14-3-29 9:47:17,1
I9BF4GLXSU,120.666,30.577,190448,0,45,0,14-3-29 9:50:17,1
I9BF4GLXSU,120.666,30.577,190448,0,45,0,14-3-29 9:53:17,1
I9BF4GLXSU,120.666,30.577,190448,0,45,0,14-3-29 9:56:17,1
I9BF4GLXSU,120.666,30.577,190448,0,45,0,14-3-29 9:59:17,1
I9BF4GLXSU,120.666,30.577,190448,0,45,0,14-3-29 10:2:17,1
I9BF4GLXSU,120.666,30.577,190448,0,45,0,14-3-29 10:5:17,1
I9BF4GLXSU,120.666,30.577,190448,0,45,0,14-3-29 10:8:17,1
I9BF4GLXSU,120.666,30.577,190448,0,45,0,14-3-29 10:11:17,1
I9BF4GLXSU,120.666,30.577,190448,0,45,0,14-3-29 10:14:17,1
I9BF4GLXSU,120.666,30.577,190448,0,45,0,14-3-29 10:17:17,1
I9BF4GLXSU,120.666,30.577,190448,0,45,0,14-3-29 10:20:17,1
I9BF4GLXSU,120.666,30.577,190448,0,45,0,14-3-29 10:23:17,1
I9BF4GLXSU,120.666,30.577,190448,0,45,0,14-3-29 10:26:17,1
I9BF4GLXSU,120.666,30.577,190448,0,45,0,14-3-29 10:29:17,1
I9BF4GLXSU,120.666,30.577,190448,0,45,0,14-3-29 10:32:17,1
I9BF4GLXSU,120.666,30.577,190448,0,45,0,14-3-29 10:35:17,1
I9BF4GLXSU,120.666,30.577,190448,0,45,0,14-3-29 10:38:17,1
I9BF4GLXSU,120.666,30.577,190448,0,45,0,14-3-29 10:41:17,1
I9BF4GLXSU,120.666,30.577,190448,0,45,0,14-3-29 10:44:17,1
I9BF4GLXSU,120.666,30.577,190448,0,45,0,14-3-29 10:47:12,1
I9BF4GLXSU,120.666,30.577,190448,0,170,0,14-3-29 10:50:12,1
I9BF4GLXSU,120.666,30.577,190448,0,170,0,14-3-29 10:53:12,1
I9BF4GLXSU,120.666,30.577,190448,0,170,0,14-3-29 10:56:12,1
I9BF4GLXSU,120.666,30.577,190448,0,170,0,14-3-29 10:59:12,1
I9BF4GLXSU,120.666,30.577,190448,0,170,0,14-3-29 11:2:12,1
I9BF4GLXSU,120.666,30.577,190448,0,170,0,14-3-29 11:5:12,1
I9BF4GLXSU,120.666,30.577,190448,0,170,0,14-3-29 11:7:34,1
I9BF4GLXSU,120.666,30.577,190448,0,20,0,14-3-29 11:9:4,1
I9BF4GLXSU,120.667,30.577,190448,0,5,0,14-3-29 11:12:4,1
I9BF4GLXSU,120.667,30.577,190448,0,5,0,14-3-29 11:15:4,1
I9BF4GLXSU,120.667,30.577,190448,0,5,0,14-3-29 11:18:4,1
I9BF4GLXSU,120.667,30.577,190448,0,5,0,14-3-29 11:21:4,1
I9BF4GLXSU,120.667,30.577,190448,0,5,0,14-3-29 11:24:4,1
I9BF4GLXSU,120.667,30.577,190448,0,5,0,14-3-29 11:27:4,1
I9BF4GLXSU,120.667,30.577,190448,0,5,0,14-3-29 11:30:4,1
I9BF4GLXSU,120.667,30.577,190448,0,5,0,14-3-29 11:33:4,1
I9BF4GLXSU,120.667,30.577,190448,0,5,0,14-3-29 11:36:4,1
I9BF4GLXSU,120.667,30.577,190448,0,5,0,14-3-29 11:39:4,1
I9BF4GLXSU,120.667,30.577,190448,0,5,0,14-3-29 11:42:4,1
I9BF4GLXSU,120.667,30.577,190448,0,5,0,14-3-29 11:45:4,1
I9BF4GLXSU,120.667,30.577,190448,0,5,0,14-3-29 11:48:4,1
I9BF4GLXSU,120.667,30.577,190448,0,5,0,14-3-29 11:51:4,1
I9BF4GLXSU,120.667,30.577,190448,0,5,0,14-3-29 11:54:4,1
I9BF4GLXSU,120.667,30.577,190448,0,5,0,14-3-29 11:57:4,1
I9BF4GLXSU,120.667,30.577,190448,0,5,0,14-3-29 12:0:4,1
I9BF4GLXSU,120.667,30.577,190448,0,5,0,14-3-29 12:3:4,1
I9BF4GLXSU,120.667,30.577,190448,0,5,0,14-3-29 12:6:5,1
I9BF4GLXSU,120.667,30.577,190448,0,5,0,14-3-29 12:9:4,1
I9BF4GLXSU,120.667,30.577,190448,0,5,0,14-3-29 12:12:5,1
I9BF4GLXSU,120.667,30.577,190448,0,5,0,14-3-29 12:15:5,1
I9BF4GLXSU,120.667,30.577,190448,0,5,0,14-3-29 12:18:5,1
I9BF4GLXSU,120.667,30.577,190448,0,5,0,14-3-29 12:21:5,1
I9BF4GLXSU,120.667,30.577,190448,0,5,0,14-3-29 12:24:4,1
I9BF4GLXSU,120.667,30.577,190448,0,5,0,14-3-29 12:27:5,1
I9BF4GLXSU,120.667,30.577,190448,0,5,0,14-3-29 12:30:5,1
I9BF4GLXSU,120.667,30.577,190448,0,5,0,14-3-29 12:33:5,1
I9BF4GLXSU,120.667,30.577,190448,0,5,0,14-3-29 12:36:5,1
I9BF4GLXSU,120.667,30.577,190448,0,5,0,14-3-29 12:39:5,1
I9BF4GLXSU,120.667,30.577,190448,0,5,0,14-3-29 12:42:5,1
I9BF4GLXSU,120.667,30.577,190448,0,5,0,14-3-29 12:45:5,1
I9BF4GLXSU,120.667,30.577,190448,0,5,0,14-3-29 12:48:5,1
I9BF4GLXSU,120.667,30.577,190448,0,5,0,14-3-29 12:50:18,1
I9BF4GLXSU,120.667,30.577,190448,0,50,0,14-3-29 12:51:48,1
I9BF4GLXSU,120.667,30.577,190448,0,45,0,14-3-29 12:53:18,1
I9BF4GLXSU,120.666,30.5772,190448,0,135,0,14-3-29 12:54:48,1
I9BF4GLXSU,120.666,30.5772,190448,0,60,0,14-3-29 12:57:48,1
I9BF4GLXSU,120.666,30.5772,190448,0,60,0,14-3-29 13:0:48,1
I9BF4GLXSU,120.666,30.5772,190448,0,60,0,14-3-29 13:3:48,1
I9BF4GLXSU,120.666,30.5772,190448,0,60,0,14-3-29 13:6:48,1
I9BF4GLXSU,120.666,30.5772,190448,0,60,0,14-3-29 13:9:48,1
I9BF4GLXSU,120.666,30.5772,190448,0,60,0,14-3-29 13:12:48,1
I9BF4GLXSU,120.666,30.5772,190448,0,60,0,14-3-29 13:15:48,1
I9BF4GLXSU,120.666,30.5772,190448,0,80,0,14-3-29 13:17:36,1
I9BF4GLXSU,120.666,30.5772,190448,0,70,0,14-3-29 13:19:6,1
I9BF4GLXSU,120.666,30.5772,190448,0,70,0,14-3-29 13:20:36,1
I9BF4GLXSU,120.666,30.5772,190448,0,25,0,14-3-29 13:23:36,1
I9BF4GLXSU,120.666,30.5772,190448,0,25,0,14-3-29 13:26:36,1
I9BF4GLXSU,120.666,30.5772,190448,0,25,0,14-3-29 13:29:36,1
I9BF4GLXSU,120.666,30.5772,190448,0,25,0,14-3-29 13:32:36,1
I9BF4GLXSU,120.666,30.5772,190448,0,25,0,14-3-29 13:35:36,1
I9BF4GLXSU,120.666,30.5772,190448,0,25,0,14-3-29 13:38:36,1
I9BF4GLXSU,120.666,30.5772,190448,0,25,0,14-3-29 13:41:36,1
I9BF4GLXSU,120.666,30.5772,190448,0,25,0,14-3-29 13:44:36,1
I9BF4GLXSU,120.666,30.5772,190448,0,25,0,14-3-29 13:47:36,1
I9BF4GLXSU,120.666,30.5772,190448,0,25,0,14-3-29 13:50:36,1
I9BF4GLXSU,120.666,30.5772,190448,0,25,0,14-3-29 13:53:36,1
I9BF4GLXSU,120.666,30.5772,190448,0,25,0,14-3-29 13:56:36,1
I9BF4GLXSU,120.666,30.5772,190448,0,25,0,14-3-29 13:59:36,1
I9BF4GLXSU,120.666,30.5772,190448,0,25,0,14-3-29 14:2:36,1
I9BF4GLXSU,120.666,30.5772,190448,0,25,0,14-3-29 14:5:36,1
I9BF4GLXSU,120.666,30.5772,190448,0,25,0,14-3-29 14:8:36,1
I9BF4GLXSU,120.666,30.5772,190448,0,25,0,14-3-29 14:11:36,1
I9BF4GLXSU,120.666,30.5772,190448,0,25,0,14-3-29 14:14:36,1
I9BF4GLXSU,120.666,30.5772,190448,0,25,0,14-3-29 14:20:36,1
I9BF4GLXSU,120.666,30.5772,190448,0,25,0,14-3-29 14:23:36,1
I9BF4GLXSU,120.666,30.5772,190448,0,25,0,14-3-29 14:26:36,1
I9BF4GLXSU,120.666,30.5772,190448,0,25,0,14-3-29 14:29:36,1
I9BF4GLXSU,120.666,30.5772,190448,0,25,0,14-3-29 14:32:36,1
I9BF4GLXSU,120.666,30.5772,190448,0,25,0,14-3-29 14:35:36,1
I9BF4GLXSU,120.666,30.5772,190448,0,25,0,14-3-29 14:38:36,1
I9BF4GLXSU,120.666,30.5772,190448,0,25,0,14-3-29 14:41:36,1
I9BF4GLXSU,120.666,30.5772,190448,0,25,0,14-3-29 14:44:36,1
I9BF4GLXSU,120.666,30.5772,190448,0,25,0,14-3-29 14:47:36,1
I9BF4GLXSU,120.666,30.5772,190448,0,25,0,14-3-29 14:50:36,1
I9BF4GLXSU,120.666,30.5772,190448,0,25,0,14-3-29 14:53:36,1
I9BF4GLXSU,120.666,30.5772,190448,0,25,0,14-3-29 14:56:36,1
I9BF4GLXSU,120.666,30.5772,190448,0,25,0,14-3-29 14:59:36,1
I9BF4GLXSU,120.666,30.5772,190448,0,25,0,14-3-29 15:2:36,1
I9BF4GLXSU,120.666,30.5772,190448,0,25,0,14-3-29 15:5:36,1
I9BF4GLXSU,120.666,30.5772,190448,0,25,0,14-3-29 15:8:36,1
I9BF4GLXSU,120.666,30.5772,190448,0,25,0,14-3-29 15:11:36,1
I9BF4GLXSU,120.666,30.5772,190448,0,25,0,14-3-29 15:14:36,1
I9BF4GLXSU,120.666,30.5772,190448,0,25,0,14-3-29 15:17:36,1
I9BF4GLXSU,120.666,30.5772,190448,0,25,0,14-3-29 15:20:36,1
I9BF4GLXSU,120.666,30.5772,190448,0,25,0,14-3-29 15:23:36,1
I9BF4GLXSU,120.666,30.5772,190448,0,25,0,14-3-29 15:26:36,1
I9BF4GLXSU,120.666,30.5772,190448,0,25,0,14-3-29 15:32:36,1
I9BF4GLXSU,120.666,30.5772,190448,0,25,0,14-3-29 15:35:36,1
I9BF4GLXSU,120.666,30.5772,190448,0,25,0,14-3-29 15:38:36,1
I9BF4GLXSU,120.666,30.5772,190448,0,25,0,14-3-29 15:41:36,1
I9BF4GLXSU,120.666,30.5772,190448,0,25,0,14-3-29 15:44:36,1
I9BF4GLXSU,120.666,30.5772,190448,0,25,0,14-3-29 15:47:37,1
I9BF4GLXSU,120.666,30.5772,190448,0,25,0,14-3-29 15:50:37,1
I9BF4GLXSU,120.666,30.5772,190448,0,25,0,14-3-29 15:53:36,1
I9BF4GLXSU,120.666,30.5772,190448,0,25,0,14-3-29 15:56:37,1
I9BF4GLXSU,120.666,30.5772,190448,0,25,0,14-3-29 15:59:37,1
I9BF4GLXSU,120.666,30.5772,190448,0,25,0,14-3-29 16:2:37,1
I9BF4GLXSU,120.666,30.5772,190448,0,25,0,14-3-29 16:5:37,1
I9BF4GLXSU,120.666,30.5772,190448,0,25,0,14-3-29 16:8:37,1
I9BF4GLXSU,120.666,30.5772,190448,0,25,0,14-3-29 16:11:37,1
I9BF4GLXSU,120.666,30.5772,190448,0,25,0,14-3-29 16:14:37,1
I9BF4GLXSU,120.666,30.5772,190448,0,25,0,14-3-29 16:17:37,1
I9BF4GLXSU,120.666,30.5772,190448,0,25,0,14-3-29 16:20:37,1
I9BF4GLXSU,120.666,30.5772,190448,0,25,0,14-3-29 16:23:37,1
I9BF4GLXSU,120.666,30.5772,190448,0,25,0,14-3-29 16:26:37,1
I9BF4GLXSU,120.666,30.5772,190448,0,25,0,14-3-29 16:29:37,1
I9BF4GLXSU,120.666,30.5772,190448,0,25,0,14-3-29 16:32:37,1
I9BF4GLXSU,120.666,30.5772,190448,0,25,0,14-3-29 16:35:37,1
I9BF4GLXSU,120.666,30.5772,190448,0,25,0,14-3-29 16:38:37,1
I9BF4GLXSU,120.666,30.5772,190448,0,25,0,14-3-29 16:41:14,1
I9BF4GLXSU,120.666,30.5773,190448,0,100,0,14-3-29 16:44:14,1
I9BF4GLXSU,120.666,30.5773,190448,0,100,0,14-3-29 16:47:14,1
I9BF4GLXSU,120.666,30.5773,190448,0,100,0,14-3-29 16:50:14,1
I9BF4GLXSU,120.666,30.5773,190448,0,100,0,14-3-29 16:53:14,1
I9BF4GLXSU,120.666,30.5773,190448,0,100,0,14-3-29 16:56:14,1
I9BF4GLXSU,120.666,30.5773,190448,0,100,0,14-3-29 16:59:14,1
I9BF4GLXSU,120.666,30.5773,190448,0,100,0,14-3-29 17:2:14,1
I9BF4GLXSU,120.666,30.5773,190448,0,100,0,14-3-29 17:5:14,1
I9BF4GLXSU,120.666,30.5773,190448,0,100,0,14-3-29 17:8:14,1
I9BF4GLXSU,120.666,30.5773,190448,0,100,0,14-3-29 17:11:14,1
I9BF4GLXSU,120.666,30.5773,190448,0,100,0,14-3-29 17:14:14,1
I9BF4GLXSU,120.666,30.5773,190448,0,100,0,14-3-29 17:17:14,1
I9BF4GLXSU,120.666,30.5773,190448,0,100,0,14-3-29 17:20:14,1
I9BF4GLXSU,120.666,30.5773,190448,0,100,0,14-3-29 17:23:14,1
I9BF4GLXSU,120.666,30.5773,190448,0,100,0,14-3-29 17:26:14,1
I9BF4GLXSU,120.666,30.5773,190448,0,100,0,14-3-29 17:29:14,1
I9BF4GLXSU,120.666,30.5773,190448,0,100,0,14-3-29 17:32:14,1
I9BF4GLXSU,120.666,30.5773,190448,0,100,0,14-3-29 17:35:14,1
I9BF4GLXSU,120.666,30.5773,190448,0,100,0,14-3-29 17:38:14,1
I9BF4GLXSU,120.666,30.5773,190448,0,100,0,14-3-29 17:44:14,1
I9BF4GLXSU,120.666,30.5773,190448,0,100,0,14-3-29 17:47:14,1
I9BF4GLXSU,120.666,30.5773,190448,0,100,0,14-3-29 17:50:14,1
I9BF4GLXSU,120.666,30.5773,190448,0,100,0,14-3-29 17:53:14,1
I9BF4GLXSU,120.666,30.5773,190448,0,100,0,14-3-29 17:56:14,1
I9BF4GLXSU,120.666,30.5773,190448,0,100,0,14-3-29 17:59:14,1
I9BF4GLXSU,120.666,30.5773,190448,0,100,0,14-3-29 18:2:14,1
I9BF4GLXSU,120.666,30.5773,190448,0,100,0,14-3-29 18:5:14,1
I9BF4GLXSU,120.666,30.5773,190448,0,100,0,14-3-29 18:8:14,1
I9BF4GLXSU,120.666,30.5773,190448,0,100,0,14-3-29 18:11:14,1
I9BF4GLXSU,120.666,30.5773,190448,0,100,0,14-3-29 18:14:14,1
I9BF4GLXSU,120.666,30.5773,190448,0,100,0,14-3-29 18:17:14,1
I9BF4GLXSU,120.666,30.5773,190448,0,100,0,14-3-29 18:20:14,1
I9BF4GLXSU,120.666,30.5773,190448,0,100,0,14-3-29 18:23:14,1
I9BF4GLXSU,120.666,30.5773,190448,0,100,0,14-3-29 18:26:14,1
I9BF4GLXSU,120.666,30.5773,190448,0,100,0,14-3-29 18:29:14,1
I9BF4GLXSU,120.666,30.5773,190448,0,100,0,14-3-29 18:32:14,1
I9BF4GLXSU,120.666,30.5773,190448,0,100,0,14-3-29 18:35:14,1
I9BF4GLXSU,120.666,30.5773,190448,0,100,0,14-3-29 18:37:22,1
I9BF4GLXSU,120.666,30.5771,190448,0,85,0,14-3-29 18:40:21,1
I9BF4GLXSU,120.666,30.5771,190448,0,85,0,14-3-29 18:42:5,1
I9BF4GLXSU,120.666,30.5773,190448,0,105,0,14-3-29 18:45:4,1
I9BF4GLXSU,120.666,30.5773,190448,0,105,0,14-3-29 18:48:5,1
I9BF4GLXSU,120.666,30.5773,190448,0,105,0,14-3-29 18:51:4,1
I9BF4GLXSU,120.666,30.5773,190448,0,105,0,14-3-29 18:54:5,1
I9BF4GLXSU,120.666,30.5773,190448,0,105,0,14-3-29 18:57:5,1
I9BF4GLXSU,120.666,30.5773,190448,0,105,0,14-3-29 19:0:5,1
I9BF4GLXSU,120.666,30.5773,190448,0,105,0,14-3-29 19:3:5,1
I9BF4GLXSU,120.666,30.5773,190448,0,105,0,14-3-29 19:6:5,1
I9BF4GLXSU,120.666,30.5773,190448,0,105,0,14-3-29 19:9:5,1
I9BF4GLXSU,120.666,30.5773,190448,0,105,0,14-3-29 19:12:5,1
I9BF4GLXSU,120.666,30.5773,190448,0,105,0,14-3-29 19:15:5,1
I9BF4GLXSU,120.666,30.5773,190448,0,105,0,14-3-29 19:18:5,1
I9BF4GLXSU,120.666,30.5773,190448,0,105,0,14-3-29 19:21:5,1
I9BF4GLXSU,120.666,30.5773,190448,0,105,0,14-3-29 19:24:5,1
I9BF4GLXSU,120.666,30.5773,190448,0,105,0,14-3-29 19:27:5,1
I9BF4GLXSU,120.666,30.5773,190448,0,105,0,14-3-29 19:30:5,1
I9BF4GLXSU,120.666,30.5773,190448,0,105,0,14-3-29 19:33:5,1
I9BF4GLXSU,120.666,30.5773,190448,0,105,0,14-3-29 19:36:5,1
I9BF4GLXSU,120.666,30.5773,190448,0,105,0,14-3-29 19:39:5,1
I9BF4GLXSU,120.666,30.5773,190448,0,105,0,14-3-29 19:42:5,1
I9BF4GLXSU,120.666,30.5773,190448,0,105,0,14-3-29 19:45:5,1
I9BF4GLXSU,120.666,30.5773,190448,0,105,0,14-3-29 19:48:5,1
I9BF4GLXSU,120.666,30.5773,190448,0,105,0,14-3-29 19:51:5,1
I9BF4GLXSU,120.666,30.5773,190448,0,105,0,14-3-29 19:54:5,1
I9BF4GLXSU,120.666,30.5773,190448,0,105,0,14-3-29 19:57:5,1
I9BF4GLXSU,120.666,30.5773,190448,0,105,0,14-3-29 20:0:5,1
I9BF4GLXSU,120.666,30.5773,190448,0,105,0,14-3-29 20:3:5,1
I9BF4GLXSU,120.666,30.5773,190448,0,105,0,14-3-29 20:6:5,1
I9BF4GLXSU,120.666,30.5773,190448,0,105,0,14-3-29 20:9:5,1
I9BF4GLXSU,120.666,30.5773,190448,0,105,0,14-3-29 20:12:5,1
I9BF4GLXSU,120.666,30.5773,190448,0,105,0,14-3-29 20:15:5,1
I9BF4GLXSU,120.666,30.5773,190448,0,105,0,14-3-29 20:18:5,1
I9BF4GLXSU,120.666,30.5773,190448,0,105,0,14-3-29 20:21:5,1
I9BF4GLXSU,120.666,30.5773,190448,0,105,0,14-3-29 20:24:5,1
I9BF4GLXSU,120.666,30.5773,190448,0,105,0,14-3-29 20:27:5,1
I9BF4GLXSU,120.666,30.5773,190448,0,105,0,14-3-29 20:30:5,1
I9BF4GLXSU,120.666,30.5773,190448,0,105,0,14-3-29 20:33:5,1
I9BF4GLXSU,120.666,30.5773,190448,0,105,0,14-3-29 20:36:5,1
I9BF4GLXSU,120.666,30.5773,190448,0,105,0,14-3-29 20:39:5,1
I9BF4GLXSU,120.666,30.5773,190448,0,105,0,14-3-29 20:41:49,1
I9BF4GLXSU,120.666,30.5772,190448,0,120,0,14-3-29 20:44:48,1
I9BF4GLXSU,120.666,30.5772,190448,0,120,0,14-3-29 20:47:48,1
I9BF4GLXSU,120.666,30.5772,190448,0,120,0,14-3-29 20:50:48,1
I9BF4GLXSU,120.666,30.5772,190448,0,120,0,14-3-29 20:53:48,1
I9BF4GLXSU,120.666,30.5772,190448,0,120,0,14-3-29 20:56:48,1
I9BF4GLXSU,120.666,30.5772,190448,0,120,0,14-3-29 20:59:48,1
I9BF4GLXSU,120.666,30.5772,190448,0,120,0,14-3-29 21:2:48,1
I9BF4GLXSU,120.666,30.5772,190448,0,120,0,14-3-29 21:5:48,1
I9BF4GLXSU,120.666,30.5772,190448,0,120,0,14-3-29 21:8:48,1
I9BF4GLXSU,120.666,30.5772,190448,0,120,0,14-3-29 21:11:48,1
I9BF4GLXSU,120.666,30.5772,190448,0,120,0,14-3-29 21:14:48,1
I9BF4GLXSU,120.666,30.5772,190448,0,120,0,14-3-29 21:17:48,1
I9BF4GLXSU,120.666,30.5772,190448,0,120,0,14-3-29 21:20:49,1
I9BF4GLXSU,120.666,30.5772,190448,0,120,0,14-3-29 21:23:48,1
I9BF4GLXSU,120.666,30.5772,190448,0,120,0,14-3-29 21:26:49,1
I9BF4GLXSU,120.666,30.5772,190448,0,120,0,14-3-29 21:29:48,1
I9BF4GLXSU,120.666,30.5772,190448,0,120,0,14-3-29 21:32:49,1
I9BF4GLXSU,120.666,30.5772,190448,0,120,0,14-3-29 21:35:49,1
I9BF4GLXSU,120.666,30.5772,190448,0,120,0,14-3-29 21:38:49,1
I9BF4GLXSU,120.666,30.5772,190448,0,120,0,14-3-29 21:41:48,1
I9BF4GLXSU,120.666,30.5772,190448,0,120,0,14-3-29 21:44:48,1
I9BF4GLXSU,120.666,30.5772,190448,0,120,0,14-3-29 21:47:48,1
I9BF4GLXSU,120.666,30.5772,190448,0,120,0,14-3-29 21:50:48,1
I9BF4GLXSU,120.666,30.5772,190448,0,120,0,14-3-29 21:53:48,1
I9BF4GLXSU,120.666,30.5772,190448,0,120,0,14-3-29 21:56:48,1
I9BF4GLXSU,120.666,30.5772,190448,0,120,0,14-3-29 21:59:48,1
I9BF4GLXSU,120.666,30.5772,190448,0,120,0,14-3-29 22:2:48,1
I9BF4GLXSU,120.666,30.5772,190448,0,120,0,14-3-29 22:5:48,1
I9BF4GLXSU,120.666,30.5772,190448,0,120,0,14-3-29 22:8:48,1
I9BF4GLXSU,120.666,30.5772,190448,0,120,0,14-3-29 22:11:48,1
I9BF4GLXSU,120.666,30.5772,190448,0,120,0,14-3-29 22:14:48,1
I9BF4GLXSU,120.666,30.5772,190448,0,120,0,14-3-29 22:17:48,1
I9BF4GLXSU,120.666,30.5772,190448,0,120,0,14-3-29 22:20:48,1
I9BF4GLXSU,120.666,30.5772,190448,0,120,0,14-3-29 22:23:48,1
I9BF4GLXSU,120.666,30.5772,190448,0,120,0,14-3-29 22:26:48,1
I9BF4GLXSU,120.666,30.5772,190448,0,120,0,14-3-29 22:29:48,1
I9BF4GLXSU,120.666,30.5772,190448,0,120,0,14-3-29 22:32:48,1
I9BF4GLXSU,120.666,30.5772,190448,0,120,0,14-3-29 22:35:48,1
I9BF4GLXSU,120.666,30.5772,190448,0,120,0,14-3-29 22:38:48,1
I9BF4GLXSU,120.666,30.5772,190448,0,120,0,14-3-29 22:41:48,1
I9BF4GLXSU,120.666,30.5772,190448,0,120,0,14-3-29 22:44:48,1
I9BF4GLXSU,120.666,30.5772,190448,0,120,0,14-3-29 22:47:48,1
I9BF4GLXSU,120.666,30.5772,190448,0,120,0,14-3-29 22:50:48,1
I9BF4GLXSU,120.666,30.5772,190448,0,120,0,14-3-29 22:53:48,1
I9BF4GLXSU,120.666,30.5772,190448,0,120,0,14-3-29 22:56:48,1
I9BF4GLXSU,120.666,30.5772,190448,0,120,0,14-3-29 22:59:48,1
I9BF4GLXSU,120.666,30.5772,190448,0,120,0,14-3-29 23:2:48,1
I9BF4GLXSU,120.666,30.5772,190448,0,120,0,14-3-29 23:5:48,1
I9BF4GLXSU,120.666,30.5772,190448,0,120,0,14-3-29 23:8:48,1
I9BF4GLXSU,120.666,30.5772,190448,0,120,0,14-3-29 23:11:48,1
I9BF4GLXSU,120.666,30.5772,190448,0,120,0,14-3-29 23:14:48,1
I9BF4GLXSU,120.666,30.5772,190448,0,120,0,14-3-29 23:17:48,1
I9BF4GLXSU,120.666,30.5772,190448,0,120,0,14-3-29 23:20:48,1
I9BF4GLXSU,120.666,30.5772,190448,0,120,0,14-3-29 23:23:48,1
I9BF4GLXSU,120.666,30.5772,190448,0,120,0,14-3-29 23:26:48,1
I9BF4GLXSU,120.666,30.5772,190448,0,120,0,14-3-29 23:29:48,1
I9BF4GLXSU,120.666,30.5772,190448,0,120,0,14-3-29 23:32:48,1
I9BF4GLXSU,120.666,30.5772,190448,0,120,0,14-3-29 23:35:48,1
I9BF4GLXSU,120.666,30.5772,190448,0,120,0,14-3-29 23:38:48,1
I9BF4GLXSU,120.666,30.5772,190448,0,120,0,14-3-29 23:41:48,1
I9BF4GLXSU,120.666,30.5772,190448,0,120,0,14-3-29 23:44:48,1
I9BF4GLXSU,120.666,30.5772,190448,0,120,0,14-3-29 23:47:48,1
I9BF4GLXSU,120.666,30.5772,190448,0,120,0,14-3-29 23:50:48,1
I9BF4GLXSU,120.666,30.5772,190448,0,120,0,14-3-29 23:53:48,1
I9BF4GLXSU,120.666,30.5772,190448,0,120,0,14-3-29 23:56:48,1
I9BF4GLXSU,120.666,30.5772,190448,0,120,0,14-3-29 23:59:48,1
