L19GXUB7SI,124.5,46.8337,12734,0,4,0,14-3-29 13:51:44,1
L19GXUB7SI,124.5,46.8337,12734,0,4,0,14-3-29 13:51:55,1
L19GXUB7SI,124.5,46.8337,12734,0,0,0,14-3-29 13:52:8,1
L19GXUB7SI,124.488,46.8338,12734,0,80,0,14-3-29 13:54:10,1
L19GXUB7SI,124.484,46.8338,12738,18,150,0,14-3-29 13:56:11,1
L19GXUB7SI,124.484,46.8347,12739,14,20,0,14-3-29 13:58:11,1
L19GXUB7SI,124.491,46.8347,12747,38,65,0,14-3-29 14:0:11,1
L19GXUB7SI,124.507,46.8248,12763,55,65,0,14-3-29 14:2:12,1
L19GXUB7SI,124.528,46.8129,12783,60,60,0,14-3-29 14:4:13,1
L19GXUB7SI,124.553,46.8064,12803,58,50,0,14-3-29 14:6:13,1
L19GXUB7SI,124.572,46.8024,12817,7,50,0,14-3-29 14:8:14,1
L19GXUB7SI,124.574,46.802,12818,22,50,0,14-3-29 14:10:14,1
L19GXUB7SI,124.593,46.7943,12835,60,60,0,14-3-29 14:12:16,1
L19GXUB7SI,124.616,46.7833,12856,66,60,0,14-3-29 14:14:15,1
L19GXUB7SI,124.641,46.7704,12879,71,60,0,14-3-29 14:16:16,1
L19GXUB7SI,124.666,46.764,12900,57,65,0,14-3-29 14:18:16,1
L19GXUB7SI,124.687,46.7505,12922,71,65,0,14-3-29 14:20:17,1
L19GXUB7SI,124.711,46.7365,12945,69,60,0,14-3-29 14:22:17,1
L19GXUB7SI,124.736,46.7246,12968,71,60,0,14-3-29 14:24:18,1
L19GXUB7SI,124.761,46.7126,12991,68,60,0,14-3-29 14:26:18,1
L19GXUB7SI,124.782,46.7022,13010,5,60,0,14-3-29 14:28:19,1
L19GXUB7SI,124.782,46.7022,13010,0,60,0,14-3-29 14:30:19,1
L19GXUB7SI,124.782,46.7022,13010,0,60,0,14-3-29 14:32:20,1
L19GXUB7SI,124.782,46.7022,13010,0,60,0,14-3-29 14:34:20,1
L19GXUB7SI,124.782,46.7022,13010,0,60,0,14-3-29 14:36:21,1
L19GXUB7SI,124.783,46.7019,13010,5,60,0,14-3-29 14:38:21,1
L19GXUB7SI,124.794,46.697,13020,36,60,0,14-3-29 14:40:22,1
L19GXUB7SI,124.811,46.6888,13036,57,60,0,14-3-29 14:42:22,1
L19GXUB7SI,124.832,46.6793,13054,58,60,0,14-3-29 14:44:23,1
L19GXUB7SI,124.839,46.6757,13060,0,60,0,14-3-29 14:46:24,1
L19GXUB7SI,124.85,46.6708,13070,44,60,0,14-3-29 14:48:24,1
L19GXUB7SI,124.863,46.6645,13081,42,60,0,14-3-29 14:50:25,1
L19GXUB7SI,124.876,46.6585,13093,34,60,0,14-3-29 14:52:25,1
L19GXUB7SI,124.893,46.6503,13110,47,60,0,14-3-29 14:54:26,1
L19GXUB7SI,124.913,46.6411,13127,53,55,0,14-3-29 14:56:26,1
L19GXUB7SI,124.936,46.6353,13146,53,50,0,14-3-29 14:58:27,1
L19GXUB7SI,124.955,46.6307,13161,34,55,0,14-3-29 15:0:27,1
L19GXUB7SI,124.959,46.6293,13164,11,60,0,14-3-29 15:2:28,1
L19GXUB7SI,124.975,46.6261,13177,44,50,0,14-3-29 15:4:28,1
L19GXUB7SI,124.986,46.6239,13184,36,50,0,14-3-29 15:6:29,1
L19GXUB7SI,124.997,46.6215,13193,29,50,0,14-3-29 15:8:29,1
L19GXUB7SI,125.016,46.6182,13207,44,50,0,14-3-29 15:10:30,1
L19GXUB7SI,125.036,46.6139,13223,46,55,0,14-3-29 15:12:30,1
L19GXUB7SI,125.055,46.6102,13238,44,50,0,14-3-29 15:14:31,1
L19GXUB7SI,125.074,46.6057,13252,42,55,0,14-3-29 15:16:31,1
L19GXUB7SI,125.081,46.6015,13261,29,95,0,14-3-29 15:18:32,1
L19GXUB7SI,125.074,46.5885,13277,58,95,0,14-3-29 15:20:32,1
L19GXUB7SI,125.066,46.5707,13297,58,95,0,14-3-29 15:22:33,1
L19GXUB7SI,125.059,46.5544,13316,47,95,0,14-3-29 15:24:34,1
L19GXUB7SI,125.05,46.5354,13337,62,95,0,14-3-29 15:26:34,1
L19GXUB7SI,125.044,46.5166,13358,58,95,0,14-3-29 15:28:35,1
L19GXUB7SI,125.037,46.4974,13379,69,90,0,14-3-29 15:30:37,1
L19GXUB7SI,125.033,46.4779,13401,58,95,0,14-3-29 15:32:36,1
L19GXUB7SI,125.03,46.4701,13409,22,95,0,14-3-29 15:34:36,1
L19GXUB7SI,125.023,46.4552,13426,66,95,0,14-3-29 15:36:37,1
L19GXUB7SI,125.017,46.4341,13449,71,90,0,14-3-29 15:38:37,1
L19GXUB7SI,125.056,46.3735,13430,0,4,0,14-3-29 15:40:16,1
L19GXUB7SI,125.056,46.3735,13430,0,0,0,14-3-29 15:40:27,1
L19GXUB7SI,125.056,46.3735,13430,0,0,0,14-3-29 15:40:39,1
L19GXUB7SI,125.017,46.3892,13440,71,85,0,14-3-29 15:42:40,1
L19GXUB7SI,125.015,46.367,13464,71,95,0,14-3-29 15:44:40,1
L19GXUB7SI,125.006,46.3454,13489,75,95,0,14-3-29 15:46:41,1
L19GXUB7SI,124.998,46.3236,13513,73,95,0,14-3-29 15:48:41,1
L19GXUB7SI,124.994,46.3006,13538,75,90,0,14-3-29 15:50:42,1
L19GXUB7SI,124.991,46.2778,13563,71,95,0,14-3-29 15:52:42,1
L19GXUB7SI,124.978,46.2574,13588,73,105,0,14-3-29 15:54:43,1
L19GXUB7SI,124.959,46.239,13612,73,105,0,14-3-29 15:56:43,1
L19GXUB7SI,124.94,46.2201,13637,73,105,0,14-3-29 15:58:45,1
L19GXUB7SI,124.922,46.2011,13662,75,100,0,14-3-29 16:0:44,1
L19GXUB7SI,124.915,46.179,13686,73,90,0,14-3-29 16:2:45,1
L19GXUB7SI,124.912,46.1567,13711,73,90,0,14-3-29 16:4:45,1
L19GXUB7SI,124.91,46.1343,13735,71,85,0,14-3-29 16:6:46,1
L19GXUB7SI,124.916,46.1127,13759,71,80,0,14-3-29 16:8:46,1
L19GXUB7SI,124.923,46.0914,13783,71,80,0,14-3-29 16:10:47,1
L19GXUB7SI,124.925,46.0701,13806,71,90,0,14-3-29 16:12:47,1
L19GXUB7SI,124.923,46.048,13830,71,90,0,14-3-29 16:14:48,1
L19GXUB7SI,124.927,46.0268,13854,71,80,0,14-3-29 16:16:48,1
L19GXUB7SI,124.934,46.0049,13878,71,80,0,14-3-29 16:18:51,1
L19GXUB7SI,124.946,45.9853,13901,68,75,0,14-3-29 16:20:50,1
L19GXUB7SI,124.958,45.9658,13925,71,75,0,14-3-29 16:22:50,1
L19GXUB7SI,124.965,45.9443,13948,69,85,0,14-3-29 16:24:50,1
L19GXUB7SI,124.968,45.9231,13972,69,85,0,14-3-29 16:26:51,1
L19GXUB7SI,124.974,45.9021,13995,64,75,0,14-3-29 16:28:51,1
L19GXUB7SI,124.994,45.886,14018,71,65,0,14-3-29 16:30:52,1
L19GXUB7SI,125.014,45.8708,14040,68,65,0,14-3-29 16:32:52,1
L19GXUB7SI,125.035,45.8551,14063,64,70,0,14-3-29 16:34:55,1
L19GXUB7SI,125.05,45.8367,14086,75,80,0,14-3-29 16:36:53,1
L19GXUB7SI,125.058,45.814,14111,75,80,0,14-3-29 16:38:54,1
L19GXUB7SI,125.063,45.7923,14135,69,85,0,14-3-29 16:40:55,1
L19GXUB7SI,125.058,45.7699,14160,68,95,0,14-3-29 16:42:55,1
L19GXUB7SI,125.056,45.7489,14182,64,90,0,14-3-29 16:44:56,1
L19GXUB7SI,125.055,45.7288,14204,69,90,0,14-3-29 16:46:56,1
L19GXUB7SI,125.055,45.7062,14228,68,85,0,14-3-29 16:48:57,1
L19GXUB7SI,125.063,45.685,14252,73,80,0,14-3-29 16:50:57,1
L19GXUB7SI,125.074,45.6548,14218,0,4,0,14-3-29 16:52:1,1
L19GXUB7SI,125.074,45.6444,14218,0,0,0,14-3-29 16:52:24,1
L19GXUB7SI,125.078,45.6486,14242,69,90,0,14-3-29 16:54:23,1
L19GXUB7SI,125.07,45.6285,14265,68,100,0,14-3-29 16:56:24,1
L19GXUB7SI,125.059,45.6085,14289,68,100,0,14-3-29 16:58:24,1
L19GXUB7SI,125.05,45.5881,14312,68,95,0,14-3-29 17:0:24,1
L19GXUB7SI,125.04,45.5669,14336,69,100,0,14-3-29 17:2:27,1
L19GXUB7SI,125.028,45.5465,14360,75,100,0,14-3-29 17:4:26,1
L19GXUB7SI,125.015,45.526,14384,69,105,0,14-3-29 17:6:26,1
L19GXUB7SI,125.006,45.5176,14395,0,110,0,14-3-29 17:8:27,1
L19GXUB7SI,125.001,45.5129,14401,44,105,0,14-3-29 17:10:27,1
L19GXUB7SI,124.99,45.4786,14440,73,90,0,14-3-29 17:14:30,1
L19GXUB7SI,124.983,45.4575,14464,71,100,0,14-3-29 17:16:29,1
L19GXUB7SI,124.97,45.4376,14488,66,95,0,14-3-29 17:18:29,1
L19GXUB7SI,124.966,45.4276,14499,31,95,0,14-3-29 17:20:30,1
L19GXUB7SI,124.964,45.4113,14517,62,90,0,14-3-29 17:22:30,1
L19GXUB7SI,124.96,45.392,14538,64,90,0,14-3-29 17:24:31,1
L19GXUB7SI,124.96,45.3518,14582,68,90,0,14-3-29 17:28:34,1
L19GXUB7SI,124.954,45.332,14604,66,95,0,14-3-29 17:30:32,1
L19GXUB7SI,124.945,45.3119,14627,68,105,0,14-3-29 17:32:33,1
L19GXUB7SI,124.927,45.2953,14650,71,105,0,14-3-29 17:34:33,1
L19GXUB7SI,124.914,45.2772,14672,64,90,0,14-3-29 17:36:34,1
L19GXUB7SI,124.909,45.2576,14694,66,95,0,14-3-29 17:38:36,1
L19GXUB7SI,124.9,45.2375,14717,75,95,0,14-3-29 17:40:35,1
L19GXUB7SI,124.892,45.2157,14742,73,90,0,14-3-29 17:42:35,1
L19GXUB7SI,124.887,45.1927,14767,77,90,0,14-3-29 17:44:36,1
L19GXUB7SI,124.891,45.1715,14791,73,85,0,14-3-29 17:46:36,1
L19GXUB7SI,124.885,45.1492,14816,71,100,0,14-3-29 17:48:39,1
L19GXUB7SI,124.87,45.131,14838,71,105,0,14-3-29 17:50:37,1
L19GXUB7SI,124.856,45.1111,14862,73,95,0,14-3-29 17:52:38,1
L19GXUB7SI,124.84,45.0936,14885,68,105,0,14-3-29 17:54:38,1
L19GXUB7SI,124.809,45.0868,14895,0,4,0,14-3-29 17:57:8,1
L19GXUB7SI,124.817,45.0743,14895,0,4,0,14-3-29 17:57:19,1
L19GXUB7SI,124.817,45.0743,14895,0,0,0,14-3-29 17:57:31,1
L19GXUB7SI,124.836,45.0631,14909,75,60,0,14-3-29 17:59:31,1
L19GXUB7SI,124.856,45.0443,14935,73,75,0,14-3-29 18:1:31,1
L19GXUB7SI,124.867,45.0234,14959,75,75,0,14-3-29 18:3:31,1
L19GXUB7SI,124.881,45.0038,14983,73,80,0,14-3-29 18:5:32,1
L19GXUB7SI,124.895,44.9837,15008,75,70,0,14-3-29 18:7:32,1
L19GXUB7SI,124.918,44.9667,15033,66,70,0,14-3-29 18:9:33,1
L19GXUB7SI,124.929,44.952,15051,49,80,0,14-3-29 18:11:33,1
L19GXUB7SI,124.937,44.9349,15070,57,75,0,14-3-29 18:13:34,1
L19GXUB7SI,124.948,44.9242,15084,31,65,0,14-3-29 18:15:34,1
L19GXUB7SI,124.958,44.9175,15094,33,65,0,14-3-29 18:17:35,1
L19GXUB7SI,124.971,44.9051,15112,57,75,0,14-3-29 18:19:35,1
L19GXUB7SI,124.98,44.8849,15134,69,85,0,14-3-29 18:21:36,1
L19GXUB7SI,124.987,44.8655,15156,64,75,0,14-3-29 18:23:37,1
L19GXUB7SI,125.007,44.8501,15179,53,60,0,14-3-29 18:25:37,1
L19GXUB7SI,125.03,44.8402,15200,64,65,0,14-3-29 18:27:38,1
L19GXUB7SI,125.043,44.824,15220,60,75,0,14-3-29 18:29:38,1
L19GXUB7SI,125.057,44.8062,15242,75,70,0,14-3-29 18:31:39,1
L19GXUB7SI,125.074,44.7876,15266,66,80,0,14-3-29 18:33:39,1
L19GXUB7SI,125.085,44.7679,15290,69,75,0,14-3-29 18:35:40,1
L19GXUB7SI,125.133,44.6627,15412,82,95,0,14-3-29 18:45:51,1
L19GXUB7SI,125.13,44.6409,15437,77,70,0,14-3-29 18:47:52,1
L19GXUB7SI,125.142,44.6211,15461,66,90,0,14-3-29 18:49:52,1
L19GXUB7SI,125.136,44.6004,15484,68,90,0,14-3-29 18:51:53,1
L19GXUB7SI,125.143,44.5837,15502,47,80,0,14-3-29 18:53:55,1
L19GXUB7SI,125.15,44.5676,15521,73,80,0,14-3-29 18:55:54,1
L19GXUB7SI,125.153,44.5462,15545,66,80,0,14-3-29 18:57:54,1
L19GXUB7SI,125.163,44.5261,15568,75,85,0,14-3-29 18:59:55,1
L19GXUB7SI,125.164,44.5032,15593,71,90,0,14-3-29 19:1:55,1
L19GXUB7SI,125.17,44.4814,15617,69,80,0,14-3-29 19:3:56,1
L19GXUB7SI,125.167,44.463,15639,57,115,0,14-3-29 19:5:56,1
L19GXUB7SI,125.146,44.4528,15659,66,115,0,14-3-29 19:7:57,1
L19GXUB7SI,125.126,44.4419,15679,55,110,0,14-3-29 19:9:57,1
L19GXUB7SI,125.118,44.4255,15698,66,90,0,14-3-29 19:11:58,1
L19GXUB7SI,125.116,44.4041,15721,71,90,0,14-3-29 19:13:58,1
L19GXUB7SI,125.12,44.2771,15859,68,80,0,14-3-29 19:26:7,1
L19GXUB7SI,125.132,44.258,15882,69,75,0,14-3-29 19:28:8,1
L19GXUB7SI,125.143,44.2424,15900,12,80,0,14-3-29 19:30:8,1
L19GXUB7SI,125.145,44.2388,15904,0,75,0,14-3-29 19:32:9,1
L19GXUB7SI,125.145,44.2388,15904,0,75,0,14-3-29 19:34:9,1
L19GXUB7SI,125.145,44.2388,15904,0,75,0,14-3-29 19:36:10,1
L19GXUB7SI,125.145,44.2377,15905,22,80,0,14-3-29 19:38:10,1
L19GXUB7SI,125.149,44.2252,15919,53,85,0,14-3-29 19:40:11,1
L19GXUB7SI,125.153,44.2076,15938,55,85,0,14-3-29 19:42:11,1
L19GXUB7SI,125.156,44.1919,15955,53,85,0,14-3-29 19:44:12,1
L19GXUB7SI,125.159,44.1738,15975,62,85,0,14-3-29 19:46:12,1
L19GXUB7SI,125.159,44.1537,15997,62,85,0,14-3-29 19:48:13,1
L19GXUB7SI,125.159,44.1184,16035,53,85,0,14-3-29 19:52:16,1
L19GXUB7SI,125.164,44.1023,16053,55,75,0,14-3-29 19:54:14,1
L19GXUB7SI,125.275,44.0225,16186,64,75,0,14-3-29 20:6:34,1
L19GXUB7SI,125.284,44.0061,16205,58,80,0,14-3-29 20:8:34,1
L19GXUB7SI,125.288,43.9988,16213,0,165,0,14-3-29 20:10:34,1
L19GXUB7SI,125.285,43.9942,16221,46,125,0,14-3-29 20:12:35,1
L19GXUB7SI,125.26,43.9896,16240,62,120,0,14-3-29 20:14:35,1
L19GXUB7SI,125.236,43.9803,16262,64,110,0,14-3-29 20:16:36,1
L19GXUB7SI,125.217,43.9658,16283,68,110,0,14-3-29 20:18:37,1
L19GXUB7SI,125.198,43.9506,16306,66,110,0,14-3-29 20:20:37,1
L19GXUB7SI,125.179,43.9359,16327,53,110,0,14-3-29 20:22:38,1
L19GXUB7SI,125.164,43.9219,16347,62,105,0,14-3-29 20:24:39,1
L19GXUB7SI,125.15,43.904,16369,69,105,0,14-3-29 20:26:40,1
L19GXUB7SI,125.137,43.8849,16392,68,95,0,14-3-29 20:28:40,1
L19GXUB7SI,125.132,43.865,16414,64,90,0,14-3-29 20:30:41,1
L19GXUB7SI,125.138,43.8458,16436,66,70,0,14-3-29 20:32:41,1
L19GXUB7SI,125.152,43.8282,16458,66,70,0,14-3-29 20:34:42,1
L19GXUB7SI,125.203,43.7552,16548,49,90,0,14-3-29 20:44:50,1
L19GXUB7SI,125.201,43.7383,16567,51,95,0,14-3-29 20:46:50,1
L19GXUB7SI,125.185,43.7263,16585,58,115,0,14-3-29 20:48:50,1
L19GXUB7SI,125.163,43.7178,16605,58,120,0,14-3-29 20:50:51,1
L19GXUB7SI,125.141,43.708,16626,69,115,0,14-3-29 20:52:51,1
L19GXUB7SI,125.12,43.6934,16649,60,110,0,14-3-29 20:54:52,1
L19GXUB7SI,125.1,43.6814,16669,55,115,0,14-3-29 20:56:52,1
L19GXUB7SI,125.08,43.6717,16688,57,115,0,14-3-29 20:58:53,1
L19GXUB7SI,125.06,43.6599,16709,68,110,0,14-3-29 21:0:53,1
L19GXUB7SI,125.043,43.6458,16729,57,110,0,14-3-29 21:2:54,1
L19GXUB7SI,125.025,43.6313,16750,60,110,0,14-3-29 21:4:54,1
L19GXUB7SI,125.012,43.6241,16762,0,110,0,14-3-29 21:6:55,1
L19GXUB7SI,125.012,43.6241,16762,0,110,0,14-3-29 21:8:56,1
L19GXUB7SI,125.012,43.6241,16762,0,110,0,14-3-29 21:10:56,1
L19GXUB7SI,125.012,43.6241,16762,0,110,0,14-3-29 21:12:57,1
L19GXUB7SI,124.974,43.6041,16800,57,110,0,14-3-29 21:23:9,1
L19GXUB7SI,124.956,43.5899,16820,55,110,0,14-3-29 21:25:10,1
L19GXUB7SI,124.939,43.5739,16842,58,105,0,14-3-29 21:27:11,1
L19GXUB7SI,124.929,43.56,16859,51,100,0,14-3-29 21:29:12,1
L19GXUB7SI,124.92,43.5482,16873,42,100,0,14-3-29 21:31:12,1
L19GXUB7SI,124.908,43.5358,16890,51,110,0,14-3-29 21:33:13,1
L19GXUB7SI,124.887,43.5239,16911,71,115,0,14-3-29 21:35:13,1
L19GXUB7SI,124.867,43.5114,16932,57,110,0,14-3-29 21:37:14,1
L19GXUB7SI,124.854,43.4998,16948,46,105,0,14-3-29 21:39:14,1
L19GXUB7SI,124.841,43.4864,16966,38,105,0,14-3-29 21:41:15,1
L19GXUB7SI,124.832,43.48,16975,36,110,0,14-3-29 21:43:15,1
L19GXUB7SI,124.817,43.4711,16990,49,115,0,14-3-29 21:45:16,1
L19GXUB7SI,124.794,43.4571,17014,79,110,0,14-3-29 21:47:17,1
L19GXUB7SI,124.778,43.4418,17035,58,105,0,14-3-29 21:49:17,1
L19GXUB7SI,124.766,43.428,17052,49,105,0,14-3-29 21:51:18,1
L19GXUB7SI,124.754,43.4156,17069,49,110,0,14-3-29 21:53:18,1
L19GXUB7SI,124.719,43.3927,17106,58,115,0,14-3-29 21:57:20,1
L19GXUB7SI,124.704,43.3814,17123,46,105,0,14-3-29 21:59:20,1
L19GXUB7SI,124.676,43.3604,17155,42,115,0,14-3-29 22:3:22,1
L19GXUB7SI,124.658,43.3509,17173,68,115,0,14-3-29 22:5:21,1
L19GXUB7SI,124.641,43.3379,17192,57,105,0,14-3-29 22:7:22,1
L19GXUB7SI,124.612,43.309,17231,44,110,0,14-3-29 22:11:24,1
L19GXUB7SI,124.595,43.2975,17249,66,110,0,14-3-29 22:13:23,1
L19GXUB7SI,124.579,43.2848,17267,55,105,0,14-3-29 22:15:24,1
L19GXUB7SI,124.568,43.27,17285,29,100,0,14-3-29 22:17:25,1
L19GXUB7SI,124.567,43.269,17286,0,100,0,14-3-29 22:19:25,1
L19GXUB7SI,124.567,43.269,17286,0,100,0,14-3-29 22:21:26,1
L19GXUB7SI,124.567,43.269,17286,0,100,0,14-3-29 22:23:26,1
L19GXUB7SI,124.567,43.269,17286,0,100,0,14-3-29 22:25:27,1
L19GXUB7SI,124.567,43.269,17286,0,100,0,14-3-29 22:27:27,1
L19GXUB7SI,124.567,43.269,17286,0,100,0,14-3-29 22:29:28,1
L19GXUB7SI,124.567,43.269,17286,0,100,0,14-3-29 22:31:28,1
L19GXUB7SI,124.567,43.269,17286,0,100,0,14-3-29 22:33:29,1
L19GXUB7SI,124.567,43.269,17286,0,100,0,14-3-29 22:35:29,1
L19GXUB7SI,124.567,43.269,17286,0,100,0,14-3-29 22:37:30,1
L19GXUB7SI,124.567,43.269,17286,0,100,0,14-3-29 22:39:30,1
L19GXUB7SI,124.567,43.269,17286,0,100,0,14-3-29 22:41:31,1
L19GXUB7SI,124.567,43.269,17286,0,100,0,14-3-29 22:43:31,1
L19GXUB7SI,124.567,43.269,17286,0,100,0,14-3-29 22:45:32,1
L19GXUB7SI,124.567,43.269,17286,0,100,0,14-3-29 22:47:33,1
L19GXUB7SI,124.567,43.269,17286,0,100,0,14-3-29 22:49:33,1
L19GXUB7SI,124.567,43.269,17286,0,100,0,14-3-29 22:51:34,1
L19GXUB7SI,124.567,43.269,17286,0,100,0,14-3-29 22:53:34,1
L19GXUB7SI,124.567,43.269,17286,0,100,0,14-3-29 22:55:35,1
L19GXUB7SI,124.567,43.269,17286,0,100,0,14-3-29 22:57:35,1
L19GXUB7SI,124.567,43.269,17286,0,100,0,14-3-29 22:59:36,1
L19GXUB7SI,124.567,43.269,17286,0,100,0,14-3-29 23:1:36,1
L19GXUB7SI,124.567,43.269,17286,0,100,0,14-3-29 23:3:37,1
L19GXUB7SI,124.567,43.269,17286,0,100,0,14-3-29 23:5:37,1
L19GXUB7SI,124.567,43.269,17286,0,100,0,14-3-29 23:7:38,1
L19GXUB7SI,124.567,43.269,17286,0,100,0,14-3-29 23:9:38,1
L19GXUB7SI,124.567,43.269,17286,0,100,0,14-3-29 23:11:39,1
L19GXUB7SI,124.567,43.269,17286,0,100,0,14-3-29 23:13:39,1
L19GXUB7SI,124.567,43.269,17286,0,100,0,14-3-29 23:15:40,1
L19GXUB7SI,124.567,43.269,17286,0,100,0,14-3-29 23:17:40,1
L19GXUB7SI,124.567,43.269,17286,0,100,0,14-3-29 23:19:41,1
L19GXUB7SI,124.567,43.269,17286,0,100,0,14-3-29 23:21:41,1
L19GXUB7SI,124.567,43.269,17286,0,100,0,14-3-29 23:23:42,1
L19GXUB7SI,124.567,43.269,17286,0,100,0,14-3-29 23:25:43,1
L19GXUB7SI,124.567,43.269,17286,0,100,0,14-3-29 23:27:43,1
L19GXUB7SI,124.567,43.269,17286,0,100,0,14-3-29 23:29:44,1
L19GXUB7SI,124.567,43.269,17286,0,100,0,14-3-29 23:31:44,1
L19GXUB7SI,124.567,43.269,17286,0,100,0,14-3-29 23:33:45,1
L19GXUB7SI,124.567,43.269,17286,0,100,0,14-3-29 23:35:45,1
L19GXUB7SI,124.567,43.269,17286,0,100,0,14-3-29 23:37:46,1
L19GXUB7SI,124.567,43.269,17286,0,100,0,14-3-29 23:39:46,1
L19GXUB7SI,124.567,43.269,17286,0,100,0,14-3-29 23:41:47,1
L19GXUB7SI,124.567,43.269,17286,0,100,0,14-3-29 23:43:47,1
L19GXUB7SI,124.567,43.269,17286,0,100,0,14-3-29 23:45:48,1
L19GXUB7SI,124.567,43.269,17286,0,100,0,14-3-29 23:47:48,1
L19GXUB7SI,124.567,43.269,17286,0,100,0,14-3-29 23:49:49,1
L19GXUB7SI,124.567,43.269,17286,0,100,0,14-3-29 23:51:49,1
L19GXUB7SI,124.567,43.269,17286,0,100,0,14-3-29 23:53:50,1
L19GXUB7SI,124.567,43.269,17286,0,100,0,14-3-29 23:55:50,1
L19GXUB7SI,124.567,43.269,17286,0,100,0,14-3-29 23:57:51,1
L19GXUB7SI,124.567,43.269,17286,0,100,0,14-3-29 23:59:51,1
