L393X7B7SI,117.228,39.0838,123237,0,4,0,14-3-29 21:33:48,1
L393X7B7SI,117.228,39.0838,123237,0,0,0,14-3-29 21:35:3,1
L393X7B7SI,117.232,39.0789,123241,25,45,0,14-3-29 21:36:10,1
L393X7B7SI,117.246,39.0788,123253,0,0,0,14-3-29 21:38:11,1
L393X7B7SI,117.237,39.0791,123260,51,135,0,14-3-29 21:40:14,1
L393X7B7SI,117.23,39.0836,123271,0,0,0,14-3-29 21:43:32,1
L393X7B7SI,117.23,39.0836,123271,0,0,0,14-3-29 21:45:34,1
L393X7B7SI,117.23,39.0836,123271,0,0,0,14-3-29 21:47:34,1
L393X7B7SI,117.23,39.0836,123271,0,0,0,14-3-29 21:49:35,1
L393X7B7SI,117.23,39.0836,123271,0,0,0,14-3-29 21:51:57,1
L393X7B7SI,117.23,39.0836,123271,0,0,0,14-3-29 21:53:58,1
L393X7B7SI,117.23,39.0836,123271,0,0,0,14-3-29 21:56:0,1
L393X7B7SI,117.23,39.0836,123271,0,0,0,14-3-29 21:58:1,1
L393X7B7SI,117.23,39.0836,123271,0,0,0,14-3-29 22:0:47,1
L393X7B7SI,117.23,39.0836,123271,0,0,0,14-3-29 22:2:50,1
L393X7B7SI,117.23,39.0836,123271,0,0,0,14-3-29 22:4:50,1
L393X7B7SI,117.23,39.0836,123271,0,0,0,14-3-29 22:6:52,1
L393X7B7SI,117.227,39.0793,123277,27,135,0,14-3-29 22:10:29,1
L393X7B7SI,117.226,39.0712,123287,49,85,0,14-3-29 22:12:31,1
L393X7B7SI,117.225,39.0617,123271,0,0,0,14-3-29 22:14:10,1
L393X7B7SI,117.226,39.0557,123271,0,0,0,14-3-29 22:14:52,1
L393X7B7SI,117.226,39.0557,123271,0,4,0,14-3-29 22:16:20,0
L393X7B7SI,117.226,39.0557,123271,0,0,0,14-3-29 22:17:3,0
L393X7B7SI,117.228,39.0239,123282,60,75,0,14-3-29 22:18:44,1
L393X7B7SI,117.225,39.0177,123297,29,0,0,14-3-29 22:20:45,1
L393X7B7SI,117.225,39.0191,123299,0,85,0,14-3-29 22:22:47,1
L393X7B7SI,117.225,39.0191,123299,0,85,0,14-3-29 22:24:48,1
L393X7B7SI,117.227,39.0172,123302,31,40,0,14-3-29 22:27:41,1
L393X7B7SI,117.23,39.0215,123312,27,160,0,14-3-29 22:29:43,1
L393X7B7SI,117.228,39.0313,123323,0,0,0,14-3-29 22:31:44,1
L393X7B7SI,117.227,39.0446,123321,0,0,0,14-3-29 22:34:42,1
L393X7B7SI,117.228,39.037,123321,0,0,0,14-3-29 22:34:54,1
L393X7B7SI,117.228,39.037,123321,0,0,0,14-3-29 22:35:4,1
L393X7B7SI,117.227,39.0482,123333,51,175,0,14-3-29 22:37:5,1
L393X7B7SI,117.225,39.0617,123321,0,4,0,14-3-29 22:39:0,1
L393X7B7SI,117.226,39.0668,123321,0,4,0,14-3-29 22:39:46,1
L393X7B7SI,117.226,39.0668,123321,0,0,0,14-3-29 22:40:29,1
L393X7B7SI,117.228,39.0788,123328,27,40,0,14-3-29 22:42:10,1
L393X7B7SI,117.243,39.0787,123341,33,40,0,14-3-29 22:44:11,1
L393X7B7SI,117.245,39.079,123343,0,145,0,14-3-29 22:46:12,1
L393X7B7SI,117.239,39.0791,123348,34,135,0,14-3-29 22:48:14,1
L393X7B7SI,117.234,39.0848,123358,0,25,0,14-3-29 22:50:16,1
L393X7B7SI,117.245,39.0804,123369,20,90,0,14-3-29 22:52:16,1
L393X7B7SI,117.229,39.0797,123384,25,175,0,14-3-29 22:54:18,1
L393X7B7SI,117.229,39.0836,123388,0,175,0,14-3-29 22:56:41,1
L393X7B7SI,117.229,39.0836,123388,0,175,0,14-3-29 22:58:42,1
L393X7B7SI,117.229,39.0836,123388,0,175,0,14-3-29 23:0:43,1
L393X7B7SI,117.229,39.0836,123388,0,175,0,14-3-29 23:2:44,1
L393X7B7SI,117.229,39.0836,123388,0,175,0,14-3-29 23:4:46,1
L393X7B7SI,117.229,39.0836,123388,0,175,0,14-3-29 23:6:47,1
L393X7B7SI,117.229,39.0836,123388,0,175,0,14-3-29 23:8:49,1
L393X7B7SI,117.229,39.0836,123388,0,175,0,14-3-29 23:10:50,1
L393X7B7SI,117.229,39.0836,123388,0,175,0,14-3-29 23:12:51,1
L393X7B7SI,117.229,39.0836,123388,0,175,0,14-3-29 23:14:53,1
L393X7B7SI,117.229,39.0836,123388,0,175,0,14-3-29 23:16:54,1
L393X7B7SI,117.229,39.0836,123388,0,175,0,14-3-29 23:18:55,1
L393X7B7SI,117.229,39.0836,123388,0,175,0,14-3-29 23:20:57,1
L393X7B7SI,117.229,39.0836,123388,0,175,0,14-3-29 23:22:59,1
L393X7B7SI,117.229,39.0836,123388,0,175,0,14-3-29 23:25:23,1
L393X7B7SI,117.229,39.0836,123388,0,175,0,14-3-29 23:27:25,1
L393X7B7SI,117.229,39.0836,123388,0,175,0,14-3-29 23:29:26,1
L393X7B7SI,117.229,39.0836,123388,0,175,0,14-3-29 23:32:8,1
L393X7B7SI,117.229,39.0836,123388,0,175,0,14-3-29 23:34:9,1
L393X7B7SI,117.229,39.0836,123388,0,175,0,14-3-29 23:36:11,1
L393X7B7SI,117.229,39.0836,123388,0,175,0,14-3-29 23:40:4,1
L393X7B7SI,117.229,39.0836,123388,0,175,0,14-3-29 23:42:6,1
L393X7B7SI,117.229,39.0836,123388,0,175,0,14-3-29 23:44:7,1
L393X7B7SI,117.229,39.0836,123388,0,175,0,14-3-29 23:46:9,1
L393X7B7SI,117.229,39.0836,123388,0,175,0,14-3-29 23:48:10,1
L393X7B7SI,117.229,39.0836,123388,0,175,0,14-3-29 23:50:11,1
L393X7B7SI,117.229,39.0836,123388,0,175,0,14-3-29 23:52:19,1
L393X7B7SI,117.229,39.0836,123388,0,175,0,14-3-29 23:54:20,1
L393X7B7SI,117.229,39.0836,123388,0,175,0,14-3-29 23:56:22,1
L393X7B7SI,117.229,39.0836,123388,0,175,0,14-3-29 23:58:23,1
