P434XUB7SI,116.816,40.3578,0,0,0,0,14-3-29 10:6:13,1
P434XUB7SI,116.816,40.3578,0,0,0,0,14-3-29 10:6:24,1
P434XUB7SI,116.816,40.3578,0,0,0,0,14-3-29 10:6:52,1
P434XUB7SI,116.816,40.3578,0,0,0,0,14-3-29 10:8:53,1
P434XUB7SI,116.816,40.3578,0,0,0,0,14-3-29 10:10:54,1
P434XUB7SI,116.816,40.3578,0,0,0,0,14-3-29 10:12:55,1
P434XUB7SI,116.816,40.3578,0,0,0,0,14-3-29 10:14:56,1
P434XUB7SI,116.816,40.3578,0,0,0,0,14-3-29 10:17:0,1
P434XUB7SI,116.816,40.3578,0,0,0,0,14-3-29 10:17:11,1
P434XUB7SI,116.816,40.3578,0,0,0,0,14-3-29 10:19:13,1
P434XUB7SI,116.816,40.3578,0,0,0,0,14-3-29 10:21:13,1
P434XUB7SI,116.816,40.3578,0,0,0,0,14-3-29 10:23:14,1
P434XUB7SI,116.816,40.3578,0,0,0,0,14-3-29 10:25:15,1
P434XUB7SI,116.816,40.3578,0,0,0,0,14-3-29 10:27:16,1
P434XUB7SI,116.816,40.3578,0,0,0,0,14-3-29 10:29:17,1
P434XUB7SI,116.816,40.3578,0,0,0,0,14-3-29 10:31:18,1
P434XUB7SI,116.816,40.3578,0,0,0,0,14-3-29 10:33:19,1
P434XUB7SI,116.816,40.3578,0,0,0,0,14-3-29 10:35:20,1
P434XUB7SI,116.816,40.3578,0,0,0,0,14-3-29 10:37:21,1
P434XUB7SI,116.816,40.3578,0,0,0,0,14-3-29 10:39:22,1
P434XUB7SI,116.816,40.3578,0,0,0,0,14-3-29 10:41:23,1
P434XUB7SI,116.816,40.3578,0,0,0,0,14-3-29 10:43:24,1
P434XUB7SI,116.816,40.3578,0,0,0,0,14-3-29 10:45:25,1
P434XUB7SI,116.816,40.3578,0,0,0,0,14-3-29 10:47:26,1
P434XUB7SI,116.816,40.3578,0,0,0,0,14-3-29 10:49:27,1
P434XUB7SI,116.816,40.3578,0,0,0,0,14-3-29 10:51:28,1
P434XUB7SI,116.816,40.3578,0,0,0,0,14-3-29 10:53:29,1
P434XUB7SI,116.816,40.3578,0,0,0,0,14-3-29 10:55:30,1
P434XUB7SI,116.816,40.3578,0,0,0,0,14-3-29 10:57:31,1
P434XUB7SI,116.816,40.3578,0,0,0,0,14-3-29 10:59:32,1
P434XUB7SI,116.816,40.3578,0,0,0,0,14-3-29 11:1:33,1
P434XUB7SI,116.816,40.3578,0,0,0,0,14-3-29 11:3:34,1
P434XUB7SI,116.816,40.3578,0,0,0,0,14-3-29 11:5:35,1
P434XUB7SI,116.816,40.3578,0,0,0,0,14-3-29 11:7:38,1
P434XUB7SI,116.816,40.3578,0,0,0,0,14-3-29 11:9:39,1
P434XUB7SI,116.816,40.3578,0,0,0,0,14-3-29 11:11:40,1
P434XUB7SI,116.816,40.3578,0,0,0,0,14-3-29 11:13:41,1
P434XUB7SI,116.816,40.3578,0,0,0,0,14-3-29 11:15:42,1
P434XUB7SI,116.816,40.3578,0,0,0,0,14-3-29 11:17:43,1
P434XUB7SI,116.816,40.3578,0,0,0,0,14-3-29 11:19:44,1
P434XUB7SI,116.816,40.3578,0,0,0,0,14-3-29 11:21:45,1
P434XUB7SI,116.816,40.3578,0,0,0,0,14-3-29 11:23:46,1
P434XUB7SI,116.816,40.3578,0,0,0,0,14-3-29 11:25:47,1
P434XUB7SI,116.816,40.3578,0,0,0,0,14-3-29 11:27:48,1
P434XUB7SI,116.816,40.3578,0,0,0,0,14-3-29 11:29:49,1
P434XUB7SI,116.816,40.3578,0,0,0,0,14-3-29 11:31:50,1
P434XUB7SI,116.816,40.3578,0,0,0,0,14-3-29 11:33:51,1
P434XUB7SI,116.816,40.3578,0,0,0,0,14-3-29 11:35:52,1
P434XUB7SI,116.816,40.3578,0,0,0,0,14-3-29 11:37:53,1
P434XUB7SI,116.816,40.3578,0,0,0,0,14-3-29 11:39:54,1
P434XUB7SI,116.816,40.3578,0,0,0,0,14-3-29 11:41:55,1
P434XUB7SI,116.816,40.3578,0,0,0,0,14-3-29 11:43:56,1
P434XUB7SI,116.816,40.3578,0,0,0,0,14-3-29 11:45:57,1
P434XUB7SI,116.816,40.3578,0,0,0,0,14-3-29 11:47:58,1
P434XUB7SI,116.816,40.3578,0,0,0,0,14-3-29 11:49:59,1
P434XUB7SI,116.816,40.3578,0,0,0,0,14-3-29 11:52:0,1
P434XUB7SI,116.816,40.3578,0,0,0,0,14-3-29 11:54:1,1
P434XUB7SI,116.816,40.3578,0,0,0,0,14-3-29 11:56:2,1
P434XUB7SI,116.816,40.3578,0,0,0,0,14-3-29 11:58:3,1
P434XUB7SI,116.816,40.3578,0,0,0,0,14-3-29 12:0:4,1
P434XUB7SI,116.816,40.3578,0,0,0,0,14-3-29 12:2:5,1
P434XUB7SI,116.816,40.3578,0,0,0,0,14-3-29 12:4:6,1
P434XUB7SI,116.816,40.3578,0,0,0,0,14-3-29 12:6:9,1
P434XUB7SI,116.816,40.3578,0,0,0,0,14-3-29 12:8:10,1
P434XUB7SI,116.816,40.3578,0,0,0,0,14-3-29 12:10:11,1
P434XUB7SI,116.816,40.3578,0,0,0,0,14-3-29 12:12:12,1
P434XUB7SI,116.816,40.3578,0,0,0,0,14-3-29 12:14:13,1
P434XUB7SI,116.816,40.3578,0,0,0,0,14-3-29 12:16:14,1
P434XUB7SI,116.816,40.3578,0,0,0,0,14-3-29 12:18:15,1
P434XUB7SI,116.816,40.3578,0,0,0,0,14-3-29 12:20:16,1
P434XUB7SI,116.816,40.3578,0,0,0,0,14-3-29 12:22:17,1
P434XUB7SI,116.816,40.3578,0,0,0,0,14-3-29 12:24:18,1
P434XUB7SI,116.816,40.3578,0,0,0,0,14-3-29 12:26:19,1
P434XUB7SI,116.816,40.3578,0,0,0,0,14-3-29 12:28:20,1
P434XUB7SI,116.816,40.3578,0,0,0,0,14-3-29 12:32:22,1
P434XUB7SI,116.816,40.3578,0,0,0,0,14-3-29 12:34:23,1
P434XUB7SI,116.816,40.3578,0,0,0,0,14-3-29 12:36:24,1
P434XUB7SI,116.816,40.3578,0,0,0,0,14-3-29 12:38:25,1
P434XUB7SI,116.816,40.3578,0,0,0,0,14-3-29 12:40:26,1
P434XUB7SI,116.816,40.3578,0,0,0,0,14-3-29 12:42:27,1
P434XUB7SI,116.816,40.3578,0,0,0,0,14-3-29 12:44:28,1
P434XUB7SI,116.816,40.3578,0,0,0,0,14-3-29 12:46:29,1
P434XUB7SI,116.816,40.3578,0,0,0,0,14-3-29 12:48:30,1
P434XUB7SI,116.816,40.3578,0,0,0,0,14-3-29 12:50:31,1
P434XUB7SI,116.816,40.3578,0,0,0,0,14-3-29 12:52:32,1
P434XUB7SI,116.816,40.3578,0,0,0,0,14-3-29 12:54:33,1
P434XUB7SI,116.816,40.3578,0,0,0,0,14-3-29 12:56:34,1
P434XUB7SI,116.816,40.3578,0,0,0,0,14-3-29 12:58:35,1
P434XUB7SI,116.816,40.3578,0,0,0,0,14-3-29 13:0:36,1
P434XUB7SI,116.816,40.3578,0,0,0,0,14-3-29 13:2:37,1
P434XUB7SI,116.816,40.3578,0,0,0,0,14-3-29 13:4:38,1
P434XUB7SI,116.816,40.3578,0,0,0,0,14-3-29 13:6:40,1
P434XUB7SI,116.816,40.3578,0,0,0,0,14-3-29 13:8:41,1
P434XUB7SI,116.816,40.3578,0,0,0,0,14-3-29 13:10:42,1
P434XUB7SI,116.816,40.3578,0,0,0,0,14-3-29 13:12:43,1
P434XUB7SI,116.816,40.3578,0,0,0,0,14-3-29 13:14:44,1
P434XUB7SI,116.816,40.3578,0,0,0,0,14-3-29 13:16:45,1
P434XUB7SI,116.816,40.3578,0,0,0,0,14-3-29 13:18:46,1
P434XUB7SI,116.816,40.3578,0,0,0,0,14-3-29 13:20:47,1
P434XUB7SI,116.816,40.3578,0,0,0,0,14-3-29 13:22:48,1
P434XUB7SI,116.816,40.3578,0,0,0,0,14-3-29 13:24:49,1
P434XUB7SI,116.816,40.3578,0,0,0,0,14-3-29 13:26:50,1
P434XUB7SI,116.816,40.3578,0,0,0,0,14-3-29 13:28:51,1
P434XUB7SI,116.816,40.3578,0,0,0,0,14-3-29 13:30:52,1
P434XUB7SI,116.816,40.3578,0,0,0,0,14-3-29 13:32:53,1
P434XUB7SI,116.816,40.3578,0,0,0,0,14-3-29 13:34:54,1
P434XUB7SI,116.816,40.3578,0,0,0,0,14-3-29 13:36:55,1
P434XUB7SI,116.816,40.3578,0,0,0,0,14-3-29 13:38:56,1
P434XUB7SI,116.816,40.3578,0,0,0,0,14-3-29 13:40:57,1
P434XUB7SI,116.816,40.3578,0,0,0,0,14-3-29 13:42:58,1
P434XUB7SI,116.816,40.3578,0,0,0,0,14-3-29 13:44:59,1
P434XUB7SI,116.816,40.3578,0,0,0,0,14-3-29 13:47:0,1
P434XUB7SI,116.816,40.3578,0,0,0,0,14-3-29 13:49:1,1
P434XUB7SI,116.816,40.3578,0,0,0,0,14-3-29 13:51:2,1
P434XUB7SI,116.816,40.3578,0,0,0,0,14-3-29 13:53:3,1
P434XUB7SI,116.816,40.3578,0,0,0,0,14-3-29 13:55:4,1
P434XUB7SI,116.816,40.3578,0,0,0,0,14-3-29 13:57:6,1
P434XUB7SI,116.816,40.3578,0,0,0,0,14-3-29 13:59:6,1
P434XUB7SI,116.816,40.3578,0,0,0,0,14-3-29 14:1:7,1
P434XUB7SI,116.816,40.3578,0,0,0,0,14-3-29 14:3:8,1
P434XUB7SI,116.816,40.3578,0,0,0,0,14-3-29 14:5:9,1
P434XUB7SI,116.816,40.3578,0,0,0,0,14-3-29 14:7:9,1
P434XUB7SI,116.816,40.3578,0,0,0,0,14-3-29 14:9:10,1
P434XUB7SI,116.816,40.3578,0,0,0,0,14-3-29 14:11:11,1
P434XUB7SI,116.816,40.3578,0,0,0,0,14-3-29 14:13:12,1
P434XUB7SI,116.816,40.3578,0,0,0,0,14-3-29 14:15:13,1
P434XUB7SI,116.813,40.3645,0,0,0,0,14-3-29 14:17:14,1
P434XUB7SI,116.813,40.3645,0,0,0,0,14-3-29 14:19:15,1
P434XUB7SI,116.813,40.3645,0,0,0,0,14-3-29 14:21:16,1
P434XUB7SI,116.813,40.3645,0,0,0,0,14-3-29 14:23:17,1
P434XUB7SI,116.813,40.3645,0,0,0,0,14-3-29 14:25:18,1
P434XUB7SI,116.813,40.3645,0,0,0,0,14-3-29 14:27:19,1
P434XUB7SI,116.813,40.3645,0,0,0,0,14-3-29 14:29:20,1
P434XUB7SI,116.813,40.3645,0,0,0,0,14-3-29 14:31:21,1
P434XUB7SI,116.813,40.3645,0,0,0,0,14-3-29 14:33:22,1
P434XUB7SI,116.812,40.3575,0,0,0,0,14-3-29 14:35:23,1
P434XUB7SI,116.816,40.3578,0,0,0,0,14-3-29 14:37:24,1
P434XUB7SI,116.809,40.3623,0,0,0,0,14-3-29 14:39:25,1
P434XUB7SI,116.799,40.3587,0,0,0,0,14-3-29 14:41:26,1
P434XUB7SI,116.799,40.3587,0,0,0,0,14-3-29 14:43:27,0
P434XUB7SI,116.769,40.3419,0,0,0,0,14-3-29 14:45:28,1
P434XUB7SI,116.769,40.3419,0,0,0,0,14-3-29 14:47:29,0
P434XUB7SI,116.769,40.3419,0,0,0,0,14-3-29 14:49:30,0
P434XUB7SI,116.769,40.3419,0,0,0,0,14-3-29 14:51:31,0
P434XUB7SI,116.769,40.3419,0,0,0,0,14-3-29 14:53:32,0
P434XUB7SI,116.723,40.328,0,0,0,0,14-3-29 14:55:33,1
P434XUB7SI,116.701,40.3268,0,0,0,0,14-3-29 14:57:34,1
P434XUB7SI,116.701,40.3268,0,0,0,0,14-3-29 14:59:35,1
P434XUB7SI,116.678,40.3254,0,0,0,0,14-3-29 15:1:36,1
P434XUB7SI,116.65,40.3166,0,0,0,0,14-3-29 15:3:37,1
P434XUB7SI,116.646,40.309,0,0,0,0,14-3-29 15:5:38,1
P434XUB7SI,116.646,40.309,0,0,0,0,14-3-29 15:7:39,1
P434XUB7SI,116.643,40.3047,0,0,0,0,14-3-29 15:9:40,1
P434XUB7SI,116.636,40.2973,0,0,0,0,14-3-29 15:11:41,1
P434XUB7SI,116.638,40.2733,0,0,0,0,14-3-29 15:13:42,1
P434XUB7SI,116.632,40.2663,0,0,0,0,14-3-29 15:15:43,1
P434XUB7SI,116.632,40.2663,0,0,0,0,14-3-29 15:17:44,0
P434XUB7SI,116.636,40.2473,0,0,0,0,14-3-29 15:19:45,1
P434XUB7SI,116.641,40.2345,0,0,0,0,14-3-29 15:21:46,1
P434XUB7SI,116.641,40.2345,0,0,0,0,14-3-29 15:23:47,1
P434XUB7SI,116.64,40.2112,0,0,0,0,14-3-29 15:25:48,1
P434XUB7SI,116.635,40.2055,0,0,0,0,14-3-29 15:27:49,1
P434XUB7SI,116.636,40.1864,0,0,0,0,14-3-29 15:29:50,1
P434XUB7SI,116.636,40.1864,0,0,0,0,14-3-29 15:31:51,1
P434XUB7SI,116.636,40.1864,0,0,0,0,14-3-29 15:33:52,0
P434XUB7SI,116.614,40.1576,0,0,0,0,14-3-29 15:35:53,1
P434XUB7SI,116.596,40.1435,0,0,0,0,14-3-29 15:41:56,1
P434XUB7SI,116.585,40.1392,0,0,0,0,14-3-29 15:43:57,1
P434XUB7SI,116.595,40.1431,0,0,0,0,14-3-29 15:45:58,1
P434XUB7SI,116.621,40.1276,0,0,0,0,14-3-29 15:47:59,1
P434XUB7SI,116.623,40.114,0,0,0,0,14-3-29 15:50:0,1
P434XUB7SI,116.619,40.0924,0,0,0,0,14-3-29 15:52:1,1
P434XUB7SI,116.634,40.079,0,0,0,0,14-3-29 15:54:2,1
P434XUB7SI,116.639,40.0657,0,0,0,0,14-3-29 15:56:3,1
P434XUB7SI,116.653,40.0451,0,0,0,0,14-3-29 15:58:4,1
P434XUB7SI,116.662,40.0252,0,0,0,0,14-3-29 16:0:5,1
P434XUB7SI,116.67,40.015,0,0,0,0,14-3-29 16:2:6,1
P434XUB7SI,116.67,40.015,0,0,0,0,14-3-29 16:4:7,0
P434XUB7SI,116.702,39.9806,0,0,0,0,14-3-29 16:6:10,1
P434XUB7SI,116.702,39.9806,0,0,0,0,14-3-29 16:8:11,0
P434XUB7SI,116.703,39.9327,0,0,0,0,14-3-29 16:10:12,1
P434XUB7SI,116.704,39.9099,0,0,0,0,14-3-29 16:12:13,1
P434XUB7SI,116.706,39.8957,0,0,0,0,14-3-29 16:14:14,1
P434XUB7SI,116.696,39.8722,0,0,0,0,14-3-29 16:16:15,1
P434XUB7SI,116.687,39.8496,0,0,0,0,14-3-29 16:18:16,1
P434XUB7SI,116.666,39.8302,0,0,0,0,14-3-29 16:20:17,1
P434XUB7SI,116.652,39.8164,0,0,0,0,14-3-29 16:22:18,1
P434XUB7SI,116.624,39.7937,0,0,0,0,14-3-29 16:24:19,1
P434XUB7SI,116.624,39.7937,0,0,0,0,14-3-29 16:26:20,0
P434XUB7SI,116.624,39.7937,0,0,0,0,14-3-29 16:28:21,0
P434XUB7SI,116.624,39.7937,0,0,0,0,14-3-29 16:30:22,0
P434XUB7SI,116.624,39.7937,0,0,0,0,14-3-29 16:32:23,0
P434XUB7SI,116.518,39.7404,0,0,0,0,14-3-29 16:34:24,1
P434XUB7SI,116.518,39.7404,0,0,0,0,14-3-29 16:36:25,0
P434XUB7SI,116.518,39.7404,0,0,0,0,14-3-29 16:38:26,0
P434XUB7SI,116.413,39.724,0,0,0,0,14-3-29 16:42:28,1
P434XUB7SI,116.413,39.724,0,0,0,0,14-3-29 16:44:29,0
P434XUB7SI,116.413,39.724,0,0,0,0,14-3-29 16:46:30,0
P434XUB7SI,116.41,39.7202,0,0,0,0,14-3-29 16:48:31,1
P434XUB7SI,116.366,39.7109,0,0,0,0,14-3-29 16:52:33,1
P434XUB7SI,116.36,39.706,0,0,0,0,14-3-29 16:54:34,1
P434XUB7SI,116.338,39.7021,0,0,0,0,14-3-29 16:56:35,1
P434XUB7SI,116.323,39.6942,0,0,0,0,14-3-29 16:58:36,1
P434XUB7SI,116.319,39.6735,0,0,0,0,14-3-29 17:0:37,1
P434XUB7SI,116.319,39.6735,0,0,0,0,14-3-29 17:2:38,0
P434XUB7SI,116.319,39.6735,0,0,0,0,14-3-29 17:4:39,0
P434XUB7SI,116.319,39.6355,0,0,0,0,14-3-29 17:6:40,1
P434XUB7SI,116.319,39.6355,0,0,0,0,14-3-29 17:8:41,0
P434XUB7SI,116.32,39.5848,0,0,0,0,14-3-29 17:10:42,1
P434XUB7SI,116.32,39.5729,0,0,0,0,14-3-29 17:12:43,1
P434XUB7SI,116.318,39.5418,0,0,0,0,14-3-29 17:14:44,1
P434XUB7SI,116.318,39.5418,0,0,0,0,14-3-29 17:16:45,0
P434XUB7SI,116.318,39.5418,0,0,0,0,14-3-29 17:18:46,0
P434XUB7SI,116.318,39.5418,0,0,0,0,14-3-29 17:20:47,0
P434XUB7SI,116.318,39.5418,0,0,0,0,14-3-29 17:22:48,0
P434XUB7SI,116.318,39.5418,0,0,0,0,14-3-29 17:24:49,0
P434XUB7SI,116.269,39.3576,0,0,0,0,14-3-29 17:36:44,1
P434XUB7SI,116.277,39.3468,0,0,0,0,14-3-29 17:38:45,1
P434XUB7SI,116.276,39.3128,0,0,0,0,14-3-29 17:40:44,1
P434XUB7SI,116.281,39.2957,0,0,0,0,14-3-29 17:42:45,1
P434XUB7SI,116.284,39.2819,0,0,0,0,14-3-29 17:44:46,1
P434XUB7SI,116.284,39.2819,0,0,0,0,14-3-29 17:46:47,1
P434XUB7SI,116.284,39.2819,0,0,0,0,14-3-29 17:48:48,1
P434XUB7SI,116.284,39.2819,0,0,0,0,14-3-29 17:50:49,1
P434XUB7SI,116.284,39.2819,0,0,0,0,14-3-29 17:52:50,1
P434XUB7SI,116.284,39.2819,0,0,0,0,14-3-29 17:54:51,1
P434XUB7SI,116.284,39.2819,0,0,0,0,14-3-29 17:56:52,1
P434XUB7SI,116.284,39.2819,0,0,0,0,14-3-29 17:58:53,1
P434XUB7SI,116.284,39.2819,0,0,0,0,14-3-29 18:0:54,1
P434XUB7SI,116.284,39.2819,0,0,0,0,14-3-29 18:2:55,1
P434XUB7SI,116.284,39.2819,0,0,0,0,14-3-29 18:4:56,1
P434XUB7SI,116.281,39.2957,0,0,0,0,14-3-29 18:6:58,1
P434XUB7SI,116.286,39.2521,0,0,0,0,14-3-29 18:8:59,1
P434XUB7SI,116.293,39.2201,0,0,0,0,14-3-29 18:11:0,1
P434XUB7SI,116.287,39.1867,0,0,0,0,14-3-29 18:13:1,1
P434XUB7SI,116.287,39.1867,0,0,0,0,14-3-29 18:15:2,1
P434XUB7SI,116.285,39.1549,0,0,0,0,14-3-29 18:17:3,1
P434XUB7SI,116.277,39.129,0,0,0,0,14-3-29 18:19:4,1
P434XUB7SI,116.264,39.0876,0,0,0,0,14-3-29 18:23:6,1
P434XUB7SI,116.264,39.0876,0,0,0,0,14-3-29 18:25:7,1
P434XUB7SI,116.244,39.0505,0,0,0,0,14-3-29 18:27:8,1
P434XUB7SI,116.239,39.0263,0,0,0,0,14-3-29 18:29:9,1
P434XUB7SI,116.237,39.0048,0,0,0,0,14-3-29 18:31:10,1
P434XUB7SI,116.238,38.9927,0,0,0,0,14-3-29 18:33:11,1
P434XUB7SI,116.222,38.9509,0,0,0,0,14-3-29 18:35:12,1
P434XUB7SI,116.222,38.9509,0,0,0,0,14-3-29 18:37:13,1
P434XUB7SI,116.204,38.9227,0,0,0,0,14-3-29 18:39:14,1
P434XUB7SI,116.199,38.8979,0,0,0,0,14-3-29 18:41:15,1
P434XUB7SI,116.197,38.8853,0,0,0,0,14-3-29 18:43:16,1
P434XUB7SI,116.185,38.8669,0,0,0,0,14-3-29 18:45:17,1
P434XUB7SI,116.166,38.8501,0,0,0,0,14-3-29 18:47:18,1
P434XUB7SI,116.124,38.8265,0,0,0,0,14-3-29 18:49:19,1
P434XUB7SI,116.11,38.8129,0,0,0,0,14-3-29 18:51:20,1
P434XUB7SI,116.088,38.8035,0,0,0,0,14-3-29 18:53:21,1
P434XUB7SI,116.073,38.7926,0,0,0,0,14-3-29 18:55:22,1
P434XUB7SI,116.035,38.7287,0,0,0,0,14-3-29 18:57:23,1
P434XUB7SI,116.044,38.7192,0,0,0,0,14-3-29 19:1:25,1
P434XUB7SI,116.018,38.7076,0,0,0,0,14-3-29 19:3:26,1
P434XUB7SI,115.983,38.6707,0,0,0,0,14-3-29 19:5:27,1
P434XUB7SI,115.983,38.6707,0,0,0,0,14-3-29 19:7:28,1
P434XUB7SI,115.974,38.6524,0,0,0,0,14-3-29 19:9:29,1
P434XUB7SI,115.942,38.6252,0,0,0,0,14-3-29 19:11:30,1
P434XUB7SI,115.913,38.6118,0,0,0,0,14-3-29 19:13:31,1
P434XUB7SI,115.913,38.6118,0,0,0,0,14-3-29 19:15:32,1
P434XUB7SI,115.877,38.5861,0,0,0,0,14-3-29 19:17:33,1
P434XUB7SI,115.86,38.5779,0,0,0,0,14-3-29 19:19:34,1
P434XUB7SI,115.845,38.5478,0,0,0,0,14-3-29 19:21:35,1
P434XUB7SI,115.833,38.5351,0,0,0,0,14-3-29 19:23:36,1
P434XUB7SI,115.816,38.5156,0,0,0,0,14-3-29 19:25:37,1
P434XUB7SI,115.791,38.4923,0,0,0,0,14-3-29 19:27:38,1
P434XUB7SI,115.776,38.4761,0,0,0,0,14-3-29 19:29:39,1
P434XUB7SI,115.776,38.4761,0,0,0,0,14-3-29 19:31:40,1
P434XUB7SI,115.752,38.438,0,0,0,0,14-3-29 19:33:41,1
P434XUB7SI,115.733,38.4107,0,0,0,0,14-3-29 19:35:42,1
P434XUB7SI,115.733,38.4107,0,0,0,0,14-3-29 19:37:43,0
P434XUB7SI,115.722,38.3834,0,0,0,0,14-3-29 19:39:44,1
P434XUB7SI,115.714,38.3728,0,0,0,0,14-3-29 19:41:45,1
P434XUB7SI,115.693,38.3407,0,0,0,0,14-3-29 19:43:46,1
P434XUB7SI,115.689,38.3299,0,0,0,0,14-3-29 19:45:47,1
P434XUB7SI,115.685,38.289,0,0,0,0,14-3-29 19:47:48,1
P434XUB7SI,115.682,38.2738,0,0,0,0,14-3-29 19:49:49,1
P434XUB7SI,115.676,38.2496,0,0,0,0,14-3-29 19:51:50,1
P434XUB7SI,115.66,38.224,0,0,0,0,14-3-29 19:53:51,1
P434XUB7SI,115.657,38.2225,0,0,0,0,14-3-29 19:55:52,1
P434XUB7SI,115.644,38.1925,0,0,0,0,14-3-29 19:57:53,1
P434XUB7SI,115.638,38.1698,0,0,0,0,14-3-29 19:59:54,1
P434XUB7SI,115.635,38.1481,0,0,0,0,14-3-29 20:1:55,1
P434XUB7SI,115.624,38.1267,0,0,0,0,14-3-29 20:3:56,1
P434XUB7SI,115.643,38.1044,0,0,0,0,14-3-29 20:5:57,1
P434XUB7SI,115.643,38.1044,0,0,0,0,14-3-29 20:7:57,1
P434XUB7SI,115.668,38.082,0,0,0,0,14-3-29 20:9:58,1
P434XUB7SI,115.662,38.0699,0,0,0,0,14-3-29 20:11:59,1
P434XUB7SI,115.662,38.0699,0,0,0,0,14-3-29 20:14:0,1
P434XUB7SI,115.662,38.0699,0,0,0,0,14-3-29 20:16:1,1
P434XUB7SI,115.662,38.0699,0,0,0,0,14-3-29 20:18:2,1
P434XUB7SI,115.662,38.0699,0,0,0,0,14-3-29 20:20:3,1
P434XUB7SI,115.662,38.0699,0,0,0,0,14-3-29 20:22:4,1
P434XUB7SI,115.662,38.0699,0,0,0,0,14-3-29 20:24:5,1
P434XUB7SI,115.662,38.0699,0,0,0,0,14-3-29 20:26:6,1
P434XUB7SI,115.662,38.0699,0,0,0,0,14-3-29 20:28:7,1
P434XUB7SI,115.662,38.0699,0,0,0,0,14-3-29 20:30:8,1
P434XUB7SI,115.662,38.0699,0,0,0,0,14-3-29 20:32:9,1
P434XUB7SI,115.673,38.0517,0,0,0,0,14-3-29 20:34:10,1
P434XUB7SI,115.683,38.0348,0,0,0,0,14-3-29 20:36:11,1
P434XUB7SI,115.687,38.0276,0,0,0,0,14-3-29 20:38:12,1
P434XUB7SI,115.695,37.9872,0,0,0,0,14-3-29 20:40:13,1
P434XUB7SI,115.687,37.9718,0,0,0,0,14-3-29 20:42:14,1
P434XUB7SI,115.695,37.9411,0,0,0,0,14-3-29 20:44:15,1
P434XUB7SI,115.699,37.9161,0,0,0,0,14-3-29 20:46:16,1
P434XUB7SI,115.7,37.9007,0,0,0,0,14-3-29 20:48:17,1
P434XUB7SI,115.701,37.8804,0,0,0,0,14-3-29 20:50:18,1
P434XUB7SI,115.698,37.8703,0,0,0,0,14-3-29 20:52:19,1
P434XUB7SI,115.696,37.8401,0,0,0,0,14-3-29 20:54:20,1
P434XUB7SI,115.694,37.8146,0,0,0,0,14-3-29 20:56:21,1
P434XUB7SI,115.694,37.7954,0,0,0,0,14-3-29 20:58:22,1
P434XUB7SI,115.727,37.7745,0,0,0,0,14-3-29 21:0:23,1
P434XUB7SI,115.746,37.7627,0,0,0,0,14-3-29 21:2:24,1
P434XUB7SI,115.764,37.7445,0,0,0,0,14-3-29 21:4:25,1
P434XUB7SI,115.795,37.7233,0,0,0,0,14-3-29 21:6:26,1
P434XUB7SI,115.794,37.7094,0,0,0,0,14-3-29 21:8:27,1
P434XUB7SI,115.791,37.6912,0,0,0,0,14-3-29 21:10:28,1
P434XUB7SI,115.779,37.6622,0,0,0,0,14-3-29 21:12:29,1
P434XUB7SI,115.769,37.6483,0,0,0,0,14-3-29 21:14:30,1
P434XUB7SI,115.751,37.6287,0,0,0,0,14-3-29 21:16:31,1
P434XUB7SI,115.733,37.6108,0,0,0,0,14-3-29 21:18:32,1
P434XUB7SI,115.721,37.5918,0,0,0,0,14-3-29 21:20:33,1
P434XUB7SI,115.714,37.5841,0,0,0,0,14-3-29 21:22:34,1
P434XUB7SI,115.686,37.5541,0,0,0,0,14-3-29 21:24:35,1
P434XUB7SI,115.676,37.548,0,0,0,0,14-3-29 21:26:36,1
P434XUB7SI,115.645,37.5072,0,0,0,0,14-3-29 21:28:37,1
P434XUB7SI,115.635,37.4908,0,0,0,0,14-3-29 21:30:38,1
P434XUB7SI,115.622,37.4718,0,0,0,0,14-3-29 21:32:39,1
P434XUB7SI,115.612,37.4484,0,0,0,0,14-3-29 21:34:40,1
P434XUB7SI,115.606,37.4394,0,0,0,0,14-3-29 21:36:41,1
P434XUB7SI,115.588,37.4061,0,0,0,0,14-3-29 21:38:42,1
P434XUB7SI,115.588,37.4061,0,0,0,0,14-3-29 21:40:43,0
P434XUB7SI,115.574,37.3812,0,0,0,0,14-3-29 21:42:44,1
P434XUB7SI,115.564,37.3655,0,0,0,0,14-3-29 21:44:45,1
P434XUB7SI,115.56,37.3314,0,0,0,0,14-3-29 21:46:46,1
P434XUB7SI,115.547,37.3058,0,0,0,0,14-3-29 21:48:47,1
P434XUB7SI,115.553,37.3194,0,0,0,0,14-3-29 21:50:48,1
P434XUB7SI,115.568,37.2745,0,0,0,0,14-3-29 21:52:49,1
P434XUB7SI,115.512,37.2523,0,0,0,0,14-3-29 21:54:50,1
P434XUB7SI,115.51,37.2322,0,0,0,0,14-3-29 21:56:51,1
P434XUB7SI,115.498,37.2041,0,0,0,0,14-3-29 21:58:52,1
P434XUB7SI,115.483,37.1952,0,0,0,0,14-3-29 22:0:53,1
P434XUB7SI,115.483,37.1952,0,0,0,0,14-3-29 22:2:54,0
P434XUB7SI,115.464,37.1391,0,0,0,0,14-3-29 22:4:55,1
P434XUB7SI,115.463,37.1372,0,0,0,0,14-3-29 22:6:55,1
P434XUB7SI,115.463,37.1372,0,0,0,0,14-3-29 22:8:56,0
P434XUB7SI,115.463,37.1372,0,0,0,0,14-3-29 22:10:57,0
P434XUB7SI,115.463,37.1372,0,0,0,0,14-3-29 22:12:58,0
P434XUB7SI,115.463,37.1372,0,0,0,0,14-3-29 22:14:59,0
P434XUB7SI,115.367,37.0297,0,0,0,0,14-3-29 22:17:0,1
P434XUB7SI,115.351,37.011,0,0,0,0,14-3-29 22:19:1,1
P434XUB7SI,115.345,36.9889,0,0,0,0,14-3-29 22:21:2,1
P434XUB7SI,115.331,36.9724,0,0,0,0,14-3-29 22:23:3,1
P434XUB7SI,115.286,36.9635,0,0,0,0,14-3-29 22:25:4,1
P434XUB7SI,115.301,36.9283,0,0,0,0,14-3-29 22:27:5,1
P434XUB7SI,115.28,36.9127,0,0,0,0,14-3-29 22:29:6,1
P434XUB7SI,115.251,36.8952,0,0,0,0,14-3-29 22:31:7,1
P434XUB7SI,115.244,36.8855,0,0,0,0,14-3-29 22:33:8,1
P434XUB7SI,115.243,36.8721,0,0,0,0,14-3-29 22:35:9,1
P434XUB7SI,115.23,36.8532,0,0,0,0,14-3-29 22:37:10,1
P434XUB7SI,115.23,36.8532,0,0,0,0,14-3-29 22:39:11,0
P434XUB7SI,115.209,36.8085,0,0,0,0,14-3-29 22:41:12,1
P434XUB7SI,115.209,36.8085,0,0,0,0,14-3-29 22:43:13,1
P434XUB7SI,115.209,36.8085,0,0,0,0,14-3-29 22:45:14,1
P434XUB7SI,115.209,36.8085,0,0,0,0,14-3-29 22:47:15,1
P434XUB7SI,115.209,36.8085,0,0,0,0,14-3-29 22:49:16,1
P434XUB7SI,115.209,36.8085,0,0,0,0,14-3-29 22:51:17,0
P434XUB7SI,115.209,36.8085,0,0,0,0,14-3-29 22:53:18,1
P434XUB7SI,115.202,36.7781,0,0,0,0,14-3-29 22:55:19,1
P434XUB7SI,115.194,36.7419,0,0,0,0,14-3-29 22:57:20,1
P434XUB7SI,115.194,36.7419,0,0,0,0,14-3-29 22:59:21,1
P434XUB7SI,115.194,36.7419,0,0,0,0,14-3-29 23:1:22,0
P434XUB7SI,114.707,38.2113,0,0,0,0,14-3-29 23:3:23,1
P434XUB7SI,114.707,38.2113,0,0,0,0,14-3-29 23:5:24,0
P434XUB7SI,114.707,38.2113,0,0,0,0,14-3-29 23:7:26,0
P434XUB7SI,114.707,38.2113,0,0,0,0,14-3-29 23:9:27,0
P434XUB7SI,115.125,36.6048,0,0,0,0,14-3-29 23:11:28,1
P434XUB7SI,115.122,36.5898,0,0,0,0,14-3-29 23:13:29,1
P434XUB7SI,115.118,36.564,0,0,0,0,14-3-29 23:15:30,1
P434XUB7SI,115.115,36.5428,0,0,0,0,14-3-29 23:17:31,1
P434XUB7SI,115.119,36.5562,0,0,0,0,14-3-29 23:19:58,1
P434XUB7SI,115.114,36.5355,0,0,0,0,14-3-29 23:22:24,1
P434XUB7SI,115.101,36.4771,0,0,0,0,14-3-29 23:24:25,1
P434XUB7SI,115.091,36.4333,0,0,0,0,14-3-29 23:26:26,1
P434XUB7SI,115.096,36.4169,0,0,0,0,14-3-29 23:28:27,1
P434XUB7SI,115.09,36.4098,0,0,0,0,14-3-29 23:30:28,1
P434XUB7SI,115.094,36.386,0,0,0,0,14-3-29 23:32:29,1
P434XUB7SI,115.094,36.386,0,0,0,0,14-3-29 23:34:30,0
P434XUB7SI,115.083,36.3286,0,0,0,0,14-3-29 23:36:31,1
P434XUB7SI,115.083,36.3074,0,0,0,0,14-3-29 23:38:32,1
P434XUB7SI,115.096,36.2926,0,0,0,0,14-3-29 23:40:33,1
P434XUB7SI,115.098,36.2827,0,0,0,0,14-3-29 23:42:34,1
P434XUB7SI,115.113,36.2626,0,0,0,0,14-3-29 23:44:35,1
P434XUB7SI,115.113,36.2626,0,0,0,0,14-3-29 23:46:36,1
P434XUB7SI,115.113,36.2626,0,0,0,0,14-3-29 23:48:37,1
P434XUB7SI,115.113,36.2626,0,0,0,0,14-3-29 23:50:38,1
P434XUB7SI,115.113,36.2626,0,0,0,0,14-3-29 23:52:39,1
P434XUB7SI,115.124,36.2336,0,0,0,0,14-3-29 23:55:52,1
P434XUB7SI,115.124,36.2336,0,0,0,0,14-3-29 23:57:53,1
P434XUB7SI,115.124,36.2336,0,0,0,0,14-3-29 23:59:54,1
