U59GX16PSI,121.286,31.0111,1110297,0,0,0,14-3-28 14:3:12,1
U59GX16PSI,121.286,31.0111,1110297,0,0,0,14-3-28 14:4:0,1
U59GX16PSI,121.286,31.0111,1110297,0,0,0,14-3-28 14:4:10,1
U59GX16PSI,121.286,31.0111,1110297,0,0,0,14-3-29 14:9:40,0
U59GX16PSI,121.286,31.0112,1110297,0,0,0,14-3-29 14:12:46,1
U59GX16PSI,121.286,31.0114,1110298,5,50,0,14-3-29 14:14:31,1
U59GX16PSI,121.286,31.0112,1110298,3,75,0,14-3-29 14:14:46,1
U59GX16PSI,121.287,31.0102,1110299,0,0,0,14-3-29 14:16:46,1
U59GX16PSI,121.287,31.0102,1110299,0,0,0,14-3-29 14:18:46,1
U59GX16PSI,121.287,31.0101,1110299,7,45,0,14-3-29 14:19:32,1
U59GX16PSI,121.288,31.0105,1110300,20,20,0,14-3-29 14:19:50,1
U59GX16PSI,121.29,31.0116,1110302,44,30,0,14-3-29 14:20:18,1
U59GX16PSI,121.292,31.0127,1110305,49,30,0,14-3-29 14:20:38,1
U59GX16PSI,121.294,31.0136,1110307,49,30,0,14-3-29 14:20:53,1
U59GX16PSI,121.296,31.0145,1110309,49,30,0,14-3-29 14:21:8,1
U59GX16PSI,121.298,31.0154,1110311,47,30,0,14-3-29 14:21:22,1
U59GX16PSI,121.3,31.0159,1110313,7,40,0,14-3-29 14:22:36,1
U59GX16PSI,121.302,31.0165,1110315,0,0,0,14-3-29 14:23:36,0
U59GX16PSI,121.302,31.0195,1110319,18,0,0,14-3-29 14:24:5,1
U59GX16PSI,121.302,31.0221,1110322,42,0,0,14-3-29 14:24:32,1
U59GX16PSI,121.302,31.0238,1110324,44,0,0,14-3-29 14:24:46,1
U59GX16PSI,121.302,31.0256,1110326,16,175,0,14-3-29 14:25:6,1
U59GX16PSI,121.303,31.0278,1110329,38,0,0,14-3-29 14:26:4,1
U59GX16PSI,121.303,31.0298,1110331,38,0,0,14-3-29 14:26:23,1
U59GX16PSI,121.303,31.032,1110333,34,0,0,14-3-29 14:27:32,1
U59GX16PSI,121.303,31.0341,1110335,42,0,0,14-3-29 14:27:53,1
U59GX16PSI,121.303,31.0361,1110338,38,0,0,14-3-29 14:28:11,1
U59GX16PSI,121.303,31.038,1110340,36,0,0,14-3-29 14:28:30,1
U59GX16PSI,121.303,31.0399,1110342,38,0,0,14-3-29 14:28:49,1
U59GX16PSI,121.303,31.0418,1110344,27,0,0,14-3-29 14:29:9,1
U59GX16PSI,121.303,31.0432,1110345,18,175,0,14-3-29 14:29:35,1
U59GX16PSI,121.303,31.044,1110346,31,175,0,14-3-29 14:29:47,1
U59GX16PSI,121.303,31.046,1110348,34,170,0,14-3-29 14:30:10,1
U59GX16PSI,121.303,31.0479,1110351,34,170,0,14-3-29 14:30:32,1
U59GX16PSI,121.302,31.0499,1110353,38,170,0,14-3-29 14:30:53,1
U59GX16PSI,121.302,31.0519,1110355,11,170,0,14-3-29 14:31:22,1
U59GX16PSI,121.301,31.0535,1110356,0,0,0,14-3-29 14:34:36,1
U59GX16PSI,121.301,31.0535,1110356,0,0,0,14-3-29 14:35:22,1
U59GX16PSI,121.301,31.0544,1110357,22,170,0,14-3-29 14:37:14,1
U59GX16PSI,121.301,31.0564,1110360,14,175,0,14-3-29 14:37:44,1
U59GX16PSI,121.3,31.0586,1110362,22,175,0,14-3-29 14:38:53,1
U59GX16PSI,121.3,31.0614,1110365,38,170,0,14-3-29 14:40:0,1
U59GX16PSI,121.299,31.0628,1110366,42,170,0,14-3-29 14:40:14,1
U59GX16PSI,121.299,31.0646,1110368,47,5,0,14-3-29 14:40:31,1
U59GX16PSI,121.301,31.0647,1110371,42,85,0,14-3-29 14:40:47,1
U59GX16PSI,121.299,31.0631,1110373,55,110,0,14-3-29 14:41:4,1
U59GX16PSI,121.298,31.0616,1110375,58,105,0,14-3-29 14:41:17,1
U59GX16PSI,121.296,31.0602,1110377,58,110,0,14-3-29 14:41:30,1
U59GX16PSI,121.293,31.0576,1110381,68,110,0,14-3-29 14:41:53,1
U59GX16PSI,121.291,31.0562,1110384,71,115,0,14-3-29 14:42:5,1
U59GX16PSI,121.288,31.0541,1110388,71,115,0,14-3-29 14:42:24,1
U59GX16PSI,121.287,31.053,1110390,71,115,0,14-3-29 14:42:34,1
U59GX16PSI,121.285,31.0518,1110392,69,115,0,14-3-29 14:42:45,1
U59GX16PSI,121.283,31.0509,1110394,69,115,0,14-3-29 14:42:54,1
U59GX16PSI,121.281,31.0496,1110396,71,115,0,14-3-29 14:43:6,1
U59GX16PSI,121.28,31.0486,1110398,71,115,0,14-3-29 14:43:15,1
U59GX16PSI,121.276,31.0464,1110403,73,115,0,14-3-29 14:43:35,1
U59GX16PSI,121.274,31.045,1110405,73,115,0,14-3-29 14:43:47,1
U59GX16PSI,121.272,31.0439,1110407,75,115,0,14-3-29 14:43:57,1
U59GX16PSI,121.267,31.0405,1110414,73,115,0,14-3-29 14:44:28,1
U59GX16PSI,121.265,31.0396,1110416,75,115,0,14-3-29 14:44:37,1
U59GX16PSI,121.261,31.0377,1110420,75,120,0,14-3-29 14:44:57,1
U59GX16PSI,121.259,31.0368,1110422,73,120,0,14-3-29 14:45:7,1
U59GX16PSI,121.257,31.0359,1110425,71,120,0,14-3-29 14:45:17,1
U59GX16PSI,121.255,31.0348,1110427,68,120,0,14-3-29 14:45:29,1
U59GX16PSI,121.251,31.0329,1110431,71,120,0,14-3-29 14:45:50,1
U59GX16PSI,121.245,31.0299,1110438,68,120,0,14-3-29 14:46:25,1
U59GX16PSI,121.243,31.0289,1110441,69,120,0,14-3-29 14:46:37,1
U59GX16PSI,121.241,31.0279,1110443,68,115,0,14-3-29 14:46:48,1
U59GX16PSI,121.239,31.027,1110445,66,120,0,14-3-29 14:46:59,1
U59GX16PSI,121.235,31.025,1110450,71,120,0,14-3-29 14:47:22,1
U59GX16PSI,121.233,31.0242,1110452,75,120,0,14-3-29 14:47:32,1
U59GX16PSI,121.231,31.0234,1110454,62,125,0,14-3-29 14:47:45,1
U59GX16PSI,121.229,31.023,1110456,66,130,0,14-3-29 14:47:56,1
U59GX16PSI,121.226,31.0229,1110459,64,130,0,14-3-29 14:48:7,1
U59GX16PSI,121.224,31.0228,1110461,66,130,0,14-3-29 14:48:19,1
U59GX16PSI,121.222,31.0227,1110463,68,130,0,14-3-29 14:48:30,1
U59GX16PSI,121.22,31.0226,1110465,64,130,0,14-3-29 14:48:41,1
U59GX16PSI,121.211,31.0223,1110474,66,130,0,14-3-29 14:49:28,1
U59GX16PSI,121.204,31.0222,1110480,69,135,0,14-3-29 14:50:3,1
U59GX16PSI,121.202,31.0223,1110482,71,135,0,14-3-29 14:50:12,1
U59GX16PSI,121.194,31.0225,1110491,69,135,0,14-3-29 14:50:52,1
U59GX16PSI,121.191,31.0225,1110493,68,135,0,14-3-29 14:51:3,1
U59GX16PSI,121.186,31.0226,1110498,68,135,0,14-3-29 14:51:27,1
U59GX16PSI,121.182,31.0227,1110502,69,130,0,14-3-29 14:51:48,1
U59GX16PSI,121.18,31.0226,1110504,68,130,0,14-3-29 14:51:59,1
U59GX16PSI,121.166,31.0203,1110518,64,125,0,14-3-29 14:53:9,1
U59GX16PSI,121.164,31.0197,1110520,66,125,0,14-3-29 14:53:20,1
U59GX16PSI,121.162,31.0191,1110522,66,120,0,14-3-29 14:53:31,1
U59GX16PSI,121.158,31.0175,1110526,62,120,0,14-3-29 14:53:54,1
U59GX16PSI,121.156,31.0167,1110529,64,120,0,14-3-29 14:54:6,1
U59GX16PSI,121.152,31.0151,1110533,64,120,0,14-3-29 14:54:28,1
U59GX16PSI,121.148,31.0134,1110537,64,120,0,14-3-29 14:54:51,1
U59GX16PSI,121.146,31.0124,1110540,64,120,0,14-3-29 14:55:4,1
U59GX16PSI,121.144,31.0117,1110542,62,120,0,14-3-29 14:55:15,1
U59GX16PSI,121.142,31.0108,1110544,60,120,0,14-3-29 14:55:27,1
U59GX16PSI,121.139,31.0097,1110547,64,120,0,14-3-29 14:55:43,1
U59GX16PSI,121.137,31.0088,1110549,71,120,0,14-3-29 14:55:54,1
U59GX16PSI,121.136,31.008,1110551,73,120,0,14-3-29 14:56:4,1
U59GX16PSI,121.131,31.006,1110556,60,120,0,14-3-29 14:56:28,1
U59GX16PSI,121.127,31.004,1110560,62,115,0,14-3-29 14:56:52,1
U59GX16PSI,121.126,31.003,1110562,64,115,0,14-3-29 14:57:4,1
U59GX16PSI,121.124,31.0019,1110565,66,115,0,14-3-29 14:57:16,1
U59GX16PSI,121.122,31.0008,1110567,69,115,0,14-3-29 14:57:27,1
U59GX16PSI,121.12,30.9997,1110569,66,115,0,14-3-29 14:57:38,1
U59GX16PSI,121.118,30.9986,1110571,66,115,0,14-3-29 14:57:49,1
U59GX16PSI,121.116,30.9969,1110574,64,110,0,14-3-29 14:58:5,1
U59GX16PSI,121.113,30.9943,1110579,71,110,0,14-3-29 14:58:27,1
U59GX16PSI,121.111,30.9929,1110581,69,110,0,14-3-29 14:58:38,1
U59GX16PSI,121.109,30.9915,1110583,68,110,0,14-3-29 14:58:49,1
U59GX16PSI,121.108,30.99,1110585,69,105,0,14-3-29 14:59:0,1
U59GX16PSI,121.105,30.987,1110589,62,105,0,14-3-29 14:59:22,1
U59GX16PSI,121.104,30.9854,1110592,60,105,0,14-3-29 14:59:34,1
U59GX16PSI,121.103,30.9837,1110594,62,105,0,14-3-29 14:59:47,1
U59GX16PSI,121.102,30.982,1110596,60,100,0,14-3-29 14:59:59,1
U59GX16PSI,121.101,30.9813,1110597,60,100,0,14-3-29 15:0:4,1
U59GX16PSI,121.1,30.9799,1110599,55,100,0,14-3-29 15:0:15,1
U59GX16PSI,121.099,30.9763,1110603,51,100,0,14-3-29 15:0:44,1
U59GX16PSI,121.098,30.9744,1110606,49,100,0,14-3-29 15:0:59,1
U59GX16PSI,121.096,30.9691,1110612,49,95,0,14-3-29 15:1:45,1
U59GX16PSI,121.094,30.9635,1110618,58,95,0,14-3-29 15:2:27,1
U59GX16PSI,121.094,30.9617,1110620,53,95,0,14-3-29 15:2:40,1
U59GX16PSI,121.094,30.9597,1110623,53,95,0,14-3-29 15:2:54,1
U59GX16PSI,121.092,30.9553,1110628,64,95,0,14-3-29 15:3:24,1
U59GX16PSI,121.091,30.9514,1110632,66,100,0,14-3-29 15:3:49,1
U59GX16PSI,121.09,30.9499,1110634,68,100,0,14-3-29 15:3:59,1
U59GX16PSI,121.088,30.9465,1110639,71,100,0,14-3-29 15:4:20,1
U59GX16PSI,121.087,30.9449,1110641,71,105,0,14-3-29 15:4:30,1
U59GX16PSI,121.086,30.9433,1110643,75,105,0,14-3-29 15:4:40,1
U59GX16PSI,121.084,30.941,1110646,73,105,0,14-3-29 15:4:54,1
U59GX16PSI,121.083,30.9392,1110648,75,105,0,14-3-29 15:5:5,1
U59GX16PSI,121.081,30.9362,1110652,69,105,0,14-3-29 15:5:24,1
U59GX16PSI,121.08,30.9345,1110655,68,105,0,14-3-29 15:5:35,1
U59GX16PSI,121.077,30.9313,1110659,66,105,0,14-3-29 15:5:57,1
U59GX16PSI,121.076,30.9297,1110661,68,105,0,14-3-29 15:6:8,1
U59GX16PSI,121.075,30.9281,1110663,64,105,0,14-3-29 15:6:19,1
U59GX16PSI,121.07,30.923,1110671,66,110,0,14-3-29 15:6:59,1
U59GX16PSI,121.069,30.9217,1110673,66,110,0,14-3-29 15:7:10,1
U59GX16PSI,121.067,30.9204,1110675,69,110,0,14-3-29 15:7:21,1
U59GX16PSI,121.065,30.9191,1110677,69,110,0,14-3-29 15:7:32,1
U59GX16PSI,121.064,30.918,1110679,69,115,0,14-3-29 15:7:42,1
U59GX16PSI,121.062,30.9168,1110681,68,115,0,14-3-29 15:7:53,1
U59GX16PSI,121.06,30.9156,1110683,66,115,0,14-3-29 15:8:4,1
U59GX16PSI,121.058,30.9141,1110686,68,115,0,14-3-29 15:8:19,1
U59GX16PSI,121.056,30.9129,1110689,69,115,0,14-3-29 15:8:30,1
U59GX16PSI,121.054,30.9117,1110691,68,115,0,14-3-29 15:8:41,1
U59GX16PSI,121.051,30.9095,1110695,68,115,0,14-3-29 15:9:3,1
U59GX16PSI,121.047,30.9073,1110699,66,115,0,14-3-29 15:9:24,1
U59GX16PSI,121.04,30.9023,1110708,66,110,0,14-3-29 15:10:12,1
U59GX16PSI,121.039,30.901,1110710,64,110,0,14-3-29 15:10:23,1
U59GX16PSI,121.037,30.8997,1110713,62,110,0,14-3-29 15:10:35,1
U59GX16PSI,121.036,30.8982,1110715,62,110,0,14-3-29 15:10:47,1
U59GX16PSI,121.034,30.8967,1110717,60,105,0,14-3-29 15:10:59,1
U59GX16PSI,121.033,30.8954,1110719,55,110,0,14-3-29 15:11:12,1
U59GX16PSI,121.031,30.8938,1110721,12,100,0,14-3-29 15:12:32,1
U59GX16PSI,121.03,30.892,1110723,42,105,0,14-3-29 15:12:58,1
U59GX16PSI,121.028,30.8888,1110728,58,105,0,14-3-29 15:13:28,1
U59GX16PSI,121.025,30.8856,1110732,60,105,0,14-3-29 15:13:53,1
U59GX16PSI,121.023,30.8842,1110735,62,110,0,14-3-29 15:14:5,1
U59GX16PSI,121.022,30.8828,1110737,64,110,0,14-3-29 15:14:17,1
U59GX16PSI,121.02,30.8815,1110739,66,110,0,14-3-29 15:14:28,1
U59GX16PSI,121.019,30.8802,1110741,68,110,0,14-3-29 15:14:39,1
U59GX16PSI,121.017,30.8789,1110743,71,110,0,14-3-29 15:14:50,1
U59GX16PSI,121.012,30.875,1110750,71,110,0,14-3-29 15:15:22,1
U59GX16PSI,121.01,30.8737,1110752,71,110,0,14-3-29 15:15:32,1
U59GX16PSI,121.009,30.8725,1110754,71,110,0,14-3-29 15:15:42,1
U59GX16PSI,121.007,30.8712,1110756,73,110,0,14-3-29 15:15:52,1
U59GX16PSI,120.998,30.8629,1110769,75,105,0,14-3-29 15:16:55,1
U59GX16PSI,120.997,30.8615,1110771,73,105,0,14-3-29 15:17:4,1
U59GX16PSI,120.995,30.8601,1110773,71,105,0,14-3-29 15:17:14,1
U59GX16PSI,120.99,30.8541,1110782,68,105,0,14-3-29 15:17:54,1
U59GX16PSI,120.989,30.8527,1110784,66,110,0,14-3-29 15:18:5,1
U59GX16PSI,120.981,30.8425,1110798,57,90,0,14-3-29 15:19:17,1
U59GX16PSI,120.981,30.8407,1110800,62,90,0,14-3-29 15:19:29,1
U59GX16PSI,120.981,30.8389,1110802,69,95,0,14-3-29 15:19:40,1
U59GX16PSI,120.979,30.8353,1110806,73,100,0,14-3-29 15:20:0,1
U59GX16PSI,120.977,30.8315,1110811,73,105,0,14-3-29 15:20:24,1
U59GX16PSI,120.975,30.83,1110813,69,105,0,14-3-29 15:20:34,1
U59GX16PSI,120.973,30.8271,1110817,69,105,0,14-3-29 15:20:54,1
U59GX16PSI,120.972,30.8256,1110819,71,105,0,14-3-29 15:21:4,1
U59GX16PSI,120.97,30.8237,1110822,73,105,0,14-3-29 15:21:17,1
U59GX16PSI,120.969,30.8223,1110824,71,105,0,14-3-29 15:21:27,1
U59GX16PSI,120.967,30.8208,1110826,68,110,0,14-3-29 15:21:38,1
U59GX16PSI,120.965,30.8191,1110829,69,110,0,14-3-29 15:21:51,1
U59GX16PSI,120.964,30.8177,1110831,69,110,0,14-3-29 15:22:1,1
U59GX16PSI,120.963,30.8164,1110833,69,110,0,14-3-29 15:22:11,1
U59GX16PSI,120.96,30.8135,1110837,68,110,0,14-3-29 15:22:32,1
U59GX16PSI,120.958,30.8121,1110840,71,110,0,14-3-29 15:22:43,1
U59GX16PSI,120.957,30.8107,1110842,71,110,0,14-3-29 15:22:53,1
U59GX16PSI,120.956,30.8093,1110844,69,110,0,14-3-29 15:23:3,1
U59GX16PSI,120.954,30.808,1110846,69,110,0,14-3-29 15:23:13,1
U59GX16PSI,120.951,30.8047,1110851,57,110,0,14-3-29 15:23:39,1
U59GX16PSI,120.95,30.8033,1110853,51,110,0,14-3-29 15:23:52,1
U59GX16PSI,120.948,30.8018,1110855,18,100,0,14-3-29 15:24:42,1
U59GX16PSI,120.946,30.7995,1110858,46,110,0,14-3-29 15:25:22,1
U59GX16PSI,120.945,30.7987,1110860,44,105,0,14-3-29 15:25:32,1
U59GX16PSI,120.943,30.7972,1110862,49,110,0,14-3-29 15:25:49,1
U59GX16PSI,120.942,30.7959,1110864,53,110,0,14-3-29 15:26:3,1
U59GX16PSI,120.94,30.7946,1110866,60,110,0,14-3-29 15:26:16,1
U59GX16PSI,120.938,30.7933,1110868,62,110,0,14-3-29 15:26:28,1
U59GX16PSI,120.937,30.792,1110870,60,110,0,14-3-29 15:26:40,1
U59GX16PSI,120.935,30.7908,1110873,64,110,0,14-3-29 15:26:52,1
U59GX16PSI,120.932,30.7881,1110877,66,110,0,14-3-29 15:27:16,1
U59GX16PSI,120.93,30.7869,1110879,64,110,0,14-3-29 15:27:27,1
U59GX16PSI,120.928,30.7857,1110881,66,110,0,14-3-29 15:27:38,1
U59GX16PSI,120.927,30.7844,1110884,66,110,0,14-3-29 15:27:49,1
U59GX16PSI,120.925,30.7832,1110886,64,110,0,14-3-29 15:28:0,1
U59GX16PSI,120.922,30.7806,1110890,62,110,0,14-3-29 15:28:24,1
U59GX16PSI,120.92,30.7794,1110892,64,115,0,14-3-29 15:28:36,1
U59GX16PSI,120.917,30.7771,1110897,66,115,0,14-3-29 15:28:59,1
U59GX16PSI,120.915,30.776,1110899,66,115,0,14-3-29 15:29:10,1
U59GX16PSI,120.913,30.775,1110901,68,115,0,14-3-29 15:29:21,1
U59GX16PSI,120.911,30.774,1110903,66,115,0,14-3-29 15:29:32,1
U59GX16PSI,120.909,30.773,1110905,66,115,0,14-3-29 15:29:43,1
U59GX16PSI,120.905,30.7713,1110910,66,120,0,14-3-29 15:30:5,1
U59GX16PSI,120.903,30.7704,1110912,66,120,0,14-3-29 15:30:16,1
U59GX16PSI,120.902,30.7699,1110913,66,120,0,14-3-29 15:30:22,1
U59GX16PSI,120.901,30.7693,1110914,64,115,0,14-3-29 15:30:29,1
U59GX16PSI,120.898,30.7675,1110918,71,115,0,14-3-29 15:30:50,1
U59GX16PSI,120.896,30.7664,1110920,73,115,0,14-3-29 15:31:0,1
U59GX16PSI,120.894,30.7654,1110922,71,115,0,14-3-29 15:31:10,1
U59GX16PSI,120.893,30.7642,1110925,71,115,0,14-3-29 15:31:20,1
U59GX16PSI,120.891,30.763,1110927,73,115,0,14-3-29 15:31:30,1
U59GX16PSI,120.889,30.7618,1110929,73,110,0,14-3-29 15:31:40,1
U59GX16PSI,120.888,30.7605,1110931,73,110,0,14-3-29 15:31:50,1
U59GX16PSI,120.884,30.7578,1110935,71,110,0,14-3-29 15:32:11,1
U59GX16PSI,120.883,30.7566,1110937,71,110,0,14-3-29 15:32:20,1
U59GX16PSI,120.88,30.7539,1110941,73,110,0,14-3-29 15:32:40,1
U59GX16PSI,120.879,30.7526,1110944,71,110,0,14-3-29 15:32:50,1
U59GX16PSI,120.877,30.7512,1110946,71,110,0,14-3-29 15:33:0,1
U59GX16PSI,120.875,30.7494,1110948,71,110,0,14-3-29 15:33:14,1
U59GX16PSI,120.872,30.747,1110953,62,110,0,14-3-29 15:33:35,1
U59GX16PSI,120.868,30.7445,1110957,69,115,0,14-3-29 15:33:58,1
U59GX16PSI,120.865,30.7421,1110962,68,115,0,14-3-29 15:34:21,1
U59GX16PSI,120.863,30.741,1110964,69,115,0,14-3-29 15:34:32,1
U59GX16PSI,120.861,30.7398,1110966,69,115,0,14-3-29 15:34:42,1
U59GX16PSI,120.858,30.7371,1110971,71,110,0,14-3-29 15:35:5,1
U59GX16PSI,120.856,30.7358,1110973,73,110,0,14-3-29 15:35:15,1
U59GX16PSI,120.853,30.7328,1110977,73,110,0,14-3-29 15:35:36,1
U59GX16PSI,120.852,30.7315,1110979,71,105,0,14-3-29 15:35:45,1
U59GX16PSI,120.851,30.7301,1110981,71,105,0,14-3-29 15:35:55,1
U59GX16PSI,120.848,30.727,1110986,73,105,0,14-3-29 15:36:15,1
U59GX16PSI,120.847,30.7255,1110988,73,105,0,14-3-29 15:36:25,1
U59GX16PSI,120.844,30.7222,1110992,71,105,0,14-3-29 15:36:47,1
U59GX16PSI,120.843,30.7207,1110994,73,105,0,14-3-29 15:36:57,1
U59GX16PSI,120.842,30.7192,1110996,69,105,0,14-3-29 15:37:7,1
U59GX16PSI,120.84,30.7177,1110999,66,105,0,14-3-29 15:37:19,1
U59GX16PSI,120.838,30.7148,1111003,71,110,0,14-3-29 15:37:39,1
U59GX16PSI,120.836,30.7135,1111005,69,110,0,14-3-29 15:37:49,1
U59GX16PSI,120.835,30.7122,1111007,71,110,0,14-3-29 15:37:59,1
U59GX16PSI,120.831,30.7096,1111011,69,110,0,14-3-29 15:38:20,1
U59GX16PSI,120.83,30.7083,1111013,69,110,0,14-3-29 15:38:30,1
U59GX16PSI,120.828,30.7071,1111015,71,110,0,14-3-29 15:38:40,1
U59GX16PSI,120.823,30.703,1111022,68,110,0,14-3-29 15:39:15,1
U59GX16PSI,120.821,30.7014,1111025,68,110,0,14-3-29 15:39:28,1
U59GX16PSI,120.82,30.7001,1111027,69,110,0,14-3-29 15:39:39,1
U59GX16PSI,120.818,30.6989,1111029,69,110,0,14-3-29 15:39:49,1
U59GX16PSI,120.816,30.6974,1111032,68,110,0,14-3-29 15:40:2,1
U59GX16PSI,120.813,30.6946,1111036,75,110,0,14-3-29 15:40:24,1
U59GX16PSI,120.807,30.6904,1111043,73,110,0,14-3-29 15:40:57,1
U59GX16PSI,120.803,30.6867,1111050,73,110,0,14-3-29 15:41:26,1
U59GX16PSI,120.801,30.6856,1111052,73,115,0,14-3-29 15:41:36,1
U59GX16PSI,120.798,30.6834,1111056,69,115,0,14-3-29 15:41:56,1
U59GX16PSI,120.796,30.6823,1111058,71,115,0,14-3-29 15:42:6,1
U59GX16PSI,120.792,30.68,1111063,75,115,0,14-3-29 15:42:28,1
U59GX16PSI,120.788,30.6782,1111067,73,120,0,14-3-29 15:42:48,1
U59GX16PSI,120.786,30.6773,1111069,69,120,0,14-3-29 15:42:58,1
U59GX16PSI,120.784,30.6765,1111071,62,120,0,14-3-29 15:43:9,1
U59GX16PSI,120.782,30.6757,1111073,62,120,0,14-3-29 15:43:21,1
U59GX16PSI,120.78,30.6749,1111076,66,120,0,14-3-29 15:43:33,1
U59GX16PSI,120.778,30.6743,1111078,68,120,0,14-3-29 15:43:44,1
U59GX16PSI,120.759,30.6681,1111098,69,120,0,14-3-29 15:45:25,1
U59GX16PSI,120.758,30.6675,1111099,69,120,0,14-3-29 15:45:32,1
U59GX16PSI,120.754,30.6657,1111103,69,120,0,14-3-29 15:45:53,1
U59GX16PSI,120.752,30.6648,1111105,69,115,0,14-3-29 15:46:3,1
U59GX16PSI,120.748,30.6624,1111110,66,115,0,14-3-29 15:46:28,1
U59GX16PSI,120.746,30.6612,1111112,68,115,0,14-3-29 15:46:39,1
U59GX16PSI,120.744,30.6601,1111115,66,115,0,14-3-29 15:46:51,1
U59GX16PSI,120.743,30.6591,1111117,66,115,0,14-3-29 15:47:2,1
U59GX16PSI,120.741,30.6581,1111119,68,115,0,14-3-29 15:47:13,1
U59GX16PSI,120.737,30.6562,1111124,68,120,0,14-3-29 15:47:36,1
U59GX16PSI,120.735,30.6553,1111126,69,120,0,14-3-29 15:47:47,1
U59GX16PSI,120.732,30.6544,1111128,69,120,0,14-3-29 15:47:59,1
U59GX16PSI,120.73,30.6536,1111130,69,120,0,14-3-29 15:48:10,1
U59GX16PSI,120.728,30.653,1111132,69,120,0,14-3-29 15:48:20,1
U59GX16PSI,120.726,30.652,1111135,66,120,0,14-3-29 15:48:33,1
U59GX16PSI,120.722,30.6505,1111139,71,120,0,14-3-29 15:48:55,1
U59GX16PSI,120.72,30.6497,1111142,71,120,0,14-3-29 15:49:7,1
U59GX16PSI,120.718,30.6489,1111144,71,120,0,14-3-29 15:49:17,1
U59GX16PSI,120.716,30.6482,1111146,69,120,0,14-3-29 15:49:27,1
U59GX16PSI,120.713,30.6471,1111149,69,120,0,14-3-29 15:49:41,1
U59GX16PSI,120.711,30.6462,1111151,68,120,0,14-3-29 15:49:52,1
U59GX16PSI,120.709,30.6453,1111153,69,115,0,14-3-29 15:50:2,1
U59GX16PSI,120.707,30.6441,1111156,73,115,0,14-3-29 15:50:15,1
U59GX16PSI,120.705,30.6429,1111158,75,115,0,14-3-29 15:50:26,1
U59GX16PSI,120.703,30.642,1111160,69,115,0,14-3-29 15:50:35,1
U59GX16PSI,120.702,30.641,1111162,69,115,0,14-3-29 15:50:45,1
U59GX16PSI,120.7,30.6399,1111164,69,115,0,14-3-29 15:50:56,1
U59GX16PSI,120.696,30.6379,1111168,71,115,0,14-3-29 15:51:16,1
U59GX16PSI,120.695,30.6369,1111171,73,115,0,14-3-29 15:51:26,1
U59GX16PSI,120.693,30.6358,1111173,75,115,0,14-3-29 15:51:36,1
U59GX16PSI,120.691,30.6347,1111175,75,115,0,14-3-29 15:51:46,1
U59GX16PSI,120.689,30.6334,1111178,73,115,0,14-3-29 15:51:58,1
U59GX16PSI,120.687,30.6323,1111180,75,115,0,14-3-29 15:52:8,1
U59GX16PSI,120.685,30.6313,1111182,69,115,0,14-3-29 15:52:18,1
U59GX16PSI,120.681,30.6291,1111186,73,115,0,14-3-29 15:52:39,1
U59GX16PSI,120.68,30.6281,1111188,69,115,0,14-3-29 15:52:49,1
U59GX16PSI,120.678,30.627,1111191,68,115,0,14-3-29 15:53:0,1
U59GX16PSI,120.676,30.6261,1111193,60,115,0,14-3-29 15:53:11,1
U59GX16PSI,120.674,30.625,1111195,31,115,0,14-3-29 15:53:27,1
U59GX16PSI,120.673,30.6245,1111196,0,0,0,14-3-29 15:55:27,1
U59GX16PSI,120.673,30.6245,1111196,0,0,0,14-3-29 15:57:27,1
U59GX16PSI,120.673,30.6241,1111197,16,115,0,14-3-29 15:59:27,1
U59GX16PSI,120.672,30.6239,1111197,25,115,0,14-3-29 15:59:35,1
U59GX16PSI,120.671,30.6226,1111199,33,115,0,14-3-29 16:0:1,1
U59GX16PSI,120.669,30.6213,1111201,38,110,0,14-3-29 16:0:24,1
U59GX16PSI,120.668,30.6209,1111202,44,110,0,14-3-29 16:0:29,1
U59GX16PSI,120.667,30.62,1111204,40,110,0,14-3-29 16:0:41,1
U59GX16PSI,120.666,30.6188,1111206,55,110,0,14-3-29 16:0:57,1
U59GX16PSI,120.664,30.6175,1111208,60,110,0,14-3-29 16:1:10,1
U59GX16PSI,120.662,30.6161,1111210,64,110,0,14-3-29 16:1:22,1
U59GX16PSI,120.661,30.6147,1111212,66,110,0,14-3-29 16:1:33,1
U59GX16PSI,120.659,30.6134,1111214,68,110,0,14-3-29 16:1:44,1
U59GX16PSI,120.656,30.6106,1111219,69,110,0,14-3-29 16:2:5,1
U59GX16PSI,120.655,30.6092,1111221,68,110,0,14-3-29 16:2:16,1
U59GX16PSI,120.653,30.6078,1111223,68,110,0,14-3-29 16:2:27,1
U59GX16PSI,120.652,30.6065,1111225,68,110,0,14-3-29 16:2:38,1
U59GX16PSI,120.65,30.6048,1111228,68,110,0,14-3-29 16:2:51,1
U59GX16PSI,120.649,30.6034,1111230,68,110,0,14-3-29 16:3:2,1
U59GX16PSI,120.645,30.6007,1111234,68,110,0,14-3-29 16:3:24,1
U59GX16PSI,120.644,30.5992,1111236,69,110,0,14-3-29 16:3:35,1
U59GX16PSI,120.643,30.5978,1111238,69,105,0,14-3-29 16:3:45,1
U59GX16PSI,120.641,30.5963,1111241,66,105,0,14-3-29 16:3:56,1
U59GX16PSI,120.64,30.5948,1111243,64,105,0,14-3-29 16:4:7,1
U59GX16PSI,120.639,30.5933,1111245,66,105,0,14-3-29 16:4:18,1
U59GX16PSI,120.637,30.591,1111248,62,105,0,14-3-29 16:4:34,1
U59GX16PSI,120.636,30.5893,1111250,64,100,0,14-3-29 16:4:46,1
U59GX16PSI,120.635,30.5876,1111252,64,100,0,14-3-29 16:4:58,1
U59GX16PSI,120.634,30.5859,1111254,64,100,0,14-3-29 16:5:9,1
U59GX16PSI,120.633,30.5842,1111257,60,100,0,14-3-29 16:5:21,1
U59GX16PSI,120.633,30.583,1111258,60,100,0,14-3-29 16:5:30,1
U59GX16PSI,120.632,30.5821,1111259,58,100,0,14-3-29 16:5:36,1
U59GX16PSI,120.631,30.5804,1111261,64,100,0,14-3-29 16:5:48,1
U59GX16PSI,120.63,30.5789,1111263,64,100,0,14-3-29 16:5:59,1
U59GX16PSI,120.628,30.5766,1111266,60,105,0,14-3-29 16:6:16,1
U59GX16PSI,120.627,30.5749,1111269,60,105,0,14-3-29 16:6:29,1
U59GX16PSI,120.625,30.5729,1111272,68,105,0,14-3-29 16:6:44,1
U59GX16PSI,120.623,30.57,1111276,71,110,0,14-3-29 16:7:5,1
U59GX16PSI,120.619,30.567,1111281,66,110,0,14-3-29 16:7:29,1
U59GX16PSI,120.618,30.5657,1111283,66,110,0,14-3-29 16:7:40,1
U59GX16PSI,120.614,30.5629,1111287,69,110,0,14-3-29 16:8:3,1
U59GX16PSI,120.613,30.5615,1111290,66,110,0,14-3-29 16:8:14,1
U59GX16PSI,120.611,30.5601,1111292,64,110,0,14-3-29 16:8:26,1
U59GX16PSI,120.608,30.5576,1111296,66,110,0,14-3-29 16:8:48,1
U59GX16PSI,120.606,30.5562,1111298,64,110,0,14-3-29 16:9:0,1
U59GX16PSI,120.605,30.555,1111301,60,115,0,14-3-29 16:9:12,1
U59GX16PSI,120.603,30.5538,1111303,60,115,0,14-3-29 16:9:24,1
U59GX16PSI,120.601,30.5523,1111306,64,115,0,14-3-29 16:9:40,1
U59GX16PSI,120.599,30.5513,1111308,66,115,0,14-3-29 16:9:50,1
U59GX16PSI,120.597,30.5502,1111310,64,115,0,14-3-29 16:10:2,1
U59GX16PSI,120.595,30.5492,1111312,60,115,0,14-3-29 16:10:14,1
U59GX16PSI,120.591,30.5473,1111316,62,120,0,14-3-29 16:10:38,1
U59GX16PSI,120.589,30.5464,1111318,64,120,0,14-3-29 16:10:50,1
U59GX16PSI,120.587,30.5456,1111321,64,120,0,14-3-29 16:11:1,1
U59GX16PSI,120.581,30.5432,1111327,68,120,0,14-3-29 16:11:35,1
U59GX16PSI,120.579,30.5424,1111329,69,120,0,14-3-29 16:11:46,1
U59GX16PSI,120.577,30.5417,1111331,69,120,0,14-3-29 16:11:56,1
U59GX16PSI,120.576,30.541,1111334,69,120,0,14-3-29 16:12:6,1
U59GX16PSI,120.573,30.5402,1111336,68,120,0,14-3-29 16:12:17,1
U59GX16PSI,120.572,30.5394,1111338,66,120,0,14-3-29 16:12:28,1
U59GX16PSI,120.57,30.5387,1111340,68,120,0,14-3-29 16:12:39,1
U59GX16PSI,120.567,30.5379,1111342,68,120,0,14-3-29 16:12:50,1
U59GX16PSI,120.565,30.5369,1111345,66,120,0,14-3-29 16:13:5,1
U59GX16PSI,120.563,30.5362,1111347,66,125,0,14-3-29 16:13:16,1
U59GX16PSI,120.561,30.5357,1111349,68,125,0,14-3-29 16:13:27,1
U59GX16PSI,120.559,30.5352,1111351,66,125,0,14-3-29 16:13:38,1
U59GX16PSI,120.556,30.5348,1111354,68,130,0,14-3-29 16:13:49,1
U59GX16PSI,120.552,30.5343,1111358,66,130,0,14-3-29 16:14:11,1
U59GX16PSI,120.55,30.5341,1111360,64,130,0,14-3-29 16:14:22,1
U59GX16PSI,120.548,30.5338,1111362,64,130,0,14-3-29 16:14:34,1
U59GX16PSI,120.545,30.5334,1111365,66,125,0,14-3-29 16:14:47,1
U59GX16PSI,120.543,30.533,1111367,68,125,0,14-3-29 16:14:58,1
U59GX16PSI,120.541,30.5325,1111369,68,125,0,14-3-29 16:15:9,1
U59GX16PSI,120.539,30.5319,1111371,66,125,0,14-3-29 16:15:20,1
U59GX16PSI,120.537,30.5313,1111374,66,125,0,14-3-29 16:15:32,1
U59GX16PSI,120.535,30.5307,1111376,66,120,0,14-3-29 16:15:42,1
U59GX16PSI,120.531,30.5292,1111380,68,120,0,14-3-29 16:16:4,1
U59GX16PSI,120.529,30.5283,1111382,69,120,0,14-3-29 16:16:15,1
U59GX16PSI,120.526,30.527,1111385,69,115,0,14-3-29 16:16:29,1
U59GX16PSI,120.524,30.5261,1111387,66,115,0,14-3-29 16:16:40,1
U59GX16PSI,120.521,30.524,1111391,66,115,0,14-3-29 16:17:2,1
U59GX16PSI,120.517,30.5216,1111396,68,115,0,14-3-29 16:17:24,1
U59GX16PSI,120.516,30.5204,1111398,68,110,0,14-3-29 16:17:35,1
U59GX16PSI,120.513,30.5178,1111402,71,110,0,14-3-29 16:17:56,1
U59GX16PSI,120.51,30.5156,1111406,68,110,0,14-3-29 16:18:13,1
U59GX16PSI,120.509,30.5142,1111408,69,110,0,14-3-29 16:18:24,1
U59GX16PSI,120.506,30.5116,1111412,71,110,0,14-3-29 16:18:44,1
U59GX16PSI,120.502,30.5094,1111416,68,115,0,14-3-29 16:19:6,1
U59GX16PSI,120.5,30.5083,1111419,71,115,0,14-3-29 16:19:17,1
U59GX16PSI,120.498,30.5074,1111421,71,120,0,14-3-29 16:19:27,1
U59GX16PSI,120.496,30.5067,1111423,69,120,0,14-3-29 16:19:37,1
U59GX16PSI,120.492,30.5052,1111427,71,120,0,14-3-29 16:19:58,1
U59GX16PSI,120.49,30.5044,1111429,73,120,0,14-3-29 16:20:8,1
U59GX16PSI,120.488,30.5035,1111431,73,120,0,14-3-29 16:20:18,1
U59GX16PSI,120.485,30.5016,1111436,73,115,0,14-3-29 16:20:38,1
U59GX16PSI,120.483,30.5005,1111438,73,115,0,14-3-29 16:20:48,1
U59GX16PSI,120.481,30.4994,1111440,75,115,0,14-3-29 16:20:58,1
U59GX16PSI,120.476,30.4957,1111447,69,115,0,14-3-29 16:21:30,1
U59GX16PSI,120.474,30.4946,1111449,68,115,0,14-3-29 16:21:41,1
U59GX16PSI,120.472,30.4935,1111451,68,115,0,14-3-29 16:21:52,1
U59GX16PSI,120.47,30.4924,1111453,68,115,0,14-3-29 16:22:4,1
U59GX16PSI,120.468,30.4915,1111456,68,120,0,14-3-29 16:22:15,1
U59GX16PSI,120.466,30.4906,1111458,69,120,0,14-3-29 16:22:26,1
U59GX16PSI,120.464,30.4897,1111460,68,120,0,14-3-29 16:22:38,1
U59GX16PSI,120.462,30.4888,1111462,69,120,0,14-3-29 16:22:49,1
U59GX16PSI,120.46,30.4882,1111465,69,120,0,14-3-29 16:22:59,1
U59GX16PSI,120.455,30.4867,1111469,69,120,0,14-3-29 16:23:23,1
U59GX16PSI,120.453,30.486,1111471,69,120,0,14-3-29 16:23:33,1
U59GX16PSI,120.447,30.4837,1111478,71,120,0,14-3-29 16:24:8,1
U59GX16PSI,120.444,30.4827,1111481,71,120,0,14-3-29 16:24:21,1
U59GX16PSI,120.442,30.4817,1111483,68,120,0,14-3-29 16:24:32,1
U59GX16PSI,120.44,30.4808,1111486,69,115,0,14-3-29 16:24:43,1
U59GX16PSI,120.436,30.4786,1111490,71,115,0,14-3-29 16:25:5,1
U59GX16PSI,120.435,30.4776,1111492,71,115,0,14-3-29 16:25:15,1
U59GX16PSI,120.432,30.4756,1111496,68,115,0,14-3-29 16:25:34,1
U59GX16PSI,120.431,30.475,1111497,68,115,0,14-3-29 16:25:40,1
U59GX16PSI,120.429,30.4739,1111499,68,115,0,14-3-29 16:25:51,1
U59GX16PSI,120.427,30.4727,1111502,68,115,0,14-3-29 16:26:3,1
U59GX16PSI,120.425,30.4716,1111504,66,115,0,14-3-29 16:26:14,1
U59GX16PSI,120.423,30.4705,1111506,66,115,0,14-3-29 16:26:25,1
U59GX16PSI,120.421,30.4694,1111508,68,115,0,14-3-29 16:26:37,1
U59GX16PSI,120.419,30.4682,1111511,73,115,0,14-3-29 16:26:48,1
U59GX16PSI,120.418,30.4671,1111513,75,115,0,14-3-29 16:26:58,1
U59GX16PSI,120.415,30.4657,1111516,75,115,0,14-3-29 16:27:11,1
U59GX16PSI,120.413,30.4645,1111518,77,110,0,14-3-29 16:27:21,1
U59GX16PSI,120.412,30.4631,1111520,75,110,0,14-3-29 16:27:31,1
U59GX16PSI,120.41,30.4617,1111522,73,110,0,14-3-29 16:27:41,1
U59GX16PSI,120.408,30.4587,1111527,75,105,0,14-3-29 16:28:1,1
U59GX16PSI,120.406,30.4571,1111529,75,105,0,14-3-29 16:28:11,1
U59GX16PSI,120.405,30.4548,1111532,71,105,0,14-3-29 16:28:26,1
U59GX16PSI,120.402,30.4518,1111536,69,105,0,14-3-29 16:28:46,1
U59GX16PSI,120.401,30.4503,1111538,71,105,0,14-3-29 16:28:56,1
U59GX16PSI,120.4,30.4488,1111540,73,105,0,14-3-29 16:29:6,1
U59GX16PSI,120.397,30.4457,1111545,55,105,0,14-3-29 16:29:28,1
U59GX16PSI,120.396,30.4441,1111547,53,105,0,14-3-29 16:29:42,1
U59GX16PSI,120.395,30.4426,1111549,64,105,0,14-3-29 16:29:54,1
U59GX16PSI,120.393,30.4409,1111552,60,105,0,14-3-29 16:30:8,1
U59GX16PSI,120.393,30.4364,1111557,71,85,0,14-3-29 16:30:36,1
U59GX16PSI,120.393,30.4355,1111558,69,85,0,14-3-29 16:30:41,1
U59GX16PSI,120.393,30.4317,1111562,66,85,0,14-3-29 16:31:3,1
U59GX16PSI,120.393,30.4298,1111564,64,85,0,14-3-29 16:31:14,1
U59GX16PSI,120.393,30.428,1111566,68,85,0,14-3-29 16:31:25,1
U59GX16PSI,120.394,30.426,1111569,71,85,0,14-3-29 16:31:36,1
U59GX16PSI,120.394,30.4214,1111574,66,85,0,14-3-29 16:32:2,1
U59GX16PSI,120.395,30.4083,1111589,66,85,0,14-3-29 16:33:18,1
U59GX16PSI,120.396,30.4057,1111592,69,85,0,14-3-29 16:33:33,1
U59GX16PSI,120.396,30.4039,1111594,69,85,0,14-3-29 16:33:43,1
U59GX16PSI,120.396,30.4021,1111596,69,85,0,14-3-29 16:33:53,1
U59GX16PSI,120.396,30.4003,1111598,69,85,0,14-3-29 16:34:3,1
U59GX16PSI,120.396,30.3985,1111600,77,90,0,14-3-29 16:34:13,1
U59GX16PSI,120.396,30.3966,1111602,82,90,0,14-3-29 16:34:22,1
U59GX16PSI,120.394,30.3904,1111609,77,95,0,14-3-29 16:34:52,1
U59GX16PSI,120.392,30.3863,1111615,69,100,0,14-3-29 16:35:15,1
U59GX16PSI,120.392,30.3848,1111616,53,100,0,14-3-29 16:35:26,1
U59GX16PSI,120.391,30.3835,1111618,53,100,0,14-3-29 16:35:37,1
U59GX16PSI,120.389,30.381,1111621,53,100,0,14-3-29 16:35:58,1
U59GX16PSI,120.388,30.3793,1111623,66,100,0,14-3-29 16:36:11,1
U59GX16PSI,120.386,30.3759,1111628,79,100,0,14-3-29 16:36:32,1
U59GX16PSI,120.385,30.3744,1111630,79,100,0,14-3-29 16:36:41,1
U59GX16PSI,120.382,30.3694,1111636,86,100,0,14-3-29 16:37:8,1
U59GX16PSI,120.381,30.3676,1111639,82,100,0,14-3-29 16:37:17,1
U59GX16PSI,120.38,30.366,1111641,77,100,0,14-3-29 16:37:26,1
U59GX16PSI,120.379,30.3643,1111643,69,100,0,14-3-29 16:37:36,1
U59GX16PSI,120.377,30.3604,1111648,73,100,0,14-3-29 16:37:59,1
U59GX16PSI,120.376,30.3587,1111650,71,100,0,14-3-29 16:38:9,1
U59GX16PSI,120.375,30.3552,1111654,71,95,0,14-3-29 16:38:29,1
U59GX16PSI,120.374,30.3531,1111657,69,95,0,14-3-29 16:38:41,1
U59GX16PSI,120.373,30.3512,1111659,68,95,0,14-3-29 16:38:52,1
U59GX16PSI,120.373,30.3493,1111661,69,95,0,14-3-29 16:39:3,1
U59GX16PSI,120.372,30.3458,1111665,71,95,0,14-3-29 16:39:23,1
U59GX16PSI,120.371,30.3422,1111669,77,95,0,14-3-29 16:39:43,1
U59GX16PSI,120.37,30.3385,1111674,71,95,0,14-3-29 16:40:2,1
U59GX16PSI,120.369,30.3363,1111676,60,95,0,14-3-29 16:40:15,1
U59GX16PSI,120.369,30.3345,1111679,58,95,0,14-3-29 16:40:28,1
U59GX16PSI,120.368,30.3327,1111680,62,95,0,14-3-29 16:40:40,1
U59GX16PSI,120.368,30.3308,1111683,60,95,0,14-3-29 16:40:52,1
U59GX16PSI,120.367,30.3289,1111685,62,95,0,14-3-29 16:41:4,1
U59GX16PSI,120.367,30.327,1111687,64,95,0,14-3-29 16:41:16,1
U59GX16PSI,120.366,30.3252,1111689,66,95,0,14-3-29 16:41:27,1
U59GX16PSI,120.366,30.3234,1111691,68,95,0,14-3-29 16:41:38,1
U59GX16PSI,120.365,30.3188,1111697,66,95,0,14-3-29 16:42:4,1
U59GX16PSI,120.364,30.3169,1111699,64,95,0,14-3-29 16:42:16,1
U59GX16PSI,120.363,30.3133,1111703,66,95,0,14-3-29 16:42:39,1
U59GX16PSI,120.362,30.3116,1111705,49,100,0,14-3-29 16:42:51,1
U59GX16PSI,120.361,30.3102,1111708,16,100,0,14-3-29 16:43:30,1
U59GX16PSI,120.36,30.3091,1111710,14,160,0,14-3-29 16:44:14,1
U59GX16PSI,120.36,30.3095,1111710,0,0,0,14-3-29 16:45:39,1
U59GX16PSI,120.36,30.3095,1111710,0,0,0,14-3-29 16:46:14,1
U59GX16PSI,120.36,30.3095,1111710,0,0,0,14-3-29 16:48:14,1
U59GX16PSI,120.36,30.3095,1111710,0,0,0,14-3-29 16:50:14,1
U59GX16PSI,120.36,30.3095,1111710,0,0,0,14-3-29 16:50:40,1
U59GX16PSI,120.36,30.3095,1111710,0,0,0,14-3-29 16:52:14,1
U59GX16PSI,120.36,30.3095,1111710,0,0,0,14-3-29 16:54:14,1
U59GX16PSI,120.36,30.3095,1111710,0,0,0,14-3-29 16:55:42,1
U59GX16PSI,120.36,30.3095,1111710,0,0,0,14-3-29 16:56:13,1
U59GX16PSI,120.36,30.3095,1111710,0,0,0,14-3-29 16:58:13,1
U59GX16PSI,120.36,30.3095,1111710,0,0,0,14-3-29 17:0:13,1
U59GX16PSI,120.36,30.3095,1111710,0,0,0,14-3-29 17:0:42,1
U59GX16PSI,120.36,30.3095,1111710,0,0,0,14-3-29 17:2:13,1
U59GX16PSI,120.36,30.3095,1111710,0,0,0,14-3-29 17:4:13,1
U59GX16PSI,120.36,30.3095,1111710,0,0,0,14-3-29 17:5:43,1
U59GX16PSI,120.36,30.3094,1111710,0,0,0,14-3-29 17:6:13,1
U59GX16PSI,120.36,30.3095,1111710,0,0,0,14-3-29 17:8:13,1
U59GX16PSI,120.36,30.3095,1111710,0,0,0,14-3-29 17:10:13,1
U59GX16PSI,120.36,30.3095,1111710,0,0,0,14-3-29 17:10:44,1
U59GX16PSI,120.36,30.3095,1111710,0,0,0,14-3-29 17:12:13,1
U59GX16PSI,120.36,30.3095,1111710,0,0,0,14-3-29 17:14:13,1
U59GX16PSI,120.36,30.3095,1111710,0,0,0,14-3-29 17:15:45,1
U59GX16PSI,120.36,30.3095,1111710,0,0,0,14-3-29 17:16:14,1
U59GX16PSI,120.36,30.3095,1111710,0,0,0,14-3-29 17:18:14,1
U59GX16PSI,120.36,30.3095,1111710,0,0,0,14-3-29 17:20:14,1
U59GX16PSI,120.36,30.3095,1111710,0,0,0,14-3-29 17:20:46,1
U59GX16PSI,120.36,30.3095,1111710,0,0,0,14-3-29 17:22:14,1
U59GX16PSI,120.36,30.3095,1111710,0,0,0,14-3-29 17:24:14,1
U59GX16PSI,120.36,30.3095,1111710,0,0,0,14-3-29 17:25:47,1
U59GX16PSI,120.36,30.3095,1111710,0,0,0,14-3-29 17:26:14,1
U59GX16PSI,120.36,30.3095,1111710,0,0,0,14-3-29 17:28:14,1
U59GX16PSI,120.36,30.3095,1111710,0,0,0,14-3-29 17:30:14,1
U59GX16PSI,120.36,30.3096,1111710,1,15,0,14-3-29 17:30:51,1
U59GX16PSI,120.36,30.3083,1111712,31,95,0,14-3-29 17:32:7,1
U59GX16PSI,120.36,30.3064,1111714,40,100,0,14-3-29 17:32:28,1
U59GX16PSI,120.359,30.3046,1111717,44,100,0,14-3-29 17:32:46,1
U59GX16PSI,120.357,30.3011,1111721,62,100,0,14-3-29 17:33:15,1
U59GX16PSI,120.356,30.2995,1111723,66,100,0,14-3-29 17:33:26,1
U59GX16PSI,120.355,30.2977,1111725,68,100,0,14-3-29 17:33:37,1
U59GX16PSI,120.355,30.2959,1111727,68,95,0,14-3-29 17:33:48,1
U59GX16PSI,120.354,30.2941,1111730,64,95,0,14-3-29 17:33:59,1
U59GX16PSI,120.353,30.2922,1111732,60,95,0,14-3-29 17:34:11,1
U59GX16PSI,120.353,30.2904,1111734,64,95,0,14-3-29 17:34:23,1
U59GX16PSI,120.352,30.2884,1111736,66,90,0,14-3-29 17:34:35,1
U59GX16PSI,120.352,30.2868,1111738,66,90,0,14-3-29 17:34:45,1
U59GX16PSI,120.352,30.2847,1111741,68,90,0,14-3-29 17:34:57,1
U59GX16PSI,120.352,30.2829,1111743,69,90,0,14-3-29 17:35:7,1
U59GX16PSI,120.352,30.2811,1111745,71,90,0,14-3-29 17:35:17,1
U59GX16PSI,120.352,30.2757,1111751,69,85,0,14-3-29 17:35:47,1
U59GX16PSI,120.352,30.2737,1111753,71,85,0,14-3-29 17:35:58,1
U59GX16PSI,120.352,30.2719,1111755,71,85,0,14-3-29 17:36:8,1
U59GX16PSI,120.353,30.2701,1111757,71,80,0,14-3-29 17:36:18,1
U59GX16PSI,120.353,30.2682,1111759,71,80,0,14-3-29 17:36:28,1
U59GX16PSI,120.354,30.266,1111762,73,80,0,14-3-29 17:36:40,1
U59GX16PSI,120.354,30.2644,1111764,71,80,0,14-3-29 17:36:49,1
U59GX16PSI,120.355,30.2606,1111768,64,80,0,14-3-29 17:37:11,1
U59GX16PSI,120.355,30.2587,1111770,57,80,0,14-3-29 17:37:23,1
U59GX16PSI,120.356,30.2564,1111773,49,80,0,14-3-29 17:37:41,1
U59GX16PSI,120.356,30.2547,1111775,40,80,0,14-3-29 17:37:56,1
U59GX16PSI,120.357,30.2522,1111778,44,80,0,14-3-29 17:38:21,1
U59GX16PSI,120.357,30.2485,1111782,57,80,0,14-3-29 17:38:50,1
U59GX16PSI,120.358,30.2466,1111784,60,80,0,14-3-29 17:39:3,1
U59GX16PSI,120.358,30.2447,1111787,62,80,0,14-3-29 17:39:15,1
U59GX16PSI,120.359,30.2428,1111789,64,80,0,14-3-29 17:39:27,1
U59GX16PSI,120.359,30.241,1111791,66,80,0,14-3-29 17:39:38,1
U59GX16PSI,120.359,30.2391,1111793,64,85,0,14-3-29 17:39:49,1
U59GX16PSI,120.36,30.2368,1111796,68,85,0,14-3-29 17:40:3,1
U59GX16PSI,120.36,30.2348,1111798,58,85,0,14-3-29 17:40:15,1
U59GX16PSI,120.36,30.2325,1111801,55,85,0,14-3-29 17:40:31,1
U59GX16PSI,120.36,30.2294,1111804,55,90,0,14-3-29 17:40:53,1
U59GX16PSI,120.36,30.2287,1111805,58,95,0,14-3-29 17:40:58,1
U59GX16PSI,120.359,30.2268,1111807,62,95,0,14-3-29 17:41:10,1
U59GX16PSI,120.359,30.2249,1111809,55,80,0,14-3-29 17:41:23,1
U59GX16PSI,120.363,30.2221,1111814,68,50,0,14-3-29 17:41:51,1
U59GX16PSI,120.365,30.2218,1111816,68,50,0,14-3-29 17:42:2,1
U59GX16PSI,120.367,30.2212,1111818,53,50,0,14-3-29 17:42:14,1
U59GX16PSI,120.369,30.2205,1111820,53,55,0,14-3-29 17:42:28,1
U59GX16PSI,120.371,30.2198,1111823,51,55,0,14-3-29 17:42:41,1
U59GX16PSI,120.373,30.2189,1111825,49,55,0,14-3-29 17:42:56,1
U59GX16PSI,120.375,30.2181,1111827,47,55,0,14-3-29 17:43:11,1
U59GX16PSI,120.377,30.217,1111829,49,65,0,14-3-29 17:43:27,1
U59GX16PSI,120.378,30.2156,1111831,57,65,0,14-3-29 17:43:41,1
U59GX16PSI,120.38,30.2151,1111834,49,35,0,14-3-29 17:43:55,1
U59GX16PSI,120.383,30.2177,1111838,51,25,0,14-3-29 17:44:22,1
U59GX16PSI,120.385,30.2184,1111840,0,0,0,14-3-29 17:45:54,1
U59GX16PSI,120.385,30.2184,1111840,0,0,0,14-3-29 17:46:22,1
U59GX16PSI,120.386,30.2185,1111840,0,0,0,14-3-29 17:48:22,1
U59GX16PSI,120.386,30.2186,1111840,0,0,0,14-3-29 17:50:22,1
U59GX16PSI,120.386,30.2187,1111840,9,40,0,14-3-29 17:50:55,1
U59GX16PSI,120.386,30.2188,1111840,14,30,0,14-3-29 17:51:2,1
U59GX16PSI,120.389,30.2195,1111843,34,30,0,14-3-29 17:51:34,1
U59GX16PSI,120.391,30.2203,1111845,44,30,0,14-3-29 17:51:53,1
U59GX16PSI,120.393,30.2209,1111847,51,30,0,14-3-29 17:52:8,1
U59GX16PSI,120.395,30.2216,1111849,55,30,0,14-3-29 17:52:22,1
U59GX16PSI,120.397,30.2223,1111851,62,30,0,14-3-29 17:52:35,1
U59GX16PSI,120.399,30.223,1111853,64,30,0,14-3-29 17:52:46,1
U59GX16PSI,120.401,30.2237,1111856,66,30,0,14-3-29 17:52:57,1
U59GX16PSI,120.403,30.2244,1111858,66,30,0,14-3-29 17:53:8,1
U59GX16PSI,120.405,30.2252,1111860,62,30,0,14-3-29 17:53:19,1
U59GX16PSI,120.406,30.2261,1111862,60,30,0,14-3-29 17:53:31,1
U59GX16PSI,120.408,30.227,1111864,58,30,0,14-3-29 17:53:43,1
U59GX16PSI,120.41,30.2279,1111866,57,30,0,14-3-29 17:53:56,1
U59GX16PSI,120.412,30.2287,1111868,53,30,0,14-3-29 17:54:9,1
U59GX16PSI,120.414,30.2295,1111870,20,45,0,14-3-29 17:54:27,1
U59GX16PSI,120.415,30.2278,1111873,16,75,0,14-3-29 17:54:52,1
U59GX16PSI,120.416,30.226,1111875,34,75,0,14-3-29 17:55:39,1
U59GX16PSI,120.417,30.2252,1111876,3,100,0,14-3-29 17:55:56,1
U59GX16PSI,120.415,30.2247,1111877,11,120,0,14-3-29 17:57:7,1
U59GX16PSI,120.415,30.2244,1111877,0,0,0,14-3-29 17:59:7,1
U59GX16PSI,120.415,30.2244,1111877,0,0,0,14-3-29 18:0:58,1
U59GX16PSI,120.415,30.2244,1111877,0,0,0,14-3-29 18:1:7,1
U59GX16PSI,120.415,30.2244,1111877,0,0,0,14-3-29 18:3:7,1
U59GX16PSI,120.415,30.2244,1111877,0,0,0,14-3-29 18:5:7,1
U59GX16PSI,120.415,30.2244,1111877,0,0,0,14-3-29 18:5:59,1
U59GX16PSI,120.415,30.2244,1111877,0,0,0,14-3-29 18:7:7,1
U59GX16PSI,120.415,30.2244,1111877,0,0,0,14-3-29 18:9:7,1
U59GX16PSI,120.415,30.2244,1111877,0,0,0,14-3-29 18:11:7,1
U59GX16PSI,120.415,30.2244,1111877,0,0,0,14-3-29 18:13:7,1
U59GX16PSI,120.415,30.2244,1111877,0,0,0,14-3-29 18:15:7,1
U59GX16PSI,120.415,30.2244,1111877,0,0,0,14-3-29 18:16:1,1
U59GX16PSI,120.415,30.2244,1111877,0,0,0,14-3-29 18:17:7,1
U59GX16PSI,120.415,30.2244,1111877,0,0,0,14-3-29 18:19:7,1
U59GX16PSI,120.415,30.2244,1111877,0,0,0,14-3-29 18:21:7,1
U59GX16PSI,120.415,30.2244,1111877,0,0,0,14-3-29 18:23:7,1
U59GX16PSI,120.415,30.2244,1111877,0,0,0,14-3-29 18:25:7,1
U59GX16PSI,120.415,30.2244,1111877,0,0,0,14-3-29 18:26:5,1
U59GX16PSI,120.415,30.2244,1111877,0,0,0,14-3-29 18:27:7,1
U59GX16PSI,120.415,30.2244,1111877,0,0,0,14-3-29 18:29:7,1
U59GX16PSI,120.415,30.2244,1111877,0,0,0,14-3-29 18:31:7,1
U59GX16PSI,120.415,30.2244,1111877,0,0,0,14-3-29 18:33:7,1
U59GX16PSI,120.415,30.2244,1111877,0,0,0,14-3-29 18:35:7,1
U59GX16PSI,120.415,30.2244,1111877,0,0,0,14-3-29 18:36:23,1
U59GX16PSI,120.415,30.2244,1111877,0,0,0,14-3-29 18:37:7,1
U59GX16PSI,120.415,30.2244,1111877,0,0,0,14-3-29 18:39:7,1
U59GX16PSI,120.415,30.2244,1111877,0,0,0,14-3-29 18:41:7,1
U59GX16PSI,120.415,30.2244,1111877,0,0,0,14-3-29 18:41:27,1
U59GX16PSI,120.415,30.2244,1111877,0,0,0,14-3-29 18:43:7,1
U59GX16PSI,120.415,30.2244,1111877,0,0,0,14-3-29 18:45:7,1
U59GX16PSI,120.415,30.2244,1111877,0,0,0,14-3-29 18:46:28,1
U59GX16PSI,120.415,30.2244,1111877,0,0,0,14-3-29 18:47:7,1
U59GX16PSI,120.415,30.2244,1111877,0,0,0,14-3-29 18:49:7,1
U59GX16PSI,120.415,30.2244,1111877,0,0,0,14-3-29 18:51:9,1
U59GX16PSI,120.415,30.2244,1111877,0,0,0,14-3-29 18:51:29,1
U59GX16PSI,120.415,30.2244,1111877,0,0,0,14-3-29 18:53:9,1
U59GX16PSI,120.415,30.2244,1111877,0,0,0,14-3-29 18:55:9,1
U59GX16PSI,120.415,30.2244,1111877,0,0,0,14-3-29 18:56:30,1
U59GX16PSI,120.415,30.2244,1111877,0,0,0,14-3-29 18:57:9,1
U59GX16PSI,120.415,30.2244,1111877,0,0,0,14-3-29 18:59:9,1
U59GX16PSI,120.415,30.2244,1111877,0,0,0,14-3-29 19:1:9,1
U59GX16PSI,120.415,30.2244,1111877,0,0,0,14-3-29 19:1:31,1
U59GX16PSI,120.415,30.2244,1111877,0,0,0,14-3-29 19:3:9,1
U59GX16PSI,120.415,30.2244,1111877,0,0,0,14-3-29 19:5:9,1
U59GX16PSI,120.415,30.2244,1111877,0,0,0,14-3-29 19:6:32,1
U59GX16PSI,120.415,30.2244,1111877,0,0,0,14-3-29 19:7:9,1
U59GX16PSI,120.415,30.2243,1111877,0,0,0,14-3-29 19:9:9,1
U59GX16PSI,120.415,30.2243,1111877,0,0,0,14-3-29 19:11:9,1
U59GX16PSI,120.415,30.2243,1111877,0,0,0,14-3-29 19:11:33,1
U59GX16PSI,120.415,30.2243,1111877,0,0,0,14-3-29 19:13:11,1
U59GX16PSI,120.415,30.2243,1111877,0,0,0,14-3-29 19:15:11,1
U59GX16PSI,120.415,30.2243,1111877,0,0,0,14-3-29 19:16:34,1
U59GX16PSI,120.415,30.2243,1111877,0,0,0,14-3-29 19:17:11,1
U59GX16PSI,120.415,30.2243,1111877,0,0,0,14-3-29 19:19:10,1
U59GX16PSI,120.415,30.2243,1111877,0,0,0,14-3-29 19:21:10,1
U59GX16PSI,120.415,30.2243,1111877,0,0,0,14-3-29 19:21:35,1
U59GX16PSI,120.415,30.2244,1111877,0,0,0,14-3-29 19:23:10,1
U59GX16PSI,120.415,30.2244,1111877,0,0,0,14-3-29 19:25:10,1
U59GX16PSI,120.415,30.2244,1111877,0,0,0,14-3-29 19:26:38,1
U59GX16PSI,120.415,30.2244,1111877,0,0,0,14-3-29 19:27:10,1
U59GX16PSI,120.415,30.2244,1111877,0,0,0,14-3-29 19:29:10,1
U59GX16PSI,120.415,30.2244,1111877,0,0,0,14-3-29 19:31:10,1
U59GX16PSI,120.415,30.2244,1111877,0,0,0,14-3-29 19:31:39,1
U59GX16PSI,120.415,30.2244,1111877,0,0,0,14-3-29 19:33:10,1
U59GX16PSI,120.415,30.2244,1111877,0,0,0,14-3-29 19:35:10,1
U59GX16PSI,120.415,30.2244,1111877,0,0,0,14-3-29 19:36:40,1
U59GX16PSI,120.415,30.2244,1111877,0,0,0,14-3-29 19:37:10,1
U59GX16PSI,120.415,30.2244,1111877,0,0,0,14-3-29 19:39:10,1
U59GX16PSI,120.415,30.2244,1111877,0,0,0,14-3-29 19:41:10,1
U59GX16PSI,120.415,30.2244,1111877,0,0,0,14-3-29 19:41:41,1
U59GX16PSI,120.415,30.2244,1111877,0,0,0,14-3-29 19:43:10,1
U59GX16PSI,120.415,30.2244,1111877,0,0,0,14-3-29 19:45:10,1
U59GX16PSI,120.415,30.2244,1111877,0,0,0,14-3-29 19:46:42,1
U59GX16PSI,120.415,30.2244,1111877,0,0,0,14-3-29 19:47:10,1
U59GX16PSI,120.415,30.2244,1111877,0,0,0,14-3-29 19:49:10,1
U59GX16PSI,120.415,30.2244,1111877,0,0,0,14-3-29 19:51:10,1
U59GX16PSI,120.415,30.2244,1111877,0,0,0,14-3-29 19:51:43,1
U59GX16PSI,120.415,30.2244,1111877,0,0,0,14-3-29 19:53:10,1
U59GX16PSI,120.415,30.2243,1111877,0,0,0,14-3-29 19:55:10,1
U59GX16PSI,120.415,30.2244,1111877,0,0,0,14-3-29 19:56:44,1
U59GX16PSI,120.415,30.2244,1111877,0,0,0,14-3-29 19:57:10,1
U59GX16PSI,120.415,30.2244,1111877,0,0,0,14-3-29 19:59:10,1
U59GX16PSI,120.415,30.2244,1111877,0,0,0,14-3-29 20:1:10,1
U59GX16PSI,120.415,30.2244,1111877,0,0,0,14-3-29 20:1:47,1
U59GX16PSI,120.415,30.2244,1111877,0,0,0,14-3-29 20:3:10,1
U59GX16PSI,120.415,30.2243,1111877,0,0,0,14-3-29 20:5:10,1
U59GX16PSI,120.415,30.2244,1111877,0,0,0,14-3-29 20:6:48,1
U59GX16PSI,120.415,30.2244,1111877,0,0,0,14-3-29 20:7:10,1
U59GX16PSI,120.415,30.2244,1111877,0,0,0,14-3-29 20:9:10,1
U59GX16PSI,120.415,30.2244,1111877,0,0,0,14-3-29 20:11:10,1
U59GX16PSI,120.415,30.2244,1111877,0,0,0,14-3-29 20:11:49,1
U59GX16PSI,120.415,30.2244,1111877,0,0,0,14-3-29 20:13:10,1
U59GX16PSI,120.415,30.2244,1111877,0,0,0,14-3-29 20:15:10,1
U59GX16PSI,120.415,30.2244,1111877,0,0,0,14-3-29 20:16:50,1
U59GX16PSI,120.415,30.2244,1111877,0,0,0,14-3-29 20:17:10,1
U59GX16PSI,120.415,30.2244,1111877,0,0,0,14-3-29 20:19:10,1
U59GX16PSI,120.415,30.2244,1111877,0,0,0,14-3-29 20:21:10,1
U59GX16PSI,120.415,30.2244,1111877,0,0,0,14-3-29 20:21:51,1
U59GX16PSI,120.415,30.2244,1111877,0,0,0,14-3-29 20:23:10,1
U59GX16PSI,120.415,30.2244,1111877,0,0,0,14-3-29 20:25:10,1
U59GX16PSI,120.415,30.2244,1111877,0,0,0,14-3-29 20:26:52,1
U59GX16PSI,120.415,30.2244,1111877,0,0,0,14-3-29 20:27:10,1
U59GX16PSI,120.415,30.2244,1111877,0,0,0,14-3-29 20:29:10,1
U59GX16PSI,120.415,30.2244,1111877,0,0,0,14-3-29 20:31:12,1
U59GX16PSI,120.415,30.2244,1111877,0,0,0,14-3-29 20:31:53,1
U59GX16PSI,120.415,30.2244,1111877,0,0,0,14-3-29 20:33:12,1
U59GX16PSI,120.415,30.2244,1111877,0,0,0,14-3-29 20:35:12,1
U59GX16PSI,120.415,30.2244,1111877,0,0,0,14-3-29 20:36:54,1
U59GX16PSI,120.415,30.2244,1111877,0,0,0,14-3-29 20:37:12,1
U59GX16PSI,120.415,30.2244,1111877,0,0,0,14-3-29 20:39:12,1
U59GX16PSI,120.415,30.2244,1111877,0,0,0,14-3-29 20:41:12,1
U59GX16PSI,120.415,30.2244,1111877,0,0,0,14-3-29 20:41:55,1
U59GX16PSI,120.415,30.2244,1111877,0,0,0,14-3-29 20:43:12,1
U59GX16PSI,120.415,30.2244,1111877,0,0,0,14-3-29 20:45:12,1
U59GX16PSI,120.415,30.2244,1111877,0,0,0,14-3-29 20:46:56,1
U59GX16PSI,120.415,30.2244,1111877,0,0,0,14-3-29 20:47:12,1
U59GX16PSI,120.415,30.2244,1111877,0,0,0,14-3-29 20:49:12,1
U59GX16PSI,120.415,30.2244,1111877,0,0,0,14-3-29 20:51:12,1
U59GX16PSI,120.415,30.2244,1111877,0,0,0,14-3-29 20:51:57,1
U59GX16PSI,120.415,30.2244,1111877,0,0,0,14-3-29 20:53:12,1
U59GX16PSI,120.415,30.2244,1111877,0,0,0,14-3-29 20:55:12,1
U59GX16PSI,120.415,30.2244,1111877,0,0,0,14-3-29 20:56:58,1
U59GX16PSI,120.415,30.2244,1111877,0,0,0,14-3-29 20:57:12,1
U59GX16PSI,120.415,30.2244,1111877,0,0,0,14-3-29 20:59:12,1
U59GX16PSI,120.415,30.2244,1111877,0,0,0,14-3-29 21:1:12,1
U59GX16PSI,120.415,30.2244,1111877,0,0,0,14-3-29 21:1:59,1
U59GX16PSI,120.415,30.2244,1111877,0,0,0,14-3-29 21:3:12,1
U59GX16PSI,120.415,30.2244,1111877,0,0,0,14-3-29 21:5:12,1
U59GX16PSI,120.415,30.2244,1111877,0,0,0,14-3-29 21:7:0,1
U59GX16PSI,120.415,30.2244,1111877,0,0,0,14-3-29 21:7:12,1
U59GX16PSI,120.415,30.2244,1111877,0,0,0,14-3-29 21:9:12,1
U59GX16PSI,120.415,30.2244,1111877,0,0,0,14-3-29 21:11:12,1
U59GX16PSI,120.415,30.2244,1111877,0,0,0,14-3-29 21:12:1,1
U59GX16PSI,120.415,30.2244,1111877,0,0,0,14-3-29 21:13:12,1
U59GX16PSI,120.415,30.2245,1111877,0,0,0,14-3-29 21:15:12,1
U59GX16PSI,120.415,30.2244,1111877,0,0,0,14-3-29 21:17:3,1
U59GX16PSI,120.415,30.2244,1111877,0,0,0,14-3-29 21:17:12,1
U59GX16PSI,120.415,30.2245,1111877,0,0,0,14-3-29 21:19:12,1
U59GX16PSI,120.415,30.2244,1111877,0,0,0,14-3-29 21:21:12,1
U59GX16PSI,120.415,30.2244,1111877,0,0,0,14-3-29 21:22:5,1
U59GX16PSI,120.415,30.2244,1111877,0,0,0,14-3-29 21:23:12,1
U59GX16PSI,120.415,30.2244,1111877,0,0,0,14-3-29 21:25:12,1
U59GX16PSI,120.415,30.2244,1111877,0,0,0,14-3-29 21:27:6,1
U59GX16PSI,120.415,30.2244,1111877,0,0,0,14-3-29 21:27:12,1
U59GX16PSI,120.415,30.2244,1111877,0,0,0,14-3-29 21:29:12,1
U59GX16PSI,120.415,30.2244,1111877,0,0,0,14-3-29 21:31:12,1
U59GX16PSI,120.415,30.2243,1111877,0,0,0,14-3-29 21:32:7,1
U59GX16PSI,120.415,30.2243,1111878,5,135,0,14-3-29 21:33:12,1
U59GX16PSI,120.415,30.2248,1111878,0,0,0,14-3-29 21:35:12,1
U59GX16PSI,120.415,30.2248,1111878,0,0,0,14-3-29 21:37:7,1
U59GX16PSI,120.415,30.2248,1111878,0,0,0,14-3-29 21:37:12,1
U59GX16PSI,120.415,30.2248,1111878,0,0,0,14-3-29 21:39:11,1
U59GX16PSI,120.415,30.2248,1111878,0,0,0,14-3-29 21:41:11,1
U59GX16PSI,120.415,30.2248,1111878,0,0,0,14-3-29 21:42:16,1
U59GX16PSI,120.415,30.2249,1111878,0,0,0,14-3-29 21:43:11,1
U59GX16PSI,120.415,30.2248,1111878,0,0,0,14-3-29 21:45:11,1
U59GX16PSI,120.415,30.2248,1111878,0,0,0,14-3-29 21:47:11,1
U59GX16PSI,120.415,30.2248,1111878,0,0,0,14-3-29 21:47:33,1
U59GX16PSI,120.415,30.2248,1111878,0,0,0,14-3-29 21:49:11,1
U59GX16PSI,120.415,30.2248,1111878,0,0,0,14-3-29 21:51:11,1
U59GX16PSI,120.415,30.2248,1111878,0,0,0,14-3-29 21:52:34,1
U59GX16PSI,120.415,30.2248,1111878,0,0,0,14-3-29 21:53:11,1
U59GX16PSI,120.415,30.2248,1111878,0,0,0,14-3-29 21:55:11,1
U59GX16PSI,120.415,30.2248,1111878,0,0,0,14-3-29 21:57:11,1
U59GX16PSI,120.415,30.2248,1111878,0,0,0,14-3-29 21:57:44,1
U59GX16PSI,120.415,30.2248,1111878,0,0,0,14-3-29 21:59:11,1
U59GX16PSI,120.415,30.2248,1111878,0,0,0,14-3-29 22:1:11,1
U59GX16PSI,120.415,30.2248,1111878,0,0,0,14-3-29 22:2:45,1
U59GX16PSI,120.415,30.2248,1111878,0,0,0,14-3-29 22:3:11,1
U59GX16PSI,120.415,30.2248,1111878,0,0,0,14-3-29 22:5:11,1
U59GX16PSI,120.415,30.2248,1111878,0,0,0,14-3-29 22:7:11,1
U59GX16PSI,120.415,30.2248,1111878,0,0,0,14-3-29 22:7:50,1
U59GX16PSI,120.415,30.2248,1111878,0,0,0,14-3-29 22:9:11,1
U59GX16PSI,120.415,30.2248,1111878,0,0,0,14-3-29 22:11:11,1
U59GX16PSI,120.415,30.2248,1111878,0,0,0,14-3-29 22:12:51,1
U59GX16PSI,120.415,30.2248,1111878,0,0,0,14-3-29 22:13:11,1
U59GX16PSI,120.415,30.2248,1111878,0,0,0,14-3-29 22:15:11,1
U59GX16PSI,120.415,30.2248,1111878,0,0,0,14-3-29 22:17:11,1
U59GX16PSI,120.415,30.2248,1111878,0,0,0,14-3-29 22:17:52,1
U59GX16PSI,120.415,30.2248,1111878,0,0,0,14-3-29 22:19:11,1
U59GX16PSI,120.415,30.2248,1111878,0,0,0,14-3-29 22:21:11,1
U59GX16PSI,120.415,30.2248,1111878,0,0,0,14-3-29 22:23:1,1
U59GX16PSI,120.415,30.2248,1111878,0,0,0,14-3-29 22:23:11,1
U59GX16PSI,120.415,30.2248,1111878,0,0,0,14-3-29 22:25:11,1
U59GX16PSI,120.415,30.2248,1111878,0,0,0,14-3-29 22:27:11,1
U59GX16PSI,120.415,30.2248,1111878,0,0,0,14-3-29 22:28:2,1
U59GX16PSI,120.415,30.2248,1111878,0,0,0,14-3-29 22:29:11,1
U59GX16PSI,120.415,30.2249,1111878,0,0,0,14-3-29 22:31:11,1
U59GX16PSI,120.415,30.2248,1111878,0,0,0,14-3-29 22:33:19,1
U59GX16PSI,120.415,30.2248,1111878,0,0,0,14-3-29 22:35:11,1
U59GX16PSI,120.415,30.2248,1111878,0,0,0,14-3-29 22:37:11,1
U59GX16PSI,120.415,30.2248,1111878,0,0,0,14-3-29 22:38:20,1
U59GX16PSI,120.415,30.2248,1111878,0,0,0,14-3-29 22:39:11,1
U59GX16PSI,120.415,30.2249,1111878,0,0,0,14-3-29 22:41:11,1
U59GX16PSI,120.415,30.2248,1111878,0,0,0,14-3-29 22:43:21,1
U59GX16PSI,120.415,30.2248,1111878,0,0,0,14-3-29 22:45:11,1
U59GX16PSI,120.415,30.2248,1111878,0,0,0,14-3-29 22:47:11,1
U59GX16PSI,120.415,30.2248,1111878,0,0,0,14-3-29 22:48:25,1
U59GX16PSI,120.415,30.2248,1111878,0,0,0,14-3-29 22:49:11,1
U59GX16PSI,120.415,30.2248,1111878,0,0,0,14-3-29 22:51:11,1
U59GX16PSI,120.415,30.2248,1111878,0,0,0,14-3-29 22:53:11,1
U59GX16PSI,120.415,30.2248,1111878,0,0,0,14-3-29 22:53:26,1
U59GX16PSI,120.415,30.2248,1111878,0,0,0,14-3-29 22:55:11,1
U59GX16PSI,120.415,30.2248,1111878,0,0,0,14-3-29 22:57:11,1
U59GX16PSI,120.415,30.2248,1111878,0,0,0,14-3-29 22:58:27,1
U59GX16PSI,120.415,30.2248,1111878,0,0,0,14-3-29 22:59:11,1
U59GX16PSI,120.415,30.2248,1111878,0,0,0,14-3-29 23:1:11,1
U59GX16PSI,120.415,30.2248,1111878,0,0,0,14-3-29 23:3:11,1
U59GX16PSI,120.415,30.2248,1111878,0,0,0,14-3-29 23:3:28,1
U59GX16PSI,120.415,30.2248,1111878,0,0,0,14-3-29 23:5:11,1
U59GX16PSI,120.415,30.2248,1111878,0,0,0,14-3-29 23:7:11,1
U59GX16PSI,120.415,30.2248,1111878,0,0,0,14-3-29 23:8:29,1
U59GX16PSI,120.415,30.2248,1111878,0,0,0,14-3-29 23:9:11,1
U59GX16PSI,120.415,30.2248,1111878,0,0,0,14-3-29 23:11:11,1
U59GX16PSI,120.415,30.2248,1111878,0,0,0,14-3-29 23:13:11,1
U59GX16PSI,120.415,30.2248,1111878,0,0,0,14-3-29 23:13:30,1
U59GX16PSI,120.415,30.2248,1111878,0,0,0,14-3-29 23:15:11,1
U59GX16PSI,120.415,30.2248,1111878,0,0,0,14-3-29 23:17:11,1
U59GX16PSI,120.415,30.2248,1111878,0,0,0,14-3-29 23:18:31,1
U59GX16PSI,120.415,30.2248,1111878,0,0,0,14-3-29 23:19:11,1
U59GX16PSI,120.415,30.2248,1111878,0,0,0,14-3-29 23:21:11,1
U59GX16PSI,120.415,30.2248,1111878,0,0,0,14-3-29 23:23:11,1
U59GX16PSI,120.415,30.2248,1111878,0,0,0,14-3-29 23:23:32,1
U59GX16PSI,120.415,30.2248,1111878,0,0,0,14-3-29 23:25:11,1
U59GX16PSI,120.415,30.2248,1111878,0,0,0,14-3-29 23:27:11,1
U59GX16PSI,120.415,30.2248,1111878,0,0,0,14-3-29 23:28:33,1
U59GX16PSI,120.415,30.2248,1111878,0,0,0,14-3-29 23:29:11,1
U59GX16PSI,120.415,30.2248,1111878,0,0,0,14-3-29 23:31:11,1
U59GX16PSI,120.415,30.2248,1111878,0,0,0,14-3-29 23:33:11,1
U59GX16PSI,120.415,30.2248,1111878,0,0,0,14-3-29 23:33:34,1
U59GX16PSI,120.415,30.2248,1111878,0,0,0,14-3-29 23:35:11,1
U59GX16PSI,120.415,30.2248,1111878,0,0,0,14-3-29 23:37:11,1
U59GX16PSI,120.415,30.2248,1111878,0,0,0,14-3-29 23:38:35,1
U59GX16PSI,120.415,30.2248,1111878,0,0,0,14-3-29 23:39:11,1
U59GX16PSI,120.415,30.2248,1111878,0,0,0,14-3-29 23:41:11,1
U59GX16PSI,120.415,30.2248,1111878,0,0,0,14-3-29 23:43:11,1
U59GX16PSI,120.415,30.2248,1111878,0,0,0,14-3-29 23:43:36,1
U59GX16PSI,120.415,30.2248,1111878,0,0,0,14-3-29 23:45:11,1
U59GX16PSI,120.415,30.2248,1111878,0,0,0,14-3-29 23:47:11,1
U59GX16PSI,120.415,30.2248,1111878,0,0,0,14-3-29 23:48:37,1
U59GX16PSI,120.415,30.2248,1111878,0,0,0,14-3-29 23:49:11,1
U59GX16PSI,120.415,30.2248,1111878,0,0,0,14-3-29 23:51:11,1
U59GX16PSI,120.415,30.2248,1111878,0,0,0,14-3-29 23:53:11,1
U59GX16PSI,120.415,30.2248,1111878,0,0,0,14-3-29 23:53:38,1
U59GX16PSI,120.415,30.2248,1111878,0,0,0,14-3-29 23:55:11,1
U59GX16PSI,120.415,30.2248,1111878,0,0,0,14-3-29 23:57:11,1
U59GX16PSI,120.415,30.2248,1111878,0,0,0,14-3-29 23:58:38,1
U59GX16PSI,120.415,30.2248,1111878,0,0,0,14-3-29 23:59:11,1
