U51LX00FGI,125.074,43.7376,1439598,0,0,0,14-3-29 12:52:45,1
U51LX00FGI,125.074,43.7376,1439598,0,0,0,14-3-29 12:53:39,1
U51LX00FGI,125.074,43.7376,1439598,0,0,0,14-3-29 12:54:39,1
U51LX00FGI,125.074,43.7376,1439598,0,0,0,14-3-29 12:55:39,1
U51LX00FGI,125.074,43.7376,1439598,0,0,0,14-3-29 12:56:39,1
U51LX00FGI,125.074,43.7376,1439598,0,0,0,14-3-29 12:57:39,1
U51LX00FGI,125.074,43.7376,1439598,0,0,0,14-3-29 12:57:53,1
U51LX00FGI,125.074,43.7376,1439598,0,0,0,14-3-29 12:58:39,1
U51LX00FGI,125.074,43.7376,1439598,0,0,0,14-3-29 12:59:39,1
U51LX00FGI,125.074,43.7376,1439598,0,0,0,14-3-29 13:0:39,1
U51LX00FGI,125.074,43.7376,1439598,0,0,0,14-3-29 13:1:39,1
U51LX00FGI,125.074,43.7376,1439598,0,0,0,14-3-29 13:2:39,1
U51LX00FGI,125.074,43.7376,1439598,0,0,0,14-3-29 13:2:54,1
U51LX00FGI,125.074,43.7376,1439598,0,0,0,14-3-29 13:3:39,1
U51LX00FGI,125.074,43.7376,1439598,0,0,0,14-3-29 13:4:39,1
U51LX00FGI,125.074,43.7376,1439598,0,0,0,14-3-29 13:5:39,1
U51LX00FGI,125.074,43.7376,1439598,0,0,0,14-3-29 13:6:39,1
U51LX00FGI,125.074,43.7376,1439598,0,0,0,14-3-29 13:7:39,1
U51LX00FGI,125.074,43.7376,1439598,0,0,0,14-3-29 13:8:1,1
U51LX00FGI,125.074,43.7376,1439598,0,0,0,14-3-29 13:8:39,1
U51LX00FGI,125.074,43.7376,1439598,0,0,0,14-3-29 13:9:39,1
U51LX00FGI,125.074,43.7376,1439598,0,0,0,14-3-29 13:10:39,1
U51LX00FGI,125.074,43.7376,1439598,0,0,0,14-3-29 13:11:39,1
U51LX00FGI,125.074,43.7376,1439598,0,0,0,14-3-29 13:12:39,1
U51LX00FGI,125.074,43.7376,1439598,0,0,0,14-3-29 13:13:2,1
U51LX00FGI,125.074,43.7376,1439598,0,0,0,14-3-29 13:13:39,1
U51LX00FGI,125.074,43.7376,1439598,0,0,0,14-3-29 13:14:39,1
U51LX00FGI,125.074,43.7376,1439598,0,0,0,14-3-29 13:15:39,1
U51LX00FGI,125.074,43.7376,1439598,0,0,0,14-3-29 13:16:39,1
U51LX00FGI,125.074,43.7376,1439598,0,0,0,14-3-29 13:17:39,1
U51LX00FGI,125.074,43.7376,1439598,0,0,0,14-3-29 13:18:3,1
U51LX00FGI,125.074,43.7376,1439598,0,0,0,14-3-29 13:18:39,1
U51LX00FGI,125.074,43.7376,1439598,0,0,0,14-3-29 13:19:39,1
U51LX00FGI,125.074,43.7376,1439598,0,0,0,14-3-29 13:20:39,1
U51LX00FGI,125.074,43.7376,1439598,0,0,0,14-3-29 13:21:39,1
U51LX00FGI,125.074,43.7376,1439598,0,0,0,14-3-29 13:22:40,1
U51LX00FGI,125.074,43.7376,1439598,0,0,0,14-3-29 13:23:5,1
U51LX00FGI,125.074,43.7376,1439598,0,0,0,14-3-29 13:23:40,1
U51LX00FGI,125.074,43.7376,1439598,0,0,0,14-3-29 13:24:40,1
U51LX00FGI,125.074,43.7376,1439598,0,0,0,14-3-29 13:25:40,1
U51LX00FGI,125.074,43.7376,1439598,0,0,0,14-3-29 13:26:40,1
U51LX00FGI,125.074,43.7376,1439598,0,0,0,14-3-29 13:27:15,1
U51LX00FGI,125.074,43.7376,1439598,0,125,0,14-3-29 13:27:40,1
U51LX00FGI,125.074,43.7376,1439598,0,130,0,14-3-29 13:28:6,1
U51LX00FGI,125.074,43.7376,1439598,2,125,0,14-3-29 13:28:40,1
U51LX00FGI,125.073,43.7372,1439599,0,0,0,14-3-29 13:29:40,1
U51LX00FGI,125.073,43.7371,1439599,6,115,0,14-3-29 13:30:40,1
U51LX00FGI,125.073,43.7371,1439599,2,25,0,14-3-29 13:31:40,1
U51LX00FGI,125.073,43.7372,1439599,0,145,0,14-3-29 13:32:40,1
U51LX00FGI,125.073,43.7373,1439600,4,35,0,14-3-29 13:33:7,1
U51LX00FGI,125.074,43.7376,1439600,14,20,0,14-3-29 13:33:31,1
U51LX00FGI,125.075,43.739,1439602,14,5,0,14-3-29 13:34:16,1
U51LX00FGI,125.074,43.7405,1439604,23,160,0,14-3-29 13:35:2,1
U51LX00FGI,125.073,43.7419,1439606,19,160,0,14-3-29 13:35:33,1
U51LX00FGI,125.071,43.7434,1439608,0,145,0,14-3-29 13:36:37,1
U51LX00FGI,125.071,43.7434,1439608,4,160,0,14-3-29 13:36:47,1
U51LX00FGI,125.071,43.7437,1439609,2,140,0,14-3-29 13:37:46,1
U51LX00FGI,125.071,43.7435,1439609,2,80,0,14-3-29 13:38:8,1
U51LX00FGI,125.071,43.7434,1439609,0,0,0,14-3-29 13:38:46,1
U51LX00FGI,125.071,43.7436,1439609,2,15,0,14-3-29 13:39:46,1
U51LX00FGI,125.072,43.7439,1439609,0,20,0,14-3-29 13:40:46,1
U51LX00FGI,125.072,43.7439,1439609,0,0,0,14-3-29 13:41:46,1
U51LX00FGI,125.071,43.7437,1439610,4,105,0,14-3-29 13:42:46,1
U51LX00FGI,125.071,43.7437,1439610,2,135,0,14-3-29 13:43:9,1
U51LX00FGI,125.072,43.7439,1439610,2,15,0,14-3-29 13:43:46,1
U51LX00FGI,125.072,43.7439,1439610,0,0,0,14-3-29 13:44:46,1
U51LX00FGI,125.072,43.7439,1439610,0,0,0,14-3-29 13:45:46,1
U51LX00FGI,125.072,43.7439,1439610,0,0,0,14-3-29 13:46:46,1
U51LX00FGI,125.072,43.7439,1439610,0,0,0,14-3-29 13:47:46,1
U51LX00FGI,125.072,43.7439,1439610,0,0,0,14-3-29 13:48:10,1
U51LX00FGI,125.072,43.7439,1439610,0,0,0,14-3-29 13:48:46,1
U51LX00FGI,125.072,43.7439,1439610,0,0,0,14-3-29 13:49:46,1
U51LX00FGI,125.072,43.7438,1439610,4,110,0,14-3-29 13:50:46,1
U51LX00FGI,125.071,43.7437,1439610,4,110,0,14-3-29 13:50:54,1
U51LX00FGI,125.072,43.7426,1439612,19,70,0,14-3-29 13:51:54,1
U51LX00FGI,125.072,43.7422,1439612,19,70,0,14-3-29 13:52:6,1
U51LX00FGI,125.074,43.7407,1439614,23,70,0,14-3-29 13:52:39,1
U51LX00FGI,125.075,43.7392,1439616,18,70,0,14-3-29 13:53:12,1
U51LX00FGI,125.074,43.7379,1439618,12,110,0,14-3-29 13:53:52,1
U51LX00FGI,125.074,43.7379,1439618,0,0,0,14-3-29 13:54:2,1
U51LX00FGI,125.074,43.7379,1439618,0,0,0,14-3-29 13:54:7,1
U51LX00FGI,125.074,43.7379,1439618,0,0,0,14-3-29 13:54:52,1
U51LX00FGI,125.074,43.7379,1439618,0,0,0,14-3-29 13:55:52,1
U51LX00FGI,125.074,43.7379,1439618,0,0,0,14-3-29 13:56:52,1
U51LX00FGI,125.074,43.7379,1439618,0,0,0,14-3-29 13:57:52,1
U51LX00FGI,125.074,43.7379,1439618,0,0,0,14-3-29 13:58:13,1
U51LX00FGI,125.074,43.7379,1439618,0,0,0,14-3-29 13:58:52,1
U51LX00FGI,125.074,43.7379,1439618,0,0,0,14-3-29 13:59:52,1
U51LX00FGI,125.074,43.7379,1439618,0,0,0,14-3-29 14:0:52,1
U51LX00FGI,125.074,43.7379,1439618,0,0,0,14-3-29 14:1:52,1
U51LX00FGI,125.074,43.7379,1439618,0,0,0,14-3-29 14:2:52,1
U51LX00FGI,125.074,43.7379,1439618,0,0,0,14-3-29 14:3:14,1
U51LX00FGI,125.074,43.7379,1439618,0,0,0,14-3-29 14:3:52,1
U51LX00FGI,125.074,43.7379,1439618,0,0,0,14-3-29 14:4:52,1
U51LX00FGI,125.074,43.7379,1439618,0,0,0,14-3-29 14:5:52,1
U51LX00FGI,125.074,43.7379,1439618,0,0,0,14-3-29 14:6:52,1
U51LX00FGI,125.074,43.7379,1439618,0,0,0,14-3-29 14:7:52,1
U51LX00FGI,125.074,43.7379,1439618,0,0,0,14-3-29 14:8:15,1
U51LX00FGI,125.074,43.7379,1439618,0,0,0,14-3-29 14:8:52,1
U51LX00FGI,125.074,43.7379,1439618,0,0,0,14-3-29 14:9:52,1
U51LX00FGI,125.074,43.7379,1439618,0,0,0,14-3-29 14:10:52,1
U51LX00FGI,125.074,43.7379,1439618,0,0,0,14-3-29 14:11:52,1
U51LX00FGI,125.074,43.7379,1439618,0,0,0,14-3-29 14:12:52,1
U51LX00FGI,125.074,43.7379,1439618,0,0,0,14-3-29 14:13:16,1
U51LX00FGI,125.074,43.7379,1439618,0,0,0,14-3-29 14:13:52,1
U51LX00FGI,125.074,43.7379,1439618,0,0,0,14-3-29 14:14:52,1
U51LX00FGI,125.074,43.7379,1439618,0,0,0,14-3-29 14:15:52,1
U51LX00FGI,125.074,43.7379,1439618,0,0,0,14-3-29 14:16:52,1
U51LX00FGI,125.074,43.7379,1439618,0,0,0,14-3-29 14:17:52,1
U51LX00FGI,125.074,43.7379,1439618,0,0,0,14-3-29 14:18:17,1
U51LX00FGI,125.074,43.7379,1439618,0,0,0,14-3-29 14:18:52,1
U51LX00FGI,125.074,43.7379,1439618,0,0,0,14-3-29 14:19:52,1
U51LX00FGI,125.074,43.7379,1439618,0,0,0,14-3-29 14:21:53,1
U51LX00FGI,125.074,43.7379,1439618,0,0,0,14-3-29 14:22:53,1
U51LX00FGI,125.074,43.7379,1439618,0,0,0,14-3-29 14:23:19,1
U51LX00FGI,125.074,43.7379,1439618,0,0,0,14-3-29 14:23:53,1
U51LX00FGI,125.074,43.7379,1439618,0,0,0,14-3-29 14:24:33,1
U51LX00FGI,125.074,43.7377,1439618,4,95,0,14-3-29 14:24:53,1
U51LX00FGI,125.073,43.7372,1439619,4,90,0,14-3-29 14:25:53,1
U51LX00FGI,125.073,43.7368,1439620,2,115,0,14-3-29 14:26:53,1
U51LX00FGI,125.073,43.7368,1439620,0,45,0,14-3-29 14:27:53,1
U51LX00FGI,125.074,43.7369,1439620,2,50,0,14-3-29 14:28:20,1
U51LX00FGI,125.074,43.737,1439620,2,45,0,14-3-29 14:28:53,1
U51LX00FGI,125.074,43.7371,1439620,2,25,0,14-3-29 14:29:12,1
U51LX00FGI,125.074,43.737,1439620,0,0,0,14-3-29 14:30:12,1
U51LX00FGI,125.074,43.7368,1439621,0,60,0,14-3-29 14:31:12,1
U51LX00FGI,125.075,43.7365,1439621,4,55,0,14-3-29 14:32:12,1
U51LX00FGI,125.075,43.7367,1439621,0,130,0,14-3-29 14:33:12,1
U51LX00FGI,125.075,43.7367,1439621,0,135,0,14-3-29 14:33:21,0
U51LX00FGI,125.074,43.7366,1439621,2,120,0,14-3-29 14:33:50,1
U51LX00FGI,125.074,43.7366,1439621,0,120,0,14-3-29 14:34:12,1
U51LX00FGI,125.074,43.7366,1439621,0,160,0,14-3-29 14:35:12,1
U51LX00FGI,125.074,43.7366,1439621,0,160,0,14-3-29 14:36:12,1
U51LX00FGI,125.074,43.7366,1439621,0,160,0,14-3-29 14:37:12,1
U51LX00FGI,125.074,43.7366,1439621,0,160,0,14-3-29 14:38:12,1
U51LX00FGI,125.074,43.7366,1439621,0,160,0,14-3-29 14:38:22,1
U51LX00FGI,125.074,43.7366,1439621,0,160,0,14-3-29 14:39:12,1
U51LX00FGI,125.075,43.7365,1439622,0,75,0,14-3-29 14:40:12,1
U51LX00FGI,125.074,43.7368,1439622,0,65,0,14-3-29 14:41:12,1
U51LX00FGI,125.074,43.7368,1439622,0,65,0,14-3-29 14:42:12,1
U51LX00FGI,125.074,43.7368,1439622,0,65,0,14-3-29 14:43:12,1
U51LX00FGI,125.074,43.7368,1439622,0,65,0,14-3-29 14:43:23,1
U51LX00FGI,125.074,43.7368,1439622,0,65,0,14-3-29 14:44:12,1
U51LX00FGI,125.074,43.7368,1439622,0,65,0,14-3-29 14:45:12,1
U51LX00FGI,125.074,43.7368,1439622,0,65,0,14-3-29 14:46:12,1
U51LX00FGI,125.074,43.7368,1439622,0,65,0,14-3-29 14:47:12,1
U51LX00FGI,125.074,43.7368,1439622,0,65,0,14-3-29 14:48:12,1
U51LX00FGI,125.074,43.7368,1439622,0,65,0,14-3-29 14:48:24,1
U51LX00FGI,125.074,43.7368,1439622,0,65,0,14-3-29 14:49:12,1
U51LX00FGI,125.075,43.7364,1439622,0,95,0,14-3-29 14:50:12,1
U51LX00FGI,125.075,43.7364,1439622,0,95,0,14-3-29 14:51:12,1
U51LX00FGI,125.074,43.7364,1439622,0,10,0,14-3-29 14:52:13,1
U51LX00FGI,125.075,43.7364,1439622,0,25,0,14-3-29 14:53:13,1
U51LX00FGI,125.075,43.7364,1439622,0,25,0,14-3-29 14:53:26,1
U51LX00FGI,125.075,43.7364,1439622,0,25,0,14-3-29 14:54:13,1
U51LX00FGI,125.075,43.7364,1439622,0,25,0,14-3-29 14:55:13,1
U51LX00FGI,125.075,43.7364,1439622,0,25,0,14-3-29 14:56:13,1
U51LX00FGI,125.075,43.7366,1439622,0,0,0,14-3-29 14:57:13,1
U51LX00FGI,125.075,43.7366,1439622,0,0,0,14-3-29 14:58:13,1
U51LX00FGI,125.075,43.7366,1439622,0,0,0,14-3-29 14:58:27,1
U51LX00FGI,125.075,43.7366,1439622,0,0,0,14-3-29 14:59:13,1
U51LX00FGI,125.075,43.7366,1439622,0,0,0,14-3-29 15:0:13,1
U51LX00FGI,125.075,43.7366,1439622,0,0,0,14-3-29 15:1:13,1
U51LX00FGI,125.075,43.7366,1439622,0,0,0,14-3-29 15:2:13,1
U51LX00FGI,125.075,43.7366,1439622,0,0,0,14-3-29 15:3:13,1
U51LX00FGI,125.075,43.7366,1439622,0,0,0,14-3-29 15:3:28,1
U51LX00FGI,125.075,43.7366,1439622,0,0,0,14-3-29 15:4:13,1
U51LX00FGI,125.075,43.7366,1439622,0,170,0,14-3-29 15:5:13,1
U51LX00FGI,125.075,43.7366,1439622,0,170,0,14-3-29 15:6:13,1
U51LX00FGI,125.075,43.7366,1439622,0,170,0,14-3-29 15:7:13,1
U51LX00FGI,125.075,43.7366,1439622,0,170,0,14-3-29 15:8:13,1
U51LX00FGI,125.075,43.7366,1439622,0,170,0,14-3-29 15:8:29,1
U51LX00FGI,125.075,43.7366,1439622,0,170,0,14-3-29 15:9:13,1
U51LX00FGI,125.075,43.7364,1439622,0,170,0,14-3-29 15:10:13,1
U51LX00FGI,125.075,43.7364,1439622,0,170,0,14-3-29 15:11:13,1
U51LX00FGI,125.075,43.7364,1439622,0,170,0,14-3-29 15:12:13,1
U51LX00FGI,125.075,43.7364,1439622,0,170,0,14-3-29 15:13:13,1
U51LX00FGI,125.075,43.7364,1439622,0,170,0,14-3-29 15:13:34,1
U51LX00FGI,125.075,43.7364,1439622,0,170,0,14-3-29 15:14:13,1
U51LX00FGI,125.075,43.7364,1439622,0,170,0,14-3-29 15:15:13,1
U51LX00FGI,125.075,43.7364,1439622,0,170,0,14-3-29 15:16:13,1
U51LX00FGI,125.075,43.7364,1439622,0,170,0,14-3-29 15:17:13,1
U51LX00FGI,125.075,43.7364,1439622,0,170,0,14-3-29 15:18:13,1
U51LX00FGI,125.075,43.7364,1439622,0,170,0,14-3-29 15:18:35,1
U51LX00FGI,125.075,43.7364,1439622,0,170,0,14-3-29 15:19:13,1
U51LX00FGI,125.075,43.7361,1439623,0,5,0,14-3-29 15:20:13,1
U51LX00FGI,125.075,43.7361,1439623,0,5,0,14-3-29 15:21:13,1
U51LX00FGI,125.075,43.7361,1439623,0,5,0,14-3-29 15:22:14,1
U51LX00FGI,125.075,43.7361,1439623,0,5,0,14-3-29 15:23:14,1
U51LX00FGI,125.075,43.7361,1439623,0,5,0,14-3-29 15:23:37,1
U51LX00FGI,125.075,43.7361,1439623,0,5,0,14-3-29 15:24:14,1
U51LX00FGI,125.075,43.7361,1439623,0,5,0,14-3-29 15:25:14,1
U51LX00FGI,125.075,43.7361,1439623,0,5,0,14-3-29 15:26:14,1
U51LX00FGI,125.075,43.7361,1439623,0,5,0,14-3-29 15:27:14,1
U51LX00FGI,125.075,43.7361,1439623,0,5,0,14-3-29 15:28:14,1
U51LX00FGI,125.075,43.7361,1439623,0,5,0,14-3-29 15:28:38,1
U51LX00FGI,125.075,43.7361,1439623,0,5,0,14-3-29 15:29:14,1
U51LX00FGI,125.075,43.7361,1439623,0,5,0,14-3-29 15:30:14,1
U51LX00FGI,125.075,43.7361,1439623,0,5,0,14-3-29 15:31:14,1
U51LX00FGI,125.075,43.7361,1439623,0,5,0,14-3-29 15:32:14,1
U51LX00FGI,125.075,43.7361,1439623,0,5,0,14-3-29 15:33:14,1
U51LX00FGI,125.075,43.7361,1439623,0,5,0,14-3-29 15:33:39,1
U51LX00FGI,125.075,43.7361,1439623,0,5,0,14-3-29 15:34:14,1
U51LX00FGI,125.075,43.7361,1439623,0,5,0,14-3-29 15:35:14,1
U51LX00FGI,125.075,43.7361,1439623,0,5,0,14-3-29 15:36:14,1
U51LX00FGI,125.075,43.7361,1439623,0,5,0,14-3-29 15:37:14,1
U51LX00FGI,125.075,43.7361,1439623,0,5,0,14-3-29 15:38:14,1
U51LX00FGI,125.075,43.7361,1439623,0,5,0,14-3-29 15:38:40,1
U51LX00FGI,125.075,43.7361,1439623,0,5,0,14-3-29 15:39:14,1
U51LX00FGI,125.075,43.7361,1439623,0,5,0,14-3-29 15:40:14,1
U51LX00FGI,125.075,43.7361,1439623,0,5,0,14-3-29 15:41:14,1
U51LX00FGI,125.075,43.7361,1439623,0,5,0,14-3-29 15:42:14,1
U51LX00FGI,125.075,43.7361,1439623,0,5,0,14-3-29 15:43:14,1
U51LX00FGI,125.075,43.7361,1439623,0,5,0,14-3-29 15:43:41,1
U51LX00FGI,125.075,43.7366,1439623,0,105,0,14-3-29 15:44:14,1
U51LX00FGI,125.075,43.7366,1439623,0,105,0,14-3-29 15:45:14,1
U51LX00FGI,125.075,43.7366,1439623,0,105,0,14-3-29 15:46:14,1
U51LX00FGI,125.075,43.7366,1439623,0,105,0,14-3-29 15:47:14,1
U51LX00FGI,125.075,43.7366,1439623,0,105,0,14-3-29 15:48:14,1
U51LX00FGI,125.075,43.7363,1439623,0,55,0,14-3-29 15:48:42,1
U51LX00FGI,125.075,43.736,1439624,0,65,0,14-3-29 15:49:14,1
U51LX00FGI,125.075,43.736,1439624,0,65,0,14-3-29 15:50:14,1
U51LX00FGI,125.075,43.7363,1439624,0,70,0,14-3-29 15:51:14,1
U51LX00FGI,125.075,43.7363,1439624,0,70,0,14-3-29 15:52:14,1
U51LX00FGI,125.075,43.7363,1439624,0,70,0,14-3-29 15:53:15,1
U51LX00FGI,125.075,43.7363,1439624,0,70,0,14-3-29 15:53:44,1
U51LX00FGI,125.075,43.7363,1439624,0,70,0,14-3-29 15:54:15,1
U51LX00FGI,125.075,43.7363,1439624,0,70,0,14-3-29 15:55:15,1
U51LX00FGI,125.075,43.7363,1439624,0,70,0,14-3-29 15:56:15,1
U51LX00FGI,125.075,43.7363,1439624,0,70,0,14-3-29 15:56:41,1
U51LX00FGI,125.074,43.7362,1439624,0,100,0,14-3-29 15:57:15,1
U51LX00FGI,125.074,43.7367,1439624,0,25,0,14-3-29 15:58:15,1
U51LX00FGI,125.074,43.7367,1439625,2,105,0,14-3-29 15:58:45,1
U51LX00FGI,125.074,43.7365,1439625,0,0,0,14-3-29 15:59:15,1
U51LX00FGI,125.074,43.737,1439625,0,55,0,14-3-29 16:0:15,1
U51LX00FGI,125.074,43.7367,1439625,2,100,0,14-3-29 16:1:15,1
U51LX00FGI,125.074,43.737,1439625,0,165,0,14-3-29 16:2:15,1
U51LX00FGI,125.074,43.7371,1439625,0,145,0,14-3-29 16:3:15,1
U51LX00FGI,125.074,43.7369,1439625,2,135,0,14-3-29 16:3:46,1
U51LX00FGI,125.074,43.7368,1439625,0,80,0,14-3-29 16:4:15,1
U51LX00FGI,125.074,43.7367,1439625,0,75,0,14-3-29 16:4:28,1
U51LX00FGI,125.074,43.7367,1439625,0,75,0,14-3-29 16:5:15,1
U51LX00FGI,125.074,43.7371,1439625,0,35,0,14-3-29 16:6:15,1
U51LX00FGI,125.074,43.7371,1439625,0,35,0,14-3-29 16:7:15,1
U51LX00FGI,125.074,43.7371,1439625,0,35,0,14-3-29 16:8:15,1
U51LX00FGI,125.074,43.7371,1439625,0,35,0,14-3-29 16:8:47,1
U51LX00FGI,125.074,43.7371,1439625,0,35,0,14-3-29 16:9:15,1
U51LX00FGI,125.074,43.7371,1439625,0,35,0,14-3-29 16:10:15,1
U51LX00FGI,125.074,43.7366,1439626,0,120,0,14-3-29 16:10:55,1
U51LX00FGI,125.074,43.7367,1439626,0,160,0,14-3-29 16:11:15,1
U51LX00FGI,125.074,43.737,1439626,0,140,0,14-3-29 16:11:49,1
U51LX00FGI,125.074,43.737,1439626,0,140,0,14-3-29 16:12:15,1
U51LX00FGI,125.074,43.737,1439626,0,140,0,14-3-29 16:13:15,1
U51LX00FGI,125.074,43.737,1439626,0,140,0,14-3-29 16:13:48,1
U51LX00FGI,125.074,43.737,1439626,0,140,0,14-3-29 16:14:15,1
U51LX00FGI,125.074,43.737,1439626,0,140,0,14-3-29 16:15:15,1
U51LX00FGI,125.074,43.737,1439626,0,140,0,14-3-29 16:16:15,1
U51LX00FGI,125.074,43.737,1439626,0,140,0,14-3-29 16:17:15,1
U51LX00FGI,125.074,43.737,1439626,0,140,0,14-3-29 16:18:15,1
U51LX00FGI,125.074,43.737,1439626,0,140,0,14-3-29 16:18:49,1
U51LX00FGI,125.074,43.737,1439626,0,140,0,14-3-29 16:19:15,1
U51LX00FGI,125.074,43.737,1439626,0,140,0,14-3-29 16:20:15,1
U51LX00FGI,125.074,43.737,1439626,0,140,0,14-3-29 16:21:15,1
U51LX00FGI,125.074,43.737,1439626,0,140,0,14-3-29 16:22:15,1
U51LX00FGI,125.074,43.737,1439626,0,140,0,14-3-29 16:23:15,1
U51LX00FGI,125.074,43.737,1439626,0,140,0,14-3-29 16:23:52,1
U51LX00FGI,125.074,43.737,1439626,0,140,0,14-3-29 16:24:16,1
U51LX00FGI,125.074,43.737,1439626,0,140,0,14-3-29 16:25:16,1
U51LX00FGI,125.074,43.737,1439626,0,140,0,14-3-29 16:26:16,1
U51LX00FGI,125.074,43.737,1439626,0,140,0,14-3-29 16:27:16,1
U51LX00FGI,125.074,43.737,1439626,0,140,0,14-3-29 16:28:16,1
U51LX00FGI,125.074,43.737,1439626,0,140,0,14-3-29 16:28:53,1
U51LX00FGI,125.074,43.737,1439626,0,140,0,14-3-29 16:29:16,1
U51LX00FGI,125.074,43.737,1439626,0,140,0,14-3-29 16:30:16,1
U51LX00FGI,125.074,43.737,1439626,0,140,0,14-3-29 16:31:16,1
U51LX00FGI,125.074,43.737,1439626,0,140,0,14-3-29 16:32:16,1
U51LX00FGI,125.074,43.737,1439626,0,140,0,14-3-29 16:33:16,1
U51LX00FGI,125.074,43.737,1439626,0,140,0,14-3-29 16:33:54,1
U51LX00FGI,125.074,43.737,1439626,0,140,0,14-3-29 16:34:16,1
U51LX00FGI,125.074,43.737,1439626,0,140,0,14-3-29 16:35:16,1
U51LX00FGI,125.074,43.737,1439626,0,140,0,14-3-29 16:36:16,1
U51LX00FGI,125.074,43.737,1439626,0,140,0,14-3-29 16:37:16,1
U51LX00FGI,125.074,43.737,1439626,0,140,0,14-3-29 16:38:16,1
U51LX00FGI,125.074,43.737,1439626,0,140,0,14-3-29 16:38:55,1
U51LX00FGI,125.074,43.737,1439626,0,140,0,14-3-29 16:39:16,1
U51LX00FGI,125.074,43.737,1439626,0,140,0,14-3-29 16:40:16,1
U51LX00FGI,125.074,43.737,1439626,0,140,0,14-3-29 16:41:16,1
U51LX00FGI,125.074,43.737,1439626,0,140,0,14-3-29 16:42:16,1
U51LX00FGI,125.074,43.737,1439626,0,140,0,14-3-29 16:43:16,1
U51LX00FGI,125.074,43.737,1439626,0,140,0,14-3-29 16:43:56,1
U51LX00FGI,125.074,43.737,1439626,0,140,0,14-3-29 16:44:16,1
U51LX00FGI,125.074,43.737,1439626,0,140,0,14-3-29 16:45:16,1
U51LX00FGI,125.074,43.737,1439626,0,140,0,14-3-29 16:46:16,1
U51LX00FGI,125.074,43.737,1439626,0,140,0,14-3-29 16:47:16,1
U51LX00FGI,125.074,43.737,1439626,0,140,0,14-3-29 16:48:16,1
U51LX00FGI,125.074,43.737,1439626,0,140,0,14-3-29 16:48:57,1
U51LX00FGI,125.074,43.737,1439626,0,140,0,14-3-29 16:49:16,1
U51LX00FGI,125.074,43.737,1439626,0,140,0,14-3-29 16:50:16,1
U51LX00FGI,125.074,43.737,1439626,0,140,0,14-3-29 16:51:16,1
U51LX00FGI,125.074,43.737,1439626,0,140,0,14-3-29 16:52:16,1
U51LX00FGI,125.074,43.737,1439626,0,140,0,14-3-29 16:53:18,1
U51LX00FGI,125.074,43.737,1439626,0,140,0,14-3-29 16:53:59,1
U51LX00FGI,125.074,43.737,1439626,0,140,0,14-3-29 16:54:17,1
U51LX00FGI,125.074,43.737,1439626,0,140,0,14-3-29 16:55:17,1
U51LX00FGI,125.074,43.737,1439626,0,140,0,14-3-29 16:56:17,1
U51LX00FGI,125.074,43.737,1439626,0,140,0,14-3-29 16:57:17,1
U51LX00FGI,125.074,43.737,1439626,0,140,0,14-3-29 16:58:17,1
U51LX00FGI,125.074,43.737,1439626,0,140,0,14-3-29 16:59:0,1
U51LX00FGI,125.074,43.737,1439626,0,140,0,14-3-29 16:59:17,1
U51LX00FGI,125.074,43.737,1439626,0,140,0,14-3-29 17:0:17,1
U51LX00FGI,125.074,43.737,1439626,0,140,0,14-3-29 17:1:17,1
U51LX00FGI,125.074,43.737,1439626,0,140,0,14-3-29 17:2:17,1
U51LX00FGI,125.074,43.737,1439626,0,140,0,14-3-29 17:3:17,1
U51LX00FGI,125.074,43.7371,1439626,4,70,0,14-3-29 17:3:49,1
U51LX00FGI,125.074,43.737,1439626,2,115,0,14-3-29 17:4:1,1
U51LX00FGI,125.073,43.737,1439627,4,165,0,14-3-29 17:4:49,1
U51LX00FGI,125.073,43.7374,1439627,2,10,0,14-3-29 17:5:49,1
U51LX00FGI,125.073,43.7374,1439627,0,0,0,14-3-29 17:6:12,1
U51LX00FGI,125.073,43.7374,1439627,0,0,0,14-3-29 17:6:49,1
U51LX00FGI,125.073,43.7374,1439627,0,0,0,14-3-29 17:7:49,1
U51LX00FGI,125.073,43.7374,1439627,0,0,0,14-3-29 17:8:49,1
U51LX00FGI,125.073,43.7374,1439627,0,0,0,14-3-29 17:9:2,1
U51LX00FGI,125.073,43.7374,1439627,0,0,0,14-3-29 17:9:49,1
U51LX00FGI,125.073,43.7374,1439627,0,0,0,14-3-29 17:10:49,1
U51LX00FGI,125.073,43.7374,1439627,0,0,0,14-3-29 17:11:49,1
U51LX00FGI,125.073,43.7374,1439627,0,0,0,14-3-29 17:12:49,1
U51LX00FGI,125.073,43.7374,1439627,0,0,0,14-3-29 17:13:49,1
U51LX00FGI,125.073,43.7374,1439627,0,0,0,14-3-29 17:14:3,1
U51LX00FGI,125.073,43.7374,1439627,0,0,0,14-3-29 17:14:49,1
U51LX00FGI,125.073,43.7374,1439627,0,0,0,14-3-29 17:15:49,1
U51LX00FGI,125.073,43.7374,1439627,0,0,0,14-3-29 17:16:49,1
U51LX00FGI,125.073,43.7374,1439627,0,0,0,14-3-29 17:17:49,1
U51LX00FGI,125.073,43.7374,1439627,0,0,0,14-3-29 17:18:49,1
U51LX00FGI,125.073,43.7374,1439627,0,0,0,14-3-29 17:19:4,1
U51LX00FGI,125.073,43.7374,1439627,0,0,0,14-3-29 17:19:49,1
U51LX00FGI,125.073,43.7374,1439627,0,0,0,14-3-29 17:20:49,1
U51LX00FGI,125.073,43.7374,1439627,0,0,0,14-3-29 17:21:49,1
U51LX00FGI,125.073,43.7374,1439627,0,0,0,14-3-29 17:22:50,1
U51LX00FGI,125.073,43.7374,1439627,0,0,0,14-3-29 17:23:50,1
U51LX00FGI,125.073,43.7374,1439627,0,0,0,14-3-29 17:24:6,1
U51LX00FGI,125.073,43.7374,1439627,0,0,0,14-3-29 17:24:50,1
U51LX00FGI,125.073,43.7374,1439627,0,0,0,14-3-29 17:25:50,1
U51LX00FGI,125.073,43.7374,1439627,0,0,0,14-3-29 17:26:50,1
U51LX00FGI,125.073,43.7374,1439627,0,0,0,14-3-29 17:27:50,1
U51LX00FGI,125.073,43.7374,1439627,0,0,0,14-3-29 17:28:50,1
U51LX00FGI,125.073,43.7374,1439627,0,0,0,14-3-29 17:29:7,1
U51LX00FGI,125.073,43.7374,1439627,0,0,0,14-3-29 17:29:50,1
U51LX00FGI,125.073,43.7374,1439627,0,0,0,14-3-29 17:30:50,1
U51LX00FGI,125.073,43.7374,1439627,0,0,0,14-3-29 17:31:50,1
U51LX00FGI,125.073,43.7374,1439627,0,0,0,14-3-29 17:32:50,1
U51LX00FGI,125.073,43.7374,1439627,0,0,0,14-3-29 17:33:50,1
U51LX00FGI,125.073,43.7374,1439627,0,0,0,14-3-29 17:34:8,1
U51LX00FGI,125.073,43.7374,1439627,0,0,0,14-3-29 17:34:50,1
U51LX00FGI,125.073,43.7374,1439627,0,0,0,14-3-29 17:35:50,1
U51LX00FGI,125.073,43.7374,1439627,0,0,0,14-3-29 17:36:50,1
U51LX00FGI,125.073,43.7374,1439627,0,0,0,14-3-29 17:37:50,1
U51LX00FGI,125.073,43.7374,1439627,0,0,0,14-3-29 17:38:50,1
U51LX00FGI,125.073,43.7374,1439627,0,0,0,14-3-29 17:39:9,1
U51LX00FGI,125.073,43.7374,1439627,0,0,0,14-3-29 17:39:50,1
U51LX00FGI,125.073,43.7374,1439627,0,0,0,14-3-29 17:40:50,1
U51LX00FGI,125.073,43.7374,1439627,0,0,0,14-3-29 17:41:50,1
U51LX00FGI,125.073,43.7374,1439627,0,0,0,14-3-29 17:42:50,1
U51LX00FGI,125.073,43.7374,1439627,0,0,0,14-3-29 17:43:50,1
U51LX00FGI,125.073,43.7374,1439627,0,0,0,14-3-29 17:44:10,1
U51LX00FGI,125.073,43.7374,1439627,0,0,0,14-3-29 17:44:50,1
U51LX00FGI,125.073,43.7374,1439627,0,0,0,14-3-29 17:45:50,1
U51LX00FGI,125.073,43.7374,1439627,0,0,0,14-3-29 17:46:50,1
U51LX00FGI,125.073,43.7374,1439627,0,0,0,14-3-29 17:47:50,1
U51LX00FGI,125.073,43.7374,1439627,0,0,0,14-3-29 17:48:50,1
U51LX00FGI,125.073,43.7374,1439627,0,0,0,14-3-29 17:49:11,1
U51LX00FGI,125.073,43.7374,1439627,0,0,0,14-3-29 17:49:50,1
U51LX00FGI,125.073,43.7374,1439627,0,0,0,14-3-29 17:50:50,1
U51LX00FGI,125.073,43.7374,1439627,0,0,0,14-3-29 17:51:50,1
U51LX00FGI,125.073,43.7374,1439627,0,0,0,14-3-29 17:52:50,1
U51LX00FGI,125.073,43.7374,1439627,0,0,0,14-3-29 17:53:51,1
U51LX00FGI,125.073,43.7374,1439627,0,0,0,14-3-29 17:54:25,1
U51LX00FGI,125.073,43.7374,1439627,0,0,0,14-3-29 17:54:51,1
U51LX00FGI,125.073,43.7374,1439627,0,0,0,14-3-29 17:55:51,1
U51LX00FGI,125.073,43.7374,1439627,0,0,0,14-3-29 17:56:51,1
U51LX00FGI,125.073,43.7374,1439627,0,0,0,14-3-29 17:57:51,1
U51LX00FGI,125.073,43.7374,1439627,0,0,0,14-3-29 17:58:51,1
U51LX00FGI,125.073,43.7374,1439627,0,0,0,14-3-29 17:59:26,1
U51LX00FGI,125.073,43.7374,1439627,0,0,0,14-3-29 17:59:51,1
U51LX00FGI,125.073,43.7374,1439627,0,0,0,14-3-29 18:0:51,1
U51LX00FGI,125.073,43.7374,1439627,0,0,0,14-3-29 18:1:51,1
U51LX00FGI,125.073,43.7374,1439627,0,0,0,14-3-29 18:2:51,1
U51LX00FGI,125.073,43.7374,1439627,0,0,0,14-3-29 18:3:51,1
U51LX00FGI,125.073,43.7374,1439627,0,0,0,14-3-29 18:4:27,1
U51LX00FGI,125.073,43.7374,1439627,0,0,0,14-3-29 18:4:51,1
U51LX00FGI,125.073,43.7374,1439627,0,0,0,14-3-29 18:5:51,1
U51LX00FGI,125.073,43.7374,1439627,0,0,0,14-3-29 18:6:51,1
U51LX00FGI,125.073,43.7374,1439627,0,0,0,14-3-29 18:7:51,1
U51LX00FGI,125.073,43.7374,1439627,0,0,0,14-3-29 18:8:51,1
U51LX00FGI,125.073,43.7374,1439627,0,0,0,14-3-29 18:9:28,1
U51LX00FGI,125.073,43.7374,1439627,0,0,0,14-3-29 18:9:51,1
U51LX00FGI,125.073,43.7374,1439627,0,0,0,14-3-29 18:10:51,1
U51LX00FGI,125.073,43.7374,1439627,0,0,0,14-3-29 18:11:51,1
U51LX00FGI,125.073,43.7374,1439627,0,0,0,14-3-29 18:12:51,1
U51LX00FGI,125.073,43.7374,1439627,0,0,0,14-3-29 18:13:51,1
U51LX00FGI,125.073,43.7374,1439627,0,0,0,14-3-29 18:14:29,1
U51LX00FGI,125.073,43.7374,1439627,0,0,0,14-3-29 18:14:51,1
U51LX00FGI,125.073,43.7374,1439627,0,0,0,14-3-29 18:15:51,1
U51LX00FGI,125.073,43.7374,1439627,0,0,0,14-3-29 18:16:51,1
U51LX00FGI,125.073,43.7374,1439627,0,0,0,14-3-29 18:17:51,1
U51LX00FGI,125.073,43.7374,1439627,0,0,0,14-3-29 18:18:51,1
U51LX00FGI,125.073,43.7374,1439627,0,0,0,14-3-29 18:19:30,1
U51LX00FGI,125.073,43.7374,1439627,0,0,0,14-3-29 18:19:51,1
U51LX00FGI,125.073,43.7374,1439627,0,0,0,14-3-29 18:20:24,1
U51LX00FGI,125.073,43.7374,1439627,0,5,0,14-3-29 18:20:51,1
U51LX00FGI,125.074,43.738,1439628,12,20,0,14-3-29 18:21:51,1
U51LX00FGI,125.075,43.7389,1439630,0,0,0,14-3-29 18:22:50,1
U51LX00FGI,125.075,43.7394,1439630,12,160,0,14-3-29 18:23:19,1
U51LX00FGI,125.074,43.7408,1439632,18,160,0,14-3-29 18:24:6,1
U51LX00FGI,125.073,43.7417,1439633,16,160,0,14-3-29 18:24:32,1
U51LX00FGI,125.072,43.7424,1439634,14,160,0,14-3-29 18:24:54,1
U51LX00FGI,125.071,43.7433,1439635,0,0,0,14-3-29 18:25:54,1
U51LX00FGI,125.071,43.7433,1439635,0,0,0,14-3-29 18:26:54,1
U51LX00FGI,125.071,43.7433,1439635,0,0,0,14-3-29 18:27:39,1
U51LX00FGI,125.071,43.7433,1439635,0,0,0,14-3-29 18:27:54,1
U51LX00FGI,125.071,43.7436,1439636,2,175,0,14-3-29 18:28:54,1
U51LX00FGI,125.071,43.7434,1439636,2,75,0,14-3-29 18:29:33,1
U51LX00FGI,125.071,43.7434,1439636,0,100,0,14-3-29 18:29:54,1
U51LX00FGI,125.071,43.7434,1439636,4,30,0,14-3-29 18:30:7,1
U51LX00FGI,125.072,43.7437,1439637,2,25,0,14-3-29 18:31:7,1
U51LX00FGI,125.072,43.7438,1439637,0,0,0,14-3-29 18:32:7,1
U51LX00FGI,125.072,43.7438,1439637,0,0,0,14-3-29 18:33:7,1
U51LX00FGI,125.072,43.7437,1439637,2,130,0,14-3-29 18:34:7,1
U51LX00FGI,125.072,43.7438,1439637,0,25,0,14-3-29 18:34:34,1
U51LX00FGI,125.072,43.7438,1439637,0,155,0,14-3-29 18:35:7,1
U51LX00FGI,125.072,43.7438,1439637,0,0,0,14-3-29 18:36:7,1
U51LX00FGI,125.072,43.7438,1439637,0,10,0,14-3-29 18:37:7,1
U51LX00FGI,125.072,43.7438,1439637,0,25,0,14-3-29 18:38:7,1
U51LX00FGI,125.072,43.7438,1439637,0,0,0,14-3-29 18:39:7,1
U51LX00FGI,125.072,43.7438,1439637,0,25,0,14-3-29 18:39:35,1
U51LX00FGI,125.072,43.7438,1439637,0,0,0,14-3-29 18:40:7,1
U51LX00FGI,125.072,43.7438,1439637,0,30,0,14-3-29 18:40:59,1
U51LX00FGI,125.072,43.7438,1439637,0,25,0,14-3-29 18:41:7,1
U51LX00FGI,125.071,43.7436,1439637,2,90,0,14-3-29 18:42:7,1
U51LX00FGI,125.071,43.7436,1439637,0,40,0,14-3-29 18:43:7,1
U51LX00FGI,125.071,43.7436,1439637,0,35,0,14-3-29 18:43:20,1
U51LX00FGI,125.071,43.7433,1439637,4,90,0,14-3-29 18:44:7,1
U51LX00FGI,125.071,43.7431,1439638,4,65,0,14-3-29 18:44:36,1
U51LX00FGI,125.071,43.7429,1439638,0,0,0,14-3-29 18:45:7,1
U51LX00FGI,125.071,43.7429,1439638,0,0,0,14-3-29 18:46:7,1
U51LX00FGI,125.072,43.7429,1439638,0,45,0,14-3-29 18:47:7,1
U51LX00FGI,125.072,43.743,1439638,0,0,0,14-3-29 18:48:7,1
U51LX00FGI,125.072,43.7429,1439638,4,65,0,14-3-29 18:49:7,1
U51LX00FGI,125.072,43.7428,1439638,10,70,0,14-3-29 18:49:16,1
U51LX00FGI,125.072,43.7422,1439639,14,70,0,14-3-29 18:49:37,1
U51LX00FGI,125.073,43.7413,1439640,21,70,0,14-3-29 18:50:6,1
U51LX00FGI,125.075,43.7398,1439642,23,70,0,14-3-29 18:50:36,1
U51LX00FGI,125.076,43.7384,1439644,25,70,0,14-3-29 18:51:5,1
U51LX00FGI,125.078,43.7369,1439646,27,70,0,14-3-29 18:51:32,1
U51LX00FGI,125.079,43.7355,1439648,25,70,0,14-3-29 18:51:59,1
U51LX00FGI,125.08,43.734,1439650,27,70,0,14-3-29 18:52:26,1
U51LX00FGI,125.082,43.7326,1439652,27,70,0,14-3-29 18:52:56,1
U51LX00FGI,125.083,43.7312,1439654,25,70,0,14-3-29 18:53:22,1
U51LX00FGI,125.085,43.7297,1439656,21,70,0,14-3-29 18:53:51,1
U51LX00FGI,125.086,43.7283,1439658,14,70,0,14-3-29 18:54:40,1
U51LX00FGI,125.088,43.7268,1439660,16,70,0,14-3-29 18:55:27,1
U51LX00FGI,125.089,43.7253,1439662,16,70,0,14-3-29 18:56:26,1
U51LX00FGI,125.091,43.7238,1439664,12,70,0,14-3-29 18:57:24,1
U51LX00FGI,125.092,43.7223,1439666,10,70,0,14-3-29 18:58:26,1
U51LX00FGI,125.092,43.7222,1439666,0,0,0,14-3-29 18:58:42,1
U51LX00FGI,125.092,43.7222,1439666,0,0,0,14-3-29 18:58:44,1
U51LX00FGI,125.092,43.7222,1439666,0,0,0,14-3-29 18:59:26,1
U51LX00FGI,125.092,43.7222,1439666,0,0,0,14-3-29 18:59:40,1
U51LX00FGI,125.092,43.7222,1439666,0,0,0,14-3-29 19:0:26,1
U51LX00FGI,125.092,43.7222,1439666,0,0,0,14-3-29 19:1:26,1
U51LX00FGI,125.092,43.7222,1439666,0,0,0,14-3-29 19:2:26,1
U51LX00FGI,125.092,43.7222,1439666,0,0,0,14-3-29 19:3:26,1
U51LX00FGI,125.092,43.7222,1439666,0,0,0,14-3-29 19:4:26,1
U51LX00FGI,125.092,43.7222,1439666,0,0,0,14-3-29 19:4:41,1
U51LX00FGI,125.092,43.7222,1439666,0,0,0,14-3-29 19:5:26,1
U51LX00FGI,125.092,43.7222,1439666,0,0,0,14-3-29 19:6:26,1
U51LX00FGI,125.092,43.7222,1439666,0,0,0,14-3-29 19:7:26,1
U51LX00FGI,125.092,43.7222,1439666,0,0,0,14-3-29 19:8:26,1
U51LX00FGI,125.092,43.7222,1439666,0,0,0,14-3-29 19:9:26,1
U51LX00FGI,125.092,43.7222,1439666,0,0,0,14-3-29 19:9:42,1
U51LX00FGI,125.092,43.7222,1439666,0,0,0,14-3-29 19:10:26,1
U51LX00FGI,125.092,43.7222,1439666,0,0,0,14-3-29 19:11:26,1
U51LX00FGI,125.092,43.7222,1439666,0,0,0,14-3-29 19:12:26,1
U51LX00FGI,125.092,43.7222,1439666,0,0,0,14-3-29 19:13:26,1
U51LX00FGI,125.092,43.7222,1439666,0,0,0,14-3-29 19:14:26,1
U51LX00FGI,125.092,43.7222,1439666,0,0,0,14-3-29 19:14:43,1
U51LX00FGI,125.092,43.7222,1439666,0,0,0,14-3-29 19:15:26,1
U51LX00FGI,125.092,43.7222,1439666,0,0,0,14-3-29 19:16:26,1
U51LX00FGI,125.092,43.7222,1439666,0,0,0,14-3-29 19:17:26,1
U51LX00FGI,125.092,43.7222,1439666,0,0,0,14-3-29 19:18:26,1
U51LX00FGI,125.092,43.7222,1439666,0,0,0,14-3-29 19:19:26,1
U51LX00FGI,125.092,43.7222,1439666,0,0,0,14-3-29 19:19:44,1
U51LX00FGI,125.092,43.7222,1439666,0,0,0,14-3-29 19:20:26,1
U51LX00FGI,125.092,43.7222,1439666,0,0,0,14-3-29 19:21:26,1
U51LX00FGI,125.092,43.7222,1439666,0,0,0,14-3-29 19:22:26,1
U51LX00FGI,125.092,43.7222,1439666,0,0,0,14-3-29 19:23:27,1
U51LX00FGI,125.092,43.7222,1439666,0,0,0,14-3-29 19:24:27,1
U51LX00FGI,125.092,43.7222,1439666,0,0,0,14-3-29 19:24:46,1
U51LX00FGI,125.092,43.7222,1439666,0,0,0,14-3-29 19:25:27,1
U51LX00FGI,125.092,43.7222,1439666,0,0,0,14-3-29 19:26:27,1
U51LX00FGI,125.092,43.7222,1439666,0,0,0,14-3-29 19:27:27,1
U51LX00FGI,125.092,43.7222,1439666,0,0,0,14-3-29 19:28:27,1
U51LX00FGI,125.092,43.7222,1439666,0,0,0,14-3-29 19:29:27,1
U51LX00FGI,125.092,43.7222,1439666,0,0,0,14-3-29 19:29:47,1
U51LX00FGI,125.092,43.7222,1439666,0,0,0,14-3-29 19:30:27,1
U51LX00FGI,125.092,43.7222,1439666,0,0,0,14-3-29 19:30:39,1
U51LX00FGI,125.092,43.7221,1439666,0,0,0,14-3-29 19:31:27,1
U51LX00FGI,125.092,43.7221,1439666,0,0,0,14-3-29 19:32:27,1
U51LX00FGI,125.094,43.7206,1439668,19,70,0,14-3-29 19:33:36,1
U51LX00FGI,125.095,43.719,1439670,23,70,0,14-3-29 19:34:7,1
U51LX00FGI,125.096,43.7175,1439672,27,70,0,14-3-29 19:34:35,1
U51LX00FGI,125.097,43.7167,1439673,31,70,0,14-3-29 19:34:48,1
U51LX00FGI,125.097,43.716,1439674,35,70,0,14-3-29 19:34:58,1
U51LX00FGI,125.099,43.7145,1439676,39,70,0,14-3-29 19:35:16,1
U51LX00FGI,125.1,43.713,1439678,39,70,0,14-3-29 19:35:33,1
U51LX00FGI,125.101,43.7115,1439680,37,70,0,14-3-29 19:35:53,1
U51LX00FGI,125.103,43.7101,1439682,39,70,0,14-3-29 19:36:11,1
U51LX00FGI,125.104,43.7086,1439684,41,70,0,14-3-29 19:36:29,1
U51LX00FGI,125.105,43.7071,1439686,45,70,0,14-3-29 19:36:45,1
U51LX00FGI,125.107,43.7056,1439688,47,70,0,14-3-29 19:37:0,1
U51LX00FGI,125.108,43.704,1439690,39,70,0,14-3-29 19:37:17,1
U51LX00FGI,125.11,43.7027,1439692,41,65,0,14-3-29 19:37:34,1
U51LX00FGI,125.111,43.7014,1439694,39,65,0,14-3-29 19:37:51,1
U51LX00FGI,125.113,43.7001,1439696,37,65,0,14-3-29 19:38:10,1
U51LX00FGI,125.115,43.6989,1439698,33,65,0,14-3-29 19:38:31,1
U51LX00FGI,125.116,43.6977,1439700,35,70,0,14-3-29 19:38:51,1
U51LX00FGI,125.117,43.696,1439702,25,95,0,14-3-29 19:39:14,1
U51LX00FGI,125.115,43.6947,1439704,16,110,0,14-3-29 19:39:48,1
U51LX00FGI,125.115,43.6946,1439704,4,110,0,14-3-29 19:39:52,1
U51LX00FGI,125.115,43.6946,1439704,0,75,0,14-3-29 19:40:7,1
U51LX00FGI,125.115,43.6942,1439705,4,105,0,14-3-29 19:40:47,1
U51LX00FGI,125.114,43.6931,1439706,16,95,0,14-3-29 19:41:36,1
U51LX00FGI,125.114,43.6913,1439708,21,80,0,14-3-29 19:42:16,1
U51LX00FGI,125.114,43.6895,1439710,35,95,0,14-3-29 19:42:42,1
U51LX00FGI,125.112,43.6882,1439712,35,110,0,14-3-29 19:43:2,1
U51LX00FGI,125.111,43.687,1439714,37,110,0,14-3-29 19:43:22,1
U51LX00FGI,125.109,43.6858,1439716,41,115,0,14-3-29 19:43:40,1
U51LX00FGI,125.107,43.6848,1439718,43,115,0,14-3-29 19:43:56,1
U51LX00FGI,125.105,43.6837,1439720,45,115,0,14-3-29 19:44:12,1
U51LX00FGI,125.103,43.6826,1439722,47,115,0,14-3-29 19:44:28,1
U51LX00FGI,125.101,43.6816,1439724,47,115,0,14-3-29 19:44:43,1
U51LX00FGI,125.099,43.6807,1439726,49,115,0,14-3-29 19:44:58,1
U51LX00FGI,125.097,43.6797,1439728,53,115,0,14-3-29 19:45:12,1
U51LX00FGI,125.095,43.6788,1439730,49,115,0,14-3-29 19:45:25,1
U51LX00FGI,125.093,43.6778,1439732,51,115,0,14-3-29 19:45:39,1
U51LX00FGI,125.091,43.6768,1439734,49,115,0,14-3-29 19:45:53,1
U51LX00FGI,125.088,43.6758,1439736,49,115,0,14-3-29 19:46:8,1
U51LX00FGI,125.086,43.6748,1439738,51,115,0,14-3-29 19:46:22,1
U51LX00FGI,125.084,43.6739,1439740,49,115,0,14-3-29 19:46:36,1
U51LX00FGI,125.08,43.672,1439744,49,115,0,14-3-29 19:47:3,1
U51LX00FGI,125.078,43.671,1439746,49,115,0,14-3-29 19:47:18,1
U51LX00FGI,125.076,43.6701,1439748,56,115,0,14-3-29 19:47:31,1
U51LX00FGI,125.074,43.669,1439750,56,115,0,14-3-29 19:47:44,1
U51LX00FGI,125.072,43.668,1439753,53,115,0,14-3-29 19:47:57,1
U51LX00FGI,125.07,43.6669,1439755,53,115,0,14-3-29 19:48:11,1
U51LX00FGI,125.068,43.6658,1439757,49,115,0,14-3-29 19:48:25,1
U51LX00FGI,125.066,43.6646,1439759,47,110,0,14-3-29 19:48:40,1
U51LX00FGI,125.065,43.6633,1439761,53,110,0,14-3-29 19:48:55,1
U51LX00FGI,125.063,43.6621,1439763,62,110,0,14-3-29 19:49:7,1
U51LX00FGI,125.061,43.6609,1439765,62,110,0,14-3-29 19:49:18,1
U51LX00FGI,125.059,43.6596,1439767,56,110,0,14-3-29 19:49:30,1
U51LX00FGI,125.058,43.6584,1439769,51,110,0,14-3-29 19:49:43,1
U51LX00FGI,125.056,43.6574,1439770,51,110,0,14-3-29 19:49:54,1
U51LX00FGI,125.056,43.657,1439771,53,110,0,14-3-29 19:49:57,1
U51LX00FGI,125.055,43.6558,1439773,56,110,0,14-3-29 19:50:9,1
U51LX00FGI,125.053,43.6544,1439775,55,105,0,14-3-29 19:50:22,1
U51LX00FGI,125.051,43.653,1439777,56,110,0,14-3-29 19:50:35,1
U51LX00FGI,125.05,43.6517,1439779,58,110,0,14-3-29 19:50:47,1
U51LX00FGI,125.048,43.6504,1439781,58,110,0,14-3-29 19:50:59,1
U51LX00FGI,125.047,43.649,1439783,58,110,0,14-3-29 19:51:11,1
U51LX00FGI,125.045,43.6477,1439785,58,110,0,14-3-29 19:51:23,1
U51LX00FGI,125.043,43.6464,1439787,58,110,0,14-3-29 19:51:35,1
U51LX00FGI,125.042,43.645,1439789,58,110,0,14-3-29 19:51:47,1
U51LX00FGI,125.039,43.6424,1439793,56,110,0,14-3-29 19:52:11,1
U51LX00FGI,125.037,43.641,1439795,51,110,0,14-3-29 19:52:24,1
U51LX00FGI,125.035,43.6397,1439797,53,110,0,14-3-29 19:52:38,1
U51LX00FGI,125.034,43.6383,1439799,56,110,0,14-3-29 19:52:51,1
U51LX00FGI,125.032,43.637,1439801,58,110,0,14-3-29 19:53:3,1
U51LX00FGI,125.031,43.6356,1439803,56,110,0,14-3-29 19:53:15,1
U51LX00FGI,125.029,43.6344,1439805,58,110,0,14-3-29 19:53:27,1
U51LX00FGI,125.027,43.6331,1439807,58,110,0,14-3-29 19:53:39,1
U51LX00FGI,125.025,43.6318,1439809,56,110,0,14-3-29 19:53:52,1
U51LX00FGI,125.024,43.6305,1439811,56,110,0,14-3-29 19:54:5,1
U51LX00FGI,125.022,43.6294,1439813,58,110,0,14-3-29 19:54:17,1
U51LX00FGI,125.02,43.6282,1439815,58,110,0,14-3-29 19:54:29,1
U51LX00FGI,125.018,43.627,1439817,55,115,0,14-3-29 19:54:42,1
U51LX00FGI,125.016,43.6259,1439819,53,115,0,14-3-29 19:54:55,1
U51LX00FGI,125.016,43.6258,1439820,53,115,0,14-3-29 19:54:56,1
U51LX00FGI,125.012,43.6238,1439823,55,115,0,14-3-29 19:55:22,1
U51LX00FGI,125.01,43.6229,1439825,55,115,0,14-3-29 19:55:35,1
U51LX00FGI,125.008,43.6219,1439827,55,115,0,14-3-29 19:55:48,1
U51LX00FGI,125.006,43.6209,1439829,53,115,0,14-3-29 19:56:1,1
U51LX00FGI,125.004,43.6199,1439832,56,115,0,14-3-29 19:56:14,1
U51LX00FGI,125.002,43.6189,1439834,55,115,0,14-3-29 19:56:27,1
U51LX00FGI,125,43.6179,1439836,58,115,0,14-3-29 19:56:40,1
U51LX00FGI,124.998,43.6169,1439838,62,115,0,14-3-29 19:56:52,1
U51LX00FGI,124.995,43.6158,1439840,60,115,0,14-3-29 19:57:4,1
U51LX00FGI,124.993,43.6149,1439842,64,115,0,14-3-29 19:57:15,1
U51LX00FGI,124.991,43.6139,1439844,64,115,0,14-3-29 19:57:26,1
U51LX00FGI,124.989,43.6129,1439846,64,115,0,14-3-29 19:57:37,1
U51LX00FGI,124.987,43.6119,1439848,64,115,0,14-3-29 19:57:48,1
U51LX00FGI,124.985,43.6108,1439850,60,115,0,14-3-29 19:58:0,1
U51LX00FGI,124.981,43.6087,1439854,58,115,0,14-3-29 19:58:23,1
U51LX00FGI,124.979,43.6076,1439856,58,110,0,14-3-29 19:58:35,1
U51LX00FGI,124.977,43.6064,1439858,56,110,0,14-3-29 19:58:47,1
U51LX00FGI,124.975,43.6052,1439860,53,110,0,14-3-29 19:59:0,1
U51LX00FGI,124.974,43.6039,1439862,51,110,0,14-3-29 19:59:14,1
U51LX00FGI,124.972,43.6026,1439864,55,110,0,14-3-29 19:59:28,1
U51LX00FGI,124.97,43.6014,1439866,58,110,0,14-3-29 19:59:40,1
U51LX00FGI,124.968,43.5995,1439869,58,110,0,14-3-29 19:59:58,1
U51LX00FGI,124.967,43.5988,1439870,58,110,0,14-3-29 20:0:4,1
U51LX00FGI,124.965,43.5975,1439872,58,110,0,14-3-29 20:0:16,1
U51LX00FGI,124.964,43.5962,1439874,60,110,0,14-3-29 20:0:28,1
U51LX00FGI,124.962,43.5948,1439876,60,110,0,14-3-29 20:0:40,1
U51LX00FGI,124.96,43.5934,1439879,62,110,0,14-3-29 20:0:52,1
U51LX00FGI,124.959,43.592,1439881,62,105,0,14-3-29 20:1:3,1
U51LX00FGI,124.957,43.5907,1439883,64,110,0,14-3-29 20:1:14,1
U51LX00FGI,124.956,43.5894,1439885,62,110,0,14-3-29 20:1:25,1
U51LX00FGI,124.954,43.588,1439887,62,110,0,14-3-29 20:1:37,1
U51LX00FGI,124.952,43.5866,1439889,66,110,0,14-3-29 20:1:48,1
U51LX00FGI,124.951,43.5853,1439891,64,105,0,14-3-29 20:1:59,1
U51LX00FGI,124.949,43.5838,1439893,64,105,0,14-3-29 20:2:10,1
U51LX00FGI,124.948,43.5825,1439895,62,105,0,14-3-29 20:2:21,1
U51LX00FGI,124.946,43.581,1439897,58,105,0,14-3-29 20:2:33,1
U51LX00FGI,124.945,43.5795,1439899,62,105,0,14-3-29 20:2:45,1
U51LX00FGI,124.943,43.578,1439901,62,105,0,14-3-29 20:2:57,1
U51LX00FGI,124.942,43.5766,1439903,58,105,0,14-3-29 20:3:8,1
U51LX00FGI,124.94,43.575,1439905,56,105,0,14-3-29 20:3:20,1
U51LX00FGI,124.939,43.5735,1439907,58,105,0,14-3-29 20:3:32,1
U51LX00FGI,124.938,43.572,1439909,58,100,0,14-3-29 20:3:44,1
U51LX00FGI,124.936,43.5704,1439911,53,100,0,14-3-29 20:3:57,1
U51LX00FGI,124.935,43.5688,1439913,55,100,0,14-3-29 20:4:10,1
U51LX00FGI,124.934,43.5672,1439915,55,100,0,14-3-29 20:4:23,1
U51LX00FGI,124.933,43.5656,1439917,56,100,0,14-3-29 20:4:36,1
U51LX00FGI,124.932,43.5641,1439919,58,100,0,14-3-29 20:4:48,1
U51LX00FGI,124.931,43.5625,1439921,58,100,0,14-3-29 20:5:0,1
U51LX00FGI,124.929,43.561,1439923,58,100,0,14-3-29 20:5:12,1
U51LX00FGI,124.928,43.5593,1439925,62,100,0,14-3-29 20:5:24,1
U51LX00FGI,124.927,43.5577,1439927,62,100,0,14-3-29 20:5:36,1
U51LX00FGI,124.926,43.5561,1439929,56,100,0,14-3-29 20:5:48,1
U51LX00FGI,124.925,43.5547,1439931,55,100,0,14-3-29 20:6:0,1
U51LX00FGI,124.924,43.553,1439933,55,100,0,14-3-29 20:6:13,1
U51LX00FGI,124.922,43.5515,1439935,56,100,0,14-3-29 20:6:25,1
U51LX00FGI,124.921,43.55,1439937,53,100,0,14-3-29 20:6:38,1
U51LX00FGI,124.92,43.5483,1439939,53,100,0,14-3-29 20:6:52,1
U51LX00FGI,124.919,43.5467,1439941,49,100,0,14-3-29 20:7:6,1
U51LX00FGI,124.918,43.5452,1439943,55,105,0,14-3-29 20:7:19,1
U51LX00FGI,124.916,43.5436,1439945,53,105,0,14-3-29 20:7:32,1
U51LX00FGI,124.915,43.5421,1439947,58,105,0,14-3-29 20:7:45,1
U51LX00FGI,124.914,43.5407,1439949,58,105,0,14-3-29 20:7:57,1
U51LX00FGI,124.912,43.5393,1439951,56,105,0,14-3-29 20:8:9,1
U51LX00FGI,124.911,43.538,1439953,58,105,0,14-3-29 20:8:21,1
U51LX00FGI,124.909,43.5366,1439956,62,110,0,14-3-29 20:8:33,1
U51LX00FGI,124.907,43.5353,1439958,58,110,0,14-3-29 20:8:45,1
U51LX00FGI,124.905,43.5341,1439960,58,110,0,14-3-29 20:8:57,1
U51LX00FGI,124.902,43.5317,1439964,58,115,0,14-3-29 20:9:21,1
U51LX00FGI,124.9,43.5305,1439966,60,115,0,14-3-29 20:9:33,1
U51LX00FGI,124.898,43.5295,1439968,62,115,0,14-3-29 20:9:44,1
U51LX00FGI,124.895,43.5281,1439970,60,115,0,14-3-29 20:10:0,1
U51LX00FGI,124.894,43.5274,1439972,64,115,0,14-3-29 20:10:8,1
U51LX00FGI,124.892,43.5263,1439974,66,115,0,14-3-29 20:10:19,1
U51LX00FGI,124.89,43.5252,1439976,66,115,0,14-3-29 20:10:30,1
U51LX00FGI,124.888,43.5241,1439978,66,115,0,14-3-29 20:10:41,1
U51LX00FGI,124.884,43.522,1439982,68,115,0,14-3-29 20:11:2,1
U51LX00FGI,124.88,43.5199,1439986,62,115,0,14-3-29 20:11:24,1
U51LX00FGI,124.878,43.5188,1439988,58,115,0,14-3-29 20:11:36,1
U51LX00FGI,124.876,43.5177,1439990,60,110,0,14-3-29 20:11:48,1
U51LX00FGI,124.874,43.5165,1439992,60,110,0,14-3-29 20:12:0,1
U51LX00FGI,124.872,43.5153,1439995,60,110,0,14-3-29 20:12:12,1
U51LX00FGI,124.87,43.514,1439997,62,110,0,14-3-29 20:12:24,1
U51LX00FGI,124.869,43.5127,1439999,60,110,0,14-3-29 20:12:36,1
U51LX00FGI,124.867,43.5114,1440001,64,110,0,14-3-29 20:12:48,1
U51LX00FGI,124.865,43.5101,1440003,64,110,0,14-3-29 20:12:59,1
U51LX00FGI,124.864,43.5088,1440005,62,110,0,14-3-29 20:13:10,1
U51LX00FGI,124.862,43.5075,1440007,60,110,0,14-3-29 20:13:21,1
U51LX00FGI,124.86,43.5061,1440009,51,110,0,14-3-29 20:13:34,1
U51LX00FGI,124.859,43.5047,1440011,51,105,0,14-3-29 20:13:47,1
U51LX00FGI,124.857,43.5033,1440013,49,105,0,14-3-29 20:14:1,1
U51LX00FGI,124.856,43.5019,1440015,47,105,0,14-3-29 20:14:16,1
U51LX00FGI,124.855,43.5005,1440017,51,105,0,14-3-29 20:14:30,1
U51LX00FGI,124.853,43.499,1440019,51,105,0,14-3-29 20:14:44,1
U51LX00FGI,124.852,43.4974,1440021,53,105,0,14-3-29 20:14:58,1
U51LX00FGI,124.852,43.4971,1440021,55,105,0,14-3-29 20:15:1,1
U51LX00FGI,124.85,43.4959,1440023,53,105,0,14-3-29 20:15:11,1
U51LX00FGI,124.849,43.4945,1440025,55,105,0,14-3-29 20:15:24,1
U51LX00FGI,124.848,43.493,1440027,55,105,0,14-3-29 20:15:37,1
U51LX00FGI,124.846,43.4916,1440029,56,105,0,14-3-29 20:15:50,1
U51LX00FGI,124.845,43.4902,1440031,56,105,0,14-3-29 20:16:2,1
U51LX00FGI,124.843,43.4887,1440033,58,105,0,14-3-29 20:16:15,1
U51LX00FGI,124.842,43.4873,1440035,55,105,0,14-3-29 20:16:28,1
U51LX00FGI,124.84,43.4859,1440037,39,105,0,14-3-29 20:16:44,1
U51LX00FGI,124.839,43.4845,1440039,37,110,0,14-3-29 20:17:3,1
U51LX00FGI,124.837,43.4832,1440041,37,115,0,14-3-29 20:17:23,1
U51LX00FGI,124.835,43.482,1440043,43,110,0,14-3-29 20:17:40,1
U51LX00FGI,124.834,43.4808,1440045,51,110,0,14-3-29 20:17:55,1
U51LX00FGI,124.832,43.4795,1440047,58,110,0,14-3-29 20:18:9,1
U51LX00FGI,124.83,43.4783,1440049,64,110,0,14-3-29 20:18:20,1
U51LX00FGI,124.828,43.4772,1440051,64,110,0,14-3-29 20:18:31,1
U51LX00FGI,124.826,43.4761,1440053,64,115,0,14-3-29 20:18:42,1
U51LX00FGI,124.824,43.4749,1440055,64,115,0,14-3-29 20:18:54,1
U51LX00FGI,124.82,43.4728,1440059,62,115,0,14-3-29 20:19:16,1
U51LX00FGI,124.819,43.4717,1440061,56,115,0,14-3-29 20:19:28,1
U51LX00FGI,124.815,43.4695,1440065,58,115,0,14-3-29 20:19:52,1
U51LX00FGI,124.812,43.468,1440068,60,115,0,14-3-29 20:20:9,1
U51LX00FGI,124.811,43.4673,1440070,62,115,0,14-3-29 20:20:16,1
U51LX00FGI,124.809,43.4662,1440072,66,115,0,14-3-29 20:20:27,1
U51LX00FGI,124.805,43.4641,1440076,72,115,0,14-3-29 20:20:47,1
U51LX00FGI,124.803,43.463,1440078,72,115,0,14-3-29 20:20:57,1
U51LX00FGI,124.802,43.4618,1440080,72,115,0,14-3-29 20:21:7,1
U51LX00FGI,124.8,43.4607,1440082,70,110,0,14-3-29 20:21:17,1
U51LX00FGI,124.798,43.4594,1440084,68,110,0,14-3-29 20:21:28,1
U51LX00FGI,124.796,43.4582,1440086,64,110,0,14-3-29 20:21:39,1
U51LX00FGI,124.794,43.457,1440088,62,110,0,14-3-29 20:21:50,1
U51LX00FGI,124.793,43.4558,1440090,64,110,0,14-3-29 20:22:1,1
U51LX00FGI,124.791,43.4545,1440092,60,110,0,14-3-29 20:22:12,1
U51LX00FGI,124.789,43.4531,1440094,64,110,0,14-3-29 20:22:24,1
U51LX00FGI,124.788,43.4517,1440096,62,105,0,14-3-29 20:22:35,1
U51LX00FGI,124.786,43.4503,1440098,62,105,0,14-3-29 20:22:47,1
U51LX00FGI,124.784,43.4488,1440100,62,105,0,14-3-29 20:22:59,1
U51LX00FGI,124.783,43.4474,1440102,62,105,0,14-3-29 20:23:10,1
U51LX00FGI,124.782,43.446,1440104,62,105,0,14-3-29 20:23:21,1
U51LX00FGI,124.78,43.4445,1440106,64,105,0,14-3-29 20:23:32,1
U51LX00FGI,124.779,43.443,1440108,66,105,0,14-3-29 20:23:43,1
U51LX00FGI,124.778,43.4414,1440110,70,105,0,14-3-29 20:23:54,1
U51LX00FGI,124.776,43.4399,1440112,68,105,0,14-3-29 20:24:4,1
U51LX00FGI,124.775,43.4384,1440114,64,105,0,14-3-29 20:24:15,1
U51LX00FGI,124.774,43.4368,1440117,58,105,0,14-3-29 20:24:27,1
U51LX00FGI,124.772,43.4354,1440119,58,105,0,14-3-29 20:24:39,1
U51LX00FGI,124.771,43.4338,1440121,64,105,0,14-3-29 20:24:51,1
U51LX00FGI,124.77,43.4323,1440123,64,105,0,14-3-29 20:25:2,1
U51LX00FGI,124.769,43.4308,1440125,68,105,0,14-3-29 20:25:13,1
U51LX00FGI,124.767,43.4292,1440127,66,105,0,14-3-29 20:25:24,1
U51LX00FGI,124.766,43.4276,1440129,64,105,0,14-3-29 20:25:35,1
U51LX00FGI,124.765,43.4261,1440131,64,105,0,14-3-29 20:25:46,1
U51LX00FGI,124.763,43.4247,1440133,62,105,0,14-3-29 20:25:57,1
U51LX00FGI,124.762,43.4231,1440135,62,105,0,14-3-29 20:26:9,1
U51LX00FGI,124.761,43.4216,1440137,66,105,0,14-3-29 20:26:20,1
U51LX00FGI,124.759,43.4201,1440139,66,105,0,14-3-29 20:26:31,1
U51LX00FGI,124.758,43.4187,1440141,64,105,0,14-3-29 20:26:42,1
U51LX00FGI,124.756,43.4173,1440143,64,105,0,14-3-29 20:26:53,1
U51LX00FGI,124.755,43.4159,1440145,62,110,0,14-3-29 20:27:5,1
U51LX00FGI,124.753,43.4145,1440147,62,105,0,14-3-29 20:27:16,1
U51LX00FGI,124.75,43.4118,1440151,60,110,0,14-3-29 20:27:39,1
U51LX00FGI,124.748,43.4105,1440154,60,110,0,14-3-29 20:27:51,1
U51LX00FGI,124.746,43.4093,1440156,60,110,0,14-3-29 20:28:3,1
U51LX00FGI,124.744,43.408,1440158,60,110,0,14-3-29 20:28:15,1
U51LX00FGI,124.742,43.4069,1440160,64,110,0,14-3-29 20:28:26,1
U51LX00FGI,124.741,43.4057,1440162,60,115,0,14-3-29 20:28:38,1
U51LX00FGI,124.739,43.4045,1440164,60,115,0,14-3-29 20:28:50,1
U51LX00FGI,124.737,43.4034,1440166,60,115,0,14-3-29 20:29:2,1
U51LX00FGI,124.735,43.4023,1440168,62,115,0,14-3-29 20:29:13,1
U51LX00FGI,124.729,43.3988,1440174,68,115,0,14-3-29 20:29:46,1
U51LX00FGI,124.727,43.3978,1440176,68,115,0,14-3-29 20:29:56,1
U51LX00FGI,124.725,43.3966,1440178,66,115,0,14-3-29 20:30:7,1
U51LX00FGI,124.724,43.3955,1440180,64,115,0,14-3-29 20:30:18,1
U51LX00FGI,124.722,43.3944,1440182,66,115,0,14-3-29 20:30:29,1
U51LX00FGI,124.72,43.3932,1440184,66,115,0,14-3-29 20:30:40,1
U51LX00FGI,124.718,43.3921,1440186,66,110,0,14-3-29 20:30:51,1
U51LX00FGI,124.716,43.3909,1440188,60,110,0,14-3-29 20:31:2,1
U51LX00FGI,124.714,43.3896,1440190,53,110,0,14-3-29 20:31:15,1
U51LX00FGI,124.713,43.3884,1440192,53,110,0,14-3-29 20:31:28,1
U51LX00FGI,124.711,43.387,1440194,58,110,0,14-3-29 20:31:41,1
U51LX00FGI,124.709,43.3857,1440197,60,110,0,14-3-29 20:31:53,1
U51LX00FGI,124.708,43.3844,1440199,58,110,0,14-3-29 20:32:5,1
U51LX00FGI,124.704,43.3817,1440203,64,110,0,14-3-29 20:32:28,1
U51LX00FGI,124.703,43.3803,1440205,66,105,0,14-3-29 20:32:39,1
U51LX00FGI,124.701,43.3789,1440207,64,105,0,14-3-29 20:32:50,1
U51LX00FGI,124.7,43.3775,1440209,60,105,0,14-3-29 20:33:1,1
U51LX00FGI,124.698,43.3761,1440211,62,105,0,14-3-29 20:33:13,1
U51LX00FGI,124.697,43.3747,1440213,64,105,0,14-3-29 20:33:24,1
U51LX00FGI,124.695,43.3734,1440215,66,105,0,14-3-29 20:33:35,1
U51LX00FGI,124.693,43.372,1440217,64,110,0,14-3-29 20:33:46,1
U51LX00FGI,124.692,43.3706,1440219,64,110,0,14-3-29 20:33:57,1
U51LX00FGI,124.69,43.3693,1440221,60,110,0,14-3-29 20:34:8,1
U51LX00FGI,124.687,43.3668,1440225,62,110,0,14-3-29 20:34:31,1
U51LX00FGI,124.685,43.3656,1440227,62,110,0,14-3-29 20:34:43,1
U51LX00FGI,124.683,43.3644,1440229,60,110,0,14-3-29 20:34:54,1
U51LX00FGI,124.682,43.3633,1440231,56,115,0,14-3-29 20:35:6,1
U51LX00FGI,124.68,43.3622,1440233,53,115,0,14-3-29 20:35:19,1
U51LX00FGI,124.678,43.3612,1440235,53,115,0,14-3-29 20:35:32,1
U51LX00FGI,124.676,43.3602,1440237,55,115,0,14-3-29 20:35:45,1
U51LX00FGI,124.674,43.3591,1440239,55,115,0,14-3-29 20:35:58,1
U51LX00FGI,124.672,43.3582,1440241,56,115,0,14-3-29 20:36:10,1
U51LX00FGI,124.67,43.3571,1440243,56,115,0,14-3-29 20:36:22,1
U51LX00FGI,124.668,43.3561,1440245,55,115,0,14-3-29 20:36:35,1
U51LX00FGI,124.666,43.355,1440247,55,115,0,14-3-29 20:36:48,1
U51LX00FGI,124.664,43.354,1440249,53,115,0,14-3-29 20:37:1,1
U51LX00FGI,124.662,43.3529,1440251,58,115,0,14-3-29 20:37:14,1
U51LX00FGI,124.66,43.3519,1440253,60,115,0,14-3-29 20:37:26,1
U51LX00FGI,124.658,43.3508,1440255,56,115,0,14-3-29 20:37:38,1
U51LX00FGI,124.651,43.3462,1440263,55,110,0,14-3-29 20:38:30,1
U51LX00FGI,124.649,43.3449,1440265,55,110,0,14-3-29 20:38:43,1
U51LX00FGI,124.647,43.3435,1440267,55,110,0,14-3-29 20:38:57,1
U51LX00FGI,124.646,43.3422,1440269,53,110,0,14-3-29 20:39:10,1
U51LX00FGI,124.644,43.3409,1440271,55,105,0,14-3-29 20:39:23,1
U51LX00FGI,124.643,43.3395,1440274,55,105,0,14-3-29 20:39:36,1
U51LX00FGI,124.641,43.3381,1440276,55,105,0,14-3-29 20:39:49,1
U51LX00FGI,124.639,43.3366,1440278,58,105,0,14-3-29 20:40:2,1
U51LX00FGI,124.638,43.3351,1440280,55,105,0,14-3-29 20:40:15,1
U51LX00FGI,124.637,43.3337,1440282,53,105,0,14-3-29 20:40:28,1
U51LX00FGI,124.635,43.3323,1440284,55,105,0,14-3-29 20:40:41,1
U51LX00FGI,124.634,43.3307,1440286,56,105,0,14-3-29 20:40:54,1
U51LX00FGI,124.633,43.3293,1440288,58,105,0,14-3-29 20:41:6,1
U51LX00FGI,124.63,43.3263,1440292,60,105,0,14-3-29 20:41:30,1
U51LX00FGI,124.627,43.3233,1440296,64,105,0,14-3-29 20:41:53,1
U51LX00FGI,124.626,43.3217,1440298,62,105,0,14-3-29 20:42:5,1
U51LX00FGI,124.625,43.3202,1440300,68,105,0,14-3-29 20:42:16,1
U51LX00FGI,124.619,43.3147,1440308,68,105,0,14-3-29 20:42:56,1
U51LX00FGI,124.617,43.3133,1440310,66,110,0,14-3-29 20:43:7,1
U51LX00FGI,124.616,43.312,1440312,62,110,0,14-3-29 20:43:18,1
U51LX00FGI,124.614,43.3107,1440314,62,110,0,14-3-29 20:43:29,1
U51LX00FGI,124.612,43.3095,1440316,64,110,0,14-3-29 20:43:40,1
U51LX00FGI,124.61,43.3083,1440318,62,110,0,14-3-29 20:43:51,1
U51LX00FGI,124.609,43.307,1440320,60,110,0,14-3-29 20:44:3,1
U51LX00FGI,124.607,43.3057,1440322,56,110,0,14-3-29 20:44:15,1
U51LX00FGI,124.605,43.3045,1440324,55,110,0,14-3-29 20:44:28,1
U51LX00FGI,124.603,43.3033,1440326,53,110,0,14-3-29 20:44:41,1
U51LX00FGI,124.601,43.3021,1440328,56,110,0,14-3-29 20:44:54,1
U51LX00FGI,124.6,43.3008,1440331,55,110,0,14-3-29 20:45:7,1
U51LX00FGI,124.598,43.2996,1440333,60,110,0,14-3-29 20:45:19,1
U51LX00FGI,124.596,43.2984,1440335,64,110,0,14-3-29 20:45:31,1
U51LX00FGI,124.594,43.2971,1440337,66,110,0,14-3-29 20:45:42,1
U51LX00FGI,124.592,43.2959,1440339,66,110,0,14-3-29 20:45:53,1
U51LX00FGI,124.59,43.2946,1440341,64,110,0,14-3-29 20:46:4,1
U51LX00FGI,124.589,43.2933,1440343,60,110,0,14-3-29 20:46:15,1
U51LX00FGI,124.587,43.292,1440345,60,110,0,14-3-29 20:46:27,1
U51LX00FGI,124.585,43.2907,1440347,58,110,0,14-3-29 20:46:39,1
U51LX00FGI,124.584,43.2894,1440349,58,110,0,14-3-29 20:46:51,1
U51LX00FGI,124.582,43.288,1440351,60,105,0,14-3-29 20:47:3,1
U51LX00FGI,124.581,43.2866,1440353,58,105,0,14-3-29 20:47:15,1
U51LX00FGI,124.579,43.2852,1440355,60,105,0,14-3-29 20:47:27,1
U51LX00FGI,124.578,43.2837,1440357,64,105,0,14-3-29 20:47:39,1
U51LX00FGI,124.577,43.2822,1440359,62,105,0,14-3-29 20:47:50,1
U51LX00FGI,124.575,43.2808,1440361,64,105,0,14-3-29 20:48:1,1
U51LX00FGI,124.574,43.2792,1440363,64,105,0,14-3-29 20:48:12,1
U51LX00FGI,124.573,43.2777,1440365,60,100,0,14-3-29 20:48:24,1
U51LX00FGI,124.572,43.2762,1440367,55,100,0,14-3-29 20:48:36,1
U51LX00FGI,124.571,43.2746,1440369,53,100,0,14-3-29 20:48:49,1
U51LX00FGI,124.57,43.273,1440371,58,100,0,14-3-29 20:49:2,1
U51LX00FGI,124.569,43.2714,1440373,58,100,0,14-3-29 20:49:14,1
U51LX00FGI,124.568,43.2698,1440375,56,100,0,14-3-29 20:49:26,1
U51LX00FGI,124.567,43.2682,1440377,58,100,0,14-3-29 20:49:38,1
U51LX00FGI,124.566,43.2666,1440379,60,100,0,14-3-29 20:49:50,1
U51LX00FGI,124.565,43.2649,1440381,58,100,0,14-3-29 20:50:2,1
U51LX00FGI,124.564,43.2632,1440383,56,100,0,14-3-29 20:50:15,1
U51LX00FGI,124.563,43.2614,1440386,58,100,0,14-3-29 20:50:29,1
U51LX00FGI,124.562,43.2599,1440388,60,100,0,14-3-29 20:50:40,1
U51LX00FGI,124.561,43.2582,1440390,64,100,0,14-3-29 20:50:52,1
U51LX00FGI,124.56,43.2566,1440392,62,100,0,14-3-29 20:51:4,1
U51LX00FGI,124.558,43.255,1440394,60,105,0,14-3-29 20:51:16,1
U51LX00FGI,124.557,43.2535,1440396,56,105,0,14-3-29 20:51:28,1
U51LX00FGI,124.556,43.252,1440398,56,105,0,14-3-29 20:51:41,1
U51LX00FGI,124.554,43.2504,1440400,58,105,0,14-3-29 20:51:54,1
U51LX00FGI,124.553,43.2489,1440402,62,105,0,14-3-29 20:52:6,1
U51LX00FGI,124.552,43.2475,1440404,60,105,0,14-3-29 20:52:17,1
U51LX00FGI,124.55,43.246,1440406,62,105,0,14-3-29 20:52:29,1
U51LX00FGI,124.549,43.2446,1440408,58,105,0,14-3-29 20:52:41,1
U51LX00FGI,124.547,43.2432,1440411,55,110,0,14-3-29 20:52:54,1
U51LX00FGI,124.545,43.2418,1440413,51,110,0,14-3-29 20:53:8,1
U51LX00FGI,124.544,43.2405,1440415,53,110,0,14-3-29 20:53:22,1
U51LX00FGI,124.542,43.2393,1440417,53,110,0,14-3-29 20:53:35,1
U51LX00FGI,124.54,43.238,1440419,55,110,0,14-3-29 20:53:48,1
U51LX00FGI,124.539,43.2368,1440421,55,110,0,14-3-29 20:54:1,1
U51LX00FGI,124.537,43.2355,1440423,55,110,0,14-3-29 20:54:14,1
U51LX00FGI,124.535,43.2342,1440425,53,110,0,14-3-29 20:54:27,1
U51LX00FGI,124.534,43.2328,1440427,53,110,0,14-3-29 20:54:41,1
U51LX00FGI,124.532,43.2315,1440429,56,105,0,14-3-29 20:54:54,1
U51LX00FGI,124.531,43.23,1440431,55,105,0,14-3-29 20:55:7,1
U51LX00FGI,124.529,43.2285,1440433,56,105,0,14-3-29 20:55:20,1
U51LX00FGI,124.528,43.2274,1440434,56,105,0,14-3-29 20:55:30,1
U51LX00FGI,124.528,43.2271,1440435,58,105,0,14-3-29 20:55:32,1
U51LX00FGI,124.527,43.2257,1440437,58,105,0,14-3-29 20:55:44,1
U51LX00FGI,124.525,43.2241,1440439,62,100,0,14-3-29 20:55:56,1
U51LX00FGI,124.524,43.2226,1440441,60,100,0,14-3-29 20:56:7,1
U51LX00FGI,124.523,43.221,1440443,58,100,0,14-3-29 20:56:19,1
U51LX00FGI,124.522,43.2195,1440445,60,100,0,14-3-29 20:56:31,1
U51LX00FGI,124.521,43.2178,1440447,60,100,0,14-3-29 20:56:43,1
U51LX00FGI,124.52,43.2162,1440449,56,100,0,14-3-29 20:56:55,1
U51LX00FGI,124.519,43.2145,1440451,55,100,0,14-3-29 20:57:8,1
U51LX00FGI,124.518,43.2128,1440453,55,95,0,14-3-29 20:57:21,1
U51LX00FGI,124.517,43.2111,1440455,55,95,0,14-3-29 20:57:35,1
U51LX00FGI,124.517,43.2093,1440457,58,95,0,14-3-29 20:57:48,1
U51LX00FGI,124.516,43.2076,1440459,53,95,0,14-3-29 20:58:1,1
U51LX00FGI,124.514,43.2042,1440464,56,95,0,14-3-29 20:58:27,1
U51LX00FGI,124.512,43.2008,1440468,49,100,0,14-3-29 20:58:54,1
U51LX00FGI,124.511,43.1992,1440470,47,100,0,14-3-29 20:59:8,1
U51LX00FGI,124.51,43.1976,1440472,49,100,0,14-3-29 20:59:23,1
U51LX00FGI,124.508,43.1942,1440476,49,100,0,14-3-29 20:59:53,1
U51LX00FGI,124.507,43.1926,1440478,49,100,0,14-3-29 21:0:8,1
U51LX00FGI,124.506,43.1911,1440480,49,105,0,14-3-29 21:0:22,1
U51LX00FGI,124.505,43.1902,1440481,49,105,0,14-3-29 21:0:31,1
U51LX00FGI,124.505,43.1895,1440482,49,105,0,14-3-29 21:0:37,1
U51LX00FGI,124.503,43.1881,1440484,47,105,0,14-3-29 21:0:51,1
U51LX00FGI,124.502,43.1866,1440486,49,105,0,14-3-29 21:1:6,1
U51LX00FGI,124.5,43.1851,1440488,55,105,0,14-3-29 21:1:20,1
U51LX00FGI,124.499,43.1837,1440490,55,105,0,14-3-29 21:1:33,1
U51LX00FGI,124.497,43.1823,1440492,56,110,0,14-3-29 21:1:46,1
U51LX00FGI,124.496,43.1809,1440495,56,110,0,14-3-29 21:1:59,1
U51LX00FGI,124.494,43.1796,1440497,53,110,0,14-3-29 21:2:12,1
U51LX00FGI,124.492,43.1783,1440499,49,110,0,14-3-29 21:2:26,1
U51LX00FGI,124.491,43.1771,1440501,49,110,0,14-3-29 21:2:40,1
U51LX00FGI,124.489,43.1759,1440503,49,110,0,14-3-29 21:2:55,1
U51LX00FGI,124.487,43.1747,1440505,51,110,0,14-3-29 21:3:9,1
U51LX00FGI,124.485,43.1734,1440507,55,110,0,14-3-29 21:3:23,1
U51LX00FGI,124.483,43.1722,1440509,56,110,0,14-3-29 21:3:36,1
U51LX00FGI,124.482,43.171,1440511,56,110,0,14-3-29 21:3:49,1
U51LX00FGI,124.48,43.1697,1440513,60,110,0,14-3-29 21:4:2,1
U51LX00FGI,124.478,43.1685,1440515,55,110,0,14-3-29 21:4:14,1
U51LX00FGI,124.476,43.1673,1440517,55,110,0,14-3-29 21:4:27,1
U51LX00FGI,124.474,43.1661,1440519,55,110,0,14-3-29 21:4:40,1
U51LX00FGI,124.473,43.1649,1440521,55,110,0,14-3-29 21:4:53,1
U51LX00FGI,124.471,43.1637,1440523,58,110,0,14-3-29 21:5:5,1
U51LX00FGI,124.467,43.161,1440528,56,110,0,14-3-29 21:5:32,1
U51LX00FGI,124.466,43.16,1440529,58,110,0,14-3-29 21:5:42,1
U51LX00FGI,124.464,43.1586,1440531,60,110,0,14-3-29 21:5:54,1
U51LX00FGI,124.462,43.1573,1440533,58,110,0,14-3-29 21:6:6,1
U51LX00FGI,124.461,43.156,1440535,56,110,0,14-3-29 21:6:18,1
U51LX00FGI,124.459,43.1546,1440537,58,105,0,14-3-29 21:6:30,1
U51LX00FGI,124.458,43.1532,1440539,55,105,0,14-3-29 21:6:43,1
U51LX00FGI,124.456,43.1517,1440542,56,105,0,14-3-29 21:6:56,1
U51LX00FGI,124.454,43.1488,1440546,51,105,0,14-3-29 21:7:23,1
U51LX00FGI,124.452,43.1473,1440548,55,105,0,14-3-29 21:7:36,1
U51LX00FGI,124.451,43.1458,1440550,55,105,0,14-3-29 21:7:49,1
U51LX00FGI,124.45,43.1443,1440552,55,100,0,14-3-29 21:8:2,1
U51LX00FGI,124.449,43.1428,1440554,53,100,0,14-3-29 21:8:15,1
U51LX00FGI,124.448,43.1412,1440556,45,100,0,14-3-29 21:8:30,1
U51LX00FGI,124.446,43.1397,1440558,41,100,0,14-3-29 21:8:46,1
U51LX00FGI,124.445,43.1382,1440560,41,100,0,14-3-29 21:9:3,1
U51LX00FGI,124.444,43.1365,1440562,37,100,0,14-3-29 21:9:21,1
U51LX00FGI,124.443,43.135,1440564,43,105,0,14-3-29 21:9:38,1
U51LX00FGI,124.442,43.1335,1440566,41,100,0,14-3-29 21:9:55,1
U51LX00FGI,124.441,43.1319,1440568,43,100,0,14-3-29 21:10:12,1
U51LX00FGI,124.44,43.1304,1440570,45,100,0,14-3-29 21:10:28,1
U51LX00FGI,124.439,43.1299,1440570,47,100,0,14-3-29 21:10:33,1
U51LX00FGI,124.438,43.1288,1440572,51,100,0,14-3-29 21:10:43,1
U51LX00FGI,124.437,43.1272,1440574,53,100,0,14-3-29 21:10:57,1
U51LX00FGI,124.436,43.1256,1440576,51,105,0,14-3-29 21:11:11,1
U51LX00FGI,124.435,43.124,1440578,55,105,0,14-3-29 21:11:25,1
U51LX00FGI,124.433,43.1226,1440580,55,105,0,14-3-29 21:11:37,1
U51LX00FGI,124.432,43.1212,1440582,53,105,0,14-3-29 21:11:50,1
U51LX00FGI,124.431,43.1197,1440584,49,105,0,14-3-29 21:12:4,1
U51LX00FGI,124.429,43.1183,1440586,51,105,0,14-3-29 21:12:18,1
U51LX00FGI,124.428,43.117,1440588,53,105,0,14-3-29 21:12:31,1
U51LX00FGI,124.426,43.1156,1440590,49,105,0,14-3-29 21:12:45,1
U51LX00FGI,124.425,43.1142,1440592,47,105,0,14-3-29 21:13:0,1
U51LX00FGI,124.422,43.1114,1440596,49,105,0,14-3-29 21:13:29,1
U51LX00FGI,124.417,43.1075,1440602,0,0,0,14-3-29 21:14:43,1
U51LX00FGI,124.418,43.1075,1440602,0,105,0,14-3-29 21:15:1,1
U51LX00FGI,124.417,43.1073,1440602,0,105,0,14-3-29 21:15:35,1
U51LX00FGI,124.417,43.1073,1440602,4,120,0,14-3-29 21:15:57,1
U51LX00FGI,124.417,43.1067,1440603,0,150,0,14-3-29 21:16:57,1
U51LX00FGI,124.416,43.1065,1440603,4,110,0,14-3-29 21:19:32,1
U51LX00FGI,124.416,43.1063,1440603,2,95,0,14-3-29 21:20:26,1
U51LX00FGI,124.416,43.1058,1440604,0,0,0,14-3-29 21:21:26,1
U51LX00FGI,124.415,43.1055,1440604,8,105,0,14-3-29 21:22:20,1
U51LX00FGI,124.415,43.1051,1440605,0,0,0,14-3-29 21:23:20,1
U51LX00FGI,124.415,43.1048,1440605,8,110,0,14-3-29 21:24:20,1
U51LX00FGI,124.414,43.1046,1440606,8,105,0,14-3-29 21:24:33,1
U51LX00FGI,124.414,43.1044,1440606,0,0,0,14-3-29 21:25:20,1
U51LX00FGI,124.414,43.1043,1440606,6,110,0,14-3-29 21:26:20,1
U51LX00FGI,124.414,43.1042,1440606,0,145,0,14-3-29 21:27:20,1
U51LX00FGI,124.414,43.1042,1440606,4,110,0,14-3-29 21:28:20,1
U51LX00FGI,124.413,43.1039,1440606,10,105,0,14-3-29 21:28:41,1
U51LX00FGI,124.412,43.103,1440608,4,115,0,14-3-29 21:29:41,1
U51LX00FGI,124.412,43.1028,1440608,4,105,0,14-3-29 21:30:41,1
U51LX00FGI,124.412,43.1024,1440608,2,115,0,14-3-29 21:31:41,1
U51LX00FGI,124.412,43.1024,1440608,4,115,0,14-3-29 21:32:6,1
U51LX00FGI,124.411,43.1021,1440609,6,105,0,14-3-29 21:33:5,1
U51LX00FGI,124.411,43.1019,1440609,0,0,0,14-3-29 21:34:5,1
U51LX00FGI,124.411,43.1018,1440609,0,0,0,14-3-29 21:34:35,1
U51LX00FGI,124.411,43.1018,1440609,0,75,0,14-3-29 21:35:5,1
U51LX00FGI,124.411,43.1018,1440609,0,0,0,14-3-29 21:36:5,1
U51LX00FGI,124.411,43.1018,1440609,2,120,0,14-3-29 21:37:5,1
U51LX00FGI,124.411,43.1017,1440609,0,0,0,14-3-29 21:38:5,1
U51LX00FGI,124.411,43.1016,1440609,2,100,0,14-3-29 21:39:5,1
U51LX00FGI,124.411,43.1015,1440609,2,100,0,14-3-29 21:39:36,1
U51LX00FGI,124.411,43.1014,1440609,0,100,0,14-3-29 21:40:5,1
U51LX00FGI,124.41,43.1011,1440610,0,0,0,14-3-29 21:41:5,1
U51LX00FGI,124.41,43.1011,1440610,4,100,0,14-3-29 21:42:6,1
U51LX00FGI,124.41,43.1011,1440610,0,130,0,14-3-29 21:43:6,1
U51LX00FGI,124.41,43.1007,1440610,0,0,0,14-3-29 21:44:6,1
U51LX00FGI,124.41,43.1007,1440610,2,90,0,14-3-29 21:44:38,1
U51LX00FGI,124.41,43.1006,1440610,6,100,0,14-3-29 21:45:6,1
U51LX00FGI,124.41,43.1005,1440610,12,105,0,14-3-29 21:45:11,1
U51LX00FGI,124.409,43.0993,1440612,0,0,0,14-3-29 21:46:11,1
U51LX00FGI,124.408,43.099,1440612,10,105,0,14-3-29 21:46:38,1
U51LX00FGI,124.408,43.0989,1440613,0,0,0,14-3-29 21:47:38,1
U51LX00FGI,124.408,43.0988,1440613,0,0,0,14-3-29 21:48:38,1
U51LX00FGI,124.408,43.0988,1440613,0,0,0,14-3-29 21:49:39,1
U51LX00FGI,124.408,43.0988,1440613,0,0,0,14-3-29 21:50:38,1
U51LX00FGI,124.408,43.0988,1440613,0,0,0,14-3-29 21:51:38,1
U51LX00FGI,124.407,43.0976,1440614,21,105,0,14-3-29 21:52:32,1
U51LX00FGI,124.405,43.0961,1440616,25,105,0,14-3-29 21:53:4,1
U51LX00FGI,124.404,43.0947,1440618,18,105,0,14-3-29 21:53:35,1
U51LX00FGI,124.402,43.0933,1440620,35,105,0,14-3-29 21:54:0,1
U51LX00FGI,124.4,43.0919,1440622,29,105,0,14-3-29 21:54:21,1
U51LX00FGI,124.4,43.0912,1440624,19,105,0,14-3-29 21:54:39,1
U51LX00FGI,124.399,43.0906,1440624,27,105,0,14-3-29 21:54:54,1
U51LX00FGI,124.397,43.0892,1440626,27,105,0,14-3-29 21:55:20,1
U51LX00FGI,124.396,43.0878,1440628,23,110,0,14-3-29 21:55:48,1
U51LX00FGI,124.394,43.0868,1440630,0,85,0,14-3-29 21:56:48,1
U51LX00FGI,124.394,43.0866,1440630,4,110,0,14-3-29 21:57:34,1
U51LX00FGI,124.394,43.0863,1440631,2,105,0,14-3-29 21:58:33,1
U51LX00FGI,124.393,43.0858,1440631,14,105,0,14-3-29 21:59:40,1
U51LX00FGI,124.393,43.085,1440632,25,105,0,14-3-29 21:59:59,1
U51LX00FGI,124.391,43.0836,1440634,37,105,0,14-3-29 22:0:23,1
U51LX00FGI,124.39,43.0821,1440637,41,105,0,14-3-29 22:0:42,1
U51LX00FGI,124.388,43.0807,1440639,53,105,0,14-3-29 22:0:57,1
U51LX00FGI,124.386,43.0793,1440641,58,105,0,14-3-29 22:1:10,1
U51LX00FGI,124.385,43.0779,1440643,60,105,0,14-3-29 22:1:22,1
U51LX00FGI,124.384,43.0763,1440645,62,105,0,14-3-29 22:1:34,1
U51LX00FGI,124.382,43.0748,1440647,60,105,0,14-3-29 22:1:46,1
U51LX00FGI,124.381,43.0733,1440649,60,100,0,14-3-29 22:1:58,1
U51LX00FGI,124.38,43.0717,1440651,60,100,0,14-3-29 22:2:10,1
U51LX00FGI,124.379,43.0701,1440653,56,100,0,14-3-29 22:2:22,1
U51LX00FGI,124.378,43.0684,1440655,58,100,0,14-3-29 22:2:35,1
U51LX00FGI,124.377,43.0667,1440657,55,100,0,14-3-29 22:2:48,1
U51LX00FGI,124.376,43.065,1440659,60,95,0,14-3-29 22:3:1,1
U51LX00FGI,124.375,43.0633,1440661,68,100,0,14-3-29 22:3:12,1
U51LX00FGI,124.374,43.0617,1440663,70,100,0,14-3-29 22:3:22,1
U51LX00FGI,124.373,43.06,1440665,68,100,0,14-3-29 22:3:33,1
U51LX00FGI,124.372,43.0583,1440668,64,100,0,14-3-29 22:3:44,1
U51LX00FGI,124.371,43.0568,1440670,64,100,0,14-3-29 22:3:55,1
U51LX00FGI,124.37,43.0552,1440672,58,100,0,14-3-29 22:4:7,1
U51LX00FGI,124.369,43.0536,1440674,53,100,0,14-3-29 22:4:20,1
U51LX00FGI,124.367,43.0511,1440677,58,105,0,14-3-29 22:4:41,1
U51LX00FGI,124.367,43.0506,1440678,58,105,0,14-3-29 22:4:45,1
U51LX00FGI,124.365,43.0491,1440680,62,105,0,14-3-29 22:4:57,1
U51LX00FGI,124.364,43.0477,1440682,66,105,0,14-3-29 22:5:8,1
U51LX00FGI,124.362,43.0463,1440684,66,110,0,14-3-29 22:5:19,1
U51LX00FGI,124.361,43.045,1440686,62,110,0,14-3-29 22:5:30,1
U51LX00FGI,124.359,43.0436,1440688,62,110,0,14-3-29 22:5:42,1
U51LX00FGI,124.357,43.0423,1440690,66,110,0,14-3-29 22:5:53,1
U51LX00FGI,124.356,43.041,1440692,64,110,0,14-3-29 22:6:4,1
U51LX00FGI,124.354,43.0397,1440694,62,110,0,14-3-29 22:6:15,1
U51LX00FGI,124.352,43.0384,1440696,58,110,0,14-3-29 22:6:27,1
U51LX00FGI,124.351,43.0372,1440698,55,110,0,14-3-29 22:6:39,1
U51LX00FGI,124.349,43.0359,1440700,56,110,0,14-3-29 22:6:52,1
U51LX00FGI,124.348,43.0346,1440702,58,110,0,14-3-29 22:7:4,1
U51LX00FGI,124.346,43.0333,1440704,60,110,0,14-3-29 22:7:16,1
U51LX00FGI,124.344,43.032,1440706,60,105,0,14-3-29 22:7:28,1
U51LX00FGI,124.343,43.0305,1440708,60,105,0,14-3-29 22:7:40,1
U51LX00FGI,124.341,43.0291,1440710,60,105,0,14-3-29 22:7:52,1
U51LX00FGI,124.34,43.0276,1440713,62,105,0,14-3-29 22:8:4,1
U51LX00FGI,124.339,43.0262,1440715,64,105,0,14-3-29 22:8:15,1
U51LX00FGI,124.337,43.0247,1440717,62,105,0,14-3-29 22:8:26,1
U51LX00FGI,124.336,43.0232,1440719,60,105,0,14-3-29 22:8:38,1
U51LX00FGI,124.335,43.0216,1440721,60,105,0,14-3-29 22:8:50,1
U51LX00FGI,124.333,43.0201,1440723,60,105,0,14-3-29 22:9:2,1
U51LX00FGI,124.332,43.0185,1440725,62,105,0,14-3-29 22:9:14,1
U51LX00FGI,124.329,43.0155,1440729,64,105,0,14-3-29 22:9:37,1
U51LX00FGI,124.329,43.0147,1440730,68,105,0,14-3-29 22:9:43,1
U51LX00FGI,124.327,43.0124,1440733,70,105,0,14-3-29 22:9:59,1
U51LX00FGI,124.326,43.011,1440735,72,105,0,14-3-29 22:10:9,1
U51LX00FGI,124.324,43.0095,1440737,70,105,0,14-3-29 22:10:19,1
U51LX00FGI,124.323,43.008,1440739,70,105,0,14-3-29 22:10:29,1
U51LX00FGI,124.322,43.0065,1440741,72,105,0,14-3-29 22:10:39,1
U51LX00FGI,124.32,43.005,1440743,72,105,0,14-3-29 22:10:49,1
U51LX00FGI,124.319,43.0035,1440745,72,105,0,14-3-29 22:10:59,1
U51LX00FGI,124.318,43.0021,1440747,70,105,0,14-3-29 22:11:9,1
U51LX00FGI,124.316,43.0006,1440749,66,110,0,14-3-29 22:11:20,1
U51LX00FGI,124.314,42.9992,1440752,64,110,0,14-3-29 22:11:31,1
U51LX00FGI,124.313,42.9979,1440754,66,110,0,14-3-29 22:11:42,1
U51LX00FGI,124.311,42.9966,1440756,66,110,0,14-3-29 22:11:53,1
U51LX00FGI,124.309,42.9953,1440758,68,110,0,14-3-29 22:12:4,1
U51LX00FGI,124.308,42.994,1440760,66,110,0,14-3-29 22:12:15,1
U51LX00FGI,124.304,42.9915,1440764,70,110,0,14-3-29 22:12:36,1
U51LX00FGI,124.302,42.9903,1440766,74,110,0,14-3-29 22:12:46,1
U51LX00FGI,124.301,42.989,1440768,72,110,0,14-3-29 22:12:56,1
U51LX00FGI,124.299,42.9877,1440770,64,110,0,14-3-29 22:13:7,1
U51LX00FGI,124.297,42.9865,1440772,62,110,0,14-3-29 22:13:18,1
U51LX00FGI,124.296,42.9853,1440774,62,110,0,14-3-29 22:13:29,1
U51LX00FGI,124.294,42.984,1440776,62,110,0,14-3-29 22:13:41,1
U51LX00FGI,124.292,42.9828,1440778,64,110,0,14-3-29 22:13:52,1
U51LX00FGI,124.29,42.9815,1440780,64,110,0,14-3-29 22:14:3,1
U51LX00FGI,124.289,42.9802,1440782,66,110,0,14-3-29 22:14:14,1
U51LX00FGI,124.287,42.9789,1440784,66,110,0,14-3-29 22:14:25,1
U51LX00FGI,124.285,42.9776,1440786,62,110,0,14-3-29 22:14:36,1
U51LX00FGI,124.284,42.9761,1440789,64,110,0,14-3-29 22:14:48,1
U51LX00FGI,124.282,42.9747,1440791,64,105,0,14-3-29 22:14:59,1
U51LX00FGI,124.281,42.9733,1440793,64,105,0,14-3-29 22:15:10,1
U51LX00FGI,124.279,42.9719,1440795,66,105,0,14-3-29 22:15:21,1
U51LX00FGI,124.278,42.9704,1440797,66,105,0,14-3-29 22:15:32,1
U51LX00FGI,124.277,42.9689,1440799,66,105,0,14-3-29 22:15:43,1
U51LX00FGI,124.275,42.9674,1440801,70,105,0,14-3-29 22:15:53,1
U51LX00FGI,124.274,42.9659,1440803,72,105,0,14-3-29 22:16:3,1
U51LX00FGI,124.273,42.9644,1440805,70,105,0,14-3-29 22:16:13,1
U51LX00FGI,124.272,42.9629,1440807,68,105,0,14-3-29 22:16:23,1
U51LX00FGI,124.27,42.9614,1440809,64,105,0,14-3-29 22:16:34,1
U51LX00FGI,124.269,42.9599,1440811,64,105,0,14-3-29 22:16:45,1
U51LX00FGI,124.268,42.9583,1440813,66,105,0,14-3-29 22:16:56,1
U51LX00FGI,124.265,42.9552,1440817,68,105,0,14-3-29 22:17:18,1
U51LX00FGI,124.264,42.9538,1440819,66,105,0,14-3-29 22:17:28,1
U51LX00FGI,124.263,42.9523,1440821,68,105,0,14-3-29 22:17:39,1
U51LX00FGI,124.261,42.9508,1440823,70,110,0,14-3-29 22:17:50,1
U51LX00FGI,124.26,42.9495,1440825,68,110,0,14-3-29 22:18:0,1
U51LX00FGI,124.258,42.9481,1440827,68,110,0,14-3-29 22:18:11,1
U51LX00FGI,124.256,42.9468,1440829,66,110,0,14-3-29 22:18:22,1
U51LX00FGI,124.255,42.9455,1440832,64,110,0,14-3-29 22:18:33,1
U51LX00FGI,124.253,42.9443,1440834,60,110,0,14-3-29 22:18:45,1
U51LX00FGI,124.251,42.9431,1440836,58,110,0,14-3-29 22:18:57,1
U51LX00FGI,124.249,42.9419,1440838,62,110,0,14-3-29 22:19:9,1
U51LX00FGI,124.247,42.9408,1440840,66,110,0,14-3-29 22:19:20,1
U51LX00FGI,124.245,42.9396,1440842,66,110,0,14-3-29 22:19:31,1
U51LX00FGI,124.243,42.9383,1440844,70,110,0,14-3-29 22:19:42,1
U51LX00FGI,124.242,42.9372,1440846,70,110,0,14-3-29 22:19:52,1
U51LX00FGI,124.24,42.936,1440848,66,110,0,14-3-29 22:20:3,1
U51LX00FGI,124.238,42.9349,1440850,68,110,0,14-3-29 22:20:13,1
U51LX00FGI,124.236,42.9336,1440852,66,110,0,14-3-29 22:20:24,1
U51LX00FGI,124.233,42.9311,1440856,66,110,0,14-3-29 22:20:45,1
U51LX00FGI,124.23,42.9283,1440860,68,105,0,14-3-29 22:21:7,1
U51LX00FGI,124.226,42.9239,1440866,64,105,0,14-3-29 22:21:39,1
U51LX00FGI,124.224,42.9225,1440868,64,105,0,14-3-29 22:21:50,1
U51LX00FGI,124.223,42.921,1440870,64,105,0,14-3-29 22:22:1,1
U51LX00FGI,124.222,42.9196,1440872,62,105,0,14-3-29 22:22:12,1
U51LX00FGI,124.22,42.9181,1440874,62,105,0,14-3-29 22:22:23,1
U51LX00FGI,124.219,42.9166,1440877,62,105,0,14-3-29 22:22:35,1
U51LX00FGI,124.217,42.9151,1440879,58,105,0,14-3-29 22:22:47,1
U51LX00FGI,124.216,42.9136,1440881,58,105,0,14-3-29 22:22:59,1
U51LX00FGI,124.215,42.9121,1440883,58,105,0,14-3-29 22:23:11,1
U51LX00FGI,124.214,42.9106,1440885,60,105,0,14-3-29 22:23:23,1
U51LX00FGI,124.212,42.9092,1440887,62,100,0,14-3-29 22:23:34,1
U51LX00FGI,124.211,42.9075,1440889,60,100,0,14-3-29 22:23:46,1
U51LX00FGI,124.21,42.9059,1440891,62,100,0,14-3-29 22:23:58,1
U51LX00FGI,124.209,42.9043,1440893,64,100,0,14-3-29 22:24:9,1
U51LX00FGI,124.208,42.9027,1440895,66,100,0,14-3-29 22:24:20,1
U51LX00FGI,124.207,42.901,1440897,66,100,0,14-3-29 22:24:31,1
U51LX00FGI,124.206,42.8994,1440899,64,100,0,14-3-29 22:24:42,1
U51LX00FGI,124.205,42.8977,1440901,60,100,0,14-3-29 22:24:54,1
U51LX00FGI,124.204,42.8961,1440903,62,100,0,14-3-29 22:25:6,1
U51LX00FGI,124.203,42.8945,1440905,64,100,0,14-3-29 22:25:17,1
U51LX00FGI,124.201,42.8928,1440907,62,100,0,14-3-29 22:25:29,1
U51LX00FGI,124.2,42.8912,1440909,64,100,0,14-3-29 22:25:40,1
U51LX00FGI,124.199,42.8896,1440911,66,100,0,14-3-29 22:25:51,1
U51LX00FGI,124.198,42.8879,1440913,66,100,0,14-3-29 22:26:2,1
U51LX00FGI,124.195,42.883,1440920,72,100,0,14-3-29 22:26:33,1
U51LX00FGI,124.194,42.8813,1440922,70,95,0,14-3-29 22:26:43,1
U51LX00FGI,124.194,42.8796,1440924,72,95,0,14-3-29 22:26:53,1
U51LX00FGI,124.193,42.8779,1440926,70,95,0,14-3-29 22:27:3,1
U51LX00FGI,124.192,42.8746,1440930,70,95,0,14-3-29 22:27:23,1
U51LX00FGI,124.19,42.8711,1440934,62,95,0,14-3-29 22:27:45,1
U51LX00FGI,124.19,42.8694,1440936,62,95,0,14-3-29 22:27:56,1
U51LX00FGI,124.189,42.8677,1440938,64,95,0,14-3-29 22:28:7,1
U51LX00FGI,124.188,42.8659,1440940,70,95,0,14-3-29 22:28:18,1
U51LX00FGI,124.188,42.8643,1440942,70,95,0,14-3-29 22:28:28,1
U51LX00FGI,124.187,42.8626,1440944,66,95,0,14-3-29 22:28:38,1
U51LX00FGI,124.186,42.8608,1440946,64,95,0,14-3-29 22:28:49,1
U51LX00FGI,124.186,42.8591,1440948,64,95,0,14-3-29 22:29:0,1
U51LX00FGI,124.185,42.8573,1440950,60,95,0,14-3-29 22:29:12,1
U51LX00FGI,124.184,42.8557,1440952,56,100,0,14-3-29 22:29:24,1
U51LX00FGI,124.183,42.854,1440954,62,100,0,14-3-29 22:29:36,1
U51LX00FGI,124.182,42.8524,1440956,64,100,0,14-3-29 22:29:47,1
U51LX00FGI,124.181,42.8508,1440958,64,100,0,14-3-29 22:29:58,1
U51LX00FGI,124.18,42.8492,1440960,60,100,0,14-3-29 22:30:9,1
U51LX00FGI,124.179,42.8477,1440962,55,100,0,14-3-29 22:30:21,1
U51LX00FGI,124.178,42.8461,1440964,55,100,0,14-3-29 22:30:34,1
U51LX00FGI,124.177,42.8445,1440966,55,105,0,14-3-29 22:30:47,1
U51LX00FGI,124.175,42.8429,1440968,55,100,0,14-3-29 22:31:0,1
U51LX00FGI,124.174,42.8413,1440970,49,100,0,14-3-29 22:31:13,1
U51LX00FGI,124.173,42.8397,1440972,53,100,0,14-3-29 22:31:27,1
U51LX00FGI,124.172,42.8382,1440974,58,100,0,14-3-29 22:31:39,1
U51LX00FGI,124.172,42.8364,1440976,64,95,0,14-3-29 22:31:51,1
U51LX00FGI,124.171,42.8347,1440978,64,95,0,14-3-29 22:32:2,1
U51LX00FGI,124.17,42.833,1440980,64,95,0,14-3-29 22:32:13,1
U51LX00FGI,124.169,42.8313,1440982,64,95,0,14-3-29 22:32:24,1
U51LX00FGI,124.169,42.8296,1440984,62,95,0,14-3-29 22:32:35,1
U51LX00FGI,124.169,42.8279,1440986,64,90,0,14-3-29 22:32:46,1
U51LX00FGI,124.168,42.8261,1440988,66,90,0,14-3-29 22:32:57,1
U51LX00FGI,124.168,42.8244,1440990,64,90,0,14-3-29 22:33:8,1
U51LX00FGI,124.168,42.8226,1440993,64,90,0,14-3-29 22:33:19,1
U51LX00FGI,124.167,42.8209,1440995,60,90,0,14-3-29 22:33:30,1
U51LX00FGI,124.164,42.8122,1441005,60,95,0,14-3-29 22:34:32,1
U51LX00FGI,124.163,42.8098,1441008,66,100,0,14-3-29 22:34:48,1
U51LX00FGI,124.162,42.8089,1441009,66,100,0,14-3-29 22:34:54,1
U51LX00FGI,124.161,42.8072,1441011,66,100,0,14-3-29 22:35:5,1
U51LX00FGI,124.16,42.8056,1441013,66,100,0,14-3-29 22:35:16,1
U51LX00FGI,124.159,42.804,1441015,66,100,0,14-3-29 22:35:27,1
U51LX00FGI,124.157,42.801,1441019,70,105,0,14-3-29 22:35:48,1
U51LX00FGI,124.155,42.7995,1441021,72,105,0,14-3-29 22:35:58,1
U51LX00FGI,124.154,42.798,1441023,74,105,0,14-3-29 22:36:8,1
U51LX00FGI,124.153,42.7964,1441025,74,105,0,14-3-29 22:36:18,1
U51LX00FGI,124.151,42.7949,1441027,74,105,0,14-3-29 22:36:28,1
U51LX00FGI,124.15,42.7933,1441030,74,100,0,14-3-29 22:36:38,1
U51LX00FGI,124.149,42.7916,1441032,74,100,0,14-3-29 22:36:48,1
U51LX00FGI,124.148,42.7901,1441034,74,100,0,14-3-29 22:36:57,1
U51LX00FGI,124.146,42.7867,1441038,74,100,0,14-3-29 22:37:17,1
U51LX00FGI,124.145,42.785,1441040,74,95,0,14-3-29 22:37:27,1
U51LX00FGI,124.144,42.7832,1441042,74,95,0,14-3-29 22:37:37,1
U51LX00FGI,124.143,42.7815,1441044,72,95,0,14-3-29 22:37:47,1
U51LX00FGI,124.143,42.7797,1441046,64,95,0,14-3-29 22:37:58,1
U51LX00FGI,124.142,42.778,1441048,62,95,0,14-3-29 22:38:9,1
U51LX00FGI,124.142,42.7763,1441050,64,95,0,14-3-29 22:38:20,1
U51LX00FGI,124.141,42.7745,1441052,66,95,0,14-3-29 22:38:31,1
U51LX00FGI,124.14,42.7728,1441055,64,100,0,14-3-29 22:38:42,1
U51LX00FGI,124.139,42.7711,1441057,66,100,0,14-3-29 22:38:53,1
U51LX00FGI,124.138,42.7695,1441059,68,100,0,14-3-29 22:39:4,1
U51LX00FGI,124.137,42.7679,1441061,70,105,0,14-3-29 22:39:15,1
U51LX00FGI,124.135,42.7665,1441063,70,105,0,14-3-29 22:39:25,1
U51LX00FGI,124.132,42.7639,1441067,70,110,0,14-3-29 22:39:45,1
U51LX00FGI,124.13,42.7628,1441069,70,115,0,14-3-29 22:39:55,1
U51LX00FGI,124.128,42.7617,1441071,70,115,0,14-3-29 22:40:5,1
U51LX00FGI,124.126,42.7608,1441073,70,115,0,14-3-29 22:40:15,1
U51LX00FGI,124.124,42.7599,1441075,70,120,0,14-3-29 22:40:25,1
U51LX00FGI,124.122,42.7592,1441077,72,120,0,14-3-29 22:40:35,1
U51LX00FGI,124.12,42.7585,1441079,72,120,0,14-3-29 22:40:45,1
U51LX00FGI,124.118,42.7578,1441081,72,120,0,14-3-29 22:40:55,1
U51LX00FGI,124.113,42.7563,1441085,68,120,0,14-3-29 22:41:15,1
U51LX00FGI,124.111,42.7555,1441087,68,120,0,14-3-29 22:41:26,1
U51LX00FGI,124.109,42.7546,1441089,68,115,0,14-3-29 22:41:37,1
U51LX00FGI,124.107,42.7537,1441091,72,115,0,14-3-29 22:41:47,1
U51LX00FGI,124.105,42.7527,1441093,74,115,0,14-3-29 22:41:57,1
U51LX00FGI,124.103,42.7516,1441095,74,115,0,14-3-29 22:42:7,1
U51LX00FGI,124.101,42.7505,1441098,70,115,0,14-3-29 22:42:17,1
U51LX00FGI,124.099,42.7493,1441100,64,110,0,14-3-29 22:42:28,1
U51LX00FGI,124.097,42.7482,1441102,62,110,0,14-3-29 22:42:39,1
U51LX00FGI,124.096,42.7468,1441104,60,110,0,14-3-29 22:42:51,1
U51LX00FGI,124.094,42.7455,1441106,62,110,0,14-3-29 22:43:3,1
U51LX00FGI,124.092,42.7442,1441108,66,110,0,14-3-29 22:43:14,1
U51LX00FGI,124.091,42.7428,1441110,64,105,0,14-3-29 22:43:25,1
U51LX00FGI,124.089,42.7415,1441112,66,105,0,14-3-29 22:43:36,1
U51LX00FGI,124.088,42.7401,1441114,68,105,0,14-3-29 22:43:47,1
U51LX00FGI,124.086,42.7387,1441116,68,110,0,14-3-29 22:43:58,1
U51LX00FGI,124.084,42.7373,1441118,64,105,0,14-3-29 22:44:9,1
U51LX00FGI,124.083,42.7359,1441120,64,105,0,14-3-29 22:44:20,1
U51LX00FGI,124.081,42.7345,1441122,66,110,0,14-3-29 22:44:31,1
U51LX00FGI,124.08,42.7331,1441124,68,105,0,14-3-29 22:44:42,1
U51LX00FGI,124.078,42.7317,1441127,64,105,0,14-3-29 22:44:53,1
U51LX00FGI,124.077,42.7303,1441129,62,105,0,14-3-29 22:45:4,1
U51LX00FGI,124.075,42.7287,1441131,62,105,0,14-3-29 22:45:16,1
U51LX00FGI,124.074,42.7272,1441133,58,100,0,14-3-29 22:45:28,1
U51LX00FGI,124.073,42.7256,1441135,58,100,0,14-3-29 22:45:40,1
U51LX00FGI,124.072,42.724,1441137,56,100,0,14-3-29 22:45:53,1
U51LX00FGI,124.071,42.7224,1441139,62,100,0,14-3-29 22:46:5,1
U51LX00FGI,124.07,42.7208,1441141,68,100,0,14-3-29 22:46:16,1
U51LX00FGI,124.069,42.719,1441143,66,100,0,14-3-29 22:46:27,1
U51LX00FGI,124.068,42.7173,1441145,68,100,0,14-3-29 22:46:38,1
U51LX00FGI,124.067,42.7155,1441147,68,100,0,14-3-29 22:46:49,1
U51LX00FGI,124.066,42.7139,1441149,70,100,0,14-3-29 22:46:59,1
U51LX00FGI,124.065,42.7123,1441151,70,100,0,14-3-29 22:47:9,1
U51LX00FGI,124.064,42.7107,1441153,72,100,0,14-3-29 22:47:19,1
U51LX00FGI,124.063,42.7092,1441155,72,100,0,14-3-29 22:47:29,1
U51LX00FGI,124.062,42.7077,1441157,68,105,0,14-3-29 22:47:39,1
U51LX00FGI,124.061,42.7061,1441159,62,105,0,14-3-29 22:47:50,1
U51LX00FGI,124.06,42.7046,1441161,64,105,0,14-3-29 22:48:1,1
U51LX00FGI,124.058,42.703,1441163,66,105,0,14-3-29 22:48:12,1
U51LX00FGI,124.057,42.7015,1441166,68,105,0,14-3-29 22:48:23,1
U51LX00FGI,124.056,42.7,1441168,70,105,0,14-3-29 22:48:33,1
U51LX00FGI,124.053,42.6968,1441172,68,100,0,14-3-29 22:48:54,1
U51LX00FGI,124.051,42.6935,1441176,66,100,0,14-3-29 22:49:16,1
U51LX00FGI,124.05,42.6917,1441178,68,100,0,14-3-29 22:49:27,1
U51LX00FGI,124.05,42.6901,1441180,70,95,0,14-3-29 22:49:37,1
U51LX00FGI,124.049,42.6884,1441182,72,100,0,14-3-29 22:49:47,1
U51LX00FGI,124.048,42.6867,1441184,70,100,0,14-3-29 22:49:57,1
U51LX00FGI,124.047,42.685,1441186,72,100,0,14-3-29 22:50:7,1
U51LX00FGI,124.046,42.6833,1441188,70,95,0,14-3-29 22:50:17,1
U51LX00FGI,124.046,42.6816,1441190,68,95,0,14-3-29 22:50:27,1
U51LX00FGI,124.045,42.6799,1441192,62,95,0,14-3-29 22:50:38,1
U51LX00FGI,124.045,42.6781,1441194,62,95,0,14-3-29 22:50:50,1
U51LX00FGI,124.044,42.6762,1441196,62,95,0,14-3-29 22:51:2,1
U51LX00FGI,124.044,42.6745,1441198,66,90,0,14-3-29 22:51:13,1
U51LX00FGI,124.043,42.6727,1441200,68,90,0,14-3-29 22:51:24,1
U51LX00FGI,124.043,42.671,1441202,68,90,0,14-3-29 22:51:34,1
U51LX00FGI,124.043,42.6691,1441205,68,90,0,14-3-29 22:51:45,1
U51LX00FGI,124.043,42.6673,1441207,66,90,0,14-3-29 22:51:56,1
U51LX00FGI,124.043,42.6655,1441209,66,90,0,14-3-29 22:52:7,1
U51LX00FGI,124.042,42.6619,1441213,66,95,0,14-3-29 22:52:28,1
U51LX00FGI,124.041,42.6602,1441215,66,95,0,14-3-29 22:52:39,1
U51LX00FGI,124.04,42.6567,1441219,66,95,0,14-3-29 22:53:1,1
U51LX00FGI,124.038,42.6532,1441223,66,100,0,14-3-29 22:53:23,1
U51LX00FGI,124.037,42.6516,1441225,64,100,0,14-3-29 22:53:34,1
U51LX00FGI,124.036,42.65,1441227,64,100,0,14-3-29 22:53:45,1
U51LX00FGI,124.035,42.6484,1441229,66,100,0,14-3-29 22:53:56,1
U51LX00FGI,124.034,42.6469,1441231,70,100,0,14-3-29 22:54:6,1
U51LX00FGI,124.033,42.6453,1441233,70,100,0,14-3-29 22:54:16,1
U51LX00FGI,124.032,42.6437,1441235,68,100,0,14-3-29 22:54:26,1
U51LX00FGI,124.032,42.6419,1441237,72,100,0,14-3-29 22:54:37,1
U51LX00FGI,124.031,42.6402,1441239,70,95,0,14-3-29 22:54:47,1
U51LX00FGI,124.03,42.6386,1441241,68,95,0,14-3-29 22:54:57,1
U51LX00FGI,124.029,42.6369,1441243,64,95,0,14-3-29 22:55:8,1
U51LX00FGI,124.029,42.6352,1441245,62,95,0,14-3-29 22:55:19,1
U51LX00FGI,124.028,42.6334,1441247,60,95,0,14-3-29 22:55:31,1
U51LX00FGI,124.027,42.6317,1441249,62,95,0,14-3-29 22:55:43,1
U51LX00FGI,124.027,42.63,1441251,66,95,0,14-3-29 22:55:54,1
U51LX00FGI,124.026,42.6283,1441254,66,95,0,14-3-29 22:56:5,1
U51LX00FGI,124.025,42.6265,1441256,62,95,0,14-3-29 22:56:16,1
U51LX00FGI,124.025,42.6248,1441258,66,95,0,14-3-29 22:56:27,1
U51LX00FGI,124.024,42.6232,1441260,66,95,0,14-3-29 22:56:37,1
U51LX00FGI,124.023,42.6213,1441262,72,95,0,14-3-29 22:56:48,1
U51LX00FGI,124.023,42.6194,1441264,68,95,0,14-3-29 22:56:59,1
U51LX00FGI,124.022,42.6177,1441266,62,95,0,14-3-29 22:57:10,1
U51LX00FGI,124.022,42.6161,1441268,60,95,0,14-3-29 22:57:21,1
U51LX00FGI,124.021,42.6143,1441270,64,95,0,14-3-29 22:57:33,1
U51LX00FGI,124.02,42.6126,1441272,68,100,0,14-3-29 22:57:44,1
U51LX00FGI,124.018,42.6093,1441276,70,100,0,14-3-29 22:58:4,1
U51LX00FGI,124.017,42.6076,1441278,70,100,0,14-3-29 22:58:15,1
U51LX00FGI,124.016,42.6061,1441280,64,100,0,14-3-29 22:58:25,1
U51LX00FGI,124.015,42.6046,1441282,66,105,0,14-3-29 22:58:36,1
U51LX00FGI,124.013,42.603,1441284,66,105,0,14-3-29 22:58:47,1
U51LX00FGI,124.012,42.6015,1441286,66,105,0,14-3-29 22:58:58,1
U51LX00FGI,124.011,42.5999,1441288,62,105,0,14-3-29 22:59:9,1
U51LX00FGI,124.01,42.5984,1441290,62,100,0,14-3-29 22:59:20,1
U51LX00FGI,124.009,42.5968,1441292,66,100,0,14-3-29 22:59:31,1
U51LX00FGI,124.008,42.595,1441294,66,95,0,14-3-29 22:59:42,1
U51LX00FGI,124.007,42.5929,1441297,64,90,0,14-3-29 22:59:55,1
U51LX00FGI,124.007,42.5915,1441298,62,90,0,14-3-29 23:0:4,1
U51LX00FGI,124.007,42.5898,1441300,62,90,0,14-3-29 23:0:15,1
U51LX00FGI,124.007,42.588,1441302,66,85,0,14-3-29 23:0:26,1
U51LX00FGI,124.007,42.5862,1441305,66,85,0,14-3-29 23:0:37,1
U51LX00FGI,124.007,42.5844,1441307,66,85,0,14-3-29 23:0:48,1
U51LX00FGI,124.008,42.5826,1441309,66,85,0,14-3-29 23:0:59,1
U51LX00FGI,124.008,42.5808,1441311,64,85,0,14-3-29 23:1:10,1
U51LX00FGI,124.008,42.5791,1441313,60,85,0,14-3-29 23:1:21,1
U51LX00FGI,124.009,42.5772,1441315,64,85,0,14-3-29 23:1:33,1
U51LX00FGI,124.009,42.5755,1441317,62,85,0,14-3-29 23:1:44,1
U51LX00FGI,124.009,42.5738,1441319,62,85,0,14-3-29 23:1:55,1
U51LX00FGI,124.009,42.5719,1441321,62,85,0,14-3-29 23:2:7,1
U51LX00FGI,124.009,42.5701,1441323,62,90,0,14-3-29 23:2:18,1
U51LX00FGI,124.009,42.5683,1441325,66,90,0,14-3-29 23:2:29,1
U51LX00FGI,124.009,42.5665,1441327,64,90,0,14-3-29 23:2:40,1
U51LX00FGI,124.009,42.5647,1441329,64,90,0,14-3-29 23:2:51,1
U51LX00FGI,124.009,42.5629,1441331,64,90,0,14-3-29 23:3:2,1
U51LX00FGI,124.008,42.5611,1441333,62,95,0,14-3-29 23:3:13,1
U51LX00FGI,124.008,42.5593,1441335,62,95,0,14-3-29 23:3:25,1
U51LX00FGI,124.007,42.5575,1441337,68,95,0,14-3-29 23:3:36,1
U51LX00FGI,124.007,42.5558,1441339,70,95,0,14-3-29 23:3:46,1
U51LX00FGI,124.006,42.5539,1441341,68,95,0,14-3-29 23:3:57,1
U51LX00FGI,124.005,42.5523,1441343,68,95,0,14-3-29 23:4:7,1
U51LX00FGI,124.005,42.5505,1441346,66,95,0,14-3-29 23:4:18,1
U51LX00FGI,124.004,42.5488,1441348,64,95,0,14-3-29 23:4:29,1
U51LX00FGI,124.003,42.547,1441350,66,95,0,14-3-29 23:4:40,1
U51LX00FGI,124.002,42.5445,1441353,66,95,0,14-3-29 23:4:56,1
U51LX00FGI,124.002,42.5436,1441354,68,95,0,14-3-29 23:5:2,1
U51LX00FGI,124.001,42.5418,1441356,64,95,0,14-3-29 23:5:13,1
U51LX00FGI,124,42.5401,1441358,66,95,0,14-3-29 23:5:24,1
U51LX00FGI,123.999,42.5368,1441362,68,95,0,14-3-29 23:5:45,1
U51LX00FGI,123.998,42.5333,1441366,66,95,0,14-3-29 23:6:7,1
U51LX00FGI,123.997,42.5298,1441370,64,90,0,14-3-29 23:6:29,1
U51LX00FGI,123.997,42.5263,1441374,66,90,0,14-3-29 23:6:51,1
U51LX00FGI,123.997,42.5246,1441376,60,90,0,14-3-29 23:7:2,1
U51LX00FGI,123.997,42.5228,1441378,62,85,0,14-3-29 23:7:14,1
U51LX00FGI,123.997,42.5211,1441380,64,85,0,14-3-29 23:7:25,1
U51LX00FGI,123.997,42.5194,1441382,62,85,0,14-3-29 23:7:36,1
U51LX00FGI,123.997,42.5175,1441385,62,85,0,14-3-29 23:7:48,1
U51LX00FGI,123.997,42.5158,1441387,60,85,0,14-3-29 23:8:0,1
U51LX00FGI,123.997,42.514,1441389,60,85,0,14-3-29 23:8:12,1
U51LX00FGI,123.997,42.5123,1441391,66,85,0,14-3-29 23:8:23,1
U51LX00FGI,123.997,42.5104,1441393,66,85,0,14-3-29 23:8:34,1
U51LX00FGI,123.998,42.5087,1441395,64,85,0,14-3-29 23:8:45,1
U51LX00FGI,123.998,42.507,1441397,64,85,0,14-3-29 23:8:56,1
U51LX00FGI,123.998,42.5052,1441399,64,85,0,14-3-29 23:9:7,1
U51LX00FGI,123.998,42.5018,1441403,62,85,0,14-3-29 23:9:29,1
U51LX00FGI,123.998,42.5001,1441405,62,85,0,14-3-29 23:9:40,1
U51LX00FGI,123.999,42.4973,1441408,62,85,0,14-3-29 23:9:58,1
U51LX00FGI,123.999,42.4965,1441409,60,85,0,14-3-29 23:10:3,1
U51LX00FGI,123.999,42.4947,1441411,62,85,0,14-3-29 23:10:15,1
U51LX00FGI,123.999,42.4929,1441413,62,85,0,14-3-29 23:10:27,1
U51LX00FGI,123.999,42.4912,1441415,64,90,0,14-3-29 23:10:38,1
U51LX00FGI,123.999,42.4895,1441417,62,90,0,14-3-29 23:10:49,1
U51LX00FGI,123.999,42.4877,1441419,62,90,0,14-3-29 23:11:1,1
U51LX00FGI,123.998,42.486,1441421,64,95,0,14-3-29 23:11:12,1
U51LX00FGI,123.998,42.4843,1441423,64,95,0,14-3-29 23:11:23,1
U51LX00FGI,123.997,42.4826,1441425,66,95,0,14-3-29 23:11:34,1
U51LX00FGI,123.996,42.481,1441427,66,100,0,14-3-29 23:11:45,1
U51LX00FGI,123.995,42.4794,1441430,66,100,0,14-3-29 23:11:56,1
U51LX00FGI,123.994,42.4778,1441432,64,100,0,14-3-29 23:12:7,1
U51LX00FGI,123.992,42.4763,1441434,60,105,0,14-3-29 23:12:19,1
U51LX00FGI,123.991,42.4749,1441436,56,105,0,14-3-29 23:12:31,1
U51LX00FGI,123.99,42.4734,1441438,55,105,0,14-3-29 23:12:44,1
U51LX00FGI,123.988,42.4719,1441440,58,105,0,14-3-29 23:12:57,1
U51LX00FGI,123.987,42.4704,1441442,55,105,0,14-3-29 23:13:10,1
U51LX00FGI,123.986,42.469,1441444,56,105,0,14-3-29 23:13:23,1
U51LX00FGI,123.984,42.4675,1441446,60,105,0,14-3-29 23:13:35,1
U51LX00FGI,123.983,42.4661,1441448,64,105,0,14-3-29 23:13:46,1
U51LX00FGI,123.982,42.4647,1441450,66,105,0,14-3-29 23:13:57,1
U51LX00FGI,123.98,42.4632,1441452,64,105,0,14-3-29 23:14:8,1
U51LX00FGI,123.979,42.4617,1441454,66,105,0,14-3-29 23:14:19,1
U51LX00FGI,123.978,42.4601,1441456,64,100,0,14-3-29 23:14:30,1
U51LX00FGI,123.977,42.4585,1441458,58,100,0,14-3-29 23:14:42,1
U51LX00FGI,123.976,42.4569,1441460,58,95,0,14-3-29 23:14:54,1
U51LX00FGI,123.976,42.4562,1441461,60,95,0,14-3-29 23:14:59,1
U51LX00FGI,123.975,42.4551,1441462,62,95,0,14-3-29 23:15:6,1
U51LX00FGI,123.975,42.4535,1441464,62,95,0,14-3-29 23:15:17,1
U51LX00FGI,123.974,42.45,1441468,64,90,0,14-3-29 23:15:39,1
U51LX00FGI,123.974,42.4466,1441472,68,90,0,14-3-29 23:16:0,1
U51LX00FGI,123.973,42.4447,1441474,70,90,0,14-3-29 23:16:11,1
U51LX00FGI,123.973,42.443,1441476,68,95,0,14-3-29 23:16:21,1
U51LX00FGI,123.972,42.4412,1441479,64,95,0,14-3-29 23:16:32,1
U51LX00FGI,123.971,42.4395,1441481,64,100,0,14-3-29 23:16:44,1
U51LX00FGI,123.97,42.4378,1441483,64,100,0,14-3-29 23:16:55,1
U51LX00FGI,123.969,42.4362,1441485,64,105,0,14-3-29 23:17:6,1
U51LX00FGI,123.968,42.4348,1441487,64,105,0,14-3-29 23:17:17,1
U51LX00FGI,123.966,42.4334,1441489,64,110,0,14-3-29 23:17:28,1
U51LX00FGI,123.965,42.432,1441491,66,110,0,14-3-29 23:17:39,1
U51LX00FGI,123.963,42.4307,1441493,66,110,0,14-3-29 23:17:50,1
U51LX00FGI,123.961,42.4293,1441495,66,110,0,14-3-29 23:18:1,1
U51LX00FGI,123.96,42.428,1441497,64,110,0,14-3-29 23:18:12,1
U51LX00FGI,123.958,42.4266,1441499,68,110,0,14-3-29 23:18:23,1
U51LX00FGI,123.957,42.4253,1441501,68,110,0,14-3-29 23:18:33,1
U51LX00FGI,123.955,42.4239,1441503,68,110,0,14-3-29 23:18:44,1
U51LX00FGI,123.954,42.4226,1441505,68,110,0,14-3-29 23:18:54,1
U51LX00FGI,123.952,42.4213,1441507,64,110,0,14-3-29 23:19:5,1
U51LX00FGI,123.951,42.4199,1441509,62,105,0,14-3-29 23:19:16,1
U51LX00FGI,123.949,42.4183,1441511,64,105,0,14-3-29 23:19:28,1
U51LX00FGI,123.948,42.4169,1441513,62,105,0,14-3-29 23:19:39,1
U51LX00FGI,123.947,42.4154,1441515,62,105,0,14-3-29 23:19:50,1
U51LX00FGI,123.945,42.4138,1441517,64,100,0,14-3-29 23:20:2,1
U51LX00FGI,123.944,42.4122,1441519,66,100,0,14-3-29 23:20:13,1
U51LX00FGI,123.943,42.4105,1441522,66,100,0,14-3-29 23:20:24,1
U51LX00FGI,123.942,42.4089,1441524,64,100,0,14-3-29 23:20:35,1
U51LX00FGI,123.941,42.4073,1441526,62,100,0,14-3-29 23:20:46,1
U51LX00FGI,123.94,42.4056,1441528,64,95,0,14-3-29 23:20:57,1
U51LX00FGI,123.94,42.4039,1441530,64,95,0,14-3-29 23:21:8,1
U51LX00FGI,123.939,42.4021,1441532,64,95,0,14-3-29 23:21:19,1
U51LX00FGI,123.938,42.4004,1441534,64,95,0,14-3-29 23:21:30,1
U51LX00FGI,123.937,42.3987,1441536,66,95,0,14-3-29 23:21:41,1
U51LX00FGI,123.937,42.3969,1441538,68,95,0,14-3-29 23:21:52,1
U51LX00FGI,123.936,42.3951,1441540,66,95,0,14-3-29 23:22:3,1
U51LX00FGI,123.935,42.3933,1441542,64,95,0,14-3-29 23:22:15,1
U51LX00FGI,123.935,42.3915,1441544,66,95,0,14-3-29 23:22:26,1
U51LX00FGI,123.934,42.3899,1441546,68,95,0,14-3-29 23:22:36,1
U51LX00FGI,123.933,42.3882,1441548,68,100,0,14-3-29 23:22:47,1
U51LX00FGI,123.932,42.3864,1441550,68,100,0,14-3-29 23:22:58,1
U51LX00FGI,123.931,42.3848,1441552,66,105,0,14-3-29 23:23:9,1
U51LX00FGI,123.93,42.3832,1441554,64,105,0,14-3-29 23:23:20,1
U51LX00FGI,123.928,42.3817,1441556,64,105,0,14-3-29 23:23:31,1
U51LX00FGI,123.925,42.379,1441560,66,110,0,14-3-29 23:23:53,1
U51LX00FGI,123.922,42.3764,1441565,66,110,0,14-3-29 23:24:14,1
U51LX00FGI,123.92,42.3752,1441567,66,110,0,14-3-29 23:24:25,1
U51LX00FGI,123.916,42.3727,1441571,64,110,0,14-3-29 23:24:47,1
U51LX00FGI,123.913,42.3702,1441575,64,110,0,14-3-29 23:25:9,1
U51LX00FGI,123.911,42.369,1441577,64,110,0,14-3-29 23:25:20,1
U51LX00FGI,123.91,42.3676,1441579,66,105,0,14-3-29 23:25:31,1
U51LX00FGI,123.907,42.3627,1441585,60,90,0,14-3-29 23:26:3,1
U51LX00FGI,123.908,42.361,1441587,56,85,0,14-3-29 23:26:15,1
U51LX00FGI,123.908,42.3593,1441589,51,85,0,14-3-29 23:26:28,1
U51LX00FGI,123.908,42.3575,1441591,51,90,0,14-3-29 23:26:42,1
U51LX00FGI,123.907,42.3558,1441593,55,95,0,14-3-29 23:26:55,1
U51LX00FGI,123.907,42.3541,1441595,56,100,0,14-3-29 23:27:8,1
U51LX00FGI,123.905,42.3526,1441597,60,105,0,14-3-29 23:27:20,1
U51LX00FGI,123.902,42.3499,1441601,64,110,0,14-3-29 23:27:43,1
U51LX00FGI,123.897,42.3461,1441607,64,110,0,14-3-29 23:28:16,1
U51LX00FGI,123.895,42.3447,1441609,66,105,0,14-3-29 23:28:27,1
U51LX00FGI,123.894,42.3432,1441611,64,105,0,14-3-29 23:28:38,1
U51LX00FGI,123.893,42.3417,1441613,64,100,0,14-3-29 23:28:49,1
U51LX00FGI,123.892,42.34,1441615,64,100,0,14-3-29 23:29:0,1
U51LX00FGI,123.891,42.3384,1441617,60,95,0,14-3-29 23:29:11,1
U51LX00FGI,123.89,42.3366,1441619,62,95,0,14-3-29 23:29:23,1
U51LX00FGI,123.89,42.3349,1441621,64,95,0,14-3-29 23:29:34,1
U51LX00FGI,123.889,42.3331,1441623,64,95,0,14-3-29 23:29:45,1
U51LX00FGI,123.888,42.3314,1441625,64,95,0,14-3-29 23:29:56,1
U51LX00FGI,123.888,42.3297,1441627,66,95,0,14-3-29 23:30:7,1
U51LX00FGI,123.887,42.3279,1441629,68,100,0,14-3-29 23:30:18,1
U51LX00FGI,123.884,42.3232,1441635,60,100,0,14-3-29 23:30:49,1
U51LX00FGI,123.881,42.3192,1441640,56,100,0,14-3-29 23:31:19,1
U51LX00FGI,123.88,42.3175,1441642,56,100,0,14-3-29 23:31:32,1
U51LX00FGI,123.88,42.3157,1441644,56,95,0,14-3-29 23:31:45,1
U51LX00FGI,123.879,42.3139,1441647,56,95,0,14-3-29 23:31:58,1
U51LX00FGI,123.879,42.3122,1441649,58,90,0,14-3-29 23:32:10,1
U51LX00FGI,123.878,42.3103,1441651,62,90,0,14-3-29 23:32:22,1
U51LX00FGI,123.878,42.3086,1441653,62,90,0,14-3-29 23:32:33,1
U51LX00FGI,123.878,42.3069,1441655,64,90,0,14-3-29 23:32:44,1
U51LX00FGI,123.878,42.3052,1441657,62,90,0,14-3-29 23:32:55,1
U51LX00FGI,123.877,42.3034,1441659,62,90,0,14-3-29 23:33:7,1
U51LX00FGI,123.877,42.3016,1441661,66,90,0,14-3-29 23:33:18,1
U51LX00FGI,123.877,42.2998,1441663,62,90,0,14-3-29 23:33:29,1
U51LX00FGI,123.877,42.2981,1441665,55,90,0,14-3-29 23:33:41,1
U51LX00FGI,123.876,42.2963,1441667,51,90,0,14-3-29 23:33:55,1
U51LX00FGI,123.876,42.2945,1441669,53,90,0,14-3-29 23:34:9,1
U51LX00FGI,123.876,42.2928,1441671,55,90,0,14-3-29 23:34:22,1
U51LX00FGI,123.876,42.291,1441673,49,90,0,14-3-29 23:34:36,1
U51LX00FGI,123.875,42.2892,1441675,47,90,0,14-3-29 23:34:51,1
U51LX00FGI,123.875,42.2874,1441677,47,90,0,14-3-29 23:35:7,1
U51LX00FGI,123.875,42.2856,1441679,55,90,0,14-3-29 23:35:21,1
U51LX00FGI,123.874,42.2839,1441681,60,95,0,14-3-29 23:35:33,1
U51LX00FGI,123.874,42.2822,1441683,58,95,0,14-3-29 23:35:45,1
U51LX00FGI,123.873,42.2805,1441685,56,95,0,14-3-29 23:35:57,1
U51LX00FGI,123.872,42.2788,1441687,58,100,0,14-3-29 23:36:10,1
U51LX00FGI,123.871,42.2771,1441689,58,100,0,14-3-29 23:36:22,1
U51LX00FGI,123.87,42.2756,1441691,56,100,0,14-3-29 23:36:34,1
U51LX00FGI,123.869,42.2739,1441693,56,100,0,14-3-29 23:36:47,1
U51LX00FGI,123.868,42.2724,1441695,56,100,0,14-3-29 23:36:59,1
U51LX00FGI,123.867,42.2708,1441697,56,100,0,14-3-29 23:37:12,1
U51LX00FGI,123.866,42.2692,1441699,56,100,0,14-3-29 23:37:25,1
U51LX00FGI,123.865,42.2676,1441701,56,100,0,14-3-29 23:37:38,1
U51LX00FGI,123.864,42.2661,1441703,55,105,0,14-3-29 23:37:51,1
U51LX00FGI,123.862,42.2646,1441705,49,105,0,14-3-29 23:38:5,1
U51LX00FGI,123.861,42.2633,1441708,39,110,0,14-3-29 23:38:21,1
U51LX00FGI,123.859,42.2621,1441710,43,110,0,14-3-29 23:38:38,1
U51LX00FGI,123.857,42.2611,1441712,47,115,0,14-3-29 23:38:54,1
U51LX00FGI,123.855,42.2602,1441714,51,120,0,14-3-29 23:39:8,1
U51LX00FGI,123.853,42.2595,1441716,53,120,0,14-3-29 23:39:21,1
U51LX00FGI,123.851,42.2588,1441718,58,120,0,14-3-29 23:39:34,1
U51LX00FGI,123.848,42.2582,1441720,60,120,0,14-3-29 23:39:46,1
U51LX00FGI,123.846,42.2575,1441722,60,120,0,14-3-29 23:39:58,1
U51LX00FGI,123.844,42.2568,1441724,58,120,0,14-3-29 23:40:10,1
U51LX00FGI,123.842,42.2561,1441726,60,120,0,14-3-29 23:40:22,1
U51LX00FGI,123.84,42.2555,1441728,60,120,0,14-3-29 23:40:34,1
U51LX00FGI,123.837,42.2548,1441730,58,120,0,14-3-29 23:40:46,1
U51LX00FGI,123.835,42.254,1441732,58,120,0,14-3-29 23:40:58,1
U51LX00FGI,123.833,42.2532,1441734,58,120,0,14-3-29 23:41:10,1
U51LX00FGI,123.831,42.2524,1441736,58,115,0,14-3-29 23:41:22,1
U51LX00FGI,123.829,42.2515,1441738,58,115,0,14-3-29 23:41:34,1
U51LX00FGI,123.827,42.2506,1441740,60,115,0,14-3-29 23:41:46,1
U51LX00FGI,123.825,42.2496,1441742,58,115,0,14-3-29 23:41:58,1
U51LX00FGI,123.823,42.2485,1441744,62,115,0,14-3-29 23:42:10,1
U51LX00FGI,123.821,42.2474,1441746,64,115,0,14-3-29 23:42:21,1
U51LX00FGI,123.819,42.2463,1441748,64,115,0,14-3-29 23:42:32,1
U51LX00FGI,123.818,42.2452,1441750,62,115,0,14-3-29 23:42:43,1
U51LX00FGI,123.816,42.2441,1441752,60,115,0,14-3-29 23:42:55,1
U51LX00FGI,123.814,42.2431,1441754,62,115,0,14-3-29 23:43:7,1
U51LX00FGI,123.811,42.2423,1441756,62,120,0,14-3-29 23:43:19,1
U51LX00FGI,123.807,42.2411,1441761,66,125,0,14-3-29 23:43:42,1
U51LX00FGI,123.802,42.2405,1441765,64,130,0,14-3-29 23:44:4,1
U51LX00FGI,123.8,42.2404,1441767,62,130,0,14-3-29 23:44:15,1
U51LX00FGI,123.795,42.2402,1441771,58,130,0,14-3-29 23:44:39,1
U51LX00FGI,123.792,42.24,1441773,64,130,0,14-3-29 23:44:51,1
U51LX00FGI,123.79,42.2397,1441775,62,125,0,14-3-29 23:45:2,1
U51LX00FGI,123.788,42.2391,1441777,62,120,0,14-3-29 23:45:14,1
U51LX00FGI,123.786,42.2384,1441779,62,120,0,14-3-29 23:45:25,1
U51LX00FGI,123.783,42.2375,1441781,60,115,0,14-3-29 23:45:37,1
U51LX00FGI,123.781,42.2364,1441783,62,110,0,14-3-29 23:45:49,1
U51LX00FGI,123.78,42.2352,1441785,64,110,0,14-3-29 23:46:0,1
U51LX00FGI,123.777,42.2332,1441789,64,110,0,14-3-29 23:46:19,1
U51LX00FGI,123.776,42.2328,1441789,62,110,0,14-3-29 23:46:22,1
U51LX00FGI,123.775,42.2316,1441791,60,110,0,14-3-29 23:46:34,1
U51LX00FGI,123.773,42.2304,1441793,60,110,0,14-3-29 23:46:46,1
U51LX00FGI,123.771,42.2291,1441795,60,110,0,14-3-29 23:46:58,1
U51LX00FGI,123.769,42.2279,1441798,62,110,0,14-3-29 23:47:10,1
U51LX00FGI,123.767,42.2266,1441800,60,110,0,14-3-29 23:47:22,1
U51LX00FGI,123.766,42.2255,1441802,56,110,0,14-3-29 23:47:34,1
U51LX00FGI,123.764,42.2243,1441804,58,110,0,14-3-29 23:47:46,1
U51LX00FGI,123.762,42.2231,1441806,58,110,0,14-3-29 23:47:58,1
U51LX00FGI,123.761,42.2219,1441808,56,110,0,14-3-29 23:48:10,1
U51LX00FGI,123.759,42.2206,1441810,56,110,0,14-3-29 23:48:23,1
U51LX00FGI,123.755,42.2182,1441814,56,110,0,14-3-29 23:48:48,1
U51LX00FGI,123.752,42.2157,1441818,56,110,0,14-3-29 23:49:13,1
U51LX00FGI,123.748,42.2133,1441822,58,110,0,14-3-29 23:49:38,1
U51LX00FGI,123.746,42.2121,1441824,58,115,0,14-3-29 23:49:51,1
U51LX00FGI,123.744,42.2111,1441826,60,115,0,14-3-29 23:50:3,1
U51LX00FGI,123.743,42.21,1441828,62,115,0,14-3-29 23:50:14,1
U51LX00FGI,123.741,42.2089,1441830,58,115,0,14-3-29 23:50:26,1
U51LX00FGI,123.739,42.208,1441832,56,115,0,14-3-29 23:50:38,1
U51LX00FGI,123.737,42.207,1441834,55,115,0,14-3-29 23:50:51,1
U51LX00FGI,123.735,42.206,1441836,56,115,0,14-3-29 23:51:4,1
U51LX00FGI,123.732,42.2048,1441839,53,115,0,14-3-29 23:51:20,1
U51LX00FGI,123.731,42.2041,1441840,55,115,0,14-3-29 23:51:30,1
U51LX00FGI,123.729,42.203,1441842,58,115,0,14-3-29 23:51:43,1
U51LX00FGI,123.727,42.2019,1441844,56,115,0,14-3-29 23:51:55,1
U51LX00FGI,123.725,42.2009,1441846,56,110,0,14-3-29 23:52:7,1
U51LX00FGI,123.723,42.1997,1441848,56,110,0,14-3-29 23:52:20,1
U51LX00FGI,123.722,42.1985,1441851,56,110,0,14-3-29 23:52:33,1
U51LX00FGI,123.72,42.1972,1441853,56,110,0,14-3-29 23:52:45,1
U51LX00FGI,123.718,42.1959,1441855,55,110,0,14-3-29 23:52:58,1
U51LX00FGI,123.717,42.1945,1441857,56,105,0,14-3-29 23:53:11,1
U51LX00FGI,123.715,42.1932,1441859,58,105,0,14-3-29 23:53:23,1
U51LX00FGI,123.714,42.1918,1441861,56,105,0,14-3-29 23:53:35,1
U51LX00FGI,123.712,42.1903,1441863,56,105,0,14-3-29 23:53:48,1
U51LX00FGI,123.711,42.1888,1441865,55,105,0,14-3-29 23:54:1,1
U51LX00FGI,123.71,42.1872,1441867,55,100,0,14-3-29 23:54:14,1
U51LX00FGI,123.709,42.1857,1441869,58,100,0,14-3-29 23:54:27,1
U51LX00FGI,123.708,42.1841,1441871,58,100,0,14-3-29 23:54:39,1
U51LX00FGI,123.707,42.1826,1441873,56,100,0,14-3-29 23:54:51,1
U51LX00FGI,123.705,42.1811,1441875,58,110,0,14-3-29 23:55:4,1
U51LX00FGI,123.703,42.1804,1441877,60,125,0,14-3-29 23:55:16,1
U51LX00FGI,123.701,42.1805,1441879,53,140,0,14-3-29 23:55:29,1
U51LX00FGI,123.699,42.1814,1441881,60,150,0,14-3-29 23:55:42,1
U51LX00FGI,123.697,42.1824,1441883,62,150,0,14-3-29 23:55:54,1
U51LX00FGI,123.694,42.1833,1441885,68,145,0,14-3-29 23:56:5,1
U51LX00FGI,123.691,42.1846,1441889,74,145,0,14-3-29 23:56:21,1
U51LX00FGI,123.688,42.1856,1441892,74,145,0,14-3-29 23:56:35,1
U51LX00FGI,123.686,42.1863,1441894,68,145,0,14-3-29 23:56:45,1
U51LX00FGI,123.683,42.187,1441896,66,145,0,14-3-29 23:56:56,1
U51LX00FGI,123.681,42.1878,1441898,66,145,0,14-3-29 23:57:7,1
U51LX00FGI,123.679,42.1884,1441900,68,145,0,14-3-29 23:57:17,1
U51LX00FGI,123.677,42.1892,1441902,66,145,0,14-3-29 23:57:28,1
U51LX00FGI,123.675,42.1899,1441904,64,145,0,14-3-29 23:57:39,1
U51LX00FGI,123.673,42.1906,1441906,62,145,0,14-3-29 23:57:50,1
U51LX00FGI,123.67,42.1912,1441908,58,140,0,14-3-29 23:58:2,1
U51LX00FGI,123.668,42.1915,1441910,58,135,0,14-3-29 23:58:14,1
U51LX00FGI,123.666,42.1917,1441912,62,135,0,14-3-29 23:58:26,1
U51LX00FGI,123.663,42.1916,1441914,62,130,0,14-3-29 23:58:38,1
U51LX00FGI,123.661,42.1914,1441916,62,130,0,14-3-29 23:58:50,1
U51LX00FGI,123.658,42.1912,1441918,62,130,0,14-3-29 23:59:1,1
U51LX00FGI,123.656,42.191,1441920,62,130,0,14-3-29 23:59:13,1
U51LX00FGI,123.653,42.1909,1441922,60,130,0,14-3-29 23:59:24,1
U51LX00FGI,123.651,42.1907,1441924,60,130,0,14-3-29 23:59:36,1
U51LX00FGI,123.649,42.1906,1441926,60,130,0,14-3-29 23:59:48,1
U51LX00FGI,123.646,42.1904,1441929,62,130,0,14-3-30 0:0:0,1
