X32SFG6LPI,121.286,31.0113,3237633,0,0,0,14-3-28 0:1:49,1
X32SFG6LPI,121.286,31.0113,3237633,0,0,0,14-3-28 0:3:49,1
X32SFG6LPI,121.286,31.0113,3237633,0,0,0,14-3-28 0:5:49,1
X32SFG6LPI,121.286,31.0113,3237633,0,0,0,14-3-28 0:6:55,1
X32SFG6LPI,121.286,31.0113,3237633,0,0,0,14-3-28 0:7:49,1
X32SFG6LPI,121.286,31.0113,3237633,0,0,0,14-3-28 0:9:49,1
X32SFG6LPI,121.286,31.0113,3237633,0,0,0,14-3-28 0:11:49,1
X32SFG6LPI,121.286,31.0113,3237633,0,0,0,14-3-28 0:11:56,1
X32SFG6LPI,121.286,31.0113,3237633,0,0,0,14-3-28 0:13:49,1
X32SFG6LPI,121.286,31.0113,3237633,0,0,0,14-3-28 0:15:53,1
X32SFG6LPI,121.286,31.0113,3237633,0,0,0,14-3-28 0:16:57,1
X32SFG6LPI,121.286,31.0113,3237633,0,0,0,14-3-28 0:17:53,1
X32SFG6LPI,121.286,31.0113,3237633,0,0,0,14-3-28 0:19:53,1
X32SFG6LPI,121.286,31.0113,3237633,0,0,0,14-3-28 0:21:53,1
X32SFG6LPI,121.286,31.0113,3237633,0,0,0,14-3-28 0:21:58,1
X32SFG6LPI,121.286,31.0113,3237633,0,0,0,14-3-28 0:23:53,1
X32SFG6LPI,121.286,31.0113,3237633,0,0,0,14-3-28 0:25:53,1
X32SFG6LPI,121.286,31.0113,3237633,0,0,0,14-3-28 0:26:59,1
X32SFG6LPI,121.286,31.0113,3237633,0,0,0,14-3-28 0:27:53,1
X32SFG6LPI,121.286,31.0113,3237633,0,0,0,14-3-28 0:29:53,1
X32SFG6LPI,121.286,31.0113,3237633,0,0,0,14-3-28 0:32:0,1
X32SFG6LPI,121.286,31.0113,3237633,0,0,0,14-3-28 0:33:53,1
X32SFG6LPI,121.286,31.0113,3237633,0,0,0,14-3-28 0:35:53,1
X32SFG6LPI,121.286,31.0113,3237633,0,0,0,14-3-28 0:37:1,1
X32SFG6LPI,121.286,31.0113,3237633,0,0,0,14-3-28 0:37:53,1
X32SFG6LPI,121.286,31.0113,3237633,0,0,0,14-3-28 0:39:53,1
X32SFG6LPI,121.286,31.0113,3237633,0,0,0,14-3-28 0:41:53,1
X32SFG6LPI,121.286,31.0113,3237633,0,0,0,14-3-28 0:42:2,1
X32SFG6LPI,121.286,31.0113,3237633,0,0,0,14-3-28 0:43:53,1
X32SFG6LPI,121.286,31.0113,3237633,0,0,0,14-3-28 0:45:53,1
X32SFG6LPI,121.286,31.0113,3237633,0,0,0,14-3-28 0:47:3,1
X32SFG6LPI,121.286,31.0113,3237633,0,0,0,14-3-28 0:47:53,1
X32SFG6LPI,121.286,31.0113,3237633,0,0,0,14-3-28 0:49:53,1
X32SFG6LPI,121.286,31.0113,3237633,0,0,0,14-3-28 0:51:53,1
X32SFG6LPI,121.286,31.0113,3237633,0,0,0,14-3-28 0:52:4,1
X32SFG6LPI,121.286,31.0113,3237633,0,0,0,14-3-28 0:53:53,1
X32SFG6LPI,121.286,31.0113,3237633,0,0,0,14-3-28 0:55:53,1
X32SFG6LPI,121.286,31.0113,3237633,0,0,0,14-3-28 0:57:5,1
X32SFG6LPI,121.286,31.0113,3237633,0,0,0,14-3-28 0:57:53,1
X32SFG6LPI,121.286,31.0113,3237633,0,0,0,14-3-28 0:59:53,1
X32SFG6LPI,121.286,31.0113,3237633,0,0,0,14-3-28 1:1:53,1
X32SFG6LPI,121.286,31.0113,3237633,0,0,0,14-3-28 1:2:6,1
X32SFG6LPI,121.286,31.0113,3237633,0,0,0,14-3-28 1:3:53,1
X32SFG6LPI,121.286,31.0113,3237633,0,0,0,14-3-28 1:5:53,1
X32SFG6LPI,121.286,31.0113,3237633,0,0,0,14-3-28 1:10:48,1
X32SFG6LPI,121.286,31.0113,3237633,0,0,0,14-3-28 1:10:56,1
X32SFG6LPI,121.286,31.0113,3237633,0,0,0,14-3-28 1:14:15,1
X32SFG6LPI,121.286,31.0113,3237633,0,0,0,14-3-28 1:15:49,1
X32SFG6LPI,121.286,31.0113,3237633,0,0,0,14-3-28 1:16:15,1
X32SFG6LPI,121.286,31.0113,3237633,0,0,0,14-3-28 1:18:15,1
X32SFG6LPI,121.286,31.0113,3237633,0,0,0,14-3-28 1:20:15,1
X32SFG6LPI,121.286,31.0113,3237633,0,0,0,14-3-28 1:20:50,1
X32SFG6LPI,121.286,31.0113,3237633,0,0,0,14-3-28 1:22:15,1
X32SFG6LPI,121.286,31.0113,3237633,0,0,0,14-3-28 1:24:15,1
X32SFG6LPI,121.286,31.0113,3237633,0,0,0,14-3-28 1:32:22,1
X32SFG6LPI,121.286,31.0113,3237633,0,0,0,14-3-28 1:32:29,1
X32SFG6LPI,121.286,31.0113,3237633,0,0,0,14-3-28 1:35:55,1
X32SFG6LPI,121.286,31.0113,3237633,0,0,0,14-3-28 1:37:22,1
X32SFG6LPI,121.286,31.0113,3237633,0,0,0,14-3-28 1:37:55,1
X32SFG6LPI,121.286,31.0113,3237633,0,0,0,14-3-28 1:39:55,1
X32SFG6LPI,121.286,31.0113,3237633,0,0,0,14-3-28 1:41:55,1
X32SFG6LPI,121.286,31.0113,3237633,0,0,0,14-3-28 1:42:23,1
X32SFG6LPI,121.286,31.0113,3237633,0,0,0,14-3-28 1:43:55,1
X32SFG6LPI,121.286,31.0113,3237633,0,0,0,14-3-28 1:45:55,1
X32SFG6LPI,121.286,31.0113,3237633,0,0,0,14-3-28 1:47:24,1
X32SFG6LPI,121.286,31.0113,3237633,0,0,0,14-3-28 1:47:55,1
X32SFG6LPI,121.286,31.0113,3237633,0,0,0,14-3-28 1:49:55,1
X32SFG6LPI,121.286,31.0113,3237633,0,0,0,14-3-28 1:51:55,1
X32SFG6LPI,121.286,31.0113,3237633,0,0,0,14-3-28 1:52:25,1
X32SFG6LPI,121.286,31.0113,3237633,0,0,0,14-3-28 1:53:55,1
X32SFG6LPI,121.286,31.0113,3237633,0,0,0,14-3-28 1:55:55,1
X32SFG6LPI,121.286,31.0113,3237633,0,0,0,14-3-28 1:57:26,1
X32SFG6LPI,121.286,31.0113,3237633,0,0,0,14-3-28 1:57:55,1
X32SFG6LPI,121.286,31.0113,3237633,0,0,0,14-3-28 1:59:55,1
X32SFG6LPI,121.286,31.0113,3237633,0,0,0,14-3-28 2:1:55,1
X32SFG6LPI,121.286,31.0113,3237633,0,0,0,14-3-28 2:2:27,1
X32SFG6LPI,121.286,31.0113,3237633,0,0,0,14-3-28 2:3:55,1
X32SFG6LPI,121.286,31.0113,3237633,0,0,0,14-3-28 2:5:55,1
X32SFG6LPI,121.286,31.0113,3237633,0,0,0,14-3-28 2:7:28,1
X32SFG6LPI,121.286,31.0113,3237633,0,0,0,14-3-28 2:7:55,1
X32SFG6LPI,121.286,31.0113,3237633,0,0,0,14-3-28 2:9:55,1
X32SFG6LPI,121.286,31.0113,3237633,0,0,0,14-3-28 2:11:55,1
X32SFG6LPI,121.286,31.0113,3237633,0,0,0,14-3-28 2:12:29,1
X32SFG6LPI,121.286,31.0113,3237633,0,0,0,14-3-28 2:13:55,1
X32SFG6LPI,121.286,31.0113,3237633,0,0,0,14-3-28 2:15:55,1
X32SFG6LPI,121.286,31.0113,3237633,0,0,0,14-3-28 2:17:30,1
X32SFG6LPI,121.286,31.0113,3237633,0,0,0,14-3-28 2:17:55,1
X32SFG6LPI,121.286,31.0113,3237633,0,0,0,14-3-28 2:19:55,1
X32SFG6LPI,121.286,31.0113,3237633,0,0,0,14-3-28 2:21:55,1
X32SFG6LPI,121.286,31.0113,3237633,0,0,0,14-3-28 2:22:31,1
X32SFG6LPI,121.286,31.0113,3237633,0,0,0,14-3-28 2:23:55,1
X32SFG6LPI,121.286,31.0113,3237633,0,0,0,14-3-28 2:25:55,1
X32SFG6LPI,121.286,31.0113,3237633,0,0,0,14-3-28 2:27:32,1
X32SFG6LPI,121.286,31.0113,3237633,0,0,0,14-3-28 2:27:55,1
X32SFG6LPI,121.286,31.0113,3237633,0,0,0,14-3-28 2:29:55,1
X32SFG6LPI,121.286,31.0113,3237633,0,0,0,14-3-28 2:31:55,1
X32SFG6LPI,121.286,31.0113,3237633,0,0,0,14-3-28 2:32:33,1
X32SFG6LPI,121.286,31.0113,3237633,0,0,0,14-3-28 2:33:55,1
X32SFG6LPI,121.286,31.0113,3237633,0,0,0,14-3-28 2:35:55,1
X32SFG6LPI,121.286,31.0113,3237633,0,0,0,14-3-28 2:37:34,1
X32SFG6LPI,121.286,31.0113,3237633,0,0,0,14-3-28 2:37:55,1
X32SFG6LPI,121.286,31.0113,3237633,0,0,0,14-3-28 2:39:55,1
X32SFG6LPI,121.286,31.0113,3237633,0,0,0,14-3-28 2:41:55,1
X32SFG6LPI,121.286,31.0113,3237633,0,0,0,14-3-28 2:42:35,1
X32SFG6LPI,121.286,31.0113,3237633,0,0,0,14-3-28 2:43:55,1
X32SFG6LPI,121.286,31.0113,3237633,0,0,0,14-3-28 2:45:55,1
X32SFG6LPI,121.286,31.0113,3237633,0,0,0,14-3-28 2:47:36,1
X32SFG6LPI,121.286,31.0113,3237633,0,0,0,14-3-28 2:47:55,1
X32SFG6LPI,121.286,31.0113,3237633,0,0,0,14-3-28 2:49:55,1
X32SFG6LPI,121.286,31.0113,3237633,0,0,0,14-3-28 2:51:55,1
X32SFG6LPI,121.286,31.0113,3237633,0,0,0,14-3-28 2:52:37,1
X32SFG6LPI,121.286,31.0113,3237633,0,0,0,14-3-28 2:53:55,1
X32SFG6LPI,121.286,31.0113,3237633,0,0,0,14-3-28 2:55:55,1
X32SFG6LPI,121.286,31.0113,3237633,0,0,0,14-3-28 2:57:38,1
X32SFG6LPI,121.286,31.0113,3237633,0,0,0,14-3-28 2:57:55,1
X32SFG6LPI,121.286,31.0113,3237633,0,0,0,14-3-28 2:59:55,1
X32SFG6LPI,121.286,31.0113,3237633,0,0,0,14-3-28 3:1:55,1
X32SFG6LPI,121.286,31.0113,3237633,0,0,0,14-3-28 3:2:39,1
X32SFG6LPI,121.286,31.0113,3237633,0,0,0,14-3-28 3:3:55,1
X32SFG6LPI,121.286,31.0113,3237633,0,0,0,14-3-28 3:5:55,1
X32SFG6LPI,121.286,31.0113,3237633,0,0,0,14-3-28 3:7:40,1
X32SFG6LPI,121.286,31.0113,3237633,0,0,0,14-3-28 3:7:55,1
X32SFG6LPI,121.286,31.0113,3237633,0,0,0,14-3-28 3:9:55,1
X32SFG6LPI,121.286,31.0113,3237633,0,0,0,14-3-28 3:11:55,1
X32SFG6LPI,121.286,31.0113,3237633,0,0,0,14-3-28 3:12:41,1
X32SFG6LPI,121.286,31.0113,3237633,0,0,0,14-3-28 3:13:55,1
X32SFG6LPI,121.286,31.0113,3237633,0,0,0,14-3-28 3:15:55,1
X32SFG6LPI,121.286,31.0113,3237633,0,0,0,14-3-28 3:17:42,1
X32SFG6LPI,121.286,31.0113,3237633,0,0,0,14-3-28 3:17:55,1
X32SFG6LPI,121.286,31.0113,3237633,0,0,0,14-3-28 3:19:55,1
X32SFG6LPI,121.286,31.0113,3237633,0,0,0,14-3-28 3:21:55,1
X32SFG6LPI,121.286,31.0113,3237633,0,0,0,14-3-28 3:22:43,1
X32SFG6LPI,121.286,31.0113,3237633,0,0,0,14-3-28 3:23:55,1
X32SFG6LPI,121.286,31.0113,3237633,0,0,0,14-3-28 3:25:55,1
X32SFG6LPI,121.286,31.0113,3237633,0,0,0,14-3-28 3:27:44,1
X32SFG6LPI,121.286,31.0113,3237633,0,0,0,14-3-28 3:27:55,1
X32SFG6LPI,121.286,31.0113,3237633,0,0,0,14-3-28 3:29:55,1
X32SFG6LPI,121.286,31.0113,3237633,0,0,0,14-3-28 3:31:55,1
X32SFG6LPI,121.286,31.0113,3237633,0,0,0,14-3-28 3:32:44,1
X32SFG6LPI,121.286,31.0113,3237633,0,0,0,14-3-28 3:33:54,1
X32SFG6LPI,121.286,31.0113,3237633,0,0,0,14-3-28 3:35:54,1
X32SFG6LPI,121.286,31.0113,3237633,0,0,0,14-3-28 3:37:45,1
X32SFG6LPI,121.286,31.0113,3237633,0,0,0,14-3-28 3:37:54,1
X32SFG6LPI,121.286,31.0113,3237633,0,0,0,14-3-28 3:39:54,1
X32SFG6LPI,121.286,31.0113,3237633,0,0,0,14-3-28 3:41:54,1
X32SFG6LPI,121.286,31.0113,3237633,0,0,0,14-3-28 3:42:46,1
X32SFG6LPI,121.286,31.0113,3237633,0,0,0,14-3-28 3:43:54,1
X32SFG6LPI,121.286,31.0113,3237633,0,0,0,14-3-28 3:45:54,1
X32SFG6LPI,121.286,31.0113,3237633,0,0,0,14-3-28 3:47:47,1
X32SFG6LPI,121.286,31.0113,3237633,0,0,0,14-3-28 3:47:54,1
X32SFG6LPI,121.286,31.0113,3237633,0,0,0,14-3-28 3:49:54,1
X32SFG6LPI,121.286,31.0113,3237633,0,0,0,14-3-28 3:51:54,1
X32SFG6LPI,121.286,31.0113,3237633,0,0,0,14-3-28 3:52:48,1
X32SFG6LPI,121.286,31.0113,3237633,0,0,0,14-3-28 3:53:54,1
X32SFG6LPI,121.286,31.0113,3237633,0,0,0,14-3-28 3:55:54,1
X32SFG6LPI,121.286,31.0113,3237633,0,0,0,14-3-28 3:57:54,1
X32SFG6LPI,121.286,31.0113,3237633,0,0,0,14-3-28 3:59:54,1
X32SFG6LPI,121.286,31.0113,3237633,0,0,0,14-3-28 4:1:54,1
X32SFG6LPI,121.286,31.0113,3237633,0,0,0,14-3-28 4:2:50,1
X32SFG6LPI,121.286,31.0113,3237633,0,0,0,14-3-28 4:3:54,1
X32SFG6LPI,121.286,31.0113,3237633,0,0,0,14-3-28 4:5:54,1
X32SFG6LPI,121.286,31.0113,3237633,0,0,0,14-3-28 4:7:54,1
X32SFG6LPI,121.286,31.0113,3237633,0,0,0,14-3-28 4:9:54,1
X32SFG6LPI,121.286,31.0113,3237633,0,0,0,14-3-28 4:11:54,1
X32SFG6LPI,121.286,31.0113,3237633,0,0,0,14-3-28 4:12:52,1
X32SFG6LPI,121.286,31.0113,3237633,0,0,0,14-3-28 4:13:54,1
X32SFG6LPI,121.286,31.0113,3237633,0,0,0,14-3-28 4:15:54,1
X32SFG6LPI,121.286,31.0113,3237633,0,0,0,14-3-28 4:17:53,1
X32SFG6LPI,121.286,31.0113,3237633,0,0,0,14-3-28 4:17:54,1
X32SFG6LPI,121.286,31.0113,3237633,0,0,0,14-3-28 4:19:54,1
X32SFG6LPI,121.286,31.0113,3237633,0,0,0,14-3-28 4:21:54,1
X32SFG6LPI,121.286,31.0113,3237633,0,0,0,14-3-28 4:22:54,1
X32SFG6LPI,121.286,31.0113,3237633,0,0,0,14-3-28 4:23:54,1
X32SFG6LPI,121.286,31.0113,3237633,0,0,0,14-3-28 4:25:54,1
X32SFG6LPI,121.286,31.0113,3237633,0,0,0,14-3-28 4:27:55,1
X32SFG6LPI,121.286,31.0113,3237633,0,0,0,14-3-28 4:29:54,1
X32SFG6LPI,121.286,31.0113,3237633,0,0,0,14-3-28 4:31:54,1
X32SFG6LPI,121.286,31.0113,3237633,0,0,0,14-3-28 4:32:56,1
X32SFG6LPI,121.286,31.0113,3237633,0,0,0,14-3-28 4:33:54,1
X32SFG6LPI,121.286,31.0113,3237633,0,0,0,14-3-28 4:35:54,1
X32SFG6LPI,121.286,31.0113,3237633,0,0,0,14-3-28 4:37:57,1
X32SFG6LPI,121.286,31.0113,3237633,0,0,0,14-3-28 4:39:54,1
X32SFG6LPI,121.286,31.0113,3237633,0,0,0,14-3-28 4:41:54,1
X32SFG6LPI,121.286,31.0113,3237633,0,0,0,14-3-28 4:42:58,1
X32SFG6LPI,121.286,31.0113,3237633,0,0,0,14-3-28 4:43:54,1
X32SFG6LPI,121.286,31.0113,3237633,0,0,0,14-3-28 4:45:54,1
X32SFG6LPI,121.286,31.0113,3237633,0,0,0,14-3-28 4:47:54,1
X32SFG6LPI,121.286,31.0113,3237633,0,0,0,14-3-28 4:47:59,1
X32SFG6LPI,121.286,31.0113,3237633,0,0,0,14-3-28 4:49:54,1
X32SFG6LPI,121.286,31.0113,3237633,0,0,0,14-3-28 4:51:54,1
X32SFG6LPI,121.286,31.0113,3237633,0,0,0,14-3-28 4:53:0,1
X32SFG6LPI,121.286,31.0113,3237633,0,0,0,14-3-28 4:53:54,1
X32SFG6LPI,121.286,31.0113,3237633,0,0,0,14-3-28 4:55:54,1
X32SFG6LPI,121.286,31.0113,3237633,0,0,0,14-3-28 4:57:54,1
X32SFG6LPI,121.286,31.0113,3237633,0,0,0,14-3-28 4:58:1,1
X32SFG6LPI,121.286,31.0113,3237633,0,0,0,14-3-28 4:59:54,1
X32SFG6LPI,121.286,31.0113,3237633,0,0,0,14-3-28 5:1:54,1
X32SFG6LPI,121.286,31.0113,3237633,0,0,0,14-3-28 5:3:2,1
X32SFG6LPI,121.286,31.0113,3237633,0,0,0,14-3-28 5:3:54,1
X32SFG6LPI,121.286,31.0113,3237633,0,0,0,14-3-28 5:5:54,1
X32SFG6LPI,121.286,31.0113,3237633,0,0,0,14-3-28 5:8:3,1
X32SFG6LPI,121.286,31.0113,3237633,0,0,0,14-3-28 5:9:54,1
X32SFG6LPI,121.286,31.0113,3237633,0,0,0,14-3-28 5:11:54,1
X32SFG6LPI,121.286,31.0113,3237633,0,0,0,14-3-28 5:13:4,1
X32SFG6LPI,121.286,31.0113,3237633,0,0,0,14-3-28 5:13:54,1
X32SFG6LPI,121.286,31.0113,3237633,0,0,0,14-3-28 5:15:54,1
X32SFG6LPI,121.286,31.0113,3237633,0,0,0,14-3-28 5:18:5,1
X32SFG6LPI,121.286,31.0113,3237633,0,0,0,14-3-28 5:19:54,1
X32SFG6LPI,121.286,31.0113,3237633,0,0,0,14-3-28 5:21:54,1
X32SFG6LPI,121.286,31.0113,3237633,0,0,0,14-3-28 5:23:6,1
X32SFG6LPI,121.286,31.0113,3237633,0,0,0,14-3-28 5:23:54,1
X32SFG6LPI,121.286,31.0113,3237633,0,0,0,14-3-28 5:25:54,1
X32SFG6LPI,121.286,31.0113,3237633,0,0,0,14-3-28 5:27:54,1
X32SFG6LPI,121.286,31.0113,3237633,0,0,0,14-3-28 5:28:7,1
X32SFG6LPI,121.286,31.0113,3237633,0,0,0,14-3-28 5:29:54,1
X32SFG6LPI,121.286,31.0113,3237633,0,0,0,14-3-28 5:31:54,1
X32SFG6LPI,121.286,31.0113,3237633,0,0,0,14-3-28 5:33:7,1
X32SFG6LPI,121.286,31.0113,3237633,0,0,0,14-3-28 5:33:54,1
X32SFG6LPI,121.286,31.0113,3237633,0,0,0,14-3-28 5:35:54,1
X32SFG6LPI,121.286,31.0113,3237633,0,0,0,14-3-28 5:37:53,1
X32SFG6LPI,121.286,31.0113,3237633,0,0,0,14-3-28 5:38:8,1
X32SFG6LPI,121.286,31.0113,3237633,0,0,0,14-3-28 5:39:53,1
X32SFG6LPI,121.286,31.0113,3237633,0,0,0,14-3-28 5:41:53,1
X32SFG6LPI,121.286,31.0113,3237633,0,0,0,14-3-28 5:43:9,1
X32SFG6LPI,121.286,31.0113,3237633,0,0,0,14-3-28 5:43:53,1
X32SFG6LPI,121.286,31.0113,3237633,0,0,0,14-3-28 5:45:53,1
X32SFG6LPI,121.286,31.0113,3237633,0,0,0,14-3-28 5:47:53,1
X32SFG6LPI,121.286,31.0113,3237633,0,0,0,14-3-28 5:48:10,1
X32SFG6LPI,121.286,31.0113,3237633,0,0,0,14-3-28 5:49:53,1
X32SFG6LPI,121.286,31.0113,3237633,0,0,0,14-3-28 5:51:53,1
X32SFG6LPI,121.286,31.0113,3237633,0,0,0,14-3-28 5:53:12,1
X32SFG6LPI,121.286,31.0113,3237633,0,0,0,14-3-28 5:53:53,1
X32SFG6LPI,121.286,31.0113,3237633,0,0,0,14-3-28 5:55:53,1
X32SFG6LPI,121.286,31.0113,3237633,0,0,0,14-3-28 5:57:53,1
X32SFG6LPI,121.286,31.0113,3237633,0,0,0,14-3-28 5:58:13,1
X32SFG6LPI,121.286,31.0113,3237633,0,0,0,14-3-28 5:59:53,1
X32SFG6LPI,121.286,31.0113,3237633,0,0,0,14-3-28 6:1:53,1
X32SFG6LPI,121.286,31.0113,3237633,0,0,0,14-3-28 6:3:14,1
X32SFG6LPI,121.286,31.0113,3237633,0,0,0,14-3-28 6:3:53,1
X32SFG6LPI,121.286,31.0113,3237633,0,0,0,14-3-28 6:5:53,1
X32SFG6LPI,121.286,31.0113,3237633,0,0,0,14-3-28 6:7:53,1
X32SFG6LPI,121.286,31.0113,3237633,0,0,0,14-3-28 6:8:15,1
X32SFG6LPI,121.286,31.0113,3237633,0,0,0,14-3-28 6:9:53,1
X32SFG6LPI,121.286,31.0113,3237633,0,0,0,14-3-28 6:11:53,1
X32SFG6LPI,121.286,31.0113,3237633,0,0,0,14-3-28 6:13:16,1
X32SFG6LPI,121.286,31.0113,3237633,0,0,0,14-3-28 6:13:53,1
X32SFG6LPI,121.286,31.0113,3237633,0,0,0,14-3-28 6:15:53,1
X32SFG6LPI,121.286,31.0113,3237633,0,0,0,14-3-28 6:17:53,1
X32SFG6LPI,121.286,31.0113,3237633,0,0,0,14-3-28 6:18:17,1
X32SFG6LPI,121.286,31.0113,3237633,0,0,0,14-3-28 6:19:53,1
X32SFG6LPI,121.286,31.0113,3237633,0,0,0,14-3-28 6:21:53,1
X32SFG6LPI,121.286,31.0113,3237633,0,0,0,14-3-28 6:23:19,1
X32SFG6LPI,121.286,31.0113,3237633,0,0,0,14-3-28 6:23:53,1
X32SFG6LPI,121.286,31.0113,3237633,0,0,0,14-3-28 6:25:54,1
X32SFG6LPI,121.286,31.0113,3237633,0,0,0,14-3-28 6:27:54,1
X32SFG6LPI,121.286,31.0113,3237633,0,0,0,14-3-28 6:28:20,1
X32SFG6LPI,121.286,31.0113,3237633,0,0,0,14-3-28 6:29:54,1
X32SFG6LPI,121.286,31.0113,3237633,0,0,0,14-3-28 6:31:54,1
X32SFG6LPI,121.286,31.0113,3237633,0,0,0,14-3-28 6:33:21,1
X32SFG6LPI,121.286,31.0113,3237633,0,0,0,14-3-28 6:33:54,1
X32SFG6LPI,121.286,31.0113,3237633,0,0,0,14-3-28 6:35:54,1
X32SFG6LPI,121.286,31.0113,3237633,0,0,0,14-3-28 6:37:54,1
X32SFG6LPI,121.286,31.0113,3237633,0,0,0,14-3-28 6:38:22,1
X32SFG6LPI,121.286,31.0113,3237633,0,0,0,14-3-28 6:39:54,1
X32SFG6LPI,121.286,31.0113,3237633,0,0,0,14-3-28 6:41:54,1
X32SFG6LPI,121.286,31.0113,3237633,0,0,0,14-3-28 6:43:23,1
X32SFG6LPI,121.286,31.0113,3237633,0,0,0,14-3-28 6:43:54,1
X32SFG6LPI,121.286,31.0113,3237633,0,0,0,14-3-28 6:45:54,1
X32SFG6LPI,121.286,31.0113,3237633,0,0,0,14-3-28 6:47:54,1
X32SFG6LPI,121.286,31.0113,3237633,0,0,0,14-3-28 6:48:24,1
X32SFG6LPI,121.286,31.0113,3237633,0,0,0,14-3-28 6:49:54,1
X32SFG6LPI,121.286,31.0113,3237633,0,0,0,14-3-28 6:51:54,1
X32SFG6LPI,121.286,31.0113,3237633,0,0,0,14-3-28 6:53:25,1
X32SFG6LPI,121.286,31.0113,3237633,0,0,0,14-3-28 6:53:54,1
X32SFG6LPI,121.286,31.0113,3237633,0,0,0,14-3-28 6:55:54,1
X32SFG6LPI,121.286,31.0113,3237633,0,0,0,14-3-28 6:57:54,1
X32SFG6LPI,121.286,31.0113,3237633,0,0,0,14-3-28 6:58:27,1
X32SFG6LPI,121.286,31.0113,3237633,0,0,0,14-3-28 6:59:54,1
X32SFG6LPI,121.286,31.0113,3237633,0,0,0,14-3-28 7:1:54,1
X32SFG6LPI,121.286,31.0113,3237633,0,0,0,14-3-28 7:3:31,1
X32SFG6LPI,121.286,31.0113,3237633,0,0,0,14-3-28 7:3:54,1
X32SFG6LPI,121.286,31.0113,3237633,0,0,0,14-3-28 7:5:54,1
X32SFG6LPI,121.286,31.0113,3237633,0,0,0,14-3-28 7:7:54,1
X32SFG6LPI,121.286,31.0113,3237633,0,0,0,14-3-28 7:8:35,1
X32SFG6LPI,121.286,31.0113,3237633,0,0,0,14-3-28 7:9:54,1
X32SFG6LPI,121.286,31.0113,3237633,0,0,0,14-3-28 7:11:54,1
X32SFG6LPI,121.286,31.0113,3237633,0,0,0,14-3-28 7:13:38,1
X32SFG6LPI,121.286,31.0113,3237633,0,0,0,14-3-28 7:13:54,1
X32SFG6LPI,121.286,31.0113,3237633,0,0,0,14-3-28 7:15:54,1
X32SFG6LPI,121.286,31.0113,3237633,0,0,0,14-3-28 7:17:54,1
X32SFG6LPI,121.286,31.0113,3237633,0,0,0,14-3-28 7:18:39,1
X32SFG6LPI,121.286,31.0113,3237633,0,0,0,14-3-28 7:23:48,1
X32SFG6LPI,121.286,31.0113,3237633,0,0,0,14-3-28 7:25:54,1
X32SFG6LPI,121.286,31.0113,3237633,0,0,0,14-3-28 7:27:54,1
X32SFG6LPI,121.286,31.0113,3237633,0,0,0,14-3-28 7:28:49,1
X32SFG6LPI,121.286,31.0113,3237633,0,0,0,14-3-28 7:31:53,1
X32SFG6LPI,121.286,31.0113,3237633,0,0,0,14-3-28 7:34:30,1
X32SFG6LPI,121.286,31.0113,3237633,0,0,0,14-3-28 7:37:53,1
X32SFG6LPI,121.286,31.0113,3237633,0,0,0,14-3-28 7:39:46,1
X32SFG6LPI,121.286,31.0113,3237633,0,0,0,14-3-28 7:39:53,1
X32SFG6LPI,121.286,31.0113,3237633,0,0,0,14-3-28 7:41:53,1
X32SFG6LPI,121.286,31.0113,3237633,0,0,0,14-3-28 7:43:53,1
X32SFG6LPI,121.286,31.0113,3237633,0,0,0,14-3-28 7:44:55,1
X32SFG6LPI,121.286,31.0113,3237633,0,0,0,14-3-28 7:50:4,1
X32SFG6LPI,121.286,31.0113,3237633,0,0,0,14-3-28 7:51:53,1
X32SFG6LPI,121.286,31.0113,3237633,0,0,0,14-3-28 7:55:5,1
X32SFG6LPI,121.286,31.0113,3237633,0,0,0,14-3-28 7:55:53,1
X32SFG6LPI,121.286,31.0113,3237633,0,0,0,14-3-28 7:57:53,1
X32SFG6LPI,121.286,31.0113,3237633,0,0,0,14-3-28 7:59:53,1
X32SFG6LPI,121.286,31.0113,3237633,0,0,0,14-3-28 8:0:14,1
X32SFG6LPI,121.286,31.0113,3237633,0,0,0,14-3-28 8:1:53,1
X32SFG6LPI,121.286,31.0113,3237633,0,0,0,14-3-28 8:3:53,1
X32SFG6LPI,121.286,31.0113,3237633,0,0,0,14-3-28 8:5:15,1
X32SFG6LPI,121.286,31.0113,3237633,0,0,0,14-3-28 8:5:53,1
X32SFG6LPI,121.286,31.0113,3237633,0,0,0,14-3-28 8:7:53,1
X32SFG6LPI,121.286,31.0113,3237633,0,0,0,14-3-28 8:10:16,1
X32SFG6LPI,121.286,31.0113,3237633,0,0,0,14-3-28 8:11:53,1
X32SFG6LPI,121.286,31.0113,3237633,0,0,0,14-3-28 8:13:53,1
X32SFG6LPI,121.286,31.0113,3237633,0,0,0,14-3-28 8:16:5,1
X32SFG6LPI,121.286,31.0113,3237633,0,0,0,14-3-28 8:17:53,1
X32SFG6LPI,121.286,31.0113,3237633,0,0,0,14-3-28 8:19:53,1
X32SFG6LPI,121.286,31.0113,3237633,0,0,0,14-3-28 8:21:14,1
X32SFG6LPI,121.286,31.0113,3237633,0,0,0,14-3-28 8:28:6,1
X32SFG6LPI,121.286,31.0113,3237633,0,0,0,14-3-28 8:33:26,1
X32SFG6LPI,121.286,31.0113,3237633,0,0,0,14-3-28 8:39:31,1
X32SFG6LPI,121.286,31.0113,3237633,0,0,0,14-3-28 8:42:8,1
X32SFG6LPI,121.286,31.0113,3237633,0,0,0,14-3-28 8:45:35,1
X32SFG6LPI,121.286,31.0113,3237633,0,0,0,14-3-28 8:47:2,1
X32SFG6LPI,121.286,31.0113,3237633,0,0,0,14-3-28 8:47:35,1
X32SFG6LPI,121.286,31.0113,3237633,0,0,0,14-3-28 8:49:35,1
X32SFG6LPI,121.286,31.0113,3237633,0,0,0,14-3-28 8:51:35,1
X32SFG6LPI,121.286,31.0113,3237633,0,0,0,14-3-28 8:52:3,1
X32SFG6LPI,121.286,31.0113,3237633,0,0,0,14-3-28 8:53:35,1
X32SFG6LPI,121.286,31.0113,3237633,0,0,0,14-3-28 8:55:35,1
X32SFG6LPI,121.286,31.0113,3237633,0,0,0,14-3-28 8:57:4,1
X32SFG6LPI,121.286,31.0113,3237633,0,0,0,14-3-28 8:57:35,1
X32SFG6LPI,121.286,31.0113,3237633,0,0,0,14-3-28 8:59:35,1
X32SFG6LPI,121.286,31.0113,3237633,0,0,0,14-3-28 9:1:35,1
X32SFG6LPI,121.286,31.0113,3237633,0,0,0,14-3-28 9:2:5,1
X32SFG6LPI,121.286,31.0113,3237633,0,0,0,14-3-28 9:3:35,1
X32SFG6LPI,121.286,31.0113,3237633,0,0,0,14-3-28 9:5:35,1
X32SFG6LPI,121.286,31.0113,3237633,0,0,0,14-3-28 9:7:6,1
X32SFG6LPI,121.286,31.0113,3237633,0,0,0,14-3-28 9:7:35,1
X32SFG6LPI,121.286,31.0113,3237633,0,0,0,14-3-28 9:9:35,1
X32SFG6LPI,121.286,31.0113,3237633,0,0,0,14-3-28 9:11:35,1
X32SFG6LPI,121.286,31.0113,3237633,0,0,0,14-3-28 9:12:7,1
X32SFG6LPI,121.286,31.0113,3237633,0,0,0,14-3-28 9:13:35,1
X32SFG6LPI,121.286,31.0113,3237633,0,0,0,14-3-28 9:15:35,1
X32SFG6LPI,121.286,31.0113,3237633,0,0,0,14-3-28 9:17:13,1
X32SFG6LPI,121.286,31.0113,3237633,0,0,0,14-3-28 9:17:35,1
X32SFG6LPI,121.286,31.0113,3237633,0,0,0,14-3-28 9:19:35,1
X32SFG6LPI,121.286,31.0113,3237633,0,0,0,14-3-28 9:21:35,1
X32SFG6LPI,121.286,31.0113,3237633,0,0,0,14-3-28 9:22:14,1
X32SFG6LPI,121.286,31.0113,3237633,0,0,0,14-3-28 9:23:35,1
X32SFG6LPI,121.286,31.0113,3237633,0,0,0,14-3-28 9:25:35,1
X32SFG6LPI,121.286,31.0113,3237633,0,0,0,14-3-28 9:27:15,1
X32SFG6LPI,121.286,31.0113,3237633,0,0,0,14-3-28 9:27:35,1
X32SFG6LPI,121.286,31.0113,3237633,0,0,0,14-3-28 9:29:35,1
X32SFG6LPI,121.286,31.0113,3237633,0,0,0,14-3-28 9:31:35,1
X32SFG6LPI,121.286,31.0113,3237633,0,0,0,14-3-28 9:32:16,1
X32SFG6LPI,121.286,31.0113,3237633,0,0,0,14-3-28 9:33:35,1
X32SFG6LPI,121.286,31.0113,3237633,0,0,0,14-3-28 9:35:35,1
X32SFG6LPI,121.286,31.0113,3237633,0,0,0,14-3-28 9:37:17,1
X32SFG6LPI,121.286,31.0113,3237633,0,0,0,14-3-28 9:37:35,1
X32SFG6LPI,121.286,31.0113,3237633,0,0,0,14-3-28 9:39:35,1
X32SFG6LPI,121.286,31.0113,3237633,0,0,0,14-3-28 9:41:34,1
X32SFG6LPI,121.286,31.0113,3237633,0,0,0,14-3-28 9:42:17,1
X32SFG6LPI,121.286,31.0113,3237633,0,0,0,14-3-28 9:43:34,1
X32SFG6LPI,121.286,31.0113,3237633,0,0,0,14-3-28 9:45:34,1
X32SFG6LPI,121.286,31.0112,3237633,0,0,0,14-3-28 9:47:19,1
X32SFG6LPI,121.286,31.0112,3237633,0,0,0,14-3-28 9:47:34,1
X32SFG6LPI,121.286,31.0112,3237633,0,0,0,14-3-28 9:49:34,1
X32SFG6LPI,121.286,31.0112,3237633,0,0,0,14-3-28 9:51:34,1
X32SFG6LPI,121.286,31.0112,3237633,0,0,0,14-3-28 9:52:20,1
X32SFG6LPI,121.286,31.0112,3237633,0,0,0,14-3-28 9:53:34,1
X32SFG6LPI,121.286,31.0112,3237633,0,0,0,14-3-28 9:55:34,1
X32SFG6LPI,121.286,31.0112,3237633,0,0,0,14-3-28 9:57:23,1
X32SFG6LPI,121.286,31.0112,3237633,0,0,0,14-3-28 9:57:34,1
X32SFG6LPI,121.286,31.0112,3237633,0,0,0,14-3-28 9:59:34,1
X32SFG6LPI,121.286,31.0112,3237633,0,0,0,14-3-28 10:1:34,1
X32SFG6LPI,121.286,31.0112,3237633,0,0,0,14-3-28 10:2:27,1
X32SFG6LPI,121.286,31.0112,3237633,0,0,0,14-3-28 10:3:34,1
X32SFG6LPI,121.286,31.0112,3237633,0,0,0,14-3-28 10:5:34,1
X32SFG6LPI,121.286,31.0112,3237633,0,0,0,14-3-28 10:7:34,1
X32SFG6LPI,121.286,31.0112,3237633,0,0,0,14-3-28 10:9:34,1
X32SFG6LPI,121.286,31.0112,3237633,0,0,0,14-3-28 10:11:34,1
X32SFG6LPI,121.286,31.0112,3237633,0,0,0,14-3-28 10:12:34,1
X32SFG6LPI,121.286,31.0112,3237633,0,0,0,14-3-28 10:13:34,1
X32SFG6LPI,121.286,31.0112,3237633,0,0,0,14-3-28 10:15:34,1
X32SFG6LPI,121.286,31.0112,3237633,0,0,0,14-3-28 10:17:34,1
X32SFG6LPI,121.286,31.0112,3237633,0,0,0,14-3-28 10:17:35,1
X32SFG6LPI,121.286,31.0112,3237633,0,0,0,14-3-28 10:19:34,1
X32SFG6LPI,121.286,31.0112,3237633,0,0,0,14-3-28 10:21:34,1
X32SFG6LPI,121.286,31.0112,3237633,0,0,0,14-3-28 10:23:14,1
X32SFG6LPI,121.286,31.0112,3237633,0,0,0,14-3-28 10:23:34,1
X32SFG6LPI,121.286,31.0112,3237633,0,0,0,14-3-28 10:25:34,1
X32SFG6LPI,121.286,31.0112,3237633,0,0,0,14-3-28 10:27:34,1
X32SFG6LPI,121.286,31.0112,3237633,0,0,0,14-3-28 10:28:15,1
X32SFG6LPI,121.286,31.0112,3237633,0,0,0,14-3-28 10:29:34,1
X32SFG6LPI,121.286,31.0112,3237633,0,0,0,14-3-28 10:31:34,1
X32SFG6LPI,121.286,31.0112,3237633,0,0,0,14-3-28 10:33:24,1
X32SFG6LPI,121.286,31.0112,3237633,0,0,0,14-3-28 10:33:34,1
X32SFG6LPI,121.286,31.0112,3237633,0,0,0,14-3-28 10:35:34,1
X32SFG6LPI,121.286,31.0112,3237633,0,0,0,14-3-28 10:37:34,1
X32SFG6LPI,121.286,31.0112,3237633,0,0,0,14-3-28 10:38:25,1
X32SFG6LPI,121.286,31.0112,3237633,0,0,0,14-3-28 10:39:34,1
X32SFG6LPI,121.286,31.0114,3237633,0,0,0,14-3-28 10:41:34,1
X32SFG6LPI,121.286,31.0114,3237633,0,0,0,14-3-28 10:43:26,1
X32SFG6LPI,121.286,31.0114,3237633,0,0,0,14-3-28 10:43:34,1
X32SFG6LPI,121.286,31.0114,3237633,0,125,0,14-3-28 10:45:34,1
X32SFG6LPI,121.286,31.0114,3237633,0,0,0,14-3-28 10:47:34,1
X32SFG6LPI,121.286,31.0114,3237633,0,0,0,14-3-28 10:48:27,1
X32SFG6LPI,121.286,31.0114,3237633,0,0,0,14-3-28 10:49:34,1
X32SFG6LPI,121.286,31.0114,3237633,0,0,0,14-3-28 10:51:34,1
X32SFG6LPI,121.286,31.0114,3237633,0,0,0,14-3-28 10:53:36,1
X32SFG6LPI,121.286,31.0114,3237633,0,0,0,14-3-28 10:55:34,1
X32SFG6LPI,121.286,31.0114,3237633,0,0,0,14-3-28 10:57:34,1
X32SFG6LPI,121.286,31.0114,3237633,0,0,0,14-3-28 10:58:37,1
X32SFG6LPI,121.286,31.0114,3237633,0,0,0,14-3-28 10:59:34,1
X32SFG6LPI,121.286,31.0114,3237633,0,0,0,14-3-28 11:1:34,1
X32SFG6LPI,121.286,31.0114,3237633,0,0,0,14-3-28 11:3:34,1
X32SFG6LPI,121.286,31.0114,3237633,0,0,0,14-3-28 11:3:38,1
X32SFG6LPI,121.286,31.0114,3237633,0,0,0,14-3-28 11:5:34,1
X32SFG6LPI,121.286,31.0113,3237633,0,0,0,14-3-28 11:7:34,1
X32SFG6LPI,121.286,31.0113,3237633,0,115,0,14-3-28 11:8:39,1
X32SFG6LPI,121.286,31.0113,3237633,0,115,0,14-3-28 11:9:34,1
X32SFG6LPI,121.286,31.0113,3237633,0,0,0,14-3-28 11:11:34,1
X32SFG6LPI,121.286,31.0113,3237633,0,0,0,14-3-28 11:13:34,1
X32SFG6LPI,121.286,31.0113,3237633,0,0,0,14-3-28 11:13:40,1
X32SFG6LPI,121.286,31.0113,3237633,0,0,0,14-3-28 11:15:34,1
X32SFG6LPI,121.286,31.0113,3237633,0,0,0,14-3-28 11:17:34,1
X32SFG6LPI,121.286,31.0113,3237633,0,0,0,14-3-28 11:22:37,1
X32SFG6LPI,121.286,31.0113,3237633,0,0,0,14-3-28 11:25:34,1
X32SFG6LPI,121.286,31.0113,3237633,0,0,0,14-3-28 11:27:31,1
X32SFG6LPI,121.286,31.0113,3237633,0,0,0,14-3-28 11:29:34,1
X32SFG6LPI,121.286,31.0113,3237633,0,0,0,14-3-28 11:31:34,1
X32SFG6LPI,121.286,31.0113,3237633,0,0,0,14-3-28 11:33:31,1
X32SFG6LPI,121.286,31.0113,3237633,0,0,0,14-3-28 11:33:34,1
X32SFG6LPI,121.286,31.0113,3237633,0,0,0,14-3-28 11:35:34,1
X32SFG6LPI,121.286,31.0113,3237633,0,0,0,14-3-28 11:37:34,1
X32SFG6LPI,121.286,31.0113,3237633,0,0,0,14-3-28 11:38:40,1
X32SFG6LPI,121.286,31.0113,3237633,0,0,0,14-3-28 11:39:34,1
X32SFG6LPI,121.286,31.0113,3237633,0,0,0,14-3-28 11:41:34,1
X32SFG6LPI,121.286,31.0113,3237633,0,0,0,14-3-28 11:43:34,1
X32SFG6LPI,121.286,31.0113,3237633,0,0,0,14-3-28 11:43:49,1
X32SFG6LPI,121.286,31.0113,3237633,0,0,0,14-3-28 11:45:34,1
X32SFG6LPI,121.286,31.0113,3237633,0,0,0,14-3-28 11:47:34,1
X32SFG6LPI,121.286,31.0113,3237633,0,0,0,14-3-28 11:48:57,1
X32SFG6LPI,121.286,31.0113,3237633,0,0,0,14-3-28 11:49:33,1
X32SFG6LPI,121.286,31.0113,3237633,0,0,0,14-3-28 11:51:33,1
X32SFG6LPI,121.286,31.0113,3237633,0,0,0,14-3-28 11:53:33,1
X32SFG6LPI,121.286,31.0113,3237633,0,0,0,14-3-28 11:54:6,1
X32SFG6LPI,121.286,31.0113,3237633,0,0,0,14-3-28 11:55:33,1
X32SFG6LPI,121.286,31.0113,3237633,0,0,0,14-3-28 11:57:33,1
X32SFG6LPI,121.286,31.0113,3237633,0,0,0,14-3-28 11:59:7,1
X32SFG6LPI,121.286,31.0113,3237633,0,0,0,14-3-28 11:59:33,1
X32SFG6LPI,121.286,31.0113,3237633,0,0,0,14-3-28 12:1:33,1
X32SFG6LPI,121.286,31.0113,3237633,0,0,0,14-3-28 12:3:33,1
X32SFG6LPI,121.286,31.0113,3237633,0,0,0,14-3-28 12:4:8,1
X32SFG6LPI,121.286,31.0113,3237633,0,0,0,14-3-28 12:5:33,1
X32SFG6LPI,121.286,31.0113,3237633,0,0,0,14-3-28 12:7:33,1
X32SFG6LPI,121.286,31.0113,3237633,0,0,0,14-3-28 12:9:9,1
X32SFG6LPI,121.286,31.0113,3237633,0,0,0,14-3-28 12:9:33,1
X32SFG6LPI,121.286,31.0113,3237633,0,0,0,14-3-28 12:11:33,1
X32SFG6LPI,121.286,31.0113,3237633,0,0,0,14-3-28 12:13:33,1
X32SFG6LPI,121.286,31.0113,3237633,0,0,0,14-3-28 12:14:10,1
X32SFG6LPI,121.286,31.0113,3237633,0,0,0,14-3-28 12:15:33,1
X32SFG6LPI,121.286,31.0113,3237633,0,0,0,14-3-28 12:17:33,1
X32SFG6LPI,121.286,31.0113,3237633,0,0,0,14-3-28 12:19:11,1
X32SFG6LPI,121.286,31.0113,3237633,0,0,0,14-3-28 12:19:33,1
X32SFG6LPI,121.286,31.0113,3237633,0,0,0,14-3-28 12:21:33,1
X32SFG6LPI,121.286,31.0113,3237633,0,0,0,14-3-28 12:23:33,1
X32SFG6LPI,121.286,31.0113,3237633,0,0,0,14-3-28 12:24:12,1
X32SFG6LPI,121.286,31.0113,3237633,0,0,0,14-3-28 12:25:33,1
X32SFG6LPI,121.286,31.0113,3237633,0,0,0,14-3-28 12:27:33,1
X32SFG6LPI,121.286,31.0113,3237633,0,0,0,14-3-28 12:29:13,1
X32SFG6LPI,121.286,31.0113,3237633,0,0,0,14-3-28 12:29:33,1
X32SFG6LPI,121.286,31.0113,3237633,0,0,0,14-3-28 12:31:33,1
X32SFG6LPI,121.286,31.0113,3237633,0,0,0,14-3-28 12:33:33,1
X32SFG6LPI,121.286,31.0113,3237633,0,0,0,14-3-28 12:34:14,1
X32SFG6LPI,121.286,31.0113,3237633,0,0,0,14-3-28 12:35:33,1
X32SFG6LPI,121.286,31.0113,3237633,0,0,0,14-3-28 12:37:34,1
X32SFG6LPI,121.286,31.0113,3237633,0,0,0,14-3-28 12:39:15,1
X32SFG6LPI,121.286,31.0113,3237633,0,0,0,14-3-28 12:39:34,1
X32SFG6LPI,121.286,31.0113,3237633,0,0,0,14-3-28 12:41:34,1
X32SFG6LPI,121.286,31.0113,3237633,0,0,0,14-3-28 12:43:34,1
X32SFG6LPI,121.286,31.0113,3237633,0,0,0,14-3-28 12:44:16,1
X32SFG6LPI,121.286,31.0113,3237633,0,0,0,14-3-28 12:45:34,1
X32SFG6LPI,121.286,31.0113,3237633,0,0,0,14-3-28 12:47:34,1
X32SFG6LPI,121.286,31.0113,3237633,0,0,0,14-3-28 12:49:17,1
X32SFG6LPI,121.286,31.0113,3237633,0,0,0,14-3-28 12:49:34,1
X32SFG6LPI,121.286,31.0113,3237633,0,0,0,14-3-28 12:51:34,1
X32SFG6LPI,121.286,31.0113,3237633,0,0,0,14-3-28 12:53:34,1
X32SFG6LPI,121.286,31.0113,3237633,0,0,0,14-3-28 12:54:18,1
X32SFG6LPI,121.286,31.0113,3237633,0,0,0,14-3-28 12:55:34,1
X32SFG6LPI,121.286,31.0113,3237633,0,0,0,14-3-28 12:57:34,1
X32SFG6LPI,121.286,31.0113,3237633,0,0,0,14-3-28 12:59:19,1
X32SFG6LPI,121.286,31.0113,3237633,0,0,0,14-3-28 12:59:34,1
X32SFG6LPI,121.286,31.0113,3237633,0,0,0,14-3-28 13:1:34,1
X32SFG6LPI,121.286,31.0113,3237633,0,0,0,14-3-28 13:3:34,1
X32SFG6LPI,121.286,31.0113,3237633,0,0,0,14-3-28 13:4:22,1
X32SFG6LPI,121.286,31.0113,3237633,0,0,0,14-3-28 13:5:34,1
X32SFG6LPI,121.286,31.0113,3237633,0,0,0,14-3-28 13:7:34,1
X32SFG6LPI,121.286,31.0113,3237633,0,0,0,14-3-28 13:9:23,1
X32SFG6LPI,121.286,31.0113,3237633,0,0,0,14-3-28 13:9:34,1
X32SFG6LPI,121.286,31.0113,3237633,0,0,0,14-3-28 13:11:34,1
X32SFG6LPI,121.286,31.0113,3237633,0,0,0,14-3-28 13:13:34,1
X32SFG6LPI,121.286,31.0113,3237633,0,0,0,14-3-28 13:14:25,1
X32SFG6LPI,121.286,31.0113,3237633,0,0,0,14-3-28 13:15:34,1
X32SFG6LPI,121.286,31.0113,3237633,0,0,0,14-3-28 13:17:41,1
X32SFG6LPI,121.286,31.0113,3237633,0,0,0,14-3-28 13:19:41,1
X32SFG6LPI,121.286,31.0113,3237633,0,0,0,14-3-28 13:21:41,1
X32SFG6LPI,121.286,31.0113,3237633,0,0,0,14-3-28 13:23:41,1
X32SFG6LPI,121.286,31.0113,3237633,0,0,0,14-3-28 13:24:43,1
X32SFG6LPI,121.286,31.0113,3237633,0,0,0,14-3-28 13:25:41,1
X32SFG6LPI,121.286,31.0113,3237633,0,0,0,14-3-28 13:27:41,1
X32SFG6LPI,121.286,31.0113,3237633,0,0,0,14-3-28 13:29:41,1
X32SFG6LPI,121.286,31.0113,3237633,0,0,0,14-3-28 13:29:44,1
X32SFG6LPI,121.286,31.0113,3237633,0,0,0,14-3-28 13:31:41,1
X32SFG6LPI,121.286,31.0113,3237633,0,0,0,14-3-28 13:33:41,1
X32SFG6LPI,121.286,31.0113,3237633,0,0,0,14-3-28 13:34:45,1
X32SFG6LPI,121.286,31.0113,3237633,0,0,0,14-3-28 13:35:41,1
X32SFG6LPI,121.286,31.0113,3237633,0,0,0,14-3-28 13:37:41,1
X32SFG6LPI,121.286,31.0113,3237633,0,0,0,14-3-28 13:39:46,1
X32SFG6LPI,121.286,31.0113,3237633,0,0,0,14-3-28 13:41:42,1
X32SFG6LPI,121.286,31.0113,3237633,0,0,0,14-3-28 13:43:42,1
X32SFG6LPI,121.286,31.0113,3237633,0,0,0,14-3-28 13:44:47,1
X32SFG6LPI,121.286,31.0113,3237633,0,0,0,14-3-28 13:45:42,1
X32SFG6LPI,121.286,31.0113,3237633,0,0,0,14-3-28 13:47:42,1
X32SFG6LPI,121.286,31.0113,3237633,0,0,0,14-3-28 13:49:48,1
X32SFG6LPI,121.286,31.0113,3237633,0,0,0,14-3-28 13:51:42,1
X32SFG6LPI,121.286,31.0113,3237633,0,0,0,14-3-28 13:53:42,1
X32SFG6LPI,121.286,31.0113,3237633,0,0,0,14-3-28 13:54:48,1
X32SFG6LPI,121.286,31.0113,3237633,0,0,0,14-3-28 13:55:42,1
X32SFG6LPI,121.286,31.0113,3237633,0,0,0,14-3-28 13:57:42,1
X32SFG6LPI,121.286,31.0113,3237633,0,0,0,14-3-28 13:59:42,1
X32SFG6LPI,121.286,31.0113,3237633,0,0,0,14-3-28 13:59:51,1
X32SFG6LPI,121.286,31.0113,3237633,0,0,0,14-3-28 14:1:41,1
X32SFG6LPI,121.286,31.0113,3237633,0,0,0,14-3-28 14:3:41,1
X32SFG6LPI,121.286,31.0113,3237633,0,0,0,14-3-28 14:4:51,1
X32SFG6LPI,121.286,31.0113,3237633,0,0,0,14-3-28 14:5:41,1
X32SFG6LPI,121.286,31.0113,3237633,0,0,0,14-3-28 14:7:41,1
X32SFG6LPI,121.286,31.0113,3237633,0,0,0,14-3-28 14:9:41,1
X32SFG6LPI,121.286,31.0113,3237633,0,0,0,14-3-28 14:9:52,1
X32SFG6LPI,121.286,31.0113,3237633,0,0,0,14-3-28 14:11:41,1
X32SFG6LPI,121.286,31.0113,3237633,0,0,0,14-3-28 14:13:41,1
X32SFG6LPI,121.286,31.0113,3237633,0,0,0,14-3-28 14:14:53,1
X32SFG6LPI,121.286,31.0113,3237633,0,0,0,14-3-28 14:15:41,1
X32SFG6LPI,121.286,31.0113,3237633,0,0,0,14-3-28 14:19:54,1
X32SFG6LPI,121.286,31.0113,3237633,0,0,0,14-3-28 14:21:48,1
X32SFG6LPI,121.286,31.0113,3237633,0,0,0,14-3-28 14:23:48,1
X32SFG6LPI,121.286,31.0113,3237633,0,0,0,14-3-28 14:24:55,1
X32SFG6LPI,121.286,31.0113,3237633,0,0,0,14-3-28 14:25:48,1
X32SFG6LPI,121.286,31.0113,3237633,0,0,0,14-3-28 14:27:48,1
X32SFG6LPI,121.286,31.0113,3237633,0,0,0,14-3-28 14:29:56,1
X32SFG6LPI,121.286,31.0113,3237633,0,0,0,14-3-28 14:31:48,1
X32SFG6LPI,121.286,31.0113,3237633,0,0,0,14-3-28 14:33:48,1
X32SFG6LPI,121.286,31.0113,3237633,0,0,0,14-3-28 14:34:57,1
X32SFG6LPI,121.286,31.0113,3237633,0,0,0,14-3-28 14:35:48,1
X32SFG6LPI,121.286,31.0113,3237633,0,0,0,14-3-28 14:37:49,1
X32SFG6LPI,121.286,31.0113,3237633,0,0,0,14-3-28 14:39:49,1
X32SFG6LPI,121.286,31.0113,3237633,0,0,0,14-3-28 14:39:58,1
X32SFG6LPI,121.286,31.0113,3237633,0,0,0,14-3-28 14:41:49,1
X32SFG6LPI,121.286,31.0113,3237633,0,0,0,14-3-28 14:43:49,1
X32SFG6LPI,121.286,31.0113,3237633,0,0,0,14-3-28 14:44:59,1
X32SFG6LPI,121.286,31.0113,3237633,0,0,0,14-3-28 14:45:49,1
X32SFG6LPI,121.286,31.0113,3237633,0,0,0,14-3-28 14:47:49,1
X32SFG6LPI,121.286,31.0113,3237633,0,0,0,14-3-28 14:49:49,1
X32SFG6LPI,121.286,31.0113,3237633,0,0,0,14-3-28 14:50:1,1
X32SFG6LPI,121.286,31.0113,3237633,0,0,0,14-3-28 14:51:49,1
X32SFG6LPI,121.286,31.0113,3237633,0,0,0,14-3-28 14:53:49,1
X32SFG6LPI,121.286,31.0113,3237633,0,0,0,14-3-28 14:55:2,1
X32SFG6LPI,121.286,31.0113,3237633,0,0,0,14-3-28 14:55:49,1
X32SFG6LPI,121.286,31.0113,3237633,0,0,0,14-3-28 14:57:49,1
X32SFG6LPI,121.286,31.0113,3237633,0,0,0,14-3-28 14:59:49,1
X32SFG6LPI,121.286,31.0113,3237633,0,0,0,14-3-28 15:0:3,1
X32SFG6LPI,121.286,31.0113,3237633,0,0,0,14-3-28 15:1:49,1
X32SFG6LPI,121.286,31.0113,3237633,0,0,0,14-3-28 15:3:49,1
X32SFG6LPI,121.286,31.0113,3237633,0,0,0,14-3-28 15:5:6,1
X32SFG6LPI,121.286,31.0113,3237633,0,0,0,14-3-28 15:5:49,1
X32SFG6LPI,121.286,31.0113,3237633,0,0,0,14-3-28 15:7:49,1
X32SFG6LPI,121.286,31.0113,3237633,0,0,0,14-3-28 15:10:6,1
X32SFG6LPI,121.286,31.0113,3237633,0,0,0,14-3-28 15:11:49,1
X32SFG6LPI,121.286,31.0113,3237633,0,0,0,14-3-28 15:13:49,1
X32SFG6LPI,121.286,31.0113,3237633,0,0,0,14-3-28 15:15:7,1
X32SFG6LPI,121.286,31.0113,3237633,0,0,0,14-3-28 15:15:49,1
X32SFG6LPI,121.286,31.0113,3237633,0,0,0,14-3-28 15:17:49,1
X32SFG6LPI,121.286,31.0113,3237633,0,0,0,14-3-28 15:19:49,1
X32SFG6LPI,121.286,31.0113,3237633,0,0,0,14-3-28 15:20:8,1
X32SFG6LPI,121.286,31.0113,3237633,0,0,0,14-3-28 15:21:49,1
X32SFG6LPI,121.286,31.0113,3237633,0,0,0,14-3-28 15:23:49,1
X32SFG6LPI,121.286,31.0113,3237633,0,0,0,14-3-28 15:25:9,1
X32SFG6LPI,121.286,31.0113,3237633,0,0,0,14-3-28 15:25:49,1
X32SFG6LPI,121.286,31.0113,3237633,0,0,0,14-3-28 15:27:49,1
X32SFG6LPI,121.286,31.0113,3237633,0,0,0,14-3-28 15:29:49,1
X32SFG6LPI,121.286,31.0113,3237633,0,0,0,14-3-28 15:30:10,1
X32SFG6LPI,121.286,31.0113,3237633,0,0,0,14-3-28 15:31:49,1
X32SFG6LPI,121.286,31.0113,3237633,0,0,0,14-3-28 15:33:49,1
X32SFG6LPI,121.286,31.0113,3237633,0,0,0,14-3-28 15:35:11,1
X32SFG6LPI,121.286,31.0113,3237633,0,0,0,14-3-28 15:35:49,1
X32SFG6LPI,121.286,31.0113,3237633,0,0,0,14-3-28 15:37:49,1
X32SFG6LPI,121.286,31.0113,3237633,0,0,0,14-3-28 15:39:49,1
X32SFG6LPI,121.286,31.0113,3237633,0,0,0,14-3-28 15:40:12,1
X32SFG6LPI,121.286,31.0113,3237633,0,0,0,14-3-28 15:41:49,1
X32SFG6LPI,121.286,31.0113,3237633,0,0,0,14-3-28 15:43:49,1
X32SFG6LPI,121.286,31.0113,3237633,0,0,0,14-3-28 15:45:13,1
X32SFG6LPI,121.286,31.0113,3237633,0,0,0,14-3-28 15:45:49,1
X32SFG6LPI,121.286,31.0113,3237633,0,0,0,14-3-28 15:47:49,1
X32SFG6LPI,121.286,31.0113,3237633,0,0,0,14-3-28 15:49:49,1
X32SFG6LPI,121.286,31.0113,3237633,0,0,0,14-3-28 15:50:14,1
X32SFG6LPI,121.286,31.0113,3237633,0,0,0,14-3-28 15:51:49,1
X32SFG6LPI,121.286,31.0113,3237633,0,0,0,14-3-28 15:53:49,1
X32SFG6LPI,121.286,31.0113,3237633,0,0,0,14-3-28 15:55:15,1
X32SFG6LPI,121.286,31.0113,3237633,0,0,0,14-3-28 15:55:49,1
X32SFG6LPI,121.286,31.0113,3237633,0,0,0,14-3-28 15:57:49,1
X32SFG6LPI,121.286,31.0113,3237633,0,0,0,14-3-28 15:59:49,1
X32SFG6LPI,121.286,31.0113,3237633,0,0,0,14-3-28 16:0:16,1
X32SFG6LPI,121.286,31.0113,3237633,0,0,0,14-3-28 16:1:49,1
X32SFG6LPI,121.286,31.0113,3237633,0,0,0,14-3-28 16:3:49,1
X32SFG6LPI,121.286,31.0113,3237633,0,0,0,14-3-28 16:5:16,1
X32SFG6LPI,121.286,31.0113,3237633,0,0,0,14-3-28 16:5:49,1
X32SFG6LPI,121.286,31.0113,3237633,0,0,0,14-3-28 16:7:48,1
X32SFG6LPI,121.286,31.0113,3237633,0,0,0,14-3-28 16:9:48,1
X32SFG6LPI,121.286,31.0113,3237633,0,0,0,14-3-28 16:10:17,1
X32SFG6LPI,121.286,31.0113,3237633,0,0,0,14-3-28 16:11:48,1
X32SFG6LPI,121.286,31.0113,3237633,0,0,0,14-3-28 16:13:48,1
X32SFG6LPI,121.286,31.0113,3237633,0,0,0,14-3-28 16:15:18,1
X32SFG6LPI,121.286,31.0113,3237633,0,0,0,14-3-28 16:15:48,1
X32SFG6LPI,121.286,31.0113,3237633,0,0,0,14-3-28 16:17:48,1
X32SFG6LPI,121.286,31.0113,3237633,0,0,0,14-3-28 16:19:48,1
X32SFG6LPI,121.286,31.0113,3237633,0,0,0,14-3-28 16:20:19,1
X32SFG6LPI,121.286,31.0113,3237633,0,0,0,14-3-28 16:21:48,1
X32SFG6LPI,121.286,31.0113,3237633,0,0,0,14-3-28 16:23:48,1
X32SFG6LPI,121.286,31.0113,3237633,0,0,0,14-3-28 16:25:22,1
X32SFG6LPI,121.286,31.0113,3237633,0,0,0,14-3-28 16:25:48,1
X32SFG6LPI,121.286,31.0113,3237633,0,0,0,14-3-28 16:27:48,1
X32SFG6LPI,121.286,31.0113,3237633,0,0,0,14-3-28 16:29:48,1
X32SFG6LPI,121.286,31.0113,3237633,0,0,0,14-3-28 16:30:24,1
X32SFG6LPI,121.286,31.0113,3237633,0,0,0,14-3-28 16:31:48,1
X32SFG6LPI,121.286,31.0113,3237633,0,0,0,14-3-28 16:33:48,1
X32SFG6LPI,121.286,31.0113,3237633,0,0,0,14-3-28 16:35:24,1
X32SFG6LPI,121.286,31.0113,3237633,0,0,0,14-3-28 16:35:48,1
X32SFG6LPI,121.286,31.0113,3237633,0,0,0,14-3-28 16:37:48,1
X32SFG6LPI,121.286,31.0113,3237633,0,0,0,14-3-28 16:39:48,1
X32SFG6LPI,121.286,31.0113,3237633,0,0,0,14-3-28 16:40:25,1
X32SFG6LPI,121.286,31.0113,3237633,0,0,0,14-3-28 16:41:48,1
X32SFG6LPI,121.286,31.0113,3237633,0,0,0,14-3-28 16:43:48,1
X32SFG6LPI,121.286,31.0113,3237633,0,0,0,14-3-28 16:45:26,1
X32SFG6LPI,121.286,31.0113,3237633,0,0,0,14-3-28 16:45:48,1
X32SFG6LPI,121.286,31.0113,3237633,0,0,0,14-3-28 16:47:48,1
X32SFG6LPI,121.286,31.0113,3237633,0,0,0,14-3-28 16:49:48,1
X32SFG6LPI,121.286,31.0113,3237633,0,0,0,14-3-28 16:50:27,1
X32SFG6LPI,121.286,31.0113,3237633,0,0,0,14-3-28 16:51:48,1
X32SFG6LPI,121.286,31.0113,3237633,0,0,0,14-3-28 16:53:48,1
X32SFG6LPI,121.286,31.0113,3237633,0,0,0,14-3-28 16:55:28,1
X32SFG6LPI,121.286,31.0113,3237633,0,0,0,14-3-28 16:55:48,1
X32SFG6LPI,121.286,31.0113,3237633,0,0,0,14-3-28 16:57:48,1
X32SFG6LPI,121.286,31.0113,3237633,0,0,0,14-3-28 16:59:48,1
X32SFG6LPI,121.286,31.0113,3237633,0,0,0,14-3-28 17:0:29,1
X32SFG6LPI,121.286,31.0113,3237633,0,0,0,14-3-28 17:1:48,1
X32SFG6LPI,121.286,31.0113,3237633,0,0,0,14-3-28 17:3:48,1
X32SFG6LPI,121.286,31.0113,3237633,0,0,0,14-3-28 17:5:30,1
X32SFG6LPI,121.286,31.0113,3237633,0,0,0,14-3-28 17:5:48,1
X32SFG6LPI,121.286,31.0113,3237633,0,0,0,14-3-28 17:7:48,1
X32SFG6LPI,121.286,31.0113,3237633,0,0,0,14-3-28 17:9:48,1
X32SFG6LPI,121.286,31.0113,3237633,0,0,0,14-3-28 17:10:31,1
X32SFG6LPI,121.286,31.0113,3237633,0,0,0,14-3-28 17:11:48,1
X32SFG6LPI,121.286,31.0113,3237633,0,0,0,14-3-28 17:13:48,1
X32SFG6LPI,121.286,31.0113,3237633,0,0,0,14-3-28 17:15:32,1
X32SFG6LPI,121.286,31.0113,3237633,0,0,0,14-3-28 17:15:48,1
X32SFG6LPI,121.286,31.0113,3237633,0,0,0,14-3-28 17:21:18,1
X32SFG6LPI,121.286,31.0113,3237633,0,0,0,14-3-28 17:21:56,1
X32SFG6LPI,121.286,31.0113,3237633,0,0,0,14-3-28 17:25:56,1
X32SFG6LPI,121.286,31.0113,3237633,0,0,0,14-3-28 17:26:46,1
X32SFG6LPI,121.286,31.0113,3237633,0,0,0,14-3-28 17:27:56,1
X32SFG6LPI,121.286,31.0113,3237633,0,0,0,14-3-28 17:29:56,1
X32SFG6LPI,121.286,31.0113,3237633,0,0,0,14-3-28 17:31:47,1
X32SFG6LPI,121.286,31.0113,3237633,0,0,0,14-3-28 17:31:56,1
X32SFG6LPI,121.286,31.0113,3237633,0,0,0,14-3-28 17:33:56,1
X32SFG6LPI,121.286,31.0113,3237633,0,0,0,14-3-28 17:35:56,1
X32SFG6LPI,121.286,31.0113,3237633,0,0,0,14-3-28 17:36:48,1
X32SFG6LPI,121.286,31.0113,3237633,0,0,0,14-3-28 17:37:56,1
X32SFG6LPI,121.286,31.0113,3237633,0,0,0,14-3-28 17:39:56,1
X32SFG6LPI,121.286,31.0113,3237633,0,0,0,14-3-28 17:41:49,1
X32SFG6LPI,121.286,31.0113,3237633,0,0,0,14-3-28 17:41:56,1
X32SFG6LPI,121.286,31.0113,3237633,0,0,0,14-3-28 17:45:56,1
X32SFG6LPI,121.286,31.0113,3237633,0,0,0,14-3-28 17:46:50,1
X32SFG6LPI,121.286,31.0113,3237633,0,0,0,14-3-28 17:47:56,1
X32SFG6LPI,121.286,31.0113,3237633,0,0,0,14-3-28 17:49:56,1
X32SFG6LPI,121.286,31.0113,3237633,0,0,0,14-3-28 17:51:56,1
X32SFG6LPI,121.286,31.0113,3237633,0,0,0,14-3-28 17:53:56,1
X32SFG6LPI,121.286,31.0113,3237633,0,0,0,14-3-28 17:55:56,1
X32SFG6LPI,121.286,31.0113,3237633,0,0,0,14-3-28 17:56:52,1
X32SFG6LPI,121.286,31.0113,3237633,0,0,0,14-3-28 17:57:56,1
X32SFG6LPI,121.286,31.0113,3237633,0,0,0,14-3-28 17:59:56,1
X32SFG6LPI,121.286,31.0113,3237633,0,0,0,14-3-28 18:1:56,1
X32SFG6LPI,121.286,31.0113,3237633,0,0,0,14-3-28 18:3:56,1
X32SFG6LPI,121.286,31.0113,3237633,0,0,0,14-3-28 18:5:56,1
X32SFG6LPI,121.286,31.0113,3237633,0,0,0,14-3-28 18:6:54,1
X32SFG6LPI,121.286,31.0113,3237633,0,0,0,14-3-28 18:7:56,1
X32SFG6LPI,121.286,31.0113,3237633,0,0,0,14-3-28 18:11:56,1
X32SFG6LPI,121.286,31.0113,3237633,0,0,0,14-3-28 18:13:56,1
X32SFG6LPI,121.286,31.0113,3237633,0,0,0,14-3-28 18:15:56,1
X32SFG6LPI,121.286,31.0113,3237633,0,0,0,14-3-28 18:16:55,1
X32SFG6LPI,121.286,31.0113,3237633,0,0,0,14-3-28 18:17:55,1
X32SFG6LPI,121.286,31.0113,3237633,0,0,0,14-3-28 18:19:55,1
X32SFG6LPI,121.286,31.0113,3237633,0,0,0,14-3-28 18:21:56,1
X32SFG6LPI,121.286,31.0113,3237633,0,0,0,14-3-28 18:23:55,1
X32SFG6LPI,121.286,31.0113,3237633,0,0,0,14-3-28 18:25:55,1
X32SFG6LPI,121.286,31.0113,3237633,0,0,0,14-3-28 18:26:57,1
X32SFG6LPI,121.286,31.0113,3237633,0,0,0,14-3-28 18:27:55,1
X32SFG6LPI,121.286,31.0113,3237633,0,0,0,14-3-28 18:29:55,1
X32SFG6LPI,121.286,31.0113,3237633,0,0,0,14-3-28 18:31:58,1
X32SFG6LPI,121.286,31.0113,3237633,0,0,0,14-3-28 18:33:55,1
X32SFG6LPI,121.286,31.0113,3237633,0,0,0,14-3-28 18:35:55,1
X32SFG6LPI,121.286,31.0113,3237633,0,0,0,14-3-28 18:36:59,1
X32SFG6LPI,121.286,31.0113,3237633,0,0,0,14-3-28 18:37:55,1
X32SFG6LPI,121.286,31.0113,3237633,0,0,0,14-3-28 18:39:55,1
X32SFG6LPI,121.286,31.0113,3237633,0,0,0,14-3-28 18:42:0,1
X32SFG6LPI,121.286,31.0113,3237633,0,0,0,14-3-28 18:43:55,1
X32SFG6LPI,121.286,31.0113,3237633,0,0,0,14-3-28 18:45:55,1
X32SFG6LPI,121.286,31.0113,3237633,0,0,0,14-3-28 18:47:1,1
X32SFG6LPI,121.286,31.0113,3237633,0,0,0,14-3-28 18:47:55,1
X32SFG6LPI,121.286,31.0113,3237633,0,0,0,14-3-28 18:49:55,1
X32SFG6LPI,121.286,31.0113,3237633,0,0,0,14-3-28 18:52:2,1
X32SFG6LPI,121.286,31.0113,3237633,0,0,0,14-3-28 18:53:55,1
X32SFG6LPI,121.286,31.0113,3237633,0,0,0,14-3-28 18:55:55,1
X32SFG6LPI,121.286,31.0113,3237633,0,0,0,14-3-28 18:57:3,1
X32SFG6LPI,121.286,31.0113,3237633,0,0,0,14-3-28 18:57:55,1
X32SFG6LPI,121.286,31.0113,3237633,0,0,0,14-3-28 18:59:55,1
X32SFG6LPI,121.286,31.0113,3237633,0,0,0,14-3-28 19:1:55,1
X32SFG6LPI,121.286,31.0113,3237633,0,0,0,14-3-28 19:2:4,1
X32SFG6LPI,121.286,31.0112,3237633,0,0,0,14-3-28 19:3:55,1
X32SFG6LPI,121.287,31.0109,3237634,0,55,0,14-3-28 19:5:55,1
X32SFG6LPI,121.287,31.0108,3237634,0,0,0,14-3-28 19:6:35,1
X32SFG6LPI,121.287,31.0108,3237635,1,60,0,14-3-28 19:7:5,1
X32SFG6LPI,121.287,31.0101,3237635,0,0,0,14-3-28 19:7:55,1
X32SFG6LPI,121.288,31.01,3237636,14,35,0,14-3-28 19:8:35,1
X32SFG6LPI,121.288,31.0107,3237637,0,0,0,14-3-28 19:9:34,1
X32SFG6LPI,121.289,31.0113,3237638,23,25,0,14-3-28 19:10:34,1
X32SFG6LPI,121.291,31.0122,3237640,34,30,0,14-3-28 19:10:59,1
X32SFG6LPI,121.293,31.0131,3237642,40,30,0,14-3-28 19:11:18,1
X32SFG6LPI,121.295,31.014,3237645,33,30,0,14-3-28 19:11:45,1
X32SFG6LPI,121.297,31.0149,3237647,27,30,0,14-3-28 19:12:9,1
X32SFG6LPI,121.299,31.0157,3237649,31,35,0,14-3-28 19:12:32,1
X32SFG6LPI,121.302,31.016,3237651,16,40,0,14-3-28 19:13:0,1
X32SFG6LPI,121.302,31.0179,3237653,31,0,0,14-3-28 19:14:50,1
X32SFG6LPI,121.302,31.0239,3237660,34,0,0,14-3-28 19:15:52,1
X32SFG6LPI,121.302,31.0257,3237662,22,0,0,14-3-28 19:16:15,1
X32SFG6LPI,121.303,31.0278,3237664,38,0,0,14-3-28 19:17:10,1
X32SFG6LPI,121.303,31.0297,3237666,44,0,0,14-3-28 19:17:27,1
X32SFG6LPI,121.303,31.0414,3237679,34,0,0,14-3-28 19:19:47,1
X32SFG6LPI,121.303,31.0433,3237681,12,175,0,14-3-28 19:20:20,1
X32SFG6LPI,121.303,31.0453,3237684,38,175,0,14-3-28 19:20:51,1
X32SFG6LPI,121.303,31.0472,3237686,49,170,0,14-3-28 19:21:8,1
X32SFG6LPI,121.302,31.0491,3237688,55,170,0,14-3-28 19:21:22,1
X32SFG6LPI,121.302,31.0509,3237690,51,170,0,14-3-28 19:21:35,1
X32SFG6LPI,121.301,31.0527,3237692,36,170,0,14-3-28 19:21:51,1
X32SFG6LPI,121.301,31.0536,3237693,18,170,0,14-3-28 19:22:8,1
X32SFG6LPI,121.3,31.0567,3237697,12,175,0,14-3-28 19:23:22,1
X32SFG6LPI,121.3,31.059,3237699,12,5,0,14-3-28 19:24:31,1
X32SFG6LPI,121.3,31.0611,3237701,36,175,0,14-3-28 19:25:47,1
X32SFG6LPI,121.299,31.0629,3237703,44,170,0,14-3-28 19:26:5,1
X32SFG6LPI,121.298,31.0665,3237708,47,160,0,14-3-28 19:26:33,1
X32SFG6LPI,121.298,31.0683,3237710,36,170,0,14-3-28 19:26:57,1
X32SFG6LPI,121.297,31.0702,3237712,55,170,0,14-3-28 19:27:14,1
X32SFG6LPI,121.297,31.0721,3237714,58,175,0,14-3-28 19:27:27,1
X32SFG6LPI,121.296,31.0743,3237717,58,175,0,14-3-28 19:27:42,1
X32SFG6LPI,121.296,31.0782,3237721,60,175,0,14-3-28 19:28:7,1
X32SFG6LPI,121.296,31.0801,3237723,60,175,0,14-3-28 19:28:19,1
X32SFG6LPI,121.295,31.0819,3237726,62,175,0,14-3-28 19:28:31,1
X32SFG6LPI,121.295,31.084,3237728,60,175,0,14-3-28 19:28:44,1
X32SFG6LPI,121.295,31.0856,3237730,58,175,0,14-3-28 19:28:55,1
X32SFG6LPI,121.295,31.0875,3237732,51,175,0,14-3-28 19:29:8,1
X32SFG6LPI,121.295,31.0893,3237734,57,175,0,14-3-28 19:29:21,1
X32SFG6LPI,121.295,31.0911,3237736,62,175,0,14-3-28 19:29:33,1
X32SFG6LPI,121.295,31.0931,3237738,60,175,0,14-3-28 19:29:45,1
X32SFG6LPI,121.294,31.0949,3237740,58,175,0,14-3-28 19:29:57,1
X32SFG6LPI,121.294,31.0967,3237743,58,175,0,14-3-28 19:30:9,1
X32SFG6LPI,121.294,31.0986,3237745,60,175,0,14-3-28 19:30:21,1
X32SFG6LPI,121.294,31.1005,3237747,62,0,0,14-3-28 19:30:33,1
X32SFG6LPI,121.294,31.1024,3237749,64,0,0,14-3-28 19:30:45,1
X32SFG6LPI,121.295,31.1043,3237752,66,0,0,14-3-28 19:30:57,1
X32SFG6LPI,121.295,31.1062,3237753,66,5,0,14-3-28 19:31:8,1
X32SFG6LPI,121.296,31.1098,3237758,62,5,0,14-3-28 19:31:31,1
X32SFG6LPI,121.297,31.1117,3237760,62,5,0,14-3-28 19:31:43,1
X32SFG6LPI,121.298,31.1136,3237762,62,5,0,14-3-28 19:31:55,1
X32SFG6LPI,121.298,31.1163,3237765,64,0,0,14-3-28 19:32:12,1
X32SFG6LPI,121.298,31.1173,3237767,66,0,0,14-3-28 19:32:18,1
X32SFG6LPI,121.299,31.1191,3237769,64,0,0,14-3-28 19:32:29,1
X32SFG6LPI,121.299,31.123,3237773,62,0,0,14-3-28 19:32:53,1
X32SFG6LPI,121.299,31.1249,3237775,46,0,0,14-3-28 19:33:6,1
X32SFG6LPI,121.3,31.1267,3237777,55,0,0,14-3-28 19:33:20,1
X32SFG6LPI,121.3,31.1286,3237780,58,0,0,14-3-28 19:33:33,1
X32SFG6LPI,121.295,31.1445,3237800,60,160,0,14-3-28 19:35:29,1
X32SFG6LPI,121.287,31.1533,3237812,64,160,0,14-3-28 19:36:39,1
X32SFG6LPI,121.282,31.1606,3237822,64,165,0,14-3-28 19:37:29,1
X32SFG6LPI,121.281,31.1618,3237823,58,165,0,14-3-28 19:37:37,1
X32SFG6LPI,121.281,31.1634,3237825,62,165,0,14-3-28 19:37:49,1
X32SFG6LPI,121.28,31.1652,3237828,62,165,0,14-3-28 19:38:1,1
X32SFG6LPI,121.278,31.1687,3237832,64,165,0,14-3-28 19:38:25,1
X32SFG6LPI,121.277,31.1704,3237834,58,165,0,14-3-28 19:38:37,1
X32SFG6LPI,121.276,31.1727,3237837,62,165,0,14-3-28 19:38:53,1
X32SFG6LPI,121.275,31.1745,3237839,64,165,0,14-3-28 19:39:5,1
X32SFG6LPI,121.266,31.1925,3237862,62,165,0,14-3-28 19:41:6,1
X32SFG6LPI,121.265,31.1942,3237864,58,165,0,14-3-28 19:41:18,1
X32SFG6LPI,121.264,31.1958,3237866,60,165,0,14-3-28 19:41:30,1
X32SFG6LPI,121.263,31.1975,3237868,58,165,0,14-3-28 19:41:42,1
X32SFG6LPI,121.262,31.1992,3237870,57,165,0,14-3-28 19:41:55,1
X32SFG6LPI,121.261,31.2009,3237873,60,165,0,14-3-28 19:42:7,1
X32SFG6LPI,121.26,31.2025,3237875,55,165,0,14-3-28 19:42:19,1
X32SFG6LPI,121.259,31.2045,3237877,44,165,0,14-3-28 19:42:39,1
X32SFG6LPI,121.258,31.2061,3237879,58,165,0,14-3-28 19:42:52,1
X32SFG6LPI,121.258,31.2077,3237881,60,165,0,14-3-28 19:43:4,1
X32SFG6LPI,121.257,31.2095,3237883,60,165,0,14-3-28 19:43:16,1
X32SFG6LPI,121.256,31.2112,3237886,62,165,0,14-3-28 19:43:28,1
X32SFG6LPI,121.255,31.2129,3237888,60,165,0,14-3-28 19:43:40,1
X32SFG6LPI,121.254,31.2152,3237891,62,165,0,14-3-28 19:43:56,1
X32SFG6LPI,121.253,31.2169,3237893,60,165,0,14-3-28 19:44:8,1
X32SFG6LPI,121.252,31.2186,3237895,62,165,0,14-3-28 19:44:20,1
X32SFG6LPI,121.251,31.2203,3237897,62,160,0,14-3-28 19:44:32,1
X32SFG6LPI,121.249,31.2219,3237899,64,160,0,14-3-28 19:44:44,1
X32SFG6LPI,121.248,31.2234,3237902,66,160,0,14-3-28 19:44:55,1
X32SFG6LPI,121.247,31.2248,3237904,64,160,0,14-3-28 19:45:6,1
X32SFG6LPI,121.243,31.2294,3237910,60,160,0,14-3-28 19:45:42,1
X32SFG6LPI,121.241,31.2312,3237913,60,160,0,14-3-28 19:45:56,1
X32SFG6LPI,121.24,31.2326,3237915,62,160,0,14-3-28 19:46:7,1
X32SFG6LPI,121.237,31.2376,3237921,42,165,0,14-3-28 19:46:49,1
X32SFG6LPI,121.236,31.2393,3237923,53,170,0,14-3-28 19:47:3,1
X32SFG6LPI,121.236,31.2431,3237928,60,0,0,14-3-28 19:47:30,1
X32SFG6LPI,121.236,31.2447,3237929,66,0,0,14-3-28 19:47:40,1
X32SFG6LPI,121.236,31.245,3237930,66,0,0,14-3-28 19:47:42,1
X32SFG6LPI,121.237,31.2487,3237934,68,0,0,14-3-28 19:48:4,1
X32SFG6LPI,121.237,31.2505,3237936,51,5,0,14-3-28 19:48:16,1
X32SFG6LPI,121.238,31.2524,3237938,44,5,0,14-3-28 19:48:31,1
X32SFG6LPI,121.239,31.2534,3237941,14,55,0,14-3-28 19:49:7,1
X32SFG6LPI,121.239,31.252,3237943,38,130,0,14-3-28 19:49:31,1
X32SFG6LPI,121.237,31.252,3237945,51,135,0,14-3-28 19:49:47,1
X32SFG6LPI,121.235,31.2521,3237947,53,135,0,14-3-28 19:50:1,1
X32SFG6LPI,121.232,31.2521,3237949,44,135,0,14-3-28 19:50:16,1
X32SFG6LPI,121.23,31.2521,3237951,51,130,0,14-3-28 19:50:32,1
X32SFG6LPI,121.228,31.2521,3237954,58,135,0,14-3-28 19:50:45,1
X32SFG6LPI,121.226,31.2521,3237956,60,135,0,14-3-28 19:50:58,1
X32SFG6LPI,121.223,31.2521,3237958,60,135,0,14-3-28 19:51:10,1
X32SFG6LPI,121.219,31.2522,3237962,60,130,0,14-3-28 19:51:34,1
X32SFG6LPI,121.217,31.2522,3237965,60,135,0,14-3-28 19:51:46,1
X32SFG6LPI,121.215,31.2523,3237967,57,135,0,14-3-28 19:51:59,1
X32SFG6LPI,121.212,31.2524,3237969,58,135,0,14-3-28 19:52:12,1
X32SFG6LPI,121.21,31.2525,3237971,58,135,0,14-3-28 19:52:24,1
X32SFG6LPI,121.204,31.253,3237978,64,135,0,14-3-28 19:53:0,1
X32SFG6LPI,121.201,31.2532,3237980,64,135,0,14-3-28 19:53:11,1
X32SFG6LPI,121.197,31.2535,3237984,60,135,0,14-3-28 19:53:35,1
X32SFG6LPI,121.195,31.2536,3237986,60,135,0,14-3-28 19:53:47,1
X32SFG6LPI,121.192,31.2538,3237989,64,135,0,14-3-28 19:54:0,1
X32SFG6LPI,121.19,31.2539,3237991,68,135,0,14-3-28 19:54:11,1
X32SFG6LPI,121.186,31.2545,3237995,69,140,0,14-3-28 19:54:33,1
X32SFG6LPI,121.182,31.2555,3238000,64,140,0,14-3-28 19:54:56,1
X32SFG6LPI,121.177,31.2569,3238004,64,145,0,14-3-28 19:55:20,1
X32SFG6LPI,121.173,31.2586,3238008,66,145,0,14-3-28 19:55:42,1
X32SFG6LPI,121.168,31.2618,3238015,64,150,0,14-3-28 19:56:17,1
X32SFG6LPI,121.166,31.263,3238017,66,155,0,14-3-28 19:56:28,1
X32SFG6LPI,121.165,31.2643,3238019,68,155,0,14-3-28 19:56:39,1
X32SFG6LPI,121.16,31.2686,3238026,64,160,0,14-3-28 19:57:13,1
X32SFG6LPI,121.159,31.2702,3238028,64,160,0,14-3-28 19:57:25,1
X32SFG6LPI,121.158,31.2718,3238030,62,160,0,14-3-28 19:57:37,1
X32SFG6LPI,121.155,31.2756,3238036,60,160,0,14-3-28 19:58:7,1
X32SFG6LPI,121.154,31.2763,3238037,60,160,0,14-3-28 19:58:13,1
X32SFG6LPI,121.153,31.2778,3238039,58,160,0,14-3-28 19:58:25,1
X32SFG6LPI,121.143,31.2881,3238054,0,0,0,14-3-28 20:0:10,1
X32SFG6LPI,121.142,31.2889,3238055,16,150,0,14-3-28 20:4:3,1
X32SFG6LPI,121.14,31.2895,3238056,31,145,0,14-3-28 20:4:25,1
X32SFG6LPI,121.139,31.2908,3238059,42,155,0,14-3-28 20:4:45,1
X32SFG6LPI,121.137,31.292,3238061,55,150,0,14-3-28 20:4:59,1
X32SFG6LPI,121.135,31.2932,3238063,60,150,0,14-3-28 20:5:12,1
X32SFG6LPI,121.132,31.2953,3238067,62,150,0,14-3-28 20:5:36,1
X32SFG6LPI,121.124,31.2984,3238076,64,140,0,14-3-28 20:6:22,1
X32SFG6LPI,121.121,31.299,3238078,64,140,0,14-3-28 20:6:34,1
X32SFG6LPI,121.119,31.2996,3238080,64,140,0,14-3-28 20:6:46,1
X32SFG6LPI,121.109,31.3024,3238091,58,145,0,14-3-28 20:7:45,1
X32SFG6LPI,121.107,31.3031,3238093,58,145,0,14-3-28 20:7:57,1
X32SFG6LPI,121.105,31.304,3238095,60,145,0,14-3-28 20:8:9,1
X32SFG6LPI,121.103,31.3048,3238097,64,150,0,14-3-28 20:8:21,1
X32SFG6LPI,121.101,31.3058,3238100,66,150,0,14-3-28 20:8:32,1
X32SFG6LPI,121.1,31.3069,3238102,64,150,0,14-3-28 20:8:43,1
X32SFG6LPI,121.098,31.3082,3238104,62,155,0,14-3-28 20:8:55,1
X32SFG6LPI,121.096,31.3099,3238107,60,155,0,14-3-28 20:9:10,1
X32SFG6LPI,121.094,31.3111,3238109,62,155,0,14-3-28 20:9:22,1
X32SFG6LPI,121.093,31.3124,3238111,66,155,0,14-3-28 20:9:33,1
X32SFG6LPI,121.091,31.3137,3238113,66,155,0,14-3-28 20:9:44,1
X32SFG6LPI,121.088,31.316,3238117,68,150,0,14-3-28 20:10:5,1
X32SFG6LPI,121.088,31.3161,3238117,68,150,0,14-3-28 20:10:6,1
X32SFG6LPI,121.086,31.3172,3238119,64,150,0,14-3-28 20:10:17,1
X32SFG6LPI,121.084,31.3183,3238122,64,150,0,14-3-28 20:10:29,1
X32SFG6LPI,121.082,31.3193,3238124,62,145,0,14-3-28 20:10:41,1
X32SFG6LPI,121.08,31.3202,3238126,62,145,0,14-3-28 20:10:53,1
X32SFG6LPI,121.078,31.3209,3238128,62,145,0,14-3-28 20:11:5,1
X32SFG6LPI,121.076,31.3216,3238131,60,140,0,14-3-28 20:11:17,1
X32SFG6LPI,121.074,31.3222,3238133,58,140,0,14-3-28 20:11:29,1
X32SFG6LPI,121.07,31.3231,3238137,62,140,0,14-3-28 20:11:53,1
X32SFG6LPI,121.068,31.3237,3238139,64,140,0,14-3-28 20:12:5,1
X32SFG6LPI,121.065,31.3243,3238141,62,145,0,14-3-28 20:12:17,1
X32SFG6LPI,121.063,31.3252,3238144,60,145,0,14-3-28 20:12:32,1
X32SFG6LPI,121.061,31.3259,3238146,62,145,0,14-3-28 20:12:43,1
X32SFG6LPI,121.059,31.3267,3238148,60,145,0,14-3-28 20:12:55,1
X32SFG6LPI,121.057,31.3275,3238150,62,145,0,14-3-28 20:13:7,1
X32SFG6LPI,121.055,31.3283,3238153,62,145,0,14-3-28 20:13:19,1
X32SFG6LPI,121.053,31.329,3238155,58,140,0,14-3-28 20:13:31,1
X32SFG6LPI,121.051,31.3296,3238157,60,140,0,14-3-28 20:13:43,1
X32SFG6LPI,121.049,31.3302,3238159,60,140,0,14-3-28 20:13:55,1
X32SFG6LPI,121.047,31.3307,3238161,62,140,0,14-3-28 20:14:7,1
X32SFG6LPI,121.044,31.3312,3238164,62,140,0,14-3-28 20:14:19,1
X32SFG6LPI,121.042,31.3317,3238166,62,140,0,14-3-28 20:14:31,1
X32SFG6LPI,121.04,31.3321,3238168,66,140,0,14-3-28 20:14:42,1
X32SFG6LPI,121.038,31.3325,3238170,66,140,0,14-3-28 20:14:53,1
X32SFG6LPI,121.036,31.3328,3238172,64,135,0,14-3-28 20:15:6,1
X32SFG6LPI,121.034,31.333,3238174,64,135,0,14-3-28 20:15:16,1
X32SFG6LPI,121.031,31.3332,3238177,62,135,0,14-3-28 20:15:28,1
X32SFG6LPI,121.029,31.3334,3238179,62,135,0,14-3-28 20:15:40,1
X32SFG6LPI,121.027,31.3335,3238181,60,135,0,14-3-28 20:15:52,1
X32SFG6LPI,121.025,31.3335,3238183,57,135,0,14-3-28 20:16:4,1
X32SFG6LPI,121.023,31.3335,3238185,58,130,0,14-3-28 20:16:17,1
X32SFG6LPI,121.02,31.3335,3238187,60,130,0,14-3-28 20:16:29,1
X32SFG6LPI,121.018,31.3334,3238190,62,130,0,14-3-28 20:16:41,1
X32SFG6LPI,121.016,31.3334,3238192,60,130,0,14-3-28 20:16:53,1
X32SFG6LPI,121.014,31.3333,3238194,62,135,0,14-3-28 20:17:5,1
X32SFG6LPI,121.012,31.3334,3238196,62,135,0,14-3-28 20:17:17,1
X32SFG6LPI,121.009,31.3334,3238198,62,135,0,14-3-28 20:17:29,1
X32SFG6LPI,121.007,31.3336,3238200,60,135,0,14-3-28 20:17:41,1
X32SFG6LPI,121.001,31.3342,3238207,62,135,0,14-3-28 20:18:17,1
X32SFG6LPI,120.998,31.3346,3238210,62,135,0,14-3-28 20:18:33,1
X32SFG6LPI,120.995,31.3349,3238212,62,140,0,14-3-28 20:18:46,1
X32SFG6LPI,120.993,31.3353,3238214,60,140,0,14-3-28 20:18:58,1
X32SFG6LPI,120.991,31.3357,3238216,58,140,0,14-3-28 20:19:10,1
X32SFG6LPI,120.989,31.3361,3238218,58,140,0,14-3-28 20:19:22,1
X32SFG6LPI,120.985,31.3371,3238223,57,140,0,14-3-28 20:19:46,1
X32SFG6LPI,120.982,31.338,3238226,62,140,0,14-3-28 20:20:7,1
X32SFG6LPI,120.981,31.3383,3238227,62,140,0,14-3-28 20:20:13,1
X32SFG6LPI,120.978,31.339,3238230,64,145,0,14-3-28 20:20:25,1
X32SFG6LPI,120.976,31.3397,3238232,58,145,0,14-3-28 20:20:37,1
X32SFG6LPI,120.974,31.3404,3238234,55,145,0,14-3-28 20:20:50,1
X32SFG6LPI,120.972,31.3411,3238236,57,145,0,14-3-28 20:21:3,1
X32SFG6LPI,120.97,31.3419,3238238,57,145,0,14-3-28 20:21:16,1
X32SFG6LPI,120.966,31.3434,3238242,38,145,0,14-3-28 20:21:43,1
X32SFG6LPI,120.965,31.344,3238244,0,0,0,14-3-28 20:23:43,1
X32SFG6LPI,120.965,31.344,3238244,0,0,0,14-3-28 20:25:7,1
X32SFG6LPI,120.965,31.344,3238244,11,145,0,14-3-28 20:25:42,1
X32SFG6LPI,120.964,31.3443,3238245,27,145,0,14-3-28 20:25:59,1
X32SFG6LPI,120.962,31.3449,3238247,44,140,0,14-3-28 20:26:18,1
X32SFG6LPI,120.96,31.3454,3238249,51,140,0,14-3-28 20:26:33,1
X32SFG6LPI,120.957,31.3461,3238252,58,140,0,14-3-28 20:26:51,1
X32SFG6LPI,120.955,31.3465,3238254,64,140,0,14-3-28 20:27:2,1
X32SFG6LPI,120.953,31.3469,3238256,64,135,0,14-3-28 20:27:14,1
X32SFG6LPI,120.948,31.3475,3238261,68,135,0,14-3-28 20:27:40,1
X32SFG6LPI,120.945,31.3477,3238264,64,135,0,14-3-28 20:27:55,1
X32SFG6LPI,120.94,31.3477,3238269,64,130,0,14-3-28 20:28:18,1
X32SFG6LPI,120.938,31.3476,3238271,66,130,0,14-3-28 20:28:29,1
X32SFG6LPI,120.936,31.3474,3238273,66,130,0,14-3-28 20:28:40,1
X32SFG6LPI,120.934,31.3472,3238275,66,130,0,14-3-28 20:28:51,1
X32SFG6LPI,120.932,31.3472,3238277,64,130,0,14-3-28 20:29:2,1
X32SFG6LPI,120.93,31.3471,3238279,62,135,0,14-3-28 20:29:14,1
X32SFG6LPI,120.927,31.3472,3238281,62,135,0,14-3-28 20:29:26,1
X32SFG6LPI,120.925,31.3473,3238284,62,135,0,14-3-28 20:29:38,1
X32SFG6LPI,120.923,31.3475,3238286,64,135,0,14-3-28 20:29:50,1
X32SFG6LPI,120.919,31.3481,3238290,66,140,0,14-3-28 20:30:12,1
X32SFG6LPI,120.917,31.3484,3238292,64,140,0,14-3-28 20:30:23,1
X32SFG6LPI,120.914,31.3488,3238294,62,140,0,14-3-28 20:30:35,1
X32SFG6LPI,120.912,31.3493,3238297,64,140,0,14-3-28 20:30:47,1
X32SFG6LPI,120.91,31.3498,3238299,66,140,0,14-3-28 20:31:0,1
X32SFG6LPI,120.907,31.3502,3238301,62,140,0,14-3-28 20:31:12,1
X32SFG6LPI,120.905,31.3506,3238303,62,140,0,14-3-28 20:31:23,1
X32SFG6LPI,120.903,31.351,3238306,60,140,0,14-3-28 20:31:35,1
X32SFG6LPI,120.901,31.3514,3238308,64,140,0,14-3-28 20:31:47,1
X32SFG6LPI,120.899,31.3518,3238310,64,135,0,14-3-28 20:31:59,1
X32SFG6LPI,120.896,31.3521,3238312,66,135,0,14-3-28 20:32:12,1
X32SFG6LPI,120.894,31.3524,3238314,66,135,0,14-3-28 20:32:22,1
X32SFG6LPI,120.892,31.3526,3238317,64,135,0,14-3-28 20:32:33,1
X32SFG6LPI,120.89,31.3527,3238319,64,135,0,14-3-28 20:32:44,1
X32SFG6LPI,120.888,31.3529,3238321,64,135,0,14-3-28 20:32:56,1
X32SFG6LPI,120.885,31.3529,3238323,62,135,0,14-3-28 20:33:8,1
X32SFG6LPI,120.883,31.3529,3238325,62,130,0,14-3-28 20:33:20,1
X32SFG6LPI,120.881,31.3529,3238328,64,130,0,14-3-28 20:33:32,1
X32SFG6LPI,120.879,31.3527,3238330,64,130,0,14-3-28 20:33:44,1
X32SFG6LPI,120.876,31.3526,3238332,62,130,0,14-3-28 20:33:56,1
X32SFG6LPI,120.871,31.3522,3238337,62,130,0,14-3-28 20:34:23,1
X32SFG6LPI,120.869,31.3521,3238339,64,130,0,14-3-28 20:34:34,1
X32SFG6LPI,120.867,31.352,3238341,62,130,0,14-3-28 20:34:46,1
X32SFG6LPI,120.865,31.3519,3238344,62,130,0,14-3-28 20:34:58,1
X32SFG6LPI,120.862,31.3518,3238346,58,130,0,14-3-28 20:35:11,1
X32SFG6LPI,120.86,31.3518,3238348,60,135,0,14-3-28 20:35:22,1
X32SFG6LPI,120.856,31.3519,3238352,62,135,0,14-3-28 20:35:46,1
X32SFG6LPI,120.854,31.3521,3238354,64,135,0,14-3-28 20:35:58,1
X32SFG6LPI,120.851,31.3523,3238357,62,135,0,14-3-28 20:36:12,1
X32SFG6LPI,120.849,31.3525,3238359,62,135,0,14-3-28 20:36:23,1
X32SFG6LPI,120.847,31.3528,3238361,62,135,0,14-3-28 20:36:35,1
X32SFG6LPI,120.845,31.353,3238363,64,135,0,14-3-28 20:36:47,1
X32SFG6LPI,120.842,31.3533,3238366,60,135,0,14-3-28 20:36:59,1
X32SFG6LPI,120.84,31.3536,3238368,62,135,0,14-3-28 20:37:12,1
X32SFG6LPI,120.836,31.3542,3238372,47,140,0,14-3-28 20:37:36,1
X32SFG6LPI,120.834,31.355,3238374,42,155,0,14-3-28 20:37:52,1
X32SFG6LPI,120.832,31.3553,3238376,47,100,0,14-3-28 20:38:9,1
X32SFG6LPI,120.832,31.3534,3238379,51,95,0,14-3-28 20:38:24,1
X32SFG6LPI,120.831,31.3516,3238381,22,95,0,14-3-28 20:38:43,1
X32SFG6LPI,120.831,31.3495,3238383,36,95,0,14-3-28 20:40:16,1
X32SFG6LPI,120.83,31.3476,3238385,51,95,0,14-3-28 20:40:33,1
X32SFG6LPI,120.83,31.346,3238387,55,100,0,14-3-28 20:40:46,1
X32SFG6LPI,120.828,31.3444,3238390,57,110,0,14-3-28 20:40:59,1
X32SFG6LPI,120.826,31.3433,3238392,53,120,0,14-3-28 20:41:12,1
X32SFG6LPI,120.824,31.3427,3238394,0,0,0,14-3-28 20:43:12,1
X32SFG6LPI,120.824,31.3427,3238394,0,0,0,14-3-28 20:45:13,1
X32SFG6LPI,120.824,31.3427,3238394,11,125,0,14-3-28 20:46:0,1
X32SFG6LPI,120.822,31.3421,3238396,27,125,0,14-3-28 20:46:36,1
X32SFG6LPI,120.82,31.3415,3238398,5,125,0,14-3-28 20:47:5,1
X32SFG6LPI,120.818,31.3409,3238400,36,125,0,14-3-28 20:47:55,1
X32SFG6LPI,120.814,31.3398,3238404,47,125,0,14-3-28 20:48:28,1
X32SFG6LPI,120.812,31.3393,3238407,22,125,0,14-3-28 20:49:50,1
X32SFG6LPI,120.809,31.3388,3238409,31,125,0,14-3-28 20:50:16,1
X32SFG6LPI,120.807,31.3385,3238411,34,140,0,14-3-28 20:50:41,1
X32SFG6LPI,120.805,31.3388,3238413,33,125,0,14-3-28 20:51:3,1
X32SFG6LPI,120.803,31.3384,3238415,20,130,0,14-3-28 20:51:26,1
X32SFG6LPI,120.801,31.3439,3238422,38,170,0,14-3-28 20:52:31,1
X32SFG6LPI,120.8,31.3458,3238424,40,170,0,14-3-28 20:52:50,1
X32SFG6LPI,120.8,31.3479,3238426,47,170,0,14-3-28 20:53:10,1
X32SFG6LPI,120.799,31.3496,3238428,29,170,0,14-3-28 20:53:25,1
X32SFG6LPI,120.801,31.3506,3238431,5,165,0,14-3-28 20:54:13,1
X32SFG6LPI,120.8,31.3506,3238432,5,55,0,14-3-28 20:55:15,1
X32SFG6LPI,120.801,31.3507,3238432,1,115,0,14-3-28 20:56:14,1
X32SFG6LPI,120.801,31.3508,3238432,0,0,0,14-3-28 20:58:15,1
X32SFG6LPI,120.801,31.3508,3238432,0,0,0,14-3-28 21:0:16,1
X32SFG6LPI,120.801,31.3508,3238432,0,0,0,14-3-28 21:2:15,1
X32SFG6LPI,120.801,31.3508,3238432,0,0,0,14-3-28 21:4:18,1
X32SFG6LPI,120.801,31.3508,3238432,0,0,0,14-3-28 21:5:17,1
X32SFG6LPI,120.801,31.3508,3238432,0,0,0,14-3-28 21:6:15,1
X32SFG6LPI,120.801,31.3508,3238432,0,0,0,14-3-28 21:8:15,1
X32SFG6LPI,120.801,31.3508,3238432,0,0,0,14-3-28 21:10:18,1
X32SFG6LPI,120.801,31.3508,3238432,0,0,0,14-3-28 21:12:15,1
X32SFG6LPI,120.801,31.3508,3238432,0,0,0,14-3-28 21:14:15,1
X32SFG6LPI,120.801,31.3508,3238432,0,0,0,14-3-28 21:15:19,1
X32SFG6LPI,120.801,31.3508,3238432,0,0,0,14-3-28 21:16:15,1
X32SFG6LPI,120.801,31.3508,3238432,0,0,0,14-3-28 21:18:15,1
X32SFG6LPI,120.801,31.3508,3238432,0,0,0,14-3-28 21:20:20,1
X32SFG6LPI,120.801,31.3508,3238432,0,0,0,14-3-28 21:22:16,1
X32SFG6LPI,120.801,31.3508,3238432,0,0,0,14-3-28 21:24:16,1
X32SFG6LPI,120.801,31.3508,3238432,0,0,0,14-3-28 21:25:21,1
X32SFG6LPI,120.801,31.3508,3238432,0,0,0,14-3-28 21:26:16,1
X32SFG6LPI,120.801,31.3508,3238432,0,0,0,14-3-28 21:28:16,1
X32SFG6LPI,120.801,31.3508,3238432,0,0,0,14-3-28 21:30:16,1
X32SFG6LPI,120.801,31.3508,3238432,0,0,0,14-3-28 21:30:22,1
X32SFG6LPI,120.801,31.3508,3238432,0,0,0,14-3-28 21:32:16,1
X32SFG6LPI,120.801,31.3508,3238432,0,0,0,14-3-28 21:34:16,1
X32SFG6LPI,120.801,31.3508,3238432,0,0,0,14-3-28 21:35:23,1
X32SFG6LPI,120.801,31.3508,3238432,0,0,0,14-3-28 21:36:17,1
X32SFG6LPI,120.801,31.3508,3238432,0,0,0,14-3-28 21:38:17,1
X32SFG6LPI,120.801,31.3508,3238432,0,0,0,14-3-28 21:40:24,1
X32SFG6LPI,120.801,31.3508,3238432,0,0,0,14-3-28 21:42:17,1
X32SFG6LPI,120.801,31.3508,3238432,0,0,0,14-3-28 21:44:17,1
X32SFG6LPI,120.801,31.3508,3238432,0,0,0,14-3-28 21:45:25,1
X32SFG6LPI,120.801,31.3508,3238432,0,0,0,14-3-28 21:46:17,1
X32SFG6LPI,120.801,31.3508,3238432,0,0,0,14-3-28 21:48:17,1
X32SFG6LPI,120.801,31.3508,3238432,0,0,0,14-3-28 21:50:26,1
X32SFG6LPI,120.801,31.3508,3238432,0,0,0,14-3-28 21:52:17,1
X32SFG6LPI,120.801,31.3508,3238432,0,0,0,14-3-28 21:54:17,1
X32SFG6LPI,120.801,31.3508,3238432,0,0,0,14-3-28 21:55:30,1
X32SFG6LPI,120.801,31.3508,3238432,0,0,0,14-3-28 21:56:17,1
X32SFG6LPI,120.801,31.3508,3238432,0,0,0,14-3-28 21:58:17,1
X32SFG6LPI,120.801,31.3508,3238432,0,0,0,14-3-28 22:0:17,1
X32SFG6LPI,120.801,31.3508,3238432,0,0,0,14-3-28 22:0:31,1
X32SFG6LPI,120.801,31.3508,3238432,0,0,0,14-3-28 22:2:17,1
X32SFG6LPI,120.801,31.3508,3238432,0,0,0,14-3-28 22:4:17,1
X32SFG6LPI,120.801,31.3508,3238432,0,0,0,14-3-28 22:5:33,1
X32SFG6LPI,120.801,31.3508,3238432,0,0,0,14-3-28 22:6:17,1
X32SFG6LPI,120.801,31.3508,3238432,0,0,0,14-3-28 22:8:17,1
X32SFG6LPI,120.801,31.3508,3238432,0,0,0,14-3-28 22:10:18,1
X32SFG6LPI,120.801,31.3508,3238432,0,0,0,14-3-28 22:10:37,1
X32SFG6LPI,120.801,31.3508,3238432,0,0,0,14-3-28 22:12:18,1
X32SFG6LPI,120.801,31.3508,3238432,0,0,0,14-3-28 22:14:18,1
X32SFG6LPI,120.801,31.3508,3238432,0,0,0,14-3-28 22:15:38,1
X32SFG6LPI,120.801,31.3508,3238432,0,0,0,14-3-28 22:16:18,1
X32SFG6LPI,120.801,31.3508,3238432,0,0,0,14-3-28 22:18:18,1
X32SFG6LPI,120.801,31.3508,3238432,0,0,0,14-3-28 22:20:18,1
X32SFG6LPI,120.801,31.3508,3238432,0,0,0,14-3-28 22:20:39,1
X32SFG6LPI,120.801,31.3508,3238432,0,0,0,14-3-28 22:22:18,1
X32SFG6LPI,120.801,31.3508,3238432,0,0,0,14-3-28 22:24:18,1
X32SFG6LPI,120.801,31.3508,3238432,0,0,0,14-3-28 22:25:40,1
X32SFG6LPI,120.801,31.3508,3238432,0,0,0,14-3-28 22:26:19,1
X32SFG6LPI,120.801,31.3508,3238432,0,0,0,14-3-28 22:28:19,1
X32SFG6LPI,120.801,31.3508,3238432,0,0,0,14-3-28 22:30:19,1
X32SFG6LPI,120.801,31.3508,3238432,0,0,0,14-3-28 22:30:41,1
X32SFG6LPI,120.801,31.3508,3238432,0,0,0,14-3-28 22:32:19,1
X32SFG6LPI,120.801,31.3508,3238432,0,0,0,14-3-28 22:34:19,1
X32SFG6LPI,120.801,31.3508,3238432,0,0,0,14-3-28 22:35:41,1
X32SFG6LPI,120.801,31.3508,3238432,0,0,0,14-3-28 22:36:18,1
X32SFG6LPI,120.801,31.3508,3238432,0,0,0,14-3-28 22:38:18,1
X32SFG6LPI,120.801,31.3508,3238432,0,0,0,14-3-28 22:40:18,1
X32SFG6LPI,120.801,31.3508,3238432,0,0,0,14-3-28 22:40:42,1
X32SFG6LPI,120.801,31.3508,3238432,0,0,0,14-3-28 22:42:18,1
X32SFG6LPI,120.801,31.3508,3238432,0,0,0,14-3-28 22:44:18,1
X32SFG6LPI,120.801,31.3508,3238432,0,0,0,14-3-28 22:45:43,1
X32SFG6LPI,120.801,31.3508,3238432,0,0,0,14-3-28 22:46:18,1
X32SFG6LPI,120.801,31.3508,3238432,0,0,0,14-3-28 22:48:18,1
X32SFG6LPI,120.801,31.3508,3238432,0,0,0,14-3-28 22:50:18,1
X32SFG6LPI,120.801,31.3508,3238432,0,0,0,14-3-28 22:50:44,1
X32SFG6LPI,120.801,31.3508,3238432,0,0,0,14-3-28 22:52:18,1
X32SFG6LPI,120.801,31.3508,3238432,0,0,0,14-3-28 22:54:18,1
X32SFG6LPI,120.801,31.3508,3238432,0,0,0,14-3-28 22:55:45,1
X32SFG6LPI,120.801,31.3508,3238432,0,0,0,14-3-28 22:56:18,1
X32SFG6LPI,120.801,31.3508,3238432,0,0,0,14-3-28 22:58:18,1
X32SFG6LPI,120.801,31.3508,3238432,0,0,0,14-3-28 23:0:18,1
X32SFG6LPI,120.801,31.3508,3238432,0,0,0,14-3-28 23:0:46,1
X32SFG6LPI,120.801,31.3508,3238432,0,0,0,14-3-28 23:2:18,1
X32SFG6LPI,120.801,31.3508,3238432,0,0,0,14-3-28 23:4:18,1
X32SFG6LPI,120.801,31.3508,3238432,0,0,0,14-3-28 23:5:47,1
X32SFG6LPI,120.801,31.3508,3238432,0,0,0,14-3-28 23:6:19,1
X32SFG6LPI,120.801,31.3508,3238432,0,0,0,14-3-28 23:8:19,1
X32SFG6LPI,120.801,31.3508,3238432,0,0,0,14-3-28 23:10:19,1
X32SFG6LPI,120.801,31.3508,3238432,0,0,0,14-3-28 23:10:48,1
X32SFG6LPI,120.801,31.3508,3238432,0,0,0,14-3-28 23:12:19,1
X32SFG6LPI,120.801,31.3508,3238432,0,0,0,14-3-28 23:14:19,1
X32SFG6LPI,120.801,31.3508,3238432,0,0,0,14-3-28 23:15:49,1
X32SFG6LPI,120.801,31.3508,3238432,0,0,0,14-3-28 23:16:19,1
X32SFG6LPI,120.801,31.3508,3238432,0,0,0,14-3-28 23:18:19,1
X32SFG6LPI,120.801,31.3508,3238432,0,0,0,14-3-28 23:20:21,1
X32SFG6LPI,120.801,31.3508,3238432,0,0,0,14-3-28 23:20:50,1
X32SFG6LPI,120.801,31.3508,3238432,0,0,0,14-3-28 23:22:21,1
X32SFG6LPI,120.801,31.3508,3238432,0,0,0,14-3-28 23:24:21,1
X32SFG6LPI,120.801,31.3508,3238432,0,0,0,14-3-28 23:25:51,1
X32SFG6LPI,120.801,31.3508,3238432,0,0,0,14-3-28 23:26:21,1
X32SFG6LPI,120.801,31.3508,3238432,0,0,0,14-3-28 23:28:22,1
X32SFG6LPI,120.801,31.3508,3238432,0,0,0,14-3-28 23:30:22,1
X32SFG6LPI,120.801,31.3508,3238432,0,0,0,14-3-28 23:30:52,1
X32SFG6LPI,120.801,31.3508,3238432,0,0,0,14-3-28 23:32:22,1
X32SFG6LPI,120.801,31.3508,3238432,0,0,0,14-3-28 23:34:22,1
X32SFG6LPI,120.801,31.3508,3238432,0,0,0,14-3-28 23:35:53,1
X32SFG6LPI,120.801,31.3508,3238432,0,0,0,14-3-28 23:36:22,1
X32SFG6LPI,120.801,31.3508,3238432,0,0,0,14-3-28 23:38:22,1
X32SFG6LPI,120.801,31.3508,3238432,0,0,0,14-3-28 23:40:22,1
X32SFG6LPI,120.801,31.3508,3238432,0,0,0,14-3-28 23:40:54,1
X32SFG6LPI,120.801,31.3508,3238432,0,0,0,14-3-28 23:42:22,1
X32SFG6LPI,120.801,31.3508,3238432,0,0,0,14-3-28 23:44:22,1
X32SFG6LPI,120.801,31.3508,3238432,0,0,0,14-3-28 23:45:55,1
X32SFG6LPI,120.801,31.3508,3238432,0,0,0,14-3-28 23:46:22,1
X32SFG6LPI,120.801,31.3508,3238432,0,0,0,14-3-28 23:48:22,1
X32SFG6LPI,120.801,31.3508,3238432,0,0,0,14-3-28 23:50:22,1
X32SFG6LPI,120.801,31.3508,3238432,0,0,0,14-3-28 23:50:56,1
X32SFG6LPI,120.801,31.3508,3238432,0,0,0,14-3-28 23:52:22,1
X32SFG6LPI,120.801,31.3508,3238432,0,0,0,14-3-28 23:54:22,1
X32SFG6LPI,120.801,31.3508,3238432,0,0,0,14-3-28 23:55:57,1
X32SFG6LPI,120.801,31.3508,3238432,0,0,0,14-3-28 23:58:22,1
X32SFG6LPI,120.801,31.3508,3238432,0,0,0,14-3-29 0:0:22,1
X32SFG6LPI,120.801,31.3508,3238432,0,0,0,14-3-29 0:0:58,1
X32SFG6LPI,120.801,31.3508,3238432,0,0,0,14-3-29 0:2:22,1
X32SFG6LPI,120.801,31.3508,3238432,0,0,0,14-3-29 0:4:22,1
X32SFG6LPI,120.801,31.3508,3238432,0,0,0,14-3-29 0:5:59,1
X32SFG6LPI,120.801,31.3508,3238432,0,0,0,14-3-29 0:6:22,1
X32SFG6LPI,120.801,31.3508,3238432,0,0,0,14-3-29 0:8:22,1
X32SFG6LPI,120.801,31.3508,3238432,0,0,0,14-3-29 0:10:22,1
X32SFG6LPI,120.801,31.3508,3238432,0,0,0,14-3-29 0:11:0,1
X32SFG6LPI,120.801,31.3508,3238432,0,0,0,14-3-29 0:12:22,1
X32SFG6LPI,120.801,31.3508,3238432,0,0,0,14-3-29 0:14:22,1
X32SFG6LPI,120.801,31.3508,3238432,0,0,0,14-3-29 0:16:1,1
X32SFG6LPI,120.801,31.3508,3238432,0,0,0,14-3-29 0:16:22,1
X32SFG6LPI,120.801,31.3508,3238432,0,0,0,14-3-29 0:18:22,1
X32SFG6LPI,120.801,31.3508,3238432,0,0,0,14-3-29 0:20:22,1
X32SFG6LPI,120.801,31.3508,3238432,0,0,0,14-3-29 0:21:2,1
X32SFG6LPI,120.801,31.3508,3238432,0,0,0,14-3-29 0:22:22,1
X32SFG6LPI,120.801,31.3508,3238432,0,0,0,14-3-29 0:24:22,1
X32SFG6LPI,120.801,31.3508,3238432,0,0,0,14-3-29 0:26:3,1
X32SFG6LPI,120.801,31.3508,3238432,0,0,0,14-3-29 0:26:22,1
X32SFG6LPI,120.801,31.3508,3238432,0,0,0,14-3-29 0:28:24,1
X32SFG6LPI,120.801,31.3508,3238432,0,0,0,14-3-29 0:30:25,1
X32SFG6LPI,120.801,31.3508,3238432,0,0,0,14-3-29 0:31:4,1
X32SFG6LPI,120.801,31.3508,3238432,0,0,0,14-3-29 0:32:25,1
X32SFG6LPI,120.801,31.3508,3238432,0,0,0,14-3-29 0:34:25,1
X32SFG6LPI,120.801,31.3508,3238432,0,0,0,14-3-29 0:36:5,1
X32SFG6LPI,120.801,31.3508,3238432,0,0,0,14-3-29 0:36:25,1
X32SFG6LPI,120.801,31.3508,3238432,0,0,0,14-3-29 0:38:25,1
X32SFG6LPI,120.801,31.3508,3238432,0,0,0,14-3-29 0:40:25,1
X32SFG6LPI,120.801,31.3508,3238432,0,0,0,14-3-29 0:41:6,1
X32SFG6LPI,120.801,31.3508,3238432,0,0,0,14-3-29 0:42:25,1
X32SFG6LPI,120.801,31.3508,3238432,0,0,0,14-3-29 0:44:25,1
X32SFG6LPI,120.801,31.3508,3238432,0,0,0,14-3-29 0:46:6,1
X32SFG6LPI,120.801,31.3508,3238432,0,0,0,14-3-29 0:46:24,1
X32SFG6LPI,120.801,31.3508,3238432,0,0,0,14-3-29 0:48:24,1
X32SFG6LPI,120.801,31.3508,3238432,0,0,0,14-3-29 0:50:24,1
X32SFG6LPI,120.801,31.3508,3238432,0,0,0,14-3-29 0:51:7,1
X32SFG6LPI,120.801,31.3508,3238432,0,0,0,14-3-29 0:52:24,1
X32SFG6LPI,120.801,31.3508,3238432,0,0,0,14-3-29 0:54:24,1
X32SFG6LPI,120.801,31.3508,3238432,0,0,0,14-3-29 0:56:8,1
X32SFG6LPI,120.801,31.3508,3238432,0,0,0,14-3-29 0:56:24,1
X32SFG6LPI,120.801,31.3508,3238432,0,0,0,14-3-29 0:58:24,1
X32SFG6LPI,120.801,31.3508,3238432,0,0,0,14-3-29 1:0:24,1
X32SFG6LPI,120.801,31.3508,3238432,0,0,0,14-3-29 1:1:9,1
X32SFG6LPI,120.801,31.3508,3238432,0,0,0,14-3-29 1:2:24,1
X32SFG6LPI,120.801,31.3508,3238432,0,0,0,14-3-29 1:4:24,1
X32SFG6LPI,120.801,31.3508,3238432,0,0,0,14-3-29 1:6:10,1
X32SFG6LPI,120.801,31.3508,3238432,0,0,0,14-3-29 1:6:24,1
X32SFG6LPI,120.801,31.3508,3238432,0,0,0,14-3-29 1:8:24,1
X32SFG6LPI,120.801,31.3508,3238432,0,0,0,14-3-29 1:10:24,1
X32SFG6LPI,120.801,31.3508,3238432,0,0,0,14-3-29 1:11:11,1
X32SFG6LPI,120.801,31.3508,3238432,0,0,0,14-3-29 1:12:24,1
X32SFG6LPI,120.801,31.3508,3238432,0,0,0,14-3-29 1:14:24,1
X32SFG6LPI,120.801,31.3508,3238432,0,0,0,14-3-29 1:16:12,1
X32SFG6LPI,120.801,31.3508,3238432,0,0,0,14-3-29 1:16:24,1
X32SFG6LPI,120.801,31.3508,3238432,0,0,0,14-3-29 1:18:24,1
X32SFG6LPI,120.801,31.3508,3238432,0,0,0,14-3-29 1:20:25,1
X32SFG6LPI,120.801,31.3508,3238432,0,0,0,14-3-29 1:21:13,1
X32SFG6LPI,120.801,31.3508,3238432,0,0,0,14-3-29 1:22:25,1
X32SFG6LPI,120.801,31.3508,3238432,0,0,0,14-3-29 1:24:25,1
X32SFG6LPI,120.801,31.3508,3238432,0,0,0,14-3-29 1:26:14,1
X32SFG6LPI,120.801,31.3508,3238432,0,0,0,14-3-29 1:26:25,1
X32SFG6LPI,120.801,31.3508,3238432,0,0,0,14-3-29 1:28:31,1
X32SFG6LPI,120.801,31.3508,3238432,0,0,0,14-3-29 1:30:32,1
X32SFG6LPI,120.801,31.3508,3238432,0,0,0,14-3-29 1:31:15,1
X32SFG6LPI,120.801,31.3508,3238432,0,0,0,14-3-29 1:32:32,1
X32SFG6LPI,120.801,31.3508,3238432,0,0,0,14-3-29 1:34:32,1
X32SFG6LPI,120.801,31.3508,3238432,0,0,0,14-3-29 1:36:16,1
X32SFG6LPI,120.801,31.3508,3238432,0,0,0,14-3-29 1:36:32,1
X32SFG6LPI,120.801,31.3508,3238432,0,0,0,14-3-29 1:38:32,1
X32SFG6LPI,120.801,31.3508,3238432,0,0,0,14-3-29 1:40:32,1
X32SFG6LPI,120.801,31.3508,3238432,0,0,0,14-3-29 1:41:17,1
X32SFG6LPI,120.801,31.3508,3238432,0,0,0,14-3-29 1:42:32,1
X32SFG6LPI,120.801,31.3508,3238432,0,0,0,14-3-29 1:44:32,1
X32SFG6LPI,120.801,31.3508,3238432,0,0,0,14-3-29 1:46:18,1
X32SFG6LPI,120.801,31.3508,3238432,0,0,0,14-3-29 1:46:32,1
X32SFG6LPI,120.801,31.3508,3238432,0,0,0,14-3-29 1:48:32,1
X32SFG6LPI,120.801,31.3508,3238432,0,0,0,14-3-29 1:50:32,1
X32SFG6LPI,120.801,31.3508,3238432,0,0,0,14-3-29 1:51:19,1
X32SFG6LPI,120.801,31.3508,3238432,0,0,0,14-3-29 1:52:32,1
X32SFG6LPI,120.801,31.3508,3238432,0,0,0,14-3-29 1:54:32,1
X32SFG6LPI,120.801,31.3508,3238432,0,0,0,14-3-29 1:56:20,1
X32SFG6LPI,120.801,31.3508,3238432,0,0,0,14-3-29 1:56:32,1
X32SFG6LPI,120.801,31.3508,3238432,0,0,0,14-3-29 1:58:32,1
X32SFG6LPI,120.801,31.3508,3238432,0,0,0,14-3-29 2:0:32,1
X32SFG6LPI,120.801,31.3508,3238432,0,0,0,14-3-29 2:1:21,1
X32SFG6LPI,120.801,31.3508,3238432,0,0,0,14-3-29 2:2:32,1
X32SFG6LPI,120.801,31.3508,3238432,0,0,0,14-3-29 2:4:32,1
X32SFG6LPI,120.801,31.3508,3238432,0,0,0,14-3-29 2:6:22,1
X32SFG6LPI,120.801,31.3508,3238432,0,0,0,14-3-29 2:6:32,1
X32SFG6LPI,120.801,31.3508,3238432,0,0,0,14-3-29 2:8:32,1
X32SFG6LPI,120.801,31.3508,3238432,0,0,0,14-3-29 2:10:32,1
X32SFG6LPI,120.801,31.3508,3238432,0,0,0,14-3-29 2:11:23,1
X32SFG6LPI,120.801,31.3508,3238432,0,0,0,14-3-29 2:12:32,1
X32SFG6LPI,120.801,31.3508,3238432,0,0,0,14-3-29 2:14:32,1
X32SFG6LPI,120.801,31.3508,3238432,0,0,0,14-3-29 2:16:24,1
X32SFG6LPI,120.801,31.3508,3238432,0,0,0,14-3-29 2:16:32,1
X32SFG6LPI,120.801,31.3508,3238432,0,0,0,14-3-29 2:18:32,1
X32SFG6LPI,120.801,31.3508,3238432,0,0,0,14-3-29 2:20:33,1
X32SFG6LPI,120.801,31.3508,3238432,0,0,0,14-3-29 2:21:25,1
X32SFG6LPI,120.801,31.3508,3238432,0,0,0,14-3-29 2:22:34,1
X32SFG6LPI,120.801,31.3508,3238432,0,0,0,14-3-29 2:24:34,1
X32SFG6LPI,120.801,31.3508,3238432,0,0,0,14-3-29 2:26:26,1
X32SFG6LPI,120.801,31.3508,3238432,0,0,0,14-3-29 2:26:34,1
X32SFG6LPI,120.801,31.3508,3238432,0,0,0,14-3-29 2:28:39,1
X32SFG6LPI,120.801,31.3508,3238432,0,0,0,14-3-29 2:30:40,1
X32SFG6LPI,120.801,31.3508,3238432,0,0,0,14-3-29 2:31:27,1
X32SFG6LPI,120.801,31.3508,3238432,0,0,0,14-3-29 2:32:40,1
X32SFG6LPI,120.801,31.3508,3238432,0,0,0,14-3-29 2:34:40,1
X32SFG6LPI,120.801,31.3508,3238432,0,0,0,14-3-29 2:36:28,1
X32SFG6LPI,120.801,31.3508,3238432,0,0,0,14-3-29 2:36:40,1
X32SFG6LPI,120.801,31.3508,3238432,0,0,0,14-3-29 2:38:40,1
X32SFG6LPI,120.801,31.3508,3238432,0,0,0,14-3-29 2:40:40,1
X32SFG6LPI,120.801,31.3508,3238432,0,0,0,14-3-29 2:41:29,1
X32SFG6LPI,120.801,31.3508,3238432,0,0,0,14-3-29 2:42:40,1
X32SFG6LPI,120.801,31.3508,3238432,0,0,0,14-3-29 2:44:40,1
X32SFG6LPI,120.801,31.3508,3238432,0,0,0,14-3-29 2:46:30,1
X32SFG6LPI,120.801,31.3508,3238432,0,0,0,14-3-29 2:46:40,1
X32SFG6LPI,120.801,31.3508,3238432,0,0,0,14-3-29 2:48:40,1
X32SFG6LPI,120.801,31.3508,3238432,0,0,0,14-3-29 2:50:39,1
X32SFG6LPI,120.801,31.3508,3238432,0,0,0,14-3-29 2:51:30,1
X32SFG6LPI,120.801,31.3508,3238432,0,0,0,14-3-29 2:52:39,1
X32SFG6LPI,120.801,31.3508,3238432,0,0,0,14-3-29 2:54:39,1
X32SFG6LPI,120.801,31.3508,3238432,0,0,0,14-3-29 2:56:31,1
X32SFG6LPI,120.801,31.3508,3238432,0,0,0,14-3-29 2:56:39,1
X32SFG6LPI,120.801,31.3508,3238432,0,0,0,14-3-29 2:58:39,1
X32SFG6LPI,120.801,31.3508,3238432,0,0,0,14-3-29 3:0:39,1
X32SFG6LPI,120.801,31.3508,3238432,0,0,0,14-3-29 3:1:32,1
X32SFG6LPI,120.801,31.3508,3238432,0,0,0,14-3-29 3:2:39,1
X32SFG6LPI,120.801,31.3508,3238432,0,0,0,14-3-29 3:4:39,1
X32SFG6LPI,120.801,31.3508,3238432,0,0,0,14-3-29 3:6:33,1
X32SFG6LPI,120.801,31.3508,3238432,0,0,0,14-3-29 3:6:41,1
X32SFG6LPI,120.801,31.3508,3238432,0,0,0,14-3-29 3:8:42,1
X32SFG6LPI,120.801,31.3508,3238432,0,0,0,14-3-29 3:10:42,1
X32SFG6LPI,120.801,31.3508,3238432,0,0,0,14-3-29 3:11:34,1
X32SFG6LPI,120.801,31.3508,3238432,0,0,0,14-3-29 3:12:42,1
X32SFG6LPI,120.801,31.3508,3238432,0,0,0,14-3-29 3:14:42,1
X32SFG6LPI,120.801,31.3508,3238432,0,0,0,14-3-29 3:16:42,1
X32SFG6LPI,120.801,31.3508,3238432,0,0,0,14-3-29 3:18:42,1
X32SFG6LPI,120.801,31.3508,3238432,0,0,0,14-3-29 3:20:43,1
X32SFG6LPI,120.801,31.3508,3238432,0,0,0,14-3-29 3:21:36,1
X32SFG6LPI,120.801,31.3508,3238432,0,0,0,14-3-29 3:22:43,1
X32SFG6LPI,120.801,31.3508,3238432,0,0,0,14-3-29 3:24:43,1
X32SFG6LPI,120.801,31.3508,3238432,0,0,0,14-3-29 3:26:43,1
X32SFG6LPI,120.801,31.3508,3238432,0,0,0,14-3-29 3:28:46,1
X32SFG6LPI,120.801,31.3508,3238432,0,0,0,14-3-29 3:30:46,1
X32SFG6LPI,120.801,31.3508,3238432,0,0,0,14-3-29 3:31:38,1
X32SFG6LPI,120.801,31.3508,3238432,0,0,0,14-3-29 3:32:46,1
X32SFG6LPI,120.801,31.3508,3238432,0,0,0,14-3-29 3:34:46,1
X32SFG6LPI,120.801,31.3508,3238432,0,0,0,14-3-29 3:36:39,1
X32SFG6LPI,120.801,31.3508,3238432,0,0,0,14-3-29 3:36:46,1
X32SFG6LPI,120.801,31.3508,3238432,0,0,0,14-3-29 3:38:46,1
X32SFG6LPI,120.801,31.3508,3238432,0,0,0,14-3-29 3:40:46,1
X32SFG6LPI,120.801,31.3508,3238432,0,0,0,14-3-29 3:41:40,1
X32SFG6LPI,120.801,31.3508,3238432,0,0,0,14-3-29 3:42:46,1
X32SFG6LPI,120.801,31.3508,3238432,0,0,0,14-3-29 3:44:46,1
X32SFG6LPI,120.801,31.3508,3238432,0,0,0,14-3-29 3:46:41,1
X32SFG6LPI,120.801,31.3508,3238432,0,0,0,14-3-29 3:46:46,1
X32SFG6LPI,120.801,31.3508,3238432,0,0,0,14-3-29 3:48:46,1
X32SFG6LPI,120.801,31.3508,3238432,0,0,0,14-3-29 3:50:46,1
X32SFG6LPI,120.801,31.3508,3238432,0,0,0,14-3-29 3:51:42,1
X32SFG6LPI,120.801,31.3508,3238432,0,0,0,14-3-29 3:52:46,1
X32SFG6LPI,120.801,31.3508,3238432,0,0,0,14-3-29 3:54:46,1
X32SFG6LPI,120.801,31.3508,3238432,0,0,0,14-3-29 3:56:46,1
X32SFG6LPI,120.801,31.3508,3238432,0,0,0,14-3-29 3:58:46,1
X32SFG6LPI,120.801,31.3508,3238432,0,0,0,14-3-29 4:0:46,1
X32SFG6LPI,120.801,31.3508,3238432,0,0,0,14-3-29 4:1:45,1
X32SFG6LPI,120.801,31.3508,3238432,0,0,0,14-3-29 4:2:46,1
X32SFG6LPI,120.801,31.3508,3238432,0,0,0,14-3-29 4:4:46,1
X32SFG6LPI,120.801,31.3508,3238432,0,0,0,14-3-29 4:6:46,1
X32SFG6LPI,120.801,31.3508,3238432,0,0,0,14-3-29 4:8:46,1
X32SFG6LPI,120.801,31.3508,3238432,0,0,0,14-3-29 4:10:46,1
X32SFG6LPI,120.801,31.3508,3238432,0,0,0,14-3-29 4:11:47,1
X32SFG6LPI,120.801,31.3508,3238432,0,0,0,14-3-29 4:12:46,1
X32SFG6LPI,120.801,31.3508,3238432,0,0,0,14-3-29 4:14:46,1
X32SFG6LPI,120.801,31.3508,3238432,0,0,0,14-3-29 4:16:48,1
X32SFG6LPI,120.801,31.3508,3238432,0,0,0,14-3-29 4:18:46,1
X32SFG6LPI,120.801,31.3508,3238432,0,0,0,14-3-29 4:20:47,1
X32SFG6LPI,120.801,31.3508,3238432,0,0,0,14-3-29 4:21:49,1
X32SFG6LPI,120.801,31.3508,3238432,0,0,0,14-3-29 4:22:48,1
X32SFG6LPI,120.801,31.3508,3238432,0,0,0,14-3-29 4:24:48,1
X32SFG6LPI,120.801,31.3508,3238432,0,0,0,14-3-29 4:26:51,1
X32SFG6LPI,120.801,31.3508,3238432,0,0,0,14-3-29 4:28:53,1
X32SFG6LPI,120.801,31.3508,3238432,0,0,0,14-3-29 4:30:54,1
X32SFG6LPI,120.801,31.3508,3238432,0,0,0,14-3-29 4:31:53,1
X32SFG6LPI,120.801,31.3508,3238432,0,0,0,14-3-29 4:32:54,1
X32SFG6LPI,120.801,31.3508,3238432,0,0,0,14-3-29 4:34:54,1
X32SFG6LPI,120.801,31.3508,3238432,0,0,0,14-3-29 4:36:54,1
X32SFG6LPI,120.801,31.3508,3238432,0,0,0,14-3-29 4:38:54,1
X32SFG6LPI,120.801,31.3508,3238432,0,0,0,14-3-29 4:40:54,1
X32SFG6LPI,120.801,31.3508,3238432,0,0,0,14-3-29 4:41:55,1
X32SFG6LPI,120.801,31.3508,3238432,0,0,0,14-3-29 4:42:54,1
X32SFG6LPI,120.801,31.3508,3238432,0,0,0,14-3-29 4:44:54,1
X32SFG6LPI,120.801,31.3508,3238432,0,0,0,14-3-29 4:46:56,1
X32SFG6LPI,120.801,31.3508,3238432,0,0,0,14-3-29 4:48:54,1
X32SFG6LPI,120.801,31.3508,3238432,0,0,0,14-3-29 4:50:54,1
X32SFG6LPI,120.801,31.3508,3238432,0,0,0,14-3-29 4:51:57,1
X32SFG6LPI,120.801,31.3508,3238432,0,0,0,14-3-29 4:52:54,1
X32SFG6LPI,120.801,31.3508,3238432,0,0,0,14-3-29 4:54:54,1
X32SFG6LPI,120.801,31.3508,3238432,0,0,0,14-3-29 4:56:57,1
X32SFG6LPI,120.801,31.3508,3238432,0,0,0,14-3-29 4:58:53,1
X32SFG6LPI,120.801,31.3508,3238432,0,0,0,14-3-29 5:0:53,1
X32SFG6LPI,120.801,31.3508,3238432,0,0,0,14-3-29 5:1:58,1
X32SFG6LPI,120.801,31.3508,3238432,0,0,0,14-3-29 5:2:53,1
X32SFG6LPI,120.801,31.3508,3238432,0,0,0,14-3-29 5:4:53,1
X32SFG6LPI,120.801,31.3508,3238432,0,0,0,14-3-29 5:6:53,1
X32SFG6LPI,120.801,31.3508,3238432,0,0,0,14-3-29 5:6:59,1
X32SFG6LPI,120.801,31.3508,3238432,0,0,0,14-3-29 5:8:53,1
X32SFG6LPI,120.801,31.3508,3238432,0,0,0,14-3-29 5:10:53,1
X32SFG6LPI,120.801,31.3508,3238432,0,0,0,14-3-29 5:12:0,1
X32SFG6LPI,120.801,31.3508,3238432,0,0,0,14-3-29 5:12:53,1
X32SFG6LPI,120.801,31.3508,3238432,0,0,0,14-3-29 5:14:53,1
X32SFG6LPI,120.801,31.3508,3238432,0,0,0,14-3-29 5:16:53,1
X32SFG6LPI,120.801,31.3508,3238432,0,0,0,14-3-29 5:17:1,1
X32SFG6LPI,120.801,31.3508,3238432,0,0,0,14-3-29 5:18:53,1
X32SFG6LPI,120.801,31.3508,3238432,0,0,0,14-3-29 5:20:54,1
X32SFG6LPI,120.801,31.3508,3238432,0,0,0,14-3-29 5:22:2,1
X32SFG6LPI,120.801,31.3508,3238432,0,0,0,14-3-29 5:22:54,1
X32SFG6LPI,120.801,31.3508,3238432,0,0,0,14-3-29 5:24:54,1
X32SFG6LPI,120.801,31.3508,3238432,0,0,0,14-3-29 5:26:54,1
X32SFG6LPI,120.801,31.3508,3238432,0,0,0,14-3-29 5:27:3,1
X32SFG6LPI,120.801,31.3508,3238432,0,0,0,14-3-29 5:29:0,1
X32SFG6LPI,120.801,31.3508,3238432,0,0,0,14-3-29 5:31:1,1
X32SFG6LPI,120.801,31.3508,3238432,0,0,0,14-3-29 5:32:4,1
X32SFG6LPI,120.801,31.3508,3238432,0,0,0,14-3-29 5:33:1,1
X32SFG6LPI,120.801,31.3508,3238432,0,0,0,14-3-29 5:35:1,1
X32SFG6LPI,120.801,31.3508,3238432,0,0,0,14-3-29 5:37:7,1
X32SFG6LPI,120.801,31.3508,3238432,0,0,0,14-3-29 5:39:1,1
X32SFG6LPI,120.801,31.3508,3238432,0,0,0,14-3-29 5:41:1,1
X32SFG6LPI,120.801,31.3508,3238432,0,0,0,14-3-29 5:42:10,1
X32SFG6LPI,120.801,31.3508,3238432,0,0,0,14-3-29 5:43:1,1
X32SFG6LPI,120.801,31.3508,3238432,0,0,0,14-3-29 5:45:1,1
X32SFG6LPI,120.801,31.3508,3238432,0,0,0,14-3-29 5:47:1,1
X32SFG6LPI,120.801,31.3508,3238432,0,0,0,14-3-29 5:47:14,1
X32SFG6LPI,120.801,31.3508,3238432,0,0,0,14-3-29 5:49:1,1
X32SFG6LPI,120.801,31.3508,3238432,0,0,0,14-3-29 5:51:1,1
X32SFG6LPI,120.801,31.3508,3238432,0,0,0,14-3-29 5:52:17,1
X32SFG6LPI,120.801,31.3508,3238432,0,0,0,14-3-29 5:53:1,1
X32SFG6LPI,120.801,31.3508,3238432,0,0,0,14-3-29 5:55:1,1
X32SFG6LPI,120.801,31.3508,3238432,0,0,0,14-3-29 5:57:1,1
X32SFG6LPI,120.801,31.3508,3238432,0,0,0,14-3-29 5:57:18,1
X32SFG6LPI,120.801,31.3508,3238432,0,0,0,14-3-29 5:59:1,1
X32SFG6LPI,120.801,31.3508,3238432,0,0,0,14-3-29 6:1:1,1
X32SFG6LPI,120.801,31.3508,3238432,0,0,0,14-3-29 6:2:19,1
X32SFG6LPI,120.801,31.3508,3238432,0,0,0,14-3-29 6:3:1,1
X32SFG6LPI,120.801,31.3508,3238432,0,0,0,14-3-29 6:5:1,1
X32SFG6LPI,120.801,31.3508,3238432,0,0,0,14-3-29 6:7:1,1
X32SFG6LPI,120.801,31.3508,3238432,0,0,0,14-3-29 6:7:20,1
X32SFG6LPI,120.801,31.3508,3238432,0,0,0,14-3-29 6:9:1,1
X32SFG6LPI,120.801,31.3508,3238432,0,0,0,14-3-29 6:11:1,1
X32SFG6LPI,120.801,31.3508,3238432,0,0,0,14-3-29 6:12:21,1
X32SFG6LPI,120.801,31.3508,3238432,0,0,0,14-3-29 6:13:1,1
X32SFG6LPI,120.801,31.3508,3238432,0,0,0,14-3-29 6:15:1,1
X32SFG6LPI,120.801,31.3508,3238432,0,0,0,14-3-29 6:17:1,1
X32SFG6LPI,120.801,31.3508,3238432,0,0,0,14-3-29 6:17:22,1
X32SFG6LPI,120.801,31.3508,3238432,0,0,0,14-3-29 6:19:1,1
X32SFG6LPI,120.801,31.3508,3238432,0,0,0,14-3-29 6:21:2,1
X32SFG6LPI,120.801,31.3508,3238432,0,0,0,14-3-29 6:22:23,1
X32SFG6LPI,120.801,31.3508,3238432,0,0,0,14-3-29 6:23:3,1
X32SFG6LPI,120.801,31.3508,3238432,0,0,0,14-3-29 6:25:3,1
X32SFG6LPI,120.801,31.3508,3238432,0,0,0,14-3-29 6:27:3,1
X32SFG6LPI,120.801,31.3508,3238432,0,0,0,14-3-29 6:27:24,1
X32SFG6LPI,120.801,31.3508,3238432,0,0,0,14-3-29 6:29:8,1
X32SFG6LPI,120.801,31.3508,3238432,0,0,0,14-3-29 6:31:9,1
X32SFG6LPI,120.801,31.3508,3238432,0,0,0,14-3-29 6:32:25,1
X32SFG6LPI,120.801,31.3508,3238432,0,0,0,14-3-29 6:33:9,1
X32SFG6LPI,120.801,31.3508,3238432,0,0,0,14-3-29 6:35:9,1
X32SFG6LPI,120.801,31.3508,3238432,0,0,0,14-3-29 6:37:9,1
X32SFG6LPI,120.801,31.3508,3238432,0,0,0,14-3-29 6:37:26,1
X32SFG6LPI,120.801,31.3508,3238432,0,0,0,14-3-29 6:39:9,1
X32SFG6LPI,120.801,31.3508,3238432,0,0,0,14-3-29 6:41:9,1
X32SFG6LPI,120.801,31.3508,3238432,0,0,0,14-3-29 6:42:27,1
X32SFG6LPI,120.801,31.3508,3238432,0,0,0,14-3-29 6:43:9,1
X32SFG6LPI,120.801,31.3508,3238432,0,0,0,14-3-29 6:45:9,1
X32SFG6LPI,120.801,31.3508,3238432,0,0,0,14-3-29 6:47:9,1
X32SFG6LPI,120.801,31.3508,3238432,0,0,0,14-3-29 6:47:28,1
X32SFG6LPI,120.801,31.3508,3238432,0,0,0,14-3-29 6:49:9,1
X32SFG6LPI,120.801,31.3508,3238432,0,0,0,14-3-29 6:51:9,1
X32SFG6LPI,120.801,31.3508,3238432,0,0,0,14-3-29 6:52:29,1
X32SFG6LPI,120.801,31.3508,3238432,0,0,0,14-3-29 6:53:9,1
X32SFG6LPI,120.801,31.3508,3238432,0,0,0,14-3-29 6:55:9,1
X32SFG6LPI,120.801,31.3508,3238432,0,0,0,14-3-29 6:57:9,1
X32SFG6LPI,120.801,31.3508,3238432,0,0,0,14-3-29 6:57:30,1
X32SFG6LPI,120.801,31.3508,3238432,0,0,0,14-3-29 6:59:10,1
X32SFG6LPI,120.801,31.3508,3238432,0,0,0,14-3-29 7:1:9,1
X32SFG6LPI,120.801,31.3508,3238432,0,0,0,14-3-29 7:2:30,1
X32SFG6LPI,120.801,31.3508,3238432,0,0,0,14-3-29 7:3:9,1
X32SFG6LPI,120.801,31.3508,3238432,0,0,0,14-3-29 7:5:9,1
X32SFG6LPI,120.801,31.3508,3238432,0,0,0,14-3-29 7:7:9,1
X32SFG6LPI,120.801,31.3508,3238432,0,0,0,14-3-29 7:7:31,1
X32SFG6LPI,120.801,31.3508,3238432,0,0,0,14-3-29 7:9:9,1
X32SFG6LPI,120.801,31.3508,3238432,0,0,0,14-3-29 7:11:9,1
X32SFG6LPI,120.801,31.3508,3238432,0,0,0,14-3-29 7:12:33,1
X32SFG6LPI,120.801,31.3508,3238432,0,0,0,14-3-29 7:13:9,1
X32SFG6LPI,120.801,31.3508,3238432,0,0,0,14-3-29 7:15:9,1
X32SFG6LPI,120.801,31.3508,3238432,0,0,0,14-3-29 7:17:9,1
X32SFG6LPI,120.801,31.3508,3238432,0,0,0,14-3-29 7:17:33,1
X32SFG6LPI,120.801,31.3508,3238432,0,0,0,14-3-29 7:19:9,1
X32SFG6LPI,120.801,31.3508,3238432,0,0,0,14-3-29 7:21:9,1
X32SFG6LPI,120.801,31.3508,3238432,0,0,0,14-3-29 7:22:34,1
X32SFG6LPI,120.801,31.3508,3238432,0,0,0,14-3-29 7:23:9,1
X32SFG6LPI,120.801,31.3508,3238432,0,0,0,14-3-29 7:25:9,1
X32SFG6LPI,120.801,31.3508,3238432,0,0,0,14-3-29 7:27:9,1
X32SFG6LPI,120.801,31.3508,3238432,0,0,0,14-3-29 7:27:35,1
X32SFG6LPI,120.801,31.3508,3238432,0,0,0,14-3-29 7:29:16,1
X32SFG6LPI,120.801,31.3508,3238432,0,0,0,14-3-29 7:31:16,1
X32SFG6LPI,120.801,31.3508,3238432,0,0,0,14-3-29 7:32:36,1
X32SFG6LPI,120.801,31.3508,3238432,0,0,0,14-3-29 7:33:16,1
X32SFG6LPI,120.801,31.3508,3238432,0,0,0,14-3-29 7:35:16,1
X32SFG6LPI,120.801,31.3508,3238432,0,0,0,14-3-29 7:37:16,1
X32SFG6LPI,120.801,31.3508,3238432,0,0,0,14-3-29 7:37:37,1
X32SFG6LPI,120.801,31.3508,3238432,0,0,0,14-3-29 7:39:16,1
X32SFG6LPI,120.801,31.3508,3238432,0,0,0,14-3-29 7:41:16,1
X32SFG6LPI,120.801,31.3508,3238432,0,0,0,14-3-29 7:42:39,1
X32SFG6LPI,120.801,31.3508,3238432,0,0,0,14-3-29 7:43:16,1
X32SFG6LPI,120.801,31.3508,3238432,0,0,0,14-3-29 7:45:16,1
X32SFG6LPI,120.801,31.3508,3238432,0,0,0,14-3-29 7:47:16,1
X32SFG6LPI,120.801,31.3508,3238432,0,0,0,14-3-29 7:47:40,1
X32SFG6LPI,120.801,31.3508,3238432,0,0,0,14-3-29 7:49:16,1
X32SFG6LPI,120.801,31.3508,3238432,0,0,0,14-3-29 7:51:16,1
X32SFG6LPI,120.801,31.3508,3238432,0,0,0,14-3-29 7:52:41,1
X32SFG6LPI,120.801,31.3508,3238432,0,0,0,14-3-29 7:53:16,1
X32SFG6LPI,120.801,31.3508,3238432,0,0,0,14-3-29 7:55:16,1
X32SFG6LPI,120.801,31.3508,3238432,0,0,0,14-3-29 7:57:16,1
X32SFG6LPI,120.801,31.3508,3238432,0,0,0,14-3-29 7:57:42,1
X32SFG6LPI,120.801,31.3508,3238432,0,0,0,14-3-29 7:59:16,1
X32SFG6LPI,120.801,31.3508,3238432,0,0,0,14-3-29 8:1:16,1
X32SFG6LPI,120.801,31.3508,3238432,0,0,0,14-3-29 8:2:43,1
X32SFG6LPI,120.801,31.3508,3238432,0,0,0,14-3-29 8:3:16,1
X32SFG6LPI,120.801,31.3508,3238432,0,0,0,14-3-29 8:5:16,1
X32SFG6LPI,120.801,31.3508,3238432,0,0,0,14-3-29 8:7:16,1
X32SFG6LPI,120.801,31.3508,3238432,0,0,0,14-3-29 8:7:44,1
X32SFG6LPI,120.801,31.3508,3238432,0,0,0,14-3-29 8:9:16,1
X32SFG6LPI,120.801,31.3508,3238432,0,0,0,14-3-29 8:11:16,1
X32SFG6LPI,120.801,31.3508,3238432,0,0,0,14-3-29 8:12:45,1
X32SFG6LPI,120.801,31.3508,3238432,0,0,0,14-3-29 8:13:16,1
X32SFG6LPI,120.801,31.3508,3238432,0,0,0,14-3-29 8:15:16,1
X32SFG6LPI,120.801,31.3508,3238432,0,0,0,14-3-29 8:17:16,1
X32SFG6LPI,120.801,31.3508,3238432,0,0,0,14-3-29 8:17:46,1
X32SFG6LPI,120.801,31.3508,3238432,0,0,0,14-3-29 8:19:16,1
X32SFG6LPI,120.801,31.3508,3238432,0,0,0,14-3-29 8:21:17,1
X32SFG6LPI,120.801,31.3508,3238432,0,0,0,14-3-29 8:22:47,1
X32SFG6LPI,120.801,31.3508,3238432,0,0,0,14-3-29 8:23:17,1
X32SFG6LPI,120.801,31.3508,3238432,0,0,0,14-3-29 8:25:17,1
X32SFG6LPI,120.801,31.3508,3238432,0,0,0,14-3-29 8:27:17,1
X32SFG6LPI,120.801,31.3508,3238432,0,0,0,14-3-29 8:27:48,1
X32SFG6LPI,120.801,31.3508,3238432,0,0,0,14-3-29 8:29:24,1
X32SFG6LPI,120.801,31.3508,3238432,0,0,0,14-3-29 8:31:24,1
X32SFG6LPI,120.801,31.3508,3238432,0,0,0,14-3-29 8:32:49,1
X32SFG6LPI,120.801,31.3508,3238432,0,0,0,14-3-29 8:33:24,1
X32SFG6LPI,120.801,31.3508,3238432,0,0,0,14-3-29 8:35:24,1
X32SFG6LPI,120.801,31.3508,3238432,0,0,0,14-3-29 8:37:24,1
X32SFG6LPI,120.801,31.3508,3238432,0,0,0,14-3-29 8:37:50,1
X32SFG6LPI,120.801,31.3508,3238432,0,0,0,14-3-29 8:39:24,1
X32SFG6LPI,120.801,31.3508,3238432,0,0,0,14-3-29 8:41:24,1
X32SFG6LPI,120.801,31.3508,3238432,0,0,0,14-3-29 8:42:51,1
X32SFG6LPI,120.801,31.3508,3238432,0,0,0,14-3-29 8:43:24,1
X32SFG6LPI,120.801,31.3508,3238432,0,0,0,14-3-29 8:45:24,1
X32SFG6LPI,120.801,31.3508,3238432,0,0,0,14-3-29 8:47:24,1
X32SFG6LPI,120.801,31.3508,3238432,0,0,0,14-3-29 8:47:52,1
X32SFG6LPI,120.801,31.3508,3238432,0,0,0,14-3-29 8:49:24,1
X32SFG6LPI,120.801,31.3508,3238432,0,0,0,14-3-29 8:51:24,1
X32SFG6LPI,120.801,31.3508,3238432,0,0,0,14-3-29 8:52:53,1
X32SFG6LPI,120.801,31.3508,3238432,0,0,0,14-3-29 8:53:24,1
X32SFG6LPI,120.801,31.3508,3238432,0,0,0,14-3-29 8:55:24,1
X32SFG6LPI,120.801,31.3508,3238432,0,0,0,14-3-29 8:57:24,1
X32SFG6LPI,120.801,31.3508,3238432,0,0,0,14-3-29 8:57:54,1
X32SFG6LPI,120.801,31.3508,3238432,0,0,0,14-3-29 8:59:24,1
X32SFG6LPI,120.801,31.3508,3238432,0,0,0,14-3-29 9:1:24,1
X32SFG6LPI,120.801,31.3508,3238432,0,0,0,14-3-29 9:2:55,1
X32SFG6LPI,120.801,31.3508,3238432,0,0,0,14-3-29 9:3:24,1
X32SFG6LPI,120.801,31.3508,3238432,0,0,0,14-3-29 9:5:24,1
X32SFG6LPI,120.801,31.3508,3238432,0,0,0,14-3-29 9:7:24,1
X32SFG6LPI,120.801,31.3508,3238432,0,0,0,14-3-29 9:7:56,1
X32SFG6LPI,120.801,31.3508,3238432,0,0,0,14-3-29 9:9:23,1
X32SFG6LPI,120.801,31.3508,3238432,0,0,0,14-3-29 9:11:23,1
X32SFG6LPI,120.801,31.3508,3238432,0,0,0,14-3-29 9:12:56,1
X32SFG6LPI,120.801,31.3508,3238432,0,0,0,14-3-29 9:13:23,1
X32SFG6LPI,120.801,31.3508,3238432,0,0,0,14-3-29 9:15:23,1
X32SFG6LPI,120.801,31.3508,3238432,0,0,0,14-3-29 9:17:23,1
X32SFG6LPI,120.801,31.3508,3238432,0,0,0,14-3-29 9:17:57,1
X32SFG6LPI,120.801,31.3508,3238432,0,0,0,14-3-29 9:19:23,1
X32SFG6LPI,120.801,31.3508,3238432,0,0,0,14-3-29 9:21:24,1
X32SFG6LPI,120.801,31.3508,3238432,0,0,0,14-3-29 9:22:58,1
X32SFG6LPI,120.801,31.3508,3238432,0,0,0,14-3-29 9:23:24,1
X32SFG6LPI,120.801,31.3508,3238432,0,0,0,14-3-29 9:25:24,1
X32SFG6LPI,120.801,31.3508,3238432,0,0,0,14-3-29 9:27:24,1
X32SFG6LPI,120.801,31.3508,3238432,0,0,0,14-3-29 9:28:1,1
X32SFG6LPI,120.801,31.3508,3238432,0,0,0,14-3-29 9:29:32,1
X32SFG6LPI,120.801,31.3508,3238432,0,0,0,14-3-29 9:31:32,1
X32SFG6LPI,120.801,31.3508,3238432,0,0,0,14-3-29 9:33:1,1
X32SFG6LPI,120.801,31.3508,3238432,0,0,0,14-3-29 9:33:32,1
X32SFG6LPI,120.801,31.3508,3238432,0,0,0,14-3-29 9:35:32,1
X32SFG6LPI,120.801,31.3508,3238432,0,0,0,14-3-29 9:37:32,1
X32SFG6LPI,120.801,31.3508,3238432,0,0,0,14-3-29 9:38:2,1
X32SFG6LPI,120.801,31.3508,3238432,0,0,0,14-3-29 9:39:32,1
X32SFG6LPI,120.801,31.3508,3238432,0,0,0,14-3-29 9:41:32,1
X32SFG6LPI,120.801,31.3508,3238432,0,0,0,14-3-29 9:43:3,1
X32SFG6LPI,120.801,31.3508,3238432,0,0,0,14-3-29 9:43:32,1
X32SFG6LPI,120.801,31.3508,3238432,0,0,0,14-3-29 9:45:32,1
X32SFG6LPI,120.801,31.3508,3238432,0,0,0,14-3-29 9:47:32,1
X32SFG6LPI,120.8,31.3506,3238432,0,0,0,14-3-29 9:48:4,1
X32SFG6LPI,120.8,31.3506,3238432,0,0,0,14-3-29 9:49:32,1
X32SFG6LPI,120.8,31.3506,3238432,0,0,0,14-3-29 9:51:32,1
X32SFG6LPI,120.8,31.3506,3238432,0,0,0,14-3-29 9:53:5,1
X32SFG6LPI,120.8,31.3506,3238432,0,0,0,14-3-29 9:53:32,1
X32SFG6LPI,120.8,31.3507,3238432,0,0,0,14-3-29 9:55:32,1
X32SFG6LPI,120.8,31.3506,3238432,0,0,0,14-3-29 9:57:32,1
X32SFG6LPI,120.8,31.3506,3238432,0,0,0,14-3-29 9:58:6,1
X32SFG6LPI,120.8,31.3506,3238432,0,0,0,14-3-29 9:59:32,1
X32SFG6LPI,120.8,31.3506,3238432,0,0,0,14-3-29 10:1:32,1
X32SFG6LPI,120.8,31.3506,3238432,0,0,0,14-3-29 10:3:7,1
X32SFG6LPI,120.8,31.3506,3238432,0,0,0,14-3-29 10:3:32,1
X32SFG6LPI,120.8,31.3506,3238432,0,0,0,14-3-29 10:5:32,1
X32SFG6LPI,120.8,31.3506,3238432,0,0,0,14-3-29 10:7:32,1
X32SFG6LPI,120.8,31.3506,3238432,0,0,0,14-3-29 10:8:8,1
X32SFG6LPI,120.8,31.3506,3238432,0,0,0,14-3-29 10:9:32,1
X32SFG6LPI,120.8,31.3506,3238432,0,0,0,14-3-29 10:11:32,1
X32SFG6LPI,120.8,31.3506,3238432,0,0,0,14-3-29 10:13:9,1
X32SFG6LPI,120.8,31.3506,3238432,0,0,0,14-3-29 10:13:32,1
X32SFG6LPI,120.8,31.3506,3238432,0,0,0,14-3-29 10:15:32,1
X32SFG6LPI,120.8,31.3506,3238432,0,0,0,14-3-29 10:17:32,1
X32SFG6LPI,120.8,31.3506,3238432,0,0,0,14-3-29 10:18:10,1
X32SFG6LPI,120.8,31.3506,3238432,0,0,0,14-3-29 10:19:32,1
X32SFG6LPI,120.8,31.3506,3238432,0,0,0,14-3-29 10:21:33,1
X32SFG6LPI,120.8,31.3506,3238432,0,0,0,14-3-29 10:23:11,1
X32SFG6LPI,120.8,31.3507,3238432,0,0,0,14-3-29 10:23:33,1
X32SFG6LPI,120.8,31.3507,3238432,0,0,0,14-3-29 10:25:33,1
X32SFG6LPI,120.8,31.3507,3238432,0,0,0,14-3-29 10:27:33,1
X32SFG6LPI,120.8,31.3507,3238432,0,0,0,14-3-29 10:28:12,1
X32SFG6LPI,120.8,31.3507,3238432,0,0,0,14-3-29 10:29:40,1
X32SFG6LPI,120.8,31.3507,3238432,0,0,0,14-3-29 10:31:41,1
X32SFG6LPI,120.8,31.3507,3238432,0,0,0,14-3-29 10:33:13,1
X32SFG6LPI,120.8,31.3507,3238432,0,0,0,14-3-29 10:33:41,1
X32SFG6LPI,120.8,31.3507,3238432,0,0,0,14-3-29 10:35:41,1
X32SFG6LPI,120.8,31.3507,3238432,0,0,0,14-3-29 10:37:41,1
X32SFG6LPI,120.8,31.3507,3238432,0,0,0,14-3-29 10:38:14,1
X32SFG6LPI,120.8,31.3507,3238432,0,0,0,14-3-29 10:39:41,1
X32SFG6LPI,120.8,31.3507,3238432,0,0,0,14-3-29 10:41:41,1
X32SFG6LPI,120.8,31.3507,3238432,0,0,0,14-3-29 10:43:15,1
X32SFG6LPI,120.8,31.3507,3238432,0,0,0,14-3-29 10:43:41,1
X32SFG6LPI,120.8,31.3507,3238432,0,0,0,14-3-29 10:45:41,1
X32SFG6LPI,120.8,31.3507,3238432,0,0,0,14-3-29 10:47:41,1
X32SFG6LPI,120.8,31.3507,3238432,0,0,0,14-3-29 10:48:16,1
X32SFG6LPI,120.8,31.3507,3238432,0,0,0,14-3-29 10:49:41,1
X32SFG6LPI,120.8,31.3507,3238432,0,0,0,14-3-29 10:51:41,1
X32SFG6LPI,120.8,31.3507,3238432,0,0,0,14-3-29 10:53:17,1
X32SFG6LPI,120.8,31.3507,3238432,0,0,0,14-3-29 10:53:41,1
X32SFG6LPI,120.8,31.3507,3238432,0,0,0,14-3-29 10:55:41,1
X32SFG6LPI,120.8,31.3507,3238432,0,0,0,14-3-29 10:57:41,1
X32SFG6LPI,120.8,31.3507,3238432,0,0,0,14-3-29 10:58:18,1
X32SFG6LPI,120.8,31.3507,3238432,0,0,0,14-3-29 10:59:42,1
X32SFG6LPI,120.8,31.3507,3238432,0,0,0,14-3-29 11:1:42,1
X32SFG6LPI,120.8,31.3507,3238432,0,0,0,14-3-29 11:3:19,1
X32SFG6LPI,120.8,31.3507,3238432,0,0,0,14-3-29 11:3:42,1
X32SFG6LPI,120.8,31.3507,3238432,0,0,0,14-3-29 11:5:42,1
X32SFG6LPI,120.8,31.3507,3238432,0,0,0,14-3-29 11:7:42,1
X32SFG6LPI,120.8,31.3507,3238432,0,0,0,14-3-29 11:8:20,1
X32SFG6LPI,120.8,31.3507,3238432,0,0,0,14-3-29 11:9:42,1
X32SFG6LPI,120.8,31.3507,3238432,0,0,0,14-3-29 11:11:42,1
X32SFG6LPI,120.8,31.3507,3238432,0,0,0,14-3-29 11:13:21,1
X32SFG6LPI,120.8,31.3507,3238432,0,0,0,14-3-29 11:13:42,1
X32SFG6LPI,120.8,31.3507,3238432,0,0,0,14-3-29 11:15:42,1
X32SFG6LPI,120.8,31.3507,3238432,0,0,0,14-3-29 11:17:41,1
X32SFG6LPI,120.8,31.3507,3238432,0,0,0,14-3-29 11:18:21,1
X32SFG6LPI,120.8,31.3507,3238432,0,0,0,14-3-29 11:19:41,1
X32SFG6LPI,120.8,31.3507,3238432,0,0,0,14-3-29 11:21:41,1
X32SFG6LPI,120.8,31.3507,3238432,0,0,0,14-3-29 11:23:22,1
X32SFG6LPI,120.8,31.3507,3238432,0,0,0,14-3-29 11:23:41,1
X32SFG6LPI,120.8,31.3507,3238432,0,0,0,14-3-29 11:25:41,1
X32SFG6LPI,120.8,31.3507,3238432,0,0,0,14-3-29 11:27:41,1
X32SFG6LPI,120.8,31.3507,3238432,0,0,0,14-3-29 11:28:23,1
X32SFG6LPI,120.8,31.3507,3238432,0,0,0,14-3-29 11:29:48,1
X32SFG6LPI,120.8,31.3507,3238432,0,0,0,14-3-29 11:31:49,1
X32SFG6LPI,120.8,31.3507,3238432,0,0,0,14-3-29 11:33:24,1
X32SFG6LPI,120.8,31.3507,3238432,0,0,0,14-3-29 11:33:49,1
X32SFG6LPI,120.8,31.3507,3238432,0,0,0,14-3-29 11:35:49,1
X32SFG6LPI,120.8,31.3507,3238432,0,0,0,14-3-29 11:37:49,1
X32SFG6LPI,120.8,31.3507,3238432,0,0,0,14-3-29 11:38:25,1
X32SFG6LPI,120.8,31.3507,3238432,0,0,0,14-3-29 11:39:49,1
X32SFG6LPI,120.8,31.3507,3238432,0,0,0,14-3-29 11:41:49,1
X32SFG6LPI,120.8,31.3507,3238432,0,0,0,14-3-29 11:43:26,1
X32SFG6LPI,120.8,31.3507,3238432,0,0,0,14-3-29 11:43:49,1
X32SFG6LPI,120.8,31.3507,3238432,0,0,0,14-3-29 11:45:49,1
X32SFG6LPI,120.8,31.3507,3238432,0,0,0,14-3-29 11:47:49,1
X32SFG6LPI,120.8,31.3507,3238432,0,0,0,14-3-29 11:48:27,1
X32SFG6LPI,120.8,31.3507,3238432,0,0,0,14-3-29 11:49:49,1
X32SFG6LPI,120.8,31.3507,3238432,0,0,0,14-3-29 11:51:49,1
X32SFG6LPI,120.8,31.3507,3238432,0,0,0,14-3-29 11:53:28,1
X32SFG6LPI,120.8,31.3507,3238432,0,0,0,14-3-29 11:53:49,1
X32SFG6LPI,120.8,31.3507,3238432,0,0,0,14-3-29 11:55:49,1
X32SFG6LPI,120.8,31.3507,3238432,0,0,0,14-3-29 11:57:49,1
X32SFG6LPI,120.8,31.3507,3238432,0,0,0,14-3-29 11:58:29,1
X32SFG6LPI,120.8,31.3507,3238432,0,0,0,14-3-29 11:59:49,1
X32SFG6LPI,120.801,31.3508,3238432,0,0,0,14-3-29 12:1:49,1
X32SFG6LPI,120.801,31.3508,3238432,0,0,0,14-3-29 12:3:30,1
X32SFG6LPI,120.801,31.3508,3238432,0,0,0,14-3-29 12:3:49,1
