X74U1S13PI,123.245,41.7881,2043789,0,0,0,14-3-29 17:18:32,0
X74U1S13PI,123.245,41.7881,2043789,0,0,0,14-3-29 17:20:14,1
X74U1S13PI,123.245,41.7881,2043789,0,0,0,14-3-29 17:21:37,0
X74U1S13PI,123.245,41.7881,2043789,0,0,0,14-3-29 17:22:14,1
X74U1S13PI,123.245,41.7881,2043789,0,0,0,14-3-29 17:24:14,1
X74U1S13PI,123.245,41.7881,2043789,0,0,0,14-3-29 17:26:14,1
X74U1S13PI,123.245,41.7881,2043789,0,0,0,14-3-29 17:28:14,1
X74U1S13PI,123.245,41.7877,2043789,0,0,0,14-3-29 17:30:12,1
X74U1S13PI,123.245,41.7882,2043789,0,0,0,14-3-29 17:32:12,1
X74U1S13PI,123.245,41.7882,2043789,0,0,0,14-3-29 17:32:21,1
X74U1S13PI,123.245,41.7882,2043789,0,0,0,14-3-29 17:32:27,1
X74U1S13PI,123.245,41.7882,2043789,0,0,0,14-3-29 17:32:55,1
X74U1S13PI,123.245,41.7882,2043789,0,0,0,14-3-29 17:34:12,1
X74U1S13PI,123.245,41.7882,2043789,0,0,0,14-3-29 17:36:12,1
X74U1S13PI,123.245,41.7882,2043789,0,0,0,14-3-29 17:38:12,1
X74U1S13PI,123.245,41.7882,2043789,0,0,0,14-3-29 17:40:12,1
X74U1S13PI,123.245,41.7882,2043789,0,0,0,14-3-29 17:42:12,1
X74U1S13PI,123.245,41.7882,2043789,0,0,0,14-3-29 17:44:12,1
X74U1S13PI,123.245,41.7882,2043789,0,0,0,14-3-29 17:46:12,1
X74U1S13PI,123.245,41.7882,2043789,0,0,0,14-3-29 17:48:12,1
X74U1S13PI,123.245,41.7882,2043789,0,0,0,14-3-29 17:50:12,1
X74U1S13PI,123.245,41.7882,2043789,0,0,0,14-3-29 17:52:12,1
X74U1S13PI,123.245,41.7882,2043789,0,0,0,14-3-29 17:54:12,1
X74U1S13PI,123.245,41.7882,2043789,0,0,0,14-3-29 17:56:12,1
X74U1S13PI,123.245,41.7882,2043789,0,0,0,14-3-29 17:58:12,1
X74U1S13PI,123.245,41.7882,2043789,0,0,0,14-3-29 18:0:12,1
X74U1S13PI,123.245,41.7882,2043789,0,0,0,14-3-29 18:2:12,1
X74U1S13PI,123.245,41.7882,2043789,0,0,0,14-3-29 18:4:12,1
X74U1S13PI,123.245,41.7882,2043789,0,0,0,14-3-29 18:6:12,1
X74U1S13PI,123.245,41.7882,2043789,0,0,0,14-3-29 18:8:12,1
X74U1S13PI,123.245,41.7882,2043789,0,0,0,14-3-29 18:10:12,1
X74U1S13PI,123.245,41.7882,2043789,0,0,0,14-3-29 18:12:12,1
X74U1S13PI,123.245,41.7882,2043789,0,0,0,14-3-29 18:14:12,1
X74U1S13PI,123.245,41.7882,2043789,0,0,0,14-3-29 18:16:12,1
X74U1S13PI,123.245,41.7882,2043789,0,0,0,14-3-29 18:18:12,1
X74U1S13PI,123.245,41.7882,2043789,0,0,0,14-3-29 18:20:12,1
X74U1S13PI,123.245,41.7882,2043789,0,0,0,14-3-29 18:22:12,1
X74U1S13PI,123.245,41.7882,2043789,0,0,0,14-3-29 18:24:12,1
X74U1S13PI,123.245,41.7882,2043789,0,0,0,14-3-29 18:26:12,1
X74U1S13PI,123.245,41.7882,2043789,0,0,0,14-3-29 18:28:48,1
X74U1S13PI,123.244,41.7885,2043789,0,0,0,14-3-29 18:30:48,1
X74U1S13PI,123.244,41.7885,2043789,0,0,0,14-3-29 18:32:48,1
X74U1S13PI,123.244,41.7885,2043789,0,0,0,14-3-29 18:34:48,1
X74U1S13PI,123.244,41.7885,2043789,0,0,0,14-3-29 18:36:48,1
X74U1S13PI,123.244,41.7885,2043789,0,0,0,14-3-29 18:38:48,1
X74U1S13PI,123.244,41.7885,2043789,0,0,0,14-3-29 18:40:48,1
X74U1S13PI,123.244,41.7885,2043789,0,0,0,14-3-29 18:42:48,1
X74U1S13PI,123.244,41.7885,2043789,0,0,0,14-3-29 18:44:48,1
X74U1S13PI,123.244,41.7885,2043789,0,0,0,14-3-29 18:46:48,1
X74U1S13PI,123.244,41.7885,2043789,0,0,0,14-3-29 18:48:48,1
X74U1S13PI,123.244,41.7885,2043789,0,0,0,14-3-29 18:50:48,1
X74U1S13PI,123.244,41.7885,2043789,0,0,0,14-3-29 18:52:48,1
X74U1S13PI,123.244,41.7885,2043789,0,0,0,14-3-29 18:54:48,1
X74U1S13PI,123.244,41.7885,2043789,0,0,0,14-3-29 18:56:48,1
X74U1S13PI,123.244,41.7885,2043789,0,0,0,14-3-29 18:58:48,1
X74U1S13PI,123.244,41.7885,2043789,0,0,0,14-3-29 19:0:48,1
X74U1S13PI,123.244,41.7885,2043789,0,0,0,14-3-29 19:2:48,1
X74U1S13PI,123.244,41.7885,2043789,0,0,0,14-3-29 19:4:48,1
X74U1S13PI,123.244,41.7885,2043789,0,0,0,14-3-29 19:6:48,1
X74U1S13PI,123.244,41.7885,2043789,0,0,0,14-3-29 19:8:48,1
X74U1S13PI,123.244,41.7885,2043789,0,0,0,14-3-29 19:10:48,1
X74U1S13PI,123.244,41.7885,2043789,0,0,0,14-3-29 19:12:48,1
X74U1S13PI,123.244,41.7885,2043789,0,0,0,14-3-29 19:14:48,1
X74U1S13PI,123.244,41.7885,2043789,0,0,0,14-3-29 19:16:48,1
X74U1S13PI,123.244,41.7885,2043789,0,0,0,14-3-29 19:18:48,1
X74U1S13PI,123.244,41.7885,2043789,0,0,0,14-3-29 19:20:48,1
X74U1S13PI,123.244,41.7885,2043789,0,0,0,14-3-29 19:22:48,1
X74U1S13PI,123.244,41.7885,2043789,0,0,0,14-3-29 19:24:48,1
X74U1S13PI,123.244,41.7885,2043789,0,0,0,14-3-29 19:26:48,1
X74U1S13PI,123.244,41.7885,2043789,0,0,0,14-3-29 19:28:48,1
X74U1S13PI,123.244,41.7885,2043789,0,0,0,14-3-29 19:30:48,1
X74U1S13PI,123.244,41.7885,2043789,0,0,0,14-3-29 19:32:48,1
X74U1S13PI,123.244,41.7885,2043789,0,0,0,14-3-29 19:34:48,1
X74U1S13PI,123.244,41.7885,2043789,0,0,0,14-3-29 19:35:2,1
X74U1S13PI,123.244,41.7885,2043789,0,0,0,14-3-29 19:36:48,1
X74U1S13PI,123.244,41.7885,2043789,0,0,0,14-3-29 19:38:3,1
X74U1S13PI,123.244,41.7885,2043789,0,0,0,14-3-29 19:38:48,1
X74U1S13PI,123.244,41.7885,2043789,0,0,0,14-3-29 19:40:48,1
X74U1S13PI,123.244,41.7885,2043789,0,0,0,14-3-29 19:42:48,1
X74U1S13PI,123.245,41.7882,2043791,7,100,0,14-3-29 19:44:48,1
X74U1S13PI,123.245,41.7876,2043792,5,50,0,14-3-29 19:46:38,1
X74U1S13PI,123.245,41.7875,2043792,5,65,0,14-3-29 19:46:48,1
X74U1S13PI,123.245,41.7857,2043794,16,90,0,14-3-29 19:47:40,1
X74U1S13PI,123.245,41.7839,2043796,31,85,0,14-3-29 19:48:11,1
X74U1S13PI,123.245,41.7826,2043798,5,60,0,14-3-29 19:48:48,1
X74U1S13PI,123.246,41.7824,2043798,11,45,0,14-3-29 19:49:7,1
X74U1S13PI,123.248,41.7821,2043800,25,45,0,14-3-29 19:49:42,1
X74U1S13PI,123.251,41.782,2043802,27,45,0,14-3-29 19:50:9,1
X74U1S13PI,123.253,41.7817,2043804,29,45,0,14-3-29 19:50:35,1
X74U1S13PI,123.255,41.7815,2043806,33,50,0,14-3-29 19:50:48,1
X74U1S13PI,123.256,41.7814,2043806,33,50,0,14-3-29 19:50:57,1
X74U1S13PI,123.258,41.781,2043808,35,50,0,14-3-29 19:51:18,1
X74U1S13PI,123.26,41.7806,2043810,35,45,0,14-3-29 19:51:38,1
X74U1S13PI,123.263,41.7803,2043812,37,50,0,14-3-29 19:51:58,1
X74U1S13PI,123.265,41.7799,2043815,29,45,0,14-3-29 19:52:20,1
X74U1S13PI,123.268,41.7798,2043816,12,45,0,14-3-29 19:52:48,1
X74U1S13PI,123.27,41.7799,2043818,16,40,0,14-3-29 19:53:35,1
X74U1S13PI,123.271,41.7809,2043821,12,170,0,14-3-29 19:54:29,1
X74U1S13PI,123.271,41.7811,2043821,0,0,0,14-3-29 19:54:48,1
X74U1S13PI,123.27,41.7826,2043823,24,145,0,14-3-29 19:56:31,1
X74U1S13PI,123.268,41.784,2043825,35,165,0,14-3-29 19:56:55,1
X74U1S13PI,123.267,41.7857,2043827,35,165,0,14-3-29 19:57:15,1
X74U1S13PI,123.267,41.7875,2043829,40,175,0,14-3-29 19:57:34,1
X74U1S13PI,123.268,41.7925,2043830,38,20,0,14-3-29 19:58:28,1
X74U1S13PI,123.266,41.7963,2043841,38,130,0,14-3-29 19:59:35,1
X74U1S13PI,123.259,41.796,2043847,27,135,0,14-3-29 20:0:25,1
X74U1S13PI,123.257,41.7959,2043848,9,130,0,14-3-29 20:1:24,1
X74U1S13PI,123.256,41.7958,2043849,18,125,0,14-3-29 20:1:45,1
X74U1S13PI,123.253,41.7957,2043851,31,135,0,14-3-29 20:2:16,1
X74U1S13PI,123.251,41.7957,2043853,44,130,0,14-3-29 20:2:35,1
X74U1S13PI,123.248,41.7956,2043855,51,130,0,14-3-29 20:2:50,1
X74U1S13PI,123.246,41.7954,2043858,57,130,0,14-3-29 20:3:3,1
X74U1S13PI,123.243,41.7951,2043860,57,125,0,14-3-29 20:3:16,1
X74U1S13PI,123.242,41.7948,2043861,57,125,0,14-3-29 20:3:24,1
X74U1S13PI,123.241,41.7946,2043862,57,125,0,14-3-29 20:3:29,1
X74U1S13PI,123.238,41.7941,2043864,59,125,0,14-3-29 20:3:42,1
X74U1S13PI,123.236,41.7934,2043866,62,120,0,14-3-29 20:3:54,1
X74U1S13PI,123.234,41.7925,2043868,66,120,0,14-3-29 20:4:6,1
X74U1S13PI,123.232,41.7916,2043870,70,115,0,14-3-29 20:4:17,1
X74U1S13PI,123.23,41.7906,2043872,72,115,0,14-3-29 20:4:27,1
X74U1S13PI,123.227,41.7897,2043874,72,115,0,14-3-29 20:4:37,1
X74U1S13PI,123.225,41.7886,2043876,68,115,0,14-3-29 20:4:48,1
X74U1S13PI,123.223,41.7877,2043878,66,115,0,14-3-29 20:4:59,1
X74U1S13PI,123.221,41.7867,2043881,64,115,0,14-3-29 20:5:10,1
X74U1S13PI,123.218,41.7854,2043883,66,115,0,14-3-29 20:5:24,1
X74U1S13PI,123.217,41.7847,2043885,66,115,0,14-3-29 20:5:32,1
X74U1S13PI,123.215,41.7838,2043887,66,115,0,14-3-29 20:5:43,1
X74U1S13PI,123.212,41.7828,2043889,66,115,0,14-3-29 20:5:54,1
X74U1S13PI,123.21,41.7818,2043891,66,115,0,14-3-29 20:6:5,1
X74U1S13PI,123.208,41.7808,2043893,64,115,0,14-3-29 20:6:16,1
X74U1S13PI,123.206,41.7799,2043895,66,115,0,14-3-29 20:6:27,1
X74U1S13PI,123.204,41.7789,2043897,66,115,0,14-3-29 20:6:38,1
X74U1S13PI,123.202,41.7779,2043899,68,115,0,14-3-29 20:6:49,1
X74U1S13PI,123.2,41.7769,2043901,70,120,0,14-3-29 20:7:0,1
X74U1S13PI,123.197,41.776,2043903,68,120,0,14-3-29 20:7:11,1
X74U1S13PI,123.195,41.7749,2043906,66,120,0,14-3-29 20:7:24,1
X74U1S13PI,123.193,41.7743,2043908,68,120,0,14-3-29 20:7:33,1
X74U1S13PI,123.19,41.7735,2043910,72,120,0,14-3-29 20:7:44,1
X74U1S13PI,123.188,41.7727,2043912,70,120,0,14-3-29 20:7:55,1
X74U1S13PI,123.183,41.7713,2043916,66,120,0,14-3-29 20:8:17,1
X74U1S13PI,123.179,41.7699,2043920,70,120,0,14-3-29 20:8:39,1
X74U1S13PI,123.176,41.7692,2043923,70,120,0,14-3-29 20:8:50,1
X74U1S13PI,123.171,41.7677,2043927,66,120,0,14-3-29 20:9:12,1
X74U1S13PI,123.169,41.7668,2043929,66,120,0,14-3-29 20:9:23,1
X74U1S13PI,123.167,41.7659,2043931,66,115,0,14-3-29 20:9:34,1
X74U1S13PI,123.163,41.7639,2043935,68,115,0,14-3-29 20:9:56,1
X74U1S13PI,123.161,41.7628,2043937,68,115,0,14-3-29 20:10:7,1
X74U1S13PI,123.159,41.7616,2043939,68,115,0,14-3-29 20:10:18,1
X74U1S13PI,123.157,41.7604,2043942,70,115,0,14-3-29 20:10:29,1
X74U1S13PI,123.155,41.7593,2043944,72,115,0,14-3-29 20:10:39,1
X74U1S13PI,123.153,41.7582,2043946,72,115,0,14-3-29 20:10:49,1
X74U1S13PI,123.151,41.7571,2043948,72,115,0,14-3-29 20:10:59,1
X74U1S13PI,123.149,41.756,2043950,70,115,0,14-3-29 20:11:9,1
X74U1S13PI,123.146,41.7544,2043953,68,115,0,14-3-29 20:11:24,1
X74U1S13PI,123.145,41.7537,2043954,68,115,0,14-3-29 20:11:31,1
X74U1S13PI,123.143,41.7525,2043956,68,115,0,14-3-29 20:11:42,1
X74U1S13PI,123.141,41.7514,2043958,68,115,0,14-3-29 20:11:53,1
X74U1S13PI,123.136,41.7495,2043962,68,120,0,14-3-29 20:12:15,1
X74U1S13PI,123.134,41.7485,2043964,68,120,0,14-3-29 20:12:26,1
X74U1S13PI,123.132,41.7477,2043966,66,120,0,14-3-29 20:12:37,1
X74U1S13PI,123.13,41.7469,2043968,66,120,0,14-3-29 20:12:48,1
X74U1S13PI,123.127,41.7462,2043971,68,120,0,14-3-29 20:12:59,1
X74U1S13PI,123.125,41.7455,2043973,68,120,0,14-3-29 20:13:10,1
X74U1S13PI,123.122,41.7446,2043975,70,120,0,14-3-29 20:13:24,1
X74U1S13PI,123.12,41.7441,2043977,68,120,0,14-3-29 20:13:32,1
X74U1S13PI,123.118,41.7434,2043979,68,120,0,14-3-29 20:13:43,1
X74U1S13PI,123.115,41.7426,2043981,66,120,0,14-3-29 20:13:54,1
X74U1S13PI,123.113,41.7418,2043983,68,120,0,14-3-29 20:14:5,1
X74U1S13PI,123.111,41.7409,2043985,68,120,0,14-3-29 20:14:16,1
X74U1S13PI,123.109,41.7399,2043988,70,115,0,14-3-29 20:14:27,1
X74U1S13PI,123.106,41.7388,2043990,70,115,0,14-3-29 20:14:38,1
X74U1S13PI,123.104,41.7377,2043992,70,115,0,14-3-29 20:14:49,1
X74U1S13PI,123.102,41.7366,2043994,68,115,0,14-3-29 20:15:0,1
X74U1S13PI,123.1,41.7354,2043996,68,110,0,14-3-29 20:15:11,1
X74U1S13PI,123.098,41.7339,2043999,70,110,0,14-3-29 20:15:24,1
X74U1S13PI,123.096,41.7328,2044000,70,110,0,14-3-29 20:15:33,1
X74U1S13PI,123.094,41.7314,2044003,72,110,0,14-3-29 20:15:44,1
X74U1S13PI,123.093,41.7302,2044005,72,110,0,14-3-29 20:15:54,1
X74U1S13PI,123.089,41.7277,2044009,72,110,0,14-3-29 20:16:14,1
X74U1S13PI,123.085,41.7254,2044013,72,115,0,14-3-29 20:16:34,1
X74U1S13PI,123.083,41.7243,2044015,70,115,0,14-3-29 20:16:45,1
X74U1S13PI,123.081,41.7232,2044017,70,115,0,14-3-29 20:16:56,1
X74U1S13PI,123.079,41.7221,2044019,72,115,0,14-3-29 20:17:7,1
X74U1S13PI,123.077,41.7212,2044021,72,120,0,14-3-29 20:17:17,1
X74U1S13PI,123.075,41.7203,2044023,68,120,0,14-3-29 20:17:27,1
X74U1S13PI,123.072,41.7194,2044026,68,120,0,14-3-29 20:17:38,1
X74U1S13PI,123.07,41.7184,2044028,70,120,0,14-3-29 20:17:49,1
X74U1S13PI,123.068,41.7175,2044030,72,120,0,14-3-29 20:18:0,1
X74U1S13PI,123.066,41.7166,2044032,72,115,0,14-3-29 20:18:10,1
X74U1S13PI,123.064,41.7156,2044034,70,115,0,14-3-29 20:18:20,1
X74U1S13PI,123.062,41.7145,2044036,70,115,0,14-3-29 20:18:31,1
X74U1S13PI,123.06,41.7134,2044038,72,115,0,14-3-29 20:18:41,1
X74U1S13PI,123.058,41.7122,2044040,70,115,0,14-3-29 20:18:51,1
X74U1S13PI,123.054,41.7097,2044044,72,110,0,14-3-29 20:19:12,1
X74U1S13PI,123.052,41.7084,2044046,70,110,0,14-3-29 20:19:22,1
X74U1S13PI,123.05,41.707,2044048,70,110,0,14-3-29 20:19:33,1
X74U1S13PI,123.049,41.7056,2044051,68,110,0,14-3-29 20:19:44,1
X74U1S13PI,123.047,41.7042,2044053,70,110,0,14-3-29 20:19:55,1
X74U1S13PI,123.045,41.7028,2044055,66,110,0,14-3-29 20:20:6,1
X74U1S13PI,123.043,41.7014,2044057,70,110,0,14-3-29 20:20:17,1
X74U1S13PI,123.042,41.7,2044059,70,110,0,14-3-29 20:20:28,1
X74U1S13PI,123.04,41.6986,2044061,72,110,0,14-3-29 20:20:39,1
X74U1S13PI,123.038,41.6973,2044063,68,110,0,14-3-29 20:20:50,1
X74U1S13PI,123.036,41.6961,2044066,68,115,0,14-3-29 20:21:1,1
X74U1S13PI,123.034,41.6949,2044068,66,115,0,14-3-29 20:21:12,1
X74U1S13PI,123.031,41.6937,2044070,68,115,0,14-3-29 20:21:24,1
X74U1S13PI,123.03,41.6928,2044072,64,115,0,14-3-29 20:21:34,1
X74U1S13PI,123.028,41.6918,2044074,66,115,0,14-3-29 20:21:45,1
X74U1S13PI,123.025,41.6907,2044076,68,115,0,14-3-29 20:21:56,1
X74U1S13PI,123.023,41.6897,2044078,70,115,0,14-3-29 20:22:7,1
X74U1S13PI,123.021,41.6887,2044080,72,115,0,14-3-29 20:22:17,1
X74U1S13PI,123.019,41.6876,2044082,72,115,0,14-3-29 20:22:27,1
X74U1S13PI,123.017,41.6866,2044084,70,115,0,14-3-29 20:22:38,1
X74U1S13PI,123.015,41.6855,2044086,70,115,0,14-3-29 20:22:49,1
X74U1S13PI,123.013,41.6844,2044089,70,115,0,14-3-29 20:23:0,1
X74U1S13PI,123.011,41.6832,2044091,70,115,0,14-3-29 20:23:11,1
X74U1S13PI,123.008,41.6818,2044093,68,115,0,14-3-29 20:23:24,1
X74U1S13PI,123.007,41.6808,2044095,68,115,0,14-3-29 20:23:33,1
X74U1S13PI,123.005,41.6795,2044097,68,110,0,14-3-29 20:23:44,1
X74U1S13PI,123.003,41.6782,2044099,68,110,0,14-3-29 20:23:55,1
X74U1S13PI,123.001,41.6768,2044102,70,110,0,14-3-29 20:24:6,1
X74U1S13PI,122.993,41.6706,2044102,74,110,0,14-3-29 20:24:52,1
X74U1S13PI,122.992,41.6693,2044113,74,110,0,14-3-29 20:25:2,1
X74U1S13PI,122.99,41.6679,2044115,72,110,0,14-3-29 20:25:12,1
X74U1S13PI,122.988,41.6666,2044117,74,110,0,14-3-29 20:25:22,1
X74U1S13PI,122.985,41.6641,2044121,72,110,0,14-3-29 20:25:42,1
X74U1S13PI,122.983,41.6629,2044123,70,115,0,14-3-29 20:25:52,1
X74U1S13PI,122.981,41.6618,2044125,72,115,0,14-3-29 20:26:2,1
X74U1S13PI,122.979,41.6608,2044127,70,115,0,14-3-29 20:26:12,1
X74U1S13PI,122.977,41.6598,2044129,72,115,0,14-3-29 20:26:22,1
X74U1S13PI,122.975,41.6588,2044131,70,115,0,14-3-29 20:26:33,1
X74U1S13PI,122.972,41.6578,2044134,70,120,0,14-3-29 20:26:44,1
X74U1S13PI,122.97,41.6568,2044136,72,120,0,14-3-29 20:26:55,1
X74U1S13PI,122.968,41.6559,2044138,74,115,0,14-3-29 20:27:5,1
X74U1S13PI,122.966,41.655,2044140,70,120,0,14-3-29 20:27:15,1
X74U1S13PI,122.963,41.654,2044142,70,120,0,14-3-29 20:27:26,1
X74U1S13PI,122.961,41.653,2044144,68,115,0,14-3-29 20:27:37,1
X74U1S13PI,122.959,41.6519,2044146,72,115,0,14-3-29 20:27:48,1
X74U1S13PI,122.955,41.6499,2044150,72,115,0,14-3-29 20:28:8,1
X74U1S13PI,122.953,41.6487,2044153,70,115,0,14-3-29 20:28:19,1
X74U1S13PI,122.951,41.6474,2044155,70,115,0,14-3-29 20:28:30,1
X74U1S13PI,122.949,41.6461,2044157,70,110,0,14-3-29 20:28:41,1
X74U1S13PI,122.947,41.6448,2044159,70,110,0,14-3-29 20:28:52,1
X74U1S13PI,122.945,41.6434,2044161,70,110,0,14-3-29 20:29:3,1
X74U1S13PI,122.943,41.6421,2044163,70,110,0,14-3-29 20:29:14,1
X74U1S13PI,122.941,41.6407,2044166,70,110,0,14-3-29 20:29:25,1
X74U1S13PI,122.939,41.6394,2044168,70,110,0,14-3-29 20:29:36,1
X74U1S13PI,122.938,41.6382,2044170,72,110,0,14-3-29 20:29:46,1
X74U1S13PI,122.935,41.6368,2044172,70,115,0,14-3-29 20:29:59,1
X74U1S13PI,122.934,41.6358,2044174,70,115,0,14-3-29 20:30:8,1
X74U1S13PI,122.931,41.6347,2044176,68,115,0,14-3-29 20:30:19,1
X74U1S13PI,122.929,41.6336,2044178,70,115,0,14-3-29 20:30:30,1
X74U1S13PI,122.927,41.6326,2044181,70,115,0,14-3-29 20:30:41,1
X74U1S13PI,122.925,41.6316,2044183,70,120,0,14-3-29 20:30:52,1
X74U1S13PI,122.923,41.6308,2044185,72,120,0,14-3-29 20:31:2,1
X74U1S13PI,122.92,41.6299,2044187,70,120,0,14-3-29 20:31:13,1
X74U1S13PI,122.918,41.6289,2044189,70,120,0,14-3-29 20:31:24,1
X74U1S13PI,122.916,41.6281,2044191,72,120,0,14-3-29 20:31:34,1
X74U1S13PI,122.914,41.6272,2044193,72,120,0,14-3-29 20:31:44,1
X74U1S13PI,122.911,41.626,2044196,70,120,0,14-3-29 20:31:59,1
X74U1S13PI,122.909,41.6254,2044197,72,115,0,14-3-29 20:32:5,1
X74U1S13PI,122.907,41.6245,2044199,72,115,0,14-3-29 20:32:15,1
X74U1S13PI,122.905,41.6234,2044201,70,115,0,14-3-29 20:32:26,1
X74U1S13PI,122.903,41.6222,2044204,70,115,0,14-3-29 20:32:37,1
X74U1S13PI,122.901,41.621,2044206,70,115,0,14-3-29 20:32:48,1
X74U1S13PI,122.899,41.6197,2044208,70,110,0,14-3-29 20:32:59,1
X74U1S13PI,122.897,41.6184,2044210,68,110,0,14-3-29 20:33:10,1
X74U1S13PI,122.895,41.617,2044212,70,110,0,14-3-29 20:33:21,1
X74U1S13PI,122.893,41.6155,2044215,70,110,0,14-3-29 20:33:32,1
X74U1S13PI,122.892,41.614,2044217,70,105,0,14-3-29 20:33:43,1
X74U1S13PI,122.889,41.6118,2044220,68,105,0,14-3-29 20:33:59,1
X74U1S13PI,122.889,41.611,2044221,68,105,0,14-3-29 20:34:5,1
X74U1S13PI,122.887,41.6094,2044223,68,105,0,14-3-29 20:34:16,1
X74U1S13PI,122.885,41.6079,2044225,70,105,0,14-3-29 20:34:27,1
X74U1S13PI,122.884,41.6064,2044227,70,110,0,14-3-29 20:34:38,1
X74U1S13PI,122.882,41.605,2044230,70,110,0,14-3-29 20:34:49,1
X74U1S13PI,122.878,41.6023,2044234,72,110,0,14-3-29 20:35:10,1
X74U1S13PI,122.877,41.6011,2044236,72,110,0,14-3-29 20:35:20,1
X74U1S13PI,122.875,41.5998,2044238,70,115,0,14-3-29 20:35:31,1
X74U1S13PI,122.872,41.5986,2044240,68,115,0,14-3-29 20:35:42,1
X74U1S13PI,122.871,41.5975,2044242,68,115,0,14-3-29 20:35:53,1
X74U1S13PI,122.868,41.5963,2044244,70,115,0,14-3-29 20:36:4,1
X74U1S13PI,122.867,41.5952,2044246,72,115,0,14-3-29 20:36:14,1
X74U1S13PI,122.865,41.594,2044248,72,115,0,14-3-29 20:36:24,1
X74U1S13PI,122.863,41.5929,2044250,70,115,0,14-3-29 20:36:34,1
X74U1S13PI,122.861,41.5918,2044253,68,115,0,14-3-29 20:36:45,1
X74U1S13PI,122.859,41.5905,2044255,72,115,0,14-3-29 20:36:56,1
X74U1S13PI,122.857,41.5894,2044257,72,115,0,14-3-29 20:37:6,1
X74U1S13PI,122.855,41.5883,2044259,72,115,0,14-3-29 20:37:16,1
X74U1S13PI,122.853,41.5872,2044261,70,115,0,14-3-29 20:37:26,1
X74U1S13PI,122.851,41.5859,2044263,70,115,0,14-3-29 20:37:37,1
X74U1S13PI,122.849,41.5847,2044265,72,115,0,14-3-29 20:37:48,1
X74U1S13PI,122.845,41.5823,2044269,72,110,0,14-3-29 20:38:8,1
X74U1S13PI,122.843,41.5811,2044271,70,110,0,14-3-29 20:38:18,1
X74U1S13PI,122.841,41.5797,2044273,70,110,0,14-3-29 20:38:29,1
X74U1S13PI,122.84,41.5782,2044275,70,110,0,14-3-29 20:38:40,1
X74U1S13PI,122.838,41.5768,2044278,68,110,0,14-3-29 20:38:51,1
X74U1S13PI,122.836,41.5754,2044280,68,110,0,14-3-29 20:39:2,1
X74U1S13PI,122.835,41.5739,2044282,68,110,0,14-3-29 20:39:13,1
X74U1S13PI,122.833,41.5725,2044284,70,110,0,14-3-29 20:39:24,1
X74U1S13PI,122.831,41.571,2044286,72,110,0,14-3-29 20:39:35,1
X74U1S13PI,122.829,41.5696,2044288,70,110,0,14-3-29 20:39:46,1
X74U1S13PI,122.827,41.5681,2044291,68,110,0,14-3-29 20:39:59,1
X74U1S13PI,122.825,41.5671,2044293,70,115,0,14-3-29 20:40:8,1
X74U1S13PI,122.823,41.5659,2044295,68,115,0,14-3-29 20:40:19,1
X74U1S13PI,122.821,41.5647,2044297,70,115,0,14-3-29 20:40:30,1
X74U1S13PI,122.819,41.5636,2044299,70,115,0,14-3-29 20:40:41,1
X74U1S13PI,122.817,41.5627,2044301,72,115,0,14-3-29 20:40:51,1
X74U1S13PI,122.815,41.5617,2044303,72,120,0,14-3-29 20:41:1,1
X74U1S13PI,122.813,41.5609,2044305,72,120,0,14-3-29 20:41:11,1
X74U1S13PI,122.811,41.5601,2044307,72,120,0,14-3-29 20:41:21,1
X74U1S13PI,122.808,41.5593,2044309,70,120,0,14-3-29 20:41:32,1
X74U1S13PI,122.806,41.5587,2044311,68,125,0,14-3-29 20:41:43,1
X74U1S13PI,122.802,41.5578,2044315,66,125,0,14-3-29 20:41:59,1
X74U1S13PI,122.801,41.5575,2044316,70,125,0,14-3-29 20:42:5,1
X74U1S13PI,122.798,41.557,2044318,72,125,0,14-3-29 20:42:16,1
X74U1S13PI,122.794,41.556,2044322,72,125,0,14-3-29 20:42:36,1
X74U1S13PI,122.789,41.555,2044326,72,125,0,14-3-29 20:42:56,1
X74U1S13PI,122.786,41.5545,2044328,70,125,0,14-3-29 20:43:7,1
X74U1S13PI,122.784,41.5539,2044330,70,125,0,14-3-29 20:43:18,1
X74U1S13PI,122.781,41.5534,2044333,70,125,0,14-3-29 20:43:29,1
X74U1S13PI,122.779,41.5528,2044335,70,125,0,14-3-29 20:43:40,1
X74U1S13PI,122.776,41.5522,2044337,72,125,0,14-3-29 20:43:51,1
X74U1S13PI,122.774,41.5516,2044339,72,120,0,14-3-29 20:44:1,1
X74U1S13PI,122.772,41.5509,2044341,72,120,0,14-3-29 20:44:11,1
X74U1S13PI,122.769,41.5501,2044343,72,120,0,14-3-29 20:44:22,1
X74U1S13PI,122.767,41.5492,2044345,70,120,0,14-3-29 20:44:33,1
X74U1S13PI,122.765,41.5483,2044347,68,120,0,14-3-29 20:44:44,1
X74U1S13PI,122.763,41.5474,2044350,70,120,0,14-3-29 20:44:55,1
X74U1S13PI,122.76,41.5465,2044352,70,120,0,14-3-29 20:45:6,1
X74U1S13PI,122.758,41.5456,2044354,72,120,0,14-3-29 20:45:16,1
X74U1S13PI,122.756,41.5447,2044356,72,120,0,14-3-29 20:45:26,1
X74U1S13PI,122.754,41.5438,2044358,70,120,0,14-3-29 20:45:37,1
X74U1S13PI,122.751,41.5429,2044360,70,120,0,14-3-29 20:45:48,1
X74U1S13PI,122.749,41.5419,2044362,72,120,0,14-3-29 20:45:59,1
X74U1S13PI,122.745,41.5402,2044366,70,120,0,14-3-29 20:46:19,1
X74U1S13PI,122.74,41.5384,2044371,68,120,0,14-3-29 20:46:41,1
X74U1S13PI,122.738,41.5376,2044373,66,120,0,14-3-29 20:46:52,1
X74U1S13PI,122.736,41.5368,2044375,68,120,0,14-3-29 20:47:3,1
X74U1S13PI,122.733,41.536,2044377,68,120,0,14-3-29 20:47:14,1
X74U1S13PI,122.729,41.5347,2044381,72,125,0,14-3-29 20:47:36,1
X74U1S13PI,122.726,41.5341,2044383,70,125,0,14-3-29 20:47:47,1
X74U1S13PI,122.723,41.5335,2044386,74,125,0,14-3-29 20:47:59,1
X74U1S13PI,122.721,41.5331,2044387,72,125,0,14-3-29 20:48:7,1
X74U1S13PI,122.719,41.5325,2044390,74,125,0,14-3-29 20:48:18,1
X74U1S13PI,122.716,41.532,2044392,74,125,0,14-3-29 20:48:28,1
X74U1S13PI,122.714,41.5315,2044394,72,125,0,14-3-29 20:48:38,1
X74U1S13PI,122.712,41.531,2044396,72,125,0,14-3-29 20:48:48,1
X74U1S13PI,122.709,41.5305,2044398,72,125,0,14-3-29 20:48:58,1
X74U1S13PI,122.707,41.53,2044400,72,125,0,14-3-29 20:49:8,1
X74U1S13PI,122.702,41.5288,2044404,72,125,0,14-3-29 20:49:29,1
X74U1S13PI,122.7,41.5282,2044406,72,120,0,14-3-29 20:49:39,1
X74U1S13PI,122.698,41.5275,2044408,70,120,0,14-3-29 20:49:49,1
X74U1S13PI,122.695,41.5266,2044410,72,120,0,14-3-29 20:50:0,1
X74U1S13PI,122.693,41.5258,2044412,74,120,0,14-3-29 20:50:10,1
X74U1S13PI,122.691,41.5249,2044414,68,115,0,14-3-29 20:50:20,1
X74U1S13PI,122.689,41.5239,2044416,70,115,0,14-3-29 20:50:31,1
X74U1S13PI,122.687,41.5228,2044419,68,115,0,14-3-29 20:50:42,1
X74U1S13PI,122.684,41.5217,2044421,70,115,0,14-3-29 20:50:53,1
X74U1S13PI,122.682,41.5205,2044423,72,115,0,14-3-29 20:51:4,1
X74U1S13PI,122.68,41.5193,2044425,70,115,0,14-3-29 20:51:14,1
X74U1S13PI,122.678,41.5181,2044427,70,115,0,14-3-29 20:51:25,1
X74U1S13PI,122.676,41.517,2044429,70,115,0,14-3-29 20:51:36,1
X74U1S13PI,122.674,41.5158,2044431,68,115,0,14-3-29 20:51:47,1
X74U1S13PI,122.672,41.5146,2044434,66,115,0,14-3-29 20:51:59,1
X74U1S13PI,122.67,41.5135,2044436,68,115,0,14-3-29 20:52:9,1
X74U1S13PI,122.668,41.5124,2044438,68,115,0,14-3-29 20:52:20,1
X74U1S13PI,122.666,41.5112,2044440,66,115,0,14-3-29 20:52:31,1
X74U1S13PI,122.664,41.5101,2044442,68,115,0,14-3-29 20:52:42,1
X74U1S13PI,122.662,41.5091,2044444,72,115,0,14-3-29 20:52:53,1
X74U1S13PI,122.66,41.5081,2044446,70,120,0,14-3-29 20:53:4,1
X74U1S13PI,122.657,41.5072,2044448,68,120,0,14-3-29 20:53:15,1
X74U1S13PI,122.655,41.5064,2044450,62,120,0,14-3-29 20:53:26,1
X74U1S13PI,122.653,41.5055,2044453,64,120,0,14-3-29 20:53:38,1
X74U1S13PI,122.65,41.5048,2044455,64,120,0,14-3-29 20:53:50,1
X74U1S13PI,122.648,41.5042,2044457,64,125,0,14-3-29 20:54:1,1
X74U1S13PI,122.646,41.5036,2044459,64,125,0,14-3-29 20:54:13,1
X74U1S13PI,122.643,41.5031,2044461,62,125,0,14-3-29 20:54:25,1
X74U1S13PI,122.641,41.5027,2044463,61,125,0,14-3-29 20:54:37,1
X74U1S13PI,122.638,41.5024,2044465,55,130,0,14-3-29 20:54:50,1
X74U1S13PI,122.636,41.5021,2044467,57,130,0,14-3-29 20:55:3,1
X74U1S13PI,122.633,41.5018,2044469,57,130,0,14-3-29 20:55:16,1
X74U1S13PI,122.631,41.5015,2044471,57,130,0,14-3-29 20:55:29,1
X74U1S13PI,122.628,41.5012,2044474,59,130,0,14-3-29 20:55:42,1
X74U1S13PI,122.626,41.501,2044475,66,130,0,14-3-29 20:56:31,1
X74U1S13PI,122.616,41.4998,2044484,64,130,0,14-3-29 20:56:42,1
X74U1S13PI,122.613,41.4995,2044486,66,130,0,14-3-29 20:56:53,1
X74U1S13PI,122.611,41.4992,2044488,68,130,0,14-3-29 20:57:4,1
X74U1S13PI,122.608,41.4989,2044491,68,125,0,14-3-29 20:57:15,1
X74U1S13PI,122.606,41.4985,2044493,68,125,0,14-3-29 20:57:26,1
X74U1S13PI,122.579,41.488,2044518,70,115,0,14-3-29 20:59:38,1
X74U1S13PI,122.577,41.4868,2044520,68,115,0,14-3-29 20:59:49,1
X74U1S13PI,122.575,41.4856,2044522,68,115,0,14-3-29 21:0:0,1
X74U1S13PI,122.573,41.4843,2044525,70,115,0,14-3-29 21:0:11,1
X74U1S13PI,122.571,41.4832,2044527,68,115,0,14-3-29 21:0:22,1
X74U1S13PI,122.568,41.4819,2044529,66,115,0,14-3-29 21:0:36,1
X74U1S13PI,122.566,41.4811,2044531,68,115,0,14-3-29 21:0:44,1
X74U1S13PI,122.564,41.4802,2044533,70,120,0,14-3-29 21:0:55,1
X74U1S13PI,122.562,41.4793,2044535,70,120,0,14-3-29 21:1:6,1
X74U1S13PI,122.559,41.4785,2044537,70,120,0,14-3-29 21:1:17,1
X74U1S13PI,122.557,41.4777,2044539,70,120,0,14-3-29 21:1:28,1
X74U1S13PI,122.555,41.4771,2044541,66,125,0,14-3-29 21:1:39,1
X74U1S13PI,122.552,41.4765,2044544,64,125,0,14-3-29 21:1:50,1
X74U1S13PI,122.55,41.476,2044546,66,125,0,14-3-29 21:2:1,1
X74U1S13PI,122.547,41.4755,2044548,66,125,0,14-3-29 21:2:12,1
X74U1S13PI,122.545,41.4751,2044550,66,125,0,14-3-29 21:2:23,1
X74U1S13PI,122.542,41.4745,2044552,66,125,0,14-3-29 21:2:36,1
X74U1S13PI,122.54,41.4742,2044554,66,125,0,14-3-29 21:2:45,1
X74U1S13PI,122.538,41.4737,2044556,68,125,0,14-3-29 21:2:56,1
X74U1S13PI,122.535,41.4732,2044558,68,125,0,14-3-29 21:3:7,1
X74U1S13PI,122.533,41.4727,2044560,66,125,0,14-3-29 21:3:18,1
X74U1S13PI,122.53,41.4721,2044562,66,125,0,14-3-29 21:3:29,1
X74U1S13PI,122.528,41.4715,2044564,66,120,0,14-3-29 21:3:40,1
X74U1S13PI,122.526,41.4708,2044566,66,120,0,14-3-29 21:3:51,1
X74U1S13PI,122.523,41.47,2044569,68,120,0,14-3-29 21:4:2,1
X74U1S13PI,122.521,41.4691,2044571,70,120,0,14-3-29 21:4:13,1
X74U1S13PI,122.519,41.4681,2044573,68,120,0,14-3-29 21:4:24,1
X74U1S13PI,122.517,41.4671,2044575,68,115,0,14-3-29 21:4:36,1
X74U1S13PI,122.515,41.4661,2044577,68,115,0,14-3-29 21:4:46,1
X74U1S13PI,122.513,41.465,2044579,68,115,0,14-3-29 21:4:57,1
X74U1S13PI,122.51,41.4638,2044581,70,115,0,14-3-29 21:5:8,1
X74U1S13PI,122.508,41.4626,2044583,68,115,0,14-3-29 21:5:19,1
X74U1S13PI,122.506,41.4614,2044586,68,115,0,14-3-29 21:5:30,1
X74U1S13PI,122.504,41.4602,2044588,66,115,0,14-3-29 21:5:41,1
X74U1S13PI,122.502,41.4592,2044590,68,115,0,14-3-29 21:5:52,1
X74U1S13PI,122.5,41.4581,2044592,68,115,0,14-3-29 21:6:3,1
X74U1S13PI,122.498,41.4571,2044594,70,115,0,14-3-29 21:6:14,1
X74U1S13PI,122.496,41.4561,2044596,68,120,0,14-3-29 21:6:25,1
X74U1S13PI,122.494,41.4552,2044598,68,120,0,14-3-29 21:6:36,1
X74U1S13PI,122.491,41.4543,2044600,68,120,0,14-3-29 21:6:47,1
X74U1S13PI,122.489,41.4535,2044603,68,120,0,14-3-29 21:6:58,1
X74U1S13PI,122.487,41.4527,2044605,68,120,0,14-3-29 21:7:9,1
X74U1S13PI,122.484,41.452,2044607,70,120,0,14-3-29 21:7:20,1
X74U1S13PI,122.482,41.4511,2044609,70,120,0,14-3-29 21:7:31,1
X74U1S13PI,122.48,41.4503,2044611,68,120,0,14-3-29 21:7:42,1
X74U1S13PI,122.477,41.4494,2044613,68,120,0,14-3-29 21:7:53,1
X74U1S13PI,122.475,41.4484,2044615,70,115,0,14-3-29 21:8:4,1
X74U1S13PI,122.473,41.4473,2044618,70,115,0,14-3-29 21:8:15,1
X74U1S13PI,122.471,41.4462,2044620,68,115,0,14-3-29 21:8:26,1
X74U1S13PI,122.469,41.4451,2044622,70,115,0,14-3-29 21:8:37,1
X74U1S13PI,122.467,41.4439,2044624,70,115,0,14-3-29 21:8:48,1
X74U1S13PI,122.465,41.4427,2044626,68,115,0,14-3-29 21:8:59,1
X74U1S13PI,122.463,41.4415,2044628,70,115,0,14-3-29 21:9:10,1
X74U1S13PI,122.46,41.4404,2044630,68,115,0,14-3-29 21:9:21,1
X74U1S13PI,122.458,41.4394,2044633,68,115,0,14-3-29 21:9:32,1
X74U1S13PI,122.456,41.4384,2044635,68,120,0,14-3-29 21:9:43,1
X74U1S13PI,122.454,41.4375,2044637,70,120,0,14-3-29 21:9:54,1
X74U1S13PI,122.451,41.4367,2044639,68,120,0,14-3-29 21:10:5,1
X74U1S13PI,122.449,41.4359,2044641,66,120,0,14-3-29 21:10:16,1
X74U1S13PI,122.445,41.4347,2044645,66,125,0,14-3-29 21:10:36,1
X74U1S13PI,122.444,41.4346,2044645,68,125,0,14-3-29 21:10:38,1
X74U1S13PI,122.442,41.434,2044647,68,125,0,14-3-29 21:10:49,1
X74U1S13PI,122.439,41.4335,2044650,68,125,0,14-3-29 21:11:0,1
X74U1S13PI,122.437,41.433,2044652,68,125,0,14-3-29 21:11:11,1
X74U1S13PI,122.434,41.4326,2044654,72,125,0,14-3-29 21:11:22,1
X74U1S13PI,122.432,41.432,2044656,68,125,0,14-3-29 21:11:33,1
X74U1S13PI,122.43,41.4315,2044658,66,125,0,14-3-29 21:11:44,1
X74U1S13PI,122.427,41.4308,2044660,66,120,0,14-3-29 21:11:55,1
X74U1S13PI,122.425,41.4301,2044662,68,120,0,14-3-29 21:12:6,1
X74U1S13PI,122.42,41.4284,2044666,68,120,0,14-3-29 21:12:28,1
X74U1S13PI,122.419,41.4277,2044668,68,120,0,14-3-29 21:12:36,1
X74U1S13PI,122.416,41.4265,2044671,68,115,0,14-3-29 21:12:50,1
X74U1S13PI,122.414,41.4255,2044673,68,115,0,14-3-29 21:13:1,1
X74U1S13PI,122.412,41.4243,2044675,68,115,0,14-3-29 21:13:12,1
X74U1S13PI,122.41,41.4232,2044677,70,115,0,14-3-29 21:13:23,1
X74U1S13PI,122.408,41.4221,2044679,70,115,0,14-3-29 21:13:34,1
X74U1S13PI,122.405,41.4209,2044681,68,115,0,14-3-29 21:13:45,1
X74U1S13PI,122.403,41.4198,2044683,68,115,0,14-3-29 21:13:56,1
X74U1S13PI,122.401,41.4186,2044686,70,115,0,14-3-29 21:14:7,1
X74U1S13PI,122.399,41.4175,2044688,68,115,0,14-3-29 21:14:18,1
X74U1S13PI,122.397,41.4164,2044690,68,115,0,14-3-29 21:14:29,1
X74U1S13PI,122.395,41.4154,2044692,68,115,0,14-3-29 21:14:40,1
X74U1S13PI,122.393,41.4145,2044694,68,120,0,14-3-29 21:14:51,1
X74U1S13PI,122.39,41.4135,2044696,68,120,0,14-3-29 21:15:2,1
X74U1S13PI,122.388,41.4127,2044698,70,120,0,14-3-29 21:15:13,1
X74U1S13PI,122.386,41.412,2044701,68,120,0,14-3-29 21:15:24,1
X74U1S13PI,122.383,41.4113,2044703,68,125,0,14-3-29 21:15:35,1
X74U1S13PI,122.381,41.4107,2044705,68,125,0,14-3-29 21:15:46,1
X74U1S13PI,122.378,41.4102,2044707,66,125,0,14-3-29 21:15:57,1
X74U1S13PI,122.376,41.4098,2044709,64,125,0,14-3-29 21:16:8,1
X74U1S13PI,122.374,41.4094,2044711,64,125,0,14-3-29 21:16:19,1
X74U1S13PI,122.371,41.409,2044713,62,125,0,14-3-29 21:16:31,1
X74U1S13PI,122.369,41.4086,2044715,62,125,0,14-3-29 21:16:43,1
X74U1S13PI,122.366,41.4082,2044717,64,125,0,14-3-29 21:16:55,1
X74U1S13PI,122.363,41.4079,2044720,62,125,0,14-3-29 21:17:7,1
X74U1S13PI,122.361,41.4074,2044722,62,125,0,14-3-29 21:17:19,1
X74U1S13PI,122.358,41.4069,2044724,62,125,0,14-3-29 21:17:31,1
X74U1S13PI,122.356,41.4063,2044726,62,125,0,14-3-29 21:17:43,1
X74U1S13PI,122.354,41.4057,2044728,64,120,0,14-3-29 21:17:54,1
X74U1S13PI,122.352,41.405,2044730,64,120,0,14-3-29 21:18:5,1
X74U1S13PI,122.349,41.4043,2044732,66,120,0,14-3-29 21:18:16,1
X74U1S13PI,122.347,41.4035,2044734,64,120,0,14-3-29 21:18:27,1
X74U1S13PI,122.345,41.4027,2044736,64,120,0,14-3-29 21:18:38,1
X74U1S13PI,122.343,41.4018,2044738,62,120,0,14-3-29 21:18:50,1
X74U1S13PI,122.34,41.401,2044740,66,120,0,14-3-29 21:19:1,1
X74U1S13PI,122.338,41.4002,2044742,66,120,0,14-3-29 21:19:12,1
X74U1S13PI,122.336,41.3994,2044744,68,120,0,14-3-29 21:19:23,1
X74U1S13PI,122.334,41.3987,2044746,66,120,0,14-3-29 21:19:34,1
X74U1S13PI,122.331,41.3981,2044748,66,125,0,14-3-29 21:19:45,1
X74U1S13PI,122.329,41.3976,2044751,66,125,0,14-3-29 21:19:56,1
X74U1S13PI,122.326,41.3971,2044753,68,125,0,14-3-29 21:20:7,1
X74U1S13PI,122.324,41.3967,2044755,68,125,0,14-3-29 21:20:18,1
X74U1S13PI,122.32,41.396,2044758,68,125,0,14-3-29 21:20:36,1
X74U1S13PI,122.319,41.3959,2044759,68,125,0,14-3-29 21:20:40,1
X74U1S13PI,122.316,41.3955,2044761,68,125,0,14-3-29 21:20:51,1
X74U1S13PI,122.314,41.3951,2044763,66,125,0,14-3-29 21:21:2,1
X74U1S13PI,122.312,41.3947,2044765,66,125,0,14-3-29 21:21:13,1
X74U1S13PI,122.309,41.3943,2044767,64,125,0,14-3-29 21:21:24,1
X74U1S13PI,122.307,41.3939,2044769,68,125,0,14-3-29 21:21:35,1
X74U1S13PI,122.304,41.3935,2044771,68,125,0,14-3-29 21:21:46,1
X74U1S13PI,122.302,41.3931,2044774,66,125,0,14-3-29 21:21:57,1
X74U1S13PI,122.299,41.3927,2044776,68,125,0,14-3-29 21:22:8,1
X74U1S13PI,122.297,41.3923,2044778,68,125,0,14-3-29 21:22:19,1
X74U1S13PI,122.293,41.3916,2044781,68,125,0,14-3-29 21:22:36,1
X74U1S13PI,122.292,41.3914,2044782,68,125,0,14-3-29 21:22:41,1
X74U1S13PI,122.289,41.3909,2044784,66,125,0,14-3-29 21:22:52,1
X74U1S13PI,122.287,41.3903,2044786,66,125,0,14-3-29 21:23:3,1
X74U1S13PI,122.285,41.3896,2044788,64,120,0,14-3-29 21:23:14,1
X74U1S13PI,122.282,41.3889,2044790,64,120,0,14-3-29 21:23:26,1
X74U1S13PI,122.28,41.3881,2044792,64,120,0,14-3-29 21:23:37,1
X74U1S13PI,122.278,41.3872,2044795,62,120,0,14-3-29 21:23:49,1
X74U1S13PI,122.276,41.3862,2044797,62,115,0,14-3-29 21:24:1,1
X74U1S13PI,122.273,41.3852,2044799,62,115,0,14-3-29 21:24:13,1
X74U1S13PI,122.271,41.3842,2044801,64,115,0,14-3-29 21:24:25,1
X74U1S13PI,122.269,41.3831,2044803,66,115,0,14-3-29 21:24:36,1
X74U1S13PI,122.267,41.3821,2044805,68,115,0,14-3-29 21:24:47,1
X74U1S13PI,122.265,41.381,2044807,66,115,0,14-3-29 21:24:58,1
X74U1S13PI,122.263,41.38,2044809,66,115,0,14-3-29 21:25:9,1
X74U1S13PI,122.261,41.379,2044811,68,115,0,14-3-29 21:25:20,1
X74U1S13PI,122.259,41.3779,2044813,66,115,0,14-3-29 21:25:31,1
X74U1S13PI,122.257,41.3769,2044815,66,115,0,14-3-29 21:25:42,1
X74U1S13PI,122.255,41.3759,2044817,66,120,0,14-3-29 21:25:53,1
X74U1S13PI,122.253,41.375,2044820,64,120,0,14-3-29 21:26:4,1
X74U1S13PI,122.25,41.3741,2044822,62,120,0,14-3-29 21:26:16,1
X74U1S13PI,122.24,41.371,2044822,72,125,0,14-3-29 21:27:3,1
X74U1S13PI,122.238,41.3704,2044833,68,125,0,14-3-29 21:27:14,1
X74U1S13PI,122.235,41.3698,2044835,68,125,0,14-3-29 21:27:25,1
X74U1S13PI,122.233,41.3693,2044837,68,125,0,14-3-29 21:27:36,1
X74U1S13PI,122.231,41.3687,2044839,66,125,0,14-3-29 21:27:47,1
X74U1S13PI,122.228,41.3682,2044841,70,125,0,14-3-29 21:27:58,1
X74U1S13PI,122.226,41.3677,2044843,68,125,0,14-3-29 21:28:9,1
X74U1S13PI,122.223,41.3671,2044845,68,125,0,14-3-29 21:28:20,1
X74U1S13PI,122.221,41.3666,2044848,68,125,0,14-3-29 21:28:31,1
X74U1S13PI,122.218,41.366,2044850,68,125,0,14-3-29 21:28:42,1
X74U1S13PI,122.216,41.3654,2044852,70,125,0,14-3-29 21:28:53,1
X74U1S13PI,122.213,41.3648,2044854,68,120,0,14-3-29 21:29:4,1
X74U1S13PI,122.211,41.3641,2044856,68,120,0,14-3-29 21:29:15,1
X74U1S13PI,122.209,41.3633,2044858,66,120,0,14-3-29 21:29:26,1
X74U1S13PI,122.207,41.3625,2044860,62,120,0,14-3-29 21:29:37,1
X74U1S13PI,122.204,41.3617,2044862,62,120,0,14-3-29 21:29:49,1
X74U1S13PI,122.202,41.3609,2044864,64,120,0,14-3-29 21:30:1,1
X74U1S13PI,122.2,41.3601,2044866,64,120,0,14-3-29 21:30:13,1
X74U1S13PI,122.197,41.3593,2044869,64,120,0,14-3-29 21:30:24,1
X74U1S13PI,122.195,41.3586,2044871,66,120,0,14-3-29 21:30:35,1
X74U1S13PI,122.193,41.3579,2044873,66,120,0,14-3-29 21:30:46,1
X74U1S13PI,122.19,41.3572,2044875,70,125,0,14-3-29 21:30:57,1
X74U1S13PI,122.187,41.3564,2044878,66,125,0,14-3-29 21:31:12,1
X74U1S13PI,122.186,41.356,2044879,66,125,0,14-3-29 21:31:19,1
X74U1S13PI,122.183,41.3555,2044881,66,125,0,14-3-29 21:31:30,1
X74U1S13PI,122.181,41.355,2044883,66,125,0,14-3-29 21:31:41,1
X74U1S13PI,122.178,41.3545,2044885,66,125,0,14-3-29 21:31:52,1
X74U1S13PI,122.176,41.3539,2044887,64,125,0,14-3-29 21:32:3,1
X74U1S13PI,122.174,41.3533,2044889,66,120,0,14-3-29 21:32:14,1
X74U1S13PI,122.171,41.3526,2044891,66,120,0,14-3-29 21:32:25,1
X74U1S13PI,122.169,41.3519,2044893,66,120,0,14-3-29 21:32:36,1
X74U1S13PI,122.167,41.3511,2044895,64,120,0,14-3-29 21:32:47,1
X74U1S13PI,122.165,41.3502,2044898,68,120,0,14-3-29 21:32:58,1
X74U1S13PI,122.162,41.349,2044900,68,115,0,14-3-29 21:33:12,1
X74U1S13PI,122.16,41.3482,2044902,68,115,0,14-3-29 21:33:20,1
X74U1S13PI,122.158,41.3472,2044904,64,115,0,14-3-29 21:33:31,1
X74U1S13PI,122.156,41.3462,2044906,66,115,0,14-3-29 21:33:42,1
X74U1S13PI,122.154,41.3452,2044908,70,115,0,14-3-29 21:33:53,1
X74U1S13PI,122.152,41.3442,2044910,74,115,0,14-3-29 21:34:3,1
X74U1S13PI,122.15,41.3432,2044912,74,115,0,14-3-29 21:34:13,1
X74U1S13PI,122.148,41.3423,2044914,70,120,0,14-3-29 21:34:23,1
X74U1S13PI,122.145,41.3414,2044916,68,120,0,14-3-29 21:34:34,1
X74U1S13PI,122.143,41.3406,2044918,68,120,0,14-3-29 21:34:45,1
X74U1S13PI,122.141,41.3398,2044921,70,120,0,14-3-29 21:34:56,1
X74U1S13PI,122.137,41.3387,2044924,68,120,0,14-3-29 21:35:12,1
X74U1S13PI,122.136,41.3383,2044925,70,120,0,14-3-29 21:35:18,1
X74U1S13PI,122.134,41.3375,2044927,68,120,0,14-3-29 21:35:29,1
X74U1S13PI,122.131,41.3368,2044929,68,120,0,14-3-29 21:35:40,1
X74U1S13PI,122.129,41.336,2044931,68,120,0,14-3-29 21:35:51,1
X74U1S13PI,122.127,41.3351,2044933,70,120,0,14-3-29 21:36:2,1
X74U1S13PI,122.124,41.3342,2044936,72,115,0,14-3-29 21:36:13,1
X74U1S13PI,122.122,41.3332,2044938,68,115,0,14-3-29 21:36:24,1
X74U1S13PI,122.12,41.3321,2044940,68,115,0,14-3-29 21:36:35,1
X74U1S13PI,122.118,41.331,2044942,68,115,0,14-3-29 21:36:46,1
X74U1S13PI,122.114,41.3286,2044946,72,110,0,14-3-29 21:37:7,1
X74U1S13PI,122.112,41.3273,2044948,68,110,0,14-3-29 21:37:18,1
X74U1S13PI,122.11,41.326,2044950,68,110,0,14-3-29 21:37:29,1
X74U1S13PI,122.108,41.3246,2044953,68,110,0,14-3-29 21:37:40,1
X74U1S13PI,122.107,41.3233,2044955,68,110,0,14-3-29 21:37:51,1
X74U1S13PI,122.105,41.3219,2044957,68,110,0,14-3-29 21:38:2,1
X74U1S13PI,122.103,41.3205,2044959,68,110,0,14-3-29 21:38:13,1
X74U1S13PI,122.101,41.3191,2044961,68,110,0,14-3-29 21:38:24,1
X74U1S13PI,122.099,41.3178,2044963,70,110,0,14-3-29 21:38:35,1
X74U1S13PI,122.097,41.3166,2044965,70,115,0,14-3-29 21:38:46,1
X74U1S13PI,122.095,41.3155,2044967,72,115,0,14-3-29 21:38:56,1
X74U1S13PI,122.093,41.3143,2044970,68,115,0,14-3-29 21:39:7,1
X74U1S13PI,122.091,41.3133,2044972,66,115,0,14-3-29 21:39:18,1
X74U1S13PI,122.089,41.3123,2044974,66,115,0,14-3-29 21:39:29,1
X74U1S13PI,122.087,41.3113,2044976,66,120,0,14-3-29 21:39:40,1
X74U1S13PI,122.085,41.3105,2044978,66,120,0,14-3-29 21:39:51,1
X74U1S13PI,122.083,41.3096,2044980,68,120,0,14-3-29 21:40:2,1
X74U1S13PI,122.08,41.3087,2044982,70,120,0,14-3-29 21:40:13,1
X74U1S13PI,122.078,41.3077,2044984,70,115,0,14-3-29 21:40:24,1
X74U1S13PI,122.076,41.3067,2044986,68,115,0,14-3-29 21:40:35,1
X74U1S13PI,122.074,41.3056,2044988,66,115,0,14-3-29 21:40:46,1
X74U1S13PI,122.072,41.3045,2044990,64,115,0,14-3-29 21:40:57,1
X74U1S13PI,122.07,41.3034,2044992,64,115,0,14-3-29 21:41:8,1
X74U1S13PI,122.068,41.3022,2044995,66,115,0,14-3-29 21:41:19,1
X74U1S13PI,122.066,41.3011,2044997,68,115,0,14-3-29 21:41:30,1
X74U1S13PI,122.064,41.2999,2044999,68,115,0,14-3-29 21:41:41,1
X74U1S13PI,122.062,41.2987,2045001,68,115,0,14-3-29 21:41:52,1
X74U1S13PI,122.06,41.2975,2045003,68,115,0,14-3-29 21:42:3,1
X74U1S13PI,122.058,41.2963,2045005,70,115,0,14-3-29 21:42:14,1
X74U1S13PI,122.056,41.2951,2045007,70,115,0,14-3-29 21:42:25,1
X74U1S13PI,122.054,41.294,2045009,66,115,0,14-3-29 21:42:36,1
X74U1S13PI,122.049,41.2921,2045014,64,120,0,14-3-29 21:42:58,1
X74U1S13PI,122.047,41.291,2045016,68,120,0,14-3-29 21:43:12,1
X74U1S13PI,122.045,41.2904,2045018,68,120,0,14-3-29 21:43:20,1
X74U1S13PI,122.043,41.2897,2045020,68,120,0,14-3-29 21:43:31,1
X74U1S13PI,122.04,41.2889,2045022,70,120,0,14-3-29 21:43:42,1
X74U1S13PI,122.038,41.2881,2045024,72,120,0,14-3-29 21:43:52,1
X74U1S13PI,122.036,41.2873,2045026,72,120,0,14-3-29 21:44:3,1
X74U1S13PI,122.034,41.2864,2045028,72,120,0,14-3-29 21:44:13,1
X74U1S13PI,122.031,41.2854,2045030,70,115,0,14-3-29 21:44:24,1
X74U1S13PI,122.029,41.2844,2045033,70,115,0,14-3-29 21:44:35,1
X74U1S13PI,122.027,41.2832,2045035,70,115,0,14-3-29 21:44:46,1
X74U1S13PI,122.025,41.2821,2045037,70,115,0,14-3-29 21:44:57,1
X74U1S13PI,122.022,41.2804,2045040,66,110,0,14-3-29 21:45:12,1
X74U1S13PI,122.021,41.2797,2045041,64,110,0,14-3-29 21:45:19,1
X74U1S13PI,122.019,41.2783,2045043,62,110,0,14-3-29 21:45:31,1
X74U1S13PI,122.017,41.2771,2045045,66,110,0,14-3-29 21:45:42,1
X74U1S13PI,122.016,41.2758,2045047,64,110,0,14-3-29 21:45:53,1
X74U1S13PI,122.014,41.2745,2045049,64,110,0,14-3-29 21:46:4,1
X74U1S13PI,122.012,41.2732,2045051,62,110,0,14-3-29 21:46:16,1
X74U1S13PI,122.01,41.272,2045053,64,115,0,14-3-29 21:46:28,1
X74U1S13PI,122.008,41.2708,2045056,64,115,0,14-3-29 21:46:40,1
X74U1S13PI,122.006,41.2697,2045058,64,115,0,14-3-29 21:46:51,1
X74U1S13PI,122.004,41.2686,2045060,66,115,0,14-3-29 21:47:2,1
X74U1S13PI,122.002,41.2675,2045062,68,115,0,14-3-29 21:47:13,1
X74U1S13PI,122,41.2664,2045064,68,115,0,14-3-29 21:47:24,1
X74U1S13PI,121.998,41.2653,2045066,64,115,0,14-3-29 21:47:35,1
X74U1S13PI,121.996,41.2641,2045068,62,115,0,14-3-29 21:47:47,1
X74U1S13PI,121.994,41.263,2045070,62,115,0,14-3-29 21:47:59,1
X74U1S13PI,121.992,41.2619,2045072,62,115,0,14-3-29 21:48:11,1
X74U1S13PI,121.99,41.2608,2045075,64,115,0,14-3-29 21:48:23,1
X74U1S13PI,121.987,41.2596,2045077,64,115,0,14-3-29 21:48:35,1
X74U1S13PI,121.985,41.2584,2045079,64,115,0,14-3-29 21:48:47,1
X74U1S13PI,121.983,41.2573,2045081,64,115,0,14-3-29 21:48:59,1
X74U1S13PI,121.979,41.2551,2045085,64,115,0,14-3-29 21:49:21,1
X74U1S13PI,121.977,41.254,2045087,66,115,0,14-3-29 21:49:32,1
X74U1S13PI,121.973,41.2519,2045091,68,115,0,14-3-29 21:49:54,1
X74U1S13PI,121.971,41.2509,2045093,66,120,0,14-3-29 21:50:5,1
X74U1S13PI,121.969,41.25,2045095,66,120,0,14-3-29 21:50:16,1
X74U1S13PI,121.967,41.2491,2045098,64,120,0,14-3-29 21:50:27,1
X74U1S13PI,121.964,41.2484,2045100,64,120,0,14-3-29 21:50:38,1
X74U1S13PI,121.962,41.2477,2045101,64,120,0,14-3-29 21:50:49,1
X74U1S13PI,121.96,41.2469,2045104,66,120,0,14-3-29 21:51:0,1
X74U1S13PI,121.957,41.2462,2045106,66,120,0,14-3-29 21:51:12,1
X74U1S13PI,121.955,41.2455,2045108,64,120,0,14-3-29 21:51:22,1
X74U1S13PI,121.953,41.2448,2045110,64,120,0,14-3-29 21:51:34,1
X74U1S13PI,121.951,41.2439,2045112,62,120,0,14-3-29 21:51:46,1
X74U1S13PI,121.948,41.243,2045114,64,120,0,14-3-29 21:51:58,1
X74U1S13PI,121.946,41.2421,2045116,64,115,0,14-3-29 21:52:9,1
X74U1S13PI,121.944,41.2412,2045118,66,115,0,14-3-29 21:52:20,1
X74U1S13PI,121.942,41.2401,2045120,68,115,0,14-3-29 21:52:31,1
X74U1S13PI,121.94,41.239,2045122,66,115,0,14-3-29 21:52:42,1
X74U1S13PI,121.938,41.238,2045124,64,115,0,14-3-29 21:52:53,1
X74U1S13PI,121.935,41.2362,2045128,62,115,0,14-3-29 21:53:12,1
X74U1S13PI,121.934,41.2358,2045129,62,115,0,14-3-29 21:53:16,1
X74U1S13PI,121.932,41.2348,2045131,64,115,0,14-3-29 21:53:28,1
X74U1S13PI,121.93,41.2338,2045133,64,120,0,14-3-29 21:53:39,1
X74U1S13PI,121.927,41.233,2045135,66,120,0,14-3-29 21:53:50,1
X74U1S13PI,121.925,41.2322,2045137,66,120,0,14-3-29 21:54:1,1
X74U1S13PI,121.923,41.2316,2045139,64,125,0,14-3-29 21:54:12,1
X74U1S13PI,121.92,41.231,2045141,64,125,0,14-3-29 21:54:24,1
X74U1S13PI,121.918,41.2306,2045143,66,125,0,14-3-29 21:54:35,1
X74U1S13PI,121.915,41.2303,2045145,70,130,0,14-3-29 21:54:46,1
X74U1S13PI,121.913,41.23,2045147,70,130,0,14-3-29 21:54:57,1
X74U1S13PI,121.909,41.23,2045150,66,135,0,14-3-29 21:55:12,1
X74U1S13PI,121.908,41.23,2045151,66,135,0,14-3-29 21:55:19,1
X74U1S13PI,121.905,41.2301,2045154,61,135,0,14-3-29 21:55:31,1
X74U1S13PI,121.903,41.2304,2045156,59,135,0,14-3-29 21:55:43,1
X74U1S13PI,121.9,41.2307,2045158,61,140,0,14-3-29 21:55:55,1
X74U1S13PI,121.898,41.2312,2045160,61,140,0,14-3-29 21:56:7,1
X74U1S13PI,121.896,41.2317,2045162,61,140,0,14-3-29 21:56:19,1
X74U1S13PI,121.893,41.2322,2045164,61,140,0,14-3-29 21:56:31,1
X74U1S13PI,121.891,41.2326,2045166,61,140,0,14-3-29 21:56:43,1
X74U1S13PI,121.888,41.2331,2045168,61,140,0,14-3-29 21:56:55,1
X74U1S13PI,121.886,41.2336,2045170,62,140,0,14-3-29 21:57:7,1
X74U1S13PI,121.885,41.2338,2045171,62,140,0,14-3-29 21:57:12,1
X74U1S13PI,121.883,41.2341,2045172,62,140,0,14-3-29 21:57:19,1
X74U1S13PI,121.881,41.2346,2045174,62,140,0,14-3-29 21:57:31,1
X74U1S13PI,121.879,41.2351,2045176,62,140,0,14-3-29 21:57:43,1
X74U1S13PI,121.876,41.2356,2045179,64,140,0,14-3-29 21:57:55,1
X74U1S13PI,121.874,41.236,2045181,64,140,0,14-3-29 21:58:6,1
X74U1S13PI,121.871,41.2365,2045183,66,140,0,14-3-29 21:58:17,1
X74U1S13PI,121.869,41.237,2045185,68,140,0,14-3-29 21:58:28,1
X74U1S13PI,121.866,41.2374,2045187,68,140,0,14-3-29 21:58:39,1
X74U1S13PI,121.864,41.2378,2045189,68,140,0,14-3-29 21:58:50,1
X74U1S13PI,121.861,41.2381,2045191,68,135,0,14-3-29 21:59:1,1
X74U1S13PI,121.859,41.2384,2045193,70,135,0,14-3-29 21:59:12,1
X74U1S13PI,121.856,41.2385,2045195,68,135,0,14-3-29 21:59:23,1
X74U1S13PI,121.854,41.2386,2045198,66,135,0,14-3-29 21:59:34,1
X74U1S13PI,121.851,41.2387,2045200,64,135,0,14-3-29 21:59:45,1
X74U1S13PI,121.849,41.2387,2045202,66,135,0,14-3-29 21:59:56,1
X74U1S13PI,121.846,41.2388,2045204,68,135,0,14-3-29 22:0:7,1
X74U1S13PI,121.844,41.2388,2045206,68,135,0,14-3-29 22:0:18,1
X74U1S13PI,121.841,41.2389,2045208,68,135,0,14-3-29 22:0:29,1
X74U1S13PI,121.839,41.2389,2045210,66,135,0,14-3-29 22:0:40,1
X74U1S13PI,121.836,41.239,2045212,64,135,0,14-3-29 22:0:51,1
X74U1S13PI,121.831,41.2391,2045216,68,135,0,14-3-29 22:1:12,1
X74U1S13PI,121.831,41.2391,2045216,68,135,0,14-3-29 22:1:13,1
X74U1S13PI,121.829,41.2392,2045218,70,135,0,14-3-29 22:1:24,1
X74U1S13PI,121.824,41.2394,2045223,66,135,0,14-3-29 22:1:46,1
X74U1S13PI,121.821,41.2396,2045225,66,135,0,14-3-29 22:1:57,1
X74U1S13PI,121.816,41.2402,2045229,66,135,0,14-3-29 22:2:19,1
X74U1S13PI,121.813,41.2406,2045231,68,140,0,14-3-29 22:2:31,1
X74U1S13PI,121.811,41.241,2045233,68,140,0,14-3-29 22:2:42,1
X74U1S13PI,121.808,41.2413,2045235,66,140,0,14-3-29 22:2:53,1
X74U1S13PI,121.804,41.2419,2045239,62,140,0,14-3-29 22:3:12,1
X74U1S13PI,121.803,41.242,2045240,61,140,0,14-3-29 22:3:16,1
X74U1S13PI,121.801,41.2424,2045241,59,135,0,14-3-29 22:3:28,1
X74U1S13PI,121.799,41.2427,2045244,61,135,0,14-3-29 22:3:40,1
X74U1S13PI,121.796,41.2429,2045246,59,135,0,14-3-29 22:3:52,1
X74U1S13PI,121.794,41.2431,2045248,61,135,0,14-3-29 22:4:4,1
X74U1S13PI,121.791,41.2433,2045250,62,135,0,14-3-29 22:4:16,1
X74U1S13PI,121.789,41.2434,2045252,64,135,0,14-3-29 22:4:28,1
X74U1S13PI,121.786,41.2434,2045254,64,130,0,14-3-29 22:4:39,1
X74U1S13PI,121.784,41.2433,2045256,64,130,0,14-3-29 22:4:51,1
X74U1S13PI,121.781,41.2432,2045258,64,130,0,14-3-29 22:5:2,1
X74U1S13PI,121.779,41.243,2045260,64,130,0,14-3-29 22:5:13,1
X74U1S13PI,121.776,41.2427,2045262,68,130,0,14-3-29 22:5:24,1
X74U1S13PI,121.774,41.2424,2045264,68,125,0,14-3-29 22:5:35,1
X74U1S13PI,121.771,41.242,2045266,68,125,0,14-3-29 22:5:46,1
X74U1S13PI,121.769,41.2415,2045269,68,125,0,14-3-29 22:5:57,1
X74U1S13PI,121.766,41.2411,2045271,66,125,0,14-3-29 22:6:8,1
X74U1S13PI,121.764,41.2406,2045273,68,125,0,14-3-29 22:6:19,1
X74U1S13PI,121.761,41.2402,2045275,68,125,0,14-3-29 22:6:30,1
X74U1S13PI,121.759,41.2397,2045277,70,125,0,14-3-29 22:6:41,1
X74U1S13PI,121.756,41.2392,2045279,70,125,0,14-3-29 22:6:52,1
X74U1S13PI,121.754,41.2387,2045281,68,125,0,14-3-29 22:7:3,1
X74U1S13PI,121.752,41.2383,2045283,66,125,0,14-3-29 22:7:14,1
X74U1S13PI,121.749,41.2378,2045285,64,125,0,14-3-29 22:7:25,1
X74U1S13PI,121.747,41.2374,2045287,64,125,0,14-3-29 22:7:36,1
X74U1S13PI,121.744,41.2369,2045290,66,125,0,14-3-29 22:7:47,1
X74U1S13PI,121.742,41.2365,2045291,66,125,0,14-3-29 22:7:58,1
X74U1S13PI,121.74,41.236,2045294,66,125,0,14-3-29 22:8:9,1
X74U1S13PI,121.737,41.2355,2045296,66,125,0,14-3-29 22:8:20,1
X74U1S13PI,121.735,41.235,2045298,62,125,0,14-3-29 22:8:31,1
X74U1S13PI,121.732,41.2344,2045300,61,125,0,14-3-29 22:8:43,1
X74U1S13PI,121.73,41.2337,2045302,59,120,0,14-3-29 22:8:55,1
X74U1S13PI,121.728,41.233,2045304,55,120,0,14-3-29 22:9:8,1
X74U1S13PI,121.725,41.2322,2045306,59,120,0,14-3-29 22:9:21,1
X74U1S13PI,121.723,41.2314,2045308,62,120,0,14-3-29 22:9:33,1
X74U1S13PI,121.721,41.2305,2045310,61,120,0,14-3-29 22:9:45,1
X74U1S13PI,121.719,41.2296,2045312,59,120,0,14-3-29 22:9:57,1
X74U1S13PI,121.717,41.2287,2045314,61,115,0,14-3-29 22:10:9,1
X74U1S13PI,121.715,41.2277,2045316,62,120,0,14-3-29 22:10:21,1
X74U1S13PI,121.712,41.2268,2045318,62,115,0,14-3-29 22:10:33,1
X74U1S13PI,121.71,41.2258,2045321,66,120,0,14-3-29 22:10:45,1
X74U1S13PI,121.708,41.2249,2045323,70,120,0,14-3-29 22:10:56,1
X74U1S13PI,121.705,41.2235,2045326,68,120,0,14-3-29 22:11:12,1
X74U1S13PI,121.703,41.223,2045327,70,120,0,14-3-29 22:11:18,1
X74U1S13PI,121.701,41.222,2045329,70,120,0,14-3-29 22:11:29,1
X74U1S13PI,121.699,41.221,2045331,66,120,0,14-3-29 22:11:40,1
X74U1S13PI,121.697,41.2201,2045333,68,120,0,14-3-29 22:11:51,1
X74U1S13PI,121.695,41.2192,2045335,68,120,0,14-3-29 22:12:2,1
X74U1S13PI,121.692,41.2183,2045338,68,120,0,14-3-29 22:12:13,1
X74U1S13PI,121.69,41.2175,2045340,68,120,0,14-3-29 22:12:24,1
X74U1S13PI,121.687,41.2168,2045342,70,120,0,14-3-29 22:12:35,1
X74U1S13PI,121.685,41.2161,2045344,70,125,0,14-3-29 22:12:46,1
X74U1S13PI,121.682,41.2155,2045346,72,125,0,14-3-29 22:12:57,1
X74U1S13PI,121.679,41.2147,2045349,70,125,0,14-3-29 22:13:12,1
X74U1S13PI,121.677,41.2144,2045351,68,125,0,14-3-29 22:13:19,1
X74U1S13PI,121.675,41.2138,2045353,68,125,0,14-3-29 22:13:30,1
X74U1S13PI,121.673,41.2132,2045355,70,125,0,14-3-29 22:13:41,1
X74U1S13PI,121.67,41.2126,2045357,68,125,0,14-3-29 22:13:52,1
X74U1S13PI,121.668,41.2121,2045359,70,125,0,14-3-29 22:14:3,1
X74U1S13PI,121.665,41.2115,2045361,68,125,0,14-3-29 22:14:14,1
X74U1S13PI,121.663,41.2109,2045363,66,125,0,14-3-29 22:14:25,1
X74U1S13PI,121.66,41.2104,2045365,68,125,0,14-3-29 22:14:36,1
X74U1S13PI,121.658,41.2098,2045368,68,125,0,14-3-29 22:14:47,1
X74U1S13PI,121.656,41.2092,2045370,68,125,0,14-3-29 22:14:58,1
X74U1S13PI,121.652,41.2084,2045372,68,120,0,14-3-29 22:15:12,1
X74U1S13PI,121.651,41.2078,2045374,68,120,0,14-3-29 22:15:20,1
X74U1S13PI,121.648,41.207,2045376,68,120,0,14-3-29 22:15:31,1
X74U1S13PI,121.646,41.2061,2045378,68,120,0,14-3-29 22:15:42,1
X74U1S13PI,121.644,41.2052,2045380,70,120,0,14-3-29 22:15:53,1
X74U1S13PI,121.642,41.2042,2045382,66,115,0,14-3-29 22:16:4,1
X74U1S13PI,121.64,41.2031,2045385,66,115,0,14-3-29 22:16:15,1
X74U1S13PI,121.638,41.2021,2045387,66,115,0,14-3-29 22:16:26,1
X74U1S13PI,121.636,41.201,2045389,68,115,0,14-3-29 22:16:37,1
X74U1S13PI,121.633,41.1998,2045391,70,115,0,14-3-29 22:16:48,1
X74U1S13PI,121.631,41.1987,2045393,66,115,0,14-3-29 22:16:59,1
X74U1S13PI,121.629,41.1974,2045395,66,115,0,14-3-29 22:17:12,1
X74U1S13PI,121.627,41.1965,2045397,66,115,0,14-3-29 22:17:21,1
X74U1S13PI,121.625,41.1954,2045399,66,115,0,14-3-29 22:17:32,1
X74U1S13PI,121.623,41.1944,2045401,68,115,0,14-3-29 22:17:43,1
X74U1S13PI,121.621,41.1933,2045404,70,115,0,14-3-29 22:17:54,1
X74U1S13PI,121.619,41.1924,2045406,70,120,0,14-3-29 22:18:5,1
X74U1S13PI,121.609,41.189,2045415,70,125,0,14-3-29 22:18:52,1
X74U1S13PI,121.606,41.1884,2045417,68,125,0,14-3-29 22:19:4,1
X74U1S13PI,121.603,41.188,2045419,68,125,0,14-3-29 22:19:15,1
X74U1S13PI,121.601,41.1876,2045421,72,125,0,14-3-29 22:19:26,1
X74U1S13PI,121.598,41.1871,2045424,70,125,0,14-3-29 22:19:37,1
X74U1S13PI,121.596,41.1867,2045426,68,125,0,14-3-29 22:19:48,1
X74U1S13PI,121.593,41.1863,2045428,68,125,0,14-3-29 22:19:59,1
X74U1S13PI,121.591,41.1858,2045430,68,125,0,14-3-29 22:20:10,1
X74U1S13PI,121.588,41.1854,2045432,66,125,0,14-3-29 22:20:21,1
X74U1S13PI,121.586,41.185,2045434,66,125,0,14-3-29 22:20:32,1
X74U1S13PI,121.584,41.1846,2045436,66,125,0,14-3-29 22:20:43,1
X74U1S13PI,121.581,41.1842,2045438,66,125,0,14-3-29 22:20:54,1
X74U1S13PI,121.579,41.1837,2045440,66,125,0,14-3-29 22:21:5,1
X74U1S13PI,121.576,41.1832,2045442,66,125,0,14-3-29 22:21:16,1
X74U1S13PI,121.574,41.1826,2045445,66,125,0,14-3-29 22:21:27,1
X74U1S13PI,121.572,41.182,2045446,66,120,0,14-3-29 22:21:38,1
X74U1S13PI,121.569,41.1813,2045449,66,120,0,14-3-29 22:21:49,1
X74U1S13PI,121.567,41.1804,2045451,70,120,0,14-3-29 22:22:0,1
X74U1S13PI,121.565,41.1796,2045453,68,120,0,14-3-29 22:22:11,1
X74U1S13PI,121.562,41.1787,2045455,68,120,0,14-3-29 22:22:22,1
X74U1S13PI,121.56,41.1779,2045457,64,120,0,14-3-29 22:22:33,1
X74U1S13PI,121.558,41.1771,2045459,66,120,0,14-3-29 22:22:44,1
X74U1S13PI,121.556,41.1764,2045461,68,120,0,14-3-29 22:22:55,1
X74U1S13PI,121.553,41.1757,2045463,68,125,0,14-3-29 22:23:6,1
X74U1S13PI,121.551,41.1751,2045465,66,125,0,14-3-29 22:23:17,1
X74U1S13PI,121.549,41.1746,2045467,66,125,0,14-3-29 22:23:28,1
X74U1S13PI,121.544,41.1739,2045471,66,125,0,14-3-29 22:23:47,1
X74U1S13PI,121.544,41.1737,2045471,66,125,0,14-3-29 22:23:50,1
X74U1S13PI,121.541,41.1733,2045473,66,125,0,14-3-29 22:24:1,1
X74U1S13PI,121.539,41.1729,2045476,64,125,0,14-3-29 22:24:12,1
X74U1S13PI,121.537,41.1724,2045478,68,125,0,14-3-29 22:24:23,1
X74U1S13PI,121.534,41.172,2045480,66,125,0,14-3-29 22:24:34,1
X74U1S13PI,121.532,41.1715,2045482,68,125,0,14-3-29 22:24:45,1
X74U1S13PI,121.529,41.1709,2045484,72,125,0,14-3-29 22:24:56,1
X74U1S13PI,121.527,41.1703,2045486,74,120,0,14-3-29 22:25:6,1
X74U1S13PI,121.522,41.1688,2045490,70,120,0,14-3-29 22:25:27,1
X74U1S13PI,121.52,41.1679,2045492,70,120,0,14-3-29 22:25:38,1
X74U1S13PI,121.518,41.167,2045495,70,120,0,14-3-29 22:25:49,1
X74U1S13PI,121.513,41.165,2045499,68,115,0,14-3-29 22:26:11,1
X74U1S13PI,121.511,41.164,2045501,68,115,0,14-3-29 22:26:22,1
X74U1S13PI,121.51,41.1633,2045502,72,120,0,14-3-29 22:27:9,1
X74U1S13PI,121.499,41.1595,2045512,70,125,0,14-3-29 22:27:20,1
X74U1S13PI,121.496,41.1589,2045515,72,125,0,14-3-29 22:27:31,1
X74U1S13PI,121.491,41.1579,2045519,70,125,0,14-3-29 22:27:52,1
X74U1S13PI,121.489,41.1575,2045521,72,125,0,14-3-29 22:28:2,1
X74U1S13PI,121.486,41.1571,2045523,70,125,0,14-3-29 22:28:12,1
X74U1S13PI,121.484,41.1566,2045525,68,125,0,14-3-29 22:28:23,1
X74U1S13PI,121.481,41.1562,2045527,68,125,0,14-3-29 22:28:34,1
X74U1S13PI,121.479,41.1556,2045529,68,125,0,14-3-29 22:28:45,1
X74U1S13PI,121.477,41.155,2045531,70,125,0,14-3-29 22:28:56,1
X74U1S13PI,121.474,41.1543,2045533,66,120,0,14-3-29 22:29:7,1
X74U1S13PI,121.472,41.1535,2045536,70,120,0,14-3-29 22:29:18,1
X74U1S13PI,121.469,41.1527,2045538,72,120,0,14-3-29 22:29:29,1
X74U1S13PI,121.467,41.1518,2045540,74,120,0,14-3-29 22:29:39,1
X74U1S13PI,121.465,41.1509,2045542,75,120,0,14-3-29 22:29:49,1
X74U1S13PI,121.463,41.1501,2045544,74,120,0,14-3-29 22:29:59,1
X74U1S13PI,121.46,41.1492,2045546,68,120,0,14-3-29 22:30:10,1
X74U1S13PI,121.458,41.1482,2045549,68,120,0,14-3-29 22:30:22,1
X74U1S13PI,121.456,41.1474,2045550,68,120,0,14-3-29 22:30:32,1
X74U1S13PI,121.454,41.1465,2045553,70,120,0,14-3-29 22:30:43,1
X74U1S13PI,121.451,41.1456,2045555,68,115,0,14-3-29 22:30:54,1
X74U1S13PI,121.449,41.1445,2045557,70,115,0,14-3-29 22:31:5,1
X74U1S13PI,121.447,41.1435,2045559,70,115,0,14-3-29 22:31:16,1
X74U1S13PI,121.445,41.1424,2045561,70,115,0,14-3-29 22:31:27,1
X74U1S13PI,121.443,41.1412,2045563,70,115,0,14-3-29 22:31:38,1
X74U1S13PI,121.441,41.14,2045565,68,115,0,14-3-29 22:31:49,1
X74U1S13PI,121.439,41.1388,2045568,68,115,0,14-3-29 22:32:0,1
X74U1S13PI,121.437,41.1377,2045570,66,115,0,14-3-29 22:32:11,1
X74U1S13PI,121.435,41.1365,2045572,68,115,0,14-3-29 22:32:22,1
X74U1S13PI,121.433,41.1353,2045574,68,115,0,14-3-29 22:32:33,1
X74U1S13PI,121.431,41.1341,2045576,68,115,0,14-3-29 22:32:44,1
X74U1S13PI,121.429,41.133,2045578,68,115,0,14-3-29 22:32:55,1
X74U1S13PI,121.427,41.1318,2045580,68,115,0,14-3-29 22:33:6,1
X74U1S13PI,121.425,41.1306,2045582,68,115,0,14-3-29 22:33:17,1
X74U1S13PI,121.423,41.1294,2045584,68,115,0,14-3-29 22:33:28,1
X74U1S13PI,121.421,41.1283,2045586,68,115,0,14-3-29 22:33:39,1
X74U1S13PI,121.419,41.1271,2045588,68,115,0,14-3-29 22:33:50,1
X74U1S13PI,121.417,41.1259,2045591,68,115,0,14-3-29 22:34:1,1
X74U1S13PI,121.415,41.1247,2045593,68,115,0,14-3-29 22:34:12,1
X74U1S13PI,121.413,41.1236,2045595,68,115,0,14-3-29 22:34:23,1
X74U1S13PI,121.411,41.1224,2045597,70,115,0,14-3-29 22:34:34,1
X74U1S13PI,121.409,41.1212,2045599,70,115,0,14-3-29 22:34:45,1
X74U1S13PI,121.407,41.12,2045601,66,115,0,14-3-29 22:34:56,1
X74U1S13PI,121.405,41.119,2045603,70,115,0,14-3-29 22:35:7,1
X74U1S13PI,121.402,41.1179,2045606,72,115,0,14-3-29 22:35:18,1
X74U1S13PI,121.4,41.117,2045608,70,120,0,14-3-29 22:35:28,1
X74U1S13PI,121.398,41.1162,2045610,70,120,0,14-3-29 22:35:39,1
X74U1S13PI,121.393,41.1146,2045614,72,120,0,14-3-29 22:36:0,1
X74U1S13PI,121.391,41.1138,2045616,68,120,0,14-3-29 22:36:11,1
X74U1S13PI,121.387,41.1121,2045620,66,120,0,14-3-29 22:36:33,1
X74U1S13PI,121.384,41.1111,2045622,64,115,0,14-3-29 22:36:44,1
X74U1S13PI,121.382,41.1101,2045625,62,115,0,14-3-29 22:36:56,1
X74U1S13PI,121.38,41.1091,2045626,66,115,0,14-3-29 22:37:7,1
X74U1S13PI,121.378,41.108,2045628,64,115,0,14-3-29 22:37:18,1
X74U1S13PI,121.376,41.1068,2045631,62,115,0,14-3-29 22:37:30,1
X74U1S13PI,121.374,41.1055,2045633,66,110,0,14-3-29 22:37:42,1
X74U1S13PI,121.372,41.1042,2045635,70,110,0,14-3-29 22:37:53,1
X74U1S13PI,121.371,41.1029,2045637,72,110,0,14-3-29 22:38:4,1
X74U1S13PI,121.369,41.1017,2045639,72,110,0,14-3-29 22:38:14,1
X74U1S13PI,121.363,41.0983,2045645,66,115,0,14-3-29 22:38:46,1
X74U1S13PI,121.361,41.0973,2045647,64,115,0,14-3-29 22:38:57,1
X74U1S13PI,121.359,41.0963,2045649,66,115,0,14-3-29 22:39:8,1
X74U1S13PI,121.357,41.0954,2045651,66,120,0,14-3-29 22:39:19,1
X74U1S13PI,121.354,41.0945,2045653,66,120,0,14-3-29 22:39:30,1
X74U1S13PI,121.352,41.0936,2045656,68,120,0,14-3-29 22:39:41,1
X74U1S13PI,121.35,41.0927,2045658,70,120,0,14-3-29 22:39:52,1
X74U1S13PI,121.348,41.0917,2045660,70,115,0,14-3-29 22:40:3,1
X74U1S13PI,121.345,41.0907,2045662,70,115,0,14-3-29 22:40:14,1
X74U1S13PI,121.343,41.0896,2045664,70,115,0,14-3-29 22:40:25,1
X74U1S13PI,121.341,41.0884,2045666,70,115,0,14-3-29 22:40:36,1
X74U1S13PI,121.339,41.0872,2045668,70,115,0,14-3-29 22:40:47,1
X74U1S13PI,121.337,41.086,2045671,68,115,0,14-3-29 22:40:58,1
X74U1S13PI,121.335,41.0848,2045673,68,115,0,14-3-29 22:41:9,1
X74U1S13PI,121.333,41.0837,2045675,70,115,0,14-3-29 22:41:20,1
X74U1S13PI,121.331,41.0825,2045677,66,115,0,14-3-29 22:41:31,1
X74U1S13PI,121.329,41.0815,2045679,66,115,0,14-3-29 22:41:42,1
X74U1S13PI,121.327,41.0805,2045681,66,115,0,14-3-29 22:41:53,1
X74U1S13PI,121.325,41.0796,2045683,66,120,0,14-3-29 22:42:4,1
X74U1S13PI,121.313,41.0754,2045694,64,120,0,14-3-29 22:43:3,1
X74U1S13PI,121.31,41.0745,2045696,64,120,0,14-3-29 22:43:15,1
X74U1S13PI,121.308,41.0737,2045698,59,120,0,14-3-29 22:43:27,1
X74U1S13PI,121.306,41.0729,2045701,55,120,0,14-3-29 22:43:40,1
X74U1S13PI,121.303,41.072,2045703,57,115,0,14-3-29 22:43:53,1
X74U1S13PI,121.301,41.0709,2045705,59,115,0,14-3-29 22:44:6,1
X74U1S13PI,121.299,41.0699,2045707,59,115,0,14-3-29 22:44:18,1
X74U1S13PI,121.297,41.0688,2045709,62,115,0,14-3-29 22:44:30,1
X74U1S13PI,121.295,41.0676,2045711,64,115,0,14-3-29 22:44:42,1
X74U1S13PI,121.293,41.0665,2045713,64,115,0,14-3-29 22:44:53,1
X74U1S13PI,121.291,41.0653,2045715,64,115,0,14-3-29 22:45:5,1
X74U1S13PI,121.289,41.0642,2045717,62,115,0,14-3-29 22:45:17,1
X74U1S13PI,121.287,41.0631,2045720,62,115,0,14-3-29 22:45:29,1
X74U1S13PI,121.285,41.0621,2045722,59,115,0,14-3-29 22:45:41,1
X74U1S13PI,121.283,41.0612,2045724,59,120,0,14-3-29 22:45:53,1
X74U1S13PI,121.281,41.0603,2045726,55,120,0,14-3-29 22:46:6,1
X74U1S13PI,121.278,41.0595,2045728,57,120,0,14-3-29 22:46:19,1
X74U1S13PI,121.276,41.0586,2045730,61,120,0,14-3-29 22:46:31,1
X74U1S13PI,121.274,41.0578,2045732,66,120,0,14-3-29 22:46:43,1
X74U1S13PI,121.272,41.0569,2045734,66,120,0,14-3-29 22:46:54,1
X74U1S13PI,121.269,41.056,2045736,66,120,0,14-3-29 22:47:5,1
X74U1S13PI,121.267,41.0551,2045738,64,115,0,14-3-29 22:47:16,1
X74U1S13PI,121.265,41.054,2045740,62,115,0,14-3-29 22:47:28,1
X74U1S13PI,121.263,41.0529,2045742,62,115,0,14-3-29 22:47:40,1
X74U1S13PI,121.261,41.0518,2045745,61,115,0,14-3-29 22:47:52,1
X74U1S13PI,121.259,41.0507,2045746,61,115,0,14-3-29 22:48:4,1
X74U1S13PI,121.257,41.0496,2045749,59,115,0,14-3-29 22:48:16,1
X74U1S13PI,121.255,41.0485,2045751,61,115,0,14-3-29 22:48:28,1
X74U1S13PI,121.253,41.0474,2045753,61,115,0,14-3-29 22:48:40,1
X74U1S13PI,121.25,41.0458,2045756,61,115,0,14-3-29 22:48:58,1
X74U1S13PI,121.249,41.0453,2045757,62,115,0,14-3-29 22:49:4,1
X74U1S13PI,121.247,41.0441,2045759,64,115,0,14-3-29 22:49:16,1
X74U1S13PI,121.245,41.0429,2045761,64,115,0,14-3-29 22:49:28,1
X74U1S13PI,121.243,41.0418,2045763,64,115,0,14-3-29 22:49:40,1
X74U1S13PI,121.241,41.0409,2045765,64,115,0,14-3-29 22:49:51,1
X74U1S13PI,121.238,41.0399,2045767,66,120,0,14-3-29 22:50:2,1
X74U1S13PI,121.236,41.039,2045769,66,120,0,14-3-29 22:50:13,1
X74U1S13PI,121.234,41.0382,2045771,66,120,0,14-3-29 22:50:24,1
X74U1S13PI,121.232,41.0375,2045773,66,120,0,14-3-29 22:50:35,1
X74U1S13PI,121.23,41.0368,2045775,64,120,0,14-3-29 22:50:46,1
X74U1S13PI,121.227,41.0361,2045778,61,120,0,14-3-29 22:50:58,1
X74U1S13PI,121.225,41.0353,2045780,55,120,0,14-3-29 22:51:11,1
X74U1S13PI,121.222,41.0346,2045782,53,120,0,14-3-29 22:51:25,1
X74U1S13PI,121.22,41.0339,2045784,55,120,0,14-3-29 22:51:39,1
X74U1S13PI,121.218,41.0332,2045786,57,120,0,14-3-29 22:51:52,1
X74U1S13PI,121.216,41.0325,2045788,61,120,0,14-3-29 22:52:4,1
X74U1S13PI,121.213,41.0318,2045790,62,120,0,14-3-29 22:52:16,1
X74U1S13PI,121.211,41.031,2045792,64,125,0,14-3-29 22:52:28,1
X74U1S13PI,121.208,41.0305,2045794,66,125,0,14-3-29 22:52:39,1
X74U1S13PI,121.206,41.0299,2045796,64,125,0,14-3-29 22:52:50,1
X74U1S13PI,121.204,41.0294,2045798,59,125,0,14-3-29 22:53:2,1
X74U1S13PI,121.201,41.029,2045801,55,125,0,14-3-29 22:53:15,1
X74U1S13PI,121.199,41.0287,2045803,53,125,0,14-3-29 22:53:28,1
X74U1S13PI,121.196,41.0283,2045805,53,125,0,14-3-29 22:53:42,1
X74U1S13PI,121.194,41.0279,2045807,53,125,0,14-3-29 22:53:56,1
X74U1S13PI,121.191,41.0274,2045809,51,125,0,14-3-29 22:54:10,1
X74U1S13PI,121.189,41.0269,2045811,50,125,0,14-3-29 22:54:24,1
X74U1S13PI,121.187,41.0263,2045813,51,125,0,14-3-29 22:54:38,1
X74U1S13PI,121.184,41.0256,2045815,53,120,0,14-3-29 22:54:52,1
X74U1S13PI,121.183,41.0253,2045816,53,120,0,14-3-29 22:54:58,1
X74U1S13PI,121.182,41.0249,2045817,55,120,0,14-3-29 22:55:6,1
X74U1S13PI,121.18,41.0241,2045819,55,120,0,14-3-29 22:55:19,1
X74U1S13PI,121.178,41.0233,2045821,59,120,0,14-3-29 22:55:32,1
X74U1S13PI,121.175,41.0223,2045823,59,115,0,14-3-29 22:55:44,1
X74U1S13PI,121.173,41.0214,2045825,61,115,0,14-3-29 22:55:56,1
X74U1S13PI,121.171,41.0203,2045827,64,115,0,14-3-29 22:56:8,1
X74U1S13PI,121.169,41.0192,2045830,66,115,0,14-3-29 22:56:19,1
X74U1S13PI,121.167,41.0181,2045832,61,115,0,14-3-29 22:56:31,1
X74U1S13PI,121.165,41.017,2045834,51,115,0,14-3-29 22:56:44,1
X74U1S13PI,121.163,41.0159,2045836,42,115,0,14-3-29 22:56:59,1
X74U1S13PI,121.161,41.0148,2045838,42,115,0,14-3-29 22:57:16,1
X74U1S13PI,121.159,41.0138,2045840,40,115,0,14-3-29 22:57:33,1
X74U1S13PI,121.157,41.0127,2045842,42,115,0,14-3-29 22:57:50,1
X74U1S13PI,121.155,41.0116,2045844,40,115,0,14-3-29 22:58:8,1
X74U1S13PI,121.153,41.0106,2045846,40,115,0,14-3-29 22:58:26,1
X74U1S13PI,121.151,41.0096,2045848,42,115,0,14-3-29 22:58:43,1
X74U1S13PI,121.149,41.0088,2045850,46,120,0,14-3-29 22:58:58,1
X74U1S13PI,121.149,41.0087,2045850,48,120,0,14-3-29 22:59:0,1
X74U1S13PI,121.146,41.0078,2045852,51,120,0,14-3-29 22:59:15,1
X74U1S13PI,121.144,41.0069,2045855,55,120,0,14-3-29 22:59:29,1
X74U1S13PI,121.142,41.0061,2045856,55,120,0,14-3-29 22:59:42,1
X74U1S13PI,121.14,41.0052,2045858,55,120,0,14-3-29 22:59:55,1
X74U1S13PI,121.138,41.0043,2045860,55,115,0,14-3-29 23:0:8,1
X74U1S13PI,121.135,41.0033,2045863,57,115,0,14-3-29 23:0:21,1
X74U1S13PI,121.133,41.0023,2045865,62,115,0,14-3-29 23:0:33,1
X74U1S13PI,121.131,41.0011,2045867,64,115,0,14-3-29 23:0:45,1
X74U1S13PI,121.129,40.9998,2045869,68,115,0,14-3-29 23:0:58,1
X74U1S13PI,121.127,40.9989,2045871,70,115,0,14-3-29 23:1:7,1
X74U1S13PI,121.125,40.9979,2045873,74,115,0,14-3-29 23:1:17,1
X74U1S13PI,121.123,40.9969,2045875,75,115,0,14-3-29 23:1:27,1
X74U1S13PI,121.121,40.9959,2045877,77,120,0,14-3-29 23:1:37,1
X74U1S13PI,121.119,40.995,2045879,70,120,0,14-3-29 23:1:47,1
X74U1S13PI,121.117,40.9941,2045881,66,120,0,14-3-29 23:1:58,1
X74U1S13PI,121.114,40.9934,2045883,66,120,0,14-3-29 23:2:9,1
X74U1S13PI,121.112,40.9926,2045886,53,120,0,14-3-29 23:2:21,1
X74U1S13PI,121.11,40.9918,2045888,42,120,0,14-3-29 23:2:36,1
X74U1S13PI,121.107,40.9907,2045890,33,115,0,14-3-29 23:2:58,1
X74U1S13PI,121.106,40.99,2045892,33,115,0,14-3-29 23:3:15,1
X74U1S13PI,121.104,40.989,2045894,35,115,0,14-3-29 23:3:36,1
X74U1S13PI,121.102,40.9879,2045896,38,115,0,14-3-29 23:3:55,1
X74U1S13PI,121.1,40.9868,2045898,44,115,0,14-3-29 23:4:12,1
X74U1S13PI,121.098,40.9857,2045900,48,110,0,14-3-29 23:4:27,1
X74U1S13PI,121.096,40.9845,2045902,51,110,0,14-3-29 23:4:42,1
X74U1S13PI,121.094,40.9831,2045904,46,115,0,14-3-29 23:4:58,1
X74U1S13PI,121.092,40.982,2045906,42,115,0,14-3-29 23:5:13,1
X74U1S13PI,121.09,40.9809,2045908,44,115,0,14-3-29 23:5:30,1
X74U1S13PI,121.088,40.9799,2045910,46,115,0,14-3-29 23:5:46,1
X74U1S13PI,121.086,40.9789,2045912,51,115,0,14-3-29 23:6:1,1
X74U1S13PI,121.084,40.978,2045914,57,120,0,14-3-29 23:6:14,1
X74U1S13PI,121.082,40.9771,2045916,62,120,0,14-3-29 23:6:26,1
X74U1S13PI,121.08,40.9763,2045918,66,120,0,14-3-29 23:6:37,1
X74U1S13PI,121.077,40.9755,2045921,70,120,0,14-3-29 23:6:48,1
X74U1S13PI,121.075,40.9746,2045923,72,120,0,14-3-29 23:6:59,1
X74U1S13PI,121.073,40.9738,2045925,72,120,0,14-3-29 23:7:9,1
X74U1S13PI,121.071,40.9728,2045927,68,120,0,14-3-29 23:7:20,1
X74U1S13PI,121.068,40.9719,2045929,62,115,0,14-3-29 23:7:31,1
X74U1S13PI,121.066,40.9709,2045931,64,115,0,14-3-29 23:7:42,1
X74U1S13PI,121.064,40.9698,2045933,66,115,0,14-3-29 23:7:53,1
X74U1S13PI,121.062,40.9687,2045935,68,115,0,14-3-29 23:8:4,1
X74U1S13PI,121.059,40.9662,2045939,74,110,0,14-3-29 23:8:25,1
X74U1S13PI,121.057,40.9649,2045941,72,110,0,14-3-29 23:8:35,1
X74U1S13PI,121.055,40.9636,2045943,72,110,0,14-3-29 23:8:45,1
X74U1S13PI,121.053,40.9619,2045946,70,110,0,14-3-29 23:8:58,1
X74U1S13PI,121.052,40.961,2045947,72,110,0,14-3-29 23:9:5,1
X74U1S13PI,121.05,40.9597,2045950,72,110,0,14-3-29 23:9:15,1
X74U1S13PI,121.049,40.9584,2045951,70,110,0,14-3-29 23:9:25,1
X74U1S13PI,121.047,40.957,2045954,70,110,0,14-3-29 23:9:36,1
X74U1S13PI,121.045,40.9555,2045956,70,110,0,14-3-29 23:9:47,1
X74U1S13PI,121.041,40.9527,2045960,72,110,0,14-3-29 23:10:9,1
X74U1S13PI,121.04,40.9513,2045962,70,110,0,14-3-29 23:10:20,1
X74U1S13PI,121.038,40.9498,2045965,70,110,0,14-3-29 23:10:31,1
X74U1S13PI,121.036,40.9484,2045967,68,110,0,14-3-29 23:10:42,1
X74U1S13PI,121.033,40.9465,2045970,66,110,0,14-3-29 23:10:58,1
X74U1S13PI,121.032,40.9458,2045971,64,110,0,14-3-29 23:11:4,1
X74U1S13PI,121.031,40.9446,2045973,64,110,0,14-3-29 23:11:15,1
X74U1S13PI,121.029,40.9435,2045975,66,115,0,14-3-29 23:11:26,1
X74U1S13PI,121.027,40.9423,2045977,66,115,0,14-3-29 23:11:37,1
X74U1S13PI,121.025,40.9412,2045979,66,115,0,14-3-29 23:11:48,1
X74U1S13PI,121.023,40.94,2045981,62,115,0,14-3-29 23:11:59,1
X74U1S13PI,121.021,40.9388,2045983,64,115,0,14-3-29 23:12:11,1
X74U1S13PI,121.019,40.9376,2045985,66,115,0,14-3-29 23:12:22,1
X74U1S13PI,121.017,40.9364,2045987,70,115,0,14-3-29 23:12:33,1
X74U1S13PI,121.015,40.9353,2045989,72,115,0,14-3-29 23:12:43,1
X74U1S13PI,121.012,40.9331,2045993,70,115,0,14-3-29 23:13:3,1
X74U1S13PI,121.01,40.9319,2045996,68,115,0,14-3-29 23:13:14,1
X74U1S13PI,121.008,40.9306,2045998,64,110,0,14-3-29 23:13:25,1
X74U1S13PI,121.006,40.9293,2046000,62,110,0,14-3-29 23:13:37,1
X74U1S13PI,121.004,40.928,2046002,64,110,0,14-3-29 23:13:49,1
X74U1S13PI,121.001,40.9252,2046006,74,110,0,14-3-29 23:14:10,1
X74U1S13PI,120.999,40.9238,2046008,72,105,0,14-3-29 23:14:20,1
X74U1S13PI,120.998,40.9223,2046010,68,105,0,14-3-29 23:14:31,1
X74U1S13PI,120.996,40.9207,2046012,68,105,0,14-3-29 23:14:42,1
X74U1S13PI,120.995,40.9192,2046015,66,105,0,14-3-29 23:14:53,1
X74U1S13PI,120.993,40.9176,2046017,66,105,0,14-3-29 23:15:4,1
X74U1S13PI,120.992,40.916,2046019,66,105,0,14-3-29 23:15:15,1
X74U1S13PI,120.991,40.9144,2046021,66,100,0,14-3-29 23:15:26,1
X74U1S13PI,120.99,40.9128,2046023,64,100,0,14-3-29 23:15:37,1
X74U1S13PI,120.989,40.9111,2046025,61,100,0,14-3-29 23:15:49,1
X74U1S13PI,120.987,40.9094,2046027,57,100,0,14-3-29 23:16:2,1
X74U1S13PI,120.986,40.9077,2046029,53,100,0,14-3-29 23:16:16,1
X74U1S13PI,120.985,40.906,2046031,55,105,0,14-3-29 23:16:30,1
X74U1S13PI,120.984,40.9044,2046033,57,105,0,14-3-29 23:16:43,1
X74U1S13PI,120.982,40.9029,2046035,59,105,0,14-3-29 23:16:56,1
X74U1S13PI,120.981,40.9014,2046038,62,105,0,14-3-29 23:17:8,1
X74U1S13PI,120.979,40.8998,2046040,64,105,0,14-3-29 23:17:20,1
X74U1S13PI,120.978,40.8984,2046042,68,110,0,14-3-29 23:17:31,1
X74U1S13PI,120.974,40.8956,2046046,68,110,0,14-3-29 23:17:53,1
X74U1S13PI,120.972,40.8943,2046048,66,110,0,14-3-29 23:18:4,1
X74U1S13PI,120.971,40.893,2046050,62,110,0,14-3-29 23:18:15,1
X74U1S13PI,120.969,40.8918,2046052,61,110,0,14-3-29 23:18:27,1
X74U1S13PI,120.967,40.8906,2046054,59,115,0,14-3-29 23:18:39,1
X74U1S13PI,120.964,40.8889,2046057,61,115,0,14-3-29 23:18:58,1
X74U1S13PI,120.963,40.8884,2046058,62,115,0,14-3-29 23:19:3,1
X74U1S13PI,120.961,40.8872,2046061,64,115,0,14-3-29 23:19:15,1
X74U1S13PI,120.959,40.886,2046063,66,115,0,14-3-29 23:19:26,1
X74U1S13PI,120.957,40.8849,2046065,68,110,0,14-3-29 23:19:37,1
X74U1S13PI,120.955,40.8837,2046067,64,110,0,14-3-29 23:19:48,1
X74U1S13PI,120.953,40.8824,2046069,59,110,0,14-3-29 23:20:0,1
X74U1S13PI,120.952,40.8811,2046071,53,110,0,14-3-29 23:20:13,1
X74U1S13PI,120.95,40.8798,2046073,57,110,0,14-3-29 23:20:26,1
X74U1S13PI,120.948,40.8783,2046075,57,110,0,14-3-29 23:20:39,1
X74U1S13PI,120.946,40.8761,2046078,66,110,0,14-3-29 23:20:58,1
X74U1S13PI,120.944,40.8743,2046081,66,110,0,14-3-29 23:21:13,1
X74U1S13PI,120.942,40.873,2046083,64,110,0,14-3-29 23:21:24,1
X74U1S13PI,120.94,40.8717,2046085,62,110,0,14-3-29 23:21:36,1
X74U1S13PI,120.938,40.8704,2046087,61,110,0,14-3-29 23:21:48,1
X74U1S13PI,120.936,40.8693,2046089,59,115,0,14-3-29 23:22:0,1
X74U1S13PI,120.934,40.8682,2046091,59,115,0,14-3-29 23:22:12,1
X74U1S13PI,120.932,40.8672,2046093,62,115,0,14-3-29 23:22:24,1
X74U1S13PI,120.93,40.8661,2046096,61,115,0,14-3-29 23:22:36,1
X74U1S13PI,120.928,40.865,2046098,61,115,0,14-3-29 23:22:48,1
X74U1S13PI,120.926,40.864,2046100,62,115,0,14-3-29 23:23:0,1
X74U1S13PI,120.924,40.8629,2046102,62,115,0,14-3-29 23:23:12,1
X74U1S13PI,120.922,40.8618,2046104,55,115,0,14-3-29 23:23:24,1
X74U1S13PI,120.92,40.8607,2046106,12,115,0,14-3-29 23:23:51,1
X74U1S13PI,120.918,40.8595,2046108,12,110,0,14-3-29 23:24:37,1
X74U1S13PI,120.918,40.8592,2046108,0,0,0,14-3-29 23:24:58,1
X74U1S13PI,120.918,40.8592,2046108,5,110,0,14-3-29 23:26:58,1
X74U1S13PI,120.917,40.858,2046110,18,110,0,14-3-29 23:27:38,1
X74U1S13PI,120.915,40.8567,2046112,33,110,0,14-3-29 23:28:5,1
X74U1S13PI,120.913,40.8553,2046114,37,110,0,14-3-29 23:28:26,1
X74U1S13PI,120.912,40.8539,2046116,38,110,0,14-3-29 23:28:45,1
X74U1S13PI,120.911,40.853,2046118,38,110,0,14-3-29 23:28:58,1
X74U1S13PI,120.91,40.8525,2046118,38,110,0,14-3-29 23:29:4,1
X74U1S13PI,120.909,40.8512,2046120,40,110,0,14-3-29 23:29:22,1
X74U1S13PI,120.907,40.8498,2046122,38,110,0,14-3-29 23:29:40,1
X74U1S13PI,120.905,40.8485,2046124,37,110,0,14-3-29 23:29:59,1
X74U1S13PI,120.904,40.8471,2046126,40,110,0,14-3-29 23:30:18,1
X74U1S13PI,120.902,40.8457,2046128,46,110,0,14-3-29 23:30:35,1
X74U1S13PI,120.9,40.8443,2046131,51,110,0,14-3-29 23:30:50,1
X74U1S13PI,120.899,40.8435,2046132,53,110,0,14-3-29 23:30:58,1
X74U1S13PI,120.898,40.8429,2046133,55,110,0,14-3-29 23:31:4,1
X74U1S13PI,120.897,40.8416,2046135,59,110,0,14-3-29 23:31:17,1
X74U1S13PI,120.895,40.8404,2046137,61,110,0,14-3-29 23:31:29,1
X74U1S13PI,120.893,40.8392,2046139,64,115,0,14-3-29 23:31:41,1
X74U1S13PI,120.891,40.8381,2046141,66,115,0,14-3-29 23:31:52,1
X74U1S13PI,120.889,40.837,2046143,64,115,0,14-3-29 23:32:3,1
X74U1S13PI,120.887,40.836,2046145,62,115,0,14-3-29 23:32:15,1
X74U1S13PI,120.885,40.835,2046147,62,115,0,14-3-29 23:32:27,1
X74U1S13PI,120.883,40.8341,2046149,64,120,0,14-3-29 23:32:38,1
X74U1S13PI,120.88,40.8333,2046151,68,120,0,14-3-29 23:32:49,1
X74U1S13PI,120.878,40.8325,2046153,72,120,0,14-3-29 23:32:59,1
X74U1S13PI,120.876,40.8318,2046155,72,120,0,14-3-29 23:33:9,1
X74U1S13PI,120.874,40.8311,2046158,68,120,0,14-3-29 23:33:19,1
X74U1S13PI,120.871,40.8304,2046160,66,120,0,14-3-29 23:33:30,1
X74U1S13PI,120.869,40.8297,2046162,64,120,0,14-3-29 23:33:41,1
X74U1S13PI,120.867,40.8289,2046164,64,120,0,14-3-29 23:33:52,1
X74U1S13PI,120.865,40.8282,2046166,64,120,0,14-3-29 23:34:4,1
X74U1S13PI,120.862,40.8273,2046168,62,120,0,14-3-29 23:34:16,1
X74U1S13PI,120.86,40.8264,2046170,61,120,0,14-3-29 23:34:28,1
X74U1S13PI,120.858,40.8255,2046172,51,115,0,14-3-29 23:34:41,1
X74U1S13PI,120.856,40.8244,2046174,42,115,0,14-3-29 23:34:58,1
X74U1S13PI,120.854,40.8235,2046176,37,115,0,14-3-29 23:35:14,1
X74U1S13PI,120.852,40.8225,2046178,37,115,0,14-3-29 23:35:34,1
X74U1S13PI,120.85,40.8214,2046180,40,115,0,14-3-29 23:35:53,1
X74U1S13PI,120.848,40.8203,2046182,48,115,0,14-3-29 23:36:9,1
X74U1S13PI,120.846,40.8191,2046185,55,115,0,14-3-29 23:36:23,1
X74U1S13PI,120.844,40.8178,2046187,66,110,0,14-3-29 23:36:35,1
X74U1S13PI,120.842,40.8165,2046189,74,110,0,14-3-29 23:36:46,1
X74U1S13PI,120.84,40.8149,2046191,77,110,0,14-3-29 23:36:58,1
X74U1S13PI,120.839,40.8138,2046193,77,110,0,14-3-29 23:37:6,1
X74U1S13PI,120.837,40.8123,2046195,77,110,0,14-3-29 23:37:16,1
X74U1S13PI,120.835,40.8108,2046197,75,105,0,14-3-29 23:37:26,1
X74U1S13PI,120.834,40.8093,2046200,72,105,0,14-3-29 23:37:36,1
X74U1S13PI,120.832,40.8078,2046202,68,105,0,14-3-29 23:37:47,1
X74U1S13PI,120.831,40.8062,2046204,68,105,0,14-3-29 23:37:58,1
X74U1S13PI,120.829,40.8046,2046206,70,105,0,14-3-29 23:38:9,1
X74U1S13PI,120.828,40.8031,2046208,72,105,0,14-3-29 23:38:19,1
X74U1S13PI,120.825,40.8,2046212,74,100,0,14-3-29 23:38:39,1
X74U1S13PI,120.823,40.7967,2046216,75,105,0,14-3-29 23:38:59,1
X74U1S13PI,120.822,40.7951,2046218,75,105,0,14-3-29 23:39:9,1
X74U1S13PI,120.82,40.7935,2046220,75,105,0,14-3-29 23:39:19,1
X74U1S13PI,120.819,40.792,2046223,72,105,0,14-3-29 23:39:29,1
X74U1S13PI,120.817,40.7905,2046225,66,110,0,14-3-29 23:39:40,1
X74U1S13PI,120.815,40.7891,2046227,66,110,0,14-3-29 23:39:51,1
X74U1S13PI,120.812,40.7864,2046231,64,110,0,14-3-29 23:40:13,1
X74U1S13PI,120.81,40.785,2046233,64,110,0,14-3-29 23:40:24,1
X74U1S13PI,120.809,40.7837,2046235,64,110,0,14-3-29 23:40:35,1
X74U1S13PI,120.807,40.7823,2046237,62,110,0,14-3-29 23:40:47,1
X74U1S13PI,120.805,40.7808,2046239,62,110,0,14-3-29 23:40:59,1
X74U1S13PI,120.804,40.7794,2046241,61,110,0,14-3-29 23:41:11,1
X74U1S13PI,120.802,40.778,2046243,61,110,0,14-3-29 23:41:23,1
X74U1S13PI,120.8,40.7766,2046246,62,110,0,14-3-29 23:41:35,1
X74U1S13PI,120.799,40.7752,2046248,64,110,0,14-3-29 23:41:47,1
X74U1S13PI,120.797,40.7738,2046250,66,105,0,14-3-29 23:41:58,1
X74U1S13PI,120.796,40.7723,2046252,70,105,0,14-3-29 23:42:9,1
X74U1S13PI,120.794,40.7709,2046254,72,105,0,14-3-29 23:42:19,1
X74U1S13PI,120.793,40.7693,2046256,75,105,0,14-3-29 23:42:29,1
X74U1S13PI,120.791,40.7677,2046258,77,105,0,14-3-29 23:42:39,1
X74U1S13PI,120.79,40.7661,2046260,75,105,0,14-3-29 23:42:49,1
X74U1S13PI,120.788,40.7645,2046262,72,105,0,14-3-29 23:42:59,1
X74U1S13PI,120.787,40.7629,2046264,68,105,0,14-3-29 23:43:10,1
X74U1S13PI,120.786,40.7613,2046267,70,105,0,14-3-29 23:43:21,1
X74U1S13PI,120.784,40.7596,2046269,72,105,0,14-3-29 23:43:32,1
X74U1S13PI,120.783,40.7581,2046271,72,105,0,14-3-29 23:43:42,1
X74U1S13PI,120.78,40.755,2046275,72,105,0,14-3-29 23:44:2,1
X74U1S13PI,120.778,40.7536,2046277,70,105,0,14-3-29 23:44:12,1
X74U1S13PI,120.777,40.7522,2046279,68,110,0,14-3-29 23:44:23,1
X74U1S13PI,120.775,40.7508,2046281,66,110,0,14-3-29 23:44:34,1
X74U1S13PI,120.773,40.7495,2046283,68,110,0,14-3-29 23:44:45,1
X74U1S13PI,120.771,40.748,2046286,66,110,0,14-3-29 23:44:58,1
X74U1S13PI,120.769,40.747,2046288,66,115,0,14-3-29 23:45:7,1
X74U1S13PI,120.768,40.7458,2046290,68,115,0,14-3-29 23:45:18,1
X74U1S13PI,120.766,40.7446,2046292,68,110,0,14-3-29 23:45:29,1
X74U1S13PI,120.764,40.7434,2046294,66,110,0,14-3-29 23:45:40,1
X74U1S13PI,120.762,40.7422,2046296,66,110,0,14-3-29 23:45:51,1
X74U1S13PI,120.76,40.741,2046298,66,110,0,14-3-29 23:46:2,1
X74U1S13PI,120.758,40.7398,2046300,66,110,0,14-3-29 23:46:13,1
X74U1S13PI,120.756,40.7386,2046302,66,110,0,14-3-29 23:46:24,1
X74U1S13PI,120.754,40.7373,2046304,66,110,0,14-3-29 23:46:35,1
X74U1S13PI,120.753,40.7361,2046306,66,110,0,14-3-29 23:46:46,1
X74U1S13PI,120.751,40.7348,2046308,66,115,0,14-3-29 23:46:58,1
X74U1S13PI,120.749,40.7338,2046310,66,115,0,14-3-29 23:47:8,1
X74U1S13PI,120.747,40.7326,2046312,64,110,0,14-3-29 23:47:19,1
X74U1S13PI,120.745,40.7313,2046314,64,110,0,14-3-29 23:47:30,1
X74U1S13PI,120.744,40.7301,2046316,64,110,0,14-3-29 23:47:41,1
X74U1S13PI,120.742,40.7285,2046319,62,110,0,14-3-29 23:47:54,1
X74U1S13PI,120.74,40.7271,2046321,59,105,0,14-3-29 23:48:6,1
X74U1S13PI,120.739,40.7257,2046323,53,105,0,14-3-29 23:48:19,1
X74U1S13PI,120.737,40.7242,2046325,50,105,0,14-3-29 23:48:33,1
X74U1S13PI,120.736,40.7227,2046327,48,105,0,14-3-29 23:48:48,1
X74U1S13PI,120.735,40.7216,2046328,48,105,0,14-3-29 23:48:58,1
X74U1S13PI,120.734,40.7211,2046329,50,105,0,14-3-29 23:49:3,1
X74U1S13PI,120.733,40.7195,2046331,55,100,0,14-3-29 23:49:17,1
X74U1S13PI,120.732,40.7179,2046333,61,100,0,14-3-29 23:49:30,1
X74U1S13PI,120.731,40.7162,2046335,64,100,0,14-3-29 23:49:42,1
X74U1S13PI,120.73,40.7145,2046337,68,100,0,14-3-29 23:49:53,1
X74U1S13PI,120.729,40.7128,2046339,72,100,0,14-3-29 23:50:3,1
X74U1S13PI,120.728,40.7111,2046341,74,100,0,14-3-29 23:50:13,1
X74U1S13PI,120.727,40.7093,2046343,72,95,0,14-3-29 23:50:23,1
X74U1S13PI,120.726,40.7075,2046345,74,95,0,14-3-29 23:50:33,1
X74U1S13PI,120.725,40.704,2046350,74,95,0,14-3-29 23:50:53,1
X74U1S13PI,120.724,40.7022,2046352,77,95,0,14-3-29 23:51:3,1
X74U1S13PI,120.723,40.7003,2046354,81,95,0,14-3-29 23:51:13,1
X74U1S13PI,120.723,40.6985,2046356,83,100,0,14-3-29 23:51:22,1
X74U1S13PI,120.722,40.6967,2046358,81,100,0,14-3-29 23:51:31,1
X74U1S13PI,120.721,40.6951,2046360,79,100,0,14-3-29 23:51:40,1
X74U1S13PI,120.719,40.6915,2046364,75,100,0,14-3-29 23:52:0,1
X74U1S13PI,120.717,40.6899,2046366,72,105,0,14-3-29 23:52:10,1
X74U1S13PI,120.716,40.6884,2046368,70,105,0,14-3-29 23:52:20,1
X74U1S13PI,120.715,40.6868,2046371,66,105,0,14-3-29 23:52:31,1
X74U1S13PI,120.713,40.6852,2046373,68,105,0,14-3-29 23:52:42,1
X74U1S13PI,120.712,40.6837,2046375,64,105,0,14-3-29 23:52:53,1
X74U1S13PI,120.711,40.6821,2046377,59,105,0,14-3-29 23:53:5,1
X74U1S13PI,120.709,40.6804,2046379,57,105,0,14-3-29 23:53:18,1
X74U1S13PI,120.708,40.6789,2046381,53,105,0,14-3-29 23:53:31,1
X74U1S13PI,120.707,40.6773,2046383,46,105,0,14-3-29 23:53:45,1
X74U1S13PI,120.706,40.6757,2046385,27,100,0,14-3-29 23:54:5,1
X74U1S13PI,120.704,40.6741,2046387,40,105,0,14-3-29 23:54:26,1
X74U1S13PI,120.703,40.6726,2046389,42,105,0,14-3-29 23:54:43,1
X74U1S13PI,120.702,40.671,2046391,50,105,0,14-3-29 23:54:59,1
X74U1S13PI,120.7,40.6694,2046393,51,105,0,14-3-29 23:55:13,1
X74U1S13PI,120.699,40.6678,2046395,53,105,0,14-3-29 23:55:27,1
X74U1S13PI,120.698,40.6662,2046397,51,105,0,14-3-29 23:55:41,1
X74U1S13PI,120.697,40.6646,2046400,40,105,0,14-3-29 23:55:56,1
X74U1S13PI,120.695,40.6632,2046402,27,105,0,14-3-29 23:56:19,1
X74U1S13PI,120.694,40.6616,2046404,37,105,0,14-3-29 23:56:41,1
X74U1S13PI,120.692,40.66,2046406,44,105,0,14-3-29 23:56:59,1
X74U1S13PI,120.691,40.6584,2046408,48,105,0,14-3-29 23:57:15,1
X74U1S13PI,120.69,40.6568,2046410,51,105,0,14-3-29 23:57:30,1
X74U1S13PI,120.688,40.6554,2046412,59,105,0,14-3-29 23:57:43,1
X74U1S13PI,120.687,40.6539,2046414,64,105,0,14-3-29 23:57:55,1
X74U1S13PI,120.683,40.6511,2046418,68,110,0,14-3-29 23:58:17,1
X74U1S13PI,120.682,40.6497,2046420,68,110,0,14-3-29 23:58:28,1
X74U1S13PI,120.68,40.6484,2046422,68,110,0,14-3-29 23:58:39,1
X74U1S13PI,120.678,40.6471,2046425,66,110,0,14-3-29 23:58:50,1
X74U1S13PI,120.676,40.6458,2046427,68,110,0,14-3-29 23:59:1,1
X74U1S13PI,120.674,40.6444,2046429,72,110,0,14-3-29 23:59:12,1
X74U1S13PI,120.673,40.6431,2046431,74,110,0,14-3-29 23:59:22,1
X74U1S13PI,120.671,40.6417,2046433,74,110,0,14-3-29 23:59:32,1
X74U1S13PI,120.669,40.6403,2046435,72,105,0,14-3-29 23:59:42,1
X74U1S13PI,120.668,40.6386,2046437,68,105,0,14-3-29 23:59:54,1
