07FUX7B7SI,126.534,45.7017,0,0,0,0,14-3-30 14:46:39,0
07FUX7B7SI,126.534,45.7017,0,0,0,0,14-3-30 14:47:10,0
07FUX7B7SI,126.534,45.7017,0,0,0,0,14-3-30 14:47:25,0
07FUX7B7SI,126.534,45.7017,0,0,0,0,14-3-30 14:47:56,0
07FUX7B7SI,126.534,45.7017,0,0,0,0,14-3-30 14:48:27,0
07FUX7B7SI,126.534,45.7017,0,0,0,0,14-3-30 14:48:58,0
07FUX7B7SI,126.534,45.7017,0,0,0,0,14-3-30 14:49:29,0
07FUX7B7SI,126.534,45.7017,0,0,0,0,14-3-30 14:50:0,0
07FUX7B7SI,126.534,45.7017,0,0,0,0,14-3-30 14:50:31,0
07FUX7B7SI,126.534,45.7017,0,0,0,0,14-3-30 14:51:2,0
07FUX7B7SI,126.534,45.7017,0,0,0,0,14-3-30 14:51:33,0
07FUX7B7SI,126.534,45.7017,0,0,0,0,14-3-30 14:52:4,0
07FUX7B7SI,126.534,45.7017,0,0,0,0,14-3-30 14:52:35,0
07FUX7B7SI,126.534,45.7017,0,0,0,0,14-3-30 14:53:6,0
07FUX7B7SI,126.534,45.7017,0,0,0,0,14-3-30 14:53:37,0
07FUX7B7SI,126.534,45.7017,0,0,0,0,14-3-30 14:54:8,0
07FUX7B7SI,126.534,45.7017,0,0,0,0,14-3-30 14:54:39,0
07FUX7B7SI,126.534,45.7017,0,0,0,0,14-3-30 14:55:10,0
07FUX7B7SI,126.534,45.7017,0,0,0,0,14-3-30 14:55:41,0
07FUX7B7SI,126.534,45.7017,0,0,0,0,14-3-30 14:56:12,0
07FUX7B7SI,126.534,45.7017,0,0,0,0,14-3-30 14:56:44,0
07FUX7B7SI,126.534,45.7017,0,0,0,0,14-3-30 14:57:15,0
07FUX7B7SI,126.534,45.7017,0,0,0,0,14-3-30 14:57:46,0
07FUX7B7SI,126.534,45.7017,0,0,0,0,14-3-30 14:58:17,0
07FUX7B7SI,126.534,45.7017,0,0,0,0,14-3-30 14:58:48,0
07FUX7B7SI,126.534,45.7017,0,0,0,0,14-3-30 14:59:19,0
07FUX7B7SI,126.534,45.7017,0,0,0,0,14-3-30 14:59:50,0
07FUX7B7SI,126.534,45.7017,0,0,0,0,14-3-30 15:0:21,0
07FUX7B7SI,126.534,45.7017,0,0,0,0,14-3-30 15:0:52,0
07FUX7B7SI,126.534,45.7017,0,0,0,0,14-3-30 15:1:23,0
07FUX7B7SI,126.534,45.7017,0,0,0,0,14-3-30 15:1:54,0
07FUX7B7SI,126.534,45.7017,0,0,0,0,14-3-30 15:2:25,0
07FUX7B7SI,126.534,45.7017,0,0,0,0,14-3-30 15:2:56,0
07FUX7B7SI,126.534,45.7017,0,0,0,0,14-3-30 15:3:27,0
07FUX7B7SI,126.534,45.7017,0,0,0,0,14-3-30 15:3:58,0
07FUX7B7SI,126.534,45.7017,0,0,0,0,14-3-30 15:4:30,0
07FUX7B7SI,126.534,45.7017,0,0,0,0,14-3-30 15:5:1,0
07FUX7B7SI,126.534,45.7017,0,0,0,0,14-3-30 15:5:32,0
07FUX7B7SI,126.534,45.7017,0,0,0,0,14-3-30 15:6:3,0
07FUX7B7SI,126.534,45.7017,0,0,0,0,14-3-30 15:6:34,0
07FUX7B7SI,126.534,45.7017,0,0,0,0,14-3-30 15:7:5,0
07FUX7B7SI,126.534,45.7017,0,0,0,0,14-3-30 15:7:36,0
07FUX7B7SI,126.534,45.7017,0,0,0,0,14-3-30 15:8:7,0
07FUX7B7SI,126.534,45.7017,0,0,0,0,14-3-30 15:8:38,0
07FUX7B7SI,126.534,45.7017,0,0,0,0,14-3-30 15:9:9,0
07FUX7B7SI,126.534,45.7017,0,0,0,0,14-3-30 15:9:40,0
07FUX7B7SI,126.534,45.7017,0,0,0,0,14-3-30 15:10:11,0
07FUX7B7SI,126.534,45.7017,0,0,0,0,14-3-30 15:10:42,0
07FUX7B7SI,126.534,45.7017,0,0,0,0,14-3-30 15:11:13,0
07FUX7B7SI,126.534,45.7017,0,0,0,0,14-3-30 15:11:44,0
07FUX7B7SI,126.534,45.7017,0,0,0,0,14-3-30 15:12:15,0
07FUX7B7SI,126.534,45.7017,0,0,0,0,14-3-30 15:12:46,0
07FUX7B7SI,126.534,45.7017,0,0,0,0,14-3-30 15:13:17,0
07FUX7B7SI,126.534,45.7017,0,0,0,0,14-3-30 15:13:48,0
07FUX7B7SI,126.534,45.7017,0,0,0,0,14-3-30 15:14:19,0
07FUX7B7SI,126.534,45.7017,0,0,0,0,14-3-30 15:14:50,0
07FUX7B7SI,126.534,45.7017,0,0,0,0,14-3-30 15:15:21,0
07FUX7B7SI,126.534,45.7017,0,0,0,0,14-3-30 15:15:52,0
07FUX7B7SI,126.534,45.7017,0,0,0,0,14-3-30 15:16:23,0
07FUX7B7SI,126.534,45.7017,0,0,0,0,14-3-30 15:16:54,0
07FUX7B7SI,126.534,45.7017,0,0,0,0,14-3-30 15:17:25,0
07FUX7B7SI,126.534,45.7017,0,0,0,0,14-3-30 15:17:56,0
07FUX7B7SI,126.534,45.7017,0,0,0,0,14-3-30 15:18:27,0
07FUX7B7SI,126.534,45.7017,0,0,0,0,14-3-30 15:18:58,0
07FUX7B7SI,126.534,45.7017,0,0,0,0,14-3-30 15:19:29,0
07FUX7B7SI,126.534,45.7017,0,0,0,0,14-3-30 15:20:0,0
07FUX7B7SI,126.534,45.7017,0,0,0,0,14-3-30 15:20:31,0
07FUX7B7SI,126.534,45.7017,0,0,0,0,14-3-30 15:21:2,0
07FUX7B7SI,126.534,45.7017,0,0,0,0,14-3-30 15:21:33,0
07FUX7B7SI,126.534,45.7017,0,0,0,0,14-3-30 15:22:4,0
07FUX7B7SI,126.534,45.7017,0,0,0,0,14-3-30 15:22:35,0
07FUX7B7SI,126.534,45.7017,0,0,0,0,14-3-30 15:23:7,0
07FUX7B7SI,126.534,45.7017,0,0,0,0,14-3-30 15:23:38,0
07FUX7B7SI,126.534,45.7017,0,0,0,0,14-3-30 15:24:9,0
07FUX7B7SI,126.534,45.7017,0,0,0,0,14-3-30 15:24:40,0
07FUX7B7SI,126.534,45.7017,0,0,0,0,14-3-30 15:25:11,0
07FUX7B7SI,126.534,45.7017,0,0,0,0,14-3-30 15:25:42,0
07FUX7B7SI,126.534,45.7017,0,0,0,0,14-3-30 15:26:13,0
07FUX7B7SI,126.534,45.7017,0,0,0,0,14-3-30 15:26:44,0
07FUX7B7SI,126.534,45.7017,0,0,0,0,14-3-30 15:27:15,0
07FUX7B7SI,126.534,45.7017,0,0,0,0,14-3-30 15:27:46,0
07FUX7B7SI,126.534,45.7017,0,0,0,0,14-3-30 15:28:17,0
07FUX7B7SI,126.534,45.7017,0,0,0,0,14-3-30 15:28:48,0
07FUX7B7SI,126.534,45.7017,0,0,0,0,14-3-30 15:29:19,0
07FUX7B7SI,126.534,45.7017,0,0,0,0,14-3-30 15:29:50,0
07FUX7B7SI,126.534,45.7017,0,0,0,0,14-3-30 15:30:21,0
07FUX7B7SI,126.534,45.7017,0,0,0,0,14-3-30 15:30:52,0
07FUX7B7SI,126.534,45.7017,0,0,0,0,14-3-30 15:31:23,0
07FUX7B7SI,126.534,45.7017,0,0,0,0,14-3-30 15:31:55,0
07FUX7B7SI,126.534,45.7017,0,0,0,0,14-3-30 15:32:27,0
07FUX7B7SI,126.534,45.7017,0,0,0,0,14-3-30 15:32:57,0
07FUX7B7SI,126.534,45.7017,0,0,0,0,14-3-30 15:33:28,0
07FUX7B7SI,126.534,45.7017,0,0,0,0,14-3-30 15:33:59,0
07FUX7B7SI,126.534,45.7017,0,0,0,0,14-3-30 15:34:30,0
07FUX7B7SI,126.534,45.7017,0,0,0,0,14-3-30 15:35:1,0
07FUX7B7SI,126.534,45.7017,0,0,0,0,14-3-30 15:35:32,0
07FUX7B7SI,126.534,45.7017,0,0,0,0,14-3-30 15:36:3,0
07FUX7B7SI,126.534,45.7017,0,0,0,0,14-3-30 15:36:34,0
07FUX7B7SI,126.534,45.7017,0,0,0,0,14-3-30 15:37:5,0
07FUX7B7SI,126.534,45.7017,0,0,0,0,14-3-30 15:37:36,0
07FUX7B7SI,126.534,45.7017,0,0,0,0,14-3-30 15:38:38,0
07FUX7B7SI,126.534,45.7017,0,0,0,0,14-3-30 15:39:9,0
07FUX7B7SI,126.534,45.7017,0,0,0,0,14-3-30 15:39:40,0
07FUX7B7SI,126.534,45.7017,0,0,0,0,14-3-30 15:40:11,0
07FUX7B7SI,126.534,45.7017,0,0,0,0,14-3-30 15:40:42,0
07FUX7B7SI,126.534,45.7017,0,0,0,0,14-3-30 15:41:13,0
07FUX7B7SI,126.534,45.7017,0,0,0,0,14-3-30 15:41:44,0
07FUX7B7SI,126.534,45.7017,0,0,0,0,14-3-30 15:42:15,0
07FUX7B7SI,126.534,45.7017,0,0,0,0,14-3-30 15:42:46,0
07FUX7B7SI,126.534,45.7017,0,0,0,0,14-3-30 15:43:17,0
07FUX7B7SI,126.534,45.7017,0,0,0,0,14-3-30 15:43:48,0
07FUX7B7SI,126.534,45.7017,0,0,0,0,14-3-30 15:44:19,0
07FUX7B7SI,126.534,45.7017,0,0,0,0,14-3-30 15:44:51,0
07FUX7B7SI,126.534,45.7017,0,0,0,0,14-3-30 15:45:22,0
07FUX7B7SI,126.534,45.7017,0,0,0,0,14-3-30 15:45:53,0
07FUX7B7SI,126.534,45.7017,0,0,0,0,14-3-30 15:46:28,0
07FUX7B7SI,126.534,45.7017,0,0,0,0,14-3-30 15:46:59,0
07FUX7B7SI,126.534,45.7017,0,0,0,0,14-3-30 15:47:30,0
07FUX7B7SI,126.534,45.7017,0,0,0,0,14-3-30 15:48:1,0
07FUX7B7SI,126.534,45.7017,0,0,0,0,14-3-30 15:48:32,0
07FUX7B7SI,126.534,45.7017,0,0,0,0,14-3-30 15:49:3,0
07FUX7B7SI,126.534,45.7017,0,0,0,0,14-3-30 15:49:34,0
07FUX7B7SI,126.534,45.7017,0,0,0,0,14-3-30 15:50:5,0
07FUX7B7SI,126.534,45.7017,0,0,0,0,14-3-30 15:50:36,0
07FUX7B7SI,126.534,45.7017,0,0,0,0,14-3-30 15:51:7,0
07FUX7B7SI,126.534,45.7017,0,0,0,0,14-3-30 15:51:38,0
07FUX7B7SI,126.534,45.7017,0,0,0,0,14-3-30 15:52:9,0
07FUX7B7SI,126.534,45.7017,0,0,0,0,14-3-30 15:52:41,0
07FUX7B7SI,126.534,45.7017,0,0,0,0,14-3-30 15:53:43,0
07FUX7B7SI,126.534,45.7017,0,0,0,0,14-3-30 15:54:13,0
07FUX7B7SI,126.534,45.7017,0,0,0,0,14-3-30 15:54:44,0
07FUX7B7SI,116.556,39.8089,0,0,0,0,14-3-30 15:55:47,1
07FUX7B7SI,116.556,39.8089,0,0,0,0,14-3-30 15:56:17,1
07FUX7B7SI,116.556,39.8089,0,0,0,0,14-3-30 15:56:48,1
07FUX7B7SI,116.556,39.8089,0,0,0,0,14-3-30 15:57:19,1
07FUX7B7SI,116.556,39.8089,0,0,0,0,14-3-30 15:57:50,0
07FUX7B7SI,116.556,39.8089,0,0,0,0,14-3-30 15:58:21,0
07FUX7B7SI,116.556,39.8089,0,0,0,0,14-3-30 15:58:53,0
07FUX7B7SI,116.556,39.8089,0,0,0,0,14-3-30 15:59:24,0
07FUX7B7SI,116.556,39.8089,0,0,0,0,14-3-30 15:59:55,0
07FUX7B7SI,116.556,39.8089,0,0,0,0,14-3-30 16:0:26,0
07FUX7B7SI,116.556,39.8089,0,0,0,0,14-3-30 16:0:58,0
07FUX7B7SI,116.556,39.8089,0,0,0,0,14-3-30 16:1:29,0
07FUX7B7SI,116.556,39.8089,0,0,0,0,14-3-30 16:2:0,0
07FUX7B7SI,116.556,39.8089,0,0,0,0,14-3-30 16:2:31,0
07FUX7B7SI,116.556,39.8089,0,0,0,0,14-3-30 16:3:2,0
07FUX7B7SI,116.556,39.8089,0,0,0,0,14-3-30 16:3:33,0
07FUX7B7SI,116.556,39.8089,0,0,0,0,14-3-30 16:4:4,0
07FUX7B7SI,116.585,39.831,0,0,0,0,14-3-30 16:4:35,1
07FUX7B7SI,116.585,39.831,0,0,0,0,14-3-30 16:5:6,1
07FUX7B7SI,116.585,39.831,0,0,0,0,14-3-30 16:5:37,1
07FUX7B7SI,116.585,39.831,0,0,0,0,14-3-30 16:6:8,1
07FUX7B7SI,116.585,39.831,0,0,0,0,14-3-30 16:6:39,1
07FUX7B7SI,116.585,39.831,0,0,0,0,14-3-30 16:7:10,0
07FUX7B7SI,116.585,39.831,0,0,0,0,14-3-30 16:7:41,0
07FUX7B7SI,116.585,39.831,0,0,0,0,14-3-30 16:8:12,0
07FUX7B7SI,116.585,39.831,0,0,0,0,14-3-30 16:8:43,0
07FUX7B7SI,116.585,39.831,0,0,0,0,14-3-30 16:9:15,0
07FUX7B7SI,116.608,39.8487,0,0,0,0,14-3-30 16:10:17,1
07FUX7B7SI,116.606,39.8465,0,0,0,0,14-3-30 16:10:48,1
07FUX7B7SI,116.606,39.8465,0,0,0,0,14-3-30 16:11:19,1
07FUX7B7SI,116.611,39.8526,0,0,0,0,14-3-30 16:11:50,1
07FUX7B7SI,116.612,39.8583,0,0,0,0,14-3-30 16:12:21,1
07FUX7B7SI,116.612,39.8583,0,0,0,0,14-3-30 16:12:52,1
07FUX7B7SI,116.612,39.8583,0,0,0,0,14-3-30 16:13:23,1
07FUX7B7SI,116.612,39.8583,0,0,0,0,14-3-30 16:13:54,1
07FUX7B7SI,116.612,39.8583,0,0,0,0,14-3-30 16:14:25,1
07FUX7B7SI,116.612,39.8583,0,0,0,0,14-3-30 16:14:56,1
07FUX7B7SI,116.612,39.8583,0,0,0,0,14-3-30 16:15:27,1
07FUX7B7SI,116.612,39.8583,0,0,0,0,14-3-30 16:15:58,1
07FUX7B7SI,116.618,39.8547,0,0,0,0,14-3-30 16:16:29,1
07FUX7B7SI,116.621,39.8606,0,0,0,0,14-3-30 16:17:0,1
07FUX7B7SI,116.621,39.8606,0,0,0,0,14-3-30 16:17:32,1
07FUX7B7SI,116.621,39.8606,0,0,0,0,14-3-30 16:18:3,1
07FUX7B7SI,116.629,39.8669,0,0,0,0,14-3-30 16:18:34,1
07FUX7B7SI,116.629,39.8669,0,0,0,0,14-3-30 16:19:5,1
07FUX7B7SI,116.629,39.8669,0,0,0,0,14-3-30 16:19:36,1
07FUX7B7SI,87.611,43.7831,0,0,0,0,14-3-30 16:21:9,0
07FUX7B7SI,87.611,43.7831,0,0,0,0,14-3-30 16:21:40,0
07FUX7B7SI,116.639,39.8765,0,0,0,0,14-3-30 16:22:42,1
07FUX7B7SI,116.639,39.8765,0,0,0,0,14-3-30 16:23:13,1
07FUX7B7SI,116.642,39.8791,0,0,0,0,14-3-30 16:23:44,1
07FUX7B7SI,116.633,39.8792,0,0,0,0,14-3-30 16:24:15,1
07FUX7B7SI,116.633,39.8792,0,0,0,0,14-3-30 16:24:46,1
07FUX7B7SI,116.638,39.8819,0,0,0,0,14-3-30 16:25:17,1
07FUX7B7SI,116.638,39.8819,0,0,0,0,14-3-30 16:25:48,1
07FUX7B7SI,116.638,39.8819,0,0,0,0,14-3-30 16:26:19,1
07FUX7B7SI,116.638,39.8862,0,0,0,0,14-3-30 16:26:50,1
07FUX7B7SI,116.638,39.8862,0,0,0,0,14-3-30 16:27:21,1
07FUX7B7SI,116.638,39.8862,0,0,0,0,14-3-30 16:27:52,1
07FUX7B7SI,116.639,39.8907,0,0,0,0,14-3-30 16:28:23,1
07FUX7B7SI,116.638,39.8937,0,0,0,0,14-3-30 16:28:54,1
07FUX7B7SI,116.638,39.8937,0,0,0,0,14-3-30 16:29:25,1
07FUX7B7SI,116.638,39.8937,0,0,0,0,14-3-30 16:29:57,1
07FUX7B7SI,116.638,39.8937,0,0,0,0,14-3-30 16:30:27,1
07FUX7B7SI,116.639,39.8935,0,0,0,0,14-3-30 16:30:58,1
07FUX7B7SI,116.639,39.8935,0,0,0,0,14-3-30 16:31:29,1
07FUX7B7SI,116.639,39.8935,0,0,0,0,14-3-30 16:32:0,1
07FUX7B7SI,116.639,39.8935,0,0,0,0,14-3-30 16:32:31,1
07FUX7B7SI,116.639,39.8935,0,0,0,0,14-3-30 16:33:2,1
07FUX7B7SI,116.639,39.8935,0,0,0,0,14-3-30 16:33:33,1
07FUX7B7SI,116.639,39.8935,0,0,0,0,14-3-30 16:34:4,1
07FUX7B7SI,116.639,39.8935,0,0,0,0,14-3-30 16:34:35,1
07FUX7B7SI,116.639,39.8935,0,0,0,0,14-3-30 16:35:6,1
07FUX7B7SI,116.639,39.8935,0,0,0,0,14-3-30 16:35:37,1
07FUX7B7SI,116.636,39.8959,0,0,0,0,14-3-30 16:36:8,1
07FUX7B7SI,116.636,39.8959,0,0,0,0,14-3-30 16:36:39,1
07FUX7B7SI,116.636,39.8959,0,0,0,0,14-3-30 16:37:10,1
07FUX7B7SI,116.636,39.8959,0,0,0,0,14-3-30 16:37:41,0
07FUX7B7SI,116.636,39.8959,0,0,0,0,14-3-30 16:38:12,0
07FUX7B7SI,116.636,39.8959,0,0,0,0,14-3-30 16:38:43,0
07FUX7B7SI,116.636,39.8959,0,0,0,0,14-3-30 16:39:14,0
07FUX7B7SI,116.636,39.8959,0,0,0,0,14-3-30 16:39:46,0
07FUX7B7SI,116.636,39.8959,0,0,0,0,14-3-30 16:40:16,0
07FUX7B7SI,116.636,39.8959,0,0,0,0,14-3-30 16:40:47,0
07FUX7B7SI,116.636,39.8959,0,0,0,0,14-3-30 16:41:18,0
07FUX7B7SI,116.636,39.8959,0,0,0,0,14-3-30 16:41:49,0
07FUX7B7SI,116.636,39.8959,0,0,0,0,14-3-30 16:42:20,0
07FUX7B7SI,116.636,39.8959,0,0,0,0,14-3-30 16:42:51,0
07FUX7B7SI,116.636,39.8959,0,0,0,0,14-3-30 16:43:22,0
07FUX7B7SI,116.633,39.9031,0,0,0,0,14-3-30 16:43:53,1
07FUX7B7SI,116.633,39.9031,0,0,0,0,14-3-30 16:44:24,1
07FUX7B7SI,116.639,39.9014,0,0,0,0,14-3-30 16:44:55,1
07FUX7B7SI,116.639,39.9014,0,0,0,0,14-3-30 16:45:28,1
07FUX7B7SI,116.639,39.9014,0,0,0,0,14-3-30 16:46:1,1
07FUX7B7SI,116.639,39.9014,0,0,0,0,14-3-30 16:46:32,1
07FUX7B7SI,116.639,39.9014,0,0,0,0,14-3-30 16:47:3,1
07FUX7B7SI,116.639,39.9014,0,0,0,0,14-3-30 16:47:34,1
07FUX7B7SI,116.639,39.9014,0,0,0,0,14-3-30 16:48:5,1
07FUX7B7SI,116.639,39.9014,0,0,0,0,14-3-30 16:48:36,1
07FUX7B7SI,116.639,39.9014,0,0,0,0,14-3-30 16:49:7,1
07FUX7B7SI,116.639,39.9014,0,0,0,0,14-3-30 16:49:38,1
07FUX7B7SI,116.639,39.9014,0,0,0,0,14-3-30 16:50:9,1
07FUX7B7SI,116.639,39.9014,0,0,0,0,14-3-30 16:50:40,1
07FUX7B7SI,116.639,39.9014,0,0,0,0,14-3-30 16:51:11,1
07FUX7B7SI,116.639,39.9014,0,0,0,0,14-3-30 16:51:42,1
07FUX7B7SI,116.639,39.9014,0,0,0,0,14-3-30 16:52:13,1
07FUX7B7SI,116.639,39.9014,0,0,0,0,14-3-30 16:52:44,1
07FUX7B7SI,116.639,39.9014,0,0,0,0,14-3-30 16:53:15,1
07FUX7B7SI,116.639,39.9014,0,0,0,0,14-3-30 16:53:46,1
07FUX7B7SI,116.639,39.9014,0,0,0,0,14-3-30 16:54:17,1
07FUX7B7SI,116.639,39.9014,0,0,0,0,14-3-30 16:54:49,1
07FUX7B7SI,116.639,39.9014,0,0,0,0,14-3-30 16:55:21,1
07FUX7B7SI,116.639,39.9014,0,0,0,0,14-3-30 16:55:51,1
07FUX7B7SI,116.639,39.9014,0,0,0,0,14-3-30 16:56:22,1
07FUX7B7SI,116.639,39.9014,0,0,0,0,14-3-30 16:56:53,1
07FUX7B7SI,116.639,39.9014,0,0,0,0,14-3-30 16:57:24,1
07FUX7B7SI,116.639,39.9014,0,0,0,0,14-3-30 16:57:55,1
07FUX7B7SI,116.639,39.9014,0,0,0,0,14-3-30 16:58:26,1
07FUX7B7SI,116.639,39.9014,0,0,0,0,14-3-30 16:58:57,1
07FUX7B7SI,116.639,39.9014,0,0,0,0,14-3-30 16:59:28,1
07FUX7B7SI,116.639,39.9014,0,0,0,0,14-3-30 16:59:59,1
07FUX7B7SI,116.639,39.9014,0,0,0,0,14-3-30 17:0:30,1
07FUX7B7SI,116.639,39.9014,0,0,0,0,14-3-30 17:1:1,1
07FUX7B7SI,116.639,39.9014,0,0,0,0,14-3-30 17:1:32,1
07FUX7B7SI,116.639,39.9014,0,0,0,0,14-3-30 17:2:3,1
07FUX7B7SI,116.639,39.9014,0,0,0,0,14-3-30 17:2:35,1
07FUX7B7SI,116.639,39.9014,0,0,0,0,14-3-30 17:3:5,1
07FUX7B7SI,116.639,39.9014,0,0,0,0,14-3-30 17:3:36,1
07FUX7B7SI,116.639,39.9014,0,0,0,0,14-3-30 17:4:7,1
07FUX7B7SI,116.639,39.9014,0,0,0,0,14-3-30 17:4:39,1
07FUX7B7SI,116.639,39.9014,0,0,0,0,14-3-30 17:5:9,1
07FUX7B7SI,116.639,39.9014,0,0,0,0,14-3-30 17:5:40,1
07FUX7B7SI,116.639,39.9014,0,0,0,0,14-3-30 17:6:11,1
07FUX7B7SI,116.639,39.9014,0,0,0,0,14-3-30 17:6:42,1
07FUX7B7SI,116.639,39.9014,0,0,0,0,14-3-30 17:7:13,1
07FUX7B7SI,116.639,39.9014,0,0,0,0,14-3-30 17:7:44,1
07FUX7B7SI,116.639,39.9014,0,0,0,0,14-3-30 17:8:15,1
07FUX7B7SI,116.639,39.9014,0,0,0,0,14-3-30 17:8:46,1
07FUX7B7SI,116.639,39.9014,0,0,0,0,14-3-30 17:9:17,1
07FUX7B7SI,116.639,39.9014,0,0,0,0,14-3-30 17:9:48,1
07FUX7B7SI,116.639,39.9014,0,0,0,0,14-3-30 17:10:19,1
07FUX7B7SI,116.639,39.9014,0,0,0,0,14-3-30 17:10:50,1
07FUX7B7SI,116.639,39.9014,0,0,0,0,14-3-30 17:11:21,1
07FUX7B7SI,116.639,39.9014,0,0,0,0,14-3-30 17:11:52,1
07FUX7B7SI,116.639,39.9014,0,0,0,0,14-3-30 17:12:24,1
07FUX7B7SI,116.639,39.9014,0,0,0,0,14-3-30 17:12:54,1
07FUX7B7SI,116.639,39.9014,0,0,0,0,14-3-30 17:13:25,1
07FUX7B7SI,116.639,39.9014,0,0,0,0,14-3-30 17:13:56,1
07FUX7B7SI,116.639,39.9014,0,0,0,0,14-3-30 17:14:27,1
07FUX7B7SI,116.639,39.9014,0,0,0,0,14-3-30 17:14:58,1
07FUX7B7SI,116.639,39.9014,0,0,0,0,14-3-30 17:15:29,1
07FUX7B7SI,116.639,39.9014,0,0,0,0,14-3-30 17:16:0,1
07FUX7B7SI,116.639,39.9014,0,0,0,0,14-3-30 17:16:31,1
07FUX7B7SI,116.639,39.9014,0,0,0,0,14-3-30 17:17:2,1
07FUX7B7SI,116.639,39.9014,0,0,0,0,14-3-30 17:17:33,1
07FUX7B7SI,116.639,39.9014,0,0,0,0,14-3-30 17:18:4,1
07FUX7B7SI,116.639,39.9014,0,0,0,0,14-3-30 17:18:35,1
07FUX7B7SI,116.639,39.9014,0,0,0,0,14-3-30 17:19:6,1
07FUX7B7SI,116.639,39.9014,0,0,0,0,14-3-30 17:19:37,1
07FUX7B7SI,116.639,39.9014,0,0,0,0,14-3-30 17:20:8,1
07FUX7B7SI,116.639,39.9014,0,0,0,0,14-3-30 17:20:39,1
07FUX7B7SI,116.639,39.9014,0,0,0,0,14-3-30 17:21:10,1
07FUX7B7SI,116.639,39.9014,0,0,0,0,14-3-30 17:21:41,1
07FUX7B7SI,116.639,39.9014,0,0,0,0,14-3-30 17:22:12,1
07FUX7B7SI,116.639,39.9014,0,0,0,0,14-3-30 17:22:43,1
07FUX7B7SI,116.639,39.9014,0,0,0,0,14-3-30 17:23:14,1
07FUX7B7SI,116.639,39.9014,0,0,0,0,14-3-30 17:23:45,1
07FUX7B7SI,116.639,39.9014,0,0,0,0,14-3-30 17:24:16,1
07FUX7B7SI,116.639,39.9014,0,0,0,0,14-3-30 17:24:47,1
07FUX7B7SI,116.639,39.9014,0,0,0,0,14-3-30 17:25:49,1
07FUX7B7SI,116.639,39.9014,0,0,0,0,14-3-30 17:26:20,1
07FUX7B7SI,116.639,39.9014,0,0,0,0,14-3-30 17:26:51,1
07FUX7B7SI,116.639,39.9014,0,0,0,0,14-3-30 17:27:22,1
07FUX7B7SI,116.639,39.9014,0,0,0,0,14-3-30 17:27:53,1
07FUX7B7SI,116.639,39.9014,0,0,0,0,14-3-30 17:28:24,1
07FUX7B7SI,116.639,39.9014,0,0,0,0,14-3-30 17:28:55,1
07FUX7B7SI,116.639,39.9014,0,0,0,0,14-3-30 17:29:27,1
07FUX7B7SI,116.639,39.9014,0,0,0,0,14-3-30 17:29:58,1
07FUX7B7SI,116.639,39.9014,0,0,0,0,14-3-30 17:30:29,1
07FUX7B7SI,116.639,39.9014,0,0,0,0,14-3-30 17:31:1,1
07FUX7B7SI,116.639,39.9014,0,0,0,0,14-3-30 17:31:32,1
07FUX7B7SI,116.639,39.9014,0,0,0,0,14-3-30 17:32:6,1
07FUX7B7SI,116.639,39.9014,0,0,0,0,14-3-30 17:32:36,1
07FUX7B7SI,116.639,39.9014,0,0,0,0,14-3-30 17:33:9,1
07FUX7B7SI,116.639,39.9014,0,0,0,0,14-3-30 17:33:40,1
07FUX7B7SI,116.639,39.9014,0,0,0,0,14-3-30 17:34:14,1
07FUX7B7SI,116.639,39.9014,0,0,0,0,14-3-30 17:34:45,1
07FUX7B7SI,116.639,39.9014,0,0,0,0,14-3-30 17:35:19,1
07FUX7B7SI,116.639,39.9014,0,0,0,0,14-3-30 17:35:50,1
07FUX7B7SI,116.639,39.9014,0,0,0,0,14-3-30 17:36:22,1
07FUX7B7SI,116.639,39.9014,0,0,0,0,14-3-30 17:36:54,1
07FUX7B7SI,116.639,39.9014,0,0,0,0,14-3-30 17:37:25,1
07FUX7B7SI,116.639,39.9014,0,0,0,0,14-3-30 17:37:56,1
07FUX7B7SI,116.639,39.9014,0,0,0,0,14-3-30 17:38:29,1
07FUX7B7SI,116.639,39.9014,0,0,0,0,14-3-30 17:39:0,1
07FUX7B7SI,116.639,39.9014,0,0,0,0,14-3-30 17:39:31,1
07FUX7B7SI,116.639,39.9014,0,0,0,0,14-3-30 17:40:3,1
07FUX7B7SI,116.639,39.9014,0,0,0,0,14-3-30 17:40:36,1
07FUX7B7SI,116.639,39.9014,0,0,0,0,14-3-30 17:41:9,1
07FUX7B7SI,116.639,39.9014,0,0,0,0,14-3-30 17:41:42,1
07FUX7B7SI,116.639,39.9014,0,0,0,0,14-3-30 17:42:14,1
07FUX7B7SI,116.639,39.9014,0,0,0,0,14-3-30 17:42:47,1
07FUX7B7SI,116.639,39.9014,0,0,0,0,14-3-30 17:43:19,1
07FUX7B7SI,116.639,39.9014,0,0,0,0,14-3-30 17:43:50,1
07FUX7B7SI,116.639,39.9014,0,0,0,0,14-3-30 17:44:21,1
07FUX7B7SI,116.639,39.9014,0,0,0,0,14-3-30 17:44:53,1
07FUX7B7SI,116.639,39.9014,0,0,0,0,14-3-30 17:45:26,1
07FUX7B7SI,116.639,39.9014,0,0,0,0,14-3-30 17:46:3,1
07FUX7B7SI,116.639,39.9014,0,0,0,0,14-3-30 17:46:34,1
07FUX7B7SI,116.639,39.9014,0,0,0,0,14-3-30 17:47:6,1
07FUX7B7SI,116.639,39.9014,0,0,0,0,14-3-30 17:47:38,1
07FUX7B7SI,116.639,39.9014,0,0,0,0,14-3-30 17:48:9,1
07FUX7B7SI,116.639,39.9014,0,0,0,0,14-3-30 17:48:41,1
07FUX7B7SI,116.639,39.9014,0,0,0,0,14-3-30 17:49:13,1
07FUX7B7SI,116.639,39.9014,0,0,0,0,14-3-30 17:49:45,1
07FUX7B7SI,116.639,39.9014,0,0,0,0,14-3-30 17:50:16,1
07FUX7B7SI,116.639,39.9014,0,0,0,0,14-3-30 17:50:48,1
07FUX7B7SI,116.639,39.9014,0,0,0,0,14-3-30 17:51:21,1
07FUX7B7SI,116.639,39.9014,0,0,0,0,14-3-30 17:51:52,1
07FUX7B7SI,116.639,39.9014,0,0,0,0,14-3-30 17:52:23,1
07FUX7B7SI,116.639,39.9014,0,0,0,0,14-3-30 17:52:55,1
07FUX7B7SI,116.639,39.9014,0,0,0,0,14-3-30 17:53:26,1
07FUX7B7SI,116.639,39.9014,0,0,0,0,14-3-30 17:53:59,1
07FUX7B7SI,116.639,39.9014,0,0,0,0,14-3-30 17:54:31,1
07FUX7B7SI,116.639,39.9014,0,0,0,0,14-3-30 17:55:4,1
07FUX7B7SI,116.639,39.9014,0,0,0,0,14-3-30 17:55:35,1
07FUX7B7SI,116.639,39.9014,0,0,0,0,14-3-30 17:56:6,1
07FUX7B7SI,116.639,39.9014,0,0,0,0,14-3-30 17:56:37,1
07FUX7B7SI,116.639,39.9014,0,0,0,0,14-3-30 17:57:8,1
07FUX7B7SI,116.639,39.9014,0,0,0,0,14-3-30 17:57:40,1
07FUX7B7SI,116.639,39.9014,0,0,0,0,14-3-30 17:58:12,1
07FUX7B7SI,116.639,39.9014,0,0,0,0,14-3-30 17:58:43,1
07FUX7B7SI,116.639,39.9014,0,0,0,0,14-3-30 17:59:14,1
07FUX7B7SI,116.639,39.9014,0,0,0,0,14-3-30 17:59:45,1
07FUX7B7SI,116.639,39.9014,0,0,0,0,14-3-30 18:0:16,1
07FUX7B7SI,116.639,39.9014,0,0,0,0,14-3-30 18:0:48,1
07FUX7B7SI,116.639,39.9014,0,0,0,0,14-3-30 18:1:18,1
07FUX7B7SI,116.639,39.9014,0,0,0,0,14-3-30 18:1:51,1
07FUX7B7SI,116.639,39.9014,0,0,0,0,14-3-30 18:2:26,1
07FUX7B7SI,116.639,39.9014,0,0,0,0,14-3-30 18:2:55,1
07FUX7B7SI,116.639,39.9014,0,0,0,0,14-3-30 18:3:27,1
07FUX7B7SI,116.639,39.9014,0,0,0,0,14-3-30 18:4:0,1
07FUX7B7SI,116.639,39.9014,0,0,0,0,14-3-30 18:4:32,1
07FUX7B7SI,116.639,39.9014,0,0,0,0,14-3-30 18:5:4,1
07FUX7B7SI,116.639,39.9014,0,0,0,0,14-3-30 18:5:37,1
07FUX7B7SI,116.639,39.9014,0,0,0,0,14-3-30 18:6:8,1
07FUX7B7SI,116.639,39.9014,0,0,0,0,14-3-30 18:6:39,1
07FUX7B7SI,116.639,39.9014,0,0,0,0,14-3-30 18:7:12,1
07FUX7B7SI,116.639,39.9014,0,0,0,0,14-3-30 18:7:42,1
07FUX7B7SI,116.639,39.9014,0,0,0,0,14-3-30 18:8:14,1
07FUX7B7SI,116.639,39.9014,0,0,0,0,14-3-30 18:8:46,1
07FUX7B7SI,116.639,39.9014,0,0,0,0,14-3-30 18:9:19,1
07FUX7B7SI,116.639,39.9014,0,0,0,0,14-3-30 18:9:48,1
07FUX7B7SI,116.639,39.9014,0,0,0,0,14-3-30 18:10:19,1
07FUX7B7SI,116.639,39.9014,0,0,0,0,14-3-30 18:10:50,1
07FUX7B7SI,116.639,39.9014,0,0,0,0,14-3-30 18:11:22,1
07FUX7B7SI,116.639,39.9014,0,0,0,0,14-3-30 18:11:54,1
07FUX7B7SI,116.639,39.9014,0,0,0,0,14-3-30 18:12:25,1
07FUX7B7SI,116.639,39.9014,0,0,0,0,14-3-30 18:12:59,1
07FUX7B7SI,116.639,39.9014,0,0,0,0,14-3-30 18:13:29,1
07FUX7B7SI,116.639,39.9014,0,0,0,0,14-3-30 18:14:2,1
07FUX7B7SI,116.639,39.9014,0,0,0,0,14-3-30 18:14:32,1
07FUX7B7SI,116.639,39.9014,0,0,0,0,14-3-30 18:15:5,1
07FUX7B7SI,116.639,39.9014,0,0,0,0,14-3-30 18:15:39,1
07FUX7B7SI,116.639,39.9014,0,0,0,0,14-3-30 18:16:9,1
07FUX7B7SI,116.639,39.9014,0,0,0,0,14-3-30 18:16:44,1
07FUX7B7SI,116.639,39.9014,0,0,0,0,14-3-30 18:17:16,1
07FUX7B7SI,116.639,39.9014,0,0,0,0,14-3-30 18:17:47,1
07FUX7B7SI,116.639,39.9014,0,0,0,0,14-3-30 18:18:18,1
07FUX7B7SI,116.639,39.9014,0,0,0,0,14-3-30 18:18:49,1
07FUX7B7SI,116.639,39.9014,0,0,0,0,14-3-30 18:19:20,1
07FUX7B7SI,116.639,39.9014,0,0,0,0,14-3-30 18:19:51,1
07FUX7B7SI,116.639,39.9014,0,0,0,0,14-3-30 18:20:22,1
07FUX7B7SI,116.639,39.9014,0,0,0,0,14-3-30 18:20:53,1
07FUX7B7SI,116.639,39.9014,0,0,0,0,14-3-30 18:21:25,1
07FUX7B7SI,116.639,39.9014,0,0,0,0,14-3-30 18:21:57,1
07FUX7B7SI,116.639,39.9014,0,0,0,0,14-3-30 18:22:29,1
07FUX7B7SI,116.639,39.9014,0,0,0,0,14-3-30 18:23:0,1
07FUX7B7SI,116.639,39.9014,0,0,0,0,14-3-30 18:23:34,1
07FUX7B7SI,116.639,39.9014,0,0,0,0,14-3-30 18:24:5,1
07FUX7B7SI,116.639,39.9014,0,0,0,0,14-3-30 18:24:37,1
07FUX7B7SI,116.639,39.9014,0,0,0,0,14-3-30 18:25:8,1
07FUX7B7SI,116.639,39.9014,0,0,0,0,14-3-30 18:25:40,1
07FUX7B7SI,116.639,39.9014,0,0,0,0,14-3-30 18:26:12,1
07FUX7B7SI,116.639,39.9014,0,0,0,0,14-3-30 18:26:44,1
07FUX7B7SI,116.639,39.9014,0,0,0,0,14-3-30 18:27:14,1
07FUX7B7SI,116.639,39.9014,0,0,0,0,14-3-30 18:27:45,1
07FUX7B7SI,116.639,39.9014,0,0,0,0,14-3-30 18:28:16,1
07FUX7B7SI,116.639,39.9014,0,0,0,0,14-3-30 18:28:49,1
07FUX7B7SI,116.639,39.9014,0,0,0,0,14-3-30 18:29:18,1
07FUX7B7SI,116.639,39.9014,0,0,0,0,14-3-30 18:29:51,1
07FUX7B7SI,116.639,39.9014,0,0,0,0,14-3-30 18:30:22,1
07FUX7B7SI,116.639,39.9014,0,0,0,0,14-3-30 18:30:54,1
07FUX7B7SI,116.639,39.9014,0,0,0,0,14-3-30 18:31:27,1
07FUX7B7SI,116.639,39.9014,0,0,0,0,14-3-30 18:31:59,1
07FUX7B7SI,116.639,39.9014,0,0,0,0,14-3-30 18:32:30,1
07FUX7B7SI,116.639,39.9014,0,0,0,0,14-3-30 18:33:3,1
07FUX7B7SI,116.639,39.9014,0,0,0,0,14-3-30 18:33:34,1
07FUX7B7SI,116.639,39.9014,0,0,0,0,14-3-30 18:34:5,1
07FUX7B7SI,116.639,39.9014,0,0,0,0,14-3-30 18:34:38,1
07FUX7B7SI,116.639,39.9014,0,0,0,0,14-3-30 18:35:9,1
07FUX7B7SI,116.639,39.9014,0,0,0,0,14-3-30 18:35:40,1
07FUX7B7SI,116.639,39.9014,0,0,0,0,14-3-30 18:36:11,1
07FUX7B7SI,116.639,39.9014,0,0,0,0,14-3-30 18:36:45,1
07FUX7B7SI,116.639,39.9014,0,0,0,0,14-3-30 18:37:17,1
07FUX7B7SI,116.639,39.9014,0,0,0,0,14-3-30 18:37:52,1
07FUX7B7SI,116.639,39.9014,0,0,0,0,14-3-30 18:38:23,1
07FUX7B7SI,116.639,39.9014,0,0,0,0,14-3-30 18:38:55,1
07FUX7B7SI,116.639,39.9014,0,0,0,0,14-3-30 18:39:27,1
07FUX7B7SI,116.639,39.9014,0,0,0,0,14-3-30 18:39:58,1
07FUX7B7SI,116.639,39.9014,0,0,0,0,14-3-30 18:40:29,1
07FUX7B7SI,116.639,39.9014,0,0,0,0,14-3-30 18:41:1,1
07FUX7B7SI,116.639,39.9014,0,0,0,0,14-3-30 18:41:34,1
07FUX7B7SI,116.639,39.9014,0,0,0,0,14-3-30 18:42:5,1
07FUX7B7SI,116.639,39.9014,0,0,0,0,14-3-30 18:42:38,1
07FUX7B7SI,116.639,39.9014,0,0,0,0,14-3-30 18:43:10,1
07FUX7B7SI,116.639,39.9014,0,0,0,0,14-3-30 18:43:38,1
07FUX7B7SI,116.639,39.9014,0,0,0,0,14-3-30 18:44:10,1
07FUX7B7SI,116.639,39.9014,0,0,0,0,14-3-30 18:44:45,1
07FUX7B7SI,116.639,39.9014,0,0,0,0,14-3-30 18:45:16,1
07FUX7B7SI,116.639,39.9014,0,0,0,0,14-3-30 18:45:47,1
07FUX7B7SI,116.639,39.9014,0,0,0,0,14-3-30 18:46:21,1
07FUX7B7SI,116.639,39.9014,0,0,0,0,14-3-30 18:46:53,1
07FUX7B7SI,116.639,39.9014,0,0,0,0,14-3-30 18:47:25,1
07FUX7B7SI,116.639,39.9014,0,0,0,0,14-3-30 18:47:58,1
07FUX7B7SI,116.639,39.9014,0,0,0,0,14-3-30 18:48:30,1
07FUX7B7SI,116.639,39.9014,0,0,0,0,14-3-30 18:49:1,1
07FUX7B7SI,116.639,39.9014,0,0,0,0,14-3-30 18:49:33,1
07FUX7B7SI,116.639,39.9014,0,0,0,0,14-3-30 18:50:5,1
07FUX7B7SI,116.639,39.9014,0,0,0,0,14-3-30 18:50:37,1
07FUX7B7SI,116.639,39.9014,0,0,0,0,14-3-30 18:51:10,1
07FUX7B7SI,116.639,39.9014,0,0,0,0,14-3-30 18:51:42,1
07FUX7B7SI,116.639,39.9014,0,0,0,0,14-3-30 18:52:14,1
07FUX7B7SI,116.639,39.9014,0,0,0,0,14-3-30 18:52:46,1
07FUX7B7SI,116.639,39.9014,0,0,0,0,14-3-30 18:53:18,1
07FUX7B7SI,116.639,39.9014,0,0,0,0,14-3-30 18:53:50,1
07FUX7B7SI,116.639,39.9014,0,0,0,0,14-3-30 18:54:22,1
07FUX7B7SI,116.639,39.9014,0,0,0,0,14-3-30 18:54:54,1
07FUX7B7SI,116.639,39.9014,0,0,0,0,14-3-30 18:55:26,1
07FUX7B7SI,116.639,39.9014,0,0,0,0,14-3-30 18:56:1,1
07FUX7B7SI,116.639,39.9014,0,0,0,0,14-3-30 18:56:32,1
07FUX7B7SI,116.639,39.9014,0,0,0,0,14-3-30 18:57:5,1
07FUX7B7SI,116.639,39.9014,0,0,0,0,14-3-30 18:57:37,1
07FUX7B7SI,116.639,39.9014,0,0,0,0,14-3-30 18:58:11,1
07FUX7B7SI,116.639,39.9014,0,0,0,0,14-3-30 18:58:42,1
07FUX7B7SI,116.639,39.9014,0,0,0,0,14-3-30 18:59:13,1
07FUX7B7SI,116.639,39.9014,0,0,0,0,14-3-30 18:59:46,1
07FUX7B7SI,116.639,39.9014,0,0,0,0,14-3-30 19:0:18,1
07FUX7B7SI,116.639,39.9014,0,0,0,0,14-3-30 19:0:50,1
07FUX7B7SI,116.639,39.9014,0,0,0,0,14-3-30 19:1:22,1
07FUX7B7SI,116.639,39.9014,0,0,0,0,14-3-30 19:1:54,1
07FUX7B7SI,116.639,39.9014,0,0,0,0,14-3-30 19:2:27,1
07FUX7B7SI,116.639,39.9014,0,0,0,0,14-3-30 19:2:58,1
07FUX7B7SI,116.639,39.9014,0,0,0,0,14-3-30 19:3:30,1
07FUX7B7SI,116.639,39.9014,0,0,0,0,14-3-30 19:4:2,1
07FUX7B7SI,116.639,39.9014,0,0,0,0,14-3-30 19:4:33,1
07FUX7B7SI,116.639,39.9014,0,0,0,0,14-3-30 19:5:5,1
07FUX7B7SI,116.639,39.9014,0,0,0,0,14-3-30 19:5:39,1
07FUX7B7SI,116.639,39.9014,0,0,0,0,14-3-30 19:6:12,1
07FUX7B7SI,116.639,39.9014,0,0,0,0,14-3-30 19:6:43,1
07FUX7B7SI,116.639,39.9014,0,0,0,0,14-3-30 19:7:14,1
07FUX7B7SI,116.639,39.9014,0,0,0,0,14-3-30 19:7:46,1
07FUX7B7SI,116.639,39.9014,0,0,0,0,14-3-30 19:8:18,1
07FUX7B7SI,116.639,39.9014,0,0,0,0,14-3-30 19:8:49,1
07FUX7B7SI,116.639,39.9014,0,0,0,0,14-3-30 19:9:22,1
07FUX7B7SI,116.639,39.9014,0,0,0,0,14-3-30 19:9:53,1
07FUX7B7SI,116.639,39.9014,0,0,0,0,14-3-30 19:10:25,1
07FUX7B7SI,116.639,39.9014,0,0,0,0,14-3-30 19:10:56,1
07FUX7B7SI,116.639,39.9014,0,0,0,0,14-3-30 19:11:27,1
07FUX7B7SI,116.639,39.9014,0,0,0,0,14-3-30 19:11:59,1
07FUX7B7SI,116.639,39.9014,0,0,0,0,14-3-30 19:12:34,1
07FUX7B7SI,116.639,39.9014,0,0,0,0,14-3-30 19:13:7,1
07FUX7B7SI,116.639,39.9014,0,0,0,0,14-3-30 19:13:38,1
07FUX7B7SI,116.639,39.9014,0,0,0,0,14-3-30 19:14:10,1
07FUX7B7SI,116.639,39.9014,0,0,0,0,14-3-30 19:14:41,1
07FUX7B7SI,116.639,39.9014,0,0,0,0,14-3-30 19:15:13,1
07FUX7B7SI,116.639,39.9014,0,0,0,0,14-3-30 19:15:43,1
07FUX7B7SI,116.639,39.9014,0,0,0,0,14-3-30 19:16:16,1
07FUX7B7SI,116.639,39.9014,0,0,0,0,14-3-30 19:16:47,1
07FUX7B7SI,116.639,39.9014,0,0,0,0,14-3-30 19:17:18,1
07FUX7B7SI,116.639,39.9014,0,0,0,0,14-3-30 19:17:49,1
07FUX7B7SI,116.639,39.9014,0,0,0,0,14-3-30 19:18:23,1
07FUX7B7SI,116.639,39.9014,0,0,0,0,14-3-30 19:18:54,1
07FUX7B7SI,116.639,39.9014,0,0,0,0,14-3-30 19:19:27,1
07FUX7B7SI,116.639,39.9014,0,0,0,0,14-3-30 19:20:2,1
07FUX7B7SI,116.639,39.9014,0,0,0,0,14-3-30 19:20:34,1
07FUX7B7SI,116.639,39.9014,0,0,0,0,14-3-30 19:21:5,1
07FUX7B7SI,116.639,39.9014,0,0,0,0,14-3-30 19:21:36,1
07FUX7B7SI,116.639,39.9014,0,0,0,0,14-3-30 19:22:7,1
07FUX7B7SI,116.639,39.9014,0,0,0,0,14-3-30 19:22:38,1
07FUX7B7SI,116.639,39.9014,0,0,0,0,14-3-30 19:23:9,1
07FUX7B7SI,116.639,39.9014,0,0,0,0,14-3-30 19:23:40,1
07FUX7B7SI,116.639,39.9014,0,0,0,0,14-3-30 19:24:11,1
07FUX7B7SI,116.639,39.9014,0,0,0,0,14-3-30 19:24:42,1
07FUX7B7SI,116.639,39.9014,0,0,0,0,14-3-30 19:25:13,1
07FUX7B7SI,116.639,39.9014,0,0,0,0,14-3-30 19:25:45,1
07FUX7B7SI,116.639,39.9014,0,0,0,0,14-3-30 19:26:18,1
07FUX7B7SI,116.639,39.9014,0,0,0,0,14-3-30 19:26:53,1
07FUX7B7SI,116.639,39.9014,0,0,0,0,14-3-30 19:27:24,1
07FUX7B7SI,116.639,39.9014,0,0,0,0,14-3-30 19:27:56,1
07FUX7B7SI,116.639,39.9014,0,0,0,0,14-3-30 19:28:27,1
07FUX7B7SI,116.639,39.9014,0,0,0,0,14-3-30 19:28:58,1
07FUX7B7SI,116.639,39.9014,0,0,0,0,14-3-30 19:29:30,1
07FUX7B7SI,116.639,39.9014,0,0,0,0,14-3-30 19:30:3,1
07FUX7B7SI,116.639,39.9014,0,0,0,0,14-3-30 19:30:34,1
07FUX7B7SI,116.639,39.9014,0,0,0,0,14-3-30 19:31:5,1
07FUX7B7SI,116.639,39.9014,0,0,0,0,14-3-30 19:31:36,1
07FUX7B7SI,116.639,39.9014,0,0,0,0,14-3-30 19:32:7,1
07FUX7B7SI,116.639,39.9014,0,0,0,0,14-3-30 19:32:39,1
07FUX7B7SI,116.639,39.9014,0,0,0,0,14-3-30 19:33:10,1
07FUX7B7SI,116.639,39.9014,0,0,0,0,14-3-30 19:33:42,1
07FUX7B7SI,116.639,39.9014,0,0,0,0,14-3-30 19:34:14,1
07FUX7B7SI,116.639,39.9014,0,0,0,0,14-3-30 19:34:45,1
07FUX7B7SI,116.639,39.9014,0,0,0,0,14-3-30 19:35:16,1
07FUX7B7SI,116.639,39.9014,0,0,0,0,14-3-30 19:35:48,1
07FUX7B7SI,116.639,39.9014,0,0,0,0,14-3-30 19:36:20,1
07FUX7B7SI,116.639,39.9014,0,0,0,0,14-3-30 19:36:52,1
07FUX7B7SI,116.639,39.9014,0,0,0,0,14-3-30 19:37:24,1
07FUX7B7SI,116.639,39.9014,0,0,0,0,14-3-30 19:37:55,1
07FUX7B7SI,116.639,39.9014,0,0,0,0,14-3-30 19:38:26,1
07FUX7B7SI,116.639,39.9014,0,0,0,0,14-3-30 19:38:59,1
07FUX7B7SI,116.639,39.9014,0,0,0,0,14-3-30 19:39:31,1
07FUX7B7SI,116.639,39.9014,0,0,0,0,14-3-30 19:40:4,1
07FUX7B7SI,116.639,39.9014,0,0,0,0,14-3-30 19:40:35,1
07FUX7B7SI,116.639,39.9014,0,0,0,0,14-3-30 19:41:7,1
07FUX7B7SI,116.639,39.9014,0,0,0,0,14-3-30 19:41:40,1
07FUX7B7SI,116.639,39.9014,0,0,0,0,14-3-30 19:42:12,1
07FUX7B7SI,116.639,39.9014,0,0,0,0,14-3-30 19:42:45,1
07FUX7B7SI,116.639,39.9014,0,0,0,0,14-3-30 19:43:18,1
07FUX7B7SI,116.639,39.9014,0,0,0,0,14-3-30 19:43:50,1
07FUX7B7SI,116.639,39.9014,0,0,0,0,14-3-30 19:44:21,1
07FUX7B7SI,116.639,39.9014,0,0,0,0,14-3-30 19:44:53,1
07FUX7B7SI,116.639,39.9014,0,0,0,0,14-3-30 19:45:24,1
07FUX7B7SI,116.639,39.9014,0,0,0,0,14-3-30 19:45:55,1
07FUX7B7SI,116.639,39.9014,0,0,0,0,14-3-30 19:46:29,1
07FUX7B7SI,116.639,39.9014,0,0,0,0,14-3-30 19:47:2,1
07FUX7B7SI,116.639,39.9014,0,0,0,0,14-3-30 19:47:37,1
07FUX7B7SI,116.639,39.9014,0,0,0,0,14-3-30 19:48:41,1
07FUX7B7SI,116.639,39.9014,0,0,0,0,14-3-30 19:49:12,1
07FUX7B7SI,116.639,39.9014,0,0,0,0,14-3-30 19:49:45,1
07FUX7B7SI,116.639,39.9014,0,0,0,0,14-3-30 19:50:17,1
07FUX7B7SI,116.639,39.9014,0,0,0,0,14-3-30 19:50:49,1
07FUX7B7SI,116.639,39.9014,0,0,0,0,14-3-30 19:51:21,1
07FUX7B7SI,116.639,39.9014,0,0,0,0,14-3-30 19:51:52,1
07FUX7B7SI,116.639,39.9014,0,0,0,0,14-3-30 19:52:26,1
07FUX7B7SI,116.639,39.9014,0,0,0,0,14-3-30 19:52:59,1
07FUX7B7SI,116.639,39.9014,0,0,0,0,14-3-30 19:53:31,1
07FUX7B7SI,116.639,39.9014,0,0,0,0,14-3-30 19:54:2,1
07FUX7B7SI,116.639,39.9014,0,0,0,0,14-3-30 19:54:36,1
07FUX7B7SI,116.639,39.9014,0,0,0,0,14-3-30 19:55:8,1
07FUX7B7SI,116.639,39.9014,0,0,0,0,14-3-30 19:55:39,1
07FUX7B7SI,116.639,39.9014,0,0,0,0,14-3-30 19:56:10,1
07FUX7B7SI,116.639,39.9014,0,0,0,0,14-3-30 19:56:41,1
07FUX7B7SI,116.639,39.9014,0,0,0,0,14-3-30 19:57:13,1
07FUX7B7SI,116.639,39.9014,0,0,0,0,14-3-30 19:57:45,1
07FUX7B7SI,116.639,39.9014,0,0,0,0,14-3-30 19:58:17,1
07FUX7B7SI,116.639,39.9014,0,0,0,0,14-3-30 19:58:48,1
07FUX7B7SI,116.639,39.9014,0,0,0,0,14-3-30 19:59:19,1
07FUX7B7SI,116.639,39.9014,0,0,0,0,14-3-30 19:59:51,1
07FUX7B7SI,116.639,39.9014,0,0,0,0,14-3-30 20:0:24,1
07FUX7B7SI,116.639,39.9014,0,0,0,0,14-3-30 20:0:55,1
07FUX7B7SI,116.639,39.9014,0,0,0,0,14-3-30 20:1:27,1
07FUX7B7SI,116.639,39.9014,0,0,0,0,14-3-30 20:1:58,1
07FUX7B7SI,116.639,39.9014,0,0,0,0,14-3-30 20:2:31,1
07FUX7B7SI,116.639,39.9014,0,0,0,0,14-3-30 20:3:1,1
07FUX7B7SI,116.639,39.9014,0,0,0,0,14-3-30 20:3:32,1
07FUX7B7SI,116.639,39.9014,0,0,0,0,14-3-30 20:4:4,1
07FUX7B7SI,116.639,39.9014,0,0,0,0,14-3-30 20:4:37,1
07FUX7B7SI,116.639,39.9014,0,0,0,0,14-3-30 20:5:8,1
07FUX7B7SI,116.639,39.9014,0,0,0,0,14-3-30 20:5:39,1
07FUX7B7SI,116.639,39.9014,0,0,0,0,14-3-30 20:6:10,1
07FUX7B7SI,116.639,39.9014,0,0,0,0,14-3-30 20:6:43,1
07FUX7B7SI,116.639,39.9014,0,0,0,0,14-3-30 20:7:16,1
07FUX7B7SI,116.639,39.9014,0,0,0,0,14-3-30 20:7:49,1
07FUX7B7SI,116.639,39.9014,0,0,0,0,14-3-30 20:8:21,1
07FUX7B7SI,116.639,39.9014,0,0,0,0,14-3-30 20:8:53,1
07FUX7B7SI,116.639,39.9014,0,0,0,0,14-3-30 20:9:25,1
07FUX7B7SI,116.639,39.9014,0,0,0,0,14-3-30 20:9:58,1
07FUX7B7SI,116.639,39.9014,0,0,0,0,14-3-30 20:10:29,1
07FUX7B7SI,116.639,39.9014,0,0,0,0,14-3-30 20:11:1,1
07FUX7B7SI,116.639,39.9014,0,0,0,0,14-3-30 20:11:34,1
07FUX7B7SI,116.639,39.9014,0,0,0,0,14-3-30 20:12:5,1
07FUX7B7SI,116.639,39.9014,0,0,0,0,14-3-30 20:12:36,1
07FUX7B7SI,116.639,39.9014,0,0,0,0,14-3-30 20:13:8,1
07FUX7B7SI,116.639,39.9014,0,0,0,0,14-3-30 20:13:39,1
07FUX7B7SI,116.639,39.9014,0,0,0,0,14-3-30 20:14:12,1
07FUX7B7SI,116.639,39.9014,0,0,0,0,14-3-30 20:14:45,1
07FUX7B7SI,116.639,39.9014,0,0,0,0,14-3-30 20:15:20,1
07FUX7B7SI,116.639,39.9014,0,0,0,0,14-3-30 20:15:53,1
07FUX7B7SI,116.639,39.9014,0,0,0,0,14-3-30 20:16:24,1
07FUX7B7SI,116.639,39.9014,0,0,0,0,14-3-30 20:16:55,1
07FUX7B7SI,116.639,39.9014,0,0,0,0,14-3-30 20:17:26,1
07FUX7B7SI,116.639,39.9014,0,0,0,0,14-3-30 20:17:58,1
07FUX7B7SI,116.639,39.9014,0,0,0,0,14-3-30 20:18:31,1
07FUX7B7SI,116.639,39.9014,0,0,0,0,14-3-30 20:19:2,1
07FUX7B7SI,116.639,39.9014,0,0,0,0,14-3-30 20:19:33,1
07FUX7B7SI,116.639,39.9014,0,0,0,0,14-3-30 20:20:6,1
07FUX7B7SI,116.639,39.9014,0,0,0,0,14-3-30 20:20:37,1
07FUX7B7SI,116.639,39.9014,0,0,0,0,14-3-30 20:21:11,1
07FUX7B7SI,116.639,39.9014,0,0,0,0,14-3-30 20:21:45,1
07FUX7B7SI,116.639,39.9014,0,0,0,0,14-3-30 20:22:16,1
07FUX7B7SI,116.639,39.9014,0,0,0,0,14-3-30 20:22:47,1
07FUX7B7SI,116.639,39.9014,0,0,0,0,14-3-30 20:23:19,1
07FUX7B7SI,116.639,39.9014,0,0,0,0,14-3-30 20:23:50,1
07FUX7B7SI,116.639,39.9014,0,0,0,0,14-3-30 20:24:21,1
07FUX7B7SI,116.639,39.9014,0,0,0,0,14-3-30 20:24:52,1
07FUX7B7SI,116.639,39.9014,0,0,0,0,14-3-30 20:25:24,1
07FUX7B7SI,116.639,39.9014,0,0,0,0,14-3-30 20:25:55,1
07FUX7B7SI,116.639,39.9014,0,0,0,0,14-3-30 20:26:27,1
07FUX7B7SI,116.639,39.9014,0,0,0,0,14-3-30 20:27:0,1
07FUX7B7SI,116.639,39.9014,0,0,0,0,14-3-30 20:27:32,1
07FUX7B7SI,116.639,39.9014,0,0,0,0,14-3-30 20:28:3,1
07FUX7B7SI,116.639,39.9014,0,0,0,0,14-3-30 20:28:35,1
07FUX7B7SI,116.639,39.9014,0,0,0,0,14-3-30 20:29:7,1
07FUX7B7SI,116.639,39.9014,0,0,0,0,14-3-30 20:29:38,1
07FUX7B7SI,116.639,39.9014,0,0,0,0,14-3-30 20:30:9,1
07FUX7B7SI,116.639,39.9014,0,0,0,0,14-3-30 20:30:41,1
07FUX7B7SI,116.639,39.9014,0,0,0,0,14-3-30 20:31:14,1
07FUX7B7SI,116.639,39.9014,0,0,0,0,14-3-30 20:31:45,1
07FUX7B7SI,116.639,39.9014,0,0,0,0,14-3-30 20:32:16,1
07FUX7B7SI,116.639,39.9014,0,0,0,0,14-3-30 20:32:50,1
07FUX7B7SI,116.639,39.9014,0,0,0,0,14-3-30 20:33:21,1
07FUX7B7SI,116.639,39.9014,0,0,0,0,14-3-30 20:33:53,1
07FUX7B7SI,116.639,39.9014,0,0,0,0,14-3-30 20:34:24,1
07FUX7B7SI,116.639,39.9014,0,0,0,0,14-3-30 20:34:57,1
07FUX7B7SI,116.639,39.9014,0,0,0,0,14-3-30 20:35:28,1
07FUX7B7SI,116.639,39.9014,0,0,0,0,14-3-30 20:36:3,1
07FUX7B7SI,116.639,39.9014,0,0,0,0,14-3-30 20:36:36,1
07FUX7B7SI,116.639,39.9014,0,0,0,0,14-3-30 20:37:8,1
07FUX7B7SI,116.639,39.9014,0,0,0,0,14-3-30 20:37:39,1
07FUX7B7SI,116.639,39.9014,0,0,0,0,14-3-30 20:38:12,1
07FUX7B7SI,116.639,39.9014,0,0,0,0,14-3-30 20:38:43,1
07FUX7B7SI,116.639,39.9014,0,0,0,0,14-3-30 20:39:14,1
07FUX7B7SI,116.639,39.9014,0,0,0,0,14-3-30 20:39:45,1
07FUX7B7SI,116.639,39.9014,0,0,0,0,14-3-30 20:40:16,1
07FUX7B7SI,116.639,39.9014,0,0,0,0,14-3-30 20:40:48,1
07FUX7B7SI,116.639,39.9014,0,0,0,0,14-3-30 20:41:21,1
07FUX7B7SI,116.639,39.9014,0,0,0,0,14-3-30 20:41:52,1
07FUX7B7SI,116.639,39.9014,0,0,0,0,14-3-30 20:42:24,1
07FUX7B7SI,116.639,39.9014,0,0,0,0,14-3-30 20:42:57,1
07FUX7B7SI,116.639,39.9014,0,0,0,0,14-3-30 20:43:29,1
07FUX7B7SI,116.639,39.9014,0,0,0,0,14-3-30 20:44:1,1
07FUX7B7SI,116.639,39.9014,0,0,0,0,14-3-30 20:44:32,1
07FUX7B7SI,116.639,39.9014,0,0,0,0,14-3-30 20:45:3,1
07FUX7B7SI,116.639,39.9014,0,0,0,0,14-3-30 20:45:34,1
07FUX7B7SI,116.639,39.9014,0,0,0,0,14-3-30 20:46:10,1
07FUX7B7SI,116.639,39.9014,0,0,0,0,14-3-30 20:46:41,1
07FUX7B7SI,116.639,39.9014,0,0,0,0,14-3-30 20:47:12,1
07FUX7B7SI,116.639,39.9014,0,0,0,0,14-3-30 20:47:44,1
07FUX7B7SI,116.639,39.9014,0,0,0,0,14-3-30 20:48:17,1
07FUX7B7SI,116.639,39.9014,0,0,0,0,14-3-30 20:48:50,1
07FUX7B7SI,116.639,39.9014,0,0,0,0,14-3-30 20:49:25,1
07FUX7B7SI,116.639,39.9014,0,0,0,0,14-3-30 20:49:57,1
07FUX7B7SI,116.639,39.9014,0,0,0,0,14-3-30 20:50:30,1
07FUX7B7SI,116.639,39.9014,0,0,0,0,14-3-30 20:51:1,1
07FUX7B7SI,116.639,39.9014,0,0,0,0,14-3-30 20:51:33,1
07FUX7B7SI,116.639,39.9014,0,0,0,0,14-3-30 20:52:5,1
07FUX7B7SI,116.639,39.9014,0,0,0,0,14-3-30 20:52:37,1
07FUX7B7SI,116.639,39.9014,0,0,0,0,14-3-30 20:53:8,1
07FUX7B7SI,116.639,39.9014,0,0,0,0,14-3-30 20:53:39,1
07FUX7B7SI,116.639,39.9014,0,0,0,0,14-3-30 20:54:10,1
07FUX7B7SI,116.639,39.9014,0,0,0,0,14-3-30 20:54:42,1
07FUX7B7SI,116.639,39.9014,0,0,0,0,14-3-30 20:55:14,1
07FUX7B7SI,116.639,39.9014,0,0,0,0,14-3-30 20:55:47,1
07FUX7B7SI,116.639,39.9014,0,0,0,0,14-3-30 20:56:20,1
07FUX7B7SI,116.639,39.9014,0,0,0,0,14-3-30 20:56:52,1
07FUX7B7SI,116.639,39.9014,0,0,0,0,14-3-30 20:57:27,1
07FUX7B7SI,116.639,39.9014,0,0,0,0,14-3-30 20:57:58,1
07FUX7B7SI,116.639,39.9014,0,0,0,0,14-3-30 20:58:30,1
07FUX7B7SI,116.639,39.9014,0,0,0,0,14-3-30 20:59:2,1
07FUX7B7SI,116.639,39.9014,0,0,0,0,14-3-30 20:59:34,1
07FUX7B7SI,116.639,39.9014,0,0,0,0,14-3-30 21:0:6,1
07FUX7B7SI,116.639,39.9014,0,0,0,0,14-3-30 21:0:37,1
07FUX7B7SI,116.639,39.9014,0,0,0,0,14-3-30 21:1:8,1
07FUX7B7SI,116.639,39.9014,0,0,0,0,14-3-30 21:1:39,1
07FUX7B7SI,116.639,39.9014,0,0,0,0,14-3-30 21:2:12,1
07FUX7B7SI,116.639,39.9014,0,0,0,0,14-3-30 21:2:43,1
07FUX7B7SI,116.639,39.9014,0,0,0,0,14-3-30 21:3:49,1
07FUX7B7SI,116.639,39.9014,0,0,0,0,14-3-30 21:4:20,1
07FUX7B7SI,116.639,39.9014,0,0,0,0,14-3-30 21:4:51,1
07FUX7B7SI,116.639,39.9014,0,0,0,0,14-3-30 21:5:23,1
07FUX7B7SI,116.639,39.9014,0,0,0,0,14-3-30 21:5:55,1
07FUX7B7SI,116.639,39.9014,0,0,0,0,14-3-30 21:6:27,1
07FUX7B7SI,116.639,39.9014,0,0,0,0,14-3-30 21:7:32,1
07FUX7B7SI,116.639,39.9014,0,0,0,0,14-3-30 21:8:4,1
07FUX7B7SI,116.639,39.9014,0,0,0,0,14-3-30 21:8:35,1
07FUX7B7SI,116.639,39.9014,0,0,0,0,14-3-30 21:9:6,1
07FUX7B7SI,116.639,39.9014,0,0,0,0,14-3-30 21:9:40,1
07FUX7B7SI,116.639,39.9014,0,0,0,0,14-3-30 21:10:13,1
07FUX7B7SI,116.639,39.9014,0,0,0,0,14-3-30 21:10:45,1
07FUX7B7SI,116.639,39.9014,0,0,0,0,14-3-30 21:11:19,1
07FUX7B7SI,116.639,39.9014,0,0,0,0,14-3-30 21:11:51,1
07FUX7B7SI,116.639,39.9014,0,0,0,0,14-3-30 21:12:22,1
07FUX7B7SI,116.639,39.9014,0,0,0,0,14-3-30 21:12:54,1
07FUX7B7SI,116.639,39.9014,0,0,0,0,14-3-30 21:13:25,1
07FUX7B7SI,116.639,39.9014,0,0,0,0,14-3-30 21:13:58,1
07FUX7B7SI,116.639,39.9014,0,0,0,0,14-3-30 21:14:29,1
07FUX7B7SI,116.639,39.9014,0,0,0,0,14-3-30 21:15:0,1
07FUX7B7SI,116.639,39.9014,0,0,0,0,14-3-30 21:15:32,1
07FUX7B7SI,116.639,39.9014,0,0,0,0,14-3-30 21:16:3,1
07FUX7B7SI,116.639,39.9014,0,0,0,0,14-3-30 21:16:36,1
07FUX7B7SI,116.639,39.9014,0,0,0,0,14-3-30 21:17:9,1
07FUX7B7SI,116.639,39.9014,0,0,0,0,14-3-30 21:17:44,1
07FUX7B7SI,116.639,39.9014,0,0,0,0,14-3-30 21:18:18,1
07FUX7B7SI,116.639,39.9014,0,0,0,0,14-3-30 21:18:49,1
07FUX7B7SI,116.639,39.9014,0,0,0,0,14-3-30 21:19:21,1
07FUX7B7SI,116.639,39.9014,0,0,0,0,14-3-30 21:19:54,1
07FUX7B7SI,116.639,39.9014,0,0,0,0,14-3-30 21:20:25,1
07FUX7B7SI,116.639,39.9014,0,0,0,0,14-3-30 21:20:58,1
07FUX7B7SI,116.639,39.9014,0,0,0,0,14-3-30 21:21:31,1
07FUX7B7SI,116.639,39.9014,0,0,0,0,14-3-30 21:22:2,1
07FUX7B7SI,116.639,39.9014,0,0,0,0,14-3-30 21:22:34,1
07FUX7B7SI,116.639,39.9014,0,0,0,0,14-3-30 21:23:7,1
07FUX7B7SI,116.639,39.9014,0,0,0,0,14-3-30 21:23:39,1
07FUX7B7SI,116.639,39.9014,0,0,0,0,14-3-30 21:24:13,1
07FUX7B7SI,116.639,39.9014,0,0,0,0,14-3-30 21:24:46,1
07FUX7B7SI,116.639,39.9014,0,0,0,0,14-3-30 21:25:20,1
07FUX7B7SI,116.639,39.9014,0,0,0,0,14-3-30 21:25:51,1
07FUX7B7SI,116.639,39.9014,0,0,0,0,14-3-30 21:26:23,1
07FUX7B7SI,116.639,39.9014,0,0,0,0,14-3-30 21:26:54,1
07FUX7B7SI,116.639,39.9014,0,0,0,0,14-3-30 21:27:27,1
07FUX7B7SI,116.639,39.9014,0,0,0,0,14-3-30 21:27:59,1
07FUX7B7SI,116.639,39.9014,0,0,0,0,14-3-30 21:28:32,1
07FUX7B7SI,116.639,39.9014,0,0,0,0,14-3-30 21:29:3,1
07FUX7B7SI,116.639,39.9014,0,0,0,0,14-3-30 21:29:34,1
07FUX7B7SI,116.639,39.9014,0,0,0,0,14-3-30 21:30:5,1
07FUX7B7SI,116.639,39.9014,0,0,0,0,14-3-30 21:30:37,1
07FUX7B7SI,116.639,39.9014,0,0,0,0,14-3-30 21:31:11,1
07FUX7B7SI,116.639,39.9014,0,0,0,0,14-3-30 21:31:42,1
07FUX7B7SI,116.639,39.9014,0,0,0,0,14-3-30 21:32:14,1
07FUX7B7SI,116.639,39.9014,0,0,0,0,14-3-30 21:32:45,1
07FUX7B7SI,116.639,39.9014,0,0,0,0,14-3-30 21:33:17,1
07FUX7B7SI,116.639,39.9014,0,0,0,0,14-3-30 21:33:48,1
07FUX7B7SI,116.639,39.9014,0,0,0,0,14-3-30 21:34:19,1
07FUX7B7SI,116.639,39.9014,0,0,0,0,14-3-30 21:34:51,1
07FUX7B7SI,116.639,39.9014,0,0,0,0,14-3-30 21:35:22,1
07FUX7B7SI,116.639,39.9014,0,0,0,0,14-3-30 21:35:53,1
07FUX7B7SI,116.639,39.9014,0,0,0,0,14-3-30 21:36:25,1
07FUX7B7SI,116.639,39.9014,0,0,0,0,14-3-30 21:36:59,1
07FUX7B7SI,116.639,39.9014,0,0,0,0,14-3-30 21:37:30,1
07FUX7B7SI,116.639,39.9014,0,0,0,0,14-3-30 21:38:1,1
07FUX7B7SI,116.639,39.9014,0,0,0,0,14-3-30 21:38:36,1
07FUX7B7SI,116.639,39.9014,0,0,0,0,14-3-30 21:39:7,1
07FUX7B7SI,116.639,39.9014,0,0,0,0,14-3-30 21:39:40,1
07FUX7B7SI,116.639,39.9014,0,0,0,0,14-3-30 21:40:12,1
07FUX7B7SI,116.639,39.9014,0,0,0,0,14-3-30 21:40:46,1
07FUX7B7SI,116.639,39.9014,0,0,0,0,14-3-30 21:41:17,1
07FUX7B7SI,116.639,39.9014,0,0,0,0,14-3-30 21:41:48,1
07FUX7B7SI,116.639,39.9014,0,0,0,0,14-3-30 21:42:20,1
07FUX7B7SI,116.639,39.9014,0,0,0,0,14-3-30 21:42:51,1
07FUX7B7SI,116.639,39.9014,0,0,0,0,14-3-30 21:43:23,1
07FUX7B7SI,116.639,39.9014,0,0,0,0,14-3-30 21:43:55,1
07FUX7B7SI,116.639,39.9014,0,0,0,0,14-3-30 21:44:28,1
07FUX7B7SI,116.639,39.9014,0,0,0,0,14-3-30 21:45:1,1
07FUX7B7SI,116.639,39.9014,0,0,0,0,14-3-30 21:45:33,1
07FUX7B7SI,116.639,39.9014,0,0,0,0,14-3-30 21:46:4,1
07FUX7B7SI,116.639,39.9014,0,0,0,0,14-3-30 21:46:37,1
07FUX7B7SI,116.639,39.9014,0,0,0,0,14-3-30 21:47:9,1
07FUX7B7SI,116.639,39.9014,0,0,0,0,14-3-30 21:47:40,1
07FUX7B7SI,116.639,39.9014,0,0,0,0,14-3-30 21:48:11,1
07FUX7B7SI,116.639,39.9014,0,0,0,0,14-3-30 21:48:43,1
07FUX7B7SI,116.639,39.9014,0,0,0,0,14-3-30 21:49:14,1
07FUX7B7SI,116.639,39.9014,0,0,0,0,14-3-30 21:49:45,1
07FUX7B7SI,116.639,39.9014,0,0,0,0,14-3-30 21:50:16,1
07FUX7B7SI,116.639,39.9014,0,0,0,0,14-3-30 21:50:48,1
07FUX7B7SI,116.639,39.9014,0,0,0,0,14-3-30 21:51:21,1
07FUX7B7SI,116.639,39.9014,0,0,0,0,14-3-30 21:51:53,1
07FUX7B7SI,116.639,39.9014,0,0,0,0,14-3-30 21:52:25,1
07FUX7B7SI,116.639,39.9014,0,0,0,0,14-3-30 21:52:58,1
07FUX7B7SI,116.639,39.9014,0,0,0,0,14-3-30 21:53:30,1
07FUX7B7SI,116.639,39.9014,0,0,0,0,14-3-30 21:54:3,1
07FUX7B7SI,116.639,39.9014,0,0,0,0,14-3-30 21:54:36,1
07FUX7B7SI,116.639,39.9014,0,0,0,0,14-3-30 21:55:7,1
07FUX7B7SI,116.639,39.9014,0,0,0,0,14-3-30 21:55:39,1
07FUX7B7SI,116.639,39.9014,0,0,0,0,14-3-30 21:56:11,1
07FUX7B7SI,116.639,39.9014,0,0,0,0,14-3-30 21:56:42,1
07FUX7B7SI,116.639,39.9014,0,0,0,0,14-3-30 21:57:13,1
07FUX7B7SI,116.639,39.9014,0,0,0,0,14-3-30 21:57:47,1
07FUX7B7SI,116.639,39.9014,0,0,0,0,14-3-30 21:58:18,1
07FUX7B7SI,116.639,39.9014,0,0,0,0,14-3-30 21:58:51,1
07FUX7B7SI,116.639,39.9014,0,0,0,0,14-3-30 21:59:26,1
07FUX7B7SI,116.639,39.9014,0,0,0,0,14-3-30 21:59:59,1
07FUX7B7SI,116.639,39.9014,0,0,0,0,14-3-30 22:0:30,1
07FUX7B7SI,116.639,39.9014,0,0,0,0,14-3-30 22:1:2,1
07FUX7B7SI,116.639,39.9014,0,0,0,0,14-3-30 22:1:34,1
07FUX7B7SI,116.639,39.9014,0,0,0,0,14-3-30 22:2:5,1
07FUX7B7SI,116.639,39.9014,0,0,0,0,14-3-30 22:3:9,1
07FUX7B7SI,116.639,39.9014,0,0,0,0,14-3-30 22:3:39,1
07FUX7B7SI,116.639,39.9014,0,0,0,0,14-3-30 22:4:10,1
07FUX7B7SI,116.639,39.9014,0,0,0,0,14-3-30 22:4:43,1
07FUX7B7SI,116.639,39.9014,0,0,0,0,14-3-30 22:5:15,1
07FUX7B7SI,116.639,39.9014,0,0,0,0,14-3-30 22:5:48,1
07FUX7B7SI,116.639,39.9014,0,0,0,0,14-3-30 22:6:19,1
07FUX7B7SI,116.639,39.9014,0,0,0,0,14-3-30 22:6:51,1
07FUX7B7SI,116.639,39.9014,0,0,0,0,14-3-30 22:7:23,1
07FUX7B7SI,116.639,39.9014,0,0,0,0,14-3-30 22:7:54,1
07FUX7B7SI,116.639,39.9014,0,0,0,0,14-3-30 22:8:25,1
07FUX7B7SI,116.639,39.9014,0,0,0,0,14-3-30 22:8:56,1
07FUX7B7SI,116.639,39.9014,0,0,0,0,14-3-30 22:9:27,1
07FUX7B7SI,116.639,39.9014,0,0,0,0,14-3-30 22:9:59,1
07FUX7B7SI,116.639,39.9014,0,0,0,0,14-3-30 22:10:30,1
07FUX7B7SI,116.639,39.9014,0,0,0,0,14-3-30 22:11:2,1
07FUX7B7SI,116.639,39.9014,0,0,0,0,14-3-30 22:11:35,1
07FUX7B7SI,116.639,39.9014,0,0,0,0,14-3-30 22:12:7,1
07FUX7B7SI,116.639,39.9014,0,0,0,0,14-3-30 22:12:39,1
07FUX7B7SI,116.639,39.9014,0,0,0,0,14-3-30 22:13:12,1
07FUX7B7SI,116.639,39.9014,0,0,0,0,14-3-30 22:13:41,1
07FUX7B7SI,116.639,39.9014,0,0,0,0,14-3-30 22:14:13,1
07FUX7B7SI,116.639,39.9014,0,0,0,0,14-3-30 22:14:44,1
07FUX7B7SI,116.639,39.9014,0,0,0,0,14-3-30 22:15:15,1
07FUX7B7SI,116.639,39.9014,0,0,0,0,14-3-30 22:15:47,1
07FUX7B7SI,116.639,39.9014,0,0,0,0,14-3-30 22:16:19,1
07FUX7B7SI,116.639,39.9014,0,0,0,0,14-3-30 22:16:51,1
07FUX7B7SI,116.639,39.9014,0,0,0,0,14-3-30 22:17:22,1
07FUX7B7SI,116.639,39.9014,0,0,0,0,14-3-30 22:17:53,1
07FUX7B7SI,116.639,39.9014,0,0,0,0,14-3-30 22:18:24,1
07FUX7B7SI,116.639,39.9014,0,0,0,0,14-3-30 22:18:57,1
07FUX7B7SI,116.639,39.9014,0,0,0,0,14-3-30 22:19:29,1
07FUX7B7SI,116.639,39.9014,0,0,0,0,14-3-30 22:20:0,1
07FUX7B7SI,116.639,39.9014,0,0,0,0,14-3-30 22:20:33,1
07FUX7B7SI,116.639,39.9014,0,0,0,0,14-3-30 22:21:4,1
07FUX7B7SI,116.639,39.9014,0,0,0,0,14-3-30 22:21:35,1
07FUX7B7SI,116.639,39.9014,0,0,0,0,14-3-30 22:22:6,1
07FUX7B7SI,116.639,39.9014,0,0,0,0,14-3-30 22:22:37,1
07FUX7B7SI,116.639,39.9014,0,0,0,0,14-3-30 22:23:10,1
07FUX7B7SI,116.639,39.9014,0,0,0,0,14-3-30 22:23:41,1
07FUX7B7SI,116.639,39.9014,0,0,0,0,14-3-30 22:24:12,1
07FUX7B7SI,116.639,39.9014,0,0,0,0,14-3-30 22:24:43,1
07FUX7B7SI,116.639,39.9014,0,0,0,0,14-3-30 22:25:15,1
07FUX7B7SI,116.639,39.9014,0,0,0,0,14-3-30 22:25:47,1
07FUX7B7SI,116.639,39.9014,0,0,0,0,14-3-30 22:26:53,1
07FUX7B7SI,116.639,39.9014,0,0,0,0,14-3-30 22:27:23,1
07FUX7B7SI,116.639,39.9014,0,0,0,0,14-3-30 22:27:54,1
07FUX7B7SI,116.639,39.9014,0,0,0,0,14-3-30 22:28:25,1
07FUX7B7SI,116.639,39.9014,0,0,0,0,14-3-30 22:28:56,1
07FUX7B7SI,116.639,39.9014,0,0,0,0,14-3-30 22:29:27,1
07FUX7B7SI,116.639,39.9014,0,0,0,0,14-3-30 22:29:58,1
07FUX7B7SI,116.639,39.9014,0,0,0,0,14-3-30 22:30:30,1
07FUX7B7SI,116.639,39.9014,0,0,0,0,14-3-30 22:31:3,1
07FUX7B7SI,116.639,39.9014,0,0,0,0,14-3-30 22:31:34,1
07FUX7B7SI,116.639,39.9014,0,0,0,0,14-3-30 22:32:6,1
07FUX7B7SI,116.639,39.9014,0,0,0,0,14-3-30 22:32:37,1
07FUX7B7SI,116.639,39.9014,0,0,0,0,14-3-30 22:33:11,1
07FUX7B7SI,116.639,39.9014,0,0,0,0,14-3-30 22:33:44,1
07FUX7B7SI,116.639,39.9014,0,0,0,0,14-3-30 22:34:19,1
07FUX7B7SI,116.639,39.9014,0,0,0,0,14-3-30 22:34:52,1
07FUX7B7SI,116.639,39.9014,0,0,0,0,14-3-30 22:35:24,1
07FUX7B7SI,116.639,39.9014,0,0,0,0,14-3-30 22:35:56,1
07FUX7B7SI,116.639,39.9014,0,0,0,0,14-3-30 22:36:29,1
07FUX7B7SI,116.639,39.9014,0,0,0,0,14-3-30 22:37:0,1
07FUX7B7SI,116.639,39.9014,0,0,0,0,14-3-30 22:37:31,1
07FUX7B7SI,116.639,39.9014,0,0,0,0,14-3-30 22:38:3,1
07FUX7B7SI,116.639,39.9014,0,0,0,0,14-3-30 22:38:35,1
07FUX7B7SI,116.639,39.9014,0,0,0,0,14-3-30 22:39:6,1
07FUX7B7SI,116.639,39.9014,0,0,0,0,14-3-30 22:39:39,1
07FUX7B7SI,116.639,39.9014,0,0,0,0,14-3-30 22:40:10,1
07FUX7B7SI,116.639,39.9014,0,0,0,0,14-3-30 22:40:43,1
07FUX7B7SI,116.639,39.9014,0,0,0,0,14-3-30 22:41:16,1
07FUX7B7SI,116.639,39.9014,0,0,0,0,14-3-30 22:41:47,1
07FUX7B7SI,116.639,39.9014,0,0,0,0,14-3-30 22:42:19,1
07FUX7B7SI,116.639,39.9014,0,0,0,0,14-3-30 22:42:51,1
07FUX7B7SI,116.639,39.9014,0,0,0,0,14-3-30 22:43:23,1
07FUX7B7SI,116.639,39.9014,0,0,0,0,14-3-30 22:43:56,1
07FUX7B7SI,116.639,39.9014,0,0,0,0,14-3-30 22:44:28,1
07FUX7B7SI,116.639,39.9014,0,0,0,0,14-3-30 22:45:0,1
07FUX7B7SI,116.639,39.9014,0,0,0,0,14-3-30 22:45:31,1
07FUX7B7SI,116.639,39.9014,0,0,0,0,14-3-30 22:46:2,1
07FUX7B7SI,116.639,39.9014,0,0,0,0,14-3-30 22:46:39,1
07FUX7B7SI,116.639,39.9014,0,0,0,0,14-3-30 22:47:11,1
07FUX7B7SI,116.639,39.9014,0,0,0,0,14-3-30 22:47:45,1
07FUX7B7SI,116.639,39.9014,0,0,0,0,14-3-30 22:48:19,1
07FUX7B7SI,116.639,39.9014,0,0,0,0,14-3-30 22:48:50,1
07FUX7B7SI,116.639,39.9014,0,0,0,0,14-3-30 22:49:21,1
07FUX7B7SI,116.639,39.9014,0,0,0,0,14-3-30 22:49:52,1
07FUX7B7SI,116.639,39.9014,0,0,0,0,14-3-30 22:50:26,1
07FUX7B7SI,116.639,39.9014,0,0,0,0,14-3-30 22:50:57,1
07FUX7B7SI,116.639,39.9014,0,0,0,0,14-3-30 22:51:29,1
07FUX7B7SI,116.639,39.9014,0,0,0,0,14-3-30 22:52:0,1
07FUX7B7SI,116.639,39.9014,0,0,0,0,14-3-30 22:52:31,1
07FUX7B7SI,116.639,39.9014,0,0,0,0,14-3-30 22:53:4,1
07FUX7B7SI,116.639,39.9014,0,0,0,0,14-3-30 22:53:35,1
07FUX7B7SI,116.639,39.9014,0,0,0,0,14-3-30 22:54:7,1
07FUX7B7SI,116.639,39.9014,0,0,0,0,14-3-30 22:54:41,1
07FUX7B7SI,116.639,39.9014,0,0,0,0,14-3-30 22:55:15,1
07FUX7B7SI,116.639,39.9014,0,0,0,0,14-3-30 22:55:46,1
07FUX7B7SI,116.639,39.9014,0,0,0,0,14-3-30 22:56:17,1
07FUX7B7SI,116.639,39.9014,0,0,0,0,14-3-30 22:56:50,1
07FUX7B7SI,116.639,39.9014,0,0,0,0,14-3-30 22:57:22,1
07FUX7B7SI,116.639,39.9014,0,0,0,0,14-3-30 22:57:53,1
07FUX7B7SI,116.639,39.9014,0,0,0,0,14-3-30 22:58:24,1
07FUX7B7SI,116.639,39.9014,0,0,0,0,14-3-30 22:58:56,1
07FUX7B7SI,116.639,39.9014,0,0,0,0,14-3-30 22:59:27,1
07FUX7B7SI,116.639,39.9014,0,0,0,0,14-3-30 22:59:58,1
07FUX7B7SI,116.639,39.9014,0,0,0,0,14-3-30 23:0:30,1
07FUX7B7SI,116.639,39.9014,0,0,0,0,14-3-30 23:1:1,1
07FUX7B7SI,116.639,39.9014,0,0,0,0,14-3-30 23:1:34,1
07FUX7B7SI,116.639,39.9014,0,0,0,0,14-3-30 23:2:7,1
07FUX7B7SI,116.639,39.9014,0,0,0,0,14-3-30 23:2:40,1
07FUX7B7SI,116.639,39.9014,0,0,0,0,14-3-30 23:3:13,1
07FUX7B7SI,116.639,39.9014,0,0,0,0,14-3-30 23:3:43,1
07FUX7B7SI,116.639,39.9014,0,0,0,0,14-3-30 23:4:17,1
07FUX7B7SI,116.639,39.9014,0,0,0,0,14-3-30 23:4:48,1
07FUX7B7SI,116.639,39.9014,0,0,0,0,14-3-30 23:5:19,1
07FUX7B7SI,116.639,39.9014,0,0,0,0,14-3-30 23:5:51,1
07FUX7B7SI,116.639,39.9014,0,0,0,0,14-3-30 23:6:23,1
07FUX7B7SI,116.639,39.9014,0,0,0,0,14-3-30 23:6:57,1
07FUX7B7SI,116.639,39.9014,0,0,0,0,14-3-30 23:7:27,1
07FUX7B7SI,116.639,39.9014,0,0,0,0,14-3-30 23:7:58,1
07FUX7B7SI,116.639,39.9014,0,0,0,0,14-3-30 23:8:29,1
07FUX7B7SI,116.639,39.9014,0,0,0,0,14-3-30 23:9:0,1
07FUX7B7SI,116.639,39.9014,0,0,0,0,14-3-30 23:9:33,1
07FUX7B7SI,116.639,39.9014,0,0,0,0,14-3-30 23:10:4,1
07FUX7B7SI,116.639,39.9014,0,0,0,0,14-3-30 23:10:35,1
07FUX7B7SI,116.639,39.9014,0,0,0,0,14-3-30 23:11:6,1
07FUX7B7SI,116.639,39.9014,0,0,0,0,14-3-30 23:11:37,1
07FUX7B7SI,116.639,39.9014,0,0,0,0,14-3-30 23:12:9,1
07FUX7B7SI,116.639,39.9014,0,0,0,0,14-3-30 23:12:41,1
07FUX7B7SI,116.639,39.9014,0,0,0,0,14-3-30 23:13:14,1
07FUX7B7SI,116.639,39.9014,0,0,0,0,14-3-30 23:13:45,1
07FUX7B7SI,116.639,39.9014,0,0,0,0,14-3-30 23:14:17,1
07FUX7B7SI,116.639,39.9014,0,0,0,0,14-3-30 23:14:50,1
07FUX7B7SI,116.639,39.9014,0,0,0,0,14-3-30 23:15:21,1
07FUX7B7SI,116.639,39.9014,0,0,0,0,14-3-30 23:15:54,1
07FUX7B7SI,116.639,39.9014,0,0,0,0,14-3-30 23:16:30,1
07FUX7B7SI,116.639,39.9014,0,0,0,0,14-3-30 23:17:3,1
07FUX7B7SI,116.639,39.9014,0,0,0,0,14-3-30 23:17:35,1
07FUX7B7SI,116.639,39.9014,0,0,0,0,14-3-30 23:18:7,1
07FUX7B7SI,116.639,39.9014,0,0,0,0,14-3-30 23:18:39,1
07FUX7B7SI,116.639,39.9014,0,0,0,0,14-3-30 23:19:10,1
07FUX7B7SI,116.639,39.9014,0,0,0,0,14-3-30 23:19:42,1
07FUX7B7SI,116.639,39.9014,0,0,0,0,14-3-30 23:20:13,1
07FUX7B7SI,116.639,39.9014,0,0,0,0,14-3-30 23:20:44,1
07FUX7B7SI,116.639,39.9014,0,0,0,0,14-3-30 23:21:15,1
07FUX7B7SI,116.639,39.9014,0,0,0,0,14-3-30 23:21:46,1
07FUX7B7SI,116.639,39.9014,0,0,0,0,14-3-30 23:22:17,1
07FUX7B7SI,116.639,39.9014,0,0,0,0,14-3-30 23:22:49,1
07FUX7B7SI,116.639,39.9014,0,0,0,0,14-3-30 23:23:20,1
07FUX7B7SI,116.639,39.9014,0,0,0,0,14-3-30 23:23:54,1
07FUX7B7SI,116.639,39.9014,0,0,0,0,14-3-30 23:24:25,1
07FUX7B7SI,116.639,39.9014,0,0,0,0,14-3-30 23:24:56,1
07FUX7B7SI,116.639,39.9014,0,0,0,0,14-3-30 23:25:29,1
07FUX7B7SI,116.639,39.9014,0,0,0,0,14-3-30 23:26:0,1
07FUX7B7SI,116.639,39.9014,0,0,0,0,14-3-30 23:26:33,1
07FUX7B7SI,116.639,39.9014,0,0,0,0,14-3-30 23:27:4,1
07FUX7B7SI,116.639,39.9014,0,0,0,0,14-3-30 23:27:34,1
07FUX7B7SI,116.639,39.9014,0,0,0,0,14-3-30 23:28:7,1
07FUX7B7SI,116.639,39.9014,0,0,0,0,14-3-30 23:28:38,1
07FUX7B7SI,116.639,39.9014,0,0,0,0,14-3-30 23:29:9,1
07FUX7B7SI,116.639,39.9014,0,0,0,0,14-3-30 23:29:39,1
07FUX7B7SI,116.639,39.9014,0,0,0,0,14-3-30 23:30:11,1
07FUX7B7SI,116.639,39.9014,0,0,0,0,14-3-30 23:30:44,1
07FUX7B7SI,116.639,39.9014,0,0,0,0,14-3-30 23:31:15,1
07FUX7B7SI,116.639,39.9014,0,0,0,0,14-3-30 23:31:47,1
07FUX7B7SI,116.639,39.9014,0,0,0,0,14-3-30 23:32:19,1
07FUX7B7SI,116.639,39.9014,0,0,0,0,14-3-30 23:32:51,1
07FUX7B7SI,116.639,39.9014,0,0,0,0,14-3-30 23:33:23,1
07FUX7B7SI,116.639,39.9014,0,0,0,0,14-3-30 23:33:55,1
07FUX7B7SI,116.639,39.9014,0,0,0,0,14-3-30 23:34:26,1
07FUX7B7SI,116.639,39.9014,0,0,0,0,14-3-30 23:34:59,1
07FUX7B7SI,116.639,39.9014,0,0,0,0,14-3-30 23:35:30,1
07FUX7B7SI,116.639,39.9014,0,0,0,0,14-3-30 23:36:1,1
07FUX7B7SI,116.639,39.9014,0,0,0,0,14-3-30 23:36:34,1
07FUX7B7SI,116.639,39.9014,0,0,0,0,14-3-30 23:37:6,1
07FUX7B7SI,116.639,39.9014,0,0,0,0,14-3-30 23:37:40,1
07FUX7B7SI,116.639,39.9014,0,0,0,0,14-3-30 23:38:15,1
07FUX7B7SI,116.639,39.9014,0,0,0,0,14-3-30 23:38:45,1
07FUX7B7SI,116.639,39.9014,0,0,0,0,14-3-30 23:39:17,1
07FUX7B7SI,116.639,39.9014,0,0,0,0,14-3-30 23:39:50,1
07FUX7B7SI,116.639,39.9014,0,0,0,0,14-3-30 23:40:22,1
07FUX7B7SI,116.639,39.9014,0,0,0,0,14-3-30 23:40:53,1
07FUX7B7SI,116.639,39.9014,0,0,0,0,14-3-30 23:41:24,1
07FUX7B7SI,116.639,39.9014,0,0,0,0,14-3-30 23:41:57,1
07FUX7B7SI,116.639,39.9014,0,0,0,0,14-3-30 23:42:26,1
07FUX7B7SI,116.639,39.9014,0,0,0,0,14-3-30 23:42:57,1
07FUX7B7SI,116.639,39.9014,0,0,0,0,14-3-30 23:43:29,1
07FUX7B7SI,116.639,39.9014,0,0,0,0,14-3-30 23:44:2,1
07FUX7B7SI,116.639,39.9014,0,0,0,0,14-3-30 23:44:34,1
07FUX7B7SI,116.639,39.9014,0,0,0,0,14-3-30 23:45:7,1
07FUX7B7SI,116.639,39.9014,0,0,0,0,14-3-30 23:45:38,1
07FUX7B7SI,116.639,39.9014,0,0,0,0,14-3-30 23:46:9,1
07FUX7B7SI,116.639,39.9014,0,0,0,0,14-3-30 23:46:42,1
07FUX7B7SI,116.639,39.9014,0,0,0,0,14-3-30 23:47:13,1
07FUX7B7SI,116.639,39.9014,0,0,0,0,14-3-30 23:47:47,1
07FUX7B7SI,116.639,39.9014,0,0,0,0,14-3-30 23:48:16,1
07FUX7B7SI,116.639,39.9014,0,0,0,0,14-3-30 23:48:48,1
07FUX7B7SI,116.639,39.9014,0,0,0,0,14-3-30 23:49:19,1
07FUX7B7SI,116.639,39.9014,0,0,0,0,14-3-30 23:49:50,1
07FUX7B7SI,116.639,39.9014,0,0,0,0,14-3-30 23:50:23,1
07FUX7B7SI,116.639,39.9014,0,0,0,0,14-3-30 23:50:54,1
07FUX7B7SI,116.639,39.9014,0,0,0,0,14-3-30 23:51:25,1
07FUX7B7SI,116.639,39.9014,0,0,0,0,14-3-30 23:52:0,1
07FUX7B7SI,116.639,39.9014,0,0,0,0,14-3-30 23:52:32,1
07FUX7B7SI,116.639,39.9014,0,0,0,0,14-3-30 23:53:5,1
07FUX7B7SI,116.639,39.9014,0,0,0,0,14-3-30 23:53:36,1
07FUX7B7SI,116.639,39.9014,0,0,0,0,14-3-30 23:54:8,1
07FUX7B7SI,116.639,39.9014,0,0,0,0,14-3-30 23:54:40,1
07FUX7B7SI,116.639,39.9014,0,0,0,0,14-3-30 23:55:11,1
07FUX7B7SI,116.639,39.9014,0,0,0,0,14-3-30 23:55:44,1
07FUX7B7SI,116.639,39.9014,0,0,0,0,14-3-30 23:56:14,1
07FUX7B7SI,116.639,39.9014,0,0,0,0,14-3-30 23:56:45,1
07FUX7B7SI,116.639,39.9014,0,0,0,0,14-3-30 23:57:18,1
07FUX7B7SI,116.639,39.9014,0,0,0,0,14-3-30 23:57:52,1
07FUX7B7SI,116.639,39.9014,0,0,0,0,14-3-30 23:58:22,1
07FUX7B7SI,116.639,39.9014,0,0,0,0,14-3-30 23:58:53,1
07FUX7B7SI,116.639,39.9014,0,0,0,0,14-3-30 23:59:24,1
07FUX7B7SI,116.639,39.9014,0,0,0,0,14-3-30 23:59:56,1
07FUX7B7SI,116.639,39.9014,0,0,0,0,14-3-31 0:0:28,1
07FUX7B7SI,116.639,39.9014,0,0,0,0,14-3-31 0:0:59,1
07FUX7B7SI,116.639,39.9014,0,0,0,0,14-3-31 0:1:33,1
07FUX7B7SI,116.639,39.9014,0,0,0,0,14-3-31 0:2:3,1
07FUX7B7SI,116.639,39.9014,0,0,0,0,14-3-31 0:2:35,1
07FUX7B7SI,116.639,39.9014,0,0,0,0,14-3-31 0:3:7,1
07FUX7B7SI,116.639,39.9014,0,0,0,0,14-3-31 0:3:40,1
07FUX7B7SI,116.639,39.9014,0,0,0,0,14-3-31 0:4:12,1
07FUX7B7SI,116.639,39.9014,0,0,0,0,14-3-31 0:4:46,1
07FUX7B7SI,116.639,39.9014,0,0,0,0,14-3-31 0:5:16,1
07FUX7B7SI,116.639,39.9014,0,0,0,0,14-3-31 0:5:51,1
07FUX7B7SI,116.639,39.9014,0,0,0,0,14-3-31 0:6:24,1
07FUX7B7SI,116.639,39.9014,0,0,0,0,14-3-31 0:6:56,1
07FUX7B7SI,116.639,39.9014,0,0,0,0,14-3-31 0:7:27,1
07FUX7B7SI,116.639,39.9014,0,0,0,0,14-3-31 0:7:58,1
07FUX7B7SI,116.639,39.9014,0,0,0,0,14-3-31 0:8:29,1
07FUX7B7SI,116.639,39.9014,0,0,0,0,14-3-31 0:9:1,1
07FUX7B7SI,116.639,39.9014,0,0,0,0,14-3-31 0:9:34,1
07FUX7B7SI,116.639,39.9014,0,0,0,0,14-3-31 0:10:5,1
07FUX7B7SI,116.639,39.9014,0,0,0,0,14-3-31 0:10:36,1
07FUX7B7SI,116.639,39.9014,0,0,0,0,14-3-31 0:11:9,1
07FUX7B7SI,116.639,39.9014,0,0,0,0,14-3-31 0:11:41,1
07FUX7B7SI,116.639,39.9014,0,0,0,0,14-3-31 0:12:15,1
07FUX7B7SI,116.639,39.9014,0,0,0,0,14-3-31 0:12:46,1
07FUX7B7SI,116.639,39.9014,0,0,0,0,14-3-31 0:13:18,1
07FUX7B7SI,116.639,39.9014,0,0,0,0,14-3-31 0:13:50,1
07FUX7B7SI,116.639,39.9014,0,0,0,0,14-3-31 0:14:21,1
07FUX7B7SI,116.639,39.9014,0,0,0,0,14-3-31 0:14:53,1
07FUX7B7SI,116.639,39.9014,0,0,0,0,14-3-31 0:15:25,1
07FUX7B7SI,116.639,39.9014,0,0,0,0,14-3-31 0:15:58,1
07FUX7B7SI,116.639,39.9014,0,0,0,0,14-3-31 0:16:29,1
07FUX7B7SI,116.639,39.9014,0,0,0,0,14-3-31 0:17:2,1
07FUX7B7SI,116.639,39.9014,0,0,0,0,14-3-31 0:17:31,1
07FUX7B7SI,116.639,39.9014,0,0,0,0,14-3-31 0:18:2,1
07FUX7B7SI,116.639,39.9014,0,0,0,0,14-3-31 0:18:35,1
07FUX7B7SI,116.639,39.9014,0,0,0,0,14-3-31 0:19:6,1
07FUX7B7SI,116.639,39.9014,0,0,0,0,14-3-31 0:19:37,1
07FUX7B7SI,116.639,39.9014,0,0,0,0,14-3-31 0:20:9,1
07FUX7B7SI,116.639,39.9014,0,0,0,0,14-3-31 0:20:40,1
07FUX7B7SI,116.639,39.9014,0,0,0,0,14-3-31 0:21:11,1
07FUX7B7SI,116.639,39.9014,0,0,0,0,14-3-31 0:21:42,1
07FUX7B7SI,116.639,39.9014,0,0,0,0,14-3-31 0:22:14,1
07FUX7B7SI,116.639,39.9014,0,0,0,0,14-3-31 0:22:45,1
07FUX7B7SI,116.639,39.9014,0,0,0,0,14-3-31 0:23:16,1
07FUX7B7SI,116.639,39.9014,0,0,0,0,14-3-31 0:23:47,1
07FUX7B7SI,116.639,39.9014,0,0,0,0,14-3-31 0:24:19,1
07FUX7B7SI,116.639,39.9014,0,0,0,0,14-3-31 0:24:49,1
07FUX7B7SI,116.639,39.9014,0,0,0,0,14-3-31 0:25:21,1
07FUX7B7SI,116.639,39.9014,0,0,0,0,14-3-31 0:25:53,1
07FUX7B7SI,116.639,39.9014,0,0,0,0,14-3-31 0:26:26,1
07FUX7B7SI,116.639,39.9014,0,0,0,0,14-3-31 0:26:59,1
07FUX7B7SI,116.639,39.9014,0,0,0,0,14-3-31 0:27:31,1
07FUX7B7SI,116.639,39.9014,0,0,0,0,14-3-31 0:28:5,1
07FUX7B7SI,116.639,39.9014,0,0,0,0,14-3-31 0:28:36,1
07FUX7B7SI,116.639,39.9014,0,0,0,0,14-3-31 0:29:9,1
07FUX7B7SI,116.639,39.9014,0,0,0,0,14-3-31 0:29:42,1
07FUX7B7SI,116.639,39.9014,0,0,0,0,14-3-31 0:30:11,1
07FUX7B7SI,116.639,39.9014,0,0,0,0,14-3-31 0:30:43,1
07FUX7B7SI,116.639,39.9014,0,0,0,0,14-3-31 0:31:49,1
07FUX7B7SI,116.639,39.9014,0,0,0,0,14-3-31 0:32:18,1
07FUX7B7SI,116.639,39.9014,0,0,0,0,14-3-31 0:32:53,1
07FUX7B7SI,116.639,39.9014,0,0,0,0,14-3-31 0:33:23,1
07FUX7B7SI,116.639,39.9014,0,0,0,0,14-3-31 0:33:59,1
07FUX7B7SI,116.639,39.9014,0,0,0,0,14-3-31 0:34:31,1
07FUX7B7SI,116.639,39.9014,0,0,0,0,14-3-31 0:35:3,1
07FUX7B7SI,116.639,39.9014,0,0,0,0,14-3-31 0:35:35,1
07FUX7B7SI,116.639,39.9014,0,0,0,0,14-3-31 0:36:6,1
07FUX7B7SI,116.639,39.9014,0,0,0,0,14-3-31 0:36:37,1
07FUX7B7SI,116.639,39.9014,0,0,0,0,14-3-31 0:37:11,1
07FUX7B7SI,116.639,39.9014,0,0,0,0,14-3-31 0:37:43,1
07FUX7B7SI,116.639,39.9014,0,0,0,0,14-3-31 0:38:15,1
07FUX7B7SI,116.639,39.9014,0,0,0,0,14-3-31 0:38:45,1
07FUX7B7SI,116.639,39.9014,0,0,0,0,14-3-31 0:39:18,1
07FUX7B7SI,116.639,39.9014,0,0,0,0,14-3-31 0:39:48,1
07FUX7B7SI,116.639,39.9014,0,0,0,0,14-3-31 0:40:21,1
07FUX7B7SI,116.639,39.9014,0,0,0,0,14-3-31 0:40:51,1
07FUX7B7SI,116.639,39.9014,0,0,0,0,14-3-31 0:41:21,1
07FUX7B7SI,116.639,39.9014,0,0,0,0,14-3-31 0:41:54,1
07FUX7B7SI,116.639,39.9014,0,0,0,0,14-3-31 0:42:26,1
07FUX7B7SI,116.639,39.9014,0,0,0,0,14-3-31 0:42:58,1
07FUX7B7SI,116.639,39.9014,0,0,0,0,14-3-31 0:43:29,1
07FUX7B7SI,116.639,39.9014,0,0,0,0,14-3-31 0:44:2,1
07FUX7B7SI,116.639,39.9014,0,0,0,0,14-3-31 0:44:35,1
07FUX7B7SI,116.639,39.9014,0,0,0,0,14-3-31 0:45:4,1
07FUX7B7SI,116.639,39.9014,0,0,0,0,14-3-31 0:45:36,1
07FUX7B7SI,116.639,39.9014,0,0,0,0,14-3-31 0:46:8,1
07FUX7B7SI,116.639,39.9014,0,0,0,0,14-3-31 0:46:42,1
07FUX7B7SI,116.639,39.9014,0,0,0,0,14-3-31 0:47:16,1
07FUX7B7SI,116.639,39.9014,0,0,0,0,14-3-31 0:47:46,1
07FUX7B7SI,116.639,39.9014,0,0,0,0,14-3-31 0:48:19,1
07FUX7B7SI,116.639,39.9014,0,0,0,0,14-3-31 0:48:49,1
07FUX7B7SI,116.639,39.9014,0,0,0,0,14-3-31 0:49:20,1
07FUX7B7SI,116.639,39.9014,0,0,0,0,14-3-31 0:49:53,1
07FUX7B7SI,116.639,39.9014,0,0,0,0,14-3-31 0:50:24,1
07FUX7B7SI,116.639,39.9014,0,0,0,0,14-3-31 0:51:28,1
07FUX7B7SI,116.639,39.9014,0,0,0,0,14-3-31 0:51:59,1
07FUX7B7SI,116.639,39.9014,0,0,0,0,14-3-31 0:52:30,1
07FUX7B7SI,116.639,39.9014,0,0,0,0,14-3-31 0:53:3,1
07FUX7B7SI,116.639,39.9014,0,0,0,0,14-3-31 0:53:34,1
07FUX7B7SI,116.639,39.9014,0,0,0,0,14-3-31 0:54:7,1
07FUX7B7SI,116.639,39.9014,0,0,0,0,14-3-31 0:54:42,1
07FUX7B7SI,116.639,39.9014,0,0,0,0,14-3-31 0:55:15,1
07FUX7B7SI,116.639,39.9014,0,0,0,0,14-3-31 0:55:45,1
07FUX7B7SI,116.639,39.9014,0,0,0,0,14-3-31 0:56:17,1
07FUX7B7SI,116.639,39.9014,0,0,0,0,14-3-31 0:57:22,1
07FUX7B7SI,116.639,39.9014,0,0,0,0,14-3-31 0:57:53,1
07FUX7B7SI,116.639,39.9014,0,0,0,0,14-3-31 0:58:24,1
07FUX7B7SI,116.639,39.9014,0,0,0,0,14-3-31 0:59:28,1
07FUX7B7SI,116.639,39.9014,0,0,0,0,14-3-31 0:59:59,1
07FUX7B7SI,116.639,39.9014,0,0,0,0,14-3-31 1:0:31,1
07FUX7B7SI,116.639,39.9014,0,0,0,0,14-3-31 1:1:4,1
07FUX7B7SI,116.639,39.9014,0,0,0,0,14-3-31 1:1:39,1
07FUX7B7SI,116.639,39.9014,0,0,0,0,14-3-31 1:2:12,1
07FUX7B7SI,116.639,39.9014,0,0,0,0,14-3-31 1:2:44,1
07FUX7B7SI,116.639,39.9014,0,0,0,0,14-3-31 1:3:15,1
07FUX7B7SI,116.639,39.9014,0,0,0,0,14-3-31 1:3:48,1
07FUX7B7SI,116.639,39.9014,0,0,0,0,14-3-31 1:4:21,1
07FUX7B7SI,116.639,39.9014,0,0,0,0,14-3-31 1:4:53,1
07FUX7B7SI,116.639,39.9014,0,0,0,0,14-3-31 1:5:26,1
07FUX7B7SI,116.639,39.9014,0,0,0,0,14-3-31 1:5:57,1
07FUX7B7SI,116.639,39.9014,0,0,0,0,14-3-31 1:6:30,1
07FUX7B7SI,116.639,39.9014,0,0,0,0,14-3-31 1:7:1,1
07FUX7B7SI,116.639,39.9014,0,0,0,0,14-3-31 1:7:33,1
07FUX7B7SI,116.639,39.9014,0,0,0,0,14-3-31 1:8:7,1
07FUX7B7SI,116.639,39.9014,0,0,0,0,14-3-31 1:8:38,1
07FUX7B7SI,116.639,39.9014,0,0,0,0,14-3-31 1:9:10,1
07FUX7B7SI,116.639,39.9014,0,0,0,0,14-3-31 1:9:42,1
07FUX7B7SI,116.639,39.9014,0,0,0,0,14-3-31 1:10:15,1
07FUX7B7SI,116.639,39.9014,0,0,0,0,14-3-31 1:10:47,1
07FUX7B7SI,116.639,39.9014,0,0,0,0,14-3-31 1:11:19,1
07FUX7B7SI,116.639,39.9014,0,0,0,0,14-3-31 1:11:51,1
07FUX7B7SI,116.639,39.9014,0,0,0,0,14-3-31 1:12:23,1
07FUX7B7SI,116.639,39.9014,0,0,0,0,14-3-31 1:12:54,1
07FUX7B7SI,116.639,39.9014,0,0,0,0,14-3-31 1:13:25,1
07FUX7B7SI,116.639,39.9014,0,0,0,0,14-3-31 1:13:57,1
07FUX7B7SI,116.639,39.9014,0,0,0,0,14-3-31 1:14:28,1
07FUX7B7SI,116.639,39.9014,0,0,0,0,14-3-31 1:15:1,1
07FUX7B7SI,116.639,39.9014,0,0,0,0,14-3-31 1:15:32,1
07FUX7B7SI,116.639,39.9014,0,0,0,0,14-3-31 1:16:4,1
07FUX7B7SI,116.639,39.9014,0,0,0,0,14-3-31 1:16:36,1
07FUX7B7SI,116.639,39.9014,0,0,0,0,14-3-31 1:17:7,1
07FUX7B7SI,116.639,39.9014,0,0,0,0,14-3-31 1:17:39,1
07FUX7B7SI,116.639,39.9014,0,0,0,0,14-3-31 1:18:10,1
07FUX7B7SI,116.639,39.9014,0,0,0,0,14-3-31 1:18:41,1
07FUX7B7SI,116.639,39.9014,0,0,0,0,14-3-31 1:19:12,1
07FUX7B7SI,116.639,39.9014,0,0,0,0,14-3-31 1:19:43,1
07FUX7B7SI,116.639,39.9014,0,0,0,0,14-3-31 1:20:14,1
07FUX7B7SI,116.639,39.9014,0,0,0,0,14-3-31 1:20:45,1
07FUX7B7SI,116.639,39.9014,0,0,0,0,14-3-31 1:21:49,1
07FUX7B7SI,116.639,39.9014,0,0,0,0,14-3-31 1:22:20,1
07FUX7B7SI,116.639,39.9014,0,0,0,0,14-3-31 1:22:53,1
07FUX7B7SI,116.639,39.9014,0,0,0,0,14-3-31 1:23:26,1
07FUX7B7SI,116.639,39.9014,0,0,0,0,14-3-31 1:23:58,1
07FUX7B7SI,116.639,39.9014,0,0,0,0,14-3-31 1:24:30,1
07FUX7B7SI,116.639,39.9014,0,0,0,0,14-3-31 1:25:1,1
07FUX7B7SI,116.639,39.9014,0,0,0,0,14-3-31 1:25:34,1
07FUX7B7SI,116.639,39.9014,0,0,0,0,14-3-31 1:26:5,1
07FUX7B7SI,116.639,39.9014,0,0,0,0,14-3-31 1:26:36,1
07FUX7B7SI,116.639,39.9014,0,0,0,0,14-3-31 1:27:8,1
07FUX7B7SI,116.639,39.9014,0,0,0,0,14-3-31 1:27:39,1
07FUX7B7SI,116.639,39.9014,0,0,0,0,14-3-31 1:28:13,1
07FUX7B7SI,116.639,39.9014,0,0,0,0,14-3-31 1:28:46,1
07FUX7B7SI,116.639,39.9014,0,0,0,0,14-3-31 1:29:18,1
07FUX7B7SI,116.639,39.9014,0,0,0,0,14-3-31 1:29:52,1
07FUX7B7SI,116.639,39.9014,0,0,0,0,14-3-31 1:30:24,1
07FUX7B7SI,116.639,39.9014,0,0,0,0,14-3-31 1:30:57,1
07FUX7B7SI,116.639,39.9014,0,0,0,0,14-3-31 1:31:28,1
07FUX7B7SI,116.639,39.9014,0,0,0,0,14-3-31 1:31:59,1
07FUX7B7SI,116.639,39.9014,0,0,0,0,14-3-31 1:33:2,1
07FUX7B7SI,116.639,39.9014,0,0,0,0,14-3-31 1:33:33,1
07FUX7B7SI,116.639,39.9014,0,0,0,0,14-3-31 1:34:5,1
07FUX7B7SI,116.639,39.9014,0,0,0,0,14-3-31 1:34:36,1
07FUX7B7SI,116.639,39.9014,0,0,0,0,14-3-31 1:35:8,1
07FUX7B7SI,116.639,39.9014,0,0,0,0,14-3-31 1:35:41,1
07FUX7B7SI,116.639,39.9014,0,0,0,0,14-3-31 1:36:13,1
07FUX7B7SI,116.639,39.9014,0,0,0,0,14-3-31 1:36:45,1
07FUX7B7SI,116.639,39.9014,0,0,0,0,14-3-31 1:37:17,1
07FUX7B7SI,116.639,39.9014,0,0,0,0,14-3-31 1:37:49,1
07FUX7B7SI,116.639,39.9014,0,0,0,0,14-3-31 1:38:23,1
07FUX7B7SI,116.639,39.9014,0,0,0,0,14-3-31 1:38:54,1
07FUX7B7SI,116.639,39.9014,0,0,0,0,14-3-31 1:39:25,1
07FUX7B7SI,116.639,39.9014,0,0,0,0,14-3-31 1:39:57,1
07FUX7B7SI,116.639,39.9014,0,0,0,0,14-3-31 1:40:28,1
07FUX7B7SI,116.639,39.9014,0,0,0,0,14-3-31 1:40:59,1
07FUX7B7SI,116.639,39.9014,0,0,0,0,14-3-31 1:41:31,1
07FUX7B7SI,116.639,39.9014,0,0,0,0,14-3-31 1:42:5,1
07FUX7B7SI,116.639,39.9014,0,0,0,0,14-3-31 1:42:38,1
07FUX7B7SI,116.639,39.9014,0,0,0,0,14-3-31 1:43:10,1
07FUX7B7SI,116.639,39.9014,0,0,0,0,14-3-31 1:43:45,1
07FUX7B7SI,116.639,39.9014,0,0,0,0,14-3-31 1:44:16,1
07FUX7B7SI,116.639,39.9014,0,0,0,0,14-3-31 1:44:49,1
07FUX7B7SI,116.639,39.9014,0,0,0,0,14-3-31 1:45:22,1
07FUX7B7SI,116.639,39.9014,0,0,0,0,14-3-31 1:45:53,1
07FUX7B7SI,116.639,39.9014,0,0,0,0,14-3-31 1:46:24,1
07FUX7B7SI,116.639,39.9014,0,0,0,0,14-3-31 1:47:0,1
07FUX7B7SI,116.639,39.9014,0,0,0,0,14-3-31 1:47:29,1
07FUX7B7SI,116.639,39.9014,0,0,0,0,14-3-31 1:48:0,1
07FUX7B7SI,116.639,39.9014,0,0,0,0,14-3-31 1:48:31,1
07FUX7B7SI,116.639,39.9014,0,0,0,0,14-3-31 1:49:5,1
07FUX7B7SI,116.639,39.9014,0,0,0,0,14-3-31 1:49:38,1
07FUX7B7SI,116.639,39.9014,0,0,0,0,14-3-31 1:50:10,1
07FUX7B7SI,116.639,39.9014,0,0,0,0,14-3-31 1:50:43,1
07FUX7B7SI,116.639,39.9014,0,0,0,0,14-3-31 1:51:14,1
07FUX7B7SI,116.639,39.9014,0,0,0,0,14-3-31 1:51:47,1
07FUX7B7SI,116.639,39.9014,0,0,0,0,14-3-31 1:52:18,1
07FUX7B7SI,116.639,39.9014,0,0,0,0,14-3-31 1:52:49,1
07FUX7B7SI,116.639,39.9014,0,0,0,0,14-3-31 1:53:21,1
07FUX7B7SI,116.639,39.9014,0,0,0,0,14-3-31 1:53:53,1
07FUX7B7SI,116.639,39.9014,0,0,0,0,14-3-31 1:54:24,1
07FUX7B7SI,116.639,39.9014,0,0,0,0,14-3-31 1:55:32,1
07FUX7B7SI,116.639,39.9014,0,0,0,0,14-3-31 1:56:1,1
07FUX7B7SI,116.639,39.9014,0,0,0,0,14-3-31 1:56:32,1
07FUX7B7SI,116.639,39.9014,0,0,0,0,14-3-31 1:57:3,1
07FUX7B7SI,116.639,39.9014,0,0,0,0,14-3-31 1:57:35,1
07FUX7B7SI,116.639,39.9014,0,0,0,0,14-3-31 1:58:6,1
07FUX7B7SI,116.639,39.9014,0,0,0,0,14-3-31 1:58:37,1
07FUX7B7SI,116.639,39.9014,0,0,0,0,14-3-31 1:59:8,1
07FUX7B7SI,116.639,39.9014,0,0,0,0,14-3-31 1:59:41,1
07FUX7B7SI,116.639,39.9014,0,0,0,0,14-3-31 2:0:12,1
07FUX7B7SI,116.639,39.9014,0,0,0,0,14-3-31 2:0:44,1
07FUX7B7SI,116.639,39.9014,0,0,0,0,14-3-31 2:1:15,1
07FUX7B7SI,116.639,39.9014,0,0,0,0,14-3-31 2:1:46,1
07FUX7B7SI,116.639,39.9014,0,0,0,0,14-3-31 2:2:17,1
07FUX7B7SI,116.639,39.9014,0,0,0,0,14-3-31 2:2:48,1
07FUX7B7SI,116.639,39.9014,0,0,0,0,14-3-31 2:3:21,1
07FUX7B7SI,116.639,39.9014,0,0,0,0,14-3-31 2:3:52,1
07FUX7B7SI,116.639,39.9014,0,0,0,0,14-3-31 2:4:27,1
07FUX7B7SI,116.639,39.9014,0,0,0,0,14-3-31 2:4:59,1
07FUX7B7SI,116.639,39.9014,0,0,0,0,14-3-31 2:5:30,1
07FUX7B7SI,116.639,39.9014,0,0,0,0,14-3-31 2:6:36,1
07FUX7B7SI,116.639,39.9014,0,0,0,0,14-3-31 2:7:6,1
07FUX7B7SI,116.639,39.9014,0,0,0,0,14-3-31 2:7:39,1
07FUX7B7SI,116.639,39.9014,0,0,0,0,14-3-31 2:8:10,1
07FUX7B7SI,116.639,39.9014,0,0,0,0,14-3-31 2:8:41,1
07FUX7B7SI,116.639,39.9014,0,0,0,0,14-3-31 2:9:13,1
07FUX7B7SI,116.639,39.9014,0,0,0,0,14-3-31 2:9:45,1
07FUX7B7SI,116.639,39.9014,0,0,0,0,14-3-31 2:10:17,1
07FUX7B7SI,116.639,39.9014,0,0,0,0,14-3-31 2:10:49,1
07FUX7B7SI,116.639,39.9014,0,0,0,0,14-3-31 2:11:21,1
07FUX7B7SI,116.639,39.9014,0,0,0,0,14-3-31 2:11:53,1
07FUX7B7SI,116.639,39.9014,0,0,0,0,14-3-31 2:12:25,1
07FUX7B7SI,116.639,39.9014,0,0,0,0,14-3-31 2:12:56,1
07FUX7B7SI,116.639,39.9014,0,0,0,0,14-3-31 2:13:28,1
07FUX7B7SI,116.639,39.9014,0,0,0,0,14-3-31 2:13:59,1
07FUX7B7SI,116.639,39.9014,0,0,0,0,14-3-31 2:14:31,1
07FUX7B7SI,116.639,39.9014,0,0,0,0,14-3-31 2:15:3,1
07FUX7B7SI,116.639,39.9014,0,0,0,0,14-3-31 2:16:7,1
07FUX7B7SI,116.639,39.9014,0,0,0,0,14-3-31 2:16:37,1
07FUX7B7SI,116.639,39.9014,0,0,0,0,14-3-31 2:17:12,1
07FUX7B7SI,116.639,39.9014,0,0,0,0,14-3-31 2:17:41,1
07FUX7B7SI,116.639,39.9014,0,0,0,0,14-3-31 2:18:12,1
07FUX7B7SI,116.639,39.9014,0,0,0,0,14-3-31 2:18:44,1
07FUX7B7SI,116.639,39.9014,0,0,0,0,14-3-31 2:19:15,1
07FUX7B7SI,116.639,39.9014,0,0,0,0,14-3-31 2:19:46,1
07FUX7B7SI,116.639,39.9014,0,0,0,0,14-3-31 2:20:17,1
07FUX7B7SI,116.639,39.9014,0,0,0,0,14-3-31 2:20:48,1
07FUX7B7SI,116.639,39.9014,0,0,0,0,14-3-31 2:21:19,1
07FUX7B7SI,116.639,39.9014,0,0,0,0,14-3-31 2:21:50,1
07FUX7B7SI,116.639,39.9014,0,0,0,0,14-3-31 2:22:54,1
07FUX7B7SI,116.639,39.9014,0,0,0,0,14-3-31 2:23:24,1
07FUX7B7SI,116.639,39.9014,0,0,0,0,14-3-31 2:23:55,1
07FUX7B7SI,116.639,39.9014,0,0,0,0,14-3-31 2:24:28,1
07FUX7B7SI,116.639,39.9014,0,0,0,0,14-3-31 2:25:0,1
07FUX7B7SI,116.639,39.9014,0,0,0,0,14-3-31 2:25:31,1
07FUX7B7SI,116.639,39.9014,0,0,0,0,14-3-31 2:26:2,1
07FUX7B7SI,116.639,39.9014,0,0,0,0,14-3-31 2:26:34,1
07FUX7B7SI,116.639,39.9014,0,0,0,0,14-3-31 2:27:7,1
07FUX7B7SI,116.639,39.9014,0,0,0,0,14-3-31 2:27:38,1
07FUX7B7SI,116.639,39.9014,0,0,0,0,14-3-31 2:28:9,1
07FUX7B7SI,116.639,39.9014,0,0,0,0,14-3-31 2:28:40,1
07FUX7B7SI,116.639,39.9014,0,0,0,0,14-3-31 2:29:11,1
07FUX7B7SI,116.639,39.9014,0,0,0,0,14-3-31 2:29:43,1
07FUX7B7SI,116.639,39.9014,0,0,0,0,14-3-31 2:30:16,1
07FUX7B7SI,116.639,39.9014,0,0,0,0,14-3-31 2:30:48,1
07FUX7B7SI,116.639,39.9014,0,0,0,0,14-3-31 2:31:19,1
07FUX7B7SI,116.639,39.9014,0,0,0,0,14-3-31 2:31:54,1
07FUX7B7SI,116.639,39.9014,0,0,0,0,14-3-31 2:32:27,1
07FUX7B7SI,116.639,39.9014,0,0,0,0,14-3-31 2:32:59,1
07FUX7B7SI,116.639,39.9014,0,0,0,0,14-3-31 2:33:31,1
07FUX7B7SI,116.639,39.9014,0,0,0,0,14-3-31 2:34:3,1
07FUX7B7SI,116.639,39.9014,0,0,0,0,14-3-31 2:34:35,1
07FUX7B7SI,116.639,39.9014,0,0,0,0,14-3-31 2:35:7,1
07FUX7B7SI,116.639,39.9014,0,0,0,0,14-3-31 2:35:40,1
07FUX7B7SI,116.639,39.9014,0,0,0,0,14-3-31 2:36:11,1
07FUX7B7SI,116.639,39.9014,0,0,0,0,14-3-31 2:36:43,1
07FUX7B7SI,116.639,39.9014,0,0,0,0,14-3-31 2:37:14,1
07FUX7B7SI,116.639,39.9014,0,0,0,0,14-3-31 2:37:45,1
07FUX7B7SI,116.639,39.9014,0,0,0,0,14-3-31 2:38:18,1
07FUX7B7SI,116.639,39.9014,0,0,0,0,14-3-31 2:38:50,1
07FUX7B7SI,116.639,39.9014,0,0,0,0,14-3-31 2:39:22,1
07FUX7B7SI,116.639,39.9014,0,0,0,0,14-3-31 2:39:54,1
07FUX7B7SI,116.639,39.9014,0,0,0,0,14-3-31 2:40:26,1
07FUX7B7SI,116.639,39.9014,0,0,0,0,14-3-31 2:40:59,1
07FUX7B7SI,116.639,39.9014,0,0,0,0,14-3-31 2:41:30,1
07FUX7B7SI,116.639,39.9014,0,0,0,0,14-3-31 2:42:2,1
07FUX7B7SI,116.639,39.9014,0,0,0,0,14-3-31 2:42:34,1
07FUX7B7SI,116.639,39.9014,0,0,0,0,14-3-31 2:43:5,1
07FUX7B7SI,116.639,39.9014,0,0,0,0,14-3-31 2:43:36,1
07FUX7B7SI,116.639,39.9014,0,0,0,0,14-3-31 2:44:8,1
07FUX7B7SI,116.639,39.9014,0,0,0,0,14-3-31 2:44:39,1
07FUX7B7SI,116.639,39.9014,0,0,0,0,14-3-31 2:45:14,1
07FUX7B7SI,116.639,39.9014,0,0,0,0,14-3-31 2:45:46,1
07FUX7B7SI,116.639,39.9014,0,0,0,0,14-3-31 2:46:20,1
07FUX7B7SI,116.639,39.9014,0,0,0,0,14-3-31 2:46:55,1
07FUX7B7SI,116.639,39.9014,0,0,0,0,14-3-31 2:47:26,1
07FUX7B7SI,116.639,39.9014,0,0,0,0,14-3-31 2:47:57,1
07FUX7B7SI,116.639,39.9014,0,0,0,0,14-3-31 2:48:30,1
07FUX7B7SI,116.639,39.9014,0,0,0,0,14-3-31 2:49:1,1
07FUX7B7SI,116.639,39.9014,0,0,0,0,14-3-31 2:49:34,1
07FUX7B7SI,116.639,39.9014,0,0,0,0,14-3-31 2:50:5,1
07FUX7B7SI,116.639,39.9014,0,0,0,0,14-3-31 2:50:36,1
07FUX7B7SI,116.639,39.9014,0,0,0,0,14-3-31 2:51:10,1
07FUX7B7SI,116.639,39.9014,0,0,0,0,14-3-31 2:51:41,1
07FUX7B7SI,116.639,39.9014,0,0,0,0,14-3-31 2:52:12,1
07FUX7B7SI,116.639,39.9014,0,0,0,0,14-3-31 2:52:46,1
07FUX7B7SI,116.639,39.9014,0,0,0,0,14-3-31 2:53:18,1
07FUX7B7SI,116.639,39.9014,0,0,0,0,14-3-31 2:53:49,1
07FUX7B7SI,116.639,39.9014,0,0,0,0,14-3-31 2:54:22,1
07FUX7B7SI,116.639,39.9014,0,0,0,0,14-3-31 2:54:53,1
07FUX7B7SI,116.639,39.9014,0,0,0,0,14-3-31 2:55:25,1
07FUX7B7SI,116.639,39.9014,0,0,0,0,14-3-31 2:55:57,1
07FUX7B7SI,116.639,39.9014,0,0,0,0,14-3-31 2:56:29,1
07FUX7B7SI,116.639,39.9014,0,0,0,0,14-3-31 2:57:0,1
07FUX7B7SI,116.639,39.9014,0,0,0,0,14-3-31 2:57:33,1
07FUX7B7SI,116.639,39.9014,0,0,0,0,14-3-31 2:58:2,1
07FUX7B7SI,116.639,39.9014,0,0,0,0,14-3-31 2:58:33,1
07FUX7B7SI,116.639,39.9014,0,0,0,0,14-3-31 2:59:6,1
07FUX7B7SI,116.639,39.9014,0,0,0,0,14-3-31 2:59:39,1
07FUX7B7SI,116.639,39.9014,0,0,0,0,14-3-31 3:0:11,1
07FUX7B7SI,116.639,39.9014,0,0,0,0,14-3-31 3:0:44,1
07FUX7B7SI,116.639,39.9014,0,0,0,0,14-3-31 3:1:16,1
07FUX7B7SI,116.639,39.9014,0,0,0,0,14-3-31 3:1:48,1
07FUX7B7SI,116.639,39.9014,0,0,0,0,14-3-31 3:2:19,1
07FUX7B7SI,116.639,39.9014,0,0,0,0,14-3-31 3:2:51,1
07FUX7B7SI,116.639,39.9014,0,0,0,0,14-3-31 3:3:24,1
07FUX7B7SI,116.639,39.9014,0,0,0,0,14-3-31 3:3:55,1
07FUX7B7SI,116.639,39.9014,0,0,0,0,14-3-31 3:4:26,1
07FUX7B7SI,116.639,39.9014,0,0,0,0,14-3-31 3:4:58,1
07FUX7B7SI,116.639,39.9014,0,0,0,0,14-3-31 3:5:31,1
07FUX7B7SI,116.639,39.9014,0,0,0,0,14-3-31 3:6:2,1
07FUX7B7SI,116.639,39.9014,0,0,0,0,14-3-31 3:6:33,1
07FUX7B7SI,116.639,39.9014,0,0,0,0,14-3-31 3:7:37,1
07FUX7B7SI,116.639,39.9014,0,0,0,0,14-3-31 3:8:10,1
07FUX7B7SI,116.639,39.9014,0,0,0,0,14-3-31 3:8:40,1
07FUX7B7SI,116.639,39.9014,0,0,0,0,14-3-31 3:9:12,1
07FUX7B7SI,116.639,39.9014,0,0,0,0,14-3-31 3:9:44,1
07FUX7B7SI,116.639,39.9014,0,0,0,0,14-3-31 3:10:17,1
07FUX7B7SI,116.639,39.9014,0,0,0,0,14-3-31 3:10:48,1
07FUX7B7SI,116.639,39.9014,0,0,0,0,14-3-31 3:11:19,1
07FUX7B7SI,116.639,39.9014,0,0,0,0,14-3-31 3:11:50,1
07FUX7B7SI,116.639,39.9014,0,0,0,0,14-3-31 3:12:22,1
07FUX7B7SI,116.639,39.9014,0,0,0,0,14-3-31 3:12:56,1
07FUX7B7SI,116.639,39.9014,0,0,0,0,14-3-31 3:13:25,1
07FUX7B7SI,116.639,39.9014,0,0,0,0,14-3-31 3:13:57,1
07FUX7B7SI,116.639,39.9014,0,0,0,0,14-3-31 3:14:29,1
07FUX7B7SI,116.639,39.9014,0,0,0,0,14-3-31 3:15:0,1
07FUX7B7SI,116.639,39.9014,0,0,0,0,14-3-31 3:15:34,1
07FUX7B7SI,116.639,39.9014,0,0,0,0,14-3-31 3:16:3,1
07FUX7B7SI,116.639,39.9014,0,0,0,0,14-3-31 3:16:37,1
07FUX7B7SI,116.639,39.9014,0,0,0,0,14-3-31 3:17:6,1
07FUX7B7SI,116.639,39.9014,0,0,0,0,14-3-31 3:17:37,1
07FUX7B7SI,116.639,39.9014,0,0,0,0,14-3-31 3:18:8,1
07FUX7B7SI,116.639,39.9014,0,0,0,0,14-3-31 3:18:42,1
07FUX7B7SI,116.639,39.9014,0,0,0,0,14-3-31 3:19:11,1
07FUX7B7SI,116.639,39.9014,0,0,0,0,14-3-31 3:19:43,1
07FUX7B7SI,116.639,39.9014,0,0,0,0,14-3-31 3:20:18,1
07FUX7B7SI,116.639,39.9014,0,0,0,0,14-3-31 3:20:52,1
07FUX7B7SI,116.639,39.9014,0,0,0,0,14-3-31 3:21:24,1
07FUX7B7SI,116.639,39.9014,0,0,0,0,14-3-31 3:21:54,1
07FUX7B7SI,116.639,39.9014,0,0,0,0,14-3-31 3:22:26,1
07FUX7B7SI,116.639,39.9014,0,0,0,0,14-3-31 3:22:57,1
07FUX7B7SI,116.639,39.9014,0,0,0,0,14-3-31 3:23:29,1
07FUX7B7SI,116.639,39.9014,0,0,0,0,14-3-31 3:24:0,1
07FUX7B7SI,116.639,39.9014,0,0,0,0,14-3-31 3:24:31,1
07FUX7B7SI,116.639,39.9014,0,0,0,0,14-3-31 3:25:2,1
07FUX7B7SI,116.639,39.9014,0,0,0,0,14-3-31 3:25:33,1
07FUX7B7SI,116.639,39.9014,0,0,0,0,14-3-31 3:26:5,1
07FUX7B7SI,116.639,39.9014,0,0,0,0,14-3-31 3:26:41,1
07FUX7B7SI,116.639,39.9014,0,0,0,0,14-3-31 3:27:12,1
07FUX7B7SI,116.639,39.9014,0,0,0,0,14-3-31 3:27:43,1
07FUX7B7SI,116.639,39.9014,0,0,0,0,14-3-31 3:28:15,1
07FUX7B7SI,116.639,39.9014,0,0,0,0,14-3-31 3:28:45,1
07FUX7B7SI,116.639,39.9014,0,0,0,0,14-3-31 3:29:17,1
07FUX7B7SI,116.639,39.9014,0,0,0,0,14-3-31 3:29:48,1
07FUX7B7SI,116.639,39.9014,0,0,0,0,14-3-31 3:30:20,1
07FUX7B7SI,116.639,39.9014,0,0,0,0,14-3-31 3:30:52,1
07FUX7B7SI,116.639,39.9014,0,0,0,0,14-3-31 3:31:25,1
07FUX7B7SI,116.639,39.9014,0,0,0,0,14-3-31 3:31:55,1
07FUX7B7SI,116.639,39.9014,0,0,0,0,14-3-31 3:32:29,1
07FUX7B7SI,116.639,39.9014,0,0,0,0,14-3-31 3:32:58,1
07FUX7B7SI,116.639,39.9014,0,0,0,0,14-3-31 3:33:31,1
07FUX7B7SI,116.639,39.9014,0,0,0,0,14-3-31 3:34:2,1
07FUX7B7SI,116.639,39.9014,0,0,0,0,14-3-31 3:34:34,1
07FUX7B7SI,116.639,39.9014,0,0,0,0,14-3-31 3:35:6,1
07FUX7B7SI,116.639,39.9014,0,0,0,0,14-3-31 3:35:40,1
07FUX7B7SI,116.639,39.9014,0,0,0,0,14-3-31 3:36:10,1
07FUX7B7SI,116.639,39.9014,0,0,0,0,14-3-31 3:37:12,1
07FUX7B7SI,116.639,39.9014,0,0,0,0,14-3-31 3:37:43,1
07FUX7B7SI,116.639,39.9014,0,0,0,0,14-3-31 3:38:15,1
07FUX7B7SI,116.639,39.9014,0,0,0,0,14-3-31 3:38:46,1
07FUX7B7SI,116.639,39.9014,0,0,0,0,14-3-31 3:39:18,1
07FUX7B7SI,116.639,39.9014,0,0,0,0,14-3-31 3:39:50,1
07FUX7B7SI,116.639,39.9014,0,0,0,0,14-3-31 3:40:23,1
07FUX7B7SI,116.639,39.9014,0,0,0,0,14-3-31 3:40:56,1
07FUX7B7SI,116.639,39.9014,0,0,0,0,14-3-31 3:41:28,1
07FUX7B7SI,116.639,39.9014,0,0,0,0,14-3-31 3:41:59,1
07FUX7B7SI,116.639,39.9014,0,0,0,0,14-3-31 3:42:30,1
07FUX7B7SI,116.639,39.9014,0,0,0,0,14-3-31 3:43:2,1
07FUX7B7SI,116.639,39.9014,0,0,0,0,14-3-31 3:43:33,1
07FUX7B7SI,116.639,39.9014,0,0,0,0,14-3-31 3:44:4,1
07FUX7B7SI,116.639,39.9014,0,0,0,0,14-3-31 3:44:35,1
07FUX7B7SI,116.639,39.9014,0,0,0,0,14-3-31 3:45:6,1
07FUX7B7SI,116.639,39.9014,0,0,0,0,14-3-31 3:45:39,1
07FUX7B7SI,116.639,39.9014,0,0,0,0,14-3-31 3:46:11,1
07FUX7B7SI,116.639,39.9014,0,0,0,0,14-3-31 3:46:44,1
07FUX7B7SI,116.639,39.9014,0,0,0,0,14-3-31 3:47:20,1
07FUX7B7SI,116.639,39.9014,0,0,0,0,14-3-31 3:47:51,1
07FUX7B7SI,116.639,39.9014,0,0,0,0,14-3-31 3:48:22,1
07FUX7B7SI,116.639,39.9014,0,0,0,0,14-3-31 3:48:53,1
07FUX7B7SI,116.639,39.9014,0,0,0,0,14-3-31 3:49:26,1
07FUX7B7SI,116.639,39.9014,0,0,0,0,14-3-31 3:49:57,1
07FUX7B7SI,116.639,39.9014,0,0,0,0,14-3-31 3:50:29,1
07FUX7B7SI,116.639,39.9014,0,0,0,0,14-3-31 3:51:0,1
07FUX7B7SI,116.639,39.9014,0,0,0,0,14-3-31 3:51:31,1
07FUX7B7SI,116.639,39.9014,0,0,0,0,14-3-31 3:52:2,1
07FUX7B7SI,116.639,39.9014,0,0,0,0,14-3-31 3:52:35,1
07FUX7B7SI,116.639,39.9014,0,0,0,0,14-3-31 3:53:7,1
07FUX7B7SI,116.639,39.9014,0,0,0,0,14-3-31 3:53:38,1
07FUX7B7SI,116.639,39.9014,0,0,0,0,14-3-31 3:54:9,1
07FUX7B7SI,116.639,39.9014,0,0,0,0,14-3-31 3:54:41,1
07FUX7B7SI,116.639,39.9014,0,0,0,0,14-3-31 3:55:15,1
07FUX7B7SI,116.639,39.9014,0,0,0,0,14-3-31 3:55:46,1
07FUX7B7SI,116.639,39.9014,0,0,0,0,14-3-31 3:56:18,1
07FUX7B7SI,116.639,39.9014,0,0,0,0,14-3-31 3:56:49,1
07FUX7B7SI,116.639,39.9014,0,0,0,0,14-3-31 3:57:20,1
07FUX7B7SI,116.639,39.9014,0,0,0,0,14-3-31 3:57:54,1
07FUX7B7SI,116.639,39.9014,0,0,0,0,14-3-31 3:58:23,1
07FUX7B7SI,116.639,39.9014,0,0,0,0,14-3-31 3:58:55,1
07FUX7B7SI,116.639,39.9014,0,0,0,0,14-3-31 3:59:29,1
07FUX7B7SI,116.639,39.9014,0,0,0,0,14-3-31 4:0:0,1
07FUX7B7SI,116.639,39.9014,0,0,0,0,14-3-31 4:0:31,1
07FUX7B7SI,116.639,39.9014,0,0,0,0,14-3-31 4:1:4,1
07FUX7B7SI,116.639,39.9014,0,0,0,0,14-3-31 4:1:37,1
07FUX7B7SI,116.639,39.9014,0,0,0,0,14-3-31 4:2:12,1
07FUX7B7SI,116.639,39.9014,0,0,0,0,14-3-31 4:2:43,1
07FUX7B7SI,116.639,39.9014,0,0,0,0,14-3-31 4:3:13,1
07FUX7B7SI,116.639,39.9014,0,0,0,0,14-3-31 4:3:45,1
07FUX7B7SI,116.639,39.9014,0,0,0,0,14-3-31 4:4:17,1
07FUX7B7SI,116.639,39.9014,0,0,0,0,14-3-31 4:4:48,1
07FUX7B7SI,116.639,39.9014,0,0,0,0,14-3-31 4:5:20,1
07FUX7B7SI,116.639,39.9014,0,0,0,0,14-3-31 4:5:52,1
07FUX7B7SI,116.639,39.9014,0,0,0,0,14-3-31 4:6:23,1
07FUX7B7SI,116.639,39.9014,0,0,0,0,14-3-31 4:6:54,1
07FUX7B7SI,116.639,39.9014,0,0,0,0,14-3-31 4:7:25,1
07FUX7B7SI,116.639,39.9014,0,0,0,0,14-3-31 4:7:57,1
07FUX7B7SI,116.639,39.9014,0,0,0,0,14-3-31 4:8:31,1
07FUX7B7SI,116.639,39.9014,0,0,0,0,14-3-31 4:9:2,1
07FUX7B7SI,116.639,39.9014,0,0,0,0,14-3-31 4:9:37,1
07FUX7B7SI,116.639,39.9014,0,0,0,0,14-3-31 4:10:11,1
07FUX7B7SI,116.639,39.9014,0,0,0,0,14-3-31 4:10:42,1
07FUX7B7SI,116.639,39.9014,0,0,0,0,14-3-31 4:11:15,1
07FUX7B7SI,116.639,39.9014,0,0,0,0,14-3-31 4:11:47,1
07FUX7B7SI,116.639,39.9014,0,0,0,0,14-3-31 4:12:20,1
07FUX7B7SI,116.639,39.9014,0,0,0,0,14-3-31 4:12:51,1
07FUX7B7SI,116.639,39.9014,0,0,0,0,14-3-31 4:13:22,1
07FUX7B7SI,116.639,39.9014,0,0,0,0,14-3-31 4:13:54,1
07FUX7B7SI,116.639,39.9014,0,0,0,0,14-3-31 4:14:25,1
07FUX7B7SI,116.639,39.9014,0,0,0,0,14-3-31 4:14:57,1
07FUX7B7SI,116.639,39.9014,0,0,0,0,14-3-31 4:15:29,1
07FUX7B7SI,116.639,39.9014,0,0,0,0,14-3-31 4:16:4,1
07FUX7B7SI,116.639,39.9014,0,0,0,0,14-3-31 4:16:38,1
07FUX7B7SI,116.639,39.9014,0,0,0,0,14-3-31 4:17:9,1
07FUX7B7SI,116.639,39.9014,0,0,0,0,14-3-31 4:17:42,1
07FUX7B7SI,116.639,39.9014,0,0,0,0,14-3-31 4:18:13,1
07FUX7B7SI,116.639,39.9014,0,0,0,0,14-3-31 4:18:44,1
07FUX7B7SI,116.639,39.9014,0,0,0,0,14-3-31 4:19:15,1
07FUX7B7SI,116.639,39.9014,0,0,0,0,14-3-31 4:19:47,1
07FUX7B7SI,116.639,39.9014,0,0,0,0,14-3-31 4:20:18,1
07FUX7B7SI,116.639,39.9014,0,0,0,0,14-3-31 4:20:49,1
07FUX7B7SI,116.639,39.9014,0,0,0,0,14-3-31 4:21:21,1
07FUX7B7SI,116.639,39.9014,0,0,0,0,14-3-31 4:21:54,1
07FUX7B7SI,116.639,39.9014,0,0,0,0,14-3-31 4:22:26,1
07FUX7B7SI,116.639,39.9014,0,0,0,0,14-3-31 4:22:58,1
07FUX7B7SI,116.639,39.9014,0,0,0,0,14-3-31 4:23:30,1
07FUX7B7SI,116.639,39.9014,0,0,0,0,14-3-31 4:24:1,1
07FUX7B7SI,116.639,39.9014,0,0,0,0,14-3-31 4:24:32,1
07FUX7B7SI,116.639,39.9014,0,0,0,0,14-3-31 4:25:3,1
07FUX7B7SI,116.639,39.9014,0,0,0,0,14-3-31 4:25:36,1
07FUX7B7SI,116.639,39.9014,0,0,0,0,14-3-31 4:26:7,1
07FUX7B7SI,116.639,39.9014,0,0,0,0,14-3-31 4:26:40,1
07FUX7B7SI,116.639,39.9014,0,0,0,0,14-3-31 4:27:11,1
07FUX7B7SI,116.639,39.9014,0,0,0,0,14-3-31 4:27:43,1
07FUX7B7SI,116.639,39.9014,0,0,0,0,14-3-31 4:28:16,1
07FUX7B7SI,116.639,39.9014,0,0,0,0,14-3-31 4:28:47,1
07FUX7B7SI,116.639,39.9014,0,0,0,0,14-3-31 4:29:19,1
07FUX7B7SI,116.639,39.9014,0,0,0,0,14-3-31 4:29:50,1
07FUX7B7SI,116.639,39.9014,0,0,0,0,14-3-31 4:30:25,1
07FUX7B7SI,116.639,39.9014,0,0,0,0,14-3-31 4:30:56,1
07FUX7B7SI,116.639,39.9014,0,0,0,0,14-3-31 4:31:27,1
07FUX7B7SI,116.639,39.9014,0,0,0,0,14-3-31 4:31:58,1
07FUX7B7SI,116.639,39.9014,0,0,0,0,14-3-31 4:32:29,1
07FUX7B7SI,116.639,39.9014,0,0,0,0,14-3-31 4:33:0,1
07FUX7B7SI,116.639,39.9014,0,0,0,0,14-3-31 4:33:32,1
07FUX7B7SI,116.639,39.9014,0,0,0,0,14-3-31 4:34:3,1
07FUX7B7SI,116.639,39.9014,0,0,0,0,14-3-31 4:34:35,1
07FUX7B7SI,116.639,39.9014,0,0,0,0,14-3-31 4:35:7,1
07FUX7B7SI,116.639,39.9014,0,0,0,0,14-3-31 4:35:38,1
07FUX7B7SI,116.639,39.9014,0,0,0,0,14-3-31 4:36:9,1
07FUX7B7SI,116.639,39.9014,0,0,0,0,14-3-31 4:36:40,1
07FUX7B7SI,116.639,39.9014,0,0,0,0,14-3-31 4:37:15,1
07FUX7B7SI,116.639,39.9014,0,0,0,0,14-3-31 4:37:46,1
07FUX7B7SI,116.639,39.9014,0,0,0,0,14-3-31 4:38:18,1
07FUX7B7SI,116.639,39.9014,0,0,0,0,14-3-31 4:38:50,1
