137GXUB7SI,121.289,31.36,0,0,0,0,14-3-29 17:38:43,0
137GXUB7SI,121.289,31.36,0,0,0,0,14-3-29 17:38:54,0
137GXUB7SI,121.289,31.36,0,0,0,0,14-3-29 17:39:7,0
137GXUB7SI,121.289,31.36,0,0,0,0,14-3-29 17:41:4,0
137GXUB7SI,121.289,31.36,0,0,0,0,14-3-29 17:43:5,0
137GXUB7SI,121.289,31.36,0,0,0,0,14-3-29 17:45:6,0
137GXUB7SI,121.289,31.36,0,0,0,0,14-3-29 17:47:7,0
137GXUB7SI,121.289,31.36,0,0,0,0,14-3-29 17:49:8,0
137GXUB7SI,121.359,31.2869,0,0,0,0,14-3-29 17:51:9,1
137GXUB7SI,121.359,31.2869,0,0,0,0,14-3-29 17:53:10,0
137GXUB7SI,121.359,31.2869,0,0,0,0,14-3-29 17:55:11,0
137GXUB7SI,121.343,31.2888,0,0,0,0,14-3-29 17:57:12,1
137GXUB7SI,121.343,31.2888,0,0,0,0,14-3-29 17:59:13,0
137GXUB7SI,121.343,31.2888,0,0,0,0,14-3-29 18:1:14,0
137GXUB7SI,121.343,31.2888,0,0,0,0,14-3-29 18:3:15,0
137GXUB7SI,121.343,31.2888,0,0,0,0,14-3-29 18:5:16,0
137GXUB7SI,121.343,31.2888,0,0,0,0,14-3-29 18:5:42,0
137GXUB7SI,121.343,31.2888,0,0,0,0,14-3-29 18:5:51,0
137GXUB7SI,121.343,31.2888,0,0,0,0,14-3-29 18:6:0,0
137GXUB7SI,121.343,31.2888,0,0,0,0,14-3-29 18:14:2,0
137GXUB7SI,121.343,31.2888,0,0,0,0,14-3-29 18:14:13,0
137GXUB7SI,121.343,31.2888,0,0,0,0,14-3-29 18:14:26,0
137GXUB7SI,121.343,31.2888,0,0,0,0,14-3-29 18:16:27,0
137GXUB7SI,121.343,31.2888,0,0,0,0,14-3-29 18:18:28,0
137GXUB7SI,121.343,31.2302,0,0,0,0,14-3-29 18:20:29,1
137GXUB7SI,121.339,31.2255,0,0,0,0,14-3-29 18:22:30,1
137GXUB7SI,121.339,31.2255,0,0,0,0,14-3-29 18:24:31,1
137GXUB7SI,121.323,31.2233,0,0,0,0,14-3-29 18:26:32,1
137GXUB7SI,121.323,31.2233,0,0,0,0,14-3-29 18:28:33,1
137GXUB7SI,121.323,31.2233,0,0,0,0,14-3-29 18:30:34,0
137GXUB7SI,121.296,31.2239,0,0,0,0,14-3-29 18:32:35,1
137GXUB7SI,121.299,31.2274,0,0,0,0,14-3-29 18:34:36,1
137GXUB7SI,121.301,31.2222,0,0,0,0,14-3-29 18:36:37,1
137GXUB7SI,121.296,31.2239,0,0,0,0,14-3-29 18:38:38,1
137GXUB7SI,121.296,31.2239,0,0,0,0,14-3-29 18:40:39,0
137GXUB7SI,121.301,31.1996,0,0,0,0,14-3-29 18:42:40,1
137GXUB7SI,121.301,31.1996,0,0,0,0,14-3-29 18:44:41,1
137GXUB7SI,121.301,31.1996,0,0,0,0,14-3-29 18:46:42,0
137GXUB7SI,121.301,31.1996,0,0,0,0,14-3-29 18:48:43,0
137GXUB7SI,121.301,31.1996,0,0,0,0,14-3-29 18:50:44,0
137GXUB7SI,121.301,31.1996,0,0,0,0,14-3-29 18:52:45,0
137GXUB7SI,121.301,31.1996,0,0,0,0,14-3-29 18:54:46,0
137GXUB7SI,121.301,31.1996,0,0,0,0,14-3-29 18:56:47,0
137GXUB7SI,121.301,31.1996,0,0,0,0,14-3-29 18:58:48,0
137GXUB7SI,121.301,31.1996,0,0,0,0,14-3-29 19:0:49,0
137GXUB7SI,121.301,31.1996,0,0,0,0,14-3-29 19:2:50,0
137GXUB7SI,121.301,31.1996,0,0,0,0,14-3-29 19:4:51,0
137GXUB7SI,121.301,31.1996,0,0,0,0,14-3-29 19:6:52,0
137GXUB7SI,121.301,31.1996,0,0,0,0,14-3-29 19:8:53,0
137GXUB7SI,121.301,31.1996,0,0,0,0,14-3-29 19:10:54,0
137GXUB7SI,121.301,31.1996,0,0,0,0,14-3-29 19:12:55,0
137GXUB7SI,121.301,31.1996,0,0,0,0,14-3-29 19:14:54,0
137GXUB7SI,121.301,31.1996,0,0,0,0,14-3-29 19:16:55,0
137GXUB7SI,121.301,31.1996,0,0,0,0,14-3-29 19:18:56,0
137GXUB7SI,121.301,31.1996,0,0,0,0,14-3-29 19:20:58,0
137GXUB7SI,121.301,31.1996,0,0,0,0,14-3-29 19:22:58,0
137GXUB7SI,121.301,31.1996,0,0,0,0,14-3-29 19:24:59,0
137GXUB7SI,121.301,31.1996,0,0,0,0,14-3-29 19:27:0,0
137GXUB7SI,121.301,31.1996,0,0,0,0,14-3-29 19:29:1,0
137GXUB7SI,121.301,31.1996,0,0,0,0,14-3-29 19:31:2,0
137GXUB7SI,121.301,31.1996,0,0,0,0,14-3-29 19:33:3,0
137GXUB7SI,121.301,31.1996,0,0,0,0,14-3-29 19:35:4,0
137GXUB7SI,121.301,31.1996,0,0,0,0,14-3-29 19:37:5,0
137GXUB7SI,121.301,31.1996,0,0,0,0,14-3-29 19:39:6,0
137GXUB7SI,121.301,31.1996,0,0,0,0,14-3-29 19:41:7,0
137GXUB7SI,121.301,31.1996,0,0,0,0,14-3-29 19:43:8,0
137GXUB7SI,121.301,31.1996,0,0,0,0,14-3-29 19:45:9,0
137GXUB7SI,121.301,31.1996,0,0,0,0,14-3-29 19:47:10,0
137GXUB7SI,121.301,31.1996,0,0,0,0,14-3-29 19:49:11,0
137GXUB7SI,121.301,31.1996,0,0,0,0,14-3-29 19:51:12,0
137GXUB7SI,121.301,31.1996,0,0,0,0,14-3-29 19:53:13,0
137GXUB7SI,121.301,31.1996,0,0,0,0,14-3-29 19:55:14,0
137GXUB7SI,121.301,31.1996,0,0,0,0,14-3-29 19:57:15,0
137GXUB7SI,121.301,31.1996,0,0,0,0,14-3-29 19:59:16,0
137GXUB7SI,121.301,31.1996,0,0,0,0,14-3-29 20:1:17,0
137GXUB7SI,121.301,31.1996,0,0,0,0,14-3-29 20:3:18,0
137GXUB7SI,121.301,31.1996,0,0,0,0,14-3-29 20:5:19,0
137GXUB7SI,121.301,31.1996,0,0,0,0,14-3-29 20:7:20,0
137GXUB7SI,121.301,31.1996,0,0,0,0,14-3-29 20:9:21,0
137GXUB7SI,121.272,31.1804,0,0,0,0,14-3-29 20:11:22,1
137GXUB7SI,121.287,31.1561,0,0,0,0,14-3-29 20:13:23,1
137GXUB7SI,121.298,31.1266,0,0,0,0,14-3-29 20:17:26,1
137GXUB7SI,121.296,31.0966,0,0,0,0,14-3-29 20:19:26,1
137GXUB7SI,121.296,31.0966,0,0,0,0,14-3-29 20:21:27,0
137GXUB7SI,121.298,31.0624,0,0,0,0,14-3-29 20:23:28,1
137GXUB7SI,121.273,31.0445,0,0,0,0,14-3-29 20:25:29,1
137GXUB7SI,121.247,31.0307,0,0,0,0,14-3-29 20:27:30,1
137GXUB7SI,121.247,31.0307,0,0,0,0,14-3-29 20:29:31,0
137GXUB7SI,121.247,31.0307,0,0,0,0,14-3-29 20:31:32,0
137GXUB7SI,121.163,31.0192,0,0,0,0,14-3-29 20:33:33,1
137GXUB7SI,121.148,31.0134,0,0,0,0,14-3-29 20:35:34,1
137GXUB7SI,121.148,31.0134,0,0,0,0,14-3-29 20:37:35,0
137GXUB7SI,121.094,30.9635,0,0,0,0,14-3-29 20:41:38,1
137GXUB7SI,121.094,30.9635,0,0,0,0,14-3-29 20:43:38,0
137GXUB7SI,121.07,30.9237,0,0,0,0,14-3-29 20:45:39,1
137GXUB7SI,121.048,30.9073,0,0,0,0,14-3-29 20:47:40,1
137GXUB7SI,121.048,30.9073,0,0,0,0,14-3-29 20:49:41,0
137GXUB7SI,121.048,30.9073,0,0,0,0,14-3-29 20:51:42,0
137GXUB7SI,121.048,30.9073,0,0,0,0,14-3-29 20:53:43,0
137GXUB7SI,121.048,30.9073,0,0,0,0,14-3-29 20:55:44,0
137GXUB7SI,121.048,30.9073,0,0,0,0,14-3-29 20:57:45,0
137GXUB7SI,121.048,30.9073,0,0,0,0,14-3-29 20:59:46,0
137GXUB7SI,121.048,30.9073,0,0,0,0,14-3-29 21:1:47,0
137GXUB7SI,121.048,30.9073,0,0,0,0,14-3-29 21:3:48,0
137GXUB7SI,121.048,30.9073,0,0,0,0,14-3-29 21:5:49,0
137GXUB7SI,121.048,30.9073,0,0,0,0,14-3-29 21:7:50,0
137GXUB7SI,121.048,30.9073,0,0,0,0,14-3-29 21:9:51,0
137GXUB7SI,121.048,30.9073,0,0,0,0,14-3-29 21:11:52,0
137GXUB7SI,121.048,30.9073,0,0,0,0,14-3-29 21:13:51,0
137GXUB7SI,121.03,30.8916,0,0,0,0,14-3-29 21:15:52,1
137GXUB7SI,121.011,30.8741,0,0,0,0,14-3-29 21:17:53,1
137GXUB7SI,121.011,30.8741,0,0,0,0,14-3-29 21:19:54,0
137GXUB7SI,120.985,30.8472,0,0,0,0,14-3-29 21:21:55,1
137GXUB7SI,120.976,30.8319,0,0,0,0,14-3-29 21:23:56,1
137GXUB7SI,120.951,30.8045,0,0,0,0,14-3-29 21:25:57,1
137GXUB7SI,120.941,30.7945,0,0,0,0,14-3-29 21:27:58,1
137GXUB7SI,120.932,30.7882,0,0,0,0,14-3-29 21:29:59,1
137GXUB7SI,120.898,30.7665,0,0,0,0,14-3-29 21:32:0,1
137GXUB7SI,120.887,30.7401,0,0,0,0,14-3-29 21:34:1,1
137GXUB7SI,120.863,30.7403,0,0,0,0,14-3-29 21:36:2,1
137GXUB7SI,120.842,30.7204,0,0,0,0,14-3-29 21:38:3,1
137GXUB7SI,120.842,30.7204,0,0,0,0,14-3-29 21:40:4,1
137GXUB7SI,120.801,30.6858,0,0,0,0,14-3-29 21:42:5,1
137GXUB7SI,120.786,30.6778,0,0,0,0,14-3-29 21:44:7,1
137GXUB7SI,120.755,30.6659,0,0,0,0,14-3-29 21:46:7,1
137GXUB7SI,120.755,30.6659,0,0,0,0,14-3-29 21:50:10,0
137GXUB7SI,120.679,30.6275,0,0,0,0,14-3-29 21:52:10,1
137GXUB7SI,120.672,30.6226,0,0,0,0,14-3-29 21:56:13,1
137GXUB7SI,120.672,30.6226,0,0,0,0,14-3-29 21:58:13,1
137GXUB7SI,120.672,30.6226,0,0,0,0,14-3-29 22:0:14,1
137GXUB7SI,120.672,30.6226,0,0,0,0,14-3-29 22:4:17,1
137GXUB7SI,120.672,30.6226,0,0,0,0,14-3-29 22:6:17,1
137GXUB7SI,120.672,30.6226,0,0,0,0,14-3-29 22:10:20,1
137GXUB7SI,120.672,30.6226,0,0,0,0,14-3-29 22:12:20,1
137GXUB7SI,120.672,30.6226,0,0,0,0,14-3-29 22:14:19,1
137GXUB7SI,120.672,30.6226,0,0,0,0,14-3-29 22:16:20,1
137GXUB7SI,120.672,30.6226,0,0,0,0,14-3-29 22:18:21,1
137GXUB7SI,120.659,30.6128,0,0,0,0,14-3-29 22:20:22,1
137GXUB7SI,120.646,30.5999,0,0,0,0,14-3-29 22:22:23,1
137GXUB7SI,120.624,30.5754,0,0,0,0,14-3-29 22:24:26,1
137GXUB7SI,120.605,30.556,0,0,0,0,14-3-29 22:26:25,1
137GXUB7SI,120.555,30.5348,0,0,0,0,14-3-29 22:30:28,1
137GXUB7SI,120.524,30.5251,0,0,0,0,14-3-29 22:32:28,1
137GXUB7SI,120.495,30.5061,0,0,0,0,14-3-29 22:34:29,1
137GXUB7SI,120.502,30.5092,0,0,0,0,14-3-29 22:36:30,1
137GXUB7SI,120.454,30.4855,0,0,0,0,14-3-29 22:38:31,1
137GXUB7SI,120.425,30.4714,0,0,0,0,14-3-29 22:40:32,1
137GXUB7SI,120.405,30.4548,0,0,0,0,14-3-29 22:42:34,1
137GXUB7SI,120.393,30.437,0,0,0,0,14-3-29 22:44:34,1
137GXUB7SI,120.364,30.4214,0,0,0,0,14-3-29 22:46:35,1
137GXUB7SI,120.34,30.4045,0,0,0,0,14-3-29 22:48:36,1
137GXUB7SI,120.34,30.4045,0,0,0,0,14-3-29 22:50:37,0
137GXUB7SI,120.34,30.4045,0,0,0,0,14-3-29 22:54:41,0
137GXUB7SI,120.34,30.4045,0,0,0,0,14-3-29 22:56:41,0
137GXUB7SI,120.247,30.3587,0,0,0,0,14-3-29 22:58:42,1
137GXUB7SI,120.222,30.3678,0,0,0,0,14-3-29 23:0:43,1
137GXUB7SI,120.176,30.3922,0,0,0,0,14-3-29 23:4:47,1
137GXUB7SI,120.166,30.3913,0,0,0,0,14-3-29 23:6:46,1
137GXUB7SI,120.166,30.3913,0,0,0,0,14-3-29 23:8:47,0
137GXUB7SI,120.166,30.3913,0,0,0,0,14-3-29 23:10:48,0
137GXUB7SI,120.166,30.3913,0,0,0,0,14-3-29 23:14:51,0
137GXUB7SI,120.166,30.3913,0,0,0,0,14-3-29 23:16:49,0
137GXUB7SI,120.05,30.3188,0,0,0,0,14-3-29 23:18:50,1
137GXUB7SI,120.044,30.3069,0,0,0,0,14-3-29 23:20:51,1
137GXUB7SI,120.041,30.2754,0,0,0,0,14-3-29 23:22:52,1
137GXUB7SI,120.035,30.2558,0,0,0,0,14-3-29 23:24:53,1
137GXUB7SI,120.046,30.2346,0,0,0,0,14-3-29 23:26:54,1
137GXUB7SI,120.053,30.2265,0,0,0,0,14-3-29 23:28:55,1
137GXUB7SI,120.056,30.2137,0,0,0,0,14-3-29 23:30:56,1
137GXUB7SI,120.053,30.2081,0,0,0,0,14-3-29 23:32:57,1
137GXUB7SI,120.062,30.1784,0,0,0,0,14-3-29 23:34:58,1
137GXUB7SI,120.079,30.1586,0,0,0,0,14-3-29 23:36:59,1
137GXUB7SI,120.099,30.1437,0,0,0,0,14-3-29 23:39:0,1
137GXUB7SI,120.105,30.1252,0,0,0,0,14-3-29 23:41:1,1
137GXUB7SI,120.1,30.1098,0,0,0,0,14-3-29 23:43:2,1
137GXUB7SI,120.08,30.0863,0,0,0,0,14-3-29 23:45:3,1
137GXUB7SI,120.064,30.0746,0,0,0,0,14-3-29 23:47:5,1
137GXUB7SI,120.04,30.0471,0,0,0,0,14-3-29 23:49:5,1
137GXUB7SI,120.038,30.0335,0,0,0,0,14-3-29 23:51:6,1
137GXUB7SI,120.027,30.0156,0,0,0,0,14-3-29 23:53:7,1
137GXUB7SI,120.002,30.003,0,0,0,0,14-3-29 23:55:8,1
137GXUB7SI,119.985,30.0029,0,0,0,0,14-3-29 23:57:9,1
137GXUB7SI,119.953,30.0026,0,0,0,0,14-3-29 23:59:10,1
137GXUB7SI,119.935,29.9913,0,0,0,0,14-3-30 0:1:11,1
137GXUB7SI,119.919,29.9742,0,0,0,0,14-3-30 0:3:12,1
137GXUB7SI,119.921,29.9501,0,0,0,0,14-3-30 0:5:13,1
137GXUB7SI,119.919,29.9353,0,0,0,0,14-3-30 0:7:14,1
137GXUB7SI,119.902,29.924,0,0,0,0,14-3-30 0:9:15,1
137GXUB7SI,119.872,29.9072,0,0,0,0,14-3-30 0:11:16,1
137GXUB7SI,119.85,29.8858,0,0,0,0,14-3-30 0:15:17,1
137GXUB7SI,119.806,29.8968,0,0,0,0,14-3-30 0:17:17,1
137GXUB7SI,119.821,29.8574,0,0,0,0,14-3-30 0:19:18,1
137GXUB7SI,119.799,29.8451,0,0,0,0,14-3-30 0:21:19,1
137GXUB7SI,119.799,29.8451,0,0,0,0,14-3-30 0:23:20,1
137GXUB7SI,119.799,29.8451,0,0,0,0,14-3-30 0:25:21,1
137GXUB7SI,119.799,29.8451,0,0,0,0,14-3-30 0:27:22,1
137GXUB7SI,119.799,29.8451,0,0,0,0,14-3-30 0:29:23,1
137GXUB7SI,119.799,29.8451,0,0,0,0,14-3-30 0:31:24,1
137GXUB7SI,119.799,29.8451,0,0,0,0,14-3-30 0:33:25,1
137GXUB7SI,119.799,29.8451,0,0,0,0,14-3-30 0:35:26,1
137GXUB7SI,119.799,29.8451,0,0,0,0,14-3-30 0:37:27,1
137GXUB7SI,119.799,29.8451,0,0,0,0,14-3-30 0:39:28,1
137GXUB7SI,119.799,29.8451,0,0,0,0,14-3-30 0:41:29,1
137GXUB7SI,119.799,29.8451,0,0,0,0,14-3-30 0:43:30,1
137GXUB7SI,119.799,29.8451,0,0,0,0,14-3-30 0:45:31,1
137GXUB7SI,119.799,29.8451,0,0,0,0,14-3-30 0:47:32,1
137GXUB7SI,119.799,29.8451,0,0,0,0,14-3-30 0:49:33,1
137GXUB7SI,119.799,29.8451,0,0,0,0,14-3-30 0:51:34,1
137GXUB7SI,119.799,29.8451,0,0,0,0,14-3-30 0:53:35,1
137GXUB7SI,119.799,29.8451,0,0,0,0,14-3-30 0:55:36,1
137GXUB7SI,119.799,29.8451,0,0,0,0,14-3-30 0:57:37,1
137GXUB7SI,119.799,29.8451,0,0,0,0,14-3-30 0:59:38,1
137GXUB7SI,119.799,29.8451,0,0,0,0,14-3-30 1:1:39,1
137GXUB7SI,119.799,29.8451,0,0,0,0,14-3-30 1:3:40,1
137GXUB7SI,119.799,29.8451,0,0,0,0,14-3-30 1:5:41,1
137GXUB7SI,119.799,29.8451,0,0,0,0,14-3-30 1:7:42,1
137GXUB7SI,119.799,29.8451,0,0,0,0,14-3-30 1:9:43,1
137GXUB7SI,119.799,29.8451,0,0,0,0,14-3-30 1:11:44,1
137GXUB7SI,119.799,29.8451,0,0,0,0,14-3-30 1:13:43,1
137GXUB7SI,119.799,29.8451,0,0,0,0,14-3-30 1:15:44,1
137GXUB7SI,119.799,29.8451,0,0,0,0,14-3-30 1:17:45,1
137GXUB7SI,119.799,29.8451,0,0,0,0,14-3-30 1:19:46,1
137GXUB7SI,119.799,29.8451,0,0,0,0,14-3-30 1:21:47,1
137GXUB7SI,119.799,29.8451,0,0,0,0,14-3-30 1:23:48,1
137GXUB7SI,119.799,29.8451,0,0,0,0,14-3-30 1:25:49,1
137GXUB7SI,119.799,29.8451,0,0,0,0,14-3-30 1:27:50,1
137GXUB7SI,119.799,29.8451,0,0,0,0,14-3-30 1:29:51,1
137GXUB7SI,119.799,29.8451,0,0,0,0,14-3-30 1:31:52,1
137GXUB7SI,119.799,29.8451,0,0,0,0,14-3-30 1:33:53,1
137GXUB7SI,119.799,29.8451,0,0,0,0,14-3-30 1:35:54,1
137GXUB7SI,119.799,29.8451,0,0,0,0,14-3-30 1:37:55,1
137GXUB7SI,119.799,29.8451,0,0,0,0,14-3-30 1:39:56,1
137GXUB7SI,119.799,29.8451,0,0,0,0,14-3-30 1:41:57,1
137GXUB7SI,119.799,29.8451,0,0,0,0,14-3-30 1:43:58,1
137GXUB7SI,119.799,29.8451,0,0,0,0,14-3-30 1:45:59,1
137GXUB7SI,119.799,29.8451,0,0,0,0,14-3-30 1:48:0,1
137GXUB7SI,119.799,29.8451,0,0,0,0,14-3-30 1:50:1,1
137GXUB7SI,119.799,29.8451,0,0,0,0,14-3-30 1:52:2,1
137GXUB7SI,119.799,29.8451,0,0,0,0,14-3-30 1:54:3,1
137GXUB7SI,119.799,29.8451,0,0,0,0,14-3-30 1:56:4,1
137GXUB7SI,119.799,29.8451,0,0,0,0,14-3-30 1:58:5,1
137GXUB7SI,119.799,29.8451,0,0,0,0,14-3-30 2:0:6,1
137GXUB7SI,119.799,29.8451,0,0,0,0,14-3-30 2:2:7,1
137GXUB7SI,119.799,29.8451,0,0,0,0,14-3-30 2:4:8,1
137GXUB7SI,119.799,29.8451,0,0,0,0,14-3-30 2:6:9,1
137GXUB7SI,119.799,29.8451,0,0,0,0,14-3-30 2:8:10,1
137GXUB7SI,119.799,29.8451,0,0,0,0,14-3-30 2:10:11,1
137GXUB7SI,119.799,29.8451,0,0,0,0,14-3-30 2:12:12,1
137GXUB7SI,119.799,29.8451,0,0,0,0,14-3-30 2:14:12,1
137GXUB7SI,119.799,29.8451,0,0,0,0,14-3-30 2:16:13,1
137GXUB7SI,119.799,29.8451,0,0,0,0,14-3-30 2:18:14,1
137GXUB7SI,119.799,29.8451,0,0,0,0,14-3-30 2:20:15,1
137GXUB7SI,119.799,29.8451,0,0,0,0,14-3-30 2:22:16,1
137GXUB7SI,119.799,29.8451,0,0,0,0,14-3-30 2:24:17,1
137GXUB7SI,119.799,29.8451,0,0,0,0,14-3-30 2:26:18,1
137GXUB7SI,119.799,29.8451,0,0,0,0,14-3-30 2:28:19,1
137GXUB7SI,119.799,29.8451,0,0,0,0,14-3-30 2:30:20,1
137GXUB7SI,119.799,29.8451,0,0,0,0,14-3-30 2:32:23,1
137GXUB7SI,119.799,29.8451,0,0,0,0,14-3-30 2:34:22,1
137GXUB7SI,119.799,29.8451,0,0,0,0,14-3-30 2:36:23,1
137GXUB7SI,119.799,29.8451,0,0,0,0,14-3-30 2:38:24,1
137GXUB7SI,119.799,29.8451,0,0,0,0,14-3-30 2:40:25,1
137GXUB7SI,119.799,29.8451,0,0,0,0,14-3-30 2:42:26,1
137GXUB7SI,119.799,29.8451,0,0,0,0,14-3-30 2:44:27,1
137GXUB7SI,119.799,29.8451,0,0,0,0,14-3-30 2:46:28,1
137GXUB7SI,119.799,29.8451,0,0,0,0,14-3-30 2:48:29,1
137GXUB7SI,119.799,29.8451,0,0,0,0,14-3-30 2:50:30,1
137GXUB7SI,119.799,29.8451,0,0,0,0,14-3-30 2:52:31,1
137GXUB7SI,119.799,29.8451,0,0,0,0,14-3-30 2:54:32,1
137GXUB7SI,119.799,29.8451,0,0,0,0,14-3-30 2:56:33,1
137GXUB7SI,119.799,29.8451,0,0,0,0,14-3-30 2:58:34,1
137GXUB7SI,119.799,29.8451,0,0,0,0,14-3-30 3:0:35,1
137GXUB7SI,119.799,29.8451,0,0,0,0,14-3-30 3:2:36,1
137GXUB7SI,119.799,29.8451,0,0,0,0,14-3-30 3:4:37,1
137GXUB7SI,119.799,29.8451,0,0,0,0,14-3-30 3:6:38,1
137GXUB7SI,119.799,29.8451,0,0,0,0,14-3-30 3:8:39,1
137GXUB7SI,119.799,29.8451,0,0,0,0,14-3-30 3:10:40,1
137GXUB7SI,119.799,29.8451,0,0,0,0,14-3-30 3:12:41,1
137GXUB7SI,119.799,29.8451,0,0,0,0,14-3-30 3:14:40,1
137GXUB7SI,119.799,29.8451,0,0,0,0,14-3-30 3:16:41,1
137GXUB7SI,119.799,29.8451,0,0,0,0,14-3-30 3:18:42,1
137GXUB7SI,119.799,29.8451,0,0,0,0,14-3-30 3:20:43,1
137GXUB7SI,119.799,29.8451,0,0,0,0,14-3-30 3:22:44,1
137GXUB7SI,119.799,29.8451,0,0,0,0,14-3-30 3:24:45,1
137GXUB7SI,119.799,29.8451,0,0,0,0,14-3-30 3:26:46,1
137GXUB7SI,119.799,29.8451,0,0,0,0,14-3-30 3:28:47,1
137GXUB7SI,119.799,29.8451,0,0,0,0,14-3-30 3:30:48,1
137GXUB7SI,119.799,29.8451,0,0,0,0,14-3-30 3:32:49,1
137GXUB7SI,119.799,29.8451,0,0,0,0,14-3-30 3:34:50,1
137GXUB7SI,119.799,29.8451,0,0,0,0,14-3-30 3:36:51,1
137GXUB7SI,119.799,29.8451,0,0,0,0,14-3-30 3:38:52,1
137GXUB7SI,119.799,29.8451,0,0,0,0,14-3-30 3:40:53,1
137GXUB7SI,119.799,29.8451,0,0,0,0,14-3-30 3:42:54,1
137GXUB7SI,119.799,29.8451,0,0,0,0,14-3-30 3:44:55,1
137GXUB7SI,119.799,29.8451,0,0,0,0,14-3-30 3:46:56,1
137GXUB7SI,119.799,29.8451,0,0,0,0,14-3-30 3:48:57,1
137GXUB7SI,119.799,29.8451,0,0,0,0,14-3-30 3:50:58,1
137GXUB7SI,119.799,29.8451,0,0,0,0,14-3-30 3:52:59,1
137GXUB7SI,119.799,29.8451,0,0,0,0,14-3-30 3:55:0,1
137GXUB7SI,119.799,29.8451,0,0,0,0,14-3-30 3:57:1,1
137GXUB7SI,119.799,29.8451,0,0,0,0,14-3-30 3:59:2,1
137GXUB7SI,119.799,29.8451,0,0,0,0,14-3-30 4:1:3,1
137GXUB7SI,119.799,29.8451,0,0,0,0,14-3-30 4:3:4,1
137GXUB7SI,119.799,29.8451,0,0,0,0,14-3-30 4:5:5,1
137GXUB7SI,119.799,29.8451,0,0,0,0,14-3-30 4:7:6,1
137GXUB7SI,119.799,29.8451,0,0,0,0,14-3-30 4:9:7,1
137GXUB7SI,119.799,29.8451,0,0,0,0,14-3-30 4:11:8,1
137GXUB7SI,119.799,29.8451,0,0,0,0,14-3-30 4:13:9,1
137GXUB7SI,119.799,29.8451,0,0,0,0,14-3-30 4:15:8,1
137GXUB7SI,119.799,29.8451,0,0,0,0,14-3-30 4:17:9,1
137GXUB7SI,119.799,29.8451,0,0,0,0,14-3-30 4:19:10,1
137GXUB7SI,119.799,29.8451,0,0,0,0,14-3-30 4:21:11,1
137GXUB7SI,119.799,29.8451,0,0,0,0,14-3-30 4:23:12,1
137GXUB7SI,119.799,29.8451,0,0,0,0,14-3-30 4:25:13,1
137GXUB7SI,119.799,29.8451,0,0,0,0,14-3-30 4:27:14,1
137GXUB7SI,119.799,29.8451,0,0,0,0,14-3-30 4:29:15,1
137GXUB7SI,119.799,29.8451,0,0,0,0,14-3-30 4:31:16,1
137GXUB7SI,119.799,29.8451,0,0,0,0,14-3-30 4:33:17,1
137GXUB7SI,119.799,29.8451,0,0,0,0,14-3-30 4:35:18,1
137GXUB7SI,119.799,29.8451,0,0,0,0,14-3-30 4:37:19,1
137GXUB7SI,119.799,29.8451,0,0,0,0,14-3-30 4:39:20,1
137GXUB7SI,119.799,29.8451,0,0,0,0,14-3-30 4:41:21,1
137GXUB7SI,119.799,29.8451,0,0,0,0,14-3-30 4:43:22,1
137GXUB7SI,119.799,29.8451,0,0,0,0,14-3-30 4:45:23,1
137GXUB7SI,119.799,29.8451,0,0,0,0,14-3-30 4:47:24,1
137GXUB7SI,119.799,29.8451,0,0,0,0,14-3-30 4:49:25,1
137GXUB7SI,119.799,29.8451,0,0,0,0,14-3-30 4:51:26,1
137GXUB7SI,119.799,29.8451,0,0,0,0,14-3-30 4:53:27,1
137GXUB7SI,119.799,29.8451,0,0,0,0,14-3-30 4:55:28,1
137GXUB7SI,119.799,29.8451,0,0,0,0,14-3-30 4:57:29,1
137GXUB7SI,119.799,29.8451,0,0,0,0,14-3-30 4:59:30,1
137GXUB7SI,119.799,29.8451,0,0,0,0,14-3-30 5:1:31,1
137GXUB7SI,119.799,29.8451,0,0,0,0,14-3-30 5:3:32,1
137GXUB7SI,119.799,29.8451,0,0,0,0,14-3-30 5:5:33,1
137GXUB7SI,119.799,29.8451,0,0,0,0,14-3-30 5:7:34,1
137GXUB7SI,119.799,29.8451,0,0,0,0,14-3-30 5:9:35,1
137GXUB7SI,119.799,29.8451,0,0,0,0,14-3-30 5:11:36,1
137GXUB7SI,119.799,29.8451,0,0,0,0,14-3-30 5:13:35,1
137GXUB7SI,119.799,29.8451,0,0,0,0,14-3-30 5:15:36,1
137GXUB7SI,119.799,29.8451,0,0,0,0,14-3-30 5:17:37,1
137GXUB7SI,119.799,29.8451,0,0,0,0,14-3-30 5:19:38,1
137GXUB7SI,119.799,29.8451,0,0,0,0,14-3-30 5:21:39,1
137GXUB7SI,119.799,29.8451,0,0,0,0,14-3-30 5:23:40,1
137GXUB7SI,119.799,29.8451,0,0,0,0,14-3-30 5:25:41,1
137GXUB7SI,119.799,29.8451,0,0,0,0,14-3-30 5:27:42,1
137GXUB7SI,119.799,29.8451,0,0,0,0,14-3-30 5:29:43,1
137GXUB7SI,119.799,29.8451,0,0,0,0,14-3-30 5:31:44,1
137GXUB7SI,119.799,29.8451,0,0,0,0,14-3-30 5:33:45,1
137GXUB7SI,119.799,29.8451,0,0,0,0,14-3-30 5:35:46,1
137GXUB7SI,119.799,29.8451,0,0,0,0,14-3-30 5:37:47,1
137GXUB7SI,119.799,29.8451,0,0,0,0,14-3-30 5:39:48,1
137GXUB7SI,119.799,29.8451,0,0,0,0,14-3-30 5:41:49,1
137GXUB7SI,119.799,29.8451,0,0,0,0,14-3-30 5:43:50,1
137GXUB7SI,119.799,29.8451,0,0,0,0,14-3-30 5:45:51,1
137GXUB7SI,119.799,29.8451,0,0,0,0,14-3-30 5:47:52,1
137GXUB7SI,119.799,29.8451,0,0,0,0,14-3-30 5:49:53,1
137GXUB7SI,119.799,29.8451,0,0,0,0,14-3-30 5:51:54,1
137GXUB7SI,119.799,29.8451,0,0,0,0,14-3-30 5:53:55,1
137GXUB7SI,119.799,29.8451,0,0,0,0,14-3-30 5:55:56,1
137GXUB7SI,119.799,29.8451,0,0,0,0,14-3-30 5:57:57,1
137GXUB7SI,119.799,29.8451,0,0,0,0,14-3-30 5:59:58,1
137GXUB7SI,119.799,29.8451,0,0,0,0,14-3-30 6:1:59,1
137GXUB7SI,119.799,29.8451,0,0,0,0,14-3-30 6:4:0,1
137GXUB7SI,119.799,29.8451,0,0,0,0,14-3-30 6:6:1,1
137GXUB7SI,119.799,29.8451,0,0,0,0,14-3-30 6:8:2,1
137GXUB7SI,119.799,29.8451,0,0,0,0,14-3-30 6:10:3,1
137GXUB7SI,119.799,29.8451,0,0,0,0,14-3-30 6:12:4,1
137GXUB7SI,119.799,29.8451,0,0,0,0,14-3-30 6:14:3,1
137GXUB7SI,119.799,29.8451,0,0,0,0,14-3-30 6:16:4,1
137GXUB7SI,119.799,29.8451,0,0,0,0,14-3-30 6:18:5,1
137GXUB7SI,119.799,29.8451,0,0,0,0,14-3-30 6:20:6,1
137GXUB7SI,119.799,29.8451,0,0,0,0,14-3-30 6:22:7,1
137GXUB7SI,119.799,29.8451,0,0,0,0,14-3-30 6:24:8,1
137GXUB7SI,119.799,29.8451,0,0,0,0,14-3-30 6:26:9,1
137GXUB7SI,119.799,29.8451,0,0,0,0,14-3-30 6:28:10,1
137GXUB7SI,119.799,29.8451,0,0,0,0,14-3-30 6:30:11,1
137GXUB7SI,119.799,29.8451,0,0,0,0,14-3-30 6:32:12,1
137GXUB7SI,119.799,29.8451,0,0,0,0,14-3-30 6:34:13,1
137GXUB7SI,119.799,29.8451,0,0,0,0,14-3-30 6:36:14,1
137GXUB7SI,119.799,29.8451,0,0,0,0,14-3-30 6:38:15,1
137GXUB7SI,119.799,29.8451,0,0,0,0,14-3-30 6:40:16,1
137GXUB7SI,119.799,29.8451,0,0,0,0,14-3-30 6:42:17,1
137GXUB7SI,119.799,29.8451,0,0,0,0,14-3-30 6:44:18,1
137GXUB7SI,119.799,29.8451,0,0,0,0,14-3-30 6:46:19,1
137GXUB7SI,119.799,29.8451,0,0,0,0,14-3-30 6:48:20,1
137GXUB7SI,119.799,29.8451,0,0,0,0,14-3-30 6:50:21,1
137GXUB7SI,119.799,29.8451,0,0,0,0,14-3-30 6:52:22,1
137GXUB7SI,119.799,29.8451,0,0,0,0,14-3-30 6:54:23,1
137GXUB7SI,119.799,29.8451,0,0,0,0,14-3-30 6:56:24,1
137GXUB7SI,119.799,29.8451,0,0,0,0,14-3-30 6:58:25,1
137GXUB7SI,119.799,29.8451,0,0,0,0,14-3-30 7:0:26,1
137GXUB7SI,119.799,29.8451,0,0,0,0,14-3-30 7:2:27,1
137GXUB7SI,119.799,29.8451,0,0,0,0,14-3-30 7:4:28,1
137GXUB7SI,119.799,29.8451,0,0,0,0,14-3-30 7:6:29,1
137GXUB7SI,119.799,29.8451,0,0,0,0,14-3-30 7:8:30,1
137GXUB7SI,119.799,29.8451,0,0,0,0,14-3-30 7:10:31,1
137GXUB7SI,119.799,29.8451,0,0,0,0,14-3-30 7:12:32,1
137GXUB7SI,119.799,29.8451,0,0,0,0,14-3-30 7:14:32,1
137GXUB7SI,119.799,29.8451,0,0,0,0,14-3-30 7:16:33,1
137GXUB7SI,119.799,29.8451,0,0,0,0,14-3-30 7:18:34,1
137GXUB7SI,119.799,29.8451,0,0,0,0,14-3-30 7:20:35,1
137GXUB7SI,119.799,29.8451,0,0,0,0,14-3-30 7:22:36,1
137GXUB7SI,119.78,29.838,0,0,0,0,14-3-30 7:24:37,1
137GXUB7SI,119.778,29.8339,0,0,0,0,14-3-30 7:26:38,1
137GXUB7SI,119.778,29.8339,0,0,0,0,14-3-30 7:28:39,0
137GXUB7SI,119.752,29.8048,0,0,0,0,14-3-30 7:30:40,1
137GXUB7SI,119.752,29.8048,0,0,0,0,14-3-30 7:32:41,0
137GXUB7SI,119.707,29.7662,0,0,0,0,14-3-30 7:34:42,1
137GXUB7SI,119.687,29.7556,0,0,0,0,14-3-30 7:36:43,1
137GXUB7SI,119.653,29.733,0,0,0,0,14-3-30 7:38:44,1
137GXUB7SI,119.635,29.729,0,0,0,0,14-3-30 7:40:45,1
137GXUB7SI,119.609,29.7104,0,0,0,0,14-3-30 7:42:46,1
137GXUB7SI,119.609,29.7104,0,0,0,0,14-3-30 7:44:48,0
137GXUB7SI,119.575,29.6818,0,0,0,0,14-3-30 7:46:49,1
137GXUB7SI,119.54,29.6558,0,0,0,0,14-3-30 7:48:50,1
137GXUB7SI,119.54,29.6558,0,0,0,0,14-3-30 7:50:51,1
137GXUB7SI,119.54,29.6558,0,0,0,0,14-3-30 7:52:52,0
137GXUB7SI,119.508,29.6228,0,0,0,0,14-3-30 7:54:53,1
137GXUB7SI,119.479,29.5969,0,0,0,0,14-3-30 7:56:54,1
137GXUB7SI,119.479,29.5969,0,0,0,0,14-3-30 7:58:55,0
137GXUB7SI,119.433,29.5699,0,0,0,0,14-3-30 8:0:56,1
137GXUB7SI,119.407,29.5558,0,0,0,0,14-3-30 8:2:57,1
137GXUB7SI,119.384,29.5453,0,0,0,0,14-3-30 8:4:58,1
137GXUB7SI,119.384,29.5453,0,0,0,0,14-3-30 8:6:59,0
137GXUB7SI,119.333,29.5267,0,0,0,0,14-3-30 8:9:1,1
137GXUB7SI,119.315,29.5055,0,0,0,0,14-3-30 8:11:1,1
137GXUB7SI,119.307,29.4717,0,0,0,0,14-3-30 8:13:2,1
137GXUB7SI,119.302,29.4645,0,0,0,0,14-3-30 8:15:2,1
137GXUB7SI,119.286,29.4437,0,0,0,0,14-3-30 8:17:3,1
137GXUB7SI,119.256,29.4098,0,0,0,0,14-3-30 8:19:4,1
137GXUB7SI,119.223,29.3956,0,0,0,0,14-3-30 8:21:5,1
137GXUB7SI,119.223,29.3956,0,0,0,0,14-3-30 8:23:6,1
137GXUB7SI,119.202,29.3876,0,0,0,0,14-3-30 8:25:7,1
137GXUB7SI,119.189,29.3771,0,0,0,0,14-3-30 8:27:8,1
137GXUB7SI,119.173,29.3485,0,0,0,0,14-3-30 8:29:9,1
137GXUB7SI,119.168,29.3319,0,0,0,0,14-3-30 8:31:10,1
137GXUB7SI,119.165,29.3271,0,0,0,0,14-3-30 8:33:11,1
137GXUB7SI,119.166,29.3087,0,0,0,0,14-3-30 8:35:12,1
137GXUB7SI,119.16,29.2848,0,0,0,0,14-3-30 8:37:13,1
137GXUB7SI,119.157,29.2547,0,0,0,0,14-3-30 8:39:15,1
137GXUB7SI,119.161,29.2338,0,0,0,0,14-3-30 8:41:15,1
137GXUB7SI,119.161,29.2338,0,0,0,0,14-3-30 8:51:28,0
137GXUB7SI,119.161,29.2338,0,0,0,0,14-3-30 8:53:29,0
137GXUB7SI,119.116,29.0624,0,0,0,0,14-3-30 8:55:27,1
137GXUB7SI,119.112,29.0496,0,0,0,0,14-3-30 8:57:28,1
137GXUB7SI,119.095,29.0447,0,0,0,0,14-3-30 8:59:29,1
137GXUB7SI,119.095,29.0447,0,0,0,0,14-3-30 9:1:31,0
137GXUB7SI,119.095,29.0447,0,0,0,0,14-3-30 9:3:31,0
137GXUB7SI,119.095,29.0447,0,0,0,0,14-3-30 9:5:32,0
137GXUB7SI,119.095,29.0447,0,0,0,0,14-3-30 9:7:34,0
137GXUB7SI,119.095,29.0447,0,0,0,0,14-3-30 9:9:34,0
137GXUB7SI,119.095,29.0447,0,0,0,0,14-3-30 9:11:35,0
137GXUB7SI,119.095,29.0447,0,0,0,0,14-3-30 9:13:36,0
137GXUB7SI,119.095,29.0447,0,0,0,0,14-3-30 9:15:37,0
137GXUB7SI,119.095,29.0447,0,0,0,0,14-3-30 9:17:38,0
137GXUB7SI,119.095,29.0447,0,0,0,0,14-3-30 9:19:39,0
137GXUB7SI,118.886,29.0007,0,0,0,0,14-3-30 9:21:40,1
137GXUB7SI,118.886,29.0007,0,0,0,0,14-3-30 9:23:41,0
137GXUB7SI,118.803,28.982,0,0,0,0,14-3-30 9:25:42,1
137GXUB7SI,118.803,28.982,0,0,0,0,14-3-30 9:27:43,0
137GXUB7SI,118.803,28.982,0,0,0,0,14-3-30 9:29:44,0
137GXUB7SI,118.803,28.982,0,0,0,0,14-3-30 9:31:45,0
137GXUB7SI,118.702,28.9513,0,0,0,0,14-3-30 9:33:46,1
137GXUB7SI,118.667,28.9479,0,0,0,0,14-3-30 9:35:47,1
137GXUB7SI,118.637,28.9425,0,0,0,0,14-3-30 9:37:49,1
137GXUB7SI,118.609,28.9444,0,0,0,0,14-3-30 9:39:49,1
137GXUB7SI,118.58,28.949,0,0,0,0,14-3-30 9:41:50,1
137GXUB7SI,118.559,28.9489,0,0,0,0,14-3-30 9:43:53,1
137GXUB7SI,118.53,28.941,0,0,0,0,14-3-30 9:45:52,1
137GXUB7SI,118.53,28.941,0,0,0,0,14-3-30 9:47:53,0
137GXUB7SI,118.53,28.941,0,0,0,0,14-3-30 9:49:54,0
137GXUB7SI,118.53,28.941,0,0,0,0,14-3-30 9:51:55,0
137GXUB7SI,118.53,28.941,0,0,0,0,14-3-30 9:53:56,0
137GXUB7SI,118.53,28.941,0,0,0,0,14-3-30 9:55:57,0
137GXUB7SI,118.53,28.941,0,0,0,0,14-3-30 9:57:58,0
137GXUB7SI,118.53,28.941,0,0,0,0,14-3-30 9:59:59,0
137GXUB7SI,118.53,28.941,0,0,0,0,14-3-30 10:2:0,0
137GXUB7SI,118.53,28.941,0,0,0,0,14-3-30 10:12:11,0
137GXUB7SI,118.53,28.941,0,0,0,0,14-3-30 10:14:11,0
137GXUB7SI,118.53,28.941,0,0,0,0,14-3-30 10:16:12,0
137GXUB7SI,118.53,28.941,0,0,0,0,14-3-30 10:18:13,0
137GXUB7SI,118.53,28.941,0,0,0,0,14-3-30 10:20:15,0
137GXUB7SI,118.53,28.941,0,0,0,0,14-3-30 10:22:15,0
137GXUB7SI,118.166,28.6463,0,0,0,0,14-3-30 10:24:16,1
137GXUB7SI,118.166,28.6463,0,0,0,0,14-3-30 10:26:17,0
137GXUB7SI,118.135,28.609,0,0,0,0,14-3-30 10:28:18,1
137GXUB7SI,118.107,28.5935,0,0,0,0,14-3-30 10:30:19,1
137GXUB7SI,118.07,28.5697,0,0,0,0,14-3-30 10:32:20,1
137GXUB7SI,118.07,28.5697,0,0,0,0,14-3-30 10:34:22,0
137GXUB7SI,118.041,28.5467,0,0,0,0,14-3-30 10:36:23,1
137GXUB7SI,118.041,28.5467,0,0,0,0,14-3-30 10:38:24,0
137GXUB7SI,118,28.5147,0,0,0,0,14-3-30 10:40:25,1
137GXUB7SI,117.962,28.5034,0,0,0,0,14-3-30 10:42:26,1
137GXUB7SI,117.962,28.5034,0,0,0,0,14-3-30 10:44:27,0
137GXUB7SI,117.92,28.4878,0,0,0,0,14-3-30 10:46:28,1
137GXUB7SI,117.92,28.4878,0,0,0,0,14-3-30 10:48:29,0
137GXUB7SI,117.92,28.4878,0,0,0,0,14-3-30 10:50:30,0
137GXUB7SI,117.92,28.4878,0,0,0,0,14-3-30 10:52:31,0
137GXUB7SI,117.92,28.4878,0,0,0,0,14-3-30 10:54:32,0
137GXUB7SI,117.92,28.4878,0,0,0,0,14-3-30 10:56:33,0
137GXUB7SI,117.92,28.4878,0,0,0,0,14-3-30 10:58:34,0
137GXUB7SI,117.92,28.4878,0,0,0,0,14-3-30 11:0:35,0
137GXUB7SI,117.92,28.4878,0,0,0,0,14-3-30 11:2:36,0
137GXUB7SI,117.713,28.3606,0,0,0,0,14-3-30 11:4:37,1
137GXUB7SI,117.683,28.3558,0,0,0,0,14-3-30 11:6:38,1
137GXUB7SI,117.663,28.351,0,0,0,0,14-3-30 11:8:39,1
137GXUB7SI,117.609,28.3574,0,0,0,0,14-3-30 11:10:40,1
137GXUB7SI,117.602,28.3587,0,0,0,0,14-3-30 11:12:41,1
137GXUB7SI,117.58,28.3589,0,0,0,0,14-3-30 11:14:40,1
137GXUB7SI,117.554,28.3532,0,0,0,0,14-3-30 11:16:41,1
137GXUB7SI,117.539,28.3461,0,0,0,0,14-3-30 11:18:42,1
137GXUB7SI,117.49,28.3405,0,0,0,0,14-3-30 11:20:43,1
137GXUB7SI,117.463,28.3473,0,0,0,0,14-3-30 11:22:44,1
137GXUB7SI,117.434,28.3467,0,0,0,0,14-3-30 11:24:45,1
137GXUB7SI,117.408,28.3543,0,0,0,0,14-3-30 11:26:46,1
137GXUB7SI,117.382,28.3565,0,0,0,0,14-3-30 11:28:47,1
137GXUB7SI,117.347,28.3529,0,0,0,0,14-3-30 11:30:48,1
137GXUB7SI,117.33,28.3535,0,0,0,0,14-3-30 11:32:49,1
137GXUB7SI,117.33,28.3535,0,0,0,0,14-3-30 11:34:50,0
137GXUB7SI,117.273,28.3599,0,0,0,0,14-3-30 11:36:51,1
137GXUB7SI,117.273,28.3599,0,0,0,0,14-3-30 11:38:52,0
137GXUB7SI,117.273,28.3599,0,0,0,0,14-3-30 11:40:53,0
137GXUB7SI,117.273,28.3599,0,0,0,0,14-3-30 11:42:54,0
137GXUB7SI,117.163,28.3575,0,0,0,0,14-3-30 11:44:55,1
137GXUB7SI,117.142,28.3557,0,0,0,0,14-3-30 11:46:56,1
137GXUB7SI,117.142,28.3557,0,0,0,0,14-3-30 11:48:57,0
137GXUB7SI,117.142,28.3557,0,0,0,0,14-3-30 11:50:58,0
137GXUB7SI,117.061,28.3415,0,0,0,0,14-3-30 11:52:59,1
137GXUB7SI,117.034,28.3347,0,0,0,0,14-3-30 11:55:0,1
137GXUB7SI,117.034,28.3347,0,0,0,0,14-3-30 11:57:1,1
137GXUB7SI,117.034,28.3347,0,0,0,0,14-3-30 11:59:2,1
137GXUB7SI,117.034,28.3347,0,0,0,0,14-3-30 12:1:5,1
137GXUB7SI,117.034,28.3347,0,0,0,0,14-3-30 12:3:4,1
137GXUB7SI,117.034,28.3347,0,0,0,0,14-3-30 12:5:5,1
137GXUB7SI,117.034,28.3347,0,0,0,0,14-3-30 12:7:6,1
137GXUB7SI,117.034,28.3347,0,0,0,0,14-3-30 12:9:7,1
137GXUB7SI,117.034,28.3347,0,0,0,0,14-3-30 12:11:8,1
137GXUB7SI,117.034,28.3347,0,0,0,0,14-3-30 12:13:9,1
137GXUB7SI,117.034,28.3347,0,0,0,0,14-3-30 12:15:8,1
137GXUB7SI,117.034,28.3347,0,0,0,0,14-3-30 12:17:9,1
137GXUB7SI,117.034,28.3347,0,0,0,0,14-3-30 12:19:10,1
137GXUB7SI,117.034,28.3347,0,0,0,0,14-3-30 12:21:11,1
137GXUB7SI,117.034,28.3347,0,0,0,0,14-3-30 12:23:12,1
137GXUB7SI,117.034,28.3347,0,0,0,0,14-3-30 12:25:13,1
137GXUB7SI,117.034,28.3347,0,0,0,0,14-3-30 12:27:14,1
137GXUB7SI,117.034,28.3347,0,0,0,0,14-3-30 12:29:15,1
137GXUB7SI,117.034,28.3347,0,0,0,0,14-3-30 12:31:16,1
137GXUB7SI,117.016,28.3257,0,0,0,0,14-3-30 12:33:17,1
137GXUB7SI,117.016,28.3257,0,0,0,0,14-3-30 12:35:18,0
137GXUB7SI,116.971,28.3072,0,0,0,0,14-3-30 12:37:19,1
137GXUB7SI,116.971,28.3072,0,0,0,0,14-3-30 12:39:21,0
137GXUB7SI,116.924,28.2879,0,0,0,0,14-3-30 12:41:21,1
137GXUB7SI,116.895,28.2798,0,0,0,0,14-3-30 12:43:22,1
137GXUB7SI,116.867,28.2787,0,0,0,0,14-3-30 12:45:23,1
137GXUB7SI,116.846,28.2774,0,0,0,0,14-3-30 12:47:24,1
137GXUB7SI,116.829,28.2788,0,0,0,0,14-3-30 12:49:25,1
137GXUB7SI,116.785,28.2787,0,0,0,0,14-3-30 12:51:27,1
137GXUB7SI,116.775,28.2783,0,0,0,0,14-3-30 12:53:27,1
137GXUB7SI,116.728,28.2779,0,0,0,0,14-3-30 12:55:28,1
137GXUB7SI,116.716,28.2753,0,0,0,0,14-3-30 12:57:29,1
137GXUB7SI,116.677,28.2713,0,0,0,0,14-3-30 12:59:30,1
137GXUB7SI,116.677,28.2713,0,0,0,0,14-3-30 13:1:31,1
137GXUB7SI,116.627,28.2696,0,0,0,0,14-3-30 13:3:32,1
137GXUB7SI,116.591,28.267,0,0,0,0,14-3-30 13:5:33,1
137GXUB7SI,116.566,28.2721,0,0,0,0,14-3-30 13:7:34,1
137GXUB7SI,116.533,28.2751,0,0,0,0,14-3-30 13:9:35,1
137GXUB7SI,110.52,24.2024,0,0,0,0,14-3-30 13:11:36,1
137GXUB7SI,110.52,24.2024,0,0,0,0,14-3-30 13:13:37,1
137GXUB7SI,110.52,24.2024,0,0,0,0,14-3-30 13:15:38,1
137GXUB7SI,110.52,24.2024,0,0,0,0,14-3-30 13:17:39,1
137GXUB7SI,110.52,24.2024,0,0,0,0,14-3-30 13:19:40,1
137GXUB7SI,110.52,24.2024,0,0,0,0,14-3-30 13:21:41,1
137GXUB7SI,110.52,24.2024,0,0,0,0,14-3-30 13:23:42,1
137GXUB7SI,110.52,24.2024,0,0,0,0,14-3-30 13:25:43,1
137GXUB7SI,110.52,24.2024,0,0,0,0,14-3-30 13:27:45,1
137GXUB7SI,110.52,24.2024,0,0,0,0,14-3-30 13:29:45,1
137GXUB7SI,110.52,24.2024,0,0,0,0,14-3-30 13:31:46,1
137GXUB7SI,110.52,24.2024,0,0,0,0,14-3-30 13:33:49,1
137GXUB7SI,110.52,24.2024,0,0,0,0,14-3-30 13:35:48,1
137GXUB7SI,110.52,24.2024,0,0,0,0,14-3-30 13:37:49,1
137GXUB7SI,110.52,24.2024,0,0,0,0,14-3-30 13:39:50,1
137GXUB7SI,110.52,24.2024,0,0,0,0,14-3-30 13:41:51,1
137GXUB7SI,110.52,24.2024,0,0,0,0,14-3-30 13:43:52,1
137GXUB7SI,110.52,24.2024,0,0,0,0,14-3-30 13:45:53,1
137GXUB7SI,110.52,24.2024,0,0,0,0,14-3-30 13:47:54,1
137GXUB7SI,110.52,24.2024,0,0,0,0,14-3-30 13:49:55,1
137GXUB7SI,110.52,24.2024,0,0,0,0,14-3-30 13:51:56,1
137GXUB7SI,110.52,24.2024,0,0,0,0,14-3-30 13:53:57,1
137GXUB7SI,110.52,24.2024,0,0,0,0,14-3-30 13:55:58,1
137GXUB7SI,110.52,24.2024,0,0,0,0,14-3-30 13:57:59,1
137GXUB7SI,110.52,24.2024,0,0,0,0,14-3-30 14:0:0,1
137GXUB7SI,110.52,24.2024,0,0,0,0,14-3-30 14:2:1,1
137GXUB7SI,110.52,24.2024,0,0,0,0,14-3-30 14:4:2,1
137GXUB7SI,110.52,24.2024,0,0,0,0,14-3-30 14:6:3,1
137GXUB7SI,110.52,24.2024,0,0,0,0,14-3-30 14:8:4,1
137GXUB7SI,110.52,24.2024,0,0,0,0,14-3-30 14:10:6,1
137GXUB7SI,110.52,24.2024,0,0,0,0,14-3-30 14:12:6,1
137GXUB7SI,110.513,24.2028,0,0,0,0,14-3-30 14:14:5,1
137GXUB7SI,116.494,28.2737,0,0,0,0,14-3-30 14:16:6,1
137GXUB7SI,116.449,28.2753,0,0,0,0,14-3-30 14:18:7,1
137GXUB7SI,116.449,28.2753,0,0,0,0,14-3-30 14:20:8,1
137GXUB7SI,116.4,28.2887,0,0,0,0,14-3-30 14:22:9,1
137GXUB7SI,116.4,28.2887,0,0,0,0,14-3-30 14:24:10,0
137GXUB7SI,116.4,28.2887,0,0,0,0,14-3-30 14:26:11,0
137GXUB7SI,116.4,28.2887,0,0,0,0,14-3-30 14:28:12,0
137GXUB7SI,116.295,28.3256,0,0,0,0,14-3-30 14:30:13,1
137GXUB7SI,116.277,28.3311,0,0,0,0,14-3-30 14:32:14,1
137GXUB7SI,116.26,28.3339,0,0,0,0,14-3-30 14:34:15,1
137GXUB7SI,116.23,28.3388,0,0,0,0,14-3-30 14:36:16,1
137GXUB7SI,116.208,28.3425,0,0,0,0,14-3-30 14:38:17,1
137GXUB7SI,116.208,28.3425,0,0,0,0,14-3-30 14:40:18,0
137GXUB7SI,116.208,28.3425,0,0,0,0,14-3-30 14:42:19,0
137GXUB7SI,116.208,28.3425,0,0,0,0,14-3-30 14:44:20,0
137GXUB7SI,116.208,28.3425,0,0,0,0,14-3-30 14:46:21,0
137GXUB7SI,116.208,28.3425,0,0,0,0,14-3-30 14:48:22,0
137GXUB7SI,116.057,28.346,0,0,0,0,14-3-30 14:50:23,1
137GXUB7SI,116.027,28.3505,0,0,0,0,14-3-30 14:52:24,1
137GXUB7SI,116.014,28.3573,0,0,0,0,14-3-30 14:54:25,1
137GXUB7SI,115.981,28.3733,0,0,0,0,14-3-30 14:56:26,1
137GXUB7SI,115.95,28.3839,0,0,0,0,14-3-30 14:58:27,1
137GXUB7SI,115.941,28.3896,0,0,0,0,14-3-30 15:0:28,1
137GXUB7SI,115.913,28.3958,0,0,0,0,14-3-30 15:2:29,1
137GXUB7SI,115.889,28.4066,0,0,0,0,14-3-30 15:4:30,1
137GXUB7SI,115.866,28.4157,0,0,0,0,14-3-30 15:6:31,1
137GXUB7SI,115.831,28.4229,0,0,0,0,14-3-30 15:8:32,1
137GXUB7SI,115.831,28.4229,0,0,0,0,14-3-30 15:10:33,0
137GXUB7SI,115.831,28.4229,0,0,0,0,14-3-30 15:12:35,0
137GXUB7SI,115.771,28.4266,0,0,0,0,14-3-30 15:14:33,1
137GXUB7SI,115.758,28.4081,0,0,0,0,14-3-30 15:16:34,1
137GXUB7SI,115.747,28.3926,0,0,0,0,14-3-30 15:18:36,1
137GXUB7SI,115.747,28.3926,0,0,0,0,14-3-30 15:20:36,0
137GXUB7SI,115.747,28.3926,0,0,0,0,14-3-30 15:22:37,0
137GXUB7SI,115.698,28.3446,0,0,0,0,14-3-30 15:24:38,1
137GXUB7SI,115.665,28.3126,0,0,0,0,14-3-30 15:26:39,1
137GXUB7SI,115.655,28.2974,0,0,0,0,14-3-30 15:28:40,1
137GXUB7SI,115.65,28.2878,0,0,0,0,14-3-30 15:30:41,1
137GXUB7SI,115.652,28.2796,0,0,0,0,14-3-30 15:32:42,1
137GXUB7SI,115.636,28.2533,0,0,0,0,14-3-30 15:34:43,1
137GXUB7SI,115.631,28.2473,0,0,0,0,14-3-30 15:36:44,1
137GXUB7SI,115.613,28.2303,0,0,0,0,14-3-30 15:38:45,1
137GXUB7SI,115.597,28.2078,0,0,0,0,14-3-30 15:40:46,1
137GXUB7SI,115.585,28.1934,0,0,0,0,14-3-30 15:42:47,1
137GXUB7SI,115.566,28.1771,0,0,0,0,14-3-30 15:44:48,1
137GXUB7SI,115.566,28.1771,0,0,0,0,14-3-30 15:46:49,0
137GXUB7SI,115.514,28.1392,0,0,0,0,14-3-30 15:48:50,1
137GXUB7SI,115.498,28.135,0,0,0,0,14-3-30 15:50:53,1
137GXUB7SI,115.498,28.135,0,0,0,0,14-3-30 15:52:52,0
137GXUB7SI,115.498,28.135,0,0,0,0,14-3-30 15:54:53,0
137GXUB7SI,115.434,28.1154,0,0,0,0,14-3-30 15:56:54,1
137GXUB7SI,115.411,28.0956,0,0,0,0,14-3-30 15:58:55,1
137GXUB7SI,115.399,28.0877,0,0,0,0,14-3-30 16:0:56,1
137GXUB7SI,115.373,28.0651,0,0,0,0,14-3-30 16:2:57,1
137GXUB7SI,115.373,28.0651,0,0,0,0,14-3-30 16:4:58,0
137GXUB7SI,115.343,28.0318,0,0,0,0,14-3-30 16:6:59,1
137GXUB7SI,115.322,28.0024,0,0,0,0,14-3-30 16:9:0,1
137GXUB7SI,115.322,28.0024,0,0,0,0,14-3-30 16:11:1,0
137GXUB7SI,115.294,27.9735,0,0,0,0,14-3-30 16:13:2,1
137GXUB7SI,115.284,27.9547,0,0,0,0,14-3-30 16:15:2,1
137GXUB7SI,115.287,27.9257,0,0,0,0,14-3-30 16:17:3,1
137GXUB7SI,115.284,27.9138,0,0,0,0,14-3-30 16:19:4,1
137GXUB7SI,115.283,27.8919,0,0,0,0,14-3-30 16:21:6,1
137GXUB7SI,115.279,27.8483,0,0,0,0,14-3-30 16:23:6,1
137GXUB7SI,115.264,27.8266,0,0,0,0,14-3-30 16:25:7,1
137GXUB7SI,115.255,27.8163,0,0,0,0,14-3-30 16:27:8,1
137GXUB7SI,115.233,27.7975,0,0,0,0,14-3-30 16:29:9,1
137GXUB7SI,115.22,27.7903,0,0,0,0,14-3-30 16:31:10,1
137GXUB7SI,115.183,27.7539,0,0,0,0,14-3-30 16:33:11,1
137GXUB7SI,115.183,27.7539,0,0,0,0,14-3-30 16:35:12,1
137GXUB7SI,115.164,27.7281,0,0,0,0,14-3-30 16:37:13,1
137GXUB7SI,115.156,27.7099,0,0,0,0,14-3-30 16:39:15,1
137GXUB7SI,115.141,27.6762,0,0,0,0,14-3-30 16:41:15,1
137GXUB7SI,115.141,27.6762,0,0,0,0,14-3-30 16:43:16,0
137GXUB7SI,115.125,27.6223,0,0,0,0,14-3-30 16:45:17,1
137GXUB7SI,115.12,27.5982,0,0,0,0,14-3-30 16:47:18,1
137GXUB7SI,115.113,27.573,0,0,0,0,14-3-30 16:49:20,1
137GXUB7SI,115.104,27.5515,0,0,0,0,14-3-30 16:51:20,1
137GXUB7SI,115.091,27.5344,0,0,0,0,14-3-30 16:53:21,1
137GXUB7SI,115.077,27.5177,0,0,0,0,14-3-30 16:55:22,1
137GXUB7SI,115.077,27.5177,0,0,0,0,14-3-30 16:57:23,0
137GXUB7SI,115.077,27.5177,0,0,0,0,14-3-30 16:59:24,0
137GXUB7SI,115.023,27.4471,0,0,0,0,14-3-30 17:1:25,1
137GXUB7SI,115.023,27.4471,0,0,0,0,14-3-30 17:3:26,0
137GXUB7SI,115.023,27.4471,0,0,0,0,14-3-30 17:5:27,0
137GXUB7SI,115.017,27.3886,0,0,0,0,14-3-30 17:7:28,1
137GXUB7SI,115.014,27.3468,0,0,0,0,14-3-30 17:9:29,1
137GXUB7SI,115.014,27.3468,0,0,0,0,14-3-30 17:11:30,0
137GXUB7SI,115.014,27.3101,0,0,0,0,14-3-30 17:13:30,1
137GXUB7SI,115.008,27.2874,0,0,0,0,14-3-30 17:15:31,1
137GXUB7SI,115.001,27.2609,0,0,0,0,14-3-30 17:17:32,1
137GXUB7SI,114.986,27.2332,0,0,0,0,14-3-30 17:19:33,1
137GXUB7SI,114.97,27.2076,0,0,0,0,14-3-30 17:21:34,1
137GXUB7SI,114.97,27.2076,0,0,0,0,14-3-30 17:23:35,0
137GXUB7SI,114.97,27.2076,0,0,0,0,14-3-30 17:25:36,0
137GXUB7SI,114.929,27.1495,0,0,0,0,14-3-30 17:27:37,1
137GXUB7SI,114.921,27.1421,0,0,0,0,14-3-30 17:29:38,1
137GXUB7SI,114.904,27.1165,0,0,0,0,14-3-30 17:31:39,1
137GXUB7SI,114.875,27.0913,0,0,0,0,14-3-30 17:33:40,1
137GXUB7SI,114.863,27.0738,0,0,0,0,14-3-30 17:35:41,1
137GXUB7SI,114.856,27.0601,0,0,0,0,14-3-30 17:37:42,1
137GXUB7SI,114.852,27.0365,0,0,0,0,14-3-30 17:39:43,1
137GXUB7SI,114.85,27.007,0,0,0,0,14-3-30 17:41:44,1
137GXUB7SI,114.85,26.976,0,0,0,0,14-3-30 17:43:45,1
137GXUB7SI,114.851,26.9572,0,0,0,0,14-3-30 17:45:46,1
137GXUB7SI,114.851,26.9572,0,0,0,0,14-3-30 17:47:47,0
137GXUB7SI,114.832,26.8889,0,0,0,0,14-3-30 17:49:48,1
137GXUB7SI,114.832,26.8889,0,0,0,0,14-3-30 17:51:49,1
137GXUB7SI,114.821,26.8653,0,0,0,0,14-3-30 17:53:50,1
137GXUB7SI,114.821,26.8653,0,0,0,0,14-3-30 17:55:51,0
137GXUB7SI,114.805,26.8121,0,0,0,0,14-3-30 17:57:52,1
137GXUB7SI,114.8,26.7885,0,0,0,0,14-3-30 17:59:53,1
137GXUB7SI,114.8,26.7885,0,0,0,0,14-3-30 18:1:54,1
137GXUB7SI,114.78,26.7447,0,0,0,0,14-3-30 18:3:55,1
137GXUB7SI,114.78,26.7447,0,0,0,0,14-3-30 18:5:56,0
137GXUB7SI,114.742,26.712,0,0,0,0,14-3-30 18:7:57,1
137GXUB7SI,114.742,26.712,0,0,0,0,14-3-30 18:9:58,0
137GXUB7SI,114.742,26.712,0,0,0,0,14-3-30 18:11:59,0
137GXUB7SI,114.742,26.712,0,0,0,0,14-3-30 18:13:58,0
137GXUB7SI,114.742,26.712,0,0,0,0,14-3-30 18:15:59,0
137GXUB7SI,114.742,26.712,0,0,0,0,14-3-30 18:18:0,0
137GXUB7SI,114.742,26.712,0,0,0,0,14-3-30 18:20:1,0
137GXUB7SI,114.742,26.712,0,0,0,0,14-3-30 18:22:2,0
137GXUB7SI,114.742,26.712,0,0,0,0,14-3-30 18:24:3,0
137GXUB7SI,114.742,26.712,0,0,0,0,14-3-30 18:26:4,0
137GXUB7SI,114.742,26.712,0,0,0,0,14-3-30 18:28:5,0
137GXUB7SI,114.742,26.712,0,0,0,0,14-3-30 18:30:6,0
137GXUB7SI,114.742,26.712,0,0,0,0,14-3-30 18:32:7,0
137GXUB7SI,114.742,26.712,0,0,0,0,14-3-30 18:34:8,0
137GXUB7SI,114.742,26.712,0,0,0,0,14-3-30 18:36:11,0
137GXUB7SI,114.742,26.712,0,0,0,0,14-3-30 18:38:10,0
137GXUB7SI,114.691,26.3579,0,0,0,0,14-3-30 18:40:11,1
137GXUB7SI,114.685,26.3478,0,0,0,0,14-3-30 18:42:12,1
137GXUB7SI,114.669,26.3302,0,0,0,0,14-3-30 18:44:13,1
137GXUB7SI,114.669,26.3302,0,0,0,0,14-3-30 18:46:14,0
137GXUB7SI,114.661,26.292,0,0,0,0,14-3-30 18:48:15,1
137GXUB7SI,114.657,26.2701,0,0,0,0,14-3-30 18:50:16,1
137GXUB7SI,114.655,26.2485,0,0,0,0,14-3-30 18:52:17,1
137GXUB7SI,114.648,26.2315,0,0,0,0,14-3-30 18:54:19,1
137GXUB7SI,114.648,26.2092,0,0,0,0,14-3-30 18:56:19,1
137GXUB7SI,114.655,26.1922,0,0,0,0,14-3-30 18:58:20,1
137GXUB7SI,114.666,26.1783,0,0,0,0,14-3-30 19:0:21,1
137GXUB7SI,114.671,26.1499,0,0,0,0,14-3-30 19:2:22,1
137GXUB7SI,114.667,26.1279,0,0,0,0,14-3-30 19:4:23,1
137GXUB7SI,114.667,26.1279,0,0,0,0,14-3-30 19:6:24,1
137GXUB7SI,114.679,26.1015,0,0,0,0,14-3-30 19:8:25,1
137GXUB7SI,114.687,26.083,0,0,0,0,14-3-30 19:10:26,1
137GXUB7SI,114.686,26.0599,0,0,0,0,14-3-30 19:12:27,1
137GXUB7SI,114.684,26.0494,0,0,0,0,14-3-30 19:14:26,1
137GXUB7SI,114.683,26.0335,0,0,0,0,14-3-30 19:16:27,1
137GXUB7SI,114.679,26.0155,0,0,0,0,14-3-30 19:18:28,1
137GXUB7SI,114.686,25.9867,0,0,0,0,14-3-30 19:20:29,1
137GXUB7SI,114.694,25.9737,0,0,0,0,14-3-30 19:22:31,1
137GXUB7SI,114.704,25.9504,0,0,0,0,14-3-30 19:24:31,1
137GXUB7SI,114.706,25.94,0,0,0,0,14-3-30 19:26:33,1
137GXUB7SI,114.727,25.9145,0,0,0,0,14-3-30 19:28:34,1
137GXUB7SI,114.73,25.9057,0,0,0,0,14-3-30 19:30:35,1
137GXUB7SI,114.74,25.8773,0,0,0,0,14-3-30 19:32:37,1
137GXUB7SI,114.74,25.8773,0,0,0,0,14-3-30 19:34:39,0
137GXUB7SI,114.74,25.8773,0,0,0,0,14-3-30 19:36:40,0
137GXUB7SI,114.768,25.8283,0,0,0,0,14-3-30 19:38:41,1
137GXUB7SI,114.776,25.7921,0,0,0,0,14-3-30 19:40:42,1
137GXUB7SI,114.779,25.7678,0,0,0,0,14-3-30 19:42:43,1
137GXUB7SI,114.781,25.7645,0,0,0,0,14-3-30 19:44:44,1
137GXUB7SI,114.787,25.7541,0,0,0,0,14-3-30 19:46:45,1
137GXUB7SI,114.787,25.7541,0,0,0,0,14-3-30 19:48:46,0
137GXUB7SI,114.787,25.7541,0,0,0,0,14-3-30 19:50:47,0
137GXUB7SI,114.79,25.6707,0,0,0,0,14-3-30 19:52:49,1
137GXUB7SI,114.79,25.6707,0,0,0,0,14-3-30 19:54:49,0
137GXUB7SI,114.777,25.6334,0,0,0,0,14-3-30 19:56:50,1
137GXUB7SI,114.779,25.6151,0,0,0,0,14-3-30 19:58:51,1
137GXUB7SI,114.777,25.5875,0,0,0,0,14-3-30 20:0:54,1
137GXUB7SI,114.777,25.5875,0,0,0,0,14-3-30 20:2:53,1
137GXUB7SI,114.75,25.5812,0,0,0,0,14-3-30 20:4:54,1
137GXUB7SI,114.729,25.5778,0,0,0,0,14-3-30 20:6:55,1
137GXUB7SI,114.729,25.5778,0,0,0,0,14-3-30 20:8:56,0
137GXUB7SI,114.729,25.5778,0,0,0,0,14-3-30 20:10:57,0
137GXUB7SI,114.658,25.53,0,0,0,0,14-3-30 20:12:58,1
137GXUB7SI,114.631,25.5159,0,0,0,0,14-3-30 20:14:58,1
137GXUB7SI,114.618,25.5038,0,0,0,0,14-3-30 20:16:59,1
137GXUB7SI,114.59,25.4837,0,0,0,0,14-3-30 20:19:0,1
137GXUB7SI,114.587,25.4779,0,0,0,0,14-3-30 20:21:1,1
137GXUB7SI,114.565,25.4674,0,0,0,0,14-3-30 20:23:2,1
137GXUB7SI,114.554,25.4577,0,0,0,0,14-3-30 20:25:3,1
137GXUB7SI,114.491,25.4528,0,0,0,0,14-3-30 20:27:5,1
137GXUB7SI,114.491,25.4528,0,0,0,0,14-3-30 20:29:5,0
137GXUB7SI,114.473,25.4459,0,0,0,0,14-3-30 20:31:6,1
137GXUB7SI,114.438,25.4332,0,0,0,0,14-3-30 20:33:7,1
137GXUB7SI,114.416,25.4291,0,0,0,0,14-3-30 20:35:8,1
137GXUB7SI,114.4,25.4084,0,0,0,0,14-3-30 20:37:9,1
137GXUB7SI,114.393,25.3886,0,0,0,0,14-3-30 20:39:10,1
137GXUB7SI,114.37,25.3688,0,0,0,0,14-3-30 20:41:11,1
137GXUB7SI,114.355,25.357,0,0,0,0,14-3-30 20:43:12,1
137GXUB7SI,114.355,25.357,0,0,0,0,14-3-30 20:45:13,1
137GXUB7SI,114.355,25.357,0,0,0,0,14-3-30 20:47:14,1
137GXUB7SI,114.355,25.357,0,0,0,0,14-3-30 20:49:15,1
137GXUB7SI,114.355,25.357,0,0,0,0,14-3-30 20:51:16,1
137GXUB7SI,114.355,25.357,0,0,0,0,14-3-30 20:53:17,1
137GXUB7SI,114.355,25.357,0,0,0,0,14-3-30 20:55:18,1
137GXUB7SI,114.355,25.357,0,0,0,0,14-3-30 20:57:19,1
137GXUB7SI,114.355,25.357,0,0,0,0,14-3-30 20:59:20,1
137GXUB7SI,114.355,25.357,0,0,0,0,14-3-30 21:1:21,1
137GXUB7SI,114.355,25.357,0,0,0,0,14-3-30 21:3:22,1
137GXUB7SI,114.355,25.357,0,0,0,0,14-3-30 21:5:24,1
137GXUB7SI,114.355,25.357,0,0,0,0,14-3-30 21:7:24,1
137GXUB7SI,114.355,25.357,0,0,0,0,14-3-30 21:9:25,1
137GXUB7SI,114.353,25.3471,0,0,0,0,14-3-30 21:11:26,1
137GXUB7SI,114.353,25.3471,0,0,0,0,14-3-30 21:13:26,1
137GXUB7SI,114.353,25.3471,0,0,0,0,14-3-30 21:15:27,1
137GXUB7SI,114.353,25.3471,0,0,0,0,14-3-30 21:17:28,1
137GXUB7SI,114.353,25.3471,0,0,0,0,14-3-30 21:19:29,1
137GXUB7SI,114.353,25.3471,0,0,0,0,14-3-30 21:21:30,1
137GXUB7SI,114.353,25.3471,0,0,0,0,14-3-30 21:23:31,1
137GXUB7SI,114.353,25.3471,0,0,0,0,14-3-30 21:25:32,1
137GXUB7SI,114.353,25.3471,0,0,0,0,14-3-30 21:27:33,1
137GXUB7SI,114.353,25.3471,0,0,0,0,14-3-30 21:29:34,1
137GXUB7SI,114.353,25.3471,0,0,0,0,14-3-30 21:31:35,1
137GXUB7SI,114.353,25.3471,0,0,0,0,14-3-30 21:33:36,1
137GXUB7SI,114.353,25.3286,0,0,0,0,14-3-30 21:35:37,1
137GXUB7SI,114.353,25.3286,0,0,0,0,14-3-30 21:37:38,0
137GXUB7SI,114.353,25.3286,0,0,0,0,14-3-30 21:39:39,0
137GXUB7SI,114.353,25.3286,0,0,0,0,14-3-30 21:41:40,0
137GXUB7SI,114.353,25.3286,0,0,0,0,14-3-30 21:43:41,0
137GXUB7SI,114.353,25.3286,0,0,0,0,14-3-30 21:45:42,0
137GXUB7SI,114.353,25.3286,0,0,0,0,14-3-30 21:47:43,0
137GXUB7SI,114.35,25.2058,0,0,0,0,14-3-30 21:49:44,1
137GXUB7SI,114.35,25.2058,0,0,0,0,14-3-30 21:51:45,0
137GXUB7SI,114.32,25.1699,0,0,0,0,14-3-30 21:53:46,1
137GXUB7SI,114.305,25.1589,0,0,0,0,14-3-30 21:55:47,1
137GXUB7SI,114.305,25.1589,0,0,0,0,14-3-30 21:57:48,1
137GXUB7SI,114.305,25.1589,0,0,0,0,14-3-30 21:59:49,1
137GXUB7SI,114.305,25.1589,0,0,0,0,14-3-30 22:1:50,1
137GXUB7SI,114.305,25.1589,0,0,0,0,14-3-30 22:3:51,1
137GXUB7SI,114.305,25.1589,0,0,0,0,14-3-30 22:5:53,1
137GXUB7SI,114.305,25.1589,0,0,0,0,14-3-30 22:7:53,1
137GXUB7SI,114.305,25.1589,0,0,0,0,14-3-30 22:9:54,1
137GXUB7SI,114.305,25.1589,0,0,0,0,14-3-30 22:11:55,1
137GXUB7SI,114.305,25.1589,0,0,0,0,14-3-30 22:13:54,1
137GXUB7SI,114.305,25.1589,0,0,0,0,14-3-30 22:15:55,1
137GXUB7SI,114.305,25.1589,0,0,0,0,14-3-30 22:17:56,0
137GXUB7SI,114.274,25.1405,0,0,0,0,14-3-30 22:19:57,1
137GXUB7SI,114.251,25.1286,0,0,0,0,14-3-30 22:21:58,1
137GXUB7SI,114.245,25.102,0,0,0,0,14-3-30 22:23:59,1
137GXUB7SI,114.229,25.108,0,0,0,0,14-3-30 22:26:0,1
137GXUB7SI,114.211,25.0881,0,0,0,0,14-3-30 22:28:1,1
137GXUB7SI,114.211,25.0881,0,0,0,0,14-3-30 22:30:2,1
137GXUB7SI,114.189,25.0479,0,0,0,0,14-3-30 22:32:3,1
137GXUB7SI,114.183,25.0489,0,0,0,0,14-3-30 22:34:4,1
137GXUB7SI,114.132,25.01,0,0,0,0,14-3-30 22:36:5,1
137GXUB7SI,114.11,24.9884,0,0,0,0,14-3-30 22:38:6,1
137GXUB7SI,114.091,24.9824,0,0,0,0,14-3-30 22:40:7,1
137GXUB7SI,114.075,24.9745,0,0,0,0,14-3-30 22:42:9,1
137GXUB7SI,114.046,24.9763,0,0,0,0,14-3-30 22:44:10,1
137GXUB7SI,114.046,24.9763,0,0,0,0,14-3-30 22:46:10,0
137GXUB7SI,114.013,24.9873,0,0,0,0,14-3-30 22:48:11,1
137GXUB7SI,113.998,24.9929,0,0,0,0,14-3-30 22:50:12,1
137GXUB7SI,113.967,24.9949,0,0,0,0,14-3-30 22:52:13,1
137GXUB7SI,113.934,24.992,0,0,0,0,14-3-30 22:54:14,1
137GXUB7SI,113.908,24.9817,0,0,0,0,14-3-30 22:56:16,1
137GXUB7SI,113.908,24.9817,0,0,0,0,14-3-30 22:58:16,1
137GXUB7SI,113.908,24.9817,0,0,0,0,14-3-30 23:0:17,1
137GXUB7SI,113.908,24.9817,0,0,0,0,14-3-30 23:2:18,0
137GXUB7SI,113.908,24.9817,0,0,0,0,14-3-30 23:4:19,0
137GXUB7SI,113.908,24.9817,0,0,0,0,14-3-30 23:6:21,0
137GXUB7SI,113.908,24.9817,0,0,0,0,14-3-30 23:8:21,0
137GXUB7SI,113.908,24.9817,0,0,0,0,14-3-30 23:10:22,0
137GXUB7SI,113.908,24.9817,0,0,0,0,14-3-30 23:12:23,0
137GXUB7SI,113.908,24.9817,0,0,0,0,14-3-30 23:14:22,0
137GXUB7SI,113.908,24.9817,0,0,0,0,14-3-30 23:16:23,0
137GXUB7SI,113.908,24.9817,0,0,0,0,14-3-30 23:18:24,0
137GXUB7SI,113.908,24.9817,0,0,0,0,14-3-30 23:20:25,0
137GXUB7SI,113.908,24.9817,0,0,0,0,14-3-30 23:22:26,0
137GXUB7SI,113.908,24.9817,0,0,0,0,14-3-30 23:24:27,0
137GXUB7SI,113.908,24.9817,0,0,0,0,14-3-30 23:26:28,0
137GXUB7SI,113.908,24.9817,0,0,0,0,14-3-30 23:28:29,0
137GXUB7SI,113.64,24.7903,0,0,0,0,14-3-30 23:30:30,1
137GXUB7SI,113.64,24.7903,0,0,0,0,14-3-30 23:32:31,0
137GXUB7SI,113.609,24.7529,0,0,0,0,14-3-30 23:34:32,1
137GXUB7SI,113.609,24.7529,0,0,0,0,14-3-30 23:36:34,0
137GXUB7SI,113.609,24.7529,0,0,0,0,14-3-30 23:38:34,0
137GXUB7SI,113.564,24.6961,0,0,0,0,14-3-30 23:40:35,1
137GXUB7SI,113.546,24.6862,0,0,0,0,14-3-30 23:42:36,1
137GXUB7SI,113.561,24.6788,0,0,0,0,14-3-30 23:44:37,1
137GXUB7SI,113.58,24.6565,0,0,0,0,14-3-30 23:46:38,1
137GXUB7SI,113.59,24.6447,0,0,0,0,14-3-30 23:48:39,1
137GXUB7SI,113.59,24.6447,0,0,0,0,14-3-30 23:50:40,1
137GXUB7SI,113.59,24.6447,0,0,0,0,14-3-30 23:52:41,1
137GXUB7SI,113.59,24.6447,0,0,0,0,14-3-30 23:54:42,1
137GXUB7SI,113.59,24.6447,0,0,0,0,14-3-30 23:56:43,1
137GXUB7SI,113.59,24.6447,0,0,0,0,14-3-30 23:58:44,1
137GXUB7SI,113.59,24.6447,0,0,0,0,14-3-31 0:0:45,1
137GXUB7SI,113.59,24.6447,0,0,0,0,14-3-31 0:2:47,0
137GXUB7SI,113.607,24.6389,0,0,0,0,14-3-31 0:4:47,1
137GXUB7SI,113.63,24.6384,0,0,0,0,14-3-31 0:6:48,1
137GXUB7SI,113.651,24.6182,0,0,0,0,14-3-31 0:8:49,1
137GXUB7SI,113.658,24.5926,0,0,0,0,14-3-31 0:10:51,1
137GXUB7SI,113.664,24.5856,0,0,0,0,14-3-31 0:12:51,1
137GXUB7SI,113.678,24.5702,0,0,0,0,14-3-31 0:14:51,1
137GXUB7SI,113.685,24.5651,0,0,0,0,14-3-31 0:16:52,1
137GXUB7SI,113.693,24.533,0,0,0,0,14-3-31 0:18:54,1
137GXUB7SI,113.698,24.5257,0,0,0,0,14-3-31 0:20:54,1
137GXUB7SI,113.72,24.5124,0,0,0,0,14-3-31 0:22:55,1
137GXUB7SI,113.751,24.499,0,0,0,0,14-3-31 0:24:56,1
137GXUB7SI,113.768,24.4901,0,0,0,0,14-3-31 0:26:57,1
137GXUB7SI,113.768,24.4901,0,0,0,0,14-3-31 0:28:58,1
137GXUB7SI,113.792,24.4664,0,0,0,0,14-3-31 0:30:59,1
137GXUB7SI,113.79,24.4451,0,0,0,0,14-3-31 0:33:0,1
137GXUB7SI,113.779,24.4233,0,0,0,0,14-3-31 0:35:1,1
137GXUB7SI,113.838,24.3679,0,0,0,0,14-3-31 0:37:2,1
137GXUB7SI,113.838,24.3679,0,0,0,0,14-3-31 0:39:3,0
137GXUB7SI,113.838,24.3679,0,0,0,0,14-3-31 0:41:4,0
137GXUB7SI,113.838,24.3679,0,0,0,0,14-3-31 0:43:5,0
137GXUB7SI,113.838,24.3679,0,0,0,0,14-3-31 0:45:6,0
137GXUB7SI,113.838,24.3679,0,0,0,0,14-3-31 0:47:7,0
137GXUB7SI,113.838,24.3679,0,0,0,0,14-3-31 0:49:8,0
137GXUB7SI,113.838,24.3679,0,0,0,0,14-3-31 0:51:9,0
137GXUB7SI,113.838,24.3679,0,0,0,0,14-3-31 0:53:10,0
137GXUB7SI,113.838,24.3679,0,0,0,0,14-3-31 0:55:11,0
137GXUB7SI,113.838,24.3679,0,0,0,0,14-3-31 0:57:12,0
137GXUB7SI,113.838,24.3679,0,0,0,0,14-3-31 0:59:13,0
137GXUB7SI,113.838,24.3679,0,0,0,0,14-3-31 1:1:14,0
137GXUB7SI,113.838,24.3679,0,0,0,0,14-3-31 1:3:15,0
137GXUB7SI,113.838,24.3679,0,0,0,0,14-3-31 1:5:16,0
137GXUB7SI,113.838,24.3679,0,0,0,0,14-3-31 1:17:30,0
137GXUB7SI,113.838,24.3679,0,0,0,0,14-3-31 1:19:28,0
137GXUB7SI,113.838,24.3679,0,0,0,0,14-3-31 1:21:30,0
137GXUB7SI,113.838,24.3679,0,0,0,0,14-3-31 1:23:31,0
137GXUB7SI,113.838,24.3679,0,0,0,0,14-3-31 1:25:32,0
137GXUB7SI,113.838,24.3679,0,0,0,0,14-3-31 1:27:33,0
137GXUB7SI,113.838,24.3679,0,0,0,0,14-3-31 1:29:34,0
137GXUB7SI,113.838,24.3679,0,0,0,0,14-3-31 1:31:35,0
137GXUB7SI,113.838,24.3679,0,0,0,0,14-3-31 1:33:36,0
137GXUB7SI,113.838,24.3679,0,0,0,0,14-3-31 1:35:37,0
137GXUB7SI,113.838,24.3679,0,0,0,0,14-3-31 1:37:38,0
137GXUB7SI,113.838,24.3679,0,0,0,0,14-3-31 1:39:39,0
137GXUB7SI,113.838,24.3679,0,0,0,0,14-3-31 1:41:40,0
137GXUB7SI,113.838,24.3679,0,0,0,0,14-3-31 1:43:41,0
137GXUB7SI,113.838,24.3679,0,0,0,0,14-3-31 1:45:42,0
137GXUB7SI,113.838,24.3679,0,0,0,0,14-3-31 1:47:43,0
137GXUB7SI,113.838,24.3679,0,0,0,0,14-3-31 1:49:44,0
137GXUB7SI,113.838,24.3679,0,0,0,0,14-3-31 1:51:45,0
137GXUB7SI,113.838,24.3679,0,0,0,0,14-3-31 1:53:46,0
137GXUB7SI,113.838,24.3679,0,0,0,0,14-3-31 1:55:47,0
137GXUB7SI,113.838,24.3679,0,0,0,0,14-3-31 1:57:48,0
137GXUB7SI,113.838,24.3679,0,0,0,0,14-3-31 1:59:49,0
137GXUB7SI,113.838,24.3679,0,0,0,0,14-3-31 2:1:50,0
137GXUB7SI,113.838,24.3679,0,0,0,0,14-3-31 2:3:51,0
137GXUB7SI,113.838,24.3679,0,0,0,0,14-3-31 2:5:52,0
137GXUB7SI,113.838,24.3679,0,0,0,0,14-3-31 2:7:53,0
137GXUB7SI,113.838,24.3679,0,0,0,0,14-3-31 2:9:54,0
137GXUB7SI,113.838,24.3679,0,0,0,0,14-3-31 2:11:55,0
137GXUB7SI,113.838,24.3679,0,0,0,0,14-3-31 2:13:54,0
137GXUB7SI,113.838,24.3679,0,0,0,0,14-3-31 2:15:55,0
137GXUB7SI,113.838,24.3679,0,0,0,0,14-3-31 2:17:56,0
137GXUB7SI,113.838,24.3679,0,0,0,0,14-3-31 2:19:57,0
137GXUB7SI,113.838,24.3679,0,0,0,0,14-3-31 2:21:58,0
137GXUB7SI,113.838,24.3679,0,0,0,0,14-3-31 2:26:1,0
137GXUB7SI,113.598,23.9978,0,0,0,0,14-3-31 2:28:1,1
137GXUB7SI,113.614,23.9542,0,0,0,0,14-3-31 2:30:2,1
137GXUB7SI,113.604,23.9477,0,0,0,0,14-3-31 2:32:3,1
137GXUB7SI,113.594,23.9368,0,0,0,0,14-3-31 2:34:4,1
137GXUB7SI,113.587,23.9133,0,0,0,0,14-3-31 2:36:5,1
137GXUB7SI,113.587,23.8853,0,0,0,0,14-3-31 2:38:7,1
137GXUB7SI,113.578,23.8721,0,0,0,0,14-3-31 2:40:7,1
137GXUB7SI,113.564,23.8671,0,0,0,0,14-3-31 2:42:8,1
137GXUB7SI,113.539,23.8557,0,0,0,0,14-3-31 2:44:9,1
137GXUB7SI,113.527,23.8534,0,0,0,0,14-3-31 2:46:10,1
137GXUB7SI,113.509,23.8366,0,0,0,0,14-3-31 2:48:11,1
137GXUB7SI,113.509,23.8366,0,0,0,0,14-3-31 2:50:12,0
137GXUB7SI,113.509,23.8366,0,0,0,0,14-3-31 2:52:13,0
137GXUB7SI,113.509,23.8366,0,0,0,0,14-3-31 2:54:14,0
137GXUB7SI,113.509,23.8366,0,0,0,0,14-3-31 2:56:15,0
137GXUB7SI,113.509,23.8366,0,0,0,0,14-3-31 2:58:16,0
137GXUB7SI,113.509,23.8366,0,0,0,0,14-3-31 3:0:17,0
137GXUB7SI,113.509,23.8366,0,0,0,0,14-3-31 3:2:18,0
137GXUB7SI,113.451,23.6898,0,0,0,0,14-3-31 3:4:19,1
137GXUB7SI,113.451,23.687,0,0,0,0,14-3-31 3:6:20,1
137GXUB7SI,113.453,23.6583,0,0,0,0,14-3-31 3:8:21,1
137GXUB7SI,113.454,23.6335,0,0,0,0,14-3-31 3:10:22,1
137GXUB7SI,113.456,23.6246,0,0,0,0,14-3-31 3:12:23,1
137GXUB7SI,113.457,23.6147,0,0,0,0,14-3-31 3:14:23,1
137GXUB7SI,113.457,23.6147,0,0,0,0,14-3-31 3:16:24,1
137GXUB7SI,113.457,23.6147,0,0,0,0,14-3-31 3:18:25,1
137GXUB7SI,113.457,23.6147,0,0,0,0,14-3-31 3:20:26,1
137GXUB7SI,113.457,23.6147,0,0,0,0,14-3-31 3:22:27,1
137GXUB7SI,113.457,23.6147,0,0,0,0,14-3-31 3:24:28,1
137GXUB7SI,113.457,23.6147,0,0,0,0,14-3-31 3:26:29,1
137GXUB7SI,113.457,23.6147,0,0,0,0,14-3-31 3:28:30,1
137GXUB7SI,113.457,23.6147,0,0,0,0,14-3-31 3:30:31,1
137GXUB7SI,113.457,23.6147,0,0,0,0,14-3-31 3:32:32,1
137GXUB7SI,113.457,23.6147,0,0,0,0,14-3-31 3:34:33,1
137GXUB7SI,113.457,23.6147,0,0,0,0,14-3-31 3:36:34,1
137GXUB7SI,113.457,23.6147,0,0,0,0,14-3-31 3:38:35,1
137GXUB7SI,113.457,23.6147,0,0,0,0,14-3-31 3:40:36,1
137GXUB7SI,113.457,23.6147,0,0,0,0,14-3-31 3:42:37,1
137GXUB7SI,113.457,23.6147,0,0,0,0,14-3-31 3:44:38,1
137GXUB7SI,113.457,23.6147,0,0,0,0,14-3-31 3:46:39,1
137GXUB7SI,113.457,23.6147,0,0,0,0,14-3-31 3:48:40,1
137GXUB7SI,113.457,23.6147,0,0,0,0,14-3-31 3:50:41,1
137GXUB7SI,113.433,23.613,0,0,0,0,14-3-31 3:52:42,1
137GXUB7SI,113.433,23.613,0,0,0,0,14-3-31 3:54:43,1
137GXUB7SI,113.457,23.6147,0,0,0,0,14-3-31 3:56:44,1
137GXUB7SI,113.462,23.5927,0,0,0,0,14-3-31 3:58:45,1
137GXUB7SI,113.464,23.5597,0,0,0,0,14-3-31 4:0:46,1
137GXUB7SI,113.464,23.5722,0,0,0,0,14-3-31 4:2:47,1
137GXUB7SI,113.465,23.5349,0,0,0,0,14-3-31 4:4:48,1
137GXUB7SI,113.457,23.5159,0,0,0,0,14-3-31 4:6:49,1
137GXUB7SI,113.447,23.489,0,0,0,0,14-3-31 4:8:50,1
137GXUB7SI,113.447,23.489,0,0,0,0,14-3-31 4:10:51,1
137GXUB7SI,113.447,23.489,0,0,0,0,14-3-31 4:12:52,0
137GXUB7SI,113.447,23.489,0,0,0,0,14-3-31 4:14:51,0
137GXUB7SI,113.447,23.489,0,0,0,0,14-3-31 4:16:52,0
137GXUB7SI,113.416,23.39,0,0,0,0,14-3-31 4:18:53,1
137GXUB7SI,113.416,23.39,0,0,0,0,14-3-31 4:20:54,0
137GXUB7SI,113.416,23.39,0,0,0,0,14-3-31 4:22:55,0
137GXUB7SI,113.416,23.39,0,0,0,0,14-3-31 4:24:56,0
137GXUB7SI,113.416,23.39,0,0,0,0,14-3-31 4:26:57,0
137GXUB7SI,113.416,23.39,0,0,0,0,14-3-31 4:28:58,0
137GXUB7SI,113.416,23.39,0,0,0,0,14-3-31 4:30:59,0
137GXUB7SI,113.376,23.3174,0,0,0,0,14-3-31 4:35:2,1
137GXUB7SI,113.373,23.3139,0,0,0,0,14-3-31 4:37:2,1
137GXUB7SI,113.362,23.2787,0,0,0,0,14-3-31 4:39:3,1
137GXUB7SI,113.382,23.2758,0,0,0,0,14-3-31 4:41:4,1
137GXUB7SI,113.394,23.2718,0,0,0,0,14-3-31 4:43:5,1
137GXUB7SI,113.41,23.263,0,0,0,0,14-3-31 4:45:6,1
137GXUB7SI,113.447,23.2551,0,0,0,0,14-3-31 4:47:7,1
137GXUB7SI,113.452,23.235,0,0,0,0,14-3-31 4:49:8,1
137GXUB7SI,113.467,23.223,0,0,0,0,14-3-31 4:51:9,1
137GXUB7SI,113.484,23.201,0,0,0,0,14-3-31 4:53:10,1
137GXUB7SI,113.485,23.176,0,0,0,0,14-3-31 4:55:11,1
137GXUB7SI,113.485,23.176,0,0,0,0,14-3-31 4:57:12,0
137GXUB7SI,113.498,23.1341,0,0,0,0,14-3-31 4:59:13,1
137GXUB7SI,113.5,23.1215,0,0,0,0,14-3-31 5:1:14,1
137GXUB7SI,113.507,23.1169,0,0,0,0,14-3-31 5:3:15,1
137GXUB7SI,113.525,23.1225,0,0,0,0,14-3-31 5:5:16,1
137GXUB7SI,113.536,23.1164,0,0,0,0,14-3-31 5:7:17,1
137GXUB7SI,113.541,23.1038,0,0,0,0,14-3-31 5:9:18,1
137GXUB7SI,113.541,23.1038,0,0,0,0,14-3-31 5:11:19,1
137GXUB7SI,113.541,23.1038,0,0,0,0,14-3-31 5:13:18,1
137GXUB7SI,113.541,23.1038,0,0,0,0,14-3-31 5:15:19,1
137GXUB7SI,113.538,23.1094,0,0,0,0,14-3-31 5:17:20,1
137GXUB7SI,113.538,23.1094,0,0,0,0,14-3-31 5:19:21,1
137GXUB7SI,113.535,23.1243,0,0,0,0,14-3-31 5:21:22,1
137GXUB7SI,113.518,23.1211,0,0,0,0,14-3-31 5:23:23,1
137GXUB7SI,113.518,23.1211,0,0,0,0,14-3-31 5:25:24,0
137GXUB7SI,113.485,23.1173,0,0,0,0,14-3-31 5:27:25,1
137GXUB7SI,113.485,23.1173,0,0,0,0,14-3-31 5:29:26,1
137GXUB7SI,113.485,23.1173,0,0,0,0,14-3-31 5:31:27,0
137GXUB7SI,113.485,23.1173,0,0,0,0,14-3-31 5:33:28,0
137GXUB7SI,113.415,23.1299,0,0,0,0,14-3-31 5:35:29,1
137GXUB7SI,113.396,23.1343,0,0,0,0,14-3-31 5:37:30,1
137GXUB7SI,113.396,23.1343,0,0,0,0,14-3-31 5:39:31,0
137GXUB7SI,113.371,23.1363,0,0,0,0,14-3-31 5:41:33,1
137GXUB7SI,113.369,23.1252,0,0,0,0,14-3-31 5:43:33,1
137GXUB7SI,113.368,23.1009,0,0,0,0,14-3-31 5:45:34,1
137GXUB7SI,113.363,23.0882,0,0,0,0,14-3-31 5:47:35,1
137GXUB7SI,113.344,23.0844,0,0,0,0,14-3-31 5:49:36,1
137GXUB7SI,113.327,23.0794,0,0,0,0,14-3-31 5:51:37,1
137GXUB7SI,113.323,23.063,0,0,0,0,14-3-31 5:53:38,1
137GXUB7SI,113.328,23.038,0,0,0,0,14-3-31 5:55:39,1
137GXUB7SI,113.317,23.0229,0,0,0,0,14-3-31 5:57:40,1
137GXUB7SI,113.317,23.0229,0,0,0,0,14-3-31 5:59:41,0
137GXUB7SI,113.317,23.0229,0,0,0,0,14-3-31 6:1:42,0
137GXUB7SI,113.351,22.974,0,0,0,0,14-3-31 6:3:44,1
137GXUB7SI,113.356,22.9596,0,0,0,0,14-3-31 6:5:45,1
137GXUB7SI,113.356,22.9532,0,0,0,0,14-3-31 6:7:46,1
137GXUB7SI,113.358,22.9503,0,0,0,0,14-3-31 6:9:47,1
137GXUB7SI,113.353,22.9561,0,0,0,0,14-3-31 6:11:48,1
137GXUB7SI,113.351,22.9599,0,0,0,0,14-3-31 6:13:47,1
137GXUB7SI,113.351,22.9599,0,0,0,0,14-3-31 6:15:48,1
137GXUB7SI,113.345,22.9653,0,0,0,0,14-3-31 6:17:49,1
137GXUB7SI,113.34,22.9676,0,0,0,0,14-3-31 6:19:50,1
137GXUB7SI,113.333,22.973,0,0,0,0,14-3-31 6:21:51,1
137GXUB7SI,113.333,22.973,0,0,0,0,14-3-31 6:23:52,1
137GXUB7SI,113.333,22.973,0,0,0,0,14-3-31 6:25:53,1
137GXUB7SI,113.333,22.973,0,0,0,0,14-3-31 6:27:54,1
137GXUB7SI,113.336,22.9724,0,0,0,0,14-3-31 6:29:55,1
137GXUB7SI,113.336,22.9724,0,0,0,0,14-3-31 6:31:56,1
137GXUB7SI,113.336,22.9724,0,0,0,0,14-3-31 6:33:57,1
137GXUB7SI,113.336,22.9724,0,0,0,0,14-3-31 6:35:58,1
137GXUB7SI,113.336,22.9724,0,0,0,0,14-3-31 6:37:59,1
137GXUB7SI,113.336,22.9724,0,0,0,0,14-3-31 6:40:0,1
137GXUB7SI,113.336,22.9724,0,0,0,0,14-3-31 6:42:1,1
137GXUB7SI,113.336,22.9724,0,0,0,0,14-3-31 6:44:2,1
137GXUB7SI,113.336,22.9724,0,0,0,0,14-3-31 6:46:3,1
137GXUB7SI,113.336,22.9724,0,0,0,0,14-3-31 6:48:4,1
137GXUB7SI,113.336,22.9724,0,0,0,0,14-3-31 6:50:5,1
137GXUB7SI,113.336,22.9724,0,0,0,0,14-3-31 6:52:6,1
137GXUB7SI,113.336,22.9724,0,0,0,0,14-3-31 6:54:7,1
137GXUB7SI,113.333,22.973,0,0,0,0,14-3-31 6:56:8,1
137GXUB7SI,113.333,22.973,0,0,0,0,14-3-31 6:58:9,1
137GXUB7SI,113.333,22.973,0,0,0,0,14-3-31 7:0:10,1
137GXUB7SI,113.333,22.973,0,0,0,0,14-3-31 7:2:11,1
137GXUB7SI,113.333,22.973,0,0,0,0,14-3-31 7:4:12,1
137GXUB7SI,113.333,22.973,0,0,0,0,14-3-31 7:6:13,1
137GXUB7SI,113.333,22.973,0,0,0,0,14-3-31 7:8:14,1
137GXUB7SI,113.333,22.973,0,0,0,0,14-3-31 7:10:15,1
137GXUB7SI,113.334,22.9731,0,0,0,0,14-3-31 7:12:16,1
137GXUB7SI,113.333,22.973,0,0,0,0,14-3-31 7:14:16,1
137GXUB7SI,113.333,22.973,0,0,0,0,14-3-31 7:16:17,1
137GXUB7SI,113.333,22.973,0,0,0,0,14-3-31 7:18:18,1
137GXUB7SI,113.333,22.973,0,0,0,0,14-3-31 7:20:19,1
137GXUB7SI,113.333,22.973,0,0,0,0,14-3-31 7:22:20,1
137GXUB7SI,113.333,22.973,0,0,0,0,14-3-31 7:24:21,1
137GXUB7SI,113.333,22.973,0,0,0,0,14-3-31 7:26:22,1
137GXUB7SI,113.333,22.973,0,0,0,0,14-3-31 7:28:23,1
137GXUB7SI,113.333,22.973,0,0,0,0,14-3-31 7:30:24,1
137GXUB7SI,113.333,22.973,0,0,0,0,14-3-31 7:32:25,1
137GXUB7SI,113.333,22.973,0,0,0,0,14-3-31 7:34:26,1
137GXUB7SI,113.334,22.9731,0,0,0,0,14-3-31 7:36:27,1
137GXUB7SI,113.333,22.973,0,0,0,0,14-3-31 7:38:28,1
137GXUB7SI,113.333,22.973,0,0,0,0,14-3-31 7:40:29,1
137GXUB7SI,113.333,22.973,0,0,0,0,14-3-31 7:44:32,1
137GXUB7SI,113.334,22.9731,0,0,0,0,14-3-31 7:46:32,1
137GXUB7SI,113.333,22.973,0,0,0,0,14-3-31 7:48:33,1
137GXUB7SI,113.333,22.973,0,0,0,0,14-3-31 7:50:34,1
137GXUB7SI,113.333,22.973,0,0,0,0,14-3-31 7:52:35,1
137GXUB7SI,113.334,22.9731,0,0,0,0,14-3-31 7:54:36,1
137GXUB7SI,113.334,22.9731,0,0,0,0,14-3-31 7:56:37,1
137GXUB7SI,113.334,22.9731,0,0,0,0,14-3-31 7:58:38,1
137GXUB7SI,113.334,22.9731,0,0,0,0,14-3-31 8:0:39,1
137GXUB7SI,113.333,22.973,0,0,0,0,14-3-31 8:2:40,1
137GXUB7SI,113.333,22.973,0,0,0,0,14-3-31 8:4:41,1
137GXUB7SI,113.333,22.973,0,0,0,0,14-3-31 8:6:43,1
137GXUB7SI,113.333,22.973,0,0,0,0,14-3-31 8:8:44,1
137GXUB7SI,113.333,22.973,0,0,0,0,14-3-31 8:10:44,1
137GXUB7SI,113.333,22.973,0,0,0,0,14-3-31 8:12:45,1
137GXUB7SI,113.333,22.973,0,0,0,0,14-3-31 8:14:44,1
137GXUB7SI,113.333,22.973,0,0,0,0,14-3-31 8:16:45,1
137GXUB7SI,113.333,22.973,0,0,0,0,14-3-31 8:18:46,1
137GXUB7SI,113.333,22.973,0,0,0,0,14-3-31 8:20:47,1
137GXUB7SI,113.333,22.973,0,0,0,0,14-3-31 8:22:48,1
137GXUB7SI,113.333,22.973,0,0,0,0,14-3-31 8:24:49,1
137GXUB7SI,113.333,22.973,0,0,0,0,14-3-31 8:26:50,1
137GXUB7SI,113.334,22.9731,0,0,0,0,14-3-31 8:28:51,1
137GXUB7SI,113.334,22.9731,0,0,0,0,14-3-31 8:30:52,1
137GXUB7SI,113.333,22.973,0,0,0,0,14-3-31 8:32:53,1
137GXUB7SI,113.333,22.973,0,0,0,0,14-3-31 8:34:54,1
137GXUB7SI,113.333,22.973,0,0,0,0,14-3-31 8:36:55,1
137GXUB7SI,113.333,22.973,0,0,0,0,14-3-31 8:38:56,1
137GXUB7SI,113.333,22.973,0,0,0,0,14-3-31 8:40:57,1
137GXUB7SI,113.333,22.973,0,0,0,0,14-3-31 8:42:58,1
137GXUB7SI,113.333,22.973,0,0,0,0,14-3-31 8:44:59,1
137GXUB7SI,113.333,22.973,0,0,0,0,14-3-31 8:47:0,1
137GXUB7SI,113.333,22.973,0,0,0,0,14-3-31 8:49:1,1
137GXUB7SI,113.333,22.973,0,0,0,0,14-3-31 8:51:2,1
137GXUB7SI,113.333,22.973,0,0,0,0,14-3-31 8:53:3,1
137GXUB7SI,113.333,22.973,0,0,0,0,14-3-31 8:55:5,1
137GXUB7SI,113.333,22.973,0,0,0,0,14-3-31 8:57:5,1
137GXUB7SI,113.333,22.973,0,0,0,0,14-3-31 8:59:6,1
137GXUB7SI,113.333,22.973,0,0,0,0,14-3-31 9:1:7,1
137GXUB7SI,113.334,22.9731,0,0,0,0,14-3-31 9:3:8,1
137GXUB7SI,113.334,22.9731,0,0,0,0,14-3-31 9:5:9,1
137GXUB7SI,113.334,22.9731,0,0,0,0,14-3-31 9:7:10,1
137GXUB7SI,113.333,22.973,0,0,0,0,14-3-31 9:9:11,1
137GXUB7SI,113.333,22.973,0,0,0,0,14-3-31 9:11:12,1
137GXUB7SI,113.333,22.973,0,0,0,0,14-3-31 9:13:14,1
137GXUB7SI,113.333,22.973,0,0,0,0,14-3-31 9:15:14,1
137GXUB7SI,113.333,22.973,0,0,0,0,14-3-31 9:17:15,1
137GXUB7SI,113.333,22.973,0,0,0,0,14-3-31 9:19:16,1
137GXUB7SI,113.333,22.973,0,0,0,0,14-3-31 9:21:17,1
137GXUB7SI,113.333,22.973,0,0,0,0,14-3-31 9:23:18,1
137GXUB7SI,113.333,22.973,0,0,0,0,14-3-31 9:25:19,1
137GXUB7SI,113.333,22.973,0,0,0,0,14-3-31 9:27:20,1
137GXUB7SI,113.333,22.973,0,0,0,0,14-3-31 9:29:21,1
137GXUB7SI,113.333,22.973,0,0,0,0,14-3-31 9:31:22,1
137GXUB7SI,113.333,22.973,0,0,0,0,14-3-31 9:33:24,1
137GXUB7SI,113.333,22.973,0,0,0,0,14-3-31 9:35:24,1
137GXUB7SI,113.333,22.973,0,0,0,0,14-3-31 9:37:26,1
137GXUB7SI,113.334,22.9731,0,0,0,0,14-3-31 9:39:26,1
137GXUB7SI,113.333,22.973,0,0,0,0,14-3-31 9:41:27,1
137GXUB7SI,113.333,22.973,0,0,0,0,14-3-31 9:43:28,1
137GXUB7SI,113.333,22.973,0,0,0,0,14-3-31 9:45:29,1
137GXUB7SI,113.333,22.973,0,0,0,0,14-3-31 9:47:30,1
137GXUB7SI,113.333,22.973,0,0,0,0,14-3-31 9:49:31,1
137GXUB7SI,113.333,22.973,0,0,0,0,14-3-31 9:51:32,1
137GXUB7SI,113.333,22.973,0,0,0,0,14-3-31 9:53:33,1
137GXUB7SI,113.333,22.973,0,0,0,0,14-3-31 9:55:34,1
137GXUB7SI,113.334,22.9731,0,0,0,0,14-3-31 9:57:35,1
137GXUB7SI,113.334,22.9731,0,0,0,0,14-3-31 9:59:36,1
137GXUB7SI,113.333,22.973,0,0,0,0,14-3-31 10:1:37,1
137GXUB7SI,113.333,22.973,0,0,0,0,14-3-31 10:3:38,1
137GXUB7SI,113.333,22.973,0,0,0,0,14-3-31 10:5:40,1
137GXUB7SI,113.333,22.973,0,0,0,0,14-3-31 10:7:40,1
137GXUB7SI,113.333,22.973,0,0,0,0,14-3-31 10:9:41,1
137GXUB7SI,113.329,22.9713,0,0,0,0,14-3-31 10:11:42,1
137GXUB7SI,113.334,22.9731,0,0,0,0,14-3-31 10:13:42,1
137GXUB7SI,113.329,22.9713,0,0,0,0,14-3-31 10:15:44,1
137GXUB7SI,113.329,22.9713,0,0,0,0,14-3-31 10:17:44,1
137GXUB7SI,113.333,22.973,0,0,0,0,14-3-31 10:19:45,1
137GXUB7SI,113.334,22.9731,0,0,0,0,14-3-31 10:21:46,1
137GXUB7SI,113.334,22.9731,0,0,0,0,14-3-31 10:23:47,1
137GXUB7SI,113.334,22.9731,0,0,0,0,14-3-31 10:25:48,1
137GXUB7SI,113.333,22.973,0,0,0,0,14-3-31 10:27:49,1
137GXUB7SI,113.333,22.973,0,0,0,0,14-3-31 10:29:50,1
137GXUB7SI,113.333,22.973,0,0,0,0,14-3-31 10:31:51,1
137GXUB7SI,113.329,22.9713,0,0,0,0,14-3-31 10:33:52,1
137GXUB7SI,113.329,22.9713,0,0,0,0,14-3-31 10:35:54,1
137GXUB7SI,113.334,22.9731,0,0,0,0,14-3-31 10:37:55,1
137GXUB7SI,113.329,22.9713,0,0,0,0,14-3-31 10:39:56,1
137GXUB7SI,113.333,22.973,0,0,0,0,14-3-31 10:41:57,1
137GXUB7SI,113.333,22.973,0,0,0,0,14-3-31 10:43:58,1
137GXUB7SI,113.329,22.9713,0,0,0,0,14-3-31 10:45:59,1
137GXUB7SI,113.329,22.9713,0,0,0,0,14-3-31 10:48:0,1
137GXUB7SI,113.333,22.973,0,0,0,0,14-3-31 10:50:1,1
137GXUB7SI,113.333,22.973,0,0,0,0,14-3-31 10:52:2,1
137GXUB7SI,113.333,22.973,0,0,0,0,14-3-31 10:54:3,1
137GXUB7SI,113.336,22.9724,0,0,0,0,14-3-31 10:56:4,1
137GXUB7SI,113.333,22.973,0,0,0,0,14-3-31 10:58:5,1
137GXUB7SI,113.333,22.973,0,0,0,0,14-3-31 11:0:6,1
137GXUB7SI,113.333,22.973,0,0,0,0,14-3-31 11:2:7,1
137GXUB7SI,113.333,22.973,0,0,0,0,14-3-31 11:4:8,1
137GXUB7SI,113.333,22.973,0,0,0,0,14-3-31 11:6:10,1
137GXUB7SI,113.329,22.9713,0,0,0,0,14-3-31 11:8:10,1
137GXUB7SI,113.329,22.9713,0,0,0,0,14-3-31 11:10:12,1
137GXUB7SI,113.329,22.9713,0,0,0,0,14-3-31 11:12:39,1
137GXUB7SI,113.329,22.9713,0,0,0,0,14-3-31 11:12:48,1
137GXUB7SI,113.329,22.9713,0,0,0,0,14-3-31 11:12:57,1
