144S12XLGU,114.1,23.9642,1872832,0,0,0,14-3-28 3:43:35,0
144S12XLGU,114.1,23.9642,1872832,0,0,0,14-3-28 7:56:33,0
144S12XLGU,113.338,23.4373,1872832,0,0,0,14-3-28 7:58:25,1
144S12XLGU,113.338,23.4373,1872832,0,0,0,14-3-28 8:0:25,1
144S12XLGU,113.338,23.4373,1872832,0,0,0,14-3-28 8:1:34,1
144S12XLGU,113.338,23.4373,1872832,0,0,0,14-3-28 8:2:25,1
144S12XLGU,113.338,23.4373,1872832,0,0,0,14-3-28 8:4:25,1
144S12XLGU,113.338,23.4372,1872832,0,25,0,14-3-29 0:54:11,1
144S12XLGU,113.338,23.4372,1872832,0,25,0,14-3-29 0:56:11,1
144S12XLGU,113.338,23.4372,1872832,0,25,0,14-3-29 0:57:23,1
144S12XLGU,114.1,23.9642,1872832,0,0,0,14-3-29 2:47:15,0
144S12XLGU,114.1,23.9642,1872832,0,0,0,14-3-29 2:47:22,0
144S12XLGU,113.338,23.4366,1872832,0,60,0,14-3-29 4:9:31,1
144S12XLGU,113.34,23.4352,1872832,0,55,0,14-3-29 4:11:31,1
144S12XLGU,113.34,23.4352,1872832,0,55,0,14-3-29 4:12:40,1
144S12XLGU,113.34,23.4352,1872832,0,55,0,14-3-29 4:13:31,1
144S12XLGU,113.34,23.4352,1872832,0,55,0,14-3-29 4:15:31,1
144S12XLGU,113.34,23.4352,1872832,0,55,0,14-3-29 4:17:31,1
144S12XLGU,113.34,23.4352,1872832,0,55,0,14-3-29 4:17:41,1
144S12XLGU,113.34,23.4352,1872832,0,55,0,14-3-29 4:19:31,1
144S12XLGU,113.34,23.4352,1872832,0,55,0,14-3-29 4:21:29,1
144S12XLGU,113.34,23.4352,1872832,0,55,0,14-3-29 4:23:29,1
144S12XLGU,113.34,23.4352,1872832,0,55,0,14-3-29 4:25:29,1
144S12XLGU,113.34,23.4352,1872832,0,55,0,14-3-29 4:27:29,1
144S12XLGU,113.34,23.4352,1872832,0,55,0,14-3-29 4:27:44,1
144S12XLGU,113.34,23.4352,1872832,0,55,0,14-3-29 4:29:30,1
144S12XLGU,113.34,23.4352,1872832,0,55,0,14-3-29 4:31:30,1
144S12XLGU,113.34,23.4352,1872832,0,55,0,14-3-29 4:32:46,1
144S12XLGU,113.34,23.4352,1872832,0,55,0,14-3-29 4:34:4,1
144S12XLGU,113.34,23.4352,1872832,0,55,0,14-3-29 4:35:58,1
144S12XLGU,113.34,23.4352,1872832,0,55,0,14-3-29 4:37:58,1
144S12XLGU,113.34,23.4352,1872832,0,55,0,14-3-29 4:39:7,1
144S12XLGU,113.34,23.4352,1872832,0,55,0,14-3-29 4:39:58,1
144S12XLGU,113.34,23.4352,1872832,0,55,0,14-3-29 4:41:58,1
144S12XLGU,113.34,23.4352,1872832,0,55,0,14-3-29 4:43:58,1
144S12XLGU,113.34,23.4352,1872832,0,55,0,14-3-29 4:44:8,1
144S12XLGU,113.34,23.4352,1872832,0,55,0,14-3-29 4:45:58,1
144S12XLGU,113.34,23.4352,1872832,0,55,0,14-3-29 4:47:58,1
144S12XLGU,113.34,23.4352,1872832,0,55,0,14-3-29 4:49:9,1
144S12XLGU,113.34,23.4352,1872832,0,55,0,14-3-29 4:49:58,1
144S12XLGU,113.34,23.4352,1872832,0,55,0,14-3-29 4:51:58,1
144S12XLGU,113.34,23.4352,1872832,0,55,0,14-3-29 4:52:36,1
144S12XLGU,113.34,23.4352,1872832,0,55,0,14-3-29 4:53:58,1
144S12XLGU,113.34,23.4352,1872832,0,55,0,14-3-29 4:54:10,1
144S12XLGU,113.34,23.4352,1872832,0,55,0,14-3-29 4:57:58,1
144S12XLGU,113.34,23.4352,1872832,0,55,0,14-3-29 4:59:11,1
144S12XLGU,113.34,23.4352,1872832,0,55,0,14-3-29 4:59:58,1
144S12XLGU,113.34,23.4352,1872832,0,55,0,14-3-29 5:1:59,1
144S12XLGU,113.34,23.4352,1872832,0,55,0,14-3-29 5:3:59,1
144S12XLGU,113.34,23.4352,1872832,0,55,0,14-3-29 5:4:16,1
144S12XLGU,113.34,23.4352,1872832,0,55,0,14-3-29 5:7:59,1
144S12XLGU,113.34,23.4352,1872832,0,55,0,14-3-29 5:9:17,1
144S12XLGU,113.34,23.4352,1872832,0,55,0,14-3-29 5:9:59,1
144S12XLGU,113.34,23.4352,1872832,0,55,0,14-3-29 5:11:59,1
144S12XLGU,113.593,23.2021,1872832,0,105,0,14-3-29 5:14:57,1
144S12XLGU,113.593,23.2021,1872832,0,105,0,14-3-29 5:16:57,1
144S12XLGU,113.593,23.2021,1872832,0,105,0,14-3-29 5:18:6,1
144S12XLGU,113.593,23.2021,1872832,0,105,0,14-3-29 5:18:57,1
144S12XLGU,113.593,23.2021,1872832,0,105,0,14-3-29 5:20:57,1
144S12XLGU,113.593,23.2021,1872832,0,0,0,14-3-30 16:47:12,0
144S12XLGU,113.593,23.2021,1872832,0,0,0,14-3-30 16:47:20,0
144S12XLGU,113.593,23.2021,1872832,0,0,0,14-3-30 17:2:39,0
144S12XLGU,118.909,32.1374,1872832,0,165,0,14-3-30 17:13:1,1
144S12XLGU,118.908,32.1369,1872832,0,125,0,14-3-30 17:18:36,1
144S12XLGU,118.908,32.1369,1872833,0,125,0,14-3-30 17:18:43,1
144S12XLGU,118.9,32.1367,1872833,0,130,0,14-3-30 17:20:35,1
144S12XLGU,118.9,32.1367,1872833,0,130,0,14-3-30 17:22:34,0
144S12XLGU,118.891,32.1516,1872852,0,0,0,14-3-30 17:23:45,1
144S12XLGU,118.891,32.1516,1872852,0,0,0,14-3-30 17:24:34,1
144S12XLGU,118.891,32.1516,1872852,0,0,0,14-3-30 17:26:34,1
144S12XLGU,118.891,32.1516,1872852,0,0,0,14-3-30 17:28:35,1
144S12XLGU,118.891,32.1516,1872852,0,0,0,14-3-30 17:28:47,1
144S12XLGU,118.891,32.1516,1872852,0,0,0,14-3-30 17:30:35,1
144S12XLGU,118.891,32.1516,1872852,0,0,0,14-3-30 17:32:35,1
144S12XLGU,118.891,32.1516,1872852,0,0,0,14-3-30 17:33:48,1
144S12XLGU,118.909,32.1374,1872852,0,0,0,14-3-31 15:38:45,0
144S12XLGU,118.909,32.1374,1872852,0,0,0,14-3-31 15:38:53,0
144S12XLGU,118.86,32.1603,1872852,0,0,0,14-3-31 15:40:45,1
144S12XLGU,118.909,32.1374,1872852,0,0,0,14-3-31 16:49:4,0
