3796X16PSI,104.667,30.6712,40376,0,0,0,14-3-30 13:37:18,0
3796X16PSI,104.667,30.6712,40376,0,0,0,14-3-30 13:37:32,0
3796X16PSI,104.667,30.6712,40376,0,0,0,14-3-30 13:40:33,0
3796X16PSI,104.667,30.6712,40376,0,0,0,14-3-30 13:42:18,0
3796X16PSI,104.667,30.6712,40376,0,0,0,14-3-30 13:42:33,0
3796X16PSI,104.667,30.6712,40376,0,0,0,14-3-30 13:44:33,0
3796X16PSI,104.667,30.6712,40376,0,0,0,14-3-30 13:46:55,0
3796X16PSI,104.667,30.6712,40376,0,0,0,14-3-30 13:47:19,0
3796X16PSI,104.667,30.6712,40376,0,0,0,14-3-30 13:48:55,0
3796X16PSI,121.001,31.3733,40377,0,0,0,14-3-30 13:50:8,1
3796X16PSI,121.002,31.3733,40377,7,35,0,14-3-30 13:50:44,1
3796X16PSI,121.003,31.3726,40378,16,90,0,14-3-30 13:52:47,1
3796X16PSI,121.003,31.3697,40381,25,90,0,14-3-30 13:54:46,1
3796X16PSI,121.003,31.3677,40383,22,90,0,14-3-30 13:55:14,1
3796X16PSI,121.003,31.3656,40386,38,90,0,14-3-30 13:55:59,1
3796X16PSI,121.003,31.3636,40388,23,85,0,14-3-30 13:56:25,1
3796X16PSI,121.005,31.3629,40390,44,45,0,14-3-30 13:56:51,1
3796X16PSI,121.007,31.3629,40392,31,45,0,14-3-30 13:57:17,1
3796X16PSI,121.009,31.3629,40394,51,40,0,14-3-30 13:57:36,1
3796X16PSI,121.012,31.3629,40396,27,45,0,14-3-30 13:57:52,1
3796X16PSI,121.014,31.3629,40399,44,40,0,14-3-30 13:58:58,1
3796X16PSI,121.017,31.3629,40401,33,40,0,14-3-30 13:59:17,1
3796X16PSI,121.019,31.3629,40403,9,40,0,14-3-30 14:0:8,1
3796X16PSI,121.019,31.363,40403,12,40,0,14-3-30 14:0:13,1
3796X16PSI,121.021,31.3632,40405,38,40,0,14-3-30 14:0:39,1
3796X16PSI,121.024,31.3634,40407,36,40,0,14-3-30 14:0:59,1
3796X16PSI,121.026,31.3636,40409,29,40,0,14-3-30 14:1:34,1
3796X16PSI,121.028,31.3638,40412,44,40,0,14-3-30 14:1:54,1
3796X16PSI,121.031,31.364,40414,34,40,0,14-3-30 14:2:11,1
3796X16PSI,121.033,31.3643,40416,44,40,0,14-3-30 14:3:38,1
3796X16PSI,121.035,31.3645,40418,55,40,0,14-3-30 14:3:54,1
3796X16PSI,121.038,31.3647,40420,60,40,0,14-3-30 14:4:8,1
3796X16PSI,121.04,31.3649,40422,58,40,0,14-3-30 14:4:20,1
3796X16PSI,121.045,31.3652,40427,66,45,0,14-3-30 14:4:46,1
3796X16PSI,121.05,31.3651,40432,66,45,0,14-3-30 14:5:9,1
3796X16PSI,121.051,31.3651,40433,46,45,0,14-3-30 14:5:21,1
3796X16PSI,121.054,31.365,40435,22,55,0,14-3-30 14:5:41,1
3796X16PSI,121.054,31.3631,40438,44,85,0,14-3-30 14:6:6,1
3796X16PSI,121.054,31.361,40440,18,90,0,14-3-30 14:6:30,1
3796X16PSI,121.054,31.3591,40442,46,90,0,14-3-30 14:7:13,1
3796X16PSI,121.054,31.3571,40444,57,90,0,14-3-30 14:7:28,1
3796X16PSI,121.054,31.355,40446,44,90,0,14-3-30 14:7:43,1
3796X16PSI,121.054,31.3529,40449,31,90,0,14-3-30 14:8:40,1
3796X16PSI,121.031,31.3331,40501,77,135,0,14-3-30 14:15:11,1
3796X16PSI,121.029,31.3332,40502,79,135,0,14-3-30 14:15:18,1
3796X16PSI,121.026,31.3333,40505,79,135,0,14-3-30 14:15:31,1
3796X16PSI,121.024,31.3334,40507,75,135,0,14-3-30 14:15:41,1
3796X16PSI,121.019,31.3333,40512,77,130,0,14-3-30 14:16:1,1
3796X16PSI,121.017,31.3333,40514,75,130,0,14-3-30 14:16:11,1
3796X16PSI,121.012,31.3333,40518,69,135,0,14-3-30 14:16:33,1
3796X16PSI,121.01,31.3333,40521,73,135,0,14-3-30 14:16:43,1
3796X16PSI,121.006,31.3336,40525,77,135,0,14-3-30 14:17:3,1
3796X16PSI,121.003,31.3338,40527,79,135,0,14-3-30 14:17:13,1
3796X16PSI,121.001,31.3341,40529,80,135,0,14-3-30 14:17:24,1
3796X16PSI,120.998,31.3344,40531,77,135,0,14-3-30 14:17:34,1
3796X16PSI,120.996,31.3347,40534,79,140,0,14-3-30 14:17:44,1
3796X16PSI,120.994,31.3351,40536,77,140,0,14-3-30 14:17:54,1
3796X16PSI,120.992,31.3355,40538,77,140,0,14-3-30 14:18:4,1
3796X16PSI,120.987,31.3364,40542,73,140,0,14-3-30 14:18:23,1
3796X16PSI,120.985,31.3369,40544,71,140,0,14-3-30 14:18:33,1
3796X16PSI,120.981,31.338,40548,71,140,0,14-3-30 14:18:53,1
3796X16PSI,120.979,31.3387,40550,75,140,0,14-3-30 14:19:3,1
3796X16PSI,120.977,31.3393,40552,79,145,0,14-3-30 14:19:13,1
3796X16PSI,120.975,31.3401,40555,79,145,0,14-3-30 14:19:23,1
3796X16PSI,120.97,31.342,40560,75,145,0,14-3-30 14:19:48,1
3796X16PSI,120.968,31.3428,40562,75,145,0,14-3-30 14:19:57,1
3796X16PSI,120.964,31.3441,40565,73,145,0,14-3-30 14:20:14,1
3796X16PSI,120.964,31.3443,40566,75,145,0,14-3-30 14:20:18,1
3796X16PSI,120.96,31.3455,40570,77,140,0,14-3-30 14:20:37,1
3796X16PSI,120.957,31.3461,40572,77,140,0,14-3-30 14:20:47,1
3796X16PSI,120.955,31.3465,40574,69,140,0,14-3-30 14:20:57,1
3796X16PSI,120.953,31.3469,40577,73,140,0,14-3-30 14:21:8,1
3796X16PSI,120.948,31.3474,40581,79,135,0,14-3-30 14:21:29,1
3796X16PSI,120.946,31.3476,40583,73,135,0,14-3-30 14:21:39,1
3796X16PSI,120.941,31.3476,40587,73,130,0,14-3-30 14:21:58,1
3796X16PSI,120.937,31.3474,40592,69,130,0,14-3-30 14:22:19,1
3796X16PSI,120.935,31.3472,40594,75,130,0,14-3-30 14:22:30,1
3796X16PSI,120.932,31.3471,40596,75,130,0,14-3-30 14:22:40,1
3796X16PSI,120.928,31.3471,40600,82,135,0,14-3-30 14:23:0,1
3796X16PSI,120.925,31.3472,40602,82,135,0,14-3-30 14:23:9,1
3796X16PSI,120.921,31.3477,40607,68,135,0,14-3-30 14:23:28,1
3796X16PSI,120.917,31.3484,40611,68,140,0,14-3-30 14:23:50,1
3796X16PSI,120.914,31.3489,40613,69,140,0,14-3-30 14:24:2,1
3796X16PSI,120.905,31.3507,40622,71,140,0,14-3-30 14:24:49,1
3796X16PSI,120.901,31.3515,40626,71,140,0,14-3-30 14:25:8,1
3796X16PSI,120.899,31.3518,40628,73,135,0,14-3-30 14:25:18,1
3796X16PSI,120.897,31.3521,40630,75,135,0,14-3-30 14:25:28,1
3796X16PSI,120.894,31.3524,40632,77,135,0,14-3-30 14:25:38,1
3796X16PSI,120.892,31.3526,40634,77,135,0,14-3-30 14:25:48,1
3796X16PSI,120.89,31.3528,40636,71,135,0,14-3-30 14:25:58,1
3796X16PSI,120.888,31.3529,40639,73,135,0,14-3-30 14:26:8,1
3796X16PSI,120.883,31.3529,40643,75,130,0,14-3-30 14:26:28,1
3796X16PSI,120.881,31.3528,40645,75,130,0,14-3-30 14:26:38,1
3796X16PSI,120.879,31.3527,40647,75,130,0,14-3-30 14:26:48,1
3796X16PSI,120.876,31.3526,40649,73,130,0,14-3-30 14:26:58,1
3796X16PSI,120.874,31.3524,40651,73,130,0,14-3-30 14:27:8,1
3796X16PSI,120.872,31.3523,40653,73,130,0,14-3-30 14:27:19,1
3796X16PSI,120.87,31.3521,40655,73,130,0,14-3-30 14:27:29,1
3796X16PSI,120.868,31.352,40657,73,130,0,14-3-30 14:27:39,1
3796X16PSI,120.865,31.3518,40660,73,130,0,14-3-30 14:27:49,1
3796X16PSI,120.863,31.3518,40662,71,130,0,14-3-30 14:27:59,1
3796X16PSI,120.861,31.3517,40664,69,130,0,14-3-30 14:28:10,1
3796X16PSI,120.859,31.3518,40666,68,135,0,14-3-30 14:28:21,1
3796X16PSI,120.856,31.3519,40668,69,135,0,14-3-30 14:28:33,1
3796X16PSI,120.85,31.3525,40674,73,135,0,14-3-30 14:29:3,1
3796X16PSI,120.847,31.3528,40677,73,135,0,14-3-30 14:29:14,1
3796X16PSI,120.845,31.353,40678,71,135,0,14-3-30 14:29:23,1
3796X16PSI,120.84,31.3537,40684,75,135,0,14-3-30 14:29:50,1
3796X16PSI,120.837,31.354,40686,79,135,0,14-3-30 14:29:59,1
3796X16PSI,120.833,31.3545,40690,77,135,0,14-3-30 14:30:19,1
3796X16PSI,120.831,31.3547,40692,75,135,0,14-3-30 14:30:29,1
3796X16PSI,120.828,31.355,40695,77,135,0,14-3-30 14:30:39,1
3796X16PSI,120.826,31.3554,40697,77,140,0,14-3-30 14:30:49,1
3796X16PSI,120.824,31.3558,40699,77,140,0,14-3-30 14:30:59,1
3796X16PSI,120.819,31.3569,40703,75,140,0,14-3-30 14:31:19,1
3796X16PSI,120.817,31.3576,40705,68,145,0,14-3-30 14:31:30,1
3796X16PSI,120.815,31.3584,40707,73,145,0,14-3-30 14:31:41,1
3796X16PSI,120.813,31.3592,40710,75,145,0,14-3-30 14:31:51,1
3796X16PSI,120.811,31.3601,40712,77,145,0,14-3-30 14:32:1,1
3796X16PSI,120.809,31.361,40714,77,150,0,14-3-30 14:32:11,1
3796X16PSI,120.807,31.3621,40716,77,150,0,14-3-30 14:32:21,1
3796X16PSI,120.805,31.3632,40718,77,150,0,14-3-30 14:32:31,1
3796X16PSI,120.803,31.3643,40720,77,150,0,14-3-30 14:32:41,1
3796X16PSI,120.801,31.3653,40722,75,150,0,14-3-30 14:32:51,1
3796X16PSI,120.8,31.3662,40724,71,145,0,14-3-30 14:33:1,1
3796X16PSI,120.796,31.3679,40729,73,145,0,14-3-30 14:33:21,1
3796X16PSI,120.794,31.3687,40731,75,145,0,14-3-30 14:33:31,1
3796X16PSI,120.791,31.3694,40733,75,140,0,14-3-30 14:33:41,1
3796X16PSI,120.789,31.3699,40735,77,140,0,14-3-30 14:33:51,1
3796X16PSI,120.787,31.3705,40737,75,140,0,14-3-30 14:34:2,1
3796X16PSI,120.776,31.3715,40747,75,130,0,14-3-30 14:34:52,1
3796X16PSI,120.77,31.3711,40753,71,130,0,14-3-30 14:35:18,1
3796X16PSI,120.769,31.3709,40754,71,125,0,14-3-30 14:35:22,1
3796X16PSI,120.765,31.3701,40758,73,125,0,14-3-30 14:35:42,1
3796X16PSI,120.763,31.3696,40760,73,125,0,14-3-30 14:35:52,1
3796X16PSI,120.761,31.3689,40762,75,120,0,14-3-30 14:36:2,1
3796X16PSI,120.759,31.3681,40764,79,120,0,14-3-30 14:36:13,1
3796X16PSI,120.757,31.3673,40766,75,120,0,14-3-30 14:36:23,1
3796X16PSI,120.752,31.3658,40771,77,120,0,14-3-30 14:36:43,1
3796X16PSI,120.75,31.3651,40773,79,120,0,14-3-30 14:36:53,1
3796X16PSI,120.748,31.3644,40775,82,120,0,14-3-30 14:37:2,1
3796X16PSI,120.746,31.3636,40777,84,120,0,14-3-30 14:37:12,1
3796X16PSI,120.744,31.3629,40779,84,120,0,14-3-30 14:37:20,1
3796X16PSI,120.74,31.3615,40783,77,120,0,14-3-30 14:37:39,1
3796X16PSI,120.738,31.3607,40786,80,120,0,14-3-30 14:37:49,1
3796X16PSI,120.736,31.36,40788,84,120,0,14-3-30 14:37:58,1
3796X16PSI,120.734,31.3592,40790,82,120,0,14-3-30 14:38:7,1
3796X16PSI,120.732,31.3586,40792,79,125,0,14-3-30 14:38:17,1
3796X16PSI,120.729,31.358,40794,73,125,0,14-3-30 14:38:27,1
3796X16PSI,120.727,31.3574,40796,73,125,0,14-3-30 14:38:37,1
3796X16PSI,120.725,31.3569,40798,75,125,0,14-3-30 14:38:47,1
3796X16PSI,120.723,31.3564,40800,77,125,0,14-3-30 14:38:57,1
3796X16PSI,120.718,31.3554,40805,77,125,0,14-3-30 14:39:17,1
3796X16PSI,120.716,31.3551,40807,80,130,0,14-3-30 14:39:27,1
3796X16PSI,120.708,31.3541,40814,77,130,0,14-3-30 14:40:1,1
3796X16PSI,120.706,31.3539,40817,77,130,0,14-3-30 14:40:11,1
3796X16PSI,120.704,31.3537,40819,73,130,0,14-3-30 14:40:21,1
3796X16PSI,120.702,31.3536,40821,77,130,0,14-3-30 14:40:31,1
3796X16PSI,120.699,31.3534,40823,73,130,0,14-3-30 14:40:41,1
3796X16PSI,120.695,31.353,40827,73,130,0,14-3-30 14:41:1,1
3796X16PSI,120.693,31.3527,40829,77,130,0,14-3-30 14:41:11,1
3796X16PSI,120.691,31.3524,40831,75,125,0,14-3-30 14:41:21,1
3796X16PSI,120.688,31.352,40833,77,125,0,14-3-30 14:41:31,1
3796X16PSI,120.684,31.3512,40838,75,125,0,14-3-30 14:41:51,1
3796X16PSI,120.682,31.3507,40840,75,125,0,14-3-30 14:42:1,1
3796X16PSI,120.68,31.3502,40842,77,125,0,14-3-30 14:42:11,1
3796X16PSI,120.675,31.3491,40846,75,125,0,14-3-30 14:42:31,1
3796X16PSI,120.673,31.3486,40848,77,125,0,14-3-30 14:42:41,1
3796X16PSI,120.671,31.3482,40850,77,125,0,14-3-30 14:42:51,1
3796X16PSI,120.666,31.3477,40855,73,130,0,14-3-30 14:43:11,1
3796X16PSI,120.664,31.3475,40857,77,130,0,14-3-30 14:43:21,1
3796X16PSI,120.662,31.3474,40859,75,130,0,14-3-30 14:43:31,1
3796X16PSI,120.66,31.3474,40861,77,130,0,14-3-30 14:43:41,1
3796X16PSI,120.657,31.3474,40863,75,135,0,14-3-30 14:43:51,1
3796X16PSI,120.655,31.3475,40865,77,135,0,14-3-30 14:44:1,1
3796X16PSI,120.651,31.348,40869,71,135,0,14-3-30 14:44:21,1
3796X16PSI,120.642,31.349,40878,75,135,0,14-3-30 14:45:2,1
3796X16PSI,120.638,31.3495,40882,75,135,0,14-3-30 14:45:20,1
3796X16PSI,120.637,31.3496,40883,75,135,0,14-3-30 14:45:23,1
3796X16PSI,120.635,31.3499,40885,75,135,0,14-3-30 14:45:33,1
3796X16PSI,120.632,31.3501,40887,77,135,0,14-3-30 14:45:43,1
3796X16PSI,120.63,31.3504,40889,77,135,0,14-3-30 14:45:53,1
3796X16PSI,120.625,31.3509,40894,80,135,0,14-3-30 14:46:14,1
3796X16PSI,120.623,31.3511,40896,77,135,0,14-3-30 14:46:23,1
3796X16PSI,120.621,31.3512,40898,77,135,0,14-3-30 14:46:33,1
3796X16PSI,120.616,31.3513,40902,79,135,0,14-3-30 14:46:53,1
3796X16PSI,120.614,31.3513,40904,77,130,0,14-3-30 14:47:3,1
3796X16PSI,120.609,31.3512,40908,79,130,0,14-3-30 14:47:23,1
3796X16PSI,120.607,31.3511,40911,80,130,0,14-3-30 14:47:33,1
3796X16PSI,120.605,31.3509,40913,77,130,0,14-3-30 14:47:43,1
3796X16PSI,120.603,31.3507,40915,71,130,0,14-3-30 14:47:53,1
3796X16PSI,120.6,31.3505,40917,69,130,0,14-3-30 14:48:4,1
3796X16PSI,120.598,31.3503,40919,75,130,0,14-3-30 14:48:15,1
3796X16PSI,120.596,31.3502,40921,75,130,0,14-3-30 14:48:25,1
3796X16PSI,120.593,31.3502,40924,77,135,0,14-3-30 14:48:35,1
3796X16PSI,120.591,31.3502,40926,79,135,0,14-3-30 14:48:45,1
3796X16PSI,120.589,31.3503,40928,77,135,0,14-3-30 14:48:55,1
3796X16PSI,120.587,31.3505,40930,77,135,0,14-3-30 14:49:5,1
3796X16PSI,120.582,31.351,40935,80,135,0,14-3-30 14:49:24,1
3796X16PSI,120.575,31.3523,40941,79,140,0,14-3-30 14:49:53,1
3796X16PSI,120.573,31.3529,40943,79,140,0,14-3-30 14:50:3,1
3796X16PSI,120.569,31.3541,40947,77,145,0,14-3-30 14:50:21,1
3796X16PSI,120.567,31.3549,40949,77,145,0,14-3-30 14:50:33,1
3796X16PSI,120.565,31.3557,40952,75,145,0,14-3-30 14:50:43,1
3796X16PSI,120.563,31.3566,40954,77,145,0,14-3-30 14:50:53,1
3796X16PSI,120.56,31.3577,40956,77,150,0,14-3-30 14:51:4,1
3796X16PSI,120.551,31.3656,40968,75,160,0,14-3-30 14:52:6,1
3796X16PSI,120.549,31.3672,40971,79,160,0,14-3-30 14:52:16,1
3796X16PSI,120.548,31.3689,40973,75,160,0,14-3-30 14:52:26,1
3796X16PSI,120.546,31.3724,40977,82,165,0,14-3-30 14:52:45,1
3796X16PSI,120.545,31.3741,40980,80,165,0,14-3-30 14:52:54,1
3796X16PSI,120.545,31.3759,40981,82,170,0,14-3-30 14:53:3,1
3796X16PSI,120.544,31.3781,40983,77,170,0,14-3-30 14:53:14,1
3796X16PSI,120.543,31.3799,40986,75,170,0,14-3-30 14:53:24,1
3796X16PSI,120.543,31.3817,40988,73,170,0,14-3-30 14:53:34,1
3796X16PSI,120.541,31.3854,40992,79,170,0,14-3-30 14:53:54,1
3796X16PSI,120.54,31.3893,40997,82,170,0,14-3-30 14:54:14,1
3796X16PSI,120.539,31.391,40998,79,165,0,14-3-30 14:54:23,1
3796X16PSI,120.536,31.3973,41006,79,165,0,14-3-30 14:54:56,1
3796X16PSI,120.535,31.399,41008,80,165,0,14-3-30 14:55:6,1
3796X16PSI,120.533,31.4024,41012,79,165,0,14-3-30 14:55:24,1
3796X16PSI,120.532,31.4042,41015,80,160,0,14-3-30 14:55:34,1
3796X16PSI,120.531,31.4057,41017,79,160,0,14-3-30 14:55:43,1
3796X16PSI,120.529,31.4074,41018,75,160,0,14-3-30 14:55:53,1
3796X16PSI,120.528,31.409,41021,79,160,0,14-3-30 14:56:3,1
3796X16PSI,120.527,31.4107,41023,71,160,0,14-3-30 14:56:13,1
3796X16PSI,120.526,31.4124,41026,73,165,0,14-3-30 14:56:24,1
3796X16PSI,120.525,31.4141,41028,75,165,0,14-3-30 14:56:34,1
3796X16PSI,120.524,31.4159,41030,73,165,0,14-3-30 14:56:44,1
3796X16PSI,120.523,31.4179,41032,71,165,0,14-3-30 14:56:56,1
3796X16PSI,120.521,31.4216,41036,73,170,0,14-3-30 14:57:16,1
3796X16PSI,120.521,31.4234,41038,77,170,0,14-3-30 14:57:26,1
3796X16PSI,120.519,31.4273,41043,75,165,0,14-3-30 14:57:46,1
3796X16PSI,120.518,31.4291,41045,77,165,0,14-3-30 14:57:56,1
3796X16PSI,120.518,31.4308,41047,69,165,0,14-3-30 14:58:6,1
3796X16PSI,120.517,31.4326,41048,62,165,0,14-3-30 14:58:18,1
3796X16PSI,120.516,31.4343,41051,69,165,0,14-3-30 14:58:29,1
3796X16PSI,120.515,31.436,41053,75,165,0,14-3-30 14:58:39,1
3796X16PSI,120.514,31.4377,41055,75,165,0,14-3-30 14:58:49,1
3796X16PSI,120.512,31.4394,41058,77,160,0,14-3-30 14:58:59,1
3796X16PSI,120.511,31.4411,41060,73,160,0,14-3-30 14:59:9,1
3796X16PSI,120.51,31.4423,41061,0,160,0,14-3-30 15:0:23,1
3796X16PSI,120.51,31.4423,41061,0,160,0,14-3-30 15:1:9,1
3796X16PSI,120.51,31.4423,41061,0,160,0,14-3-30 15:3:9,1
3796X16PSI,120.51,31.4423,41061,0,160,0,14-3-30 15:3:53,1
3796X16PSI,120.51,31.4423,41061,0,160,0,14-3-30 15:5:9,1
3796X16PSI,120.51,31.4423,41061,0,160,0,14-3-30 15:5:24,1
3796X16PSI,120.51,31.4423,41061,0,160,0,14-3-30 15:6:35,1
