3XFUSP81BI,120.144,36.0071,1791952,0,0,0,14-3-28 6:13:12,0
3XFUSP81BI,120.144,36.0071,1791952,0,0,0,14-3-28 6:13:13,0
3XFUSP81BI,120.144,36.0071,1791952,0,0,0,14-3-28 6:18:8,1
3XFUSP81BI,120.143,36.008,1791954,14,175,0,14-3-28 6:21:48,1
3XFUSP81BI,120.13,36.0115,1791971,27,170,0,14-3-28 6:26:45,1
3XFUSP81BI,120.114,36.0163,1791990,12,135,0,14-3-28 6:31:45,1
3XFUSP81BI,120.114,36.0163,1791990,0,0,0,14-3-28 6:36:46,1
3XFUSP81BI,120.114,36.0163,1791990,0,0,0,14-3-28 6:41:47,1
3XFUSP81BI,120.114,36.0162,1791990,12,130,0,14-3-28 6:46:48,1
3XFUSP81BI,120.086,36.0234,1792021,40,155,0,14-3-28 6:52:46,1
3XFUSP81BI,120.084,36.026,1792024,42,170,0,14-3-28 6:53:14,1
3XFUSP81BI,120.071,36.0216,1792043,66,110,0,14-3-28 6:58:9,1
3XFUSP81BI,120.037,35.9925,1792088,33,100,0,14-3-28 7:3:10,1
3XFUSP81BI,120.028,35.9518,1792133,71,100,0,14-3-28 7:8:11,1
3XFUSP81BI,119.978,35.9205,1792192,62,130,0,14-3-28 7:13:12,1
3XFUSP81BI,119.938,35.899,1792242,66,105,0,14-3-28 7:18:13,1
3XFUSP81BI,119.902,35.863,1792292,7,130,0,14-3-28 7:23:53,1
3XFUSP81BI,119.902,35.863,1792292,7,125,0,14-3-28 7:23:57,1
3XFUSP81BI,119.902,35.8623,1792293,0,0,0,14-3-28 7:28:54,1
3XFUSP81BI,119.902,35.8623,1792293,0,0,0,14-3-28 7:33:55,1
3XFUSP81BI,119.902,35.8623,1792293,0,0,0,14-3-28 7:38:56,1
3XFUSP81BI,119.891,35.8523,1792307,58,110,0,14-3-28 7:43:57,1
3XFUSP81BI,119.848,35.8255,1792356,62,110,0,14-3-28 7:48:58,1
3XFUSP81BI,119.811,35.7682,1792427,66,105,0,14-3-28 7:55:1,1
3XFUSP81BI,119.804,35.7618,1792436,62,105,0,14-3-28 7:55:55,1
3XFUSP81BI,119.804,35.7611,1792437,62,105,0,14-3-28 7:55:59,1
3XFUSP81BI,119.792,35.7471,1792456,80,105,0,14-3-28 7:57:33,1
3XFUSP81BI,119.739,35.7091,1792519,60,120,0,14-3-28 8:2:28,1
3XFUSP81BI,119.687,35.672,1792582,86,120,0,14-3-28 8:7:30,1
3XFUSP81BI,119.627,35.6406,1792647,66,110,0,14-3-28 8:12:32,1
3XFUSP81BI,119.615,35.6325,1792661,66,115,0,14-3-28 8:13:43,1
3XFUSP81BI,119.55,35.5821,1792742,73,100,0,14-3-28 8:20:41,1
3XFUSP81BI,119.539,35.5639,1792764,77,105,0,14-3-28 8:22:22,1
3XFUSP81BI,119.538,35.5631,1792765,77,105,0,14-3-28 8:22:27,1
3XFUSP81BI,119.474,35.4982,1792857,64,95,0,14-3-28 8:30:26,1
3XFUSP81BI,119.474,35.4976,1792858,68,95,0,14-3-28 8:30:31,1
3XFUSP81BI,119.428,35.4417,1792932,58,115,0,14-3-28 8:36:21,1
3XFUSP81BI,119.428,35.4413,1792933,57,115,0,14-3-28 8:36:25,1
3XFUSP81BI,119.39,35.4151,1792983,73,150,0,14-3-28 8:41:22,1
3XFUSP81BI,119.373,35.4299,1793005,68,150,0,14-3-28 8:43:18,1
3XFUSP81BI,119.371,35.4308,1793007,68,150,0,14-3-28 8:43:27,1
3XFUSP81BI,119.293,35.4794,1793103,58,140,0,14-3-28 8:51:48,1
3XFUSP81BI,119.228,35.4917,1793165,84,125,0,14-3-28 8:56:45,1
3XFUSP81BI,119.152,35.4901,1793235,79,140,0,14-3-28 9:1:46,1
3XFUSP81BI,119.087,35.5011,1793296,57,140,0,14-3-28 9:6:48,1
3XFUSP81BI,119.045,35.4954,1793334,51,130,0,14-3-28 9:11:49,1
3XFUSP81BI,118.974,35.4903,1793399,79,125,0,14-3-28 9:16:50,1
3XFUSP81BI,118.838,35.4595,1793527,82,120,0,14-3-28 9:26:52,1
3XFUSP81BI,118.815,35.4537,1793548,49,130,0,14-3-28 9:31:53,1
3XFUSP81BI,118.746,35.4464,1793610,66,135,0,14-3-28 9:36:54,1
3XFUSP81BI,118.679,35.4382,1793671,68,125,0,14-3-28 9:41:55,1
3XFUSP81BI,118.618,35.4226,1793729,69,120,0,14-3-28 9:46:56,1
3XFUSP81BI,118.548,35.4071,1793794,84,120,0,14-3-28 9:51:57,1
3XFUSP81BI,118.486,35.3943,1793852,69,130,0,14-3-28 9:56:58,1
3XFUSP81BI,118.417,35.3876,1793916,47,135,0,14-3-28 10:1:59,1
3XFUSP81BI,118.364,35.3749,1793966,90,120,0,14-3-28 10:7:0,1
3XFUSP81BI,118.293,35.363,1794031,60,130,0,14-3-28 10:12:1,1
3XFUSP81BI,118.138,35.348,1794175,86,135,0,14-3-28 10:24:32,1
3XFUSP81BI,118.065,35.3646,1794244,80,150,0,14-3-28 10:29:33,1
3XFUSP81BI,117.992,35.3721,1794312,82,140,0,14-3-28 10:34:34,1
3XFUSP81BI,117.92,35.383,1794379,73,150,0,14-3-28 10:39:35,1
3XFUSP81BI,117.857,35.4044,1794441,77,145,0,14-3-28 10:44:36,1
3XFUSP81BI,117.789,35.4276,1794509,68,140,0,14-3-28 10:49:37,1
3XFUSP81BI,117.78,35.4296,1794517,66,140,0,14-3-28 10:50:23,1
3XFUSP81BI,117.726,35.4413,1794567,82,135,0,14-3-28 10:54:46,1
3XFUSP81BI,117.665,35.4441,1794622,51,130,0,14-3-28 10:59:47,1
3XFUSP81BI,117.604,35.4536,1794679,77,130,0,14-3-28 11:4:48,1
3XFUSP81BI,117.544,35.4699,1794737,51,145,0,14-3-28 11:9:48,1
3XFUSP81BI,117.489,35.4804,1794787,86,140,0,14-3-28 11:14:49,1
3XFUSP81BI,117.386,35.4918,1794882,3,145,0,14-3-28 11:25:0,1
3XFUSP81BI,117.355,35.5077,1794915,55,145,0,14-3-28 11:30:1,1
3XFUSP81BI,117.294,35.5262,1794973,53,145,0,14-3-28 11:35:2,1
3XFUSP81BI,117.261,35.5405,1795007,79,155,0,14-3-28 11:38:10,1
3XFUSP81BI,117.194,35.551,1795071,90,135,0,14-3-28 11:43:11,1
3XFUSP81BI,117.155,35.5465,1795106,99,130,0,14-3-28 11:45:41,1
3XFUSP81BI,117.113,35.5417,1795144,75,130,0,14-3-28 11:48:12,1
3XFUSP81BI,117.041,35.5398,1795209,75,130,0,14-3-28 11:53:13,1
3XFUSP81BI,116.97,35.5318,1795274,79,130,0,14-3-28 11:58:14,1
3XFUSP81BI,116.896,35.5288,1795341,73,140,0,14-3-28 12:3:15,1
3XFUSP81BI,116.826,35.5268,1795403,71,130,0,14-3-28 12:8:16,1
3XFUSP81BI,116.757,35.52,1795467,44,140,0,14-3-28 12:13:17,1
3XFUSP81BI,116.756,35.5204,1795468,34,140,0,14-3-28 12:13:29,1
3XFUSP81BI,116.755,35.5209,1795470,0,0,0,14-3-28 12:18:31,1
3XFUSP81BI,116.755,35.5209,1795470,0,0,0,14-3-28 12:23:32,1
3XFUSP81BI,116.755,35.5209,1795470,0,0,0,14-3-28 12:28:33,1
3XFUSP81BI,116.755,35.5209,1795470,0,0,0,14-3-28 12:33:34,1
3XFUSP81BI,116.755,35.5209,1795470,0,0,0,14-3-28 12:38:34,1
3XFUSP81BI,116.755,35.5209,1795470,0,0,0,14-3-28 12:43:35,1
3XFUSP81BI,116.755,35.5209,1795470,0,0,0,14-3-28 12:48:36,1
3XFUSP81BI,116.755,35.5209,1795470,0,0,0,14-3-28 12:53:37,1
3XFUSP81BI,116.755,35.5209,1795470,0,0,0,14-3-28 12:58:38,1
3XFUSP81BI,116.755,35.5209,1795470,0,0,0,14-3-28 13:3:39,1
3XFUSP81BI,116.755,35.5209,1795470,0,0,0,14-3-28 13:8:40,1
3XFUSP81BI,116.747,35.5219,1795477,38,135,0,14-3-28 13:13:41,1
3XFUSP81BI,116.686,35.5272,1795532,77,145,0,14-3-28 13:18:42,1
3XFUSP81BI,116.614,35.532,1795597,75,130,0,14-3-28 13:23:44,1
3XFUSP81BI,116.543,35.5335,1795661,71,135,0,14-3-28 13:28:45,1
3XFUSP81BI,116.474,35.5281,1795724,73,130,0,14-3-28 13:33:46,1
3XFUSP81BI,116.417,35.5001,1795784,60,115,0,14-3-28 13:38:47,1
3XFUSP81BI,116.353,35.4835,1795845,71,130,0,14-3-28 13:43:48,1
3XFUSP81BI,116.288,35.4713,1795907,77,120,0,14-3-28 13:48:49,1
3XFUSP81BI,116.22,35.4601,1795969,69,135,0,14-3-28 13:53:50,1
3XFUSP81BI,116.157,35.452,1796027,71,125,0,14-3-28 13:58:48,1
3XFUSP81BI,116.156,35.4519,1796028,71,125,0,14-3-28 13:58:53,1
3XFUSP81BI,115.983,35.4638,1796184,77,135,0,14-3-28 14:11:35,1
3XFUSP81BI,115.981,35.4639,1796185,77,135,0,14-3-28 14:11:41,1
3XFUSP81BI,115.914,35.4535,1796249,77,125,0,14-3-28 14:16:36,1
3XFUSP81BI,115.849,35.4246,1796315,79,115,0,14-3-28 14:21:37,1
3XFUSP81BI,115.796,35.3898,1796378,68,110,0,14-3-28 14:26:38,1
3XFUSP81BI,115.736,35.3585,1796442,69,115,0,14-3-28 14:31:39,1
3XFUSP81BI,115.685,35.3216,1796504,68,120,0,14-3-28 14:36:40,1
3XFUSP81BI,115.626,35.3032,1796560,69,120,0,14-3-28 14:41:41,1
3XFUSP81BI,115.598,35.2724,1796608,60,90,0,14-3-28 14:46:42,1
3XFUSP81BI,115.584,35.2207,1796667,53,100,0,14-3-28 14:51:43,1
3XFUSP81BI,115.543,35.1793,1796726,64,110,0,14-3-28 14:56:45,1
3XFUSP81BI,115.494,35.1445,1796784,71,115,0,14-3-28 15:1:46,1
3XFUSP81BI,115.428,35.1296,1796846,68,130,0,14-3-28 15:6:47,1
3XFUSP81BI,115.362,35.1156,1796909,77,115,0,14-3-28 15:11:48,1
3XFUSP81BI,115.3,35.087,1796974,75,120,0,14-3-28 15:16:49,1
3XFUSP81BI,115.245,35.0545,1797035,49,125,0,14-3-28 15:21:50,1
3XFUSP81BI,115.183,35.0339,1797096,77,115,0,14-3-28 15:26:52,1
3XFUSP81BI,115.119,35.0093,1797160,73,115,0,14-3-28 15:31:54,1
3XFUSP81BI,115.098,34.9966,1797183,0,0,0,14-3-28 15:36:55,1
3XFUSP81BI,115.096,34.9957,1797185,3,115,0,14-3-28 15:41:56,1
3XFUSP81BI,115.093,34.9934,1797188,20,115,0,14-3-28 15:46:57,1
3XFUSP81BI,115.042,34.9729,1797240,73,110,0,14-3-28 15:51:58,1
3XFUSP81BI,114.981,34.9461,1797302,71,120,0,14-3-28 15:56:59,1
3XFUSP81BI,114.917,34.9266,1797365,49,110,0,14-3-28 16:2:0,1
3XFUSP81BI,114.916,34.9259,1797366,33,115,0,14-3-28 16:2:9,1
3XFUSP81BI,114.914,34.925,1797368,0,0,0,14-3-28 16:7:10,1
3XFUSP81BI,114.913,34.9244,1797370,0,0,0,14-3-28 16:12:11,1
3XFUSP81BI,114.913,34.9244,1797370,0,0,0,14-3-28 16:17:12,1
3XFUSP81BI,114.883,34.904,1797405,68,120,0,14-3-28 16:22:13,1
3XFUSP81BI,114.823,34.8815,1797466,75,120,0,14-3-28 16:27:15,1
3XFUSP81BI,114.761,34.8529,1797531,77,125,0,14-3-28 16:32:16,1
3XFUSP81BI,114.698,34.8304,1797594,71,110,0,14-3-28 16:37:17,1
3XFUSP81BI,114.648,34.8268,1797646,68,155,0,14-3-28 16:42:18,1
3XFUSP81BI,114.585,34.8416,1797709,71,130,0,14-3-28 16:47:19,1
3XFUSP81BI,114.519,34.8381,1797769,75,130,0,14-3-28 16:52:20,1
3XFUSP81BI,114.456,34.8298,1797826,69,130,0,14-3-28 16:57:21,1
3XFUSP81BI,114.392,34.8442,1797887,71,145,0,14-3-28 17:2:22,1
3XFUSP81BI,114.322,34.845,1797951,75,135,0,14-3-28 17:7:23,1
3XFUSP81BI,114.252,34.8435,1798014,79,125,0,14-3-28 17:12:24,1
3XFUSP81BI,114.182,34.8366,1798078,75,135,0,14-3-28 17:17:25,1
3XFUSP81BI,114.111,34.8435,1798142,77,130,0,14-3-28 17:22:26,1
3XFUSP81BI,114.039,34.8354,1798209,73,130,0,14-3-28 17:27:27,1
3XFUSP81BI,113.974,34.8306,1798268,75,130,0,14-3-28 17:32:29,1
3XFUSP81BI,113.904,34.8278,1798331,77,130,0,14-3-28 17:37:30,1
3XFUSP81BI,113.834,34.8268,1798395,69,130,0,14-3-28 17:42:31,1
3XFUSP81BI,113.769,34.8272,1798453,79,135,0,14-3-28 17:47:32,1
3XFUSP81BI,113.704,34.847,1798517,73,135,0,14-3-28 17:52:33,1
3XFUSP81BI,113.638,34.8479,1798576,75,130,0,14-3-28 17:57:34,1
3XFUSP81BI,113.572,34.8376,1798637,77,135,0,14-3-28 18:2:35,1
3XFUSP81BI,113.505,34.8484,1798699,73,140,0,14-3-28 18:7:37,1
3XFUSP81BI,113.441,34.8633,1798759,75,135,0,14-3-28 18:12:38,1
3XFUSP81BI,113.375,34.8625,1798819,66,140,0,14-3-28 18:17:39,1
3XFUSP81BI,113.311,34.8603,1798879,71,120,0,14-3-28 18:22:40,1
3XFUSP81BI,113.248,34.8502,1798937,60,125,0,14-3-28 18:27:41,1
3XFUSP81BI,113.196,34.8345,1798988,60,140,0,14-3-28 18:32:42,1
3XFUSP81BI,113.149,34.8232,1799033,58,115,0,14-3-28 18:37:44,1
3XFUSP81BI,113.098,34.8133,1799066,58,125,0,14-3-28 18:42:45,1
3XFUSP81BI,113.036,34.7963,1799127,66,130,0,14-3-28 18:47:46,1
3XFUSP81BI,113.018,34.7965,1799143,3,115,0,14-3-28 18:52:47,1
3XFUSP81BI,113.018,34.7965,1799144,0,0,0,14-3-28 18:57:48,1
3XFUSP81BI,113.018,34.7965,1799144,0,0,0,14-3-28 19:2:49,1
3XFUSP81BI,113.018,34.7964,1799144,0,0,0,14-3-28 19:7:50,1
3XFUSP81BI,113.018,34.7964,1799144,0,0,0,14-3-28 19:12:51,1
3XFUSP81BI,113.018,34.7962,1799144,0,0,0,14-3-28 19:17:52,1
3XFUSP81BI,113.018,34.7962,1799144,0,0,0,14-3-28 19:22:53,1
3XFUSP81BI,113.018,34.7962,1799144,0,0,0,14-3-28 19:27:54,1
3XFUSP81BI,113.018,34.7962,1799144,0,0,0,14-3-28 19:32:55,1
3XFUSP81BI,113.018,34.7962,1799144,0,0,0,14-3-28 19:37:56,1
3XFUSP81BI,113.018,34.7962,1799144,0,0,0,14-3-28 19:42:57,1
3XFUSP81BI,113.018,34.7962,1799144,0,0,0,14-3-28 19:47:58,1
3XFUSP81BI,113.018,34.7962,1799144,0,0,0,14-3-28 19:52:59,1
3XFUSP81BI,113.018,34.7962,1799144,0,0,0,14-3-28 19:58:0,1
3XFUSP81BI,113.008,34.7919,1799154,34,115,0,14-3-28 20:3:1,1
3XFUSP81BI,112.963,34.7708,1799201,62,115,0,14-3-28 20:8:10,1
3XFUSP81BI,112.924,34.7686,1799232,34,130,0,14-3-28 20:13:12,1
3XFUSP81BI,112.9,34.765,1799255,22,145,0,14-3-28 20:18:13,1
3XFUSP81BI,112.863,34.7599,1799290,60,130,0,14-3-28 20:23:14,1
3XFUSP81BI,112.8,34.7648,1799347,68,130,0,14-3-28 20:28:15,1
3XFUSP81BI,112.731,34.7719,1799410,69,135,0,14-3-28 20:33:16,1
3XFUSP81BI,112.691,34.7766,1799448,53,145,0,14-3-28 20:38:17,1
3XFUSP81BI,112.624,34.7822,1799510,75,125,0,14-3-28 20:43:18,1
3XFUSP81BI,112.561,34.7739,1799568,75,135,0,14-3-28 20:48:27,1
3XFUSP81BI,112.499,34.7746,1799624,58,130,0,14-3-28 20:53:28,1
3XFUSP81BI,112.444,34.7653,1799675,93,120,0,14-3-28 20:58:29,1
3XFUSP81BI,112.383,34.7542,1799732,55,140,0,14-3-28 21:3:29,1
3XFUSP81BI,112.319,34.7487,1799792,68,125,0,14-3-28 21:8:30,1
3XFUSP81BI,112.285,34.7413,1799823,31,135,0,14-3-28 21:13:32,1
3XFUSP81BI,112.247,34.7495,1799858,66,145,0,14-3-28 21:18:33,1
3XFUSP81BI,112.195,34.7496,1799908,57,115,0,14-3-28 21:23:34,1
3XFUSP81BI,112.146,34.7371,1799956,38,130,0,14-3-28 21:28:35,1
3XFUSP81BI,112.106,34.7463,1799993,34,140,0,14-3-28 21:33:36,1
3XFUSP81BI,112.065,34.7602,1800034,42,130,0,14-3-28 21:38:37,1
3XFUSP81BI,112.013,34.7618,1800080,62,140,0,14-3-28 21:43:40,1
3XFUSP81BI,111.975,34.7551,1800116,25,120,0,14-3-28 21:48:41,1
3XFUSP81BI,111.933,34.7506,1800155,44,135,0,14-3-28 21:53:42,1
3XFUSP81BI,111.906,34.7604,1800181,29,145,0,14-3-28 21:58:43,1
3XFUSP81BI,111.882,34.7682,1800204,31,135,0,14-3-28 22:3:44,1
3XFUSP81BI,111.827,34.7734,1800254,58,140,0,14-3-28 22:8:45,1
3XFUSP81BI,111.776,34.7873,1800303,64,135,0,14-3-28 22:13:46,1
3XFUSP81BI,111.72,34.7737,1800356,73,120,0,14-3-28 22:18:47,1
3XFUSP81BI,111.673,34.7553,1800402,23,120,0,14-3-28 22:23:48,1
3XFUSP81BI,111.649,34.7425,1800428,40,115,0,14-3-28 22:28:49,1
3XFUSP81BI,111.626,34.718,1800462,44,100,0,14-3-28 22:33:51,1
3XFUSP81BI,111.595,34.7015,1800497,40,130,0,14-3-28 22:38:52,1
3XFUSP81BI,111.559,34.7,1800529,53,130,0,14-3-28 22:43:53,1
3XFUSP81BI,111.507,34.6974,1800577,31,140,0,14-3-28 22:48:54,1
3XFUSP81BI,111.458,34.7015,1800623,58,130,0,14-3-28 22:53:55,1
3XFUSP81BI,111.423,34.7116,1800656,42,135,0,14-3-28 22:58:56,1
3XFUSP81BI,111.371,34.7139,1800703,57,135,0,14-3-28 23:3:57,1
3XFUSP81BI,111.323,34.7161,1800748,79,120,0,14-3-28 23:8:58,1
3XFUSP81BI,111.263,34.7193,1800804,77,145,0,14-3-28 23:13:59,1
3XFUSP81BI,111.215,34.7475,1800857,62,140,0,14-3-28 23:19:0,1
3XFUSP81BI,111.182,34.7579,1800889,80,140,0,14-3-28 23:24:1,1
3XFUSP81BI,111.127,34.7548,1800940,51,120,0,14-3-28 23:29:2,1
3XFUSP81BI,111.077,34.7293,1800996,60,130,0,14-3-28 23:34:2,1
3XFUSP81BI,111.024,34.721,1801045,62,110,0,14-3-28 23:39:3,1
3XFUSP81BI,110.999,34.6868,1801088,46,105,0,14-3-28 23:44:4,1
3XFUSP81BI,110.961,34.6637,1801132,47,120,0,14-3-28 23:49:5,1
3XFUSP81BI,110.921,34.6535,1801171,33,130,0,14-3-28 23:54:6,1
3XFUSP81BI,110.9,34.6475,1801190,22,120,0,14-3-28 23:59:7,1
3XFUSP81BI,110.871,34.6295,1801224,80,100,0,14-3-29 0:4:8,1
3XFUSP81BI,110.838,34.5913,1801276,82,120,0,14-3-29 0:9:9,1
3XFUSP81BI,110.776,34.5783,1801334,66,120,0,14-3-29 0:14:10,1
3XFUSP81BI,110.751,34.5711,1801358,0,110,0,14-3-29 0:19:12,1
3XFUSP81BI,110.703,34.5739,1801402,62,140,0,14-3-29 0:24:13,1
3XFUSP81BI,110.645,34.5717,1801455,40,130,0,14-3-29 0:29:14,1
3XFUSP81BI,110.605,34.58,1801492,58,135,0,14-3-29 0:34:16,1
3XFUSP81BI,110.554,34.5788,1801539,60,125,0,14-3-29 0:39:17,1
3XFUSP81BI,110.499,34.5798,1801589,53,130,0,14-3-29 0:44:18,1
3XFUSP81BI,110.486,34.5793,1801601,0,0,0,14-3-29 0:49:19,1
3XFUSP81BI,110.485,34.5791,1801601,0,0,0,14-3-29 0:54:20,1
3XFUSP81BI,110.485,34.5788,1801601,1,85,0,14-3-29 0:59:21,1
3XFUSP81BI,110.446,34.581,1801637,47,130,0,14-3-29 1:4:22,1
3XFUSP81BI,110.395,34.5758,1801684,62,125,0,14-3-29 1:9:23,1
3XFUSP81BI,110.37,34.5727,1801706,0,0,0,14-3-29 1:14:46,1
3XFUSP81BI,110.37,34.5727,1801707,0,0,0,14-3-29 1:16:25,1
3XFUSP81BI,110.37,34.5727,1801707,0,0,0,14-3-29 1:16:29,1
3XFUSP81BI,110.369,34.5727,1801707,1,135,0,14-3-29 1:20:4,1
3XFUSP81BI,110.368,34.5728,1801707,0,0,0,14-3-29 1:22:30,1
3XFUSP81BI,110.368,34.5728,1801707,0,0,0,14-3-29 1:22:35,1
3XFUSP81BI,110.367,34.573,1801708,11,140,0,14-3-29 1:23:55,1
3XFUSP81BI,110.367,34.573,1801709,11,140,0,14-3-29 1:24:1,1
3XFUSP81BI,110.35,34.5855,1801730,11,160,0,14-3-29 1:28:56,1
3XFUSP81BI,110.349,34.5875,1801732,7,165,0,14-3-29 1:33:57,1
3XFUSP81BI,110.347,34.5899,1801734,0,165,0,14-3-29 1:38:59,1
3XFUSP81BI,110.316,34.6034,1801766,51,140,0,14-3-29 1:44:0,1
3XFUSP81BI,110.254,34.6078,1801823,71,145,0,14-3-29 1:49:1,1
3XFUSP81BI,110.186,34.6125,1801886,80,125,0,14-3-29 1:54:2,1
3XFUSP81BI,110.138,34.5878,1801941,68,120,0,14-3-29 1:59:3,1
3XFUSP81BI,110.086,34.5463,1802008,84,120,0,14-3-29 2:4:3,1
3XFUSP81BI,110.082,34.545,1802012,86,120,0,14-3-29 2:4:19,1
3XFUSP81BI,110.01,34.5356,1802078,77,135,0,14-3-29 2:9:20,1
3XFUSP81BI,109.936,34.5431,1802147,71,125,0,14-3-29 2:14:21,1
3XFUSP81BI,109.872,34.5345,1802207,77,135,0,14-3-29 2:19:22,1
3XFUSP81BI,109.804,34.515,1802274,80,120,0,14-3-29 2:24:23,1
3XFUSP81BI,109.733,34.5001,1802341,88,130,0,14-3-29 2:29:24,1
3XFUSP81BI,109.658,34.498,1802409,80,135,0,14-3-29 2:34:25,1
3XFUSP81BI,109.587,34.4984,1802475,82,130,0,14-3-29 2:39:28,1
3XFUSP81BI,109.524,34.4858,1802534,82,110,0,14-3-29 2:44:29,1
3XFUSP81BI,109.523,34.4844,1802536,84,105,0,14-3-29 2:44:37,1
3XFUSP81BI,109.465,34.4808,1802593,82,145,0,14-3-29 2:49:40,1
3XFUSP81BI,109.458,34.4823,1802600,97,135,0,14-3-29 2:50:7,1
3XFUSP81BI,109.382,34.4838,1802670,82,135,0,14-3-29 2:55:8,1
3XFUSP81BI,109.315,34.4648,1802734,82,120,0,14-3-29 3:0:9,1
3XFUSP81BI,109.253,34.4325,1802801,80,115,0,14-3-29 3:5:10,1
3XFUSP81BI,109.2,34.3956,1802865,73,105,0,14-3-29 3:10:11,1
3XFUSP81BI,109.163,34.3611,1802916,57,110,0,14-3-29 3:15:13,1
3XFUSP81BI,109.116,34.3282,1802971,71,110,0,14-3-29 3:20:15,1
3XFUSP81BI,109.075,34.3387,1803028,80,160,0,14-3-29 3:25:16,1
3XFUSP81BI,109.015,34.3606,1803091,71,140,0,14-3-29 3:30:17,1
3XFUSP81BI,108.948,34.3661,1803152,71,135,0,14-3-29 3:35:18,1
3XFUSP81BI,108.881,34.3536,1803215,71,125,0,14-3-29 3:40:19,1
3XFUSP81BI,108.787,34.2678,1803368,71,85,0,14-3-29 3:53:1,1
3XFUSP81BI,108.787,34.2664,1803370,71,85,0,14-3-29 3:53:8,1
3XFUSP81BI,108.785,34.2534,1803386,0,0,0,14-3-29 3:58:2,1
3XFUSP81BI,108.763,34.253,1803406,60,135,0,14-3-29 4:3:3,1
3XFUSP81BI,108.598,34.2688,1803565,77,140,0,14-3-29 4:15:39,1
3XFUSP81BI,108.53,34.2804,1803632,82,125,0,14-3-29 4:20:40,1
3XFUSP81BI,108.46,34.2718,1803698,77,125,0,14-3-29 4:25:40,1
3XFUSP81BI,108.394,34.2495,1803762,77,125,0,14-3-29 4:30:50,1
3XFUSP81BI,108.32,34.2457,1803830,79,135,0,14-3-29 4:35:51,1
3XFUSP81BI,108.249,34.2438,1803895,84,130,0,14-3-29 4:40:52,1
3XFUSP81BI,108.176,34.2472,1803963,75,135,0,14-3-29 4:45:53,1
3XFUSP81BI,108.107,34.2524,1804026,80,130,0,14-3-29 4:50:54,1
3XFUSP81BI,108.038,34.264,1804090,79,140,0,14-3-29 4:55:55,1
3XFUSP81BI,107.965,34.2662,1804157,79,125,0,14-3-29 5:0:56,1
3XFUSP81BI,107.894,34.2708,1804222,75,135,0,14-3-29 5:5:57,1
3XFUSP81BI,107.823,34.267,1804288,79,145,0,14-3-29 5:10:58,1
3XFUSP81BI,107.76,34.3016,1804357,84,140,0,14-3-29 5:15:59,1
3XFUSP81BI,107.686,34.3082,1804426,82,145,0,14-3-29 5:21:0,1
3XFUSP81BI,107.613,34.3064,1804493,75,130,0,14-3-29 5:26:1,1
3XFUSP81BI,107.542,34.3125,1804557,77,135,0,14-3-29 5:31:2,1
3XFUSP81BI,107.474,34.3334,1804625,80,145,0,14-3-29 5:36:3,1
3XFUSP81BI,107.404,34.3481,1804691,69,130,0,14-3-29 5:41:4,1
3XFUSP81BI,107.342,34.3489,1804748,77,140,0,14-3-29 5:46:5,1
3XFUSP81BI,107.282,34.3566,1804804,77,130,0,14-3-29 5:51:6,1
3XFUSP81BI,107.217,34.3603,1804863,73,130,0,14-3-29 5:56:7,1
3XFUSP81BI,107.084,34.3725,1805002,66,130,0,14-3-29 6:9:22,1
3XFUSP81BI,107.082,34.3723,1805003,64,130,0,14-3-29 6:9:31,1
3XFUSP81BI,107.043,34.369,1805040,3,115,0,14-3-29 6:14:23,1
3XFUSP81BI,107.042,34.369,1805040,0,0,0,14-3-29 6:19:24,1
3XFUSP81BI,107.042,34.369,1805040,0,0,0,14-3-29 6:24:25,1
3XFUSP81BI,107.042,34.369,1805040,0,0,0,14-3-29 6:29:26,1
3XFUSP81BI,107.042,34.369,1805040,0,0,0,14-3-29 6:34:27,1
3XFUSP81BI,107.042,34.369,1805040,0,0,0,14-3-29 6:39:28,1
3XFUSP81BI,107.042,34.369,1805040,0,0,0,14-3-29 6:44:29,1
3XFUSP81BI,107.042,34.369,1805040,0,0,0,14-3-29 6:49:29,1
3XFUSP81BI,107.042,34.369,1805040,0,0,0,14-3-29 6:54:30,1
3XFUSP81BI,107.042,34.369,1805040,0,0,0,14-3-29 6:59:31,1
3XFUSP81BI,107.042,34.369,1805040,0,0,0,14-3-29 7:4:32,1
3XFUSP81BI,107.042,34.369,1805040,0,0,0,14-3-29 7:9:33,1
3XFUSP81BI,107.042,34.369,1805040,0,0,0,14-3-29 7:14:34,1
3XFUSP81BI,107.042,34.369,1805040,0,0,0,14-3-29 7:19:35,1
3XFUSP81BI,107.042,34.369,1805040,0,0,0,14-3-29 7:24:36,1
3XFUSP81BI,107.042,34.369,1805040,0,0,0,14-3-29 7:29:37,1
3XFUSP81BI,107.042,34.369,1805040,0,0,0,14-3-29 7:34:38,1
3XFUSP81BI,107.042,34.369,1805040,0,0,0,14-3-29 7:39:39,1
3XFUSP81BI,107.042,34.369,1805040,0,0,0,14-3-29 7:44:40,1
3XFUSP81BI,107.042,34.369,1805040,0,0,0,14-3-29 7:49:41,1
3XFUSP81BI,107.042,34.369,1805040,0,0,0,14-3-29 7:54:42,1
3XFUSP81BI,107.042,34.369,1805040,0,0,0,14-3-29 7:59:43,1
3XFUSP81BI,107.042,34.369,1805040,0,0,0,14-3-29 8:4:44,1
3XFUSP81BI,107.042,34.369,1805040,0,0,0,14-3-29 8:9:45,1
3XFUSP81BI,107.042,34.369,1805040,0,0,0,14-3-29 8:14:46,1
3XFUSP81BI,107.042,34.369,1805040,0,0,0,14-3-29 8:19:47,1
3XFUSP81BI,107.042,34.369,1805040,0,0,0,14-3-29 8:24:48,1
3XFUSP81BI,107.042,34.369,1805040,0,0,0,14-3-29 8:29:49,1
3XFUSP81BI,107.042,34.369,1805040,0,0,0,14-3-29 8:34:50,1
3XFUSP81BI,107.042,34.369,1805040,0,0,0,14-3-29 8:39:51,1
3XFUSP81BI,107.042,34.369,1805040,0,0,0,14-3-29 8:44:52,1
3XFUSP81BI,107.042,34.369,1805040,0,0,0,14-3-29 8:49:53,1
3XFUSP81BI,107.042,34.369,1805040,0,0,0,14-3-29 8:54:54,1
3XFUSP81BI,107.042,34.369,1805040,0,0,0,14-3-29 8:59:55,1
3XFUSP81BI,107.042,34.369,1805040,0,0,0,14-3-29 9:4:55,1
3XFUSP81BI,107.042,34.369,1805040,0,0,0,14-3-29 9:9:56,1
3XFUSP81BI,107.042,34.369,1805040,0,0,0,14-3-29 9:14:57,1
3XFUSP81BI,107.042,34.369,1805040,0,0,0,14-3-29 9:19:59,1
3XFUSP81BI,107.042,34.369,1805040,0,0,0,14-3-29 9:24:59,1
3XFUSP81BI,107.042,34.369,1805040,0,0,0,14-3-29 9:30:0,1
3XFUSP81BI,107.042,34.3689,1805041,0,0,0,14-3-29 9:35:1,1
3XFUSP81BI,107.042,34.3689,1805041,0,0,0,14-3-29 9:40:2,1
3XFUSP81BI,107.042,34.3689,1805041,0,0,0,14-3-29 9:45:3,1
3XFUSP81BI,107.042,34.3689,1805041,0,0,0,14-3-29 9:50:4,1
3XFUSP81BI,107.042,34.3689,1805041,0,0,0,14-3-29 9:55:5,1
3XFUSP81BI,107.042,34.3689,1805041,0,0,0,14-3-29 10:0:6,1
3XFUSP81BI,107.042,34.3689,1805041,0,0,0,14-3-29 10:5:7,1
3XFUSP81BI,107.042,34.3689,1805041,0,0,0,14-3-29 10:10:8,1
3XFUSP81BI,107.042,34.3689,1805041,0,0,0,14-3-29 10:13:56,1
3XFUSP81BI,107.042,34.3689,1805041,0,0,0,14-3-29 10:15:9,1
3XFUSP81BI,107.042,34.3689,1805041,0,0,0,14-3-29 10:20:10,1
3XFUSP81BI,107.042,34.3689,1805041,0,0,0,14-3-29 10:25:11,1
3XFUSP81BI,107.042,34.3689,1805041,0,0,0,14-3-29 10:30:12,1
3XFUSP81BI,107.042,34.3687,1805041,0,0,0,14-3-29 10:35:13,1
3XFUSP81BI,107.042,34.3687,1805041,0,0,0,14-3-29 10:40:14,1
3XFUSP81BI,107.042,34.3687,1805041,0,0,0,14-3-29 10:45:15,1
3XFUSP81BI,107.042,34.3687,1805041,0,0,0,14-3-29 10:50:16,1
3XFUSP81BI,107.042,34.3687,1805041,0,0,0,14-3-29 10:55:17,1
3XFUSP81BI,107.041,34.3687,1805041,0,0,0,14-3-29 11:0:18,1
3XFUSP81BI,107.041,34.3687,1805041,3,115,0,14-3-29 11:5:19,1
3XFUSP81BI,107.041,34.3684,1805041,0,100,0,14-3-29 11:10:20,1
3XFUSP81BI,107.036,34.3686,1805046,0,140,0,14-3-29 11:15:21,0
3XFUSP81BI,106.988,34.3781,1805054,51,135,0,14-3-29 11:20:22,1
3XFUSP81BI,106.935,34.3964,1805092,69,140,0,14-3-29 11:25:22,1
3XFUSP81BI,106.885,34.3905,1805115,53,135,0,14-3-29 11:30:23,1
3XFUSP81BI,106.87,34.393,1805131,0,0,0,14-3-29 11:35:24,1
3XFUSP81BI,106.869,34.3927,1805131,0,0,0,14-3-29 11:40:25,1
3XFUSP81BI,106.869,34.3919,1805132,0,0,0,14-3-29 11:45:26,1
3XFUSP81BI,106.869,34.3919,1805132,0,0,0,14-3-29 11:50:27,1
3XFUSP81BI,106.833,34.3756,1805157,58,140,0,14-3-29 11:55:28,1
3XFUSP81BI,106.797,34.3745,1805168,0,130,0,14-3-29 12:0:29,0
3XFUSP81BI,106.692,34.3718,1805234,0,135,0,14-3-29 12:10:31,0
3XFUSP81BI,106.652,34.3577,1805260,27,110,0,14-3-29 12:15:32,1
3XFUSP81BI,106.641,34.3459,1805277,0,0,0,14-3-29 12:20:34,1
3XFUSP81BI,106.61,34.34,1805313,33,140,0,14-3-29 12:36:5,1
3XFUSP81BI,106.577,34.3349,1805342,34,115,0,14-3-29 12:41:1,1
3XFUSP81BI,106.514,34.3354,1805396,0,125,0,14-3-29 12:54:42,0
3XFUSP81BI,106.514,34.3354,1805396,0,125,0,14-3-29 12:54:52,0
3XFUSP81BI,106.514,34.3354,1805396,0,125,0,14-3-29 13:3:37,0
3XFUSP81BI,106.514,34.3354,1805396,0,125,0,14-3-29 13:8:33,0
3XFUSP81BI,106.514,34.3354,1805396,0,125,0,14-3-29 13:13:34,0
3XFUSP81BI,106.357,34.3105,1805421,46,140,0,14-3-29 13:18:37,1
3XFUSP81BI,106.312,34.3182,1805464,49,145,0,14-3-29 13:23:36,1
3XFUSP81BI,106.27,34.3246,1805505,0,125,0,14-3-29 13:35:26,0
3XFUSP81BI,106.27,34.3246,1805505,0,125,0,14-3-29 13:40:24,0
3XFUSP81BI,106.141,34.3308,1805518,55,140,0,14-3-29 13:46:55,1
3XFUSP81BI,106.139,34.3313,1805519,0,145,0,14-3-29 13:47:17,0
3XFUSP81BI,106.139,34.3313,1805520,0,145,0,14-3-29 13:47:21,0
3XFUSP81BI,106.127,34.3689,1805561,51,155,0,14-3-29 13:52:18,1
3XFUSP81BI,106.113,34.3887,1805577,0,150,0,14-3-29 13:57:19,0
3XFUSP81BI,106.113,34.3887,1805577,0,150,0,14-3-29 14:2:20,0
3XFUSP81BI,106.062,34.4516,1805599,0,145,0,14-3-29 14:8:44,0
3XFUSP81BI,106.062,34.4516,1805599,0,145,0,14-3-29 14:8:49,0
3XFUSP81BI,106.001,34.4542,1805636,42,145,0,14-3-29 14:13:46,1
3XFUSP81BI,105.959,34.4606,1805677,31,145,0,14-3-29 14:18:48,1
3XFUSP81BI,105.926,34.4717,1805695,71,150,0,14-3-29 14:23:49,1
3XFUSP81BI,105.913,34.4704,1805708,0,0,0,14-3-29 14:28:50,1
3XFUSP81BI,105.913,34.4704,1805708,0,0,0,14-3-29 14:42:0,1
3XFUSP81BI,105.913,34.4704,1805708,0,0,0,14-3-29 14:46:55,1
3XFUSP81BI,105.913,34.4704,1805708,0,0,0,14-3-29 14:51:57,1
3XFUSP81BI,105.913,34.4704,1805708,0,0,0,14-3-29 14:56:57,1
3XFUSP81BI,105.913,34.4705,1805708,0,0,0,14-3-29 15:1:58,1
3XFUSP81BI,105.901,34.4655,1805719,31,115,0,14-3-29 15:6:59,1
3XFUSP81BI,105.893,34.4623,1805728,0,140,0,14-3-29 15:12:0,0
3XFUSP81BI,105.845,34.4689,1805751,29,135,0,14-3-29 15:17:3,1
3XFUSP81BI,105.82,34.4594,1805775,29,120,0,14-3-29 15:22:4,1
3XFUSP81BI,105.797,34.4558,1805797,0,140,0,14-3-29 15:27:3,0
3XFUSP81BI,105.797,34.4558,1805797,0,140,0,14-3-29 15:32:4,0
3XFUSP81BI,105.771,34.4592,1805799,0,145,0,14-3-29 15:37:5,0
3XFUSP81BI,105.699,34.4902,1805839,84,155,0,14-3-29 15:42:8,1
3XFUSP81BI,105.677,34.548,1805907,75,0,0,14-3-29 15:47:9,1
3XFUSP81BI,105.643,34.5718,1805967,60,125,0,14-3-29 15:52:8,1
3XFUSP81BI,105.587,34.5699,1806019,62,140,0,14-3-29 15:57:9,1
3XFUSP81BI,105.534,34.5675,1806068,58,140,0,14-3-29 16:2:10,1
3XFUSP81BI,105.488,34.5696,1806114,62,165,0,14-3-29 16:7:11,1
3XFUSP81BI,105.45,34.598,1806162,62,160,0,14-3-29 16:12:12,1
3XFUSP81BI,105.419,34.6156,1806197,38,135,0,14-3-29 16:17:13,1
3XFUSP81BI,105.378,34.6245,1806236,51,140,0,14-3-29 16:22:14,1
3XFUSP81BI,105.351,34.6435,1806269,0,155,0,14-3-29 16:27:16,0
3XFUSP81BI,105.351,34.6435,1806269,0,155,0,14-3-29 16:32:17,0
3XFUSP81BI,105.323,34.7175,1806299,0,160,0,14-3-29 16:37:19,0
3XFUSP81BI,105.253,34.753,1806348,75,125,0,14-3-29 16:42:20,1
3XFUSP81BI,105.079,34.7701,1806521,75,145,0,14-3-29 16:55:54,1
3XFUSP81BI,105.078,34.7705,1806523,75,145,0,14-3-29 16:55:58,1
3XFUSP81BI,105.017,34.763,1806582,58,115,0,14-3-29 17:0:56,1
3XFUSP81BI,104.966,34.7336,1806639,66,125,0,14-3-29 17:5:57,1
3XFUSP81BI,104.907,34.7331,1806695,62,140,0,14-3-29 17:10:58,1
3XFUSP81BI,104.858,34.7549,1806724,55,160,0,14-3-29 17:16:0,1
3XFUSP81BI,104.809,34.7815,1806781,0,170,0,14-3-29 17:22:33,0
3XFUSP81BI,104.749,34.817,1806833,73,155,0,14-3-29 17:27:29,1
3XFUSP81BI,104.729,34.8643,1806889,73,160,0,14-3-29 17:32:31,1
3XFUSP81BI,104.735,34.91,1806947,68,5,0,14-3-29 17:37:33,1
3XFUSP81BI,104.737,34.9143,1806952,64,5,0,14-3-29 17:37:59,1
3XFUSP81BI,104.712,34.9608,1807009,69,160,0,14-3-29 17:43:1,1
3XFUSP81BI,104.697,35.0022,1807058,68,165,0,14-3-29 17:48:2,1
3XFUSP81BI,104.71,35.0444,1807108,60,10,0,14-3-29 17:53:4,1
3XFUSP81BI,104.723,35.119,1807192,69,0,0,14-3-29 18:0:10,1
3XFUSP81BI,104.723,35.1203,1807194,69,0,0,14-3-29 18:0:17,1
3XFUSP81BI,104.728,35.1681,1807248,42,5,0,14-3-29 18:5:11,1
3XFUSP81BI,104.719,35.2124,1807298,86,165,0,14-3-29 18:10:12,1
3XFUSP81BI,104.708,35.2651,1807358,66,175,0,14-3-29 18:15:13,1
3XFUSP81BI,104.685,35.3095,1807413,53,170,0,14-3-29 18:20:14,1
3XFUSP81BI,104.675,35.3423,1807454,33,20,0,14-3-29 18:25:15,1
3XFUSP81BI,104.682,35.3506,1807464,0,5,0,14-3-29 18:30:16,0
3XFUSP81BI,104.684,35.4009,1807493,82,0,0,14-3-29 18:35:19,1
3XFUSP81BI,104.684,35.4682,1807567,84,175,0,14-3-29 18:40:20,1
3XFUSP81BI,104.663,35.5234,1807634,82,160,0,14-3-29 18:45:19,1
3XFUSP81BI,104.635,35.5709,1807696,71,175,0,14-3-29 18:50:20,1
3XFUSP81BI,104.607,35.6119,1807751,7,155,0,14-3-29 18:57:35,1
3XFUSP81BI,104.607,35.6121,1807751,11,160,0,14-3-29 18:57:44,1
3XFUSP81BI,104.596,35.6392,1807782,51,5,0,14-3-29 19:2:35,1
3XFUSP81BI,104.594,35.6478,1807793,0,0,0,14-3-29 19:7:37,1
3XFUSP81BI,104.594,35.6478,1807793,0,0,0,14-3-29 19:12:38,1
3XFUSP81BI,104.594,35.6478,1807793,0,0,0,14-3-29 19:17:39,1
3XFUSP81BI,104.593,35.6478,1807793,0,0,0,14-3-29 19:22:40,1
3XFUSP81BI,104.593,35.6479,1807793,0,0,0,14-3-29 19:27:41,1
3XFUSP81BI,104.593,35.6479,1807793,0,0,0,14-3-29 19:32:42,1
3XFUSP81BI,104.593,35.6481,1807793,0,165,0,14-3-29 19:37:43,1
3XFUSP81BI,104.593,35.6481,1807793,0,165,0,14-3-29 19:42:44,1
3XFUSP81BI,104.593,35.6481,1807793,0,165,0,14-3-29 19:47:45,1
3XFUSP81BI,104.593,35.6481,1807793,0,165,0,14-3-29 19:52:46,1
3XFUSP81BI,104.593,35.6481,1807793,0,165,0,14-3-29 19:57:47,1
3XFUSP81BI,104.593,35.6481,1807793,0,165,0,14-3-29 20:2:48,1
3XFUSP81BI,104.593,35.6481,1807793,0,165,0,14-3-29 20:7:49,1
3XFUSP81BI,104.593,35.6481,1807793,0,165,0,14-3-29 20:21:22,1
3XFUSP81BI,104.593,35.6481,1807793,0,165,0,14-3-29 20:26:17,1
3XFUSP81BI,104.593,35.6481,1807793,0,165,0,14-3-29 20:31:18,1
3XFUSP81BI,104.593,35.6481,1807793,0,165,0,14-3-29 20:36:19,1
3XFUSP81BI,104.593,35.6481,1807793,0,165,0,14-3-29 20:49:45,1
3XFUSP81BI,104.593,35.6481,1807793,0,165,0,14-3-29 20:49:53,1
3XFUSP81BI,104.593,35.6481,1807793,0,165,0,14-3-29 20:54:47,1
3XFUSP81BI,104.593,35.6481,1807793,0,165,0,14-3-29 20:59:48,1
3XFUSP81BI,104.593,35.6481,1807793,0,165,0,14-3-29 21:4:49,1
3XFUSP81BI,104.593,35.6481,1807793,0,165,0,14-3-29 21:9:50,1
3XFUSP81BI,104.593,35.6481,1807793,0,165,0,14-3-29 21:14:51,1
3XFUSP81BI,104.593,35.6481,1807793,0,165,0,14-3-29 21:19:52,1
3XFUSP81BI,104.593,35.6481,1807793,0,165,0,14-3-29 21:24:52,1
3XFUSP81BI,104.593,35.6481,1807793,0,165,0,14-3-29 21:29:53,1
3XFUSP81BI,104.593,35.6481,1807793,0,165,0,14-3-29 21:34:54,1
3XFUSP81BI,104.593,35.6481,1807793,0,165,0,14-3-29 21:39:55,1
3XFUSP81BI,104.593,35.6481,1807793,0,165,0,14-3-29 21:44:56,1
3XFUSP81BI,104.593,35.6481,1807793,0,165,0,14-3-29 21:49:57,1
3XFUSP81BI,104.593,35.6481,1807793,0,165,0,14-3-29 22:3:29,1
3XFUSP81BI,104.593,35.6481,1807793,0,165,0,14-3-29 22:3:58,1
3XFUSP81BI,104.593,35.6481,1807793,0,165,0,14-3-29 22:8:29,1
3XFUSP81BI,104.593,35.6481,1807793,0,165,0,14-3-29 22:13:30,1
3XFUSP81BI,104.593,35.6481,1807793,0,165,0,14-3-29 22:18:31,1
3XFUSP81BI,104.593,35.6481,1807793,0,165,0,14-3-29 22:23:32,1
3XFUSP81BI,104.593,35.6481,1807793,0,165,0,14-3-29 22:28:33,1
3XFUSP81BI,104.593,35.6481,1807793,0,165,0,14-3-29 22:33:34,1
3XFUSP81BI,104.593,35.6481,1807793,0,165,0,14-3-29 22:38:35,1
3XFUSP81BI,104.593,35.6481,1807793,0,165,0,14-3-29 22:43:36,1
3XFUSP81BI,104.593,35.6481,1807793,0,165,0,14-3-29 22:48:37,1
3XFUSP81BI,104.593,35.6481,1807793,0,165,0,14-3-29 22:53:38,1
3XFUSP81BI,104.593,35.6481,1807793,0,165,0,14-3-29 22:58:39,1
3XFUSP81BI,104.593,35.6481,1807793,0,165,0,14-3-29 23:3:40,1
3XFUSP81BI,104.593,35.6481,1807793,0,165,0,14-3-29 23:8:41,1
3XFUSP81BI,104.593,35.6481,1807793,0,165,0,14-3-29 23:13:42,1
3XFUSP81BI,104.593,35.6481,1807793,0,165,0,14-3-29 23:18:43,1
3XFUSP81BI,104.593,35.6481,1807793,0,165,0,14-3-29 23:23:44,1
3XFUSP81BI,104.593,35.6481,1807793,0,165,0,14-3-29 23:28:45,1
3XFUSP81BI,104.593,35.6481,1807793,0,165,0,14-3-29 23:33:46,1
3XFUSP81BI,104.593,35.6481,1807793,0,165,0,14-3-29 23:38:47,1
3XFUSP81BI,104.593,35.6481,1807793,0,165,0,14-3-29 23:43:48,1
3XFUSP81BI,104.593,35.6481,1807793,0,165,0,14-3-29 23:48:48,1
3XFUSP81BI,104.593,35.6481,1807793,0,165,0,14-3-29 23:53:49,1
3XFUSP81BI,104.593,35.6481,1807793,0,165,0,14-3-29 23:58:50,1
3XFUSP81BI,104.593,35.6481,1807793,0,165,0,14-3-30 0:3:51,1
3XFUSP81BI,104.593,35.6481,1807793,0,165,0,14-3-30 0:8:52,1
3XFUSP81BI,104.593,35.6481,1807793,0,165,0,14-3-30 0:13:53,1
3XFUSP81BI,104.593,35.6481,1807793,0,165,0,14-3-30 0:18:54,1
3XFUSP81BI,104.593,35.6481,1807793,0,165,0,14-3-30 0:23:55,1
3XFUSP81BI,104.593,35.6481,1807793,0,165,0,14-3-30 0:28:56,1
3XFUSP81BI,104.593,35.6481,1807793,0,165,0,14-3-30 0:33:57,1
3XFUSP81BI,104.593,35.6481,1807793,0,165,0,14-3-30 0:38:58,1
3XFUSP81BI,104.593,35.6481,1807793,0,165,0,14-3-30 0:43:59,1
3XFUSP81BI,104.593,35.6481,1807793,0,165,0,14-3-30 0:49:0,1
3XFUSP81BI,104.593,35.6481,1807793,0,165,0,14-3-30 0:54:1,1
3XFUSP81BI,104.593,35.6481,1807793,0,165,0,14-3-30 0:59:2,1
3XFUSP81BI,104.593,35.6481,1807793,0,165,0,14-3-30 1:4:3,1
3XFUSP81BI,104.593,35.6481,1807793,0,165,0,14-3-30 1:9:4,1
3XFUSP81BI,104.593,35.6481,1807793,0,165,0,14-3-30 1:14:5,1
3XFUSP81BI,104.593,35.6481,1807793,0,165,0,14-3-30 1:19:6,1
3XFUSP81BI,104.593,35.6481,1807793,0,165,0,14-3-30 1:24:7,1
3XFUSP81BI,104.593,35.6481,1807793,0,165,0,14-3-30 1:29:8,1
3XFUSP81BI,104.593,35.6481,1807793,0,165,0,14-3-30 1:34:9,1
3XFUSP81BI,104.593,35.6481,1807793,0,165,0,14-3-30 1:39:10,1
3XFUSP81BI,104.593,35.6481,1807793,0,165,0,14-3-30 1:44:11,1
3XFUSP81BI,104.593,35.6481,1807793,0,165,0,14-3-30 1:49:12,1
3XFUSP81BI,104.593,35.6481,1807793,0,165,0,14-3-30 1:54:13,1
3XFUSP81BI,104.593,35.6481,1807793,0,165,0,14-3-30 1:59:14,1
3XFUSP81BI,104.593,35.6481,1807793,0,165,0,14-3-30 2:4:14,1
3XFUSP81BI,104.593,35.6481,1807793,0,165,0,14-3-30 2:9:15,1
3XFUSP81BI,104.593,35.6481,1807793,0,165,0,14-3-30 2:14:16,1
3XFUSP81BI,104.593,35.6481,1807793,0,165,0,14-3-30 2:19:17,1
3XFUSP81BI,104.593,35.6481,1807793,0,165,0,14-3-30 2:24:19,1
3XFUSP81BI,104.593,35.6481,1807793,0,165,0,14-3-30 2:29:19,1
3XFUSP81BI,104.593,35.6481,1807793,0,165,0,14-3-30 2:34:20,1
3XFUSP81BI,104.593,35.6481,1807793,0,165,0,14-3-30 2:39:21,1
3XFUSP81BI,104.593,35.6481,1807793,0,165,0,14-3-30 2:44:22,1
3XFUSP81BI,104.593,35.6481,1807793,0,165,0,14-3-30 2:49:23,1
3XFUSP81BI,104.593,35.6481,1807793,0,165,0,14-3-30 2:54:24,1
3XFUSP81BI,104.593,35.6481,1807793,0,165,0,14-3-30 2:59:25,1
3XFUSP81BI,104.593,35.6481,1807793,0,165,0,14-3-30 3:4:26,1
3XFUSP81BI,104.593,35.6481,1807793,0,165,0,14-3-30 3:9:27,1
3XFUSP81BI,104.593,35.6481,1807793,0,165,0,14-3-30 3:14:28,1
3XFUSP81BI,104.593,35.6483,1807793,7,160,0,14-3-30 3:19:29,1
3XFUSP81BI,104.571,35.6734,1807827,80,160,0,14-3-30 3:24:31,1
3XFUSP81BI,104.533,35.7185,1807888,79,140,0,14-3-30 3:29:32,1
3XFUSP81BI,104.474,35.7123,1807941,69,125,0,14-3-30 3:34:33,1
3XFUSP81BI,104.413,35.7143,1807998,73,140,0,14-3-30 3:39:34,1
3XFUSP81BI,104.358,35.7284,1808052,49,140,0,14-3-30 3:44:35,1
3XFUSP81BI,104.329,35.7638,1808088,88,160,0,14-3-30 3:49:37,1
3XFUSP81BI,104.293,35.8156,1808160,80,165,0,14-3-30 3:54:39,1
3XFUSP81BI,104.256,35.8657,1808225,71,165,0,14-3-30 3:59:40,1
3XFUSP81BI,104.204,35.9,1808289,64,130,0,14-3-30 4:4:41,1
3XFUSP81BI,104.148,35.9041,1808339,51,145,0,14-3-30 4:9:42,1
3XFUSP81BI,104.104,35.9209,1808362,0,150,0,14-3-30 4:14:43,0
3XFUSP81BI,104.052,35.9415,1808398,68,155,0,14-3-30 4:19:44,1
3XFUSP81BI,104.005,35.9713,1808452,66,150,0,14-3-30 4:24:44,1
3XFUSP81BI,103.973,36.0039,1808503,57,155,0,14-3-30 4:29:45,1
3XFUSP81BI,103.953,36.0328,1808541,29,145,0,14-3-30 4:34:47,1
3XFUSP81BI,103.923,36.0504,1808576,58,155,0,14-3-30 4:39:48,1
3XFUSP81BI,103.891,36.0757,1808623,29,150,0,14-3-30 4:44:50,1
3XFUSP81BI,103.862,36.0856,1808654,27,70,0,14-3-30 4:49:51,1
3XFUSP81BI,103.864,36.0766,1808665,0,0,0,14-3-30 4:54:52,1
3XFUSP81BI,103.864,36.0763,1808666,0,0,0,14-3-30 4:59:53,1
3XFUSP81BI,103.857,36.0764,1808678,23,15,0,14-3-30 5:4:54,1
3XFUSP81BI,103.861,36.0826,1808685,3,145,0,14-3-30 5:9:55,1
3XFUSP81BI,103.865,36.0836,1808689,12,55,0,14-3-30 5:14:56,1
3XFUSP81BI,103.875,36.0822,1808698,5,40,0,14-3-30 5:19:58,1
3XFUSP81BI,103.887,36.0768,1808709,16,55,0,14-3-30 5:24:59,1
3XFUSP81BI,103.888,36.076,1808711,22,70,0,14-3-30 5:25:22,1
3XFUSP81BI,103.907,36.0792,1808734,20,5,0,14-3-30 5:38:27,1
3XFUSP81BI,103.907,36.0794,1808735,16,25,0,14-3-30 5:38:33,1
3XFUSP81BI,103.91,36.0818,1808738,0,0,0,14-3-30 5:43:28,1
3XFUSP81BI,103.91,36.0818,1808738,0,0,0,14-3-30 5:48:29,1
3XFUSP81BI,103.91,36.0818,1808738,0,0,0,14-3-30 5:53:30,1
3XFUSP81BI,103.91,36.0818,1808738,0,0,0,14-3-30 5:55:6,1
3XFUSP81BI,120.144,36.0072,1808737,0,0,0,14-3-30 8:22:58,0
3XFUSP81BI,103.91,36.0817,1808738,1,175,0,14-3-30 8:27:37,1
3XFUSP81BI,103.91,36.082,1808738,0,0,0,14-3-30 8:32:38,1
3XFUSP81BI,103.91,36.082,1808738,0,0,0,14-3-30 8:37:37,1
3XFUSP81BI,103.91,36.082,1808738,0,0,0,14-3-30 8:42:38,1
3XFUSP81BI,103.91,36.082,1808738,0,0,0,14-3-30 8:47:39,1
3XFUSP81BI,103.91,36.082,1808738,0,0,0,14-3-30 8:52:41,1
3XFUSP81BI,103.91,36.082,1808738,0,0,0,14-3-30 8:57:42,1
3XFUSP81BI,103.91,36.082,1808738,0,0,0,14-3-30 9:2:43,1
3XFUSP81BI,103.91,36.082,1808738,0,0,0,14-3-30 9:7:44,1
3XFUSP81BI,103.91,36.082,1808738,0,0,0,14-3-30 9:12:45,1
3XFUSP81BI,103.91,36.082,1808738,0,0,0,14-3-30 9:17:46,1
3XFUSP81BI,103.91,36.082,1808738,0,0,0,14-3-30 9:22:47,1
3XFUSP81BI,103.91,36.082,1808738,0,0,0,14-3-30 9:27:48,1
3XFUSP81BI,103.91,36.082,1808738,0,0,0,14-3-30 9:32:49,1
3XFUSP81BI,103.91,36.082,1808738,0,0,0,14-3-30 9:37:51,1
3XFUSP81BI,103.91,36.082,1808738,0,0,0,14-3-30 9:42:52,1
3XFUSP81BI,103.91,36.082,1808738,0,0,0,14-3-30 9:47:53,1
3XFUSP81BI,103.91,36.082,1808738,0,0,0,14-3-30 9:52:54,1
3XFUSP81BI,103.91,36.082,1808738,0,0,0,14-3-30 9:57:55,1
3XFUSP81BI,103.91,36.082,1808738,0,0,0,14-3-30 10:2:56,1
3XFUSP81BI,103.91,36.082,1808738,0,0,0,14-3-30 10:7:57,1
3XFUSP81BI,103.91,36.082,1808738,0,0,0,14-3-30 10:12:58,1
3XFUSP81BI,103.91,36.082,1808738,0,0,0,14-3-30 10:17:59,1
3XFUSP81BI,103.91,36.082,1808738,0,0,0,14-3-30 10:23:0,1
3XFUSP81BI,103.91,36.082,1808738,0,0,0,14-3-30 10:28:1,1
3XFUSP81BI,103.91,36.082,1808738,0,0,0,14-3-30 10:33:2,1
3XFUSP81BI,103.91,36.082,1808738,0,0,0,14-3-30 10:38:3,1
3XFUSP81BI,103.91,36.082,1808738,0,0,0,14-3-30 10:43:4,1
3XFUSP81BI,103.91,36.082,1808738,0,0,0,14-3-30 10:48:5,1
3XFUSP81BI,103.91,36.082,1808738,0,0,0,14-3-30 11:0:21,1
3XFUSP81BI,103.91,36.082,1808738,0,0,0,14-3-30 11:0:27,1
3XFUSP81BI,103.91,36.082,1808738,0,0,0,14-3-30 11:5:22,1
3XFUSP81BI,103.91,36.082,1808738,0,0,0,14-3-30 11:10:23,1
3XFUSP81BI,103.91,36.082,1808738,0,0,0,14-3-30 11:15:24,1
3XFUSP81BI,103.91,36.082,1808738,0,0,0,14-3-30 11:20:25,1
3XFUSP81BI,103.91,36.082,1808738,0,0,0,14-3-30 11:25:26,1
3XFUSP81BI,103.91,36.082,1808738,0,0,0,14-3-30 11:30:27,1
3XFUSP81BI,103.91,36.082,1808738,0,0,0,14-3-30 11:35:28,1
3XFUSP81BI,103.91,36.082,1808738,0,0,0,14-3-30 11:40:28,1
3XFUSP81BI,103.91,36.082,1808738,0,0,0,14-3-30 11:45:29,1
3XFUSP81BI,103.91,36.082,1808738,0,0,0,14-3-30 11:50:30,1
3XFUSP81BI,103.91,36.082,1808738,0,0,0,14-3-30 11:55:31,1
3XFUSP81BI,103.91,36.082,1808738,0,0,0,14-3-30 12:0:32,1
3XFUSP81BI,103.91,36.082,1808738,0,0,0,14-3-30 12:5:33,1
3XFUSP81BI,103.91,36.082,1808738,0,0,0,14-3-30 12:10:34,1
3XFUSP81BI,103.91,36.082,1808738,0,0,0,14-3-30 12:14:13,1
3XFUSP81BI,103.91,36.082,1808738,0,0,0,14-3-30 12:15:35,1
3XFUSP81BI,103.91,36.082,1808738,0,0,0,14-3-30 12:20:37,1
3XFUSP81BI,103.91,36.082,1808738,0,0,0,14-3-30 12:25:37,1
3XFUSP81BI,103.91,36.082,1808738,0,0,0,14-3-30 12:30:38,1
3XFUSP81BI,103.91,36.082,1808738,0,0,0,14-3-30 12:35:39,1
3XFUSP81BI,103.91,36.082,1808738,0,0,0,14-3-30 12:48:20,1
3XFUSP81BI,103.91,36.082,1808738,0,0,0,14-3-30 12:53:14,1
3XFUSP81BI,103.91,36.082,1808738,0,0,0,14-3-30 12:58:15,1
3XFUSP81BI,103.91,36.082,1808738,0,0,0,14-3-30 13:3:16,1
3XFUSP81BI,103.91,36.082,1808738,0,0,0,14-3-30 13:8:17,1
3XFUSP81BI,103.91,36.082,1808738,0,0,0,14-3-30 13:13:18,1
3XFUSP81BI,103.91,36.082,1808738,0,0,0,14-3-30 13:18:19,1
3XFUSP81BI,103.91,36.082,1808738,0,0,0,14-3-30 13:23:20,1
3XFUSP81BI,103.91,36.082,1808738,0,0,0,14-3-30 13:28:21,1
3XFUSP81BI,103.91,36.082,1808738,0,0,0,14-3-30 13:33:22,1
3XFUSP81BI,103.91,36.082,1808738,0,0,0,14-3-30 13:38:23,1
3XFUSP81BI,103.91,36.082,1808738,0,0,0,14-3-30 13:43:24,1
3XFUSP81BI,103.91,36.082,1808738,0,0,0,14-3-30 13:48:25,1
3XFUSP81BI,103.91,36.082,1808738,0,0,0,14-3-30 13:53:25,1
3XFUSP81BI,103.91,36.082,1808738,0,0,0,14-3-30 13:58:26,1
3XFUSP81BI,103.91,36.082,1808738,0,0,0,14-3-30 14:3:27,1
3XFUSP81BI,103.91,36.082,1808738,0,0,0,14-3-30 14:8:29,1
3XFUSP81BI,103.91,36.082,1808738,0,0,0,14-3-30 14:13:30,1
3XFUSP81BI,103.91,36.082,1808738,0,0,0,14-3-30 14:18:31,1
3XFUSP81BI,103.91,36.082,1808738,0,0,0,14-3-30 14:23:32,1
3XFUSP81BI,103.91,36.082,1808738,0,0,0,14-3-30 14:28:33,1
3XFUSP81BI,103.91,36.082,1808738,0,0,0,14-3-30 14:33:34,1
3XFUSP81BI,103.91,36.082,1808738,0,0,0,14-3-30 14:38:35,1
3XFUSP81BI,103.91,36.082,1808738,0,0,0,14-3-30 14:43:36,1
3XFUSP81BI,103.91,36.082,1808738,0,0,0,14-3-30 14:48:37,1
3XFUSP81BI,103.91,36.0821,1808738,0,0,0,14-3-30 14:53:38,1
3XFUSP81BI,103.91,36.0819,1808738,0,0,0,14-3-30 14:58:40,1
3XFUSP81BI,103.91,36.0819,1808738,0,170,0,14-3-30 15:3:41,1
3XFUSP81BI,103.91,36.0819,1808738,0,170,0,14-3-30 15:8:42,1
3XFUSP81BI,103.91,36.0819,1808738,0,170,0,14-3-30 15:13:43,1
3XFUSP81BI,103.91,36.082,1808738,0,30,0,14-3-30 15:18:44,1
3XFUSP81BI,103.909,36.0825,1808739,0,0,0,14-3-30 15:23:45,1
3XFUSP81BI,103.909,36.0825,1808739,0,0,0,14-3-30 15:35:46,1
3XFUSP81BI,103.909,36.0825,1808739,0,0,0,14-3-30 15:40:42,1
3XFUSP81BI,103.909,36.0825,1808739,0,45,0,14-3-30 15:45:43,1
3XFUSP81BI,103.909,36.0825,1808739,0,45,0,14-3-30 15:50:44,1
3XFUSP81BI,103.909,36.0825,1808739,0,45,0,14-3-30 15:55:45,1
3XFUSP81BI,103.909,36.0825,1808739,0,45,0,14-3-30 16:0:46,1
3XFUSP81BI,103.909,36.0825,1808739,0,45,0,14-3-30 16:5:47,1
3XFUSP81BI,103.909,36.0825,1808739,0,45,0,14-3-30 16:10:47,1
3XFUSP81BI,103.91,36.0824,1808739,0,0,0,14-3-30 16:15:48,1
3XFUSP81BI,103.91,36.0824,1808739,0,0,0,14-3-30 16:28:33,1
3XFUSP81BI,103.91,36.0824,1808739,0,0,0,14-3-30 16:29:9,1
3XFUSP81BI,103.91,36.0824,1808739,0,0,0,14-3-30 16:36:30,1
3XFUSP81BI,103.91,36.0824,1808739,0,0,0,14-3-30 16:41:24,1
3XFUSP81BI,103.91,36.0824,1808739,0,0,0,14-3-30 16:46:25,1
3XFUSP81BI,103.91,36.0824,1808739,0,0,0,14-3-30 16:51:26,1
3XFUSP81BI,103.91,36.0824,1808739,0,0,0,14-3-30 16:56:27,1
3XFUSP81BI,103.91,36.0824,1808739,0,0,0,14-3-30 17:1:28,1
3XFUSP81BI,103.909,36.0824,1808739,0,0,0,14-3-30 17:6:29,1
3XFUSP81BI,103.909,36.0824,1808739,0,0,0,14-3-30 17:11:30,1
3XFUSP81BI,103.909,36.0824,1808739,0,0,0,14-3-30 17:16:31,1
3XFUSP81BI,103.909,36.0824,1808739,0,0,0,14-3-30 17:21:32,1
3XFUSP81BI,103.909,36.0824,1808739,0,0,0,14-3-30 17:26:33,1
3XFUSP81BI,103.909,36.0824,1808739,0,0,0,14-3-30 17:31:34,1
3XFUSP81BI,103.909,36.0824,1808739,0,0,0,14-3-30 17:36:35,1
3XFUSP81BI,103.909,36.0824,1808739,0,0,0,14-3-30 17:41:36,1
3XFUSP81BI,103.909,36.0824,1808739,0,0,0,14-3-30 17:46:37,1
3XFUSP81BI,103.909,36.0824,1808739,0,0,0,14-3-30 17:51:38,1
3XFUSP81BI,103.909,36.0824,1808740,0,0,0,14-3-30 17:56:39,1
3XFUSP81BI,103.909,36.0824,1808740,0,0,0,14-3-30 18:1:40,1
3XFUSP81BI,103.909,36.0824,1808740,0,0,0,14-3-30 18:8:9,1
3XFUSP81BI,103.909,36.0824,1808740,0,0,0,14-3-30 18:8:15,1
3XFUSP81BI,103.909,36.0824,1808740,0,0,0,14-3-30 18:13:10,1
3XFUSP81BI,103.909,36.0824,1808740,0,0,0,14-3-30 18:18:11,1
3XFUSP81BI,103.909,36.0824,1808740,0,0,0,14-3-30 18:23:19,1
3XFUSP81BI,103.909,36.0824,1808740,0,0,0,14-3-30 18:29:51,1
3XFUSP81BI,103.909,36.0824,1808740,0,0,0,14-3-30 18:42:58,1
3XFUSP81BI,103.909,36.0824,1808740,0,0,0,14-3-30 18:47:53,1
3XFUSP81BI,103.909,36.0824,1808740,0,0,0,14-3-30 18:52:54,1
3XFUSP81BI,103.909,36.0824,1808740,0,0,0,14-3-30 18:57:55,1
3XFUSP81BI,103.909,36.0824,1808740,0,0,0,14-3-30 19:2:56,1
3XFUSP81BI,103.909,36.0824,1808740,0,0,0,14-3-30 19:7:57,1
3XFUSP81BI,103.909,36.0824,1808740,0,0,0,14-3-30 19:12:58,1
3XFUSP81BI,103.909,36.0824,1808740,0,0,0,14-3-30 19:17:59,1
3XFUSP81BI,103.909,36.0822,1808740,0,0,0,14-3-30 19:23:0,1
3XFUSP81BI,103.91,36.0819,1808740,0,0,0,14-3-30 19:28:1,1
3XFUSP81BI,103.91,36.082,1808740,0,0,0,14-3-30 19:33:2,1
3XFUSP81BI,103.91,36.082,1808740,0,0,0,14-3-30 19:38:3,1
3XFUSP81BI,103.91,36.0814,1808741,0,40,0,14-3-30 19:52:41,1
3XFUSP81BI,103.91,36.0814,1808741,0,40,0,14-3-30 19:52:46,1
3XFUSP81BI,103.91,36.0814,1808741,0,40,0,14-3-30 20:5:20,1
3XFUSP81BI,103.91,36.0814,1808741,0,40,0,14-3-30 20:10:15,1
3XFUSP81BI,103.91,36.0814,1808741,0,40,0,14-3-30 20:15:17,1
3XFUSP81BI,103.91,36.0814,1808741,0,40,0,14-3-30 20:20:18,1
3XFUSP81BI,103.91,36.0814,1808741,0,40,0,14-3-30 20:25:19,1
3XFUSP81BI,103.91,36.0814,1808741,0,40,0,14-3-30 20:30:20,1
3XFUSP81BI,103.91,36.0814,1808741,0,40,0,14-3-30 20:35:21,1
3XFUSP81BI,103.91,36.0814,1808741,0,40,0,14-3-30 20:40:21,1
3XFUSP81BI,103.91,36.0814,1808741,0,40,0,14-3-30 20:45:22,1
3XFUSP81BI,103.91,36.0814,1808741,0,40,0,14-3-30 20:50:23,1
3XFUSP81BI,103.91,36.0814,1808741,0,40,0,14-3-30 20:55:24,1
3XFUSP81BI,103.91,36.0814,1808741,0,40,0,14-3-30 21:0:25,1
3XFUSP81BI,103.91,36.0814,1808741,0,40,0,14-3-30 21:5:26,1
3XFUSP81BI,103.91,36.0814,1808741,0,40,0,14-3-30 21:10:27,1
3XFUSP81BI,103.91,36.0814,1808741,0,40,0,14-3-30 21:15:28,1
3XFUSP81BI,103.91,36.0814,1808741,0,40,0,14-3-30 21:20:29,1
3XFUSP81BI,103.91,36.0814,1808741,0,40,0,14-3-30 21:25:30,1
3XFUSP81BI,103.91,36.0814,1808741,0,40,0,14-3-30 21:37:53,1
3XFUSP81BI,103.91,36.0814,1808741,0,40,0,14-3-30 21:37:57,1
3XFUSP81BI,103.91,36.0814,1808741,0,40,0,14-3-30 21:42:53,1
3XFUSP81BI,103.91,36.0814,1808741,0,40,0,14-3-30 21:47:54,1
3XFUSP81BI,103.91,36.0814,1808741,0,40,0,14-3-30 21:52:55,1
3XFUSP81BI,103.91,36.0814,1808741,0,40,0,14-3-30 21:57:56,1
3XFUSP81BI,103.91,36.0814,1808741,0,40,0,14-3-30 22:2:57,1
3XFUSP81BI,103.91,36.0814,1808741,0,40,0,14-3-30 22:7:58,1
3XFUSP81BI,103.91,36.0814,1808741,0,40,0,14-3-30 22:12:59,1
3XFUSP81BI,103.91,36.0814,1808741,0,40,0,14-3-30 22:18:0,1
3XFUSP81BI,103.91,36.0814,1808741,0,40,0,14-3-30 22:23:1,1
3XFUSP81BI,103.91,36.0814,1808741,0,40,0,14-3-30 22:28:2,1
3XFUSP81BI,103.91,36.0814,1808741,0,40,0,14-3-30 22:33:3,1
3XFUSP81BI,103.91,36.0814,1808741,0,40,0,14-3-30 22:38:4,1
3XFUSP81BI,103.91,36.0814,1808741,0,40,0,14-3-30 22:43:5,1
3XFUSP81BI,103.91,36.0814,1808741,0,40,0,14-3-30 22:48:6,1
3XFUSP81BI,103.91,36.0814,1808741,0,40,0,14-3-30 22:53:6,1
3XFUSP81BI,103.91,36.0814,1808741,0,40,0,14-3-30 22:58:7,1
3XFUSP81BI,103.91,36.0814,1808741,0,40,0,14-3-30 23:3:8,1
3XFUSP81BI,103.91,36.0814,1808741,0,40,0,14-3-30 23:8:9,1
3XFUSP81BI,103.91,36.0814,1808741,0,40,0,14-3-30 23:13:10,1
3XFUSP81BI,103.91,36.0814,1808741,0,40,0,14-3-30 23:18:11,1
3XFUSP81BI,103.91,36.0814,1808741,0,40,0,14-3-30 23:23:12,1
3XFUSP81BI,103.91,36.0814,1808741,0,40,0,14-3-30 23:28:13,1
3XFUSP81BI,103.91,36.0814,1808741,0,40,0,14-3-30 23:33:14,1
3XFUSP81BI,103.91,36.0814,1808741,0,0,0,14-3-30 23:43:16,1
3XFUSP81BI,103.907,36.0789,1808745,9,90,0,14-3-30 23:48:17,1
3XFUSP81BI,103.904,36.0719,1808753,7,85,0,14-3-30 23:53:18,1
3XFUSP81BI,103.892,36.0742,1808765,29,145,0,14-3-30 23:58:19,1
3XFUSP81BI,103.878,36.0821,1808780,0,0,0,14-3-31 0:3:20,1
3XFUSP81BI,103.864,36.0839,1808791,9,135,0,14-3-31 0:8:21,1
3XFUSP81BI,103.873,36.084,1808835,55,40,0,14-3-31 0:21:26,1
3XFUSP81BI,103.874,36.084,1808836,55,45,0,14-3-31 0:21:31,1
3XFUSP81BI,103.918,36.0545,1808894,62,65,0,14-3-31 0:26:28,1
3XFUSP81BI,103.955,36.0301,1808939,64,80,0,14-3-31 0:31:30,1
3XFUSP81BI,103.99,35.9976,1808991,55,45,0,14-3-31 0:36:31,1
3XFUSP81BI,104.024,35.9621,1809045,64,55,0,14-3-31 0:41:32,1
3XFUSP81BI,104.073,35.932,1809100,73,55,0,14-3-31 0:46:33,1
3XFUSP81BI,104.121,35.9138,1809123,0,55,0,14-3-31 0:51:34,0
3XFUSP81BI,104.193,35.899,1809179,58,40,0,14-3-31 0:56:35,1
3XFUSP81BI,104.203,35.8995,1809187,0,0,0,14-3-31 1:1:36,1
3XFUSP81BI,104.204,35.8997,1809188,0,0,0,14-3-31 1:6:36,1
3XFUSP81BI,104.203,35.8996,1809188,0,95,0,14-3-31 1:11:37,1
3XFUSP81BI,104.203,35.8994,1809188,0,0,0,14-3-31 1:16:38,1
3XFUSP81BI,104.231,35.8916,1809216,82,55,0,14-3-31 1:21:39,1
3XFUSP81BI,104.316,35.7719,1809374,73,50,0,14-3-31 1:34:33,1
3XFUSP81BI,104.317,35.7715,1809375,73,50,0,14-3-31 1:34:38,1
3XFUSP81BI,104.348,35.7317,1809417,75,70,0,14-3-31 1:39:33,1
3XFUSP81BI,104.419,35.7124,1809487,88,50,0,14-3-31 1:44:35,1
3XFUSP81BI,104.494,35.715,1809556,82,45,0,14-3-31 1:49:37,1
3XFUSP81BI,104.552,35.6953,1809623,80,75,0,14-3-31 1:54:38,1
3XFUSP81BI,104.595,35.644,1809691,57,80,0,14-3-31 1:59:39,1
3XFUSP81BI,104.619,35.6012,1809745,47,65,0,14-3-31 2:4:40,1
3XFUSP81BI,104.637,35.5619,1809794,71,80,0,14-3-31 2:9:41,1
3XFUSP81BI,104.682,35.4224,1809961,62,90,0,14-3-31 2:23:6,1
3XFUSP81BI,104.687,35.3714,1810018,66,85,0,14-3-31 2:28:2,1
3XFUSP81BI,104.683,35.3159,1810066,71,80,0,14-3-31 2:33:3,1
3XFUSP81BI,104.708,35.265,1810129,79,85,0,14-3-31 2:38:4,1
3XFUSP81BI,104.72,35.2114,1810190,75,75,0,14-3-31 2:43:5,1
3XFUSP81BI,104.726,35.1537,1810255,75,90,0,14-3-31 2:48:6,1
3XFUSP81BI,104.721,35.0955,1810320,79,85,0,14-3-31 2:53:7,1
3XFUSP81BI,104.704,35.0372,1810388,82,105,0,14-3-31 2:58:8,1
3XFUSP81BI,104.696,35.0197,1810409,0,0,0,14-3-31 3:3:9,1
3XFUSP81BI,104.699,34.9837,1810450,69,85,0,14-3-31 3:8:10,1
3XFUSP81BI,104.728,34.9373,1810508,64,70,0,14-3-31 3:13:11,1
3XFUSP81BI,104.727,34.889,1810565,68,115,0,14-3-31 3:18:12,1
3XFUSP81BI,104.738,34.8413,1810625,84,75,0,14-3-31 3:23:13,1
3XFUSP81BI,104.774,34.7959,1810686,64,55,0,14-3-31 3:28:14,1
3XFUSP81BI,104.824,34.7665,1810728,62,50,0,14-3-31 3:33:15,1
3XFUSP81BI,104.877,34.7422,1810788,0,45,0,14-3-31 3:38:17,0
3XFUSP81BI,104.94,34.7379,1810825,73,40,0,14-3-31 3:43:17,1
3XFUSP81BI,105.003,34.7528,1810890,79,20,0,14-3-31 3:48:18,1
3XFUSP81BI,105.064,34.7736,1810955,82,55,0,14-3-31 3:53:19,1
3XFUSP81BI,105.135,34.7663,1811022,71,55,0,14-3-31 3:58:20,1
3XFUSP81BI,105.194,34.7472,1811084,69,75,0,14-3-31 4:3:21,1
3XFUSP81BI,105.257,34.7535,1811146,75,40,0,14-3-31 4:8:22,1
3XFUSP81BI,105.296,34.7363,1811192,0,75,0,14-3-31 4:13:23,0
3XFUSP81BI,105.33,34.6896,1811222,62,95,0,14-3-31 4:18:24,1
3XFUSP81BI,105.332,34.6808,1811233,0,70,0,14-3-31 4:23:25,0
3XFUSP81BI,105.39,34.6251,1811268,92,40,0,14-3-31 4:28:28,1
3XFUSP81BI,105.456,34.5928,1811339,84,60,0,14-3-31 4:33:29,1
3XFUSP81BI,105.515,34.5682,1811409,84,40,0,14-3-31 4:38:28,1
3XFUSP81BI,105.588,34.5696,1811476,71,50,0,14-3-31 4:43:29,1
3XFUSP81BI,105.656,34.5744,1811540,68,45,0,14-3-31 4:48:30,1
3XFUSP81BI,105.677,34.5342,1811602,73,85,0,14-3-31 4:53:31,1
3XFUSP81BI,105.704,34.4834,1811664,71,85,0,14-3-31 4:58:32,1
3XFUSP81BI,105.724,34.4556,1811702,55,60,0,14-3-31 5:3:34,1
3XFUSP81BI,105.733,34.4514,1811712,0,55,0,14-3-31 5:8:36,0
3XFUSP81BI,105.834,34.466,1811741,84,35,0,14-3-31 5:13:37,1
3XFUSP81BI,105.899,34.4636,1811789,68,20,0,14-3-31 5:18:38,1
3XFUSP81BI,105.912,34.4689,1811802,0,0,0,14-3-31 5:23:39,1
3XFUSP81BI,105.912,34.4689,1811802,0,0,0,14-3-31 5:28:40,1
3XFUSP81BI,105.912,34.4689,1811802,0,0,0,14-3-31 5:33:41,1
3XFUSP81BI,105.912,34.4689,1811802,0,0,0,14-3-31 5:38:42,1
3XFUSP81BI,105.912,34.4689,1811802,0,0,0,14-3-31 5:43:43,1
3XFUSP81BI,105.912,34.4689,1811802,0,0,0,14-3-31 5:48:43,1
3XFUSP81BI,105.912,34.4689,1811802,0,0,0,14-3-31 5:53:44,1
3XFUSP81BI,105.912,34.4689,1811802,0,0,0,14-3-31 5:58:45,1
3XFUSP81BI,105.912,34.4689,1811802,0,0,0,14-3-31 6:3:46,1
3XFUSP81BI,105.912,34.4689,1811802,0,0,0,14-3-31 6:8:47,1
3XFUSP81BI,105.912,34.4689,1811802,0,0,0,14-3-31 6:13:48,1
3XFUSP81BI,105.912,34.4689,1811802,0,0,0,14-3-31 6:26:25,1
3XFUSP81BI,105.912,34.4689,1811802,0,0,0,14-3-31 6:26:59,1
3XFUSP81BI,105.912,34.4689,1811802,0,0,0,14-3-31 6:27:5,1
3XFUSP81BI,105.912,34.4689,1811802,0,0,0,14-3-31 6:32:0,1
3XFUSP81BI,105.912,34.4689,1811802,0,0,0,14-3-31 6:37:1,1
3XFUSP81BI,105.912,34.4689,1811802,0,0,0,14-3-31 6:42:2,1
3XFUSP81BI,105.912,34.4689,1811802,0,0,0,14-3-31 6:47:3,1
3XFUSP81BI,105.912,34.4689,1811802,0,0,0,14-3-31 6:52:4,1
3XFUSP81BI,105.912,34.4689,1811802,0,0,0,14-3-31 6:57:5,1
3XFUSP81BI,105.912,34.4689,1811802,0,0,0,14-3-31 7:2:6,1
3XFUSP81BI,105.912,34.4689,1811802,0,0,0,14-3-31 7:7:7,1
3XFUSP81BI,105.912,34.4689,1811802,0,0,0,14-3-31 7:12:8,1
3XFUSP81BI,105.912,34.4689,1811802,0,0,0,14-3-31 7:17:9,1
3XFUSP81BI,105.912,34.4689,1811802,0,0,0,14-3-31 7:22:10,1
3XFUSP81BI,105.912,34.4689,1811802,0,0,0,14-3-31 7:27:12,1
3XFUSP81BI,105.912,34.4689,1811802,0,0,0,14-3-31 7:32:13,1
3XFUSP81BI,105.912,34.4689,1811802,0,0,0,14-3-31 7:37:14,1
3XFUSP81BI,105.921,34.4728,1811812,60,45,0,14-3-31 7:42:15,1
3XFUSP81BI,105.972,34.455,1811850,57,55,0,14-3-31 7:47:16,1
3XFUSP81BI,106.029,34.4571,1811905,58,30,0,14-3-31 7:52:17,1
3XFUSP81BI,106.072,34.4374,1811934,55,65,0,14-3-31 7:57:18,1
3XFUSP81BI,106.071,34.4032,1811954,0,75,0,14-3-31 8:2:19,0
3XFUSP81BI,106.121,34.3791,1811961,0,75,0,14-3-31 8:7:22,0
3XFUSP81BI,106.142,34.3303,1812008,57,45,0,14-3-31 8:12:22,1
3XFUSP81BI,106.166,34.336,1812032,0,40,0,14-3-31 8:17:23,0
3XFUSP81BI,106.229,34.3287,1812036,0,50,0,14-3-31 8:22:24,0
3XFUSP81BI,106.319,34.3152,1812070,68,55,0,14-3-31 8:27:25,1
3XFUSP81BI,106.382,34.3037,1812130,69,65,0,14-3-31 8:32:24,1
3XFUSP81BI,106.391,34.2975,1812141,0,50,0,14-3-31 8:37:25,0
3XFUSP81BI,106.391,34.2975,1812141,0,50,0,14-3-31 8:42:26,0
3XFUSP81BI,106.391,34.2975,1812141,0,50,0,14-3-31 8:47:27,0
3XFUSP81BI,106.592,34.3384,1812196,68,30,0,14-3-31 8:52:30,1
3XFUSP81BI,106.667,34.3764,1812285,0,45,0,14-3-31 9:1:38,1
3XFUSP81BI,106.667,34.3764,1812285,1,60,0,14-3-31 9:1:42,1
3XFUSP81BI,106.697,34.371,1812297,68,45,0,14-3-31 9:6:38,1
3XFUSP81BI,106.755,34.3633,1812337,68,40,0,14-3-31 9:11:39,1
3XFUSP81BI,106.814,34.375,1812364,0,50,0,14-3-31 9:16:40,0
3XFUSP81BI,106.868,34.3904,1812387,0,110,0,14-3-31 9:21:41,1
3XFUSP81BI,106.911,34.4,1812421,71,35,0,14-3-31 9:26:42,1
3XFUSP81BI,106.916,34.3999,1812426,0,50,0,14-3-31 9:27:34,0
3XFUSP81BI,106.964,34.3829,1812462,60,55,0,14-3-31 9:31:43,1
3XFUSP81BI,107.021,34.3725,1812481,0,45,0,14-3-31 9:36:44,0
3XFUSP81BI,107.071,34.3682,1812514,0,40,0,14-3-31 9:41:45,1
3XFUSP81BI,107.071,34.3682,1812514,0,40,0,14-3-31 9:46:46,1
3XFUSP81BI,107.071,34.3682,1812514,0,40,0,14-3-31 9:51:47,1
3XFUSP81BI,107.071,34.3682,1812514,0,40,0,14-3-31 9:56:48,1
3XFUSP81BI,107.071,34.3682,1812514,0,40,0,14-3-31 10:1:49,1
3XFUSP81BI,107.071,34.3682,1812514,0,0,0,14-3-31 10:6:50,1
3XFUSP81BI,107.071,34.3682,1812514,0,0,0,14-3-31 10:11:51,1
3XFUSP81BI,107.071,34.3682,1812514,0,0,0,14-3-31 10:16:52,1
3XFUSP81BI,107.071,34.3682,1812514,0,0,0,14-3-31 10:26:53,1
3XFUSP81BI,107.072,34.3683,1812514,7,15,0,14-3-31 10:31:54,1
3XFUSP81BI,107.073,34.3692,1812516,0,0,0,14-3-31 10:36:55,1
3XFUSP81BI,107.073,34.3697,1812516,5,100,0,14-3-31 10:41:56,1
3XFUSP81BI,107.073,34.37,1812517,0,0,0,14-3-31 10:46:57,1
3XFUSP81BI,107.077,34.3718,1812521,34,35,0,14-3-31 10:51:58,1
3XFUSP81BI,107.152,34.3438,1812600,75,50,0,14-3-31 10:59:9,1
3XFUSP81BI,107.154,34.3436,1812601,75,45,0,14-3-31 10:59:15,1
3XFUSP81BI,107.32,34.3548,1812761,77,50,0,14-3-31 11:11:43,1
3XFUSP81BI,107.321,34.3545,1812763,77,50,0,14-3-31 11:11:50,1
3XFUSP81BI,107.389,34.3467,1812825,69,40,0,14-3-31 11:16:46,1
3XFUSP81BI,107.456,34.3382,1812888,80,50,0,14-3-31 11:21:48,1
3XFUSP81BI,107.521,34.3164,1812952,77,60,0,14-3-31 11:26:49,1
3XFUSP81BI,107.592,34.3069,1813018,80,45,0,14-3-31 11:31:49,1
3XFUSP81BI,107.664,34.3098,1813084,75,40,0,14-3-31 11:36:51,1
3XFUSP81BI,107.732,34.3028,1813147,73,45,0,14-3-31 11:41:52,1
3XFUSP81BI,107.797,34.2813,1813214,79,55,0,14-3-31 11:46:53,1
3XFUSP81BI,107.864,34.2692,1813280,79,35,0,14-3-31 11:51:54,1
3XFUSP81BI,107.936,34.2649,1813346,80,45,0,14-3-31 11:56:57,1
3XFUSP81BI,108.007,34.2657,1813411,80,45,0,14-3-31 12:1:58,1
3XFUSP81BI,108.075,34.2551,1813475,62,50,0,14-3-31 12:6:59,1
3XFUSP81BI,108.141,34.2475,1813536,71,45,0,14-3-31 12:12:0,1
3XFUSP81BI,108.208,34.2467,1813596,71,40,0,14-3-31 12:17:1,1
3XFUSP81BI,108.273,34.2458,1813656,71,45,0,14-3-31 12:22:2,1
3XFUSP81BI,108.442,34.265,1813814,75,25,0,14-3-31 12:34:58,1
3XFUSP81BI,108.509,34.2752,1813878,75,35,0,14-3-31 12:39:55,1
3XFUSP81BI,108.67,34.2503,1814037,79,40,0,14-3-31 12:52:37,1
3XFUSP81BI,108.677,34.2514,1814043,77,35,0,14-3-31 12:53:5,1
3XFUSP81BI,108.737,34.2532,1814100,71,40,0,14-3-31 12:57:37,1
3XFUSP81BI,108.788,34.2632,1814165,64,170,0,14-3-31 13:3:19,1
3XFUSP81BI,108.781,34.2963,1814201,0,0,0,14-3-31 13:8:20,1
3XFUSP81BI,108.785,34.3107,1814218,66,10,0,14-3-31 13:13:21,1
3XFUSP81BI,108.839,34.3446,1814283,75,35,0,14-3-31 13:18:22,1
3XFUSP81BI,108.907,34.3605,1814347,77,30,0,14-3-31 13:23:23,1
3XFUSP81BI,108.976,34.3653,1814411,71,50,0,14-3-31 13:28:24,1
3XFUSP81BI,109.049,34.3556,1814478,77,45,0,14-3-31 13:33:25,1
3XFUSP81BI,109.088,34.312,1814542,51,60,0,14-3-31 13:38:34,1
3XFUSP81BI,109.226,34.4098,1814709,79,25,0,14-3-31 13:51:37,1
3XFUSP81BI,109.285,34.4467,1814777,75,25,0,14-3-31 13:56:39,1
3XFUSP81BI,109.349,34.4766,1814844,80,30,0,14-3-31 14:1:40,1
3XFUSP81BI,109.397,34.4813,1814890,18,40,0,14-3-31 14:6:41,1
3XFUSP81BI,109.397,34.482,1814894,0,0,0,14-3-31 14:11:42,1
3XFUSP81BI,109.397,34.482,1814894,0,0,0,14-3-31 14:14:36,1
3XFUSP81BI,109.397,34.482,1814894,0,0,0,14-3-31 14:16:43,1
3XFUSP81BI,109.412,34.4832,1814909,71,40,0,14-3-31 14:21:44,1
3XFUSP81BI,109.487,34.4751,1814979,86,45,0,14-3-31 14:26:45,1
3XFUSP81BI,109.561,34.4961,1815052,88,35,0,14-3-31 14:31:46,1
3XFUSP81BI,109.642,34.5005,1815127,88,45,0,14-3-31 14:36:48,1
3XFUSP81BI,109.721,34.4988,1815199,90,35,0,14-3-31 14:41:49,1
3XFUSP81BI,109.797,34.513,1815271,86,35,0,14-3-31 14:46:50,1
3XFUSP81BI,109.868,34.5347,1815341,84,45,0,14-3-31 14:51:52,1
3XFUSP81BI,109.943,34.5436,1815412,75,40,0,14-3-31 14:56:53,1
3XFUSP81BI,110.019,34.5358,1815482,88,40,0,14-3-31 15:1:54,1
3XFUSP81BI,110.095,34.5495,1815553,86,30,0,14-3-31 15:6:55,1
3XFUSP81BI,110.152,34.5978,1815628,92,15,0,14-3-31 15:11:56,1
3XFUSP81BI,110.226,34.6111,1815704,88,45,0,14-3-31 15:16:56,1
3XFUSP81BI,110.304,34.6037,1815776,73,45,0,14-3-31 15:21:57,1
3XFUSP81BI,110.359,34.574,1815839,12,55,0,14-3-31 15:27:0,1
3XFUSP81BI,110.364,34.5733,1815843,12,50,0,14-3-31 15:32:40,1
3XFUSP81BI,110.388,34.5745,1815866,82,35,0,14-3-31 15:35:8,1
3XFUSP81BI,110.39,34.5748,1815867,84,35,0,14-3-31 15:35:14,1
3XFUSP81BI,110.466,34.5799,1815937,90,50,0,14-3-31 15:40:9,1
3XFUSP81BI,110.488,34.5778,1815957,0,0,0,14-3-31 15:45:10,1
3XFUSP81BI,110.488,34.5778,1815957,0,0,0,14-3-31 15:50:11,1
3XFUSP81BI,110.488,34.5778,1815957,0,0,0,14-3-31 15:55:12,1
3XFUSP81BI,110.488,34.5778,1815957,0,50,0,14-3-31 16:0:13,1
3XFUSP81BI,110.488,34.5778,1815957,0,50,0,14-3-31 16:5:14,1
3XFUSP81BI,110.488,34.5778,1815957,0,0,0,14-3-31 16:10:15,1
3XFUSP81BI,110.488,34.5778,1815957,0,0,0,14-3-31 16:15:16,1
3XFUSP81BI,110.488,34.5778,1815957,0,0,0,14-3-31 16:20:17,1
3XFUSP81BI,110.488,34.5778,1815957,0,0,0,14-3-31 16:25:18,1
3XFUSP81BI,110.488,34.5778,1815957,0,0,0,14-3-31 16:30:19,1
3XFUSP81BI,110.488,34.5778,1815957,0,0,0,14-3-31 16:35:20,1
3XFUSP81BI,110.488,34.5778,1815957,0,0,0,14-3-31 16:40:21,1
3XFUSP81BI,110.488,34.5778,1815957,0,0,0,14-3-31 16:45:22,1
3XFUSP81BI,110.489,34.5782,1815958,18,10,0,14-3-31 16:50:23,1
3XFUSP81BI,110.546,34.5776,1816011,69,40,0,14-3-31 16:55:24,1
3XFUSP81BI,110.611,34.5795,1816070,88,45,0,14-3-31 17:0:25,1
3XFUSP81BI,110.688,34.5761,1816142,84,45,0,14-3-31 17:5:26,1
3XFUSP81BI,110.768,34.5755,1816216,88,30,0,14-3-31 17:10:27,1
3XFUSP81BI,110.843,34.5933,1816287,82,25,0,14-3-31 17:15:28,1
3XFUSP81BI,110.877,34.6369,1816344,34,20,0,14-3-31 17:20:29,1
3XFUSP81BI,110.936,34.655,1816402,93,40,0,14-3-31 17:25:30,1
3XFUSP81BI,111.004,34.6924,1816479,93,15,0,14-3-31 17:30:31,1
3XFUSP81BI,111.064,34.7281,1816553,86,40,0,14-3-31 17:35:33,1
3XFUSP81BI,111.128,34.755,1816620,40,35,0,14-3-31 17:40:34,1
3XFUSP81BI,111.187,34.7564,1816675,53,55,0,14-3-31 17:45:35,1
3XFUSP81BI,111.25,34.7267,1816742,82,65,0,14-3-31 17:50:44,1
3XFUSP81BI,111.373,34.7137,1816859,57,45,0,14-3-31 18:0:46,1
3XFUSP81BI,111.47,34.7,1816949,75,50,0,14-3-31 18:10:18,1
3XFUSP81BI,111.471,34.6998,1816950,75,50,0,14-3-31 18:10:22,1
3XFUSP81BI,111.541,34.6951,1817015,84,30,0,14-3-31 18:15:18,1
3XFUSP81BI,111.679,34.7578,1817166,95,30,0,14-3-31 18:28:19,1
3XFUSP81BI,111.681,34.7586,1817168,95,30,0,14-3-31 18:28:27,1
3XFUSP81BI,111.75,34.7837,1817237,68,35,0,14-3-31 18:33:20,1
3XFUSP81BI,111.819,34.7749,1817302,73,50,0,14-3-31 18:38:22,1
3XFUSP81BI,111.884,34.768,1817361,57,45,0,14-3-31 18:43:23,1
3XFUSP81BI,111.954,34.7506,1817428,77,40,0,14-3-31 18:48:24,1
3XFUSP81BI,112.033,34.7587,1817503,88,40,0,14-3-31 18:53:25,1
3XFUSP81BI,112.108,34.7456,1817575,88,50,0,14-3-31 18:58:26,1
3XFUSP81BI,112.182,34.7413,1817644,80,25,0,14-3-31 19:3:27,1
3XFUSP81BI,112.248,34.7492,1817709,84,55,0,14-3-31 19:8:28,1
3XFUSP81BI,112.347,34.7539,1817802,80,35,0,14-3-31 19:15:41,1
3XFUSP81BI,112.524,34.7755,1817967,95,45,0,14-3-31 19:28:21,1
3XFUSP81BI,112.526,34.7754,1817968,95,45,0,14-3-31 19:28:27,1
3XFUSP81BI,112.586,34.7726,1818023,3,35,0,14-3-31 19:33:22,1
3XFUSP81BI,112.587,34.7728,1818024,0,0,0,14-3-31 19:38:23,1
3XFUSP81BI,112.587,34.7728,1818024,0,0,0,14-3-31 19:43:24,1
3XFUSP81BI,112.587,34.7728,1818024,0,0,0,14-3-31 19:48:25,1
3XFUSP81BI,112.587,34.7728,1818024,0,0,0,14-3-31 19:53:26,1
3XFUSP81BI,112.587,34.7728,1818024,0,0,0,14-3-31 19:58:27,1
3XFUSP81BI,112.587,34.7728,1818024,0,0,0,14-3-31 20:3:27,1
3XFUSP81BI,112.587,34.7728,1818024,0,0,0,14-3-31 20:8:28,1
3XFUSP81BI,112.587,34.7728,1818024,0,0,0,14-3-31 20:13:29,1
3XFUSP81BI,112.587,34.7728,1818024,0,0,0,14-3-31 20:18:30,1
3XFUSP81BI,112.593,34.7745,1818030,42,30,0,14-3-31 20:23:31,1
3XFUSP81BI,112.652,34.7843,1818085,68,45,0,14-3-31 20:28:32,1
3XFUSP81BI,112.72,34.7707,1818149,84,35,0,14-3-31 20:33:41,1
3XFUSP81BI,112.899,34.756,1818313,86,50,0,14-3-31 20:45:56,1
3XFUSP81BI,112.9,34.7558,1818314,84,50,0,14-3-31 20:46:1,1
3XFUSP81BI,112.967,34.7738,1818385,86,20,0,14-3-31 20:50:57,1
3XFUSP81BI,113.14,34.8199,1818554,80,40,0,14-3-31 21:3:38,1
3XFUSP81BI,113.21,34.8365,1818621,92,20,0,14-3-31 21:8:33,1
3XFUSP81BI,113.283,34.8553,1818692,80,40,0,14-3-31 21:13:34,1
3XFUSP81BI,113.357,34.8661,1818761,80,50,0,14-3-31 21:18:35,1
3XFUSP81BI,113.433,34.8634,1818830,79,45,0,14-3-31 21:23:36,1
3XFUSP81BI,113.505,34.8483,1818898,79,50,0,14-3-31 21:28:38,1
3XFUSP81BI,113.576,34.8373,1818963,80,45,0,14-3-31 21:33:40,1
3XFUSP81BI,113.647,34.8483,1819029,79,40,0,14-3-31 21:38:41,1
3XFUSP81BI,113.72,34.8432,1819096,80,55,0,14-3-31 21:43:42,1
3XFUSP81BI,113.898,34.8269,1819260,79,40,0,14-3-31 21:56:28,1
3XFUSP81BI,113.96,34.8298,1819316,58,40,0,14-3-31 22:1:23,1
3XFUSP81BI,113.996,34.8311,1819349,0,0,0,14-3-31 22:6:24,1
3XFUSP81BI,113.996,34.8313,1819350,0,15,0,14-3-31 22:11:25,1
3XFUSP81BI,114.031,34.8351,1819381,75,40,0,14-3-31 22:16:26,1
3XFUSP81BI,114.104,34.8422,1819448,79,35,0,14-3-31 22:21:27,1
3XFUSP81BI,114.18,34.8364,1819517,86,45,0,14-3-31 22:26:27,1
3XFUSP81BI,114.259,34.8443,1819590,82,40,0,14-3-31 22:31:28,1
3XFUSP81BI,114.331,34.8451,1819655,73,40,0,14-3-31 22:36:29,1
3XFUSP81BI,114.405,34.8398,1819723,82,55,0,14-3-31 22:41:31,1
3XFUSP81BI,114.474,34.832,1819787,71,35,0,14-3-31 22:46:34,1
3XFUSP81BI,114.538,34.8389,1819846,73,40,0,14-3-31 22:51:35,1
3XFUSP81BI,114.605,34.8422,1819906,82,40,0,14-3-31 22:56:36,1
3XFUSP81BI,114.664,34.8203,1819967,69,45,0,14-3-31 23:1:37,1
3XFUSP81BI,114.701,34.8326,1820011,71,20,0,14-3-31 23:6:38,1
3XFUSP81BI,114.769,34.8544,1820078,86,35,0,14-3-31 23:11:39,1
3XFUSP81BI,114.836,34.8878,1820150,79,25,0,14-3-31 23:16:40,1
3XFUSP81BI,114.903,34.9141,1820218,80,20,0,14-3-31 23:21:41,1
3XFUSP81BI,114.964,34.9417,1820283,73,40,0,14-3-31 23:26:42,1
3XFUSP81BI,115.028,34.9642,1820346,73,25,0,14-3-31 23:31:43,1
3XFUSP81BI,115.087,34.9902,1820407,69,30,0,14-3-31 23:36:44,1
3XFUSP81BI,115.093,34.9933,1820413,1,25,0,14-3-31 23:41:45,1
3XFUSP81BI,115.096,34.9948,1820416,0,0,0,14-3-31 23:46:46,1
3XFUSP81BI,115.098,34.9962,1820418,22,25,0,14-3-31 23:51:47,1
3XFUSP81BI,115.149,35.0224,1820472,77,35,0,14-3-31 23:56:48,1
