49BXF443UI,113.941,22.5376,0,0,0,0,14-3-28 14:59:26,0
49BXF443UI,113.941,22.5376,0,0,0,0,14-3-28 14:59:56,0
49BXF443UI,113.941,22.5376,0,0,0,0,14-3-28 15:0:4,0
49BXF443UI,113.941,22.5376,0,0,0,0,14-3-28 15:0:13,0
49BXF443UI,113.941,22.5376,0,0,0,0,14-3-28 15:0:22,0
49BXF443UI,113.941,22.5376,0,0,0,0,14-3-30 10:28:1,0
49BXF443UI,113.941,22.5376,0,0,0,0,14-3-30 10:28:12,0
49BXF443UI,113.941,22.5376,0,0,0,0,14-3-30 10:28:25,0
49BXF443UI,113.941,22.5376,0,0,0,0,14-3-30 10:30:26,0
49BXF443UI,113.941,22.5376,0,0,0,0,14-3-30 10:32:27,0
49BXF443UI,113.941,22.5376,0,0,0,0,14-3-30 10:34:28,0
49BXF443UI,113.941,22.5376,0,0,0,0,14-3-30 10:36:29,0
49BXF443UI,113.941,22.5376,0,0,0,0,14-3-30 10:38:30,0
49BXF443UI,113.941,22.5376,0,0,0,0,14-3-30 10:40:31,0
49BXF443UI,113.941,22.5376,0,0,0,0,14-3-30 10:42:32,0
49BXF443UI,113.941,22.5376,0,0,0,0,14-3-30 10:44:33,0
49BXF443UI,113.941,22.5376,0,0,0,0,14-3-30 10:46:34,0
49BXF443UI,113.941,22.5376,0,0,0,0,14-3-30 10:48:36,0
49BXF443UI,113.941,22.5376,0,0,0,0,14-3-30 10:50:36,0
49BXF443UI,113.941,22.5376,0,0,0,0,14-3-30 10:52:37,0
49BXF443UI,113.941,22.5376,0,0,0,0,14-3-30 10:54:38,0
49BXF443UI,113.941,22.5376,0,0,0,0,14-3-30 10:56:39,0
49BXF443UI,113.941,22.5376,0,0,0,0,14-3-30 10:58:40,0
49BXF443UI,113.941,22.5376,0,0,0,0,14-3-30 11:0:41,0
49BXF443UI,113.941,22.5376,0,0,0,0,14-3-30 11:2:42,0
49BXF443UI,113.941,22.5376,0,0,0,0,14-3-30 11:4:43,0
49BXF443UI,113.941,22.5376,0,0,0,0,14-3-30 11:6:44,0
49BXF443UI,113.941,22.5376,0,0,0,0,14-3-30 11:8:45,0
49BXF443UI,113.941,22.5376,0,0,0,0,14-3-30 11:10:46,0
49BXF443UI,113.941,22.5376,0,0,0,0,14-3-30 11:12:47,0
49BXF443UI,113.941,22.5376,0,0,0,0,14-3-30 11:14:48,0
49BXF443UI,113.941,22.5376,0,0,0,0,14-3-30 11:16:49,0
49BXF443UI,113.941,22.5376,0,0,0,0,14-3-30 11:18:50,0
49BXF443UI,113.941,22.5376,0,0,0,0,14-3-30 11:20:51,0
49BXF443UI,113.941,22.5376,0,0,0,0,14-3-30 11:22:52,0
49BXF443UI,118.395,31.6044,0,0,0,0,14-3-30 11:24:53,1
49BXF443UI,118.395,31.6044,0,0,0,0,14-3-30 11:26:54,0
49BXF443UI,118.395,31.6044,0,0,0,0,14-3-30 11:28:59,0
49BXF443UI,118.395,31.6044,0,0,0,0,14-3-30 11:31:0,1
49BXF443UI,118.395,31.6044,0,0,0,0,14-3-30 11:33:1,0
49BXF443UI,118.395,31.6044,0,0,0,0,14-3-30 11:35:2,0
49BXF443UI,118.395,31.6044,0,0,0,0,14-3-30 11:37:3,0
49BXF443UI,118.395,31.6044,0,0,0,0,14-3-30 11:39:4,0
49BXF443UI,118.395,31.6044,0,0,0,0,14-3-30 11:41:5,0
49BXF443UI,118.395,31.6044,0,0,0,0,14-3-30 11:43:6,0
49BXF443UI,118.395,31.6044,0,0,0,0,14-3-30 11:45:8,0
49BXF443UI,118.395,31.6044,0,0,0,0,14-3-30 11:47:9,0
49BXF443UI,118.395,31.6044,0,0,0,0,14-3-30 11:49:10,0
49BXF443UI,118.395,31.6044,0,0,0,0,14-3-30 11:51:11,0
49BXF443UI,118.395,31.6044,0,0,0,0,14-3-30 11:53:12,0
49BXF443UI,118.395,31.6044,0,0,0,0,14-3-30 11:55:13,0
49BXF443UI,118.395,31.6044,0,0,0,0,14-3-30 11:57:14,0
49BXF443UI,117.964,31.6113,0,0,0,0,14-3-30 11:59:15,1
49BXF443UI,117.952,31.6265,0,0,0,0,14-3-30 12:1:16,1
49BXF443UI,117.952,31.6265,0,0,0,0,14-3-30 12:3:17,1
49BXF443UI,117.913,31.6408,0,0,0,0,14-3-30 12:5:18,1
49BXF443UI,117.911,31.6424,0,0,0,0,14-3-30 12:7:19,1
49BXF443UI,117.908,31.6459,0,0,0,0,14-3-30 12:9:20,1
49BXF443UI,117.898,31.6532,0,0,0,0,14-3-30 12:11:21,1
49BXF443UI,117.898,31.6532,0,0,0,0,14-3-30 12:13:22,1
49BXF443UI,117.898,31.6532,0,0,0,0,14-3-30 12:15:23,1
49BXF443UI,117.898,31.6532,0,0,0,0,14-3-30 12:17:24,1
49BXF443UI,117.898,31.6532,0,0,0,0,14-3-30 12:19:25,1
49BXF443UI,117.898,31.6532,0,0,0,0,14-3-30 12:21:26,1
49BXF443UI,117.898,31.6532,0,0,0,0,14-3-30 12:23:27,1
49BXF443UI,117.911,31.648,0,0,0,0,14-3-30 12:25:28,1
49BXF443UI,117.898,31.6532,0,0,0,0,14-3-30 12:27:29,1
49BXF443UI,117.898,31.6532,0,0,0,0,14-3-30 12:29:32,1
49BXF443UI,117.898,31.6532,0,0,0,0,14-3-30 12:31:33,1
49BXF443UI,117.888,31.6604,0,0,0,0,14-3-30 12:35:36,1
49BXF443UI,117.888,31.6604,0,0,0,0,14-3-30 12:37:36,1
49BXF443UI,117.888,31.6604,0,0,0,0,14-3-30 12:39:37,1
49BXF443UI,117.888,31.6604,0,0,0,0,14-3-30 12:41:38,1
49BXF443UI,117.888,31.6604,0,0,0,0,14-3-30 12:43:39,1
49BXF443UI,117.862,31.6826,0,0,0,0,14-3-30 12:45:40,1
49BXF443UI,117.851,31.7025,0,0,0,0,14-3-30 12:47:41,1
49BXF443UI,117.84,31.7138,0,0,0,0,14-3-30 12:49:42,1
49BXF443UI,117.819,31.7336,0,0,0,0,14-3-30 12:51:43,1
49BXF443UI,117.8,31.7565,0,0,0,0,14-3-30 12:53:44,1
49BXF443UI,117.783,31.7747,0,0,0,0,14-3-30 12:55:45,1
49BXF443UI,117.765,31.7852,0,0,0,0,14-3-30 12:57:46,1
49BXF443UI,117.725,31.7942,0,0,0,0,14-3-30 12:59:47,1
49BXF443UI,117.704,31.7969,0,0,0,0,14-3-30 13:1:48,1
49BXF443UI,117.666,31.8047,0,0,0,0,14-3-30 13:3:49,1
49BXF443UI,117.653,31.8064,0,0,0,0,14-3-30 13:5:50,1
49BXF443UI,117.625,31.8166,0,0,0,0,14-3-30 13:7:51,1
49BXF443UI,117.6,31.8262,0,0,0,0,14-3-30 13:9:52,1
49BXF443UI,117.584,31.8314,0,0,0,0,14-3-30 13:11:53,1
49BXF443UI,117.554,31.8501,0,0,0,0,14-3-30 13:13:54,1
49BXF443UI,117.554,31.8501,0,0,0,0,14-3-30 13:15:55,0
49BXF443UI,117.554,31.8501,0,0,0,0,14-3-30 13:17:56,0
49BXF443UI,117.554,31.8501,0,0,0,0,14-3-30 13:19:57,0
49BXF443UI,117.554,31.8501,0,0,0,0,14-3-30 13:21:58,0
49BXF443UI,117.554,31.8501,0,0,0,0,14-3-30 13:23:59,0
49BXF443UI,117.554,31.8501,0,0,0,0,14-3-30 13:26:0,0
49BXF443UI,117.554,31.8501,0,0,0,0,14-3-30 13:28:0,0
49BXF443UI,117.554,31.8501,0,0,0,0,14-3-30 13:30:0,0
49BXF443UI,117.554,31.8501,0,0,0,0,14-3-30 13:32:1,0
49BXF443UI,117.554,31.8501,0,0,0,0,14-3-30 13:34:2,0
49BXF443UI,117.554,31.8501,0,0,0,0,14-3-30 13:36:3,0
49BXF443UI,117.554,31.8501,0,0,0,0,14-3-30 13:38:4,0
49BXF443UI,117.554,31.8501,0,0,0,0,14-3-30 13:40:5,0
49BXF443UI,117.554,31.8501,0,0,0,0,14-3-30 13:42:6,0
49BXF443UI,117.554,31.8501,0,0,0,0,14-3-30 13:44:7,0
49BXF443UI,117.554,31.8501,0,0,0,0,14-3-30 13:46:8,0
49BXF443UI,117.554,31.8501,0,0,0,0,14-3-30 13:48:9,0
49BXF443UI,117.554,31.8501,0,0,0,0,14-3-30 13:50:10,0
49BXF443UI,117.554,31.8501,0,0,0,0,14-3-30 13:52:11,0
49BXF443UI,117.554,31.8501,0,0,0,0,14-3-30 13:54:12,0
49BXF443UI,117.554,31.8501,0,0,0,0,14-3-30 13:56:13,0
49BXF443UI,117.554,31.8501,0,0,0,0,14-3-30 13:58:14,0
49BXF443UI,117.554,31.8501,0,0,0,0,14-3-30 14:0:15,0
49BXF443UI,117.554,31.8501,0,0,0,0,14-3-30 14:2:16,0
49BXF443UI,117.554,31.8501,0,0,0,0,14-3-30 14:4:17,0
49BXF443UI,117.554,31.8501,0,0,0,0,14-3-30 14:6:18,0
49BXF443UI,117.554,31.8501,0,0,0,0,14-3-30 14:8:19,0
49BXF443UI,117.554,31.8501,0,0,0,0,14-3-30 14:10:20,0
49BXF443UI,117.372,31.9972,0,0,0,0,14-3-30 14:12:21,1
49BXF443UI,117.329,32.0147,0,0,0,0,14-3-30 14:14:22,1
49BXF443UI,117.316,32.0162,0,0,0,0,14-3-30 14:16:23,1
49BXF443UI,117.28,32.0206,0,0,0,0,14-3-30 14:18:24,1
49BXF443UI,117.254,32.0228,0,0,0,0,14-3-30 14:20:25,1
49BXF443UI,117.225,32.0193,0,0,0,0,14-3-30 14:22:26,1
49BXF443UI,117.191,32.012,0,0,0,0,14-3-30 14:24:27,1
49BXF443UI,117.191,32.012,0,0,0,0,14-3-30 14:26:28,1
49BXF443UI,117.191,32.012,0,0,0,0,14-3-30 14:28:34,1
49BXF443UI,117.191,32.012,0,0,0,0,14-3-30 14:30:35,1
49BXF443UI,117.195,32.0035,0,0,0,0,14-3-30 14:32:36,1
49BXF443UI,117.195,32.0035,0,0,0,0,14-3-30 14:34:37,1
49BXF443UI,117.178,32.0084,0,0,0,0,14-3-30 14:36:38,1
49BXF443UI,117.178,32.0084,0,0,0,0,14-3-30 14:38:40,1
49BXF443UI,117.178,32.0084,0,0,0,0,14-3-30 14:40:40,1
49BXF443UI,117.178,32.0084,0,0,0,0,14-3-30 14:42:42,1
49BXF443UI,117.178,32.0084,0,0,0,0,14-3-30 14:44:42,1
49BXF443UI,117.178,32.0084,0,0,0,0,14-3-30 14:46:43,1
49BXF443UI,117.178,32.0084,0,0,0,0,14-3-30 14:48:44,1
49BXF443UI,117.178,32.0084,0,0,0,0,14-3-30 14:50:45,1
49BXF443UI,117.165,32.0037,0,0,0,0,14-3-30 14:52:46,1
49BXF443UI,117.165,32.0037,0,0,0,0,14-3-30 14:54:48,1
49BXF443UI,117.165,32.0037,0,0,0,0,14-3-30 14:56:49,1
49BXF443UI,117.165,32.0037,0,0,0,0,14-3-30 15:0:51,1
49BXF443UI,117.165,32.0037,0,0,0,0,14-3-30 15:2:51,1
49BXF443UI,117.165,32.0037,0,0,0,0,14-3-30 15:6:54,1
49BXF443UI,117.165,32.0037,0,0,0,0,14-3-30 15:12:57,1
49BXF443UI,117.165,32.0037,0,0,0,0,14-3-30 15:14:57,1
49BXF443UI,117.165,32.0037,0,0,0,0,14-3-30 15:19:0,1
49BXF443UI,117.165,32.0037,0,0,0,0,14-3-30 15:25:3,1
49BXF443UI,117.165,32.0037,0,0,0,0,14-3-30 15:29:5,1
49BXF443UI,117.165,32.0037,0,0,0,0,14-3-30 15:31:5,0
49BXF443UI,117.165,32.0037,0,0,0,0,14-3-30 15:33:9,0
49BXF443UI,117.165,32.0037,0,0,0,0,14-3-30 15:35:10,0
49BXF443UI,117.165,32.0037,0,0,0,0,14-3-30 15:37:11,0
49BXF443UI,117.165,32.0037,0,0,0,0,14-3-30 15:39:12,0
49BXF443UI,117.165,32.0037,0,0,0,0,14-3-30 15:49:47,0
49BXF443UI,117.165,32.0037,0,0,0,0,14-3-30 15:51:48,0
49BXF443UI,117.087,31.9801,0,0,0,0,14-3-30 15:53:50,1
49BXF443UI,117.087,31.9801,0,0,0,0,14-3-30 15:55:51,0
49BXF443UI,117.087,31.9801,0,0,0,0,14-3-30 15:57:52,0
49BXF443UI,117.215,32.019,0,0,0,0,14-3-30 15:59:54,1
49BXF443UI,117.215,32.019,0,0,0,0,14-3-30 16:1:54,1
49BXF443UI,117.215,32.019,0,0,0,0,14-3-30 16:3:55,0
49BXF443UI,117.215,32.019,0,0,0,0,14-3-30 16:5:56,0
49BXF443UI,117.215,32.019,0,0,0,0,14-3-30 16:7:57,0
49BXF443UI,117.215,32.019,0,0,0,0,14-3-30 16:9:58,0
49BXF443UI,117.215,32.019,0,0,0,0,14-3-30 16:11:59,0
49BXF443UI,117.215,32.019,0,0,0,0,14-3-30 16:14:0,0
49BXF443UI,117.215,32.019,0,0,0,0,14-3-30 16:16:1,0
49BXF443UI,117.215,32.019,0,0,0,0,14-3-30 16:18:2,0
49BXF443UI,117.215,32.019,0,0,0,0,14-3-30 16:20:3,0
49BXF443UI,117.215,32.019,0,0,0,0,14-3-30 16:22:4,0
49BXF443UI,117.215,32.019,0,0,0,0,14-3-30 16:24:5,0
49BXF443UI,117.215,32.019,0,0,0,0,14-3-30 16:26:6,0
49BXF443UI,117.215,32.019,0,0,0,0,14-3-30 16:28:8,0
49BXF443UI,117.215,32.019,0,0,0,0,14-3-30 16:30:9,0
49BXF443UI,117.215,32.019,0,0,0,0,14-3-30 16:32:10,0
49BXF443UI,117.215,32.019,0,0,0,0,14-3-30 16:34:11,0
49BXF443UI,117.215,32.019,0,0,0,0,14-3-30 16:36:12,0
49BXF443UI,117.215,32.019,0,0,0,0,14-3-30 16:38:13,0
49BXF443UI,117.215,32.019,0,0,0,0,14-3-30 16:40:14,0
49BXF443UI,117.215,32.019,0,0,0,0,14-3-30 16:42:15,0
49BXF443UI,116.692,31.8697,0,0,0,0,14-3-30 16:44:16,1
49BXF443UI,116.692,31.8697,0,0,0,0,14-3-30 16:46:17,1
49BXF443UI,116.664,31.866,0,0,0,0,14-3-30 16:48:18,1
49BXF443UI,116.664,31.866,0,0,0,0,14-3-30 16:50:19,1
49BXF443UI,116.646,31.8669,0,0,0,0,14-3-30 16:52:20,1
49BXF443UI,116.634,31.863,0,0,0,0,14-3-30 16:54:21,1
49BXF443UI,116.634,31.863,0,0,0,0,14-3-30 16:56:22,0
49BXF443UI,116.634,31.863,0,0,0,0,14-3-30 16:58:23,0
49BXF443UI,116.634,31.863,0,0,0,0,14-3-30 17:0:24,0
49BXF443UI,116.634,31.863,0,0,0,0,14-3-30 17:2:25,0
49BXF443UI,116.634,31.863,0,0,0,0,14-3-30 17:4:26,0
49BXF443UI,116.634,31.863,0,0,0,0,14-3-30 17:6:27,0
49BXF443UI,116.634,31.863,0,0,0,0,14-3-30 17:8:28,0
49BXF443UI,116.392,31.8494,0,0,0,0,14-3-30 17:10:29,1
49BXF443UI,116.37,31.8487,0,0,0,0,14-3-30 17:12:30,1
49BXF443UI,116.356,31.8532,0,0,0,0,14-3-30 17:16:33,1
49BXF443UI,116.349,31.848,0,0,0,0,14-3-30 17:18:33,1
49BXF443UI,116.356,31.8532,0,0,0,0,14-3-30 17:20:34,1
49BXF443UI,116.34,31.8494,0,0,0,0,14-3-30 17:22:35,1
49BXF443UI,116.34,31.8494,0,0,0,0,14-3-30 17:24:36,1
49BXF443UI,116.34,31.8494,0,0,0,0,14-3-30 17:26:38,1
49BXF443UI,116.34,31.8494,0,0,0,0,14-3-30 17:28:40,1
49BXF443UI,116.34,31.8494,0,0,0,0,14-3-30 17:30:41,1
49BXF443UI,116.34,31.8494,0,0,0,0,14-3-30 17:32:42,1
49BXF443UI,116.34,31.8494,0,0,0,0,14-3-30 17:34:43,1
49BXF443UI,116.34,31.8494,0,0,0,0,14-3-30 17:36:44,1
49BXF443UI,116.34,31.8494,0,0,0,0,14-3-30 17:38:45,1
49BXF443UI,116.34,31.8494,0,0,0,0,14-3-30 17:40:46,0
49BXF443UI,116.34,31.8494,0,0,0,0,14-3-30 17:42:47,0
49BXF443UI,116.34,31.8494,0,0,0,0,14-3-30 17:44:49,0
49BXF443UI,116.34,31.8494,0,0,0,0,14-3-30 17:46:49,0
49BXF443UI,116.34,31.8494,0,0,0,0,14-3-30 17:48:50,0
49BXF443UI,116.356,31.8532,0,0,0,0,14-3-30 17:50:52,1
49BXF443UI,116.356,31.8532,0,0,0,0,14-3-30 17:52:52,1
49BXF443UI,116.356,31.8532,0,0,0,0,14-3-30 17:54:53,1
49BXF443UI,116.356,31.8532,0,0,0,0,14-3-30 17:56:54,1
49BXF443UI,116.356,31.8532,0,0,0,0,14-3-30 17:58:55,1
49BXF443UI,116.356,31.8532,0,0,0,0,14-3-30 18:0:56,0
49BXF443UI,116.326,31.8359,0,0,0,0,14-3-30 18:2:57,1
49BXF443UI,116.326,31.8359,0,0,0,0,14-3-30 18:4:58,1
49BXF443UI,116.312,31.8466,0,0,0,0,14-3-30 18:6:59,1
49BXF443UI,116.315,31.8577,0,0,0,0,14-3-30 18:9:0,1
49BXF443UI,116.326,31.8359,0,0,0,0,14-3-30 18:11:1,1
49BXF443UI,116.312,31.8466,0,0,0,0,14-3-30 18:13:2,1
49BXF443UI,116.312,31.8466,0,0,0,0,14-3-30 18:15:3,1
49BXF443UI,116.312,31.8466,0,0,0,0,14-3-30 18:17:4,1
49BXF443UI,116.312,31.8466,0,0,0,0,14-3-30 18:19:5,1
49BXF443UI,116.312,31.8466,0,0,0,0,14-3-30 18:21:6,1
49BXF443UI,116.312,31.8466,0,0,0,0,14-3-30 18:23:7,1
49BXF443UI,116.312,31.8466,0,0,0,0,14-3-30 18:25:8,1
49BXF443UI,116.312,31.8466,0,0,0,0,14-3-30 18:27:9,1
49BXF443UI,116.312,31.8466,0,0,0,0,14-3-30 18:29:12,1
49BXF443UI,116.295,31.8452,0,0,0,0,14-3-30 18:31:13,1
49BXF443UI,116.295,31.8452,0,0,0,0,14-3-30 18:33:15,1
49BXF443UI,116.295,31.8452,0,0,0,0,14-3-30 18:35:16,1
49BXF443UI,116.295,31.8452,0,0,0,0,14-3-30 18:37:16,1
49BXF443UI,116.295,31.8452,0,0,0,0,14-3-30 18:39:17,1
49BXF443UI,116.295,31.8452,0,0,0,0,14-3-30 18:41:18,1
49BXF443UI,116.295,31.8452,0,0,0,0,14-3-30 18:43:19,1
49BXF443UI,116.295,31.8452,0,0,0,0,14-3-30 18:45:20,1
49BXF443UI,116.276,31.8459,0,0,0,0,14-3-30 18:47:21,1
49BXF443UI,116.295,31.8452,0,0,0,0,14-3-30 18:49:22,1
49BXF443UI,116.295,31.8452,0,0,0,0,14-3-30 18:51:23,1
49BXF443UI,116.276,31.8459,0,0,0,0,14-3-30 18:53:24,1
49BXF443UI,116.276,31.8459,0,0,0,0,14-3-30 18:55:25,1
49BXF443UI,116.276,31.8459,0,0,0,0,14-3-30 18:57:26,1
49BXF443UI,116.276,31.8459,0,0,0,0,14-3-30 18:59:27,1
49BXF443UI,116.271,31.8456,0,0,0,0,14-3-30 19:1:28,1
49BXF443UI,116.276,31.8459,0,0,0,0,14-3-30 19:3:29,1
49BXF443UI,116.257,31.8478,0,0,0,0,14-3-30 19:5:30,1
49BXF443UI,116.231,31.8485,0,0,0,0,14-3-30 19:7:31,1
49BXF443UI,116.203,31.8493,0,0,0,0,14-3-30 19:9:32,1
49BXF443UI,116.183,31.8514,0,0,0,0,14-3-30 19:11:33,1
49BXF443UI,116.147,31.8514,0,0,0,0,14-3-30 19:13:34,1
49BXF443UI,116.115,31.8523,0,0,0,0,14-3-30 19:15:35,1
49BXF443UI,116.107,31.8513,0,0,0,0,14-3-30 19:17:36,1
49BXF443UI,116.076,31.8417,0,0,0,0,14-3-30 19:19:37,1
49BXF443UI,116.053,31.8262,0,0,0,0,14-3-30 19:21:38,1
49BXF443UI,116.046,31.8112,0,0,0,0,14-3-30 19:23:39,1
49BXF443UI,116.046,31.8112,0,0,0,0,14-3-30 19:25:40,1
49BXF443UI,116.046,31.8112,0,0,0,0,14-3-30 19:27:41,0
49BXF443UI,116.046,31.8112,0,0,0,0,14-3-30 19:29:44,0
49BXF443UI,116.046,31.8112,0,0,0,0,14-3-30 19:31:45,0
49BXF443UI,116.046,31.8112,0,0,0,0,14-3-30 19:33:46,0
49BXF443UI,116.046,31.8112,0,0,0,0,14-3-30 19:35:48,0
49BXF443UI,116.046,31.8112,0,0,0,0,14-3-30 19:37:48,0
49BXF443UI,116.046,31.8112,0,0,0,0,14-3-30 19:39:49,0
49BXF443UI,116.046,31.8112,0,0,0,0,14-3-30 19:41:50,0
49BXF443UI,116.046,31.8112,0,0,0,0,14-3-30 19:43:51,0
49BXF443UI,116.046,31.8112,0,0,0,0,14-3-30 19:45:52,0
49BXF443UI,116.046,31.8112,0,0,0,0,14-3-30 19:47:53,0
49BXF443UI,116.046,31.8112,0,0,0,0,14-3-30 19:49:54,0
49BXF443UI,116.046,31.8112,0,0,0,0,14-3-30 19:51:55,0
49BXF443UI,116.046,31.8112,0,0,0,0,14-3-30 19:53:56,0
49BXF443UI,116.046,31.8112,0,0,0,0,14-3-30 19:55:57,0
49BXF443UI,116.046,31.8112,0,0,0,0,14-3-30 19:57:58,0
49BXF443UI,116.046,31.8112,0,0,0,0,14-3-30 19:59:59,0
49BXF443UI,116.046,31.8112,0,0,0,0,14-3-30 20:2:0,0
49BXF443UI,116.046,31.8112,0,0,0,0,14-3-30 20:4:1,0
49BXF443UI,116.046,31.8112,0,0,0,0,14-3-30 20:6:2,0
49BXF443UI,116.046,31.8112,0,0,0,0,14-3-30 20:8:3,0
49BXF443UI,116.046,31.8112,0,0,0,0,14-3-30 20:10:4,0
49BXF443UI,116.046,31.8112,0,0,0,0,14-3-30 20:12:5,0
49BXF443UI,116.046,31.8112,0,0,0,0,14-3-30 20:14:6,0
49BXF443UI,116.046,31.8112,0,0,0,0,14-3-30 20:16:7,0
49BXF443UI,116.046,31.8112,0,0,0,0,14-3-30 20:18:8,0
49BXF443UI,116.046,31.8112,0,0,0,0,14-3-30 20:20:9,0
49BXF443UI,116.046,31.8112,0,0,0,0,14-3-30 20:22:10,0
49BXF443UI,116.046,31.8112,0,0,0,0,14-3-30 20:24:11,0
49BXF443UI,116.046,31.8112,0,0,0,0,14-3-30 20:26:12,0
49BXF443UI,116.046,31.8112,0,0,0,0,14-3-30 20:28:15,0
49BXF443UI,116.046,31.8112,0,0,0,0,14-3-30 20:30:16,0
49BXF443UI,116.046,31.8112,0,0,0,0,14-3-30 20:32:17,0
49BXF443UI,115.836,31.5597,0,0,0,0,14-3-30 20:34:18,1
49BXF443UI,115.836,31.5597,0,0,0,0,14-3-30 20:36:19,0
49BXF443UI,115.811,31.5252,0,0,0,0,14-3-30 20:38:20,1
49BXF443UI,115.781,31.4965,0,0,0,0,14-3-30 20:40:21,1
49BXF443UI,115.783,31.4694,0,0,0,0,14-3-30 20:42:22,1
49BXF443UI,115.783,31.4694,0,0,0,0,14-3-30 20:44:23,0
49BXF443UI,115.699,31.4538,0,0,0,0,14-3-30 20:46:24,1
49BXF443UI,115.699,31.4538,0,0,0,0,14-3-30 20:48:25,0
49BXF443UI,115.699,31.4538,0,0,0,0,14-3-30 20:50:26,0
49BXF443UI,115.682,31.4549,0,0,0,0,14-3-30 20:52:27,1
49BXF443UI,115.634,31.4576,0,0,0,0,14-3-30 20:54:28,1
49BXF443UI,115.603,31.4391,0,0,0,0,14-3-30 20:56:29,1
49BXF443UI,115.603,31.4391,0,0,0,0,14-3-30 20:58:30,1
49BXF443UI,115.589,31.4213,0,0,0,0,14-3-30 21:0:31,1
49BXF443UI,115.575,31.3781,0,0,0,0,14-3-30 21:2:32,1
49BXF443UI,115.575,31.3781,0,0,0,0,14-3-30 21:4:33,0
49BXF443UI,115.559,31.357,0,0,0,0,14-3-30 21:6:34,1
49BXF443UI,115.515,31.3312,0,0,0,0,14-3-30 21:8:35,1
49BXF443UI,115.502,31.3267,0,0,0,0,14-3-30 21:10:36,1
49BXF443UI,115.486,31.312,0,0,0,0,14-3-30 21:12:37,1
49BXF443UI,115.466,31.2901,0,0,0,0,14-3-30 21:14:38,1
49BXF443UI,115.466,31.2901,0,0,0,0,14-3-30 21:16:39,1
49BXF443UI,115.466,31.2901,0,0,0,0,14-3-30 21:18:40,1
49BXF443UI,115.466,31.2901,0,0,0,0,14-3-30 21:20:41,1
49BXF443UI,115.468,31.2918,0,0,0,0,14-3-30 21:22:42,1
49BXF443UI,115.466,31.2901,0,0,0,0,14-3-30 21:24:43,1
49BXF443UI,115.466,31.2901,0,0,0,0,14-3-30 21:26:44,1
49BXF443UI,115.466,31.2901,0,0,0,0,14-3-30 21:28:47,1
49BXF443UI,115.466,31.2901,0,0,0,0,14-3-30 21:30:48,1
49BXF443UI,115.466,31.2901,0,0,0,0,14-3-30 21:32:49,1
49BXF443UI,115.466,31.2901,0,0,0,0,14-3-30 21:34:50,1
49BXF443UI,115.466,31.2901,0,0,0,0,14-3-30 21:36:51,1
49BXF443UI,115.466,31.2901,0,0,0,0,14-3-30 21:38:52,0
49BXF443UI,115.432,31.2554,0,0,0,0,14-3-30 21:40:53,1
49BXF443UI,115.432,31.2554,0,0,0,0,14-3-30 21:42:54,0
49BXF443UI,115.405,31.2326,0,0,0,0,14-3-30 21:44:55,1
49BXF443UI,115.405,31.2326,0,0,0,0,14-3-30 21:46:56,1
49BXF443UI,115.405,31.2326,0,0,0,0,14-3-30 21:48:57,1
49BXF443UI,115.405,31.2326,0,0,0,0,14-3-30 21:50:58,1
49BXF443UI,115.378,31.2125,0,0,0,0,14-3-30 21:52:59,1
49BXF443UI,115.357,31.1958,0,0,0,0,14-3-30 21:55:0,1
49BXF443UI,115.35,31.1918,0,0,0,0,14-3-30 21:57:1,1
49BXF443UI,115.333,31.1856,0,0,0,0,14-3-30 21:59:2,1
49BXF443UI,115.318,31.185,0,0,0,0,14-3-30 22:1:4,1
49BXF443UI,115.268,31.1819,0,0,0,0,14-3-30 22:3:5,1
49BXF443UI,115.268,31.1819,0,0,0,0,14-3-30 22:5:6,1
49BXF443UI,115.235,31.1846,0,0,0,0,14-3-30 22:7:7,1
49BXF443UI,115.213,31.1934,0,0,0,0,14-3-30 22:9:8,1
49BXF443UI,115.167,31.2128,0,0,0,0,14-3-30 22:11:10,1
49BXF443UI,115.148,31.2146,0,0,0,0,14-3-30 22:13:11,1
49BXF443UI,115.148,31.2146,0,0,0,0,14-3-30 22:15:12,1
49BXF443UI,115.114,31.2181,0,0,0,0,14-3-30 22:17:13,1
49BXF443UI,115.076,31.2157,0,0,0,0,14-3-30 22:19:14,1
49BXF443UI,115.051,31.2178,0,0,0,0,14-3-30 22:21:15,1
49BXF443UI,115.025,31.2114,0,0,0,0,14-3-30 22:23:16,1
49BXF443UI,114.98,31.1907,0,0,0,0,14-3-30 22:25:17,1
49BXF443UI,114.98,31.1907,0,0,0,0,14-3-30 22:27:18,0
49BXF443UI,114.98,31.1907,0,0,0,0,14-3-30 22:29:21,0
49BXF443UI,114.98,31.1907,0,0,0,0,14-3-30 22:31:22,0
49BXF443UI,114.98,31.1907,0,0,0,0,14-3-30 22:33:23,0
49BXF443UI,114.866,31.1415,0,0,0,0,14-3-30 22:35:24,1
49BXF443UI,114.866,31.1415,0,0,0,0,14-3-30 22:37:25,0
49BXF443UI,114.814,31.114,0,0,0,0,14-3-30 22:39:26,1
49BXF443UI,114.814,31.114,0,0,0,0,14-3-30 22:41:27,0
49BXF443UI,114.814,31.114,0,0,0,0,14-3-30 22:43:28,0
49BXF443UI,114.814,31.114,0,0,0,0,14-3-30 22:45:29,1
49BXF443UI,114.814,31.114,0,0,0,0,14-3-30 22:47:30,0
49BXF443UI,114.668,31.075,0,0,0,0,14-3-30 22:49:31,1
49BXF443UI,114.639,31.0662,0,0,0,0,14-3-30 22:51:32,1
49BXF443UI,114.6,31.0454,0,0,0,0,14-3-30 22:53:33,1
49BXF443UI,114.6,31.0454,0,0,0,0,14-3-30 22:55:34,0
49BXF443UI,114.556,31.0144,0,0,0,0,14-3-30 22:57:35,1
49BXF443UI,114.556,31.0144,0,0,0,0,14-3-30 22:59:36,1
49BXF443UI,114.556,31.0144,0,0,0,0,14-3-30 23:1:37,0
49BXF443UI,114.556,31.0144,0,0,0,0,14-3-30 23:3:38,0
49BXF443UI,114.556,31.0144,0,0,0,0,14-3-30 23:5:39,0
49BXF443UI,114.556,31.0144,0,0,0,0,14-3-30 23:7:40,0
49BXF443UI,114.556,31.0144,0,0,0,0,14-3-30 23:9:41,0
49BXF443UI,114.556,31.0144,0,0,0,0,14-3-30 23:11:42,0
49BXF443UI,114.556,31.0144,0,0,0,0,14-3-30 23:13:43,0
49BXF443UI,114.556,31.0144,0,0,0,0,14-3-30 23:15:44,0
49BXF443UI,114.556,31.0144,0,0,0,0,14-3-30 23:17:45,0
49BXF443UI,114.378,30.8485,0,0,0,0,14-3-30 23:19:46,1
49BXF443UI,114.343,30.8383,0,0,0,0,14-3-30 23:21:47,1
49BXF443UI,114.343,30.865,0,0,0,0,14-3-30 23:23:48,1
49BXF443UI,114.343,30.865,0,0,0,0,14-3-30 23:25:49,0
49BXF443UI,114.343,30.865,0,0,0,0,14-3-30 23:27:50,0
49BXF443UI,114.257,30.7969,0,0,0,0,14-3-30 23:29:52,1
49BXF443UI,114.239,30.7557,0,0,0,0,14-3-30 23:31:53,1
49BXF443UI,114.207,30.768,0,0,0,0,14-3-30 23:33:54,1
49BXF443UI,114.19,30.7318,0,0,0,0,14-3-30 23:35:56,1
49BXF443UI,114.171,30.7278,0,0,0,0,14-3-30 23:37:57,1
49BXF443UI,114.171,30.7278,0,0,0,0,14-3-30 23:39:58,0
49BXF443UI,114.171,30.7278,0,0,0,0,14-3-30 23:41:59,0
49BXF443UI,114.089,30.6976,0,0,0,0,14-3-30 23:44:0,1
49BXF443UI,114.07,30.6898,0,0,0,0,14-3-30 23:46:1,1
49BXF443UI,114.07,30.6898,0,0,0,0,14-3-30 23:48:2,1
49BXF443UI,114.033,30.6972,0,0,0,0,14-3-30 23:50:3,1
49BXF443UI,114.033,30.6972,0,0,0,0,14-3-30 23:52:4,0
49BXF443UI,114.033,30.6972,0,0,0,0,14-3-30 23:54:5,0
49BXF443UI,113.983,30.7333,0,0,0,0,14-3-30 23:56:6,1
49BXF443UI,113.983,30.7333,0,0,0,0,14-3-30 23:58:7,0
49BXF443UI,113.983,30.7333,0,0,0,0,14-3-31 0:0:8,0
49BXF443UI,113.878,30.7265,0,0,0,0,14-3-31 0:2:9,1
49BXF443UI,113.878,30.7265,0,0,0,0,14-3-31 0:4:10,0
49BXF443UI,113.858,30.7297,0,0,0,0,14-3-31 0:6:11,1
49BXF443UI,113.858,30.7297,0,0,0,0,14-3-31 0:8:12,0
49BXF443UI,113.858,30.7297,0,0,0,0,14-3-31 0:10:13,0
49BXF443UI,113.778,30.7787,0,0,0,0,14-3-31 0:12:14,1
49BXF443UI,113.778,30.7787,0,0,0,0,14-3-31 0:14:15,1
49BXF443UI,113.778,30.7787,0,0,0,0,14-3-31 0:16:16,1
49BXF443UI,113.778,30.7787,0,0,0,0,14-3-31 0:18:17,0
49BXF443UI,113.778,30.7787,0,0,0,0,14-3-31 0:20:18,0
49BXF443UI,113.743,30.8082,0,0,0,0,14-3-31 0:22:19,1
49BXF443UI,113.703,30.8347,0,0,0,0,14-3-31 0:24:20,1
49BXF443UI,113.684,30.8392,0,0,0,0,14-3-31 0:26:21,1
49BXF443UI,113.704,30.8814,0,0,0,0,14-3-31 0:28:24,1
49BXF443UI,113.657,30.8911,0,0,0,0,14-3-31 0:30:25,1
49BXF443UI,113.704,30.8814,0,0,0,0,14-3-31 0:32:26,1
49BXF443UI,113.606,30.9345,0,0,0,0,14-3-31 0:34:27,1
49BXF443UI,113.657,30.8911,0,0,0,0,14-3-31 0:36:29,1
49BXF443UI,113.561,30.9351,0,0,0,0,14-3-31 0:38:30,1
49BXF443UI,113.561,30.9351,0,0,0,0,14-3-31 0:50:19,0
49BXF443UI,113.561,30.9351,0,0,0,0,14-3-31 0:52:20,0
49BXF443UI,113.561,30.9351,0,0,0,0,14-3-31 0:54:21,0
49BXF443UI,113.561,30.9351,0,0,0,0,14-3-31 0:56:22,0
49BXF443UI,113.561,30.9351,0,0,0,0,14-3-31 0:58:23,0
49BXF443UI,113.196,30.8643,0,0,0,0,14-3-31 1:0:24,1
49BXF443UI,113.176,30.8685,0,0,0,0,14-3-31 1:2:25,1
49BXF443UI,113.164,30.8772,0,0,0,0,14-3-31 1:4:27,1
49BXF443UI,113.143,30.8862,0,0,0,0,14-3-31 1:6:27,1
49BXF443UI,113.105,30.9033,0,0,0,0,14-3-31 1:8:28,1
49BXF443UI,113.08,30.9108,0,0,0,0,14-3-31 1:10:29,1
49BXF443UI,113.051,30.9145,0,0,0,0,14-3-31 1:12:30,1
49BXF443UI,113.023,30.9231,0,0,0,0,14-3-31 1:14:31,1
49BXF443UI,112.994,30.9332,0,0,0,0,14-3-31 1:16:32,1
49BXF443UI,112.994,30.9332,0,0,0,0,14-3-31 1:18:33,0
49BXF443UI,112.949,30.9613,0,0,0,0,14-3-31 1:20:34,1
49BXF443UI,112.929,30.9749,0,0,0,0,14-3-31 1:22:35,1
49BXF443UI,112.929,30.9749,0,0,0,0,14-3-31 1:24:36,0
49BXF443UI,112.929,30.9749,0,0,0,0,14-3-31 1:26:37,0
49BXF443UI,112.929,30.9749,0,0,0,0,14-3-31 1:28:40,0
49BXF443UI,112.827,31.0066,0,0,0,0,14-3-31 1:30:41,1
49BXF443UI,112.786,31.014,0,0,0,0,14-3-31 1:32:42,1
49BXF443UI,112.771,31.0174,0,0,0,0,14-3-31 1:34:43,1
49BXF443UI,112.786,31.014,0,0,0,0,14-3-31 1:36:44,1
49BXF443UI,112.699,31.0214,0,0,0,0,14-3-31 1:38:45,1
49BXF443UI,112.665,31.02,0,0,0,0,14-3-31 1:40:46,1
49BXF443UI,112.623,31.0219,0,0,0,0,14-3-31 1:42:47,1
49BXF443UI,112.635,31.0123,0,0,0,0,14-3-31 1:44:48,1
49BXF443UI,112.612,31.015,0,0,0,0,14-3-31 1:46:49,1
49BXF443UI,112.557,31.0076,0,0,0,0,14-3-31 1:48:50,1
49BXF443UI,112.557,31.0076,0,0,0,0,14-3-31 1:50:51,1
49BXF443UI,112.508,30.9999,0,0,0,0,14-3-31 1:52:52,1
49BXF443UI,112.491,31.0002,0,0,0,0,14-3-31 1:54:53,1
49BXF443UI,112.438,30.9904,0,0,0,0,14-3-31 1:56:54,1
49BXF443UI,112.42,30.9882,0,0,0,0,14-3-31 1:58:55,1
49BXF443UI,112.389,30.9785,0,0,0,0,14-3-31 2:0:56,1
49BXF443UI,112.346,30.9728,0,0,0,0,14-3-31 2:2:57,1
49BXF443UI,112.318,30.9798,0,0,0,0,14-3-31 2:4:58,1
49BXF443UI,112.299,30.9635,0,0,0,0,14-3-31 2:6:59,1
49BXF443UI,112.267,30.9626,0,0,0,0,14-3-31 2:9:0,1
49BXF443UI,112.234,30.9464,0,0,0,0,14-3-31 2:11:1,1
49BXF443UI,112.234,30.9464,0,0,0,0,14-3-31 2:13:2,1
49BXF443UI,112.2,30.9347,0,0,0,0,14-3-31 2:15:3,1
49BXF443UI,112.164,30.9184,0,0,0,0,14-3-31 2:17:4,1
49BXF443UI,112.152,30.9201,0,0,0,0,14-3-31 2:19:5,1
49BXF443UI,112.105,30.9061,0,0,0,0,14-3-31 2:21:6,1
49BXF443UI,112.086,30.8978,0,0,0,0,14-3-31 2:23:7,1
49BXF443UI,112.071,30.8899,0,0,0,0,14-3-31 2:25:8,1
49BXF443UI,112.035,30.875,0,0,0,0,14-3-31 2:27:9,1
49BXF443UI,112.038,30.8645,0,0,0,0,14-3-31 2:29:12,1
49BXF443UI,111.993,30.8578,0,0,0,0,14-3-31 2:31:13,1
49BXF443UI,111.966,30.8438,0,0,0,0,14-3-31 2:33:14,1
49BXF443UI,111.938,30.8298,0,0,0,0,14-3-31 2:35:15,1
49BXF443UI,111.912,30.8134,0,0,0,0,14-3-31 2:37:16,1
49BXF443UI,111.912,30.8134,0,0,0,0,14-3-31 2:39:17,1
49BXF443UI,111.867,30.7888,0,0,0,0,14-3-31 2:41:18,1
49BXF443UI,111.852,30.7828,0,0,0,0,14-3-31 2:43:19,1
49BXF443UI,111.827,30.7803,0,0,0,0,14-3-31 2:45:20,1
49BXF443UI,111.791,30.7656,0,0,0,0,14-3-31 2:47:21,1
49BXF443UI,111.775,30.7647,0,0,0,0,14-3-31 2:49:22,1
49BXF443UI,111.744,30.7642,0,0,0,0,14-3-31 2:51:23,1
49BXF443UI,111.713,30.7574,0,0,0,0,14-3-31 2:53:24,1
49BXF443UI,111.696,30.7542,0,0,0,0,14-3-31 2:55:25,1
49BXF443UI,111.675,30.7533,0,0,0,0,14-3-31 2:57:26,1
49BXF443UI,111.656,30.7495,0,0,0,0,14-3-31 2:59:27,1
49BXF443UI,111.618,30.7483,0,0,0,0,14-3-31 3:1:28,1
49BXF443UI,111.591,30.745,0,0,0,0,14-3-31 3:3:29,1
49BXF443UI,111.591,30.745,0,0,0,0,14-3-31 3:5:30,1
49BXF443UI,111.591,30.745,0,0,0,0,14-3-31 3:7:31,1
49BXF443UI,111.591,30.745,0,0,0,0,14-3-31 3:9:32,1
49BXF443UI,111.569,30.7387,0,0,0,0,14-3-31 3:11:33,1
49BXF443UI,111.569,30.7387,0,0,0,0,14-3-31 3:13:34,1
49BXF443UI,111.569,30.7387,0,0,0,0,14-3-31 3:15:35,0
49BXF443UI,111.569,30.7387,0,0,0,0,14-3-31 3:17:36,0
49BXF443UI,111.569,30.7387,0,0,0,0,14-3-31 3:19:37,0
49BXF443UI,111.569,30.7387,0,0,0,0,14-3-31 3:21:38,0
49BXF443UI,111.569,30.7387,0,0,0,0,14-3-31 3:23:39,0
49BXF443UI,111.569,30.7387,0,0,0,0,14-3-31 3:25:40,0
49BXF443UI,111.439,30.6016,0,0,0,0,14-3-31 3:27:41,1
49BXF443UI,111.423,30.584,0,0,0,0,14-3-31 3:29:44,1
49BXF443UI,111.403,30.5713,0,0,0,0,14-3-31 3:31:45,1
49BXF443UI,111.359,30.5588,0,0,0,0,14-3-31 3:33:46,1
49BXF443UI,111.377,30.5666,0,0,0,0,14-3-31 3:35:47,1
49BXF443UI,111.337,30.5567,0,0,0,0,14-3-31 3:37:48,1
49BXF443UI,111.314,30.5519,0,0,0,0,14-3-31 3:39:49,1
49BXF443UI,111.304,30.5472,0,0,0,0,14-3-31 3:41:50,1
49BXF443UI,111.273,30.5409,0,0,0,0,14-3-31 3:43:51,1
49BXF443UI,111.273,30.5409,0,0,0,0,14-3-31 3:45:52,1
49BXF443UI,111.24,30.5327,0,0,0,0,14-3-31 3:47:53,1
49BXF443UI,111.24,30.5327,0,0,0,0,14-3-31 3:49:54,1
49BXF443UI,111.212,30.5481,0,0,0,0,14-3-31 3:51:55,1
49BXF443UI,111.177,30.5615,0,0,0,0,14-3-31 3:55:58,1
49BXF443UI,111.154,30.5579,0,0,0,0,14-3-31 3:57:58,1
49BXF443UI,111.14,30.5569,0,0,0,0,14-3-31 3:59:59,1
49BXF443UI,111.14,30.5569,0,0,0,0,14-3-31 4:2:0,1
49BXF443UI,111.116,30.5609,0,0,0,0,14-3-31 4:4:1,1
49BXF443UI,111.091,30.5682,0,0,0,0,14-3-31 4:6:2,1
49BXF443UI,111.091,30.5682,0,0,0,0,14-3-31 4:8:3,1
49BXF443UI,111.091,30.5682,0,0,0,0,14-3-31 4:10:4,1
49BXF443UI,111.091,30.5682,0,0,0,0,14-3-31 4:12:5,1
49BXF443UI,111.091,30.5682,0,0,0,0,14-3-31 4:14:6,1
49BXF443UI,111.091,30.5682,0,0,0,0,14-3-31 4:16:7,1
49BXF443UI,111.069,30.5724,0,0,0,0,14-3-31 4:18:8,1
49BXF443UI,111.069,30.5724,0,0,0,0,14-3-31 4:20:9,1
49BXF443UI,111.069,30.5724,0,0,0,0,14-3-31 4:22:10,1
49BXF443UI,111.069,30.5724,0,0,0,0,14-3-31 4:24:11,1
49BXF443UI,111.069,30.5724,0,0,0,0,14-3-31 4:26:12,1
49BXF443UI,111.069,30.5724,0,0,0,0,14-3-31 4:28:13,1
49BXF443UI,111.069,30.5724,0,0,0,0,14-3-31 4:30:15,1
49BXF443UI,111.069,30.5724,0,0,0,0,14-3-31 4:32:16,1
49BXF443UI,111.069,30.5724,0,0,0,0,14-3-31 4:34:17,1
49BXF443UI,111.044,30.5762,0,0,0,0,14-3-31 4:36:18,1
49BXF443UI,111.044,30.5762,0,0,0,0,14-3-31 4:38:19,1
49BXF443UI,111.024,30.5795,0,0,0,0,14-3-31 4:40:20,1
49BXF443UI,111.021,30.5795,0,0,0,0,14-3-31 4:42:21,1
49BXF443UI,110.989,30.5879,0,0,0,0,14-3-31 4:44:22,1
49BXF443UI,110.989,30.5879,0,0,0,0,14-3-31 4:46:23,1
49BXF443UI,110.992,30.5892,0,0,0,0,14-3-31 4:48:24,1
49BXF443UI,110.992,30.5892,0,0,0,0,14-3-31 4:50:25,1
49BXF443UI,110.992,30.5892,0,0,0,0,14-3-31 4:52:26,1
49BXF443UI,110.947,30.6083,0,0,0,0,14-3-31 4:54:27,1
49BXF443UI,110.94,30.6086,0,0,0,0,14-3-31 4:56:28,1
49BXF443UI,110.915,30.6044,0,0,0,0,14-3-31 4:58:29,1
49BXF443UI,110.94,30.6086,0,0,0,0,14-3-31 5:0:30,1
49BXF443UI,110.94,30.6086,0,0,0,0,14-3-31 5:2:31,1
49BXF443UI,110.915,30.6044,0,0,0,0,14-3-31 5:4:32,1
49BXF443UI,110.915,30.6044,0,0,0,0,14-3-31 5:6:33,1
49BXF443UI,110.893,30.6011,0,0,0,0,14-3-31 5:8:34,1
49BXF443UI,110.869,30.6011,0,0,0,0,14-3-31 5:10:35,1
49BXF443UI,110.853,30.6047,0,0,0,0,14-3-31 5:12:36,1
49BXF443UI,110.853,30.6047,0,0,0,0,14-3-31 5:14:37,1
49BXF443UI,110.853,30.6047,0,0,0,0,14-3-31 5:16:38,1
49BXF443UI,110.835,30.6048,0,0,0,0,14-3-31 5:18:39,1
49BXF443UI,110.811,30.6048,0,0,0,0,14-3-31 5:20:40,1
49BXF443UI,110.811,30.6048,0,0,0,0,14-3-31 5:22:41,1
49BXF443UI,110.811,30.6048,0,0,0,0,14-3-31 5:24:42,1
49BXF443UI,110.811,30.6048,0,0,0,0,14-3-31 5:26:43,1
49BXF443UI,110.811,30.6048,0,0,0,0,14-3-31 5:28:47,1
49BXF443UI,110.779,30.6089,0,0,0,0,14-3-31 5:30:48,1
49BXF443UI,110.77,30.6127,0,0,0,0,14-3-31 5:32:49,1
49BXF443UI,110.77,30.6127,0,0,0,0,14-3-31 5:34:50,1
49BXF443UI,110.77,30.6127,0,0,0,0,14-3-31 5:36:51,1
49BXF443UI,110.661,30.6276,0,0,0,0,14-3-31 5:38:52,1
49BXF443UI,110.661,30.6276,0,0,0,0,14-3-31 5:40:53,1
49BXF443UI,110.66,30.6276,0,0,0,0,14-3-31 5:42:54,1
49BXF443UI,110.66,30.6276,0,0,0,0,14-3-31 5:44:55,1
49BXF443UI,110.639,30.6267,0,0,0,0,14-3-31 5:46:56,1
49BXF443UI,110.618,30.6257,0,0,0,0,14-3-31 5:48:57,1
49BXF443UI,110.595,30.6263,0,0,0,0,14-3-31 5:50:58,1
49BXF443UI,110.546,30.6237,0,0,0,0,14-3-31 5:52:59,1
49BXF443UI,110.546,30.6237,0,0,0,0,14-3-31 5:55:0,1
49BXF443UI,110.529,30.62,0,0,0,0,14-3-31 5:57:1,1
49BXF443UI,110.509,30.6193,0,0,0,0,14-3-31 5:59:2,1
49BXF443UI,110.509,30.6193,0,0,0,0,14-3-31 6:1:3,1
49BXF443UI,110.49,30.6199,0,0,0,0,14-3-31 6:3:4,1
49BXF443UI,110.478,30.6178,0,0,0,0,14-3-31 6:5:5,1
49BXF443UI,110.448,30.6194,0,0,0,0,14-3-31 6:7:6,1
49BXF443UI,110.448,30.6194,0,0,0,0,14-3-31 6:9:7,1
49BXF443UI,110.448,30.6194,0,0,0,0,14-3-31 6:11:8,1
49BXF443UI,110.408,30.6245,0,0,0,0,14-3-31 6:13:9,1
49BXF443UI,110.408,30.6245,0,0,0,0,14-3-31 6:15:10,1
49BXF443UI,110.408,30.6245,0,0,0,0,14-3-31 6:17:11,0
49BXF443UI,110.381,30.6265,0,0,0,0,14-3-31 6:19:12,1
49BXF443UI,110.348,30.6178,0,0,0,0,14-3-31 6:21:13,1
49BXF443UI,110.348,30.6178,0,0,0,0,14-3-31 6:23:14,1
49BXF443UI,110.348,30.6178,0,0,0,0,14-3-31 6:25:15,1
49BXF443UI,110.324,30.6189,0,0,0,0,14-3-31 6:27:16,1
49BXF443UI,110.313,30.6121,0,0,0,0,14-3-31 6:29:17,1
49BXF443UI,110.313,30.6121,0,0,0,0,14-3-31 6:31:18,1
49BXF443UI,110.289,30.6096,0,0,0,0,14-3-31 6:33:19,1
49BXF443UI,110.236,30.6195,0,0,0,0,14-3-31 6:35:20,1
49BXF443UI,110.236,30.6195,0,0,0,0,14-3-31 6:37:21,1
49BXF443UI,110.236,30.6195,0,0,0,0,14-3-31 6:39:22,1
49BXF443UI,110.236,30.6195,0,0,0,0,14-3-31 6:41:23,0
49BXF443UI,110.144,30.6387,0,0,0,0,14-3-31 6:43:24,1
49BXF443UI,110.144,30.6387,0,0,0,0,14-3-31 6:45:25,1
49BXF443UI,110.052,30.6235,0,0,0,0,14-3-31 6:53:13,1
49BXF443UI,110.052,30.6235,0,0,0,0,14-3-31 6:55:14,1
49BXF443UI,110.018,30.6051,0,0,0,0,14-3-31 6:57:18,1
49BXF443UI,110.009,30.5977,0,0,0,0,14-3-31 6:59:19,1
49BXF443UI,109.984,30.5894,0,0,0,0,14-3-31 7:1:20,1
49BXF443UI,109.935,30.5729,0,0,0,0,14-3-31 7:3:21,1
49BXF443UI,109.935,30.5729,0,0,0,0,14-3-31 7:5:22,1
49BXF443UI,109.935,30.5729,0,0,0,0,14-3-31 7:7:23,1
49BXF443UI,109.894,30.5516,0,0,0,0,14-3-31 7:9:24,1
49BXF443UI,109.882,30.5396,0,0,0,0,14-3-31 7:11:25,1
49BXF443UI,109.853,30.5064,0,0,0,0,14-3-31 7:13:26,1
49BXF443UI,109.852,30.5047,0,0,0,0,14-3-31 7:15:27,1
49BXF443UI,109.838,30.4922,0,0,0,0,14-3-31 7:17:28,1
49BXF443UI,109.815,30.4793,0,0,0,0,14-3-31 7:19:29,1
49BXF443UI,109.766,30.464,0,0,0,0,14-3-31 7:21:30,1
49BXF443UI,109.766,30.464,0,0,0,0,14-3-31 7:23:31,1
49BXF443UI,109.753,30.4664,0,0,0,0,14-3-31 7:25:32,1
49BXF443UI,109.736,30.4712,0,0,0,0,14-3-31 7:27:33,1
49BXF443UI,109.736,30.4712,0,0,0,0,14-3-31 7:29:35,1
49BXF443UI,109.693,30.4852,0,0,0,0,14-3-31 7:31:36,1
49BXF443UI,109.66,30.4655,0,0,0,0,14-3-31 7:33:37,1
49BXF443UI,109.66,30.4655,0,0,0,0,14-3-31 7:35:39,1
49BXF443UI,109.633,30.4565,0,0,0,0,14-3-31 7:37:39,1
49BXF443UI,109.633,30.4565,0,0,0,0,14-3-31 7:39:40,1
49BXF443UI,109.589,30.4159,0,0,0,0,14-3-31 7:41:41,1
49BXF443UI,109.589,30.4159,0,0,0,0,14-3-31 7:43:42,1
49BXF443UI,109.589,30.4159,0,0,0,0,14-3-31 7:45:43,1
49BXF443UI,109.571,30.3944,0,0,0,0,14-3-31 7:47:44,1
49BXF443UI,109.555,30.3673,0,0,0,0,14-3-31 7:49:45,1
49BXF443UI,109.54,30.3359,0,0,0,0,14-3-31 7:51:46,1
49BXF443UI,109.534,30.3076,0,0,0,0,14-3-31 7:53:47,1
49BXF443UI,109.534,30.3076,0,0,0,0,14-3-31 7:55:48,1
49BXF443UI,109.534,30.3076,0,0,0,0,14-3-31 7:57:49,0
49BXF443UI,109.508,30.2667,0,0,0,0,14-3-31 7:59:50,1
49BXF443UI,109.495,30.2455,0,0,0,0,14-3-31 8:1:51,1
49BXF443UI,109.479,30.2217,0,0,0,0,14-3-31 8:3:52,1
49BXF443UI,109.448,30.2266,0,0,0,0,14-3-31 8:5:53,1
49BXF443UI,109.417,30.2416,0,0,0,0,14-3-31 8:13:47,1
49BXF443UI,109.417,30.2416,0,0,0,0,14-3-31 8:15:48,1
49BXF443UI,109.417,30.2416,0,0,0,0,14-3-31 8:17:49,1
49BXF443UI,109.417,30.2416,0,0,0,0,14-3-31 8:19:52,1
49BXF443UI,109.376,30.2399,0,0,0,0,14-3-31 8:21:53,1
49BXF443UI,109.347,30.2336,0,0,0,0,14-3-31 8:23:54,1
49BXF443UI,109.347,30.2336,0,0,0,0,14-3-31 8:25:55,1
49BXF443UI,109.297,30.2121,0,0,0,0,14-3-31 8:27:56,1
49BXF443UI,109.297,30.2121,0,0,0,0,14-3-31 8:29:57,1
49BXF443UI,109.297,30.2121,0,0,0,0,14-3-31 8:31:58,1
49BXF443UI,109.297,30.2121,0,0,0,0,14-3-31 8:33:59,0
49BXF443UI,109.264,30.1959,0,0,0,0,14-3-31 8:36:0,1
49BXF443UI,109.264,30.1959,0,0,0,0,14-3-31 8:38:1,1
49BXF443UI,109.22,30.1997,0,0,0,0,14-3-31 8:45:45,1
49BXF443UI,109.22,30.1997,0,0,0,0,14-3-31 8:47:46,1
49BXF443UI,109.22,30.1997,0,0,0,0,14-3-31 8:49:48,1
49BXF443UI,109.22,30.1997,0,0,0,0,14-3-31 8:51:49,0
49BXF443UI,109.22,30.1997,0,0,0,0,14-3-31 8:53:50,0
49BXF443UI,109.09,30.2549,0,0,0,0,14-3-31 8:55:51,1
49BXF443UI,109.077,30.2545,0,0,0,0,14-3-31 8:57:52,1
49BXF443UI,109.044,30.255,0,0,0,0,14-3-31 8:59:53,1
49BXF443UI,109.044,30.255,0,0,0,0,14-3-31 9:1:54,0
49BXF443UI,109.044,30.255,0,0,0,0,14-3-31 9:3:55,0
49BXF443UI,108.987,30.2721,0,0,0,0,14-3-31 9:5:57,1
49BXF443UI,108.95,30.2779,0,0,0,0,14-3-31 9:7:57,1
49BXF443UI,108.917,30.2785,0,0,0,0,14-3-31 9:9:59,1
49BXF443UI,108.888,30.2782,0,0,0,0,14-3-31 9:11:59,1
49BXF443UI,108.872,30.2785,0,0,0,0,14-3-31 9:14:0,1
49BXF443UI,108.844,30.2714,0,0,0,0,14-3-31 9:16:1,1
49BXF443UI,108.822,30.2652,0,0,0,0,14-3-31 9:18:2,1
49BXF443UI,108.795,30.2598,0,0,0,0,14-3-31 9:20:3,1
49BXF443UI,108.795,30.2598,0,0,0,0,14-3-31 9:22:4,0
49BXF443UI,108.733,30.2567,0,0,0,0,14-3-31 9:24:5,1
49BXF443UI,108.7,30.254,0,0,0,0,14-3-31 9:26:6,1
49BXF443UI,108.7,30.254,0,0,0,0,14-3-31 9:28:7,1
49BXF443UI,108.7,30.254,0,0,0,0,14-3-31 9:30:10,0
49BXF443UI,108.638,30.2457,0,0,0,0,14-3-31 9:32:11,1
49BXF443UI,108.628,30.232,0,0,0,0,14-3-31 9:34:12,1
49BXF443UI,108.628,30.232,0,0,0,0,14-3-31 9:36:13,0
49BXF443UI,108.615,30.205,0,0,0,0,14-3-31 9:38:14,1
49BXF443UI,108.615,30.205,0,0,0,0,14-3-31 9:42:16,1
49BXF443UI,108.562,30.1714,0,0,0,0,14-3-31 9:50:2,1
49BXF443UI,108.562,30.1714,0,0,0,0,14-3-31 9:52:3,1
49BXF443UI,108.562,30.1714,0,0,0,0,14-3-31 9:54:4,1
49BXF443UI,108.558,30.1608,0,0,0,0,14-3-31 9:56:5,1
49BXF443UI,108.558,30.1608,0,0,0,0,14-3-31 9:58:6,1
49BXF443UI,108.558,30.1608,0,0,0,0,14-3-31 10:0:7,1
49BXF443UI,108.558,30.1608,0,0,0,0,14-3-31 10:2:8,1
49BXF443UI,108.558,30.1608,0,0,0,0,14-3-31 10:4:9,1
49BXF443UI,108.558,30.1608,0,0,0,0,14-3-31 10:6:10,1
49BXF443UI,108.558,30.1608,0,0,0,0,14-3-31 10:8:11,1
49BXF443UI,108.558,30.1608,0,0,0,0,14-3-31 10:10:12,1
49BXF443UI,108.558,30.1608,0,0,0,0,14-3-31 10:12:13,1
49BXF443UI,108.558,30.1608,0,0,0,0,14-3-31 10:14:14,1
49BXF443UI,108.558,30.1608,0,0,0,0,14-3-31 10:16:15,1
49BXF443UI,108.562,30.1667,0,0,0,0,14-3-31 10:18:16,1
49BXF443UI,108.558,30.1608,0,0,0,0,14-3-31 10:20:17,1
49BXF443UI,108.558,30.1608,0,0,0,0,14-3-31 10:22:18,1
49BXF443UI,108.558,30.1608,0,0,0,0,14-3-31 10:26:21,0
49BXF443UI,108.558,30.1608,0,0,0,0,14-3-31 10:28:21,0
49BXF443UI,108.558,30.1608,0,0,0,0,14-3-31 10:30:24,0
49BXF443UI,108.452,30.0537,0,0,0,0,14-3-31 10:32:25,1
49BXF443UI,108.452,30.0537,0,0,0,0,14-3-31 10:34:26,1
49BXF443UI,108.452,30.0537,0,0,0,0,14-3-31 10:36:27,1
49BXF443UI,108.452,30.0537,0,0,0,0,14-3-31 10:38:28,0
49BXF443UI,108.452,30.0537,0,0,0,0,14-3-31 10:40:30,0
49BXF443UI,108.452,30.0537,0,0,0,0,14-3-31 10:42:30,0
49BXF443UI,108.452,30.0537,0,0,0,0,14-3-31 10:44:31,0
49BXF443UI,108.452,30.0537,0,0,0,0,14-3-31 10:46:32,0
49BXF443UI,108.452,30.0537,0,0,0,0,14-3-31 10:48:33,0
49BXF443UI,108.452,30.0537,0,0,0,0,14-3-31 10:50:34,0
49BXF443UI,108.452,30.0537,0,0,0,0,14-3-31 10:52:35,0
49BXF443UI,108.452,30.0537,0,0,0,0,14-3-31 10:54:36,0
49BXF443UI,108.452,30.0537,0,0,0,0,14-3-31 10:56:37,0
49BXF443UI,108.452,30.0537,0,0,0,0,14-3-31 10:58:38,0
49BXF443UI,108.452,30.0537,0,0,0,0,14-3-31 11:0:39,0
49BXF443UI,108.452,30.0537,0,0,0,0,14-3-31 11:2:40,0
49BXF443UI,108.452,30.0537,0,0,0,0,14-3-31 11:4:41,0
49BXF443UI,108.452,30.0537,0,0,0,0,14-3-31 11:6:42,0
49BXF443UI,108.452,30.0537,0,0,0,0,14-3-31 11:8:43,0
49BXF443UI,108.452,30.0537,0,0,0,0,14-3-31 11:10:44,0
49BXF443UI,108.077,30.1721,0,0,0,0,14-3-31 11:12:45,1
49BXF443UI,108.071,30.1919,0,0,0,0,14-3-31 11:14:46,1
49BXF443UI,108.063,30.2102,0,0,0,0,14-3-31 11:16:47,1
49BXF443UI,108.046,30.2261,0,0,0,0,14-3-31 11:18:48,1
49BXF443UI,108.022,30.2324,0,0,0,0,14-3-31 11:20:49,1
49BXF443UI,108.001,30.2332,0,0,0,0,14-3-31 11:22:50,1
49BXF443UI,107.973,30.2331,0,0,0,0,14-3-31 11:24:51,1
49BXF443UI,107.973,30.2331,0,0,0,0,14-3-31 11:26:52,0
49BXF443UI,107.973,30.2331,0,0,0,0,14-3-31 11:28:55,0
49BXF443UI,107.973,30.2331,0,0,0,0,14-3-31 11:30:56,0
49BXF443UI,107.973,30.2331,0,0,0,0,14-3-31 11:32:57,0
49BXF443UI,107.973,30.2331,0,0,0,0,14-3-31 11:34:58,0
49BXF443UI,107.973,30.2331,0,0,0,0,14-3-31 11:36:59,0
49BXF443UI,107.973,30.2331,0,0,0,0,14-3-31 11:39:0,0
49BXF443UI,107.973,30.2331,0,0,0,0,14-3-31 11:41:1,0
49BXF443UI,107.973,30.2331,0,0,0,0,14-3-31 11:43:2,0
49BXF443UI,107.973,30.2331,0,0,0,0,14-3-31 11:45:3,0
49BXF443UI,107.973,30.2331,0,0,0,0,14-3-31 11:47:4,0
49BXF443UI,107.973,30.2331,0,0,0,0,14-3-31 11:49:5,0
49BXF443UI,107.973,30.2331,0,0,0,0,14-3-31 11:51:6,0
49BXF443UI,107.973,30.2331,0,0,0,0,14-3-31 11:53:7,0
49BXF443UI,107.973,30.2331,0,0,0,0,14-3-31 11:55:8,0
49BXF443UI,107.973,30.2331,0,0,0,0,14-3-31 11:57:9,0
49BXF443UI,107.973,30.2331,0,0,0,0,14-3-31 11:59:10,0
49BXF443UI,107.973,30.2331,0,0,0,0,14-3-31 12:1:11,0
49BXF443UI,107.973,30.2331,0,0,0,0,14-3-31 12:3:12,0
49BXF443UI,107.537,30.2567,0,0,0,0,14-3-31 12:5:14,1
49BXF443UI,107.537,30.2567,0,0,0,0,14-3-31 12:7:14,0
49BXF443UI,107.49,30.2664,0,0,0,0,14-3-31 12:9:15,1
49BXF443UI,107.457,30.2755,0,0,0,0,14-3-31 12:11:16,1
49BXF443UI,107.43,30.2801,0,0,0,0,14-3-31 12:13:17,1
49BXF443UI,107.402,30.2805,0,0,0,0,14-3-31 12:15:18,1
49BXF443UI,107.387,30.2762,0,0,0,0,14-3-31 12:17:19,1
49BXF443UI,107.37,30.2745,0,0,0,0,14-3-31 12:19:20,1
49BXF443UI,107.33,30.2641,0,0,0,0,14-3-31 12:21:21,1
49BXF443UI,107.319,30.2636,0,0,0,0,14-3-31 12:23:22,1
49BXF443UI,107.293,30.2559,0,0,0,0,14-3-31 12:25:23,1
49BXF443UI,107.293,30.2559,0,0,0,0,14-3-31 12:27:24,1
49BXF443UI,107.293,30.2559,0,0,0,0,14-3-31 12:29:27,1
49BXF443UI,107.271,30.2564,0,0,0,0,14-3-31 12:31:28,1
49BXF443UI,107.286,30.256,0,0,0,0,14-3-31 12:33:29,1
49BXF443UI,107.286,30.256,0,0,0,0,14-3-31 12:35:30,0
49BXF443UI,107.286,30.256,0,0,0,0,14-3-31 12:37:31,0
49BXF443UI,107.286,30.256,0,0,0,0,14-3-31 12:39:32,0
49BXF443UI,107.286,30.256,0,0,0,0,14-3-31 12:41:33,0
49BXF443UI,107.286,30.256,0,0,0,0,14-3-31 12:43:34,0
49BXF443UI,107.286,30.256,0,0,0,0,14-3-31 12:45:35,0
49BXF443UI,107.286,30.256,0,0,0,0,14-3-31 12:47:36,0
49BXF443UI,107.286,30.256,0,0,0,0,14-3-31 12:49:37,0
49BXF443UI,107.286,30.256,0,0,0,0,14-3-31 12:51:38,0
49BXF443UI,107.082,30.2603,0,0,0,0,14-3-31 12:53:39,1
49BXF443UI,107.082,30.2603,0,0,0,0,14-3-31 12:55:40,1
49BXF443UI,107.082,30.2603,0,0,0,0,14-3-31 12:57:41,1
49BXF443UI,107.082,30.2603,0,0,0,0,14-3-31 12:59:42,1
49BXF443UI,107.082,30.2603,0,0,0,0,14-3-31 13:1:43,1
49BXF443UI,107.082,30.2603,0,0,0,0,14-3-31 13:3:44,1
49BXF443UI,107.082,30.2603,0,0,0,0,14-3-31 13:5:45,1
49BXF443UI,107.082,30.2603,0,0,0,0,14-3-31 13:7:46,1
49BXF443UI,107.082,30.2603,0,0,0,0,14-3-31 13:9:47,1
49BXF443UI,107.082,30.2603,0,0,0,0,14-3-31 13:11:48,1
49BXF443UI,107.082,30.2603,0,0,0,0,14-3-31 13:13:49,0
49BXF443UI,107.082,30.2603,0,0,0,0,14-3-31 13:15:50,0
49BXF443UI,107.082,30.2603,0,0,0,0,14-3-31 13:17:51,0
49BXF443UI,107.007,30.2559,0,0,0,0,14-3-31 13:19:52,1
49BXF443UI,107.007,30.2559,0,0,0,0,14-3-31 13:21:54,1
49BXF443UI,107.007,30.2559,0,0,0,0,14-3-31 13:23:54,1
49BXF443UI,107.007,30.2559,0,0,0,0,14-3-31 13:25:55,1
49BXF443UI,106.953,30.2993,0,0,0,0,14-3-31 13:27:56,1
49BXF443UI,106.931,30.3106,0,0,0,0,14-3-31 13:29:59,1
49BXF443UI,106.931,30.3106,0,0,0,0,14-3-31 13:32:0,1
49BXF443UI,106.918,30.3217,0,0,0,0,14-3-31 13:34:1,1
49BXF443UI,106.918,30.3217,0,0,0,0,14-3-31 13:36:2,1
49BXF443UI,106.905,30.3365,0,0,0,0,14-3-31 13:38:3,1
49BXF443UI,106.899,30.3617,0,0,0,0,14-3-31 13:40:4,1
49BXF443UI,106.899,30.3617,0,0,0,0,14-3-31 13:42:5,0
49BXF443UI,106.862,30.3898,0,0,0,0,14-3-31 13:44:6,1
49BXF443UI,106.862,30.3898,0,0,0,0,14-3-31 13:46:7,1
49BXF443UI,106.839,30.4029,0,0,0,0,14-3-31 13:48:9,1
49BXF443UI,106.819,30.4075,0,0,0,0,14-3-31 13:50:9,1
49BXF443UI,106.819,30.4075,0,0,0,0,14-3-31 13:52:10,0
49BXF443UI,106.813,30.4033,0,0,0,0,14-3-31 13:54:11,1
49BXF443UI,106.785,30.3988,0,0,0,0,14-3-31 13:56:12,1
49BXF443UI,106.785,30.3988,0,0,0,0,14-3-31 13:58:13,0
49BXF443UI,106.732,30.4046,0,0,0,0,14-3-31 14:0:14,1
49BXF443UI,106.732,30.4046,0,0,0,0,14-3-31 14:2:16,1
49BXF443UI,106.711,30.399,0,0,0,0,14-3-31 14:4:16,1
49BXF443UI,106.711,30.399,0,0,0,0,14-3-31 14:6:17,1
49BXF443UI,106.679,30.4078,0,0,0,0,14-3-31 14:8:18,1
49BXF443UI,106.65,30.4276,0,0,0,0,14-3-31 14:10:19,1
49BXF443UI,106.638,30.4315,0,0,0,0,14-3-31 14:12:20,1
49BXF443UI,106.616,30.4404,0,0,0,0,14-3-31 14:14:21,1
49BXF443UI,106.59,30.4485,0,0,0,0,14-3-31 14:16:22,1
49BXF443UI,106.572,30.4668,0,0,0,0,14-3-31 14:18:23,1
49BXF443UI,106.56,30.4752,0,0,0,0,14-3-31 14:20:24,1
49BXF443UI,106.548,30.4873,0,0,0,0,14-3-31 14:22:25,1
49BXF443UI,106.533,30.5099,0,0,0,0,14-3-31 14:24:26,1
49BXF443UI,106.511,30.5309,0,0,0,0,14-3-31 14:26:27,1
49BXF443UI,106.509,30.5368,0,0,0,0,14-3-31 14:28:28,1
49BXF443UI,106.493,30.5782,0,0,0,0,14-3-31 14:30:31,1
49BXF443UI,106.499,30.5954,0,0,0,0,14-3-31 14:32:32,1
49BXF443UI,106.487,30.6327,0,0,0,0,14-3-31 14:34:34,1
49BXF443UI,106.484,30.6431,0,0,0,0,14-3-31 14:36:34,1
49BXF443UI,106.48,30.6529,0,0,0,0,14-3-31 14:38:35,1
49BXF443UI,106.463,30.6806,0,0,0,0,14-3-31 14:40:36,1
49BXF443UI,106.451,30.7064,0,0,0,0,14-3-31 14:42:37,1
49BXF443UI,106.309,30.7713,0,0,0,0,14-3-31 14:54:51,1
49BXF443UI,106.282,30.7717,0,0,0,0,14-3-31 14:56:51,1
49BXF443UI,106.244,30.7711,0,0,0,0,14-3-31 14:58:52,1
49BXF443UI,106.217,30.7709,0,0,0,0,14-3-31 15:0:55,1
49BXF443UI,106.196,30.7705,0,0,0,0,14-3-31 15:2:56,1
49BXF443UI,106.169,30.7703,0,0,0,0,14-3-31 15:4:57,1
49BXF443UI,106.131,30.7668,0,0,0,0,14-3-31 15:6:58,1
49BXF443UI,106.131,30.7668,0,0,0,0,14-3-31 15:9:0,0
49BXF443UI,106.131,30.7668,0,0,0,0,14-3-31 15:11:0,0
49BXF443UI,106.056,30.7665,0,0,0,0,14-3-31 15:13:1,1
49BXF443UI,106.031,30.7633,0,0,0,0,14-3-31 15:15:2,1
49BXF443UI,106.003,30.747,0,0,0,0,14-3-31 15:17:4,1
49BXF443UI,105.981,30.7373,0,0,0,0,14-3-31 15:19:4,1
49BXF443UI,105.967,30.7332,0,0,0,0,14-3-31 15:21:5,1
49BXF443UI,105.967,30.7332,0,0,0,0,14-3-31 15:23:6,0
49BXF443UI,105.967,30.7332,0,0,0,0,14-3-31 15:25:7,0
49BXF443UI,105.967,30.7332,0,0,0,0,14-3-31 15:27:9,0
49BXF443UI,105.853,30.7206,0,0,0,0,14-3-31 15:29:11,1
49BXF443UI,105.853,30.7206,0,0,0,0,14-3-31 15:31:12,0
49BXF443UI,105.834,30.7155,0,0,0,0,14-3-31 15:33:13,1
49BXF443UI,105.834,30.7155,0,0,0,0,14-3-31 15:35:14,0
49BXF443UI,105.834,30.7155,0,0,0,0,14-3-31 15:37:15,0
49BXF443UI,105.834,30.7155,0,0,0,0,14-3-31 15:39:16,0
49BXF443UI,105.834,30.7155,0,0,0,0,14-3-31 15:41:17,0
49BXF443UI,105.834,30.7155,0,0,0,0,14-3-31 15:43:18,0
49BXF443UI,105.688,30.6848,0,0,0,0,14-3-31 15:45:19,1
49BXF443UI,105.688,30.6848,0,0,0,0,14-3-31 15:47:20,0
49BXF443UI,105.688,30.6848,0,0,0,0,14-3-31 15:49:21,0
49BXF443UI,105.688,30.6848,0,0,0,0,14-3-31 15:51:23,0
49BXF443UI,105.688,30.6848,0,0,0,0,14-3-31 15:53:23,0
49BXF443UI,105.688,30.6848,0,0,0,0,14-3-31 15:55:24,0
49BXF443UI,105.688,30.6848,0,0,0,0,14-3-31 15:57:25,0
49BXF443UI,105.513,30.6286,0,0,0,0,14-3-31 15:59:26,1
49BXF443UI,105.497,30.6248,0,0,0,0,14-3-31 16:1:27,1
49BXF443UI,105.497,30.6248,0,0,0,0,14-3-31 16:3:29,0
49BXF443UI,105.497,30.6248,0,0,0,0,14-3-31 16:5:29,0
49BXF443UI,105.497,30.6248,0,0,0,0,14-3-31 16:7:30,0
49BXF443UI,105.401,30.6026,0,0,0,0,14-3-31 16:9:31,1
49BXF443UI,105.388,30.6088,0,0,0,0,14-3-31 16:11:32,1
49BXF443UI,105.368,30.6159,0,0,0,0,14-3-31 16:13:33,1
49BXF443UI,105.333,30.6131,0,0,0,0,14-3-31 16:15:34,1
49BXF443UI,105.315,30.6126,0,0,0,0,14-3-31 16:17:36,1
49BXF443UI,105.315,30.6126,0,0,0,0,14-3-31 16:19:36,1
49BXF443UI,105.332,30.6132,0,0,0,0,14-3-31 16:21:37,1
49BXF443UI,105.332,30.6132,0,0,0,0,14-3-31 16:23:38,1
49BXF443UI,105.332,30.6132,0,0,0,0,14-3-31 16:25:39,1
49BXF443UI,105.332,30.6132,0,0,0,0,14-3-31 16:29:44,1
49BXF443UI,105.314,30.6173,0,0,0,0,14-3-31 16:31:44,1
49BXF443UI,105.315,30.6126,0,0,0,0,14-3-31 16:33:45,1
49BXF443UI,105.315,30.6126,0,0,0,0,14-3-31 16:35:46,1
49BXF443UI,105.315,30.6126,0,0,0,0,14-3-31 16:37:47,1
49BXF443UI,105.315,30.6126,0,0,0,0,14-3-31 16:39:50,1
49BXF443UI,105.315,30.6126,0,0,0,0,14-3-31 16:41:49,1
49BXF443UI,105.315,30.6126,0,0,0,0,14-3-31 16:43:51,1
49BXF443UI,105.315,30.6126,0,0,0,0,14-3-31 16:45:51,1
49BXF443UI,105.315,30.6126,0,0,0,0,14-3-31 16:47:52,1
49BXF443UI,105.314,30.6122,0,0,0,0,14-3-31 16:49:53,1
49BXF443UI,105.314,30.6122,0,0,0,0,14-3-31 16:51:54,1
49BXF443UI,105.314,30.6122,0,0,0,0,14-3-31 16:53:55,1
49BXF443UI,105.314,30.6122,0,0,0,0,14-3-31 16:55:56,1
49BXF443UI,105.315,30.6126,0,0,0,0,14-3-31 16:57:57,1
49BXF443UI,105.301,30.6102,0,0,0,0,14-3-31 16:59:58,1
49BXF443UI,105.301,30.6102,0,0,0,0,14-3-31 17:1:59,1
49BXF443UI,105.301,30.6102,0,0,0,0,14-3-31 17:4:0,1
49BXF443UI,105.301,30.6102,0,0,0,0,14-3-31 17:6:2,1
49BXF443UI,105.301,30.6102,0,0,0,0,14-3-31 17:8:2,1
49BXF443UI,105.301,30.6102,0,0,0,0,14-3-31 17:10:3,1
49BXF443UI,105.301,30.6102,0,0,0,0,14-3-31 17:12:4,1
49BXF443UI,105.301,30.6102,0,0,0,0,14-3-31 17:14:5,1
49BXF443UI,105.301,30.6102,0,0,0,0,14-3-31 17:16:6,1
49BXF443UI,105.294,30.6084,0,0,0,0,14-3-31 17:18:7,1
49BXF443UI,105.294,30.6084,0,0,0,0,14-3-31 17:20:8,1
49BXF443UI,105.301,30.6102,0,0,0,0,14-3-31 17:22:9,1
49BXF443UI,105.277,30.6067,0,0,0,0,14-3-31 17:24:10,1
49BXF443UI,105.268,30.6057,0,0,0,0,14-3-31 17:26:11,1
49BXF443UI,105.243,30.6056,0,0,0,0,14-3-31 17:28:13,1
49BXF443UI,105.229,30.6095,0,0,0,0,14-3-31 17:30:15,1
49BXF443UI,105.205,30.6174,0,0,0,0,14-3-31 17:32:16,1
49BXF443UI,105.195,30.6195,0,0,0,0,14-3-31 17:34:17,1
49BXF443UI,105.153,30.6267,0,0,0,0,14-3-31 17:36:18,1
49BXF443UI,105.124,30.6293,0,0,0,0,14-3-31 17:38:19,1
49BXF443UI,105.106,30.6268,0,0,0,0,14-3-31 17:40:20,1
49BXF443UI,105.072,30.6212,0,0,0,0,14-3-31 17:42:21,1
49BXF443UI,105.043,30.6181,0,0,0,0,14-3-31 17:44:22,1
49BXF443UI,105.005,30.6123,0,0,0,0,14-3-31 17:46:23,1
49BXF443UI,104.973,30.618,0,0,0,0,14-3-31 17:48:24,1
49BXF443UI,104.96,30.6205,0,0,0,0,14-3-31 17:50:26,1
49BXF443UI,104.939,30.6265,0,0,0,0,14-3-31 17:52:26,1
49BXF443UI,104.912,30.636,0,0,0,0,14-3-31 17:54:27,1
49BXF443UI,104.879,30.6452,0,0,0,0,14-3-31 17:56:28,1
49BXF443UI,104.872,30.6466,0,0,0,0,14-3-31 17:58:30,1
49BXF443UI,104.84,30.6448,0,0,0,0,14-3-31 18:0:30,1
49BXF443UI,104.829,30.6429,0,0,0,0,14-3-31 18:2:31,1
49BXF443UI,104.796,30.6464,0,0,0,0,14-3-31 18:4:32,1
49BXF443UI,104.76,30.6528,0,0,0,0,14-3-31 18:6:33,1
49BXF443UI,104.739,30.6523,0,0,0,0,14-3-31 18:8:34,1
49BXF443UI,104.739,30.6523,0,0,0,0,14-3-31 18:10:35,0
49BXF443UI,104.69,30.6665,0,0,0,0,14-3-31 18:12:36,1
49BXF443UI,104.659,30.6741,0,0,0,0,14-3-31 18:14:37,1
49BXF443UI,104.635,30.6812,0,0,0,0,14-3-31 18:16:38,1
49BXF443UI,104.635,30.6812,0,0,0,0,14-3-31 18:18:39,0
49BXF443UI,104.635,30.6812,0,0,0,0,14-3-31 18:20:40,0
49BXF443UI,104.544,30.6942,0,0,0,0,14-3-31 18:22:41,1
49BXF443UI,104.536,30.6897,0,0,0,0,14-3-31 18:24:42,1
49BXF443UI,104.536,30.6897,0,0,0,0,14-3-31 18:26:43,1
49BXF443UI,104.502,30.6883,0,0,0,0,14-3-31 18:28:44,1
49BXF443UI,104.502,30.6883,0,0,0,0,14-3-31 18:30:48,1
49BXF443UI,104.472,30.6957,0,0,0,0,14-3-31 18:32:49,1
49BXF443UI,104.461,30.7058,0,0,0,0,14-3-31 18:34:50,1
49BXF443UI,104.438,30.7197,0,0,0,0,14-3-31 18:36:52,1
49BXF443UI,104.426,30.7372,0,0,0,0,14-3-31 18:38:53,1
49BXF443UI,104.408,30.7409,0,0,0,0,14-3-31 18:40:54,1
49BXF443UI,104.379,30.747,0,0,0,0,14-3-31 18:42:55,1
49BXF443UI,104.352,30.7348,0,0,0,0,14-3-31 18:44:56,1
49BXF443UI,104.323,30.7163,0,0,0,0,14-3-31 18:46:56,1
49BXF443UI,104.3,30.7036,0,0,0,0,14-3-31 18:48:57,1
49BXF443UI,104.279,30.6928,0,0,0,0,14-3-31 18:50:58,1
49BXF443UI,104.252,30.6833,0,0,0,0,14-3-31 18:52:59,1
49BXF443UI,104.221,30.6747,0,0,0,0,14-3-31 18:55:0,1
49BXF443UI,104.204,30.6739,0,0,0,0,14-3-31 18:57:1,1
49BXF443UI,104.205,30.6541,0,0,0,0,14-3-31 18:59:2,1
49BXF443UI,104.205,30.6541,0,0,0,0,14-3-31 19:1:3,0
49BXF443UI,104.205,30.6541,0,0,0,0,14-3-31 19:3:4,0
49BXF443UI,104.205,30.6541,0,0,0,0,14-3-31 19:5:5,0
49BXF443UI,104.205,30.6541,0,0,0,0,14-3-31 19:7:6,0
49BXF443UI,104.205,30.6541,0,0,0,0,14-3-31 19:9:7,0
49BXF443UI,104.205,30.6541,0,0,0,0,14-3-31 19:11:8,0
49BXF443UI,104.052,30.5691,0,0,0,0,14-3-31 19:15:11,1
49BXF443UI,104,30.5397,0,0,0,0,14-3-31 19:23:14,1
49BXF443UI,103.986,30.5276,0,0,0,0,14-3-31 19:25:15,1
49BXF443UI,103.967,30.5017,0,0,0,0,14-3-31 19:27:16,1
49BXF443UI,103.967,30.5025,0,0,0,0,14-3-31 19:29:19,1
49BXF443UI,103.934,30.4489,0,0,0,0,14-3-31 19:33:22,1
49BXF443UI,103.925,30.4401,0,0,0,0,14-3-31 19:35:22,1
49BXF443UI,103.904,30.4134,0,0,0,0,14-3-31 19:37:23,1
49BXF443UI,103.904,30.4134,0,0,0,0,14-3-31 19:39:24,0
49BXF443UI,103.873,30.3836,0,0,0,0,14-3-31 19:41:25,1
49BXF443UI,103.851,30.3743,0,0,0,0,14-3-31 19:43:26,1
49BXF443UI,103.844,30.3633,0,0,0,0,14-3-31 19:45:27,1
49BXF443UI,103.837,30.3393,0,0,0,0,14-3-31 19:47:28,1
49BXF443UI,103.835,30.3178,0,0,0,0,14-3-31 19:49:29,1
49BXF443UI,103.835,30.3178,0,0,0,0,14-3-31 19:51:30,0
49BXF443UI,103.843,30.2873,0,0,0,0,14-3-31 19:53:31,1
49BXF443UI,103.842,30.2717,0,0,0,0,14-3-31 19:55:32,1
49BXF443UI,103.847,30.2257,0,0,0,0,14-3-31 19:57:33,1
49BXF443UI,103.849,30.2128,0,0,0,0,14-3-31 19:59:35,1
49BXF443UI,103.842,30.1746,0,0,0,0,14-3-31 20:1:35,1
49BXF443UI,103.843,30.1742,0,0,0,0,14-3-31 20:3:36,1
49BXF443UI,103.833,30.1463,0,0,0,0,14-3-31 20:5:37,1
49BXF443UI,103.816,30.1132,0,0,0,0,14-3-31 20:7:38,1
49BXF443UI,103.813,30.1066,0,0,0,0,14-3-31 20:9:39,1
49BXF443UI,103.799,30.0754,0,0,0,0,14-3-31 20:11:40,1
49BXF443UI,103.813,30.0676,0,0,0,0,14-3-31 20:13:41,1
49BXF443UI,103.814,30.0695,0,0,0,0,14-3-31 20:15:42,1
49BXF443UI,103.819,30.0758,0,0,0,0,14-3-31 20:17:43,1
49BXF443UI,103.819,30.0758,0,0,0,0,14-3-31 20:19:44,0
49BXF443UI,103.836,30.0818,0,0,0,0,14-3-31 20:21:45,1
49BXF443UI,103.836,30.0818,0,0,0,0,14-3-31 20:23:46,0
49BXF443UI,103.836,30.0818,0,0,0,0,14-3-31 20:25:47,0
49BXF443UI,103.836,30.0818,0,0,0,0,14-3-31 20:27:49,0
49BXF443UI,103.836,30.0818,0,0,0,0,14-3-31 20:29:52,0
49BXF443UI,103.836,30.0818,0,0,0,0,14-3-31 20:31:53,0
49BXF443UI,103.836,30.0818,0,0,0,0,14-3-31 20:33:54,0
49BXF443UI,103.836,30.0818,0,0,0,0,14-3-31 20:35:55,0
49BXF443UI,103.836,30.0818,0,0,0,0,14-3-31 20:37:56,0
49BXF443UI,103.836,30.0818,0,0,0,0,14-3-31 20:39:57,0
49BXF443UI,103.836,30.0818,0,0,0,0,14-3-31 20:41:58,0
49BXF443UI,103.836,30.0818,0,0,0,0,14-3-31 20:43:59,0
49BXF443UI,103.836,30.0818,0,0,0,0,14-3-31 20:44:14,0
49BXF443UI,103.836,30.0818,0,0,0,0,14-3-31 20:44:23,0
49BXF443UI,103.836,30.0818,0,0,0,0,14-3-31 20:44:32,0
