4LPGXUB7SI,113.15,23.2433,24969,0,0,0,14-3-29 22:57:31,1
4LPGXUB7SI,113.153,23.2443,24969,0,0,0,14-3-29 22:58:2,1
4LPGXUB7SI,113.153,23.2443,24969,0,0,0,14-3-29 23:0:3,1
4LPGXUB7SI,113.153,23.2443,24969,0,0,0,14-3-29 23:2:5,1
4LPGXUB7SI,113.153,23.2443,24969,0,0,0,14-3-29 23:4:6,1
4LPGXUB7SI,113.153,23.2443,24969,0,0,0,14-3-29 23:6:7,1
4LPGXUB7SI,113.153,23.2443,24969,0,0,0,14-3-29 23:8:9,1
4LPGXUB7SI,113.153,23.2443,24969,0,0,0,14-3-29 23:10:10,1
4LPGXUB7SI,113.153,23.2443,24969,0,0,0,14-3-29 23:12:12,1
4LPGXUB7SI,113.153,23.2443,24969,0,0,0,14-3-29 23:14:13,1
4LPGXUB7SI,113.153,23.2443,24969,0,0,0,14-3-29 23:16:15,1
4LPGXUB7SI,113.153,23.2443,24969,0,0,0,14-3-29 23:18:16,1
4LPGXUB7SI,113.153,23.2443,24969,0,0,0,14-3-29 23:20:18,1
4LPGXUB7SI,113.153,23.2443,24969,0,0,0,14-3-29 23:24:22,1
4LPGXUB7SI,113.153,23.2443,24969,0,0,0,14-3-29 23:26:22,1
4LPGXUB7SI,113.153,23.2443,24969,0,0,0,14-3-29 23:28:23,1
4LPGXUB7SI,113.153,23.2443,24969,0,0,0,14-3-29 23:30:25,1
4LPGXUB7SI,113.153,23.2443,24969,0,0,0,14-3-29 23:32:26,1
4LPGXUB7SI,113.153,23.2443,24969,0,0,0,14-3-29 23:34:28,1
4LPGXUB7SI,113.153,23.2443,24969,0,0,0,14-3-29 23:36:29,1
4LPGXUB7SI,113.153,23.2443,24969,0,0,0,14-3-29 23:38:31,1
4LPGXUB7SI,113.153,23.2443,24969,0,0,0,14-3-29 23:40:32,1
4LPGXUB7SI,113.153,23.2443,24969,0,0,0,14-3-29 23:42:34,1
4LPGXUB7SI,113.153,23.2443,24969,0,0,0,14-3-29 23:44:35,1
4LPGXUB7SI,113.153,23.2443,24969,0,0,0,14-3-29 23:46:36,1
4LPGXUB7SI,113.153,23.2443,24969,0,0,0,14-3-29 23:48:38,1
4LPGXUB7SI,113.153,23.2443,24969,0,0,0,14-3-29 23:50:39,1
4LPGXUB7SI,113.153,23.2443,24969,0,0,0,14-3-29 23:52:41,1
4LPGXUB7SI,113.153,23.2443,24969,0,0,0,14-3-29 23:54:42,1
4LPGXUB7SI,113.153,23.2443,24969,0,0,0,14-3-29 23:56:44,1
4LPGXUB7SI,113.153,23.2443,24969,0,0,0,14-3-29 23:58:45,1
4LPGXUB7SI,113.15,23.2433,24969,0,4,0,14-3-29 23:59:42,1
4LPGXUB7SI,113.151,23.2403,24969,0,4,0,14-3-29 23:59:53,1
4LPGXUB7SI,113.151,23.2403,24969,0,0,0,14-3-30 0:0:6,1
4LPGXUB7SI,113.153,23.2444,24969,0,0,0,14-3-30 0:2:6,1
4LPGXUB7SI,113.153,23.2444,24969,0,0,0,14-3-30 0:4:7,1
4LPGXUB7SI,113.153,23.2444,24969,0,0,0,14-3-30 0:6:9,1
4LPGXUB7SI,113.153,23.2444,24969,0,0,0,14-3-30 0:8:10,1
4LPGXUB7SI,113.154,23.2442,24970,12,70,0,14-3-30 0:10:12,1
4LPGXUB7SI,113.155,23.2426,24971,0,110,0,14-3-30 0:12:13,1
4LPGXUB7SI,113.154,23.2419,24972,0,105,0,14-3-30 0:14:14,1
4LPGXUB7SI,113.154,23.2416,24972,0,100,0,14-3-30 0:16:16,1
4LPGXUB7SI,113.155,23.2396,24975,5,140,0,14-3-30 0:18:17,1
4LPGXUB7SI,113.145,23.2497,24991,60,165,0,14-3-30 0:20:19,1
4LPGXUB7SI,113.136,23.27,25015,79,170,0,14-3-30 0:22:20,1
4LPGXUB7SI,113.13,23.2907,25039,73,170,0,14-3-30 0:24:22,1
4LPGXUB7SI,113.128,23.3017,25051,27,5,0,14-3-30 0:26:23,1
4LPGXUB7SI,113.13,23.3064,25056,0,170,0,14-3-30 0:28:25,1
4LPGXUB7SI,113.14,23.3084,25067,64,45,0,14-3-30 0:30:26,1
4LPGXUB7SI,113.161,23.3099,25089,64,40,0,14-3-30 0:32:27,1
4LPGXUB7SI,113.184,23.3103,25112,62,45,0,14-3-30 0:34:29,1
4LPGXUB7SI,113.206,23.3113,25135,66,35,0,14-3-30 0:36:30,1
4LPGXUB7SI,113.228,23.3175,25158,68,35,0,14-3-30 0:38:31,1
4LPGXUB7SI,113.25,23.3136,25181,69,55,0,14-3-30 0:40:33,1
4LPGXUB7SI,113.271,23.3053,25203,57,50,0,14-3-30 0:42:34,1
4LPGXUB7SI,113.295,23.3032,25227,69,50,0,14-3-30 0:44:36,1
4LPGXUB7SI,113.316,23.2946,25250,64,45,0,14-3-30 0:46:37,1
4LPGXUB7SI,113.329,23.2915,25264,7,65,0,14-3-30 0:48:39,1
4LPGXUB7SI,113.331,23.2895,25267,33,60,0,14-3-30 0:50:40,1
4LPGXUB7SI,113.338,23.2978,25279,0,15,0,14-3-30 0:52:42,1
4LPGXUB7SI,113.339,23.2983,25280,12,125,0,14-3-30 0:54:43,1
4LPGXUB7SI,113.336,23.2959,25285,9,130,0,14-3-30 0:56:45,1
4LPGXUB7SI,113.336,23.2958,25285,0,120,0,14-3-30 0:58:46,1
4LPGXUB7SI,113.336,23.2958,25285,0,120,0,14-3-30 1:0:47,1
4LPGXUB7SI,113.338,23.2961,25285,0,0,0,14-3-30 1:3:8,1
4LPGXUB7SI,113.338,23.2961,25285,0,0,0,14-3-30 1:3:19,1
4LPGXUB7SI,113.338,23.2961,25285,0,0,0,14-3-30 1:3:31,1
4LPGXUB7SI,113.333,23.2924,25285,0,0,0,14-3-30 1:5:32,1
4LPGXUB7SI,113.33,23.2913,25288,0,50,0,14-3-30 1:7:33,1
4LPGXUB7SI,113.328,23.2931,25291,31,10,0,14-3-30 1:9:34,1
4LPGXUB7SI,113.345,23.2919,25308,55,50,0,14-3-30 1:11:36,1
4LPGXUB7SI,113.36,23.2801,25327,31,60,0,14-3-30 1:13:37,1
4LPGXUB7SI,113.41,23.263,25335,0,4,0,14-3-30 1:19:55,1
4LPGXUB7SI,113.41,23.263,25335,0,4,0,14-3-30 1:20:6,1
4LPGXUB7SI,113.411,23.2631,25335,0,4,0,14-3-30 1:20:16,1
4LPGXUB7SI,113.442,23.2434,25335,0,4,0,14-3-30 1:23:3,1
4LPGXUB7SI,113.442,23.2434,25335,0,4,0,14-3-30 1:23:14,1
4LPGXUB7SI,113.442,23.2434,25335,0,4,0,14-3-30 1:23:25,1
4LPGXUB7SI,113.452,23.235,25335,0,0,0,14-3-30 1:25:27,1
4LPGXUB7SI,113.479,23.2176,25346,29,50,0,14-3-30 1:27:29,1
4LPGXUB7SI,113.479,23.2174,25347,0,50,0,14-3-30 1:29:31,1
4LPGXUB7SI,113.478,23.2118,25356,44,120,0,14-3-30 1:31:32,1
4LPGXUB7SI,113.423,23.187,25335,0,4,0,14-3-30 1:34:0,1
4LPGXUB7SI,113.423,23.187,25335,0,0,0,14-3-30 1:34:11,1
4LPGXUB7SI,113.423,23.187,25335,0,0,0,14-3-30 1:34:24,1
4LPGXUB7SI,113.48,23.2176,25347,11,140,0,14-3-30 1:36:25,1
4LPGXUB7SI,113.478,23.2161,25335,0,4,0,14-3-30 1:37:11,1
4LPGXUB7SI,113.478,23.2161,25335,0,0,0,14-3-30 1:37:21,1
4LPGXUB7SI,113.478,23.2161,25335,0,0,0,14-3-30 1:38:12,1
4LPGXUB7SI,113.478,23.2161,25335,0,0,0,14-3-30 1:38:23,1
4LPGXUB7SI,113.478,23.2161,25335,0,0,0,14-3-30 1:38:35,1
4LPGXUB7SI,113.459,23.2272,25335,0,0,0,14-3-30 1:40:36,1
4LPGXUB7SI,113.444,23.2413,25357,53,155,0,14-3-30 1:42:37,1
4LPGXUB7SI,113.429,23.2518,25379,57,145,0,14-3-30 1:44:38,1
4LPGXUB7SI,113.41,23.263,25401,62,150,0,14-3-30 1:46:40,1
4LPGXUB7SI,113.394,23.2719,25422,80,130,0,14-3-30 1:48:41,1
4LPGXUB7SI,113.374,23.2778,25443,51,125,0,14-3-30 1:50:42,1
4LPGXUB7SI,113.363,23.2843,25460,64,0,0,14-3-30 1:52:44,1
4LPGXUB7SI,113.37,23.3049,25484,73,15,0,14-3-30 1:54:47,1
4LPGXUB7SI,113.381,23.3264,25510,75,15,0,14-3-30 1:56:47,1
4LPGXUB7SI,113.397,23.344,25535,71,20,0,14-3-30 1:58:48,1
4LPGXUB7SI,113.404,23.3503,25544,0,25,0,14-3-30 2:0:50,1
4LPGXUB7SI,113.405,23.3506,25544,0,25,0,14-3-30 2:2:51,1
4LPGXUB7SI,113.405,23.3509,25544,0,15,0,14-3-30 2:4:53,1
4LPGXUB7SI,113.405,23.3509,25544,0,15,0,14-3-30 2:6:54,1
4LPGXUB7SI,113.408,23.3547,25549,49,20,0,14-3-30 2:8:55,1
4LPGXUB7SI,113.417,23.3754,25573,80,0,0,14-3-30 2:10:57,1
4LPGXUB7SI,113.417,23.3987,25599,71,0,0,14-3-30 2:12:58,1
4LPGXUB7SI,113.418,23.4219,25624,73,5,0,14-3-30 2:15:0,1
4LPGXUB7SI,113.423,23.4435,25649,73,175,0,14-3-30 2:17:1,1
4LPGXUB7SI,113.429,23.4617,25670,58,5,0,14-3-30 2:19:3,1
4LPGXUB7SI,113.446,23.4776,25693,66,15,0,14-3-30 2:21:4,1
4LPGXUB7SI,113.448,23.4984,25717,82,5,0,14-3-30 2:23:5,1
4LPGXUB7SI,113.46,23.5199,25743,66,15,0,14-3-30 2:25:8,1
4LPGXUB7SI,113.466,23.5403,25767,66,170,0,14-3-30 2:27:9,1
4LPGXUB7SI,113.464,23.5615,25790,75,0,0,14-3-30 2:29:11,1
4LPGXUB7SI,113.465,23.5837,25814,77,0,0,14-3-30 2:31:12,1
4LPGXUB7SI,113.459,23.6064,25840,73,170,0,14-3-30 2:33:13,1
4LPGXUB7SI,113.458,23.6141,25847,0,0,0,14-3-30 2:35:15,1
4LPGXUB7SI,113.458,23.6155,25848,5,0,0,14-3-30 2:37:16,1
4LPGXUB7SI,113.458,23.6156,25848,0,175,0,14-3-30 2:39:18,1
4LPGXUB7SI,113.458,23.6156,25848,0,175,0,14-3-30 2:41:19,1
4LPGXUB7SI,113.458,23.6165,25848,0,170,0,14-3-30 2:43:21,1
4LPGXUB7SI,113.457,23.6201,25852,42,175,0,14-3-30 2:45:22,1
4LPGXUB7SI,113.454,23.6402,25874,75,175,0,14-3-30 2:47:24,1
4LPGXUB7SI,113.453,23.664,25900,79,175,0,14-3-30 2:49:25,1
4LPGXUB7SI,113.45,23.6886,25927,80,170,0,14-3-30 2:51:26,1
4LPGXUB7SI,113.453,23.709,25949,51,10,0,14-3-30 2:53:28,1
4LPGXUB7SI,113.464,23.7282,25973,80,5,0,14-3-30 2:55:29,1
4LPGXUB7SI,113.484,23.7413,26001,82,35,0,14-3-30 2:57:32,1
4LPGXUB7SI,113.497,23.7599,26026,62,15,0,14-3-30 2:59:33,1
4LPGXUB7SI,113.51,23.7738,26047,73,5,0,14-3-30 3:1:35,1
4LPGXUB7SI,113.518,23.7953,26071,77,10,0,14-3-30 3:3:36,1
4LPGXUB7SI,113.51,23.8155,26096,66,165,0,14-3-30 3:5:38,1
4LPGXUB7SI,113.51,23.8155,26106,0,0,0,14-3-30 3:7:32,0
4LPGXUB7SI,113.511,23.8402,26124,0,5,0,14-3-30 3:9:40,1
4LPGXUB7SI,113.511,23.8402,26124,0,5,0,14-3-30 3:11:42,1
4LPGXUB7SI,113.512,23.8413,26124,0,20,0,14-3-30 3:13:43,1
4LPGXUB7SI,113.512,23.8422,26125,5,15,0,14-3-30 3:15:45,1
4LPGXUB7SI,113.512,23.8424,26125,0,15,0,14-3-30 3:17:46,1
4LPGXUB7SI,113.512,23.8424,26125,0,15,0,14-3-30 3:19:48,1
4LPGXUB7SI,113.512,23.8424,26125,0,15,0,14-3-30 3:21:50,1
4LPGXUB7SI,113.512,23.8424,26125,0,15,0,14-3-30 3:23:51,1
4LPGXUB7SI,113.512,23.8424,26125,0,15,0,14-3-30 3:25:52,1
4LPGXUB7SI,113.512,23.8424,26125,0,15,0,14-3-30 3:27:53,1
4LPGXUB7SI,113.512,23.8424,26125,0,15,0,14-3-30 3:29:55,1
4LPGXUB7SI,113.512,23.8424,26125,0,15,0,14-3-30 3:31:56,1
4LPGXUB7SI,113.512,23.8424,26125,0,15,0,14-3-30 3:33:58,1
4LPGXUB7SI,113.512,23.8424,26125,0,15,0,14-3-30 3:35:59,1
4LPGXUB7SI,113.512,23.8424,26125,0,15,0,14-3-30 3:38:1,1
4LPGXUB7SI,113.512,23.8424,26125,0,15,0,14-3-30 3:40:2,1
4LPGXUB7SI,113.512,23.8424,26125,0,15,0,14-3-30 3:42:3,1
4LPGXUB7SI,113.512,23.8424,26125,0,15,0,14-3-30 3:44:5,1
4LPGXUB7SI,113.512,23.8424,26125,0,15,0,14-3-30 3:46:6,1
4LPGXUB7SI,113.512,23.8424,26125,0,15,0,14-3-30 3:48:8,1
4LPGXUB7SI,113.512,23.8424,26125,0,15,0,14-3-30 3:50:9,1
4LPGXUB7SI,113.512,23.8424,26125,0,15,0,14-3-30 3:52:11,1
4LPGXUB7SI,113.512,23.8424,26125,0,15,0,14-3-30 3:54:12,1
4LPGXUB7SI,113.512,23.8424,26125,0,15,0,14-3-30 3:56:14,1
4LPGXUB7SI,113.512,23.8424,26125,0,15,0,14-3-30 3:58:15,1
4LPGXUB7SI,113.512,23.8424,26125,0,15,0,14-3-30 4:0:16,1
4LPGXUB7SI,113.512,23.8424,26125,0,15,0,14-3-30 4:2:18,1
4LPGXUB7SI,113.512,23.8424,26125,0,15,0,14-3-30 4:4:19,1
4LPGXUB7SI,113.512,23.8424,26125,0,15,0,14-3-30 4:6:21,1
4LPGXUB7SI,113.512,23.8424,26125,0,15,0,14-3-30 4:8:22,1
4LPGXUB7SI,113.512,23.8424,26125,0,15,0,14-3-30 4:10:24,1
4LPGXUB7SI,113.512,23.8424,26125,0,15,0,14-3-30 4:12:25,1
4LPGXUB7SI,113.512,23.8424,26125,0,15,0,14-3-30 4:14:26,1
4LPGXUB7SI,113.512,23.8424,26125,0,15,0,14-3-30 4:16:28,1
4LPGXUB7SI,113.512,23.8424,26125,0,15,0,14-3-30 4:18:29,1
4LPGXUB7SI,113.512,23.8424,26125,0,15,0,14-3-30 4:20:31,1
4LPGXUB7SI,113.512,23.8424,26125,0,15,0,14-3-30 4:22:32,1
4LPGXUB7SI,113.512,23.8424,26125,0,15,0,14-3-30 4:24:34,1
4LPGXUB7SI,113.512,23.8424,26125,0,15,0,14-3-30 4:26:35,1
4LPGXUB7SI,113.512,23.8424,26125,0,15,0,14-3-30 4:28:36,1
4LPGXUB7SI,113.512,23.8424,26125,0,15,0,14-3-30 4:30:38,1
4LPGXUB7SI,113.512,23.8424,26125,0,15,0,14-3-30 4:32:39,1
4LPGXUB7SI,113.512,23.8424,26125,0,15,0,14-3-30 4:34:41,1
4LPGXUB7SI,113.512,23.8424,26125,0,15,0,14-3-30 4:36:42,1
4LPGXUB7SI,113.512,23.8424,26125,0,15,0,14-3-30 4:38:44,1
4LPGXUB7SI,113.512,23.8424,26125,0,15,0,14-3-30 4:40:45,1
4LPGXUB7SI,113.512,23.8424,26125,0,15,0,14-3-30 4:42:47,1
4LPGXUB7SI,113.512,23.8424,26125,0,15,0,14-3-30 4:44:48,1
4LPGXUB7SI,113.512,23.8424,26125,0,15,0,14-3-30 4:46:49,1
4LPGXUB7SI,113.512,23.8424,26125,0,15,0,14-3-30 4:48:51,1
4LPGXUB7SI,113.512,23.8424,26125,0,15,0,14-3-30 4:50:52,1
4LPGXUB7SI,113.512,23.8424,26125,0,15,0,14-3-30 4:52:54,1
4LPGXUB7SI,113.512,23.8424,26125,0,15,0,14-3-30 4:54:55,1
4LPGXUB7SI,113.512,23.8424,26125,0,15,0,14-3-30 4:56:57,1
4LPGXUB7SI,113.512,23.8424,26125,0,15,0,14-3-30 4:58:58,1
4LPGXUB7SI,113.512,23.8424,26125,0,15,0,14-3-30 5:0:59,1
4LPGXUB7SI,113.512,23.8424,26125,0,15,0,14-3-30 5:3:1,1
4LPGXUB7SI,113.512,23.8424,26125,0,15,0,14-3-30 5:5:2,1
4LPGXUB7SI,113.512,23.8424,26125,0,15,0,14-3-30 5:7:4,1
4LPGXUB7SI,113.512,23.8424,26125,0,15,0,14-3-30 5:9:5,1
4LPGXUB7SI,113.512,23.8424,26125,0,15,0,14-3-30 5:11:7,1
4LPGXUB7SI,113.512,23.8424,26125,0,15,0,14-3-30 5:13:8,1
4LPGXUB7SI,113.512,23.8424,26125,0,15,0,14-3-30 5:15:10,1
4LPGXUB7SI,113.512,23.8424,26125,0,15,0,14-3-30 5:17:11,1
4LPGXUB7SI,113.512,23.8424,26125,0,15,0,14-3-30 5:19:12,1
4LPGXUB7SI,113.512,23.8424,26125,0,15,0,14-3-30 5:21:14,1
4LPGXUB7SI,113.512,23.8424,26125,0,15,0,14-3-30 5:23:15,1
4LPGXUB7SI,113.512,23.8424,26125,0,15,0,14-3-30 5:25:17,1
4LPGXUB7SI,113.512,23.8424,26125,0,15,0,14-3-30 5:27:18,1
4LPGXUB7SI,113.512,23.8424,26125,0,15,0,14-3-30 5:29:20,1
4LPGXUB7SI,113.512,23.8424,26125,0,15,0,14-3-30 5:31:21,1
4LPGXUB7SI,113.512,23.8424,26125,0,15,0,14-3-30 5:33:23,1
4LPGXUB7SI,113.512,23.8424,26125,0,15,0,14-3-30 5:35:24,1
4LPGXUB7SI,113.512,23.8424,26125,0,15,0,14-3-30 5:37:26,1
4LPGXUB7SI,113.512,23.8424,26125,0,15,0,14-3-30 5:39:27,1
4LPGXUB7SI,113.512,23.8424,26125,0,15,0,14-3-30 5:41:28,1
4LPGXUB7SI,113.512,23.8424,26125,0,15,0,14-3-30 5:43:30,1
4LPGXUB7SI,113.512,23.8424,26125,0,15,0,14-3-30 5:45:31,1
4LPGXUB7SI,113.512,23.8424,26125,0,15,0,14-3-30 5:47:33,1
4LPGXUB7SI,113.512,23.8424,26125,0,15,0,14-3-30 5:49:34,1
4LPGXUB7SI,113.512,23.8424,26125,0,15,0,14-3-30 5:51:36,1
4LPGXUB7SI,113.512,23.8424,26125,0,15,0,14-3-30 5:53:37,1
4LPGXUB7SI,113.512,23.8424,26125,0,15,0,14-3-30 5:55:39,1
4LPGXUB7SI,113.512,23.8424,26125,0,15,0,14-3-30 5:57:40,1
4LPGXUB7SI,113.512,23.8424,26125,0,15,0,14-3-30 5:59:42,1
4LPGXUB7SI,113.512,23.8424,26125,0,15,0,14-3-30 6:1:43,1
4LPGXUB7SI,113.512,23.8424,26125,0,15,0,14-3-30 6:3:45,1
4LPGXUB7SI,113.512,23.8424,26125,0,15,0,14-3-30 6:5:46,1
4LPGXUB7SI,113.512,23.8424,26125,0,15,0,14-3-30 6:7:47,1
4LPGXUB7SI,113.512,23.8424,26125,0,15,0,14-3-30 6:9:49,1
4LPGXUB7SI,113.512,23.8424,26125,0,15,0,14-3-30 6:11:50,1
4LPGXUB7SI,113.512,23.8424,26125,0,15,0,14-3-30 6:13:52,1
4LPGXUB7SI,113.512,23.8424,26125,0,15,0,14-3-30 6:15:53,1
4LPGXUB7SI,113.512,23.8424,26125,0,15,0,14-3-30 6:17:55,1
4LPGXUB7SI,113.512,23.8424,26125,0,15,0,14-3-30 6:19:56,1
4LPGXUB7SI,113.512,23.8424,26125,0,15,0,14-3-30 6:21:58,1
4LPGXUB7SI,113.512,23.8424,26125,0,15,0,14-3-30 6:23:59,1
4LPGXUB7SI,113.512,23.8424,26125,0,15,0,14-3-30 6:26:1,1
4LPGXUB7SI,113.512,23.8424,26125,0,15,0,14-3-30 6:28:2,1
4LPGXUB7SI,113.512,23.8424,26125,0,15,0,14-3-30 6:30:3,1
4LPGXUB7SI,113.512,23.8424,26125,0,15,0,14-3-30 6:32:5,1
4LPGXUB7SI,113.512,23.8424,26125,0,15,0,14-3-30 6:34:6,1
4LPGXUB7SI,113.512,23.8424,26125,0,15,0,14-3-30 6:36:8,1
4LPGXUB7SI,113.512,23.8424,26125,0,15,0,14-3-30 6:38:9,1
4LPGXUB7SI,113.512,23.8424,26125,0,15,0,14-3-30 6:40:14,1
4LPGXUB7SI,113.512,23.8424,26125,0,15,0,14-3-30 6:42:15,1
4LPGXUB7SI,113.512,23.8424,26125,0,15,0,14-3-30 6:44:17,1
4LPGXUB7SI,113.512,23.8424,26125,0,15,0,14-3-30 6:46:18,1
4LPGXUB7SI,113.512,23.8424,26125,0,15,0,14-3-30 6:48:20,1
4LPGXUB7SI,113.512,23.8424,26125,0,15,0,14-3-30 6:50:21,1
4LPGXUB7SI,113.512,23.8424,26125,0,15,0,14-3-30 6:52:22,1
4LPGXUB7SI,113.512,23.8424,26125,0,15,0,14-3-30 6:54:24,1
4LPGXUB7SI,113.512,23.8424,26125,0,15,0,14-3-30 6:56:25,1
4LPGXUB7SI,113.512,23.8424,26125,0,15,0,14-3-30 6:58:27,1
4LPGXUB7SI,113.512,23.8424,26125,0,15,0,14-3-30 7:0:28,1
4LPGXUB7SI,113.512,23.8424,26125,0,15,0,14-3-30 7:2:30,1
4LPGXUB7SI,113.512,23.8424,26125,0,15,0,14-3-30 7:4:31,1
4LPGXUB7SI,113.512,23.8424,26125,0,15,0,14-3-30 7:6:32,1
4LPGXUB7SI,113.512,23.8424,26125,0,15,0,14-3-30 7:8:34,1
4LPGXUB7SI,113.512,23.8424,26125,0,15,0,14-3-30 7:10:36,1
4LPGXUB7SI,113.512,23.8424,26125,0,15,0,14-3-30 7:12:37,1
4LPGXUB7SI,113.512,23.8424,26125,0,15,0,14-3-30 7:14:38,1
4LPGXUB7SI,113.512,23.8424,26125,0,15,0,14-3-30 7:16:40,1
4LPGXUB7SI,113.512,23.8424,26125,0,15,0,14-3-30 7:18:41,1
4LPGXUB7SI,113.512,23.8424,26125,0,15,0,14-3-30 7:20:43,1
4LPGXUB7SI,113.512,23.8424,26125,0,15,0,14-3-30 7:22:44,1
4LPGXUB7SI,113.512,23.8424,26125,0,15,0,14-3-30 7:24:46,1
4LPGXUB7SI,113.512,23.8424,26125,0,15,0,14-3-30 7:26:47,1
4LPGXUB7SI,113.512,23.8424,26125,0,15,0,14-3-30 7:28:49,1
4LPGXUB7SI,113.512,23.8424,26125,0,15,0,14-3-30 7:30:50,1
4LPGXUB7SI,113.512,23.8424,26125,0,15,0,14-3-30 7:32:51,1
4LPGXUB7SI,113.512,23.8424,26125,0,15,0,14-3-30 7:34:53,1
4LPGXUB7SI,113.512,23.8424,26125,0,15,0,14-3-30 7:36:54,1
4LPGXUB7SI,113.512,23.8424,26125,0,15,0,14-3-30 7:38:56,1
4LPGXUB7SI,113.512,23.8424,26125,0,15,0,14-3-30 7:40:57,1
4LPGXUB7SI,113.512,23.8424,26125,0,15,0,14-3-30 7:42:58,1
4LPGXUB7SI,113.512,23.8424,26125,0,15,0,14-3-30 7:45:0,1
4LPGXUB7SI,113.512,23.8424,26125,0,15,0,14-3-30 7:47:2,1
4LPGXUB7SI,113.512,23.8424,26125,0,15,0,14-3-30 7:49:3,1
4LPGXUB7SI,113.512,23.8424,26125,0,15,0,14-3-30 7:51:4,1
4LPGXUB7SI,113.512,23.8424,26125,0,15,0,14-3-30 7:53:6,1
4LPGXUB7SI,113.512,23.8424,26125,0,15,0,14-3-30 7:55:7,1
4LPGXUB7SI,113.512,23.8424,26125,0,15,0,14-3-30 7:57:9,1
4LPGXUB7SI,113.512,23.8424,26125,0,15,0,14-3-30 7:59:10,1
4LPGXUB7SI,113.512,23.8424,26125,0,15,0,14-3-30 8:1:12,1
4LPGXUB7SI,113.512,23.8424,26125,0,15,0,14-3-30 8:3:13,1
4LPGXUB7SI,113.512,23.8424,26125,0,15,0,14-3-30 8:5:15,1
4LPGXUB7SI,113.512,23.8424,26125,0,15,0,14-3-30 8:7:16,1
4LPGXUB7SI,113.512,23.8424,26125,0,15,0,14-3-30 8:9:17,1
4LPGXUB7SI,113.512,23.8424,26125,0,15,0,14-3-30 8:11:19,1
4LPGXUB7SI,113.512,23.8424,26125,0,15,0,14-3-30 8:13:22,1
4LPGXUB7SI,113.512,23.8424,26125,0,15,0,14-3-30 8:15:22,1
4LPGXUB7SI,113.512,23.8424,26125,0,15,0,14-3-30 8:17:23,1
4LPGXUB7SI,113.512,23.8424,26125,0,15,0,14-3-30 8:19:25,1
4LPGXUB7SI,113.512,23.8424,26125,0,15,0,14-3-30 8:21:26,1
4LPGXUB7SI,113.512,23.8424,26125,0,15,0,14-3-30 8:23:28,1
4LPGXUB7SI,113.512,23.8424,26125,0,15,0,14-3-30 8:25:29,1
4LPGXUB7SI,113.512,23.8424,26125,0,15,0,14-3-30 8:27:31,1
4LPGXUB7SI,113.512,23.8424,26125,0,15,0,14-3-30 8:29:32,1
4LPGXUB7SI,113.512,23.8424,26125,0,15,0,14-3-30 8:31:33,1
4LPGXUB7SI,113.512,23.8424,26125,0,15,0,14-3-30 8:33:35,1
4LPGXUB7SI,113.512,23.8424,26125,0,15,0,14-3-30 8:35:36,1
4LPGXUB7SI,113.512,23.8424,26125,0,15,0,14-3-30 8:37:38,1
4LPGXUB7SI,113.512,23.8424,26125,0,15,0,14-3-30 8:39:39,1
4LPGXUB7SI,113.512,23.8424,26125,0,15,0,14-3-30 8:41:41,1
4LPGXUB7SI,113.512,23.8424,26125,0,15,0,14-3-30 8:43:42,1
4LPGXUB7SI,113.512,23.8424,26125,0,15,0,14-3-30 8:45:44,1
4LPGXUB7SI,113.512,23.8424,26125,0,15,0,14-3-30 8:47:45,1
4LPGXUB7SI,113.512,23.8424,26125,0,15,0,14-3-30 8:49:46,1
4LPGXUB7SI,113.512,23.8424,26125,0,15,0,14-3-30 8:51:48,1
4LPGXUB7SI,113.512,23.8424,26125,0,15,0,14-3-30 8:53:49,1
4LPGXUB7SI,113.512,23.8424,26125,0,15,0,14-3-30 8:55:51,1
4LPGXUB7SI,113.512,23.8424,26125,0,15,0,14-3-30 8:57:52,1
4LPGXUB7SI,113.512,23.8424,26125,0,15,0,14-3-30 8:59:54,1
4LPGXUB7SI,113.512,23.8424,26125,0,15,0,14-3-30 9:1:55,1
4LPGXUB7SI,113.512,23.8424,26125,0,15,0,14-3-30 9:3:56,1
4LPGXUB7SI,113.512,23.8424,26125,0,15,0,14-3-30 9:5:58,1
4LPGXUB7SI,113.512,23.8424,26125,0,15,0,14-3-30 9:7:59,1
4LPGXUB7SI,113.512,23.8424,26125,0,15,0,14-3-30 9:10:1,1
4LPGXUB7SI,113.512,23.8424,26125,0,15,0,14-3-30 9:12:2,1
4LPGXUB7SI,113.512,23.8424,26125,0,15,0,14-3-30 9:14:4,1
4LPGXUB7SI,113.512,23.8424,26125,0,15,0,14-3-30 9:16:5,1
4LPGXUB7SI,113.512,23.8424,26125,0,15,0,14-3-30 9:18:7,1
4LPGXUB7SI,113.512,23.8424,26125,0,15,0,14-3-30 9:20:8,1
4LPGXUB7SI,113.512,23.8424,26125,0,15,0,14-3-30 9:22:10,1
4LPGXUB7SI,113.512,23.8424,26125,0,15,0,14-3-30 9:24:11,1
4LPGXUB7SI,113.512,23.8424,26125,0,15,0,14-3-30 9:26:13,1
4LPGXUB7SI,113.512,23.8424,26125,0,15,0,14-3-30 9:28:14,1
4LPGXUB7SI,113.512,23.8424,26125,0,15,0,14-3-30 9:30:16,1
4LPGXUB7SI,113.512,23.8424,26125,0,15,0,14-3-30 9:32:17,1
4LPGXUB7SI,113.512,23.8424,26125,0,15,0,14-3-30 9:34:18,1
4LPGXUB7SI,113.512,23.841,26125,0,4,0,14-3-30 9:36:38,1
4LPGXUB7SI,113.512,23.841,26125,0,4,0,14-3-30 9:37:4,1
4LPGXUB7SI,113.536,23.8534,26134,66,30,0,14-3-30 9:39:5,1
4LPGXUB7SI,113.558,23.8644,26160,77,35,0,14-3-30 9:41:6,1
4LPGXUB7SI,113.581,23.873,26185,79,25,0,14-3-30 9:43:7,1
4LPGXUB7SI,113.59,23.8944,26211,71,5,0,14-3-30 9:45:9,1
4LPGXUB7SI,113.586,23.916,26234,68,165,0,14-3-30 9:47:10,1
4LPGXUB7SI,113.592,23.9356,26260,77,30,0,14-3-30 9:49:12,1
4LPGXUB7SI,113.609,23.9516,26284,69,15,0,14-3-30 9:51:13,1
4LPGXUB7SI,113.605,23.9733,26308,66,175,0,14-3-30 9:53:15,1
4LPGXUB7SI,113.597,23.9958,26334,79,175,0,14-3-30 9:55:16,1
4LPGXUB7SI,113.599,24.0186,26359,77,10,0,14-3-30 9:57:18,1
4LPGXUB7SI,113.603,24.042,26385,73,5,0,14-3-30 9:59:19,1
4LPGXUB7SI,113.61,24.0636,26410,69,10,0,14-3-30 10:1:20,1
4LPGXUB7SI,113.623,24.0832,26434,68,0,0,14-3-30 10:3:22,1
4LPGXUB7SI,113.634,24.1019,26459,80,20,0,14-3-30 10:5:24,1
4LPGXUB7SI,113.645,24.1234,26486,86,15,0,14-3-30 10:7:25,1
4LPGXUB7SI,113.66,24.1454,26514,80,0,0,14-3-30 10:9:26,1
4LPGXUB7SI,113.659,24.1573,26526,7,10,0,14-3-30 10:11:28,1
4LPGXUB7SI,113.659,24.1575,26526,0,10,0,14-3-30 10:13:29,1
4LPGXUB7SI,113.659,24.1575,26526,0,10,0,14-3-30 10:15:31,1
4LPGXUB7SI,113.659,24.1575,26526,0,10,0,14-3-30 10:17:32,1
4LPGXUB7SI,113.659,24.158,26526,0,155,0,14-3-30 10:19:33,1
4LPGXUB7SI,113.657,24.165,26535,60,175,0,14-3-30 10:21:35,1
4LPGXUB7SI,113.661,24.185,26557,69,10,0,14-3-30 10:23:36,1
4LPGXUB7SI,113.668,24.2063,26581,80,5,0,14-3-30 10:25:38,1
4LPGXUB7SI,113.676,24.2279,26606,79,0,0,14-3-30 10:27:39,1
4LPGXUB7SI,113.679,24.2518,26633,79,10,0,14-3-30 10:29:41,1
4LPGXUB7SI,113.694,24.2717,26659,77,20,0,14-3-30 10:31:43,1
4LPGXUB7SI,113.711,24.2905,26685,77,20,0,14-3-30 10:33:45,1
4LPGXUB7SI,113.728,24.3066,26710,77,10,0,14-3-30 10:35:46,1
4LPGXUB7SI,113.739,24.3271,26735,75,15,0,14-3-30 10:37:48,1
4LPGXUB7SI,113.742,24.3485,26759,77,175,0,14-3-30 10:39:49,1
4LPGXUB7SI,113.748,24.37,26784,75,15,0,14-3-30 10:41:50,1
4LPGXUB7SI,113.759,24.3916,26810,69,5,0,14-3-30 10:43:52,1
4LPGXUB7SI,113.771,24.411,26834,71,15,0,14-3-30 10:45:53,1
4LPGXUB7SI,113.784,24.432,26860,80,10,0,14-3-30 10:47:55,1
4LPGXUB7SI,113.794,24.4535,26886,77,5,0,14-3-30 10:49:56,1
4LPGXUB7SI,113.793,24.4745,26908,51,170,0,14-3-30 10:51:58,1
4LPGXUB7SI,113.775,24.4867,26932,71,150,0,14-3-30 10:53:59,1
4LPGXUB7SI,113.753,24.4982,26957,79,155,0,14-3-30 10:56:1,1
4LPGXUB7SI,113.734,24.5033,26978,42,145,0,14-3-30 10:58:2,1
4LPGXUB7SI,113.72,24.5124,26983,0,150,0,14-3-30 10:59:59,1
4LPGXUB7SI,113.699,24.5246,27021,68,150,0,14-3-30 11:2:5,1
4LPGXUB7SI,113.691,24.5429,27043,49,0,0,14-3-30 11:4:7,1
4LPGXUB7SI,113.688,24.5631,27068,64,165,0,14-3-30 11:6:10,1
4LPGXUB7SI,113.668,24.579,27095,80,160,0,14-3-30 11:8:11,1
4LPGXUB7SI,113.653,24.6011,27124,88,170,0,14-3-30 11:10:11,1
4LPGXUB7SI,113.65,24.625,27150,66,155,0,14-3-30 11:12:12,1
4LPGXUB7SI,113.628,24.638,27179,80,145,0,14-3-30 11:14:14,1
4LPGXUB7SI,113.602,24.6381,27205,77,135,0,14-3-30 11:16:15,1
4LPGXUB7SI,113.582,24.6503,27230,71,155,0,14-3-30 11:18:17,1
4LPGXUB7SI,113.568,24.6689,27254,73,155,0,14-3-30 11:20:18,1
4LPGXUB7SI,113.551,24.6832,27278,57,170,0,14-3-30 11:22:20,1
4LPGXUB7SI,113.562,24.6982,27299,71,25,0,14-3-30 11:24:21,1
4LPGXUB7SI,113.58,24.7096,27322,58,20,0,14-3-30 11:26:23,1
4LPGXUB7SI,113.589,24.7145,27336,0,20,0,14-3-30 11:28:12,1
4LPGXUB7SI,113.608,24.7339,27364,73,15,0,14-3-30 11:30:25,1
4LPGXUB7SI,113.617,24.7504,27383,5,0,0,14-3-30 11:32:28,1
4LPGXUB7SI,113.617,24.754,27387,33,0,0,14-3-30 11:34:29,1
4LPGXUB7SI,113.627,24.7699,27408,68,20,0,14-3-30 11:36:30,1
4LPGXUB7SI,113.639,24.7878,27431,68,10,0,14-3-30 11:38:31,1
4LPGXUB7SI,113.656,24.8036,27455,69,15,0,14-3-30 11:40:33,1
4LPGXUB7SI,113.675,24.8169,27479,73,20,0,14-3-30 11:42:34,1
4LPGXUB7SI,113.686,24.8386,27504,77,20,0,14-3-30 11:44:36,1
4LPGXUB7SI,113.707,24.8507,27530,75,20,0,14-3-30 11:46:37,1
4LPGXUB7SI,113.728,24.8627,27554,68,30,0,14-3-30 11:48:38,1
4LPGXUB7SI,113.748,24.8746,27579,73,15,0,14-3-30 11:50:40,1
4LPGXUB7SI,113.766,24.8922,27605,75,10,0,14-3-30 11:52:41,1
4LPGXUB7SI,113.776,24.913,27630,79,0,0,14-3-30 11:54:43,1
4LPGXUB7SI,113.788,24.9322,27654,73,15,0,14-3-30 11:56:44,1
4LPGXUB7SI,113.804,24.9526,27682,80,20,0,14-3-30 11:58:47,1
4LPGXUB7SI,113.824,24.968,27707,77,20,0,14-3-30 12:0:47,1
4LPGXUB7SI,113.847,24.9793,27734,75,30,0,14-3-30 12:2:49,1
4LPGXUB7SI,113.871,24.9877,27759,71,45,0,14-3-30 12:4:50,1
4LPGXUB7SI,113.895,24.9871,27783,75,45,0,14-3-30 12:6:51,1
4LPGXUB7SI,113.922,24.9865,27810,75,35,0,14-3-30 12:8:53,1
4LPGXUB7SI,113.946,24.9949,27836,75,40,0,14-3-30 12:10:54,1
4LPGXUB7SI,113.972,24.9957,27862,75,30,0,14-3-30 12:12:56,1
4LPGXUB7SI,113.997,24.9929,27888,75,50,0,14-3-30 12:14:57,1
4LPGXUB7SI,114.023,24.9895,27914,69,55,0,14-3-30 12:16:59,1
4LPGXUB7SI,114.043,24.9764,27940,79,50,0,14-3-30 12:19:0,1
4LPGXUB7SI,114.07,24.9759,27967,82,35,0,14-3-30 12:21:2,1
4LPGXUB7SI,114.095,24.9824,27993,73,35,0,14-3-30 12:23:3,1
4LPGXUB7SI,114.119,24.992,28019,79,35,0,14-3-30 12:25:5,1
4LPGXUB7SI,114.141,25.0038,28045,73,25,0,14-3-30 12:27:6,1
4LPGXUB7SI,114.158,25.0223,28072,77,15,0,14-3-30 12:29:7,1
4LPGXUB7SI,114.178,25.0353,28096,73,25,0,14-3-30 12:31:9,1
4LPGXUB7SI,114.19,25.0558,28122,79,15,0,14-3-30 12:33:10,1
4LPGXUB7SI,114.203,25.0748,28146,73,5,0,14-3-30 12:35:12,1
4LPGXUB7SI,114.214,25.0955,28171,75,10,0,14-3-30 12:37:13,1
4LPGXUB7SI,114.233,25.1112,28198,82,10,0,14-3-30 12:39:15,1
4LPGXUB7SI,114.25,25.1302,28224,77,25,0,14-3-30 12:41:16,1
4LPGXUB7SI,114.274,25.1412,28252,77,25,0,14-3-30 12:43:18,1
4LPGXUB7SI,114.296,25.1545,28277,66,30,0,14-3-30 12:45:19,1
4LPGXUB7SI,114.305,25.1577,28287,0,25,0,14-3-30 12:47:21,1
4LPGXUB7SI,114.305,25.1577,28287,0,25,0,14-3-30 12:49:22,1
4LPGXUB7SI,114.305,25.1577,28287,0,25,0,14-3-30 12:51:23,1
4LPGXUB7SI,114.305,25.1577,28287,0,25,0,14-3-30 12:53:25,1
4LPGXUB7SI,114.314,25.1644,28298,77,20,0,14-3-30 12:55:28,1
4LPGXUB7SI,114.333,25.1801,28324,80,25,0,14-3-30 12:57:28,1
4LPGXUB7SI,114.344,25.1995,28348,75,5,0,14-3-30 12:59:29,1
4LPGXUB7SI,114.359,25.2188,28374,75,10,0,14-3-30 13:1:31,1
4LPGXUB7SI,114.369,25.2393,28398,73,5,0,14-3-30 13:3:32,1
4LPGXUB7SI,114.384,25.2587,28425,80,10,0,14-3-30 13:5:34,1
4LPGXUB7SI,114.378,25.2814,28451,69,165,0,14-3-30 13:7:35,1
4LPGXUB7SI,114.369,25.2914,28464,16,160,0,14-3-30 13:9:36,1
4LPGXUB7SI,114.358,25.3027,28481,11,165,0,14-3-30 13:11:38,1
4LPGXUB7SI,114.357,25.3038,28482,5,165,0,14-3-30 13:13:39,1
4LPGXUB7SI,114.357,25.3047,28482,0,165,0,14-3-30 13:15:41,1
4LPGXUB7SI,114.357,25.3047,28482,0,165,0,14-3-30 13:17:42,1
4LPGXUB7SI,114.357,25.3047,28482,0,165,0,14-3-30 13:19:44,1
4LPGXUB7SI,114.357,25.3047,28482,0,165,0,14-3-30 13:21:45,1
4LPGXUB7SI,114.357,25.3047,28482,0,165,0,14-3-30 13:23:47,1
4LPGXUB7SI,114.357,25.3047,28482,0,165,0,14-3-30 13:25:48,1
4LPGXUB7SI,114.357,25.3047,28482,0,165,0,14-3-30 13:27:50,1
4LPGXUB7SI,114.357,25.3047,28482,0,165,0,14-3-30 13:29:51,1
4LPGXUB7SI,114.357,25.3047,28482,0,165,0,14-3-30 13:31:52,1
4LPGXUB7SI,114.355,25.3085,28483,12,165,0,14-3-30 13:33:54,1
4LPGXUB7SI,114.355,25.3089,28483,0,160,0,14-3-30 13:35:55,1
4LPGXUB7SI,114.355,25.3089,28483,0,160,0,14-3-30 13:37:57,1
4LPGXUB7SI,114.355,25.3089,28483,0,160,0,14-3-30 13:39:58,1
4LPGXUB7SI,114.355,25.3089,28483,0,160,0,14-3-30 13:42:0,1
4LPGXUB7SI,114.355,25.3089,28483,0,160,0,14-3-30 13:44:1,1
4LPGXUB7SI,114.355,25.3089,28483,0,160,0,14-3-30 13:46:3,1
4LPGXUB7SI,114.355,25.3089,28483,0,160,0,14-3-30 13:48:4,1
4LPGXUB7SI,114.355,25.3089,28483,0,160,0,14-3-30 13:50:5,1
4LPGXUB7SI,114.353,25.3177,28494,60,175,0,14-3-30 13:52:7,1
4LPGXUB7SI,114.355,25.357,28498,0,175,0,14-3-30 13:54:5,1
4LPGXUB7SI,114.365,25.3625,28550,86,20,0,14-3-30 13:56:10,1
4LPGXUB7SI,114.385,25.3801,28578,79,25,0,14-3-30 13:58:11,1
4LPGXUB7SI,114.399,25.4004,28604,79,0,0,14-3-30 14:0:13,1
4LPGXUB7SI,114.42,25.429,28624,0,15,0,14-3-30 14:2:8,1
4LPGXUB7SI,114.433,25.4305,28660,84,30,0,14-3-30 14:4:16,1
4LPGXUB7SI,114.457,25.4393,28686,79,40,0,14-3-30 14:6:17,1
4LPGXUB7SI,114.483,25.4473,28713,80,30,0,14-3-30 14:8:19,1
4LPGXUB7SI,114.508,25.4515,28738,71,40,0,14-3-30 14:10:20,1
4LPGXUB7SI,114.534,25.4541,28764,77,50,0,14-3-30 14:12:21,1
4LPGXUB7SI,114.559,25.4577,28790,79,25,0,14-3-30 14:14:23,1
4LPGXUB7SI,114.578,25.4747,28817,79,30,0,14-3-30 14:16:24,1
4LPGXUB7SI,114.597,25.4891,28843,73,15,0,14-3-30 14:18:26,1
4LPGXUB7SI,114.618,25.5029,28868,79,20,0,14-3-30 14:20:27,1
4LPGXUB7SI,114.638,25.5191,28895,80,25,0,14-3-30 14:22:29,1
4LPGXUB7SI,114.659,25.5311,28919,73,25,0,14-3-30 14:24:30,1
4LPGXUB7SI,114.699,25.5616,28971,73,20,0,14-3-30 14:28:35,1
4LPGXUB7SI,114.721,25.5704,28996,82,40,0,14-3-30 14:30:34,1
4LPGXUB7SI,114.747,25.575,29022,75,25,0,14-3-30 14:32:36,1
4LPGXUB7SI,114.77,25.5857,29048,71,30,0,14-3-30 14:34:37,1
4LPGXUB7SI,114.78,25.5928,29068,55,175,0,14-3-30 14:36:39,1
4LPGXUB7SI,114.779,25.6056,29082,38,0,0,14-3-30 14:38:40,1
4LPGXUB7SI,114.779,25.6238,29102,77,175,0,14-3-30 14:40:43,1
4LPGXUB7SI,114.778,25.6469,29127,80,5,0,14-3-30 14:42:43,1
4LPGXUB7SI,114.782,25.6562,29137,12,15,0,14-3-30 14:44:45,1
4LPGXUB7SI,114.784,25.659,29141,18,15,0,14-3-30 14:46:46,1
4LPGXUB7SI,114.797,25.6685,29158,64,40,0,14-3-30 14:48:47,1
4LPGXUB7SI,114.816,25.6812,29182,71,20,0,14-3-30 14:50:49,1
4LPGXUB7SI,114.828,25.7031,29209,75,15,0,14-3-30 14:52:50,1
4LPGXUB7SI,114.849,25.7185,29235,75,20,0,14-3-30 14:54:52,1
4LPGXUB7SI,114.871,25.7315,29262,75,20,0,14-3-30 14:56:53,1
4LPGXUB7SI,114.883,25.7514,29287,71,10,0,14-3-30 14:58:55,1
4LPGXUB7SI,114.893,25.7586,29299,12,70,0,14-3-30 15:0:56,1
4LPGXUB7SI,114.895,25.7595,29302,0,0,0,14-3-30 15:2:57,1
4LPGXUB7SI,114.895,25.7595,29302,0,0,0,14-3-30 15:4:59,1
4LPGXUB7SI,114.895,25.7595,29302,0,0,0,14-3-30 15:7:0,1
4LPGXUB7SI,114.9,25.7622,29308,66,30,0,14-3-30 15:9:2,1
4LPGXUB7SI,114.923,25.772,29334,80,35,0,14-3-30 15:11:3,1
4LPGXUB7SI,114.946,25.7834,29360,80,30,0,14-3-30 15:13:5,1
4LPGXUB7SI,114.964,25.8017,29386,77,20,0,14-3-30 15:15:6,1
4LPGXUB7SI,114.987,25.8134,29413,82,20,0,14-3-30 15:17:8,1
4LPGXUB7SI,115.003,25.8311,29437,75,25,0,14-3-30 15:19:9,1
4LPGXUB7SI,115.028,25.8402,29464,77,40,0,14-3-30 15:21:10,1
4LPGXUB7SI,115.047,25.8513,29488,62,10,0,14-3-30 15:23:12,1
4LPGXUB7SI,115.051,25.8759,29518,92,10,0,14-3-30 15:25:13,1
4LPGXUB7SI,115.067,25.8973,29547,79,10,0,14-3-30 15:27:15,1
4LPGXUB7SI,115.077,25.9177,29571,73,0,0,14-3-30 15:29:16,1
4LPGXUB7SI,115.096,25.9214,29596,80,45,0,14-3-30 15:31:18,1
4LPGXUB7SI,115.122,25.9223,29622,75,35,0,14-3-30 15:33:19,1
4LPGXUB7SI,115.148,25.93,29648,77,40,0,14-3-30 15:35:20,1
4LPGXUB7SI,115.174,25.925,29675,77,45,0,14-3-30 15:37:22,1
4LPGXUB7SI,115.201,25.925,29701,73,45,0,14-3-30 15:39:23,1
4LPGXUB7SI,115.226,25.9314,29726,75,35,0,14-3-30 15:41:25,1
4LPGXUB7SI,115.251,25.925,29756,80,60,0,14-3-30 15:43:26,1
4LPGXUB7SI,115.277,25.916,29784,79,50,0,14-3-30 15:45:28,1
4LPGXUB7SI,115.3,25.9022,29811,80,55,0,14-3-30 15:47:29,1
4LPGXUB7SI,115.327,25.9021,29838,84,35,0,14-3-30 15:49:31,1
4LPGXUB7SI,115.353,25.9005,29864,84,55,0,14-3-30 15:51:32,1
4LPGXUB7SI,115.377,25.8919,29889,73,55,0,14-3-30 15:53:33,1
4LPGXUB7SI,115.399,25.8851,29912,68,50,0,14-3-30 15:55:35,1
4LPGXUB7SI,115.422,25.8787,29936,66,50,0,14-3-30 15:57:36,1
4LPGXUB7SI,115.44,25.8705,29946,0,55,0,14-3-30 15:59:33,1
4LPGXUB7SI,115.464,25.8535,29989,92,70,0,14-3-30 16:1:39,1
4LPGXUB7SI,115.487,25.839,30017,73,65,0,14-3-30 16:3:41,1
4LPGXUB7SI,115.508,25.8279,30042,75,50,0,14-3-30 16:5:42,1
4LPGXUB7SI,115.535,25.8295,30057,0,40,0,14-3-30 16:7:37,1
4LPGXUB7SI,115.535,25.8295,30057,0,40,0,14-3-30 16:9:38,1
4LPGXUB7SI,115.571,25.8306,30107,68,45,0,14-3-30 16:11:47,1
4LPGXUB7SI,115.598,25.826,30137,90,50,0,14-3-30 16:13:48,1
4LPGXUB7SI,115.622,25.8234,30161,62,55,0,14-3-30 16:15:49,1
4LPGXUB7SI,115.644,25.8185,30183,68,55,0,14-3-30 16:17:51,1
4LPGXUB7SI,115.661,25.8075,30205,80,50,0,14-3-30 16:19:52,1
4LPGXUB7SI,115.687,25.7977,30233,82,45,0,14-3-30 16:21:54,1
4LPGXUB7SI,115.713,25.7986,30259,69,50,0,14-3-30 16:23:55,1
4LPGXUB7SI,115.737,25.7995,30284,69,25,0,14-3-30 16:25:57,1
4LPGXUB7SI,115.76,25.8079,30308,69,30,0,14-3-30 16:27:58,1
4LPGXUB7SI,115.785,25.8134,30334,82,25,0,14-3-30 16:29:59,1
4LPGXUB7SI,115.806,25.828,30361,79,5,0,14-3-30 16:32:1,1
4LPGXUB7SI,115.824,25.8441,30386,71,20,0,14-3-30 16:34:2,1
4LPGXUB7SI,115.846,25.8569,30412,82,20,0,14-3-30 16:36:4,1
4LPGXUB7SI,115.865,25.8747,30439,79,30,0,14-3-30 16:38:5,1
4LPGXUB7SI,115.89,25.8794,30465,75,45,0,14-3-30 16:40:7,1
4LPGXUB7SI,115.914,25.8741,30489,71,40,0,14-3-30 16:42:8,1
4LPGXUB7SI,115.937,25.8835,30514,68,35,0,14-3-30 16:44:10,1
4LPGXUB7SI,115.961,25.892,30540,77,25,0,14-3-30 16:46:11,1
4LPGXUB7SI,115.97,25.9139,30566,77,10,0,14-3-30 16:48:12,1
4LPGXUB7SI,115.985,25.9336,30592,77,15,0,14-3-30 16:50:14,1
4LPGXUB7SI,115.998,25.954,30618,82,15,0,14-3-30 16:52:15,1
4LPGXUB7SI,116.01,25.9761,30645,79,15,0,14-3-30 16:54:17,1
4LPGXUB7SI,116.025,25.9965,30672,82,25,0,14-3-30 16:56:18,1
4LPGXUB7SI,116.042,26.0147,30698,80,5,0,14-3-30 16:58:20,1
4LPGXUB7SI,116.047,26.0356,30722,75,15,0,14-3-30 17:0:21,1
4LPGXUB7SI,116.059,26.0552,30746,77,0,0,14-3-30 17:2:22,1
4LPGXUB7SI,116.066,26.0779,30773,77,15,0,14-3-30 17:4:24,1
4LPGXUB7SI,116.077,26.0979,30797,71,25,0,14-3-30 17:6:25,1
4LPGXUB7SI,116.094,26.1126,30824,75,5,0,14-3-30 17:8:27,1
4LPGXUB7SI,116.1,26.1389,30853,92,175,0,14-3-30 17:10:28,1
4LPGXUB7SI,116.112,26.1606,30881,95,175,0,14-3-30 17:12:30,1
4LPGXUB7SI,116.121,26.1848,30909,82,0,0,14-3-30 17:14:31,1
4LPGXUB7SI,116.126,26.2084,30936,68,175,0,14-3-30 17:16:33,1
4LPGXUB7SI,116.132,26.2331,30964,84,0,0,14-3-30 17:18:34,1
4LPGXUB7SI,116.136,26.256,30988,66,175,0,14-3-30 17:20:35,1
4LPGXUB7SI,116.134,26.2787,31014,79,15,0,14-3-30 17:22:37,1
4LPGXUB7SI,116.148,26.2968,31037,66,10,0,14-3-30 17:24:38,1
4LPGXUB7SI,116.154,26.3153,31058,55,175,0,14-3-30 17:26:40,1
4LPGXUB7SI,116.154,26.3348,31080,80,175,0,14-3-30 17:28:41,1
4LPGXUB7SI,116.162,26.3584,31107,77,5,0,14-3-30 17:30:43,1
4LPGXUB7SI,116.183,26.3685,31132,77,30,0,14-3-30 17:32:44,1
4LPGXUB7SI,116.207,26.379,31158,80,25,0,14-3-30 17:34:46,1
4LPGXUB7SI,116.225,26.396,31184,69,15,0,14-3-30 17:36:47,1
4LPGXUB7SI,116.243,26.4077,31206,68,25,0,14-3-30 17:38:48,1
4LPGXUB7SI,116.259,26.4179,31225,57,20,0,14-3-30 17:40:50,1
4LPGXUB7SI,116.279,26.4317,31250,88,25,0,14-3-30 17:42:51,1
4LPGXUB7SI,116.297,26.4505,31277,75,10,0,14-3-30 17:44:53,1
4LPGXUB7SI,116.307,26.4718,31303,82,15,0,14-3-30 17:46:54,1
4LPGXUB7SI,116.316,26.4924,31327,80,10,0,14-3-30 17:48:56,1
4LPGXUB7SI,116.317,26.5218,31341,0,175,0,14-3-30 17:50:54,1
4LPGXUB7SI,116.325,26.5385,31382,82,175,0,14-3-30 17:52:59,1
4LPGXUB7SI,116.336,26.5603,31409,84,10,0,14-3-30 17:55:0,1
4LPGXUB7SI,116.343,26.5847,31436,75,10,0,14-3-30 17:57:2,1
4LPGXUB7SI,116.339,26.6065,31461,57,175,0,14-3-30 17:59:3,1
4LPGXUB7SI,116.335,26.6285,31486,75,175,0,14-3-30 18:1:5,1
4LPGXUB7SI,116.336,26.6541,31515,84,0,0,14-3-30 18:3:6,1
4LPGXUB7SI,116.344,26.6772,31543,82,15,0,14-3-30 18:5:8,1
4LPGXUB7SI,116.348,26.7015,31573,71,170,0,14-3-30 18:7:11,1
4LPGXUB7SI,116.348,26.7262,31600,92,175,0,14-3-30 18:9:11,1
4LPGXUB7SI,116.341,26.751,31628,82,175,0,14-3-30 18:11:12,1
4LPGXUB7SI,116.341,26.7971,31680,75,0,0,14-3-30 18:15:17,1
4LPGXUB7SI,116.341,26.8214,31706,79,0,0,14-3-30 18:17:16,1
4LPGXUB7SI,116.348,26.8449,31733,77,10,0,14-3-30 18:19:18,1
4LPGXUB7SI,116.36,26.8658,31758,80,15,0,14-3-30 18:21:19,1
4LPGXUB7SI,116.369,26.8886,31784,82,5,0,14-3-30 18:23:20,1
4LPGXUB7SI,116.389,26.9349,31838,77,0,0,14-3-30 18:27:25,1
4LPGXUB7SI,116.397,26.9557,31862,77,0,0,14-3-30 18:29:25,1
4LPGXUB7SI,116.408,26.9767,31888,80,10,0,14-3-30 18:31:26,1
4LPGXUB7SI,116.425,26.9942,31913,80,10,0,14-3-30 18:33:28,1
4LPGXUB7SI,116.439,27.0138,31939,82,15,0,14-3-30 18:35:29,1
4LPGXUB7SI,116.459,27.0317,31967,80,20,0,14-3-30 18:37:31,1
4LPGXUB7SI,116.491,27.0658,32016,75,20,0,14-3-30 18:41:35,1
4LPGXUB7SI,116.508,27.0787,32038,64,10,0,14-3-30 18:43:35,1
4LPGXUB7SI,116.512,27.102,32064,77,175,0,14-3-30 18:45:36,1
4LPGXUB7SI,116.513,27.1233,32088,80,170,0,14-3-30 18:47:38,1
4LPGXUB7SI,116.52,27.1444,32112,69,5,0,14-3-30 18:49:39,1
4LPGXUB7SI,116.527,27.1654,32137,82,10,0,14-3-30 18:51:41,1
4LPGXUB7SI,116.542,27.1854,32163,75,25,0,14-3-30 18:53:42,1
4LPGXUB7SI,116.563,27.1994,32189,82,10,0,14-3-30 18:55:44,1
4LPGXUB7SI,116.567,27.2238,32216,77,5,0,14-3-30 18:57:45,1
4LPGXUB7SI,116.577,27.2427,32238,69,10,0,14-3-30 18:59:47,1
4LPGXUB7SI,116.58,27.2649,32263,66,5,0,14-3-30 19:1:48,1
4LPGXUB7SI,116.582,27.2871,32288,79,175,0,14-3-30 19:3:50,1
4LPGXUB7SI,116.59,27.3069,32311,73,25,0,14-3-30 19:5:51,1
4LPGXUB7SI,116.605,27.324,32336,79,0,0,14-3-30 19:7:52,1
4LPGXUB7SI,116.603,27.3469,32361,82,0,0,14-3-30 19:9:56,1
4LPGXUB7SI,116.609,27.3679,32384,68,15,0,14-3-30 19:11:57,1
4LPGXUB7SI,116.617,27.3877,32408,82,175,0,14-3-30 19:13:57,1
4LPGXUB7SI,116.615,27.4102,32432,79,5,0,14-3-30 19:15:58,1
4LPGXUB7SI,116.623,27.4311,32457,68,15,0,14-3-30 19:18:1,1
4LPGXUB7SI,116.63,27.451,32480,77,5,0,14-3-30 19:20:1,1
4LPGXUB7SI,116.641,27.4698,32503,55,10,0,14-3-30 19:22:3,1
4LPGXUB7SI,116.643,27.4752,32509,0,5,0,14-3-30 19:24:4,1
4LPGXUB7SI,116.643,27.4752,32509,0,5,0,14-3-30 19:26:6,1
4LPGXUB7SI,116.643,27.478,32512,29,0,0,14-3-30 19:28:7,1
4LPGXUB7SI,116.646,27.4935,32529,80,5,0,14-3-30 19:30:8,1
4LPGXUB7SI,116.658,27.514,32554,77,5,0,14-3-30 19:32:10,1
4LPGXUB7SI,116.66,27.5377,32581,80,175,0,14-3-30 19:34:11,1
4LPGXUB7SI,116.662,27.5591,32605,68,160,0,14-3-30 19:36:13,1
4LPGXUB7SI,116.665,27.5801,32629,69,5,0,14-3-30 19:38:15,1
4LPGXUB7SI,116.663,27.6014,32653,77,5,0,14-3-30 19:40:16,1
4LPGXUB7SI,116.67,27.6251,32680,80,15,0,14-3-30 19:42:17,1
4LPGXUB7SI,116.688,27.6416,32706,77,15,0,14-3-30 19:44:19,1
4LPGXUB7SI,116.711,27.6516,32731,69,35,0,14-3-30 19:46:20,1
4LPGXUB7SI,116.73,27.6651,32757,80,5,0,14-3-30 19:48:22,1
4LPGXUB7SI,116.734,27.6892,32783,75,10,0,14-3-30 19:50:23,1
4LPGXUB7SI,116.752,27.7081,32810,77,20,0,14-3-30 19:52:25,1
4LPGXUB7SI,116.771,27.7254,32836,82,15,0,14-3-30 19:54:26,1
4LPGXUB7SI,116.79,27.7435,32863,73,15,0,14-3-30 19:56:27,1
4LPGXUB7SI,116.799,27.7624,32886,79,15,0,14-3-30 19:58:29,1
4LPGXUB7SI,116.798,27.7862,32913,82,170,0,14-3-30 20:0:30,1
4LPGXUB7SI,116.792,27.8089,32939,77,0,0,14-3-30 20:2:32,1
4LPGXUB7SI,116.787,27.8226,32961,0,145,0,14-3-30 20:4:27,1
4LPGXUB7SI,116.775,27.8454,32992,73,10,0,14-3-30 20:6:35,1
4LPGXUB7SI,116.777,27.8673,33017,79,0,0,14-3-30 20:8:36,1
4LPGXUB7SI,116.773,27.8909,33044,75,10,0,14-3-30 20:10:38,1
4LPGXUB7SI,116.79,27.9067,33068,62,0,0,14-3-30 20:12:40,1
4LPGXUB7SI,116.789,27.9291,33093,79,10,0,14-3-30 20:14:42,1
4LPGXUB7SI,116.792,27.9519,33119,79,5,0,14-3-30 20:16:43,1
4LPGXUB7SI,116.808,27.9718,33145,88,15,0,14-3-30 20:18:45,1
4LPGXUB7SI,116.824,27.9921,33172,77,20,0,14-3-30 20:20:46,1
4LPGXUB7SI,116.835,28.0115,33196,77,0,0,14-3-30 20:22:48,1
4LPGXUB7SI,116.842,28.0344,33222,77,15,0,14-3-30 20:24:49,1
4LPGXUB7SI,116.857,28.053,33248,75,5,0,14-3-30 20:26:51,1
4LPGXUB7SI,116.868,28.0719,33271,71,15,0,14-3-30 20:28:52,1
4LPGXUB7SI,116.877,28.0922,33296,71,0,0,14-3-30 20:30:53,1
4LPGXUB7SI,116.885,28.113,33321,71,30,0,14-3-30 20:32:55,1
4LPGXUB7SI,116.902,28.1319,33348,80,20,0,14-3-30 20:34:56,1
4LPGXUB7SI,116.914,28.1541,33376,82,5,0,14-3-30 20:36:58,1
4LPGXUB7SI,116.926,28.1771,33404,86,5,0,14-3-30 20:39:2,1
4LPGXUB7SI,116.933,28.2007,33431,79,170,0,14-3-30 20:41:3,1
4LPGXUB7SI,116.927,28.2246,33458,79,170,0,14-3-30 20:43:4,1
4LPGXUB7SI,116.924,28.2491,33485,77,170,0,14-3-30 20:45:6,1
4LPGXUB7SI,116.92,28.273,33511,77,170,0,14-3-30 20:47:7,1
4LPGXUB7SI,116.929,28.2892,33534,69,25,0,14-3-30 20:49:9,1
4LPGXUB7SI,116.951,28.2995,33558,75,25,0,14-3-30 20:51:10,1
4LPGXUB7SI,116.973,28.3084,33582,71,35,0,14-3-30 20:53:12,1
4LPGXUB7SI,116.999,28.3166,33608,86,30,0,14-3-30 20:55:13,1
4LPGXUB7SI,117.023,28.3308,33636,79,25,0,14-3-30 20:57:14,1
4LPGXUB7SI,117.05,28.3388,33664,80,35,0,14-3-30 20:59:16,1
4LPGXUB7SI,117.076,28.343,33689,75,40,0,14-3-30 21:1:17,1
4LPGXUB7SI,117.103,28.3465,33715,77,30,0,14-3-30 21:3:19,1
4LPGXUB7SI,117.129,28.3546,33742,80,40,0,14-3-30 21:5:20,1
4LPGXUB7SI,117.155,28.3563,33767,71,40,0,14-3-30 21:7:22,1
4LPGXUB7SI,117.18,28.3594,33791,75,40,0,14-3-30 21:9:23,1
4LPGXUB7SI,117.207,28.3578,33817,73,45,0,14-3-30 21:11:25,1
4LPGXUB7SI,117.233,28.3585,33842,73,40,0,14-3-30 21:13:26,1
4LPGXUB7SI,117.26,28.361,33869,77,40,0,14-3-30 21:15:28,1
4LPGXUB7SI,117.287,28.3581,33895,71,50,0,14-3-30 21:17:29,1
4LPGXUB7SI,117.314,28.3535,33921,75,45,0,14-3-30 21:19:30,1
4LPGXUB7SI,117.341,28.3529,33946,71,45,0,14-3-30 21:21:32,1
4LPGXUB7SI,117.367,28.3531,33971,66,35,0,14-3-30 21:23:33,1
4LPGXUB7SI,117.392,28.3579,33996,77,40,0,14-3-30 21:25:35,1
4LPGXUB7SI,117.417,28.3515,34021,69,55,0,14-3-30 21:27:36,1
4LPGXUB7SI,117.439,28.3445,34044,66,45,0,14-3-30 21:29:39,1
4LPGXUB7SI,117.464,28.3455,34068,73,45,0,14-3-30 21:31:39,1
4LPGXUB7SI,117.487,28.3399,34090,69,50,0,14-3-30 21:33:41,1
4LPGXUB7SI,117.509,28.3363,34112,69,45,0,14-3-30 21:35:42,1
4LPGXUB7SI,117.533,28.343,34137,73,25,0,14-3-30 21:37:44,1
4LPGXUB7SI,117.557,28.3546,34163,69,35,0,14-3-30 21:39:45,1
4LPGXUB7SI,117.582,28.3596,34188,77,40,0,14-3-30 21:41:47,1
4LPGXUB7SI,117.607,28.3582,34212,73,50,0,14-3-30 21:43:48,1
4LPGXUB7SI,117.63,28.3532,34234,73,50,0,14-3-30 21:45:50,1
4LPGXUB7SI,117.654,28.3504,34258,66,40,0,14-3-30 21:47:51,1
4LPGXUB7SI,117.676,28.3537,34279,29,35,0,14-3-30 21:49:53,1
4LPGXUB7SI,117.679,28.3542,34281,0,30,0,14-3-30 21:51:54,1
4LPGXUB7SI,117.679,28.3542,34281,0,30,0,14-3-30 21:53:55,1
4LPGXUB7SI,117.696,28.3593,34299,73,35,0,14-3-30 21:55:57,1
4LPGXUB7SI,117.722,28.361,34323,73,40,0,14-3-30 21:57:58,1
4LPGXUB7SI,117.746,28.367,34348,73,35,0,14-3-30 22:0:0,1
4LPGXUB7SI,117.766,28.3686,34367,60,40,0,14-3-30 22:2:1,1
4LPGXUB7SI,117.791,28.3702,34391,71,35,0,14-3-30 22:4:3,1
4LPGXUB7SI,117.812,28.3823,34416,79,25,0,14-3-30 22:6:4,1
4LPGXUB7SI,117.833,28.3938,34439,79,25,0,14-3-30 22:8:6,1
4LPGXUB7SI,117.853,28.4062,34462,58,20,0,14-3-30 22:10:7,1
4LPGXUB7SI,117.867,28.4208,34483,58,20,0,14-3-30 22:12:9,1
4LPGXUB7SI,117.885,28.4368,34508,77,15,0,14-3-30 22:14:10,1
4LPGXUB7SI,117.895,28.454,34529,73,10,0,14-3-30 22:16:12,1
4LPGXUB7SI,117.908,28.4736,34554,80,5,0,14-3-30 22:18:13,1
4LPGXUB7SI,117.924,28.4916,34579,58,25,0,14-3-30 22:20:15,1
4LPGXUB7SI,117.946,28.4964,34601,79,30,0,14-3-30 22:22:16,1
4LPGXUB7SI,117.968,28.506,34625,64,35,0,14-3-30 22:24:17,1
4LPGXUB7SI,117.993,28.5118,34650,80,30,0,14-3-30 22:26:19,1
4LPGXUB7SI,118.014,28.5252,34676,79,15,0,14-3-30 22:28:20,1
4LPGXUB7SI,118.035,28.5397,34701,68,15,0,14-3-30 22:30:22,1
4LPGXUB7SI,118.051,28.554,34723,55,25,0,14-3-30 22:32:23,1
4LPGXUB7SI,118.067,28.5667,34743,68,20,0,14-3-30 22:34:25,1
4LPGXUB7SI,118.084,28.5832,34767,75,25,0,14-3-30 22:36:26,1
4LPGXUB7SI,118.106,28.5939,34792,73,30,0,14-3-30 22:38:28,1
4LPGXUB7SI,118.127,28.6053,34816,75,20,0,14-3-30 22:40:29,1
4LPGXUB7SI,118.147,28.6219,34842,75,20,0,14-3-30 22:42:31,1
4LPGXUB7SI,118.164,28.6411,34868,82,10,0,14-3-30 22:44:34,1
4LPGXUB7SI,118.175,28.6612,34892,60,15,0,14-3-30 22:46:34,1
4LPGXUB7SI,118.189,28.682,34919,80,15,0,14-3-30 22:48:35,1
4LPGXUB7SI,118.206,28.6993,34943,47,20,0,14-3-30 22:50:37,1
4LPGXUB7SI,118.215,28.7102,34958,47,20,0,14-3-30 22:52:38,1
4LPGXUB7SI,118.228,28.7203,34974,34,20,0,14-3-30 22:54:40,1
4LPGXUB7SI,118.245,28.734,34997,82,25,0,14-3-30 22:56:41,1
4LPGXUB7SI,118.271,28.744,35024,77,35,0,14-3-30 22:58:43,1
4LPGXUB7SI,118.291,28.7572,35049,79,15,0,14-3-30 23:0:44,1
4LPGXUB7SI,118.308,28.7736,35073,71,25,0,14-3-30 23:2:46,1
4LPGXUB7SI,118.326,28.7854,35094,51,20,0,14-3-30 23:4:47,1
4LPGXUB7SI,118.338,28.8033,35117,73,15,0,14-3-30 23:6:49,1
4LPGXUB7SI,118.349,28.8165,35134,0,10,0,14-3-30 23:10:54,1
4LPGXUB7SI,118.349,28.8166,35134,0,20,0,14-3-30 23:12:53,1
4LPGXUB7SI,118.349,28.817,35134,0,15,0,14-3-30 23:14:54,1
4LPGXUB7SI,118.354,28.8232,35142,49,15,0,14-3-30 23:16:56,1
4LPGXUB7SI,118.371,28.8399,35167,80,25,0,14-3-30 23:18:57,1
4LPGXUB7SI,118.393,28.8552,35194,77,20,0,14-3-30 23:20:59,1
4LPGXUB7SI,118.412,28.8743,35221,80,20,0,14-3-30 23:23:0,1
4LPGXUB7SI,118.433,28.8912,35249,84,20,0,14-3-30 23:25:2,1
4LPGXUB7SI,118.45,28.9094,35274,66,20,0,14-3-30 23:27:3,1
4LPGXUB7SI,118.455,28.9122,35280,0,40,0,14-3-30 23:29:5,1
4LPGXUB7SI,118.456,28.9127,35281,0,35,0,14-3-30 23:31:6,1
4LPGXUB7SI,118.456,28.9127,35281,0,35,0,14-3-30 23:33:8,1
4LPGXUB7SI,118.456,28.9127,35281,0,35,0,14-3-30 23:35:9,1
4LPGXUB7SI,118.456,28.9127,35281,0,35,0,14-3-30 23:37:11,1
4LPGXUB7SI,118.456,28.9127,35281,0,35,0,14-3-30 23:39:12,1
4LPGXUB7SI,118.456,28.9127,35281,0,35,0,14-3-30 23:41:14,1
4LPGXUB7SI,118.456,28.9127,35281,0,35,0,14-3-30 23:43:15,1
4LPGXUB7SI,118.456,28.9127,35281,0,35,0,14-3-30 23:45:17,1
4LPGXUB7SI,118.456,28.9127,35281,0,35,0,14-3-30 23:47:18,1
4LPGXUB7SI,118.456,28.9127,35281,0,35,0,14-3-30 23:49:20,1
4LPGXUB7SI,118.456,28.9127,35281,0,35,0,14-3-30 23:51:21,1
4LPGXUB7SI,118.456,28.9127,35281,0,35,0,14-3-30 23:53:22,1
4LPGXUB7SI,118.456,28.9127,35281,0,35,0,14-3-30 23:55:24,1
4LPGXUB7SI,118.456,28.9127,35281,0,35,0,14-3-30 23:57:25,1
4LPGXUB7SI,118.456,28.9127,35281,0,35,0,14-3-30 23:59:27,1
4LPGXUB7SI,118.456,28.9127,35281,0,35,0,14-3-31 0:1:28,1
4LPGXUB7SI,118.456,28.9127,35281,0,35,0,14-3-31 0:3:30,1
4LPGXUB7SI,118.456,28.9127,35281,0,35,0,14-3-31 0:5:31,1
4LPGXUB7SI,118.456,28.9127,35281,0,35,0,14-3-31 0:7:33,1
4LPGXUB7SI,118.456,28.9127,35281,0,35,0,14-3-31 0:9:34,1
4LPGXUB7SI,118.456,28.9127,35281,0,35,0,14-3-31 0:11:36,1
4LPGXUB7SI,118.456,28.9127,35281,0,35,0,14-3-31 0:13:37,1
4LPGXUB7SI,118.456,28.9127,35281,0,35,0,14-3-31 0:15:39,1
4LPGXUB7SI,118.456,28.9127,35281,0,35,0,14-3-31 0:17:40,1
4LPGXUB7SI,118.456,28.9127,35281,0,35,0,14-3-31 0:19:41,1
4LPGXUB7SI,118.456,28.9127,35281,0,35,0,14-3-31 0:21:43,1
4LPGXUB7SI,118.456,28.9127,35281,0,35,0,14-3-31 0:23:44,1
4LPGXUB7SI,118.456,28.9127,35281,0,35,0,14-3-31 0:25:46,1
4LPGXUB7SI,118.456,28.9127,35281,0,35,0,14-3-31 0:27:47,1
4LPGXUB7SI,118.456,28.9127,35281,0,35,0,14-3-31 0:29:49,1
4LPGXUB7SI,118.456,28.9127,35281,0,35,0,14-3-31 0:31:50,1
4LPGXUB7SI,118.456,28.9127,35281,0,35,0,14-3-31 0:33:52,1
4LPGXUB7SI,118.456,28.9127,35281,0,35,0,14-3-31 0:35:53,1
4LPGXUB7SI,118.456,28.9127,35281,0,35,0,14-3-31 0:37:55,1
4LPGXUB7SI,118.456,28.9127,35281,0,35,0,14-3-31 0:39:56,1
4LPGXUB7SI,118.456,28.9127,35281,0,35,0,14-3-31 0:41:57,1
4LPGXUB7SI,118.456,28.9127,35281,0,35,0,14-3-31 0:43:59,1
4LPGXUB7SI,118.456,28.9127,35281,0,35,0,14-3-31 0:46:0,1
4LPGXUB7SI,118.456,28.9127,35281,0,35,0,14-3-31 0:48:2,1
4LPGXUB7SI,118.456,28.9127,35281,0,35,0,14-3-31 0:50:3,1
4LPGXUB7SI,118.456,28.9127,35281,0,35,0,14-3-31 0:52:5,1
4LPGXUB7SI,118.456,28.9127,35281,0,35,0,14-3-31 0:54:6,1
4LPGXUB7SI,118.456,28.9127,35281,0,35,0,14-3-31 0:56:8,1
4LPGXUB7SI,118.456,28.9127,35281,0,35,0,14-3-31 0:58:9,1
4LPGXUB7SI,118.456,28.9127,35281,0,35,0,14-3-31 1:0:11,1
4LPGXUB7SI,118.456,28.9127,35281,0,35,0,14-3-31 1:2:12,1
4LPGXUB7SI,118.456,28.9127,35281,0,35,0,14-3-31 1:4:13,1
4LPGXUB7SI,118.456,28.9127,35281,0,35,0,14-3-31 1:6:15,1
4LPGXUB7SI,118.456,28.9127,35281,0,35,0,14-3-31 1:8:16,1
4LPGXUB7SI,118.456,28.9127,35281,0,35,0,14-3-31 1:10:18,1
4LPGXUB7SI,118.456,28.9127,35281,0,35,0,14-3-31 1:12:19,1
4LPGXUB7SI,118.456,28.9127,35281,0,35,0,14-3-31 1:14:21,1
4LPGXUB7SI,118.456,28.9127,35281,0,35,0,14-3-31 1:16:22,1
4LPGXUB7SI,118.456,28.9127,35281,0,35,0,14-3-31 1:18:24,1
4LPGXUB7SI,118.456,28.9127,35281,0,35,0,14-3-31 1:20:25,1
4LPGXUB7SI,118.456,28.9127,35281,0,35,0,14-3-31 1:22:27,1
4LPGXUB7SI,118.456,28.9127,35281,0,35,0,14-3-31 1:24:28,1
4LPGXUB7SI,118.456,28.9127,35281,0,35,0,14-3-31 1:26:30,1
4LPGXUB7SI,118.456,28.9127,35281,0,35,0,14-3-31 1:28:31,1
4LPGXUB7SI,118.456,28.9127,35281,0,35,0,14-3-31 1:30:32,1
4LPGXUB7SI,118.456,28.9127,35281,0,35,0,14-3-31 1:32:34,1
4LPGXUB7SI,118.457,28.9131,35281,0,30,0,14-3-31 1:34:35,1
4LPGXUB7SI,118.457,28.9131,35281,0,30,0,14-3-31 1:36:37,1
4LPGXUB7SI,118.457,28.9131,35281,0,30,0,14-3-31 1:38:38,1
4LPGXUB7SI,118.457,28.9131,35281,0,30,0,14-3-31 1:40:40,1
4LPGXUB7SI,118.457,28.9131,35281,0,30,0,14-3-31 1:42:41,1
4LPGXUB7SI,118.457,28.9131,35281,0,30,0,14-3-31 1:44:43,1
4LPGXUB7SI,118.457,28.9131,35281,0,30,0,14-3-31 1:46:44,1
4LPGXUB7SI,118.457,28.9131,35281,0,30,0,14-3-31 1:48:46,1
4LPGXUB7SI,118.457,28.9131,35281,0,30,0,14-3-31 1:50:47,1
4LPGXUB7SI,118.457,28.9131,35281,0,30,0,14-3-31 1:52:49,1
4LPGXUB7SI,118.46,28.9157,35285,34,25,0,14-3-31 1:54:50,1
4LPGXUB7SI,118.477,28.9239,35303,69,35,0,14-3-31 1:56:51,1
4LPGXUB7SI,118.502,28.9274,35327,69,35,0,14-3-31 1:58:53,1
4LPGXUB7SI,118.521,28.9373,35348,68,25,0,14-3-31 2:0:54,1
4LPGXUB7SI,118.545,28.9462,35373,80,35,0,14-3-31 2:2:56,1
4LPGXUB7SI,118.572,28.9502,35400,80,45,0,14-3-31 2:4:57,1
4LPGXUB7SI,118.601,28.9456,35427,79,50,0,14-3-31 2:6:59,1
4LPGXUB7SI,118.626,28.9418,35452,68,45,0,14-3-31 2:9:0,1
4LPGXUB7SI,118.651,28.9446,35476,66,35,0,14-3-31 2:11:2,1
4LPGXUB7SI,118.67,28.9481,35496,66,40,0,14-3-31 2:13:3,1
4LPGXUB7SI,118.694,28.9491,35521,68,40,0,14-3-31 2:15:5,1
4LPGXUB7SI,118.717,28.9551,35544,69,30,0,14-3-31 2:17:6,1
4LPGXUB7SI,118.74,28.9637,35568,71,30,0,14-3-31 2:19:8,1
4LPGXUB7SI,118.764,28.9712,35592,75,35,0,14-3-31 2:21:9,1
4LPGXUB7SI,118.789,28.976,35616,69,30,0,14-3-31 2:23:10,1
4LPGXUB7SI,118.812,28.9852,35641,77,35,0,14-3-31 2:25:12,1
4LPGXUB7SI,118.837,28.9885,35665,75,40,0,14-3-31 2:27:13,1
4LPGXUB7SI,118.863,28.9959,35691,77,30,0,14-3-31 2:29:15,1
4LPGXUB7SI,118.886,29.0037,35714,71,30,0,14-3-31 2:31:16,1
4LPGXUB7SI,118.911,29.0068,35739,75,45,0,14-3-31 2:33:18,1
4LPGXUB7SI,118.936,29.0061,35763,79,40,0,14-3-31 2:35:19,1
4LPGXUB7SI,118.963,29.0101,35789,75,35,0,14-3-31 2:37:21,1
4LPGXUB7SI,118.988,29.0173,35814,75,30,0,14-3-31 2:39:22,1
4LPGXUB7SI,119.013,29.0226,35839,69,35,0,14-3-31 2:41:24,1
4LPGXUB7SI,119.035,29.0336,35863,73,25,0,14-3-31 2:43:25,1
4LPGXUB7SI,119.058,29.0414,35887,69,35,0,14-3-31 2:45:26,1
4LPGXUB7SI,119.084,29.0431,35911,75,40,0,14-3-31 2:47:28,1
4LPGXUB7SI,119.108,29.0469,35935,71,35,0,14-3-31 2:49:29,1
4LPGXUB7SI,119.131,29.0556,35958,69,25,0,14-3-31 2:51:31,1
4LPGXUB7SI,119.153,29.0668,35982,73,30,0,14-3-31 2:53:32,1
4LPGXUB7SI,119.175,29.0752,36005,66,30,0,14-3-31 2:55:34,1
4LPGXUB7SI,119.2,29.0816,36029,73,40,0,14-3-31 2:57:35,1
4LPGXUB7SI,119.225,29.0835,36054,68,40,0,14-3-31 2:59:37,1
4LPGXUB7SI,119.25,29.0899,36079,75,30,0,14-3-31 3:1:38,1
4LPGXUB7SI,119.276,29.0964,36105,71,40,0,14-3-31 3:3:40,1
4LPGXUB7SI,119.324,29.1021,36153,69,55,0,14-3-31 3:7:44,1
4LPGXUB7SI,119.348,29.0953,36176,77,45,0,14-3-31 3:9:44,1
4LPGXUB7SI,119.372,29.0963,36199,62,35,0,14-3-31 3:11:46,1
4LPGXUB7SI,119.396,29.0988,36222,68,40,0,14-3-31 3:13:47,1
4LPGXUB7SI,119.42,29.1063,36247,73,20,0,14-3-31 3:15:48,1
4LPGXUB7SI,119.442,29.1201,36273,75,30,0,14-3-31 3:17:50,1
4LPGXUB7SI,119.462,29.1318,36296,71,25,0,14-3-31 3:19:51,1
4LPGXUB7SI,119.487,29.1357,36320,64,45,0,14-3-31 3:21:53,1
4LPGXUB7SI,119.512,29.1356,36344,71,40,0,14-3-31 3:23:54,1
4LPGXUB7SI,119.536,29.1337,36367,69,50,0,14-3-31 3:25:56,1
4LPGXUB7SI,119.56,29.131,36391,71,40,0,14-3-31 3:27:57,1
4LPGXUB7SI,119.585,29.1315,36415,69,40,0,14-3-31 3:29:59,1
4LPGXUB7SI,119.61,29.1368,36438,69,35,0,14-3-31 3:32:0,1
4LPGXUB7SI,119.634,29.1414,36462,68,35,0,14-3-31 3:34:2,1
4LPGXUB7SI,119.657,29.1456,36485,73,40,0,14-3-31 3:36:3,1
4LPGXUB7SI,119.683,29.15,36510,77,30,0,14-3-31 3:38:4,1
4LPGXUB7SI,119.705,29.1602,36533,64,25,0,14-3-31 3:40:6,1
4LPGXUB7SI,119.723,29.1734,36556,66,20,0,14-3-31 3:42:7,1
4LPGXUB7SI,119.746,29.1845,36581,66,35,0,14-3-31 3:44:9,1
4LPGXUB7SI,119.77,29.1929,36605,73,25,0,14-3-31 3:46:10,1
4LPGXUB7SI,119.793,29.2034,36630,73,30,0,14-3-31 3:48:12,1
4LPGXUB7SI,119.814,29.2151,36654,69,30,0,14-3-31 3:50:13,1
4LPGXUB7SI,119.838,29.2264,36679,77,30,0,14-3-31 3:52:15,1
4LPGXUB7SI,119.86,29.2358,36704,73,25,0,14-3-31 3:54:16,1
4LPGXUB7SI,119.881,29.2481,36727,68,30,0,14-3-31 3:56:18,1
4LPGXUB7SI,119.901,29.2605,36751,73,15,0,14-3-31 3:58:19,1
4LPGXUB7SI,119.917,29.2782,36775,69,20,0,14-3-31 4:0:20,1
4LPGXUB7SI,119.934,29.293,36798,73,25,0,14-3-31 4:2:22,1
4LPGXUB7SI,119.954,29.3056,36821,69,25,0,14-3-31 4:4:23,1
4LPGXUB7SI,119.972,29.3212,36846,75,15,0,14-3-31 4:6:25,1
4LPGXUB7SI,119.986,29.3396,36870,69,15,0,14-3-31 4:8:28,1
4LPGXUB7SI,120.004,29.3549,36894,77,25,0,14-3-31 4:10:28,1
4LPGXUB7SI,120.022,29.3728,36920,73,5,0,14-3-31 4:12:29,1
4LPGXUB7SI,120.031,29.3948,36946,79,15,0,14-3-31 4:14:30,1
4LPGXUB7SI,120.03,29.4163,36971,73,155,0,14-3-31 4:16:32,1
4LPGXUB7SI,120.021,29.437,36997,75,10,0,14-3-31 4:18:34,1
4LPGXUB7SI,120.03,29.4585,37022,79,15,0,14-3-31 4:20:35,1
4LPGXUB7SI,120.041,29.4779,37045,68,10,0,14-3-31 4:22:36,1
4LPGXUB7SI,120.053,29.4912,37064,20,30,0,14-3-31 4:24:38,1
4LPGXUB7SI,120.053,29.4915,37064,0,30,0,14-3-31 4:26:39,1
4LPGXUB7SI,120.053,29.4915,37064,0,30,0,14-3-31 4:28:41,1
4LPGXUB7SI,120.053,29.4915,37064,0,30,0,14-3-31 4:30:42,1
4LPGXUB7SI,120.053,29.4915,37064,0,30,0,14-3-31 4:32:44,1
4LPGXUB7SI,120.053,29.4915,37064,0,30,0,14-3-31 4:34:45,1
4LPGXUB7SI,120.053,29.4915,37064,0,30,0,14-3-31 4:36:46,1
4LPGXUB7SI,120.053,29.4915,37064,0,30,0,14-3-31 4:38:48,1
4LPGXUB7SI,120.053,29.4915,37064,0,30,0,14-3-31 4:40:55,1
4LPGXUB7SI,120.053,29.4915,37064,0,30,0,14-3-31 4:42:57,1
4LPGXUB7SI,120.053,29.4915,37064,0,30,0,14-3-31 4:44:58,1
4LPGXUB7SI,120.053,29.4915,37064,0,30,0,14-3-31 4:47:0,1
4LPGXUB7SI,120.053,29.4915,37064,0,30,0,14-3-31 4:49:1,1
4LPGXUB7SI,120.053,29.4915,37064,0,30,0,14-3-31 4:51:2,1
4LPGXUB7SI,120.053,29.4915,37064,0,30,0,14-3-31 4:53:4,1
4LPGXUB7SI,120.053,29.4915,37064,0,30,0,14-3-31 4:55:6,1
4LPGXUB7SI,120.053,29.4915,37064,0,30,0,14-3-31 4:57:7,1
4LPGXUB7SI,120.053,29.4915,37064,0,30,0,14-3-31 4:59:8,1
4LPGXUB7SI,120.053,29.4915,37064,0,30,0,14-3-31 5:1:10,1
4LPGXUB7SI,120.053,29.4915,37064,0,30,0,14-3-31 5:3:11,1
4LPGXUB7SI,120.053,29.4915,37064,0,30,0,14-3-31 5:5:13,1
4LPGXUB7SI,120.053,29.4915,37064,0,30,0,14-3-31 5:7:14,1
4LPGXUB7SI,120.053,29.4915,37064,0,30,0,14-3-31 5:9:16,1
4LPGXUB7SI,120.053,29.4915,37064,0,30,0,14-3-31 5:11:17,1
4LPGXUB7SI,120.053,29.4915,37064,0,30,0,14-3-31 5:13:19,1
4LPGXUB7SI,120.053,29.4915,37064,0,30,0,14-3-31 5:15:20,1
4LPGXUB7SI,120.053,29.4915,37064,0,30,0,14-3-31 5:17:21,1
4LPGXUB7SI,120.053,29.4915,37064,0,30,0,14-3-31 5:19:23,1
4LPGXUB7SI,120.053,29.4915,37064,0,30,0,14-3-31 5:21:24,1
4LPGXUB7SI,120.053,29.4915,37064,0,30,0,14-3-31 5:23:26,1
4LPGXUB7SI,120.053,29.4915,37064,0,30,0,14-3-31 5:25:27,1
4LPGXUB7SI,120.053,29.4915,37064,0,30,0,14-3-31 5:27:29,1
4LPGXUB7SI,120.053,29.4915,37064,0,30,0,14-3-31 5:29:30,1
4LPGXUB7SI,120.053,29.4915,37064,0,30,0,14-3-31 5:31:32,1
4LPGXUB7SI,120.053,29.4915,37064,0,30,0,14-3-31 5:33:33,1
4LPGXUB7SI,120.054,29.4919,37065,14,35,0,14-3-31 5:35:35,1
4LPGXUB7SI,120.064,29.4944,37075,36,35,0,14-3-31 5:37:36,1
4LPGXUB7SI,120.074,29.4992,37087,23,25,0,14-3-31 5:39:37,1
4LPGXUB7SI,120.075,29.5037,37094,0,20,0,14-3-31 5:43:42,1
4LPGXUB7SI,120.076,29.5042,37095,0,20,0,14-3-31 5:45:42,1
4LPGXUB7SI,120.076,29.5042,37095,0,20,0,14-3-31 5:47:5,1
4LPGXUB7SI,120.076,29.5042,37095,0,20,0,14-3-31 5:47:14,1
