4LF4XUB7SI,116.816,40.3578,0,0,0,0,14-3-29 10:7:10,1
4LF4XUB7SI,116.816,40.3578,0,0,0,0,14-3-29 10:7:21,1
4LF4XUB7SI,116.816,40.3578,0,0,0,0,14-3-29 10:7:43,1
4LF4XUB7SI,116.816,40.3578,0,0,0,0,14-3-29 10:9:44,1
4LF4XUB7SI,116.816,40.3578,0,0,0,0,14-3-29 10:11:45,1
4LF4XUB7SI,116.816,40.3578,0,0,0,0,14-3-29 10:13:46,1
4LF4XUB7SI,116.816,40.3578,0,0,0,0,14-3-29 10:15:47,1
4LF4XUB7SI,116.816,40.3578,0,0,0,0,14-3-29 10:17:48,1
4LF4XUB7SI,116.816,40.3578,0,0,0,0,14-3-29 10:19:49,1
4LF4XUB7SI,116.816,40.3578,0,0,0,0,14-3-29 10:21:50,1
4LF4XUB7SI,116.816,40.3578,0,0,0,0,14-3-29 10:23:51,1
4LF4XUB7SI,116.816,40.3578,0,0,0,0,14-3-29 10:25:52,1
4LF4XUB7SI,116.816,40.3578,0,0,0,0,14-3-29 10:27:53,1
4LF4XUB7SI,116.816,40.3578,0,0,0,0,14-3-29 10:29:54,1
4LF4XUB7SI,116.816,40.3578,0,0,0,0,14-3-29 10:31:55,1
4LF4XUB7SI,116.816,40.3578,0,0,0,0,14-3-29 10:33:56,1
4LF4XUB7SI,116.816,40.3578,0,0,0,0,14-3-29 10:35:57,1
4LF4XUB7SI,116.816,40.3578,0,0,0,0,14-3-29 10:37:58,1
4LF4XUB7SI,116.816,40.3578,0,0,0,0,14-3-29 10:39:59,1
4LF4XUB7SI,116.816,40.3578,0,0,0,0,14-3-29 10:42:0,1
4LF4XUB7SI,116.816,40.3578,0,0,0,0,14-3-29 10:44:1,1
4LF4XUB7SI,116.816,40.3578,0,0,0,0,14-3-29 10:46:2,1
4LF4XUB7SI,116.816,40.3578,0,0,0,0,14-3-29 10:48:3,1
4LF4XUB7SI,116.816,40.3578,0,0,0,0,14-3-29 10:50:4,1
4LF4XUB7SI,116.816,40.3578,0,0,0,0,14-3-29 10:52:5,1
4LF4XUB7SI,116.816,40.3578,0,0,0,0,14-3-29 10:54:6,1
4LF4XUB7SI,116.816,40.3578,0,0,0,0,14-3-29 10:56:7,1
4LF4XUB7SI,116.816,40.3578,0,0,0,0,14-3-29 10:58:8,1
4LF4XUB7SI,116.816,40.3578,0,0,0,0,14-3-29 11:0:9,1
4LF4XUB7SI,116.816,40.3578,0,0,0,0,14-3-29 11:2:10,1
4LF4XUB7SI,116.816,40.3578,0,0,0,0,14-3-29 11:4:11,1
4LF4XUB7SI,116.816,40.3578,0,0,0,0,14-3-29 11:6:12,1
4LF4XUB7SI,116.816,40.3578,0,0,0,0,14-3-29 11:8:9,1
4LF4XUB7SI,116.816,40.3578,0,0,0,0,14-3-29 11:10:10,1
4LF4XUB7SI,116.816,40.3578,0,0,0,0,14-3-29 11:12:11,1
4LF4XUB7SI,116.816,40.3578,0,0,0,0,14-3-29 11:14:12,1
4LF4XUB7SI,116.816,40.3578,0,0,0,0,14-3-29 11:16:13,1
4LF4XUB7SI,116.816,40.3578,0,0,0,0,14-3-29 11:18:14,1
4LF4XUB7SI,116.816,40.3578,0,0,0,0,14-3-29 11:20:16,1
4LF4XUB7SI,116.816,40.3578,0,0,0,0,14-3-29 11:22:16,1
4LF4XUB7SI,116.816,40.3578,0,0,0,0,14-3-29 11:24:17,1
4LF4XUB7SI,116.816,40.3578,0,0,0,0,14-3-29 11:26:18,1
4LF4XUB7SI,116.816,40.3578,0,0,0,0,14-3-29 11:28:19,1
4LF4XUB7SI,116.816,40.3578,0,0,0,0,14-3-29 11:30:20,1
4LF4XUB7SI,116.816,40.3578,0,0,0,0,14-3-29 11:32:21,1
4LF4XUB7SI,116.816,40.3578,0,0,0,0,14-3-29 11:34:22,1
4LF4XUB7SI,116.816,40.3578,0,0,0,0,14-3-29 11:36:23,1
4LF4XUB7SI,116.816,40.3578,0,0,0,0,14-3-29 11:38:24,1
4LF4XUB7SI,116.816,40.3578,0,0,0,0,14-3-29 11:40:25,1
4LF4XUB7SI,116.816,40.3578,0,0,0,0,14-3-29 11:42:26,1
4LF4XUB7SI,116.816,40.3578,0,0,0,0,14-3-29 11:44:27,1
4LF4XUB7SI,116.816,40.3578,0,0,0,0,14-3-29 11:46:28,1
4LF4XUB7SI,116.816,40.3578,0,0,0,0,14-3-29 11:48:29,1
4LF4XUB7SI,116.816,40.3578,0,0,0,0,14-3-29 11:50:30,1
4LF4XUB7SI,116.816,40.3578,0,0,0,0,14-3-29 11:52:31,1
4LF4XUB7SI,116.816,40.3578,0,0,0,0,14-3-29 11:54:32,1
4LF4XUB7SI,116.816,40.3578,0,0,0,0,14-3-29 11:56:33,1
4LF4XUB7SI,116.816,40.3578,0,0,0,0,14-3-29 11:58:34,1
4LF4XUB7SI,116.816,40.3578,0,0,0,0,14-3-29 12:0:35,1
4LF4XUB7SI,116.816,40.3578,0,0,0,0,14-3-29 12:2:36,1
4LF4XUB7SI,116.816,40.3578,0,0,0,0,14-3-29 12:4:37,1
4LF4XUB7SI,116.816,40.3578,0,0,0,0,14-3-29 12:6:38,1
4LF4XUB7SI,116.816,40.3578,0,0,0,0,14-3-29 12:8:36,1
4LF4XUB7SI,116.816,40.3578,0,0,0,0,14-3-29 12:10:38,1
4LF4XUB7SI,116.816,40.3578,0,0,0,0,14-3-29 12:12:38,1
4LF4XUB7SI,116.816,40.3578,0,0,0,0,14-3-29 12:14:39,1
4LF4XUB7SI,116.816,40.3578,0,0,0,0,14-3-29 12:16:40,1
4LF4XUB7SI,116.816,40.3578,0,0,0,0,14-3-29 12:18:41,1
4LF4XUB7SI,116.816,40.3578,0,0,0,0,14-3-29 12:20:42,1
4LF4XUB7SI,116.816,40.3578,0,0,0,0,14-3-29 12:22:43,1
4LF4XUB7SI,116.816,40.3578,0,0,0,0,14-3-29 12:24:44,1
4LF4XUB7SI,116.816,40.3578,0,0,0,0,14-3-29 12:26:45,1
4LF4XUB7SI,116.816,40.3578,0,0,0,0,14-3-29 12:28:46,1
4LF4XUB7SI,116.816,40.3578,0,0,0,0,14-3-29 12:30:47,1
4LF4XUB7SI,116.816,40.3578,0,0,0,0,14-3-29 12:32:48,1
4LF4XUB7SI,116.816,40.3578,0,0,0,0,14-3-29 12:34:49,1
4LF4XUB7SI,116.816,40.3578,0,0,0,0,14-3-29 12:36:50,1
4LF4XUB7SI,116.816,40.3578,0,0,0,0,14-3-29 12:38:51,1
4LF4XUB7SI,116.816,40.3578,0,0,0,0,14-3-29 12:40:52,1
4LF4XUB7SI,116.816,40.3578,0,0,0,0,14-3-29 12:42:53,1
4LF4XUB7SI,116.816,40.3578,0,0,0,0,14-3-29 12:44:54,1
4LF4XUB7SI,116.816,40.3578,0,0,0,0,14-3-29 12:46:55,1
4LF4XUB7SI,116.816,40.3578,0,0,0,0,14-3-29 12:48:56,1
4LF4XUB7SI,116.816,40.3578,0,0,0,0,14-3-29 12:50:57,1
4LF4XUB7SI,116.816,40.3578,0,0,0,0,14-3-29 12:52:58,1
4LF4XUB7SI,116.816,40.3578,0,0,0,0,14-3-29 12:54:59,1
4LF4XUB7SI,116.816,40.3578,0,0,0,0,14-3-29 12:57:0,1
4LF4XUB7SI,116.816,40.3578,0,0,0,0,14-3-29 12:59:1,1
4LF4XUB7SI,116.816,40.3578,0,0,0,0,14-3-29 13:1:2,1
4LF4XUB7SI,116.816,40.3578,0,0,0,0,14-3-29 13:3:3,1
4LF4XUB7SI,116.816,40.3578,0,0,0,0,14-3-29 13:5:4,1
4LF4XUB7SI,116.816,40.3578,0,0,0,0,14-3-29 13:7:1,1
4LF4XUB7SI,116.816,40.3578,0,0,0,0,14-3-29 13:9:2,1
4LF4XUB7SI,116.816,40.3578,0,0,0,0,14-3-29 13:11:3,1
4LF4XUB7SI,116.816,40.3578,0,0,0,0,14-3-29 13:13:4,1
4LF4XUB7SI,116.816,40.3578,0,0,0,0,14-3-29 13:15:5,1
4LF4XUB7SI,116.816,40.3578,0,0,0,0,14-3-29 13:17:6,1
4LF4XUB7SI,116.816,40.3578,0,0,0,0,14-3-29 13:19:7,1
4LF4XUB7SI,116.816,40.3578,0,0,0,0,14-3-29 13:21:8,1
4LF4XUB7SI,116.816,40.3578,0,0,0,0,14-3-29 13:23:9,1
4LF4XUB7SI,116.816,40.3578,0,0,0,0,14-3-29 13:25:10,1
4LF4XUB7SI,116.816,40.3578,0,0,0,0,14-3-29 13:27:11,1
4LF4XUB7SI,116.816,40.3578,0,0,0,0,14-3-29 13:29:12,1
4LF4XUB7SI,116.816,40.3578,0,0,0,0,14-3-29 13:31:13,1
4LF4XUB7SI,116.816,40.3578,0,0,0,0,14-3-29 13:33:14,1
4LF4XUB7SI,116.816,40.3578,0,0,0,0,14-3-29 13:35:15,1
4LF4XUB7SI,116.816,40.3578,0,0,0,0,14-3-29 13:37:16,1
4LF4XUB7SI,116.816,40.3578,0,0,0,0,14-3-29 13:39:17,1
4LF4XUB7SI,116.816,40.3578,0,0,0,0,14-3-29 13:41:18,1
4LF4XUB7SI,116.816,40.3578,0,0,0,0,14-3-29 13:43:19,1
4LF4XUB7SI,116.816,40.3578,0,0,0,0,14-3-29 13:45:20,1
4LF4XUB7SI,116.816,40.3578,0,0,0,0,14-3-29 13:47:21,1
4LF4XUB7SI,116.816,40.3578,0,0,0,0,14-3-29 13:49:22,1
4LF4XUB7SI,116.816,40.3578,0,0,0,0,14-3-29 13:51:23,1
4LF4XUB7SI,116.816,40.3578,0,0,0,0,14-3-29 13:53:24,1
4LF4XUB7SI,116.816,40.3578,0,0,0,0,14-3-29 13:55:25,1
4LF4XUB7SI,116.816,40.3578,0,0,0,0,14-3-29 13:57:26,1
4LF4XUB7SI,116.816,40.3578,0,0,0,0,14-3-29 13:59:27,1
4LF4XUB7SI,116.816,40.3578,0,0,0,0,14-3-29 14:1:28,1
4LF4XUB7SI,116.816,40.3578,0,0,0,0,14-3-29 14:3:29,1
4LF4XUB7SI,116.816,40.3578,0,0,0,0,14-3-29 14:5:30,1
4LF4XUB7SI,116.816,40.3578,0,0,0,0,14-3-29 14:7:27,1
4LF4XUB7SI,116.816,40.3578,0,0,0,0,14-3-29 14:9:28,1
4LF4XUB7SI,116.816,40.3578,0,0,0,0,14-3-29 14:11:29,1
4LF4XUB7SI,116.816,40.3578,0,0,0,0,14-3-29 14:13:30,1
4LF4XUB7SI,116.816,40.3578,0,0,0,0,14-3-29 14:15:31,1
4LF4XUB7SI,116.816,40.3578,0,0,0,0,14-3-29 14:17:32,1
4LF4XUB7SI,116.816,40.3578,0,0,0,0,14-3-29 14:19:33,1
4LF4XUB7SI,116.816,40.3578,0,0,0,0,14-3-29 14:21:34,1
4LF4XUB7SI,116.816,40.3578,0,0,0,0,14-3-29 14:23:35,1
4LF4XUB7SI,116.816,40.3578,0,0,0,0,14-3-29 14:25:36,1
4LF4XUB7SI,116.816,40.3578,0,0,0,0,14-3-29 14:27:38,1
4LF4XUB7SI,116.816,40.3578,0,0,0,0,14-3-29 14:29:38,1
4LF4XUB7SI,116.812,40.3575,0,0,0,0,14-3-29 14:31:39,1
4LF4XUB7SI,116.812,40.3575,0,0,0,0,14-3-29 14:33:40,1
4LF4XUB7SI,116.816,40.3578,0,0,0,0,14-3-29 14:35:41,1
4LF4XUB7SI,116.812,40.3575,0,0,0,0,14-3-29 14:37:42,1
4LF4XUB7SI,116.812,40.3575,0,0,0,0,14-3-29 14:39:43,1
4LF4XUB7SI,116.812,40.3575,0,0,0,0,14-3-29 14:41:44,1
4LF4XUB7SI,116.812,40.3575,0,0,0,0,14-3-29 14:43:45,1
4LF4XUB7SI,116.812,40.3575,0,0,0,0,14-3-29 14:45:46,1
4LF4XUB7SI,116.812,40.3575,0,0,0,0,14-3-29 14:47:47,1
4LF4XUB7SI,116.812,40.3575,0,0,0,0,14-3-29 14:49:48,1
4LF4XUB7SI,116.812,40.3575,0,0,0,0,14-3-29 14:51:49,1
4LF4XUB7SI,116.812,40.3575,0,0,0,0,14-3-29 14:53:50,1
4LF4XUB7SI,116.812,40.3575,0,0,0,0,14-3-29 14:55:51,1
4LF4XUB7SI,116.812,40.3575,0,0,0,0,14-3-29 14:57:52,1
4LF4XUB7SI,116.816,40.3578,0,0,0,0,14-3-29 14:59:53,1
4LF4XUB7SI,116.816,40.3578,0,0,0,0,14-3-29 15:1:54,1
4LF4XUB7SI,116.816,40.3578,0,0,0,0,14-3-29 15:3:55,1
4LF4XUB7SI,116.816,40.3578,0,0,0,0,14-3-29 15:5:56,1
4LF4XUB7SI,116.816,40.3578,0,0,0,0,14-3-29 15:7:53,1
4LF4XUB7SI,116.816,40.3578,0,0,0,0,14-3-29 15:9:54,1
4LF4XUB7SI,116.816,40.3578,0,0,0,0,14-3-29 15:11:55,1
4LF4XUB7SI,116.813,40.3645,0,0,0,0,14-3-29 15:13:56,1
4LF4XUB7SI,116.812,40.3575,0,0,0,0,14-3-29 15:15:57,1
4LF4XUB7SI,116.812,40.3575,0,0,0,0,14-3-29 15:17:58,1
4LF4XUB7SI,116.812,40.3575,0,0,0,0,14-3-29 15:19:59,1
4LF4XUB7SI,116.812,40.3575,0,0,0,0,14-3-29 15:22:0,1
4LF4XUB7SI,116.816,40.3578,0,0,0,0,14-3-29 15:24:1,1
4LF4XUB7SI,116.816,40.3578,0,0,0,0,14-3-29 15:26:2,1
4LF4XUB7SI,116.816,40.3578,0,0,0,0,14-3-29 15:28:3,1
4LF4XUB7SI,116.816,40.3578,0,0,0,0,14-3-29 15:30:4,1
4LF4XUB7SI,116.816,40.3578,0,0,0,0,14-3-29 15:32:5,1
4LF4XUB7SI,116.816,40.3578,0,0,0,0,14-3-29 15:34:6,1
4LF4XUB7SI,116.816,40.3578,0,0,0,0,14-3-29 15:36:7,1
4LF4XUB7SI,116.816,40.3578,0,0,0,0,14-3-29 15:38:8,1
4LF4XUB7SI,116.816,40.3578,0,0,0,0,14-3-29 15:40:9,1
4LF4XUB7SI,116.816,40.3578,0,0,0,0,14-3-29 15:42:10,1
4LF4XUB7SI,116.816,40.3578,0,0,0,0,14-3-29 15:44:11,1
4LF4XUB7SI,116.816,40.3578,0,0,0,0,14-3-29 15:46:12,1
4LF4XUB7SI,116.816,40.3578,0,0,0,0,14-3-29 15:48:13,1
4LF4XUB7SI,116.816,40.3578,0,0,0,0,14-3-29 15:50:14,1
4LF4XUB7SI,116.816,40.3578,0,0,0,0,14-3-29 15:52:15,1
4LF4XUB7SI,116.816,40.3578,0,0,0,0,14-3-29 15:54:16,1
4LF4XUB7SI,116.816,40.3578,0,0,0,0,14-3-29 15:56:17,1
4LF4XUB7SI,116.816,40.3578,0,0,0,0,14-3-29 15:58:18,1
4LF4XUB7SI,116.816,40.3578,0,0,0,0,14-3-29 16:0:19,1
4LF4XUB7SI,116.816,40.3578,0,0,0,0,14-3-29 16:2:20,1
4LF4XUB7SI,116.816,40.3578,0,0,0,0,14-3-29 16:4:21,1
4LF4XUB7SI,116.816,40.3578,0,0,0,0,14-3-29 16:6:22,1
4LF4XUB7SI,116.816,40.3578,0,0,0,0,14-3-29 16:8:19,1
4LF4XUB7SI,116.816,40.3578,0,0,0,0,14-3-29 16:10:20,1
4LF4XUB7SI,116.816,40.3578,0,0,0,0,14-3-29 16:12:21,1
4LF4XUB7SI,116.816,40.3578,0,0,0,0,14-3-29 16:14:22,1
4LF4XUB7SI,116.816,40.3578,0,0,0,0,14-3-29 16:16:23,1
4LF4XUB7SI,116.816,40.3578,0,0,0,0,14-3-29 16:18:24,1
4LF4XUB7SI,116.812,40.3575,0,0,0,0,14-3-29 16:20:25,1
4LF4XUB7SI,116.812,40.3575,0,0,0,0,14-3-29 16:22:26,1
4LF4XUB7SI,116.809,40.3608,0,0,0,0,14-3-29 16:24:27,1
4LF4XUB7SI,116.809,40.3608,0,0,0,0,14-3-29 16:26:28,1
4LF4XUB7SI,116.809,40.3608,0,0,0,0,14-3-29 16:28:29,1
4LF4XUB7SI,116.809,40.3608,0,0,0,0,14-3-29 16:30:31,1
4LF4XUB7SI,116.809,40.3608,0,0,0,0,14-3-29 16:32:31,1
4LF4XUB7SI,116.809,40.3608,0,0,0,0,14-3-29 16:34:32,1
4LF4XUB7SI,116.809,40.3608,0,0,0,0,14-3-29 16:36:33,1
4LF4XUB7SI,116.809,40.3608,0,0,0,0,14-3-29 16:38:34,1
4LF4XUB7SI,116.809,40.3608,0,0,0,0,14-3-29 16:40:35,1
4LF4XUB7SI,116.809,40.3608,0,0,0,0,14-3-29 16:42:36,1
4LF4XUB7SI,116.809,40.3608,0,0,0,0,14-3-29 16:44:37,1
4LF4XUB7SI,116.809,40.3608,0,0,0,0,14-3-29 16:46:38,1
4LF4XUB7SI,116.809,40.3608,0,0,0,0,14-3-29 16:48:39,1
4LF4XUB7SI,116.809,40.3608,0,0,0,0,14-3-29 16:50:40,1
4LF4XUB7SI,116.809,40.3608,0,0,0,0,14-3-29 16:52:41,1
4LF4XUB7SI,116.809,40.3608,0,0,0,0,14-3-29 16:54:42,1
4LF4XUB7SI,116.809,40.3608,0,0,0,0,14-3-29 16:56:43,1
4LF4XUB7SI,116.809,40.3608,0,0,0,0,14-3-29 16:58:44,1
4LF4XUB7SI,116.809,40.3608,0,0,0,0,14-3-29 17:0:45,1
4LF4XUB7SI,116.809,40.3608,0,0,0,0,14-3-29 17:2:46,1
4LF4XUB7SI,116.809,40.3608,0,0,0,0,14-3-29 17:4:47,1
4LF4XUB7SI,116.809,40.3608,0,0,0,0,14-3-29 17:6:45,1
4LF4XUB7SI,116.809,40.3608,0,0,0,0,14-3-29 17:8:46,1
4LF4XUB7SI,116.809,40.3608,0,0,0,0,14-3-29 17:10:47,1
4LF4XUB7SI,116.809,40.3608,0,0,0,0,14-3-29 17:12:48,1
4LF4XUB7SI,116.809,40.3608,0,0,0,0,14-3-29 17:14:49,1
4LF4XUB7SI,116.809,40.3608,0,0,0,0,14-3-29 17:16:50,1
4LF4XUB7SI,116.809,40.3608,0,0,0,0,14-3-29 17:18:51,1
4LF4XUB7SI,116.809,40.3608,0,0,0,0,14-3-29 17:20:52,1
4LF4XUB7SI,116.809,40.3608,0,0,0,0,14-3-29 17:22:53,1
4LF4XUB7SI,116.809,40.3608,0,0,0,0,14-3-29 17:24:54,1
4LF4XUB7SI,116.809,40.3608,0,0,0,0,14-3-29 17:26:55,1
4LF4XUB7SI,116.809,40.3608,0,0,0,0,14-3-29 17:28:56,1
4LF4XUB7SI,116.809,40.3608,0,0,0,0,14-3-29 17:30:57,1
4LF4XUB7SI,116.809,40.3608,0,0,0,0,14-3-29 17:32:58,1
4LF4XUB7SI,116.809,40.3608,0,0,0,0,14-3-29 17:34:59,1
4LF4XUB7SI,116.809,40.3608,0,0,0,0,14-3-29 17:37:0,1
4LF4XUB7SI,116.809,40.3608,0,0,0,0,14-3-29 17:39:1,1
4LF4XUB7SI,116.809,40.3608,0,0,0,0,14-3-29 17:41:2,1
4LF4XUB7SI,116.809,40.3608,0,0,0,0,14-3-29 17:43:3,1
4LF4XUB7SI,116.809,40.3608,0,0,0,0,14-3-29 17:45:4,1
4LF4XUB7SI,116.809,40.3608,0,0,0,0,14-3-29 17:47:5,1
4LF4XUB7SI,116.809,40.3608,0,0,0,0,14-3-29 17:49:6,1
4LF4XUB7SI,116.809,40.3608,0,0,0,0,14-3-29 17:51:7,1
4LF4XUB7SI,116.809,40.3608,0,0,0,0,14-3-29 17:53:8,1
4LF4XUB7SI,116.809,40.3608,0,0,0,0,14-3-29 17:55:9,1
4LF4XUB7SI,116.809,40.3608,0,0,0,0,14-3-29 17:57:10,1
4LF4XUB7SI,116.809,40.3608,0,0,0,0,14-3-29 17:59:11,1
4LF4XUB7SI,116.809,40.3608,0,0,0,0,14-3-29 18:1:12,1
4LF4XUB7SI,116.809,40.3608,0,0,0,0,14-3-29 18:3:13,1
4LF4XUB7SI,116.809,40.3608,0,0,0,0,14-3-29 18:5:14,1
4LF4XUB7SI,116.809,40.3608,0,0,0,0,14-3-29 18:7:11,1
4LF4XUB7SI,116.809,40.3608,0,0,0,0,14-3-29 18:9:13,1
4LF4XUB7SI,116.809,40.3608,0,0,0,0,14-3-29 18:11:13,1
4LF4XUB7SI,116.809,40.3608,0,0,0,0,14-3-29 18:13:14,1
4LF4XUB7SI,116.809,40.3608,0,0,0,0,14-3-29 18:15:15,1
4LF4XUB7SI,116.809,40.3608,0,0,0,0,14-3-29 18:17:16,1
4LF4XUB7SI,116.809,40.3608,0,0,0,0,14-3-29 18:19:17,1
4LF4XUB7SI,116.809,40.3608,0,0,0,0,14-3-29 18:21:18,1
4LF4XUB7SI,116.809,40.3608,0,0,0,0,14-3-29 18:23:19,1
4LF4XUB7SI,116.809,40.3608,0,0,0,0,14-3-29 18:25:20,1
4LF4XUB7SI,116.809,40.3608,0,0,0,0,14-3-29 18:27:21,1
4LF4XUB7SI,116.809,40.3608,0,0,0,0,14-3-29 18:29:22,1
4LF4XUB7SI,116.809,40.3608,0,0,0,0,14-3-29 18:31:23,1
4LF4XUB7SI,116.809,40.3608,0,0,0,0,14-3-29 18:33:24,1
4LF4XUB7SI,116.809,40.3608,0,0,0,0,14-3-29 18:35:25,1
4LF4XUB7SI,116.809,40.3608,0,0,0,0,14-3-29 18:37:26,1
4LF4XUB7SI,116.809,40.3608,0,0,0,0,14-3-29 18:39:27,1
4LF4XUB7SI,116.809,40.3608,0,0,0,0,14-3-29 18:41:28,1
4LF4XUB7SI,116.809,40.3608,0,0,0,0,14-3-29 18:43:29,1
4LF4XUB7SI,116.809,40.3608,0,0,0,0,14-3-29 18:45:30,1
4LF4XUB7SI,116.809,40.3608,0,0,0,0,14-3-29 18:47:31,1
4LF4XUB7SI,116.809,40.3608,0,0,0,0,14-3-29 18:49:32,1
4LF4XUB7SI,116.809,40.3608,0,0,0,0,14-3-29 18:51:33,1
4LF4XUB7SI,116.809,40.3608,0,0,0,0,14-3-29 18:53:34,1
4LF4XUB7SI,116.809,40.3608,0,0,0,0,14-3-29 18:55:35,1
4LF4XUB7SI,116.809,40.3608,0,0,0,0,14-3-29 18:57:36,1
4LF4XUB7SI,116.809,40.3608,0,0,0,0,14-3-29 18:59:37,1
4LF4XUB7SI,116.809,40.3608,0,0,0,0,14-3-29 19:1:38,1
4LF4XUB7SI,116.809,40.3608,0,0,0,0,14-3-29 19:3:39,1
4LF4XUB7SI,116.809,40.3608,0,0,0,0,14-3-29 19:5:40,1
4LF4XUB7SI,116.809,40.3608,0,0,0,0,14-3-29 19:7:38,1
4LF4XUB7SI,116.809,40.3608,0,0,0,0,14-3-29 19:9:39,1
4LF4XUB7SI,116.809,40.3608,0,0,0,0,14-3-29 19:11:40,1
4LF4XUB7SI,116.809,40.3608,0,0,0,0,14-3-29 19:13:41,1
4LF4XUB7SI,116.809,40.3608,0,0,0,0,14-3-29 19:15:42,1
4LF4XUB7SI,116.809,40.3608,0,0,0,0,14-3-29 19:17:43,1
4LF4XUB7SI,116.809,40.3608,0,0,0,0,14-3-29 19:19:44,1
4LF4XUB7SI,116.809,40.3608,0,0,0,0,14-3-29 19:21:45,1
4LF4XUB7SI,116.809,40.3608,0,0,0,0,14-3-29 19:23:46,1
4LF4XUB7SI,116.809,40.3608,0,0,0,0,14-3-29 19:25:47,1
4LF4XUB7SI,116.809,40.3608,0,0,0,0,14-3-29 19:27:48,1
4LF4XUB7SI,116.809,40.3608,0,0,0,0,14-3-29 19:29:49,1
4LF4XUB7SI,116.809,40.3608,0,0,0,0,14-3-29 19:31:50,1
4LF4XUB7SI,116.809,40.3608,0,0,0,0,14-3-29 19:33:51,1
4LF4XUB7SI,116.809,40.3608,0,0,0,0,14-3-29 19:35:52,1
4LF4XUB7SI,116.809,40.3608,0,0,0,0,14-3-29 19:37:53,1
4LF4XUB7SI,116.809,40.3608,0,0,0,0,14-3-29 19:39:54,1
4LF4XUB7SI,116.809,40.3608,0,0,0,0,14-3-29 19:41:55,1
4LF4XUB7SI,116.809,40.3608,0,0,0,0,14-3-29 19:43:56,1
4LF4XUB7SI,116.809,40.3608,0,0,0,0,14-3-29 19:45:57,1
4LF4XUB7SI,116.809,40.3608,0,0,0,0,14-3-29 19:47:58,1
4LF4XUB7SI,116.809,40.3608,0,0,0,0,14-3-29 19:49:59,1
4LF4XUB7SI,116.809,40.3608,0,0,0,0,14-3-29 19:52:0,1
4LF4XUB7SI,116.809,40.3608,0,0,0,0,14-3-29 19:54:1,1
4LF4XUB7SI,116.809,40.3608,0,0,0,0,14-3-29 19:56:2,1
4LF4XUB7SI,116.809,40.3608,0,0,0,0,14-3-29 19:58:3,1
4LF4XUB7SI,116.809,40.3608,0,0,0,0,14-3-29 20:0:4,1
4LF4XUB7SI,116.809,40.3608,0,0,0,0,14-3-29 20:2:5,1
4LF4XUB7SI,116.809,40.3608,0,0,0,0,14-3-29 20:4:6,1
4LF4XUB7SI,116.809,40.3608,0,0,0,0,14-3-29 20:6:7,1
4LF4XUB7SI,116.809,40.3608,0,0,0,0,14-3-29 20:8:4,1
4LF4XUB7SI,116.809,40.3608,0,0,0,0,14-3-29 20:10:5,1
4LF4XUB7SI,116.809,40.3608,0,0,0,0,14-3-29 20:12:6,1
4LF4XUB7SI,116.809,40.3608,0,0,0,0,14-3-29 20:14:7,1
4LF4XUB7SI,116.809,40.3608,0,0,0,0,14-3-29 20:16:8,1
4LF4XUB7SI,116.809,40.3608,0,0,0,0,14-3-29 20:18:9,1
4LF4XUB7SI,116.809,40.3608,0,0,0,0,14-3-29 20:20:10,1
4LF4XUB7SI,116.809,40.3608,0,0,0,0,14-3-29 20:22:11,1
4LF4XUB7SI,116.809,40.3608,0,0,0,0,14-3-29 20:24:13,1
4LF4XUB7SI,116.809,40.3608,0,0,0,0,14-3-29 20:26:14,1
4LF4XUB7SI,116.809,40.3608,0,0,0,0,14-3-29 20:28:14,1
4LF4XUB7SI,116.809,40.3608,0,0,0,0,14-3-29 20:30:15,1
4LF4XUB7SI,116.809,40.3608,0,0,0,0,14-3-29 20:32:16,1
4LF4XUB7SI,116.809,40.3608,0,0,0,0,14-3-29 20:34:17,1
4LF4XUB7SI,116.809,40.3608,0,0,0,0,14-3-29 20:36:18,1
4LF4XUB7SI,116.809,40.3608,0,0,0,0,14-3-29 20:38:19,1
4LF4XUB7SI,116.809,40.3608,0,0,0,0,14-3-29 20:40:20,1
4LF4XUB7SI,116.809,40.3608,0,0,0,0,14-3-29 20:42:21,1
4LF4XUB7SI,116.809,40.3608,0,0,0,0,14-3-29 20:44:22,1
4LF4XUB7SI,116.809,40.3608,0,0,0,0,14-3-29 20:46:23,1
4LF4XUB7SI,116.809,40.3608,0,0,0,0,14-3-29 20:48:24,1
4LF4XUB7SI,116.809,40.3608,0,0,0,0,14-3-29 20:50:25,1
4LF4XUB7SI,116.809,40.3608,0,0,0,0,14-3-29 20:52:26,1
4LF4XUB7SI,116.809,40.3608,0,0,0,0,14-3-29 20:54:27,1
4LF4XUB7SI,116.809,40.3608,0,0,0,0,14-3-29 20:56:28,1
4LF4XUB7SI,116.809,40.3608,0,0,0,0,14-3-29 20:58:29,1
4LF4XUB7SI,116.809,40.3608,0,0,0,0,14-3-29 21:0:30,1
4LF4XUB7SI,116.809,40.3608,0,0,0,0,14-3-29 21:2:31,1
4LF4XUB7SI,116.809,40.3608,0,0,0,0,14-3-29 21:4:32,1
4LF4XUB7SI,116.809,40.3608,0,0,0,0,14-3-29 21:6:30,1
4LF4XUB7SI,116.809,40.3608,0,0,0,0,14-3-29 21:8:31,1
4LF4XUB7SI,116.809,40.3608,0,0,0,0,14-3-29 21:10:32,1
4LF4XUB7SI,116.809,40.3608,0,0,0,0,14-3-29 21:12:33,1
4LF4XUB7SI,116.809,40.3608,0,0,0,0,14-3-29 21:14:34,1
4LF4XUB7SI,116.809,40.3608,0,0,0,0,14-3-29 21:16:35,1
4LF4XUB7SI,116.809,40.3608,0,0,0,0,14-3-29 21:18:36,1
4LF4XUB7SI,116.809,40.3608,0,0,0,0,14-3-29 21:20:37,1
4LF4XUB7SI,116.809,40.3608,0,0,0,0,14-3-29 21:22:38,1
4LF4XUB7SI,116.809,40.3608,0,0,0,0,14-3-29 21:24:39,1
4LF4XUB7SI,116.809,40.3608,0,0,0,0,14-3-29 21:26:40,1
4LF4XUB7SI,116.809,40.3608,0,0,0,0,14-3-29 21:28:41,1
4LF4XUB7SI,116.809,40.3608,0,0,0,0,14-3-29 21:30:42,1
4LF4XUB7SI,116.809,40.3608,0,0,0,0,14-3-29 21:32:43,1
4LF4XUB7SI,116.809,40.3608,0,0,0,0,14-3-29 21:34:44,1
4LF4XUB7SI,116.809,40.3608,0,0,0,0,14-3-29 21:36:45,1
4LF4XUB7SI,116.809,40.3608,0,0,0,0,14-3-29 21:38:46,1
4LF4XUB7SI,116.809,40.3608,0,0,0,0,14-3-29 21:40:48,1
4LF4XUB7SI,116.809,40.3608,0,0,0,0,14-3-29 21:42:48,1
4LF4XUB7SI,116.809,40.3608,0,0,0,0,14-3-29 21:44:49,1
4LF4XUB7SI,116.809,40.3608,0,0,0,0,14-3-29 21:46:50,1
4LF4XUB7SI,116.809,40.3608,0,0,0,0,14-3-29 21:48:51,1
4LF4XUB7SI,116.809,40.3608,0,0,0,0,14-3-29 21:50:52,1
4LF4XUB7SI,116.809,40.3608,0,0,0,0,14-3-29 21:52:53,1
4LF4XUB7SI,116.809,40.3608,0,0,0,0,14-3-29 21:54:55,1
4LF4XUB7SI,116.809,40.3608,0,0,0,0,14-3-29 21:56:55,1
4LF4XUB7SI,116.809,40.3608,0,0,0,0,14-3-29 21:58:56,1
4LF4XUB7SI,116.809,40.3608,0,0,0,0,14-3-29 22:0:57,1
4LF4XUB7SI,116.809,40.3608,0,0,0,0,14-3-29 22:2:58,1
4LF4XUB7SI,116.809,40.3608,0,0,0,0,14-3-29 22:4:59,1
4LF4XUB7SI,116.809,40.3608,0,0,0,0,14-3-29 22:6:56,1
4LF4XUB7SI,116.809,40.3608,0,0,0,0,14-3-29 22:8:57,1
4LF4XUB7SI,116.809,40.3608,0,0,0,0,14-3-29 22:10:58,1
4LF4XUB7SI,116.809,40.3608,0,0,0,0,14-3-29 22:12:59,1
4LF4XUB7SI,116.809,40.3608,0,0,0,0,14-3-29 22:15:0,1
4LF4XUB7SI,116.809,40.3608,0,0,0,0,14-3-29 22:17:1,1
4LF4XUB7SI,116.809,40.3608,0,0,0,0,14-3-29 22:19:2,1
4LF4XUB7SI,116.809,40.3608,0,0,0,0,14-3-29 22:21:3,1
4LF4XUB7SI,116.809,40.3608,0,0,0,0,14-3-29 22:23:4,1
4LF4XUB7SI,116.809,40.3608,0,0,0,0,14-3-29 22:25:5,1
4LF4XUB7SI,116.809,40.3608,0,0,0,0,14-3-29 22:27:6,1
4LF4XUB7SI,116.809,40.3608,0,0,0,0,14-3-29 22:29:7,1
4LF4XUB7SI,116.809,40.3608,0,0,0,0,14-3-29 22:31:8,1
4LF4XUB7SI,116.809,40.3608,0,0,0,0,14-3-29 22:33:9,1
4LF4XUB7SI,116.809,40.3608,0,0,0,0,14-3-29 22:35:10,1
4LF4XUB7SI,116.809,40.3608,0,0,0,0,14-3-29 22:37:11,1
4LF4XUB7SI,116.809,40.3608,0,0,0,0,14-3-29 22:39:12,1
4LF4XUB7SI,116.809,40.3608,0,0,0,0,14-3-29 22:41:13,1
4LF4XUB7SI,116.809,40.3608,0,0,0,0,14-3-29 22:43:14,1
4LF4XUB7SI,116.809,40.3608,0,0,0,0,14-3-29 22:45:15,1
4LF4XUB7SI,116.809,40.3608,0,0,0,0,14-3-29 22:47:16,1
4LF4XUB7SI,116.809,40.3608,0,0,0,0,14-3-29 22:49:17,1
4LF4XUB7SI,116.809,40.3608,0,0,0,0,14-3-29 22:51:18,1
4LF4XUB7SI,116.809,40.3608,0,0,0,0,14-3-29 22:53:19,1
4LF4XUB7SI,116.809,40.3608,0,0,0,0,14-3-29 22:55:20,1
4LF4XUB7SI,116.799,40.3587,0,0,0,0,14-3-29 22:57:21,1
4LF4XUB7SI,116.799,40.3587,0,0,0,0,14-3-29 22:59:22,0
4LF4XUB7SI,116.799,40.3587,0,0,0,0,14-3-29 23:1:23,0
4LF4XUB7SI,116.799,40.3587,0,0,0,0,14-3-29 23:3:25,0
4LF4XUB7SI,116.723,40.328,0,0,0,0,14-3-29 23:5:25,1
4LF4XUB7SI,116.701,40.3268,0,0,0,0,14-3-29 23:7:22,1
4LF4XUB7SI,116.689,40.3264,0,0,0,0,14-3-29 23:9:23,1
4LF4XUB7SI,116.659,40.3258,0,0,0,0,14-3-29 23:11:24,1
4LF4XUB7SI,116.65,40.3158,0,0,0,0,14-3-29 23:13:25,1
4LF4XUB7SI,116.65,40.3158,0,0,0,0,14-3-29 23:15:26,0
4LF4XUB7SI,116.643,40.3047,0,0,0,0,14-3-29 23:17:27,1
4LF4XUB7SI,116.632,40.2663,0,0,0,0,14-3-29 23:19:28,1
4LF4XUB7SI,116.63,40.2579,0,0,0,0,14-3-29 23:21:29,1
4LF4XUB7SI,116.642,40.2313,0,0,0,0,14-3-29 23:23:31,1
4LF4XUB7SI,116.641,40.2345,0,0,0,0,14-3-29 23:25:32,1
4LF4XUB7SI,116.64,40.2112,0,0,0,0,14-3-29 23:27:33,1
4LF4XUB7SI,116.635,40.2058,0,0,0,0,14-3-29 23:29:34,1
4LF4XUB7SI,116.633,40.1736,0,0,0,0,14-3-29 23:33:37,1
4LF4XUB7SI,116.633,40.1736,0,0,0,0,14-3-29 23:35:37,0
4LF4XUB7SI,116.603,40.1493,0,0,0,0,14-3-29 23:37:38,1
4LF4XUB7SI,116.595,40.1431,0,0,0,0,14-3-29 23:39:39,1
4LF4XUB7SI,116.585,40.1392,0,0,0,0,14-3-29 23:41:40,1
4LF4XUB7SI,116.585,40.1392,0,0,0,0,14-3-29 23:45:43,0
4LF4XUB7SI,116.557,40.1069,0,0,0,0,14-3-29 23:47:43,1
4LF4XUB7SI,116.555,40.0978,0,0,0,0,14-3-29 23:49:44,1
4LF4XUB7SI,116.553,40.0852,0,0,0,0,14-3-29 23:51:45,1
4LF4XUB7SI,116.553,40.0852,0,0,0,0,14-3-29 23:53:46,1
4LF4XUB7SI,116.549,40.0692,0,0,0,0,14-3-29 23:55:47,1
4LF4XUB7SI,116.541,40.058,0,0,0,0,14-3-29 23:57:48,1
4LF4XUB7SI,116.516,40.0527,0,0,0,0,14-3-29 23:59:49,1
4LF4XUB7SI,116.526,40.0373,0,0,0,0,14-3-30 0:1:50,1
4LF4XUB7SI,116.526,40.0373,0,0,0,0,14-3-30 0:3:51,0
4LF4XUB7SI,116.503,40.008,0,0,0,0,14-3-30 0:5:52,1
4LF4XUB7SI,116.498,40.0025,0,0,0,0,14-3-30 0:7:48,1
4LF4XUB7SI,116.483,39.9878,0,0,0,0,14-3-30 0:9:49,1
4LF4XUB7SI,116.484,39.9882,0,0,0,0,14-3-30 0:11:50,1
4LF4XUB7SI,116.475,39.9805,0,0,0,0,14-3-30 0:13:52,1
4LF4XUB7SI,116.468,39.9715,0,0,0,0,14-3-30 0:15:53,1
4LF4XUB7SI,116.467,39.9676,0,0,0,0,14-3-30 0:17:54,1
4LF4XUB7SI,116.481,39.956,0,0,0,0,14-3-30 0:19:55,1
4LF4XUB7SI,116.481,39.956,0,0,0,0,14-3-30 0:21:56,1
4LF4XUB7SI,116.481,39.956,0,0,0,0,14-3-30 0:25:59,0
4LF4XUB7SI,116.484,39.8814,0,0,0,0,14-3-30 0:27:59,1
4LF4XUB7SI,116.482,39.8623,0,0,0,0,14-3-30 0:30:0,1
4LF4XUB7SI,116.473,39.8417,0,0,0,0,14-3-30 0:32:1,1
4LF4XUB7SI,116.488,39.8129,0,0,0,0,14-3-30 0:34:2,1
4LF4XUB7SI,116.488,39.8129,0,0,0,0,14-3-30 0:36:3,0
4LF4XUB7SI,116.488,39.8129,0,0,0,0,14-3-30 0:38:4,0
4LF4XUB7SI,116.528,39.789,0,0,0,0,14-3-30 0:40:5,1
4LF4XUB7SI,116.528,39.789,0,0,0,0,14-3-30 0:42:6,0
4LF4XUB7SI,116.528,39.789,0,0,0,0,14-3-30 0:44:7,0
4LF4XUB7SI,116.528,39.789,0,0,0,0,14-3-30 0:46:8,0
4LF4XUB7SI,116.528,39.789,0,0,0,0,14-3-30 0:48:9,0
4LF4XUB7SI,116.528,39.789,0,0,0,0,14-3-30 0:50:10,0
4LF4XUB7SI,116.528,39.789,0,0,0,0,14-3-30 0:52:11,0
4LF4XUB7SI,116.528,39.789,0,0,0,0,14-3-30 0:54:12,0
4LF4XUB7SI,116.528,39.789,0,0,0,0,14-3-30 0:56:13,0
4LF4XUB7SI,116.528,39.789,0,0,0,0,14-3-30 0:58:14,0
4LF4XUB7SI,116.528,39.789,0,0,0,0,14-3-30 1:0:15,0
4LF4XUB7SI,116.528,39.789,0,0,0,0,14-3-30 1:2:16,0
4LF4XUB7SI,116.528,39.789,0,0,0,0,14-3-30 1:4:17,0
4LF4XUB7SI,116.829,39.5617,0,0,0,0,14-3-30 1:15:9,1
4LF4XUB7SI,116.851,39.5537,0,0,0,0,14-3-30 1:17:4,1
4LF4XUB7SI,116.873,39.5395,0,0,0,0,14-3-30 1:19:7,1
4LF4XUB7SI,116.873,39.5395,0,0,0,0,14-3-30 1:21:8,1
4LF4XUB7SI,116.9,39.5077,0,0,0,0,14-3-30 1:23:9,1
4LF4XUB7SI,116.917,39.4859,0,0,0,0,14-3-30 1:25:10,1
4LF4XUB7SI,116.917,39.4859,0,0,0,0,14-3-30 1:27:11,1
4LF4XUB7SI,116.917,39.4859,0,0,0,0,14-3-30 1:29:12,0
4LF4XUB7SI,116.917,39.4859,0,0,0,0,14-3-30 1:31:14,0
4LF4XUB7SI,116.922,39.4637,0,0,0,0,14-3-30 1:33:14,1
4LF4XUB7SI,116.922,39.4637,0,0,0,0,14-3-30 1:35:15,1
4LF4XUB7SI,116.922,39.4637,0,0,0,0,14-3-30 1:37:16,1
4LF4XUB7SI,116.925,39.4519,0,0,0,0,14-3-30 1:39:17,1
4LF4XUB7SI,116.925,39.4519,0,0,0,0,14-3-30 1:41:18,1
4LF4XUB7SI,116.925,39.4519,0,0,0,0,14-3-30 1:43:19,1
4LF4XUB7SI,116.925,39.4519,0,0,0,0,14-3-30 1:45:20,1
4LF4XUB7SI,116.922,39.4594,0,0,0,0,14-3-30 1:47:21,1
4LF4XUB7SI,116.922,39.4594,0,0,0,0,14-3-30 1:49:22,1
4LF4XUB7SI,116.922,39.4594,0,0,0,0,14-3-30 1:51:24,1
4LF4XUB7SI,116.922,39.4594,0,0,0,0,14-3-30 1:53:24,1
4LF4XUB7SI,116.925,39.4519,0,0,0,0,14-3-30 1:55:25,1
4LF4XUB7SI,116.925,39.4519,0,0,0,0,14-3-30 1:57:26,0
4LF4XUB7SI,116.93,39.4083,0,0,0,0,14-3-30 1:59:27,1
4LF4XUB7SI,116.947,39.4082,0,0,0,0,14-3-30 2:1:28,1
4LF4XUB7SI,116.951,39.391,0,0,0,0,14-3-30 2:3:29,1
4LF4XUB7SI,116.955,39.354,0,0,0,0,14-3-30 2:5:30,1
4LF4XUB7SI,116.955,39.354,0,0,0,0,14-3-30 2:7:32,1
4LF4XUB7SI,116.947,39.3235,0,0,0,0,14-3-30 2:9:33,1
4LF4XUB7SI,116.944,39.3114,0,0,0,0,14-3-30 2:11:34,1
4LF4XUB7SI,116.943,39.2921,0,0,0,0,14-3-30 2:13:35,1
4LF4XUB7SI,116.943,39.2921,0,0,0,0,14-3-30 2:15:36,1
4LF4XUB7SI,116.943,39.2921,0,0,0,0,14-3-30 2:17:37,0
4LF4XUB7SI,116.943,39.2921,0,0,0,0,14-3-30 2:19:38,0
4LF4XUB7SI,116.917,39.2212,0,0,0,0,14-3-30 2:21:39,1
4LF4XUB7SI,116.914,39.2103,0,0,0,0,14-3-30 2:23:40,1
4LF4XUB7SI,116.914,39.2103,0,0,0,0,14-3-30 2:25:41,0
4LF4XUB7SI,116.9,39.1708,0,0,0,0,14-3-30 2:27:42,1
4LF4XUB7SI,116.9,39.1708,0,0,0,0,14-3-30 2:28:9,1
4LF4XUB7SI,116.917,39.1342,0,0,0,0,14-3-30 2:30:10,1
4LF4XUB7SI,116.917,39.1342,0,0,0,0,14-3-30 2:32:11,1
4LF4XUB7SI,116.918,39.1036,0,0,0,0,14-3-30 2:34:7,1
4LF4XUB7SI,116.899,39.0816,0,0,0,0,14-3-30 2:36:8,1
4LF4XUB7SI,116.899,39.0816,0,0,0,0,14-3-30 2:38:9,1
4LF4XUB7SI,116.899,39.0816,0,0,0,0,14-3-30 2:40:11,1
4LF4XUB7SI,116.899,39.0499,0,0,0,0,14-3-30 2:42:11,1
4LF4XUB7SI,116.876,39.0365,0,0,0,0,14-3-30 2:44:12,1
4LF4XUB7SI,116.883,39.0099,0,0,0,0,14-3-30 2:46:13,1
4LF4XUB7SI,116.884,38.9878,0,0,0,0,14-3-30 2:48:14,1
4LF4XUB7SI,116.885,38.973,0,0,0,0,14-3-30 2:50:15,1
4LF4XUB7SI,116.885,38.973,0,0,0,0,14-3-30 2:52:16,0
4LF4XUB7SI,116.87,38.9277,0,0,0,0,14-3-30 2:54:17,1
4LF4XUB7SI,116.87,38.9277,0,0,0,0,14-3-30 2:56:18,0
4LF4XUB7SI,116.868,38.879,0,0,0,0,14-3-30 2:58:19,1
4LF4XUB7SI,116.868,38.879,0,0,0,0,14-3-30 3:0:20,1
4LF4XUB7SI,116.868,38.879,0,0,0,0,14-3-30 3:2:21,1
4LF4XUB7SI,116.873,38.8353,0,0,0,0,14-3-30 3:4:22,1
4LF4XUB7SI,116.873,38.812,0,0,0,0,14-3-30 3:6:22,1
4LF4XUB7SI,116.873,38.7843,0,0,0,0,14-3-30 3:8:23,1
4LF4XUB7SI,116.873,38.7843,0,0,0,0,14-3-30 3:10:24,0
4LF4XUB7SI,116.873,38.7843,0,0,0,0,14-3-30 3:12:25,0
4LF4XUB7SI,116.873,38.7843,0,0,0,0,14-3-30 3:14:26,0
4LF4XUB7SI,116.875,38.7092,0,0,0,0,14-3-30 3:16:27,1
4LF4XUB7SI,116.882,38.6969,0,0,0,0,14-3-30 3:18:28,1
4LF4XUB7SI,116.901,38.7049,0,0,0,0,14-3-30 3:20:29,1
4LF4XUB7SI,116.834,38.6238,0,0,0,0,14-3-30 3:30:16,1
4LF4XUB7SI,116.816,38.6097,0,0,0,0,14-3-30 3:32:17,1
4LF4XUB7SI,116.804,38.5948,0,0,0,0,14-3-30 3:34:19,1
4LF4XUB7SI,116.795,38.5713,0,0,0,0,14-3-30 3:36:20,1
4LF4XUB7SI,116.795,38.5713,0,0,0,0,14-3-30 3:38:21,0
4LF4XUB7SI,116.795,38.5713,0,0,0,0,14-3-30 3:40:22,0
4LF4XUB7SI,116.808,38.5304,0,0,0,0,14-3-30 3:42:23,1
4LF4XUB7SI,116.81,38.4981,0,0,0,0,14-3-30 3:44:24,1
4LF4XUB7SI,116.81,38.4981,0,0,0,0,14-3-30 3:46:25,1
4LF4XUB7SI,116.81,38.4623,0,0,0,0,14-3-30 3:48:25,1
4LF4XUB7SI,116.831,38.4344,0,0,0,0,14-3-30 3:50:26,1
4LF4XUB7SI,116.805,38.4369,0,0,0,0,14-3-30 3:52:27,1
4LF4XUB7SI,116.792,38.4135,0,0,0,0,14-3-30 3:54:28,1
4LF4XUB7SI,116.792,38.4135,0,0,0,0,14-3-30 3:54:55,1
4LF4XUB7SI,116.776,38.3944,0,0,0,0,14-3-30 3:56:52,1
4LF4XUB7SI,116.762,38.3674,0,0,0,0,14-3-30 3:58:54,1
4LF4XUB7SI,116.756,38.3506,0,0,0,0,14-3-30 4:0:55,1
4LF4XUB7SI,116.723,38.3503,0,0,0,0,14-3-30 4:2:56,1
4LF4XUB7SI,116.757,38.3424,0,0,0,0,14-3-30 4:4:57,1
4LF4XUB7SI,116.757,38.3424,0,0,0,0,14-3-30 4:6:57,1
4LF4XUB7SI,116.738,38.3043,0,0,0,0,14-3-30 4:8:58,1
4LF4XUB7SI,116.723,38.2719,0,0,0,0,14-3-30 4:10:59,1
4LF4XUB7SI,116.732,38.237,0,0,0,0,14-3-30 4:13:0,1
4LF4XUB7SI,116.732,38.237,0,0,0,0,14-3-30 4:15:1,0
4LF4XUB7SI,116.74,38.215,0,0,0,0,14-3-30 4:17:2,1
4LF4XUB7SI,116.703,38.1966,0,0,0,0,14-3-30 4:19:3,1
4LF4XUB7SI,116.703,38.1966,0,0,0,0,14-3-30 4:21:4,1
4LF4XUB7SI,116.692,38.15,0,0,0,0,14-3-30 4:23:5,1
4LF4XUB7SI,116.692,38.15,0,0,0,0,14-3-30 4:25:6,0
4LF4XUB7SI,116.692,38.1324,0,0,0,0,14-3-30 4:27:7,1
4LF4XUB7SI,116.677,38.0926,0,0,0,0,14-3-30 4:29:8,1
4LF4XUB7SI,116.664,38.0747,0,0,0,0,14-3-30 4:31:9,1
4LF4XUB7SI,116.658,38.054,0,0,0,0,14-3-30 4:33:10,1
4LF4XUB7SI,116.655,38.0385,0,0,0,0,14-3-30 4:35:11,1
4LF4XUB7SI,116.658,38.054,0,0,0,0,14-3-30 4:37:13,1
4LF4XUB7SI,116.631,37.9925,0,0,0,0,14-3-30 4:39:13,1
4LF4XUB7SI,116.614,37.9753,0,0,0,0,14-3-30 4:41:14,1
4LF4XUB7SI,116.612,37.9844,0,0,0,0,14-3-30 4:43:15,1
4LF4XUB7SI,116.604,37.9522,0,0,0,0,14-3-30 4:45:16,1
4LF4XUB7SI,116.585,37.9373,0,0,0,0,14-3-30 4:47:17,1
4LF4XUB7SI,116.582,37.9127,0,0,0,0,14-3-30 4:49:18,1
4LF4XUB7SI,116.568,37.8919,0,0,0,0,14-3-30 4:51:19,1
4LF4XUB7SI,116.586,37.8777,0,0,0,0,14-3-30 4:53:20,1
4LF4XUB7SI,116.565,37.8599,0,0,0,0,14-3-30 4:55:21,1
4LF4XUB7SI,116.556,37.8423,0,0,0,0,14-3-30 4:57:22,1
4LF4XUB7SI,116.553,37.8176,0,0,0,0,14-3-30 4:59:23,1
4LF4XUB7SI,116.551,37.8107,0,0,0,0,14-3-30 5:1:24,1
4LF4XUB7SI,116.543,37.7885,0,0,0,0,14-3-30 5:3:25,1
4LF4XUB7SI,116.544,37.7704,0,0,0,0,14-3-30 5:5:26,1
4LF4XUB7SI,116.535,37.7706,0,0,0,0,14-3-30 5:7:23,1
4LF4XUB7SI,116.535,37.7706,0,0,0,0,14-3-30 5:9:24,0
4LF4XUB7SI,116.535,37.7706,0,0,0,0,14-3-30 5:11:26,0
4LF4XUB7SI,116.486,37.708,0,0,0,0,14-3-30 5:13:26,1
4LF4XUB7SI,116.486,37.708,0,0,0,0,14-3-30 5:15:27,1
4LF4XUB7SI,116.486,37.708,0,0,0,0,14-3-30 5:17:28,1
4LF4XUB7SI,116.454,37.646,0,0,0,0,14-3-30 5:19:29,1
4LF4XUB7SI,116.439,37.6299,0,0,0,0,14-3-30 5:21:30,1
4LF4XUB7SI,116.436,37.6168,0,0,0,0,14-3-30 5:23:31,1
4LF4XUB7SI,116.424,37.5889,0,0,0,0,14-3-30 5:25:32,1
4LF4XUB7SI,116.424,37.5889,0,0,0,0,14-3-30 5:27:34,0
4LF4XUB7SI,116.41,37.5671,0,0,0,0,14-3-30 5:29:34,1
4LF4XUB7SI,116.396,37.5434,0,0,0,0,14-3-30 5:31:35,1
4LF4XUB7SI,116.393,37.5285,0,0,0,0,14-3-30 5:33:37,1
4LF4XUB7SI,116.391,37.5144,0,0,0,0,14-3-30 5:35:37,1
4LF4XUB7SI,116.391,37.5144,0,0,0,0,14-3-30 5:37:38,1
4LF4XUB7SI,116.391,37.5144,0,0,0,0,14-3-30 5:39:39,1
4LF4XUB7SI,116.391,37.5144,0,0,0,0,14-3-30 5:41:40,0
4LF4XUB7SI,116.36,37.515,0,0,0,0,14-3-30 5:43:41,1
4LF4XUB7SI,116.36,37.515,0,0,0,0,14-3-30 5:45:42,0
4LF4XUB7SI,116.36,37.515,0,0,0,0,14-3-30 5:47:43,0
4LF4XUB7SI,116.36,37.515,0,0,0,0,14-3-30 5:49:44,0
4LF4XUB7SI,116.36,37.515,0,0,0,0,14-3-30 5:53:47,0
4LF4XUB7SI,116.36,37.515,0,0,0,0,14-3-30 5:55:47,0
4LF4XUB7SI,116.377,37.3755,0,0,0,0,14-3-30 5:57:48,1
4LF4XUB7SI,116.383,37.3641,0,0,0,0,14-3-30 5:59:49,1
4LF4XUB7SI,116.392,37.3384,0,0,0,0,14-3-30 6:1:50,1
4LF4XUB7SI,116.392,37.3384,0,0,0,0,14-3-30 6:3:51,0
4LF4XUB7SI,116.421,37.3021,0,0,0,0,14-3-30 6:5:49,1
4LF4XUB7SI,116.421,37.3021,0,0,0,0,14-3-30 6:7:50,1
4LF4XUB7SI,116.479,37.2297,0,0,0,0,14-3-30 6:15:8,1
4LF4XUB7SI,116.479,37.2297,0,0,0,0,14-3-30 6:17:9,0
4LF4XUB7SI,116.504,37.191,0,0,0,0,14-3-30 6:19:9,1
4LF4XUB7SI,116.504,37.191,0,0,0,0,14-3-30 6:21:10,0
4LF4XUB7SI,116.533,37.1615,0,0,0,0,14-3-30 6:23:11,1
4LF4XUB7SI,116.544,37.1504,0,0,0,0,14-3-30 6:25:13,1
4LF4XUB7SI,116.555,37.1328,0,0,0,0,14-3-30 6:27:13,1
4LF4XUB7SI,116.571,37.1141,0,0,0,0,14-3-30 6:29:14,1
4LF4XUB7SI,116.585,37.0961,0,0,0,0,14-3-30 6:31:16,1
4LF4XUB7SI,116.589,37.0933,0,0,0,0,14-3-30 6:33:16,1
4LF4XUB7SI,116.586,37.0973,0,0,0,0,14-3-30 6:35:17,1
4LF4XUB7SI,116.628,37.0482,0,0,0,0,14-3-30 6:37:18,1
4LF4XUB7SI,116.646,37.0299,0,0,0,0,14-3-30 6:39:20,1
4LF4XUB7SI,116.646,37.0299,0,0,0,0,14-3-30 6:41:20,0
4LF4XUB7SI,116.668,37.0345,0,0,0,0,14-3-30 6:43:21,1
4LF4XUB7SI,116.668,37.0345,0,0,0,0,14-3-30 6:47:24,0
4LF4XUB7SI,112.827,30.6823,0,0,0,0,14-3-30 6:49:24,1
4LF4XUB7SI,112.827,30.6823,0,0,0,0,14-3-30 6:51:25,1
4LF4XUB7SI,112.827,30.6823,0,0,0,0,14-3-30 6:53:26,1
4LF4XUB7SI,112.827,30.6823,0,0,0,0,14-3-30 6:55:28,1
4LF4XUB7SI,112.827,30.6823,0,0,0,0,14-3-30 6:57:28,1
4LF4XUB7SI,112.827,30.6823,0,0,0,0,14-3-30 6:59:29,1
4LF4XUB7SI,112.827,30.6823,0,0,0,0,14-3-30 7:1:30,1
4LF4XUB7SI,112.827,30.6823,0,0,0,0,14-3-30 7:3:31,1
4LF4XUB7SI,112.827,30.6823,0,0,0,0,14-3-30 7:5:32,1
4LF4XUB7SI,112.827,30.6823,0,0,0,0,14-3-30 7:7:30,1
4LF4XUB7SI,112.827,30.6823,0,0,0,0,14-3-30 7:9:31,1
4LF4XUB7SI,112.827,30.6823,0,0,0,0,14-3-30 7:11:32,1
4LF4XUB7SI,112.827,30.6823,0,0,0,0,14-3-30 7:13:33,1
4LF4XUB7SI,112.827,30.6823,0,0,0,0,14-3-30 7:15:34,1
4LF4XUB7SI,112.827,30.6823,0,0,0,0,14-3-30 7:17:35,1
4LF4XUB7SI,112.827,30.6823,0,0,0,0,14-3-30 7:19:36,1
4LF4XUB7SI,112.827,30.6823,0,0,0,0,14-3-30 7:21:37,1
4LF4XUB7SI,112.827,30.6823,0,0,0,0,14-3-30 7:23:38,1
4LF4XUB7SI,112.827,30.6823,0,0,0,0,14-3-30 7:25:39,1
4LF4XUB7SI,112.827,30.6823,0,0,0,0,14-3-30 7:27:40,1
4LF4XUB7SI,112.827,30.6823,0,0,0,0,14-3-30 7:29:41,1
4LF4XUB7SI,112.827,30.6823,0,0,0,0,14-3-30 7:31:42,1
4LF4XUB7SI,112.827,30.6823,0,0,0,0,14-3-30 7:33:43,1
4LF4XUB7SI,112.827,30.6823,0,0,0,0,14-3-30 7:35:44,1
4LF4XUB7SI,116.702,36.9328,0,0,0,0,14-3-30 7:37:45,1
4LF4XUB7SI,113.288,30.4603,0,0,0,0,14-3-30 7:39:46,1
4LF4XUB7SI,116.714,36.9091,0,0,0,0,14-3-30 7:41:47,1
4LF4XUB7SI,116.714,36.9091,0,0,0,0,14-3-30 7:43:48,0
4LF4XUB7SI,113.289,30.7391,0,0,0,0,14-3-30 7:45:49,1
4LF4XUB7SI,116.727,36.8563,0,0,0,0,14-3-30 7:47:50,1
4LF4XUB7SI,116.761,36.8408,0,0,0,0,14-3-30 7:49:51,1
4LF4XUB7SI,116.79,36.8161,0,0,0,0,14-3-30 7:51:52,1
4LF4XUB7SI,116.789,36.8042,0,0,0,0,14-3-30 7:53:53,1
4LF4XUB7SI,116.803,36.7844,0,0,0,0,14-3-30 7:55:54,1
4LF4XUB7SI,116.821,36.7689,0,0,0,0,14-3-30 7:57:55,1
4LF4XUB7SI,116.834,36.7596,0,0,0,0,14-3-30 7:59:56,1
4LF4XUB7SI,116.857,36.7267,0,0,0,0,14-3-30 8:3:59,1
4LF4XUB7SI,116.865,36.7087,0,0,0,0,14-3-30 8:5:54,1
4LF4XUB7SI,116.871,36.6908,0,0,0,0,14-3-30 8:7:55,1
4LF4XUB7SI,116.876,36.6706,0,0,0,0,14-3-30 8:9:56,1
4LF4XUB7SI,116.879,36.6479,0,0,0,0,14-3-30 8:11:58,1
4LF4XUB7SI,116.879,36.6479,0,0,0,0,14-3-30 8:13:58,0
4LF4XUB7SI,116.875,36.6146,0,0,0,0,14-3-30 8:15:59,1
4LF4XUB7SI,116.878,36.5988,0,0,0,0,14-3-30 8:18:0,1
4LF4XUB7SI,116.859,36.5788,0,0,0,0,14-3-30 8:20:1,1
4LF4XUB7SI,116.854,36.561,0,0,0,0,14-3-30 8:22:2,1
4LF4XUB7SI,116.843,36.5305,0,0,0,0,14-3-30 8:24:3,1
4LF4XUB7SI,116.841,36.5254,0,0,0,0,14-3-30 8:26:4,1
4LF4XUB7SI,116.844,36.5037,0,0,0,0,14-3-30 8:28:5,1
4LF4XUB7SI,116.857,36.4882,0,0,0,0,14-3-30 8:30:6,1
4LF4XUB7SI,116.871,36.4684,0,0,0,0,14-3-30 8:32:7,1
4LF4XUB7SI,116.873,36.4672,0,0,0,0,14-3-30 8:34:8,1
4LF4XUB7SI,116.887,36.4492,0,0,0,0,14-3-30 8:36:9,1
4LF4XUB7SI,116.887,36.434,0,0,0,0,14-3-30 8:38:10,1
4LF4XUB7SI,116.887,36.4492,0,0,0,0,14-3-30 8:40:11,1
4LF4XUB7SI,116.89,36.4129,0,0,0,0,14-3-30 8:42:12,1
4LF4XUB7SI,116.89,36.4129,0,0,0,0,14-3-30 8:44:14,0
4LF4XUB7SI,116.89,36.4129,0,0,0,0,14-3-30 8:46:14,0
4LF4XUB7SI,116.89,36.4129,0,0,0,0,14-3-30 8:48:15,0
4LF4XUB7SI,116.908,36.3252,0,0,0,0,14-3-30 8:50:16,1
4LF4XUB7SI,116.918,36.3166,0,0,0,0,14-3-30 8:52:17,1
4LF4XUB7SI,116.934,36.3038,0,0,0,0,14-3-30 8:54:18,1
4LF4XUB7SI,116.956,36.2797,0,0,0,0,14-3-30 8:56:20,1
4LF4XUB7SI,116.951,36.2874,0,0,0,0,14-3-30 8:58:20,1
4LF4XUB7SI,116.976,36.2555,0,0,0,0,14-3-30 9:0:21,1
4LF4XUB7SI,116.982,36.2461,0,0,0,0,14-3-30 9:2:22,1
4LF4XUB7SI,117.028,36.1931,0,0,0,0,14-3-30 9:4:23,1
4LF4XUB7SI,116.996,36.1981,0,0,0,0,14-3-30 9:6:20,1
4LF4XUB7SI,116.996,36.1981,0,0,0,0,14-3-30 9:8:21,0
4LF4XUB7SI,117.033,36.1624,0,0,0,0,14-3-30 9:10:23,1
4LF4XUB7SI,117.033,36.1624,0,0,0,0,14-3-30 9:12:23,1
4LF4XUB7SI,117.064,36.1409,0,0,0,0,14-3-30 9:14:25,1
4LF4XUB7SI,117.089,36.1433,0,0,0,0,14-3-30 9:16:26,1
4LF4XUB7SI,117.129,36.1461,0,0,0,0,14-3-30 9:18:26,1
4LF4XUB7SI,117.129,36.1461,0,0,0,0,14-3-30 9:20:27,0
4LF4XUB7SI,117.129,36.1461,0,0,0,0,14-3-30 9:22:28,0
4LF4XUB7SI,117.129,36.1461,0,0,0,0,14-3-30 9:24:30,0
4LF4XUB7SI,117.129,36.1461,0,0,0,0,14-3-30 9:26:31,0
4LF4XUB7SI,117.129,36.1461,0,0,0,0,14-3-30 9:28:31,0
4LF4XUB7SI,117.129,36.1461,0,0,0,0,14-3-30 9:30:32,0
4LF4XUB7SI,117.129,36.1461,0,0,0,0,14-3-30 9:32:34,0
4LF4XUB7SI,117.129,36.1461,0,0,0,0,14-3-30 9:34:35,0
4LF4XUB7SI,117.129,36.1461,0,0,0,0,14-3-30 9:36:35,0
4LF4XUB7SI,117.129,36.1461,0,0,0,0,14-3-30 9:38:36,0
4LF4XUB7SI,117.129,36.1461,0,0,0,0,14-3-30 9:40:37,0
4LF4XUB7SI,117.129,36.1461,0,0,0,0,14-3-30 9:42:38,0
4LF4XUB7SI,117.129,36.1461,0,0,0,0,14-3-30 9:44:39,0
4LF4XUB7SI,117.129,36.1461,0,0,0,0,14-3-30 9:46:40,0
4LF4XUB7SI,117.129,36.1461,0,0,0,0,14-3-30 9:48:42,0
4LF4XUB7SI,117.129,36.1461,0,0,0,0,14-3-30 9:56:56,0
4LF4XUB7SI,117.129,36.1461,0,0,0,0,14-3-30 9:58:57,0
4LF4XUB7SI,117.129,36.1461,0,0,0,0,14-3-30 10:0:58,0
4LF4XUB7SI,117.129,36.1461,0,0,0,0,14-3-30 10:2:59,0
4LF4XUB7SI,117.129,36.1461,0,0,0,0,14-3-30 10:5:1,0
4LF4XUB7SI,117.129,36.1461,0,0,0,0,14-3-30 10:7:1,0
4LF4XUB7SI,117.129,36.1461,0,0,0,0,14-3-30 10:9:2,0
4LF4XUB7SI,117.619,35.8801,0,0,0,0,14-3-30 10:10:59,1
4LF4XUB7SI,117.634,35.8904,0,0,0,0,14-3-30 10:13:0,1
4LF4XUB7SI,117.649,35.864,0,0,0,0,14-3-30 10:15:1,1
4LF4XUB7SI,117.667,35.8539,0,0,0,0,14-3-30 10:17:2,1
4LF4XUB7SI,117.696,35.8373,0,0,0,0,14-3-30 10:19:4,1
4LF4XUB7SI,117.696,35.8373,0,0,0,0,14-3-30 10:21:4,0
4LF4XUB7SI,117.696,35.8373,0,0,0,0,14-3-30 10:23:6,0
4LF4XUB7SI,117.696,35.8373,0,0,0,0,14-3-30 10:25:6,0
4LF4XUB7SI,117.696,35.8373,0,0,0,0,14-3-30 10:27:7,0
4LF4XUB7SI,117.696,35.8373,0,0,0,0,14-3-30 10:29:9,0
4LF4XUB7SI,117.696,35.8373,0,0,0,0,14-3-30 10:33:11,0
4LF4XUB7SI,117.696,35.8373,0,0,0,0,14-3-30 10:35:11,0
4LF4XUB7SI,117.852,35.7325,0,0,0,0,14-3-30 10:37:12,1
4LF4XUB7SI,117.869,35.7265,0,0,0,0,14-3-30 10:39:13,1
4LF4XUB7SI,117.898,35.7108,0,0,0,0,14-3-30 10:41:15,1
4LF4XUB7SI,117.911,35.7067,0,0,0,0,14-3-30 10:43:15,1
4LF4XUB7SI,117.919,35.6946,0,0,0,0,14-3-30 10:45:16,1
4LF4XUB7SI,117.955,35.6805,0,0,0,0,14-3-30 10:47:18,1
4LF4XUB7SI,117.971,35.6651,0,0,0,0,14-3-30 10:49:19,1
4LF4XUB7SI,117.983,35.6488,0,0,0,0,14-3-30 10:51:19,1
4LF4XUB7SI,117.988,35.6457,0,0,0,0,14-3-30 10:53:20,1
4LF4XUB7SI,118.018,35.6163,0,0,0,0,14-3-30 10:55:21,1
4LF4XUB7SI,118.027,35.6085,0,0,0,0,14-3-30 10:57:22,1
4LF4XUB7SI,118.038,35.599,0,0,0,0,14-3-30 10:59:23,1
4LF4XUB7SI,118.057,35.5887,0,0,0,0,14-3-30 11:1:24,1
4LF4XUB7SI,118.087,35.5691,0,0,0,0,14-3-30 11:3:25,1
4LF4XUB7SI,118.108,35.5598,0,0,0,0,14-3-30 11:5:26,1
4LF4XUB7SI,118.128,35.5479,0,0,0,0,14-3-30 11:7:24,1
4LF4XUB7SI,118.149,35.5308,0,0,0,0,14-3-30 11:9:25,1
4LF4XUB7SI,118.169,35.5152,0,0,0,0,14-3-30 11:11:26,1
4LF4XUB7SI,118.18,35.5093,0,0,0,0,14-3-30 11:13:27,1
4LF4XUB7SI,118.205,35.4853,0,0,0,0,14-3-30 11:15:29,1
4LF4XUB7SI,118.205,35.4853,0,0,0,0,14-3-30 11:17:30,0
4LF4XUB7SI,118.23,35.4558,0,0,0,0,14-3-30 11:19:31,1
4LF4XUB7SI,118.237,35.4341,0,0,0,0,14-3-30 11:21:32,1
4LF4XUB7SI,118.251,35.4145,0,0,0,0,14-3-30 11:23:33,1
4LF4XUB7SI,118.254,35.3865,0,0,0,0,14-3-30 11:25:34,1
4LF4XUB7SI,118.254,35.3695,0,0,0,0,14-3-30 11:27:35,1
4LF4XUB7SI,118.251,35.3486,0,0,0,0,14-3-30 11:29:36,1
4LF4XUB7SI,118.252,35.3288,0,0,0,0,14-3-30 11:31:37,1
4LF4XUB7SI,118.252,35.3288,0,0,0,0,14-3-30 11:33:38,0
4LF4XUB7SI,118.241,35.2845,0,0,0,0,14-3-30 11:35:39,1
4LF4XUB7SI,118.252,35.2663,0,0,0,0,14-3-30 11:37:41,1
4LF4XUB7SI,118.25,35.2467,0,0,0,0,14-3-30 11:39:41,1
4LF4XUB7SI,118.25,35.2467,0,0,0,0,14-3-30 11:41:42,0
4LF4XUB7SI,118.248,35.2078,0,0,0,0,14-3-30 11:43:43,1
4LF4XUB7SI,118.245,35.1886,0,0,0,0,14-3-30 11:45:44,1
4LF4XUB7SI,118.245,35.1711,0,0,0,0,14-3-30 11:47:45,1
4LF4XUB7SI,118.245,35.1711,0,0,0,0,14-3-30 11:49:46,1
4LF4XUB7SI,118.245,35.1711,0,0,0,0,14-3-30 11:51:47,1
4LF4XUB7SI,118.246,35.1616,0,0,0,0,14-3-30 11:53:48,1
4LF4XUB7SI,118.246,35.1616,0,0,0,0,14-3-30 11:55:49,0
4LF4XUB7SI,118.246,35.1616,0,0,0,0,14-3-30 11:57:50,0
4LF4XUB7SI,118.246,35.1616,0,0,0,0,14-3-30 11:59:52,0
4LF4XUB7SI,118.246,35.1616,0,0,0,0,14-3-30 12:1:52,0
4LF4XUB7SI,118.228,35.0787,0,0,0,0,14-3-30 12:3:53,1
4LF4XUB7SI,118.228,35.0787,0,0,0,0,14-3-30 12:5:50,0
4LF4XUB7SI,118.218,35.0402,0,0,0,0,14-3-30 12:7:51,1
4LF4XUB7SI,118.215,35.0227,0,0,0,0,14-3-30 12:9:52,1
4LF4XUB7SI,118.215,35.0227,0,0,0,0,14-3-30 12:11:53,1
4LF4XUB7SI,118.207,34.9875,0,0,0,0,14-3-30 12:13:55,1
4LF4XUB7SI,118.206,34.9652,0,0,0,0,14-3-30 12:15:55,1
4LF4XUB7SI,118.206,34.9652,0,0,0,0,14-3-30 12:17:56,0
4LF4XUB7SI,118.206,34.9652,0,0,0,0,14-3-30 12:19:57,0
4LF4XUB7SI,118.207,34.9101,0,0,0,0,14-3-30 12:21:58,1
4LF4XUB7SI,118.207,34.8921,0,0,0,0,14-3-30 12:23:59,1
4LF4XUB7SI,118.201,34.8708,0,0,0,0,14-3-30 12:26:0,1
4LF4XUB7SI,118.2,34.859,0,0,0,0,14-3-30 12:28:2,1
4LF4XUB7SI,118.208,34.8331,0,0,0,0,14-3-30 12:30:2,1
4LF4XUB7SI,118.21,34.8123,0,0,0,0,14-3-30 12:32:3,1
4LF4XUB7SI,118.209,34.7881,0,0,0,0,14-3-30 12:34:4,1
4LF4XUB7SI,118.209,34.7881,0,0,0,0,14-3-30 12:36:5,1
4LF4XUB7SI,118.209,34.7881,0,0,0,0,14-3-30 12:38:6,0
4LF4XUB7SI,118.218,34.7474,0,0,0,0,14-3-30 12:40:8,1
4LF4XUB7SI,118.227,34.73,0,0,0,0,14-3-30 12:42:8,1
4LF4XUB7SI,118.231,34.7082,0,0,0,0,14-3-30 12:44:9,1
4LF4XUB7SI,118.231,34.6968,0,0,0,0,14-3-30 12:46:11,1
4LF4XUB7SI,118.231,34.6968,0,0,0,0,14-3-30 12:48:11,0
4LF4XUB7SI,118.239,34.656,0,0,0,0,14-3-30 12:50:12,1
4LF4XUB7SI,118.242,34.6344,0,0,0,0,14-3-30 12:52:13,1
4LF4XUB7SI,118.242,34.6344,0,0,0,0,14-3-30 12:54:14,0
4LF4XUB7SI,118.242,34.6344,0,0,0,0,14-3-30 12:56:15,0
4LF4XUB7SI,118.258,34.5777,0,0,0,0,14-3-30 12:58:16,1
4LF4XUB7SI,118.26,34.5602,0,0,0,0,14-3-30 13:0:17,1
4LF4XUB7SI,118.26,34.5602,0,0,0,0,14-3-30 13:2:18,1
4LF4XUB7SI,118.277,34.5297,0,0,0,0,14-3-30 13:4:20,1
4LF4XUB7SI,118.285,34.5045,0,0,0,0,14-3-30 13:6:21,1
4LF4XUB7SI,118.284,34.4823,0,0,0,0,14-3-30 13:8:17,1
4LF4XUB7SI,118.3,34.4816,0,0,0,0,14-3-30 13:10:18,1
4LF4XUB7SI,118.319,34.463,0,0,0,0,14-3-30 13:12:19,1
4LF4XUB7SI,118.319,34.463,0,0,0,0,14-3-30 13:14:20,1
4LF4XUB7SI,118.347,34.4389,0,0,0,0,14-3-30 13:16:21,1
4LF4XUB7SI,118.347,34.4389,0,0,0,0,14-3-30 13:18:22,0
4LF4XUB7SI,118.347,34.4389,0,0,0,0,14-3-30 13:20:23,0
4LF4XUB7SI,118.347,34.4389,0,0,0,0,14-3-30 13:22:25,0
4LF4XUB7SI,118.347,34.4389,0,0,0,0,14-3-30 13:24:25,0
4LF4XUB7SI,118.347,34.4389,0,0,0,0,14-3-30 13:26:26,0
4LF4XUB7SI,118.396,34.3922,0,0,0,0,14-3-30 13:28:27,1
4LF4XUB7SI,118.42,34.3924,0,0,0,0,14-3-30 13:30:28,1
4LF4XUB7SI,118.42,34.3924,0,0,0,0,14-3-30 13:32:29,0
4LF4XUB7SI,118.443,34.3686,0,0,0,0,14-3-30 13:34:30,1
4LF4XUB7SI,118.472,34.3493,0,0,0,0,14-3-30 13:36:31,1
4LF4XUB7SI,118.49,34.3511,0,0,0,0,14-3-30 13:38:33,1
4LF4XUB7SI,118.511,34.3385,0,0,0,0,14-3-30 13:40:33,1
4LF4XUB7SI,118.501,34.3433,0,0,0,0,14-3-30 13:42:34,1
4LF4XUB7SI,118.538,34.329,0,0,0,0,14-3-30 13:44:35,1
4LF4XUB7SI,118.563,34.3172,0,0,0,0,14-3-30 13:46:36,1
4LF4XUB7SI,118.563,34.3172,0,0,0,0,14-3-30 13:48:37,1
4LF4XUB7SI,118.601,34.2993,0,0,0,0,14-3-30 13:50:38,1
4LF4XUB7SI,118.617,34.2885,0,0,0,0,14-3-30 13:52:40,1
4LF4XUB7SI,118.645,34.2726,0,0,0,0,14-3-30 13:54:40,1
4LF4XUB7SI,118.663,34.2563,0,0,0,0,14-3-30 13:56:41,1
4LF4XUB7SI,118.663,34.2563,0,0,0,0,14-3-30 13:58:42,1
4LF4XUB7SI,118.693,34.2431,0,0,0,0,14-3-30 14:0:43,1
4LF4XUB7SI,118.706,34.2282,0,0,0,0,14-3-30 14:2:45,1
4LF4XUB7SI,118.719,34.2171,0,0,0,0,14-3-30 14:4:46,1
4LF4XUB7SI,118.733,34.2073,0,0,0,0,14-3-30 14:6:43,1
4LF4XUB7SI,118.75,34.1852,0,0,0,0,14-3-30 14:8:44,1
4LF4XUB7SI,118.767,34.1736,0,0,0,0,14-3-30 14:10:46,1
4LF4XUB7SI,118.776,34.165,0,0,0,0,14-3-30 14:12:47,1
4LF4XUB7SI,118.776,34.1513,0,0,0,0,14-3-30 14:14:47,1
4LF4XUB7SI,118.791,34.1448,0,0,0,0,14-3-30 14:16:48,1
4LF4XUB7SI,118.791,34.1448,0,0,0,0,14-3-30 14:18:49,1
4LF4XUB7SI,118.791,34.1448,0,0,0,0,14-3-30 14:20:50,1
4LF4XUB7SI,118.791,34.1448,0,0,0,0,14-3-30 14:22:51,1
4LF4XUB7SI,118.791,34.1448,0,0,0,0,14-3-30 14:24:52,1
4LF4XUB7SI,118.791,34.1448,0,0,0,0,14-3-30 14:26:54,1
4LF4XUB7SI,118.791,34.1448,0,0,0,0,14-3-30 14:28:54,1
4LF4XUB7SI,118.791,34.1448,0,0,0,0,14-3-30 14:30:55,1
4LF4XUB7SI,118.791,34.1448,0,0,0,0,14-3-30 14:32:56,1
4LF4XUB7SI,118.791,34.1448,0,0,0,0,14-3-30 14:34:57,1
4LF4XUB7SI,118.791,34.1448,0,0,0,0,14-3-30 14:36:58,1
4LF4XUB7SI,118.798,34.1365,0,0,0,0,14-3-30 14:38:59,1
4LF4XUB7SI,118.791,34.1448,0,0,0,0,14-3-30 14:41:0,1
4LF4XUB7SI,118.791,34.1448,0,0,0,0,14-3-30 14:43:2,1
4LF4XUB7SI,118.791,34.1448,0,0,0,0,14-3-30 14:45:2,1
4LF4XUB7SI,118.794,34.1407,0,0,0,0,14-3-30 14:47:3,1
4LF4XUB7SI,118.791,34.1448,0,0,0,0,14-3-30 14:49:5,1
4LF4XUB7SI,118.791,34.1448,0,0,0,0,14-3-30 14:51:5,1
4LF4XUB7SI,118.794,34.1403,0,0,0,0,14-3-30 14:53:6,1
4LF4XUB7SI,118.791,34.1448,0,0,0,0,14-3-30 14:55:7,1
4LF4XUB7SI,118.791,34.1448,0,0,0,0,14-3-30 14:57:8,1
4LF4XUB7SI,118.791,34.1448,0,0,0,0,14-3-30 14:59:9,1
4LF4XUB7SI,118.791,34.1448,0,0,0,0,14-3-30 15:1:10,1
4LF4XUB7SI,118.791,34.1448,0,0,0,0,14-3-30 15:3:12,1
4LF4XUB7SI,118.791,34.1448,0,0,0,0,14-3-30 15:5:12,1
4LF4XUB7SI,118.791,34.1448,0,0,0,0,14-3-30 15:7:10,1
4LF4XUB7SI,118.791,34.1448,0,0,0,0,14-3-30 15:9:11,0
4LF4XUB7SI,118.818,34.1138,0,0,0,0,14-3-30 15:11:12,1
4LF4XUB7SI,118.828,34.0925,0,0,0,0,14-3-30 15:13:14,1
4LF4XUB7SI,118.832,34.0867,0,0,0,0,14-3-30 15:15:14,1
4LF4XUB7SI,118.848,34.0626,0,0,0,0,14-3-30 15:17:15,1
4LF4XUB7SI,118.86,34.0497,0,0,0,0,14-3-30 15:19:16,1
4LF4XUB7SI,118.874,34.035,0,0,0,0,14-3-30 15:21:17,1
4LF4XUB7SI,118.88,34.0269,0,0,0,0,14-3-30 15:23:18,1
4LF4XUB7SI,118.913,33.9904,0,0,0,0,14-3-30 15:25:19,1
4LF4XUB7SI,118.903,33.981,0,0,0,0,14-3-30 15:27:20,1
4LF4XUB7SI,118.915,33.9623,0,0,0,0,14-3-30 15:29:21,1
4LF4XUB7SI,118.923,33.947,0,0,0,0,14-3-30 15:31:22,1
4LF4XUB7SI,118.939,33.9264,0,0,0,0,14-3-30 15:33:23,1
4LF4XUB7SI,118.954,33.9067,0,0,0,0,14-3-30 15:37:26,1
4LF4XUB7SI,118.966,33.889,0,0,0,0,14-3-30 15:39:26,1
4LF4XUB7SI,118.984,33.8612,0,0,0,0,14-3-30 15:41:27,1
4LF4XUB7SI,118.994,33.85,0,0,0,0,14-3-30 15:43:28,1
4LF4XUB7SI,119.015,33.8299,0,0,0,0,14-3-30 15:45:29,1
4LF4XUB7SI,119.025,33.8149,0,0,0,0,14-3-30 15:47:30,1
4LF4XUB7SI,119.035,33.8022,0,0,0,0,14-3-30 15:49:31,1
4LF4XUB7SI,119.047,33.7888,0,0,0,0,14-3-30 15:51:32,1
4LF4XUB7SI,119.06,33.7705,0,0,0,0,14-3-30 15:53:33,1
4LF4XUB7SI,119.065,33.7661,0,0,0,0,14-3-30 15:55:35,1
4LF4XUB7SI,119.091,33.7337,0,0,0,0,14-3-30 15:57:35,1
4LF4XUB7SI,119.103,33.7199,0,0,0,0,14-3-30 15:59:36,1
4LF4XUB7SI,119.092,33.7319,0,0,0,0,14-3-30 16:1:37,1
4LF4XUB7SI,119.127,33.6886,0,0,0,0,14-3-30 16:3:38,1
4LF4XUB7SI,119.127,33.6886,0,0,0,0,14-3-30 16:5:35,1
4LF4XUB7SI,119.127,33.6886,0,0,0,0,14-3-30 16:7:36,0
4LF4XUB7SI,119.127,33.6886,0,0,0,0,14-3-30 16:9:37,0
4LF4XUB7SI,119.127,33.6886,0,0,0,0,14-3-30 16:11:38,0
4LF4XUB7SI,119.127,33.6886,0,0,0,0,14-3-30 16:13:39,0
4LF4XUB7SI,119.127,33.6886,0,0,0,0,14-3-30 16:15:40,0
4LF4XUB7SI,119.127,33.6886,0,0,0,0,14-3-30 16:17:41,0
4LF4XUB7SI,119.197,33.5524,0,0,0,0,14-3-30 16:19:42,1
4LF4XUB7SI,119.201,33.5347,0,0,0,0,14-3-30 16:21:44,1
4LF4XUB7SI,119.201,33.5347,0,0,0,0,14-3-30 16:23:44,0
4LF4XUB7SI,119.22,33.499,0,0,0,0,14-3-30 16:25:45,1
4LF4XUB7SI,119.223,33.4945,0,0,0,0,14-3-30 16:27:46,1
4LF4XUB7SI,119.223,33.4945,0,0,0,0,14-3-30 16:29:47,0
4LF4XUB7SI,119.242,33.4522,0,0,0,0,14-3-30 16:31:48,1
4LF4XUB7SI,119.256,33.4311,0,0,0,0,14-3-30 16:33:50,1
4LF4XUB7SI,119.264,33.4106,0,0,0,0,14-3-30 16:35:50,1
4LF4XUB7SI,119.264,33.4106,0,0,0,0,14-3-30 16:37:51,0
4LF4XUB7SI,119.274,33.3844,0,0,0,0,14-3-30 16:39:52,1
4LF4XUB7SI,119.289,33.3543,0,0,0,0,14-3-30 16:41:53,1
4LF4XUB7SI,119.291,33.3521,0,0,0,0,14-3-30 16:43:55,1
4LF4XUB7SI,119.305,33.3289,0,0,0,0,14-3-30 16:45:55,1
4LF4XUB7SI,119.317,33.3105,0,0,0,0,14-3-30 16:47:56,1
4LF4XUB7SI,119.328,33.3007,0,0,0,0,14-3-30 16:49:57,1
4LF4XUB7SI,119.359,33.2855,0,0,0,0,14-3-30 16:51:58,1
4LF4XUB7SI,119.36,33.262,0,0,0,0,14-3-30 16:53:59,1
4LF4XUB7SI,119.365,33.2446,0,0,0,0,14-3-30 16:56:0,1
4LF4XUB7SI,119.381,33.229,0,0,0,0,14-3-30 16:58:2,1
4LF4XUB7SI,119.385,33.214,0,0,0,0,14-3-30 17:0:2,1
4LF4XUB7SI,119.395,33.192,0,0,0,0,14-3-30 17:2:3,1
4LF4XUB7SI,119.398,33.1863,0,0,0,0,14-3-30 17:4:4,1
4LF4XUB7SI,119.41,33.1501,0,0,0,0,14-3-30 17:6:2,1
4LF4XUB7SI,119.414,33.1434,0,0,0,0,14-3-30 17:8:3,1
4LF4XUB7SI,119.422,33.1246,0,0,0,0,14-3-30 17:10:4,1
4LF4XUB7SI,119.422,33.1246,0,0,0,0,14-3-30 17:12:5,0
4LF4XUB7SI,119.439,33.0807,0,0,0,0,14-3-30 17:14:6,1
4LF4XUB7SI,119.441,33.0708,0,0,0,0,14-3-30 17:16:7,1
4LF4XUB7SI,119.445,33.0539,0,0,0,0,14-3-30 17:18:8,1
4LF4XUB7SI,119.448,33.0301,0,0,0,0,14-3-30 17:20:9,1
4LF4XUB7SI,119.452,33.0098,0,0,0,0,14-3-30 17:22:10,1
4LF4XUB7SI,119.457,33.0016,0,0,0,0,14-3-30 17:24:11,1
4LF4XUB7SI,119.463,32.9646,0,0,0,0,14-3-30 17:26:12,1
4LF4XUB7SI,119.462,32.9686,0,0,0,0,14-3-30 17:28:13,1
4LF4XUB7SI,119.467,32.9477,0,0,0,0,14-3-30 17:30:15,1
4LF4XUB7SI,119.48,32.9098,0,0,0,0,14-3-30 17:32:15,1
4LF4XUB7SI,119.489,32.8873,0,0,0,0,14-3-30 17:34:16,1
4LF4XUB7SI,119.49,32.8742,0,0,0,0,14-3-30 17:36:17,1
4LF4XUB7SI,119.49,32.8742,0,0,0,0,14-3-30 17:38:18,0
4LF4XUB7SI,119.49,32.8742,0,0,0,0,14-3-30 17:40:19,0
4LF4XUB7SI,119.49,32.8742,0,0,0,0,14-3-30 17:42:20,0
4LF4XUB7SI,119.49,32.8742,0,0,0,0,14-3-30 17:44:21,0
4LF4XUB7SI,119.49,32.8742,0,0,0,0,14-3-30 17:46:22,0
4LF4XUB7SI,119.49,32.8742,0,0,0,0,14-3-30 17:48:24,0
4LF4XUB7SI,119.49,32.8742,0,0,0,0,14-3-30 17:50:24,0
4LF4XUB7SI,119.49,32.8742,0,0,0,0,14-3-30 17:52:25,0
4LF4XUB7SI,119.49,32.8742,0,0,0,0,14-3-30 17:54:26,0
4LF4XUB7SI,119.49,32.8742,0,0,0,0,14-3-30 17:56:27,0
4LF4XUB7SI,119.49,32.8742,0,0,0,0,14-3-30 17:58:28,0
4LF4XUB7SI,119.49,32.8742,0,0,0,0,14-3-30 18:0:29,0
4LF4XUB7SI,119.49,32.8742,0,0,0,0,14-3-30 18:2:30,0
4LF4XUB7SI,119.556,32.6067,0,0,0,0,14-3-30 18:4:32,1
4LF4XUB7SI,119.558,32.5931,0,0,0,0,14-3-30 18:6:28,1
4LF4XUB7SI,119.565,32.5724,0,0,0,0,14-3-30 18:8:29,1
4LF4XUB7SI,119.577,32.5471,0,0,0,0,14-3-30 18:10:30,1
4LF4XUB7SI,119.581,32.5317,0,0,0,0,14-3-30 18:12:31,1
4LF4XUB7SI,119.588,32.507,0,0,0,0,14-3-30 18:14:32,1
4LF4XUB7SI,119.589,32.4913,0,0,0,0,14-3-30 18:16:33,1
4LF4XUB7SI,119.589,32.4913,0,0,0,0,14-3-30 18:18:34,1
4LF4XUB7SI,119.594,32.4753,0,0,0,0,14-3-30 18:20:35,1
4LF4XUB7SI,119.614,32.4449,0,0,0,0,14-3-30 18:22:36,1
4LF4XUB7SI,119.614,32.4449,0,0,0,0,14-3-30 18:24:37,0
4LF4XUB7SI,119.614,32.4449,0,0,0,0,14-3-30 18:26:39,0
4LF4XUB7SI,119.614,32.4449,0,0,0,0,14-3-30 18:28:39,0
4LF4XUB7SI,119.614,32.4449,0,0,0,0,14-3-30 18:30:40,0
4LF4XUB7SI,119.701,32.4037,0,0,0,0,14-3-30 18:32:42,1
4LF4XUB7SI,119.701,32.4037,0,0,0,0,14-3-30 18:34:42,1
4LF4XUB7SI,119.729,32.3853,0,0,0,0,14-3-30 18:36:43,1
4LF4XUB7SI,119.756,32.3691,0,0,0,0,14-3-30 18:38:44,1
4LF4XUB7SI,119.756,32.3691,0,0,0,0,14-3-30 18:40:45,0
4LF4XUB7SI,119.797,32.3663,0,0,0,0,14-3-30 18:42:47,1
4LF4XUB7SI,119.815,32.3682,0,0,0,0,14-3-30 18:44:47,1
4LF4XUB7SI,119.844,32.3648,0,0,0,0,14-3-30 18:46:48,1
4LF4XUB7SI,119.863,32.36,0,0,0,0,14-3-30 18:48:49,1
4LF4XUB7SI,119.888,32.3533,0,0,0,0,14-3-30 18:50:50,1
4LF4XUB7SI,119.912,32.3453,0,0,0,0,14-3-30 18:52:51,1
4LF4XUB7SI,119.927,32.3358,0,0,0,0,14-3-30 18:54:52,1
4LF4XUB7SI,119.944,32.321,0,0,0,0,14-3-30 18:56:53,1
4LF4XUB7SI,119.959,32.3133,0,0,0,0,14-3-30 18:58:54,1
4LF4XUB7SI,119.972,32.2928,0,0,0,0,14-3-30 19:0:55,1
4LF4XUB7SI,119.976,32.2938,0,0,0,0,14-3-30 19:2:57,1
4LF4XUB7SI,119.979,32.2882,0,0,0,0,14-3-30 19:4:57,1
4LF4XUB7SI,119.979,32.2882,0,0,0,0,14-3-30 19:6:53,1
4LF4XUB7SI,119.979,32.2882,0,0,0,0,14-3-30 19:8:54,1
4LF4XUB7SI,119.979,32.2882,0,0,0,0,14-3-30 19:10:55,1
4LF4XUB7SI,119.979,32.2882,0,0,0,0,14-3-30 19:12:57,1
4LF4XUB7SI,119.979,32.2882,0,0,0,0,14-3-30 19:14:57,1
4LF4XUB7SI,119.979,32.2882,0,0,0,0,14-3-30 19:16:58,1
4LF4XUB7SI,119.979,32.2882,0,0,0,0,14-3-30 19:18:59,1
4LF4XUB7SI,119.979,32.2882,0,0,0,0,14-3-30 19:21:0,1
4LF4XUB7SI,119.979,32.2882,0,0,0,0,14-3-30 19:23:1,1
4LF4XUB7SI,119.979,32.2882,0,0,0,0,14-3-30 19:25:2,1
4LF4XUB7SI,119.979,32.2882,0,0,0,0,14-3-30 19:27:4,1
4LF4XUB7SI,119.979,32.2882,0,0,0,0,14-3-30 19:29:4,1
4LF4XUB7SI,119.959,32.3133,0,0,0,0,14-3-30 19:31:5,1
4LF4XUB7SI,119.959,32.3133,0,0,0,0,14-3-30 19:33:7,1
4LF4XUB7SI,119.959,32.3133,0,0,0,0,14-3-30 19:35:7,1
4LF4XUB7SI,119.959,32.3133,0,0,0,0,14-3-30 19:37:9,1
4LF4XUB7SI,119.959,32.3133,0,0,0,0,14-3-30 19:39:9,1
4LF4XUB7SI,119.959,32.3133,0,0,0,0,14-3-30 19:41:10,1
4LF4XUB7SI,119.959,32.3133,0,0,0,0,14-3-30 19:43:11,1
4LF4XUB7SI,119.972,32.2928,0,0,0,0,14-3-30 19:45:13,1
4LF4XUB7SI,119.992,32.2679,0,0,0,0,14-3-30 19:47:13,1
4LF4XUB7SI,119.999,32.2564,0,0,0,0,14-3-30 19:49:14,1
4LF4XUB7SI,120.015,32.2413,0,0,0,0,14-3-30 19:51:15,1
4LF4XUB7SI,120.033,32.2277,0,0,0,0,14-3-30 19:53:16,1
4LF4XUB7SI,120.05,32.2132,0,0,0,0,14-3-30 19:55:17,1
4LF4XUB7SI,120.063,32.2055,0,0,0,0,14-3-30 19:57:18,1
4LF4XUB7SI,120.088,32.1933,0,0,0,0,14-3-30 19:59:19,1
4LF4XUB7SI,120.101,32.1831,0,0,0,0,14-3-30 20:1:20,1
4LF4XUB7SI,120.122,32.1714,0,0,0,0,14-3-30 20:3:21,1
4LF4XUB7SI,120.139,32.1633,0,0,0,0,14-3-30 20:5:18,1
4LF4XUB7SI,120.139,32.1633,0,0,0,0,14-3-30 20:7:19,0
4LF4XUB7SI,120.186,32.141,0,0,0,0,14-3-30 20:9:21,1
4LF4XUB7SI,120.186,32.141,0,0,0,0,14-3-30 20:11:22,0
4LF4XUB7SI,120.216,32.1225,0,0,0,0,14-3-30 20:13:25,1
4LF4XUB7SI,120.22,32.1111,0,0,0,0,14-3-30 20:15:24,1
4LF4XUB7SI,120.22,32.1111,0,0,0,0,14-3-30 20:17:25,0
4LF4XUB7SI,120.227,32.0702,0,0,0,0,14-3-30 20:19:26,1
4LF4XUB7SI,120.232,32.049,0,0,0,0,14-3-30 20:21:27,1
4LF4XUB7SI,120.233,32.0349,0,0,0,0,14-3-30 20:23:28,1
4LF4XUB7SI,120.24,32.0134,0,0,0,0,14-3-30 20:25:29,1
4LF4XUB7SI,120.244,31.9966,0,0,0,0,14-3-30 20:27:30,1
4LF4XUB7SI,120.249,31.9843,0,0,0,0,14-3-30 20:29:31,1
4LF4XUB7SI,120.249,31.9843,0,0,0,0,14-3-30 20:31:32,0
4LF4XUB7SI,120.256,31.9717,0,0,0,0,14-3-30 20:33:33,1
4LF4XUB7SI,120.261,31.954,0,0,0,0,14-3-30 20:35:34,1
4LF4XUB7SI,120.27,31.9451,0,0,0,0,14-3-30 20:37:35,1
4LF4XUB7SI,120.279,31.9284,0,0,0,0,14-3-30 20:39:36,1
4LF4XUB7SI,120.293,31.9044,0,0,0,0,14-3-30 20:41:37,1
4LF4XUB7SI,120.297,31.8899,0,0,0,0,14-3-30 20:43:38,1
4LF4XUB7SI,120.298,31.8719,0,0,0,0,14-3-30 20:45:39,1
4LF4XUB7SI,120.301,31.86,0,0,0,0,14-3-30 20:47:40,1
4LF4XUB7SI,120.306,31.8375,0,0,0,0,14-3-30 20:49:41,1
4LF4XUB7SI,120.322,31.8206,0,0,0,0,14-3-30 20:51:42,1
4LF4XUB7SI,120.314,31.8082,0,0,0,0,14-3-30 20:53:43,1
4LF4XUB7SI,120.317,31.7854,0,0,0,0,14-3-30 20:55:45,1
4LF4XUB7SI,120.318,31.7611,0,0,0,0,14-3-30 20:57:45,1
4LF4XUB7SI,120.321,31.7401,0,0,0,0,14-3-30 20:59:46,1
4LF4XUB7SI,120.327,31.7321,0,0,0,0,14-3-30 21:1:47,1
4LF4XUB7SI,120.331,31.7167,0,0,0,0,14-3-30 21:3:48,1
4LF4XUB7SI,120.328,31.6893,0,0,0,0,14-3-30 21:5:46,1
4LF4XUB7SI,120.327,31.6676,0,0,0,0,14-3-30 21:7:47,1
4LF4XUB7SI,120.329,31.6557,0,0,0,0,14-3-30 21:9:49,1
4LF4XUB7SI,120.33,31.6426,0,0,0,0,14-3-30 21:11:49,1
4LF4XUB7SI,120.33,31.6426,0,0,0,0,14-3-30 21:13:50,0
4LF4XUB7SI,120.349,31.6134,0,0,0,0,14-3-30 21:15:51,1
4LF4XUB7SI,120.367,31.5992,0,0,0,0,14-3-30 21:17:53,1
4LF4XUB7SI,120.383,31.5822,0,0,0,0,14-3-30 21:19:53,1
4LF4XUB7SI,120.385,31.5627,0,0,0,0,14-3-30 21:21:56,1
4LF4XUB7SI,120.403,31.5447,0,0,0,0,14-3-30 21:23:55,1
4LF4XUB7SI,120.414,31.5354,0,0,0,0,14-3-30 21:25:57,1
4LF4XUB7SI,120.428,31.5235,0,0,0,0,14-3-30 21:27:57,1
4LF4XUB7SI,120.448,31.5119,0,0,0,0,14-3-30 21:29:58,1
4LF4XUB7SI,120.459,31.5007,0,0,0,0,14-3-30 21:31:59,1
4LF4XUB7SI,120.474,31.4835,0,0,0,0,14-3-30 21:34:0,1
4LF4XUB7SI,120.479,31.4759,0,0,0,0,14-3-30 21:36:1,1
4LF4XUB7SI,120.479,31.4759,0,0,0,0,14-3-30 21:38:2,0
4LF4XUB7SI,120.508,31.444,0,0,0,0,14-3-30 21:40:3,1
4LF4XUB7SI,120.517,31.4295,0,0,0,0,14-3-30 21:42:4,1
4LF4XUB7SI,120.527,31.4094,0,0,0,0,14-3-30 21:44:6,1
4LF4XUB7SI,120.532,31.3927,0,0,0,0,14-3-30 21:46:6,1
4LF4XUB7SI,120.547,31.3717,0,0,0,0,14-3-30 21:48:7,1
4LF4XUB7SI,120.551,31.3656,0,0,0,0,14-3-30 21:50:8,1
4LF4XUB7SI,120.566,31.3564,0,0,0,0,14-3-30 21:52:9,1
4LF4XUB7SI,120.599,31.3451,0,0,0,0,14-3-30 21:54:10,1
4LF4XUB7SI,120.608,31.3512,0,0,0,0,14-3-30 21:56:11,1
4LF4XUB7SI,120.637,31.3495,0,0,0,0,14-3-30 21:58:12,1
4LF4XUB7SI,120.652,31.3477,0,0,0,0,14-3-30 22:0:14,1
4LF4XUB7SI,120.683,31.3506,0,0,0,0,14-3-30 22:2:14,1
4LF4XUB7SI,120.698,31.3532,0,0,0,0,14-3-30 22:4:15,1
4LF4XUB7SI,120.717,31.3536,0,0,0,0,14-3-30 22:6:16,1
4LF4XUB7SI,120.735,31.3598,0,0,0,0,14-3-30 22:8:13,1
4LF4XUB7SI,120.755,31.3662,0,0,0,0,14-3-30 22:10:14,1
4LF4XUB7SI,120.764,31.3691,0,0,0,0,14-3-30 22:12:15,1
4LF4XUB7SI,120.764,31.3691,0,0,0,0,14-3-30 22:14:16,1
4LF4XUB7SI,120.764,31.3691,0,0,0,0,14-3-30 22:16:18,1
4LF4XUB7SI,120.764,31.3691,0,0,0,0,14-3-30 22:18:18,1
4LF4XUB7SI,120.764,31.3691,0,0,0,0,14-3-30 22:20:19,1
4LF4XUB7SI,120.769,31.3705,0,0,0,0,14-3-30 22:22:20,1
4LF4XUB7SI,120.769,31.3705,0,0,0,0,14-3-30 22:24:21,1
4LF4XUB7SI,120.764,31.3691,0,0,0,0,14-3-30 22:26:22,1
4LF4XUB7SI,120.764,31.3691,0,0,0,0,14-3-30 22:28:24,1
4LF4XUB7SI,120.764,31.3691,0,0,0,0,14-3-30 22:30:24,1
4LF4XUB7SI,120.764,31.3691,0,0,0,0,14-3-30 22:32:25,1
4LF4XUB7SI,120.764,31.3691,0,0,0,0,14-3-30 22:34:26,1
4LF4XUB7SI,120.764,31.3691,0,0,0,0,14-3-30 22:36:27,1
4LF4XUB7SI,120.764,31.3691,0,0,0,0,14-3-30 22:38:28,1
4LF4XUB7SI,120.764,31.3691,0,0,0,0,14-3-30 22:40:29,1
4LF4XUB7SI,120.764,31.3691,0,0,0,0,14-3-30 22:42:30,1
4LF4XUB7SI,120.764,31.3691,0,0,0,0,14-3-30 22:44:32,1
4LF4XUB7SI,120.764,31.3691,0,0,0,0,14-3-30 22:46:32,1
4LF4XUB7SI,120.764,31.3691,0,0,0,0,14-3-30 22:48:33,1
4LF4XUB7SI,120.764,31.3691,0,0,0,0,14-3-30 22:50:35,1
4LF4XUB7SI,120.764,31.3691,0,0,0,0,14-3-30 22:52:35,1
4LF4XUB7SI,120.764,31.3691,0,0,0,0,14-3-30 22:54:36,1
4LF4XUB7SI,120.764,31.3691,0,0,0,0,14-3-30 22:56:37,1
4LF4XUB7SI,120.764,31.3691,0,0,0,0,14-3-30 22:58:39,1
4LF4XUB7SI,120.764,31.3691,0,0,0,0,14-3-30 23:0:39,1
4LF4XUB7SI,120.764,31.3691,0,0,0,0,14-3-30 23:2:40,1
4LF4XUB7SI,120.764,31.3691,0,0,0,0,14-3-30 23:4:41,1
4LF4XUB7SI,120.764,31.3691,0,0,0,0,14-3-30 23:6:38,1
4LF4XUB7SI,120.764,31.3691,0,0,0,0,14-3-30 23:8:39,1
4LF4XUB7SI,120.764,31.3691,0,0,0,0,14-3-30 23:10:40,1
4LF4XUB7SI,120.764,31.3691,0,0,0,0,14-3-30 23:12:42,1
4LF4XUB7SI,120.764,31.3691,0,0,0,0,14-3-30 23:14:42,1
4LF4XUB7SI,120.764,31.3691,0,0,0,0,14-3-30 23:16:43,1
4LF4XUB7SI,120.764,31.3691,0,0,0,0,14-3-30 23:18:44,1
4LF4XUB7SI,120.764,31.3691,0,0,0,0,14-3-30 23:20:45,1
4LF4XUB7SI,120.764,31.3691,0,0,0,0,14-3-30 23:22:46,1
4LF4XUB7SI,120.764,31.3691,0,0,0,0,14-3-30 23:24:47,1
4LF4XUB7SI,120.764,31.3691,0,0,0,0,14-3-30 23:26:48,1
4LF4XUB7SI,120.764,31.3691,0,0,0,0,14-3-30 23:28:50,1
4LF4XUB7SI,120.764,31.3691,0,0,0,0,14-3-30 23:30:50,1
4LF4XUB7SI,120.764,31.3691,0,0,0,0,14-3-30 23:32:51,1
4LF4XUB7SI,120.764,31.3691,0,0,0,0,14-3-30 23:34:52,1
4LF4XUB7SI,120.764,31.3691,0,0,0,0,14-3-30 23:36:53,1
4LF4XUB7SI,120.764,31.3691,0,0,0,0,14-3-30 23:38:54,1
4LF4XUB7SI,120.764,31.3691,0,0,0,0,14-3-30 23:40:55,1
4LF4XUB7SI,120.764,31.3691,0,0,0,0,14-3-30 23:42:57,1
4LF4XUB7SI,120.764,31.3691,0,0,0,0,14-3-30 23:44:57,1
4LF4XUB7SI,120.764,31.3691,0,0,0,0,14-3-30 23:46:58,1
4LF4XUB7SI,120.764,31.3691,0,0,0,0,14-3-30 23:48:59,1
4LF4XUB7SI,120.764,31.3691,0,0,0,0,14-3-30 23:51:0,1
4LF4XUB7SI,120.764,31.3691,0,0,0,0,14-3-30 23:53:1,1
4LF4XUB7SI,120.764,31.3691,0,0,0,0,14-3-30 23:55:2,1
4LF4XUB7SI,120.764,31.3691,0,0,0,0,14-3-30 23:57:3,1
4LF4XUB7SI,120.764,31.3691,0,0,0,0,14-3-30 23:59:5,1
4LF4XUB7SI,120.764,31.3691,0,0,0,0,14-3-31 0:1:5,1
4LF4XUB7SI,120.764,31.3691,0,0,0,0,14-3-31 0:3:6,1
4LF4XUB7SI,120.764,31.3691,0,0,0,0,14-3-31 0:5:4,1
4LF4XUB7SI,120.764,31.3691,0,0,0,0,14-3-31 0:7:5,1
4LF4XUB7SI,120.764,31.3691,0,0,0,0,14-3-31 0:9:6,1
4LF4XUB7SI,120.764,31.3691,0,0,0,0,14-3-31 0:11:7,1
4LF4XUB7SI,120.764,31.3691,0,0,0,0,14-3-31 0:13:8,1
4LF4XUB7SI,120.764,31.3691,0,0,0,0,14-3-31 0:15:10,1
4LF4XUB7SI,120.764,31.3691,0,0,0,0,14-3-31 0:17:11,1
4LF4XUB7SI,120.764,31.3691,0,0,0,0,14-3-31 0:19:11,1
4LF4XUB7SI,120.764,31.3691,0,0,0,0,14-3-31 0:21:12,1
4LF4XUB7SI,120.764,31.3691,0,0,0,0,14-3-31 0:23:14,1
4LF4XUB7SI,120.764,31.3691,0,0,0,0,14-3-31 0:25:14,1
4LF4XUB7SI,120.764,31.3691,0,0,0,0,14-3-31 0:27:15,1
4LF4XUB7SI,120.764,31.3691,0,0,0,0,14-3-31 0:29:16,1
4LF4XUB7SI,120.764,31.3691,0,0,0,0,14-3-31 0:31:17,1
4LF4XUB7SI,120.764,31.3691,0,0,0,0,14-3-31 0:33:18,1
4LF4XUB7SI,120.764,31.3691,0,0,0,0,14-3-31 0:35:19,1
4LF4XUB7SI,120.764,31.3691,0,0,0,0,14-3-31 0:37:20,1
4LF4XUB7SI,120.764,31.3691,0,0,0,0,14-3-31 0:39:21,1
4LF4XUB7SI,120.764,31.3691,0,0,0,0,14-3-31 0:41:22,1
4LF4XUB7SI,120.764,31.3691,0,0,0,0,14-3-31 0:43:23,1
4LF4XUB7SI,120.764,31.3691,0,0,0,0,14-3-31 0:45:24,1
4LF4XUB7SI,120.764,31.3691,0,0,0,0,14-3-31 0:47:25,1
4LF4XUB7SI,120.764,31.3691,0,0,0,0,14-3-31 0:49:26,1
4LF4XUB7SI,120.764,31.3691,0,0,0,0,14-3-31 0:51:27,1
4LF4XUB7SI,120.764,31.3691,0,0,0,0,14-3-31 0:53:28,1
4LF4XUB7SI,120.764,31.3691,0,0,0,0,14-3-31 0:55:29,1
4LF4XUB7SI,120.764,31.3691,0,0,0,0,14-3-31 0:57:30,1
4LF4XUB7SI,120.764,31.3691,0,0,0,0,14-3-31 0:59:31,1
4LF4XUB7SI,120.764,31.3691,0,0,0,0,14-3-31 1:1:32,1
4LF4XUB7SI,120.764,31.3691,0,0,0,0,14-3-31 1:3:33,1
4LF4XUB7SI,120.764,31.3691,0,0,0,0,14-3-31 1:5:30,1
4LF4XUB7SI,120.764,31.3691,0,0,0,0,14-3-31 1:7:31,1
4LF4XUB7SI,120.764,31.3691,0,0,0,0,14-3-31 1:9:32,1
4LF4XUB7SI,120.764,31.3691,0,0,0,0,14-3-31 1:11:33,1
4LF4XUB7SI,120.764,31.3691,0,0,0,0,14-3-31 1:13:34,1
4LF4XUB7SI,120.764,31.3691,0,0,0,0,14-3-31 1:15:35,1
4LF4XUB7SI,120.764,31.3691,0,0,0,0,14-3-31 1:17:36,1
4LF4XUB7SI,120.764,31.3691,0,0,0,0,14-3-31 1:19:37,1
4LF4XUB7SI,120.764,31.3691,0,0,0,0,14-3-31 1:21:38,1
4LF4XUB7SI,120.764,31.3691,0,0,0,0,14-3-31 1:23:39,1
4LF4XUB7SI,120.764,31.3691,0,0,0,0,14-3-31 1:25:40,1
4LF4XUB7SI,120.764,31.3691,0,0,0,0,14-3-31 1:27:41,1
4LF4XUB7SI,120.764,31.3691,0,0,0,0,14-3-31 1:29:42,1
4LF4XUB7SI,120.764,31.3691,0,0,0,0,14-3-31 1:31:43,1
4LF4XUB7SI,120.764,31.3691,0,0,0,0,14-3-31 1:33:44,1
4LF4XUB7SI,120.764,31.3691,0,0,0,0,14-3-31 1:35:46,1
4LF4XUB7SI,120.764,31.3691,0,0,0,0,14-3-31 1:37:46,1
4LF4XUB7SI,120.764,31.3691,0,0,0,0,14-3-31 1:39:47,1
4LF4XUB7SI,120.764,31.3691,0,0,0,0,14-3-31 1:41:48,1
4LF4XUB7SI,120.764,31.3691,0,0,0,0,14-3-31 1:43:49,1
4LF4XUB7SI,120.764,31.3691,0,0,0,0,14-3-31 1:45:51,1
4LF4XUB7SI,120.764,31.3691,0,0,0,0,14-3-31 1:47:51,1
4LF4XUB7SI,120.764,31.3691,0,0,0,0,14-3-31 1:49:52,1
4LF4XUB7SI,120.764,31.3691,0,0,0,0,14-3-31 1:51:54,1
4LF4XUB7SI,120.764,31.3691,0,0,0,0,14-3-31 1:53:54,1
4LF4XUB7SI,120.764,31.3691,0,0,0,0,14-3-31 1:55:55,1
4LF4XUB7SI,120.764,31.3691,0,0,0,0,14-3-31 1:57:56,1
4LF4XUB7SI,120.764,31.3691,0,0,0,0,14-3-31 1:59:58,1
4LF4XUB7SI,120.764,31.3691,0,0,0,0,14-3-31 2:1:58,1
4LF4XUB7SI,120.764,31.3691,0,0,0,0,14-3-31 2:3:59,1
4LF4XUB7SI,120.764,31.3691,0,0,0,0,14-3-31 2:5:56,1
4LF4XUB7SI,120.764,31.3691,0,0,0,0,14-3-31 2:7:57,1
4LF4XUB7SI,120.764,31.3691,0,0,0,0,14-3-31 2:9:59,1
4LF4XUB7SI,120.764,31.3691,0,0,0,0,14-3-31 2:11:59,1
4LF4XUB7SI,120.764,31.3691,0,0,0,0,14-3-31 2:14:0,1
4LF4XUB7SI,120.764,31.3691,0,0,0,0,14-3-31 2:16:1,1
4LF4XUB7SI,120.764,31.3691,0,0,0,0,14-3-31 2:18:2,1
4LF4XUB7SI,120.764,31.3691,0,0,0,0,14-3-31 2:20:3,1
4LF4XUB7SI,120.764,31.3691,0,0,0,0,14-3-31 2:22:4,1
4LF4XUB7SI,120.764,31.3691,0,0,0,0,14-3-31 2:24:6,1
4LF4XUB7SI,120.764,31.3691,0,0,0,0,14-3-31 2:26:6,1
4LF4XUB7SI,120.764,31.3691,0,0,0,0,14-3-31 2:28:7,1
4LF4XUB7SI,120.764,31.3691,0,0,0,0,14-3-31 2:30:8,1
4LF4XUB7SI,120.764,31.3691,0,0,0,0,14-3-31 2:32:10,1
4LF4XUB7SI,120.764,31.3691,0,0,0,0,14-3-31 2:34:10,1
4LF4XUB7SI,120.764,31.3691,0,0,0,0,14-3-31 2:36:11,1
4LF4XUB7SI,120.764,31.3691,0,0,0,0,14-3-31 2:38:12,1
4LF4XUB7SI,120.764,31.3691,0,0,0,0,14-3-31 2:40:14,1
4LF4XUB7SI,120.764,31.3691,0,0,0,0,14-3-31 2:42:14,1
4LF4XUB7SI,120.764,31.3691,0,0,0,0,14-3-31 2:44:16,1
4LF4XUB7SI,120.764,31.3691,0,0,0,0,14-3-31 2:46:17,1
4LF4XUB7SI,120.764,31.3691,0,0,0,0,14-3-31 2:48:17,1
4LF4XUB7SI,120.764,31.3691,0,0,0,0,14-3-31 2:50:18,1
4LF4XUB7SI,120.764,31.3691,0,0,0,0,14-3-31 2:52:19,1
4LF4XUB7SI,120.764,31.3691,0,0,0,0,14-3-31 2:54:21,1
4LF4XUB7SI,120.764,31.3691,0,0,0,0,14-3-31 2:56:21,1
4LF4XUB7SI,120.764,31.3691,0,0,0,0,14-3-31 2:58:22,1
4LF4XUB7SI,120.764,31.3691,0,0,0,0,14-3-31 3:0:23,1
4LF4XUB7SI,120.764,31.3691,0,0,0,0,14-3-31 3:2:24,1
4LF4XUB7SI,120.764,31.3691,0,0,0,0,14-3-31 3:4:25,1
4LF4XUB7SI,120.764,31.3691,0,0,0,0,14-3-31 3:6:22,1
4LF4XUB7SI,120.764,31.3691,0,0,0,0,14-3-31 3:8:23,1
4LF4XUB7SI,120.764,31.3691,0,0,0,0,14-3-31 3:10:25,1
4LF4XUB7SI,120.764,31.3691,0,0,0,0,14-3-31 3:12:25,1
4LF4XUB7SI,120.764,31.3691,0,0,0,0,14-3-31 3:14:26,1
4LF4XUB7SI,120.764,31.3691,0,0,0,0,14-3-31 3:16:27,1
4LF4XUB7SI,120.764,31.3691,0,0,0,0,14-3-31 3:18:29,1
4LF4XUB7SI,120.764,31.3691,0,0,0,0,14-3-31 3:20:29,1
4LF4XUB7SI,120.764,31.3691,0,0,0,0,14-3-31 3:22:30,1
4LF4XUB7SI,120.764,31.3691,0,0,0,0,14-3-31 3:24:32,1
4LF4XUB7SI,120.764,31.3691,0,0,0,0,14-3-31 3:26:32,1
4LF4XUB7SI,120.764,31.3691,0,0,0,0,14-3-31 3:28:33,1
4LF4XUB7SI,120.764,31.3691,0,0,0,0,14-3-31 3:30:34,1
4LF4XUB7SI,120.764,31.3691,0,0,0,0,14-3-31 3:32:35,1
4LF4XUB7SI,120.764,31.3691,0,0,0,0,14-3-31 3:34:36,1
4LF4XUB7SI,120.764,31.3691,0,0,0,0,14-3-31 3:36:37,1
4LF4XUB7SI,120.764,31.3691,0,0,0,0,14-3-31 3:38:38,1
4LF4XUB7SI,120.764,31.3691,0,0,0,0,14-3-31 3:40:39,1
4LF4XUB7SI,120.764,31.3691,0,0,0,0,14-3-31 3:42:41,1
4LF4XUB7SI,120.764,31.3691,0,0,0,0,14-3-31 3:44:41,1
4LF4XUB7SI,120.764,31.3691,0,0,0,0,14-3-31 3:46:42,1
4LF4XUB7SI,120.764,31.3691,0,0,0,0,14-3-31 3:48:43,1
4LF4XUB7SI,120.764,31.3691,0,0,0,0,14-3-31 3:50:44,1
4LF4XUB7SI,120.764,31.3691,0,0,0,0,14-3-31 3:52:45,1
4LF4XUB7SI,120.764,31.3691,0,0,0,0,14-3-31 3:54:46,1
4LF4XUB7SI,120.764,31.3691,0,0,0,0,14-3-31 3:56:48,1
4LF4XUB7SI,120.764,31.3691,0,0,0,0,14-3-31 3:58:48,1
4LF4XUB7SI,120.764,31.3691,0,0,0,0,14-3-31 4:0:49,1
4LF4XUB7SI,120.764,31.3691,0,0,0,0,14-3-31 4:2:50,1
4LF4XUB7SI,120.764,31.3691,0,0,0,0,14-3-31 4:4:48,1
4LF4XUB7SI,120.764,31.3691,0,0,0,0,14-3-31 4:6:48,1
4LF4XUB7SI,120.764,31.3691,0,0,0,0,14-3-31 4:8:49,1
4LF4XUB7SI,120.764,31.3691,0,0,0,0,14-3-31 4:10:50,1
4LF4XUB7SI,120.764,31.3691,0,0,0,0,14-3-31 4:12:52,1
4LF4XUB7SI,120.764,31.3691,0,0,0,0,14-3-31 4:14:52,1
4LF4XUB7SI,120.764,31.3691,0,0,0,0,14-3-31 4:16:53,1
4LF4XUB7SI,120.764,31.3691,0,0,0,0,14-3-31 4:18:54,1
4LF4XUB7SI,120.764,31.3691,0,0,0,0,14-3-31 4:20:55,1
4LF4XUB7SI,120.764,31.3691,0,0,0,0,14-3-31 4:22:56,1
4LF4XUB7SI,120.764,31.3691,0,0,0,0,14-3-31 4:24:57,1
4LF4XUB7SI,120.764,31.3691,0,0,0,0,14-3-31 4:26:58,1
4LF4XUB7SI,120.764,31.3691,0,0,0,0,14-3-31 4:29:0,1
4LF4XUB7SI,120.764,31.3691,0,0,0,0,14-3-31 4:31:1,1
4LF4XUB7SI,120.764,31.3691,0,0,0,0,14-3-31 4:33:1,1
4LF4XUB7SI,120.764,31.3691,0,0,0,0,14-3-31 4:35:2,1
4LF4XUB7SI,120.764,31.3691,0,0,0,0,14-3-31 4:37:3,1
4LF4XUB7SI,120.764,31.3691,0,0,0,0,14-3-31 4:39:4,1
4LF4XUB7SI,120.764,31.3691,0,0,0,0,14-3-31 4:41:6,1
4LF4XUB7SI,120.764,31.3691,0,0,0,0,14-3-31 4:43:6,1
4LF4XUB7SI,120.764,31.3691,0,0,0,0,14-3-31 4:45:7,1
4LF4XUB7SI,120.764,31.3691,0,0,0,0,14-3-31 4:47:8,1
4LF4XUB7SI,120.764,31.3691,0,0,0,0,14-3-31 4:49:9,1
4LF4XUB7SI,120.764,31.3691,0,0,0,0,14-3-31 4:51:10,1
4LF4XUB7SI,120.764,31.3691,0,0,0,0,14-3-31 4:53:12,1
4LF4XUB7SI,120.764,31.3691,0,0,0,0,14-3-31 4:55:13,1
4LF4XUB7SI,120.764,31.3691,0,0,0,0,14-3-31 4:57:13,1
4LF4XUB7SI,120.764,31.3691,0,0,0,0,14-3-31 4:59:14,1
4LF4XUB7SI,120.764,31.3691,0,0,0,0,14-3-31 5:1:15,1
4LF4XUB7SI,120.764,31.3691,0,0,0,0,14-3-31 5:3:16,1
4LF4XUB7SI,120.764,31.3691,0,0,0,0,14-3-31 5:5:17,1
4LF4XUB7SI,120.764,31.3691,0,0,0,0,14-3-31 5:7:14,1
4LF4XUB7SI,120.764,31.3691,0,0,0,0,14-3-31 5:9:15,1
4LF4XUB7SI,120.764,31.3691,0,0,0,0,14-3-31 5:11:16,1
4LF4XUB7SI,120.764,31.3691,0,0,0,0,14-3-31 5:13:17,1
4LF4XUB7SI,120.764,31.3691,0,0,0,0,14-3-31 5:15:18,1
4LF4XUB7SI,120.764,31.3691,0,0,0,0,14-3-31 5:17:19,1
4LF4XUB7SI,120.764,31.3691,0,0,0,0,14-3-31 5:19:20,1
4LF4XUB7SI,120.764,31.3691,0,0,0,0,14-3-31 5:21:21,1
4LF4XUB7SI,120.764,31.3691,0,0,0,0,14-3-31 5:23:22,1
4LF4XUB7SI,120.764,31.3691,0,0,0,0,14-3-31 5:25:23,1
4LF4XUB7SI,120.764,31.3691,0,0,0,0,14-3-31 5:27:24,1
4LF4XUB7SI,120.764,31.3691,0,0,0,0,14-3-31 5:29:25,1
4LF4XUB7SI,120.764,31.3691,0,0,0,0,14-3-31 5:31:26,1
4LF4XUB7SI,120.764,31.3691,0,0,0,0,14-3-31 5:33:27,1
4LF4XUB7SI,120.764,31.3691,0,0,0,0,14-3-31 5:35:28,1
4LF4XUB7SI,120.764,31.3691,0,0,0,0,14-3-31 5:37:29,1
4LF4XUB7SI,120.764,31.3691,0,0,0,0,14-3-31 5:39:30,1
4LF4XUB7SI,120.764,31.3691,0,0,0,0,14-3-31 5:41:31,1
4LF4XUB7SI,120.764,31.3691,0,0,0,0,14-3-31 5:43:32,1
4LF4XUB7SI,120.764,31.3691,0,0,0,0,14-3-31 5:45:33,1
4LF4XUB7SI,120.764,31.3691,0,0,0,0,14-3-31 5:47:34,1
4LF4XUB7SI,120.764,31.3691,0,0,0,0,14-3-31 5:49:35,1
4LF4XUB7SI,120.764,31.3691,0,0,0,0,14-3-31 5:51:36,1
4LF4XUB7SI,120.764,31.3691,0,0,0,0,14-3-31 5:53:37,1
4LF4XUB7SI,120.764,31.3691,0,0,0,0,14-3-31 5:55:38,1
4LF4XUB7SI,120.764,31.3691,0,0,0,0,14-3-31 5:57:39,1
4LF4XUB7SI,120.764,31.3691,0,0,0,0,14-3-31 5:59:41,1
4LF4XUB7SI,120.764,31.3691,0,0,0,0,14-3-31 6:1:42,1
4LF4XUB7SI,120.764,31.3691,0,0,0,0,14-3-31 6:3:42,1
4LF4XUB7SI,120.764,31.3691,0,0,0,0,14-3-31 6:5:39,1
4LF4XUB7SI,120.764,31.3691,0,0,0,0,14-3-31 6:7:40,0
4LF4XUB7SI,120.792,31.3686,0,0,0,0,14-3-31 6:9:41,1
4LF4XUB7SI,120.801,31.3649,0,0,0,0,14-3-31 6:11:42,1
4LF4XUB7SI,120.824,31.3563,0,0,0,0,14-3-31 6:13:43,1
4LF4XUB7SI,120.847,31.3528,0,0,0,0,14-3-31 6:15:44,1
4LF4XUB7SI,120.847,31.3528,0,0,0,0,14-3-31 6:17:45,0
4LF4XUB7SI,120.894,31.352,0,0,0,0,14-3-31 6:19:47,1
4LF4XUB7SI,120.91,31.3495,0,0,0,0,14-3-31 6:21:47,1
4LF4XUB7SI,120.939,31.3469,0,0,0,0,14-3-31 6:23:48,1
4LF4XUB7SI,120.951,31.3523,0,0,0,0,14-3-31 6:25:49,1
4LF4XUB7SI,120.982,31.338,0,0,0,0,14-3-31 6:27:50,1
4LF4XUB7SI,121.01,31.3334,0,0,0,0,14-3-31 6:29:51,1
4LF4XUB7SI,121.022,31.333,0,0,0,0,14-3-31 6:31:52,1
4LF4XUB7SI,121.051,31.3287,0,0,0,0,14-3-31 6:33:53,1
4LF4XUB7SI,121.051,31.3287,0,0,0,0,14-3-31 6:35:54,0
4LF4XUB7SI,121.09,31.3137,0,0,0,0,14-3-31 6:37:56,1
4LF4XUB7SI,121.118,31.2998,0,0,0,0,14-3-31 6:39:56,1
4LF4XUB7SI,121.109,31.3019,0,0,0,0,14-3-31 6:41:58,1
4LF4XUB7SI,121.116,31.3,0,0,0,0,14-3-31 6:43:58,1
4LF4XUB7SI,121.147,31.2825,0,0,0,0,14-3-31 6:45:59,1
4LF4XUB7SI,121.147,31.2825,0,0,0,0,14-3-31 6:48:0,0
4LF4XUB7SI,121.147,31.2825,0,0,0,0,14-3-31 6:50:1,0
4LF4XUB7SI,121.147,31.2825,0,0,0,0,14-3-31 6:52:2,0
4LF4XUB7SI,121.147,31.2825,0,0,0,0,14-3-31 6:54:4,0
4LF4XUB7SI,121.147,31.2825,0,0,0,0,14-3-31 6:56:4,0
4LF4XUB7SI,121.147,31.2825,0,0,0,0,14-3-31 6:58:5,0
4LF4XUB7SI,121.147,31.2825,0,0,0,0,14-3-31 7:0:6,0
4LF4XUB7SI,121.147,31.2825,0,0,0,0,14-3-31 7:2:7,0
4LF4XUB7SI,121.147,31.2825,0,0,0,0,14-3-31 7:4:8,0
4LF4XUB7SI,121.287,31.1561,0,0,0,0,14-3-31 7:6:5,1
4LF4XUB7SI,121.299,31.139,0,0,0,0,14-3-31 7:8:6,1
4LF4XUB7SI,121.299,31.1339,0,0,0,0,14-3-31 7:10:7,1
4LF4XUB7SI,121.299,31.1339,0,0,0,0,14-3-31 7:12:8,1
4LF4XUB7SI,121.295,31.1377,0,0,0,0,14-3-31 7:14:11,1
4LF4XUB7SI,121.295,31.1377,0,0,0,0,14-3-31 7:16:10,1
4LF4XUB7SI,121.295,31.1377,0,0,0,0,14-3-31 7:18:11,1
4LF4XUB7SI,121.295,31.1377,0,0,0,0,14-3-31 7:20:13,1
4LF4XUB7SI,121.295,31.1377,0,0,0,0,14-3-31 7:22:13,1
4LF4XUB7SI,121.295,31.1377,0,0,0,0,14-3-31 7:24:14,1
4LF4XUB7SI,121.295,31.1377,0,0,0,0,14-3-31 7:26:16,1
4LF4XUB7SI,121.295,31.1377,0,0,0,0,14-3-31 7:28:16,1
4LF4XUB7SI,121.295,31.1377,0,0,0,0,14-3-31 7:30:17,1
4LF4XUB7SI,121.295,31.1377,0,0,0,0,14-3-31 7:32:18,1
4LF4XUB7SI,121.295,31.1377,0,0,0,0,14-3-31 7:34:19,1
4LF4XUB7SI,121.289,31.1358,0,0,0,0,14-3-31 7:36:20,1
4LF4XUB7SI,121.289,31.1358,0,0,0,0,14-3-31 7:38:21,1
4LF4XUB7SI,121.287,31.1297,0,0,0,0,14-3-31 7:50:27,1
4LF4XUB7SI,121.29,31.1334,0,0,0,0,14-3-31 7:54:29,1
4LF4XUB7SI,121.29,31.1334,0,0,0,0,14-3-31 7:56:30,1
4LF4XUB7SI,121.295,31.1377,0,0,0,0,14-3-31 8:2:33,1
4LF4XUB7SI,121.29,31.1334,0,0,0,0,14-3-31 8:4:34,1
4LF4XUB7SI,121.295,31.1302,0,0,0,0,14-3-31 8:6:35,1
4LF4XUB7SI,121.295,31.1302,0,0,0,0,14-3-31 8:16:51,1
4LF4XUB7SI,121.295,31.1302,0,0,0,0,14-3-31 8:18:48,1
4LF4XUB7SI,121.295,31.1302,0,0,0,0,14-3-31 8:20:47,1
4LF4XUB7SI,121.295,31.1302,0,0,0,0,14-3-31 8:22:48,1
4LF4XUB7SI,121.295,31.1377,0,0,0,0,14-3-31 8:34:54,1
4LF4XUB7SI,121.295,31.1302,0,0,0,0,14-3-31 8:36:55,1
4LF4XUB7SI,121.295,31.1302,0,0,0,0,14-3-31 8:38:32,1
