5F9GXUB7SI,124.5,46.8337,12818,0,0,0,14-3-29 12:59:42,1
5F9GXUB7SI,124.5,46.8337,12818,0,0,0,14-3-29 12:59:53,1
5F9GXUB7SI,124.5,46.8337,12818,0,0,0,14-3-29 13:0:10,1
5F9GXUB7SI,124.488,46.8335,12818,0,175,0,14-3-29 13:2:11,1
5F9GXUB7SI,124.488,46.8335,12818,0,175,0,14-3-29 13:4:12,1
5F9GXUB7SI,124.488,46.8335,12818,0,175,0,14-3-29 13:6:13,1
5F9GXUB7SI,124.484,46.8337,12820,11,155,0,14-3-29 13:8:14,1
5F9GXUB7SI,124.483,46.8341,12821,7,175,0,14-3-29 13:10:15,1
5F9GXUB7SI,124.484,46.8347,12822,0,20,0,14-3-29 13:12:16,1
5F9GXUB7SI,124.484,46.8347,12822,0,20,0,14-3-29 13:14:17,1
5F9GXUB7SI,124.484,46.8347,12822,0,20,0,14-3-29 13:16:18,1
5F9GXUB7SI,124.484,46.8347,12822,0,20,0,14-3-29 13:18:19,1
5F9GXUB7SI,124.484,46.8347,12822,0,20,0,14-3-29 13:20:20,1
5F9GXUB7SI,124.484,46.8347,12822,0,20,0,14-3-29 13:22:21,1
5F9GXUB7SI,124.484,46.8347,12822,0,20,0,14-3-29 13:24:22,1
5F9GXUB7SI,124.484,46.8347,12822,0,20,0,14-3-29 13:26:23,1
5F9GXUB7SI,124.484,46.8347,12822,0,20,0,14-3-29 13:28:26,1
5F9GXUB7SI,124.484,46.8347,12822,0,20,0,14-3-29 13:30:25,1
5F9GXUB7SI,124.484,46.8347,12822,0,20,0,14-3-29 13:32:26,1
5F9GXUB7SI,124.484,46.8347,12822,0,20,0,14-3-29 13:34:27,1
5F9GXUB7SI,124.484,46.8347,12822,0,20,0,14-3-29 13:36:28,1
5F9GXUB7SI,124.484,46.8347,12822,0,20,0,14-3-29 13:38:29,1
5F9GXUB7SI,124.484,46.8347,12822,0,20,0,14-3-29 13:40:31,1
5F9GXUB7SI,124.484,46.8347,12822,0,20,0,14-3-29 13:42:32,1
5F9GXUB7SI,124.484,46.8347,12822,0,20,0,14-3-29 13:44:33,1
5F9GXUB7SI,124.484,46.8347,12822,0,20,0,14-3-29 13:46:35,1
5F9GXUB7SI,124.484,46.8347,12822,0,20,0,14-3-29 13:48:35,1
5F9GXUB7SI,124.484,46.8347,12822,0,20,0,14-3-29 13:50:36,1
5F9GXUB7SI,124.484,46.8347,12822,0,20,0,14-3-29 13:52:37,1
5F9GXUB7SI,124.484,46.8347,12822,0,20,0,14-3-29 13:54:38,1
5F9GXUB7SI,124.484,46.8347,12822,0,20,0,14-3-29 13:56:39,1
5F9GXUB7SI,124.484,46.8347,12822,0,20,0,14-3-29 13:58:40,1
5F9GXUB7SI,124.484,46.8347,12822,0,20,0,14-3-29 14:0:41,1
5F9GXUB7SI,124.484,46.8347,12822,0,20,0,14-3-29 14:2:42,1
5F9GXUB7SI,124.484,46.8347,12822,0,20,0,14-3-29 14:4:43,1
5F9GXUB7SI,124.484,46.8347,12822,0,20,0,14-3-29 14:6:44,1
5F9GXUB7SI,124.484,46.8347,12822,0,20,0,14-3-29 14:8:45,1
5F9GXUB7SI,124.484,46.8347,12822,0,20,0,14-3-29 14:10:46,1
5F9GXUB7SI,124.484,46.8347,12822,0,20,0,14-3-29 14:12:47,1
5F9GXUB7SI,124.484,46.8347,12822,0,20,0,14-3-29 14:14:48,1
5F9GXUB7SI,124.484,46.8347,12822,0,20,0,14-3-29 14:16:49,1
5F9GXUB7SI,124.484,46.8347,12822,0,20,0,14-3-29 14:18:50,1
5F9GXUB7SI,124.484,46.8347,12822,0,20,0,14-3-29 14:20:51,1
5F9GXUB7SI,124.484,46.8347,12822,0,20,0,14-3-29 14:22:52,1
5F9GXUB7SI,124.484,46.8347,12822,0,20,0,14-3-29 14:24:53,1
5F9GXUB7SI,124.484,46.8347,12822,0,20,0,14-3-29 14:26:54,1
5F9GXUB7SI,124.484,46.8347,12822,0,20,0,14-3-29 14:28:55,1
5F9GXUB7SI,124.484,46.8347,12822,0,20,0,14-3-29 14:30:56,1
5F9GXUB7SI,124.484,46.8347,12822,0,20,0,14-3-29 14:32:59,1
5F9GXUB7SI,124.484,46.8347,12822,0,20,0,14-3-29 14:34:59,1
5F9GXUB7SI,124.484,46.8347,12822,0,20,0,14-3-29 14:37:0,1
5F9GXUB7SI,124.484,46.8347,12822,0,20,0,14-3-29 14:39:1,1
5F9GXUB7SI,124.484,46.8347,12822,0,20,0,14-3-29 14:41:3,1
5F9GXUB7SI,124.484,46.8347,12822,0,20,0,14-3-29 14:43:3,1
5F9GXUB7SI,124.484,46.8347,12822,0,20,0,14-3-29 14:45:4,1
5F9GXUB7SI,124.484,46.8347,12822,0,20,0,14-3-29 14:47:5,1
5F9GXUB7SI,124.484,46.8347,12822,0,20,0,14-3-29 14:49:6,1
5F9GXUB7SI,124.484,46.8347,12822,0,20,0,14-3-29 14:51:7,1
5F9GXUB7SI,124.484,46.8347,12822,0,20,0,14-3-29 14:53:8,1
5F9GXUB7SI,124.484,46.8347,12822,0,20,0,14-3-29 14:55:9,1
5F9GXUB7SI,124.484,46.8347,12822,0,20,0,14-3-29 14:57:11,1
5F9GXUB7SI,124.484,46.8347,12822,0,20,0,14-3-29 14:59:11,1
5F9GXUB7SI,124.484,46.8347,12822,0,20,0,14-3-29 15:1:13,1
5F9GXUB7SI,124.484,46.8347,12822,0,20,0,14-3-29 15:3:14,1
5F9GXUB7SI,124.484,46.8347,12822,0,20,0,14-3-29 15:5:15,1
5F9GXUB7SI,124.484,46.8347,12822,0,20,0,14-3-29 15:7:16,1
5F9GXUB7SI,124.484,46.8347,12822,0,20,0,14-3-29 15:9:17,1
5F9GXUB7SI,124.484,46.8347,12822,0,20,0,14-3-29 15:11:18,1
5F9GXUB7SI,124.484,46.8347,12822,0,20,0,14-3-29 15:13:20,1
5F9GXUB7SI,124.484,46.8347,12822,0,20,0,14-3-29 15:15:21,1
5F9GXUB7SI,124.484,46.8347,12822,0,20,0,14-3-29 15:17:21,1
5F9GXUB7SI,124.484,46.8347,12822,0,20,0,14-3-29 15:19:23,1
5F9GXUB7SI,124.484,46.8347,12822,0,20,0,14-3-29 15:21:24,1
5F9GXUB7SI,124.484,46.8347,12822,0,20,0,14-3-29 15:23:25,1
5F9GXUB7SI,124.484,46.8347,12822,0,20,0,14-3-29 15:25:27,1
5F9GXUB7SI,124.5,46.8337,12822,0,4,0,14-3-29 15:27:16,1
5F9GXUB7SI,124.465,46.8555,12822,0,0,0,14-3-29 15:27:27,1
5F9GXUB7SI,124.484,46.8346,12822,0,35,0,14-3-29 15:27:38,1
5F9GXUB7SI,124.484,46.8346,12822,0,35,0,14-3-29 15:29:39,1
5F9GXUB7SI,124.484,46.8346,12822,0,35,0,14-3-29 15:31:40,1
5F9GXUB7SI,124.484,46.8346,12822,0,35,0,14-3-29 15:33:41,1
5F9GXUB7SI,124.484,46.8346,12822,0,35,0,14-3-29 15:35:42,1
5F9GXUB7SI,124.484,46.8346,12822,0,35,0,14-3-29 15:37:43,1
5F9GXUB7SI,124.484,46.8346,12822,0,35,0,14-3-29 15:39:44,1
5F9GXUB7SI,124.484,46.8346,12822,0,35,0,14-3-29 15:41:45,1
5F9GXUB7SI,124.484,46.8346,12822,0,35,0,14-3-29 15:43:46,1
5F9GXUB7SI,124.484,46.8346,12822,0,35,0,14-3-29 15:45:47,1
5F9GXUB7SI,124.484,46.8346,12822,0,35,0,14-3-29 15:47:48,1
5F9GXUB7SI,124.484,46.8346,12822,0,35,0,14-3-29 15:49:49,1
5F9GXUB7SI,124.484,46.8346,12822,0,35,0,14-3-29 15:51:50,1
5F9GXUB7SI,124.484,46.8346,12822,0,35,0,14-3-29 15:53:52,1
5F9GXUB7SI,124.484,46.8346,12822,0,35,0,14-3-29 15:55:52,1
5F9GXUB7SI,124.484,46.8346,12822,0,35,0,14-3-29 15:57:53,1
5F9GXUB7SI,124.484,46.8346,12822,0,35,0,14-3-29 15:59:54,1
5F9GXUB7SI,124.484,46.8346,12822,0,35,0,14-3-29 16:1:55,1
5F9GXUB7SI,124.484,46.8346,12822,0,35,0,14-3-29 16:3:56,1
5F9GXUB7SI,124.484,46.8346,12822,0,35,0,14-3-29 16:5:57,1
5F9GXUB7SI,124.484,46.8346,12822,0,35,0,14-3-29 16:7:58,1
5F9GXUB7SI,124.484,46.8346,12822,0,35,0,14-3-29 16:9:59,1
5F9GXUB7SI,124.484,46.8346,12822,0,35,0,14-3-29 16:12:0,1
5F9GXUB7SI,124.484,46.8346,12822,0,35,0,14-3-29 16:14:1,1
5F9GXUB7SI,124.484,46.8346,12822,0,35,0,14-3-29 16:16:2,1
5F9GXUB7SI,124.484,46.8346,12822,0,35,0,14-3-29 16:18:3,1
5F9GXUB7SI,124.484,46.8346,12822,0,35,0,14-3-29 16:20:4,1
5F9GXUB7SI,124.484,46.8346,12822,0,35,0,14-3-29 16:22:5,1
5F9GXUB7SI,124.484,46.8346,12822,0,35,0,14-3-29 16:24:6,1
5F9GXUB7SI,124.484,46.8346,12822,0,35,0,14-3-29 16:26:8,1
5F9GXUB7SI,124.484,46.8346,12822,0,35,0,14-3-29 16:28:8,1
5F9GXUB7SI,124.484,46.8346,12822,0,35,0,14-3-29 16:30:9,1
5F9GXUB7SI,124.484,46.8346,12822,0,35,0,14-3-29 16:32:10,1
5F9GXUB7SI,124.484,46.8346,12822,0,35,0,14-3-29 16:34:11,1
5F9GXUB7SI,124.484,46.8346,12822,0,35,0,14-3-29 16:36:12,1
5F9GXUB7SI,124.484,46.8346,12822,0,35,0,14-3-29 16:38:13,1
5F9GXUB7SI,124.484,46.8346,12822,0,35,0,14-3-29 16:40:14,1
5F9GXUB7SI,124.484,46.8346,12822,0,35,0,14-3-29 16:42:15,1
5F9GXUB7SI,124.484,46.8346,12822,0,35,0,14-3-29 16:44:16,1
5F9GXUB7SI,124.484,46.8346,12822,0,35,0,14-3-29 16:46:17,1
5F9GXUB7SI,124.484,46.8346,12822,0,35,0,14-3-29 16:48:18,1
5F9GXUB7SI,124.484,46.8346,12822,0,35,0,14-3-29 16:50:19,1
5F9GXUB7SI,124.484,46.8346,12822,0,35,0,14-3-29 16:52:21,1
5F9GXUB7SI,124.484,46.8346,12822,0,35,0,14-3-29 16:54:21,1
5F9GXUB7SI,124.484,46.8346,12822,0,35,0,14-3-29 16:56:22,1
5F9GXUB7SI,124.484,46.8346,12822,0,35,0,14-3-29 16:58:23,1
5F9GXUB7SI,124.484,46.8346,12822,0,35,0,14-3-29 17:0:25,1
5F9GXUB7SI,124.484,46.8346,12822,0,35,0,14-3-29 17:2:25,1
5F9GXUB7SI,124.484,46.8346,12822,0,35,0,14-3-29 17:4:26,1
5F9GXUB7SI,124.484,46.8346,12822,0,35,0,14-3-29 17:6:27,1
5F9GXUB7SI,124.484,46.8346,12822,0,35,0,14-3-29 17:8:28,1
5F9GXUB7SI,124.484,46.8346,12822,0,35,0,14-3-29 17:10:30,1
5F9GXUB7SI,124.484,46.8346,12822,0,35,0,14-3-29 17:12:30,1
5F9GXUB7SI,124.484,46.8346,12822,0,35,0,14-3-29 17:14:31,1
5F9GXUB7SI,124.484,46.8346,12822,0,35,0,14-3-29 17:16:32,1
5F9GXUB7SI,124.484,46.8346,12822,0,35,0,14-3-29 17:18:34,1
5F9GXUB7SI,124.484,46.8346,12822,0,35,0,14-3-29 17:20:34,1
5F9GXUB7SI,124.484,46.8346,12822,0,35,0,14-3-29 17:22:35,1
5F9GXUB7SI,124.484,46.8346,12822,0,35,0,14-3-29 17:24:36,1
5F9GXUB7SI,124.484,46.8346,12822,0,35,0,14-3-29 17:26:37,1
5F9GXUB7SI,124.484,46.8346,12822,0,35,0,14-3-29 17:28:38,1
5F9GXUB7SI,124.484,46.8346,12822,0,35,0,14-3-29 17:30:39,1
5F9GXUB7SI,124.484,46.8346,12822,0,35,0,14-3-29 17:32:40,1
5F9GXUB7SI,124.484,46.8346,12822,0,35,0,14-3-29 17:34:41,1
5F9GXUB7SI,124.484,46.8346,12822,0,35,0,14-3-29 17:36:42,1
5F9GXUB7SI,124.484,46.8346,12822,0,35,0,14-3-29 17:38:43,1
5F9GXUB7SI,124.484,46.8346,12822,0,35,0,14-3-29 17:40:44,1
5F9GXUB7SI,124.484,46.8346,12822,0,35,0,14-3-29 17:42:45,1
5F9GXUB7SI,124.484,46.8346,12822,0,35,0,14-3-29 17:44:46,1
5F9GXUB7SI,124.484,46.8346,12822,0,35,0,14-3-29 17:46:47,1
5F9GXUB7SI,124.484,46.8346,12822,0,35,0,14-3-29 17:48:48,1
5F9GXUB7SI,124.484,46.8346,12822,0,35,0,14-3-29 17:50:49,1
5F9GXUB7SI,124.484,46.8346,12822,0,35,0,14-3-29 17:52:50,1
5F9GXUB7SI,124.484,46.8346,12822,0,35,0,14-3-29 17:54:51,1
5F9GXUB7SI,124.484,46.8346,12822,0,35,0,14-3-29 17:56:52,1
5F9GXUB7SI,124.484,46.8346,12822,0,35,0,14-3-29 17:58:53,1
5F9GXUB7SI,124.484,46.8346,12822,0,35,0,14-3-29 18:0:54,1
5F9GXUB7SI,124.484,46.8346,12822,0,35,0,14-3-29 18:2:56,1
5F9GXUB7SI,124.484,46.8346,12822,0,35,0,14-3-29 18:4:57,1
5F9GXUB7SI,124.484,46.8346,12822,0,35,0,14-3-29 18:6:58,1
5F9GXUB7SI,124.484,46.8346,12822,0,35,0,14-3-29 18:8:58,1
5F9GXUB7SI,124.484,46.8346,12822,0,35,0,14-3-29 18:11:1,1
5F9GXUB7SI,124.484,46.8346,12822,0,35,0,14-3-29 18:13:0,1
5F9GXUB7SI,124.484,46.8346,12822,0,35,0,14-3-29 18:15:1,1
5F9GXUB7SI,124.484,46.8346,12822,0,35,0,14-3-29 18:17:2,1
5F9GXUB7SI,124.484,46.8346,12822,0,35,0,14-3-29 18:19:3,1
5F9GXUB7SI,124.484,46.8346,12822,0,35,0,14-3-29 18:21:4,1
5F9GXUB7SI,124.484,46.8346,12822,0,35,0,14-3-29 18:23:5,1
5F9GXUB7SI,124.484,46.8346,12822,0,35,0,14-3-29 18:25:6,1
5F9GXUB7SI,124.484,46.8346,12822,0,35,0,14-3-29 18:27:7,1
5F9GXUB7SI,124.484,46.8346,12822,0,35,0,14-3-29 18:29:8,1
5F9GXUB7SI,124.484,46.8346,12822,0,35,0,14-3-29 18:31:9,1
5F9GXUB7SI,124.484,46.8346,12822,0,35,0,14-3-29 18:33:10,1
5F9GXUB7SI,124.484,46.8346,12822,0,35,0,14-3-29 18:35:11,1
5F9GXUB7SI,124.484,46.8346,12822,0,35,0,14-3-29 18:37:12,1
5F9GXUB7SI,124.484,46.8346,12822,0,35,0,14-3-29 18:39:13,1
5F9GXUB7SI,124.484,46.8346,12822,0,35,0,14-3-29 18:41:14,1
5F9GXUB7SI,124.484,46.8346,12822,0,35,0,14-3-29 18:43:15,1
5F9GXUB7SI,124.484,46.8346,12822,0,35,0,14-3-29 18:45:16,1
5F9GXUB7SI,124.484,46.8346,12822,0,35,0,14-3-29 18:47:17,1
5F9GXUB7SI,124.484,46.8348,12822,9,20,0,14-3-29 18:49:18,1
5F9GXUB7SI,124.491,46.8346,12829,36,65,0,14-3-29 18:51:19,1
5F9GXUB7SI,124.508,46.8245,12846,60,65,0,14-3-29 18:53:20,1
5F9GXUB7SI,124.531,46.8117,12868,69,55,0,14-3-29 18:55:21,1
5F9GXUB7SI,124.559,46.8052,12890,64,50,0,14-3-29 18:57:22,1
5F9GXUB7SI,124.572,46.8024,12900,0,50,0,14-3-29 18:59:23,1
5F9GXUB7SI,124.582,46.7994,12908,53,60,0,14-3-29 19:1:24,1
5F9GXUB7SI,124.606,46.7881,12930,69,60,0,14-3-29 19:3:25,1
5F9GXUB7SI,124.631,46.775,12954,68,60,0,14-3-29 19:5:26,1
5F9GXUB7SI,124.657,46.7667,12975,55,40,0,14-3-29 19:7:27,1
5F9GXUB7SI,124.677,46.7562,12995,69,60,0,14-3-29 19:9:28,1
5F9GXUB7SI,124.702,46.7416,13019,66,65,0,14-3-29 19:11:29,1
5F9GXUB7SI,124.726,46.7293,13041,66,60,0,14-3-29 19:13:30,1
5F9GXUB7SI,124.75,46.7177,13064,64,60,0,14-3-29 19:15:31,1
5F9GXUB7SI,124.776,46.7068,13086,66,60,0,14-3-29 19:17:32,1
5F9GXUB7SI,124.788,46.6997,13097,38,60,0,14-3-29 19:19:34,1
5F9GXUB7SI,124.8,46.6941,13108,47,60,0,14-3-29 19:21:34,1
5F9GXUB7SI,124.823,46.6831,13129,68,60,0,14-3-29 19:23:35,1
5F9GXUB7SI,124.84,46.6754,13143,0,60,0,14-3-29 19:25:37,1
5F9GXUB7SI,124.85,46.6709,13152,55,60,0,14-3-29 19:27:37,1
5F9GXUB7SI,124.866,46.6632,13166,5,60,0,14-3-29 19:29:38,1
5F9GXUB7SI,124.868,46.6623,13167,0,60,0,14-3-29 19:31:39,1
5F9GXUB7SI,124.857,46.6676,13178,44,150,0,14-3-29 19:33:40,1
5F9GXUB7SI,124.862,46.677,13190,9,15,0,14-3-29 19:35:41,1
5F9GXUB7SI,124.868,46.6803,13198,33,60,0,14-3-29 19:37:42,1
5F9GXUB7SI,124.889,46.6731,13216,64,50,0,14-3-29 19:39:43,1
5F9GXUB7SI,124.916,46.6665,13237,51,55,0,14-3-29 19:41:45,1
5F9GXUB7SI,124.945,46.6641,13259,69,50,0,14-3-29 19:43:46,1
5F9GXUB7SI,124.973,46.6572,13281,73,50,0,14-3-29 19:45:47,1
5F9GXUB7SI,125.004,46.6509,13306,79,50,0,14-3-29 19:47:48,1
5F9GXUB7SI,125.036,46.645,13331,75,50,0,14-3-29 19:49:49,1
5F9GXUB7SI,125.068,46.638,13356,77,55,0,14-3-29 19:51:50,1
5F9GXUB7SI,125.091,46.6257,13379,44,45,0,14-3-29 19:53:51,1
5F9GXUB7SI,125.089,46.6176,13389,53,95,0,14-3-29 19:55:52,1
5F9GXUB7SI,125.08,46.5997,13410,55,100,0,14-3-29 19:57:53,1
5F9GXUB7SI,125.072,46.5841,13428,62,95,0,14-3-29 19:59:54,1
5F9GXUB7SI,125.063,46.5628,13452,69,95,0,14-3-29 20:1:55,1
5F9GXUB7SI,124.922,46.0467,14037,0,90,0,14-3-29 21:10:43,1
5F9GXUB7SI,124.922,46.0467,14037,0,90,0,14-3-29 21:12:44,1
5F9GXUB7SI,124.922,46.0467,14037,0,90,0,14-3-29 21:14:45,1
5F9GXUB7SI,124.922,46.0467,14037,0,90,0,14-3-29 21:16:46,1
5F9GXUB7SI,124.922,46.0467,14037,0,90,0,14-3-29 21:18:47,1
5F9GXUB7SI,124.922,46.0467,14037,0,90,0,14-3-29 21:20:48,1
5F9GXUB7SI,124.922,46.0467,14037,0,90,0,14-3-29 21:22:49,1
5F9GXUB7SI,124.922,46.0459,14038,9,75,0,14-3-29 21:24:52,1
5F9GXUB7SI,124.922,46.0457,14038,0,75,0,14-3-29 21:26:59,1
5F9GXUB7SI,124.923,46.0407,14043,44,85,0,14-3-29 21:29:0,1
5F9GXUB7SI,124.928,46.0232,14063,69,80,0,14-3-29 21:31:1,1
5F9GXUB7SI,124.936,46.0019,14087,69,80,0,14-3-29 21:33:2,1
5F9GXUB7SI,124.948,45.9817,14111,66,75,0,14-3-29 21:35:3,1
5F9GXUB7SI,124.96,45.9628,14133,66,80,0,14-3-29 21:37:4,1
5F9GXUB7SI,124.965,45.9436,14155,62,85,0,14-3-29 21:39:5,1
5F9GXUB7SI,124.968,45.924,14176,62,85,0,14-3-29 21:41:6,1
5F9GXUB7SI,124.973,45.9043,14198,60,75,0,14-3-29 21:43:7,1
5F9GXUB7SI,124.99,45.8886,14220,66,65,0,14-3-29 21:45:8,1
5F9GXUB7SI,125.01,45.8736,14242,64,65,0,14-3-29 21:47:9,1
5F9GXUB7SI,125.03,45.859,14264,64,65,0,14-3-29 21:49:10,1
5F9GXUB7SI,125.047,45.8423,14286,66,75,0,14-3-29 21:51:11,1
5F9GXUB7SI,125.055,45.8227,14309,68,80,0,14-3-29 21:53:12,1
5F9GXUB7SI,125.061,45.8021,14331,71,80,0,14-3-29 21:55:13,1
5F9GXUB7SI,125.061,45.7809,14355,69,95,0,14-3-29 21:57:14,1
5F9GXUB7SI,125.056,45.7602,14378,62,90,0,14-3-29 21:59:15,1
5F9GXUB7SI,125.056,45.7404,14399,64,90,0,14-3-29 22:1:16,1
5F9GXUB7SI,125.055,45.7188,14422,68,90,0,14-3-29 22:3:18,1
5F9GXUB7SI,125.057,45.6973,14446,71,80,0,14-3-29 22:5:18,1
5F9GXUB7SI,125.067,45.6769,14470,64,80,0,14-3-29 22:7:19,1
5F9GXUB7SI,125.077,45.6563,14493,68,80,0,14-3-29 22:9:20,1
5F9GXUB7SI,125.074,45.6365,14515,64,100,0,14-3-29 22:11:21,1
5F9GXUB7SI,125.064,45.6177,14537,71,100,0,14-3-29 22:13:22,1
5F9GXUB7SI,125.054,45.5986,14559,64,95,0,14-3-29 22:15:23,1
5F9GXUB7SI,125.046,45.5795,14581,62,95,0,14-3-29 22:17:24,1
5F9GXUB7SI,125.037,45.5609,14602,68,100,0,14-3-29 22:19:25,1
5F9GXUB7SI,125.025,45.5416,14625,68,100,0,14-3-29 22:21:26,1
5F9GXUB7SI,125.013,45.5234,14647,60,105,0,14-3-29 22:23:28,1
5F9GXUB7SI,125.006,45.5175,14654,0,105,0,14-3-29 22:25:29,1
5F9GXUB7SI,125.006,45.5175,14654,0,105,0,14-3-29 22:27:30,1
5F9GXUB7SI,125.003,45.5143,14659,38,105,0,14-3-29 22:29:31,1
5F9GXUB7SI,124.993,45.4993,14677,66,90,0,14-3-29 22:31:32,1
5F9GXUB7SI,124.99,45.4792,14699,79,90,0,14-3-29 22:33:33,1
5F9GXUB7SI,124.982,45.4557,14726,77,100,0,14-3-29 22:35:34,1
5F9GXUB7SI,124.969,45.4344,14751,77,95,0,14-3-29 22:37:35,1
5F9GXUB7SI,124.965,45.4244,14762,46,95,0,14-3-29 22:39:36,1
5F9GXUB7SI,124.963,45.4049,14783,69,90,0,14-3-29 22:41:37,1
5F9GXUB7SI,124.959,45.3829,14807,66,90,0,14-3-29 22:43:38,1
5F9GXUB7SI,124.961,45.3618,14830,73,85,0,14-3-29 22:45:39,1
5F9GXUB7SI,124.957,45.34,14855,69,95,0,14-3-29 22:47:40,1
5F9GXUB7SI,124.939,45.3069,14893,0,120,0,14-3-29 22:51:44,1
5F9GXUB7SI,124.938,45.3063,14894,0,130,0,14-3-29 22:53:44,1
5F9GXUB7SI,124.938,45.3063,14894,0,130,0,14-3-29 22:55:45,1
5F9GXUB7SI,124.938,45.3063,14894,0,130,0,14-3-29 22:57:46,1
5F9GXUB7SI,124.938,45.3063,14894,0,130,0,14-3-29 22:59:47,1
5F9GXUB7SI,124.938,45.3063,14894,0,130,0,14-3-29 23:1:48,1
5F9GXUB7SI,124.938,45.3063,14894,0,130,0,14-3-29 23:3:49,1
5F9GXUB7SI,124.938,45.3063,14894,0,130,0,14-3-29 23:5:50,1
5F9GXUB7SI,124.938,45.3063,14894,0,130,0,14-3-29 23:7:52,1
5F9GXUB7SI,124.938,45.3063,14894,0,130,0,14-3-29 23:9:54,1
5F9GXUB7SI,124.938,45.3063,14894,0,130,0,14-3-29 23:11:54,1
5F9GXUB7SI,124.938,45.3063,14894,0,130,0,14-3-29 23:13:55,1
5F9GXUB7SI,124.938,45.3056,14894,0,105,0,14-3-29 23:15:56,1
5F9GXUB7SI,124.938,45.3056,14894,0,105,0,14-3-29 23:17:58,1
5F9GXUB7SI,124.935,45.3027,14898,31,105,0,14-3-29 23:19:59,1
5F9GXUB7SI,124.92,45.2887,14917,68,105,0,14-3-29 23:22:0,1
5F9GXUB7SI,124.913,45.2684,14940,69,90,0,14-3-29 23:24:1,1
5F9GXUB7SI,124.904,45.2458,14966,79,95,0,14-3-29 23:26:2,1
5F9GXUB7SI,124.895,45.2253,14989,64,95,0,14-3-29 23:28:3,1
5F9GXUB7SI,124.89,45.2043,15012,66,90,0,14-3-29 23:30:4,1
5F9GXUB7SI,124.887,45.1845,15034,55,80,0,14-3-29 23:32:5,1
5F9GXUB7SI,124.891,45.1641,15057,68,90,0,14-3-29 23:34:6,1
5F9GXUB7SI,124.881,45.1449,15079,69,100,0,14-3-29 23:36:7,1
5F9GXUB7SI,124.868,45.1278,15101,69,100,0,14-3-29 23:38:8,1
5F9GXUB7SI,124.855,45.1089,15124,60,100,0,14-3-29 23:40:9,1
5F9GXUB7SI,124.839,45.0929,15145,64,105,0,14-3-29 23:42:10,1
5F9GXUB7SI,124.818,45.0795,15167,55,125,0,14-3-29 23:44:11,1
5F9GXUB7SI,124.82,45.0718,15184,66,60,0,14-3-29 23:46:12,1
5F9GXUB7SI,124.844,45.0583,15208,73,65,0,14-3-29 23:48:13,1
5F9GXUB7SI,124.858,45.0395,15231,64,80,0,14-3-29 23:50:14,1
5F9GXUB7SI,124.869,45.0209,15253,64,70,0,14-3-29 23:52:15,1
5F9GXUB7SI,124.882,45.0032,15274,68,80,0,14-3-29 23:54:16,1
5F9GXUB7SI,124.895,44.9844,15297,64,70,0,14-3-29 23:56:17,1
5F9GXUB7SI,124.915,44.9693,15320,64,65,0,14-3-29 23:58:18,1
5F9GXUB7SI,124.927,44.9548,15338,53,75,0,14-3-30 0:0:19,1
5F9GXUB7SI,124.936,44.9375,15358,58,75,0,14-3-30 0:2:20,1
5F9GXUB7SI,124.947,44.9248,15375,36,65,0,14-3-30 0:4:21,1
5F9GXUB7SI,124.962,44.9142,15391,62,65,0,14-3-30 0:6:22,1
5F9GXUB7SI,124.977,44.8954,15414,77,80,0,14-3-30 0:8:23,1
5F9GXUB7SI,124.982,44.8755,15436,60,80,0,14-3-30 0:10:24,1
5F9GXUB7SI,124.995,44.8577,15458,71,65,0,14-3-30 0:12:26,1
5F9GXUB7SI,125.017,44.8461,15480,68,55,0,14-3-30 0:14:27,1
5F9GXUB7SI,125.037,44.8332,15501,60,75,0,14-3-30 0:16:28,1
5F9GXUB7SI,125.05,44.8149,15523,73,75,0,14-3-30 0:18:29,1
5F9GXUB7SI,125.067,44.797,15547,69,70,0,14-3-30 0:20:30,1
5F9GXUB7SI,125.08,44.7763,15572,77,75,0,14-3-30 0:22:31,1
5F9GXUB7SI,125.095,44.7574,15595,64,70,0,14-3-30 0:24:32,1
5F9GXUB7SI,125.127,44.6495,15718,60,90,0,14-3-30 0:34:46,1
5F9GXUB7SI,125.139,44.6308,15741,69,75,0,14-3-30 0:36:47,1
5F9GXUB7SI,125.139,44.6112,15763,77,95,0,14-3-30 0:38:48,1
5F9GXUB7SI,125.14,44.5896,15787,62,75,0,14-3-30 0:40:49,1
5F9GXUB7SI,125.148,44.5714,15808,75,75,0,14-3-30 0:42:50,1
5F9GXUB7SI,125.152,44.5494,15832,75,80,0,14-3-30 0:44:52,1
5F9GXUB7SI,125.163,44.5281,15857,80,85,0,14-3-30 0:46:53,1
5F9GXUB7SI,125.164,44.503,15884,73,85,0,14-3-30 0:48:54,1
5F9GXUB7SI,125.17,44.4807,15909,64,80,0,14-3-30 0:50:55,1
5F9GXUB7SI,125.165,44.4622,15932,64,115,0,14-3-30 0:52:56,1
5F9GXUB7SI,125.141,44.4501,15955,68,115,0,14-3-30 0:54:58,1
5F9GXUB7SI,125.121,44.4362,15977,68,100,0,14-3-30 0:56:59,1
5F9GXUB7SI,125.117,44.4143,16001,69,90,0,14-3-30 0:59:0,1
5F9GXUB7SI,125.117,44.3928,16025,69,85,0,14-3-30 1:1:1,1
5F9GXUB7SI,125.119,44.3719,16047,64,85,0,14-3-30 1:3:2,1
5F9GXUB7SI,125.124,44.2697,16159,62,75,0,14-3-30 1:13:13,1
5F9GXUB7SI,125.136,44.253,16180,47,75,0,14-3-30 1:15:13,1
5F9GXUB7SI,125.144,44.2416,16193,29,75,0,14-3-30 1:17:15,1
5F9GXUB7SI,125.144,44.2389,16195,0,95,0,14-3-30 1:19:16,1
5F9GXUB7SI,125.144,44.2389,16195,0,95,0,14-3-30 1:21:17,1
5F9GXUB7SI,125.144,44.2389,16195,0,95,0,14-3-30 1:23:18,1
5F9GXUB7SI,125.144,44.2389,16195,0,95,0,14-3-30 1:25:19,1
5F9GXUB7SI,125.144,44.2389,16195,0,95,0,14-3-30 1:27:20,1
5F9GXUB7SI,125.144,44.2389,16195,0,95,0,14-3-30 1:29:21,1
5F9GXUB7SI,125.144,44.2389,16195,0,95,0,14-3-30 1:31:22,1
5F9GXUB7SI,125.144,44.2389,16195,0,95,0,14-3-30 1:33:23,1
5F9GXUB7SI,125.144,44.2389,16195,0,95,0,14-3-30 1:35:24,1
5F9GXUB7SI,125.144,44.2389,16195,0,95,0,14-3-30 1:37:25,1
5F9GXUB7SI,125.144,44.2389,16195,0,95,0,14-3-30 1:39:26,1
5F9GXUB7SI,125.144,44.2389,16195,0,95,0,14-3-30 1:41:27,1
5F9GXUB7SI,125.144,44.2389,16195,0,95,0,14-3-30 1:53:40,1
5F9GXUB7SI,125.144,44.2389,16195,0,95,0,14-3-30 1:55:41,1
5F9GXUB7SI,125.144,44.2389,16195,0,95,0,14-3-30 1:57:42,1
5F9GXUB7SI,125.144,44.2389,16195,0,95,0,14-3-30 1:59:43,1
5F9GXUB7SI,125.144,44.2389,16195,0,95,0,14-3-30 2:1:44,1
5F9GXUB7SI,125.144,44.2389,16195,0,95,0,14-3-30 2:3:45,1
5F9GXUB7SI,125.144,44.2389,16195,0,95,0,14-3-30 2:5:46,1
5F9GXUB7SI,125.144,44.2389,16195,0,95,0,14-3-30 2:7:47,1
5F9GXUB7SI,125.144,44.2389,16195,0,95,0,14-3-30 2:9:48,1
5F9GXUB7SI,125.144,44.2389,16195,0,95,0,14-3-30 2:11:49,1
5F9GXUB7SI,125.144,44.2389,16195,0,95,0,14-3-30 2:13:50,1
5F9GXUB7SI,125.144,44.2389,16195,0,95,0,14-3-30 2:15:51,1
5F9GXUB7SI,125.144,44.2389,16195,0,95,0,14-3-30 2:17:52,1
5F9GXUB7SI,125.144,44.2389,16195,0,95,0,14-3-30 2:19:53,1
5F9GXUB7SI,125.144,44.2389,16195,0,95,0,14-3-30 2:21:54,1
5F9GXUB7SI,125.144,44.2389,16195,0,95,0,14-3-30 2:32:4,1
5F9GXUB7SI,125.144,44.2389,16195,0,95,0,14-3-30 2:34:5,1
5F9GXUB7SI,125.144,44.2389,16195,0,95,0,14-3-30 2:36:6,1
5F9GXUB7SI,125.144,44.2389,16195,0,95,0,14-3-30 2:38:7,1
5F9GXUB7SI,125.144,44.2389,16195,0,95,0,14-3-30 2:40:8,1
5F9GXUB7SI,125.144,44.2389,16195,0,95,0,14-3-30 2:42:9,1
5F9GXUB7SI,125.144,44.2389,16195,0,95,0,14-3-30 2:44:10,1
5F9GXUB7SI,125.144,44.2389,16195,0,95,0,14-3-30 2:46:11,1
5F9GXUB7SI,125.144,44.2389,16195,0,95,0,14-3-30 2:48:12,1
5F9GXUB7SI,125.144,44.2389,16195,0,95,0,14-3-30 2:50:13,1
5F9GXUB7SI,125.144,44.2389,16195,0,95,0,14-3-30 2:52:14,1
5F9GXUB7SI,125.144,44.2389,16195,0,95,0,14-3-30 2:54:15,1
5F9GXUB7SI,125.144,44.2389,16195,0,95,0,14-3-30 2:56:16,1
5F9GXUB7SI,125.144,44.2389,16195,0,95,0,14-3-30 2:58:17,1
5F9GXUB7SI,125.144,44.2389,16195,0,95,0,14-3-30 3:0:18,1
5F9GXUB7SI,125.144,44.2389,16195,0,95,0,14-3-30 3:10:31,1
5F9GXUB7SI,125.144,44.2389,16195,0,95,0,14-3-30 3:12:31,1
5F9GXUB7SI,125.144,44.2389,16195,0,95,0,14-3-30 3:14:32,1
5F9GXUB7SI,125.144,44.2389,16195,0,95,0,14-3-30 3:16:33,1
5F9GXUB7SI,125.144,44.2389,16195,0,95,0,14-3-30 3:18:34,1
5F9GXUB7SI,125.144,44.2389,16195,0,95,0,14-3-30 3:20:35,1
5F9GXUB7SI,125.144,44.2389,16195,0,95,0,14-3-30 3:22:36,1
5F9GXUB7SI,125.144,44.2389,16195,0,95,0,14-3-30 3:24:37,1
5F9GXUB7SI,125.144,44.2389,16195,0,95,0,14-3-30 3:26:38,1
5F9GXUB7SI,125.144,44.2389,16195,0,95,0,14-3-30 3:28:39,1
5F9GXUB7SI,125.144,44.2389,16195,0,95,0,14-3-30 3:30:40,1
5F9GXUB7SI,125.144,44.2389,16195,0,95,0,14-3-30 3:32:41,1
5F9GXUB7SI,125.144,44.2389,16195,0,95,0,14-3-30 3:34:42,1
5F9GXUB7SI,125.144,44.2389,16195,0,95,0,14-3-30 3:36:43,1
5F9GXUB7SI,125.144,44.2389,16195,0,95,0,14-3-30 3:38:44,1
5F9GXUB7SI,125.144,44.2389,16195,0,95,0,14-3-30 3:40:45,1
5F9GXUB7SI,125.144,44.2389,16195,0,95,0,14-3-30 3:50:56,1
5F9GXUB7SI,125.144,44.2389,16195,0,95,0,14-3-30 3:52:57,1
5F9GXUB7SI,125.144,44.2389,16195,0,95,0,14-3-30 3:54:58,1
5F9GXUB7SI,125.144,44.2389,16195,0,95,0,14-3-30 3:56:59,1
5F9GXUB7SI,125.144,44.2389,16195,0,95,0,14-3-30 3:59:0,1
5F9GXUB7SI,125.144,44.2389,16195,0,95,0,14-3-30 4:1:1,1
5F9GXUB7SI,125.144,44.2389,16195,0,95,0,14-3-30 4:3:2,1
5F9GXUB7SI,125.144,44.2389,16195,0,95,0,14-3-30 4:5:2,1
5F9GXUB7SI,125.144,44.2389,16195,0,95,0,14-3-30 4:7:3,1
5F9GXUB7SI,125.144,44.2389,16195,0,95,0,14-3-30 4:9:4,1
5F9GXUB7SI,125.144,44.2389,16195,0,95,0,14-3-30 4:11:5,1
5F9GXUB7SI,125.144,44.2389,16195,0,95,0,14-3-30 4:13:6,1
5F9GXUB7SI,125.144,44.2389,16195,0,95,0,14-3-30 4:15:7,1
5F9GXUB7SI,125.144,44.2389,16195,0,95,0,14-3-30 4:17:8,1
5F9GXUB7SI,125.144,44.2389,16195,0,95,0,14-3-30 4:19:9,1
5F9GXUB7SI,125.144,44.2389,16195,0,95,0,14-3-30 4:29:28,1
5F9GXUB7SI,125.144,44.2389,16195,0,95,0,14-3-30 4:31:29,1
5F9GXUB7SI,125.144,44.2389,16195,0,95,0,14-3-30 4:33:30,1
5F9GXUB7SI,125.144,44.2389,16195,0,95,0,14-3-30 4:35:31,1
5F9GXUB7SI,125.144,44.2389,16195,0,95,0,14-3-30 4:37:32,1
5F9GXUB7SI,125.144,44.2389,16195,0,95,0,14-3-30 4:39:33,1
5F9GXUB7SI,125.144,44.2389,16195,0,95,0,14-3-30 4:41:34,1
5F9GXUB7SI,125.144,44.2389,16195,0,95,0,14-3-30 4:43:35,1
5F9GXUB7SI,125.144,44.2389,16195,0,95,0,14-3-30 4:45:36,1
5F9GXUB7SI,125.144,44.2389,16195,0,95,0,14-3-30 4:47:36,1
5F9GXUB7SI,125.144,44.2389,16195,0,95,0,14-3-30 4:49:37,1
5F9GXUB7SI,125.144,44.2389,16195,0,95,0,14-3-30 4:51:38,1
5F9GXUB7SI,125.144,44.2389,16195,0,95,0,14-3-30 4:53:39,1
5F9GXUB7SI,125.144,44.2389,16195,0,95,0,14-3-30 4:55:40,1
5F9GXUB7SI,125.144,44.2389,16195,0,95,0,14-3-30 4:57:41,1
5F9GXUB7SI,125.144,44.2389,16195,0,95,0,14-3-30 5:7:50,1
5F9GXUB7SI,125.144,44.2389,16195,0,95,0,14-3-30 5:9:51,1
5F9GXUB7SI,125.144,44.2389,16195,0,95,0,14-3-30 5:11:52,1
5F9GXUB7SI,125.144,44.2389,16195,0,95,0,14-3-30 5:13:53,1
5F9GXUB7SI,125.144,44.2389,16195,0,95,0,14-3-30 5:15:54,1
5F9GXUB7SI,125.144,44.2389,16195,0,95,0,14-3-30 5:17:55,1
5F9GXUB7SI,125.144,44.2389,16195,0,95,0,14-3-30 5:19:56,1
5F9GXUB7SI,125.144,44.2389,16195,0,95,0,14-3-30 5:21:57,1
5F9GXUB7SI,125.144,44.2389,16195,0,95,0,14-3-30 5:23:58,1
5F9GXUB7SI,125.144,44.2389,16195,0,95,0,14-3-30 5:25:59,1
5F9GXUB7SI,125.144,44.2389,16195,0,95,0,14-3-30 5:28:0,1
5F9GXUB7SI,125.144,44.2389,16195,0,95,0,14-3-30 5:30:1,1
5F9GXUB7SI,125.144,44.2389,16195,0,95,0,14-3-30 5:32:2,1
5F9GXUB7SI,125.144,44.2389,16195,0,95,0,14-3-30 5:34:3,1
5F9GXUB7SI,125.144,44.2389,16195,0,95,0,14-3-30 5:36:4,1
5F9GXUB7SI,125.144,44.2389,16195,0,95,0,14-3-30 5:38:5,1
5F9GXUB7SI,125.144,44.2389,16195,0,95,0,14-3-30 5:48:18,1
5F9GXUB7SI,125.144,44.2389,16195,0,95,0,14-3-30 5:50:19,1
5F9GXUB7SI,125.144,44.2389,16195,0,95,0,14-3-30 5:52:20,1
5F9GXUB7SI,125.144,44.2389,16195,0,95,0,14-3-30 5:54:21,1
5F9GXUB7SI,125.144,44.2389,16195,0,95,0,14-3-30 5:56:22,1
5F9GXUB7SI,125.144,44.2389,16195,0,95,0,14-3-30 5:58:23,1
5F9GXUB7SI,125.144,44.2389,16195,0,95,0,14-3-30 6:0:24,1
5F9GXUB7SI,125.144,44.2389,16195,0,95,0,14-3-30 6:2:25,1
5F9GXUB7SI,125.144,44.2389,16195,0,95,0,14-3-30 6:4:25,1
5F9GXUB7SI,125.144,44.2389,16195,0,95,0,14-3-30 6:6:26,1
5F9GXUB7SI,125.144,44.2389,16195,0,95,0,14-3-30 6:8:27,1
5F9GXUB7SI,125.144,44.2389,16195,0,95,0,14-3-30 6:10:28,1
5F9GXUB7SI,125.144,44.2389,16195,0,95,0,14-3-30 6:12:29,1
5F9GXUB7SI,125.144,44.2389,16195,0,95,0,14-3-30 6:14:30,1
5F9GXUB7SI,125.144,44.2389,16195,0,95,0,14-3-30 6:16:31,1
5F9GXUB7SI,125.144,44.2389,16195,0,95,0,14-3-30 6:18:32,1
5F9GXUB7SI,125.144,44.2389,16195,0,95,0,14-3-30 6:29:14,1
5F9GXUB7SI,125.144,44.2389,16195,0,95,0,14-3-30 6:31:15,1
5F9GXUB7SI,125.144,44.2389,16195,0,95,0,14-3-30 6:33:16,1
5F9GXUB7SI,125.144,44.2389,16195,0,95,0,14-3-30 6:35:17,1
5F9GXUB7SI,125.144,44.2389,16195,0,95,0,14-3-30 6:37:18,1
5F9GXUB7SI,125.144,44.2389,16195,0,95,0,14-3-30 6:39:19,1
5F9GXUB7SI,125.144,44.2389,16195,0,95,0,14-3-30 6:41:20,1
5F9GXUB7SI,125.144,44.2389,16195,0,95,0,14-3-30 6:43:21,1
5F9GXUB7SI,125.144,44.2389,16195,0,95,0,14-3-30 6:45:22,1
5F9GXUB7SI,125.144,44.2389,16195,0,95,0,14-3-30 6:47:23,1
5F9GXUB7SI,125.144,44.2389,16195,0,95,0,14-3-30 6:49:24,1
5F9GXUB7SI,125.144,44.2389,16195,0,95,0,14-3-30 6:51:25,1
5F9GXUB7SI,125.144,44.2389,16195,0,95,0,14-3-30 6:53:26,1
5F9GXUB7SI,125.144,44.2389,16195,0,95,0,14-3-30 6:55:27,1
5F9GXUB7SI,125.144,44.2389,16195,0,95,0,14-3-30 6:57:28,1
5F9GXUB7SI,125.144,44.2389,16195,0,95,0,14-3-30 7:7:42,1
5F9GXUB7SI,125.144,44.2389,16195,0,95,0,14-3-30 7:9:43,1
5F9GXUB7SI,125.144,44.2389,16195,0,95,0,14-3-30 7:11:44,1
5F9GXUB7SI,125.144,44.2389,16195,0,95,0,14-3-30 7:13:45,1
5F9GXUB7SI,125.144,44.2389,16195,0,95,0,14-3-30 7:15:45,1
5F9GXUB7SI,125.144,44.2389,16195,0,95,0,14-3-30 7:17:46,1
5F9GXUB7SI,125.144,44.2389,16195,0,95,0,14-3-30 7:19:47,1
5F9GXUB7SI,125.144,44.2389,16195,0,95,0,14-3-30 7:21:48,1
5F9GXUB7SI,125.144,44.2389,16195,0,95,0,14-3-30 7:23:49,1
5F9GXUB7SI,125.144,44.2389,16195,0,95,0,14-3-30 7:25:50,1
5F9GXUB7SI,125.144,44.2389,16195,0,95,0,14-3-30 7:27:51,1
5F9GXUB7SI,125.144,44.2389,16195,0,95,0,14-3-30 7:29:52,1
5F9GXUB7SI,125.144,44.2389,16195,0,95,0,14-3-30 7:31:53,1
5F9GXUB7SI,125.144,44.2389,16195,0,95,0,14-3-30 7:33:54,1
5F9GXUB7SI,125.144,44.2389,16195,0,95,0,14-3-30 7:35:55,1
5F9GXUB7SI,125.144,44.2389,16195,0,95,0,14-3-30 7:37:56,1
5F9GXUB7SI,125.144,44.2389,16195,0,95,0,14-3-30 7:48:8,1
5F9GXUB7SI,125.144,44.2389,16195,0,95,0,14-3-30 7:50:9,1
5F9GXUB7SI,125.144,44.2389,16195,0,95,0,14-3-30 7:52:10,1
5F9GXUB7SI,125.144,44.2389,16195,0,95,0,14-3-30 7:54:11,1
5F9GXUB7SI,125.144,44.2389,16195,0,95,0,14-3-30 7:56:12,1
5F9GXUB7SI,125.144,44.2389,16195,0,95,0,14-3-30 7:58:13,1
5F9GXUB7SI,125.144,44.2389,16195,0,95,0,14-3-30 8:0:14,1
5F9GXUB7SI,125.144,44.2389,16195,0,95,0,14-3-30 8:2:15,1
5F9GXUB7SI,125.144,44.2389,16195,0,95,0,14-3-30 8:4:16,1
5F9GXUB7SI,125.144,44.2389,16195,0,95,0,14-3-30 8:6:17,1
5F9GXUB7SI,125.144,44.2389,16195,0,95,0,14-3-30 8:8:17,1
5F9GXUB7SI,125.144,44.2389,16195,0,95,0,14-3-30 8:10:19,1
5F9GXUB7SI,125.144,44.2389,16195,0,95,0,14-3-30 8:12:20,1
5F9GXUB7SI,125.144,44.2389,16195,0,95,0,14-3-30 8:14:20,1
5F9GXUB7SI,125.144,44.2389,16195,0,95,0,14-3-30 8:16:21,1
5F9GXUB7SI,125.144,44.2389,16195,0,95,0,14-3-30 8:26:33,1
5F9GXUB7SI,125.144,44.2389,16195,0,95,0,14-3-30 8:28:34,1
5F9GXUB7SI,125.144,44.2381,16196,9,40,0,14-3-30 8:30:35,1
5F9GXUB7SI,125.147,44.2329,16203,33,85,0,14-3-30 8:32:36,1
5F9GXUB7SI,125.15,44.2194,16218,57,85,0,14-3-30 8:34:37,1
5F9GXUB7SI,125.154,44.2024,16236,47,85,0,14-3-30 8:36:38,1
5F9GXUB7SI,125.157,44.1842,16256,66,85,0,14-3-30 8:38:39,1
5F9GXUB7SI,125.159,44.163,16280,60,90,0,14-3-30 8:40:40,1
5F9GXUB7SI,125.159,44.1447,16300,62,85,0,14-3-30 8:42:41,1
5F9GXUB7SI,125.159,44.1255,16320,60,85,0,14-3-30 8:44:42,1
5F9GXUB7SI,125.162,44.1054,16343,68,75,0,14-3-30 8:46:43,1
5F9GXUB7SI,125.172,44.0858,16365,64,80,0,14-3-30 8:48:44,1
5F9GXUB7SI,125.189,44.0694,16387,64,60,0,14-3-30 8:50:45,1
5F9GXUB7SI,125.215,44.0611,16410,62,55,0,14-3-30 8:52:46,1
5F9GXUB7SI,125.242,44.0565,16432,68,45,0,14-3-30 8:54:47,1
5F9GXUB7SI,125.227,43.9733,16566,60,110,0,14-3-30 9:7:21,1
5F9GXUB7SI,125.208,43.9584,16588,64,110,0,14-3-30 9:9:22,1
5F9GXUB7SI,125.189,43.9435,16610,62,110,0,14-3-30 9:11:23,1
5F9GXUB7SI,125.172,43.9297,16630,66,110,0,14-3-30 9:13:24,1
5F9GXUB7SI,125.156,43.9117,16653,71,105,0,14-3-30 9:15:25,1
5F9GXUB7SI,125.142,43.8937,16675,62,100,0,14-3-30 9:17:26,1
5F9GXUB7SI,125.134,43.8736,16698,68,95,0,14-3-30 9:19:27,1
5F9GXUB7SI,125.133,43.8533,16720,68,80,0,14-3-30 9:21:28,1
5F9GXUB7SI,125.146,43.8351,16743,75,70,0,14-3-30 9:23:30,1
5F9GXUB7SI,125.163,43.8187,16765,66,65,0,14-3-30 9:25:30,1
5F9GXUB7SI,125.179,43.8025,16786,60,70,0,14-3-30 9:27:33,1
5F9GXUB7SI,125.19,43.7879,16804,64,70,0,14-3-30 9:29:33,1
5F9GXUB7SI,125.201,43.7683,16827,71,80,0,14-3-30 9:31:34,1
5F9GXUB7SI,125.202,43.7492,16848,64,90,0,14-3-30 9:33:35,1
5F9GXUB7SI,125.195,43.7317,16870,64,110,0,14-3-30 9:35:36,1
5F9GXUB7SI,125.079,43.6713,16982,71,115,0,14-3-30 9:45:55,1
5F9GXUB7SI,125.056,43.6573,17005,60,110,0,14-3-30 9:47:56,1
5F9GXUB7SI,125.039,43.6424,17026,57,110,0,14-3-30 9:49:57,1
5F9GXUB7SI,125.017,43.6266,17051,66,115,0,14-3-30 9:51:58,1
5F9GXUB7SI,125.001,43.6185,17066,58,115,0,14-3-30 9:53:59,1
5F9GXUB7SI,124.978,43.6071,17088,60,115,0,14-3-30 9:56:0,1
5F9GXUB7SI,124.959,43.5921,17110,80,110,0,14-3-30 9:58:1,1
5F9GXUB7SI,124.94,43.5749,17133,66,105,0,14-3-30 10:0:3,1
5F9GXUB7SI,124.927,43.5572,17155,62,100,0,14-3-30 10:2:4,1
5F9GXUB7SI,124.915,43.5418,17175,68,105,0,14-3-30 10:4:5,1
5F9GXUB7SI,124.892,43.5265,17199,75,115,0,14-3-30 10:6:6,1
5F9GXUB7SI,124.869,43.5132,17222,66,110,0,14-3-30 10:8:7,1
5F9GXUB7SI,124.853,43.499,17242,55,105,0,14-3-30 10:10:8,1
5F9GXUB7SI,124.839,43.4844,17262,36,110,0,14-3-30 10:12:9,1
5F9GXUB7SI,124.823,43.4743,17278,46,115,0,14-3-30 10:14:10,1
5F9GXUB7SI,124.8,43.461,17302,93,115,0,14-3-30 10:16:11,1
5F9GXUB7SI,124.778,43.4414,17330,84,105,0,14-3-30 10:18:12,1
5F9GXUB7SI,124.76,43.4209,17356,68,105,0,14-3-30 10:20:13,1
5F9GXUB7SI,124.741,43.406,17378,64,115,0,14-3-30 10:22:14,1
5F9GXUB7SI,124.719,43.3931,17400,69,115,0,14-3-30 10:24:15,1
5F9GXUB7SI,124.702,43.3791,17421,60,105,0,14-3-30 10:26:16,1
5F9GXUB7SI,124.685,43.3656,17440,60,110,0,14-3-30 10:28:18,1
5F9GXUB7SI,124.664,43.3539,17462,77,115,0,14-3-30 10:30:19,1
5F9GXUB7SI,124.644,43.3406,17483,62,110,0,14-3-30 10:32:20,1
5F9GXUB7SI,124.627,43.3233,17507,68,105,0,14-3-30 10:34:21,1
5F9GXUB7SI,124.612,43.3095,17525,49,110,0,14-3-30 10:36:22,1
5F9GXUB7SI,124.592,43.2957,17547,73,110,0,14-3-30 10:38:24,1
5F9GXUB7SI,124.574,43.2786,17571,68,105,0,14-3-30 10:40:24,1
5F9GXUB7SI,124.566,43.269,17582,0,125,0,14-3-30 10:42:25,1
5F9GXUB7SI,124.566,43.2685,17582,0,100,0,14-3-30 10:44:26,1
5F9GXUB7SI,124.566,43.2685,17582,0,100,0,14-3-30 10:46:27,1
5F9GXUB7SI,124.566,43.2685,17582,0,100,0,14-3-30 10:48:28,1
5F9GXUB7SI,124.566,43.2685,17582,0,100,0,14-3-30 10:50:29,1
5F9GXUB7SI,124.566,43.2685,17582,0,100,0,14-3-30 10:52:30,1
5F9GXUB7SI,124.566,43.2685,17582,0,100,0,14-3-30 10:54:31,1
5F9GXUB7SI,124.566,43.2685,17582,0,100,0,14-3-30 10:56:33,1
5F9GXUB7SI,124.566,43.2685,17582,0,100,0,14-3-30 10:58:34,1
5F9GXUB7SI,124.566,43.2685,17582,0,100,0,14-3-30 11:0:37,1
5F9GXUB7SI,124.566,43.2685,17582,0,100,0,14-3-30 11:2:36,1
5F9GXUB7SI,124.566,43.2685,17582,0,100,0,14-3-30 11:4:37,1
5F9GXUB7SI,124.566,43.2685,17582,0,100,0,14-3-30 11:6:38,1
5F9GXUB7SI,124.566,43.2685,17582,0,100,0,14-3-30 11:8:39,1
5F9GXUB7SI,124.566,43.2678,17583,0,105,0,14-3-30 11:10:41,1
5F9GXUB7SI,124.566,43.2678,17583,0,105,0,14-3-30 11:12:42,1
5F9GXUB7SI,124.566,43.2678,17583,0,105,0,14-3-30 11:14:43,1
5F9GXUB7SI,124.566,43.2678,17583,0,105,0,14-3-30 11:16:44,1
5F9GXUB7SI,124.566,43.2678,17583,0,105,0,14-3-30 11:18:45,1
5F9GXUB7SI,124.566,43.2678,17583,0,105,0,14-3-30 11:20:46,1
5F9GXUB7SI,124.564,43.264,17588,31,95,0,14-3-30 11:22:47,1
5F9GXUB7SI,124.557,43.2528,17602,40,105,0,14-3-30 11:24:48,1
5F9GXUB7SI,124.541,43.2386,17621,62,110,0,14-3-30 11:26:50,1
5F9GXUB7SI,124.524,43.2224,17644,84,100,0,14-3-30 11:28:51,1
5F9GXUB7SI,124.513,43.2013,17669,60,95,0,14-3-30 11:30:52,1
5F9GXUB7SI,124.5,43.1847,17690,71,105,0,14-3-30 11:32:53,1
5F9GXUB7SI,124.478,43.1683,17715,88,110,0,14-3-30 11:34:54,1
5F9GXUB7SI,124.456,43.151,17740,71,105,0,14-3-30 11:36:55,1
5F9GXUB7SI,124.443,43.1347,17761,57,100,0,14-3-30 11:38:56,1
5F9GXUB7SI,124.429,43.1176,17783,69,105,0,14-3-30 11:40:57,1
5F9GXUB7SI,124.412,43.1021,17804,25,110,0,14-3-30 11:42:59,1
5F9GXUB7SI,124.411,43.1017,17804,0,100,0,14-3-30 11:45:0,1
5F9GXUB7SI,124.411,43.1015,17804,0,110,0,14-3-30 11:47:1,1
5F9GXUB7SI,124.41,43.1009,17804,5,115,0,14-3-30 11:49:2,1
5F9GXUB7SI,124.41,43.1004,17805,0,95,0,14-3-30 11:51:3,1
5F9GXUB7SI,124.403,43.0943,17814,53,105,0,14-3-30 11:53:4,1
5F9GXUB7SI,124.394,43.0864,17824,0,105,0,14-3-30 11:55:6,1
5F9GXUB7SI,124.384,43.0772,17837,77,105,0,14-3-30 11:57:7,1
5F9GXUB7SI,124.371,43.0563,17862,55,100,0,14-3-30 11:59:8,1
5F9GXUB7SI,124.355,43.0407,17883,66,110,0,14-3-30 12:1:9,1
5F9GXUB7SI,124.338,43.0254,17905,69,105,0,14-3-30 12:3:10,1
5F9GXUB7SI,124.323,43.0083,17927,60,105,0,14-3-30 12:5:11,1
5F9GXUB7SI,124.308,42.9941,17947,64,110,0,14-3-30 12:7:12,1
5F9GXUB7SI,124.287,42.9787,17970,60,110,0,14-3-30 12:9:14,1
5F9GXUB7SI,124.27,42.9609,17994,71,105,0,14-3-30 12:11:15,1
5F9GXUB7SI,124.254,42.9453,18015,55,110,0,14-3-30 12:13:16,1
5F9GXUB7SI,124.235,42.9327,18036,68,110,0,14-3-30 12:15:17,1
5F9GXUB7SI,124.217,42.9146,18060,64,105,0,14-3-30 12:17:18,1
5F9GXUB7SI,124.204,42.8973,18081,66,100,0,14-3-30 12:19:19,1
5F9GXUB7SI,124.192,42.877,18105,62,95,0,14-3-30 12:21:20,1
5F9GXUB7SI,124.185,42.8574,18127,64,95,0,14-3-30 12:23:22,1
5F9GXUB7SI,124.174,42.8413,18147,49,100,0,14-3-30 12:25:23,1
5F9GXUB7SI,124.167,42.8205,18170,47,90,0,14-3-30 12:27:30,1
5F9GXUB7SI,124.161,42.8066,18187,73,100,0,14-3-30 12:29:31,1
5F9GXUB7SI,124.145,42.7844,18215,77,95,0,14-3-30 12:31:32,1
5F9GXUB7SI,124.131,42.7632,18240,80,110,0,14-3-30 12:33:33,1
5F9GXUB7SI,124.101,42.7506,18267,84,115,0,14-3-30 12:35:35,1
5F9GXUB7SI,124.08,42.7337,18292,69,105,0,14-3-30 12:37:36,1
5F9GXUB7SI,124.067,42.7158,18315,75,100,0,14-3-30 12:39:37,1
5F9GXUB7SI,124.053,42.6959,18338,58,100,0,14-3-30 12:41:38,1
5F9GXUB7SI,124.043,42.6737,18364,73,90,0,14-3-30 12:43:39,1
5F9GXUB7SI,124.037,42.6517,18388,77,100,0,14-3-30 12:45:41,1
5F9GXUB7SI,124.027,42.6302,18413,66,95,0,14-3-30 12:47:42,1
5F9GXUB7SI,124.018,42.6099,18437,79,100,0,14-3-30 12:49:43,1
5F9GXUB7SI,124.007,42.5891,18461,69,90,0,14-3-30 12:51:44,1
5F9GXUB7SI,124.009,42.5678,18485,68,90,0,14-3-30 12:53:45,1
5F9GXUB7SI,124.003,42.5467,18507,68,95,0,14-3-30 12:55:47,1
5F9GXUB7SI,123.997,42.526,18531,69,90,0,14-3-30 12:57:48,1
5F9GXUB7SI,123.998,42.5036,18555,68,85,0,14-3-30 12:59:49,1
5F9GXUB7SI,123.997,42.484,18576,69,95,0,14-3-30 13:1:51,1
5F9GXUB7SI,123.984,42.4673,18598,75,105,0,14-3-30 13:3:51,1
5F9GXUB7SI,123.973,42.4455,18623,90,90,0,14-3-30 13:5:52,1
5F9GXUB7SI,123.955,42.4241,18651,82,110,0,14-3-30 13:7:54,1
5F9GXUB7SI,123.939,42.4031,18678,79,95,0,14-3-30 13:9:55,1
5F9GXUB7SI,123.928,42.3817,18703,66,105,0,14-3-30 13:11:56,1
5F9GXUB7SI,123.909,42.3665,18725,69,100,0,14-3-30 13:13:57,1
5F9GXUB7SI,123.899,42.348,18748,64,110,0,14-3-30 13:15:58,1
5F9GXUB7SI,123.888,42.3295,18770,66,95,0,14-3-30 13:18:0,1
5F9GXUB7SI,123.878,42.3101,18793,68,90,0,14-3-30 13:20:1,1
5F9GXUB7SI,123.875,42.2901,18815,57,90,0,14-3-30 13:22:2,1
5F9GXUB7SI,123.868,42.2719,18835,60,100,0,14-3-30 13:24:3,1
5F9GXUB7SI,123.855,42.2602,18853,62,120,0,14-3-30 13:26:4,1
5F9GXUB7SI,123.827,42.2507,18878,69,115,0,14-3-30 13:28:6,1
5F9GXUB7SI,123.8,42.2405,18902,69,130,0,14-3-30 13:30:7,1
5F9GXUB7SI,123.775,42.232,18925,68,110,0,14-3-30 13:32:8,1
5F9GXUB7SI,123.754,42.2174,18948,68,110,0,14-3-30 13:34:9,1
5F9GXUB7SI,123.732,42.2048,18970,64,115,0,14-3-30 13:36:10,1
5F9GXUB7SI,123.712,42.1902,18993,66,105,0,14-3-30 13:38:12,1
5F9GXUB7SI,123.695,42.183,19014,58,145,0,14-3-30 13:40:13,1
5F9GXUB7SI,123.669,42.1914,19037,64,140,0,14-3-30 13:42:14,1
5F9GXUB7SI,123.642,42.1903,19059,68,135,0,14-3-30 13:44:15,1
5F9GXUB7SI,123.617,42.1992,19082,62,145,0,14-3-30 13:46:16,1
5F9GXUB7SI,123.593,42.2007,19102,51,135,0,14-3-30 13:48:18,1
5F9GXUB7SI,123.565,42.2005,19124,64,130,0,14-3-30 13:50:19,1
5F9GXUB7SI,123.538,42.2004,19145,64,135,0,14-3-30 13:52:20,1
5F9GXUB7SI,123.513,42.2049,19167,60,145,0,14-3-30 13:54:21,1
5F9GXUB7SI,123.488,42.2085,19188,64,135,0,14-3-30 13:56:22,1
5F9GXUB7SI,123.461,42.2073,19209,60,130,0,14-3-30 13:58:23,1
5F9GXUB7SI,123.435,42.2075,19230,62,140,0,14-3-30 14:0:25,1
5F9GXUB7SI,123.41,42.2131,19251,66,135,0,14-3-30 14:2:26,1
5F9GXUB7SI,123.382,42.2164,19275,64,140,0,14-3-30 14:4:27,1
5F9GXUB7SI,123.356,42.218,19296,64,120,0,14-3-30 14:6:28,1
5F9GXUB7SI,123.33,42.2103,19319,64,130,0,14-3-30 14:8:29,1
5F9GXUB7SI,123.302,42.2091,19341,68,130,0,14-3-30 14:10:31,1
5F9GXUB7SI,123.275,42.2077,19364,64,125,0,14-3-30 14:12:32,1
5F9GXUB7SI,123.249,42.2025,19385,64,130,0,14-3-30 14:14:33,1
5F9GXUB7SI,123.221,42.1999,19408,69,125,0,14-3-30 14:16:34,1
5F9GXUB7SI,123.195,42.1976,19429,60,125,0,14-3-30 14:18:35,1
5F9GXUB7SI,123.171,42.1936,19449,60,135,0,14-3-30 14:20:37,1
5F9GXUB7SI,123.146,42.1899,19471,69,110,0,14-3-30 14:22:39,1
5F9GXUB7SI,123.123,42.178,19493,69,120,0,14-3-30 14:24:39,1
5F9GXUB7SI,123.076,42.1585,19537,66,115,0,14-3-30 14:28:43,1
5F9GXUB7SI,123.052,42.1471,19560,66,120,0,14-3-30 14:30:42,1
5F9GXUB7SI,123.027,42.1365,19583,69,110,0,14-3-30 14:32:44,1
5F9GXUB7SI,123.005,42.1232,19606,69,115,0,14-3-30 14:34:45,1
5F9GXUB7SI,122.989,42.1068,19629,64,110,0,14-3-30 14:36:46,1
5F9GXUB7SI,122.966,42.0945,19651,68,115,0,14-3-30 14:38:47,1
5F9GXUB7SI,122.95,42.0787,19673,68,105,0,14-3-30 14:40:48,1
5F9GXUB7SI,122.929,42.0635,19697,66,105,0,14-3-30 14:42:50,1
5F9GXUB7SI,122.918,42.0435,19721,71,95,0,14-3-30 14:44:51,1
5F9GXUB7SI,122.909,42.024,19743,71,100,0,14-3-30 14:46:52,1
5F9GXUB7SI,122.901,42.0044,19766,68,95,0,14-3-30 14:48:53,1
5F9GXUB7SI,122.892,41.9849,19788,68,100,0,14-3-30 14:50:54,1
5F9GXUB7SI,122.878,41.9669,19811,71,105,0,14-3-30 14:52:55,1
5F9GXUB7SI,122.86,41.9508,19833,64,110,0,14-3-30 14:54:56,1
5F9GXUB7SI,122.84,41.9358,19856,69,115,0,14-3-30 14:56:58,1
5F9GXUB7SI,122.818,41.9221,19879,68,105,0,14-3-30 14:58:59,1
5F9GXUB7SI,122.803,41.9036,19903,69,105,0,14-3-30 15:1:0,1
5F9GXUB7SI,122.787,41.8863,19927,66,110,0,14-3-30 15:3:1,1
5F9GXUB7SI,122.77,41.8686,19949,69,105,0,14-3-30 15:5:2,1
5F9GXUB7SI,122.752,41.8533,19971,60,105,0,14-3-30 15:7:3,1
5F9GXUB7SI,122.739,41.835,19994,66,100,0,14-3-30 15:9:5,1
5F9GXUB7SI,122.722,41.8195,20016,68,110,0,14-3-30 15:11:6,1
5F9GXUB7SI,122.708,41.8026,20038,64,100,0,14-3-30 15:13:7,1
5F9GXUB7SI,122.695,41.7846,20060,64,100,0,14-3-30 15:15:8,1
5F9GXUB7SI,122.685,41.7653,20082,66,100,0,14-3-30 15:17:9,1
5F9GXUB7SI,122.676,41.7465,20104,68,90,0,14-3-30 15:19:10,1
5F9GXUB7SI,122.671,41.7269,20126,66,100,0,14-3-30 15:21:12,1
5F9GXUB7SI,122.661,41.7081,20148,66,95,0,14-3-30 15:23:13,1
5F9GXUB7SI,122.65,41.689,20171,66,105,0,14-3-30 15:25:14,1
5F9GXUB7SI,122.641,41.6698,20193,66,95,0,14-3-30 15:27:15,1
5F9GXUB7SI,122.632,41.6509,20214,66,95,0,14-3-30 15:29:16,1
5F9GXUB7SI,122.628,41.6302,20237,68,95,0,14-3-30 15:31:18,1
5F9GXUB7SI,122.618,41.6109,20260,69,100,0,14-3-30 15:33:18,1
5F9GXUB7SI,122.616,41.5911,20282,66,80,0,14-3-30 15:35:20,1
5F9GXUB7SI,122.617,41.5705,20304,68,90,0,14-3-30 15:37:21,1
5F9GXUB7SI,122.619,41.5498,20327,64,80,0,14-3-30 15:39:22,1
5F9GXUB7SI,122.65,41.5176,20370,68,70,0,14-3-30 15:43:26,1
5F9GXUB7SI,122.647,41.5038,20392,69,125,0,14-3-30 15:45:25,1
5F9GXUB7SI,122.618,41.5001,20416,73,130,0,14-3-30 15:47:26,1
5F9GXUB7SI,122.589,41.4935,20441,69,120,0,14-3-30 15:49:28,1
5F9GXUB7SI,122.566,41.4811,20465,68,115,0,14-3-30 15:51:29,1
5F9GXUB7SI,122.54,41.474,20487,69,125,0,14-3-30 15:53:30,1
5F9GXUB7SI,122.514,41.4657,20510,68,115,0,14-3-30 15:55:31,1
5F9GXUB7SI,122.49,41.4539,20533,69,120,0,14-3-30 15:57:32,1
5F9GXUB7SI,122.466,41.4432,20556,68,115,0,14-3-30 15:59:33,1
5F9GXUB7SI,122.441,41.4338,20579,71,125,0,14-3-30 16:1:34,1
5F9GXUB7SI,122.415,41.426,20602,66,115,0,14-3-30 16:3:35,1
5F9GXUB7SI,122.392,41.4143,20624,66,120,0,14-3-30 16:5:36,1
5F9GXUB7SI,122.364,41.408,20648,68,125,0,14-3-30 16:7:37,1
5F9GXUB7SI,122.338,41.4001,20671,69,120,0,14-3-30 16:9:39,1
5F9GXUB7SI,122.311,41.3946,20695,68,125,0,14-3-30 16:11:41,1
5F9GXUB7SI,122.283,41.389,20718,66,120,0,14-3-30 16:13:42,1
5F9GXUB7SI,122.258,41.3777,20742,69,115,0,14-3-30 16:15:43,1
5F9GXUB7SI,122.232,41.3692,20765,69,125,0,14-3-30 16:17:44,1
5F9GXUB7SI,122.205,41.3621,20789,68,120,0,14-3-30 16:19:45,1
5F9GXUB7SI,122.179,41.3547,20811,69,125,0,14-3-30 16:21:46,1
5F9GXUB7SI,122.154,41.3452,20834,69,115,0,14-3-30 16:23:47,1
5F9GXUB7SI,122.129,41.336,20857,68,120,0,14-3-30 16:25:48,1
5F9GXUB7SI,122.107,41.3232,20880,66,110,0,14-3-30 16:27:50,1
5F9GXUB7SI,122.085,41.3105,20903,69,120,0,14-3-30 16:29:50,1
5F9GXUB7SI,122.062,41.2984,20926,66,115,0,14-3-30 16:31:51,1
5F9GXUB7SI,122.038,41.2882,20948,68,120,0,14-3-30 16:33:52,1
5F9GXUB7SI,122.016,41.2758,20970,68,110,0,14-3-30 16:35:54,1
5F9GXUB7SI,121.994,41.263,20993,64,115,0,14-3-30 16:37:55,1
5F9GXUB7SI,121.971,41.2508,21016,68,120,0,14-3-30 16:39:56,1
5F9GXUB7SI,121.946,41.2419,21039,71,115,0,14-3-30 16:41:57,1
5F9GXUB7SI,121.922,41.2313,21062,66,125,0,14-3-30 16:43:58,1
5F9GXUB7SI,121.895,41.2318,21084,66,140,0,14-3-30 16:45:59,1
5F9GXUB7SI,121.868,41.2372,21107,66,140,0,14-3-30 16:48:0,1
5F9GXUB7SI,121.84,41.2389,21130,66,130,0,14-3-30 16:50:1,1
5F9GXUB7SI,121.812,41.2407,21152,66,140,0,14-3-30 16:52:2,1
5F9GXUB7SI,121.786,41.2434,21174,64,130,0,14-3-30 16:54:4,1
5F9GXUB7SI,121.759,41.2397,21197,69,125,0,14-3-30 16:56:5,1
5F9GXUB7SI,121.732,41.2343,21220,64,125,0,14-3-30 16:58:6,1
5F9GXUB7SI,121.708,41.2248,21242,66,120,0,14-3-30 17:0:7,1
5F9GXUB7SI,121.683,41.2156,21265,68,125,0,14-3-30 17:2:8,1
5F9GXUB7SI,121.656,41.2093,21288,68,125,0,14-3-30 17:4:9,1
5F9GXUB7SI,121.633,41.1994,21310,66,115,0,14-3-30 17:6:10,1
5F9GXUB7SI,121.581,41.1842,21356,62,125,0,14-3-30 17:10:14,1
5F9GXUB7SI,121.556,41.1767,21378,64,120,0,14-3-30 17:12:13,1
5F9GXUB7SI,121.53,41.1712,21401,69,125,0,14-3-30 17:14:14,1
5F9GXUB7SI,121.506,41.1617,21423,66,120,0,14-3-30 17:16:15,1
5F9GXUB7SI,121.479,41.1556,21446,69,125,0,14-3-30 17:18:16,1
5F9GXUB7SI,121.453,41.1464,21470,68,120,0,14-3-30 17:20:17,1
5F9GXUB7SI,121.431,41.1341,21493,69,115,0,14-3-30 17:22:18,1
5F9GXUB7SI,121.409,41.1212,21515,66,115,0,14-3-30 17:24:20,1
5F9GXUB7SI,121.385,41.1114,21537,68,115,0,14-3-30 17:26:21,1
5F9GXUB7SI,121.363,41.0984,21560,66,115,0,14-3-30 17:28:22,1
5F9GXUB7SI,121.338,41.0865,21585,75,115,0,14-3-30 17:30:23,1
5F9GXUB7SI,121.313,41.0755,21608,66,120,0,14-3-30 17:32:24,1
5F9GXUB7SI,121.291,41.065,21630,66,115,0,14-3-30 17:34:26,1
5F9GXUB7SI,121.266,41.0547,21653,71,115,0,14-3-30 17:36:26,1
5F9GXUB7SI,121.244,41.0425,21676,66,115,0,14-3-30 17:38:27,1
5F9GXUB7SI,121.22,41.0339,21697,60,120,0,14-3-30 17:40:28,1
5F9GXUB7SI,121.195,41.0281,21719,58,125,0,14-3-30 17:42:29,1
5F9GXUB7SI,121.171,41.02,21741,79,115,0,14-3-30 17:44:30,1
5F9GXUB7SI,121.152,41.0102,21759,42,115,0,14-3-30 17:46:32,1
5F9GXUB7SI,121.128,40.9992,21783,84,115,0,14-3-30 17:48:32,1
5F9GXUB7SI,121.103,40.9888,21806,46,115,0,14-3-30 17:50:33,1
5F9GXUB7SI,121.084,40.9781,21825,69,120,0,14-3-30 17:52:34,1
5F9GXUB7SI,121.057,40.9649,21852,80,110,0,14-3-30 17:54:35,1
5F9GXUB7SI,121.034,40.9469,21879,77,110,0,14-3-30 17:56:37,1
5F9GXUB7SI,121.012,40.9333,21903,71,115,0,14-3-30 17:58:38,1
5F9GXUB7SI,120.993,40.9173,21926,68,105,0,14-3-30 18:0:39,1
5F9GXUB7SI,120.98,40.9001,21948,73,105,0,14-3-30 18:2:40,1
5F9GXUB7SI,120.958,40.8858,21971,71,115,0,14-3-30 18:4:41,1
5F9GXUB7SI,120.939,40.8708,21994,73,110,0,14-3-30 18:6:42,1
5F9GXUB7SI,120.915,40.8565,22019,75,105,0,14-3-30 18:8:43,1
5F9GXUB7SI,120.898,40.8423,22040,64,110,0,14-3-30 18:10:44,1
5F9GXUB7SI,120.873,40.831,22064,79,120,0,14-3-30 18:12:45,1
5F9GXUB7SI,120.849,40.8211,22086,47,115,0,14-3-30 18:14:48,1
5F9GXUB7SI,120.829,40.8048,22111,77,105,0,14-3-30 18:16:47,1
5F9GXUB7SI,120.811,40.7855,22137,64,110,0,14-3-30 18:18:48,1
5F9GXUB7SI,120.794,40.771,22158,66,105,0,14-3-30 18:20:49,1
5F9GXUB7SI,120.777,40.7523,22182,75,110,0,14-3-30 18:22:50,1
5F9GXUB7SI,120.754,40.7368,22208,77,115,0,14-3-30 18:24:51,1
5F9GXUB7SI,120.736,40.7224,22229,53,105,0,14-3-30 18:26:52,1
5F9GXUB7SI,120.725,40.7037,22252,75,95,0,14-3-30 18:28:53,1
5F9GXUB7SI,120.711,40.6819,22278,68,105,0,14-3-30 18:30:54,1
5F9GXUB7SI,120.7,40.6691,22295,62,105,0,14-3-30 18:32:55,1
5F9GXUB7SI,120.688,40.6555,22312,55,105,0,14-3-30 18:34:56,1
5F9GXUB7SI,120.669,40.6399,22335,79,105,0,14-3-30 18:36:58,1
5F9GXUB7SI,120.654,40.6204,22360,75,105,0,14-3-30 18:38:59,1
5F9GXUB7SI,120.637,40.6029,22383,66,100,0,14-3-30 18:41:0,1
5F9GXUB7SI,120.625,40.5842,22406,64,105,0,14-3-30 18:43:1,1
5F9GXUB7SI,120.61,40.568,22428,55,110,0,14-3-30 18:45:2,1
5F9GXUB7SI,120.589,40.5552,22450,57,110,0,14-3-30 18:47:3,1
5F9GXUB7SI,120.572,40.5369,22475,80,100,0,14-3-30 18:49:4,1
5F9GXUB7SI,120.554,40.5195,22499,68,110,0,14-3-30 18:51:5,1
5F9GXUB7SI,120.538,40.5028,22521,64,105,0,14-3-30 18:53:6,1
5F9GXUB7SI,120.524,40.4842,22544,68,105,0,14-3-30 18:55:7,1
5F9GXUB7SI,120.508,40.4682,22567,64,105,0,14-3-30 18:57:8,1
5F9GXUB7SI,120.494,40.4512,22588,57,105,0,14-3-30 18:59:9,1
5F9GXUB7SI,120.48,40.4369,22608,73,110,0,14-3-30 19:1:10,1
5F9GXUB7SI,120.46,40.4217,22631,44,110,0,14-3-30 19:3:11,1
5F9GXUB7SI,120.442,40.4089,22651,75,110,0,14-3-30 19:5:12,1
5F9GXUB7SI,120.421,40.3921,22677,79,115,0,14-3-30 19:7:13,1
5F9GXUB7SI,120.396,40.3825,22701,77,120,0,14-3-30 19:9:14,1
5F9GXUB7SI,120.372,40.3712,22724,71,115,0,14-3-30 19:11:15,1
5F9GXUB7SI,120.347,40.3613,22747,62,115,0,14-3-30 19:13:16,1
5F9GXUB7SI,120.326,40.3469,22771,80,110,0,14-3-30 19:15:17,1
5F9GXUB7SI,120.304,40.3346,22793,66,115,0,14-3-30 19:17:18,1
5F9GXUB7SI,120.286,40.3256,22811,55,115,0,14-3-30 19:19:19,1
5F9GXUB7SI,120.266,40.3106,22834,66,105,0,14-3-30 19:21:20,1
5F9GXUB7SI,120.249,40.2961,22856,64,115,0,14-3-30 19:23:21,1
5F9GXUB7SI,120.227,40.2828,22879,69,110,0,14-3-30 19:25:23,1
5F9GXUB7SI,120.211,40.2703,22898,53,110,0,14-3-30 19:27:23,1
5F9GXUB7SI,120.188,40.2582,22922,75,115,0,14-3-30 19:29:24,1
5F9GXUB7SI,120.17,40.2452,22942,62,110,0,14-3-30 19:31:25,1
5F9GXUB7SI,120.147,40.2322,22966,71,115,0,14-3-30 19:33:26,1
5F9GXUB7SI,120.126,40.2216,22987,53,115,0,14-3-30 19:35:27,1
5F9GXUB7SI,120.107,40.2107,23007,77,110,0,14-3-30 19:37:28,1
5F9GXUB7SI,120.081,40.1984,23032,64,120,0,14-3-30 19:39:29,1
5F9GXUB7SI,120.059,40.1883,23053,53,115,0,14-3-30 19:41:30,1
5F9GXUB7SI,120.035,40.1755,23078,84,115,0,14-3-30 19:43:31,1
5F9GXUB7SI,120.013,40.1634,23100,64,110,0,14-3-30 19:45:32,1
5F9GXUB7SI,119.999,40.1493,23119,46,105,0,14-3-30 19:47:34,1
5F9GXUB7SI,119.984,40.1366,23138,69,115,0,14-3-30 19:49:35,1
5F9GXUB7SI,119.962,40.1209,23163,80,110,0,14-3-30 19:51:36,1
5F9GXUB7SI,119.937,40.1057,23190,69,110,0,14-3-30 19:53:37,1
5F9GXUB7SI,119.917,40.0919,23212,58,115,0,14-3-30 19:55:38,1
5F9GXUB7SI,119.894,40.0812,23235,66,115,0,14-3-30 19:57:39,1
5F9GXUB7SI,119.872,40.0709,23256,64,120,0,14-3-30 19:59:40,1
5F9GXUB7SI,119.866,40.0692,23260,0,125,0,14-3-30 20:1:41,1
5F9GXUB7SI,119.866,40.069,23261,0,125,0,14-3-30 20:3:42,1
5F9GXUB7SI,119.866,40.069,23261,0,125,0,14-3-30 20:5:44,1
5F9GXUB7SI,119.866,40.069,23261,0,125,0,14-3-30 20:7:45,1
5F9GXUB7SI,119.865,40.0688,23261,0,125,0,14-3-30 20:9:46,1
5F9GXUB7SI,119.864,40.0687,23261,0,125,0,14-3-30 20:11:47,1
5F9GXUB7SI,119.864,40.0687,23261,0,125,0,14-3-30 20:13:48,1
5F9GXUB7SI,119.863,40.0685,23261,9,125,0,14-3-30 20:15:49,1
5F9GXUB7SI,119.861,40.0678,23263,9,125,0,14-3-30 20:17:50,1
5F9GXUB7SI,119.85,40.0651,23274,55,125,0,14-3-30 20:19:51,1
5F9GXUB7SI,119.824,40.0543,23298,64,115,0,14-3-30 20:21:52,1
5F9GXUB7SI,119.802,40.0426,23321,77,120,0,14-3-30 20:23:53,1
5F9GXUB7SI,119.666,40.0084,23442,75,120,0,14-3-30 20:34:5,1
5F9GXUB7SI,119.64,40.0025,23465,68,130,0,14-3-30 20:36:6,1
5F9GXUB7SI,119.614,39.9994,23486,58,125,0,14-3-30 20:38:7,1
5F9GXUB7SI,119.589,39.9897,23510,86,120,0,14-3-30 20:40:8,1
5F9GXUB7SI,119.561,39.9823,23535,75,130,0,14-3-30 20:42:9,1
5F9GXUB7SI,119.532,39.9774,23560,75,120,0,14-3-30 20:44:11,1
5F9GXUB7SI,119.508,39.9657,23584,64,115,0,14-3-30 20:46:12,1
5F9GXUB7SI,119.487,39.9574,23603,25,125,0,14-3-30 20:48:13,1
5F9GXUB7SI,119.466,39.953,23622,86,125,0,14-3-30 20:50:14,1
5F9GXUB7SI,119.437,39.9503,23646,58,130,0,14-3-30 20:52:15,1
5F9GXUB7SI,119.413,39.9445,23667,75,120,0,14-3-30 20:54:16,1
5F9GXUB7SI,119.388,39.9344,23691,51,130,0,14-3-30 20:56:17,1
5F9GXUB7SI,119.385,39.9164,23712,68,90,0,14-3-30 20:58:18,1
5F9GXUB7SI,119.375,39.8944,23738,82,105,0,14-3-30 21:0:19,1
5F9GXUB7SI,119.352,39.8775,23764,80,110,0,14-3-30 21:2:20,1
5F9GXUB7SI,119.339,39.8558,23791,75,90,0,14-3-30 21:4:21,1
5F9GXUB7SI,119.334,39.8348,23814,68,100,0,14-3-30 21:6:22,1
5F9GXUB7SI,119.322,39.825,23829,0,110,0,14-3-30 21:8:23,1
5F9GXUB7SI,119.321,39.8246,23830,0,115,0,14-3-30 21:10:24,1
5F9GXUB7SI,119.321,39.8246,23830,0,115,0,14-3-30 21:12:27,1
5F9GXUB7SI,119.321,39.8246,23830,0,115,0,14-3-30 21:14:26,1
5F9GXUB7SI,119.321,39.8246,23830,0,115,0,14-3-30 21:16:27,1
5F9GXUB7SI,119.321,39.8246,23830,0,115,0,14-3-30 21:18:28,1
5F9GXUB7SI,119.321,39.8246,23830,0,115,0,14-3-30 21:20:31,1
5F9GXUB7SI,119.321,39.8246,23830,0,115,0,14-3-30 21:22:30,1
5F9GXUB7SI,119.321,39.8246,23830,0,115,0,14-3-30 21:24:32,1
5F9GXUB7SI,119.321,39.8246,23830,0,115,0,14-3-30 21:26:33,1
5F9GXUB7SI,119.321,39.8246,23830,0,115,0,14-3-30 21:28:34,1
5F9GXUB7SI,119.321,39.8246,23830,0,115,0,14-3-30 21:30:35,1
5F9GXUB7SI,119.321,39.8246,23830,0,115,0,14-3-30 21:32:36,1
5F9GXUB7SI,119.321,39.8246,23830,0,115,0,14-3-30 21:34:37,1
5F9GXUB7SI,119.321,39.8246,23830,0,115,0,14-3-30 21:36:38,1
5F9GXUB7SI,119.321,39.8246,23830,0,115,0,14-3-30 21:38:39,1
5F9GXUB7SI,119.321,39.8246,23830,0,115,0,14-3-30 21:40:40,1
5F9GXUB7SI,119.321,39.8246,23830,0,115,0,14-3-30 21:42:41,1
5F9GXUB7SI,119.321,39.8246,23830,0,115,0,14-3-30 21:44:42,1
5F9GXUB7SI,119.321,39.8246,23830,0,115,0,14-3-30 21:46:43,1
5F9GXUB7SI,119.321,39.8246,23830,0,115,0,14-3-30 21:48:44,1
5F9GXUB7SI,119.321,39.8234,23831,14,100,0,14-3-30 21:50:45,1
5F9GXUB7SI,119.309,39.8186,23842,46,125,0,14-3-30 21:52:46,1
5F9GXUB7SI,119.286,39.811,23863,71,115,0,14-3-30 21:54:47,1
5F9GXUB7SI,119.269,39.7944,23887,71,100,0,14-3-30 21:56:48,1
5F9GXUB7SI,119.261,39.771,23913,80,95,0,14-3-30 21:58:49,1
5F9GXUB7SI,119.256,39.7471,23940,80,90,0,14-3-30 22:0:50,1
5F9GXUB7SI,119.255,39.7263,23962,68,90,0,14-3-30 22:2:51,1
5F9GXUB7SI,119.248,39.7065,23985,66,100,0,14-3-30 22:4:52,1
5F9GXUB7SI,119.241,39.6879,24006,58,95,0,14-3-30 22:6:53,1
5F9GXUB7SI,119.232,39.6688,24028,62,100,0,14-3-30 22:8:54,1
5F9GXUB7SI,119.221,39.6509,24049,66,100,0,14-3-30 22:10:55,1
5F9GXUB7SI,119.208,39.6322,24072,71,105,0,14-3-30 22:12:56,1
5F9GXUB7SI,119.189,39.6182,24095,68,115,0,14-3-30 22:14:57,1
5F9GXUB7SI,119.164,39.6086,24118,68,120,0,14-3-30 22:16:58,1
5F9GXUB7SI,119.141,39.5995,24140,66,120,0,14-3-30 22:18:59,1
5F9GXUB7SI,119.121,39.5867,24162,66,105,0,14-3-30 22:21:0,1
5F9GXUB7SI,119.113,39.5669,24185,69,90,0,14-3-30 22:23:1,1
5F9GXUB7SI,119.111,39.5466,24207,62,90,0,14-3-30 22:25:2,1
5F9GXUB7SI,119.104,39.527,24230,69,105,0,14-3-30 22:27:3,1
5F9GXUB7SI,119.083,39.5142,24252,60,115,0,14-3-30 22:29:4,1
5F9GXUB7SI,119.061,39.504,24274,66,115,0,14-3-30 22:31:5,1
5F9GXUB7SI,119.043,39.49,24296,62,105,0,14-3-30 22:33:7,1
5F9GXUB7SI,119.032,39.4721,24317,68,95,0,14-3-30 22:35:8,1
5F9GXUB7SI,119.024,39.4545,24337,62,95,0,14-3-30 22:37:9,1
5F9GXUB7SI,119.012,39.4359,24360,71,105,0,14-3-30 22:39:11,1
5F9GXUB7SI,118.998,39.4179,24382,60,105,0,14-3-30 22:41:11,1
5F9GXUB7SI,118.98,39.4031,24404,64,105,0,14-3-30 22:43:13,1
5F9GXUB7SI,118.965,39.3857,24427,66,105,0,14-3-30 22:45:14,1
5F9GXUB7SI,118.948,39.3696,24450,68,110,0,14-3-30 22:47:15,1
5F9GXUB7SI,118.924,39.3588,24474,79,120,0,14-3-30 22:49:16,1
5F9GXUB7SI,118.902,39.3471,24496,66,110,0,14-3-30 22:51:18,1
5F9GXUB7SI,118.885,39.3319,24518,60,110,0,14-3-30 22:53:18,1
5F9GXUB7SI,118.861,39.3215,24541,69,120,0,14-3-30 22:55:19,1
5F9GXUB7SI,118.836,39.316,24563,66,130,0,14-3-30 22:57:20,1
5F9GXUB7SI,118.81,39.3169,24585,69,135,0,14-3-30 22:59:22,1
5F9GXUB7SI,118.783,39.3193,24607,64,140,0,14-3-30 23:1:23,1
5F9GXUB7SI,118.758,39.3257,24630,68,140,0,14-3-30 23:3:25,1
5F9GXUB7SI,118.753,39.3271,24635,64,140,0,14-3-30 23:3:51,1
5F9GXUB7SI,118.737,39.3302,24648,0,130,0,14-3-30 23:5:51,1
5F9GXUB7SI,118.737,39.3302,24648,0,130,0,14-3-30 23:7:52,1
5F9GXUB7SI,118.737,39.3302,24648,0,130,0,14-3-30 23:9:53,1
5F9GXUB7SI,118.737,39.3302,24648,0,130,0,14-3-30 23:11:54,1
5F9GXUB7SI,118.737,39.3302,24648,0,130,0,14-3-30 23:13:57,1
5F9GXUB7SI,118.737,39.3302,24648,0,130,0,14-3-30 23:15:56,1
5F9GXUB7SI,118.737,39.3302,24648,0,130,0,14-3-30 23:17:58,1
5F9GXUB7SI,118.737,39.3302,24648,0,130,0,14-3-30 23:19:59,1
5F9GXUB7SI,118.737,39.3302,24648,0,130,0,14-3-30 23:22:1,1
5F9GXUB7SI,118.737,39.3302,24648,0,130,0,14-3-30 23:24:1,1
5F9GXUB7SI,118.737,39.3302,24648,0,130,0,14-3-30 23:26:2,1
5F9GXUB7SI,118.737,39.3302,24648,0,130,0,14-3-30 23:28:10,1
5F9GXUB7SI,118.737,39.3302,24648,0,130,0,14-3-30 23:30:11,1
5F9GXUB7SI,118.737,39.3302,24648,0,130,0,14-3-30 23:32:12,1
5F9GXUB7SI,118.737,39.3302,24648,0,130,0,14-3-30 23:34:13,1
5F9GXUB7SI,118.737,39.3302,24648,0,130,0,14-3-30 23:36:14,1
5F9GXUB7SI,118.737,39.3302,24648,0,130,0,14-3-30 23:38:15,1
5F9GXUB7SI,118.737,39.3302,24648,0,130,0,14-3-30 23:40:16,1
5F9GXUB7SI,118.737,39.3302,24648,0,130,0,14-3-30 23:42:17,1
5F9GXUB7SI,118.737,39.3302,24648,0,130,0,14-3-30 23:44:18,1
5F9GXUB7SI,118.737,39.3302,24648,0,130,0,14-3-30 23:46:19,1
5F9GXUB7SI,118.737,39.3302,24648,0,130,0,14-3-30 23:48:20,1
5F9GXUB7SI,118.737,39.3302,24648,0,130,0,14-3-30 23:50:21,1
5F9GXUB7SI,118.737,39.3302,24648,0,130,0,14-3-30 23:52:22,1
5F9GXUB7SI,118.737,39.3302,24648,0,130,0,14-3-30 23:54:23,1
5F9GXUB7SI,118.737,39.3302,24648,0,130,0,14-3-30 23:56:24,1
5F9GXUB7SI,118.737,39.3302,24648,0,130,0,14-3-30 23:58:25,1
5F9GXUB7SI,118.737,39.3302,24648,0,130,0,14-3-31 0:0:26,1
5F9GXUB7SI,118.737,39.3302,24648,0,130,0,14-3-31 0:2:27,1
5F9GXUB7SI,118.737,39.3302,24648,0,130,0,14-3-31 0:4:28,1
5F9GXUB7SI,118.737,39.3302,24648,0,130,0,14-3-31 0:6:29,1
5F9GXUB7SI,118.737,39.3302,24648,0,130,0,14-3-31 0:8:31,1
5F9GXUB7SI,118.737,39.3302,24648,0,130,0,14-3-31 0:10:31,1
5F9GXUB7SI,118.737,39.3302,24648,0,130,0,14-3-31 0:12:32,1
5F9GXUB7SI,118.737,39.3302,24648,0,130,0,14-3-31 0:14:35,1
5F9GXUB7SI,118.737,39.3302,24648,0,130,0,14-3-31 0:16:34,1
5F9GXUB7SI,118.737,39.3302,24648,0,130,0,14-3-31 0:18:35,1
5F9GXUB7SI,118.737,39.3302,24648,0,130,0,14-3-31 0:20:38,1
5F9GXUB7SI,118.737,39.3302,24648,0,130,0,14-3-31 0:22:37,1
5F9GXUB7SI,118.737,39.3302,24648,0,130,0,14-3-31 0:24:39,1
5F9GXUB7SI,118.737,39.3302,24648,0,130,0,14-3-31 0:26:40,1
5F9GXUB7SI,118.737,39.3302,24648,0,130,0,14-3-31 0:28:41,1
5F9GXUB7SI,118.737,39.3302,24648,0,130,0,14-3-31 0:30:43,1
5F9GXUB7SI,118.737,39.3302,24648,0,130,0,14-3-31 0:32:43,1
5F9GXUB7SI,118.737,39.3302,24648,0,130,0,14-3-31 0:34:44,1
5F9GXUB7SI,118.737,39.3302,24648,0,130,0,14-3-31 0:36:46,1
5F9GXUB7SI,118.737,39.3302,24648,0,130,0,14-3-31 0:38:46,1
5F9GXUB7SI,118.737,39.3302,24648,0,130,0,14-3-31 0:40:47,1
5F9GXUB7SI,118.737,39.3302,24648,0,130,0,14-3-31 0:42:48,1
5F9GXUB7SI,118.737,39.3302,24648,0,130,0,14-3-31 0:44:49,1
5F9GXUB7SI,118.737,39.3302,24648,0,130,0,14-3-31 0:46:50,1
5F9GXUB7SI,118.737,39.3302,24648,0,130,0,14-3-31 0:48:51,1
5F9GXUB7SI,118.735,39.3299,24650,14,130,0,14-3-31 0:50:52,1
5F9GXUB7SI,118.72,39.3314,24663,55,135,0,14-3-31 0:52:53,1
5F9GXUB7SI,118.695,39.3309,24684,69,130,0,14-3-31 0:54:54,1
5F9GXUB7SI,118.668,39.3292,24706,68,130,0,14-3-31 0:56:55,1
5F9GXUB7SI,118.641,39.3293,24728,62,130,0,14-3-31 0:58:56,1
5F9GXUB7SI,118.616,39.3265,24750,64,130,0,14-3-31 1:0:57,1
5F9GXUB7SI,118.593,39.3237,24769,49,130,0,14-3-31 1:2:58,1
5F9GXUB7SI,118.569,39.3265,24790,60,140,0,14-3-31 1:5:0,1
5F9GXUB7SI,118.543,39.3319,24812,71,135,0,14-3-31 1:7:0,1
5F9GXUB7SI,118.514,39.3353,24838,79,135,0,14-3-31 1:9:1,1
5F9GXUB7SI,118.484,39.3345,24862,69,125,0,14-3-31 1:11:3,1
5F9GXUB7SI,118.457,39.3282,24886,69,125,0,14-3-31 1:13:4,1
5F9GXUB7SI,118.428,39.3241,24911,75,130,0,14-3-31 1:15:5,1
5F9GXUB7SI,118.4,39.3267,24935,69,135,0,14-3-31 1:17:7,1
5F9GXUB7SI,118.372,39.3258,24958,75,130,0,14-3-31 1:19:7,1
5F9GXUB7SI,118.344,39.3251,24982,71,135,0,14-3-31 1:21:8,1
5F9GXUB7SI,118.316,39.3212,25006,71,125,0,14-3-31 1:23:9,1
5F9GXUB7SI,118.288,39.3172,25031,71,130,0,14-3-31 1:25:10,1
5F9GXUB7SI,118.259,39.3129,25056,75,125,0,14-3-31 1:27:11,1
5F9GXUB7SI,118.23,39.3105,25080,77,135,0,14-3-31 1:29:12,1
5F9GXUB7SI,118.2,39.3091,25106,77,125,0,14-3-31 1:31:13,1
5F9GXUB7SI,118.175,39.2989,25129,69,110,0,14-3-31 1:33:14,1
5F9GXUB7SI,118.156,39.2828,25153,73,110,0,14-3-31 1:35:15,1
5F9GXUB7SI,118.134,39.267,25179,73,115,0,14-3-31 1:37:16,1
5F9GXUB7SI,118.113,39.2534,25202,73,110,0,14-3-31 1:39:17,1
5F9GXUB7SI,118.096,39.2371,25224,66,110,0,14-3-31 1:41:18,1
5F9GXUB7SI,118.073,39.2275,25247,64,125,0,14-3-31 1:43:19,1
5F9GXUB7SI,118.054,39.2267,25262,0,130,0,14-3-31 1:45:20,1
5F9GXUB7SI,118.054,39.2267,25262,0,130,0,14-3-31 1:47:21,1
5F9GXUB7SI,118.054,39.2267,25262,0,130,0,14-3-31 1:49:22,1
5F9GXUB7SI,118.046,39.2266,25269,49,130,0,14-3-31 1:51:23,1
5F9GXUB7SI,118.022,39.2263,25289,66,130,0,14-3-31 1:53:25,1
5F9GXUB7SI,117.994,39.2241,25313,75,125,0,14-3-31 1:55:26,1
5F9GXUB7SI,117.965,39.2176,25339,77,125,0,14-3-31 1:57:27,1
5F9GXUB7SI,117.937,39.2117,25363,69,130,0,14-3-31 1:59:28,1
5F9GXUB7SI,117.91,39.2072,25387,71,120,0,14-3-31 2:1:29,1
5F9GXUB7SI,117.885,39.1985,25410,68,120,0,14-3-31 2:3:30,1
5F9GXUB7SI,117.861,39.1891,25432,66,120,0,14-3-31 2:5:31,1
5F9GXUB7SI,117.84,39.1796,25453,64,120,0,14-3-31 2:7:32,1
5F9GXUB7SI,117.821,39.1675,25474,62,110,0,14-3-31 2:9:33,1
5F9GXUB7SI,117.803,39.1538,25495,57,110,0,14-3-31 2:11:34,1
5F9GXUB7SI,117.796,39.1497,25502,0,130,0,14-3-31 2:13:35,1
5F9GXUB7SI,117.796,39.1497,25502,0,130,0,14-3-31 2:15:36,1
5F9GXUB7SI,117.795,39.1486,25503,18,110,0,14-3-31 2:17:37,1
5F9GXUB7SI,117.787,39.1382,25516,55,100,0,14-3-31 2:19:38,1
5F9GXUB7SI,117.777,39.1225,25535,62,105,0,14-3-31 2:21:40,1
5F9GXUB7SI,117.761,39.1091,25555,64,110,0,14-3-31 2:23:41,1
5F9GXUB7SI,117.747,39.092,25578,64,100,0,14-3-31 2:25:42,1
5F9GXUB7SI,117.739,39.0738,25598,60,90,0,14-3-31 2:27:43,1
5F9GXUB7SI,117.736,39.0549,25619,57,90,0,14-3-31 2:29:44,1
5F9GXUB7SI,117.729,39.0493,25631,29,145,0,14-3-31 2:31:45,1
5F9GXUB7SI,117.715,39.0542,25644,18,100,0,14-3-31 2:33:46,1
5F9GXUB7SI,117.709,39.0435,25656,40,100,0,14-3-31 2:35:47,1
5F9GXUB7SI,117.7,39.0423,25666,0,145,0,14-3-31 2:37:48,1
5F9GXUB7SI,117.694,39.0443,25672,34,145,0,14-3-31 2:39:50,1
5F9GXUB7SI,117.686,39.0403,25683,36,95,0,14-3-31 2:41:50,1
5F9GXUB7SI,117.671,39.0437,25698,57,140,0,14-3-31 2:43:51,1
5F9GXUB7SI,117.649,39.0493,25717,64,140,0,14-3-31 2:45:52,1
5F9GXUB7SI,117.627,39.0567,25737,57,150,0,14-3-31 2:47:53,1
5F9GXUB7SI,117.613,39.0617,25750,11,135,0,14-3-31 2:49:54,1
5F9GXUB7SI,117.596,39.0639,25765,58,140,0,14-3-31 2:51:55,1
5F9GXUB7SI,117.574,39.0696,25784,58,145,0,14-3-31 2:53:56,1
5F9GXUB7SI,117.551,39.0766,25805,66,140,0,14-3-31 2:55:57,1
5F9GXUB7SI,117.528,39.0817,25826,58,140,0,14-3-31 2:57:58,1
5F9GXUB7SI,117.505,39.0886,25847,68,145,0,14-3-31 2:59:59,1
5F9GXUB7SI,117.483,39.0955,25867,51,145,0,14-3-31 3:2:0,1
5F9GXUB7SI,117.463,39.0996,25884,51,135,0,14-3-31 3:4:1,1
5F9GXUB7SI,117.442,39.1005,25902,62,135,0,14-3-31 3:6:2,1
5F9GXUB7SI,117.417,39.1048,25924,57,145,0,14-3-31 3:8:3,1
5F9GXUB7SI,117.419,39.1073,25929,16,30,0,14-3-31 3:10:5,1
5F9GXUB7SI,117.416,39.1125,25937,20,125,0,14-3-31 3:12:6,1
5F9GXUB7SI,117.412,39.1118,25943,16,40,0,14-3-31 3:14:7,1
5F9GXUB7SI,117.414,39.112,25944,0,35,0,14-3-31 3:16:8,1
5F9GXUB7SI,117.414,39.112,25944,0,35,0,14-3-31 3:18:9,1
5F9GXUB7SI,117.414,39.112,25944,0,35,0,14-3-31 3:20:10,1
5F9GXUB7SI,117.414,39.112,25944,0,35,0,14-3-31 3:22:11,1
5F9GXUB7SI,117.414,39.112,25944,0,35,0,14-3-31 3:24:12,1
5F9GXUB7SI,117.414,39.112,25944,0,35,0,14-3-31 3:26:13,1
5F9GXUB7SI,117.414,39.112,25944,0,35,0,14-3-31 3:28:15,1
5F9GXUB7SI,117.414,39.112,25944,0,35,0,14-3-31 3:30:16,1
5F9GXUB7SI,117.414,39.112,25944,0,35,0,14-3-31 3:32:19,1
5F9GXUB7SI,117.414,39.112,25944,0,35,0,14-3-31 3:34:18,1
5F9GXUB7SI,117.414,39.112,25944,0,35,0,14-3-31 3:36:19,1
5F9GXUB7SI,117.414,39.112,25944,0,35,0,14-3-31 3:38:20,1
5F9GXUB7SI,117.414,39.112,25944,0,35,0,14-3-31 3:40:21,1
5F9GXUB7SI,117.414,39.112,25944,0,35,0,14-3-31 3:42:22,1
5F9GXUB7SI,117.414,39.112,25944,0,35,0,14-3-31 3:44:23,1
5F9GXUB7SI,117.414,39.112,25944,0,35,0,14-3-31 3:46:24,1
5F9GXUB7SI,117.414,39.112,25944,0,35,0,14-3-31 3:48:25,1
5F9GXUB7SI,117.414,39.112,25944,0,35,0,14-3-31 3:50:26,1
5F9GXUB7SI,117.414,39.112,25944,0,35,0,14-3-31 3:52:27,1
5F9GXUB7SI,117.414,39.112,25944,0,35,0,14-3-31 3:54:28,1
5F9GXUB7SI,117.414,39.112,25944,0,35,0,14-3-31 3:56:29,1
5F9GXUB7SI,117.414,39.112,25944,0,35,0,14-3-31 3:58:30,1
5F9GXUB7SI,117.414,39.112,25944,0,35,0,14-3-31 4:0:31,1
5F9GXUB7SI,117.414,39.112,25944,0,35,0,14-3-31 4:2:32,1
5F9GXUB7SI,117.414,39.112,25944,0,35,0,14-3-31 4:4:33,1
5F9GXUB7SI,117.414,39.112,25944,0,35,0,14-3-31 4:6:34,1
5F9GXUB7SI,117.414,39.112,25944,0,35,0,14-3-31 4:8:35,1
5F9GXUB7SI,117.414,39.112,25944,0,35,0,14-3-31 4:10:36,1
5F9GXUB7SI,117.414,39.112,25944,0,35,0,14-3-31 4:12:37,1
5F9GXUB7SI,117.414,39.112,25944,0,35,0,14-3-31 4:14:38,1
5F9GXUB7SI,117.414,39.112,25944,0,35,0,14-3-31 4:16:39,1
5F9GXUB7SI,117.414,39.112,25944,0,45,0,14-3-31 4:18:40,1
5F9GXUB7SI,117.414,39.112,25944,0,45,0,14-3-31 4:20:41,1
5F9GXUB7SI,117.414,39.112,25944,0,45,0,14-3-31 4:22:42,1
5F9GXUB7SI,117.414,39.112,25944,0,45,0,14-3-31 4:24:43,1
5F9GXUB7SI,117.414,39.112,25944,0,45,0,14-3-31 4:26:44,1
5F9GXUB7SI,117.414,39.112,25944,0,45,0,14-3-31 4:28:45,1
5F9GXUB7SI,117.414,39.112,25944,0,45,0,14-3-31 4:30:46,1
5F9GXUB7SI,117.414,39.112,25944,0,45,0,14-3-31 4:32:47,1
5F9GXUB7SI,117.414,39.112,25944,0,45,0,14-3-31 4:34:48,1
5F9GXUB7SI,117.414,39.112,25944,0,45,0,14-3-31 4:36:49,1
5F9GXUB7SI,117.414,39.112,25944,0,45,0,14-3-31 4:38:51,1
5F9GXUB7SI,117.414,39.112,25944,0,45,0,14-3-31 4:40:52,1
5F9GXUB7SI,117.414,39.112,25944,0,45,0,14-3-31 4:42:53,1
5F9GXUB7SI,117.414,39.112,25944,0,45,0,14-3-31 4:44:54,1
5F9GXUB7SI,117.414,39.112,25944,0,45,0,14-3-31 4:46:55,1
5F9GXUB7SI,117.414,39.112,25944,0,45,0,14-3-31 4:48:56,1
5F9GXUB7SI,117.414,39.112,25944,0,45,0,14-3-31 4:50:57,1
5F9GXUB7SI,117.414,39.112,25944,0,45,0,14-3-31 4:52:58,1
5F9GXUB7SI,117.414,39.112,25944,0,45,0,14-3-31 4:54:59,1
5F9GXUB7SI,117.414,39.112,25944,0,45,0,14-3-31 4:57:0,1
5F9GXUB7SI,117.414,39.112,25944,0,45,0,14-3-31 4:59:1,1
5F9GXUB7SI,117.414,39.112,25944,0,45,0,14-3-31 5:1:3,1
5F9GXUB7SI,117.414,39.112,25944,0,45,0,14-3-31 5:3:3,1
5F9GXUB7SI,117.414,39.112,25944,0,45,0,14-3-31 5:5:4,1
5F9GXUB7SI,117.414,39.112,25944,0,45,0,14-3-31 5:7:5,1
5F9GXUB7SI,117.414,39.112,25944,0,45,0,14-3-31 5:9:6,1
5F9GXUB7SI,117.414,39.112,25944,0,45,0,14-3-31 5:11:7,1
5F9GXUB7SI,117.414,39.112,25944,0,45,0,14-3-31 5:13:8,1
5F9GXUB7SI,117.414,39.112,25944,0,45,0,14-3-31 5:15:9,1
5F9GXUB7SI,117.414,39.112,25944,0,45,0,14-3-31 5:17:10,1
5F9GXUB7SI,117.414,39.112,25944,0,45,0,14-3-31 5:19:11,1
5F9GXUB7SI,117.414,39.112,25944,0,45,0,14-3-31 5:21:12,1
5F9GXUB7SI,117.414,39.112,25944,0,45,0,14-3-31 5:23:13,1
5F9GXUB7SI,117.414,39.112,25944,0,45,0,14-3-31 5:25:14,1
5F9GXUB7SI,117.414,39.112,25944,0,45,0,14-3-31 5:27:15,1
5F9GXUB7SI,117.414,39.112,25944,0,45,0,14-3-31 5:29:16,1
5F9GXUB7SI,117.414,39.112,25944,0,45,0,14-3-31 5:31:17,1
5F9GXUB7SI,117.414,39.112,25944,0,45,0,14-3-31 5:33:18,1
5F9GXUB7SI,117.414,39.112,25944,0,45,0,14-3-31 5:35:19,1
5F9GXUB7SI,117.414,39.112,25944,0,45,0,14-3-31 5:37:20,1
5F9GXUB7SI,117.414,39.112,25944,0,45,0,14-3-31 5:39:21,1
5F9GXUB7SI,117.414,39.112,25944,0,45,0,14-3-31 5:41:22,1
5F9GXUB7SI,117.414,39.112,25944,0,45,0,14-3-31 5:43:23,1
5F9GXUB7SI,117.414,39.112,25944,0,45,0,14-3-31 5:45:24,1
5F9GXUB7SI,117.414,39.112,25944,0,45,0,14-3-31 5:47:25,1
5F9GXUB7SI,117.414,39.112,25944,0,45,0,14-3-31 5:49:26,1
5F9GXUB7SI,117.414,39.112,25944,0,45,0,14-3-31 5:51:27,1
5F9GXUB7SI,117.414,39.112,25944,0,45,0,14-3-31 5:53:28,1
5F9GXUB7SI,117.414,39.112,25944,0,45,0,14-3-31 5:55:29,1
5F9GXUB7SI,117.414,39.112,25944,0,45,0,14-3-31 5:57:30,1
5F9GXUB7SI,117.414,39.112,25944,0,45,0,14-3-31 5:59:31,1
5F9GXUB7SI,117.414,39.112,25944,0,45,0,14-3-31 6:1:32,1
5F9GXUB7SI,117.414,39.112,25944,0,45,0,14-3-31 6:3:36,1
5F9GXUB7SI,117.414,39.112,25944,0,45,0,14-3-31 6:5:34,1
5F9GXUB7SI,117.414,39.112,25944,0,45,0,14-3-31 6:7:36,1
5F9GXUB7SI,117.414,39.112,25944,0,45,0,14-3-31 6:9:37,1
5F9GXUB7SI,117.414,39.112,25944,0,45,0,14-3-31 6:11:39,1
5F9GXUB7SI,117.414,39.112,25944,0,45,0,14-3-31 6:13:38,1
5F9GXUB7SI,117.414,39.112,25944,0,45,0,14-3-31 6:15:40,1
5F9GXUB7SI,117.414,39.112,25944,0,45,0,14-3-31 6:17:42,1
5F9GXUB7SI,117.414,39.112,25944,0,45,0,14-3-31 6:19:41,1
5F9GXUB7SI,117.414,39.112,25944,0,45,0,14-3-31 6:21:43,1
5F9GXUB7SI,117.414,39.112,25944,0,45,0,14-3-31 6:23:45,1
5F9GXUB7SI,117.414,39.112,25944,0,45,0,14-3-31 6:25:44,1
5F9GXUB7SI,117.414,39.112,25944,0,45,0,14-3-31 6:27:45,1
5F9GXUB7SI,117.414,39.112,25944,0,45,0,14-3-31 6:29:48,1
5F9GXUB7SI,117.414,39.112,25944,0,45,0,14-3-31 6:31:48,1
5F9GXUB7SI,117.414,39.112,25944,0,45,0,14-3-31 6:33:49,1
5F9GXUB7SI,117.414,39.112,25944,0,45,0,14-3-31 6:35:50,1
5F9GXUB7SI,117.414,39.112,25944,0,45,0,14-3-31 6:37:51,1
5F9GXUB7SI,117.414,39.112,25944,0,45,0,14-3-31 6:39:52,1
5F9GXUB7SI,117.414,39.112,25944,0,45,0,14-3-31 6:41:54,1
5F9GXUB7SI,117.414,39.112,25944,0,45,0,14-3-31 6:43:54,1
5F9GXUB7SI,117.414,39.112,25944,0,45,0,14-3-31 6:45:55,1
5F9GXUB7SI,117.414,39.112,25944,0,45,0,14-3-31 6:47:56,1
5F9GXUB7SI,117.414,39.112,25944,0,45,0,14-3-31 6:49:57,1
5F9GXUB7SI,117.414,39.112,25944,0,45,0,14-3-31 6:51:58,1
5F9GXUB7SI,117.414,39.112,25944,0,45,0,14-3-31 6:54:1,1
5F9GXUB7SI,117.414,39.112,25944,0,45,0,14-3-31 6:56:0,1
5F9GXUB7SI,117.414,39.112,25944,0,45,0,14-3-31 6:58:1,1
5F9GXUB7SI,117.414,39.112,25944,0,45,0,14-3-31 7:0:3,1
5F9GXUB7SI,117.414,39.112,25944,0,45,0,14-3-31 7:2:3,1
5F9GXUB7SI,117.414,39.112,25944,0,45,0,14-3-31 7:4:4,1
5F9GXUB7SI,117.414,39.112,25944,0,45,0,14-3-31 7:6:5,1
5F9GXUB7SI,117.414,39.112,25944,0,45,0,14-3-31 7:8:6,1
5F9GXUB7SI,117.414,39.112,25944,0,45,0,14-3-31 7:10:7,1
5F9GXUB7SI,117.414,39.112,25944,0,45,0,14-3-31 7:12:8,1
5F9GXUB7SI,117.414,39.112,25944,0,45,0,14-3-31 7:14:9,1
5F9GXUB7SI,117.414,39.112,25944,0,45,0,14-3-31 7:16:10,1
5F9GXUB7SI,117.414,39.112,25944,0,45,0,14-3-31 7:18:11,1
5F9GXUB7SI,117.414,39.112,25944,0,45,0,14-3-31 7:20:12,1
5F9GXUB7SI,117.414,39.112,25944,0,45,0,14-3-31 7:22:13,1
5F9GXUB7SI,117.414,39.112,25944,0,45,0,14-3-31 7:24:14,1
5F9GXUB7SI,117.414,39.112,25944,0,45,0,14-3-31 7:26:15,1
5F9GXUB7SI,117.414,39.112,25944,0,45,0,14-3-31 7:28:22,1
5F9GXUB7SI,117.414,39.112,25944,0,45,0,14-3-31 7:30:23,1
5F9GXUB7SI,117.414,39.112,25944,0,45,0,14-3-31 7:32:24,1
5F9GXUB7SI,117.414,39.112,25944,0,45,0,14-3-31 7:34:25,1
5F9GXUB7SI,117.414,39.112,25944,0,45,0,14-3-31 7:36:26,1
5F9GXUB7SI,117.414,39.112,25944,0,45,0,14-3-31 7:38:27,1
5F9GXUB7SI,117.414,39.112,25944,0,45,0,14-3-31 7:40:28,1
5F9GXUB7SI,117.414,39.112,25944,0,45,0,14-3-31 7:42:29,1
5F9GXUB7SI,117.414,39.112,25944,0,45,0,14-3-31 7:44:30,1
5F9GXUB7SI,117.414,39.112,25944,0,45,0,14-3-31 7:46:33,1
5F9GXUB7SI,117.414,39.112,25944,0,45,0,14-3-31 7:48:32,1
5F9GXUB7SI,117.414,39.112,25944,0,45,0,14-3-31 7:50:34,1
5F9GXUB7SI,117.414,39.112,25944,0,45,0,14-3-31 7:52:35,1
5F9GXUB7SI,117.414,39.112,25944,0,45,0,14-3-31 7:54:36,1
5F9GXUB7SI,117.414,39.112,25944,0,45,0,14-3-31 7:56:37,1
5F9GXUB7SI,117.414,39.112,25944,0,45,0,14-3-31 7:58:38,1
5F9GXUB7SI,117.414,39.112,25944,0,45,0,14-3-31 8:0:39,1
5F9GXUB7SI,117.414,39.112,25944,0,45,0,14-3-31 8:2:40,1
5F9GXUB7SI,117.414,39.112,25944,0,45,0,14-3-31 8:4:41,1
5F9GXUB7SI,117.414,39.112,25944,0,45,0,14-3-31 8:6:42,1
5F9GXUB7SI,117.414,39.112,25944,0,45,0,14-3-31 8:8:43,1
5F9GXUB7SI,117.414,39.112,25944,0,45,0,14-3-31 8:10:44,1
5F9GXUB7SI,117.414,39.112,25944,0,45,0,14-3-31 8:12:46,1
5F9GXUB7SI,117.414,39.112,25944,0,45,0,14-3-31 8:14:46,1
5F9GXUB7SI,117.414,39.112,25944,0,45,0,14-3-31 8:16:47,1
5F9GXUB7SI,117.414,39.112,25944,0,45,0,14-3-31 8:18:48,1
5F9GXUB7SI,117.414,39.112,25944,0,45,0,14-3-31 8:20:51,1
5F9GXUB7SI,117.414,39.112,25944,0,45,0,14-3-31 8:22:50,1
5F9GXUB7SI,117.414,39.112,25944,0,45,0,14-3-31 8:24:51,1
5F9GXUB7SI,117.414,39.112,25944,0,45,0,14-3-31 8:26:52,1
5F9GXUB7SI,117.414,39.112,25944,0,45,0,14-3-31 8:28:53,1
5F9GXUB7SI,117.414,39.112,25944,0,45,0,14-3-31 8:30:54,1
5F9GXUB7SI,117.414,39.112,25944,0,45,0,14-3-31 8:32:55,1
5F9GXUB7SI,117.414,39.112,25944,0,45,0,14-3-31 8:34:56,1
5F9GXUB7SI,117.414,39.112,25944,0,45,0,14-3-31 8:36:57,1
5F9GXUB7SI,117.414,39.112,25944,0,45,0,14-3-31 8:38:58,1
5F9GXUB7SI,117.414,39.112,25944,0,45,0,14-3-31 8:40:59,1
5F9GXUB7SI,117.414,39.112,25944,0,45,0,14-3-31 8:43:0,1
5F9GXUB7SI,117.414,39.112,25944,0,45,0,14-3-31 8:45:1,1
5F9GXUB7SI,117.414,39.112,25944,0,45,0,14-3-31 8:47:2,1
5F9GXUB7SI,117.414,39.112,25944,0,45,0,14-3-31 8:49:3,1
5F9GXUB7SI,117.414,39.112,25944,0,45,0,14-3-31 8:51:5,1
5F9GXUB7SI,117.414,39.112,25944,0,45,0,14-3-31 8:53:5,1
5F9GXUB7SI,117.414,39.112,25944,0,45,0,14-3-31 8:55:6,1
5F9GXUB7SI,117.414,39.112,25944,0,45,0,14-3-31 8:57:7,1
5F9GXUB7SI,117.414,39.112,25944,0,45,0,14-3-31 8:59:8,1
5F9GXUB7SI,117.414,39.112,25944,0,45,0,14-3-31 9:1:9,1
5F9GXUB7SI,117.414,39.112,25944,0,45,0,14-3-31 9:3:10,1
5F9GXUB7SI,117.414,39.112,25944,0,45,0,14-3-31 9:5:11,1
5F9GXUB7SI,117.414,39.112,25944,0,45,0,14-3-31 9:7:12,1
5F9GXUB7SI,117.414,39.112,25944,0,45,0,14-3-31 9:9:13,1
5F9GXUB7SI,117.414,39.112,25944,0,45,0,14-3-31 9:11:14,1
5F9GXUB7SI,117.414,39.112,25944,0,45,0,14-3-31 9:13:16,1
5F9GXUB7SI,117.414,39.112,25944,0,45,0,14-3-31 9:15:17,1
5F9GXUB7SI,117.414,39.112,25944,0,45,0,14-3-31 9:17:18,1
5F9GXUB7SI,117.414,39.112,25944,0,45,0,14-3-31 9:19:19,1
5F9GXUB7SI,117.414,39.112,25944,0,45,0,14-3-31 9:21:20,1
5F9GXUB7SI,117.414,39.112,25944,0,45,0,14-3-31 9:23:21,1
5F9GXUB7SI,117.414,39.112,25944,0,45,0,14-3-31 9:25:23,1
5F9GXUB7SI,117.414,39.112,25944,0,45,0,14-3-31 9:27:23,1
5F9GXUB7SI,117.414,39.112,25944,0,45,0,14-3-31 9:29:24,1
5F9GXUB7SI,117.414,39.112,25944,0,45,0,14-3-31 9:31:27,1
5F9GXUB7SI,117.414,39.112,25944,0,45,0,14-3-31 9:33:26,1
5F9GXUB7SI,117.414,39.112,25944,0,45,0,14-3-31 9:35:27,1
5F9GXUB7SI,117.414,39.112,25944,0,45,0,14-3-31 9:37:28,1
5F9GXUB7SI,117.414,39.112,25944,0,45,0,14-3-31 9:39:29,1
5F9GXUB7SI,117.414,39.112,25944,0,45,0,14-3-31 9:41:30,1
5F9GXUB7SI,117.414,39.112,25944,0,45,0,14-3-31 9:43:31,1
5F9GXUB7SI,117.414,39.112,25944,0,45,0,14-3-31 9:45:32,1
5F9GXUB7SI,117.414,39.112,25944,0,45,0,14-3-31 9:47:34,1
5F9GXUB7SI,117.414,39.112,25944,0,45,0,14-3-31 9:49:35,1
5F9GXUB7SI,117.414,39.112,25944,0,45,0,14-3-31 9:51:36,1
5F9GXUB7SI,117.414,39.112,25944,0,45,0,14-3-31 9:53:37,1
5F9GXUB7SI,117.414,39.112,25944,0,45,0,14-3-31 9:55:39,1
5F9GXUB7SI,117.414,39.112,25944,0,45,0,14-3-31 9:57:39,1
5F9GXUB7SI,117.414,39.112,25944,0,45,0,14-3-31 9:59:40,1
5F9GXUB7SI,117.414,39.112,25944,0,45,0,14-3-31 10:1:43,1
5F9GXUB7SI,117.414,39.112,25944,0,45,0,14-3-31 10:3:42,1
5F9GXUB7SI,117.414,39.112,25944,0,45,0,14-3-31 10:5:43,1
5F9GXUB7SI,117.414,39.112,25944,0,45,0,14-3-31 10:7:46,1
5F9GXUB7SI,117.414,39.112,25944,0,45,0,14-3-31 10:9:45,1
5F9GXUB7SI,117.414,39.112,25944,0,45,0,14-3-31 10:11:46,1
5F9GXUB7SI,117.414,39.112,25944,0,45,0,14-3-31 10:13:47,1
5F9GXUB7SI,117.414,39.112,25944,0,45,0,14-3-31 10:15:48,1
5F9GXUB7SI,117.414,39.112,25944,0,45,0,14-3-31 10:17:50,1
5F9GXUB7SI,117.414,39.112,25944,0,45,0,14-3-31 10:19:51,1
5F9GXUB7SI,117.414,39.112,25944,0,45,0,14-3-31 10:21:52,1
5F9GXUB7SI,117.414,39.112,25944,0,45,0,14-3-31 10:23:53,1
5F9GXUB7SI,117.414,39.112,25944,0,45,0,14-3-31 10:25:55,1
5F9GXUB7SI,117.414,39.112,25944,0,45,0,14-3-31 10:27:55,1
5F9GXUB7SI,117.414,39.112,25944,0,45,0,14-3-31 10:29:56,1
5F9GXUB7SI,117.414,39.112,25944,0,45,0,14-3-31 10:31:57,1
5F9GXUB7SI,117.414,39.112,25944,0,45,0,14-3-31 10:33:58,1
5F9GXUB7SI,117.414,39.112,25944,0,45,0,14-3-31 10:35:59,1
5F9GXUB7SI,117.414,39.112,25944,0,45,0,14-3-31 10:38:0,1
5F9GXUB7SI,117.414,39.112,25944,0,45,0,14-3-31 10:40:1,1
5F9GXUB7SI,117.414,39.112,25944,0,45,0,14-3-31 10:42:2,1
5F9GXUB7SI,117.414,39.112,25944,0,45,0,14-3-31 10:44:3,1
5F9GXUB7SI,117.414,39.112,25944,0,45,0,14-3-31 10:46:4,1
5F9GXUB7SI,117.414,39.112,25944,0,45,0,14-3-31 10:48:6,1
5F9GXUB7SI,117.414,39.112,25944,0,45,0,14-3-31 10:50:7,1
5F9GXUB7SI,117.414,39.112,25944,0,45,0,14-3-31 10:52:8,1
5F9GXUB7SI,117.414,39.112,25944,0,45,0,14-3-31 10:54:9,1
5F9GXUB7SI,117.414,39.112,25944,0,45,0,14-3-31 10:56:10,1
5F9GXUB7SI,117.414,39.112,25944,0,45,0,14-3-31 10:58:11,1
5F9GXUB7SI,117.414,39.112,25944,0,45,0,14-3-31 11:0:12,1
5F9GXUB7SI,117.414,39.112,25944,0,45,0,14-3-31 11:2:15,1
5F9GXUB7SI,117.414,39.112,25944,0,45,0,14-3-31 11:4:14,1
5F9GXUB7SI,117.414,39.112,25944,0,45,0,14-3-31 11:6:15,1
5F9GXUB7SI,117.414,39.112,25944,0,45,0,14-3-31 11:8:16,1
5F9GXUB7SI,117.414,39.112,25944,0,45,0,14-3-31 11:10:19,1
5F9GXUB7SI,117.414,39.112,25944,0,45,0,14-3-31 11:12:18,1
5F9GXUB7SI,117.414,39.112,25944,0,45,0,14-3-31 11:14:19,1
5F9GXUB7SI,117.414,39.112,25944,0,45,0,14-3-31 11:16:20,1
5F9GXUB7SI,117.414,39.112,25944,0,45,0,14-3-31 11:18:22,1
5F9GXUB7SI,117.414,39.112,25944,0,45,0,14-3-31 11:20:23,1
5F9GXUB7SI,117.414,39.112,25944,0,45,0,14-3-31 11:22:24,1
5F9GXUB7SI,117.414,39.112,25944,0,45,0,14-3-31 11:24:25,1
5F9GXUB7SI,117.414,39.112,25944,0,45,0,14-3-31 11:26:26,1
5F9GXUB7SI,117.414,39.112,25944,0,45,0,14-3-31 11:28:39,1
5F9GXUB7SI,117.414,39.112,25944,0,45,0,14-3-31 11:30:38,1
5F9GXUB7SI,117.414,39.112,25944,0,45,0,14-3-31 11:32:39,1
5F9GXUB7SI,117.414,39.112,25944,0,45,0,14-3-31 11:34:40,1
5F9GXUB7SI,117.414,39.112,25944,0,45,0,14-3-31 11:36:43,1
5F9GXUB7SI,117.414,39.112,25944,0,45,0,14-3-31 11:38:42,1
5F9GXUB7SI,117.414,39.112,25944,0,45,0,14-3-31 11:40:43,1
5F9GXUB7SI,117.414,39.112,25944,0,45,0,14-3-31 11:42:44,1
5F9GXUB7SI,117.414,39.112,25944,0,45,0,14-3-31 11:44:45,1
5F9GXUB7SI,117.414,39.112,25944,0,45,0,14-3-31 11:46:46,1
5F9GXUB7SI,117.414,39.112,25944,0,45,0,14-3-31 11:48:47,1
5F9GXUB7SI,117.414,39.112,25944,0,45,0,14-3-31 11:50:48,1
5F9GXUB7SI,117.414,39.112,25944,0,45,0,14-3-31 11:52:50,1
5F9GXUB7SI,117.414,39.112,25944,0,45,0,14-3-31 11:54:51,1
5F9GXUB7SI,117.414,39.112,25944,0,45,0,14-3-31 11:56:52,1
5F9GXUB7SI,117.414,39.112,25944,0,45,0,14-3-31 11:58:54,1
5F9GXUB7SI,117.414,39.112,25944,0,45,0,14-3-31 12:0:54,1
5F9GXUB7SI,117.414,39.112,25944,0,45,0,14-3-31 12:2:55,1
5F9GXUB7SI,117.414,39.112,25944,0,45,0,14-3-31 12:4:56,1
5F9GXUB7SI,117.414,39.112,25944,0,45,0,14-3-31 12:6:57,1
5F9GXUB7SI,117.414,39.112,25944,0,45,0,14-3-31 12:8:58,1
5F9GXUB7SI,117.414,39.112,25944,0,45,0,14-3-31 12:10:59,1
5F9GXUB7SI,117.414,39.112,25944,0,45,0,14-3-31 12:13:0,1
5F9GXUB7SI,117.414,39.112,25944,0,45,0,14-3-31 12:15:3,1
5F9GXUB7SI,117.414,39.112,25944,0,45,0,14-3-31 12:17:2,1
5F9GXUB7SI,117.414,39.112,25944,0,45,0,14-3-31 12:19:3,1
5F9GXUB7SI,117.414,39.112,25944,0,45,0,14-3-31 12:21:4,1
5F9GXUB7SI,117.414,39.112,25944,0,45,0,14-3-31 12:23:5,1
5F9GXUB7SI,117.414,39.112,25944,0,45,0,14-3-31 12:25:6,1
5F9GXUB7SI,117.414,39.112,25944,0,45,0,14-3-31 12:27:8,1
5F9GXUB7SI,117.414,39.112,25944,0,45,0,14-3-31 12:29:11,1
5F9GXUB7SI,117.414,39.112,25944,0,45,0,14-3-31 12:31:12,1
5F9GXUB7SI,117.414,39.112,25944,0,45,0,14-3-31 12:33:13,1
5F9GXUB7SI,117.414,39.112,25944,0,45,0,14-3-31 12:35:14,1
5F9GXUB7SI,117.414,39.112,25944,0,45,0,14-3-31 12:37:17,1
5F9GXUB7SI,117.414,39.112,25944,0,45,0,14-3-31 12:39:16,1
5F9GXUB7SI,117.414,39.112,25944,0,45,0,14-3-31 12:41:17,1
5F9GXUB7SI,117.414,39.112,25944,0,45,0,14-3-31 12:43:18,1
5F9GXUB7SI,117.414,39.112,25944,0,45,0,14-3-31 12:45:19,1
5F9GXUB7SI,117.414,39.112,25944,0,45,0,14-3-31 12:47:20,1
5F9GXUB7SI,117.414,39.112,25944,0,45,0,14-3-31 12:49:21,1
5F9GXUB7SI,117.414,39.112,25944,0,45,0,14-3-31 12:51:22,1
5F9GXUB7SI,117.414,39.112,25944,0,45,0,14-3-31 12:53:23,1
5F9GXUB7SI,117.414,39.112,25944,0,45,0,14-3-31 12:55:25,1
5F9GXUB7SI,117.414,39.112,25944,0,45,0,14-3-31 12:57:26,1
5F9GXUB7SI,117.414,39.112,25944,0,45,0,14-3-31 12:59:27,1
5F9GXUB7SI,117.414,39.112,25944,0,45,0,14-3-31 13:1:28,1
5F9GXUB7SI,117.414,39.112,25944,0,45,0,14-3-31 13:3:29,1
5F9GXUB7SI,117.414,39.112,25944,0,45,0,14-3-31 13:5:32,1
5F9GXUB7SI,117.414,39.112,25944,0,45,0,14-3-31 13:7:31,1
5F9GXUB7SI,117.414,39.112,25944,0,45,0,14-3-31 13:9:32,1
5F9GXUB7SI,117.414,39.112,25944,0,45,0,14-3-31 13:11:33,1
5F9GXUB7SI,117.414,39.112,25944,0,45,0,14-3-31 13:13:34,1
5F9GXUB7SI,117.414,39.112,25944,0,45,0,14-3-31 13:15:35,1
5F9GXUB7SI,117.414,39.112,25944,0,45,0,14-3-31 13:17:38,1
5F9GXUB7SI,117.414,39.112,25944,0,45,0,14-3-31 13:19:37,1
5F9GXUB7SI,117.414,39.112,25944,0,45,0,14-3-31 13:21:38,1
5F9GXUB7SI,117.414,39.112,25944,0,45,0,14-3-31 13:23:40,1
5F9GXUB7SI,117.414,39.112,25944,0,45,0,14-3-31 13:25:41,1
5F9GXUB7SI,117.414,39.112,25944,0,45,0,14-3-31 13:27:42,1
5F9GXUB7SI,117.414,39.112,25944,0,45,0,14-3-31 13:29:46,1
5F9GXUB7SI,117.414,39.112,25944,0,45,0,14-3-31 13:31:47,1
5F9GXUB7SI,117.414,39.112,25944,0,45,0,14-3-31 13:33:50,1
5F9GXUB7SI,117.414,39.112,25944,0,45,0,14-3-31 13:35:49,1
5F9GXUB7SI,117.414,39.112,25944,0,45,0,14-3-31 13:37:50,1
5F9GXUB7SI,117.414,39.112,25944,0,45,0,14-3-31 13:39:51,1
5F9GXUB7SI,117.414,39.112,25944,0,45,0,14-3-31 13:41:54,1
5F9GXUB7SI,117.414,39.112,25944,0,45,0,14-3-31 13:43:53,1
5F9GXUB7SI,117.414,39.112,25944,0,45,0,14-3-31 13:45:54,1
5F9GXUB7SI,117.414,39.112,25944,0,45,0,14-3-31 13:47:55,1
5F9GXUB7SI,117.414,39.112,25944,0,45,0,14-3-31 13:49:56,1
5F9GXUB7SI,117.414,39.112,25944,0,45,0,14-3-31 13:51:57,1
5F9GXUB7SI,117.414,39.112,25944,0,45,0,14-3-31 13:53:58,1
5F9GXUB7SI,117.414,39.112,25944,0,45,0,14-3-31 13:56:0,1
5F9GXUB7SI,117.414,39.112,25944,0,45,0,14-3-31 13:58:1,1
5F9GXUB7SI,117.414,39.112,25944,0,45,0,14-3-31 14:0:2,1
5F9GXUB7SI,117.414,39.112,25944,0,45,0,14-3-31 14:2:5,1
5F9GXUB7SI,117.414,39.112,25944,0,45,0,14-3-31 14:4:4,1
5F9GXUB7SI,117.414,39.112,25944,0,45,0,14-3-31 14:6:5,1
5F9GXUB7SI,117.414,39.112,25944,0,45,0,14-3-31 14:8:8,1
5F9GXUB7SI,117.414,39.112,25944,0,45,0,14-3-31 14:10:7,1
5F9GXUB7SI,117.414,39.112,25944,0,45,0,14-3-31 14:12:8,1
5F9GXUB7SI,117.414,39.112,25944,0,45,0,14-3-31 14:14:9,1
5F9GXUB7SI,117.414,39.112,25944,0,45,0,14-3-31 14:16:10,1
5F9GXUB7SI,117.414,39.112,25944,0,45,0,14-3-31 14:18:11,1
5F9GXUB7SI,117.414,39.112,25944,0,45,0,14-3-31 14:20:12,1
5F9GXUB7SI,117.414,39.112,25944,0,45,0,14-3-31 14:22:13,1
5F9GXUB7SI,117.414,39.112,25944,0,45,0,14-3-31 14:24:14,1
5F9GXUB7SI,117.414,39.112,25944,0,45,0,14-3-31 14:26:17,1
5F9GXUB7SI,117.414,39.112,25944,0,45,0,14-3-31 14:28:17,1
5F9GXUB7SI,117.414,39.112,25944,0,45,0,14-3-31 14:30:18,1
5F9GXUB7SI,117.414,39.112,25944,0,45,0,14-3-31 14:32:19,1
5F9GXUB7SI,117.414,39.112,25944,0,45,0,14-3-31 14:34:20,1
5F9GXUB7SI,117.414,39.112,25944,0,45,0,14-3-31 14:36:22,1
5F9GXUB7SI,117.414,39.112,25944,0,45,0,14-3-31 14:38:22,1
5F9GXUB7SI,117.415,39.1118,25944,7,85,0,14-3-31 14:40:23,1
5F9GXUB7SI,117.411,39.1103,25948,9,100,0,14-3-31 14:42:24,1
5F9GXUB7SI,117.412,39.11,25948,0,100,0,14-3-31 14:44:25,1
5F9GXUB7SI,117.414,39.1072,25944,0,4,0,14-3-31 14:45:47,1
5F9GXUB7SI,117.414,39.1072,25944,0,4,0,14-3-31 14:45:58,1
5F9GXUB7SI,117.414,39.1072,25944,0,4,0,14-3-31 14:46:10,1
5F9GXUB7SI,117.414,39.1072,25944,0,0,0,14-3-31 14:48:11,1
5F9GXUB7SI,117.414,39.1072,25944,0,0,0,14-3-31 14:48:42,1
5F9GXUB7SI,117.414,39.1072,25944,0,0,0,14-3-31 14:48:51,1
5F9GXUB7SI,117.414,39.1072,25944,0,0,0,14-3-31 14:49:0,1
