5P7GXUB7SI,121.288,31.3591,0,0,0,0,14-3-28 19:18:48,1
5P7GXUB7SI,121.288,31.3591,0,0,0,0,14-3-28 19:18:59,1
5P7GXUB7SI,121.288,31.3591,0,0,0,0,14-3-29 14:57:35,0
5P7GXUB7SI,121.288,31.3591,0,0,0,0,14-3-29 14:57:46,0
5P7GXUB7SI,121.288,31.3591,0,0,0,0,14-3-29 14:57:59,0
5P7GXUB7SI,121.469,30.9646,0,0,0,0,14-3-29 15:0:1,1
5P7GXUB7SI,121.469,30.9646,0,0,0,0,14-3-29 15:2:2,1
5P7GXUB7SI,121.469,30.9646,0,0,0,0,14-3-29 15:4:2,0
5P7GXUB7SI,121.469,30.9646,0,0,0,0,14-3-29 15:6:3,0
5P7GXUB7SI,121.469,30.9646,0,0,0,0,14-3-29 15:8:4,0
5P7GXUB7SI,121.469,30.9646,0,0,0,0,14-3-29 15:10:5,0
5P7GXUB7SI,121.469,30.9646,0,0,0,0,14-3-29 15:12:6,0
5P7GXUB7SI,121.469,30.9646,0,0,0,0,14-3-29 15:14:7,0
5P7GXUB7SI,121.469,30.9646,0,0,0,0,14-3-29 15:16:8,0
5P7GXUB7SI,121.469,30.9646,0,0,0,0,14-3-29 15:18:9,0
5P7GXUB7SI,121.469,30.9646,0,0,0,0,14-3-29 15:20:10,0
5P7GXUB7SI,121.469,30.9646,0,0,0,0,14-3-29 15:22:11,0
5P7GXUB7SI,121.469,30.9646,0,0,0,0,14-3-29 15:24:12,0
5P7GXUB7SI,121.469,30.9646,0,0,0,0,14-3-29 15:26:13,0
5P7GXUB7SI,121.469,30.9646,0,0,0,0,14-3-29 15:28:14,0
5P7GXUB7SI,121.469,30.9646,0,0,0,0,14-3-29 15:30:15,0
5P7GXUB7SI,121.469,30.9646,0,0,0,0,14-3-29 15:32:16,0
5P7GXUB7SI,121.469,30.9646,0,0,0,0,14-3-29 15:34:17,0
5P7GXUB7SI,121.469,30.9646,0,0,0,0,14-3-29 15:36:18,0
5P7GXUB7SI,121.469,30.9646,0,0,0,0,14-3-29 15:38:19,0
5P7GXUB7SI,121.469,30.9646,0,0,0,0,14-3-29 15:40:20,0
5P7GXUB7SI,121.469,30.9646,0,0,0,0,14-3-29 15:42:21,0
5P7GXUB7SI,121.469,30.9646,0,0,0,0,14-3-29 15:44:22,0
5P7GXUB7SI,121.469,30.9646,0,0,0,0,14-3-29 15:46:23,0
5P7GXUB7SI,121.469,30.9646,0,0,0,0,14-3-29 15:48:24,0
5P7GXUB7SI,121.469,30.9646,0,0,0,0,14-3-29 15:50:25,0
5P7GXUB7SI,121.469,30.9646,0,0,0,0,14-3-29 15:52:26,0
5P7GXUB7SI,121.469,30.9646,0,0,0,0,14-3-29 15:54:27,0
5P7GXUB7SI,121.469,30.9646,0,0,0,0,14-3-29 15:56:28,0
5P7GXUB7SI,121.469,30.9646,0,0,0,0,14-3-29 16:0:34,1
5P7GXUB7SI,121.469,30.9646,0,0,0,0,14-3-29 16:2:34,1
5P7GXUB7SI,121.465,30.9701,0,0,0,0,14-3-29 16:4:35,1
5P7GXUB7SI,121.467,30.9761,0,0,0,0,14-3-29 16:6:36,1
5P7GXUB7SI,121.455,30.9715,0,0,0,0,14-3-29 16:8:37,1
5P7GXUB7SI,121.456,30.9684,0,0,0,0,14-3-29 16:10:38,1
5P7GXUB7SI,121.463,30.9519,0,0,0,0,14-3-29 16:12:39,1
5P7GXUB7SI,121.469,30.9376,0,0,0,0,14-3-29 16:14:40,1
5P7GXUB7SI,121.469,30.9376,0,0,0,0,14-3-29 16:16:41,0
5P7GXUB7SI,121.48,30.9056,0,0,0,0,14-3-29 16:18:42,1
5P7GXUB7SI,121.48,30.9056,0,0,0,0,14-3-29 16:20:43,0
5P7GXUB7SI,121.486,30.8802,0,0,0,0,14-3-29 16:22:44,1
5P7GXUB7SI,121.486,30.8802,0,0,0,0,14-3-29 16:24:45,1
5P7GXUB7SI,121.486,30.8802,0,0,0,0,14-3-29 16:26:46,0
5P7GXUB7SI,121.458,30.8435,0,0,0,0,14-3-29 16:28:47,1
5P7GXUB7SI,121.458,30.8435,0,0,0,0,14-3-29 16:30:48,0
5P7GXUB7SI,121.432,30.8248,0,0,0,0,14-3-29 16:32:49,1
5P7GXUB7SI,121.42,30.8191,0,0,0,0,14-3-29 16:34:50,1
5P7GXUB7SI,121.396,30.8116,0,0,0,0,14-3-29 16:36:51,1
5P7GXUB7SI,121.396,30.8116,0,0,0,0,14-3-29 16:38:52,0
5P7GXUB7SI,121.311,30.7724,0,0,0,0,14-3-29 16:46:20,1
5P7GXUB7SI,121.311,30.7724,0,0,0,0,14-3-29 16:48:21,0
5P7GXUB7SI,121.285,30.7516,0,0,0,0,14-3-29 16:50:32,1
5P7GXUB7SI,121.285,30.7516,0,0,0,0,14-3-29 16:52:33,0
5P7GXUB7SI,121.285,30.7516,0,0,0,0,14-3-29 16:54:34,0
5P7GXUB7SI,121.26,30.7289,0,0,0,0,14-3-29 16:56:35,1
5P7GXUB7SI,121.244,30.7233,0,0,0,0,14-3-29 16:58:37,1
5P7GXUB7SI,121.223,30.7196,0,0,0,0,14-3-29 17:0:38,1
5P7GXUB7SI,121.213,30.7242,0,0,0,0,14-3-29 17:2:39,1
5P7GXUB7SI,121.173,30.719,0,0,0,0,14-3-29 17:4:40,1
5P7GXUB7SI,121.165,30.6966,0,0,0,0,14-3-29 17:6:41,1
5P7GXUB7SI,121.147,30.6904,0,0,0,0,14-3-29 17:8:42,1
5P7GXUB7SI,121.131,30.6852,0,0,0,0,14-3-29 17:10:43,1
5P7GXUB7SI,121.106,30.6757,0,0,0,0,14-3-29 17:12:44,1
5P7GXUB7SI,121.094,30.6707,0,0,0,0,14-3-29 17:14:45,1
5P7GXUB7SI,121.075,30.6663,0,0,0,0,14-3-29 17:16:46,1
5P7GXUB7SI,121.053,30.6572,0,0,0,0,14-3-29 17:18:47,1
5P7GXUB7SI,121.037,30.6487,0,0,0,0,14-3-29 17:20:48,1
5P7GXUB7SI,121.026,30.6476,0,0,0,0,14-3-29 17:22:49,1
5P7GXUB7SI,121.026,30.6476,0,0,0,0,14-3-29 17:24:50,0
5P7GXUB7SI,121.026,30.6476,0,0,0,0,14-3-29 17:26:51,0
5P7GXUB7SI,120.97,30.6132,0,0,0,0,14-3-29 17:28:52,1
5P7GXUB7SI,120.956,30.5981,0,0,0,0,14-3-29 17:30:53,1
5P7GXUB7SI,120.948,30.5743,0,0,0,0,14-3-29 17:32:54,1
5P7GXUB7SI,120.927,30.5775,0,0,0,0,14-3-29 17:34:55,1
5P7GXUB7SI,120.919,30.5725,0,0,0,0,14-3-29 17:36:56,1
5P7GXUB7SI,120.898,30.5566,0,0,0,0,14-3-29 17:38:57,1
5P7GXUB7SI,120.89,30.5448,0,0,0,0,14-3-29 17:40:58,1
5P7GXUB7SI,120.89,30.5448,0,0,0,0,14-3-29 17:42:59,0
5P7GXUB7SI,120.872,30.518,0,0,0,0,14-3-29 17:45:0,1
5P7GXUB7SI,120.848,30.4931,0,0,0,0,14-3-29 17:47:1,1
5P7GXUB7SI,120.839,30.4842,0,0,0,0,14-3-29 17:49:2,1
5P7GXUB7SI,120.842,30.4663,0,0,0,0,14-3-29 17:51:3,1
5P7GXUB7SI,120.813,30.4651,0,0,0,0,14-3-29 17:53:4,1
5P7GXUB7SI,120.791,30.4427,0,0,0,0,14-3-29 17:55:5,1
5P7GXUB7SI,120.789,30.4403,0,0,0,0,14-3-29 17:57:6,1
5P7GXUB7SI,120.768,30.4291,0,0,0,0,14-3-29 17:59:19,1
5P7GXUB7SI,120.753,30.4235,0,0,0,0,14-3-29 18:1:20,1
5P7GXUB7SI,120.724,30.4282,0,0,0,0,14-3-29 18:3:21,1
5P7GXUB7SI,120.706,30.4235,0,0,0,0,14-3-29 18:5:22,1
5P7GXUB7SI,120.694,30.4232,0,0,0,0,14-3-29 18:7:23,1
5P7GXUB7SI,120.694,30.4232,0,0,0,0,14-3-29 18:9:24,0
5P7GXUB7SI,120.694,30.4232,0,0,0,0,14-3-29 18:11:25,0
5P7GXUB7SI,120.635,30.4159,0,0,0,0,14-3-29 18:13:26,1
5P7GXUB7SI,120.613,30.4153,0,0,0,0,14-3-29 18:15:27,1
5P7GXUB7SI,120.577,30.4222,0,0,0,0,14-3-29 18:19:30,1
5P7GXUB7SI,120.553,30.4229,0,0,0,0,14-3-29 18:21:30,1
5P7GXUB7SI,120.545,30.4202,0,0,0,0,14-3-29 18:23:31,1
5P7GXUB7SI,120.513,30.4203,0,0,0,0,14-3-29 18:25:32,1
5P7GXUB7SI,120.513,30.4203,0,0,0,0,14-3-29 18:27:33,1
5P7GXUB7SI,120.484,30.4145,0,0,0,0,14-3-29 18:29:34,1
5P7GXUB7SI,120.466,30.4098,0,0,0,0,14-3-29 18:31:35,1
5P7GXUB7SI,120.447,30.4018,0,0,0,0,14-3-29 18:33:36,1
5P7GXUB7SI,120.447,30.4018,0,0,0,0,14-3-29 18:35:37,0
5P7GXUB7SI,120.447,30.4018,0,0,0,0,14-3-29 18:37:38,0
5P7GXUB7SI,120.393,30.3914,0,0,0,0,14-3-29 18:39:39,1
5P7GXUB7SI,120.388,30.3794,0,0,0,0,14-3-29 18:41:40,1
5P7GXUB7SI,120.372,30.345,0,0,0,0,14-3-29 18:45:43,1
5P7GXUB7SI,120.369,30.3337,0,0,0,0,14-3-29 18:47:43,1
5P7GXUB7SI,120.36,30.3091,0,0,0,0,14-3-29 18:49:44,1
5P7GXUB7SI,120.354,30.2938,0,0,0,0,14-3-29 18:51:45,1
5P7GXUB7SI,120.353,30.2783,0,0,0,0,14-3-29 18:53:46,1
5P7GXUB7SI,120.354,30.2622,0,0,0,0,14-3-29 18:55:47,1
5P7GXUB7SI,120.359,30.2481,0,0,0,0,14-3-29 18:58:1,1
5P7GXUB7SI,120.36,30.2354,0,0,0,0,14-3-29 19:0:2,1
5P7GXUB7SI,120.357,30.2142,0,0,0,0,14-3-29 19:2:3,1
5P7GXUB7SI,120.351,30.2029,0,0,0,0,14-3-29 19:4:4,1
5P7GXUB7SI,120.343,30.1809,0,0,0,0,14-3-29 19:6:5,1
5P7GXUB7SI,120.337,30.1643,0,0,0,0,14-3-29 19:8:6,1
5P7GXUB7SI,120.327,30.1487,0,0,0,0,14-3-29 19:10:7,1
5P7GXUB7SI,120.327,30.1487,0,0,0,0,14-3-29 19:14:11,0
5P7GXUB7SI,120.302,30.1242,0,0,0,0,14-3-29 19:16:11,1
5P7GXUB7SI,120.295,30.1121,0,0,0,0,14-3-29 19:18:12,1
5P7GXUB7SI,120.289,30.0924,0,0,0,0,14-3-29 19:20:13,1
5P7GXUB7SI,120.276,30.07,0,0,0,0,14-3-29 19:24:16,1
5P7GXUB7SI,120.276,30.07,0,0,0,0,14-3-29 19:26:16,0
5P7GXUB7SI,120.258,30.038,0,0,0,0,14-3-29 19:28:17,1
5P7GXUB7SI,120.257,30.0254,0,0,0,0,14-3-29 19:30:18,1
5P7GXUB7SI,120.259,30.0016,0,0,0,0,14-3-29 19:32:19,1
5P7GXUB7SI,120.252,29.9885,0,0,0,0,14-3-29 19:34:20,1
5P7GXUB7SI,120.248,29.9843,0,0,0,0,14-3-29 19:36:21,1
5P7GXUB7SI,120.239,29.9685,0,0,0,0,14-3-29 19:38:22,1
5P7GXUB7SI,120.218,29.9313,0,0,0,0,14-3-29 19:44:26,1
5P7GXUB7SI,120.208,29.89,0,0,0,0,14-3-29 19:46:26,1
5P7GXUB7SI,120.208,29.89,0,0,0,0,14-3-29 19:48:27,1
5P7GXUB7SI,120.209,29.8805,0,0,0,0,14-3-29 19:50:28,1
5P7GXUB7SI,120.214,29.8505,0,0,0,0,14-3-29 19:52:29,1
5P7GXUB7SI,120.214,29.8505,0,0,0,0,14-3-29 19:54:30,1
5P7GXUB7SI,120.202,29.7934,0,0,0,0,14-3-29 20:1:48,1
5P7GXUB7SI,120.186,29.765,0,0,0,0,14-3-29 20:4:3,1
5P7GXUB7SI,120.184,29.7563,0,0,0,0,14-3-29 20:6:4,1
5P7GXUB7SI,120.179,29.7397,0,0,0,0,14-3-29 20:8:5,1
5P7GXUB7SI,120.178,29.7283,0,0,0,0,14-3-29 20:10:6,1
5P7GXUB7SI,120.173,29.7028,0,0,0,0,14-3-29 20:12:7,1
5P7GXUB7SI,120.171,29.6896,0,0,0,0,14-3-29 20:14:8,1
5P7GXUB7SI,120.171,29.6896,0,0,0,0,14-3-29 20:16:9,1
5P7GXUB7SI,120.166,29.6591,0,0,0,0,14-3-29 20:18:10,1
5P7GXUB7SI,120.158,29.6393,0,0,0,0,14-3-29 20:20:11,1
5P7GXUB7SI,120.148,29.6252,0,0,0,0,14-3-29 20:22:12,1
5P7GXUB7SI,120.132,29.6084,0,0,0,0,14-3-29 20:24:13,1
5P7GXUB7SI,120.12,29.5943,0,0,0,0,14-3-29 20:26:14,1
5P7GXUB7SI,120.118,29.5834,0,0,0,0,14-3-29 20:28:15,1
5P7GXUB7SI,120.115,29.5703,0,0,0,0,14-3-29 20:30:16,1
5P7GXUB7SI,120.112,29.5484,0,0,0,0,14-3-29 20:32:17,1
5P7GXUB7SI,120.095,29.5321,0,0,0,0,14-3-29 20:34:18,1
5P7GXUB7SI,120.09,29.5239,0,0,0,0,14-3-29 20:36:19,1
5P7GXUB7SI,120.073,29.5003,0,0,0,0,14-3-29 20:38:20,1
5P7GXUB7SI,120.07,29.4976,0,0,0,0,14-3-29 20:40:21,1
5P7GXUB7SI,120.048,29.4868,0,0,0,0,14-3-29 20:42:22,1
5P7GXUB7SI,120.04,29.4757,0,0,0,0,14-3-29 20:44:23,1
5P7GXUB7SI,120.031,29.4593,0,0,0,0,14-3-29 20:46:24,1
5P7GXUB7SI,120.031,29.4593,0,0,0,0,14-3-29 20:48:25,0
5P7GXUB7SI,120.023,29.4252,0,0,0,0,14-3-29 20:50:26,1
5P7GXUB7SI,120.028,29.4196,0,0,0,0,14-3-29 20:52:27,1
5P7GXUB7SI,120.036,29.403,0,0,0,0,14-3-29 20:54:28,1
5P7GXUB7SI,120.027,29.388,0,0,0,0,14-3-29 20:56:29,1
5P7GXUB7SI,120.022,29.3731,0,0,0,0,14-3-29 20:58:42,1
5P7GXUB7SI,120.011,29.3606,0,0,0,0,14-3-29 21:0:43,1
5P7GXUB7SI,120.008,29.3577,0,0,0,0,14-3-29 21:2:44,1
5P7GXUB7SI,119.988,29.3413,0,0,0,0,14-3-29 21:4:45,1
5P7GXUB7SI,119.974,29.3247,0,0,0,0,14-3-29 21:6:46,1
5P7GXUB7SI,119.963,29.3132,0,0,0,0,14-3-29 21:8:47,1
5P7GXUB7SI,119.949,29.3025,0,0,0,0,14-3-29 21:10:48,1
5P7GXUB7SI,119.931,29.2897,0,0,0,0,14-3-29 21:12:49,1
5P7GXUB7SI,119.915,29.2769,0,0,0,0,14-3-29 21:14:50,1
5P7GXUB7SI,119.915,29.2769,0,0,0,0,14-3-29 21:16:51,0
5P7GXUB7SI,119.881,29.2483,0,0,0,0,14-3-29 21:18:52,1
5P7GXUB7SI,119.881,29.2483,0,0,0,0,14-3-29 21:20:53,0
5P7GXUB7SI,119.881,29.2483,0,0,0,0,14-3-29 21:22:54,0
5P7GXUB7SI,119.881,29.2483,0,0,0,0,14-3-29 21:24:55,0
5P7GXUB7SI,119.881,29.2483,0,0,0,0,14-3-29 21:26:56,0
5P7GXUB7SI,119.881,29.2483,0,0,0,0,14-3-29 21:28:57,0
5P7GXUB7SI,119.881,29.2483,0,0,0,0,14-3-29 21:30:58,0
5P7GXUB7SI,119.881,29.2483,0,0,0,0,14-3-29 21:32:59,0
5P7GXUB7SI,119.881,29.2483,0,0,0,0,14-3-29 21:35:0,0
5P7GXUB7SI,119.881,29.2483,0,0,0,0,14-3-29 21:37:1,0
5P7GXUB7SI,119.881,29.2483,0,0,0,0,14-3-29 21:39:2,0
5P7GXUB7SI,119.881,29.2483,0,0,0,0,14-3-29 21:41:3,0
5P7GXUB7SI,119.881,29.2483,0,0,0,0,14-3-29 21:43:4,0
5P7GXUB7SI,119.881,29.2483,0,0,0,0,14-3-29 21:45:5,0
5P7GXUB7SI,119.881,29.2483,0,0,0,0,14-3-29 21:47:6,0
5P7GXUB7SI,119.881,29.2483,0,0,0,0,14-3-29 21:49:7,0
5P7GXUB7SI,119.881,29.2483,0,0,0,0,14-3-29 21:51:8,0
5P7GXUB7SI,119.881,29.2483,0,0,0,0,14-3-29 21:53:9,0
5P7GXUB7SI,119.881,29.2483,0,0,0,0,14-3-29 21:55:10,0
5P7GXUB7SI,119.881,29.2483,0,0,0,0,14-3-29 21:59:27,0
5P7GXUB7SI,119.881,29.2483,0,0,0,0,14-3-29 22:1:27,0
5P7GXUB7SI,119.881,29.2483,0,0,0,0,14-3-29 22:3:28,0
5P7GXUB7SI,119.881,29.2483,0,0,0,0,14-3-29 22:5:29,0
5P7GXUB7SI,119.881,29.2483,0,0,0,0,14-3-29 22:7:30,0
5P7GXUB7SI,119.881,29.2483,0,0,0,0,14-3-29 22:9:31,0
5P7GXUB7SI,119.857,29.2343,0,0,0,0,14-3-29 22:11:32,1
5P7GXUB7SI,119.824,29.2204,0,0,0,0,14-3-29 22:13:33,1
5P7GXUB7SI,119.806,29.2114,0,0,0,0,14-3-29 22:15:34,1
5P7GXUB7SI,119.801,29.2082,0,0,0,0,14-3-29 22:17:35,1
5P7GXUB7SI,119.785,29.2008,0,0,0,0,14-3-29 22:19:36,1
5P7GXUB7SI,119.767,29.1924,0,0,0,0,14-3-29 22:21:37,1
5P7GXUB7SI,119.753,29.1865,0,0,0,0,14-3-29 22:23:38,1
5P7GXUB7SI,119.732,29.1757,0,0,0,0,14-3-29 22:25:39,1
5P7GXUB7SI,119.716,29.1663,0,0,0,0,14-3-29 22:27:40,1
5P7GXUB7SI,119.701,29.1571,0,0,0,0,14-3-29 22:29:41,1
5P7GXUB7SI,119.688,29.1522,0,0,0,0,14-3-29 22:31:42,1
5P7GXUB7SI,119.667,29.1469,0,0,0,0,14-3-29 22:33:43,1
5P7GXUB7SI,119.651,29.144,0,0,0,0,14-3-29 22:35:44,1
5P7GXUB7SI,119.627,29.1425,0,0,0,0,14-3-29 22:37:45,1
5P7GXUB7SI,119.604,29.1353,0,0,0,0,14-3-29 22:39:46,1
5P7GXUB7SI,119.592,29.1329,0,0,0,0,14-3-29 22:41:47,1
5P7GXUB7SI,119.55,29.1318,0,0,0,0,14-3-29 22:45:50,1
5P7GXUB7SI,119.55,29.1318,0,0,0,0,14-3-29 22:47:50,0
5P7GXUB7SI,119.522,29.134,0,0,0,0,14-3-29 22:49:51,1
5P7GXUB7SI,119.493,29.1356,0,0,0,0,14-3-29 22:51:52,1
5P7GXUB7SI,119.474,29.135,0,0,0,0,14-3-29 22:53:53,1
5P7GXUB7SI,119.461,29.1312,0,0,0,0,14-3-29 22:55:54,1
5P7GXUB7SI,119.474,29.135,0,0,0,0,14-3-29 23:0:10,0
5P7GXUB7SI,119.442,29.1203,0,0,0,0,14-3-29 23:2:10,1
5P7GXUB7SI,119.403,29.0996,0,0,0,0,14-3-29 23:4:11,1
5P7GXUB7SI,119.374,29.0969,0,0,0,0,14-3-29 23:6:12,1
5P7GXUB7SI,119.374,29.0969,0,0,0,0,14-3-29 23:8:13,1
5P7GXUB7SI,119.346,29.0966,0,0,0,0,14-3-29 23:10:14,1
5P7GXUB7SI,119.328,29.1008,0,0,0,0,14-3-29 23:12:15,1
5P7GXUB7SI,119.307,29.1039,0,0,0,0,14-3-29 23:14:16,1
5P7GXUB7SI,119.289,29.0998,0,0,0,0,14-3-29 23:16:17,1
5P7GXUB7SI,119.275,29.0964,0,0,0,0,14-3-29 23:18:18,1
5P7GXUB7SI,119.258,29.0928,0,0,0,0,14-3-29 23:20:19,1
5P7GXUB7SI,119.243,29.0882,0,0,0,0,14-3-29 23:22:20,1
5P7GXUB7SI,119.229,29.0846,0,0,0,0,14-3-29 23:24:21,1
5P7GXUB7SI,119.207,29.0837,0,0,0,0,14-3-29 23:26:22,1
5P7GXUB7SI,119.188,29.0792,0,0,0,0,14-3-29 23:28:24,1
5P7GXUB7SI,119.171,29.0719,0,0,0,0,14-3-29 23:30:24,1
5P7GXUB7SI,119.164,29.0709,0,0,0,0,14-3-29 23:32:25,1
5P7GXUB7SI,119.139,29.0592,0,0,0,0,14-3-29 23:34:27,1
5P7GXUB7SI,119.112,29.0496,0,0,0,0,14-3-29 23:36:27,1
5P7GXUB7SI,119.105,29.0464,0,0,0,0,14-3-29 23:38:28,1
5P7GXUB7SI,119.095,29.0447,0,0,0,0,14-3-29 23:40:29,1
5P7GXUB7SI,119.095,29.0447,0,0,0,0,14-3-29 23:42:30,1
5P7GXUB7SI,119.095,29.0447,0,0,0,0,14-3-29 23:44:31,0
5P7GXUB7SI,119.095,29.0447,0,0,0,0,14-3-29 23:46:32,0
5P7GXUB7SI,119.095,29.0447,0,0,0,0,14-3-29 23:48:33,0
5P7GXUB7SI,119.095,29.0447,0,0,0,0,14-3-29 23:50:34,0
5P7GXUB7SI,119.095,29.0447,0,0,0,0,14-3-29 23:52:35,0
5P7GXUB7SI,119.095,29.0447,0,0,0,0,14-3-29 23:54:36,0
5P7GXUB7SI,119.095,29.0447,0,0,0,0,14-3-29 23:56:37,0
5P7GXUB7SI,119.095,29.0447,0,0,0,0,14-3-29 23:58:38,0
5P7GXUB7SI,119.095,29.0447,0,0,0,0,14-3-30 0:0:52,0
5P7GXUB7SI,119.095,29.0447,0,0,0,0,14-3-30 0:2:53,0
5P7GXUB7SI,118.886,29.0007,0,0,0,0,14-3-30 0:4:54,1
5P7GXUB7SI,118.857,28.9941,0,0,0,0,14-3-30 0:6:55,1
5P7GXUB7SI,118.857,28.9941,0,0,0,0,14-3-30 0:8:56,0
5P7GXUB7SI,118.857,28.9941,0,0,0,0,14-3-30 0:10:57,0
5P7GXUB7SI,118.779,28.9736,0,0,0,0,14-3-30 0:15:0,1
5P7GXUB7SI,118.779,28.9736,0,0,0,0,14-3-30 0:17:0,0
5P7GXUB7SI,118.779,28.9736,0,0,0,0,14-3-30 0:19:1,0
5P7GXUB7SI,118.779,28.9736,0,0,0,0,14-3-30 0:21:2,0
5P7GXUB7SI,118.779,28.9736,0,0,0,0,14-3-30 0:23:3,0
5P7GXUB7SI,118.702,28.9513,0,0,0,0,14-3-30 0:25:4,1
5P7GXUB7SI,118.702,28.9513,0,0,0,0,14-3-30 0:27:5,1
5P7GXUB7SI,118.651,28.9449,0,0,0,0,14-3-30 0:29:7,1
5P7GXUB7SI,118.637,28.9425,0,0,0,0,14-3-30 0:31:7,1
5P7GXUB7SI,118.619,28.9429,0,0,0,0,14-3-30 0:33:8,1
5P7GXUB7SI,118.591,28.9472,0,0,0,0,14-3-30 0:35:9,1
5P7GXUB7SI,118.58,28.949,0,0,0,0,14-3-30 0:37:10,1
5P7GXUB7SI,118.559,28.9489,0,0,0,0,14-3-30 0:39:11,1
5P7GXUB7SI,118.548,28.947,0,0,0,0,14-3-30 0:41:12,1
5P7GXUB7SI,118.53,28.941,0,0,0,0,14-3-30 0:43:13,1
5P7GXUB7SI,118.515,28.9339,0,0,0,0,14-3-30 0:45:14,1
5P7GXUB7SI,118.515,28.9339,0,0,0,0,14-3-30 0:47:15,0
5P7GXUB7SI,118.515,28.9339,0,0,0,0,14-3-30 0:49:16,0
5P7GXUB7SI,118.515,28.9339,0,0,0,0,14-3-30 0:51:17,0
5P7GXUB7SI,118.515,28.9339,0,0,0,0,14-3-30 0:53:18,0
5P7GXUB7SI,118.515,28.9339,0,0,0,0,14-3-30 0:55:19,0
5P7GXUB7SI,118.515,28.9339,0,0,0,0,14-3-30 0:57:20,0
5P7GXUB7SI,118.515,28.9339,0,0,0,0,14-3-30 0:59:35,0
5P7GXUB7SI,118.515,28.9339,0,0,0,0,14-3-30 1:1:36,0
5P7GXUB7SI,118.515,28.9339,0,0,0,0,14-3-30 1:3:37,0
5P7GXUB7SI,118.515,28.9339,0,0,0,0,14-3-30 1:5:38,0
5P7GXUB7SI,118.515,28.9339,0,0,0,0,14-3-30 1:7:39,0
5P7GXUB7SI,118.349,28.8167,0,0,0,0,14-3-30 1:9:40,1
5P7GXUB7SI,118.349,28.8167,0,0,0,0,14-3-30 1:11:41,1
5P7GXUB7SI,118.349,28.8167,0,0,0,0,14-3-30 1:21:13,0
5P7GXUB7SI,118.349,28.8167,0,0,0,0,14-3-30 1:23:14,0
5P7GXUB7SI,118.349,28.8167,0,0,0,0,14-3-30 1:25:15,0
5P7GXUB7SI,118.349,28.8167,0,0,0,0,14-3-30 1:27:22,0
5P7GXUB7SI,118.349,28.8167,0,0,0,0,14-3-30 1:29:23,0
5P7GXUB7SI,118.349,28.8167,0,0,0,0,14-3-30 1:31:24,0
5P7GXUB7SI,118.349,28.8167,0,0,0,0,14-3-30 1:33:25,0
5P7GXUB7SI,118.349,28.8167,0,0,0,0,14-3-30 1:35:26,0
5P7GXUB7SI,118.349,28.8167,0,0,0,0,14-3-30 1:37:27,0
5P7GXUB7SI,118.349,28.8167,0,0,0,0,14-3-30 1:39:29,0
5P7GXUB7SI,118.166,28.6463,0,0,0,0,14-3-30 1:41:29,1
5P7GXUB7SI,118.166,28.6463,0,0,0,0,14-3-30 1:43:30,0
5P7GXUB7SI,118.166,28.6463,0,0,0,0,14-3-30 1:45:31,0
5P7GXUB7SI,118.135,28.609,0,0,0,0,14-3-30 1:47:32,1
5P7GXUB7SI,118.11,28.5942,0,0,0,0,14-3-30 1:49:33,1
5P7GXUB7SI,118.118,28.5957,0,0,0,0,14-3-30 1:51:34,1
5P7GXUB7SI,118.074,28.5748,0,0,0,0,14-3-30 1:53:35,1
5P7GXUB7SI,118.07,28.5697,0,0,0,0,14-3-30 1:55:36,1
5P7GXUB7SI,118.07,28.5697,0,0,0,0,14-3-30 1:57:37,0
5P7GXUB7SI,118.041,28.5467,0,0,0,0,14-3-30 1:59:44,1
5P7GXUB7SI,118.041,28.5467,0,0,0,0,14-3-30 2:1:45,1
5P7GXUB7SI,118.041,28.5467,0,0,0,0,14-3-30 2:3:46,0
5P7GXUB7SI,118.041,28.5467,0,0,0,0,14-3-30 2:5:47,0
5P7GXUB7SI,117.981,28.5082,0,0,0,0,14-3-30 2:7:48,1
5P7GXUB7SI,117.962,28.5034,0,0,0,0,14-3-30 2:9:49,1
5P7GXUB7SI,117.914,28.483,0,0,0,0,14-3-30 2:17:16,1
5P7GXUB7SI,117.914,28.483,0,0,0,0,14-3-30 2:19:17,0
5P7GXUB7SI,117.914,28.483,0,0,0,0,14-3-30 2:21:24,0
5P7GXUB7SI,117.914,28.483,0,0,0,0,14-3-30 2:23:25,0
5P7GXUB7SI,117.914,28.483,0,0,0,0,14-3-30 2:25:26,0
5P7GXUB7SI,117.914,28.483,0,0,0,0,14-3-30 2:27:27,0
5P7GXUB7SI,117.914,28.483,0,0,0,0,14-3-30 2:29:28,0
5P7GXUB7SI,117.914,28.483,0,0,0,0,14-3-30 2:31:29,0
5P7GXUB7SI,117.914,28.483,0,0,0,0,14-3-30 2:33:30,0
5P7GXUB7SI,117.914,28.483,0,0,0,0,14-3-30 2:35:31,0
5P7GXUB7SI,117.914,28.483,0,0,0,0,14-3-30 2:37:32,0
5P7GXUB7SI,117.914,28.483,0,0,0,0,14-3-30 2:39:34,0
5P7GXUB7SI,117.914,28.483,0,0,0,0,14-3-30 2:41:34,0
5P7GXUB7SI,117.713,28.3606,0,0,0,0,14-3-30 2:43:35,1
5P7GXUB7SI,117.696,28.3588,0,0,0,0,14-3-30 2:45:36,1
5P7GXUB7SI,117.683,28.3558,0,0,0,0,14-3-30 2:47:37,1
5P7GXUB7SI,117.663,28.351,0,0,0,0,14-3-30 2:49:38,1
5P7GXUB7SI,117.64,28.3521,0,0,0,0,14-3-30 2:51:39,1
5P7GXUB7SI,117.609,28.3574,0,0,0,0,14-3-30 2:53:40,1
5P7GXUB7SI,117.602,28.3587,0,0,0,0,14-3-30 2:55:41,1
5P7GXUB7SI,117.58,28.3589,0,0,0,0,14-3-30 2:57:42,1
5P7GXUB7SI,117.566,28.3566,0,0,0,0,14-3-30 2:59:43,1
5P7GXUB7SI,117.554,28.3532,0,0,0,0,14-3-30 3:1:52,1
5P7GXUB7SI,117.539,28.3461,0,0,0,0,14-3-30 3:3:53,1
5P7GXUB7SI,117.539,28.3461,0,0,0,0,14-3-30 3:5:54,1
5P7GXUB7SI,117.509,28.3378,0,0,0,0,14-3-30 3:7:55,1
5P7GXUB7SI,117.49,28.3405,0,0,0,0,14-3-30 3:9:56,1
5P7GXUB7SI,117.463,28.3473,0,0,0,0,14-3-30 3:11:57,1
5P7GXUB7SI,117.449,28.3459,0,0,0,0,14-3-30 3:13:58,1
5P7GXUB7SI,117.428,28.3469,0,0,0,0,14-3-30 3:15:59,1
5P7GXUB7SI,117.408,28.3543,0,0,0,0,14-3-30 3:18:0,1
5P7GXUB7SI,117.398,28.3569,0,0,0,0,14-3-30 3:20:1,1
5P7GXUB7SI,117.382,28.3565,0,0,0,0,14-3-30 3:22:2,1
5P7GXUB7SI,117.361,28.3526,0,0,0,0,14-3-30 3:24:3,1
5P7GXUB7SI,117.347,28.3529,0,0,0,0,14-3-30 3:26:4,1
5P7GXUB7SI,117.33,28.3535,0,0,0,0,14-3-30 3:28:5,1
5P7GXUB7SI,117.33,28.3535,0,0,0,0,14-3-30 3:30:6,0
5P7GXUB7SI,117.33,28.3535,0,0,0,0,14-3-30 3:32:7,0
5P7GXUB7SI,117.281,28.359,0,0,0,0,14-3-30 3:34:8,1
5P7GXUB7SI,117.281,28.359,0,0,0,0,14-3-30 3:36:9,0
5P7GXUB7SI,117.281,28.359,0,0,0,0,14-3-30 3:38:10,0
5P7GXUB7SI,117.216,28.3579,0,0,0,0,14-3-30 3:40:11,1
5P7GXUB7SI,117.216,28.3579,0,0,0,0,14-3-30 3:42:12,1
5P7GXUB7SI,117.172,28.3631,0,0,0,0,14-3-30 3:46:15,1
5P7GXUB7SI,117.172,28.3631,0,0,0,0,14-3-30 3:53:24,0
5P7GXUB7SI,117.172,28.3631,0,0,0,0,14-3-30 3:55:25,0
5P7GXUB7SI,117.172,28.3631,0,0,0,0,14-3-30 3:57:38,0
5P7GXUB7SI,117.061,28.3415,0,0,0,0,14-3-30 3:59:39,1
5P7GXUB7SI,117.034,28.3347,0,0,0,0,14-3-30 4:20:31,1
5P7GXUB7SI,117.034,28.3347,0,0,0,0,14-3-30 4:22:36,0
5P7GXUB7SI,117.016,28.3257,0,0,0,0,14-3-30 4:24:38,1
5P7GXUB7SI,117.006,28.3201,0,0,0,0,14-3-30 4:26:39,1
5P7GXUB7SI,117.006,28.3201,0,0,0,0,14-3-30 4:28:40,0
5P7GXUB7SI,116.96,28.3035,0,0,0,0,14-3-30 4:30:41,1
5P7GXUB7SI,116.967,28.305,0,0,0,0,14-3-30 4:32:42,1
5P7GXUB7SI,116.924,28.2879,0,0,0,0,14-3-30 4:34:43,1
5P7GXUB7SI,116.917,28.2844,0,0,0,0,14-3-30 4:36:44,1
5P7GXUB7SI,116.895,28.2798,0,0,0,0,14-3-30 4:38:45,1
5P7GXUB7SI,116.867,28.2787,0,0,0,0,14-3-30 4:40:46,1
5P7GXUB7SI,116.857,28.2784,0,0,0,0,14-3-30 4:42:47,1
5P7GXUB7SI,116.829,28.2788,0,0,0,0,14-3-30 4:44:48,1
5P7GXUB7SI,116.805,28.2855,0,0,0,0,14-3-30 4:46:49,1
5P7GXUB7SI,116.829,28.2788,0,0,0,0,14-3-30 4:48:50,1
5P7GXUB7SI,116.775,28.2783,0,0,0,0,14-3-30 4:50:51,1
5P7GXUB7SI,116.756,28.2792,0,0,0,0,14-3-30 4:52:52,1
5P7GXUB7SI,116.728,28.2779,0,0,0,0,14-3-30 4:54:53,1
5P7GXUB7SI,116.716,28.2753,0,0,0,0,14-3-30 4:56:54,1
5P7GXUB7SI,116.701,28.2722,0,0,0,0,14-3-30 4:58:55,1
5P7GXUB7SI,116.677,28.2713,0,0,0,0,14-3-30 5:1:4,1
5P7GXUB7SI,116.661,28.2635,0,0,0,0,14-3-30 5:3:5,1
5P7GXUB7SI,116.638,28.2703,0,0,0,0,14-3-30 5:5:6,1
5P7GXUB7SI,116.616,28.2696,0,0,0,0,14-3-30 5:7:7,1
5P7GXUB7SI,116.601,28.2692,0,0,0,0,14-3-30 5:9:8,1
5P7GXUB7SI,116.584,28.27,0,0,0,0,14-3-30 5:11:9,1
5P7GXUB7SI,116.556,28.2733,0,0,0,0,14-3-30 5:13:10,1
5P7GXUB7SI,116.533,28.2751,0,0,0,0,14-3-30 5:15:11,1
5P7GXUB7SI,110.52,24.2024,0,0,0,0,14-3-30 5:17:12,1
5P7GXUB7SI,110.513,24.2028,0,0,0,0,14-3-30 5:19:13,1
5P7GXUB7SI,116.498,28.2749,0,0,0,0,14-3-30 5:21:14,1
5P7GXUB7SI,116.463,28.2733,0,0,0,0,14-3-30 5:23:15,1
5P7GXUB7SI,116.449,28.2753,0,0,0,0,14-3-30 5:25:16,1
5P7GXUB7SI,116.449,28.2753,0,0,0,0,14-3-30 5:27:17,1
5P7GXUB7SI,116.4,28.2887,0,0,0,0,14-3-30 5:29:18,1
5P7GXUB7SI,116.398,28.2924,0,0,0,0,14-3-30 5:31:19,1
5P7GXUB7SI,116.366,28.3054,0,0,0,0,14-3-30 5:33:20,1
5P7GXUB7SI,116.366,28.3054,0,0,0,0,14-3-30 5:35:21,0
5P7GXUB7SI,116.366,28.3054,0,0,0,0,14-3-30 5:37:22,0
5P7GXUB7SI,116.308,28.3187,0,0,0,0,14-3-30 5:39:23,1
5P7GXUB7SI,116.295,28.3256,0,0,0,0,14-3-30 5:41:24,1
5P7GXUB7SI,116.277,28.3311,0,0,0,0,14-3-30 5:43:25,1
5P7GXUB7SI,116.26,28.3339,0,0,0,0,14-3-30 5:45:26,1
5P7GXUB7SI,116.241,28.3358,0,0,0,0,14-3-30 5:47:27,1
5P7GXUB7SI,116.23,28.3388,0,0,0,0,14-3-30 5:49:28,1
5P7GXUB7SI,116.208,28.3425,0,0,0,0,14-3-30 5:51:29,1
5P7GXUB7SI,116.208,28.3425,0,0,0,0,14-3-30 5:53:30,0
5P7GXUB7SI,116.208,28.3425,0,0,0,0,14-3-30 5:55:31,0
5P7GXUB7SI,116.208,28.3425,0,0,0,0,14-3-30 5:57:32,0
5P7GXUB7SI,116.208,28.3425,0,0,0,0,14-3-30 5:59:33,0
5P7GXUB7SI,116.208,28.3425,0,0,0,0,14-3-30 6:1:47,0
5P7GXUB7SI,116.208,28.3425,0,0,0,0,14-3-30 6:3:48,0
5P7GXUB7SI,116.208,28.3425,0,0,0,0,14-3-30 6:5:49,0
5P7GXUB7SI,116.038,28.3462,0,0,0,0,14-3-30 6:7:50,1
5P7GXUB7SI,116.038,28.3462,0,0,0,0,14-3-30 6:9:51,0
5P7GXUB7SI,116.014,28.3573,0,0,0,0,14-3-30 6:11:52,1
5P7GXUB7SI,116.001,28.3684,0,0,0,0,14-3-30 6:13:53,1
5P7GXUB7SI,115.977,28.3767,0,0,0,0,14-3-30 6:15:54,1
5P7GXUB7SI,115.946,28.3855,0,0,0,0,14-3-30 6:17:55,1
5P7GXUB7SI,115.93,28.3916,0,0,0,0,14-3-30 6:19:56,1
5P7GXUB7SI,115.913,28.3958,0,0,0,0,14-3-30 6:21:57,1
5P7GXUB7SI,115.913,28.3958,0,0,0,0,14-3-30 6:23:58,1
5P7GXUB7SI,115.913,28.3958,0,0,0,0,14-3-30 6:25:59,1
5P7GXUB7SI,115.913,28.3958,0,0,0,0,14-3-30 6:28:0,1
5P7GXUB7SI,115.913,28.3958,0,0,0,0,14-3-30 6:30:1,1
5P7GXUB7SI,115.913,28.3958,0,0,0,0,14-3-30 6:32:2,1
5P7GXUB7SI,115.913,28.3958,0,0,0,0,14-3-30 6:34:3,1
5P7GXUB7SI,115.913,28.3958,0,0,0,0,14-3-30 6:36:4,1
5P7GXUB7SI,115.913,28.3958,0,0,0,0,14-3-30 6:38:5,1
5P7GXUB7SI,115.913,28.3958,0,0,0,0,14-3-30 6:40:6,1
5P7GXUB7SI,115.889,28.4066,0,0,0,0,14-3-30 6:42:7,1
5P7GXUB7SI,115.887,28.4087,0,0,0,0,14-3-30 6:44:8,1
5P7GXUB7SI,115.877,28.4103,0,0,0,0,14-3-30 6:46:9,1
5P7GXUB7SI,115.851,28.4222,0,0,0,0,14-3-30 6:48:10,1
5P7GXUB7SI,115.887,28.4087,0,0,0,0,14-3-30 6:50:11,1
5P7GXUB7SI,115.887,28.4087,0,0,0,0,14-3-30 6:52:12,0
5P7GXUB7SI,115.887,28.4087,0,0,0,0,14-3-30 6:54:13,0
5P7GXUB7SI,115.887,28.4087,0,0,0,0,14-3-30 6:56:14,0
5P7GXUB7SI,115.758,28.4081,0,0,0,0,14-3-30 6:58:15,1
5P7GXUB7SI,115.758,28.4081,0,0,0,0,14-3-30 7:0:16,1
5P7GXUB7SI,115.747,28.3926,0,0,0,0,14-3-30 7:2:31,1
5P7GXUB7SI,115.747,28.3926,0,0,0,0,14-3-30 7:4:32,1
5P7GXUB7SI,115.747,28.3926,0,0,0,0,14-3-30 7:6:33,0
5P7GXUB7SI,115.747,28.3926,0,0,0,0,14-3-30 7:8:34,0
5P7GXUB7SI,115.747,28.3926,0,0,0,0,14-3-30 7:10:35,0
5P7GXUB7SI,115.677,28.3252,0,0,0,0,14-3-30 7:12:36,1
5P7GXUB7SI,115.665,28.3126,0,0,0,0,14-3-30 7:14:37,1
5P7GXUB7SI,115.655,28.2974,0,0,0,0,14-3-30 7:16:38,1
5P7GXUB7SI,115.655,28.2974,0,0,0,0,14-3-30 7:18:39,0
5P7GXUB7SI,115.643,28.2674,0,0,0,0,14-3-30 7:20:40,1
5P7GXUB7SI,115.636,28.2533,0,0,0,0,14-3-30 7:22:41,1
5P7GXUB7SI,115.636,28.2533,0,0,0,0,14-3-30 7:24:42,1
5P7GXUB7SI,115.613,28.2303,0,0,0,0,14-3-30 7:28:45,1
5P7GXUB7SI,115.576,28.1853,0,0,0,0,14-3-30 7:30:45,1
5P7GXUB7SI,115.566,28.1771,0,0,0,0,14-3-30 7:32:46,1
5P7GXUB7SI,115.566,28.1771,0,0,0,0,14-3-30 7:34:47,1
5P7GXUB7SI,115.534,28.1515,0,0,0,0,14-3-30 7:36:48,1
5P7GXUB7SI,115.519,28.1422,0,0,0,0,14-3-30 7:38:49,1
5P7GXUB7SI,115.498,28.135,0,0,0,0,14-3-30 7:40:50,1
5P7GXUB7SI,115.498,28.135,0,0,0,0,14-3-30 7:42:51,0
5P7GXUB7SI,115.434,28.1154,0,0,0,0,14-3-30 7:44:52,1
5P7GXUB7SI,115.434,28.1154,0,0,0,0,14-3-30 7:46:53,1
5P7GXUB7SI,115.426,28.1072,0,0,0,0,14-3-30 7:48:54,1
5P7GXUB7SI,115.411,28.0956,0,0,0,0,14-3-30 7:50:55,1
5P7GXUB7SI,115.411,28.0956,0,0,0,0,14-3-30 7:52:56,0
5P7GXUB7SI,115.399,28.0877,0,0,0,0,14-3-30 7:54:57,1
5P7GXUB7SI,115.373,28.0651,0,0,0,0,14-3-30 7:56:58,1
5P7GXUB7SI,115.373,28.0651,0,0,0,0,14-3-30 7:58:59,0
5P7GXUB7SI,115.343,28.0334,0,0,0,0,14-3-30 8:1:15,1
5P7GXUB7SI,115.343,28.0334,0,0,0,0,14-3-30 8:3:16,1
5P7GXUB7SI,115.343,28.0334,0,0,0,0,14-3-30 8:5:17,1
5P7GXUB7SI,115.343,28.0318,0,0,0,0,14-3-30 8:7:18,1
5P7GXUB7SI,115.343,28.0318,0,0,0,0,14-3-30 8:9:19,1
5P7GXUB7SI,115.343,28.0318,0,0,0,0,14-3-30 8:11:20,1
5P7GXUB7SI,115.343,28.0318,0,0,0,0,14-3-30 8:13:21,1
5P7GXUB7SI,115.343,28.0318,0,0,0,0,14-3-30 8:15:22,1
5P7GXUB7SI,115.343,28.0318,0,0,0,0,14-3-30 8:17:23,1
5P7GXUB7SI,115.343,28.0318,0,0,0,0,14-3-30 8:19:24,1
5P7GXUB7SI,115.343,28.0318,0,0,0,0,14-3-30 8:21:25,1
5P7GXUB7SI,115.343,28.0318,0,0,0,0,14-3-30 8:23:26,1
5P7GXUB7SI,115.343,28.0318,0,0,0,0,14-3-30 8:25:27,1
5P7GXUB7SI,115.343,28.0318,0,0,0,0,14-3-30 8:27:28,1
5P7GXUB7SI,115.343,28.0318,0,0,0,0,14-3-30 8:29:29,1
5P7GXUB7SI,115.343,28.0318,0,0,0,0,14-3-30 8:31:30,1
5P7GXUB7SI,115.343,28.0318,0,0,0,0,14-3-30 8:33:31,1
5P7GXUB7SI,115.343,28.0318,0,0,0,0,14-3-30 8:35:32,1
5P7GXUB7SI,115.343,28.0318,0,0,0,0,14-3-30 8:37:33,1
5P7GXUB7SI,115.343,28.0318,0,0,0,0,14-3-30 8:39:34,1
5P7GXUB7SI,115.343,28.0318,0,0,0,0,14-3-30 8:41:35,1
5P7GXUB7SI,115.343,28.0318,0,0,0,0,14-3-30 8:43:36,1
5P7GXUB7SI,115.343,28.0318,0,0,0,0,14-3-30 8:45:37,1
5P7GXUB7SI,115.343,28.0318,0,0,0,0,14-3-30 8:47:38,1
5P7GXUB7SI,115.343,28.0318,0,0,0,0,14-3-30 8:49:39,1
5P7GXUB7SI,115.343,28.0318,0,0,0,0,14-3-30 8:51:40,1
5P7GXUB7SI,115.343,28.0318,0,0,0,0,14-3-30 8:53:41,1
5P7GXUB7SI,115.343,28.0318,0,0,0,0,14-3-30 8:55:42,1
5P7GXUB7SI,115.343,28.0318,0,0,0,0,14-3-30 8:57:43,1
5P7GXUB7SI,115.343,28.0318,0,0,0,0,14-3-30 8:59:44,1
5P7GXUB7SI,115.343,28.0318,0,0,0,0,14-3-30 9:1:59,1
5P7GXUB7SI,115.343,28.0318,0,0,0,0,14-3-30 9:4:0,1
5P7GXUB7SI,115.343,28.0318,0,0,0,0,14-3-30 9:6:1,1
5P7GXUB7SI,115.343,28.0318,0,0,0,0,14-3-30 9:8:2,1
5P7GXUB7SI,115.343,28.0318,0,0,0,0,14-3-30 9:10:3,1
5P7GXUB7SI,115.343,28.0318,0,0,0,0,14-3-30 9:12:4,1
5P7GXUB7SI,115.343,28.0318,0,0,0,0,14-3-30 9:14:5,1
5P7GXUB7SI,115.343,28.0318,0,0,0,0,14-3-30 9:16:6,1
5P7GXUB7SI,115.343,28.0318,0,0,0,0,14-3-30 9:18:7,1
5P7GXUB7SI,115.343,28.0318,0,0,0,0,14-3-30 9:20:8,1
5P7GXUB7SI,115.343,28.0318,0,0,0,0,14-3-30 9:22:9,1
5P7GXUB7SI,115.343,28.0318,0,0,0,0,14-3-30 9:24:10,1
5P7GXUB7SI,115.343,28.0318,0,0,0,0,14-3-30 9:26:11,1
5P7GXUB7SI,115.343,28.0318,0,0,0,0,14-3-30 9:28:12,1
5P7GXUB7SI,115.343,28.0318,0,0,0,0,14-3-30 9:30:13,1
5P7GXUB7SI,115.343,28.0318,0,0,0,0,14-3-30 9:32:14,1
5P7GXUB7SI,115.343,28.0318,0,0,0,0,14-3-30 9:34:15,1
5P7GXUB7SI,115.343,28.0318,0,0,0,0,14-3-30 9:36:16,1
5P7GXUB7SI,115.343,28.0318,0,0,0,0,14-3-30 9:38:17,1
5P7GXUB7SI,115.343,28.0318,0,0,0,0,14-3-30 9:40:18,1
5P7GXUB7SI,115.343,28.0318,0,0,0,0,14-3-30 9:42:19,1
5P7GXUB7SI,115.343,28.0318,0,0,0,0,14-3-30 9:44:20,1
5P7GXUB7SI,115.343,28.0318,0,0,0,0,14-3-30 9:46:21,1
5P7GXUB7SI,115.343,28.0318,0,0,0,0,14-3-30 9:48:22,1
5P7GXUB7SI,115.343,28.0318,0,0,0,0,14-3-30 9:50:23,1
5P7GXUB7SI,115.343,28.0318,0,0,0,0,14-3-30 9:52:24,1
5P7GXUB7SI,115.343,28.0318,0,0,0,0,14-3-30 9:54:25,1
5P7GXUB7SI,115.343,28.0318,0,0,0,0,14-3-30 9:56:26,1
5P7GXUB7SI,115.343,28.0318,0,0,0,0,14-3-30 9:58:27,1
5P7GXUB7SI,115.343,28.0318,0,0,0,0,14-3-30 10:0:28,1
5P7GXUB7SI,115.343,28.0318,0,0,0,0,14-3-30 10:2:43,1
5P7GXUB7SI,115.343,28.0318,0,0,0,0,14-3-30 10:4:44,1
5P7GXUB7SI,115.343,28.0318,0,0,0,0,14-3-30 10:6:45,1
5P7GXUB7SI,115.343,28.0318,0,0,0,0,14-3-30 10:8:46,1
5P7GXUB7SI,115.343,28.0334,0,0,0,0,14-3-30 10:10:47,1
5P7GXUB7SI,115.334,28.0183,0,0,0,0,14-3-30 10:12:48,1
5P7GXUB7SI,115.334,28.0183,0,0,0,0,14-3-30 10:14:49,0
5P7GXUB7SI,115.322,28.0024,0,0,0,0,14-3-30 10:16:50,1
5P7GXUB7SI,115.322,28.0024,0,0,0,0,14-3-30 10:18:51,0
5P7GXUB7SI,115.308,27.9873,0,0,0,0,14-3-30 10:20:52,1
5P7GXUB7SI,115.29,27.9653,0,0,0,0,14-3-30 10:22:53,1
5P7GXUB7SI,115.29,27.9653,0,0,0,0,14-3-30 10:24:54,1
5P7GXUB7SI,115.285,27.9445,0,0,0,0,14-3-30 10:26:55,1
5P7GXUB7SI,115.287,27.9257,0,0,0,0,14-3-30 10:28:56,1
5P7GXUB7SI,115.287,27.9257,0,0,0,0,14-3-30 10:30:57,1
5P7GXUB7SI,115.283,27.8919,0,0,0,0,14-3-30 10:32:58,1
5P7GXUB7SI,115.283,27.8919,0,0,0,0,14-3-30 10:34:59,1
5P7GXUB7SI,115.285,27.8674,0,0,0,0,14-3-30 10:37:0,1
5P7GXUB7SI,115.279,27.8483,0,0,0,0,14-3-30 10:39:1,1
5P7GXUB7SI,115.255,27.8163,0,0,0,0,14-3-30 10:46:8,1
5P7GXUB7SI,115.228,27.7947,0,0,0,0,14-3-30 10:48:9,1
5P7GXUB7SI,115.22,27.7903,0,0,0,0,14-3-30 10:50:10,1
5P7GXUB7SI,115.194,27.7673,0,0,0,0,14-3-30 10:52:23,1
5P7GXUB7SI,115.183,27.7539,0,0,0,0,14-3-30 10:54:24,1
5P7GXUB7SI,115.183,27.7539,0,0,0,0,14-3-30 10:56:25,1
5P7GXUB7SI,115.169,27.7359,0,0,0,0,14-3-30 10:58:27,1
5P7GXUB7SI,115.164,27.7281,0,0,0,0,14-3-30 11:0:27,1
5P7GXUB7SI,115.156,27.7099,0,0,0,0,14-3-30 11:2:30,1
5P7GXUB7SI,115.144,27.6853,0,0,0,0,14-3-30 11:4:31,1
5P7GXUB7SI,115.141,27.6762,0,0,0,0,14-3-30 11:6:32,1
5P7GXUB7SI,115.134,27.6572,0,0,0,0,14-3-30 11:8:33,1
5P7GXUB7SI,115.134,27.6572,0,0,0,0,14-3-30 11:10:34,0
5P7GXUB7SI,115.125,27.6223,0,0,0,0,14-3-30 11:12:35,1
5P7GXUB7SI,115.125,27.6223,0,0,0,0,14-3-30 11:14:36,0
5P7GXUB7SI,115.121,27.5871,0,0,0,0,14-3-30 11:16:37,1
5P7GXUB7SI,115.113,27.573,0,0,0,0,14-3-30 11:18:38,1
5P7GXUB7SI,115.108,27.5616,0,0,0,0,14-3-30 11:20:39,1
5P7GXUB7SI,115.108,27.5616,0,0,0,0,14-3-30 11:22:40,1
5P7GXUB7SI,115.108,27.5616,0,0,0,0,14-3-30 11:24:41,1
5P7GXUB7SI,115.104,27.5515,0,0,0,0,14-3-30 11:26:42,1
5P7GXUB7SI,115.104,27.5515,0,0,0,0,14-3-30 11:28:43,1
5P7GXUB7SI,115.104,27.5515,0,0,0,0,14-3-30 11:30:44,1
5P7GXUB7SI,115.104,27.5515,0,0,0,0,14-3-30 11:32:45,1
5P7GXUB7SI,115.104,27.5515,0,0,0,0,14-3-30 11:34:46,1
5P7GXUB7SI,115.104,27.5515,0,0,0,0,14-3-30 11:36:47,1
5P7GXUB7SI,115.104,27.5515,0,0,0,0,14-3-30 11:38:48,1
5P7GXUB7SI,115.104,27.5515,0,0,0,0,14-3-30 11:40:49,1
5P7GXUB7SI,115.104,27.5515,0,0,0,0,14-3-30 11:42:50,1
5P7GXUB7SI,115.104,27.5515,0,0,0,0,14-3-30 11:44:51,1
5P7GXUB7SI,115.104,27.5515,0,0,0,0,14-3-30 11:46:52,1
5P7GXUB7SI,115.091,27.5344,0,0,0,0,14-3-30 11:48:53,1
5P7GXUB7SI,115.077,27.5177,0,0,0,0,14-3-30 11:50:54,1
5P7GXUB7SI,115.077,27.5177,0,0,0,0,14-3-30 11:52:55,0
5P7GXUB7SI,115.077,27.5177,0,0,0,0,14-3-30 11:54:56,0
5P7GXUB7SI,115.077,27.5177,0,0,0,0,14-3-30 11:56:57,0
5P7GXUB7SI,115.077,27.5177,0,0,0,0,14-3-30 11:58:58,0
5P7GXUB7SI,115.036,27.4687,0,0,0,0,14-3-30 12:0:59,1
5P7GXUB7SI,115.036,27.4687,0,0,0,0,14-3-30 12:3:14,0
5P7GXUB7SI,115.018,27.4057,0,0,0,0,14-3-30 12:5:15,1
5P7GXUB7SI,115.018,27.4057,0,0,0,0,14-3-30 12:7:16,0
5P7GXUB7SI,115.018,27.4057,0,0,0,0,14-3-30 12:9:17,0
5P7GXUB7SI,115.018,27.4057,0,0,0,0,14-3-30 12:11:18,0
5P7GXUB7SI,115.014,27.3468,0,0,0,0,14-3-30 12:13:19,1
5P7GXUB7SI,115.014,27.3468,0,0,0,0,14-3-30 12:15:20,0
5P7GXUB7SI,115.016,27.3299,0,0,0,0,14-3-30 12:17:22,1
5P7GXUB7SI,115.014,27.3101,0,0,0,0,14-3-30 12:19:22,1
5P7GXUB7SI,115.008,27.2874,0,0,0,0,14-3-30 12:21:23,1
5P7GXUB7SI,115.008,27.2874,0,0,0,0,14-3-30 12:23:24,0
5P7GXUB7SI,115.001,27.2609,0,0,0,0,14-3-30 12:25:25,1
5P7GXUB7SI,114.999,27.2523,0,0,0,0,14-3-30 12:27:26,1
5P7GXUB7SI,114.999,27.2523,0,0,0,0,14-3-30 12:29:27,0
5P7GXUB7SI,114.97,27.2076,0,0,0,0,14-3-30 12:31:28,1
5P7GXUB7SI,114.97,27.2076,0,0,0,0,14-3-30 12:33:29,1
5P7GXUB7SI,114.97,27.2076,0,0,0,0,14-3-30 12:35:30,0
5P7GXUB7SI,114.951,27.1746,0,0,0,0,14-3-30 12:37:31,1
5P7GXUB7SI,114.938,27.1566,0,0,0,0,14-3-30 12:39:32,1
5P7GXUB7SI,114.929,27.1495,0,0,0,0,14-3-30 12:41:33,1
5P7GXUB7SI,114.921,27.1421,0,0,0,0,14-3-30 12:43:34,1
5P7GXUB7SI,114.904,27.1165,0,0,0,0,14-3-30 12:45:35,1
5P7GXUB7SI,114.891,27.1063,0,0,0,0,14-3-30 12:47:36,1
5P7GXUB7SI,114.875,27.0913,0,0,0,0,14-3-30 12:49:37,1
5P7GXUB7SI,114.866,27.0796,0,0,0,0,14-3-30 12:51:38,1
5P7GXUB7SI,114.863,27.0738,0,0,0,0,14-3-30 12:53:39,1
5P7GXUB7SI,114.853,27.0527,0,0,0,0,14-3-30 12:55:41,1
5P7GXUB7SI,114.852,27.0365,0,0,0,0,14-3-30 12:57:41,1
5P7GXUB7SI,114.85,27.0221,0,0,0,0,14-3-30 12:59:42,1
5P7GXUB7SI,114.85,27.007,0,0,0,0,14-3-30 13:1:43,1
5P7GXUB7SI,114.851,26.9964,0,0,0,0,14-3-30 13:3:59,1
5P7GXUB7SI,114.851,26.9643,0,0,0,0,14-3-30 13:6:0,1
5P7GXUB7SI,114.851,26.9572,0,0,0,0,14-3-30 13:8:1,1
5P7GXUB7SI,114.85,26.951,0,0,0,0,14-3-30 13:10:2,1
5P7GXUB7SI,114.85,26.951,0,0,0,0,14-3-30 13:12:3,0
5P7GXUB7SI,114.85,26.951,0,0,0,0,14-3-30 13:14:4,0
5P7GXUB7SI,114.832,26.8889,0,0,0,0,14-3-30 13:16:5,1
5P7GXUB7SI,114.824,26.8735,0,0,0,0,14-3-30 13:18:6,1
5P7GXUB7SI,114.82,26.8639,0,0,0,0,14-3-30 13:20:7,1
5P7GXUB7SI,114.812,26.8453,0,0,0,0,14-3-30 13:22:8,1
5P7GXUB7SI,114.812,26.8453,0,0,0,0,14-3-30 13:24:9,0
5P7GXUB7SI,114.806,26.8216,0,0,0,0,14-3-30 13:26:10,1
5P7GXUB7SI,114.805,26.8121,0,0,0,0,14-3-30 13:28:11,1
5P7GXUB7SI,114.8,26.7885,0,0,0,0,14-3-30 13:30:12,1
5P7GXUB7SI,114.8,26.7885,0,0,0,0,14-3-30 13:32:13,1
5P7GXUB7SI,114.791,26.7616,0,0,0,0,14-3-30 13:34:14,1
5P7GXUB7SI,114.78,26.7447,0,0,0,0,14-3-30 13:36:15,1
5P7GXUB7SI,114.78,26.7447,0,0,0,0,14-3-30 13:38:16,0
5P7GXUB7SI,114.78,26.7447,0,0,0,0,14-3-30 13:40:17,0
5P7GXUB7SI,114.742,26.712,0,0,0,0,14-3-30 13:42:18,1
5P7GXUB7SI,114.742,26.712,0,0,0,0,14-3-30 13:44:19,0
5P7GXUB7SI,114.742,26.712,0,0,0,0,14-3-30 13:46:20,0
5P7GXUB7SI,114.742,26.712,0,0,0,0,14-3-30 13:48:21,0
5P7GXUB7SI,114.742,26.712,0,0,0,0,14-3-30 13:50:22,0
5P7GXUB7SI,114.742,26.712,0,0,0,0,14-3-30 13:52:23,0
5P7GXUB7SI,114.742,26.712,0,0,0,0,14-3-30 13:54:24,0
5P7GXUB7SI,114.742,26.712,0,0,0,0,14-3-30 13:56:25,0
5P7GXUB7SI,114.742,26.712,0,0,0,0,14-3-30 13:58:26,0
5P7GXUB7SI,114.742,26.712,0,0,0,0,14-3-30 14:0:27,0
5P7GXUB7SI,114.742,26.712,0,0,0,0,14-3-30 14:2:41,0
5P7GXUB7SI,114.742,26.712,0,0,0,0,14-3-30 14:4:42,0
5P7GXUB7SI,114.742,26.712,0,0,0,0,14-3-30 14:6:43,0
5P7GXUB7SI,114.742,26.712,0,0,0,0,14-3-30 14:8:45,0
5P7GXUB7SI,114.742,26.712,0,0,0,0,14-3-30 14:15:54,0
5P7GXUB7SI,114.742,26.712,0,0,0,0,14-3-30 14:17:55,0
5P7GXUB7SI,114.742,26.712,0,0,0,0,14-3-30 14:20:0,0
5P7GXUB7SI,114.742,26.712,0,0,0,0,14-3-30 14:22:1,0
5P7GXUB7SI,114.742,26.712,0,0,0,0,14-3-30 14:24:2,0
5P7GXUB7SI,114.682,26.3799,0,0,0,0,14-3-30 14:26:4,1
5P7GXUB7SI,114.689,26.3691,0,0,0,0,14-3-30 14:28:4,1
5P7GXUB7SI,114.691,26.3579,0,0,0,0,14-3-30 14:30:5,1
5P7GXUB7SI,114.685,26.3478,0,0,0,0,14-3-30 14:32:6,1
5P7GXUB7SI,114.674,26.3371,0,0,0,0,14-3-30 14:34:7,1
5P7GXUB7SI,114.674,26.3371,0,0,0,0,14-3-30 14:36:8,1
5P7GXUB7SI,114.667,26.3216,0,0,0,0,14-3-30 14:38:9,1
5P7GXUB7SI,114.667,26.3216,0,0,0,0,14-3-30 14:40:10,1
5P7GXUB7SI,114.667,26.3216,0,0,0,0,14-3-30 14:42:12,0
5P7GXUB7SI,114.665,26.2988,0,0,0,0,14-3-30 14:44:12,1
5P7GXUB7SI,114.661,26.292,0,0,0,0,14-3-30 14:46:13,1
5P7GXUB7SI,114.657,26.2806,0,0,0,0,14-3-30 14:48:14,1
5P7GXUB7SI,114.657,26.2701,0,0,0,0,14-3-30 14:50:15,1
5P7GXUB7SI,114.656,26.2545,0,0,0,0,14-3-30 14:52:16,1
5P7GXUB7SI,114.655,26.2485,0,0,0,0,14-3-30 14:54:17,1
5P7GXUB7SI,114.655,26.2485,0,0,0,0,14-3-30 14:56:19,0
5P7GXUB7SI,114.652,26.1999,0,0,0,0,14-3-30 14:58:20,1
5P7GXUB7SI,114.666,26.1783,0,0,0,0,14-3-30 15:2:23,1
5P7GXUB7SI,114.686,26.0599,0,0,0,0,14-3-30 15:14:7,1
5P7GXUB7SI,114.686,26.0597,0,0,0,0,14-3-30 15:16:20,1
5P7GXUB7SI,114.686,26.0597,0,0,0,0,14-3-30 15:18:22,1
5P7GXUB7SI,114.68,26.0237,0,0,0,0,14-3-30 15:20:23,1
5P7GXUB7SI,114.679,26.0047,0,0,0,0,14-3-30 15:22:24,1
5P7GXUB7SI,114.69,25.9763,0,0,0,0,14-3-30 15:24:25,1
5P7GXUB7SI,114.694,25.9737,0,0,0,0,14-3-30 15:26:26,1
5P7GXUB7SI,114.705,25.9498,0,0,0,0,14-3-30 15:28:27,1
5P7GXUB7SI,114.706,25.94,0,0,0,0,14-3-30 15:30:28,1
5P7GXUB7SI,114.72,25.9222,0,0,0,0,14-3-30 15:32:29,1
5P7GXUB7SI,114.727,25.9145,0,0,0,0,14-3-30 15:34:30,1
5P7GXUB7SI,114.727,25.9145,0,0,0,0,14-3-30 15:36:31,1
5P7GXUB7SI,114.727,25.9145,0,0,0,0,14-3-30 15:43:59,0
5P7GXUB7SI,114.768,25.8283,0,0,0,0,14-3-30 15:46:0,1
5P7GXUB7SI,114.775,25.8073,0,0,0,0,14-3-30 15:48:9,1
5P7GXUB7SI,114.775,25.8073,0,0,0,0,14-3-30 15:50:10,1
5P7GXUB7SI,114.775,25.8073,0,0,0,0,14-3-30 15:52:11,1
5P7GXUB7SI,114.775,25.8073,0,0,0,0,14-3-30 15:54:12,1
5P7GXUB7SI,114.779,25.7678,0,0,0,0,14-3-30 15:56:13,1
5P7GXUB7SI,114.781,25.7645,0,0,0,0,14-3-30 15:58:14,1
5P7GXUB7SI,114.784,25.7613,0,0,0,0,14-3-30 16:0:15,1
5P7GXUB7SI,114.784,25.7613,0,0,0,0,14-3-30 16:2:16,0
5P7GXUB7SI,114.784,25.7613,0,0,0,0,14-3-30 16:4:18,0
5P7GXUB7SI,114.784,25.7613,0,0,0,0,14-3-30 16:6:19,0
5P7GXUB7SI,114.79,25.6812,0,0,0,0,14-3-30 16:8:20,1
5P7GXUB7SI,114.785,25.6602,0,0,0,0,14-3-30 16:10:21,1
5P7GXUB7SI,114.785,25.6602,0,0,0,0,14-3-30 16:12:22,0
5P7GXUB7SI,114.778,25.627,0,0,0,0,14-3-30 16:14:23,1
5P7GXUB7SI,114.779,25.6151,0,0,0,0,14-3-30 16:16:24,1
5P7GXUB7SI,114.78,25.5922,0,0,0,0,14-3-30 16:18:25,1
5P7GXUB7SI,114.78,25.5922,0,0,0,0,14-3-30 16:20:26,1
5P7GXUB7SI,114.78,25.5922,0,0,0,0,14-3-30 16:27:37,0
5P7GXUB7SI,114.78,25.5922,0,0,0,0,14-3-30 16:29:38,0
5P7GXUB7SI,114.631,25.5159,0,0,0,0,14-3-30 16:37:42,1
5P7GXUB7SI,114.618,25.5038,0,0,0,0,14-3-30 16:39:52,1
5P7GXUB7SI,114.618,25.5038,0,0,0,0,14-3-30 16:41:55,1
5P7GXUB7SI,114.604,25.4935,0,0,0,0,14-3-30 16:43:56,1
5P7GXUB7SI,114.604,25.4935,0,0,0,0,14-3-30 16:45:57,1
5P7GXUB7SI,114.604,25.4935,0,0,0,0,14-3-30 16:47:58,1
5P7GXUB7SI,114.604,25.4935,0,0,0,0,14-3-30 16:49:59,1
5P7GXUB7SI,114.604,25.4935,0,0,0,0,14-3-30 16:52:0,1
5P7GXUB7SI,114.604,25.4935,0,0,0,0,14-3-30 16:54:1,1
5P7GXUB7SI,114.604,25.4935,0,0,0,0,14-3-30 16:56:2,1
5P7GXUB7SI,114.604,25.4935,0,0,0,0,14-3-30 16:58:3,1
5P7GXUB7SI,114.604,25.4935,0,0,0,0,14-3-30 17:0:4,1
5P7GXUB7SI,114.604,25.4935,0,0,0,0,14-3-30 17:2:5,1
5P7GXUB7SI,114.604,25.4935,0,0,0,0,14-3-30 17:4:11,1
5P7GXUB7SI,114.587,25.4779,0,0,0,0,14-3-30 17:6:12,1
5P7GXUB7SI,114.574,25.4714,0,0,0,0,14-3-30 17:8:13,1
5P7GXUB7SI,114.556,25.4582,0,0,0,0,14-3-30 17:10:14,1
5P7GXUB7SI,114.556,25.4582,0,0,0,0,14-3-30 17:12:15,1
5P7GXUB7SI,114.518,25.4526,0,0,0,0,14-3-30 17:14:16,1
5P7GXUB7SI,114.505,25.4541,0,0,0,0,14-3-30 17:16:17,1
5P7GXUB7SI,114.505,25.4541,0,0,0,0,14-3-30 17:18:18,0
5P7GXUB7SI,114.473,25.4459,0,0,0,0,14-3-30 17:20:19,1
5P7GXUB7SI,114.438,25.4332,0,0,0,0,14-3-30 17:22:20,1
5P7GXUB7SI,114.438,25.4332,0,0,0,0,14-3-30 17:24:21,1
5P7GXUB7SI,114.416,25.4291,0,0,0,0,14-3-30 17:26:22,1
5P7GXUB7SI,114.4,25.4084,0,0,0,0,14-3-30 17:28:23,1
5P7GXUB7SI,114.4,25.4084,0,0,0,0,14-3-30 17:30:24,1
5P7GXUB7SI,114.385,25.3818,0,0,0,0,14-3-30 17:32:25,1
5P7GXUB7SI,114.37,25.3688,0,0,0,0,14-3-30 17:34:26,1
5P7GXUB7SI,114.355,25.357,0,0,0,0,14-3-30 17:36:27,1
5P7GXUB7SI,114.353,25.3471,0,0,0,0,14-3-30 17:38:28,1
5P7GXUB7SI,114.353,25.3471,0,0,0,0,14-3-30 17:40:29,1
5P7GXUB7SI,114.353,25.3471,0,0,0,0,14-3-30 17:42:30,1
5P7GXUB7SI,114.353,25.3471,0,0,0,0,14-3-30 17:55:22,0
5P7GXUB7SI,114.353,25.3471,0,0,0,0,14-3-30 17:57:23,0
5P7GXUB7SI,114.35,25.2058,0,0,0,0,14-3-30 17:59:36,1
5P7GXUB7SI,114.341,25.1869,0,0,0,0,14-3-30 18:1:37,1
5P7GXUB7SI,114.341,25.1869,0,0,0,0,14-3-30 18:3:38,1
5P7GXUB7SI,114.32,25.1699,0,0,0,0,14-3-30 18:5:39,1
5P7GXUB7SI,114.32,25.1699,0,0,0,0,14-3-30 18:7:36,0
5P7GXUB7SI,114.274,25.1405,0,0,0,0,14-3-30 18:9:37,1
5P7GXUB7SI,114.251,25.1286,0,0,0,0,14-3-30 18:11:38,1
5P7GXUB7SI,114.251,25.1286,0,0,0,0,14-3-30 18:13:39,0
5P7GXUB7SI,114.229,25.108,0,0,0,0,14-3-30 18:15:40,1
5P7GXUB7SI,114.201,25.0706,0,0,0,0,14-3-30 18:22:53,1
5P7GXUB7SI,114.189,25.0479,0,0,0,0,14-3-30 18:24:54,1
5P7GXUB7SI,114.17,25.0362,0,0,0,0,14-3-30 18:27:6,1
5P7GXUB7SI,114.148,25.0106,0,0,0,0,14-3-30 18:29:7,1
5P7GXUB7SI,114.148,25.0106,0,0,0,0,14-3-30 18:31:8,1
5P7GXUB7SI,114.11,24.9884,0,0,0,0,14-3-30 18:33:9,1
5P7GXUB7SI,114.11,24.9884,0,0,0,0,14-3-30 18:35:10,1
5P7GXUB7SI,114.11,24.9884,0,0,0,0,14-3-30 18:37:11,1
5P7GXUB7SI,114.017,24.9903,0,0,0,0,14-3-30 18:44:28,1
5P7GXUB7SI,114.004,24.9872,0,0,0,0,14-3-30 18:46:29,1
5P7GXUB7SI,113.993,24.9953,0,0,0,0,14-3-30 18:48:34,1
5P7GXUB7SI,113.986,24.9947,0,0,0,0,14-3-30 18:50:35,1
5P7GXUB7SI,113.956,24.9935,0,0,0,0,14-3-30 18:52:36,1
5P7GXUB7SI,113.934,24.992,0,0,0,0,14-3-30 18:54:37,1
5P7GXUB7SI,113.908,24.9817,0,0,0,0,14-3-30 18:56:38,1
5P7GXUB7SI,113.908,24.9817,0,0,0,0,14-3-30 18:58:39,0
5P7GXUB7SI,113.908,24.9817,0,0,0,0,14-3-30 19:0:40,0
5P7GXUB7SI,113.908,24.9817,0,0,0,0,14-3-30 19:2:41,0
5P7GXUB7SI,113.908,24.9817,0,0,0,0,14-3-30 19:4:47,0
5P7GXUB7SI,113.908,24.9817,0,0,0,0,14-3-30 19:6:48,0
5P7GXUB7SI,113.908,24.9817,0,0,0,0,14-3-30 19:14:2,0
5P7GXUB7SI,113.908,24.9817,0,0,0,0,14-3-30 19:16:3,0
5P7GXUB7SI,113.908,24.9817,0,0,0,0,14-3-30 19:18:7,0
5P7GXUB7SI,113.908,24.9817,0,0,0,0,14-3-30 19:20:8,0
5P7GXUB7SI,113.908,24.9817,0,0,0,0,14-3-30 19:22:9,0
5P7GXUB7SI,113.908,24.9817,0,0,0,0,14-3-30 19:24:10,0
5P7GXUB7SI,113.908,24.9817,0,0,0,0,14-3-30 19:26:11,0
5P7GXUB7SI,113.908,24.9817,0,0,0,0,14-3-30 19:28:12,0
5P7GXUB7SI,113.908,24.9817,0,0,0,0,14-3-30 19:30:13,0
5P7GXUB7SI,113.908,24.9817,0,0,0,0,14-3-30 19:32:14,0
5P7GXUB7SI,113.638,24.7896,0,0,0,0,14-3-30 19:34:15,1
5P7GXUB7SI,113.638,24.7896,0,0,0,0,14-3-30 19:36:16,0
5P7GXUB7SI,113.638,24.7896,0,0,0,0,14-3-30 19:38:17,0
5P7GXUB7SI,113.609,24.7529,0,0,0,0,14-3-30 19:40:18,1
5P7GXUB7SI,113.607,24.7335,0,0,0,0,14-3-30 19:42:19,1
5P7GXUB7SI,113.607,24.7335,0,0,0,0,14-3-30 19:44:20,0
5P7GXUB7SI,113.607,24.7335,0,0,0,0,14-3-30 19:46:22,0
5P7GXUB7SI,113.589,24.7145,0,0,0,0,14-3-30 19:48:22,1
5P7GXUB7SI,113.589,24.7145,0,0,0,0,14-3-30 19:50:23,0
5P7GXUB7SI,113.589,24.7145,0,0,0,0,14-3-30 19:52:24,0
5P7GXUB7SI,113.589,24.7145,0,0,0,0,14-3-30 19:54:25,0
5P7GXUB7SI,113.589,24.7145,0,0,0,0,14-3-30 19:56:26,0
5P7GXUB7SI,113.589,24.7145,0,0,0,0,14-3-30 19:58:27,0
5P7GXUB7SI,113.607,24.6389,0,0,0,0,14-3-30 20:0:28,1
5P7GXUB7SI,113.632,24.6462,0,0,0,0,14-3-30 20:2:29,1
5P7GXUB7SI,113.632,24.6462,0,0,0,0,14-3-30 20:4:40,0
5P7GXUB7SI,113.651,24.6182,0,0,0,0,14-3-30 20:6:41,1
5P7GXUB7SI,113.652,24.6042,0,0,0,0,14-3-30 20:8:42,1
5P7GXUB7SI,113.658,24.5926,0,0,0,0,14-3-30 20:10:43,1
5P7GXUB7SI,113.664,24.5856,0,0,0,0,14-3-30 20:12:44,1
5P7GXUB7SI,113.664,24.5856,0,0,0,0,14-3-30 20:14:45,1
5P7GXUB7SI,113.678,24.5702,0,0,0,0,14-3-30 20:16:46,1
5P7GXUB7SI,113.685,24.5651,0,0,0,0,14-3-30 20:18:47,1
5P7GXUB7SI,113.685,24.5651,0,0,0,0,14-3-30 20:20:48,0
5P7GXUB7SI,113.693,24.533,0,0,0,0,14-3-30 20:22:49,1
5P7GXUB7SI,113.698,24.5257,0,0,0,0,14-3-30 20:24:50,1
5P7GXUB7SI,113.72,24.5124,0,0,0,0,14-3-30 20:26:51,1
5P7GXUB7SI,113.736,24.5033,0,0,0,0,14-3-30 20:28:52,1
5P7GXUB7SI,113.751,24.499,0,0,0,0,14-3-30 20:30:53,1
5P7GXUB7SI,113.768,24.4901,0,0,0,0,14-3-30 20:32:54,1
5P7GXUB7SI,113.792,24.4664,0,0,0,0,14-3-30 20:34:55,1
5P7GXUB7SI,113.792,24.4664,0,0,0,0,14-3-30 20:36:56,1
5P7GXUB7SI,113.792,24.4664,0,0,0,0,14-3-30 20:44:11,0
5P7GXUB7SI,113.792,24.4664,0,0,0,0,14-3-30 20:46:12,0
5P7GXUB7SI,113.792,24.4664,0,0,0,0,14-3-30 20:48:24,0
5P7GXUB7SI,113.792,24.4664,0,0,0,0,14-3-30 20:50:25,0
5P7GXUB7SI,113.792,24.4664,0,0,0,0,14-3-30 20:52:26,0
5P7GXUB7SI,113.792,24.4664,0,0,0,0,14-3-30 20:54:27,0
5P7GXUB7SI,113.792,24.4664,0,0,0,0,14-3-30 20:56:28,0
5P7GXUB7SI,113.792,24.4664,0,0,0,0,14-3-30 20:58:29,0
5P7GXUB7SI,113.792,24.4664,0,0,0,0,14-3-30 21:0:30,0
5P7GXUB7SI,113.792,24.4664,0,0,0,0,14-3-30 21:2:31,0
5P7GXUB7SI,113.792,24.4664,0,0,0,0,14-3-30 21:4:32,0
5P7GXUB7SI,113.792,24.4664,0,0,0,0,14-3-30 21:6:33,0
5P7GXUB7SI,113.792,24.4664,0,0,0,0,14-3-30 21:8:34,0
5P7GXUB7SI,113.792,24.4664,0,0,0,0,14-3-30 21:10:40,0
5P7GXUB7SI,113.792,24.4664,0,0,0,0,14-3-30 21:12:41,0
5P7GXUB7SI,113.792,24.4664,0,0,0,0,14-3-30 21:14:42,0
5P7GXUB7SI,113.792,24.4664,0,0,0,0,14-3-30 21:16:43,0
5P7GXUB7SI,113.792,24.4664,0,0,0,0,14-3-30 21:18:44,0
5P7GXUB7SI,113.792,24.4664,0,0,0,0,14-3-30 21:20:45,0
5P7GXUB7SI,113.792,24.4664,0,0,0,0,14-3-30 21:22:46,0
5P7GXUB7SI,113.792,24.4664,0,0,0,0,14-3-30 21:24:47,0
5P7GXUB7SI,113.792,24.4664,0,0,0,0,14-3-30 21:26:48,0
5P7GXUB7SI,113.792,24.4664,0,0,0,0,14-3-30 21:34:58,0
5P7GXUB7SI,113.792,24.4664,0,0,0,0,14-3-30 21:36:59,0
5P7GXUB7SI,113.792,24.4664,0,0,0,0,14-3-30 21:39:7,0
5P7GXUB7SI,113.608,23.9581,0,0,0,0,14-3-30 21:47:48,1
5P7GXUB7SI,113.604,23.9477,0,0,0,0,14-3-30 21:49:49,1
5P7GXUB7SI,113.594,23.9368,0,0,0,0,14-3-30 21:51:50,1
5P7GXUB7SI,113.586,23.92,0,0,0,0,14-3-30 21:53:55,1
5P7GXUB7SI,113.589,23.9031,0,0,0,0,14-3-30 21:55:56,1
5P7GXUB7SI,113.587,23.8853,0,0,0,0,14-3-30 21:57:57,1
5P7GXUB7SI,113.587,23.8737,0,0,0,0,14-3-30 21:59:58,1
5P7GXUB7SI,113.564,23.8671,0,0,0,0,14-3-30 22:1:59,1
5P7GXUB7SI,113.539,23.8632,0,0,0,0,14-3-30 22:4:0,1
5P7GXUB7SI,113.527,23.8534,0,0,0,0,14-3-30 22:6:4,1
5P7GXUB7SI,113.512,23.841,0,0,0,0,14-3-30 22:8:5,1
5P7GXUB7SI,113.509,23.8366,0,0,0,0,14-3-30 22:10:6,1
5P7GXUB7SI,113.509,23.8366,0,0,0,0,14-3-30 22:12:7,0
5P7GXUB7SI,113.509,23.8366,0,0,0,0,14-3-30 22:14:8,0
5P7GXUB7SI,113.509,23.8366,0,0,0,0,14-3-30 22:16:9,0
5P7GXUB7SI,113.509,23.8366,0,0,0,0,14-3-30 22:18:10,0
5P7GXUB7SI,113.509,23.8366,0,0,0,0,14-3-30 22:20:11,0
5P7GXUB7SI,113.509,23.8366,0,0,0,0,14-3-30 22:22:12,0
5P7GXUB7SI,113.509,23.8366,0,0,0,0,14-3-30 22:24:13,0
5P7GXUB7SI,113.509,23.8366,0,0,0,0,14-3-30 22:26:14,0
5P7GXUB7SI,113.509,23.8366,0,0,0,0,14-3-30 22:28:15,0
5P7GXUB7SI,113.451,23.6898,0,0,0,0,14-3-30 22:30:16,1
5P7GXUB7SI,113.451,23.6898,0,0,0,0,14-3-30 22:37:21,0
5P7GXUB7SI,113.456,23.6246,0,0,0,0,14-3-30 22:39:22,1
5P7GXUB7SI,113.46,23.6007,0,0,0,0,14-3-30 22:41:31,1
5P7GXUB7SI,113.464,23.5885,0,0,0,0,14-3-30 22:43:32,1
5P7GXUB7SI,113.464,23.5597,0,0,0,0,14-3-30 22:45:33,1
5P7GXUB7SI,113.464,23.5597,0,0,0,0,14-3-30 22:47:34,1
5P7GXUB7SI,113.425,23.447,0,0,0,0,14-3-30 23:1:54,1
5P7GXUB7SI,113.424,23.4298,0,0,0,0,14-3-30 23:3:55,1
5P7GXUB7SI,113.416,23.39,0,0,0,0,14-3-30 23:8:4,1
5P7GXUB7SI,113.416,23.39,0,0,0,0,14-3-30 23:10:4,0
5P7GXUB7SI,113.41,23.3601,0,0,0,0,14-3-30 23:12:5,1
5P7GXUB7SI,113.41,23.3601,0,0,0,0,14-3-30 23:14:6,0
5P7GXUB7SI,113.41,23.3601,0,0,0,0,14-3-30 23:16:7,0
5P7GXUB7SI,113.41,23.3601,0,0,0,0,14-3-30 23:18:8,0
5P7GXUB7SI,113.388,23.3359,0,0,0,0,14-3-30 23:20:9,1
5P7GXUB7SI,113.375,23.3167,0,0,0,0,14-3-30 23:22:10,1
5P7GXUB7SI,113.373,23.3139,0,0,0,0,14-3-30 23:24:11,1
5P7GXUB7SI,113.348,23.2922,0,0,0,0,14-3-30 23:28:14,1
5P7GXUB7SI,113.333,23.2924,0,0,0,0,14-3-30 23:30:14,1
5P7GXUB7SI,113.327,23.2943,0,0,0,0,14-3-30 23:32:15,1
5P7GXUB7SI,113.333,23.2924,0,0,0,0,14-3-30 23:34:16,1
5P7GXUB7SI,113.338,23.2961,0,0,0,0,14-3-30 23:36:17,1
5P7GXUB7SI,113.342,23.3086,0,0,0,0,14-3-30 23:38:18,1
5P7GXUB7SI,113.342,23.3086,0,0,0,0,14-3-30 23:40:19,1
5P7GXUB7SI,113.342,23.3086,0,0,0,0,14-3-30 23:42:20,1
5P7GXUB7SI,113.341,23.302,0,0,0,0,14-3-31 2:58:22,1
5P7GXUB7SI,113.341,23.302,0,0,0,0,14-3-31 3:0:23,1
5P7GXUB7SI,113.341,23.302,0,0,0,0,14-3-31 3:2:24,1
5P7GXUB7SI,113.341,23.302,0,0,0,0,14-3-31 3:5:20,1
5P7GXUB7SI,113.341,23.302,0,0,0,0,14-3-31 3:22:53,1
5P7GXUB7SI,113.341,23.302,0,0,0,0,14-3-31 3:36:29,1
5P7GXUB7SI,113.341,23.302,0,0,0,0,14-3-31 3:38:30,1
5P7GXUB7SI,113.341,23.302,0,0,0,0,14-3-31 3:40:31,1
5P7GXUB7SI,113.342,23.3086,0,0,0,0,14-3-31 3:44:34,1
5P7GXUB7SI,113.341,23.302,0,0,0,0,14-3-31 3:59:20,1
5P7GXUB7SI,113.341,23.302,0,0,0,0,14-3-31 6:12:57,1
5P7GXUB7SI,113.341,23.302,0,0,0,0,14-3-31 6:14:58,1
5P7GXUB7SI,113.341,23.302,0,0,0,0,14-3-31 6:17:2,1
5P7GXUB7SI,113.341,23.302,0,0,0,0,14-3-31 6:19:3,1
5P7GXUB7SI,113.341,23.302,0,0,0,0,14-3-31 6:21:4,1
5P7GXUB7SI,113.346,23.3066,0,0,0,0,14-3-31 9:36:14,1
5P7GXUB7SI,113.339,23.2982,0,0,0,0,14-3-31 9:39:1,1
5P7GXUB7SI,113.339,23.2941,0,0,0,0,14-3-31 9:41:4,1
5P7GXUB7SI,113.327,23.2943,0,0,0,0,14-3-31 9:43:5,1
5P7GXUB7SI,113.333,23.2924,0,0,0,0,14-3-31 9:45:6,1
5P7GXUB7SI,113.348,23.2922,0,0,0,0,14-3-31 9:47:7,1
5P7GXUB7SI,113.362,23.2787,0,0,0,0,14-3-31 9:49:8,1
5P7GXUB7SI,113.371,23.277,0,0,0,0,14-3-31 9:51:9,1
5P7GXUB7SI,113.382,23.2758,0,0,0,0,14-3-31 9:53:10,1
5P7GXUB7SI,113.394,23.2718,0,0,0,0,14-3-31 9:55:11,1
5P7GXUB7SI,113.407,23.2654,0,0,0,0,14-3-31 9:57:12,1
5P7GXUB7SI,113.411,23.2631,0,0,0,0,14-3-31 9:59:13,1
5P7GXUB7SI,113.411,23.2631,0,0,0,0,14-3-31 10:3:15,1
5P7GXUB7SI,113.452,23.235,0,0,0,0,14-3-31 10:5:17,1
5P7GXUB7SI,113.459,23.2272,0,0,0,0,14-3-31 10:7:17,1
5P7GXUB7SI,113.479,23.2109,0,0,0,0,14-3-31 10:9:24,1
5P7GXUB7SI,113.486,23.1951,0,0,0,0,14-3-31 10:11:25,1
5P7GXUB7SI,113.488,23.174,0,0,0,0,14-3-31 10:13:26,1
5P7GXUB7SI,113.49,23.1632,0,0,0,0,14-3-31 10:15:27,1
5P7GXUB7SI,113.49,23.1632,0,0,0,0,14-3-31 10:17:28,0
5P7GXUB7SI,113.489,23.1503,0,0,0,0,14-3-31 10:19:29,1
5P7GXUB7SI,113.5,23.147,0,0,0,0,14-3-31 10:21:30,1
5P7GXUB7SI,113.5,23.147,0,0,0,0,14-3-31 10:23:31,1
5P7GXUB7SI,113.518,23.1624,0,0,0,0,14-3-31 10:30:37,1
5P7GXUB7SI,113.511,23.1688,0,0,0,0,14-3-31 10:32:38,1
5P7GXUB7SI,113.511,23.1688,0,0,0,0,14-3-31 10:34:45,1
5P7GXUB7SI,113.511,23.1688,0,0,0,0,14-3-31 10:42:0,0
5P7GXUB7SI,113.511,23.1688,0,0,0,0,14-3-31 10:44:1,0
5P7GXUB7SI,113.511,23.1688,0,0,0,0,14-3-31 10:46:5,0
5P7GXUB7SI,113.511,23.1688,0,0,0,0,14-3-31 11:10:44,0
5P7GXUB7SI,113.511,23.1688,0,0,0,0,14-3-31 11:12:51,0
5P7GXUB7SI,113.511,23.1688,0,0,0,0,14-3-31 11:16:54,0
5P7GXUB7SI,113.511,23.1688,0,0,0,0,14-3-31 11:18:55,0
5P7GXUB7SI,113.511,23.1688,0,0,0,0,14-3-31 11:20:56,0
5P7GXUB7SI,113.511,23.1688,0,0,0,0,14-3-31 11:22:57,0
5P7GXUB7SI,113.511,23.1688,0,0,0,0,14-3-31 11:24:58,0
5P7GXUB7SI,113.511,23.1688,0,0,0,0,14-3-31 11:26:59,0
5P7GXUB7SI,113.511,23.1688,0,0,0,0,14-3-31 11:29:0,0
5P7GXUB7SI,113.511,23.1688,0,0,0,0,14-3-31 11:31:1,0
5P7GXUB7SI,113.511,23.1688,0,0,0,0,14-3-31 11:33:2,0
5P7GXUB7SI,113.511,23.1688,0,0,0,0,14-3-31 11:35:3,0
5P7GXUB7SI,113.511,23.1688,0,0,0,0,14-3-31 11:37:4,0
5P7GXUB7SI,113.511,23.1688,0,0,0,0,14-3-31 11:39:5,0
5P7GXUB7SI,113.511,23.1688,0,0,0,0,14-3-31 11:41:6,0
5P7GXUB7SI,113.511,23.1688,0,0,0,0,14-3-31 11:43:7,0
5P7GXUB7SI,113.511,23.1688,0,0,0,0,14-3-31 11:45:8,0
5P7GXUB7SI,113.511,23.1688,0,0,0,0,14-3-31 11:47:9,0
5P7GXUB7SI,113.511,23.1688,0,0,0,0,14-3-31 11:49:10,0
5P7GXUB7SI,113.511,23.1688,0,0,0,0,14-3-31 11:51:12,0
5P7GXUB7SI,113.511,23.1688,0,0,0,0,14-3-31 11:53:12,0
5P7GXUB7SI,113.511,23.1688,0,0,0,0,14-3-31 11:55:13,0
5P7GXUB7SI,113.511,23.1688,0,0,0,0,14-3-31 11:57:14,0
5P7GXUB7SI,113.511,23.1688,0,0,0,0,14-3-31 11:59:15,0
5P7GXUB7SI,113.511,23.1688,0,0,0,0,14-3-31 12:1:16,0
5P7GXUB7SI,113.511,23.1688,0,0,0,0,14-3-31 12:3:17,0
5P7GXUB7SI,113.511,23.1688,0,0,0,0,14-3-31 12:7:20,0
5P7GXUB7SI,113.511,23.1688,0,0,0,0,14-3-31 12:9:33,0
5P7GXUB7SI,113.511,23.1688,0,0,0,0,14-3-31 12:11:34,0
5P7GXUB7SI,113.511,23.1688,0,0,0,0,14-3-31 12:13:35,0
5P7GXUB7SI,113.511,23.1688,0,0,0,0,14-3-31 12:15:36,0
5P7GXUB7SI,113.511,23.1688,0,0,0,0,14-3-31 12:17:37,0
5P7GXUB7SI,113.511,23.1688,0,0,0,0,14-3-31 12:19:39,0
5P7GXUB7SI,113.511,23.1688,0,0,0,0,14-3-31 12:23:41,0
5P7GXUB7SI,113.511,23.1688,0,0,0,0,14-3-31 12:25:41,0
5P7GXUB7SI,113.511,23.1688,0,0,0,0,14-3-31 12:27:42,0
5P7GXUB7SI,113.511,23.1688,0,0,0,0,14-3-31 12:29:43,0
5P7GXUB7SI,113.511,23.1688,0,0,0,0,14-3-31 12:31:44,0
5P7GXUB7SI,113.511,23.1688,0,0,0,0,14-3-31 12:33:45,0
5P7GXUB7SI,113.511,23.1688,0,0,0,0,14-3-31 12:35:46,0
5P7GXUB7SI,113.511,23.1688,0,0,0,0,14-3-31 12:37:47,0
5P7GXUB7SI,113.511,23.1688,0,0,0,0,14-3-31 12:39:48,0
5P7GXUB7SI,113.511,23.1688,0,0,0,0,14-3-31 12:41:49,0
5P7GXUB7SI,113.511,23.1688,0,0,0,0,14-3-31 12:43:50,0
5P7GXUB7SI,113.511,23.1688,0,0,0,0,14-3-31 12:47:53,0
5P7GXUB7SI,113.511,23.1688,0,0,0,0,14-3-31 12:51:55,0
5P7GXUB7SI,113.511,23.1688,0,0,0,0,14-3-31 12:53:55,0
5P7GXUB7SI,113.511,23.1688,0,0,0,0,14-3-31 12:57:58,0
5P7GXUB7SI,113.511,23.1688,0,0,0,0,14-3-31 12:59:58,0
5P7GXUB7SI,113.511,23.1688,0,0,0,0,14-3-31 13:1:59,0
5P7GXUB7SI,113.511,23.1688,0,0,0,0,14-3-31 13:4:0,0
5P7GXUB7SI,113.511,23.1688,0,0,0,0,14-3-31 13:8:18,0
5P7GXUB7SI,113.511,23.1688,0,0,0,0,14-3-31 13:10:18,0
5P7GXUB7SI,113.511,23.1688,0,0,0,0,14-3-31 13:12:19,0
5P7GXUB7SI,113.511,23.1688,0,0,0,0,14-3-31 13:14:20,0
5P7GXUB7SI,113.511,23.1688,0,0,0,0,14-3-31 13:16:21,0
5P7GXUB7SI,113.511,23.1688,0,0,0,0,14-3-31 13:18:22,0
5P7GXUB7SI,113.511,23.1688,0,0,0,0,14-3-31 13:20:23,0
5P7GXUB7SI,113.511,23.1688,0,0,0,0,14-3-31 13:22:24,0
5P7GXUB7SI,113.511,23.1688,0,0,0,0,14-3-31 13:24:25,0
5P7GXUB7SI,113.511,23.1688,0,0,0,0,14-3-31 13:26:26,0
5P7GXUB7SI,113.511,23.1688,0,0,0,0,14-3-31 13:28:27,0
5P7GXUB7SI,113.511,23.1688,0,0,0,0,14-3-31 13:30:28,0
5P7GXUB7SI,113.511,23.1688,0,0,0,0,14-3-31 13:34:31,0
5P7GXUB7SI,113.511,23.1688,0,0,0,0,14-3-31 13:36:31,0
5P7GXUB7SI,113.511,23.1688,0,0,0,0,14-3-31 13:38:32,0
5P7GXUB7SI,113.511,23.1688,0,0,0,0,14-3-31 13:40:33,0
5P7GXUB7SI,113.511,23.1688,0,0,0,0,14-3-31 13:42:34,0
5P7GXUB7SI,113.511,23.1688,0,0,0,0,14-3-31 13:44:35,0
5P7GXUB7SI,113.511,23.1688,0,0,0,0,14-3-31 13:48:38,0
5P7GXUB7SI,113.511,23.1688,0,0,0,0,14-3-31 13:50:38,0
5P7GXUB7SI,113.511,23.1688,0,0,0,0,14-3-31 13:52:40,0
5P7GXUB7SI,113.511,23.1688,0,0,0,0,14-3-31 13:54:40,0
5P7GXUB7SI,113.511,23.1688,0,0,0,0,14-3-31 13:56:41,0
5P7GXUB7SI,113.511,23.1688,0,0,0,0,14-3-31 13:58:42,0
5P7GXUB7SI,113.511,23.1688,0,0,0,0,14-3-31 14:0:43,0
5P7GXUB7SI,113.511,23.1688,0,0,0,0,14-3-31 14:2:44,0
5P7GXUB7SI,113.511,23.1688,0,0,0,0,14-3-31 14:4:45,0
5P7GXUB7SI,113.511,23.1688,0,0,0,0,14-3-31 14:6:46,0
5P7GXUB7SI,113.511,23.1688,0,0,0,0,14-3-31 14:9:2,0
5P7GXUB7SI,113.511,23.1688,0,0,0,0,14-3-31 14:11:4,0
5P7GXUB7SI,113.511,23.1688,0,0,0,0,14-3-31 14:13:4,0
5P7GXUB7SI,113.511,23.1688,0,0,0,0,14-3-31 14:15:5,0
5P7GXUB7SI,113.511,23.1688,0,0,0,0,14-3-31 14:17:6,0
5P7GXUB7SI,113.511,23.1688,0,0,0,0,14-3-31 14:19:7,0
5P7GXUB7SI,113.511,23.1688,0,0,0,0,14-3-31 14:21:8,0
5P7GXUB7SI,113.511,23.1688,0,0,0,0,14-3-31 14:23:9,0
5P7GXUB7SI,113.511,23.1688,0,0,0,0,14-3-31 14:25:10,0
5P7GXUB7SI,113.511,23.1688,0,0,0,0,14-3-31 14:29:13,0
5P7GXUB7SI,113.511,23.1688,0,0,0,0,14-3-31 14:31:13,0
5P7GXUB7SI,113.511,23.1688,0,0,0,0,14-3-31 14:33:14,0
5P7GXUB7SI,113.511,23.1688,0,0,0,0,14-3-31 14:35:15,0
5P7GXUB7SI,113.511,23.1688,0,0,0,0,14-3-31 14:37:16,0
5P7GXUB7SI,113.511,23.1688,0,0,0,0,14-3-31 14:39:17,0
5P7GXUB7SI,113.511,23.1688,0,0,0,0,14-3-31 14:41:18,0
5P7GXUB7SI,113.511,23.1688,0,0,0,0,14-3-31 14:43:19,0
5P7GXUB7SI,113.511,23.1688,0,0,0,0,14-3-31 14:45:20,0
5P7GXUB7SI,113.511,23.1688,0,0,0,0,14-3-31 14:47:21,0
5P7GXUB7SI,113.511,23.1688,0,0,0,0,14-3-31 14:49:22,0
5P7GXUB7SI,113.511,23.1688,0,0,0,0,14-3-31 14:51:23,0
5P7GXUB7SI,113.511,23.1688,0,0,0,0,14-3-31 14:53:24,0
5P7GXUB7SI,113.511,23.1688,0,0,0,0,14-3-31 14:55:25,0
5P7GXUB7SI,113.511,23.1688,0,0,0,0,14-3-31 14:57:26,0
5P7GXUB7SI,113.511,23.1688,0,0,0,0,14-3-31 14:59:27,0
5P7GXUB7SI,113.511,23.1688,0,0,0,0,14-3-31 15:1:29,0
5P7GXUB7SI,113.511,23.1688,0,0,0,0,14-3-31 15:3:29,0
5P7GXUB7SI,113.511,23.1688,0,0,0,0,14-3-31 15:5:30,0
5P7GXUB7SI,113.511,23.1688,0,0,0,0,14-3-31 15:7:31,0
5P7GXUB7SI,113.511,23.1688,0,0,0,0,14-3-31 15:9:37,0
5P7GXUB7SI,113.511,23.1688,0,0,0,0,14-3-31 15:11:38,0
5P7GXUB7SI,113.511,23.1688,0,0,0,0,14-3-31 15:13:39,0
5P7GXUB7SI,113.511,23.1688,0,0,0,0,14-3-31 15:15:40,0
5P7GXUB7SI,113.511,23.1688,0,0,0,0,14-3-31 15:19:43,0
5P7GXUB7SI,113.511,23.1688,0,0,0,0,14-3-31 15:21:43,0
5P7GXUB7SI,113.511,23.1688,0,0,0,0,14-3-31 15:23:44,0
5P7GXUB7SI,113.511,23.1688,0,0,0,0,14-3-31 15:25:46,0
5P7GXUB7SI,113.511,23.1688,0,0,0,0,14-3-31 15:27:46,0
5P7GXUB7SI,113.511,23.1688,0,0,0,0,14-3-31 15:29:47,0
5P7GXUB7SI,113.511,23.1688,0,0,0,0,14-3-31 15:31:48,0
5P7GXUB7SI,113.511,23.1688,0,0,0,0,14-3-31 15:33:49,0
5P7GXUB7SI,113.511,23.1688,0,0,0,0,14-3-31 15:35:50,0
5P7GXUB7SI,113.511,23.1688,0,0,0,0,14-3-31 15:37:51,0
5P7GXUB7SI,113.511,23.1688,0,0,0,0,14-3-31 15:39:52,0
5P7GXUB7SI,113.511,23.1688,0,0,0,0,14-3-31 15:41:53,0
5P7GXUB7SI,113.511,23.1688,0,0,0,0,14-3-31 15:43:54,0
5P7GXUB7SI,113.511,23.1688,0,0,0,0,14-3-31 15:45:55,0
5P7GXUB7SI,113.511,23.1688,0,0,0,0,14-3-31 15:47:57,0
5P7GXUB7SI,113.511,23.1688,0,0,0,0,14-3-31 15:49:58,0
5P7GXUB7SI,113.51,23.1701,0,0,0,0,14-3-31 15:51:58,1
5P7GXUB7SI,113.511,23.1688,0,0,0,0,14-3-31 15:53:59,1
5P7GXUB7SI,113.519,23.1658,0,0,0,0,14-3-31 15:56:0,1
5P7GXUB7SI,113.519,23.1658,0,0,0,0,14-3-31 15:58:1,1
5P7GXUB7SI,113.52,23.157,0,0,0,0,14-3-31 16:0:2,1
5P7GXUB7SI,113.521,23.1525,0,0,0,0,14-3-31 16:2:4,1
5P7GXUB7SI,113.524,23.1427,0,0,0,0,14-3-31 16:4:4,1
5P7GXUB7SI,113.524,23.1427,0,0,0,0,14-3-31 16:6:5,0
5P7GXUB7SI,113.524,23.1427,0,0,0,0,14-3-31 16:8:7,0
5P7GXUB7SI,113.517,23.1474,0,0,0,0,14-3-31 16:10:3,1
5P7GXUB7SI,113.5,23.147,0,0,0,0,14-3-31 16:12:4,1
5P7GXUB7SI,113.5,23.147,0,0,0,0,14-3-31 16:14:5,0
5P7GXUB7SI,113.49,23.1632,0,0,0,0,14-3-31 16:16:6,1
5P7GXUB7SI,113.486,23.1818,0,0,0,0,14-3-31 16:18:7,1
5P7GXUB7SI,113.486,23.1885,0,0,0,0,14-3-31 16:20:8,1
5P7GXUB7SI,113.478,23.2161,0,0,0,0,14-3-31 16:22:9,1
5P7GXUB7SI,113.459,23.2272,0,0,0,0,14-3-31 16:24:10,1
5P7GXUB7SI,113.452,23.235,0,0,0,0,14-3-31 16:26:11,1
5P7GXUB7SI,113.437,23.2472,0,0,0,0,14-3-31 16:28:12,1
5P7GXUB7SI,113.426,23.2532,0,0,0,0,14-3-31 16:30:13,1
5P7GXUB7SI,113.411,23.2631,0,0,0,0,14-3-31 16:32:14,1
5P7GXUB7SI,113.382,23.2758,0,0,0,0,14-3-31 16:34:15,1
5P7GXUB7SI,113.365,23.2756,0,0,0,0,14-3-31 16:36:16,1
5P7GXUB7SI,113.349,23.2893,0,0,0,0,14-3-31 16:38:17,1
5P7GXUB7SI,113.338,23.2961,0,0,0,0,14-3-31 16:40:18,1
5P7GXUB7SI,113.327,23.2943,0,0,0,0,14-3-31 16:42:19,1
5P7GXUB7SI,113.327,23.2943,0,0,0,0,14-3-31 16:44:20,1
5P7GXUB7SI,113.333,23.2924,0,0,0,0,14-3-31 16:46:21,1
5P7GXUB7SI,113.333,23.2924,0,0,0,0,14-3-31 16:48:22,1
5P7GXUB7SI,113.333,23.2924,0,0,0,0,14-3-31 16:50:23,1
5P7GXUB7SI,113.339,23.2982,0,0,0,0,14-3-31 16:52:24,1
5P7GXUB7SI,113.346,23.3066,0,0,0,0,14-3-31 16:54:25,1
5P7GXUB7SI,113.345,23.3061,0,0,0,0,14-3-31 16:56:26,1
5P7GXUB7SI,113.345,23.3061,0,0,0,0,14-3-31 16:58:27,1
5P7GXUB7SI,113.345,23.3061,0,0,0,0,14-3-31 16:58:48,1
5P7GXUB7SI,113.345,23.3061,0,0,0,0,14-3-31 16:58:57,1
5P7GXUB7SI,113.345,23.3061,0,0,0,0,14-3-31 16:59:7,1
5P7GXUB7SI,113.345,23.3061,0,0,0,0,14-3-31 16:59:16,1
