9P3GXUB7SI,116.334,39.6929,0,0,0,0,14-3-29 17:33:26,0
9P3GXUB7SI,116.334,39.6929,0,0,0,0,14-3-29 17:35:27,0
9P3GXUB7SI,116.334,39.6929,0,0,0,0,14-3-29 17:37:28,0
9P3GXUB7SI,116.334,39.6929,0,0,0,0,14-3-29 17:39:29,0
9P3GXUB7SI,116.334,39.6929,0,0,0,0,14-3-29 17:41:30,0
9P3GXUB7SI,116.334,39.6929,0,0,0,0,14-3-29 17:43:31,0
9P3GXUB7SI,113.585,22.565,0,0,0,0,14-3-29 17:45:32,1
9P3GXUB7SI,113.585,22.565,0,0,0,0,14-3-29 17:47:33,1
9P3GXUB7SI,113.585,22.565,0,0,0,0,14-3-29 17:49:34,1
9P3GXUB7SI,113.585,22.565,0,0,0,0,14-3-29 17:51:35,1
9P3GXUB7SI,113.585,22.565,0,0,0,0,14-3-29 17:53:37,1
9P3GXUB7SI,113.585,22.565,0,0,0,0,14-3-29 17:55:37,1
9P3GXUB7SI,113.585,22.565,0,0,0,0,14-3-29 17:57:38,1
9P3GXUB7SI,113.585,22.565,0,0,0,0,14-3-29 17:59:39,1
9P3GXUB7SI,113.585,22.565,0,0,0,0,14-3-29 18:1:40,1
9P3GXUB7SI,113.585,22.565,0,0,0,0,14-3-29 18:3:41,1
9P3GXUB7SI,113.585,22.565,0,0,0,0,14-3-29 18:5:42,1
9P3GXUB7SI,113.585,22.565,0,0,0,0,14-3-29 18:7:43,1
9P3GXUB7SI,113.585,22.565,0,0,0,0,14-3-29 18:9:44,1
9P3GXUB7SI,113.585,22.565,0,0,0,0,14-3-29 18:11:45,1
9P3GXUB7SI,113.585,22.565,0,0,0,0,14-3-29 18:13:46,1
9P3GXUB7SI,113.585,22.565,0,0,0,0,14-3-29 18:15:47,1
9P3GXUB7SI,113.585,22.565,0,0,0,0,14-3-29 18:17:48,1
9P3GXUB7SI,113.585,22.565,0,0,0,0,14-3-29 18:19:49,1
9P3GXUB7SI,113.585,22.565,0,0,0,0,14-3-29 18:21:50,1
9P3GXUB7SI,113.585,22.565,0,0,0,0,14-3-29 18:23:51,1
9P3GXUB7SI,113.585,22.565,0,0,0,0,14-3-29 18:25:52,1
9P3GXUB7SI,113.585,22.565,0,0,0,0,14-3-29 18:27:53,1
9P3GXUB7SI,113.585,22.565,0,0,0,0,14-3-29 18:29:54,1
9P3GXUB7SI,113.585,22.565,0,0,0,0,14-3-29 18:32:2,1
9P3GXUB7SI,113.585,22.565,0,0,0,0,14-3-29 18:34:3,1
9P3GXUB7SI,113.585,22.565,0,0,0,0,14-3-29 18:36:4,1
9P3GXUB7SI,113.585,22.565,0,0,0,0,14-3-29 18:38:5,1
9P3GXUB7SI,113.585,22.565,0,0,0,0,14-3-29 18:40:6,1
9P3GXUB7SI,113.585,22.565,0,0,0,0,14-3-29 18:42:7,1
9P3GXUB7SI,113.585,22.565,0,0,0,0,14-3-29 18:44:8,1
9P3GXUB7SI,113.585,22.565,0,0,0,0,14-3-29 18:46:9,1
9P3GXUB7SI,113.585,22.565,0,0,0,0,14-3-29 18:48:10,0
9P3GXUB7SI,113.585,22.565,0,0,0,0,14-3-29 18:50:11,0
9P3GXUB7SI,113.572,22.5663,0,0,0,0,14-3-29 18:52:12,1
9P3GXUB7SI,113.572,22.5663,0,0,0,0,14-3-29 18:54:13,0
9P3GXUB7SI,113.572,22.5663,0,0,0,0,14-3-29 18:56:14,0
9P3GXUB7SI,113.572,22.5663,0,0,0,0,14-3-29 18:58:15,0
9P3GXUB7SI,113.572,22.5663,0,0,0,0,14-3-29 19:0:16,0
9P3GXUB7SI,113.572,22.5663,0,0,0,0,14-3-29 19:4:19,0
9P3GXUB7SI,113.572,22.5663,0,0,0,0,14-3-29 19:6:19,0
9P3GXUB7SI,113.572,22.5663,0,0,0,0,14-3-29 19:8:20,0
9P3GXUB7SI,113.572,22.5663,0,0,0,0,14-3-29 19:10:21,0
9P3GXUB7SI,113.572,22.5663,0,0,0,0,14-3-29 19:12:22,0
9P3GXUB7SI,113.572,22.5663,0,0,0,0,14-3-29 19:14:23,0
9P3GXUB7SI,113.572,22.5663,0,0,0,0,14-3-29 19:16:24,0
9P3GXUB7SI,113.456,22.5608,0,0,0,0,14-3-29 19:18:25,1
9P3GXUB7SI,113.467,22.5598,0,0,0,0,14-3-29 19:20:26,1
9P3GXUB7SI,113.465,22.554,0,0,0,0,14-3-29 19:22:27,1
9P3GXUB7SI,113.468,22.5475,0,0,0,0,14-3-29 19:24:28,1
9P3GXUB7SI,113.469,22.5423,0,0,0,0,14-3-29 19:26:29,1
9P3GXUB7SI,113.469,22.5423,0,0,0,0,14-3-29 19:28:30,1
9P3GXUB7SI,113.469,22.5423,0,0,0,0,14-3-29 19:30:31,1
9P3GXUB7SI,113.469,22.5423,0,0,0,0,14-3-29 19:32:38,1
9P3GXUB7SI,113.469,22.5423,0,0,0,0,14-3-29 19:34:39,1
9P3GXUB7SI,113.469,22.5423,0,0,0,0,14-3-29 19:36:40,1
9P3GXUB7SI,113.469,22.5423,0,0,0,0,14-3-29 19:38:41,1
9P3GXUB7SI,113.469,22.5423,0,0,0,0,14-3-29 19:40:42,1
9P3GXUB7SI,113.469,22.5423,0,0,0,0,14-3-29 19:42:43,1
9P3GXUB7SI,113.469,22.5423,0,0,0,0,14-3-29 19:44:44,1
9P3GXUB7SI,113.466,22.5479,0,0,0,0,14-3-29 19:46:45,1
9P3GXUB7SI,113.469,22.5423,0,0,0,0,14-3-29 19:48:46,1
9P3GXUB7SI,113.469,22.5423,0,0,0,0,14-3-29 19:50:47,1
9P3GXUB7SI,113.469,22.5423,0,0,0,0,14-3-29 19:52:48,1
9P3GXUB7SI,113.469,22.5423,0,0,0,0,14-3-29 19:54:49,1
9P3GXUB7SI,113.469,22.5423,0,0,0,0,14-3-29 19:56:50,1
9P3GXUB7SI,113.469,22.5423,0,0,0,0,14-3-29 19:58:51,1
9P3GXUB7SI,113.469,22.5423,0,0,0,0,14-3-29 20:0:52,1
9P3GXUB7SI,113.469,22.5423,0,0,0,0,14-3-29 20:2:53,1
9P3GXUB7SI,113.469,22.5423,0,0,0,0,14-3-29 20:4:54,1
9P3GXUB7SI,113.469,22.5423,0,0,0,0,14-3-29 20:6:55,1
9P3GXUB7SI,113.469,22.5423,0,0,0,0,14-3-29 20:8:56,1
9P3GXUB7SI,113.469,22.5423,0,0,0,0,14-3-29 20:10:57,1
9P3GXUB7SI,113.469,22.5423,0,0,0,0,14-3-29 20:12:58,1
9P3GXUB7SI,113.469,22.5423,0,0,0,0,14-3-29 20:14:59,1
9P3GXUB7SI,113.469,22.5423,0,0,0,0,14-3-29 20:17:0,1
9P3GXUB7SI,113.469,22.5423,0,0,0,0,14-3-29 20:19:1,1
9P3GXUB7SI,113.469,22.5423,0,0,0,0,14-3-29 20:21:2,1
9P3GXUB7SI,113.469,22.5423,0,0,0,0,14-3-29 20:23:3,1
9P3GXUB7SI,113.469,22.5423,0,0,0,0,14-3-29 20:25:4,1
9P3GXUB7SI,113.468,22.5369,0,0,0,0,14-3-29 20:27:5,1
9P3GXUB7SI,113.468,22.5369,0,0,0,0,14-3-29 20:29:6,1
9P3GXUB7SI,113.468,22.5369,0,0,0,0,14-3-29 20:31:13,1
9P3GXUB7SI,113.468,22.5369,0,0,0,0,14-3-29 20:33:14,1
9P3GXUB7SI,113.468,22.5369,0,0,0,0,14-3-29 20:35:15,1
9P3GXUB7SI,113.468,22.5369,0,0,0,0,14-3-29 20:37:16,0
9P3GXUB7SI,113.468,22.5369,0,0,0,0,14-3-29 20:39:17,0
9P3GXUB7SI,113.468,22.5369,0,0,0,0,14-3-29 20:41:18,0
9P3GXUB7SI,113.468,22.5369,0,0,0,0,14-3-29 20:43:19,0
9P3GXUB7SI,113.453,22.524,0,0,0,0,14-3-29 20:45:20,1
9P3GXUB7SI,113.441,22.5338,0,0,0,0,14-3-29 20:47:21,1
9P3GXUB7SI,113.441,22.5338,0,0,0,0,14-3-29 20:49:22,0
9P3GXUB7SI,113.42,22.5809,0,0,0,0,14-3-29 20:51:23,1
9P3GXUB7SI,113.431,22.611,0,0,0,0,14-3-29 20:53:24,1
9P3GXUB7SI,113.431,22.611,0,0,0,0,14-3-29 20:55:26,1
9P3GXUB7SI,113.443,22.6318,0,0,0,0,14-3-29 20:57:26,1
9P3GXUB7SI,113.445,22.6508,0,0,0,0,14-3-29 20:59:27,1
9P3GXUB7SI,113.445,22.6508,0,0,0,0,14-3-29 21:1:28,1
9P3GXUB7SI,113.448,22.6747,0,0,0,0,14-3-29 21:3:29,1
9P3GXUB7SI,113.455,22.6911,0,0,0,0,14-3-29 21:5:30,1
9P3GXUB7SI,113.482,22.6683,0,0,0,0,14-3-29 21:7:31,1
9P3GXUB7SI,113.471,22.7331,0,0,0,0,14-3-29 21:9:32,1
9P3GXUB7SI,113.49,22.7654,0,0,0,0,14-3-29 21:11:33,1
9P3GXUB7SI,113.49,22.7654,0,0,0,0,14-3-29 21:13:34,1
9P3GXUB7SI,113.509,22.7907,0,0,0,0,14-3-29 21:15:35,1
9P3GXUB7SI,113.49,22.8012,0,0,0,0,14-3-29 21:17:36,1
9P3GXUB7SI,113.485,22.8216,0,0,0,0,14-3-29 21:19:37,1
9P3GXUB7SI,113.484,22.8466,0,0,0,0,14-3-29 21:21:38,1
9P3GXUB7SI,113.484,22.8466,0,0,0,0,14-3-29 21:23:39,0
9P3GXUB7SI,113.476,22.8811,0,0,0,0,14-3-29 21:25:40,1
9P3GXUB7SI,113.476,22.8811,0,0,0,0,14-3-29 21:27:41,0
9P3GXUB7SI,113.476,22.8811,0,0,0,0,14-3-29 21:29:42,0
9P3GXUB7SI,113.472,22.9373,0,0,0,0,14-3-29 21:31:48,1
9P3GXUB7SI,113.462,22.9526,0,0,0,0,14-3-29 21:33:49,1
9P3GXUB7SI,113.456,22.9793,0,0,0,0,14-3-29 21:35:50,1
9P3GXUB7SI,113.45,22.9917,0,0,0,0,14-3-29 21:37:51,1
9P3GXUB7SI,113.445,23.0044,0,0,0,0,14-3-29 21:39:52,1
9P3GXUB7SI,113.439,23.0127,0,0,0,0,14-3-29 21:41:53,1
9P3GXUB7SI,113.455,23.0228,0,0,0,0,14-3-29 21:43:54,1
9P3GXUB7SI,113.466,23.0492,0,0,0,0,14-3-29 21:45:55,1
9P3GXUB7SI,113.467,23.0554,0,0,0,0,14-3-29 21:47:56,1
9P3GXUB7SI,113.478,23.075,0,0,0,0,14-3-29 21:51:59,1
9P3GXUB7SI,113.478,23.075,0,0,0,0,14-3-29 21:53:59,0
9P3GXUB7SI,113.478,23.075,0,0,0,0,14-3-29 21:56:0,0
9P3GXUB7SI,113.497,23.1331,0,0,0,0,14-3-29 21:58:1,1
9P3GXUB7SI,113.489,23.1503,0,0,0,0,14-3-29 22:0:2,1
9P3GXUB7SI,113.489,23.1714,0,0,0,0,14-3-29 22:2:3,1
9P3GXUB7SI,113.486,23.1885,0,0,0,0,14-3-29 22:4:4,1
9P3GXUB7SI,113.479,23.2109,0,0,0,0,14-3-29 22:6:5,1
9P3GXUB7SI,113.467,23.223,0,0,0,0,14-3-29 22:8:6,1
9P3GXUB7SI,113.459,23.2272,0,0,0,0,14-3-29 22:10:7,1
9P3GXUB7SI,113.442,23.2434,0,0,0,0,14-3-29 22:12:8,1
9P3GXUB7SI,113.447,23.2551,0,0,0,0,14-3-29 22:14:9,1
9P3GXUB7SI,113.429,23.2596,0,0,0,0,14-3-29 22:16:10,1
9P3GXUB7SI,113.411,23.2631,0,0,0,0,14-3-29 22:18:11,1
9P3GXUB7SI,113.382,23.2758,0,0,0,0,14-3-29 22:20:12,1
9P3GXUB7SI,113.365,23.2756,0,0,0,0,14-3-29 22:22:13,1
9P3GXUB7SI,113.365,23.2756,0,0,0,0,14-3-29 22:24:14,0
9P3GXUB7SI,113.375,23.3167,0,0,0,0,14-3-29 22:26:15,1
9P3GXUB7SI,113.388,23.3359,0,0,0,0,14-3-29 22:28:16,1
9P3GXUB7SI,113.388,23.3359,0,0,0,0,14-3-29 22:30:17,0
9P3GXUB7SI,113.388,23.3359,0,0,0,0,14-3-29 22:32:24,0
9P3GXUB7SI,113.388,23.3359,0,0,0,0,14-3-29 22:34:25,0
9P3GXUB7SI,113.388,23.3359,0,0,0,0,14-3-29 22:36:26,0
9P3GXUB7SI,113.41,23.3601,0,0,0,0,14-3-29 22:38:27,1
9P3GXUB7SI,113.41,23.3601,0,0,0,0,14-3-29 22:40:28,0
9P3GXUB7SI,113.41,23.3601,0,0,0,0,14-3-29 22:42:29,0
9P3GXUB7SI,113.42,23.4279,0,0,0,0,14-3-29 22:44:30,1
9P3GXUB7SI,113.425,23.447,0,0,0,0,14-3-29 22:46:31,1
9P3GXUB7SI,113.425,23.447,0,0,0,0,14-3-29 22:48:32,0
9P3GXUB7SI,113.414,23.4617,0,0,0,0,14-3-29 22:50:33,1
9P3GXUB7SI,113.447,23.489,0,0,0,0,14-3-29 22:52:34,1
9P3GXUB7SI,113.464,23.5597,0,0,0,0,14-3-29 23:0:18,1
9P3GXUB7SI,113.464,23.5597,0,0,0,0,14-3-29 23:2:19,1
9P3GXUB7SI,113.462,23.5955,0,0,0,0,14-3-29 23:4:22,1
9P3GXUB7SI,113.457,23.6147,0,0,0,0,14-3-29 23:6:23,1
9P3GXUB7SI,113.457,23.6147,0,0,0,0,14-3-29 23:8:25,0
9P3GXUB7SI,113.453,23.6583,0,0,0,0,14-3-29 23:10:25,1
9P3GXUB7SI,113.451,23.6898,0,0,0,0,14-3-29 23:12:26,1
9P3GXUB7SI,113.451,23.6898,0,0,0,0,14-3-29 23:14:27,1
9P3GXUB7SI,113.451,23.6898,0,0,0,0,14-3-29 23:16:28,1
9P3GXUB7SI,113.451,23.6898,0,0,0,0,14-3-29 23:18:29,0
9P3GXUB7SI,113.451,23.6898,0,0,0,0,14-3-29 23:20:30,0
9P3GXUB7SI,113.451,23.6898,0,0,0,0,14-3-29 23:22:31,0
9P3GXUB7SI,113.451,23.6898,0,0,0,0,14-3-29 23:26:34,0
9P3GXUB7SI,113.451,23.6898,0,0,0,0,14-3-29 23:28:34,0
9P3GXUB7SI,113.451,23.6898,0,0,0,0,14-3-29 23:30:35,0
9P3GXUB7SI,113.451,23.6898,0,0,0,0,14-3-29 23:32:36,0
9P3GXUB7SI,113.509,23.8366,0,0,0,0,14-3-29 23:34:37,1
9P3GXUB7SI,113.512,23.841,0,0,0,0,14-3-29 23:36:42,1
9P3GXUB7SI,113.527,23.8534,0,0,0,0,14-3-29 23:38:43,1
9P3GXUB7SI,113.539,23.8632,0,0,0,0,14-3-29 23:40:44,1
9P3GXUB7SI,113.564,23.8671,0,0,0,0,14-3-29 23:42:45,1
9P3GXUB7SI,113.587,23.8853,0,0,0,0,14-3-29 23:44:46,1
9P3GXUB7SI,113.587,23.8853,0,0,0,0,14-3-29 23:46:48,1
9P3GXUB7SI,113.587,23.9133,0,0,0,0,14-3-29 23:48:48,1
9P3GXUB7SI,113.586,23.92,0,0,0,0,14-3-29 23:50:49,1
9P3GXUB7SI,113.594,23.9368,0,0,0,0,14-3-29 23:52:50,1
9P3GXUB7SI,113.604,23.9477,0,0,0,0,14-3-29 23:54:51,1
9P3GXUB7SI,113.601,23.9671,0,0,0,0,14-3-29 23:56:52,1
9P3GXUB7SI,113.605,23.9672,0,0,0,0,14-3-29 23:58:53,1
9P3GXUB7SI,113.598,23.9978,0,0,0,0,14-3-30 0:0:54,1
9P3GXUB7SI,113.598,23.9978,0,0,0,0,14-3-30 0:2:55,0
9P3GXUB7SI,113.598,23.9978,0,0,0,0,14-3-30 0:4:56,0
9P3GXUB7SI,113.598,23.9978,0,0,0,0,14-3-30 0:6:57,0
9P3GXUB7SI,113.598,23.9978,0,0,0,0,14-3-30 0:8:58,0
9P3GXUB7SI,113.598,23.9978,0,0,0,0,14-3-30 0:10:59,0
9P3GXUB7SI,113.598,23.9978,0,0,0,0,14-3-30 0:13:0,0
9P3GXUB7SI,113.598,23.9978,0,0,0,0,14-3-30 0:15:1,0
9P3GXUB7SI,113.598,23.9978,0,0,0,0,14-3-30 0:17:2,0
9P3GXUB7SI,113.598,23.9978,0,0,0,0,14-3-30 0:19:3,0
9P3GXUB7SI,113.598,23.9978,0,0,0,0,14-3-30 0:21:4,0
9P3GXUB7SI,113.598,23.9978,0,0,0,0,14-3-30 0:23:5,0
9P3GXUB7SI,113.598,23.9978,0,0,0,0,14-3-30 0:25:6,0
9P3GXUB7SI,113.598,23.9978,0,0,0,0,14-3-30 0:27:7,0
9P3GXUB7SI,113.598,23.9978,0,0,0,0,14-3-30 0:29:8,0
9P3GXUB7SI,113.598,23.9978,0,0,0,0,14-3-30 0:31:9,0
9P3GXUB7SI,113.598,23.9978,0,0,0,0,14-3-30 0:33:15,0
9P3GXUB7SI,113.598,23.9978,0,0,0,0,14-3-30 0:35:16,0
9P3GXUB7SI,113.598,23.9978,0,0,0,0,14-3-30 0:37:17,0
9P3GXUB7SI,113.598,23.9978,0,0,0,0,14-3-30 0:39:18,0
9P3GXUB7SI,113.598,23.9978,0,0,0,0,14-3-30 0:41:19,0
9P3GXUB7SI,113.598,23.9978,0,0,0,0,14-3-30 0:43:20,0
9P3GXUB7SI,113.598,23.9978,0,0,0,0,14-3-30 0:45:21,0
9P3GXUB7SI,113.598,23.9978,0,0,0,0,14-3-30 0:47:22,0
9P3GXUB7SI,113.598,23.9978,0,0,0,0,14-3-30 0:49:23,0
9P3GXUB7SI,113.598,23.9978,0,0,0,0,14-3-30 0:51:24,0
9P3GXUB7SI,113.598,23.9978,0,0,0,0,14-3-30 0:53:25,0
9P3GXUB7SI,113.598,23.9978,0,0,0,0,14-3-30 0:55:26,0
9P3GXUB7SI,113.779,24.4233,0,0,0,0,14-3-30 0:57:27,1
9P3GXUB7SI,113.779,24.4233,0,0,0,0,14-3-30 0:59:28,0
9P3GXUB7SI,113.792,24.4664,0,0,0,0,14-3-30 1:1:29,1
9P3GXUB7SI,113.792,24.4664,0,0,0,0,14-3-30 1:3:30,1
9P3GXUB7SI,113.751,24.499,0,0,0,0,14-3-30 1:5:31,1
9P3GXUB7SI,113.751,24.499,0,0,0,0,14-3-30 1:7:32,1
9P3GXUB7SI,113.768,24.4901,0,0,0,0,14-3-30 1:9:33,1
9P3GXUB7SI,113.751,24.499,0,0,0,0,14-3-30 1:11:34,1
9P3GXUB7SI,113.736,24.5033,0,0,0,0,14-3-30 1:13:35,1
9P3GXUB7SI,113.72,24.5124,0,0,0,0,14-3-30 1:15:36,1
9P3GXUB7SI,113.72,24.5124,0,0,0,0,14-3-30 1:17:37,1
9P3GXUB7SI,113.72,24.5124,0,0,0,0,14-3-30 1:19:38,1
9P3GXUB7SI,113.72,24.5124,0,0,0,0,14-3-30 1:21:39,1
9P3GXUB7SI,113.698,24.5257,0,0,0,0,14-3-30 1:23:40,1
9P3GXUB7SI,113.693,24.533,0,0,0,0,14-3-30 1:25:41,1
9P3GXUB7SI,113.693,24.533,0,0,0,0,14-3-30 1:27:42,0
9P3GXUB7SI,113.685,24.5651,0,0,0,0,14-3-30 1:29:43,1
9P3GXUB7SI,113.678,24.5702,0,0,0,0,14-3-30 1:31:50,1
9P3GXUB7SI,113.658,24.5926,0,0,0,0,14-3-30 1:33:51,1
9P3GXUB7SI,113.651,24.6182,0,0,0,0,14-3-30 1:35:52,1
9P3GXUB7SI,113.631,24.6426,0,0,0,0,14-3-30 1:39:55,1
9P3GXUB7SI,113.607,24.6389,0,0,0,0,14-3-30 1:41:55,1
9P3GXUB7SI,113.59,24.6447,0,0,0,0,14-3-30 1:43:56,1
9P3GXUB7SI,113.58,24.6565,0,0,0,0,14-3-30 1:45:57,1
9P3GXUB7SI,113.58,24.6565,0,0,0,0,14-3-30 1:47:58,0
9P3GXUB7SI,113.58,24.6565,0,0,0,0,14-3-30 1:49:59,0
9P3GXUB7SI,113.564,24.6961,0,0,0,0,14-3-30 1:52:0,1
9P3GXUB7SI,113.564,24.6961,0,0,0,0,14-3-30 1:54:1,0
9P3GXUB7SI,113.564,24.6961,0,0,0,0,14-3-30 1:56:2,0
9P3GXUB7SI,113.564,24.6961,0,0,0,0,14-3-30 1:58:3,0
9P3GXUB7SI,113.564,24.6961,0,0,0,0,14-3-30 2:0:4,0
9P3GXUB7SI,113.607,24.7335,0,0,0,0,14-3-30 2:2:5,1
9P3GXUB7SI,113.607,24.7335,0,0,0,0,14-3-30 2:4:6,0
9P3GXUB7SI,113.611,24.7487,0,0,0,0,14-3-30 2:6:7,1
9P3GXUB7SI,113.611,24.7487,0,0,0,0,14-3-30 2:8:8,1
9P3GXUB7SI,113.611,24.7487,0,0,0,0,14-3-30 2:10:9,1
9P3GXUB7SI,113.609,24.7529,0,0,0,0,14-3-30 2:12:10,1
9P3GXUB7SI,113.609,24.7529,0,0,0,0,14-3-30 2:14:11,1
9P3GXUB7SI,113.611,24.7487,0,0,0,0,14-3-30 2:16:12,1
9P3GXUB7SI,113.609,24.7529,0,0,0,0,14-3-30 2:18:13,1
9P3GXUB7SI,113.609,24.7529,0,0,0,0,14-3-30 2:20:14,1
9P3GXUB7SI,113.611,24.7487,0,0,0,0,14-3-30 2:22:15,1
9P3GXUB7SI,113.611,24.7487,0,0,0,0,14-3-30 2:24:16,1
9P3GXUB7SI,113.611,24.7487,0,0,0,0,14-3-30 2:26:17,1
9P3GXUB7SI,113.611,24.7487,0,0,0,0,14-3-30 2:28:18,1
9P3GXUB7SI,113.609,24.7529,0,0,0,0,14-3-30 2:30:19,1
9P3GXUB7SI,113.609,24.7529,0,0,0,0,14-3-30 2:32:20,1
9P3GXUB7SI,113.609,24.7529,0,0,0,0,14-3-30 2:34:26,1
9P3GXUB7SI,113.611,24.7487,0,0,0,0,14-3-30 2:36:27,1
9P3GXUB7SI,113.609,24.7529,0,0,0,0,14-3-30 2:38:28,1
9P3GXUB7SI,113.611,24.7487,0,0,0,0,14-3-30 2:40:29,1
9P3GXUB7SI,113.609,24.7529,0,0,0,0,14-3-30 2:42:30,1
9P3GXUB7SI,113.609,24.7529,0,0,0,0,14-3-30 2:44:31,1
9P3GXUB7SI,113.609,24.7529,0,0,0,0,14-3-30 2:46:32,1
9P3GXUB7SI,113.611,24.7487,0,0,0,0,14-3-30 2:48:33,1
9P3GXUB7SI,113.609,24.7529,0,0,0,0,14-3-30 2:50:34,1
9P3GXUB7SI,113.611,24.7487,0,0,0,0,14-3-30 2:52:35,1
9P3GXUB7SI,113.609,24.7529,0,0,0,0,14-3-30 2:54:36,1
9P3GXUB7SI,113.609,24.7529,0,0,0,0,14-3-30 2:56:37,0
9P3GXUB7SI,113.609,24.7529,0,0,0,0,14-3-30 2:58:38,0
9P3GXUB7SI,113.638,24.7896,0,0,0,0,14-3-30 3:0:39,1
9P3GXUB7SI,113.662,24.8086,0,0,0,0,14-3-30 3:2:40,1
9P3GXUB7SI,113.662,24.8086,0,0,0,0,14-3-30 3:4:41,0
9P3GXUB7SI,113.662,24.8086,0,0,0,0,14-3-30 3:6:42,0
9P3GXUB7SI,113.662,24.8086,0,0,0,0,14-3-30 3:8:43,0
9P3GXUB7SI,113.662,24.8086,0,0,0,0,14-3-30 3:10:44,0
9P3GXUB7SI,113.662,24.8086,0,0,0,0,14-3-30 3:12:45,0
9P3GXUB7SI,113.662,24.8086,0,0,0,0,14-3-30 3:14:46,0
9P3GXUB7SI,113.662,24.8086,0,0,0,0,14-3-30 3:16:47,0
9P3GXUB7SI,113.662,24.8086,0,0,0,0,14-3-30 3:18:48,0
9P3GXUB7SI,113.662,24.8086,0,0,0,0,14-3-30 3:20:49,0
9P3GXUB7SI,113.662,24.8086,0,0,0,0,14-3-30 3:22:51,0
9P3GXUB7SI,113.662,24.8086,0,0,0,0,14-3-30 3:24:51,0
9P3GXUB7SI,113.662,24.8086,0,0,0,0,14-3-30 3:26:52,0
9P3GXUB7SI,113.662,24.8086,0,0,0,0,14-3-30 3:28:53,0
9P3GXUB7SI,113.908,24.9817,0,0,0,0,14-3-30 3:30:54,1
9P3GXUB7SI,113.928,24.984,0,0,0,0,14-3-30 3:33:1,1
9P3GXUB7SI,113.967,24.9949,0,0,0,0,14-3-30 3:35:2,1
9P3GXUB7SI,113.986,24.9947,0,0,0,0,14-3-30 3:37:3,1
9P3GXUB7SI,113.993,24.9953,0,0,0,0,14-3-30 3:39:4,1
9P3GXUB7SI,114.017,24.9903,0,0,0,0,14-3-30 3:41:5,1
9P3GXUB7SI,114.017,24.9903,0,0,0,0,14-3-30 3:43:6,0
9P3GXUB7SI,114.046,24.9763,0,0,0,0,14-3-30 3:45:8,1
9P3GXUB7SI,114.069,24.9748,0,0,0,0,14-3-30 3:47:8,1
9P3GXUB7SI,114.091,24.9824,0,0,0,0,14-3-30 3:49:9,1
9P3GXUB7SI,114.11,24.9884,0,0,0,0,14-3-30 3:51:10,1
9P3GXUB7SI,114.148,25.0106,0,0,0,0,14-3-30 3:53:11,1
9P3GXUB7SI,114.148,25.0106,0,0,0,0,14-3-30 3:55:12,0
9P3GXUB7SI,114.198,25.0675,0,0,0,0,14-3-30 3:57:14,1
9P3GXUB7SI,114.189,25.0479,0,0,0,0,14-3-30 3:59:14,1
9P3GXUB7SI,114.211,25.0881,0,0,0,0,14-3-30 4:3:17,1
9P3GXUB7SI,114.229,25.108,0,0,0,0,14-3-30 4:5:17,1
9P3GXUB7SI,114.263,25.1356,0,0,0,0,14-3-30 4:7:18,1
9P3GXUB7SI,114.263,25.1356,0,0,0,0,14-3-30 4:9:19,1
9P3GXUB7SI,114.263,25.1356,0,0,0,0,14-3-30 4:11:20,0
9P3GXUB7SI,114.305,25.1589,0,0,0,0,14-3-30 4:13:21,1
9P3GXUB7SI,114.32,25.1699,0,0,0,0,14-3-30 4:15:22,1
9P3GXUB7SI,114.32,25.1699,0,0,0,0,14-3-30 4:17:23,0
9P3GXUB7SI,114.341,25.1869,0,0,0,0,14-3-30 4:19:25,1
9P3GXUB7SI,114.341,25.1869,0,0,0,0,14-3-30 4:21:25,0
9P3GXUB7SI,114.341,25.1869,0,0,0,0,14-3-30 4:23:26,0
9P3GXUB7SI,114.341,25.1869,0,0,0,0,14-3-30 4:25:27,0
9P3GXUB7SI,114.341,25.1869,0,0,0,0,14-3-30 4:27:28,0
9P3GXUB7SI,114.341,25.1869,0,0,0,0,14-3-30 4:29:29,0
9P3GXUB7SI,114.341,25.1869,0,0,0,0,14-3-30 4:31:30,0
9P3GXUB7SI,114.341,25.1869,0,0,0,0,14-3-30 4:33:36,0
9P3GXUB7SI,114.341,25.1869,0,0,0,0,14-3-30 4:35:37,0
9P3GXUB7SI,114.341,25.1869,0,0,0,0,14-3-30 4:37:38,0
9P3GXUB7SI,114.341,25.1869,0,0,0,0,14-3-30 4:39:39,0
9P3GXUB7SI,114.341,25.1869,0,0,0,0,14-3-30 4:41:40,0
9P3GXUB7SI,114.341,25.1869,0,0,0,0,14-3-30 4:43:41,0
9P3GXUB7SI,114.341,25.1869,0,0,0,0,14-3-30 4:45:42,0
9P3GXUB7SI,114.355,25.357,0,0,0,0,14-3-30 4:47:43,1
9P3GXUB7SI,114.355,25.357,0,0,0,0,14-3-30 4:49:44,1
9P3GXUB7SI,114.385,25.3818,0,0,0,0,14-3-30 4:51:45,1
9P3GXUB7SI,114.4,25.4084,0,0,0,0,14-3-30 4:53:46,1
9P3GXUB7SI,114.4,25.4084,0,0,0,0,14-3-30 4:55:47,1
9P3GXUB7SI,114.428,25.4337,0,0,0,0,14-3-30 4:57:48,1
9P3GXUB7SI,114.454,25.4398,0,0,0,0,14-3-30 4:59:49,1
9P3GXUB7SI,114.473,25.4459,0,0,0,0,14-3-30 5:1:50,1
9P3GXUB7SI,114.505,25.4541,0,0,0,0,14-3-30 5:3:51,1
9P3GXUB7SI,114.518,25.4526,0,0,0,0,14-3-30 5:5:52,1
9P3GXUB7SI,114.556,25.4582,0,0,0,0,14-3-30 5:7:53,1
9P3GXUB7SI,114.565,25.4674,0,0,0,0,14-3-30 5:9:54,1
9P3GXUB7SI,114.587,25.4779,0,0,0,0,14-3-30 5:11:55,1
9P3GXUB7SI,114.604,25.4935,0,0,0,0,14-3-30 5:13:56,1
9P3GXUB7SI,114.631,25.5159,0,0,0,0,14-3-30 5:15:57,1
9P3GXUB7SI,114.644,25.5252,0,0,0,0,14-3-30 5:17:58,1
9P3GXUB7SI,114.644,25.5252,0,0,0,0,14-3-30 5:19:59,0
9P3GXUB7SI,114.644,25.5252,0,0,0,0,14-3-30 5:22:0,0
9P3GXUB7SI,114.644,25.5252,0,0,0,0,14-3-30 5:24:1,0
9P3GXUB7SI,114.745,25.573,0,0,0,0,14-3-30 5:26:2,1
9P3GXUB7SI,114.755,25.5792,0,0,0,0,14-3-30 5:28:3,1
9P3GXUB7SI,114.777,25.5875,0,0,0,0,14-3-30 5:30:4,1
9P3GXUB7SI,114.778,25.6036,0,0,0,0,14-3-30 5:32:12,1
9P3GXUB7SI,114.778,25.6036,0,0,0,0,14-3-30 5:34:13,1
9P3GXUB7SI,114.778,25.627,0,0,0,0,14-3-30 5:36:14,1
9P3GXUB7SI,114.785,25.6602,0,0,0,0,14-3-30 5:38:15,1
9P3GXUB7SI,114.79,25.6812,0,0,0,0,14-3-30 5:40:16,1
9P3GXUB7SI,114.79,25.6812,0,0,0,0,14-3-30 5:42:17,0
9P3GXUB7SI,114.79,25.6812,0,0,0,0,14-3-30 5:44:18,0
9P3GXUB7SI,114.787,25.7541,0,0,0,0,14-3-30 5:46:19,1
9P3GXUB7SI,114.781,25.7645,0,0,0,0,14-3-30 5:48:20,1
9P3GXUB7SI,114.779,25.7678,0,0,0,0,14-3-30 5:50:21,1
9P3GXUB7SI,114.775,25.8073,0,0,0,0,14-3-30 5:52:22,1
9P3GXUB7SI,114.768,25.8283,0,0,0,0,14-3-30 5:54:23,1
9P3GXUB7SI,114.768,25.8283,0,0,0,0,14-3-30 5:56:24,0
9P3GXUB7SI,114.768,25.8283,0,0,0,0,14-3-30 5:58:25,0
9P3GXUB7SI,114.734,25.8891,0,0,0,0,14-3-30 6:0:26,1
9P3GXUB7SI,114.734,25.8891,0,0,0,0,14-3-30 6:2:28,1
9P3GXUB7SI,114.727,25.9145,0,0,0,0,14-3-30 6:4:28,1
9P3GXUB7SI,114.72,25.9222,0,0,0,0,14-3-30 6:6:29,1
9P3GXUB7SI,114.705,25.9498,0,0,0,0,14-3-30 6:8:30,1
9P3GXUB7SI,114.694,25.9737,0,0,0,0,14-3-30 6:10:31,1
9P3GXUB7SI,114.686,25.9867,0,0,0,0,14-3-30 6:12:32,1
9P3GXUB7SI,114.681,25.9981,0,0,0,0,14-3-30 6:14:33,1
9P3GXUB7SI,114.679,26.0155,0,0,0,0,14-3-30 6:16:34,1
9P3GXUB7SI,114.68,26.0237,0,0,0,0,14-3-30 6:18:35,1
9P3GXUB7SI,114.683,26.0335,0,0,0,0,14-3-30 6:20:36,1
9P3GXUB7SI,114.684,26.0494,0,0,0,0,14-3-30 6:22:37,1
9P3GXUB7SI,114.686,26.0599,0,0,0,0,14-3-30 6:24:38,1
9P3GXUB7SI,114.686,26.0599,0,0,0,0,14-3-30 6:26:39,1
9P3GXUB7SI,114.686,26.0599,0,0,0,0,14-3-30 6:28:40,1
9P3GXUB7SI,114.688,26.0769,0,0,0,0,14-3-30 6:30:41,1
9P3GXUB7SI,114.687,26.083,0,0,0,0,14-3-30 6:32:48,1
9P3GXUB7SI,114.679,26.1015,0,0,0,0,14-3-30 6:34:49,1
9P3GXUB7SI,114.67,26.1135,0,0,0,0,14-3-30 6:36:50,1
9P3GXUB7SI,114.667,26.1279,0,0,0,0,14-3-30 6:38:51,1
9P3GXUB7SI,114.671,26.1492,0,0,0,0,14-3-30 6:40:52,1
9P3GXUB7SI,114.666,26.1783,0,0,0,0,14-3-30 6:42:53,1
9P3GXUB7SI,114.666,26.1783,0,0,0,0,14-3-30 6:44:54,1
9P3GXUB7SI,114.652,26.1999,0,0,0,0,14-3-30 6:46:55,1
9P3GXUB7SI,114.648,26.2092,0,0,0,0,14-3-30 6:48:56,1
9P3GXUB7SI,114.651,26.241,0,0,0,0,14-3-30 6:50:57,1
9P3GXUB7SI,114.656,26.2545,0,0,0,0,14-3-30 6:52:58,1
9P3GXUB7SI,114.657,26.2806,0,0,0,0,14-3-30 6:54:59,1
9P3GXUB7SI,114.665,26.2988,0,0,0,0,14-3-30 6:57:0,1
9P3GXUB7SI,114.667,26.3216,0,0,0,0,14-3-30 6:59:1,1
9P3GXUB7SI,114.685,26.3478,0,0,0,0,14-3-30 7:1:2,1
9P3GXUB7SI,114.685,26.3478,0,0,0,0,14-3-30 7:3:3,0
9P3GXUB7SI,114.682,26.3799,0,0,0,0,14-3-30 7:5:4,1
9P3GXUB7SI,114.682,26.3799,0,0,0,0,14-3-30 7:7:5,1
9P3GXUB7SI,114.682,26.3799,0,0,0,0,14-3-30 7:9:6,1
9P3GXUB7SI,114.682,26.3799,0,0,0,0,14-3-30 7:11:7,1
9P3GXUB7SI,114.682,26.3799,0,0,0,0,14-3-30 7:13:8,1
9P3GXUB7SI,114.682,26.3799,0,0,0,0,14-3-30 7:15:9,1
9P3GXUB7SI,114.682,26.3799,0,0,0,0,14-3-30 7:17:10,0
9P3GXUB7SI,114.682,26.3799,0,0,0,0,14-3-30 7:19:11,0
9P3GXUB7SI,114.682,26.3799,0,0,0,0,14-3-30 7:21:12,0
9P3GXUB7SI,114.682,26.3799,0,0,0,0,14-3-30 7:23:13,0
9P3GXUB7SI,114.682,26.3799,0,0,0,0,14-3-30 7:25:14,0
9P3GXUB7SI,114.682,26.3799,0,0,0,0,14-3-30 7:27:15,0
9P3GXUB7SI,114.682,26.3799,0,0,0,0,14-3-30 7:29:16,1
9P3GXUB7SI,114.682,26.3799,0,0,0,0,14-3-30 7:31:17,0
9P3GXUB7SI,114.682,26.3799,0,0,0,0,14-3-30 7:33:24,0
9P3GXUB7SI,114.682,26.3799,0,0,0,0,14-3-30 7:35:25,0
9P3GXUB7SI,114.682,26.3799,0,0,0,0,14-3-30 7:37:26,0
9P3GXUB7SI,114.682,26.3799,0,0,0,0,14-3-30 7:39:27,0
9P3GXUB7SI,114.682,26.3799,0,0,0,0,14-3-30 7:41:28,0
9P3GXUB7SI,114.682,26.3799,0,0,0,0,14-3-30 7:43:29,0
9P3GXUB7SI,114.682,26.3799,0,0,0,0,14-3-30 7:45:30,0
9P3GXUB7SI,114.682,26.3799,0,0,0,0,14-3-30 7:47:31,0
9P3GXUB7SI,114.682,26.3799,0,0,0,0,14-3-30 7:49:32,0
9P3GXUB7SI,114.682,26.3799,0,0,0,0,14-3-30 7:51:33,0
9P3GXUB7SI,114.682,26.3799,0,0,0,0,14-3-30 7:53:34,0
9P3GXUB7SI,114.682,26.3799,0,0,0,0,14-3-30 7:55:35,0
9P3GXUB7SI,114.682,26.3799,0,0,0,0,14-3-30 7:57:36,0
9P3GXUB7SI,114.682,26.3799,0,0,0,0,14-3-30 7:59:37,0
9P3GXUB7SI,114.682,26.3799,0,0,0,0,14-3-30 8:1:38,0
9P3GXUB7SI,114.682,26.3799,0,0,0,0,14-3-30 8:3:39,0
9P3GXUB7SI,114.682,26.3799,0,0,0,0,14-3-30 8:5:40,0
9P3GXUB7SI,114.749,26.7181,0,0,0,0,14-3-30 8:7:41,1
9P3GXUB7SI,114.763,26.7288,0,0,0,0,14-3-30 8:9:42,1
9P3GXUB7SI,114.768,26.7453,0,0,0,0,14-3-30 8:11:43,1
9P3GXUB7SI,114.793,26.7576,0,0,0,0,14-3-30 8:13:44,1
9P3GXUB7SI,114.8,26.7885,0,0,0,0,14-3-30 8:15:45,1
9P3GXUB7SI,114.805,26.8121,0,0,0,0,14-3-30 8:17:47,1
9P3GXUB7SI,114.805,26.8121,0,0,0,0,14-3-30 8:19:47,0
9P3GXUB7SI,114.805,26.8121,0,0,0,0,14-3-30 8:21:48,0
9P3GXUB7SI,114.862,26.837,0,0,0,0,14-3-30 8:23:49,1
9P3GXUB7SI,114.832,26.8889,0,0,0,0,14-3-30 8:25:50,1
9P3GXUB7SI,114.832,26.8889,0,0,0,0,14-3-30 8:27:51,1
9P3GXUB7SI,114.832,26.8889,0,0,0,0,14-3-30 8:29:52,0
9P3GXUB7SI,114.849,26.9416,0,0,0,0,14-3-30 8:31:53,1
9P3GXUB7SI,114.851,26.9643,0,0,0,0,14-3-30 8:33:54,1
9P3GXUB7SI,114.851,26.9964,0,0,0,0,14-3-30 8:36:1,1
9P3GXUB7SI,114.85,27.007,0,0,0,0,14-3-30 8:38:2,1
9P3GXUB7SI,114.852,27.0365,0,0,0,0,14-3-30 8:40:4,1
9P3GXUB7SI,114.856,27.0601,0,0,0,0,14-3-30 8:42:4,1
9P3GXUB7SI,114.866,27.0796,0,0,0,0,14-3-30 8:44:5,1
9P3GXUB7SI,114.875,27.0913,0,0,0,0,14-3-30 8:46:6,1
9P3GXUB7SI,114.899,27.1181,0,0,0,0,14-3-30 8:48:8,1
9P3GXUB7SI,114.914,27.133,0,0,0,0,14-3-30 8:50:8,1
9P3GXUB7SI,114.921,27.1421,0,0,0,0,14-3-30 8:52:9,1
9P3GXUB7SI,114.938,27.1566,0,0,0,0,14-3-30 8:54:10,1
9P3GXUB7SI,114.938,27.1566,0,0,0,0,14-3-30 8:56:11,0
9P3GXUB7SI,114.938,27.1566,0,0,0,0,14-3-30 8:58:12,0
9P3GXUB7SI,114.97,27.2076,0,0,0,0,14-3-30 9:0:13,1
9P3GXUB7SI,114.986,27.2332,0,0,0,0,14-3-30 9:2:14,1
9P3GXUB7SI,114.999,27.2523,0,0,0,0,14-3-30 9:4:15,1
9P3GXUB7SI,115.002,27.2688,0,0,0,0,14-3-30 9:6:16,1
9P3GXUB7SI,115.002,27.2688,0,0,0,0,14-3-30 9:8:18,0
9P3GXUB7SI,115.014,27.3101,0,0,0,0,14-3-30 9:10:19,1
9P3GXUB7SI,115.014,27.3101,0,0,0,0,14-3-30 9:12:20,0
9P3GXUB7SI,115.014,27.3468,0,0,0,0,14-3-30 9:14:21,1
9P3GXUB7SI,115.014,27.3468,0,0,0,0,14-3-30 9:16:22,0
9P3GXUB7SI,115.014,27.3468,0,0,0,0,14-3-30 9:18:23,0
9P3GXUB7SI,115.018,27.4057,0,0,0,0,14-3-30 9:22:26,1
9P3GXUB7SI,115.036,27.4687,0,0,0,0,14-3-30 9:24:26,1
9P3GXUB7SI,115.036,27.4687,0,0,0,0,14-3-30 9:26:28,0
9P3GXUB7SI,115.036,27.4687,0,0,0,0,14-3-30 9:28:28,0
9P3GXUB7SI,115.036,27.4687,0,0,0,0,14-3-30 9:30:29,0
9P3GXUB7SI,115.077,27.5177,0,0,0,0,14-3-30 9:32:30,1
9P3GXUB7SI,115.098,27.5435,0,0,0,0,14-3-30 9:34:37,1
9P3GXUB7SI,115.11,27.5659,0,0,0,0,14-3-30 9:36:38,1
9P3GXUB7SI,115.113,27.573,0,0,0,0,14-3-30 9:38:39,1
9P3GXUB7SI,115.12,27.5982,0,0,0,0,14-3-30 9:40:40,1
9P3GXUB7SI,115.125,27.6223,0,0,0,0,14-3-30 9:42:41,1
9P3GXUB7SI,115.125,27.6223,0,0,0,0,14-3-30 9:44:42,0
9P3GXUB7SI,115.141,27.6762,0,0,0,0,14-3-30 9:46:43,1
9P3GXUB7SI,115.143,27.6819,0,0,0,0,14-3-30 9:48:44,1
9P3GXUB7SI,115.156,27.7099,0,0,0,0,14-3-30 9:50:45,1
9P3GXUB7SI,115.164,27.7281,0,0,0,0,14-3-30 9:52:46,1
9P3GXUB7SI,115.183,27.7539,0,0,0,0,14-3-30 9:54:47,1
9P3GXUB7SI,115.183,27.7539,0,0,0,0,14-3-30 9:56:48,1
9P3GXUB7SI,115.228,27.7947,0,0,0,0,14-3-30 9:58:49,1
9P3GXUB7SI,115.228,27.7947,0,0,0,0,14-3-30 10:0:50,1
9P3GXUB7SI,115.255,27.8163,0,0,0,0,14-3-30 10:2:51,1
9P3GXUB7SI,115.264,27.8266,0,0,0,0,14-3-30 10:4:52,1
9P3GXUB7SI,115.279,27.8483,0,0,0,0,14-3-30 10:6:53,1
9P3GXUB7SI,115.285,27.8674,0,0,0,0,14-3-30 10:8:55,1
9P3GXUB7SI,115.283,27.8919,0,0,0,0,14-3-30 10:10:55,1
9P3GXUB7SI,115.287,27.9257,0,0,0,0,14-3-30 10:12:56,1
9P3GXUB7SI,115.287,27.9257,0,0,0,0,14-3-30 10:14:57,1
9P3GXUB7SI,115.29,27.9653,0,0,0,0,14-3-30 10:19:0,1
9P3GXUB7SI,115.29,27.9653,0,0,0,0,14-3-30 10:21:0,0
9P3GXUB7SI,115.322,28.0024,0,0,0,0,14-3-30 10:23:1,1
9P3GXUB7SI,115.334,28.0183,0,0,0,0,14-3-30 10:25:2,1
9P3GXUB7SI,115.343,28.0318,0,0,0,0,14-3-30 10:27:3,1
9P3GXUB7SI,115.343,28.0318,0,0,0,0,14-3-30 10:29:4,0
9P3GXUB7SI,115.373,28.0651,0,0,0,0,14-3-30 10:31:5,1
9P3GXUB7SI,115.399,28.0877,0,0,0,0,14-3-30 10:33:12,1
9P3GXUB7SI,115.411,28.0956,0,0,0,0,14-3-30 10:35:13,1
9P3GXUB7SI,115.434,28.1154,0,0,0,0,14-3-30 10:37:15,1
9P3GXUB7SI,115.446,28.1243,0,0,0,0,14-3-30 10:39:15,1
9P3GXUB7SI,115.446,28.1243,0,0,0,0,14-3-30 10:41:16,0
9P3GXUB7SI,115.498,28.135,0,0,0,0,14-3-30 10:43:17,1
9P3GXUB7SI,115.519,28.1422,0,0,0,0,14-3-30 10:45:19,1
9P3GXUB7SI,115.534,28.1515,0,0,0,0,14-3-30 10:47:20,1
9P3GXUB7SI,115.566,28.1771,0,0,0,0,14-3-30 10:49:21,1
9P3GXUB7SI,115.576,28.1853,0,0,0,0,14-3-30 10:51:22,1
9P3GXUB7SI,115.597,28.2079,0,0,0,0,14-3-30 10:53:23,1
9P3GXUB7SI,115.606,28.2207,0,0,0,0,14-3-30 10:55:24,1
9P3GXUB7SI,115.613,28.2303,0,0,0,0,14-3-30 10:57:25,1
9P3GXUB7SI,115.636,28.2533,0,0,0,0,14-3-30 10:59:26,1
9P3GXUB7SI,115.636,28.2533,0,0,0,0,14-3-30 11:1:27,0
9P3GXUB7SI,115.669,28.283,0,0,0,0,14-3-30 11:3:28,1
9P3GXUB7SI,115.655,28.2974,0,0,0,0,14-3-30 11:5:29,1
9P3GXUB7SI,115.677,28.3252,0,0,0,0,14-3-30 11:7:30,1
9P3GXUB7SI,115.677,28.3252,0,0,0,0,14-3-30 11:9:31,0
9P3GXUB7SI,115.677,28.3252,0,0,0,0,14-3-30 11:11:32,0
9P3GXUB7SI,115.677,28.3252,0,0,0,0,14-3-30 11:13:33,0
9P3GXUB7SI,115.747,28.3926,0,0,0,0,14-3-30 11:15:34,1
9P3GXUB7SI,115.758,28.4081,0,0,0,0,14-3-30 11:19:37,1
9P3GXUB7SI,115.774,28.435,0,0,0,0,14-3-30 11:21:37,1
9P3GXUB7SI,115.774,28.435,0,0,0,0,14-3-30 11:23:38,0
9P3GXUB7SI,115.774,28.435,0,0,0,0,14-3-30 11:25:39,0
9P3GXUB7SI,115.851,28.4222,0,0,0,0,14-3-30 11:27:40,1
9P3GXUB7SI,115.868,28.4133,0,0,0,0,14-3-30 11:29:41,1
9P3GXUB7SI,115.889,28.4066,0,0,0,0,14-3-30 11:31:42,1
9P3GXUB7SI,115.913,28.3958,0,0,0,0,14-3-30 11:33:49,1
9P3GXUB7SI,115.913,28.3958,0,0,0,0,14-3-30 11:35:50,1
9P3GXUB7SI,115.913,28.3958,0,0,0,0,14-3-30 11:37:51,1
9P3GXUB7SI,115.913,28.3958,0,0,0,0,14-3-30 11:39:52,1
9P3GXUB7SI,115.913,28.3958,0,0,0,0,14-3-30 11:41:53,1
9P3GXUB7SI,115.913,28.3958,0,0,0,0,14-3-30 11:43:54,1
9P3GXUB7SI,115.913,28.3958,0,0,0,0,14-3-30 11:45:55,1
9P3GXUB7SI,115.913,28.3958,0,0,0,0,14-3-30 11:47:56,1
9P3GXUB7SI,115.92,28.4028,0,0,0,0,14-3-30 11:49:58,1
9P3GXUB7SI,115.92,28.4028,0,0,0,0,14-3-30 11:51:58,1
9P3GXUB7SI,115.916,28.405,0,0,0,0,14-3-30 11:53:59,1
9P3GXUB7SI,115.916,28.405,0,0,0,0,14-3-30 11:56:0,1
9P3GXUB7SI,115.92,28.4028,0,0,0,0,14-3-30 11:58:1,1
9P3GXUB7SI,115.92,28.4028,0,0,0,0,14-3-30 12:0:2,1
9P3GXUB7SI,115.92,28.4028,0,0,0,0,14-3-30 12:2:3,1
9P3GXUB7SI,115.92,28.4028,0,0,0,0,14-3-30 12:4:5,1
9P3GXUB7SI,115.92,28.4028,0,0,0,0,14-3-30 12:6:5,1
9P3GXUB7SI,115.92,28.4028,0,0,0,0,14-3-30 12:8:6,1
9P3GXUB7SI,115.92,28.4028,0,0,0,0,14-3-30 12:10:7,1
9P3GXUB7SI,115.92,28.4028,0,0,0,0,14-3-30 12:12:8,1
9P3GXUB7SI,115.916,28.405,0,0,0,0,14-3-30 12:14:11,1
9P3GXUB7SI,115.92,28.4028,0,0,0,0,14-3-30 12:16:10,1
9P3GXUB7SI,115.92,28.4028,0,0,0,0,14-3-30 12:18:11,1
9P3GXUB7SI,115.92,28.4028,0,0,0,0,14-3-30 12:20:12,1
9P3GXUB7SI,115.92,28.4028,0,0,0,0,14-3-30 12:22:13,1
9P3GXUB7SI,115.92,28.4028,0,0,0,0,14-3-30 12:24:14,1
9P3GXUB7SI,115.92,28.4028,0,0,0,0,14-3-30 12:26:15,1
9P3GXUB7SI,115.92,28.4028,0,0,0,0,14-3-30 12:28:16,1
9P3GXUB7SI,115.92,28.4028,0,0,0,0,14-3-30 12:30:17,1
9P3GXUB7SI,115.92,28.4028,0,0,0,0,14-3-30 12:32:18,1
9P3GXUB7SI,115.92,28.4028,0,0,0,0,14-3-30 12:36:25,1
9P3GXUB7SI,115.92,28.4028,0,0,0,0,14-3-30 12:38:25,1
9P3GXUB7SI,115.92,28.4028,0,0,0,0,14-3-30 12:40:26,1
9P3GXUB7SI,115.913,28.3958,0,0,0,0,14-3-30 12:42:27,1
9P3GXUB7SI,115.913,28.3958,0,0,0,0,14-3-30 12:44:28,1
9P3GXUB7SI,115.925,28.3917,0,0,0,0,14-3-30 12:46:29,1
9P3GXUB7SI,115.94,28.3876,0,0,0,0,14-3-30 12:48:31,1
9P3GXUB7SI,115.928,28.3613,0,0,0,0,14-3-30 12:50:31,1
9P3GXUB7SI,115.981,28.3733,0,0,0,0,14-3-30 12:52:33,1
9P3GXUB7SI,115.981,28.3733,0,0,0,0,14-3-30 12:54:33,0
9P3GXUB7SI,115.981,28.3733,0,0,0,0,14-3-30 12:56:34,0
9P3GXUB7SI,116.057,28.346,0,0,0,0,14-3-30 12:58:35,1
9P3GXUB7SI,116.057,28.346,0,0,0,0,14-3-30 13:0:36,0
9P3GXUB7SI,116.057,28.346,0,0,0,0,14-3-30 13:4:39,0
9P3GXUB7SI,116.057,28.346,0,0,0,0,14-3-30 13:6:39,0
9P3GXUB7SI,116.057,28.346,0,0,0,0,14-3-30 13:8:40,0
9P3GXUB7SI,116.208,28.3425,0,0,0,0,14-3-30 13:10:42,1
9P3GXUB7SI,116.241,28.3358,0,0,0,0,14-3-30 13:12:42,1
9P3GXUB7SI,116.26,28.3339,0,0,0,0,14-3-30 13:14:43,1
9P3GXUB7SI,116.295,28.3256,0,0,0,0,14-3-30 13:16:44,1
9P3GXUB7SI,116.308,28.3187,0,0,0,0,14-3-30 13:18:45,1
9P3GXUB7SI,116.308,28.3187,0,0,0,0,14-3-30 13:20:46,0
9P3GXUB7SI,116.308,28.3187,0,0,0,0,14-3-30 13:22:47,0
9P3GXUB7SI,116.308,28.3187,0,0,0,0,14-3-30 13:24:48,0
9P3GXUB7SI,116.4,28.2887,0,0,0,0,14-3-30 13:26:49,1
9P3GXUB7SI,116.449,28.2753,0,0,0,0,14-3-30 13:28:50,1
9P3GXUB7SI,116.449,28.2753,0,0,0,0,14-3-30 13:30:51,1
9P3GXUB7SI,116.494,28.2737,0,0,0,0,14-3-30 13:32:57,1
9P3GXUB7SI,116.498,28.2749,0,0,0,0,14-3-30 13:34:58,1
9P3GXUB7SI,110.52,24.2024,0,0,0,0,14-3-30 13:36:59,1
9P3GXUB7SI,110.52,24.2024,0,0,0,0,14-3-30 13:39:0,1
9P3GXUB7SI,110.52,24.2024,0,0,0,0,14-3-30 13:41:1,1
9P3GXUB7SI,110.52,24.2024,0,0,0,0,14-3-30 13:43:2,1
9P3GXUB7SI,110.52,24.2024,0,0,0,0,14-3-30 13:45:3,1
9P3GXUB7SI,110.52,24.2024,0,0,0,0,14-3-30 13:47:4,1
9P3GXUB7SI,110.52,24.2024,0,0,0,0,14-3-30 13:49:5,1
9P3GXUB7SI,116.556,28.2733,0,0,0,0,14-3-30 13:51:6,1
9P3GXUB7SI,116.601,28.2692,0,0,0,0,14-3-30 13:53:7,1
9P3GXUB7SI,116.616,28.2696,0,0,0,0,14-3-30 13:55:8,1
9P3GXUB7SI,116.638,28.2703,0,0,0,0,14-3-30 13:57:9,1
9P3GXUB7SI,116.662,28.272,0,0,0,0,14-3-30 13:59:10,1
9P3GXUB7SI,116.684,28.2713,0,0,0,0,14-3-30 14:1:11,1
9P3GXUB7SI,116.716,28.2753,0,0,0,0,14-3-30 14:3:12,1
9P3GXUB7SI,116.728,28.2779,0,0,0,0,14-3-30 14:5:13,1
9P3GXUB7SI,116.775,28.2783,0,0,0,0,14-3-30 14:7:14,1
9P3GXUB7SI,116.785,28.2787,0,0,0,0,14-3-30 14:9:15,1
9P3GXUB7SI,116.829,28.2788,0,0,0,0,14-3-30 14:11:16,1
9P3GXUB7SI,116.829,28.2788,0,0,0,0,14-3-30 14:13:17,1
9P3GXUB7SI,116.867,28.2787,0,0,0,0,14-3-30 14:15:18,1
9P3GXUB7SI,116.895,28.2798,0,0,0,0,14-3-30 14:17:19,1
9P3GXUB7SI,116.924,28.2879,0,0,0,0,14-3-30 14:19:20,1
9P3GXUB7SI,116.903,28.3232,0,0,0,0,14-3-30 14:21:21,1
9P3GXUB7SI,116.903,28.3232,0,0,0,0,14-3-30 14:23:22,1
9P3GXUB7SI,116.889,28.3495,0,0,0,0,14-3-30 14:25:23,1
9P3GXUB7SI,116.871,28.3707,0,0,0,0,14-3-30 14:27:24,1
9P3GXUB7SI,116.856,28.3931,0,0,0,0,14-3-30 14:31:27,1
9P3GXUB7SI,116.856,28.3931,0,0,0,0,14-3-30 14:33:33,0
9P3GXUB7SI,116.84,28.4306,0,0,0,0,14-3-30 14:35:34,1
9P3GXUB7SI,116.829,28.4556,0,0,0,0,14-3-30 14:37:35,1
9P3GXUB7SI,116.828,28.4736,0,0,0,0,14-3-30 14:39:36,1
9P3GXUB7SI,116.82,28.5197,0,0,0,0,14-3-30 14:41:37,1
9P3GXUB7SI,116.821,28.5358,0,0,0,0,14-3-30 14:43:39,1
9P3GXUB7SI,116.819,28.5576,0,0,0,0,14-3-30 14:45:40,1
9P3GXUB7SI,116.816,28.5758,0,0,0,0,14-3-30 14:47:43,1
9P3GXUB7SI,116.811,28.6011,0,0,0,0,14-3-30 14:49:42,1
9P3GXUB7SI,116.814,28.6153,0,0,0,0,14-3-30 14:51:43,1
9P3GXUB7SI,116.837,28.6448,0,0,0,0,14-3-30 14:53:44,1
9P3GXUB7SI,116.852,28.6735,0,0,0,0,14-3-30 14:55:45,1
9P3GXUB7SI,116.858,28.6821,0,0,0,0,14-3-30 14:57:46,1
9P3GXUB7SI,116.87,28.7053,0,0,0,0,14-3-30 14:59:47,1
9P3GXUB7SI,116.876,28.7338,0,0,0,0,14-3-30 15:1:48,1
9P3GXUB7SI,116.877,28.7513,0,0,0,0,14-3-30 15:3:49,1
9P3GXUB7SI,116.879,28.7641,0,0,0,0,14-3-30 15:5:50,1
9P3GXUB7SI,116.878,28.7901,0,0,0,0,14-3-30 15:7:51,1
9P3GXUB7SI,116.876,28.811,0,0,0,0,14-3-30 15:9:52,1
9P3GXUB7SI,116.879,28.8293,0,0,0,0,14-3-30 15:11:53,1
9P3GXUB7SI,116.919,28.8995,0,0,0,0,14-3-30 15:15:56,1
9P3GXUB7SI,116.892,28.9072,0,0,0,0,14-3-30 15:17:56,1
9P3GXUB7SI,116.904,28.9365,0,0,0,0,14-3-30 15:19:57,1
9P3GXUB7SI,116.912,28.95,0,0,0,0,14-3-30 15:21:58,1
9P3GXUB7SI,116.934,28.9787,0,0,0,0,14-3-30 15:23:59,1
9P3GXUB7SI,116.947,28.9885,0,0,0,0,14-3-30 15:26:0,1
9P3GXUB7SI,116.962,28.9966,0,0,0,0,14-3-30 15:28:1,1
9P3GXUB7SI,116.995,29.0153,0,0,0,0,14-3-30 15:30:2,1
9P3GXUB7SI,117.007,29.0214,0,0,0,0,14-3-30 15:32:3,1
9P3GXUB7SI,117.007,29.0214,0,0,0,0,14-3-30 15:34:10,0
9P3GXUB7SI,117.007,29.0214,0,0,0,0,14-3-30 15:36:11,0
9P3GXUB7SI,117.007,29.0214,0,0,0,0,14-3-30 15:38:12,0
9P3GXUB7SI,117.007,29.0214,0,0,0,0,14-3-30 15:40:13,0
9P3GXUB7SI,117.007,29.0214,0,0,0,0,14-3-30 15:42:14,0
9P3GXUB7SI,117.007,29.0214,0,0,0,0,14-3-30 15:44:15,0
9P3GXUB7SI,117.007,29.0214,0,0,0,0,14-3-30 15:46:16,0
9P3GXUB7SI,117.007,29.0214,0,0,0,0,14-3-30 15:48:17,0
9P3GXUB7SI,117.007,29.0214,0,0,0,0,14-3-30 15:50:18,0
9P3GXUB7SI,117.062,29.2364,0,0,0,0,14-3-30 15:52:19,1
9P3GXUB7SI,117.062,29.2364,0,0,0,0,14-3-30 15:54:20,1
9P3GXUB7SI,117.062,29.2649,0,0,0,0,14-3-30 15:56:21,1
9P3GXUB7SI,117.059,29.2885,0,0,0,0,14-3-30 15:58:22,1
9P3GXUB7SI,117.062,29.3284,0,0,0,0,14-3-30 16:2:25,1
9P3GXUB7SI,117.05,29.3424,0,0,0,0,14-3-30 16:4:25,1
9P3GXUB7SI,117.065,29.3645,0,0,0,0,14-3-30 16:6:26,1
9P3GXUB7SI,117.065,29.3645,0,0,0,0,14-3-30 16:8:27,0
9P3GXUB7SI,117.065,29.3645,0,0,0,0,14-3-30 16:10:28,0
9P3GXUB7SI,117.081,29.4251,0,0,0,0,14-3-30 16:12:29,1
9P3GXUB7SI,117.081,29.4251,0,0,0,0,14-3-30 16:14:30,1
9P3GXUB7SI,117.096,29.4496,0,0,0,0,14-3-30 16:16:31,1
9P3GXUB7SI,117.097,29.461,0,0,0,0,14-3-30 16:18:32,1
9P3GXUB7SI,117.094,29.4971,0,0,0,0,14-3-30 16:20:33,1
9P3GXUB7SI,117.087,29.5189,0,0,0,0,14-3-30 16:24:37,1
9P3GXUB7SI,117.081,29.5492,0,0,0,0,14-3-30 16:26:36,1
9P3GXUB7SI,117.081,29.5492,0,0,0,0,14-3-30 16:28:37,1
9P3GXUB7SI,117.076,29.5718,0,0,0,0,14-3-30 16:30:38,1
9P3GXUB7SI,117.089,29.6066,0,0,0,0,14-3-30 16:32:39,1
9P3GXUB7SI,117.089,29.6066,0,0,0,0,14-3-30 16:34:45,1
9P3GXUB7SI,117.125,29.6888,0,0,0,0,14-3-30 16:36:46,1
9P3GXUB7SI,117.125,29.6888,0,0,0,0,14-3-30 16:38:47,1
9P3GXUB7SI,117.125,29.6888,0,0,0,0,14-3-30 16:40:48,1
9P3GXUB7SI,117.125,29.6888,0,0,0,0,14-3-30 16:42:49,1
9P3GXUB7SI,117.125,29.6888,0,0,0,0,14-3-30 16:44:50,1
9P3GXUB7SI,117.125,29.6888,0,0,0,0,14-3-30 16:46:51,1
9P3GXUB7SI,117.13,29.7517,0,0,0,0,14-3-30 16:48:52,1
9P3GXUB7SI,117.13,29.7517,0,0,0,0,14-3-30 16:50:53,1
9P3GXUB7SI,117.13,29.7517,0,0,0,0,14-3-30 16:52:54,1
9P3GXUB7SI,117.139,29.7886,0,0,0,0,14-3-30 16:54:55,1
9P3GXUB7SI,117.133,29.7998,0,0,0,0,14-3-30 16:56:56,1
9P3GXUB7SI,117.12,29.8176,0,0,0,0,14-3-30 16:58:57,1
9P3GXUB7SI,117.12,29.8176,0,0,0,0,14-3-30 17:0:59,1
9P3GXUB7SI,117.106,29.8287,0,0,0,0,14-3-30 17:2:59,1
9P3GXUB7SI,117.106,29.8287,0,0,0,0,14-3-30 17:7:2,1
9P3GXUB7SI,117.088,29.8752,0,0,0,0,14-3-30 17:9:2,1
9P3GXUB7SI,117.088,29.8752,0,0,0,0,14-3-30 17:11:3,0
9P3GXUB7SI,117.088,29.8752,0,0,0,0,14-3-30 17:13:5,0
9P3GXUB7SI,117.088,29.8752,0,0,0,0,14-3-30 17:15:5,0
9P3GXUB7SI,117.037,29.9316,0,0,0,0,14-3-30 17:17:6,1
9P3GXUB7SI,117.037,29.9316,0,0,0,0,14-3-30 17:19:8,1
9P3GXUB7SI,117.024,29.9613,0,0,0,0,14-3-30 17:21:8,1
9P3GXUB7SI,117.027,29.9758,0,0,0,0,14-3-30 17:23:9,1
9P3GXUB7SI,117.027,29.9758,0,0,0,0,14-3-30 17:25:10,0
9P3GXUB7SI,117.027,29.9758,0,0,0,0,14-3-30 17:27:11,0
9P3GXUB7SI,117.002,30.0421,0,0,0,0,14-3-30 17:29:12,1
9P3GXUB7SI,117.003,30.0555,0,0,0,0,14-3-30 17:31:13,1
9P3GXUB7SI,117.007,30.0836,0,0,0,0,14-3-30 17:33:19,1
9P3GXUB7SI,117.007,30.0836,0,0,0,0,14-3-30 17:35:20,0
9P3GXUB7SI,117.007,30.0836,0,0,0,0,14-3-30 17:39:23,0
9P3GXUB7SI,117.007,30.0836,0,0,0,0,14-3-30 17:41:23,0
9P3GXUB7SI,117.007,30.0836,0,0,0,0,14-3-30 17:43:24,0
9P3GXUB7SI,117.007,30.0836,0,0,0,0,14-3-30 17:45:25,0
9P3GXUB7SI,117.007,30.0836,0,0,0,0,14-3-30 17:47:26,0
9P3GXUB7SI,117.007,30.0836,0,0,0,0,14-3-30 17:49:27,0
9P3GXUB7SI,117.007,30.0836,0,0,0,0,14-3-30 17:51:29,0
9P3GXUB7SI,117.007,30.0836,0,0,0,0,14-3-30 17:53:29,0
9P3GXUB7SI,117.007,30.0836,0,0,0,0,14-3-30 17:55:30,0
9P3GXUB7SI,117.007,30.0836,0,0,0,0,14-3-30 17:57:31,0
9P3GXUB7SI,117.007,30.0836,0,0,0,0,14-3-30 17:59:32,0
9P3GXUB7SI,117.007,30.0836,0,0,0,0,14-3-30 18:1:33,0
9P3GXUB7SI,117.007,30.0836,0,0,0,0,14-3-30 18:3:34,0
9P3GXUB7SI,117.007,30.0836,0,0,0,0,14-3-30 18:5:35,0
9P3GXUB7SI,117.007,30.0836,0,0,0,0,14-3-30 18:7:36,0
9P3GXUB7SI,117.007,30.0836,0,0,0,0,14-3-30 18:11:39,0
9P3GXUB7SI,117.007,30.0836,0,0,0,0,14-3-30 18:13:39,0
9P3GXUB7SI,117.007,30.0836,0,0,0,0,14-3-30 18:15:40,0
9P3GXUB7SI,117.007,30.0836,0,0,0,0,14-3-30 18:17:41,0
9P3GXUB7SI,117.007,30.0836,0,0,0,0,14-3-30 18:19:42,0
9P3GXUB7SI,117.007,30.0836,0,0,0,0,14-3-30 18:21:43,0
9P3GXUB7SI,117.007,30.0836,0,0,0,0,14-3-30 18:23:44,0
9P3GXUB7SI,117.007,30.0836,0,0,0,0,14-3-30 18:25:45,0
9P3GXUB7SI,117.007,30.0836,0,0,0,0,14-3-30 18:27:46,0
9P3GXUB7SI,117.007,30.0836,0,0,0,0,14-3-30 18:29:47,0
9P3GXUB7SI,117.007,30.0836,0,0,0,0,14-3-30 18:31:48,0
9P3GXUB7SI,117.007,30.0836,0,0,0,0,14-3-30 18:33:55,0
9P3GXUB7SI,117.003,30.4326,0,0,0,0,14-3-30 18:35:56,1
9P3GXUB7SI,117.003,30.4326,0,0,0,0,14-3-30 18:37:57,1
9P3GXUB7SI,117.024,30.4422,0,0,0,0,14-3-30 18:39:58,1
9P3GXUB7SI,117.048,30.4796,0,0,0,0,14-3-30 18:41:59,1
9P3GXUB7SI,117.067,30.4714,0,0,0,0,14-3-30 18:44:0,1
9P3GXUB7SI,117.067,30.4714,0,0,0,0,14-3-30 18:48:3,0
9P3GXUB7SI,117.133,30.47,0,0,0,0,14-3-30 18:50:3,1
9P3GXUB7SI,117.161,30.4644,0,0,0,0,14-3-30 18:52:4,1
9P3GXUB7SI,117.177,30.4625,0,0,0,0,14-3-30 18:54:5,1
9P3GXUB7SI,117.212,30.4643,0,0,0,0,14-3-30 18:56:6,1
9P3GXUB7SI,117.202,30.4678,0,0,0,0,14-3-30 18:58:7,1
9P3GXUB7SI,117.202,30.4678,0,0,0,0,14-3-30 19:0:8,0
9P3GXUB7SI,117.202,30.4678,0,0,0,0,14-3-30 19:2:9,0
9P3GXUB7SI,117.202,30.4678,0,0,0,0,14-3-30 19:4:10,0
9P3GXUB7SI,117.202,30.4678,0,0,0,0,14-3-30 19:6:11,0
9P3GXUB7SI,117.202,30.4678,0,0,0,0,14-3-30 19:8:12,0
9P3GXUB7SI,117.202,30.4678,0,0,0,0,14-3-30 19:12:15,0
9P3GXUB7SI,117.202,30.4678,0,0,0,0,14-3-30 19:14:15,0
9P3GXUB7SI,117.202,30.4678,0,0,0,0,14-3-30 19:16:16,0
9P3GXUB7SI,117.202,30.4678,0,0,0,0,14-3-30 19:18:17,0
9P3GXUB7SI,117.202,30.4678,0,0,0,0,14-3-30 19:20:18,0
9P3GXUB7SI,117.502,30.6098,0,0,0,0,14-3-30 19:24:21,1
9P3GXUB7SI,117.502,30.6098,0,0,0,0,14-3-30 19:26:21,0
9P3GXUB7SI,117.542,30.6269,0,0,0,0,14-3-30 19:28:22,1
9P3GXUB7SI,117.563,30.6348,0,0,0,0,14-3-30 19:30:23,1
9P3GXUB7SI,117.587,30.6525,0,0,0,0,14-3-30 19:32:24,1
9P3GXUB7SI,117.612,30.6677,0,0,0,0,14-3-30 19:34:31,1
9P3GXUB7SI,117.629,30.6758,0,0,0,0,14-3-30 19:36:32,1
9P3GXUB7SI,117.653,30.6836,0,0,0,0,14-3-30 19:38:33,1
9P3GXUB7SI,117.667,30.6877,0,0,0,0,14-3-30 19:40:34,1
9P3GXUB7SI,117.689,30.6992,0,0,0,0,14-3-30 19:42:35,1
9P3GXUB7SI,117.704,30.7081,0,0,0,0,14-3-30 19:44:36,1
9P3GXUB7SI,117.727,30.7402,0,0,0,0,14-3-30 19:46:37,1
9P3GXUB7SI,117.731,30.7521,0,0,0,0,14-3-30 19:48:38,1
9P3GXUB7SI,117.74,30.7687,0,0,0,0,14-3-30 19:50:39,1
9P3GXUB7SI,117.751,30.7873,0,0,0,0,14-3-30 19:52:40,1
9P3GXUB7SI,117.751,30.7873,0,0,0,0,14-3-30 19:54:41,0
9P3GXUB7SI,117.778,30.8162,0,0,0,0,14-3-30 19:56:42,1
9P3GXUB7SI,117.805,30.8276,0,0,0,0,14-3-30 19:58:43,1
9P3GXUB7SI,117.88,30.8585,0,0,0,0,14-3-30 20:2:46,1
9P3GXUB7SI,117.88,30.8585,0,0,0,0,14-3-30 20:4:46,1
9P3GXUB7SI,117.898,30.8694,0,0,0,0,14-3-30 20:6:48,1
9P3GXUB7SI,117.912,30.8793,0,0,0,0,14-3-30 20:8:49,1
9P3GXUB7SI,117.922,30.8876,0,0,0,0,14-3-30 20:10:51,1
9P3GXUB7SI,117.942,30.9144,0,0,0,0,14-3-30 20:14:53,1
9P3GXUB7SI,117.964,30.9324,0,0,0,0,14-3-30 20:16:53,1
9P3GXUB7SI,117.984,30.9484,0,0,0,0,14-3-30 20:18:54,1
9P3GXUB7SI,118,30.9581,0,0,0,0,14-3-30 20:20:55,1
9P3GXUB7SI,118,30.9581,0,0,0,0,14-3-30 20:22:56,0
9P3GXUB7SI,118.031,30.9688,0,0,0,0,14-3-30 20:24:57,1
9P3GXUB7SI,118.067,30.9919,0,0,0,0,14-3-30 20:26:58,1
9P3GXUB7SI,118.09,31.0092,0,0,0,0,14-3-30 20:28:59,1
9P3GXUB7SI,118.101,31.011,0,0,0,0,14-3-30 20:31:0,1
9P3GXUB7SI,118.115,31.0148,0,0,0,0,14-3-30 20:33:1,1
9P3GXUB7SI,118.154,31.0302,0,0,0,0,14-3-30 20:37:10,1
9P3GXUB7SI,118.157,31.0339,0,0,0,0,14-3-30 20:39:10,1
9P3GXUB7SI,118.196,31.0456,0,0,0,0,14-3-30 20:41:11,1
9P3GXUB7SI,118.24,31.0641,0,0,0,0,14-3-30 20:45:14,1
9P3GXUB7SI,118.286,31.0974,0,0,0,0,14-3-30 20:47:14,1
9P3GXUB7SI,118.255,31.0803,0,0,0,0,14-3-30 20:49:15,1
9P3GXUB7SI,118.255,31.0803,0,0,0,0,14-3-30 20:51:16,1
9P3GXUB7SI,118.273,31.0885,0,0,0,0,14-3-30 20:53:17,1
9P3GXUB7SI,118.298,31.0986,0,0,0,0,14-3-30 20:55:18,1
9P3GXUB7SI,118.317,31.1122,0,0,0,0,14-3-30 20:57:19,1
9P3GXUB7SI,118.326,31.1327,0,0,0,0,14-3-30 20:59:20,1
9P3GXUB7SI,118.326,31.1327,0,0,0,0,14-3-30 21:1:21,0
9P3GXUB7SI,118.326,31.1327,0,0,0,0,14-3-30 21:3:22,0
9P3GXUB7SI,118.326,31.1327,0,0,0,0,14-3-30 21:5:23,0
9P3GXUB7SI,118.326,31.1327,0,0,0,0,14-3-30 21:9:26,0
9P3GXUB7SI,118.392,31.23,0,0,0,0,14-3-30 21:11:26,1
9P3GXUB7SI,118.412,31.2485,0,0,0,0,14-3-30 21:13:27,1
9P3GXUB7SI,118.412,31.2485,0,0,0,0,14-3-30 21:15:28,0
9P3GXUB7SI,118.422,31.286,0,0,0,0,14-3-30 21:17:29,1
9P3GXUB7SI,118.424,31.2901,0,0,0,0,14-3-30 21:19:30,1
9P3GXUB7SI,118.46,31.327,0,0,0,0,14-3-30 21:21:31,1
9P3GXUB7SI,118.466,31.3422,0,0,0,0,14-3-30 21:23:32,1
9P3GXUB7SI,118.471,31.3602,0,0,0,0,14-3-30 21:25:33,1
9P3GXUB7SI,118.476,31.3827,0,0,0,0,14-3-30 21:27:34,1
9P3GXUB7SI,118.476,31.3827,0,0,0,0,14-3-30 21:29:36,0
9P3GXUB7SI,118.476,31.3827,0,0,0,0,14-3-30 21:31:36,0
9P3GXUB7SI,118.476,31.3827,0,0,0,0,14-3-30 21:33:42,0
9P3GXUB7SI,118.476,31.3827,0,0,0,0,14-3-30 21:37:45,0
9P3GXUB7SI,118.476,31.3827,0,0,0,0,14-3-30 21:39:45,0
9P3GXUB7SI,118.476,31.3827,0,0,0,0,14-3-30 21:41:46,0
9P3GXUB7SI,118.476,31.3827,0,0,0,0,14-3-30 21:43:47,0
9P3GXUB7SI,118.53,31.5538,0,0,0,0,14-3-30 21:45:48,1
9P3GXUB7SI,118.53,31.5538,0,0,0,0,14-3-30 21:49:51,0
9P3GXUB7SI,118.53,31.5538,0,0,0,0,14-3-30 21:51:51,0
9P3GXUB7SI,118.53,31.5538,0,0,0,0,14-3-30 21:53:52,0
9P3GXUB7SI,118.53,31.5538,0,0,0,0,14-3-30 21:55:53,0
9P3GXUB7SI,118.538,31.6784,0,0,0,0,14-3-30 21:57:54,1
9P3GXUB7SI,118.527,31.7357,0,0,0,0,14-3-30 22:3:58,1
9P3GXUB7SI,118.527,31.7357,0,0,0,0,14-3-30 22:5:58,0
9P3GXUB7SI,118.536,31.7633,0,0,0,0,14-3-30 22:7:59,1
9P3GXUB7SI,118.536,31.7633,0,0,0,0,14-3-30 22:10:0,1
9P3GXUB7SI,118.551,31.7815,0,0,0,0,14-3-30 22:12:1,1
9P3GXUB7SI,118.564,31.8009,0,0,0,0,14-3-30 22:14:2,1
9P3GXUB7SI,118.584,31.8155,0,0,0,0,14-3-30 22:16:3,1
9P3GXUB7SI,118.587,31.8175,0,0,0,0,14-3-30 22:18:4,1
9P3GXUB7SI,118.587,31.8175,0,0,0,0,14-3-30 22:20:5,0
9P3GXUB7SI,118.63,31.8644,0,0,0,0,14-3-30 22:22:6,1
9P3GXUB7SI,118.644,31.8757,0,0,0,0,14-3-30 22:24:7,1
9P3GXUB7SI,118.657,31.8928,0,0,0,0,14-3-30 22:26:8,1
9P3GXUB7SI,118.658,31.9153,0,0,0,0,14-3-30 22:28:9,1
9P3GXUB7SI,118.675,31.9289,0,0,0,0,14-3-30 22:30:10,1
9P3GXUB7SI,118.676,31.9392,0,0,0,0,14-3-30 22:32:11,1
9P3GXUB7SI,118.697,31.9156,0,0,0,0,14-3-30 22:34:19,1
9P3GXUB7SI,118.697,31.9156,0,0,0,0,14-3-30 22:36:20,1
9P3GXUB7SI,118.717,31.8944,0,0,0,0,14-3-30 22:38:21,1
9P3GXUB7SI,118.726,31.8901,0,0,0,0,14-3-30 22:40:22,1
9P3GXUB7SI,118.746,31.8818,0,0,0,0,14-3-30 22:42:23,1
9P3GXUB7SI,118.746,31.8818,0,0,0,0,14-3-30 22:44:24,0
9P3GXUB7SI,118.746,31.8818,0,0,0,0,14-3-30 22:48:27,0
9P3GXUB7SI,118.824,31.8767,0,0,0,0,14-3-30 22:50:27,1
9P3GXUB7SI,118.826,31.8741,0,0,0,0,14-3-30 22:52:28,1
9P3GXUB7SI,118.826,31.8741,0,0,0,0,14-3-30 22:54:29,0
9P3GXUB7SI,118.795,31.8663,0,0,0,0,14-3-30 22:58:32,1
9P3GXUB7SI,118.798,31.8637,0,0,0,0,14-3-30 23:0:32,1
9P3GXUB7SI,118.798,31.8637,0,0,0,0,14-3-30 23:2:33,1
9P3GXUB7SI,118.798,31.8637,0,0,0,0,14-3-30 23:4:34,0
9P3GXUB7SI,118.798,31.8637,0,0,0,0,14-3-30 23:6:35,0
9P3GXUB7SI,118.799,31.7904,0,0,0,0,14-3-30 23:8:36,1
9P3GXUB7SI,118.802,31.8005,0,0,0,0,14-3-30 23:10:37,1
9P3GXUB7SI,118.797,31.7823,0,0,0,0,14-3-30 23:12:39,1
9P3GXUB7SI,118.812,31.7787,0,0,0,0,14-3-30 23:14:40,1
9P3GXUB7SI,118.812,31.7787,0,0,0,0,14-3-30 23:16:41,1
9P3GXUB7SI,118.785,31.7746,0,0,0,0,14-3-30 23:18:42,1
9P3GXUB7SI,118.785,31.7746,0,0,0,0,14-3-30 23:20:43,1
9P3GXUB7SI,118.785,31.7746,0,0,0,0,14-3-30 23:22:44,1
9P3GXUB7SI,118.785,31.7746,0,0,0,0,14-3-30 23:24:45,1
9P3GXUB7SI,118.785,31.7746,0,0,0,0,14-3-30 23:26:46,1
9P3GXUB7SI,118.785,31.7746,0,0,0,0,14-3-30 23:28:47,1
9P3GXUB7SI,118.785,31.7746,0,0,0,0,14-3-30 23:30:48,1
9P3GXUB7SI,118.785,31.7746,0,0,0,0,14-3-30 23:32:49,1
9P3GXUB7SI,118.785,31.7746,0,0,0,0,14-3-30 23:34:56,1
9P3GXUB7SI,118.785,31.7746,0,0,0,0,14-3-30 23:36:57,1
9P3GXUB7SI,118.785,31.7746,0,0,0,0,14-3-30 23:38:58,1
9P3GXUB7SI,118.785,31.7746,0,0,0,0,14-3-30 23:40:59,1
9P3GXUB7SI,118.785,31.7746,0,0,0,0,14-3-30 23:43:0,1
9P3GXUB7SI,118.785,31.7746,0,0,0,0,14-3-30 23:45:1,1
9P3GXUB7SI,118.785,31.7746,0,0,0,0,14-3-30 23:47:2,1
9P3GXUB7SI,118.785,31.7746,0,0,0,0,14-3-30 23:49:3,1
9P3GXUB7SI,118.785,31.7746,0,0,0,0,14-3-30 23:53:6,1
9P3GXUB7SI,118.785,31.7746,0,0,0,0,14-3-30 23:55:6,1
9P3GXUB7SI,118.785,31.7746,0,0,0,0,14-3-30 23:57:7,1
9P3GXUB7SI,118.785,31.7746,0,0,0,0,14-3-30 23:59:8,1
9P3GXUB7SI,118.785,31.7746,0,0,0,0,14-3-31 0:3:11,1
9P3GXUB7SI,118.785,31.7746,0,0,0,0,14-3-31 0:5:11,1
9P3GXUB7SI,118.785,31.7746,0,0,0,0,14-3-31 0:7:12,1
9P3GXUB7SI,118.785,31.7746,0,0,0,0,14-3-31 0:9:13,1
9P3GXUB7SI,118.785,31.7746,0,0,0,0,14-3-31 0:11:14,1
9P3GXUB7SI,118.785,31.7746,0,0,0,0,14-3-31 0:13:15,1
9P3GXUB7SI,118.785,31.7746,0,0,0,0,14-3-31 0:15:16,1
9P3GXUB7SI,118.785,31.7746,0,0,0,0,14-3-31 0:17:17,1
9P3GXUB7SI,118.785,31.7746,0,0,0,0,14-3-31 0:19:18,1
9P3GXUB7SI,118.785,31.7746,0,0,0,0,14-3-31 0:21:19,1
9P3GXUB7SI,118.785,31.7746,0,0,0,0,14-3-31 0:23:20,1
9P3GXUB7SI,118.785,31.7746,0,0,0,0,14-3-31 0:25:21,1
9P3GXUB7SI,118.785,31.7746,0,0,0,0,14-3-31 0:27:22,1
9P3GXUB7SI,118.785,31.7746,0,0,0,0,14-3-31 0:29:23,1
9P3GXUB7SI,118.785,31.7746,0,0,0,0,14-3-31 0:31:24,1
9P3GXUB7SI,118.785,31.7746,0,0,0,0,14-3-31 0:33:25,1
9P3GXUB7SI,118.785,31.7746,0,0,0,0,14-3-31 0:35:33,1
9P3GXUB7SI,118.785,31.7746,0,0,0,0,14-3-31 0:37:34,1
9P3GXUB7SI,118.785,31.7746,0,0,0,0,14-3-31 0:39:35,1
9P3GXUB7SI,118.785,31.7746,0,0,0,0,14-3-31 0:41:36,1
9P3GXUB7SI,118.785,31.7746,0,0,0,0,14-3-31 0:43:37,1
9P3GXUB7SI,118.785,31.7746,0,0,0,0,14-3-31 0:45:38,1
9P3GXUB7SI,118.785,31.7746,0,0,0,0,14-3-31 0:47:39,1
9P3GXUB7SI,118.785,31.7746,0,0,0,0,14-3-31 0:49:40,1
9P3GXUB7SI,118.785,31.7746,0,0,0,0,14-3-31 0:51:41,1
9P3GXUB7SI,118.785,31.7746,0,0,0,0,14-3-31 0:53:42,1
9P3GXUB7SI,118.785,31.7746,0,0,0,0,14-3-31 0:55:43,1
9P3GXUB7SI,118.785,31.7746,0,0,0,0,14-3-31 0:57:44,1
9P3GXUB7SI,118.785,31.7746,0,0,0,0,14-3-31 0:59:45,1
9P3GXUB7SI,118.785,31.7746,0,0,0,0,14-3-31 1:1:46,1
9P3GXUB7SI,118.785,31.7746,0,0,0,0,14-3-31 1:3:47,1
9P3GXUB7SI,118.785,31.7746,0,0,0,0,14-3-31 1:5:48,1
9P3GXUB7SI,118.785,31.7746,0,0,0,0,14-3-31 1:7:49,1
9P3GXUB7SI,118.785,31.7746,0,0,0,0,14-3-31 1:9:50,1
9P3GXUB7SI,118.785,31.7746,0,0,0,0,14-3-31 1:11:51,1
9P3GXUB7SI,118.785,31.7746,0,0,0,0,14-3-31 1:13:52,1
9P3GXUB7SI,118.785,31.7746,0,0,0,0,14-3-31 1:15:53,1
9P3GXUB7SI,118.785,31.7746,0,0,0,0,14-3-31 1:17:54,1
9P3GXUB7SI,118.785,31.7746,0,0,0,0,14-3-31 1:19:55,1
9P3GXUB7SI,118.785,31.7746,0,0,0,0,14-3-31 1:21:56,1
9P3GXUB7SI,118.785,31.7746,0,0,0,0,14-3-31 1:23:57,1
9P3GXUB7SI,118.785,31.7746,0,0,0,0,14-3-31 1:25:58,1
9P3GXUB7SI,118.785,31.7746,0,0,0,0,14-3-31 1:27:59,1
9P3GXUB7SI,118.785,31.7746,0,0,0,0,14-3-31 1:30:0,1
9P3GXUB7SI,118.785,31.7746,0,0,0,0,14-3-31 1:32:1,1
9P3GXUB7SI,118.785,31.7746,0,0,0,0,14-3-31 1:34:9,1
9P3GXUB7SI,118.785,31.7746,0,0,0,0,14-3-31 1:36:10,1
9P3GXUB7SI,118.785,31.7746,0,0,0,0,14-3-31 1:38:11,1
9P3GXUB7SI,118.785,31.7746,0,0,0,0,14-3-31 1:40:12,1
9P3GXUB7SI,118.785,31.7746,0,0,0,0,14-3-31 1:42:13,1
9P3GXUB7SI,118.785,31.7746,0,0,0,0,14-3-31 1:44:14,1
9P3GXUB7SI,118.785,31.7746,0,0,0,0,14-3-31 1:46:15,1
9P3GXUB7SI,118.785,31.7746,0,0,0,0,14-3-31 1:48:16,1
9P3GXUB7SI,118.785,31.7746,0,0,0,0,14-3-31 1:50:17,1
9P3GXUB7SI,118.785,31.7746,0,0,0,0,14-3-31 1:52:18,1
9P3GXUB7SI,118.785,31.7746,0,0,0,0,14-3-31 1:54:19,1
9P3GXUB7SI,118.785,31.7746,0,0,0,0,14-3-31 1:56:20,1
9P3GXUB7SI,118.785,31.7746,0,0,0,0,14-3-31 1:58:21,1
9P3GXUB7SI,118.785,31.7746,0,0,0,0,14-3-31 2:0:22,1
9P3GXUB7SI,118.785,31.7746,0,0,0,0,14-3-31 2:2:23,1
9P3GXUB7SI,118.785,31.7746,0,0,0,0,14-3-31 2:4:24,1
9P3GXUB7SI,118.785,31.7746,0,0,0,0,14-3-31 2:6:25,1
9P3GXUB7SI,118.785,31.7746,0,0,0,0,14-3-31 2:8:26,1
9P3GXUB7SI,118.785,31.7746,0,0,0,0,14-3-31 2:10:28,1
9P3GXUB7SI,118.785,31.7746,0,0,0,0,14-3-31 2:12:28,1
9P3GXUB7SI,118.785,31.7746,0,0,0,0,14-3-31 2:14:29,1
9P3GXUB7SI,118.785,31.7746,0,0,0,0,14-3-31 2:16:30,1
9P3GXUB7SI,118.785,31.7746,0,0,0,0,14-3-31 2:18:31,1
9P3GXUB7SI,118.785,31.7746,0,0,0,0,14-3-31 2:20:32,1
9P3GXUB7SI,118.785,31.7746,0,0,0,0,14-3-31 2:22:33,1
9P3GXUB7SI,118.785,31.7746,0,0,0,0,14-3-31 2:24:34,1
9P3GXUB7SI,118.785,31.7746,0,0,0,0,14-3-31 2:26:35,1
9P3GXUB7SI,118.785,31.7746,0,0,0,0,14-3-31 2:28:36,1
9P3GXUB7SI,118.785,31.7746,0,0,0,0,14-3-31 2:30:37,1
9P3GXUB7SI,118.785,31.7746,0,0,0,0,14-3-31 2:32:38,1
9P3GXUB7SI,118.785,31.7746,0,0,0,0,14-3-31 2:34:46,1
9P3GXUB7SI,118.785,31.7746,0,0,0,0,14-3-31 2:36:47,1
9P3GXUB7SI,118.785,31.7746,0,0,0,0,14-3-31 2:38:48,1
9P3GXUB7SI,118.785,31.7746,0,0,0,0,14-3-31 2:40:49,1
9P3GXUB7SI,118.785,31.7746,0,0,0,0,14-3-31 2:42:51,1
9P3GXUB7SI,118.785,31.7746,0,0,0,0,14-3-31 2:44:51,1
9P3GXUB7SI,118.785,31.7746,0,0,0,0,14-3-31 2:46:52,1
9P3GXUB7SI,118.785,31.7746,0,0,0,0,14-3-31 2:48:53,1
9P3GXUB7SI,118.785,31.7746,0,0,0,0,14-3-31 2:50:54,1
9P3GXUB7SI,118.785,31.7746,0,0,0,0,14-3-31 2:52:55,1
9P3GXUB7SI,118.785,31.7746,0,0,0,0,14-3-31 2:54:56,1
9P3GXUB7SI,118.785,31.7746,0,0,0,0,14-3-31 2:56:57,1
9P3GXUB7SI,118.785,31.7746,0,0,0,0,14-3-31 2:58:58,1
9P3GXUB7SI,118.785,31.7746,0,0,0,0,14-3-31 3:0:59,1
9P3GXUB7SI,118.785,31.7746,0,0,0,0,14-3-31 3:3:0,1
9P3GXUB7SI,118.785,31.7746,0,0,0,0,14-3-31 3:5:1,1
9P3GXUB7SI,118.785,31.7746,0,0,0,0,14-3-31 3:7:2,1
9P3GXUB7SI,118.785,31.7746,0,0,0,0,14-3-31 3:9:3,1
9P3GXUB7SI,118.785,31.7746,0,0,0,0,14-3-31 3:11:4,1
9P3GXUB7SI,118.785,31.7746,0,0,0,0,14-3-31 3:13:5,1
9P3GXUB7SI,118.785,31.7746,0,0,0,0,14-3-31 3:15:6,1
9P3GXUB7SI,118.785,31.7746,0,0,0,0,14-3-31 3:17:7,1
9P3GXUB7SI,118.785,31.7746,0,0,0,0,14-3-31 3:19:8,1
9P3GXUB7SI,118.785,31.7746,0,0,0,0,14-3-31 3:21:9,1
9P3GXUB7SI,118.785,31.7746,0,0,0,0,14-3-31 3:23:10,1
9P3GXUB7SI,118.785,31.7746,0,0,0,0,14-3-31 3:25:11,1
9P3GXUB7SI,118.785,31.7746,0,0,0,0,14-3-31 3:27:12,1
9P3GXUB7SI,118.785,31.7746,0,0,0,0,14-3-31 3:29:13,1
9P3GXUB7SI,118.785,31.7746,0,0,0,0,14-3-31 3:31:14,1
9P3GXUB7SI,118.785,31.7746,0,0,0,0,14-3-31 3:33:15,1
9P3GXUB7SI,118.785,31.7746,0,0,0,0,14-3-31 3:35:23,1
9P3GXUB7SI,118.785,31.7746,0,0,0,0,14-3-31 3:37:24,1
9P3GXUB7SI,118.785,31.7746,0,0,0,0,14-3-31 3:39:25,1
9P3GXUB7SI,118.785,31.7746,0,0,0,0,14-3-31 3:41:26,1
9P3GXUB7SI,118.785,31.7746,0,0,0,0,14-3-31 3:43:27,1
9P3GXUB7SI,118.785,31.7746,0,0,0,0,14-3-31 3:45:28,1
9P3GXUB7SI,118.785,31.7746,0,0,0,0,14-3-31 3:47:29,1
9P3GXUB7SI,118.785,31.7746,0,0,0,0,14-3-31 3:49:30,1
9P3GXUB7SI,118.785,31.7746,0,0,0,0,14-3-31 3:51:31,1
9P3GXUB7SI,118.785,31.7746,0,0,0,0,14-3-31 3:53:32,1
9P3GXUB7SI,118.785,31.7746,0,0,0,0,14-3-31 3:55:33,1
9P3GXUB7SI,118.785,31.7746,0,0,0,0,14-3-31 3:57:34,1
9P3GXUB7SI,118.785,31.7746,0,0,0,0,14-3-31 3:59:35,1
9P3GXUB7SI,118.785,31.7746,0,0,0,0,14-3-31 4:1:36,1
9P3GXUB7SI,118.785,31.7746,0,0,0,0,14-3-31 4:3:37,1
9P3GXUB7SI,118.785,31.7746,0,0,0,0,14-3-31 4:5:38,1
9P3GXUB7SI,118.785,31.7746,0,0,0,0,14-3-31 4:7:39,1
9P3GXUB7SI,118.785,31.7746,0,0,0,0,14-3-31 4:9:40,1
9P3GXUB7SI,118.785,31.7746,0,0,0,0,14-3-31 4:11:41,1
9P3GXUB7SI,118.785,31.7746,0,0,0,0,14-3-31 4:13:42,1
9P3GXUB7SI,118.785,31.7746,0,0,0,0,14-3-31 4:15:43,1
9P3GXUB7SI,118.785,31.7746,0,0,0,0,14-3-31 4:17:44,1
9P3GXUB7SI,118.785,31.7746,0,0,0,0,14-3-31 4:19:45,1
9P3GXUB7SI,118.785,31.7746,0,0,0,0,14-3-31 4:21:46,1
9P3GXUB7SI,118.785,31.7746,0,0,0,0,14-3-31 4:23:47,1
9P3GXUB7SI,118.785,31.7746,0,0,0,0,14-3-31 4:25:48,1
9P3GXUB7SI,118.785,31.7746,0,0,0,0,14-3-31 4:27:49,1
9P3GXUB7SI,118.785,31.7746,0,0,0,0,14-3-31 4:29:50,1
9P3GXUB7SI,118.785,31.7746,0,0,0,0,14-3-31 4:31:51,1
9P3GXUB7SI,118.785,31.7746,0,0,0,0,14-3-31 4:33:52,1
9P3GXUB7SI,118.785,31.7746,0,0,0,0,14-3-31 4:36:0,1
9P3GXUB7SI,118.785,31.7746,0,0,0,0,14-3-31 4:38:1,1
9P3GXUB7SI,118.785,31.7746,0,0,0,0,14-3-31 4:40:2,1
9P3GXUB7SI,118.785,31.7746,0,0,0,0,14-3-31 4:42:3,1
9P3GXUB7SI,118.785,31.7746,0,0,0,0,14-3-31 4:44:4,1
9P3GXUB7SI,118.785,31.7746,0,0,0,0,14-3-31 4:46:5,1
9P3GXUB7SI,118.785,31.7746,0,0,0,0,14-3-31 4:48:6,1
9P3GXUB7SI,118.785,31.7746,0,0,0,0,14-3-31 4:50:7,1
9P3GXUB7SI,118.785,31.7746,0,0,0,0,14-3-31 4:52:8,1
9P3GXUB7SI,118.785,31.7746,0,0,0,0,14-3-31 4:54:9,1
9P3GXUB7SI,118.785,31.7746,0,0,0,0,14-3-31 4:56:10,1
9P3GXUB7SI,118.785,31.7746,0,0,0,0,14-3-31 4:58:11,1
9P3GXUB7SI,118.785,31.7746,0,0,0,0,14-3-31 5:0:12,1
9P3GXUB7SI,118.785,31.7746,0,0,0,0,14-3-31 5:2:13,1
9P3GXUB7SI,118.785,31.7746,0,0,0,0,14-3-31 5:4:14,1
9P3GXUB7SI,118.785,31.7746,0,0,0,0,14-3-31 5:6:15,1
9P3GXUB7SI,118.785,31.7746,0,0,0,0,14-3-31 5:8:16,1
9P3GXUB7SI,118.785,31.7746,0,0,0,0,14-3-31 5:10:17,1
9P3GXUB7SI,118.785,31.7746,0,0,0,0,14-3-31 5:12:18,1
9P3GXUB7SI,118.785,31.7746,0,0,0,0,14-3-31 5:14:19,1
9P3GXUB7SI,118.785,31.7746,0,0,0,0,14-3-31 5:16:20,1
9P3GXUB7SI,118.785,31.7746,0,0,0,0,14-3-31 5:18:21,1
9P3GXUB7SI,118.785,31.7746,0,0,0,0,14-3-31 5:20:22,1
9P3GXUB7SI,118.785,31.7746,0,0,0,0,14-3-31 5:22:23,1
9P3GXUB7SI,118.785,31.7746,0,0,0,0,14-3-31 5:24:24,1
9P3GXUB7SI,118.785,31.7746,0,0,0,0,14-3-31 5:26:25,1
9P3GXUB7SI,118.785,31.7746,0,0,0,0,14-3-31 5:28:26,1
9P3GXUB7SI,118.785,31.7746,0,0,0,0,14-3-31 5:30:27,1
9P3GXUB7SI,118.785,31.7746,0,0,0,0,14-3-31 5:32:28,1
9P3GXUB7SI,118.785,31.7746,0,0,0,0,14-3-31 5:34:29,1
9P3GXUB7SI,118.785,31.7746,0,0,0,0,14-3-31 5:36:36,1
9P3GXUB7SI,118.785,31.7746,0,0,0,0,14-3-31 5:38:37,1
9P3GXUB7SI,118.785,31.7746,0,0,0,0,14-3-31 5:40:38,1
9P3GXUB7SI,118.785,31.7746,0,0,0,0,14-3-31 5:42:39,1
9P3GXUB7SI,118.785,31.7746,0,0,0,0,14-3-31 5:44:40,1
9P3GXUB7SI,118.785,31.7746,0,0,0,0,14-3-31 5:46:41,1
9P3GXUB7SI,118.785,31.7746,0,0,0,0,14-3-31 5:48:42,1
9P3GXUB7SI,118.785,31.7746,0,0,0,0,14-3-31 5:52:45,1
9P3GXUB7SI,118.785,31.7746,0,0,0,0,14-3-31 5:54:45,1
9P3GXUB7SI,118.785,31.7746,0,0,0,0,14-3-31 5:56:46,1
9P3GXUB7SI,118.785,31.7746,0,0,0,0,14-3-31 5:58:47,1
9P3GXUB7SI,118.785,31.7746,0,0,0,0,14-3-31 6:0:48,1
9P3GXUB7SI,118.785,31.7746,0,0,0,0,14-3-31 6:2:49,1
9P3GXUB7SI,118.785,31.7746,0,0,0,0,14-3-31 6:4:50,1
9P3GXUB7SI,118.785,31.7746,0,0,0,0,14-3-31 6:6:51,1
9P3GXUB7SI,118.785,31.7746,0,0,0,0,14-3-31 6:8:52,1
9P3GXUB7SI,118.785,31.7746,0,0,0,0,14-3-31 6:10:53,1
9P3GXUB7SI,118.785,31.7746,0,0,0,0,14-3-31 6:12:54,1
9P3GXUB7SI,118.785,31.7746,0,0,0,0,14-3-31 6:14:55,1
9P3GXUB7SI,118.785,31.7746,0,0,0,0,14-3-31 6:16:56,1
9P3GXUB7SI,118.785,31.7746,0,0,0,0,14-3-31 6:18:57,1
9P3GXUB7SI,118.785,31.7746,0,0,0,0,14-3-31 6:20:58,1
9P3GXUB7SI,118.785,31.7746,0,0,0,0,14-3-31 6:22:59,1
9P3GXUB7SI,118.785,31.7746,0,0,0,0,14-3-31 6:25:0,1
9P3GXUB7SI,118.785,31.7746,0,0,0,0,14-3-31 6:27:1,1
9P3GXUB7SI,118.785,31.7746,0,0,0,0,14-3-31 6:29:2,1
9P3GXUB7SI,118.785,31.7746,0,0,0,0,14-3-31 6:31:3,1
9P3GXUB7SI,118.785,31.7746,0,0,0,0,14-3-31 6:33:4,1
9P3GXUB7SI,118.785,31.7746,0,0,0,0,14-3-31 6:35:13,1
9P3GXUB7SI,118.785,31.7746,0,0,0,0,14-3-31 6:37:14,1
9P3GXUB7SI,118.785,31.7746,0,0,0,0,14-3-31 6:39:15,1
9P3GXUB7SI,118.785,31.7746,0,0,0,0,14-3-31 6:41:16,1
9P3GXUB7SI,118.785,31.7746,0,0,0,0,14-3-31 6:43:17,1
9P3GXUB7SI,118.785,31.7746,0,0,0,0,14-3-31 6:45:18,1
9P3GXUB7SI,118.785,31.7746,0,0,0,0,14-3-31 6:47:19,1
9P3GXUB7SI,118.785,31.7746,0,0,0,0,14-3-31 6:49:20,1
9P3GXUB7SI,118.785,31.7746,0,0,0,0,14-3-31 6:51:22,1
9P3GXUB7SI,118.785,31.7746,0,0,0,0,14-3-31 6:55:24,1
9P3GXUB7SI,118.785,31.7746,0,0,0,0,14-3-31 6:57:24,1
9P3GXUB7SI,118.785,31.7746,0,0,0,0,14-3-31 6:59:25,1
9P3GXUB7SI,118.785,31.7746,0,0,0,0,14-3-31 7:1:26,1
9P3GXUB7SI,118.785,31.7746,0,0,0,0,14-3-31 7:3:27,1
9P3GXUB7SI,118.785,31.7746,0,0,0,0,14-3-31 7:5:29,1
9P3GXUB7SI,118.785,31.7746,0,0,0,0,14-3-31 7:9:31,1
9P3GXUB7SI,118.785,31.7746,0,0,0,0,14-3-31 7:11:31,1
9P3GXUB7SI,118.785,31.7746,0,0,0,0,14-3-31 7:13:32,1
9P3GXUB7SI,118.785,31.7746,0,0,0,0,14-3-31 7:15:34,1
9P3GXUB7SI,118.785,31.7746,0,0,0,0,14-3-31 7:17:34,1
9P3GXUB7SI,118.785,31.7746,0,0,0,0,14-3-31 7:19:35,1
9P3GXUB7SI,118.785,31.7746,0,0,0,0,14-3-31 7:23:38,1
9P3GXUB7SI,118.785,31.7746,0,0,0,0,14-3-31 7:25:38,1
9P3GXUB7SI,118.785,31.7746,0,0,0,0,14-3-31 7:27:39,1
9P3GXUB7SI,118.785,31.7746,0,0,0,0,14-3-31 7:29:40,1
9P3GXUB7SI,118.785,31.7746,0,0,0,0,14-3-31 7:31:41,1
9P3GXUB7SI,118.785,31.7746,0,0,0,0,14-3-31 7:33:42,1
9P3GXUB7SI,118.785,31.7746,0,0,0,0,14-3-31 7:35:50,1
9P3GXUB7SI,118.785,31.7746,0,0,0,0,14-3-31 7:37:51,1
9P3GXUB7SI,118.785,31.7746,0,0,0,0,14-3-31 7:39:52,1
9P3GXUB7SI,118.785,31.7746,0,0,0,0,14-3-31 7:41:53,1
9P3GXUB7SI,118.785,31.7746,0,0,0,0,14-3-31 7:43:54,1
9P3GXUB7SI,118.785,31.7746,0,0,0,0,14-3-31 7:45:55,1
9P3GXUB7SI,118.785,31.7746,0,0,0,0,14-3-31 7:47:56,1
9P3GXUB7SI,118.785,31.7746,0,0,0,0,14-3-31 7:49:57,1
9P3GXUB7SI,118.785,31.7746,0,0,0,0,14-3-31 7:54:0,1
9P3GXUB7SI,118.785,31.7746,0,0,0,0,14-3-31 7:58:2,1
9P3GXUB7SI,118.785,31.7746,0,0,0,0,14-3-31 8:0:2,1
9P3GXUB7SI,118.785,31.7746,0,0,0,0,14-3-31 8:2:3,1
9P3GXUB7SI,118.785,31.7746,0,0,0,0,14-3-31 8:4:4,1
9P3GXUB7SI,118.785,31.7746,0,0,0,0,14-3-31 8:6:5,1
9P3GXUB7SI,118.785,31.7746,0,0,0,0,14-3-31 8:8:6,1
9P3GXUB7SI,118.785,31.7746,0,0,0,0,14-3-31 8:10:7,1
9P3GXUB7SI,118.785,31.7746,0,0,0,0,14-3-31 8:12:8,1
9P3GXUB7SI,118.785,31.7746,0,0,0,0,14-3-31 8:14:9,1
9P3GXUB7SI,118.785,31.7746,0,0,0,0,14-3-31 8:16:10,1
9P3GXUB7SI,118.785,31.7746,0,0,0,0,14-3-31 8:18:11,1
9P3GXUB7SI,118.785,31.7746,0,0,0,0,14-3-31 8:20:12,1
9P3GXUB7SI,118.785,31.7746,0,0,0,0,14-3-31 8:22:13,1
9P3GXUB7SI,118.785,31.7746,0,0,0,0,14-3-31 8:24:14,1
9P3GXUB7SI,118.785,31.7746,0,0,0,0,14-3-31 8:26:15,1
9P3GXUB7SI,118.785,31.7746,0,0,0,0,14-3-31 8:28:16,1
9P3GXUB7SI,118.785,31.7746,0,0,0,0,14-3-31 8:30:17,1
9P3GXUB7SI,118.785,31.7746,0,0,0,0,14-3-31 8:32:18,1
9P3GXUB7SI,118.785,31.7746,0,0,0,0,14-3-31 8:34:19,1
9P3GXUB7SI,118.785,31.7746,0,0,0,0,14-3-31 8:36:27,1
9P3GXUB7SI,118.785,31.7746,0,0,0,0,14-3-31 8:38:28,1
9P3GXUB7SI,118.785,31.7746,0,0,0,0,14-3-31 8:40:29,1
9P3GXUB7SI,118.785,31.7746,0,0,0,0,14-3-31 8:42:30,1
9P3GXUB7SI,118.785,31.7746,0,0,0,0,14-3-31 8:44:31,1
9P3GXUB7SI,118.785,31.7746,0,0,0,0,14-3-31 8:46:32,1
9P3GXUB7SI,118.775,31.7738,0,0,0,0,14-3-31 8:48:33,1
9P3GXUB7SI,118.775,31.7738,0,0,0,0,14-3-31 8:50:34,1
9P3GXUB7SI,118.775,31.7738,0,0,0,0,14-3-31 8:52:35,1
9P3GXUB7SI,118.775,31.7738,0,0,0,0,14-3-31 8:54:36,1
9P3GXUB7SI,118.775,31.7738,0,0,0,0,14-3-31 8:56:37,1
9P3GXUB7SI,118.775,31.7738,0,0,0,0,14-3-31 8:58:38,1
9P3GXUB7SI,118.775,31.7738,0,0,0,0,14-3-31 9:0:39,1
9P3GXUB7SI,118.775,31.7738,0,0,0,0,14-3-31 9:2:40,1
9P3GXUB7SI,118.775,31.7738,0,0,0,0,14-3-31 9:4:41,1
9P3GXUB7SI,118.775,31.7738,0,0,0,0,14-3-31 9:6:42,1
9P3GXUB7SI,118.775,31.7738,0,0,0,0,14-3-31 9:8:43,1
9P3GXUB7SI,118.775,31.7738,0,0,0,0,14-3-31 9:10:44,1
9P3GXUB7SI,118.775,31.7738,0,0,0,0,14-3-31 9:12:45,1
9P3GXUB7SI,118.775,31.7738,0,0,0,0,14-3-31 9:14:46,1
9P3GXUB7SI,118.775,31.7738,0,0,0,0,14-3-31 9:16:47,1
9P3GXUB7SI,118.775,31.7738,0,0,0,0,14-3-31 9:18:48,1
9P3GXUB7SI,118.785,31.7746,0,0,0,0,14-3-31 9:20:49,1
9P3GXUB7SI,118.785,31.7746,0,0,0,0,14-3-31 9:22:50,1
9P3GXUB7SI,118.785,31.7746,0,0,0,0,14-3-31 9:24:51,1
9P3GXUB7SI,118.785,31.7746,0,0,0,0,14-3-31 9:28:54,1
9P3GXUB7SI,118.785,31.7746,0,0,0,0,14-3-31 9:30:54,1
9P3GXUB7SI,118.785,31.7746,0,0,0,0,14-3-31 9:32:55,1
9P3GXUB7SI,118.785,31.7746,0,0,0,0,14-3-31 9:34:56,1
9P3GXUB7SI,118.785,31.7746,0,0,0,0,14-3-31 9:37:3,1
9P3GXUB7SI,118.785,31.7746,0,0,0,0,14-3-31 9:39:5,1
9P3GXUB7SI,118.775,31.7738,0,0,0,0,14-3-31 9:41:5,1
9P3GXUB7SI,118.775,31.7738,0,0,0,0,14-3-31 9:43:6,1
9P3GXUB7SI,118.775,31.7738,0,0,0,0,14-3-31 9:45:7,1
9P3GXUB7SI,118.775,31.7738,0,0,0,0,14-3-31 9:47:8,1
9P3GXUB7SI,118.775,31.7738,0,0,0,0,14-3-31 9:49:9,1
9P3GXUB7SI,118.775,31.7738,0,0,0,0,14-3-31 9:51:10,1
9P3GXUB7SI,118.775,31.7738,0,0,0,0,14-3-31 9:53:11,1
9P3GXUB7SI,118.775,31.7738,0,0,0,0,14-3-31 9:55:12,1
9P3GXUB7SI,118.775,31.7738,0,0,0,0,14-3-31 9:59:15,1
9P3GXUB7SI,118.775,31.7738,0,0,0,0,14-3-31 10:1:15,1
9P3GXUB7SI,118.775,31.7738,0,0,0,0,14-3-31 10:3:16,1
9P3GXUB7SI,118.785,31.7746,0,0,0,0,14-3-31 10:5:17,1
9P3GXUB7SI,118.785,31.7746,0,0,0,0,14-3-31 10:7:18,1
9P3GXUB7SI,118.785,31.7746,0,0,0,0,14-3-31 10:9:19,1
9P3GXUB7SI,118.785,31.7746,0,0,0,0,14-3-31 10:11:20,1
9P3GXUB7SI,118.785,31.7746,0,0,0,0,14-3-31 10:13:21,1
9P3GXUB7SI,118.785,31.7746,0,0,0,0,14-3-31 10:15:22,1
9P3GXUB7SI,118.785,31.7746,0,0,0,0,14-3-31 10:19:25,1
9P3GXUB7SI,118.785,31.7746,0,0,0,0,14-3-31 10:21:25,1
9P3GXUB7SI,118.785,31.7746,0,0,0,0,14-3-31 10:23:26,1
9P3GXUB7SI,118.785,31.7746,0,0,0,0,14-3-31 10:25:27,1
9P3GXUB7SI,118.785,31.7746,0,0,0,0,14-3-31 10:27:28,1
9P3GXUB7SI,118.785,31.7746,0,0,0,0,14-3-31 10:29:29,1
9P3GXUB7SI,118.785,31.7746,0,0,0,0,14-3-31 10:31:30,1
9P3GXUB7SI,118.785,31.7746,0,0,0,0,14-3-31 10:33:31,1
9P3GXUB7SI,118.785,31.7746,0,0,0,0,14-3-31 10:35:39,1
9P3GXUB7SI,118.785,31.7746,0,0,0,0,14-3-31 10:37:40,1
9P3GXUB7SI,118.785,31.7746,0,0,0,0,14-3-31 10:39:41,1
9P3GXUB7SI,118.775,31.7738,0,0,0,0,14-3-31 10:41:42,1
9P3GXUB7SI,118.775,31.7738,0,0,0,0,14-3-31 10:43:44,1
9P3GXUB7SI,118.775,31.7738,0,0,0,0,14-3-31 10:45:44,1
9P3GXUB7SI,118.775,31.7738,0,0,0,0,14-3-31 10:47:45,1
9P3GXUB7SI,118.812,31.7787,0,0,0,0,14-3-31 10:49:46,1
9P3GXUB7SI,118.812,31.7787,0,0,0,0,14-3-31 10:51:47,1
9P3GXUB7SI,118.812,31.7787,0,0,0,0,14-3-31 10:53:48,1
9P3GXUB7SI,118.812,31.7787,0,0,0,0,14-3-31 10:55:49,1
9P3GXUB7SI,118.812,31.7787,0,0,0,0,14-3-31 10:57:50,1
9P3GXUB7SI,118.812,31.7787,0,0,0,0,14-3-31 10:59:51,1
9P3GXUB7SI,118.812,31.7787,0,0,0,0,14-3-31 11:1:52,1
9P3GXUB7SI,118.812,31.7787,0,0,0,0,14-3-31 11:3:53,1
9P3GXUB7SI,118.812,31.7787,0,0,0,0,14-3-31 11:5:54,1
9P3GXUB7SI,118.812,31.7787,0,0,0,0,14-3-31 11:7:56,1
9P3GXUB7SI,118.812,31.7787,0,0,0,0,14-3-31 11:9:56,1
9P3GXUB7SI,118.812,31.7787,0,0,0,0,14-3-31 11:11:57,1
9P3GXUB7SI,118.812,31.7787,0,0,0,0,14-3-31 11:13:58,1
9P3GXUB7SI,118.812,31.7787,0,0,0,0,14-3-31 11:15:59,1
9P3GXUB7SI,118.812,31.7787,0,0,0,0,14-3-31 11:18:0,1
9P3GXUB7SI,118.784,31.7814,0,0,0,0,14-3-31 11:22:3,1
9P3GXUB7SI,118.784,31.7814,0,0,0,0,14-3-31 11:24:3,1
9P3GXUB7SI,118.784,31.7814,0,0,0,0,14-3-31 11:26:4,1
9P3GXUB7SI,118.784,31.7814,0,0,0,0,14-3-31 11:28:5,1
9P3GXUB7SI,118.784,31.7814,0,0,0,0,14-3-31 11:30:6,1
9P3GXUB7SI,118.775,31.7738,0,0,0,0,14-3-31 11:32:7,1
9P3GXUB7SI,118.785,31.7746,0,0,0,0,14-3-31 11:34:8,1
9P3GXUB7SI,118.785,31.7746,0,0,0,0,14-3-31 11:36:16,1
9P3GXUB7SI,118.785,31.7746,0,0,0,0,14-3-31 11:38:17,1
9P3GXUB7SI,118.785,31.7746,0,0,0,0,14-3-31 11:40:18,1
9P3GXUB7SI,118.785,31.7746,0,0,0,0,14-3-31 11:42:19,1
9P3GXUB7SI,118.785,31.7746,0,0,0,0,14-3-31 11:44:21,1
9P3GXUB7SI,118.785,31.7746,0,0,0,0,14-3-31 11:46:21,1
9P3GXUB7SI,118.785,31.7746,0,0,0,0,14-3-31 11:48:22,1
9P3GXUB7SI,118.785,31.7746,0,0,0,0,14-3-31 11:50:23,1
9P3GXUB7SI,118.785,31.7746,0,0,0,0,14-3-31 11:52:24,1
9P3GXUB7SI,118.785,31.7746,0,0,0,0,14-3-31 11:54:25,1
9P3GXUB7SI,118.785,31.7746,0,0,0,0,14-3-31 11:56:27,1
9P3GXUB7SI,118.785,31.7746,0,0,0,0,14-3-31 11:58:28,1
9P3GXUB7SI,118.785,31.7746,0,0,0,0,14-3-31 12:0:28,1
9P3GXUB7SI,118.785,31.7746,0,0,0,0,14-3-31 12:2:29,1
9P3GXUB7SI,118.784,31.775,0,0,0,0,14-3-31 12:4:30,1
9P3GXUB7SI,118.812,31.7787,0,0,0,0,14-3-31 12:6:31,1
9P3GXUB7SI,118.812,31.7787,0,0,0,0,14-3-31 12:8:32,1
9P3GXUB7SI,118.797,31.7823,0,0,0,0,14-3-31 12:10:33,1
9P3GXUB7SI,118.797,31.7823,0,0,0,0,14-3-31 12:12:34,0
9P3GXUB7SI,118.802,31.8005,0,0,0,0,14-3-31 12:14:35,1
9P3GXUB7SI,118.802,31.8005,0,0,0,0,14-3-31 12:16:36,0
9P3GXUB7SI,118.802,31.8005,0,0,0,0,14-3-31 12:18:37,0
9P3GXUB7SI,118.802,31.8005,0,0,0,0,14-3-31 12:20:38,0
9P3GXUB7SI,118.798,31.8637,0,0,0,0,14-3-31 12:22:39,1
9P3GXUB7SI,118.798,31.8637,0,0,0,0,14-3-31 12:24:40,0
9P3GXUB7SI,118.798,31.8637,0,0,0,0,14-3-31 12:26:41,0
9P3GXUB7SI,118.798,31.8637,0,0,0,0,14-3-31 12:28:42,0
9P3GXUB7SI,118.824,31.8767,0,0,0,0,14-3-31 12:30:43,1
9P3GXUB7SI,118.824,31.8807,0,0,0,0,14-3-31 12:32:44,1
9P3GXUB7SI,118.824,31.8807,0,0,0,0,14-3-31 12:34:46,1
9P3GXUB7SI,118.824,31.8807,0,0,0,0,14-3-31 12:36:46,0
9P3GXUB7SI,118.824,31.8807,0,0,0,0,14-3-31 12:38:53,0
9P3GXUB7SI,118.824,31.8807,0,0,0,0,14-3-31 12:40:54,0
9P3GXUB7SI,118.883,31.9518,0,0,0,0,14-3-31 12:42:55,1
9P3GXUB7SI,118.903,32.0061,0,0,0,0,14-3-31 12:46:58,1
9P3GXUB7SI,118.903,32.0061,0,0,0,0,14-3-31 12:48:58,0
9P3GXUB7SI,118.903,32.0061,0,0,0,0,14-3-31 12:51:0,0
9P3GXUB7SI,118.956,32.0628,0,0,0,0,14-3-31 12:53:2,1
9P3GXUB7SI,118.973,32.063,0,0,0,0,14-3-31 12:55:3,1
9P3GXUB7SI,119.009,32.0574,0,0,0,0,14-3-31 12:57:4,1
9P3GXUB7SI,119.037,32.0624,0,0,0,0,14-3-31 12:59:5,1
9P3GXUB7SI,119.072,32.0605,0,0,0,0,14-3-31 13:1:6,1
9P3GXUB7SI,119.094,32.0526,0,0,0,0,14-3-31 13:3:7,1
9P3GXUB7SI,119.143,32.0482,0,0,0,0,14-3-31 13:7:10,1
9P3GXUB7SI,119.187,32.0464,0,0,0,0,14-3-31 13:9:10,1
9P3GXUB7SI,119.222,32.0442,0,0,0,0,14-3-31 13:11:11,1
9P3GXUB7SI,119.222,32.0442,0,0,0,0,14-3-31 13:13:12,0
9P3GXUB7SI,119.272,32.0399,0,0,0,0,14-3-31 13:15:14,1
9P3GXUB7SI,119.309,32.0385,0,0,0,0,14-3-31 13:17:14,1
9P3GXUB7SI,119.35,32.0395,0,0,0,0,14-3-31 13:19:15,1
9P3GXUB7SI,119.37,32.0424,0,0,0,0,14-3-31 13:21:16,1
9P3GXUB7SI,119.402,32.0499,0,0,0,0,14-3-31 13:23:17,1
9P3GXUB7SI,119.421,32.0538,0,0,0,0,14-3-31 13:25:18,1
9P3GXUB7SI,119.464,32.0563,0,0,0,0,14-3-31 13:27:19,1
9P3GXUB7SI,119.464,32.0563,0,0,0,0,14-3-31 13:29:20,0
9P3GXUB7SI,119.544,32.0446,0,0,0,0,14-3-31 13:31:21,1
9P3GXUB7SI,119.544,32.0446,0,0,0,0,14-3-31 13:33:23,0
9P3GXUB7SI,119.577,32.0428,0,0,0,0,14-3-31 13:35:25,1
9P3GXUB7SI,119.607,32.0344,0,0,0,0,14-3-31 13:37:31,1
9P3GXUB7SI,119.633,32.0215,0,0,0,0,14-3-31 13:39:32,1
9P3GXUB7SI,119.661,31.9992,0,0,0,0,14-3-31 13:41:33,1
9P3GXUB7SI,119.686,31.9769,0,0,0,0,14-3-31 13:43:34,1
9P3GXUB7SI,119.686,31.9769,0,0,0,0,14-3-31 13:45:35,0
9P3GXUB7SI,119.686,31.9769,0,0,0,0,14-3-31 13:47:36,0
9P3GXUB7SI,119.686,31.9769,0,0,0,0,14-3-31 13:49:37,0
9P3GXUB7SI,119.787,31.9252,0,0,0,0,14-3-31 13:51:38,1
9P3GXUB7SI,119.816,31.913,0,0,0,0,14-3-31 13:53:39,1
9P3GXUB7SI,119.848,31.8987,0,0,0,0,14-3-31 13:55:40,1
9P3GXUB7SI,119.867,31.8891,0,0,0,0,14-3-31 13:57:41,1
9P3GXUB7SI,119.89,31.8791,0,0,0,0,14-3-31 13:59:42,1
9P3GXUB7SI,119.89,31.8791,0,0,0,0,14-3-31 14:1:43,0
9P3GXUB7SI,119.945,31.8545,0,0,0,0,14-3-31 14:3:44,1
9P3GXUB7SI,119.972,31.8467,0,0,0,0,14-3-31 14:5:45,1
9P3GXUB7SI,119.972,31.8467,0,0,0,0,14-3-31 14:7:46,0
9P3GXUB7SI,119.972,31.8467,0,0,0,0,14-3-31 14:9:47,0
9P3GXUB7SI,120.036,31.8134,0,0,0,0,14-3-31 14:11:48,1
9P3GXUB7SI,120.066,31.7949,0,0,0,0,14-3-31 14:13:49,1
9P3GXUB7SI,120.085,31.7784,0,0,0,0,14-3-31 14:15:50,1
9P3GXUB7SI,120.104,31.755,0,0,0,0,14-3-31 14:17:51,1
9P3GXUB7SI,120.13,31.7371,0,0,0,0,14-3-31 14:19:53,1
9P3GXUB7SI,120.144,31.7289,0,0,0,0,14-3-31 14:21:54,1
9P3GXUB7SI,120.179,31.7116,0,0,0,0,14-3-31 14:23:55,1
9P3GXUB7SI,120.201,31.7085,0,0,0,0,14-3-31 14:25:56,1
9P3GXUB7SI,120.212,31.7058,0,0,0,0,14-3-31 14:27:57,1
9P3GXUB7SI,120.258,31.6891,0,0,0,0,14-3-31 14:29:58,1
9P3GXUB7SI,120.283,31.6668,0,0,0,0,14-3-31 14:31:59,1
9P3GXUB7SI,120.307,31.6515,0,0,0,0,14-3-31 14:34:0,1
9P3GXUB7SI,120.307,31.6515,0,0,0,0,14-3-31 14:36:8,0
9P3GXUB7SI,120.342,31.6193,0,0,0,0,14-3-31 14:38:9,1
9P3GXUB7SI,120.383,31.5809,0,0,0,0,14-3-31 14:42:12,1
9P3GXUB7SI,120.396,31.5518,0,0,0,0,14-3-31 14:44:12,1
9P3GXUB7SI,120.418,31.5322,0,0,0,0,14-3-31 14:46:13,1
9P3GXUB7SI,120.427,31.5256,0,0,0,0,14-3-31 14:48:14,1
9P3GXUB7SI,120.427,31.5256,0,0,0,0,14-3-31 14:50:15,1
9P3GXUB7SI,120.453,31.5081,0,0,0,0,14-3-31 14:52:16,1
9P3GXUB7SI,120.468,31.4906,0,0,0,0,14-3-31 14:54:17,1
9P3GXUB7SI,120.485,31.4676,0,0,0,0,14-3-31 14:56:19,1
9P3GXUB7SI,120.485,31.4676,0,0,0,0,14-3-31 14:58:20,0
9P3GXUB7SI,120.513,31.4378,0,0,0,0,14-3-31 15:0:22,1
9P3GXUB7SI,120.511,31.4151,0,0,0,0,14-3-31 15:2:23,1
9P3GXUB7SI,120.527,31.4094,0,0,0,0,14-3-31 15:4:23,1
9P3GXUB7SI,120.547,31.3717,0,0,0,0,14-3-31 15:6:24,1
9P3GXUB7SI,120.569,31.3543,0,0,0,0,14-3-31 15:8:25,1
9P3GXUB7SI,120.599,31.3504,0,0,0,0,14-3-31 15:10:26,1
9P3GXUB7SI,120.629,31.35,0,0,0,0,14-3-31 15:12:28,1
9P3GXUB7SI,120.658,31.3469,0,0,0,0,14-3-31 15:14:28,1
9P3GXUB7SI,120.692,31.3523,0,0,0,0,14-3-31 15:16:30,1
9P3GXUB7SI,120.731,31.3586,0,0,0,0,14-3-31 15:18:30,1
9P3GXUB7SI,120.746,31.3634,0,0,0,0,14-3-31 15:20:31,1
9P3GXUB7SI,120.807,31.3617,0,0,0,0,14-3-31 15:24:34,1
9P3GXUB7SI,120.807,31.3617,0,0,0,0,14-3-31 15:26:34,0
9P3GXUB7SI,120.874,31.3523,0,0,0,0,14-3-31 15:28:36,1
9P3GXUB7SI,120.888,31.3523,0,0,0,0,14-3-31 15:30:36,1
9P3GXUB7SI,120.888,31.3523,0,0,0,0,14-3-31 15:34:39,0
9P3GXUB7SI,120.97,31.3423,0,0,0,0,14-3-31 15:36:46,1
9P3GXUB7SI,120.997,31.3346,0,0,0,0,14-3-31 15:38:47,1
9P3GXUB7SI,121.025,31.3329,0,0,0,0,14-3-31 15:40:48,1
9P3GXUB7SI,121.053,31.3288,0,0,0,0,14-3-31 15:42:49,1
9P3GXUB7SI,121.053,31.3288,0,0,0,0,14-3-31 15:44:50,0
9P3GXUB7SI,121.099,31.3081,0,0,0,0,14-3-31 15:46:51,1
9P3GXUB7SI,121.116,31.3,0,0,0,0,14-3-31 15:48:52,1
9P3GXUB7SI,121.116,31.3,0,0,0,0,14-3-31 15:50:53,1
9P3GXUB7SI,121.137,31.2916,0,0,0,0,14-3-31 15:52:54,1
9P3GXUB7SI,121.137,31.2916,0,0,0,0,14-3-31 15:54:55,1
9P3GXUB7SI,121.137,31.2916,0,0,0,0,14-3-31 15:56:56,1
9P3GXUB7SI,121.137,31.2916,0,0,0,0,14-3-31 15:58:57,0
9P3GXUB7SI,121.137,31.2916,0,0,0,0,14-3-31 16:0:58,0
9P3GXUB7SI,121.137,31.2916,0,0,0,0,14-3-31 16:2:59,0
9P3GXUB7SI,121.137,31.2916,0,0,0,0,14-3-31 16:5:0,0
9P3GXUB7SI,121.479,31.1967,0,0,0,0,14-3-31 16:7:2,1
9P3GXUB7SI,121.274,31.2559,0,0,0,0,14-3-31 16:9:2,1
9P3GXUB7SI,121.328,31.2534,0,0,0,0,14-3-31 16:13:5,1
9P3GXUB7SI,121.328,31.2534,0,0,0,0,14-3-31 16:15:5,1
9P3GXUB7SI,121.328,31.2534,0,0,0,0,14-3-31 16:17:6,0
9P3GXUB7SI,121.344,31.2426,0,0,0,0,14-3-31 16:19:7,1
9P3GXUB7SI,121.344,31.2426,0,0,0,0,14-3-31 16:21:8,0
9P3GXUB7SI,121.35,31.2021,0,0,0,0,14-3-31 16:23:9,1
9P3GXUB7SI,121.352,31.1919,0,0,0,0,14-3-31 16:25:10,1
9P3GXUB7SI,121.352,31.1919,0,0,0,0,14-3-31 16:27:11,0
9P3GXUB7SI,121.364,31.1561,0,0,0,0,14-3-31 16:29:13,1
9P3GXUB7SI,121.364,31.1561,0,0,0,0,14-3-31 16:31:13,0
9P3GXUB7SI,121.387,31.1237,0,0,0,0,14-3-31 16:33:14,1
9P3GXUB7SI,121.399,31.1209,0,0,0,0,14-3-31 16:35:15,1
9P3GXUB7SI,121.422,31.1225,0,0,0,0,14-3-31 16:37:22,1
9P3GXUB7SI,121.447,31.1258,0,0,0,0,14-3-31 16:39:23,1
9P3GXUB7SI,121.447,31.1258,0,0,0,0,14-3-31 16:41:24,0
9P3GXUB7SI,121.582,31.1487,0,0,0,0,14-3-31 16:52:0,1
9P3GXUB7SI,121.594,31.1514,0,0,0,0,14-3-31 16:54:1,1
9P3GXUB7SI,121.62,31.1552,0,0,0,0,14-3-31 16:56:4,1
9P3GXUB7SI,121.644,31.1589,0,0,0,0,14-3-31 16:58:5,1
9P3GXUB7SI,121.645,31.1453,0,0,0,0,14-3-31 17:0:6,1
9P3GXUB7SI,121.65,31.1292,0,0,0,0,14-3-31 17:2:7,1
9P3GXUB7SI,121.654,31.1146,0,0,0,0,14-3-31 17:4:8,1
9P3GXUB7SI,121.663,31.081,0,0,0,0,14-3-31 17:6:10,1
9P3GXUB7SI,121.666,31.0627,0,0,0,0,14-3-31 17:8:11,1
9P3GXUB7SI,121.666,31.0467,0,0,0,0,14-3-31 17:10:13,1
9P3GXUB7SI,121.666,31.0375,0,0,0,0,14-3-31 17:12:13,1
9P3GXUB7SI,121.681,31.037,0,0,0,0,14-3-31 17:14:14,1
9P3GXUB7SI,121.692,31.0385,0,0,0,0,14-3-31 17:16:15,1
9P3GXUB7SI,121.697,31.0395,0,0,0,0,14-3-31 17:18:16,1
9P3GXUB7SI,121.697,31.0395,0,0,0,0,14-3-31 17:20:17,1
9P3GXUB7SI,121.697,31.0395,0,0,0,0,14-3-31 17:22:18,1
9P3GXUB7SI,121.697,31.0395,0,0,0,0,14-3-31 17:24:19,1
9P3GXUB7SI,121.697,31.0395,0,0,0,0,14-3-31 17:26:20,1
9P3GXUB7SI,121.697,31.0395,0,0,0,0,14-3-31 17:28:21,1
9P3GXUB7SI,121.697,31.0395,0,0,0,0,14-3-31 17:30:22,1
9P3GXUB7SI,121.697,31.0395,0,0,0,0,14-3-31 17:32:23,1
9P3GXUB7SI,121.697,31.0395,0,0,0,0,14-3-31 17:34:24,1
9P3GXUB7SI,121.697,31.0395,0,0,0,0,14-3-31 17:36:30,1
9P3GXUB7SI,121.697,31.0395,0,0,0,0,14-3-31 17:38:31,1
9P3GXUB7SI,121.697,31.0395,0,0,0,0,14-3-31 17:40:32,1
9P3GXUB7SI,121.697,31.0395,0,0,0,0,14-3-31 17:42:33,1
9P3GXUB7SI,121.697,31.0395,0,0,0,0,14-3-31 17:44:35,1
9P3GXUB7SI,121.697,31.0395,0,0,0,0,14-3-31 17:46:35,1
9P3GXUB7SI,121.697,31.0395,0,0,0,0,14-3-31 17:48:36,1
9P3GXUB7SI,121.697,31.0395,0,0,0,0,14-3-31 17:50:37,1
9P3GXUB7SI,121.697,31.0395,0,0,0,0,14-3-31 17:52:38,1
9P3GXUB7SI,121.697,31.0395,0,0,0,0,14-3-31 17:54:39,1
9P3GXUB7SI,121.696,31.032,0,0,0,0,14-3-31 17:56:40,1
9P3GXUB7SI,121.696,31.032,0,0,0,0,14-3-31 17:58:41,1
9P3GXUB7SI,121.696,31.032,0,0,0,0,14-3-31 18:0:42,1
9P3GXUB7SI,121.696,31.032,0,0,0,0,14-3-31 18:2:43,1
9P3GXUB7SI,121.696,31.032,0,0,0,0,14-3-31 18:4:44,1
9P3GXUB7SI,121.696,31.032,0,0,0,0,14-3-31 18:6:45,1
9P3GXUB7SI,121.696,31.032,0,0,0,0,14-3-31 18:8:46,1
9P3GXUB7SI,121.696,31.032,0,0,0,0,14-3-31 18:10:47,1
9P3GXUB7SI,121.696,31.032,0,0,0,0,14-3-31 18:12:48,1
9P3GXUB7SI,121.696,31.032,0,0,0,0,14-3-31 18:14:49,1
9P3GXUB7SI,121.696,31.032,0,0,0,0,14-3-31 18:16:50,1
9P3GXUB7SI,121.696,31.032,0,0,0,0,14-3-31 18:18:51,1
9P3GXUB7SI,121.696,31.032,0,0,0,0,14-3-31 18:20:52,1
9P3GXUB7SI,121.696,31.032,0,0,0,0,14-3-31 18:22:53,1
9P3GXUB7SI,121.696,31.032,0,0,0,0,14-3-31 18:24:54,1
9P3GXUB7SI,121.696,31.032,0,0,0,0,14-3-31 18:26:55,1
9P3GXUB7SI,121.696,31.032,0,0,0,0,14-3-31 18:28:56,1
9P3GXUB7SI,121.696,31.032,0,0,0,0,14-3-31 18:30:57,1
9P3GXUB7SI,121.696,31.032,0,0,0,0,14-3-31 18:32:58,1
9P3GXUB7SI,121.696,31.032,0,0,0,0,14-3-31 18:34:59,1
9P3GXUB7SI,121.697,31.0395,0,0,0,0,14-3-31 18:37:7,1
9P3GXUB7SI,121.678,31.0368,0,0,0,0,14-3-31 18:41:10,1
9P3GXUB7SI,121.678,31.0368,0,0,0,0,14-3-31 18:43:10,0
9P3GXUB7SI,121.666,31.0467,0,0,0,0,14-3-31 18:45:11,1
9P3GXUB7SI,121.666,31.0627,0,0,0,0,14-3-31 18:47:12,1
9P3GXUB7SI,121.663,31.081,0,0,0,0,14-3-31 18:49:13,1
9P3GXUB7SI,121.663,31.081,0,0,0,0,14-3-31 18:51:14,0
9P3GXUB7SI,121.652,31.1221,0,0,0,0,14-3-31 18:53:15,1
9P3GXUB7SI,121.645,31.1453,0,0,0,0,14-3-31 18:55:16,1
9P3GXUB7SI,121.645,31.1453,0,0,0,0,14-3-31 18:57:17,1
9P3GXUB7SI,121.644,31.1589,0,0,0,0,14-3-31 18:59:18,1
9P3GXUB7SI,121.62,31.1552,0,0,0,0,14-3-31 19:1:19,1
9P3GXUB7SI,121.598,31.1519,0,0,0,0,14-3-31 19:3:20,1
9P3GXUB7SI,121.582,31.1489,0,0,0,0,14-3-31 19:5:22,1
9P3GXUB7SI,121.556,31.1458,0,0,0,0,14-3-31 19:7:22,1
9P3GXUB7SI,121.53,31.1401,0,0,0,0,14-3-31 19:9:23,1
9P3GXUB7SI,121.53,31.1401,0,0,0,0,14-3-31 19:11:25,1
9P3GXUB7SI,121.488,31.1361,0,0,0,0,14-3-31 19:13:25,1
9P3GXUB7SI,121.478,31.1328,0,0,0,0,14-3-31 19:15:26,1
9P3GXUB7SI,121.47,31.1315,0,0,0,0,14-3-31 19:17:17,1
9P3GXUB7SI,121.47,31.1315,0,0,0,0,14-3-31 19:17:41,1
9P3GXUB7SI,121.466,31.1299,0,0,0,0,14-3-31 19:17:46,1
9P3GXUB7SI,121.461,31.1284,0,0,0,0,14-3-31 19:17:57,1
9P3GXUB7SI,121.461,31.1284,0,0,0,0,14-3-31 19:18:8,1
9P3GXUB7SI,121.419,31.1221,0,0,0,0,14-3-31 19:22:10,1
9P3GXUB7SI,121.402,31.1211,0,0,0,0,14-3-31 19:24:11,1
9P3GXUB7SI,121.382,31.1285,0,0,0,0,14-3-31 19:26:12,1
9P3GXUB7SI,121.382,31.1285,0,0,0,0,14-3-31 19:28:13,0
9P3GXUB7SI,121.382,31.1285,0,0,0,0,14-3-31 19:30:14,0
9P3GXUB7SI,121.382,31.1285,0,0,0,0,14-3-31 19:32:15,0
9P3GXUB7SI,121.382,31.1285,0,0,0,0,14-3-31 19:34:16,0
9P3GXUB7SI,121.382,31.1285,0,0,0,0,14-3-31 19:36:17,0
9P3GXUB7SI,121.382,31.1285,0,0,0,0,14-3-31 19:40:27,0
9P3GXUB7SI,121.354,31.187,0,0,0,0,14-3-31 19:42:27,1
9P3GXUB7SI,121.352,31.1919,0,0,0,0,14-3-31 19:44:28,1
9P3GXUB7SI,121.35,31.2082,0,0,0,0,14-3-31 19:46:29,1
9P3GXUB7SI,121.339,31.2255,0,0,0,0,14-3-31 19:50:32,1
9P3GXUB7SI,121.332,31.2254,0,0,0,0,14-3-31 19:54:34,1
9P3GXUB7SI,121.321,31.2229,0,0,0,0,14-3-31 19:56:34,1
9P3GXUB7SI,121.315,31.2224,0,0,0,0,14-3-31 19:58:35,1
9P3GXUB7SI,121.313,31.2218,0,0,0,0,14-3-31 20:0:36,1
9P3GXUB7SI,121.313,31.2218,0,0,0,0,14-3-31 20:2:37,0
9P3GXUB7SI,121.289,31.2165,0,0,0,0,14-3-31 20:4:38,1
9P3GXUB7SI,121.289,31.2165,0,0,0,0,14-3-31 20:6:39,0
9P3GXUB7SI,121.28,31.222,0,0,0,0,14-3-31 20:8:40,1
9P3GXUB7SI,121.28,31.222,0,0,0,0,14-3-31 20:10:41,1
9P3GXUB7SI,121.28,31.222,0,0,0,0,14-3-31 20:12:42,1
9P3GXUB7SI,121.28,31.222,0,0,0,0,14-3-31 20:14:43,1
9P3GXUB7SI,121.28,31.222,0,0,0,0,14-3-31 20:16:44,1
9P3GXUB7SI,121.28,31.222,0,0,0,0,14-3-31 20:18:45,1
9P3GXUB7SI,121.28,31.222,0,0,0,0,14-3-31 20:20:46,1
9P3GXUB7SI,121.28,31.222,0,0,0,0,14-3-31 20:22:47,1
9P3GXUB7SI,121.28,31.222,0,0,0,0,14-3-31 20:24:48,1
9P3GXUB7SI,121.28,31.222,0,0,0,0,14-3-31 20:26:49,1
9P3GXUB7SI,121.28,31.222,0,0,0,0,14-3-31 20:28:50,1
9P3GXUB7SI,121.28,31.222,0,0,0,0,14-3-31 20:30:51,1
9P3GXUB7SI,121.28,31.222,0,0,0,0,14-3-31 20:32:52,1
9P3GXUB7SI,121.28,31.222,0,0,0,0,14-3-31 20:34:53,1
9P3GXUB7SI,121.28,31.222,0,0,0,0,14-3-31 20:37:1,1
9P3GXUB7SI,121.28,31.222,0,0,0,0,14-3-31 20:39:2,1
9P3GXUB7SI,121.28,31.222,0,0,0,0,14-3-31 20:41:3,1
9P3GXUB7SI,121.28,31.222,0,0,0,0,14-3-31 20:43:4,1
9P3GXUB7SI,121.28,31.222,0,0,0,0,14-3-31 20:45:5,1
9P3GXUB7SI,121.28,31.222,0,0,0,0,14-3-31 20:47:6,1
9P3GXUB7SI,121.28,31.222,0,0,0,0,14-3-31 20:49:7,1
9P3GXUB7SI,121.28,31.222,0,0,0,0,14-3-31 20:51:8,1
9P3GXUB7SI,121.28,31.222,0,0,0,0,14-3-31 20:53:9,1
9P3GXUB7SI,121.28,31.222,0,0,0,0,14-3-31 20:55:10,1
9P3GXUB7SI,121.28,31.222,0,0,0,0,14-3-31 20:57:11,1
9P3GXUB7SI,121.28,31.222,0,0,0,0,14-3-31 20:59:12,1
9P3GXUB7SI,121.28,31.222,0,0,0,0,14-3-31 21:1:13,1
9P3GXUB7SI,121.28,31.222,0,0,0,0,14-3-31 21:3:14,1
9P3GXUB7SI,121.28,31.222,0,0,0,0,14-3-31 21:5:15,1
9P3GXUB7SI,121.28,31.222,0,0,0,0,14-3-31 21:7:16,1
9P3GXUB7SI,121.28,31.222,0,0,0,0,14-3-31 21:9:17,1
9P3GXUB7SI,121.28,31.222,0,0,0,0,14-3-31 21:11:18,1
9P3GXUB7SI,121.28,31.222,0,0,0,0,14-3-31 21:13:19,1
9P3GXUB7SI,121.28,31.222,0,0,0,0,14-3-31 21:15:20,1
9P3GXUB7SI,121.28,31.222,0,0,0,0,14-3-31 21:17:21,1
9P3GXUB7SI,121.28,31.222,0,0,0,0,14-3-31 21:19:22,1
9P3GXUB7SI,121.28,31.222,0,0,0,0,14-3-31 21:21:23,1
9P3GXUB7SI,121.28,31.222,0,0,0,0,14-3-31 21:23:24,1
9P3GXUB7SI,121.28,31.222,0,0,0,0,14-3-31 21:25:25,1
9P3GXUB7SI,121.28,31.222,0,0,0,0,14-3-31 21:27:26,1
9P3GXUB7SI,121.28,31.222,0,0,0,0,14-3-31 21:29:27,1
9P3GXUB7SI,121.28,31.222,0,0,0,0,14-3-31 21:31:28,1
9P3GXUB7SI,121.28,31.222,0,0,0,0,14-3-31 21:33:29,1
9P3GXUB7SI,121.28,31.222,0,0,0,0,14-3-31 21:35:30,1
9P3GXUB7SI,121.28,31.222,0,0,0,0,14-3-31 21:37:38,1
9P3GXUB7SI,121.28,31.222,0,0,0,0,14-3-31 21:39:39,1
9P3GXUB7SI,121.28,31.222,0,0,0,0,14-3-31 21:41:40,1
9P3GXUB7SI,121.28,31.222,0,0,0,0,14-3-31 21:45:43,1
9P3GXUB7SI,121.28,31.222,0,0,0,0,14-3-31 21:49:45,1
9P3GXUB7SI,121.28,31.222,0,0,0,0,14-3-31 21:51:45,1
9P3GXUB7SI,121.28,31.222,0,0,0,0,14-3-31 21:53:46,1
9P3GXUB7SI,121.28,31.222,0,0,0,0,14-3-31 21:55:47,1
9P3GXUB7SI,121.28,31.222,0,0,0,0,14-3-31 21:57:48,1
9P3GXUB7SI,121.28,31.222,0,0,0,0,14-3-31 21:59:49,1
9P3GXUB7SI,121.28,31.222,0,0,0,0,14-3-31 22:1:50,1
9P3GXUB7SI,121.28,31.222,0,0,0,0,14-3-31 22:5:53,1
9P3GXUB7SI,121.28,31.222,0,0,0,0,14-3-31 22:9:55,1
9P3GXUB7SI,121.28,31.222,0,0,0,0,14-3-31 22:11:55,1
9P3GXUB7SI,121.28,31.222,0,0,0,0,14-3-31 22:13:56,1
9P3GXUB7SI,121.28,31.222,0,0,0,0,14-3-31 22:15:57,1
9P3GXUB7SI,121.28,31.222,0,0,0,0,14-3-31 22:17:58,1
9P3GXUB7SI,121.28,31.222,0,0,0,0,14-3-31 22:19:59,1
9P3GXUB7SI,121.28,31.222,0,0,0,0,14-3-31 22:22:0,1
9P3GXUB7SI,121.28,31.222,0,0,0,0,14-3-31 22:24:1,1
9P3GXUB7SI,121.28,31.222,0,0,0,0,14-3-31 22:26:2,1
9P3GXUB7SI,121.28,31.222,0,0,0,0,14-3-31 22:30:5,1
9P3GXUB7SI,121.28,31.222,0,0,0,0,14-3-31 22:32:5,1
9P3GXUB7SI,121.28,31.222,0,0,0,0,14-3-31 22:34:6,1
9P3GXUB7SI,121.28,31.222,0,0,0,0,14-3-31 22:36:7,1
9P3GXUB7SI,121.28,31.222,0,0,0,0,14-3-31 22:38:15,1
9P3GXUB7SI,121.28,31.222,0,0,0,0,14-3-31 22:40:16,1
9P3GXUB7SI,121.28,31.222,0,0,0,0,14-3-31 22:42:17,1
9P3GXUB7SI,121.28,31.222,0,0,0,0,14-3-31 22:44:18,1
9P3GXUB7SI,121.28,31.222,0,0,0,0,14-3-31 22:46:19,1
9P3GXUB7SI,121.28,31.222,0,0,0,0,14-3-31 22:48:20,1
9P3GXUB7SI,121.28,31.222,0,0,0,0,14-3-31 22:50:21,1
9P3GXUB7SI,121.28,31.222,0,0,0,0,14-3-31 22:52:22,1
9P3GXUB7SI,121.28,31.222,0,0,0,0,14-3-31 22:54:23,1
9P3GXUB7SI,121.28,31.222,0,0,0,0,14-3-31 22:56:24,1
9P3GXUB7SI,121.28,31.222,0,0,0,0,14-3-31 22:58:25,1
9P3GXUB7SI,121.28,31.222,0,0,0,0,14-3-31 23:0:26,1
9P3GXUB7SI,121.28,31.222,0,0,0,0,14-3-31 23:2:27,1
9P3GXUB7SI,121.28,31.222,0,0,0,0,14-3-31 23:4:28,1
9P3GXUB7SI,121.28,31.222,0,0,0,0,14-3-31 23:6:29,1
9P3GXUB7SI,121.28,31.222,0,0,0,0,14-3-31 23:8:30,1
9P3GXUB7SI,121.28,31.222,0,0,0,0,14-3-31 23:10:31,1
9P3GXUB7SI,121.28,31.222,0,0,0,0,14-3-31 23:12:32,1
9P3GXUB7SI,121.28,31.222,0,0,0,0,14-3-31 23:14:33,1
9P3GXUB7SI,121.28,31.222,0,0,0,0,14-3-31 23:16:34,1
9P3GXUB7SI,121.28,31.222,0,0,0,0,14-3-31 23:18:35,1
9P3GXUB7SI,121.28,31.222,0,0,0,0,14-3-31 23:20:36,1
9P3GXUB7SI,121.28,31.222,0,0,0,0,14-3-31 23:22:37,1
9P3GXUB7SI,121.28,31.222,0,0,0,0,14-3-31 23:24:38,1
9P3GXUB7SI,121.28,31.222,0,0,0,0,14-3-31 23:26:39,1
9P3GXUB7SI,121.28,31.222,0,0,0,0,14-3-31 23:28:40,1
9P3GXUB7SI,121.28,31.222,0,0,0,0,14-3-31 23:30:41,1
9P3GXUB7SI,121.28,31.222,0,0,0,0,14-3-31 23:32:42,1
9P3GXUB7SI,121.28,31.222,0,0,0,0,14-3-31 23:34:43,1
9P3GXUB7SI,121.28,31.222,0,0,0,0,14-3-31 23:36:44,1
9P3GXUB7SI,121.28,31.222,0,0,0,0,14-3-31 23:38:51,1
9P3GXUB7SI,121.28,31.222,0,0,0,0,14-3-31 23:40:52,1
9P3GXUB7SI,121.28,31.222,0,0,0,0,14-3-31 23:42:53,1
9P3GXUB7SI,121.28,31.222,0,0,0,0,14-3-31 23:44:54,1
9P3GXUB7SI,121.28,31.222,0,0,0,0,14-3-31 23:46:55,1
9P3GXUB7SI,121.28,31.222,0,0,0,0,14-3-31 23:48:56,1
9P3GXUB7SI,121.28,31.222,0,0,0,0,14-3-31 23:50:57,1
9P3GXUB7SI,121.28,31.222,0,0,0,0,14-3-31 23:52:58,1
9P3GXUB7SI,121.28,31.222,0,0,0,0,14-3-31 23:54:59,1
9P3GXUB7SI,121.28,31.222,0,0,0,0,14-3-31 23:57:0,1
