F9PUX7B7SI,116.36,39.706,0,0,0,0,14-3-29 15:30:4,1
F9PUX7B7SI,116.36,39.706,0,0,0,0,14-3-29 15:30:14,1
F9PUX7B7SI,116.36,39.706,0,0,0,0,14-3-29 15:32:18,1
F9PUX7B7SI,116.36,39.706,0,0,0,0,14-3-29 15:34:19,1
F9PUX7B7SI,116.36,39.706,0,0,0,0,14-3-29 15:35:48,1
F9PUX7B7SI,116.36,39.706,0,0,0,0,14-3-29 15:35:57,1
F9PUX7B7SI,116.36,39.706,0,0,0,0,14-3-29 15:36:6,1
F9PUX7B7SI,116.369,39.7016,0,0,0,0,14-3-29 15:42:46,1
F9PUX7B7SI,116.369,39.7016,0,0,0,0,14-3-29 15:42:56,1
F9PUX7B7SI,116.369,39.7016,0,0,0,0,14-3-29 15:44:59,1
F9PUX7B7SI,116.369,39.7016,0,0,0,0,14-3-29 15:47:0,1
F9PUX7B7SI,116.369,39.7016,0,0,0,0,14-3-29 15:49:1,1
F9PUX7B7SI,116.369,39.7016,0,0,0,0,14-3-29 15:51:2,1
F9PUX7B7SI,116.369,39.7016,0,0,0,0,14-3-29 15:53:3,1
F9PUX7B7SI,116.369,39.7016,0,0,0,0,14-3-29 15:55:4,1
F9PUX7B7SI,116.369,39.7016,0,0,0,0,14-3-29 15:57:5,1
F9PUX7B7SI,116.369,39.7016,0,0,0,0,14-3-29 15:59:6,1
F9PUX7B7SI,116.369,39.7016,0,0,0,0,14-3-29 16:1:7,1
F9PUX7B7SI,116.369,39.7016,0,0,0,0,14-3-29 16:3:8,1
F9PUX7B7SI,116.369,39.7016,0,0,0,0,14-3-29 16:5:9,1
F9PUX7B7SI,116.369,39.7016,0,0,0,0,14-3-29 16:7:10,1
F9PUX7B7SI,116.369,39.7016,0,0,0,0,14-3-29 16:9:11,1
F9PUX7B7SI,116.369,39.7016,0,0,0,0,14-3-29 16:11:12,1
F9PUX7B7SI,116.369,39.7016,0,0,0,0,14-3-29 16:13:13,1
F9PUX7B7SI,116.369,39.7016,0,0,0,0,14-3-29 16:15:14,1
F9PUX7B7SI,116.369,39.7016,0,0,0,0,14-3-29 16:17:15,1
F9PUX7B7SI,116.369,39.7016,0,0,0,0,14-3-29 16:19:16,1
F9PUX7B7SI,116.369,39.7016,0,0,0,0,14-3-29 16:21:17,1
F9PUX7B7SI,116.369,39.7016,0,0,0,0,14-3-29 16:23:18,1
F9PUX7B7SI,116.369,39.7016,0,0,0,0,14-3-29 16:25:19,1
F9PUX7B7SI,116.369,39.7016,0,0,0,0,14-3-29 16:27:20,1
F9PUX7B7SI,116.369,39.7016,0,0,0,0,14-3-29 16:29:21,1
F9PUX7B7SI,116.369,39.7016,0,0,0,0,14-3-29 16:31:22,1
F9PUX7B7SI,116.369,39.7016,0,0,0,0,14-3-29 16:33:23,1
F9PUX7B7SI,116.369,39.7016,0,0,0,0,14-3-29 16:35:24,1
F9PUX7B7SI,116.369,39.7016,0,0,0,0,14-3-29 16:37:25,1
F9PUX7B7SI,116.369,39.7016,0,0,0,0,14-3-29 16:39:26,1
F9PUX7B7SI,116.369,39.7016,0,0,0,0,14-3-29 16:41:27,1
F9PUX7B7SI,116.369,39.7016,0,0,0,0,14-3-29 16:43:42,1
F9PUX7B7SI,116.36,39.706,0,0,0,0,14-3-29 16:45:43,1
F9PUX7B7SI,116.363,39.7092,0,0,0,0,14-3-29 16:47:44,1
F9PUX7B7SI,116.357,39.7226,0,0,0,0,14-3-29 16:49:45,1
F9PUX7B7SI,116.357,39.7226,0,0,0,0,14-3-29 16:51:46,1
F9PUX7B7SI,116.357,39.7226,0,0,0,0,14-3-29 16:53:47,0
F9PUX7B7SI,116.398,39.7204,0,0,0,0,14-3-29 16:55:48,1
F9PUX7B7SI,116.411,39.7199,0,0,0,0,14-3-29 16:57:49,1
F9PUX7B7SI,116.402,39.7148,0,0,0,0,14-3-29 16:59:50,1
F9PUX7B7SI,116.402,39.7148,0,0,0,0,14-3-29 17:1:51,1
F9PUX7B7SI,116.402,39.7148,0,0,0,0,14-3-29 17:3:52,0
F9PUX7B7SI,116.402,39.7148,0,0,0,0,14-3-29 17:5:53,0
F9PUX7B7SI,116.402,39.7148,0,0,0,0,14-3-29 17:7:54,0
F9PUX7B7SI,116.402,39.7148,0,0,0,0,14-3-29 17:9:55,0
F9PUX7B7SI,116.402,39.7148,0,0,0,0,14-3-29 17:11:56,0
F9PUX7B7SI,116.402,39.7148,0,0,0,0,14-3-29 17:13:58,0
F9PUX7B7SI,116.402,39.7148,0,0,0,0,14-3-29 17:15:58,0
F9PUX7B7SI,116.534,39.7452,0,0,0,0,14-3-29 17:17:59,1
F9PUX7B7SI,116.534,39.7452,0,0,0,0,14-3-29 17:20:0,0
F9PUX7B7SI,116.534,39.7452,0,0,0,0,14-3-29 17:22:1,0
F9PUX7B7SI,116.534,39.7452,0,0,0,0,14-3-29 17:24:2,0
F9PUX7B7SI,116.534,39.7452,0,0,0,0,14-3-29 17:26:3,0
F9PUX7B7SI,116.534,39.7452,0,0,0,0,14-3-29 17:28:4,0
F9PUX7B7SI,116.534,39.7452,0,0,0,0,14-3-29 17:30:5,0
F9PUX7B7SI,116.534,39.7452,0,0,0,0,14-3-29 17:32:6,0
F9PUX7B7SI,116.534,39.7452,0,0,0,0,14-3-29 17:34:7,0
F9PUX7B7SI,116.534,39.7452,0,0,0,0,14-3-29 17:36:8,0
F9PUX7B7SI,116.534,39.7452,0,0,0,0,14-3-29 17:38:9,0
F9PUX7B7SI,116.534,39.7452,0,0,0,0,14-3-29 17:40:10,0
F9PUX7B7SI,116.534,39.7452,0,0,0,0,14-3-29 17:42:11,0
F9PUX7B7SI,116.534,39.7452,0,0,0,0,14-3-29 17:44:24,0
F9PUX7B7SI,116.534,39.7452,0,0,0,0,14-3-29 17:46:25,0
F9PUX7B7SI,116.534,39.7452,0,0,0,0,14-3-29 17:48:26,0
F9PUX7B7SI,116.851,39.5537,0,0,0,0,14-3-29 17:59:17,1
F9PUX7B7SI,116.851,39.5537,0,0,0,0,14-3-29 18:1:18,1
F9PUX7B7SI,116.873,39.5395,0,0,0,0,14-3-29 18:3:24,1
F9PUX7B7SI,116.882,39.5318,0,0,0,0,14-3-29 18:5:25,1
F9PUX7B7SI,116.882,39.5318,0,0,0,0,14-3-29 18:7:26,1
F9PUX7B7SI,116.917,39.4859,0,0,0,0,14-3-29 18:9:27,1
F9PUX7B7SI,116.917,39.4859,0,0,0,0,14-3-29 18:11:28,1
F9PUX7B7SI,116.917,39.4859,0,0,0,0,14-3-29 18:13:29,0
F9PUX7B7SI,116.922,39.4637,0,0,0,0,14-3-29 18:15:31,1
F9PUX7B7SI,116.925,39.4519,0,0,0,0,14-3-29 18:17:31,1
F9PUX7B7SI,116.925,39.4519,0,0,0,0,14-3-29 18:19:32,1
F9PUX7B7SI,116.925,39.4519,0,0,0,0,14-3-29 18:21:33,1
F9PUX7B7SI,116.925,39.4519,0,0,0,0,14-3-29 18:23:34,1
F9PUX7B7SI,116.925,39.4519,0,0,0,0,14-3-29 18:25:35,1
F9PUX7B7SI,116.925,39.4519,0,0,0,0,14-3-29 18:27:36,1
F9PUX7B7SI,116.925,39.4519,0,0,0,0,14-3-29 18:29:37,1
F9PUX7B7SI,116.925,39.4519,0,0,0,0,14-3-29 18:31:38,1
F9PUX7B7SI,116.925,39.4519,0,0,0,0,14-3-29 18:33:39,1
F9PUX7B7SI,116.925,39.4519,0,0,0,0,14-3-29 18:35:41,1
F9PUX7B7SI,116.925,39.4519,0,0,0,0,14-3-29 18:37:41,1
F9PUX7B7SI,116.925,39.4519,0,0,0,0,14-3-29 18:39:42,1
F9PUX7B7SI,116.925,39.4519,0,0,0,0,14-3-29 18:41:43,1
F9PUX7B7SI,116.925,39.4519,0,0,0,0,14-3-29 18:43:54,1
F9PUX7B7SI,116.925,39.4519,0,0,0,0,14-3-29 18:45:55,1
F9PUX7B7SI,116.925,39.4519,0,0,0,0,14-3-29 18:47:56,1
F9PUX7B7SI,116.925,39.4519,0,0,0,0,14-3-29 18:49:57,1
F9PUX7B7SI,116.925,39.4519,0,0,0,0,14-3-29 18:51:58,1
F9PUX7B7SI,116.925,39.4519,0,0,0,0,14-3-29 18:53:59,1
F9PUX7B7SI,116.925,39.4519,0,0,0,0,14-3-29 18:56:0,1
F9PUX7B7SI,116.925,39.4519,0,0,0,0,14-3-29 18:58:1,1
F9PUX7B7SI,116.925,39.4519,0,0,0,0,14-3-29 19:0:2,1
F9PUX7B7SI,116.925,39.4519,0,0,0,0,14-3-29 19:2:3,1
F9PUX7B7SI,116.925,39.4519,0,0,0,0,14-3-29 19:4:4,1
F9PUX7B7SI,116.925,39.4519,0,0,0,0,14-3-29 19:6:5,1
F9PUX7B7SI,116.925,39.4519,0,0,0,0,14-3-29 19:8:6,1
F9PUX7B7SI,116.925,39.4519,0,0,0,0,14-3-29 19:10:7,1
F9PUX7B7SI,116.925,39.4519,0,0,0,0,14-3-29 19:12:8,1
F9PUX7B7SI,116.925,39.4519,0,0,0,0,14-3-29 19:14:9,1
F9PUX7B7SI,116.925,39.4519,0,0,0,0,14-3-29 19:16:10,1
F9PUX7B7SI,116.925,39.4519,0,0,0,0,14-3-29 19:18:11,1
F9PUX7B7SI,116.925,39.4519,0,0,0,0,14-3-29 19:20:12,1
F9PUX7B7SI,116.925,39.4519,0,0,0,0,14-3-29 19:22:13,1
F9PUX7B7SI,116.925,39.4519,0,0,0,0,14-3-29 19:24:14,1
F9PUX7B7SI,116.925,39.4519,0,0,0,0,14-3-29 19:26:15,1
F9PUX7B7SI,116.925,39.4519,0,0,0,0,14-3-29 19:28:16,1
F9PUX7B7SI,116.925,39.4519,0,0,0,0,14-3-29 19:30:17,1
F9PUX7B7SI,116.925,39.4519,0,0,0,0,14-3-29 19:32:18,1
F9PUX7B7SI,116.925,39.4519,0,0,0,0,14-3-29 19:34:19,1
F9PUX7B7SI,116.925,39.4519,0,0,0,0,14-3-29 19:36:20,1
F9PUX7B7SI,116.925,39.4519,0,0,0,0,14-3-29 19:38:21,1
F9PUX7B7SI,116.925,39.4519,0,0,0,0,14-3-29 19:40:22,1
F9PUX7B7SI,116.925,39.4519,0,0,0,0,14-3-29 19:42:23,1
F9PUX7B7SI,116.925,39.4519,0,0,0,0,14-3-29 19:44:38,1
F9PUX7B7SI,116.925,39.4519,0,0,0,0,14-3-29 19:46:39,1
F9PUX7B7SI,116.925,39.4519,0,0,0,0,14-3-29 19:48:40,1
F9PUX7B7SI,116.925,39.4519,0,0,0,0,14-3-29 19:50:41,1
F9PUX7B7SI,116.925,39.4519,0,0,0,0,14-3-29 19:52:42,1
F9PUX7B7SI,116.925,39.4519,0,0,0,0,14-3-29 19:54:43,1
F9PUX7B7SI,116.925,39.4519,0,0,0,0,14-3-29 19:56:44,1
F9PUX7B7SI,116.925,39.4519,0,0,0,0,14-3-29 19:58:45,1
F9PUX7B7SI,116.925,39.4519,0,0,0,0,14-3-29 20:0:47,1
F9PUX7B7SI,116.925,39.4519,0,0,0,0,14-3-29 20:2:47,1
F9PUX7B7SI,116.925,39.4519,0,0,0,0,14-3-29 20:4:48,1
F9PUX7B7SI,116.925,39.4519,0,0,0,0,14-3-29 20:6:49,1
F9PUX7B7SI,116.925,39.4519,0,0,0,0,14-3-29 20:8:50,1
F9PUX7B7SI,116.925,39.4519,0,0,0,0,14-3-29 20:10:51,1
F9PUX7B7SI,116.925,39.4519,0,0,0,0,14-3-29 20:12:52,1
F9PUX7B7SI,116.925,39.4519,0,0,0,0,14-3-29 20:14:53,1
F9PUX7B7SI,116.925,39.4519,0,0,0,0,14-3-29 20:16:54,1
F9PUX7B7SI,116.925,39.4519,0,0,0,0,14-3-29 20:18:55,1
F9PUX7B7SI,116.925,39.4519,0,0,0,0,14-3-29 20:20:56,1
F9PUX7B7SI,116.925,39.4519,0,0,0,0,14-3-29 20:22:57,1
F9PUX7B7SI,116.925,39.4519,0,0,0,0,14-3-29 20:24:58,1
F9PUX7B7SI,116.925,39.4519,0,0,0,0,14-3-29 20:26:59,1
F9PUX7B7SI,116.925,39.4519,0,0,0,0,14-3-29 20:29:0,1
F9PUX7B7SI,116.925,39.4519,0,0,0,0,14-3-29 20:31:1,1
F9PUX7B7SI,116.925,39.4519,0,0,0,0,14-3-29 20:33:2,1
F9PUX7B7SI,116.925,39.4519,0,0,0,0,14-3-29 20:35:3,1
F9PUX7B7SI,116.925,39.4519,0,0,0,0,14-3-29 20:37:4,1
F9PUX7B7SI,116.925,39.4519,0,0,0,0,14-3-29 20:39:5,1
F9PUX7B7SI,116.925,39.4519,0,0,0,0,14-3-29 20:41:6,1
F9PUX7B7SI,116.925,39.4519,0,0,0,0,14-3-29 20:43:7,1
F9PUX7B7SI,116.925,39.4519,0,0,0,0,14-3-29 20:45:23,1
F9PUX7B7SI,116.925,39.4519,0,0,0,0,14-3-29 20:47:24,1
F9PUX7B7SI,116.925,39.4519,0,0,0,0,14-3-29 20:49:25,1
F9PUX7B7SI,116.925,39.4519,0,0,0,0,14-3-29 20:51:26,1
F9PUX7B7SI,116.925,39.4519,0,0,0,0,14-3-29 20:53:27,1
F9PUX7B7SI,116.925,39.4519,0,0,0,0,14-3-29 20:55:28,1
F9PUX7B7SI,116.925,39.4519,0,0,0,0,14-3-29 20:57:29,1
F9PUX7B7SI,116.925,39.4519,0,0,0,0,14-3-29 20:59:30,1
F9PUX7B7SI,116.925,39.4519,0,0,0,0,14-3-29 21:1:31,1
F9PUX7B7SI,116.925,39.4519,0,0,0,0,14-3-29 21:3:32,1
F9PUX7B7SI,116.925,39.4519,0,0,0,0,14-3-29 21:5:33,1
F9PUX7B7SI,116.925,39.4519,0,0,0,0,14-3-29 21:7:34,1
F9PUX7B7SI,116.925,39.4519,0,0,0,0,14-3-29 21:9:35,1
F9PUX7B7SI,116.925,39.4519,0,0,0,0,14-3-29 21:11:36,1
F9PUX7B7SI,116.925,39.4519,0,0,0,0,14-3-29 21:13:37,1
F9PUX7B7SI,116.925,39.4519,0,0,0,0,14-3-29 21:15:38,1
F9PUX7B7SI,116.925,39.4519,0,0,0,0,14-3-29 21:17:39,1
F9PUX7B7SI,116.925,39.4519,0,0,0,0,14-3-29 21:19:40,1
F9PUX7B7SI,116.925,39.4519,0,0,0,0,14-3-29 21:21:41,1
F9PUX7B7SI,116.925,39.4519,0,0,0,0,14-3-29 21:23:42,1
F9PUX7B7SI,116.925,39.4519,0,0,0,0,14-3-29 21:25:43,1
F9PUX7B7SI,116.925,39.4519,0,0,0,0,14-3-29 21:27:44,1
F9PUX7B7SI,116.925,39.4519,0,0,0,0,14-3-29 21:29:45,1
F9PUX7B7SI,116.925,39.4519,0,0,0,0,14-3-29 21:31:46,1
F9PUX7B7SI,116.925,39.4519,0,0,0,0,14-3-29 21:33:47,1
F9PUX7B7SI,116.925,39.4519,0,0,0,0,14-3-29 21:35:48,1
F9PUX7B7SI,116.925,39.4519,0,0,0,0,14-3-29 21:37:49,1
F9PUX7B7SI,116.925,39.4519,0,0,0,0,14-3-29 21:39:50,1
F9PUX7B7SI,116.925,39.4519,0,0,0,0,14-3-29 21:41:51,1
F9PUX7B7SI,116.925,39.4519,0,0,0,0,14-3-29 21:44:7,1
F9PUX7B7SI,116.925,39.4519,0,0,0,0,14-3-29 21:46:8,1
F9PUX7B7SI,116.925,39.4519,0,0,0,0,14-3-29 21:48:9,1
F9PUX7B7SI,116.925,39.4519,0,0,0,0,14-3-29 21:50:10,1
F9PUX7B7SI,116.925,39.4519,0,0,0,0,14-3-29 21:52:11,1
F9PUX7B7SI,116.925,39.4519,0,0,0,0,14-3-29 21:54:12,1
F9PUX7B7SI,116.925,39.4519,0,0,0,0,14-3-29 21:56:13,1
F9PUX7B7SI,116.925,39.4519,0,0,0,0,14-3-29 21:58:14,1
F9PUX7B7SI,116.925,39.4519,0,0,0,0,14-3-29 22:0:15,1
F9PUX7B7SI,116.925,39.4519,0,0,0,0,14-3-29 22:2:16,1
F9PUX7B7SI,116.925,39.4519,0,0,0,0,14-3-29 22:4:17,1
F9PUX7B7SI,116.925,39.4519,0,0,0,0,14-3-29 22:6:18,1
F9PUX7B7SI,116.925,39.4519,0,0,0,0,14-3-29 22:8:19,1
F9PUX7B7SI,116.947,39.4082,0,0,0,0,14-3-29 22:10:20,1
F9PUX7B7SI,116.947,39.4082,0,0,0,0,14-3-29 22:12:21,1
F9PUX7B7SI,116.947,39.4082,0,0,0,0,14-3-29 22:14:22,1
F9PUX7B7SI,116.957,39.3723,0,0,0,0,14-3-29 22:16:23,1
F9PUX7B7SI,116.955,39.3555,0,0,0,0,14-3-29 22:18:24,1
F9PUX7B7SI,116.951,39.3398,0,0,0,0,14-3-29 22:20:25,1
F9PUX7B7SI,116.951,39.3398,0,0,0,0,14-3-29 22:22:26,0
F9PUX7B7SI,116.943,39.2921,0,0,0,0,14-3-29 22:24:27,1
F9PUX7B7SI,116.943,39.2921,0,0,0,0,14-3-29 22:26:28,1
F9PUX7B7SI,116.904,39.2679,0,0,0,0,14-3-29 22:28:29,1
F9PUX7B7SI,116.904,39.2679,0,0,0,0,14-3-29 22:30:30,0
F9PUX7B7SI,116.922,39.2385,0,0,0,0,14-3-29 22:32:31,1
F9PUX7B7SI,116.917,39.2212,0,0,0,0,14-3-29 22:34:32,1
F9PUX7B7SI,116.911,39.19,0,0,0,0,14-3-29 22:36:33,1
F9PUX7B7SI,116.911,39.19,0,0,0,0,14-3-29 22:38:34,1
F9PUX7B7SI,116.916,39.1626,0,0,0,0,14-3-29 22:40:35,1
F9PUX7B7SI,116.871,38.6624,0,0,0,0,14-3-29 23:46:1,1
F9PUX7B7SI,116.862,38.6521,0,0,0,0,14-3-29 23:48:29,1
F9PUX7B7SI,116.834,38.6238,0,0,0,0,14-3-29 23:50:31,1
F9PUX7B7SI,116.834,38.6238,0,0,0,0,14-3-29 23:52:32,1
F9PUX7B7SI,116.81,38.6041,0,0,0,0,14-3-29 23:54:34,1
F9PUX7B7SI,116.799,38.5872,0,0,0,0,14-3-29 23:56:35,1
F9PUX7B7SI,116.795,38.5713,0,0,0,0,14-3-29 23:58:36,1
F9PUX7B7SI,116.8,38.5499,0,0,0,0,14-3-30 0:0:37,1
F9PUX7B7SI,116.808,38.5304,0,0,0,0,14-3-30 0:2:38,1
F9PUX7B7SI,116.805,38.5204,0,0,0,0,14-3-30 0:4:39,1
F9PUX7B7SI,116.81,38.4981,0,0,0,0,14-3-30 0:6:40,1
F9PUX7B7SI,116.809,38.4893,0,0,0,0,14-3-30 0:8:41,1
F9PUX7B7SI,116.808,38.4692,0,0,0,0,14-3-30 0:10:42,1
F9PUX7B7SI,116.805,38.4369,0,0,0,0,14-3-30 0:12:43,1
F9PUX7B7SI,116.805,38.4369,0,0,0,0,14-3-30 0:14:44,1
F9PUX7B7SI,116.792,38.4135,0,0,0,0,14-3-30 0:16:45,1
F9PUX7B7SI,116.776,38.3944,0,0,0,0,14-3-30 0:18:46,1
F9PUX7B7SI,116.769,38.3796,0,0,0,0,14-3-30 0:20:47,1
F9PUX7B7SI,116.758,38.3538,0,0,0,0,14-3-30 0:22:48,1
F9PUX7B7SI,116.756,38.3506,0,0,0,0,14-3-30 0:24:49,1
F9PUX7B7SI,116.747,38.3228,0,0,0,0,14-3-30 0:26:50,1
F9PUX7B7SI,116.745,38.3024,0,0,0,0,14-3-30 0:28:51,1
F9PUX7B7SI,116.746,38.2926,0,0,0,0,14-3-30 0:30:52,1
F9PUX7B7SI,116.723,38.2719,0,0,0,0,14-3-30 0:32:53,1
F9PUX7B7SI,116.734,38.2582,0,0,0,0,14-3-30 0:34:54,1
F9PUX7B7SI,116.726,38.2374,0,0,0,0,14-3-30 0:36:55,1
F9PUX7B7SI,116.723,38.2719,0,0,0,0,14-3-30 0:38:56,1
F9PUX7B7SI,116.74,38.215,0,0,0,0,14-3-30 0:40:57,1
F9PUX7B7SI,116.7,38.18,0,0,0,0,14-3-30 0:42:58,1
F9PUX7B7SI,116.7,38.18,0,0,0,0,14-3-30 0:45:11,1
F9PUX7B7SI,116.694,38.1564,0,0,0,0,14-3-30 0:47:13,1
F9PUX7B7SI,116.692,38.1324,0,0,0,0,14-3-30 0:49:14,1
F9PUX7B7SI,116.679,38.1155,0,0,0,0,14-3-30 0:51:15,1
F9PUX7B7SI,116.677,38.0926,0,0,0,0,14-3-30 0:53:16,1
F9PUX7B7SI,116.664,38.0747,0,0,0,0,14-3-30 0:55:17,1
F9PUX7B7SI,116.659,38.0649,0,0,0,0,14-3-30 0:57:18,1
F9PUX7B7SI,116.655,38.0385,0,0,0,0,14-3-30 0:59:19,1
F9PUX7B7SI,116.652,38.0287,0,0,0,0,14-3-30 1:1:22,1
F9PUX7B7SI,116.647,38.0171,0,0,0,0,14-3-30 1:3:22,1
F9PUX7B7SI,116.631,37.9925,0,0,0,0,14-3-30 1:5:23,1
F9PUX7B7SI,116.614,37.9753,0,0,0,0,14-3-30 1:7:24,1
F9PUX7B7SI,116.601,37.9639,0,0,0,0,14-3-30 1:9:25,1
F9PUX7B7SI,116.569,37.9828,0,0,0,0,14-3-30 1:11:26,1
F9PUX7B7SI,116.584,37.929,0,0,0,0,14-3-30 1:13:27,1
F9PUX7B7SI,116.582,37.9127,0,0,0,0,14-3-30 1:15:28,1
F9PUX7B7SI,116.586,37.9005,0,0,0,0,14-3-30 1:17:29,1
F9PUX7B7SI,116.577,37.8724,0,0,0,0,14-3-30 1:19:30,1
F9PUX7B7SI,116.565,37.8599,0,0,0,0,14-3-30 1:21:31,1
F9PUX7B7SI,116.556,37.8423,0,0,0,0,14-3-30 1:23:32,1
F9PUX7B7SI,116.556,37.8423,0,0,0,0,14-3-30 1:25:33,0
F9PUX7B7SI,116.551,37.8107,0,0,0,0,14-3-30 1:27:34,1
F9PUX7B7SI,116.543,37.7885,0,0,0,0,14-3-30 1:29:35,1
F9PUX7B7SI,116.535,37.7706,0,0,0,0,14-3-30 1:31:36,1
F9PUX7B7SI,116.535,37.7706,0,0,0,0,14-3-30 1:33:37,1
F9PUX7B7SI,116.529,37.7549,0,0,0,0,14-3-30 1:35:38,1
F9PUX7B7SI,116.504,37.7251,0,0,0,0,14-3-30 1:37:39,1
F9PUX7B7SI,116.448,37.735,0,0,0,0,14-3-30 1:39:40,1
F9PUX7B7SI,116.486,37.708,0,0,0,0,14-3-30 1:41:41,1
F9PUX7B7SI,116.472,37.6908,0,0,0,0,14-3-30 1:43:42,1
F9PUX7B7SI,116.439,37.6571,0,0,0,0,14-3-30 1:45:58,1
F9PUX7B7SI,116.451,37.6405,0,0,0,0,14-3-30 1:47:59,1
F9PUX7B7SI,116.439,37.6299,0,0,0,0,14-3-30 1:50:0,1
F9PUX7B7SI,116.436,37.6168,0,0,0,0,14-3-30 1:52:1,1
F9PUX7B7SI,116.424,37.5889,0,0,0,0,14-3-30 1:54:2,1
F9PUX7B7SI,116.424,37.5889,0,0,0,0,14-3-30 1:56:3,0
F9PUX7B7SI,116.41,37.5671,0,0,0,0,14-3-30 1:58:4,1
F9PUX7B7SI,116.396,37.5434,0,0,0,0,14-3-30 2:0:5,1
F9PUX7B7SI,116.393,37.5285,0,0,0,0,14-3-30 2:2:6,1
F9PUX7B7SI,116.391,37.5144,0,0,0,0,14-3-30 2:4:7,1
F9PUX7B7SI,116.391,37.5144,0,0,0,0,14-3-30 2:6:8,1
F9PUX7B7SI,116.36,37.515,0,0,0,0,14-3-30 2:8:9,1
F9PUX7B7SI,116.36,37.515,0,0,0,0,14-3-30 2:10:10,0
F9PUX7B7SI,116.36,37.515,0,0,0,0,14-3-30 2:12:11,0
F9PUX7B7SI,116.36,37.515,0,0,0,0,14-3-30 2:14:12,0
F9PUX7B7SI,116.36,37.515,0,0,0,0,14-3-30 2:16:13,0
F9PUX7B7SI,116.36,37.515,0,0,0,0,14-3-30 2:18:14,0
F9PUX7B7SI,116.36,37.515,0,0,0,0,14-3-30 2:20:15,0
F9PUX7B7SI,116.383,37.385,0,0,0,0,14-3-30 2:22:16,1
F9PUX7B7SI,116.383,37.3641,0,0,0,0,14-3-30 2:24:17,1
F9PUX7B7SI,116.393,37.3362,0,0,0,0,14-3-30 2:26:18,1
F9PUX7B7SI,116.393,37.3362,0,0,0,0,14-3-30 2:28:19,1
F9PUX7B7SI,116.393,37.3362,0,0,0,0,14-3-30 2:30:20,1
F9PUX7B7SI,116.393,37.3362,0,0,0,0,14-3-30 2:32:21,1
F9PUX7B7SI,116.393,37.3362,0,0,0,0,14-3-30 2:34:22,1
F9PUX7B7SI,116.393,37.3362,0,0,0,0,14-3-30 2:36:23,1
F9PUX7B7SI,116.393,37.3362,0,0,0,0,14-3-30 2:38:24,1
F9PUX7B7SI,116.393,37.3362,0,0,0,0,14-3-30 2:40:25,1
F9PUX7B7SI,116.393,37.3362,0,0,0,0,14-3-30 2:42:26,1
F9PUX7B7SI,116.393,37.3362,0,0,0,0,14-3-30 2:44:27,1
F9PUX7B7SI,116.393,37.3362,0,0,0,0,14-3-30 2:46:41,1
F9PUX7B7SI,116.393,37.3362,0,0,0,0,14-3-30 2:48:42,0
F9PUX7B7SI,116.405,37.3164,0,0,0,0,14-3-30 2:50:43,1
F9PUX7B7SI,116.421,37.3021,0,0,0,0,14-3-30 2:52:44,1
F9PUX7B7SI,116.452,37.2726,0,0,0,0,14-3-30 2:54:45,1
F9PUX7B7SI,116.461,37.2586,0,0,0,0,14-3-30 2:56:46,1
F9PUX7B7SI,116.465,37.249,0,0,0,0,14-3-30 2:58:47,1
F9PUX7B7SI,116.486,37.2214,0,0,0,0,14-3-30 3:0:48,1
F9PUX7B7SI,116.486,37.2214,0,0,0,0,14-3-30 3:2:49,0
F9PUX7B7SI,116.504,37.191,0,0,0,0,14-3-30 3:4:50,1
F9PUX7B7SI,116.504,37.191,0,0,0,0,14-3-30 3:6:51,0
F9PUX7B7SI,116.533,37.1615,0,0,0,0,14-3-30 3:8:52,1
F9PUX7B7SI,116.544,37.1504,0,0,0,0,14-3-30 3:10:53,1
F9PUX7B7SI,116.555,37.1328,0,0,0,0,14-3-30 3:12:54,1
F9PUX7B7SI,116.555,37.1328,0,0,0,0,14-3-30 3:14:55,0
F9PUX7B7SI,116.582,37.0985,0,0,0,0,14-3-30 3:16:56,1
F9PUX7B7SI,116.589,37.0933,0,0,0,0,14-3-30 3:18:57,1
F9PUX7B7SI,116.586,37.0973,0,0,0,0,14-3-30 3:20:58,1
F9PUX7B7SI,116.614,37.0652,0,0,0,0,14-3-30 3:22:59,1
F9PUX7B7SI,116.646,37.0299,0,0,0,0,14-3-30 3:25:0,1
F9PUX7B7SI,116.652,37.0224,0,0,0,0,14-3-30 3:27:1,1
F9PUX7B7SI,116.665,37.0049,0,0,0,0,14-3-30 3:29:2,1
F9PUX7B7SI,116.67,36.9907,0,0,0,0,14-3-30 3:31:3,1
F9PUX7B7SI,113.384,30.7931,0,0,0,0,14-3-30 3:33:4,1
F9PUX7B7SI,116.689,36.9543,0,0,0,0,14-3-30 3:35:5,1
F9PUX7B7SI,116.702,36.9328,0,0,0,0,14-3-30 3:37:6,1
F9PUX7B7SI,116.706,36.9254,0,0,0,0,14-3-30 3:39:7,1
F9PUX7B7SI,116.714,36.9091,0,0,0,0,14-3-30 3:41:8,1
F9PUX7B7SI,116.734,36.8864,0,0,0,0,14-3-30 3:43:9,1
F9PUX7B7SI,116.746,36.8696,0,0,0,0,14-3-30 3:45:24,1
F9PUX7B7SI,116.753,36.8561,0,0,0,0,14-3-30 3:47:25,1
F9PUX7B7SI,113.316,30.6769,0,0,0,0,14-3-30 3:49:27,1
F9PUX7B7SI,113.316,30.6769,0,0,0,0,14-3-30 3:51:28,0
F9PUX7B7SI,116.797,36.7907,0,0,0,0,14-3-30 3:55:31,1
F9PUX7B7SI,116.81,36.775,0,0,0,0,14-3-30 3:57:31,1
F9PUX7B7SI,116.834,36.7596,0,0,0,0,14-3-30 3:59:32,1
F9PUX7B7SI,116.844,36.7467,0,0,0,0,14-3-30 4:1:33,1
F9PUX7B7SI,116.857,36.7267,0,0,0,0,14-3-30 4:3:34,1
F9PUX7B7SI,116.865,36.7087,0,0,0,0,14-3-30 4:5:35,1
F9PUX7B7SI,116.871,36.6908,0,0,0,0,14-3-30 4:7:36,1
F9PUX7B7SI,116.874,36.6763,0,0,0,0,14-3-30 4:9:37,1
F9PUX7B7SI,116.874,36.6763,0,0,0,0,14-3-30 4:11:38,0
F9PUX7B7SI,116.881,36.6343,0,0,0,0,14-3-30 4:13:39,1
F9PUX7B7SI,116.881,36.6343,0,0,0,0,14-3-30 4:15:40,0
F9PUX7B7SI,116.878,36.5988,0,0,0,0,14-3-30 4:17:41,1
F9PUX7B7SI,116.867,36.5904,0,0,0,0,14-3-30 4:19:42,1
F9PUX7B7SI,116.855,36.5698,0,0,0,0,14-3-30 4:21:43,1
F9PUX7B7SI,116.845,36.5513,0,0,0,0,14-3-30 4:23:44,1
F9PUX7B7SI,116.843,36.5479,0,0,0,0,14-3-30 4:25:45,1
F9PUX7B7SI,116.841,36.5254,0,0,0,0,14-3-30 4:27:46,1
F9PUX7B7SI,116.844,36.5037,0,0,0,0,14-3-30 4:29:47,1
F9PUX7B7SI,116.849,36.4952,0,0,0,0,14-3-30 4:31:48,1
F9PUX7B7SI,116.849,36.4952,0,0,0,0,14-3-30 4:33:49,1
F9PUX7B7SI,116.844,36.5037,0,0,0,0,14-3-30 4:35:50,1
F9PUX7B7SI,116.849,36.4952,0,0,0,0,14-3-30 4:37:51,1
F9PUX7B7SI,116.849,36.4952,0,0,0,0,14-3-30 4:39:52,1
F9PUX7B7SI,116.844,36.5037,0,0,0,0,14-3-30 4:41:53,1
F9PUX7B7SI,116.857,36.4882,0,0,0,0,14-3-30 4:43:54,1
F9PUX7B7SI,116.857,36.4882,0,0,0,0,14-3-30 4:46:8,1
F9PUX7B7SI,116.873,36.4672,0,0,0,0,14-3-30 4:48:9,1
F9PUX7B7SI,116.887,36.4492,0,0,0,0,14-3-30 4:50:10,1
F9PUX7B7SI,116.895,36.4461,0,0,0,0,14-3-30 4:52:11,1
F9PUX7B7SI,116.89,36.4129,0,0,0,0,14-3-30 4:54:12,1
F9PUX7B7SI,116.896,36.389,0,0,0,0,14-3-30 4:56:13,1
F9PUX7B7SI,116.896,36.389,0,0,0,0,14-3-30 4:58:14,0
F9PUX7B7SI,116.896,36.389,0,0,0,0,14-3-30 5:0:15,0
F9PUX7B7SI,116.896,36.389,0,0,0,0,14-3-30 5:2:16,0
F9PUX7B7SI,116.908,36.3252,0,0,0,0,14-3-30 5:4:17,1
F9PUX7B7SI,116.925,36.3078,0,0,0,0,14-3-30 5:6:18,1
F9PUX7B7SI,116.934,36.3038,0,0,0,0,14-3-30 5:8:19,1
F9PUX7B7SI,116.956,36.2797,0,0,0,0,14-3-30 5:10:20,1
F9PUX7B7SI,116.951,36.2874,0,0,0,0,14-3-30 5:12:21,1
F9PUX7B7SI,116.976,36.2555,0,0,0,0,14-3-30 5:14:22,1
F9PUX7B7SI,116.982,36.2461,0,0,0,0,14-3-30 5:16:23,1
F9PUX7B7SI,117.028,36.1931,0,0,0,0,14-3-30 5:18:24,1
F9PUX7B7SI,116.996,36.1981,0,0,0,0,14-3-30 5:20:25,1
F9PUX7B7SI,117.011,36.1859,0,0,0,0,14-3-30 5:22:26,1
F9PUX7B7SI,117.011,36.1859,0,0,0,0,14-3-30 5:24:27,0
F9PUX7B7SI,117.038,36.155,0,0,0,0,14-3-30 5:26:28,1
F9PUX7B7SI,117.047,36.142,0,0,0,0,14-3-30 5:28:29,1
F9PUX7B7SI,117.047,36.142,0,0,0,0,14-3-30 5:30:30,0
F9PUX7B7SI,117.097,36.1433,0,0,0,0,14-3-30 5:32:31,1
F9PUX7B7SI,117.114,36.1436,0,0,0,0,14-3-30 5:34:32,1
F9PUX7B7SI,117.129,36.1461,0,0,0,0,14-3-30 5:36:33,1
F9PUX7B7SI,117.129,36.1461,0,0,0,0,14-3-30 5:38:34,0
F9PUX7B7SI,117.129,36.1461,0,0,0,0,14-3-30 5:40:35,0
F9PUX7B7SI,117.129,36.1461,0,0,0,0,14-3-30 5:42:36,0
F9PUX7B7SI,117.129,36.1461,0,0,0,0,14-3-30 5:44:37,0
F9PUX7B7SI,117.129,36.1461,0,0,0,0,14-3-30 5:46:52,0
F9PUX7B7SI,117.129,36.1461,0,0,0,0,14-3-30 5:48:53,0
F9PUX7B7SI,117.129,36.1461,0,0,0,0,14-3-30 5:50:54,0
F9PUX7B7SI,117.129,36.1461,0,0,0,0,14-3-30 5:52:55,0
F9PUX7B7SI,117.129,36.1461,0,0,0,0,14-3-30 5:54:56,0
F9PUX7B7SI,117.129,36.1461,0,0,0,0,14-3-30 5:56:57,0
F9PUX7B7SI,117.129,36.1461,0,0,0,0,14-3-30 5:58:58,0
F9PUX7B7SI,117.129,36.1461,0,0,0,0,14-3-30 6:0:59,0
F9PUX7B7SI,117.129,36.1461,0,0,0,0,14-3-30 6:3:0,0
F9PUX7B7SI,117.129,36.1461,0,0,0,0,14-3-30 6:5:1,0
F9PUX7B7SI,117.129,36.1461,0,0,0,0,14-3-30 6:7:2,0
F9PUX7B7SI,117.129,36.1461,0,0,0,0,14-3-30 6:9:3,0
F9PUX7B7SI,117.129,36.1461,0,0,0,0,14-3-30 6:13:6,0
F9PUX7B7SI,117.129,36.1461,0,0,0,0,14-3-30 6:15:6,0
F9PUX7B7SI,117.129,36.1461,0,0,0,0,14-3-30 6:17:7,0
F9PUX7B7SI,117.129,36.1461,0,0,0,0,14-3-30 6:19:8,0
F9PUX7B7SI,117.129,36.1461,0,0,0,0,14-3-30 6:21:9,0
F9PUX7B7SI,117.129,36.1461,0,0,0,0,14-3-30 6:23:10,0
F9PUX7B7SI,117.129,36.1461,0,0,0,0,14-3-30 6:25:11,0
F9PUX7B7SI,117.129,36.1461,0,0,0,0,14-3-30 6:27:12,0
F9PUX7B7SI,117.129,36.1461,0,0,0,0,14-3-30 6:29:13,0
F9PUX7B7SI,117.129,36.1461,0,0,0,0,14-3-30 6:31:14,0
F9PUX7B7SI,117.129,36.1461,0,0,0,0,14-3-30 6:33:15,0
F9PUX7B7SI,117.619,35.8801,0,0,0,0,14-3-30 6:35:16,1
F9PUX7B7SI,117.644,35.8681,0,0,0,0,14-3-30 6:37:17,1
F9PUX7B7SI,117.658,35.8569,0,0,0,0,14-3-30 6:39:18,1
F9PUX7B7SI,117.688,35.845,0,0,0,0,14-3-30 6:41:19,1
F9PUX7B7SI,117.688,35.845,0,0,0,0,14-3-30 6:43:20,0
F9PUX7B7SI,117.688,35.845,0,0,0,0,14-3-30 6:45:21,0
F9PUX7B7SI,117.688,35.845,0,0,0,0,14-3-30 6:47:36,0
F9PUX7B7SI,117.688,35.845,0,0,0,0,14-3-30 6:49:37,0
F9PUX7B7SI,117.688,35.845,0,0,0,0,14-3-30 6:51:38,0
F9PUX7B7SI,117.688,35.845,0,0,0,0,14-3-30 6:53:39,0
F9PUX7B7SI,117.688,35.845,0,0,0,0,14-3-30 6:55:40,0
F9PUX7B7SI,117.688,35.845,0,0,0,0,14-3-30 6:57:41,0
F9PUX7B7SI,117.688,35.845,0,0,0,0,14-3-30 6:59:42,0
F9PUX7B7SI,117.688,35.845,0,0,0,0,14-3-30 7:1:43,0
F9PUX7B7SI,117.852,35.7325,0,0,0,0,14-3-30 7:3:44,1
F9PUX7B7SI,117.88,35.7218,0,0,0,0,14-3-30 7:5:45,1
F9PUX7B7SI,117.898,35.7108,0,0,0,0,14-3-30 7:7:46,1
F9PUX7B7SI,117.898,35.7108,0,0,0,0,14-3-30 7:9:47,0
F9PUX7B7SI,117.92,35.692,0,0,0,0,14-3-30 7:11:48,1
F9PUX7B7SI,117.933,35.6812,0,0,0,0,14-3-30 7:13:49,1
F9PUX7B7SI,117.968,35.667,0,0,0,0,14-3-30 7:15:50,1
F9PUX7B7SI,117.975,35.6562,0,0,0,0,14-3-30 7:17:51,1
F9PUX7B7SI,117.988,35.6457,0,0,0,0,14-3-30 7:19:52,1
F9PUX7B7SI,118.008,35.6289,0,0,0,0,14-3-30 7:21:53,1
F9PUX7B7SI,118.027,35.6085,0,0,0,0,14-3-30 7:23:54,1
F9PUX7B7SI,118.038,35.599,0,0,0,0,14-3-30 7:25:55,1
F9PUX7B7SI,118.067,35.5936,0,0,0,0,14-3-30 7:27:56,1
F9PUX7B7SI,118.07,35.5799,0,0,0,0,14-3-30 7:29:57,1
F9PUX7B7SI,118.094,35.5646,0,0,0,0,14-3-30 7:31:58,1
F9PUX7B7SI,118.108,35.5598,0,0,0,0,14-3-30 7:33:59,1
F9PUX7B7SI,118.128,35.5479,0,0,0,0,14-3-30 7:36:0,1
F9PUX7B7SI,118.145,35.5377,0,0,0,0,14-3-30 7:38:1,1
F9PUX7B7SI,118.161,35.5211,0,0,0,0,14-3-30 7:40:2,1
F9PUX7B7SI,118.18,35.5093,0,0,0,0,14-3-30 7:42:3,1
F9PUX7B7SI,118.195,35.4978,0,0,0,0,14-3-30 7:44:4,1
F9PUX7B7SI,118.205,35.4853,0,0,0,0,14-3-30 7:46:19,1
F9PUX7B7SI,118.223,35.4624,0,0,0,0,14-3-30 7:48:20,1
F9PUX7B7SI,118.23,35.4558,0,0,0,0,14-3-30 7:50:21,1
F9PUX7B7SI,118.237,35.4341,0,0,0,0,14-3-30 7:52:22,1
F9PUX7B7SI,118.251,35.4145,0,0,0,0,14-3-30 7:54:23,1
F9PUX7B7SI,118.254,35.4018,0,0,0,0,14-3-30 7:56:24,1
F9PUX7B7SI,118.254,35.3865,0,0,0,0,14-3-30 7:58:25,1
F9PUX7B7SI,118.254,35.3865,0,0,0,0,14-3-30 8:0:26,0
F9PUX7B7SI,118.254,35.3865,0,0,0,0,14-3-30 8:2:27,0
F9PUX7B7SI,118.252,35.3288,0,0,0,0,14-3-30 8:4:28,1
F9PUX7B7SI,118.252,35.3288,0,0,0,0,14-3-30 8:6:29,0
F9PUX7B7SI,118.251,35.2929,0,0,0,0,14-3-30 8:8:30,1
F9PUX7B7SI,118.251,35.2732,0,0,0,0,14-3-30 8:10:31,1
F9PUX7B7SI,118.251,35.2732,0,0,0,0,14-3-30 8:12:32,0
F9PUX7B7SI,118.25,35.2341,0,0,0,0,14-3-30 8:14:33,1
F9PUX7B7SI,118.249,35.2132,0,0,0,0,14-3-30 8:16:34,1
F9PUX7B7SI,118.246,35.1948,0,0,0,0,14-3-30 8:18:35,1
F9PUX7B7SI,118.243,35.1796,0,0,0,0,14-3-30 8:20:36,1
F9PUX7B7SI,118.245,35.1711,0,0,0,0,14-3-30 8:22:37,1
F9PUX7B7SI,118.245,35.1711,0,0,0,0,14-3-30 8:24:38,1
F9PUX7B7SI,118.245,35.1711,0,0,0,0,14-3-30 8:26:39,1
F9PUX7B7SI,118.245,35.1711,0,0,0,0,14-3-30 8:28:40,1
F9PUX7B7SI,118.245,35.1711,0,0,0,0,14-3-30 8:30:41,1
F9PUX7B7SI,118.245,35.1711,0,0,0,0,14-3-30 8:32:42,1
F9PUX7B7SI,118.246,35.1589,0,0,0,0,14-3-30 8:34:43,1
F9PUX7B7SI,118.25,35.1455,0,0,0,0,14-3-30 8:36:44,1
F9PUX7B7SI,118.25,35.1455,0,0,0,0,14-3-30 8:38:45,0
F9PUX7B7SI,118.24,35.1134,0,0,0,0,14-3-30 8:40:46,1
F9PUX7B7SI,118.24,35.1134,0,0,0,0,14-3-30 8:42:48,0
F9PUX7B7SI,118.24,35.1134,0,0,0,0,14-3-30 8:44:49,0
F9PUX7B7SI,118.24,35.1134,0,0,0,0,14-3-30 8:46:49,0
F9PUX7B7SI,118.218,35.0402,0,0,0,0,14-3-30 8:49:3,1
F9PUX7B7SI,118.215,35.0227,0,0,0,0,14-3-30 8:51:4,1
F9PUX7B7SI,118.209,35.0098,0,0,0,0,14-3-30 8:53:5,1
F9PUX7B7SI,118.207,34.9875,0,0,0,0,14-3-30 8:55:6,1
F9PUX7B7SI,118.206,34.9652,0,0,0,0,14-3-30 8:57:7,1
F9PUX7B7SI,118.206,34.9652,0,0,0,0,14-3-30 8:59:8,0
F9PUX7B7SI,118.206,34.9652,0,0,0,0,14-3-30 9:1:9,0
F9PUX7B7SI,118.207,34.9101,0,0,0,0,14-3-30 9:3:10,1
F9PUX7B7SI,118.208,34.8938,0,0,0,0,14-3-30 9:5:11,1
F9PUX7B7SI,118.206,34.8848,0,0,0,0,14-3-30 9:7:12,1
F9PUX7B7SI,118.203,34.8635,0,0,0,0,14-3-30 9:9:13,1
F9PUX7B7SI,118.203,34.8635,0,0,0,0,14-3-30 9:11:14,1
F9PUX7B7SI,118.203,34.8635,0,0,0,0,14-3-30 9:13:15,1
F9PUX7B7SI,118.203,34.8635,0,0,0,0,14-3-30 9:15:17,1
F9PUX7B7SI,118.203,34.8635,0,0,0,0,14-3-30 9:17:17,1
F9PUX7B7SI,118.203,34.8635,0,0,0,0,14-3-30 9:19:18,1
F9PUX7B7SI,118.203,34.8635,0,0,0,0,14-3-30 9:21:19,1
F9PUX7B7SI,118.203,34.8635,0,0,0,0,14-3-30 9:23:20,1
F9PUX7B7SI,118.203,34.8635,0,0,0,0,14-3-30 9:25:21,1
F9PUX7B7SI,118.203,34.8635,0,0,0,0,14-3-30 9:27:22,1
F9PUX7B7SI,118.203,34.8635,0,0,0,0,14-3-30 9:29:23,1
F9PUX7B7SI,118.203,34.8635,0,0,0,0,14-3-30 9:31:24,1
F9PUX7B7SI,118.203,34.8635,0,0,0,0,14-3-30 9:33:25,1
F9PUX7B7SI,118.203,34.8635,0,0,0,0,14-3-30 9:35:26,1
F9PUX7B7SI,118.203,34.8635,0,0,0,0,14-3-30 9:37:27,1
F9PUX7B7SI,118.203,34.8635,0,0,0,0,14-3-30 9:39:28,1
F9PUX7B7SI,118.203,34.8635,0,0,0,0,14-3-30 9:41:29,1
F9PUX7B7SI,118.203,34.8635,0,0,0,0,14-3-30 9:43:30,1
F9PUX7B7SI,118.203,34.8635,0,0,0,0,14-3-30 9:45:31,1
F9PUX7B7SI,118.203,34.8635,0,0,0,0,14-3-30 9:47:46,1
F9PUX7B7SI,118.203,34.8635,0,0,0,0,14-3-30 9:49:47,1
F9PUX7B7SI,118.203,34.8635,0,0,0,0,14-3-30 9:51:48,1
F9PUX7B7SI,118.203,34.8635,0,0,0,0,14-3-30 9:53:49,1
F9PUX7B7SI,118.203,34.8635,0,0,0,0,14-3-30 9:55:50,1
F9PUX7B7SI,118.203,34.8635,0,0,0,0,14-3-30 9:57:51,1
F9PUX7B7SI,118.203,34.8635,0,0,0,0,14-3-30 9:59:52,1
F9PUX7B7SI,118.203,34.8635,0,0,0,0,14-3-30 10:1:53,1
F9PUX7B7SI,118.203,34.8635,0,0,0,0,14-3-30 10:3:54,1
F9PUX7B7SI,118.203,34.8635,0,0,0,0,14-3-30 10:5:55,1
F9PUX7B7SI,118.203,34.8635,0,0,0,0,14-3-30 10:7:56,1
F9PUX7B7SI,118.203,34.8635,0,0,0,0,14-3-30 10:9:57,1
F9PUX7B7SI,118.203,34.8635,0,0,0,0,14-3-30 10:11:58,1
F9PUX7B7SI,118.203,34.8635,0,0,0,0,14-3-30 10:13:59,1
F9PUX7B7SI,118.203,34.8635,0,0,0,0,14-3-30 10:16:0,1
F9PUX7B7SI,118.203,34.8635,0,0,0,0,14-3-30 10:18:1,1
F9PUX7B7SI,118.203,34.8635,0,0,0,0,14-3-30 10:20:2,1
F9PUX7B7SI,118.203,34.8635,0,0,0,0,14-3-30 10:22:3,1
F9PUX7B7SI,118.203,34.8635,0,0,0,0,14-3-30 10:24:4,1
F9PUX7B7SI,118.203,34.8635,0,0,0,0,14-3-30 10:26:5,1
F9PUX7B7SI,118.203,34.8635,0,0,0,0,14-3-30 10:28:6,1
F9PUX7B7SI,118.203,34.8635,0,0,0,0,14-3-30 10:30:7,1
F9PUX7B7SI,118.203,34.8635,0,0,0,0,14-3-30 10:32:8,1
F9PUX7B7SI,118.203,34.8635,0,0,0,0,14-3-30 10:34:9,1
F9PUX7B7SI,118.203,34.8635,0,0,0,0,14-3-30 10:36:10,1
F9PUX7B7SI,118.203,34.8635,0,0,0,0,14-3-30 10:38:11,1
F9PUX7B7SI,118.203,34.8635,0,0,0,0,14-3-30 10:40:12,1
F9PUX7B7SI,118.203,34.8635,0,0,0,0,14-3-30 10:42:13,1
F9PUX7B7SI,118.203,34.8635,0,0,0,0,14-3-30 10:44:14,1
F9PUX7B7SI,118.203,34.8635,0,0,0,0,14-3-30 10:46:15,1
F9PUX7B7SI,118.203,34.8635,0,0,0,0,14-3-30 10:48:30,1
F9PUX7B7SI,118.203,34.8635,0,0,0,0,14-3-30 10:50:31,1
F9PUX7B7SI,118.203,34.8635,0,0,0,0,14-3-30 10:52:32,1
F9PUX7B7SI,118.203,34.8635,0,0,0,0,14-3-30 10:54:33,1
F9PUX7B7SI,118.203,34.8635,0,0,0,0,14-3-30 10:56:34,1
F9PUX7B7SI,118.203,34.8635,0,0,0,0,14-3-30 10:58:35,1
F9PUX7B7SI,118.203,34.8635,0,0,0,0,14-3-30 11:0:36,1
F9PUX7B7SI,118.203,34.8635,0,0,0,0,14-3-30 11:2:37,1
F9PUX7B7SI,118.203,34.8635,0,0,0,0,14-3-30 11:4:38,1
F9PUX7B7SI,118.203,34.8635,0,0,0,0,14-3-30 11:6:39,1
F9PUX7B7SI,118.203,34.8635,0,0,0,0,14-3-30 11:8:40,1
F9PUX7B7SI,118.203,34.8635,0,0,0,0,14-3-30 11:10:41,1
F9PUX7B7SI,118.203,34.8635,0,0,0,0,14-3-30 11:12:42,1
F9PUX7B7SI,118.203,34.8635,0,0,0,0,14-3-30 11:14:43,1
F9PUX7B7SI,118.203,34.8635,0,0,0,0,14-3-30 11:16:44,1
F9PUX7B7SI,118.203,34.8635,0,0,0,0,14-3-30 11:18:45,1
F9PUX7B7SI,118.203,34.8635,0,0,0,0,14-3-30 11:20:46,1
F9PUX7B7SI,118.203,34.8635,0,0,0,0,14-3-30 11:22:47,1
F9PUX7B7SI,118.203,34.8635,0,0,0,0,14-3-30 11:24:48,1
F9PUX7B7SI,118.203,34.8635,0,0,0,0,14-3-30 11:26:49,1
F9PUX7B7SI,118.203,34.8635,0,0,0,0,14-3-30 11:28:50,1
F9PUX7B7SI,118.203,34.8635,0,0,0,0,14-3-30 11:30:51,1
F9PUX7B7SI,118.203,34.8635,0,0,0,0,14-3-30 11:32:52,1
F9PUX7B7SI,118.203,34.8635,0,0,0,0,14-3-30 11:34:53,1
F9PUX7B7SI,118.203,34.8635,0,0,0,0,14-3-30 11:36:54,1
F9PUX7B7SI,118.203,34.8635,0,0,0,0,14-3-30 11:38:55,1
F9PUX7B7SI,118.203,34.8635,0,0,0,0,14-3-30 11:40:56,1
F9PUX7B7SI,118.203,34.8635,0,0,0,0,14-3-30 11:42:57,1
F9PUX7B7SI,118.203,34.8635,0,0,0,0,14-3-30 11:44:58,1
F9PUX7B7SI,118.203,34.8635,0,0,0,0,14-3-30 11:47:13,1
F9PUX7B7SI,118.203,34.8635,0,0,0,0,14-3-30 11:49:14,1
F9PUX7B7SI,118.203,34.8635,0,0,0,0,14-3-30 11:51:15,1
F9PUX7B7SI,118.203,34.8635,0,0,0,0,14-3-30 11:53:16,1
F9PUX7B7SI,118.203,34.8635,0,0,0,0,14-3-30 11:55:17,1
F9PUX7B7SI,118.203,34.8635,0,0,0,0,14-3-30 11:57:18,1
F9PUX7B7SI,118.203,34.8635,0,0,0,0,14-3-30 11:59:19,1
F9PUX7B7SI,118.203,34.8635,0,0,0,0,14-3-30 12:1:20,1
F9PUX7B7SI,118.203,34.8635,0,0,0,0,14-3-30 12:3:21,1
F9PUX7B7SI,118.203,34.8635,0,0,0,0,14-3-30 12:5:22,1
F9PUX7B7SI,118.203,34.8635,0,0,0,0,14-3-30 12:7:23,1
F9PUX7B7SI,118.203,34.8635,0,0,0,0,14-3-30 12:9:24,1
F9PUX7B7SI,118.203,34.8635,0,0,0,0,14-3-30 12:11:25,1
F9PUX7B7SI,118.203,34.8635,0,0,0,0,14-3-30 12:13:26,1
F9PUX7B7SI,118.203,34.8635,0,0,0,0,14-3-30 12:15:27,1
F9PUX7B7SI,118.203,34.8635,0,0,0,0,14-3-30 12:17:28,1
F9PUX7B7SI,118.203,34.8635,0,0,0,0,14-3-30 12:19:29,1
F9PUX7B7SI,118.203,34.8635,0,0,0,0,14-3-30 12:21:30,1
F9PUX7B7SI,118.203,34.8635,0,0,0,0,14-3-30 12:23:31,1
F9PUX7B7SI,118.203,34.8635,0,0,0,0,14-3-30 12:25:32,1
F9PUX7B7SI,118.203,34.8635,0,0,0,0,14-3-30 12:27:33,1
F9PUX7B7SI,118.203,34.8635,0,0,0,0,14-3-30 12:29:34,1
F9PUX7B7SI,118.203,34.8635,0,0,0,0,14-3-30 12:31:35,1
F9PUX7B7SI,118.203,34.8635,0,0,0,0,14-3-30 12:33:36,1
F9PUX7B7SI,118.203,34.8635,0,0,0,0,14-3-30 12:35:37,1
F9PUX7B7SI,118.203,34.8635,0,0,0,0,14-3-30 12:37:38,1
F9PUX7B7SI,118.203,34.8635,0,0,0,0,14-3-30 12:39:39,1
F9PUX7B7SI,118.203,34.8635,0,0,0,0,14-3-30 12:41:40,1
F9PUX7B7SI,118.203,34.8635,0,0,0,0,14-3-30 12:43:41,1
F9PUX7B7SI,118.203,34.8635,0,0,0,0,14-3-30 12:45:42,1
F9PUX7B7SI,118.203,34.8635,0,0,0,0,14-3-30 12:47:57,1
F9PUX7B7SI,118.203,34.8635,0,0,0,0,14-3-30 12:49:58,1
F9PUX7B7SI,118.203,34.8635,0,0,0,0,14-3-30 12:51:59,1
F9PUX7B7SI,118.203,34.8635,0,0,0,0,14-3-30 12:54:0,1
F9PUX7B7SI,118.203,34.8635,0,0,0,0,14-3-30 12:56:1,1
F9PUX7B7SI,118.203,34.8635,0,0,0,0,14-3-30 12:58:2,1
F9PUX7B7SI,118.203,34.8635,0,0,0,0,14-3-30 13:0:3,1
F9PUX7B7SI,118.203,34.8635,0,0,0,0,14-3-30 13:2:4,1
F9PUX7B7SI,118.203,34.8635,0,0,0,0,14-3-30 13:4:5,1
F9PUX7B7SI,118.203,34.8635,0,0,0,0,14-3-30 13:6:6,1
F9PUX7B7SI,118.203,34.8635,0,0,0,0,14-3-30 13:8:7,1
F9PUX7B7SI,118.203,34.8635,0,0,0,0,14-3-30 13:10:8,1
F9PUX7B7SI,118.203,34.8635,0,0,0,0,14-3-30 13:12:9,1
F9PUX7B7SI,118.203,34.8635,0,0,0,0,14-3-30 13:14:10,1
F9PUX7B7SI,118.203,34.8635,0,0,0,0,14-3-30 13:16:11,1
F9PUX7B7SI,118.203,34.8635,0,0,0,0,14-3-30 13:18:12,1
F9PUX7B7SI,118.203,34.8635,0,0,0,0,14-3-30 13:20:13,1
F9PUX7B7SI,118.203,34.8635,0,0,0,0,14-3-30 13:22:14,1
F9PUX7B7SI,118.203,34.8635,0,0,0,0,14-3-30 13:24:15,1
F9PUX7B7SI,118.203,34.8635,0,0,0,0,14-3-30 13:26:16,1
F9PUX7B7SI,118.203,34.8635,0,0,0,0,14-3-30 13:28:17,1
F9PUX7B7SI,118.203,34.8635,0,0,0,0,14-3-30 13:30:18,1
F9PUX7B7SI,118.203,34.8635,0,0,0,0,14-3-30 13:32:19,1
F9PUX7B7SI,118.203,34.8635,0,0,0,0,14-3-30 13:34:20,1
F9PUX7B7SI,118.203,34.8635,0,0,0,0,14-3-30 13:36:21,1
F9PUX7B7SI,118.203,34.8635,0,0,0,0,14-3-30 13:38:22,1
F9PUX7B7SI,118.203,34.8635,0,0,0,0,14-3-30 13:40:23,1
F9PUX7B7SI,118.203,34.8635,0,0,0,0,14-3-30 13:42:24,1
F9PUX7B7SI,118.203,34.8635,0,0,0,0,14-3-30 13:44:25,1
F9PUX7B7SI,118.203,34.8635,0,0,0,0,14-3-30 13:46:26,1
F9PUX7B7SI,118.203,34.8635,0,0,0,0,14-3-30 13:48:40,1
F9PUX7B7SI,118.203,34.8635,0,0,0,0,14-3-30 13:50:41,1
F9PUX7B7SI,118.203,34.8635,0,0,0,0,14-3-30 13:52:42,1
F9PUX7B7SI,118.203,34.8635,0,0,0,0,14-3-30 13:54:43,1
F9PUX7B7SI,118.203,34.8635,0,0,0,0,14-3-30 13:56:44,1
F9PUX7B7SI,118.203,34.8635,0,0,0,0,14-3-30 13:58:45,1
F9PUX7B7SI,118.203,34.8635,0,0,0,0,14-3-30 14:0:46,1
F9PUX7B7SI,118.203,34.8635,0,0,0,0,14-3-30 14:2:47,1
F9PUX7B7SI,118.203,34.8635,0,0,0,0,14-3-30 14:4:48,1
F9PUX7B7SI,118.203,34.8635,0,0,0,0,14-3-30 14:6:49,1
F9PUX7B7SI,118.203,34.8635,0,0,0,0,14-3-30 14:8:50,1
F9PUX7B7SI,118.203,34.8635,0,0,0,0,14-3-30 14:10:51,1
F9PUX7B7SI,118.203,34.8635,0,0,0,0,14-3-30 14:12:52,1
F9PUX7B7SI,118.203,34.8635,0,0,0,0,14-3-30 14:14:53,1
F9PUX7B7SI,118.203,34.8635,0,0,0,0,14-3-30 14:16:54,1
F9PUX7B7SI,118.203,34.8635,0,0,0,0,14-3-30 14:18:55,1
F9PUX7B7SI,118.203,34.8635,0,0,0,0,14-3-30 14:20:56,1
F9PUX7B7SI,118.209,34.8396,0,0,0,0,14-3-30 14:22:57,1
F9PUX7B7SI,118.209,34.8396,0,0,0,0,14-3-30 14:24:58,0
F9PUX7B7SI,118.21,34.8071,0,0,0,0,14-3-30 14:26:59,1
F9PUX7B7SI,118.209,34.7881,0,0,0,0,14-3-30 14:29:0,1
F9PUX7B7SI,118.209,34.7881,0,0,0,0,14-3-30 14:31:1,0
F9PUX7B7SI,118.209,34.7881,0,0,0,0,14-3-30 14:33:2,0
F9PUX7B7SI,118.233,34.7469,0,0,0,0,14-3-30 14:35:3,1
F9PUX7B7SI,118.227,34.73,0,0,0,0,14-3-30 14:37:4,1
F9PUX7B7SI,118.232,34.7066,0,0,0,0,14-3-30 14:39:5,1
F9PUX7B7SI,118.234,34.6809,0,0,0,0,14-3-30 14:41:6,1
F9PUX7B7SI,118.234,34.6809,0,0,0,0,14-3-30 14:43:7,0
F9PUX7B7SI,118.24,34.653,0,0,0,0,14-3-30 14:45:8,1
F9PUX7B7SI,118.242,34.6344,0,0,0,0,14-3-30 14:47:9,1
F9PUX7B7SI,118.242,34.6344,0,0,0,0,14-3-30 14:49:24,0
F9PUX7B7SI,118.242,34.6344,0,0,0,0,14-3-30 14:51:25,0
F9PUX7B7SI,118.257,34.5806,0,0,0,0,14-3-30 14:53:26,1
F9PUX7B7SI,118.26,34.5681,0,0,0,0,14-3-30 14:55:27,1
F9PUX7B7SI,118.262,34.5557,0,0,0,0,14-3-30 14:57:28,1
F9PUX7B7SI,118.268,34.5373,0,0,0,0,14-3-30 14:59:29,1
F9PUX7B7SI,118.276,34.5247,0,0,0,0,14-3-30 15:1:30,1
F9PUX7B7SI,118.3,34.5062,0,0,0,0,14-3-30 15:3:31,1
F9PUX7B7SI,118.298,34.4853,0,0,0,0,14-3-30 15:5:32,1
F9PUX7B7SI,118.311,34.4697,0,0,0,0,14-3-30 15:7:33,1
F9PUX7B7SI,118.32,34.4591,0,0,0,0,14-3-30 15:9:34,1
F9PUX7B7SI,118.337,34.4441,0,0,0,0,14-3-30 15:11:35,1
F9PUX7B7SI,118.354,34.4356,0,0,0,0,14-3-30 15:13:36,1
F9PUX7B7SI,118.354,34.4356,0,0,0,0,14-3-30 15:15:37,0
F9PUX7B7SI,118.354,34.4356,0,0,0,0,14-3-30 15:17:38,0
F9PUX7B7SI,118.354,34.4356,0,0,0,0,14-3-30 15:19:39,0
F9PUX7B7SI,118.354,34.4356,0,0,0,0,14-3-30 15:21:40,0
F9PUX7B7SI,118.354,34.4356,0,0,0,0,14-3-30 15:23:41,0
F9PUX7B7SI,118.354,34.4356,0,0,0,0,14-3-30 15:25:42,0
F9PUX7B7SI,118.354,34.4356,0,0,0,0,14-3-30 15:27:43,0
F9PUX7B7SI,118.354,34.4356,0,0,0,0,14-3-30 15:29:44,0
F9PUX7B7SI,118.354,34.4356,0,0,0,0,14-3-30 15:31:45,0
F9PUX7B7SI,118.354,34.4356,0,0,0,0,14-3-30 15:33:46,0
F9PUX7B7SI,118.41,34.4026,0,0,0,0,14-3-30 15:35:47,1
F9PUX7B7SI,118.41,34.4026,0,0,0,0,14-3-30 15:37:48,0
F9PUX7B7SI,118.443,34.3686,0,0,0,0,14-3-30 15:39:49,1
F9PUX7B7SI,118.454,34.3624,0,0,0,0,14-3-30 15:41:50,1
F9PUX7B7SI,118.472,34.3493,0,0,0,0,14-3-30 15:43:51,1
F9PUX7B7SI,118.501,34.3433,0,0,0,0,14-3-30 15:45:52,1
F9PUX7B7SI,118.511,34.3385,0,0,0,0,14-3-30 15:48:8,1
F9PUX7B7SI,118.523,34.334,0,0,0,0,14-3-30 15:50:9,1
F9PUX7B7SI,118.547,34.325,0,0,0,0,14-3-30 15:52:10,1
F9PUX7B7SI,118.563,34.3172,0,0,0,0,14-3-30 15:54:11,1
F9PUX7B7SI,118.569,34.314,0,0,0,0,14-3-30 15:56:12,1
F9PUX7B7SI,118.601,34.2993,0,0,0,0,14-3-30 15:58:13,1
F9PUX7B7SI,118.617,34.2885,0,0,0,0,14-3-30 16:0:14,1
F9PUX7B7SI,118.639,34.2768,0,0,0,0,14-3-30 16:2:16,1
F9PUX7B7SI,118.663,34.2563,0,0,0,0,14-3-30 16:4:16,1
F9PUX7B7SI,118.663,34.2563,0,0,0,0,14-3-30 16:6:17,1
F9PUX7B7SI,118.7,34.2349,0,0,0,0,14-3-30 16:8:18,1
F9PUX7B7SI,118.706,34.2282,0,0,0,0,14-3-30 16:10:19,1
F9PUX7B7SI,118.719,34.2171,0,0,0,0,14-3-30 16:12:20,1
F9PUX7B7SI,118.732,34.2063,0,0,0,0,14-3-30 16:14:21,1
F9PUX7B7SI,118.744,34.1946,0,0,0,0,14-3-30 16:16:22,1
F9PUX7B7SI,118.756,34.1836,0,0,0,0,14-3-30 16:18:23,1
F9PUX7B7SI,118.779,34.1597,0,0,0,0,14-3-30 16:20:24,1
F9PUX7B7SI,118.76,34.1491,0,0,0,0,14-3-30 16:22:25,1
F9PUX7B7SI,118.76,34.1491,0,0,0,0,14-3-30 16:24:26,1
F9PUX7B7SI,118.807,34.1267,0,0,0,0,14-3-30 16:26:27,1
F9PUX7B7SI,118.815,34.1184,0,0,0,0,14-3-30 16:28:28,1
F9PUX7B7SI,118.826,34.0972,0,0,0,0,14-3-30 16:30:29,1
F9PUX7B7SI,118.832,34.0867,0,0,0,0,14-3-30 16:32:30,1
F9PUX7B7SI,118.841,34.0726,0,0,0,0,14-3-30 16:34:31,1
F9PUX7B7SI,118.841,34.0726,0,0,0,0,14-3-30 16:36:32,1
F9PUX7B7SI,118.841,34.0726,0,0,0,0,14-3-30 16:38:33,1
F9PUX7B7SI,118.841,34.0726,0,0,0,0,14-3-30 16:40:34,0
F9PUX7B7SI,118.89,34.0088,0,0,0,0,14-3-30 16:42:35,1
F9PUX7B7SI,118.89,34.0088,0,0,0,0,14-3-30 16:44:36,0
F9PUX7B7SI,118.903,33.981,0,0,0,0,14-3-30 16:46:37,1
F9PUX7B7SI,118.915,33.9632,0,0,0,0,14-3-30 16:48:52,1
F9PUX7B7SI,118.923,33.947,0,0,0,0,14-3-30 16:50:53,1
F9PUX7B7SI,118.933,33.9331,0,0,0,0,14-3-30 16:52:54,1
F9PUX7B7SI,118.939,33.9264,0,0,0,0,14-3-30 16:54:55,1
F9PUX7B7SI,118.954,33.9067,0,0,0,0,14-3-30 16:56:57,1
F9PUX7B7SI,118.966,33.889,0,0,0,0,14-3-30 16:58:57,1
F9PUX7B7SI,118.966,33.889,0,0,0,0,14-3-30 17:0:58,1
F9PUX7B7SI,118.984,33.8612,0,0,0,0,14-3-30 17:2:59,1
F9PUX7B7SI,118.994,33.85,0,0,0,0,14-3-30 17:5:0,1
F9PUX7B7SI,118.995,33.8233,0,0,0,0,14-3-30 17:7:1,1
F9PUX7B7SI,118.984,33.8075,0,0,0,0,14-3-30 17:9:2,1
F9PUX7B7SI,119.035,33.8022,0,0,0,0,14-3-30 17:11:3,1
F9PUX7B7SI,119.047,33.7888,0,0,0,0,14-3-30 17:13:4,1
F9PUX7B7SI,119.047,33.7888,0,0,0,0,14-3-30 17:15:5,1
F9PUX7B7SI,119.064,33.7668,0,0,0,0,14-3-30 17:17:6,1
F9PUX7B7SI,119.081,33.7463,0,0,0,0,14-3-30 17:19:7,1
F9PUX7B7SI,119.081,33.7463,0,0,0,0,14-3-30 17:21:8,1
F9PUX7B7SI,119.103,33.7199,0,0,0,0,14-3-30 17:23:9,1
F9PUX7B7SI,119.103,33.7199,0,0,0,0,14-3-30 17:25:10,1
F9PUX7B7SI,119.122,33.7004,0,0,0,0,14-3-30 17:27:11,1
F9PUX7B7SI,119.127,33.6886,0,0,0,0,14-3-30 17:29:12,1
F9PUX7B7SI,119.127,33.6886,0,0,0,0,14-3-30 17:31:13,1
F9PUX7B7SI,119.127,33.6886,0,0,0,0,14-3-30 17:33:14,1
F9PUX7B7SI,119.127,33.6886,0,0,0,0,14-3-30 17:35:16,0
F9PUX7B7SI,119.127,33.6886,0,0,0,0,14-3-30 17:37:16,0
F9PUX7B7SI,119.127,33.6886,0,0,0,0,14-3-30 17:39:17,0
F9PUX7B7SI,119.127,33.6886,0,0,0,0,14-3-30 17:41:18,0
F9PUX7B7SI,119.127,33.6886,0,0,0,0,14-3-30 17:43:19,0
F9PUX7B7SI,119.127,33.6886,0,0,0,0,14-3-30 17:45:20,0
F9PUX7B7SI,119.198,33.5478,0,0,0,0,14-3-30 17:47:21,1
F9PUX7B7SI,119.209,33.5235,0,0,0,0,14-3-30 17:49:36,1
F9PUX7B7SI,119.214,33.5145,0,0,0,0,14-3-30 17:51:37,1
F9PUX7B7SI,119.214,33.5145,0,0,0,0,14-3-30 17:53:38,0
F9PUX7B7SI,119.223,33.4945,0,0,0,0,14-3-30 17:55:39,1
F9PUX7B7SI,119.234,33.4692,0,0,0,0,14-3-30 17:57:40,1
F9PUX7B7SI,119.242,33.4522,0,0,0,0,14-3-30 17:59:41,1
F9PUX7B7SI,119.242,33.4522,0,0,0,0,14-3-30 18:1:42,0
F9PUX7B7SI,119.283,33.4494,0,0,0,0,14-3-30 18:3:43,1
F9PUX7B7SI,119.3,33.4494,0,0,0,0,14-3-30 18:5:44,1
F9PUX7B7SI,119.311,33.4489,0,0,0,0,14-3-30 18:7:45,1
F9PUX7B7SI,119.333,33.4485,0,0,0,0,14-3-30 18:9:46,1
F9PUX7B7SI,119.348,33.4486,0,0,0,0,14-3-30 18:11:47,1
F9PUX7B7SI,119.348,33.4486,0,0,0,0,14-3-30 18:13:48,1
F9PUX7B7SI,119.348,33.4486,0,0,0,0,14-3-30 18:15:49,1
F9PUX7B7SI,119.348,33.4486,0,0,0,0,14-3-30 18:17:50,1
F9PUX7B7SI,119.348,33.4486,0,0,0,0,14-3-30 18:19:51,1
F9PUX7B7SI,119.348,33.4486,0,0,0,0,14-3-30 18:21:52,1
F9PUX7B7SI,119.348,33.4486,0,0,0,0,14-3-30 18:23:53,1
F9PUX7B7SI,119.348,33.4486,0,0,0,0,14-3-30 18:25:54,1
F9PUX7B7SI,119.348,33.4486,0,0,0,0,14-3-30 18:27:55,1
F9PUX7B7SI,119.348,33.4486,0,0,0,0,14-3-30 18:29:56,1
F9PUX7B7SI,119.348,33.4486,0,0,0,0,14-3-30 18:31:57,1
F9PUX7B7SI,119.348,33.4486,0,0,0,0,14-3-30 18:33:58,1
F9PUX7B7SI,119.348,33.4486,0,0,0,0,14-3-30 18:35:59,0
F9PUX7B7SI,119.348,33.4486,0,0,0,0,14-3-30 18:38:0,0
F9PUX7B7SI,119.352,33.4487,0,0,0,0,14-3-30 18:40:1,1
F9PUX7B7SI,119.352,33.4487,0,0,0,0,14-3-30 18:42:3,0
F9PUX7B7SI,119.388,33.4498,0,0,0,0,14-3-30 18:44:3,1
F9PUX7B7SI,119.413,33.4502,0,0,0,0,14-3-30 18:46:4,1
F9PUX7B7SI,119.432,33.451,0,0,0,0,14-3-30 18:48:5,1
F9PUX7B7SI,119.446,33.451,0,0,0,0,14-3-30 18:50:19,1
F9PUX7B7SI,119.457,33.4497,0,0,0,0,14-3-30 18:52:20,1
F9PUX7B7SI,119.488,33.4488,0,0,0,0,14-3-30 18:54:21,1
F9PUX7B7SI,119.511,33.4473,0,0,0,0,14-3-30 18:56:22,1
F9PUX7B7SI,119.541,33.4459,0,0,0,0,14-3-30 18:58:23,1
F9PUX7B7SI,119.556,33.4474,0,0,0,0,14-3-30 19:0:24,1
F9PUX7B7SI,119.564,33.448,0,0,0,0,14-3-30 19:2:25,1
F9PUX7B7SI,119.598,33.446,0,0,0,0,14-3-30 19:4:26,1
F9PUX7B7SI,119.616,33.4438,0,0,0,0,14-3-30 19:6:27,1
F9PUX7B7SI,119.616,33.4438,0,0,0,0,14-3-30 19:8:28,1
F9PUX7B7SI,119.616,33.4438,0,0,0,0,14-3-30 19:10:29,1
F9PUX7B7SI,119.653,33.4328,0,0,0,0,14-3-30 19:12:30,1
F9PUX7B7SI,119.653,33.4331,0,0,0,0,14-3-30 19:14:31,1
F9PUX7B7SI,119.653,33.4331,0,0,0,0,14-3-30 19:16:32,1
F9PUX7B7SI,119.653,33.4331,0,0,0,0,14-3-30 19:18:33,1
F9PUX7B7SI,119.653,33.4328,0,0,0,0,14-3-30 19:20:34,1
F9PUX7B7SI,119.653,33.4328,0,0,0,0,14-3-30 19:22:35,1
F9PUX7B7SI,119.653,33.4328,0,0,0,0,14-3-30 19:24:36,1
F9PUX7B7SI,119.653,33.4328,0,0,0,0,14-3-30 19:26:37,1
F9PUX7B7SI,119.653,33.4328,0,0,0,0,14-3-30 19:28:38,1
F9PUX7B7SI,119.656,33.432,0,0,0,0,14-3-30 19:30:39,1
F9PUX7B7SI,119.679,33.4269,0,0,0,0,14-3-30 19:32:40,1
F9PUX7B7SI,119.691,33.4247,0,0,0,0,14-3-30 19:34:41,1
F9PUX7B7SI,119.706,33.4202,0,0,0,0,14-3-30 19:36:42,1
F9PUX7B7SI,119.721,33.4162,0,0,0,0,14-3-30 19:38:43,1
F9PUX7B7SI,119.752,33.4114,0,0,0,0,14-3-30 19:40:44,1
F9PUX7B7SI,119.771,33.4099,0,0,0,0,14-3-30 19:42:45,1
F9PUX7B7SI,119.785,33.4054,0,0,0,0,14-3-30 19:44:46,1
F9PUX7B7SI,119.8,33.3984,0,0,0,0,14-3-30 19:46:47,1
F9PUX7B7SI,119.822,33.3885,0,0,0,0,14-3-30 19:48:48,1
F9PUX7B7SI,119.841,33.3825,0,0,0,0,14-3-30 19:51:2,1
F9PUX7B7SI,119.857,33.3772,0,0,0,0,14-3-30 19:53:3,1
F9PUX7B7SI,119.853,33.3787,0,0,0,0,14-3-30 19:55:4,1
F9PUX7B7SI,119.853,33.3787,0,0,0,0,14-3-30 19:57:6,0
F9PUX7B7SI,119.911,33.3543,0,0,0,0,14-3-30 19:59:6,1
F9PUX7B7SI,119.929,33.3497,0,0,0,0,14-3-30 20:1:7,1
F9PUX7B7SI,119.956,33.3382,0,0,0,0,14-3-30 20:3:8,1
F9PUX7B7SI,119.967,33.3345,0,0,0,0,14-3-30 20:5:9,1
F9PUX7B7SI,119.987,33.3262,0,0,0,0,14-3-30 20:7:10,1
F9PUX7B7SI,120.01,33.3126,0,0,0,0,14-3-30 20:9:11,1
F9PUX7B7SI,120.024,33.3084,0,0,0,0,14-3-30 20:11:12,1
F9PUX7B7SI,120.045,33.3021,0,0,0,0,14-3-30 20:13:13,1
F9PUX7B7SI,120.045,33.3021,0,0,0,0,14-3-30 20:15:14,0
F9PUX7B7SI,120.093,33.2924,0,0,0,0,14-3-30 20:17:15,1
F9PUX7B7SI,120.093,33.2924,0,0,0,0,14-3-30 20:19:16,0
F9PUX7B7SI,120.093,33.2924,0,0,0,0,14-3-30 20:21:17,0
F9PUX7B7SI,120.093,33.2924,0,0,0,0,14-3-30 20:23:18,0
F9PUX7B7SI,120.093,33.2924,0,0,0,0,14-3-30 20:25:19,0
F9PUX7B7SI,120.093,33.2924,0,0,0,0,14-3-30 20:27:20,0
F9PUX7B7SI,120.196,33.2812,0,0,0,0,14-3-30 20:29:21,1
F9PUX7B7SI,120.179,33.2814,0,0,0,0,14-3-30 20:31:22,1
F9PUX7B7SI,120.231,33.2824,0,0,0,0,14-3-30 20:33:23,1
F9PUX7B7SI,120.249,33.2852,0,0,0,0,14-3-30 20:35:24,1
F9PUX7B7SI,120.265,33.2739,0,0,0,0,14-3-30 20:37:25,1
F9PUX7B7SI,120.265,33.2739,0,0,0,0,14-3-30 20:39:26,0
F9PUX7B7SI,120.265,33.2739,0,0,0,0,14-3-30 20:41:27,0
F9PUX7B7SI,120.332,33.2901,0,0,0,0,14-3-30 20:43:28,1
F9PUX7B7SI,120.332,33.2901,0,0,0,0,14-3-30 20:45:29,0
F9PUX7B7SI,120.332,33.2901,0,0,0,0,14-3-30 20:47:30,0
F9PUX7B7SI,120.332,33.2901,0,0,0,0,14-3-30 20:49:45,0
F9PUX7B7SI,120.332,33.2901,0,0,0,0,14-3-30 20:51:46,0
F9PUX7B7SI,120.332,33.2901,0,0,0,0,14-3-30 20:53:47,0
F9PUX7B7SI,120.332,33.2901,0,0,0,0,14-3-30 20:55:48,0
F9PUX7B7SI,120.332,33.2901,0,0,0,0,14-3-30 20:57:49,0
F9PUX7B7SI,120.332,33.2901,0,0,0,0,14-3-30 20:59:50,0
F9PUX7B7SI,120.313,33.1516,0,0,0,0,14-3-30 21:1:51,1
F9PUX7B7SI,120.379,33.1279,0,0,0,0,14-3-30 21:3:52,1
F9PUX7B7SI,120.382,33.1082,0,0,0,0,14-3-30 21:5:53,1
F9PUX7B7SI,120.381,33.0962,0,0,0,0,14-3-30 21:7:54,1
F9PUX7B7SI,120.381,33.0962,0,0,0,0,14-3-30 21:9:55,0
F9PUX7B7SI,120.381,33.0962,0,0,0,0,14-3-30 21:11:56,0
F9PUX7B7SI,120.381,33.0962,0,0,0,0,14-3-30 21:13:57,0
F9PUX7B7SI,120.381,33.0962,0,0,0,0,14-3-30 21:15:58,0
F9PUX7B7SI,120.381,33.0962,0,0,0,0,14-3-30 21:17:59,0
F9PUX7B7SI,120.381,33.0962,0,0,0,0,14-3-30 21:20:0,0
F9PUX7B7SI,120.381,33.0962,0,0,0,0,14-3-30 21:22:1,0
F9PUX7B7SI,120.381,33.0962,0,0,0,0,14-3-30 21:24:2,0
F9PUX7B7SI,120.381,33.0962,0,0,0,0,14-3-30 21:26:3,0
F9PUX7B7SI,120.408,32.9105,0,0,0,0,14-3-30 21:28:4,1
F9PUX7B7SI,120.408,32.9031,0,0,0,0,14-3-30 21:30:5,1
F9PUX7B7SI,120.414,32.8785,0,0,0,0,14-3-30 21:32:6,1
F9PUX7B7SI,120.418,32.8676,0,0,0,0,14-3-30 21:34:7,1
F9PUX7B7SI,120.423,32.8554,0,0,0,0,14-3-30 21:36:8,1
F9PUX7B7SI,120.427,32.832,0,0,0,0,14-3-30 21:38:9,1
F9PUX7B7SI,120.434,32.8118,0,0,0,0,14-3-30 21:40:10,1
F9PUX7B7SI,120.434,32.8127,0,0,0,0,14-3-30 21:42:11,1
F9PUX7B7SI,120.445,32.7933,0,0,0,0,14-3-30 21:44:12,1
F9PUX7B7SI,120.452,32.7741,0,0,0,0,14-3-30 21:46:13,1
F9PUX7B7SI,120.467,32.7522,0,0,0,0,14-3-30 21:48:14,1
F9PUX7B7SI,120.467,32.7522,0,0,0,0,14-3-30 21:50:28,0
F9PUX7B7SI,120.481,32.7273,0,0,0,0,14-3-30 21:52:29,1
F9PUX7B7SI,120.481,32.7273,0,0,0,0,14-3-30 21:54:30,1
F9PUX7B7SI,120.477,32.7023,0,0,0,0,14-3-30 21:56:31,1
F9PUX7B7SI,120.501,32.6886,0,0,0,0,14-3-30 21:58:32,1
F9PUX7B7SI,120.509,32.6702,0,0,0,0,14-3-30 22:0:33,1
F9PUX7B7SI,120.521,32.6482,0,0,0,0,14-3-30 22:2:34,1
F9PUX7B7SI,120.534,32.6287,0,0,0,0,14-3-30 22:4:35,1
F9PUX7B7SI,120.539,32.6231,0,0,0,0,14-3-30 22:6:36,1
F9PUX7B7SI,120.542,32.6118,0,0,0,0,14-3-30 22:8:37,1
F9PUX7B7SI,120.546,32.5867,0,0,0,0,14-3-30 22:10:38,1
F9PUX7B7SI,120.55,32.5774,0,0,0,0,14-3-30 22:12:39,1
F9PUX7B7SI,120.552,32.5669,0,0,0,0,14-3-30 22:14:40,1
F9PUX7B7SI,120.562,32.5446,0,0,0,0,14-3-30 22:16:41,1
F9PUX7B7SI,120.566,32.5264,0,0,0,0,14-3-30 22:18:42,1
F9PUX7B7SI,120.571,32.516,0,0,0,0,14-3-30 22:20:43,1
F9PUX7B7SI,120.587,32.4898,0,0,0,0,14-3-30 22:22:44,1
F9PUX7B7SI,120.587,32.4898,0,0,0,0,14-3-30 22:24:46,1
F9PUX7B7SI,120.596,32.4598,0,0,0,0,14-3-30 22:26:46,1
F9PUX7B7SI,120.608,32.4384,0,0,0,0,14-3-30 22:28:48,1
F9PUX7B7SI,120.618,32.4256,0,0,0,0,14-3-30 22:30:49,1
F9PUX7B7SI,120.624,32.4198,0,0,0,0,14-3-30 22:32:50,1
F9PUX7B7SI,120.632,32.4006,0,0,0,0,14-3-30 22:34:51,1
F9PUX7B7SI,120.643,32.3867,0,0,0,0,14-3-30 22:36:52,1
F9PUX7B7SI,120.644,32.3545,0,0,0,0,14-3-30 22:38:53,1
F9PUX7B7SI,120.668,32.364,0,0,0,0,14-3-30 22:40:54,1
F9PUX7B7SI,120.69,32.3546,0,0,0,0,14-3-30 22:42:55,1
F9PUX7B7SI,120.715,32.3347,0,0,0,0,14-3-30 22:44:56,1
F9PUX7B7SI,120.724,32.3299,0,0,0,0,14-3-30 22:46:57,1
F9PUX7B7SI,120.724,32.3299,0,0,0,0,14-3-30 22:48:58,0
F9PUX7B7SI,120.757,32.308,0,0,0,0,14-3-30 22:51:13,1
F9PUX7B7SI,120.762,32.3014,0,0,0,0,14-3-30 22:53:14,1
F9PUX7B7SI,120.768,32.291,0,0,0,0,14-3-30 22:55:15,1
F9PUX7B7SI,120.768,32.291,0,0,0,0,14-3-30 22:57:16,1
F9PUX7B7SI,120.768,32.291,0,0,0,0,14-3-30 22:59:17,1
F9PUX7B7SI,120.768,32.291,0,0,0,0,14-3-30 23:1:18,1
F9PUX7B7SI,120.768,32.291,0,0,0,0,14-3-30 23:3:19,1
F9PUX7B7SI,120.768,32.291,0,0,0,0,14-3-30 23:5:20,1
F9PUX7B7SI,120.768,32.291,0,0,0,0,14-3-30 23:7:21,1
F9PUX7B7SI,120.768,32.291,0,0,0,0,14-3-30 23:9:22,1
F9PUX7B7SI,120.768,32.291,0,0,0,0,14-3-30 23:11:23,1
F9PUX7B7SI,120.768,32.291,0,0,0,0,14-3-30 23:13:24,1
F9PUX7B7SI,120.768,32.291,0,0,0,0,14-3-30 23:15:25,1
F9PUX7B7SI,120.768,32.291,0,0,0,0,14-3-30 23:17:26,1
F9PUX7B7SI,120.768,32.291,0,0,0,0,14-3-30 23:19:27,1
F9PUX7B7SI,120.768,32.291,0,0,0,0,14-3-30 23:21:28,1
F9PUX7B7SI,120.768,32.291,0,0,0,0,14-3-30 23:23:29,1
F9PUX7B7SI,120.768,32.291,0,0,0,0,14-3-30 23:25:30,1
F9PUX7B7SI,120.768,32.291,0,0,0,0,14-3-30 23:27:31,1
F9PUX7B7SI,120.768,32.291,0,0,0,0,14-3-30 23:29:32,1
F9PUX7B7SI,120.768,32.291,0,0,0,0,14-3-30 23:31:33,1
F9PUX7B7SI,120.768,32.291,0,0,0,0,14-3-30 23:33:34,1
F9PUX7B7SI,120.768,32.291,0,0,0,0,14-3-30 23:35:35,1
F9PUX7B7SI,120.768,32.291,0,0,0,0,14-3-30 23:37:36,1
F9PUX7B7SI,120.768,32.291,0,0,0,0,14-3-30 23:39:37,1
F9PUX7B7SI,120.768,32.291,0,0,0,0,14-3-30 23:41:38,1
F9PUX7B7SI,120.768,32.291,0,0,0,0,14-3-30 23:43:39,1
F9PUX7B7SI,120.768,32.291,0,0,0,0,14-3-30 23:45:40,1
F9PUX7B7SI,120.768,32.291,0,0,0,0,14-3-30 23:47:41,1
F9PUX7B7SI,120.768,32.291,0,0,0,0,14-3-30 23:49:42,1
F9PUX7B7SI,120.768,32.291,0,0,0,0,14-3-30 23:51:57,1
F9PUX7B7SI,120.768,32.291,0,0,0,0,14-3-30 23:53:58,1
F9PUX7B7SI,120.768,32.291,0,0,0,0,14-3-30 23:55:59,1
F9PUX7B7SI,120.768,32.291,0,0,0,0,14-3-30 23:58:0,1
F9PUX7B7SI,120.768,32.291,0,0,0,0,14-3-31 0:0:1,1
F9PUX7B7SI,120.768,32.291,0,0,0,0,14-3-31 0:2:2,1
F9PUX7B7SI,120.768,32.291,0,0,0,0,14-3-31 0:4:3,1
F9PUX7B7SI,120.768,32.291,0,0,0,0,14-3-31 0:6:4,1
F9PUX7B7SI,120.768,32.291,0,0,0,0,14-3-31 0:8:5,1
F9PUX7B7SI,120.768,32.291,0,0,0,0,14-3-31 0:10:6,1
F9PUX7B7SI,120.768,32.291,0,0,0,0,14-3-31 0:12:7,1
F9PUX7B7SI,120.768,32.291,0,0,0,0,14-3-31 0:14:8,1
F9PUX7B7SI,120.768,32.291,0,0,0,0,14-3-31 0:16:9,1
F9PUX7B7SI,120.768,32.291,0,0,0,0,14-3-31 0:18:10,1
F9PUX7B7SI,120.768,32.291,0,0,0,0,14-3-31 0:20:11,1
F9PUX7B7SI,120.768,32.291,0,0,0,0,14-3-31 0:22:12,1
F9PUX7B7SI,120.768,32.291,0,0,0,0,14-3-31 0:24:13,1
F9PUX7B7SI,120.768,32.291,0,0,0,0,14-3-31 0:26:14,1
F9PUX7B7SI,120.768,32.291,0,0,0,0,14-3-31 0:28:15,1
F9PUX7B7SI,120.768,32.291,0,0,0,0,14-3-31 0:30:16,1
F9PUX7B7SI,120.768,32.291,0,0,0,0,14-3-31 0:32:17,1
F9PUX7B7SI,120.768,32.291,0,0,0,0,14-3-31 0:34:18,1
F9PUX7B7SI,120.768,32.291,0,0,0,0,14-3-31 0:36:19,1
F9PUX7B7SI,120.768,32.291,0,0,0,0,14-3-31 0:38:20,1
F9PUX7B7SI,120.768,32.291,0,0,0,0,14-3-31 0:40:21,1
F9PUX7B7SI,120.768,32.291,0,0,0,0,14-3-31 0:42:22,1
F9PUX7B7SI,120.768,32.291,0,0,0,0,14-3-31 0:44:23,1
F9PUX7B7SI,120.768,32.291,0,0,0,0,14-3-31 0:46:24,1
F9PUX7B7SI,120.768,32.291,0,0,0,0,14-3-31 0:48:25,1
F9PUX7B7SI,120.768,32.291,0,0,0,0,14-3-31 0:50:39,1
F9PUX7B7SI,120.768,32.291,0,0,0,0,14-3-31 0:52:40,1
F9PUX7B7SI,120.768,32.291,0,0,0,0,14-3-31 0:54:41,1
F9PUX7B7SI,120.768,32.291,0,0,0,0,14-3-31 0:56:42,1
F9PUX7B7SI,120.768,32.291,0,0,0,0,14-3-31 0:58:43,1
F9PUX7B7SI,120.768,32.291,0,0,0,0,14-3-31 1:0:44,1
F9PUX7B7SI,120.768,32.291,0,0,0,0,14-3-31 1:2:45,1
F9PUX7B7SI,120.768,32.291,0,0,0,0,14-3-31 1:4:46,1
F9PUX7B7SI,120.768,32.291,0,0,0,0,14-3-31 1:6:47,1
F9PUX7B7SI,120.768,32.291,0,0,0,0,14-3-31 1:8:48,1
F9PUX7B7SI,120.768,32.291,0,0,0,0,14-3-31 1:10:49,1
F9PUX7B7SI,120.768,32.291,0,0,0,0,14-3-31 1:12:50,1
F9PUX7B7SI,120.768,32.291,0,0,0,0,14-3-31 1:14:51,1
F9PUX7B7SI,120.768,32.291,0,0,0,0,14-3-31 1:16:52,1
F9PUX7B7SI,120.768,32.291,0,0,0,0,14-3-31 1:18:53,1
F9PUX7B7SI,120.768,32.291,0,0,0,0,14-3-31 1:20:54,1
F9PUX7B7SI,120.768,32.291,0,0,0,0,14-3-31 1:22:55,1
F9PUX7B7SI,120.768,32.291,0,0,0,0,14-3-31 1:24:56,1
F9PUX7B7SI,120.768,32.291,0,0,0,0,14-3-31 1:26:57,1
F9PUX7B7SI,120.768,32.291,0,0,0,0,14-3-31 1:28:58,1
F9PUX7B7SI,120.768,32.291,0,0,0,0,14-3-31 1:30:59,1
F9PUX7B7SI,120.768,32.291,0,0,0,0,14-3-31 1:33:0,1
F9PUX7B7SI,120.768,32.291,0,0,0,0,14-3-31 1:35:1,1
F9PUX7B7SI,120.768,32.291,0,0,0,0,14-3-31 1:37:2,1
F9PUX7B7SI,120.768,32.291,0,0,0,0,14-3-31 1:39:3,1
F9PUX7B7SI,120.768,32.291,0,0,0,0,14-3-31 1:41:4,1
F9PUX7B7SI,120.768,32.291,0,0,0,0,14-3-31 1:43:5,1
F9PUX7B7SI,120.768,32.291,0,0,0,0,14-3-31 1:45:6,1
F9PUX7B7SI,120.768,32.291,0,0,0,0,14-3-31 1:47:7,1
F9PUX7B7SI,120.768,32.291,0,0,0,0,14-3-31 1:49:8,1
F9PUX7B7SI,120.768,32.291,0,0,0,0,14-3-31 1:51:22,1
F9PUX7B7SI,120.768,32.291,0,0,0,0,14-3-31 1:53:23,1
F9PUX7B7SI,120.768,32.291,0,0,0,0,14-3-31 1:55:24,1
F9PUX7B7SI,120.768,32.291,0,0,0,0,14-3-31 1:57:25,1
F9PUX7B7SI,120.768,32.291,0,0,0,0,14-3-31 1:59:26,1
F9PUX7B7SI,120.768,32.291,0,0,0,0,14-3-31 2:1:27,1
F9PUX7B7SI,120.768,32.291,0,0,0,0,14-3-31 2:3:28,1
F9PUX7B7SI,120.768,32.291,0,0,0,0,14-3-31 2:5:29,1
F9PUX7B7SI,120.768,32.291,0,0,0,0,14-3-31 2:7:30,1
F9PUX7B7SI,120.768,32.291,0,0,0,0,14-3-31 2:9:31,1
F9PUX7B7SI,120.768,32.291,0,0,0,0,14-3-31 2:11:32,1
F9PUX7B7SI,120.768,32.291,0,0,0,0,14-3-31 2:13:33,1
F9PUX7B7SI,120.768,32.291,0,0,0,0,14-3-31 2:15:34,1
F9PUX7B7SI,120.768,32.291,0,0,0,0,14-3-31 2:17:35,1
F9PUX7B7SI,120.768,32.291,0,0,0,0,14-3-31 2:19:36,1
F9PUX7B7SI,120.768,32.291,0,0,0,0,14-3-31 2:21:37,1
F9PUX7B7SI,120.768,32.291,0,0,0,0,14-3-31 2:23:38,1
F9PUX7B7SI,120.768,32.291,0,0,0,0,14-3-31 2:25:39,1
F9PUX7B7SI,120.768,32.291,0,0,0,0,14-3-31 2:27:40,1
F9PUX7B7SI,120.768,32.291,0,0,0,0,14-3-31 2:29:41,1
F9PUX7B7SI,120.768,32.291,0,0,0,0,14-3-31 2:31:42,1
F9PUX7B7SI,120.768,32.291,0,0,0,0,14-3-31 2:33:43,1
F9PUX7B7SI,120.768,32.291,0,0,0,0,14-3-31 2:35:44,1
F9PUX7B7SI,120.768,32.291,0,0,0,0,14-3-31 2:37:45,1
F9PUX7B7SI,120.768,32.291,0,0,0,0,14-3-31 2:39:46,1
F9PUX7B7SI,120.768,32.291,0,0,0,0,14-3-31 2:41:47,1
F9PUX7B7SI,120.768,32.291,0,0,0,0,14-3-31 2:43:48,1
F9PUX7B7SI,120.768,32.291,0,0,0,0,14-3-31 2:45:49,1
F9PUX7B7SI,120.768,32.291,0,0,0,0,14-3-31 2:47:50,1
F9PUX7B7SI,120.768,32.291,0,0,0,0,14-3-31 2:49:51,1
F9PUX7B7SI,120.768,32.291,0,0,0,0,14-3-31 2:52:6,1
F9PUX7B7SI,120.768,32.291,0,0,0,0,14-3-31 2:54:7,1
F9PUX7B7SI,120.768,32.291,0,0,0,0,14-3-31 2:56:8,1
F9PUX7B7SI,120.768,32.291,0,0,0,0,14-3-31 2:58:9,1
F9PUX7B7SI,120.768,32.291,0,0,0,0,14-3-31 3:0:10,1
F9PUX7B7SI,120.768,32.291,0,0,0,0,14-3-31 3:2:11,1
F9PUX7B7SI,120.768,32.291,0,0,0,0,14-3-31 3:4:12,1
F9PUX7B7SI,120.768,32.291,0,0,0,0,14-3-31 3:6:13,1
F9PUX7B7SI,120.768,32.291,0,0,0,0,14-3-31 3:8:14,1
F9PUX7B7SI,120.768,32.291,0,0,0,0,14-3-31 3:10:15,1
F9PUX7B7SI,120.768,32.291,0,0,0,0,14-3-31 3:12:16,1
F9PUX7B7SI,120.768,32.291,0,0,0,0,14-3-31 3:14:17,0
F9PUX7B7SI,120.776,32.2726,0,0,0,0,14-3-31 3:16:18,1
F9PUX7B7SI,120.776,32.2726,0,0,0,0,14-3-31 3:18:19,0
F9PUX7B7SI,120.776,32.2726,0,0,0,0,14-3-31 3:20:20,0
F9PUX7B7SI,120.804,32.2292,0,0,0,0,14-3-31 3:22:21,1
F9PUX7B7SI,120.805,32.2259,0,0,0,0,14-3-31 3:24:22,1
F9PUX7B7SI,120.805,32.2259,0,0,0,0,14-3-31 3:26:23,0
F9PUX7B7SI,120.835,32.1905,0,0,0,0,14-3-31 3:28:24,1
F9PUX7B7SI,120.85,32.1761,0,0,0,0,14-3-31 3:30:25,1
F9PUX7B7SI,120.86,32.1596,0,0,0,0,14-3-31 3:32:26,1
F9PUX7B7SI,120.875,32.1341,0,0,0,0,14-3-31 3:34:28,1
F9PUX7B7SI,120.88,32.1295,0,0,0,0,14-3-31 3:36:29,1
F9PUX7B7SI,120.894,32.1153,0,0,0,0,14-3-31 3:38:30,1
F9PUX7B7SI,120.894,32.1153,0,0,0,0,14-3-31 3:40:31,0
F9PUX7B7SI,120.894,32.1153,0,0,0,0,14-3-31 3:42:32,0
F9PUX7B7SI,120.941,32.0858,0,0,0,0,14-3-31 3:44:33,1
F9PUX7B7SI,120.941,32.0858,0,0,0,0,14-3-31 3:46:34,0
F9PUX7B7SI,120.941,32.0858,0,0,0,0,14-3-31 3:48:35,0
F9PUX7B7SI,120.965,32.0492,0,0,0,0,14-3-31 3:50:36,1
F9PUX7B7SI,120.965,32.0492,0,0,0,0,14-3-31 3:52:50,0
F9PUX7B7SI,120.976,32.0242,0,0,0,0,14-3-31 3:54:51,1
F9PUX7B7SI,120.985,32.0092,0,0,0,0,14-3-31 3:56:52,1
F9PUX7B7SI,120.987,31.9802,0,0,0,0,14-3-31 3:58:53,1
F9PUX7B7SI,120.987,31.9802,0,0,0,0,14-3-31 4:0:54,0
F9PUX7B7SI,120.987,31.9802,0,0,0,0,14-3-31 4:2:55,0
F9PUX7B7SI,120.998,31.9485,0,0,0,0,14-3-31 4:4:56,1
F9PUX7B7SI,120.998,31.9485,0,0,0,0,14-3-31 4:6:57,0
F9PUX7B7SI,120.999,31.9129,0,0,0,0,14-3-31 4:8:58,1
F9PUX7B7SI,120.991,31.8981,0,0,0,0,14-3-31 4:10:59,1
F9PUX7B7SI,120.988,31.8716,0,0,0,0,14-3-31 4:13:0,1
F9PUX7B7SI,120.988,31.8716,0,0,0,0,14-3-31 4:15:1,1
F9PUX7B7SI,120.988,31.8716,0,0,0,0,14-3-31 4:17:2,1
F9PUX7B7SI,120.986,31.8549,0,0,0,0,14-3-31 4:19:3,1
F9PUX7B7SI,120.986,31.8549,0,0,0,0,14-3-31 4:21:4,0
F9PUX7B7SI,120.996,31.8149,0,0,0,0,14-3-31 4:23:5,1
F9PUX7B7SI,120.996,31.8149,0,0,0,0,14-3-31 4:25:6,0
F9PUX7B7SI,120.996,31.8149,0,0,0,0,14-3-31 4:27:7,0
F9PUX7B7SI,120.996,31.8149,0,0,0,0,14-3-31 4:29:8,0
F9PUX7B7SI,120.984,31.746,0,0,0,0,14-3-31 4:31:9,1
F9PUX7B7SI,120.972,31.7324,0,0,0,0,14-3-31 4:33:10,1
F9PUX7B7SI,120.957,31.7128,0,0,0,0,14-3-31 4:35:11,1
F9PUX7B7SI,120.957,31.7128,0,0,0,0,14-3-31 4:37:12,0
F9PUX7B7SI,120.946,31.6873,0,0,0,0,14-3-31 4:39:13,1
F9PUX7B7SI,120.946,31.6873,0,0,0,0,14-3-31 4:41:14,0
F9PUX7B7SI,120.946,31.6577,0,0,0,0,14-3-31 4:43:15,1
F9PUX7B7SI,120.946,31.6577,0,0,0,0,14-3-31 4:45:16,0
F9PUX7B7SI,120.946,31.6577,0,0,0,0,14-3-31 4:47:17,0
F9PUX7B7SI,120.946,31.6577,0,0,0,0,14-3-31 4:49:18,0
F9PUX7B7SI,121.015,31.6171,0,0,0,0,14-3-31 4:51:32,1
F9PUX7B7SI,121.03,31.6092,0,0,0,0,14-3-31 4:53:33,1
F9PUX7B7SI,121.03,31.6092,0,0,0,0,14-3-31 4:55:34,1
F9PUX7B7SI,121.043,31.6012,0,0,0,0,14-3-31 4:57:35,1
F9PUX7B7SI,121.059,31.5911,0,0,0,0,14-3-31 4:59:36,1
F9PUX7B7SI,121.086,31.572,0,0,0,0,14-3-31 5:1:37,1
F9PUX7B7SI,121.086,31.572,0,0,0,0,14-3-31 5:3:39,0
F9PUX7B7SI,121.086,31.572,0,0,0,0,14-3-31 5:5:40,0
F9PUX7B7SI,121.086,31.572,0,0,0,0,14-3-31 5:7:41,0
F9PUX7B7SI,121.086,31.572,0,0,0,0,14-3-31 5:9:42,0
F9PUX7B7SI,121.135,31.5015,0,0,0,0,14-3-31 5:11:44,1
F9PUX7B7SI,121.131,31.5092,0,0,0,0,14-3-31 5:13:45,1
F9PUX7B7SI,121.145,31.488,0,0,0,0,14-3-31 5:15:46,1
F9PUX7B7SI,121.151,31.4697,0,0,0,0,14-3-31 5:17:47,1
F9PUX7B7SI,121.154,31.4536,0,0,0,0,14-3-31 5:19:48,1
F9PUX7B7SI,121.163,31.4368,0,0,0,0,14-3-31 5:21:49,1
F9PUX7B7SI,121.163,31.4368,0,0,0,0,14-3-31 5:23:50,0
F9PUX7B7SI,121.163,31.4368,0,0,0,0,14-3-31 5:25:51,0
F9PUX7B7SI,121.163,31.4368,0,0,0,0,14-3-31 5:27:52,0
F9PUX7B7SI,121.163,31.4368,0,0,0,0,14-3-31 5:29:53,0
F9PUX7B7SI,121.202,31.383,0,0,0,0,14-3-31 5:31:54,1
F9PUX7B7SI,121.211,31.3711,0,0,0,0,14-3-31 5:33:55,1
F9PUX7B7SI,121.211,31.3711,0,0,0,0,14-3-31 5:35:56,0
F9PUX7B7SI,121.211,31.3711,0,0,0,0,14-3-31 5:37:57,0
F9PUX7B7SI,121.25,31.3271,0,0,0,0,14-3-31 5:39:58,1
F9PUX7B7SI,121.25,31.3054,0,0,0,0,14-3-31 5:41:59,1
F9PUX7B7SI,121.25,31.3054,0,0,0,0,14-3-31 5:44:0,0
F9PUX7B7SI,121.25,31.3054,0,0,0,0,14-3-31 5:46:1,0
F9PUX7B7SI,121.25,31.3054,0,0,0,0,14-3-31 5:48:2,0
F9PUX7B7SI,121.25,31.3054,0,0,0,0,14-3-31 5:50:3,0
F9PUX7B7SI,121.262,31.2546,0,0,0,0,14-3-31 5:52:17,1
F9PUX7B7SI,121.262,31.2546,0,0,0,0,14-3-31 5:54:18,0
F9PUX7B7SI,121.31,31.2525,0,0,0,0,14-3-31 5:56:19,1
F9PUX7B7SI,121.323,31.2531,0,0,0,0,14-3-31 5:58:20,1
F9PUX7B7SI,121.337,31.2537,0,0,0,0,14-3-31 6:0:22,1
F9PUX7B7SI,121.337,31.2537,0,0,0,0,14-3-31 6:2:23,0
F9PUX7B7SI,121.337,31.2537,0,0,0,0,14-3-31 6:4:24,0
F9PUX7B7SI,121.337,31.2537,0,0,0,0,14-3-31 6:6:25,0
F9PUX7B7SI,121.354,31.2911,0,0,0,0,14-3-31 6:8:26,1
F9PUX7B7SI,121.371,31.2878,0,0,0,0,14-3-31 6:10:27,1
F9PUX7B7SI,121.374,31.2881,0,0,0,0,14-3-31 6:12:28,1
F9PUX7B7SI,121.374,31.2881,0,0,0,0,14-3-31 6:14:29,0
F9PUX7B7SI,121.378,31.3008,0,0,0,0,14-3-31 6:16:30,1
F9PUX7B7SI,121.378,31.3008,0,0,0,0,14-3-31 6:18:31,0
F9PUX7B7SI,121.402,31.3006,0,0,0,0,14-3-31 6:20:32,1
F9PUX7B7SI,121.413,31.3042,0,0,0,0,14-3-31 6:22:33,1
F9PUX7B7SI,121.413,31.3042,0,0,0,0,14-3-31 6:24:34,1
F9PUX7B7SI,121.413,31.3042,0,0,0,0,14-3-31 6:26:35,1
F9PUX7B7SI,121.384,31.268,0,0,0,0,14-3-31 6:28:36,1
F9PUX7B7SI,121.423,31.305,0,0,0,0,14-3-31 6:30:37,1
F9PUX7B7SI,121.428,31.3056,0,0,0,0,14-3-31 6:32:38,1
F9PUX7B7SI,121.433,31.3144,0,0,0,0,14-3-31 6:34:39,1
F9PUX7B7SI,121.433,31.3144,0,0,0,0,14-3-31 6:36:40,1
F9PUX7B7SI,121.433,31.3144,0,0,0,0,14-3-31 6:38:41,1
F9PUX7B7SI,121.433,31.3144,0,0,0,0,14-3-31 6:40:42,1
F9PUX7B7SI,121.433,31.3144,0,0,0,0,14-3-31 6:42:43,1
F9PUX7B7SI,121.433,31.3144,0,0,0,0,14-3-31 6:44:44,1
F9PUX7B7SI,121.433,31.3144,0,0,0,0,14-3-31 6:46:45,1
F9PUX7B7SI,121.433,31.3144,0,0,0,0,14-3-31 6:48:46,1
F9PUX7B7SI,121.433,31.3144,0,0,0,0,14-3-31 6:50:47,1
F9PUX7B7SI,121.433,31.3144,0,0,0,0,14-3-31 6:53:1,1
F9PUX7B7SI,121.433,31.3144,0,0,0,0,14-3-31 6:55:2,1
F9PUX7B7SI,121.433,31.3144,0,0,0,0,14-3-31 6:57:3,1
F9PUX7B7SI,121.433,31.3144,0,0,0,0,14-3-31 6:59:4,1
F9PUX7B7SI,121.433,31.3144,0,0,0,0,14-3-31 7:1:5,1
F9PUX7B7SI,121.433,31.3144,0,0,0,0,14-3-31 7:3:6,1
F9PUX7B7SI,121.433,31.3144,0,0,0,0,14-3-31 7:5:7,1
F9PUX7B7SI,121.433,31.3144,0,0,0,0,14-3-31 7:7:8,1
F9PUX7B7SI,121.433,31.3144,0,0,0,0,14-3-31 7:9:9,1
F9PUX7B7SI,121.433,31.3144,0,0,0,0,14-3-31 7:11:10,1
F9PUX7B7SI,121.433,31.3144,0,0,0,0,14-3-31 7:13:11,1
F9PUX7B7SI,121.433,31.3144,0,0,0,0,14-3-31 7:15:12,1
F9PUX7B7SI,121.433,31.3144,0,0,0,0,14-3-31 7:17:13,1
F9PUX7B7SI,121.433,31.3144,0,0,0,0,14-3-31 7:19:14,1
F9PUX7B7SI,121.433,31.3144,0,0,0,0,14-3-31 7:21:15,1
F9PUX7B7SI,121.433,31.3144,0,0,0,0,14-3-31 7:23:16,1
F9PUX7B7SI,121.433,31.3144,0,0,0,0,14-3-31 7:25:17,1
F9PUX7B7SI,121.433,31.3144,0,0,0,0,14-3-31 7:27:18,1
F9PUX7B7SI,121.433,31.3144,0,0,0,0,14-3-31 7:29:19,1
F9PUX7B7SI,121.433,31.3144,0,0,0,0,14-3-31 7:31:20,1
F9PUX7B7SI,121.433,31.3144,0,0,0,0,14-3-31 7:33:21,1
F9PUX7B7SI,121.433,31.3144,0,0,0,0,14-3-31 7:35:22,1
F9PUX7B7SI,121.433,31.3144,0,0,0,0,14-3-31 7:37:23,1
F9PUX7B7SI,121.433,31.3144,0,0,0,0,14-3-31 7:39:24,1
F9PUX7B7SI,121.433,31.3144,0,0,0,0,14-3-31 7:41:25,1
F9PUX7B7SI,121.433,31.3144,0,0,0,0,14-3-31 7:43:26,1
F9PUX7B7SI,121.433,31.3144,0,0,0,0,14-3-31 7:45:27,1
F9PUX7B7SI,121.433,31.3144,0,0,0,0,14-3-31 7:47:28,1
F9PUX7B7SI,121.433,31.3144,0,0,0,0,14-3-31 7:49:29,1
F9PUX7B7SI,121.433,31.3144,0,0,0,0,14-3-31 7:51:30,1
F9PUX7B7SI,121.433,31.3144,0,0,0,0,14-3-31 7:53:44,1
F9PUX7B7SI,121.433,31.3144,0,0,0,0,14-3-31 7:55:45,1
F9PUX7B7SI,121.433,31.3144,0,0,0,0,14-3-31 7:57:46,1
F9PUX7B7SI,121.433,31.3144,0,0,0,0,14-3-31 7:59:47,1
F9PUX7B7SI,121.433,31.3144,0,0,0,0,14-3-31 8:1:48,1
F9PUX7B7SI,121.433,31.3144,0,0,0,0,14-3-31 8:3:49,1
F9PUX7B7SI,121.433,31.3144,0,0,0,0,14-3-31 8:5:50,1
F9PUX7B7SI,121.433,31.3144,0,0,0,0,14-3-31 8:7:51,1
F9PUX7B7SI,121.433,31.3144,0,0,0,0,14-3-31 8:9:52,1
F9PUX7B7SI,121.433,31.3144,0,0,0,0,14-3-31 8:11:53,1
F9PUX7B7SI,121.433,31.3144,0,0,0,0,14-3-31 8:13:54,1
F9PUX7B7SI,121.433,31.3144,0,0,0,0,14-3-31 8:15:55,1
F9PUX7B7SI,121.433,31.3144,0,0,0,0,14-3-31 8:17:56,1
F9PUX7B7SI,121.433,31.3144,0,0,0,0,14-3-31 8:19:57,1
F9PUX7B7SI,121.433,31.3144,0,0,0,0,14-3-31 8:21:58,1
F9PUX7B7SI,121.433,31.3144,0,0,0,0,14-3-31 8:23:59,1
F9PUX7B7SI,121.433,31.3144,0,0,0,0,14-3-31 8:26:0,1
F9PUX7B7SI,121.433,31.3144,0,0,0,0,14-3-31 8:28:1,1
F9PUX7B7SI,121.433,31.3144,0,0,0,0,14-3-31 8:30:2,1
F9PUX7B7SI,121.433,31.3144,0,0,0,0,14-3-31 8:32:3,1
F9PUX7B7SI,121.433,31.3144,0,0,0,0,14-3-31 8:34:4,1
F9PUX7B7SI,121.433,31.3144,0,0,0,0,14-3-31 8:36:5,1
F9PUX7B7SI,121.433,31.3144,0,0,0,0,14-3-31 8:38:6,1
F9PUX7B7SI,121.433,31.3144,0,0,0,0,14-3-31 8:40:7,1
F9PUX7B7SI,121.433,31.3144,0,0,0,0,14-3-31 8:42:8,1
F9PUX7B7SI,121.433,31.3144,0,0,0,0,14-3-31 8:44:9,1
F9PUX7B7SI,121.428,31.3081,0,0,0,0,14-3-31 8:46:10,1
F9PUX7B7SI,121.428,31.3081,0,0,0,0,14-3-31 8:48:11,1
F9PUX7B7SI,121.428,31.3088,0,0,0,0,14-3-31 8:50:12,1
F9PUX7B7SI,121.429,31.3092,0,0,0,0,14-3-31 8:52:26,1
F9PUX7B7SI,121.429,31.3092,0,0,0,0,14-3-31 8:53:30,1
F9PUX7B7SI,121.429,31.3092,0,0,0,0,14-3-31 8:53:39,1
F9PUX7B7SI,121.429,31.3092,0,0,0,0,14-3-31 8:53:48,1
