FL8X4BP4GU,117.24,39.178,500450,0,0,0,14-3-28 1:13:47,1
FL8X4BP4GU,117.24,39.178,500450,0,0,0,14-3-28 2:9:28,1
FL8X4BP4GU,117.24,39.178,500450,0,0,0,14-3-28 2:9:43,1
FL8X4BP4GU,117.24,39.178,500450,5,155,0,14-3-28 2:11:43,1
FL8X4BP4GU,117.24,39.1785,500451,11,160,0,14-3-28 2:12:8,1
FL8X4BP4GU,117.24,39.1794,500452,0,0,0,14-3-28 2:13:6,1
FL8X4BP4GU,117.24,39.1794,500452,3,20,0,14-3-28 2:15:6,1
FL8X4BP4GU,117.241,39.1794,500453,14,70,0,14-3-28 2:16:4,1
FL8X4BP4GU,117.244,39.178,500460,29,15,0,14-3-28 2:18:4,1
FL8X4BP4GU,117.249,39.1917,500477,53,5,0,14-3-28 2:20:5,1
FL8X4BP4GU,117.259,39.2041,500493,57,25,0,14-3-28 2:22:5,1
FL8X4BP4GU,117.277,39.2139,500513,57,15,0,14-3-28 2:24:5,1
FL8X4BP4GU,117.29,39.2224,500529,59,25,0,14-3-28 2:26:5,1
FL8X4BP4GU,117.308,39.233,500550,57,25,0,14-3-28 2:28:5,1
FL8X4BP4GU,117.327,39.2371,500568,55,50,0,14-3-28 2:30:4,1
FL8X4BP4GU,117.348,39.2345,500587,59,45,0,14-3-28 2:32:4,1
FL8X4BP4GU,117.36,39.2342,500598,37,45,0,14-3-28 2:34:4,1
FL8X4BP4GU,117.379,39.2329,500615,57,50,0,14-3-28 2:36:4,1
FL8X4BP4GU,117.402,39.2289,500635,53,50,0,14-3-28 2:38:4,1
FL8X4BP4GU,117.424,39.2275,500655,55,35,0,14-3-28 2:40:4,1
FL8X4BP4GU,117.441,39.2357,500673,57,25,0,14-3-28 2:42:4,1
FL8X4BP4GU,117.458,39.2365,500690,48,65,0,14-3-28 2:44:4,1
FL8X4BP4GU,117.473,39.2243,500710,55,65,0,14-3-28 2:46:4,1
FL8X4BP4GU,117.491,39.2135,500730,59,65,0,14-3-28 2:48:4,1
FL8X4BP4GU,117.508,39.2017,500751,57,65,0,14-3-28 2:50:4,1
FL8X4BP4GU,117.52,39.1872,500770,48,80,0,14-3-28 2:52:4,1
FL8X4BP4GU,117.524,39.1723,500788,48,80,0,14-3-28 2:54:4,1
FL8X4BP4GU,117.528,39.1565,500806,57,80,0,14-3-28 2:56:4,1
FL8X4BP4GU,117.533,39.141,500824,51,75,0,14-3-28 2:58:4,1
FL8X4BP4GU,117.544,39.1287,500842,40,65,0,14-3-28 3:0:5,1
FL8X4BP4GU,117.557,39.121,500857,40,80,0,14-3-28 3:2:5,1
FL8X4BP4GU,117.565,39.1214,500869,38,90,0,14-3-28 3:4:5,1
FL8X4BP4GU,117.56,39.1076,500885,44,90,0,14-3-28 3:6:5,1
FL8X4BP4GU,117.561,39.0923,500903,55,80,0,14-3-28 3:8:5,1
FL8X4BP4GU,117.565,39.0761,500922,46,85,0,14-3-28 3:10:4,1
FL8X4BP4GU,117.564,39.0615,500938,46,90,0,14-3-28 3:12:4,1
FL8X4BP4GU,117.561,39.0454,500957,50,90,0,14-3-28 3:14:4,1
FL8X4BP4GU,117.562,39.0304,500974,57,80,0,14-3-28 3:16:4,1
FL8X4BP4GU,117.56,39.014,500994,59,105,0,14-3-28 3:18:4,1
FL8X4BP4GU,117.549,38.9983,501014,40,90,0,14-3-28 3:20:4,1
FL8X4BP4GU,117.548,38.9897,501024,33,90,0,14-3-28 3:22:4,1
FL8X4BP4GU,117.543,38.9736,501043,59,100,0,14-3-28 3:24:4,1
FL8X4BP4GU,117.527,38.9619,501063,55,120,0,14-3-28 3:26:4,1
FL8X4BP4GU,117.505,38.9582,501083,59,130,0,14-3-28 3:28:4,1
FL8X4BP4GU,117.482,38.958,501104,53,130,0,14-3-28 3:30:4,1
FL8X4BP4GU,117.463,38.9542,501120,48,120,0,14-3-28 3:32:4,1
FL8X4BP4GU,117.444,38.9466,501139,51,120,0,14-3-28 3:34:4,1
FL8X4BP4GU,117.426,38.9393,501158,55,120,0,14-3-28 3:36:4,1
FL8X4BP4GU,117.417,38.9379,501166,1,40,0,14-3-28 3:37:33,1
FL8X4BP4GU,117.416,38.9376,501167,0,0,0,14-3-28 3:39:33,1
FL8X4BP4GU,117.416,38.9376,501167,0,0,0,14-3-28 3:41:33,1
FL8X4BP4GU,117.416,38.9376,501167,0,0,0,14-3-28 3:43:33,1
FL8X4BP4GU,117.416,38.9376,501167,0,0,0,14-3-28 3:45:33,1
FL8X4BP4GU,117.416,38.9376,501167,0,0,0,14-3-28 3:47:33,1
FL8X4BP4GU,117.416,38.9376,501167,0,0,0,14-3-28 3:49:33,1
FL8X4BP4GU,117.416,38.9376,501167,0,0,0,14-3-28 3:51:33,1
FL8X4BP4GU,117.416,38.9376,501167,0,0,0,14-3-28 3:53:33,1
FL8X4BP4GU,117.416,38.9376,501167,0,0,0,14-3-28 3:55:33,1
FL8X4BP4GU,117.416,38.9376,501167,0,0,0,14-3-28 3:57:33,1
FL8X4BP4GU,117.416,38.9376,501167,0,0,0,14-3-28 3:59:33,1
FL8X4BP4GU,117.416,38.9376,501167,0,0,0,14-3-28 4:1:33,1
FL8X4BP4GU,117.416,38.9377,501167,0,0,0,14-3-28 4:3:33,1
FL8X4BP4GU,117.416,38.9376,501167,0,0,0,14-3-28 4:5:33,1
FL8X4BP4GU,117.416,38.9376,501167,0,0,0,14-3-28 4:7:33,1
FL8X4BP4GU,117.416,38.9376,501167,0,0,0,14-3-28 4:9:33,1
FL8X4BP4GU,117.416,38.9376,501167,0,0,0,14-3-28 4:11:33,1
FL8X4BP4GU,117.416,38.9376,501167,0,0,0,14-3-28 4:13:33,1
FL8X4BP4GU,117.416,38.9376,501167,0,0,0,14-3-28 4:15:33,1
FL8X4BP4GU,117.416,38.9377,501167,0,0,0,14-3-28 4:17:33,1
FL8X4BP4GU,117.416,38.9376,501167,0,0,0,14-3-28 4:18:51,1
FL8X4BP4GU,117.416,38.9376,501167,0,0,0,14-3-28 4:43:4,1
FL8X4BP4GU,117.416,38.9376,501167,0,0,0,14-3-28 4:43:20,1
FL8X4BP4GU,117.416,38.9376,501167,0,0,0,14-3-28 4:45:20,1
FL8X4BP4GU,117.416,38.9376,501167,0,0,0,14-3-28 4:47:20,1
FL8X4BP4GU,117.416,38.9377,501167,0,0,0,14-3-28 4:47:54,1
FL8X4BP4GU,117.416,38.9377,501167,0,0,0,14-3-28 5:50:2,1
FL8X4BP4GU,117.416,38.9376,501167,0,0,0,14-3-28 5:50:18,1
FL8X4BP4GU,117.416,38.9376,501167,0,0,0,14-3-28 5:52:18,1
FL8X4BP4GU,117.416,38.9376,501167,0,0,0,14-3-28 5:54:18,1
FL8X4BP4GU,117.416,38.9376,501167,0,0,0,14-3-28 5:56:18,1
FL8X4BP4GU,117.416,38.9373,501167,0,0,0,14-3-28 5:58:11,1
FL8X4BP4GU,117.416,38.9373,501167,0,0,0,14-3-28 6:2:38,1
FL8X4BP4GU,117.416,38.9373,501167,0,0,0,14-3-28 6:2:54,1
FL8X4BP4GU,117.416,38.9373,501167,0,0,0,14-3-28 6:4:54,1
FL8X4BP4GU,117.416,38.9374,501167,0,0,0,14-3-28 6:6:54,1
FL8X4BP4GU,117.415,38.9369,501168,11,125,0,14-3-28 6:8:38,1
FL8X4BP4GU,117.405,38.9346,501177,46,125,0,14-3-28 6:10:38,1
FL8X4BP4GU,117.383,38.9288,501197,61,120,0,14-3-28 6:12:38,1
FL8X4BP4GU,117.361,38.921,501219,62,125,0,14-3-28 6:14:38,1
FL8X4BP4GU,117.338,38.9161,501241,61,125,0,14-3-28 6:16:38,1
FL8X4BP4GU,117.315,38.911,501262,62,120,0,14-3-28 6:18:38,1
FL8X4BP4GU,117.301,38.8968,501283,59,95,0,14-3-28 6:20:38,1
FL8X4BP4GU,117.3,38.878,501305,62,95,0,14-3-28 6:22:38,1
FL8X4BP4GU,117.284,38.8645,501326,66,115,0,14-3-28 6:24:38,1
FL8X4BP4GU,117.266,38.852,501348,62,110,0,14-3-28 6:26:38,1
FL8X4BP4GU,117.25,38.8376,501370,66,110,0,14-3-28 6:28:38,1
FL8X4BP4GU,117.229,38.8257,501393,66,120,0,14-3-28 6:30:38,1
FL8X4BP4GU,117.205,38.8193,501415,62,125,0,14-3-28 6:32:38,1
FL8X4BP4GU,117.182,38.8185,501437,44,140,0,14-3-28 6:34:38,1
FL8X4BP4GU,117.18,38.8108,501454,66,80,0,14-3-28 6:36:38,1
FL8X4BP4GU,117.183,38.7924,501475,70,85,0,14-3-28 6:38:38,1
FL8X4BP4GU,117.184,38.7732,501497,53,85,0,14-3-28 6:40:38,1
FL8X4BP4GU,117.185,38.755,501517,62,85,0,14-3-28 6:42:38,1
FL8X4BP4GU,117.188,38.7358,501540,64,80,0,14-3-28 6:44:38,1
FL8X4BP4GU,117.197,38.7179,501562,62,75,0,14-3-28 6:46:38,1
FL8X4BP4GU,117.206,38.7004,501583,59,75,0,14-3-28 6:48:38,1
FL8X4BP4GU,117.212,38.6823,501605,57,80,0,14-3-28 6:50:38,1
FL8X4BP4GU,117.217,38.6635,501627,62,85,0,14-3-28 6:52:38,1
FL8X4BP4GU,117.221,38.6425,501651,57,85,0,14-3-28 6:54:50,1
FL8X4BP4GU,117.227,38.6241,501673,62,80,0,14-3-28 6:56:50,1
FL8X4BP4GU,117.234,38.6066,501694,59,80,0,14-3-28 6:58:50,1
FL8X4BP4GU,117.242,38.5897,501714,62,80,0,14-3-28 7:0:50,1
FL8X4BP4GU,117.252,38.5723,501736,64,70,0,14-3-28 7:2:50,1
FL8X4BP4GU,117.265,38.556,501758,62,70,0,14-3-28 7:4:50,1
FL8X4BP4GU,117.271,38.5479,501769,0,0,0,14-3-28 7:6:20,1
FL8X4BP4GU,117.272,38.5473,501769,3,70,0,14-3-28 7:8:20,1
FL8X4BP4GU,117.272,38.5469,501770,0,0,0,14-3-28 7:10:20,1
FL8X4BP4GU,117.272,38.547,501770,0,0,0,14-3-28 7:12:20,1
FL8X4BP4GU,117.272,38.547,501770,0,0,0,14-3-28 7:14:20,1
FL8X4BP4GU,117.273,38.5462,501771,14,70,0,14-3-28 7:15:52,1
FL8X4BP4GU,117.28,38.5377,501782,51,70,0,14-3-28 7:17:52,1
FL8X4BP4GU,117.29,38.5208,501803,62,75,0,14-3-28 7:19:52,1
FL8X4BP4GU,117.301,38.5033,501826,62,70,0,14-3-28 7:21:52,1
FL8X4BP4GU,117.316,38.4877,501848,57,75,0,14-3-28 7:23:52,1
FL8X4BP4GU,117.322,38.4696,501870,59,85,0,14-3-28 7:25:52,1
FL8X4BP4GU,117.326,38.4511,501891,64,85,0,14-3-28 7:27:52,1
FL8X4BP4GU,117.334,38.4326,501913,64,75,0,14-3-28 7:29:52,1
FL8X4BP4GU,117.349,38.4178,501935,64,65,0,14-3-28 7:31:52,1
FL8X4BP4GU,117.368,38.4058,501957,59,65,0,14-3-28 7:33:52,1
FL8X4BP4GU,117.381,38.3911,501978,61,75,0,14-3-28 7:35:52,1
FL8X4BP4GU,117.386,38.374,501998,62,85,0,14-3-28 7:37:52,1
FL8X4BP4GU,117.386,38.3549,502020,55,90,0,14-3-28 7:39:52,1
FL8X4BP4GU,117.386,38.3364,502041,61,90,0,14-3-28 7:41:52,1
FL8X4BP4GU,117.388,38.3174,502063,62,85,0,14-3-28 7:43:52,1
FL8X4BP4GU,117.388,38.2985,502084,61,90,0,14-3-28 7:45:52,1
FL8X4BP4GU,117.384,38.2798,502106,66,95,0,14-3-28 7:47:52,1
FL8X4BP4GU,117.378,38.261,502128,64,85,0,14-3-28 7:49:52,1
FL8X4BP4GU,117.385,38.2431,502150,61,75,0,14-3-28 7:51:52,1
FL8X4BP4GU,117.395,38.2261,502172,64,80,0,14-3-28 7:53:52,1
FL8X4BP4GU,117.402,38.2078,502194,61,75,0,14-3-28 7:55:52,1
FL8X4BP4GU,117.416,38.1916,502216,68,70,0,14-3-28 7:57:52,1
FL8X4BP4GU,117.431,38.1748,502239,64,75,0,14-3-28 7:59:52,1
FL8X4BP4GU,117.438,38.1558,502262,62,80,0,14-3-28 8:1:52,1
FL8X4BP4GU,117.449,38.1373,502286,66,70,0,14-3-28 8:3:51,1
FL8X4BP4GU,117.464,38.1204,502310,68,65,0,14-3-28 8:5:51,1
FL8X4BP4GU,117.484,38.1097,502331,62,55,0,14-3-28 8:7:51,1
FL8X4BP4GU,117.501,38.1004,502350,57,65,0,14-3-28 8:9:51,1
FL8X4BP4GU,117.505,38.0973,502355,0,0,0,14-3-28 8:10:57,1
FL8X4BP4GU,117.505,38.0971,502355,1,65,0,14-3-28 8:12:57,1
FL8X4BP4GU,117.505,38.0968,502355,1,70,0,14-3-28 8:14:58,1
FL8X4BP4GU,117.506,38.0962,502356,14,60,0,14-3-28 8:15:37,1
FL8X4BP4GU,117.519,38.0884,502371,55,60,0,14-3-28 8:17:37,1
FL8X4BP4GU,117.54,38.0797,502393,66,55,0,14-3-28 8:19:37,1
FL8X4BP4GU,117.56,38.0672,502415,57,70,0,14-3-28 8:21:37,1
FL8X4BP4GU,117.569,38.0554,502431,61,75,0,14-3-28 8:23:12,1
FL8X4BP4GU,117.578,38.0355,502456,72,80,0,14-3-28 8:25:12,1
FL8X4BP4GU,117.587,38.0159,502480,72,75,0,14-3-28 8:27:12,1
FL8X4BP4GU,117.596,37.996,502504,66,80,0,14-3-28 8:29:12,1
FL8X4BP4GU,117.602,37.9767,502527,66,75,0,14-3-28 8:31:12,1
FL8X4BP4GU,117.611,37.9584,502549,64,75,0,14-3-28 8:33:12,1
FL8X4BP4GU,117.623,37.9411,502572,66,70,0,14-3-28 8:35:12,1
FL8X4BP4GU,117.639,37.9253,502595,66,70,0,14-3-28 8:37:12,1
FL8X4BP4GU,117.654,37.9088,502618,62,70,0,14-3-28 8:39:12,1
FL8X4BP4GU,117.67,37.8951,502640,61,65,0,14-3-28 8:41:12,1
FL8X4BP4GU,117.688,37.8806,502663,70,65,0,14-3-28 8:43:12,1
FL8X4BP4GU,117.703,37.8641,502686,64,70,0,14-3-28 8:45:11,1
FL8X4BP4GU,117.717,37.8473,502709,64,70,0,14-3-28 8:47:11,1
FL8X4BP4GU,117.733,37.8322,502732,64,70,0,14-3-28 8:49:11,1
FL8X4BP4GU,117.749,37.8169,502754,64,70,0,14-3-28 8:51:11,1
FL8X4BP4GU,117.76,37.799,502777,68,75,0,14-3-28 8:53:11,1
FL8X4BP4GU,117.771,37.7802,502801,66,75,0,14-3-28 8:55:12,1
FL8X4BP4GU,117.785,37.7636,502824,64,70,0,14-3-28 8:57:12,1
FL8X4BP4GU,117.799,37.7481,502846,61,70,0,14-3-28 8:59:12,1
FL8X4BP4GU,117.811,37.7312,502868,44,90,0,14-3-28 9:1:12,1
FL8X4BP4GU,117.825,37.7328,502886,64,30,0,14-3-28 9:3:12,1
FL8X4BP4GU,117.849,37.7386,502909,66,40,0,14-3-28 9:5:11,1
FL8X4BP4GU,117.874,37.7383,502931,62,45,0,14-3-28 9:7:11,1
FL8X4BP4GU,117.898,37.7349,502954,62,45,0,14-3-28 9:9:11,1
FL8X4BP4GU,117.924,37.7326,502978,66,40,0,14-3-28 9:11:11,1
FL8X4BP4GU,117.95,37.7339,503002,68,40,0,14-3-28 9:13:11,1
FL8X4BP4GU,117.976,37.7329,503025,62,45,0,14-3-28 9:15:11,1
FL8X4BP4GU,118,37.7286,503048,66,50,0,14-3-28 9:17:11,1
FL8X4BP4GU,118.025,37.7274,503070,66,40,0,14-3-28 9:19:11,1
FL8X4BP4GU,118.05,37.7298,503093,66,40,0,14-3-28 9:21:11,1
FL8X4BP4GU,118.074,37.7319,503115,64,40,0,14-3-28 9:23:11,1
FL8X4BP4GU,118.099,37.7321,503138,59,40,0,14-3-28 9:25:11,1
FL8X4BP4GU,118.122,37.7348,503159,62,35,0,14-3-28 9:27:11,1
FL8X4BP4GU,118.146,37.7378,503181,62,40,0,14-3-28 9:29:11,1
FL8X4BP4GU,118.17,37.7345,503204,70,55,0,14-3-28 9:31:11,1
FL8X4BP4GU,118.194,37.7264,503227,64,55,0,14-3-28 9:33:11,1
FL8X4BP4GU,118.217,37.7206,503249,68,50,0,14-3-28 9:35:11,1
FL8X4BP4GU,118.241,37.7158,503272,66,50,0,14-3-28 9:37:11,1
FL8X4BP4GU,118.266,37.7142,503294,66,40,0,14-3-28 9:39:11,1
FL8X4BP4GU,118.292,37.7143,503318,68,45,0,14-3-28 9:41:11,1
FL8X4BP4GU,118.317,37.7098,503341,66,50,0,14-3-28 9:43:11,1
FL8X4BP4GU,118.343,37.7081,503365,68,40,0,14-3-28 9:45:11,1
FL8X4BP4GU,118.368,37.7086,503388,64,45,0,14-3-28 9:47:11,1
FL8X4BP4GU,118.393,37.707,503410,62,45,0,14-3-28 9:49:11,1
FL8X4BP4GU,118.418,37.7081,503433,61,40,0,14-3-28 9:51:11,1
FL8X4BP4GU,118.442,37.7114,503455,62,40,0,14-3-28 9:53:11,1
FL8X4BP4GU,118.467,37.7115,503478,64,45,0,14-3-28 9:55:12,1
FL8X4BP4GU,118.491,37.7071,503500,66,50,0,14-3-28 9:57:12,1
FL8X4BP4GU,118.513,37.6986,503523,64,60,0,14-3-28 9:59:12,1
FL8X4BP4GU,118.534,37.6864,503546,64,65,0,14-3-28 10:1:12,1
FL8X4BP4GU,118.548,37.6715,503567,55,70,0,14-3-28 10:3:12,1
FL8X4BP4GU,118.562,37.6567,503588,62,70,0,14-3-28 10:5:11,1
FL8X4BP4GU,118.575,37.6431,503608,53,70,0,14-3-28 10:7:11,1
FL8X4BP4GU,118.584,37.6326,503622,40,70,0,14-3-28 10:9:11,1
FL8X4BP4GU,118.597,37.6155,503645,68,80,0,14-3-28 10:11:11,1
FL8X4BP4GU,118.601,37.5952,503669,68,85,0,14-3-28 10:13:11,1
FL8X4BP4GU,118.603,37.5755,503691,62,85,0,14-3-28 10:15:11,1
FL8X4BP4GU,118.6,37.5552,503715,68,95,0,14-3-28 10:17:11,1
FL8X4BP4GU,118.593,37.4571,503830,66,85,0,14-3-28 10:27:7,1
FL8X4BP4GU,118.597,37.4376,503853,64,85,0,14-3-28 10:29:7,1
FL8X4BP4GU,118.597,37.4168,503877,68,85,0,14-3-28 10:31:7,1
FL8X4BP4GU,118.598,37.3973,503899,68,90,0,14-3-28 10:33:7,1
FL8X4BP4GU,118.594,37.3768,503923,66,90,0,14-3-28 10:35:6,1
FL8X4BP4GU,118.593,37.3576,503945,68,95,0,14-3-28 10:37:6,1
FL8X4BP4GU,118.589,37.339,503966,55,90,0,14-3-28 10:39:6,1
FL8X4BP4GU,118.588,37.3202,503988,68,95,0,14-3-28 10:41:6,1
FL8X4BP4GU,118.586,37.3014,504010,61,85,0,14-3-28 10:43:6,1
FL8X4BP4GU,118.588,37.2826,504031,64,85,0,14-3-28 10:45:6,1
FL8X4BP4GU,118.586,37.2637,504053,59,95,0,14-3-28 10:47:6,1
FL8X4BP4GU,118.585,37.2462,504073,61,85,0,14-3-28 10:49:6,1
FL8X4BP4GU,118.583,37.2269,504095,64,95,0,14-3-28 10:51:6,1
FL8X4BP4GU,118.572,37.2089,504118,66,100,0,14-3-28 10:53:6,1
FL8X4BP4GU,118.559,37.1911,504142,66,105,0,14-3-28 10:55:6,1
FL8X4BP4GU,118.548,37.1721,504166,74,95,0,14-3-28 10:57:6,1
FL8X4BP4GU,118.544,37.1527,504189,57,90,0,14-3-28 10:59:6,1
FL8X4BP4GU,118.542,37.1338,504210,61,90,0,14-3-28 11:1:6,1
FL8X4BP4GU,118.54,37.1147,504232,61,90,0,14-3-28 11:3:6,1
FL8X4BP4GU,118.537,37.0953,504255,66,90,0,14-3-28 11:5:6,1
FL8X4BP4GU,118.535,37.0765,504276,64,90,0,14-3-28 11:7:6,1
FL8X4BP4GU,118.533,37.0577,504298,64,90,0,14-3-28 11:9:6,1
FL8X4BP4GU,118.533,37.0383,504320,64,80,0,14-3-28 11:11:6,1
FL8X4BP4GU,118.538,37.0199,504342,61,85,0,14-3-28 11:13:6,1
FL8X4BP4GU,118.536,36.9999,504365,64,95,0,14-3-28 11:15:6,1
FL8X4BP4GU,118.532,36.9809,504387,64,90,0,14-3-28 11:17:6,1
FL8X4BP4GU,118.533,36.9617,504409,66,80,0,14-3-28 11:19:6,1
FL8X4BP4GU,118.539,36.943,504431,64,85,0,14-3-28 11:21:6,1
FL8X4BP4GU,118.539,36.9235,504453,64,90,0,14-3-28 11:23:6,1
FL8X4BP4GU,118.54,36.9034,504476,70,85,0,14-3-28 11:25:5,1
FL8X4BP4GU,118.54,36.8827,504500,68,85,0,14-3-28 11:27:5,1
FL8X4BP4GU,118.543,36.8638,504522,66,85,0,14-3-28 11:29:5,1
FL8X4BP4GU,118.541,36.8456,504543,68,90,0,14-3-28 11:31:5,1
FL8X4BP4GU,118.542,36.8251,504566,61,85,0,14-3-28 11:33:5,1
FL8X4BP4GU,118.54,36.8077,504586,57,90,0,14-3-28 11:35:6,1
FL8X4BP4GU,118.538,36.791,504605,59,90,0,14-3-28 11:37:6,1
FL8X4BP4GU,118.539,36.7724,504627,61,80,0,14-3-28 11:39:6,1
FL8X4BP4GU,118.547,36.7548,504649,61,75,0,14-3-28 11:41:6,1
FL8X4BP4GU,118.551,36.7463,504659,5,85,0,14-3-28 11:43:6,1
FL8X4BP4GU,118.551,36.7463,504659,1,90,0,14-3-28 11:43:22,1
FL8X4BP4GU,118.551,36.7461,504659,0,0,0,14-3-28 11:44:41,1
FL8X4BP4GU,118.551,36.7461,504659,0,0,0,14-3-28 12:29:47,1
FL8X4BP4GU,118.551,36.7461,504659,0,0,0,14-3-28 12:30:2,1
FL8X4BP4GU,118.551,36.7461,504659,0,0,0,14-3-28 12:32:2,1
FL8X4BP4GU,118.551,36.7461,504659,0,0,0,14-3-28 12:34:2,1
FL8X4BP4GU,118.551,36.7461,504659,0,95,0,14-3-28 12:35:34,1
FL8X4BP4GU,118.552,36.7455,504660,14,60,0,14-3-28 12:36:21,1
FL8X4BP4GU,118.555,36.7389,504668,25,80,0,14-3-28 12:38:21,1
FL8X4BP4GU,118.564,36.725,504686,61,75,0,14-3-28 12:40:21,1
FL8X4BP4GU,118.575,36.7086,504707,61,75,0,14-3-28 12:42:21,1
FL8X4BP4GU,118.584,36.6925,504727,62,80,0,14-3-28 12:44:21,1
FL8X4BP4GU,118.591,36.6751,504748,61,75,0,14-3-28 12:46:21,1
FL8X4BP4GU,118.593,36.6568,504770,61,90,0,14-3-28 12:48:21,1
FL8X4BP4GU,118.59,36.6388,504790,59,90,0,14-3-28 12:50:21,1
FL8X4BP4GU,118.592,36.6212,504811,59,80,0,14-3-28 12:52:21,1
FL8X4BP4GU,118.601,36.6052,504831,55,70,0,14-3-28 12:54:21,1
FL8X4BP4GU,118.611,36.5911,504850,51,80,0,14-3-28 12:56:21,1
FL8X4BP4GU,118.614,36.5785,504864,24,80,0,14-3-28 12:58:21,1
FL8X4BP4GU,118.617,36.5718,504872,22,80,0,14-3-28 13:0:21,1
FL8X4BP4GU,118.619,36.5634,504881,22,80,0,14-3-28 13:2:21,1
FL8X4BP4GU,118.621,36.5565,504889,22,85,0,14-3-28 13:4:21,1
FL8X4BP4GU,118.621,36.5554,504890,0,0,0,14-3-28 13:5:3,1
FL8X4BP4GU,118.621,36.5554,504890,0,0,0,14-3-28 13:7:3,1
FL8X4BP4GU,118.621,36.5554,504890,0,0,0,14-3-28 13:9:3,1
FL8X4BP4GU,118.621,36.5554,504890,0,0,0,14-3-28 13:11:3,1
FL8X4BP4GU,118.621,36.5554,504890,0,0,0,14-3-28 13:13:3,1
FL8X4BP4GU,118.621,36.5549,504891,14,80,0,14-3-28 13:13:57,1
FL8X4BP4GU,118.623,36.5411,504907,57,90,0,14-3-28 13:15:57,1
FL8X4BP4GU,118.62,36.5198,504931,66,90,0,14-3-28 13:17:57,1
FL8X4BP4GU,118.621,36.506,504947,27,80,0,14-3-28 13:19:57,1
FL8X4BP4GU,118.624,36.4981,504956,33,80,0,14-3-28 13:21:57,1
FL8X4BP4GU,118.63,36.4856,504971,68,80,0,14-3-28 13:23:57,1
FL8X4BP4GU,118.634,36.4686,504991,61,85,0,14-3-28 13:25:57,1
FL8X4BP4GU,118.635,36.4539,505008,51,85,0,14-3-28 13:27:57,1
FL8X4BP4GU,118.635,36.4352,505029,62,90,0,14-3-28 13:29:57,1
FL8X4BP4GU,118.635,36.4173,505050,57,85,0,14-3-28 13:31:57,1
FL8X4BP4GU,118.637,36.4013,505068,44,90,0,14-3-28 13:33:57,1
FL8X4BP4GU,118.636,36.3874,505084,42,90,0,14-3-28 13:35:57,1
FL8X4BP4GU,118.635,36.3839,505088,0,0,0,14-3-28 13:37:0,1
FL8X4BP4GU,118.635,36.3839,505089,0,0,0,14-3-28 13:39:0,1
FL8X4BP4GU,118.635,36.3839,505089,0,0,0,14-3-28 13:41:0,1
FL8X4BP4GU,118.635,36.3839,505089,0,0,0,14-3-28 13:43:0,1
FL8X4BP4GU,118.635,36.3839,505089,0,0,0,14-3-28 13:45:0,1
FL8X4BP4GU,118.635,36.3839,505089,0,0,0,14-3-28 13:47:0,1
FL8X4BP4GU,118.635,36.3839,505089,0,0,0,14-3-28 13:49:0,1
FL8X4BP4GU,118.635,36.3839,505089,0,0,0,14-3-28 13:51:0,1
FL8X4BP4GU,118.635,36.3835,505089,14,80,0,14-3-28 13:52:34,1
FL8X4BP4GU,118.643,36.3707,505106,62,70,0,14-3-28 13:54:34,1
FL8X4BP4GU,118.652,36.3599,505121,22,70,0,14-3-28 13:56:34,1
FL8X4BP4GU,118.657,36.3533,505129,24,70,0,14-3-28 13:58:34,1
FL8X4BP4GU,118.664,36.3453,505140,55,65,0,14-3-28 14:0:34,1
FL8X4BP4GU,118.683,36.3297,505165,64,65,0,14-3-28 14:2:34,1
FL8X4BP4GU,118.698,36.3162,505186,59,70,0,14-3-28 14:4:34,1
FL8X4BP4GU,118.706,36.2987,505207,59,75,0,14-3-28 14:6:34,1
FL8X4BP4GU,118.711,36.2886,505220,25,75,0,14-3-28 14:8:34,1
FL8X4BP4GU,118.715,36.2763,505234,57,85,0,14-3-28 14:10:34,1
FL8X4BP4GU,118.714,36.2611,505251,40,95,0,14-3-28 14:12:34,1
FL8X4BP4GU,118.711,36.2488,505266,59,90,0,14-3-28 14:14:34,1
FL8X4BP4GU,118.71,36.2339,505283,24,90,0,14-3-28 14:16:34,1
FL8X4BP4GU,118.708,36.2264,505291,24,95,0,14-3-28 14:18:34,1
FL8X4BP4GU,118.706,36.217,505302,50,90,0,14-3-28 14:20:34,1
FL8X4BP4GU,118.711,36.201,505321,38,80,0,14-3-28 14:22:34,1
FL8X4BP4GU,118.712,36.1896,505334,55,90,0,14-3-28 14:24:34,1
FL8X4BP4GU,118.712,36.1719,505354,53,85,0,14-3-28 14:26:34,1
FL8X4BP4GU,118.714,36.1565,505372,51,90,0,14-3-28 14:28:34,1
FL8X4BP4GU,118.713,36.1512,505378,0,95,0,14-3-28 14:29:25,0
FL8X4BP4GU,118.711,36.1431,505388,64,90,0,14-3-28 14:30:1,1
FL8X4BP4GU,118.715,36.1244,505410,51,75,0,14-3-28 14:32:1,1
FL8X4BP4GU,118.716,36.1039,505434,74,90,0,14-3-28 14:34:1,1
FL8X4BP4GU,118.714,36.083,505458,35,85,0,14-3-28 14:36:0,1
FL8X4BP4GU,118.716,36.0747,505467,40,75,0,14-3-28 14:38:0,1
FL8X4BP4GU,118.721,36.0542,505492,79,90,0,14-3-28 14:40:0,1
FL8X4BP4GU,118.723,36.0372,505512,59,85,0,14-3-28 14:42:0,1
FL8X4BP4GU,118.719,36.0175,505534,62,95,0,14-3-28 14:44:0,1
FL8X4BP4GU,118.722,35.9992,505556,62,85,0,14-3-28 14:46:0,1
FL8X4BP4GU,118.721,35.9835,505574,42,85,0,14-3-28 14:48:0,1
FL8X4BP4GU,118.725,35.9717,505588,55,75,0,14-3-28 14:50:0,1
FL8X4BP4GU,118.724,35.9525,505610,66,95,0,14-3-28 14:52:0,1
FL8X4BP4GU,118.721,35.9328,505633,57,90,0,14-3-28 14:54:0,1
FL8X4BP4GU,118.715,35.9166,505653,42,105,0,14-3-28 14:56:1,1
FL8X4BP4GU,118.708,35.9093,505663,35,100,0,14-3-28 14:58:1,1
FL8X4BP4GU,118.702,35.8941,505681,66,95,0,14-3-28 15:0:1,1
FL8X4BP4GU,118.692,35.8788,505701,37,100,0,14-3-28 15:2:1,1
FL8X4BP4GU,118.689,35.8682,505713,40,95,0,14-3-28 15:4:1,1
FL8X4BP4GU,118.683,35.8511,505734,75,95,0,14-3-28 15:6:1,1
FL8X4BP4GU,118.683,35.8335,505754,38,85,0,14-3-28 15:8:1,1
FL8X4BP4GU,118.679,35.8156,505775,87,100,0,14-3-28 15:10:1,1
FL8X4BP4GU,118.671,35.8007,505794,50,95,0,14-3-28 15:12:1,1
FL8X4BP4GU,118.665,35.7807,505817,50,85,0,14-3-28 15:14:1,1
FL8X4BP4GU,118.667,35.7706,505829,33,75,0,14-3-28 15:16:0,1
FL8X4BP4GU,118.674,35.7615,505841,51,70,0,14-3-28 15:18:0,1
FL8X4BP4GU,118.685,35.7433,505864,81,80,0,14-3-28 15:20:0,1
FL8X4BP4GU,118.693,35.7244,505887,59,80,0,14-3-28 15:22:0,1
FL8X4BP4GU,118.696,35.7034,505912,68,90,0,14-3-28 15:24:0,1
FL8X4BP4GU,118.693,35.6841,505934,64,90,0,14-3-28 15:26:1,1
FL8X4BP4GU,118.692,35.6676,505953,38,90,0,14-3-28 15:28:1,1
FL8X4BP4GU,118.691,35.6538,505968,55,90,0,14-3-28 15:30:1,1
FL8X4BP4GU,118.685,35.6356,505990,57,100,0,14-3-28 15:32:1,1
FL8X4BP4GU,118.675,35.62,506010,68,105,0,14-3-28 15:34:1,1
FL8X4BP4GU,118.665,35.6026,506033,61,95,0,14-3-28 15:36:1,1
FL8X4BP4GU,118.66,35.5834,506055,64,95,0,14-3-28 15:38:0,1
FL8X4BP4GU,118.658,35.5655,506076,61,80,0,14-3-28 15:40:0,1
FL8X4BP4GU,118.659,35.5472,506097,62,95,0,14-3-28 15:42:0,1
FL8X4BP4GU,118.65,35.5304,506118,51,100,0,14-3-28 15:44:0,1
FL8X4BP4GU,118.647,35.5145,506137,55,85,0,14-3-28 15:46:0,1
FL8X4BP4GU,118.641,35.4963,506159,62,95,0,14-3-28 15:48:0,1
FL8X4BP4GU,118.64,35.478,506180,64,85,0,14-3-28 15:50:0,1
FL8X4BP4GU,118.642,35.4579,506203,62,90,0,14-3-28 15:52:0,1
FL8X4BP4GU,118.639,35.4428,506220,44,95,0,14-3-28 15:54:0,1
FL8X4BP4GU,118.632,35.4267,506239,62,95,0,14-3-28 15:56:0,1
FL8X4BP4GU,118.626,35.4071,506263,64,90,0,14-3-28 15:58:0,1
FL8X4BP4GU,118.624,35.3877,506285,61,85,0,14-3-28 16:0:0,1
FL8X4BP4GU,118.628,35.3688,506307,62,75,0,14-3-28 16:2:1,1
FL8X4BP4GU,118.632,35.3502,506329,66,90,0,14-3-28 16:4:1,1
FL8X4BP4GU,118.626,35.3353,506347,48,100,0,14-3-28 16:6:1,1
FL8X4BP4GU,118.622,35.3175,506368,62,90,0,14-3-28 16:8:2,1
FL8X4BP4GU,118.624,35.2999,506388,48,85,0,14-3-28 16:10:2,1
FL8X4BP4GU,118.624,35.282,506409,59,95,0,14-3-28 16:12:2,1
FL8X4BP4GU,118.622,35.2633,506430,59,85,0,14-3-28 16:14:2,1
FL8X4BP4GU,118.623,35.2442,506452,64,85,0,14-3-28 16:16:2,1
FL8X4BP4GU,118.622,35.2251,506474,62,90,0,14-3-28 16:18:1,1
FL8X4BP4GU,118.62,35.2056,506496,62,95,0,14-3-28 16:20:1,1
FL8X4BP4GU,118.613,35.1879,506518,62,95,0,14-3-28 16:22:1,1
FL8X4BP4GU,118.613,35.17,506538,48,80,0,14-3-28 16:24:1,1
FL8X4BP4GU,118.615,35.1525,506559,64,95,0,14-3-28 16:26:1,1
FL8X4BP4GU,118.606,35.1357,506580,59,100,0,14-3-28 16:28:1,1
FL8X4BP4GU,118.605,35.1177,506601,62,80,0,14-3-28 16:30:1,1
FL8X4BP4GU,118.616,35.1027,506621,57,70,0,14-3-28 16:32:1,1
FL8X4BP4GU,118.629,35.0872,506642,61,70,0,14-3-28 16:34:1,1
FL8X4BP4GU,118.64,35.0707,506664,46,70,0,14-3-28 16:36:1,1
FL8X4BP4GU,118.651,35.0605,506679,46,65,0,14-3-28 16:38:1,1
FL8X4BP4GU,118.664,35.0463,506699,59,65,0,14-3-28 16:40:1,1
FL8X4BP4GU,118.68,35.0344,506719,55,65,0,14-3-28 16:42:1,1
FL8X4BP4GU,118.694,35.0222,506739,50,60,0,14-3-28 16:44:1,1
FL8X4BP4GU,118.707,35.012,506756,66,70,0,14-3-28 16:46:1,1
FL8X4BP4GU,118.721,34.9947,506779,68,65,0,14-3-28 16:48:1,1
FL8X4BP4GU,118.731,34.9847,506794,25,70,0,14-3-28 16:50:1,1
FL8X4BP4GU,118.737,34.9747,506807,62,80,0,14-3-28 16:52:1,1
FL8X4BP4GU,118.736,34.9502,506835,81,90,0,14-3-28 16:54:1,1
FL8X4BP4GU,118.734,34.9262,506863,68,80,0,14-3-28 16:56:1,1
FL8X4BP4GU,118.748,34.9102,506886,64,60,0,14-3-28 16:58:1,1
FL8X4BP4GU,118.764,34.897,506907,57,70,0,14-3-28 17:0:1,1
FL8X4BP4GU,118.78,34.8837,506929,66,55,0,14-3-28 17:2:1,1
FL8X4BP4GU,118.796,34.8769,506946,1,55,0,14-3-28 17:4:1,1
FL8X4BP4GU,118.796,34.8768,506946,1,50,0,14-3-28 17:4:13,1
FL8X4BP4GU,118.797,34.8764,506947,11,55,0,14-3-28 17:5:29,1
FL8X4BP4GU,118.797,34.8763,506947,0,0,0,14-3-28 17:5:50,1
FL8X4BP4GU,118.797,34.8763,506947,0,0,0,14-3-28 17:7:39,1
FL8X4BP4GU,118.797,34.8763,506947,0,0,0,14-3-28 17:9:39,1
FL8X4BP4GU,118.797,34.8763,506947,0,0,0,14-3-28 17:11:39,1
FL8X4BP4GU,118.798,34.876,506948,14,55,0,14-3-28 17:12:20,1
FL8X4BP4GU,118.809,34.8708,506959,53,60,0,14-3-28 17:14:20,1
FL8X4BP4GU,118.828,34.8632,506979,70,50,0,14-3-28 17:16:20,1
FL8X4BP4GU,118.852,34.8599,507002,61,45,0,14-3-28 17:18:20,1
FL8X4BP4GU,118.875,34.8529,507026,66,60,0,14-3-28 17:20:20,1
FL8X4BP4GU,118.897,34.8422,507049,64,55,0,14-3-28 17:22:20,1
FL8X4BP4GU,118.919,34.835,507072,64,55,0,14-3-28 17:24:20,1
FL8X4BP4GU,118.94,34.8257,507095,64,50,0,14-3-28 17:26:20,1
FL8X4BP4GU,118.963,34.8192,507117,57,55,0,14-3-28 17:28:20,1
FL8X4BP4GU,118.985,34.8109,507140,68,50,0,14-3-28 17:30:20,1
FL8X4BP4GU,119.008,34.806,507163,59,55,0,14-3-28 17:32:20,1
FL8X4BP4GU,119.029,34.797,507185,62,60,0,14-3-28 17:34:20,1
FL8X4BP4GU,119.047,34.7859,507206,53,60,0,14-3-28 17:36:19,1
FL8X4BP4GU,119.068,34.7769,507229,64,50,0,14-3-28 17:38:19,1
FL8X4BP4GU,119.083,34.7657,507251,61,90,0,14-3-28 17:40:19,1
FL8X4BP4GU,119.082,34.7462,507273,62,85,0,14-3-28 17:42:19,1
FL8X4BP4GU,119.082,34.7262,507296,64,90,0,14-3-28 17:44:19,1
FL8X4BP4GU,119.09,34.5357,507515,62,80,0,14-3-28 18:2:52,1
FL8X4BP4GU,119.109,34.506,507554,66,65,0,14-3-28 18:6:13,1
FL8X4BP4GU,119.128,34.4934,507578,66,60,0,14-3-28 18:8:12,1
FL8X4BP4GU,119.139,34.4862,507591,64,65,0,14-3-28 18:9:21,1
FL8X4BP4GU,119.154,34.4705,507614,70,70,0,14-3-28 18:11:21,1
FL8X4BP4GU,119.17,34.4551,507637,66,65,0,14-3-28 18:13:21,1
FL8X4BP4GU,119.189,34.4426,507660,61,55,0,14-3-28 18:15:21,1
FL8X4BP4GU,119.209,34.4345,507681,62,55,0,14-3-28 18:17:21,1
FL8X4BP4GU,119.23,34.4243,507704,59,55,0,14-3-28 18:19:23,1
FL8X4BP4GU,119.251,34.4174,507726,64,50,0,14-3-28 18:21:23,1
FL8X4BP4GU,119.295,34.4065,507769,64,50,0,14-3-28 18:25:23,1
FL8X4BP4GU,119.316,34.3994,507791,62,60,0,14-3-28 18:27:24,1
FL8X4BP4GU,119.335,34.3896,507812,59,55,0,14-3-28 18:29:24,1
FL8X4BP4GU,119.355,34.3814,507834,64,55,0,14-3-28 18:31:24,1
FL8X4BP4GU,119.376,34.3725,507856,64,60,0,14-3-28 18:33:24,1
FL8X4BP4GU,119.395,34.3634,507877,61,50,0,14-3-28 18:35:24,1
FL8X4BP4GU,119.415,34.3557,507898,59,55,0,14-3-28 18:37:23,1
FL8X4BP4GU,119.43,34.3502,507913,12,60,0,14-3-28 18:39:23,1
FL8X4BP4GU,119.432,34.3497,507915,0,0,0,14-3-28 18:40:27,1
FL8X4BP4GU,119.432,34.3497,507915,0,0,0,14-3-28 18:42:27,1
FL8X4BP4GU,119.432,34.3497,507915,0,0,0,14-3-28 18:44:27,1
FL8X4BP4GU,119.432,34.3498,507915,0,0,0,14-3-28 18:46:27,1
FL8X4BP4GU,119.432,34.3497,507915,0,0,0,14-3-28 18:47:14,1
FL8X4BP4GU,119.432,34.3497,507915,0,0,0,14-3-28 18:51:25,1
FL8X4BP4GU,119.432,34.3497,507915,0,0,0,14-3-28 18:51:41,1
FL8X4BP4GU,119.433,34.3497,507916,9,50,0,14-3-28 18:53:41,1
FL8X4BP4GU,119.433,34.3496,507916,16,50,0,14-3-28 18:53:52,1
FL8X4BP4GU,119.446,34.3438,507930,57,60,0,14-3-28 18:55:52,1
FL8X4BP4GU,119.465,34.3367,507950,61,55,0,14-3-28 18:57:52,1
FL8X4BP4GU,119.484,34.3277,507971,57,55,0,14-3-28 18:59:52,1
FL8X4BP4GU,119.504,34.3204,507991,59,55,0,14-3-28 19:1:53,1
FL8X4BP4GU,119.522,34.3098,508012,59,65,0,14-3-28 19:3:53,1
FL8X4BP4GU,119.534,34.2968,508031,50,70,0,14-3-28 19:5:53,1
FL8X4BP4GU,119.547,34.2825,508051,62,70,0,14-3-28 19:7:53,1
FL8X4BP4GU,119.562,34.2673,508074,64,65,0,14-3-28 19:9:53,1
FL8X4BP4GU,119.58,34.2562,508095,62,60,0,14-3-28 19:11:52,1
FL8X4BP4GU,119.599,34.2444,508117,62,65,0,14-3-28 19:13:52,1
FL8X4BP4GU,119.61,34.2335,508134,38,70,0,14-3-28 19:15:53,1
FL8X4BP4GU,119.627,34.2202,508156,66,60,0,14-3-28 19:17:53,1
FL8X4BP4GU,119.647,34.2093,508179,64,60,0,14-3-28 19:19:53,1
FL8X4BP4GU,119.663,34.1945,508202,64,70,0,14-3-28 19:21:53,1
FL8X4BP4GU,119.677,34.1789,508224,66,65,0,14-3-28 19:23:53,1
FL8X4BP4GU,119.693,34.1631,508247,66,70,0,14-3-28 19:25:53,1
FL8X4BP4GU,119.711,34.1497,508270,62,60,0,14-3-28 19:27:53,1
FL8X4BP4GU,119.728,34.136,508293,66,65,0,14-3-28 19:29:53,1
FL8X4BP4GU,119.747,34.1224,508317,66,65,0,14-3-28 19:31:53,1
FL8X4BP4GU,119.762,34.1072,508339,62,70,0,14-3-28 19:33:53,1
FL8X4BP4GU,119.779,34.0939,508362,64,60,0,14-3-28 19:35:53,1
FL8X4BP4GU,119.8,34.0831,508385,66,60,0,14-3-28 19:37:53,1
FL8X4BP4GU,119.819,34.0715,508407,64,60,0,14-3-28 19:39:53,1
FL8X4BP4GU,119.836,34.0596,508428,62,65,0,14-3-28 19:41:53,1
FL8X4BP4GU,119.853,34.0466,508450,61,60,0,14-3-28 19:43:53,1
FL8X4BP4GU,119.871,34.0352,508472,55,65,0,14-3-28 19:45:53,1
FL8X4BP4GU,119.885,34.0197,508494,62,70,0,14-3-28 19:47:53,1
FL8X4BP4GU,119.898,34.005,508515,68,65,0,14-3-28 19:49:53,1
FL8X4BP4GU,119.911,33.9876,508538,66,75,0,14-3-28 19:51:53,1
FL8X4BP4GU,119.92,33.9708,508559,70,75,0,14-3-28 19:53:53,1
FL8X4BP4GU,119.933,33.9537,508583,66,70,0,14-3-28 19:55:53,1
FL8X4BP4GU,119.946,33.9372,508605,64,75,0,14-3-28 19:57:53,1
FL8X4BP4GU,119.961,33.9211,508628,66,65,0,14-3-28 19:59:53,1
FL8X4BP4GU,119.979,33.9072,508652,64,65,0,14-3-28 20:1:53,1
FL8X4BP4GU,119.992,33.8903,508675,70,70,0,14-3-28 20:3:53,1
FL8X4BP4GU,120.007,33.8741,508698,68,70,0,14-3-28 20:5:53,1
FL8X4BP4GU,120.018,33.8557,508722,68,75,0,14-3-28 20:7:53,1
FL8X4BP4GU,120.029,33.8374,508745,66,70,0,14-3-28 20:9:53,1
FL8X4BP4GU,120.044,33.8212,508768,66,70,0,14-3-28 20:11:53,1
FL8X4BP4GU,120.055,33.8038,508791,62,75,0,14-3-28 20:13:53,1
FL8X4BP4GU,120.068,33.7874,508813,64,70,0,14-3-28 20:15:53,1
FL8X4BP4GU,120.082,33.7713,508836,66,75,0,14-3-28 20:17:53,1
FL8X4BP4GU,120.091,33.7529,508859,66,80,0,14-3-28 20:19:53,1
FL8X4BP4GU,120.099,33.7346,508881,64,75,0,14-3-28 20:21:53,1
FL8X4BP4GU,120.153,33.6654,508976,66,70,0,14-3-28 20:30:13,1
FL8X4BP4GU,120.274,33.3974,509305,66,70,0,14-3-28 20:59:22,1
FL8X4BP4GU,120.286,33.3803,509328,64,75,0,14-3-28 21:1:22,1
FL8X4BP4GU,120.296,33.3622,509351,64,75,0,14-3-28 21:3:22,1
FL8X4BP4GU,120.309,33.3455,509373,66,75,0,14-3-28 21:5:22,1
FL8X4BP4GU,120.317,33.3266,509396,64,80,0,14-3-28 21:7:23,1
FL8X4BP4GU,120.326,33.3085,509419,66,75,0,14-3-28 21:9:23,1
FL8X4BP4GU,120.334,33.2898,509441,64,80,0,14-3-28 21:11:23,1
FL8X4BP4GU,120.339,33.272,509462,55,80,0,14-3-28 21:13:24,1
FL8X4BP4GU,120.348,33.2549,509484,62,75,0,14-3-28 21:15:24,1
FL8X4BP4GU,120.357,33.237,509506,64,80,0,14-3-28 21:17:24,1
FL8X4BP4GU,120.361,33.2177,509528,64,85,0,14-3-28 21:19:24,1
FL8X4BP4GU,120.364,33.1992,509550,64,80,0,14-3-28 21:21:24,1
FL8X4BP4GU,120.372,33.1815,509571,53,75,0,14-3-28 21:23:24,1
FL8X4BP4GU,120.379,33.1643,509592,55,80,0,14-3-28 21:25:24,1
FL8X4BP4GU,120.38,33.1463,509613,57,90,0,14-3-28 21:27:24,1
FL8X4BP4GU,120.379,33.1278,509634,57,90,0,14-3-28 21:29:24,1
FL8X4BP4GU,120.38,33.1121,509652,24,85,0,14-3-28 21:31:24,1
FL8X4BP4GU,120.38,33.1103,509654,0,0,0,14-3-28 21:32:13,1
FL8X4BP4GU,120.38,33.1103,509654,0,0,0,14-3-28 21:33:49,1
FL8X4BP4GU,120.38,33.1103,509654,0,0,0,14-3-28 21:36:49,1
FL8X4BP4GU,120.38,33.1103,509654,0,0,0,14-3-28 21:37:5,1
FL8X4BP4GU,120.38,33.1097,509654,16,80,0,14-3-28 21:38:7,1
FL8X4BP4GU,120.381,33.0984,509667,57,90,0,14-3-28 21:40:7,1
FL8X4BP4GU,120.383,33.0797,509689,61,80,0,14-3-28 21:42:7,1
FL8X4BP4GU,120.39,33.0621,509710,64,75,0,14-3-28 21:44:7,1
FL8X4BP4GU,120.395,33.0431,509732,62,85,0,14-3-28 21:46:7,1
FL8X4BP4GU,120.398,33.024,509754,64,80,0,14-3-28 21:48:7,1
FL8X4BP4GU,120.405,33.0055,509776,66,80,0,14-3-28 21:50:7,1
FL8X4BP4GU,120.406,32.9869,509798,62,85,0,14-3-28 21:52:7,1
FL8X4BP4GU,120.41,32.9688,509819,62,80,0,14-3-28 21:54:7,1
FL8X4BP4GU,120.413,32.9501,509840,57,85,0,14-3-28 21:56:7,1
FL8X4BP4GU,120.411,32.9321,509861,59,95,0,14-3-28 21:58:6,1
FL8X4BP4GU,120.407,32.9146,509881,61,90,0,14-3-28 22:0:6,1
FL8X4BP4GU,120.408,32.896,509903,61,85,0,14-3-28 22:2:6,1
FL8X4BP4GU,120.414,32.8782,509924,46,75,0,14-3-28 22:4:6,1
FL8X4BP4GU,120.422,32.863,509943,59,80,0,14-3-28 22:6:6,1
FL8X4BP4GU,120.426,32.844,509965,62,85,0,14-3-28 22:8:7,1
FL8X4BP4GU,120.428,32.8253,509987,62,80,0,14-3-28 22:10:7,1
FL8X4BP4GU,120.436,32.8075,510008,62,75,0,14-3-28 22:12:7,1
FL8X4BP4GU,120.447,32.7895,510031,66,80,0,14-3-28 22:14:7,1
FL8X4BP4GU,120.454,32.7702,510054,66,75,0,14-3-28 22:16:7,1
FL8X4BP4GU,120.466,32.7538,510076,64,70,0,14-3-28 22:18:6,1
FL8X4BP4GU,120.478,32.7367,510099,62,75,0,14-3-28 22:20:6,1
FL8X4BP4GU,120.484,32.7181,510121,64,80,0,14-3-28 22:22:6,1
FL8X4BP4GU,120.492,32.6999,510143,64,75,0,14-3-28 22:24:6,1
FL8X4BP4GU,120.504,32.6828,510166,64,75,0,14-3-28 22:26:6,1
FL8X4BP4GU,120.511,32.6639,510188,64,80,0,14-3-28 22:28:6,1
FL8X4BP4GU,120.521,32.6465,510211,61,70,0,14-3-28 22:30:6,1
FL8X4BP4GU,120.534,32.6303,510233,64,70,0,14-3-28 22:32:6,1
FL8X4BP4GU,120.543,32.6118,510256,68,80,0,14-3-28 22:34:6,1
FL8X4BP4GU,120.545,32.5922,510278,64,85,0,14-3-28 22:36:6,1
FL8X4BP4GU,120.549,32.5734,510300,61,80,0,14-3-28 22:38:6,1
FL8X4BP4GU,120.557,32.5557,510322,61,75,0,14-3-28 22:40:6,1
FL8X4BP4GU,120.563,32.5371,510344,62,80,0,14-3-28 22:42:6,1
FL8X4BP4GU,120.57,32.5183,510366,66,75,0,14-3-28 22:44:6,1
FL8X4BP4GU,120.581,32.5011,510388,64,70,0,14-3-28 22:46:6,1
FL8X4BP4GU,120.591,32.4833,510411,64,80,0,14-3-28 22:48:6,1
FL8X4BP4GU,120.595,32.4638,510434,64,85,0,14-3-28 22:50:6,1
FL8X4BP4GU,120.602,32.4448,510456,62,75,0,14-3-28 22:52:6,1
FL8X4BP4GU,120.616,32.4286,510479,66,70,0,14-3-28 22:54:6,1
FL8X4BP4GU,120.627,32.4114,510502,64,75,0,14-3-28 22:56:6,1
FL8X4BP4GU,120.637,32.3935,510524,64,75,0,14-3-28 22:58:6,1
FL8X4BP4GU,120.651,32.3775,510547,68,65,0,14-3-28 23:0:6,1
FL8X4BP4GU,120.669,32.3642,510570,66,65,0,14-3-28 23:2:6,1
FL8X4BP4GU,120.685,32.3494,510593,68,65,0,14-3-28 23:4:6,1
FL8X4BP4GU,120.704,32.3383,510615,64,55,0,14-3-28 23:6:6,1
FL8X4BP4GU,120.725,32.3313,510637,66,55,0,14-3-28 23:8:6,1
FL8X4BP4GU,120.744,32.3203,510660,66,65,0,14-3-28 23:10:6,1
FL8X4BP4GU,120.759,32.3053,510682,64,70,0,14-3-28 23:12:6,1
FL8X4BP4GU,120.769,32.2876,510705,64,80,0,14-3-28 23:14:6,1
FL8X4BP4GU,120.777,32.269,510727,66,75,0,14-3-28 23:16:6,1
FL8X4BP4GU,120.789,32.2522,510749,62,70,0,14-3-28 23:18:6,1
FL8X4BP4GU,120.801,32.2351,510772,62,75,0,14-3-28 23:20:8,1
FL8X4BP4GU,120.808,32.2172,510794,61,75,0,14-3-28 23:22:8,1
FL8X4BP4GU,120.821,32.2009,510816,62,65,0,14-3-28 23:24:8,1
FL8X4BP4GU,120.838,32.1878,510838,64,65,0,14-3-28 23:26:8,1
FL8X4BP4GU,120.852,32.1735,510860,62,70,0,14-3-28 23:28:8,1
FL8X4BP4GU,120.862,32.1565,510881,62,75,0,14-3-28 23:30:8,1
FL8X4BP4GU,120.872,32.1386,510904,62,75,0,14-3-28 23:32:8,1
FL8X4BP4GU,120.886,32.1232,510926,64,65,0,14-3-28 23:34:8,1
FL8X4BP4GU,120.9,32.1084,510948,61,70,0,14-3-28 23:36:8,1
FL8X4BP4GU,120.915,32.0938,510970,61,60,0,14-3-28 23:38:8,1
FL8X4BP4GU,120.936,32.0879,510992,59,50,0,14-3-28 23:40:8,1
FL8X4BP4GU,120.955,32.0781,511014,66,65,0,14-3-28 23:42:8,1
FL8X4BP4GU,120.964,32.0613,511036,59,85,0,14-3-28 23:44:8,1
FL8X4BP4GU,120.964,32.0442,511055,59,85,0,14-3-28 23:46:8,1
FL8X4BP4GU,120.972,32.0279,511075,59,70,0,14-3-28 23:48:8,1
FL8X4BP4GU,120.984,32.0132,511096,53,75,0,14-3-28 23:50:8,1
FL8X4BP4GU,120.987,31.9956,511117,53,90,0,14-3-28 23:52:8,1
FL8X4BP4GU,120.987,31.9779,511137,57,85,0,14-3-28 23:54:8,1
FL8X4BP4GU,120.993,31.9612,511157,62,80,0,14-3-28 23:56:8,1
FL8X4BP4GU,120.994,31.943,511178,64,90,0,14-3-28 23:58:8,1
FL8X4BP4GU,120.991,31.9245,511199,53,90,0,14-3-29 0:0:8,1
FL8X4BP4GU,120.991,31.9086,511217,64,85,0,14-3-29 0:2:8,1
FL8X4BP4GU,120.992,31.8903,511238,57,90,0,14-3-29 0:4:8,1
FL8X4BP4GU,120.988,31.8728,511259,53,90,0,14-3-29 0:6:8,1
FL8X4BP4GU,120.987,31.8662,511266,0,0,0,14-3-29 0:7:33,1
FL8X4BP4GU,120.987,31.8662,511266,0,0,0,14-3-29 0:9:33,1
FL8X4BP4GU,120.987,31.8658,511266,5,115,0,14-3-29 0:11:33,1
FL8X4BP4GU,120.987,31.8657,511267,0,0,0,14-3-29 0:13:33,1
FL8X4BP4GU,120.986,31.8652,511267,16,100,0,14-3-29 0:14:31,1
FL8X4BP4GU,120.986,31.8648,511268,0,0,0,14-3-29 0:14:57,1
FL8X4BP4GU,120.986,31.8648,511268,0,0,0,14-3-29 0:16:57,1
FL8X4BP4GU,120.986,31.8639,511268,0,0,0,14-3-29 0:18:53,1
FL8X4BP4GU,120.986,31.8639,511268,0,0,0,14-3-29 0:21:4,1
FL8X4BP4GU,120.986,31.8636,511269,0,0,0,14-3-29 0:21:43,1
FL8X4BP4GU,120.986,31.8636,511269,0,0,0,14-3-29 0:23:43,1
FL8X4BP4GU,120.986,31.8636,511269,0,0,0,14-3-29 0:25:43,1
FL8X4BP4GU,120.986,31.8636,511269,0,0,0,14-3-29 0:27:43,1
FL8X4BP4GU,120.986,31.8636,511269,0,0,0,14-3-29 0:29:43,1
FL8X4BP4GU,120.986,31.8631,511269,14,80,0,14-3-29 0:30:29,1
FL8X4BP4GU,120.986,31.8508,511283,57,85,0,14-3-29 0:32:30,1
FL8X4BP4GU,120.99,31.8315,511306,66,80,0,14-3-29 0:34:30,1
FL8X4BP4GU,120.997,31.8139,511327,48,80,0,14-3-29 0:36:30,1
FL8X4BP4GU,120.998,31.8029,511339,33,85,0,14-3-29 0:38:30,1
FL8X4BP4GU,120.998,31.7925,511351,35,90,0,14-3-29 0:40:30,1
FL8X4BP4GU,120.996,31.7823,511363,33,90,0,14-3-29 0:42:29,1
FL8X4BP4GU,120.993,31.7693,511378,55,90,0,14-3-29 0:44:29,1
FL8X4BP4GU,120.987,31.7511,511399,77,100,0,14-3-29 0:46:29,1
FL8X4BP4GU,120.973,31.7333,511424,59,105,0,14-3-29 0:48:29,1
FL8X4BP4GU,120.96,31.7184,511445,61,105,0,14-3-29 0:50:29,1
FL8X4BP4GU,120.951,31.7014,511467,61,95,0,14-3-29 0:52:29,1
FL8X4BP4GU,120.945,31.6832,511489,62,100,0,14-3-29 0:54:29,1
FL8X4BP4GU,120.933,31.6684,511509,40,100,0,14-3-29 0:56:29,1
FL8X4BP4GU,120.946,31.6573,511528,66,60,0,14-3-29 0:58:29,1
FL8X4BP4GU,120.965,31.6482,511550,61,55,0,14-3-29 1:0:29,1
FL8X4BP4GU,120.984,31.6374,511572,64,65,0,14-3-29 1:2:29,1
FL8X4BP4GU,121.001,31.6249,511594,62,65,0,14-3-29 1:4:29,1
FL8X4BP4GU,121.019,31.6147,511615,59,55,0,14-3-29 1:6:29,1
FL8X4BP4GU,121.044,31.6008,511644,59,65,0,14-3-29 1:9:11,1
FL8X4BP4GU,121.061,31.5894,511666,59,55,0,14-3-29 1:11:11,1
FL8X4BP4GU,121.069,31.5829,511678,0,90,0,14-3-29 1:13:6,1
FL8X4BP4GU,121.069,31.5828,511678,0,5,0,14-3-29 1:15:6,1
FL8X4BP4GU,121.069,31.5826,511678,0,0,0,14-3-29 1:17:6,1
FL8X4BP4GU,121.07,31.5827,511679,1,0,0,14-3-29 1:19:6,1
FL8X4BP4GU,121.07,31.5832,511680,16,0,0,14-3-29 1:19:22,1
FL8X4BP4GU,121.081,31.5776,511693,46,65,0,14-3-29 1:21:22,1
FL8X4BP4GU,121.093,31.5643,511713,61,70,0,14-3-29 1:23:22,1
FL8X4BP4GU,121.104,31.5475,511735,61,70,0,14-3-29 1:25:22,1
FL8X4BP4GU,121.118,31.5327,511756,61,70,0,14-3-29 1:27:22,1
FL8X4BP4GU,121.129,31.5157,511778,64,75,0,14-3-29 1:29:22,1
FL8X4BP4GU,121.136,31.4987,511799,24,75,0,14-3-29 1:31:21,1
FL8X4BP4GU,121.137,31.498,511800,0,0,0,14-3-29 1:31:57,1
FL8X4BP4GU,121.137,31.4975,511801,16,65,0,14-3-29 1:33:15,1
FL8X4BP4GU,121.145,31.4876,511814,59,75,0,14-3-29 1:35:15,1
FL8X4BP4GU,121.151,31.4699,511835,57,85,0,14-3-29 1:37:15,1
FL8X4BP4GU,121.154,31.4514,511857,53,75,0,14-3-29 1:39:15,1
FL8X4BP4GU,121.167,31.4296,511885,62,75,0,14-3-29 1:41:53,1
FL8X4BP4GU,121.179,31.4132,511907,57,70,0,14-3-29 1:43:53,1
FL8X4BP4GU,121.185,31.4047,511918,24,65,0,14-3-29 1:45:53,1
FL8X4BP4GU,121.195,31.3921,511935,62,70,0,14-3-29 1:47:53,1
FL8X4BP4GU,121.204,31.3799,511952,59,65,0,14-3-29 1:49:28,1
FL8X4BP4GU,121.214,31.3638,511973,62,75,0,14-3-29 1:51:27,1
FL8X4BP4GU,121.227,31.3504,511993,51,70,0,14-3-29 1:53:27,1
FL8X4BP4GU,121.239,31.3355,512014,64,70,0,14-3-29 1:55:27,1
FL8X4BP4GU,121.249,31.3218,512032,38,70,0,14-3-29 1:57:27,1
FL8X4BP4GU,121.247,31.3208,512035,0,0,0,14-3-29 1:58:24,1
FL8X4BP4GU,121.246,31.3206,512036,12,115,0,14-3-29 1:58:47,1
FL8X4BP4GU,121.239,31.3188,512043,22,165,0,14-3-29 2:0:47,1
FL8X4BP4GU,121.237,31.3209,512046,0,0,0,14-3-29 2:1:50,1
FL8X4BP4GU,121.237,31.3202,512047,3,80,0,14-3-29 2:3:50,1
FL8X4BP4GU,121.238,31.32,512047,0,0,0,14-3-29 2:4:22,1
FL8X4BP4GU,121.238,31.32,512047,0,0,0,14-3-29 5:24:44,1
FL8X4BP4GU,121.238,31.32,512047,0,0,0,14-3-29 5:25:0,1
FL8X4BP4GU,121.238,31.3199,512047,1,70,0,14-3-29 5:27:0,1
FL8X4BP4GU,121.238,31.3194,512047,0,0,0,14-3-29 5:28:16,1
FL8X4BP4GU,121.238,31.3194,512047,0,0,0,14-3-29 8:2:52,1
FL8X4BP4GU,121.238,31.3194,512047,0,0,0,14-3-29 8:3:8,1
FL8X4BP4GU,121.238,31.3194,512047,0,0,0,14-3-29 8:5:8,1
FL8X4BP4GU,121.238,31.3197,512047,0,0,0,14-3-29 8:7:8,1
FL8X4BP4GU,121.238,31.3194,512048,0,0,0,14-3-29 8:8:7,1
FL8X4BP4GU,121.238,31.3194,512048,0,0,0,14-3-29 12:15:40,1
FL8X4BP4GU,121.238,31.3194,512048,0,0,0,14-3-29 12:15:52,1
FL8X4BP4GU,121.238,31.3196,512048,0,0,0,14-3-29 14:18:47,1
FL8X4BP4GU,121.238,31.3195,512048,0,0,0,14-3-29 14:19:3,1
FL8X4BP4GU,121.238,31.3195,512048,0,0,0,14-3-29 14:21:3,1
FL8X4BP4GU,121.238,31.3195,512048,0,0,0,14-3-29 14:22:33,1
FL8X4BP4GU,121.238,31.3195,512048,0,0,0,14-3-29 19:6:2,1
FL8X4BP4GU,121.238,31.3195,512048,0,0,0,14-3-29 19:6:18,1
FL8X4BP4GU,121.238,31.3195,512048,0,0,0,14-3-29 19:7:38,1
FL8X4BP4GU,121.238,31.3195,512048,0,0,0,14-3-29 19:8:2,1
FL8X4BP4GU,121.238,31.3195,512048,0,0,0,14-3-29 22:10:49,1
FL8X4BP4GU,121.238,31.3195,512048,0,0,0,14-3-29 22:11:5,1
FL8X4BP4GU,121.238,31.3195,512048,0,0,0,14-3-29 22:13:5,1
FL8X4BP4GU,121.238,31.3195,512048,1,160,0,14-3-29 22:15:5,1
FL8X4BP4GU,121.237,31.3203,512048,1,155,0,14-3-29 22:17:5,1
FL8X4BP4GU,121.237,31.3204,512048,0,0,0,14-3-29 22:19:5,1
FL8X4BP4GU,121.237,31.3209,512049,0,0,0,14-3-29 22:21:5,1
FL8X4BP4GU,121.238,31.3204,512050,14,75,0,14-3-29 22:22:38,1
FL8X4BP4GU,121.241,31.3148,512056,9,75,0,14-3-29 22:24:38,1
FL8X4BP4GU,121.242,31.3086,512063,24,85,0,14-3-29 22:26:38,1
FL8X4BP4GU,121.242,31.3065,512065,3,110,0,14-3-29 22:27:29,1
FL8X4BP4GU,121.241,31.3067,512066,16,140,0,14-3-29 22:28:8,1
FL8X4BP4GU,121.238,31.31,512073,12,40,0,14-3-29 22:30:8,1
FL8X4BP4GU,121.239,31.3101,512073,0,0,0,14-3-29 22:30:49,1
FL8X4BP4GU,121.238,31.3096,512074,12,95,0,14-3-29 22:32:18,1
FL8X4BP4GU,121.24,31.3081,512079,12,0,0,14-3-29 22:34:18,1
FL8X4BP4GU,121.24,31.3087,512079,0,0,0,14-3-29 22:35:2,1
FL8X4BP4GU,121.24,31.3086,512080,1,0,0,14-3-29 22:37:2,1
FL8X4BP4GU,121.24,31.3086,512080,0,0,0,14-3-29 22:37:59,1
FL8X4BP4GU,121.24,31.3086,512080,0,0,0,14-3-30 2:50:31,1
FL8X4BP4GU,121.24,31.3085,512080,3,0,0,14-3-30 2:50:47,1
FL8X4BP4GU,121.24,31.3084,512080,1,0,0,14-3-30 2:52:47,1
FL8X4BP4GU,121.24,31.3091,512081,0,0,0,14-3-30 2:54:47,1
FL8X4BP4GU,121.24,31.3091,512081,0,0,0,14-3-30 2:56:47,1
FL8X4BP4GU,121.24,31.3096,512081,12,165,0,14-3-30 2:58:9,1
FL8X4BP4GU,121.239,31.31,512082,0,0,0,14-3-30 2:58:55,1
FL8X4BP4GU,121.238,31.3101,512083,9,125,0,14-3-30 3:0:55,1
FL8X4BP4GU,121.238,31.31,512083,12,120,0,14-3-30 3:1:5,1
FL8X4BP4GU,121.242,31.3065,512090,22,45,0,14-3-30 3:3:5,1
FL8X4BP4GU,121.241,31.3142,512099,9,165,0,14-3-30 3:5:5,1
FL8X4BP4GU,121.238,31.3197,512106,20,165,0,14-3-30 3:7:5,1
FL8X4BP4GU,121.237,31.3209,512107,0,0,0,14-3-30 3:8:41,1
FL8X4BP4GU,121.238,31.3196,512109,7,80,0,14-3-30 3:10:41,1
FL8X4BP4GU,121.238,31.3194,512109,0,0,0,14-3-30 3:11:6,1
FL8X4BP4GU,121.238,31.3194,512109,0,0,0,14-3-30 3:23:51,1
FL8X4BP4GU,121.238,31.3193,512109,0,0,0,14-3-30 3:24:7,1
FL8X4BP4GU,121.238,31.3195,512109,0,0,0,14-3-30 3:26:7,1
FL8X4BP4GU,121.238,31.3195,512109,0,0,0,14-3-30 3:27:28,1
FL8X4BP4GU,121.238,31.3195,512109,0,0,0,14-3-30 3:38:5,1
FL8X4BP4GU,121.238,31.3196,512109,0,0,0,14-3-30 3:38:21,1
FL8X4BP4GU,121.238,31.3195,512109,0,0,0,14-3-30 3:39:32,1
FL8X4BP4GU,121.238,31.3195,512109,0,0,0,14-3-30 4:11:22,1
FL8X4BP4GU,121.238,31.3195,512109,0,0,0,14-3-30 4:13:22,1
FL8X4BP4GU,121.238,31.3195,512109,0,0,0,14-3-30 4:15:22,1
FL8X4BP4GU,121.237,31.3201,512109,1,0,0,14-3-30 4:17:22,1
FL8X4BP4GU,121.237,31.3209,512109,0,0,0,14-3-30 4:19:22,1
FL8X4BP4GU,121.238,31.32,512111,3,75,0,14-3-30 4:21:22,1
FL8X4BP4GU,121.238,31.3191,512112,11,75,0,14-3-30 4:22:3,1
FL8X4BP4GU,121.243,31.3194,512116,20,30,0,14-3-30 4:24:3,1
FL8X4BP4GU,121.248,31.3205,512121,14,25,0,14-3-30 4:26:3,1
FL8X4BP4GU,121.249,31.3226,512130,37,160,0,14-3-30 4:28:3,1
FL8X4BP4GU,121.24,31.3343,512146,44,160,0,14-3-30 4:30:3,1
FL8X4BP4GU,121.23,31.347,512164,46,160,0,14-3-30 4:32:3,1
FL8X4BP4GU,121.22,31.357,512178,57,155,0,14-3-30 4:34:3,1
FL8X4BP4GU,121.211,31.3706,512196,57,165,0,14-3-30 4:36:3,1
FL8X4BP4GU,121.203,31.3818,512212,59,160,0,14-3-30 4:37:40,1
FL8X4BP4GU,121.192,31.3961,512231,53,160,0,14-3-30 4:39:40,1
FL8X4BP4GU,121.185,31.4055,512244,0,0,0,14-3-30 4:41:32,1
FL8X4BP4GU,121.184,31.4064,512244,14,155,0,14-3-30 4:42:35,1
FL8X4BP4GU,121.177,31.4156,512257,53,160,0,14-3-30 4:44:35,1
FL8X4BP4GU,121.167,31.4308,512277,53,165,0,14-3-30 4:46:35,1
FL8X4BP4GU,121.154,31.4516,512304,51,165,0,14-3-30 4:49:11,1
FL8X4BP4GU,121.151,31.4691,512324,57,175,0,14-3-30 4:51:11,1
FL8X4BP4GU,121.146,31.4867,512345,62,165,0,14-3-30 4:53:11,1
FL8X4BP4GU,121.138,31.4986,512361,3,165,0,14-3-30 4:55:18,1
FL8X4BP4GU,121.137,31.4991,512361,14,155,0,14-3-30 4:55:38,1
FL8X4BP4GU,121.131,31.5094,512374,53,170,0,14-3-30 4:57:38,1
FL8X4BP4GU,121.123,31.5259,512395,61,165,0,14-3-30 4:59:38,1
FL8X4BP4GU,121.111,31.5402,512415,61,155,0,14-3-30 5:1:39,1
FL8X4BP4GU,121.099,31.5557,512437,59,165,0,14-3-30 5:3:39,1
FL8X4BP4GU,121.088,31.5714,512458,57,160,0,14-3-30 5:5:39,1
FL8X4BP4GU,121.072,31.5842,512479,62,150,0,14-3-30 5:7:39,1
FL8X4BP4GU,121.053,31.5941,512501,61,150,0,14-3-30 5:9:39,1
FL8X4BP4GU,121.037,31.6058,512522,48,155,0,14-3-30 5:11:38,1
FL8X4BP4GU,121.035,31.6075,512524,0,0,0,14-3-30 5:12:37,1
FL8X4BP4GU,121.035,31.6078,512525,11,145,0,14-3-30 5:13:16,1
FL8X4BP4GU,121.034,31.608,512525,0,0,0,14-3-30 5:13:45,1
FL8X4BP4GU,121.034,31.6081,512525,0,0,0,14-3-30 5:15:35,1
FL8X4BP4GU,121.034,31.6081,512525,0,0,0,14-3-30 5:24:21,1
FL8X4BP4GU,121.034,31.6081,512525,0,0,0,14-3-30 5:24:37,1
FL8X4BP4GU,121.034,31.6081,512525,0,0,0,14-3-30 5:26:37,1
FL8X4BP4GU,121.033,31.6082,512526,7,145,0,14-3-30 5:28:37,1
FL8X4BP4GU,121.033,31.6085,512526,14,145,0,14-3-30 5:28:57,1
FL8X4BP4GU,121.021,31.6141,512539,51,145,0,14-3-30 5:30:57,1
FL8X4BP4GU,121.003,31.6238,512561,66,150,0,14-3-30 5:32:57,1
FL8X4BP4GU,120.985,31.6368,512583,64,155,0,14-3-30 5:34:58,1
FL8X4BP4GU,120.967,31.6477,512605,62,145,0,14-3-30 5:36:58,1
FL8X4BP4GU,120.947,31.6565,512627,64,150,0,14-3-30 5:38:58,1
FL8X4BP4GU,120.934,31.6693,512648,61,15,0,14-3-30 5:40:58,1
FL8X4BP4GU,120.946,31.6851,512669,62,10,0,14-3-30 5:42:58,1
FL8X4BP4GU,120.952,31.7039,512692,66,5,0,14-3-30 5:44:57,1
FL8X4BP4GU,120.959,31.7151,512706,1,5,0,14-3-30 5:46:48,1
FL8X4BP4GU,120.959,31.7157,512707,14,5,0,14-3-30 5:47:59,1
FL8X4BP4GU,120.967,31.7263,512721,59,15,0,14-3-30 5:49:59,1
FL8X4BP4GU,120.98,31.7403,512742,57,15,0,14-3-30 5:51:59,1
FL8X4BP4GU,120.988,31.7524,512757,35,10,0,14-3-30 5:53:59,1
FL8X4BP4GU,120.992,31.7617,512768,33,5,0,14-3-30 5:55:59,1
FL8X4BP4GU,120.994,31.7717,512780,31,0,0,14-3-30 5:57:59,1
FL8X4BP4GU,120.996,31.7828,512792,51,0,0,14-3-30 5:59:59,1
FL8X4BP4GU,120.999,31.8023,512815,70,175,0,14-3-30 6:1:59,1
FL8X4BP4GU,120.993,31.8246,512841,62,165,0,14-3-30 6:3:59,1
FL8X4BP4GU,120.987,31.8432,512863,64,175,0,14-3-30 6:5:59,1
FL8X4BP4GU,120.987,31.8628,512886,62,0,0,14-3-30 6:7:59,1
FL8X4BP4GU,120.99,31.8802,512906,55,0,0,14-3-30 6:9:59,1
FL8X4BP4GU,120.992,31.8981,512927,53,175,0,14-3-30 6:11:59,1
FL8X4BP4GU,120.99,31.9161,512947,53,175,0,14-3-30 6:13:59,1
FL8X4BP4GU,120.993,31.9343,512968,57,0,0,14-3-30 6:15:59,1
FL8X4BP4GU,120.995,31.9523,512989,62,175,0,14-3-30 6:17:59,1
FL8X4BP4GU,120.989,31.9708,513011,62,170,0,14-3-30 6:19:59,1
FL8X4BP4GU,120.986,31.9893,513032,61,0,0,14-3-30 6:21:59,1
FL8X4BP4GU,120.987,32.0076,513053,61,170,0,14-3-30 6:23:59,1
FL8X4BP4GU,120.976,32.0233,513074,62,160,0,14-3-30 6:25:59,1
FL8X4BP4GU,120.966,32.04,513096,64,170,0,14-3-30 6:27:59,1
FL8X4BP4GU,120.965,32.0586,513117,62,175,0,14-3-30 6:29:59,1
FL8X4BP4GU,120.958,32.0758,513138,62,160,0,14-3-30 6:31:59,1
FL8X4BP4GU,120.94,32.087,513160,59,145,0,14-3-30 6:33:59,1
FL8X4BP4GU,120.918,32.0922,513182,66,145,0,14-3-30 6:35:59,1
FL8X4BP4GU,120.903,32.1055,513204,62,160,0,14-3-30 6:37:59,1
FL8X4BP4GU,120.889,32.1208,513225,61,155,0,14-3-30 6:39:59,1
FL8X4BP4GU,120.874,32.1354,513248,64,160,0,14-3-30 6:41:59,1
FL8X4BP4GU,120.864,32.1531,513270,66,165,0,14-3-30 6:43:59,1
FL8X4BP4GU,120.854,32.1714,513293,64,160,0,14-3-30 6:45:59,1
FL8X4BP4GU,120.841,32.1859,513315,59,155,0,14-3-30 6:47:59,1
FL8X4BP4GU,120.825,32.1983,513336,57,155,0,14-3-30 6:49:59,1
FL8X4BP4GU,120.811,32.2137,513358,62,165,0,14-3-30 6:51:59,1
FL8X4BP4GU,120.802,32.2316,513380,66,165,0,14-3-30 6:53:59,1
FL8X4BP4GU,120.791,32.2493,513403,66,160,0,14-3-30 6:55:59,1
FL8X4BP4GU,120.779,32.2659,513425,62,165,0,14-3-30 6:57:59,1
FL8X4BP4GU,120.771,32.2842,513447,57,170,0,14-3-30 6:59:59,1
FL8X4BP4GU,120.763,32.301,513468,55,165,0,14-3-30 7:1:59,1
FL8X4BP4GU,120.75,32.3162,513490,62,155,0,14-3-30 7:3:59,1
FL8X4BP4GU,120.732,32.3282,513512,62,150,0,14-3-30 7:5:59,1
FL8X4BP4GU,120.712,32.3359,513533,62,140,0,14-3-30 7:7:59,1
FL8X4BP4GU,120.692,32.3445,513555,64,150,0,14-3-30 7:9:59,1
FL8X4BP4GU,120.676,32.3572,513576,61,160,0,14-3-30 7:11:59,1
FL8X4BP4GU,120.66,32.371,513598,64,155,0,14-3-30 7:13:59,1
FL8X4BP4GU,120.644,32.3849,513621,64,160,0,14-3-30 7:15:59,1
FL8X4BP4GU,120.633,32.4019,513643,62,165,0,14-3-30 7:17:59,1
FL8X4BP4GU,120.623,32.4201,513666,66,165,0,14-3-30 7:19:59,1
FL8X4BP4GU,120.609,32.4358,513688,62,160,0,14-3-30 7:21:59,1
FL8X4BP4GU,120.599,32.4531,513710,66,170,0,14-3-30 7:23:59,1
FL8X4BP4GU,120.594,32.4726,513733,64,175,0,14-3-30 7:25:59,1
FL8X4BP4GU,120.588,32.4912,513755,62,165,0,14-3-30 7:27:59,1
FL8X4BP4GU,120.576,32.5082,513778,62,160,0,14-3-30 7:29:59,1
FL8X4BP4GU,120.567,32.526,513800,64,170,0,14-3-30 7:31:59,1
FL8X4BP4GU,120.562,32.5452,513822,64,170,0,14-3-30 7:33:59,1
FL8X4BP4GU,120.553,32.5633,513844,62,165,0,14-3-30 7:35:59,1
FL8X4BP4GU,120.546,32.5823,513867,64,170,0,14-3-30 7:37:59,1
FL8X4BP4GU,120.544,32.602,513890,64,175,0,14-3-30 7:39:59,1
FL8X4BP4GU,120.536,32.6271,513920,64,165,0,14-3-30 7:42:35,1
FL8X4BP4GU,120.523,32.6437,513942,66,160,0,14-3-30 7:44:35,1
FL8X4BP4GU,120.513,32.6607,513965,70,170,0,14-3-30 7:46:35,1
FL8X4BP4GU,120.506,32.6792,513987,61,165,0,14-3-30 7:48:35,1
FL8X4BP4GU,120.496,32.6955,514008,50,160,0,14-3-30 7:50:35,1
FL8X4BP4GU,120.49,32.7051,514020,0,0,0,14-3-30 7:52:26,1
FL8X4BP4GU,120.489,32.7056,514021,14,165,0,14-3-30 7:54:7,1
FL8X4BP4GU,120.485,32.717,514034,57,170,0,14-3-30 7:56:7,1
FL8X4BP4GU,120.478,32.7354,514056,66,165,0,14-3-30 7:58:7,1
FL8X4BP4GU,120.467,32.7533,514080,62,160,0,14-3-30 8:0:7,1
FL8X4BP4GU,120.454,32.7691,514102,66,165,0,14-3-30 8:2:7,1
FL8X4BP4GU,120.447,32.7883,514124,68,170,0,14-3-30 8:4:7,1
FL8X4BP4GU,120.437,32.8066,514148,62,165,0,14-3-30 8:6:6,1
FL8X4BP4GU,120.429,32.8251,514170,66,170,0,14-3-30 8:8:6,1
FL8X4BP4GU,120.426,32.8452,514193,68,175,0,14-3-30 8:10:6,1
FL8X4BP4GU,120.421,32.8648,514216,64,165,0,14-3-30 8:12:6,1
FL8X4BP4GU,120.412,32.8835,514240,64,170,0,14-3-30 8:14:6,1
FL8X4BP4GU,120.407,32.9039,514263,68,175,0,14-3-30 8:16:6,1
FL8X4BP4GU,120.409,32.9242,514287,64,5,0,14-3-30 8:18:6,1
FL8X4BP4GU,120.413,32.9445,514310,70,0,0,14-3-30 8:20:6,1
FL8X4BP4GU,120.412,32.965,514334,64,170,0,14-3-30 8:22:6,1
FL8X4BP4GU,120.407,32.9843,514356,68,175,0,14-3-30 8:24:6,1
FL8X4BP4GU,120.405,33.0049,514380,68,175,0,14-3-30 8:26:6,1
FL8X4BP4GU,120.398,33.0247,514404,66,170,0,14-3-30 8:28:6,1
FL8X4BP4GU,120.395,33.0444,514426,64,175,0,14-3-30 8:30:6,1
FL8X4BP4GU,120.39,33.0633,514449,64,165,0,14-3-30 8:32:6,1
FL8X4BP4GU,120.382,33.0825,514472,70,170,0,14-3-30 8:34:6,1
FL8X4BP4GU,120.381,33.1036,514496,64,175,0,14-3-30 8:36:7,1
FL8X4BP4GU,120.379,33.1237,514519,66,175,0,14-3-30 8:38:7,1
FL8X4BP4GU,120.38,33.1435,514542,62,0,0,14-3-30 8:40:7,1
FL8X4BP4GU,120.379,33.1628,514564,59,170,0,14-3-30 8:42:7,1
FL8X4BP4GU,120.372,33.1803,514585,57,165,0,14-3-30 8:44:7,1
FL8X4BP4GU,120.365,33.1988,514608,68,170,0,14-3-30 8:46:6,1
FL8X4BP4GU,120.361,33.2189,514631,68,175,0,14-3-30 8:48:6,1
FL8X4BP4GU,120.357,33.2388,514654,68,170,0,14-3-30 8:50:6,1
FL8X4BP4GU,120.346,33.2581,514678,70,165,0,14-3-30 8:52:6,1
FL8X4BP4GU,120.337,33.2776,514702,74,170,0,14-3-30 8:54:6,1
FL8X4BP4GU,120.331,33.2986,514727,72,170,0,14-3-30 8:56:6,1
FL8X4BP4GU,120.321,33.3175,514751,68,165,0,14-3-30 8:58:6,1
FL8X4BP4GU,120.314,33.3366,514774,64,165,0,14-3-30 9:0:6,1
FL8X4BP4GU,120.302,33.355,514798,70,160,0,14-3-30 9:2:6,1
FL8X4BP4GU,120.29,33.3729,514821,59,165,0,14-3-30 9:4:6,1
FL8X4BP4GU,120.279,33.3906,514844,70,160,0,14-3-30 9:6:6,1
FL8X4BP4GU,120.268,33.4086,514868,68,165,0,14-3-30 9:8:6,1
FL8X4BP4GU,120.258,33.4275,514891,68,160,0,14-3-30 9:10:6,1
FL8X4BP4GU,120.249,33.4461,514914,66,170,0,14-3-30 9:12:6,1
FL8X4BP4GU,120.242,33.4647,514937,66,170,0,14-3-30 9:14:6,1
FL8X4BP4GU,120.233,33.4833,514960,68,170,0,14-3-30 9:16:6,1
FL8X4BP4GU,120.228,33.5031,514983,61,170,0,14-3-30 9:18:6,1
FL8X4BP4GU,120.226,33.509,514990,0,0,0,14-3-30 9:19:10,1
FL8X4BP4GU,120.226,33.5095,514990,14,170,0,14-3-30 9:20:32,1
FL8X4BP4GU,120.221,33.5214,515004,59,170,0,14-3-30 9:22:32,1
FL8X4BP4GU,120.216,33.5397,515026,64,165,0,14-3-30 9:24:32,1
FL8X4BP4GU,120.206,33.5554,515046,33,165,0,14-3-30 9:26:33,1
FL8X4BP4GU,120.206,33.5562,515047,0,0,0,14-3-30 9:27:6,1
FL8X4BP4GU,120.206,33.5562,515047,0,0,0,14-3-30 9:29:6,1
FL8X4BP4GU,120.205,33.5567,515048,18,160,0,14-3-30 9:30:7,1
FL8X4BP4GU,120.2,33.5676,515061,57,170,0,14-3-30 9:32:7,1
FL8X4BP4GU,120.19,33.584,515082,59,165,0,14-3-30 9:34:7,1
FL8X4BP4GU,120.184,33.6011,515103,57,170,0,14-3-30 9:36:6,1
FL8X4BP4GU,120.177,33.6185,515124,57,170,0,14-3-30 9:38:6,1
FL8X4BP4GU,120.173,33.6364,515145,59,170,0,14-3-30 9:40:6,1
FL8X4BP4GU,120.165,33.6522,515164,59,160,0,14-3-30 9:42:6,1
FL8X4BP4GU,120.152,33.6668,515185,59,160,0,14-3-30 9:44:6,1
FL8X4BP4GU,120.14,33.6822,515206,61,160,0,14-3-30 9:46:6,1
FL8X4BP4GU,120.127,33.6969,515227,57,160,0,14-3-30 9:48:6,1
FL8X4BP4GU,120.115,33.7116,515248,61,165,0,14-3-30 9:50:6,1
FL8X4BP4GU,120.104,33.7278,515269,59,160,0,14-3-30 9:52:6,1
FL8X4BP4GU,120.094,33.7444,515290,61,170,0,14-3-30 9:54:6,1
FL8X4BP4GU,120.088,33.7616,515311,59,170,0,14-3-30 9:56:6,1
FL8X4BP4GU,120.078,33.7777,515332,55,160,0,14-3-30 9:58:6,1
FL8X4BP4GU,120.064,33.7915,515352,61,160,0,14-3-30 10:0:6,1
FL8X4BP4GU,120.053,33.807,515373,59,165,0,14-3-30 10:2:6,1
FL8X4BP4GU,120.043,33.8227,515394,57,160,0,14-3-30 10:4:6,1
FL8X4BP4GU,120.029,33.8376,515415,62,160,0,14-3-30 10:6:6,1
FL8X4BP4GU,120.019,33.854,515436,61,165,0,14-3-30 10:8:6,1
FL8X4BP4GU,120.01,33.8706,515457,61,160,0,14-3-30 10:10:6,1
FL8X4BP4GU,119.997,33.8848,515478,59,160,0,14-3-30 10:12:6,1
FL8X4BP4GU,119.985,33.8996,515498,57,160,0,14-3-30 10:14:6,1
FL8X4BP4GU,119.972,33.9136,515519,59,155,0,14-3-30 10:16:6,1
FL8X4BP4GU,119.956,33.9258,515539,62,160,0,14-3-30 10:18:6,1
FL8X4BP4GU,119.944,33.9415,515561,59,160,0,14-3-30 10:20:6,1
FL8X4BP4GU,119.931,33.9563,515582,59,160,0,14-3-30 10:22:6,1
FL8X4BP4GU,119.919,33.9718,515603,59,165,0,14-3-30 10:24:6,1
FL8X4BP4GU,119.912,33.9861,515620,66,165,0,14-3-30 10:26:6,1
FL8X4BP4GU,119.901,34.0023,515642,61,160,0,14-3-30 10:28:6,1
FL8X4BP4GU,119.888,34.0167,515663,61,160,0,14-3-30 10:30:6,1
FL8X4BP4GU,119.875,34.0321,515684,57,155,0,14-3-30 10:32:6,1
FL8X4BP4GU,119.858,34.0441,515705,59,150,0,14-3-30 10:34:6,1
FL8X4BP4GU,119.842,34.055,515725,57,155,0,14-3-30 10:36:6,1
FL8X4BP4GU,119.826,34.0676,515746,59,150,0,14-3-30 10:38:6,1
FL8X4BP4GU,119.808,34.0775,515767,59,150,0,14-3-30 10:40:6,1
FL8X4BP4GU,119.791,34.0886,515787,59,150,0,14-3-30 10:42:6,1
FL8X4BP4GU,119.772,34.0985,515808,61,155,0,14-3-30 10:44:6,1
FL8X4BP4GU,119.758,34.1127,515830,61,160,0,14-3-30 10:46:6,1
FL8X4BP4GU,119.743,34.1256,515850,59,150,0,14-3-30 10:48:6,1
FL8X4BP4GU,119.727,34.1374,515871,61,155,0,14-3-30 10:50:6,1
FL8X4BP4GU,119.711,34.1498,515892,55,150,0,14-3-30 10:52:8,1
FL8X4BP4GU,119.695,34.161,515911,57,155,0,14-3-30 10:54:8,1
FL8X4BP4GU,119.682,34.1755,515932,59,155,0,14-3-30 10:56:8,1
FL8X4BP4GU,119.668,34.1895,515953,59,160,0,14-3-30 10:58:8,1
FL8X4BP4GU,119.654,34.2041,515974,61,155,0,14-3-30 11:0:8,1
FL8X4BP4GU,119.637,34.2154,515995,55,145,0,14-3-30 11:2:8,1
FL8X4BP4GU,119.619,34.2257,516016,59,155,0,14-3-30 11:4:8,1
FL8X4BP4GU,119.609,34.2354,516031,40,155,0,14-3-30 11:6:7,1
FL8X4BP4GU,119.593,34.249,516052,59,150,0,14-3-30 11:8:7,1
FL8X4BP4GU,119.575,34.2595,516074,64,150,0,14-3-30 11:10:7,1
FL8X4BP4GU,119.557,34.2714,516095,61,155,0,14-3-30 11:12:7,1
FL8X4BP4GU,119.545,34.285,516115,55,160,0,14-3-30 11:14:7,1
FL8X4BP4GU,119.533,34.2991,516134,61,160,0,14-3-30 11:16:7,1
FL8X4BP4GU,119.517,34.3137,516157,62,150,0,14-3-30 11:18:7,1
FL8X4BP4GU,119.498,34.3229,516178,62,145,0,14-3-30 11:20:7,1
FL8X4BP4GU,119.478,34.331,516199,62,150,0,14-3-30 11:22:7,1
FL8X4BP4GU,119.458,34.3394,516221,64,145,0,14-3-30 11:24:7,1
FL8X4BP4GU,119.437,34.3483,516243,62,145,0,14-3-30 11:26:7,1
FL8X4BP4GU,119.416,34.3557,516264,59,145,0,14-3-30 11:28:7,1
FL8X4BP4GU,119.396,34.3634,516286,57,140,0,14-3-30 11:30:7,1
FL8X4BP4GU,119.376,34.3724,516307,61,150,0,14-3-30 11:32:7,1
FL8X4BP4GU,119.356,34.3813,516329,61,145,0,14-3-30 11:34:7,1
FL8X4BP4GU,119.335,34.3899,516351,64,145,0,14-3-30 11:36:7,1
FL8X4BP4GU,119.315,34.3999,516373,61,145,0,14-3-30 11:38:7,1
FL8X4BP4GU,119.294,34.4068,516394,59,140,0,14-3-30 11:40:7,1
FL8X4BP4GU,119.274,34.4125,516414,61,145,0,14-3-30 11:42:7,1
FL8X4BP4GU,119.254,34.4171,516434,64,135,0,14-3-30 11:44:7,1
FL8X4BP4GU,119.233,34.423,516455,61,145,0,14-3-30 11:46:7,1
FL8X4BP4GU,119.213,34.4331,516477,62,145,0,14-3-30 11:48:7,1
FL8X4BP4GU,119.192,34.4413,516499,62,145,0,14-3-30 11:50:7,1
FL8X4BP4GU,119.173,34.4527,516522,62,155,0,14-3-30 11:52:7,1
FL8X4BP4GU,119.157,34.4669,516544,61,160,0,14-3-30 11:54:7,1
FL8X4BP4GU,119.144,34.4823,516565,57,155,0,14-3-30 11:56:7,1
FL8X4BP4GU,119.126,34.4946,516587,62,150,0,14-3-30 11:58:7,1
FL8X4BP4GU,119.109,34.5064,516609,57,155,0,14-3-30 12:0:7,1
FL8X4BP4GU,119.097,34.5221,516630,59,165,0,14-3-30 12:2:7,1
FL8X4BP4GU,119.088,34.5396,516652,66,170,0,14-3-30 12:4:7,1
FL8X4BP4GU,119.084,34.5581,516673,66,175,0,14-3-30 12:6:8,1
FL8X4BP4GU,119.085,34.5777,516696,62,175,0,14-3-30 12:8:8,1
FL8X4BP4GU,119.082,34.5961,516717,68,175,0,14-3-30 12:10:8,1
FL8X4BP4GU,119.082,34.6157,516739,62,175,0,14-3-30 12:12:8,1
FL8X4BP4GU,119.079,34.635,516761,61,175,0,14-3-30 12:14:8,1
FL8X4BP4GU,119.082,34.6537,516783,61,0,0,14-3-30 12:16:7,1
FL8X4BP4GU,119.083,34.6735,516806,61,0,0,14-3-30 12:18:7,1
FL8X4BP4GU,119.083,34.6931,516828,62,0,0,14-3-30 12:20:7,1
FL8X4BP4GU,119.082,34.7127,516850,62,175,0,14-3-30 12:22:7,1
FL8X4BP4GU,119.082,34.7318,516872,62,0,0,14-3-30 12:24:7,1
FL8X4BP4GU,119.082,34.7518,516895,64,0,0,14-3-30 12:26:9,1
FL8X4BP4GU,119.084,34.7714,516918,59,15,0,14-3-30 12:28:9,1
FL8X4BP4GU,119.068,34.7772,516937,61,140,0,14-3-30 12:30:9,1
FL8X4BP4GU,119.048,34.7857,516958,57,150,0,14-3-30 12:32:9,1
FL8X4BP4GU,119.03,34.7966,516980,61,150,0,14-3-30 12:34:9,1
FL8X4BP4GU,119.011,34.8053,517000,53,145,0,14-3-30 12:36:9,1
FL8X4BP4GU,118.99,34.81,517021,57,140,0,14-3-30 12:38:9,1
FL8X4BP4GU,118.97,34.8165,517041,57,145,0,14-3-30 12:40:9,1
FL8X4BP4GU,118.95,34.8233,517062,57,140,0,14-3-30 12:42:9,1
FL8X4BP4GU,118.93,34.8298,517082,55,145,0,14-3-30 12:44:9,1
FL8X4BP4GU,118.911,34.8384,517102,57,145,0,14-3-30 12:46:9,1
FL8X4BP4GU,118.892,34.8443,517122,55,145,0,14-3-30 12:48:9,1
FL8X4BP4GU,118.874,34.8536,517141,57,150,0,14-3-30 12:50:9,1
FL8X4BP4GU,118.855,34.8597,517161,53,140,0,14-3-30 12:52:9,1
FL8X4BP4GU,118.833,34.8621,517182,61,140,0,14-3-30 12:54:9,1
FL8X4BP4GU,118.814,34.8685,517202,53,145,0,14-3-30 12:56:9,1
FL8X4BP4GU,118.798,34.8777,517220,24,145,0,14-3-30 12:58:9,1
FL8X4BP4GU,118.797,34.8779,517220,3,150,0,14-3-30 12:58:30,1
FL8X4BP4GU,118.796,34.8784,517221,0,0,0,14-3-30 13:0:30,1
FL8X4BP4GU,118.796,34.8785,517221,16,140,0,14-3-30 13:1:40,1
FL8X4BP4GU,118.772,34.8885,517246,57,155,0,14-3-30 13:4:56,1
FL8X4BP4GU,118.759,34.9025,517267,64,155,0,14-3-30 13:6:56,1
FL8X4BP4GU,118.742,34.9143,517287,59,155,0,14-3-30 13:8:56,1
FL8X4BP4GU,118.734,34.9293,517307,61,175,0,14-3-30 13:10:56,1
FL8X4BP4GU,118.736,34.9453,517325,37,0,0,14-3-30 13:12:56,1
FL8X4BP4GU,118.738,34.9575,517339,42,0,0,14-3-30 13:14:56,1
FL8X4BP4GU,118.738,34.9697,517353,31,175,0,14-3-30 13:16:56,1
FL8X4BP4GU,118.736,34.9775,517362,25,165,0,14-3-30 13:18:56,1
FL8X4BP4GU,118.726,34.9902,517379,72,155,0,14-3-30 13:20:56,1
FL8X4BP4GU,118.712,35.0061,517402,62,165,0,14-3-30 13:22:56,1
FL8X4BP4GU,118.701,35.0179,517419,50,155,0,14-3-30 13:24:56,1
FL8X4BP4GU,118.684,35.0309,517441,62,155,0,14-3-30 13:26:56,1
FL8X4BP4GU,118.667,35.0442,517462,55,155,0,14-3-30 13:28:56,1
FL8X4BP4GU,118.654,35.0576,517482,57,160,0,14-3-30 13:30:56,1
FL8X4BP4GU,118.639,35.0721,517504,75,160,0,14-3-30 13:32:56,1
FL8X4BP4GU,118.63,35.088,517524,11,15,0,14-3-30 13:34:56,1
FL8X4BP4GU,118.63,35.0881,517524,1,140,0,14-3-30 13:35:13,1
FL8X4BP4GU,118.629,35.0882,517525,3,160,0,14-3-30 13:37:13,1
FL8X4BP4GU,118.629,35.0893,517526,0,60,0,14-3-30 13:39:13,1
FL8X4BP4GU,118.629,35.0891,517526,0,0,0,14-3-30 13:41:13,1
FL8X4BP4GU,118.629,35.0891,517526,0,0,0,14-3-30 13:41:59,1
FL8X4BP4GU,118.629,35.0891,517526,0,0,0,14-3-30 14:31:52,1
FL8X4BP4GU,118.629,35.0891,517526,0,0,0,14-3-30 14:32:17,1
FL8X4BP4GU,118.629,35.089,517526,0,0,0,14-3-30 14:32:33,1
FL8X4BP4GU,118.629,35.0892,517526,3,155,0,14-3-30 14:34:33,1
FL8X4BP4GU,118.628,35.0893,517526,0,0,0,14-3-30 14:36:33,1
FL8X4BP4GU,118.628,35.0893,517526,0,0,0,14-3-30 14:38:33,1
FL8X4BP4GU,118.628,35.0893,517526,0,0,0,14-3-30 14:40:33,1
FL8X4BP4GU,118.628,35.0894,517526,0,0,0,14-3-30 14:41:49,1
FL8X4BP4GU,118.628,35.0894,517526,0,0,0,14-3-30 14:43:55,1
FL8X4BP4GU,118.628,35.0893,517526,0,0,0,14-3-30 14:44:11,1
FL8X4BP4GU,118.628,35.0896,517527,9,160,0,14-3-30 14:46:11,1
FL8X4BP4GU,118.627,35.0903,517528,12,155,0,14-3-30 14:46:42,1
FL8X4BP4GU,118.619,35.0991,517540,46,160,0,14-3-30 14:48:42,1
FL8X4BP4GU,118.609,35.1115,517557,61,160,0,14-3-30 14:50:42,1
FL8X4BP4GU,118.604,35.1276,517577,59,0,0,14-3-30 14:52:42,1
FL8X4BP4GU,118.611,35.1438,517596,55,10,0,14-3-30 14:54:42,1
FL8X4BP4GU,118.616,35.1608,517617,59,175,0,14-3-30 14:56:42,1
FL8X4BP4GU,118.612,35.1777,517636,61,175,0,14-3-30 14:58:42,1
FL8X4BP4GU,118.616,35.1953,517657,61,5,0,14-3-30 15:0:42,1
FL8X4BP4GU,118.621,35.2136,517678,55,0,0,14-3-30 15:2:42,1
FL8X4BP4GU,118.624,35.2315,517699,59,0,0,14-3-30 15:4:41,1
FL8X4BP4GU,118.623,35.2506,517721,59,175,0,14-3-30 15:6:41,1
FL8X4BP4GU,118.622,35.27,517743,66,0,0,14-3-30 15:8:41,1
FL8X4BP4GU,118.625,35.2889,517765,61,0,0,14-3-30 15:10:41,1
FL8X4BP4GU,118.624,35.3032,517781,61,170,0,14-3-30 15:12:41,1
FL8X4BP4GU,118.622,35.3223,517803,61,0,0,14-3-30 15:14:42,1
FL8X4BP4GU,118.629,35.3393,517824,62,10,0,14-3-30 15:16:42,1
FL8X4BP4GU,118.632,35.3582,517846,57,175,0,14-3-30 15:18:42,1
FL8X4BP4GU,118.626,35.3758,517867,48,170,0,14-3-30 15:20:42,1
FL8X4BP4GU,118.624,35.3931,517887,64,0,0,14-3-30 15:22:42,1
FL8X4BP4GU,118.627,35.4112,517908,61,0,0,14-3-30 15:24:41,1
FL8X4BP4GU,118.633,35.4273,517927,46,5,0,14-3-30 15:26:41,1
FL8X4BP4GU,118.638,35.4408,517943,50,5,0,14-3-30 15:28:41,1
FL8X4BP4GU,118.642,35.4608,517966,72,0,0,14-3-30 15:30:41,1
FL8X4BP4GU,118.64,35.4769,517985,44,175,0,14-3-30 15:32:41,1
FL8X4BP4GU,118.64,35.4922,518002,64,5,0,14-3-30 15:34:42,1
FL8X4BP4GU,118.647,35.5103,518024,55,0,0,14-3-30 15:36:42,1
FL8X4BP4GU,118.649,35.5278,518044,64,5,0,14-3-30 15:38:43,1
FL8X4BP4GU,118.659,35.5452,518067,57,5,0,14-3-30 15:40:43,1
FL8X4BP4GU,118.659,35.5629,518087,64,170,0,14-3-30 15:42:43,1
FL8X4BP4GU,118.66,35.5824,518110,61,5,0,14-3-30 15:44:43,1
FL8X4BP4GU,118.664,35.5992,518129,51,5,0,14-3-30 15:46:43,1
FL8X4BP4GU,118.671,35.6144,518148,57,15,0,14-3-30 15:48:43,1
FL8X4BP4GU,118.682,35.629,518168,40,10,0,14-3-30 15:50:43,1
FL8X4BP4GU,118.69,35.6455,518188,64,5,0,14-3-30 15:52:43,1
FL8X4BP4GU,118.692,35.6627,518208,55,0,0,14-3-30 15:54:43,1
FL8X4BP4GU,118.693,35.6845,518233,66,0,0,14-3-30 15:56:43,1
FL8X4BP4GU,118.697,35.7035,518254,55,0,0,14-3-30 15:58:43,1
FL8X4BP4GU,118.695,35.7181,518271,33,170,0,14-3-30 16:0:43,1
FL8X4BP4GU,118.69,35.73,518285,59,165,0,14-3-30 16:2:43,1
FL8X4BP4GU,118.684,35.747,518306,40,170,0,14-3-30 16:4:42,1
FL8X4BP4GU,118.68,35.755,518315,27,165,0,14-3-30 16:6:42,1
FL8X4BP4GU,118.671,35.766,518330,53,160,0,14-3-30 16:8:42,1
FL8X4BP4GU,118.666,35.7872,518356,74,5,0,14-3-30 16:10:42,1
FL8X4BP4GU,118.671,35.8002,518372,35,5,0,14-3-30 16:12:42,1
FL8X4BP4GU,118.679,35.8157,518391,72,10,0,14-3-30 16:14:42,1
FL8X4BP4GU,118.683,35.8268,518404,25,0,0,14-3-30 16:16:42,1
FL8X4BP4GU,118.682,35.8399,518419,72,175,0,14-3-30 16:18:42,1
FL8X4BP4GU,118.684,35.8553,518437,27,0,0,14-3-30 16:20:42,1
FL8X4BP4GU,118.687,35.8645,518447,38,10,0,14-3-30 16:22:42,1
FL8X4BP4GU,118.693,35.8801,518466,72,10,0,14-3-30 16:24:42,1
FL8X4BP4GU,118.704,35.8969,518488,40,5,0,14-3-30 16:26:42,1
FL8X4BP4GU,118.709,35.9112,518505,61,15,0,14-3-30 16:28:42,1
FL8X4BP4GU,118.721,35.9309,518531,66,0,0,14-3-30 16:30:42,1
FL8X4BP4GU,118.723,35.9493,518552,53,0,0,14-3-30 16:32:42,1
FL8X4BP4GU,118.727,35.963,518568,31,0,0,14-3-30 16:34:42,1
FL8X4BP4GU,118.725,35.9723,518578,50,165,0,14-3-30 16:36:42,1
FL8X4BP4GU,118.721,35.9891,518598,59,0,0,14-3-30 16:38:42,1
FL8X4BP4GU,118.72,36.0069,518619,62,170,0,14-3-30 16:40:42,1
FL8X4BP4GU,118.721,36.0233,518638,48,5,0,14-3-30 16:42:42,1
FL8X4BP4GU,118.724,36.0369,518654,46,175,0,14-3-30 16:44:42,1
FL8X4BP4GU,118.721,36.0536,518673,68,0,0,14-3-30 16:46:42,1
FL8X4BP4GU,118.721,36.0671,518688,24,170,0,14-3-30 16:48:42,1
FL8X4BP4GU,118.717,36.0742,518697,27,165,0,14-3-30 16:50:42,1
FL8X4BP4GU,118.714,36.0912,518717,75,0,0,14-3-30 16:52:42,1
FL8X4BP4GU,118.717,36.1065,518734,44,0,0,14-3-30 16:54:42,1
FL8X4BP4GU,118.718,36.1179,518747,24,175,0,14-3-30 16:56:42,1
FL8X4BP4GU,118.714,36.127,518758,51,165,0,14-3-30 16:58:42,1
FL8X4BP4GU,118.712,36.1435,518777,44,5,0,14-3-30 17:0:42,1
FL8X4BP4GU,118.712,36.1457,518780,0,5,0,14-3-30 17:1:18,0
FL8X4BP4GU,118.714,36.153,518788,55,0,0,14-3-30 17:2:4,1
FL8X4BP4GU,118.713,36.1717,518810,62,175,0,14-3-30 17:4:4,1
FL8X4BP4GU,118.712,36.1904,518831,51,0,0,14-3-30 17:6:4,1
FL8X4BP4GU,118.708,36.2094,518853,77,170,0,14-3-30 17:8:4,1
FL8X4BP4GU,118.709,36.2286,518876,66,5,0,14-3-30 17:10:4,1
FL8X4BP4GU,118.712,36.2503,518901,61,5,0,14-3-30 17:12:4,1
FL8X4BP4GU,118.716,36.2707,518924,74,0,0,14-3-30 17:14:4,1
FL8X4BP4GU,118.711,36.2899,518947,66,165,0,14-3-30 17:16:4,1
FL8X4BP4GU,118.701,36.3109,518973,55,170,0,14-3-30 17:18:4,1
FL8X4BP4GU,118.688,36.3257,518994,66,155,0,14-3-30 17:20:4,1
FL8X4BP4GU,118.671,36.3399,519016,55,155,0,14-3-30 17:22:4,1
FL8X4BP4GU,118.661,36.3482,519029,37,160,0,14-3-30 17:24:4,1
FL8X4BP4GU,118.649,36.3652,519052,88,160,0,14-3-30 17:26:4,1
FL8X4BP4GU,118.636,36.3844,519077,42,175,0,14-3-30 17:28:4,1
FL8X4BP4GU,118.637,36.4017,519097,66,0,0,14-3-30 17:30:4,1
FL8X4BP4GU,118.634,36.4223,519121,70,175,0,14-3-30 17:32:4,1
FL8X4BP4GU,118.636,36.4419,519143,53,0,0,14-3-30 17:34:4,1
FL8X4BP4GU,118.635,36.4598,519164,62,175,0,14-3-30 17:36:4,1
FL8X4BP4GU,118.632,36.4811,519189,72,170,0,14-3-30 17:38:4,1
FL8X4BP4GU,118.624,36.4986,519210,62,170,0,14-3-30 17:40:4,1
FL8X4BP4GU,118.62,36.5202,519235,79,0,0,14-3-30 17:42:4,1
FL8X4BP4GU,118.622,36.535,519252,24,0,0,14-3-30 17:44:4,1
FL8X4BP4GU,118.623,36.5446,519263,50,175,0,14-3-30 17:46:3,1
FL8X4BP4GU,118.62,36.5602,519281,66,170,0,14-3-30 17:48:3,1
FL8X4BP4GU,118.613,36.5826,519308,83,170,0,14-3-30 17:50:3,1
FL8X4BP4GU,118.605,36.6003,519329,70,160,0,14-3-30 17:51:43,1
FL8X4BP4GU,118.593,36.6193,519354,72,170,0,14-3-30 17:53:43,1
FL8X4BP4GU,118.591,36.64,519378,66,0,0,14-3-30 17:55:43,1
FL8X4BP4GU,118.594,36.6601,519402,66,0,0,14-3-30 17:57:43,1
FL8X4BP4GU,118.589,36.6796,519425,64,165,0,14-3-30 17:59:43,1
FL8X4BP4GU,118.582,36.6977,519447,57,170,0,14-3-30 18:1:43,1
FL8X4BP4GU,118.57,36.7164,519471,68,165,0,14-3-30 18:3:43,1
FL8X4BP4GU,118.558,36.7342,519494,64,165,0,14-3-30 18:5:43,1
FL8X4BP4GU,118.553,36.7467,519509,0,0,0,14-3-30 18:7:44,1
FL8X4BP4GU,118.553,36.7467,519509,0,0,0,14-3-30 18:8:3,1
FL8X4BP4GU,118.553,36.7467,519509,0,0,0,14-3-30 18:46:32,1
FL8X4BP4GU,118.553,36.7467,519509,0,0,0,14-3-30 18:46:49,1
FL8X4BP4GU,118.553,36.7467,519509,0,0,0,14-3-30 18:48:49,1
FL8X4BP4GU,118.553,36.7467,519509,0,0,0,14-3-30 18:50:49,1
FL8X4BP4GU,118.553,36.7467,519509,0,0,0,14-3-30 18:52:49,1
FL8X4BP4GU,118.553,36.7467,519509,0,0,0,14-3-30 18:54:49,1
FL8X4BP4GU,118.552,36.7473,519510,12,160,0,14-3-30 18:56:39,1
FL8X4BP4GU,118.547,36.756,519521,57,165,0,14-3-30 18:58:39,1
FL8X4BP4GU,118.539,36.7732,519542,61,170,0,14-3-30 19:0:39,1
FL8X4BP4GU,118.538,36.7918,519563,59,0,0,14-3-30 19:2:39,1
FL8X4BP4GU,118.54,36.8106,519585,62,0,0,14-3-30 19:4:39,1
FL8X4BP4GU,118.542,36.8297,519607,62,175,0,14-3-30 19:6:39,1
FL8X4BP4GU,118.541,36.8485,519628,62,0,0,14-3-30 19:8:38,1
FL8X4BP4GU,118.542,36.8675,519650,61,175,0,14-3-30 19:10:38,1
FL8X4BP4GU,118.54,36.8864,519672,62,0,0,14-3-30 19:12:38,1
FL8X4BP4GU,118.539,36.9057,519694,62,175,0,14-3-30 19:14:38,1
FL8X4BP4GU,118.539,36.9248,519716,62,0,0,14-3-30 19:16:38,1
FL8X4BP4GU,118.539,36.9436,519738,62,175,0,14-3-30 19:18:38,1
FL8X4BP4GU,118.533,36.9621,519759,64,170,0,14-3-30 19:20:38,1
FL8X4BP4GU,118.532,36.9813,519781,66,0,0,14-3-30 19:22:38,1
FL8X4BP4GU,118.537,37.0006,519804,62,5,0,14-3-30 19:24:38,1
FL8X4BP4GU,118.539,37.0193,519825,64,175,0,14-3-30 19:26:38,1
FL8X4BP4GU,118.534,37.0383,519848,66,170,0,14-3-30 19:28:38,1
FL8X4BP4GU,118.533,37.0573,519869,61,0,0,14-3-30 19:30:38,1
FL8X4BP4GU,118.535,37.0763,519891,59,0,0,14-3-30 19:32:38,1
FL8X4BP4GU,118.537,37.0955,519913,64,0,0,14-3-30 19:34:38,1
FL8X4BP4GU,118.54,37.1144,519935,62,0,0,14-3-30 19:36:38,1
FL8X4BP4GU,118.542,37.1333,519957,64,0,0,14-3-30 19:38:38,1
FL8X4BP4GU,118.545,37.1526,519979,61,0,0,14-3-30 19:40:38,1
FL8X4BP4GU,118.548,37.1716,520001,64,5,0,14-3-30 19:42:38,1
FL8X4BP4GU,118.558,37.189,520022,62,15,0,14-3-30 19:44:38,1
FL8X4BP4GU,118.57,37.2058,520045,66,10,0,14-3-30 19:46:38,1
FL8X4BP4GU,118.581,37.223,520067,62,10,0,14-3-30 19:48:38,1
FL8X4BP4GU,118.586,37.2418,520089,59,175,0,14-3-30 19:50:38,1
FL8X4BP4GU,118.586,37.2606,520110,62,0,0,14-3-30 19:52:38,1
FL8X4BP4GU,118.589,37.2796,520132,62,0,0,14-3-30 19:54:38,1
FL8X4BP4GU,118.586,37.2991,520154,62,175,0,14-3-30 19:56:38,1
FL8X4BP4GU,118.587,37.3184,520176,62,5,0,14-3-30 19:58:38,1
FL8X4BP4GU,118.589,37.3373,520198,64,175,0,14-3-30 20:0:38,1
FL8X4BP4GU,118.593,37.3573,520221,66,5,0,14-3-30 20:2:38,1
FL8X4BP4GU,118.595,37.3764,520243,62,0,0,14-3-30 20:4:38,1
FL8X4BP4GU,118.598,37.3956,520265,59,5,0,14-3-30 20:6:38,1
FL8X4BP4GU,118.597,37.4144,520287,61,175,0,14-3-30 20:8:38,1
FL8X4BP4GU,118.597,37.4335,520309,64,0,0,14-3-30 20:10:38,1
FL8X4BP4GU,118.594,37.4522,520330,61,175,0,14-3-30 20:12:38,1
FL8X4BP4GU,118.592,37.4713,520352,62,0,0,14-3-30 20:14:38,1
FL8X4BP4GU,118.59,37.4906,520375,61,170,0,14-3-30 20:16:38,1
FL8X4BP4GU,118.586,37.5094,520396,61,175,0,14-3-30 20:18:38,1
FL8X4BP4GU,118.588,37.5286,520419,64,5,0,14-3-30 20:20:38,1
FL8X4BP4GU,118.597,37.5462,520440,61,10,0,14-3-30 20:22:38,1
FL8X4BP4GU,118.602,37.565,520462,62,0,0,14-3-30 20:24:38,1
FL8X4BP4GU,118.602,37.5841,520484,59,175,0,14-3-30 20:26:38,1
FL8X4BP4GU,118.6,37.6017,520504,61,175,0,14-3-30 20:28:38,1
FL8X4BP4GU,118.589,37.6282,520537,51,160,0,14-3-30 20:31:40,1
FL8X4BP4GU,118.579,37.6387,520552,64,160,0,14-3-30 20:33:40,1
FL8X4BP4GU,118.563,37.6552,520575,70,160,0,14-3-30 20:35:40,1
FL8X4BP4GU,118.55,37.6698,520596,55,160,0,14-3-30 20:37:39,1
FL8X4BP4GU,118.535,37.6852,520618,62,155,0,14-3-30 20:39:39,1
FL8X4BP4GU,118.517,37.697,520640,59,150,0,14-3-30 20:41:39,1
FL8X4BP4GU,118.496,37.7057,520661,61,145,0,14-3-30 20:43:39,1
FL8X4BP4GU,118.473,37.7107,520683,59,140,0,14-3-30 20:45:39,1
FL8X4BP4GU,118.449,37.7122,520704,61,130,0,14-3-30 20:47:39,1
FL8X4BP4GU,118.426,37.7094,520725,61,125,0,14-3-30 20:49:39,1
FL8X4BP4GU,118.403,37.707,520747,62,130,0,14-3-30 20:51:39,1
FL8X4BP4GU,118.379,37.708,520768,61,135,0,14-3-30 20:53:39,1
FL8X4BP4GU,118.356,37.7088,520790,62,130,0,14-3-30 20:55:39,1
FL8X4BP4GU,118.331,37.7083,520812,61,135,0,14-3-30 20:57:39,1
FL8X4BP4GU,118.288,37.7146,520852,64,135,0,14-3-30 21:1:19,1
FL8X4BP4GU,118.263,37.7143,520875,61,130,0,14-3-30 21:3:19,1
FL8X4BP4GU,118.239,37.7163,520897,64,140,0,14-3-30 21:5:19,1
FL8X4BP4GU,118.215,37.7212,520919,64,140,0,14-3-30 21:7:20,1
FL8X4BP4GU,118.192,37.727,520941,62,145,0,14-3-30 21:9:20,1
FL8X4BP4GU,118.17,37.7348,520963,64,140,0,14-3-30 21:11:20,1
FL8X4BP4GU,118.146,37.7379,520985,64,130,0,14-3-30 21:13:20,1
FL8X4BP4GU,118.122,37.7349,521007,61,125,0,14-3-30 21:15:20,1
FL8X4BP4GU,118.099,37.7322,521029,66,130,0,14-3-30 21:17:20,1
FL8X4BP4GU,118.074,37.7321,521051,59,130,0,14-3-30 21:19:20,1
FL8X4BP4GU,118.051,37.73,521072,64,130,0,14-3-30 21:21:20,1
FL8X4BP4GU,118.027,37.7276,521094,62,130,0,14-3-30 21:23:20,1
FL8X4BP4GU,118.003,37.7284,521116,62,135,0,14-3-30 21:25:20,1
FL8X4BP4GU,117.979,37.7324,521137,61,140,0,14-3-30 21:27:19,1
FL8X4BP4GU,117.955,37.7342,521160,64,130,0,14-3-30 21:29:19,1
FL8X4BP4GU,117.931,37.7329,521182,64,130,0,14-3-30 21:31:19,1
FL8X4BP4GU,117.906,37.7339,521204,64,135,0,14-3-30 21:33:19,1
FL8X4BP4GU,117.882,37.7372,521226,66,135,0,14-3-30 21:35:19,1
FL8X4BP4GU,117.859,37.7394,521248,62,130,0,14-3-30 21:37:20,1
FL8X4BP4GU,117.835,37.7361,521269,62,125,0,14-3-30 21:39:20,1
FL8X4BP4GU,117.813,37.7317,521291,59,150,0,14-3-30 21:41:20,1
FL8X4BP4GU,117.8,37.7475,521312,62,160,0,14-3-30 21:43:20,1
FL8X4BP4GU,117.785,37.7634,521335,64,160,0,14-3-30 21:45:20,1
FL8X4BP4GU,117.772,37.78,521358,64,165,0,14-3-30 21:47:19,1
FL8X4BP4GU,117.762,37.7974,521380,61,165,0,14-3-30 21:49:19,1
FL8X4BP4GU,117.751,37.8143,521401,62,160,0,14-3-30 21:51:19,1
FL8X4BP4GU,117.736,37.8295,521423,66,160,0,14-3-30 21:53:19,1
FL8X4BP4GU,117.721,37.8441,521445,62,160,0,14-3-30 21:55:19,1
FL8X4BP4GU,117.707,37.8595,521466,62,160,0,14-3-30 21:57:19,1
FL8X4BP4GU,117.694,37.875,521488,62,160,0,14-3-30 21:59:19,1
FL8X4BP4GU,117.679,37.8887,521509,64,155,0,14-3-30 22:1:19,1
FL8X4BP4GU,117.662,37.9019,521530,59,155,0,14-3-30 22:3:19,1
FL8X4BP4GU,117.647,37.9162,521551,61,160,0,14-3-30 22:5:19,1
FL8X4BP4GU,117.633,37.932,521574,59,160,0,14-3-30 22:7:19,1
FL8X4BP4GU,117.618,37.9473,521596,66,160,0,14-3-30 22:9:19,1
FL8X4BP4GU,117.608,37.965,521618,62,165,0,14-3-30 22:11:19,1
FL8X4BP4GU,117.599,37.9831,521640,64,170,0,14-3-30 22:13:19,1
FL8X4BP4GU,117.594,38.0024,521663,61,170,0,14-3-30 22:15:19,1
FL8X4BP4GU,117.585,38.0205,521685,61,165,0,14-3-30 22:17:19,1
FL8X4BP4GU,117.582,38.0265,521692,0,0,0,14-3-30 22:18:47,1
FL8X4BP4GU,117.581,38.0273,521693,3,165,0,14-3-30 22:20:47,1
FL8X4BP4GU,117.581,38.0277,521693,0,0,0,14-3-30 22:22:47,1
FL8X4BP4GU,117.581,38.0286,521694,0,0,0,14-3-30 22:24:47,1
FL8X4BP4GU,117.581,38.0287,521694,0,0,0,14-3-30 22:26:47,1
FL8X4BP4GU,117.58,38.029,521694,0,0,0,14-3-30 22:28:47,1
FL8X4BP4GU,117.58,38.0293,521694,3,165,0,14-3-30 22:30:47,1
FL8X4BP4GU,117.58,38.0296,521695,0,0,0,14-3-30 22:32:47,1
FL8X4BP4GU,117.58,38.03,521695,3,170,0,14-3-30 22:34:47,1
FL8X4BP4GU,117.58,38.0303,521695,5,170,0,14-3-30 22:36:47,1
FL8X4BP4GU,117.58,38.0307,521695,0,0,0,14-3-30 22:38:47,1
FL8X4BP4GU,117.58,38.0311,521696,1,0,0,14-3-30 22:40:47,1
FL8X4BP4GU,117.579,38.0318,521696,0,0,0,14-3-30 22:42:47,1
FL8X4BP4GU,117.579,38.0318,521696,0,0,0,14-3-30 22:44:47,1
FL8X4BP4GU,117.579,38.0323,521697,11,170,0,14-3-30 22:45:31,1
FL8X4BP4GU,117.576,38.0425,521708,51,170,0,14-3-30 22:47:31,1
FL8X4BP4GU,117.567,38.0584,521728,64,165,0,14-3-30 22:49:31,1
FL8X4BP4GU,117.536,38.0814,521768,61,145,0,14-3-30 22:52:55,1
FL8X4BP4GU,117.515,38.0906,521789,68,150,0,14-3-30 22:54:55,1
FL8X4BP4GU,117.497,38.1032,521811,62,150,0,14-3-30 22:56:55,1
FL8X4BP4GU,117.475,38.1136,521834,66,150,0,14-3-30 22:58:55,1
FL8X4BP4GU,117.457,38.1271,521857,64,160,0,14-3-30 23:0:55,1
FL8X4BP4GU,117.444,38.1434,521879,68,165,0,14-3-30 23:2:55,1
FL8X4BP4GU,117.436,38.1629,521902,66,170,0,14-3-30 23:4:55,1
FL8X4BP4GU,117.427,38.181,521925,64,160,0,14-3-30 23:6:55,1
FL8X4BP4GU,117.412,38.1959,521947,61,160,0,14-3-30 23:8:55,1
FL8X4BP4GU,117.4,38.2132,521969,66,170,0,14-3-30 23:10:55,1
FL8X4BP4GU,117.392,38.2324,521993,62,165,0,14-3-30 23:12:55,1
FL8X4BP4GU,117.381,38.2504,522016,64,165,0,14-3-30 23:14:55,1
FL8X4BP4GU,117.379,38.2696,522038,64,5,0,14-3-30 23:16:55,1
FL8X4BP4GU,117.387,38.2882,522060,66,5,0,14-3-30 23:18:55,1
FL8X4BP4GU,117.389,38.3078,522083,70,0,0,14-3-30 23:20:55,1
FL8X4BP4GU,117.387,38.3285,522106,66,175,0,14-3-30 23:22:55,1
FL8X4BP4GU,117.386,38.3485,522129,59,0,0,14-3-30 23:24:55,1
FL8X4BP4GU,117.387,38.368,522152,68,175,0,14-3-30 23:26:55,1
FL8X4BP4GU,117.382,38.3884,522176,70,165,0,14-3-30 23:28:55,1
FL8X4BP4GU,117.368,38.4057,522199,72,155,0,14-3-30 23:30:55,1
FL8X4BP4GU,117.348,38.4186,522223,64,155,0,14-3-30 23:32:55,1
FL8X4BP4GU,117.332,38.4353,522247,68,165,0,14-3-30 23:34:55,1
FL8X4BP4GU,117.325,38.4558,522271,68,175,0,14-3-30 23:36:55,1
FL8X4BP4GU,117.321,38.4763,522295,66,170,0,14-3-30 23:38:55,1
FL8X4BP4GU,117.31,38.4947,522318,68,160,0,14-3-30 23:40:55,1
FL8X4BP4GU,117.295,38.5109,522341,64,165,0,14-3-30 23:42:55,1
FL8X4BP4GU,117.285,38.5299,522365,68,165,0,14-3-30 23:44:55,1
FL8X4BP4GU,117.274,38.546,522386,37,165,0,14-3-30 23:46:55,1
FL8X4BP4GU,117.272,38.548,522388,0,0,0,14-3-30 23:48:9,1
FL8X4BP4GU,117.272,38.5486,522389,16,160,0,14-3-30 23:49:48,1
FL8X4BP4GU,117.271,38.5491,522390,0,0,0,14-3-30 23:50:21,1
FL8X4BP4GU,117.271,38.5491,522390,0,0,0,14-3-30 23:52:21,1
FL8X4BP4GU,117.271,38.5491,522390,0,0,0,14-3-30 23:54:21,1
FL8X4BP4GU,117.271,38.5491,522390,0,0,0,14-3-30 23:56:21,1
FL8X4BP4GU,117.271,38.5495,522390,16,155,0,14-3-30 23:57:14,1
FL8X4BP4GU,117.261,38.5607,522406,59,160,0,14-3-30 23:59:14,1
FL8X4BP4GU,117.248,38.5774,522428,64,165,0,14-3-31 0:1:14,1
FL8X4BP4GU,117.243,38.5887,522442,70,170,0,14-3-31 0:2:24,1
FL8X4BP4GU,117.234,38.6087,522466,68,170,0,14-3-31 0:4:24,1
FL8X4BP4GU,117.225,38.6279,522490,70,170,0,14-3-31 0:6:24,1
FL8X4BP4GU,117.22,38.6482,522513,70,175,0,14-3-31 0:8:24,1
FL8X4BP4GU,117.217,38.6673,522536,64,175,0,14-3-31 0:10:24,1
FL8X4BP4GU,117.211,38.686,522557,66,170,0,14-3-31 0:12:24,1
FL8X4BP4GU,117.205,38.703,522578,66,165,0,14-3-31 0:14:13,1
FL8X4BP4GU,117.195,38.7213,522601,68,165,0,14-3-31 0:16:13,1
FL8X4BP4GU,117.187,38.7405,522624,59,170,0,14-3-31 0:18:12,1
FL8X4BP4GU,117.185,38.7609,522647,70,175,0,14-3-31 0:20:12,1
FL8X4BP4GU,117.183,38.7812,522671,70,0,0,14-3-31 0:22:12,1
FL8X4BP4GU,117.183,38.8008,522693,61,175,0,14-3-31 0:24:12,1
FL8X4BP4GU,117.177,38.8203,522716,66,170,0,14-3-31 0:26:12,1
FL8X4BP4GU,117.176,38.8407,522739,61,0,0,14-3-31 0:28:12,1
FL8X4BP4GU,117.185,38.8585,522761,61,15,0,14-3-31 0:30:12,1
FL8X4BP4GU,117.2,38.8737,522783,61,15,0,14-3-31 0:32:12,1
FL8X4BP4GU,117.213,38.8874,522803,72,10,0,14-3-31 0:34:12,1
FL8X4BP4GU,117.209,38.9074,522827,70,160,0,14-3-31 0:36:12,1
FL8X4BP4GU,117.195,38.9251,522851,68,160,0,14-3-31 0:38:12,1
FL8X4BP4GU,117.183,38.9431,522874,68,170,0,14-3-31 0:40:12,1
FL8X4BP4GU,117.181,38.9622,522896,57,5,0,14-3-31 0:42:12,1
FL8X4BP4GU,117.184,38.9764,522915,57,145,0,14-3-31 0:44:12,1
FL8X4BP4GU,117.165,38.9861,522936,62,150,0,14-3-31 0:46:12,1
FL8X4BP4GU,117.142,38.9952,522958,66,145,0,14-3-31 0:48:13,1
FL8X4BP4GU,117.119,39.0025,522981,64,145,0,14-3-31 0:50:13,1
FL8X4BP4GU,117.098,39.0129,523003,62,155,0,14-3-31 0:52:13,1
FL8X4BP4GU,117.083,39.0278,523025,62,165,0,14-3-31 0:54:13,1
FL8X4BP4GU,117.074,39.046,523047,57,170,0,14-3-31 0:56:13,1
FL8X4BP4GU,117.063,39.0616,523068,62,160,0,14-3-31 0:58:12,1
FL8X4BP4GU,117.045,39.0743,523089,59,150,0,14-3-31 1:0:12,1
FL8X4BP4GU,117.024,39.0835,523111,66,140,0,14-3-31 1:2:12,1
FL8X4BP4GU,117,39.0881,523133,51,140,0,14-3-31 1:4:12,1
FL8X4BP4GU,116.979,39.0957,523153,64,145,0,14-3-31 1:6:12,1
FL8X4BP4GU,116.956,39.1026,523176,57,140,0,14-3-31 1:8:12,1
FL8X4BP4GU,116.934,39.1082,523197,62,140,0,14-3-31 1:10:12,1
FL8X4BP4GU,116.921,39.1198,523217,66,175,0,14-3-31 1:12:12,1
FL8X4BP4GU,116.916,39.1401,523241,64,175,0,14-3-31 1:14:12,1
FL8X4BP4GU,116.916,39.1596,523263,64,175,0,14-3-31 1:16:12,1
FL8X4BP4GU,116.913,39.1791,523286,70,175,0,14-3-31 1:18:12,1
FL8X4BP4GU,116.911,39.198,523307,66,0,0,14-3-31 1:20:12,1
FL8X4BP4GU,116.915,39.2136,523326,20,15,0,14-3-31 1:22:12,1
FL8X4BP4GU,116.917,39.2161,523329,9,5,0,14-3-31 1:24:12,1
FL8X4BP4GU,116.917,39.2167,523329,0,0,0,14-3-31 1:24:59,1
FL8X4BP4GU,116.917,39.2169,523329,0,0,0,14-3-31 1:26:59,1
FL8X4BP4GU,116.917,39.2169,523329,3,175,0,14-3-31 1:28:59,1
FL8X4BP4GU,116.917,39.217,523329,0,0,0,14-3-31 1:30:59,1
FL8X4BP4GU,116.917,39.217,523329,0,0,0,14-3-31 1:32:59,1
FL8X4BP4GU,116.917,39.2169,523329,0,0,0,14-3-31 1:34:59,1
FL8X4BP4GU,116.917,39.2174,523329,0,0,0,14-3-31 1:36:59,1
FL8X4BP4GU,116.917,39.2173,523329,0,0,0,14-3-31 1:38:59,1
FL8X4BP4GU,116.917,39.2176,523330,0,0,0,14-3-31 1:40:37,1
FL8X4BP4GU,116.917,39.2176,523330,0,0,0,14-3-31 1:47:51,1
FL8X4BP4GU,116.917,39.2176,523330,0,0,0,14-3-31 1:48:7,1
FL8X4BP4GU,116.917,39.2187,523331,22,5,0,14-3-31 1:49:32,1
FL8X4BP4GU,116.919,39.2264,523340,33,5,0,14-3-31 1:51:32,1
FL8X4BP4GU,116.923,39.2422,523358,46,0,0,14-3-31 1:53:32,1
FL8X4BP4GU,116.925,39.258,523376,55,5,0,14-3-31 1:55:32,1
FL8X4BP4GU,116.933,39.2755,523398,66,10,0,14-3-31 1:57:32,1
FL8X4BP4GU,116.942,39.2921,523418,61,5,0,14-3-31 1:59:32,1
FL8X4BP4GU,116.946,39.3089,523438,51,0,0,14-3-31 2:1:32,1
FL8X4BP4GU,116.947,39.3251,523456,55,0,0,14-3-31 2:3:32,1
FL8X4BP4GU,116.951,39.3418,523476,59,5,0,14-3-31 2:5:32,1
FL8X4BP4GU,116.956,39.3578,523494,42,5,0,14-3-31 2:7:32,1
FL8X4BP4GU,116.957,39.3751,523514,61,175,0,14-3-31 2:9:32,1
FL8X4BP4GU,116.954,39.391,523533,53,175,0,14-3-31 2:11:32,1
FL8X4BP4GU,116.948,39.4079,523553,57,165,0,14-3-31 2:13:32,1
FL8X4BP4GU,116.937,39.4242,523574,64,160,0,14-3-31 2:15:32,1
FL8X4BP4GU,116.926,39.4417,523596,64,170,0,14-3-31 2:17:32,1
FL8X4BP4GU,116.921,39.4581,523616,59,170,0,14-3-31 2:19:32,1
FL8X4BP4GU,116.919,39.4756,523636,55,175,0,14-3-31 2:21:32,1
FL8X4BP4GU,116.918,39.4893,523651,62,175,0,14-3-31 2:23:32,1
FL8X4BP4GU,116.913,39.5104,523676,66,175,0,14-3-31 2:25:32,1
FL8X4BP4GU,116.915,39.5302,523699,64,5,0,14-3-31 2:27:32,1
FL8X4BP4GU,116.925,39.5453,523719,42,35,0,14-3-31 2:29:32,1
FL8X4BP4GU,116.922,39.5525,523730,0,0,0,14-3-31 2:31:33,1
FL8X4BP4GU,116.922,39.5529,523731,18,160,0,14-3-31 2:32:42,1
FL8X4BP4GU,116.913,39.5657,523747,64,165,0,14-3-31 2:34:42,1
FL8X4BP4GU,116.903,39.5827,523769,62,165,0,14-3-31 2:36:42,1
FL8X4BP4GU,116.891,39.5995,523791,64,160,0,14-3-31 2:38:42,1
FL8X4BP4GU,116.872,39.6128,523813,62,150,0,14-3-31 2:40:42,1
FL8X4BP4GU,116.851,39.6233,523835,64,145,0,14-3-31 2:42:42,1
FL8X4BP4GU,116.833,39.6292,523853,0,0,0,14-3-31 2:44:49,1
FL8X4BP4GU,116.832,39.6294,523853,14,145,0,14-3-31 2:45:36,1
FL8X4BP4GU,116.819,39.6344,523866,44,150,0,14-3-31 2:47:36,1
FL8X4BP4GU,116.807,39.6414,523879,37,155,0,14-3-31 2:49:36,1
FL8X4BP4GU,116.793,39.6513,523896,55,155,0,14-3-31 2:51:36,1
FL8X4BP4GU,116.776,39.6638,523917,59,155,0,14-3-31 2:53:36,1
FL8X4BP4GU,116.76,39.677,523938,61,160,0,14-3-31 2:55:36,1
FL8X4BP4GU,116.745,39.6913,523959,62,160,0,14-3-31 2:57:36,1
FL8X4BP4GU,116.731,39.7055,523980,62,160,0,14-3-31 2:59:36,1
FL8X4BP4GU,116.716,39.72,524001,55,160,0,14-3-31 3:1:36,1
FL8X4BP4GU,116.7,39.7326,524021,48,155,0,14-3-31 3:3:36,1
FL8X4BP4GU,116.683,39.7457,524042,62,155,0,14-3-31 3:5:36,1
FL8X4BP4GU,116.665,39.7586,524064,64,150,0,14-3-31 3:7:36,1
FL8X4BP4GU,116.646,39.7711,524086,61,155,0,14-3-31 3:9:36,1
FL8X4BP4GU,116.632,39.7873,524108,66,160,0,14-3-31 3:11:36,1
FL8X4BP4GU,116.615,39.8011,524130,62,150,0,14-3-31 3:13:36,1
FL8X4BP4GU,116.597,39.8134,524151,53,160,0,14-3-31 3:15:36,1
FL8X4BP4GU,116.593,39.8167,524156,0,0,0,14-3-31 3:16:36,1
FL8X4BP4GU,116.593,39.817,524157,18,145,0,14-3-31 3:16:59,1
FL8X4BP4GU,116.582,39.8239,524169,48,155,0,14-3-31 3:18:58,1
FL8X4BP4GU,116.577,39.8222,524181,3,30,0,14-3-31 3:20:58,1
FL8X4BP4GU,116.583,39.8287,524190,25,15,0,14-3-31 3:22:58,1
FL8X4BP4GU,116.587,39.8342,524199,22,130,0,14-3-31 3:24:58,1
FL8X4BP4GU,116.586,39.8343,524200,0,0,0,14-3-31 3:25:33,1
FL8X4BP4GU,116.585,39.8342,524200,12,125,0,14-3-31 3:25:59,1
FL8X4BP4GU,116.58,39.8337,524204,1,80,0,14-3-31 3:27:59,1
FL8X4BP4GU,116.58,39.833,524204,0,0,0,14-3-31 3:28:46,1
FL8X4BP4GU,116.58,39.833,524205,0,0,0,14-3-31 3:30:46,1
FL8X4BP4GU,116.58,39.833,524205,0,0,0,14-3-31 3:32:46,1
FL8X4BP4GU,116.58,39.833,524205,0,115,0,14-3-31 3:34:46,1
FL8X4BP4GU,116.581,39.8332,524205,1,160,0,14-3-31 3:36:46,1
FL8X4BP4GU,116.581,39.8333,524205,0,0,0,14-3-31 3:38:46,1
FL8X4BP4GU,116.581,39.8333,524205,0,0,0,14-3-31 3:38:52,1
FL8X4BP4GU,116.581,39.8333,524205,0,0,0,14-3-31 3:52:56,1
FL8X4BP4GU,116.581,39.8333,524205,0,0,0,14-3-31 4:18:50,1
FL8X4BP4GU,116.581,39.8332,524205,0,0,0,14-3-31 4:19:6,1
FL8X4BP4GU,116.581,39.8332,524205,0,0,0,14-3-31 4:21:6,1
FL8X4BP4GU,116.581,39.8333,524205,0,0,0,14-3-31 4:21:43,1
FL8X4BP4GU,116.581,39.8333,524205,0,0,0,14-3-31 4:51:11,1
FL8X4BP4GU,116.581,39.8333,524205,0,0,0,14-3-31 4:51:27,1
FL8X4BP4GU,116.581,39.8333,524205,0,0,0,14-3-31 4:53:31,1
FL8X4BP4GU,116.581,39.8333,524205,0,0,0,14-3-31 6:21:11,1
FL8X4BP4GU,116.581,39.8333,524205,0,0,0,14-3-31 6:21:27,1
FL8X4BP4GU,116.581,39.8332,524205,0,0,0,14-3-31 6:23:27,1
FL8X4BP4GU,116.581,39.8331,524206,0,0,0,14-3-31 6:25:27,1
FL8X4BP4GU,116.58,39.8331,524206,0,0,0,14-3-31 6:27:27,1
FL8X4BP4GU,116.58,39.8331,524206,0,0,0,14-3-31 6:29:27,1
FL8X4BP4GU,116.58,39.8331,524206,1,85,0,14-3-31 6:31:27,1
FL8X4BP4GU,116.58,39.8332,524206,1,95,0,14-3-31 6:33:27,1
FL8X4BP4GU,116.58,39.8331,524206,0,0,0,14-3-31 6:35:27,1
FL8X4BP4GU,116.58,39.8332,524206,1,125,0,14-3-31 6:37:27,1
FL8X4BP4GU,116.58,39.8336,524206,5,0,0,14-3-31 6:39:27,1
FL8X4BP4GU,116.581,39.8341,524208,12,45,0,14-3-31 6:40:23,1
FL8X4BP4GU,116.588,39.8342,524213,18,45,0,14-3-31 6:42:22,1
FL8X4BP4GU,116.584,39.8299,524219,29,105,0,14-3-31 6:44:22,1
FL8X4BP4GU,116.584,39.8291,524220,0,105,0,14-3-31 6:44:58,1
FL8X4BP4GU,116.583,39.8287,524221,1,110,0,14-3-31 6:46:58,1
FL8X4BP4GU,116.582,39.8281,524222,18,110,0,14-3-31 6:47:40,1
FL8X4BP4GU,116.568,39.832,524236,55,145,0,14-3-31 6:49:40,1
FL8X4BP4GU,116.545,39.8411,524258,64,150,0,14-3-31 6:51:42,1
FL8X4BP4GU,116.527,39.8364,524279,61,110,0,14-3-31 6:53:42,1
FL8X4BP4GU,116.518,39.8341,524288,1,150,0,14-3-31 6:55:42,1
FL8X4BP4GU,116.518,39.8342,524288,0,0,0,14-3-31 6:56:18,1
FL8X4BP4GU,116.517,39.8345,524289,20,150,0,14-3-31 6:56:39,1
FL8X4BP4GU,116.508,39.8365,524297,24,140,0,14-3-31 6:58:39,1
FL8X4BP4GU,116.503,39.8376,524302,3,100,0,14-3-31 7:0:9,1
FL8X4BP4GU,116.503,39.8367,524302,18,90,0,14-3-31 7:0:52,1
FL8X4BP4GU,116.502,39.8299,524310,0,70,0,14-3-31 7:2:47,1
FL8X4BP4GU,116.504,39.8298,524311,12,45,0,14-3-31 7:4:55,1
FL8X4BP4GU,116.504,39.8299,524312,0,0,0,14-3-31 7:5:45,1
FL8X4BP4GU,116.504,39.8299,524312,0,0,0,14-3-31 7:6:41,1
FL8X4BP4GU,116.504,39.83,524312,0,0,0,14-3-31 7:9:37,1
FL8X4BP4GU,116.504,39.83,524312,0,0,0,14-3-31 8:8:57,1
FL8X4BP4GU,116.504,39.8299,524312,0,0,0,14-3-31 8:9:13,1
FL8X4BP4GU,116.504,39.83,524312,0,0,0,14-3-31 8:11:13,1
FL8X4BP4GU,116.503,39.83,524313,0,0,0,14-3-31 8:13:13,1
FL8X4BP4GU,116.503,39.83,524313,0,0,0,14-3-31 8:15:13,1
FL8X4BP4GU,116.503,39.8301,524313,0,0,0,14-3-31 8:17:13,1
FL8X4BP4GU,116.503,39.8302,524313,0,0,0,14-3-31 8:19:13,1
FL8X4BP4GU,116.503,39.8302,524313,0,0,0,14-3-31 8:21:13,1
FL8X4BP4GU,116.503,39.8301,524313,0,0,0,14-3-31 8:23:13,1
FL8X4BP4GU,116.503,39.83,524313,0,0,0,14-3-31 8:25:13,1
FL8X4BP4GU,116.503,39.83,524313,0,0,0,14-3-31 8:27:13,1
FL8X4BP4GU,116.503,39.83,524313,0,0,0,14-3-31 8:29:13,1
FL8X4BP4GU,116.503,39.83,524313,0,0,0,14-3-31 8:31:13,1
FL8X4BP4GU,116.503,39.83,524313,0,0,0,14-3-31 8:33:13,1
FL8X4BP4GU,116.503,39.83,524313,0,0,0,14-3-31 8:35:13,1
FL8X4BP4GU,116.503,39.83,524313,0,0,0,14-3-31 8:37:13,1
FL8X4BP4GU,116.503,39.83,524313,0,0,0,14-3-31 8:39:13,1
FL8X4BP4GU,116.503,39.83,524313,0,0,0,14-3-31 8:41:13,1
FL8X4BP4GU,116.503,39.83,524313,0,0,0,14-3-31 8:43:13,1
FL8X4BP4GU,116.503,39.8301,524313,0,0,0,14-3-31 8:45:13,1
FL8X4BP4GU,116.503,39.8301,524313,0,0,0,14-3-31 8:47:13,1
FL8X4BP4GU,116.503,39.8301,524313,0,0,0,14-3-31 8:49:13,1
FL8X4BP4GU,116.503,39.83,524313,0,0,0,14-3-31 8:50:19,1
FL8X4BP4GU,116.503,39.83,524313,0,0,0,14-3-31 11:25:58,1
FL8X4BP4GU,116.503,39.8301,524313,0,0,0,14-3-31 11:26:14,1
FL8X4BP4GU,116.503,39.8301,524313,0,0,0,14-3-31 11:28:14,1
FL8X4BP4GU,116.503,39.8301,524313,0,0,0,14-3-31 11:30:14,1
FL8X4BP4GU,116.503,39.8301,524313,0,0,0,14-3-31 11:32:14,1
FL8X4BP4GU,116.504,39.83,524314,0,0,0,14-3-31 11:33:57,1
FL8X4BP4GU,116.504,39.83,524314,0,0,0,14-3-31 12:54:29,1
FL8X4BP4GU,116.504,39.83,524314,0,0,0,14-3-31 16:11:56,1
FL8X4BP4GU,116.503,39.83,524314,0,0,0,14-3-31 16:12:12,1
FL8X4BP4GU,116.504,39.83,524314,0,0,0,14-3-31 16:14:12,1
FL8X4BP4GU,116.504,39.83,524314,0,0,0,14-3-31 16:16:12,1
FL8X4BP4GU,116.503,39.8299,524314,0,0,0,14-3-31 16:18:12,1
FL8X4BP4GU,116.504,39.83,524314,0,0,0,14-3-31 16:20:12,1
FL8X4BP4GU,116.503,39.83,524314,0,0,0,14-3-31 16:22:12,1
FL8X4BP4GU,116.502,39.8299,524315,0,0,0,14-3-31 16:24:12,1
FL8X4BP4GU,116.502,39.8299,524315,0,0,0,14-3-31 16:26:12,1
FL8X4BP4GU,116.502,39.83,524315,0,0,0,14-3-31 16:28:12,1
FL8X4BP4GU,116.502,39.8299,524315,0,0,0,14-3-31 16:30:12,1
FL8X4BP4GU,116.502,39.8292,524315,18,90,0,14-3-31 16:31:33,1
FL8X4BP4GU,116.502,39.825,524320,0,0,0,14-3-31 16:33:13,1
FL8X4BP4GU,116.503,39.8238,524321,0,0,0,14-3-31 16:35:13,1
FL8X4BP4GU,116.504,39.823,524322,0,0,0,14-3-31 16:37:13,1
FL8X4BP4GU,116.507,39.8208,524324,18,70,0,14-3-31 16:39:11,1
FL8X4BP4GU,116.507,39.82,524325,0,0,0,14-3-31 16:39:47,1
FL8X4BP4GU,116.507,39.8195,524326,20,75,0,14-3-31 16:40:13,1
FL8X4BP4GU,116.515,39.8097,524339,40,65,0,14-3-31 16:42:13,1
FL8X4BP4GU,116.524,39.8018,524351,0,0,0,14-3-31 16:44:13,1
FL8X4BP4GU,116.524,39.8018,524351,0,0,0,14-3-31 16:44:19,1
FL8X4BP4GU,116.524,39.8013,524351,18,70,0,14-3-31 16:44:58,1
FL8X4BP4GU,116.528,39.7958,524358,1,75,0,14-3-31 16:46:43,1
FL8X4BP4GU,116.529,39.7952,524359,16,75,0,14-3-31 16:47:11,1
FL8X4BP4GU,116.534,39.7896,524366,1,65,0,14-3-31 16:49:11,1
FL8X4BP4GU,116.534,39.7895,524366,0,0,0,14-3-31 16:49:24,1
FL8X4BP4GU,116.534,39.789,524367,18,70,0,14-3-31 16:50:4,1
FL8X4BP4GU,116.54,39.7835,524375,14,65,0,14-3-31 16:52:4,1
FL8X4BP4GU,116.543,39.7812,524379,0,0,0,14-3-31 16:53:4,1
FL8X4BP4GU,116.543,39.7807,524379,20,70,0,14-3-31 16:53:41,1
FL8X4BP4GU,116.552,39.7706,524393,18,60,0,14-3-31 16:55:41,1
FL8X4BP4GU,116.562,39.7719,524401,37,40,0,14-3-31 16:57:41,1
FL8X4BP4GU,116.566,39.7677,524409,0,0,0,14-3-31 16:59:29,1
FL8X4BP4GU,116.567,39.7672,524410,16,75,0,14-3-31 17:0:11,1
FL8X4BP4GU,116.571,39.761,524418,33,70,0,14-3-31 17:2:11,1
FL8X4BP4GU,116.572,39.7543,524428,24,80,0,14-3-31 17:4:11,1
FL8X4BP4GU,116.561,39.7501,524441,20,25,0,14-3-31 17:6:11,1
FL8X4BP4GU,116.561,39.7504,524441,1,15,0,14-3-31 17:6:34,1
FL8X4BP4GU,116.561,39.7509,524442,18,15,0,14-3-31 17:6:53,1
FL8X4BP4GU,116.573,39.7427,524457,53,65,0,14-3-31 17:8:53,1
FL8X4BP4GU,116.59,39.7323,524475,57,60,0,14-3-31 17:10:53,1
FL8X4BP4GU,116.605,39.7201,524494,51,70,0,14-3-31 17:12:54,1
FL8X4BP4GU,116.616,39.7067,524513,48,70,0,14-3-31 17:14:54,1
FL8X4BP4GU,116.63,39.696,524530,50,60,0,14-3-31 17:16:54,1
FL8X4BP4GU,116.646,39.6863,524548,50,65,0,14-3-31 17:18:54,1
FL8X4BP4GU,116.659,39.6746,524566,53,70,0,14-3-31 17:20:54,1
FL8X4BP4GU,116.672,39.6614,524584,57,65,0,14-3-31 17:22:53,1
FL8X4BP4GU,116.689,39.6506,524604,55,60,0,14-3-31 17:24:55,1
FL8X4BP4GU,116.708,39.6428,524623,57,55,0,14-3-31 17:26:55,1
FL8X4BP4GU,116.726,39.6346,524641,51,60,0,14-3-31 17:28:55,1
FL8X4BP4GU,116.742,39.6236,524660,51,65,0,14-3-31 17:30:55,1
FL8X4BP4GU,116.755,39.6102,524679,57,70,0,14-3-31 17:32:55,1
FL8X4BP4GU,116.767,39.5951,524699,59,70,0,14-3-31 17:34:55,1
FL8X4BP4GU,116.776,39.5865,524712,53,65,0,14-3-31 17:36:14,1
FL8X4BP4GU,116.793,39.5752,524732,62,60,0,14-3-31 17:38:14,1
FL8X4BP4GU,116.814,39.5665,524753,57,55,0,14-3-31 17:40:14,1
FL8X4BP4GU,116.835,39.561,524773,57,55,0,14-3-31 17:42:14,1
FL8X4BP4GU,116.856,39.5525,524794,61,60,0,14-3-31 17:44:14,1
FL8X4BP4GU,116.873,39.5407,524814,57,65,0,14-3-31 17:46:14,1
FL8X4BP4GU,116.886,39.5271,524834,59,75,0,14-3-31 17:48:14,1
FL8X4BP4GU,116.895,39.5107,524854,57,75,0,14-3-31 17:50:14,1
FL8X4BP4GU,116.906,39.4953,524874,59,70,0,14-3-31 17:52:14,1
FL8X4BP4GU,116.922,39.4823,524895,61,60,0,14-3-31 17:54:14,1
FL8X4BP4GU,116.948,39.4708,524921,61,50,0,14-3-31 17:56:45,1
FL8X4BP4GU,116.969,39.4651,524942,55,55,0,14-3-31 17:58:45,1
FL8X4BP4GU,116.99,39.4562,524963,62,60,0,14-3-31 18:0:45,1
FL8X4BP4GU,117.007,39.4439,524984,57,65,0,14-3-31 18:2:49,1
FL8X4BP4GU,117.022,39.43,525004,61,65,0,14-3-31 18:4:49,1
FL8X4BP4GU,117.04,39.4181,525026,61,60,0,14-3-31 18:6:49,1
FL8X4BP4GU,117.062,39.4108,525047,61,50,0,14-3-31 18:8:49,1
FL8X4BP4GU,117.084,39.4044,525068,57,60,0,14-3-31 18:10:49,1
FL8X4BP4GU,117.086,39.4029,525070,0,0,0,14-3-31 18:11:31,1
FL8X4BP4GU,117.086,39.4029,525070,0,0,0,14-3-31 18:18:14,1
FL8X4BP4GU,117.086,39.4029,525070,0,0,0,14-3-31 18:18:30,1
FL8X4BP4GU,117.087,39.4024,525071,11,60,0,14-3-31 18:20:26,1
FL8X4BP4GU,117.095,39.398,525080,44,65,0,14-3-31 18:22:26,1
FL8X4BP4GU,117.107,39.3858,525098,48,70,0,14-3-31 18:24:26,1
FL8X4BP4GU,117.117,39.3704,525117,53,75,0,14-3-31 18:26:26,1
FL8X4BP4GU,117.127,39.3545,525137,59,75,0,14-3-31 18:28:26,1
FL8X4BP4GU,117.131,39.3377,525157,59,85,0,14-3-31 18:30:26,1
FL8X4BP4GU,117.137,39.3207,525177,57,80,0,14-3-31 18:32:26,1
FL8X4BP4GU,117.141,39.3042,525196,53,80,0,14-3-31 18:34:26,1
FL8X4BP4GU,117.147,39.2879,525215,55,80,0,14-3-31 18:36:26,1
FL8X4BP4GU,117.155,39.2725,525235,55,70,0,14-3-31 18:38:26,1
FL8X4BP4GU,117.167,39.2589,525253,53,70,0,14-3-31 18:40:26,1
FL8X4BP4GU,117.177,39.2439,525273,59,70,0,14-3-31 18:42:26,1
FL8X4BP4GU,117.201,39.225,525303,51,65,0,14-3-31 18:45:33,1
FL8X4BP4GU,117.214,39.213,525321,51,70,0,14-3-31 18:47:33,1
FL8X4BP4GU,117.222,39.1996,525338,37,75,0,14-3-31 18:49:33,1
FL8X4BP4GU,117.231,39.1898,525351,38,70,0,14-3-31 18:51:33,1
FL8X4BP4GU,117.243,39.1806,525366,42,60,0,14-3-31 18:53:33,1
FL8X4BP4GU,117.248,39.1785,525376,7,15,0,14-3-31 18:55:33,1
FL8X4BP4GU,117.248,39.1787,525376,0,0,0,14-3-31 18:55:57,1
FL8X4BP4GU,117.248,39.179,525376,0,0,0,14-3-31 18:57:57,1
FL8X4BP4GU,117.248,39.1797,525377,0,0,0,14-3-31 18:59:57,1
FL8X4BP4GU,117.248,39.1799,525377,3,175,0,14-3-31 19:2:42,1
FL8X4BP4GU,117.248,39.1807,525377,22,155,0,14-3-31 19:3:48,1
FL8X4BP4GU,117.243,39.1791,525385,27,140,0,14-3-31 19:5:48,1
FL8X4BP4GU,117.239,39.182,525390,1,155,0,14-3-31 19:7:31,1
FL8X4BP4GU,117.238,39.1819,525391,12,70,0,14-3-31 19:8:3,1
FL8X4BP4GU,117.24,39.1794,525395,0,0,0,14-3-31 19:9:31,1
FL8X4BP4GU,117.239,39.1788,525395,11,100,0,14-3-31 19:11:6,1
FL8X4BP4GU,117.241,39.1776,525397,0,0,0,14-3-31 19:17:29,1
FL8X4BP4GU,117.241,39.1775,525397,0,0,0,14-3-31 19:17:44,1
FL8X4BP4GU,117.24,39.1774,525398,3,70,0,14-3-31 19:19:44,1
FL8X4BP4GU,117.241,39.1772,525398,0,0,0,14-3-31 19:27:28,1
FL8X4BP4GU,117.241,39.1772,525398,0,0,0,14-3-31 19:38:12,1
FL8X4BP4GU,117.241,39.1772,525398,0,0,0,14-3-31 21:37:31,1
FL8X4BP4GU,117.241,39.1772,525398,0,0,0,14-3-31 21:37:43,1
FL8X4BP4GU,117.241,39.1772,525398,0,0,0,14-3-31 21:37:58,1
FL8X4BP4GU,117.241,39.1772,525398,0,0,0,14-3-31 21:38:24,1
FL8X4BP4GU,117.241,39.1772,525398,0,0,0,14-3-31 21:38:36,1
FL8X4BP4GU,117.241,39.1772,525398,0,0,0,14-3-31 21:38:53,1
FL8X4BP4GU,117.241,39.1772,525398,0,0,0,14-3-31 21:39:9,1
FL8X4BP4GU,117.241,39.1772,525398,0,0,0,14-3-31 21:39:39,1
FL8X4BP4GU,117.241,39.1772,525398,0,0,0,14-3-31 21:39:56,1
FL8X4BP4GU,117.241,39.1772,525398,0,0,0,14-3-31 21:40:18,1
FL8X4BP4GU,117.241,39.1772,525398,0,0,0,14-3-31 21:54:58,1
