GF7UX7B7SI,116.674,40.3722,0,0,0,0,14-3-29 17:5:57,1
GF7UX7B7SI,116.674,40.3722,0,0,0,0,14-3-29 17:6:8,1
GF7UX7B7SI,116.676,40.3656,0,0,0,0,14-3-29 17:6:17,1
GF7UX7B7SI,116.676,40.3656,0,0,0,0,14-3-29 17:8:18,1
GF7UX7B7SI,116.676,40.3656,0,0,0,0,14-3-29 17:10:19,1
GF7UX7B7SI,116.676,40.3656,0,0,0,0,14-3-29 17:12:20,1
GF7UX7B7SI,116.676,40.3656,0,0,0,0,14-3-29 17:14:21,1
GF7UX7B7SI,116.676,40.3656,0,0,0,0,14-3-29 17:16:22,1
GF7UX7B7SI,116.676,40.3656,0,0,0,0,14-3-29 17:18:23,1
GF7UX7B7SI,116.676,40.3656,0,0,0,0,14-3-29 17:20:24,1
GF7UX7B7SI,116.676,40.3656,0,0,0,0,14-3-29 17:22:25,1
GF7UX7B7SI,116.676,40.3656,0,0,0,0,14-3-29 17:24:26,1
GF7UX7B7SI,116.676,40.3656,0,0,0,0,14-3-29 17:26:27,1
GF7UX7B7SI,116.676,40.3656,0,0,0,0,14-3-29 17:28:28,1
GF7UX7B7SI,116.676,40.3656,0,0,0,0,14-3-29 17:30:29,1
GF7UX7B7SI,116.676,40.3656,0,0,0,0,14-3-29 17:32:30,1
GF7UX7B7SI,116.676,40.3656,0,0,0,0,14-3-29 17:34:31,1
GF7UX7B7SI,116.676,40.3656,0,0,0,0,14-3-29 17:36:32,1
GF7UX7B7SI,116.676,40.3656,0,0,0,0,14-3-29 17:38:33,1
GF7UX7B7SI,116.666,40.3659,0,0,0,0,14-3-29 17:40:34,1
GF7UX7B7SI,116.676,40.3656,0,0,0,0,14-3-29 17:42:36,1
GF7UX7B7SI,116.678,40.3592,0,0,0,0,14-3-29 17:44:36,1
GF7UX7B7SI,116.678,40.3494,0,0,0,0,14-3-29 17:46:37,1
GF7UX7B7SI,116.679,40.3505,0,0,0,0,14-3-29 17:48:38,1
GF7UX7B7SI,116.678,40.3254,0,0,0,0,14-3-29 17:50:39,1
GF7UX7B7SI,116.676,40.3125,0,0,0,0,14-3-29 17:52:40,1
GF7UX7B7SI,116.676,40.3125,0,0,0,0,14-3-29 17:54:41,1
GF7UX7B7SI,116.667,40.2949,0,0,0,0,14-3-29 17:56:42,1
GF7UX7B7SI,116.667,40.2949,0,0,0,0,14-3-29 17:58:43,0
GF7UX7B7SI,116.667,40.2949,0,0,0,0,14-3-29 18:0:44,0
GF7UX7B7SI,116.681,40.2336,0,0,0,0,14-3-29 18:2:45,1
GF7UX7B7SI,116.681,40.2336,0,0,0,0,14-3-29 18:4:46,1
GF7UX7B7SI,116.627,40.2718,0,0,0,0,14-3-29 18:6:56,1
GF7UX7B7SI,116.627,40.2718,0,0,0,0,14-3-29 18:8:57,0
GF7UX7B7SI,116.592,40.2648,0,0,0,0,14-3-29 18:10:58,1
GF7UX7B7SI,116.56,40.2552,0,0,0,0,14-3-29 18:12:59,1
GF7UX7B7SI,116.545,40.2496,0,0,0,0,14-3-29 18:15:0,1
GF7UX7B7SI,116.534,40.2443,0,0,0,0,14-3-29 18:17:1,1
GF7UX7B7SI,116.534,40.2443,0,0,0,0,14-3-29 18:19:2,0
GF7UX7B7SI,116.498,40.2136,0,0,0,0,14-3-29 18:21:3,1
GF7UX7B7SI,116.485,40.183,0,0,0,0,14-3-29 18:25:6,1
GF7UX7B7SI,116.48,40.162,0,0,0,0,14-3-29 18:27:7,1
GF7UX7B7SI,116.479,40.1522,0,0,0,0,14-3-29 18:29:7,1
GF7UX7B7SI,116.5,40.1498,0,0,0,0,14-3-29 18:31:8,1
GF7UX7B7SI,116.527,40.1455,0,0,0,0,14-3-29 18:33:9,1
GF7UX7B7SI,116.549,40.1434,0,0,0,0,14-3-29 18:35:10,1
GF7UX7B7SI,116.569,40.1433,0,0,0,0,14-3-29 18:37:11,1
GF7UX7B7SI,116.618,40.1078,0,0,0,0,14-3-29 18:45:3,1
GF7UX7B7SI,116.619,40.0924,0,0,0,0,14-3-29 18:47:4,1
GF7UX7B7SI,116.634,40.079,0,0,0,0,14-3-29 18:49:5,1
GF7UX7B7SI,116.671,40.0163,0,0,0,0,14-3-29 18:56:35,1
GF7UX7B7SI,116.671,40.0163,0,0,0,0,14-3-29 18:58:42,0
GF7UX7B7SI,116.671,40.0163,0,0,0,0,14-3-29 19:0:44,0
GF7UX7B7SI,116.671,40.0163,0,0,0,0,14-3-29 19:2:45,0
GF7UX7B7SI,116.712,39.9562,0,0,0,0,14-3-29 19:4:54,1
GF7UX7B7SI,116.699,39.9448,0,0,0,0,14-3-29 19:6:55,1
GF7UX7B7SI,116.704,39.8903,0,0,0,0,14-3-29 19:13:36,1
GF7UX7B7SI,116.704,39.8903,0,0,0,0,14-3-29 19:15:36,0
GF7UX7B7SI,116.685,39.8476,0,0,0,0,14-3-29 19:17:41,1
GF7UX7B7SI,116.681,39.8375,0,0,0,0,14-3-29 19:19:42,1
GF7UX7B7SI,116.663,39.8282,0,0,0,0,14-3-29 19:21:43,1
GF7UX7B7SI,116.652,39.8164,0,0,0,0,14-3-29 19:23:44,1
GF7UX7B7SI,116.652,39.8164,0,0,0,0,14-3-29 19:25:45,0
GF7UX7B7SI,116.635,39.7834,0,0,0,0,14-3-29 19:27:46,1
GF7UX7B7SI,116.635,39.7834,0,0,0,0,14-3-29 19:29:47,0
GF7UX7B7SI,116.635,39.7834,0,0,0,0,14-3-29 19:31:48,0
GF7UX7B7SI,116.679,39.7543,0,0,0,0,14-3-29 19:33:49,1
GF7UX7B7SI,116.679,39.7543,0,0,0,0,14-3-29 19:35:50,0
GF7UX7B7SI,116.679,39.7543,0,0,0,0,14-3-29 19:37:51,0
GF7UX7B7SI,116.679,39.7543,0,0,0,0,14-3-29 19:39:52,0
GF7UX7B7SI,116.74,39.6965,0,0,0,0,14-3-29 19:41:53,1
GF7UX7B7SI,116.763,39.677,0,0,0,0,14-3-29 19:43:54,1
GF7UX7B7SI,116.763,39.677,0,0,0,0,14-3-29 19:45:55,0
GF7UX7B7SI,116.763,39.677,0,0,0,0,14-3-29 19:47:56,0
GF7UX7B7SI,116.763,39.677,0,0,0,0,14-3-29 19:49:57,0
GF7UX7B7SI,116.763,39.677,0,0,0,0,14-3-29 19:51:58,0
GF7UX7B7SI,116.813,39.6378,0,0,0,0,14-3-29 19:53:59,1
GF7UX7B7SI,116.842,39.626,0,0,0,0,14-3-29 19:58:2,1
GF7UX7B7SI,116.878,39.6086,0,0,0,0,14-3-29 20:0:2,1
GF7UX7B7SI,116.882,39.6091,0,0,0,0,14-3-29 20:2:3,1
GF7UX7B7SI,116.892,39.5976,0,0,0,0,14-3-29 20:4:4,1
GF7UX7B7SI,116.915,39.5628,0,0,0,0,14-3-29 20:6:10,1
GF7UX7B7SI,116.915,39.5628,0,0,0,0,14-3-29 20:8:11,1
GF7UX7B7SI,116.925,39.5481,0,0,0,0,14-3-29 20:10:12,1
GF7UX7B7SI,116.89,39.5257,0,0,0,0,14-3-29 20:12:13,1
GF7UX7B7SI,116.916,39.4906,0,0,0,0,14-3-29 20:14:15,1
GF7UX7B7SI,116.897,39.5081,0,0,0,0,14-3-29 20:16:16,1
GF7UX7B7SI,116.897,39.5081,0,0,0,0,14-3-29 20:18:17,0
GF7UX7B7SI,116.897,39.5081,0,0,0,0,14-3-29 20:20:18,0
GF7UX7B7SI,116.925,39.4519,0,0,0,0,14-3-29 20:22:19,1
GF7UX7B7SI,116.924,39.4614,0,0,0,0,14-3-29 20:24:20,1
GF7UX7B7SI,116.924,39.4614,0,0,0,0,14-3-29 20:26:21,1
GF7UX7B7SI,116.924,39.4614,0,0,0,0,14-3-29 20:28:22,1
GF7UX7B7SI,116.925,39.4519,0,0,0,0,14-3-29 20:30:23,1
GF7UX7B7SI,116.925,39.4519,0,0,0,0,14-3-29 20:32:24,0
GF7UX7B7SI,116.925,39.4519,0,0,0,0,14-3-29 20:34:25,1
GF7UX7B7SI,116.925,39.4519,0,0,0,0,14-3-29 20:36:26,0
GF7UX7B7SI,116.947,39.4099,0,0,0,0,14-3-29 20:38:27,1
GF7UX7B7SI,116.947,39.4082,0,0,0,0,14-3-29 20:40:28,1
GF7UX7B7SI,116.947,39.4082,0,0,0,0,14-3-29 20:42:29,1
GF7UX7B7SI,116.955,39.3555,0,0,0,0,14-3-29 20:44:30,1
GF7UX7B7SI,116.955,39.354,0,0,0,0,14-3-29 20:46:31,1
GF7UX7B7SI,116.951,39.3398,0,0,0,0,14-3-29 20:48:32,1
GF7UX7B7SI,116.944,39.3114,0,0,0,0,14-3-29 20:50:33,1
GF7UX7B7SI,116.943,39.2921,0,0,0,0,14-3-29 20:52:34,1
GF7UX7B7SI,116.936,39.2759,0,0,0,0,14-3-29 20:54:35,1
GF7UX7B7SI,116.936,39.2759,0,0,0,0,14-3-29 20:56:36,0
GF7UX7B7SI,116.922,39.2385,0,0,0,0,14-3-29 20:58:37,1
GF7UX7B7SI,116.943,39.2355,0,0,0,0,14-3-29 21:0:38,1
GF7UX7B7SI,116.915,39.213,0,0,0,0,14-3-29 21:2:39,1
GF7UX7B7SI,116.911,39.19,0,0,0,0,14-3-29 21:4:40,1
GF7UX7B7SI,116.914,39.1775,0,0,0,0,14-3-29 21:6:48,1
GF7UX7B7SI,116.934,39.1705,0,0,0,0,14-3-29 21:8:49,1
GF7UX7B7SI,116.917,39.1342,0,0,0,0,14-3-29 21:10:50,1
GF7UX7B7SI,116.917,39.1342,0,0,0,0,14-3-29 21:12:51,1
GF7UX7B7SI,116.917,39.1342,0,0,0,0,14-3-29 21:14:52,1
GF7UX7B7SI,116.918,39.1036,0,0,0,0,14-3-29 21:16:53,1
GF7UX7B7SI,116.899,39.0816,0,0,0,0,14-3-29 21:18:54,1
GF7UX7B7SI,116.926,39.0799,0,0,0,0,14-3-29 21:20:55,1
GF7UX7B7SI,116.889,39.067,0,0,0,0,14-3-29 21:22:56,1
GF7UX7B7SI,116.876,39.0365,0,0,0,0,14-3-29 21:24:58,1
GF7UX7B7SI,116.883,39.0099,0,0,0,0,14-3-29 21:26:58,1
GF7UX7B7SI,116.848,39.0167,0,0,0,0,14-3-29 21:28:59,1
GF7UX7B7SI,116.881,38.9738,0,0,0,0,14-3-29 21:31:0,1
GF7UX7B7SI,116.885,38.973,0,0,0,0,14-3-29 21:33:1,1
GF7UX7B7SI,116.881,38.9454,0,0,0,0,14-3-29 21:35:2,1
GF7UX7B7SI,116.873,38.9292,0,0,0,0,14-3-29 21:37:3,1
GF7UX7B7SI,116.871,38.9084,0,0,0,0,14-3-29 21:39:4,1
GF7UX7B7SI,116.871,38.9084,0,0,0,0,14-3-29 21:41:5,0
GF7UX7B7SI,116.868,38.879,0,0,0,0,14-3-29 21:43:6,1
GF7UX7B7SI,116.868,38.879,0,0,0,0,14-3-29 21:45:7,1
GF7UX7B7SI,116.873,38.8353,0,0,0,0,14-3-29 21:47:8,1
GF7UX7B7SI,116.873,38.8353,0,0,0,0,14-3-29 21:49:9,0
GF7UX7B7SI,116.873,38.812,0,0,0,0,14-3-29 21:51:10,1
GF7UX7B7SI,116.873,38.7843,0,0,0,0,14-3-29 21:53:11,1
GF7UX7B7SI,116.877,38.7975,0,0,0,0,14-3-29 21:55:12,1
GF7UX7B7SI,116.877,38.7975,0,0,0,0,14-3-29 21:57:13,0
GF7UX7B7SI,116.877,38.757,0,0,0,0,14-3-29 21:59:14,1
GF7UX7B7SI,116.875,38.7092,0,0,0,0,14-3-29 22:1:15,1
GF7UX7B7SI,116.877,38.7142,0,0,0,0,14-3-29 22:3:16,1
GF7UX7B7SI,116.877,38.684,0,0,0,0,14-3-29 22:5:17,1
GF7UX7B7SI,116.877,38.684,0,0,0,0,14-3-29 22:7:25,1
GF7UX7B7SI,116.877,38.684,0,0,0,0,14-3-29 22:9:26,1
GF7UX7B7SI,116.877,38.684,0,0,0,0,14-3-29 22:11:27,1
GF7UX7B7SI,116.849,38.6385,0,0,0,0,14-3-29 22:20:57,1
GF7UX7B7SI,116.816,38.6097,0,0,0,0,14-3-29 22:22:58,1
GF7UX7B7SI,116.81,38.6041,0,0,0,0,14-3-29 22:25:0,1
GF7UX7B7SI,116.799,38.5872,0,0,0,0,14-3-29 22:27:1,1
GF7UX7B7SI,116.799,38.5872,0,0,0,0,14-3-29 22:29:2,0
GF7UX7B7SI,116.8,38.5499,0,0,0,0,14-3-29 22:31:4,1
GF7UX7B7SI,116.808,38.5304,0,0,0,0,14-3-29 22:33:4,1
GF7UX7B7SI,116.808,38.5304,0,0,0,0,14-3-29 22:35:5,0
GF7UX7B7SI,116.81,38.4981,0,0,0,0,14-3-29 22:37:6,1
GF7UX7B7SI,116.793,38.4934,0,0,0,0,14-3-29 22:39:7,1
GF7UX7B7SI,116.81,38.4623,0,0,0,0,14-3-29 22:41:8,1
GF7UX7B7SI,116.81,38.4623,0,0,0,0,14-3-29 22:43:9,1
GF7UX7B7SI,116.805,38.4369,0,0,0,0,14-3-29 22:45:10,1
GF7UX7B7SI,116.792,38.4135,0,0,0,0,14-3-29 22:47:11,1
GF7UX7B7SI,116.776,38.3944,0,0,0,0,14-3-29 22:49:12,1
GF7UX7B7SI,116.769,38.3796,0,0,0,0,14-3-29 22:51:13,1
GF7UX7B7SI,116.758,38.3538,0,0,0,0,14-3-29 22:53:14,1
GF7UX7B7SI,116.756,38.3506,0,0,0,0,14-3-29 22:55:15,1
GF7UX7B7SI,116.747,38.3228,0,0,0,0,14-3-29 22:57:16,1
GF7UX7B7SI,116.757,38.3424,0,0,0,0,14-3-29 22:59:18,1
GF7UX7B7SI,116.746,38.2926,0,0,0,0,14-3-29 23:1:18,1
GF7UX7B7SI,116.746,38.2926,0,0,0,0,14-3-29 23:3:19,1
GF7UX7B7SI,116.748,38.2748,0,0,0,0,14-3-29 23:5:20,1
GF7UX7B7SI,116.726,38.2374,0,0,0,0,14-3-29 23:7:27,1
GF7UX7B7SI,116.718,38.268,0,0,0,0,14-3-29 23:9:28,1
GF7UX7B7SI,116.74,38.215,0,0,0,0,14-3-29 23:11:29,1
GF7UX7B7SI,116.703,38.1966,0,0,0,0,14-3-29 23:13:30,1
GF7UX7B7SI,116.703,38.1966,0,0,0,0,14-3-29 23:15:31,1
GF7UX7B7SI,116.696,38.165,0,0,0,0,14-3-29 23:17:32,1
GF7UX7B7SI,116.692,38.15,0,0,0,0,14-3-29 23:19:33,1
GF7UX7B7SI,116.692,38.1324,0,0,0,0,14-3-29 23:21:34,1
GF7UX7B7SI,116.683,38.1033,0,0,0,0,14-3-29 23:23:35,1
GF7UX7B7SI,116.677,38.0926,0,0,0,0,14-3-29 23:25:36,1
GF7UX7B7SI,116.664,38.0747,0,0,0,0,14-3-29 23:27:37,1
GF7UX7B7SI,116.659,38.0649,0,0,0,0,14-3-29 23:29:38,1
GF7UX7B7SI,116.655,38.0385,0,0,0,0,14-3-29 23:31:39,1
GF7UX7B7SI,116.653,38.0516,0,0,0,0,14-3-29 23:33:40,1
GF7UX7B7SI,116.647,38.0171,0,0,0,0,14-3-29 23:35:41,1
GF7UX7B7SI,116.631,37.9925,0,0,0,0,14-3-29 23:37:42,1
GF7UX7B7SI,116.631,37.9888,0,0,0,0,14-3-29 23:39:43,1
GF7UX7B7SI,116.614,37.9753,0,0,0,0,14-3-29 23:41:44,1
GF7UX7B7SI,116.604,37.9522,0,0,0,0,14-3-29 23:43:45,1
GF7UX7B7SI,116.585,37.9373,0,0,0,0,14-3-29 23:45:46,1
GF7UX7B7SI,116.584,37.929,0,0,0,0,14-3-29 23:47:47,1
GF7UX7B7SI,116.583,37.9085,0,0,0,0,14-3-29 23:49:48,1
GF7UX7B7SI,116.586,37.9005,0,0,0,0,14-3-29 23:51:49,1
GF7UX7B7SI,116.586,37.8777,0,0,0,0,14-3-29 23:53:50,1
GF7UX7B7SI,116.563,37.8496,0,0,0,0,14-3-29 23:55:51,1
GF7UX7B7SI,116.556,37.8423,0,0,0,0,14-3-29 23:57:52,1
GF7UX7B7SI,116.554,37.8309,0,0,0,0,14-3-29 23:59:53,1
GF7UX7B7SI,116.551,37.8107,0,0,0,0,14-3-30 0:1:54,1
GF7UX7B7SI,116.551,37.8107,0,0,0,0,14-3-30 0:3:55,1
GF7UX7B7SI,116.535,37.7706,0,0,0,0,14-3-30 0:5:56,1
GF7UX7B7SI,116.535,37.7706,0,0,0,0,14-3-30 0:8:4,1
GF7UX7B7SI,116.526,37.7452,0,0,0,0,14-3-30 0:10:5,1
GF7UX7B7SI,116.526,37.7452,0,0,0,0,14-3-30 0:12:6,0
GF7UX7B7SI,116.504,37.7251,0,0,0,0,14-3-30 0:14:7,1
GF7UX7B7SI,116.486,37.708,0,0,0,0,14-3-30 0:16:8,1
GF7UX7B7SI,116.486,37.708,0,0,0,0,14-3-30 0:18:9,1
GF7UX7B7SI,116.466,37.6746,0,0,0,0,14-3-30 0:20:10,1
GF7UX7B7SI,116.451,37.6405,0,0,0,0,14-3-30 0:22:11,1
GF7UX7B7SI,116.451,37.6405,0,0,0,0,14-3-30 0:24:12,0
GF7UX7B7SI,116.436,37.6168,0,0,0,0,14-3-30 0:26:13,1
GF7UX7B7SI,116.424,37.5889,0,0,0,0,14-3-30 0:28:14,1
GF7UX7B7SI,116.427,37.5907,0,0,0,0,14-3-30 0:30:15,1
GF7UX7B7SI,116.41,37.5671,0,0,0,0,14-3-30 0:32:16,1
GF7UX7B7SI,116.41,37.5671,0,0,0,0,14-3-30 0:34:17,1
GF7UX7B7SI,116.393,37.5336,0,0,0,0,14-3-30 0:36:18,1
GF7UX7B7SI,116.393,37.5336,0,0,0,0,14-3-30 0:38:19,0
GF7UX7B7SI,116.391,37.5144,0,0,0,0,14-3-30 0:40:20,1
GF7UX7B7SI,116.391,37.5144,0,0,0,0,14-3-30 0:42:21,0
GF7UX7B7SI,116.391,37.5144,0,0,0,0,14-3-30 0:44:22,0
GF7UX7B7SI,116.391,37.5144,0,0,0,0,14-3-30 0:46:23,0
GF7UX7B7SI,116.36,37.515,0,0,0,0,14-3-30 0:48:24,1
GF7UX7B7SI,116.36,37.515,0,0,0,0,14-3-30 0:50:25,0
GF7UX7B7SI,116.36,37.515,0,0,0,0,14-3-30 0:52:26,0
GF7UX7B7SI,116.36,37.515,0,0,0,0,14-3-30 0:54:27,0
GF7UX7B7SI,116.36,37.515,0,0,0,0,14-3-30 0:56:28,0
GF7UX7B7SI,116.36,37.515,0,0,0,0,14-3-30 0:58:29,0
GF7UX7B7SI,116.36,37.515,0,0,0,0,14-3-30 1:0:30,0
GF7UX7B7SI,116.36,37.515,0,0,0,0,14-3-30 1:2:31,0
GF7UX7B7SI,116.374,37.3954,0,0,0,0,14-3-30 1:4:32,1
GF7UX7B7SI,116.385,37.3528,0,0,0,0,14-3-30 1:6:40,1
GF7UX7B7SI,116.392,37.3384,0,0,0,0,14-3-30 1:8:41,1
GF7UX7B7SI,116.392,37.3384,0,0,0,0,14-3-30 1:10:43,1
GF7UX7B7SI,116.393,37.3362,0,0,0,0,14-3-30 1:12:43,1
GF7UX7B7SI,116.393,37.3362,0,0,0,0,14-3-30 1:14:44,1
GF7UX7B7SI,116.393,37.3362,0,0,0,0,14-3-30 1:16:45,1
GF7UX7B7SI,116.393,37.3362,0,0,0,0,14-3-30 1:18:46,0
GF7UX7B7SI,116.393,37.3362,0,0,0,0,14-3-30 1:20:47,0
GF7UX7B7SI,116.421,37.3021,0,0,0,0,14-3-30 1:22:48,1
GF7UX7B7SI,116.421,37.3021,0,0,0,0,14-3-30 1:24:49,1
GF7UX7B7SI,116.479,37.2297,0,0,0,0,14-3-30 1:32:30,1
GF7UX7B7SI,116.479,37.2297,0,0,0,0,14-3-30 1:34:31,0
GF7UX7B7SI,116.504,37.191,0,0,0,0,14-3-30 1:36:36,1
GF7UX7B7SI,116.504,37.191,0,0,0,0,14-3-30 1:38:37,0
GF7UX7B7SI,116.533,37.1615,0,0,0,0,14-3-30 1:40:38,1
GF7UX7B7SI,116.544,37.1504,0,0,0,0,14-3-30 1:42:39,1
GF7UX7B7SI,116.555,37.1328,0,0,0,0,14-3-30 1:44:40,1
GF7UX7B7SI,116.571,37.1141,0,0,0,0,14-3-30 1:46:41,1
GF7UX7B7SI,116.582,37.0985,0,0,0,0,14-3-30 1:48:42,1
GF7UX7B7SI,116.589,37.0933,0,0,0,0,14-3-30 1:50:43,1
GF7UX7B7SI,116.586,37.0973,0,0,0,0,14-3-30 1:52:44,1
GF7UX7B7SI,116.628,37.0482,0,0,0,0,14-3-30 1:54:45,1
GF7UX7B7SI,116.628,37.0482,0,0,0,0,14-3-30 1:56:46,1
GF7UX7B7SI,116.628,37.0482,0,0,0,0,14-3-30 1:58:47,0
GF7UX7B7SI,116.628,37.0482,0,0,0,0,14-3-30 2:0:48,0
GF7UX7B7SI,116.67,36.9907,0,0,0,0,14-3-30 2:2:49,1
GF7UX7B7SI,113.384,30.7931,0,0,0,0,14-3-30 2:4:50,1
GF7UX7B7SI,113.417,30.7698,0,0,0,0,14-3-30 2:6:54,1
GF7UX7B7SI,116.702,36.9328,0,0,0,0,14-3-30 2:8:55,1
GF7UX7B7SI,116.706,36.9254,0,0,0,0,14-3-30 2:10:56,1
GF7UX7B7SI,116.714,36.9091,0,0,0,0,14-3-30 2:12:57,1
GF7UX7B7SI,116.714,36.9091,0,0,0,0,14-3-30 2:14:58,0
GF7UX7B7SI,116.746,36.8696,0,0,0,0,14-3-30 2:16:59,1
GF7UX7B7SI,116.753,36.8561,0,0,0,0,14-3-30 2:19:0,1
GF7UX7B7SI,116.761,36.8408,0,0,0,0,14-3-30 2:21:1,1
GF7UX7B7SI,116.789,36.8042,0,0,0,0,14-3-30 2:25:4,1
GF7UX7B7SI,116.803,36.7844,0,0,0,0,14-3-30 2:27:4,1
GF7UX7B7SI,116.81,36.775,0,0,0,0,14-3-30 2:29:5,1
GF7UX7B7SI,116.834,36.7596,0,0,0,0,14-3-30 2:31:6,1
GF7UX7B7SI,116.848,36.7446,0,0,0,0,14-3-30 2:33:7,1
GF7UX7B7SI,116.868,36.7007,0,0,0,0,14-3-30 2:39:10,1
GF7UX7B7SI,116.873,36.6843,0,0,0,0,14-3-30 2:41:11,1
GF7UX7B7SI,116.878,36.6617,0,0,0,0,14-3-30 2:43:12,1
GF7UX7B7SI,116.879,36.6479,0,0,0,0,14-3-30 2:45:13,1
GF7UX7B7SI,116.881,36.6363,0,0,0,0,14-3-30 2:47:14,1
GF7UX7B7SI,116.882,36.6128,0,0,0,0,14-3-30 2:49:15,1
GF7UX7B7SI,116.867,36.5904,0,0,0,0,14-3-30 2:51:16,1
GF7UX7B7SI,116.859,36.5788,0,0,0,0,14-3-30 2:53:17,1
GF7UX7B7SI,116.852,36.5613,0,0,0,0,14-3-30 2:55:18,1
GF7UX7B7SI,116.843,36.5479,0,0,0,0,14-3-30 2:57:19,1
GF7UX7B7SI,116.843,36.5305,0,0,0,0,14-3-30 2:59:20,1
GF7UX7B7SI,116.841,36.5254,0,0,0,0,14-3-30 3:1:21,1
GF7UX7B7SI,116.849,36.4952,0,0,0,0,14-3-30 3:3:22,1
GF7UX7B7SI,116.857,36.4882,0,0,0,0,14-3-30 3:5:23,1
GF7UX7B7SI,116.871,36.4684,0,0,0,0,14-3-30 3:7:31,1
GF7UX7B7SI,116.873,36.4672,0,0,0,0,14-3-30 3:9:32,1
GF7UX7B7SI,116.887,36.4492,0,0,0,0,14-3-30 3:11:33,1
GF7UX7B7SI,116.887,36.434,0,0,0,0,14-3-30 3:13:34,1
GF7UX7B7SI,116.888,36.4271,0,0,0,0,14-3-30 3:15:35,1
GF7UX7B7SI,116.889,36.4235,0,0,0,0,14-3-30 3:17:36,1
GF7UX7B7SI,116.89,36.4129,0,0,0,0,14-3-30 3:19:37,1
GF7UX7B7SI,116.89,36.4129,0,0,0,0,14-3-30 3:21:38,0
GF7UX7B7SI,116.89,36.4129,0,0,0,0,14-3-30 3:23:39,0
GF7UX7B7SI,116.89,36.4129,0,0,0,0,14-3-30 3:25:40,0
GF7UX7B7SI,116.908,36.3252,0,0,0,0,14-3-30 3:27:41,1
GF7UX7B7SI,116.934,36.3038,0,0,0,0,14-3-30 3:31:43,1
GF7UX7B7SI,116.944,36.2931,0,0,0,0,14-3-30 3:33:44,1
GF7UX7B7SI,116.951,36.2874,0,0,0,0,14-3-30 3:35:45,1
GF7UX7B7SI,116.951,36.2874,0,0,0,0,14-3-30 3:37:46,0
GF7UX7B7SI,116.989,36.2283,0,0,0,0,14-3-30 3:41:49,1
GF7UX7B7SI,117.028,36.1931,0,0,0,0,14-3-30 3:43:49,1
GF7UX7B7SI,116.992,36.2097,0,0,0,0,14-3-30 3:45:50,1
GF7UX7B7SI,117.011,36.1859,0,0,0,0,14-3-30 3:47:51,1
GF7UX7B7SI,117.027,36.172,0,0,0,0,14-3-30 3:49:52,1
GF7UX7B7SI,117.038,36.155,0,0,0,0,14-3-30 3:51:53,1
GF7UX7B7SI,117.038,36.155,0,0,0,0,14-3-30 3:53:54,0
GF7UX7B7SI,117.064,36.1409,0,0,0,0,14-3-30 3:55:55,1
GF7UX7B7SI,117.097,36.1433,0,0,0,0,14-3-30 3:57:57,1
GF7UX7B7SI,117.116,36.1432,0,0,0,0,14-3-30 3:59:57,1
GF7UX7B7SI,117.116,36.1432,0,0,0,0,14-3-30 4:1:58,0
GF7UX7B7SI,117.116,36.1432,0,0,0,0,14-3-30 4:3:59,0
GF7UX7B7SI,117.116,36.1432,0,0,0,0,14-3-30 4:6:0,0
GF7UX7B7SI,117.116,36.1432,0,0,0,0,14-3-30 4:8:1,0
GF7UX7B7SI,117.116,36.1432,0,0,0,0,14-3-30 4:10:8,0
GF7UX7B7SI,117.116,36.1432,0,0,0,0,14-3-30 4:12:9,0
GF7UX7B7SI,117.116,36.1432,0,0,0,0,14-3-30 4:14:10,0
GF7UX7B7SI,117.116,36.1432,0,0,0,0,14-3-30 4:16:11,0
GF7UX7B7SI,117.116,36.1432,0,0,0,0,14-3-30 4:18:12,0
GF7UX7B7SI,117.116,36.1432,0,0,0,0,14-3-30 4:25:23,0
GF7UX7B7SI,117.116,36.1432,0,0,0,0,14-3-30 4:27:24,0
GF7UX7B7SI,117.116,36.1432,0,0,0,0,14-3-30 4:29:28,0
GF7UX7B7SI,117.116,36.1432,0,0,0,0,14-3-30 4:31:29,0
GF7UX7B7SI,117.116,36.1432,0,0,0,0,14-3-30 4:33:30,0
GF7UX7B7SI,117.116,36.1432,0,0,0,0,14-3-30 4:35:31,0
GF7UX7B7SI,117.116,36.1432,0,0,0,0,14-3-30 4:37:32,0
GF7UX7B7SI,117.116,36.1432,0,0,0,0,14-3-30 4:39:33,0
GF7UX7B7SI,117.116,36.1432,0,0,0,0,14-3-30 4:41:34,0
GF7UX7B7SI,117.116,36.1432,0,0,0,0,14-3-30 4:48:53,0
GF7UX7B7SI,117.116,36.1432,0,0,0,0,14-3-30 4:50:54,0
GF7UX7B7SI,117.116,36.1432,0,0,0,0,14-3-30 4:52:57,0
GF7UX7B7SI,117.116,36.1432,0,0,0,0,14-3-30 4:54:58,0
GF7UX7B7SI,117.116,36.1432,0,0,0,0,14-3-30 4:56:59,0
GF7UX7B7SI,117.116,36.1432,0,0,0,0,14-3-30 4:59:0,0
GF7UX7B7SI,117.116,36.1432,0,0,0,0,14-3-30 5:1:2,0
GF7UX7B7SI,117.644,35.8681,0,0,0,0,14-3-30 5:9:22,1
GF7UX7B7SI,117.644,35.8681,0,0,0,0,14-3-30 5:11:24,1
GF7UX7B7SI,117.649,35.864,0,0,0,0,14-3-30 5:13:27,1
GF7UX7B7SI,117.649,35.864,0,0,0,0,14-3-30 5:15:28,1
GF7UX7B7SI,117.656,35.864,0,0,0,0,14-3-30 5:17:29,1
GF7UX7B7SI,117.688,35.845,0,0,0,0,14-3-30 5:19:30,1
GF7UX7B7SI,117.688,35.845,0,0,0,0,14-3-30 5:24:10,0
GF7UX7B7SI,117.688,35.845,0,0,0,0,14-3-30 5:26:11,0
GF7UX7B7SI,117.688,35.845,0,0,0,0,14-3-30 5:28:13,0
GF7UX7B7SI,117.688,35.845,0,0,0,0,14-3-30 5:30:14,0
GF7UX7B7SI,117.688,35.845,0,0,0,0,14-3-30 5:37:44,0
GF7UX7B7SI,117.688,35.845,0,0,0,0,14-3-30 5:39:45,0
GF7UX7B7SI,117.688,35.845,0,0,0,0,14-3-30 5:41:48,0
GF7UX7B7SI,117.852,35.7325,0,0,0,0,14-3-30 5:43:49,1
GF7UX7B7SI,117.88,35.7218,0,0,0,0,14-3-30 5:45:50,1
GF7UX7B7SI,117.903,35.7082,0,0,0,0,14-3-30 5:47:51,1
GF7UX7B7SI,117.903,35.7082,0,0,0,0,14-3-30 5:49:52,0
GF7UX7B7SI,117.92,35.692,0,0,0,0,14-3-30 5:51:53,1
GF7UX7B7SI,117.933,35.6812,0,0,0,0,14-3-30 5:53:54,1
GF7UX7B7SI,117.968,35.667,0,0,0,0,14-3-30 5:55:55,1
GF7UX7B7SI,117.975,35.6562,0,0,0,0,14-3-30 5:57:56,1
GF7UX7B7SI,117.988,35.6457,0,0,0,0,14-3-30 5:59:57,1
GF7UX7B7SI,118.001,35.6357,0,0,0,0,14-3-30 6:1:58,1
GF7UX7B7SI,118.018,35.6163,0,0,0,0,14-3-30 6:3:59,1
GF7UX7B7SI,118.027,35.6085,0,0,0,0,14-3-30 6:6:0,1
GF7UX7B7SI,118.038,35.599,0,0,0,0,14-3-30 6:8:4,1
GF7UX7B7SI,118.053,35.5919,0,0,0,0,14-3-30 6:10:5,1
GF7UX7B7SI,118.07,35.5799,0,0,0,0,14-3-30 6:12:6,1
GF7UX7B7SI,118.094,35.5646,0,0,0,0,14-3-30 6:14:7,1
GF7UX7B7SI,118.12,35.5532,0,0,0,0,14-3-30 6:16:8,1
GF7UX7B7SI,118.135,35.5442,0,0,0,0,14-3-30 6:18:9,1
GF7UX7B7SI,118.149,35.5308,0,0,0,0,14-3-30 6:20:10,1
GF7UX7B7SI,118.149,35.5308,0,0,0,0,14-3-30 6:22:11,1
GF7UX7B7SI,118.217,35.4708,0,0,0,0,14-3-30 6:29:18,1
GF7UX7B7SI,118.225,35.4605,0,0,0,0,14-3-30 6:31:19,1
GF7UX7B7SI,118.237,35.4341,0,0,0,0,14-3-30 6:33:23,1
GF7UX7B7SI,118.237,35.4341,0,0,0,0,14-3-30 6:35:24,0
GF7UX7B7SI,118.254,35.4018,0,0,0,0,14-3-30 6:37:25,1
GF7UX7B7SI,118.254,35.3865,0,0,0,0,14-3-30 6:39:26,1
GF7UX7B7SI,118.254,35.3695,0,0,0,0,14-3-30 6:41:27,1
GF7UX7B7SI,118.254,35.3695,0,0,0,0,14-3-30 6:43:28,0
GF7UX7B7SI,118.252,35.3288,0,0,0,0,14-3-30 6:45:29,1
GF7UX7B7SI,118.252,35.3288,0,0,0,0,14-3-30 6:47:31,0
GF7UX7B7SI,118.251,35.2929,0,0,0,0,14-3-30 6:49:31,1
GF7UX7B7SI,118.252,35.2663,0,0,0,0,14-3-30 6:51:32,1
GF7UX7B7SI,118.252,35.2663,0,0,0,0,14-3-30 6:53:33,0
GF7UX7B7SI,118.25,35.2341,0,0,0,0,14-3-30 6:55:34,1
GF7UX7B7SI,118.249,35.2148,0,0,0,0,14-3-30 6:57:35,1
GF7UX7B7SI,118.246,35.1948,0,0,0,0,14-3-30 6:59:36,1
GF7UX7B7SI,118.243,35.1796,0,0,0,0,14-3-30 7:1:37,1
GF7UX7B7SI,118.245,35.1643,0,0,0,0,14-3-30 7:3:38,1
GF7UX7B7SI,118.25,35.1455,0,0,0,0,14-3-30 7:5:39,1
GF7UX7B7SI,118.25,35.1455,0,0,0,0,14-3-30 7:7:44,0
GF7UX7B7SI,118.24,35.1134,0,0,0,0,14-3-30 7:9:45,1
GF7UX7B7SI,118.24,35.1134,0,0,0,0,14-3-30 7:11:47,0
GF7UX7B7SI,118.24,35.1134,0,0,0,0,14-3-30 7:13:47,0
GF7UX7B7SI,118.231,35.0718,0,0,0,0,14-3-30 7:15:48,1
GF7UX7B7SI,118.22,35.0421,0,0,0,0,14-3-30 7:17:49,1
GF7UX7B7SI,118.215,35.0295,0,0,0,0,14-3-30 7:19:50,1
GF7UX7B7SI,118.209,35.0098,0,0,0,0,14-3-30 7:21:51,1
GF7UX7B7SI,118.206,34.9898,0,0,0,0,14-3-30 7:23:52,1
GF7UX7B7SI,118.207,34.9725,0,0,0,0,14-3-30 7:25:53,1
GF7UX7B7SI,118.207,34.9725,0,0,0,0,14-3-30 7:27:54,0
GF7UX7B7SI,118.207,34.9725,0,0,0,0,14-3-30 7:29:55,0
GF7UX7B7SI,118.207,34.9101,0,0,0,0,14-3-30 7:31:56,1
GF7UX7B7SI,118.208,34.8938,0,0,0,0,14-3-30 7:33:57,1
GF7UX7B7SI,118.206,34.8848,0,0,0,0,14-3-30 7:35:58,1
GF7UX7B7SI,118.203,34.8635,0,0,0,0,14-3-30 7:37:59,1
GF7UX7B7SI,118.203,34.8635,0,0,0,0,14-3-30 7:40:0,1
GF7UX7B7SI,118.203,34.8635,0,0,0,0,14-3-30 7:42:2,1
GF7UX7B7SI,118.203,34.8656,0,0,0,0,14-3-30 7:44:3,1
GF7UX7B7SI,118.2,34.859,0,0,0,0,14-3-30 7:46:4,1
GF7UX7B7SI,118.2,34.859,0,0,0,0,14-3-30 7:48:5,1
GF7UX7B7SI,118.201,34.8708,0,0,0,0,14-3-30 7:50:6,1
GF7UX7B7SI,118.201,34.8708,0,0,0,0,14-3-30 7:52:7,1
GF7UX7B7SI,118.203,34.8635,0,0,0,0,14-3-30 7:54:8,1
GF7UX7B7SI,118.203,34.8635,0,0,0,0,14-3-30 7:56:9,1
GF7UX7B7SI,118.203,34.8635,0,0,0,0,14-3-30 7:58:10,1
GF7UX7B7SI,118.203,34.8635,0,0,0,0,14-3-30 8:0:11,1
GF7UX7B7SI,118.203,34.8635,0,0,0,0,14-3-30 8:2:12,1
GF7UX7B7SI,118.203,34.8635,0,0,0,0,14-3-30 8:4:13,1
GF7UX7B7SI,118.203,34.8635,0,0,0,0,14-3-30 8:6:14,1
GF7UX7B7SI,118.203,34.8635,0,0,0,0,14-3-30 8:8:22,1
GF7UX7B7SI,118.203,34.8635,0,0,0,0,14-3-30 8:10:23,1
GF7UX7B7SI,118.203,34.8635,0,0,0,0,14-3-30 8:12:24,1
GF7UX7B7SI,118.203,34.8635,0,0,0,0,14-3-30 8:14:25,1
GF7UX7B7SI,118.203,34.8635,0,0,0,0,14-3-30 8:16:26,1
GF7UX7B7SI,118.203,34.8635,0,0,0,0,14-3-30 8:18:27,1
GF7UX7B7SI,118.203,34.8635,0,0,0,0,14-3-30 8:20:28,1
GF7UX7B7SI,118.203,34.8635,0,0,0,0,14-3-30 8:22:29,1
GF7UX7B7SI,118.203,34.8635,0,0,0,0,14-3-30 8:24:30,1
GF7UX7B7SI,118.203,34.8635,0,0,0,0,14-3-30 8:26:31,1
GF7UX7B7SI,118.203,34.8635,0,0,0,0,14-3-30 8:28:32,1
GF7UX7B7SI,118.203,34.8635,0,0,0,0,14-3-30 8:30:33,1
GF7UX7B7SI,118.203,34.8635,0,0,0,0,14-3-30 8:32:34,1
GF7UX7B7SI,118.203,34.8635,0,0,0,0,14-3-30 8:34:35,1
GF7UX7B7SI,118.203,34.8635,0,0,0,0,14-3-30 8:36:36,1
GF7UX7B7SI,118.203,34.8656,0,0,0,0,14-3-30 8:38:37,1
GF7UX7B7SI,118.203,34.8656,0,0,0,0,14-3-30 8:40:38,1
GF7UX7B7SI,118.203,34.8656,0,0,0,0,14-3-30 8:42:39,1
GF7UX7B7SI,118.203,34.8656,0,0,0,0,14-3-30 8:44:40,1
GF7UX7B7SI,118.203,34.8656,0,0,0,0,14-3-30 8:46:41,1
GF7UX7B7SI,118.203,34.8656,0,0,0,0,14-3-30 8:48:42,1
GF7UX7B7SI,118.203,34.8656,0,0,0,0,14-3-30 8:50:43,1
GF7UX7B7SI,118.203,34.8656,0,0,0,0,14-3-30 8:52:44,1
GF7UX7B7SI,118.203,34.8656,0,0,0,0,14-3-30 8:54:45,1
GF7UX7B7SI,118.203,34.8656,0,0,0,0,14-3-30 8:56:46,1
GF7UX7B7SI,118.203,34.8656,0,0,0,0,14-3-30 8:58:47,1
GF7UX7B7SI,118.203,34.8656,0,0,0,0,14-3-30 9:0:48,1
GF7UX7B7SI,118.203,34.8656,0,0,0,0,14-3-30 9:2:49,1
GF7UX7B7SI,118.203,34.8656,0,0,0,0,14-3-30 9:4:50,1
GF7UX7B7SI,118.203,34.8656,0,0,0,0,14-3-30 9:6:51,1
GF7UX7B7SI,118.203,34.8656,0,0,0,0,14-3-30 9:8:59,1
GF7UX7B7SI,118.203,34.8656,0,0,0,0,14-3-30 9:11:0,1
GF7UX7B7SI,118.203,34.8635,0,0,0,0,14-3-30 9:13:1,1
GF7UX7B7SI,118.203,34.8635,0,0,0,0,14-3-30 9:15:2,1
GF7UX7B7SI,118.2,34.859,0,0,0,0,14-3-30 9:17:3,1
GF7UX7B7SI,118.2,34.859,0,0,0,0,14-3-30 9:19:5,0
GF7UX7B7SI,118.209,34.8248,0,0,0,0,14-3-30 9:21:6,1
GF7UX7B7SI,118.21,34.8071,0,0,0,0,14-3-30 9:23:7,1
GF7UX7B7SI,118.209,34.7881,0,0,0,0,14-3-30 9:25:8,1
GF7UX7B7SI,118.209,34.7881,0,0,0,0,14-3-30 9:27:9,0
GF7UX7B7SI,118.215,34.7572,0,0,0,0,14-3-30 9:29:10,1
GF7UX7B7SI,118.215,34.7572,0,0,0,0,14-3-30 9:38:46,0
GF7UX7B7SI,118.24,34.6461,0,0,0,0,14-3-30 9:40:47,1
GF7UX7B7SI,118.243,34.6249,0,0,0,0,14-3-30 9:42:47,1
GF7UX7B7SI,118.243,34.6249,0,0,0,0,14-3-30 9:44:48,0
GF7UX7B7SI,118.243,34.6249,0,0,0,0,14-3-30 9:46:50,0
GF7UX7B7SI,118.26,34.5681,0,0,0,0,14-3-30 9:48:51,1
GF7UX7B7SI,118.26,34.5602,0,0,0,0,14-3-30 9:50:51,1
GF7UX7B7SI,118.268,34.5373,0,0,0,0,14-3-30 9:52:52,1
GF7UX7B7SI,118.276,34.5247,0,0,0,0,14-3-30 9:54:54,1
GF7UX7B7SI,118.285,34.5045,0,0,0,0,14-3-30 9:56:54,1
GF7UX7B7SI,118.298,34.4853,0,0,0,0,14-3-30 9:58:55,1
GF7UX7B7SI,118.319,34.463,0,0,0,0,14-3-30 10:0:56,1
GF7UX7B7SI,118.33,34.4494,0,0,0,0,14-3-30 10:2:58,1
GF7UX7B7SI,118.337,34.4441,0,0,0,0,14-3-30 10:4:58,1
GF7UX7B7SI,118.337,34.4441,0,0,0,0,14-3-30 10:6:59,0
GF7UX7B7SI,118.337,34.4441,0,0,0,0,14-3-30 10:9:8,0
GF7UX7B7SI,118.337,34.4441,0,0,0,0,14-3-30 10:11:9,0
GF7UX7B7SI,118.337,34.4441,0,0,0,0,14-3-30 10:13:10,0
GF7UX7B7SI,118.407,34.4059,0,0,0,0,14-3-30 10:15:13,1
GF7UX7B7SI,118.42,34.3924,0,0,0,0,14-3-30 10:17:13,1
GF7UX7B7SI,118.443,34.3686,0,0,0,0,14-3-30 10:19:14,1
GF7UX7B7SI,118.456,34.3615,0,0,0,0,14-3-30 10:21:15,1
GF7UX7B7SI,118.472,34.3493,0,0,0,0,14-3-30 10:23:16,1
GF7UX7B7SI,118.501,34.3433,0,0,0,0,14-3-30 10:25:17,1
GF7UX7B7SI,118.501,34.3433,0,0,0,0,14-3-30 10:27:18,1
GF7UX7B7SI,118.523,34.334,0,0,0,0,14-3-30 10:29:19,1
GF7UX7B7SI,118.547,34.325,0,0,0,0,14-3-30 10:31:20,1
GF7UX7B7SI,118.563,34.3172,0,0,0,0,14-3-30 10:33:21,1
GF7UX7B7SI,118.563,34.3172,0,0,0,0,14-3-30 10:35:22,1
GF7UX7B7SI,118.607,34.2953,0,0,0,0,14-3-30 10:37:23,1
GF7UX7B7SI,118.624,34.285,0,0,0,0,14-3-30 10:39:25,1
GF7UX7B7SI,118.645,34.2726,0,0,0,0,14-3-30 10:41:25,1
GF7UX7B7SI,118.663,34.2563,0,0,0,0,14-3-30 10:43:26,1
GF7UX7B7SI,118.676,34.2517,0,0,0,0,14-3-30 10:45:27,1
GF7UX7B7SI,118.7,34.2349,0,0,0,0,14-3-30 10:47:28,1
GF7UX7B7SI,118.706,34.2282,0,0,0,0,14-3-30 10:49:29,1
GF7UX7B7SI,118.701,34.2041,0,0,0,0,14-3-30 10:51:30,1
GF7UX7B7SI,118.744,34.1946,0,0,0,0,14-3-30 10:53:31,1
GF7UX7B7SI,118.75,34.1852,0,0,0,0,14-3-30 10:55:32,1
GF7UX7B7SI,118.767,34.1736,0,0,0,0,14-3-30 10:57:33,1
GF7UX7B7SI,118.779,34.1597,0,0,0,0,14-3-30 10:59:34,1
GF7UX7B7SI,118.794,34.1403,0,0,0,0,14-3-30 11:1:36,1
GF7UX7B7SI,118.799,34.1275,0,0,0,0,14-3-30 11:3:36,1
GF7UX7B7SI,118.818,34.1138,0,0,0,0,14-3-30 11:5:37,1
GF7UX7B7SI,118.826,34.0972,0,0,0,0,14-3-30 11:7:38,1
GF7UX7B7SI,118.843,34.0695,0,0,0,0,14-3-30 11:9:47,1
GF7UX7B7SI,118.848,34.0626,0,0,0,0,14-3-30 11:11:47,1
GF7UX7B7SI,118.86,34.0497,0,0,0,0,14-3-30 11:13:49,1
GF7UX7B7SI,118.874,34.035,0,0,0,0,14-3-30 11:15:49,1
GF7UX7B7SI,118.88,34.0269,0,0,0,0,14-3-30 11:17:50,1
GF7UX7B7SI,118.88,34.0269,0,0,0,0,14-3-30 11:19:51,0
GF7UX7B7SI,118.903,33.981,0,0,0,0,14-3-30 11:21:52,1
GF7UX7B7SI,118.915,33.9632,0,0,0,0,14-3-30 11:23:53,1
GF7UX7B7SI,118.923,33.947,0,0,0,0,14-3-30 11:25:54,1
GF7UX7B7SI,118.933,33.9331,0,0,0,0,14-3-30 11:27:55,1
GF7UX7B7SI,118.954,33.9067,0,0,0,0,14-3-30 11:31:58,1
GF7UX7B7SI,118.966,33.889,0,0,0,0,14-3-30 11:33:58,1
GF7UX7B7SI,118.979,33.8697,0,0,0,0,14-3-30 11:35:59,1
GF7UX7B7SI,118.979,33.8697,0,0,0,0,14-3-30 11:38:0,1
GF7UX7B7SI,118.979,33.8697,0,0,0,0,14-3-30 11:40:1,1
GF7UX7B7SI,119.047,33.7885,0,0,0,0,14-3-30 11:47:20,1
GF7UX7B7SI,119.06,33.7705,0,0,0,0,14-3-30 11:49:21,1
GF7UX7B7SI,119.064,33.7668,0,0,0,0,14-3-30 11:51:27,1
GF7UX7B7SI,119.081,33.7463,0,0,0,0,14-3-30 11:53:28,1
GF7UX7B7SI,119.091,33.7337,0,0,0,0,14-3-30 11:55:29,1
GF7UX7B7SI,119.091,33.7059,0,0,0,0,14-3-30 11:57:30,1
GF7UX7B7SI,119.118,33.7101,0,0,0,0,14-3-30 11:59:31,1
GF7UX7B7SI,119.116,33.694,0,0,0,0,14-3-30 12:1:32,1
GF7UX7B7SI,119.116,33.694,0,0,0,0,14-3-30 12:3:33,0
GF7UX7B7SI,119.116,33.694,0,0,0,0,14-3-30 12:5:34,0
GF7UX7B7SI,119.116,33.694,0,0,0,0,14-3-30 12:7:35,0
GF7UX7B7SI,119.116,33.694,0,0,0,0,14-3-30 12:9:38,0
GF7UX7B7SI,119.116,33.694,0,0,0,0,14-3-30 12:11:39,0
GF7UX7B7SI,119.201,33.5347,0,0,0,0,14-3-30 12:19:36,1
GF7UX7B7SI,119.209,33.5235,0,0,0,0,14-3-30 12:21:37,1
GF7UX7B7SI,119.22,33.499,0,0,0,0,14-3-30 12:23:40,1
GF7UX7B7SI,119.223,33.4945,0,0,0,0,14-3-30 12:25:41,1
GF7UX7B7SI,119.223,33.4945,0,0,0,0,14-3-30 12:27:42,0
GF7UX7B7SI,119.242,33.4522,0,0,0,0,14-3-30 12:29:43,1
GF7UX7B7SI,119.242,33.4522,0,0,0,0,14-3-30 12:31:44,1
GF7UX7B7SI,119.283,33.4494,0,0,0,0,14-3-30 12:33:45,1
GF7UX7B7SI,119.283,33.4494,0,0,0,0,14-3-30 12:35:46,1
GF7UX7B7SI,119.329,33.4485,0,0,0,0,14-3-30 12:37:47,1
GF7UX7B7SI,119.333,33.4485,0,0,0,0,14-3-30 12:39:48,1
GF7UX7B7SI,119.348,33.4486,0,0,0,0,14-3-30 12:41:49,1
GF7UX7B7SI,119.348,33.4486,0,0,0,0,14-3-30 12:43:50,1
GF7UX7B7SI,119.348,33.4486,0,0,0,0,14-3-30 12:45:51,1
GF7UX7B7SI,119.365,33.4489,0,0,0,0,14-3-30 12:47:52,1
GF7UX7B7SI,119.388,33.4498,0,0,0,0,14-3-30 12:49:53,1
GF7UX7B7SI,119.388,33.4498,0,0,0,0,14-3-30 12:51:54,1
GF7UX7B7SI,119.425,33.451,0,0,0,0,14-3-30 12:53:55,1
GF7UX7B7SI,119.457,33.4497,0,0,0,0,14-3-30 12:55:56,1
GF7UX7B7SI,119.473,33.4492,0,0,0,0,14-3-30 12:57:57,1
GF7UX7B7SI,119.488,33.4488,0,0,0,0,14-3-30 12:59:58,1
GF7UX7B7SI,119.488,33.4488,0,0,0,0,14-3-30 13:1:59,1
GF7UX7B7SI,119.541,33.4459,0,0,0,0,14-3-30 13:4:0,1
GF7UX7B7SI,119.564,33.448,0,0,0,0,14-3-30 13:6:1,1
GF7UX7B7SI,119.564,33.448,0,0,0,0,14-3-30 13:8:2,1
GF7UX7B7SI,119.598,33.446,0,0,0,0,14-3-30 13:10:8,1
GF7UX7B7SI,119.639,33.4383,0,0,0,0,14-3-30 13:14:11,1
GF7UX7B7SI,119.669,33.4286,0,0,0,0,14-3-30 13:16:11,1
GF7UX7B7SI,119.679,33.4269,0,0,0,0,14-3-30 13:18:12,1
GF7UX7B7SI,119.679,33.4269,0,0,0,0,14-3-30 13:20:13,0
GF7UX7B7SI,119.679,33.4269,0,0,0,0,14-3-30 13:22:14,0
GF7UX7B7SI,119.679,33.4269,0,0,0,0,14-3-30 13:24:15,0
GF7UX7B7SI,119.771,33.4099,0,0,0,0,14-3-30 13:26:16,1
GF7UX7B7SI,119.785,33.405,0,0,0,0,14-3-30 13:28:17,1
GF7UX7B7SI,119.8,33.3984,0,0,0,0,14-3-30 13:30:18,1
GF7UX7B7SI,119.822,33.3885,0,0,0,0,14-3-30 13:32:19,1
GF7UX7B7SI,119.853,33.3787,0,0,0,0,14-3-30 13:34:20,1
GF7UX7B7SI,119.869,33.3722,0,0,0,0,14-3-30 13:36:21,1
GF7UX7B7SI,119.889,33.3619,0,0,0,0,14-3-30 13:38:22,1
GF7UX7B7SI,119.897,33.3584,0,0,0,0,14-3-30 13:40:23,1
GF7UX7B7SI,119.923,33.3512,0,0,0,0,14-3-30 13:42:24,1
GF7UX7B7SI,119.929,33.3497,0,0,0,0,14-3-30 13:44:25,1
GF7UX7B7SI,119.956,33.3382,0,0,0,0,14-3-30 13:46:26,1
GF7UX7B7SI,119.98,33.3286,0,0,0,0,14-3-30 13:48:27,1
GF7UX7B7SI,119.997,33.3188,0,0,0,0,14-3-30 13:50:28,1
GF7UX7B7SI,120.014,33.311,0,0,0,0,14-3-30 13:52:29,1
GF7UX7B7SI,120.024,33.3084,0,0,0,0,14-3-30 13:54:30,1
GF7UX7B7SI,120.024,33.3084,0,0,0,0,14-3-30 13:56:31,0
GF7UX7B7SI,120.024,33.3084,0,0,0,0,14-3-30 13:58:32,0
GF7UX7B7SI,120.024,33.3084,0,0,0,0,14-3-30 14:0:33,0
GF7UX7B7SI,120.024,33.3084,0,0,0,0,14-3-30 14:2:34,0
GF7UX7B7SI,120.137,33.282,0,0,0,0,14-3-30 14:4:35,1
GF7UX7B7SI,120.169,33.2801,0,0,0,0,14-3-30 14:6:36,1
GF7UX7B7SI,120.179,33.2814,0,0,0,0,14-3-30 14:8:45,1
GF7UX7B7SI,120.196,33.2812,0,0,0,0,14-3-30 14:10:46,1
GF7UX7B7SI,120.249,33.2852,0,0,0,0,14-3-30 14:14:49,1
GF7UX7B7SI,120.269,33.2909,0,0,0,0,14-3-30 14:16:49,1
GF7UX7B7SI,120.303,33.2946,0,0,0,0,14-3-30 14:18:50,1
GF7UX7B7SI,120.303,33.2946,0,0,0,0,14-3-30 14:20:51,1
GF7UX7B7SI,120.303,33.2946,0,0,0,0,14-3-30 14:31:14,0
GF7UX7B7SI,120.303,33.2946,0,0,0,0,14-3-30 14:33:15,0
GF7UX7B7SI,120.303,33.2946,0,0,0,0,14-3-30 14:35:19,0
GF7UX7B7SI,120.303,33.2946,0,0,0,0,14-3-30 14:37:21,0
GF7UX7B7SI,120.303,33.2946,0,0,0,0,14-3-30 14:39:21,0
GF7UX7B7SI,120.379,33.1295,0,0,0,0,14-3-30 14:41:22,1
GF7UX7B7SI,120.379,33.1295,0,0,0,0,14-3-30 14:43:23,0
GF7UX7B7SI,120.382,33.0935,0,0,0,0,14-3-30 14:45:24,1
GF7UX7B7SI,120.382,33.0935,0,0,0,0,14-3-30 14:47:25,0
GF7UX7B7SI,120.382,33.0935,0,0,0,0,14-3-30 14:49:26,0
GF7UX7B7SI,120.382,33.0935,0,0,0,0,14-3-30 14:51:27,0
GF7UX7B7SI,120.382,33.0935,0,0,0,0,14-3-30 14:53:28,0
GF7UX7B7SI,120.382,33.0935,0,0,0,0,14-3-30 14:55:29,0
GF7UX7B7SI,120.382,33.0935,0,0,0,0,14-3-30 14:57:30,0
GF7UX7B7SI,120.382,33.0935,0,0,0,0,14-3-30 14:59:32,0
GF7UX7B7SI,120.382,33.0935,0,0,0,0,14-3-30 15:1:32,0
GF7UX7B7SI,120.382,33.0935,0,0,0,0,14-3-30 15:3:33,0
GF7UX7B7SI,120.408,32.9105,0,0,0,0,14-3-30 15:5:34,1
GF7UX7B7SI,120.408,32.9105,0,0,0,0,14-3-30 15:7:35,1
GF7UX7B7SI,120.409,32.8902,0,0,0,0,14-3-30 15:9:40,1
GF7UX7B7SI,120.418,32.8676,0,0,0,0,14-3-30 15:11:41,1
GF7UX7B7SI,120.423,32.8554,0,0,0,0,14-3-30 15:13:42,1
GF7UX7B7SI,120.427,32.832,0,0,0,0,14-3-30 15:15:43,1
GF7UX7B7SI,120.434,32.8127,0,0,0,0,14-3-30 15:17:44,1
GF7UX7B7SI,120.434,32.8127,0,0,0,0,14-3-30 15:24:56,0
GF7UX7B7SI,120.472,32.7465,0,0,0,0,14-3-30 15:26:57,1
GF7UX7B7SI,120.481,32.7273,0,0,0,0,14-3-30 15:29:0,1
GF7UX7B7SI,120.49,32.7052,0,0,0,0,14-3-30 15:31:1,1
GF7UX7B7SI,120.494,32.6945,0,0,0,0,14-3-30 15:33:2,1
GF7UX7B7SI,120.508,32.6725,0,0,0,0,14-3-30 15:35:3,1
GF7UX7B7SI,120.52,32.6489,0,0,0,0,14-3-30 15:37:4,1
GF7UX7B7SI,120.55,32.5702,0,0,0,0,14-3-30 15:47:9,1
GF7UX7B7SI,120.552,32.5669,0,0,0,0,14-3-30 15:49:10,1
GF7UX7B7SI,120.562,32.5446,0,0,0,0,14-3-30 15:51:14,1
GF7UX7B7SI,120.571,32.516,0,0,0,0,14-3-30 15:53:15,1
GF7UX7B7SI,120.596,32.4598,0,0,0,0,14-3-30 16:0:36,1
GF7UX7B7SI,120.601,32.4469,0,0,0,0,14-3-30 16:2:37,1
GF7UX7B7SI,120.601,32.4469,0,0,0,0,14-3-30 16:4:40,0
GF7UX7B7SI,120.624,32.4198,0,0,0,0,14-3-30 16:6:41,1
GF7UX7B7SI,120.638,32.3931,0,0,0,0,14-3-30 16:8:43,1
GF7UX7B7SI,120.69,32.3546,0,0,0,0,14-3-30 16:16:6,1
GF7UX7B7SI,120.715,32.3347,0,0,0,0,14-3-30 16:18:7,1
GF7UX7B7SI,120.715,32.3347,0,0,0,0,14-3-30 16:25:28,0
GF7UX7B7SI,120.768,32.291,0,0,0,0,14-3-30 16:27:29,1
GF7UX7B7SI,120.768,32.291,0,0,0,0,14-3-30 16:29:32,1
GF7UX7B7SI,120.768,32.291,0,0,0,0,14-3-30 16:31:33,1
GF7UX7B7SI,120.768,32.291,0,0,0,0,14-3-30 16:33:34,1
GF7UX7B7SI,120.768,32.291,0,0,0,0,14-3-30 16:35:35,1
GF7UX7B7SI,120.768,32.291,0,0,0,0,14-3-30 16:37:36,1
GF7UX7B7SI,120.768,32.291,0,0,0,0,14-3-30 16:39:37,1
GF7UX7B7SI,120.768,32.291,0,0,0,0,14-3-30 16:41:39,1
GF7UX7B7SI,120.768,32.291,0,0,0,0,14-3-30 16:43:39,1
GF7UX7B7SI,120.768,32.291,0,0,0,0,14-3-30 16:45:40,0
GF7UX7B7SI,120.776,32.2726,0,0,0,0,14-3-30 16:47:41,1
GF7UX7B7SI,120.784,32.2591,0,0,0,0,14-3-30 16:49:43,1
GF7UX7B7SI,120.784,32.2591,0,0,0,0,14-3-30 16:51:43,0
GF7UX7B7SI,120.805,32.2259,0,0,0,0,14-3-30 16:53:44,1
GF7UX7B7SI,120.814,32.2116,0,0,0,0,14-3-30 16:55:45,1
GF7UX7B7SI,120.814,32.2116,0,0,0,0,14-3-30 16:57:46,0
GF7UX7B7SI,120.814,32.2116,0,0,0,0,14-3-30 16:59:47,0
GF7UX7B7SI,120.855,32.169,0,0,0,0,14-3-30 17:1:48,1
GF7UX7B7SI,120.865,32.151,0,0,0,0,14-3-30 17:3:49,1
GF7UX7B7SI,120.875,32.1341,0,0,0,0,14-3-30 17:5:50,1
GF7UX7B7SI,120.884,32.1257,0,0,0,0,14-3-30 17:7:52,1
GF7UX7B7SI,120.899,32.1089,0,0,0,0,14-3-30 17:9:57,1
GF7UX7B7SI,120.899,32.1089,0,0,0,0,14-3-30 17:11:58,0
GF7UX7B7SI,120.93,32.0891,0,0,0,0,14-3-30 17:14:0,1
GF7UX7B7SI,120.93,32.0891,0,0,0,0,14-3-30 17:16:0,0
GF7UX7B7SI,120.963,32.0645,0,0,0,0,14-3-30 17:18:1,1
GF7UX7B7SI,120.965,32.0492,0,0,0,0,14-3-30 17:20:2,1
GF7UX7B7SI,120.969,32.0334,0,0,0,0,14-3-30 17:22:3,1
GF7UX7B7SI,120.978,32.0214,0,0,0,0,14-3-30 17:24:4,1
GF7UX7B7SI,120.987,32.0005,0,0,0,0,14-3-30 17:26:5,1
GF7UX7B7SI,120.987,31.9802,0,0,0,0,14-3-30 17:28:6,1
GF7UX7B7SI,120.987,31.9802,0,0,0,0,14-3-30 17:30:7,0
GF7UX7B7SI,120.994,31.947,0,0,0,0,14-3-30 17:32:8,1
GF7UX7B7SI,120.992,31.9336,0,0,0,0,14-3-30 17:34:9,1
GF7UX7B7SI,120.987,31.9145,0,0,0,0,14-3-30 17:36:10,1
GF7UX7B7SI,120.991,31.8981,0,0,0,0,14-3-30 17:38:11,1
GF7UX7B7SI,120.99,31.881,0,0,0,0,14-3-30 17:40:12,1
GF7UX7B7SI,120.988,31.8716,0,0,0,0,14-3-30 17:42:14,1
GF7UX7B7SI,120.986,31.8549,0,0,0,0,14-3-30 17:44:14,1
GF7UX7B7SI,120.986,31.8549,0,0,0,0,14-3-30 17:46:15,0
GF7UX7B7SI,120.996,31.8149,0,0,0,0,14-3-30 17:48:16,1
GF7UX7B7SI,120.996,31.8149,0,0,0,0,14-3-30 17:50:17,0
GF7UX7B7SI,120.996,31.8149,0,0,0,0,14-3-30 17:52:18,0
GF7UX7B7SI,120.996,31.8149,0,0,0,0,14-3-30 17:54:19,0
GF7UX7B7SI,120.996,31.8149,0,0,0,0,14-3-30 17:56:21,0
GF7UX7B7SI,120.979,31.7391,0,0,0,0,14-3-30 17:58:21,1
GF7UX7B7SI,120.966,31.7251,0,0,0,0,14-3-30 18:0:22,1
GF7UX7B7SI,120.966,31.7251,0,0,0,0,14-3-30 18:2:23,0
GF7UX7B7SI,120.948,31.6918,0,0,0,0,14-3-30 18:4:24,1
GF7UX7B7SI,120.948,31.6918,0,0,0,0,14-3-30 18:6:25,0
GF7UX7B7SI,120.936,31.6649,0,0,0,0,14-3-30 18:8:26,1
GF7UX7B7SI,120.946,31.6577,0,0,0,0,14-3-30 18:10:33,1
GF7UX7B7SI,120.946,31.6577,0,0,0,0,14-3-30 18:12:34,0
GF7UX7B7SI,120.985,31.6365,0,0,0,0,14-3-30 18:14:35,1
GF7UX7B7SI,121.002,31.6245,0,0,0,0,14-3-30 18:16:36,1
GF7UX7B7SI,121.015,31.6171,0,0,0,0,14-3-30 18:18:37,1
GF7UX7B7SI,121.028,31.6104,0,0,0,0,14-3-30 18:20:38,1
GF7UX7B7SI,121.051,31.5957,0,0,0,0,14-3-30 18:22:39,1
GF7UX7B7SI,121.059,31.5911,0,0,0,0,14-3-30 18:24:40,1
GF7UX7B7SI,121.086,31.572,0,0,0,0,14-3-30 18:26:41,1
GF7UX7B7SI,121.086,31.572,0,0,0,0,14-3-30 18:28:42,0
GF7UX7B7SI,121.086,31.572,0,0,0,0,14-3-30 18:30:43,0
GF7UX7B7SI,121.086,31.572,0,0,0,0,14-3-30 18:32:44,0
GF7UX7B7SI,121.086,31.572,0,0,0,0,14-3-30 18:34:45,0
GF7UX7B7SI,121.135,31.5015,0,0,0,0,14-3-30 18:36:46,1
GF7UX7B7SI,121.131,31.5092,0,0,0,0,14-3-30 18:38:47,1
GF7UX7B7SI,121.145,31.488,0,0,0,0,14-3-30 18:40:48,1
GF7UX7B7SI,121.151,31.4672,0,0,0,0,14-3-30 18:42:49,1
GF7UX7B7SI,121.151,31.4672,0,0,0,0,14-3-30 18:48:52,0
GF7UX7B7SI,121.151,31.4672,0,0,0,0,14-3-30 18:50:53,0
GF7UX7B7SI,121.151,31.4672,0,0,0,0,14-3-30 18:52:54,0
GF7UX7B7SI,121.197,31.389,0,0,0,0,14-3-30 18:54:55,1
GF7UX7B7SI,121.197,31.389,0,0,0,0,14-3-30 18:56:56,0
GF7UX7B7SI,121.197,31.389,0,0,0,0,14-3-30 18:58:57,0
GF7UX7B7SI,121.197,31.389,0,0,0,0,14-3-30 19:0:58,0
GF7UX7B7SI,121.197,31.389,0,0,0,0,14-3-30 19:2:59,0
GF7UX7B7SI,121.263,31.3656,0,0,0,0,14-3-30 19:5:0,1
GF7UX7B7SI,121.263,31.3656,0,0,0,0,14-3-30 19:7:1,0
GF7UX7B7SI,121.298,31.3742,0,0,0,0,14-3-30 19:9:11,1
GF7UX7B7SI,121.315,31.3746,0,0,0,0,14-3-30 19:11:12,1
GF7UX7B7SI,121.304,31.3714,0,0,0,0,14-3-30 19:13:13,1
GF7UX7B7SI,121.305,31.3601,0,0,0,0,14-3-30 19:15:14,1
GF7UX7B7SI,121.305,31.3601,0,0,0,0,14-3-30 19:17:15,0
GF7UX7B7SI,121.305,31.3601,0,0,0,0,14-3-30 19:19:16,0
GF7UX7B7SI,121.305,31.3601,0,0,0,0,14-3-30 19:21:17,0
GF7UX7B7SI,121.305,31.3601,0,0,0,0,14-3-30 19:23:18,0
GF7UX7B7SI,121.318,31.3239,0,0,0,0,14-3-30 19:25:19,1
GF7UX7B7SI,121.317,31.3179,0,0,0,0,14-3-30 19:27:20,1
GF7UX7B7SI,121.321,31.31,0,0,0,0,14-3-30 19:29:21,1
GF7UX7B7SI,121.327,31.3077,0,0,0,0,14-3-30 19:31:22,1
GF7UX7B7SI,121.327,31.3077,0,0,0,0,14-3-30 19:33:23,0
GF7UX7B7SI,121.341,31.3042,0,0,0,0,14-3-30 19:35:24,1
GF7UX7B7SI,121.341,31.3042,0,0,0,0,14-3-30 19:37:25,1
GF7UX7B7SI,121.341,31.3042,0,0,0,0,14-3-30 19:39:26,1
GF7UX7B7SI,121.341,31.3042,0,0,0,0,14-3-30 19:41:28,1
GF7UX7B7SI,121.341,31.3042,0,0,0,0,14-3-30 19:43:29,1
GF7UX7B7SI,121.341,31.3042,0,0,0,0,14-3-30 19:45:29,1
GF7UX7B7SI,121.341,31.3042,0,0,0,0,14-3-30 19:47:30,1
GF7UX7B7SI,121.341,31.3042,0,0,0,0,14-3-30 19:49:31,1
GF7UX7B7SI,121.335,31.3008,0,0,0,0,14-3-30 19:51:32,1
GF7UX7B7SI,121.336,31.3071,0,0,0,0,14-3-30 19:53:33,1
GF7UX7B7SI,121.336,31.3071,0,0,0,0,14-3-30 19:55:34,1
GF7UX7B7SI,121.335,31.3008,0,0,0,0,14-3-30 20:46:19,1
GF7UX7B7SI,121.335,31.3008,0,0,0,0,14-3-30 20:55:45,1
GF7UX7B7SI,121.341,31.3042,0,0,0,0,14-3-30 20:57:59,1
GF7UX7B7SI,121.341,31.3042,0,0,0,0,14-3-30 21:0:0,1
GF7UX7B7SI,121.341,31.3042,0,0,0,0,14-3-30 21:2:1,1
GF7UX7B7SI,121.341,31.3042,0,0,0,0,14-3-30 21:3:16,1
GF7UX7B7SI,121.341,31.3042,0,0,0,0,14-3-30 21:3:25,1
