L19GXUB7SI,124.5,46.8337,12734,0,4,0,14-3-29 13:51:44,1
L19GXUB7SI,124.5,46.8337,12734,0,4,0,14-3-29 13:51:55,1
L19GXUB7SI,124.5,46.8337,12734,0,0,0,14-3-29 13:52:8,1
L19GXUB7SI,124.488,46.8338,12734,0,80,0,14-3-29 13:54:10,1
L19GXUB7SI,124.484,46.8338,12738,18,150,0,14-3-29 13:56:11,1
L19GXUB7SI,124.484,46.8347,12739,14,20,0,14-3-29 13:58:11,1
L19GXUB7SI,124.491,46.8347,12747,38,65,0,14-3-29 14:0:11,1
L19GXUB7SI,124.507,46.8248,12763,55,65,0,14-3-29 14:2:12,1
L19GXUB7SI,124.528,46.8129,12783,60,60,0,14-3-29 14:4:13,1
L19GXUB7SI,124.553,46.8064,12803,58,50,0,14-3-29 14:6:13,1
L19GXUB7SI,124.572,46.8024,12817,7,50,0,14-3-29 14:8:14,1
L19GXUB7SI,124.574,46.802,12818,22,50,0,14-3-29 14:10:14,1
L19GXUB7SI,124.593,46.7943,12835,60,60,0,14-3-29 14:12:16,1
L19GXUB7SI,124.616,46.7833,12856,66,60,0,14-3-29 14:14:15,1
L19GXUB7SI,124.641,46.7704,12879,71,60,0,14-3-29 14:16:16,1
L19GXUB7SI,124.666,46.764,12900,57,65,0,14-3-29 14:18:16,1
L19GXUB7SI,124.687,46.7505,12922,71,65,0,14-3-29 14:20:17,1
L19GXUB7SI,124.711,46.7365,12945,69,60,0,14-3-29 14:22:17,1
L19GXUB7SI,124.736,46.7246,12968,71,60,0,14-3-29 14:24:18,1
L19GXUB7SI,124.761,46.7126,12991,68,60,0,14-3-29 14:26:18,1
L19GXUB7SI,124.782,46.7022,13010,5,60,0,14-3-29 14:28:19,1
L19GXUB7SI,124.782,46.7022,13010,0,60,0,14-3-29 14:30:19,1
L19GXUB7SI,124.782,46.7022,13010,0,60,0,14-3-29 14:32:20,1
L19GXUB7SI,124.782,46.7022,13010,0,60,0,14-3-29 14:34:20,1
L19GXUB7SI,124.782,46.7022,13010,0,60,0,14-3-29 14:36:21,1
L19GXUB7SI,124.783,46.7019,13010,5,60,0,14-3-29 14:38:21,1
L19GXUB7SI,124.794,46.697,13020,36,60,0,14-3-29 14:40:22,1
L19GXUB7SI,124.811,46.6888,13036,57,60,0,14-3-29 14:42:22,1
L19GXUB7SI,124.832,46.6793,13054,58,60,0,14-3-29 14:44:23,1
L19GXUB7SI,124.839,46.6757,13060,0,60,0,14-3-29 14:46:24,1
L19GXUB7SI,124.85,46.6708,13070,44,60,0,14-3-29 14:48:24,1
L19GXUB7SI,124.863,46.6645,13081,42,60,0,14-3-29 14:50:25,1
L19GXUB7SI,124.876,46.6585,13093,34,60,0,14-3-29 14:52:25,1
L19GXUB7SI,124.893,46.6503,13110,47,60,0,14-3-29 14:54:26,1
L19GXUB7SI,124.913,46.6411,13127,53,55,0,14-3-29 14:56:26,1
L19GXUB7SI,124.936,46.6353,13146,53,50,0,14-3-29 14:58:27,1
L19GXUB7SI,124.955,46.6307,13161,34,55,0,14-3-29 15:0:27,1
L19GXUB7SI,124.959,46.6293,13164,11,60,0,14-3-29 15:2:28,1
L19GXUB7SI,124.975,46.6261,13177,44,50,0,14-3-29 15:4:28,1
L19GXUB7SI,124.986,46.6239,13184,36,50,0,14-3-29 15:6:29,1
L19GXUB7SI,124.997,46.6215,13193,29,50,0,14-3-29 15:8:29,1
L19GXUB7SI,125.016,46.6182,13207,44,50,0,14-3-29 15:10:30,1
L19GXUB7SI,125.036,46.6139,13223,46,55,0,14-3-29 15:12:30,1
L19GXUB7SI,125.055,46.6102,13238,44,50,0,14-3-29 15:14:31,1
L19GXUB7SI,125.074,46.6057,13252,42,55,0,14-3-29 15:16:31,1
L19GXUB7SI,125.081,46.6015,13261,29,95,0,14-3-29 15:18:32,1
L19GXUB7SI,125.074,46.5885,13277,58,95,0,14-3-29 15:20:32,1
L19GXUB7SI,125.066,46.5707,13297,58,95,0,14-3-29 15:22:33,1
L19GXUB7SI,125.059,46.5544,13316,47,95,0,14-3-29 15:24:34,1
L19GXUB7SI,125.05,46.5354,13337,62,95,0,14-3-29 15:26:34,1
L19GXUB7SI,125.044,46.5166,13358,58,95,0,14-3-29 15:28:35,1
L19GXUB7SI,125.037,46.4974,13379,69,90,0,14-3-29 15:30:37,1
L19GXUB7SI,125.033,46.4779,13401,58,95,0,14-3-29 15:32:36,1
L19GXUB7SI,125.03,46.4701,13409,22,95,0,14-3-29 15:34:36,1
L19GXUB7SI,125.023,46.4552,13426,66,95,0,14-3-29 15:36:37,1
L19GXUB7SI,125.017,46.4341,13449,71,90,0,14-3-29 15:38:37,1
L19GXUB7SI,125.056,46.3735,13430,0,4,0,14-3-29 15:40:16,1
L19GXUB7SI,125.056,46.3735,13430,0,0,0,14-3-29 15:40:27,1
L19GXUB7SI,125.056,46.3735,13430,0,0,0,14-3-29 15:40:39,1
L19GXUB7SI,125.017,46.3892,13440,71,85,0,14-3-29 15:42:40,1
L19GXUB7SI,125.015,46.367,13464,71,95,0,14-3-29 15:44:40,1
L19GXUB7SI,125.006,46.3454,13489,75,95,0,14-3-29 15:46:41,1
L19GXUB7SI,124.998,46.3236,13513,73,95,0,14-3-29 15:48:41,1
L19GXUB7SI,124.994,46.3006,13538,75,90,0,14-3-29 15:50:42,1
L19GXUB7SI,124.991,46.2778,13563,71,95,0,14-3-29 15:52:42,1
L19GXUB7SI,124.978,46.2574,13588,73,105,0,14-3-29 15:54:43,1
L19GXUB7SI,124.959,46.239,13612,73,105,0,14-3-29 15:56:43,1
L19GXUB7SI,124.94,46.2201,13637,73,105,0,14-3-29 15:58:45,1
L19GXUB7SI,124.922,46.2011,13662,75,100,0,14-3-29 16:0:44,1
L19GXUB7SI,124.915,46.179,13686,73,90,0,14-3-29 16:2:45,1
L19GXUB7SI,124.912,46.1567,13711,73,90,0,14-3-29 16:4:45,1
L19GXUB7SI,124.91,46.1343,13735,71,85,0,14-3-29 16:6:46,1
L19GXUB7SI,124.916,46.1127,13759,71,80,0,14-3-29 16:8:46,1
L19GXUB7SI,124.923,46.0914,13783,71,80,0,14-3-29 16:10:47,1
L19GXUB7SI,124.925,46.0701,13806,71,90,0,14-3-29 16:12:47,1
L19GXUB7SI,124.923,46.048,13830,71,90,0,14-3-29 16:14:48,1
L19GXUB7SI,124.927,46.0268,13854,71,80,0,14-3-29 16:16:48,1
L19GXUB7SI,124.934,46.0049,13878,71,80,0,14-3-29 16:18:51,1
L19GXUB7SI,124.946,45.9853,13901,68,75,0,14-3-29 16:20:50,1
L19GXUB7SI,124.958,45.9658,13925,71,75,0,14-3-29 16:22:50,1
L19GXUB7SI,124.965,45.9443,13948,69,85,0,14-3-29 16:24:50,1
L19GXUB7SI,124.968,45.9231,13972,69,85,0,14-3-29 16:26:51,1
L19GXUB7SI,124.974,45.9021,13995,64,75,0,14-3-29 16:28:51,1
L19GXUB7SI,124.994,45.886,14018,71,65,0,14-3-29 16:30:52,1
L19GXUB7SI,125.014,45.8708,14040,68,65,0,14-3-29 16:32:52,1
L19GXUB7SI,125.035,45.8551,14063,64,70,0,14-3-29 16:34:55,1
L19GXUB7SI,125.05,45.8367,14086,75,80,0,14-3-29 16:36:53,1
L19GXUB7SI,125.058,45.814,14111,75,80,0,14-3-29 16:38:54,1
L19GXUB7SI,125.063,45.7923,14135,69,85,0,14-3-29 16:40:55,1
L19GXUB7SI,125.058,45.7699,14160,68,95,0,14-3-29 16:42:55,1
L19GXUB7SI,125.056,45.7489,14182,64,90,0,14-3-29 16:44:56,1
L19GXUB7SI,125.055,45.7288,14204,69,90,0,14-3-29 16:46:56,1
L19GXUB7SI,125.055,45.7062,14228,68,85,0,14-3-29 16:48:57,1
L19GXUB7SI,125.063,45.685,14252,73,80,0,14-3-29 16:50:57,1
L19GXUB7SI,125.074,45.6548,14218,0,4,0,14-3-29 16:52:1,1
L19GXUB7SI,125.074,45.6444,14218,0,0,0,14-3-29 16:52:24,1
L19GXUB7SI,125.078,45.6486,14242,69,90,0,14-3-29 16:54:23,1
L19GXUB7SI,125.07,45.6285,14265,68,100,0,14-3-29 16:56:24,1
L19GXUB7SI,125.059,45.6085,14289,68,100,0,14-3-29 16:58:24,1
L19GXUB7SI,125.05,45.5881,14312,68,95,0,14-3-29 17:0:24,1
L19GXUB7SI,125.04,45.5669,14336,69,100,0,14-3-29 17:2:27,1
L19GXUB7SI,125.028,45.5465,14360,75,100,0,14-3-29 17:4:26,1
L19GXUB7SI,125.015,45.526,14384,69,105,0,14-3-29 17:6:26,1
L19GXUB7SI,125.006,45.5176,14395,0,110,0,14-3-29 17:8:27,1
L19GXUB7SI,125.001,45.5129,14401,44,105,0,14-3-29 17:10:27,1
L19GXUB7SI,124.99,45.4786,14440,73,90,0,14-3-29 17:14:30,1
L19GXUB7SI,124.983,45.4575,14464,71,100,0,14-3-29 17:16:29,1
L19GXUB7SI,124.97,45.4376,14488,66,95,0,14-3-29 17:18:29,1
L19GXUB7SI,124.966,45.4276,14499,31,95,0,14-3-29 17:20:30,1
L19GXUB7SI,124.964,45.4113,14517,62,90,0,14-3-29 17:22:30,1
L19GXUB7SI,124.96,45.392,14538,64,90,0,14-3-29 17:24:31,1
L19GXUB7SI,124.96,45.3518,14582,68,90,0,14-3-29 17:28:34,1
L19GXUB7SI,124.954,45.332,14604,66,95,0,14-3-29 17:30:32,1
L19GXUB7SI,124.945,45.3119,14627,68,105,0,14-3-29 17:32:33,1
L19GXUB7SI,124.927,45.2953,14650,71,105,0,14-3-29 17:34:33,1
L19GXUB7SI,124.914,45.2772,14672,64,90,0,14-3-29 17:36:34,1
L19GXUB7SI,124.909,45.2576,14694,66,95,0,14-3-29 17:38:36,1
L19GXUB7SI,124.9,45.2375,14717,75,95,0,14-3-29 17:40:35,1
L19GXUB7SI,124.892,45.2157,14742,73,90,0,14-3-29 17:42:35,1
L19GXUB7SI,124.887,45.1927,14767,77,90,0,14-3-29 17:44:36,1
L19GXUB7SI,124.891,45.1715,14791,73,85,0,14-3-29 17:46:36,1
L19GXUB7SI,124.885,45.1492,14816,71,100,0,14-3-29 17:48:39,1
L19GXUB7SI,124.87,45.131,14838,71,105,0,14-3-29 17:50:37,1
L19GXUB7SI,124.856,45.1111,14862,73,95,0,14-3-29 17:52:38,1
L19GXUB7SI,124.84,45.0936,14885,68,105,0,14-3-29 17:54:38,1
L19GXUB7SI,124.809,45.0868,14895,0,4,0,14-3-29 17:57:8,1
L19GXUB7SI,124.817,45.0743,14895,0,4,0,14-3-29 17:57:19,1
L19GXUB7SI,124.817,45.0743,14895,0,0,0,14-3-29 17:57:31,1
L19GXUB7SI,124.836,45.0631,14909,75,60,0,14-3-29 17:59:31,1
L19GXUB7SI,124.856,45.0443,14935,73,75,0,14-3-29 18:1:31,1
L19GXUB7SI,124.867,45.0234,14959,75,75,0,14-3-29 18:3:31,1
L19GXUB7SI,124.881,45.0038,14983,73,80,0,14-3-29 18:5:32,1
L19GXUB7SI,124.895,44.9837,15008,75,70,0,14-3-29 18:7:32,1
L19GXUB7SI,124.918,44.9667,15033,66,70,0,14-3-29 18:9:33,1
L19GXUB7SI,124.929,44.952,15051,49,80,0,14-3-29 18:11:33,1
L19GXUB7SI,124.937,44.9349,15070,57,75,0,14-3-29 18:13:34,1
L19GXUB7SI,124.948,44.9242,15084,31,65,0,14-3-29 18:15:34,1
L19GXUB7SI,124.958,44.9175,15094,33,65,0,14-3-29 18:17:35,1
L19GXUB7SI,124.971,44.9051,15112,57,75,0,14-3-29 18:19:35,1
L19GXUB7SI,124.98,44.8849,15134,69,85,0,14-3-29 18:21:36,1
L19GXUB7SI,124.987,44.8655,15156,64,75,0,14-3-29 18:23:37,1
L19GXUB7SI,125.007,44.8501,15179,53,60,0,14-3-29 18:25:37,1
L19GXUB7SI,125.03,44.8402,15200,64,65,0,14-3-29 18:27:38,1
L19GXUB7SI,125.043,44.824,15220,60,75,0,14-3-29 18:29:38,1
L19GXUB7SI,125.057,44.8062,15242,75,70,0,14-3-29 18:31:39,1
L19GXUB7SI,125.074,44.7876,15266,66,80,0,14-3-29 18:33:39,1
L19GXUB7SI,125.085,44.7679,15290,69,75,0,14-3-29 18:35:40,1
L19GXUB7SI,125.133,44.6627,15412,82,95,0,14-3-29 18:45:51,1
L19GXUB7SI,125.13,44.6409,15437,77,70,0,14-3-29 18:47:52,1
L19GXUB7SI,125.142,44.6211,15461,66,90,0,14-3-29 18:49:52,1
L19GXUB7SI,125.136,44.6004,15484,68,90,0,14-3-29 18:51:53,1
L19GXUB7SI,125.143,44.5837,15502,47,80,0,14-3-29 18:53:55,1
L19GXUB7SI,125.15,44.5676,15521,73,80,0,14-3-29 18:55:54,1
L19GXUB7SI,125.153,44.5462,15545,66,80,0,14-3-29 18:57:54,1
L19GXUB7SI,125.163,44.5261,15568,75,85,0,14-3-29 18:59:55,1
L19GXUB7SI,125.164,44.5032,15593,71,90,0,14-3-29 19:1:55,1
L19GXUB7SI,125.17,44.4814,15617,69,80,0,14-3-29 19:3:56,1
L19GXUB7SI,125.167,44.463,15639,57,115,0,14-3-29 19:5:56,1
L19GXUB7SI,125.146,44.4528,15659,66,115,0,14-3-29 19:7:57,1
L19GXUB7SI,125.126,44.4419,15679,55,110,0,14-3-29 19:9:57,1
L19GXUB7SI,125.118,44.4255,15698,66,90,0,14-3-29 19:11:58,1
L19GXUB7SI,125.116,44.4041,15721,71,90,0,14-3-29 19:13:58,1
L19GXUB7SI,125.12,44.2771,15859,68,80,0,14-3-29 19:26:7,1
L19GXUB7SI,125.132,44.258,15882,69,75,0,14-3-29 19:28:8,1
L19GXUB7SI,125.143,44.2424,15900,12,80,0,14-3-29 19:30:8,1
L19GXUB7SI,125.145,44.2388,15904,0,75,0,14-3-29 19:32:9,1
L19GXUB7SI,125.145,44.2388,15904,0,75,0,14-3-29 19:34:9,1
L19GXUB7SI,125.145,44.2388,15904,0,75,0,14-3-29 19:36:10,1
L19GXUB7SI,125.145,44.2377,15905,22,80,0,14-3-29 19:38:10,1
L19GXUB7SI,125.149,44.2252,15919,53,85,0,14-3-29 19:40:11,1
L19GXUB7SI,125.153,44.2076,15938,55,85,0,14-3-29 19:42:11,1
L19GXUB7SI,125.156,44.1919,15955,53,85,0,14-3-29 19:44:12,1
L19GXUB7SI,125.159,44.1738,15975,62,85,0,14-3-29 19:46:12,1
L19GXUB7SI,125.159,44.1537,15997,62,85,0,14-3-29 19:48:13,1
L19GXUB7SI,125.159,44.1184,16035,53,85,0,14-3-29 19:52:16,1
L19GXUB7SI,125.164,44.1023,16053,55,75,0,14-3-29 19:54:14,1
L19GXUB7SI,125.275,44.0225,16186,64,75,0,14-3-29 20:6:34,1
L19GXUB7SI,125.284,44.0061,16205,58,80,0,14-3-29 20:8:34,1
L19GXUB7SI,125.288,43.9988,16213,0,165,0,14-3-29 20:10:34,1
L19GXUB7SI,125.285,43.9942,16221,46,125,0,14-3-29 20:12:35,1
L19GXUB7SI,125.26,43.9896,16240,62,120,0,14-3-29 20:14:35,1
L19GXUB7SI,125.236,43.9803,16262,64,110,0,14-3-29 20:16:36,1
L19GXUB7SI,125.217,43.9658,16283,68,110,0,14-3-29 20:18:37,1
L19GXUB7SI,125.198,43.9506,16306,66,110,0,14-3-29 20:20:37,1
L19GXUB7SI,125.179,43.9359,16327,53,110,0,14-3-29 20:22:38,1
L19GXUB7SI,125.164,43.9219,16347,62,105,0,14-3-29 20:24:39,1
L19GXUB7SI,125.15,43.904,16369,69,105,0,14-3-29 20:26:40,1
L19GXUB7SI,125.137,43.8849,16392,68,95,0,14-3-29 20:28:40,1
L19GXUB7SI,125.132,43.865,16414,64,90,0,14-3-29 20:30:41,1
L19GXUB7SI,125.138,43.8458,16436,66,70,0,14-3-29 20:32:41,1
L19GXUB7SI,125.152,43.8282,16458,66,70,0,14-3-29 20:34:42,1
L19GXUB7SI,125.203,43.7552,16548,49,90,0,14-3-29 20:44:50,1
L19GXUB7SI,125.201,43.7383,16567,51,95,0,14-3-29 20:46:50,1
L19GXUB7SI,125.185,43.7263,16585,58,115,0,14-3-29 20:48:50,1
L19GXUB7SI,125.163,43.7178,16605,58,120,0,14-3-29 20:50:51,1
L19GXUB7SI,125.141,43.708,16626,69,115,0,14-3-29 20:52:51,1
L19GXUB7SI,125.12,43.6934,16649,60,110,0,14-3-29 20:54:52,1
L19GXUB7SI,125.1,43.6814,16669,55,115,0,14-3-29 20:56:52,1
L19GXUB7SI,125.08,43.6717,16688,57,115,0,14-3-29 20:58:53,1
L19GXUB7SI,125.06,43.6599,16709,68,110,0,14-3-29 21:0:53,1
L19GXUB7SI,125.043,43.6458,16729,57,110,0,14-3-29 21:2:54,1
L19GXUB7SI,125.025,43.6313,16750,60,110,0,14-3-29 21:4:54,1
L19GXUB7SI,125.012,43.6241,16762,0,110,0,14-3-29 21:6:55,1
L19GXUB7SI,125.012,43.6241,16762,0,110,0,14-3-29 21:8:56,1
L19GXUB7SI,125.012,43.6241,16762,0,110,0,14-3-29 21:10:56,1
L19GXUB7SI,125.012,43.6241,16762,0,110,0,14-3-29 21:12:57,1
L19GXUB7SI,124.974,43.6041,16800,57,110,0,14-3-29 21:23:9,1
L19GXUB7SI,124.956,43.5899,16820,55,110,0,14-3-29 21:25:10,1
L19GXUB7SI,124.939,43.5739,16842,58,105,0,14-3-29 21:27:11,1
L19GXUB7SI,124.929,43.56,16859,51,100,0,14-3-29 21:29:12,1
L19GXUB7SI,124.92,43.5482,16873,42,100,0,14-3-29 21:31:12,1
L19GXUB7SI,124.908,43.5358,16890,51,110,0,14-3-29 21:33:13,1
L19GXUB7SI,124.887,43.5239,16911,71,115,0,14-3-29 21:35:13,1
L19GXUB7SI,124.867,43.5114,16932,57,110,0,14-3-29 21:37:14,1
L19GXUB7SI,124.854,43.4998,16948,46,105,0,14-3-29 21:39:14,1
L19GXUB7SI,124.841,43.4864,16966,38,105,0,14-3-29 21:41:15,1
L19GXUB7SI,124.832,43.48,16975,36,110,0,14-3-29 21:43:15,1
L19GXUB7SI,124.817,43.4711,16990,49,115,0,14-3-29 21:45:16,1
L19GXUB7SI,124.794,43.4571,17014,79,110,0,14-3-29 21:47:17,1
L19GXUB7SI,124.778,43.4418,17035,58,105,0,14-3-29 21:49:17,1
L19GXUB7SI,124.766,43.428,17052,49,105,0,14-3-29 21:51:18,1
L19GXUB7SI,124.754,43.4156,17069,49,110,0,14-3-29 21:53:18,1
L19GXUB7SI,124.719,43.3927,17106,58,115,0,14-3-29 21:57:20,1
L19GXUB7SI,124.704,43.3814,17123,46,105,0,14-3-29 21:59:20,1
L19GXUB7SI,124.676,43.3604,17155,42,115,0,14-3-29 22:3:22,1
L19GXUB7SI,124.658,43.3509,17173,68,115,0,14-3-29 22:5:21,1
L19GXUB7SI,124.641,43.3379,17192,57,105,0,14-3-29 22:7:22,1
L19GXUB7SI,124.612,43.309,17231,44,110,0,14-3-29 22:11:24,1
L19GXUB7SI,124.595,43.2975,17249,66,110,0,14-3-29 22:13:23,1
L19GXUB7SI,124.579,43.2848,17267,55,105,0,14-3-29 22:15:24,1
L19GXUB7SI,124.568,43.27,17285,29,100,0,14-3-29 22:17:25,1
L19GXUB7SI,124.567,43.269,17286,0,100,0,14-3-29 22:19:25,1
L19GXUB7SI,124.567,43.269,17286,0,100,0,14-3-29 22:21:26,1
L19GXUB7SI,124.567,43.269,17286,0,100,0,14-3-29 22:23:26,1
L19GXUB7SI,124.567,43.269,17286,0,100,0,14-3-29 22:25:27,1
L19GXUB7SI,124.567,43.269,17286,0,100,0,14-3-29 22:27:27,1
L19GXUB7SI,124.567,43.269,17286,0,100,0,14-3-29 22:29:28,1
L19GXUB7SI,124.567,43.269,17286,0,100,0,14-3-29 22:31:28,1
L19GXUB7SI,124.567,43.269,17286,0,100,0,14-3-29 22:33:29,1
L19GXUB7SI,124.567,43.269,17286,0,100,0,14-3-29 22:35:29,1
L19GXUB7SI,124.567,43.269,17286,0,100,0,14-3-29 22:37:30,1
L19GXUB7SI,124.567,43.269,17286,0,100,0,14-3-29 22:39:30,1
L19GXUB7SI,124.567,43.269,17286,0,100,0,14-3-29 22:41:31,1
L19GXUB7SI,124.567,43.269,17286,0,100,0,14-3-29 22:43:31,1
L19GXUB7SI,124.567,43.269,17286,0,100,0,14-3-29 22:45:32,1
L19GXUB7SI,124.567,43.269,17286,0,100,0,14-3-29 22:47:33,1
L19GXUB7SI,124.567,43.269,17286,0,100,0,14-3-29 22:49:33,1
L19GXUB7SI,124.567,43.269,17286,0,100,0,14-3-29 22:51:34,1
L19GXUB7SI,124.567,43.269,17286,0,100,0,14-3-29 22:53:34,1
L19GXUB7SI,124.567,43.269,17286,0,100,0,14-3-29 22:55:35,1
L19GXUB7SI,124.567,43.269,17286,0,100,0,14-3-29 22:57:35,1
L19GXUB7SI,124.567,43.269,17286,0,100,0,14-3-29 22:59:36,1
L19GXUB7SI,124.567,43.269,17286,0,100,0,14-3-29 23:1:36,1
L19GXUB7SI,124.567,43.269,17286,0,100,0,14-3-29 23:3:37,1
L19GXUB7SI,124.567,43.269,17286,0,100,0,14-3-29 23:5:37,1
L19GXUB7SI,124.567,43.269,17286,0,100,0,14-3-29 23:7:38,1
L19GXUB7SI,124.567,43.269,17286,0,100,0,14-3-29 23:9:38,1
L19GXUB7SI,124.567,43.269,17286,0,100,0,14-3-29 23:11:39,1
L19GXUB7SI,124.567,43.269,17286,0,100,0,14-3-29 23:13:39,1
L19GXUB7SI,124.567,43.269,17286,0,100,0,14-3-29 23:15:40,1
L19GXUB7SI,124.567,43.269,17286,0,100,0,14-3-29 23:17:40,1
L19GXUB7SI,124.567,43.269,17286,0,100,0,14-3-29 23:19:41,1
L19GXUB7SI,124.567,43.269,17286,0,100,0,14-3-29 23:21:41,1
L19GXUB7SI,124.567,43.269,17286,0,100,0,14-3-29 23:23:42,1
L19GXUB7SI,124.567,43.269,17286,0,100,0,14-3-29 23:25:43,1
L19GXUB7SI,124.567,43.269,17286,0,100,0,14-3-29 23:27:43,1
L19GXUB7SI,124.567,43.269,17286,0,100,0,14-3-29 23:29:44,1
L19GXUB7SI,124.567,43.269,17286,0,100,0,14-3-29 23:31:44,1
L19GXUB7SI,124.567,43.269,17286,0,100,0,14-3-29 23:33:45,1
L19GXUB7SI,124.567,43.269,17286,0,100,0,14-3-29 23:35:45,1
L19GXUB7SI,124.567,43.269,17286,0,100,0,14-3-29 23:37:46,1
L19GXUB7SI,124.567,43.269,17286,0,100,0,14-3-29 23:39:46,1
L19GXUB7SI,124.567,43.269,17286,0,100,0,14-3-29 23:41:47,1
L19GXUB7SI,124.567,43.269,17286,0,100,0,14-3-29 23:43:47,1
L19GXUB7SI,124.567,43.269,17286,0,100,0,14-3-29 23:45:48,1
L19GXUB7SI,124.567,43.269,17286,0,100,0,14-3-29 23:47:48,1
L19GXUB7SI,124.567,43.269,17286,0,100,0,14-3-29 23:49:49,1
L19GXUB7SI,124.567,43.269,17286,0,100,0,14-3-29 23:51:49,1
L19GXUB7SI,124.567,43.269,17286,0,100,0,14-3-29 23:53:50,1
L19GXUB7SI,124.567,43.269,17286,0,100,0,14-3-29 23:55:50,1
L19GXUB7SI,124.567,43.269,17286,0,100,0,14-3-29 23:57:51,1
L19GXUB7SI,124.567,43.269,17286,0,100,0,14-3-29 23:59:51,1
L19GXUB7SI,124.567,43.269,17286,0,100,0,14-3-30 0:1:52,1
L19GXUB7SI,124.567,43.269,17286,0,100,0,14-3-30 0:3:53,1
L19GXUB7SI,124.567,43.269,17286,0,100,0,14-3-30 0:5:53,1
L19GXUB7SI,124.567,43.269,17286,0,100,0,14-3-30 0:7:54,1
L19GXUB7SI,124.567,43.269,17286,0,100,0,14-3-30 0:9:54,1
L19GXUB7SI,124.567,43.269,17286,0,100,0,14-3-30 0:11:55,1
L19GXUB7SI,124.567,43.269,17286,0,100,0,14-3-30 0:13:55,1
L19GXUB7SI,124.567,43.269,17286,0,100,0,14-3-30 0:15:56,1
L19GXUB7SI,124.567,43.269,17286,0,100,0,14-3-30 0:17:56,1
L19GXUB7SI,124.567,43.269,17286,0,100,0,14-3-30 0:19:57,1
L19GXUB7SI,124.567,43.269,17286,0,100,0,14-3-30 0:21:57,1
L19GXUB7SI,124.567,43.269,17286,0,100,0,14-3-30 0:23:58,1
L19GXUB7SI,124.567,43.269,17286,0,100,0,14-3-30 0:25:58,1
L19GXUB7SI,124.567,43.269,17286,0,100,0,14-3-30 0:27:59,1
L19GXUB7SI,124.567,43.269,17286,0,100,0,14-3-30 0:29:59,1
L19GXUB7SI,124.567,43.269,17286,0,100,0,14-3-30 0:32:0,1
L19GXUB7SI,124.567,43.269,17286,0,100,0,14-3-30 0:34:1,1
L19GXUB7SI,124.567,43.269,17286,0,100,0,14-3-30 0:36:1,1
L19GXUB7SI,124.567,43.269,17286,0,100,0,14-3-30 0:38:2,1
L19GXUB7SI,124.567,43.269,17286,0,100,0,14-3-30 0:40:2,1
L19GXUB7SI,124.567,43.269,17286,0,100,0,14-3-30 0:42:3,1
L19GXUB7SI,124.567,43.269,17286,0,100,0,14-3-30 0:44:3,1
L19GXUB7SI,124.567,43.269,17286,0,100,0,14-3-30 0:46:4,1
L19GXUB7SI,124.567,43.269,17286,0,100,0,14-3-30 0:48:4,1
L19GXUB7SI,124.567,43.269,17286,0,100,0,14-3-30 0:50:5,1
L19GXUB7SI,124.567,43.269,17286,0,100,0,14-3-30 0:52:5,1
L19GXUB7SI,124.567,43.269,17286,0,100,0,14-3-30 0:54:6,1
L19GXUB7SI,124.567,43.269,17286,0,100,0,14-3-30 0:56:7,1
L19GXUB7SI,124.567,43.269,17286,0,100,0,14-3-30 0:58:7,1
L19GXUB7SI,124.567,43.269,17286,0,100,0,14-3-30 1:0:7,1
L19GXUB7SI,124.567,43.269,17286,0,100,0,14-3-30 1:2:8,1
L19GXUB7SI,124.567,43.269,17286,0,100,0,14-3-30 1:4:9,1
L19GXUB7SI,124.567,43.269,17286,0,100,0,14-3-30 1:6:9,1
L19GXUB7SI,124.567,43.269,17286,0,100,0,14-3-30 1:8:10,1
L19GXUB7SI,124.567,43.269,17286,0,100,0,14-3-30 1:10:10,1
L19GXUB7SI,124.567,43.269,17286,0,100,0,14-3-30 1:12:11,1
L19GXUB7SI,124.567,43.269,17286,0,100,0,14-3-30 1:14:11,1
L19GXUB7SI,124.567,43.269,17286,0,100,0,14-3-30 1:16:12,1
L19GXUB7SI,124.567,43.269,17286,0,100,0,14-3-30 1:18:12,1
L19GXUB7SI,124.567,43.269,17286,0,100,0,14-3-30 1:20:13,1
L19GXUB7SI,124.567,43.269,17286,0,100,0,14-3-30 1:22:13,1
L19GXUB7SI,124.567,43.269,17286,0,100,0,14-3-30 1:24:14,1
L19GXUB7SI,124.567,43.269,17286,0,100,0,14-3-30 1:26:14,1
L19GXUB7SI,124.567,43.269,17286,0,100,0,14-3-30 1:28:15,1
L19GXUB7SI,124.567,43.269,17286,0,100,0,14-3-30 1:30:15,1
L19GXUB7SI,124.567,43.269,17286,0,100,0,14-3-30 1:32:16,1
L19GXUB7SI,124.567,43.269,17286,0,100,0,14-3-30 1:34:16,1
L19GXUB7SI,124.567,43.269,17286,0,100,0,14-3-30 1:36:17,1
L19GXUB7SI,124.567,43.269,17286,0,100,0,14-3-30 1:38:17,1
L19GXUB7SI,124.567,43.269,17286,0,100,0,14-3-30 1:40:18,1
L19GXUB7SI,124.567,43.269,17286,0,100,0,14-3-30 1:42:19,1
L19GXUB7SI,124.567,43.269,17286,0,100,0,14-3-30 1:44:19,1
L19GXUB7SI,124.567,43.269,17286,0,100,0,14-3-30 1:46:20,1
L19GXUB7SI,124.567,43.269,17286,0,100,0,14-3-30 1:48:21,1
L19GXUB7SI,124.567,43.269,17286,0,100,0,14-3-30 1:50:21,1
L19GXUB7SI,124.567,43.269,17286,0,100,0,14-3-30 1:52:21,1
L19GXUB7SI,124.567,43.269,17286,0,100,0,14-3-30 1:54:22,1
L19GXUB7SI,124.567,43.269,17286,0,100,0,14-3-30 1:56:22,1
L19GXUB7SI,124.567,43.269,17286,0,100,0,14-3-30 1:58:23,1
L19GXUB7SI,124.567,43.269,17286,0,100,0,14-3-30 2:0:23,1
L19GXUB7SI,124.567,43.269,17286,0,100,0,14-3-30 2:2:24,1
L19GXUB7SI,124.567,43.269,17286,0,100,0,14-3-30 2:4:25,1
L19GXUB7SI,124.567,43.269,17286,0,100,0,14-3-30 2:6:25,1
L19GXUB7SI,124.567,43.269,17286,0,100,0,14-3-30 2:8:26,1
L19GXUB7SI,124.567,43.269,17286,0,100,0,14-3-30 2:10:26,1
L19GXUB7SI,124.567,43.269,17286,0,100,0,14-3-30 2:12:27,1
L19GXUB7SI,124.567,43.269,17286,0,100,0,14-3-30 2:14:27,1
L19GXUB7SI,124.567,43.269,17286,0,100,0,14-3-30 2:16:28,1
L19GXUB7SI,124.567,43.269,17286,0,100,0,14-3-30 2:18:28,1
L19GXUB7SI,124.567,43.269,17286,0,100,0,14-3-30 2:20:29,1
L19GXUB7SI,124.567,43.269,17286,0,100,0,14-3-30 2:22:29,1
L19GXUB7SI,124.567,43.269,17286,0,100,0,14-3-30 2:24:30,1
L19GXUB7SI,124.567,43.269,17286,0,100,0,14-3-30 2:26:31,1
L19GXUB7SI,124.567,43.269,17286,0,100,0,14-3-30 2:28:31,1
L19GXUB7SI,124.567,43.269,17286,0,100,0,14-3-30 2:30:32,1
L19GXUB7SI,124.567,43.269,17286,0,100,0,14-3-30 2:32:32,1
L19GXUB7SI,124.567,43.269,17286,0,100,0,14-3-30 2:34:33,1
L19GXUB7SI,124.567,43.269,17286,0,100,0,14-3-30 2:36:33,1
L19GXUB7SI,124.567,43.269,17286,0,100,0,14-3-30 2:38:34,1
L19GXUB7SI,124.567,43.269,17286,0,100,0,14-3-30 2:40:34,1
L19GXUB7SI,124.567,43.269,17286,0,100,0,14-3-30 2:42:35,1
L19GXUB7SI,124.567,43.269,17286,0,100,0,14-3-30 2:44:36,1
L19GXUB7SI,124.567,43.269,17286,0,100,0,14-3-30 2:46:37,1
L19GXUB7SI,124.567,43.269,17286,0,100,0,14-3-30 2:48:37,1
L19GXUB7SI,124.567,43.269,17286,0,100,0,14-3-30 2:50:37,1
L19GXUB7SI,124.567,43.269,17286,0,100,0,14-3-30 2:52:38,1
L19GXUB7SI,124.567,43.269,17286,0,100,0,14-3-30 2:54:44,1
L19GXUB7SI,124.567,43.269,17286,0,100,0,14-3-30 2:56:45,1
L19GXUB7SI,124.567,43.269,17286,0,100,0,14-3-30 2:58:45,1
L19GXUB7SI,124.567,43.269,17286,0,100,0,14-3-30 3:0:46,1
L19GXUB7SI,124.567,43.269,17286,0,100,0,14-3-30 3:2:46,1
L19GXUB7SI,124.567,43.269,17286,0,100,0,14-3-30 3:4:47,1
L19GXUB7SI,124.567,43.269,17286,0,100,0,14-3-30 3:6:48,1
L19GXUB7SI,124.567,43.269,17286,0,100,0,14-3-30 3:8:48,1
L19GXUB7SI,124.567,43.269,17286,0,100,0,14-3-30 3:10:49,1
L19GXUB7SI,124.567,43.269,17286,0,100,0,14-3-30 3:12:49,1
L19GXUB7SI,124.567,43.269,17286,0,100,0,14-3-30 3:14:50,1
L19GXUB7SI,124.567,43.269,17286,0,100,0,14-3-30 3:16:50,1
L19GXUB7SI,124.567,43.269,17286,0,100,0,14-3-30 3:18:51,1
L19GXUB7SI,124.567,43.269,17286,0,100,0,14-3-30 3:20:51,1
L19GXUB7SI,124.567,43.269,17286,0,100,0,14-3-30 3:22:52,1
L19GXUB7SI,124.567,43.269,17286,0,100,0,14-3-30 3:24:52,1
L19GXUB7SI,124.567,43.269,17286,0,100,0,14-3-30 3:26:53,1
L19GXUB7SI,124.567,43.269,17286,0,100,0,14-3-30 3:28:53,1
L19GXUB7SI,124.567,43.269,17286,0,100,0,14-3-30 3:30:54,1
L19GXUB7SI,124.567,43.269,17286,0,100,0,14-3-30 3:32:55,1
L19GXUB7SI,124.567,43.269,17286,0,100,0,14-3-30 3:34:55,1
L19GXUB7SI,124.567,43.269,17286,0,100,0,14-3-30 3:36:56,1
L19GXUB7SI,124.567,43.269,17286,0,100,0,14-3-30 3:38:56,1
L19GXUB7SI,124.567,43.269,17286,0,100,0,14-3-30 3:40:57,1
L19GXUB7SI,124.567,43.269,17286,0,100,0,14-3-30 3:42:57,1
L19GXUB7SI,124.567,43.269,17286,0,100,0,14-3-30 3:44:58,1
L19GXUB7SI,124.567,43.269,17286,0,100,0,14-3-30 3:46:58,1
L19GXUB7SI,124.567,43.269,17286,0,100,0,14-3-30 3:48:59,1
L19GXUB7SI,124.567,43.269,17286,0,100,0,14-3-30 3:51:0,1
L19GXUB7SI,124.567,43.269,17286,0,100,0,14-3-30 3:53:0,1
L19GXUB7SI,124.567,43.269,17286,0,100,0,14-3-30 3:55:1,1
L19GXUB7SI,124.567,43.269,17286,0,100,0,14-3-30 3:57:1,1
L19GXUB7SI,124.567,43.269,17286,0,100,0,14-3-30 3:59:2,1
L19GXUB7SI,124.566,43.2675,17288,9,95,0,14-3-30 4:1:2,1
L19GXUB7SI,124.563,43.2615,17295,34,100,0,14-3-30 4:3:3,1
L19GXUB7SI,124.557,43.2529,17305,29,105,0,14-3-30 4:5:3,1
L19GXUB7SI,124.545,43.2416,17321,49,110,0,14-3-30 4:7:4,1
L19GXUB7SI,124.531,43.2308,17337,55,105,0,14-3-30 4:9:4,1
L19GXUB7SI,124.52,43.2157,17356,58,100,0,14-3-30 4:11:5,1
L19GXUB7SI,124.503,43.1882,17388,47,105,0,14-3-30 4:15:7,1
L19GXUB7SI,124.487,43.175,17407,68,110,0,14-3-30 4:17:7,1
L19GXUB7SI,124.464,43.1586,17432,69,110,0,14-3-30 4:19:7,1
L19GXUB7SI,124.449,43.143,17452,51,100,0,14-3-30 4:21:8,1
L19GXUB7SI,124.44,43.1302,17468,55,100,0,14-3-30 4:23:8,1
L19GXUB7SI,124.427,43.116,17486,46,105,0,14-3-30 4:25:9,1
L19GXUB7SI,124.414,43.104,17503,49,105,0,14-3-30 4:27:9,1
L19GXUB7SI,124.411,43.1018,17505,0,105,0,14-3-30 4:29:10,1
L19GXUB7SI,124.408,43.0984,17510,34,105,0,14-3-30 4:31:10,1
L19GXUB7SI,124.395,43.087,17525,33,110,0,14-3-30 4:33:11,1
L19GXUB7SI,124.388,43.0806,17535,58,105,0,14-3-30 4:35:11,1
L19GXUB7SI,124.374,43.0617,17558,73,100,0,14-3-30 4:37:12,1
L19GXUB7SI,124.359,43.0437,17581,73,110,0,14-3-30 4:39:12,1
L19GXUB7SI,124.34,43.0277,17604,75,105,0,14-3-30 4:41:13,1
L19GXUB7SI,124.324,43.009,17628,64,105,0,14-3-30 4:43:13,1
L19GXUB7SI,124.307,42.9937,17650,68,110,0,14-3-30 4:45:14,1
L19GXUB7SI,124.288,42.9795,17671,57,110,0,14-3-30 4:47:14,1
L19GXUB7SI,124.271,42.9622,17695,80,105,0,14-3-30 4:49:15,1
L19GXUB7SI,124.253,42.9445,17719,58,110,0,14-3-30 4:51:15,1
L19GXUB7SI,124.235,42.9324,17738,62,110,0,14-3-30 4:53:16,1
L19GXUB7SI,124.217,42.9149,17762,62,105,0,14-3-30 4:55:16,1
L19GXUB7SI,124.205,42.8987,17782,62,100,0,14-3-30 4:57:17,1
L19GXUB7SI,124.193,42.8794,17805,77,95,0,14-3-30 4:59:17,1
L19GXUB7SI,124.186,42.8585,17828,58,95,0,14-3-30 5:1:18,1
L19GXUB7SI,124.175,42.8424,17847,36,100,0,14-3-30 5:3:19,1
L19GXUB7SI,124.168,42.8237,17868,77,90,0,14-3-30 5:5:19,1
L19GXUB7SI,124.161,42.8064,17888,73,100,0,14-3-30 5:7:20,1
L19GXUB7SI,124.144,42.7835,17916,79,95,0,14-3-30 5:9:20,1
L19GXUB7SI,124.133,42.7643,17940,79,110,0,14-3-30 5:11:21,1
L19GXUB7SI,124.111,42.7565,17959,14,115,0,14-3-30 5:13:21,1
L19GXUB7SI,124.111,42.7558,17959,0,75,0,14-3-30 5:15:22,1
L19GXUB7SI,124.111,42.7558,17959,0,75,0,14-3-30 5:17:22,1
L19GXUB7SI,124.111,42.7558,17959,0,75,0,14-3-30 5:19:23,1
L19GXUB7SI,124.111,42.7558,17959,0,75,0,14-3-30 5:21:23,1
L19GXUB7SI,124.111,42.7558,17959,0,75,0,14-3-30 5:23:24,1
L19GXUB7SI,124.111,42.7558,17959,0,75,0,14-3-30 5:25:24,1
L19GXUB7SI,124.108,42.7544,17962,31,115,0,14-3-30 5:27:25,1
L19GXUB7SI,124.09,42.7426,17981,62,105,0,14-3-30 5:29:25,1
L19GXUB7SI,124.074,42.7267,18003,55,100,0,14-3-30 5:31:26,1
L19GXUB7SI,124.061,42.707,18027,82,100,0,14-3-30 5:33:26,1
L19GXUB7SI,124.048,42.6866,18051,79,95,0,14-3-30 5:35:27,1
L19GXUB7SI,124.043,42.6662,18073,53,90,0,14-3-30 5:37:28,1
L19GXUB7SI,124.035,42.6472,18095,69,100,0,14-3-30 5:39:28,1
L19GXUB7SI,124.025,42.6256,18120,79,95,0,14-3-30 5:41:29,1
L19GXUB7SI,124.014,42.6041,18145,60,105,0,14-3-30 5:43:29,1
L19GXUB7SI,124.007,42.5855,18166,57,85,0,14-3-30 5:45:30,1
L19GXUB7SI,124.009,42.5675,18186,58,90,0,14-3-30 5:47:30,1
L19GXUB7SI,124.004,42.5489,18206,53,95,0,14-3-30 5:49:31,1
L19GXUB7SI,123.997,42.5314,18226,60,90,0,14-3-30 5:51:31,1
L19GXUB7SI,123.998,42.5097,18250,77,85,0,14-3-30 5:53:32,1
L19GXUB7SI,123.999,42.4892,18272,57,90,0,14-3-30 5:55:32,1
L19GXUB7SI,123.988,42.4712,18294,58,105,0,14-3-30 5:57:33,1
L19GXUB7SI,123.975,42.4538,18316,62,95,0,14-3-30 5:59:33,1
L19GXUB7SI,123.965,42.4319,18342,75,110,0,14-3-30 6:1:34,1
L19GXUB7SI,123.945,42.4135,18367,79,100,0,14-3-30 6:3:34,1
L19GXUB7SI,123.934,42.3911,18393,77,95,0,14-3-30 6:5:35,1
L19GXUB7SI,123.916,42.3724,18418,75,110,0,14-3-30 6:7:35,1
L19GXUB7SI,123.905,42.3526,18443,75,105,0,14-3-30 6:9:36,1
L19GXUB7SI,123.889,42.3332,18469,77,95,0,14-3-30 6:11:36,1
L19GXUB7SI,123.878,42.3112,18494,71,90,0,14-3-30 6:13:37,1
L19GXUB7SI,123.875,42.2889,18518,60,90,0,14-3-30 6:15:38,1
L19GXUB7SI,123.867,42.271,18538,58,100,0,14-3-30 6:17:38,1
L19GXUB7SI,123.857,42.261,18552,55,115,0,14-3-30 6:19:39,1
L19GXUB7SI,123.829,42.2516,18576,77,115,0,14-3-30 6:21:39,1
L19GXUB7SI,123.8,42.2405,18603,69,130,0,14-3-30 6:23:40,1
L19GXUB7SI,123.775,42.2323,18626,68,110,0,14-3-30 6:25:40,1
L19GXUB7SI,123.754,42.2174,18650,71,110,0,14-3-30 6:27:41,1
L19GXUB7SI,123.731,42.2041,18673,69,115,0,14-3-30 6:29:41,1
L19GXUB7SI,123.711,42.1886,18697,69,105,0,14-3-30 6:31:42,1
L19GXUB7SI,123.699,42.1699,18720,68,105,0,14-3-30 6:33:42,1
L19GXUB7SI,123.68,42.1544,18742,53,110,0,14-3-30 6:35:43,1
L19GXUB7SI,123.665,42.1369,18765,69,100,0,14-3-30 6:37:43,1
L19GXUB7SI,123.654,42.1179,18788,69,100,0,14-3-30 6:39:44,1
L19GXUB7SI,123.638,42.104,18808,36,135,0,14-3-30 6:41:44,1
L19GXUB7SI,123.636,42.1043,18809,18,145,0,14-3-30 6:43:45,1
L19GXUB7SI,123.646,42.1043,18818,0,45,0,14-3-30 6:45:45,1
L19GXUB7SI,123.644,42.0993,18824,11,95,0,14-3-30 6:47:46,1
L19GXUB7SI,123.644,42.0985,18825,0,95,0,14-3-30 6:49:46,1
L19GXUB7SI,123.644,42.0985,18825,0,95,0,14-3-30 6:51:47,1
L19GXUB7SI,123.644,42.0985,18825,0,95,0,14-3-30 6:53:54,1
L19GXUB7SI,123.644,42.0985,18825,0,95,0,14-3-30 6:55:54,1
L19GXUB7SI,123.644,42.0985,18825,0,95,0,14-3-30 6:57:55,1
L19GXUB7SI,123.644,42.0985,18825,0,95,0,14-3-30 6:59:55,1
L19GXUB7SI,123.644,42.0985,18825,0,95,0,14-3-30 7:1:56,1
L19GXUB7SI,123.644,42.0985,18825,0,95,0,14-3-30 7:3:56,1
L19GXUB7SI,123.644,42.0985,18825,0,95,0,14-3-30 7:5:57,1
L19GXUB7SI,123.643,42.0982,18825,0,95,0,14-3-30 7:7:57,1
L19GXUB7SI,123.643,42.0964,18827,31,95,0,14-3-30 7:9:58,1
L19GXUB7SI,123.638,42.0857,18840,46,110,0,14-3-30 7:11:58,1
L19GXUB7SI,123.624,42.0742,18857,47,100,0,14-3-30 7:13:59,1
L19GXUB7SI,123.62,42.0656,18866,42,85,0,14-3-30 7:15:59,1
L19GXUB7SI,123.617,42.0511,18882,55,95,0,14-3-30 7:18:0,1
L19GXUB7SI,123.61,42.035,18901,58,90,0,14-3-30 7:20:0,1
L19GXUB7SI,123.61,42.0217,18915,49,85,0,14-3-30 7:22:1,1
L19GXUB7SI,123.607,42.0055,18932,55,95,0,14-3-30 7:24:2,1
L19GXUB7SI,123.598,41.9915,18949,55,100,0,14-3-30 7:26:2,1
L19GXUB7SI,123.594,41.9737,18969,60,90,0,14-3-30 7:28:2,1
L19GXUB7SI,123.593,41.9648,18978,0,100,0,14-3-30 7:30:3,1
L19GXUB7SI,123.585,41.9544,18991,47,100,0,14-3-30 7:32:4,1
L19GXUB7SI,123.581,41.9421,19005,44,100,0,14-3-30 7:34:4,1
L19GXUB7SI,123.574,41.9356,19014,44,105,0,14-3-30 7:36:5,1
L19GXUB7SI,123.562,41.9344,19026,49,150,0,14-3-30 7:38:5,1
L19GXUB7SI,123.544,41.936,19043,49,115,0,14-3-30 7:40:6,1
L19GXUB7SI,123.529,41.9269,19059,55,125,0,14-3-30 7:42:6,1
L19GXUB7SI,123.513,41.9278,19070,0,145,0,14-3-30 7:44:7,1
L19GXUB7SI,123.513,41.9278,19071,9,115,0,14-3-30 7:46:7,1
L19GXUB7SI,123.506,41.9179,19083,44,100,0,14-3-30 7:48:8,1
L19GXUB7SI,123.493,41.9059,19100,44,105,0,14-3-30 7:50:8,1
L19GXUB7SI,123.484,41.8999,19113,33,10,0,14-3-30 7:52:9,1
L19GXUB7SI,123.485,41.9014,19115,14,20,0,14-3-30 7:54:9,1
L19GXUB7SI,123.483,41.9064,19127,42,145,0,14-3-30 7:56:10,1
L19GXUB7SI,123.458,41.9097,19149,77,125,0,14-3-30 7:58:10,1
L19GXUB7SI,123.43,41.902,19173,71,120,0,14-3-30 8:0:12,1
L19GXUB7SI,123.406,41.8922,19195,64,120,0,14-3-30 8:2:12,1
L19GXUB7SI,123.38,41.8824,19218,69,120,0,14-3-30 8:4:12,1
L19GXUB7SI,123.354,41.8738,19242,69,125,0,14-3-30 8:6:13,1
L19GXUB7SI,123.332,41.8603,19265,64,110,0,14-3-30 8:8:13,1
L19GXUB7SI,123.313,41.849,19285,51,125,0,14-3-30 8:10:14,1
L19GXUB7SI,123.288,41.8434,19307,58,110,0,14-3-30 8:12:14,1
L19GXUB7SI,123.273,41.8251,19330,73,100,0,14-3-30 8:14:15,1
L19GXUB7SI,123.27,41.8036,19354,64,95,0,14-3-30 8:16:15,1
L19GXUB7SI,123.271,41.7927,19369,12,65,0,14-3-30 8:18:16,1
L19GXUB7SI,123.272,41.7919,19370,12,60,0,14-3-30 8:20:16,1
L19GXUB7SI,123.267,41.786,19379,27,80,0,14-3-30 8:22:17,1
L19GXUB7SI,123.274,41.7797,19388,9,45,0,14-3-30 8:24:17,1
L19GXUB7SI,123.277,41.7696,19399,25,80,0,14-3-30 8:26:18,1
L19GXUB7SI,123.276,41.7648,19406,29,125,0,14-3-30 8:28:18,1
L19GXUB7SI,123.26,41.7632,19419,38,135,0,14-3-30 8:30:19,1
L19GXUB7SI,123.243,41.7633,19433,44,135,0,14-3-30 8:32:19,1
L19GXUB7SI,123.229,41.7633,19444,0,130,0,14-3-30 8:34:20,1
L19GXUB7SI,123.219,41.7632,19452,40,130,0,14-3-30 8:36:21,1
L19GXUB7SI,123.201,41.7619,19467,46,130,0,14-3-30 8:38:21,1
L19GXUB7SI,123.19,41.76,19476,27,125,0,14-3-30 8:40:22,1
L19GXUB7SI,123.173,41.7565,19490,46,120,0,14-3-30 8:42:23,1
L19GXUB7SI,123.156,41.7467,19507,47,110,0,14-3-30 8:44:24,1
L19GXUB7SI,123.142,41.7377,19522,38,105,0,14-3-30 8:46:24,1
L19GXUB7SI,123.135,41.7336,19529,22,115,0,14-3-30 8:48:25,1
L19GXUB7SI,123.124,41.7285,19539,46,115,0,14-3-30 8:50:25,1
L19GXUB7SI,123.106,41.7189,19557,60,115,0,14-3-30 8:52:26,1
L19GXUB7SI,123.088,41.7088,19576,57,115,0,14-3-30 8:54:26,1
L19GXUB7SI,123.07,41.6984,19594,55,110,0,14-3-30 8:56:27,1
L19GXUB7SI,123.057,41.6845,19613,55,105,0,14-3-30 8:58:27,1
L19GXUB7SI,123.045,41.6697,19631,55,105,0,14-3-30 9:0:28,1
L19GXUB7SI,123.03,41.6574,19650,55,110,0,14-3-30 9:2:28,1
L19GXUB7SI,123.02,41.6506,19660,20,110,0,14-3-30 9:4:29,1
L19GXUB7SI,123.005,41.6415,19676,58,115,0,14-3-30 9:6:29,1
L19GXUB7SI,122.987,41.6307,19694,55,115,0,14-3-30 9:8:30,1
L19GXUB7SI,122.97,41.6183,19714,55,110,0,14-3-30 9:10:31,1
L19GXUB7SI,122.952,41.6047,19735,66,110,0,14-3-30 9:12:31,1
L19GXUB7SI,122.936,41.5926,19753,49,110,0,14-3-30 9:14:32,1
L19GXUB7SI,122.921,41.58,19771,16,110,0,14-3-30 9:16:33,1
L19GXUB7SI,122.909,41.5691,19787,55,105,0,14-3-30 9:18:33,1
L19GXUB7SI,122.895,41.5553,19805,44,105,0,14-3-30 9:20:33,1
L19GXUB7SI,122.882,41.5429,19823,58,115,0,14-3-30 9:22:34,1
L19GXUB7SI,122.863,41.5337,19841,55,105,0,14-3-30 9:24:34,1
L19GXUB7SI,122.85,41.5204,19858,51,110,0,14-3-30 9:26:35,1
L19GXUB7SI,122.834,41.5072,19878,60,110,0,14-3-30 9:28:37,1
L19GXUB7SI,122.821,41.4962,19893,7,130,0,14-3-30 9:30:36,1
L19GXUB7SI,122.807,41.499,19905,46,140,0,14-3-30 9:32:37,1
L19GXUB7SI,122.787,41.5025,19921,53,140,0,14-3-30 9:34:37,1
L19GXUB7SI,122.766,41.5063,19938,53,140,0,14-3-30 9:36:38,1
L19GXUB7SI,122.758,41.5001,19951,47,95,0,14-3-30 9:38:38,1
L19GXUB7SI,122.745,41.4881,19970,57,135,0,14-3-30 9:40:39,1
L19GXUB7SI,122.724,41.4871,19987,49,105,0,14-3-30 9:42:39,1
L19GXUB7SI,122.714,41.4756,20003,0,115,0,14-3-30 9:44:40,1
L19GXUB7SI,122.711,41.4697,20011,27,55,0,14-3-30 9:46:40,1
L19GXUB7SI,122.712,41.4657,20021,46,155,0,14-3-30 9:48:41,1
L19GXUB7SI,122.694,41.4778,20041,57,150,0,14-3-30 9:50:41,1
L19GXUB7SI,122.685,41.4832,20049,0,155,0,14-3-30 9:52:42,1
L19GXUB7SI,122.685,41.4832,20049,0,155,0,14-3-30 9:54:42,1
L19GXUB7SI,122.685,41.4832,20049,0,155,0,14-3-30 9:56:43,1
L19GXUB7SI,122.685,41.4832,20049,0,155,0,14-3-30 9:58:43,1
L19GXUB7SI,122.685,41.4832,20049,0,155,0,14-3-30 10:0:44,1
L19GXUB7SI,122.685,41.4832,20049,0,155,0,14-3-30 10:2:46,1
L19GXUB7SI,122.685,41.4832,20049,0,155,0,14-3-30 10:4:45,1
L19GXUB7SI,122.685,41.4832,20049,0,155,0,14-3-30 10:6:46,1
L19GXUB7SI,122.685,41.4834,20050,12,150,0,14-3-30 10:8:46,1
L19GXUB7SI,122.675,41.489,20060,55,155,0,14-3-30 10:10:47,1
L19GXUB7SI,122.662,41.505,20081,51,170,0,14-3-30 10:12:47,1
L19GXUB7SI,122.645,41.5033,20100,66,125,0,14-3-30 10:14:48,1
L19GXUB7SI,122.62,41.5001,20121,68,130,0,14-3-30 10:16:48,1
L19GXUB7SI,122.589,41.4933,20148,79,115,0,14-3-30 10:18:49,1
L19GXUB7SI,122.413,41.4252,20311,82,115,0,14-3-30 10:31:1,1
L19GXUB7SI,122.384,41.4114,20340,86,120,0,14-3-30 10:33:2,1
L19GXUB7SI,122.351,41.4048,20368,82,120,0,14-3-30 10:35:2,1
L19GXUB7SI,122.32,41.3959,20395,79,125,0,14-3-30 10:37:3,1
L19GXUB7SI,122.278,41.3873,20431,80,120,0,14-3-30 10:39:47,1
L19GXUB7SI,122.249,41.3738,20459,82,120,0,14-3-30 10:41:48,1
L19GXUB7SI,122.219,41.366,20485,77,125,0,14-3-30 10:43:48,1
L19GXUB7SI,122.189,41.3567,20512,79,125,0,14-3-30 10:45:50,1
L19GXUB7SI,122.159,41.3476,20538,79,115,0,14-3-30 10:47:49,1
L19GXUB7SI,122.131,41.3365,20565,77,120,0,14-3-30 10:49:50,1
L19GXUB7SI,122.105,41.3218,20591,82,110,0,14-3-30 10:51:50,1
L19GXUB7SI,122.078,41.3076,20618,80,115,0,14-3-30 10:53:51,1
L19GXUB7SI,122.052,41.2934,20645,84,115,0,14-3-30 10:55:51,1
L19GXUB7SI,122.024,41.2819,20671,73,115,0,14-3-30 10:57:52,1
L19GXUB7SI,122,41.2667,20696,82,115,0,14-3-30 10:59:52,1
L19GXUB7SI,121.974,41.2524,20723,80,115,0,14-3-30 11:1:53,1
L19GXUB7SI,121.946,41.2417,20749,80,115,0,14-3-30 11:3:53,1
L19GXUB7SI,121.918,41.2305,20776,69,125,0,14-3-30 11:5:54,1
L19GXUB7SI,121.891,41.2324,20798,66,140,0,14-3-30 11:7:54,1
L19GXUB7SI,121.863,41.2377,20821,73,135,0,14-3-30 11:9:55,1
L19GXUB7SI,121.833,41.2389,20846,75,135,0,14-3-30 11:11:56,1
L19GXUB7SI,121.803,41.2418,20871,73,140,0,14-3-30 11:13:56,1
L19GXUB7SI,121.773,41.242,20896,73,125,0,14-3-30 11:15:57,1
L19GXUB7SI,121.744,41.2367,20920,75,125,0,14-3-30 11:17:57,1
L19GXUB7SI,121.716,41.2281,20946,73,120,0,14-3-30 11:19:58,1
L19GXUB7SI,121.689,41.2172,20971,75,120,0,14-3-30 11:21:58,1
L19GXUB7SI,121.658,41.2094,20997,80,125,0,14-3-30 11:23:59,1
L19GXUB7SI,121.631,41.1985,21022,73,115,0,14-3-30 11:26:0,1
L19GXUB7SI,121.604,41.1879,21047,69,125,0,14-3-30 11:28:0,1
L19GXUB7SI,121.577,41.1833,21070,69,125,0,14-3-30 11:30:1,1
L19GXUB7SI,121.549,41.1746,21095,71,125,0,14-3-30 11:32:1,1
L19GXUB7SI,121.52,41.1676,21120,77,120,0,14-3-30 11:34:3,1
L19GXUB7SI,121.493,41.1581,21145,73,125,0,14-3-30 11:36:2,1
L19GXUB7SI,121.464,41.1506,21170,73,120,0,14-3-30 11:38:3,1
L19GXUB7SI,121.44,41.139,21194,69,115,0,14-3-30 11:40:3,1
L19GXUB7SI,121.416,41.1251,21219,75,115,0,14-3-30 11:42:5,1
L19GXUB7SI,121.39,41.1135,21243,71,120,0,14-3-30 11:44:4,1
L19GXUB7SI,121.367,41.1005,21268,69,115,0,14-3-30 11:46:5,1
L19GXUB7SI,121.342,41.0891,21291,75,115,0,14-3-30 11:48:5,1
L19GXUB7SI,121.317,41.0767,21316,75,120,0,14-3-30 11:50:6,1
L19GXUB7SI,121.292,41.0656,21340,77,115,0,14-3-30 11:52:6,1
L19GXUB7SI,121.265,41.0538,21366,79,115,0,14-3-30 11:54:7,1
L19GXUB7SI,121.24,41.0408,21390,77,115,0,14-3-30 11:56:7,1
L19GXUB7SI,121.214,41.032,21414,68,120,0,14-3-30 11:58:8,1
L19GXUB7SI,121.189,41.0268,21435,53,125,0,14-3-30 12:0:10,1
L19GXUB7SI,121.166,41.0177,21456,77,115,0,14-3-30 12:2:9,1
L19GXUB7SI,121.146,41.0077,21476,69,120,0,14-3-30 12:4:10,1
L19GXUB7SI,121.122,40.9963,21500,84,115,0,14-3-30 12:6:10,1
L19GXUB7SI,121.103,40.9886,21517,44,115,0,14-3-30 12:8:11,1
L19GXUB7SI,121.087,40.9796,21533,49,115,0,14-3-30 12:10:11,1
L19GXUB7SI,121.063,40.9693,21556,68,115,0,14-3-30 12:12:12,1
L19GXUB7SI,121.043,40.9535,21581,73,110,0,14-3-30 12:14:12,1
L19GXUB7SI,121.021,40.9387,21605,71,115,0,14-3-30 12:16:13,1
L19GXUB7SI,121,40.9248,21628,75,105,0,14-3-30 12:18:13,1
L19GXUB7SI,120.986,40.9076,21650,57,100,0,14-3-30 12:20:14,1
L19GXUB7SI,120.97,40.8925,21671,60,110,0,14-3-30 12:22:15,1
L19GXUB7SI,120.95,40.8799,21692,57,110,0,14-3-30 12:24:15,1
L19GXUB7SI,120.931,40.8665,21714,66,115,0,14-3-30 12:26:16,1
L19GXUB7SI,120.92,40.8605,21724,0,110,0,14-3-30 12:28:16,1
L19GXUB7SI,120.92,40.8605,21724,0,110,0,14-3-30 12:30:18,1
L19GXUB7SI,120.92,40.8605,21724,0,110,0,14-3-30 12:32:17,1
L19GXUB7SI,120.92,40.8605,21724,0,110,0,14-3-30 12:34:18,1
L19GXUB7SI,120.92,40.8605,21724,0,110,0,14-3-30 12:36:18,1
L19GXUB7SI,120.92,40.8605,21724,0,110,0,14-3-30 12:38:19,1
L19GXUB7SI,120.92,40.8605,21724,0,110,0,14-3-30 12:40:19,1
L19GXUB7SI,120.92,40.8605,21724,0,110,0,14-3-30 12:42:20,1
L19GXUB7SI,120.92,40.8605,21724,0,110,0,14-3-30 12:44:20,1
L19GXUB7SI,120.919,40.8601,21724,0,110,0,14-3-30 12:46:21,1
L19GXUB7SI,120.916,40.8573,21729,40,110,0,14-3-30 12:48:21,1
L19GXUB7SI,120.903,40.8467,21744,42,110,0,14-3-30 12:50:22,1
L19GXUB7SI,120.885,40.8351,21764,66,120,0,14-3-30 12:52:23,1
L19GXUB7SI,120.861,40.8269,21785,58,120,0,14-3-30 12:54:24,1
L19GXUB7SI,120.847,40.8202,21798,38,115,0,14-3-30 12:56:24,1
L19GXUB7SI,120.83,40.8055,21820,55,105,0,14-3-30 12:58:24,1
L19GXUB7SI,120.813,40.7875,21844,64,110,0,14-3-30 13:0:26,1
L19GXUB7SI,120.796,40.7733,21865,66,105,0,14-3-30 13:2:25,1
L19GXUB7SI,120.779,40.755,21889,73,105,0,14-3-30 13:4:26,1
L19GXUB7SI,120.761,40.7418,21910,51,115,0,14-3-30 13:6:26,1
L19GXUB7SI,120.745,40.7315,21927,57,110,0,14-3-30 13:8:27,1
L19GXUB7SI,120.732,40.7187,21944,55,100,0,14-3-30 13:10:27,1
L19GXUB7SI,120.722,40.6977,21969,86,100,0,14-3-30 13:12:28,1
L19GXUB7SI,120.707,40.6773,21994,71,105,0,14-3-30 13:14:29,1
L19GXUB7SI,120.695,40.663,22012,40,105,0,14-3-30 13:16:29,1
L19GXUB7SI,120.682,40.6504,22029,58,110,0,14-3-30 13:18:29,1
L19GXUB7SI,120.664,40.635,22052,69,105,0,14-3-30 13:20:30,1
L19GXUB7SI,120.65,40.6171,22074,71,110,0,14-3-30 13:22:31,1
L19GXUB7SI,120.634,40.5993,22098,73,100,0,14-3-30 13:24:31,1
L19GXUB7SI,120.622,40.5804,22121,68,105,0,14-3-30 13:26:32,1
L19GXUB7SI,120.607,40.566,22141,55,110,0,14-3-30 13:28:33,1
L19GXUB7SI,120.588,40.554,22161,62,110,0,14-3-30 13:30:33,1
L19GXUB7SI,120.572,40.5371,22184,73,105,0,14-3-30 13:32:33,1
L19GXUB7SI,120.554,40.5199,22208,69,110,0,14-3-30 13:34:34,1
L19GXUB7SI,120.539,40.5029,22230,69,100,0,14-3-30 13:36:34,1
L19GXUB7SI,120.524,40.4841,22254,71,105,0,14-3-30 13:38:35,1
L19GXUB7SI,120.507,40.4671,22278,71,105,0,14-3-30 13:40:35,1
L19GXUB7SI,120.493,40.4502,22299,44,105,0,14-3-30 13:42:36,1
L19GXUB7SI,120.483,40.4386,22314,57,110,0,14-3-30 13:44:36,1
L19GXUB7SI,120.464,40.4239,22336,68,115,0,14-3-30 13:46:37,1
L19GXUB7SI,120.447,40.4124,22355,62,110,0,14-3-30 13:48:38,1
L19GXUB7SI,120.428,40.396,22379,75,110,0,14-3-30 13:50:38,1
L19GXUB7SI,120.401,40.3844,22404,75,120,0,14-3-30 13:52:39,1
L19GXUB7SI,120.374,40.3725,22430,79,115,0,14-3-30 13:54:39,1
L19GXUB7SI,120.346,40.3606,22457,75,115,0,14-3-30 13:56:40,1
L19GXUB7SI,120.326,40.3473,22479,68,110,0,14-3-30 13:58:40,1
L19GXUB7SI,120.303,40.3343,22503,75,115,0,14-3-30 14:0:41,1
L19GXUB7SI,120.285,40.3253,22520,47,115,0,14-3-30 14:2:41,1
L19GXUB7SI,120.268,40.3124,22541,64,105,0,14-3-30 14:4:42,1
L19GXUB7SI,120.25,40.2972,22563,64,115,0,14-3-30 14:6:42,1
L19GXUB7SI,120.228,40.284,22586,73,110,0,14-3-30 14:8:43,1
L19GXUB7SI,120.211,40.2704,22607,53,110,0,14-3-30 14:10:45,1
L19GXUB7SI,120.19,40.2595,22628,64,115,0,14-3-30 14:12:44,1
L19GXUB7SI,120.171,40.2459,22650,60,110,0,14-3-30 14:14:44,1
L19GXUB7SI,120.148,40.2326,22674,77,115,0,14-3-30 14:16:45,1
L19GXUB7SI,120.125,40.2215,22696,55,115,0,14-3-30 14:18:45,1
L19GXUB7SI,120.107,40.2111,22715,71,110,0,14-3-30 14:20:46,1
L19GXUB7SI,120.083,40.1991,22739,68,120,0,14-3-30 14:22:46,1
L19GXUB7SI,120.059,40.1885,22763,60,115,0,14-3-30 14:24:47,1
L19GXUB7SI,120.035,40.1754,22787,86,120,0,14-3-30 14:26:47,1
L19GXUB7SI,120.01,40.1611,22813,77,110,0,14-3-30 14:28:48,1
L19GXUB7SI,119.996,40.1464,22832,40,105,0,14-3-30 14:30:49,1
L19GXUB7SI,119.979,40.1336,22853,75,110,0,14-3-30 14:32:49,1
L19GXUB7SI,119.956,40.1169,22879,80,115,0,14-3-30 14:34:50,1
L19GXUB7SI,119.931,40.1016,22905,69,110,0,14-3-30 14:36:50,1
L19GXUB7SI,119.913,40.0894,22925,57,115,0,14-3-30 14:38:51,1
L19GXUB7SI,119.889,40.0783,22949,71,115,0,14-3-30 14:40:52,1
L19GXUB7SI,119.867,40.0691,22970,42,125,0,14-3-30 14:42:52,1
L19GXUB7SI,119.864,40.0685,22971,0,120,0,14-3-30 14:44:52,1
L19GXUB7SI,119.862,40.068,22973,23,120,0,14-3-30 14:46:53,1
L19GXUB7SI,119.846,40.0641,22988,58,120,0,14-3-30 14:48:53,1
L19GXUB7SI,119.821,40.0526,23012,69,115,0,14-3-30 14:50:54,1
L19GXUB7SI,119.799,40.0417,23033,64,120,0,14-3-30 14:52:55,1
L19GXUB7SI,119.777,40.0336,23054,77,115,0,14-3-30 14:54:55,1
L19GXUB7SI,119.751,40.0256,23077,79,120,0,14-3-30 14:56:56,1
L19GXUB7SI,119.723,40.0158,23103,71,125,0,14-3-30 14:58:56,1
L19GXUB7SI,119.696,40.0159,23126,66,135,0,14-3-30 15:0:57,1
L19GXUB7SI,119.672,40.0108,23146,64,120,0,14-3-30 15:2:57,1
L19GXUB7SI,119.646,40.0032,23170,71,130,0,14-3-30 15:4:58,1
L19GXUB7SI,119.618,40.0005,23193,51,125,0,14-3-30 15:6:58,1
L19GXUB7SI,119.595,39.9924,23215,79,120,0,14-3-30 15:8:59,1
L19GXUB7SI,119.567,39.9832,23240,69,125,0,14-3-30 15:10:59,1
L19GXUB7SI,119.537,39.9791,23265,69,125,0,14-3-30 15:13:0,1
L19GXUB7SI,119.512,39.9682,23290,62,115,0,14-3-30 15:15:0,1
L19GXUB7SI,119.491,39.9584,23311,47,120,0,14-3-30 15:17:1,1
L19GXUB7SI,119.472,39.9543,23327,71,125,0,14-3-30 15:19:2,1
L19GXUB7SI,119.442,39.9507,23352,62,130,0,14-3-30 15:21:2,1
L19GXUB7SI,119.417,39.9459,23374,79,120,0,14-3-30 15:23:3,1
L19GXUB7SI,119.389,39.9334,23401,92,120,0,14-3-30 15:25:3,1
L19GXUB7SI,119.358,39.9304,23427,69,130,0,14-3-30 15:27:4,1
L19GXUB7SI,119.333,39.9319,23448,55,135,0,14-3-30 15:29:4,1
L19GXUB7SI,119.306,39.9349,23471,75,135,0,14-3-30 15:31:5,1
L19GXUB7SI,119.278,39.9338,23494,47,130,0,14-3-30 15:33:49,1
L19GXUB7SI,119.25,39.9303,23518,71,130,0,14-3-30 15:35:50,1
L19GXUB7SI,119.221,39.9245,23543,68,130,0,14-3-30 15:37:50,1
L19GXUB7SI,119.191,39.9251,23568,79,135,0,14-3-30 15:39:51,1
L19GXUB7SI,119.163,39.9262,23591,69,130,0,14-3-30 15:41:51,1
L19GXUB7SI,119.134,39.9229,23616,80,125,0,14-3-30 15:43:52,1
L19GXUB7SI,119.106,39.9184,23639,49,130,0,14-3-30 15:45:52,1
L19GXUB7SI,119.09,39.9188,23652,34,135,0,14-3-30 15:47:53,1
L19GXUB7SI,119.069,39.9205,23670,80,135,0,14-3-30 15:49:54,1
L19GXUB7SI,119.038,39.9186,23697,77,130,0,14-3-30 15:52:0,1
L19GXUB7SI,119.015,39.9166,23715,64,130,0,14-3-30 15:54:1,1
L19GXUB7SI,118.987,39.914,23740,71,130,0,14-3-30 15:56:2,1
L19GXUB7SI,118.957,39.9152,23765,88,140,0,14-3-30 15:58:2,1
L19GXUB7SI,118.927,39.916,23790,79,130,0,14-3-30 16:0:2,1
L19GXUB7SI,118.864,39.9197,23843,82,130,0,14-3-30 16:4:4,1
L19GXUB7SI,118.833,39.9125,23870,82,115,0,14-3-30 16:6:4,1
L19GXUB7SI,118.807,39.898,23898,75,115,0,14-3-30 16:8:4,1
L19GXUB7SI,118.782,39.8848,23923,77,120,0,14-3-30 16:10:5,1
L19GXUB7SI,118.753,39.8823,23947,60,135,0,14-3-30 16:12:5,1
L19GXUB7SI,118.725,39.8817,23971,64,125,0,14-3-30 16:14:6,1
L19GXUB7SI,118.697,39.8753,23996,71,130,0,14-3-30 16:16:6,1
L19GXUB7SI,118.667,39.8749,24021,69,130,0,14-3-30 16:18:7,1
L19GXUB7SI,118.636,39.8719,24047,82,130,0,14-3-30 16:20:8,1
L19GXUB7SI,118.606,39.869,24072,77,130,0,14-3-30 16:22:8,1
L19GXUB7SI,118.573,39.8711,24100,82,135,0,14-3-30 16:24:9,1
L19GXUB7SI,118.542,39.8659,24127,84,130,0,14-3-30 16:26:9,1
L19GXUB7SI,118.513,39.865,24152,79,130,0,14-3-30 16:28:10,1
L19GXUB7SI,118.484,39.863,24176,86,135,0,14-3-30 16:30:11,1
L19GXUB7SI,118.456,39.8583,24200,55,120,0,14-3-30 16:32:11,1
L19GXUB7SI,118.427,39.8493,24226,82,125,0,14-3-30 16:34:13,1
L19GXUB7SI,118.397,39.8451,24252,79,125,0,14-3-30 16:36:12,1
L19GXUB7SI,118.368,39.8332,24279,79,120,0,14-3-30 16:38:12,1
L19GXUB7SI,118.339,39.8249,24305,75,120,0,14-3-30 16:40:13,1
L19GXUB7SI,118.314,39.8143,24329,47,120,0,14-3-30 16:42:14,1
L19GXUB7SI,118.285,39.8058,24355,73,125,0,14-3-30 16:44:36,1
L19GXUB7SI,118.258,39.7955,24380,75,120,0,14-3-30 16:46:37,1
L19GXUB7SI,118.237,39.7846,24403,68,80,0,14-3-30 16:48:38,1
L19GXUB7SI,118.255,39.7656,24428,82,70,0,14-3-30 16:50:38,1
L19GXUB7SI,118.272,39.7478,24452,77,70,0,14-3-30 16:52:38,1
L19GXUB7SI,118.284,39.7261,24478,66,80,0,14-3-30 16:54:39,1
L19GXUB7SI,118.289,39.7112,24494,55,80,0,14-3-30 16:56:39,1
L19GXUB7SI,118.292,39.6872,24521,82,90,0,14-3-30 16:58:41,1
L19GXUB7SI,118.292,39.663,24547,82,90,0,14-3-30 17:0:40,1
L19GXUB7SI,118.291,39.6375,24575,80,90,0,14-3-30 17:2:41,1
L19GXUB7SI,118.283,39.614,24602,79,100,0,14-3-30 17:4:41,1
L19GXUB7SI,118.262,39.5957,24629,80,115,0,14-3-30 17:6:42,1
L19GXUB7SI,118.235,39.5869,24653,46,125,0,14-3-30 17:8:42,1
L19GXUB7SI,118.231,39.5864,24656,0,125,0,14-3-30 17:12:0,1
L19GXUB7SI,118.231,39.5864,24656,0,125,0,14-3-30 17:14:0,1
L19GXUB7SI,118.231,39.5864,24656,0,125,0,14-3-30 17:16:1,1
L19GXUB7SI,118.231,39.5864,24656,0,125,0,14-3-30 17:18:1,1
L19GXUB7SI,118.231,39.5864,24656,0,125,0,14-3-30 17:20:2,1
L19GXUB7SI,118.231,39.5864,24656,0,125,0,14-3-30 17:22:2,1
L19GXUB7SI,118.231,39.5864,24656,0,125,0,14-3-30 17:25:5,1
L19GXUB7SI,118.231,39.5864,24656,0,125,0,14-3-30 17:27:5,1
L19GXUB7SI,118.231,39.5864,24656,0,125,0,14-3-30 17:29:6,1
L19GXUB7SI,118.231,39.5864,24656,0,125,0,14-3-30 17:31:6,1
L19GXUB7SI,118.231,39.5864,24656,0,125,0,14-3-30 17:33:7,1
L19GXUB7SI,118.231,39.5862,24656,7,120,0,14-3-30 17:35:7,1
L19GXUB7SI,118.217,39.5806,24669,64,115,0,14-3-30 17:37:8,1
L19GXUB7SI,118.196,39.5643,24695,79,105,0,14-3-30 17:39:9,1
L19GXUB7SI,118.18,39.5431,24721,84,105,0,14-3-30 17:41:9,1
L19GXUB7SI,118.158,39.5249,24749,79,115,0,14-3-30 17:43:10,1
L19GXUB7SI,118.129,39.5147,24776,79,125,0,14-3-30 17:45:10,1
L19GXUB7SI,118.099,39.5051,24803,80,115,0,14-3-30 17:47:11,1
L19GXUB7SI,118.074,39.4902,24830,79,110,0,14-3-30 17:49:11,1
L19GXUB7SI,118.054,39.4721,24855,75,105,0,14-3-30 17:51:12,1
L19GXUB7SI,118.036,39.4532,24881,82,110,0,14-3-30 17:53:12,1
L19GXUB7SI,118.015,39.4377,24905,80,110,0,14-3-30 17:55:13,1
L19GXUB7SI,117.99,39.4217,24932,84,115,0,14-3-30 17:57:14,1
L19GXUB7SI,117.964,39.4073,24959,71,115,0,14-3-30 17:59:14,1
L19GXUB7SI,117.955,39.4029,24967,0,120,0,14-3-30 18:1:15,1
L19GXUB7SI,117.952,39.4007,24970,34,115,0,14-3-30 18:3:15,1
L19GXUB7SI,117.933,39.3899,24991,75,115,0,14-3-30 18:5:16,1
L19GXUB7SI,117.909,39.3748,25017,80,115,0,14-3-30 18:7:16,1
L19GXUB7SI,117.892,39.3541,25044,80,95,0,14-3-30 18:9:17,1
L19GXUB7SI,117.879,39.3319,25071,82,110,0,14-3-30 18:11:17,1
L19GXUB7SI,117.859,39.3124,25098,75,100,0,14-3-30 18:13:18,1
L19GXUB7SI,117.844,39.2928,25123,80,100,0,14-3-30 18:15:18,1
L19GXUB7SI,117.827,39.2727,25149,71,115,0,14-3-30 18:17:19,1
L19GXUB7SI,117.798,39.268,25174,66,130,0,14-3-30 18:19:19,1
L19GXUB7SI,117.767,39.267,25200,80,130,0,14-3-30 18:21:20,1
L19GXUB7SI,117.737,39.257,25228,82,110,0,14-3-30 18:23:22,1
L19GXUB7SI,117.723,39.2345,25255,75,105,0,14-3-30 18:25:22,1
L19GXUB7SI,117.704,39.2169,25281,79,120,0,14-3-30 18:27:23,1
L19GXUB7SI,117.673,39.2132,25308,75,130,0,14-3-30 18:29:23,1
L19GXUB7SI,117.666,39.2165,25316,0,175,0,14-3-30 18:31:24,1
L19GXUB7SI,117.666,39.2233,25323,49,0,0,14-3-30 18:33:24,1
L19GXUB7SI,117.659,39.2275,25332,31,135,0,14-3-30 18:35:25,1
L19GXUB7SI,117.644,39.2241,25348,49,90,0,14-3-30 18:37:26,1
L19GXUB7SI,117.636,39.2114,25366,49,125,0,14-3-30 18:39:26,1
L19GXUB7SI,117.611,39.206,25388,64,120,0,14-3-30 18:41:27,1
L19GXUB7SI,117.561,39.2047,25431,49,130,0,14-3-30 18:45:29,1
L19GXUB7SI,117.544,39.1959,25450,66,100,0,14-3-30 18:47:28,1
L19GXUB7SI,117.531,39.1815,25469,58,95,0,14-3-30 18:49:29,1
L19GXUB7SI,117.521,39.1665,25488,58,115,0,14-3-30 18:51:29,1
L19GXUB7SI,117.511,39.1514,25508,51,100,0,14-3-30 18:53:30,1
L19GXUB7SI,117.506,39.1457,25515,0,105,0,14-3-30 18:55:31,1
L19GXUB7SI,117.504,39.1448,25515,0,100,0,14-3-30 18:57:31,1
L19GXUB7SI,117.504,39.1448,25515,0,100,0,14-3-30 18:59:32,1
L19GXUB7SI,117.504,39.1448,25515,0,100,0,14-3-30 19:1:32,1
L19GXUB7SI,117.504,39.1448,25515,0,100,0,14-3-30 19:3:33,1
L19GXUB7SI,117.495,39.1442,25524,46,145,0,14-3-30 19:5:34,1
L19GXUB7SI,117.485,39.1495,25534,47,140,0,14-3-30 19:7:34,1
L19GXUB7SI,117.471,39.1527,25546,33,135,0,14-3-30 19:9:36,1
L19GXUB7SI,117.457,39.1545,25558,31,145,0,14-3-30 19:11:35,1
L19GXUB7SI,117.448,39.1559,25565,25,140,0,14-3-30 19:13:35,1
L19GXUB7SI,117.428,39.1586,25582,57,135,0,14-3-30 19:15:36,1
L19GXUB7SI,117.406,39.1618,25601,55,140,0,14-3-30 19:17:36,1
L19GXUB7SI,117.391,39.1626,25614,55,130,0,14-3-30 19:19:37,1
L19GXUB7SI,117.379,39.1617,25623,20,130,0,14-3-30 19:21:38,1
L19GXUB7SI,117.364,39.1606,25635,11,120,0,14-3-30 19:23:38,1
L19GXUB7SI,117.367,39.1558,25643,29,45,0,14-3-30 19:25:39,1
L19GXUB7SI,117.38,39.1508,25655,0,65,0,14-3-30 19:27:39,1
L19GXUB7SI,117.384,39.145,25662,33,80,0,14-3-30 19:29:40,1
L19GXUB7SI,117.386,39.136,25672,34,85,0,14-3-30 19:31:40,1
L19GXUB7SI,117.392,39.1268,25683,42,65,0,14-3-30 19:33:41,1
L19GXUB7SI,117.405,39.121,25695,40,45,0,14-3-30 19:35:41,1
L19GXUB7SI,117.411,39.1215,25701,0,35,0,14-3-30 19:37:42,1
L19GXUB7SI,117.417,39.1223,25706,29,70,0,14-3-30 19:39:42,1
L19GXUB7SI,117.415,39.1178,25713,25,120,0,14-3-30 19:41:44,1
L19GXUB7SI,117.416,39.1124,25721,22,125,0,14-3-30 19:43:44,1
L19GXUB7SI,117.412,39.1117,25725,18,40,0,14-3-30 19:45:45,1
L19GXUB7SI,117.414,39.1121,25727,0,35,0,14-3-30 19:47:45,1
L19GXUB7SI,117.414,39.1121,25727,0,35,0,14-3-30 19:49:46,1
L19GXUB7SI,117.414,39.1121,25727,0,35,0,14-3-30 19:51:47,1
L19GXUB7SI,117.414,39.1121,25727,0,35,0,14-3-30 19:53:48,1
L19GXUB7SI,117.414,39.1121,25727,0,35,0,14-3-30 19:55:48,1
L19GXUB7SI,117.414,39.1121,25727,0,35,0,14-3-30 19:57:48,1
L19GXUB7SI,117.414,39.1121,25727,0,35,0,14-3-30 19:59:49,1
L19GXUB7SI,117.414,39.1121,25727,0,35,0,14-3-30 20:1:49,1
L19GXUB7SI,117.414,39.1121,25727,0,35,0,14-3-30 20:3:50,1
L19GXUB7SI,117.414,39.1121,25727,0,35,0,14-3-30 20:5:50,1
L19GXUB7SI,117.414,39.1121,25727,0,35,0,14-3-30 20:7:51,1
L19GXUB7SI,117.414,39.1121,25727,0,35,0,14-3-30 20:9:52,1
L19GXUB7SI,117.414,39.1121,25727,0,35,0,14-3-30 20:11:52,1
L19GXUB7SI,117.414,39.1121,25727,0,35,0,14-3-30 20:13:53,1
L19GXUB7SI,117.414,39.1121,25727,0,35,0,14-3-30 20:15:53,1
L19GXUB7SI,117.414,39.1121,25727,0,35,0,14-3-30 20:17:54,1
L19GXUB7SI,117.414,39.1121,25727,0,35,0,14-3-30 20:19:54,1
L19GXUB7SI,117.414,39.1121,25727,0,35,0,14-3-30 20:21:55,1
L19GXUB7SI,117.414,39.1121,25727,0,35,0,14-3-30 20:23:55,1
L19GXUB7SI,117.414,39.1121,25727,0,35,0,14-3-30 20:25:56,1
L19GXUB7SI,117.414,39.1121,25727,0,35,0,14-3-30 20:27:56,1
L19GXUB7SI,117.414,39.1121,25727,0,35,0,14-3-30 20:29:58,1
L19GXUB7SI,117.414,39.1121,25727,0,35,0,14-3-30 20:31:58,1
L19GXUB7SI,117.414,39.1121,25727,0,35,0,14-3-30 20:33:58,1
L19GXUB7SI,117.414,39.1121,25727,0,35,0,14-3-30 20:35:59,1
L19GXUB7SI,117.414,39.1121,25727,0,35,0,14-3-30 20:37:59,1
L19GXUB7SI,117.414,39.1121,25727,0,35,0,14-3-30 20:40:0,1
L19GXUB7SI,117.414,39.1121,25727,0,35,0,14-3-30 20:42:0,1
L19GXUB7SI,117.414,39.1121,25727,0,35,0,14-3-30 20:44:1,1
L19GXUB7SI,117.414,39.1121,25727,0,35,0,14-3-30 20:46:2,1
L19GXUB7SI,117.414,39.1121,25727,0,35,0,14-3-30 20:48:3,1
L19GXUB7SI,117.414,39.1121,25727,0,35,0,14-3-30 20:50:3,1
L19GXUB7SI,117.414,39.1121,25727,0,35,0,14-3-30 20:52:3,1
L19GXUB7SI,117.414,39.1121,25727,0,35,0,14-3-30 20:54:4,1
L19GXUB7SI,117.414,39.1121,25727,0,35,0,14-3-30 20:56:4,1
L19GXUB7SI,117.414,39.1121,25727,0,35,0,14-3-30 20:58:5,1
L19GXUB7SI,117.414,39.1121,25727,0,35,0,14-3-30 21:0:5,1
L19GXUB7SI,117.414,39.1121,25727,0,35,0,14-3-30 21:2:7,1
L19GXUB7SI,117.414,39.1121,25727,0,35,0,14-3-30 21:4:7,1
L19GXUB7SI,117.414,39.1121,25727,0,35,0,14-3-30 21:6:7,1
L19GXUB7SI,117.414,39.1121,25727,0,35,0,14-3-30 21:8:8,1
L19GXUB7SI,117.414,39.1121,25727,0,35,0,14-3-30 21:10:8,1
L19GXUB7SI,117.414,39.1121,25727,0,35,0,14-3-30 21:12:9,1
L19GXUB7SI,117.414,39.1121,25727,0,35,0,14-3-30 21:14:9,1
L19GXUB7SI,117.414,39.1121,25727,0,35,0,14-3-30 21:16:10,1
L19GXUB7SI,117.414,39.1121,25727,0,35,0,14-3-30 21:18:11,1
L19GXUB7SI,117.414,39.1121,25727,0,35,0,14-3-30 21:20:11,1
L19GXUB7SI,117.414,39.1121,25727,0,35,0,14-3-30 21:22:12,1
L19GXUB7SI,117.414,39.1121,25727,0,35,0,14-3-30 21:24:12,1
L19GXUB7SI,117.414,39.1121,25727,0,35,0,14-3-30 21:26:13,1
L19GXUB7SI,117.414,39.1121,25727,0,35,0,14-3-30 21:28:13,1
L19GXUB7SI,117.414,39.1121,25727,0,35,0,14-3-30 21:30:14,1
L19GXUB7SI,117.414,39.1121,25727,0,35,0,14-3-30 21:32:14,1
L19GXUB7SI,117.414,39.1121,25727,0,35,0,14-3-30 21:34:15,1
L19GXUB7SI,117.414,39.1121,25727,0,35,0,14-3-30 21:36:16,1
L19GXUB7SI,117.414,39.1121,25727,0,35,0,14-3-30 21:38:17,1
L19GXUB7SI,117.414,39.1121,25727,0,35,0,14-3-30 21:40:17,1
L19GXUB7SI,117.414,39.1121,25727,0,35,0,14-3-30 21:42:17,1
L19GXUB7SI,117.414,39.1121,25727,0,35,0,14-3-30 21:44:18,1
L19GXUB7SI,117.414,39.1121,25727,0,35,0,14-3-30 21:46:18,1
L19GXUB7SI,117.414,39.1121,25727,0,35,0,14-3-30 21:48:19,1
L19GXUB7SI,117.414,39.1121,25727,0,35,0,14-3-30 21:50:20,1
L19GXUB7SI,117.414,39.1121,25727,0,35,0,14-3-30 21:52:20,1
L19GXUB7SI,117.414,39.1121,25727,0,35,0,14-3-30 21:54:21,1
L19GXUB7SI,117.414,39.1121,25727,0,35,0,14-3-30 21:56:21,1
L19GXUB7SI,117.414,39.1121,25727,0,35,0,14-3-30 21:58:22,1
L19GXUB7SI,117.414,39.1121,25727,0,35,0,14-3-30 22:0:22,1
L19GXUB7SI,117.414,39.1121,25727,0,35,0,14-3-30 22:2:23,1
L19GXUB7SI,117.414,39.1121,25727,0,35,0,14-3-30 22:4:23,1
L19GXUB7SI,117.414,39.1121,25727,0,35,0,14-3-30 22:6:24,1
L19GXUB7SI,117.414,39.1121,25727,0,35,0,14-3-30 22:8:25,1
L19GXUB7SI,117.414,39.1121,25727,0,35,0,14-3-30 22:10:26,1
L19GXUB7SI,117.414,39.1121,25727,0,35,0,14-3-30 22:12:26,1
L19GXUB7SI,117.414,39.1121,25727,0,35,0,14-3-30 22:14:26,1
L19GXUB7SI,117.414,39.1121,25727,0,35,0,14-3-30 22:16:27,1
L19GXUB7SI,117.414,39.1121,25727,0,35,0,14-3-30 22:18:27,1
L19GXUB7SI,117.414,39.1121,25727,0,35,0,14-3-30 22:20:28,1
L19GXUB7SI,117.414,39.1121,25727,0,35,0,14-3-30 22:22:28,1
L19GXUB7SI,117.414,39.1121,25727,0,35,0,14-3-30 22:24:29,1
L19GXUB7SI,117.414,39.1121,25727,0,35,0,14-3-30 22:26:29,1
L19GXUB7SI,117.414,39.1121,25727,0,35,0,14-3-30 22:28:31,1
L19GXUB7SI,117.414,39.1121,25727,0,35,0,14-3-30 22:30:31,1
L19GXUB7SI,117.414,39.1121,25727,0,35,0,14-3-30 22:32:31,1
L19GXUB7SI,117.414,39.1121,25727,0,35,0,14-3-30 22:34:32,1
L19GXUB7SI,117.414,39.1121,25727,0,35,0,14-3-30 22:36:32,1
L19GXUB7SI,117.414,39.1121,25727,0,35,0,14-3-30 22:38:33,1
L19GXUB7SI,117.414,39.1121,25727,0,35,0,14-3-30 22:40:34,1
L19GXUB7SI,117.414,39.1121,25727,0,35,0,14-3-30 22:42:34,1
L19GXUB7SI,117.414,39.1121,25727,0,35,0,14-3-30 22:44:35,1
L19GXUB7SI,117.414,39.1121,25727,0,35,0,14-3-30 22:46:35,1
L19GXUB7SI,117.414,39.1121,25727,0,35,0,14-3-30 22:48:36,1
L19GXUB7SI,117.414,39.1121,25727,0,35,0,14-3-30 22:50:38,1
L19GXUB7SI,117.414,39.1121,25727,0,35,0,14-3-30 22:52:37,1
L19GXUB7SI,117.414,39.1121,25727,0,35,0,14-3-30 22:54:37,1
L19GXUB7SI,117.414,39.1121,25727,0,35,0,14-3-30 22:56:38,1
L19GXUB7SI,117.414,39.1121,25727,0,35,0,14-3-30 22:58:39,1
L19GXUB7SI,117.414,39.1121,25727,0,35,0,14-3-30 23:0:39,1
L19GXUB7SI,117.414,39.1121,25727,0,35,0,14-3-30 23:2:40,1
L19GXUB7SI,117.414,39.1121,25727,0,35,0,14-3-30 23:4:41,1
L19GXUB7SI,117.414,39.1121,25727,0,35,0,14-3-30 23:6:41,1
L19GXUB7SI,117.414,39.1121,25727,0,35,0,14-3-30 23:8:41,1
L19GXUB7SI,117.414,39.1121,25727,0,35,0,14-3-30 23:10:42,1
L19GXUB7SI,117.414,39.1121,25727,0,35,0,14-3-30 23:12:42,1
L19GXUB7SI,117.414,39.1121,25727,0,35,0,14-3-30 23:14:43,1
L19GXUB7SI,117.414,39.1121,25727,0,35,0,14-3-30 23:16:43,1
L19GXUB7SI,117.414,39.1121,25727,0,35,0,14-3-30 23:18:44,1
L19GXUB7SI,117.414,39.1121,25727,0,35,0,14-3-30 23:22:46,1
L19GXUB7SI,117.414,39.1121,25727,0,35,0,14-3-30 23:24:46,1
L19GXUB7SI,117.414,39.1121,25727,0,35,0,14-3-30 23:26:46,1
L19GXUB7SI,117.414,39.1121,25727,0,35,0,14-3-30 23:28:47,1
L19GXUB7SI,117.414,39.1121,25727,0,35,0,14-3-30 23:30:47,1
L19GXUB7SI,117.414,39.1121,25727,0,35,0,14-3-30 23:32:48,1
L19GXUB7SI,117.414,39.1121,25727,0,35,0,14-3-30 23:34:48,1
L19GXUB7SI,117.414,39.1121,25727,0,35,0,14-3-30 23:36:49,1
L19GXUB7SI,117.414,39.1121,25727,0,35,0,14-3-30 23:38:50,1
L19GXUB7SI,117.414,39.1121,25727,0,35,0,14-3-30 23:40:50,1
L19GXUB7SI,117.414,39.1121,25727,0,35,0,14-3-30 23:42:51,1
L19GXUB7SI,117.414,39.1121,25727,0,35,0,14-3-30 23:44:53,1
L19GXUB7SI,117.414,39.1121,25727,0,35,0,14-3-30 23:46:52,1
L19GXUB7SI,117.414,39.1121,25727,0,35,0,14-3-30 23:48:52,1
L19GXUB7SI,117.414,39.1121,25727,0,35,0,14-3-30 23:50:53,1
L19GXUB7SI,117.414,39.1121,25727,0,35,0,14-3-30 23:52:53,1
L19GXUB7SI,117.414,39.1121,25727,0,35,0,14-3-30 23:54:54,1
L19GXUB7SI,117.414,39.1121,25727,0,35,0,14-3-30 23:56:55,1
L19GXUB7SI,117.414,39.1121,25727,0,35,0,14-3-30 23:58:55,1
L19GXUB7SI,117.414,39.1121,25727,0,35,0,14-3-31 0:0:56,1
L19GXUB7SI,117.414,39.1121,25727,0,35,0,14-3-31 0:2:57,1
L19GXUB7SI,117.414,39.1121,25727,0,35,0,14-3-31 0:4:57,1
L19GXUB7SI,117.414,39.1121,25727,0,35,0,14-3-31 0:6:57,1
L19GXUB7SI,117.414,39.1121,25727,0,35,0,14-3-31 0:8:58,1
L19GXUB7SI,117.414,39.1121,25727,0,35,0,14-3-31 0:10:58,1
L19GXUB7SI,117.414,39.1121,25727,0,35,0,14-3-31 0:12:59,1
L19GXUB7SI,117.414,39.1121,25727,0,35,0,14-3-31 0:15:0,1
L19GXUB7SI,117.414,39.1121,25727,0,35,0,14-3-31 0:17:1,1
L19GXUB7SI,117.414,39.1121,25727,0,35,0,14-3-31 0:19:1,1
L19GXUB7SI,117.414,39.1121,25727,0,35,0,14-3-31 0:21:1,1
L19GXUB7SI,117.414,39.1121,25727,0,35,0,14-3-31 0:23:2,1
L19GXUB7SI,117.414,39.1121,25727,0,35,0,14-3-31 0:25:2,1
L19GXUB7SI,117.414,39.1121,25727,0,35,0,14-3-31 0:27:3,1
L19GXUB7SI,117.414,39.1121,25727,0,35,0,14-3-31 0:29:4,1
L19GXUB7SI,117.414,39.1121,25727,0,35,0,14-3-31 0:31:4,1
L19GXUB7SI,117.414,39.1121,25727,0,35,0,14-3-31 0:33:5,1
L19GXUB7SI,117.414,39.1121,25727,0,35,0,14-3-31 0:35:5,1
L19GXUB7SI,117.414,39.1121,25727,0,35,0,14-3-31 0:37:6,1
L19GXUB7SI,117.414,39.1121,25727,0,35,0,14-3-31 0:39:8,1
L19GXUB7SI,117.414,39.1121,25727,0,35,0,14-3-31 0:41:7,1
L19GXUB7SI,117.414,39.1121,25727,0,35,0,14-3-31 0:43:8,1
L19GXUB7SI,117.414,39.1121,25727,0,35,0,14-3-31 0:45:8,1
L19GXUB7SI,117.414,39.1121,25727,0,35,0,14-3-31 0:47:9,1
L19GXUB7SI,117.414,39.1121,25727,0,35,0,14-3-31 0:49:9,1
L19GXUB7SI,117.414,39.1121,25727,0,35,0,14-3-31 0:51:10,1
L19GXUB7SI,117.414,39.1121,25727,0,35,0,14-3-31 0:53:11,1
L19GXUB7SI,117.414,39.1121,25727,0,35,0,14-3-31 0:55:11,1
L19GXUB7SI,117.414,39.1121,25727,0,35,0,14-3-31 0:57:11,1
L19GXUB7SI,117.414,39.1121,25727,0,35,0,14-3-31 0:59:12,1
L19GXUB7SI,117.414,39.1121,25727,0,35,0,14-3-31 1:1:12,1
L19GXUB7SI,117.414,39.1121,25727,0,35,0,14-3-31 1:3:13,1
L19GXUB7SI,117.414,39.1121,25727,0,35,0,14-3-31 1:5:14,1
L19GXUB7SI,117.414,39.1121,25727,0,35,0,14-3-31 1:7:14,1
L19GXUB7SI,117.414,39.1121,25727,0,35,0,14-3-31 1:9:15,1
L19GXUB7SI,117.414,39.1121,25727,0,35,0,14-3-31 1:11:16,1
L19GXUB7SI,117.414,39.1121,25727,0,35,0,14-3-31 1:13:16,1
L19GXUB7SI,117.414,39.1121,25727,0,35,0,14-3-31 1:15:16,1
L19GXUB7SI,117.414,39.1121,25727,0,35,0,14-3-31 1:17:17,1
L19GXUB7SI,117.414,39.1121,25727,0,35,0,14-3-31 1:19:17,1
L19GXUB7SI,117.414,39.1121,25727,0,35,0,14-3-31 1:21:18,1
L19GXUB7SI,117.414,39.1121,25727,0,35,0,14-3-31 1:23:18,1
L19GXUB7SI,117.414,39.1121,25727,0,35,0,14-3-31 1:25:19,1
L19GXUB7SI,117.414,39.1121,25727,0,35,0,14-3-31 1:27:20,1
L19GXUB7SI,117.414,39.1121,25727,0,35,0,14-3-31 1:29:21,1
L19GXUB7SI,117.414,39.1121,25727,0,35,0,14-3-31 1:31:21,1
L19GXUB7SI,117.414,39.1121,25727,0,35,0,14-3-31 1:33:22,1
L19GXUB7SI,117.414,39.1121,25727,0,35,0,14-3-31 1:35:22,1
L19GXUB7SI,117.414,39.1121,25727,0,35,0,14-3-31 1:37:23,1
L19GXUB7SI,117.414,39.1121,25727,0,35,0,14-3-31 1:39:23,1
L19GXUB7SI,117.414,39.1121,25727,0,35,0,14-3-31 1:41:24,1
L19GXUB7SI,117.414,39.1121,25727,0,35,0,14-3-31 1:43:24,1
L19GXUB7SI,117.414,39.1121,25727,0,35,0,14-3-31 1:45:25,1
L19GXUB7SI,117.414,39.1121,25727,0,35,0,14-3-31 1:47:27,1
L19GXUB7SI,117.414,39.1121,25727,0,35,0,14-3-31 1:49:26,1
L19GXUB7SI,117.414,39.1121,25727,0,35,0,14-3-31 1:51:26,1
L19GXUB7SI,117.414,39.1121,25727,0,35,0,14-3-31 1:53:27,1
L19GXUB7SI,117.414,39.1121,25727,0,35,0,14-3-31 1:55:28,1
L19GXUB7SI,117.414,39.1121,25727,0,35,0,14-3-31 1:57:28,1
L19GXUB7SI,117.414,39.1121,25727,0,35,0,14-3-31 1:59:29,1
L19GXUB7SI,117.414,39.1121,25727,0,35,0,14-3-31 2:1:29,1
L19GXUB7SI,117.414,39.1121,25727,0,35,0,14-3-31 2:3:30,1
L19GXUB7SI,117.414,39.1121,25727,0,35,0,14-3-31 2:5:30,1
L19GXUB7SI,117.414,39.1121,25727,0,35,0,14-3-31 2:7:31,1
L19GXUB7SI,117.414,39.1121,25727,0,35,0,14-3-31 2:9:31,1
L19GXUB7SI,117.414,39.1121,25727,0,35,0,14-3-31 2:11:32,1
L19GXUB7SI,117.414,39.1121,25727,0,35,0,14-3-31 2:13:33,1
L19GXUB7SI,117.414,39.1121,25727,0,35,0,14-3-31 2:15:34,1
L19GXUB7SI,117.414,39.1121,25727,0,35,0,14-3-31 2:17:34,1
L19GXUB7SI,117.414,39.1121,25727,0,35,0,14-3-31 2:19:34,1
L19GXUB7SI,117.414,39.1121,25727,0,35,0,14-3-31 2:21:35,1
L19GXUB7SI,117.414,39.1121,25727,0,35,0,14-3-31 2:23:36,1
L19GXUB7SI,117.414,39.1121,25727,0,35,0,14-3-31 2:25:36,1
L19GXUB7SI,117.414,39.1121,25727,0,35,0,14-3-31 2:27:37,1
L19GXUB7SI,117.414,39.1121,25727,0,35,0,14-3-31 2:29:37,1
L19GXUB7SI,117.414,39.1121,25727,0,35,0,14-3-31 2:31:38,1
L19GXUB7SI,117.414,39.1121,25727,0,35,0,14-3-31 2:33:38,1
L19GXUB7SI,117.414,39.1121,25727,0,35,0,14-3-31 2:35:39,1
L19GXUB7SI,117.414,39.1121,25727,0,35,0,14-3-31 2:37:39,1
L19GXUB7SI,117.414,39.1121,25727,0,35,0,14-3-31 2:39:40,1
L19GXUB7SI,117.414,39.1121,25727,0,35,0,14-3-31 2:41:40,1
L19GXUB7SI,117.414,39.1121,25727,0,35,0,14-3-31 2:43:41,1
L19GXUB7SI,117.414,39.1121,25727,0,35,0,14-3-31 2:45:42,1
L19GXUB7SI,117.414,39.1121,25727,0,35,0,14-3-31 2:47:42,1
L19GXUB7SI,117.414,39.1121,25727,0,35,0,14-3-31 2:49:43,1
L19GXUB7SI,117.414,39.1121,25727,0,35,0,14-3-31 2:51:43,1
L19GXUB7SI,117.414,39.1121,25727,0,35,0,14-3-31 2:53:44,1
L19GXUB7SI,117.414,39.1121,25727,0,35,0,14-3-31 2:55:44,1
L19GXUB7SI,117.414,39.1121,25727,0,35,0,14-3-31 2:57:45,1
L19GXUB7SI,117.414,39.1121,25727,0,35,0,14-3-31 2:59:46,1
L19GXUB7SI,117.414,39.1121,25727,0,35,0,14-3-31 3:1:46,1
L19GXUB7SI,117.414,39.1121,25727,0,35,0,14-3-31 3:3:47,1
L19GXUB7SI,117.414,39.1121,25727,0,35,0,14-3-31 3:5:47,1
L19GXUB7SI,117.414,39.1121,25727,0,35,0,14-3-31 3:7:48,1
L19GXUB7SI,117.414,39.1121,25727,0,35,0,14-3-31 3:9:48,1
L19GXUB7SI,117.414,39.1121,25727,0,35,0,14-3-31 3:11:49,1
L19GXUB7SI,117.414,39.1121,25727,0,35,0,14-3-31 3:13:50,1
L19GXUB7SI,117.414,39.1121,25727,0,35,0,14-3-31 3:15:50,1
L19GXUB7SI,117.414,39.1121,25727,0,35,0,14-3-31 3:17:51,1
L19GXUB7SI,117.414,39.1121,25727,0,35,0,14-3-31 3:19:51,1
L19GXUB7SI,117.414,39.1121,25727,0,35,0,14-3-31 3:21:52,1
L19GXUB7SI,117.414,39.1121,25727,0,35,0,14-3-31 3:23:54,1
L19GXUB7SI,117.414,39.1121,25727,0,35,0,14-3-31 3:25:53,1
L19GXUB7SI,117.414,39.1121,25727,0,35,0,14-3-31 3:27:54,1
L19GXUB7SI,117.414,39.1121,25727,0,35,0,14-3-31 3:29:54,1
L19GXUB7SI,117.414,39.1121,25727,0,35,0,14-3-31 3:31:55,1
L19GXUB7SI,117.414,39.1121,25727,0,35,0,14-3-31 3:33:55,1
L19GXUB7SI,117.414,39.1121,25727,0,35,0,14-3-31 3:35:56,1
L19GXUB7SI,117.414,39.1121,25727,0,35,0,14-3-31 3:37:58,1
L19GXUB7SI,117.414,39.1121,25727,0,35,0,14-3-31 3:39:57,1
L19GXUB7SI,117.414,39.1121,25727,0,35,0,14-3-31 3:41:58,1
L19GXUB7SI,117.414,39.1121,25727,0,35,0,14-3-31 3:43:58,1
L19GXUB7SI,117.414,39.1121,25727,0,35,0,14-3-31 3:45:59,1
L19GXUB7SI,117.414,39.1121,25727,0,35,0,14-3-31 3:47:59,1
L19GXUB7SI,117.414,39.1121,25727,0,35,0,14-3-31 3:50:0,1
L19GXUB7SI,117.414,39.1121,25727,0,35,0,14-3-31 3:52:0,1
L19GXUB7SI,117.414,39.1121,25727,0,35,0,14-3-31 3:54:1,1
L19GXUB7SI,117.414,39.1121,25727,0,35,0,14-3-31 3:56:2,1
L19GXUB7SI,117.414,39.1121,25727,0,35,0,14-3-31 3:58:2,1
L19GXUB7SI,117.414,39.1121,25727,0,35,0,14-3-31 4:0:3,1
L19GXUB7SI,117.414,39.1121,25727,0,35,0,14-3-31 4:2:3,1
L19GXUB7SI,117.414,39.1121,25727,0,35,0,14-3-31 4:4:4,1
L19GXUB7SI,117.414,39.1121,25727,0,35,0,14-3-31 4:6:4,1
L19GXUB7SI,117.414,39.1121,25727,0,35,0,14-3-31 4:8:5,1
L19GXUB7SI,117.414,39.1121,25727,0,35,0,14-3-31 4:10:5,1
L19GXUB7SI,117.414,39.1121,25727,0,35,0,14-3-31 4:12:6,1
L19GXUB7SI,117.414,39.1121,25727,0,35,0,14-3-31 4:14:6,1
L19GXUB7SI,117.414,39.1121,25727,0,35,0,14-3-31 4:16:7,1
L19GXUB7SI,117.414,39.1121,25727,0,35,0,14-3-31 4:18:8,1
L19GXUB7SI,117.414,39.1121,25727,0,35,0,14-3-31 4:20:8,1
L19GXUB7SI,117.414,39.1121,25727,0,35,0,14-3-31 4:22:9,1
L19GXUB7SI,117.414,39.1121,25727,0,35,0,14-3-31 4:24:9,1
L19GXUB7SI,117.414,39.1121,25727,0,35,0,14-3-31 4:26:10,1
L19GXUB7SI,117.414,39.1121,25727,0,35,0,14-3-31 4:28:10,1
L19GXUB7SI,117.414,39.1121,25727,0,35,0,14-3-31 4:30:11,1
L19GXUB7SI,117.414,39.1121,25727,0,35,0,14-3-31 4:32:12,1
L19GXUB7SI,117.414,39.1121,25727,0,35,0,14-3-31 4:34:12,1
L19GXUB7SI,117.414,39.1121,25727,0,35,0,14-3-31 4:36:13,1
L19GXUB7SI,117.414,39.1121,25727,0,35,0,14-3-31 4:38:13,1
L19GXUB7SI,117.414,39.1121,25727,0,35,0,14-3-31 4:40:14,1
L19GXUB7SI,117.414,39.1121,25727,0,35,0,14-3-31 4:42:16,1
L19GXUB7SI,117.414,39.1121,25727,0,35,0,14-3-31 4:44:15,1
L19GXUB7SI,117.414,39.1121,25727,0,35,0,14-3-31 4:46:16,1
L19GXUB7SI,117.414,39.1121,25727,0,35,0,14-3-31 4:48:16,1
L19GXUB7SI,117.414,39.1121,25727,0,35,0,14-3-31 4:50:17,1
L19GXUB7SI,117.414,39.1121,25727,0,35,0,14-3-31 4:52:19,1
L19GXUB7SI,117.414,39.1121,25727,0,35,0,14-3-31 4:54:18,1
L19GXUB7SI,117.414,39.1121,25727,0,35,0,14-3-31 4:56:19,1
L19GXUB7SI,117.414,39.1121,25727,0,35,0,14-3-31 4:58:19,1
L19GXUB7SI,117.414,39.1121,25727,0,35,0,14-3-31 5:0:20,1
L19GXUB7SI,117.414,39.1121,25727,0,35,0,14-3-31 5:2:20,1
L19GXUB7SI,117.414,39.1121,25727,0,35,0,14-3-31 5:4:21,1
L19GXUB7SI,117.414,39.1121,25727,0,35,0,14-3-31 5:6:21,1
L19GXUB7SI,117.414,39.1121,25727,0,35,0,14-3-31 5:8:22,1
L19GXUB7SI,117.414,39.1121,25727,0,35,0,14-3-31 5:10:24,1
L19GXUB7SI,117.414,39.1121,25727,0,35,0,14-3-31 5:12:23,1
L19GXUB7SI,117.414,39.1121,25727,0,35,0,14-3-31 5:14:24,1
L19GXUB7SI,117.414,39.1121,25727,0,35,0,14-3-31 5:16:24,1
L19GXUB7SI,117.414,39.1121,25727,0,35,0,14-3-31 5:18:25,1
L19GXUB7SI,117.414,39.1121,25727,0,35,0,14-3-31 5:20:25,1
L19GXUB7SI,117.414,39.1121,25727,0,35,0,14-3-31 5:22:26,1
L19GXUB7SI,117.414,39.1121,25727,0,35,0,14-3-31 5:24:26,1
L19GXUB7SI,117.414,39.1121,25727,0,35,0,14-3-31 5:26:27,1
L19GXUB7SI,117.414,39.1121,25727,0,35,0,14-3-31 5:28:28,1
L19GXUB7SI,117.414,39.1121,25727,0,35,0,14-3-31 5:30:28,1
L19GXUB7SI,117.414,39.1121,25727,0,35,0,14-3-31 5:32:29,1
L19GXUB7SI,117.414,39.1121,25727,0,35,0,14-3-31 5:34:29,1
L19GXUB7SI,117.414,39.1121,25727,0,35,0,14-3-31 5:36:30,1
L19GXUB7SI,117.414,39.1121,25727,0,35,0,14-3-31 5:38:32,1
L19GXUB7SI,117.414,39.1121,25727,0,35,0,14-3-31 5:40:31,1
L19GXUB7SI,117.414,39.1121,25727,0,35,0,14-3-31 5:42:31,1
L19GXUB7SI,117.414,39.1121,25727,0,35,0,14-3-31 5:44:32,1
L19GXUB7SI,117.414,39.1121,25727,0,35,0,14-3-31 5:46:33,1
L19GXUB7SI,117.414,39.1121,25727,0,35,0,14-3-31 5:48:33,1
L19GXUB7SI,117.414,39.1121,25727,0,35,0,14-3-31 5:50:34,1
L19GXUB7SI,117.414,39.1121,25727,0,35,0,14-3-31 5:52:34,1
L19GXUB7SI,117.414,39.1121,25727,0,35,0,14-3-31 5:54:35,1
L19GXUB7SI,117.414,39.1121,25727,0,35,0,14-3-31 5:56:35,1
L19GXUB7SI,117.414,39.1121,25727,0,35,0,14-3-31 5:58:36,1
L19GXUB7SI,117.414,39.1121,25727,0,35,0,14-3-31 6:0:36,1
L19GXUB7SI,117.414,39.1121,25727,0,35,0,14-3-31 6:2:37,1
L19GXUB7SI,117.414,39.1121,25727,0,35,0,14-3-31 6:4:38,1
L19GXUB7SI,117.414,39.1121,25727,0,35,0,14-3-31 6:6:38,1
L19GXUB7SI,117.414,39.1121,25727,0,35,0,14-3-31 6:8:39,1
L19GXUB7SI,117.414,39.1121,25727,0,35,0,14-3-31 6:10:41,1
L19GXUB7SI,117.414,39.1121,25727,0,35,0,14-3-31 6:12:40,1
L19GXUB7SI,117.414,39.1121,25727,0,35,0,14-3-31 6:14:40,1
L19GXUB7SI,117.414,39.1121,25727,0,35,0,14-3-31 6:16:41,1
L19GXUB7SI,117.414,39.1121,25727,0,35,0,14-3-31 6:18:43,1
L19GXUB7SI,117.414,39.1121,25727,0,35,0,14-3-31 6:20:42,1
L19GXUB7SI,117.414,39.1121,25727,0,35,0,14-3-31 6:22:43,1
L19GXUB7SI,117.414,39.1121,25727,0,35,0,14-3-31 6:24:43,1
L19GXUB7SI,117.414,39.1121,25727,0,35,0,14-3-31 6:26:44,1
L19GXUB7SI,117.414,39.1121,25727,0,35,0,14-3-31 6:28:46,1
L19GXUB7SI,117.414,39.1121,25727,0,35,0,14-3-31 6:30:45,1
L19GXUB7SI,117.414,39.1121,25727,0,35,0,14-3-31 6:32:45,1
L19GXUB7SI,117.414,39.1121,25727,0,35,0,14-3-31 6:34:46,1
L19GXUB7SI,117.414,39.1121,25727,0,35,0,14-3-31 6:36:46,1
L19GXUB7SI,117.414,39.1121,25727,0,35,0,14-3-31 6:38:47,1
L19GXUB7SI,117.414,39.1121,25727,0,35,0,14-3-31 6:40:48,1
L19GXUB7SI,117.414,39.1121,25727,0,35,0,14-3-31 6:42:48,1
L19GXUB7SI,117.414,39.1121,25727,0,35,0,14-3-31 6:44:49,1
L19GXUB7SI,117.414,39.1121,25727,0,35,0,14-3-31 6:46:49,1
L19GXUB7SI,117.414,39.1121,25727,0,35,0,14-3-31 6:48:56,1
L19GXUB7SI,117.414,39.1121,25727,0,35,0,14-3-31 6:50:56,1
L19GXUB7SI,117.414,39.1121,25727,0,35,0,14-3-31 6:52:57,1
L19GXUB7SI,117.414,39.1121,25727,0,35,0,14-3-31 6:54:58,1
L19GXUB7SI,117.414,39.1121,25727,0,35,0,14-3-31 6:56:58,1
L19GXUB7SI,117.414,39.1121,25727,0,35,0,14-3-31 6:58:59,1
L19GXUB7SI,117.414,39.1121,25727,0,35,0,14-3-31 7:0:59,1
L19GXUB7SI,117.414,39.1121,25727,0,35,0,14-3-31 7:3:0,1
L19GXUB7SI,117.414,39.1121,25727,0,35,0,14-3-31 7:5:0,1
L19GXUB7SI,117.414,39.1121,25727,0,35,0,14-3-31 7:7:1,1
L19GXUB7SI,117.414,39.1121,25727,0,35,0,14-3-31 7:9:2,1
L19GXUB7SI,117.414,39.1121,25727,0,35,0,14-3-31 7:11:2,1
L19GXUB7SI,117.414,39.1121,25727,0,35,0,14-3-31 7:13:3,1
L19GXUB7SI,117.414,39.1121,25727,0,35,0,14-3-31 7:15:3,1
L19GXUB7SI,117.414,39.1121,25727,0,35,0,14-3-31 7:17:4,1
L19GXUB7SI,117.414,39.1121,25727,0,35,0,14-3-31 7:19:4,1
L19GXUB7SI,117.414,39.1121,25727,0,35,0,14-3-31 7:21:5,1
L19GXUB7SI,117.414,39.1121,25727,0,35,0,14-3-31 7:23:6,1
L19GXUB7SI,117.414,39.1121,25727,0,35,0,14-3-31 7:25:6,1
L19GXUB7SI,117.414,39.1121,25727,0,35,0,14-3-31 7:27:7,1
L19GXUB7SI,117.414,39.1121,25727,0,35,0,14-3-31 7:29:7,1
L19GXUB7SI,117.414,39.1121,25727,0,35,0,14-3-31 7:31:8,1
L19GXUB7SI,117.414,39.1121,25727,0,35,0,14-3-31 7:33:8,1
L19GXUB7SI,117.414,39.1121,25727,0,35,0,14-3-31 7:35:9,1
L19GXUB7SI,117.414,39.1121,25727,0,35,0,14-3-31 7:37:9,1
L19GXUB7SI,117.414,39.1121,25727,0,35,0,14-3-31 7:39:10,1
L19GXUB7SI,117.414,39.1121,25727,0,35,0,14-3-31 7:41:10,1
L19GXUB7SI,117.414,39.1121,25727,0,35,0,14-3-31 7:43:11,1
L19GXUB7SI,117.414,39.1121,25727,0,35,0,14-3-31 7:45:12,1
L19GXUB7SI,117.414,39.1121,25727,0,35,0,14-3-31 7:47:12,1
L19GXUB7SI,117.414,39.1121,25727,0,35,0,14-3-31 7:49:13,1
L19GXUB7SI,117.414,39.1121,25727,0,35,0,14-3-31 7:51:13,1
L19GXUB7SI,117.414,39.1121,25727,0,35,0,14-3-31 7:53:14,1
L19GXUB7SI,117.414,39.1121,25727,0,35,0,14-3-31 7:55:14,1
L19GXUB7SI,117.414,39.1121,25727,0,35,0,14-3-31 7:57:15,1
L19GXUB7SI,117.414,39.1121,25727,0,35,0,14-3-31 7:59:16,1
L19GXUB7SI,117.414,39.1121,25727,0,35,0,14-3-31 8:1:16,1
L19GXUB7SI,117.414,39.1121,25727,0,35,0,14-3-31 8:3:17,1
L19GXUB7SI,117.414,39.1121,25727,0,35,0,14-3-31 8:5:17,1
L19GXUB7SI,117.414,39.1121,25727,0,35,0,14-3-31 8:7:18,1
L19GXUB7SI,117.414,39.1121,25727,0,35,0,14-3-31 8:9:18,1
L19GXUB7SI,117.414,39.1121,25727,0,35,0,14-3-31 8:11:19,1
L19GXUB7SI,117.414,39.1121,25727,0,35,0,14-3-31 8:13:19,1
L19GXUB7SI,117.414,39.1121,25727,0,35,0,14-3-31 8:15:20,1
L19GXUB7SI,117.414,39.1121,25727,0,35,0,14-3-31 8:17:20,1
L19GXUB7SI,117.414,39.1121,25727,0,35,0,14-3-31 8:19:21,1
L19GXUB7SI,117.414,39.1121,25727,0,35,0,14-3-31 8:21:22,1
L19GXUB7SI,117.414,39.1121,25727,0,35,0,14-3-31 8:23:22,1
L19GXUB7SI,117.414,39.1121,25727,0,35,0,14-3-31 8:25:24,1
L19GXUB7SI,117.414,39.1121,25727,0,35,0,14-3-31 8:27:23,1
L19GXUB7SI,117.414,39.1121,25727,0,35,0,14-3-31 8:29:24,1
L19GXUB7SI,117.414,39.1121,25727,0,35,0,14-3-31 8:31:24,1
L19GXUB7SI,117.414,39.1121,25727,0,35,0,14-3-31 8:33:25,1
L19GXUB7SI,117.414,39.1121,25727,0,35,0,14-3-31 8:35:25,1
L19GXUB7SI,117.414,39.1121,25727,0,35,0,14-3-31 8:37:26,1
L19GXUB7SI,117.414,39.1121,25727,0,35,0,14-3-31 8:39:27,1
L19GXUB7SI,117.414,39.1121,25727,0,35,0,14-3-31 8:41:27,1
L19GXUB7SI,117.414,39.1121,25727,0,35,0,14-3-31 8:43:28,1
L19GXUB7SI,117.414,39.1121,25727,0,35,0,14-3-31 8:45:28,1
L19GXUB7SI,117.414,39.1121,25727,0,35,0,14-3-31 8:47:29,1
L19GXUB7SI,117.414,39.1121,25727,0,35,0,14-3-31 8:49:29,1
L19GXUB7SI,117.414,39.1121,25727,0,35,0,14-3-31 8:51:30,1
L19GXUB7SI,117.414,39.1121,25727,0,35,0,14-3-31 8:53:30,1
L19GXUB7SI,117.414,39.1121,25727,0,35,0,14-3-31 8:55:31,1
L19GXUB7SI,117.414,39.1121,25727,0,35,0,14-3-31 8:57:31,1
L19GXUB7SI,117.414,39.1121,25727,0,35,0,14-3-31 8:59:32,1
L19GXUB7SI,117.414,39.1121,25727,0,35,0,14-3-31 9:1:34,1
L19GXUB7SI,117.414,39.1121,25727,0,35,0,14-3-31 9:3:33,1
L19GXUB7SI,117.414,39.1121,25727,0,35,0,14-3-31 9:5:34,1
L19GXUB7SI,117.414,39.1121,25727,0,35,0,14-3-31 9:7:34,1
L19GXUB7SI,117.414,39.1121,25727,0,35,0,14-3-31 9:9:35,1
L19GXUB7SI,117.414,39.1121,25727,0,35,0,14-3-31 9:11:35,1
L19GXUB7SI,117.414,39.1121,25727,0,35,0,14-3-31 9:13:36,1
L19GXUB7SI,117.414,39.1121,25727,0,35,0,14-3-31 9:15:37,1
L19GXUB7SI,117.414,39.1121,25727,0,35,0,14-3-31 9:17:37,1
L19GXUB7SI,117.414,39.1121,25727,0,35,0,14-3-31 9:19:39,1
L19GXUB7SI,117.414,39.1121,25727,0,35,0,14-3-31 9:21:38,1
L19GXUB7SI,117.414,39.1121,25727,0,35,0,14-3-31 9:23:39,1
L19GXUB7SI,117.414,39.1121,25727,0,35,0,14-3-31 9:25:39,1
L19GXUB7SI,117.414,39.1121,25727,0,35,0,14-3-31 9:27:40,1
L19GXUB7SI,117.414,39.1121,25727,0,35,0,14-3-31 9:29:40,1
L19GXUB7SI,117.414,39.1121,25727,0,35,0,14-3-31 9:31:41,1
L19GXUB7SI,117.414,39.1121,25727,0,35,0,14-3-31 9:33:41,1
L19GXUB7SI,117.414,39.1121,25727,0,35,0,14-3-31 9:35:42,1
L19GXUB7SI,117.414,39.1121,25727,0,35,0,14-3-31 9:37:43,1
L19GXUB7SI,117.414,39.1121,25727,0,35,0,14-3-31 9:39:43,1
L19GXUB7SI,117.414,39.1121,25727,0,35,0,14-3-31 9:41:45,1
L19GXUB7SI,117.414,39.1121,25727,0,35,0,14-3-31 9:43:44,1
L19GXUB7SI,117.414,39.1121,25727,0,35,0,14-3-31 9:45:45,1
L19GXUB7SI,117.414,39.1121,25727,0,35,0,14-3-31 9:47:45,1
L19GXUB7SI,117.414,39.1121,25727,0,35,0,14-3-31 9:49:46,1
L19GXUB7SI,117.414,39.1121,25727,0,35,0,14-3-31 9:51:46,1
L19GXUB7SI,117.414,39.1121,25727,0,35,0,14-3-31 9:53:48,1
L19GXUB7SI,117.414,39.1121,25727,0,35,0,14-3-31 9:55:47,1
L19GXUB7SI,117.414,39.1121,25727,0,35,0,14-3-31 9:57:48,1
L19GXUB7SI,117.414,39.1121,25727,0,35,0,14-3-31 9:59:49,1
L19GXUB7SI,117.414,39.1121,25727,0,50,0,14-3-31 10:1:49,1
L19GXUB7SI,117.414,39.1121,25727,0,50,0,14-3-31 10:3:51,1
L19GXUB7SI,117.414,39.1121,25727,0,50,0,14-3-31 10:5:50,1
L19GXUB7SI,117.414,39.1121,25727,0,50,0,14-3-31 10:7:51,1
L19GXUB7SI,117.414,39.1121,25727,0,50,0,14-3-31 10:9:51,1
L19GXUB7SI,117.414,39.1121,25727,0,50,0,14-3-31 10:11:52,1
L19GXUB7SI,117.414,39.1121,25727,0,50,0,14-3-31 10:13:52,1
L19GXUB7SI,117.414,39.1121,25727,0,50,0,14-3-31 10:15:53,1
L19GXUB7SI,117.414,39.1121,25727,0,50,0,14-3-31 10:17:54,1
L19GXUB7SI,117.414,39.1121,25727,0,50,0,14-3-31 10:19:54,1
L19GXUB7SI,117.414,39.1121,25727,0,50,0,14-3-31 10:21:55,1
L19GXUB7SI,117.414,39.1121,25727,0,50,0,14-3-31 10:23:55,1
L19GXUB7SI,117.414,39.1121,25727,0,50,0,14-3-31 10:25:56,1
L19GXUB7SI,117.414,39.1121,25727,0,50,0,14-3-31 10:27:56,1
L19GXUB7SI,117.414,39.1121,25727,0,50,0,14-3-31 10:29:57,1
L19GXUB7SI,117.414,39.1121,25727,0,50,0,14-3-31 10:31:57,1
L19GXUB7SI,117.414,39.1121,25727,0,50,0,14-3-31 10:33:59,1
L19GXUB7SI,117.414,39.1121,25727,0,50,0,14-3-31 10:35:58,1
L19GXUB7SI,117.414,39.1121,25727,0,50,0,14-3-31 10:37:59,1
L19GXUB7SI,117.414,39.1121,25727,0,50,0,14-3-31 10:40:1,1
L19GXUB7SI,117.414,39.1121,25727,0,50,0,14-3-31 10:42:0,1
L19GXUB7SI,117.414,39.1121,25727,0,50,0,14-3-31 10:44:1,1
L19GXUB7SI,117.414,39.1121,25727,0,50,0,14-3-31 10:46:1,1
L19GXUB7SI,117.414,39.1121,25727,0,50,0,14-3-31 10:48:8,1
L19GXUB7SI,117.414,39.1121,25727,0,50,0,14-3-31 10:50:8,1
L19GXUB7SI,117.414,39.1121,25727,0,50,0,14-3-31 10:52:10,1
L19GXUB7SI,117.414,39.1121,25727,0,50,0,14-3-31 10:54:9,1
L19GXUB7SI,117.414,39.1121,25727,0,50,0,14-3-31 10:56:10,1
L19GXUB7SI,117.414,39.1121,25727,0,50,0,14-3-31 10:58:10,1
L19GXUB7SI,117.414,39.1121,25727,0,50,0,14-3-31 11:0:11,1
L19GXUB7SI,117.414,39.1121,25727,0,50,0,14-3-31 11:2:11,1
L19GXUB7SI,117.414,39.1121,25727,0,50,0,14-3-31 11:4:12,1
L19GXUB7SI,117.414,39.1121,25727,0,50,0,14-3-31 11:6:14,1
L19GXUB7SI,117.414,39.1121,25727,0,50,0,14-3-31 11:8:13,1
L19GXUB7SI,117.414,39.1121,25727,0,50,0,14-3-31 11:10:14,1
L19GXUB7SI,117.414,39.1121,25727,0,50,0,14-3-31 11:12:14,1
L19GXUB7SI,117.414,39.1121,25727,0,50,0,14-3-31 11:14:15,1
L19GXUB7SI,117.414,39.1121,25727,0,50,0,14-3-31 11:16:15,1
L19GXUB7SI,117.414,39.1121,25727,0,50,0,14-3-31 11:18:16,1
L19GXUB7SI,117.414,39.1121,25727,0,50,0,14-3-31 11:20:16,1
L19GXUB7SI,117.414,39.1121,25727,0,50,0,14-3-31 11:22:17,1
L19GXUB7SI,117.414,39.1121,25727,0,50,0,14-3-31 11:24:18,1
L19GXUB7SI,117.414,39.1121,25727,0,50,0,14-3-31 11:26:19,1
L19GXUB7SI,117.414,39.1121,25727,0,50,0,14-3-31 11:28:19,1
L19GXUB7SI,117.414,39.1121,25727,0,50,0,14-3-31 11:30:19,1
L19GXUB7SI,117.414,39.1121,25727,0,50,0,14-3-31 11:32:20,1
L19GXUB7SI,117.414,39.1121,25727,0,50,0,14-3-31 11:34:20,1
L19GXUB7SI,117.414,39.1121,25727,0,50,0,14-3-31 11:36:21,1
L19GXUB7SI,117.414,39.1121,25727,0,50,0,14-3-31 11:38:21,1
L19GXUB7SI,117.414,39.1121,25727,0,50,0,14-3-31 11:40:22,1
L19GXUB7SI,117.414,39.1121,25727,0,50,0,14-3-31 11:42:22,1
L19GXUB7SI,117.414,39.1121,25727,0,50,0,14-3-31 11:44:23,1
L19GXUB7SI,117.414,39.1121,25727,0,50,0,14-3-31 11:46:24,1
L19GXUB7SI,117.414,39.1121,25727,0,50,0,14-3-31 11:48:24,1
L19GXUB7SI,117.414,39.1121,25727,0,50,0,14-3-31 11:50:25,1
L19GXUB7SI,117.414,39.1121,25727,0,50,0,14-3-31 11:52:25,1
L19GXUB7SI,117.414,39.1121,25727,0,50,0,14-3-31 11:54:26,1
L19GXUB7SI,117.414,39.1121,25727,0,50,0,14-3-31 11:56:26,1
L19GXUB7SI,117.414,39.1121,25727,0,50,0,14-3-31 11:58:28,1
L19GXUB7SI,117.414,39.1121,25727,0,50,0,14-3-31 12:0:27,1
L19GXUB7SI,117.414,39.1121,25727,0,50,0,14-3-31 12:2:28,1
L19GXUB7SI,117.414,39.1121,25727,0,50,0,14-3-31 12:4:29,1
L19GXUB7SI,117.414,39.1121,25727,0,50,0,14-3-31 12:6:30,1
L19GXUB7SI,117.414,39.1121,25727,0,50,0,14-3-31 12:8:30,1
L19GXUB7SI,117.414,39.1121,25727,0,50,0,14-3-31 12:10:30,1
L19GXUB7SI,117.414,39.1121,25727,0,50,0,14-3-31 12:12:31,1
L19GXUB7SI,117.414,39.1121,25727,0,50,0,14-3-31 12:14:31,1
L19GXUB7SI,117.414,39.1121,25727,0,50,0,14-3-31 12:16:33,1
L19GXUB7SI,117.414,39.1121,25727,0,50,0,14-3-31 12:18:32,1
L19GXUB7SI,117.414,39.1121,25727,0,50,0,14-3-31 12:20:33,1
L19GXUB7SI,117.414,39.1121,25727,0,50,0,14-3-31 12:22:33,1
L19GXUB7SI,117.414,39.1121,25727,0,50,0,14-3-31 12:24:35,1
L19GXUB7SI,117.414,39.1121,25727,0,50,0,14-3-31 12:26:34,1
L19GXUB7SI,117.414,39.1121,25727,0,50,0,14-3-31 12:28:35,1
L19GXUB7SI,117.414,39.1121,25727,0,50,0,14-3-31 12:30:36,1
L19GXUB7SI,117.414,39.1121,25727,0,50,0,14-3-31 12:32:36,1
L19GXUB7SI,117.414,39.1121,25727,0,50,0,14-3-31 12:34:37,1
L19GXUB7SI,117.414,39.1121,25727,0,50,0,14-3-31 12:36:37,1
L19GXUB7SI,117.414,39.1121,25727,0,50,0,14-3-31 12:38:38,1
L19GXUB7SI,117.414,39.1121,25727,0,50,0,14-3-31 12:40:38,1
L19GXUB7SI,117.414,39.1121,25727,0,50,0,14-3-31 12:42:39,1
L19GXUB7SI,117.414,39.1121,25727,0,50,0,14-3-31 12:44:39,1
L19GXUB7SI,117.414,39.1121,25727,0,50,0,14-3-31 12:46:41,1
L19GXUB7SI,117.414,39.1121,25727,0,50,0,14-3-31 12:48:40,1
L19GXUB7SI,117.414,39.1121,25727,0,50,0,14-3-31 12:50:41,1
L19GXUB7SI,117.414,39.1121,25727,0,50,0,14-3-31 12:52:41,1
L19GXUB7SI,117.414,39.1121,25727,0,50,0,14-3-31 12:54:42,1
L19GXUB7SI,117.414,39.1121,25727,0,50,0,14-3-31 12:56:42,1
L19GXUB7SI,117.414,39.1121,25727,0,50,0,14-3-31 12:58:43,1
L19GXUB7SI,117.414,39.1121,25727,0,50,0,14-3-31 13:0:43,1
L19GXUB7SI,117.414,39.1121,25727,0,50,0,14-3-31 13:2:44,1
L19GXUB7SI,117.414,39.1121,25727,0,50,0,14-3-31 13:4:45,1
L19GXUB7SI,117.414,39.1121,25727,0,50,0,14-3-31 13:6:45,1
L19GXUB7SI,117.414,39.1121,25727,0,50,0,14-3-31 13:8:46,1
L19GXUB7SI,117.414,39.1121,25727,0,50,0,14-3-31 13:10:46,1
L19GXUB7SI,117.414,39.1121,25727,0,50,0,14-3-31 13:12:47,1
L19GXUB7SI,117.414,39.1121,25727,0,50,0,14-3-31 13:14:47,1
L19GXUB7SI,117.414,39.1121,25727,0,50,0,14-3-31 13:16:48,1
L19GXUB7SI,117.414,39.1121,25727,0,50,0,14-3-31 13:18:48,1
L19GXUB7SI,117.414,39.1121,25727,0,50,0,14-3-31 13:20:49,1
L19GXUB7SI,117.414,39.1121,25727,0,50,0,14-3-31 13:22:49,1
L19GXUB7SI,117.414,39.1121,25727,0,50,0,14-3-31 13:24:50,1
L19GXUB7SI,117.414,39.1121,25727,0,50,0,14-3-31 13:26:50,1
L19GXUB7SI,117.414,39.1121,25727,0,50,0,14-3-31 13:28:51,1
L19GXUB7SI,117.414,39.1121,25727,0,50,0,14-3-31 13:30:51,1
L19GXUB7SI,117.414,39.1121,25727,0,50,0,14-3-31 13:32:52,1
L19GXUB7SI,117.414,39.1121,25727,0,50,0,14-3-31 13:34:53,1
L19GXUB7SI,117.414,39.1121,25727,0,50,0,14-3-31 13:36:53,1
L19GXUB7SI,117.414,39.1121,25727,0,50,0,14-3-31 13:38:54,1
L19GXUB7SI,117.414,39.1121,25727,0,50,0,14-3-31 13:40:54,1
L19GXUB7SI,117.414,39.1121,25727,0,50,0,14-3-31 13:42:56,1
L19GXUB7SI,117.414,39.1121,25727,0,50,0,14-3-31 13:44:55,1
L19GXUB7SI,117.414,39.1121,25727,0,50,0,14-3-31 13:46:56,1
L19GXUB7SI,117.414,39.1121,25727,0,50,0,14-3-31 13:48:56,1
L19GXUB7SI,117.414,39.1121,25727,0,50,0,14-3-31 13:50:57,1
L19GXUB7SI,117.414,39.1121,25727,0,50,0,14-3-31 13:52:57,1
L19GXUB7SI,117.414,39.1121,25727,0,50,0,14-3-31 13:54:58,1
L19GXUB7SI,117.414,39.1121,25727,0,50,0,14-3-31 13:56:58,1
L19GXUB7SI,117.414,39.1121,25727,0,50,0,14-3-31 13:58:59,1
L19GXUB7SI,117.414,39.1121,25727,0,50,0,14-3-31 14:0:59,1
L19GXUB7SI,117.414,39.1121,25727,0,50,0,14-3-31 14:3:0,1
L19GXUB7SI,117.414,39.1121,25727,0,50,0,14-3-31 14:5:1,1
L19GXUB7SI,117.414,39.1121,25727,0,50,0,14-3-31 14:7:1,1
L19GXUB7SI,117.414,39.1121,25727,0,50,0,14-3-31 14:9:2,1
L19GXUB7SI,117.414,39.1121,25727,0,50,0,14-3-31 14:11:2,1
L19GXUB7SI,117.414,39.1121,25727,0,50,0,14-3-31 14:13:3,1
L19GXUB7SI,117.414,39.1121,25727,0,50,0,14-3-31 14:15:3,1
L19GXUB7SI,117.414,39.1121,25727,0,50,0,14-3-31 14:17:4,1
L19GXUB7SI,117.414,39.1121,25727,0,50,0,14-3-31 14:19:4,1
L19GXUB7SI,117.414,39.1121,25727,0,50,0,14-3-31 14:21:6,1
L19GXUB7SI,117.414,39.1121,25727,0,50,0,14-3-31 14:23:5,1
L19GXUB7SI,117.414,39.1121,25727,0,50,0,14-3-31 14:25:6,1
L19GXUB7SI,117.414,39.1121,25727,0,50,0,14-3-31 14:27:6,1
L19GXUB7SI,117.414,39.1121,25727,0,50,0,14-3-31 14:29:7,1
L19GXUB7SI,117.414,39.1121,25727,0,50,0,14-3-31 14:31:7,1
L19GXUB7SI,117.414,39.1121,25727,0,50,0,14-3-31 14:33:8,1
L19GXUB7SI,117.415,39.1121,25727,0,60,0,14-3-31 14:35:9,1
L19GXUB7SI,117.413,39.1107,25730,12,130,0,14-3-31 14:37:9,1
L19GXUB7SI,117.412,39.1101,25731,0,75,0,14-3-31 14:39:11,1
L19GXUB7SI,117.412,39.1101,25731,0,75,0,14-3-31 14:41:10,1
L19GXUB7SI,117.412,39.1101,25731,0,75,0,14-3-31 14:43:11,1
L19GXUB7SI,117.414,39.1072,25731,0,55,0,14-3-31 14:45:24,1
L19GXUB7SI,117.414,39.1072,25731,0,55,0,14-3-31 14:45:46,1
L19GXUB7SI,117.414,39.1072,25731,0,55,0,14-3-31 14:45:55,1
L19GXUB7SI,117.414,39.1072,25731,0,55,0,14-3-31 14:46:4,1
