L393X7B7SI,117.228,39.0838,123237,0,4,0,14-3-29 21:33:48,1
L393X7B7SI,117.228,39.0838,123237,0,0,0,14-3-29 21:35:3,1
L393X7B7SI,117.232,39.0789,123241,25,45,0,14-3-29 21:36:10,1
L393X7B7SI,117.246,39.0788,123253,0,0,0,14-3-29 21:38:11,1
L393X7B7SI,117.237,39.0791,123260,51,135,0,14-3-29 21:40:14,1
L393X7B7SI,117.23,39.0836,123271,0,0,0,14-3-29 21:43:32,1
L393X7B7SI,117.23,39.0836,123271,0,0,0,14-3-29 21:45:34,1
L393X7B7SI,117.23,39.0836,123271,0,0,0,14-3-29 21:47:34,1
L393X7B7SI,117.23,39.0836,123271,0,0,0,14-3-29 21:49:35,1
L393X7B7SI,117.23,39.0836,123271,0,0,0,14-3-29 21:51:57,1
L393X7B7SI,117.23,39.0836,123271,0,0,0,14-3-29 21:53:58,1
L393X7B7SI,117.23,39.0836,123271,0,0,0,14-3-29 21:56:0,1
L393X7B7SI,117.23,39.0836,123271,0,0,0,14-3-29 21:58:1,1
L393X7B7SI,117.23,39.0836,123271,0,0,0,14-3-29 22:0:47,1
L393X7B7SI,117.23,39.0836,123271,0,0,0,14-3-29 22:2:50,1
L393X7B7SI,117.23,39.0836,123271,0,0,0,14-3-29 22:4:50,1
L393X7B7SI,117.23,39.0836,123271,0,0,0,14-3-29 22:6:52,1
L393X7B7SI,117.227,39.0793,123277,27,135,0,14-3-29 22:10:29,1
L393X7B7SI,117.226,39.0712,123287,49,85,0,14-3-29 22:12:31,1
L393X7B7SI,117.225,39.0617,123271,0,0,0,14-3-29 22:14:10,1
L393X7B7SI,117.226,39.0557,123271,0,0,0,14-3-29 22:14:52,1
L393X7B7SI,117.226,39.0557,123271,0,4,0,14-3-29 22:16:20,0
L393X7B7SI,117.226,39.0557,123271,0,0,0,14-3-29 22:17:3,0
L393X7B7SI,117.228,39.0239,123282,60,75,0,14-3-29 22:18:44,1
L393X7B7SI,117.225,39.0177,123297,29,0,0,14-3-29 22:20:45,1
L393X7B7SI,117.225,39.0191,123299,0,85,0,14-3-29 22:22:47,1
L393X7B7SI,117.225,39.0191,123299,0,85,0,14-3-29 22:24:48,1
L393X7B7SI,117.227,39.0172,123302,31,40,0,14-3-29 22:27:41,1
L393X7B7SI,117.23,39.0215,123312,27,160,0,14-3-29 22:29:43,1
L393X7B7SI,117.228,39.0313,123323,0,0,0,14-3-29 22:31:44,1
L393X7B7SI,117.227,39.0446,123321,0,0,0,14-3-29 22:34:42,1
L393X7B7SI,117.228,39.037,123321,0,0,0,14-3-29 22:34:54,1
L393X7B7SI,117.228,39.037,123321,0,0,0,14-3-29 22:35:4,1
L393X7B7SI,117.227,39.0482,123333,51,175,0,14-3-29 22:37:5,1
L393X7B7SI,117.225,39.0617,123321,0,4,0,14-3-29 22:39:0,1
L393X7B7SI,117.226,39.0668,123321,0,4,0,14-3-29 22:39:46,1
L393X7B7SI,117.226,39.0668,123321,0,0,0,14-3-29 22:40:29,1
L393X7B7SI,117.228,39.0788,123328,27,40,0,14-3-29 22:42:10,1
L393X7B7SI,117.243,39.0787,123341,33,40,0,14-3-29 22:44:11,1
L393X7B7SI,117.245,39.079,123343,0,145,0,14-3-29 22:46:12,1
L393X7B7SI,117.239,39.0791,123348,34,135,0,14-3-29 22:48:14,1
L393X7B7SI,117.234,39.0848,123358,0,25,0,14-3-29 22:50:16,1
L393X7B7SI,117.245,39.0804,123369,20,90,0,14-3-29 22:52:16,1
L393X7B7SI,117.229,39.0797,123384,25,175,0,14-3-29 22:54:18,1
L393X7B7SI,117.229,39.0836,123388,0,175,0,14-3-29 22:56:41,1
L393X7B7SI,117.229,39.0836,123388,0,175,0,14-3-29 22:58:42,1
L393X7B7SI,117.229,39.0836,123388,0,175,0,14-3-29 23:0:43,1
L393X7B7SI,117.229,39.0836,123388,0,175,0,14-3-29 23:2:44,1
L393X7B7SI,117.229,39.0836,123388,0,175,0,14-3-29 23:4:46,1
L393X7B7SI,117.229,39.0836,123388,0,175,0,14-3-29 23:6:47,1
L393X7B7SI,117.229,39.0836,123388,0,175,0,14-3-29 23:8:49,1
L393X7B7SI,117.229,39.0836,123388,0,175,0,14-3-29 23:10:50,1
L393X7B7SI,117.229,39.0836,123388,0,175,0,14-3-29 23:12:51,1
L393X7B7SI,117.229,39.0836,123388,0,175,0,14-3-29 23:14:53,1
L393X7B7SI,117.229,39.0836,123388,0,175,0,14-3-29 23:16:54,1
L393X7B7SI,117.229,39.0836,123388,0,175,0,14-3-29 23:18:55,1
L393X7B7SI,117.229,39.0836,123388,0,175,0,14-3-29 23:20:57,1
L393X7B7SI,117.229,39.0836,123388,0,175,0,14-3-29 23:22:59,1
L393X7B7SI,117.229,39.0836,123388,0,175,0,14-3-29 23:25:23,1
L393X7B7SI,117.229,39.0836,123388,0,175,0,14-3-29 23:27:25,1
L393X7B7SI,117.229,39.0836,123388,0,175,0,14-3-29 23:29:26,1
L393X7B7SI,117.229,39.0836,123388,0,175,0,14-3-29 23:32:8,1
L393X7B7SI,117.229,39.0836,123388,0,175,0,14-3-29 23:34:9,1
L393X7B7SI,117.229,39.0836,123388,0,175,0,14-3-29 23:36:11,1
L393X7B7SI,117.229,39.0836,123388,0,175,0,14-3-29 23:40:4,1
L393X7B7SI,117.229,39.0836,123388,0,175,0,14-3-29 23:42:6,1
L393X7B7SI,117.229,39.0836,123388,0,175,0,14-3-29 23:44:7,1
L393X7B7SI,117.229,39.0836,123388,0,175,0,14-3-29 23:46:9,1
L393X7B7SI,117.229,39.0836,123388,0,175,0,14-3-29 23:48:10,1
L393X7B7SI,117.229,39.0836,123388,0,175,0,14-3-29 23:50:11,1
L393X7B7SI,117.229,39.0836,123388,0,175,0,14-3-29 23:52:19,1
L393X7B7SI,117.229,39.0836,123388,0,175,0,14-3-29 23:54:20,1
L393X7B7SI,117.229,39.0836,123388,0,175,0,14-3-29 23:56:22,1
L393X7B7SI,117.229,39.0836,123388,0,175,0,14-3-29 23:58:23,1
L393X7B7SI,117.229,39.0836,123388,0,175,0,14-3-30 0:1:4,1
L393X7B7SI,117.229,39.0836,123388,0,175,0,14-3-30 0:3:6,1
L393X7B7SI,117.229,39.0836,123388,0,175,0,14-3-30 0:5:31,1
L393X7B7SI,117.229,39.0836,123388,0,175,0,14-3-30 0:7:33,1
L393X7B7SI,117.229,39.0836,123388,0,175,0,14-3-30 0:9:34,1
L393X7B7SI,117.229,39.0836,123388,0,175,0,14-3-30 0:11:36,1
L393X7B7SI,117.229,39.0836,123388,0,175,0,14-3-30 0:13:37,1
L393X7B7SI,117.229,39.0836,123388,0,175,0,14-3-30 0:15:38,1
L393X7B7SI,117.229,39.0836,123388,0,175,0,14-3-30 0:17:40,1
L393X7B7SI,117.229,39.0836,123388,0,175,0,14-3-30 0:19:41,1
L393X7B7SI,117.229,39.0836,123388,0,175,0,14-3-30 0:21:44,1
L393X7B7SI,117.229,39.0836,123388,0,175,0,14-3-30 0:23:44,1
L393X7B7SI,117.229,39.0836,123388,0,175,0,14-3-30 0:25:45,1
L393X7B7SI,117.229,39.0836,123388,0,175,0,14-3-30 0:27:48,1
L393X7B7SI,117.229,39.0836,123388,0,175,0,14-3-30 0:30:4,1
L393X7B7SI,117.229,39.0836,123388,0,175,0,14-3-30 0:32:6,1
L393X7B7SI,117.231,39.0863,123388,0,4,0,14-3-30 2:14:50,1
L393X7B7SI,117.231,39.0863,123388,0,4,0,14-3-30 2:15:32,1
L393X7B7SI,117.23,39.0831,123388,0,105,0,14-3-30 2:17:13,1
L393X7B7SI,117.23,39.0831,123388,0,105,0,14-3-30 2:19:14,1
L393X7B7SI,117.23,39.0831,123388,0,105,0,14-3-30 2:21:15,1
L393X7B7SI,117.23,39.0831,123388,0,105,0,14-3-30 2:23:17,1
L393X7B7SI,117.23,39.0831,123388,0,105,0,14-3-30 2:25:18,1
L393X7B7SI,117.23,39.0831,123388,0,105,0,14-3-30 2:27:20,1
L393X7B7SI,117.23,39.0831,123388,0,105,0,14-3-30 2:29:21,1
L393X7B7SI,117.23,39.0831,123388,0,105,0,14-3-30 2:31:22,1
L393X7B7SI,117.23,39.0831,123388,0,105,0,14-3-30 2:33:24,1
L393X7B7SI,117.23,39.0831,123388,0,105,0,14-3-30 2:35:25,1
L393X7B7SI,117.23,39.0831,123388,0,105,0,14-3-30 2:37:26,1
L393X7B7SI,117.23,39.0831,123388,0,105,0,14-3-30 2:39:28,1
L393X7B7SI,117.23,39.0831,123388,0,105,0,14-3-30 2:41:29,1
L393X7B7SI,117.23,39.0831,123388,0,105,0,14-3-30 2:43:31,1
L393X7B7SI,117.23,39.0831,123388,0,105,0,14-3-30 2:45:33,1
L393X7B7SI,117.23,39.0831,123388,0,105,0,14-3-30 2:47:33,1
L393X7B7SI,117.23,39.0831,123388,0,105,0,14-3-30 2:49:35,1
L393X7B7SI,117.23,39.0831,123388,0,105,0,14-3-30 2:51:37,1
L393X7B7SI,117.23,39.0831,123388,0,105,0,14-3-30 2:53:37,1
L393X7B7SI,117.23,39.0837,123388,0,145,0,14-3-30 2:55:39,1
L393X7B7SI,117.23,39.0837,123388,0,145,0,14-3-30 2:57:40,1
L393X7B7SI,117.23,39.0837,123388,0,145,0,14-3-30 2:59:42,1
L393X7B7SI,117.227,39.0792,123395,0,125,0,14-3-30 3:1:43,1
L393X7B7SI,117.21,39.0779,123410,51,125,0,14-3-30 3:4:3,1
L393X7B7SI,117.193,39.0728,123426,49,120,0,14-3-30 3:6:4,1
L393X7B7SI,117.188,39.0718,123429,0,120,0,14-3-30 3:8:5,1
L393X7B7SI,117.185,39.0709,123432,38,120,0,14-3-30 3:10:6,1
L393X7B7SI,117.178,39.0681,123438,20,115,0,14-3-30 3:12:8,1
L393X7B7SI,117.182,39.0673,123438,0,4,0,14-3-30 3:14:40,1
L393X7B7SI,117.182,39.0673,123438,0,4,0,14-3-30 3:15:23,1
L393X7B7SI,117.182,39.0673,123440,0,25,0,14-3-30 3:17:9,0
L393X7B7SI,117.216,39.0785,123460,47,35,0,14-3-30 3:19:5,1
L393X7B7SI,117.226,39.0742,123473,44,85,0,14-3-30 3:21:6,1
L393X7B7SI,117.226,39.0576,123491,57,90,0,14-3-30 3:23:8,1
L393X7B7SI,117.228,39.0397,123510,53,85,0,14-3-30 3:25:9,1
L393X7B7SI,117.228,39.0327,123517,0,175,0,14-3-30 3:27:10,1
L393X7B7SI,117.222,39.0321,123523,27,135,0,14-3-30 3:29:11,1
L393X7B7SI,117.201,39.0351,123541,62,140,0,14-3-30 3:31:13,1
L393X7B7SI,117.178,39.0404,123561,53,150,0,14-3-30 3:33:14,1
L393X7B7SI,117.16,39.0516,123581,53,165,0,14-3-30 3:35:15,1
L393X7B7SI,117.147,39.0655,123600,55,150,0,14-3-30 3:37:17,1
L393X7B7SI,117.144,39.067,123602,0,150,0,14-3-30 3:39:18,1
L393X7B7SI,117.136,39.0719,123611,58,155,0,14-3-30 3:41:20,1
L393X7B7SI,117.123,39.0797,123625,55,145,0,14-3-30 3:43:21,1
L393X7B7SI,117.113,39.0851,123635,49,155,0,14-3-30 3:45:22,1
L393X7B7SI,117.106,39.0962,123651,29,105,0,14-3-30 3:47:23,1
L393X7B7SI,117.099,39.0883,123661,42,100,0,14-3-30 3:49:25,1
L393X7B7SI,117.097,39.0696,123682,66,95,0,14-3-30 3:51:26,1
L393X7B7SI,117.08,39.0559,123703,62,115,0,14-3-30 3:53:27,1
L393X7B7SI,117.059,39.0453,123724,60,120,0,14-3-30 3:55:29,1
L393X7B7SI,117.036,39.0404,123744,58,125,0,14-3-30 3:57:30,1
L393X7B7SI,117.003,38.9699,123829,64,90,0,14-3-30 4:5:23,1
L393X7B7SI,116.977,38.9338,123874,68,105,0,14-3-30 4:9:27,1
L393X7B7SI,116.962,38.8495,123969,69,85,0,14-3-30 4:17:43,1
L393X7B7SI,116.964,38.828,123992,68,85,0,14-3-30 4:19:44,1
L393X7B7SI,116.963,38.8071,124015,64,100,0,14-3-30 4:21:45,1
L393X7B7SI,116.95,38.7895,124037,66,100,0,14-3-30 4:23:46,1
L393X7B7SI,116.938,38.7726,124058,68,95,0,14-3-30 4:25:47,1
L393X7B7SI,116.938,38.7511,124081,68,85,0,14-3-30 4:27:49,1
L393X7B7SI,116.936,38.7306,124103,64,100,0,14-3-30 4:29:50,1
L393X7B7SI,116.918,38.7193,124123,69,120,0,14-3-30 4:31:39,1
L393X7B7SI,116.901,38.7047,124146,68,115,0,14-3-30 4:33:40,1
L393X7B7SI,116.882,38.6915,124167,55,105,0,14-3-30 4:35:41,1
L393X7B7SI,116.849,38.6383,124233,69,105,0,14-3-30 4:45:10,1
L393X7B7SI,116.829,38.6222,124257,75,110,0,14-3-30 4:47:12,1
L393X7B7SI,116.811,38.6058,124280,69,105,0,14-3-30 4:49:13,1
L393X7B7SI,116.797,38.5873,124304,71,95,0,14-3-30 4:51:14,1
L393X7B7SI,116.796,38.5656,124328,69,85,0,14-3-30 4:53:16,1
L393X7B7SI,116.803,38.5444,124352,69,75,0,14-3-30 4:55:17,1
L393X7B7SI,116.811,38.5239,124375,68,85,0,14-3-30 4:57:18,1
L393X7B7SI,116.811,38.5023,124398,71,90,0,14-3-30 4:59:20,1
L393X7B7SI,116.808,38.4811,124421,69,90,0,14-3-30 5:1:21,1
L393X7B7SI,116.81,38.4594,124445,71,85,0,14-3-30 5:3:22,1
L393X7B7SI,116.805,38.4383,124469,66,95,0,14-3-30 5:5:24,1
L393X7B7SI,116.797,38.4208,124489,47,100,0,14-3-30 5:7:25,1
L393X7B7SI,116.81,38.4111,124508,62,50,0,14-3-30 5:9:26,1
L393X7B7SI,116.835,38.4052,124529,64,55,0,14-3-30 5:11:28,1
L393X7B7SI,116.846,38.3969,124543,0,90,0,14-3-30 5:13:29,1
L393X7B7SI,116.846,38.3976,124545,27,0,0,14-3-30 5:15:30,1
L393X7B7SI,116.837,38.4045,124558,60,145,0,14-3-30 5:17:32,1
L393X7B7SI,116.811,38.4111,124581,58,140,0,14-3-30 5:19:33,1
L393X7B7SI,116.794,38.4177,124600,38,60,0,14-3-30 5:21:34,1
L393X7B7SI,116.781,38.4009,124622,71,105,0,14-3-30 5:23:36,1
L393X7B7SI,116.768,38.3826,124645,68,100,0,14-3-30 5:25:38,1
L393X7B7SI,116.76,38.362,124668,68,95,0,14-3-30 5:27:39,1
L393X7B7SI,116.754,38.3415,124691,71,95,0,14-3-30 5:29:41,1
L393X7B7SI,116.745,38.3209,124714,69,95,0,14-3-30 5:31:42,1
L393X7B7SI,116.745,38.2996,124737,68,85,0,14-3-30 5:33:43,1
L393X7B7SI,116.743,38.2781,124761,69,95,0,14-3-30 5:35:44,1
L393X7B7SI,116.736,38.2587,124782,46,110,0,14-3-30 5:37:46,1
L393X7B7SI,116.745,38.2676,124800,42,95,0,14-3-30 5:39:47,1
L393X7B7SI,116.72,38.2678,124821,73,135,0,14-3-30 5:41:48,1
L393X7B7SI,116.691,38.2696,124847,75,135,0,14-3-30 5:43:50,1
L393X7B7SI,116.661,38.2712,124872,77,135,0,14-3-30 5:45:51,1
L393X7B7SI,116.631,38.2729,124898,75,135,0,14-3-30 5:47:52,1
L393X7B7SI,116.62,38.2738,124863,0,0,0,14-3-30 5:50:24,1
L393X7B7SI,116.592,38.2751,124877,73,135,0,14-3-30 5:50:33,1
L393X7B7SI,116.584,38.2756,124884,77,135,0,14-3-30 5:51:8,1
L393X7B7SI,116.555,38.2772,124909,75,135,0,14-3-30 5:53:10,1
L393X7B7SI,116.554,38.2773,124910,75,135,0,14-3-30 5:53:14,1
L393X7B7SI,116.54,38.2781,124922,75,135,0,14-3-30 5:54:10,1
L393X7B7SI,116.534,38.2784,124927,73,135,0,14-3-30 5:54:35,1
L393X7B7SI,116.508,38.2796,124950,69,130,0,14-3-30 5:56:25,1
L393X7B7SI,116.481,38.2703,124975,77,115,0,14-3-30 5:58:26,1
L393X7B7SI,116.457,38.2573,125000,73,115,0,14-3-30 6:0:27,1
L393X7B7SI,116.433,38.2445,125025,73,115,0,14-3-30 6:2:29,1
L393X7B7SI,116.408,38.2313,125050,77,115,0,14-3-30 6:4:30,1
L393X7B7SI,116.383,38.2198,125075,71,125,0,14-3-30 6:6:31,1
L393X7B7SI,116.357,38.2199,125098,68,145,0,14-3-30 6:8:33,1
L393X7B7SI,116.33,38.219,125122,73,120,0,14-3-30 6:10:34,1
L393X7B7SI,116.304,38.208,125147,77,110,0,14-3-30 6:12:35,1
L393X7B7SI,116.282,38.1922,125173,73,110,0,14-3-30 6:14:37,1
L393X7B7SI,116.259,38.178,125198,73,125,0,14-3-30 6:16:38,1
L393X7B7SI,116.229,38.1714,125225,79,125,0,14-3-30 6:18:41,1
L393X7B7SI,116.202,38.1615,125250,75,115,0,14-3-30 6:20:41,1
L393X7B7SI,116.179,38.1472,125275,75,115,0,14-3-30 6:22:42,1
L393X7B7SI,116.156,38.133,125300,77,115,0,14-3-30 6:24:43,1
L393X7B7SI,116.133,38.1188,125325,73,110,0,14-3-30 6:26:45,1
L393X7B7SI,116.115,38.101,125350,75,105,0,14-3-30 6:28:46,1
L393X7B7SI,116.097,38.0825,125375,75,105,0,14-3-30 6:30:48,1
L393X7B7SI,116.075,38.0679,125400,73,120,0,14-3-30 6:32:49,1
L393X7B7SI,116.049,38.0581,125425,73,115,0,14-3-30 6:34:50,1
L393X7B7SI,116.025,38.045,125450,73,115,0,14-3-30 6:36:51,1
L393X7B7SI,116.001,38.0315,125475,75,115,0,14-3-30 6:38:54,1
L393X7B7SI,115.976,38.0213,125500,73,130,0,14-3-30 6:40:54,1
L393X7B7SI,115.948,38.0208,125524,73,130,0,14-3-30 6:42:55,1
L393X7B7SI,115.923,38.0104,125549,69,115,0,14-3-30 6:44:56,1
L393X7B7SI,115.899,37.9977,125573,71,115,0,14-3-30 6:46:58,1
L393X7B7SI,115.875,37.9861,125597,73,125,0,14-3-30 6:48:59,1
L393X7B7SI,115.755,37.9846,125691,0,0,0,14-3-30 7:0:18,1
L393X7B7SI,115.737,37.9829,125691,0,0,0,14-3-30 7:0:29,1
L393X7B7SI,115.707,37.9882,125711,71,135,0,14-3-30 7:1:1,1
L393X7B7SI,115.684,37.99,125733,38,50,0,14-3-30 7:3:2,1
L393X7B7SI,115.689,37.9723,125754,73,90,0,14-3-30 7:5:4,1
L393X7B7SI,115.693,37.9495,125779,75,85,0,14-3-30 7:7:5,1
L393X7B7SI,115.7,37.9007,125812,0,0,0,14-3-30 7:11:58,1
L393X7B7SI,115.7,37.9007,125812,0,0,0,14-3-30 7:12:9,1
L393X7B7SI,115.702,37.8746,125822,79,90,0,14-3-30 7:13:35,1
L393X7B7SI,115.699,37.8513,125848,75,95,0,14-3-30 7:15:36,1
L393X7B7SI,115.691,37.8291,125873,75,95,0,14-3-30 7:17:37,1
L393X7B7SI,115.694,37.8064,125898,73,85,0,14-3-30 7:19:38,1
L393X7B7SI,115.704,37.7846,125924,75,60,0,14-3-30 7:21:40,1
L393X7B7SI,115.729,37.773,125949,75,55,0,14-3-30 7:23:41,1
L393X7B7SI,115.754,37.7539,125912,0,4,0,14-3-30 7:38:7,1
L393X7B7SI,115.754,37.7539,125912,0,4,0,14-3-30 7:38:47,1
L393X7B7SI,115.746,37.762,125912,0,35,0,14-3-30 7:47:25,1
L393X7B7SI,115.757,37.7565,125912,0,0,0,14-3-30 7:52:11,1
L393X7B7SI,115.757,37.7565,125912,0,0,0,14-3-30 7:53:27,1
L393X7B7SI,115.785,37.7276,125931,69,55,0,14-3-30 7:54:35,1
L393X7B7SI,115.798,37.71,125955,68,90,0,14-3-30 7:56:37,1
L393X7B7SI,115.789,37.6892,125979,73,95,0,14-3-30 7:58:37,1
L393X7B7SI,115.694,37.5702,126096,42,110,0,14-3-30 8:10:57,1
L393X7B7SI,115.69,37.5665,126101,0,80,0,14-3-30 8:12:58,1
L393X7B7SI,115.69,37.5664,126101,0,140,0,14-3-30 8:15:0,1
L393X7B7SI,115.69,37.5664,126101,0,140,0,14-3-30 8:17:1,1
L393X7B7SI,115.69,37.5664,126101,0,140,0,14-3-30 8:19:2,1
L393X7B7SI,115.69,37.5664,126101,0,140,0,14-3-30 8:21:3,1
L393X7B7SI,115.69,37.5664,126101,0,140,0,14-3-30 8:23:4,1
L393X7B7SI,115.69,37.5664,126101,0,140,0,14-3-30 8:25:6,1
L393X7B7SI,115.69,37.5664,126101,0,140,0,14-3-30 8:27:7,1
L393X7B7SI,115.69,37.5664,126101,0,140,0,14-3-30 8:29:8,1
L393X7B7SI,115.69,37.5664,126101,0,140,0,14-3-30 8:31:10,1
L393X7B7SI,115.69,37.5664,126101,0,140,0,14-3-30 8:33:11,1
L393X7B7SI,115.69,37.5664,126101,0,140,0,14-3-30 8:35:12,1
L393X7B7SI,115.69,37.5664,126101,0,140,0,14-3-30 8:37:14,1
L393X7B7SI,115.69,37.5664,126101,0,140,0,14-3-30 8:39:15,1
L393X7B7SI,115.69,37.5664,126101,0,140,0,14-3-30 8:41:16,1
L393X7B7SI,115.644,37.5043,126135,82,100,0,14-3-30 8:49:5,1
L393X7B7SI,115.589,37.4083,126250,80,95,0,14-3-30 8:57:45,1
L393X7B7SI,115.577,37.3852,126277,80,100,0,14-3-30 8:59:45,1
L393X7B7SI,115.564,37.3627,126304,80,95,0,14-3-30 9:1:46,1
L393X7B7SI,115.561,37.3385,126331,79,90,0,14-3-30 9:3:48,1
L393X7B7SI,115.554,37.3154,126357,77,100,0,14-3-30 9:5:49,1
L393X7B7SI,115.544,37.2927,126383,84,100,0,14-3-30 9:7:50,1
L393X7B7SI,115.528,37.2713,126410,79,105,0,14-3-30 9:9:52,1
L393X7B7SI,115.514,37.2499,126436,82,95,0,14-3-30 9:11:53,1
L393X7B7SI,115.509,37.2264,126462,79,90,0,14-3-30 9:13:54,1
L393X7B7SI,115.501,37.2037,126488,75,100,0,14-3-30 9:15:56,1
L393X7B7SI,115.489,37.1832,126513,77,95,0,14-3-30 9:17:57,1
L393X7B7SI,115.48,37.1597,126540,80,95,0,14-3-30 9:19:58,1
L393X7B7SI,115.465,37.1389,126566,77,110,0,14-3-30 9:21:59,1
L393X7B7SI,115.456,37.1311,126576,0,105,0,14-3-30 9:24:1,1
L393X7B7SI,115.456,37.1311,126576,0,105,0,14-3-30 9:26:2,1
L393X7B7SI,115.455,37.1308,126577,18,105,0,14-3-30 9:28:3,1
L393X7B7SI,115.444,37.1153,126597,79,100,0,14-3-30 9:30:5,1
L393X7B7SI,115.427,37.0947,126624,73,100,0,14-3-30 9:32:6,1
L393X7B7SI,115.415,37.0722,126651,80,100,0,14-3-30 9:34:7,1
L393X7B7SI,115.4,37.0508,126678,80,110,0,14-3-30 9:36:8,1
L393X7B7SI,115.375,37.035,126706,79,115,0,14-3-30 9:38:10,1
L393X7B7SI,115.354,37.0168,126733,79,105,0,14-3-30 9:40:11,1
L393X7B7SI,115.343,36.9931,126760,82,95,0,14-3-30 9:42:12,1
L393X7B7SI,115.329,36.9698,126788,79,100,0,14-3-30 9:44:14,1
L393X7B7SI,115.319,36.946,126816,86,100,0,14-3-30 9:46:15,1
L393X7B7SI,115.301,36.925,126844,82,110,0,14-3-30 9:48:16,1
L393X7B7SI,115.276,36.9109,126871,68,115,0,14-3-30 9:50:17,1
L393X7B7SI,115.252,36.8959,126897,80,110,0,14-3-30 9:52:19,1
L393X7B7SI,115.236,36.8744,126924,79,95,0,14-3-30 9:54:20,1
L393X7B7SI,115.229,36.8495,126953,84,95,0,14-3-30 9:56:23,1
L393X7B7SI,115.217,36.8265,126980,79,100,0,14-3-30 9:58:23,1
L393X7B7SI,115.21,36.8027,127006,82,95,0,14-3-30 10:0:24,1
L393X7B7SI,115.202,36.779,127033,75,90,0,14-3-30 10:2:25,1
L393X7B7SI,115.195,36.7556,127059,82,95,0,14-3-30 10:4:26,1
L393X7B7SI,115.194,36.7302,127087,80,95,0,14-3-30 10:6:28,1
L393X7B7SI,115.177,36.7093,127114,79,105,0,14-3-30 10:8:30,1
L393X7B7SI,115.165,36.6861,127142,84,95,0,14-3-30 10:10:31,1
L393X7B7SI,115.158,36.6615,127169,82,100,0,14-3-30 10:12:32,1
L393X7B7SI,115.148,36.6372,127197,82,100,0,14-3-30 10:14:34,1
L393X7B7SI,115.132,36.6154,127224,84,100,0,14-3-30 10:16:35,1
L393X7B7SI,115.124,36.5911,127252,80,90,0,14-3-30 10:18:36,1
L393X7B7SI,115.12,36.5661,127279,82,95,0,14-3-30 10:20:38,1
L393X7B7SI,115.115,36.5411,127307,82,90,0,14-3-30 10:22:40,1
L393X7B7SI,115.11,36.5166,127334,82,95,0,14-3-30 10:24:40,1
L393X7B7SI,115.107,36.4913,127362,79,95,0,14-3-30 10:26:41,1
L393X7B7SI,115.101,36.4664,127389,86,90,0,14-3-30 10:28:43,1
L393X7B7SI,115.093,36.4418,127417,82,100,0,14-3-30 10:30:44,1
L393X7B7SI,115.087,36.4177,127444,80,90,0,14-3-30 10:32:45,1
L393X7B7SI,115.092,36.3929,127471,79,80,0,14-3-30 10:34:47,1
L393X7B7SI,115.095,36.3682,127499,79,95,0,14-3-30 10:36:48,1
L393X7B7SI,115.084,36.3445,127526,79,95,0,14-3-30 10:38:49,1
L393X7B7SI,115.083,36.3195,127554,79,85,0,14-3-30 10:40:50,1
L393X7B7SI,115.092,36.2956,127581,84,80,0,14-3-30 10:42:53,1
L393X7B7SI,115.105,36.2728,127608,80,70,0,14-3-30 10:44:53,1
L393X7B7SI,115.111,36.2646,127617,0,80,0,14-3-30 10:46:54,1
L393X7B7SI,115.111,36.2641,127618,0,80,0,14-3-30 10:48:56,1
L393X7B7SI,115.111,36.2641,127618,0,80,0,14-3-30 10:50:58,1
L393X7B7SI,115.112,36.2636,127618,20,70,0,14-3-30 10:52:58,1
L393X7B7SI,115.119,36.2458,127639,79,80,0,14-3-30 10:54:59,1
L393X7B7SI,115.13,36.2225,127666,80,70,0,14-3-30 10:57:1,1
L393X7B7SI,115.145,36.2005,127694,77,80,0,14-3-30 10:59:2,1
L393X7B7SI,115.151,36.1767,127720,79,85,0,14-3-30 11:1:3,1
L393X7B7SI,115.148,36.1514,127748,82,95,0,14-3-30 11:3:4,1
L393X7B7SI,115.138,36.127,127776,82,100,0,14-3-30 11:5:6,1
L393X7B7SI,115.133,36.1018,127803,82,90,0,14-3-30 11:7:7,1
L393X7B7SI,115.126,36.0772,127831,84,100,0,14-3-30 11:9:8,1
L393X7B7SI,115.108,36.0559,127859,84,110,0,14-3-30 11:11:10,1
L393X7B7SI,115.087,36.0368,127887,80,105,0,14-3-30 11:13:11,1
L393X7B7SI,115.074,36.0138,127915,82,100,0,14-3-30 11:15:12,1
L393X7B7SI,115.061,35.9907,127942,84,100,0,14-3-30 11:17:13,1
L393X7B7SI,115.05,35.9661,127971,84,100,0,14-3-30 11:19:15,1
L393X7B7SI,115.033,35.9449,127999,82,105,0,14-3-30 11:21:16,1
L393X7B7SI,115.017,35.9228,128027,82,100,0,14-3-30 11:23:17,1
L393X7B7SI,115.012,35.8981,128054,82,95,0,14-3-30 11:25:18,1
L393X7B7SI,114.999,35.8741,128082,82,100,0,14-3-30 11:27:21,1
L393X7B7SI,114.986,35.8511,128110,82,100,0,14-3-30 11:29:21,1
L393X7B7SI,114.97,35.8294,128138,82,110,0,14-3-30 11:31:22,1
L393X7B7SI,114.949,35.8096,128166,82,100,0,14-3-30 11:33:24,1
L393X7B7SI,114.939,35.7865,128193,79,95,0,14-3-30 11:35:25,1
L393X7B7SI,114.934,35.762,128220,79,90,0,14-3-30 11:37:27,1
L393X7B7SI,114.926,35.7386,128246,80,95,0,14-3-30 11:39:27,1
L393X7B7SI,114.92,35.7133,128274,82,85,0,14-3-30 11:41:29,1
L393X7B7SI,114.918,35.6882,128302,79,90,0,14-3-30 11:43:30,1
L393X7B7SI,114.913,35.6628,128330,80,95,0,14-3-30 11:45:31,1
L393X7B7SI,114.902,35.639,128358,86,100,0,14-3-30 11:47:32,1
L393X7B7SI,114.881,35.6189,128386,82,105,0,14-3-30 11:49:35,1
L393X7B7SI,114.861,35.5998,128413,84,110,0,14-3-30 11:51:35,1
L393X7B7SI,114.841,35.581,128440,84,105,0,14-3-30 11:53:36,1
L393X7B7SI,114.818,35.5619,128470,84,115,0,14-3-30 11:55:38,1
L393X7B7SI,114.791,35.5474,128499,82,110,0,14-3-30 11:57:40,1
L393X7B7SI,114.764,35.534,128527,88,120,0,14-3-30 11:59:40,1
L393X7B7SI,114.742,35.5146,128556,82,105,0,14-3-30 12:1:41,1
L393X7B7SI,114.721,35.4943,128585,88,105,0,14-3-30 12:3:43,1
L393X7B7SI,114.71,35.4689,128614,90,100,0,14-3-30 12:5:44,1
L393X7B7SI,114.694,35.4451,128644,88,100,0,14-3-30 12:7:45,1
L393X7B7SI,114.685,35.4192,128673,86,100,0,14-3-30 12:9:47,1
L393X7B7SI,114.67,35.3963,128701,84,100,0,14-3-30 12:11:48,1
L393X7B7SI,114.659,35.3714,128730,90,95,0,14-3-30 12:13:49,1
L393X7B7SI,114.648,35.3462,128759,82,105,0,14-3-30 12:15:52,1
L393X7B7SI,114.632,35.3246,128787,86,95,0,14-3-30 12:17:52,1
L393X7B7SI,114.632,35.298,128816,86,90,0,14-3-30 12:19:53,1
L393X7B7SI,114.625,35.272,128845,86,95,0,14-3-30 12:21:54,1
L393X7B7SI,114.612,35.2544,128871,80,125,0,14-3-30 12:23:56,1
L393X7B7SI,114.58,35.2529,128900,84,135,0,14-3-30 12:25:57,1
L393X7B7SI,114.548,35.2583,128928,84,140,0,14-3-30 12:27:58,1
L393X7B7SI,114.516,35.2623,128958,86,130,0,14-3-30 12:29:59,1
L393X7B7SI,114.484,35.2575,128986,88,130,0,14-3-30 12:32:2,1
L393X7B7SI,114.329,35.2577,129125,86,135,0,14-3-30 12:44:28,1
L393X7B7SI,114.299,35.2638,129152,82,140,0,14-3-30 12:46:30,1
L393X7B7SI,114.269,35.2691,129180,73,135,0,14-3-30 12:48:31,1
L393X7B7SI,114.24,35.2689,129206,77,135,0,14-3-30 12:50:32,1
L393X7B7SI,114.209,35.2748,129234,82,145,0,14-3-30 12:52:34,1
L393X7B7SI,114.182,35.2866,129262,75,145,0,14-3-30 12:54:35,1
L393X7B7SI,114.154,35.2963,129289,88,140,0,14-3-30 12:56:37,1
L393X7B7SI,114.124,35.3008,129316,79,140,0,14-3-30 12:58:38,1
L393X7B7SI,113.9,35.3662,129529,77,145,0,14-3-30 13:14:29,1
L393X7B7SI,113.874,35.3779,129554,60,145,0,14-3-30 13:16:30,1
L393X7B7SI,113.87,35.3798,129558,0,140,0,14-3-30 13:18:31,1
L393X7B7SI,113.87,35.3798,129558,0,140,0,14-3-30 13:20:32,1
L393X7B7SI,113.87,35.3798,129558,0,140,0,14-3-30 13:22:34,1
L393X7B7SI,113.87,35.3798,129558,0,140,0,14-3-30 13:24:35,1
L393X7B7SI,113.87,35.3798,129558,0,140,0,14-3-30 13:26:36,1
L393X7B7SI,113.87,35.3798,129558,0,140,0,14-3-30 13:28:38,1
L393X7B7SI,113.87,35.3798,129558,0,140,0,14-3-30 13:30:39,1
L393X7B7SI,113.87,35.3798,129558,0,140,0,14-3-30 13:32:40,1
L393X7B7SI,113.87,35.3798,129558,0,140,0,14-3-30 13:34:41,1
L393X7B7SI,113.865,35.3811,129563,44,140,0,14-3-30 13:36:43,1
L393X7B7SI,113.805,35.3743,129595,69,125,0,14-3-30 13:41:24,1
L393X7B7SI,113.778,35.3715,129620,71,125,0,14-3-30 13:43:24,1
L393X7B7SI,113.754,35.3615,129644,75,115,0,14-3-30 13:45:25,1
L393X7B7SI,113.658,35.3185,129632,75,125,0,14-3-30 13:53:33,1
L393X7B7SI,113.632,35.3102,129657,75,120,0,14-3-30 13:55:34,1
L393X7B7SI,113.608,35.2995,129681,75,115,0,14-3-30 13:57:35,1
L393X7B7SI,113.59,35.2829,129706,73,110,0,14-3-30 13:59:36,1
L393X7B7SI,113.569,35.2679,129730,75,120,0,14-3-30 14:1:37,1
L393X7B7SI,113.544,35.2584,129755,69,120,0,14-3-30 14:3:39,1
L393X7B7SI,113.476,35.2065,129839,71,120,0,14-3-30 14:10:37,1
L393X7B7SI,113.45,35.2007,129863,71,130,0,14-3-30 14:12:38,1
L393X7B7SI,113.423,35.1985,129887,75,130,0,14-3-30 14:14:39,1
L393X7B7SI,113.33,35.1564,129980,69,115,0,14-3-30 14:22:38,1
L393X7B7SI,113.307,35.1464,130003,66,120,0,14-3-30 14:24:38,1
L393X7B7SI,113.255,35.1415,130050,73,135,0,14-3-30 14:28:42,1
L393X7B7SI,113.228,35.1387,130074,68,125,0,14-3-30 14:30:42,1
L393X7B7SI,113.202,35.1326,130098,73,125,0,14-3-30 14:32:43,1
L393X7B7SI,113.176,35.1263,130122,69,120,0,14-3-30 14:34:45,1
L393X7B7SI,113.152,35.1183,130146,71,125,0,14-3-30 14:36:46,1
L393X7B7SI,113.125,35.1168,130170,73,135,0,14-3-30 14:38:47,1
L393X7B7SI,113.099,35.1177,130194,73,130,0,14-3-30 14:40:48,1
L393X7B7SI,113.073,35.111,130218,68,120,0,14-3-30 14:42:50,1
L393X7B7SI,112.961,35.0593,130303,75,115,0,14-3-30 14:53:4,1
L393X7B7SI,112.924,35.0485,130273,0,0,0,14-3-30 14:58:59,1
L393X7B7SI,112.924,35.0485,130275,0,0,0,14-3-30 14:59:10,1
L393X7B7SI,112.861,35.0562,130321,68,135,0,14-3-30 15:0:59,1
L393X7B7SI,112.837,35.061,130344,66,145,0,14-3-30 15:3:1,1
L393X7B7SI,112.811,35.0659,130367,69,135,0,14-3-30 15:5:2,1
L393X7B7SI,112.785,35.065,130391,69,135,0,14-3-30 15:7:3,1
L393X7B7SI,112.758,35.0684,130415,71,135,0,14-3-30 15:9:5,1
L393X7B7SI,112.732,35.069,130439,71,135,0,14-3-30 15:11:6,1
L393X7B7SI,112.732,35.069,130575,0,0,0,14-3-30 15:34:35,0
L393X7B7SI,112.63,34.8661,130607,73,85,0,14-3-30 15:36:25,1
L393X7B7SI,112.633,34.8398,130635,75,90,0,14-3-30 15:38:46,1
L393X7B7SI,112.633,34.8398,130631,0,4,0,14-3-30 15:40:26,0
L393X7B7SI,112.633,34.8398,130631,0,4,0,14-3-30 15:42:27,0
L393X7B7SI,112.589,34.7758,130663,0,40,0,14-3-30 15:50:17,1
L393X7B7SI,112.544,34.7749,130704,69,135,0,14-3-30 15:59:51,1
L393X7B7SI,112.519,34.7758,130727,71,130,0,14-3-30 16:1:51,1
L393X7B7SI,112.491,34.7743,130751,79,130,0,14-3-30 16:3:52,1
L393X7B7SI,112.467,34.7723,130773,55,125,0,14-3-30 16:5:54,1
L393X7B7SI,112.44,34.7642,130799,84,120,0,14-3-30 16:7:55,1
L393X7B7SI,112.415,34.7565,130823,84,120,0,14-3-30 16:9:56,1
L393X7B7SI,112.388,34.7535,130847,71,140,0,14-3-30 16:11:57,1
L393X7B7SI,112.36,34.7565,130872,77,130,0,14-3-30 16:13:59,1
L393X7B7SI,112.332,34.7515,130899,79,125,0,14-3-30 16:16:0,1
L393X7B7SI,112.306,34.7445,130923,64,120,0,14-3-30 16:18:1,1
L393X7B7SI,112.287,34.7411,130940,42,135,0,14-3-30 16:20:3,1
L393X7B7SI,112.271,34.7429,130954,42,140,0,14-3-30 16:22:4,1
L393X7B7SI,112.251,34.7482,130973,71,145,0,14-3-30 16:24:5,1
L393X7B7SI,112.228,34.7539,130995,62,135,0,14-3-30 16:26:6,1
L393X7B7SI,112.205,34.7531,130998,0,0,0,14-3-30 16:28:52,1
L393X7B7SI,112.165,34.7392,130998,0,0,0,14-3-30 16:31:55,1
L393X7B7SI,112.165,34.7392,130998,0,0,0,14-3-30 16:32:35,1
L393X7B7SI,112.136,34.7385,131011,53,140,0,14-3-30 16:34:25,1
L393X7B7SI,112.118,34.7466,130998,0,4,0,14-3-30 16:36:49,1
L393X7B7SI,112.113,34.7452,130998,0,4,0,14-3-30 16:37:29,1
L393X7B7SI,111.945,34.7507,131141,66,130,0,14-3-30 16:51:25,1
L393X7B7SI,111.944,34.7506,131143,62,130,0,14-3-30 16:51:34,1
L393X7B7SI,111.94,34.7506,131146,62,130,0,14-3-30 16:51:55,1
L393X7B7SI,111.932,34.7508,131153,62,135,0,14-3-30 16:52:34,1
L393X7B7SI,111.926,34.752,131158,60,140,0,14-3-30 16:53:5,1
L393X7B7SI,111.91,34.7586,131174,34,145,0,14-3-30 16:55:7,1
L393X7B7SI,111.909,34.7593,131176,40,145,0,14-3-30 16:55:22,1
L393X7B7SI,111.895,34.7653,131190,36,145,0,14-3-30 16:57:23,1
L393X7B7SI,111.894,34.7656,131190,36,145,0,14-3-30 16:57:31,1
L393X7B7SI,111.877,34.7687,131206,51,135,0,14-3-30 16:59:39,1
L393X7B7SI,111.866,34.7692,131216,73,135,0,14-3-30 17:0:38,1
L393X7B7SI,111.835,34.7721,131244,80,140,0,14-3-30 17:2:45,1
L393X7B7SI,111.828,34.7734,131251,75,140,0,14-3-30 17:3:16,1
L393X7B7SI,111.802,34.7797,131275,68,145,0,14-3-30 17:5:17,1
L393X7B7SI,111.777,34.7874,131299,75,135,0,14-3-30 17:7:19,1
L393X7B7SI,111.751,34.7839,131323,68,125,0,14-3-30 17:9:20,1
L393X7B7SI,111.725,34.776,131348,82,120,0,14-3-30 17:11:21,1
L393X7B7SI,111.7,34.7662,131373,69,120,0,14-3-30 17:13:22,1
L393X7B7SI,111.68,34.7582,131393,62,120,0,14-3-30 17:15:24,1
L393X7B7SI,111.665,34.7512,131408,60,115,0,14-3-30 17:17:25,1
L393X7B7SI,111.651,34.7436,131423,51,115,0,14-3-30 17:19:26,1
L393X7B7SI,111.64,34.7367,131435,60,110,0,14-3-30 17:21:28,1
L393X7B7SI,111.629,34.7223,131453,29,100,0,14-3-30 17:23:29,1
L393X7B7SI,111.619,34.7093,131470,49,115,0,14-3-30 17:25:30,1
L393X7B7SI,111.604,34.7032,131485,31,120,0,14-3-30 17:27:32,1
L393X7B7SI,111.585,34.7013,131502,62,130,0,14-3-30 17:29:33,1
L393X7B7SI,111.567,34.7005,131518,58,130,0,14-3-30 17:31:34,1
L393X7B7SI,111.542,34.6956,131542,71,120,0,14-3-30 17:33:36,1
L393X7B7SI,111.517,34.6957,131565,69,140,0,14-3-30 17:35:37,1
L393X7B7SI,111.495,34.6992,131584,60,135,0,14-3-30 17:37:38,1
L393X7B7SI,111.468,34.7005,131608,58,140,0,14-3-30 17:39:40,1
L393X7B7SI,111.427,34.7106,131648,42,150,0,14-3-30 17:43:44,1
L393X7B7SI,111.372,34.7137,131698,84,135,0,14-3-30 17:47:46,1
L393X7B7SI,111.343,34.7183,131725,80,130,0,14-3-30 17:49:46,1
L393X7B7SI,111.315,34.7143,131751,66,130,0,14-3-30 17:51:47,1
L393X7B7SI,111.211,34.7482,131827,69,140,0,14-3-30 18:0:31,1
L393X7B7SI,111.191,34.7544,131846,79,150,0,14-3-30 18:2:34,1
L393X7B7SI,110.756,34.5727,132315,0,35,0,14-3-30 18:48:52,1
L393X7B7SI,110.756,34.5727,132315,0,35,0,14-3-30 18:50:54,1
L393X7B7SI,110.756,34.5727,132315,0,35,0,14-3-30 18:52:55,1
L393X7B7SI,110.756,34.5727,132315,0,35,0,14-3-30 18:54:56,1
L393X7B7SI,110.756,34.5727,132315,0,35,0,14-3-30 18:56:57,1
L393X7B7SI,110.756,34.5727,132315,0,35,0,14-3-30 18:58:58,1
L393X7B7SI,110.756,34.5727,132315,0,35,0,14-3-30 19:1:0,1
L393X7B7SI,110.756,34.5727,132315,0,35,0,14-3-30 19:3:1,1
L393X7B7SI,110.756,34.5727,132315,0,35,0,14-3-30 19:5:2,1
L393X7B7SI,110.756,34.5727,132315,0,35,0,14-3-30 19:7:3,1
L393X7B7SI,110.756,34.5727,132315,0,35,0,14-3-30 19:9:5,1
L393X7B7SI,110.756,34.5727,132315,0,35,0,14-3-30 19:11:6,1
L393X7B7SI,110.756,34.5727,132315,0,35,0,14-3-30 19:13:7,1
L393X7B7SI,110.753,34.5718,132317,12,125,0,14-3-30 19:15:9,1
L393X7B7SI,110.739,34.5697,132331,68,130,0,14-3-30 19:17:10,1
L393X7B7SI,110.609,34.5797,132450,58,135,0,14-3-30 19:28:42,1
L393X7B7SI,110.587,34.5804,132469,58,135,0,14-3-30 19:30:44,1
L393X7B7SI,110.565,34.5807,132490,66,130,0,14-3-30 19:32:45,1
L393X7B7SI,110.541,34.5772,132512,62,130,0,14-3-30 19:34:46,1
L393X7B7SI,110.517,34.5773,132533,55,140,0,14-3-30 19:36:47,1
L393X7B7SI,110.496,34.5797,132552,47,130,0,14-3-30 19:38:49,1
L393X7B7SI,110.472,34.5786,132573,66,140,0,14-3-30 19:40:50,1
L393X7B7SI,110.449,34.5812,132595,64,130,0,14-3-30 19:42:51,1
L393X7B7SI,110.424,34.5798,132617,69,130,0,14-3-30 19:44:53,1
L393X7B7SI,110.4,34.5766,132639,58,125,0,14-3-30 19:46:54,1
L393X7B7SI,110.378,34.5729,132659,49,130,0,14-3-30 19:48:55,1
L393X7B7SI,110.347,34.5889,132693,0,155,0,14-3-30 19:59:1,1
L393X7B7SI,110.347,34.5898,132693,0,155,0,14-3-30 20:1:2,1
L393X7B7SI,110.334,34.5971,132708,69,145,0,14-3-30 20:3:3,1
L393X7B7SI,110.309,34.604,132732,69,130,0,14-3-30 20:5:5,1
L393X7B7SI,110.281,34.6068,132758,69,125,0,14-3-30 20:7:6,1
L393X7B7SI,110.254,34.6076,132782,79,145,0,14-3-30 20:9:7,1
L393X7B7SI,110.226,34.6112,132808,80,135,0,14-3-30 20:11:8,1
L393X7B7SI,110.197,34.6132,132835,77,135,0,14-3-30 20:13:10,1
L393X7B7SI,110.168,34.6108,132861,75,130,0,14-3-30 20:15:11,1
L393X7B7SI,110.153,34.5992,132881,58,105,0,14-3-30 20:17:12,1
L393X7B7SI,110.136,34.5866,132901,77,120,0,14-3-30 20:19:13,1
L393X7B7SI,110.116,34.5701,132927,73,100,0,14-3-30 20:21:15,1
L393X7B7SI,110.1,34.5529,132951,77,115,0,14-3-30 20:23:17,1
L393X7B7SI,110.074,34.5427,132977,79,125,0,14-3-30 20:25:17,1
L393X7B7SI,110.045,34.5398,133003,79,130,0,14-3-30 20:27:19,1
L393X7B7SI,110.016,34.5358,133030,79,130,0,14-3-30 20:29:20,1
L393X7B7SI,109.987,34.5371,133056,82,140,0,14-3-30 20:31:21,1
L393X7B7SI,109.958,34.544,133083,75,135,0,14-3-30 20:33:22,1
L393X7B7SI,109.929,34.5412,133110,77,120,0,14-3-30 20:35:24,1
L393X7B7SI,109.901,34.5328,133137,80,130,0,14-3-30 20:37:25,1
L393X7B7SI,109.871,34.5346,133163,71,135,0,14-3-30 20:39:27,1
L393X7B7SI,109.845,34.5287,133189,77,115,0,14-3-30 20:41:28,1
L393X7B7SI,109.818,34.5221,133215,80,120,0,14-3-30 20:43:30,1
L393X7B7SI,109.793,34.5125,133240,77,125,0,14-3-30 20:45:30,1
L393X7B7SI,109.767,34.5037,133265,71,120,0,14-3-30 20:47:32,1
L393X7B7SI,109.737,34.5003,133292,80,130,0,14-3-30 20:49:33,1
L393X7B7SI,109.711,34.497,133316,68,125,0,14-3-30 20:51:34,1
L393X7B7SI,109.685,34.4983,133340,68,135,0,14-3-30 20:53:35,1
L393X7B7SI,109.657,34.4981,133365,71,135,0,14-3-30 20:55:38,1
L393X7B7SI,109.631,34.5013,133389,73,135,0,14-3-30 20:57:39,1
L393X7B7SI,109.605,34.5015,133412,64,125,0,14-3-30 20:59:41,1
L393X7B7SI,109.58,34.4984,133434,69,135,0,14-3-30 21:1:42,1
L393X7B7SI,109.555,34.495,133457,69,125,0,14-3-30 21:3:43,1
L393X7B7SI,109.546,34.4919,133451,51,120,0,14-3-30 21:4:52,1
L393X7B7SI,109.55,34.4933,133452,0,120,0,14-3-30 21:6:9,1
L393X7B7SI,109.546,34.4951,133452,0,120,0,14-3-30 21:6:19,1
L393X7B7SI,109.514,34.4784,133449,0,4,0,14-3-30 21:7:38,1
L393X7B7SI,109.514,34.4784,133449,0,4,0,14-3-30 21:8:32,1
L393X7B7SI,109.493,34.4762,133455,73,125,0,14-3-30 21:10:1,1
L393X7B7SI,109.463,34.4815,133482,86,140,0,14-3-30 21:12:3,1
L393X7B7SI,109.432,34.4843,133511,82,145,0,14-3-30 21:14:4,1
L393X7B7SI,109.403,34.4828,133537,84,130,0,14-3-30 21:16:6,1
L393X7B7SI,109.377,34.4838,133561,80,130,0,14-3-30 21:17:56,1
L393X7B7SI,109.374,34.4836,133563,80,130,0,14-3-30 21:18:5,1
L393X7B7SI,109.372,34.4834,133565,80,130,0,14-3-30 21:18:13,1
L393X7B7SI,109.369,34.4828,133568,84,125,0,14-3-30 21:18:28,1
L393X7B7SI,109.354,34.4786,133582,75,120,0,14-3-30 21:19:35,1
L393X7B7SI,109.343,34.4749,133592,73,120,0,14-3-30 21:20:23,1
L393X7B7SI,109.318,34.4659,133617,84,120,0,14-3-30 21:22:24,1
L393X7B7SI,109.317,34.4653,133618,86,120,0,14-3-30 21:22:30,1
L393X7B7SI,109.312,34.4638,133622,82,120,0,14-3-30 21:22:48,1
L393X7B7SI,109.3,34.4577,133635,82,115,0,14-3-30 21:23:45,1
L393X7B7SI,109.284,34.4463,133654,82,115,0,14-3-30 21:25:6,1
L393X7B7SI,109.278,34.4426,133661,75,115,0,14-3-30 21:25:39,1
L393X7B7SI,109.273,34.4406,133666,77,120,0,14-3-30 21:26:0,1
L393X7B7SI,109.248,34.4291,133692,79,110,0,14-3-30 21:28:1,1
L393X7B7SI,109.227,34.411,133719,80,110,0,14-3-30 21:30:3,1
L393X7B7SI,109.203,34.3977,133745,75,110,0,14-3-30 21:32:4,1
L393X7B7SI,109.187,34.3797,133769,71,105,0,14-3-30 21:34:5,1
L393X7B7SI,109.168,34.3653,133793,69,110,0,14-3-30 21:36:7,1
L393X7B7SI,109.148,34.3488,133818,80,115,0,14-3-30 21:38:8,1
L393X7B7SI,109.123,34.3335,133846,79,110,0,14-3-30 21:40:9,1
L393X7B7SI,109.102,34.3196,133870,57,120,0,14-3-30 21:42:11,1
L393X7B7SI,109.088,34.312,133887,44,70,0,14-3-30 21:44:12,1
L393X7B7SI,109.09,34.2923,133909,77,90,0,14-3-30 21:46:13,1
L393X7B7SI,109.074,34.2721,133936,75,105,0,14-3-30 21:48:15,1
L393X7B7SI,109.062,34.2504,133962,80,95,0,14-3-30 21:50:16,1
L393X7B7SI,109.056,34.2261,133989,80,95,0,14-3-30 21:52:17,1
L393X7B7SI,109.039,34.2089,134013,62,115,0,14-3-30 21:54:19,1
L393X7B7SI,108.991,34.1939,134060,80,115,0,14-3-30 21:58:23,1
L393X7B7SI,108.963,34.1888,134087,84,135,0,14-3-30 22:0:23,1
L393X7B7SI,108.933,34.1889,134115,84,130,0,14-3-30 22:2:24,1
L393X7B7SI,108.902,34.1909,134142,77,130,0,14-3-30 22:4:25,1
L393X7B7SI,108.873,34.1908,134169,79,130,0,14-3-30 22:6:28,1
L393X7B7SI,108.845,34.1879,134194,79,130,0,14-3-30 22:8:28,1
L393X7B7SI,108.823,34.1927,134215,57,125,0,14-3-30 22:10:29,1
L393X7B7SI,108.804,34.1791,134239,79,120,0,14-3-30 22:12:31,1
L393X7B7SI,108.775,34.1703,134267,80,120,0,14-3-30 22:14:33,1
L393X7B7SI,108.752,34.1559,134293,77,115,0,14-3-30 22:16:33,1
L393X7B7SI,108.725,34.1468,134319,77,125,0,14-3-30 22:18:35,1
L393X7B7SI,108.696,34.1395,134347,82,115,0,14-3-30 22:20:36,1
L393X7B7SI,108.678,34.1189,134374,84,100,0,14-3-30 22:22:37,1
L393X7B7SI,108.661,34.0992,134401,80,115,0,14-3-30 22:24:39,1
L393X7B7SI,108.634,34.0889,134428,84,130,0,14-3-30 22:26:40,1
L393X7B7SI,108.603,34.0876,134456,77,130,0,14-3-30 22:28:42,1
L393X7B7SI,108.581,34.075,134481,73,105,0,14-3-30 22:30:43,1
L393X7B7SI,108.562,34.0586,134506,79,110,0,14-3-30 22:32:44,1
L393X7B7SI,108.546,34.0411,134530,69,110,0,14-3-30 22:34:45,1
L393X7B7SI,108.537,34.0248,134548,12,95,0,14-3-30 22:36:47,1
L393X7B7SI,108.537,34.0237,134549,5,105,0,14-3-30 22:38:48,1
L393X7B7SI,108.533,34.0184,134556,47,105,0,14-3-30 22:40:49,1
L393X7B7SI,108.536,34.0033,134573,55,80,0,14-3-30 22:42:51,1
L393X7B7SI,108.527,33.9909,134591,44,110,0,14-3-30 22:44:52,1
L393X7B7SI,108.522,33.9758,134608,53,105,0,14-3-30 22:46:53,1
L393X7B7SI,108.521,33.9622,134624,47,80,0,14-3-30 22:48:55,1
L393X7B7SI,108.526,33.9471,134642,53,95,0,14-3-30 22:50:56,1
L393X7B7SI,108.518,33.9336,134660,42,85,0,14-3-30 22:52:57,1
L393X7B7SI,108.517,33.9225,134675,44,85,0,14-3-30 22:54:59,1
L393X7B7SI,108.512,33.9092,134691,51,70,0,14-3-30 22:57:0,1
L393X7B7SI,108.51,33.8959,134706,0,105,0,14-3-30 22:59:46,1
L393X7B7SI,108.502,33.884,134727,46,95,0,14-3-30 23:1:3,1
L393X7B7SI,108.501,33.8749,134738,0,85,0,14-3-30 23:3:48,1
L393X7B7SI,108.498,33.8629,134753,33,85,0,14-3-30 23:5:5,1
L393X7B7SI,108.501,33.8527,134765,33,85,0,14-3-30 23:7:7,1
L393X7B7SI,108.507,33.8435,134777,33,85,0,14-3-30 23:9:8,1
L393X7B7SI,108.511,33.8344,134787,33,85,0,14-3-30 23:11:9,1
L393X7B7SI,108.51,33.829,134799,0,85,0,14-3-30 23:13:33,1
L393X7B7SI,108.51,33.829,134799,0,85,0,14-3-30 23:15:34,1
L393X7B7SI,108.496,33.7946,134799,0,85,0,14-3-30 23:17:35,1
L393X7B7SI,108.487,33.7778,134799,0,85,0,14-3-30 23:19:37,1
L393X7B7SI,108.483,33.7742,134805,49,105,0,14-3-30 23:21:16,1
L393X7B7SI,108.477,33.761,134806,0,105,0,14-3-30 23:23:38,1
L393X7B7SI,108.473,33.7537,134806,0,105,0,14-3-30 23:25:39,1
L393X7B7SI,108.472,33.7509,134806,0,105,0,14-3-30 23:27:40,1
L393X7B7SI,108.467,33.7423,134808,0,110,0,14-3-30 23:29:41,1
L393X7B7SI,108.467,33.7423,134808,0,110,0,14-3-30 23:31:42,0
L393X7B7SI,108.467,33.7423,134808,0,110,0,14-3-30 23:33:43,0
L393X7B7SI,108.422,33.676,134870,57,90,0,14-3-30 23:35:25,1
L393X7B7SI,108.426,33.6604,134888,47,70,0,14-3-30 23:37:26,1
L393X7B7SI,108.434,33.6471,134905,7,80,0,14-3-30 23:39:28,1
L393X7B7SI,108.443,33.6365,134921,55,90,0,14-3-30 23:41:29,1
L393X7B7SI,108.442,33.6202,134942,62,85,0,14-3-30 23:43:30,1
L393X7B7SI,108.427,33.608,134961,58,115,0,14-3-30 23:45:31,1
L393X7B7SI,108.412,33.5987,134980,51,130,0,14-3-30 23:47:33,1
L393X7B7SI,108.403,33.5957,135000,0,115,0,14-3-30 23:49:51,1
L393X7B7SI,108.383,33.5782,135022,60,130,0,14-3-30 23:51:35,1
L393X7B7SI,108.371,33.5662,135040,60,115,0,14-3-30 23:53:36,1
L393X7B7SI,108.362,33.552,135061,62,95,0,14-3-30 23:55:38,1
L393X7B7SI,108.356,33.5456,135086,0,110,0,14-3-30 23:57:55,1
L393X7B7SI,108.337,33.5211,135111,64,95,0,14-3-30 23:59:40,1
L393X7B7SI,108.324,33.5062,135134,58,110,0,14-3-31 0:1:42,1
L393X7B7SI,108.306,33.4973,135151,0,115,0,14-3-31 0:3:58,1
L393X7B7SI,108.304,33.4971,135158,0,120,0,14-3-31 0:5:44,1
L393X7B7SI,108.304,33.4971,135158,0,120,0,14-3-31 0:7:52,1
L393X7B7SI,108.304,33.4971,135158,0,120,0,14-3-31 0:9:54,1
L393X7B7SI,108.304,33.4971,135158,0,120,0,14-3-31 0:11:55,1
L393X7B7SI,108.304,33.4971,135158,0,120,0,14-3-31 0:13:56,1
L393X7B7SI,108.297,33.4912,135169,53,120,0,14-3-31 0:15:58,1
L393X7B7SI,108.279,33.4887,135186,0,130,0,14-3-31 0:19:55,1
L393X7B7SI,108.259,33.4795,135216,58,115,0,14-3-31 0:20:0,1
L393X7B7SI,108.244,33.4654,135234,71,125,0,14-3-31 0:22:2,1
L393X7B7SI,108.238,33.4455,135260,0,85,0,14-3-31 0:25:58,1
L393X7B7SI,108.238,33.4455,135281,0,105,0,14-3-31 0:27:59,0
L393X7B7SI,108.231,33.4121,135314,79,100,0,14-3-31 0:28:5,1
L393X7B7SI,108.218,33.3949,135335,0,120,0,14-3-31 0:32:1,1
L393X7B7SI,108.199,33.3902,135361,68,115,0,14-3-31 0:32:8,1
L393X7B7SI,108.184,33.3782,135382,68,130,0,14-3-31 0:34:9,1
L393X7B7SI,108.166,33.3668,135406,60,105,0,14-3-31 0:36:11,1
L393X7B7SI,108.149,33.3555,135427,46,120,0,14-3-31 0:38:12,1
L393X7B7SI,108.116,33.3382,135442,0,110,0,14-3-31 0:42:6,1
L393X7B7SI,108.113,33.3369,135469,0,120,0,14-3-31 0:44:7,1
L393X7B7SI,108.072,33.3176,135469,0,120,0,14-3-31 0:46:8,1
L393X7B7SI,108.072,33.3176,135469,0,120,0,14-3-31 0:48:9,1
L393X7B7SI,108.054,33.3071,135479,47,135,0,14-3-31 0:48:19,1
L393X7B7SI,108.039,33.3026,135500,58,85,0,14-3-31 0:50:20,1
L393X7B7SI,108.032,33.2919,135515,34,130,0,14-3-31 0:52:21,1
L393X7B7SI,108.019,33.2971,135528,42,155,0,14-3-31 0:54:22,1
L393X7B7SI,108.008,33.303,135541,38,150,0,14-3-31 0:56:24,1
L393X7B7SI,107.996,33.3059,135552,33,140,0,14-3-31 0:58:25,1
L393X7B7SI,107.996,33.3059,135552,0,140,0,14-3-31 1:2:16,0
L393X7B7SI,107.996,33.3059,135552,0,140,0,14-3-31 1:4:17,0
L393X7B7SI,107.996,33.3059,135602,0,115,0,14-3-31 1:6:18,0
L393X7B7SI,107.996,33.3059,135610,0,130,0,14-3-31 1:8:19,0
L393X7B7SI,107.895,33.2849,135655,66,135,0,14-3-31 1:8:32,1
L393X7B7SI,107.895,33.2849,135676,0,120,0,14-3-31 1:11:55,0
L393X7B7SI,107.852,33.2807,135698,66,130,0,14-3-31 1:12:35,1
L393X7B7SI,107.835,33.2761,135715,49,130,0,14-3-31 1:14:36,1
L393X7B7SI,107.818,33.2766,135729,36,140,0,14-3-31 1:16:37,1
L393X7B7SI,107.818,33.2766,135741,0,115,0,14-3-31 1:19:59,0
L393X7B7SI,107.787,33.2678,135762,64,110,0,14-3-31 1:20:40,1
L393X7B7SI,107.787,33.2678,135773,0,130,0,14-3-31 1:24:1,0
L393X7B7SI,107.745,33.2638,135806,49,130,0,14-3-31 1:24:42,1
L393X7B7SI,107.726,33.2555,135826,58,110,0,14-3-31 1:26:44,1
L393X7B7SI,107.712,33.2462,135842,47,120,0,14-3-31 1:28:45,1
L393X7B7SI,107.698,33.2338,135861,60,100,0,14-3-31 1:30:47,1
L393X7B7SI,107.683,33.2214,135881,57,115,0,14-3-31 1:32:48,1
L393X7B7SI,107.667,33.2082,135902,62,115,0,14-3-31 1:34:49,1
L393X7B7SI,107.65,33.2039,135917,0,130,0,14-3-31 1:36:51,1
L393X7B7SI,107.65,33.2039,135918,7,135,0,14-3-31 1:38:52,1
L393X7B7SI,107.624,33.1995,135917,0,4,0,14-3-31 1:41:26,1
L393X7B7SI,107.624,33.1995,135917,0,0,0,14-3-31 1:42:9,1
L393X7B7SI,107.624,33.1995,135917,0,0,0,14-3-31 1:42:17,1
L393X7B7SI,107.603,33.2085,135922,66,125,0,14-3-31 1:43:15,1
L393X7B7SI,107.578,33.2065,135945,66,130,0,14-3-31 1:45:17,1
L393X7B7SI,107.576,33.2064,135948,64,130,0,14-3-31 1:45:31,1
L393X7B7SI,107.574,33.2062,135949,66,130,0,14-3-31 1:45:39,1
L393X7B7SI,107.571,33.2059,135952,66,130,0,14-3-31 1:45:54,1
L393X7B7SI,107.57,33.2057,135953,66,125,0,14-3-31 1:46:1,1
L393X7B7SI,107.567,33.205,135956,68,125,0,14-3-31 1:46:16,1
L393X7B7SI,107.565,33.2046,135957,64,125,0,14-3-31 1:46:23,1
L393X7B7SI,107.562,33.2038,135960,64,125,0,14-3-31 1:46:38,1
L393X7B7SI,107.561,33.2035,135961,66,125,0,14-3-31 1:46:45,1
L393X7B7SI,107.56,33.2031,135962,68,125,0,14-3-31 1:46:52,1
L393X7B7SI,107.533,33.1992,135987,73,130,0,14-3-31 1:49:1,1
L393X7B7SI,107.508,33.196,136009,66,125,0,14-3-31 1:51:2,1
L393X7B7SI,107.507,33.1957,136010,68,125,0,14-3-31 1:51:7,1
L393X7B7SI,107.491,33.1927,136025,66,125,0,14-3-31 1:52:27,1
L393X7B7SI,107.485,33.1908,136031,69,125,0,14-3-31 1:53:0,1
L393X7B7SI,107.462,33.1813,136054,66,120,0,14-3-31 1:55:2,1
L393X7B7SI,107.441,33.1692,136077,69,115,0,14-3-31 1:57:3,1
L393X7B7SI,107.421,33.1565,136101,69,115,0,14-3-31 1:59:5,1
L393X7B7SI,107.405,33.1457,136119,57,110,0,14-3-31 2:1:6,1
L393X7B7SI,107.381,33.1321,136147,86,125,0,14-3-31 2:3:7,1
L393X7B7SI,107.356,33.1239,136170,66,120,0,14-3-31 2:5:9,1
L393X7B7SI,107.332,33.1173,136194,73,115,0,14-3-31 2:7:10,1
L393X7B7SI,107.308,33.1077,136219,69,135,0,14-3-31 2:9:12,1
L393X7B7SI,107.282,33.1061,136243,73,120,0,14-3-31 2:11:13,1
L393X7B7SI,107.26,33.0943,136268,73,120,0,14-3-31 2:13:14,1
L393X7B7SI,107.235,33.087,136292,71,115,0,14-3-31 2:15:15,1
L393X7B7SI,107.213,33.0742,136316,71,115,0,14-3-31 2:17:17,1
L393X7B7SI,107.19,33.0638,136340,69,130,0,14-3-31 2:19:19,1
L393X7B7SI,107.165,33.0602,136364,71,120,0,14-3-31 2:21:20,1
L393X7B7SI,107.142,33.0504,136388,68,125,0,14-3-31 2:23:22,1
L393X7B7SI,107.116,33.0449,136412,71,120,0,14-3-31 2:25:24,1
L393X7B7SI,107.094,33.0352,136435,68,115,0,14-3-31 2:27:24,1
L393X7B7SI,107.071,33.0249,136459,73,130,0,14-3-31 2:29:26,1
L393X7B7SI,107.047,33.0249,136481,68,130,0,14-3-31 2:31:27,1
L393X7B7SI,107.021,33.0195,136505,66,130,0,14-3-31 2:33:28,1
L393X7B7SI,106.995,33.021,136529,75,140,0,14-3-31 2:35:30,1
L393X7B7SI,106.972,33.0292,136551,40,150,0,14-3-31 2:37:31,1
L393X7B7SI,106.972,33.0308,136553,0,150,0,14-3-31 2:39:32,1
L393X7B7SI,106.77,33.0659,136754,58,140,0,14-3-31 3:6:14,1
L393X7B7SI,106.746,33.0778,136783,80,140,0,14-3-31 3:8:16,1
L393X7B7SI,106.723,33.0757,136805,62,120,0,14-3-31 3:10:17,1
L393X7B7SI,106.698,33.0709,136828,58,125,0,14-3-31 3:12:18,1
L393X7B7SI,106.671,33.0649,136854,75,125,0,14-3-31 3:14:20,1
L393X7B7SI,106.647,33.0568,136878,71,115,0,14-3-31 3:16:21,1
L393X7B7SI,106.647,33.0568,136899,0,90,0,14-3-31 3:18:27,0
L393X7B7SI,106.623,33.0275,136928,68,145,0,14-3-31 3:20:25,1
L393X7B7SI,106.599,33.0257,136951,69,120,0,14-3-31 3:22:25,1
L393X7B7SI,106.59,33.0225,136974,0,125,0,14-3-31 3:24:30,1
L393X7B7SI,106.553,33.0132,136999,66,125,0,14-3-31 3:26:27,1
L393X7B7SI,106.53,33.0065,137022,60,125,0,14-3-31 3:28:28,1
L393X7B7SI,106.525,32.9893,137044,62,100,0,14-3-31 3:30:30,1
L393X7B7SI,106.519,32.9747,137061,34,120,0,14-3-31 3:32:31,1
L393X7B7SI,106.5,32.972,137080,66,115,0,14-3-31 3:34:34,1
L393X7B7SI,106.475,32.9741,137105,79,150,0,14-3-31 3:36:34,1
L393X7B7SI,106.455,32.9709,137126,60,115,0,14-3-31 3:38:35,1
L393X7B7SI,106.442,32.9548,137149,69,90,0,14-3-31 3:40:36,1
L393X7B7SI,106.441,32.9363,137171,69,100,0,14-3-31 3:42:37,1
L393X7B7SI,106.434,32.9168,137194,68,100,0,14-3-31 3:44:39,1
L393X7B7SI,106.423,32.9035,137215,55,95,0,14-3-31 3:46:40,1
L393X7B7SI,106.414,32.8871,137236,64,110,0,14-3-31 3:48:41,1
L393X7B7SI,106.404,32.8693,137261,62,75,0,14-3-31 3:50:43,1
L393X7B7SI,106.393,32.8618,137284,64,145,0,14-3-31 3:52:44,1
L393X7B7SI,106.373,32.8532,137307,69,115,0,14-3-31 3:54:45,1
L393X7B7SI,106.35,32.8492,137329,62,115,0,14-3-31 3:56:46,1
L393X7B7SI,106.328,32.8449,137352,71,120,0,14-3-31 3:58:48,1
L393X7B7SI,106.306,32.8364,137375,68,135,0,14-3-31 4:0:49,1
L393X7B7SI,106.261,32.8219,137420,64,135,0,14-3-31 4:4:53,1
L393X7B7SI,106.249,32.8226,137431,0,170,0,14-3-31 4:6:53,1
L393X7B7SI,106.243,32.8194,137437,44,110,0,14-3-31 4:8:54,1
L393X7B7SI,106.23,32.8062,137457,49,120,0,14-3-31 4:10:55,1
L393X7B7SI,106.211,32.7951,137478,64,120,0,14-3-31 4:12:57,1
L393X7B7SI,106.194,32.7855,137501,60,95,0,14-3-31 4:14:58,1
L393X7B7SI,106.185,32.7788,137513,25,110,0,14-3-31 4:16:59,1
L393X7B7SI,106.172,32.773,137528,55,130,0,14-3-31 4:19:0,1
L393X7B7SI,106.172,32.773,137534,0,130,0,14-3-31 4:21:36,0
L393X7B7SI,106.172,32.773,137534,0,130,0,14-3-31 4:23:37,0
L393X7B7SI,106.128,32.7348,137537,46,100,0,14-3-31 4:25:4,1
L393X7B7SI,106.049,32.7076,137628,0,130,0,14-3-31 4:34:33,1
L393X7B7SI,106.049,32.7076,137628,0,130,0,14-3-31 4:36:35,1
L393X7B7SI,106.049,32.7076,137628,0,130,0,14-3-31 4:38:36,1
L393X7B7SI,106.042,32.7047,137635,33,130,0,14-3-31 4:40:37,1
L393X7B7SI,106.041,32.7046,137636,0,135,0,14-3-31 4:42:39,1
L393X7B7SI,106.026,32.6985,137650,69,130,0,14-3-31 4:44:40,1
L393X7B7SI,106.008,32.6882,137672,69,120,0,14-3-31 4:46:41,1
L393X7B7SI,105.986,32.6806,137693,69,120,0,14-3-31 4:48:42,1
L393X7B7SI,105.962,32.6756,137719,68,140,0,14-3-31 4:50:43,1
L393X7B7SI,105.962,32.6756,137732,0,105,0,14-3-31 4:53:35,0
L393X7B7SI,105.923,32.6542,137765,80,120,0,14-3-31 4:54:46,1
L393X7B7SI,105.9,32.6433,137790,64,125,0,14-3-31 4:56:47,1
L393X7B7SI,106.039,32.6962,137801,0,120,0,14-3-31 4:59:38,1
L393X7B7SI,105.869,32.6176,137834,79,90,0,14-3-31 5:0:50,1
L393X7B7SI,105.872,32.5958,137859,62,110,0,14-3-31 5:2:51,1
L393X7B7SI,105.85,32.4935,137991,68,95,0,14-3-31 5:14:27,1
L393X7B7SI,105.838,32.4796,138013,66,125,0,14-3-31 5:16:28,1
L393X7B7SI,105.819,32.4695,138037,68,105,0,14-3-31 5:18:29,1
L393X7B7SI,105.81,32.4566,138054,79,95,0,14-3-31 5:20:30,1
L393X7B7SI,105.787,32.4469,138081,69,105,0,14-3-31 5:22:31,1
L393X7B7SI,105.765,32.4364,138104,60,115,0,14-3-31 5:24:33,1
L393X7B7SI,105.756,32.4235,138122,73,105,0,14-3-31 5:26:34,1
L393X7B7SI,105.754,32.4145,138140,0,105,0,14-3-31 5:28:39,1
L393X7B7SI,105.737,32.3843,138170,64,100,0,14-3-31 5:30:36,1
L393X7B7SI,105.722,32.3644,138195,77,110,0,14-3-31 5:32:38,1
L393X7B7SI,105.698,32.357,138219,73,140,0,14-3-31 5:34:39,1
L393X7B7SI,105.671,32.3576,138245,77,125,0,14-3-31 5:36:40,1
L393X7B7SI,105.652,32.3533,138264,44,125,0,14-3-31 5:38:42,1
L393X7B7SI,105.628,32.3468,138288,68,115,0,14-3-31 5:40:44,1
L393X7B7SI,105.607,32.3384,138309,75,130,0,14-3-31 5:42:45,1
L393X7B7SI,105.584,32.3233,138337,75,110,0,14-3-31 5:44:46,1
L393X7B7SI,105.567,32.3094,138358,55,115,0,14-3-31 5:46:48,1
L393X7B7SI,105.549,32.2991,138379,62,115,0,14-3-31 5:48:49,1
L393X7B7SI,105.53,32.2879,138400,58,100,0,14-3-31 5:50:50,1
L393X7B7SI,105.516,32.2779,138423,71,140,0,14-3-31 5:52:51,1
L393X7B7SI,105.49,32.2781,138447,71,135,0,14-3-31 5:54:53,1
L393X7B7SI,105.473,32.274,138465,55,120,0,14-3-31 5:56:54,1
L393X7B7SI,105.462,32.2661,138479,40,120,0,14-3-31 5:58:55,1
L393X7B7SI,105.451,32.2573,138494,46,120,0,14-3-31 6:0:57,1
L393X7B7SI,105.427,32.2523,138520,73,115,0,14-3-31 6:2:58,1
L393X7B7SI,105.414,32.2386,138539,34,120,0,14-3-31 6:4:59,1
L393X7B7SI,105.403,32.2318,138552,36,130,0,14-3-31 6:7:0,1
L393X7B7SI,105.39,32.2275,138565,38,110,0,14-3-31 6:9:2,1
L393X7B7SI,105.38,32.2172,138575,0,110,0,14-3-31 6:11:51,1
L393X7B7SI,105.357,32.2043,138609,86,120,0,14-3-31 6:13:4,1
L393X7B7SI,105.337,32.1878,138635,69,115,0,14-3-31 6:15:6,1
L393X7B7SI,105.316,32.1765,138657,58,115,0,14-3-31 6:17:7,1
L393X7B7SI,105.302,32.1681,138673,40,115,0,14-3-31 6:19:8,1
L393X7B7SI,105.29,32.16,138687,73,110,0,14-3-31 6:21:9,1
L393X7B7SI,105.27,32.1495,138710,62,120,0,14-3-31 6:23:11,1
L393X7B7SI,105.256,32.1401,138726,58,105,0,14-3-31 6:25:12,1
L393X7B7SI,105.242,32.1289,138745,42,110,0,14-3-31 6:27:13,1
L393X7B7SI,105.229,32.1205,138761,49,100,0,14-3-31 6:29:15,1
L393X7B7SI,105.211,32.1019,138788,92,105,0,14-3-31 6:31:16,1
L393X7B7SI,105.191,32.0857,138814,75,105,0,14-3-31 6:33:17,1
L393X7B7SI,105.172,32.0724,138837,58,120,0,14-3-31 6:35:18,1
L393X7B7SI,105.158,32.0599,138858,82,105,0,14-3-31 6:37:20,1
L393X7B7SI,105.136,32.0428,138886,84,110,0,14-3-31 6:39:21,1
L393X7B7SI,105.125,32.0243,138909,82,100,0,14-3-31 6:41:22,1
L393X7B7SI,105.125,32.0243,138900,0,0,0,14-3-31 6:43:10,0
L393X7B7SI,105.125,32.0243,138900,0,0,0,14-3-31 6:43:20,0
L393X7B7SI,105.094,31.993,138907,86,110,0,14-3-31 6:44:55,1
L393X7B7SI,105.075,31.9722,138936,75,105,0,14-3-31 6:46:57,1
L393X7B7SI,105.059,31.9536,138960,79,100,0,14-3-31 6:48:57,1
L393X7B7SI,105.042,31.9336,138987,77,100,0,14-3-31 6:50:58,1
L393X7B7SI,105.029,31.9128,139014,84,100,0,14-3-31 6:52:59,1
L393X7B7SI,105.014,31.8937,139038,69,105,0,14-3-31 6:55:1,1
L393X7B7SI,105.01,31.8893,139044,0,120,0,14-3-31 6:57:2,1
L393X7B7SI,104.999,31.8872,139055,55,135,0,14-3-31 6:59:3,1
L393X7B7SI,104.976,31.8788,139079,66,110,0,14-3-31 7:1:5,1
L393X7B7SI,104.96,31.8621,139103,57,120,0,14-3-31 7:3:6,1
L393X7B7SI,104.937,31.8498,139128,86,110,0,14-3-31 7:5:7,1
L393X7B7SI,104.911,31.8376,139156,79,105,0,14-3-31 7:7:9,1
L393X7B7SI,104.896,31.8163,139183,80,105,0,14-3-31 7:9:10,1
L393X7B7SI,104.881,31.7965,139211,79,120,0,14-3-31 7:11:11,1
L393X7B7SI,104.867,31.7741,139239,95,105,0,14-3-31 7:13:13,1
L393X7B7SI,104.847,31.7546,139268,73,110,0,14-3-31 7:15:14,1
L393X7B7SI,104.829,31.7339,139296,80,110,0,14-3-31 7:17:15,1
L393X7B7SI,104.814,31.7158,139320,55,110,0,14-3-31 7:19:16,1
L393X7B7SI,104.807,31.6924,139348,86,105,0,14-3-31 7:21:18,1
L393X7B7SI,104.792,31.6694,139376,80,95,0,14-3-31 7:23:19,1
L393X7B7SI,104.782,31.6449,139405,86,100,0,14-3-31 7:25:20,1
L393X7B7SI,104.77,31.623,139431,53,100,0,14-3-31 7:27:22,1
L393X7B7SI,104.76,31.6037,139454,82,105,0,14-3-31 7:29:23,1
L393X7B7SI,104.742,31.5836,139482,92,105,0,14-3-31 7:31:24,1
L393X7B7SI,104.723,31.5645,139511,93,130,0,14-3-31 7:33:26,1
L393X7B7SI,104.694,31.5593,139539,82,115,0,14-3-31 7:35:28,1
L393X7B7SI,104.683,31.5451,139558,77,100,0,14-3-31 7:37:28,1
L393X7B7SI,104.666,31.5257,139584,46,115,0,14-3-31 7:39:30,1
L393X7B7SI,104.656,31.5143,139600,64,105,0,14-3-31 7:41:31,1
L393X7B7SI,104.637,31.4977,139626,82,90,0,14-3-31 7:43:32,1
L393X7B7SI,104.624,31.4766,139654,79,115,0,14-3-31 7:45:34,1
L393X7B7SI,104.604,31.4588,139682,84,100,0,14-3-31 7:47:35,1
L393X7B7SI,104.593,31.4379,139707,69,95,0,14-3-31 7:49:36,1
L393X7B7SI,104.583,31.4224,139726,53,95,0,14-3-31 7:51:38,1
L393X7B7SI,104.576,31.4078,139743,36,110,0,14-3-31 7:53:39,1
L393X7B7SI,104.56,31.3931,139766,77,110,0,14-3-31 7:55:40,1
L393X7B7SI,104.545,31.3724,139793,79,105,0,14-3-31 7:57:42,1
L393X7B7SI,104.527,31.3531,139819,75,100,0,14-3-31 7:59:44,1
L393X7B7SI,104.508,31.3336,139848,86,115,0,14-3-31 8:1:44,1
L393X7B7SI,104.489,31.3165,139874,68,120,0,14-3-31 8:3:46,1
L393X7B7SI,104.468,31.3065,139897,69,125,0,14-3-31 8:5:48,1
L393X7B7SI,104.447,31.2931,139923,80,110,0,14-3-31 8:7:48,1
L393X7B7SI,104.444,31.2731,139949,77,80,0,14-3-31 8:9:50,1
L393X7B7SI,104.434,31.2515,139975,73,100,0,14-3-31 8:11:51,1
L393X7B7SI,104.43,31.2287,140000,69,90,0,14-3-31 8:13:52,1
L393X7B7SI,104.432,31.2055,140026,77,80,0,14-3-31 8:15:54,1
L393X7B7SI,104.431,31.1829,140050,69,90,0,14-3-31 8:17:55,1
L393X7B7SI,104.426,31.16,140076,79,90,0,14-3-31 8:19:56,1
L393X7B7SI,104.419,31.1369,140102,69,90,0,14-3-31 8:21:58,1
L393X7B7SI,104.417,31.1151,140125,77,85,0,14-3-31 8:23:59,1
L393X7B7SI,104.413,31.0914,140152,77,100,0,14-3-31 8:26:0,1
L393X7B7SI,104.389,31.0817,140178,71,125,0,14-3-31 8:28:2,1
L393X7B7SI,104.38,31.064,140202,82,90,0,14-3-31 8:30:3,1
L393X7B7SI,104.377,31.0401,140228,79,90,0,14-3-31 8:32:4,1
L393X7B7SI,104.363,31.021,140254,71,120,0,14-3-31 8:34:6,1
L393X7B7SI,104.342,31.0053,140281,75,105,0,14-3-31 8:36:7,1
L393X7B7SI,104.327,30.9859,140306,73,105,0,14-3-31 8:38:8,1
L393X7B7SI,104.311,30.969,140330,69,115,0,14-3-31 8:40:9,1
L393X7B7SI,104.295,30.9502,140356,82,100,0,14-3-31 8:42:11,1
L393X7B7SI,104.278,30.9347,140379,57,105,0,14-3-31 8:44:12,1
L393X7B7SI,104.26,30.9184,140405,84,100,0,14-3-31 8:46:14,1
L393X7B7SI,104.24,30.9021,140431,75,115,0,14-3-31 8:48:15,1
L393X7B7SI,104.24,30.9001,140439,0,65,0,14-3-31 8:50:16,1
L393X7B7SI,104.24,30.9001,140439,0,65,0,14-3-31 8:52:18,1
L393X7B7SI,104.241,30.8989,140440,20,65,0,14-3-31 8:54:19,1
L393X7B7SI,104.249,30.9001,140448,29,40,0,14-3-31 8:56:20,1
L393X7B7SI,104.257,30.9003,140455,40,40,0,14-3-31 8:58:22,1
L393X7B7SI,104.274,30.8948,140473,5,75,0,14-3-31 9:0:23,1
L393X7B7SI,104.274,30.8905,140479,47,60,0,14-3-31 9:2:24,1
L393X7B7SI,104.283,30.8838,140490,31,65,0,14-3-31 9:4:26,1
L393X7B7SI,104.286,30.8779,140499,0,115,0,14-3-31 9:6:27,1
L393X7B7SI,104.28,30.8733,140506,47,115,0,14-3-31 9:8:28,1
L393X7B7SI,104.278,30.8714,140509,11,105,0,14-3-31 9:10:29,1
L393X7B7SI,104.281,30.8675,140515,20,105,0,14-3-31 9:12:32,1
L393X7B7SI,104.273,30.8604,140527,25,150,0,14-3-31 9:14:33,1
L393X7B7SI,104.27,30.8623,140530,9,150,0,14-3-31 9:16:35,1
L393X7B7SI,104.263,30.8618,140541,12,5,0,14-3-31 9:18:36,1
L393X7B7SI,104.257,30.8606,140550,25,110,0,14-3-31 9:20:37,1
L393X7B7SI,104.257,30.8606,140514,0,4,0,14-3-31 9:23:13,0
L393X7B7SI,104.257,30.8606,140514,0,4,0,14-3-31 9:23:55,0
L393X7B7SI,104.257,30.8606,140514,0,0,0,14-3-31 9:24:6,0
L393X7B7SI,104.256,30.8603,140514,0,60,0,14-3-31 9:25:36,1
L393X7B7SI,104.256,30.8603,140514,0,60,0,14-3-31 9:27:38,1
L393X7B7SI,104.256,30.8603,140514,0,60,0,14-3-31 9:29:38,1
L393X7B7SI,104.256,30.8603,140514,0,60,0,14-3-31 9:33:53,1
L393X7B7SI,104.256,30.8603,140514,0,60,0,14-3-31 9:34:26,1
L393X7B7SI,104.256,30.8603,140514,0,60,0,14-3-31 9:36:50,1
L393X7B7SI,104.256,30.8603,140514,0,60,0,14-3-31 9:36:59,1
L393X7B7SI,104.256,30.8603,140514,0,60,0,14-3-31 9:37:18,1
L393X7B7SI,104.256,30.8603,140514,0,60,0,14-3-31 9:41:33,1
L393X7B7SI,104.256,30.8603,140514,0,60,0,14-3-31 9:41:41,1
L393X7B7SI,104.256,30.8603,140514,0,60,0,14-3-31 9:41:49,1
L393X7B7SI,104.256,30.8603,140514,0,60,0,14-3-31 9:42:22,1
L393X7B7SI,104.256,30.8603,140514,0,60,0,14-3-31 9:44:3,1
L393X7B7SI,104.256,30.8603,140514,0,60,0,14-3-31 9:44:35,1
L393X7B7SI,104.256,30.8603,140514,0,60,0,14-3-31 9:44:55,1
L393X7B7SI,104.256,30.8603,140514,0,60,0,14-3-31 9:46:58,1
L393X7B7SI,104.256,30.8603,140514,0,60,0,14-3-31 9:47:46,1
L393X7B7SI,104.256,30.8603,140514,0,60,0,14-3-31 9:48:46,1
L393X7B7SI,104.256,30.8603,140514,0,60,0,14-3-31 9:52:49,1
L393X7B7SI,104.259,30.8589,140518,31,60,0,14-3-31 10:2:56,1
L393X7B7SI,104.258,30.8587,140521,0,50,0,14-3-31 10:13:28,1
L393X7B7SI,104.258,30.8587,140521,0,50,0,14-3-31 10:21:34,1
L393X7B7SI,104.258,30.8587,140521,0,50,0,14-3-31 10:32:6,1
L393X7B7SI,104.258,30.8587,140521,0,50,0,14-3-31 10:36:9,1
L393X7B7SI,104.258,30.8587,140521,0,50,0,14-3-31 10:38:10,1
L393X7B7SI,104.258,30.8587,140521,0,50,0,14-3-31 10:39:44,1
L393X7B7SI,104.258,30.8587,140521,0,50,0,14-3-31 10:43:32,1
L393X7B7SI,104.258,30.8587,140521,0,50,0,14-3-31 10:50:11,1
L393X7B7SI,104.258,30.8587,140521,0,50,0,14-3-31 10:58:5,1
L393X7B7SI,104.258,30.8587,140521,0,50,0,14-3-31 11:1:8,1
L393X7B7SI,104.258,30.8587,140521,0,50,0,14-3-31 11:2:30,1
L393X7B7SI,104.258,30.8587,140521,0,50,0,14-3-31 11:4:43,1
L393X7B7SI,104.258,30.8587,140521,0,50,0,14-3-31 11:6:4,1
L393X7B7SI,104.258,30.8587,140521,0,50,0,14-3-31 11:7:27,1
L393X7B7SI,104.258,30.8587,140521,0,50,0,14-3-31 11:10:28,1
L393X7B7SI,104.258,30.8587,140521,0,50,0,14-3-31 11:13:40,1
L393X7B7SI,104.258,30.8587,140521,0,50,0,14-3-31 11:15:3,1
L393X7B7SI,104.258,30.8587,140521,0,50,0,14-3-31 11:16:26,1
L393X7B7SI,104.258,30.8587,140521,0,50,0,14-3-31 11:17:47,1
L393X7B7SI,104.258,30.8587,140521,0,50,0,14-3-31 11:19:13,1
L393X7B7SI,104.258,30.8587,140521,0,50,0,14-3-31 11:20:34,1
L393X7B7SI,104.258,30.8587,140521,0,50,0,14-3-31 11:24:16,1
L393X7B7SI,104.258,30.8587,140521,0,50,0,14-3-31 11:26:17,1
L393X7B7SI,104.258,30.8587,140521,0,50,0,14-3-31 11:27:44,1
L393X7B7SI,104.258,30.8587,140521,0,50,0,14-3-31 11:30:21,1
