P434XUB7SI,116.816,40.3578,0,0,0,0,14-3-29 10:6:13,1
P434XUB7SI,116.816,40.3578,0,0,0,0,14-3-29 10:6:24,1
P434XUB7SI,116.816,40.3578,0,0,0,0,14-3-29 10:6:52,1
P434XUB7SI,116.816,40.3578,0,0,0,0,14-3-29 10:8:53,1
P434XUB7SI,116.816,40.3578,0,0,0,0,14-3-29 10:10:54,1
P434XUB7SI,116.816,40.3578,0,0,0,0,14-3-29 10:12:55,1
P434XUB7SI,116.816,40.3578,0,0,0,0,14-3-29 10:14:56,1
P434XUB7SI,116.816,40.3578,0,0,0,0,14-3-29 10:17:0,1
P434XUB7SI,116.816,40.3578,0,0,0,0,14-3-29 10:17:11,1
P434XUB7SI,116.816,40.3578,0,0,0,0,14-3-29 10:19:13,1
P434XUB7SI,116.816,40.3578,0,0,0,0,14-3-29 10:21:13,1
P434XUB7SI,116.816,40.3578,0,0,0,0,14-3-29 10:23:14,1
P434XUB7SI,116.816,40.3578,0,0,0,0,14-3-29 10:25:15,1
P434XUB7SI,116.816,40.3578,0,0,0,0,14-3-29 10:27:16,1
P434XUB7SI,116.816,40.3578,0,0,0,0,14-3-29 10:29:17,1
P434XUB7SI,116.816,40.3578,0,0,0,0,14-3-29 10:31:18,1
P434XUB7SI,116.816,40.3578,0,0,0,0,14-3-29 10:33:19,1
P434XUB7SI,116.816,40.3578,0,0,0,0,14-3-29 10:35:20,1
P434XUB7SI,116.816,40.3578,0,0,0,0,14-3-29 10:37:21,1
P434XUB7SI,116.816,40.3578,0,0,0,0,14-3-29 10:39:22,1
P434XUB7SI,116.816,40.3578,0,0,0,0,14-3-29 10:41:23,1
P434XUB7SI,116.816,40.3578,0,0,0,0,14-3-29 10:43:24,1
P434XUB7SI,116.816,40.3578,0,0,0,0,14-3-29 10:45:25,1
P434XUB7SI,116.816,40.3578,0,0,0,0,14-3-29 10:47:26,1
P434XUB7SI,116.816,40.3578,0,0,0,0,14-3-29 10:49:27,1
P434XUB7SI,116.816,40.3578,0,0,0,0,14-3-29 10:51:28,1
P434XUB7SI,116.816,40.3578,0,0,0,0,14-3-29 10:53:29,1
P434XUB7SI,116.816,40.3578,0,0,0,0,14-3-29 10:55:30,1
P434XUB7SI,116.816,40.3578,0,0,0,0,14-3-29 10:57:31,1
P434XUB7SI,116.816,40.3578,0,0,0,0,14-3-29 10:59:32,1
P434XUB7SI,116.816,40.3578,0,0,0,0,14-3-29 11:1:33,1
P434XUB7SI,116.816,40.3578,0,0,0,0,14-3-29 11:3:34,1
P434XUB7SI,116.816,40.3578,0,0,0,0,14-3-29 11:5:35,1
P434XUB7SI,116.816,40.3578,0,0,0,0,14-3-29 11:7:38,1
P434XUB7SI,116.816,40.3578,0,0,0,0,14-3-29 11:9:39,1
P434XUB7SI,116.816,40.3578,0,0,0,0,14-3-29 11:11:40,1
P434XUB7SI,116.816,40.3578,0,0,0,0,14-3-29 11:13:41,1
P434XUB7SI,116.816,40.3578,0,0,0,0,14-3-29 11:15:42,1
P434XUB7SI,116.816,40.3578,0,0,0,0,14-3-29 11:17:43,1
P434XUB7SI,116.816,40.3578,0,0,0,0,14-3-29 11:19:44,1
P434XUB7SI,116.816,40.3578,0,0,0,0,14-3-29 11:21:45,1
P434XUB7SI,116.816,40.3578,0,0,0,0,14-3-29 11:23:46,1
P434XUB7SI,116.816,40.3578,0,0,0,0,14-3-29 11:25:47,1
P434XUB7SI,116.816,40.3578,0,0,0,0,14-3-29 11:27:48,1
P434XUB7SI,116.816,40.3578,0,0,0,0,14-3-29 11:29:49,1
P434XUB7SI,116.816,40.3578,0,0,0,0,14-3-29 11:31:50,1
P434XUB7SI,116.816,40.3578,0,0,0,0,14-3-29 11:33:51,1
P434XUB7SI,116.816,40.3578,0,0,0,0,14-3-29 11:35:52,1
P434XUB7SI,116.816,40.3578,0,0,0,0,14-3-29 11:37:53,1
P434XUB7SI,116.816,40.3578,0,0,0,0,14-3-29 11:39:54,1
P434XUB7SI,116.816,40.3578,0,0,0,0,14-3-29 11:41:55,1
P434XUB7SI,116.816,40.3578,0,0,0,0,14-3-29 11:43:56,1
P434XUB7SI,116.816,40.3578,0,0,0,0,14-3-29 11:45:57,1
P434XUB7SI,116.816,40.3578,0,0,0,0,14-3-29 11:47:58,1
P434XUB7SI,116.816,40.3578,0,0,0,0,14-3-29 11:49:59,1
P434XUB7SI,116.816,40.3578,0,0,0,0,14-3-29 11:52:0,1
P434XUB7SI,116.816,40.3578,0,0,0,0,14-3-29 11:54:1,1
P434XUB7SI,116.816,40.3578,0,0,0,0,14-3-29 11:56:2,1
P434XUB7SI,116.816,40.3578,0,0,0,0,14-3-29 11:58:3,1
P434XUB7SI,116.816,40.3578,0,0,0,0,14-3-29 12:0:4,1
P434XUB7SI,116.816,40.3578,0,0,0,0,14-3-29 12:2:5,1
P434XUB7SI,116.816,40.3578,0,0,0,0,14-3-29 12:4:6,1
P434XUB7SI,116.816,40.3578,0,0,0,0,14-3-29 12:6:9,1
P434XUB7SI,116.816,40.3578,0,0,0,0,14-3-29 12:8:10,1
P434XUB7SI,116.816,40.3578,0,0,0,0,14-3-29 12:10:11,1
P434XUB7SI,116.816,40.3578,0,0,0,0,14-3-29 12:12:12,1
P434XUB7SI,116.816,40.3578,0,0,0,0,14-3-29 12:14:13,1
P434XUB7SI,116.816,40.3578,0,0,0,0,14-3-29 12:16:14,1
P434XUB7SI,116.816,40.3578,0,0,0,0,14-3-29 12:18:15,1
P434XUB7SI,116.816,40.3578,0,0,0,0,14-3-29 12:20:16,1
P434XUB7SI,116.816,40.3578,0,0,0,0,14-3-29 12:22:17,1
P434XUB7SI,116.816,40.3578,0,0,0,0,14-3-29 12:24:18,1
P434XUB7SI,116.816,40.3578,0,0,0,0,14-3-29 12:26:19,1
P434XUB7SI,116.816,40.3578,0,0,0,0,14-3-29 12:28:20,1
P434XUB7SI,116.816,40.3578,0,0,0,0,14-3-29 12:32:22,1
P434XUB7SI,116.816,40.3578,0,0,0,0,14-3-29 12:34:23,1
P434XUB7SI,116.816,40.3578,0,0,0,0,14-3-29 12:36:24,1
P434XUB7SI,116.816,40.3578,0,0,0,0,14-3-29 12:38:25,1
P434XUB7SI,116.816,40.3578,0,0,0,0,14-3-29 12:40:26,1
P434XUB7SI,116.816,40.3578,0,0,0,0,14-3-29 12:42:27,1
P434XUB7SI,116.816,40.3578,0,0,0,0,14-3-29 12:44:28,1
P434XUB7SI,116.816,40.3578,0,0,0,0,14-3-29 12:46:29,1
P434XUB7SI,116.816,40.3578,0,0,0,0,14-3-29 12:48:30,1
P434XUB7SI,116.816,40.3578,0,0,0,0,14-3-29 12:50:31,1
P434XUB7SI,116.816,40.3578,0,0,0,0,14-3-29 12:52:32,1
P434XUB7SI,116.816,40.3578,0,0,0,0,14-3-29 12:54:33,1
P434XUB7SI,116.816,40.3578,0,0,0,0,14-3-29 12:56:34,1
P434XUB7SI,116.816,40.3578,0,0,0,0,14-3-29 12:58:35,1
P434XUB7SI,116.816,40.3578,0,0,0,0,14-3-29 13:0:36,1
P434XUB7SI,116.816,40.3578,0,0,0,0,14-3-29 13:2:37,1
P434XUB7SI,116.816,40.3578,0,0,0,0,14-3-29 13:4:38,1
P434XUB7SI,116.816,40.3578,0,0,0,0,14-3-29 13:6:40,1
P434XUB7SI,116.816,40.3578,0,0,0,0,14-3-29 13:8:41,1
P434XUB7SI,116.816,40.3578,0,0,0,0,14-3-29 13:10:42,1
P434XUB7SI,116.816,40.3578,0,0,0,0,14-3-29 13:12:43,1
P434XUB7SI,116.816,40.3578,0,0,0,0,14-3-29 13:14:44,1
P434XUB7SI,116.816,40.3578,0,0,0,0,14-3-29 13:16:45,1
P434XUB7SI,116.816,40.3578,0,0,0,0,14-3-29 13:18:46,1
P434XUB7SI,116.816,40.3578,0,0,0,0,14-3-29 13:20:47,1
P434XUB7SI,116.816,40.3578,0,0,0,0,14-3-29 13:22:48,1
P434XUB7SI,116.816,40.3578,0,0,0,0,14-3-29 13:24:49,1
P434XUB7SI,116.816,40.3578,0,0,0,0,14-3-29 13:26:50,1
P434XUB7SI,116.816,40.3578,0,0,0,0,14-3-29 13:28:51,1
P434XUB7SI,116.816,40.3578,0,0,0,0,14-3-29 13:30:52,1
P434XUB7SI,116.816,40.3578,0,0,0,0,14-3-29 13:32:53,1
P434XUB7SI,116.816,40.3578,0,0,0,0,14-3-29 13:34:54,1
P434XUB7SI,116.816,40.3578,0,0,0,0,14-3-29 13:36:55,1
P434XUB7SI,116.816,40.3578,0,0,0,0,14-3-29 13:38:56,1
P434XUB7SI,116.816,40.3578,0,0,0,0,14-3-29 13:40:57,1
P434XUB7SI,116.816,40.3578,0,0,0,0,14-3-29 13:42:58,1
P434XUB7SI,116.816,40.3578,0,0,0,0,14-3-29 13:44:59,1
P434XUB7SI,116.816,40.3578,0,0,0,0,14-3-29 13:47:0,1
P434XUB7SI,116.816,40.3578,0,0,0,0,14-3-29 13:49:1,1
P434XUB7SI,116.816,40.3578,0,0,0,0,14-3-29 13:51:2,1
P434XUB7SI,116.816,40.3578,0,0,0,0,14-3-29 13:53:3,1
P434XUB7SI,116.816,40.3578,0,0,0,0,14-3-29 13:55:4,1
P434XUB7SI,116.816,40.3578,0,0,0,0,14-3-29 13:57:6,1
P434XUB7SI,116.816,40.3578,0,0,0,0,14-3-29 13:59:6,1
P434XUB7SI,116.816,40.3578,0,0,0,0,14-3-29 14:1:7,1
P434XUB7SI,116.816,40.3578,0,0,0,0,14-3-29 14:3:8,1
P434XUB7SI,116.816,40.3578,0,0,0,0,14-3-29 14:5:9,1
P434XUB7SI,116.816,40.3578,0,0,0,0,14-3-29 14:7:9,1
P434XUB7SI,116.816,40.3578,0,0,0,0,14-3-29 14:9:10,1
P434XUB7SI,116.816,40.3578,0,0,0,0,14-3-29 14:11:11,1
P434XUB7SI,116.816,40.3578,0,0,0,0,14-3-29 14:13:12,1
P434XUB7SI,116.816,40.3578,0,0,0,0,14-3-29 14:15:13,1
P434XUB7SI,116.813,40.3645,0,0,0,0,14-3-29 14:17:14,1
P434XUB7SI,116.813,40.3645,0,0,0,0,14-3-29 14:19:15,1
P434XUB7SI,116.813,40.3645,0,0,0,0,14-3-29 14:21:16,1
P434XUB7SI,116.813,40.3645,0,0,0,0,14-3-29 14:23:17,1
P434XUB7SI,116.813,40.3645,0,0,0,0,14-3-29 14:25:18,1
P434XUB7SI,116.813,40.3645,0,0,0,0,14-3-29 14:27:19,1
P434XUB7SI,116.813,40.3645,0,0,0,0,14-3-29 14:29:20,1
P434XUB7SI,116.813,40.3645,0,0,0,0,14-3-29 14:31:21,1
P434XUB7SI,116.813,40.3645,0,0,0,0,14-3-29 14:33:22,1
P434XUB7SI,116.812,40.3575,0,0,0,0,14-3-29 14:35:23,1
P434XUB7SI,116.816,40.3578,0,0,0,0,14-3-29 14:37:24,1
P434XUB7SI,116.809,40.3623,0,0,0,0,14-3-29 14:39:25,1
P434XUB7SI,116.799,40.3587,0,0,0,0,14-3-29 14:41:26,1
P434XUB7SI,116.799,40.3587,0,0,0,0,14-3-29 14:43:27,0
P434XUB7SI,116.769,40.3419,0,0,0,0,14-3-29 14:45:28,1
P434XUB7SI,116.769,40.3419,0,0,0,0,14-3-29 14:47:29,0
P434XUB7SI,116.769,40.3419,0,0,0,0,14-3-29 14:49:30,0
P434XUB7SI,116.769,40.3419,0,0,0,0,14-3-29 14:51:31,0
P434XUB7SI,116.769,40.3419,0,0,0,0,14-3-29 14:53:32,0
P434XUB7SI,116.723,40.328,0,0,0,0,14-3-29 14:55:33,1
P434XUB7SI,116.701,40.3268,0,0,0,0,14-3-29 14:57:34,1
P434XUB7SI,116.701,40.3268,0,0,0,0,14-3-29 14:59:35,1
P434XUB7SI,116.678,40.3254,0,0,0,0,14-3-29 15:1:36,1
P434XUB7SI,116.65,40.3166,0,0,0,0,14-3-29 15:3:37,1
P434XUB7SI,116.646,40.309,0,0,0,0,14-3-29 15:5:38,1
P434XUB7SI,116.646,40.309,0,0,0,0,14-3-29 15:7:39,1
P434XUB7SI,116.643,40.3047,0,0,0,0,14-3-29 15:9:40,1
P434XUB7SI,116.636,40.2973,0,0,0,0,14-3-29 15:11:41,1
P434XUB7SI,116.638,40.2733,0,0,0,0,14-3-29 15:13:42,1
P434XUB7SI,116.632,40.2663,0,0,0,0,14-3-29 15:15:43,1
P434XUB7SI,116.632,40.2663,0,0,0,0,14-3-29 15:17:44,0
P434XUB7SI,116.636,40.2473,0,0,0,0,14-3-29 15:19:45,1
P434XUB7SI,116.641,40.2345,0,0,0,0,14-3-29 15:21:46,1
P434XUB7SI,116.641,40.2345,0,0,0,0,14-3-29 15:23:47,1
P434XUB7SI,116.64,40.2112,0,0,0,0,14-3-29 15:25:48,1
P434XUB7SI,116.635,40.2055,0,0,0,0,14-3-29 15:27:49,1
P434XUB7SI,116.636,40.1864,0,0,0,0,14-3-29 15:29:50,1
P434XUB7SI,116.636,40.1864,0,0,0,0,14-3-29 15:31:51,1
P434XUB7SI,116.636,40.1864,0,0,0,0,14-3-29 15:33:52,0
P434XUB7SI,116.614,40.1576,0,0,0,0,14-3-29 15:35:53,1
P434XUB7SI,116.596,40.1435,0,0,0,0,14-3-29 15:41:56,1
P434XUB7SI,116.585,40.1392,0,0,0,0,14-3-29 15:43:57,1
P434XUB7SI,116.595,40.1431,0,0,0,0,14-3-29 15:45:58,1
P434XUB7SI,116.621,40.1276,0,0,0,0,14-3-29 15:47:59,1
P434XUB7SI,116.623,40.114,0,0,0,0,14-3-29 15:50:0,1
P434XUB7SI,116.619,40.0924,0,0,0,0,14-3-29 15:52:1,1
P434XUB7SI,116.634,40.079,0,0,0,0,14-3-29 15:54:2,1
P434XUB7SI,116.639,40.0657,0,0,0,0,14-3-29 15:56:3,1
P434XUB7SI,116.653,40.0451,0,0,0,0,14-3-29 15:58:4,1
P434XUB7SI,116.662,40.0252,0,0,0,0,14-3-29 16:0:5,1
P434XUB7SI,116.67,40.015,0,0,0,0,14-3-29 16:2:6,1
P434XUB7SI,116.67,40.015,0,0,0,0,14-3-29 16:4:7,0
P434XUB7SI,116.702,39.9806,0,0,0,0,14-3-29 16:6:10,1
P434XUB7SI,116.702,39.9806,0,0,0,0,14-3-29 16:8:11,0
P434XUB7SI,116.703,39.9327,0,0,0,0,14-3-29 16:10:12,1
P434XUB7SI,116.704,39.9099,0,0,0,0,14-3-29 16:12:13,1
P434XUB7SI,116.706,39.8957,0,0,0,0,14-3-29 16:14:14,1
P434XUB7SI,116.696,39.8722,0,0,0,0,14-3-29 16:16:15,1
P434XUB7SI,116.687,39.8496,0,0,0,0,14-3-29 16:18:16,1
P434XUB7SI,116.666,39.8302,0,0,0,0,14-3-29 16:20:17,1
P434XUB7SI,116.652,39.8164,0,0,0,0,14-3-29 16:22:18,1
P434XUB7SI,116.624,39.7937,0,0,0,0,14-3-29 16:24:19,1
P434XUB7SI,116.624,39.7937,0,0,0,0,14-3-29 16:26:20,0
P434XUB7SI,116.624,39.7937,0,0,0,0,14-3-29 16:28:21,0
P434XUB7SI,116.624,39.7937,0,0,0,0,14-3-29 16:30:22,0
P434XUB7SI,116.624,39.7937,0,0,0,0,14-3-29 16:32:23,0
P434XUB7SI,116.518,39.7404,0,0,0,0,14-3-29 16:34:24,1
P434XUB7SI,116.518,39.7404,0,0,0,0,14-3-29 16:36:25,0
P434XUB7SI,116.518,39.7404,0,0,0,0,14-3-29 16:38:26,0
P434XUB7SI,116.413,39.724,0,0,0,0,14-3-29 16:42:28,1
P434XUB7SI,116.413,39.724,0,0,0,0,14-3-29 16:44:29,0
P434XUB7SI,116.413,39.724,0,0,0,0,14-3-29 16:46:30,0
P434XUB7SI,116.41,39.7202,0,0,0,0,14-3-29 16:48:31,1
P434XUB7SI,116.366,39.7109,0,0,0,0,14-3-29 16:52:33,1
P434XUB7SI,116.36,39.706,0,0,0,0,14-3-29 16:54:34,1
P434XUB7SI,116.338,39.7021,0,0,0,0,14-3-29 16:56:35,1
P434XUB7SI,116.323,39.6942,0,0,0,0,14-3-29 16:58:36,1
P434XUB7SI,116.319,39.6735,0,0,0,0,14-3-29 17:0:37,1
P434XUB7SI,116.319,39.6735,0,0,0,0,14-3-29 17:2:38,0
P434XUB7SI,116.319,39.6735,0,0,0,0,14-3-29 17:4:39,0
P434XUB7SI,116.319,39.6355,0,0,0,0,14-3-29 17:6:40,1
P434XUB7SI,116.319,39.6355,0,0,0,0,14-3-29 17:8:41,0
P434XUB7SI,116.32,39.5848,0,0,0,0,14-3-29 17:10:42,1
P434XUB7SI,116.32,39.5729,0,0,0,0,14-3-29 17:12:43,1
P434XUB7SI,116.318,39.5418,0,0,0,0,14-3-29 17:14:44,1
P434XUB7SI,116.318,39.5418,0,0,0,0,14-3-29 17:16:45,0
P434XUB7SI,116.318,39.5418,0,0,0,0,14-3-29 17:18:46,0
P434XUB7SI,116.318,39.5418,0,0,0,0,14-3-29 17:20:47,0
P434XUB7SI,116.318,39.5418,0,0,0,0,14-3-29 17:22:48,0
P434XUB7SI,116.318,39.5418,0,0,0,0,14-3-29 17:24:49,0
P434XUB7SI,116.269,39.3576,0,0,0,0,14-3-29 17:36:44,1
P434XUB7SI,116.277,39.3468,0,0,0,0,14-3-29 17:38:45,1
P434XUB7SI,116.276,39.3128,0,0,0,0,14-3-29 17:40:44,1
P434XUB7SI,116.281,39.2957,0,0,0,0,14-3-29 17:42:45,1
P434XUB7SI,116.284,39.2819,0,0,0,0,14-3-29 17:44:46,1
P434XUB7SI,116.284,39.2819,0,0,0,0,14-3-29 17:46:47,1
P434XUB7SI,116.284,39.2819,0,0,0,0,14-3-29 17:48:48,1
P434XUB7SI,116.284,39.2819,0,0,0,0,14-3-29 17:50:49,1
P434XUB7SI,116.284,39.2819,0,0,0,0,14-3-29 17:52:50,1
P434XUB7SI,116.284,39.2819,0,0,0,0,14-3-29 17:54:51,1
P434XUB7SI,116.284,39.2819,0,0,0,0,14-3-29 17:56:52,1
P434XUB7SI,116.284,39.2819,0,0,0,0,14-3-29 17:58:53,1
P434XUB7SI,116.284,39.2819,0,0,0,0,14-3-29 18:0:54,1
P434XUB7SI,116.284,39.2819,0,0,0,0,14-3-29 18:2:55,1
P434XUB7SI,116.284,39.2819,0,0,0,0,14-3-29 18:4:56,1
P434XUB7SI,116.281,39.2957,0,0,0,0,14-3-29 18:6:58,1
P434XUB7SI,116.286,39.2521,0,0,0,0,14-3-29 18:8:59,1
P434XUB7SI,116.293,39.2201,0,0,0,0,14-3-29 18:11:0,1
P434XUB7SI,116.287,39.1867,0,0,0,0,14-3-29 18:13:1,1
P434XUB7SI,116.287,39.1867,0,0,0,0,14-3-29 18:15:2,1
P434XUB7SI,116.285,39.1549,0,0,0,0,14-3-29 18:17:3,1
P434XUB7SI,116.277,39.129,0,0,0,0,14-3-29 18:19:4,1
P434XUB7SI,116.264,39.0876,0,0,0,0,14-3-29 18:23:6,1
P434XUB7SI,116.264,39.0876,0,0,0,0,14-3-29 18:25:7,1
P434XUB7SI,116.244,39.0505,0,0,0,0,14-3-29 18:27:8,1
P434XUB7SI,116.239,39.0263,0,0,0,0,14-3-29 18:29:9,1
P434XUB7SI,116.237,39.0048,0,0,0,0,14-3-29 18:31:10,1
P434XUB7SI,116.238,38.9927,0,0,0,0,14-3-29 18:33:11,1
P434XUB7SI,116.222,38.9509,0,0,0,0,14-3-29 18:35:12,1
P434XUB7SI,116.222,38.9509,0,0,0,0,14-3-29 18:37:13,1
P434XUB7SI,116.204,38.9227,0,0,0,0,14-3-29 18:39:14,1
P434XUB7SI,116.199,38.8979,0,0,0,0,14-3-29 18:41:15,1
P434XUB7SI,116.197,38.8853,0,0,0,0,14-3-29 18:43:16,1
P434XUB7SI,116.185,38.8669,0,0,0,0,14-3-29 18:45:17,1
P434XUB7SI,116.166,38.8501,0,0,0,0,14-3-29 18:47:18,1
P434XUB7SI,116.124,38.8265,0,0,0,0,14-3-29 18:49:19,1
P434XUB7SI,116.11,38.8129,0,0,0,0,14-3-29 18:51:20,1
P434XUB7SI,116.088,38.8035,0,0,0,0,14-3-29 18:53:21,1
P434XUB7SI,116.073,38.7926,0,0,0,0,14-3-29 18:55:22,1
P434XUB7SI,116.035,38.7287,0,0,0,0,14-3-29 18:57:23,1
P434XUB7SI,116.044,38.7192,0,0,0,0,14-3-29 19:1:25,1
P434XUB7SI,116.018,38.7076,0,0,0,0,14-3-29 19:3:26,1
P434XUB7SI,115.983,38.6707,0,0,0,0,14-3-29 19:5:27,1
P434XUB7SI,115.983,38.6707,0,0,0,0,14-3-29 19:7:28,1
P434XUB7SI,115.974,38.6524,0,0,0,0,14-3-29 19:9:29,1
P434XUB7SI,115.942,38.6252,0,0,0,0,14-3-29 19:11:30,1
P434XUB7SI,115.913,38.6118,0,0,0,0,14-3-29 19:13:31,1
P434XUB7SI,115.913,38.6118,0,0,0,0,14-3-29 19:15:32,1
P434XUB7SI,115.877,38.5861,0,0,0,0,14-3-29 19:17:33,1
P434XUB7SI,115.86,38.5779,0,0,0,0,14-3-29 19:19:34,1
P434XUB7SI,115.845,38.5478,0,0,0,0,14-3-29 19:21:35,1
P434XUB7SI,115.833,38.5351,0,0,0,0,14-3-29 19:23:36,1
P434XUB7SI,115.816,38.5156,0,0,0,0,14-3-29 19:25:37,1
P434XUB7SI,115.791,38.4923,0,0,0,0,14-3-29 19:27:38,1
P434XUB7SI,115.776,38.4761,0,0,0,0,14-3-29 19:29:39,1
P434XUB7SI,115.776,38.4761,0,0,0,0,14-3-29 19:31:40,1
P434XUB7SI,115.752,38.438,0,0,0,0,14-3-29 19:33:41,1
P434XUB7SI,115.733,38.4107,0,0,0,0,14-3-29 19:35:42,1
P434XUB7SI,115.733,38.4107,0,0,0,0,14-3-29 19:37:43,0
P434XUB7SI,115.722,38.3834,0,0,0,0,14-3-29 19:39:44,1
P434XUB7SI,115.714,38.3728,0,0,0,0,14-3-29 19:41:45,1
P434XUB7SI,115.693,38.3407,0,0,0,0,14-3-29 19:43:46,1
P434XUB7SI,115.689,38.3299,0,0,0,0,14-3-29 19:45:47,1
P434XUB7SI,115.685,38.289,0,0,0,0,14-3-29 19:47:48,1
P434XUB7SI,115.682,38.2738,0,0,0,0,14-3-29 19:49:49,1
P434XUB7SI,115.676,38.2496,0,0,0,0,14-3-29 19:51:50,1
P434XUB7SI,115.66,38.224,0,0,0,0,14-3-29 19:53:51,1
P434XUB7SI,115.657,38.2225,0,0,0,0,14-3-29 19:55:52,1
P434XUB7SI,115.644,38.1925,0,0,0,0,14-3-29 19:57:53,1
P434XUB7SI,115.638,38.1698,0,0,0,0,14-3-29 19:59:54,1
P434XUB7SI,115.635,38.1481,0,0,0,0,14-3-29 20:1:55,1
P434XUB7SI,115.624,38.1267,0,0,0,0,14-3-29 20:3:56,1
P434XUB7SI,115.643,38.1044,0,0,0,0,14-3-29 20:5:57,1
P434XUB7SI,115.643,38.1044,0,0,0,0,14-3-29 20:7:57,1
P434XUB7SI,115.668,38.082,0,0,0,0,14-3-29 20:9:58,1
P434XUB7SI,115.662,38.0699,0,0,0,0,14-3-29 20:11:59,1
P434XUB7SI,115.662,38.0699,0,0,0,0,14-3-29 20:14:0,1
P434XUB7SI,115.662,38.0699,0,0,0,0,14-3-29 20:16:1,1
P434XUB7SI,115.662,38.0699,0,0,0,0,14-3-29 20:18:2,1
P434XUB7SI,115.662,38.0699,0,0,0,0,14-3-29 20:20:3,1
P434XUB7SI,115.662,38.0699,0,0,0,0,14-3-29 20:22:4,1
P434XUB7SI,115.662,38.0699,0,0,0,0,14-3-29 20:24:5,1
P434XUB7SI,115.662,38.0699,0,0,0,0,14-3-29 20:26:6,1
P434XUB7SI,115.662,38.0699,0,0,0,0,14-3-29 20:28:7,1
P434XUB7SI,115.662,38.0699,0,0,0,0,14-3-29 20:30:8,1
P434XUB7SI,115.662,38.0699,0,0,0,0,14-3-29 20:32:9,1
P434XUB7SI,115.673,38.0517,0,0,0,0,14-3-29 20:34:10,1
P434XUB7SI,115.683,38.0348,0,0,0,0,14-3-29 20:36:11,1
P434XUB7SI,115.687,38.0276,0,0,0,0,14-3-29 20:38:12,1
P434XUB7SI,115.695,37.9872,0,0,0,0,14-3-29 20:40:13,1
P434XUB7SI,115.687,37.9718,0,0,0,0,14-3-29 20:42:14,1
P434XUB7SI,115.695,37.9411,0,0,0,0,14-3-29 20:44:15,1
P434XUB7SI,115.699,37.9161,0,0,0,0,14-3-29 20:46:16,1
P434XUB7SI,115.7,37.9007,0,0,0,0,14-3-29 20:48:17,1
P434XUB7SI,115.701,37.8804,0,0,0,0,14-3-29 20:50:18,1
P434XUB7SI,115.698,37.8703,0,0,0,0,14-3-29 20:52:19,1
P434XUB7SI,115.696,37.8401,0,0,0,0,14-3-29 20:54:20,1
P434XUB7SI,115.694,37.8146,0,0,0,0,14-3-29 20:56:21,1
P434XUB7SI,115.694,37.7954,0,0,0,0,14-3-29 20:58:22,1
P434XUB7SI,115.727,37.7745,0,0,0,0,14-3-29 21:0:23,1
P434XUB7SI,115.746,37.7627,0,0,0,0,14-3-29 21:2:24,1
P434XUB7SI,115.764,37.7445,0,0,0,0,14-3-29 21:4:25,1
P434XUB7SI,115.795,37.7233,0,0,0,0,14-3-29 21:6:26,1
P434XUB7SI,115.794,37.7094,0,0,0,0,14-3-29 21:8:27,1
P434XUB7SI,115.791,37.6912,0,0,0,0,14-3-29 21:10:28,1
P434XUB7SI,115.779,37.6622,0,0,0,0,14-3-29 21:12:29,1
P434XUB7SI,115.769,37.6483,0,0,0,0,14-3-29 21:14:30,1
P434XUB7SI,115.751,37.6287,0,0,0,0,14-3-29 21:16:31,1
P434XUB7SI,115.733,37.6108,0,0,0,0,14-3-29 21:18:32,1
P434XUB7SI,115.721,37.5918,0,0,0,0,14-3-29 21:20:33,1
P434XUB7SI,115.714,37.5841,0,0,0,0,14-3-29 21:22:34,1
P434XUB7SI,115.686,37.5541,0,0,0,0,14-3-29 21:24:35,1
P434XUB7SI,115.676,37.548,0,0,0,0,14-3-29 21:26:36,1
P434XUB7SI,115.645,37.5072,0,0,0,0,14-3-29 21:28:37,1
P434XUB7SI,115.635,37.4908,0,0,0,0,14-3-29 21:30:38,1
P434XUB7SI,115.622,37.4718,0,0,0,0,14-3-29 21:32:39,1
P434XUB7SI,115.612,37.4484,0,0,0,0,14-3-29 21:34:40,1
P434XUB7SI,115.606,37.4394,0,0,0,0,14-3-29 21:36:41,1
P434XUB7SI,115.588,37.4061,0,0,0,0,14-3-29 21:38:42,1
P434XUB7SI,115.588,37.4061,0,0,0,0,14-3-29 21:40:43,0
P434XUB7SI,115.574,37.3812,0,0,0,0,14-3-29 21:42:44,1
P434XUB7SI,115.564,37.3655,0,0,0,0,14-3-29 21:44:45,1
P434XUB7SI,115.56,37.3314,0,0,0,0,14-3-29 21:46:46,1
P434XUB7SI,115.547,37.3058,0,0,0,0,14-3-29 21:48:47,1
P434XUB7SI,115.553,37.3194,0,0,0,0,14-3-29 21:50:48,1
P434XUB7SI,115.568,37.2745,0,0,0,0,14-3-29 21:52:49,1
P434XUB7SI,115.512,37.2523,0,0,0,0,14-3-29 21:54:50,1
P434XUB7SI,115.51,37.2322,0,0,0,0,14-3-29 21:56:51,1
P434XUB7SI,115.498,37.2041,0,0,0,0,14-3-29 21:58:52,1
P434XUB7SI,115.483,37.1952,0,0,0,0,14-3-29 22:0:53,1
P434XUB7SI,115.483,37.1952,0,0,0,0,14-3-29 22:2:54,0
P434XUB7SI,115.464,37.1391,0,0,0,0,14-3-29 22:4:55,1
P434XUB7SI,115.463,37.1372,0,0,0,0,14-3-29 22:6:55,1
P434XUB7SI,115.463,37.1372,0,0,0,0,14-3-29 22:8:56,0
P434XUB7SI,115.463,37.1372,0,0,0,0,14-3-29 22:10:57,0
P434XUB7SI,115.463,37.1372,0,0,0,0,14-3-29 22:12:58,0
P434XUB7SI,115.463,37.1372,0,0,0,0,14-3-29 22:14:59,0
P434XUB7SI,115.367,37.0297,0,0,0,0,14-3-29 22:17:0,1
P434XUB7SI,115.351,37.011,0,0,0,0,14-3-29 22:19:1,1
P434XUB7SI,115.345,36.9889,0,0,0,0,14-3-29 22:21:2,1
P434XUB7SI,115.331,36.9724,0,0,0,0,14-3-29 22:23:3,1
P434XUB7SI,115.286,36.9635,0,0,0,0,14-3-29 22:25:4,1
P434XUB7SI,115.301,36.9283,0,0,0,0,14-3-29 22:27:5,1
P434XUB7SI,115.28,36.9127,0,0,0,0,14-3-29 22:29:6,1
P434XUB7SI,115.251,36.8952,0,0,0,0,14-3-29 22:31:7,1
P434XUB7SI,115.244,36.8855,0,0,0,0,14-3-29 22:33:8,1
P434XUB7SI,115.243,36.8721,0,0,0,0,14-3-29 22:35:9,1
P434XUB7SI,115.23,36.8532,0,0,0,0,14-3-29 22:37:10,1
P434XUB7SI,115.23,36.8532,0,0,0,0,14-3-29 22:39:11,0
P434XUB7SI,115.209,36.8085,0,0,0,0,14-3-29 22:41:12,1
P434XUB7SI,115.209,36.8085,0,0,0,0,14-3-29 22:43:13,1
P434XUB7SI,115.209,36.8085,0,0,0,0,14-3-29 22:45:14,1
P434XUB7SI,115.209,36.8085,0,0,0,0,14-3-29 22:47:15,1
P434XUB7SI,115.209,36.8085,0,0,0,0,14-3-29 22:49:16,1
P434XUB7SI,115.209,36.8085,0,0,0,0,14-3-29 22:51:17,0
P434XUB7SI,115.209,36.8085,0,0,0,0,14-3-29 22:53:18,1
P434XUB7SI,115.202,36.7781,0,0,0,0,14-3-29 22:55:19,1
P434XUB7SI,115.194,36.7419,0,0,0,0,14-3-29 22:57:20,1
P434XUB7SI,115.194,36.7419,0,0,0,0,14-3-29 22:59:21,1
P434XUB7SI,115.194,36.7419,0,0,0,0,14-3-29 23:1:22,0
P434XUB7SI,114.707,38.2113,0,0,0,0,14-3-29 23:3:23,1
P434XUB7SI,114.707,38.2113,0,0,0,0,14-3-29 23:5:24,0
P434XUB7SI,114.707,38.2113,0,0,0,0,14-3-29 23:7:26,0
P434XUB7SI,114.707,38.2113,0,0,0,0,14-3-29 23:9:27,0
P434XUB7SI,115.125,36.6048,0,0,0,0,14-3-29 23:11:28,1
P434XUB7SI,115.122,36.5898,0,0,0,0,14-3-29 23:13:29,1
P434XUB7SI,115.118,36.564,0,0,0,0,14-3-29 23:15:30,1
P434XUB7SI,115.115,36.5428,0,0,0,0,14-3-29 23:17:31,1
P434XUB7SI,115.119,36.5562,0,0,0,0,14-3-29 23:19:58,1
P434XUB7SI,115.114,36.5355,0,0,0,0,14-3-29 23:22:24,1
P434XUB7SI,115.101,36.4771,0,0,0,0,14-3-29 23:24:25,1
P434XUB7SI,115.091,36.4333,0,0,0,0,14-3-29 23:26:26,1
P434XUB7SI,115.096,36.4169,0,0,0,0,14-3-29 23:28:27,1
P434XUB7SI,115.09,36.4098,0,0,0,0,14-3-29 23:30:28,1
P434XUB7SI,115.094,36.386,0,0,0,0,14-3-29 23:32:29,1
P434XUB7SI,115.094,36.386,0,0,0,0,14-3-29 23:34:30,0
P434XUB7SI,115.083,36.3286,0,0,0,0,14-3-29 23:36:31,1
P434XUB7SI,115.083,36.3074,0,0,0,0,14-3-29 23:38:32,1
P434XUB7SI,115.096,36.2926,0,0,0,0,14-3-29 23:40:33,1
P434XUB7SI,115.098,36.2827,0,0,0,0,14-3-29 23:42:34,1
P434XUB7SI,115.113,36.2626,0,0,0,0,14-3-29 23:44:35,1
P434XUB7SI,115.113,36.2626,0,0,0,0,14-3-29 23:46:36,1
P434XUB7SI,115.113,36.2626,0,0,0,0,14-3-29 23:48:37,1
P434XUB7SI,115.113,36.2626,0,0,0,0,14-3-29 23:50:38,1
P434XUB7SI,115.113,36.2626,0,0,0,0,14-3-29 23:52:39,1
P434XUB7SI,115.124,36.2336,0,0,0,0,14-3-29 23:55:52,1
P434XUB7SI,115.124,36.2336,0,0,0,0,14-3-29 23:57:53,1
P434XUB7SI,115.124,36.2336,0,0,0,0,14-3-29 23:59:54,1
P434XUB7SI,115.124,36.2336,0,0,0,0,14-3-30 0:1:55,1
P434XUB7SI,115.124,36.2336,0,0,0,0,14-3-30 0:3:56,1
P434XUB7SI,115.124,36.2336,0,0,0,0,14-3-30 0:5:57,1
P434XUB7SI,115.124,36.2336,0,0,0,0,14-3-30 0:7:59,1
P434XUB7SI,115.124,36.2336,0,0,0,0,14-3-30 0:10:0,1
P434XUB7SI,115.124,36.2336,0,0,0,0,14-3-30 0:12:40,0
P434XUB7SI,115.153,36.1862,0,0,0,0,14-3-30 0:14:41,1
P434XUB7SI,115.143,36.1424,0,0,0,0,14-3-30 0:16:42,1
P434XUB7SI,115.141,36.1337,0,0,0,0,14-3-30 0:18:43,1
P434XUB7SI,115.136,36.1161,0,0,0,0,14-3-30 0:20:44,1
P434XUB7SI,115.133,36.1031,0,0,0,0,14-3-30 0:22:45,1
P434XUB7SI,115.123,36.0717,0,0,0,0,14-3-30 0:24:46,1
P434XUB7SI,115.108,36.0568,0,0,0,0,14-3-30 0:26:47,1
P434XUB7SI,115.082,36.031,0,0,0,0,14-3-30 0:28:48,1
P434XUB7SI,115.082,36.031,0,0,0,0,14-3-30 0:30:49,0
P434XUB7SI,115.07,36.0078,0,0,0,0,14-3-30 0:32:50,1
P434XUB7SI,115.055,35.9773,0,0,0,0,14-3-30 0:34:51,1
P434XUB7SI,115.041,35.9538,0,0,0,0,14-3-30 0:36:52,1
P434XUB7SI,115.025,35.9353,0,0,0,0,14-3-30 0:38:54,1
P434XUB7SI,115.06,35.9178,0,0,0,0,14-3-30 0:40:54,1
P434XUB7SI,115.003,35.8804,0,0,0,0,14-3-30 0:42:55,1
P434XUB7SI,115.003,35.8804,0,0,0,0,14-3-30 0:44:56,1
P434XUB7SI,115.003,35.8804,0,0,0,0,14-3-30 0:46:57,0
P434XUB7SI,114.976,35.8334,0,0,0,0,14-3-30 0:48:59,1
P434XUB7SI,114.95,35.8083,0,0,0,0,14-3-30 0:50:59,1
P434XUB7SI,114.946,35.7846,0,0,0,0,14-3-30 0:53:0,1
P434XUB7SI,114.936,35.7695,0,0,0,0,14-3-30 0:55:1,1
P434XUB7SI,114.92,35.7487,0,0,0,0,14-3-30 0:57:2,1
P434XUB7SI,114.923,35.7184,0,0,0,0,14-3-30 0:59:3,1
P434XUB7SI,114.947,35.7161,0,0,0,0,14-3-30 1:1:4,1
P434XUB7SI,114.918,35.6878,0,0,0,0,14-3-30 1:3:5,1
P434XUB7SI,114.908,35.6512,0,0,0,0,14-3-30 1:5:6,1
P434XUB7SI,114.908,35.6512,0,0,0,0,14-3-30 1:7:7,1
P434XUB7SI,114.908,35.6512,0,0,0,0,14-3-30 1:9:8,0
P434XUB7SI,114.908,35.6512,0,0,0,0,14-3-30 1:11:9,0
P434XUB7SI,114.908,35.6512,0,0,0,0,14-3-30 1:13:10,0
P434XUB7SI,114.832,35.573,0,0,0,0,14-3-30 1:15:11,1
P434XUB7SI,114.803,35.5538,0,0,0,0,14-3-30 1:17:12,1
P434XUB7SI,114.789,35.5319,0,0,0,0,14-3-30 1:19:13,1
P434XUB7SI,114.789,35.5319,0,0,0,0,14-3-30 1:21:14,0
P434XUB7SI,114.739,35.5121,0,0,0,0,14-3-30 1:23:15,1
P434XUB7SI,114.733,35.5074,0,0,0,0,14-3-30 1:25:16,1
P434XUB7SI,114.71,35.4704,0,0,0,0,14-3-30 1:27:17,1
P434XUB7SI,114.687,35.4254,0,0,0,0,14-3-30 1:29:18,1
P434XUB7SI,114.687,35.4254,0,0,0,0,14-3-30 1:31:19,1
P434XUB7SI,114.687,35.4254,0,0,0,0,14-3-30 1:33:20,0
P434XUB7SI,114.687,35.4254,0,0,0,0,14-3-30 1:35:21,0
P434XUB7SI,114.658,35.3728,0,0,0,0,14-3-30 1:37:22,1
P434XUB7SI,114.643,35.3424,0,0,0,0,14-3-30 1:39:23,1
P434XUB7SI,114.635,35.32,0,0,0,0,14-3-30 1:41:25,1
P434XUB7SI,114.633,35.3074,0,0,0,0,14-3-30 1:43:25,1
P434XUB7SI,114.602,35.2575,0,0,0,0,14-3-30 1:47:28,1
P434XUB7SI,114.621,35.2258,0,0,0,0,14-3-30 1:49:28,1
P434XUB7SI,114.631,35.2215,0,0,0,0,14-3-30 1:51:29,1
P434XUB7SI,114.631,35.2215,0,0,0,0,14-3-30 1:53:30,0
P434XUB7SI,114.598,35.1767,0,0,0,0,14-3-30 1:55:31,1
P434XUB7SI,114.598,35.1767,0,0,0,0,14-3-30 1:57:32,1
P434XUB7SI,114.587,35.1314,0,0,0,0,14-3-30 1:59:33,1
P434XUB7SI,114.578,35.0998,0,0,0,0,14-3-30 2:1:34,1
P434XUB7SI,114.581,35.0938,0,0,0,0,14-3-30 2:3:35,1
P434XUB7SI,114.568,35.0557,0,0,0,0,14-3-30 2:5:36,1
P434XUB7SI,114.567,35.052,0,0,0,0,14-3-30 2:7:39,1
P434XUB7SI,114.556,35.02,0,0,0,0,14-3-30 2:9:40,1
P434XUB7SI,114.551,35.0001,0,0,0,0,14-3-30 2:11:41,1
P434XUB7SI,114.538,34.9732,0,0,0,0,14-3-30 2:13:43,1
P434XUB7SI,114.53,34.9671,0,0,0,0,14-3-30 2:15:44,1
P434XUB7SI,114.515,34.9384,0,0,0,0,14-3-30 2:17:44,1
P434XUB7SI,114.513,34.9331,0,0,0,0,14-3-30 2:19:45,1
P434XUB7SI,114.496,34.8754,0,0,0,0,14-3-30 2:21:46,1
P434XUB7SI,114.509,34.8735,0,0,0,0,14-3-30 2:23:47,1
P434XUB7SI,114.504,34.8502,0,0,0,0,14-3-30 2:25:48,1
P434XUB7SI,114.489,34.8286,0,0,0,0,14-3-30 2:27:50,1
P434XUB7SI,114.488,34.8046,0,0,0,0,14-3-30 2:29:50,1
P434XUB7SI,114.488,34.8046,0,0,0,0,14-3-30 2:31:51,1
P434XUB7SI,114.488,34.8046,0,0,0,0,14-3-30 2:33:53,0
P434XUB7SI,114.491,34.7299,0,0,0,0,14-3-30 2:35:53,1
P434XUB7SI,114.481,34.7058,0,0,0,0,14-3-30 2:37:54,1
P434XUB7SI,114.475,34.7061,0,0,0,0,14-3-30 2:39:55,1
P434XUB7SI,114.484,34.6718,0,0,0,0,14-3-30 2:41:56,1
P434XUB7SI,114.49,34.6526,0,0,0,0,14-3-30 2:43:58,1
P434XUB7SI,114.507,34.6466,0,0,0,0,14-3-30 2:45:59,1
P434XUB7SI,114.501,34.6058,0,0,0,0,14-3-30 2:47:59,1
P434XUB7SI,114.497,34.585,0,0,0,0,14-3-30 2:50:0,1
P434XUB7SI,114.497,34.585,0,0,0,0,14-3-30 2:52:1,1
P434XUB7SI,114.483,34.5426,0,0,0,0,14-3-30 2:54:2,1
P434XUB7SI,114.461,34.5268,0,0,0,0,14-3-30 2:56:3,1
P434XUB7SI,114.443,34.516,0,0,0,0,14-3-30 2:58:4,1
P434XUB7SI,114.423,34.5062,0,0,0,0,14-3-30 3:0:5,1
P434XUB7SI,114.387,34.4922,0,0,0,0,14-3-30 3:2:6,1
P434XUB7SI,114.387,34.4922,0,0,0,0,14-3-30 3:4:7,1
P434XUB7SI,114.354,34.4702,0,0,0,0,14-3-30 3:6:8,1
P434XUB7SI,114.326,34.4534,0,0,0,0,14-3-30 3:8:9,1
P434XUB7SI,114.313,34.4512,0,0,0,0,14-3-30 3:10:10,1
P434XUB7SI,114.313,34.4512,0,0,0,0,14-3-30 3:12:11,0
P434XUB7SI,114.273,34.4306,0,0,0,0,14-3-30 3:14:12,1
P434XUB7SI,114.261,34.4108,0,0,0,0,14-3-30 3:16:13,1
P434XUB7SI,114.244,34.3786,0,0,0,0,14-3-30 3:18:14,1
P434XUB7SI,114.238,34.365,0,0,0,0,14-3-30 3:20:15,1
P434XUB7SI,114.223,34.336,0,0,0,0,14-3-30 3:22:16,1
P434XUB7SI,114.223,34.336,0,0,0,0,14-3-30 3:24:17,0
P434XUB7SI,114.193,34.3071,0,0,0,0,14-3-30 3:26:18,1
P434XUB7SI,114.168,34.2848,0,0,0,0,14-3-30 3:28:19,1
P434XUB7SI,114.168,34.2848,0,0,0,0,14-3-30 3:30:20,1
P434XUB7SI,114.154,34.2619,0,0,0,0,14-3-30 3:32:21,1
P434XUB7SI,114.142,34.2182,0,0,0,0,14-3-30 3:34:22,1
P434XUB7SI,114.139,34.2131,0,0,0,0,14-3-30 3:36:23,1
P434XUB7SI,114.131,34.188,0,0,0,0,14-3-30 3:38:24,1
P434XUB7SI,114.12,34.177,0,0,0,0,14-3-30 3:40:25,1
P434XUB7SI,114.123,34.1465,0,0,0,0,14-3-30 3:42:26,1
P434XUB7SI,114.108,34.1196,0,0,0,0,14-3-30 3:44:27,1
P434XUB7SI,114.108,34.1196,0,0,0,0,14-3-30 3:46:28,0
P434XUB7SI,114.097,34.0869,0,0,0,0,14-3-30 3:48:29,1
P434XUB7SI,114.097,34.0869,0,0,0,0,14-3-30 3:50:30,1
P434XUB7SI,114.049,34.0453,0,0,0,0,14-3-30 3:52:31,1
P434XUB7SI,114.033,34.0322,0,0,0,0,14-3-30 3:54:32,1
P434XUB7SI,114.019,34.0189,0,0,0,0,14-3-30 3:56:33,1
P434XUB7SI,113.993,34.013,0,0,0,0,14-3-30 3:58:34,1
P434XUB7SI,113.963,33.9941,0,0,0,0,14-3-30 4:0:35,1
P434XUB7SI,113.943,33.9776,0,0,0,0,14-3-30 4:2:36,1
P434XUB7SI,113.923,33.9667,0,0,0,0,14-3-30 4:4:37,1
P434XUB7SI,113.923,33.9667,0,0,0,0,14-3-30 4:6:41,0
P434XUB7SI,113.923,33.9667,0,0,0,0,14-3-30 4:8:42,0
P434XUB7SI,113.923,33.9667,0,0,0,0,14-3-30 4:10:43,0
P434XUB7SI,113.923,33.9667,0,0,0,0,14-3-30 4:12:44,0
P434XUB7SI,113.923,33.9667,0,0,0,0,14-3-30 4:14:45,0
P434XUB7SI,113.764,33.9559,0,0,0,0,14-3-30 4:16:46,1
P434XUB7SI,113.745,33.9586,0,0,0,0,14-3-30 4:18:47,1
P434XUB7SI,113.71,33.922,0,0,0,0,14-3-30 4:20:48,1
P434XUB7SI,113.703,33.9159,0,0,0,0,14-3-30 4:22:49,1
P434XUB7SI,113.682,33.9016,0,0,0,0,14-3-30 4:24:50,1
P434XUB7SI,113.657,33.8904,0,0,0,0,14-3-30 4:26:51,1
P434XUB7SI,113.633,33.8816,0,0,0,0,14-3-30 4:28:52,1
P434XUB7SI,113.599,33.8685,0,0,0,0,14-3-30 4:30:53,1
P434XUB7SI,113.572,33.8473,0,0,0,0,14-3-30 4:32:54,1
P434XUB7SI,113.566,33.8407,0,0,0,0,14-3-30 4:34:55,1
P434XUB7SI,113.543,33.8211,0,0,0,0,14-3-30 4:36:56,1
P434XUB7SI,113.598,33.8123,0,0,0,0,14-3-30 4:38:57,1
P434XUB7SI,113.531,33.7784,0,0,0,0,14-3-30 4:40:58,1
P434XUB7SI,113.51,33.7468,0,0,0,0,14-3-30 4:42:59,1
P434XUB7SI,113.495,33.7297,0,0,0,0,14-3-30 4:45:0,1
P434XUB7SI,113.493,33.7286,0,0,0,0,14-3-30 4:47:1,1
P434XUB7SI,113.485,33.6989,0,0,0,0,14-3-30 4:49:2,1
P434XUB7SI,113.47,33.673,0,0,0,0,14-3-30 4:51:3,1
P434XUB7SI,113.464,33.66,0,0,0,0,14-3-30 4:53:4,1
P434XUB7SI,113.465,33.635,0,0,0,0,14-3-30 4:55:5,1
P434XUB7SI,113.432,33.6263,0,0,0,0,14-3-30 4:57:7,1
P434XUB7SI,113.447,33.6139,0,0,0,0,14-3-30 4:59:7,1
P434XUB7SI,113.465,33.6004,0,0,0,0,14-3-30 5:1:8,1
P434XUB7SI,113.463,33.5886,0,0,0,0,14-3-30 5:3:9,1
P434XUB7SI,113.463,33.5886,0,0,0,0,14-3-30 5:5:11,1
P434XUB7SI,113.46,33.5419,0,0,0,0,14-3-30 5:7:12,1
P434XUB7SI,113.459,33.5168,0,0,0,0,14-3-30 5:9:13,1
P434XUB7SI,113.459,33.4972,0,0,0,0,14-3-30 5:11:14,1
P434XUB7SI,113.451,33.4719,0,0,0,0,14-3-30 5:13:15,1
P434XUB7SI,113.445,33.4513,0,0,0,0,14-3-30 5:15:16,1
P434XUB7SI,113.445,33.4513,0,0,0,0,14-3-30 5:17:17,1
P434XUB7SI,113.433,33.401,0,0,0,0,14-3-30 5:21:20,1
P434XUB7SI,113.432,33.382,0,0,0,0,14-3-30 5:23:20,1
P434XUB7SI,113.433,33.3503,0,0,0,0,14-3-30 5:25:21,1
P434XUB7SI,113.432,33.3414,0,0,0,0,14-3-30 5:27:22,1
P434XUB7SI,113.429,33.329,0,0,0,0,14-3-30 5:29:23,1
P434XUB7SI,113.433,33.3385,0,0,0,0,14-3-30 5:31:24,1
P434XUB7SI,113.433,33.3385,0,0,0,0,14-3-30 5:33:25,0
P434XUB7SI,113.433,33.3385,0,0,0,0,14-3-30 5:35:26,0
P434XUB7SI,113.436,33.2485,0,0,0,0,14-3-30 5:37:27,1
P434XUB7SI,113.436,33.2485,0,0,0,0,14-3-30 5:39:28,1
P434XUB7SI,113.437,33.2119,0,0,0,0,14-3-30 5:41:29,1
P434XUB7SI,113.439,33.1996,0,0,0,0,14-3-30 5:43:30,1
P434XUB7SI,113.439,33.1996,0,0,0,0,14-3-30 5:45:31,0
P434XUB7SI,113.439,33.1996,0,0,0,0,14-3-30 5:47:32,0
P434XUB7SI,113.441,33.0356,0,0,0,0,14-3-30 5:58:46,1
P434XUB7SI,113.46,33.0008,0,0,0,0,14-3-30 6:0:47,1
P434XUB7SI,113.458,32.9738,0,0,0,0,14-3-30 6:2:48,1
P434XUB7SI,113.458,32.9738,0,0,0,0,14-3-30 6:4:50,1
P434XUB7SI,113.458,32.9333,0,0,0,0,14-3-30 6:6:51,1
P434XUB7SI,113.456,32.9268,0,0,0,0,14-3-30 6:8:52,1
P434XUB7SI,113.448,32.8876,0,0,0,0,14-3-30 6:10:53,1
P434XUB7SI,113.449,32.8746,0,0,0,0,14-3-30 6:12:54,1
P434XUB7SI,113.462,32.8437,0,0,0,0,14-3-30 6:14:55,1
P434XUB7SI,113.462,32.8437,0,0,0,0,14-3-30 6:16:56,1
P434XUB7SI,113.473,32.8168,0,0,0,0,14-3-30 6:18:57,1
P434XUB7SI,113.486,32.7917,0,0,0,0,14-3-30 6:20:58,1
P434XUB7SI,113.486,32.7917,0,0,0,0,14-3-30 6:22:59,0
P434XUB7SI,113.474,32.7432,0,0,0,0,14-3-30 6:25:0,1
P434XUB7SI,113.474,32.7432,0,0,0,0,14-3-30 6:27:1,1
P434XUB7SI,113.488,32.5959,0,0,0,0,14-3-30 6:38:13,1
P434XUB7SI,113.488,32.5959,0,0,0,0,14-3-30 6:40:14,1
P434XUB7SI,113.488,32.5959,0,0,0,0,14-3-30 6:42:15,1
P434XUB7SI,113.488,32.5959,0,0,0,0,14-3-30 6:44:16,0
P434XUB7SI,113.494,32.555,0,0,0,0,14-3-30 6:48:19,1
P434XUB7SI,113.494,32.555,0,0,0,0,14-3-30 6:50:19,0
P434XUB7SI,113.494,32.555,0,0,0,0,14-3-30 6:52:20,0
P434XUB7SI,113.482,32.4886,0,0,0,0,14-3-30 6:54:21,1
P434XUB7SI,113.481,32.4437,0,0,0,0,14-3-30 6:56:22,1
P434XUB7SI,113.481,32.4437,0,0,0,0,14-3-30 6:58:23,1
P434XUB7SI,113.476,32.4253,0,0,0,0,14-3-30 7:0:24,1
P434XUB7SI,113.468,32.3891,0,0,0,0,14-3-30 7:2:25,1
P434XUB7SI,113.468,32.3891,0,0,0,0,14-3-30 7:4:26,1
P434XUB7SI,113.478,32.3638,0,0,0,0,14-3-30 7:6:27,1
P434XUB7SI,113.493,32.3089,0,0,0,0,14-3-30 7:19:21,1
P434XUB7SI,113.474,32.2892,0,0,0,0,14-3-30 7:21:22,1
P434XUB7SI,113.474,32.2892,0,0,0,0,14-3-30 7:23:23,1
P434XUB7SI,113.474,32.2892,0,0,0,0,14-3-30 7:25:24,0
P434XUB7SI,113.474,32.2892,0,0,0,0,14-3-30 7:27:25,0
P434XUB7SI,113.474,32.2892,0,0,0,0,14-3-30 7:29:26,0
P434XUB7SI,113.403,32.2103,0,0,0,0,14-3-30 7:31:27,1
P434XUB7SI,113.394,32.1819,0,0,0,0,14-3-30 7:33:28,1
P434XUB7SI,113.394,32.1819,0,0,0,0,14-3-30 7:35:29,0
P434XUB7SI,113.394,32.1819,0,0,0,0,14-3-30 7:37:30,0
P434XUB7SI,113.385,32.1275,0,0,0,0,14-3-30 7:39:31,1
P434XUB7SI,113.385,32.1275,0,0,0,0,14-3-30 7:41:32,0
P434XUB7SI,113.385,32.1275,0,0,0,0,14-3-30 7:43:33,0
P434XUB7SI,113.385,32.1275,0,0,0,0,14-3-30 7:45:34,0
P434XUB7SI,113.362,32.0444,0,0,0,0,14-3-30 7:47:35,1
P434XUB7SI,113.357,32.03,0,0,0,0,14-3-30 7:49:36,1
P434XUB7SI,113.357,32.03,0,0,0,0,14-3-30 7:51:37,1
P434XUB7SI,113.357,32.03,0,0,0,0,14-3-30 7:53:38,1
P434XUB7SI,113.357,32.03,0,0,0,0,14-3-30 7:55:39,1
P434XUB7SI,113.357,32.03,0,0,0,0,14-3-30 7:57:40,1
P434XUB7SI,113.357,32.03,0,0,0,0,14-3-30 7:59:41,1
P434XUB7SI,113.357,32.03,0,0,0,0,14-3-30 8:1:42,1
P434XUB7SI,113.357,32.03,0,0,0,0,14-3-30 8:3:43,1
P434XUB7SI,113.357,32.03,0,0,0,0,14-3-30 8:5:44,1
P434XUB7SI,113.357,32.03,0,0,0,0,14-3-30 8:7:46,1
P434XUB7SI,113.357,32.03,0,0,0,0,14-3-30 8:9:47,1
P434XUB7SI,113.357,32.03,0,0,0,0,14-3-30 8:11:48,1
P434XUB7SI,113.357,32.03,0,0,0,0,14-3-30 8:13:49,1
P434XUB7SI,113.357,32.03,0,0,0,0,14-3-30 8:15:50,1
P434XUB7SI,113.357,32.03,0,0,0,0,14-3-30 8:17:51,1
P434XUB7SI,113.357,32.03,0,0,0,0,14-3-30 8:19:52,1
P434XUB7SI,113.357,32.03,0,0,0,0,14-3-30 8:21:53,1
P434XUB7SI,113.357,32.03,0,0,0,0,14-3-30 8:23:54,1
P434XUB7SI,113.357,32.03,0,0,0,0,14-3-30 8:25:55,1
P434XUB7SI,113.357,32.03,0,0,0,0,14-3-30 8:27:56,1
P434XUB7SI,113.357,32.03,0,0,0,0,14-3-30 8:29:57,1
P434XUB7SI,113.357,32.03,0,0,0,0,14-3-30 8:31:58,0
P434XUB7SI,113.34,32.0084,0,0,0,0,14-3-30 8:33:59,1
P434XUB7SI,113.34,32.0084,0,0,0,0,14-3-30 8:36:0,0
P434XUB7SI,113.334,31.9712,0,0,0,0,14-3-30 8:38:1,1
P434XUB7SI,113.334,31.9386,0,0,0,0,14-3-30 8:40:2,1
P434XUB7SI,113.334,31.9386,0,0,0,0,14-3-30 8:42:3,1
P434XUB7SI,113.334,31.9386,0,0,0,0,14-3-30 8:44:4,0
P434XUB7SI,113.334,31.8807,0,0,0,0,14-3-30 8:46:5,1
P434XUB7SI,113.331,31.8667,0,0,0,0,14-3-30 8:48:6,1
P434XUB7SI,113.315,31.8323,0,0,0,0,14-3-30 8:50:7,1
P434XUB7SI,113.315,31.8323,0,0,0,0,14-3-30 8:52:8,0
P434XUB7SI,113.315,31.8323,0,0,0,0,14-3-30 8:54:9,0
P434XUB7SI,113.28,31.7782,0,0,0,0,14-3-30 8:56:10,1
P434XUB7SI,113.257,31.7434,0,0,0,0,14-3-30 8:58:11,1
P434XUB7SI,113.257,31.7434,0,0,0,0,14-3-30 9:0:12,1
P434XUB7SI,113.242,31.7144,0,0,0,0,14-3-30 9:2:13,1
P434XUB7SI,113.229,31.7076,0,0,0,0,14-3-30 9:4:14,1
P434XUB7SI,113.219,31.6713,0,0,0,0,14-3-30 9:6:15,1
P434XUB7SI,113.218,31.6723,0,0,0,0,14-3-30 9:8:18,1
P434XUB7SI,113.205,31.6539,0,0,0,0,14-3-30 9:10:19,1
P434XUB7SI,113.199,31.6328,0,0,0,0,14-3-30 9:12:20,1
P434XUB7SI,113.2,31.6225,0,0,0,0,14-3-30 9:14:21,1
P434XUB7SI,113.203,31.6011,0,0,0,0,14-3-30 9:16:22,1
P434XUB7SI,113.198,31.5807,0,0,0,0,14-3-30 9:18:23,1
P434XUB7SI,113.189,31.5596,0,0,0,0,14-3-30 9:20:24,1
P434XUB7SI,113.189,31.5596,0,0,0,0,14-3-30 9:22:25,1
P434XUB7SI,113.184,31.5322,0,0,0,0,14-3-30 9:24:26,1
P434XUB7SI,113.184,31.5322,0,0,0,0,14-3-30 9:26:27,1
P434XUB7SI,113.178,31.5091,0,0,0,0,14-3-30 9:28:28,1
P434XUB7SI,113.182,31.4564,0,0,0,0,14-3-30 9:30:29,1
P434XUB7SI,113.182,31.4564,0,0,0,0,14-3-30 9:32:31,1
P434XUB7SI,113.191,31.4329,0,0,0,0,14-3-30 9:34:31,1
P434XUB7SI,113.191,31.4329,0,0,0,0,14-3-30 9:36:32,0
P434XUB7SI,113.191,31.4329,0,0,0,0,14-3-30 9:38:33,0
P434XUB7SI,113.191,31.4329,0,0,0,0,14-3-30 9:40:34,0
P434XUB7SI,113.191,31.4329,0,0,0,0,14-3-30 9:42:35,0
P434XUB7SI,113.191,31.4329,0,0,0,0,14-3-30 9:44:36,0
P434XUB7SI,113.191,31.4329,0,0,0,0,14-3-30 9:46:37,0
P434XUB7SI,113.191,31.4329,0,0,0,0,14-3-30 9:48:38,0
P434XUB7SI,113.191,31.4329,0,0,0,0,14-3-30 9:50:40,0
P434XUB7SI,113.191,31.4329,0,0,0,0,14-3-30 9:52:40,0
P434XUB7SI,113.191,31.4329,0,0,0,0,14-3-30 9:54:41,0
P434XUB7SI,113.191,31.4329,0,0,0,0,14-3-30 9:56:42,0
P434XUB7SI,113.191,31.4329,0,0,0,0,14-3-30 9:58:43,0
P434XUB7SI,113.191,31.4329,0,0,0,0,14-3-30 10:0:44,0
P434XUB7SI,113.191,31.4329,0,0,0,0,14-3-30 10:2:45,0
P434XUB7SI,113.191,31.4329,0,0,0,0,14-3-30 10:4:46,0
P434XUB7SI,113.191,31.4329,0,0,0,0,14-3-30 10:6:48,0
P434XUB7SI,113.294,31.0958,0,0,0,0,14-3-30 10:8:50,1
P434XUB7SI,113.294,31.0958,0,0,0,0,14-3-30 10:10:50,0
P434XUB7SI,113.288,31.0544,0,0,0,0,14-3-30 10:12:51,1
P434XUB7SI,113.288,31.0544,0,0,0,0,14-3-30 10:14:52,0
P434XUB7SI,113.273,31.022,0,0,0,0,14-3-30 10:16:53,1
P434XUB7SI,113.254,30.9842,0,0,0,0,14-3-30 10:18:54,1
P434XUB7SI,113.254,30.9842,0,0,0,0,14-3-30 10:20:55,1
P434XUB7SI,113.24,30.9556,0,0,0,0,14-3-30 10:22:56,1
P434XUB7SI,113.236,30.9396,0,0,0,0,14-3-30 10:24:57,1
P434XUB7SI,113.22,30.9075,0,0,0,0,14-3-30 10:26:58,1
P434XUB7SI,113.209,30.8888,0,0,0,0,14-3-30 10:28:59,1
P434XUB7SI,113.196,30.8643,0,0,0,0,14-3-30 10:31:0,1
P434XUB7SI,113.176,30.8685,0,0,0,0,14-3-30 10:33:1,1
P434XUB7SI,113.168,30.8479,0,0,0,0,14-3-30 10:35:2,1
P434XUB7SI,113.152,30.8041,0,0,0,0,14-3-30 10:37:3,1
P434XUB7SI,113.152,30.8041,0,0,0,0,14-3-30 10:39:4,0
P434XUB7SI,113.152,30.8041,0,0,0,0,14-3-30 10:41:5,0
P434XUB7SI,113.152,30.8041,0,0,0,0,14-3-30 10:43:6,0
P434XUB7SI,113.152,30.8041,0,0,0,0,14-3-30 10:45:7,0
P434XUB7SI,113.152,30.8041,0,0,0,0,14-3-30 10:47:8,0
P434XUB7SI,113.107,30.6571,0,0,0,0,14-3-30 10:49:9,1
P434XUB7SI,113.11,30.6479,0,0,0,0,14-3-30 10:51:10,1
P434XUB7SI,113.106,30.6322,0,0,0,0,14-3-30 10:53:11,1
P434XUB7SI,113.107,30.614,0,0,0,0,14-3-30 10:55:12,1
P434XUB7SI,113.107,30.614,0,0,0,0,14-3-30 10:57:13,0
P434XUB7SI,113.107,30.614,0,0,0,0,14-3-30 10:59:14,0
P434XUB7SI,113.107,30.614,0,0,0,0,14-3-30 11:1:15,0
P434XUB7SI,113.107,30.614,0,0,0,0,14-3-30 11:3:16,0
P434XUB7SI,113.107,30.614,0,0,0,0,14-3-30 11:5:17,0
P434XUB7SI,113.107,30.614,0,0,0,0,14-3-30 11:7:18,0
P434XUB7SI,113.096,30.4522,0,0,0,0,14-3-30 11:9:19,1
P434XUB7SI,113.089,30.4263,0,0,0,0,14-3-30 11:11:20,1
P434XUB7SI,113.088,30.4096,0,0,0,0,14-3-30 11:13:21,1
P434XUB7SI,113.091,30.3901,0,0,0,0,14-3-30 11:15:22,1
P434XUB7SI,113.082,30.3708,0,0,0,0,14-3-30 11:17:23,1
P434XUB7SI,113.057,30.3941,0,0,0,0,14-3-30 11:19:24,1
P434XUB7SI,113.064,30.3274,0,0,0,0,14-3-30 11:21:25,1
P434XUB7SI,113.06,30.3113,0,0,0,0,14-3-30 11:23:26,1
P434XUB7SI,113.047,30.2871,0,0,0,0,14-3-30 11:25:27,1
P434XUB7SI,113.042,30.2684,0,0,0,0,14-3-30 11:27:28,1
P434XUB7SI,113.041,30.243,0,0,0,0,14-3-30 11:29:29,1
P434XUB7SI,113.037,30.2171,0,0,0,0,14-3-30 11:31:30,1
P434XUB7SI,113.036,30.1911,0,0,0,0,14-3-30 11:33:31,1
P434XUB7SI,113.036,30.1911,0,0,0,0,14-3-30 11:35:32,0
P434XUB7SI,113.036,30.1911,0,0,0,0,14-3-30 11:37:33,0
P434XUB7SI,113.036,30.1911,0,0,0,0,14-3-30 11:39:34,0
P434XUB7SI,113.036,30.1911,0,0,0,0,14-3-30 11:41:35,0
P434XUB7SI,113.036,30.1911,0,0,0,0,14-3-30 11:43:36,0
P434XUB7SI,113.036,30.1911,0,0,0,0,14-3-30 11:45:37,0
P434XUB7SI,113.036,30.1911,0,0,0,0,14-3-30 11:47:38,0
P434XUB7SI,113.036,30.1911,0,0,0,0,14-3-30 11:49:39,0
P434XUB7SI,113.036,30.1911,0,0,0,0,14-3-30 11:51:40,0
P434XUB7SI,113.036,30.1911,0,0,0,0,14-3-30 11:53:41,0
P434XUB7SI,113.036,30.1911,0,0,0,0,14-3-30 11:55:42,0
P434XUB7SI,113.036,30.1911,0,0,0,0,14-3-30 11:57:43,0
P434XUB7SI,113.036,30.1911,0,0,0,0,14-3-30 11:59:44,0
P434XUB7SI,113.036,30.1911,0,0,0,0,14-3-30 12:1:45,0
P434XUB7SI,113.036,30.1911,0,0,0,0,14-3-30 12:3:46,0
P434XUB7SI,113.036,30.1911,0,0,0,0,14-3-30 12:5:47,0
P434XUB7SI,113.066,29.81,0,0,0,0,14-3-30 12:7:48,1
P434XUB7SI,113.066,29.81,0,0,0,0,14-3-30 12:9:49,1
P434XUB7SI,113.078,29.7733,0,0,0,0,14-3-30 12:11:50,1
P434XUB7SI,113.086,29.7471,0,0,0,0,14-3-30 12:13:51,1
P434XUB7SI,113.086,29.7471,0,0,0,0,14-3-30 12:15:52,1
P434XUB7SI,113.101,29.7085,0,0,0,0,14-3-30 12:17:55,1
P434XUB7SI,113.115,29.6713,0,0,0,0,14-3-30 12:19:54,1
P434XUB7SI,113.131,29.6483,0,0,0,0,14-3-30 12:21:55,1
P434XUB7SI,113.131,29.6483,0,0,0,0,14-3-30 12:23:56,1
P434XUB7SI,113.148,29.6259,0,0,0,0,14-3-30 12:25:57,1
P434XUB7SI,113.162,29.6035,0,0,0,0,14-3-30 12:27:58,1
P434XUB7SI,113.177,29.5968,0,0,0,0,14-3-30 12:29:59,1
P434XUB7SI,113.177,29.5968,0,0,0,0,14-3-30 12:32:0,1
P434XUB7SI,113.177,29.5968,0,0,0,0,14-3-30 12:34:1,1
P434XUB7SI,113.177,29.5968,0,0,0,0,14-3-30 12:36:2,1
P434XUB7SI,113.177,29.5968,0,0,0,0,14-3-30 12:38:3,1
P434XUB7SI,113.177,29.5968,0,0,0,0,14-3-30 12:40:4,1
P434XUB7SI,113.161,29.5807,0,0,0,0,14-3-30 12:42:5,1
P434XUB7SI,113.161,29.5807,0,0,0,0,14-3-30 12:44:6,1
P434XUB7SI,113.161,29.5807,0,0,0,0,14-3-30 12:46:7,0
P434XUB7SI,113.161,29.5807,0,0,0,0,14-3-30 12:48:8,0
P434XUB7SI,113.161,29.5807,0,0,0,0,14-3-30 12:50:9,0
P434XUB7SI,113.161,29.5807,0,0,0,0,14-3-30 12:52:10,0
P434XUB7SI,113.161,29.5807,0,0,0,0,14-3-30 12:54:11,0
P434XUB7SI,113.161,29.5807,0,0,0,0,14-3-30 12:56:12,0
P434XUB7SI,113.161,29.5807,0,0,0,0,14-3-30 12:58:13,0
P434XUB7SI,113.161,29.5807,0,0,0,0,14-3-30 13:0:14,0
P434XUB7SI,113.161,29.5807,0,0,0,0,14-3-30 13:2:15,0
P434XUB7SI,113.161,29.5807,0,0,0,0,14-3-30 13:4:16,0
P434XUB7SI,113.161,29.5807,0,0,0,0,14-3-30 13:6:17,0
P434XUB7SI,113.161,29.5807,0,0,0,0,14-3-30 13:8:19,0
P434XUB7SI,113.161,29.5807,0,0,0,0,14-3-30 13:10:20,0
P434XUB7SI,113.161,29.5807,0,0,0,0,14-3-30 13:12:21,0
P434XUB7SI,113.254,29.4252,0,0,0,0,14-3-30 13:23:56,1
P434XUB7SI,113.252,29.4046,0,0,0,0,14-3-30 13:25:57,1
P434XUB7SI,113.252,29.3933,0,0,0,0,14-3-30 13:27:58,1
P434XUB7SI,113.25,29.356,0,0,0,0,14-3-30 13:29:59,1
P434XUB7SI,113.238,29.3306,0,0,0,0,14-3-30 13:32:46,1
P434XUB7SI,113.242,29.3201,0,0,0,0,14-3-30 13:34:47,1
P434XUB7SI,113.245,29.3124,0,0,0,0,14-3-30 13:36:48,1
P434XUB7SI,113.242,29.3201,0,0,0,0,14-3-30 13:38:49,1
P434XUB7SI,113.242,29.3201,0,0,0,0,14-3-30 13:40:50,1
P434XUB7SI,113.262,29.2883,0,0,0,0,14-3-30 13:42:51,1
P434XUB7SI,113.262,29.2883,0,0,0,0,14-3-30 13:44:52,1
P434XUB7SI,113.27,29.2723,0,0,0,0,14-3-30 13:46:53,1
P434XUB7SI,113.27,29.2723,0,0,0,0,14-3-30 13:48:54,1
P434XUB7SI,113.27,29.2723,0,0,0,0,14-3-30 13:50:55,1
P434XUB7SI,113.27,29.2723,0,0,0,0,14-3-30 13:52:56,1
P434XUB7SI,113.27,29.2723,0,0,0,0,14-3-30 13:54:57,1
P434XUB7SI,113.27,29.2723,0,0,0,0,14-3-30 13:56:58,1
P434XUB7SI,113.27,29.2723,0,0,0,0,14-3-30 13:58:59,1
P434XUB7SI,113.27,29.2723,0,0,0,0,14-3-30 14:1:0,1
P434XUB7SI,113.27,29.2723,0,0,0,0,14-3-30 14:3:1,1
P434XUB7SI,113.27,29.2723,0,0,0,0,14-3-30 14:5:2,1
P434XUB7SI,113.27,29.2723,0,0,0,0,14-3-30 14:7:3,1
P434XUB7SI,113.27,29.2723,0,0,0,0,14-3-30 14:9:4,1
P434XUB7SI,113.27,29.2723,0,0,0,0,14-3-30 14:11:4,1
P434XUB7SI,113.27,29.2723,0,0,0,0,14-3-30 14:13:5,1
P434XUB7SI,113.27,29.2723,0,0,0,0,14-3-30 14:15:6,1
P434XUB7SI,113.27,29.2723,0,0,0,0,14-3-30 14:17:7,1
P434XUB7SI,113.27,29.2723,0,0,0,0,14-3-30 14:19:8,1
P434XUB7SI,113.27,29.2723,0,0,0,0,14-3-30 14:21:9,1
P434XUB7SI,113.273,29.2664,0,0,0,0,14-3-30 14:23:10,1
P434XUB7SI,113.277,29.2611,0,0,0,0,14-3-30 14:25:11,1
P434XUB7SI,113.277,29.2538,0,0,0,0,14-3-30 14:27:12,1
P434XUB7SI,113.264,29.2373,0,0,0,0,14-3-30 14:29:13,1
P434XUB7SI,113.247,29.2164,0,0,0,0,14-3-30 14:31:14,1
P434XUB7SI,113.24,29.2013,0,0,0,0,14-3-30 14:33:15,1
P434XUB7SI,113.239,29.1808,0,0,0,0,14-3-30 14:35:16,1
P434XUB7SI,113.242,29.1658,0,0,0,0,14-3-30 14:37:17,1
P434XUB7SI,113.251,29.1261,0,0,0,0,14-3-30 14:39:18,1
P434XUB7SI,113.257,29.1055,0,0,0,0,14-3-30 14:41:19,1
P434XUB7SI,113.259,29.0912,0,0,0,0,14-3-30 14:43:20,1
P434XUB7SI,113.259,29.0912,0,0,0,0,14-3-30 14:45:21,0
P434XUB7SI,113.259,29.0912,0,0,0,0,14-3-30 14:47:22,0
P434XUB7SI,113.259,29.0912,0,0,0,0,14-3-30 14:49:23,0
P434XUB7SI,113.259,29.0912,0,0,0,0,14-3-30 14:51:24,0
P434XUB7SI,113.259,29.0912,0,0,0,0,14-3-30 14:53:25,0
P434XUB7SI,113.259,29.0912,0,0,0,0,14-3-30 14:55:26,0
P434XUB7SI,113.259,29.0912,0,0,0,0,14-3-30 14:57:27,0
P434XUB7SI,113.259,29.0912,0,0,0,0,14-3-30 14:59:28,0
P434XUB7SI,113.259,29.0912,0,0,0,0,14-3-30 15:1:29,0
P434XUB7SI,113.259,29.0912,0,0,0,0,14-3-30 15:3:30,0
P434XUB7SI,113.267,29.0273,0,0,0,0,14-3-30 15:5:31,1
P434XUB7SI,113.267,29.0273,0,0,0,0,14-3-30 15:7:34,1
P434XUB7SI,113.268,29.0156,0,0,0,0,14-3-30 15:9:35,1
P434XUB7SI,113.268,28.9869,0,0,0,0,14-3-30 15:11:36,1
P434XUB7SI,113.267,28.9711,0,0,0,0,14-3-30 15:13:37,1
P434XUB7SI,113.265,28.9689,0,0,0,0,14-3-30 15:15:38,1
P434XUB7SI,113.262,28.9317,0,0,0,0,14-3-30 15:17:39,1
P434XUB7SI,113.258,28.9094,0,0,0,0,14-3-30 15:19:40,1
P434XUB7SI,113.258,28.8942,0,0,0,0,14-3-30 15:21:41,1
P434XUB7SI,113.256,28.8744,0,0,0,0,14-3-30 15:23:42,1
P434XUB7SI,113.256,28.8744,0,0,0,0,14-3-30 15:25:43,1
P434XUB7SI,113.252,28.8335,0,0,0,0,14-3-30 15:27:44,1
P434XUB7SI,113.252,28.8335,0,0,0,0,14-3-30 15:29:45,0
P434XUB7SI,113.245,28.7915,0,0,0,0,14-3-30 15:31:46,1
P434XUB7SI,113.248,28.7607,0,0,0,0,14-3-30 15:33:48,1
P434XUB7SI,113.251,28.7505,0,0,0,0,14-3-30 15:35:48,1
P434XUB7SI,113.258,28.7352,0,0,0,0,14-3-30 15:37:49,1
P434XUB7SI,113.265,28.7014,0,0,0,0,14-3-30 15:39:50,1
P434XUB7SI,113.265,28.6964,0,0,0,0,14-3-30 15:41:51,1
P434XUB7SI,113.26,28.6463,0,0,0,0,14-3-30 15:45:54,1
P434XUB7SI,113.259,28.6371,0,0,0,0,14-3-30 15:47:54,1
P434XUB7SI,113.249,28.6048,0,0,0,0,14-3-30 15:49:55,1
P434XUB7SI,113.24,28.5886,0,0,0,0,14-3-30 15:51:56,1
P434XUB7SI,113.231,28.5611,0,0,0,0,14-3-30 15:53:57,1
P434XUB7SI,113.223,28.5456,0,0,0,0,14-3-30 15:55:58,1
P434XUB7SI,113.216,28.5275,0,0,0,0,14-3-30 15:57:59,1
P434XUB7SI,113.213,28.5116,0,0,0,0,14-3-30 16:0:0,1
P434XUB7SI,113.209,28.5009,0,0,0,0,14-3-30 16:2:1,1
P434XUB7SI,113.198,28.483,0,0,0,0,14-3-30 16:4:2,1
P434XUB7SI,113.184,28.4541,0,0,0,0,14-3-30 16:6:3,1
P434XUB7SI,113.179,28.4436,0,0,0,0,14-3-30 16:8:4,1
P434XUB7SI,113.163,28.4233,0,0,0,0,14-3-30 16:10:5,1
P434XUB7SI,113.149,28.4078,0,0,0,0,14-3-30 16:12:6,1
P434XUB7SI,113.134,28.3885,0,0,0,0,14-3-30 16:14:7,1
P434XUB7SI,113.126,28.3725,0,0,0,0,14-3-30 16:16:8,1
P434XUB7SI,113.104,28.3425,0,0,0,0,14-3-30 16:18:9,1
P434XUB7SI,113.104,28.3425,0,0,0,0,14-3-30 16:20:10,0
P434XUB7SI,113.104,28.3425,0,0,0,0,14-3-30 16:22:11,0
P434XUB7SI,113.104,28.3425,0,0,0,0,14-3-30 16:24:12,0
P434XUB7SI,113.069,28.2694,0,0,0,0,14-3-30 16:26:13,1
P434XUB7SI,113.068,28.252,0,0,0,0,14-3-30 16:28:14,1
P434XUB7SI,113.068,28.252,0,0,0,0,14-3-30 16:30:15,0
P434XUB7SI,113.06,28.2214,0,0,0,0,14-3-30 16:32:16,1
P434XUB7SI,113.057,28.2025,0,0,0,0,14-3-30 16:34:17,1
P434XUB7SI,113.057,28.1948,0,0,0,0,14-3-30 16:36:18,1
P434XUB7SI,113.054,28.1901,0,0,0,0,14-3-30 16:38:19,1
P434XUB7SI,113.05,28.1954,0,0,0,0,14-3-30 16:40:20,1
P434XUB7SI,113.05,28.1954,0,0,0,0,14-3-30 16:42:21,1
P434XUB7SI,113.048,28.1835,0,0,0,0,14-3-30 16:44:22,1
P434XUB7SI,113.046,28.1793,0,0,0,0,14-3-30 16:46:23,1
P434XUB7SI,113.045,28.1719,0,0,0,0,14-3-30 16:48:24,1
P434XUB7SI,113.044,28.1569,0,0,0,0,14-3-30 16:50:25,1
P434XUB7SI,113.048,28.1465,0,0,0,0,14-3-30 16:52:26,1
P434XUB7SI,113.057,28.1062,0,0,0,0,14-3-30 16:56:29,1
P434XUB7SI,113.042,28.0718,0,0,0,0,14-3-30 17:2:31,1
P434XUB7SI,113.041,28.0673,0,0,0,0,14-3-30 17:4:32,1
P434XUB7SI,113.036,28.0474,0,0,0,0,14-3-30 17:6:33,1
P434XUB7SI,113.032,28.0269,0,0,0,0,14-3-30 17:8:34,1
P434XUB7SI,113.038,28.0065,0,0,0,0,14-3-30 17:10:35,1
P434XUB7SI,113.025,27.9061,0,0,0,0,14-3-30 17:21:28,1
P434XUB7SI,113.022,27.893,0,0,0,0,14-3-30 17:23:29,1
P434XUB7SI,113.019,27.8651,0,0,0,0,14-3-30 17:25:29,1
P434XUB7SI,113.02,27.8549,0,0,0,0,14-3-30 17:27:30,1
P434XUB7SI,113.02,27.8549,0,0,0,0,14-3-30 17:31:33,0
P434XUB7SI,113.02,27.8549,0,0,0,0,14-3-30 17:33:33,0
P434XUB7SI,113.02,27.8549,0,0,0,0,14-3-30 17:35:34,0
P434XUB7SI,113.02,27.8549,0,0,0,0,14-3-30 17:37:35,0
P434XUB7SI,113.02,27.8549,0,0,0,0,14-3-30 17:39:36,0
P434XUB7SI,113.036,27.6876,0,0,0,0,14-3-30 17:43:39,1
P434XUB7SI,113.036,27.6876,0,0,0,0,14-3-30 17:45:39,1
P434XUB7SI,113.039,27.6651,0,0,0,0,14-3-30 17:47:40,1
P434XUB7SI,113.037,27.6344,0,0,0,0,14-3-30 17:49:41,1
P434XUB7SI,113.034,27.626,0,0,0,0,14-3-30 17:51:42,1
P434XUB7SI,113.037,27.6354,0,0,0,0,14-3-30 17:53:43,1
P434XUB7SI,113.033,27.5727,0,0,0,0,14-3-30 17:55:45,1
P434XUB7SI,113.033,27.5602,0,0,0,0,14-3-30 17:57:45,1
P434XUB7SI,113.033,27.526,0,0,0,0,14-3-30 17:59:46,1
P434XUB7SI,113.033,27.526,0,0,0,0,14-3-30 18:1:47,1
P434XUB7SI,113.031,27.5034,0,0,0,0,14-3-30 18:3:48,1
P434XUB7SI,113.031,27.4868,0,0,0,0,14-3-30 18:5:49,1
P434XUB7SI,113.029,27.464,0,0,0,0,14-3-30 18:7:52,1
P434XUB7SI,113.026,27.4469,0,0,0,0,14-3-30 18:9:53,1
P434XUB7SI,113.026,27.4367,0,0,0,0,14-3-30 18:11:54,1
P434XUB7SI,113.027,27.4133,0,0,0,0,14-3-30 18:13:55,1
P434XUB7SI,113.028,27.3953,0,0,0,0,14-3-30 18:15:56,1
P434XUB7SI,113.026,27.3742,0,0,0,0,14-3-30 18:17:57,1
P434XUB7SI,113.026,27.3742,0,0,0,0,14-3-30 18:19:58,0
P434XUB7SI,113.026,27.3742,0,0,0,0,14-3-30 18:21:59,0
P434XUB7SI,113.026,27.3742,0,0,0,0,14-3-30 18:24:0,0
P434XUB7SI,113.026,27.3742,0,0,0,0,14-3-30 18:26:1,0
P434XUB7SI,113.026,27.3742,0,0,0,0,14-3-30 18:28:2,0
P434XUB7SI,113.026,27.3742,0,0,0,0,14-3-30 18:30:3,0
P434XUB7SI,113.026,27.3742,0,0,0,0,14-3-30 18:32:4,0
P434XUB7SI,113.026,27.3742,0,0,0,0,14-3-30 18:34:5,0
P434XUB7SI,113.026,27.3742,0,0,0,0,14-3-30 18:36:6,0
P434XUB7SI,113.026,27.3742,0,0,0,0,14-3-30 18:38:7,0
P434XUB7SI,113.026,27.3742,0,0,0,0,14-3-30 18:40:8,0
P434XUB7SI,113.026,27.3742,0,0,0,0,14-3-30 18:42:9,0
P434XUB7SI,113.026,27.3742,0,0,0,0,14-3-30 18:44:10,0
P434XUB7SI,113.026,27.3742,0,0,0,0,14-3-30 18:46:11,0
P434XUB7SI,113.026,27.3742,0,0,0,0,14-3-30 18:48:12,0
P434XUB7SI,113.026,27.3742,0,0,0,0,14-3-30 18:50:13,0
P434XUB7SI,113.026,27.3742,0,0,0,0,14-3-30 18:52:14,0
P434XUB7SI,113.026,27.3742,0,0,0,0,14-3-30 18:54:15,0
P434XUB7SI,113.026,27.3742,0,0,0,0,14-3-30 18:56:16,0
P434XUB7SI,113.026,27.3742,0,0,0,0,14-3-30 18:58:17,0
P434XUB7SI,113.026,27.3742,0,0,0,0,14-3-30 19:0:18,0
P434XUB7SI,113.026,27.3742,0,0,0,0,14-3-30 19:2:19,0
P434XUB7SI,113.026,27.3742,0,0,0,0,14-3-30 19:4:20,0
P434XUB7SI,113.026,27.3742,0,0,0,0,14-3-30 19:6:21,0
P434XUB7SI,113.026,27.3742,0,0,0,0,14-3-30 19:8:23,0
P434XUB7SI,113.026,27.3742,0,0,0,0,14-3-30 19:10:24,0
P434XUB7SI,112.823,26.8465,0,0,0,0,14-3-30 19:12:25,1
P434XUB7SI,112.829,26.8349,0,0,0,0,14-3-30 19:14:26,1
P434XUB7SI,112.835,26.8189,0,0,0,0,14-3-30 19:16:27,1
P434XUB7SI,112.851,26.7831,0,0,0,0,14-3-30 19:18:28,1
P434XUB7SI,113.045,27.9398,0,0,0,0,14-3-30 19:20:30,1
P434XUB7SI,112.871,26.7366,0,0,0,0,14-3-30 19:22:30,1
P434XUB7SI,112.874,26.7274,0,0,0,0,14-3-30 19:24:31,1
P434XUB7SI,112.885,26.7063,0,0,0,0,14-3-30 19:26:33,1
P434XUB7SI,112.897,26.6766,0,0,0,0,14-3-30 19:28:33,1
P434XUB7SI,112.906,26.655,0,0,0,0,14-3-30 19:30:34,1
P434XUB7SI,112.906,26.655,0,0,0,0,14-3-30 19:32:35,1
P434XUB7SI,112.922,26.628,0,0,0,0,14-3-30 19:34:37,1
P434XUB7SI,112.933,26.5987,0,0,0,0,14-3-30 19:36:37,1
P434XUB7SI,112.929,26.5879,0,0,0,0,14-3-30 19:38:38,1
P434XUB7SI,112.921,26.5717,0,0,0,0,14-3-30 19:40:39,1
P434XUB7SI,112.912,26.5373,0,0,0,0,14-3-30 19:42:40,1
P434XUB7SI,112.91,26.5184,0,0,0,0,14-3-30 19:44:41,1
P434XUB7SI,112.905,26.5035,0,0,0,0,14-3-30 19:46:42,1
P434XUB7SI,112.899,26.4839,0,0,0,0,14-3-30 19:48:43,1
P434XUB7SI,112.899,26.4839,0,0,0,0,14-3-30 19:50:44,1
P434XUB7SI,112.899,26.4839,0,0,0,0,14-3-30 19:52:45,1
P434XUB7SI,112.899,26.4839,0,0,0,0,14-3-30 19:54:46,1
P434XUB7SI,112.899,26.4839,0,0,0,0,14-3-30 19:56:47,1
P434XUB7SI,112.899,26.4839,0,0,0,0,14-3-30 19:58:48,1
P434XUB7SI,112.899,26.4839,0,0,0,0,14-3-30 20:0:49,1
P434XUB7SI,112.899,26.4839,0,0,0,0,14-3-30 20:2:50,1
P434XUB7SI,112.899,26.4839,0,0,0,0,14-3-30 20:4:51,1
P434XUB7SI,112.899,26.4839,0,0,0,0,14-3-30 20:6:52,1
P434XUB7SI,112.899,26.4839,0,0,0,0,14-3-30 20:8:53,1
P434XUB7SI,112.899,26.4839,0,0,0,0,14-3-30 20:10:54,1
P434XUB7SI,112.899,26.4839,0,0,0,0,14-3-30 20:12:55,1
P434XUB7SI,112.899,26.4839,0,0,0,0,14-3-30 20:14:56,1
P434XUB7SI,112.899,26.4839,0,0,0,0,14-3-30 20:16:57,1
P434XUB7SI,112.899,26.4839,0,0,0,0,14-3-30 20:18:58,1
P434XUB7SI,112.899,26.4839,0,0,0,0,14-3-30 20:20:59,1
P434XUB7SI,112.899,26.4839,0,0,0,0,14-3-30 20:23:0,1
P434XUB7SI,112.899,26.4839,0,0,0,0,14-3-30 20:25:1,1
P434XUB7SI,112.899,26.4839,0,0,0,0,14-3-30 20:27:2,1
P434XUB7SI,112.899,26.4839,0,0,0,0,14-3-30 20:29:3,1
P434XUB7SI,112.899,26.4839,0,0,0,0,14-3-30 20:31:4,1
P434XUB7SI,112.899,26.4839,0,0,0,0,14-3-30 20:33:5,1
P434XUB7SI,112.899,26.4839,0,0,0,0,14-3-30 20:35:6,1
P434XUB7SI,112.899,26.4839,0,0,0,0,14-3-30 20:37:7,1
P434XUB7SI,112.899,26.4839,0,0,0,0,14-3-30 20:39:8,1
P434XUB7SI,112.899,26.4839,0,0,0,0,14-3-30 20:41:9,1
P434XUB7SI,112.899,26.4839,0,0,0,0,14-3-30 20:43:10,1
P434XUB7SI,112.899,26.4839,0,0,0,0,14-3-30 20:45:11,1
P434XUB7SI,112.899,26.4839,0,0,0,0,14-3-30 20:47:12,1
P434XUB7SI,112.899,26.4839,0,0,0,0,14-3-30 20:49:13,1
P434XUB7SI,112.899,26.4839,0,0,0,0,14-3-30 20:51:14,1
P434XUB7SI,112.899,26.4839,0,0,0,0,14-3-30 20:53:15,1
P434XUB7SI,112.899,26.4839,0,0,0,0,14-3-30 20:55:16,1
P434XUB7SI,112.896,26.4651,0,0,0,0,14-3-30 20:57:17,1
P434XUB7SI,112.892,26.4337,0,0,0,0,14-3-30 20:59:18,1
P434XUB7SI,112.893,26.425,0,0,0,0,14-3-30 21:1:19,1
P434XUB7SI,112.88,26.3898,0,0,0,0,14-3-30 21:3:20,1
P434XUB7SI,112.879,26.3842,0,0,0,0,14-3-30 21:5:21,1
P434XUB7SI,112.879,26.3842,0,0,0,0,14-3-30 21:7:23,1
P434XUB7SI,112.879,26.3617,0,0,0,0,14-3-30 21:9:24,1
P434XUB7SI,112.879,26.3617,0,0,0,0,14-3-30 21:11:25,0
P434XUB7SI,112.879,26.3617,0,0,0,0,14-3-30 21:13:26,0
P434XUB7SI,112.871,26.2867,0,0,0,0,14-3-30 21:15:27,1
P434XUB7SI,112.868,26.2725,0,0,0,0,14-3-30 21:17:28,1
P434XUB7SI,112.87,26.2529,0,0,0,0,14-3-30 21:19:29,1
P434XUB7SI,112.873,26.2348,0,0,0,0,14-3-30 21:21:30,1
P434XUB7SI,112.87,26.2112,0,0,0,0,14-3-30 21:23:31,1
P434XUB7SI,112.87,26.1876,0,0,0,0,14-3-30 21:25:32,1
P434XUB7SI,112.892,26.1704,0,0,0,0,14-3-30 21:27:33,1
P434XUB7SI,112.908,26.1462,0,0,0,0,14-3-30 21:29:34,1
P434XUB7SI,112.908,26.1462,0,0,0,0,14-3-30 21:31:36,1
P434XUB7SI,112.914,26.1314,0,0,0,0,14-3-30 21:33:37,1
P434XUB7SI,112.928,26.1033,0,0,0,0,14-3-30 21:35:38,1
P434XUB7SI,112.943,26.0911,0,0,0,0,14-3-30 21:37:39,1
P434XUB7SI,112.951,26.0856,0,0,0,0,14-3-30 21:39:40,1
P434XUB7SI,112.976,26.065,0,0,0,0,14-3-30 21:41:41,1
P434XUB7SI,112.999,26.0482,0,0,0,0,14-3-30 21:43:42,1
P434XUB7SI,113.014,26.0501,0,0,0,0,14-3-30 21:45:43,1
P434XUB7SI,113.02,26.0273,0,0,0,0,14-3-30 21:47:44,1
P434XUB7SI,113.03,26.0107,0,0,0,0,14-3-30 21:49:45,1
P434XUB7SI,113.036,25.9898,0,0,0,0,14-3-30 21:51:46,1
P434XUB7SI,113.045,25.9681,0,0,0,0,14-3-30 21:53:47,1
P434XUB7SI,113.05,25.9657,0,0,0,0,14-3-30 21:55:48,1
P434XUB7SI,113.066,25.9333,0,0,0,0,14-3-30 21:57:49,1
P434XUB7SI,113.069,25.9153,0,0,0,0,14-3-30 21:59:50,1
P434XUB7SI,113.074,25.9023,0,0,0,0,14-3-30 22:1:51,1
P434XUB7SI,113.077,25.8778,0,0,0,0,14-3-30 22:3:52,1
P434XUB7SI,113.079,25.8485,0,0,0,0,14-3-30 22:5:53,1
P434XUB7SI,113.079,25.8485,0,0,0,0,14-3-30 22:7:55,1
P434XUB7SI,113.082,25.8283,0,0,0,0,14-3-30 22:9:56,1
P434XUB7SI,113.081,25.8144,0,0,0,0,14-3-30 22:11:57,1
P434XUB7SI,113.071,25.7926,0,0,0,0,14-3-30 22:13:58,1
P434XUB7SI,113.06,25.775,0,0,0,0,14-3-30 22:15:59,1
P434XUB7SI,113.055,25.7605,0,0,0,0,14-3-30 22:18:0,1
P434XUB7SI,113.055,25.7605,0,0,0,0,14-3-30 22:20:1,0
P434XUB7SI,113.055,25.7605,0,0,0,0,14-3-30 22:22:2,0
P434XUB7SI,113.055,25.7605,0,0,0,0,14-3-30 22:24:3,0
P434XUB7SI,113.055,25.7605,0,0,0,0,14-3-30 22:26:4,0
P434XUB7SI,113.055,25.7605,0,0,0,0,14-3-30 22:28:5,0
P434XUB7SI,113.055,25.7605,0,0,0,0,14-3-30 22:30:6,0
P434XUB7SI,113.055,25.7605,0,0,0,0,14-3-30 22:32:7,0
P434XUB7SI,113.055,25.7605,0,0,0,0,14-3-30 22:34:8,0
P434XUB7SI,113.055,25.7605,0,0,0,0,14-3-30 22:36:9,0
P434XUB7SI,113.038,25.5642,0,0,0,0,14-3-30 22:38:10,1
P434XUB7SI,113.038,25.5642,0,0,0,0,14-3-30 22:49:9,0
P434XUB7SI,113.038,25.5642,0,0,0,0,14-3-30 22:51:10,0
P434XUB7SI,113.038,25.5642,0,0,0,0,14-3-30 22:53:11,0
P434XUB7SI,113.038,25.5642,0,0,0,0,14-3-30 22:55:12,0
P434XUB7SI,113.038,25.5642,0,0,0,0,14-3-30 22:57:13,0
P434XUB7SI,113.038,25.5642,0,0,0,0,14-3-30 22:59:14,0
P434XUB7SI,113.038,25.5642,0,0,0,0,14-3-30 23:1:15,0
P434XUB7SI,113.038,25.5642,0,0,0,0,14-3-30 23:3:16,0
P434XUB7SI,113.038,25.5642,0,0,0,0,14-3-30 23:5:17,0
P434XUB7SI,113.038,25.5642,0,0,0,0,14-3-30 23:7:18,0
P434XUB7SI,113.038,25.5642,0,0,0,0,14-3-30 23:9:19,0
P434XUB7SI,113.038,25.5642,0,0,0,0,14-3-30 23:11:20,0
P434XUB7SI,113.038,25.5642,0,0,0,0,14-3-30 23:13:21,0
P434XUB7SI,113.038,25.5642,0,0,0,0,14-3-30 23:15:22,0
P434XUB7SI,113.038,25.5642,0,0,0,0,14-3-30 23:17:23,0
P434XUB7SI,113.038,25.5642,0,0,0,0,14-3-30 23:19:24,0
P434XUB7SI,113.038,25.5642,0,0,0,0,14-3-30 23:21:25,0
P434XUB7SI,113.038,25.5642,0,0,0,0,14-3-30 23:23:26,0
P434XUB7SI,113.038,25.5642,0,0,0,0,14-3-30 23:25:27,0
P434XUB7SI,113.038,25.5642,0,0,0,0,14-3-30 23:27:28,0
P434XUB7SI,113.038,25.5642,0,0,0,0,14-3-30 23:29:29,0
P434XUB7SI,113.038,25.5642,0,0,0,0,14-3-30 23:31:31,0
P434XUB7SI,113.038,25.5642,0,0,0,0,14-3-30 23:33:32,0
P434XUB7SI,113.038,25.5642,0,0,0,0,14-3-30 23:35:33,0
P434XUB7SI,113.038,25.5642,0,0,0,0,14-3-30 23:37:34,0
P434XUB7SI,113.038,25.5642,0,0,0,0,14-3-30 23:39:35,0
P434XUB7SI,113.038,25.5642,0,0,0,0,14-3-30 23:41:36,0
P434XUB7SI,113.038,25.5642,0,0,0,0,14-3-30 23:43:37,0
P434XUB7SI,113.038,25.5642,0,0,0,0,14-3-30 23:45:38,0
P434XUB7SI,113.038,25.5642,0,0,0,0,14-3-30 23:47:39,0
P434XUB7SI,113.038,25.5642,0,0,0,0,14-3-30 23:49:40,0
P434XUB7SI,113.038,25.5642,0,0,0,0,14-3-30 23:51:41,0
P434XUB7SI,113.038,25.5642,0,0,0,0,14-3-30 23:53:42,0
P434XUB7SI,113.038,25.5642,0,0,0,0,14-3-30 23:55:43,0
P434XUB7SI,113.038,25.5642,0,0,0,0,14-3-30 23:57:44,0
P434XUB7SI,113.038,25.5642,0,0,0,0,14-3-30 23:59:45,0
P434XUB7SI,113.038,25.5642,0,0,0,0,14-3-31 0:1:46,0
P434XUB7SI,113.038,25.5642,0,0,0,0,14-3-31 0:3:47,0
P434XUB7SI,113.038,25.5642,0,0,0,0,14-3-31 0:5:48,0
P434XUB7SI,113.038,25.5642,0,0,0,0,14-3-31 0:7:50,0
P434XUB7SI,113.038,25.5642,0,0,0,0,14-3-31 0:9:51,0
P434XUB7SI,113.038,25.5642,0,0,0,0,14-3-31 0:11:52,0
P434XUB7SI,113.038,25.5642,0,0,0,0,14-3-31 0:13:53,0
P434XUB7SI,113.038,25.5642,0,0,0,0,14-3-31 0:15:54,0
P434XUB7SI,113.038,25.5642,0,0,0,0,14-3-31 0:17:55,0
P434XUB7SI,113.038,25.5642,0,0,0,0,14-3-31 0:19:56,0
P434XUB7SI,113.038,25.5642,0,0,0,0,14-3-31 0:21:57,0
P434XUB7SI,113.038,25.5642,0,0,0,0,14-3-31 0:23:58,0
P434XUB7SI,113.038,25.5642,0,0,0,0,14-3-31 0:25:59,0
P434XUB7SI,113.038,25.5642,0,0,0,0,14-3-31 0:28:0,0
P434XUB7SI,113.038,25.5642,0,0,0,0,14-3-31 0:30:1,0
P434XUB7SI,113.038,25.5642,0,0,0,0,14-3-31 0:32:2,0
P434XUB7SI,113.038,25.5642,0,0,0,0,14-3-31 0:34:3,0
P434XUB7SI,112.953,25.3341,0,0,0,0,14-3-31 0:36:4,1
P434XUB7SI,112.958,25.3242,0,0,0,0,14-3-31 0:38:5,1
P434XUB7SI,112.958,25.3242,0,0,0,0,14-3-31 0:40:6,0
P434XUB7SI,112.958,25.3242,0,0,0,0,14-3-31 0:42:7,0
P434XUB7SI,112.958,25.3242,0,0,0,0,14-3-31 0:44:8,0
P434XUB7SI,112.958,25.3242,0,0,0,0,14-3-31 0:46:9,0
P434XUB7SI,112.958,25.3242,0,0,0,0,14-3-31 0:48:10,0
P434XUB7SI,113.066,25.2495,0,0,0,0,14-3-31 0:50:11,1
P434XUB7SI,113.069,25.2274,0,0,0,0,14-3-31 0:52:12,1
P434XUB7SI,113.069,25.2274,0,0,0,0,14-3-31 0:54:13,0
P434XUB7SI,113.069,25.2274,0,0,0,0,14-3-31 0:56:14,0
P434XUB7SI,113.069,25.2274,0,0,0,0,14-3-31 0:58:15,0
P434XUB7SI,113.069,25.2274,0,0,0,0,14-3-31 1:0:16,0
P434XUB7SI,113.069,25.2274,0,0,0,0,14-3-31 1:2:17,0
P434XUB7SI,113.069,25.2274,0,0,0,0,14-3-31 1:4:18,0
P434XUB7SI,113.069,25.2274,0,0,0,0,14-3-31 1:6:19,0
P434XUB7SI,113.069,25.2274,0,0,0,0,14-3-31 1:8:21,0
P434XUB7SI,113.069,25.2274,0,0,0,0,14-3-31 1:10:22,0
P434XUB7SI,113.069,25.2274,0,0,0,0,14-3-31 1:12:23,0
P434XUB7SI,113.069,25.2274,0,0,0,0,14-3-31 1:14:24,0
P434XUB7SI,113.069,25.2274,0,0,0,0,14-3-31 1:16:25,0
P434XUB7SI,113.069,25.2274,0,0,0,0,14-3-31 1:18:26,0
P434XUB7SI,113.069,25.2274,0,0,0,0,14-3-31 1:20:27,0
P434XUB7SI,113.069,25.2274,0,0,0,0,14-3-31 1:22:28,0
P434XUB7SI,113.069,25.2274,0,0,0,0,14-3-31 1:24:29,0
P434XUB7SI,113.069,25.2274,0,0,0,0,14-3-31 1:26:30,0
P434XUB7SI,113.069,25.2274,0,0,0,0,14-3-31 1:28:31,0
P434XUB7SI,113.069,25.2274,0,0,0,0,14-3-31 1:30:32,0
P434XUB7SI,113.069,25.2274,0,0,0,0,14-3-31 1:32:33,0
P434XUB7SI,113.069,25.2274,0,0,0,0,14-3-31 1:34:34,0
P434XUB7SI,113.069,25.2274,0,0,0,0,14-3-31 1:36:35,0
P434XUB7SI,113.069,25.2274,0,0,0,0,14-3-31 1:38:36,0
P434XUB7SI,113.069,25.2274,0,0,0,0,14-3-31 1:40:37,0
P434XUB7SI,113.069,25.2274,0,0,0,0,14-3-31 1:42:38,0
P434XUB7SI,113.069,25.2274,0,0,0,0,14-3-31 1:44:39,0
P434XUB7SI,113.069,25.2274,0,0,0,0,14-3-31 1:46:40,0
P434XUB7SI,113.069,25.2274,0,0,0,0,14-3-31 1:48:41,0
P434XUB7SI,113.069,25.2274,0,0,0,0,14-3-31 1:50:42,0
P434XUB7SI,113.069,25.2274,0,0,0,0,14-3-31 1:52:43,0
P434XUB7SI,113.069,25.2274,0,0,0,0,14-3-31 1:54:44,0
P434XUB7SI,113.069,25.2274,0,0,0,0,14-3-31 1:56:45,0
P434XUB7SI,113.137,25.0466,0,0,0,0,14-3-31 1:58:46,1
P434XUB7SI,113.137,25.0466,0,0,0,0,14-3-31 2:0:47,0
P434XUB7SI,113.139,25.0018,0,0,0,0,14-3-31 2:2:48,1
P434XUB7SI,113.136,24.9834,0,0,0,0,14-3-31 2:4:49,1
P434XUB7SI,113.136,24.9665,0,0,0,0,14-3-31 2:6:50,1
P434XUB7SI,113.136,24.9665,0,0,0,0,14-3-31 2:8:51,0
P434XUB7SI,113.147,24.9417,0,0,0,0,14-3-31 2:10:52,1
P434XUB7SI,113.147,24.9417,0,0,0,0,14-3-31 2:12:53,0
P434XUB7SI,113.18,24.9258,0,0,0,0,14-3-31 2:14:54,1
P434XUB7SI,113.194,24.9152,0,0,0,0,14-3-31 2:16:55,1
P434XUB7SI,113.203,24.9038,0,0,0,0,14-3-31 2:18:56,1
P434XUB7SI,113.203,24.8828,0,0,0,0,14-3-31 2:20:57,1
P434XUB7SI,113.196,24.8609,0,0,0,0,14-3-31 2:22:59,1
P434XUB7SI,113.191,24.8461,0,0,0,0,14-3-31 2:25:0,1
P434XUB7SI,113.186,24.8263,0,0,0,0,14-3-31 2:27:1,1
P434XUB7SI,113.191,24.8126,0,0,0,0,14-3-31 2:29:2,1
P434XUB7SI,113.191,24.8126,0,0,0,0,14-3-31 2:31:3,0
P434XUB7SI,113.191,24.8126,0,0,0,0,14-3-31 2:33:4,0
P434XUB7SI,113.191,24.8126,0,0,0,0,14-3-31 2:35:5,0
P434XUB7SI,113.191,24.8126,0,0,0,0,14-3-31 2:37:6,0
P434XUB7SI,113.191,24.8126,0,0,0,0,14-3-31 2:39:7,0
P434XUB7SI,113.28,24.7872,0,0,0,0,14-3-31 2:41:8,1
P434XUB7SI,113.303,24.7823,0,0,0,0,14-3-31 2:43:9,1
P434XUB7SI,113.325,24.7762,0,0,0,0,14-3-31 2:45:11,1
P434XUB7SI,113.325,24.7762,0,0,0,0,14-3-31 2:47:11,0
P434XUB7SI,113.38,24.7509,0,0,0,0,14-3-31 2:49:12,1
P434XUB7SI,113.391,24.7443,0,0,0,0,14-3-31 2:51:13,1
P434XUB7SI,113.391,24.7443,0,0,0,0,14-3-31 2:53:14,1
P434XUB7SI,113.391,24.7443,0,0,0,0,14-3-31 2:55:15,1
P434XUB7SI,113.391,24.7443,0,0,0,0,14-3-31 2:57:16,1
P434XUB7SI,113.391,24.7443,0,0,0,0,14-3-31 2:59:17,1
P434XUB7SI,113.391,24.7443,0,0,0,0,14-3-31 3:1:18,1
P434XUB7SI,113.391,24.7443,0,0,0,0,14-3-31 3:3:19,1
P434XUB7SI,113.391,24.7443,0,0,0,0,14-3-31 3:5:20,1
P434XUB7SI,113.391,24.7443,0,0,0,0,14-3-31 3:7:22,1
P434XUB7SI,113.391,24.7443,0,0,0,0,14-3-31 3:9:23,1
P434XUB7SI,113.391,24.7443,0,0,0,0,14-3-31 3:11:24,1
P434XUB7SI,113.391,24.7443,0,0,0,0,14-3-31 3:13:25,1
P434XUB7SI,113.391,24.7443,0,0,0,0,14-3-31 3:15:26,1
P434XUB7SI,113.412,24.7474,0,0,0,0,14-3-31 3:17:27,1
P434XUB7SI,113.429,24.7498,0,0,0,0,14-3-31 3:19:28,1
P434XUB7SI,113.429,24.7498,0,0,0,0,14-3-31 3:21:29,1
P434XUB7SI,113.465,24.7509,0,0,0,0,14-3-31 3:23:30,1
P434XUB7SI,113.484,24.7472,0,0,0,0,14-3-31 3:25:31,1
P434XUB7SI,113.484,24.7472,0,0,0,0,14-3-31 3:27:32,0
P434XUB7SI,113.484,24.7472,0,0,0,0,14-3-31 3:29:33,0
P434XUB7SI,113.541,24.7006,0,0,0,0,14-3-31 3:31:34,1
P434XUB7SI,113.546,24.6862,0,0,0,0,14-3-31 3:33:35,1
P434XUB7SI,113.546,24.6862,0,0,0,0,14-3-31 3:35:36,0
P434XUB7SI,113.592,24.6429,0,0,0,0,14-3-31 3:37:37,1
P434XUB7SI,113.59,24.6447,0,0,0,0,14-3-31 3:39:38,1
P434XUB7SI,113.607,24.6389,0,0,0,0,14-3-31 3:41:39,1
P434XUB7SI,113.63,24.6384,0,0,0,0,14-3-31 3:43:40,1
P434XUB7SI,113.65,24.6259,0,0,0,0,14-3-31 3:45:41,1
P434XUB7SI,113.651,24.608,0,0,0,0,14-3-31 3:47:42,1
P434XUB7SI,113.658,24.5926,0,0,0,0,14-3-31 3:49:43,1
P434XUB7SI,113.664,24.5856,0,0,0,0,14-3-31 3:51:44,1
P434XUB7SI,113.664,24.5856,0,0,0,0,14-3-31 3:53:45,1
P434XUB7SI,113.678,24.5702,0,0,0,0,14-3-31 3:55:46,1
P434XUB7SI,113.678,24.5702,0,0,0,0,14-3-31 3:57:47,0
P434XUB7SI,113.693,24.533,0,0,0,0,14-3-31 3:59:48,1
P434XUB7SI,113.72,24.5124,0,0,0,0,14-3-31 4:1:49,1
P434XUB7SI,113.72,24.5124,0,0,0,0,14-3-31 4:3:50,1
P434XUB7SI,113.736,24.5033,0,0,0,0,14-3-31 4:5:51,1
P434XUB7SI,113.768,24.4901,0,0,0,0,14-3-31 4:7:52,1
P434XUB7SI,113.768,24.4901,0,0,0,0,14-3-31 4:9:53,1
P434XUB7SI,113.806,24.4621,0,0,0,0,14-3-31 4:11:54,1
P434XUB7SI,113.792,24.4664,0,0,0,0,14-3-31 4:13:55,1
P434XUB7SI,113.783,24.4311,0,0,0,0,14-3-31 4:15:56,1
P434XUB7SI,113.779,24.4233,0,0,0,0,14-3-31 4:17:57,1
P434XUB7SI,113.779,24.4233,0,0,0,0,14-3-31 4:19:58,0
P434XUB7SI,113.779,24.4233,0,0,0,0,14-3-31 4:21:59,0
P434XUB7SI,113.779,24.4233,0,0,0,0,14-3-31 4:24:0,0
P434XUB7SI,113.779,24.4233,0,0,0,0,14-3-31 4:26:1,0
P434XUB7SI,113.779,24.4233,0,0,0,0,14-3-31 4:28:2,0
P434XUB7SI,113.779,24.4233,0,0,0,0,14-3-31 4:30:3,0
P434XUB7SI,113.779,24.4233,0,0,0,0,14-3-31 4:32:4,0
P434XUB7SI,113.779,24.4233,0,0,0,0,14-3-31 4:34:5,0
P434XUB7SI,113.779,24.4233,0,0,0,0,14-3-31 4:36:6,0
P434XUB7SI,113.779,24.4233,0,0,0,0,14-3-31 4:38:7,0
P434XUB7SI,113.779,24.4233,0,0,0,0,14-3-31 4:40:8,0
P434XUB7SI,113.779,24.4233,0,0,0,0,14-3-31 4:42:9,0
P434XUB7SI,113.779,24.4233,0,0,0,0,14-3-31 4:44:10,0
P434XUB7SI,113.779,24.4233,0,0,0,0,14-3-31 4:46:11,0
P434XUB7SI,113.779,24.4233,0,0,0,0,14-3-31 4:48:12,0
P434XUB7SI,113.779,24.4233,0,0,0,0,14-3-31 4:50:13,0
P434XUB7SI,113.779,24.4233,0,0,0,0,14-3-31 4:52:14,0
P434XUB7SI,113.779,24.4233,0,0,0,0,14-3-31 4:54:15,0
P434XUB7SI,113.779,24.4233,0,0,0,0,14-3-31 4:56:16,0
P434XUB7SI,113.779,24.4233,0,0,0,0,14-3-31 4:58:17,0
P434XUB7SI,113.779,24.4233,0,0,0,0,14-3-31 5:0:18,0
P434XUB7SI,113.779,24.4233,0,0,0,0,14-3-31 5:2:19,0
P434XUB7SI,113.779,24.4233,0,0,0,0,14-3-31 5:4:20,0
P434XUB7SI,113.779,24.4233,0,0,0,0,14-3-31 5:6:21,0
P434XUB7SI,113.598,23.9978,0,0,0,0,14-3-31 5:8:23,1
P434XUB7SI,113.6,23.9854,0,0,0,0,14-3-31 5:10:24,1
P434XUB7SI,113.608,23.9581,0,0,0,0,14-3-31 5:12:25,1
P434XUB7SI,113.594,23.9368,0,0,0,0,14-3-31 5:14:26,1
P434XUB7SI,113.587,23.9133,0,0,0,0,14-3-31 5:16:27,1
P434XUB7SI,113.589,23.9031,0,0,0,0,14-3-31 5:18:28,1
P434XUB7SI,113.578,23.8721,0,0,0,0,14-3-31 5:20:29,1
P434XUB7SI,113.564,23.8671,0,0,0,0,14-3-31 5:22:30,1
P434XUB7SI,113.564,23.8671,0,0,0,0,14-3-31 5:24:31,0
P434XUB7SI,113.527,23.8534,0,0,0,0,14-3-31 5:26:32,1
P434XUB7SI,113.512,23.841,0,0,0,0,14-3-31 5:28:33,1
P434XUB7SI,113.509,23.8366,0,0,0,0,14-3-31 5:30:34,1
P434XUB7SI,113.509,23.8366,0,0,0,0,14-3-31 5:32:35,0
P434XUB7SI,113.509,23.8366,0,0,0,0,14-3-31 5:34:36,0
P434XUB7SI,113.509,23.8366,0,0,0,0,14-3-31 5:36:37,0
P434XUB7SI,113.509,23.8366,0,0,0,0,14-3-31 5:38:38,0
P434XUB7SI,113.509,23.8366,0,0,0,0,14-3-31 5:40:39,0
P434XUB7SI,113.509,23.8366,0,0,0,0,14-3-31 5:42:40,0
P434XUB7SI,113.509,23.8366,0,0,0,0,14-3-31 5:44:41,0
P434XUB7SI,113.509,23.8366,0,0,0,0,14-3-31 5:46:42,0
P434XUB7SI,113.451,23.6898,0,0,0,0,14-3-31 5:48:43,1
P434XUB7SI,113.453,23.6583,0,0,0,0,14-3-31 5:50:44,1
P434XUB7SI,113.453,23.6583,0,0,0,0,14-3-31 5:52:45,1
P434XUB7SI,113.453,23.6583,0,0,0,0,14-3-31 5:54:46,0
P434XUB7SI,113.46,23.6007,0,0,0,0,14-3-31 5:56:47,1
P434XUB7SI,113.462,23.5927,0,0,0,0,14-3-31 5:58:48,1
P434XUB7SI,113.464,23.5597,0,0,0,0,14-3-31 6:0:49,1
P434XUB7SI,113.464,23.5597,0,0,0,0,14-3-31 6:2:50,0
P434XUB7SI,113.464,23.5597,0,0,0,0,14-3-31 6:4:7,0
P434XUB7SI,113.455,23.5119,0,0,0,0,14-3-31 6:8:10,1
P434XUB7SI,113.447,23.489,0,0,0,0,14-3-31 6:10:9,1
P434XUB7SI,113.447,23.489,0,0,0,0,14-3-31 6:12:10,1
P434XUB7SI,113.447,23.489,0,0,0,0,14-3-31 6:14:12,0
P434XUB7SI,113.416,23.3745,0,0,0,0,14-3-31 6:22:32,1
P434XUB7SI,113.41,23.3601,0,0,0,0,14-3-31 6:24:33,1
P434XUB7SI,113.41,23.3601,0,0,0,0,14-3-31 6:26:35,0
P434XUB7SI,113.41,23.3601,0,0,0,0,14-3-31 6:28:36,0
P434XUB7SI,113.41,23.3601,0,0,0,0,14-3-31 6:30:37,0
P434XUB7SI,113.41,23.3601,0,0,0,0,14-3-31 6:32:38,0
P434XUB7SI,113.41,23.3601,0,0,0,0,14-3-31 6:34:39,0
P434XUB7SI,113.41,23.3601,0,0,0,0,14-3-31 6:36:40,0
P434XUB7SI,113.41,23.3601,0,0,0,0,14-3-31 6:38:41,0
P434XUB7SI,113.41,23.3601,0,0,0,0,14-3-31 6:40:42,0
P434XUB7SI,113.41,23.3601,0,0,0,0,14-3-31 6:42:43,0
P434XUB7SI,113.41,23.3601,0,0,0,0,14-3-31 6:44:44,0
P434XUB7SI,113.41,23.3601,0,0,0,0,14-3-31 6:46:45,0
P434XUB7SI,113.41,23.3601,0,0,0,0,14-3-31 6:48:46,0
P434XUB7SI,113.388,23.3359,0,0,0,0,14-3-31 6:50:47,1
P434XUB7SI,113.381,23.3264,0,0,0,0,14-3-31 6:52:48,1
P434XUB7SI,113.381,23.3264,0,0,0,0,14-3-31 6:54:49,0
P434XUB7SI,113.364,23.2946,0,0,0,0,14-3-31 6:56:50,1
P434XUB7SI,113.362,23.2787,0,0,0,0,14-3-31 6:58:51,1
P434XUB7SI,113.371,23.277,0,0,0,0,14-3-31 7:0:52,1
P434XUB7SI,113.382,23.2758,0,0,0,0,14-3-31 7:2:53,1
P434XUB7SI,113.404,23.2678,0,0,0,0,14-3-31 7:4:54,1
P434XUB7SI,113.41,23.263,0,0,0,0,14-3-31 7:6:55,1
P434XUB7SI,113.41,23.263,0,0,0,0,14-3-31 7:8:55,1
P434XUB7SI,113.486,23.1818,0,0,0,0,14-3-31 7:18:11,1
P434XUB7SI,113.489,23.1714,0,0,0,0,14-3-31 7:20:12,1
P434XUB7SI,113.485,23.1545,0,0,0,0,14-3-31 7:22:14,1
P434XUB7SI,113.489,23.1503,0,0,0,0,14-3-31 7:24:15,1
P434XUB7SI,113.498,23.1341,0,0,0,0,14-3-31 7:26:16,1
P434XUB7SI,113.5,23.1215,0,0,0,0,14-3-31 7:28:17,1
P434XUB7SI,113.5,23.1215,0,0,0,0,14-3-31 7:30:18,0
P434XUB7SI,113.5,23.1215,0,0,0,0,14-3-31 7:32:19,0
P434XUB7SI,113.507,23.1169,0,0,0,0,14-3-31 7:34:20,1
P434XUB7SI,113.507,23.1169,0,0,0,0,14-3-31 7:36:21,1
P434XUB7SI,113.507,23.1169,0,0,0,0,14-3-31 7:38:22,1
P434XUB7SI,113.507,23.1169,0,0,0,0,14-3-31 7:40:23,1
P434XUB7SI,113.507,23.1169,0,0,0,0,14-3-31 7:44:26,1
P434XUB7SI,113.507,23.1169,0,0,0,0,14-3-31 7:46:26,1
P434XUB7SI,113.507,23.1169,0,0,0,0,14-3-31 7:48:27,1
P434XUB7SI,113.507,23.1169,0,0,0,0,14-3-31 7:50:28,1
P434XUB7SI,113.507,23.1169,0,0,0,0,14-3-31 8:8:38,1
P434XUB7SI,113.507,23.1169,0,0,0,0,14-3-31 8:17:13,1
P434XUB7SI,113.507,23.1169,0,0,0,0,14-3-31 8:21:15,1
P434XUB7SI,113.507,23.1169,0,0,0,0,14-3-31 8:39:25,1
P434XUB7SI,113.507,23.1169,0,0,0,0,14-3-31 8:45:28,1
P434XUB7SI,113.507,23.1169,0,0,0,0,14-3-31 8:47:29,1
P434XUB7SI,113.507,23.1169,0,0,0,0,14-3-31 8:57:34,1
P434XUB7SI,113.507,23.1169,0,0,0,0,14-3-31 9:1:36,1
P434XUB7SI,113.507,23.1169,0,0,0,0,14-3-31 9:15:44,1
P434XUB7SI,113.507,23.1169,0,0,0,0,14-3-31 9:17:44,1
P434XUB7SI,113.507,23.1169,0,0,0,0,14-3-31 9:23:48,1
P434XUB7SI,113.507,23.1169,0,0,0,0,14-3-31 9:31:52,1
P434XUB7SI,113.507,23.1169,0,0,0,0,14-3-31 9:33:52,1
P434XUB7SI,113.507,23.1169,0,0,0,0,14-3-31 9:48:0,1
P434XUB7SI,113.507,23.1169,0,0,0,0,14-3-31 9:52:2,1
P434XUB7SI,113.507,23.1169,0,0,0,0,14-3-31 9:54:2,1
P434XUB7SI,113.507,23.1169,0,0,0,0,14-3-31 9:56:3,1
P434XUB7SI,113.507,23.1169,0,0,0,0,14-3-31 10:8:10,1
P434XUB7SI,113.507,23.1169,0,0,0,0,14-3-31 10:10:11,1
P434XUB7SI,113.507,23.1169,0,0,0,0,14-3-31 10:16:14,1
P434XUB7SI,113.507,23.1169,0,0,0,0,14-3-31 10:24:18,1
P434XUB7SI,113.507,23.1169,0,0,0,0,14-3-31 10:32:22,1
P434XUB7SI,113.507,23.1169,0,0,0,0,14-3-31 10:40:26,1
P434XUB7SI,113.507,23.1169,0,0,0,0,14-3-31 10:42:26,1
P434XUB7SI,113.507,23.1169,0,0,0,0,14-3-31 10:48:30,1
P434XUB7SI,113.507,23.1169,0,0,0,0,14-3-31 10:56:34,1
P434XUB7SI,113.507,23.1169,0,0,0,0,14-3-31 11:0:36,1
P434XUB7SI,113.507,23.1169,0,0,0,0,14-3-31 11:10:41,1
P434XUB7SI,113.507,23.1169,0,0,0,0,14-3-31 11:16:44,1
P434XUB7SI,113.507,23.1169,0,0,0,0,14-3-31 11:22:48,1
P434XUB7SI,113.507,23.1169,0,0,0,0,14-3-31 11:26:50,1
P434XUB7SI,113.507,23.1169,0,0,0,0,14-3-31 11:30:52,1
P434XUB7SI,113.507,23.1169,0,0,0,0,14-3-31 11:47:0,1
P434XUB7SI,113.507,23.1169,0,0,0,0,14-3-31 11:57:35,1
P434XUB7SI,113.507,23.1169,0,0,0,0,14-3-31 12:1:38,1
P434XUB7SI,113.509,23.1099,0,0,0,0,14-3-31 12:5:41,1
P434XUB7SI,113.509,23.1099,0,0,0,0,14-3-31 12:7:41,1
P434XUB7SI,113.513,23.0993,0,0,0,0,14-3-31 12:9:41,1
P434XUB7SI,113.515,23.0898,0,0,0,0,14-3-31 12:11:42,1
P434XUB7SI,113.511,23.0852,0,0,0,0,14-3-31 12:15:45,1
P434XUB7SI,113.506,23.0855,0,0,0,0,14-3-31 12:17:45,1
P434XUB7SI,113.484,23.0899,0,0,0,0,14-3-31 12:21:48,1
P434XUB7SI,113.477,23.0947,0,0,0,0,14-3-31 12:23:48,1
P434XUB7SI,113.48,23.0967,0,0,0,0,14-3-31 12:25:49,1
P434XUB7SI,113.48,23.0967,0,0,0,0,14-3-31 12:27:50,0
P434XUB7SI,113.48,23.0967,0,0,0,0,14-3-31 12:29:51,0
P434XUB7SI,113.475,23.0988,0,0,0,0,14-3-31 12:31:52,1
P434XUB7SI,113.475,23.0988,0,0,0,0,14-3-31 12:33:53,1
P434XUB7SI,113.475,23.0988,0,0,0,0,14-3-31 12:35:54,1
P434XUB7SI,113.475,23.0988,0,0,0,0,14-3-31 12:37:55,1
P434XUB7SI,113.475,23.0988,0,0,0,0,14-3-31 12:39:56,0
P434XUB7SI,113.475,23.0988,0,0,0,0,14-3-31 12:41:57,0
P434XUB7SI,113.475,23.0988,0,0,0,0,14-3-31 12:43:58,0
P434XUB7SI,113.475,23.0988,0,0,0,0,14-3-31 12:48:1,0
P434XUB7SI,113.475,23.0988,0,0,0,0,14-3-31 12:50:1,0
P434XUB7SI,113.475,23.0988,0,0,0,0,14-3-31 12:52:2,0
P434XUB7SI,113.475,23.0988,0,0,0,0,14-3-31 12:54:3,0
P434XUB7SI,113.475,23.0988,0,0,0,0,14-3-31 12:56:4,0
P434XUB7SI,113.475,23.0988,0,0,0,0,14-3-31 12:58:5,0
P434XUB7SI,113.475,23.0988,0,0,0,0,14-3-31 13:0:6,0
P434XUB7SI,113.475,23.0988,0,0,0,0,14-3-31 13:2:7,0
P434XUB7SI,113.475,23.0988,0,0,0,0,14-3-31 13:4:8,0
P434XUB7SI,113.475,23.0988,0,0,0,0,14-3-31 13:6:9,0
P434XUB7SI,113.475,23.0988,0,0,0,0,14-3-31 13:8:12,0
P434XUB7SI,113.475,23.0988,0,0,0,0,14-3-31 13:10:13,0
P434XUB7SI,113.475,23.0988,0,0,0,0,14-3-31 13:12:14,0
P434XUB7SI,113.475,23.0988,0,0,0,0,14-3-31 13:14:15,0
P434XUB7SI,113.475,23.0988,0,0,0,0,14-3-31 13:16:16,0
P434XUB7SI,113.475,23.0988,0,0,0,0,14-3-31 13:18:17,0
P434XUB7SI,113.475,23.0988,0,0,0,0,14-3-31 13:20:18,0
P434XUB7SI,113.475,23.0988,0,0,0,0,14-3-31 13:22:19,0
P434XUB7SI,113.475,23.0988,0,0,0,0,14-3-31 13:24:20,0
P434XUB7SI,113.475,23.0988,0,0,0,0,14-3-31 13:26:21,0
P434XUB7SI,113.475,23.0988,0,0,0,0,14-3-31 13:28:22,0
P434XUB7SI,113.475,23.0988,0,0,0,0,14-3-31 13:30:23,0
P434XUB7SI,113.475,23.0988,0,0,0,0,14-3-31 13:32:24,0
P434XUB7SI,113.475,23.0988,0,0,0,0,14-3-31 13:34:25,0
P434XUB7SI,113.475,23.0988,0,0,0,0,14-3-31 13:36:26,0
P434XUB7SI,113.475,23.0988,0,0,0,0,14-3-31 13:50:34,0
P434XUB7SI,113.475,23.0988,0,0,0,0,14-3-31 13:52:34,0
P434XUB7SI,113.475,23.0988,0,0,0,0,14-3-31 13:56:37,0
P434XUB7SI,113.475,23.0988,0,0,0,0,14-3-31 13:58:38,0
P434XUB7SI,113.475,23.0988,0,0,0,0,14-3-31 14:0:38,0
P434XUB7SI,113.475,23.0988,0,0,0,0,14-3-31 14:2:39,0
P434XUB7SI,113.475,23.0988,0,0,0,0,14-3-31 14:4:40,0
P434XUB7SI,113.475,23.0988,0,0,0,0,14-3-31 14:6:41,0
P434XUB7SI,113.475,23.0988,0,0,0,0,14-3-31 14:8:43,0
P434XUB7SI,113.475,23.0988,0,0,0,0,14-3-31 14:10:44,0
P434XUB7SI,113.475,23.0988,0,0,0,0,14-3-31 14:12:45,0
P434XUB7SI,113.475,23.0988,0,0,0,0,14-3-31 14:14:46,0
P434XUB7SI,113.475,23.0988,0,0,0,0,14-3-31 14:16:47,0
P434XUB7SI,113.475,23.0988,0,0,0,0,14-3-31 14:18:48,0
P434XUB7SI,113.475,23.0988,0,0,0,0,14-3-31 14:20:49,0
P434XUB7SI,113.475,23.0988,0,0,0,0,14-3-31 14:22:50,0
P434XUB7SI,113.475,23.0988,0,0,0,0,14-3-31 14:24:51,0
P434XUB7SI,113.475,23.0988,0,0,0,0,14-3-31 14:26:52,0
P434XUB7SI,113.475,23.0988,0,0,0,0,14-3-31 14:28:53,0
P434XUB7SI,113.475,23.0988,0,0,0,0,14-3-31 14:30:54,0
P434XUB7SI,113.475,23.0988,0,0,0,0,14-3-31 14:32:55,0
P434XUB7SI,113.475,23.0988,0,0,0,0,14-3-31 14:34:56,0
P434XUB7SI,113.475,23.0988,0,0,0,0,14-3-31 14:36:57,0
P434XUB7SI,113.475,23.0988,0,0,0,0,14-3-31 14:38:58,0
P434XUB7SI,113.475,23.0988,0,0,0,0,14-3-31 14:40:59,0
P434XUB7SI,113.475,23.0988,0,0,0,0,14-3-31 14:43:0,0
P434XUB7SI,113.475,23.0988,0,0,0,0,14-3-31 14:45:1,0
P434XUB7SI,113.475,23.0988,0,0,0,0,14-3-31 14:47:2,0
P434XUB7SI,113.475,23.0988,0,0,0,0,14-3-31 14:49:3,0
P434XUB7SI,113.475,23.0988,0,0,0,0,14-3-31 14:51:4,0
P434XUB7SI,113.475,23.0988,0,0,0,0,14-3-31 14:53:5,0
P434XUB7SI,113.475,23.0988,0,0,0,0,14-3-31 14:55:6,0
P434XUB7SI,113.475,23.0988,0,0,0,0,14-3-31 14:57:7,0
P434XUB7SI,113.475,23.0988,0,0,0,0,14-3-31 14:59:8,0
P434XUB7SI,113.475,23.0988,0,0,0,0,14-3-31 15:1:9,0
P434XUB7SI,113.475,23.0988,0,0,0,0,14-3-31 15:3:10,0
P434XUB7SI,113.475,23.0988,0,0,0,0,14-3-31 15:5:11,0
P434XUB7SI,113.475,23.0988,0,0,0,0,14-3-31 15:7:12,0
P434XUB7SI,113.475,23.0988,0,0,0,0,14-3-31 15:9:13,0
P434XUB7SI,113.475,23.0988,0,0,0,0,14-3-31 15:11:14,0
P434XUB7SI,113.475,23.0988,0,0,0,0,14-3-31 15:13:15,0
P434XUB7SI,113.475,23.0988,0,0,0,0,14-3-31 15:15:16,0
P434XUB7SI,113.475,23.0988,0,0,0,0,14-3-31 15:17:17,0
P434XUB7SI,113.475,23.0988,0,0,0,0,14-3-31 15:19:18,0
P434XUB7SI,113.475,23.0988,0,0,0,0,14-3-31 15:21:19,0
P434XUB7SI,113.475,23.0988,0,0,0,0,14-3-31 15:23:21,0
P434XUB7SI,113.475,23.0988,0,0,0,0,14-3-31 15:29:24,0
P434XUB7SI,113.475,23.0988,0,0,0,0,14-3-31 15:31:24,0
P434XUB7SI,113.475,23.0988,0,0,0,0,14-3-31 15:33:25,0
P434XUB7SI,113.475,23.0988,0,0,0,0,14-3-31 15:35:26,0
P434XUB7SI,113.475,23.0988,0,0,0,0,14-3-31 15:37:27,0
P434XUB7SI,113.475,23.0988,0,0,0,0,14-3-31 15:39:28,0
P434XUB7SI,113.475,23.0988,0,0,0,0,14-3-31 15:41:29,0
P434XUB7SI,113.475,23.0988,0,0,0,0,14-3-31 15:43:30,0
P434XUB7SI,113.475,23.0988,0,0,0,0,14-3-31 15:45:31,0
P434XUB7SI,113.475,23.0988,0,0,0,0,14-3-31 15:47:32,0
P434XUB7SI,113.475,23.0988,0,0,0,0,14-3-31 15:49:33,0
P434XUB7SI,113.475,23.0988,0,0,0,0,14-3-31 15:51:34,0
P434XUB7SI,113.475,23.0988,0,0,0,0,14-3-31 15:53:35,0
P434XUB7SI,113.475,23.0988,0,0,0,0,14-3-31 15:55:36,0
P434XUB7SI,113.475,23.0988,0,0,0,0,14-3-31 15:57:37,0
P434XUB7SI,113.475,23.0988,0,0,0,0,14-3-31 15:59:38,0
P434XUB7SI,113.475,23.0988,0,0,0,0,14-3-31 16:1:39,0
P434XUB7SI,113.475,23.0988,0,0,0,0,14-3-31 16:3:40,0
P434XUB7SI,113.475,23.0988,0,0,0,0,14-3-31 16:5:41,0
P434XUB7SI,113.475,23.0988,0,0,0,0,14-3-31 16:7:42,0
P434XUB7SI,113.475,23.0988,0,0,0,0,14-3-31 16:9:42,0
P434XUB7SI,113.475,23.0988,0,0,0,0,14-3-31 16:11:43,0
P434XUB7SI,113.475,23.0988,0,0,0,0,14-3-31 16:13:44,0
P434XUB7SI,113.475,23.0988,0,0,0,0,14-3-31 16:15:45,0
P434XUB7SI,113.475,23.0988,0,0,0,0,14-3-31 16:17:46,0
P434XUB7SI,113.475,23.0988,0,0,0,0,14-3-31 16:19:47,0
P434XUB7SI,113.475,23.0988,0,0,0,0,14-3-31 16:21:48,0
P434XUB7SI,113.475,23.0988,0,0,0,0,14-3-31 16:23:49,0
P434XUB7SI,113.475,23.0988,0,0,0,0,14-3-31 16:25:50,0
P434XUB7SI,113.475,23.0988,0,0,0,0,14-3-31 16:27:51,0
P434XUB7SI,113.475,23.0988,0,0,0,0,14-3-31 16:29:52,0
P434XUB7SI,113.475,23.0988,0,0,0,0,14-3-31 16:31:53,1
P434XUB7SI,113.48,23.0967,0,0,0,0,14-3-31 16:33:54,1
P434XUB7SI,113.48,23.0967,0,0,0,0,14-3-31 16:34:9,1
P434XUB7SI,113.48,23.0967,0,0,0,0,14-3-31 16:36:27,1
P434XUB7SI,113.48,23.0967,0,0,0,0,14-3-31 16:38:28,1
P434XUB7SI,113.475,23.0988,0,0,0,0,14-3-31 16:40:29,1
P434XUB7SI,113.48,23.0967,0,0,0,0,14-3-31 16:42:30,1
P434XUB7SI,113.48,23.0967,0,0,0,0,14-3-31 16:44:32,1
P434XUB7SI,113.48,23.0967,0,0,0,0,14-3-31 16:46:32,1
P434XUB7SI,113.475,23.0988,0,0,0,0,14-3-31 16:48:33,1
P434XUB7SI,113.48,23.0967,0,0,0,0,14-3-31 16:50:34,1
P434XUB7SI,113.475,23.0988,0,0,0,0,14-3-31 16:52:35,1
P434XUB7SI,113.475,23.0988,0,0,0,0,14-3-31 16:54:36,1
P434XUB7SI,113.475,23.0988,0,0,0,0,14-3-31 16:56:37,1
P434XUB7SI,113.48,23.0967,0,0,0,0,14-3-31 16:58:38,1
P434XUB7SI,113.48,23.0967,0,0,0,0,14-3-31 17:0:39,1
P434XUB7SI,113.48,23.0967,0,0,0,0,14-3-31 17:2:40,1
P434XUB7SI,113.484,23.0925,0,0,0,0,14-3-31 17:4:41,1
P434XUB7SI,113.484,23.0925,0,0,0,0,14-3-31 17:6:42,1
P434XUB7SI,113.498,23.1084,0,0,0,0,14-3-31 17:8:41,1
P434XUB7SI,113.5,23.1215,0,0,0,0,14-3-31 17:10:42,1
P434XUB7SI,113.5,23.1215,0,0,0,0,14-3-31 17:12:43,1
P434XUB7SI,113.5,23.1141,0,0,0,0,14-3-31 17:14:44,1
P434XUB7SI,113.485,23.1173,0,0,0,0,14-3-31 17:16:46,1
P434XUB7SI,113.485,23.1173,0,0,0,0,14-3-31 17:18:46,0
P434XUB7SI,113.485,23.1173,0,0,0,0,14-3-31 17:20:47,0
P434XUB7SI,113.485,23.1173,0,0,0,0,14-3-31 17:22:48,0
P434XUB7SI,113.485,23.1173,0,0,0,0,14-3-31 17:24:49,0
P434XUB7SI,113.485,23.1173,0,0,0,0,14-3-31 17:26:50,0
P434XUB7SI,113.485,23.1173,0,0,0,0,14-3-31 17:28:51,0
P434XUB7SI,113.485,23.1173,0,0,0,0,14-3-31 17:30:52,0
P434XUB7SI,113.485,23.1173,0,0,0,0,14-3-31 17:32:53,0
P434XUB7SI,113.45,23.1306,0,0,0,0,14-3-31 17:35:9,1
P434XUB7SI,113.45,23.1306,0,0,0,0,14-3-31 17:37:10,0
P434XUB7SI,113.45,23.1306,0,0,0,0,14-3-31 17:39:11,0
P434XUB7SI,113.485,23.1173,0,0,0,0,14-3-31 17:41:12,1
P434XUB7SI,113.485,23.1173,0,0,0,0,14-3-31 17:43:13,0
P434XUB7SI,113.525,23.1225,0,0,0,0,14-3-31 17:45:14,1
P434XUB7SI,113.53,23.1218,0,0,0,0,14-3-31 17:47:15,1
P434XUB7SI,113.536,23.1164,0,0,0,0,14-3-31 17:49:16,1
P434XUB7SI,113.537,23.1158,0,0,0,0,14-3-31 17:51:17,1
P434XUB7SI,113.537,23.1158,0,0,0,0,14-3-31 17:53:18,1
P434XUB7SI,113.53,23.1218,0,0,0,0,14-3-31 17:55:19,1
P434XUB7SI,113.53,23.1218,0,0,0,0,14-3-31 17:57:20,1
P434XUB7SI,113.53,23.1218,0,0,0,0,14-3-31 17:59:21,1
P434XUB7SI,113.53,23.1218,0,0,0,0,14-3-31 18:5:25,1
P434XUB7SI,113.53,23.1218,0,0,0,0,14-3-31 18:9:27,1
P434XUB7SI,113.53,23.1218,0,0,0,0,14-3-31 18:10:20,1
P434XUB7SI,113.53,23.1218,0,0,0,0,14-3-31 18:14:23,1
P434XUB7SI,113.53,23.1218,0,0,0,0,14-3-31 18:15:50,1
P434XUB7SI,113.53,23.1218,0,0,0,0,14-3-31 18:17:51,1
P434XUB7SI,113.53,23.1218,0,0,0,0,14-3-31 18:25:56,1
P434XUB7SI,113.53,23.1218,0,0,0,0,14-3-31 18:27:0,1
P434XUB7SI,113.53,23.1218,0,0,0,0,14-3-31 18:29:1,1
P434XUB7SI,113.53,23.1218,0,0,0,0,14-3-31 18:29:9,1
P434XUB7SI,113.53,23.1218,0,0,0,0,14-3-31 18:35:13,1
P434XUB7SI,113.53,23.1218,0,0,0,0,14-3-31 18:36:57,1
P434XUB7SI,113.53,23.1218,0,0,0,0,14-3-31 18:38:58,1
P434XUB7SI,113.53,23.1218,0,0,0,0,14-3-31 18:41:0,1
P434XUB7SI,113.53,23.1218,0,0,0,0,14-3-31 18:43:0,1
P434XUB7SI,113.53,23.1218,0,0,0,0,14-3-31 18:45:1,1
P434XUB7SI,113.53,23.1218,0,0,0,0,14-3-31 18:47:2,1
P434XUB7SI,113.53,23.1218,0,0,0,0,14-3-31 18:51:5,1
P434XUB7SI,113.53,23.1218,0,0,0,0,14-3-31 18:53:5,1
P434XUB7SI,113.53,23.1218,0,0,0,0,14-3-31 18:59:9,1
P434XUB7SI,113.53,23.1218,0,0,0,0,14-3-31 19:1:9,1
P434XUB7SI,113.53,23.1218,0,0,0,0,14-3-31 19:5:12,1
P434XUB7SI,113.53,23.1218,0,0,0,0,14-3-31 19:7:17,1
P434XUB7SI,113.53,23.1218,0,0,0,0,14-3-31 19:9:18,1
P434XUB7SI,113.53,23.1218,0,0,0,0,14-3-31 19:25:27,1
P434XUB7SI,113.53,23.1218,0,0,0,0,14-3-31 19:27:27,1
P434XUB7SI,113.53,23.1218,0,0,0,0,14-3-31 19:29:28,1
P434XUB7SI,113.53,23.1218,0,0,0,0,14-3-31 19:33:31,1
P434XUB7SI,113.53,23.1218,0,0,0,0,14-3-31 19:37:33,1
P434XUB7SI,113.53,23.1218,0,0,0,0,14-3-31 19:39:33,1
P434XUB7SI,113.53,23.1218,0,0,0,0,14-3-31 19:45:37,1
P434XUB7SI,113.53,23.1218,0,0,0,0,14-3-31 19:47:37,1
P434XUB7SI,113.53,23.1287,0,0,0,0,14-3-31 19:49:38,1
P434XUB7SI,113.528,23.1357,0,0,0,0,14-3-31 19:51:39,1
P434XUB7SI,113.526,23.139,0,0,0,0,14-3-31 19:53:40,1
P434XUB7SI,113.524,23.1427,0,0,0,0,14-3-31 19:55:41,1
P434XUB7SI,113.524,23.1427,0,0,0,0,14-3-31 19:57:42,0
P434XUB7SI,113.503,23.1475,0,0,0,0,14-3-31 19:59:43,1
P434XUB7SI,113.476,23.1551,0,0,0,0,14-3-31 20:1:44,1
P434XUB7SI,113.476,23.1551,0,0,0,0,14-3-31 20:3:45,0
P434XUB7SI,113.476,23.1551,0,0,0,0,14-3-31 20:5:46,0
P434XUB7SI,113.413,23.1611,0,0,0,0,14-3-31 20:7:47,1
P434XUB7SI,113.394,23.1542,0,0,0,0,14-3-31 20:9:49,1
P434XUB7SI,113.394,23.1542,0,0,0,0,14-3-31 20:11:49,0
P434XUB7SI,113.359,23.1664,0,0,0,0,14-3-31 20:13:50,1
P434XUB7SI,113.336,23.1731,0,0,0,0,14-3-31 20:15:51,1
P434XUB7SI,113.236,23.1685,0,0,0,0,14-3-31 20:25:48,1
P434XUB7SI,113.236,23.1685,0,0,0,0,14-3-31 20:27:49,0
P434XUB7SI,113.205,23.1663,0,0,0,0,14-3-31 20:29:50,1
P434XUB7SI,113.19,23.1556,0,0,0,0,14-3-31 20:31:51,1
P434XUB7SI,113.175,23.1467,0,0,0,0,14-3-31 20:35:54,1
P434XUB7SI,113.149,23.1394,0,0,0,0,14-3-31 20:37:54,1
P434XUB7SI,113.131,23.1307,0,0,0,0,14-3-31 20:39:55,1
P434XUB7SI,113.131,23.1307,0,0,0,0,14-3-31 20:41:56,0
P434XUB7SI,113.131,23.1307,0,0,0,0,14-3-31 20:43:57,0
P434XUB7SI,113.131,23.1307,0,0,0,0,14-3-31 20:45:58,0
P434XUB7SI,113.079,23.0565,0,0,0,0,14-3-31 20:47:59,1
P434XUB7SI,113.079,23.0565,0,0,0,0,14-3-31 20:50:0,0
P434XUB7SI,113.053,23.0202,0,0,0,0,14-3-31 20:52:1,1
P434XUB7SI,113.053,23.0202,0,0,0,0,14-3-31 20:54:2,0
P434XUB7SI,113.053,23.0202,0,0,0,0,14-3-31 20:56:3,0
P434XUB7SI,113.031,22.9549,0,0,0,0,14-3-31 20:58:4,1
P434XUB7SI,113.033,22.9312,0,0,0,0,14-3-31 21:0:5,1
P434XUB7SI,113.029,22.9055,0,0,0,0,14-3-31 21:2:6,1
P434XUB7SI,113.028,22.8809,0,0,0,0,14-3-31 21:4:7,1
P434XUB7SI,113.028,22.8809,0,0,0,0,14-3-31 21:15:8,0
P434XUB7SI,112.99,22.7467,0,0,0,0,14-3-31 21:17:7,1
P434XUB7SI,112.986,22.7246,0,0,0,0,14-3-31 21:19:9,1
P434XUB7SI,112.979,22.7037,0,0,0,0,14-3-31 21:21:10,1
P434XUB7SI,112.968,22.6857,0,0,0,0,14-3-31 21:23:11,1
P434XUB7SI,112.954,22.6772,0,0,0,0,14-3-31 21:25:12,1
P434XUB7SI,112.925,22.6629,0,0,0,0,14-3-31 21:27:13,1
P434XUB7SI,112.913,22.6518,0,0,0,0,14-3-31 21:29:14,1
P434XUB7SI,112.905,22.633,0,0,0,0,14-3-31 21:31:15,1
P434XUB7SI,112.898,22.6197,0,0,0,0,14-3-31 21:33:16,1
P434XUB7SI,112.875,22.5856,0,0,0,0,14-3-31 21:35:17,1
P434XUB7SI,112.877,22.5702,0,0,0,0,14-3-31 21:37:18,1
P434XUB7SI,112.862,22.5677,0,0,0,0,14-3-31 21:39:19,1
P434XUB7SI,112.855,22.5314,0,0,0,0,14-3-31 21:41:21,1
P434XUB7SI,112.843,22.514,0,0,0,0,14-3-31 21:43:22,1
P434XUB7SI,112.855,22.5314,0,0,0,0,14-3-31 21:45:23,0
P434XUB7SI,112.8,22.4906,0,0,0,0,14-3-31 21:47:24,1
P434XUB7SI,112.793,22.4871,0,0,0,0,14-3-31 21:49:25,1
P434XUB7SI,112.793,22.4871,0,0,0,0,14-3-31 21:51:26,0
P434XUB7SI,112.746,22.4658,0,0,0,0,14-3-31 21:53:27,1
P434XUB7SI,112.72,22.4635,0,0,0,0,14-3-31 21:55:29,1
P434XUB7SI,112.699,22.4641,0,0,0,0,14-3-31 21:57:29,1
P434XUB7SI,112.683,22.457,0,0,0,0,14-3-31 21:59:30,1
P434XUB7SI,112.683,22.457,0,0,0,0,14-3-31 22:2:3,0
P434XUB7SI,112.683,22.457,0,0,0,0,14-3-31 22:4:4,0
P434XUB7SI,112.683,22.457,0,0,0,0,14-3-31 22:6:6,1
P434XUB7SI,112.683,22.457,0,0,0,0,14-3-31 22:8:35,0
P434XUB7SI,112.683,22.457,0,0,0,0,14-3-31 22:10:36,0
P434XUB7SI,112.683,22.457,0,0,0,0,14-3-31 22:12:24,0
P434XUB7SI,112.683,22.457,0,0,0,0,14-3-31 22:16:26,0
P434XUB7SI,112.683,22.457,0,0,0,0,14-3-31 22:20:29,1
P434XUB7SI,112.683,22.457,0,0,0,0,14-3-31 22:22:29,0
P434XUB7SI,112.683,22.457,0,0,0,0,14-3-31 22:24:30,0
P434XUB7SI,112.683,22.457,0,0,0,0,14-3-31 22:26:44,1
P434XUB7SI,112.683,22.457,0,0,0,0,14-3-31 22:28:45,1
P434XUB7SI,112.683,22.457,0,0,0,0,14-3-31 22:31:8,0
P434XUB7SI,112.683,22.457,0,0,0,0,14-3-31 22:33:9,0
P434XUB7SI,112.669,22.4483,0,0,0,0,14-3-31 22:35:10,1
P434XUB7SI,112.615,22.4313,0,0,0,0,14-3-31 22:39:12,1
P434XUB7SI,112.61,22.4287,0,0,0,0,14-3-31 22:41:14,1
P434XUB7SI,112.591,22.3982,0,0,0,0,14-3-31 22:43:14,1
P434XUB7SI,112.558,22.386,0,0,0,0,14-3-31 22:45:16,1
P434XUB7SI,112.558,22.386,0,0,0,0,14-3-31 22:47:17,1
P434XUB7SI,112.558,22.386,0,0,0,0,14-3-31 22:49:18,0
P434XUB7SI,112.558,22.386,0,0,0,0,14-3-31 22:51:19,0
P434XUB7SI,112.558,22.386,0,0,0,0,14-3-31 22:53:20,0
P434XUB7SI,112.457,22.3514,0,0,0,0,14-3-31 22:55:21,1
P434XUB7SI,112.441,22.3471,0,0,0,0,14-3-31 22:57:38,1
P434XUB7SI,112.427,22.3432,0,0,0,0,14-3-31 22:59:33,1
P434XUB7SI,112.409,22.3294,0,0,0,0,14-3-31 23:1:34,1
P434XUB7SI,112.39,22.3141,0,0,0,0,14-3-31 23:3:36,1
P434XUB7SI,112.377,22.3065,0,0,0,0,14-3-31 23:5:37,1
P434XUB7SI,112.343,22.2875,0,0,0,0,14-3-31 23:7:40,1
P434XUB7SI,112.343,22.2875,0,0,0,0,14-3-31 23:9:41,1
P434XUB7SI,112.323,22.2676,0,0,0,0,14-3-31 23:11:42,1
P434XUB7SI,112.309,22.2521,0,0,0,0,14-3-31 23:13:43,1
P434XUB7SI,112.294,22.2267,0,0,0,0,14-3-31 23:15:44,1
P434XUB7SI,112.287,22.217,0,0,0,0,14-3-31 23:17:45,1
P434XUB7SI,112.27,22.1903,0,0,0,0,14-3-31 23:19:46,1
P434XUB7SI,112.263,22.1524,0,0,0,0,14-3-31 23:22:2,1
P434XUB7SI,112.255,22.1394,0,0,0,0,14-3-31 23:24:3,1
P434XUB7SI,112.255,22.1394,0,0,0,0,14-3-31 23:26:3,1
P434XUB7SI,112.225,22.1109,0,0,0,0,14-3-31 23:28:4,1
P434XUB7SI,112.217,22.098,0,0,0,0,14-3-31 23:30:5,1
P434XUB7SI,112.216,22.0755,0,0,0,0,14-3-31 23:30:53,1
P434XUB7SI,112.216,22.0755,0,0,0,0,14-3-31 23:31:4,1
P434XUB7SI,112.216,22.0755,0,0,0,0,14-3-31 23:35:6,0
P434XUB7SI,112.216,22.0755,0,0,0,0,14-3-31 23:37:7,0
P434XUB7SI,112.216,22.0755,0,0,0,0,14-3-31 23:39:8,0
P434XUB7SI,112.216,22.0755,0,0,0,0,14-3-31 23:41:9,0
P434XUB7SI,112.216,22.0755,0,0,0,0,14-3-31 23:43:59,0
P434XUB7SI,112.216,22.0755,0,0,0,0,14-3-31 23:44:47,0
P434XUB7SI,112.216,22.0755,0,0,0,0,14-3-31 23:44:52,0
P434XUB7SI,112.216,22.0755,0,0,0,0,14-3-31 23:45:2,0
P434XUB7SI,112.216,22.0755,0,0,0,0,14-3-31 23:47:3,0
P434XUB7SI,112.058,21.9479,0,0,0,0,14-3-31 23:49:4,1
P434XUB7SI,112.031,21.9328,0,0,0,0,14-3-31 23:51:5,1
P434XUB7SI,112.031,21.9328,0,0,0,0,14-3-31 23:53:6,1
P434XUB7SI,111.987,21.923,0,0,0,0,14-3-31 23:55:7,1
P434XUB7SI,111.96,21.9085,0,0,0,0,14-3-31 23:57:8,1
P434XUB7SI,111.922,21.9006,0,0,0,0,14-3-31 23:59:9,1
