Number of Day Stable points with no clusters: 496

Cluster 1- Mean :[ 116.75209945   28.96277429]- Number of Points in Cluster :2532

Cluster 2- Mean :[ 106.33023077   29.54839846]- Number of Points in Cluster :65

Cluster 3- Mean :[ 113.35542923   23.67399536]- Number of Points in Cluster :431

Cluster 4- Mean :[ 116.56426237   38.69226817]- Number of Points in Cluster :465

Cluster 5- Mean :[ 111.33647222   26.901825  ]- Number of Points in Cluster :72

Cluster 6- Mean :[ 109.5055   30.2737]- Number of Points in Cluster :18

Cluster 7- Mean :[ 116.85386275   38.06887941]- Number of Points in Cluster :102

Cluster 8- Mean :[ 108.50073684   30.44312632]- Number of Points in Cluster :19

Cluster 9- Mean :[ 106.98742381   31.1970781 ]- Number of Points in Cluster :210

Cluster 10- Mean :[ 117.82325     32.4687869]- Number of Points in Cluster :84

Cluster 11- Mean :[ 121.48368932   34.83406117]- Number of Points in Cluster :103

Cluster 12- Mean :[ 114.41612    37.899044]- Number of Points in Cluster :50

Cluster 13- Mean :[ 119.78104545   32.97634545]- Number of Points in Cluster :22

Cluster 14- Mean :[ 111.80742308   31.05934615]- Number of Points in Cluster :26

Cluster 15- Mean :[ 107.85525581   28.99528488]- Number of Points in Cluster :86

Cluster 16- Mean :[ 117.29731429   37.11169143]- Number of Points in Cluster :70

Cluster 17- Mean :[ 119.38981818   29.49732727]- Number of Points in Cluster :11

Cluster 18- Mean :[ 115.45881714   32.29783619]- Number of Points in Cluster :105

Cluster 19- Mean :[ 114.80066429   32.33950408]- Number of Points in Cluster :98

Cluster 20- Mean :[ 117.53003333   34.29734912]- Number of Points in Cluster :57

Cluster 21- Mean :[ 114.15690909   31.6818    ]- Number of Points in Cluster :11

Cluster 22- Mean :[ 123.27036364   41.78309091]- Number of Points in Cluster :11

Cluster 23- Mean :[ 111.781        40.48055833]- Number of Points in Cluster :24

Cluster 24- Mean :[ 103.41559048   36.70660476]- Number of Points in Cluster :21

Cluster 25- Mean :[ 115.11535294   28.78112941]- Number of Points in Cluster :17

Cluster 26- Mean :[ 124.43305556   42.14043889]- Number of Points in Cluster :18

Cluster 27- Mean :[ 106.55509091   31.50914545]- Number of Points in Cluster :22

Cluster 28- Mean :[ 115.23052    29.786636]- Number of Points in Cluster :25

Cluster 29- Mean :[ 117.9426    34.10229]- Number of Points in Cluster :10

Cluster 30- Mean :[ 107.152225   32.26995 ]- Number of Points in Cluster :8

Cluster 31- Mean :[ 113.03419048   33.3248    ]- Number of Points in Cluster :21

Cluster 32- Mean :[ 106.3212     34.537308]- Number of Points in Cluster :25

Cluster 33- Mean :[ 113.77157143   34.85082857]- Number of Points in Cluster :14

Cluster 34- Mean :[ 110.8393    33.97833]- Number of Points in Cluster :10

Cluster 35- Mean :[ 104.748125   36.5997  ]- Number of Points in Cluster :4

Cluster 36- Mean :[ 118.76372727   34.05440909]- Number of Points in Cluster :11

Cluster 37- Mean :[ 114.5117    33.78078]- Number of Points in Cluster :10

Cluster 38- Mean :[ 114.74245455   36.24894545]- Number of Points in Cluster :11

Cluster 39- Mean :[ 106.96854545   33.33403636]- Number of Points in Cluster :11

Cluster 40- Mean :[ 116.679875    32.4085875]- Number of Points in Cluster :8

Cluster 41- Mean :[ 116.80691667   34.870325  ]- Number of Points in Cluster :12

Cluster 42- Mean :[ 114.314    33.5795]- Number of Points in Cluster :1

